Train 694 samples in approximately 4322 epochs
Finished computation graph
[0 0 0 1 0 1 0 1 0 1 0 0 1 0 0 0 0 1 0 1 0 0 0 0 1 1 0 1 0 1 0 0 0 0 1 0 0
 0 1 0 0 0 1 1 1 0 1 0 1 1 0 0 0 0 1 1 1 0 1 0 1 0 0 1 1 1 1 1 1 0 0 1 1 0
 1 0 0 1 1 1 1 1 1 0 1 0 0 1 0 1 0 1 1 0 0 0 1 0 1 0]
At     1/30000: COST 0.716/0.687(0.694) -- Acc 0.450/0.590(0.009)
[1 1 1 1 1 1 1 1 1 1 1 1 1 1 1 1 1 1 1 1 1 1 1 1 1 1 1 1 1 1 1 1 1 1 1 1 1
 1 1 1 1 1 1 1 1 1 1 1 1 1 1 1 1 1 1 1 1 1 1 1 1 1 1 1 1 1 1 1 1 1 1 1 1 1
 1 1 1 1 1 1 1 1 1 1 1 1 1 1 1 1 1 1 1 1 1 1 1 1 1 1]
At   101/30000: COST 0.691/0.695(0.694) -- Acc 0.540/0.490(0.335)
[1 1 1 1 1 1 1 1 1 1 1 1 1 1 1 1 1 1 1 1 1 1 1 1 1 1 1 1 1 1 1 1 1 1 1 1 1
 1 1 1 1 1 1 1 1 1 1 1 1 1 1 1 1 1 1 1 1 1 1 1 1 1 1 1 1 1 1 1 1 1 1 1 1 1
 1 1 1 1 1 1 1 1 1 1 1 1 1 1 1 1 1 1 1 1 1 1 1 1 1 1]
At   201/30000: COST 0.693/0.703(0.692) -- Acc 0.540/0.490(0.462)
[1 1 1 1 1 1 1 1 1 1 1 1 1 1 1 1 1 1 1 1 1 1 1 1 1 1 1 1 1 1 1 1 1 1 1 1 1
 1 1 1 1 1 1 1 1 1 1 1 1 1 1 1 1 1 1 1 1 1 1 1 1 1 1 1 1 1 1 1 1 1 1 1 1 1
 1 1 1 1 1 1 1 1 1 1 1 1 1 1 1 1 1 1 1 1 1 1 1 1 1 1]
At   301/30000: COST 0.697/0.715(0.691) -- Acc 0.490/0.490(0.508)
[1 1 1 0 0 1 1 1 1 0 1 1 1 1 1 0 0 1 0 1 1 1 0 1 1 1 1 0 1 1 0 0 1 1 0 0 1
 1 0 1 0 0 0 0 0 0 1 0 0 1 0 1 1 0 1 0 1 1 1 1 1 0 1 1 1 1 1 1 0 1 0 1 1 1
 0 0 0 0 1 1 0 1 0 1 1 0 0 1 1 1 0 1 1 0 1 1 1 1 1 0]
At   401/30000: COST 0.710/0.730(0.687) -- Acc 0.580/0.430(0.532)
[1 1 1 1 1 1 1 1 1 1 1 1 1 1 0 1 1 1 1 1 1 1 1 1 1 1 1 1 1 1 1 1 1 1 1 1 1
 1 1 1 1 1 1 1 1 1 1 1 1 1 1 1 1 1 1 0 0 1 1 1 1 1 1 1 1 1 1 1 1 1 1 1 1 0
 1 1 1 1 1 1 1 1 1 1 1 1 1 1 1 1 1 1 1 1 1 1 1 1 1 1]
At   501/30000: COST 0.680/0.734(0.684) -- Acc 0.580/0.510(0.546)
[1 1 1 0 0 1 1 1 1 1 1 0 1 1 1 1 0 1 0 1 0 1 0 1 1 0 1 1 1 1 0 1 0 0 1 1 0
 0 1 1 1 0 1 0 1 1 0 1 1 0 0 1 1 0 0 0 1 0 1 1 0 0 1 1 0 1 1 1 1 1 0 1 1 0
 1 1 1 0 1 0 1 1 0 1 0 1 1 1 1 1 1 1 1 1 0 1 0 1 1 0]
At   601/30000: COST 0.691/0.788(0.680) -- Acc 0.590/0.510(0.558)
[0 0 1 1 0 0 1 0 1 1 1 1 1 1 1 0 1 0 1 1 1 0 1 1 0 1 1 1 1 1 1 1 1 0 1 1 1
 1 1 1 1 0 1 1 1 1 0 1 1 0 1 1 1 0 1 1 1 1 1 1 1 0 1 0 1 1 1 1 1 0 1 0 0 1
 1 1 1 1 1 1 1 0 1 1 1 0 1 1 1 1 1 0 1 0 1 1 1 1 1 1]
At   701/30000: COST 0.644/0.825(0.671) -- Acc 0.610/0.460(0.578)
[1 0 1 0 1 0 0 1 1 0 1 1 1 1 1 1 1 1 1 1 1 1 0 1 0 1 0 1 1 0 1 1 0 0 1 1 0
 0 0 0 1 1 1 1 0 1 1 1 1 1 1 0 0 1 0 1 0 1 1 1 0 0 1 0 0 0 1 0 0 0 0 0 1 0
 1 0 1 0 1 1 0 1 1 0 1 1 1 1 0 1 0 1 1 1 1 0 1 1 1 0]
At   801/30000: COST 0.674/0.811(0.663) -- Acc 0.550/0.540(0.597)
[1 1 0 0 1 1 0 0 1 1 1 1 1 1 1 1 0 1 0 1 1 0 1 1 0 0 0 0 1 0 0 1 1 1 1 1 0
 1 0 1 1 0 1 1 1 1 0 0 1 0 0 0 0 1 0 1 1 0 0 0 0 0 0 0 1 0 0 1 0 0 0 0 1 1
 1 1 1 1 1 1 0 0 1 1 1 0 1 0 1 1 1 0 1 1 0 0 0 1 0 1]
At   901/30000: COST 0.652/0.830(0.648) -- Acc 0.660/0.520(0.616)
[0 0 0 0 1 0 1 0 1 0 1 1 0 1 1 1 1 0 1 0 0 0 0 0 0 1 1 0 1 0 0 1 1 0 1 1 0
 1 1 1 0 0 1 1 1 1 1 0 1 1 1 0 1 1 1 1 1 1 1 1 0 1 1 0 1 1 0 1 0 1 1 0 0 1
 1 1 1 1 0 1 1 1 1 0 1 1 0 0 1 1 0 1 1 0 1 1 1 0 1 0]
At  1001/30000: COST 0.656/1.152(0.642) -- Acc 0.640/0.490(0.626)
[0 1 1 1 0 0 1 1 0 1 1 1 1 1 1 1 0 0 1 1 0 1 1 1 1 1 0 1 1 0 1 0 1 0 0 1 1
 1 1 1 1 0 0 1 0 0 0 0 1 1 1 1 1 1 0 0 0 1 0 1 1 0 0 1 1 1 1 1 1 1 1 0 0 0
 0 1 1 0 1 1 0 0 1 1 0 1 1 0 1 1 1 0 1 1 0 1 1 1 1 0]
At  1101/30000: COST 0.600/1.001(0.634) -- Acc 0.690/0.450(0.637)
[1 1 1 0 0 0 1 0 0 1 0 0 0 1 0 1 0 1 0 1 0 1 0 0 0 0 1 1 0 1 0 0 1 1 0 1 1
 0 0 1 0 1 0 0 1 0 0 0 1 0 1 1 0 0 1 1 1 1 1 1 0 0 1 1 1 0 0 0 0 0 1 0 1 1
 0 1 1 0 1 1 1 1 1 1 1 1 1 0 1 1 1 0 0 1 1 1 0 0 0 1]
At  1201/30000: COST 0.576/1.051(0.624) -- Acc 0.700/0.500(0.648)
[1 1 1 1 0 0 0 1 1 0 0 0 0 1 0 1 1 1 1 1 1 1 0 1 0 0 0 1 1 0 0 1 1 0 1 0 1
 0 1 1 0 1 1 0 0 1 1 0 0 1 1 1 1 0 1 1 1 1 0 1 1 1 1 1 1 1 0 1 0 1 0 0 0 0
 0 1 1 1 1 0 1 0 1 1 1 0 0 1 1 0 1 1 1 0 1 1 1 0 1 1]
At  1301/30000: COST 0.652/1.231(0.609) -- Acc 0.580/0.550(0.662)
[1 1 1 1 0 1 1 0 1 0 1 1 1 0 1 1 0 1 1 1 1 1 0 1 1 1 1 1 1 1 0 0 0 1 1 1 0
 1 1 0 1 1 0 0 1 1 1 1 0 0 1 0 1 1 1 0 0 1 1 1 1 0 1 1 0 1 0 1 1 1 1 0 0 1
 0 1 1 1 0 1 1 1 0 1 1 1 1 1 0 1 1 1 1 0 0 1 1 1 1 0]
At  1401/30000: COST 0.603/1.541(0.595) -- Acc 0.720/0.510(0.674)
[1 1 1 0 0 1 0 1 1 1 1 1 0 1 1 1 1 1 1 1 1 1 0 0 1 1 0 0 0 1 1 0 1 1 1 1 1
 1 1 1 1 0 1 0 1 0 0 0 0 1 1 1 1 1 1 1 0 1 1 1 1 1 1 1 0 1 1 1 1 1 1 1 1 0
 0 0 0 1 0 0 0 1 1 1 1 1 1 1 0 1 1 1 0 1 1 1 1 1 1 1]
At  1501/30000: COST 0.540/1.403(0.585) -- Acc 0.760/0.500(0.678)
[1 0 1 1 1 1 1 0 0 1 0 1 0 1 0 0 0 0 1 1 1 0 0 1 0 1 1 1 0 0 0 1 0 1 1 1 0
 1 0 0 1 0 1 0 1 1 1 1 1 1 1 0 1 1 0 0 1 1 1 1 0 0 1 1 0 1 0 1 1 0 1 1 0 1
 0 1 1 1 1 1 1 1 0 1 0 1 0 1 0 0 1 1 1 1 1 1 1 0 1 0]
At  1601/30000: COST 0.569/1.513(0.574) -- Acc 0.710/0.510(0.691)
[0 0 0 1 0 0 1 1 0 1 1 1 0 1 0 1 1 1 1 1 1 1 1 1 1 1 1 0 1 0 1 0 0 0 1 0 0
 1 1 1 1 1 1 1 1 1 0 0 1 0 0 1 1 1 1 1 1 1 1 0 0 0 1 0 0 1 1 1 1 1 1 1 1 1
 0 1 1 0 1 0 1 1 0 1 1 1 0 1 1 0 1 1 1 0 1 1 1 0 0 1]
At  1701/30000: COST 0.505/1.584(0.558) -- Acc 0.750/0.480(0.701)
[1 1 1 1 1 1 0 0 1 1 0 0 1 1 0 1 0 1 1 1 0 1 1 1 0 1 0 1 1 0 1 0 0 1 1 0 0
 1 1 1 1 0 0 0 0 0 1 1 1 0 1 0 1 1 0 1 1 0 0 1 1 0 1 0 1 0 0 1 0 1 1 1 0 1
 1 0 1 1 0 1 1 1 1 0 0 1 0 1 1 0 1 1 1 1 0 0 1 1 1 0]
At  1801/30000: COST 0.633/1.554(0.545) -- Acc 0.680/0.480(0.713)
[1 1 1 0 1 0 1 0 1 0 0 1 1 1 0 1 0 1 1 1 1 0 1 0 1 1 1 1 0 0 1 1 1 1 1 0 0
 1 0 0 0 1 0 0 1 1 0 1 0 0 1 1 0 1 1 1 1 1 1 0 1 0 0 0 0 0 1 1 0 1 0 1 0 1
 0 1 1 1 1 0 0 1 1 1 1 0 0 1 1 1 1 0 1 1 1 1 0 0 1 0]
At  1901/30000: COST 0.515/1.607(0.536) -- Acc 0.770/0.530(0.721)
[1 0 1 0 1 1 0 1 1 1 0 1 1 1 1 0 1 1 0 1 1 1 1 0 1 1 1 1 1 1 0 0 1 1 0 1 1
 1 0 1 1 1 1 1 1 1 1 1 1 0 1 1 0 0 0 1 0 0 1 0 1 0 1 0 1 1 1 1 1 1 1 1 0 1
 0 1 1 1 0 0 0 0 0 0 1 1 1 0 1 0 0 0 0 1 1 0 1 0 0 0]
At  2001/30000: COST 0.549/1.839(0.525) -- Acc 0.720/0.500(0.734)
[0 1 1 0 1 1 1 0 1 0 1 1 1 1 1 0 1 0 1 1 1 1 1 1 0 0 1 1 0 0 1 1 1 0 1 1 1
 1 1 1 1 0 1 1 1 1 1 1 1 1 1 0 0 0 1 1 1 0 0 1 1 0 0 1 1 1 1 0 1 1 0 0 1 0
 1 0 1 0 1 0 1 0 1 1 0 0 1 1 1 1 1 1 1 0 1 0 0 1 0 1]
At  2101/30000: COST 0.618/2.049(0.518) -- Acc 0.680/0.460(0.741)
[0 1 1 1 1 1 1 0 1 0 0 1 0 1 1 0 1 1 0 1 1 1 1 0 0 1 1 1 0 0 0 1 1 0 1 1 1
 1 1 1 1 0 1 0 1 1 1 1 0 0 1 1 0 1 1 1 1 1 0 0 0 1 0 1 0 0 0 1 1 0 0 1 1 1
 0 1 0 0 0 1 1 0 0 1 1 1 1 1 1 0 1 0 0 1 1 0 0 1 1 1]
At  2201/30000: COST 0.560/1.888(0.515) -- Acc 0.660/0.470(0.742)
[1 1 1 0 0 1 1 0 0 1 1 0 0 1 1 0 1 1 0 1 0 0 1 1 1 1 0 0 1 1 1 0 1 1 0 0 0
 1 1 0 1 0 0 0 1 0 0 0 1 0 1 1 0 1 1 0 1 0 1 1 0 0 0 1 1 1 0 1 0 1 1 1 0 1
 0 1 1 1 1 1 1 1 1 1 1 1 0 1 1 0 1 0 1 0 0 0 0 1 0 1]
At  2301/30000: COST 0.494/2.011(0.500) -- Acc 0.770/0.490(0.748)
[1 1 1 1 0 1 1 1 1 1 1 0 1 0 0 1 1 1 1 1 0 1 1 1 1 0 1 1 1 0 0 0 1 1 1 1 0
 1 1 1 1 0 1 0 1 1 1 1 0 0 1 0 0 1 1 0 0 0 1 1 1 1 0 0 0 0 1 1 1 0 1 1 0 0
 0 1 1 1 1 1 0 1 0 0 1 1 1 0 1 0 1 1 1 0 1 0 1 1 0 0]
At  2401/30000: COST 0.385/2.411(0.494) -- Acc 0.800/0.530(0.755)
[0 1 0 1 1 0 0 1 1 1 0 0 0 1 1 0 1 1 0 1 1 1 0 1 0 1 1 0 0 0 1 1 0 1 1 1 1
 0 0 1 0 0 0 0 1 1 0 1 1 0 1 0 1 1 1 1 1 1 1 0 0 0 1 0 1 0 1 0 0 1 1 1 1 0
 1 1 0 0 0 0 0 1 1 1 0 1 1 1 0 1 1 1 0 1 0 1 1 1 0 0]
At  2501/30000: COST 0.457/2.156(0.463) -- Acc 0.810/0.480(0.777)
[0 0 1 1 1 0 1 0 1 1 1 0 0 0 0 1 1 0 0 1 1 1 0 1 1 0 0 0 1 0 1 0 1 0 1 1 0
 1 1 0 1 1 1 1 1 1 1 1 0 1 0 0 0 1 0 0 1 1 1 0 1 0 0 0 0 1 0 1 1 1 1 0 0 0
 0 1 1 1 0 1 1 1 0 0 1 1 0 1 1 1 0 1 0 1 1 1 0 1 0 1]
At  2601/30000: COST 0.551/2.658(0.453) -- Acc 0.740/0.460(0.780)
[0 1 1 1 1 1 0 0 1 1 0 1 1 1 0 0 0 0 0 0 1 1 0 0 1 1 0 1 0 0 0 1 0 0 0 1 1
 1 1 1 1 1 1 0 1 1 0 0 1 0 0 0 0 1 0 1 1 0 0 1 1 0 0 1 1 0 0 1 1 0 1 1 0 0
 0 1 0 1 0 1 1 1 1 0 0 1 1 1 1 1 0 0 1 0 1 0 1 1 0 0]
At  2701/30000: COST 0.357/2.479(0.455) -- Acc 0.890/0.440(0.781)
[0 0 0 0 1 1 1 0 1 1 1 0 1 1 1 1 0 1 0 1 1 1 0 1 0 1 1 1 1 0 0 1 0 1 0 1 1
 1 1 0 1 1 1 1 0 0 0 1 0 0 1 0 1 0 0 0 1 0 1 0 0 1 1 0 1 0 0 1 1 1 1 1 1 1
 0 1 1 1 0 1 0 0 1 0 0 0 1 1 1 1 1 0 0 0 1 1 1 1 0 1]
At  2801/30000: COST 0.414/2.728(0.446) -- Acc 0.810/0.460(0.788)
[0 1 1 0 1 1 1 0 0 1 0 1 1 1 0 0 0 0 0 1 1 0 0 1 1 0 1 0 0 0 1 1 1 1 0 0 0
 1 1 1 0 0 0 0 1 0 1 1 1 0 1 0 1 0 1 1 1 1 0 1 1 0 1 1 0 0 1 0 1 0 0 1 1 0
 1 1 1 0 1 1 1 1 1 1 0 1 1 1 0 0 1 1 0 0 1 1 0 0 1 1]
At  2901/30000: COST 0.472/2.326(0.454) -- Acc 0.750/0.480(0.781)
[1 1 0 1 1 1 0 1 0 1 0 1 0 1 1 1 1 1 1 1 0 1 0 1 1 1 1 0 1 0 1 1 0 0 0 1 1
 1 1 1 0 1 1 0 1 1 1 1 0 1 0 0 1 0 0 0 1 0 0 1 1 1 0 0 1 0 1 1 1 0 0 1 0 1
 0 1 0 1 1 0 1 0 1 0 1 1 0 1 1 0 1 0 0 0 1 1 0 1 1 1]
At  3001/30000: COST 0.442/2.525(0.445) -- Acc 0.760/0.480(0.787)
[0 1 1 0 0 1 1 0 1 0 0 1 1 1 0 1 0 0 0 1 1 1 1 1 1 0 1 0 1 0 0 1 0 1 0 1 1
 1 0 1 1 0 1 1 0 1 1 1 0 1 0 0 1 1 0 0 1 1 1 0 0 1 0 0 1 1 1 1 1 1 1 1 0 0
 0 0 1 0 0 1 0 1 0 1 0 1 0 1 1 1 1 0 1 1 0 0 0 1 1 0]
At  3101/30000: COST 0.469/2.893(0.421) -- Acc 0.740/0.500(0.800)
[1 1 0 1 0 0 1 1 0 0 0 0 0 0 1 1 1 0 1 1 0 0 0 1 0 1 1 0 1 1 0 1 1 1 0 1 1
 1 1 1 0 1 0 1 0 0 0 1 0 1 1 1 1 0 1 1 0 1 0 1 1 1 1 1 1 1 0 0 0 0 0 0 1 0
 1 0 1 1 1 1 1 1 1 0 1 1 1 0 1 1 0 0 0 0 0 0 1 1 1 1]
At  3201/30000: COST 0.469/2.779(0.420) -- Acc 0.790/0.490(0.803)
[1 0 0 1 1 0 0 1 1 0 0 0 1 1 1 0 1 0 1 1 0 1 1 1 1 1 0 1 1 0 1 0 1 1 1 0 1
 0 0 0 0 1 1 1 1 0 0 1 0 1 0 0 0 0 0 0 0 1 1 1 0 1 0 1 1 1 1 0 1 0 1 1 0 1
 1 1 0 1 0 0 1 1 1 1 0 1 1 0 0 0 0 0 1 1 1 1 1 1 1 1]
At  3301/30000: COST 0.349/2.574(0.412) -- Acc 0.880/0.450(0.809)
[0 0 1 1 1 1 1 0 0 0 1 0 1 1 0 0 0 1 1 0 1 0 0 1 1 1 1 1 0 0 1 1 0 0 0 0 1
 0 1 0 1 0 0 0 0 0 1 0 0 1 0 1 1 1 0 1 0 1 0 1 1 1 0 0 0 0 0 0 1 1 1 1 0 1
 1 1 1 1 1 1 1 0 1 0 1 1 0 1 0 0 1 1 0 1 0 1 1 0 0 0]
At  3401/30000: COST 0.464/2.884(0.406) -- Acc 0.750/0.490(0.813)
[1 0 1 0 0 1 0 1 0 0 0 1 0 1 1 1 1 1 0 1 1 1 0 0 0 0 1 0 1 1 1 0 0 0 0 1 0
 1 0 1 1 1 1 1 1 0 1 1 0 1 0 1 0 0 0 0 1 1 1 1 1 1 1 1 1 1 0 1 1 1 0 1 0 1
 0 1 0 1 0 1 0 1 1 1 1 0 1 0 0 1 1 1 1 1 1 0 1 0 1 1]
At  3501/30000: COST 0.335/2.755(0.407) -- Acc 0.850/0.460(0.815)
[1 1 1 1 1 0 0 0 1 1 1 1 1 1 0 0 1 1 1 1 1 1 1 0 0 1 0 0 1 1 0 0 1 1 1 1 0
 0 1 0 0 0 0 1 1 0 1 0 0 1 1 1 0 0 0 0 1 0 1 0 0 1 1 1 0 1 1 0 0 1 0 1 0 1
 1 1 1 1 1 0 1 0 1 1 0 1 1 0 1 0 1 1 1 1 1 0 0 0 0 1]
At  3601/30000: COST 0.394/2.675(0.418) -- Acc 0.800/0.460(0.805)
[1 1 1 0 1 1 1 0 1 1 1 1 1 0 1 1 0 0 0 0 1 1 0 1 1 0 1 1 1 0 1 0 1 0 1 1 0
 0 1 1 1 1 1 1 1 0 0 1 1 0 1 1 1 0 1 0 1 1 1 0 1 0 1 1 1 1 0 1 0 1 1 0 1 1
 0 0 1 1 1 0 0 0 1 0 1 0 0 0 0 1 0 1 0 1 1 1 1 0 1 1]
At  3701/30000: COST 0.415/2.714(0.406) -- Acc 0.800/0.440(0.812)
[1 1 1 1 1 1 0 0 0 1 0 1 1 0 1 1 1 0 0 1 1 0 0 1 1 1 0 0 0 1 1 1 0 1 1 0 1
 0 1 1 1 1 1 0 1 1 1 1 0 1 1 1 1 0 1 1 1 0 0 0 0 0 1 1 0 1 1 0 0 1 1 1 0 1
 1 1 1 0 1 0 1 1 1 0 0 0 1 1 1 1 1 1 1 0 1 1 1 1 1 1]
At  3801/30000: COST 0.325/3.002(0.394) -- Acc 0.850/0.460(0.818)
[1 1 1 0 1 1 1 1 1 1 1 0 0 1 1 0 0 0 1 1 1 1 1 0 1 1 0 0 1 1 0 1 0 0 0 1 1
 0 1 1 1 1 1 0 0 1 0 1 1 1 0 0 1 1 0 0 0 1 0 0 1 1 1 1 1 1 1 0 1 1 0 0 1 1
 0 1 1 1 1 1 1 0 1 0 1 1 1 1 1 0 1 1 0 0 1 0 1 0 1 1]
At  3901/30000: COST 0.440/2.993(0.386) -- Acc 0.810/0.460(0.825)
[1 0 1 0 1 1 1 0 0 0 1 1 0 1 1 0 1 1 1 1 1 1 1 1 1 1 0 1 1 0 0 0 1 1 1 0 0
 0 0 1 0 0 1 1 1 0 1 1 0 0 1 1 1 0 1 1 0 1 0 0 1 1 1 0 1 1 1 1 1 0 0 0 1 1
 1 1 1 0 1 1 1 1 1 1 1 0 1 1 0 1 1 0 0 0 1 0 1 0 1 0]
At  4001/30000: COST 0.371/2.980(0.382) -- Acc 0.840/0.480(0.824)
[1 1 0 0 1 1 1 0 1 1 1 1 1 1 0 0 1 1 1 0 1 0 0 1 0 0 0 0 1 0 1 0 1 1 0 1 1
 1 0 0 0 0 0 1 1 0 1 0 0 1 0 1 1 1 1 0 1 1 1 0 1 1 1 1 1 0 1 0 1 1 1 1 0 0
 0 1 0 1 0 1 0 0 1 1 0 1 1 1 1 1 0 1 1 1 0 0 1 1 0 1]
At  4101/30000: COST 0.486/3.249(0.377) -- Acc 0.770/0.470(0.828)
[1 1 1 0 0 1 0 1 0 1 0 1 1 1 0 1 0 1 1 0 1 1 1 0 0 0 0 1 1 1 1 1 0 0 1 1 1
 0 0 1 0 0 1 0 0 1 1 1 1 0 1 1 0 0 1 1 1 0 1 1 1 0 0 1 0 1 1 1 0 1 1 1 1 0
 1 1 1 1 0 1 0 1 0 1 1 1 1 0 0 0 1 1 1 1 1 0 1 0 1 1]
At  4201/30000: COST 0.332/3.179(0.373) -- Acc 0.870/0.460(0.829)
[1 0 1 1 1 1 0 0 1 1 1 0 0 1 1 1 1 1 1 1 1 1 0 1 0 0 1 1 0 1 0 1 1 0 0 1 1
 0 1 1 0 0 1 1 0 1 1 0 0 1 0 1 0 0 1 1 1 0 1 1 0 0 0 1 0 0 1 1 0 1 0 1 0 1
 0 0 1 0 1 1 1 0 1 0 1 1 1 1 1 0 0 1 0 0 1 1 0 1 0 1]
At  4301/30000: COST 0.442/2.873(0.367) -- Acc 0.780/0.460(0.838)
[0 1 1 1 1 0 1 0 1 0 1 1 1 1 0 1 1 1 1 0 0 1 0 0 1 0 1 1 0 0 0 1 0 1 0 0 1
 1 1 1 0 0 0 0 0 0 1 1 1 1 0 0 1 1 0 1 0 1 0 1 1 0 1 0 1 1 0 1 1 0 1 0 1 1
 1 1 0 1 1 0 1 0 0 0 1 0 1 1 1 1 0 0 0 1 0 1 1 1 1 1]
At  4401/30000: COST 0.353/2.832(0.367) -- Acc 0.850/0.470(0.836)
[1 0 1 1 0 1 1 0 1 0 1 1 1 0 0 0 0 1 0 0 0 1 0 0 1 0 1 0 0 0 1 1 1 1 1 1 1
 0 1 0 0 1 0 1 0 0 1 1 0 1 0 1 1 1 0 1 0 1 0 0 1 1 0 1 1 0 1 0 1 1 1 1 0 1
 1 1 1 1 1 1 1 1 1 1 1 1 0 0 1 1 1 1 1 1 0 1 0 0 1 1]
At  4501/30000: COST 0.380/3.051(0.367) -- Acc 0.840/0.450(0.835)
[1 1 0 0 1 1 1 0 1 0 1 1 1 0 1 0 0 1 0 0 1 0 0 1 1 0 0 0 1 1 0 0 1 1 1 1 0
 1 0 0 0 0 0 1 0 1 0 1 1 1 0 0 0 1 1 1 0 1 1 1 1 0 0 0 0 1 1 1 0 0 1 1 0 0
 1 0 1 1 0 1 1 1 1 1 1 1 0 0 1 0 0 0 0 1 1 0 1 0 1 1]
At  4601/30000: COST 0.376/2.946(0.360) -- Acc 0.850/0.490(0.839)
[1 1 1 1 0 1 1 1 1 0 1 1 1 1 1 1 1 0 0 1 0 1 0 0 1 0 0 0 1 1 0 0 1 1 1 0 0
 0 1 1 1 0 1 1 0 1 0 0 1 0 0 1 1 1 1 1 1 1 0 1 1 0 1 0 0 0 1 1 0 1 1 1 0 0
 0 1 0 1 1 1 1 1 1 0 0 0 0 0 1 0 1 1 1 1 0 1 0 1 1 1]
At  4701/30000: COST 0.309/3.025(0.349) -- Acc 0.870/0.460(0.850)
[1 1 0 1 1 1 0 1 1 0 1 1 0 1 1 1 1 0 0 1 1 0 0 0 0 0 1 0 1 0 1 0 1 1 0 1 0
 1 0 1 0 1 0 1 1 0 1 1 1 0 0 1 1 0 0 1 1 1 0 1 0 0 1 1 0 1 1 0 1 1 1 1 0 0
 1 0 1 0 1 0 1 0 1 1 0 1 1 0 0 0 1 1 1 0 1 1 1 0 1 1]
At  4801/30000: COST 0.261/2.955(0.352) -- Acc 0.900/0.460(0.846)
[0 0 1 1 1 1 1 0 0 1 0 0 1 1 0 1 0 1 1 1 0 0 0 1 1 0 0 0 1 1 1 1 1 1 0 0 0
 1 1 1 1 1 1 1 0 0 0 0 1 0 1 1 1 1 1 0 1 1 0 1 1 1 0 1 0 0 1 1 0 0 1 0 0 1
 1 1 1 0 1 1 1 1 1 1 0 0 0 1 1 1 1 1 1 1 1 0 0 1 1 0]
At  4901/30000: COST 0.323/2.963(0.361) -- Acc 0.890/0.470(0.841)
[0 1 0 1 0 0 1 0 0 0 1 0 0 1 1 1 0 1 0 1 1 0 1 1 0 1 1 0 0 1 1 1 0 0 0 1 1
 0 1 1 1 1 0 1 0 1 1 0 1 0 1 1 1 0 1 1 1 1 1 1 1 1 1 1 1 0 1 1 1 0 1 0 1 1
 1 1 0 0 1 1 1 1 1 1 1 0 1 1 0 0 1 1 1 0 1 0 1 1 0 0]
At  5001/30000: COST 0.339/3.023(0.346) -- Acc 0.850/0.490(0.851)
[1 1 0 1 0 0 1 1 1 0 1 0 1 1 0 0 0 0 1 0 0 1 0 1 0 1 1 0 1 1 1 1 1 0 1 1 0
 1 1 1 0 1 1 1 0 1 1 1 1 0 1 1 0 1 1 0 1 1 1 1 1 1 1 1 0 1 1 0 0 0 1 0 1 1
 1 1 1 1 0 1 0 1 0 1 1 1 0 1 1 1 0 1 0 1 1 1 0 0 1 0]
At  5101/30000: COST 0.266/3.350(0.345) -- Acc 0.850/0.500(0.849)
[1 0 1 0 1 0 0 0 1 0 1 0 0 0 0 0 0 0 1 0 1 1 1 1 0 1 1 0 1 0 1 1 0 0 1 1 0
 1 1 0 1 1 1 1 0 1 0 1 1 1 1 0 1 0 0 1 0 0 1 1 0 1 0 1 1 1 1 1 1 1 0 1 1 1
 0 1 1 1 1 1 1 1 1 0 1 1 0 1 0 0 1 0 1 1 0 1 1 1 1 1]
At  5201/30000: COST 0.269/2.770(0.355) -- Acc 0.910/0.470(0.842)
[1 1 1 1 0 0 1 0 1 1 0 1 1 1 0 1 1 1 0 1 1 0 1 1 1 0 0 0 1 1 0 1 1 1 1 0 0
 1 1 1 1 1 1 1 0 1 1 0 0 0 1 1 1 0 0 0 1 1 1 0 1 1 0 1 0 0 0 1 1 1 0 0 0 1
 1 0 0 0 1 0 0 1 1 1 1 1 0 1 0 1 0 0 1 1 1 1 1 0 0 1]
At  5301/30000: COST 0.331/3.071(0.340) -- Acc 0.850/0.500(0.852)
[0 0 1 0 1 1 0 0 1 1 0 1 1 1 1 1 1 0 1 1 0 1 1 0 1 1 0 1 1 0 0 1 0 1 1 0 1
 0 0 1 0 1 1 0 0 1 1 1 1 1 0 1 1 0 1 1 0 1 0 0 1 0 1 0 0 1 1 1 1 1 0 1 0 0
 1 0 0 0 1 0 1 1 0 0 1 1 1 1 0 1 1 0 1 1 1 1 0 1 0 0]
At  5401/30000: COST 0.347/2.850(0.338) -- Acc 0.870/0.440(0.856)
[0 0 0 1 1 0 0 0 1 1 0 1 0 1 1 0 1 1 1 1 1 1 0 1 1 1 0 0 1 1 1 0 0 1 1 1 1
 0 1 1 1 0 0 1 1 0 0 1 0 1 0 0 1 1 1 1 0 1 1 1 1 0 1 0 1 0 0 1 0 1 1 1 0 0
 0 1 1 1 1 1 1 1 1 0 1 0 0 1 0 0 1 1 0 1 0 1 1 1 1 0]
At  5501/30000: COST 0.306/3.149(0.330) -- Acc 0.900/0.460(0.861)
[1 0 0 1 0 1 1 0 1 1 1 1 1 1 0 0 1 1 1 0 0 1 1 1 1 1 1 0 1 1 0 0 0 1 1 1 0
 1 1 1 0 1 1 1 1 0 0 1 0 0 0 1 0 1 1 1 1 1 0 0 0 1 1 0 1 1 1 0 1 1 1 0 1 1
 1 1 1 0 0 0 0 0 0 1 1 0 0 1 1 1 0 0 0 1 1 0 1 1 1 1]
At  5601/30000: COST 0.346/2.819(0.330) -- Acc 0.880/0.470(0.859)
[1 1 1 1 0 1 0 0 1 0 1 0 1 1 1 1 1 1 1 1 0 1 0 1 1 1 1 1 0 1 1 1 1 1 0 0 0
 1 0 1 1 1 0 1 1 1 0 0 0 1 0 0 0 0 0 0 1 0 1 1 1 0 1 1 1 0 1 0 1 1 1 1 1 1
 0 1 1 1 1 1 0 1 0 0 0 1 1 1 1 1 1 0 1 1 0 0 0 1 1 0]
At  5701/30000: COST 0.361/3.098(0.329) -- Acc 0.850/0.450(0.859)
[1 1 1 1 1 1 0 0 0 1 1 0 1 1 1 1 0 1 1 0 0 1 1 1 0 0 1 1 1 0 1 1 1 1 1 0 0
 0 0 0 1 1 1 1 1 1 0 1 1 0 1 0 0 1 1 1 0 0 0 1 1 1 1 0 1 1 1 1 0 1 1 0 1 1
 0 1 0 1 1 0 0 0 1 0 1 1 0 0 0 1 1 1 1 1 1 1 1 1 0 1]
At  5801/30000: COST 0.370/3.531(0.324) -- Acc 0.880/0.440(0.860)
[1 0 0 1 0 1 1 1 0 1 1 1 1 1 0 1 1 0 1 0 0 1 0 1 0 1 0 0 1 0 0 1 0 1 0 1 1
 0 1 0 1 1 1 1 1 1 1 1 0 1 0 1 1 1 0 1 1 0 1 1 1 0 0 0 0 1 1 0 0 0 1 1 1 0
 0 0 0 0 1 1 1 1 0 1 0 1 0 0 1 0 1 0 0 1 1 1 1 1 1 0]
At  5901/30000: COST 0.351/3.104(0.324) -- Acc 0.840/0.430(0.864)
[1 0 1 0 0 0 1 1 1 1 1 0 1 1 1 1 1 0 1 1 1 0 0 0 1 1 0 0 1 0 0 1 1 1 1 1 1
 1 0 1 1 0 1 1 1 1 0 1 0 1 0 1 1 1 1 0 0 0 1 0 0 1 1 1 1 1 1 0 1 1 1 1 1 1
 1 0 1 1 1 0 1 1 1 0 1 1 1 1 0 0 0 1 1 1 0 0 1 0 0 0]
At  6001/30000: COST 0.347/3.530(0.317) -- Acc 0.840/0.440(0.866)
[1 1 1 1 1 1 0 0 1 0 0 0 1 1 1 1 1 0 1 1 0 1 1 1 1 1 1 1 1 0 0 0 1 1 0 1 0
 0 1 0 0 1 1 1 1 0 1 0 0 1 1 1 0 1 0 1 1 1 1 0 1 1 1 0 1 0 0 0 1 1 1 0 1 0
 0 1 1 0 1 1 0 1 1 0 0 1 1 0 1 0 1 1 1 1 1 0 1 1 1 1]
At  6101/30000: COST 0.395/3.372(0.321) -- Acc 0.850/0.460(0.865)
[1 1 1 0 0 0 0 1 1 1 0 1 1 0 1 0 1 1 1 1 0 1 0 1 1 1 1 0 1 0 1 1 0 1 1 1 0
 0 0 1 1 0 1 1 0 0 1 0 1 0 0 1 0 0 1 1 0 1 0 1 1 1 1 0 1 1 1 1 1 1 1 1 1 1
 1 0 1 0 1 1 0 1 1 1 1 1 1 0 0 1 1 0 1 0 1 1 0 1 0 1]
At  6201/30000: COST 0.306/2.864(0.328) -- Acc 0.890/0.440(0.862)
[1 1 0 1 1 0 1 1 0 1 1 0 0 0 0 1 1 1 1 1 1 1 1 1 1 1 0 1 0 0 1 0 1 1 0 1 0
 1 1 0 1 1 0 0 0 1 1 1 0 1 0 1 1 0 1 0 0 1 0 1 1 1 0 1 0 0 0 1 1 1 1 1 0 1
 1 1 0 1 1 1 1 0 0 1 0 1 1 1 1 1 0 0 0 1 1 1 1 1 0 1]
At  6301/30000: COST 0.290/3.218(0.311) -- Acc 0.890/0.450(0.873)
[1 0 1 1 0 1 1 1 0 0 0 1 0 1 0 1 1 0 1 1 1 0 1 1 0 0 1 1 1 1 0 0 0 1 0 0 0
 1 1 1 1 1 0 0 0 1 1 1 1 1 1 0 1 1 0 1 1 0 1 1 1 0 1 0 1 0 0 0 0 1 1 0 1 0
 1 1 0 1 1 1 1 0 0 1 1 1 1 0 1 1 1 0 0 0 1 1 1 1 1 0]
At  6401/30000: COST 0.341/3.266(0.316) -- Acc 0.830/0.460(0.868)
[1 1 0 1 0 1 0 1 1 0 0 0 1 1 0 1 0 1 1 0 0 1 1 1 1 1 1 1 0 1 1 1 1 1 1 1 1
 0 1 1 1 0 1 0 1 1 1 0 1 0 0 1 1 0 1 1 0 1 1 1 0 0 1 0 0 0 1 1 1 1 0 1 1 1
 1 0 1 0 1 1 0 1 1 0 0 0 0 1 1 1 1 0 1 1 1 1 1 1 1 1]
At  6501/30000: COST 0.359/3.438(0.308) -- Acc 0.900/0.440(0.872)
[0 1 0 1 1 1 0 0 0 1 0 0 0 1 1 0 1 0 0 1 1 1 0 1 1 0 1 0 0 1 1 1 1 1 1 1 1
 0 1 0 0 1 0 1 1 0 1 1 0 0 1 0 1 0 0 1 1 1 0 0 1 1 1 1 1 0 1 1 1 1 1 0 0 1
 0 1 1 1 0 0 1 1 1 0 1 1 0 1 1 1 0 1 1 1 1 0 1 1 1 1]
At  6601/30000: COST 0.264/3.495(0.301) -- Acc 0.880/0.480(0.874)
[1 0 1 1 0 1 1 0 1 0 1 0 1 1 1 0 1 0 1 0 0 1 1 0 1 0 1 1 1 1 0 1 1 0 1 1 0
 0 1 1 1 0 1 1 1 0 0 0 1 1 1 0 0 1 1 0 1 1 0 1 1 0 1 0 0 1 1 1 1 1 1 1 1 1
 0 1 0 0 1 1 1 1 1 1 0 0 0 1 1 1 0 0 1 1 1 1 0 1 1 0]
At  6701/30000: COST 0.315/3.312(0.309) -- Acc 0.860/0.450(0.873)
[1 0 1 1 0 1 1 1 1 0 0 1 1 1 1 1 1 1 1 1 1 1 0 1 1 1 0 1 0 1 0 0 1 1 0 1 1
 1 1 0 1 1 1 0 0 0 1 1 1 1 1 0 0 1 1 0 1 1 1 1 1 0 0 1 0 1 1 1 1 0 0 0 0 1
 0 1 1 1 0 1 1 1 0 1 1 1 1 1 1 0 0 0 1 1 1 1 0 0 1 0]
At  6801/30000: COST 0.479/3.764(0.303) -- Acc 0.830/0.420(0.875)
[1 1 0 1 0 1 0 1 1 0 0 1 1 1 1 0 0 1 1 1 1 1 0 0 0 0 1 0 0 1 0 1 1 0 1 0 1
 1 1 0 0 1 1 0 1 1 1 0 0 1 1 0 0 0 1 1 1 0 0 0 0 1 1 1 1 1 1 0 1 0 1 0 0 1
 1 1 1 0 0 0 1 1 1 1 1 0 1 1 1 1 0 1 0 1 1 1 0 1 1 1]
At  6901/30000: COST 0.268/3.330(0.305) -- Acc 0.920/0.480(0.875)
[1 1 0 0 0 0 0 1 1 1 0 0 1 0 1 1 1 0 0 0 0 1 0 1 1 1 1 1 1 0 1 0 0 1 0 1 1
 1 0 1 0 0 1 0 1 0 1 1 1 0 0 1 1 1 1 1 1 1 1 0 1 0 0 1 1 0 0 0 1 1 0 0 1 0
 1 0 1 1 1 1 1 1 0 0 0 1 1 1 0 1 0 0 1 1 1 0 0 1 0 0]
At  7001/30000: COST 0.347/3.400(0.306) -- Acc 0.870/0.450(0.873)
[1 1 1 1 1 1 1 1 0 0 0 1 1 0 0 0 0 0 1 1 0 0 1 1 0 0 1 0 1 1 0 0 1 0 1 1 1
 0 1 1 0 1 0 1 1 1 1 1 1 1 1 0 1 0 1 1 1 1 1 0 1 1 0 1 0 1 1 1 0 1 0 1 0 0
 1 1 1 1 0 1 0 0 0 1 1 1 1 1 0 1 0 1 1 1 1 0 0 1 1 0]
At  7101/30000: COST 0.352/3.616(0.301) -- Acc 0.830/0.420(0.878)
[1 0 1 1 0 0 1 1 1 0 0 1 0 1 0 1 1 1 1 1 0 1 1 0 0 1 1 1 0 0 0 1 0 1 0 0 0
 1 0 1 1 0 1 0 1 1 1 0 1 1 0 0 1 1 1 0 0 1 0 1 0 1 0 1 1 1 0 0 1 1 1 1 1 0
 1 1 0 1 1 1 1 1 1 1 1 1 1 0 0 0 0 1 1 1 1 0 1 1 1 1]
At  7201/30000: COST 0.464/3.188(0.310) -- Acc 0.880/0.420(0.874)
[1 1 1 1 1 1 0 1 1 1 0 0 1 0 1 1 1 1 0 0 1 1 1 0 0 1 0 1 0 1 0 1 0 0 1 0 1
 1 1 1 0 1 1 1 1 0 1 1 1 1 0 1 1 1 1 1 0 1 0 1 1 0 1 0 1 0 0 1 1 1 0 1 1 1
 0 0 0 1 1 0 0 1 0 0 1 1 1 0 0 1 1 1 0 0 1 0 1 1 0 1]
At  7301/30000: COST 0.311/3.168(0.306) -- Acc 0.850/0.460(0.874)
[0 0 0 1 0 1 1 1 1 1 0 0 0 0 1 0 1 0 0 0 1 0 0 1 0 1 0 1 0 0 0 1 1 0 1 0 0
 0 1 1 1 0 0 1 0 0 0 1 0 0 1 0 1 1 0 1 1 1 1 1 1 1 1 1 1 0 1 1 1 0 0 0 1 1
 0 1 0 1 1 1 1 1 1 1 1 0 1 1 1 0 1 1 1 1 1 1 0 1 0 1]
At  7401/30000: COST 0.246/3.106(0.301) -- Acc 0.930/0.450(0.877)
[0 1 1 0 1 0 1 1 1 1 1 0 0 1 1 1 1 0 0 1 0 0 0 1 1 0 0 0 1 1 0 1 0 1 1 0 1
 1 1 1 1 1 1 1 0 1 1 0 0 1 1 1 0 1 0 0 1 0 1 0 1 1 0 1 0 1 1 1 0 0 1 1 0 1
 0 1 1 1 1 1 1 1 1 1 1 1 1 1 0 1 1 1 1 1 1 0 1 1 1 1]
At  7501/30000: COST 0.243/3.791(0.292) -- Acc 0.870/0.450(0.880)
[1 1 1 1 1 1 0 0 1 1 0 0 1 1 1 0 0 1 0 1 1 0 1 0 1 0 1 1 1 1 1 1 1 0 0 0 0
 1 1 0 1 1 1 0 1 1 1 1 1 1 1 0 1 0 1 1 0 1 1 1 1 0 0 1 1 0 1 0 1 1 1 0 1 1
 1 1 1 1 1 0 0 0 0 1 0 0 0 1 1 1 1 1 1 0 0 1 1 0 0 1]
At  7601/30000: COST 0.206/3.427(0.287) -- Acc 0.920/0.480(0.883)
[1 0 1 1 1 0 1 1 1 1 0 1 0 0 1 1 0 1 0 1 1 1 0 1 1 1 1 1 0 1 0 1 0 0 1 0 1
 0 1 1 1 0 1 1 1 0 1 1 1 1 1 1 1 1 1 0 1 0 0 1 0 1 1 0 0 1 1 1 1 1 0 0 0 0
 0 0 1 1 0 1 0 0 1 1 1 1 1 1 0 1 1 0 0 1 1 1 0 1 1 0]
At  7701/30000: COST 0.258/2.951(0.291) -- Acc 0.880/0.450(0.882)
[1 1 1 1 1 1 1 1 1 0 0 1 1 0 0 0 1 0 1 0 1 1 1 1 0 1 1 0 0 1 1 1 1 0 0 1 0
 1 1 1 1 0 1 1 1 0 1 1 0 0 1 1 0 1 1 0 1 1 1 0 1 0 1 0 0 0 1 1 0 1 0 0 0 1
 1 0 1 1 1 0 1 0 1 1 1 0 0 1 1 1 1 0 1 0 1 0 1 0 1 0]
At  7801/30000: COST 0.205/3.334(0.291) -- Acc 0.900/0.450(0.883)
[1 1 0 1 1 0 1 1 1 0 0 0 0 0 1 1 0 1 1 0 1 1 1 0 1 1 1 1 0 1 1 1 0 0 0 1 1
 1 0 1 0 1 1 1 0 1 1 1 1 1 1 0 1 1 0 1 1 0 1 1 0 0 1 0 1 1 1 1 1 1 1 1 0 0
 0 0 0 1 1 0 1 1 1 1 1 1 1 1 1 1 0 1 0 1 0 1 1 1 0 0]
At  7901/30000: COST 0.377/3.053(0.284) -- Acc 0.840/0.450(0.888)
[1 1 0 1 0 0 1 1 1 1 1 1 1 0 1 1 1 0 1 0 1 1 1 0 1 0 1 1 1 0 1 1 1 1 1 1 0
 1 1 0 1 1 0 1 1 0 1 1 1 1 1 1 1 0 1 1 1 1 1 0 0 1 1 1 1 0 0 0 1 0 0 1 1 0
 0 1 1 1 1 1 1 1 1 1 0 1 0 0 1 1 1 1 1 1 0 1 1 1 0 1]
At  8001/30000: COST 0.411/2.522(0.300) -- Acc 0.840/0.430(0.882)
[1 1 0 1 1 0 1 1 1 1 0 0 0 1 1 1 1 1 1 1 0 1 0 1 1 1 1 1 1 1 0 1 1 0 1 1 0
 0 1 1 1 1 0 0 1 1 1 1 0 0 1 1 0 1 1 0 0 1 1 1 1 0 1 1 1 1 1 0 1 1 1 0 1 0
 0 1 1 0 1 0 1 1 1 1 1 1 0 1 1 1 0 0 0 0 1 0 0 1 1 1]
At  8101/30000: COST 0.298/2.356(0.305) -- Acc 0.900/0.470(0.878)
[1 0 1 0 1 0 1 0 0 0 1 0 0 1 1 1 1 1 1 1 1 1 1 1 1 1 1 1 1 0 0 1 1 0 1 1 1
 1 1 1 0 1 1 0 1 0 1 0 1 0 1 1 1 1 1 1 1 1 1 1 0 0 1 1 1 0 1 1 0 1 0 1 0 1
 1 0 1 1 1 1 0 1 1 1 1 1 1 0 1 1 0 0 0 0 1 1 1 1 0 0]
At  8201/30000: COST 0.223/3.153(0.283) -- Acc 0.870/0.460(0.888)
[0 0 1 0 1 0 1 0 1 0 1 0 1 1 1 1 1 0 0 1 0 1 1 1 0 0 0 1 1 1 0 1 0 0 1 1 1
 1 1 0 0 1 1 1 1 1 1 1 1 0 0 1 0 1 1 1 1 0 1 1 0 1 1 1 0 0 1 1 0 1 1 1 1 1
 1 1 0 0 0 1 1 1 1 0 0 1 1 0 1 1 0 1 1 1 0 0 1 0 1 0]
At  8301/30000: COST 0.239/3.247(0.259) -- Acc 0.900/0.480(0.896)
[1 0 1 0 0 1 1 1 0 1 1 0 0 0 0 1 0 1 1 1 1 1 1 0 1 1 1 1 1 1 0 1 1 0 1 0 0
 0 1 0 0 0 1 1 1 0 0 1 0 1 1 0 1 1 0 0 0 1 0 1 1 0 0 1 1 1 1 0 1 1 1 1 1 1
 0 1 0 0 1 1 0 1 0 0 1 0 1 1 0 1 0 0 1 0 0 1 1 0 0 1]
At  8401/30000: COST 0.355/2.622(0.286) -- Acc 0.900/0.480(0.889)
[1 0 1 1 0 0 0 1 1 0 0 1 1 0 1 1 1 1 1 1 1 0 1 1 1 0 1 0 0 1 1 1 1 1 1 1 1
 1 1 1 0 0 1 0 0 0 1 0 1 0 0 1 0 0 0 1 1 0 1 1 0 1 1 1 0 0 1 0 0 1 0 1 1 0
 0 1 1 0 0 0 0 1 0 0 1 1 1 0 0 1 1 1 1 1 0 1 1 0 1 1]
At  8501/30000: COST 0.206/2.741(0.280) -- Acc 0.910/0.480(0.892)
[1 0 1 0 1 1 0 1 0 1 1 0 1 0 0 1 1 0 1 1 0 1 1 1 0 1 1 1 1 1 1 1 0 1 0 1 1
 1 0 0 1 1 1 1 1 1 1 1 1 1 1 1 0 0 1 0 1 0 1 1 1 0 0 0 0 0 0 1 1 1 0 1 1 0
 0 1 0 1 0 0 1 1 1 1 1 1 0 1 1 1 1 1 1 1 1 1 1 1 0 1]
At  8601/30000: COST 0.298/3.100(0.282) -- Acc 0.910/0.430(0.893)
[0 1 1 0 0 0 1 1 1 0 1 0 1 1 1 0 0 1 0 1 1 1 1 0 0 0 0 0 0 0 1 1 1 1 0 0 1
 1 1 0 1 1 0 1 1 1 1 0 1 1 0 1 0 1 1 0 0 0 0 1 1 1 0 1 0 1 1 1 0 1 0 1 1 1
 0 1 1 1 1 1 1 1 1 0 1 1 0 1 1 1 1 0 1 1 1 0 1 1 0 0]
At  8701/30000: COST 0.240/3.463(0.268) -- Acc 0.910/0.490(0.897)
[1 1 0 0 1 1 0 1 1 0 1 1 1 1 0 0 1 0 0 0 0 1 0 1 1 0 1 1 0 1 1 1 1 0 1 1 0
 1 1 0 0 1 1 1 0 1 1 0 1 0 0 1 0 1 0 1 1 0 1 1 1 1 0 1 1 1 1 0 1 0 1 1 0 1
 1 1 0 1 0 1 0 1 1 0 0 1 1 1 1 1 0 1 0 1 1 0 1 1 0 1]
At  8801/30000: COST 0.329/2.976(0.273) -- Acc 0.830/0.460(0.891)
[1 0 0 1 0 0 1 1 1 0 0 1 1 1 0 1 1 1 1 0 1 0 1 1 1 0 0 1 1 1 0 1 0 1 1 0 0
 0 1 0 0 1 1 1 0 1 1 0 1 1 1 0 1 1 1 1 1 1 0 0 1 0 1 1 1 1 1 1 0 0 1 0 1 0
 1 0 0 1 1 1 1 1 1 0 0 1 0 0 0 1 1 1 1 0 1 1 0 1 0 0]
At  8901/30000: COST 0.268/2.884(0.277) -- Acc 0.910/0.500(0.891)
[1 0 1 0 1 0 1 1 1 1 0 0 1 0 1 1 0 0 0 1 0 1 1 1 1 1 1 0 0 1 1 0 1 0 1 0 0
 0 1 1 0 1 1 1 0 0 1 1 1 1 1 1 0 1 1 1 1 1 0 1 0 0 1 1 1 1 1 0 0 1 1 0 1 0
 1 1 0 1 1 1 1 1 0 0 0 0 1 1 1 0 1 0 1 1 1 1 0 1 0 1]
At  9001/30000: COST 0.270/3.285(0.259) -- Acc 0.900/0.440(0.898)
[1 1 1 1 0 0 1 1 1 1 1 1 0 1 1 0 0 1 1 0 1 1 0 1 1 1 1 0 0 0 1 0 1 1 0 0 1
 1 1 1 1 1 0 1 1 0 0 1 1 1 1 1 1 1 0 0 1 1 1 1 1 0 1 0 1 0 1 0 0 0 1 1 1 0
 1 1 1 1 0 1 0 1 1 1 0 0 1 0 1 0 0 0 1 1 1 0 1 1 1 0]
At  9101/30000: COST 0.173/3.775(0.258) -- Acc 0.940/0.460(0.897)
[1 1 0 1 1 0 1 1 0 0 1 0 0 1 1 1 1 1 0 0 1 1 1 0 1 1 1 1 0 0 1 1 0 0 1 1 1
 1 1 1 1 1 1 0 0 1 1 1 1 0 0 1 1 1 0 0 1 0 1 0 1 1 0 1 0 1 0 1 1 1 0 0 1 1
 1 1 1 0 1 1 1 1 0 0 0 1 1 1 1 0 1 0 1 0 0 1 1 1 0 1]
At  9201/30000: COST 0.272/3.021(0.264) -- Acc 0.870/0.460(0.898)
[0 1 0 1 1 1 1 1 0 0 1 0 0 1 1 1 1 0 1 0 0 1 1 0 1 0 1 0 1 0 0 0 0 0 1 0 0
 1 1 1 0 1 1 1 1 0 1 1 0 0 1 1 1 1 1 1 0 1 1 0 1 1 1 1 1 1 1 0 1 1 1 1 1 1
 1 1 1 1 0 1 1 0 1 1 1 0 1 0 0 1 1 0 1 1 0 1 0 1 1 1]
At  9301/30000: COST 0.276/3.617(0.266) -- Acc 0.900/0.450(0.895)
[0 0 1 1 0 1 1 1 0 1 1 1 0 1 0 1 1 0 0 0 1 1 1 1 1 1 1 1 1 1 1 1 0 1 0 1 1
 0 0 1 1 1 1 1 0 0 1 0 0 1 1 0 0 1 0 1 1 1 1 0 1 0 0 0 1 0 1 0 1 0 0 0 0 0
 1 0 1 0 1 1 1 0 1 1 1 0 0 1 1 1 0 0 0 0 0 1 0 1 1 0]
At  9401/30000: COST 0.204/3.810(0.250) -- Acc 0.910/0.460(0.903)
[1 0 1 1 0 0 1 1 1 1 1 0 1 0 0 1 0 0 0 0 0 0 1 1 1 0 1 1 1 1 1 1 0 1 1 1 1
 0 0 1 0 0 0 0 1 1 0 1 1 1 1 0 1 1 0 1 0 1 1 0 0 0 0 0 1 1 1 0 1 1 0 0 0 0
 1 1 1 0 0 0 0 1 0 1 0 1 1 0 1 1 1 1 1 1 1 1 0 1 1 0]
At  9501/30000: COST 0.168/3.659(0.244) -- Acc 0.930/0.440(0.905)
[1 0 0 0 1 1 1 0 1 0 0 1 0 1 1 0 1 1 1 0 1 0 0 1 0 0 0 0 1 1 1 1 0 1 1 0 1
 1 1 0 1 1 1 0 1 1 1 0 1 0 1 0 1 1 1 1 1 1 0 1 1 1 1 0 1 0 1 0 0 0 0 0 1 1
 1 0 0 0 0 1 1 1 1 1 1 1 0 0 1 0 1 0 0 0 0 0 0 1 1 0]
At  9601/30000: COST 0.305/2.370(0.287) -- Acc 0.920/0.430(0.892)
[1 1 1 0 1 1 1 1 0 1 0 0 1 0 0 1 0 0 1 0 0 1 1 1 1 1 0 1 1 1 1 1 1 1 1 1 0
 0 0 1 0 0 1 1 1 1 0 1 0 1 1 1 0 1 0 0 1 0 1 1 1 0 0 0 0 0 1 1 0 1 1 0 1 1
 1 0 1 1 0 1 0 0 0 1 1 1 1 1 0 0 1 1 1 1 0 0 0 0 1 1]
At  9701/30000: COST 0.224/3.132(0.263) -- Acc 0.910/0.450(0.901)
[1 0 1 1 0 1 1 0 1 1 1 0 0 0 0 1 0 0 0 0 0 0 0 0 1 0 1 1 1 1 0 1 1 1 1 1 1
 0 0 1 1 1 1 1 1 1 1 0 1 1 0 1 1 0 0 1 1 1 1 1 1 1 1 1 0 1 1 0 1 0 0 1 1 0
 0 1 1 1 0 0 0 1 0 1 1 0 0 0 0 1 0 1 1 1 1 1 0 0 1 1]
At  9801/30000: COST 0.357/2.908(0.265) -- Acc 0.850/0.450(0.896)
[1 0 1 1 1 0 0 0 1 1 0 1 0 1 1 0 1 0 1 1 0 1 0 1 0 0 1 0 1 0 1 1 1 1 0 0 1
 1 1 1 1 1 1 0 1 0 1 0 1 0 0 1 1 1 1 0 1 1 1 0 1 0 1 0 1 0 1 1 0 0 1 0 1 0
 1 1 0 0 1 1 1 1 0 1 0 0 1 0 0 1 1 0 1 1 1 1 0 1 0 1]
At  9901/30000: COST 0.294/2.507(0.266) -- Acc 0.870/0.490(0.899)
[0 1 0 1 0 1 0 0 1 1 1 0 1 1 1 1 1 1 1 0 0 0 1 1 0 1 1 1 1 0 1 1 1 0 1 1 0
 0 1 1 0 1 0 0 1 0 1 0 1 1 1 1 0 0 1 1 1 0 1 1 1 1 0 1 1 1 1 1 0 0 1 0 1 0
 1 0 1 0 0 1 0 0 1 1 0 0 0 1 0 1 1 0 1 1 0 1 1 1 0 1]
At 10001/30000: COST 0.406/2.899(0.270) -- Acc 0.840/0.460(0.897)
[1 1 1 0 1 1 1 1 1 0 1 0 1 0 1 1 0 1 1 1 1 0 1 1 1 0 1 1 0 0 1 1 1 0 0 1 1
 1 0 0 1 0 1 1 0 1 1 1 0 1 1 0 1 0 0 1 0 0 0 0 1 1 1 0 1 1 0 1 0 1 1 1 1 1
 0 1 0 1 0 1 0 0 0 0 1 1 0 0 1 1 1 1 1 1 1 1 0 0 0 0]
At 10101/30000: COST 0.262/2.697(0.270) -- Acc 0.880/0.440(0.898)
[1 1 1 1 0 1 0 1 1 0 1 0 1 1 1 1 1 1 1 0 0 1 1 1 0 0 1 1 1 1 1 0 0 1 1 0 0
 1 1 1 1 1 0 0 1 0 0 1 1 1 1 0 0 0 0 1 1 1 1 0 1 1 0 0 0 0 1 1 0 1 1 1 0 0
 1 0 1 0 1 0 1 1 1 0 1 1 0 0 1 0 1 0 1 0 0 0 1 1 1 1]
At 10201/30000: COST 0.339/2.100(0.284) -- Acc 0.870/0.480(0.892)
[1 1 1 0 0 0 0 1 1 1 1 1 1 1 1 0 0 0 1 0 1 1 0 1 0 0 0 0 1 0 1 0 1 0 1 1 0
 1 1 1 1 1 1 0 1 0 0 1 1 0 0 0 1 0 1 1 0 1 1 1 0 0 0 1 1 1 0 1 1 0 0 0 0 1
 1 0 0 1 1 1 0 1 1 1 0 1 0 1 0 1 1 1 0 1 0 1 0 0 0 1]
At 10301/30000: COST 0.307/2.189(0.281) -- Acc 0.860/0.470(0.893)
[1 0 1 1 0 1 0 1 1 1 1 1 0 0 0 0 1 1 1 1 1 1 1 1 0 1 1 0 1 0 1 1 1 1 0 1 1
 0 0 0 1 1 0 1 0 0 1 0 0 0 1 0 1 1 0 0 1 1 0 1 0 1 0 1 0 0 0 0 0 1 1 0 0 0
 0 1 1 0 1 1 0 0 0 1 1 1 1 1 1 1 1 0 1 1 0 1 0 1 0 1]
At 10401/30000: COST 0.325/2.535(0.270) -- Acc 0.880/0.480(0.898)
[0 1 0 1 1 1 1 0 1 1 0 1 0 1 1 1 1 0 0 0 1 1 0 1 1 1 1 1 0 1 1 1 1 1 1 1 0
 0 1 1 1 0 0 1 1 1 1 1 1 1 0 1 0 1 0 0 1 0 1 0 1 0 0 0 1 1 1 0 1 1 0 1 0 0
 0 0 1 1 1 1 0 0 1 1 0 0 1 0 0 1 1 1 0 1 0 1 1 1 1 0]
At 10501/30000: COST 0.155/2.639(0.267) -- Acc 0.930/0.450(0.898)
[1 0 1 0 0 0 1 1 1 1 0 1 1 1 1 1 0 0 1 1 0 1 1 1 1 0 1 1 1 0 0 1 0 1 0 1 0
 1 0 0 1 1 1 0 1 0 1 0 0 0 1 0 1 1 1 1 0 1 1 0 1 1 1 1 0 0 1 1 1 0 1 1 0 0
 1 1 1 1 1 0 0 1 1 1 0 0 0 0 0 1 1 1 1 0 0 1 0 0 1 1]
At 10601/30000: COST 0.216/2.853(0.267) -- Acc 0.900/0.470(0.899)
[1 1 0 1 1 1 1 0 1 0 0 1 1 1 1 1 1 1 0 0 1 1 1 1 1 1 1 0 1 1 1 1 1 0 1 1 1
 0 0 0 0 1 1 1 0 1 1 0 1 0 0 0 1 1 1 1 1 1 1 0 0 1 0 0 1 0 1 1 0 0 1 0 1 0
 0 0 1 1 1 0 1 1 1 0 0 0 1 1 0 0 0 0 1 0 0 1 0 1 1 1]
At 10701/30000: COST 0.337/2.350(0.270) -- Acc 0.900/0.500(0.897)
[1 0 0 1 0 1 1 1 1 1 1 1 0 1 1 0 0 1 0 1 1 0 0 1 1 1 1 0 1 1 1 1 0 1 1 1 0
 0 0 0 0 0 0 1 0 1 1 0 1 0 0 1 1 1 1 1 0 0 0 1 0 1 1 1 1 1 0 0 1 1 1 0 0 0
 1 0 0 1 0 0 0 0 0 1 0 1 1 1 1 0 1 1 1 1 1 0 1 1 1 1]
At 10801/30000: COST 0.352/2.676(0.265) -- Acc 0.870/0.480(0.897)
[0 1 0 1 1 1 0 0 1 1 0 1 1 0 0 1 0 1 1 0 0 0 1 0 0 0 0 1 1 0 1 1 1 1 0 0 1
 1 1 0 1 0 0 0 1 1 0 1 1 1 0 1 0 1 1 1 1 1 0 1 1 1 0 1 0 0 1 1 1 1 0 1 1 1
 0 1 1 0 0 1 0 1 1 1 1 1 1 0 1 1 0 0 0 1 1 0 0 1 1 1]
At 10901/30000: COST 0.209/2.358(0.274) -- Acc 0.910/0.490(0.896)
[0 1 0 1 1 0 0 1 0 0 1 1 1 0 1 0 0 1 1 0 0 1 0 0 1 1 1 1 0 1 1 0 1 0 1 0 1
 0 1 1 1 0 1 0 1 1 1 0 1 1 0 1 1 1 1 1 1 1 0 0 1 1 1 0 1 0 0 0 1 0 0 0 0 0
 0 1 1 1 1 1 1 0 1 1 1 0 1 0 0 1 1 1 1 0 1 0 1 0 0 1]
At 11001/30000: COST 0.222/2.206(0.278) -- Acc 0.920/0.510(0.891)
[1 0 1 1 0 1 1 1 0 1 1 1 1 1 1 0 0 1 0 1 1 1 1 1 0 0 1 0 1 0 1 1 0 1 0 0 1
 1 1 1 0 1 0 0 0 1 0 1 1 0 1 0 1 0 0 0 1 1 0 1 1 1 1 1 1 1 1 1 1 0 0 0 0 0
 0 1 1 1 1 1 1 1 0 1 0 0 0 1 0 1 1 0 1 1 0 1 0 1 0 1]
At 11101/30000: COST 0.303/2.905(0.264) -- Acc 0.880/0.480(0.896)
[0 1 0 0 1 0 0 0 0 0 1 0 0 1 1 1 1 0 0 1 0 0 1 1 1 0 1 1 0 0 1 0 1 0 0 0 1
 1 1 0 0 1 1 1 0 1 0 0 1 1 0 1 0 1 0 0 0 1 1 0 0 1 1 0 1 1 1 1 1 0 1 1 0 1
 0 1 1 0 1 1 1 1 1 0 1 1 1 1 1 1 1 0 1 0 0 1 1 1 1 1]
At 11201/30000: COST 0.208/2.510(0.260) -- Acc 0.920/0.490(0.900)
[0 1 1 0 0 1 0 1 0 1 1 0 1 0 1 0 0 1 0 1 1 1 0 0 1 1 1 1 0 0 1 0 0 0 1 1 1
 0 0 0 1 1 1 0 0 0 1 0 0 1 1 0 1 1 1 1 0 1 1 1 0 0 1 1 0 1 1 1 0 0 1 1 1 1
 0 0 1 1 1 1 1 1 1 0 1 1 0 1 1 1 1 0 1 0 1 1 0 0 1 0]
At 11301/30000: COST 0.256/2.792(0.253) -- Acc 0.910/0.480(0.906)
[1 1 1 0 1 0 1 0 1 1 1 0 1 1 0 1 1 0 1 1 1 1 0 1 0 1 1 1 1 0 1 0 1 0 0 1 1
 1 1 0 1 1 1 0 0 1 1 1 1 0 1 0 0 1 0 0 0 1 1 1 0 0 0 0 0 1 1 1 0 1 0 0 0 0
 1 0 0 0 1 1 1 1 1 0 1 1 0 0 1 1 1 1 0 1 1 0 1 1 0 1]
At 11401/30000: COST 0.192/2.941(0.247) -- Acc 0.930/0.490(0.908)
[1 1 0 0 1 1 0 1 0 1 1 1 1 0 1 0 1 1 1 0 0 1 1 1 0 1 0 0 1 0 1 1 1 0 0 1 0
 0 1 1 1 0 1 1 0 1 0 1 1 1 0 0 1 1 0 0 1 1 0 1 1 0 1 1 0 1 0 1 1 0 1 1 0 1
 1 1 1 1 0 0 1 0 0 1 1 0 0 0 0 1 0 0 1 0 0 1 1 1 0 0]
At 11501/30000: COST 0.256/3.176(0.240) -- Acc 0.910/0.500(0.910)
[1 1 1 0 1 1 1 1 0 1 1 1 1 0 1 1 0 1 1 0 1 1 0 1 1 1 0 0 0 1 1 1 0 1 0 1 0
 1 1 0 1 1 0 1 1 1 0 0 1 0 1 0 1 1 0 0 1 1 1 0 1 1 0 1 0 0 1 1 0 0 1 1 0 1
 0 0 0 0 0 1 1 1 0 1 1 1 0 1 0 1 1 1 1 0 1 1 1 0 1 1]
At 11601/30000: COST 0.256/2.494(0.250) -- Acc 0.880/0.480(0.906)
[0 0 1 1 1 0 1 0 1 0 1 1 0 1 1 0 1 1 1 0 1 1 1 0 0 1 0 1 0 1 0 1 1 1 1 1 1
 1 1 0 0 1 1 0 1 1 0 1 0 0 0 0 1 0 0 1 1 1 1 0 0 1 1 1 1 0 1 1 1 1 1 1 0 1
 0 1 1 1 0 1 0 0 0 0 1 1 0 0 1 1 0 0 1 1 1 1 0 1 1 1]
At 11701/30000: COST 0.293/2.389(0.258) -- Acc 0.890/0.510(0.903)
[1 0 0 1 0 1 1 0 1 0 0 1 1 1 0 0 0 1 0 0 1 1 1 1 1 0 0 1 1 1 1 0 1 1 1 1 0
 1 0 1 1 1 1 0 1 1 0 1 0 0 1 1 1 1 1 1 0 1 0 0 0 0 1 1 1 0 1 1 1 1 0 1 0 0
 1 0 0 0 0 1 1 1 1 0 0 0 1 0 1 0 1 1 1 1 0 1 1 0 1 1]
At 11801/30000: COST 0.271/2.531(0.263) -- Acc 0.900/0.490(0.902)
[1 0 1 0 0 1 1 1 1 1 0 1 0 0 1 0 1 1 0 0 0 1 1 0 0 1 1 1 1 1 1 1 0 1 1 1 1
 1 1 1 1 1 0 1 0 1 0 0 0 1 1 1 1 0 0 0 0 1 1 1 1 1 1 1 1 1 1 0 1 1 1 1 1 1
 0 0 0 1 1 0 1 0 1 0 1 0 0 1 1 1 0 1 0 0 1 1 0 0 0 0]
At 11901/30000: COST 0.351/2.747(0.265) -- Acc 0.900/0.510(0.901)
[0 1 1 0 0 0 1 0 1 0 1 1 0 1 0 0 1 1 1 1 1 1 1 0 1 1 1 1 1 1 0 0 0 0 1 1 0
 1 1 0 0 1 0 1 1 1 0 0 0 0 0 0 1 1 1 1 0 0 1 1 0 0 0 0 1 0 0 1 1 0 1 1 1 1
 1 1 0 0 1 0 0 1 1 1 0 1 1 0 0 1 1 0 1 0 1 0 1 1 1 1]
At 12001/30000: COST 0.147/2.146(0.273) -- Acc 0.970/0.520(0.900)
[0 1 0 0 1 1 1 1 1 1 1 1 1 1 1 1 1 0 0 1 1 1 1 0 1 1 1 1 0 1 1 0 0 1 1 0 1
 0 0 1 0 0 1 1 0 0 1 1 1 1 1 1 0 0 1 1 1 1 0 1 1 1 1 0 1 1 1 0 0 1 0 1 0 1
 0 0 1 0 0 0 1 0 0 0 0 0 0 1 1 0 1 0 0 1 1 1 1 0 1 0]
At 12101/30000: COST 0.218/2.549(0.264) -- Acc 0.890/0.510(0.902)
[0 1 1 1 1 0 1 1 0 0 0 0 0 1 1 1 1 0 1 0 1 0 1 1 1 1 0 1 0 1 0 1 0 1 0 1 1
 0 1 0 0 1 0 0 0 1 0 0 1 0 1 0 0 1 1 0 1 1 1 0 0 0 1 1 1 1 1 1 0 0 1 0 0 0
 1 0 0 1 1 1 1 1 0 0 1 1 0 0 1 1 0 0 0 1 1 1 1 1 0 0]
At 12201/30000: COST 0.253/2.456(0.257) -- Acc 0.910/0.550(0.904)
[0 1 1 1 1 1 1 0 1 1 0 1 0 0 1 0 1 0 1 0 0 0 1 0 0 0 0 1 1 1 0 1 1 0 1 0 1
 1 0 1 1 0 1 1 1 1 0 1 0 0 1 1 0 0 1 0 0 1 1 1 1 0 0 0 1 1 1 0 1 1 1 1 1 1
 0 0 0 1 0 1 0 1 0 1 1 1 1 1 0 0 1 0 0 1 1 1 0 1 0 1]
At 12301/30000: COST 0.224/2.666(0.252) -- Acc 0.910/0.470(0.903)
[0 1 1 1 1 0 0 0 0 1 1 0 1 1 1 0 1 0 1 1 1 0 1 1 0 1 1 1 0 0 1 1 1 1 0 1 1
 0 0 1 1 1 0 0 0 0 1 1 1 1 0 1 0 1 1 1 1 0 1 1 0 0 1 1 0 0 0 0 1 1 0 1 1 1
 0 0 1 0 1 0 0 1 1 1 0 0 1 1 1 1 0 1 1 0 1 1 1 1 1 1]
At 12401/30000: COST 0.176/2.838(0.245) -- Acc 0.950/0.490(0.908)
[0 0 1 1 0 0 1 1 1 1 0 1 1 0 1 1 1 0 1 1 0 0 1 1 1 0 1 1 1 1 1 1 0 1 1 1 0
 1 1 1 0 0 1 1 1 1 1 1 1 0 1 0 1 1 1 1 1 0 1 1 0 0 1 1 1 0 0 1 0 1 0 0 0 0
 0 1 1 1 1 1 0 1 1 0 0 1 0 1 0 1 0 1 0 1 0 1 0 0 0 1]
At 12501/30000: COST 0.253/2.754(0.244) -- Acc 0.940/0.490(0.908)
[1 0 1 0 0 1 0 1 0 1 1 0 1 0 1 1 1 0 1 1 1 0 1 1 0 0 1 1 0 0 0 1 1 0 1 1 0
 0 0 1 1 0 0 1 0 0 1 1 0 0 1 1 1 1 1 0 0 1 0 1 1 0 1 0 0 0 1 1 1 1 1 1 1 1
 1 0 0 1 1 0 1 1 0 0 0 1 1 1 1 1 0 0 0 1 0 1 0 1 0 0]
At 12601/30000: COST 0.224/2.642(0.241) -- Acc 0.910/0.510(0.910)
[1 0 0 1 1 1 1 1 1 0 1 1 1 1 1 1 0 1 0 1 0 1 0 1 0 0 0 0 0 0 0 1 1 0 1 0 0
 1 1 0 0 1 1 0 1 1 1 0 1 1 1 0 1 1 0 1 0 1 0 0 0 1 1 0 1 0 1 0 0 0 0 0 0 0
 0 0 1 1 0 1 1 1 1 0 1 1 1 1 0 1 1 1 1 1 1 1 0 0 1 0]
At 12701/30000: COST 0.225/2.406(0.252) -- Acc 0.890/0.450(0.906)
[1 1 1 1 0 1 1 1 0 1 1 1 1 0 1 1 0 0 1 1 1 1 1 1 0 1 0 0 0 0 1 0 1 1 0 0 1
 1 1 1 0 1 1 0 1 1 1 1 0 0 1 1 0 1 1 0 0 0 1 0 0 0 1 0 1 1 0 0 0 1 1 1 0 1
 0 0 1 0 0 1 1 0 1 1 0 1 1 1 1 1 0 0 0 1 0 0 1 1 0 1]
At 12801/30000: COST 0.195/2.674(0.256) -- Acc 0.970/0.500(0.903)
[0 1 1 1 0 0 1 1 0 1 1 1 0 1 1 1 1 0 1 1 0 1 0 1 0 0 1 0 0 1 1 0 0 0 0 1 1
 1 1 0 1 1 0 0 1 0 1 1 1 0 1 1 0 0 0 0 0 1 0 0 0 1 1 0 1 1 1 1 0 0 1 0 0 0
 1 1 1 1 1 1 1 1 1 0 1 1 1 1 1 1 1 0 1 1 0 1 1 1 0 1]
At 12901/30000: COST 0.351/2.649(0.254) -- Acc 0.880/0.480(0.905)
[1 1 1 1 0 1 0 0 1 0 0 0 0 1 1 0 1 0 1 1 0 1 1 1 1 1 1 1 0 1 1 1 0 1 1 1 0
 0 0 0 1 1 1 0 0 1 0 0 1 1 1 1 0 1 0 0 0 1 1 0 1 0 0 0 1 1 1 0 0 1 1 1 1 1
 0 1 0 0 1 1 0 0 0 1 0 0 0 0 1 0 1 0 1 1 0 1 1 0 1 1]
At 13001/30000: COST 0.202/2.298(0.266) -- Acc 0.940/0.490(0.903)
[0 1 1 1 1 0 1 1 0 1 0 0 0 1 1 1 1 1 1 1 1 0 0 1 1 1 0 1 1 0 1 1 0 0 1 0 1
 1 1 1 1 0 0 1 0 1 1 1 0 1 1 1 0 0 1 0 1 1 0 0 0 0 1 0 0 1 0 1 0 1 0 0 0 0
 1 1 1 1 1 1 0 1 1 1 1 0 0 1 1 1 1 1 1 1 0 1 0 0 1 0]
At 13101/30000: COST 0.340/2.267(0.261) -- Acc 0.860/0.460(0.905)
[1 1 1 0 1 1 0 1 1 1 1 0 1 1 0 1 0 0 1 0 0 1 0 0 1 1 1 1 1 0 1 1 0 0 1 0 0
 0 0 1 1 0 0 1 1 1 0 1 1 0 0 1 1 0 1 1 1 1 1 1 0 0 0 0 0 0 0 0 1 0 1 1 1 1
 1 1 1 0 1 0 1 1 0 0 1 0 0 0 1 0 1 1 0 1 0 0 0 1 0 1]
At 13201/30000: COST 0.312/1.967(0.272) -- Acc 0.890/0.480(0.900)
[1 1 1 0 0 1 1 0 0 1 1 1 1 1 1 1 0 1 0 1 1 1 1 0 0 0 1 1 1 1 0 1 1 1 1 1 0
 1 1 1 0 1 0 0 0 0 1 0 1 1 0 0 1 0 0 0 0 1 0 1 0 1 0 1 1 1 1 0 0 1 1 1 1 1
 1 1 0 1 1 1 1 0 0 0 1 1 0 1 1 1 1 0 1 1 1 0 1 1 1 0]
At 13301/30000: COST 0.251/2.183(0.268) -- Acc 0.920/0.470(0.903)
[1 0 1 1 0 1 1 0 0 1 0 0 1 1 1 0 0 1 1 1 1 0 0 1 1 1 1 1 1 0 1 0 0 0 1 0 0
 0 0 0 0 0 1 1 1 0 0 1 1 0 1 1 1 1 1 1 1 1 1 1 1 1 0 1 0 0 0 1 1 1 0 1 1 1
 0 1 1 0 1 0 1 1 1 1 1 1 1 1 1 1 0 1 1 1 1 0 1 1 1 1]
At 13401/30000: COST 0.153/2.922(0.241) -- Acc 0.950/0.490(0.913)
[1 0 1 1 1 1 0 1 1 1 1 0 1 1 1 1 1 1 0 1 1 1 0 0 0 0 0 0 0 0 1 1 0 1 1 1 1
 1 0 1 1 1 1 1 0 1 0 1 0 0 1 0 1 1 1 1 1 0 1 1 0 1 1 1 0 1 1 1 0 1 0 0 1 1
 1 1 1 0 1 1 0 1 1 1 1 0 0 1 1 0 0 1 0 1 1 1 1 0 0 0]
At 13501/30000: COST 0.230/2.557(0.234) -- Acc 0.920/0.460(0.915)
[1 1 1 1 0 1 1 1 1 0 0 1 1 0 1 1 0 1 1 0 0 0 1 1 1 1 1 1 1 1 1 1 1 1 0 1 1
 0 1 1 0 0 1 1 1 0 1 1 1 1 1 0 1 1 1 0 1 0 0 1 0 0 1 0 1 1 1 1 1 1 1 1 1 1
 0 0 1 1 1 1 0 1 1 0 0 1 0 1 1 1 1 0 1 1 1 0 1 0 0 1]
At 13601/30000: COST 0.168/2.358(0.240) -- Acc 0.940/0.490(0.911)
[1 1 0 1 1 0 0 1 1 0 0 0 1 0 0 1 1 1 1 1 0 1 1 0 1 1 1 1 1 1 1 1 0 0 1 1 1
 0 1 0 1 1 1 1 0 1 1 1 0 1 0 1 0 0 1 1 1 1 0 1 0 1 0 1 1 1 0 1 1 1 0 1 0 0
 1 0 0 1 1 0 1 1 0 1 1 1 1 1 1 1 0 0 1 1 1 0 0 0 1 1]
At 13701/30000: COST 0.231/2.947(0.222) -- Acc 0.920/0.500(0.920)
[1 1 1 1 1 1 1 1 1 1 1 0 1 1 1 1 0 1 1 0 1 1 1 0 0 1 1 1 0 0 1 0 0 1 0 1 1
 0 0 0 0 1 0 1 0 1 1 0 1 1 0 1 1 1 1 1 1 0 1 0 0 0 0 1 0 0 1 1 0 1 1 0 1 1
 0 1 1 0 0 0 1 1 0 1 1 1 0 1 1 1 1 1 1 1 0 0 0 0 1 0]
At 13801/30000: COST 0.277/2.404(0.233) -- Acc 0.920/0.510(0.916)
[1 1 1 1 1 0 1 1 0 1 1 0 1 1 0 0 0 0 1 1 0 1 0 1 1 0 1 0 1 1 1 0 1 0 1 0 1
 0 1 1 0 1 1 1 0 0 0 1 1 1 1 0 0 0 1 0 1 1 1 1 1 1 0 1 0 1 0 1 0 0 0 1 1 1
 1 0 1 1 1 0 1 1 1 1 1 1 1 1 1 1 0 1 1 1 1 1 1 1 0 1]
At 13901/30000: COST 0.255/2.698(0.232) -- Acc 0.880/0.500(0.916)
[1 1 0 1 1 1 1 1 1 0 1 0 1 1 1 1 0 0 0 0 0 0 0 1 0 1 1 1 1 1 0 0 1 1 0 0 0
 1 1 1 1 0 0 0 0 1 1 1 1 0 1 1 1 0 1 0 1 0 1 1 0 1 0 1 0 1 1 0 1 1 0 1 0 1
 1 1 1 1 1 1 1 1 1 0 1 0 0 0 1 1 1 1 1 1 1 1 1 0 1 1]
At 14001/30000: COST 0.205/2.729(0.237) -- Acc 0.930/0.460(0.916)
[1 0 0 0 1 1 0 0 1 1 1 0 1 1 1 1 1 1 1 0 0 1 1 1 1 1 1 0 1 1 1 0 1 1 0 1 1
 1 1 1 0 1 1 1 1 0 1 1 1 1 1 1 1 0 0 0 1 1 0 1 0 0 1 0 1 0 0 1 0 1 1 0 1 0
 0 0 1 0 1 1 0 1 0 1 0 1 1 1 1 1 1 0 1 1 0 1 0 1 0 0]
At 14101/30000: COST 0.133/2.846(0.222) -- Acc 0.940/0.470(0.920)
[0 0 1 1 1 1 1 0 0 1 0 0 0 0 0 0 1 1 1 0 0 0 1 1 0 1 1 1 0 1 1 0 0 0 1 1 1
 0 1 1 1 0 0 1 0 0 1 0 1 1 1 0 0 0 1 1 1 1 0 0 1 0 0 0 1 1 1 1 1 1 1 1 1 1
 0 1 1 0 1 0 1 1 1 1 1 0 1 0 1 1 1 0 0 0 1 1 1 1 1 1]
At 14201/30000: COST 0.141/2.837(0.221) -- Acc 0.960/0.530(0.919)
[1 1 1 0 0 0 0 0 1 1 0 1 1 1 0 0 1 1 1 0 0 0 1 0 0 1 1 1 1 0 1 1 1 0 1 1 1
 0 0 0 1 1 0 1 1 1 1 0 1 1 1 0 1 0 0 1 1 1 1 1 1 0 1 0 0 0 1 1 0 1 1 0 1 0
 1 1 1 1 1 0 1 0 1 1 1 1 1 0 0 1 0 1 1 1 1 1 0 0 1 1]
At 14301/30000: COST 0.275/2.920(0.224) -- Acc 0.890/0.480(0.916)
[0 1 0 1 0 0 1 0 1 1 1 0 0 1 1 0 1 1 1 0 1 1 0 0 1 1 1 0 0 1 1 1 1 1 1 1 1
 1 0 1 1 1 0 1 1 1 1 1 1 1 1 0 1 0 0 1 0 0 0 1 1 1 1 1 1 0 0 1 1 1 1 1 1 1
 0 1 0 1 0 0 0 0 1 0 1 0 0 0 1 1 0 1 1 1 0 0 0 1 0 1]
At 14401/30000: COST 0.254/2.699(0.225) -- Acc 0.920/0.550(0.916)
[0 0 1 0 0 0 1 1 1 1 1 1 1 1 1 1 1 0 1 1 1 1 1 1 0 1 0 1 0 0 0 0 1 1 0 1 0
 1 1 1 1 1 0 1 1 0 0 0 0 0 1 1 0 1 1 0 1 1 0 0 1 1 0 0 1 1 1 1 0 0 0 1 1 1
 0 0 1 1 0 1 0 1 1 1 1 0 1 0 1 1 0 0 1 1 0 1 0 1 1 1]
At 14501/30000: COST 0.194/2.873(0.220) -- Acc 0.930/0.520(0.919)
[0 1 1 0 1 0 1 1 0 1 0 0 1 1 0 1 1 0 0 0 0 0 0 1 1 1 1 1 0 1 1 1 1 1 1 1 1
 0 1 0 1 1 0 1 0 0 0 0 0 1 0 1 1 0 1 1 0 1 1 1 0 1 1 0 1 1 1 1 1 1 1 0 1 1
 0 0 0 1 1 1 0 0 0 1 1 0 1 1 1 0 1 1 1 0 1 1 1 0 0 0]
At 14601/30000: COST 0.277/2.853(0.215) -- Acc 0.890/0.490(0.920)
[1 0 1 1 1 1 1 1 1 1 1 1 1 1 0 1 1 1 1 1 0 0 0 1 0 1 0 1 1 1 1 1 0 0 0 0 0
 0 1 1 1 1 0 1 0 1 1 1 1 1 0 0 1 0 1 1 1 1 0 0 1 0 1 1 1 0 0 1 0 1 1 1 0 1
 1 1 0 1 0 1 0 1 0 0 0 0 1 1 0 1 0 0 1 1 1 1 0 1 1 0]
At 14701/30000: COST 0.260/2.604(0.231) -- Acc 0.910/0.460(0.915)
[0 0 0 0 0 1 1 1 1 1 1 1 0 1 0 1 1 1 1 1 0 0 1 1 1 1 1 0 1 0 0 1 0 0 1 0 0
 0 1 0 1 1 1 1 1 1 1 1 0 1 1 0 1 1 0 1 0 0 1 1 1 1 0 1 0 0 1 1 0 0 1 1 1 0
 0 0 1 0 1 1 0 1 1 1 1 0 1 1 1 1 1 0 1 1 1 1 0 1 1 0]
At 14801/30000: COST 0.336/1.783(0.253) -- Acc 0.890/0.520(0.909)
[1 1 1 0 0 0 0 1 0 0 1 1 0 1 1 0 0 0 1 1 0 1 1 0 1 0 1 0 1 1 1 1 0 0 1 1 0
 1 1 1 0 1 0 0 1 0 1 0 0 1 1 0 0 0 1 0 0 1 1 1 1 1 1 1 0 1 1 0 1 0 1 1 0 0
 1 0 0 0 1 0 1 1 1 1 0 1 1 1 1 1 0 1 1 1 0 1 1 0 1 1]
At 14901/30000: COST 0.363/1.880(0.277) -- Acc 0.850/0.500(0.899)
[1 0 1 1 0 0 0 1 1 0 0 1 0 0 1 0 1 1 1 1 0 0 1 1 1 1 0 0 1 1 1 1 1 0 1 1 1
 1 0 1 1 1 1 0 1 1 0 0 1 0 1 0 1 1 1 0 1 0 1 1 1 1 1 1 1 1 1 0 1 0 1 0 0 0
 0 0 1 0 1 0 0 0 1 0 1 1 1 0 0 1 0 1 1 0 1 1 0 1 0 0]
At 15001/30000: COST 0.244/2.456(0.258) -- Acc 0.900/0.440(0.906)
[1 1 0 1 1 0 1 1 0 1 1 0 1 1 0 1 1 0 1 0 1 1 0 1 0 1 0 1 1 0 0 1 0 1 1 1 1
 0 0 0 1 1 1 1 1 0 1 1 1 1 0 0 1 0 0 1 1 0 1 0 0 1 1 0 0 1 1 0 1 1 0 0 1 0
 1 1 1 0 1 1 1 1 0 0 1 1 1 0 1 0 1 1 0 1 0 0 0 0 1 1]
At 15101/30000: COST 0.257/2.648(0.247) -- Acc 0.920/0.430(0.909)
[1 1 0 1 1 1 0 0 0 1 0 1 0 0 0 0 1 1 1 0 1 0 1 1 1 1 0 1 1 1 0 1 1 1 0 1 1
 1 1 1 1 0 0 1 0 0 1 0 1 1 0 1 1 1 1 1 1 1 1 0 1 0 0 1 0 1 1 1 0 0 1 0 0 1
 0 0 1 1 1 0 1 1 0 1 0 0 0 0 0 1 0 1 0 0 0 1 1 0 1 1]
At 15201/30000: COST 0.323/2.837(0.234) -- Acc 0.870/0.470(0.914)
[1 1 1 1 1 0 1 1 0 1 0 0 1 1 0 1 0 1 1 1 1 0 0 1 0 0 0 1 1 0 1 0 1 1 1 0 1
 1 1 1 1 0 1 1 1 1 1 0 1 0 0 0 1 0 0 1 0 0 1 1 1 0 0 0 1 1 1 1 0 0 1 0 0 1
 1 0 0 0 0 0 1 0 1 1 1 1 1 0 0 1 0 1 0 0 1 1 1 0 0 0]
At 15301/30000: COST 0.208/2.473(0.239) -- Acc 0.950/0.470(0.912)
[1 1 0 1 1 0 0 1 1 0 1 1 0 0 0 1 0 1 0 1 1 0 0 1 0 0 0 1 0 1 0 1 0 0 1 1 1
 1 1 1 0 0 0 0 0 0 1 1 1 0 1 0 1 0 0 1 0 0 1 1 0 1 0 1 1 0 0 1 0 1 1 0 1 1
 0 1 0 1 0 1 1 0 1 1 0 1 0 1 1 1 1 1 0 1 1 0 0 0 1 0]
At 15401/30000: COST 0.247/2.890(0.236) -- Acc 0.890/0.460(0.912)
[1 1 1 0 1 1 1 0 1 0 1 1 1 0 0 1 0 1 0 1 0 0 1 1 1 1 1 0 1 1 1 1 1 0 1 1 0
 1 1 1 1 1 1 0 1 0 0 1 1 0 0 0 1 0 0 0 0 0 0 1 1 1 1 1 0 0 1 0 1 1 0 1 0 0
 0 1 1 0 1 0 0 1 1 0 0 1 0 0 0 0 0 1 0 0 0 1 1 0 1 1]
At 15501/30000: COST 0.253/2.606(0.238) -- Acc 0.920/0.460(0.913)
[1 0 1 1 1 1 1 0 0 1 1 1 1 1 1 1 0 1 1 0 1 1 0 1 0 1 1 0 0 1 1 0 0 0 1 0 0
 0 0 1 1 1 1 1 0 1 1 0 0 1 1 0 1 1 0 0 1 0 1 1 1 0 1 1 1 1 1 1 0 1 1 0 1 1
 0 1 0 1 0 1 1 0 1 1 0 1 1 1 0 1 0 0 1 0 0 0 0 1 1 1]
At 15601/30000: COST 0.268/1.993(0.250) -- Acc 0.930/0.510(0.910)
[0 1 1 0 0 1 1 0 0 0 1 1 1 1 0 1 1 1 1 1 1 1 1 1 1 0 0 0 0 1 0 1 0 1 1 0 0
 0 0 0 0 1 1 1 1 1 0 1 0 1 1 1 0 0 1 0 0 0 1 0 0 1 1 1 1 1 0 1 1 0 0 1 1 0
 0 1 1 1 1 0 1 0 1 1 1 1 1 1 1 0 0 1 0 1 1 1 1 1 0 1]
At 15701/30000: COST 0.157/2.296(0.246) -- Acc 0.950/0.480(0.913)
[1 1 1 0 1 0 0 1 0 0 0 0 1 1 0 1 0 1 0 1 1 1 1 0 1 0 0 0 1 1 0 1 1 0 1 1 1
 0 1 0 1 0 1 1 1 1 1 0 0 1 0 1 1 1 1 1 0 0 0 0 1 1 0 1 1 1 1 1 0 1 1 1 1 0
 1 0 1 1 1 1 0 1 0 1 1 1 0 0 1 0 0 0 1 0 1 1 0 0 0 0]
At 15801/30000: COST 0.309/2.427(0.244) -- Acc 0.900/0.510(0.914)
[1 0 1 0 1 1 1 1 0 1 0 1 1 0 0 0 1 0 1 1 1 1 0 0 1 1 1 1 1 0 0 1 0 1 0 0 1
 1 0 0 1 0 0 1 1 1 1 0 1 0 1 0 1 0 1 1 1 0 0 1 1 0 1 1 1 0 0 0 1 1 1 0 0 1
 1 1 1 1 1 1 0 0 0 1 1 0 1 1 0 1 1 1 1 0 1 1 0 1 1 0]
At 15901/30000: COST 0.304/2.684(0.231) -- Acc 0.900/0.520(0.916)
[0 1 0 0 0 1 1 0 1 1 1 1 1 1 0 1 0 0 0 1 1 1 1 1 0 0 1 1 0 0 0 1 1 0 1 1 1
 1 0 1 1 1 1 0 1 0 1 1 0 1 1 0 1 0 0 1 1 0 0 1 0 0 1 1 1 1 0 0 0 0 1 1 1 1
 1 1 1 0 1 1 0 0 0 0 0 1 1 1 0 1 1 0 1 0 1 1 1 1 1 1]
At 16001/30000: COST 0.366/3.015(0.218) -- Acc 0.910/0.460(0.920)
[0 1 1 0 0 1 1 1 1 1 0 0 0 1 0 1 1 1 1 1 1 0 1 1 1 1 1 1 1 0 0 1 1 0 1 1 1
 1 0 0 0 1 0 1 0 1 0 0 1 0 1 0 1 0 1 1 0 1 0 1 0 0 1 1 1 1 1 0 1 0 0 1 0 0
 1 0 0 1 1 1 0 0 1 0 1 1 1 0 1 1 1 1 1 0 0 1 1 1 0 1]
At 16101/30000: COST 0.190/2.551(0.218) -- Acc 0.930/0.540(0.922)
[1 1 1 1 0 1 0 1 0 0 0 1 0 1 1 1 1 1 1 0 1 1 1 1 1 1 1 1 0 1 1 0 1 1 1 1 0
 0 1 0 1 1 0 0 0 1 1 0 1 1 0 0 1 0 1 1 1 1 1 1 0 0 0 0 0 1 0 1 0 1 1 0 1 0
 1 1 0 0 1 1 1 1 1 1 0 1 1 1 0 1 0 1 1 0 0 1 1 0 0 1]
At 16201/30000: COST 0.300/2.625(0.215) -- Acc 0.930/0.520(0.924)
[0 0 1 0 0 0 1 1 1 1 1 0 0 1 1 1 0 0 1 0 0 0 1 1 1 1 1 1 0 1 1 1 1 0 1 1 1
 1 0 1 1 1 0 1 0 1 1 0 0 0 1 0 0 1 0 1 1 0 1 0 1 0 1 1 0 1 0 1 0 0 0 0 0 1
 1 1 1 0 1 0 1 1 1 1 1 1 1 1 1 0 0 1 1 1 1 0 1 1 1 0]
At 16301/30000: COST 0.227/2.774(0.218) -- Acc 0.920/0.460(0.922)
[1 0 1 1 0 1 1 1 1 0 0 0 0 1 1 1 1 0 1 1 0 0 1 1 0 0 1 1 1 0 0 1 0 0 0 1 1
 0 0 0 1 0 0 1 1 1 0 0 1 1 1 1 1 1 0 1 1 1 1 1 0 1 0 1 1 1 1 1 1 0 1 1 1 1
 0 1 1 0 1 1 1 1 1 0 1 1 1 0 1 0 1 0 0 0 1 1 1 1 0 1]
At 16401/30000: COST 0.166/2.157(0.237) -- Acc 0.970/0.530(0.914)
[0 1 0 0 0 1 1 1 0 1 1 1 0 1 1 1 1 0 1 0 1 1 0 1 1 1 1 0 1 0 0 0 0 1 1 1 1
 0 1 1 1 0 0 1 0 0 1 1 1 1 0 1 0 1 1 1 1 1 0 0 0 1 0 1 1 1 1 0 1 1 1 0 0 0
 1 1 1 1 1 1 1 1 1 1 1 1 1 1 1 0 0 0 0 0 1 0 1 0 1 0]
At 16501/30000: COST 0.245/2.848(0.220) -- Acc 0.900/0.520(0.922)
[0 1 0 1 0 0 1 0 1 0 0 1 1 0 1 0 0 1 1 0 1 1 1 1 0 1 1 0 0 1 1 0 0 0 1 0 1
 1 1 1 0 0 0 0 1 1 1 1 0 0 1 1 0 1 1 1 1 1 0 1 0 1 1 0 0 0 1 1 1 1 0 1 0 0
 1 1 1 1 1 1 1 1 0 0 1 1 0 1 0 1 1 1 0 1 1 0 1 1 1 1]
At 16601/30000: COST 0.200/2.707(0.213) -- Acc 0.890/0.480(0.924)
[0 0 0 0 1 0 1 1 1 0 0 1 1 0 1 1 0 1 1 1 0 1 1 0 0 0 0 0 1 1 0 1 1 0 1 1 1
 0 0 1 0 1 1 1 1 0 0 1 1 0 0 1 1 1 0 1 1 0 1 1 1 1 1 1 0 1 0 0 0 1 1 0 1 1
 0 0 0 1 1 1 0 0 1 1 0 1 0 1 1 0 0 0 1 1 1 1 1 1 0 1]
At 16701/30000: COST 0.231/2.545(0.207) -- Acc 0.910/0.530(0.924)
[0 1 1 0 1 0 0 1 0 0 1 1 1 1 0 0 1 1 1 1 0 1 1 0 1 0 1 1 0 1 1 1 0 1 0 1 1
 0 1 1 0 0 0 0 1 1 0 1 1 1 1 0 1 0 0 1 1 0 1 1 1 0 1 1 0 0 1 1 0 0 1 1 0 1
 1 1 0 1 1 1 1 1 0 0 1 1 0 0 0 1 0 0 1 1 0 1 1 1 0 1]
At 16801/30000: COST 0.205/2.739(0.211) -- Acc 0.940/0.530(0.922)
[0 0 1 0 1 1 0 1 1 0 0 1 0 0 1 1 0 1 0 1 1 0 0 1 1 1 1 1 1 1 0 1 0 1 1 0 1
 0 1 1 0 1 1 1 0 1 0 0 0 1 1 0 1 1 0 0 1 0 1 1 1 1 1 1 0 1 0 1 0 0 1 1 1 1
 1 0 1 0 0 1 1 1 0 1 0 1 1 0 0 1 0 0 0 0 1 0 1 1 1 1]
At 16901/30000: COST 0.275/2.743(0.224) -- Acc 0.900/0.500(0.919)
[1 1 1 1 0 0 0 0 0 1 0 1 1 1 1 1 0 0 1 1 1 1 0 1 1 1 1 1 1 1 0 0 0 0 1 0 1
 1 1 1 1 1 0 1 1 0 1 1 1 0 1 0 0 1 0 1 1 1 1 0 0 1 0 1 1 0 1 1 0 1 1 1 1 1
 0 0 1 0 0 1 1 1 1 0 0 0 1 1 0 1 0 1 1 0 0 1 0 0 1 0]
At 17001/30000: COST 0.185/2.811(0.216) -- Acc 0.920/0.460(0.921)
[1 1 1 1 0 1 1 1 1 1 0 1 0 1 1 1 1 1 0 0 1 0 0 1 0 1 1 0 0 1 1 1 0 0 0 1 1
 1 0 0 0 1 0 0 1 1 1 1 1 0 0 1 0 1 1 0 1 0 1 0 0 0 0 1 1 0 1 0 0 0 1 1 1 1
 0 0 1 0 0 1 1 1 1 1 0 1 1 0 1 1 1 0 0 1 1 1 1 0 1 1]
At 17101/30000: COST 0.243/2.514(0.239) -- Acc 0.910/0.470(0.913)
[1 0 0 0 1 1 0 1 0 1 0 1 1 1 1 1 1 1 0 1 1 0 0 0 1 0 1 1 0 1 1 1 1 1 1 1 0
 0 0 1 1 1 0 1 0 0 1 1 1 1 0 1 1 1 1 0 1 1 0 1 1 1 0 1 0 0 0 1 0 1 0 0 0 1
 1 1 1 0 0 1 1 1 0 0 0 0 0 1 1 1 0 1 1 0 0 0 1 1 1 1]
At 17201/30000: COST 0.296/2.535(0.235) -- Acc 0.880/0.510(0.916)
[0 1 1 0 0 0 0 0 0 0 1 0 1 1 1 0 0 0 1 0 1 0 0 0 1 0 1 0 0 1 1 1 1 1 1 0 0
 1 0 1 1 0 1 1 1 1 1 1 1 1 0 0 0 1 1 1 1 1 1 0 0 1 1 1 1 1 0 1 1 1 0 1 1 1
 0 0 0 1 0 0 0 0 1 0 1 1 1 1 1 0 0 1 1 0 1 0 1 1 1 1]
At 17301/30000: COST 0.170/2.484(0.226) -- Acc 0.940/0.570(0.919)
[1 0 1 0 0 0 1 0 1 1 1 1 0 1 1 1 1 1 1 1 1 0 0 1 0 0 1 0 0 1 0 0 1 1 0 0 0
 0 1 0 1 1 1 0 1 1 1 1 1 0 1 0 1 1 0 0 1 0 1 1 0 0 0 0 0 1 1 1 0 1 1 1 1 0
 0 1 0 1 1 1 0 1 0 0 0 1 1 1 1 1 1 0 1 1 1 1 0 0 1 0]
At 17401/30000: COST 0.232/2.775(0.213) -- Acc 0.930/0.490(0.924)
[1 0 1 1 0 1 1 0 0 0 1 1 1 1 1 1 0 1 0 1 0 0 1 1 0 0 0 0 1 1 1 0 0 1 1 1 0
 0 1 1 1 1 0 0 0 1 1 1 1 1 0 1 1 0 0 0 1 0 1 1 0 0 1 0 0 0 1 0 1 1 1 0 1 1
 1 1 1 1 1 0 1 0 0 0 0 1 1 0 1 1 1 1 0 1 1 1 0 1 0 1]
At 17501/30000: COST 0.171/2.575(0.217) -- Acc 0.920/0.500(0.922)
[1 1 1 1 1 0 1 0 1 0 1 0 1 1 1 0 1 1 0 0 1 1 0 1 1 1 0 0 0 1 0 1 1 1 1 0 1
 0 0 0 1 0 1 1 0 1 0 0 1 1 0 0 1 0 0 0 1 1 1 1 1 1 0 0 0 1 0 0 1 0 1 0 0 0
 0 1 1 1 0 0 1 0 1 0 1 1 1 1 0 1 0 0 0 1 1 0 1 1 0 1]
At 17601/30000: COST 0.231/2.672(0.209) -- Acc 0.910/0.500(0.925)
[0 0 1 0 1 1 1 1 0 1 0 1 0 0 0 1 0 1 1 1 1 0 1 1 0 0 1 1 0 1 1 0 1 0 0 1 1
 0 1 0 1 1 0 1 1 1 0 1 0 1 0 1 0 0 1 1 0 0 0 1 0 0 1 1 1 1 0 1 1 0 1 1 1 1
 1 1 0 0 1 1 0 1 1 1 1 1 1 0 1 0 1 1 1 1 1 0 0 1 1 1]
At 17701/30000: COST 0.171/2.648(0.202) -- Acc 0.940/0.510(0.928)
[1 0 0 1 0 0 1 1 0 1 0 0 1 0 0 0 0 0 1 0 0 1 1 0 1 1 0 0 1 1 0 0 0 0 1 1 1
 1 0 0 0 1 1 0 1 1 0 1 0 0 1 0 1 1 0 1 0 1 0 0 0 0 0 0 1 1 0 0 1 1 1 1 0 0
 1 0 1 1 0 1 1 1 0 1 0 1 1 1 0 0 1 1 1 1 0 0 1 1 1 0]
At 17801/30000: COST 0.213/2.234(0.236) -- Acc 0.930/0.510(0.915)
[1 1 0 0 1 1 0 1 1 1 1 1 0 1 0 0 0 0 0 1 1 1 1 1 0 0 1 0 1 0 0 0 1 0 1 1 0
 0 1 1 1 1 1 0 1 0 1 0 1 1 0 1 0 1 1 0 1 1 1 0 1 0 1 0 0 1 1 0 0 1 0 1 1 1
 1 0 1 1 0 1 1 0 0 0 0 0 0 0 1 0 0 1 0 0 0 0 1 0 1 1]
At 17901/30000: COST 0.108/2.429(0.231) -- Acc 0.970/0.520(0.917)
[0 0 1 0 0 1 1 1 0 1 0 1 1 1 0 0 1 1 0 0 0 0 0 0 0 1 1 1 1 1 1 0 1 0 0 1 0
 1 1 1 1 1 0 0 1 0 1 1 1 0 1 0 1 1 1 1 1 1 0 1 0 1 0 1 0 1 1 1 1 1 1 1 1 1
 0 1 1 0 1 0 1 1 1 0 1 0 0 1 0 1 1 1 0 0 0 0 0 0 1 1]
At 18001/30000: COST 0.171/2.511(0.225) -- Acc 0.970/0.480(0.922)
[0 0 1 0 0 1 1 0 1 0 0 1 1 1 0 0 0 1 1 1 1 0 1 0 0 0 1 1 1 1 0 1 0 1 1 1 1
 1 1 1 1 1 1 0 0 0 0 0 0 0 1 1 1 1 1 0 0 1 1 0 1 1 0 1 1 1 0 0 0 1 0 1 0 1
 0 0 1 1 0 0 1 0 1 1 1 0 1 1 0 0 1 1 0 0 1 1 0 1 1 0]
At 18101/30000: COST 0.219/2.411(0.214) -- Acc 0.930/0.530(0.926)
[1 1 1 0 1 0 1 0 1 1 0 0 1 0 1 1 0 1 1 1 1 0 1 0 1 1 0 0 1 1 0 1 1 0 0 1 1
 0 1 1 1 0 0 0 1 0 1 1 0 0 0 0 1 0 1 0 1 0 0 1 0 0 1 1 1 1 1 1 0 1 1 0 0 1
 0 0 1 0 1 0 1 0 0 1 0 0 1 1 1 0 0 0 1 0 1 1 0 1 1 0]
At 18201/30000: COST 0.247/2.457(0.231) -- Acc 0.920/0.490(0.918)
[1 0 0 1 0 0 0 0 1 1 0 1 1 1 1 1 1 1 1 0 1 0 1 1 0 0 1 1 1 1 1 0 0 1 0 0 1
 1 1 0 1 1 1 0 1 1 0 0 1 1 0 0 1 1 1 1 1 1 0 1 0 1 1 0 1 0 1 0 0 0 0 0 0 0
 0 1 1 1 1 0 0 1 1 0 1 1 1 0 0 1 1 1 0 0 0 1 1 1 0 0]
At 18301/30000: COST 0.196/2.858(0.219) -- Acc 0.930/0.500(0.920)
[0 0 1 1 1 1 1 0 0 1 1 0 1 1 1 1 1 1 1 0 1 0 0 0 0 1 1 1 1 1 1 1 0 1 0 1 1
 1 1 1 1 1 0 1 1 1 0 0 1 1 1 0 0 0 0 1 0 1 0 0 0 0 1 0 0 0 0 0 1 1 1 0 1 0
 0 0 1 0 0 1 1 1 0 1 1 1 0 0 0 0 1 0 1 0 1 1 1 1 0 1]
At 18401/30000: COST 0.215/2.388(0.224) -- Acc 0.930/0.480(0.918)
[0 1 1 1 0 1 0 1 1 1 1 1 1 1 1 0 1 1 1 1 0 1 0 0 0 1 0 0 1 1 1 1 1 1 0 1 0
 0 1 1 0 0 1 0 1 1 0 0 1 1 1 0 1 1 1 1 0 1 1 1 1 0 1 1 1 1 1 0 1 1 1 0 0 1
 0 0 0 1 1 0 1 0 0 1 0 0 0 1 1 0 0 1 0 0 0 1 1 0 1 1]
At 18501/30000: COST 0.166/2.217(0.241) -- Acc 0.940/0.440(0.913)
[1 1 0 1 1 1 0 0 0 0 0 1 0 1 1 0 0 0 1 0 1 0 1 1 0 0 1 0 0 1 1 1 1 1 0 1 1
 1 0 1 0 1 1 0 1 1 1 1 0 0 1 0 1 0 0 0 1 0 1 1 0 1 0 0 1 0 1 0 1 0 0 1 1 1
 1 1 1 0 0 1 1 0 0 0 1 1 1 0 0 1 1 0 1 1 0 1 0 1 1 0]
At 18601/30000: COST 0.168/2.462(0.222) -- Acc 0.950/0.480(0.920)
[1 1 1 0 0 1 1 1 0 1 0 1 0 1 1 0 0 0 1 0 1 1 0 0 1 0 1 1 0 1 1 0 1 1 1 1 1
 1 1 1 1 1 0 1 0 0 1 1 1 1 0 1 1 1 0 0 1 1 0 1 1 0 0 1 1 0 0 1 1 0 0 0 1 1
 0 1 1 0 1 0 0 1 1 0 0 1 0 1 0 1 1 1 0 0 1 1 0 0 0 0]
At 18701/30000: COST 0.185/2.564(0.224) -- Acc 0.950/0.470(0.921)
[0 0 1 0 0 1 1 0 1 0 1 0 1 1 1 1 0 1 0 0 1 1 1 1 0 0 1 0 0 1 1 1 1 0 1 1 1
 0 1 0 1 1 0 1 0 1 0 1 0 1 1 0 0 1 0 1 0 1 1 0 1 1 0 0 1 1 0 0 1 1 1 1 0 1
 1 0 1 0 0 1 0 0 1 0 0 1 0 1 0 1 1 1 1 0 0 0 1 0 1 1]
At 18801/30000: COST 0.210/1.939(0.239) -- Acc 0.930/0.550(0.916)
[1 1 1 0 1 1 0 1 1 0 0 0 0 0 1 0 1 0 1 0 0 1 0 1 1 1 0 0 1 0 1 0 0 1 1 1 1
 0 0 0 1 0 1 1 1 0 0 1 1 1 0 1 0 0 1 1 0 0 1 0 1 1 0 0 1 0 0 1 1 0 0 0 1 1
 0 1 1 1 1 0 0 1 1 1 1 1 0 1 1 1 1 1 1 0 1 1 1 0 1 0]
At 18901/30000: COST 0.289/2.095(0.225) -- Acc 0.880/0.540(0.921)
[1 0 1 0 1 1 1 1 1 0 0 0 0 0 1 1 0 0 1 1 0 1 0 0 0 1 0 0 1 1 0 1 0 1 1 0 1
 0 1 0 0 0 0 1 1 1 0 1 0 1 1 0 1 0 1 0 0 1 1 1 0 1 1 1 1 0 0 1 1 1 0 1 1 1
 1 0 0 0 0 1 1 1 1 1 1 1 0 0 1 1 0 1 0 0 0 0 1 1 0 1]
At 19001/30000: COST 0.208/1.854(0.247) -- Acc 0.940/0.480(0.915)
[1 1 1 1 1 0 1 0 1 0 0 1 1 1 0 1 1 0 0 0 1 0 1 0 1 0 0 0 0 1 1 1 1 1 0 1 1
 0 0 0 0 1 1 1 1 0 0 0 1 0 1 0 1 0 1 1 0 1 0 0 0 1 0 0 1 1 1 1 0 1 1 1 1 0
 1 0 1 1 0 1 1 1 1 1 1 0 1 0 1 1 1 1 1 0 0 0 0 1 0 0]
At 19101/30000: COST 0.296/2.191(0.240) -- Acc 0.920/0.460(0.918)
[1 1 0 1 1 0 1 0 0 1 0 0 1 1 1 1 1 0 1 1 1 1 1 1 0 1 0 0 0 0 0 0 1 1 0 0 1
 1 1 1 1 1 0 0 1 1 1 1 0 1 0 1 0 0 0 1 1 0 0 1 0 1 1 0 1 0 0 0 0 1 1 0 1 1
 1 1 0 0 0 1 0 0 1 1 0 0 1 0 1 1 1 0 0 1 1 0 0 1 1 0]
At 19201/30000: COST 0.171/2.164(0.233) -- Acc 0.950/0.480(0.920)
[0 1 1 0 1 1 1 0 1 0 1 0 1 1 0 1 0 0 1 1 0 1 1 0 0 1 0 1 0 0 1 0 1 1 1 1 1
 0 1 0 0 1 1 1 0 0 1 0 1 0 1 1 1 0 1 1 0 1 1 0 1 1 1 0 1 1 0 1 0 0 1 1 1 0
 0 0 1 1 0 1 0 0 1 1 1 0 1 1 1 1 0 0 1 1 1 1 1 0 0 1]
At 19301/30000: COST 0.290/1.924(0.223) -- Acc 0.880/0.530(0.925)
[1 1 0 0 0 1 1 0 0 1 1 0 1 0 0 0 1 1 0 1 0 0 0 1 1 0 0 1 0 1 1 1 1 1 0 1 1
 1 1 1 1 0 1 0 0 1 1 1 1 1 1 1 0 1 1 1 0 1 1 0 1 0 1 0 0 0 1 0 1 0 1 0 1 0
 0 0 0 0 0 0 1 1 0 0 0 1 1 1 0 0 0 1 0 0 1 1 1 1 1 1]
At 19401/30000: COST 0.231/2.398(0.220) -- Acc 0.930/0.500(0.924)
[1 0 0 0 0 0 1 0 1 1 1 0 1 0 1 0 0 0 0 1 1 1 1 1 0 0 1 1 1 1 0 1 0 0 1 1 1
 1 1 1 1 1 1 0 1 1 0 1 1 0 0 0 1 0 0 0 1 1 1 0 0 0 1 1 1 1 0 1 0 1 1 1 1 0
 1 0 1 1 0 0 1 0 1 0 0 0 0 1 0 1 1 0 1 1 1 1 1 0 0 0]
At 19501/30000: COST 0.258/2.338(0.209) -- Acc 0.900/0.510(0.929)
[1 1 0 0 0 1 0 1 1 1 0 1 1 1 1 1 1 0 1 1 1 1 1 1 0 1 1 1 0 1 0 0 1 0 1 0 0
 0 1 0 1 0 1 1 1 0 1 0 0 1 0 0 0 1 1 1 1 1 1 1 1 0 1 1 1 1 1 1 1 0 0 0 1 0
 1 0 0 1 1 1 0 0 1 1 1 1 1 1 0 1 1 1 1 0 1 1 0 1 0 0]
At 19601/30000: COST 0.257/2.193(0.223) -- Acc 0.930/0.470(0.923)
[1 1 1 0 0 0 1 1 1 0 0 1 1 0 1 0 0 1 0 1 1 0 1 0 1 1 1 1 0 0 1 1 1 0 1 0 0
 1 1 1 0 1 0 0 0 0 1 0 1 1 1 1 1 0 1 1 1 0 1 0 0 0 0 1 1 1 0 0 0 1 0 0 1 1
 0 0 1 1 0 0 0 0 1 1 0 1 1 1 1 0 1 1 1 1 1 1 1 1 1 0]
At 19701/30000: COST 0.211/2.679(0.214) -- Acc 0.900/0.470(0.925)
[0 1 0 1 1 0 1 1 1 0 0 1 0 0 1 0 1 1 1 1 1 0 0 1 1 1 1 0 1 1 1 1 0 1 1 1 1
 1 1 1 1 1 1 0 1 1 1 1 0 1 0 1 1 0 0 1 1 0 0 1 0 0 1 0 1 0 1 0 0 1 1 1 1 1
 0 1 0 1 1 1 1 1 0 0 1 0 1 0 1 1 1 1 1 1 1 0 1 0 1 0]
At 19801/30000: COST 0.252/2.335(0.222) -- Acc 0.940/0.470(0.923)
[1 0 0 1 0 1 0 1 0 1 0 0 0 1 0 1 1 1 0 1 0 0 0 1 0 0 0 1 1 1 1 0 0 1 1 0 1
 0 1 0 0 0 1 1 1 0 1 0 1 0 1 1 0 1 1 1 1 1 0 1 1 1 1 0 0 1 1 1 1 0 0 0 1 0
 1 0 1 0 1 1 1 1 1 1 1 0 0 0 0 0 0 0 1 1 1 1 0 0 1 1]
At 19901/30000: COST 0.204/1.958(0.237) -- Acc 0.900/0.500(0.917)
[1 1 0 0 0 1 0 0 1 0 0 0 0 1 0 0 0 0 1 0 0 1 0 1 0 1 1 0 0 1 1 1 0 1 1 1 0
 1 1 1 1 1 1 1 1 1 0 0 1 1 1 1 0 1 0 0 0 0 1 1 0 1 0 1 1 1 0 1 1 1 1 1 0 1
 1 1 0 1 1 1 1 1 1 1 1 1 0 1 0 1 0 0 1 1 1 0 1 1 1 0]
At 20001/30000: COST 0.219/2.313(0.234) -- Acc 0.900/0.460(0.918)
[0 1 1 1 0 1 1 1 0 1 1 1 1 0 0 0 1 1 1 1 1 1 1 1 0 1 1 0 0 1 0 1 0 1 0 0 1
 0 0 1 1 0 0 1 0 0 1 1 1 0 0 1 0 0 0 0 1 0 1 0 0 1 0 1 1 0 0 1 1 1 1 1 1 0
 1 1 1 1 1 0 0 1 0 1 0 1 0 0 0 0 0 1 1 1 0 0 0 1 1 1]
At 20101/30000: COST 0.154/2.404(0.221) -- Acc 0.930/0.490(0.923)
[1 0 1 0 1 0 1 1 1 1 1 1 1 1 0 1 1 1 0 1 0 1 1 1 0 1 1 1 0 0 1 0 1 1 0 0 0
 0 1 0 0 0 1 0 0 0 0 1 0 1 1 1 1 0 0 1 1 1 0 1 1 1 1 0 0 1 0 0 1 1 1 0 0 0
 0 0 1 1 1 0 1 1 1 0 0 1 1 1 0 1 0 0 1 0 1 1 0 0 0 0]
At 20201/30000: COST 0.233/2.189(0.221) -- Acc 0.920/0.520(0.923)
[1 0 1 1 0 0 1 0 0 0 1 0 0 0 1 0 0 0 0 0 1 0 1 0 0 1 1 0 1 0 1 1 1 0 0 1 1
 1 0 1 0 0 0 0 1 0 0 1 1 0 0 1 1 1 1 1 1 1 1 1 0 1 0 1 0 1 1 0 1 0 1 1 0 0
 0 0 1 0 0 1 1 1 1 1 1 1 1 0 0 0 0 1 1 0 1 1 1 1 1 1]
At 20301/30000: COST 0.334/1.929(0.243) -- Acc 0.880/0.530(0.915)
[1 0 1 1 0 1 1 0 0 1 1 0 1 1 0 0 0 0 0 1 1 1 1 1 0 0 1 1 1 1 0 0 0 0 0 0 1
 0 0 1 1 0 1 1 0 1 0 1 1 1 1 1 1 0 0 0 0 1 1 0 1 1 0 1 1 1 0 1 0 0 1 0 0 0
 0 1 0 0 1 0 0 0 0 0 0 0 0 1 0 1 1 0 1 1 0 1 1 1 1 1]
At 20401/30000: COST 0.221/2.257(0.228) -- Acc 0.900/0.540(0.922)
[1 1 1 1 0 1 1 1 1 0 1 1 0 1 1 1 1 0 0 0 1 0 0 1 1 1 0 0 0 1 1 1 0 1 0 1 1
 1 0 1 0 1 0 1 0 1 0 0 1 0 1 1 1 0 1 0 1 0 0 0 1 0 1 1 1 0 0 1 0 1 1 0 0 1
 1 1 1 1 1 0 1 0 0 1 1 0 1 1 1 0 0 0 1 1 0 0 1 0 0 1]
At 20501/30000: COST 0.150/2.514(0.210) -- Acc 0.940/0.490(0.927)
[0 0 1 0 0 0 0 1 0 1 1 0 1 1 0 1 1 0 0 0 1 0 0 1 0 0 1 1 1 0 0 1 1 1 0 1 1
 1 1 1 1 1 0 1 1 1 0 1 0 1 1 1 0 0 1 1 1 0 1 0 0 1 0 0 0 1 1 1 1 1 0 1 1 1
 1 0 1 0 1 0 1 0 0 0 0 1 0 0 0 1 1 0 1 0 0 1 1 1 0 1]
At 20601/30000: COST 0.359/2.259(0.214) -- Acc 0.900/0.520(0.928)
[1 1 0 1 1 0 0 0 0 1 1 0 0 1 1 0 0 1 0 1 1 0 0 1 1 1 1 1 1 1 0 0 0 1 1 0 0
 0 1 0 0 1 1 1 1 1 0 1 0 1 1 0 0 0 0 0 1 0 1 1 1 0 1 0 0 0 1 0 1 1 1 0 0 0
 0 1 1 1 1 0 0 1 0 1 1 1 0 0 1 0 1 1 0 1 0 1 1 0 1 0]
At 20701/30000: COST 0.361/2.386(0.218) -- Acc 0.910/0.480(0.926)
[1 1 1 0 1 1 1 0 0 1 0 0 0 1 1 0 1 1 1 0 1 0 0 1 0 1 0 1 0 0 1 1 1 1 0 1 1
 0 1 1 1 0 1 1 0 0 0 1 0 0 0 0 1 0 1 1 1 1 0 0 0 0 1 1 0 0 1 1 0 1 1 0 1 0
 0 0 0 0 0 0 1 0 0 0 1 0 1 0 0 1 0 1 1 0 0 0 0 1 1 0]
At 20801/30000: COST 0.245/2.484(0.205) -- Acc 0.920/0.490(0.931)
[0 1 1 0 0 0 1 1 1 0 1 1 0 1 0 0 1 0 1 0 1 0 0 1 1 0 0 0 1 0 1 1 1 0 1 1 0
 0 1 1 0 0 1 1 0 0 1 1 0 1 1 1 1 0 1 0 1 1 0 0 0 1 0 0 1 0 0 0 0 1 1 0 1 1
 1 1 0 0 0 0 1 0 1 1 0 0 1 0 1 1 1 1 0 1 1 1 0 0 0 0]
At 20901/30000: COST 0.103/2.560(0.198) -- Acc 0.950/0.500(0.932)
[1 0 1 1 0 1 1 1 0 1 1 1 1 1 1 1 0 1 1 1 0 0 0 1 0 0 0 1 0 1 0 0 1 0 0 1 1
 0 0 1 0 1 1 1 0 0 0 1 0 1 1 1 0 0 1 0 1 0 1 1 1 0 1 0 1 0 0 0 0 1 1 0 1 1
 1 1 0 0 1 1 1 0 0 1 1 1 1 1 1 1 1 1 1 1 0 0 1 0 0 0]
At 21001/30000: COST 0.281/2.472(0.213) -- Acc 0.910/0.490(0.928)
[1 0 1 0 0 1 0 1 1 0 1 0 1 0 0 0 0 0 1 1 0 1 0 0 0 1 1 1 0 1 0 0 0 0 1 1 1
 1 0 1 0 0 0 0 0 1 1 0 1 0 1 1 1 1 0 0 1 1 0 0 1 0 0 0 1 1 1 1 1 0 0 1 1 1
 1 1 1 1 0 1 1 1 1 1 0 0 1 0 0 1 1 1 1 1 1 1 0 0 0 0]
At 21101/30000: COST 0.138/2.857(0.203) -- Acc 0.960/0.450(0.930)
[0 0 1 1 1 0 0 0 1 1 0 0 1 0 1 1 0 1 1 1 1 1 0 0 1 1 1 1 1 0 1 0 1 0 0 0 0
 0 1 1 1 0 0 1 1 0 0 1 0 1 1 0 0 0 0 1 0 0 1 0 1 0 0 1 0 0 1 1 1 1 1 0 1 1
 0 1 0 1 0 0 1 0 0 0 1 1 0 1 1 1 1 1 1 1 0 1 1 1 1 0]
At 21201/30000: COST 0.081/2.667(0.197) -- Acc 0.980/0.480(0.933)
[0 1 1 1 1 1 1 0 0 1 0 1 0 0 1 1 1 0 1 1 0 0 0 1 1 0 0 0 1 0 0 0 0 1 1 0 0
 1 0 1 1 0 0 1 1 1 1 0 1 1 1 0 0 1 1 0 1 1 1 1 0 1 1 1 0 1 0 0 0 0 0 1 1 0
 1 1 1 1 1 1 0 0 0 0 1 1 1 0 1 1 1 1 0 0 0 1 1 0 1 0]
At 21301/30000: COST 0.181/2.627(0.203) -- Acc 0.950/0.490(0.931)
[1 0 0 0 1 0 1 0 0 0 1 0 1 0 1 0 1 1 0 0 1 1 0 1 1 1 1 0 0 0 1 0 1 1 0 0 0
 0 0 1 1 1 1 1 1 0 0 0 0 1 1 1 1 0 0 0 1 1 0 0 0 0 1 1 1 1 1 0 1 0 1 0 1 0
 0 1 0 1 1 0 1 1 1 1 0 0 0 1 0 1 1 1 1 0 1 1 0 1 0 0]
At 21401/30000: COST 0.094/2.618(0.204) -- Acc 0.960/0.470(0.930)
[1 0 1 1 0 1 1 1 0 0 1 1 0 1 1 0 1 0 0 0 1 1 1 0 1 0 1 0 1 1 0 0 0 1 1 0 0
 1 1 1 0 0 0 0 1 0 1 0 0 0 0 1 1 1 0 1 1 1 0 1 1 0 1 0 1 0 0 0 0 0 1 0 1 0
 1 1 0 1 0 0 1 1 1 1 0 0 1 0 0 1 1 0 1 0 0 0 0 1 0 1]
At 21501/30000: COST 0.183/3.118(0.187) -- Acc 0.920/0.470(0.936)
[0 0 1 1 1 1 1 0 0 1 0 1 0 1 1 1 1 0 1 0 1 1 1 0 0 0 1 1 0 1 1 0 1 0 1 1 1
 0 1 1 1 0 1 0 1 0 1 1 0 1 0 0 0 0 0 0 1 1 0 0 0 1 0 1 1 0 0 0 1 0 1 0 0 0
 0 0 1 0 0 1 0 0 1 0 1 1 1 1 1 0 1 0 1 1 1 1 0 0 1 1]
At 21601/30000: COST 0.140/3.535(0.178) -- Acc 0.970/0.480(0.939)
[1 1 1 1 0 1 0 1 1 0 0 1 1 1 1 1 0 0 1 0 1 1 1 1 1 1 0 1 0 1 0 1 0 0 0 1 1
 0 1 0 0 0 1 0 1 0 1 0 1 1 0 1 1 0 1 1 0 1 0 0 1 0 0 1 0 1 1 1 0 1 0 0 1 1
 0 1 1 0 1 1 0 0 0 0 0 0 1 0 1 1 1 0 1 0 0 0 1 1 1 1]
At 21701/30000: COST 0.326/2.281(0.193) -- Acc 0.920/0.530(0.936)
[0 1 1 1 1 1 1 1 0 1 0 0 0 1 1 0 0 0 1 0 1 0 0 0 1 1 1 1 0 1 1 0 1 1 0 0 1
 1 0 1 1 0 0 1 1 0 1 1 1 1 0 1 0 1 0 1 1 0 1 1 0 1 1 0 1 1 1 0 0 0 1 0 1 1
 1 0 0 1 1 1 1 0 0 0 1 0 0 1 1 0 0 0 0 1 0 0 1 1 1 0]
At 21801/30000: COST 0.227/2.496(0.197) -- Acc 0.930/0.490(0.935)
[0 1 1 1 0 1 1 1 1 0 1 1 0 1 1 1 1 1 1 1 1 0 0 0 0 1 0 1 0 0 1 1 1 1 1 0 1
 0 1 1 0 0 0 0 0 1 0 1 1 0 1 1 1 0 0 1 1 0 0 0 0 1 1 1 1 1 0 0 0 0 0 1 0 1
 1 0 0 1 1 0 0 1 1 1 0 1 0 1 1 0 1 1 0 0 0 0 0 0 1 0]
At 21901/30000: COST 0.327/2.277(0.207) -- Acc 0.860/0.510(0.931)
[1 1 1 1 0 1 1 0 1 0 1 1 0 0 0 0 0 1 0 0 1 0 1 0 0 0 1 1 1 0 0 0 1 0 1 0 1
 1 1 0 0 1 0 0 1 1 1 1 1 0 0 0 1 1 0 1 1 1 0 0 1 1 1 1 1 1 0 1 1 0 1 1 0 1
 0 1 1 1 1 1 1 0 1 0 1 0 0 1 0 0 1 1 1 0 1 1 0 0 0 1]
At 22001/30000: COST 0.231/2.342(0.221) -- Acc 0.900/0.460(0.925)
[0 1 1 1 1 1 1 0 0 0 1 1 0 1 0 1 1 1 1 1 1 1 1 0 1 0 0 1 1 0 0 0 1 1 1 0 0
 1 1 1 1 1 1 0 1 0 1 0 1 0 1 1 1 1 1 1 0 0 1 1 0 1 1 0 0 0 1 0 0 1 0 1 1 1
 1 1 0 0 1 0 1 0 0 0 0 1 1 0 0 0 1 0 1 1 1 1 0 0 1 1]
At 22101/30000: COST 0.185/1.984(0.241) -- Acc 0.930/0.510(0.918)
[0 1 0 1 0 0 1 0 1 1 1 1 1 1 1 0 1 1 1 0 1 0 1 1 0 0 1 0 0 0 0 1 1 1 1 1 0
 0 0 1 0 1 0 1 1 0 1 1 1 0 1 0 0 0 1 1 1 0 1 0 1 1 0 1 0 1 1 0 1 1 0 0 1 0
 0 0 1 1 1 1 0 0 1 0 1 0 0 0 1 0 0 1 1 1 1 0 1 1 0 1]
At 22201/30000: COST 0.320/1.923(0.243) -- Acc 0.930/0.490(0.918)
[0 1 0 1 0 0 1 1 1 0 0 1 1 0 1 0 0 0 1 1 1 0 1 1 0 0 0 0 0 1 1 1 1 0 1 1 1
 1 1 0 0 1 0 1 1 1 1 0 0 1 0 1 0 0 1 0 1 0 1 1 1 1 1 0 1 1 0 0 0 0 0 0 0 0
 0 1 1 1 1 1 0 0 1 1 1 0 1 0 0 0 1 0 1 1 1 0 0 0 1 0]
At 22301/30000: COST 0.305/1.805(0.246) -- Acc 0.910/0.530(0.919)
[1 0 0 1 0 1 0 1 0 1 1 0 1 0 0 1 0 1 1 1 1 1 0 1 0 1 1 1 1 1 1 1 1 0 1 0 1
 0 1 1 1 1 0 0 1 0 1 0 1 0 0 1 0 1 1 0 0 1 1 0 1 1 1 1 0 0 1 1 0 0 1 0 1 0
 1 1 1 1 1 0 1 1 0 0 1 1 0 1 1 1 1 0 1 1 0 1 0 1 0 1]
At 22401/30000: COST 0.179/2.163(0.238) -- Acc 0.950/0.510(0.919)
[1 1 1 0 0 1 1 1 0 0 1 0 0 0 0 1 1 0 1 1 1 1 1 1 1 1 0 0 1 0 0 1 0 0 1 0 1
 0 0 0 1 1 0 1 1 1 1 1 1 0 1 0 0 1 0 1 1 0 1 0 0 1 1 0 0 1 1 0 0 0 0 0 0 1
 1 1 1 0 1 0 1 1 1 0 1 1 1 1 0 1 0 1 1 1 0 1 0 1 1 0]
At 22501/30000: COST 0.141/1.651(0.231) -- Acc 0.940/0.560(0.922)
[1 1 0 0 1 0 1 0 1 1 1 0 0 1 1 0 0 1 0 1 1 1 1 0 0 1 1 1 0 0 1 1 0 1 0 1 1
 1 1 0 0 0 1 0 1 1 1 0 0 1 1 0 0 0 0 0 0 0 0 1 0 0 1 0 0 0 1 0 0 1 1 1 0 1
 1 0 1 1 1 1 1 1 1 0 1 1 0 1 1 1 0 1 1 1 0 0 0 0 1 1]
At 22601/30000: COST 0.203/2.283(0.207) -- Acc 0.940/0.520(0.930)
[0 1 1 1 1 0 1 0 1 1 1 1 1 1 1 1 0 1 1 1 1 1 0 0 0 1 1 0 1 1 1 0 1 0 1 1 0
 0 1 0 1 0 0 0 0 0 0 0 0 1 0 0 1 1 1 0 1 1 1 0 0 0 1 1 1 0 1 1 1 0 0 1 1 0
 1 0 0 1 0 1 0 0 0 0 1 0 0 1 1 1 1 0 1 1 0 0 0 0 0 1]
At 22701/30000: COST 0.145/2.354(0.190) -- Acc 0.960/0.510(0.938)
[0 0 0 1 0 0 0 1 0 0 1 0 0 1 0 0 0 0 1 1 1 0 1 0 0 1 1 0 1 0 1 1 1 1 0 1 0
 1 1 0 0 0 1 1 1 1 1 0 1 0 0 1 0 0 0 0 0 1 1 1 1 1 1 0 1 1 1 0 0 0 1 1 0 1
 1 0 1 0 1 1 0 1 1 1 0 0 1 1 1 1 1 1 0 1 0 1 1 0 1 0]
At 22801/30000: COST 0.172/2.464(0.188) -- Acc 0.940/0.510(0.936)
[0 1 1 0 1 1 0 0 0 1 1 0 1 1 1 0 1 1 1 0 1 0 1 0 0 1 0 0 1 1 1 1 0 1 1 0 1
 0 1 0 0 1 0 1 1 1 1 1 0 0 0 1 1 1 1 1 0 0 1 1 1 0 1 0 0 0 1 1 1 1 1 1 0 1
 1 1 0 0 0 0 1 1 1 0 0 0 1 0 1 0 1 0 1 1 1 0 1 1 1 0]
At 22901/30000: COST 0.198/1.870(0.202) -- Acc 0.950/0.540(0.932)
[1 0 0 1 1 1 1 1 0 0 1 1 0 0 1 0 0 1 1 1 0 0 0 1 0 1 1 1 0 1 0 0 1 0 0 1 1
 1 1 0 1 0 1 1 0 0 0 0 1 0 0 1 0 0 1 1 1 0 0 0 0 1 0 0 0 1 1 1 0 1 0 1 0 1
 0 0 0 1 1 0 1 0 1 0 1 0 1 1 1 0 1 0 0 0 1 1 0 1 1 1]
At 23001/30000: COST 0.262/2.409(0.210) -- Acc 0.940/0.500(0.929)
[1 0 0 1 0 1 0 1 0 0 1 0 0 0 0 0 0 0 1 1 1 0 1 1 0 0 0 0 1 1 0 1 1 0 0 0 0
 1 0 1 1 0 0 0 0 1 1 1 0 1 1 0 1 0 1 0 1 1 1 1 1 0 0 1 1 0 1 1 1 1 1 1 0 1
 1 0 0 0 1 1 1 1 1 1 0 1 0 1 1 1 1 0 1 0 1 1 1 0 0 1]
At 23101/30000: COST 0.277/2.347(0.203) -- Acc 0.890/0.520(0.931)
[0 0 1 0 1 0 1 1 1 1 1 1 1 0 1 0 0 0 1 0 1 1 1 1 1 0 0 0 1 0 1 0 1 1 1 1 0
 0 1 1 1 1 0 0 0 1 1 0 0 0 0 1 1 0 0 0 1 1 0 1 1 1 0 0 0 0 1 1 1 0 1 0 1 1
 1 0 1 0 1 0 1 0 0 1 1 1 1 0 0 0 0 0 0 1 1 0 1 0 0 1]
At 23201/30000: COST 0.185/2.549(0.192) -- Acc 0.950/0.520(0.934)
[1 1 0 0 0 0 1 0 1 0 1 1 0 1 1 0 1 0 1 1 0 0 1 0 0 1 0 1 0 0 0 0 1 1 0 1 1
 1 0 0 1 0 0 1 1 1 1 0 1 1 0 1 1 1 0 1 0 0 1 0 1 0 1 0 0 0 0 0 0 0 1 0 1 1
 1 1 1 1 1 0 1 1 1 1 1 1 1 1 1 1 0 1 0 0 1 1 0 0 1 0]
At 23301/30000: COST 0.374/2.343(0.200) -- Acc 0.880/0.500(0.934)
[1 1 1 0 1 0 0 0 1 0 0 0 1 1 0 0 1 1 1 0 0 1 1 1 1 0 1 1 0 1 1 0 1 1 0 0 1
 1 0 1 1 0 0 1 1 0 1 0 0 0 1 1 1 0 1 0 1 1 1 0 1 0 1 0 1 0 1 1 1 0 1 0 0 0
 1 1 0 0 1 0 1 1 1 1 0 1 1 1 0 1 1 0 0 1 1 1 1 0 1 1]
At 23401/30000: COST 0.314/2.495(0.203) -- Acc 0.900/0.460(0.932)
[1 1 1 0 1 0 0 0 0 0 0 1 1 0 1 1 1 1 0 1 1 0 1 1 0 1 0 0 0 0 0 1 0 0 1 1 0
 1 1 1 0 0 0 0 0 1 1 1 1 1 1 0 0 1 1 0 0 0 1 0 1 0 1 0 1 1 0 1 0 1 1 0 1 0
 1 0 0 1 1 0 1 0 0 0 1 1 0 1 1 0 0 0 0 0 1 0 1 1 0 1]
At 23501/30000: COST 0.201/2.980(0.185) -- Acc 0.940/0.490(0.938)
[0 1 0 1 1 0 1 0 1 1 0 1 1 0 0 1 0 1 1 0 0 0 1 0 0 0 1 0 0 1 1 1 1 0 1 0 1
 1 1 0 0 0 1 1 1 1 1 1 1 1 1 0 0 1 1 0 1 1 1 0 0 0 0 1 1 1 0 0 1 0 0 0 1 0
 0 0 1 1 0 0 1 1 0 1 1 0 1 1 0 1 0 0 1 1 0 1 0 0 0 1]
At 23601/30000: COST 0.099/3.015(0.174) -- Acc 0.970/0.520(0.941)
[0 0 0 1 1 1 1 1 1 1 0 0 0 1 0 0 1 1 0 0 1 1 1 0 0 1 0 1 1 0 0 0 1 0 0 0 1
 0 1 1 1 1 1 0 1 0 0 1 0 0 0 0 1 1 0 1 1 0 1 0 0 0 0 0 1 0 1 1 1 0 1 0 0 1
 1 1 1 0 1 0 0 1 1 1 0 0 0 1 0 0 1 0 1 1 0 1 0 1 1 1]
At 23701/30000: COST 0.182/2.900(0.173) -- Acc 0.930/0.500(0.942)
[1 1 1 1 0 1 1 1 1 0 1 1 0 1 0 1 1 1 0 0 1 0 1 0 0 0 1 1 0 1 1 0 1 0 0 1 0
 1 0 1 0 1 1 0 1 1 0 0 1 1 1 1 1 0 1 0 0 1 1 1 0 0 0 1 1 1 0 0 1 0 0 0 1 0
 0 1 1 0 1 1 0 1 0 1 0 0 0 0 1 0 1 1 0 0 1 0 1 1 0 1]
At 23801/30000: COST 0.255/3.200(0.176) -- Acc 0.870/0.480(0.940)
[1 1 0 0 0 1 1 1 1 1 0 0 1 1 1 0 1 0 1 0 1 0 1 1 0 0 1 0 1 1 0 1 1 0 0 1 1
 1 0 0 0 1 0 0 1 1 1 0 0 1 1 1 0 1 0 0 1 0 0 0 0 0 1 0 1 0 1 0 0 1 0 0 1 1
 0 0 1 1 0 1 0 1 1 1 0 1 0 1 1 1 1 1 0 0 1 0 0 1 0 1]
At 23901/30000: COST 0.146/2.576(0.177) -- Acc 0.950/0.480(0.942)
[0 1 0 0 1 1 1 0 0 0 0 1 0 1 1 0 1 0 0 0 1 1 0 1 1 1 0 1 1 1 1 0 1 1 1 0 1
 0 0 0 1 1 1 0 1 1 1 0 0 0 1 1 1 1 0 1 0 0 0 1 0 0 0 1 0 0 1 0 1 0 1 1 1 1
 1 0 1 1 0 0 1 0 1 1 1 1 0 0 0 0 1 1 1 0 1 0 1 0 0 1]
At 24001/30000: COST 0.168/2.655(0.182) -- Acc 0.950/0.530(0.940)
[1 0 1 1 1 1 1 0 0 0 0 0 1 1 0 0 1 0 0 0 1 1 0 0 0 1 1 0 1 0 1 0 0 0 0 1 0
 1 1 1 1 1 1 1 0 1 0 1 1 1 0 1 1 1 1 1 0 0 0 1 0 1 1 1 0 0 0 0 1 0 0 0 1 1
 1 0 1 1 0 0 0 0 0 0 1 1 1 0 1 1 1 0 0 0 1 1 0 1 1 1]
At 24101/30000: COST 0.178/2.263(0.211) -- Acc 0.930/0.500(0.929)
[1 1 1 1 1 0 1 1 0 0 0 0 1 1 1 0 1 0 0 1 0 0 0 0 0 1 1 0 1 0 0 1 0 0 1 0 0
 0 0 0 0 1 1 1 0 1 0 1 1 0 1 1 1 1 0 0 0 1 1 1 1 1 0 1 1 1 1 0 1 0 0 0 1 1
 1 0 1 1 0 1 1 1 1 0 1 0 1 1 1 1 0 0 0 0 0 0 1 0 1 0]
At 24201/30000: COST 0.183/2.288(0.208) -- Acc 0.940/0.520(0.931)
[0 0 1 0 1 1 0 0 0 1 0 1 0 1 1 1 1 0 0 0 0 1 1 0 1 0 1 1 0 0 1 1 1 1 1 1 1
 0 1 0 0 1 0 1 1 0 0 1 1 1 0 1 1 1 0 0 1 0 0 0 1 0 1 1 0 1 1 0 1 1 1 0 1 0
 0 1 1 1 0 1 0 0 1 1 0 1 0 0 0 1 0 0 1 1 1 0 1 1 1 1]
At 24301/30000: COST 0.293/2.042(0.203) -- Acc 0.930/0.510(0.934)
[1 1 1 1 1 0 0 0 1 0 0 0 0 1 0 0 1 1 1 1 1 0 0 0 1 1 1 0 1 1 1 0 1 1 1 1 1
 1 0 0 1 0 1 1 0 0 1 0 1 1 1 0 1 1 1 1 0 1 1 1 0 1 0 0 1 0 1 1 1 0 1 1 0 1
 0 1 1 0 0 0 1 1 0 1 1 0 0 0 1 1 1 1 0 0 0 0 1 1 0 0]
At 24401/30000: COST 0.244/2.616(0.209) -- Acc 0.920/0.470(0.931)
[0 0 0 0 0 0 1 1 1 0 1 1 1 1 0 1 0 0 0 1 1 1 0 1 1 1 0 0 1 1 0 0 0 0 0 1 0
 1 0 0 1 0 1 0 0 1 0 1 0 0 0 1 0 1 1 1 0 1 0 1 1 1 0 1 1 1 1 0 1 0 1 0 0 1
 0 1 0 0 0 0 1 0 1 0 1 1 0 0 1 1 1 0 1 1 1 1 0 1 0 1]
At 24501/30000: COST 0.164/2.744(0.190) -- Acc 0.940/0.440(0.938)
[0 1 1 1 0 1 0 1 1 1 0 0 0 0 0 0 1 1 0 1 1 0 0 1 1 1 1 0 0 0 1 0 1 0 0 1 1
 0 0 1 0 0 1 0 1 1 0 1 1 1 1 1 0 1 0 0 0 1 1 1 1 1 0 1 0 0 1 0 1 1 0 0 1 1
 1 1 1 1 1 0 0 0 0 0 1 0 0 0 0 0 0 0 1 0 0 1 1 0 1 1]
At 24601/30000: COST 0.195/2.076(0.192) -- Acc 0.940/0.540(0.937)
[1 1 1 1 0 1 0 1 0 0 1 1 1 1 0 0 1 0 1 1 1 1 1 0 0 1 1 1 1 1 1 1 1 0 0 1 0
 1 0 0 1 0 0 0 0 1 1 0 1 1 0 0 1 0 1 0 0 0 1 1 1 0 1 1 1 0 1 1 0 0 0 1 1 1
 0 0 1 0 0 1 1 1 0 1 1 1 0 1 0 0 1 0 0 0 1 0 0 1 0 0]
At 24701/30000: COST 0.163/1.887(0.220) -- Acc 0.950/0.580(0.924)
[1 1 1 0 1 1 1 0 0 1 0 0 1 0 1 0 1 0 1 1 1 1 1 0 0 0 1 1 0 1 0 1 1 1 1 1 0
 1 1 1 0 0 1 1 1 1 1 0 1 1 0 0 0 1 1 0 1 1 0 0 1 1 0 0 0 1 0 1 1 0 0 1 1 1
 1 0 0 0 0 1 1 1 1 1 1 0 1 0 0 0 0 0 0 1 1 1 1 1 1 0]
At 24801/30000: COST 0.237/2.257(0.208) -- Acc 0.910/0.520(0.929)
[0 0 0 0 0 0 0 0 1 1 1 1 1 0 1 1 1 0 0 1 1 1 1 1 0 0 0 1 1 0 1 1 1 0 1 0 1
 0 1 1 1 0 1 1 0 1 1 1 0 1 1 1 0 1 1 1 0 0 0 0 1 0 1 1 1 0 1 0 1 0 1 1 0 1
 1 0 0 1 1 0 1 1 1 0 0 0 1 1 1 0 0 1 1 0 1 1 0 1 1 1]
At 24901/30000: COST 0.243/2.059(0.213) -- Acc 0.950/0.540(0.930)
[1 1 0 1 1 0 1 1 1 1 0 0 1 1 0 1 1 1 1 1 1 1 1 0 0 1 1 1 0 1 0 1 0 1 0 1 0
 1 1 0 0 0 0 1 1 0 0 1 0 1 1 1 0 1 0 1 1 0 1 1 0 1 1 1 1 1 1 1 0 1 0 1 1 0
 1 1 1 1 1 0 1 0 1 0 1 0 1 0 0 1 0 0 0 0 1 1 1 0 0 1]
At 25001/30000: COST 0.211/1.823(0.241) -- Acc 0.930/0.530(0.921)
[0 1 0 1 1 1 1 1 1 1 1 0 0 1 0 0 0 1 1 0 0 1 1 1 1 0 0 0 1 0 1 0 0 0 1 1 0
 1 0 1 1 0 1 1 0 0 0 1 0 0 1 0 0 0 1 1 1 1 0 1 0 0 0 1 1 0 0 0 0 0 0 0 0 1
 0 0 1 0 1 0 1 1 1 1 1 0 1 0 1 1 1 1 0 1 1 1 1 0 0 1]
At 25101/30000: COST 0.177/2.297(0.207) -- Acc 0.900/0.550(0.932)
[1 1 1 0 0 0 0 1 1 1 0 0 1 0 1 1 1 0 1 1 1 1 0 0 0 1 1 1 0 0 1 1 1 0 0 0 1
 0 1 0 1 0 0 1 1 0 1 0 1 1 0 1 0 1 1 0 1 0 1 1 1 0 0 1 0 0 1 1 1 1 0 1 0 1
 0 1 0 1 0 0 1 0 0 0 1 0 1 1 0 0 1 0 1 0 0 1 1 1 0 0]
At 25201/30000: COST 0.245/2.326(0.200) -- Acc 0.910/0.500(0.934)
[0 0 1 1 0 1 0 1 1 0 1 0 0 0 1 1 1 0 1 1 0 1 0 0 1 1 0 0 1 1 0 0 0 0 1 1 0
 1 1 0 0 0 1 0 1 0 1 0 1 1 0 1 1 0 1 0 1 1 0 0 0 0 1 0 1 1 0 0 1 0 0 0 1 1
 1 0 1 1 1 0 1 1 1 0 0 1 1 1 0 0 0 1 0 1 1 1 1 0 1 1]
At 25301/30000: COST 0.170/2.520(0.191) -- Acc 0.960/0.500(0.935)
[0 1 1 0 1 0 1 1 0 1 0 1 0 0 0 1 0 1 1 1 1 1 0 0 1 1 0 1 0 1 1 1 1 1 1 1 1
 0 1 1 1 1 0 1 1 0 0 0 0 1 1 1 1 1 0 1 1 1 0 0 1 0 1 1 0 0 1 0 1 1 0 1 1 0
 0 1 1 1 1 1 0 1 0 1 0 1 1 1 1 1 1 1 1 0 0 0 1 0 1 0]
At 25401/30000: COST 0.188/2.092(0.206) -- Acc 0.930/0.520(0.930)
[0 1 1 0 0 0 1 0 1 1 1 0 0 0 0 1 1 0 1 1 0 0 0 0 0 1 1 0 0 0 0 1 1 1 0 1 0
 0 1 1 1 1 0 1 1 0 0 1 1 1 0 0 1 1 1 0 0 1 1 0 0 0 0 1 1 0 0 0 1 1 0 1 1 0
 1 0 1 1 1 1 1 1 1 1 0 1 0 1 1 1 0 1 1 1 0 0 0 1 1 0]
At 25501/30000: COST 0.194/2.539(0.191) -- Acc 0.950/0.470(0.937)
[1 1 0 0 0 1 1 0 0 0 1 1 1 0 1 0 0 1 1 1 1 1 0 1 1 0 1 1 0 1 1 0 0 1 0 1 1
 1 0 1 1 0 0 1 1 0 1 1 1 0 1 1 0 1 1 1 1 1 1 0 1 0 1 0 1 0 0 0 0 0 1 1 1 0
 0 1 0 1 1 1 0 1 0 1 0 1 0 1 1 1 0 1 0 1 1 0 1 0 0 0]
At 25601/30000: COST 0.323/2.347(0.194) -- Acc 0.880/0.510(0.936)
[1 0 1 1 0 0 1 1 1 1 1 0 1 0 1 0 1 0 0 1 0 1 1 1 0 1 1 1 0 1 0 1 0 1 1 0 1
 1 1 0 1 0 0 0 1 1 0 0 1 0 0 0 1 1 1 0 0 0 0 0 1 0 0 1 1 1 0 0 1 1 1 1 1 0
 0 1 0 0 0 0 1 0 1 1 0 1 1 1 1 1 0 1 0 0 0 0 1 0 1 0]
At 25701/30000: COST 0.136/2.163(0.199) -- Acc 0.950/0.540(0.934)
[0 0 1 1 1 0 1 0 0 0 1 1 1 0 1 1 0 1 1 1 0 1 0 0 1 1 0 1 1 0 1 1 0 1 1 1 0
 1 1 0 1 0 1 1 0 0 0 0 1 1 0 1 1 1 1 0 1 1 1 1 0 0 1 0 1 1 0 0 0 1 0 0 0 1
 1 0 0 1 1 1 0 1 1 0 0 0 1 1 1 1 1 1 1 1 0 1 0 1 1 1]
At 25801/30000: COST 0.215/2.416(0.203) -- Acc 0.920/0.470(0.933)
[0 0 1 1 1 1 1 0 1 1 1 1 1 0 1 0 0 0 1 1 1 0 0 0 0 1 0 1 1 0 1 1 1 0 0 0 1
 0 1 0 1 0 1 1 0 1 0 1 1 1 0 1 0 0 0 1 1 1 1 0 1 1 0 1 1 1 1 0 0 1 1 0 0 0
 1 0 1 0 1 0 1 0 0 0 1 1 0 0 0 0 1 1 1 1 1 1 1 1 0 1]
At 25901/30000: COST 0.173/2.108(0.209) -- Acc 0.930/0.500(0.930)
[0 1 0 1 1 1 1 0 0 1 1 1 1 0 0 0 0 1 0 0 0 0 1 1 1 0 1 0 0 1 1 1 1 1 0 0 0
 1 1 0 1 1 1 1 1 1 1 0 0 1 1 0 0 1 0 0 1 1 1 0 0 0 1 0 0 1 1 1 1 1 0 0 0 0
 1 1 1 1 0 1 0 0 1 0 0 0 1 0 1 0 0 1 1 0 1 0 1 1 1 0]
At 26001/30000: COST 0.100/2.462(0.201) -- Acc 0.980/0.490(0.930)
[0 1 1 0 0 1 0 1 1 1 1 1 1 0 0 1 0 1 0 1 0 1 1 1 1 1 0 0 1 1 1 0 0 1 1 1 1
 1 1 1 1 1 1 1 1 0 1 1 1 0 0 0 1 1 0 0 0 0 1 1 1 1 1 1 0 1 0 0 1 1 1 1 0 0
 1 1 1 0 1 0 1 1 0 0 1 1 0 1 0 0 1 1 0 1 0 0 0 0 0 0]
At 26101/30000: COST 0.152/2.654(0.192) -- Acc 0.950/0.530(0.935)
[1 0 1 1 1 0 0 1 1 1 0 1 1 0 0 0 1 1 1 1 1 0 0 1 1 1 0 1 1 1 1 1 0 1 0 0 1
 0 0 1 1 1 0 0 0 1 1 1 1 0 0 1 0 1 1 0 0 1 1 1 1 0 0 1 0 0 1 1 1 1 0 0 0 1
 0 0 0 1 0 1 0 0 1 0 1 1 1 0 0 0 0 0 1 1 0 1 0 1 0 1]
At 26201/30000: COST 0.295/2.367(0.193) -- Acc 0.920/0.500(0.935)
[1 0 1 0 0 0 1 0 0 1 1 1 1 0 1 1 1 0 0 0 0 1 1 0 0 1 0 0 0 0 0 0 1 1 1 1 0
 0 0 0 1 0 1 1 1 0 0 1 0 1 0 1 0 0 1 0 1 1 1 0 1 0 0 1 1 0 0 1 1 1 1 0 1 1
 0 0 1 1 1 1 1 0 1 0 0 0 1 0 1 1 0 0 1 0 1 1 0 1 1 0]
At 26301/30000: COST 0.212/2.275(0.202) -- Acc 0.940/0.500(0.935)
[0 1 1 0 1 0 1 0 1 0 0 1 1 1 1 0 0 1 1 0 1 1 0 0 1 1 1 1 1 0 0 0 0 1 1 1 1
 0 0 1 1 1 1 0 0 1 1 0 0 1 0 0 1 1 0 0 1 1 1 1 0 1 1 0 0 0 0 0 0 1 1 0 0 1
 0 1 1 1 0 1 1 1 0 0 1 0 0 1 1 1 1 0 1 0 1 1 1 0 1 0]
At 26401/30000: COST 0.148/2.341(0.181) -- Acc 0.940/0.530(0.942)
[0 1 0 1 1 1 0 1 1 1 1 0 0 1 1 0 0 0 1 1 0 0 0 1 1 1 1 1 1 0 1 1 0 0 1 1 0
 1 1 0 0 1 1 0 1 1 1 0 1 0 0 1 0 1 0 1 0 1 0 1 1 1 0 1 0 1 1 0 1 0 0 1 1 0
 1 0 1 0 0 0 0 0 0 1 1 0 0 1 1 1 0 1 1 0 0 0 0 1 0 1]
At 26501/30000: COST 0.150/2.295(0.181) -- Acc 0.930/0.530(0.943)
[0 1 0 1 0 1 0 1 0 1 1 1 1 1 1 1 0 0 0 0 0 1 1 0 0 1 1 1 1 1 1 0 0 0 0 0 1
 0 1 0 1 0 1 1 1 1 1 0 0 0 0 1 1 0 1 0 1 0 1 1 0 1 0 1 1 1 0 1 0 0 0 0 0 0
 1 1 0 1 0 1 0 0 0 1 0 1 1 1 1 1 1 0 0 1 0 1 1 0 0 1]
At 26601/30000: COST 0.167/2.389(0.176) -- Acc 0.960/0.560(0.942)
[1 0 1 1 0 1 0 1 0 1 0 1 0 0 1 1 0 1 0 1 0 1 1 0 1 0 1 0 1 1 1 0 0 1 1 0 0
 1 1 1 1 0 1 1 0 0 0 1 0 0 1 1 0 0 0 0 1 1 0 0 1 1 1 0 0 0 1 0 0 1 1 1 0 0
 1 0 0 1 1 0 0 1 0 1 1 1 1 0 1 1 1 0 0 1 1 1 1 1 0 0]
At 26701/30000: COST 0.218/2.158(0.190) -- Acc 0.910/0.510(0.935)
[0 1 0 0 1 1 0 1 0 1 1 1 0 1 1 1 1 1 1 1 0 1 1 0 0 1 0 1 1 1 0 1 0 1 1 1 1
 1 0 1 1 0 1 1 1 0 0 0 0 0 0 0 1 0 1 0 1 1 1 0 0 1 1 1 1 0 0 0 0 1 0 0 1 1
 0 0 1 0 0 0 0 1 0 0 1 1 0 0 0 1 0 1 1 0 0 1 1 1 1 0]
At 26801/30000: COST 0.139/2.420(0.186) -- Acc 0.970/0.530(0.940)
[1 1 1 1 0 0 0 1 0 1 1 0 1 1 1 0 1 1 1 0 0 1 0 1 0 0 1 0 0 1 0 1 0 1 1 0 1
 1 1 1 0 0 1 0 1 0 0 1 1 1 1 0 1 0 1 0 1 1 0 0 0 1 1 1 1 1 1 0 1 1 1 1 0 1
 0 1 1 0 1 1 1 1 0 1 1 0 0 1 1 0 1 1 0 1 0 1 0 0 0 1]
At 26901/30000: COST 0.210/2.561(0.179) -- Acc 0.960/0.550(0.940)
[1 0 0 1 0 0 0 1 0 0 0 0 1 0 0 1 0 1 1 0 1 0 0 1 1 1 1 1 1 1 0 0 1 0 1 0 0
 1 1 0 0 0 1 0 0 1 0 0 1 1 0 1 1 1 1 0 1 1 0 1 1 0 1 1 1 1 1 1 1 1 0 1 1 1
 0 0 0 0 1 0 1 0 1 1 0 0 0 0 1 0 0 1 1 0 0 1 1 0 0 1]
At 27001/30000: COST 0.261/2.390(0.191) -- Acc 0.910/0.490(0.937)
[1 0 1 1 0 1 1 0 0 0 1 0 0 1 0 0 1 0 1 0 0 1 1 0 0 0 1 1 0 0 0 1 1 0 1 1 1
 1 0 1 0 1 1 0 1 0 0 0 0 1 0 1 0 1 1 1 1 0 1 0 1 1 1 1 1 1 0 0 0 1 0 0 1 1
 0 1 1 1 1 1 0 1 0 1 0 0 0 1 1 1 1 1 1 1 0 0 1 1 0 0]
At 27101/30000: COST 0.142/2.264(0.194) -- Acc 0.940/0.540(0.936)
[1 1 1 0 0 1 1 0 1 0 1 0 1 0 1 1 1 0 1 1 0 1 0 1 1 0 0 0 1 0 0 0 0 1 1 0 1
 0 1 1 0 1 0 0 0 0 0 0 1 0 1 1 1 0 1 1 1 0 0 1 0 0 0 1 1 1 1 0 1 0 0 1 0 1
 0 0 0 1 1 1 1 0 1 1 1 1 0 0 1 1 1 1 1 1 0 0 1 1 1 0]
At 27201/30000: COST 0.350/2.239(0.193) -- Acc 0.900/0.540(0.934)
[0 0 0 1 0 1 1 1 1 1 1 0 1 1 0 0 1 0 0 1 0 1 1 0 0 0 0 1 0 0 0 1 1 1 1 1 1
 1 1 1 1 1 1 0 0 1 1 1 1 0 0 1 1 0 1 1 0 0 0 1 0 0 1 1 1 0 1 1 0 0 1 0 1 1
 0 1 0 1 0 1 0 1 0 1 0 0 0 0 0 1 0 1 0 1 1 0 0 1 0 0]
At 27301/30000: COST 0.083/2.282(0.203) -- Acc 0.980/0.500(0.933)
[0 1 1 0 0 1 0 0 1 0 1 1 1 1 1 0 0 1 1 1 1 0 1 1 0 0 1 1 1 1 0 0 1 0 1 0 1
 0 0 0 0 0 0 1 1 1 0 0 0 1 0 0 1 1 1 0 0 0 1 1 1 1 1 1 1 0 0 0 1 0 0 0 0 1
 1 0 1 0 0 1 0 1 0 0 0 0 0 0 0 0 1 0 0 0 0 1 1 0 1 0]
At 27401/30000: COST 0.248/2.041(0.204) -- Acc 0.930/0.530(0.934)
[1 1 1 0 0 1 1 0 1 0 1 0 0 1 1 0 1 1 0 0 0 0 1 1 1 0 1 1 0 1 0 1 0 0 0 0 0
 1 1 0 0 1 0 0 1 0 0 0 1 1 0 1 0 1 0 0 0 1 0 0 1 1 0 0 0 1 1 1 0 0 0 0 1 0
 0 1 0 1 1 0 1 1 1 0 0 1 0 0 1 1 1 1 1 1 1 1 1 0 1 1]
At 27501/30000: COST 0.262/2.042(0.208) -- Acc 0.940/0.500(0.933)
[1 1 1 1 1 0 0 1 1 0 0 0 0 0 0 0 1 1 0 1 1 0 0 0 0 1 0 0 1 1 1 1 0 1 1 0 1
 0 1 1 0 0 1 1 1 1 1 1 1 1 1 1 1 1 1 1 0 0 0 0 1 1 0 0 0 0 1 1 1 1 0 0 1 1
 1 1 1 0 0 0 0 0 0 0 1 0 0 1 0 1 1 1 0 1 0 0 1 0 1 0]
At 27601/30000: COST 0.167/1.978(0.215) -- Acc 0.930/0.510(0.930)
[0 0 0 0 0 1 0 0 1 0 1 1 1 1 1 0 0 0 0 1 1 1 0 0 0 0 0 1 1 0 0 0 1 0 1 0 1
 0 0 0 1 1 0 1 1 1 1 1 1 0 1 1 1 1 0 0 1 0 0 0 1 0 1 1 1 1 1 1 0 0 1 1 0 1
 1 0 1 1 0 0 0 1 1 0 1 1 0 1 1 1 1 0 0 0 1 0 1 0 0 0]
At 27701/30000: COST 0.304/1.691(0.230) -- Acc 0.920/0.520(0.924)
[0 1 0 0 1 1 1 1 1 0 1 0 0 0 0 0 1 0 0 0 1 1 1 1 0 0 0 0 0 0 0 0 1 1 0 1 1
 0 1 0 0 1 1 1 1 1 1 1 1 0 0 0 0 0 0 1 0 1 0 1 1 0 0 1 0 0 1 1 0 0 1 1 1 0
 1 0 0 1 0 0 1 1 1 1 0 0 0 0 0 1 0 0 1 1 1 0 0 0 1 1]
At 27801/30000: COST 0.276/1.664(0.251) -- Acc 0.900/0.560(0.915)
[1 1 1 0 0 0 1 1 1 0 1 0 0 0 0 1 1 1 1 0 0 0 1 0 1 1 0 0 1 0 0 0 1 1 0 0 0
 0 0 0 1 1 0 1 0 0 0 0 1 1 1 0 0 0 1 0 0 1 0 1 1 1 1 0 1 1 0 0 1 1 1 0 0 1
 0 0 1 1 0 1 1 0 0 0 0 1 0 0 0 0 1 1 1 0 0 1 1 1 0 1]
At 27901/30000: COST 0.222/1.783(0.245) -- Acc 0.930/0.520(0.918)
[0 0 1 0 1 1 1 1 0 0 0 1 1 1 0 1 1 0 0 1 1 0 1 1 0 1 0 0 0 1 1 0 0 1 1 1 1
 1 1 0 1 0 1 0 1 1 0 1 1 1 1 1 0 1 1 0 1 0 0 0 0 1 1 0 0 0 1 1 0 1 0 0 1 1
 0 1 1 1 0 0 0 1 1 1 0 1 1 0 1 0 1 0 0 1 0 1 0 0 1 0]
At 28001/30000: COST 0.173/1.913(0.239) -- Acc 0.960/0.500(0.922)
[1 0 0 1 1 0 1 1 0 0 1 0 1 0 0 0 1 1 0 1 1 0 0 1 0 1 0 0 1 0 1 1 0 1 0 1 1
 1 1 1 0 1 1 1 1 1 1 1 0 0 1 0 0 1 1 0 1 0 1 1 0 1 1 1 0 1 0 0 1 1 1 1 0 0
 1 1 0 1 0 0 0 1 0 0 1 0 0 1 1 1 1 1 0 1 1 1 0 1 0 1]
At 28101/30000: COST 0.215/2.153(0.223) -- Acc 0.920/0.470(0.926)
[0 1 0 0 0 1 1 1 0 1 0 1 1 0 1 1 1 0 1 0 0 0 1 0 1 0 0 0 0 1 1 0 0 1 1 1 1
 1 1 0 1 1 1 0 0 1 0 1 1 1 1 1 0 1 1 1 0 1 0 1 1 1 1 0 1 0 0 0 0 0 1 0 1 0
 0 0 1 1 1 1 1 0 1 1 1 0 0 0 1 1 1 1 1 1 0 0 1 1 1 0]
At 28201/30000: COST 0.200/2.419(0.212) -- Acc 0.940/0.510(0.928)
[1 1 0 1 1 0 0 1 1 1 0 0 1 1 1 1 0 0 1 0 0 1 1 1 0 0 1 1 1 0 1 0 1 1 1 0 0
 1 0 0 1 0 0 0 0 1 0 1 1 1 0 0 1 1 1 0 1 0 1 1 0 0 1 0 1 1 1 1 0 1 0 1 0 1
 1 1 0 1 0 1 0 1 1 0 1 0 0 0 1 1 1 1 1 1 1 1 1 1 1 0]
At 28301/30000: COST 0.084/2.665(0.187) -- Acc 0.980/0.510(0.938)
[0 1 0 1 1 1 1 0 1 1 1 0 0 0 0 1 0 0 1 1 1 1 1 1 1 1 0 0 1 0 0 1 0 0 1 0 0
 1 1 1 1 0 0 1 0 0 1 0 1 1 1 0 0 1 0 0 0 0 1 1 1 1 1 1 0 1 0 1 0 0 0 0 1 1
 1 1 1 1 1 1 1 1 1 1 1 0 1 1 0 1 1 0 0 1 0 0 0 1 0 1]
At 28401/30000: COST 0.117/2.550(0.190) -- Acc 0.980/0.510(0.936)
[0 1 0 0 1 1 1 0 1 0 0 1 0 0 1 1 0 0 0 0 1 0 1 1 0 1 0 0 1 1 0 1 1 0 0 1 1
 0 1 1 0 1 0 0 1 0 1 1 1 1 0 1 1 1 1 1 1 1 0 1 1 0 1 0 1 0 1 1 1 1 1 0 1 0
 1 1 0 0 0 1 1 0 1 0 0 0 1 1 1 1 0 1 1 1 1 0 1 1 1 1]
At 28501/30000: COST 0.186/2.605(0.179) -- Acc 0.920/0.490(0.940)
[1 0 0 0 0 1 1 1 1 1 1 1 0 1 1 0 1 1 0 0 0 1 0 0 1 1 1 1 1 0 1 0 1 1 0 0 1
 0 1 1 0 1 0 1 0 1 1 0 1 1 0 0 1 0 1 1 0 1 1 0 1 0 1 1 1 0 1 1 0 0 1 1 1 0
 1 1 1 1 0 0 1 1 1 0 0 1 1 1 0 0 1 0 0 1 1 0 0 0 0 0]
At 28601/30000: COST 0.232/2.213(0.194) -- Acc 0.950/0.500(0.935)
[1 1 1 1 1 1 0 1 1 1 0 0 1 0 0 1 1 1 0 0 1 1 1 1 0 1 1 1 1 0 1 1 0 1 1 1 0
 1 1 1 0 1 0 0 0 1 0 1 1 0 0 1 0 0 1 1 0 1 1 1 1 0 0 1 0 1 0 0 1 0 1 1 0 0
 0 0 0 0 0 1 1 0 0 0 1 1 1 1 0 0 1 0 1 1 0 1 1 1 1 1]
At 28701/30000: COST 0.327/2.249(0.198) -- Acc 0.880/0.500(0.934)
[1 1 1 1 0 1 0 1 1 1 1 1 0 1 1 0 0 0 1 1 0 1 1 0 1 0 1 0 1 1 0 0 1 0 1 0 0
 0 0 0 0 1 0 0 1 1 1 1 0 0 1 1 0 0 0 0 1 1 0 1 0 1 1 1 1 1 1 1 0 1 1 1 1 0
 1 0 1 0 0 1 0 1 1 1 0 0 0 1 1 1 0 0 1 1 1 0 0 1 1 1]
At 28801/30000: COST 0.147/2.159(0.213) -- Acc 0.940/0.510(0.931)
[1 0 0 1 0 1 0 1 1 0 0 1 1 1 0 1 0 1 0 1 1 0 1 1 1 0 0 1 1 0 1 1 1 1 1 0 1
 1 1 1 1 0 1 1 1 1 1 1 1 0 0 0 0 1 0 0 1 1 0 1 0 1 1 1 1 0 1 1 0 0 1 1 1 0
 0 0 0 1 1 1 0 0 1 0 1 0 0 1 1 1 0 1 1 0 0 1 0 0 1 1]
At 28901/30000: COST 0.209/2.125(0.230) -- Acc 0.930/0.490(0.926)
[0 1 0 1 0 1 1 0 0 1 1 1 1 1 1 1 1 1 1 0 0 1 1 0 1 1 0 1 0 0 0 0 0 1 1 0 1
 1 1 0 1 1 1 1 1 0 0 1 1 0 0 0 0 0 1 1 1 0 1 1 1 0 0 0 1 0 0 0 1 1 1 1 0 1
 1 0 0 1 0 1 1 0 1 0 0 0 0 0 0 1 0 1 1 0 1 1 1 1 1 1]
At 29001/30000: COST 0.140/2.358(0.209) -- Acc 0.950/0.480(0.933)
[0 0 1 0 0 0 1 0 0 0 0 0 0 0 0 1 1 0 0 0 0 1 1 1 1 1 0 1 0 1 0 0 0 1 1 1 1
 1 0 1 1 1 1 1 1 1 1 1 1 1 1 1 1 0 1 0 1 1 1 1 1 0 0 0 0 1 1 0 0 0 0 1 1 1
 1 1 0 1 1 1 1 0 1 0 1 1 1 1 0 0 0 1 0 1 1 0 0 1 1 1]
At 29101/30000: COST 0.221/2.506(0.193) -- Acc 0.940/0.530(0.937)
[0 1 1 1 1 0 0 1 0 0 0 1 0 0 1 1 1 0 1 1 1 0 1 0 0 1 0 1 1 1 1 0 1 0 1 1 1
 1 0 1 1 0 0 0 1 0 0 1 1 0 0 1 1 1 1 0 0 1 1 0 1 0 1 0 1 1 0 1 1 1 1 0 0 1
 0 1 0 0 1 1 1 0 1 0 0 1 0 0 0 1 1 1 1 1 1 1 1 1 1 1]
At 29201/30000: COST 0.141/2.844(0.181) -- Acc 0.960/0.450(0.940)
[0 1 0 1 0 1 1 0 0 0 0 1 0 1 1 0 1 0 0 1 0 1 1 0 1 0 1 0 1 0 0 0 1 0 0 0 1
 0 1 0 1 1 0 0 1 1 0 1 0 0 1 1 1 1 1 1 1 1 1 0 1 1 0 1 0 1 1 0 1 0 0 1 0 1
 1 0 1 1 0 1 0 1 1 0 1 0 1 1 0 0 1 1 0 0 1 0 1 1 1 1]
At 29301/30000: COST 0.226/1.714(0.201) -- Acc 0.930/0.540(0.934)
[1 1 0 1 1 0 1 1 1 1 1 1 0 0 0 0 1 1 1 0 0 1 1 1 0 1 0 0 1 0 0 1 0 1 1 0 1
 1 0 1 0 1 0 0 1 0 0 0 1 1 1 0 1 1 1 0 1 0 0 0 0 0 0 1 0 1 1 0 1 0 1 1 1 1
 1 0 0 1 0 1 1 0 0 1 0 1 0 0 0 1 0 0 0 1 1 0 1 0 1 0]
At 29401/30000: COST 0.183/2.363(0.190) -- Acc 0.930/0.490(0.937)
[0 0 1 1 1 1 0 1 0 1 1 0 0 0 0 1 1 1 1 1 1 1 1 0 0 1 1 1 1 1 1 0 1 0 1 0 1
 0 0 1 1 1 0 1 0 1 1 1 1 0 1 1 1 1 0 0 1 0 1 1 1 1 1 1 0 0 0 1 0 1 0 0 0 1
 0 0 0 0 0 1 0 1 1 1 0 1 1 1 0 1 1 0 1 0 1 1 0 1 1 1]
At 29501/30000: COST 0.108/1.960(0.199) -- Acc 0.970/0.520(0.934)
[0 1 0 1 0 0 1 0 1 0 1 0 1 1 1 1 0 1 1 1 1 0 0 0 0 1 0 1 0 0 1 1 1 1 0 1 1
 1 0 1 1 1 1 0 1 0 0 1 1 1 0 1 0 0 1 0 1 1 0 1 1 0 1 1 0 0 1 1 0 1 1 1 0 1
 1 1 1 0 0 1 1 0 0 1 0 1 1 1 0 1 1 1 1 1 1 1 0 1 0 1]
At 29601/30000: COST 0.166/2.234(0.205) -- Acc 0.950/0.490(0.932)
[0 0 1 1 1 1 1 1 0 0 1 1 0 1 1 1 0 1 0 0 0 1 0 1 0 0 0 0 1 1 1 0 1 1 1 1 0
 1 1 0 1 1 0 0 1 0 0 0 1 1 0 1 1 0 1 0 0 0 1 0 1 1 1 1 1 0 0 0 0 1 1 1 0 0
 1 1 1 0 1 0 0 0 1 1 1 1 1 0 1 1 0 1 1 1 1 1 1 1 1 1]
At 29701/30000: COST 0.151/2.437(0.188) -- Acc 0.950/0.470(0.938)
[1 1 1 0 0 0 0 1 1 0 0 0 0 0 0 0 1 1 0 1 0 1 0 0 0 1 0 0 1 1 0 1 1 0 0 0 1
 1 1 1 1 0 1 1 1 1 0 0 0 1 1 0 1 1 0 1 0 1 0 0 1 1 1 0 0 1 1 0 1 1 0 0 0 1
 1 1 0 1 0 0 1 1 1 0 0 1 0 1 0 0 1 1 1 0 1 1 1 1 1 1]
At 29801/30000: COST 0.133/2.452(0.174) -- Acc 0.970/0.510(0.942)
[1 0 1 1 0 0 1 1 1 1 0 1 0 0 1 0 0 0 1 1 1 0 1 1 0 1 0 0 1 1 1 0 1 0 0 1 0
 1 0 1 1 1 0 0 1 1 0 0 1 1 1 0 1 0 1 1 1 0 1 1 0 1 0 1 0 0 0 0 1 0 0 0 1 1
 1 1 1 1 1 0 1 0 0 1 0 0 0 1 0 1 1 1 1 0 0 1 1 1 0 1]
At 29901/30000: COST 0.139/2.445(0.178) -- Acc 0.960/0.530(0.941)
