[0 0 1 0 0 0 0 0 0 0 0 0 0 0 0 0 1 1 1 1 1 1 1 1 0 0 0 1 1 1 1 1 1 1 0 1 0
 1 1 0 1 0 0 0 1 1 1 1 0 0 1 0 0 0 0 0 0 1 1 1 1 0 0 0 1 1 1 1 0 1 0 1 0 0
 1 1 1 1 1 1 0 1 1 1 0 0 1 0 1 0 1 0 1 1 0 1 1 0 0 0]
 Training accuracy at 0 out of 20000 is 0.503(0.560),cost is 5.066(0.695)
[0 0 1 0 0 1 0 0 0 0 0 0 1 0 0 1 1 1 1 1 1 1 1 1 0 0 0 1 1 1 1 1 1 1 0 1 0
 1 1 0 1 0 0 0 1 1 1 1 0 0 1 0 0 0 0 0 0 1 1 1 1 0 0 0 1 1 1 1 0 0 0 0 0 0
 0 1 1 1 1 1 0 1 1 1 0 0 1 0 1 0 1 0 1 1 0 1 1 0 0 0]
 Training accuracy at 100 out of 20000 is 0.507(0.540),cost is 4.894(0.695)
[0 0 1 0 0 1 0 0 1 1 0 0 1 0 0 1 1 1 1 1 1 1 1 1 0 0 0 1 1 1 1 1 1 1 0 1 0
 1 1 0 1 1 0 0 1 1 1 1 0 0 1 0 0 0 0 0 0 1 1 1 1 0 0 0 1 1 1 1 0 1 0 0 0 0
 0 1 1 1 1 1 0 1 1 1 0 0 1 0 1 0 1 0 1 1 1 1 1 0 0 0]
 Training accuracy at 200 out of 20000 is 0.566(0.590),cost is 4.779(0.697)
[1 0 1 0 0 1 0 0 1 1 0 0 1 0 0 1 1 1 1 1 1 1 1 1 0 0 0 1 1 1 1 1 1 1 0 1 0
 1 1 0 1 1 0 0 1 1 1 1 0 1 1 0 0 0 0 0 0 1 1 1 1 0 0 0 1 1 1 1 0 1 0 0 0 0
 0 1 1 1 1 1 0 1 1 1 0 0 1 0 1 0 1 0 1 1 1 1 1 0 0 0]
 Training accuracy at 300 out of 20000 is 0.581(0.570),cost is 4.687(0.700)
[1 0 1 1 1 1 0 0 1 1 1 0 1 0 0 1 1 1 1 1 1 1 1 1 0 0 0 1 1 1 1 1 1 1 0 1 0
 1 1 0 1 1 0 0 1 1 1 1 0 1 1 0 0 1 0 0 0 1 1 1 1 0 0 0 1 1 1 1 0 1 0 0 0 0
 0 1 1 1 1 1 0 1 1 1 0 0 1 0 1 0 1 0 1 1 1 1 1 0 0 0]
 Training accuracy at 400 out of 20000 is 0.589(0.550),cost is 4.608(0.702)
[1 0 1 1 1 1 0 0 1 1 1 0 1 0 0 1 1 1 1 1 1 1 1 1 0 0 0 1 1 1 1 1 1 1 0 1 0
 1 1 0 1 1 0 0 1 1 1 1 0 1 1 0 0 1 0 0 0 1 1 1 1 0 0 0 1 1 1 1 0 1 0 0 0 0
 0 1 1 1 1 1 0 1 1 1 0 0 1 0 1 0 1 0 1 1 1 1 1 0 0 0]
 Training accuracy at 500 out of 20000 is 0.608(0.550),cost is 4.538(0.705)
[1 1 1 1 1 1 1 0 1 1 1 0 1 0 0 1 1 1 1 1 1 1 1 1 1 0 0 1 1 1 1 1 1 1 0 1 1
 1 1 0 1 1 0 0 1 1 1 1 1 1 1 0 0 1 0 0 0 1 1 1 1 0 0 0 1 1 1 1 0 1 0 0 0 0
 0 1 1 1 1 1 0 1 1 1 0 0 1 0 1 0 1 0 1 1 1 1 1 0 0 0]
 Training accuracy at 600 out of 20000 is 0.620(0.540),cost is 4.475(0.707)
[1 1 1 1 1 1 1 0 1 1 1 0 1 0 0 1 1 1 1 1 1 1 1 1 0 0 0 1 1 1 1 1 1 1 0 1 1
 1 1 0 1 1 0 0 1 1 1 1 1 1 1 0 0 1 0 0 0 1 1 1 1 0 0 0 1 0 1 1 0 1 0 0 0 0
 0 1 1 0 0 1 0 1 1 1 0 0 1 0 1 0 1 0 1 1 1 1 1 0 0 0]
 Training accuracy at 700 out of 20000 is 0.624(0.560),cost is 4.419(0.708)
[1 1 1 1 1 1 1 0 1 1 1 0 1 0 0 1 1 1 1 1 1 1 1 1 1 0 0 1 1 1 1 1 1 1 0 1 1
 1 1 0 1 1 0 0 1 1 1 1 1 1 1 0 0 1 1 0 0 1 1 1 1 0 0 0 1 1 1 1 0 1 0 0 0 0
 0 1 1 0 1 1 0 1 1 1 0 0 1 0 1 0 1 0 1 1 1 1 1 0 0 0]
 Training accuracy at 800 out of 20000 is 0.634(0.520),cost is 4.368(0.711)
[1 1 1 1 1 1 1 0 1 1 1 0 1 0 0 1 1 1 1 1 1 1 1 1 1 0 0 1 1 1 1 1 1 1 0 1 1
 1 1 0 1 1 0 0 1 1 1 1 1 1 1 0 0 1 1 0 0 1 1 1 1 0 0 0 1 1 1 1 0 1 0 0 0 0
 0 1 1 0 1 1 0 1 1 1 0 0 1 0 1 0 1 0 1 1 1 1 1 0 0 0]
 Training accuracy at 900 out of 20000 is 0.644(0.520),cost is 4.317(0.713)
[1 1 1 1 1 1 1 1 1 1 1 0 1 0 0 1 1 1 1 1 1 1 1 1 1 0 0 1 1 1 1 1 0 1 0 1 1
 1 1 0 0 1 0 0 1 1 1 1 1 1 1 0 0 1 1 0 0 1 1 1 1 0 0 0 1 1 1 1 0 1 0 0 0 0
 0 1 1 0 0 1 0 1 1 1 0 0 1 0 1 0 1 0 1 1 1 1 1 0 0 0]
 Training accuracy at 1000 out of 20000 is 0.653(0.540),cost is 4.269(0.716)
[1 1 1 1 1 1 1 1 1 1 1 0 1 0 0 1 1 1 1 1 1 0 1 1 1 0 0 1 1 1 1 1 0 1 0 1 1
 1 1 0 0 1 0 0 1 1 1 1 1 1 1 0 0 1 1 0 0 1 1 1 1 0 0 0 0 1 1 1 0 1 0 0 0 0
 0 1 1 0 0 1 0 1 1 1 0 0 1 0 1 0 1 0 1 1 1 1 1 0 0 0]
 Training accuracy at 1100 out of 20000 is 0.660(0.540),cost is 4.222(0.719)
[1 1 1 1 1 1 1 1 1 1 1 0 1 0 0 1 1 1 1 1 1 0 1 0 1 0 0 1 1 1 1 1 0 1 0 1 1
 1 1 0 0 1 0 0 1 1 1 1 1 1 1 0 0 1 1 0 0 1 1 1 1 0 0 0 0 1 1 0 0 1 0 0 1 0
 0 1 1 0 0 1 0 1 1 1 0 0 1 0 1 0 1 0 1 1 1 1 1 0 0 0]
 Training accuracy at 1200 out of 20000 is 0.659(0.510),cost is 4.177(0.721)
[1 1 1 1 1 1 1 1 1 1 1 0 1 0 0 1 1 1 1 1 1 0 1 0 1 0 0 1 1 1 1 1 0 1 0 1 1
 1 1 0 0 1 0 0 1 1 1 1 1 1 1 0 0 1 1 0 0 1 1 1 1 0 0 0 0 1 0 1 0 1 0 0 1 0
 0 1 1 0 0 1 0 1 1 1 0 0 1 0 1 0 1 0 1 1 1 1 1 0 0 1]
 Training accuracy at 1300 out of 20000 is 0.676(0.520),cost is 4.134(0.725)
[1 1 0 1 1 1 1 1 0 1 1 0 1 0 0 1 1 1 1 1 1 0 1 0 1 0 0 1 1 1 1 1 0 1 0 1 1
 1 1 0 0 1 0 0 1 1 1 1 1 1 1 0 0 1 1 0 0 1 1 1 1 0 0 0 0 1 0 0 0 1 0 0 1 0
 0 1 1 0 0 1 0 1 1 1 0 0 1 0 1 0 1 0 1 1 1 1 1 0 0 1]
 Training accuracy at 1400 out of 20000 is 0.679(0.490),cost is 4.091(0.726)
[1 1 0 1 1 1 1 1 0 1 1 0 1 0 0 1 1 1 1 1 1 0 1 0 1 0 0 1 1 1 1 1 0 1 0 1 1
 1 1 0 0 1 0 0 1 1 1 1 1 1 1 0 0 1 1 0 0 1 1 1 1 0 0 0 0 1 0 0 0 1 0 0 1 0
 0 1 1 0 0 1 0 1 1 1 0 0 1 0 1 0 1 0 0 1 1 1 1 0 0 1]
 Training accuracy at 1500 out of 20000 is 0.686(0.480),cost is 4.048(0.730)
[1 1 0 1 1 1 1 0 0 1 1 0 1 0 0 1 1 1 1 1 1 0 1 0 1 0 0 1 1 1 1 1 0 1 0 1 1
 1 1 0 0 1 0 0 1 1 1 1 1 0 1 0 0 1 1 0 0 1 1 1 1 0 0 0 0 1 0 0 0 1 0 0 1 0
 0 1 1 0 0 1 0 1 1 1 0 0 1 0 1 0 1 0 0 1 1 1 1 0 0 1]
 Training accuracy at 1600 out of 20000 is 0.686(0.500),cost is 4.007(0.734)
[1 1 0 1 1 1 1 0 0 1 1 0 1 0 0 1 1 1 1 1 1 0 1 0 1 0 0 1 0 1 1 1 0 1 0 1 1
 1 1 0 0 1 0 0 1 1 1 1 1 0 1 0 0 1 1 0 0 1 1 1 1 0 0 0 0 1 0 0 0 1 0 0 1 0
 0 1 1 0 0 1 0 1 1 1 0 0 1 0 1 0 1 0 0 1 1 1 1 0 0 1]
 Training accuracy at 1700 out of 20000 is 0.695(0.490),cost is 3.967(0.737)
[1 1 0 1 1 1 1 0 0 1 1 1 1 0 0 1 1 1 1 1 1 0 1 0 1 1 0 1 0 1 1 1 0 1 0 1 1
 1 1 0 0 1 0 0 1 1 1 1 1 0 1 0 0 1 1 0 0 1 1 1 1 1 0 0 0 1 0 1 0 1 0 0 1 0
 0 1 1 0 0 1 0 1 1 1 0 0 1 0 1 0 1 0 0 1 1 1 1 0 0 1]
 Training accuracy at 1800 out of 20000 is 0.706(0.470),cost is 3.927(0.742)
[1 1 0 1 1 1 1 0 0 1 1 1 1 0 0 1 1 1 1 1 1 0 1 0 1 1 0 1 0 1 1 1 0 1 0 1 1
 1 1 0 0 1 0 0 1 1 1 1 1 0 1 0 0 1 1 0 0 1 1 1 1 0 0 0 0 1 0 0 0 1 0 0 1 0
 0 1 1 0 0 1 0 1 1 1 0 0 1 0 1 0 1 0 0 1 1 1 1 0 0 1]
 Training accuracy at 1900 out of 20000 is 0.716(0.470),cost is 3.886(0.742)
[1 1 0 1 1 1 1 0 0 1 1 1 1 0 0 1 1 1 1 1 1 0 1 0 1 1 0 1 0 1 1 1 0 1 0 1 1
 1 1 0 0 1 0 0 1 1 1 1 1 0 1 0 0 1 1 0 0 1 1 1 1 0 0 0 0 1 0 0 0 1 0 0 1 0
 0 1 1 0 0 1 0 1 1 1 0 0 1 0 1 0 1 0 0 1 1 1 1 0 1 1]
 Training accuracy at 2000 out of 20000 is 0.722(0.460),cost is 3.847(0.746)
[1 1 0 1 1 1 1 0 0 1 1 1 1 0 0 1 1 1 1 1 1 0 1 0 1 1 0 1 0 1 1 1 0 1 0 1 1
 1 1 0 0 1 0 0 1 1 1 1 1 0 1 0 0 1 1 0 0 1 1 1 1 0 0 0 0 1 0 0 0 1 0 0 1 0
 0 1 1 0 0 1 0 1 1 1 0 0 1 0 1 0 1 0 0 1 1 1 1 1 1 1]
 Training accuracy at 2100 out of 20000 is 0.728(0.470),cost is 3.807(0.749)
[1 1 0 1 1 1 1 0 0 1 1 1 1 0 0 1 1 1 1 1 1 0 1 0 1 1 0 1 0 1 1 1 0 1 0 1 1
 1 1 0 0 1 0 0 1 1 1 1 1 0 1 0 0 1 1 0 1 1 1 1 1 0 0 0 0 1 0 0 0 1 0 0 1 0
 0 1 1 0 0 1 0 1 1 1 0 0 1 0 1 0 1 0 0 1 1 1 1 1 1 1]
 Training accuracy at 2200 out of 20000 is 0.735(0.480),cost is 3.766(0.753)
[1 1 0 1 1 1 1 0 0 1 1 1 1 0 0 1 1 1 1 1 1 0 1 0 1 1 0 1 0 1 1 1 0 1 0 1 1
 1 1 0 0 1 0 0 1 1 1 1 1 0 1 0 0 1 1 0 1 1 1 1 1 1 0 0 0 1 0 0 0 1 0 0 1 0
 0 1 1 0 1 1 0 1 0 1 0 0 1 0 1 0 1 0 0 1 1 1 1 1 1 1]
 Training accuracy at 2300 out of 20000 is 0.744(0.470),cost is 3.726(0.757)
[1 1 0 1 1 1 1 0 0 1 1 1 1 0 0 1 1 1 1 1 1 0 1 0 1 1 0 1 0 1 1 1 0 1 0 1 0
 1 1 0 0 1 0 0 1 1 1 1 1 0 1 0 0 1 1 0 1 1 1 1 1 1 0 0 0 1 0 0 0 1 0 0 1 0
 0 1 1 0 1 1 0 1 0 1 0 0 1 0 1 0 1 0 0 1 1 1 1 1 1 1]
 Training accuracy at 2400 out of 20000 is 0.754(0.480),cost is 3.685(0.761)
[1 1 0 1 1 1 1 0 0 1 1 1 1 0 0 1 1 1 1 1 1 0 1 0 1 1 0 1 0 1 1 1 0 1 0 1 0
 1 1 0 0 1 0 0 1 1 1 1 1 0 1 0 0 1 1 0 1 1 1 1 1 1 0 0 0 1 0 0 0 1 0 0 1 0
 0 1 1 0 1 1 0 1 0 1 0 0 1 0 1 0 1 0 0 1 1 1 1 1 1 1]
 Training accuracy at 2500 out of 20000 is 0.756(0.480),cost is 3.644(0.766)
[1 1 0 1 1 1 1 0 0 1 1 1 1 0 0 1 1 1 1 1 1 0 1 0 1 1 0 1 0 1 1 1 0 1 0 1 0
 1 1 0 0 1 0 0 1 1 1 1 1 0 1 0 0 1 1 0 1 1 1 1 1 0 0 0 0 1 0 0 0 1 0 0 1 0
 0 1 1 0 1 1 0 1 1 1 0 0 1 0 1 0 1 0 0 1 1 1 1 1 1 1]
 Training accuracy at 2600 out of 20000 is 0.756(0.480),cost is 3.605(0.770)
[1 1 0 0 1 1 1 0 0 1 1 1 1 0 0 1 1 1 1 1 1 0 1 0 1 1 0 1 0 1 1 1 0 1 0 1 0
 1 1 0 0 1 0 0 1 1 1 1 0 0 1 0 0 1 1 0 1 1 1 1 1 0 0 0 0 1 0 0 0 1 0 0 1 0
 0 1 1 0 1 1 0 1 0 1 0 0 1 0 1 0 1 0 0 1 1 1 1 1 1 1]
 Training accuracy at 2700 out of 20000 is 0.772(0.490),cost is 3.564(0.773)
[1 1 0 0 1 1 1 0 0 0 1 1 1 0 0 1 1 1 1 1 1 0 1 0 1 1 0 1 0 1 1 1 0 1 0 1 0
 1 1 0 0 1 0 0 1 1 1 1 0 0 1 0 0 1 1 0 1 1 1 1 1 1 0 0 0 1 0 0 0 1 0 0 1 0
 0 1 1 0 1 1 0 1 0 1 0 0 1 0 1 0 1 0 0 1 1 1 1 1 1 1]
 Training accuracy at 2800 out of 20000 is 0.771(0.470),cost is 3.522(0.779)
[1 1 0 0 1 1 1 0 0 1 1 1 1 0 0 1 1 1 1 1 1 0 1 0 1 1 0 1 0 1 1 1 0 1 0 1 0
 1 1 0 0 1 0 0 1 1 1 1 0 0 1 0 0 1 1 0 1 1 1 1 1 1 0 0 0 1 0 0 0 1 0 0 1 0
 0 1 1 0 1 1 0 1 0 1 0 0 1 0 1 0 1 0 0 1 1 1 1 1 1 1]
 Training accuracy at 2900 out of 20000 is 0.775(0.480),cost is 3.481(0.783)
[1 1 0 0 1 1 1 0 0 0 1 1 1 0 0 1 1 1 1 1 1 0 1 0 1 1 0 1 0 1 1 1 0 1 0 1 0
 1 1 0 0 1 0 0 1 1 1 1 0 0 1 0 0 1 1 0 1 1 1 1 1 1 0 0 0 1 0 0 0 1 0 0 1 0
 0 1 1 0 1 1 0 1 0 0 0 0 1 0 1 0 1 0 0 1 1 1 1 1 1 1]
 Training accuracy at 3000 out of 20000 is 0.782(0.460),cost is 3.441(0.788)
[1 1 0 0 1 1 1 0 0 0 1 1 1 0 0 1 1 1 1 1 1 0 1 0 1 1 0 1 0 1 1 1 0 1 0 1 0
 1 1 0 0 1 0 0 1 1 1 1 0 0 1 0 0 1 1 0 1 1 1 1 1 1 0 0 0 1 0 0 0 1 0 1 1 0
 0 1 1 0 1 1 0 1 0 1 0 0 1 0 1 0 1 0 0 1 1 1 1 1 1 1]
 Training accuracy at 3100 out of 20000 is 0.782(0.460),cost is 3.399(0.796)
[1 1 0 0 1 1 1 0 0 0 1 1 1 0 0 1 1 1 1 1 1 0 1 0 1 1 0 1 0 1 1 1 0 1 0 1 0
 1 1 0 0 1 0 0 1 1 1 1 0 0 1 0 0 1 1 0 1 1 1 1 1 1 0 0 0 1 0 0 0 1 0 1 1 0
 0 1 1 0 1 1 0 1 0 0 0 0 1 0 1 0 1 0 0 1 1 1 1 1 1 1]
 Training accuracy at 3200 out of 20000 is 0.791(0.450),cost is 3.358(0.799)
[0 1 0 0 1 1 0 0 0 0 1 1 1 0 0 1 1 1 1 1 1 0 1 0 1 1 0 1 0 1 1 1 0 1 0 1 0
 1 1 0 0 1 0 0 1 1 1 1 0 0 0 0 0 1 1 0 1 1 1 1 1 1 0 0 0 1 0 0 0 1 0 1 1 0
 0 1 1 0 1 1 0 1 0 0 0 0 1 0 1 0 1 0 0 1 1 1 1 1 1 1]
 Training accuracy at 3300 out of 20000 is 0.801(0.440),cost is 3.317(0.805)
[0 1 0 0 1 1 0 0 0 0 1 1 1 0 0 1 1 1 1 1 1 0 1 0 1 1 0 1 0 1 1 1 0 1 0 1 0
 1 1 0 0 1 0 0 1 1 1 1 0 0 0 0 0 1 1 0 1 1 1 1 1 1 0 0 0 1 0 0 0 1 0 1 1 0
 0 1 1 0 1 1 0 1 0 0 0 0 1 0 1 0 1 0 0 1 1 1 1 1 1 1]
 Training accuracy at 3400 out of 20000 is 0.803(0.440),cost is 3.276(0.813)
[0 1 0 0 1 1 0 0 0 0 1 1 1 0 0 1 1 1 1 1 1 0 1 0 1 1 0 1 0 1 1 1 0 1 0 1 0
 1 1 0 0 0 0 0 1 1 1 1 0 0 0 0 0 1 1 0 1 1 1 1 1 1 0 0 0 1 0 0 0 1 0 1 1 0
 0 1 1 0 1 1 0 1 0 0 0 0 1 0 1 0 1 0 0 1 1 1 1 1 1 1]
 Training accuracy at 3500 out of 20000 is 0.804(0.430),cost is 3.235(0.821)
[1 1 0 0 1 1 1 0 0 0 1 1 1 0 0 1 1 1 1 1 1 0 1 0 1 1 0 1 0 1 1 1 0 1 0 1 0
 1 1 0 0 0 0 0 1 1 1 1 0 0 0 0 0 1 1 0 1 1 1 1 1 1 0 0 0 1 0 0 0 1 0 1 1 0
 0 1 1 0 1 1 0 1 0 0 1 0 1 0 1 0 1 0 0 1 1 1 1 1 1 1]
 Training accuracy at 3600 out of 20000 is 0.808(0.440),cost is 3.195(0.831)
[0 1 0 0 1 1 1 0 0 0 1 1 1 0 0 1 1 1 1 1 1 0 1 0 1 1 0 1 0 1 1 1 0 1 0 1 0
 1 1 0 0 0 0 0 1 1 1 1 0 0 0 0 0 1 1 0 1 1 0 1 1 1 0 0 0 1 0 0 0 1 0 1 1 0
 0 1 1 0 1 1 0 1 0 0 1 0 1 0 1 0 1 0 0 1 1 1 1 1 1 1]
 Training accuracy at 3700 out of 20000 is 0.807(0.440),cost is 3.154(0.839)
[0 1 0 0 1 1 1 0 0 0 1 1 1 0 0 1 1 0 1 1 1 0 1 0 1 1 0 1 0 1 1 1 0 1 0 1 0
 1 1 1 0 0 0 0 1 1 1 1 0 0 0 0 0 1 1 0 1 1 0 1 1 1 0 0 0 1 0 0 0 1 0 1 1 0
 0 1 1 0 1 1 0 1 0 0 1 0 1 0 1 0 1 0 0 1 1 1 1 1 1 1]
 Training accuracy at 3800 out of 20000 is 0.817(0.420),cost is 3.114(0.846)
[0 1 1 0 1 1 1 0 0 0 1 1 1 0 0 1 1 0 1 1 1 0 1 0 1 1 0 1 0 1 1 1 0 1 0 1 0
 1 1 1 0 0 0 0 1 1 1 1 0 0 0 0 0 1 1 0 1 1 0 1 1 1 0 0 0 1 0 0 0 1 0 1 1 0
 0 1 1 0 1 1 0 1 0 0 1 0 1 0 1 0 1 0 0 1 1 1 1 1 1 1]
 Training accuracy at 3900 out of 20000 is 0.824(0.430),cost is 3.073(0.854)
[0 1 1 0 1 1 0 0 0 0 1 1 1 1 0 1 1 0 1 1 1 0 1 0 1 0 0 1 0 1 1 1 0 1 0 1 0
 1 1 1 0 0 0 0 1 1 1 0 0 0 0 0 0 1 1 0 1 1 0 1 1 1 0 0 0 1 0 0 0 1 0 1 1 0
 0 1 1 0 1 1 0 1 0 0 1 0 1 0 1 0 1 0 0 1 1 1 1 1 1 1]
 Training accuracy at 4000 out of 20000 is 0.818(0.430),cost is 3.034(0.860)
[0 1 1 0 1 1 1 0 0 0 1 1 1 1 0 1 1 0 1 1 1 0 1 0 1 0 0 1 0 1 1 1 0 1 0 1 0
 1 1 1 0 0 0 0 1 1 1 1 0 0 0 0 0 1 1 0 1 1 0 1 1 1 0 0 0 1 0 0 0 1 0 1 1 0
 0 1 1 0 1 1 0 1 0 0 1 0 1 0 1 0 1 0 0 1 1 1 1 1 1 1]
 Training accuracy at 4100 out of 20000 is 0.830(0.450),cost is 2.994(0.869)
[0 1 1 0 1 1 1 0 0 0 1 1 1 1 0 1 1 0 1 1 1 0 1 0 1 1 0 1 0 1 1 1 0 1 0 1 0
 1 1 1 0 0 0 0 1 1 1 1 0 0 0 0 0 1 1 0 1 1 0 1 1 1 0 0 0 1 0 0 0 1 0 1 1 0
 0 1 1 0 1 1 0 1 0 0 1 0 1 0 1 0 1 0 0 1 1 1 1 1 1 1]
 Training accuracy at 4200 out of 20000 is 0.830(0.440),cost is 2.954(0.878)
[0 1 1 0 1 1 1 0 0 0 1 1 1 1 0 1 1 0 1 1 1 0 1 0 1 0 0 1 0 1 1 1 0 1 0 1 0
 1 1 1 0 0 0 0 1 1 1 0 0 0 0 0 0 1 1 0 1 1 0 1 1 1 0 0 0 1 0 0 0 1 0 1 1 0
 0 1 1 0 1 1 0 1 0 0 1 0 1 0 1 0 1 0 0 1 1 1 1 1 1 1]
 Training accuracy at 4300 out of 20000 is 0.836(0.440),cost is 2.915(0.889)
[0 1 1 0 1 1 1 0 0 0 1 1 1 1 0 1 1 0 1 1 1 0 1 0 1 0 0 1 0 1 1 1 0 1 0 1 0
 1 1 1 0 0 0 0 1 1 1 0 0 0 0 0 0 1 1 0 1 1 0 1 1 1 0 0 0 1 0 0 0 1 0 1 1 0
 0 1 1 0 1 1 0 1 0 0 1 0 1 0 1 0 1 0 0 1 1 1 1 1 1 1]
 Training accuracy at 4400 out of 20000 is 0.840(0.440),cost is 2.875(0.897)
[0 1 1 0 1 1 1 0 0 0 1 1 1 1 0 1 1 0 1 1 1 0 1 0 1 0 0 1 0 1 1 1 0 1 0 1 0
 1 1 1 0 0 0 0 1 1 1 0 0 0 0 0 0 1 1 0 1 1 0 1 1 1 0 0 0 1 0 0 0 1 0 1 1 0
 0 1 1 0 1 1 0 1 0 0 1 0 1 0 1 0 1 0 0 1 1 1 1 1 1 1]
 Training accuracy at 4500 out of 20000 is 0.841(0.440),cost is 2.835(0.908)
[0 1 1 0 1 1 1 0 0 0 1 1 1 1 0 1 1 0 1 1 1 0 1 0 1 0 0 1 0 1 1 1 0 1 0 1 0
 1 1 1 0 0 0 0 1 1 1 0 0 0 0 0 0 1 1 0 1 1 0 1 1 1 0 0 0 1 0 0 0 1 0 1 1 0
 0 1 1 0 1 1 0 1 1 0 1 0 1 0 1 0 1 0 0 1 1 1 1 1 1 1]
 Training accuracy at 4600 out of 20000 is 0.843(0.430),cost is 2.796(0.919)
[0 1 1 0 1 1 1 0 0 0 1 1 1 1 0 1 1 0 1 1 1 0 1 0 1 0 0 1 0 1 1 1 0 1 0 1 0
 1 1 1 0 0 0 0 1 1 1 0 0 0 0 0 0 1 1 0 1 1 0 1 1 1 0 0 0 1 0 0 0 1 0 1 1 0
 0 1 1 0 1 1 0 1 1 0 1 0 1 0 0 0 1 0 0 1 1 1 1 1 1 1]
 Training accuracy at 4700 out of 20000 is 0.843(0.440),cost is 2.757(0.927)
[0 1 1 0 0 1 1 0 0 0 1 1 1 1 0 1 1 0 1 1 1 0 1 0 1 0 0 1 0 1 1 1 0 1 0 1 0
 0 1 1 0 0 0 0 1 1 1 0 0 0 0 0 0 1 1 0 1 1 0 1 1 1 0 0 0 1 0 0 0 1 0 1 1 0
 0 1 1 0 1 1 0 1 1 0 0 0 1 0 0 0 1 0 0 1 1 1 1 1 1 1]
 Training accuracy at 4800 out of 20000 is 0.843(0.450),cost is 2.719(0.936)
[0 1 1 0 1 1 1 0 0 0 1 1 1 1 0 1 1 0 1 1 1 0 1 0 1 0 0 1 0 1 1 1 0 1 0 1 0
 1 1 1 0 0 0 0 1 1 1 0 0 0 0 0 0 1 1 0 1 1 0 1 1 1 0 0 0 1 0 0 0 1 0 1 1 0
 0 1 1 0 1 1 0 1 1 0 0 0 1 0 0 0 1 0 0 1 1 1 1 1 1 1]
 Training accuracy at 4900 out of 20000 is 0.852(0.430),cost is 2.680(0.950)
[0 1 1 0 0 1 1 0 0 0 1 1 1 1 0 1 1 0 1 0 1 0 1 0 1 0 0 1 0 1 1 1 0 1 0 1 0
 1 1 1 0 0 0 0 1 1 1 0 0 0 0 0 0 1 1 0 1 1 0 1 1 1 0 0 0 1 0 0 0 1 0 1 1 0
 0 1 1 0 1 1 0 1 1 0 0 0 1 0 0 0 1 0 0 1 1 1 1 1 1 1]
 Training accuracy at 5000 out of 20000 is 0.853(0.450),cost is 2.642(0.953)
[0 1 1 0 0 1 1 0 0 0 1 1 1 1 0 1 1 0 1 1 1 0 1 0 1 0 0 1 0 1 1 1 0 1 0 1 0
 0 1 1 0 0 0 0 1 1 1 0 0 0 0 0 0 1 1 0 1 1 0 1 1 1 0 0 0 1 0 0 0 1 0 1 1 0
 0 1 1 0 1 1 0 1 1 0 1 0 1 0 0 0 1 0 0 1 1 1 1 1 1 1]
 Training accuracy at 5100 out of 20000 is 0.857(0.460),cost is 2.605(0.966)
[0 1 1 0 0 1 1 0 0 0 1 1 1 1 0 1 1 0 1 0 1 0 1 0 1 0 0 1 0 1 1 1 0 1 0 1 0
 0 1 1 0 0 0 0 1 1 1 0 0 0 0 0 0 1 1 0 1 1 0 1 1 1 0 0 0 1 0 0 0 1 0 1 1 0
 0 1 1 0 1 1 0 1 1 0 1 0 1 0 0 0 1 0 0 1 1 1 1 1 1 1]
 Training accuracy at 5200 out of 20000 is 0.862(0.470),cost is 2.566(0.979)
[0 1 1 0 0 1 1 0 0 0 1 1 1 1 0 1 1 0 1 1 1 0 1 0 1 0 0 1 0 1 1 1 0 1 0 1 0
 1 1 1 0 0 0 0 1 1 1 0 0 0 0 0 0 1 1 0 1 1 0 1 1 1 0 0 0 1 0 0 0 1 0 1 1 0
 0 1 1 0 1 1 0 1 1 0 1 0 1 0 0 0 1 0 0 1 1 1 1 1 1 1]
 Training accuracy at 5300 out of 20000 is 0.863(0.450),cost is 2.528(0.987)
[0 1 1 0 0 1 1 0 0 0 1 1 1 1 0 1 1 0 1 1 1 0 1 0 1 0 0 1 0 1 1 1 0 1 0 1 0
 1 1 1 0 0 0 0 1 1 1 0 0 0 0 0 1 1 1 0 1 1 0 1 1 1 0 0 0 1 0 0 0 1 0 1 1 0
 0 1 1 0 1 1 0 1 1 0 1 0 1 0 0 0 1 0 0 1 1 1 1 1 1 1]
 Training accuracy at 5400 out of 20000 is 0.865(0.440),cost is 2.492(0.998)
[0 1 1 0 0 1 1 0 0 0 1 1 1 1 0 1 1 0 0 1 1 0 1 0 1 0 0 1 0 1 1 1 0 1 0 1 0
 0 1 1 0 0 0 0 1 1 1 0 0 0 0 0 1 1 1 0 1 1 0 1 1 1 0 0 0 1 0 0 0 1 0 1 1 0
 0 1 1 0 1 1 0 1 1 0 1 0 1 0 0 0 1 0 0 1 1 1 1 1 1 1]
 Training accuracy at 5500 out of 20000 is 0.863(0.460),cost is 2.455(1.008)
[0 1 1 0 0 1 1 0 0 0 1 1 1 1 0 1 1 0 0 0 1 0 1 0 1 0 0 1 0 1 1 1 0 1 0 1 0
 0 1 1 0 0 0 0 1 1 1 0 0 0 0 0 0 1 1 0 1 1 0 1 1 1 0 0 0 1 0 0 0 1 0 1 1 0
 0 1 1 0 1 1 0 1 1 0 1 0 1 0 0 0 1 0 0 1 1 1 1 1 1 1]
 Training accuracy at 5600 out of 20000 is 0.866(0.480),cost is 2.421(1.019)
[1 1 1 0 0 1 1 0 0 0 1 1 1 1 0 1 1 0 0 1 1 0 1 0 1 0 0 1 0 1 1 1 0 1 0 1 0
 0 1 1 0 0 0 0 1 1 1 0 0 0 0 0 1 1 1 0 1 1 0 1 1 1 0 0 0 1 0 0 0 1 0 1 1 0
 0 1 1 0 1 1 0 1 1 0 1 0 1 0 0 0 1 0 0 1 1 1 1 1 1 1]
 Training accuracy at 5700 out of 20000 is 0.873(0.450),cost is 2.384(1.029)
[0 1 1 0 0 1 1 0 0 0 1 1 1 1 0 1 1 0 0 1 1 0 1 0 1 0 1 1 0 1 1 1 0 1 0 1 0
 1 1 1 0 0 0 0 1 1 1 0 0 0 0 0 1 1 1 0 1 1 0 1 1 1 0 0 0 1 0 0 0 1 0 1 1 0
 0 1 1 0 1 1 0 1 1 0 1 0 1 0 0 0 1 0 0 1 1 1 1 1 1 1]
 Training accuracy at 5800 out of 20000 is 0.872(0.440),cost is 2.348(1.045)
[0 1 1 0 0 1 1 0 0 0 1 1 1 1 0 1 1 0 0 1 1 0 1 0 1 0 1 1 0 1 1 1 0 1 0 1 0
 1 1 1 0 0 0 0 1 1 1 0 0 0 0 0 1 1 1 0 1 1 0 1 1 1 0 0 0 1 0 0 0 1 0 1 1 0
 0 1 1 0 1 1 0 1 1 0 1 0 1 0 0 0 1 0 0 1 1 1 1 1 1 1]
 Training accuracy at 5900 out of 20000 is 0.878(0.440),cost is 2.313(1.056)
[1 1 1 0 0 1 1 0 0 0 1 1 1 1 0 1 1 0 0 1 1 0 1 0 1 0 0 1 0 0 1 1 0 1 0 1 0
 0 1 1 0 0 0 0 1 1 1 0 0 0 0 0 1 1 1 0 1 1 0 1 1 1 0 0 0 1 0 0 0 1 0 1 1 0
 0 1 1 0 1 1 0 1 1 0 1 0 1 0 0 0 1 0 0 1 1 1 1 1 1 1]
 Training accuracy at 6000 out of 20000 is 0.876(0.460),cost is 2.278(1.062)
[0 1 1 0 0 1 1 0 0 0 1 1 1 1 0 1 1 0 0 1 1 0 1 0 1 0 0 1 0 1 1 1 0 1 0 1 0
 0 1 1 0 0 0 0 1 1 1 0 0 0 0 0 1 1 1 0 1 1 0 1 1 1 0 0 0 1 0 0 0 1 0 1 1 0
 0 1 1 0 1 1 0 1 1 0 1 0 1 0 0 0 1 0 0 1 1 1 1 1 1 1]
 Training accuracy at 6100 out of 20000 is 0.880(0.460),cost is 2.242(1.074)
[1 1 1 0 0 1 1 0 0 0 1 1 1 1 0 0 0 0 0 1 1 0 1 0 1 0 1 1 0 0 1 1 0 1 0 1 0
 1 1 1 0 0 0 0 1 1 1 0 0 0 0 0 1 1 1 0 1 1 0 1 1 1 0 0 0 1 0 0 0 1 0 1 1 0
 0 1 1 0 1 1 0 1 1 0 0 0 1 0 0 0 1 0 0 1 1 1 1 1 1 1]
 Training accuracy at 6200 out of 20000 is 0.885(0.450),cost is 2.208(1.085)
[1 1 1 0 0 1 1 0 0 0 1 1 1 1 0 0 0 0 0 1 1 0 1 0 1 0 1 1 0 0 1 1 0 1 0 1 0
 1 1 1 0 0 0 0 1 1 1 0 0 0 0 0 1 1 1 0 1 1 0 1 1 1 0 0 0 1 0 0 0 1 0 1 1 0
 0 1 1 0 1 1 0 1 1 0 1 0 1 0 0 0 1 0 0 1 1 1 1 1 1 1]
 Training accuracy at 6300 out of 20000 is 0.888(0.460),cost is 2.173(1.096)
[1 1 1 0 0 1 1 0 0 0 1 1 1 1 0 0 0 0 0 1 1 0 1 0 1 0 1 1 0 0 1 1 0 1 0 1 0
 1 1 1 0 0 0 0 1 1 1 0 0 0 0 0 1 1 1 0 1 1 0 1 1 1 0 0 0 1 0 0 0 1 0 1 1 0
 0 1 1 0 1 1 0 1 1 0 1 0 1 0 0 0 1 0 0 1 1 1 1 1 1 1]
 Training accuracy at 6400 out of 20000 is 0.892(0.460),cost is 2.140(1.105)
[1 1 1 0 0 1 1 0 0 0 1 0 1 1 0 0 0 0 0 1 1 0 1 0 1 0 1 1 0 0 1 1 0 1 0 1 0
 1 1 1 0 0 0 0 1 1 1 0 0 0 0 0 1 1 1 0 1 1 0 1 1 1 0 0 0 1 0 0 0 1 0 1 1 0
 0 1 1 0 1 1 0 1 1 0 1 0 1 0 0 0 1 0 0 1 1 1 1 1 1 1]
 Training accuracy at 6500 out of 20000 is 0.890(0.470),cost is 2.106(1.115)
[1 1 1 0 0 1 1 0 0 0 1 1 1 1 0 0 0 0 0 0 1 0 1 0 1 0 1 1 0 0 1 1 0 1 0 1 0
 1 1 1 0 0 0 0 1 1 1 0 0 0 0 0 1 1 1 0 1 1 0 1 1 1 0 0 0 1 0 0 0 1 0 1 1 0
 0 1 1 0 1 1 0 1 1 0 0 0 1 0 0 0 1 0 0 1 1 1 1 1 1 1]
 Training accuracy at 6600 out of 20000 is 0.896(0.460),cost is 2.072(1.124)
[1 1 1 0 0 1 1 0 0 0 1 1 1 1 0 0 0 0 0 0 1 0 1 0 1 0 1 1 0 0 1 1 0 1 0 1 0
 0 1 1 0 0 0 0 1 1 1 0 0 0 0 0 0 1 1 0 1 1 0 1 1 1 0 0 0 1 0 0 0 1 0 1 1 0
 0 1 1 0 1 1 0 1 1 0 0 0 1 0 0 0 1 0 0 1 1 1 1 1 1 1]
 Training accuracy at 6700 out of 20000 is 0.899(0.480),cost is 2.039(1.133)
[1 1 1 0 0 1 1 0 0 0 1 1 1 1 0 0 0 0 0 1 1 0 1 0 1 0 1 1 0 0 1 1 0 1 0 1 0
 1 1 1 0 0 0 0 1 1 1 0 1 0 0 0 1 1 1 0 1 1 0 1 1 1 0 0 0 1 0 0 0 1 0 1 1 0
 0 1 1 0 1 1 0 1 1 0 1 0 1 0 0 0 1 0 0 1 1 1 1 1 1 1]
 Training accuracy at 6800 out of 20000 is 0.901(0.450),cost is 2.008(1.149)
[1 1 1 0 0 1 1 0 0 0 1 1 1 1 0 0 0 0 0 1 1 0 1 0 1 0 1 1 0 0 1 1 0 1 0 1 0
 0 1 1 0 0 0 0 1 1 1 0 1 0 0 0 0 1 1 0 1 1 0 1 1 1 0 0 0 1 0 0 0 1 0 1 1 0
 0 1 1 0 1 1 0 1 1 0 0 0 1 0 0 0 1 0 0 1 1 1 1 1 1 1]
 Training accuracy at 6900 out of 20000 is 0.902(0.460),cost is 1.973(1.154)
[1 1 1 0 0 1 1 0 0 0 1 1 1 1 0 0 0 0 0 1 1 0 1 0 1 0 1 1 0 0 1 1 0 1 0 1 0
 0 1 1 0 0 0 0 1 1 1 0 1 0 0 0 0 1 1 0 1 1 0 1 1 1 0 0 0 1 0 0 0 1 0 1 1 0
 0 1 1 0 1 1 0 1 1 0 1 0 1 0 0 0 1 0 0 1 1 1 1 1 1 1]
 Training accuracy at 7000 out of 20000 is 0.908(0.470),cost is 1.940(1.173)
[1 1 1 0 0 1 1 0 0 0 1 1 1 1 0 0 0 0 0 1 1 0 1 0 1 0 1 1 0 0 1 1 0 1 0 1 0
 0 1 1 0 0 0 0 1 1 1 0 1 0 0 0 0 1 1 0 1 1 0 1 1 1 0 0 0 1 0 0 0 1 0 1 1 0
 0 1 1 0 1 1 0 1 1 0 0 0 1 0 0 0 1 0 0 1 1 1 1 1 1 1]
 Training accuracy at 7100 out of 20000 is 0.909(0.460),cost is 1.908(1.182)
[1 1 1 0 0 1 1 0 0 0 1 0 1 1 0 0 0 0 0 0 1 0 1 0 1 0 1 1 0 0 1 1 0 1 0 1 0
 0 1 1 0 0 0 0 1 1 1 0 1 0 0 0 0 1 1 0 0 1 0 1 1 1 1 0 0 1 0 0 0 1 0 1 1 0
 0 1 1 0 1 1 0 1 1 0 1 0 1 0 0 0 1 0 0 1 1 1 1 1 1 1]
 Training accuracy at 7200 out of 20000 is 0.912(0.470),cost is 1.876(1.196)
[1 1 1 0 0 1 1 0 0 0 1 0 1 1 0 0 0 0 0 1 1 0 1 0 1 0 1 1 0 0 1 1 0 1 0 1 0
 0 1 1 0 0 0 0 1 1 1 0 1 0 0 0 0 1 1 0 0 1 0 1 1 1 1 0 0 1 0 0 0 1 0 1 1 0
 0 1 1 0 1 1 0 1 1 0 0 0 1 0 0 0 1 0 0 1 1 1 1 1 1 1]
 Training accuracy at 7300 out of 20000 is 0.918(0.450),cost is 1.846(1.202)
[1 1 1 0 0 1 1 0 0 0 1 0 1 1 0 0 0 0 0 1 1 0 1 0 1 0 1 1 0 0 1 1 0 1 0 1 0
 0 1 1 0 0 0 0 1 1 1 0 1 0 0 0 0 1 1 0 0 1 0 1 1 1 1 0 0 1 0 0 0 1 0 1 1 0
 0 1 1 0 1 1 0 1 1 0 1 0 1 0 0 0 1 0 0 1 1 1 1 1 1 1]
 Training accuracy at 7400 out of 20000 is 0.919(0.460),cost is 1.814(1.214)
[1 1 1 0 0 1 1 0 0 0 1 0 1 1 0 0 0 0 0 0 1 0 1 0 1 0 1 1 0 0 1 1 0 1 0 1 0
 0 1 1 0 0 0 0 1 1 1 0 1 0 0 0 0 1 1 0 0 1 0 1 1 1 1 0 0 1 0 0 0 1 0 1 1 0
 0 1 1 0 1 1 0 1 1 0 0 0 1 0 0 0 1 0 0 1 1 1 1 1 1 1]
 Training accuracy at 7500 out of 20000 is 0.919(0.460),cost is 1.782(1.225)
[1 1 1 0 0 1 1 0 0 0 1 0 1 1 0 0 0 0 0 0 1 0 1 0 1 0 1 1 0 0 1 1 0 1 0 1 0
 0 1 1 0 0 0 0 1 1 1 0 1 0 0 0 0 1 1 0 0 1 0 1 1 1 1 0 0 1 0 0 0 1 0 1 1 0
 0 1 1 0 1 1 0 1 1 0 1 0 1 0 0 0 1 0 0 1 1 1 1 1 1 1]
 Training accuracy at 7600 out of 20000 is 0.927(0.470),cost is 1.751(1.232)
[1 1 1 0 0 1 1 0 0 0 1 0 1 1 0 0 0 0 0 0 1 0 1 0 1 0 1 1 0 0 1 1 0 1 0 1 0
 0 1 1 0 0 0 0 1 1 1 0 1 0 0 0 0 1 1 0 0 1 0 1 1 1 1 0 0 1 0 0 0 1 0 1 1 0
 0 1 1 0 1 1 0 1 1 0 1 0 1 0 0 0 1 0 0 1 1 1 1 1 1 1]
 Training accuracy at 7700 out of 20000 is 0.921(0.470),cost is 1.720(1.247)
[1 1 1 0 0 1 1 0 0 0 1 0 1 1 0 0 0 0 0 0 1 0 1 0 1 0 1 1 0 0 1 1 0 1 0 1 0
 0 1 1 0 0 0 0 1 1 1 0 1 0 0 0 0 1 1 0 0 1 0 1 1 1 1 0 0 1 0 0 0 1 0 1 1 0
 0 1 1 0 0 1 0 1 1 0 0 0 1 0 0 0 1 0 0 1 1 1 1 1 1 1]
 Training accuracy at 7800 out of 20000 is 0.929(0.470),cost is 1.690(1.252)
[1 1 1 0 0 1 1 0 0 0 1 0 1 1 0 0 0 0 0 0 1 0 1 0 1 0 1 1 0 0 1 1 0 1 0 1 0
 0 1 1 0 0 0 0 1 1 1 0 1 0 0 0 0 1 1 0 0 1 0 1 1 1 1 0 0 1 0 0 0 1 0 1 1 0
 0 1 1 0 1 1 0 1 1 0 1 0 1 0 0 0 1 0 0 1 1 1 1 1 1 1]
 Training accuracy at 7900 out of 20000 is 0.931(0.470),cost is 1.660(1.267)
[1 1 1 0 0 1 1 0 0 0 1 0 1 1 0 0 0 0 0 1 1 0 1 0 1 0 1 1 0 0 1 1 0 1 0 1 0
 0 1 1 0 0 0 0 1 1 1 0 1 0 0 0 0 1 1 0 0 1 0 1 1 1 1 0 0 1 1 0 0 1 0 1 1 0
 0 1 1 0 1 1 0 1 1 0 1 0 1 0 0 0 1 0 0 1 1 1 1 1 1 1]
 Training accuracy at 8000 out of 20000 is 0.929(0.470),cost is 1.631(1.284)
[1 1 1 0 0 1 1 0 0 0 1 0 1 1 0 0 0 0 0 1 1 0 1 0 1 0 1 1 0 0 1 1 0 1 0 1 0
 0 1 1 0 0 0 0 1 1 1 0 1 0 0 0 0 1 1 0 0 1 0 1 1 1 1 0 0 1 1 0 0 1 0 1 1 0
 0 1 1 0 0 1 0 1 1 0 1 0 1 0 0 0 1 0 0 1 1 1 1 1 1 1]
 Training accuracy at 8100 out of 20000 is 0.931(0.480),cost is 1.601(1.297)
[1 1 1 0 0 1 1 0 0 0 1 0 1 1 0 0 0 0 0 0 1 0 1 0 1 0 1 1 0 0 1 1 0 1 0 1 0
 0 1 1 0 0 0 0 1 1 1 0 1 0 0 0 0 1 1 0 0 1 0 1 1 1 1 0 0 1 1 0 0 1 0 1 1 0
 0 1 1 0 0 1 0 1 1 0 1 0 1 0 0 0 1 0 0 1 1 1 1 1 1 1]
 Training accuracy at 8200 out of 20000 is 0.931(0.490),cost is 1.572(1.299)
[1 1 1 0 0 1 1 0 0 0 1 0 1 1 0 0 0 0 0 0 1 0 1 0 1 0 1 1 0 0 1 1 0 1 0 1 0
 0 1 1 0 0 0 0 1 1 1 0 1 0 0 0 0 1 1 0 0 1 0 1 1 1 1 0 0 1 1 0 0 1 0 1 1 0
 0 1 1 0 0 1 0 1 1 0 1 0 1 0 0 0 1 0 0 1 1 1 1 1 1 1]
 Training accuracy at 8300 out of 20000 is 0.935(0.490),cost is 1.544(1.310)
[1 1 1 0 0 1 1 0 0 0 1 0 1 1 0 0 0 0 0 1 1 0 1 0 1 0 1 1 0 0 1 1 0 1 0 1 0
 0 1 1 0 0 0 0 1 1 1 0 1 0 0 0 0 1 1 0 0 1 0 1 1 1 1 0 0 1 1 0 0 1 0 1 1 0
 0 1 1 0 0 1 0 1 1 0 1 0 1 0 0 0 1 0 0 1 1 1 1 1 1 1]
 Training accuracy at 8400 out of 20000 is 0.939(0.480),cost is 1.514(1.318)
[1 1 1 0 0 1 1 0 0 0 1 0 1 1 0 0 0 0 0 1 1 0 1 0 1 0 1 1 0 0 1 1 0 1 0 1 0
 0 1 1 0 0 0 0 1 1 1 0 1 0 0 0 0 1 1 0 0 1 0 1 1 1 1 0 0 1 1 0 0 1 0 1 1 0
 0 1 1 0 0 1 0 1 1 0 1 0 1 0 0 0 1 0 0 1 1 1 1 1 1 1]
 Training accuracy at 8500 out of 20000 is 0.942(0.480),cost is 1.485(1.331)
[1 1 1 0 0 1 1 0 0 0 1 0 1 1 0 0 0 0 0 1 1 0 1 0 1 0 1 1 0 0 1 1 0 1 0 1 0
 0 1 1 0 0 0 0 1 1 1 0 1 0 0 0 0 1 1 0 0 1 0 1 1 1 1 0 0 1 1 0 0 1 0 1 1 0
 0 1 1 0 0 1 0 1 1 0 1 0 1 0 0 0 1 0 0 1 1 1 1 1 1 1]
 Training accuracy at 8600 out of 20000 is 0.942(0.480),cost is 1.457(1.339)
[1 1 1 0 0 1 1 0 0 0 1 0 1 1 0 0 0 0 0 1 1 0 1 0 1 0 1 1 0 0 1 1 0 1 0 1 0
 0 1 1 0 0 0 0 1 1 1 0 1 0 0 0 0 1 1 0 0 1 0 1 1 1 1 0 0 1 1 0 0 1 0 1 1 0
 0 1 1 0 0 1 0 1 1 0 1 0 1 0 0 0 1 0 0 1 1 1 1 1 1 1]
 Training accuracy at 8700 out of 20000 is 0.947(0.480),cost is 1.429(1.346)
[1 1 1 0 0 1 1 0 0 0 1 0 1 1 0 0 0 0 0 1 1 0 1 0 1 0 1 1 0 0 1 1 0 1 0 1 0
 0 1 1 0 0 0 0 1 1 1 0 1 0 0 0 0 1 1 0 0 1 0 1 1 1 1 0 0 1 1 0 0 1 0 1 1 0
 0 1 1 0 0 1 0 1 1 0 1 0 1 0 0 0 1 0 0 1 1 1 1 1 1 1]
 Training accuracy at 8800 out of 20000 is 0.948(0.480),cost is 1.402(1.360)
[1 1 1 0 0 1 1 0 0 0 1 0 1 1 0 0 0 0 0 1 1 0 1 0 1 0 1 1 0 0 1 1 0 1 0 1 0
 0 1 1 0 0 0 0 1 1 1 0 1 0 0 0 0 1 1 0 0 1 0 1 1 1 1 0 0 1 1 0 0 1 0 1 1 0
 0 1 1 0 0 1 0 1 1 0 1 0 1 0 0 0 1 0 0 1 1 1 1 1 1 1]
 Training accuracy at 8900 out of 20000 is 0.954(0.480),cost is 1.375(1.367)
[1 1 1 0 0 1 1 0 0 0 1 0 1 1 0 0 0 0 0 1 1 0 1 0 1 0 1 1 0 0 1 0 0 1 0 0 0
 0 1 1 0 0 0 0 1 1 1 0 1 0 0 0 0 1 1 0 0 1 0 1 1 1 1 0 0 1 1 0 0 1 0 1 1 0
 0 1 1 0 0 1 0 1 1 0 1 0 1 0 0 0 1 0 0 1 1 1 1 1 1 1]
 Training accuracy at 9000 out of 20000 is 0.952(0.480),cost is 1.348(1.383)
[1 1 1 0 0 1 1 0 0 0 1 0 1 1 0 0 0 0 0 1 1 0 1 0 1 0 1 1 0 0 1 1 0 1 0 0 0
 0 1 1 0 0 0 0 1 1 1 0 1 0 0 0 0 1 1 0 0 1 0 1 1 1 1 0 0 1 1 0 0 1 0 1 1 0
 0 1 1 0 0 1 0 1 1 0 1 0 1 0 0 0 1 0 0 1 1 1 1 1 1 1]
 Training accuracy at 9100 out of 20000 is 0.952(0.470),cost is 1.320(1.398)
[1 1 1 0 0 1 1 0 0 0 1 0 1 1 0 0 0 0 0 1 1 0 1 0 1 0 1 1 0 0 1 0 0 1 0 0 0
 1 1 1 0 0 0 0 1 1 1 0 1 0 0 0 0 1 1 0 0 1 0 1 1 1 1 0 0 1 1 0 0 1 0 1 1 0
 0 1 1 0 0 1 0 1 1 0 1 0 1 0 0 0 1 0 0 1 1 1 1 1 1 1]
 Training accuracy at 9200 out of 20000 is 0.952(0.470),cost is 1.295(1.401)
[1 1 1 0 0 1 1 0 0 0 1 0 1 1 0 0 0 0 0 1 1 0 1 0 1 0 1 1 0 0 1 0 0 1 0 0 0
 0 1 1 0 0 0 0 1 1 1 0 1 0 0 0 0 1 1 0 0 1 0 1 1 1 1 0 0 1 1 0 0 1 0 1 1 0
 0 1 1 0 0 1 0 1 1 0 1 0 1 0 0 0 1 0 0 1 1 1 1 1 1 1]
 Training accuracy at 9300 out of 20000 is 0.955(0.480),cost is 1.267(1.417)
[1 1 1 0 0 1 1 0 0 0 1 0 1 1 0 0 0 0 0 1 1 0 1 0 1 0 1 1 0 0 1 1 0 1 0 0 0
 0 1 1 0 0 0 0 1 1 1 0 1 0 0 0 0 1 1 0 0 1 0 1 1 1 1 0 0 1 1 0 0 1 0 1 1 0
 0 1 1 0 0 1 0 1 1 0 1 0 1 0 0 0 1 0 0 1 1 1 1 1 1 1]
 Training accuracy at 9400 out of 20000 is 0.954(0.470),cost is 1.242(1.418)
[1 1 1 0 0 1 1 0 0 0 1 0 1 1 0 0 0 0 0 1 1 0 1 0 1 0 1 1 0 0 1 0 0 1 0 0 0
 0 1 1 0 0 0 0 1 1 1 0 1 0 0 0 0 1 1 0 0 1 0 1 1 1 1 0 0 1 1 0 0 1 0 1 1 0
 0 1 1 0 0 1 0 1 1 0 1 0 1 0 0 0 1 0 0 1 1 1 1 1 1 1]
 Training accuracy at 9500 out of 20000 is 0.955(0.480),cost is 1.216(1.441)
[1 1 1 0 0 1 1 0 0 0 1 0 1 1 0 0 0 0 0 1 1 0 1 0 1 0 1 1 0 0 1 1 0 1 0 0 0
 0 1 1 0 0 0 0 1 1 1 0 1 0 0 0 0 1 1 0 0 1 0 1 1 1 1 0 0 1 1 0 0 1 0 1 1 0
 0 1 1 0 0 1 0 1 1 0 1 0 1 0 0 0 1 0 0 1 1 1 1 1 1 1]
 Training accuracy at 9600 out of 20000 is 0.960(0.470),cost is 1.190(1.446)
[1 1 1 0 0 1 1 0 0 0 1 0 1 1 0 0 0 0 0 1 1 0 1 0 1 0 1 1 0 0 1 0 0 1 0 0 0
 0 1 1 0 0 0 0 1 1 1 0 1 0 0 0 0 1 1 0 0 1 0 1 1 1 1 0 0 1 1 0 0 1 0 1 1 0
 0 1 1 0 0 1 0 1 1 0 1 0 1 0 0 0 1 0 0 1 1 1 1 1 1 1]
 Training accuracy at 9700 out of 20000 is 0.963(0.480),cost is 1.164(1.455)
[1 1 1 0 0 1 1 0 0 0 1 0 1 1 0 0 0 0 0 1 1 0 1 0 1 0 1 1 0 0 1 0 0 1 0 0 0
 0 1 1 0 0 0 0 1 1 1 0 1 0 0 0 0 1 1 0 0 1 0 1 1 1 1 0 0 1 1 0 0 1 0 1 1 0
 0 1 1 0 0 1 0 1 1 0 1 0 1 0 0 0 1 0 0 1 1 1 1 1 1 1]
 Training accuracy at 9800 out of 20000 is 0.965(0.480),cost is 1.141(1.459)
[1 1 1 0 0 1 1 0 0 0 1 0 1 1 0 0 0 0 0 1 1 0 1 0 1 0 1 1 0 0 1 0 0 1 0 0 0
 0 1 1 0 0 0 0 1 1 1 0 1 0 0 0 0 1 1 0 0 1 0 1 1 1 1 0 0 1 1 0 0 1 0 1 1 0
 0 1 0 0 0 1 0 1 1 0 1 0 1 0 0 0 0 0 0 1 1 1 1 1 1 1]
 Training accuracy at 9900 out of 20000 is 0.968(0.500),cost is 1.120(1.469)
[1 1 1 0 0 1 1 0 0 0 1 0 1 1 0 0 0 0 0 1 1 0 1 0 1 0 1 1 0 0 1 0 0 1 0 0 0
 0 1 1 0 0 0 0 1 1 1 0 1 0 0 0 0 1 1 0 0 1 0 1 1 1 1 0 0 1 1 0 0 1 0 1 1 0
 0 1 0 0 0 1 0 1 1 0 1 0 1 0 0 0 1 0 0 1 1 1 1 1 1 1]
 Training accuracy at 10000 out of 20000 is 0.970(0.490),cost is 1.092(1.487)
[1 1 1 0 0 1 1 0 0 0 1 0 1 1 0 0 0 0 0 1 1 0 1 0 1 0 1 1 0 0 1 0 0 1 0 0 0
 0 1 1 0 0 0 0 1 1 1 0 1 0 0 0 0 1 1 0 0 1 0 1 1 1 1 0 0 1 1 0 0 1 0 1 1 0
 0 1 0 0 0 1 0 1 1 0 1 0 1 0 0 0 0 0 0 1 1 1 1 1 1 1]
 Training accuracy at 10100 out of 20000 is 0.973(0.500),cost is 1.069(1.494)
[1 1 1 0 0 1 1 0 0 0 1 0 1 1 0 0 0 0 0 1 1 0 1 0 1 0 1 1 0 0 1 0 0 1 0 0 0
 0 1 1 0 0 0 0 1 1 1 0 1 0 0 0 0 1 1 0 0 1 0 1 1 1 1 0 0 1 1 0 0 1 0 1 1 0
 0 1 0 0 0 1 0 1 1 0 1 0 1 0 0 0 0 0 0 1 1 1 1 1 1 1]
 Training accuracy at 10200 out of 20000 is 0.970(0.500),cost is 1.045(1.499)
[1 1 1 0 0 1 1 0 0 0 1 0 1 1 0 0 0 0 0 1 1 0 1 0 1 0 1 1 0 0 1 0 0 1 0 0 0
 0 1 1 0 0 0 0 1 1 1 0 1 0 0 0 0 1 1 0 0 1 0 1 1 1 1 0 0 1 1 0 0 1 0 1 1 0
 0 1 0 0 0 1 0 1 1 0 1 0 1 0 0 0 0 0 0 1 1 1 1 1 1 1]
 Training accuracy at 10300 out of 20000 is 0.970(0.500),cost is 1.022(1.512)
[1 1 1 0 0 1 1 0 0 0 1 0 1 1 0 0 0 0 0 1 1 0 1 0 1 0 1 1 0 0 1 0 0 1 0 0 0
 0 1 1 0 0 0 0 1 1 1 0 1 0 0 0 0 1 1 0 0 1 0 1 1 1 1 0 0 1 1 0 0 1 0 1 1 0
 0 1 1 0 0 1 0 1 1 0 1 0 1 0 0 0 0 0 0 1 1 1 1 1 1 1]
 Training accuracy at 10400 out of 20000 is 0.971(0.490),cost is 1.001(1.518)
[1 1 1 0 0 1 1 0 0 0 1 0 1 1 0 0 0 0 0 1 1 0 1 0 1 0 1 1 0 0 1 0 0 1 0 0 0
 0 1 1 0 0 0 0 1 1 1 0 1 0 0 0 0 1 1 0 0 1 0 1 1 1 1 0 0 1 1 0 0 1 0 1 1 0
 0 1 0 0 0 1 0 1 1 0 1 0 1 0 0 0 0 0 0 1 1 1 1 1 1 1]
 Training accuracy at 10500 out of 20000 is 0.973(0.500),cost is 0.976(1.529)
[1 1 1 0 0 1 1 0 0 0 1 0 1 1 0 0 0 0 0 1 1 0 1 0 1 0 1 1 0 0 1 0 0 1 0 0 0
 0 1 1 0 0 0 0 1 1 1 0 1 0 0 0 0 1 1 0 0 1 0 1 1 1 1 0 0 1 1 0 0 1 0 1 1 0
 0 1 0 0 0 1 0 1 1 0 1 0 1 0 0 0 0 0 0 1 1 1 1 1 1 1]
 Training accuracy at 10600 out of 20000 is 0.976(0.500),cost is 0.953(1.552)
[1 1 1 0 0 1 1 0 0 0 1 0 1 1 0 0 0 0 0 1 1 0 1 0 1 0 1 1 0 0 1 0 0 1 0 0 0
 0 1 1 0 0 0 0 1 1 1 0 1 0 0 0 0 1 1 0 0 1 0 1 1 1 1 0 0 1 1 0 0 1 0 1 1 0
 0 1 0 0 0 1 0 1 1 0 1 0 1 0 0 0 0 0 0 1 1 1 1 1 1 1]
 Training accuracy at 10700 out of 20000 is 0.977(0.500),cost is 0.932(1.565)
[1 1 1 0 0 1 1 0 0 0 1 0 1 1 0 0 0 0 0 1 1 0 1 0 1 0 1 1 0 0 1 0 0 1 0 0 0
 1 1 1 0 0 0 0 1 1 1 0 1 0 0 0 0 1 1 0 0 1 0 1 1 1 1 0 0 1 1 0 0 1 0 1 1 0
 0 1 0 0 0 1 0 1 1 0 1 0 1 0 0 0 0 0 0 1 1 1 1 1 1 1]
 Training accuracy at 10800 out of 20000 is 0.977(0.490),cost is 0.911(1.579)
[1 1 1 0 0 1 1 1 0 0 1 0 1 1 0 0 0 0 0 1 1 0 1 0 1 0 1 1 0 0 1 0 0 1 0 0 0
 1 1 1 0 0 0 0 1 1 1 0 1 0 0 0 0 1 1 0 0 1 0 1 1 1 1 0 0 1 1 0 0 1 0 1 1 0
 0 1 0 0 0 1 0 1 1 0 1 0 1 0 0 0 0 0 0 1 1 1 1 1 1 1]
 Training accuracy at 10900 out of 20000 is 0.981(0.480),cost is 0.888(1.577)
[1 1 1 0 0 1 1 1 0 0 1 0 1 1 0 0 0 0 0 1 1 0 1 0 1 0 1 1 0 0 1 0 0 1 0 0 0
 0 1 1 0 0 0 0 1 1 1 0 1 0 0 0 0 1 1 0 0 1 0 1 1 1 1 0 0 1 1 0 0 1 0 1 1 0
 0 1 0 0 0 1 0 1 1 0 1 0 1 0 0 0 0 0 0 1 1 1 1 1 1 1]
 Training accuracy at 11000 out of 20000 is 0.978(0.490),cost is 0.868(1.597)
[1 1 1 0 0 1 1 1 0 0 1 0 1 1 0 0 0 0 0 1 1 0 1 0 1 0 1 1 0 0 1 0 0 1 0 0 0
 0 1 1 0 0 0 0 1 1 1 0 1 0 0 0 0 1 1 0 0 1 0 1 1 1 1 0 0 1 1 0 0 1 0 1 1 0
 0 1 0 0 0 1 0 1 1 0 1 0 1 0 0 0 0 0 0 1 1 1 1 1 1 1]
 Training accuracy at 11100 out of 20000 is 0.981(0.490),cost is 0.846(1.609)
[1 1 1 0 0 1 1 1 0 0 1 0 1 1 0 0 0 0 0 1 1 0 1 0 1 0 1 1 0 0 1 0 0 1 0 0 0
 0 1 1 0 0 0 0 1 1 1 0 1 0 0 0 0 1 1 0 0 1 0 1 1 1 1 0 0 1 1 0 0 1 0 1 1 0
 0 1 0 0 0 1 0 1 1 0 1 0 1 0 0 0 0 0 0 1 1 1 1 1 1 1]
 Training accuracy at 11200 out of 20000 is 0.980(0.490),cost is 0.825(1.627)
[1 1 1 0 0 1 1 1 0 0 1 0 1 1 0 0 0 0 0 1 1 0 1 0 1 0 1 1 0 0 1 0 0 1 0 0 0
 0 1 1 0 0 0 0 1 1 1 0 1 0 0 0 0 1 1 0 0 1 0 1 1 1 1 0 0 1 1 0 0 1 0 1 1 0
 0 1 0 0 0 1 0 1 1 0 1 0 1 0 0 0 0 0 0 1 1 1 1 1 1 1]
 Training accuracy at 11300 out of 20000 is 0.981(0.490),cost is 0.805(1.649)
[1 1 1 0 0 1 1 1 0 0 1 0 1 1 0 0 0 0 0 1 1 0 1 0 1 0 1 1 0 1 1 0 0 1 0 0 0
 0 1 1 0 0 0 0 1 1 1 0 1 0 0 0 0 1 1 0 0 1 0 1 1 1 1 0 0 1 1 0 0 1 0 1 1 0
 0 1 0 0 0 1 0 1 1 0 1 0 1 0 0 0 0 0 0 1 1 1 1 1 1 1]
 Training accuracy at 11400 out of 20000 is 0.987(0.480),cost is 0.784(1.656)
[1 1 1 0 0 1 1 1 0 0 1 0 1 1 0 0 0 0 0 1 1 0 1 0 1 0 1 1 0 1 1 0 0 1 0 0 0
 0 1 1 0 0 0 0 1 1 1 0 1 0 0 0 0 1 1 0 0 1 0 1 1 1 1 0 0 1 1 0 0 1 0 1 1 0
 0 1 0 0 0 1 0 1 1 0 1 0 1 0 0 0 0 0 0 1 1 1 1 1 1 1]
 Training accuracy at 11500 out of 20000 is 0.984(0.480),cost is 0.764(1.666)
[1 1 1 0 0 1 1 1 0 0 1 0 1 1 0 0 0 0 0 1 1 0 1 0 1 0 1 1 0 1 1 0 0 1 0 0 0
 0 1 1 0 0 0 0 1 1 1 0 1 0 0 0 0 1 1 0 0 1 0 1 1 1 1 0 0 1 1 0 0 1 0 1 1 0
 0 1 0 0 0 1 0 1 1 0 1 0 1 0 0 0 0 0 0 1 1 1 1 1 1 1]
 Training accuracy at 11600 out of 20000 is 0.987(0.480),cost is 0.745(1.680)
[1 1 1 0 0 1 1 1 0 0 1 0 1 1 0 0 0 0 0 1 1 0 1 0 1 0 1 1 0 1 1 0 0 1 0 0 0
 0 1 1 0 0 0 0 1 1 1 0 1 0 0 0 0 1 1 0 0 1 0 1 1 1 1 0 0 1 1 0 0 1 0 1 1 1
 0 1 0 0 0 1 0 1 1 0 1 0 1 0 0 0 0 0 0 1 1 1 1 1 1 1]
 Training accuracy at 11700 out of 20000 is 0.988(0.490),cost is 0.725(1.695)
[1 1 0 0 0 1 1 1 0 0 1 0 1 1 0 0 0 0 0 1 1 0 1 0 1 0 1 1 0 1 1 0 0 1 0 0 0
 0 1 1 0 0 0 0 1 1 1 0 1 0 0 0 0 1 1 0 0 1 0 1 1 1 1 0 0 1 1 0 0 1 0 1 1 1
 0 1 0 0 0 1 0 1 1 0 1 0 1 0 0 0 0 0 0 1 1 1 1 1 1 1]
 Training accuracy at 11800 out of 20000 is 0.990(0.480),cost is 0.709(1.714)
[1 1 1 0 0 1 1 1 0 0 1 0 1 1 0 0 0 0 0 1 1 0 1 0 1 0 1 1 0 1 1 0 0 1 0 0 0
 0 1 1 0 0 0 0 1 1 1 0 1 0 0 0 0 1 1 0 0 1 0 1 1 1 1 0 0 1 1 0 0 1 0 1 1 1
 0 1 0 0 0 1 0 1 1 0 1 0 1 0 0 0 0 0 0 1 1 1 1 1 1 1]
 Training accuracy at 11900 out of 20000 is 0.988(0.490),cost is 0.689(1.732)
[1 1 0 0 0 1 1 1 0 0 1 0 1 1 0 0 0 0 0 1 1 0 1 0 1 0 1 1 0 1 1 0 0 1 0 0 0
 0 1 1 0 0 0 0 1 1 1 0 1 0 0 0 0 1 1 0 0 1 0 1 1 1 1 0 0 1 1 0 0 1 0 1 1 0
 0 1 0 0 0 1 0 1 1 0 1 0 1 0 0 0 0 0 0 1 1 1 1 1 1 1]
 Training accuracy at 12000 out of 20000 is 0.991(0.470),cost is 0.670(1.731)
[1 1 1 0 0 1 1 1 0 0 1 0 1 1 0 0 0 0 0 1 1 0 1 0 1 0 1 1 0 1 1 0 0 1 0 0 0
 0 1 1 0 0 0 0 1 1 1 0 1 0 0 0 0 1 1 0 0 1 0 1 1 1 1 0 0 1 1 0 0 1 0 1 1 1
 0 1 0 0 0 1 0 1 1 0 1 0 1 0 0 0 0 0 0 1 1 1 1 1 1 1]
 Training accuracy at 12100 out of 20000 is 0.993(0.490),cost is 0.653(1.758)
[1 1 0 0 0 1 1 1 0 0 1 0 1 1 0 0 0 0 0 1 1 0 1 0 1 0 1 1 0 1 1 0 0 1 0 0 0
 0 1 1 0 0 0 1 1 1 1 0 1 0 0 0 0 1 1 0 0 1 0 1 1 1 1 0 0 1 1 0 0 1 0 1 1 1
 0 1 0 0 0 1 0 1 1 0 1 0 1 0 0 0 0 0 0 1 1 1 1 1 1 1]
 Training accuracy at 12200 out of 20000 is 0.993(0.470),cost is 0.634(1.772)
[1 1 0 0 0 1 1 1 0 0 1 0 1 1 0 0 0 0 0 1 1 0 1 0 1 0 1 1 0 1 1 1 0 1 0 0 0
 1 1 1 0 0 0 0 1 1 1 0 1 0 0 0 0 1 1 0 0 1 0 1 1 1 1 0 0 1 1 0 0 1 0 1 1 1
 0 1 0 0 0 1 0 1 1 0 1 0 1 0 0 0 0 0 0 1 1 1 1 1 1 1]
 Training accuracy at 12300 out of 20000 is 0.994(0.460),cost is 0.618(1.782)
[1 1 0 0 0 1 1 1 0 0 1 0 1 1 1 0 0 0 0 1 1 0 1 0 1 0 1 1 0 1 1 1 0 1 0 0 0
 1 1 1 0 0 0 1 1 1 1 0 1 0 0 0 0 1 1 0 0 1 0 1 1 1 1 0 0 1 1 0 0 1 0 1 1 1
 0 1 0 0 0 1 0 1 1 0 1 0 1 0 0 0 0 0 0 1 1 1 1 1 1 1]
 Training accuracy at 12400 out of 20000 is 0.996(0.460),cost is 0.601(1.802)
[1 1 0 0 0 1 1 1 0 0 1 0 1 1 1 0 0 0 0 1 1 0 1 0 1 0 1 1 0 1 1 0 0 1 0 0 0
 0 1 1 0 0 0 1 1 1 1 0 1 0 0 0 0 1 1 0 0 1 0 1 1 1 1 0 0 1 1 0 0 1 0 1 1 1
 0 1 0 0 0 1 0 1 1 0 1 0 1 0 0 0 0 0 0 1 1 1 1 1 1 1]
 Training accuracy at 12500 out of 20000 is 0.994(0.480),cost is 0.583(1.816)
[1 1 0 0 0 1 1 1 0 0 1 0 1 1 1 0 0 0 0 1 1 0 1 0 1 0 1 1 0 1 1 0 0 1 0 0 0
 0 1 1 0 0 0 1 1 1 1 0 1 0 0 0 0 1 1 0 0 1 0 1 1 1 1 0 0 1 1 0 0 1 0 1 1 1
 0 1 0 0 0 1 0 1 1 0 1 0 1 0 0 0 0 0 0 1 1 1 1 1 1 1]
 Training accuracy at 12600 out of 20000 is 0.996(0.480),cost is 0.567(1.831)
[1 1 0 0 0 1 1 1 0 0 1 0 1 1 1 0 0 0 0 1 1 0 1 0 1 0 1 1 0 1 1 0 0 1 0 0 0
 0 1 1 0 0 0 1 1 1 1 0 1 0 0 0 0 1 1 0 0 1 0 1 1 1 1 0 0 1 1 0 0 1 0 1 1 1
 0 1 0 0 0 1 0 1 1 0 1 0 1 0 0 0 0 0 0 1 1 1 1 1 1 1]
 Training accuracy at 12700 out of 20000 is 0.996(0.480),cost is 0.551(1.839)
[1 1 0 0 0 1 1 1 0 0 1 0 1 1 1 0 0 0 0 1 1 0 1 0 1 0 1 1 0 1 1 1 0 1 0 0 0
 0 1 1 0 0 0 1 1 1 1 0 1 0 0 0 0 1 1 0 0 1 0 1 1 1 1 0 0 1 1 0 0 1 0 1 1 1
 0 1 0 0 0 1 0 1 1 0 1 0 1 0 0 0 0 0 0 1 1 1 1 1 1 1]
 Training accuracy at 12800 out of 20000 is 0.996(0.470),cost is 0.535(1.853)
[1 1 0 0 0 1 1 1 0 0 1 0 1 1 1 0 0 0 0 1 1 0 1 0 1 0 1 1 0 1 1 0 0 1 0 0 0
 0 1 1 0 0 0 1 1 1 1 0 1 0 0 0 0 1 1 0 0 1 0 1 1 1 1 0 0 1 1 0 0 1 0 1 1 1
 0 1 0 0 0 1 0 1 1 0 1 0 1 0 0 0 0 0 0 1 1 1 1 1 1 1]
 Training accuracy at 12900 out of 20000 is 0.996(0.480),cost is 0.521(1.873)
[1 1 0 0 0 1 1 1 0 0 1 0 1 1 1 0 0 0 0 1 1 0 1 0 1 0 1 1 0 1 1 0 0 1 0 0 0
 0 1 1 0 0 0 1 1 1 1 0 1 0 0 0 0 1 1 0 0 1 0 1 1 1 1 0 0 1 1 0 0 1 0 1 1 1
 0 1 0 0 0 1 0 1 1 0 1 0 1 0 0 0 0 0 0 1 1 1 1 1 1 1]
 Training accuracy at 13000 out of 20000 is 0.996(0.480),cost is 0.504(1.902)
[1 1 0 0 0 1 1 1 0 0 1 0 1 1 1 0 0 0 0 1 1 0 1 0 1 0 1 1 0 1 1 0 0 1 0 0 0
 1 1 1 0 0 0 1 1 1 1 0 1 0 0 0 0 1 1 0 0 1 0 1 1 1 1 0 0 1 1 0 0 1 0 1 1 1
 0 1 0 0 0 1 0 1 1 0 1 0 1 0 0 0 0 0 0 1 1 1 1 1 1 1]
 Training accuracy at 13100 out of 20000 is 0.996(0.470),cost is 0.490(1.920)
[1 1 0 0 0 1 1 1 0 0 1 0 1 1 1 0 0 0 0 1 1 0 1 0 1 0 1 1 0 1 1 1 0 1 0 0 0
 1 1 1 0 0 0 1 1 1 1 0 1 0 0 0 0 1 1 0 0 1 0 1 1 1 1 0 0 1 1 0 0 1 0 1 1 1
 0 1 0 0 0 1 0 1 1 0 1 0 1 0 0 0 0 0 0 1 1 1 1 1 1 1]
 Training accuracy at 13200 out of 20000 is 0.997(0.460),cost is 0.476(1.924)
[1 1 0 0 0 1 1 1 0 0 1 0 1 1 1 0 0 0 0 1 1 0 1 0 1 0 1 1 0 1 1 1 0 1 0 0 0
 1 1 1 0 0 0 1 1 1 1 0 1 0 0 0 0 1 1 0 0 1 0 1 1 1 1 0 1 1 1 0 0 1 0 1 1 1
 0 1 0 0 0 1 0 1 1 1 1 0 1 0 0 0 0 0 0 1 1 1 1 1 1 1]
 Training accuracy at 13300 out of 20000 is 0.997(0.460),cost is 0.460(1.948)
[1 1 0 0 0 1 1 1 0 0 1 0 1 1 1 0 0 0 0 1 1 0 1 0 1 0 1 1 0 1 1 1 0 1 0 0 0
 1 1 1 0 0 0 1 1 1 1 0 1 0 0 0 0 1 1 0 0 1 0 1 1 1 1 0 1 1 1 0 0 1 0 1 1 1
 0 1 0 0 0 1 0 1 1 1 1 0 1 0 0 0 0 0 0 1 1 1 1 1 1 1]
 Training accuracy at 13400 out of 20000 is 0.997(0.460),cost is 0.446(1.953)
[1 1 0 0 0 1 1 1 0 0 1 0 1 1 1 0 0 0 0 1 1 0 1 0 1 0 1 1 0 1 1 1 0 1 0 0 0
 1 1 1 0 0 0 1 1 1 1 0 1 0 0 0 0 1 1 0 0 1 0 1 1 1 1 0 0 1 1 0 0 1 0 1 1 1
 0 1 0 0 0 1 0 1 1 1 1 0 1 0 0 0 0 0 0 1 1 1 1 1 1 1]
 Training accuracy at 13500 out of 20000 is 0.997(0.470),cost is 0.432(1.971)
[1 1 0 0 0 1 1 1 0 0 1 0 1 1 1 0 0 0 0 1 1 0 1 0 1 0 1 1 0 1 1 0 0 1 0 0 0
 1 1 1 0 0 0 1 1 1 1 0 1 0 0 0 0 1 1 0 0 1 0 1 1 1 1 0 0 1 1 0 0 1 0 1 1 1
 0 1 0 0 0 1 0 1 1 1 1 0 1 0 0 0 0 0 0 1 1 1 1 1 1 1]
 Training accuracy at 13600 out of 20000 is 0.999(0.480),cost is 0.419(1.993)
[1 1 0 0 0 1 1 1 0 0 1 0 1 1 1 0 0 0 0 1 1 0 1 0 1 0 1 1 0 1 1 0 0 1 0 0 0
 0 1 1 0 0 0 1 1 1 1 0 1 0 0 0 0 1 1 0 0 1 0 1 1 1 1 0 0 1 1 0 0 1 0 1 1 1
 0 1 0 0 0 1 0 1 1 1 1 0 1 0 0 0 0 0 0 1 1 1 1 1 1 1]
 Training accuracy at 13700 out of 20000 is 0.999(0.490),cost is 0.407(2.010)
[1 1 0 0 0 1 1 1 0 0 1 0 1 1 1 0 0 0 0 1 1 0 1 0 1 0 1 1 0 1 1 1 0 1 0 0 0
 1 1 1 0 0 0 1 1 1 1 0 1 0 0 0 0 1 1 0 0 1 0 1 1 1 1 0 0 1 1 0 0 1 0 1 1 1
 0 1 0 0 0 1 0 1 1 1 1 0 1 0 0 0 0 0 0 1 1 1 1 1 1 1]
 Training accuracy at 13800 out of 20000 is 1.000(0.470),cost is 0.395(2.028)
[1 1 0 0 0 1 1 1 0 0 1 0 1 1 1 0 0 0 0 1 1 0 1 0 1 0 1 1 0 1 1 1 0 1 0 0 0
 1 1 1 0 0 0 1 1 1 1 0 1 0 0 0 0 1 1 0 0 1 0 1 1 1 1 0 0 1 1 0 0 1 0 1 1 1
 0 1 0 0 0 1 0 1 1 1 1 0 1 0 0 0 0 0 0 1 1 1 1 1 1 1]
 Training accuracy at 13900 out of 20000 is 1.000(0.470),cost is 0.381(2.044)
[1 1 0 0 0 1 1 1 0 0 1 0 1 1 1 0 0 0 0 1 1 0 1 0 1 0 1 1 0 1 1 1 0 1 0 0 0
 1 1 1 0 0 0 1 1 1 1 0 1 0 0 0 0 1 1 0 0 1 0 1 1 1 1 0 0 1 1 0 0 1 0 1 1 1
 0 1 0 0 0 1 0 1 1 1 1 0 1 0 0 0 0 0 0 1 1 1 1 1 1 1]
 Training accuracy at 14000 out of 20000 is 1.000(0.470),cost is 0.369(2.065)
[1 1 0 0 0 1 1 1 0 0 1 0 1 1 1 0 0 0 0 1 1 0 1 0 1 0 1 1 0 1 1 1 0 1 0 0 0
 1 1 1 0 0 0 1 1 1 1 0 1 0 0 0 0 1 1 0 0 1 0 1 1 1 1 0 0 1 1 0 0 1 0 1 1 1
 0 1 0 0 0 1 0 1 1 1 1 0 1 0 0 0 0 0 0 1 1 1 1 1 1 1]
 Training accuracy at 14100 out of 20000 is 1.000(0.470),cost is 0.357(2.093)
[1 1 0 0 0 1 1 1 0 0 1 0 1 1 1 0 0 0 0 1 1 0 1 0 1 0 0 1 0 1 1 1 0 1 0 0 0
 1 1 1 0 0 0 1 1 1 1 0 1 0 0 0 0 1 1 0 0 1 0 1 1 1 1 0 0 1 1 0 0 1 0 1 1 1
 0 1 0 0 0 1 0 1 1 1 1 0 1 0 0 0 0 0 0 1 1 1 1 1 1 1]
 Training accuracy at 14200 out of 20000 is 1.000(0.480),cost is 0.347(2.112)
[1 1 0 0 0 1 1 1 0 0 1 0 1 1 1 0 0 0 0 1 1 0 1 0 1 0 0 1 0 1 1 1 0 1 0 0 0
 1 1 1 0 0 0 1 1 1 1 0 1 0 0 0 0 1 1 0 0 1 0 1 1 1 1 0 0 1 1 0 0 1 0 1 1 1
 0 1 0 0 0 1 0 1 1 1 1 0 1 0 0 0 0 0 0 1 1 1 1 1 1 1]
 Training accuracy at 14300 out of 20000 is 1.000(0.480),cost is 0.334(2.142)
[1 1 0 0 0 1 1 1 0 0 1 0 1 1 1 0 0 0 0 1 1 0 1 0 1 0 0 1 0 1 1 1 0 1 0 0 0
 0 1 1 0 0 0 1 1 1 1 0 1 0 0 0 0 1 1 0 0 1 0 1 1 1 1 0 0 1 1 0 0 1 0 1 1 1
 0 1 0 0 0 1 0 1 1 1 1 0 1 0 0 0 0 0 0 1 1 1 1 1 1 1]
 Training accuracy at 14400 out of 20000 is 1.000(0.490),cost is 0.325(2.151)
[1 1 0 0 0 1 1 1 0 0 1 0 1 1 1 0 0 0 0 1 1 0 1 0 1 0 0 1 0 1 1 1 0 1 0 0 0
 1 1 1 0 0 0 1 1 1 1 0 1 0 0 0 0 1 1 0 0 1 0 1 1 1 1 0 0 1 1 0 0 1 0 1 1 1
 0 1 0 0 0 1 0 1 1 1 1 0 1 0 0 0 0 0 0 1 1 1 1 1 1 1]
 Training accuracy at 14500 out of 20000 is 1.000(0.480),cost is 0.314(2.172)
[1 1 0 0 0 1 1 1 0 0 1 0 1 1 1 0 0 0 0 1 1 0 1 0 1 0 0 1 0 1 1 1 0 1 0 0 0
 1 1 1 0 0 0 1 1 1 1 0 1 0 0 0 0 1 1 0 0 1 0 1 1 1 1 0 0 1 1 0 0 1 0 1 1 1
 0 1 0 0 0 1 0 1 1 1 1 0 1 0 0 0 0 0 0 1 1 1 1 1 1 1]
 Training accuracy at 14600 out of 20000 is 1.000(0.480),cost is 0.303(2.185)
[1 1 0 0 0 1 1 1 0 0 1 0 1 1 1 0 0 0 0 1 1 0 1 0 1 0 0 1 0 1 1 1 0 1 0 0 0
 1 1 1 0 0 0 1 1 1 1 0 1 0 0 0 0 1 1 0 0 1 0 1 1 1 1 0 0 1 1 0 0 1 0 1 1 1
 0 1 0 0 0 1 0 1 1 1 1 0 1 0 0 0 0 0 0 1 1 1 1 1 1 1]
 Training accuracy at 14700 out of 20000 is 1.000(0.480),cost is 0.294(2.211)
[1 1 0 0 0 1 1 1 0 0 1 0 1 1 1 0 0 0 0 1 1 0 1 0 1 0 0 1 0 1 1 1 0 1 0 0 0
 1 1 1 0 0 0 1 1 1 1 0 1 0 0 0 0 1 1 0 0 1 0 1 1 1 1 0 0 1 1 0 0 0 0 1 1 1
 0 1 0 0 0 1 0 1 1 1 1 0 1 0 0 0 0 0 0 1 1 1 1 1 1 1]
 Training accuracy at 14800 out of 20000 is 1.000(0.470),cost is 0.284(2.227)
[1 1 0 0 0 1 1 1 0 0 1 0 1 1 1 0 0 0 0 1 1 0 1 0 1 0 0 1 0 1 1 1 0 1 0 0 0
 1 1 1 0 0 0 1 1 1 1 0 1 0 0 0 0 1 1 0 0 1 0 1 1 1 1 0 0 1 1 0 0 0 0 1 1 1
 0 1 0 0 0 1 0 1 1 1 1 0 1 0 0 0 0 0 0 1 1 1 1 1 1 1]
 Training accuracy at 14900 out of 20000 is 1.000(0.470),cost is 0.275(2.249)
[1 1 0 0 0 1 1 1 0 0 1 0 1 1 1 0 0 0 0 1 1 0 1 0 1 0 0 1 0 1 1 1 0 1 0 0 0
 1 1 1 0 0 0 1 1 1 1 0 1 0 0 0 0 1 1 0 0 1 0 1 1 1 1 0 0 1 1 0 0 0 0 1 1 1
 0 1 0 0 0 1 0 1 1 1 1 0 1 0 0 0 0 0 0 1 1 1 1 1 1 1]
 Training accuracy at 15000 out of 20000 is 1.000(0.470),cost is 0.267(2.259)
[1 1 0 0 0 1 1 1 0 0 1 0 1 1 1 0 0 0 0 1 1 0 1 0 1 0 0 1 0 1 1 1 0 1 0 0 0
 1 1 1 0 0 0 1 1 1 1 0 1 0 0 0 0 1 1 0 0 1 0 1 1 1 1 0 0 1 1 0 0 0 0 1 1 1
 0 1 0 0 0 1 0 1 1 1 1 0 1 0 0 0 0 0 0 1 1 1 1 1 1 1]
 Training accuracy at 15100 out of 20000 is 1.000(0.470),cost is 0.258(2.285)
[1 1 0 0 0 1 1 1 0 0 1 0 1 1 1 0 0 0 0 1 1 0 1 0 1 0 0 1 0 1 1 1 0 1 0 0 0
 1 1 1 0 0 0 1 1 1 1 0 1 0 0 0 0 1 1 0 0 1 0 1 1 1 1 0 0 1 1 0 0 0 0 1 1 1
 0 1 0 0 0 1 0 1 1 1 1 0 1 0 0 0 0 0 0 1 1 1 1 1 1 1]
 Training accuracy at 15200 out of 20000 is 1.000(0.470),cost is 0.249(2.294)
[1 1 0 0 0 1 1 1 0 0 1 0 1 1 1 0 0 0 0 1 1 0 1 0 1 0 0 1 0 1 1 1 0 1 0 0 0
 1 1 1 0 0 0 1 1 1 1 0 1 0 0 0 0 1 1 0 0 1 0 1 1 1 1 0 0 1 1 0 0 0 0 1 1 1
 0 1 0 0 0 1 0 1 1 1 1 0 1 0 0 0 0 0 0 1 1 1 1 1 1 1]
 Training accuracy at 15300 out of 20000 is 1.000(0.470),cost is 0.241(2.319)
[1 1 0 0 0 1 1 1 0 0 1 0 1 1 1 0 0 0 0 1 1 0 1 0 1 0 0 1 0 1 1 1 0 1 0 0 0
 1 1 1 0 0 0 1 1 1 1 0 1 0 0 0 0 1 1 0 0 1 0 1 1 1 1 0 0 1 1 0 0 0 0 1 1 1
 0 1 0 0 0 1 0 1 1 1 1 0 1 0 0 0 0 0 0 1 1 1 1 1 1 1]
 Training accuracy at 15400 out of 20000 is 1.000(0.470),cost is 0.233(2.340)
[1 1 0 0 0 1 1 1 0 0 1 0 1 1 1 0 0 0 0 1 1 0 1 0 1 0 0 1 0 1 1 0 0 1 0 0 0
 1 1 1 0 0 0 1 1 1 1 0 1 0 0 0 0 1 1 0 0 1 0 1 1 1 1 0 0 1 1 0 0 0 0 1 1 1
 0 1 0 0 0 1 0 1 1 1 1 0 1 0 0 0 0 0 0 1 1 1 1 1 1 1]
 Training accuracy at 15500 out of 20000 is 1.000(0.480),cost is 0.225(2.359)
[1 1 0 0 0 1 1 1 0 0 1 0 1 1 1 0 0 0 0 1 1 0 1 0 1 0 0 1 0 1 1 0 0 1 0 0 0
 1 1 1 0 0 0 1 1 1 1 0 1 0 0 0 0 1 1 0 0 1 0 1 1 1 1 0 0 1 1 0 0 0 0 1 1 1
 0 1 0 0 0 1 0 1 1 1 1 0 1 0 0 0 0 0 0 1 1 1 1 1 1 1]
 Training accuracy at 15600 out of 20000 is 1.000(0.480),cost is 0.218(2.379)
[1 1 0 0 0 1 1 1 0 0 1 0 1 1 1 0 0 0 0 1 1 0 1 0 1 0 0 1 0 1 1 0 0 1 0 0 0
 1 1 1 0 0 0 1 1 1 1 0 1 0 0 0 0 1 1 0 0 1 0 1 1 1 1 0 0 1 1 0 0 0 0 1 1 1
 0 1 0 0 0 1 0 1 1 1 1 0 1 0 0 0 0 0 0 1 1 1 1 1 1 1]
 Training accuracy at 15700 out of 20000 is 1.000(0.480),cost is 0.210(2.398)
[1 1 0 0 0 1 1 1 0 0 1 0 1 1 1 0 0 0 0 1 1 0 1 0 1 0 0 1 0 1 1 1 0 1 0 0 0
 1 1 1 0 0 0 1 1 1 1 0 1 0 0 0 0 1 1 0 0 1 0 1 1 1 1 0 0 1 1 0 0 0 0 1 1 1
 0 1 0 0 0 1 0 1 1 1 1 0 1 0 0 0 0 0 0 1 1 1 1 1 1 1]
 Training accuracy at 15800 out of 20000 is 1.000(0.470),cost is 0.203(2.423)
[1 1 0 0 0 1 1 1 0 1 1 0 1 1 1 0 0 0 0 1 1 0 1 0 1 0 0 1 0 1 1 1 0 1 0 0 0
 1 1 1 0 0 0 1 1 1 1 0 1 0 0 0 0 1 1 0 0 1 0 1 1 1 1 0 0 1 1 0 0 0 0 1 1 1
 0 1 0 0 0 1 0 1 1 1 1 0 1 0 0 0 0 0 0 1 1 1 1 1 1 1]
 Training accuracy at 15900 out of 20000 is 1.000(0.480),cost is 0.197(2.443)
[1 1 0 0 0 1 1 1 0 0 1 0 1 1 1 0 0 0 0 1 1 0 1 0 1 0 0 1 0 1 1 1 0 1 0 0 0
 1 1 1 0 0 0 1 1 1 1 0 1 0 0 0 0 1 1 0 0 1 0 1 1 1 1 0 0 1 1 0 0 0 0 1 1 1
 0 1 0 0 0 1 0 1 1 1 1 0 1 0 0 0 0 0 0 1 1 1 1 1 1 1]
 Training accuracy at 16000 out of 20000 is 1.000(0.470),cost is 0.190(2.454)
[1 1 0 0 0 1 1 1 0 1 1 0 1 1 1 0 0 0 0 1 1 0 1 0 1 0 0 1 0 1 1 1 0 1 0 0 0
 1 1 1 0 0 0 1 1 1 1 0 1 0 0 0 0 1 1 0 0 1 0 1 1 1 1 0 1 1 1 0 0 0 0 1 1 1
 0 1 0 0 0 1 0 1 1 1 1 0 1 0 0 0 0 0 0 1 1 1 1 1 1 1]
 Training accuracy at 16100 out of 20000 is 1.000(0.470),cost is 0.184(2.485)
[1 1 0 0 0 1 1 1 0 1 1 0 1 1 1 0 0 0 0 1 1 0 1 0 1 0 0 1 0 1 1 0 0 1 0 0 0
 1 1 1 0 0 0 1 1 1 1 0 1 0 0 0 0 1 1 0 0 1 0 1 1 1 1 0 0 1 1 0 0 0 0 1 1 1
 0 1 0 0 0 1 0 1 1 1 1 0 1 0 0 0 0 0 0 1 1 1 1 1 1 1]
 Training accuracy at 16200 out of 20000 is 1.000(0.490),cost is 0.178(2.495)
[1 1 0 0 0 1 1 1 0 1 1 0 1 1 1 0 0 0 0 1 1 0 1 0 1 0 0 1 0 1 1 0 0 1 0 0 0
 1 1 1 0 0 0 1 1 1 1 0 1 0 0 0 0 1 1 0 0 1 0 1 1 1 1 0 0 1 1 0 0 0 0 1 1 1
 0 1 0 0 0 1 0 1 1 1 1 0 1 0 0 0 0 0 0 1 1 1 1 1 1 1]
 Training accuracy at 16300 out of 20000 is 1.000(0.490),cost is 0.171(2.523)
[1 1 0 0 0 1 1 1 0 1 1 0 1 1 1 0 0 0 0 1 1 0 1 0 1 0 0 1 0 1 1 0 0 1 0 0 0
 1 1 1 0 0 0 1 1 1 1 0 1 0 0 0 0 1 1 0 0 1 0 1 1 1 1 0 0 1 1 0 0 0 0 1 1 1
 0 1 0 0 0 1 0 1 1 1 1 0 1 0 0 0 0 0 0 1 1 1 1 1 1 1]
 Training accuracy at 16400 out of 20000 is 1.000(0.490),cost is 0.165(2.549)
[1 1 0 0 0 1 1 1 0 0 1 0 1 1 1 0 0 0 0 1 1 0 1 0 1 0 0 1 0 1 1 0 0 1 0 0 0
 1 1 1 0 0 0 1 1 1 1 0 1 0 0 0 0 1 1 0 0 1 0 1 1 1 1 0 0 1 1 0 0 0 0 1 1 1
 0 1 0 0 0 1 0 1 1 1 1 0 1 0 0 0 0 0 0 1 1 1 1 1 1 1]
 Training accuracy at 16500 out of 20000 is 1.000(0.480),cost is 0.161(2.560)
[1 1 0 0 0 1 1 1 0 1 1 0 1 1 1 0 0 0 0 1 1 0 1 0 1 0 0 1 0 1 1 0 0 1 0 0 0
 1 1 1 0 0 0 1 1 1 1 0 1 0 0 0 0 1 1 0 0 1 0 1 1 1 1 0 0 1 1 0 0 0 0 1 1 1
 0 1 0 0 0 1 0 1 1 1 1 0 1 0 0 0 0 0 0 1 1 1 1 1 1 1]
 Training accuracy at 16600 out of 20000 is 1.000(0.490),cost is 0.155(2.587)
[1 1 0 0 0 1 1 1 0 1 1 0 1 1 1 0 0 0 0 1 1 0 1 0 1 0 0 1 0 1 1 0 0 1 0 0 0
 1 1 1 0 0 0 1 1 1 1 0 1 0 0 0 0 1 1 0 0 1 0 1 1 1 1 0 0 1 1 0 0 0 0 1 1 1
 0 1 0 0 0 1 0 1 1 1 1 0 1 0 0 0 0 0 0 1 1 1 1 1 1 1]
 Training accuracy at 16700 out of 20000 is 1.000(0.490),cost is 0.149(2.599)
[1 1 0 0 0 1 1 1 0 1 1 0 1 1 1 0 0 0 0 1 1 0 1 0 1 0 0 1 0 1 1 0 0 1 0 0 0
 1 1 1 0 0 0 1 1 1 1 0 1 0 0 0 0 1 1 0 0 1 0 1 1 1 1 0 0 1 1 0 0 0 0 1 1 1
 0 1 0 0 0 1 0 1 1 1 1 0 1 0 0 0 0 0 0 1 1 1 1 1 1 1]
 Training accuracy at 16800 out of 20000 is 1.000(0.490),cost is 0.145(2.616)
[1 1 0 0 0 1 1 1 0 1 1 0 1 1 1 0 0 0 0 1 1 0 1 0 1 0 0 1 0 1 1 0 0 1 0 0 0
 1 1 1 0 0 0 1 1 1 1 0 1 0 0 0 0 1 1 0 0 1 0 1 1 1 1 0 0 1 1 0 0 0 0 1 1 1
 0 1 0 0 0 1 0 1 1 1 1 0 1 0 0 0 0 0 0 1 1 1 1 1 1 1]
 Training accuracy at 16900 out of 20000 is 1.000(0.490),cost is 0.139(2.655)
[1 1 0 0 0 1 1 1 0 1 1 0 1 1 1 0 0 0 0 1 1 0 1 0 1 0 0 1 0 1 1 0 0 1 0 0 0
 1 1 1 0 0 0 1 1 1 1 0 1 0 0 0 0 1 1 0 0 1 0 1 1 1 1 0 0 1 1 0 0 0 0 1 1 1
 0 1 0 0 0 1 0 1 1 1 1 0 1 0 0 0 0 0 0 1 1 1 1 1 1 1]
 Training accuracy at 17000 out of 20000 is 1.000(0.490),cost is 0.135(2.657)
[1 1 0 0 0 1 1 1 0 1 1 0 1 1 1 0 0 0 0 1 1 0 1 0 1 0 0 1 0 1 1 0 0 1 0 0 0
 1 1 1 0 0 0 1 1 1 1 0 1 0 0 0 0 1 1 0 0 1 0 1 1 1 1 0 0 1 1 0 0 0 0 1 1 1
 0 1 0 0 0 1 0 1 1 1 1 0 1 0 0 0 0 0 0 1 1 1 1 1 1 1]
 Training accuracy at 17100 out of 20000 is 1.000(0.490),cost is 0.131(2.688)
[1 1 0 0 0 1 1 1 0 1 1 0 1 1 1 0 0 0 0 1 1 0 1 0 1 0 0 1 0 1 1 0 0 1 0 0 0
 1 1 1 0 0 0 1 1 1 1 0 1 0 0 0 0 1 1 0 0 1 0 1 1 1 1 0 0 1 1 0 0 0 0 1 1 1
 0 1 0 0 0 1 0 1 1 1 1 0 1 0 0 0 0 0 0 1 1 1 1 1 1 1]
 Training accuracy at 17200 out of 20000 is 1.000(0.490),cost is 0.126(2.695)
[1 1 0 0 0 1 1 1 0 1 1 0 1 1 1 0 0 0 0 1 1 0 1 0 1 0 0 1 0 1 1 0 0 1 0 0 0
 1 1 1 0 0 0 1 1 1 1 0 1 0 0 0 0 1 1 0 0 1 0 1 1 1 1 0 0 1 1 0 0 0 0 1 1 1
 0 1 0 0 0 1 0 1 1 1 1 0 1 0 0 0 0 0 0 1 1 1 1 1 1 1]
 Training accuracy at 17300 out of 20000 is 1.000(0.490),cost is 0.122(2.723)
[1 1 0 0 0 1 1 1 0 1 1 0 1 1 1 0 0 0 0 1 1 0 1 0 1 0 0 1 0 1 1 0 0 1 0 0 0
 1 1 1 0 0 0 1 1 1 1 0 1 0 0 0 0 1 1 0 0 1 0 1 1 1 1 0 0 1 1 0 0 0 0 1 1 1
 0 1 0 0 0 1 0 1 1 1 1 0 1 0 0 0 0 0 0 1 1 1 1 1 1 1]
 Training accuracy at 17400 out of 20000 is 1.000(0.490),cost is 0.118(2.769)
[1 1 0 0 0 1 1 1 0 1 1 0 1 1 1 0 0 0 0 1 1 0 1 0 1 0 0 1 0 1 1 0 0 1 0 0 0
 1 1 1 0 0 0 1 1 1 1 0 1 0 0 0 0 1 1 0 0 1 0 1 1 1 1 0 0 1 1 0 0 0 0 1 1 1
 0 1 0 0 0 1 0 1 1 1 1 0 1 0 0 0 0 0 0 1 1 1 1 1 1 1]
 Training accuracy at 17500 out of 20000 is 1.000(0.490),cost is 0.114(2.763)
[1 1 0 0 0 1 1 1 0 1 1 0 1 1 1 0 0 0 0 1 1 0 1 0 1 0 0 1 0 1 1 0 0 1 0 0 0
 1 1 1 0 0 0 1 1 1 1 0 1 0 0 0 0 1 1 0 0 1 0 1 1 1 1 0 0 1 1 0 0 0 0 1 1 1
 0 1 0 0 0 1 0 1 1 1 1 0 1 0 0 0 0 0 0 1 1 1 1 1 1 1]
 Training accuracy at 17600 out of 20000 is 1.000(0.490),cost is 0.110(2.783)
[1 1 0 0 0 1 1 1 0 1 1 0 1 1 1 0 0 0 0 1 1 0 1 0 1 0 0 1 0 1 1 0 0 1 0 0 0
 1 1 1 0 0 0 1 1 1 1 0 1 0 0 0 0 1 1 0 0 1 0 1 1 1 1 0 0 1 1 0 0 0 0 1 1 1
 0 1 0 0 0 1 0 1 1 1 1 0 1 0 0 0 0 0 0 1 1 1 1 1 1 1]
 Training accuracy at 17700 out of 20000 is 1.000(0.490),cost is 0.106(2.814)
[1 1 0 0 0 1 1 1 0 1 1 0 1 1 1 0 0 0 0 1 1 0 1 0 1 0 0 1 0 1 1 0 0 1 0 0 0
 1 1 1 0 0 0 1 1 1 1 0 1 0 0 0 0 1 1 0 0 1 0 1 1 1 1 0 0 1 1 0 0 0 0 1 1 1
 0 1 0 0 0 1 0 1 1 1 1 0 1 0 0 0 0 0 0 1 1 1 1 1 1 1]
 Training accuracy at 17800 out of 20000 is 1.000(0.490),cost is 0.102(2.847)
[1 1 0 0 0 1 1 1 0 1 1 0 1 1 1 0 0 0 0 1 1 0 1 0 1 0 0 1 0 1 1 0 0 1 0 0 0
 1 1 1 0 0 0 1 1 1 1 0 1 0 0 0 0 1 1 0 0 1 0 1 1 1 1 0 0 1 1 0 0 0 0 1 1 1
 0 1 0 0 0 1 0 1 1 1 1 0 1 0 0 0 0 0 0 1 1 1 1 1 1 1]
 Training accuracy at 17900 out of 20000 is 1.000(0.490),cost is 0.099(2.842)
[1 1 0 0 0 1 1 1 0 1 1 0 1 1 1 0 0 0 0 1 1 0 1 0 1 0 0 1 0 1 1 0 0 1 0 0 0
 1 1 1 0 0 0 1 1 1 1 0 1 0 0 0 0 1 1 0 0 1 0 1 1 1 1 0 0 1 1 0 0 0 0 1 1 1
 0 1 0 0 0 1 0 1 1 1 1 0 1 0 0 0 0 0 0 1 1 1 1 1 1 1]
 Training accuracy at 18000 out of 20000 is 1.000(0.490),cost is 0.095(2.887)
[1 1 0 0 0 1 1 1 0 1 1 0 1 1 1 0 0 0 0 1 1 0 1 0 1 0 0 1 0 1 1 0 0 1 0 0 0
 1 1 1 0 0 0 1 1 1 1 0 1 0 0 0 0 1 1 0 0 1 0 1 1 1 1 0 0 1 1 0 0 0 0 1 1 1
 0 1 0 0 0 1 0 1 1 1 1 0 1 0 0 0 0 0 0 1 1 1 1 1 1 1]
 Training accuracy at 18100 out of 20000 is 1.000(0.490),cost is 0.092(2.896)
[1 1 0 0 0 1 1 1 0 1 1 0 1 1 1 0 0 0 0 1 1 0 1 0 1 0 0 1 0 1 1 0 0 1 0 0 0
 1 1 1 0 0 0 1 1 1 1 0 1 0 0 0 0 1 1 0 0 1 0 1 1 1 1 0 0 1 1 0 0 0 0 1 1 1
 0 1 0 0 0 1 0 1 1 1 1 0 1 0 0 0 0 0 1 1 1 1 1 1 1 1]
 Training accuracy at 18200 out of 20000 is 1.000(0.500),cost is 0.090(2.905)
[1 1 0 0 0 1 1 1 0 1 1 0 1 1 1 0 0 0 0 1 1 0 1 0 1 0 0 1 0 1 1 0 0 1 0 0 0
 1 1 1 0 0 0 1 1 1 1 0 1 0 0 0 0 1 1 0 0 1 0 1 1 1 1 0 0 1 1 0 0 0 0 1 1 1
 0 1 0 0 0 1 0 1 1 1 1 0 1 0 0 0 0 0 0 1 1 1 1 1 1 1]
 Training accuracy at 18300 out of 20000 is 1.000(0.490),cost is 0.086(2.924)
[1 1 0 0 0 1 1 1 0 1 1 0 1 1 1 0 0 0 0 1 1 0 1 0 1 0 0 1 0 1 1 0 0 1 0 0 0
 1 1 1 0 0 0 1 1 1 1 0 1 0 0 0 0 1 1 0 0 1 0 1 1 1 1 0 0 1 1 0 0 0 0 1 1 1
 0 1 0 0 0 1 0 1 1 1 1 0 1 0 0 0 0 0 0 1 1 1 1 1 1 1]
 Training accuracy at 18400 out of 20000 is 1.000(0.490),cost is 0.084(2.946)
[1 1 0 0 0 1 1 1 0 1 1 0 1 1 1 0 0 0 0 1 1 0 1 0 1 0 0 1 0 1 1 0 0 1 0 0 0
 1 1 1 0 0 0 1 1 1 1 0 1 0 0 0 0 1 1 0 0 1 0 1 1 1 1 0 0 1 1 0 0 0 0 1 1 1
 0 1 0 0 0 1 0 1 1 1 1 0 1 0 0 0 0 0 0 1 1 1 1 1 1 1]
 Training accuracy at 18500 out of 20000 is 1.000(0.490),cost is 0.081(2.968)
[1 1 0 0 0 1 1 1 0 1 1 0 1 1 1 0 0 0 0 1 1 0 1 0 1 0 0 1 0 1 1 0 0 1 0 0 0
 1 1 1 0 0 0 1 1 1 1 0 1 0 0 0 0 1 1 0 0 1 0 1 1 1 1 0 0 1 1 0 0 0 0 1 1 1
 0 1 0 0 0 1 0 1 1 1 1 0 1 0 0 0 0 0 1 1 1 1 1 1 1 1]
 Training accuracy at 18600 out of 20000 is 1.000(0.500),cost is 0.077(2.993)
[1 1 0 0 0 1 1 1 0 1 1 0 1 1 1 0 0 0 0 1 1 0 1 0 1 0 0 1 0 1 1 0 0 1 0 0 0
 1 1 1 0 0 0 1 1 1 1 0 1 0 0 0 0 1 1 0 0 1 0 1 1 1 1 0 0 1 1 0 0 0 0 1 1 1
 0 1 0 0 0 1 0 1 1 1 1 0 1 0 0 0 0 0 1 1 1 1 1 1 1 1]
 Training accuracy at 18700 out of 20000 is 1.000(0.500),cost is 0.075(3.013)
[1 1 0 0 0 1 1 1 0 1 1 0 1 1 1 0 0 0 0 1 1 0 1 0 1 0 0 1 0 1 1 0 0 1 0 0 0
 1 1 1 0 0 0 1 1 1 1 0 1 0 0 0 0 1 1 0 0 1 0 1 1 1 1 0 0 1 1 0 0 0 0 1 1 1
 0 1 0 0 0 1 0 1 1 1 1 0 1 0 0 0 0 0 1 1 1 1 1 1 1 1]
 Training accuracy at 18800 out of 20000 is 1.000(0.500),cost is 0.073(3.020)
[1 1 0 0 0 1 1 1 0 1 1 0 1 1 1 0 0 0 0 1 1 0 1 0 1 0 0 1 0 1 1 0 0 1 0 0 0
 1 1 1 0 0 0 1 1 1 1 0 1 0 0 0 0 1 1 0 0 1 0 1 1 1 1 0 0 1 1 0 0 0 0 1 1 1
 0 1 0 0 0 1 0 1 1 1 1 0 1 0 0 0 0 0 1 1 1 1 1 1 1 1]
 Training accuracy at 18900 out of 20000 is 1.000(0.500),cost is 0.070(3.045)
[1 1 0 0 0 1 1 1 0 1 1 0 1 1 1 0 0 0 0 1 1 0 1 0 1 0 0 1 0 1 1 0 0 1 0 0 0
 1 1 1 0 0 0 1 1 1 1 0 1 0 0 0 0 1 1 0 0 1 0 1 1 1 1 0 0 1 1 0 0 0 0 1 1 1
 0 1 0 0 0 1 0 1 1 1 1 0 1 0 0 0 0 0 1 1 1 1 1 1 1 1]
 Training accuracy at 19000 out of 20000 is 1.000(0.500),cost is 0.068(3.088)
[1 1 0 0 0 1 1 1 0 1 1 0 1 1 1 0 0 0 0 1 1 0 1 0 1 0 0 1 0 1 1 0 0 1 0 0 0
 1 1 1 0 0 0 1 1 1 1 0 1 0 0 0 0 1 1 0 0 1 0 1 1 1 1 0 0 1 1 0 0 0 0 1 1 1
 0 1 0 0 0 1 0 1 1 1 1 0 1 0 0 0 0 0 1 1 1 1 1 1 1 1]
 Training accuracy at 19100 out of 20000 is 1.000(0.500),cost is 0.065(3.093)
[1 1 0 0 0 1 1 1 0 1 1 0 1 1 1 0 0 0 0 1 1 0 1 0 1 0 0 1 0 1 1 0 0 1 0 0 0
 1 1 1 0 0 0 1 1 1 1 0 1 0 0 0 0 1 1 0 0 1 0 1 1 1 1 0 0 1 1 0 0 0 0 1 1 1
 0 1 0 0 0 1 0 1 1 1 1 0 1 0 0 0 0 0 1 1 1 1 1 1 1 1]
 Training accuracy at 19200 out of 20000 is 1.000(0.500),cost is 0.063(3.099)
[1 1 0 0 0 1 1 1 0 1 1 0 1 1 1 0 0 0 0 1 1 0 1 0 1 0 0 1 0 1 1 0 0 1 0 0 0
 1 1 1 0 0 0 1 1 1 1 0 1 0 0 0 0 1 1 0 0 1 0 1 1 1 1 0 0 1 1 0 0 0 0 1 1 1
 0 1 0 0 0 1 0 1 1 1 1 0 1 0 0 0 0 0 1 1 1 1 1 1 1 1]
 Training accuracy at 19300 out of 20000 is 1.000(0.500),cost is 0.062(3.120)
[1 1 0 0 0 1 1 1 0 1 1 0 1 1 1 0 0 0 0 1 1 0 1 0 1 0 0 1 0 1 1 0 0 1 0 0 0
 1 1 1 0 0 0 1 1 1 1 0 1 0 0 0 0 1 1 0 0 1 0 1 1 1 1 0 0 1 1 0 0 0 0 1 1 1
 0 1 0 0 0 1 0 1 1 1 1 0 1 0 0 0 0 0 1 1 1 1 1 1 1 1]
 Training accuracy at 19400 out of 20000 is 1.000(0.500),cost is 0.059(3.151)
[1 1 0 0 0 1 1 1 0 1 1 0 1 1 1 0 0 0 0 1 1 0 1 0 1 0 0 1 0 1 1 0 0 1 0 0 0
 1 1 1 0 0 0 1 1 1 1 0 1 0 0 0 0 1 1 0 0 1 0 1 1 1 1 0 0 1 1 0 0 0 0 1 1 1
 0 1 0 0 0 1 0 1 1 1 1 0 1 0 0 0 0 0 0 1 1 1 1 1 1 1]
 Training accuracy at 19500 out of 20000 is 1.000(0.490),cost is 0.058(3.168)
[1 1 0 0 0 1 1 1 0 1 1 0 1 1 1 0 0 0 0 1 1 0 1 0 1 0 0 1 0 1 1 0 0 1 0 0 0
 1 1 1 0 0 0 1 1 1 1 0 1 0 0 0 0 1 1 0 0 1 0 1 1 1 1 0 0 1 1 0 0 0 0 1 1 1
 0 1 0 0 0 1 0 1 1 1 1 0 1 0 0 0 0 0 1 1 1 1 1 1 1 1]
 Training accuracy at 19600 out of 20000 is 1.000(0.500),cost is 0.055(3.189)
[1 1 0 0 0 1 1 1 0 1 1 0 1 1 1 0 0 0 0 1 1 0 1 0 1 0 0 1 0 1 1 0 0 1 0 0 0
 1 1 1 0 0 0 1 1 1 1 0 1 0 0 0 0 1 1 0 0 1 0 1 1 1 1 0 0 1 1 0 0 0 0 1 1 1
 0 1 0 0 0 1 0 1 1 1 1 0 1 0 0 0 0 0 1 1 1 1 1 1 1 1]
 Training accuracy at 19700 out of 20000 is 1.000(0.500),cost is 0.054(3.189)
[1 1 0 0 0 1 1 1 0 1 1 0 1 1 1 0 0 0 0 1 1 0 1 0 1 0 0 1 0 1 1 0 0 1 0 0 0
 1 1 1 0 0 0 1 1 1 1 0 1 0 0 0 0 1 1 0 0 1 0 1 1 1 1 0 0 1 1 0 0 0 0 1 1 1
 0 1 0 0 0 1 0 1 1 1 1 0 1 0 0 0 0 0 1 1 1 1 1 1 1 1]
 Training accuracy at 19800 out of 20000 is 1.000(0.500),cost is 0.052(3.218)
[1 1 0 0 0 1 1 1 0 1 1 0 1 1 1 0 0 0 0 1 1 0 1 0 1 0 0 1 0 1 1 0 0 1 0 0 0
 1 1 1 0 0 0 1 1 1 1 0 1 0 0 0 0 1 1 0 0 1 0 1 1 1 1 0 0 1 1 0 0 0 0 1 1 1
 0 1 0 0 0 1 0 1 1 1 1 0 1 0 0 0 0 0 1 1 1 1 1 1 1 1]
 Training accuracy at 19900 out of 20000 is 1.000(0.500),cost is 0.050(3.243)
pred real
2    1
2    2
1    2
1    2
1    1
2    2
2    2
2    1
1    2
2    2
2    1
1    1
2    1
2    2
2    2
1    1
1    1
1    2
1    1
2    1
2    2
1    2
2    2
1    2
2    1
1    1
1    1
2    1
1    2
2    1
2    1
1    1
1    1
2    1
1    2
1    2
1    1
2    1
2    1
2    1
1    1
1    2
1    1
2    1
2    2
2    2
2    1
1    2
2    1
1    1
1    2
1    1
1    1
2    1
2    1
1    1
1    2
2    2
1    2
2    2
2    1
2    1
2    1
1    1
1    1
2    1
2    2
1    2
1    2
1    2
1    1
2    1
2    1
2    2
1    2
2    2
1    1
1    2
1    1
2    1
1    1
2    2
2    1
2    2
2    2
1    2
2    2
1    2
1    1
1    2
1    1
1    2
2    2
2    2
2    2
2    2
2    2
2    2
2    1
2    2
time:0 The accuracy on the test data is 0.500, before training was 0.560
0.5
