 Training accuracy at 0 out of 20000 is 0.490(0.490),cost is 4.916(0.731)
 Training accuracy at 100 out of 20000 is 0.519(0.470),cost is 4.818(0.725)
 Training accuracy at 200 out of 20000 is 0.549(0.410),cost is 4.757(0.722)
 Training accuracy at 300 out of 20000 is 0.566(0.440),cost is 4.705(0.719)
 Training accuracy at 400 out of 20000 is 0.578(0.440),cost is 4.663(0.718)
 Training accuracy at 500 out of 20000 is 0.599(0.480),cost is 4.625(0.717)
 Training accuracy at 600 out of 20000 is 0.611(0.470),cost is 4.589(0.715)
 Training accuracy at 700 out of 20000 is 0.625(0.480),cost is 4.556(0.713)
 Training accuracy at 800 out of 20000 is 0.641(0.480),cost is 4.524(0.712)
 Training accuracy at 900 out of 20000 is 0.661(0.490),cost is 4.492(0.711)
 Training accuracy at 1000 out of 20000 is 0.671(0.480),cost is 4.463(0.710)
 Training accuracy at 1100 out of 20000 is 0.684(0.490),cost is 4.434(0.709)
 Training accuracy at 1200 out of 20000 is 0.693(0.500),cost is 4.407(0.709)
 Training accuracy at 1300 out of 20000 is 0.700(0.510),cost is 4.378(0.709)
 Training accuracy at 1400 out of 20000 is 0.702(0.510),cost is 4.351(0.709)
 Training accuracy at 1500 out of 20000 is 0.713(0.520),cost is 4.324(0.708)
 Training accuracy at 1600 out of 20000 is 0.715(0.530),cost is 4.297(0.709)
 Training accuracy at 1700 out of 20000 is 0.722(0.500),cost is 4.270(0.709)
 Training accuracy at 1800 out of 20000 is 0.729(0.500),cost is 4.243(0.709)
 Training accuracy at 1900 out of 20000 is 0.733(0.510),cost is 4.214(0.711)
 Training accuracy at 2000 out of 20000 is 0.735(0.510),cost is 4.187(0.711)
 Training accuracy at 2100 out of 20000 is 0.735(0.500),cost is 4.160(0.711)
 Training accuracy at 2200 out of 20000 is 0.738(0.510),cost is 4.134(0.712)
 Training accuracy at 2300 out of 20000 is 0.741(0.490),cost is 4.107(0.713)
 Training accuracy at 2400 out of 20000 is 0.746(0.500),cost is 4.080(0.714)
 Training accuracy at 2500 out of 20000 is 0.751(0.480),cost is 4.054(0.715)
 Training accuracy at 2600 out of 20000 is 0.755(0.490),cost is 4.028(0.715)
 Training accuracy at 2700 out of 20000 is 0.761(0.500),cost is 4.000(0.716)
 Training accuracy at 2800 out of 20000 is 0.762(0.500),cost is 3.973(0.717)
 Training accuracy at 2900 out of 20000 is 0.764(0.490),cost is 3.947(0.717)
 Training accuracy at 3000 out of 20000 is 0.768(0.490),cost is 3.921(0.719)
 Training accuracy at 3100 out of 20000 is 0.771(0.490),cost is 3.895(0.719)
 Training accuracy at 3200 out of 20000 is 0.768(0.490),cost is 3.868(0.720)
 Training accuracy at 3300 out of 20000 is 0.771(0.480),cost is 3.839(0.721)
 Training accuracy at 3400 out of 20000 is 0.774(0.480),cost is 3.812(0.721)
 Training accuracy at 3500 out of 20000 is 0.781(0.480),cost is 3.785(0.723)
 Training accuracy at 3600 out of 20000 is 0.781(0.480),cost is 3.758(0.723)
 Training accuracy at 3700 out of 20000 is 0.781(0.500),cost is 3.730(0.724)
 Training accuracy at 3800 out of 20000 is 0.784(0.490),cost is 3.703(0.724)
 Training accuracy at 3900 out of 20000 is 0.785(0.480),cost is 3.675(0.726)
 Training accuracy at 4000 out of 20000 is 0.790(0.490),cost is 3.651(0.727)
 Training accuracy at 4100 out of 20000 is 0.794(0.500),cost is 3.624(0.727)
 Training accuracy at 4200 out of 20000 is 0.794(0.490),cost is 3.599(0.728)
 Training accuracy at 4300 out of 20000 is 0.794(0.500),cost is 3.573(0.729)
 Training accuracy at 4400 out of 20000 is 0.798(0.480),cost is 3.549(0.730)
 Training accuracy at 4500 out of 20000 is 0.800(0.480),cost is 3.523(0.730)
 Training accuracy at 4600 out of 20000 is 0.798(0.500),cost is 3.496(0.730)
 Training accuracy at 4700 out of 20000 is 0.803(0.490),cost is 3.470(0.730)
 Training accuracy at 4800 out of 20000 is 0.808(0.470),cost is 3.444(0.732)
 Training accuracy at 4900 out of 20000 is 0.808(0.480),cost is 3.417(0.734)
 Training accuracy at 5000 out of 20000 is 0.810(0.490),cost is 3.390(0.735)
 Training accuracy at 5100 out of 20000 is 0.817(0.500),cost is 3.364(0.734)
 Training accuracy at 5200 out of 20000 is 0.816(0.520),cost is 3.340(0.735)
 Training accuracy at 5300 out of 20000 is 0.817(0.510),cost is 3.315(0.735)
 Training accuracy at 5400 out of 20000 is 0.827(0.510),cost is 3.289(0.735)
 Training accuracy at 5500 out of 20000 is 0.823(0.500),cost is 3.264(0.737)
 Training accuracy at 5600 out of 20000 is 0.831(0.510),cost is 3.235(0.738)
 Training accuracy at 5700 out of 20000 is 0.830(0.510),cost is 3.210(0.737)
 Training accuracy at 5800 out of 20000 is 0.841(0.510),cost is 3.182(0.737)
 Training accuracy at 5900 out of 20000 is 0.846(0.520),cost is 3.157(0.737)
 Training accuracy at 6000 out of 20000 is 0.840(0.520),cost is 3.133(0.737)
 Training accuracy at 6100 out of 20000 is 0.849(0.530),cost is 3.105(0.739)
 Training accuracy at 6200 out of 20000 is 0.852(0.530),cost is 3.079(0.740)
 Training accuracy at 6300 out of 20000 is 0.854(0.520),cost is 3.055(0.740)
 Training accuracy at 6400 out of 20000 is 0.854(0.520),cost is 3.029(0.741)
 Training accuracy at 6500 out of 20000 is 0.856(0.520),cost is 3.003(0.742)
 Training accuracy at 6600 out of 20000 is 0.857(0.540),cost is 2.977(0.744)
 Training accuracy at 6700 out of 20000 is 0.862(0.530),cost is 2.955(0.745)
 Training accuracy at 6800 out of 20000 is 0.866(0.520),cost is 2.930(0.743)
 Training accuracy at 6900 out of 20000 is 0.870(0.530),cost is 2.905(0.743)
 Training accuracy at 7000 out of 20000 is 0.870(0.540),cost is 2.880(0.744)
 Training accuracy at 7100 out of 20000 is 0.876(0.530),cost is 2.854(0.745)
 Training accuracy at 7200 out of 20000 is 0.883(0.520),cost is 2.831(0.745)
 Training accuracy at 7300 out of 20000 is 0.880(0.530),cost is 2.806(0.744)
 Training accuracy at 7400 out of 20000 is 0.883(0.530),cost is 2.781(0.745)
 Training accuracy at 7500 out of 20000 is 0.889(0.560),cost is 2.757(0.747)
 Training accuracy at 7600 out of 20000 is 0.888(0.540),cost is 2.735(0.747)
 Training accuracy at 7700 out of 20000 is 0.889(0.550),cost is 2.709(0.748)
 Training accuracy at 7800 out of 20000 is 0.892(0.550),cost is 2.684(0.751)
 Training accuracy at 7900 out of 20000 is 0.890(0.540),cost is 2.661(0.751)
 Training accuracy at 8000 out of 20000 is 0.892(0.550),cost is 2.637(0.752)
 Training accuracy at 8100 out of 20000 is 0.895(0.540),cost is 2.613(0.755)
 Training accuracy at 8200 out of 20000 is 0.893(0.540),cost is 2.590(0.755)
 Training accuracy at 8300 out of 20000 is 0.902(0.540),cost is 2.566(0.756)
 Training accuracy at 8400 out of 20000 is 0.903(0.540),cost is 2.541(0.756)
 Training accuracy at 8500 out of 20000 is 0.906(0.540),cost is 2.518(0.758)
 Training accuracy at 8600 out of 20000 is 0.906(0.550),cost is 2.494(0.759)
 Training accuracy at 8700 out of 20000 is 0.908(0.550),cost is 2.470(0.763)
 Training accuracy at 8800 out of 20000 is 0.908(0.550),cost is 2.447(0.764)
 Training accuracy at 8900 out of 20000 is 0.912(0.550),cost is 2.422(0.765)
 Training accuracy at 9000 out of 20000 is 0.912(0.560),cost is 2.401(0.766)
 Training accuracy at 9100 out of 20000 is 0.914(0.550),cost is 2.376(0.765)
 Training accuracy at 9200 out of 20000 is 0.916(0.550),cost is 2.353(0.767)
 Training accuracy at 9300 out of 20000 is 0.915(0.560),cost is 2.331(0.767)
 Training accuracy at 9400 out of 20000 is 0.918(0.560),cost is 2.308(0.769)
 Training accuracy at 9500 out of 20000 is 0.922(0.560),cost is 2.284(0.773)
 Training accuracy at 9600 out of 20000 is 0.919(0.550),cost is 2.260(0.774)
 Training accuracy at 9700 out of 20000 is 0.922(0.560),cost is 2.238(0.772)
 Training accuracy at 9800 out of 20000 is 0.924(0.560),cost is 2.216(0.775)
 Training accuracy at 9900 out of 20000 is 0.927(0.560),cost is 2.193(0.775)
 Training accuracy at 10000 out of 20000 is 0.925(0.550),cost is 2.172(0.777)
 Training accuracy at 10100 out of 20000 is 0.931(0.560),cost is 2.150(0.776)
 Training accuracy at 10200 out of 20000 is 0.931(0.560),cost is 2.129(0.780)
 Training accuracy at 10300 out of 20000 is 0.929(0.560),cost is 2.106(0.783)
 Training accuracy at 10400 out of 20000 is 0.928(0.550),cost is 2.083(0.783)
 Training accuracy at 10500 out of 20000 is 0.935(0.540),cost is 2.064(0.787)
 Training accuracy at 10600 out of 20000 is 0.937(0.540),cost is 2.042(0.787)
 Training accuracy at 10700 out of 20000 is 0.938(0.540),cost is 2.020(0.789)
 Training accuracy at 10800 out of 20000 is 0.939(0.540),cost is 1.999(0.790)
 Training accuracy at 10900 out of 20000 is 0.941(0.540),cost is 1.975(0.792)
 Training accuracy at 11000 out of 20000 is 0.941(0.530),cost is 1.957(0.796)
 Training accuracy at 11100 out of 20000 is 0.942(0.540),cost is 1.934(0.799)
 Training accuracy at 11200 out of 20000 is 0.944(0.540),cost is 1.914(0.797)
 Training accuracy at 11300 out of 20000 is 0.951(0.540),cost is 1.895(0.800)
 Training accuracy at 11400 out of 20000 is 0.951(0.530),cost is 1.872(0.802)
 Training accuracy at 11500 out of 20000 is 0.951(0.550),cost is 1.851(0.803)
 Training accuracy at 11600 out of 20000 is 0.952(0.540),cost is 1.830(0.806)
 Training accuracy at 11700 out of 20000 is 0.951(0.550),cost is 1.810(0.807)
 Training accuracy at 11800 out of 20000 is 0.954(0.560),cost is 1.792(0.808)
 Training accuracy at 11900 out of 20000 is 0.954(0.550),cost is 1.772(0.810)
 Training accuracy at 12000 out of 20000 is 0.960(0.560),cost is 1.751(0.810)
 Training accuracy at 12100 out of 20000 is 0.960(0.560),cost is 1.732(0.815)
 Training accuracy at 12200 out of 20000 is 0.960(0.560),cost is 1.711(0.821)
 Training accuracy at 12300 out of 20000 is 0.960(0.560),cost is 1.689(0.822)
 Training accuracy at 12400 out of 20000 is 0.958(0.560),cost is 1.673(0.827)
 Training accuracy at 12500 out of 20000 is 0.963(0.560),cost is 1.651(0.828)
 Training accuracy at 12600 out of 20000 is 0.963(0.560),cost is 1.635(0.829)
 Training accuracy at 12700 out of 20000 is 0.963(0.560),cost is 1.615(0.832)
 Training accuracy at 12800 out of 20000 is 0.963(0.560),cost is 1.596(0.835)
 Training accuracy at 12900 out of 20000 is 0.965(0.560),cost is 1.578(0.836)
 Training accuracy at 13000 out of 20000 is 0.967(0.560),cost is 1.560(0.836)
 Training accuracy at 13100 out of 20000 is 0.967(0.560),cost is 1.541(0.841)
 Training accuracy at 13200 out of 20000 is 0.965(0.560),cost is 1.522(0.843)
 Training accuracy at 13300 out of 20000 is 0.967(0.560),cost is 1.504(0.844)
 Training accuracy at 13400 out of 20000 is 0.967(0.560),cost is 1.485(0.845)
 Training accuracy at 13500 out of 20000 is 0.968(0.560),cost is 1.468(0.846)
 Training accuracy at 13600 out of 20000 is 0.968(0.560),cost is 1.453(0.851)
 Training accuracy at 13700 out of 20000 is 0.967(0.560),cost is 1.436(0.858)
 Training accuracy at 13800 out of 20000 is 0.970(0.560),cost is 1.419(0.857)
 Training accuracy at 13900 out of 20000 is 0.970(0.560),cost is 1.398(0.861)
 Training accuracy at 14000 out of 20000 is 0.970(0.560),cost is 1.385(0.863)
 Training accuracy at 14100 out of 20000 is 0.973(0.560),cost is 1.370(0.866)
 Training accuracy at 14200 out of 20000 is 0.974(0.560),cost is 1.351(0.863)
 Training accuracy at 14300 out of 20000 is 0.976(0.560),cost is 1.334(0.868)
 Training accuracy at 14400 out of 20000 is 0.978(0.560),cost is 1.317(0.877)
 Training accuracy at 14500 out of 20000 is 0.978(0.560),cost is 1.303(0.877)
 Training accuracy at 14600 out of 20000 is 0.980(0.550),cost is 1.287(0.883)
 Training accuracy at 14700 out of 20000 is 0.981(0.550),cost is 1.271(0.888)
 Training accuracy at 14800 out of 20000 is 0.978(0.550),cost is 1.252(0.893)
 Training accuracy at 14900 out of 20000 is 0.980(0.560),cost is 1.235(0.892)
 Training accuracy at 15000 out of 20000 is 0.980(0.550),cost is 1.221(0.895)
 Training accuracy at 15100 out of 20000 is 0.980(0.560),cost is 1.208(0.895)
 Training accuracy at 15200 out of 20000 is 0.980(0.570),cost is 1.194(0.897)
 Training accuracy at 15300 out of 20000 is 0.980(0.560),cost is 1.175(0.900)
 Training accuracy at 15400 out of 20000 is 0.981(0.570),cost is 1.160(0.905)
 Training accuracy at 15500 out of 20000 is 0.981(0.570),cost is 1.145(0.908)
 Training accuracy at 15600 out of 20000 is 0.983(0.560),cost is 1.130(0.913)
 Training accuracy at 15700 out of 20000 is 0.983(0.560),cost is 1.116(0.915)
 Training accuracy at 15800 out of 20000 is 0.984(0.560),cost is 1.101(0.919)
 Training accuracy at 15900 out of 20000 is 0.983(0.550),cost is 1.090(0.923)
 Training accuracy at 16000 out of 20000 is 0.984(0.570),cost is 1.076(0.926)
 Training accuracy at 16100 out of 20000 is 0.987(0.560),cost is 1.059(0.926)
 Training accuracy at 16200 out of 20000 is 0.986(0.550),cost is 1.047(0.929)
 Training accuracy at 16300 out of 20000 is 0.986(0.540),cost is 1.032(0.931)
 Training accuracy at 16400 out of 20000 is 0.986(0.550),cost is 1.018(0.935)
 Training accuracy at 16500 out of 20000 is 0.987(0.560),cost is 1.006(0.942)
 Training accuracy at 16600 out of 20000 is 0.987(0.550),cost is 0.992(0.944)
 Training accuracy at 16700 out of 20000 is 0.988(0.560),cost is 0.979(0.941)
 Training accuracy at 16800 out of 20000 is 0.988(0.560),cost is 0.965(0.945)
 Training accuracy at 16900 out of 20000 is 0.988(0.560),cost is 0.953(0.950)
 Training accuracy at 17000 out of 20000 is 0.988(0.560),cost is 0.939(0.952)
 Training accuracy at 17100 out of 20000 is 0.988(0.570),cost is 0.927(0.955)
 Training accuracy at 17200 out of 20000 is 0.990(0.560),cost is 0.915(0.954)
 Training accuracy at 17300 out of 20000 is 0.988(0.550),cost is 0.901(0.961)
 Training accuracy at 17400 out of 20000 is 0.993(0.550),cost is 0.890(0.968)
 Training accuracy at 17500 out of 20000 is 0.990(0.540),cost is 0.877(0.975)
 Training accuracy at 17600 out of 20000 is 0.991(0.550),cost is 0.864(0.974)
 Training accuracy at 17700 out of 20000 is 0.991(0.550),cost is 0.850(0.975)
 Training accuracy at 17800 out of 20000 is 0.993(0.550),cost is 0.842(0.986)
 Training accuracy at 17900 out of 20000 is 0.993(0.540),cost is 0.829(0.987)
 Training accuracy at 18000 out of 20000 is 0.993(0.540),cost is 0.818(0.987)
 Training accuracy at 18100 out of 20000 is 0.993(0.540),cost is 0.806(0.992)
 Training accuracy at 18200 out of 20000 is 0.993(0.550),cost is 0.795(0.998)
 Training accuracy at 18300 out of 20000 is 0.993(0.550),cost is 0.785(1.000)
 Training accuracy at 18400 out of 20000 is 0.994(0.540),cost is 0.772(1.004)
 Training accuracy at 18500 out of 20000 is 0.994(0.560),cost is 0.762(1.010)
 Training accuracy at 18600 out of 20000 is 0.994(0.560),cost is 0.752(1.014)
 Training accuracy at 18700 out of 20000 is 0.996(0.550),cost is 0.740(1.014)
 Training accuracy at 18800 out of 20000 is 0.994(0.550),cost is 0.729(1.022)
 Training accuracy at 18900 out of 20000 is 0.996(0.550),cost is 0.720(1.026)
 Training accuracy at 19000 out of 20000 is 0.997(0.550),cost is 0.710(1.024)
 Training accuracy at 19100 out of 20000 is 0.996(0.550),cost is 0.701(1.032)
 Training accuracy at 19200 out of 20000 is 0.996(0.550),cost is 0.690(1.038)
 Training accuracy at 19300 out of 20000 is 0.996(0.550),cost is 0.679(1.044)
 Training accuracy at 19400 out of 20000 is 0.997(0.540),cost is 0.670(1.052)
 Training accuracy at 19500 out of 20000 is 0.997(0.550),cost is 0.661(1.050)
 Training accuracy at 19600 out of 20000 is 0.997(0.550),cost is 0.652(1.058)
 Training accuracy at 19700 out of 20000 is 0.997(0.560),cost is 0.641(1.062)
 Training accuracy at 19800 out of 20000 is 0.997(0.560),cost is 0.631(1.067)
 Training accuracy at 19900 out of 20000 is 0.997(0.550),cost is 0.622(1.073)
 Training accuracy at 20000 out of 20000 is 0.997(0.570),cost is 0.612(1.078)
time:0
[1 1 1 0 0 1 1 0 0 0 1 0 1 1 0 1 0 0 0 0 1 1 1 0 1 1 0 1 1 1 1 1 1 1 0 0 0
 1 0 0 1 0 0 0 1 1 0 1 1 0 0 1 0 1 0 0 0 1 0 0 1 0 1 0 0 1 1 1 0 0 1 0 0 1
 1 1 1 1 1 0 0 1 0 0 1 1 1 1 0 0 0 1 1 1 1 0 0 1 0 0]
time:1:0.57
 Training accuracy at 0 out of 20000 is 0.461(0.510),cost is 5.118(0.708)
 Training accuracy at 100 out of 20000 is 0.503(0.530),cost is 4.904(0.694)
 Training accuracy at 200 out of 20000 is 0.542(0.590),cost is 4.815(0.693)
 Training accuracy at 300 out of 20000 is 0.578(0.570),cost is 4.762(0.694)
 Training accuracy at 400 out of 20000 is 0.592(0.570),cost is 4.722(0.693)
 Training accuracy at 500 out of 20000 is 0.595(0.550),cost is 4.685(0.694)
 Training accuracy at 600 out of 20000 is 0.602(0.560),cost is 4.651(0.695)
 Training accuracy at 700 out of 20000 is 0.611(0.570),cost is 4.619(0.697)
 Training accuracy at 800 out of 20000 is 0.622(0.560),cost is 4.590(0.700)
 Training accuracy at 900 out of 20000 is 0.634(0.560),cost is 4.563(0.700)
 Training accuracy at 1000 out of 20000 is 0.638(0.570),cost is 4.538(0.700)
 Training accuracy at 1100 out of 20000 is 0.646(0.560),cost is 4.513(0.700)
 Training accuracy at 1200 out of 20000 is 0.654(0.580),cost is 4.490(0.700)
 Training accuracy at 1300 out of 20000 is 0.657(0.570),cost is 4.466(0.701)
 Training accuracy at 1400 out of 20000 is 0.670(0.560),cost is 4.445(0.702)
 Training accuracy at 1500 out of 20000 is 0.676(0.560),cost is 4.424(0.701)
 Training accuracy at 1600 out of 20000 is 0.677(0.560),cost is 4.402(0.701)
 Training accuracy at 1700 out of 20000 is 0.686(0.550),cost is 4.383(0.702)
 Training accuracy at 1800 out of 20000 is 0.692(0.580),cost is 4.362(0.702)
 Training accuracy at 1900 out of 20000 is 0.700(0.590),cost is 4.342(0.702)
 Training accuracy at 2000 out of 20000 is 0.703(0.590),cost is 4.321(0.704)
 Training accuracy at 2100 out of 20000 is 0.703(0.570),cost is 4.300(0.704)
 Training accuracy at 2200 out of 20000 is 0.707(0.590),cost is 4.278(0.703)
 Training accuracy at 2300 out of 20000 is 0.715(0.590),cost is 4.256(0.704)
 Training accuracy at 2400 out of 20000 is 0.716(0.580),cost is 4.233(0.704)
 Training accuracy at 2500 out of 20000 is 0.728(0.570),cost is 4.212(0.705)
 Training accuracy at 2600 out of 20000 is 0.729(0.590),cost is 4.189(0.706)
 Training accuracy at 2700 out of 20000 is 0.736(0.590),cost is 4.166(0.707)
 Training accuracy at 2800 out of 20000 is 0.742(0.580),cost is 4.142(0.708)
 Training accuracy at 2900 out of 20000 is 0.748(0.580),cost is 4.119(0.709)
 Training accuracy at 3000 out of 20000 is 0.751(0.570),cost is 4.094(0.710)
 Training accuracy at 3100 out of 20000 is 0.752(0.570),cost is 4.070(0.710)
 Training accuracy at 3200 out of 20000 is 0.755(0.570),cost is 4.046(0.710)
 Training accuracy at 3300 out of 20000 is 0.761(0.570),cost is 4.022(0.711)
 Training accuracy at 3400 out of 20000 is 0.768(0.580),cost is 3.999(0.712)
 Training accuracy at 3500 out of 20000 is 0.767(0.570),cost is 3.974(0.711)
 Training accuracy at 3600 out of 20000 is 0.771(0.570),cost is 3.947(0.712)
 Training accuracy at 3700 out of 20000 is 0.769(0.570),cost is 3.921(0.711)
 Training accuracy at 3800 out of 20000 is 0.775(0.560),cost is 3.897(0.711)
 Training accuracy at 3900 out of 20000 is 0.784(0.560),cost is 3.871(0.711)
 Training accuracy at 4000 out of 20000 is 0.791(0.570),cost is 3.843(0.712)
 Training accuracy at 4100 out of 20000 is 0.790(0.540),cost is 3.818(0.712)
 Training accuracy at 4200 out of 20000 is 0.794(0.560),cost is 3.788(0.714)
 Training accuracy at 4300 out of 20000 is 0.797(0.580),cost is 3.762(0.715)
 Training accuracy at 4400 out of 20000 is 0.803(0.570),cost is 3.736(0.714)
 Training accuracy at 4500 out of 20000 is 0.805(0.580),cost is 3.711(0.715)
 Training accuracy at 4600 out of 20000 is 0.811(0.560),cost is 3.681(0.715)
 Training accuracy at 4700 out of 20000 is 0.813(0.560),cost is 3.654(0.716)
 Training accuracy at 4800 out of 20000 is 0.817(0.540),cost is 3.626(0.717)
 Training accuracy at 4900 out of 20000 is 0.820(0.540),cost is 3.599(0.718)
 Training accuracy at 5000 out of 20000 is 0.824(0.530),cost is 3.570(0.718)
 Training accuracy at 5100 out of 20000 is 0.824(0.530),cost is 3.542(0.718)
 Training accuracy at 5200 out of 20000 is 0.827(0.540),cost is 3.514(0.720)
 Training accuracy at 5300 out of 20000 is 0.824(0.520),cost is 3.486(0.720)
 Training accuracy at 5400 out of 20000 is 0.829(0.540),cost is 3.457(0.722)
 Training accuracy at 5500 out of 20000 is 0.834(0.530),cost is 3.429(0.721)
 Training accuracy at 5600 out of 20000 is 0.836(0.520),cost is 3.401(0.721)
 Training accuracy at 5700 out of 20000 is 0.839(0.530),cost is 3.375(0.722)
 Training accuracy at 5800 out of 20000 is 0.837(0.530),cost is 3.346(0.723)
 Training accuracy at 5900 out of 20000 is 0.840(0.530),cost is 3.319(0.725)
 Training accuracy at 6000 out of 20000 is 0.839(0.540),cost is 3.290(0.725)
 Training accuracy at 6100 out of 20000 is 0.846(0.530),cost is 3.261(0.725)
 Training accuracy at 6200 out of 20000 is 0.841(0.540),cost is 3.234(0.728)
 Training accuracy at 6300 out of 20000 is 0.852(0.520),cost is 3.209(0.727)
 Training accuracy at 6400 out of 20000 is 0.847(0.540),cost is 3.179(0.729)
 Training accuracy at 6500 out of 20000 is 0.853(0.550),cost is 3.153(0.730)
 Training accuracy at 6600 out of 20000 is 0.856(0.540),cost is 3.124(0.730)
 Training accuracy at 6700 out of 20000 is 0.854(0.560),cost is 3.096(0.731)
 Training accuracy at 6800 out of 20000 is 0.860(0.540),cost is 3.069(0.731)
 Training accuracy at 6900 out of 20000 is 0.857(0.570),cost is 3.038(0.733)
 Training accuracy at 7000 out of 20000 is 0.865(0.550),cost is 3.010(0.735)
 Training accuracy at 7100 out of 20000 is 0.867(0.540),cost is 2.980(0.735)
 Training accuracy at 7200 out of 20000 is 0.869(0.550),cost is 2.954(0.738)
 Training accuracy at 7300 out of 20000 is 0.866(0.540),cost is 2.926(0.740)
 Training accuracy at 7400 out of 20000 is 0.872(0.540),cost is 2.900(0.739)
 Training accuracy at 7500 out of 20000 is 0.873(0.550),cost is 2.871(0.740)
 Training accuracy at 7600 out of 20000 is 0.873(0.570),cost is 2.843(0.743)
 Training accuracy at 7700 out of 20000 is 0.876(0.570),cost is 2.817(0.743)
 Training accuracy at 7800 out of 20000 is 0.876(0.570),cost is 2.790(0.744)
 Training accuracy at 7900 out of 20000 is 0.878(0.560),cost is 2.764(0.748)
 Training accuracy at 8000 out of 20000 is 0.878(0.570),cost is 2.736(0.750)
 Training accuracy at 8100 out of 20000 is 0.886(0.560),cost is 2.712(0.749)
 Training accuracy at 8200 out of 20000 is 0.886(0.550),cost is 2.683(0.752)
 Training accuracy at 8300 out of 20000 is 0.883(0.550),cost is 2.655(0.755)
 Training accuracy at 8400 out of 20000 is 0.896(0.540),cost is 2.628(0.757)
 Training accuracy at 8500 out of 20000 is 0.896(0.540),cost is 2.601(0.757)
 Training accuracy at 8600 out of 20000 is 0.898(0.550),cost is 2.575(0.758)
 Training accuracy at 8700 out of 20000 is 0.902(0.560),cost is 2.548(0.760)
 Training accuracy at 8800 out of 20000 is 0.901(0.550),cost is 2.523(0.763)
 Training accuracy at 8900 out of 20000 is 0.903(0.550),cost is 2.498(0.766)
 Training accuracy at 9000 out of 20000 is 0.906(0.540),cost is 2.472(0.768)
 Training accuracy at 9100 out of 20000 is 0.901(0.560),cost is 2.446(0.771)
 Training accuracy at 9200 out of 20000 is 0.909(0.550),cost is 2.421(0.774)
 Training accuracy at 9300 out of 20000 is 0.908(0.550),cost is 2.396(0.777)
 Training accuracy at 9400 out of 20000 is 0.914(0.560),cost is 2.371(0.776)
 Training accuracy at 9500 out of 20000 is 0.911(0.570),cost is 2.347(0.780)
 Training accuracy at 9600 out of 20000 is 0.915(0.570),cost is 2.319(0.783)
 Training accuracy at 9700 out of 20000 is 0.916(0.560),cost is 2.294(0.786)
 Training accuracy at 9800 out of 20000 is 0.915(0.570),cost is 2.269(0.788)
 Training accuracy at 9900 out of 20000 is 0.918(0.570),cost is 2.244(0.792)
 Training accuracy at 10000 out of 20000 is 0.919(0.570),cost is 2.218(0.795)
 Training accuracy at 10100 out of 20000 is 0.922(0.570),cost is 2.194(0.799)
 Training accuracy at 10200 out of 20000 is 0.924(0.570),cost is 2.168(0.802)
 Training accuracy at 10300 out of 20000 is 0.928(0.570),cost is 2.143(0.802)
 Training accuracy at 10400 out of 20000 is 0.929(0.570),cost is 2.119(0.804)
 Training accuracy at 10500 out of 20000 is 0.931(0.560),cost is 2.094(0.806)
 Training accuracy at 10600 out of 20000 is 0.931(0.550),cost is 2.070(0.809)
 Training accuracy at 10700 out of 20000 is 0.931(0.570),cost is 2.048(0.815)
 Training accuracy at 10800 out of 20000 is 0.932(0.550),cost is 2.022(0.816)
 Training accuracy at 10900 out of 20000 is 0.931(0.550),cost is 2.000(0.820)
 Training accuracy at 11000 out of 20000 is 0.932(0.550),cost is 1.975(0.823)
 Training accuracy at 11100 out of 20000 is 0.939(0.540),cost is 1.950(0.826)
 Training accuracy at 11200 out of 20000 is 0.942(0.550),cost is 1.928(0.829)
 Training accuracy at 11300 out of 20000 is 0.942(0.540),cost is 1.905(0.831)
 Training accuracy at 11400 out of 20000 is 0.944(0.540),cost is 1.882(0.835)
 Training accuracy at 11500 out of 20000 is 0.947(0.540),cost is 1.862(0.836)
 Training accuracy at 11600 out of 20000 is 0.947(0.540),cost is 1.838(0.843)
 Training accuracy at 11700 out of 20000 is 0.948(0.540),cost is 1.815(0.842)
 Training accuracy at 11800 out of 20000 is 0.950(0.540),cost is 1.795(0.846)
 Training accuracy at 11900 out of 20000 is 0.952(0.530),cost is 1.772(0.851)
 Training accuracy at 12000 out of 20000 is 0.952(0.550),cost is 1.749(0.856)
 Training accuracy at 12100 out of 20000 is 0.952(0.550),cost is 1.727(0.860)
 Training accuracy at 12200 out of 20000 is 0.952(0.550),cost is 1.708(0.861)
 Training accuracy at 12300 out of 20000 is 0.952(0.540),cost is 1.686(0.862)
 Training accuracy at 12400 out of 20000 is 0.957(0.550),cost is 1.665(0.871)
 Training accuracy at 12500 out of 20000 is 0.955(0.540),cost is 1.643(0.871)
 Training accuracy at 12600 out of 20000 is 0.957(0.520),cost is 1.621(0.875)
 Training accuracy at 12700 out of 20000 is 0.960(0.530),cost is 1.601(0.880)
 Training accuracy at 12800 out of 20000 is 0.958(0.540),cost is 1.579(0.885)
 Training accuracy at 12900 out of 20000 is 0.963(0.540),cost is 1.558(0.888)
 Training accuracy at 13000 out of 20000 is 0.964(0.530),cost is 1.539(0.888)
 Training accuracy at 13100 out of 20000 is 0.964(0.540),cost is 1.516(0.894)
 Training accuracy at 13200 out of 20000 is 0.963(0.540),cost is 1.497(0.895)
 Training accuracy at 13300 out of 20000 is 0.964(0.550),cost is 1.481(0.898)
 Training accuracy at 13400 out of 20000 is 0.964(0.530),cost is 1.461(0.903)
 Training accuracy at 13500 out of 20000 is 0.964(0.540),cost is 1.441(0.907)
 Training accuracy at 13600 out of 20000 is 0.967(0.520),cost is 1.421(0.913)
 Training accuracy at 13700 out of 20000 is 0.971(0.540),cost is 1.401(0.914)
 Training accuracy at 13800 out of 20000 is 0.973(0.530),cost is 1.383(0.915)
 Training accuracy at 13900 out of 20000 is 0.974(0.540),cost is 1.366(0.917)
 Training accuracy at 14000 out of 20000 is 0.973(0.540),cost is 1.346(0.920)
 Training accuracy at 14100 out of 20000 is 0.974(0.530),cost is 1.328(0.926)
 Training accuracy at 14200 out of 20000 is 0.976(0.540),cost is 1.309(0.929)
 Training accuracy at 14300 out of 20000 is 0.980(0.540),cost is 1.291(0.929)
 Training accuracy at 14400 out of 20000 is 0.977(0.540),cost is 1.275(0.934)
 Training accuracy at 14500 out of 20000 is 0.977(0.540),cost is 1.256(0.941)
 Training accuracy at 14600 out of 20000 is 0.981(0.540),cost is 1.237(0.948)
 Training accuracy at 14700 out of 20000 is 0.981(0.550),cost is 1.224(0.948)
 Training accuracy at 14800 out of 20000 is 0.983(0.540),cost is 1.205(0.949)
 Training accuracy at 14900 out of 20000 is 0.984(0.540),cost is 1.189(0.951)
 Training accuracy at 15000 out of 20000 is 0.984(0.540),cost is 1.172(0.961)
 Training accuracy at 15100 out of 20000 is 0.986(0.540),cost is 1.157(0.966)
 Training accuracy at 15200 out of 20000 is 0.986(0.540),cost is 1.137(0.967)
 Training accuracy at 15300 out of 20000 is 0.987(0.540),cost is 1.123(0.970)
 Training accuracy at 15400 out of 20000 is 0.988(0.530),cost is 1.109(0.976)
 Training accuracy at 15500 out of 20000 is 0.988(0.520),cost is 1.092(0.982)
 Training accuracy at 15600 out of 20000 is 0.990(0.540),cost is 1.077(0.985)
 Training accuracy at 15700 out of 20000 is 0.991(0.540),cost is 1.060(0.989)
 Training accuracy at 15800 out of 20000 is 0.993(0.550),cost is 1.044(0.994)
 Training accuracy at 15900 out of 20000 is 0.994(0.530),cost is 1.030(0.998)
 Training accuracy at 16000 out of 20000 is 0.996(0.530),cost is 1.015(1.003)
 Training accuracy at 16100 out of 20000 is 0.993(0.540),cost is 1.000(1.005)
 Training accuracy at 16200 out of 20000 is 0.994(0.510),cost is 0.985(1.015)
 Training accuracy at 16300 out of 20000 is 0.996(0.530),cost is 0.971(1.017)
 Training accuracy at 16400 out of 20000 is 0.999(0.530),cost is 0.956(1.020)
 Training accuracy at 16500 out of 20000 is 0.996(0.540),cost is 0.941(1.027)
 Training accuracy at 16600 out of 20000 is 0.997(0.520),cost is 0.929(1.027)
 Training accuracy at 16700 out of 20000 is 0.999(0.530),cost is 0.915(1.031)
 Training accuracy at 16800 out of 20000 is 0.997(0.540),cost is 0.901(1.037)
 Training accuracy at 16900 out of 20000 is 0.997(0.540),cost is 0.888(1.045)
 Training accuracy at 17000 out of 20000 is 0.997(0.520),cost is 0.873(1.049)
 Training accuracy at 17100 out of 20000 is 0.997(0.530),cost is 0.860(1.058)
 Training accuracy at 17200 out of 20000 is 0.999(0.530),cost is 0.846(1.060)
 Training accuracy at 17300 out of 20000 is 0.999(0.530),cost is 0.836(1.063)
 Training accuracy at 17400 out of 20000 is 0.999(0.530),cost is 0.820(1.068)
 Training accuracy at 17500 out of 20000 is 0.999(0.520),cost is 0.809(1.074)
 Training accuracy at 17600 out of 20000 is 0.999(0.520),cost is 0.795(1.084)
 Training accuracy at 17700 out of 20000 is 0.999(0.530),cost is 0.783(1.088)
 Training accuracy at 17800 out of 20000 is 0.999(0.520),cost is 0.770(1.089)
 Training accuracy at 17900 out of 20000 is 0.999(0.520),cost is 0.761(1.091)
 Training accuracy at 18000 out of 20000 is 0.999(0.540),cost is 0.747(1.094)
 Training accuracy at 18100 out of 20000 is 0.999(0.530),cost is 0.737(1.101)
 Training accuracy at 18200 out of 20000 is 0.999(0.530),cost is 0.724(1.110)
 Training accuracy at 18300 out of 20000 is 0.999(0.530),cost is 0.712(1.116)
 Training accuracy at 18400 out of 20000 is 0.999(0.510),cost is 0.701(1.116)
 Training accuracy at 18500 out of 20000 is 1.000(0.520),cost is 0.690(1.119)
 Training accuracy at 18600 out of 20000 is 1.000(0.530),cost is 0.681(1.124)
 Training accuracy at 18700 out of 20000 is 1.000(0.520),cost is 0.670(1.128)
 Training accuracy at 18800 out of 20000 is 1.000(0.540),cost is 0.660(1.138)
 Training accuracy at 18900 out of 20000 is 1.000(0.530),cost is 0.650(1.141)
 Training accuracy at 19000 out of 20000 is 1.000(0.520),cost is 0.641(1.145)
 Training accuracy at 19100 out of 20000 is 1.000(0.540),cost is 0.629(1.155)
 Training accuracy at 19200 out of 20000 is 1.000(0.530),cost is 0.618(1.157)
 Training accuracy at 19300 out of 20000 is 1.000(0.540),cost is 0.608(1.161)
 Training accuracy at 19400 out of 20000 is 1.000(0.530),cost is 0.599(1.170)
 Training accuracy at 19500 out of 20000 is 1.000(0.530),cost is 0.588(1.172)
 Training accuracy at 19600 out of 20000 is 1.000(0.530),cost is 0.580(1.181)
 Training accuracy at 19700 out of 20000 is 1.000(0.530),cost is 0.573(1.186)
 Training accuracy at 19800 out of 20000 is 1.000(0.530),cost is 0.562(1.184)
 Training accuracy at 19900 out of 20000 is 1.000(0.520),cost is 0.552(1.193)
 Training accuracy at 20000 out of 20000 is 1.000(0.520),cost is 0.543(1.200)
time:1
[0 0 1 0 1 1 1 0 0 1 0 0 1 1 0 0 0 0 0 0 1 1 1 0 1 1 0 0 1 1 1 1 1 1 1 0 0
 0 1 1 1 0 0 0 1 1 0 0 1 0 0 1 1 1 0 0 0 1 0 0 1 1 1 1 1 1 1 1 0 1 0 1 0 1
 1 1 1 1 0 1 0 1 1 0 1 0 1 1 0 0 0 1 0 0 1 0 0 1 0 0]
time:2:0.52
 Training accuracy at 0 out of 20000 is 0.457(0.470),cost is 5.005(0.709)
 Training accuracy at 100 out of 20000 is 0.483(0.500),cost is 4.912(0.706)
 Training accuracy at 200 out of 20000 is 0.507(0.480),cost is 4.848(0.703)
 Training accuracy at 300 out of 20000 is 0.535(0.490),cost is 4.796(0.703)
 Training accuracy at 400 out of 20000 is 0.552(0.500),cost is 4.752(0.702)
 Training accuracy at 500 out of 20000 is 0.571(0.540),cost is 4.714(0.700)
 Training accuracy at 600 out of 20000 is 0.582(0.520),cost is 4.681(0.698)
 Training accuracy at 700 out of 20000 is 0.604(0.530),cost is 4.653(0.697)
 Training accuracy at 800 out of 20000 is 0.615(0.550),cost is 4.626(0.697)
 Training accuracy at 900 out of 20000 is 0.611(0.550),cost is 4.600(0.696)
 Training accuracy at 1000 out of 20000 is 0.625(0.570),cost is 4.575(0.695)
 Training accuracy at 1100 out of 20000 is 0.640(0.580),cost is 4.551(0.694)
 Training accuracy at 1200 out of 20000 is 0.643(0.580),cost is 4.528(0.692)
 Training accuracy at 1300 out of 20000 is 0.657(0.610),cost is 4.504(0.693)
 Training accuracy at 1400 out of 20000 is 0.666(0.600),cost is 4.481(0.693)
 Training accuracy at 1500 out of 20000 is 0.671(0.590),cost is 4.457(0.693)
 Training accuracy at 1600 out of 20000 is 0.682(0.590),cost is 4.434(0.695)
 Training accuracy at 1700 out of 20000 is 0.695(0.600),cost is 4.410(0.694)
 Training accuracy at 1800 out of 20000 is 0.699(0.590),cost is 4.386(0.694)
 Training accuracy at 1900 out of 20000 is 0.705(0.600),cost is 4.361(0.695)
 Training accuracy at 2000 out of 20000 is 0.718(0.600),cost is 4.339(0.694)
 Training accuracy at 2100 out of 20000 is 0.720(0.610),cost is 4.315(0.694)
 Training accuracy at 2200 out of 20000 is 0.723(0.610),cost is 4.290(0.696)
 Training accuracy at 2300 out of 20000 is 0.736(0.610),cost is 4.265(0.693)
 Training accuracy at 2400 out of 20000 is 0.739(0.620),cost is 4.239(0.694)
 Training accuracy at 2500 out of 20000 is 0.741(0.620),cost is 4.215(0.695)
 Training accuracy at 2600 out of 20000 is 0.756(0.600),cost is 4.189(0.693)
 Training accuracy at 2700 out of 20000 is 0.756(0.600),cost is 4.162(0.693)
 Training accuracy at 2800 out of 20000 is 0.759(0.610),cost is 4.135(0.694)
 Training accuracy at 2900 out of 20000 is 0.762(0.610),cost is 4.108(0.693)
 Training accuracy at 3000 out of 20000 is 0.768(0.610),cost is 4.082(0.692)
 Training accuracy at 3100 out of 20000 is 0.769(0.600),cost is 4.056(0.692)
 Training accuracy at 3200 out of 20000 is 0.772(0.590),cost is 4.029(0.693)
 Training accuracy at 3300 out of 20000 is 0.768(0.600),cost is 4.001(0.694)
 Training accuracy at 3400 out of 20000 is 0.774(0.590),cost is 3.975(0.693)
 Training accuracy at 3500 out of 20000 is 0.780(0.600),cost is 3.946(0.693)
 Training accuracy at 3600 out of 20000 is 0.784(0.610),cost is 3.919(0.693)
 Training accuracy at 3700 out of 20000 is 0.781(0.600),cost is 3.891(0.694)
 Training accuracy at 3800 out of 20000 is 0.787(0.590),cost is 3.863(0.693)
 Training accuracy at 3900 out of 20000 is 0.787(0.600),cost is 3.835(0.694)
 Training accuracy at 4000 out of 20000 is 0.785(0.600),cost is 3.807(0.695)
 Training accuracy at 4100 out of 20000 is 0.788(0.590),cost is 3.780(0.694)
 Training accuracy at 4200 out of 20000 is 0.800(0.580),cost is 3.754(0.695)
 Training accuracy at 4300 out of 20000 is 0.807(0.580),cost is 3.726(0.696)
 Training accuracy at 4400 out of 20000 is 0.808(0.580),cost is 3.698(0.696)
 Training accuracy at 4500 out of 20000 is 0.804(0.580),cost is 3.669(0.699)
 Training accuracy at 4600 out of 20000 is 0.807(0.580),cost is 3.642(0.699)
 Training accuracy at 4700 out of 20000 is 0.814(0.580),cost is 3.616(0.699)
 Training accuracy at 4800 out of 20000 is 0.816(0.580),cost is 3.587(0.700)
 Training accuracy at 4900 out of 20000 is 0.813(0.570),cost is 3.561(0.702)
 Training accuracy at 5000 out of 20000 is 0.826(0.580),cost is 3.534(0.702)
 Training accuracy at 5100 out of 20000 is 0.824(0.560),cost is 3.505(0.702)
 Training accuracy at 5200 out of 20000 is 0.831(0.570),cost is 3.477(0.704)
 Training accuracy at 5300 out of 20000 is 0.831(0.560),cost is 3.451(0.704)
 Training accuracy at 5400 out of 20000 is 0.834(0.570),cost is 3.424(0.705)
 Training accuracy at 5500 out of 20000 is 0.834(0.570),cost is 3.397(0.706)
 Training accuracy at 5600 out of 20000 is 0.837(0.560),cost is 3.370(0.705)
 Training accuracy at 5700 out of 20000 is 0.840(0.560),cost is 3.341(0.706)
 Training accuracy at 5800 out of 20000 is 0.843(0.560),cost is 3.314(0.708)
 Training accuracy at 5900 out of 20000 is 0.846(0.560),cost is 3.287(0.709)
 Training accuracy at 6000 out of 20000 is 0.849(0.560),cost is 3.259(0.710)
 Training accuracy at 6100 out of 20000 is 0.850(0.560),cost is 3.232(0.711)
 Training accuracy at 6200 out of 20000 is 0.852(0.550),cost is 3.204(0.711)
 Training accuracy at 6300 out of 20000 is 0.853(0.550),cost is 3.179(0.712)
 Training accuracy at 6400 out of 20000 is 0.856(0.560),cost is 3.151(0.713)
 Training accuracy at 6500 out of 20000 is 0.859(0.560),cost is 3.127(0.714)
 Training accuracy at 6600 out of 20000 is 0.860(0.550),cost is 3.100(0.715)
 Training accuracy at 6700 out of 20000 is 0.865(0.550),cost is 3.073(0.717)
 Training accuracy at 6800 out of 20000 is 0.867(0.550),cost is 3.045(0.718)
 Training accuracy at 6900 out of 20000 is 0.865(0.550),cost is 3.017(0.719)
 Training accuracy at 7000 out of 20000 is 0.867(0.550),cost is 2.992(0.719)
 Training accuracy at 7100 out of 20000 is 0.870(0.550),cost is 2.967(0.721)
 Training accuracy at 7200 out of 20000 is 0.873(0.550),cost is 2.939(0.724)
 Training accuracy at 7300 out of 20000 is 0.873(0.550),cost is 2.912(0.723)
 Training accuracy at 7400 out of 20000 is 0.876(0.550),cost is 2.888(0.725)
 Training accuracy at 7500 out of 20000 is 0.875(0.550),cost is 2.861(0.728)
 Training accuracy at 7600 out of 20000 is 0.873(0.540),cost is 2.835(0.732)
 Training accuracy at 7700 out of 20000 is 0.878(0.540),cost is 2.807(0.734)
 Training accuracy at 7800 out of 20000 is 0.878(0.550),cost is 2.783(0.734)
 Training accuracy at 7900 out of 20000 is 0.885(0.550),cost is 2.757(0.735)
 Training accuracy at 8000 out of 20000 is 0.889(0.540),cost is 2.730(0.737)
 Training accuracy at 8100 out of 20000 is 0.892(0.540),cost is 2.706(0.738)
 Training accuracy at 8200 out of 20000 is 0.893(0.550),cost is 2.680(0.739)
 Training accuracy at 8300 out of 20000 is 0.892(0.560),cost is 2.655(0.744)
 Training accuracy at 8400 out of 20000 is 0.895(0.540),cost is 2.629(0.746)
 Training accuracy at 8500 out of 20000 is 0.896(0.550),cost is 2.603(0.746)
 Training accuracy at 8600 out of 20000 is 0.896(0.540),cost is 2.580(0.749)
 Training accuracy at 8700 out of 20000 is 0.898(0.560),cost is 2.555(0.751)
 Training accuracy at 8800 out of 20000 is 0.899(0.560),cost is 2.529(0.752)
 Training accuracy at 8900 out of 20000 is 0.902(0.560),cost is 2.502(0.754)
 Training accuracy at 9000 out of 20000 is 0.903(0.560),cost is 2.478(0.757)
 Training accuracy at 9100 out of 20000 is 0.903(0.570),cost is 2.456(0.756)
 Training accuracy at 9200 out of 20000 is 0.905(0.580),cost is 2.432(0.760)
 Training accuracy at 9300 out of 20000 is 0.905(0.580),cost is 2.406(0.761)
 Training accuracy at 9400 out of 20000 is 0.906(0.580),cost is 2.381(0.763)
 Training accuracy at 9500 out of 20000 is 0.906(0.570),cost is 2.358(0.766)
 Training accuracy at 9600 out of 20000 is 0.908(0.570),cost is 2.335(0.768)
 Training accuracy at 9700 out of 20000 is 0.906(0.570),cost is 2.312(0.770)
 Training accuracy at 9800 out of 20000 is 0.911(0.570),cost is 2.289(0.770)
 Training accuracy at 9900 out of 20000 is 0.912(0.580),cost is 2.265(0.774)
 Training accuracy at 10000 out of 20000 is 0.915(0.570),cost is 2.240(0.775)
 Training accuracy at 10100 out of 20000 is 0.916(0.570),cost is 2.216(0.777)
 Training accuracy at 10200 out of 20000 is 0.919(0.570),cost is 2.194(0.781)
 Training accuracy at 10300 out of 20000 is 0.919(0.580),cost is 2.171(0.782)
 Training accuracy at 10400 out of 20000 is 0.922(0.580),cost is 2.150(0.783)
 Training accuracy at 10500 out of 20000 is 0.921(0.580),cost is 2.128(0.784)
 Training accuracy at 10600 out of 20000 is 0.921(0.580),cost is 2.101(0.787)
 Training accuracy at 10700 out of 20000 is 0.924(0.580),cost is 2.081(0.789)
 Training accuracy at 10800 out of 20000 is 0.925(0.580),cost is 2.062(0.790)
 Training accuracy at 10900 out of 20000 is 0.927(0.590),cost is 2.037(0.792)
 Training accuracy at 11000 out of 20000 is 0.927(0.590),cost is 2.015(0.797)
 Training accuracy at 11100 out of 20000 is 0.927(0.590),cost is 1.991(0.798)
 Training accuracy at 11200 out of 20000 is 0.928(0.590),cost is 1.971(0.804)
 Training accuracy at 11300 out of 20000 is 0.929(0.590),cost is 1.947(0.803)
 Training accuracy at 11400 out of 20000 is 0.935(0.590),cost is 1.924(0.805)
 Training accuracy at 11500 out of 20000 is 0.939(0.590),cost is 1.901(0.808)
 Training accuracy at 11600 out of 20000 is 0.939(0.590),cost is 1.881(0.809)
 Training accuracy at 11700 out of 20000 is 0.942(0.590),cost is 1.862(0.811)
 Training accuracy at 11800 out of 20000 is 0.948(0.590),cost is 1.840(0.814)
 Training accuracy at 11900 out of 20000 is 0.948(0.590),cost is 1.820(0.815)
 Training accuracy at 12000 out of 20000 is 0.950(0.590),cost is 1.798(0.818)
 Training accuracy at 12100 out of 20000 is 0.952(0.580),cost is 1.778(0.820)
 Training accuracy at 12200 out of 20000 is 0.954(0.600),cost is 1.754(0.823)
 Training accuracy at 12300 out of 20000 is 0.955(0.580),cost is 1.734(0.827)
 Training accuracy at 12400 out of 20000 is 0.958(0.580),cost is 1.714(0.830)
 Training accuracy at 12500 out of 20000 is 0.958(0.600),cost is 1.694(0.830)
 Training accuracy at 12600 out of 20000 is 0.958(0.590),cost is 1.673(0.833)
 Training accuracy at 12700 out of 20000 is 0.960(0.590),cost is 1.651(0.839)
 Training accuracy at 12800 out of 20000 is 0.958(0.590),cost is 1.634(0.839)
 Training accuracy at 12900 out of 20000 is 0.961(0.590),cost is 1.613(0.840)
 Training accuracy at 13000 out of 20000 is 0.961(0.590),cost is 1.591(0.844)
 Training accuracy at 13100 out of 20000 is 0.961(0.590),cost is 1.573(0.849)
 Training accuracy at 13200 out of 20000 is 0.964(0.600),cost is 1.551(0.850)
 Training accuracy at 13300 out of 20000 is 0.964(0.600),cost is 1.534(0.851)
 Training accuracy at 13400 out of 20000 is 0.965(0.590),cost is 1.516(0.854)
 Training accuracy at 13500 out of 20000 is 0.965(0.600),cost is 1.496(0.859)
 Training accuracy at 13600 out of 20000 is 0.970(0.590),cost is 1.478(0.864)
 Training accuracy at 13700 out of 20000 is 0.968(0.590),cost is 1.459(0.866)
 Training accuracy at 13800 out of 20000 is 0.971(0.610),cost is 1.442(0.867)
 Training accuracy at 13900 out of 20000 is 0.973(0.620),cost is 1.423(0.868)
 Training accuracy at 14000 out of 20000 is 0.973(0.600),cost is 1.404(0.871)
 Training accuracy at 14100 out of 20000 is 0.974(0.600),cost is 1.386(0.876)
 Training accuracy at 14200 out of 20000 is 0.973(0.620),cost is 1.369(0.880)
 Training accuracy at 14300 out of 20000 is 0.974(0.620),cost is 1.352(0.879)
 Training accuracy at 14400 out of 20000 is 0.974(0.620),cost is 1.335(0.882)
 Training accuracy at 14500 out of 20000 is 0.976(0.620),cost is 1.315(0.887)
 Training accuracy at 14600 out of 20000 is 0.978(0.620),cost is 1.297(0.892)
 Training accuracy at 14700 out of 20000 is 0.978(0.620),cost is 1.277(0.892)
 Training accuracy at 14800 out of 20000 is 0.978(0.610),cost is 1.262(0.897)
 Training accuracy at 14900 out of 20000 is 0.980(0.620),cost is 1.248(0.904)
 Training accuracy at 15000 out of 20000 is 0.977(0.620),cost is 1.228(0.902)
 Training accuracy at 15100 out of 20000 is 0.983(0.620),cost is 1.212(0.907)
 Training accuracy at 15200 out of 20000 is 0.984(0.620),cost is 1.195(0.909)
 Training accuracy at 15300 out of 20000 is 0.980(0.620),cost is 1.178(0.916)
 Training accuracy at 15400 out of 20000 is 0.983(0.620),cost is 1.165(0.919)
 Training accuracy at 15500 out of 20000 is 0.983(0.620),cost is 1.150(0.919)
 Training accuracy at 15600 out of 20000 is 0.987(0.620),cost is 1.134(0.925)
 Training accuracy at 15700 out of 20000 is 0.984(0.620),cost is 1.119(0.928)
 Training accuracy at 15800 out of 20000 is 0.986(0.620),cost is 1.102(0.935)
 Training accuracy at 15900 out of 20000 is 0.987(0.620),cost is 1.086(0.936)
 Training accuracy at 16000 out of 20000 is 0.987(0.620),cost is 1.069(0.942)
 Training accuracy at 16100 out of 20000 is 0.987(0.620),cost is 1.056(0.944)
 Training accuracy at 16200 out of 20000 is 0.988(0.620),cost is 1.043(0.944)
 Training accuracy at 16300 out of 20000 is 0.987(0.620),cost is 1.029(0.949)
 Training accuracy at 16400 out of 20000 is 0.987(0.620),cost is 1.012(0.954)
 Training accuracy at 16500 out of 20000 is 0.988(0.620),cost is 1.000(0.960)
 Training accuracy at 16600 out of 20000 is 0.990(0.620),cost is 0.984(0.960)
 Training accuracy at 16700 out of 20000 is 0.991(0.620),cost is 0.970(0.964)
 Training accuracy at 16800 out of 20000 is 0.991(0.620),cost is 0.956(0.970)
 Training accuracy at 16900 out of 20000 is 0.993(0.620),cost is 0.941(0.975)
 Training accuracy at 17000 out of 20000 is 0.993(0.620),cost is 0.929(0.979)
 Training accuracy at 17100 out of 20000 is 0.993(0.620),cost is 0.919(0.982)
 Training accuracy at 17200 out of 20000 is 0.991(0.620),cost is 0.905(0.988)
 Training accuracy at 17300 out of 20000 is 0.993(0.620),cost is 0.891(0.989)
 Training accuracy at 17400 out of 20000 is 0.996(0.620),cost is 0.881(0.992)
 Training accuracy at 17500 out of 20000 is 0.996(0.620),cost is 0.866(0.997)
 Training accuracy at 17600 out of 20000 is 0.994(0.620),cost is 0.851(1.001)
 Training accuracy at 17700 out of 20000 is 0.994(0.620),cost is 0.839(1.003)
 Training accuracy at 17800 out of 20000 is 0.994(0.620),cost is 0.828(1.005)
 Training accuracy at 17900 out of 20000 is 0.997(0.620),cost is 0.816(1.012)
 Training accuracy at 18000 out of 20000 is 0.996(0.620),cost is 0.804(1.021)
 Training accuracy at 18100 out of 20000 is 0.999(0.620),cost is 0.791(1.022)
 Training accuracy at 18200 out of 20000 is 0.999(0.620),cost is 0.779(1.028)
 Training accuracy at 18300 out of 20000 is 0.999(0.620),cost is 0.768(1.032)
 Training accuracy at 18400 out of 20000 is 0.999(0.620),cost is 0.756(1.038)
 Training accuracy at 18500 out of 20000 is 0.999(0.620),cost is 0.748(1.042)
 Training accuracy at 18600 out of 20000 is 0.999(0.620),cost is 0.737(1.046)
 Training accuracy at 18700 out of 20000 is 0.999(0.620),cost is 0.725(1.050)
 Training accuracy at 18800 out of 20000 is 0.999(0.620),cost is 0.716(1.055)
 Training accuracy at 18900 out of 20000 is 0.999(0.610),cost is 0.708(1.060)
 Training accuracy at 19000 out of 20000 is 0.999(0.610),cost is 0.695(1.067)
 Training accuracy at 19100 out of 20000 is 0.999(0.620),cost is 0.685(1.067)
 Training accuracy at 19200 out of 20000 is 0.999(0.610),cost is 0.674(1.072)
 Training accuracy at 19300 out of 20000 is 0.999(0.610),cost is 0.665(1.077)
 Training accuracy at 19400 out of 20000 is 1.000(0.620),cost is 0.654(1.080)
 Training accuracy at 19500 out of 20000 is 1.000(0.620),cost is 0.645(1.082)
 Training accuracy at 19600 out of 20000 is 1.000(0.620),cost is 0.635(1.089)
 Training accuracy at 19700 out of 20000 is 0.999(0.610),cost is 0.625(1.094)
 Training accuracy at 19800 out of 20000 is 1.000(0.610),cost is 0.617(1.098)
 Training accuracy at 19900 out of 20000 is 1.000(0.610),cost is 0.606(1.105)
 Training accuracy at 20000 out of 20000 is 1.000(0.600),cost is 0.598(1.109)
time:2
[1 1 1 0 0 1 1 0 0 0 1 0 1 1 0 0 0 1 0 0 1 1 1 0 1 1 0 0 0 1 1 1 1 1 1 1 0
 0 1 1 1 1 0 0 1 1 0 0 0 0 0 1 1 1 1 0 1 1 0 1 0 1 1 0 0 1 1 1 0 0 0 0 0 1
 1 1 1 1 0 1 0 1 0 0 1 0 1 1 1 0 0 1 1 0 1 0 1 1 0 0]
time:3:0.6
51:1
56:1
60:1
0.563333
0.00108889
(201,)
(201,)
(201,)
