Train 694 samples in approximately 4322 epochs
Finished computation graph
[0 0 0 0 0 0 0 0 0 0 0 0 0 0 0 0 0 0 0 0 0 0 0 0 0 0 0 0 0 0 0 0 0 0 0 0 0
 0 0 0 0 0 0 0 0 0 0 0 0 0 0 0 0 0 0 0 0 0 0 0 0 0 0 0 0 0 0 0 0 0 0 0 0 0
 0 0 0 0 0 0 0 0 0 0 0 0 0 0 0 0 0 0 0 0 0 0 0 0 0 0]
At     1/30000: COST 0.710/1.309(0.694) -- Acc 0.510/0.510(0.011)
[1 1 1 1 1 1 1 1 1 1 1 1 1 1 1 1 1 1 1 1 1 1 1 1 1 1 1 1 1 1 1 1 1 1 1 1 1
 1 1 1 1 1 1 1 1 1 1 1 1 1 1 1 1 1 1 1 1 1 1 1 1 1 1 1 1 1 1 1 1 1 1 1 1 1
 1 1 1 1 1 1 1 1 1 1 1 1 1 1 1 1 1 1 1 1 1 1 1 1 1 1]
At   101/30000: COST 0.678/0.722(0.698) -- Acc 0.570/0.490(0.338)
[1 0 1 0 1 0 1 1 1 0 0 1 1 0 0 1 1 1 1 1 1 0 1 0 0 1 0 1 1 1 1 1 1 1 1 1 1
 1 1 1 0 0 1 1 1 1 0 0 1 1 0 1 1 1 1 1 1 0 0 1 1 1 1 0 1 1 1 0 1 1 1 1 1 1
 1 1 0 1 0 1 0 0 1 1 1 0 1 1 1 1 1 1 0 1 1 1 1 0 1 0]
At   201/30000: COST 0.680/0.713(0.692) -- Acc 0.590/0.470(0.468)
[0 1 0 1 1 1 1 1 1 1 1 1 1 1 1 0 1 1 1 1 0 0 0 1 1 1 0 0 1 1 1 1 0 1 1 1 1
 0 1 1 1 1 1 1 1 1 1 1 1 1 1 1 0 1 1 1 1 1 0 1 1 1 0 1 1 0 1 1 1 1 1 1 1 0
 1 0 1 0 1 1 1 0 1 0 0 1 1 1 1 1 0 1 1 1 1 1 1 1 1 1]
At   301/30000: COST 0.669/0.717(0.689) -- Acc 0.560/0.480(0.509)
[1 0 1 1 1 1 1 1 1 1 1 1 1 1 1 1 0 1 1 1 1 1 0 1 1 1 1 1 1 1 1 1 1 1 1 0 1
 1 1 1 1 0 1 1 0 1 1 1 1 1 1 1 1 1 1 1 1 1 1 1 1 1 1 1 1 1 1 0 1 1 1 1 1 1
 1 1 1 1 1 1 1 1 1 0 1 1 1 1 1 1 1 1 1 1 1 1 1 1 1 1]
At   401/30000: COST 0.675/0.720(0.688) -- Acc 0.550/0.510(0.530)
[1 1 1 1 0 1 0 1 1 0 0 1 0 1 1 0 1 1 0 1 1 1 1 0 1 1 0 1 0 1 1 1 1 0 1 1 1
 1 1 0 1 1 1 1 0 0 0 0 0 1 0 1 1 1 1 1 1 1 1 1 1 1 1 1 1 1 1 1 1 1 0 1 0 1
 0 1 1 0 0 0 0 1 1 1 1 0 0 0 1 0 1 1 0 1 0 1 0 0 1 1]
At   501/30000: COST 0.663/0.715(0.686) -- Acc 0.640/0.480(0.541)
[1 0 1 1 1 0 1 1 1 1 0 1 1 1 0 0 0 1 0 0 1 0 1 0 1 0 1 1 1 1 1 1 1 1 0 1 1
 1 1 0 1 0 1 1 1 1 1 0 1 0 1 1 1 1 0 1 0 1 1 0 1 1 0 1 1 1 1 1 1 1 1 1 1 0
 0 1 1 0 1 1 1 1 1 1 1 0 1 0 0 0 1 0 1 1 0 1 0 1 0 1]
At   601/30000: COST 0.675/0.704(0.686) -- Acc 0.610/0.480(0.540)
[1 1 1 1 1 1 1 1 0 1 1 0 1 1 1 0 1 1 1 1 1 1 1 1 1 1 1 1 0 1 1 1 1 1 1 1 1
 1 1 1 1 1 1 0 1 1 1 1 1 1 1 1 0 1 1 1 0 1 1 1 1 1 1 1 1 1 0 1 1 0 1 0 1 1
 0 1 1 1 1 1 1 0 1 1 1 1 1 1 1 1 0 1 1 1 1 1 1 1 0 1]
At   701/30000: COST 0.686/0.712(0.685) -- Acc 0.560/0.510(0.547)
[1 1 0 1 1 0 0 0 1 1 1 1 0 1 1 0 1 0 1 1 1 1 1 1 1 0 1 0 1 0 1 1 1 1 1 1 1
 0 0 0 1 1 1 1 1 1 0 0 1 1 1 1 0 1 0 1 0 1 1 1 1 1 1 1 1 0 1 0 1 1 1 1 0 1
 1 1 1 1 1 0 1 1 1 0 1 0 1 0 0 1 1 1 1 1 1 1 0 1 0 0]
At   801/30000: COST 0.687/0.710(0.684) -- Acc 0.570/0.500(0.554)
[1 1 1 1 1 1 1 1 1 1 1 1 1 1 1 1 1 1 1 1 1 1 1 0 1 1 1 1 1 1 1 1 1 1 1 1 0
 1 1 1 1 0 1 1 1 1 1 1 1 0 1 0 0 1 1 1 1 1 1 1 1 1 1 1 1 1 1 1 1 0 1 1 1 1
 0 1 1 1 1 1 1 1 1 1 1 1 1 1 1 1 1 1 1 1 1 0 1 1 0 1]
At   901/30000: COST 0.695/0.729(0.681) -- Acc 0.520/0.490(0.561)
[1 1 0 0 0 1 0 0 1 1 1 0 1 0 1 1 1 1 0 1 0 0 1 0 1 1 1 1 1 0 1 1 1 1 1 0 1
 0 1 1 1 0 1 1 1 1 1 1 1 1 1 1 0 0 0 0 1 1 1 0 1 1 1 1 1 1 1 1 0 1 1 0 0 0
 1 1 0 1 1 1 1 0 1 1 0 0 0 1 1 1 1 1 1 1 0 1 1 1 1 1]
At  1001/30000: COST 0.658/0.724(0.678) -- Acc 0.630/0.490(0.570)
[1 1 1 0 1 1 1 0 1 1 0 1 1 1 1 1 1 1 1 1 1 0 0 0 1 1 1 0 1 1 1 1 1 1 1 0 1
 1 0 1 1 1 0 1 1 1 1 1 1 1 0 0 0 0 1 0 1 0 1 1 1 1 1 1 1 1 0 0 1 1 0 0 0 1
 0 1 0 1 1 1 0 0 1 1 0 1 1 1 0 1 0 1 1 0 1 1 0 1 1 0]
At  1101/30000: COST 0.686/0.718(0.678) -- Acc 0.580/0.460(0.566)
[1 0 1 1 1 1 1 1 1 1 1 1 0 0 1 1 1 1 0 1 1 1 1 0 1 0 1 1 1 1 1 1 1 1 1 1 1
 1 1 1 1 1 1 1 1 1 0 1 1 1 1 1 0 0 1 1 0 0 1 1 0 1 1 1 1 1 1 1 0 1 1 1 1 1
 1 1 1 1 1 1 0 1 0 1 1 1 1 0 1 1 1 1 1 1 1 1 0 0 1 1]
At  1201/30000: COST 0.705/0.726(0.677) -- Acc 0.510/0.470(0.568)
[0 1 1 1 1 0 1 0 0 0 1 1 1 0 0 1 1 1 1 0 0 1 1 1 0 0 0 1 1 1 1 0 1 0 0 1 1
 1 1 0 0 0 1 1 1 1 0 0 1 1 1 1 1 1 1 0 1 1 1 0 1 0 1 1 0 0 0 1 1 0 0 1 1 1
 1 1 1 1 1 0 1 1 1 0 1 1 1 1 0 1 0 1 1 1 1 1 0 1 1 1]
At  1301/30000: COST 0.636/0.711(0.669) -- Acc 0.660/0.560(0.581)
[0 0 1 0 0 1 0 1 1 1 0 1 1 1 0 1 1 0 1 0 1 0 1 1 0 1 1 1 0 1 0 1 1 0 1 1 0
 1 1 1 1 1 0 1 0 0 0 0 1 1 1 1 1 1 0 1 0 0 1 0 0 1 1 1 1 0 1 1 1 1 1 1 0 0
 0 0 1 1 1 0 1 1 0 1 1 1 0 0 1 1 1 1 1 0 1 0 1 1 1 1]
At  1401/30000: COST 0.665/0.735(0.661) -- Acc 0.610/0.530(0.594)
[0 1 1 0 0 0 1 1 1 0 1 0 0 0 1 0 1 0 1 0 0 1 0 0 1 1 1 1 1 0 1 1 1 0 1 1 1
 1 0 0 0 0 1 0 0 1 1 1 0 0 1 0 0 1 1 1 1 0 0 1 1 0 0 1 1 1 1 1 0 1 0 1 0 1
 1 1 1 1 1 0 1 0 1 1 1 0 1 1 1 1 1 0 0 0 0 0 0 1 1 0]
At  1501/30000: COST 0.578/0.828(0.641) -- Acc 0.660/0.480(0.623)
[1 0 1 1 0 1 0 1 1 0 1 0 1 0 1 1 1 0 1 1 1 0 0 0 1 0 0 1 1 0 1 0 1 1 1 0 1
 1 0 1 1 1 1 0 0 0 0 1 1 1 1 0 0 0 0 1 0 1 1 1 1 1 0 0 1 0 1 0 1 0 0 1 0 1
 0 0 0 1 1 0 1 0 0 0 1 1 1 1 0 1 1 1 0 0 0 1 0 1 1 0]
At  1601/30000: COST 0.632/0.932(0.610) -- Acc 0.600/0.500(0.657)
[0 0 1 0 1 0 0 1 1 1 0 1 1 0 1 0 0 1 1 0 1 0 1 1 1 0 1 0 1 1 1 1 1 0 0 0 0
 1 0 0 0 1 0 1 0 0 0 1 0 0 1 1 0 0 1 0 0 1 1 1 0 0 1 1 1 0 0 0 1 0 1 1 0 1
 1 1 0 1 1 0 0 1 1 0 1 1 1 1 1 0 1 0 1 0 1 1 1 1 0 1]
At  1701/30000: COST 0.478/1.085(0.557) -- Acc 0.710/0.500(0.707)
[0 1 1 1 1 1 1 1 1 1 0 0 1 1 1 0 1 1 0 1 1 1 0 0 0 1 0 1 1 0 1 0 0 1 1 1 0
 0 1 1 1 0 0 1 1 0 1 1 1 0 1 0 0 0 1 0 1 1 1 0 0 0 1 1 1 0 1 0 1 0 1 0 0 1
 1 1 0 0 1 1 0 1 0 0 1 0 1 0 1 0 1 0 1 1 1 0 1 0 0 0]
At  1801/30000: COST 0.554/1.106(0.558) -- Acc 0.740/0.520(0.702)
[0 1 1 1 1 0 1 1 0 0 1 0 0 1 0 1 0 1 0 1 0 1 1 0 1 1 1 1 1 0 0 0 1 1 1 0 1
 1 1 1 1 0 0 0 0 0 1 0 1 0 1 1 0 0 1 1 0 1 0 1 0 0 1 1 1 1 1 0 1 0 1 0 0 0
 0 1 1 1 0 1 1 1 1 1 1 1 0 1 1 0 0 1 0 0 0 1 0 0 0 0]
At  1901/30000: COST 0.520/1.082(0.491) -- Acc 0.730/0.500(0.749)
[0 0 1 0 1 0 1 1 1 0 1 1 0 0 0 1 0 1 0 0 0 1 0 1 0 1 1 1 0 0 0 0 1 0 0 0 1
 1 1 1 1 1 1 0 1 0 1 1 1 1 1 0 0 0 0 0 1 1 0 1 1 1 1 0 1 0 0 1 1 1 1 1 0 0
 1 0 0 1 0 0 0 1 0 0 1 1 1 1 0 0 0 1 1 1 0 1 1 1 1 1]
At  2001/30000: COST 0.340/1.627(0.423) -- Acc 0.820/0.460(0.798)
[1 1 0 1 0 1 1 0 0 1 0 0 1 1 1 1 0 1 0 1 0 1 1 1 1 1 0 1 1 0 1 0 0 1 1 0 1
 1 1 1 0 1 1 1 0 1 0 1 1 1 0 1 1 0 1 1 1 1 0 1 0 1 0 0 0 0 1 0 0 1 1 1 1 0
 1 0 0 0 0 1 0 0 1 0 0 0 0 0 1 0 0 1 0 1 1 1 1 0 1 1]
At  2101/30000: COST 0.416/1.639(0.326) -- Acc 0.800/0.420(0.855)
[1 1 1 0 1 1 1 0 1 1 1 0 1 0 0 0 0 1 0 1 0 0 0 0 0 0 1 1 1 1 1 0 0 0 0 1 1
 1 1 0 1 0 0 1 1 0 1 1 1 0 0 0 0 0 1 1 0 1 1 0 1 1 1 1 1 0 1 0 1 1 0 0 1 1
 0 1 0 0 1 0 1 0 0 1 1 1 0 1 0 1 0 0 0 0 1 1 0 1 1 0]
At  2201/30000: COST 0.207/1.895(0.275) -- Acc 0.910/0.500(0.884)
[1 1 1 0 1 0 1 1 0 0 0 1 1 1 1 1 0 1 1 1 1 1 0 0 1 0 0 1 0 1 1 1 1 1 0 0 1
 1 0 1 1 0 1 1 1 0 1 0 1 1 0 1 0 0 1 0 1 1 1 1 0 0 1 1 1 0 1 0 0 1 1 1 1 0
 0 1 0 1 0 1 0 0 0 0 1 0 0 0 1 0 0 1 0 1 0 1 0 1 1 1]
At  2301/30000: COST 0.158/1.906(0.237) -- Acc 0.940/0.510(0.903)
[1 1 1 1 1 1 1 0 0 1 0 1 1 0 1 1 1 0 1 1 0 1 1 1 1 0 1 1 1 1 1 1 0 0 0 0 0
 0 0 1 1 1 1 1 1 1 0 1 1 0 1 1 0 0 1 0 0 1 0 0 1 0 1 0 1 0 1 1 1 0 1 0 0 1
 0 1 0 0 1 1 1 1 1 0 0 1 1 1 1 1 0 1 1 1 1 0 0 0 1 0]
At  2401/30000: COST 0.205/2.205(0.167) -- Acc 0.930/0.490(0.936)
[1 1 1 1 0 0 0 1 0 0 0 1 1 1 1 1 1 0 0 1 1 1 1 1 1 0 0 1 1 1 1 0 1 0 0 0 0
 1 1 1 0 0 1 1 0 1 1 0 0 1 1 1 1 1 0 0 1 1 1 0 0 0 1 0 0 1 0 0 0 1 1 1 1 0
 1 1 1 0 0 1 1 1 1 0 1 0 1 1 0 0 1 0 0 0 1 1 0 1 1 1]
At  2501/30000: COST 0.097/2.730(0.125) -- Acc 0.960/0.460(0.957)
[1 1 1 0 1 1 1 0 1 0 1 0 1 0 0 1 1 1 1 0 1 1 1 1 1 1 1 0 1 1 0 0 0 0 1 0 0
 0 1 0 1 1 1 1 0 1 1 0 0 0 0 0 0 0 1 0 1 1 0 0 0 0 1 0 0 1 1 1 1 1 0 0 1 0
 1 1 1 0 0 1 1 0 1 0 1 1 1 1 1 1 0 1 0 0 1 1 1 1 0 0]
At  2601/30000: COST 0.044/3.069(0.087) -- Acc 0.990/0.500(0.973)
[1 0 0 1 0 1 1 1 0 1 1 0 0 1 0 1 0 0 1 1 0 1 1 0 0 1 0 0 0 1 1 1 0 0 0 1 0
 1 0 1 0 1 1 0 1 1 0 0 1 1 1 0 1 0 0 1 1 1 1 1 1 0 0 0 0 0 1 0 1 1 1 1 1 1
 1 0 1 1 0 0 1 1 1 0 0 1 0 1 1 0 1 1 0 0 1 1 0 1 1 1]
At  2701/30000: COST 0.103/2.820(0.062) -- Acc 0.960/0.520(0.983)
[0 0 1 1 1 1 0 1 0 1 1 1 1 1 1 0 1 0 0 1 0 0 0 0 1 1 1 1 1 0 0 1 0 0 1 1 0
 1 0 1 1 0 1 1 1 1 1 1 0 1 0 0 1 0 1 0 0 0 0 1 1 0 1 0 0 0 1 0 1 1 1 0 0 1
 1 1 0 0 1 0 0 0 0 0 1 1 0 0 1 1 1 0 1 1 0 1 0 0 1 1]
At  2801/30000: COST 0.024/3.029(0.063) -- Acc 1.000/0.490(0.982)
[0 0 1 0 0 0 0 0 1 0 1 0 1 1 0 1 1 1 1 0 1 0 1 0 0 0 0 0 1 1 1 1 1 0 1 1 0
 0 1 0 0 1 1 0 1 1 1 1 1 1 0 0 1 0 0 0 0 0 1 0 1 0 0 0 1 0 0 0 0 0 1 1 0 1
 0 1 0 0 1 0 1 1 0 0 1 1 0 1 0 1 1 1 1 1 1 1 1 1 1 1]
At  2901/30000: COST 0.048/3.350(0.035) -- Acc 0.970/0.530(0.991)
[1 1 0 1 1 0 1 1 0 1 0 1 1 0 1 0 1 0 1 1 1 0 1 1 1 0 0 1 0 1 0 1 1 0 0 0 1
 1 1 1 1 1 0 0 0 1 0 0 1 1 0 0 1 0 0 0 1 1 1 0 1 0 0 1 0 1 1 0 0 1 0 0 1 1
 1 1 0 1 1 1 1 0 0 0 1 0 0 0 1 0 1 1 0 0 1 0 1 0 1 1]
At  3001/30000: COST 0.033/2.649(0.061) -- Acc 0.990/0.580(0.982)
[1 0 0 1 0 1 0 1 0 1 0 1 0 1 1 1 0 0 0 1 1 0 1 1 1 0 0 0 1 1 1 1 0 1 1 1 0
 1 0 0 1 0 0 1 1 0 1 1 1 1 1 1 0 0 0 1 0 1 1 0 0 1 1 0 1 1 1 1 0 1 0 1 0 0
 1 1 0 0 0 0 0 0 1 1 1 1 1 1 0 0 1 0 1 1 1 1 1 0 1 0]
At  3101/30000: COST 0.165/3.021(0.054) -- Acc 0.920/0.460(0.984)
[1 1 0 0 1 0 1 1 1 1 1 0 0 0 1 0 1 1 1 0 0 1 1 0 0 0 1 0 1 1 0 0 1 1 0 1 1
 1 0 1 0 0 1 1 0 0 0 0 1 1 1 1 0 1 1 1 1 0 1 1 1 1 1 0 0 1 1 1 1 0 1 0 0 0
 0 0 1 0 0 1 0 0 1 0 1 1 1 0 0 0 1 0 0 1 0 1 1 0 1 1]
At  3201/30000: COST 0.008/3.348(0.051) -- Acc 1.000/0.500(0.985)
[1 0 1 0 0 1 1 0 1 1 1 0 0 1 1 0 0 0 1 1 0 0 1 0 1 1 0 1 1 1 1 0 0 1 1 1 1
 1 0 1 0 0 0 1 1 1 0 0 1 1 1 1 1 0 1 0 0 0 1 1 0 1 1 1 1 0 0 1 1 1 1 0 0 1
 0 1 1 1 1 0 0 0 1 1 1 0 0 1 1 1 0 0 1 1 1 0 0 1 0 1]
At  3301/30000: COST 0.016/3.955(0.041) -- Acc 0.990/0.480(0.988)
[0 1 1 0 1 0 0 1 0 1 0 0 0 0 0 0 1 0 0 1 1 1 0 0 1 0 1 0 1 0 0 0 1 0 1 1 0
 1 0 1 1 0 1 1 1 0 1 0 1 0 0 1 1 1 1 1 0 1 1 0 1 1 1 1 0 0 1 1 1 1 1 0 0 1
 0 1 1 1 0 0 1 0 1 1 0 0 1 1 0 0 0 1 1 0 0 1 1 1 0 0]
At  3401/30000: COST 0.003/4.177(0.017) -- Acc 1.000/0.500(0.995)
[0 1 1 1 1 0 0 0 1 0 0 1 0 0 1 1 1 1 0 0 0 0 1 1 0 1 1 1 0 0 1 1 1 0 1 1 1
 0 1 1 1 1 0 0 1 1 1 0 1 1 1 1 0 1 1 0 1 0 1 1 0 0 1 0 0 0 1 0 1 1 0 0 1 0
 1 1 1 0 0 0 1 1 1 1 0 1 1 0 0 1 1 0 1 0 0 0 0 1 0 1]
At  3501/30000: COST 0.003/4.580(0.008) -- Acc 1.000/0.470(0.998)
[1 1 1 1 0 0 0 0 1 0 0 1 1 1 0 1 1 0 0 1 1 1 0 1 0 1 0 0 1 1 1 1 1 1 1 0 0
 1 1 0 0 1 0 1 1 1 1 1 1 1 0 1 0 0 1 0 0 1 1 0 0 0 1 1 0 0 1 0 0 1 0 0 1 1
 1 1 0 0 0 0 1 1 0 1 0 1 1 1 0 0 0 0 1 1 0 0 1 0 0 1]
At  3601/30000: COST 0.000/4.807(0.003) -- Acc 1.000/0.490(0.999)
[0 0 0 1 1 0 1 1 1 0 1 1 0 1 1 0 1 0 1 1 0 1 0 1 1 1 0 1 0 1 1 1 1 1 1 1 1
 0 1 1 1 1 0 1 0 0 0 0 1 1 1 1 1 0 0 1 1 1 0 1 1 0 1 1 1 1 0 1 1 1 1 0 1 1
 1 0 0 0 0 1 0 1 1 0 0 0 0 0 0 1 0 0 1 1 1 0 1 1 0 0]
At  3701/30000: COST 0.181/3.470(0.025) -- Acc 0.960/0.390(0.993)
[0 1 0 0 0 1 1 0 0 1 1 1 1 1 1 0 1 0 1 1 0 0 0 1 0 0 1 1 1 1 1 0 0 0 0 1 1
 1 0 1 1 0 1 1 1 0 0 1 0 1 0 1 0 1 1 1 0 0 0 0 0 0 1 1 1 1 0 0 0 1 0 0 0 0
 0 0 1 1 0 1 1 0 1 0 0 1 1 1 0 1 0 1 0 0 0 0 0 1 1 0]
At  3801/30000: COST 0.009/4.031(0.040) -- Acc 1.000/0.440(0.989)
[1 0 0 1 0 1 1 0 0 0 0 0 1 0 0 1 0 1 0 0 0 1 0 1 1 1 0 0 0 1 0 0 0 1 0 1 1
 1 0 0 1 1 1 0 1 0 1 1 1 0 1 1 1 0 1 1 0 0 1 1 1 1 0 0 1 1 1 1 1 0 1 1 0 0
 0 1 0 1 1 0 1 0 1 0 1 1 0 1 1 1 1 1 0 1 1 1 1 1 1 1]
At  3901/30000: COST 0.002/4.804(0.018) -- Acc 1.000/0.430(0.995)
[0 0 0 1 0 0 1 0 0 0 1 0 1 1 0 0 0 0 1 1 1 1 1 0 0 0 1 0 0 0 0 1 1 0 1 0 0
 1 1 1 1 0 1 1 1 1 0 1 0 1 1 1 1 1 0 0 1 1 0 0 1 0 1 1 1 1 0 0 0 1 1 1 1 0
 0 0 1 1 1 0 0 1 1 0 0 1 1 0 0 0 1 1 1 1 1 1 1 1 1 0]
At  4001/30000: COST 0.001/5.295(0.008) -- Acc 1.000/0.400(0.998)
[0 1 0 1 1 0 1 1 0 0 0 1 0 1 1 0 0 0 0 1 0 1 1 1 1 1 1 1 1 1 1 0 0 1 1 1 0
 1 1 1 0 0 0 1 1 1 1 0 1 0 0 1 1 0 0 0 1 1 0 0 0 1 1 1 0 1 0 0 1 0 1 0 1 1
 0 1 0 1 1 0 1 0 1 1 0 1 0 0 0 0 0 0 0 1 1 0 1 1 1 1]
At  4101/30000: COST 0.000/5.470(0.004) -- Acc 1.000/0.420(0.999)
[1 1 0 0 0 1 1 1 0 0 1 1 0 1 1 1 1 0 1 0 1 1 0 0 0 1 1 0 1 0 0 1 1 1 0 0 0
 0 1 0 1 0 1 1 0 1 1 1 1 1 0 0 1 1 1 1 1 0 1 0 0 1 0 0 0 0 1 1 0 0 1 1 1 0
 1 0 0 1 1 1 0 1 0 1 1 1 0 1 0 0 0 1 1 1 1 1 0 1 1 1]
At  4201/30000: COST 0.000/5.584(0.002) -- Acc 1.000/0.450(1.000)
[1 1 1 0 1 0 1 1 0 1 1 1 1 0 0 1 1 0 1 0 0 1 1 1 0 0 1 0 0 0 1 1 0 1 0 1 0
 1 0 0 1 1 1 1 0 0 1 0 1 0 0 1 0 1 0 1 0 0 0 0 0 1 0 0 1 1 1 1 0 1 0 1 0 0
 1 1 1 1 1 0 1 0 1 1 1 0 0 1 0 0 1 1 0 1 1 1 1 1 1 1]
At  4301/30000: COST 0.001/5.214(0.002) -- Acc 1.000/0.460(1.000)
[0 1 1 1 0 1 0 0 1 0 0 1 1 0 0 1 1 1 1 1 1 1 1 0 1 0 1 1 0 1 0 1 0 0 1 1 1
 0 0 1 1 0 0 0 0 0 1 1 1 0 0 1 1 0 0 0 1 1 1 1 0 1 0 0 1 0 0 0 0 1 1 0 0 0
 0 0 1 1 0 1 1 0 0 0 1 1 0 1 0 1 1 1 0 1 0 1 1 1 1 0]
At  4401/30000: COST 0.016/3.689(0.059) -- Acc 1.000/0.460(0.982)
[0 0 0 1 1 0 1 0 1 0 1 1 0 1 0 1 0 1 1 0 0 0 0 1 0 1 0 1 1 0 0 1 0 0 1 0 1
 1 1 1 1 1 1 0 1 1 1 1 0 1 0 0 1 1 1 1 0 1 0 1 1 1 1 0 1 1 0 1 0 0 1 1 0 1
 1 1 0 1 0 0 1 0 0 0 0 0 1 1 1 0 1 0 1 0 0 1 1 1 1 1]
At  4501/30000: COST 0.003/4.014(0.031) -- Acc 1.000/0.480(0.992)
[1 1 1 1 0 1 1 0 0 0 1 1 0 1 1 1 1 1 0 0 1 1 0 1 1 0 1 1 1 0 1 1 1 1 0 0 1
 1 1 0 1 0 1 1 0 1 1 0 1 1 1 1 1 1 1 1 0 0 1 0 0 0 0 1 1 1 0 1 1 1 0 0 0 0
 0 1 1 0 0 1 0 0 1 0 1 0 1 1 0 0 0 0 0 0 0 1 1 1 1 1]
At  4601/30000: COST 0.001/4.555(0.013) -- Acc 1.000/0.480(0.997)
[0 0 0 1 0 1 1 1 1 0 0 0 1 0 0 0 1 1 0 1 0 1 1 0 1 1 0 0 1 1 1 0 1 1 1 1 0
 0 0 0 1 1 1 1 1 0 0 1 0 1 1 1 1 1 0 0 1 1 1 0 0 1 1 0 1 0 1 1 0 0 0 1 0 1
 1 1 0 1 0 0 0 0 1 1 0 1 1 1 1 1 0 1 1 0 1 0 0 1 1 1]
At  4701/30000: COST 0.000/4.905(0.005) -- Acc 1.000/0.500(0.999)
[1 0 0 1 1 0 0 1 1 0 0 1 1 1 1 1 1 1 0 1 0 1 1 1 0 1 1 1 1 1 0 0 0 1 0 1 0
 0 0 0 1 0 1 1 1 1 0 0 1 1 1 1 0 1 0 0 0 1 0 1 1 1 0 0 0 0 0 0 0 0 1 1 0 1
 1 1 1 0 0 0 1 1 1 0 0 1 0 0 0 0 0 1 0 1 1 1 1 1 0 1]
At  4801/30000: COST 0.001/5.104(0.003) -- Acc 1.000/0.510(1.000)
[1 1 0 1 0 0 1 0 1 1 1 1 0 1 0 0 0 0 1 1 0 0 1 0 1 1 1 0 0 1 1 1 0 0 1 1 1
 1 0 0 1 1 0 0 0 0 0 0 1 0 1 0 1 1 0 1 1 0 1 1 1 1 1 1 0 1 1 1 0 1 0 0 1 1
 0 1 1 1 1 0 0 1 1 0 0 1 0 1 0 1 0 0 0 1 1 0 1 1 0 0]
At  4901/30000: COST 0.001/4.279(0.003) -- Acc 1.000/0.560(1.000)
[1 0 0 1 0 0 1 1 1 1 0 0 1 1 1 1 1 1 1 1 1 0 0 1 0 0 0 1 0 0 1 1 1 1 0 0 0
 1 0 1 1 1 0 1 1 0 1 0 1 0 1 1 1 0 1 0 1 1 1 1 1 1 0 1 1 1 0 1 1 0 1 1 1 1
 1 0 1 1 0 0 0 0 0 0 0 0 0 0 0 1 1 0 0 0 1 0 0 0 1 0]
At  5001/30000: COST 0.004/3.732(0.029) -- Acc 1.000/0.480(0.992)
[1 0 0 1 1 1 1 1 0 0 0 1 1 0 1 0 1 0 0 0 0 0 0 1 1 0 1 0 1 1 1 1 1 1 0 0 1
 0 0 1 0 1 0 1 0 1 1 1 1 0 0 0 1 0 0 1 0 0 1 1 0 1 1 1 1 0 1 1 1 1 0 0 0 0
 1 1 1 1 1 1 0 0 0 0 1 0 1 1 1 1 1 0 1 0 0 1 1 0 1 1]
At  5101/30000: COST 0.002/4.177(0.012) -- Acc 1.000/0.490(0.997)
[0 0 0 0 1 1 1 1 1 1 0 0 1 1 0 1 1 0 0 1 1 1 1 1 0 1 1 0 1 1 1 1 1 1 0 1 1
 1 1 0 1 1 1 0 1 1 1 1 1 0 0 1 0 0 0 0 1 0 0 0 1 0 0 0 0 0 0 1 0 0 0 0 1 0
 0 1 1 0 1 0 0 0 1 1 0 0 0 0 0 1 1 1 0 0 1 1 1 1 1 1]
At  5201/30000: COST 0.005/3.949(0.007) -- Acc 1.000/0.470(0.998)
[1 1 0 1 1 1 1 1 0 0 0 0 0 0 0 0 0 1 0 0 0 1 1 1 0 0 0 1 0 0 0 1 1 0 1 1 0
 1 1 0 0 0 0 1 1 1 1 0 1 1 1 1 0 1 0 0 0 1 1 1 0 0 1 1 0 1 0 0 0 0 0 1 1 1
 0 1 1 0 0 0 0 0 0 0 0 1 1 0 1 1 1 1 1 0 0 1 1 0 0 0]
At  5301/30000: COST 0.017/3.693(0.037) -- Acc 0.990/0.480(0.989)
[1 0 1 0 0 1 1 1 0 0 1 1 1 1 0 0 1 1 1 0 0 0 0 1 1 0 1 1 1 1 1 1 1 0 1 0 1
 0 1 0 0 1 1 0 1 1 1 0 0 1 0 1 0 0 1 0 1 0 1 1 1 0 0 0 1 1 1 0 0 1 1 1 0 0
 0 1 0 1 1 0 1 0 1 1 1 1 0 1 1 1 0 1 1 1 0 1 1 1 0 1]
At  5401/30000: COST 0.025/3.232(0.044) -- Acc 0.990/0.470(0.988)
[0 1 0 1 1 1 0 0 1 0 1 1 1 1 1 1 0 0 1 0 1 1 1 0 0 0 1 1 0 0 0 1 1 0 0 1 0
 1 1 1 1 1 1 0 0 0 1 1 1 1 0 1 0 0 0 1 1 0 1 0 1 1 1 1 1 0 0 1 1 1 0 1 1 1
 1 1 0 0 1 1 1 1 1 0 0 1 1 1 0 0 1 1 1 1 0 1 0 0 0 1]
At  5501/30000: COST 0.003/4.211(0.027) -- Acc 1.000/0.440(0.993)
[0 0 1 0 1 0 0 1 1 1 0 1 1 1 0 1 1 0 1 1 1 1 0 1 1 1 1 0 1 0 0 1 1 1 1 1 0
 1 1 1 0 1 1 1 0 1 1 0 1 0 1 0 1 0 1 1 1 1 1 1 0 0 0 0 1 0 0 1 1 1 1 0 1 1
 0 0 1 0 1 0 1 1 1 0 0 1 1 1 1 0 0 0 1 1 0 0 1 1 1 0]
At  5601/30000: COST 0.001/4.719(0.011) -- Acc 1.000/0.410(0.997)
[1 1 1 0 0 1 0 1 0 1 1 1 1 1 0 0 1 0 1 1 0 1 1 1 1 1 0 1 1 1 0 1 1 0 1 1 1
 1 0 0 0 1 0 0 0 0 1 1 0 1 0 1 1 0 0 1 1 0 1 0 0 0 1 1 0 1 0 0 0 1 0 0 1 0
 1 0 1 0 1 0 1 1 0 1 0 0 1 0 1 1 0 0 0 1 1 0 1 1 0 1]
At  5701/30000: COST 0.000/4.870(0.005) -- Acc 1.000/0.460(0.999)
[0 1 0 1 1 1 0 1 0 1 1 0 0 0 1 0 1 0 1 0 0 1 0 1 0 1 0 1 0 1 1 1 1 0 1 1 0
 0 1 1 1 0 1 0 1 1 1 0 0 1 0 1 1 1 1 1 1 1 1 0 0 1 1 0 1 1 1 0 0 0 1 1 1 1
 1 1 1 0 1 0 1 1 1 1 1 1 0 1 1 0 1 1 0 0 0 1 1 0 0 0]
At  5801/30000: COST 0.000/5.104(0.002) -- Acc 1.000/0.440(1.000)
[0 0 1 0 1 0 0 1 1 1 1 0 1 0 0 0 1 1 1 0 0 1 0 0 1 1 1 1 1 0 1 1 0 1 1 1 0
 1 0 1 0 0 0 0 1 0 0 0 1 1 1 1 1 0 1 0 0 0 1 0 1 0 0 1 0 1 1 1 0 0 0 1 1 0
 0 1 0 0 1 1 1 1 0 1 0 1 1 1 0 0 1 1 1 1 1 1 1 1 1 0]
At  5901/30000: COST 0.075/3.093(0.050) -- Acc 0.980/0.490(0.985)
[1 1 1 0 0 1 1 0 1 1 0 0 1 0 1 1 0 1 1 0 1 0 1 1 0 1 0 1 0 1 1 0 1 1 1 0 0
 0 0 0 1 0 0 1 1 0 0 0 0 1 1 0 0 0 0 0 1 0 1 1 1 1 1 0 0 0 1 0 1 1 1 0 0 1
 0 1 0 1 0 0 1 1 1 1 1 0 1 0 1 0 1 1 1 0 0 0 1 1 0 0]
At  6001/30000: COST 0.003/3.917(0.028) -- Acc 1.000/0.490(0.992)
[1 1 1 1 0 0 0 1 0 1 0 1 1 0 0 0 0 0 0 1 1 0 0 1 1 0 1 1 1 1 1 1 0 1 0 1 0
 0 1 0 1 1 1 1 0 0 1 0 1 0 1 1 1 1 0 1 1 1 1 1 0 0 1 0 1 0 0 1 0 1 0 1 0 0
 1 1 0 1 1 1 1 0 1 1 1 1 0 0 0 1 1 1 1 0 1 1 1 0 0 0]
At  6101/30000: COST 0.001/4.634(0.012) -- Acc 1.000/0.490(0.997)
[0 1 0 0 0 1 0 0 1 0 1 0 0 1 0 0 0 0 0 1 1 0 0 0 1 1 0 1 1 1 0 1 1 1 0 0 1
 1 1 1 0 0 0 1 1 0 1 1 1 1 1 1 0 1 1 1 1 1 1 0 1 1 1 1 0 0 1 0 1 0 0 1 0 0
 1 1 0 1 1 1 1 1 0 1 1 1 1 1 1 0 0 0 1 1 1 1 1 0 0 1]
At  6201/30000: COST 0.001/4.881(0.005) -- Acc 1.000/0.500(0.999)
[0 1 1 0 0 0 1 0 1 1 0 0 1 0 1 0 1 1 1 0 1 0 0 0 1 1 1 0 0 0 0 0 1 1 1 0 1
 1 1 1 1 1 0 0 1 1 0 1 0 1 0 1 1 1 1 0 0 1 1 1 1 1 0 0 1 1 1 0 0 0 1 0 0 1
 1 1 0 0 0 1 1 1 1 1 1 1 1 0 1 0 1 1 0 0 0 0 1 0 1 0]
At  6301/30000: COST 0.001/4.916(0.002) -- Acc 1.000/0.530(1.000)
[0 1 0 1 1 0 1 1 1 1 0 1 0 1 1 0 0 0 1 0 1 0 0 1 1 1 0 1 0 1 0 1 0 0 1 0 1
 1 1 0 1 1 1 1 0 0 1 1 1 1 0 0 1 0 0 0 0 1 0 0 0 1 1 1 1 1 1 1 1 0 1 1 0 1
 0 1 0 0 1 1 1 0 0 0 1 1 0 0 1 0 1 0 0 1 1 0 1 0 1 1]
At  6401/30000: COST 0.008/4.326(0.005) -- Acc 1.000/0.450(0.999)
[1 0 1 1 1 0 1 1 1 1 0 0 0 0 1 1 1 0 1 1 0 0 1 0 1 1 0 1 0 1 0 0 1 0 1 1 0
 0 1 0 0 1 0 1 1 1 1 1 1 0 1 0 0 0 1 1 0 1 0 0 0 1 0 1 0 1 1 0 0 0 1 0 0 1
 1 1 1 1 1 1 1 1 0 0 1 0 0 1 0 1 1 0 1 1 1 1 0 1 0 0]
At  6501/30000: COST 0.053/3.175(0.039) -- Acc 0.980/0.510(0.990)
[1 0 0 1 0 0 0 0 0 1 0 0 1 0 1 0 0 1 0 1 0 1 0 1 1 1 0 1 0 1 1 1 1 1 0 1 1
 1 0 0 0 1 0 0 1 1 1 1 1 1 1 1 1 0 0 0 0 0 1 0 0 1 1 0 0 1 1 1 0 1 1 1 1 0
 1 0 0 0 0 0 1 1 1 1 1 0 0 1 1 1 1 0 1 1 0 1 1 0 0 1]
At  6601/30000: COST 0.001/3.851(0.026) -- Acc 1.000/0.520(0.994)
[1 0 1 1 1 0 0 0 1 1 0 0 1 0 1 1 0 0 1 1 1 1 0 0 1 1 1 1 1 1 0 1 0 1 1 1 0
 0 1 1 1 1 1 1 0 1 0 1 0 0 0 0 0 1 1 1 0 0 0 0 0 1 0 0 0 0 0 1 1 0 1 0 1 0
 1 1 0 0 0 0 1 0 1 0 1 1 1 0 1 0 1 1 1 1 0 0 0 1 1 1]
At  6701/30000: COST 0.001/4.198(0.010) -- Acc 1.000/0.530(0.998)
[1 0 1 0 0 0 1 1 1 0 1 1 1 1 1 0 0 1 0 1 1 1 0 0 0 1 1 0 0 1 1 1 0 0 1 0 1
 1 1 0 0 1 1 0 1 0 0 1 1 1 0 0 0 1 0 1 0 0 1 1 0 1 0 1 0 0 0 0 1 0 1 1 0 0
 0 1 1 1 0 0 1 1 1 1 1 1 0 0 1 1 1 0 1 1 1 1 1 1 1 1]
At  6801/30000: COST 0.000/4.497(0.004) -- Acc 1.000/0.490(0.999)
[1 0 1 0 0 0 1 1 1 1 0 0 1 0 0 1 1 0 0 1 0 0 1 0 0 0 1 1 1 1 1 1 1 1 1 1 1
 1 1 1 0 1 1 1 1 1 0 0 1 1 1 1 0 1 1 1 1 1 1 0 0 1 0 0 0 1 1 1 0 1 1 1 0 0
 0 0 0 1 1 0 0 0 1 0 1 0 0 0 1 0 1 1 1 0 0 0 1 1 1 1]
At  6901/30000: COST 0.151/2.527(0.042) -- Acc 0.940/0.460(0.988)
[1 0 0 1 1 1 0 1 1 1 1 1 0 1 1 0 1 1 0 0 0 1 0 1 1 0 1 1 1 1 0 1 0 0 1 1 0
 1 1 0 1 1 0 0 0 1 1 1 1 1 1 0 1 1 0 1 0 0 1 1 1 0 1 1 0 0 1 0 1 0 1 1 0 1
 0 1 0 0 0 1 0 1 0 1 1 0 1 1 1 1 1 1 0 0 1 1 0 0 1 0]
At  7001/30000: COST 0.065/3.992(0.042) -- Acc 0.980/0.450(0.989)
[1 1 1 1 0 0 0 0 0 0 0 1 1 1 1 1 1 1 1 0 1 0 1 0 1 1 1 0 1 1 1 1 1 1 1 1 1
 1 0 1 1 0 0 0 1 1 1 1 1 1 0 0 1 0 1 1 0 1 0 1 0 0 0 0 0 1 1 0 0 0 1 1 0 1
 1 0 1 1 1 0 0 0 0 1 1 1 0 1 0 1 1 0 1 1 1 0 0 0 1 0]
At  7101/30000: COST 0.023/3.281(0.030) -- Acc 1.000/0.520(0.992)
[0 1 0 0 0 1 1 1 1 0 0 0 0 1 1 1 0 1 0 0 1 0 0 0 0 0 0 1 0 0 1 1 0 1 1 0 1
 1 1 0 1 0 1 1 0 0 1 0 1 1 1 1 1 1 1 1 1 1 0 1 0 1 1 1 0 0 0 1 0 0 0 1 1 1
 1 1 0 0 0 1 0 1 0 1 0 1 1 0 1 1 0 1 0 0 0 1 0 1 0 0]
At  7201/30000: COST 0.004/4.041(0.034) -- Acc 1.000/0.490(0.991)
[1 0 1 1 1 1 0 1 1 0 1 0 1 1 0 0 0 0 1 0 1 1 1 1 1 1 0 0 1 0 0 0 0 0 0 1 1
 0 0 1 1 0 0 0 0 1 0 1 0 0 1 1 1 1 1 0 0 0 1 0 1 1 1 1 1 1 1 1 1 1 0 1 0 0
 1 0 1 0 0 0 1 1 0 1 0 0 1 1 0 1 0 1 0 0 0 0 0 0 1 1]
At  7301/30000: COST 0.001/4.689(0.014) -- Acc 1.000/0.470(0.996)
[1 1 1 1 0 0 0 0 0 0 1 0 0 0 1 1 1 1 0 0 1 0 1 1 1 0 1 1 0 1 1 0 1 0 0 0 1
 0 0 1 1 1 1 0 1 0 1 0 1 0 0 1 0 1 0 1 1 1 0 1 0 1 0 1 1 0 1 1 0 0 1 1 1 0
 0 1 0 0 0 0 0 1 0 1 1 0 1 0 0 0 0 1 1 1 1 1 1 1 1 0]
At  7401/30000: COST 0.000/4.908(0.006) -- Acc 1.000/0.440(0.999)
[1 0 1 0 1 1 1 1 0 0 0 1 0 1 1 0 0 1 0 0 0 1 0 1 1 0 1 1 0 0 0 1 1 0 1 0 1
 1 0 1 1 1 0 1 1 1 1 0 1 1 1 0 1 0 0 0 1 0 0 0 1 1 0 1 1 1 1 1 1 1 1 1 1 0
 0 1 1 0 1 1 0 0 0 1 1 0 0 0 1 0 1 0 1 1 1 1 0 1 0 0]
At  7501/30000: COST 0.000/5.198(0.002) -- Acc 1.000/0.440(1.000)
[1 0 1 1 0 0 0 1 0 0 1 0 0 1 1 0 0 1 0 0 1 1 0 0 1 0 0 1 0 1 0 1 1 1 1 0 1
 1 0 1 1 0 1 0 0 0 0 0 1 1 1 1 1 0 0 1 1 1 1 0 1 0 0 1 1 1 1 1 1 1 1 1 0 1
 0 1 0 0 1 0 1 1 0 1 1 1 1 0 1 0 1 0 1 1 1 0 1 1 1 1]
At  7601/30000: COST 0.000/5.477(0.001) -- Acc 1.000/0.460(1.000)
[0 1 0 0 0 0 1 1 0 1 0 1 1 1 0 0 1 0 1 1 0 0 1 0 0 0 1 0 0 1 0 1 1 1 1 0 1
 1 1 1 0 1 1 0 1 1 0 1 1 1 1 1 0 1 0 1 0 1 1 0 0 0 0 1 0 0 0 1 1 1 1 1 1 1
 1 1 1 0 0 1 0 1 0 0 1 0 1 1 1 1 1 0 0 0 1 0 1 1 0 1]
At  7701/30000: COST 0.000/4.611(0.001) -- Acc 1.000/0.500(1.000)
[0 0 1 1 0 1 1 0 0 1 1 1 1 1 0 1 1 1 1 1 1 0 1 0 1 1 0 0 1 0 1 1 0 0 1 1 1
 1 1 1 0 1 0 0 0 0 1 1 0 0 0 0 0 1 0 1 0 1 1 1 0 0 0 0 0 1 0 0 0 1 1 1 0 0
 0 1 1 1 0 1 0 0 1 1 1 0 1 1 0 1 0 1 1 1 1 1 0 0 1 1]
At  7801/30000: COST 0.000/5.052(0.001) -- Acc 1.000/0.470(1.000)
[0 0 0 1 1 0 0 1 0 1 1 1 0 1 1 0 1 0 0 0 1 1 0 0 0 1 1 0 1 0 1 0 1 0 1 0 1
 0 1 0 1 0 1 0 0 0 1 1 0 1 1 1 0 1 0 1 1 0 1 0 0 1 1 0 0 1 1 1 1 0 1 1 1 1
 1 1 1 1 1 1 1 0 1 0 0 1 0 0 1 0 1 1 1 0 1 1 0 1 0 0]
At  7901/30000: COST 0.001/5.212(0.000) -- Acc 1.000/0.470(1.000)
[1 1 0 0 0 0 0 1 1 0 1 1 0 1 1 1 0 1 0 1 1 1 0 1 0 1 0 1 1 1 1 0 0 1 0 0 1
 1 1 0 0 0 1 1 0 0 1 1 1 0 1 0 1 1 0 1 0 0 0 0 1 1 0 0 0 1 1 0 1 1 0 0 0 1
 0 1 1 1 1 1 1 1 0 0 1 0 1 1 1 1 1 1 1 0 1 1 0 0 1 1]
At  8001/30000: COST 0.002/5.389(0.000) -- Acc 1.000/0.470(1.000)
[0 1 0 0 1 1 1 1 0 0 0 0 1 0 1 0 0 1 1 1 0 0 1 1 1 0 1 1 1 0 1 1 1 1 1 1 0
 0 0 1 1 1 1 1 1 1 0 0 1 0 1 0 1 1 1 1 0 1 1 0 0 1 1 1 0 0 1 1 0 1 1 1 0 0
 1 0 0 0 0 0 0 0 0 0 1 0 1 1 1 1 1 1 0 0 1 0 1 0 0 0]
At  8101/30000: COST 0.008/3.768(0.031) -- Acc 1.000/0.480(0.991)
[1 0 0 1 1 0 1 1 1 1 1 0 0 1 1 0 0 1 0 1 1 1 1 1 0 0 0 1 1 0 1 0 1 0 1 1 1
 1 0 1 0 0 1 0 1 1 1 0 0 1 0 1 0 0 1 0 0 1 1 1 1 0 0 1 0 1 0 0 0 1 0 1 0 0
 0 1 0 0 0 1 0 1 1 0 1 1 1 1 1 1 1 0 0 0 0 1 1 0 0 0]
At  8201/30000: COST 0.001/4.480(0.014) -- Acc 1.000/0.480(0.996)
[1 1 1 0 0 0 1 0 1 1 1 0 0 1 1 1 1 1 0 0 1 1 0 1 0 1 0 0 1 1 1 0 1 1 1 1 0
 0 1 1 1 0 0 0 0 0 0 0 1 1 0 1 0 0 0 1 1 0 0 0 1 0 0 1 1 1 1 1 1 1 0 0 0 1
 1 1 1 1 0 1 1 0 0 1 1 1 1 1 0 0 1 1 1 1 1 1 1 0 0 0]
At  8301/30000: COST 0.059/4.558(0.007) -- Acc 0.990/0.510(0.998)
[1 0 1 1 1 0 0 1 1 1 1 0 1 0 0 0 0 1 1 0 0 0 1 1 1 0 1 0 0 1 0 1 0 1 1 1 1
 0 0 1 0 0 0 1 0 0 1 1 1 0 0 0 1 0 0 0 1 0 0 1 0 1 1 0 1 1 1 1 0 1 0 1 1 0
 0 0 0 0 1 1 1 1 1 1 1 0 1 1 0 0 1 1 1 0 0 1 1 1 1 1]
At  8401/30000: COST 0.033/3.760(0.040) -- Acc 0.990/0.480(0.988)
[1 0 1 1 0 1 1 1 0 1 0 1 1 0 0 1 0 0 1 1 0 1 1 1 0 0 1 1 0 1 0 1 1 0 1 1 0
 0 0 1 0 1 1 1 0 1 0 0 0 1 1 0 0 1 1 1 1 0 1 0 1 1 0 1 0 1 0 1 1 1 0 1 1 0
 0 0 0 0 1 0 0 0 1 0 0 1 0 0 0 1 0 1 0 1 1 1 0 1 0 1]
At  8501/30000: COST 0.004/4.527(0.033) -- Acc 1.000/0.460(0.991)
[1 0 0 1 0 1 1 0 0 0 0 1 1 0 0 1 0 1 1 1 0 1 1 0 0 0 0 1 0 0 0 1 1 1 0 0 0
 1 1 1 1 0 1 0 0 1 1 0 1 0 1 0 1 0 1 1 1 1 1 0 0 0 0 1 1 1 0 0 0 0 1 0 0 1
 1 1 1 1 1 0 0 0 1 1 1 1 1 0 0 0 1 1 1 0 0 0 0 1 1 1]
At  8601/30000: COST 0.003/5.145(0.013) -- Acc 1.000/0.470(0.997)
[1 0 0 1 1 1 1 1 1 1 0 0 0 1 0 1 1 1 1 1 0 1 0 0 1 0 0 0 1 0 0 1 1 1 1 0 0
 1 0 0 0 0 1 0 0 0 1 0 1 0 0 1 0 0 1 1 1 1 1 0 0 1 0 0 1 0 1 1 1 0 0 0 1 0
 1 0 0 0 0 0 1 1 1 1 1 0 0 0 0 0 1 1 1 1 0 1 1 1 1 1]
At  8701/30000: COST 0.003/4.875(0.006) -- Acc 1.000/0.490(0.998)
[1 1 0 0 1 1 0 0 1 1 0 1 1 0 0 1 0 1 1 1 0 1 0 1 0 0 1 0 0 0 1 0 0 1 0 1 1
 1 1 0 0 1 1 1 1 1 0 1 0 0 0 0 1 0 1 0 1 0 1 0 0 0 1 1 1 0 1 0 1 0 0 0 0 0
 0 1 1 1 1 0 1 0 1 0 1 0 1 1 1 1 1 1 1 0 1 0 0 0 1 1]
At  8801/30000: COST 0.003/5.360(0.003) -- Acc 1.000/0.500(0.999)
[1 0 0 0 0 1 0 0 0 0 0 1 1 0 0 1 0 0 1 0 1 1 1 1 1 1 1 1 1 0 1 0 1 1 1 1 0
 0 0 0 1 1 1 1 1 1 0 0 0 0 1 1 1 1 1 0 1 1 1 0 0 1 0 0 0 1 0 1 1 0 0 1 0 0
 1 0 1 0 0 0 0 1 1 0 1 1 1 0 0 0 0 1 1 0 1 0 0 1 1 1]
At  8901/30000: COST 0.000/5.575(0.001) -- Acc 1.000/0.490(1.000)
[0 0 1 1 1 0 1 1 1 0 0 1 0 1 0 0 0 1 1 1 0 0 1 1 0 1 1 1 1 0 0 1 0 0 1 0 1
 1 1 1 0 0 1 1 1 0 1 1 1 1 1 1 1 0 0 0 0 0 0 1 0 0 0 1 1 0 0 1 1 1 0 1 0 0
 0 0 1 1 0 1 1 1 1 1 0 1 0 1 1 0 0 1 0 0 1 1 1 0 1 0]
At  9001/30000: COST 0.000/5.705(0.001) -- Acc 1.000/0.460(1.000)
[0 0 1 0 1 1 1 1 1 1 1 0 0 0 1 1 1 0 1 0 1 0 1 0 1 0 0 0 0 0 0 0 1 0 1 1 1
 1 1 0 1 1 1 1 1 0 1 1 1 0 1 0 1 0 0 0 0 0 0 1 0 0 1 1 1 0 0 1 0 1 1 0 0 0
 1 0 1 1 1 1 0 1 0 0 1 1 0 1 0 0 1 1 0 1 1 1 0 1 0 1]
At  9101/30000: COST 0.000/5.842(0.001) -- Acc 1.000/0.490(1.000)
[1 0 1 0 1 1 0 0 1 0 1 0 1 1 1 1 1 0 0 0 1 0 1 0 1 1 1 1 1 1 1 0 1 0 0 0 0
 0 0 1 0 0 0 0 0 0 1 0 0 0 1 1 1 1 1 0 1 0 1 1 1 1 0 1 1 1 1 1 0 0 0 1 0 1
 0 0 1 1 1 1 0 1 0 1 1 0 1 0 0 1 0 1 1 0 0 1 0 0 1 0]
At  9201/30000: COST 0.000/5.836(0.000) -- Acc 1.000/0.480(1.000)
[0 1 1 1 0 0 1 1 0 1 1 0 0 0 0 1 1 1 1 0 1 0 0 1 1 1 0 0 1 1 1 1 1 1 0 1 0
 1 0 0 1 1 1 0 0 0 1 1 0 0 0 1 1 0 0 1 1 1 0 1 1 0 1 0 0 1 0 0 0 1 0 1 1 0
 1 0 0 1 1 0 1 0 0 1 1 1 0 1 1 1 0 1 1 1 1 0 1 1 0 0]
At  9301/30000: COST 0.000/5.839(0.000) -- Acc 1.000/0.470(1.000)
[0 1 0 1 1 0 0 0 0 1 0 1 0 1 1 1 0 0 1 1 1 1 0 1 0 0 1 1 1 1 1 0 1 0 1 1 0
 1 1 0 1 1 0 0 0 0 0 1 0 1 0 1 0 1 1 0 0 1 0 0 1 0 0 0 0 0 0 1 0 1 1 1 1 1
 1 1 1 0 0 1 1 1 1 1 1 0 0 1 1 1 0 0 0 0 1 1 0 0 1 1]
At  9401/30000: COST 0.000/6.032(0.000) -- Acc 1.000/0.470(1.000)
[0 1 1 1 0 1 0 0 0 1 0 1 0 1 1 1 1 1 1 1 1 1 0 1 0 1 1 0 0 1 1 1 1 0 1 0 0
 0 0 0 1 1 1 0 1 1 1 1 1 1 0 1 0 0 1 0 0 1 1 0 1 0 1 1 1 1 1 0 1 1 0 0 0 0
 0 1 1 0 0 0 0 0 1 1 0 1 1 0 1 1 0 0 1 0 0 0 0 0 1 0]
At  9501/30000: COST 0.000/6.061(0.000) -- Acc 1.000/0.470(1.000)
[1 1 0 0 1 0 0 0 0 0 0 1 1 0 1 1 0 0 1 1 1 1 0 1 1 1 0 1 0 1 0 1 1 1 0 0 1
 1 1 0 1 1 1 0 0 0 1 1 1 0 1 0 0 1 0 1 0 0 1 0 0 1 0 1 0 0 1 0 0 1 1 0 1 1
 0 1 1 1 1 1 0 1 0 1 1 1 1 1 1 0 0 0 1 0 0 0 1 1 1 0]
At  9601/30000: COST 0.000/6.253(0.000) -- Acc 1.000/0.440(1.000)
[1 0 0 0 0 1 1 1 0 0 1 1 1 1 1 1 1 0 1 0 1 0 1 1 0 1 1 1 0 1 1 1 0 0 0 1 1
 1 0 1 1 1 1 1 0 0 1 0 0 1 1 1 1 0 1 1 0 1 0 1 0 0 0 0 1 1 0 0 0 1 1 0 0 1
 0 0 0 1 1 0 0 1 0 0 0 1 1 1 1 0 0 1 1 1 1 0 1 0 0 1]
At  9701/30000: COST 0.000/6.282(0.000) -- Acc 1.000/0.450(1.000)
[0 1 1 1 1 0 1 1 0 1 1 1 1 1 0 1 1 1 1 1 1 1 1 0 1 0 1 0 0 1 0 1 0 0 1 1 0
 1 0 1 1 1 0 0 1 0 0 0 0 1 1 1 1 0 1 0 1 1 0 1 0 1 1 0 1 1 0 1 0 1 1 1 0 0
 1 1 0 1 1 0 1 0 0 0 1 0 0 0 0 0 1 0 1 0 1 0 0 0 0 0]
At  9801/30000: COST 0.000/6.462(0.000) -- Acc 1.000/0.460(1.000)
[1 1 0 0 0 1 1 1 0 0 1 0 0 0 0 1 1 1 1 0 1 0 1 0 1 1 1 1 1 1 0 0 1 0 0 0 1
 0 0 1 1 1 0 0 1 1 0 0 0 0 0 1 1 0 1 1 1 1 1 1 0 1 0 0 0 1 1 0 1 1 1 1 1 0
 0 1 0 1 1 1 1 1 0 1 0 0 1 0 0 0 1 0 1 0 1 0 1 0 0 1]
At  9901/30000: COST 0.000/6.447(0.000) -- Acc 1.000/0.450(1.000)
[1 0 0 0 0 1 0 1 1 1 0 0 1 1 1 1 1 0 0 0 0 1 1 0 1 1 0 0 1 1 1 1 1 0 1 0 0
 1 1 1 1 0 0 1 1 1 0 0 0 1 1 1 1 0 0 0 1 0 0 0 1 1 1 1 0 1 0 1 1 0 0 0 0 0
 0 0 0 0 1 1 0 1 0 1 0 1 0 1 0 1 1 1 0 0 1 0 0 1 1 1]
At 10001/30000: COST 0.000/6.557(0.000) -- Acc 1.000/0.470(1.000)
[1 1 0 0 0 1 1 0 1 0 0 1 0 0 1 0 0 1 0 0 1 1 1 1 0 0 0 0 0 0 1 1 1 1 1 1 1
 0 1 0 1 0 1 0 1 1 0 0 1 1 1 0 0 0 1 0 1 0 0 0 0 1 0 1 0 1 1 1 1 1 0 0 1 0
 1 0 1 1 0 0 0 1 0 1 1 1 1 1 1 0 0 0 1 0 0 0 1 1 1 1]
At 10101/30000: COST 0.024/2.853(0.057) -- Acc 0.990/0.490(0.984)
[1 1 1 1 1 1 1 1 1 0 0 0 1 1 0 1 0 0 1 1 0 0 1 0 0 0 1 1 0 1 1 0 1 1 0 1 0
 1 0 1 1 1 1 1 1 1 1 0 0 1 0 1 0 1 1 1 0 0 1 0 1 0 1 0 1 1 0 1 1 1 0 0 0 1
 0 0 0 1 0 0 1 0 1 0 1 1 0 1 0 1 1 1 1 1 0 1 0 1 0 1]
At 10201/30000: COST 0.012/3.221(0.061) -- Acc 1.000/0.480(0.982)
[1 1 1 0 1 1 1 1 1 0 0 1 0 1 0 0 0 1 1 1 0 1 0 1 1 1 0 1 0 0 1 0 0 1 0 0 1
 0 1 1 1 0 1 0 1 0 1 1 0 1 1 0 0 1 1 1 1 0 1 1 1 1 1 0 0 0 0 0 0 1 1 0 0 0
 1 0 1 1 1 0 1 1 0 0 0 0 0 1 1 0 0 1 1 0 1 1 1 1 1 0]
At 10301/30000: COST 0.001/4.015(0.027) -- Acc 1.000/0.470(0.992)
[1 0 1 1 0 1 0 0 0 1 1 1 1 1 1 1 1 1 0 1 0 0 0 1 1 0 1 1 1 0 1 1 1 1 0 0 0
 1 0 0 1 0 1 1 0 1 1 0 0 0 0 1 1 1 0 0 0 0 0 1 1 1 1 1 0 0 0 1 1 1 1 1 0 0
 0 1 0 0 0 1 0 0 1 0 0 0 1 1 1 1 1 1 0 0 1 1 0 1 0 0]
At 10401/30000: COST 0.000/4.366(0.011) -- Acc 1.000/0.430(0.997)
[1 1 0 0 1 0 0 0 1 0 0 1 0 1 1 1 0 1 1 0 1 0 1 1 1 1 1 1 1 0 1 0 1 1 0 0 1
 0 0 1 0 0 0 1 1 1 1 1 1 0 1 1 0 0 0 0 1 0 1 0 1 0 0 1 0 0 0 1 1 1 0 0 1 0
 1 1 0 1 0 1 1 0 1 1 0 1 0 1 1 0 1 0 0 0 1 1 1 1 0 0]
At 10501/30000: COST 0.000/4.724(0.004) -- Acc 1.000/0.430(0.999)
[1 1 1 1 1 0 0 0 1 0 1 0 1 0 1 1 1 1 0 1 1 1 1 0 0 0 1 0 0 0 1 0 1 1 1 1 0
 1 0 0 1 1 0 1 1 0 0 0 1 1 1 1 0 0 0 1 0 1 0 0 0 1 1 0 0 0 1 0 0 1 1 1 1 1
 0 1 0 1 0 0 1 0 1 0 1 1 1 1 0 1 1 1 0 0 1 0 0 0 1 1]
At 10601/30000: COST 0.000/4.929(0.002) -- Acc 1.000/0.440(1.000)
[1 1 0 0 0 0 1 1 1 1 0 0 1 0 0 1 1 1 1 1 0 0 1 0 0 1 1 1 0 1 1 0 0 0 0 1 0
 0 1 0 1 1 0 1 0 0 0 1 0 1 0 1 0 0 1 1 0 0 1 0 1 1 1 1 1 1 0 0 1 1 1 1 0 1
 1 0 0 0 1 0 0 0 1 1 0 1 0 1 0 1 0 1 1 0 0 1 0 0 1 0]
At 10701/30000: COST 0.000/5.178(0.001) -- Acc 1.000/0.420(1.000)
[0 1 0 1 1 0 1 1 0 1 1 1 1 1 0 0 1 1 0 1 0 0 0 1 0 1 1 1 0 0 1 0 1 1 1 1 0
 0 0 0 1 0 0 1 0 0 0 0 0 0 1 0 1 1 1 1 0 0 0 0 0 1 1 1 0 0 0 0 1 1 0 1 0 0
 1 1 1 1 1 1 1 1 0 0 1 1 1 1 1 0 1 1 0 0 1 1 1 0 1 0]
At 10801/30000: COST 0.000/5.331(0.001) -- Acc 1.000/0.410(1.000)
[0 0 0 1 0 0 1 0 1 0 1 1 1 1 1 1 0 0 0 0 1 0 0 1 1 0 1 0 1 1 1 0 1 1 0 1 0
 0 1 1 1 1 0 0 0 0 0 0 1 0 1 1 1 1 0 1 1 0 1 1 1 0 1 0 0 0 0 1 1 1 0 0 1 0
 0 1 0 1 1 1 1 0 1 0 0 0 0 1 1 0 1 1 1 0 1 1 0 1 1 1]
At 10901/30000: COST 0.000/5.502(0.000) -- Acc 1.000/0.410(1.000)
[0 0 1 0 0 1 1 0 1 1 1 0 1 1 1 1 0 1 0 1 1 1 0 1 0 0 1 0 1 1 0 1 0 1 0 0 0
 1 1 0 1 1 0 1 1 1 0 1 1 0 1 1 1 1 0 0 1 0 1 0 0 0 1 1 0 1 0 1 1 0 0 0 1 0
 0 1 1 0 1 1 0 0 0 1 1 1 1 1 0 1 0 0 1 0 0 1 0 0 1 0]
At 11001/30000: COST 0.000/5.482(0.000) -- Acc 1.000/0.410(1.000)
[0 1 1 0 1 1 0 1 1 1 0 1 1 0 0 1 0 0 1 1 1 1 0 0 1 0 1 1 0 1 1 1 1 1 1 1 0
 0 0 0 0 0 1 1 1 1 0 0 1 1 1 1 0 1 1 0 1 0 1 0 1 1 0 1 1 0 1 0 0 1 0 0 0 1
 0 0 0 0 0 0 0 0 1 1 1 0 0 1 1 0 0 1 1 0 1 1 1 0 0 1]
At 11101/30000: COST 0.000/5.557(0.000) -- Acc 1.000/0.410(1.000)
[1 1 0 1 1 1 0 1 0 0 1 0 0 0 0 0 0 0 0 0 0 1 0 1 1 0 1 0 1 1 1 0 1 1 1 1 1
 0 1 0 0 1 0 0 0 1 1 1 0 1 1 1 0 0 0 0 1 1 1 1 1 1 1 1 0 0 1 0 1 0 1 0 1 0
 1 0 0 1 1 1 0 1 0 0 0 0 0 0 1 0 0 0 1 1 1 1 0 1 1 0]
At 11201/30000: COST 0.000/5.629(0.000) -- Acc 1.000/0.420(1.000)
[1 1 0 0 1 1 0 1 0 1 1 0 0 0 1 0 1 0 1 1 1 1 1 1 0 0 1 0 1 0 1 1 1 0 0 1 0
 1 1 1 0 1 0 0 0 0 1 0 0 1 1 0 1 1 0 0 0 0 1 1 1 0 1 0 1 0 1 1 1 1 0 1 0 0
 1 0 1 0 1 0 1 1 0 1 1 1 0 1 0 0 0 1 0 1 0 0 0 0 1 1]
At 11301/30000: COST 0.000/5.677(0.000) -- Acc 1.000/0.400(1.000)
[0 1 0 0 0 1 1 1 1 1 0 0 0 0 0 0 1 0 0 1 0 0 1 0 0 0 0 0 1 1 0 1 1 1 1 1 0
 1 0 1 0 1 0 0 1 0 0 1 1 1 1 1 1 1 1 0 1 1 0 0 0 1 1 1 1 1 0 1 1 0 1 1 0 0
 0 1 1 1 0 0 0 1 0 1 1 1 0 1 1 0 1 1 0 0 1 0 1 1 0 1]
At 11401/30000: COST 0.000/5.692(0.000) -- Acc 1.000/0.410(1.000)
[0 1 0 1 1 1 0 1 1 1 1 1 0 1 0 0 0 1 0 0 0 1 0 1 1 1 1 1 1 1 1 0 0 0 0 1 1
 0 0 1 1 1 0 1 0 1 0 1 0 0 0 0 0 1 1 0 0 1 1 0 1 1 1 0 0 0 0 0 0 1 0 1 1 1
 0 0 1 0 0 1 1 0 1 1 1 1 0 1 1 0 1 1 1 1 1 0 1 1 0 0]
At 11501/30000: COST 0.000/5.573(0.000) -- Acc 1.000/0.440(1.000)
[1 1 1 1 1 0 1 1 1 1 0 1 0 1 0 0 0 1 0 0 1 1 0 0 1 1 0 0 1 1 1 0 1 0 0 1 1
 1 0 1 1 1 0 1 1 1 1 1 1 0 0 0 0 1 1 0 1 0 1 1 0 0 1 1 1 1 0 1 1 0 0 1 0 0
 0 0 0 1 0 0 0 1 0 0 1 1 1 0 0 1 0 1 0 0 0 1 1 1 0 1]
At 11601/30000: COST 0.000/5.848(0.000) -- Acc 1.000/0.440(1.000)
[1 1 0 0 1 1 1 0 0 1 0 1 0 1 1 0 1 1 0 0 0 0 0 0 0 1 0 1 1 0 1 1 0 0 1 0 0
 1 1 1 0 1 1 0 1 0 1 0 1 1 0 1 0 1 0 0 1 0 1 0 1 1 1 1 0 0 1 1 1 1 0 0 0 0
 1 1 0 1 0 1 1 1 1 0 1 1 1 0 1 1 1 0 0 0 0 0 1 0 1 1]
At 11701/30000: COST 0.058/2.365(0.076) -- Acc 0.980/0.550(0.975)
[0 0 1 0 1 1 1 1 1 0 1 1 1 0 0 0 1 0 0 0 0 1 0 1 1 0 0 1 0 1 1 1 1 0 0 1 0
 0 1 0 1 1 0 1 0 1 0 0 0 1 1 1 1 0 1 1 0 0 1 0 1 0 0 0 0 0 0 1 0 1 1 1 1 0
 1 0 1 0 0 0 1 1 1 1 0 0 0 0 0 0 1 0 0 0 1 1 0 0 0 1]
At 11801/30000: COST 0.030/3.654(0.050) -- Acc 0.990/0.460(0.984)
[0 0 0 0 1 0 1 0 1 0 0 1 1 0 1 1 0 0 1 1 1 0 1 0 0 0 1 1 1 1 1 0 1 1 1 1 1
 0 1 0 0 0 0 0 0 0 1 0 0 0 1 0 0 1 0 1 0 1 0 0 0 1 1 1 1 0 0 1 1 0 0 0 0 0
 1 0 1 0 0 0 1 0 0 0 1 1 0 1 0 0 0 1 0 1 1 1 1 0 0 0]
At 11901/30000: COST 0.002/3.566(0.037) -- Acc 1.000/0.530(0.989)
[1 1 0 0 1 1 1 0 0 1 0 0 1 0 1 1 0 1 0 0 1 0 0 1 0 0 1 0 1 0 1 1 1 1 0 0 1
 1 0 1 1 0 1 0 1 1 0 0 1 0 0 0 1 0 1 0 1 0 0 1 1 0 0 0 0 0 1 1 1 0 0 1 1 0
 1 0 0 1 0 1 0 0 1 1 0 0 0 1 0 1 1 1 1 0 1 1 0 1 1 0]
At 12001/30000: COST 0.014/3.446(0.023) -- Acc 1.000/0.530(0.994)
[1 0 1 0 1 0 1 1 1 0 0 1 1 1 1 0 1 0 0 0 0 0 1 1 0 1 1 0 0 1 0 1 1 1 1 0 0
 1 1 0 1 1 0 1 1 1 1 0 1 0 0 1 1 0 1 0 1 0 0 0 1 0 0 0 1 1 0 1 1 0 1 0 0 1
 1 0 0 0 0 0 0 0 0 1 0 1 1 0 1 0 0 1 1 0 1 0 0 1 1 0]
At 12101/30000: COST 0.064/3.493(0.030) -- Acc 0.980/0.490(0.992)
[1 0 1 0 1 1 1 1 1 0 0 1 1 0 1 1 0 0 1 1 1 0 0 1 1 0 0 1 0 1 1 1 0 1 1 0 0
 0 0 1 0 0 0 0 1 1 0 1 0 0 0 1 1 1 0 0 1 0 1 1 0 1 1 0 0 1 1 1 0 0 0 0 1 0
 0 1 0 1 1 0 0 1 1 1 0 1 0 1 1 0 1 0 1 0 0 1 0 1 1 1]
At 12201/30000: COST 0.003/4.238(0.023) -- Acc 1.000/0.500(0.994)
[1 0 0 1 0 0 1 1 1 0 1 0 1 1 0 1 0 0 1 1 0 1 0 1 1 1 1 1 0 1 1 1 1 1 0 1 0
 0 1 0 1 0 1 1 1 1 0 0 1 1 1 0 1 0 0 1 0 0 1 0 0 0 1 1 0 1 1 0 1 1 1 1 1 1
 0 0 1 1 1 1 1 1 1 0 0 1 0 0 0 1 0 0 1 0 1 0 0 1 0 0]
At 12301/30000: COST 0.000/4.940(0.010) -- Acc 1.000/0.480(0.998)
[0 1 1 0 1 1 0 1 1 1 1 1 0 1 1 1 0 1 1 0 0 0 0 1 0 0 1 1 1 0 1 1 0 1 1 0 1
 1 0 0 0 0 0 1 1 1 1 0 0 1 0 1 1 0 0 1 0 0 1 0 1 0 0 1 1 1 0 0 1 1 0 0 1 1
 1 1 1 1 0 1 1 1 0 0 0 1 0 0 1 0 1 0 1 0 1 1 1 0 1 0]
At 12401/30000: COST 0.000/5.399(0.004) -- Acc 1.000/0.470(0.999)
[0 1 0 0 1 0 1 1 1 1 1 0 0 1 0 1 1 1 0 0 0 1 0 0 1 0 1 0 0 1 1 0 1 1 1 0 1
 0 0 0 0 1 0 0 1 1 1 0 1 0 0 1 1 1 1 1 1 1 0 1 1 1 1 1 0 1 1 0 1 1 1 1 1 1
 0 1 0 1 1 1 0 1 0 1 1 0 1 1 0 0 1 1 0 0 1 1 0 0 1 0]
At 12501/30000: COST 0.000/5.572(0.002) -- Acc 1.000/0.460(1.000)
[0 1 0 0 0 0 0 0 0 0 1 1 0 1 0 1 1 1 0 1 1 0 0 1 0 1 1 0 0 1 1 1 0 1 0 0 1
 1 1 1 1 0 0 0 0 0 1 1 0 0 0 1 1 1 0 1 1 1 0 0 1 0 1 1 1 0 1 1 1 1 1 0 1 1
 0 1 0 1 1 1 1 1 0 0 1 1 0 1 0 1 1 0 1 1 1 0 0 0 1 1]
At 12601/30000: COST 0.000/5.977(0.001) -- Acc 1.000/0.450(1.000)
[0 1 1 1 1 1 0 0 1 0 1 0 1 1 0 1 0 1 0 1 1 1 0 0 1 0 0 1 0 1 0 1 1 0 0 1 1
 1 0 0 0 0 0 0 1 1 1 1 0 1 1 1 0 0 0 0 0 0 0 0 0 1 1 1 0 0 0 1 0 1 1 0 1 0
 0 0 0 1 0 1 0 0 0 1 1 1 1 0 1 1 0 1 1 0 1 1 1 1 1 0]
At 12701/30000: COST 0.001/4.943(0.002) -- Acc 1.000/0.460(1.000)
[1 0 1 0 1 0 1 0 0 0 0 1 0 0 1 1 1 0 1 1 0 1 0 0 0 0 0 1 1 0 0 1 1 1 0 1 1
 1 1 0 0 0 0 0 1 1 1 0 0 1 1 1 0 1 0 1 1 1 1 0 1 0 1 0 1 0 1 0 1 1 1 1 1 1
 0 0 0 0 0 1 1 1 0 0 0 1 0 0 1 1 0 1 1 0 1 1 1 1 1 1]
At 12801/30000: COST 0.001/4.802(0.001) -- Acc 1.000/0.500(1.000)
[0 1 1 0 1 1 1 0 0 1 1 1 0 1 0 1 0 0 1 0 1 1 0 1 1 0 1 1 1 1 0 0 0 0 1 1 1
 0 1 0 1 0 1 0 1 0 1 0 0 0 0 1 1 0 0 1 0 1 0 0 1 1 0 1 0 1 0 1 0 0 0 1 0 1
 1 1 0 0 0 1 0 0 1 0 1 1 1 1 1 1 1 1 1 0 1 1 1 0 1 0]
At 12901/30000: COST 0.002/5.031(0.001) -- Acc 1.000/0.480(1.000)
[1 1 1 0 1 1 0 0 1 0 1 0 0 1 0 1 0 1 0 1 1 1 0 0 1 1 0 1 0 0 1 0 1 0 0 1 0
 1 1 1 1 1 0 1 0 0 0 1 1 1 1 0 1 0 1 1 1 1 1 1 0 1 0 1 0 1 1 0 0 0 1 0 1 1
 1 1 1 0 1 0 0 0 0 0 1 1 0 0 0 1 1 1 0 0 0 1 1 0 1 0]
At 13001/30000: COST 0.000/5.404(0.001) -- Acc 1.000/0.480(1.000)
[1 1 1 1 1 0 0 1 1 0 1 1 1 0 0 1 1 1 1 0 1 1 1 1 0 0 1 0 1 0 1 1 1 1 0 0 1
 0 0 1 1 0 1 1 0 1 0 1 1 0 0 1 0 1 0 1 0 1 1 1 0 1 0 0 1 0 1 0 0 1 1 0 1 1
 0 1 0 0 0 1 1 0 0 0 0 0 0 0 1 1 1 1 1 0 0 0 0 1 1 1]
At 13101/30000: COST 0.000/5.512(0.000) -- Acc 1.000/0.490(1.000)
[0 1 0 1 0 1 0 0 1 0 1 1 1 1 1 0 1 0 1 0 0 1 0 1 0 0 1 0 0 1 1 1 0 1 1 0 1
 1 1 1 1 1 1 0 0 0 0 0 0 0 0 1 0 1 1 0 0 1 1 0 0 0 0 1 1 0 0 0 1 1 1 1 1 0
 0 0 1 1 0 0 1 0 1 1 1 0 1 0 1 1 0 1 1 0 1 1 1 1 1 1]
At 13201/30000: COST 0.000/5.615(0.000) -- Acc 1.000/0.460(1.000)
[0 0 0 1 1 1 1 0 1 1 1 1 1 1 1 0 0 1 0 1 0 1 1 1 1 1 1 0 1 0 1 1 0 0 0 0 1
 1 0 1 0 1 0 0 1 0 1 0 0 0 1 1 0 0 0 1 0 0 1 1 1 1 0 1 0 0 1 1 1 1 0 0 1 0
 1 0 0 0 1 0 1 0 0 1 1 1 0 0 1 1 1 1 0 1 0 1 1 0 1 1]
At 13301/30000: COST 0.000/5.801(0.000) -- Acc 1.000/0.450(1.000)
[1 1 1 0 1 1 0 0 1 1 0 1 1 0 0 1 0 1 1 0 1 1 0 1 1 1 1 0 1 1 1 0 0 0 1 0 0
 1 1 1 1 0 0 0 1 0 0 1 0 0 0 1 0 0 1 1 0 1 0 0 0 1 0 1 0 1 0 1 0 1 1 1 0 0
 1 0 1 0 0 1 1 0 1 1 1 1 1 1 0 0 0 0 1 1 1 1 1 0 0 1]
At 13401/30000: COST 0.000/5.970(0.000) -- Acc 1.000/0.440(1.000)
[1 0 1 0 1 1 0 0 0 0 1 0 1 1 1 1 0 1 1 0 1 1 0 0 0 1 0 0 1 0 0 0 0 1 1 0 1
 0 1 0 1 1 0 0 0 1 1 0 0 0 0 1 1 0 1 0 1 0 0 0 0 1 1 0 1 0 0 1 1 0 0 1 1 1
 0 0 0 1 0 0 1 0 1 1 0 1 1 1 1 0 1 1 0 0 1 1 1 1 1 1]
At 13501/30000: COST 0.000/6.015(0.000) -- Acc 1.000/0.460(1.000)
[0 1 0 1 0 1 0 0 1 0 0 1 0 0 1 0 1 1 1 1 0 0 1 0 1 1 1 1 0 0 1 0 1 1 1 1 0
 1 0 0 0 1 1 1 1 1 1 1 1 0 0 0 0 1 1 1 0 1 1 1 1 1 0 0 1 0 0 1 1 1 0 1 0 0
 1 1 1 1 1 0 0 1 1 1 1 0 0 0 0 1 1 0 1 0 0 0 0 1 1 0]
At 13601/30000: COST 0.191/2.356(0.081) -- Acc 0.930/0.490(0.974)
[0 1 0 0 0 0 0 1 1 0 1 1 1 0 1 0 0 0 0 0 0 1 0 0 1 0 0 1 1 0 0 1 1 1 0 1 1
 0 1 1 1 1 0 0 0 0 0 0 1 0 1 0 1 1 1 1 0 1 0 0 1 1 1 0 1 1 1 1 0 0 0 1 1 1
 0 1 0 0 0 1 0 1 0 0 0 1 1 0 0 0 0 0 1 1 1 0 0 0 0 0]
At 13701/30000: COST 0.033/3.458(0.062) -- Acc 0.990/0.500(0.981)
[1 0 1 0 1 0 0 1 0 0 0 0 1 1 1 0 1 0 0 1 0 0 1 0 1 1 1 0 0 1 1 0 1 1 1 0 0
 1 0 1 0 1 0 0 0 0 0 0 0 1 1 0 1 1 1 0 1 0 0 0 0 1 1 0 1 1 1 0 1 1 1 1 0 1
 1 1 1 1 0 1 0 1 0 0 0 0 1 1 0 0 1 0 0 0 1 1 0 0 1 1]
At 13801/30000: COST 0.016/4.111(0.051) -- Acc 1.000/0.450(0.984)
[1 1 1 1 1 1 1 1 1 1 1 1 0 1 0 1 0 0 1 0 0 1 1 0 0 1 1 0 0 0 0 0 0 0 0 0 0
 0 0 1 0 1 0 0 0 1 1 1 1 0 0 1 1 1 0 1 1 0 1 0 1 1 1 0 1 1 1 0 1 1 1 0 1 0
 0 1 0 0 0 0 1 0 0 0 0 1 1 1 1 0 0 1 0 0 1 1 0 0 1 1]
At 13901/30000: COST 0.003/4.409(0.025) -- Acc 1.000/0.490(0.993)
[0 0 0 0 0 1 1 1 1 1 1 1 1 0 0 1 1 0 1 0 1 0 0 0 0 0 0 0 0 0 0 0 1 0 0 0 0
 1 1 1 1 0 1 0 0 1 0 1 0 0 1 1 1 0 0 0 1 1 1 1 1 1 1 0 0 1 1 1 0 1 0 0 1 0
 1 0 1 0 1 0 1 0 1 1 1 0 1 0 1 1 0 0 0 1 0 0 1 1 0 0]
At 14001/30000: COST 0.001/5.028(0.010) -- Acc 1.000/0.450(0.997)
[1 0 1 0 0 0 1 0 0 1 0 1 1 0 0 0 0 0 1 0 1 0 0 0 1 0 0 0 1 1 0 0 1 1 1 0 1
 1 1 1 0 1 1 1 0 1 1 1 1 0 0 1 0 0 0 0 1 0 1 1 1 1 1 1 0 0 0 1 0 1 0 1 0 0
 0 0 0 1 1 0 0 1 0 1 1 0 1 1 1 0 0 1 0 0 1 0 1 1 0 0]
At 14101/30000: COST 0.000/5.037(0.004) -- Acc 1.000/0.510(0.999)
[1 0 0 1 0 0 0 0 1 1 1 0 1 1 1 0 0 1 0 1 0 0 0 0 0 0 0 1 0 1 1 1 0 1 0 1 1
 0 0 0 1 0 0 0 1 0 1 0 0 0 0 1 1 1 0 0 1 0 0 0 0 0 1 1 1 1 1 1 0 1 0 0 0 0
 0 1 0 0 1 0 1 0 1 1 0 0 1 1 1 0 0 1 1 1 0 1 1 1 1 1]
At 14201/30000: COST 0.001/5.266(0.002) -- Acc 1.000/0.480(1.000)
[1 0 1 1 1 1 1 0 0 0 0 1 0 0 0 0 1 1 1 0 0 0 0 0 1 1 0 1 1 1 1 1 1 0 1 1 0
 1 1 0 1 1 1 0 0 1 0 1 1 1 0 1 1 0 0 0 1 0 1 0 1 0 0 1 1 1 0 1 0 1 0 0 0 0
 0 0 0 0 1 0 0 0 0 1 1 0 0 0 0 0 0 1 1 1 0 1 1 1 0 1]
At 14301/30000: COST 0.001/5.469(0.001) -- Acc 1.000/0.500(1.000)
[0 0 1 1 0 1 0 0 0 0 0 1 0 1 1 1 0 1 1 1 1 1 0 0 1 1 1 0 1 0 1 0 1 0 0 1 0
 1 1 1 0 0 1 1 1 1 0 1 0 1 0 0 0 0 0 1 0 0 0 0 1 0 1 1 0 0 1 1 0 0 1 0 1 1
 1 1 1 1 1 0 1 0 0 0 0 0 0 0 1 1 0 1 0 0 1 0 1 0 0 0]
At 14401/30000: COST 0.000/5.547(0.001) -- Acc 1.000/0.450(1.000)
[0 1 0 0 1 0 0 1 1 0 0 1 0 0 1 0 1 0 1 0 1 1 1 1 1 1 1 0 1 1 1 0 1 0 0 0 0
 0 0 1 1 0 1 1 0 0 1 1 0 0 0 1 1 0 0 1 1 0 0 1 0 1 1 0 1 0 0 0 1 0 0 0 1 1
 1 0 0 1 0 0 0 1 1 0 1 0 1 1 0 1 1 1 0 1 0 0 1 1 0 0]
At 14501/30000: COST 0.000/5.491(0.001) -- Acc 1.000/0.460(1.000)
[0 1 1 0 1 1 1 1 0 1 0 0 1 0 0 1 0 1 1 1 1 0 1 1 1 0 0 1 1 0 1 0 0 0 0 1 0
 1 1 1 1 1 0 0 0 0 1 1 1 0 1 0 1 1 0 1 0 0 0 0 0 1 0 0 0 0 1 0 0 0 0 0 0 1
 0 1 0 1 0 1 0 0 1 1 1 0 1 0 0 1 0 0 1 1 1 0 0 0 0 1]
At 14601/30000: COST 0.000/5.576(0.000) -- Acc 1.000/0.460(1.000)
[1 0 0 1 0 0 0 0 1 1 1 1 0 1 1 0 0 0 0 1 0 1 0 1 1 1 1 0 1 0 0 0 1 1 0 1 0
 0 0 0 1 1 1 0 0 1 1 1 0 1 0 0 0 1 0 1 0 1 0 0 0 1 0 1 1 1 1 1 1 0 0 0 0 0
 1 0 0 1 1 1 1 0 0 1 0 0 1 0 0 0 0 1 0 1 1 0 1 0 1 0]
At 14701/30000: COST 0.000/5.708(0.000) -- Acc 1.000/0.440(1.000)
[1 0 1 0 1 1 0 0 1 0 1 0 1 0 0 0 0 0 1 1 1 0 1 1 1 0 1 0 0 1 0 1 1 0 1 1 0
 0 0 0 1 0 1 1 0 0 0 1 1 0 0 1 0 1 1 1 1 1 1 0 1 0 1 1 0 1 0 1 1 1 0 1 0 1
 1 0 0 1 0 1 1 0 0 0 1 0 0 1 1 0 0 1 1 0 0 0 1 1 1 1]
At 14801/30000: COST 0.001/5.655(0.000) -- Acc 1.000/0.500(1.000)
[1 0 0 0 1 0 1 1 0 1 1 0 1 1 1 0 1 1 0 1 1 0 1 1 1 0 0 0 1 1 0 0 0 0 0 0 0
 1 1 0 0 0 0 1 1 0 1 0 0 0 0 0 1 1 1 0 1 0 1 0 1 0 1 1 1 0 0 0 1 0 0 1 0 1
 0 0 0 0 1 1 0 1 1 1 1 0 1 1 0 0 0 0 1 1 1 0 1 1 0 1]
At 14901/30000: COST 0.000/5.678(0.000) -- Acc 1.000/0.480(1.000)
[1 0 1 1 0 0 1 1 0 1 1 1 1 1 1 0 0 0 0 1 1 0 0 0 0 0 0 0 1 1 1 1 1 1 1 0 0
 0 0 1 1 0 1 0 1 1 0 1 1 0 1 0 0 1 0 1 0 1 1 1 1 1 0 1 0 0 1 0 0 0 0 1 0 1
 1 0 1 0 0 0 1 1 1 1 0 0 0 0 0 1 1 0 0 0 0 0 0 1 1 0]
At 15001/30000: COST 0.000/5.737(0.000) -- Acc 1.000/0.480(1.000)
[1 0 1 1 1 1 1 0 0 1 0 0 1 1 1 0 0 0 1 0 0 0 0 1 1 1 0 0 1 0 0 0 1 1 1 0 1
 0 0 1 1 0 1 1 1 0 0 1 0 1 0 0 0 0 1 0 1 1 0 0 0 1 1 1 1 0 1 0 1 0 1 1 0 1
 1 1 1 0 1 0 0 1 1 0 1 0 0 1 1 0 0 0 0 0 0 0 0 0 1 0]
At 15101/30000: COST 0.000/5.892(0.000) -- Acc 1.000/0.490(1.000)
[1 1 1 1 0 1 0 1 1 0 0 0 0 0 0 1 0 1 0 0 1 0 0 1 1 0 0 1 0 1 0 0 0 1 1 1 0
 0 1 0 0 0 0 1 0 0 1 0 1 0 0 0 0 1 1 1 1 1 1 0 1 0 0 0 1 0 1 1 1 0 0 0 0 1
 1 1 0 0 1 0 0 1 0 1 0 0 1 1 0 1 1 1 1 1 1 1 0 0 0 1]
At 15201/30000: COST 0.000/5.935(0.000) -- Acc 1.000/0.490(1.000)
[1 0 0 1 0 1 1 1 0 1 1 1 0 0 0 0 1 1 0 0 1 1 1 0 0 0 1 1 1 1 0 1 1 0 0 1 1
 1 1 1 0 0 0 0 0 1 0 1 1 0 0 1 0 1 0 1 0 0 0 0 0 0 0 1 0 1 0 0 0 0 1 0 0 0
 1 1 1 0 1 1 1 0 0 0 0 1 1 1 1 1 1 0 1 0 1 0 0 0 0 0]
At 15301/30000: COST 0.000/5.949(0.000) -- Acc 1.000/0.480(1.000)
[0 1 0 0 0 1 0 0 0 0 0 0 0 1 0 1 1 0 0 1 0 0 0 1 0 0 0 1 0 0 0 0 0 1 1 1 1
 0 1 1 1 0 1 0 0 1 0 1 0 0 0 0 0 0 1 0 1 1 0 0 0 1 1 1 1 1 0 0 1 0 1 1 1 0
 1 0 1 1 0 1 1 1 0 1 1 0 1 1 1 1 0 1 0 1 0 0 1 0 0 0]
At 15401/30000: COST 0.000/5.937(0.000) -- Acc 1.000/0.440(1.000)
[1 1 1 1 0 1 0 0 0 0 1 0 0 0 0 1 1 0 1 0 0 1 1 0 1 0 1 1 1 0 0 1 0 0 1 1 1
 0 0 1 1 0 0 0 0 0 0 1 0 1 1 0 1 1 0 1 1 0 0 0 0 0 1 0 1 0 0 1 1 1 0 1 0 0
 0 0 0 0 0 1 0 0 0 0 0 1 1 1 0 0 0 1 1 1 0 1 1 1 0 1]
At 15501/30000: COST 0.000/6.076(0.000) -- Acc 1.000/0.440(1.000)
[1 0 0 1 1 0 0 0 0 0 0 0 0 1 1 1 1 0 1 1 0 1 1 0 0 1 1 1 0 0 1 1 1 0 1 0 0
 0 1 0 0 0 1 1 0 0 1 0 1 0 1 0 0 1 1 1 0 0 1 1 0 1 1 1 0 1 0 1 0 0 1 1 0 0
 1 0 0 1 0 0 0 1 0 1 1 1 0 0 1 0 0 0 0 1 0 1 0 0 0 0]
At 15601/30000: COST 0.000/6.177(0.000) -- Acc 1.000/0.440(1.000)
[0 1 0 1 1 1 1 1 0 0 1 1 1 0 1 0 0 1 1 1 0 1 1 0 1 1 0 0 0 1 1 0 1 1 1 0 0
 1 0 1 0 1 1 1 0 0 1 0 0 1 0 0 1 0 0 0 1 0 0 0 0 1 1 0 0 0 0 1 0 0 0 0 0 1
 1 0 0 1 0 0 1 0 1 0 1 1 1 0 0 1 0 1 0 0 1 0 0 0 0 0]
At 15701/30000: COST 0.000/6.306(0.000) -- Acc 1.000/0.460(1.000)
[1 0 0 0 1 1 0 0 0 0 1 1 1 1 0 1 1 1 0 0 0 0 1 0 0 0 0 0 0 0 0 0 1 0 0 1 1
 0 1 1 1 1 0 1 0 0 0 0 0 0 1 0 0 0 1 1 1 0 0 1 0 1 1 1 1 1 0 0 0 0 1 1 1 0
 0 1 0 0 0 1 1 1 0 0 0 1 1 0 1 0 1 1 1 1 1 0 0 1 1 0]
At 15801/30000: COST 0.000/6.396(0.000) -- Acc 1.000/0.470(1.000)
[0 1 1 0 1 1 1 0 1 1 0 1 0 0 0 0 1 0 1 0 1 1 1 1 0 1 0 1 0 0 1 0 0 1 1 1 0
 1 1 1 0 0 0 1 1 0 0 1 0 0 0 0 1 1 0 1 0 1 1 0 1 0 1 0 0 1 0 0 0 1 1 0 0 1
 1 0 1 0 0 0 0 1 0 1 0 0 1 0 1 0 1 0 0 0 0 0 0 1 1 0]
At 15901/30000: COST 0.000/6.421(0.000) -- Acc 1.000/0.450(1.000)
[0 0 0 1 1 0 0 0 0 1 1 1 1 1 1 0 1 1 1 1 0 0 0 0 1 1 0 0 1 0 1 0 0 0 0 0 0
 0 1 0 0 1 1 1 0 0 0 1 1 1 0 1 1 1 0 1 1 0 0 0 0 0 0 0 1 0 0 0 0 1 1 1 1 0
 1 0 0 0 0 1 1 1 0 0 1 0 1 0 1 0 1 0 1 1 0 1 0 0 1 0]
At 16001/30000: COST 0.000/6.554(0.000) -- Acc 1.000/0.460(1.000)
[0 1 1 1 1 0 1 1 0 0 0 0 1 1 0 0 0 1 1 1 1 0 1 0 0 0 1 1 1 0 1 0 0 0 0 0 0
 0 0 0 1 0 0 0 0 0 1 1 0 1 0 0 0 0 1 0 1 1 0 0 1 0 1 1 1 1 0 1 1 1 1 1 1 0
 1 0 0 1 0 1 0 0 1 0 1 0 1 0 1 0 0 0 1 1 1 0 1 0 0 0]
At 16101/30000: COST 0.017/3.142(0.081) -- Acc 1.000/0.490(0.975)
[1 0 0 1 0 1 0 0 1 0 0 0 0 1 1 1 1 0 0 1 1 1 1 1 0 0 0 0 1 0 1 1 1 1 0 0 0
 0 1 0 0 0 1 1 0 1 1 0 1 1 1 0 0 1 0 1 0 1 1 1 0 0 0 1 1 1 0 0 1 1 1 0 0 0
 1 0 0 1 0 0 0 1 0 1 1 1 0 0 1 1 1 1 0 1 0 1 0 1 0 1]
At 16201/30000: COST 0.001/4.070(0.033) -- Acc 1.000/0.460(0.991)
[0 0 0 0 1 0 0 1 0 1 0 0 1 0 0 0 1 1 1 0 0 1 0 1 0 0 1 0 1 1 0 0 1 0 1 1 1
 0 1 1 1 0 0 0 1 0 1 1 1 0 1 1 0 1 0 1 0 1 1 0 1 1 0 0 0 0 1 1 1 0 1 0 0 1
 1 0 0 1 0 0 1 1 0 1 1 0 1 1 1 1 1 1 1 1 1 0 0 0 1 0]
At 16301/30000: COST 0.006/4.178(0.013) -- Acc 1.000/0.470(0.997)
[1 1 0 1 1 0 0 1 1 1 1 1 0 1 1 1 0 1 1 0 1 0 0 0 0 1 1 1 1 0 1 0 1 1 0 1 0
 0 1 1 1 0 1 0 1 1 0 0 0 1 0 1 1 0 1 0 1 0 0 1 0 0 0 1 1 0 1 1 0 0 1 1 1 1
 0 0 1 1 0 1 1 1 1 0 0 1 1 0 0 1 1 0 1 0 1 1 1 0 0 1]
At 16401/30000: COST 0.018/2.998(0.036) -- Acc 0.990/0.490(0.990)
[0 0 1 0 0 1 0 1 0 0 1 0 1 0 0 1 1 0 1 0 0 1 1 1 0 0 1 1 0 1 1 1 1 1 0 0 1
 1 1 1 0 1 1 1 0 1 1 1 0 0 1 1 0 1 1 0 0 0 0 0 1 1 1 0 1 1 1 0 1 1 1 0 0 1
 0 0 1 0 0 1 0 0 1 1 0 1 1 0 0 0 1 1 0 1 0 1 0 1 1 1]
At 16501/30000: COST 0.014/3.012(0.027) -- Acc 0.990/0.500(0.992)
[0 1 1 1 0 0 1 1 0 0 1 1 0 0 0 1 0 0 1 0 0 1 1 1 1 0 0 1 1 1 0 1 0 1 1 1 0
 0 1 1 0 1 1 0 0 1 0 0 1 0 0 0 1 1 1 1 1 0 1 1 1 0 1 0 0 1 0 0 0 0 1 0 1 1
 0 0 1 0 0 1 1 1 1 1 0 0 0 0 0 1 0 1 0 0 0 1 0 0 0 1]
At 16601/30000: COST 0.028/3.664(0.024) -- Acc 0.980/0.420(0.993)
[0 0 1 1 1 0 0 1 0 1 1 0 1 1 0 1 0 0 1 1 0 0 1 0 0 1 1 1 0 0 1 0 1 0 0 0 0
 0 1 0 1 1 0 1 0 1 0 1 0 0 0 1 1 1 0 1 1 0 0 1 0 1 0 0 0 1 1 0 1 1 0 1 0 1
 0 1 0 0 0 0 1 1 0 0 1 1 0 0 1 1 0 0 1 1 1 0 0 1 1 0]
At 16701/30000: COST 0.001/3.155(0.015) -- Acc 1.000/0.490(0.996)
[0 1 0 0 0 1 1 0 0 0 0 0 1 1 1 1 1 0 1 0 0 1 0 1 0 0 1 0 0 0 0 0 0 1 1 1 0
 1 1 1 0 1 0 0 0 1 0 0 1 1 1 1 0 1 1 1 0 1 1 1 0 1 0 0 0 0 1 1 1 1 0 0 1 0
 0 0 0 0 1 0 0 1 1 0 1 0 1 1 0 0 1 1 1 0 0 0 1 1 1 1]
At 16801/30000: COST 0.007/3.578(0.006) -- Acc 1.000/0.460(0.999)
[0 1 1 1 0 0 1 0 0 1 0 1 0 1 0 1 1 0 0 0 1 1 0 0 1 0 1 1 1 0 1 0 0 1 0 1 1
 1 0 1 1 1 0 1 1 1 0 1 1 1 0 1 1 0 1 1 0 0 1 0 0 1 0 1 1 0 0 0 0 0 0 0 0 1
 1 0 0 0 1 1 1 0 0 1 0 1 1 0 1 0 1 1 0 1 0 1 0 0 0 0]
At 16901/30000: COST 0.000/3.933(0.003) -- Acc 1.000/0.470(1.000)
[0 1 0 0 1 0 0 0 1 0 0 1 0 1 0 1 0 0 0 1 1 1 0 1 1 1 1 0 1 1 0 1 0 0 0 1 1
 0 0 1 1 1 0 1 1 0 0 0 0 0 0 0 1 0 1 0 1 1 0 0 0 0 0 0 1 1 0 0 1 1 0 1 0 1
 0 0 0 1 0 0 1 1 1 0 1 0 1 1 1 1 0 1 0 1 0 1 0 1 0 1]
At 17001/30000: COST 0.001/4.133(0.001) -- Acc 1.000/0.500(1.000)
[1 1 0 1 0 1 0 1 0 1 0 1 1 0 1 1 0 0 0 1 1 1 0 1 0 1 0 0 0 0 1 0 0 1 1 0 1
 1 0 1 0 0 0 1 0 1 1 0 1 0 0 1 0 0 0 0 1 0 1 0 1 0 1 0 1 1 0 1 0 1 1 1 0 1
 1 1 0 1 0 0 0 1 1 1 1 0 0 1 0 0 0 1 0 1 0 0 1 0 0 0]
At 17101/30000: COST 0.000/4.422(0.001) -- Acc 1.000/0.490(1.000)
[0 1 0 0 1 1 0 0 1 0 1 0 1 0 0 1 1 1 1 0 0 1 0 1 1 1 0 1 0 0 0 0 1 0 0 0 0
 1 0 0 0 0 0 1 0 1 1 1 0 1 1 1 0 0 1 0 0 1 1 0 1 1 0 1 0 0 1 0 0 1 1 1 0 1
 1 0 1 1 1 0 1 0 1 0 1 0 1 1 1 0 0 0 1 0 1 0 0 1 1 0]
At 17201/30000: COST 0.000/4.573(0.001) -- Acc 1.000/0.480(1.000)
[1 0 0 0 1 1 1 1 0 0 1 0 0 1 1 0 0 1 1 0 1 1 1 0 1 0 1 0 0 1 1 0 0 0 1 0 1
 1 0 0 0 1 1 0 0 1 0 1 0 0 1 1 1 0 0 0 0 0 0 1 0 0 1 1 1 1 1 0 1 1 1 0 1 0
 1 1 0 1 1 1 1 1 1 0 0 0 0 0 1 1 0 0 0 0 1 0 0 1 0 1]
At 17301/30000: COST 0.000/4.634(0.000) -- Acc 1.000/0.470(1.000)
[1 0 0 1 0 1 0 1 1 1 1 1 0 0 1 0 1 1 1 0 1 0 0 0 0 0 0 0 1 1 1 1 0 0 1 0 0
 0 0 0 1 0 0 0 0 1 0 0 0 1 0 1 1 0 0 1 0 1 0 1 0 1 0 1 0 1 0 1 1 0 0 1 0 1
 1 0 0 0 1 0 0 1 0 1 1 1 0 1 0 1 1 0 1 1 1 1 1 1 1 0]
At 17401/30000: COST 0.000/4.697(0.000) -- Acc 1.000/0.440(1.000)
[0 0 0 1 1 0 0 0 0 1 1 1 0 1 0 0 1 0 0 0 1 1 1 0 0 1 1 1 0 0 1 1 0 0 1 1 1
 1 0 0 0 1 0 0 0 1 0 1 0 1 0 1 1 0 0 0 1 0 1 0 0 0 1 0 1 0 0 1 1 1 1 0 1 1
 1 0 1 1 1 0 0 0 0 1 0 1 0 1 0 0 0 1 0 1 1 0 1 1 1 0]
At 17501/30000: COST 0.000/4.827(0.000) -- Acc 1.000/0.450(1.000)
[0 0 0 0 1 1 0 1 1 1 0 0 0 0 0 1 0 0 0 0 0 1 0 1 0 0 0 1 1 1 0 1 1 1 0 1 1
 0 1 0 1 0 1 0 0 1 1 0 0 1 1 1 0 0 0 1 0 1 0 0 1 0 0 1 1 1 1 0 1 1 0 1 1 1
 0 0 1 0 0 1 0 1 0 0 1 0 1 1 0 1 1 1 1 0 0 1 1 0 0 1]
At 17601/30000: COST 0.000/4.766(0.000) -- Acc 1.000/0.460(1.000)
[0 1 0 0 1 0 0 1 0 1 0 1 0 0 0 1 1 1 1 0 0 0 0 0 1 0 1 0 1 1 1 0 0 1 0 1 1
 1 1 1 1 0 1 1 0 0 0 1 1 1 1 0 0 0 1 0 1 1 1 1 0 0 1 0 0 0 1 0 1 1 1 1 0 0
 0 1 1 0 0 1 0 1 0 0 1 1 1 1 1 1 0 0 0 1 0 1 0 0 0 0]
At 17701/30000: COST 0.003/4.856(0.000) -- Acc 1.000/0.490(1.000)
[1 1 0 0 0 1 0 0 1 1 0 0 1 0 1 1 0 1 0 1 1 0 1 0 1 1 1 0 1 1 0 1 1 0 1 0 0
 0 1 0 0 1 0 1 0 0 0 0 1 0 1 1 1 1 1 1 1 0 0 1 1 1 0 1 0 1 0 1 1 1 0 1 1 0
 0 1 1 0 0 0 0 0 1 0 1 0 0 1 0 1 1 0 0 0 0 0 1 0 1 0]
At 17801/30000: COST 0.000/4.953(0.000) -- Acc 1.000/0.470(1.000)
[0 1 1 1 0 0 1 0 1 1 0 1 1 0 0 1 1 1 0 0 1 0 0 1 1 0 0 0 1 1 0 0 0 0 0 0 1
 0 1 1 0 1 0 1 0 0 0 1 1 1 0 1 1 1 1 1 0 0 1 0 1 1 1 0 0 1 0 0 1 1 1 0 1 1
 1 0 1 1 0 0 1 0 0 0 1 0 1 1 1 0 1 1 1 1 0 0 0 0 0 0]
At 17901/30000: COST 0.000/4.935(0.000) -- Acc 1.000/0.480(1.000)
[0 1 0 1 1 1 1 0 1 0 1 0 1 0 0 1 1 0 1 0 0 0 0 1 0 1 0 0 1 1 0 1 0 1 0 0 0
 0 1 0 1 0 0 1 1 1 1 1 1 0 0 1 1 1 1 1 1 0 1 0 0 1 1 1 0 1 0 1 0 0 0 0 0 1
 1 1 0 1 1 0 0 1 0 1 0 0 0 0 1 1 0 1 0 0 1 1 0 1 0 0]
At 18001/30000: COST 0.000/4.942(0.000) -- Acc 1.000/0.510(1.000)
[0 0 1 1 1 1 0 0 0 0 0 1 0 1 1 0 1 0 1 0 0 0 0 0 0 1 1 0 0 1 0 1 1 0 1 0 0
 1 0 0 0 1 1 1 1 1 1 1 0 0 1 1 0 1 0 1 0 1 1 1 1 0 0 0 1 1 0 0 1 1 1 1 1 1
 0 1 0 0 0 0 0 1 0 0 1 1 1 0 0 1 0 1 1 1 0 1 0 0 1 1]
At 18101/30000: COST 0.000/5.014(0.000) -- Acc 1.000/0.480(1.000)
[0 0 1 1 0 1 0 1 1 0 0 0 0 0 0 0 1 0 0 0 1 0 1 1 1 1 1 1 0 1 1 1 1 1 1 0 0
 1 1 0 1 1 1 0 0 0 1 0 0 0 1 1 0 1 1 1 1 0 1 0 1 1 1 0 1 0 0 1 0 1 0 1 0 0
 0 0 0 1 0 0 1 1 0 1 0 0 1 1 1 1 0 1 0 0 1 1 0 1 1 0]
At 18201/30000: COST 0.000/5.075(0.000) -- Acc 1.000/0.490(1.000)
[0 1 1 0 1 1 0 0 0 0 0 0 0 1 1 0 1 1 1 0 1 0 1 0 0 0 1 0 1 0 1 1 1 1 0 1 0
 1 0 0 0 0 1 1 0 0 1 0 0 0 0 0 1 1 1 1 1 1 1 0 1 0 0 0 0 1 0 0 1 1 1 0 0 0
 1 0 0 0 1 0 0 0 1 0 1 0 1 1 1 1 1 1 1 1 0 1 0 0 1 0]
At 18301/30000: COST 0.000/4.886(0.000) -- Acc 1.000/0.490(1.000)
[1 1 0 1 0 0 1 1 0 0 0 0 1 1 1 1 1 1 0 0 0 1 1 1 1 0 1 1 1 1 0 1 0 0 1 0 1
 0 0 1 0 0 1 1 0 0 1 1 1 0 0 1 1 0 1 0 0 0 0 1 0 1 0 1 1 0 0 0 0 1 0 1 0 0
 0 1 1 0 0 1 1 0 0 0 1 0 0 1 1 0 1 1 1 0 1 0 0 0 1 1]
At 18401/30000: COST 0.064/3.395(0.078) -- Acc 0.960/0.470(0.976)
[1 0 1 1 1 1 0 0 0 1 1 1 1 1 0 1 0 0 0 0 0 1 1 1 0 0 0 0 0 0 0 1 1 1 0 1 1
 1 0 0 1 1 0 1 1 1 0 1 0 0 1 0 0 0 1 0 1 1 1 0 1 1 1 0 0 1 0 1 1 0 0 1 1 0
 1 0 1 0 1 1 1 1 1 1 1 1 1 1 1 1 0 0 1 1 1 0 1 1 0 0]
At 18501/30000: COST 0.006/3.451(0.038) -- Acc 1.000/0.510(0.989)
[0 0 1 1 0 1 1 1 0 0 0 0 0 1 0 1 1 1 0 1 1 0 1 1 0 0 0 0 1 1 1 1 0 1 0 0 1
 1 0 1 1 0 1 0 1 0 1 0 0 1 1 1 1 0 1 0 1 0 1 0 0 1 0 1 0 0 1 1 0 1 0 0 1 1
 1 0 1 1 1 1 0 1 1 1 1 1 0 1 1 1 1 0 1 0 1 1 0 1 0 1]
At 18601/30000: COST 0.001/3.952(0.022) -- Acc 1.000/0.470(0.994)
[1 0 1 1 1 0 0 1 1 1 0 1 1 1 0 1 0 1 0 0 0 1 1 1 1 0 0 1 0 0 0 1 0 1 0 1 1
 0 1 0 1 0 1 1 0 1 1 1 0 0 0 1 1 0 1 0 1 0 0 1 0 1 1 0 1 1 1 1 1 1 0 1 0 0
 0 0 1 1 1 0 1 1 0 0 0 1 1 1 1 0 1 1 1 0 0 0 1 1 0 0]
At 18701/30000: COST 0.001/4.549(0.009) -- Acc 1.000/0.470(0.998)
[1 1 0 1 0 0 0 0 0 1 1 1 1 0 0 1 0 1 1 1 0 1 1 1 1 1 0 0 1 1 1 0 1 1 0 0 1
 0 1 1 1 0 1 0 0 1 1 0 1 0 1 1 0 0 0 1 1 0 0 0 1 1 0 1 0 1 0 0 0 1 0 0 0 1
 1 0 0 1 0 0 1 0 0 1 0 1 0 1 1 1 1 0 1 0 1 1 0 1 1 1]
At 18801/30000: COST 0.001/4.724(0.004) -- Acc 1.000/0.470(0.999)
[1 1 1 0 0 1 1 1 1 0 1 0 1 0 0 1 0 0 1 0 0 1 1 1 1 0 1 0 1 0 0 1 1 0 1 0 0
 1 0 1 1 0 0 0 1 1 0 1 1 1 0 0 0 1 0 1 1 0 1 1 0 1 0 0 1 1 0 0 1 0 0 1 0 1
 1 1 1 0 1 1 0 1 0 1 1 0 1 0 1 1 1 1 1 1 0 1 0 1 1 0]
At 18901/30000: COST 0.000/4.796(0.002) -- Acc 1.000/0.480(1.000)
[1 0 0 0 0 0 1 1 1 1 1 0 0 1 0 0 1 0 1 0 1 1 0 1 1 1 0 0 1 0 0 1 0 1 1 1 1
 1 1 1 1 0 0 0 0 1 0 0 1 0 1 0 1 0 0 0 0 1 0 1 1 1 1 1 1 1 0 0 1 1 1 1 1 1
 1 0 1 1 1 0 1 1 1 1 1 0 0 1 1 1 0 1 0 1 0 0 1 0 1 0]
At 19001/30000: COST 0.000/4.915(0.001) -- Acc 1.000/0.490(1.000)
[0 1 1 1 1 0 1 1 0 0 1 1 0 1 0 0 0 0 0 0 0 1 0 0 1 1 1 0 1 1 1 1 1 0 1 1 1
 1 1 1 0 1 1 1 1 1 0 1 0 0 0 1 1 1 0 1 0 0 1 1 1 1 1 1 1 0 1 0 1 0 0 1 0 1
 0 0 1 0 0 0 1 1 1 1 0 0 0 1 1 0 1 1 0 0 1 0 1 1 0 0]
At 19101/30000: COST 0.000/5.099(0.001) -- Acc 1.000/0.480(1.000)
[1 1 0 1 0 1 0 0 1 1 1 1 0 0 1 0 1 0 1 0 0 1 0 1 0 1 1 1 0 1 1 1 0 0 1 1 0
 1 0 0 1 1 0 0 0 0 1 0 1 1 0 1 1 0 1 1 1 0 0 1 1 1 1 1 1 1 0 1 1 0 0 0 1 1
 1 0 0 1 0 1 1 1 1 0 1 0 0 1 1 0 1 0 0 1 0 1 1 0 1 1]
At 19201/30000: COST 0.000/5.212(0.000) -- Acc 1.000/0.490(1.000)
[1 1 1 1 1 0 0 1 1 1 0 1 0 1 1 0 0 0 0 0 1 1 0 1 1 1 1 1 0 0 0 1 1 1 1 1 0
 1 1 0 1 1 0 1 0 1 0 1 1 0 0 1 1 0 1 1 0 1 1 1 0 1 0 0 1 1 1 1 0 0 0 0 1 1
 1 0 0 0 0 0 1 1 1 1 1 1 0 1 0 0 0 1 0 1 0 0 1 0 1 1]
At 19301/30000: COST 0.000/5.204(0.000) -- Acc 1.000/0.510(1.000)
[1 0 0 1 1 1 0 1 1 0 0 0 1 0 0 1 0 1 1 0 1 0 0 1 0 1 1 0 0 1 1 1 1 1 0 0 0
 0 0 1 1 0 0 1 1 1 0 1 0 1 0 1 1 0 0 1 0 0 1 0 0 0 1 1 1 0 1 0 1 1 0 0 0 1
 1 1 0 1 1 0 1 1 0 1 1 1 0 1 1 1 1 1 1 0 1 1 1 0 1 0]
At 19401/30000: COST 0.000/5.118(0.000) -- Acc 1.000/0.490(1.000)
[0 0 0 1 1 1 1 1 1 1 0 1 1 1 0 0 1 1 0 1 1 1 0 0 0 1 0 1 0 1 1 0 0 1 0 1 0
 1 0 1 1 0 1 1 0 0 1 1 0 1 1 1 0 1 1 0 0 1 0 1 0 0 1 1 1 0 1 1 1 1 1 1 1 0
 0 1 1 1 1 1 0 1 0 0 1 0 0 1 0 0 0 1 1 0 1 1 1 0 1 1]
At 19501/30000: COST 0.046/2.669(0.069) -- Acc 0.990/0.450(0.981)
[1 0 0 1 0 1 1 1 0 0 0 1 0 1 0 0 1 0 0 1 1 1 0 1 1 0 1 1 0 1 1 0 0 0 1 1 1
 0 0 0 0 0 1 0 0 1 1 0 0 0 1 0 1 0 1 0 1 0 1 1 1 1 0 0 0 1 1 1 1 1 1 0 1 0
 0 0 1 0 1 0 1 0 1 0 0 0 0 1 0 1 0 0 1 1 0 1 1 1 1 1]
At 19601/30000: COST 0.004/3.440(0.032) -- Acc 1.000/0.460(0.992)
[1 0 0 0 0 0 0 1 1 1 1 0 1 0 1 1 1 1 0 1 1 1 0 0 0 0 1 1 1 0 1 0 1 1 0 1 0
 1 0 1 0 1 0 1 1 0 0 0 1 1 0 0 1 0 0 1 0 1 1 0 1 1 1 0 1 0 0 0 0 1 1 0 1 0
 1 0 0 1 1 1 1 1 1 0 0 1 0 1 1 1 0 1 1 1 0 0 1 1 0 0]
At 19701/30000: COST 0.002/3.911(0.014) -- Acc 1.000/0.450(0.997)
[1 1 0 1 1 1 0 1 1 0 0 0 1 0 1 0 1 1 1 1 0 1 1 1 0 1 0 1 0 1 0 0 0 0 1 1 0
 0 0 0 1 1 1 0 0 0 0 1 1 1 1 1 1 0 0 1 0 0 0 0 0 1 1 1 1 0 0 0 0 1 1 1 0 0
 1 0 1 1 1 1 0 0 0 0 1 0 1 0 0 1 1 1 0 1 0 1 1 1 1 1]
At 19801/30000: COST 0.001/4.150(0.006) -- Acc 1.000/0.470(0.999)
[0 1 1 1 0 1 0 0 1 0 0 1 1 1 1 1 1 1 1 0 1 1 0 1 0 1 0 1 0 0 1 0 1 0 1 0 0
 1 0 1 1 0 1 0 1 1 0 0 0 1 1 1 0 0 1 0 1 0 0 1 0 1 0 1 1 1 1 1 1 0 0 1 0 1
 0 1 0 0 1 1 0 1 1 0 1 1 0 0 1 1 0 0 1 0 1 0 0 0 0 1]
At 19901/30000: COST 0.001/4.373(0.003) -- Acc 1.000/0.470(1.000)
[0 1 0 1 1 0 0 1 1 0 1 1 1 1 1 1 1 0 0 0 0 1 0 0 1 0 1 0 1 0 0 1 1 0 0 0 1
 1 0 1 1 0 0 0 1 1 1 1 0 1 0 0 1 0 1 0 1 1 1 1 1 1 0 0 0 0 1 0 1 1 0 0 0 0
 1 0 0 1 1 1 1 1 0 0 1 0 1 0 1 0 0 0 0 1 0 1 1 1 1 0]
At 20001/30000: COST 0.001/4.672(0.001) -- Acc 1.000/0.450(1.000)
[1 1 1 0 1 1 1 1 0 0 1 0 0 1 0 1 0 1 1 1 0 0 1 1 1 1 0 0 0 1 0 1 0 1 1 0 1
 1 0 1 0 0 1 0 1 0 1 1 1 1 1 1 1 0 1 1 1 1 0 0 0 1 0 1 0 0 0 1 0 0 1 0 0 1
 1 1 0 1 0 0 0 1 1 1 0 0 0 0 1 0 1 1 0 0 0 1 0 0 1 0]
At 20101/30000: COST 0.023/3.137(0.025) -- Acc 1.000/0.480(0.993)
[1 1 1 0 0 1 1 0 1 0 0 0 1 1 1 1 0 0 0 0 0 0 0 0 0 1 1 0 1 0 0 1 1 1 0 1 1
 1 1 1 1 0 1 1 0 1 0 0 1 0 0 1 0 1 0 1 1 0 0 0 0 1 1 0 0 1 1 1 1 0 0 1 0 1
 1 0 1 0 1 1 0 0 0 1 1 0 0 1 0 0 1 1 1 0 0 0 1 0 0 1]
At 20201/30000: COST 0.001/3.371(0.013) -- Acc 1.000/0.510(0.997)
[1 0 0 1 0 1 0 1 1 0 0 1 0 1 1 1 1 0 1 0 1 0 0 1 0 1 1 0 1 0 1 1 1 1 1 0 0
 1 1 0 0 0 1 0 0 0 0 1 0 1 1 1 0 1 0 1 0 0 0 1 0 1 0 1 0 1 1 0 0 0 0 0 1 1
 0 1 0 0 0 1 0 0 1 0 1 1 1 1 0 1 0 0 1 0 1 1 1 1 1 1]
At 20301/30000: COST 0.000/3.803(0.006) -- Acc 1.000/0.490(0.999)
[1 0 0 1 0 1 0 0 1 1 1 0 0 0 0 0 0 0 0 0 0 0 1 1 1 0 1 1 0 1 1 1 0 0 0 1 0
 0 1 1 1 0 1 1 1 1 1 0 1 1 0 0 0 0 1 1 1 1 0 0 1 1 1 1 0 0 0 1 0 0 1 1 1 0
 1 0 1 1 0 0 1 0 1 1 0 0 1 1 0 0 0 1 1 1 0 0 0 1 1 1]
At 20401/30000: COST 0.001/3.875(0.002) -- Acc 1.000/0.480(1.000)
[1 1 1 0 0 1 0 0 1 0 0 0 1 0 0 1 0 0 0 1 0 1 0 1 0 0 0 1 1 1 1 0 0 1 0 1 0
 1 1 1 0 1 1 1 1 1 1 0 1 0 0 1 0 0 0 1 0 1 1 0 1 1 1 0 1 0 0 0 0 1 0 1 1 1
 0 1 1 1 0 1 0 1 1 1 1 0 0 0 1 0 1 1 1 1 1 1 1 0 1 0]
At 20501/30000: COST 0.000/3.996(0.001) -- Acc 1.000/0.500(1.000)
[1 1 0 1 1 0 1 1 1 0 1 0 0 0 1 0 0 1 1 0 0 0 1 0 0 1 1 0 0 1 0 1 1 0 1 1 0
 0 1 0 1 1 1 1 1 0 0 0 0 1 1 0 0 0 1 1 0 1 0 1 0 0 1 1 0 0 1 1 0 0 1 0 0 1
 0 1 1 0 0 1 1 0 1 1 1 0 1 1 1 0 1 1 1 0 1 0 1 1 0 1]
At 20601/30000: COST 0.000/4.054(0.001) -- Acc 1.000/0.510(1.000)
[1 1 1 1 1 0 0 0 1 0 1 1 0 0 0 0 1 0 0 0 1 0 1 0 1 0 1 0 0 1 0 1 1 1 0 1 0
 1 1 0 1 0 0 1 1 1 0 1 0 0 0 1 0 0 1 1 1 1 1 0 1 1 1 1 0 0 1 1 1 0 0 1 1 0
 1 1 0 1 0 1 1 1 1 1 0 1 0 0 0 0 0 1 1 1 0 0 0 1 0 0]
At 20701/30000: COST 0.000/4.126(0.000) -- Acc 1.000/0.500(1.000)
[1 0 0 0 1 1 1 1 0 1 1 1 0 1 0 0 1 1 1 1 0 1 1 0 0 0 1 0 0 0 1 1 1 0 1 1 0
 1 1 1 1 0 0 1 0 0 1 1 0 1 0 0 1 1 0 1 0 0 0 0 1 1 0 0 0 1 1 1 0 0 1 1 1 1
 1 1 1 1 0 1 0 1 1 0 0 0 0 1 1 1 1 0 0 0 1 1 0 0 0 1]
At 20801/30000: COST 0.000/4.286(0.000) -- Acc 1.000/0.520(1.000)
[1 1 1 1 0 0 1 0 1 1 1 1 0 1 0 1 0 0 1 0 1 0 1 1 1 1 1 0 0 1 0 1 0 1 1 1 1
 1 0 0 0 0 1 0 1 1 1 0 1 0 0 0 1 1 0 0 1 0 1 1 0 1 0 1 1 0 0 0 1 1 0 1 1 1
 0 0 0 0 1 1 0 0 1 1 1 1 0 1 0 0 0 0 0 0 1 0 1 1 0 1]
At 20901/30000: COST 0.000/4.292(0.000) -- Acc 1.000/0.530(1.000)
[0 0 1 0 0 0 0 1 1 0 0 1 0 1 1 1 1 1 1 1 1 0 0 1 0 1 1 1 1 0 1 0 1 1 0 0 0
 0 1 1 1 0 1 0 0 0 1 1 0 0 0 0 1 0 1 0 1 1 1 1 1 0 1 1 1 1 0 1 0 1 0 0 1 0
 1 1 0 0 1 1 0 1 0 1 1 0 0 1 0 0 1 0 1 0 0 1 1 1 1 1]
At 21001/30000: COST 0.000/4.391(0.000) -- Acc 1.000/0.540(1.000)
[1 1 1 1 1 1 1 0 1 1 0 0 1 1 0 0 0 1 0 1 1 0 1 0 0 1 1 0 0 1 0 0 0 1 1 1 0
 1 0 0 1 1 1 1 1 0 0 1 0 0 1 0 1 1 0 1 0 0 0 1 1 0 0 1 0 0 0 1 1 0 1 0 1 1
 1 0 0 1 1 0 1 0 1 1 1 1 1 0 0 0 1 1 1 0 1 1 0 0 1 0]
At 21101/30000: COST 0.000/4.401(0.000) -- Acc 1.000/0.540(1.000)
[0 0 1 1 0 1 1 1 1 1 1 1 0 1 0 0 0 1 1 0 0 1 1 1 1 1 1 1 1 0 1 1 1 0 0 0 1
 1 0 0 0 0 1 0 1 0 1 1 0 0 0 1 1 0 1 1 0 1 0 1 1 1 1 1 0 0 0 0 1 0 1 0 0 1
 0 1 0 0 1 1 1 0 0 0 0 1 1 0 0 1 1 1 0 0 1 0 1 0 1 1]
At 21201/30000: COST 0.001/4.407(0.000) -- Acc 1.000/0.540(1.000)
[1 1 1 0 1 0 1 1 0 0 1 1 0 0 1 0 0 1 1 1 1 0 1 1 0 1 1 0 1 0 1 1 1 1 1 1 0
 0 1 0 0 1 0 0 1 0 0 0 0 1 1 0 1 1 1 1 1 0 0 1 1 0 0 1 1 1 0 0 0 0 1 1 0 0
 0 1 0 0 0 0 0 1 0 1 1 1 0 1 1 1 0 1 1 1 1 1 0 1 0 0]
At 21301/30000: COST 0.000/4.552(0.000) -- Acc 1.000/0.540(1.000)
[0 1 0 0 1 0 1 0 0 1 1 1 0 0 0 1 0 0 1 0 0 1 1 1 0 0 1 1 1 0 0 1 1 1 1 1 1
 1 1 0 1 1 0 1 1 1 1 0 0 0 0 1 1 0 1 1 1 1 1 0 1 0 0 0 1 1 1 0 1 1 0 1 0 1
 0 0 0 0 0 1 1 0 1 0 1 0 1 0 1 0 0 0 0 1 1 0 1 1 1 1]
At 21401/30000: COST 0.000/4.669(0.000) -- Acc 1.000/0.540(1.000)
[1 0 1 1 0 1 0 1 1 0 1 0 0 0 1 0 1 1 0 0 1 0 1 1 0 0 0 0 0 1 0 1 1 1 1 0 0
 0 1 0 0 0 1 1 1 1 1 0 1 1 1 0 1 0 1 1 0 0 0 0 0 0 0 0 0 0 1 1 1 1 0 0 1 1
 1 0 0 0 1 1 1 0 1 1 0 1 1 1 0 0 1 1 1 1 1 1 0 0 1 1]
At 21501/30000: COST 0.000/4.603(0.000) -- Acc 1.000/0.520(1.000)
[1 0 1 0 0 1 0 1 0 0 1 1 1 1 1 0 1 0 1 1 0 1 1 1 1 0 1 1 0 1 0 0 0 1 1 0 1
 1 0 1 0 1 0 0 0 0 1 1 0 0 0 0 1 0 1 1 1 0 0 1 1 0 0 1 1 0 1 1 1 1 0 0 0 0
 1 1 1 1 1 1 0 0 1 0 0 0 1 0 1 1 0 1 0 0 1 0 0 1 0 1]
At 21601/30000: COST 0.000/4.700(0.000) -- Acc 1.000/0.520(1.000)
[1 0 1 1 1 0 0 1 0 0 1 1 1 1 1 0 1 1 0 1 1 1 1 1 1 1 1 0 1 0 0 1 0 0 1 0 0
 1 1 1 1 1 0 1 1 1 0 1 0 0 1 1 0 0 1 0 1 0 1 0 1 1 0 1 0 0 0 1 0 1 1 1 0 0
 0 1 0 1 1 0 0 0 0 0 1 1 0 0 1 0 0 0 1 1 1 0 1 1 0 0]
At 21701/30000: COST 0.000/5.001(0.000) -- Acc 1.000/0.540(1.000)
[0 1 0 0 1 1 1 1 1 1 0 1 1 1 0 1 1 0 0 1 1 0 0 0 1 1 0 0 1 0 1 1 1 0 0 1 0
 1 0 0 1 1 1 0 1 1 0 0 0 0 0 0 0 1 0 1 1 1 1 0 0 1 1 1 0 1 1 0 1 1 0 0 0 0
 1 1 0 1 1 0 1 0 0 0 1 0 0 0 1 0 0 0 1 1 1 1 1 1 1 1]
At 21801/30000: COST 0.000/5.002(0.000) -- Acc 1.000/0.530(1.000)
[1 1 1 0 1 1 0 1 1 0 0 1 0 1 0 0 0 1 1 1 1 0 0 0 1 1 0 0 0 1 0 1 1 1 1 1 0
 0 0 0 0 1 0 0 0 1 0 0 0 1 0 1 0 1 0 1 1 0 0 0 1 1 1 1 1 1 1 1 0 1 0 1 1 1
 1 1 1 0 0 0 0 1 0 0 0 1 0 1 0 1 1 0 1 0 1 0 1 0 1 0]
At 21901/30000: COST 0.000/4.967(0.000) -- Acc 1.000/0.490(1.000)
[0 1 1 1 0 0 1 0 1 0 1 1 1 0 0 0 0 0 1 1 0 1 1 1 0 1 1 1 1 0 1 1 1 1 1 1 0
 1 0 1 1 0 1 0 1 1 0 1 0 0 1 1 0 1 0 0 1 1 0 0 1 0 1 1 1 0 1 0 0 1 1 1 0 1
 0 1 0 0 0 0 1 0 0 0 1 0 1 0 0 1 1 1 1 0 0 0 0 0 1 0]
At 22001/30000: COST 0.000/5.021(0.000) -- Acc 1.000/0.500(1.000)
[0 0 0 1 1 0 1 0 0 0 1 1 1 1 1 1 1 1 0 0 0 1 1 0 0 0 1 1 0 0 1 0 1 1 0 1 1
 1 1 1 0 0 0 1 1 1 0 1 0 0 0 0 1 0 1 0 1 1 0 1 0 1 0 1 1 0 1 1 0 0 1 1 0 0
 0 1 1 1 0 0 1 0 1 0 1 0 1 1 1 0 0 0 1 1 1 1 1 0 0 1]
At 22101/30000: COST 0.000/5.091(0.000) -- Acc 1.000/0.510(1.000)
[1 0 0 1 1 1 0 0 0 1 0 0 0 1 1 1 0 0 1 0 1 1 0 0 0 0 0 1 0 0 1 1 1 0 0 1 1
 0 0 1 1 0 1 1 1 0 1 0 0 1 1 0 1 0 1 0 1 0 0 1 0 1 0 1 1 1 1 1 1 1 0 1 1 0
 0 0 0 1 1 0 1 1 0 1 0 0 1 0 1 0 1 1 1 1 1 1 1 0 1 1]
At 22201/30000: COST 0.000/5.083(0.000) -- Acc 1.000/0.520(1.000)
[0 1 0 1 0 1 1 1 1 0 0 1 1 0 0 1 0 0 0 1 1 1 1 1 1 0 0 1 0 0 1 0 0 1 0 1 0
 0 1 1 0 0 0 0 1 1 1 1 1 1 1 1 0 0 1 1 1 0 0 1 1 1 1 0 0 0 1 1 0 1 0 0 0 0
 1 1 0 0 1 0 0 1 0 0 0 1 1 0 1 1 1 1 0 1 0 0 1 1 0 1]
At 22301/30000: COST 0.000/5.107(0.000) -- Acc 1.000/0.500(1.000)
[0 1 1 0 1 0 1 1 0 0 1 0 1 1 1 1 0 1 0 1 1 0 0 1 1 1 1 1 0 1 1 0 0 0 0 1 0
 1 0 1 0 1 1 1 0 1 1 0 0 0 0 1 1 0 1 0 0 0 0 0 0 0 0 0 0 1 1 1 1 1 0 1 1 1
 0 0 1 1 1 1 0 0 1 1 0 0 0 1 0 0 0 1 1 1 1 0 1 1 0 1]
At 22401/30000: COST 0.000/5.262(0.000) -- Acc 1.000/0.520(1.000)
[1 0 0 1 1 1 1 0 0 1 1 1 0 1 1 1 0 1 0 1 1 1 1 1 0 1 1 1 1 1 0 1 1 1 0 0 1
 0 1 0 0 1 0 0 0 1 0 0 0 0 0 1 1 1 0 1 0 1 1 0 0 1 0 0 0 1 0 0 0 1 1 1 1 1
 0 0 0 1 1 0 0 1 0 1 0 1 1 1 0 1 0 0 0 1 0 1 1 1 0 0]
At 22501/30000: COST 0.001/5.237(0.000) -- Acc 1.000/0.510(1.000)
[0 0 1 1 0 0 0 0 1 0 1 1 0 1 0 1 1 0 0 1 1 1 1 1 0 1 1 0 1 0 1 0 1 0 0 1 1
 0 1 0 1 0 0 0 0 0 0 0 1 0 1 1 1 1 1 1 0 1 1 1 0 1 0 0 0 1 1 1 1 0 1 1 0 1
 1 1 0 0 1 1 1 1 1 1 0 0 1 1 1 0 0 1 1 1 1 0 0 0 0 0]
At 22601/30000: COST 0.000/5.546(0.000) -- Acc 1.000/0.520(1.000)
[0 0 1 0 0 1 1 0 1 0 1 1 1 0 1 1 1 0 0 1 0 1 0 1 1 1 1 0 0 1 0 1 1 1 0 0 1
 0 1 1 1 0 1 0 1 1 1 0 0 1 0 1 1 0 0 0 1 1 1 0 0 1 0 1 1 1 0 0 1 1 1 1 0 1
 1 1 0 1 1 1 0 1 0 0 1 0 0 1 0 1 1 1 0 0 1 1 0 0 0 0]
At 22701/30000: COST 0.000/5.531(0.000) -- Acc 1.000/0.510(1.000)
[0 0 0 1 1 1 1 0 0 1 1 1 1 0 0 0 0 1 0 0 0 0 1 1 1 1 1 0 1 0 1 1 0 1 1 0 1
 1 1 1 0 1 1 0 1 1 0 0 0 0 0 1 1 1 1 0 1 0 1 1 0 0 1 1 1 1 1 0 1 1 0 0 0 0
 1 0 0 1 0 0 1 0 1 0 0 1 0 0 1 1 1 1 1 1 0 0 0 1 1 1]
At 22801/30000: COST 0.000/5.312(0.000) -- Acc 1.000/0.520(1.000)
[1 0 0 1 1 0 0 1 0 1 1 1 0 1 0 1 1 0 1 1 1 0 1 1 0 0 0 1 0 0 0 1 0 0 1 1 1
 1 1 0 0 1 1 0 0 1 1 0 1 1 1 1 1 0 1 0 1 0 1 0 0 0 1 0 0 0 0 0 1 1 1 1 0 0
 1 1 0 1 1 0 1 1 1 0 1 1 1 0 1 0 1 1 1 0 1 0 1 0 1 0]
At 22901/30000: COST 0.000/5.489(0.000) -- Acc 1.000/0.510(1.000)
[0 1 1 1 1 1 1 1 1 0 1 1 1 1 1 0 0 1 1 1 1 1 0 1 1 0 0 1 0 0 1 1 1 0 0 0 0
 0 1 0 1 1 0 0 0 1 1 0 0 1 1 1 1 1 1 1 0 1 0 0 0 1 0 0 0 1 1 0 1 0 0 1 1 1
 0 0 0 1 1 0 0 1 1 0 0 1 0 0 0 0 1 1 0 1 1 0 1 1 0 0]
At 23001/30000: COST 0.000/5.585(0.000) -- Acc 1.000/0.520(1.000)
[1 1 1 1 1 0 1 1 1 1 0 1 1 1 1 1 0 0 1 0 0 1 1 1 1 1 0 0 1 0 1 0 1 1 1 0 0
 1 1 0 1 0 1 1 1 0 1 0 0 0 1 0 1 0 1 0 1 1 1 1 0 1 0 1 1 0 1 1 0 0 0 0 0 0
 0 1 0 0 1 0 0 0 1 1 0 0 1 1 1 1 1 1 1 1 0 1 0 0 0 0]
At 23101/30000: COST 0.000/5.582(0.000) -- Acc 1.000/0.500(1.000)
[0 1 1 0 0 0 1 1 1 0 1 1 1 1 1 1 0 0 0 1 0 1 0 1 0 1 1 0 1 1 0 1 0 0 0 0 1
 0 0 1 0 1 1 1 1 1 0 1 0 0 1 1 0 1 0 0 1 0 0 0 0 0 1 0 1 1 1 0 1 0 1 1 1 0
 1 1 0 1 1 1 1 1 0 1 0 0 1 1 0 1 0 1 0 1 1 0 1 0 1 0]
At 23201/30000: COST 0.000/5.688(0.000) -- Acc 1.000/0.520(1.000)
[0 0 0 0 1 1 1 0 0 1 0 0 1 0 1 1 0 1 1 1 0 0 0 1 0 1 1 1 1 1 1 1 1 0 1 0 1
 1 0 1 1 0 0 1 0 0 0 1 0 0 0 1 1 0 0 0 0 0 0 0 0 0 1 1 0 0 0 1 1 0 1 0 1 0
 1 0 1 1 1 0 0 1 0 0 0 1 0 1 1 1 0 1 1 0 0 1 1 0 0 1]
At 23301/30000: COST 0.000/5.765(0.000) -- Acc 1.000/0.490(1.000)
[0 1 1 0 0 1 1 0 0 1 0 1 0 1 0 0 1 1 0 0 0 1 1 1 1 0 1 1 0 0 1 0 0 0 0 1 1
 1 1 0 1 1 0 0 1 0 0 1 0 0 0 0 0 0 0 0 1 1 1 0 1 0 0 0 0 1 1 1 1 0 0 0 0 1
 1 1 1 0 1 1 0 1 1 0 0 0 0 0 0 1 1 0 0 1 0 1 1 1 1 1]
At 23401/30000: COST 0.251/2.572(0.109) -- Acc 0.910/0.430(0.966)
[1 0 1 1 1 1 0 1 0 0 1 0 0 1 0 1 1 0 0 0 0 0 0 1 0 1 1 1 1 0 1 1 0 0 1 1 1
 0 0 0 1 0 1 1 0 0 0 0 1 0 0 0 0 1 0 1 1 1 0 0 0 0 1 1 0 1 1 0 0 1 1 1 1 0
 1 1 1 1 0 1 0 0 0 0 1 0 1 1 1 1 0 0 0 0 1 0 0 0 0 1]
At 23501/30000: COST 0.043/3.156(0.068) -- Acc 0.990/0.490(0.980)
[1 0 0 1 1 0 1 1 1 0 0 1 0 0 1 1 0 0 0 0 0 0 0 1 1 1 0 0 0 0 0 1 1 1 0 0 0
 1 1 1 0 1 1 1 0 0 1 0 1 0 1 0 1 0 1 1 1 0 1 0 0 0 1 1 0 1 0 1 1 1 0 0 1 1
 1 1 1 0 0 0 1 0 0 0 1 0 1 1 0 0 1 0 1 1 1 0 1 0 0 1]
At 23601/30000: COST 0.017/3.332(0.052) -- Acc 0.990/0.490(0.985)
[0 0 0 0 0 0 1 0 0 0 0 1 1 1 1 1 1 0 0 1 0 0 1 1 0 0 1 0 0 1 1 1 0 1 0 0 0
 0 1 1 1 0 0 1 0 0 0 0 1 0 0 0 0 0 0 1 1 1 0 1 0 0 1 1 1 1 0 1 1 0 1 0 0 1
 0 1 1 1 1 0 1 1 1 0 0 0 0 0 1 1 1 1 0 0 1 0 0 0 0 1]
At 23701/30000: COST 0.002/3.779(0.024) -- Acc 1.000/0.500(0.994)
[1 0 0 0 1 0 1 1 0 0 1 1 0 0 0 1 0 1 0 0 0 0 1 1 0 1 1 0 0 0 1 0 0 1 1 0 0
 1 0 0 1 1 1 0 1 1 0 0 0 0 0 0 0 1 0 0 1 0 1 0 0 1 0 0 0 0 1 1 1 0 1 0 1 1
 1 0 1 1 1 0 1 0 1 1 1 0 0 0 1 1 1 1 0 0 1 0 0 0 0 0]
At 23801/30000: COST 0.002/4.207(0.009) -- Acc 1.000/0.490(0.998)
[0 0 0 1 1 1 0 1 0 0 1 0 1 1 0 0 0 1 0 1 0 0 0 1 0 0 1 1 0 0 1 1 0 1 0 0 0
 0 1 1 0 1 0 1 0 0 0 0 0 0 1 0 0 0 1 1 0 1 0 1 0 1 1 0 1 0 0 1 0 0 1 0 0 1
 0 0 1 1 1 1 0 1 0 0 0 1 1 0 1 0 0 1 1 1 0 1 1 1 1 0]
At 23901/30000: COST 0.000/4.234(0.005) -- Acc 1.000/0.500(0.999)
[1 1 1 0 1 0 0 0 1 1 1 0 0 1 0 0 1 1 0 0 1 1 0 1 1 1 0 0 0 0 1 0 1 0 1 1 0
 1 0 0 0 1 0 0 0 0 1 0 0 0 0 0 0 1 1 0 0 0 0 0 0 1 1 0 0 0 0 1 0 1 1 1 0 1
 1 1 0 1 0 1 0 1 0 1 1 1 1 0 1 1 1 0 1 0 1 1 1 0 0 0]
At 24001/30000: COST 0.000/4.537(0.002) -- Acc 1.000/0.500(1.000)
[1 0 1 0 1 1 0 1 1 0 0 1 1 0 1 0 0 0 0 1 0 0 0 0 1 0 0 0 1 1 0 0 0 0 0 1 0
 1 1 0 0 1 1 0 1 1 1 0 0 1 0 1 1 0 0 1 0 1 0 0 1 0 1 1 1 0 0 0 0 1 0 1 0 1
 0 1 0 1 1 1 0 0 1 0 1 0 0 1 0 0 1 1 0 1 0 1 1 1 1 0]
At 24101/30000: COST 0.000/4.683(0.001) -- Acc 1.000/0.500(1.000)
[1 1 1 1 1 0 0 0 1 1 0 0 1 1 0 0 0 0 1 1 0 1 1 0 0 1 1 1 0 1 0 1 0 0 1 0 0
 1 1 0 0 1 0 1 0 0 1 0 0 0 1 0 0 0 0 1 0 1 0 1 1 0 1 1 0 0 1 1 0 0 1 0 1 0
 0 1 1 0 1 1 1 0 1 0 0 1 0 1 0 0 1 1 0 1 0 1 0 0 1 1]
At 24201/30000: COST 0.000/4.545(0.001) -- Acc 1.000/0.520(1.000)
[1 0 0 0 1 1 1 0 0 0 1 0 1 1 1 0 0 0 0 0 1 1 1 1 1 0 1 0 0 1 0 1 1 1 1 0 0
 1 1 1 1 0 1 1 0 0 0 0 1 1 1 0 1 1 0 0 0 0 1 1 0 1 0 0 1 0 0 0 1 1 1 0 1 0
 0 1 1 1 0 1 0 1 0 1 0 0 0 1 0 1 0 1 0 1 0 1 0 0 1 1]
At 24301/30000: COST 0.001/4.686(0.000) -- Acc 1.000/0.500(1.000)
[0 1 1 0 1 1 1 1 1 0 1 1 0 0 0 0 1 0 0 1 1 0 1 1 1 0 1 1 0 0 1 1 1 0 0 0 1
 1 1 0 1 0 0 1 0 0 1 1 0 0 1 0 1 0 0 0 0 1 0 1 1 0 0 1 1 0 0 1 1 1 0 1 0 1
 1 0 0 1 0 0 1 0 0 0 1 1 1 0 1 1 1 1 0 1 0 0 0 0 1 1]
At 24401/30000: COST 0.001/4.637(0.000) -- Acc 1.000/0.510(1.000)
[0 1 0 1 1 1 0 0 1 1 1 0 1 0 1 1 1 0 1 0 0 0 0 0 0 1 0 1 1 1 0 1 1 0 1 0 0
 1 0 0 0 1 1 0 1 0 0 0 1 1 1 0 1 0 0 0 1 0 1 0 1 1 1 0 0 1 0 0 1 1 1 1 1 1
 1 0 1 0 0 1 1 1 0 0 1 1 0 0 0 1 0 1 0 1 0 0 0 1 1 0]
At 24501/30000: COST 0.000/4.839(0.000) -- Acc 1.000/0.500(1.000)
[0 1 1 1 1 0 0 0 0 0 1 1 1 0 1 0 1 1 0 0 1 0 1 0 0 0 1 0 0 1 1 1 1 0 1 1 0
 1 0 1 0 0 0 1 0 1 1 1 1 0 1 0 0 0 0 1 1 0 1 0 1 0 0 0 1 1 1 1 1 1 0 0 1 1
 0 1 1 0 0 0 0 1 1 1 0 0 1 1 1 1 0 1 0 0 1 1 0 0 0 0]
At 24601/30000: COST 0.000/4.986(0.000) -- Acc 1.000/0.500(1.000)
[0 1 1 1 1 0 1 1 1 1 0 1 0 0 0 1 1 0 0 1 1 1 1 0 0 1 0 0 0 1 0 0 0 0 1 0 0
 0 0 1 0 0 0 0 0 1 1 1 0 1 1 0 1 0 0 0 0 1 1 1 1 1 1 0 0 1 0 1 0 0 0 1 0 1
 0 1 0 1 1 0 0 1 1 1 1 0 1 1 1 1 0 1 0 0 1 0 0 0 1 0]
At 24701/30000: COST 0.000/4.946(0.000) -- Acc 1.000/0.520(1.000)
[0 1 0 0 1 1 1 0 0 0 0 1 0 1 1 0 0 1 0 0 0 1 1 0 1 0 1 1 0 0 1 0 1 1 0 0 1
 1 0 0 1 1 1 0 1 1 1 1 0 0 1 0 1 0 1 0 0 1 0 0 1 1 1 0 0 0 0 0 1 1 0 1 0 0
 0 1 1 1 1 0 0 0 1 1 0 1 0 1 1 1 0 0 1 0 1 0 0 0 0 0]
At 24801/30000: COST 0.000/5.001(0.000) -- Acc 1.000/0.520(1.000)
[1 1 1 0 0 0 0 0 0 1 1 1 0 0 1 1 1 1 1 1 1 0 1 1 1 1 0 1 1 1 0 0 1 1 1 0 0
 0 0 0 1 1 0 1 0 0 0 1 0 0 1 0 1 0 0 1 1 1 1 1 0 0 0 1 1 1 0 1 0 1 0 1 1 0
 0 0 0 1 1 0 0 1 0 0 0 0 1 0 0 0 0 1 1 0 0 0 1 0 1 1]
At 24901/30000: COST 0.000/4.929(0.000) -- Acc 1.000/0.510(1.000)
[1 0 0 0 0 0 0 1 1 0 0 1 1 1 1 1 1 0 1 1 0 1 0 0 1 0 1 0 0 1 1 0 0 0 1 0 1
 1 1 0 0 1 1 0 1 1 1 0 1 0 0 1 0 1 1 1 0 0 0 1 0 1 0 1 1 1 0 0 0 0 1 0 0 0
 1 1 1 1 1 0 1 0 1 1 1 0 0 1 0 1 0 0 0 0 1 0 0 1 1 1]
At 25001/30000: COST 0.001/4.970(0.000) -- Acc 1.000/0.500(1.000)
[1 1 0 1 1 1 1 0 1 0 0 0 0 0 0 0 1 1 0 0 1 0 0 0 1 0 0 0 1 1 1 1 1 1 1 0 0
 0 0 1 1 1 1 0 1 0 1 1 0 1 0 0 1 0 0 0 1 1 1 1 0 1 1 0 0 0 1 1 1 1 1 1 0 0
 1 0 0 1 1 0 0 1 0 1 0 1 1 1 1 0 1 1 0 0 0 0 0 1 0 1]
At 25101/30000: COST 0.000/5.152(0.000) -- Acc 1.000/0.510(1.000)
[0 0 1 0 1 1 0 0 1 1 1 1 1 0 0 1 0 0 0 1 0 1 0 0 0 1 0 1 0 1 1 1 1 1 1 1 0
 1 1 1 1 1 0 0 1 0 1 0 1 1 1 0 0 0 1 1 1 0 1 0 1 1 0 1 0 0 1 0 1 1 0 0 0 1
 0 0 1 1 0 1 0 1 0 0 0 1 1 0 0 0 1 0 1 0 1 0 0 0 1 1]
At 25201/30000: COST 0.000/5.067(0.000) -- Acc 1.000/0.510(1.000)
[1 1 0 1 0 1 0 0 1 1 1 0 1 0 1 0 1 0 1 0 0 0 0 1 0 0 0 1 0 0 1 1 0 1 0 1 1
 1 0 0 1 1 0 1 0 0 0 1 0 1 1 1 1 0 0 0 1 0 1 1 1 0 1 0 1 1 1 1 0 0 1 0 1 1
 1 0 1 1 1 1 0 0 0 1 1 0 0 1 0 0 1 1 0 1 0 1 0 0 1 0]
At 25301/30000: COST 0.000/5.366(0.000) -- Acc 1.000/0.490(1.000)
[1 1 1 1 0 1 1 1 0 1 1 1 1 0 0 1 0 1 0 1 1 0 1 0 1 1 1 1 1 0 1 1 1 1 1 1 1
 1 1 0 0 1 0 0 1 1 1 1 0 1 1 1 0 1 0 0 0 0 1 0 0 0 0 0 1 0 0 1 0 1 0 1 0 0
 0 1 0 0 0 0 0 0 1 0 1 0 1 1 0 1 1 0 0 0 1 1 1 0 1 1]
At 25401/30000: COST 0.000/5.540(0.000) -- Acc 1.000/0.470(1.000)
[1 0 0 1 0 0 0 1 1 0 1 1 0 0 1 0 1 1 0 1 0 0 1 1 0 0 1 1 1 0 0 1 0 0 0 1 1
 1 0 0 1 1 0 1 0 1 0 0 1 0 1 1 0 1 0 0 0 1 0 1 1 1 0 0 1 1 0 0 1 0 0 1 0 1
 1 0 0 0 0 1 0 1 0 0 1 0 1 1 0 1 1 0 0 0 0 1 0 0 0 0]
At 25501/30000: COST 0.082/3.070(0.042) -- Acc 0.950/0.480(0.989)
[0 1 0 1 0 1 0 0 0 0 0 1 0 1 0 0 1 1 1 1 1 1 0 1 1 0 1 1 1 1 0 0 1 0 0 1 1
 0 0 1 0 1 1 0 0 1 0 0 1 1 1 0 0 1 0 1 0 0 0 0 1 1 1 1 0 1 0 0 0 0 1 1 1 0
 0 0 1 0 0 0 1 0 1 0 0 1 1 1 0 0 0 0 1 0 1 1 0 1 0 0]
At 25601/30000: COST 0.008/3.604(0.029) -- Acc 1.000/0.460(0.992)
[1 0 1 1 1 1 0 0 1 1 1 0 1 1 0 0 0 0 1 1 0 0 1 0 0 1 0 1 0 1 0 1 1 1 1 0 0
 0 1 1 0 0 0 0 0 1 1 1 0 1 0 0 0 0 0 1 1 0 1 1 1 0 0 0 1 1 0 1 1 0 1 1 1 0
 1 0 1 0 1 1 0 0 1 1 0 0 0 0 0 1 1 0 1 1 0 0 1 0 1 1]
At 25701/30000: COST 0.001/4.004(0.012) -- Acc 1.000/0.520(0.997)
[0 0 0 1 0 1 0 1 1 0 0 1 0 1 0 0 0 0 0 1 0 1 0 0 1 1 0 0 1 0 0 1 1 1 0 1 0
 1 1 0 1 0 0 1 0 1 1 1 1 1 1 1 1 1 0 0 0 1 0 0 1 1 0 0 0 1 1 0 0 1 1 1 0 1
 1 1 1 1 0 1 0 0 0 0 1 0 1 1 0 1 1 0 0 1 0 0 0 0 0 0]
At 25801/30000: COST 0.002/4.106(0.005) -- Acc 1.000/0.510(0.999)
[0 0 0 1 0 1 0 0 0 1 1 0 1 0 1 0 1 1 1 0 1 0 1 1 1 0 1 0 1 1 0 1 0 0 0 1 0
 1 1 0 0 1 0 1 0 1 1 0 0 0 1 1 0 0 1 1 1 0 0 1 1 1 1 0 0 1 1 1 1 1 0 1 0 1
 0 0 0 1 1 0 0 1 1 1 0 0 1 1 1 0 0 0 0 0 0 0 0 0 0 0]
At 25901/30000: COST 0.000/4.179(0.002) -- Acc 1.000/0.570(1.000)
[0 1 1 0 0 1 1 0 0 1 0 1 0 1 0 0 1 0 1 0 0 0 0 1 1 0 1 0 1 1 1 0 0 0 0 0 1
 0 1 0 1 1 1 0 1 0 1 0 1 0 0 0 0 1 0 0 0 1 1 0 0 1 1 0 1 1 1 0 1 0 0 1 0 1
 0 0 1 0 0 0 0 0 1 0 1 1 1 0 1 0 1 1 0 1 1 0 1 1 1 0]
At 26001/30000: COST 0.001/4.613(0.001) -- Acc 1.000/0.480(1.000)
[1 0 1 0 1 0 1 1 0 0 0 0 1 1 0 0 0 1 0 0 0 1 1 0 0 1 1 1 0 0 0 1 0 0 1 0 1
 0 1 1 0 0 1 0 1 1 0 1 1 0 1 1 1 0 0 0 0 1 1 1 0 1 1 0 1 1 0 0 1 0 0 1 1 0
 0 1 0 1 0 1 1 0 0 0 0 1 1 0 1 1 0 1 0 1 0 0 1 1 0 0]
At 26101/30000: COST 0.001/5.084(0.001) -- Acc 1.000/0.450(1.000)
[0 1 0 0 0 1 1 1 0 1 1 0 1 0 0 1 1 0 1 0 0 1 0 1 0 0 0 0 1 0 1 0 0 0 0 0 0
 1 1 0 1 0 0 1 1 0 0 0 0 1 0 0 1 0 1 1 1 0 0 1 1 1 0 1 1 0 1 0 0 0 1 0 1 1
 1 1 1 0 1 0 0 0 0 0 1 1 1 0 1 0 1 1 0 1 1 1 1 1 0 1]
At 26201/30000: COST 0.000/5.145(0.001) -- Acc 1.000/0.480(1.000)
[1 0 1 0 0 0 1 0 1 1 1 0 0 1 1 1 0 1 0 1 1 1 1 0 0 1 0 0 1 0 1 0 1 0 0 0 1
 1 0 1 1 0 1 0 1 1 1 0 0 0 0 1 1 1 1 0 0 0 0 1 1 1 0 0 0 1 0 0 1 0 0 0 0 0
 0 1 1 0 0 0 0 0 1 1 1 1 0 0 0 1 0 0 0 1 0 1 0 1 1 0]
At 26301/30000: COST 0.000/5.207(0.000) -- Acc 1.000/0.470(1.000)
[0 0 0 0 1 0 1 1 1 1 0 0 0 1 0 0 1 1 0 1 0 0 0 1 0 0 1 0 1 0 1 1 1 0 0 1 1
 1 1 0 1 0 1 1 1 1 0 1 0 0 1 0 0 0 0 0 1 0 1 0 0 0 1 0 1 0 1 1 1 1 0 1 0 1
 0 1 1 1 0 0 1 0 1 1 0 1 0 0 1 0 1 0 1 0 0 0 0 0 0 0]
At 26401/30000: COST 0.001/5.355(0.000) -- Acc 1.000/0.470(1.000)
[1 0 0 0 0 1 1 1 0 1 0 1 0 0 0 0 1 1 0 0 0 0 0 0 0 0 0 0 1 1 0 0 1 1 1 1 1
 0 1 1 0 1 1 1 1 0 1 1 1 1 0 0 0 1 0 1 1 0 0 0 1 1 0 1 1 0 1 0 0 0 1 1 0 0
 1 1 1 0 0 1 0 0 0 0 0 1 0 1 1 0 0 0 1 0 1 0 1 1 0 0]
At 26501/30000: COST 0.000/5.315(0.000) -- Acc 1.000/0.470(1.000)
[0 0 0 1 1 0 1 0 1 0 0 0 1 1 0 0 1 0 1 1 0 1 0 1 0 0 1 1 0 1 1 0 0 0 1 1 0
 0 0 0 1 0 1 0 1 0 0 1 0 1 1 0 0 1 1 0 0 0 1 1 0 1 1 0 0 0 0 0 0 1 1 1 1 1
 0 1 0 1 0 0 0 0 0 1 1 1 0 0 1 1 1 1 0 1 1 0 0 0 1 0]
At 26601/30000: COST 0.000/5.485(0.000) -- Acc 1.000/0.470(1.000)
[1 0 1 1 0 0 1 0 1 0 0 1 1 0 1 0 1 0 1 0 1 0 1 1 1 1 1 1 1 1 0 0 1 0 0 0 0
 1 0 1 1 1 1 0 0 0 0 1 1 1 0 1 0 1 0 1 1 1 1 0 0 1 1 0 0 0 0 0 1 1 0 0 1 1
 1 0 0 1 1 0 0 0 0 0 0 0 0 0 1 1 0 0 0 1 0 1 0 1 0 0]
At 26701/30000: COST 0.000/5.541(0.000) -- Acc 1.000/0.490(1.000)
[0 1 0 1 0 0 0 0 0 1 0 0 0 1 1 1 0 0 0 1 0 0 0 1 0 1 0 1 1 0 0 1 0 0 0 0 0
 0 1 1 1 0 0 1 1 1 0 1 0 0 1 1 0 0 1 1 1 0 1 1 0 1 0 0 0 1 0 0 0 1 1 1 0 0
 0 1 1 1 0 0 1 1 0 1 0 1 1 0 0 1 1 1 0 1 1 1 1 0 0 1]
At 26801/30000: COST 0.000/5.607(0.000) -- Acc 1.000/0.480(1.000)
[1 0 1 0 1 0 0 0 0 0 0 0 1 1 1 0 0 0 1 0 1 0 0 1 1 1 0 1 0 1 0 0 1 0 0 1 0
 1 1 0 1 1 0 1 0 0 0 0 1 0 0 0 0 1 0 0 0 0 0 1 1 1 1 1 0 0 0 1 1 1 0 1 1 0
 0 0 0 1 1 1 1 0 1 0 1 1 0 1 0 1 1 1 1 0 1 1 1 0 0 1]
At 26901/30000: COST 0.000/5.823(0.000) -- Acc 1.000/0.490(1.000)
[0 0 0 1 0 0 1 0 1 1 1 0 0 1 0 1 1 0 1 1 1 1 1 0 0 0 1 0 0 0 1 1 0 0 0 1 1
 1 1 1 0 1 0 0 1 1 1 0 0 0 1 1 1 0 0 1 0 1 1 1 1 1 0 0 0 0 0 0 0 0 0 0 0 0
 0 0 1 1 1 1 0 0 0 0 1 0 0 0 0 1 1 0 1 0 0 1 1 1 0 0]
At 27001/30000: COST 0.000/5.977(0.000) -- Acc 1.000/0.420(1.000)
[0 1 1 0 0 0 0 1 1 0 1 0 1 0 1 0 0 1 0 1 0 1 0 1 1 0 1 0 0 0 0 1 0 1 1 0 1
 0 1 1 0 1 0 1 1 0 1 1 0 1 1 0 1 0 1 1 0 1 1 0 1 0 0 1 0 0 0 0 1 0 1 0 1 1
 0 1 0 0 1 1 0 1 0 0 0 1 1 0 1 0 0 0 1 1 1 0 1 1 0 0]
At 27101/30000: COST 0.070/3.220(0.070) -- Acc 0.980/0.440(0.978)
[0 0 0 1 1 0 1 0 1 1 0 1 1 1 1 0 0 0 1 0 0 0 0 1 0 1 0 1 1 0 0 1 1 0 1 0 0
 0 1 0 0 0 1 0 0 1 1 0 1 1 0 0 1 1 1 1 0 1 1 0 0 1 0 1 0 0 1 1 0 1 1 1 1 0
 1 1 0 1 1 1 0 0 0 1 1 0 0 0 0 1 0 0 0 0 1 0 0 1 1 1]
At 27201/30000: COST 0.002/4.063(0.032) -- Acc 1.000/0.440(0.991)
[1 1 0 0 0 1 0 0 1 1 0 1 0 1 0 0 0 1 1 1 0 0 1 1 1 1 1 1 0 0 1 0 1 1 1 1 0
 1 1 1 1 0 1 1 0 0 1 0 1 1 0 0 1 0 0 0 0 0 0 0 1 0 1 1 1 1 0 1 0 1 0 0 1 1
 0 1 0 1 0 1 0 0 0 1 0 0 0 1 1 1 1 1 0 0 0 0 0 1 1 0]
At 27301/30000: COST 0.002/4.641(0.013) -- Acc 1.000/0.420(0.997)
[0 1 0 0 0 0 1 1 0 1 1 0 1 0 1 1 0 1 1 0 0 0 0 0 0 0 1 1 1 1 1 1 0 0 1 1 0
 0 1 1 0 1 0 1 0 0 1 1 1 0 1 0 0 1 1 1 0 1 0 0 0 0 1 1 1 0 1 0 0 1 1 0 1 1
 1 0 0 1 1 1 0 0 0 1 0 1 1 0 0 0 0 0 1 1 0 0 0 1 1 1]
At 27401/30000: COST 0.006/4.717(0.005) -- Acc 1.000/0.450(0.999)
[0 0 0 0 1 0 0 0 1 1 1 1 1 0 1 0 1 0 1 0 1 0 0 1 0 0 1 0 0 1 1 0 1 0 0 1 1
 1 1 1 0 1 0 0 0 0 1 0 1 1 1 1 1 0 0 1 0 1 0 0 0 1 1 0 1 1 0 0 1 0 1 0 0 0
 1 1 0 1 1 0 0 1 0 1 0 0 0 1 0 1 1 0 0 0 1 1 0 1 0 0]
At 27501/30000: COST 0.000/4.668(0.002) -- Acc 1.000/0.460(1.000)
[0 1 1 1 0 0 0 0 1 1 1 1 0 1 1 0 0 0 1 1 0 1 0 0 0 1 0 0 1 0 0 1 0 0 1 1 0
 0 1 0 1 0 0 0 1 1 0 0 0 1 1 0 0 0 1 0 1 1 0 1 0 1 0 0 0 1 1 1 1 1 1 1 0 1
 1 0 0 1 0 0 1 0 0 1 1 0 1 1 0 1 0 1 1 0 0 1 0 1 0 1]
At 27601/30000: COST 0.000/4.729(0.001) -- Acc 1.000/0.460(1.000)
[0 1 1 0 1 0 0 0 0 0 0 1 1 0 1 0 1 0 1 1 1 1 1 0 1 1 0 0 0 1 1 1 0 0 0 1 0
 1 1 1 0 1 1 1 0 1 1 0 1 0 0 0 0 1 0 1 1 0 1 0 1 1 0 1 1 1 1 1 0 0 0 1 0 0
 0 0 0 0 0 0 0 1 0 0 0 1 0 0 1 0 1 1 0 0 1 1 1 1 0 1]
At 27701/30000: COST 0.000/4.758(0.001) -- Acc 1.000/0.480(1.000)
[0 0 0 1 1 0 0 1 1 1 0 1 0 1 1 0 0 0 1 1 1 1 0 0 0 1 1 1 1 1 0 0 1 1 0 0 0
 0 0 1 0 1 1 1 0 1 1 0 0 1 0 0 1 0 1 1 0 1 0 0 0 1 1 0 1 1 0 0 0 0 1 0 0 0
 1 0 0 1 0 1 1 1 0 1 1 1 1 1 0 0 1 0 1 1 0 0 1 1 0 1]
At 27801/30000: COST 0.000/5.009(0.000) -- Acc 1.000/0.460(1.000)
[0 0 1 1 1 1 1 1 0 1 0 1 1 1 1 1 0 1 1 0 1 0 1 0 1 0 0 0 0 1 0 0 1 1 0 1 1
 1 1 1 1 1 1 1 1 0 0 0 1 0 1 0 0 1 0 0 0 1 0 1 1 0 0 1 0 0 1 1 0 0 1 0 0 0
 0 0 1 0 1 0 0 1 0 0 0 0 1 1 1 1 0 0 0 1 0 0 0 1 1 1]
At 27901/30000: COST 0.013/3.677(0.025) -- Acc 1.000/0.440(0.994)
[1 1 1 0 0 0 1 1 0 1 0 1 0 1 0 1 0 0 1 1 1 0 1 0 0 0 0 0 0 0 0 0 1 0 0 1 0
 0 1 1 0 1 1 1 1 0 0 0 1 1 1 1 1 1 1 1 1 0 1 0 1 0 0 0 1 0 1 1 0 0 1 0 0 1
 1 1 1 1 0 0 0 0 0 0 1 0 1 0 1 1 1 0 1 0 1 1 0 0 0 1]
At 28001/30000: COST 0.004/4.570(0.023) -- Acc 1.000/0.430(0.994)
[0 0 0 0 0 0 1 0 0 1 0 1 1 1 0 1 0 1 0 1 1 0 0 0 0 1 0 1 1 0 0 1 1 0 1 0 0
 0 0 1 0 1 1 0 0 1 1 1 1 1 0 0 1 1 0 0 0 0 1 0 1 0 0 0 1 1 0 1 0 0 0 0 0 0
 0 0 1 0 1 0 0 1 1 0 1 1 0 1 0 1 0 1 0 0 1 0 1 0 1 1]
At 28101/30000: COST 0.012/4.289(0.028) -- Acc 1.000/0.420(0.992)
[0 1 0 0 1 1 0 0 1 1 1 1 0 1 1 0 0 0 1 0 1 0 1 1 1 0 0 0 0 0 0 0 0 1 1 0 1
 1 1 0 0 1 0 1 1 0 1 0 1 1 0 1 0 1 0 0 1 0 0 0 0 1 0 0 0 1 0 1 0 1 1 0 0 1
 1 1 0 0 1 1 0 0 0 0 0 0 0 0 1 1 1 1 0 1 0 0 1 0 0 0]
At 28201/30000: COST 0.078/4.627(0.017) -- Acc 0.980/0.470(0.995)
[0 0 1 1 0 1 0 1 1 0 1 0 1 1 0 0 1 0 1 1 0 0 0 0 0 0 1 0 1 1 0 0 0 0 0 1 1
 1 0 1 0 0 0 0 1 1 0 1 1 0 0 1 0 0 1 1 0 0 0 0 1 1 0 1 1 0 1 0 1 0 0 1 1 1
 1 0 0 0 1 0 0 0 1 0 0 0 1 0 1 0 1 1 0 0 1 1 1 1 0 1]
At 28301/30000: COST 0.002/4.385(0.011) -- Acc 1.000/0.470(0.997)
[0 0 0 1 0 1 1 0 1 1 1 1 1 1 0 1 1 0 0 1 1 0 1 1 0 1 0 0 0 1 1 0 0 0 1 1 0
 0 0 1 0 1 1 1 0 0 0 1 1 0 0 1 0 0 1 1 0 1 0 0 0 0 1 0 1 0 1 0 0 0 1 0 1 0
 0 0 1 1 1 0 1 0 1 1 1 0 0 0 1 1 0 1 0 0 1 1 1 1 0 0]
At 28401/30000: COST 0.001/4.333(0.005) -- Acc 1.000/0.520(0.999)
[0 0 0 1 0 0 0 1 1 1 0 0 0 0 0 0 0 0 1 1 0 0 1 0 0 1 0 1 1 1 0 1 0 1 0 1 0
 1 0 1 0 1 1 0 1 0 1 1 1 1 1 1 1 1 0 1 0 0 1 1 1 0 0 0 0 1 0 1 1 1 0 1 1 0
 1 1 0 1 0 0 1 1 1 1 0 0 0 0 0 0 0 1 0 0 0 1 0 1 1 1]
At 28501/30000: COST 0.001/4.571(0.002) -- Acc 1.000/0.520(0.999)
[1 0 0 0 1 0 0 1 0 0 1 0 1 1 1 0 1 1 0 0 0 1 1 0 0 1 1 1 1 0 1 1 0 1 0 1 1
 0 1 1 0 1 0 1 0 0 0 0 1 0 0 0 1 1 1 0 0 1 1 1 1 0 0 1 0 1 0 0 0 1 0 0 1 1
 0 0 0 0 0 0 1 1 0 1 0 0 1 1 1 1 0 1 0 1 0 0 1 0 1 1]
At 28601/30000: COST 0.000/4.767(0.001) -- Acc 1.000/0.520(1.000)
[0 0 0 1 0 0 1 1 0 0 0 1 1 0 0 0 1 0 0 0 1 1 1 0 0 0 0 0 0 1 0 0 1 0 0 0 1
 0 1 0 0 1 0 0 1 0 1 0 1 0 0 1 0 1 1 0 1 1 0 1 1 1 1 1 0 1 0 0 1 1 1 1 1 1
 0 0 0 1 1 0 1 1 1 1 0 1 0 1 0 1 1 0 0 0 1 1 0 0 1 0]
At 28701/30000: COST 0.000/5.095(0.001) -- Acc 1.000/0.500(1.000)
[0 0 1 1 0 1 1 1 0 0 0 1 0 1 0 1 0 0 1 0 1 1 0 1 0 0 0 1 0 1 1 0 1 1 0 1 0
 1 0 1 1 0 0 1 0 1 0 1 0 0 1 0 0 0 1 1 1 0 1 0 1 0 1 1 0 1 1 0 0 0 0 1 1 0
 0 1 0 0 0 1 0 1 0 0 1 0 0 1 0 0 1 1 0 0 1 1 0 0 0 1]
At 28801/30000: COST 0.000/5.347(0.001) -- Acc 1.000/0.470(1.000)
[1 0 0 0 0 1 0 1 0 0 0 1 1 1 0 1 1 0 0 0 1 1 0 1 0 0 0 0 1 1 0 0 0 1 1 0 1
 0 1 1 0 1 0 0 1 1 0 1 1 1 0 1 0 0 0 0 0 0 0 0 1 1 1 1 1 0 1 0 1 0 1 1 1 1
 1 0 0 1 0 1 1 0 1 0 1 0 0 0 0 0 1 0 0 0 1 0 0 0 1 0]
At 28901/30000: COST 0.000/5.516(0.000) -- Acc 1.000/0.480(1.000)
[0 1 1 0 1 1 0 0 1 1 1 0 1 0 0 1 1 0 1 1 1 0 0 0 0 0 0 1 1 1 0 0 0 0 0 0 0
 0 1 0 1 1 0 0 0 1 1 1 0 0 1 1 1 0 1 1 0 0 0 1 1 0 0 1 0 1 0 1 0 0 1 1 0 1
 1 1 0 0 1 0 0 1 1 0 0 1 1 1 1 1 0 0 1 1 0 0 0 1 1 1]
At 29001/30000: COST 0.000/5.523(0.000) -- Acc 1.000/0.450(1.000)
[1 1 0 1 1 0 1 0 0 0 1 1 1 1 0 1 0 1 0 0 1 1 0 1 0 1 0 0 0 0 1 0 1 1 1 1 0
 0 0 1 0 0 0 1 1 1 0 1 0 1 1 0 0 1 1 0 1 0 0 1 1 1 0 0 0 1 1 1 0 1 1 0 1 1
 0 0 1 1 0 1 1 1 1 0 1 1 0 1 0 1 0 0 1 1 1 0 1 0 0 1]
At 29101/30000: COST 0.076/3.927(0.023) -- Acc 0.980/0.540(0.995)
[0 0 1 1 1 0 1 1 0 0 1 0 1 0 0 1 1 0 1 0 0 1 0 0 0 1 0 0 1 1 0 0 0 1 0 0 0
 0 1 1 0 0 1 1 1 0 1 0 1 0 0 0 0 1 0 0 0 1 1 0 1 1 0 1 0 1 0 1 1 0 0 1 1 1
 1 1 0 1 0 1 1 0 1 0 0 1 0 1 1 0 1 1 0 1 0 0 1 1 0 1]
At 29201/30000: COST 0.010/3.727(0.035) -- Acc 1.000/0.420(0.992)
[1 1 0 0 1 0 0 0 0 0 1 0 0 1 0 1 1 1 1 0 1 0 0 0 0 0 1 0 0 0 1 0 1 0 0 0 1
 0 0 0 0 1 1 1 0 0 1 0 0 1 0 0 0 1 1 0 0 0 1 1 1 0 1 0 1 0 0 1 1 0 0 1 0 1
 0 1 0 1 0 0 0 1 1 0 0 1 0 0 0 1 1 0 0 1 0 0 1 0 0 0]
At 29301/30000: COST 0.001/4.597(0.016) -- Acc 1.000/0.500(0.996)
[1 0 1 0 0 0 0 1 0 1 0 0 0 0 1 0 1 1 1 1 1 1 0 0 1 1 0 1 0 0 0 1 0 1 0 1 1
 0 1 1 0 1 0 0 1 1 0 1 0 0 0 0 0 1 1 1 0 1 0 0 0 0 0 1 1 0 1 0 1 0 1 1 0 0
 0 0 1 0 0 0 1 0 0 0 1 1 0 0 1 0 0 1 0 1 0 0 1 0 0 0]
At 29401/30000: COST 0.000/5.009(0.007) -- Acc 1.000/0.470(0.998)
[1 0 0 0 0 0 0 1 0 1 1 1 0 0 1 0 1 0 0 1 0 0 0 0 0 1 0 1 1 1 0 0 0 1 1 1 1
 1 0 0 1 1 1 1 0 1 0 1 1 0 0 1 1 1 0 1 1 1 0 0 0 1 1 0 1 1 1 0 0 1 0 0 0 0
 0 0 1 0 1 0 1 1 0 1 0 0 0 1 1 0 1 1 0 0 0 0 1 0 0 0]
At 29501/30000: COST 0.002/5.047(0.003) -- Acc 1.000/0.450(0.999)
[1 0 1 0 1 1 1 0 0 0 0 1 1 0 0 0 0 0 1 0 1 0 0 1 0 1 0 1 1 0 1 0 0 0 0 0 1
 1 0 1 1 0 0 1 0 1 0 1 0 0 1 1 0 1 1 1 0 0 1 1 1 0 0 0 0 0 0 0 1 0 1 0 0 1
 1 0 0 0 1 1 0 1 1 0 0 0 0 1 1 1 0 1 0 0 0 0 1 1 1 1]
At 29601/30000: COST 0.000/5.227(0.002) -- Acc 1.000/0.460(1.000)
[1 1 0 1 1 0 0 1 0 1 0 0 1 0 0 1 1 0 0 1 1 0 1 1 0 1 1 0 1 1 0 1 0 0 0 1 0
 0 0 1 0 0 1 0 1 1 0 0 1 1 1 1 1 1 1 0 0 0 1 1 0 0 0 0 1 1 0 1 1 1 1 1 1 0
 0 0 1 0 0 0 0 1 0 0 0 1 0 1 0 0 0 0 0 0 1 1 0 0 0 0]
At 29701/30000: COST 0.000/5.351(0.001) -- Acc 1.000/0.450(1.000)
[0 0 0 1 0 0 0 1 1 1 0 0 1 1 1 1 1 0 0 0 0 1 1 0 1 1 0 0 0 1 1 0 0 1 1 0 1
 0 1 1 1 0 0 0 1 1 0 1 0 0 1 1 0 0 1 0 0 0 1 0 1 0 0 0 1 0 1 0 1 0 1 1 0 0
 1 0 1 1 0 1 0 0 1 0 0 1 1 0 0 0 1 0 0 0 0 1 0 0 1 0]
At 29801/30000: COST 0.000/5.223(0.001) -- Acc 1.000/0.450(1.000)
[0 1 0 0 1 0 1 0 1 0 0 1 0 0 0 1 0 1 0 0 0 0 1 0 0 0 1 1 1 1 0 0 1 0 1 1 1
 0 1 1 1 1 1 0 0 0 0 1 1 0 1 0 0 1 0 0 0 1 0 0 0 0 0 0 1 0 0 0 1 1 0 0 0 1
 1 1 0 0 1 1 1 0 0 1 1 0 0 1 0 1 1 1 0 0 1 0 1 1 0 0]
At 29901/30000: COST 0.000/5.506(0.000) -- Acc 1.000/0.450(1.000)
