[1 0 0 0 1 0 1 1 1 1 0 1 0 1 1 0 1 1 1 0 1 1 1 1 0 1 0 0 0 0 0 1 1 1 1 1 0
 0 1 1 0 0 0 0 1 1 1 1 1 1 1 1 1 0 1 0 0 0 0 1 1 1 0 0 1 1 0 1 0 1 1 1 0 1
 0 0 1 1 0 1 0 1 1 1 1 1 1 0 1 1 1 1 1 1 1 0 0 0 1 0]
 Training accuracy at 0 out of 20000 is 0.487(0.520),cost is 8.461(0.721)
[1 0 0 0 1 0 1 1 1 1 0 1 0 1 1 0 1 1 0 0 0 1 1 1 0 1 0 0 0 0 0 1 1 1 1 1 0
 0 1 1 0 0 0 0 1 1 1 1 1 1 0 1 1 0 0 0 0 0 0 1 1 1 0 0 1 1 0 1 0 1 1 0 0 1
 0 0 1 1 0 1 0 1 1 1 0 1 1 0 0 1 0 1 1 1 1 0 0 0 1 0]
 Training accuracy at 100 out of 20000 is 0.513(0.540),cost is 8.264(0.715)
[1 0 0 0 1 0 0 1 1 1 0 1 0 1 1 0 1 0 0 0 0 1 1 1 0 1 0 0 0 0 0 1 1 1 0 1 0
 0 1 1 0 0 0 0 1 0 1 1 1 1 0 1 1 0 0 0 0 0 0 1 1 1 0 0 1 1 0 1 0 1 1 0 0 1
 0 0 1 1 0 1 0 1 1 0 0 1 1 0 0 1 0 1 1 1 1 0 0 0 1 0]
 Training accuracy at 200 out of 20000 is 0.526(0.490),cost is 8.129(0.712)
[1 0 0 0 1 0 0 1 1 1 0 1 0 1 1 0 1 0 0 0 0 1 1 1 0 1 0 0 0 0 0 1 1 1 0 1 0
 0 1 1 0 0 0 0 1 0 1 1 1 1 0 1 1 0 0 0 0 1 0 1 1 1 0 0 1 1 0 1 0 1 1 0 0 1
 0 0 1 1 0 1 0 0 1 0 0 1 1 0 0 1 1 1 1 1 1 0 0 0 1 0]
 Training accuracy at 300 out of 20000 is 0.545(0.480),cost is 8.018(0.710)
[1 0 0 0 1 0 0 1 1 1 0 1 0 1 1 0 1 0 0 0 0 1 1 1 0 1 0 0 0 0 0 1 1 1 0 1 0
 0 1 1 0 0 0 0 1 0 1 1 1 1 0 1 1 0 0 0 0 1 0 1 1 1 0 0 1 1 0 1 0 1 1 0 0 1
 0 0 1 1 0 1 0 0 1 0 0 1 1 0 0 1 1 1 1 1 1 0 0 0 1 0]
 Training accuracy at 400 out of 20000 is 0.560(0.480),cost is 7.926(0.707)
[1 0 0 1 1 0 0 1 1 1 0 1 0 1 1 0 1 0 0 0 0 1 1 1 0 1 0 0 0 0 0 1 1 1 0 1 0
 0 1 1 0 0 0 0 1 0 1 1 1 1 1 1 1 0 0 0 0 1 0 1 1 1 0 0 1 1 0 1 0 1 1 0 0 1
 0 0 1 1 0 1 0 0 1 0 0 1 1 0 0 1 1 1 1 1 1 0 0 0 1 0]
 Training accuracy at 500 out of 20000 is 0.572(0.500),cost is 7.843(0.706)
[1 0 0 1 1 0 0 1 1 1 1 0 0 1 1 0 1 0 0 0 0 1 1 1 0 1 0 0 0 0 0 1 0 1 0 1 0
 0 1 0 0 0 0 0 1 0 1 1 1 1 1 1 1 0 0 0 0 1 0 1 1 1 0 0 1 1 0 1 0 1 1 0 0 1
 0 0 1 1 0 1 0 0 1 0 0 1 1 0 0 1 1 1 1 1 1 0 0 0 1 0]
 Training accuracy at 600 out of 20000 is 0.577(0.520),cost is 7.769(0.704)
[1 0 0 1 1 0 0 1 1 1 1 0 0 1 1 0 1 0 1 0 0 1 1 1 0 1 0 0 0 0 0 0 0 1 0 1 0
 0 1 1 0 0 0 0 1 0 1 1 1 1 1 1 1 1 0 0 0 1 0 1 1 1 0 0 1 1 0 1 0 1 1 0 0 1
 0 0 1 1 0 1 0 0 1 0 0 0 1 0 0 1 1 1 1 1 1 0 0 0 1 0]
 Training accuracy at 700 out of 20000 is 0.591(0.490),cost is 7.697(0.704)
[1 0 0 1 1 0 0 1 1 1 1 0 0 1 1 0 1 0 1 0 0 1 1 1 0 1 0 0 0 0 0 0 0 1 0 1 0
 0 1 0 0 0 0 0 1 1 1 1 1 1 1 1 1 1 0 0 0 1 0 1 0 1 0 0 1 1 0 1 0 1 1 0 0 0
 0 1 1 0 1 1 0 0 1 0 0 0 1 0 0 1 1 1 1 1 1 0 0 0 1 0]
 Training accuracy at 800 out of 20000 is 0.598(0.500),cost is 7.627(0.703)
[1 0 0 1 1 0 0 1 1 1 1 0 0 1 1 0 1 0 1 0 0 1 1 1 0 1 0 0 0 0 1 0 0 1 0 1 0
 0 1 0 0 0 0 0 1 1 1 1 1 1 1 1 1 1 0 0 0 1 0 1 0 1 0 0 1 1 0 1 0 1 1 0 0 0
 0 1 1 0 1 1 0 1 1 0 0 0 1 0 0 1 1 1 1 1 1 0 0 0 1 0]
 Training accuracy at 900 out of 20000 is 0.606(0.500),cost is 7.564(0.703)
[1 0 0 1 1 1 0 1 1 1 1 0 1 1 1 0 1 0 1 0 0 1 0 1 0 1 0 0 0 0 1 0 0 1 0 1 0
 0 1 0 0 0 0 0 1 1 1 1 1 1 1 1 1 1 0 0 0 1 0 1 0 1 0 0 1 1 0 1 0 1 1 0 0 0
 0 1 1 0 1 1 0 1 1 0 0 0 1 0 0 1 1 1 1 1 1 0 0 0 1 0]
 Training accuracy at 1000 out of 20000 is 0.616(0.490),cost is 7.504(0.704)
[1 0 0 1 1 1 0 1 1 1 1 0 1 1 1 0 1 0 0 0 0 1 0 1 0 1 0 0 0 0 1 0 0 1 0 1 0
 0 1 0 0 0 0 0 1 1 1 1 1 1 1 0 1 1 0 0 0 1 0 1 0 1 0 0 1 1 0 1 0 1 1 0 0 0
 0 1 1 0 0 1 0 1 1 0 0 0 1 0 0 1 1 1 0 1 1 0 0 0 1 0]
 Training accuracy at 1100 out of 20000 is 0.632(0.510),cost is 7.445(0.703)
[1 0 0 0 1 1 0 1 1 0 1 0 1 1 1 0 1 0 0 0 0 1 0 1 0 1 0 0 0 0 1 0 0 1 0 1 0
 0 1 0 0 0 0 0 1 1 1 1 1 1 1 0 1 1 0 0 0 1 0 1 0 0 0 0 0 1 0 1 0 1 0 0 0 0
 0 1 1 0 0 1 0 1 1 0 0 0 1 0 0 1 1 1 0 0 1 0 0 1 1 0]
 Training accuracy at 1200 out of 20000 is 0.642(0.520),cost is 7.388(0.703)
[1 0 0 0 1 1 0 1 1 0 1 0 1 1 1 0 1 0 0 0 0 1 0 0 0 1 0 0 0 0 1 0 0 1 0 1 0
 0 1 0 0 0 0 0 1 1 1 1 1 1 1 0 1 1 0 0 0 1 0 1 0 0 0 0 0 1 0 1 0 1 0 0 0 0
 0 1 1 0 0 1 0 1 1 0 0 0 1 0 0 1 1 1 0 0 1 0 0 1 1 0]
 Training accuracy at 1300 out of 20000 is 0.648(0.510),cost is 7.334(0.704)
[1 0 0 0 1 1 0 1 1 0 1 0 1 1 1 0 1 0 0 0 0 1 0 1 0 1 0 0 0 0 1 0 0 1 0 1 0
 0 1 0 0 0 0 0 1 1 1 1 1 1 1 0 1 1 0 0 0 1 0 1 0 0 0 0 0 1 0 1 0 1 0 0 0 0
 0 1 1 0 0 1 0 1 1 0 0 0 1 0 1 1 1 1 0 0 1 0 1 1 1 0]
 Training accuracy at 1400 out of 20000 is 0.655(0.520),cost is 7.283(0.704)
[1 0 0 1 1 1 0 1 1 0 1 0 1 1 1 0 1 0 0 0 0 1 0 0 0 1 0 0 0 0 1 0 0 1 0 1 0
 0 1 0 0 0 0 0 1 1 1 1 1 1 1 0 1 1 0 0 0 1 0 1 0 0 0 0 0 1 0 1 0 1 0 0 0 0
 0 1 1 0 0 1 0 1 1 0 0 0 1 0 1 1 1 1 0 0 1 0 1 1 1 0]
 Training accuracy at 1500 out of 20000 is 0.662(0.520),cost is 7.233(0.705)
[1 0 0 1 1 1 0 1 1 0 1 0 1 1 1 0 1 0 0 0 0 1 0 1 0 1 0 0 0 0 1 0 0 1 0 1 0
 0 1 0 0 0 0 0 1 1 1 1 1 1 1 0 1 1 0 0 0 1 0 1 0 0 0 0 0 1 0 1 0 1 0 0 0 0
 0 1 1 0 0 1 0 1 1 0 0 0 1 0 1 1 1 1 0 0 1 0 1 1 1 0]
 Training accuracy at 1600 out of 20000 is 0.668(0.530),cost is 7.181(0.705)
[1 0 0 1 1 1 0 1 1 0 1 0 1 1 1 0 1 0 0 0 0 1 0 0 0 1 0 1 0 0 1 0 0 1 0 1 0
 0 1 0 0 0 0 0 1 1 1 1 0 1 1 0 1 1 0 0 0 1 0 1 0 0 0 0 0 1 0 1 0 1 0 0 0 0
 0 1 1 0 0 1 0 1 1 0 0 0 1 0 1 1 1 1 0 0 1 0 1 1 1 0]
 Training accuracy at 1700 out of 20000 is 0.674(0.520),cost is 7.128(0.707)
[1 0 0 1 1 1 0 1 1 0 1 0 1 1 1 0 1 0 0 0 0 1 0 0 0 1 0 1 0 0 1 0 0 1 0 1 0
 0 1 0 0 0 0 0 1 1 1 1 0 1 1 0 1 1 0 0 0 1 0 1 0 0 0 0 0 1 1 1 0 1 0 0 0 0
 0 1 1 0 0 1 0 1 1 0 0 0 1 0 1 1 1 1 0 0 1 0 1 1 1 0]
 Training accuracy at 1800 out of 20000 is 0.686(0.530),cost is 7.077(0.708)
[1 0 0 1 1 1 0 1 1 0 1 0 1 1 1 0 1 0 0 0 0 1 0 0 0 1 0 1 0 0 1 0 0 1 0 1 0
 0 1 0 0 0 0 1 1 1 1 1 0 1 1 0 1 1 0 0 0 1 0 1 0 0 0 0 0 1 1 1 0 1 0 0 0 0
 0 1 1 0 0 1 0 1 1 0 0 0 1 0 1 1 1 1 0 0 1 0 1 1 1 0]
 Training accuracy at 1900 out of 20000 is 0.685(0.520),cost is 7.026(0.709)
[1 0 0 1 1 1 0 1 1 0 1 0 1 1 1 0 1 0 0 0 0 1 0 0 0 1 0 1 0 0 1 0 0 1 0 1 0
 0 1 0 0 0 0 1 1 1 1 1 0 1 1 0 1 1 0 0 0 1 0 1 0 0 0 1 0 1 1 1 0 1 0 0 0 0
 0 1 1 0 0 1 0 1 1 0 0 0 1 0 1 1 1 1 0 0 1 0 1 1 1 0]
 Training accuracy at 2000 out of 20000 is 0.694(0.510),cost is 6.976(0.710)
[1 0 0 1 1 1 0 1 1 0 1 0 1 1 1 0 1 0 0 0 0 1 0 0 0 1 0 1 0 0 1 0 0 1 0 1 0
 0 1 0 0 0 0 0 1 1 1 1 0 0 1 0 1 1 0 0 0 1 0 1 0 0 0 0 0 1 0 1 0 1 0 0 0 0
 0 1 1 0 0 1 0 1 0 0 0 0 1 0 1 1 1 1 0 0 1 0 1 1 1 0]
 Training accuracy at 2100 out of 20000 is 0.695(0.540),cost is 6.929(0.710)
[1 0 0 1 1 1 0 1 1 0 1 0 1 1 1 0 1 0 0 0 0 1 0 0 0 1 0 1 0 0 1 0 0 1 0 1 0
 0 1 0 0 0 0 0 1 1 1 1 0 0 1 0 1 1 0 0 0 1 0 1 0 0 0 1 0 1 1 1 0 1 0 0 0 0
 0 1 1 0 0 1 0 1 0 0 0 0 1 0 1 1 1 1 0 0 1 0 1 1 1 0]
 Training accuracy at 2200 out of 20000 is 0.700(0.540),cost is 6.880(0.712)
[1 0 0 1 1 1 0 1 1 0 1 0 1 1 1 0 1 0 0 0 0 1 0 0 0 1 0 1 0 0 1 0 0 1 0 1 0
 0 1 0 0 1 0 1 1 1 1 1 0 0 1 0 1 1 0 0 1 1 0 1 0 0 0 1 0 1 1 1 0 1 0 0 0 0
 0 1 1 0 0 1 0 1 1 0 0 0 1 0 1 1 1 1 0 0 1 0 1 1 1 1]
 Training accuracy at 2300 out of 20000 is 0.698(0.550),cost is 6.835(0.714)
[1 0 0 1 1 1 0 1 1 0 1 0 1 1 1 0 1 0 0 0 0 1 0 0 0 1 0 1 0 0 1 0 0 1 0 1 0
 0 1 0 0 0 0 0 1 1 1 1 0 0 1 0 1 1 0 0 1 1 0 1 0 0 0 1 0 1 1 1 0 1 0 0 0 0
 0 1 1 0 0 1 0 1 0 0 0 0 1 0 1 1 1 1 0 0 1 0 1 1 1 1]
 Training accuracy at 2400 out of 20000 is 0.710(0.560),cost is 6.786(0.714)
[1 0 0 1 1 1 0 1 1 0 1 0 1 1 0 0 1 0 0 0 0 1 0 0 0 1 0 1 0 0 1 0 0 1 0 1 0
 0 1 0 0 0 0 0 1 1 1 1 0 0 1 0 1 1 0 0 1 1 0 1 0 0 0 1 0 1 1 1 0 1 0 0 0 0
 0 1 1 0 0 1 0 1 0 0 0 0 1 0 1 1 1 1 0 0 1 0 1 1 1 1]
 Training accuracy at 2500 out of 20000 is 0.707(0.550),cost is 6.740(0.716)
[1 0 0 1 1 1 0 1 1 0 1 0 1 1 0 0 1 0 0 0 0 1 0 0 0 1 0 1 0 0 1 0 0 1 0 1 0
 0 1 0 0 1 0 0 1 1 1 1 0 0 1 0 1 1 0 0 1 1 0 1 0 0 0 1 0 1 1 1 0 1 0 0 0 0
 0 1 1 0 0 1 0 1 0 0 0 0 1 0 1 1 1 1 0 0 1 0 1 1 1 1]
 Training accuracy at 2600 out of 20000 is 0.710(0.560),cost is 6.692(0.719)
[1 0 0 1 1 1 0 1 1 0 1 0 1 1 0 0 1 0 0 0 0 1 0 0 0 1 0 1 0 0 1 0 0 1 0 1 0
 0 1 0 0 0 0 0 1 1 1 1 0 0 1 0 1 1 0 0 1 1 0 1 0 0 0 1 0 1 1 1 0 1 0 0 0 0
 0 1 1 0 0 1 0 1 0 0 0 0 1 0 1 1 1 1 0 0 1 0 1 1 1 1]
 Training accuracy at 2700 out of 20000 is 0.711(0.550),cost is 6.646(0.720)
[1 0 0 1 1 1 0 1 1 0 1 0 1 1 0 0 1 0 0 0 0 1 0 0 0 1 0 1 0 0 1 0 0 1 0 1 0
 0 1 0 0 1 0 0 1 1 1 1 0 0 1 0 1 1 0 0 1 1 0 1 0 0 0 1 0 1 1 1 0 1 0 0 0 0
 0 1 1 0 0 1 0 1 1 0 0 0 1 0 1 1 1 1 0 0 1 0 1 1 1 1]
 Training accuracy at 2800 out of 20000 is 0.717(0.550),cost is 6.597(0.724)
[1 0 0 1 1 1 0 1 1 0 1 0 1 1 0 0 1 0 0 0 0 1 0 0 0 1 0 1 0 0 1 0 0 1 0 1 0
 0 1 0 0 1 0 0 1 1 1 1 0 0 1 0 1 1 0 0 1 1 0 1 0 0 0 1 0 1 1 1 0 1 0 0 0 0
 0 1 1 0 0 1 0 1 1 0 0 0 1 0 1 1 1 1 0 0 1 0 1 1 1 1]
 Training accuracy at 2900 out of 20000 is 0.720(0.550),cost is 6.549(0.728)
[1 0 0 1 1 1 0 1 1 0 1 0 1 1 0 0 0 0 0 0 0 1 0 0 0 1 0 1 0 0 1 0 0 1 0 1 0
 0 1 0 0 1 0 0 1 1 1 1 0 0 1 0 1 1 0 0 1 1 0 1 0 0 0 1 0 1 1 1 0 1 0 0 0 0
 0 1 1 0 0 1 0 1 0 0 0 0 1 0 0 1 1 1 0 0 1 0 1 1 1 1]
 Training accuracy at 3000 out of 20000 is 0.726(0.580),cost is 6.502(0.730)
[1 0 0 1 1 1 0 1 1 0 1 0 1 1 0 0 1 0 0 0 0 1 0 0 0 1 0 1 0 0 1 0 0 1 0 1 0
 0 1 0 0 1 0 0 1 1 1 1 0 0 1 0 1 1 0 0 1 1 0 1 0 0 0 1 0 1 1 1 0 1 0 0 0 0
 0 1 1 0 0 1 0 1 0 0 0 0 1 0 0 1 1 1 0 0 1 0 1 1 1 1]
 Training accuracy at 3100 out of 20000 is 0.728(0.570),cost is 6.453(0.731)
[1 0 0 1 1 1 0 1 1 0 1 0 1 1 0 0 0 0 0 0 0 1 0 0 0 1 0 1 0 0 1 0 0 1 0 1 0
 0 1 0 0 1 0 0 1 1 1 1 0 0 1 0 1 1 0 0 1 1 0 1 0 0 0 1 0 1 1 1 0 1 0 0 0 0
 0 1 1 0 0 1 0 1 0 0 0 0 1 0 0 1 1 1 0 0 1 0 1 1 1 1]
 Training accuracy at 3200 out of 20000 is 0.733(0.580),cost is 6.406(0.732)
[1 0 0 1 1 1 0 1 1 0 1 0 1 1 0 0 1 0 0 0 0 1 0 0 0 1 0 1 0 0 1 0 0 1 0 1 0
 0 1 0 0 1 0 0 1 1 1 1 0 0 1 0 1 1 0 0 1 1 0 1 0 0 0 1 0 1 1 1 0 1 0 0 0 0
 0 1 0 0 0 1 0 1 0 0 0 0 1 0 0 1 1 1 0 0 1 0 1 1 1 1]
 Training accuracy at 3300 out of 20000 is 0.735(0.580),cost is 6.359(0.735)
[1 0 0 1 1 1 0 1 1 1 1 0 1 1 0 0 0 0 0 0 0 1 0 0 0 1 0 1 0 0 1 0 0 1 0 1 0
 0 1 0 0 1 0 0 1 1 1 1 0 0 1 0 1 1 0 0 1 1 0 1 0 0 0 1 0 1 1 1 0 1 0 0 0 0
 0 1 1 0 0 1 0 1 0 0 0 0 1 0 0 1 1 1 0 0 1 0 1 1 1 1]
 Training accuracy at 3400 out of 20000 is 0.739(0.590),cost is 6.312(0.738)
[1 0 0 1 1 1 0 1 1 1 1 0 1 1 0 0 0 0 0 0 0 1 0 0 0 1 0 1 0 0 1 0 0 1 0 1 0
 0 1 0 0 1 0 0 1 1 1 1 0 0 1 0 1 1 0 0 1 1 0 1 0 0 0 1 0 1 1 1 0 1 0 0 0 0
 0 1 1 0 0 1 0 1 0 0 0 0 1 0 0 1 1 1 0 0 1 0 1 1 1 1]
 Training accuracy at 3500 out of 20000 is 0.742(0.590),cost is 6.265(0.740)
[1 0 0 1 1 1 0 1 1 0 1 0 1 1 0 0 0 0 0 0 0 1 0 0 0 1 0 1 0 0 1 0 0 1 0 1 0
 1 1 0 0 1 0 0 1 1 1 1 0 0 1 0 1 1 0 0 1 1 0 1 0 0 0 1 0 1 1 1 0 1 0 0 0 0
 0 1 0 0 0 1 0 1 0 0 0 0 1 0 0 1 1 1 0 0 1 0 1 1 1 1]
 Training accuracy at 3600 out of 20000 is 0.747(0.580),cost is 6.217(0.743)
[1 0 0 1 1 1 0 1 1 0 1 0 1 1 0 0 0 0 0 0 0 1 0 0 0 1 0 1 0 0 1 0 0 1 0 1 0
 1 1 0 0 1 0 0 1 1 1 1 0 0 1 0 1 1 0 0 1 1 0 1 0 0 0 1 0 1 1 1 0 1 0 0 0 0
 0 1 0 0 0 1 0 1 0 0 0 0 1 0 0 1 1 1 0 0 1 0 1 1 1 1]
 Training accuracy at 3700 out of 20000 is 0.753(0.580),cost is 6.170(0.745)
[1 0 0 1 1 1 0 1 1 1 1 0 1 1 0 0 0 0 0 0 0 1 0 0 0 1 0 1 0 0 1 0 0 1 0 1 0
 1 1 0 0 1 0 0 1 1 1 1 0 0 1 0 1 1 0 0 1 1 0 1 0 0 0 1 0 1 1 1 0 1 0 0 0 0
 0 1 0 0 0 1 0 1 0 0 0 0 1 0 0 1 1 1 0 0 1 0 1 1 1 1]
 Training accuracy at 3800 out of 20000 is 0.759(0.590),cost is 6.122(0.751)
[1 0 0 1 1 1 0 1 1 0 1 0 1 1 0 0 0 0 0 0 0 1 0 0 0 1 0 1 0 0 1 0 0 1 0 1 0
 1 1 0 0 1 0 0 1 1 1 1 0 0 1 0 1 1 0 0 1 1 0 1 0 0 0 1 0 1 1 1 0 1 0 0 0 0
 0 1 0 0 0 1 0 1 0 0 0 0 1 0 0 1 1 1 0 0 1 0 1 1 1 1]
 Training accuracy at 3900 out of 20000 is 0.759(0.580),cost is 6.075(0.754)
[1 0 0 1 1 1 0 1 1 0 1 0 1 1 0 0 0 0 0 0 0 1 0 0 0 1 0 1 0 0 1 0 0 1 0 1 0
 1 1 0 0 1 0 0 1 1 1 1 0 0 1 0 1 1 0 0 1 1 0 1 0 0 0 1 1 1 1 1 0 1 0 0 0 0
 0 1 0 0 0 1 0 1 0 0 0 0 1 0 0 1 1 1 0 0 1 0 1 1 1 1]
 Training accuracy at 4000 out of 20000 is 0.761(0.570),cost is 6.028(0.756)
[1 0 0 1 1 1 0 1 1 0 1 0 1 1 0 0 0 0 0 0 0 1 0 0 0 1 0 1 0 0 1 0 0 1 0 1 0
 1 1 0 0 1 0 0 1 1 1 1 0 0 1 0 1 1 0 0 1 1 0 1 0 0 0 1 0 1 1 1 0 1 0 0 0 0
 0 1 0 0 0 1 0 1 0 0 0 0 1 0 0 1 1 1 0 0 1 0 1 1 1 1]
 Training accuracy at 4100 out of 20000 is 0.766(0.580),cost is 5.980(0.759)
[1 0 0 1 1 1 0 1 1 1 1 0 1 1 0 0 0 0 0 0 0 1 0 0 0 1 0 1 0 0 1 0 0 1 0 1 0
 1 1 0 0 1 0 0 1 1 1 1 0 0 1 0 1 1 0 0 1 1 0 1 0 0 0 1 1 1 1 1 0 1 0 0 0 0
 0 1 0 0 0 1 0 1 0 0 0 0 1 0 0 1 1 1 0 0 1 0 1 1 1 1]
 Training accuracy at 4200 out of 20000 is 0.768(0.580),cost is 5.934(0.761)
[1 0 0 1 1 1 0 1 1 0 1 0 1 1 0 0 0 0 0 0 0 1 0 0 0 1 0 1 0 0 1 0 0 1 0 1 0
 0 1 0 0 1 0 0 1 1 1 1 0 0 1 0 1 1 0 0 1 1 0 1 0 0 0 1 1 1 1 1 0 1 0 0 0 0
 0 1 0 0 0 1 0 1 0 0 0 0 1 0 0 1 1 1 0 0 1 0 1 1 1 1]
 Training accuracy at 4300 out of 20000 is 0.771(0.580),cost is 5.888(0.765)
[1 0 0 1 1 1 0 1 1 0 1 0 1 1 0 0 0 0 0 0 0 1 0 0 0 1 0 1 0 0 1 0 0 1 0 1 0
 0 1 0 0 1 0 0 1 1 1 1 0 0 1 0 1 1 0 0 1 1 0 1 0 0 0 1 1 1 1 1 0 1 0 0 0 0
 0 1 0 0 0 1 0 1 0 0 0 0 1 0 0 1 1 1 0 0 1 0 1 1 1 1]
 Training accuracy at 4400 out of 20000 is 0.769(0.580),cost is 5.843(0.768)
[1 0 0 1 1 1 0 1 1 0 1 0 1 1 0 0 0 0 0 0 0 1 0 0 0 1 0 1 0 0 1 0 0 1 0 1 0
 0 1 0 0 1 0 0 1 1 1 1 0 0 1 0 1 1 0 0 1 1 0 1 0 0 0 1 1 1 1 1 0 1 0 0 0 0
 0 1 0 0 0 1 0 1 0 0 0 0 1 0 0 1 1 1 0 0 1 0 1 1 1 1]
 Training accuracy at 4500 out of 20000 is 0.775(0.580),cost is 5.796(0.771)
[1 0 0 1 1 1 0 1 1 1 1 0 1 1 0 0 0 0 0 0 0 1 0 0 0 1 0 1 0 0 1 0 0 1 0 1 0
 1 1 0 0 1 0 0 1 1 1 1 0 0 1 0 1 1 0 0 1 1 0 1 0 0 0 1 1 1 1 1 0 1 0 0 0 0
 0 1 0 0 0 1 0 1 0 0 0 0 1 0 0 1 1 1 0 0 1 0 1 1 1 1]
 Training accuracy at 4600 out of 20000 is 0.777(0.580),cost is 5.749(0.775)
[1 0 0 1 1 1 0 1 1 0 1 0 1 1 0 0 0 0 0 0 0 1 0 0 0 1 0 1 0 0 1 0 0 1 0 1 0
 1 1 0 0 1 0 0 1 1 1 1 0 0 1 0 1 1 0 0 1 1 0 1 0 0 0 1 1 1 1 1 0 1 0 0 0 0
 0 1 0 0 0 1 0 0 0 0 0 0 1 0 0 1 1 1 0 0 1 0 1 1 1 1]
 Training accuracy at 4700 out of 20000 is 0.781(0.560),cost is 5.704(0.779)
[1 0 0 1 1 1 0 1 1 0 1 0 1 1 0 0 0 0 0 0 0 1 0 0 0 1 0 1 0 0 1 0 0 1 0 1 0
 1 1 0 0 1 0 0 1 1 1 1 0 0 1 0 1 1 0 0 1 1 0 1 0 0 0 1 1 1 1 1 1 1 0 0 0 0
 0 1 0 0 0 1 0 0 0 0 0 0 1 0 0 1 1 1 0 0 1 0 1 1 1 1]
 Training accuracy at 4800 out of 20000 is 0.784(0.570),cost is 5.659(0.784)
[1 0 0 1 1 1 0 1 1 1 1 0 1 1 0 0 0 0 0 0 0 1 0 0 0 1 0 1 0 0 1 0 0 1 0 1 0
 1 1 0 0 1 0 0 1 1 1 1 0 0 1 0 1 1 0 0 1 1 0 1 0 0 0 1 1 1 1 1 1 1 0 0 0 0
 0 1 0 0 0 1 0 0 0 0 0 0 1 0 0 1 1 1 0 0 1 0 1 1 1 1]
 Training accuracy at 4900 out of 20000 is 0.784(0.580),cost is 5.613(0.789)
[1 0 0 1 1 1 0 1 1 1 1 0 1 1 0 0 0 0 0 0 0 1 0 0 0 1 1 1 0 0 1 0 0 1 0 1 0
 1 1 0 0 1 0 0 1 1 1 0 0 0 1 0 1 1 0 0 1 1 0 1 0 0 0 1 1 1 1 1 1 1 0 0 0 0
 0 1 0 0 0 1 0 0 0 0 0 0 1 0 0 1 1 1 0 0 1 0 1 1 1 1]
 Training accuracy at 5000 out of 20000 is 0.786(0.560),cost is 5.568(0.794)
[1 0 0 1 1 1 0 1 1 1 1 0 1 1 0 0 0 0 1 0 0 1 0 1 0 1 1 1 0 0 1 0 0 1 0 1 0
 1 1 0 0 1 0 0 1 1 1 1 0 0 1 0 1 1 0 0 1 1 0 1 0 0 0 1 1 1 1 1 1 1 0 0 0 0
 0 1 0 0 0 1 0 0 0 0 0 0 1 0 0 1 1 1 0 0 1 0 1 1 1 1]
 Training accuracy at 5100 out of 20000 is 0.791(0.570),cost is 5.525(0.797)
[1 0 0 1 1 1 0 1 1 1 1 0 1 1 0 0 0 0 0 0 0 1 0 0 0 1 1 1 0 0 1 0 0 1 0 1 0
 1 1 0 0 1 0 0 1 1 1 0 0 0 1 0 1 1 0 0 1 1 0 1 0 0 0 1 1 1 1 0 1 1 0 0 0 0
 0 1 0 0 0 1 0 0 0 0 0 0 1 0 0 1 1 1 0 0 1 0 1 1 1 1]
 Training accuracy at 5200 out of 20000 is 0.795(0.550),cost is 5.478(0.799)
[1 0 0 1 1 1 0 1 1 0 1 0 1 1 0 0 0 0 0 0 0 1 0 0 0 1 1 1 0 0 1 0 0 1 0 1 0
 1 1 0 0 1 0 0 1 1 1 0 0 0 1 0 1 1 0 0 1 1 0 1 0 0 0 1 1 1 1 0 1 1 0 0 0 0
 0 1 0 0 0 1 0 0 0 0 0 0 1 0 0 1 1 1 0 0 1 0 1 1 1 1]
 Training accuracy at 5300 out of 20000 is 0.794(0.540),cost is 5.432(0.801)
[1 0 0 1 1 1 0 1 1 0 1 0 1 1 0 0 0 0 0 0 0 1 0 0 0 1 1 1 0 0 1 0 0 1 0 1 0
 1 1 0 0 1 0 0 1 1 1 0 0 0 1 0 1 1 0 0 1 1 0 1 0 0 0 1 1 1 1 0 1 1 0 0 0 0
 0 1 0 0 0 1 0 0 0 0 0 0 1 0 0 1 1 1 0 0 1 0 1 1 1 1]
 Training accuracy at 5400 out of 20000 is 0.799(0.540),cost is 5.387(0.804)
[1 0 0 1 1 1 0 1 1 0 1 0 1 1 0 0 0 0 0 0 0 1 0 0 0 1 1 1 0 0 1 0 0 1 0 1 0
 1 1 0 0 1 0 0 1 1 1 0 0 0 1 0 1 1 0 0 1 1 0 1 0 0 0 1 1 1 1 0 1 1 0 0 0 0
 0 1 0 0 0 1 0 0 0 0 0 0 1 0 0 1 1 1 0 0 1 0 1 1 1 1]
 Training accuracy at 5500 out of 20000 is 0.801(0.540),cost is 5.344(0.804)
[1 0 0 1 1 1 0 1 1 1 1 0 1 1 0 0 0 0 1 0 0 1 0 1 1 1 1 1 0 0 1 0 0 1 0 1 0
 1 1 0 0 1 0 0 1 1 1 0 0 0 1 0 1 1 0 0 1 1 0 1 0 0 0 1 1 1 1 0 1 1 0 0 0 0
 0 1 0 0 0 1 1 0 0 0 0 0 1 0 0 1 1 1 0 0 1 1 1 1 1 1]
 Training accuracy at 5600 out of 20000 is 0.806(0.540),cost is 5.301(0.814)
[1 0 0 1 1 1 0 1 1 1 1 0 1 1 0 0 0 0 0 0 0 1 0 1 1 1 1 1 0 0 1 0 0 1 0 1 0
 1 1 0 0 1 0 0 1 1 1 0 0 0 1 0 1 1 0 0 1 1 0 1 0 0 0 1 1 1 1 0 1 1 0 0 0 0
 0 1 0 0 0 1 1 0 0 0 0 0 1 0 0 1 1 1 0 0 1 1 1 1 1 1]
 Training accuracy at 5700 out of 20000 is 0.802(0.550),cost is 5.255(0.817)
[1 0 0 1 1 1 0 1 1 0 1 0 1 1 0 0 0 0 0 0 0 1 0 0 1 1 1 1 0 0 1 0 0 1 0 1 0
 1 1 0 0 1 0 0 1 1 1 0 0 0 1 0 1 1 0 0 1 1 0 1 0 0 0 1 1 1 1 0 1 1 0 0 0 0
 0 1 0 0 0 1 1 0 0 0 0 0 1 0 0 1 1 1 0 0 1 1 1 1 1 1]
 Training accuracy at 5800 out of 20000 is 0.806(0.530),cost is 5.211(0.820)