Train 694 samples in approximately 4322 epochs
Finished computation graph
[1 1 1 1 1 1 1 1 1 1 1 1 1 1 1 1 1 1 1 1 1 1 1 1 1 1 1 1 1 1 1 1 1 1 1 1 1
 1 1 1 1 1 1 1 1 1 1 1 1 1 1 1 1 1 1 1 1 1 1 1 1 1 1 1 1 1 1 1 1 1 1 1 1 1
 1 1 1 1 1 1 1 1 1 1 1 1 1 1 1 1 1 1 1 1 1 1 1 1 1 1]
At     1/30000: COST 0.693/0.692(0.693) -- Acc 0.520/0.490(0.010)
[0 1 0 1 1 1 1 1 1 1 1 1 0 1 1 1 1 1 1 1 1 1 1 1 1 1 0 0 0 1 1 1 1 1 1 1 1
 1 0 0 1 1 1 1 1 1 1 1 1 1 1 1 1 1 0 1 0 1 1 1 1 0 1 1 1 1 1 1 0 1 0 0 1 0
 1 1 1 1 1 0 0 1 1 1 0 0 1 1 1 1 1 1 1 0 1 1 1 0 1 0]
At   101/30000: COST 0.689/0.693(0.694) -- Acc 0.560/0.570(0.329)
[1 1 1 1 1 1 1 1 1 1 1 1 1 1 1 1 1 1 1 1 1 1 1 1 1 1 1 1 1 1 1 1 1 1 1 1 1
 1 1 1 1 1 1 1 1 1 1 1 1 1 1 1 1 1 1 1 1 1 1 1 1 1 1 1 1 1 1 1 1 1 1 1 1 0
 1 1 1 1 0 1 1 1 1 1 1 1 1 1 1 1 0 1 1 1 1 1 1 1 1 1]
At   201/30000: COST 0.692/0.692(0.691) -- Acc 0.520/0.500(0.465)
[1 1 0 1 1 1 1 0 1 1 1 1 0 1 1 1 1 1 1 1 1 1 1 1 1 0 1 1 1 1 1 1 1 1 1 1 1
 1 1 1 1 1 1 1 1 1 1 1 1 1 1 1 1 1 1 1 1 1 1 1 1 1 1 1 1 1 1 1 1 1 1 0 1 1
 1 1 1 1 1 1 1 1 1 1 1 1 1 1 1 1 1 1 1 0 1 1 1 1 1 1]
At   301/30000: COST 0.674/0.694(0.687) -- Acc 0.610/0.510(0.525)
[1 1 1 1 1 1 1 1 1 1 0 1 1 1 0 1 1 1 1 1 1 1 1 1 1 1 1 1 1 0 1 1 0 1 0 1 1
 1 1 1 1 1 1 1 1 0 1 1 1 1 1 1 0 1 1 1 1 1 1 1 1 0 1 1 1 1 1 1 1 1 1 1 1 1
 0 1 1 1 1 0 0 1 1 1 1 1 1 1 1 1 1 1 1 1 1 1 0 1 0 1]
At   401/30000: COST 0.685/0.705(0.685) -- Acc 0.560/0.480(0.548)
[1 1 1 1 0 1 1 1 1 1 1 1 1 0 1 1 1 1 0 1 0 0 1 0 1 1 1 1 1 1 1 1 1 1 1 1 1
 1 1 1 1 1 1 1 1 1 1 1 0 1 1 1 1 1 1 0 1 1 1 1 0 0 0 1 0 0 1 1 1 1 1 1 1 1
 1 1 1 1 1 1 0 1 1 0 1 1 1 0 0 1 1 1 1 1 0 1 1 1 0 1]
At   501/30000: COST 0.696/0.691(0.685) -- Acc 0.550/0.560(0.558)
[1 1 1 1 1 1 1 1 1 1 1 0 1 1 1 1 1 1 1 1 1 1 1 1 1 1 1 0 1 0 1 1 1 0 0 1 1
 0 0 1 1 1 0 1 1 1 1 1 1 1 1 1 1 0 1 1 1 1 0 1 1 0 1 0 1 1 1 1 1 1 1 1 1 1
 1 1 1 1 1 1 1 1 1 0 1 1 1 1 1 1 1 1 1 1 1 1 1 1 1 1]
At   601/30000: COST 0.680/0.692(0.683) -- Acc 0.550/0.520(0.563)
[1 1 0 0 0 1 0 1 0 1 0 1 0 1 0 1 0 0 0 0 0 0 1 0 1 1 0 0 1 0 0 1 1 1 1 0 1
 1 1 0 1 1 1 0 1 1 1 1 1 0 0 0 1 1 0 0 0 1 1 0 0 1 1 0 0 1 1 1 0 1 0 0 1 0
 1 0 1 1 1 1 0 1 1 1 1 1 1 0 0 1 1 1 1 1 1 0 1 0 0 1]
At   701/30000: COST 0.685/0.714(0.681) -- Acc 0.590/0.500(0.570)
[1 1 1 1 1 0 1 0 1 1 1 1 0 0 1 0 1 1 1 1 0 0 0 0 0 1 1 1 1 0 0 1 1 1 0 1 0
 1 1 0 1 1 1 0 1 1 1 0 1 1 1 0 1 0 1 0 1 1 1 0 1 1 1 1 0 1 0 0 1 1 0 1 1 1
 0 0 0 0 0 0 0 1 1 1 1 1 1 1 1 1 1 0 1 1 0 1 1 1 1 1]
At   801/30000: COST 0.643/0.728(0.670) -- Acc 0.570/0.510(0.585)
[1 0 1 1 0 1 0 1 1 1 1 1 1 1 0 1 1 0 1 0 1 1 0 1 0 1 1 1 0 0 0 1 1 1 1 1 1
 1 1 0 1 1 1 1 0 1 1 1 0 1 0 0 1 1 0 1 1 0 1 1 1 0 1 1 1 1 1 1 0 1 1 1 0 0
 1 1 1 1 1 1 1 1 1 1 1 1 0 1 1 1 1 1 0 1 1 1 1 1 1 0]
At   901/30000: COST 0.630/0.757(0.659) -- Acc 0.650/0.520(0.606)
[1 0 1 1 1 1 1 1 0 0 1 1 1 0 1 1 1 0 1 1 1 1 0 1 0 0 1 0 1 1 1 0 0 1 1 1 0
 1 0 1 1 0 0 1 0 1 1 0 1 0 0 1 1 1 1 1 0 1 1 0 1 0 1 1 0 1 1 0 0 1 1 1 0 1
 1 1 1 1 1 1 0 0 0 0 0 1 1 1 1 1 1 1 1 1 1 0 1 1 1 1]
At  1001/30000: COST 0.671/0.918(0.637) -- Acc 0.580/0.530(0.631)
[1 1 1 1 0 0 1 0 0 0 0 1 1 1 1 0 1 1 1 0 1 0 1 0 1 0 0 1 1 1 1 1 0 0 0 1 1
 0 1 1 1 0 1 1 1 0 0 0 0 0 1 1 1 1 1 0 1 0 1 1 1 1 1 0 1 1 1 1 0 1 0 0 1 0
 1 1 1 0 1 1 1 1 1 1 1 1 0 1 1 0 1 1 1 1 1 1 1 1 1 1]
At  1101/30000: COST 0.704/0.877(0.611) -- Acc 0.610/0.490(0.658)
[0 1 1 1 1 1 0 1 1 1 0 1 0 1 1 1 1 1 1 1 0 0 1 0 1 1 1 0 1 1 0 1 1 1 1 1 1
 1 0 1 1 1 1 1 1 1 1 1 0 1 1 0 0 1 1 1 0 1 1 0 1 1 1 1 1 0 1 0 1 0 0 1 0 0
 0 1 0 1 0 1 0 1 0 0 1 0 1 1 1 1 1 0 1 1 1 1 1 1 1 0]
At  1201/30000: COST 0.544/1.096(0.567) -- Acc 0.770/0.470(0.697)
[1 0 0 0 0 1 0 0 1 0 1 1 0 1 0 1 0 0 1 0 1 0 1 1 0 1 1 0 0 0 0 1 1 1 0 1 0
 1 0 1 0 1 1 1 1 1 0 1 1 1 1 0 1 1 1 1 1 1 0 1 1 1 1 1 1 1 1 0 1 1 1 1 1 0
 1 1 0 0 1 0 0 1 1 0 1 1 1 1 1 0 0 1 1 1 1 1 0 0 1 0]
At  1301/30000: COST 0.439/1.090(0.519) -- Acc 0.790/0.440(0.735)
[0 1 1 0 1 0 1 0 0 1 1 1 1 0 1 1 1 1 1 0 1 0 1 1 1 0 0 1 0 1 0 0 0 0 0 1 1
 1 0 0 1 0 0 0 0 1 1 1 1 1 1 0 1 1 1 1 1 1 0 1 1 1 1 0 1 1 0 0 0 0 1 1 1 0
 0 1 1 0 1 0 0 0 1 1 1 1 1 1 1 1 1 1 0 0 1 0 1 0 1 1]
At  1401/30000: COST 0.483/1.241(0.472) -- Acc 0.750/0.480(0.769)
[0 0 0 1 0 1 1 1 1 0 0 1 0 0 1 0 1 1 1 1 1 0 1 1 0 1 1 0 0 1 0 1 0 0 1 1 0
 1 1 0 1 1 0 0 0 1 1 1 1 1 0 0 1 0 1 1 0 1 1 1 1 0 0 0 0 1 1 0 1 1 0 1 0 1
 0 1 1 1 1 1 0 1 0 1 1 0 1 1 1 0 0 0 0 1 1 1 0 1 0 1]
At  1501/30000: COST 0.381/1.264(0.420) -- Acc 0.800/0.570(0.803)
[1 1 1 1 1 0 0 1 1 1 0 1 0 0 1 1 0 0 0 1 1 0 0 0 1 1 1 0 0 1 1 1 1 0 0 0 1
 1 1 1 0 0 1 0 0 1 1 0 0 1 0 0 1 1 0 1 1 1 1 1 0 1 0 1 1 1 1 1 0 0 0 1 1 1
 1 1 0 1 0 0 1 1 0 1 1 1 1 0 1 0 0 0 0 1 1 1 1 0 0 0]
At  1601/30000: COST 0.416/1.857(0.344) -- Acc 0.790/0.530(0.844)
[1 0 1 1 1 0 1 1 0 1 1 1 0 1 0 1 1 0 0 0 0 0 1 0 1 1 0 1 1 0 1 0 0 1 1 0 1
 0 0 0 1 0 1 0 0 0 1 1 1 0 0 1 1 1 0 0 1 1 1 1 1 1 1 1 1 1 0 0 1 0 1 1 1 1
 1 1 1 0 1 1 0 0 1 0 1 0 1 0 0 1 0 0 0 0 0 1 0 1 1 1]
At  1701/30000: COST 0.328/1.503(0.314) -- Acc 0.810/0.520(0.863)
[1 1 1 1 1 1 1 1 1 0 1 1 0 1 1 0 1 0 0 1 1 1 0 0 1 0 0 1 1 1 1 1 1 0 0 0 0
 0 1 1 1 1 1 1 1 0 1 0 0 1 1 1 0 1 1 1 1 1 0 1 1 0 1 0 1 1 1 0 0 1 1 1 1 1
 1 1 1 1 0 0 1 1 0 0 1 0 1 1 0 1 1 0 1 1 0 0 0 1 1 0]
At  1801/30000: COST 0.270/1.524(0.261) -- Acc 0.910/0.590(0.892)
[1 1 1 0 0 1 0 1 1 1 1 1 0 1 0 0 0 1 1 0 0 0 1 0 1 0 0 1 1 0 0 1 0 1 1 1 1
 0 0 1 0 1 1 1 1 1 1 1 1 1 1 1 0 1 1 0 0 1 1 1 0 1 0 1 1 1 1 1 0 1 0 1 0 0
 1 1 1 1 1 1 1 0 0 1 1 1 1 0 1 0 0 0 1 1 1 0 0 1 0 1]
At  1901/30000: COST 0.213/1.739(0.223) -- Acc 0.900/0.580(0.911)
[1 1 1 1 1 0 1 0 1 0 0 1 1 0 1 1 0 1 1 1 0 1 0 1 1 1 1 1 1 0 0 1 0 0 1 0 1
 1 1 1 1 1 0 1 1 0 0 1 1 0 0 1 0 0 0 1 1 0 1 0 1 1 0 1 1 0 1 1 0 1 0 0 1 1
 1 0 1 0 1 1 1 0 0 1 0 0 1 1 1 1 0 0 1 0 1 1 1 1 0 0]
At  2001/30000: COST 0.117/2.078(0.202) -- Acc 0.960/0.540(0.920)
[1 0 1 1 1 0 1 1 0 1 1 0 1 0 1 0 0 1 0 1 0 1 1 1 1 0 1 1 0 1 0 0 1 1 0 1 0
 1 0 1 1 0 1 1 1 1 1 0 0 1 1 1 0 0 1 1 1 0 0 1 0 1 1 1 0 1 0 0 0 0 0 1 1 1
 1 1 1 1 0 1 1 1 1 1 0 1 1 0 1 1 0 1 0 1 0 1 1 1 0 1]
At  2101/30000: COST 0.092/2.264(0.170) -- Acc 0.960/0.500(0.934)
[0 1 0 1 0 0 1 1 1 0 1 1 1 0 1 1 1 1 1 0 1 0 1 1 1 0 0 1 1 0 1 0 1 1 0 0 1
 0 1 1 1 1 0 1 1 0 1 1 1 1 1 0 1 1 1 0 0 1 0 0 1 0 1 0 1 1 1 1 1 0 0 0 1 0
 1 1 1 0 1 1 1 1 0 1 0 1 0 1 0 1 0 1 1 0 1 1 1 1 1 1]
At  2201/30000: COST 0.156/2.001(0.157) -- Acc 0.910/0.560(0.942)
[1 1 0 0 0 0 0 0 1 1 1 0 0 1 1 0 0 0 0 1 1 1 1 0 1 1 0 1 1 1 0 1 1 1 1 1 1
 1 0 1 0 0 1 1 1 1 1 0 1 1 1 0 0 1 0 1 1 1 0 0 1 0 0 0 1 1 1 1 1 0 1 0 1 0
 1 1 0 1 1 1 0 0 0 1 1 0 1 1 0 1 1 0 1 1 1 1 1 1 1 0]
At  2301/30000: COST 0.153/2.557(0.164) -- Acc 0.920/0.490(0.939)
[0 1 0 1 1 0 1 0 1 1 1 0 1 1 0 1 0 0 1 1 0 0 1 0 1 1 1 1 1 1 1 0 1 1 1 1 1
 1 1 0 0 1 1 1 0 1 0 1 1 0 1 1 1 0 1 0 1 1 0 0 1 1 1 1 1 0 1 1 1 1 1 1 0 1
 1 0 1 0 1 1 0 0 0 0 1 1 0 1 1 1 0 1 0 1 1 0 0 0 1 1]
At  2401/30000: COST 0.101/2.264(0.148) -- Acc 0.950/0.480(0.946)
[0 1 0 1 1 1 0 0 1 1 0 0 1 0 1 1 1 1 0 1 1 1 0 1 0 1 0 0 1 1 1 1 1 1 1 0 0
 1 0 1 1 1 1 1 1 1 1 0 1 1 1 0 1 0 1 1 1 1 1 0 0 1 1 1 0 1 1 1 1 1 1 1 1 0
 1 1 1 1 0 0 0 0 1 0 0 0 1 0 1 1 0 1 1 1 0 0 1 0 1 0]
At  2501/30000: COST 0.037/2.439(0.117) -- Acc 0.990/0.500(0.958)
[0 1 0 1 0 1 1 1 0 1 1 1 0 1 1 1 1 0 0 0 1 1 1 1 1 0 1 1 1 1 0 1 0 1 0 1 0
 1 0 0 1 0 1 1 1 0 1 0 0 0 0 1 1 1 1 0 1 0 0 1 1 0 1 1 1 0 1 1 0 1 1 1 1 1
 1 1 1 1 1 0 1 1 1 1 1 1 0 0 0 0 1 1 1 0 1 0 0 1 0 0]
At  2601/30000: COST 0.058/2.967(0.085) -- Acc 0.980/0.540(0.970)
[1 1 1 1 1 1 0 0 0 1 1 0 0 1 1 1 0 1 0 1 1 0 0 1 0 1 0 1 0 1 1 0 1 1 1 1 0
 0 0 1 1 0 1 0 1 1 1 1 0 1 0 1 1 1 1 1 1 1 1 0 1 1 1 0 1 0 0 1 1 1 1 0 1 1
 1 1 1 1 0 0 1 0 1 0 0 1 0 1 1 0 0 1 1 1 0 0 1 1 0 0]
At  2701/30000: COST 0.095/2.823(0.102) -- Acc 0.950/0.520(0.964)
[1 0 1 1 1 1 0 1 1 1 0 1 0 1 0 1 1 0 1 0 0 0 1 1 1 0 0 0 1 0 1 0 1 1 1 1 1
 1 1 0 1 0 0 1 0 1 1 1 1 1 1 0 1 1 1 0 1 1 0 0 1 1 1 1 0 1 0 1 1 0 0 0 1 1
 1 1 0 0 1 0 1 1 1 0 1 0 1 1 0 0 1 0 1 1 0 0 1 1 1 1]
At  2801/30000: COST 0.056/2.957(0.091) -- Acc 0.990/0.520(0.967)
[1 1 0 1 1 1 0 1 1 1 1 1 0 1 0 0 1 1 1 0 1 1 0 0 1 1 0 1 0 0 1 0 1 0 0 1 1
 0 1 1 1 1 1 1 0 0 1 0 0 1 1 0 1 1 1 1 1 1 0 0 0 0 1 1 0 1 1 1 1 0 0 0 1 1
 0 1 1 0 1 0 0 1 0 1 0 0 1 1 1 0 1 1 1 0 1 0 1 0 1 0]
At  2901/30000: COST 0.100/2.781(0.093) -- Acc 0.980/0.510(0.969)
[1 0 1 1 0 1 0 0 1 0 1 1 1 0 0 1 1 1 1 0 1 1 0 1 1 0 1 1 0 1 1 0 1 0 1 0 1
 0 0 1 0 1 0 1 1 0 0 1 1 1 1 1 1 0 1 0 0 1 1 0 0 1 1 0 0 1 1 1 1 0 1 1 1 1
 1 0 1 1 0 1 1 1 0 1 1 0 1 1 0 1 0 0 0 0 1 0 0 1 1 0]
At  3001/30000: COST 0.098/3.053(0.074) -- Acc 0.970/0.530(0.974)
[1 0 1 0 1 0 1 1 1 0 0 0 1 0 1 0 0 1 0 0 0 1 1 1 1 1 1 1 1 0 1 0 1 1 1 1 1
 1 0 1 1 1 1 0 0 1 0 1 0 1 1 1 0 1 0 1 0 0 1 0 1 0 1 0 0 1 0 0 1 1 1 1 0 1
 0 0 1 0 1 1 0 1 1 0 1 1 1 1 1 0 1 1 1 1 0 1 1 1 1 1]
At  3101/30000: COST 0.049/2.771(0.063) -- Acc 0.980/0.580(0.978)
[0 1 1 0 0 1 1 0 1 0 1 1 1 0 1 0 1 1 0 1 0 1 0 1 1 1 1 1 0 1 1 1 0 1 0 0 1
 0 1 1 1 1 0 1 1 1 1 1 1 1 1 0 0 1 1 1 0 0 0 1 1 0 0 1 0 1 0 1 1 1 1 1 1 1
 1 1 1 0 0 1 1 1 0 0 1 0 0 0 0 0 1 1 0 1 1 0 0 1 1 1]
At  3201/30000: COST 0.109/2.849(0.085) -- Acc 0.990/0.580(0.972)
[0 1 1 1 0 0 0 1 0 1 1 1 1 1 1 1 1 1 1 1 0 1 0 1 0 1 1 0 1 1 1 1 1 1 0 1 1
 1 0 1 1 0 1 1 1 0 1 1 1 0 1 1 1 1 1 1 0 1 0 0 1 0 1 0 1 1 1 1 1 1 1 1 0 0
 1 0 1 0 1 1 0 1 1 1 0 0 1 1 0 0 1 0 0 0 0 0 1 0 0 1]
At  3301/30000: COST 0.018/3.021(0.063) -- Acc 1.000/0.560(0.978)
[0 1 0 0 1 0 0 1 1 1 1 1 1 1 0 1 1 0 1 1 1 0 0 1 1 1 0 0 0 1 0 0 1 1 1 0 1
 0 1 1 1 0 1 0 1 0 0 1 1 0 0 0 1 1 0 1 1 1 1 0 0 1 1 1 1 0 0 1 1 1 1 1 1 0
 0 0 1 0 1 0 1 0 1 0 0 1 1 1 1 0 0 0 0 1 1 1 1 1 1 0]
At  3401/30000: COST 0.036/2.792(0.047) -- Acc 0.990/0.560(0.985)
[0 1 1 1 1 1 1 0 1 0 1 1 0 1 1 1 0 1 1 1 0 1 1 1 1 0 1 1 1 1 1 0 1 1 0 0 0
 0 1 1 0 1 1 1 0 1 1 0 1 1 0 1 1 0 1 1 1 1 1 1 1 1 1 0 0 1 1 1 0 1 0 1 1 0
 1 1 0 1 1 1 1 0 0 0 1 0 1 1 0 0 1 0 0 1 0 0 0 0 1 0]
At  3501/30000: COST 0.058/2.929(0.044) -- Acc 0.970/0.610(0.986)
[0 1 1 1 1 1 0 1 0 0 0 0 1 0 0 0 0 0 0 1 0 0 0 1 1 1 1 1 0 0 1 1 1 0 0 0 0
 0 1 1 0 0 0 1 0 0 1 0 0 1 1 1 1 1 1 1 1 1 1 1 1 1 1 0 1 0 1 1 1 1 1 0 1 0
 1 1 1 1 1 1 1 1 1 1 1 1 1 0 1 1 1 0 1 0 0 0 0 1 1 1]
At  3601/30000: COST 0.141/2.639(0.058) -- Acc 0.970/0.580(0.981)
[1 1 1 0 1 0 1 1 1 0 1 1 0 1 0 1 0 1 0 0 1 1 0 1 1 0 1 1 1 1 1 1 1 0 1 1 1
 1 0 1 1 1 1 0 1 1 0 0 0 1 1 1 1 1 0 1 0 0 0 0 0 0 1 1 1 0 1 1 0 1 0 1 1 0
 0 1 1 1 0 0 1 0 0 1 1 1 0 1 1 1 1 1 1 1 0 1 0 0 1 1]
At  3701/30000: COST 0.032/3.103(0.058) -- Acc 0.990/0.530(0.982)
[0 1 1 1 1 0 0 1 0 1 1 1 1 1 0 0 1 0 1 0 0 1 1 1 1 1 1 0 0 1 1 0 1 1 0 0 1
 0 0 1 0 1 1 1 0 0 1 0 1 1 1 1 1 1 1 1 1 0 0 1 0 0 0 0 0 1 0 1 1 1 0 1 0 1
 1 1 1 0 1 0 1 1 0 1 1 0 1 0 1 1 1 0 1 1 0 0 0 1 1 1]
At  3801/30000: COST 0.010/2.887(0.043) -- Acc 1.000/0.640(0.987)
[1 0 1 0 0 0 0 0 0 1 0 0 0 1 1 1 1 1 1 1 0 1 1 1 1 1 0 1 1 0 0 1 1 1 1 0 1
 1 0 1 0 1 1 0 1 1 0 1 0 0 0 0 1 1 0 1 1 1 0 0 1 0 1 1 0 1 1 1 1 1 0 0 1 0
 1 1 0 0 1 0 1 0 1 0 0 0 0 1 0 0 1 0 1 1 1 1 1 1 1 1]
At  3901/30000: COST 0.035/3.486(0.036) -- Acc 0.980/0.550(0.988)
[1 1 0 0 1 1 1 0 1 0 1 1 1 0 0 0 0 0 1 0 0 0 1 0 0 1 1 1 1 1 0 0 1 1 1 0 1
 1 1 1 1 1 0 0 1 1 1 0 1 1 0 0 1 1 1 1 0 0 0 0 0 1 1 1 0 1 0 1 0 1 1 0 0 1
 0 1 1 1 0 1 1 1 1 1 0 1 1 0 1 1 0 0 1 0 0 1 1 0 1 1]
At  4001/30000: COST 0.058/2.770(0.081) -- Acc 0.980/0.520(0.975)
[1 1 1 0 1 1 1 0 1 0 1 1 1 1 1 1 0 0 1 1 1 1 0 1 1 1 1 1 0 0 1 1 0 1 0 1 0
 1 1 0 0 1 1 1 0 1 1 1 0 0 0 1 0 0 1 1 1 0 1 0 0 0 1 0 0 0 0 0 1 0 1 0 0 1
 0 1 0 1 1 1 1 1 0 1 1 1 0 1 0 0 1 0 1 1 0 1 0 1 0 1]
At  4101/30000: COST 0.038/3.040(0.075) -- Acc 1.000/0.540(0.976)
[0 1 1 1 1 0 0 1 1 0 1 1 1 0 0 0 1 1 1 1 0 0 1 1 1 1 0 1 1 0 1 0 1 1 1 1 0
 1 1 1 1 0 0 0 0 0 1 1 1 1 1 1 1 1 0 1 1 1 1 1 0 1 0 0 1 1 0 1 1 0 1 1 1 1
 0 1 0 0 0 1 0 0 1 1 0 1 0 1 0 0 0 1 0 0 1 1 0 0 0 0]
At  4201/30000: COST 0.055/3.332(0.060) -- Acc 0.990/0.500(0.980)
[1 1 0 0 1 1 1 0 1 0 1 0 1 0 1 1 0 1 1 0 0 0 1 1 0 0 0 1 1 1 0 1 1 0 1 1 1
 1 0 0 0 1 1 0 0 1 0 0 1 1 1 0 1 0 1 0 0 0 0 0 0 1 1 0 1 1 0 1 1 1 0 1 0 1
 1 1 1 0 0 0 0 1 0 1 1 0 1 1 0 1 0 1 1 1 1 0 1 1 0 1]
At  4301/30000: COST 0.013/3.014(0.051) -- Acc 1.000/0.570(0.983)
[1 0 1 1 0 1 1 1 0 0 1 1 1 0 0 0 0 0 1 0 1 0 0 0 1 1 1 1 1 1 0 1 0 0 1 1 1
 0 1 0 1 1 0 1 1 1 1 1 0 1 0 1 1 0 1 1 1 0 1 0 0 1 1 0 0 1 0 1 0 1 0 1 1 0
 1 0 1 0 1 0 1 0 0 1 1 0 1 1 1 1 1 0 0 0 0 1 1 1 0 1]
At  4401/30000: COST 0.062/3.354(0.035) -- Acc 0.990/0.550(0.989)
[1 0 1 0 1 1 1 0 0 0 0 1 1 1 1 0 0 1 1 1 1 0 0 0 0 0 1 1 0 1 1 0 1 1 1 1 0
 1 0 0 0 0 0 1 1 1 1 1 1 1 1 0 0 1 1 0 0 0 0 1 1 1 1 0 0 1 1 1 1 0 0 1 0 0
 1 0 1 1 1 1 0 0 0 1 1 1 0 1 1 1 1 1 0 0 0 0 0 1 1 1]
At  4501/30000: COST 0.064/3.065(0.045) -- Acc 0.980/0.620(0.986)
[1 1 1 1 1 0 1 0 0 1 0 0 1 0 0 0 1 1 1 0 1 0 1 1 1 1 1 1 1 1 1 0 1 0 0 1 0
 1 0 1 1 0 0 1 0 1 1 1 1 0 0 0 1 1 1 1 1 1 1 0 0 1 0 0 0 0 0 0 0 0 1 1 1 0
 1 0 0 0 0 1 0 1 1 0 0 1 0 1 1 0 1 0 1 1 1 0 0 1 0 1]
At  4601/30000: COST 0.084/3.211(0.048) -- Acc 0.980/0.560(0.986)
[1 0 1 0 0 0 1 0 1 1 1 1 1 0 1 0 0 1 0 1 0 1 1 1 0 0 0 1 1 1 0 1 0 1 0 1 0
 0 1 1 1 1 0 1 0 1 1 1 1 0 1 1 0 1 1 0 1 0 0 1 1 1 0 0 0 1 1 0 1 1 0 1 0 1
 1 1 1 1 1 0 1 0 1 0 1 1 1 0 1 1 1 0 1 0 0 0 0 1 0 0]
At  4701/30000: COST 0.032/3.101(0.046) -- Acc 0.990/0.570(0.986)
[1 1 0 0 0 0 0 1 1 0 1 0 0 0 1 0 0 1 1 0 0 1 1 1 1 1 1 1 1 0 0 1 0 1 1 0 1
 0 0 1 1 0 0 1 1 1 0 0 1 0 1 1 1 0 1 0 1 1 1 1 1 0 0 1 1 1 1 1 1 0 1 0 0 0
 1 1 1 1 0 0 1 0 1 1 0 1 1 0 1 0 1 1 1 0 1 1 1 1 0 1]
At  4801/30000: COST 0.007/3.009(0.041) -- Acc 1.000/0.510(0.988)
[1 0 0 1 1 0 1 1 1 1 0 0 1 1 1 1 0 1 1 1 1 1 0 1 1 0 0 1 1 1 1 0 1 1 0 1 1
 1 1 0 1 0 1 0 0 1 0 1 0 0 1 1 1 1 1 0 0 1 1 0 1 1 1 1 0 0 1 1 0 0 1 0 0 0
 1 0 1 0 1 1 1 0 1 1 0 1 1 0 1 0 1 0 0 1 0 0 1 0 0 1]
At  4901/30000: COST 0.006/3.039(0.031) -- Acc 1.000/0.570(0.991)
[1 1 0 1 0 0 0 0 1 1 1 1 1 1 0 1 0 0 1 1 1 0 1 0 0 0 0 1 1 1 1 0 1 0 1 0 1
 1 0 1 0 1 1 0 1 0 1 1 0 0 1 1 0 0 1 1 0 1 1 0 1 1 1 0 1 1 1 1 1 1 0 1 1 0
 0 1 1 1 0 0 0 0 1 1 1 0 1 0 1 0 1 1 1 1 0 1 1 1 1 1]
At  5001/30000: COST 0.013/3.411(0.029) -- Acc 0.990/0.550(0.991)
[0 1 1 0 0 0 1 0 1 1 1 1 1 0 1 1 1 0 0 1 1 0 1 1 1 0 1 0 0 0 0 1 1 0 0 0 0
 1 1 0 0 0 0 1 1 0 1 0 0 0 0 1 0 0 1 1 0 0 1 1 1 0 0 1 1 1 0 0 0 1 1 1 1 0
 1 1 1 1 1 0 1 0 1 1 1 0 1 0 1 1 1 1 0 1 0 1 1 1 1 0]
At  5101/30000: COST 0.099/3.471(0.026) -- Acc 0.980/0.530(0.993)
[1 1 0 1 0 1 1 0 0 1 1 0 0 1 1 1 1 0 1 1 0 1 0 1 1 0 1 1 0 1 0 0 1 0 1 1 1
 1 0 0 0 1 1 1 0 1 0 1 0 1 1 1 1 0 1 0 1 0 1 1 1 0 1 1 1 0 0 1 0 1 0 0 1 1
 0 0 0 1 1 0 1 0 0 0 0 1 1 0 1 1 0 1 1 0 1 1 0 0 0 1]
At  5201/30000: COST 0.076/3.501(0.030) -- Acc 0.970/0.500(0.990)
[1 0 0 0 1 0 0 0 0 0 1 0 0 0 1 1 1 0 1 1 1 1 0 1 0 1 0 1 0 1 1 1 1 1 0 0 0
 0 1 1 0 1 0 1 0 1 0 0 1 1 0 0 1 1 0 1 1 0 0 1 1 1 0 1 1 1 1 0 1 1 1 0 1 0
 1 0 1 0 1 1 0 0 1 1 1 1 0 1 0 1 0 1 0 0 1 1 1 1 0 0]
At  5301/30000: COST 0.102/3.809(0.048) -- Acc 0.960/0.460(0.985)
[1 0 1 1 0 1 1 1 0 1 1 0 0 0 0 1 1 1 0 1 1 1 1 0 1 1 1 1 0 1 0 1 1 1 1 0 1
 1 1 1 1 0 1 0 1 0 0 0 0 0 1 0 1 1 1 0 0 1 1 1 0 1 1 0 1 1 0 1 0 1 1 0 1 1
 0 1 1 1 0 0 0 1 0 1 0 1 0 1 0 1 0 0 0 1 1 1 0 1 1 1]
At  5401/30000: COST 0.044/3.306(0.043) -- Acc 0.970/0.540(0.986)
[1 1 1 1 1 0 1 1 1 0 0 0 1 0 1 1 1 1 0 1 0 1 1 0 0 1 1 1 0 0 0 0 0 0 1 0 0
 0 0 0 0 1 1 1 0 1 0 1 1 1 0 1 0 1 1 1 0 0 1 0 1 1 0 1 1 0 0 0 1 1 1 1 1 1
 1 0 0 1 1 1 0 1 1 0 0 1 0 0 1 1 1 0 0 1 1 1 0 1 1 1]
At  5501/30000: COST 0.066/3.610(0.032) -- Acc 0.990/0.470(0.990)
[1 1 0 0 1 0 1 0 1 1 1 1 1 1 1 1 1 1 1 1 1 0 0 1 0 1 1 1 1 0 0 1 1 0 1 0 0
 0 0 0 0 1 1 0 1 0 0 1 1 1 1 1 0 0 1 0 1 0 0 1 1 0 1 0 1 0 0 1 1 1 0 1 1 1
 0 0 1 0 1 0 1 0 1 0 1 1 1 1 0 1 1 1 0 0 0 0 0 1 1 0]
At  5601/30000: COST 0.010/3.542(0.025) -- Acc 1.000/0.510(0.992)
[0 1 1 1 1 1 1 1 1 1 1 1 1 0 1 1 1 0 1 1 0 0 0 0 1 0 1 0 1 1 1 0 1 1 0 0 1
 1 1 1 0 0 1 0 1 0 1 1 1 0 1 0 1 0 0 1 1 1 1 1 1 0 1 0 1 1 0 0 1 0 1 1 1 1
 1 0 0 0 1 1 1 1 0 1 1 1 0 0 0 1 1 0 1 0 0 1 1 0 0 1]
At  5701/30000: COST 0.078/3.411(0.050) -- Acc 0.960/0.520(0.984)
[1 1 1 1 1 0 1 0 0 1 1 1 0 1 1 1 0 0 1 1 1 1 1 0 0 0 0 1 1 1 1 1 0 1 1 1 1
 0 1 0 1 0 0 1 0 0 0 0 1 1 1 1 0 1 0 1 1 0 0 1 1 1 1 0 0 0 1 1 0 1 0 1 1 0
 1 0 1 0 0 0 0 1 1 1 1 0 1 1 0 0 1 0 0 1 0 0 1 0 1 1]
At  5801/30000: COST 0.013/3.397(0.040) -- Acc 1.000/0.550(0.988)
[1 0 1 1 1 1 0 1 1 0 0 0 1 0 1 1 1 0 1 0 1 0 1 0 1 1 0 0 1 1 0 1 1 1 0 1 0
 1 0 1 0 1 1 1 1 0 1 1 0 1 0 0 1 1 0 0 1 0 1 0 0 0 0 1 0 0 1 1 0 1 1 1 1 1
 0 1 0 0 1 1 0 1 1 1 0 1 0 1 1 1 1 1 1 1 0 1 1 1 1 1]
At  5901/30000: COST 0.013/3.620(0.034) -- Acc 1.000/0.530(0.990)
[0 1 1 0 0 0 1 1 0 1 0 1 1 0 1 0 0 0 1 1 0 0 0 1 1 1 0 0 1 1 0 0 1 1 0 0 1
 0 0 1 0 1 1 0 1 0 1 1 1 1 1 0 1 1 1 1 0 0 1 1 0 0 1 1 0 1 1 1 1 1 1 1 1 0
 1 1 1 1 0 0 1 0 0 1 1 0 0 1 1 0 1 0 0 0 1 0 1 1 1 0]
At  6001/30000: COST 0.028/3.613(0.029) -- Acc 0.980/0.580(0.992)
[1 0 0 1 1 1 0 1 1 1 1 0 1 0 0 0 0 1 1 0 0 1 1 0 1 1 1 0 1 0 0 1 0 0 1 1 0
 1 1 1 0 0 0 1 1 0 1 0 1 1 0 0 1 1 0 1 1 1 0 1 1 1 0 1 1 1 0 1 0 0 0 1 0 0
 1 0 1 1 0 0 1 1 1 1 1 0 0 1 1 1 1 1 1 1 0 1 1 0 1 0]
At  6101/30000: COST 0.021/3.301(0.038) -- Acc 0.990/0.540(0.988)
[1 1 1 1 0 0 1 1 1 1 1 0 1 0 1 0 1 1 0 0 1 1 1 1 0 0 1 0 1 1 0 1 0 0 1 1 0
 1 1 0 0 1 1 0 1 1 0 1 1 1 1 1 0 1 1 1 1 1 0 1 0 1 0 1 0 1 1 1 1 1 0 1 0 1
 0 0 1 0 1 0 0 1 1 0 0 0 1 0 1 1 0 0 1 0 0 0 0 1 0 0]
At  6201/30000: COST 0.004/2.954(0.030) -- Acc 1.000/0.570(0.991)
[0 0 1 1 0 0 1 1 0 0 1 1 1 1 1 1 1 0 1 0 1 1 1 0 0 0 1 1 1 1 1 0 0 1 1 0 0
 0 1 0 0 0 0 0 1 1 1 1 1 0 1 1 0 0 0 0 0 0 1 0 1 0 0 1 1 1 1 1 0 1 0 1 1 1
 1 1 0 1 1 0 1 1 0 1 0 1 1 1 0 1 0 0 1 0 0 0 0 1 1 1]
At  6301/30000: COST 0.051/3.511(0.033) -- Acc 0.990/0.550(0.990)
[0 0 1 1 1 1 1 0 0 1 0 1 1 0 0 0 0 1 0 1 0 1 1 0 1 1 1 1 1 0 1 1 0 0 0 1 0
 1 0 1 1 1 1 0 1 0 1 0 0 1 0 1 0 1 1 1 0 0 1 1 1 0 1 0 1 1 1 0 1 1 1 0 1 0
 0 1 0 1 0 0 1 1 1 1 1 1 1 1 0 1 1 0 0 0 0 1 0 1 1 1]
At  6401/30000: COST 0.048/3.276(0.035) -- Acc 0.980/0.540(0.989)
[1 1 1 1 0 0 0 1 1 0 1 0 1 1 1 0 1 1 1 1 1 1 1 0 1 0 1 1 1 1 0 0 1 0 0 0 0
 1 0 0 1 1 0 1 0 0 0 1 0 1 1 0 1 1 0 1 0 0 0 1 1 1 1 0 1 1 1 0 1 1 0 1 1 1
 0 1 1 0 1 1 0 0 1 1 1 1 0 1 1 0 1 1 1 0 1 1 1 1 1 1]
At  6501/30000: COST 0.037/3.681(0.025) -- Acc 0.990/0.490(0.993)
[1 0 1 1 1 1 1 1 1 0 0 0 1 0 0 0 1 1 0 1 1 1 1 0 1 1 1 1 1 0 1 0 1 1 0 1 0
 0 1 1 0 0 1 0 0 1 1 0 1 1 1 1 1 1 1 1 1 1 1 1 0 1 0 0 0 1 1 0 1 1 1 0 1 1
 1 0 1 1 1 0 1 1 1 1 1 0 1 1 0 1 1 0 0 0 1 1 1 0 0 1]
At  6601/30000: COST 0.004/3.450(0.031) -- Acc 1.000/0.590(0.991)
[0 0 1 1 1 1 0 0 0 1 0 1 0 1 1 1 1 1 0 1 0 1 0 0 1 1 1 1 1 1 0 1 1 1 1 1 1
 1 1 1 0 1 1 1 1 1 1 1 1 0 0 1 0 0 0 0 1 1 1 1 0 1 0 1 0 1 0 1 1 1 0 1 1 1
 1 0 1 0 1 1 0 1 1 0 0 0 1 1 1 0 1 1 0 1 1 0 0 1 1 1]
At  6701/30000: COST 0.130/3.188(0.049) -- Acc 0.950/0.530(0.985)
[1 1 1 0 1 1 1 1 1 0 0 1 1 1 1 1 1 0 0 1 0 0 0 0 0 1 1 1 0 0 1 0 1 0 1 1 0
 0 1 1 0 1 0 0 1 1 0 1 0 1 0 1 1 0 0 0 1 0 1 1 0 1 1 1 1 1 0 1 0 0 0 0 1 1
 1 1 1 0 1 1 0 1 1 0 1 1 1 1 0 0 1 0 0 1 1 1 1 0 1 0]
At  6801/30000: COST 0.020/3.154(0.039) -- Acc 0.990/0.560(0.988)
[1 1 1 1 0 0 0 1 1 0 1 0 0 1 1 0 1 1 1 0 0 1 1 1 1 0 1 1 1 1 1 1 1 1 1 1 1
 1 1 1 1 1 1 1 0 0 1 1 1 0 0 1 1 1 0 1 0 0 0 1 0 0 1 1 0 1 0 0 0 1 1 1 1 1
 0 1 1 1 1 1 0 0 0 0 0 0 1 1 1 1 0 1 0 0 1 0 0 1 1 1]
At  6901/30000: COST 0.006/3.301(0.030) -- Acc 1.000/0.590(0.991)
[1 0 1 1 1 1 1 1 1 0 1 0 0 1 1 0 0 0 1 1 0 1 0 1 0 1 0 0 0 0 1 0 1 0 1 0 1
 0 0 0 0 0 1 1 0 1 1 1 0 1 1 1 0 1 1 1 0 0 1 1 1 1 0 1 0 1 0 0 1 0 1 1 1 1
 1 1 0 0 1 0 0 0 0 1 1 0 1 1 0 1 1 0 1 0 1 1 1 0 1 0]
At  7001/30000: COST 0.045/3.168(0.028) -- Acc 0.990/0.570(0.992)
[0 0 1 0 1 1 1 0 1 1 0 1 1 1 0 1 1 1 0 0 0 0 1 1 1 1 1 1 1 1 1 1 1 0 0 0 1
 0 0 1 0 1 1 0 1 0 0 1 1 0 1 1 0 0 0 1 0 0 1 1 1 1 1 0 0 0 0 0 1 0 1 1 1 1
 1 0 1 0 0 1 1 1 1 1 0 1 1 1 1 0 0 0 0 1 1 0 1 1 1 1]
At  7101/30000: COST 0.147/3.351(0.033) -- Acc 0.970/0.530(0.990)
[1 0 1 1 1 0 1 1 1 0 1 1 0 0 0 1 0 1 0 1 1 1 1 0 0 1 1 1 1 1 1 1 1 0 0 1 0
 0 0 1 1 1 0 1 1 0 0 0 1 1 1 0 0 1 1 0 1 0 1 1 1 1 0 1 1 0 1 1 0 1 1 1 1 0
 0 1 1 1 1 0 0 0 1 0 0 1 1 1 1 1 1 1 0 1 0 1 1 1 1 1]
At  7201/30000: COST 0.007/3.350(0.023) -- Acc 1.000/0.540(0.992)
[0 0 1 1 1 0 1 1 1 0 1 0 1 0 0 0 1 1 1 1 1 1 1 1 1 1 1 1 1 0 1 0 1 1 0 0 1
 0 1 0 0 0 0 0 1 0 1 1 1 0 0 1 1 1 1 1 1 1 0 1 1 1 1 1 0 1 0 0 1 0 1 0 0 1
 0 0 1 0 0 1 1 1 1 1 0 0 1 1 1 1 0 0 1 0 0 1 1 1 0 0]
At  7301/30000: COST 0.004/3.870(0.019) -- Acc 1.000/0.570(0.994)
[0 1 1 1 0 1 0 0 0 1 1 1 0 1 0 0 1 1 1 1 0 1 0 1 1 0 0 1 1 1 1 1 1 0 0 0 1
 1 1 0 1 0 0 1 1 0 0 0 0 1 1 0 1 0 1 1 1 1 0 1 1 1 0 1 1 0 1 0 0 1 1 0 1 0
 1 0 1 1 1 1 1 0 0 1 1 1 0 0 1 1 1 0 1 0 0 1 1 1 0 0]
At  7401/30000: COST 0.081/2.801(0.052) -- Acc 0.970/0.580(0.984)
[0 1 0 0 1 1 0 1 0 0 1 1 1 0 0 1 1 1 0 0 1 0 1 1 1 0 0 0 0 1 0 0 1 1 1 0 1
 1 1 1 0 1 1 0 1 0 0 0 0 1 1 0 1 1 0 0 0 1 0 0 1 1 0 0 0 1 1 1 1 1 1 0 1 0
 0 1 1 0 1 1 0 0 0 0 1 1 1 1 1 1 1 0 0 1 1 1 0 0 1 1]
At  7501/30000: COST 0.051/3.035(0.051) -- Acc 0.980/0.560(0.984)
[0 1 1 0 0 0 1 1 0 1 0 0 1 1 1 0 1 0 1 1 0 1 1 1 1 1 0 1 1 1 1 0 0 1 0 0 1
 0 0 0 0 0 1 1 1 0 0 1 1 1 1 1 1 0 1 1 1 1 0 1 1 1 0 1 0 1 1 1 1 1 1 1 1 1
 1 0 0 0 0 0 0 0 1 0 0 1 0 1 0 1 1 0 1 1 1 1 1 1 0 0]
At  7601/30000: COST 0.031/3.142(0.046) -- Acc 0.990/0.490(0.985)
[1 1 0 1 1 1 1 0 1 1 1 0 1 0 1 0 1 1 1 0 0 0 1 1 1 1 0 1 0 0 0 0 1 1 1 1 1
 0 1 0 1 0 0 1 0 1 1 1 1 1 1 0 1 0 0 1 1 0 1 1 0 1 1 0 1 1 0 1 0 0 1 1 1 0
 0 1 1 0 0 1 1 0 0 1 0 0 0 1 1 1 0 1 0 1 1 0 1 1 0 1]
At  7701/30000: COST 0.029/3.128(0.038) -- Acc 0.980/0.550(0.989)
[0 0 1 0 1 0 1 1 0 0 1 1 1 1 1 0 0 0 0 1 1 0 0 0 0 1 1 0 1 1 1 0 0 0 1 0 1
 0 1 0 0 0 1 0 1 1 0 0 1 1 1 0 0 0 1 1 1 1 1 1 0 0 1 0 1 1 1 1 1 0 0 1 0 0
 1 1 1 0 1 0 1 1 1 0 1 1 1 0 1 1 1 1 1 0 0 1 0 1 1 1]
At  7801/30000: COST 0.039/2.949(0.025) -- Acc 0.990/0.580(0.992)
[0 0 1 0 0 0 0 0 0 1 0 0 0 0 1 1 1 1 1 0 0 1 0 1 0 0 0 0 1 1 0 1 1 1 1 1 0
 0 0 1 1 0 1 1 1 0 1 0 0 1 0 0 1 1 1 0 0 1 0 0 1 1 0 1 1 0 1 1 1 1 1 1 1 0
 1 1 1 1 0 0 1 1 1 0 1 0 0 1 1 1 1 0 1 0 0 1 0 1 0 1]
At  7901/30000: COST 0.012/3.307(0.025) -- Acc 1.000/0.550(0.993)
[0 1 1 1 0 0 1 1 1 1 1 1 0 0 1 1 1 0 0 0 1 1 1 1 1 1 0 0 1 0 1 1 1 0 0 1 0
 0 1 1 0 0 0 1 1 1 1 0 1 1 1 1 1 1 0 1 1 0 0 1 0 1 0 1 0 0 0 0 1 1 1 1 0 0
 1 1 0 0 0 0 1 0 1 1 1 1 0 1 1 0 1 0 0 1 0 0 0 1 1 0]
At  8001/30000: COST 0.054/3.315(0.040) -- Acc 0.990/0.540(0.988)
[1 1 1 1 0 1 1 0 0 0 1 1 0 1 1 0 1 0 0 0 1 1 1 0 1 0 1 0 0 1 0 0 1 1 1 1 0
 0 0 0 1 1 0 0 1 0 1 1 0 1 0 1 1 0 1 1 0 0 0 0 1 1 1 0 1 0 1 0 1 1 0 1 0 1
 0 1 0 1 0 0 0 1 1 1 1 1 0 1 0 0 1 0 0 1 0 1 0 0 1 1]
At  8101/30000: COST 0.017/2.892(0.033) -- Acc 1.000/0.580(0.990)
[0 1 1 1 1 1 1 1 1 0 0 0 0 0 1 1 0 1 0 0 1 1 0 1 0 0 0 0 1 0 0 0 0 1 1 0 0
 0 1 0 1 0 0 1 1 1 0 0 0 1 1 1 1 0 1 1 1 0 0 0 1 1 1 0 0 0 0 1 1 0 1 1 0 0
 0 0 1 0 0 0 1 1 1 1 1 0 1 1 0 1 1 1 0 1 1 0 0 1 0 0]
At  8201/30000: COST 0.059/3.084(0.026) -- Acc 0.950/0.550(0.991)
[1 0 1 0 0 1 1 0 0 1 1 1 1 1 1 0 1 1 1 1 0 1 0 0 1 0 0 1 1 1 1 0 0 1 1 1 1
 1 1 0 0 0 0 0 0 1 0 1 1 0 0 1 0 1 1 1 0 1 1 1 0 0 1 1 1 0 1 0 0 1 1 1 0 1
 0 0 1 0 0 1 0 1 0 0 1 0 1 1 1 0 1 0 0 1 1 0 1 1 1 1]
At  8301/30000: COST 0.002/3.437(0.023) -- Acc 1.000/0.530(0.993)
[0 1 0 0 1 0 0 0 0 1 0 1 0 1 0 1 1 0 0 1 0 1 1 0 0 1 1 1 0 0 0 0 0 1 1 0 0
 1 1 1 0 0 0 0 0 1 0 0 1 0 1 1 1 1 1 1 0 1 1 1 1 1 0 1 1 0 0 0 1 0 0 0 0 1
 0 1 1 1 0 0 0 0 1 0 1 1 1 1 1 1 0 1 1 1 1 1 1 1 0 1]
At  8401/30000: COST 0.077/2.995(0.029) -- Acc 0.990/0.560(0.992)
[0 1 0 1 1 1 0 1 0 0 0 1 0 0 0 1 0 1 1 0 0 0 1 0 1 1 0 1 0 1 1 0 1 0 1 1 1
 1 1 0 1 1 0 0 0 1 1 1 1 1 1 1 0 0 0 1 0 1 0 0 1 1 0 1 0 0 1 0 0 0 1 1 1 0
 1 0 1 0 1 0 1 0 0 1 1 1 1 0 0 1 0 0 0 1 1 1 1 1 0 0]
At  8501/30000: COST 0.040/3.162(0.043) -- Acc 0.980/0.540(0.988)
[1 0 1 0 0 0 0 1 0 0 0 1 1 1 1 1 0 1 1 1 0 1 1 0 1 0 0 1 0 1 1 1 1 0 1 1 0
 1 0 1 0 1 1 0 0 0 0 1 1 1 1 0 1 0 1 0 1 0 1 0 1 1 0 1 0 1 1 1 1 1 1 1 0 1
 0 0 0 1 1 0 0 1 1 1 1 1 1 1 1 1 0 1 0 1 0 0 1 0 0 1]
At  8601/30000: COST 0.008/3.269(0.033) -- Acc 1.000/0.560(0.990)
[1 0 0 0 0 0 0 0 1 1 0 1 1 0 1 0 0 1 1 1 0 1 1 1 0 1 1 1 1 1 1 1 1 0 0 0 0
 0 0 1 1 1 1 1 1 0 0 1 1 0 1 0 1 1 0 0 0 0 1 0 1 0 1 0 1 0 1 0 0 1 0 1 0 1
 0 1 1 1 1 0 0 0 0 0 0 1 0 0 0 1 0 0 1 1 1 1 1 1 0 1]
At  8701/30000: COST 0.015/3.157(0.023) -- Acc 1.000/0.530(0.993)
[1 1 0 1 0 1 1 1 1 0 1 1 0 0 0 1 0 1 1 0 1 1 1 1 0 1 0 1 1 1 1 0 0 0 1 1 0
 1 1 0 1 0 1 0 1 0 1 0 0 1 1 0 1 1 0 0 0 0 1 1 1 0 1 0 1 1 1 1 1 1 1 0 0 1
 0 0 1 0 0 1 1 1 1 1 0 1 0 1 0 1 1 1 1 1 0 1 0 1 0 0]
At  8801/30000: COST 0.010/3.634(0.021) -- Acc 1.000/0.570(0.993)
[0 1 1 0 1 1 1 0 0 1 1 0 0 1 0 1 0 1 1 0 0 1 1 1 1 0 1 1 1 0 1 1 0 1 1 1 1
 1 0 0 0 0 0 0 0 0 1 0 1 0 0 1 1 1 1 1 0 0 0 1 1 0 1 1 1 1 1 0 1 1 1 0 1 1
 0 1 0 1 0 0 1 0 0 1 0 1 1 1 1 1 0 0 1 1 1 0 1 1 1 0]
At  8901/30000: COST 0.021/3.766(0.021) -- Acc 0.990/0.520(0.993)
[0 1 1 1 0 0 0 0 0 1 1 1 1 1 0 0 1 0 0 0 0 1 0 1 1 1 1 1 1 1 0 0 0 1 1 1 1
 0 1 0 0 0 0 1 1 1 0 0 1 1 1 0 1 1 1 1 0 0 1 1 0 1 1 0 0 1 1 0 0 1 1 1 0 0
 1 1 1 0 1 1 0 1 0 1 0 0 1 1 1 0 0 0 0 1 0 1 0 1 0 0]
At  9001/30000: COST 0.095/3.625(0.038) -- Acc 0.980/0.430(0.989)
[1 0 1 1 1 1 0 0 0 1 1 1 0 1 1 0 0 1 0 1 1 1 1 1 0 1 1 1 0 1 0 1 0 1 1 0 0
 1 1 1 1 1 1 0 1 0 0 1 1 1 1 1 1 0 1 0 1 0 0 1 1 1 0 0 1 1 1 0 1 1 0 0 1 0
 1 0 1 0 1 0 1 0 1 1 1 0 0 0 0 0 0 0 0 0 0 0 0 0 1 0]
At  9101/30000: COST 0.013/3.112(0.045) -- Acc 0.990/0.500(0.987)
[1 0 0 0 1 1 0 0 0 1 1 0 0 0 1 1 0 1 0 0 1 1 1 1 0 1 1 1 1 1 1 1 1 0 0 0 0
 0 0 0 0 1 1 1 1 1 0 1 1 1 1 0 1 0 1 1 1 1 0 0 0 0 0 0 1 1 0 1 0 1 1 0 1 1
 0 1 1 0 1 1 0 1 1 0 1 1 0 1 0 0 1 1 1 1 1 0 0 0 0 0]
At  9201/30000: COST 0.005/3.499(0.039) -- Acc 1.000/0.500(0.988)
[1 1 1 1 1 1 0 0 1 1 0 1 0 1 1 0 0 1 0 1 0 1 1 1 0 1 0 0 0 0 0 0 1 1 0 1 1
 0 1 0 1 1 1 1 0 1 1 1 1 1 0 0 1 1 0 0 1 1 0 1 1 0 1 0 1 0 1 0 1 1 0 0 0 0
 1 0 1 1 0 0 1 1 0 1 0 1 0 1 0 0 1 1 0 0 0 1 1 0 1 1]
At  9301/30000: COST 0.004/3.201(0.029) -- Acc 1.000/0.510(0.991)
[1 1 1 0 1 1 1 1 1 0 0 0 1 1 0 1 0 0 1 1 1 0 1 0 1 1 1 1 0 0 1 1 0 0 1 1 0
 1 0 1 0 1 0 0 1 0 1 0 0 0 1 1 1 1 0 1 1 1 0 1 1 0 1 1 0 0 1 1 1 1 1 0 1 0
 0 1 0 1 0 1 1 1 0 0 1 1 1 1 0 1 1 0 1 1 0 0 0 1 0 0]
At  9401/30000: COST 0.070/3.395(0.040) -- Acc 0.970/0.540(0.990)
[1 1 1 0 0 1 0 0 1 1 1 1 0 0 0 1 0 1 0 1 1 0 1 1 0 0 0 0 0 1 0 1 1 0 1 1 0
 1 1 1 0 1 1 1 1 1 0 0 0 1 0 0 1 0 1 0 1 1 1 0 1 0 0 0 0 0 1 0 1 1 0 0 0 0
 1 1 1 1 1 1 0 1 1 0 0 1 0 1 0 1 0 1 1 0 1 0 1 1 1 0]
At  9501/30000: COST 0.004/3.354(0.029) -- Acc 1.000/0.510(0.993)
[1 1 1 1 0 1 0 1 0 1 0 1 1 1 1 0 1 1 1 1 0 1 1 1 1 1 1 0 0 1 1 1 1 0 0 0 0
 0 0 1 1 0 0 0 1 0 1 1 1 0 1 0 1 1 1 0 0 1 0 1 1 1 0 1 1 0 1 1 0 1 1 1 1 0
 0 1 1 1 1 0 1 1 0 1 1 0 1 1 1 1 0 1 1 0 0 1 1 1 0 1]
At  9601/30000: COST 0.026/3.087(0.039) -- Acc 0.990/0.540(0.989)
[1 0 1 1 1 0 0 1 0 1 0 1 0 0 1 0 0 0 0 1 1 0 1 1 1 0 0 1 1 0 0 1 1 1 0 1 1
 1 0 1 1 1 1 0 0 0 0 1 0 0 1 1 0 1 1 1 1 1 1 1 1 0 1 1 1 1 0 1 1 0 1 0 0 0
 0 1 1 0 1 0 1 1 1 0 1 1 1 0 1 1 1 1 0 1 0 0 1 0 1 1]
At  9701/30000: COST 0.004/3.199(0.029) -- Acc 1.000/0.490(0.992)
[1 1 1 0 1 0 0 1 0 1 0 1 0 1 1 1 0 1 0 1 1 0 0 0 1 0 1 0 1 1 0 0 1 0 1 1 1
 0 1 1 1 1 0 1 1 0 0 1 1 0 0 0 1 1 0 0 1 1 1 0 1 1 1 1 1 0 1 0 1 1 0 0 0 1
 0 0 1 0 1 1 0 1 1 1 0 0 0 1 1 0 1 1 1 0 0 0 0 0 0 1]
At  9801/30000: COST 0.038/3.386(0.019) -- Acc 0.990/0.520(0.994)
[0 0 0 1 1 0 1 1 0 1 1 1 0 1 0 0 1 0 1 1 0 0 1 0 1 1 1 0 1 1 0 1 0 0 0 0 1
 0 0 0 1 0 0 1 1 0 1 0 1 1 1 1 0 1 0 0 1 1 1 1 0 0 1 1 1 1 1 1 0 1 0 0 1 0
 0 1 0 1 1 1 1 0 1 0 1 1 1 1 1 1 1 1 1 0 0 0 0 0 0 1]
At  9901/30000: COST 0.023/3.199(0.026) -- Acc 0.990/0.570(0.993)
[1 0 1 1 1 1 1 0 1 0 0 0 1 1 1 0 1 0 1 0 0 0 0 1 1 1 0 1 1 0 1 1 1 1 1 1 1
 1 1 1 1 0 1 1 1 0 0 1 0 0 1 0 1 1 1 1 1 0 1 0 0 1 0 0 0 1 0 1 1 1 1 1 1 1
 1 1 1 0 0 1 1 0 1 0 0 0 0 0 1 1 1 1 1 1 1 0 0 0 0 1]
At 10001/30000: COST 0.015/3.225(0.021) -- Acc 1.000/0.570(0.994)
[0 1 1 0 1 0 1 0 1 1 0 0 0 1 0 1 1 1 0 0 1 1 1 1 1 0 1 1 0 1 0 0 0 0 1 0 0
 0 0 1 1 1 1 1 0 1 0 0 0 1 1 1 1 1 1 1 0 0 1 1 0 0 1 0 1 1 1 1 1 1 1 1 1 1
 0 0 1 1 0 0 0 1 1 1 0 0 0 1 1 1 0 1 0 0 1 1 1 1 1 1]
At 10101/30000: COST 0.004/3.416(0.024) -- Acc 1.000/0.530(0.993)
[1 0 1 0 1 1 1 1 1 0 0 0 0 1 1 0 1 1 1 0 1 1 0 1 1 1 0 0 0 0 0 0 1 1 0 1 1
 0 0 1 0 0 1 1 1 1 1 1 0 0 0 1 1 1 1 1 0 1 1 1 0 1 1 1 1 1 1 1 0 1 1 1 0 0
 1 1 1 1 1 0 1 1 1 0 0 0 1 1 0 0 1 1 1 1 0 0 0 1 0 0]
At 10201/30000: COST 0.001/3.257(0.022) -- Acc 1.000/0.520(0.994)
[0 0 1 1 1 0 1 1 1 1 1 0 1 0 1 0 0 1 1 1 1 0 1 1 1 1 1 1 1 1 1 1 1 1 1 1 0
 1 0 1 1 0 1 0 0 0 1 1 1 0 1 0 1 0 1 0 0 0 1 0 1 1 1 0 0 0 1 1 1 0 0 0 0 1
 0 1 0 0 0 1 1 1 1 0 1 0 1 1 0 0 1 0 0 0 1 1 0 1 1 1]
At 10301/30000: COST 0.017/3.395(0.021) -- Acc 0.990/0.550(0.994)
[1 1 0 1 1 0 0 0 0 1 1 1 0 0 1 1 0 1 1 0 1 0 1 0 1 0 1 0 1 1 1 1 1 1 1 0 0
 1 1 0 1 0 1 1 0 0 1 1 1 1 1 1 1 1 1 1 1 1 1 1 1 1 1 0 0 0 0 1 1 1 0 0 1 1
 0 1 0 1 1 1 0 0 0 0 0 1 1 1 1 1 1 1 1 1 1 1 1 1 0 1]
At 10401/30000: COST 0.003/3.540(0.023) -- Acc 1.000/0.520(0.993)
[1 1 0 0 0 0 0 0 1 1 0 1 1 0 1 1 1 0 1 0 1 0 0 1 1 1 0 1 1 0 0 1 0 1 1 0 0
 1 1 1 1 0 0 1 0 1 1 1 0 1 0 0 1 0 0 1 1 0 1 1 1 0 0 1 1 1 1 1 1 1 1 1 1 1
 1 1 0 0 0 0 1 1 1 1 1 1 1 0 1 1 1 0 1 1 1 0 1 0 0 1]
At 10501/30000: COST 0.012/3.577(0.017) -- Acc 0.990/0.550(0.995)
[0 1 0 1 0 1 1 0 1 1 1 0 0 1 1 1 1 1 1 1 1 1 0 0 1 1 1 1 1 0 1 1 1 1 1 1 1
 1 1 1 0 1 1 0 1 1 1 1 1 1 1 1 1 1 1 0 0 1 0 1 0 1 0 0 1 0 1 0 1 0 1 0 0 1
 0 0 1 0 1 1 1 1 1 0 1 1 0 0 1 0 1 1 1 0 0 1 0 1 0 1]
At 10601/30000: COST 0.048/3.286(0.042) -- Acc 0.990/0.500(0.987)
[1 1 0 1 1 1 1 0 1 1 1 0 1 0 0 1 1 0 0 1 1 1 1 0 1 1 1 0 1 0 1 0 0 0 0 1 0
 0 0 1 0 0 1 1 1 0 0 0 1 0 0 0 0 1 1 1 0 1 1 1 1 1 1 1 1 1 1 1 1 0 1 1 1 0
 1 1 0 1 0 1 1 0 0 1 1 1 0 1 0 0 0 0 1 1 0 0 1 0 1 1]
At 10701/30000: COST 0.009/3.243(0.040) -- Acc 1.000/0.500(0.987)
[1 1 0 1 0 1 0 0 1 0 1 1 1 0 1 1 0 0 1 1 1 1 0 1 1 0 1 1 1 0 1 1 1 0 0 1 1
 0 0 1 1 1 0 0 1 0 0 0 0 1 1 0 0 1 0 1 0 1 0 1 1 1 1 0 1 0 1 1 1 0 0 1 0 1
 0 0 0 0 1 1 0 0 1 0 1 1 1 1 1 0 0 1 0 0 0 1 0 1 1 0]
At 10801/30000: COST 0.024/3.240(0.028) -- Acc 0.980/0.560(0.992)
[1 1 1 1 0 1 0 0 0 0 1 1 1 0 1 1 0 1 0 0 0 1 1 1 0 1 0 1 1 0 1 0 0 0 1 0 0
 0 1 0 1 1 0 0 1 1 1 1 0 0 1 1 1 1 1 1 1 0 0 1 0 0 1 1 1 0 1 0 1 0 1 1 1 1
 0 0 0 1 0 1 0 0 0 1 1 1 0 0 1 0 1 1 0 1 1 1 1 1 1 1]
At 10901/30000: COST 0.020/3.602(0.023) -- Acc 1.000/0.530(0.993)
[0 0 1 1 0 1 1 1 1 1 0 1 1 0 0 1 0 0 0 1 1 1 1 1 1 1 1 1 1 0 1 1 0 0 0 1 1
 0 0 0 1 0 0 1 0 0 1 1 0 0 1 0 0 1 1 1 1 1 1 0 1 0 0 1 0 1 0 0 0 1 1 1 1 0
 1 1 0 0 0 1 1 0 1 1 1 0 1 1 1 1 1 1 0 1 0 1 1 0 0 1]
At 11001/30000: COST 0.007/3.975(0.018) -- Acc 1.000/0.560(0.995)
[1 1 1 0 0 0 0 0 0 0 1 1 0 1 1 0 1 1 0 1 1 0 1 0 1 0 0 0 0 1 1 1 0 1 1 1 1
 0 1 1 1 1 1 1 1 1 1 1 0 0 1 1 1 1 1 0 0 1 0 1 0 1 1 0 0 1 0 1 1 0 1 1 1 1
 1 0 1 0 1 1 1 0 1 1 1 0 1 0 1 1 0 0 0 0 0 0 0 1 1 1]
At 11101/30000: COST 0.171/3.433(0.023) -- Acc 0.980/0.530(0.993)
[1 1 0 1 1 1 0 1 0 1 0 1 1 0 1 1 1 0 0 1 1 1 1 1 0 1 0 0 0 1 0 1 1 0 0 1 1
 1 1 1 0 1 0 1 1 0 1 1 1 1 0 1 1 0 0 0 0 1 1 1 0 1 0 1 0 0 0 1 1 1 0 1 1 0
 1 1 1 1 0 0 1 0 0 1 1 0 0 1 0 1 0 1 0 0 0 1 1 1 0 1]
At 11201/30000: COST 0.127/3.674(0.032) -- Acc 0.970/0.520(0.991)
[1 1 1 0 1 1 1 0 1 1 0 1 1 1 1 0 1 0 1 1 0 1 0 0 0 1 1 0 1 1 0 1 1 0 0 0 0
 1 1 0 1 1 1 1 0 1 0 1 0 1 0 0 0 0 1 1 1 0 0 1 1 0 0 0 1 1 1 0 1 0 0 1 0 1
 1 0 0 0 0 1 1 0 0 0 1 1 0 1 0 1 0 1 1 1 1 1 0 1 1 0]
At 11301/30000: COST 0.006/3.003(0.032) -- Acc 1.000/0.550(0.991)
[1 1 0 1 0 0 1 1 1 1 1 0 1 0 0 0 1 0 1 0 1 0 1 1 0 1 1 1 1 1 0 0 1 1 1 0 1
 1 0 1 0 0 1 0 1 0 1 1 1 1 1 1 0 1 1 0 1 1 1 0 0 0 1 0 1 0 1 1 1 0 1 1 0 1
 0 1 0 1 1 0 1 1 1 1 1 1 1 1 0 1 1 1 1 0 0 0 1 1 0 1]
At 11401/30000: COST 0.002/3.745(0.031) -- Acc 1.000/0.490(0.992)
[1 1 1 0 1 1 0 1 0 0 1 1 1 0 0 1 1 0 0 1 1 1 0 1 0 1 1 1 0 1 1 0 0 0 1 1 1
 1 1 0 1 1 0 0 1 1 1 0 1 0 1 1 0 0 1 1 1 0 0 1 0 1 1 0 1 0 0 0 1 1 0 1 0 0
 0 1 1 0 1 1 0 0 0 1 0 1 1 0 0 1 1 1 1 0 0 1 1 0 0 0]
At 11501/30000: COST 0.015/3.690(0.034) -- Acc 0.990/0.450(0.991)
[1 0 1 1 0 1 0 0 1 1 1 1 0 1 0 1 0 1 0 1 1 0 0 1 1 0 0 1 1 1 0 0 1 1 1 0 0
 1 0 1 0 0 1 0 0 1 1 1 1 1 1 1 1 1 1 1 1 1 1 0 1 0 0 1 1 0 1 0 0 1 1 1 1 0
 1 0 0 1 0 1 0 0 1 0 1 0 1 0 0 1 1 1 0 0 1 1 1 1 1 0]
At 11601/30000: COST 0.070/3.502(0.025) -- Acc 0.980/0.510(0.993)
[0 0 1 0 0 0 1 0 1 0 0 1 1 1 1 1 0 0 1 1 1 0 0 0 0 0 1 1 0 1 0 1 1 0 0 1 1
 1 1 0 0 0 1 1 1 0 0 1 1 1 1 0 1 1 0 0 1 0 1 1 1 0 1 1 0 1 0 0 1 1 1 0 0 0
 1 0 1 0 0 0 1 0 0 0 1 0 1 1 0 1 1 1 1 1 0 0 1 1 1 1]
At 11701/30000: COST 0.020/3.471(0.018) -- Acc 1.000/0.510(0.995)
[0 0 1 0 1 0 1 1 1 1 0 0 1 1 1 1 0 1 1 0 0 0 1 0 1 0 0 1 1 1 1 0 0 0 1 1 1
 0 1 1 0 1 0 1 1 0 1 1 1 1 1 1 1 1 0 1 0 1 1 0 0 1 1 1 0 1 1 1 0 0 1 1 0 1
 0 1 1 1 1 0 0 0 0 1 0 0 1 1 1 1 1 0 0 0 0 1 1 1 1 0]
At 11801/30000: COST 0.003/3.449(0.022) -- Acc 1.000/0.530(0.993)
[0 0 1 0 0 1 0 0 0 0 1 1 0 0 1 0 0 1 0 1 0 1 0 1 0 1 1 1 1 0 1 0 1 0 0 1 1
 1 0 1 1 1 0 1 0 0 1 1 0 0 0 1 1 0 1 1 1 0 1 0 0 1 0 1 0 1 1 0 1 1 0 0 1 1
 0 1 0 1 0 0 0 0 1 0 1 0 0 0 1 1 0 1 1 1 1 1 1 0 1 0]
At 11901/30000: COST 0.023/3.647(0.019) -- Acc 0.990/0.480(0.995)
[1 0 0 1 1 0 0 1 0 1 1 0 0 1 1 1 1 0 0 1 1 0 1 0 1 1 0 0 0 1 0 1 1 0 1 0 1
 1 1 0 1 1 1 0 1 0 1 1 1 1 1 1 1 0 1 0 1 0 1 0 0 0 1 1 0 1 0 1 1 0 0 1 1 0
 1 0 1 1 1 0 0 1 1 0 0 0 0 0 1 0 1 0 0 1 1 0 1 1 0 1]
At 12001/30000: COST 0.071/3.506(0.018) -- Acc 0.990/0.490(0.995)
[1 0 1 0 0 1 1 0 1 0 0 1 0 1 1 1 0 1 0 0 1 1 1 1 1 1 1 1 1 1 0 1 1 1 1 1 0
 1 0 1 1 1 0 1 0 1 0 1 1 1 1 1 0 1 1 0 1 1 0 0 0 0 1 1 0 1 1 1 0 1 0 0 0 1
 0 0 1 0 1 0 0 1 0 1 1 1 0 1 0 1 0 0 1 1 1 0 1 1 0 1]
At 12101/30000: COST 0.009/3.443(0.036) -- Acc 1.000/0.520(0.990)
[1 1 0 1 1 1 1 1 1 0 1 1 0 1 0 0 1 0 1 1 0 0 1 0 0 0 1 0 0 1 1 0 0 1 0 1 1
 0 0 1 0 1 0 0 1 1 1 1 1 1 0 1 1 0 0 1 1 0 1 1 1 1 1 1 1 0 1 1 1 1 0 1 0 1
 1 1 0 1 0 0 0 1 1 1 1 1 1 1 1 0 1 1 1 1 0 0 1 0 0 0]
At 12201/30000: COST 0.013/3.841(0.028) -- Acc 0.990/0.470(0.992)
[1 1 0 1 1 1 0 1 1 1 1 0 1 1 1 0 0 1 0 1 1 0 1 1 0 0 1 1 0 1 0 1 1 0 1 0 1
 0 1 1 1 1 1 1 1 1 1 0 1 1 1 1 1 1 1 1 1 0 1 1 0 1 0 1 1 1 1 0 1 1 1 0 0 1
 1 0 1 0 0 1 0 0 1 1 1 1 1 0 1 0 1 0 0 1 1 0 0 0 1 1]
At 12301/30000: COST 0.018/3.741(0.021) -- Acc 0.990/0.520(0.993)
[1 0 0 0 0 0 1 1 1 0 0 1 1 0 1 0 0 0 1 0 0 1 0 0 0 1 1 0 1 1 1 1 1 1 1 1 0
 1 1 1 0 0 1 1 0 0 0 1 1 1 1 1 1 1 1 1 1 1 0 1 1 0 1 1 1 1 0 1 1 0 0 0 0 0
 1 0 0 1 1 1 1 0 0 1 1 1 1 0 1 1 1 0 0 1 0 1 0 1 1 1]
At 12401/30000: COST 0.034/4.015(0.016) -- Acc 0.990/0.510(0.995)
[1 0 1 1 1 0 1 1 0 0 0 1 1 1 1 0 0 1 0 1 1 0 0 0 1 1 1 1 1 0 0 1 0 1 0 1 0
 0 1 1 1 1 1 1 0 1 1 0 0 1 1 0 1 0 0 1 1 1 0 1 1 0 1 1 1 0 1 1 0 0 0 0 1 0
 0 1 1 1 0 0 1 1 0 1 1 1 0 1 1 1 1 1 0 0 0 1 0 1 1 1]
At 12501/30000: COST 0.008/4.194(0.021) -- Acc 1.000/0.510(0.994)
[1 1 1 1 1 0 0 1 1 1 0 1 1 1 0 0 1 1 0 0 0 1 1 0 1 0 1 1 0 1 0 0 0 1 0 1 0
 1 0 1 1 1 0 1 0 0 0 0 1 1 0 1 1 1 1 1 1 1 0 1 1 0 1 1 1 1 1 1 0 0 1 1 1 0
 0 1 0 1 1 0 1 1 1 1 1 1 0 0 0 0 1 0 0 0 1 1 0 0 1 1]
At 12601/30000: COST 0.020/3.687(0.026) -- Acc 0.990/0.530(0.993)
[0 1 1 0 0 0 1 0 0 0 1 1 0 1 0 1 1 0 1 0 1 0 0 1 1 0 1 0 0 1 0 0 1 1 1 0 0
 1 1 1 1 0 0 1 1 1 1 0 1 0 0 0 1 0 1 1 1 1 0 0 0 0 1 1 1 1 0 1 1 1 0 0 1 1
 0 0 0 1 0 0 0 1 1 0 1 1 0 1 1 1 1 1 1 1 1 0 1 0 1 1]
At 12701/30000: COST 0.009/3.041(0.041) -- Acc 1.000/0.550(0.988)
[1 1 0 0 0 0 1 1 1 0 0 0 1 0 1 1 1 0 1 0 1 1 1 1 1 1 0 1 1 0 1 0 0 1 1 1 0
 1 1 1 1 1 0 1 0 1 0 0 1 0 0 0 0 1 0 1 0 1 0 1 0 1 1 0 1 0 0 0 1 0 0 1 0 1
 0 1 1 1 0 0 0 1 1 1 1 1 1 0 1 1 1 1 1 0 0 1 1 1 1 1]
At 12801/30000: COST 0.049/3.484(0.029) -- Acc 0.990/0.560(0.991)
[1 0 1 1 1 1 1 0 0 0 0 0 1 0 0 0 1 1 1 1 1 0 1 1 0 0 0 1 1 1 1 0 1 0 0 0 0
 0 0 1 1 0 0 1 1 0 1 1 1 1 0 1 1 1 0 1 0 1 1 1 1 1 1 1 1 1 1 0 0 1 0 1 1 1
 0 0 1 0 0 0 1 1 1 1 0 1 1 0 1 0 1 0 1 1 1 0 0 1 1 1]
At 12901/30000: COST 0.003/3.591(0.023) -- Acc 1.000/0.550(0.994)
[1 0 0 1 0 0 0 1 1 1 1 1 0 1 0 0 1 0 1 1 1 0 1 1 1 1 1 0 1 1 1 0 0 0 0 1 1
 0 0 1 0 1 0 1 1 1 1 1 1 1 1 1 1 1 0 1 1 0 0 0 0 1 0 1 0 0 0 0 0 1 1 1 0 1
 1 0 1 1 1 1 1 0 1 0 0 0 1 0 0 1 1 0 1 1 1 1 1 0 0 0]
At 13001/30000: COST 0.021/3.908(0.018) -- Acc 0.990/0.550(0.995)
[1 1 1 0 1 0 0 1 1 0 1 1 1 0 0 1 1 1 0 1 0 0 1 0 1 0 0 1 0 1 1 1 1 1 1 0 1
 1 1 1 0 1 0 0 0 1 0 1 0 0 1 1 1 1 1 1 1 0 1 1 0 0 0 1 0 0 0 1 1 0 1 1 1 1
 1 1 1 1 0 1 0 1 1 1 0 1 1 0 1 1 0 0 1 1 0 1 0 1 0 1]
At 13101/30000: COST 0.002/3.977(0.014) -- Acc 1.000/0.530(0.996)
[0 1 0 0 1 0 1 0 0 0 0 1 1 0 0 1 1 1 1 0 0 1 1 0 1 0 1 0 1 0 1 0 0 1 1 1 0
 0 1 1 1 0 0 1 1 1 0 1 1 1 1 0 1 1 0 1 1 0 0 1 1 0 0 1 0 0 1 1 1 0 1 1 0 0
 1 1 1 1 1 0 1 0 1 0 1 0 0 0 1 0 0 1 1 0 1 0 0 1 1 1]
At 13201/30000: COST 0.003/3.845(0.011) -- Acc 1.000/0.540(0.997)
[1 1 1 1 0 0 1 0 1 1 1 1 0 1 1 1 1 1 1 1 1 0 0 0 0 0 0 0 0 1 1 0 1 0 1 0 0
 1 0 0 1 1 0 0 0 1 1 1 1 1 0 0 1 0 1 1 1 1 1 1 1 1 1 1 1 0 1 1 0 1 1 0 1 1
 0 0 1 1 1 1 0 1 0 1 1 0 0 0 1 0 1 1 0 0 0 1 1 1 1 1]
At 13301/30000: COST 0.003/4.004(0.012) -- Acc 1.000/0.570(0.997)
[0 0 0 0 1 0 0 1 1 0 0 0 1 1 0 1 1 0 1 0 0 1 1 1 0 0 0 0 0 0 0 0 1 1 1 1 1
 1 0 1 1 0 0 1 0 1 0 1 1 1 1 1 1 1 0 1 0 1 1 1 0 1 1 0 0 1 0 1 1 1 1 0 1 0
 1 0 1 1 1 0 1 1 1 1 1 0 1 1 0 1 0 1 1 1 0 0 0 1 1 0]
At 13401/30000: COST 0.031/3.921(0.018) -- Acc 0.990/0.520(0.996)
[1 0 1 0 0 0 1 1 1 0 1 1 1 0 1 1 1 1 0 1 0 0 1 1 1 1 1 1 1 1 1 1 1 0 1 0 0
 0 1 0 1 0 0 0 1 1 0 1 1 0 1 1 1 0 1 0 0 1 1 1 1 0 1 1 1 0 1 0 1 1 1 0 1 0
 1 1 0 0 1 1 0 1 0 1 1 1 0 1 0 1 0 1 0 1 1 1 1 1 1 0]
At 13501/30000: COST 0.006/3.556(0.036) -- Acc 1.000/0.470(0.991)
[0 1 0 0 0 0 1 1 0 0 0 1 1 1 0 1 1 0 1 1 1 0 1 0 1 1 0 0 1 1 1 0 0 0 0 1 0
 0 1 0 1 1 1 1 1 1 1 1 0 1 1 0 1 0 1 1 1 1 0 1 1 1 0 0 1 1 0 0 1 0 1 0 1 0
 1 0 1 1 0 0 0 1 1 1 1 0 1 1 1 1 1 1 0 1 0 1 1 1 0 0]
At 13601/30000: COST 0.015/3.543(0.028) -- Acc 0.990/0.580(0.993)
[0 1 0 0 1 1 0 0 1 0 0 1 1 0 0 1 0 1 1 1 0 1 1 1 0 0 0 1 1 1 0 1 1 1 1 0 1
 0 0 0 0 1 0 1 0 1 0 0 0 0 0 1 1 1 1 1 1 0 1 0 1 0 1 1 0 0 1 1 1 0 0 1 1 1
 0 1 1 1 0 0 1 0 1 1 0 1 1 1 1 1 1 0 1 1 1 1 1 1 1 0]
At 13701/30000: COST 0.013/3.747(0.016) -- Acc 0.990/0.540(0.996)
[0 1 1 0 1 0 1 1 1 0 1 1 0 0 0 1 0 1 1 0 1 1 1 0 1 0 1 1 1 0 0 1 0 0 0 1 1
 1 1 1 0 0 0 1 0 0 0 1 1 1 0 0 0 0 1 0 1 1 1 1 1 0 1 0 0 1 1 1 1 1 0 1 0 0
 1 1 0 1 0 0 1 1 0 1 1 1 0 1 1 1 1 1 1 0 0 0 1 1 0 1]
At 13801/30000: COST 0.075/2.927(0.033) -- Acc 0.970/0.530(0.991)
[0 1 1 0 1 0 1 0 0 0 1 0 1 0 1 1 1 0 1 1 0 1 1 0 0 1 0 1 0 1 0 1 0 0 1 1 1
 1 0 0 1 0 1 0 0 1 0 0 0 0 0 0 0 0 1 0 0 1 1 1 0 1 0 0 0 1 1 1 0 1 1 0 1 1
 1 0 0 1 1 1 1 0 1 1 0 1 1 1 1 0 1 0 0 0 0 1 1 0 0 0]
At 13901/30000: COST 0.014/3.371(0.034) -- Acc 1.000/0.510(0.990)
[1 0 0 0 1 0 0 1 1 0 1 1 1 1 0 1 1 0 1 0 0 1 1 1 1 1 1 0 1 0 0 1 1 1 1 1 0
 0 1 1 0 1 1 1 0 1 0 0 0 1 1 1 1 1 1 0 0 0 0 0 1 0 1 0 0 1 0 0 0 1 0 1 1 0
 1 0 0 0 0 1 0 1 0 1 0 1 0 1 0 0 1 0 1 0 1 0 1 1 0 0]
At 14001/30000: COST 0.062/3.370(0.046) -- Acc 0.990/0.490(0.988)
[1 1 0 0 1 1 0 0 1 0 1 1 1 0 1 0 0 1 1 1 1 1 1 0 0 1 1 0 1 0 0 0 1 1 0 0 0
 1 1 1 0 1 0 1 0 0 1 1 0 1 1 0 1 0 1 1 0 1 0 1 1 1 0 1 0 1 1 1 0 1 0 1 0 1
 1 1 1 0 1 1 0 0 1 1 1 1 1 1 0 1 0 0 1 1 0 0 0 1 1 1]
At 14101/30000: COST 0.004/3.191(0.041) -- Acc 1.000/0.530(0.988)
[1 1 0 1 0 0 1 1 1 1 0 0 0 1 1 0 1 1 1 1 1 1 0 0 1 0 1 0 1 0 1 1 0 1 0 1 0
 1 1 1 0 1 0 1 1 1 0 1 1 0 1 0 1 1 1 1 1 0 1 1 0 1 1 0 1 1 1 0 0 0 0 1 1 1
 1 0 1 1 0 1 1 1 0 0 1 1 1 1 1 1 0 0 1 0 0 1 1 0 1 1]
At 14201/30000: COST 0.063/3.128(0.039) -- Acc 0.990/0.530(0.989)
[0 1 0 1 0 1 1 1 1 0 0 1 0 1 1 0 1 1 0 1 0 1 0 1 0 0 0 0 0 1 1 0 1 1 0 0 1
 1 0 0 0 1 1 0 1 1 1 1 0 1 1 1 1 1 0 1 1 0 1 0 1 1 0 1 0 1 1 0 1 1 1 0 1 1
 0 1 1 1 0 1 1 1 1 1 1 1 0 1 0 0 1 1 0 1 0 0 0 1 1 0]
At 14301/30000: COST 0.012/3.663(0.035) -- Acc 1.000/0.450(0.989)
[1 1 1 1 1 1 1 0 1 1 1 1 1 1 0 1 1 0 0 0 1 1 0 0 0 1 0 0 1 1 0 0 1 1 0 1 1
 0 0 0 0 1 1 1 0 1 1 1 1 0 1 1 1 0 0 1 1 1 0 0 1 0 1 1 1 1 1 0 0 1 0 1 0 1
 0 1 1 0 1 1 0 0 0 1 0 1 0 1 0 0 0 1 1 1 1 0 0 0 1 1]
At 14401/30000: COST 0.012/3.590(0.023) -- Acc 1.000/0.460(0.993)
[1 0 1 0 0 0 1 1 1 1 0 1 0 0 1 0 0 1 0 1 1 1 1 0 0 1 1 0 0 1 1 1 0 0 1 1 0
 1 1 1 0 1 1 1 0 0 0 1 1 0 0 1 0 0 1 0 1 0 1 0 0 0 0 1 1 0 1 1 1 1 0 0 0 0
 0 1 1 1 1 0 1 1 1 0 1 0 1 1 0 1 0 1 0 1 1 0 0 0 0 0]
At 14501/30000: COST 0.008/3.442(0.024) -- Acc 1.000/0.550(0.993)
[1 1 0 0 0 1 0 1 1 0 0 1 0 0 1 0 1 0 1 0 0 0 0 0 1 1 0 1 0 0 1 1 1 1 0 1 1
 0 0 1 1 0 1 0 0 1 1 1 0 1 1 1 0 0 1 1 1 1 1 1 0 0 1 1 0 0 0 1 0 1 1 0 0 0
 1 0 1 0 1 1 1 1 1 1 1 0 0 0 0 0 0 1 0 1 1 1 1 0 0 1]
At 14601/30000: COST 0.009/3.583(0.020) -- Acc 1.000/0.500(0.994)
[1 0 0 1 1 1 0 1 1 1 0 0 1 1 0 0 1 0 1 1 1 0 1 0 0 1 1 1 1 1 0 0 1 1 0 1 1
 0 0 1 1 1 1 1 0 1 0 0 0 0 1 1 1 0 1 0 1 0 1 1 1 1 1 0 1 0 0 0 1 0 0 0 1 0
 0 1 0 1 1 1 0 1 1 1 0 1 0 0 0 0 0 1 0 1 0 1 0 0 0 0]
At 14701/30000: COST 0.099/3.438(0.025) -- Acc 0.980/0.500(0.993)
[1 1 0 1 0 1 0 0 0 1 1 0 0 1 1 0 0 1 0 1 1 0 0 1 1 0 1 0 0 0 0 1 0 0 1 1 1
 0 1 1 1 1 1 0 1 1 1 1 1 1 0 0 0 1 0 1 0 0 1 0 0 1 1 0 1 1 1 0 0 0 1 1 0 1
 0 0 1 1 1 0 0 0 0 1 0 1 1 1 0 0 0 1 0 1 1 0 0 1 1 1]
At 14801/30000: COST 0.026/3.388(0.036) -- Acc 0.990/0.540(0.989)
[1 0 1 1 1 1 1 1 1 0 1 0 1 1 1 0 0 1 0 1 1 1 1 0 0 1 0 1 1 1 1 1 0 1 1 1 1
 1 0 0 0 1 0 0 1 1 0 0 0 0 1 0 1 0 1 1 1 1 1 0 1 1 1 0 1 1 1 1 0 0 0 0 1 1
 0 1 1 0 1 0 0 0 1 0 0 0 1 0 1 0 0 1 0 1 1 1 1 1 0 1]
At 14901/30000: COST 0.017/3.757(0.024) -- Acc 0.990/0.550(0.992)
[1 0 1 1 1 0 0 0 0 1 1 1 1 0 0 0 0 1 1 1 0 0 1 0 1 0 1 0 0 1 1 1 0 1 1 1 0
 0 1 1 1 0 0 0 1 0 0 0 0 1 0 0 0 1 0 0 0 1 1 0 1 1 0 1 0 1 0 0 1 1 1 1 1 0
 1 0 0 1 0 1 0 1 1 0 1 1 0 0 0 1 0 0 1 1 0 1 1 1 0 1]
At 15001/30000: COST 0.003/3.690(0.017) -- Acc 1.000/0.540(0.995)
[1 0 0 0 1 1 0 0 1 1 1 1 1 0 0 0 1 1 1 0 0 1 1 1 1 1 1 1 0 1 1 0 0 1 0 0 1
 0 0 1 1 0 1 1 0 0 0 0 0 1 0 1 1 1 0 1 0 0 1 0 0 0 1 1 0 0 1 1 0 1 1 1 1 0
 1 1 0 1 1 1 0 1 1 1 1 0 1 1 1 1 0 1 0 1 1 1 1 1 0 0]
At 15101/30000: COST 0.002/3.895(0.014) -- Acc 1.000/0.520(0.996)
[1 1 1 0 0 1 0 1 0 1 0 1 1 1 1 0 1 0 1 0 0 1 1 0 0 1 1 1 1 1 1 0 1 1 1 0 1
 1 1 1 1 0 1 0 1 1 0 1 1 1 0 1 0 1 1 0 1 1 1 1 0 0 0 1 0 1 1 1 0 0 0 0 1 0
 0 1 1 0 0 1 1 1 1 1 1 0 1 1 0 0 0 1 0 1 0 0 1 0 0 1]
At 15201/30000: COST 0.003/4.017(0.010) -- Acc 1.000/0.530(0.997)
[1 0 0 1 1 0 1 1 0 0 1 1 1 1 0 1 1 1 0 1 1 0 0 0 1 1 0 0 0 1 1 0 0 0 0 0 0
 1 1 1 1 0 1 1 0 1 1 1 1 0 0 1 0 1 1 0 0 1 1 0 1 0 1 1 0 0 1 1 0 1 0 0 1 0
 0 1 1 0 1 1 1 0 1 0 1 1 1 1 0 0 1 1 1 1 0 0 1 0 1 0]
At 15301/30000: COST 0.002/4.263(0.009) -- Acc 1.000/0.530(0.997)
[1 1 1 0 0 1 1 0 1 0 1 1 0 0 1 1 0 1 0 1 1 0 0 0 1 0 1 1 1 1 0 0 1 1 1 1 0
 1 0 0 1 1 1 1 0 0 1 1 0 0 1 1 0 1 1 1 1 0 0 0 1 1 0 0 0 0 1 1 1 1 0 1 1 1
 1 0 1 1 0 1 0 1 1 1 0 0 1 1 1 1 0 1 1 1 1 1 0 0 1 0]
At 15401/30000: COST 0.027/4.072(0.013) -- Acc 0.990/0.540(0.997)
[1 1 1 1 1 0 1 1 1 1 1 1 1 0 1 1 0 1 1 0 0 1 0 0 1 1 0 0 1 1 0 1 0 1 0 1 0
 0 1 0 1 1 1 1 1 1 1 1 0 0 0 1 0 1 1 0 1 0 1 1 0 0 1 0 1 1 0 1 0 0 1 1 1 0
 0 0 0 1 1 0 1 0 1 0 0 1 0 1 0 1 0 1 0 1 1 1 0 0 0 0]
At 15501/30000: COST 0.015/4.246(0.014) -- Acc 0.990/0.560(0.996)
[0 1 1 0 0 0 1 0 0 0 0 1 0 1 0 0 0 0 1 1 1 1 1 0 1 0 1 0 0 0 0 1 0 0 0 0 1
 1 1 1 0 1 0 1 1 0 1 1 0 1 1 1 1 0 0 0 1 1 1 1 1 1 1 0 0 1 0 1 1 1 1 0 0 1
 1 1 0 1 1 1 1 0 1 0 0 0 0 0 1 0 0 1 1 0 1 0 0 0 0 0]
At 15601/30000: COST 0.009/4.062(0.015) -- Acc 1.000/0.510(0.995)
[0 1 0 0 1 0 1 1 0 0 0 1 0 0 1 0 0 1 1 0 0 0 0 0 0 0 1 1 1 1 0 1 1 1 1 0 0
 1 1 0 1 1 0 1 0 1 1 1 1 1 1 0 1 0 1 0 0 0 1 0 0 0 0 0 0 0 0 0 1 1 0 0 1 1
 1 1 0 1 0 0 0 1 1 1 1 1 1 1 0 1 1 0 1 1 1 1 0 0 0 1]
At 15701/30000: COST 0.008/3.952(0.014) -- Acc 1.000/0.540(0.996)
[1 1 1 1 0 1 1 0 0 0 1 1 1 1 1 1 0 0 0 0 1 1 0 0 1 0 1 0 1 1 0 1 0 1 0 1 0
 1 0 1 0 1 1 1 0 1 0 0 1 0 0 1 1 0 0 0 0 0 0 1 0 0 1 1 0 0 0 1 1 0 1 1 1 1
 0 1 0 0 1 1 0 1 1 0 1 0 1 0 0 1 1 1 1 0 1 1 1 1 1 1]
At 15801/30000: COST 0.066/3.524(0.036) -- Acc 0.980/0.550(0.990)
[1 0 1 0 1 1 1 1 1 0 1 0 1 0 1 0 1 1 1 0 0 1 0 1 1 1 1 1 1 1 0 0 0 1 1 0 0
 1 1 1 1 0 1 0 1 1 1 1 1 0 1 0 0 0 1 0 0 1 0 1 0 0 1 0 0 1 1 1 0 1 0 0 0 0
 0 0 0 1 1 1 1 0 0 1 0 1 0 1 0 1 0 0 0 1 1 1 1 1 1 0]
At 15901/30000: COST 0.055/3.066(0.067) -- Acc 0.980/0.530(0.980)
[0 1 1 1 0 0 1 1 0 1 0 1 1 1 1 1 1 1 1 1 0 1 0 1 0 1 0 0 0 1 0 1 0 1 0 1 1
 0 0 0 1 1 1 1 1 1 1 1 1 1 0 1 0 0 0 0 1 0 1 0 0 1 1 1 1 1 1 0 1 0 1 0 1 1
 0 1 0 0 0 1 1 1 1 1 0 0 0 0 1 1 1 0 1 1 1 1 0 0 0 1]
At 16001/30000: COST 0.086/3.064(0.045) -- Acc 0.990/0.570(0.987)
[1 0 1 1 1 1 1 1 0 0 0 1 0 1 0 0 0 0 1 0 0 1 1 1 1 0 1 0 1 1 1 0 1 1 0 0 1
 1 0 0 1 1 1 1 0 1 1 1 1 0 0 1 1 0 1 0 0 1 0 0 1 0 0 0 1 1 1 1 1 0 1 0 1 1
 1 1 1 1 1 1 1 1 1 0 0 1 0 0 0 1 1 1 0 1 1 0 1 1 0 1]
At 16101/30000: COST 0.003/3.049(0.027) -- Acc 1.000/0.520(0.992)
[0 1 0 0 1 1 1 0 0 0 1 1 0 0 1 1 0 1 0 0 1 0 0 0 1 0 0 0 1 0 0 1 1 1 0 1 1
 1 0 0 1 1 1 1 1 1 1 0 1 1 0 0 1 1 0 0 1 0 0 0 1 1 1 0 0 1 1 0 1 0 1 0 1 1
 1 1 0 0 1 1 1 1 1 0 1 0 1 0 1 0 1 1 1 0 1 0 0 1 1 0]
At 16201/30000: COST 0.025/3.344(0.017) -- Acc 0.980/0.560(0.995)
[1 1 0 1 0 0 1 1 0 1 0 1 1 0 1 1 1 0 0 1 1 1 1 0 1 1 1 0 1 1 1 1 0 1 1 0 1
 1 0 0 0 1 0 1 0 0 0 0 0 1 1 1 0 0 1 0 0 1 0 1 1 1 1 0 1 1 1 1 0 1 1 0 0 1
 1 1 1 1 1 1 1 1 0 1 1 0 0 1 1 0 0 0 1 1 0 0 1 0 1 1]
At 16301/30000: COST 0.004/3.503(0.020) -- Acc 1.000/0.580(0.994)
[1 1 1 1 1 1 1 1 0 1 0 1 0 1 0 1 1 0 0 1 1 0 1 0 1 0 0 0 0 1 1 1 0 1 0 1 1
 0 0 1 1 1 0 0 0 0 1 1 1 1 1 1 0 1 1 0 0 1 1 1 1 1 0 1 1 1 1 1 0 1 1 1 0 1
 1 1 0 1 1 0 0 0 0 1 0 1 0 1 0 1 0 1 0 0 0 0 0 0 0 0]
At 16401/30000: COST 0.039/2.989(0.042) -- Acc 0.990/0.540(0.990)
[1 0 1 0 0 1 1 1 1 1 0 0 1 1 1 1 1 1 0 1 1 0 1 1 0 0 1 1 1 1 1 1 1 1 0 1 1
 0 0 0 1 0 0 1 0 0 1 0 0 0 0 0 0 0 1 0 1 1 0 1 1 1 1 1 0 0 1 1 0 0 0 1 1 0
 1 1 1 1 1 1 0 1 1 1 1 0 0 0 1 1 0 0 1 0 1 1 0 1 0 0]
At 16501/30000: COST 0.043/3.043(0.036) -- Acc 0.980/0.610(0.990)
[0 1 1 0 0 0 1 1 1 0 0 1 1 0 1 1 1 0 0 0 1 0 1 1 0 0 0 0 1 0 0 1 0 1 0 1 1
 1 1 1 0 1 1 1 1 1 0 1 0 0 1 1 1 1 0 1 0 1 0 0 0 1 0 0 0 1 1 0 1 1 1 1 1 1
 1 1 0 1 0 0 1 1 1 1 1 0 0 0 0 1 1 1 0 1 0 1 0 1 1 1]
At 16601/30000: COST 0.006/3.387(0.021) -- Acc 1.000/0.570(0.994)
[1 1 1 1 0 1 1 1 1 1 1 0 1 1 0 0 1 0 0 0 0 0 0 1 1 1 1 0 0 0 1 1 0 1 0 1 0
 0 1 0 1 1 0 0 1 1 0 1 1 1 1 1 1 1 0 1 0 1 0 1 0 1 0 0 0 0 1 1 0 1 1 1 1 1
 0 1 1 1 1 0 0 0 0 0 1 0 0 0 1 1 1 0 0 1 0 0 1 0 1 1]
At 16701/30000: COST 0.001/3.200(0.016) -- Acc 1.000/0.590(0.996)
[0 1 1 1 0 1 1 1 1 0 0 1 0 0 0 1 0 0 1 1 1 1 1 1 1 1 1 1 1 1 0 1 1 1 1 0 0
 1 1 1 1 0 0 1 0 1 1 1 1 0 0 1 0 0 1 1 0 1 0 1 1 0 0 0 1 0 1 1 1 1 1 0 0 0
 0 1 0 1 0 1 0 1 0 0 0 0 0 0 0 1 0 1 1 1 1 0 1 1 1 1]
At 16801/30000: COST 0.004/3.424(0.013) -- Acc 1.000/0.560(0.996)
[1 0 0 1 0 1 0 0 1 1 0 1 1 0 0 1 1 1 1 1 1 1 1 1 1 1 1 0 1 0 1 1 1 0 0 1 1
 1 0 0 1 1 1 1 1 1 0 0 1 1 1 1 1 0 0 1 1 1 0 0 1 1 1 0 1 1 0 1 0 1 1 0 0 1
 1 0 0 1 0 1 1 1 0 1 1 1 1 1 0 1 0 1 1 0 1 1 0 1 1 1]
At 16901/30000: COST 0.016/3.576(0.017) -- Acc 0.990/0.540(0.995)
[1 0 0 0 1 1 0 1 1 0 1 1 1 1 0 1 0 1 0 1 1 1 0 0 0 1 1 1 0 1 1 1 1 0 1 0 1
 0 1 0 0 1 0 0 0 1 0 0 0 1 1 1 1 1 1 1 0 0 1 0 0 1 1 1 1 1 0 1 0 1 1 1 0 1
 1 0 1 0 1 1 0 0 1 1 1 0 1 1 0 1 0 0 1 0 0 0 1 1 1 1]
At 17001/30000: COST 0.041/3.026(0.018) -- Acc 0.980/0.580(0.994)
[0 1 0 0 0 1 1 1 0 1 1 1 1 0 1 0 1 0 1 0 1 1 0 1 1 1 0 0 1 1 1 0 0 0 1 0 1
 1 1 0 1 0 1 0 0 0 1 0 0 0 0 0 1 1 1 1 1 1 0 1 1 1 0 1 1 0 1 0 1 1 1 1 1 1
 0 1 1 0 1 1 0 1 0 0 1 1 1 1 1 0 0 1 0 0 1 1 1 0 1 1]
At 17101/30000: COST 0.010/3.083(0.015) -- Acc 0.990/0.570(0.996)
[1 0 0 1 0 1 0 1 1 0 0 0 0 0 1 1 1 0 1 1 1 0 0 1 0 0 1 1 0 1 0 1 1 1 1 1 1
 0 1 0 1 0 1 1 1 1 0 0 0 1 0 1 0 0 1 1 0 1 0 1 1 1 1 1 1 1 1 0 0 1 0 1 1 1
 1 1 1 1 1 1 1 1 0 1 1 0 1 0 1 1 0 1 0 1 1 1 1 1 0 0]
At 17201/30000: COST 0.004/3.276(0.025) -- Acc 1.000/0.540(0.993)
[0 1 1 0 1 1 1 0 1 1 1 1 1 0 1 1 1 1 0 0 0 1 0 0 0 1 1 1 1 1 1 1 1 1 1 0 0
 1 0 0 1 1 0 1 1 0 1 1 1 0 1 0 0 1 0 1 1 1 0 1 1 1 1 1 0 1 1 0 1 1 0 0 0 0
 1 1 1 0 0 0 0 1 1 1 0 0 1 1 0 1 0 1 0 0 1 0 0 0 1 1]
At 17301/30000: COST 0.007/3.010(0.029) -- Acc 1.000/0.570(0.992)
[1 1 1 0 1 1 0 0 1 1 1 0 0 1 1 1 0 1 1 0 1 1 1 0 0 1 1 0 0 1 1 0 1 1 1 1 1
 0 1 0 1 0 1 0 1 0 1 1 0 1 0 1 1 1 0 0 0 0 0 1 0 0 1 1 1 1 1 0 0 1 1 1 1 1
 1 1 0 1 1 0 0 0 0 0 1 0 1 1 0 1 1 1 0 0 1 1 1 1 1 1]
At 17401/30000: COST 0.003/3.248(0.019) -- Acc 1.000/0.590(0.995)
[1 1 1 1 1 0 0 1 0 1 1 1 1 1 0 0 1 1 1 0 0 1 1 1 0 1 0 0 0 1 1 1 0 0 0 1 1
 1 1 1 0 0 0 1 1 0 1 1 0 1 1 0 1 1 1 1 0 1 1 1 0 1 1 0 0 0 0 1 1 1 0 0 0 1
 1 1 0 1 0 0 1 1 0 0 0 0 0 1 1 0 1 0 0 0 1 1 1 0 1 1]
At 17501/30000: COST 0.006/3.264(0.012) -- Acc 1.000/0.590(0.997)
[1 0 1 0 1 1 1 0 0 1 1 0 0 0 0 1 1 1 1 1 0 0 0 1 1 0 0 0 0 1 1 1 0 0 0 1 1
 0 0 0 1 1 1 1 1 0 1 1 1 0 0 1 1 0 1 1 0 1 0 0 0 1 0 1 0 1 0 1 1 0 1 0 1 0
 1 1 1 1 1 0 1 1 1 1 0 1 0 1 1 1 0 1 0 0 0 1 1 1 1 0]
At 17601/30000: COST 0.003/3.261(0.016) -- Acc 1.000/0.600(0.996)
[0 0 0 1 0 0 0 1 0 1 1 1 1 1 1 1 1 1 0 1 1 1 0 1 0 1 0 1 1 0 1 1 1 1 0 1 0
 0 0 1 0 1 0 0 1 0 1 1 0 0 0 0 1 0 0 1 0 1 0 0 1 0 1 0 0 1 1 0 1 0 1 0 0 1
 0 1 1 0 1 0 1 0 1 1 1 1 1 0 1 1 1 1 0 1 1 1 1 0 1 0]
At 17701/30000: COST 0.016/3.354(0.024) -- Acc 0.990/0.550(0.994)
[0 0 0 0 1 0 0 1 1 0 0 0 0 1 1 1 1 0 1 1 0 1 0 1 1 1 1 0 0 1 1 1 1 0 0 0 0
 1 1 1 1 0 1 0 1 0 0 1 1 1 1 1 0 0 0 0 0 0 0 1 1 0 1 0 0 1 1 1 0 1 1 0 0 1
 1 0 0 0 1 0 0 1 1 1 1 0 1 1 0 1 1 1 1 1 0 1 1 0 1 1]
At 17801/30000: COST 0.001/3.186(0.018) -- Acc 1.000/0.620(0.995)
[0 1 1 1 0 0 1 1 0 0 0 1 0 0 1 0 1 0 1 1 0 0 1 1 0 0 1 0 0 1 0 0 1 1 1 0 1
 1 0 0 1 1 0 1 0 0 1 1 0 1 0 1 0 1 0 0 1 1 1 0 1 1 1 0 0 0 1 1 1 0 1 1 1 1
 1 1 1 0 0 1 1 1 0 1 1 1 1 1 0 1 1 1 0 0 1 0 0 0 0 0]
At 17901/30000: COST 0.003/2.974(0.017) -- Acc 1.000/0.580(0.995)
[1 1 1 0 1 1 1 0 0 0 0 1 0 1 1 1 1 0 0 1 1 1 0 1 0 1 1 1 1 0 1 0 1 0 1 1 1
 1 0 1 0 0 1 1 0 0 1 1 0 1 1 0 0 1 0 1 1 1 1 0 1 1 0 0 1 1 1 1 1 1 1 1 0 1
 0 0 1 1 1 1 1 0 0 0 1 0 1 0 0 0 0 0 1 1 1 1 0 0 1 1]
At 18001/30000: COST 0.011/3.793(0.016) -- Acc 1.000/0.540(0.995)
[1 1 1 1 1 0 1 0 0 1 0 1 1 0 0 0 0 1 1 1 1 0 1 1 1 1 0 1 0 1 1 0 0 1 0 1 0
 1 0 1 0 1 0 0 0 1 0 1 0 1 1 1 0 1 1 1 0 1 0 0 0 0 1 0 1 1 1 0 0 1 1 1 1 0
 0 0 0 0 0 1 0 0 0 0 1 1 1 0 1 0 0 0 0 1 0 0 1 1 1 1]
At 18101/30000: COST 0.006/4.070(0.019) -- Acc 1.000/0.530(0.994)
[1 1 1 0 1 1 1 1 0 0 1 1 1 0 1 0 1 0 0 0 0 1 0 1 1 0 1 1 1 0 0 1 0 0 0 1 0
 0 0 1 1 0 0 0 0 1 0 0 1 0 0 0 1 0 1 0 0 1 1 0 0 0 1 1 0 1 1 1 0 1 1 0 1 1
 0 1 1 1 1 1 0 0 1 1 1 0 0 1 1 0 0 1 0 1 1 0 1 0 1 1]
At 18201/30000: COST 0.003/3.442(0.017) -- Acc 1.000/0.540(0.995)
[1 1 1 1 1 0 0 1 1 0 1 0 0 1 1 1 0 1 1 1 1 0 0 0 1 1 1 1 1 1 1 1 0 1 0 0 1
 1 1 1 0 1 0 1 1 1 1 0 0 1 0 0 1 1 1 1 0 0 1 1 0 0 0 0 0 1 0 0 1 0 1 1 0 1
 0 0 1 0 0 0 1 1 0 1 1 0 0 1 1 1 1 1 0 0 1 0 1 0 0 1]
At 18301/30000: COST 0.028/3.440(0.017) -- Acc 0.990/0.550(0.995)
[0 1 1 0 0 0 1 0 0 0 0 1 1 1 1 0 0 1 1 1 1 0 1 0 1 0 1 1 1 1 0 1 0 0 0 1 1
 0 0 1 0 0 1 1 0 1 1 1 1 1 1 1 1 1 0 1 1 0 1 1 0 1 0 0 1 1 1 1 1 1 0 0 1 0
 0 0 0 0 0 0 0 1 1 1 1 0 1 1 0 1 1 1 1 1 1 1 0 1 1 1]
At 18401/30000: COST 0.001/3.600(0.014) -- Acc 1.000/0.570(0.996)
[1 1 0 0 0 0 0 0 1 1 1 1 0 1 1 0 0 1 1 0 1 1 1 1 1 0 1 1 0 0 1 0 1 0 1 1 1
 1 0 0 1 0 0 0 1 0 1 1 1 1 0 1 1 1 0 1 0 0 1 0 1 0 1 1 1 1 0 1 0 0 1 1 1 1
 1 1 1 0 1 0 1 1 0 1 1 1 0 0 1 0 0 1 1 1 1 1 0 1 1 1]
At 18501/30000: COST 0.021/3.813(0.016) -- Acc 0.990/0.570(0.995)
[1 0 1 1 1 1 0 1 0 1 0 0 0 0 1 0 1 0 1 1 0 0 1 0 1 0 1 1 1 1 1 1 0 1 1 1 0
 1 0 0 0 0 0 0 0 1 1 1 0 1 0 1 1 1 1 1 1 0 0 1 1 1 1 1 1 1 1 0 0 0 1 1 0 0
 1 1 1 1 1 0 1 0 1 0 1 0 1 0 0 0 1 0 1 0 0 1 1 1 0 1]
At 18601/30000: COST 0.042/3.086(0.045) -- Acc 0.980/0.590(0.987)
[1 0 1 0 1 1 0 1 0 1 0 1 1 1 0 1 1 0 1 1 1 0 1 1 0 1 0 0 1 1 1 1 1 1 0 1 1
 0 1 0 1 1 1 1 1 0 0 1 1 0 0 1 0 0 0 0 0 1 1 0 1 1 0 1 1 0 0 1 0 1 0 0 0 0
 1 1 0 0 1 0 0 1 0 1 0 1 1 0 1 0 0 1 0 1 1 1 0 1 0 0]
At 18701/30000: COST 0.011/3.579(0.031) -- Acc 1.000/0.540(0.991)
[1 0 0 1 1 1 1 1 0 1 1 0 1 1 1 1 1 0 0 1 1 1 1 1 1 0 1 0 0 0 0 1 1 0 0 0 0
 0 1 0 1 1 0 0 1 0 1 1 0 0 1 1 1 1 0 1 1 1 1 0 0 0 1 1 0 0 1 1 1 1 1 1 1 0
 1 0 1 0 1 1 1 1 0 0 0 1 0 1 0 1 0 1 0 0 1 1 0 0 1 0]
At 18801/30000: COST 0.010/3.703(0.022) -- Acc 1.000/0.550(0.994)
[1 0 1 1 0 1 1 1 1 0 0 1 1 1 1 0 1 0 0 1 0 1 0 0 0 1 1 0 1 1 1 1 0 1 1 0 1
 1 0 1 0 0 1 1 1 1 0 0 0 1 1 1 1 1 0 1 1 0 1 0 1 1 1 0 0 0 0 0 0 1 0 0 0 0
 0 1 1 1 1 1 1 1 0 0 1 1 0 0 1 0 1 1 1 1 0 1 0 1 1 1]
At 18901/30000: COST 0.003/3.828(0.016) -- Acc 1.000/0.540(0.996)
[1 1 1 1 0 1 1 1 0 0 1 0 1 1 0 1 1 0 1 0 0 0 1 1 0 0 1 1 0 1 1 0 0 1 1 0 1
 1 0 1 0 1 0 1 0 0 0 1 1 1 0 1 1 0 0 0 0 1 1 1 0 0 1 1 1 1 0 1 0 0 1 1 0 1
 1 1 0 1 0 1 0 1 0 1 1 1 1 1 1 1 0 1 0 1 0 1 0 1 1 1]
At 19001/30000: COST 0.019/3.868(0.013) -- Acc 0.990/0.550(0.996)
[0 0 1 1 0 1 0 1 1 1 0 0 1 1 1 1 0 1 0 1 1 0 0 0 0 0 0 0 0 1 1 0 1 1 1 0 0
 0 1 1 0 1 0 0 1 1 1 1 1 1 1 1 1 1 1 1 1 1 0 0 1 0 0 0 0 1 0 0 0 0 0 1 1 0
 1 1 1 1 0 1 1 1 1 0 1 1 1 0 1 0 1 1 1 0 1 1 1 0 0 0]
At 19101/30000: COST 0.001/4.215(0.009) -- Acc 1.000/0.560(0.998)
[1 0 1 1 1 1 1 0 0 1 1 1 1 1 1 1 0 1 0 1 1 0 1 1 0 1 0 0 1 0 1 1 0 1 1 1 0
 1 0 1 1 1 1 0 0 1 1 1 1 1 0 1 1 1 0 0 1 1 0 1 0 1 0 1 1 0 0 1 1 1 1 0 1 1
 1 0 1 0 0 0 1 0 0 0 0 1 1 1 0 1 0 1 0 0 1 0 0 1 0 1]
At 19201/30000: COST 0.068/4.106(0.011) -- Acc 0.970/0.540(0.997)
[0 1 1 1 0 1 1 1 1 0 0 1 1 0 0 1 0 1 1 1 0 0 1 1 0 1 0 1 1 0 1 1 1 1 0 0 1
 0 0 1 1 0 1 1 1 0 0 0 0 0 1 1 0 0 1 1 1 1 1 0 0 1 1 1 0 1 0 1 1 1 0 1 1 1
 1 1 1 0 1 1 1 1 1 0 1 0 1 0 0 0 0 0 1 1 0 0 1 1 1 1]
At 19301/30000: COST 0.066/3.165(0.055) -- Acc 0.970/0.500(0.985)
[1 0 1 0 0 1 1 0 1 1 1 0 0 0 1 1 1 0 1 0 1 0 1 1 0 1 0 1 1 1 1 0 0 0 1 0 1
 0 1 1 1 0 1 0 0 0 1 0 0 1 0 0 1 0 1 0 0 1 0 1 1 1 0 1 0 1 1 0 0 1 0 0 0 1
 1 0 0 1 0 1 1 1 0 1 1 0 0 1 0 0 1 1 1 1 1 1 1 1 1 0]
At 19401/30000: COST 0.015/2.862(0.047) -- Acc 1.000/0.500(0.987)
[1 1 0 0 0 0 0 1 0 0 1 0 1 1 1 0 1 1 1 1 1 1 1 1 0 1 0 0 0 0 1 1 0 1 1 1 1
 1 1 1 1 1 0 1 0 1 0 0 0 0 0 1 1 0 1 1 1 0 0 0 1 1 1 0 0 1 1 1 0 0 1 0 1 0
 0 1 1 1 0 1 1 0 1 1 1 1 1 1 1 0 0 1 1 1 1 1 0 0 1 0]
At 19501/30000: COST 0.032/2.958(0.032) -- Acc 0.980/0.570(0.990)
[1 1 1 0 0 1 1 0 1 1 0 1 0 0 1 1 0 1 1 0 1 1 1 0 0 0 1 1 0 1 1 1 0 0 1 1 1
 0 1 0 1 1 1 1 0 0 1 0 0 1 0 0 1 1 0 1 1 0 1 0 1 1 1 0 0 0 1 0 1 1 1 1 1 0
 0 0 1 0 1 0 0 0 1 1 0 1 1 0 1 0 1 1 1 0 1 0 1 1 1 1]
At 19601/30000: COST 0.018/3.371(0.024) -- Acc 1.000/0.540(0.993)
[1 1 1 1 1 1 0 1 1 1 0 1 1 0 0 1 0 0 0 0 1 0 0 0 0 0 1 1 0 1 1 1 1 0 1 1 1
 1 1 0 1 1 1 0 0 1 0 1 0 1 1 0 1 1 0 0 1 0 0 0 1 1 0 0 0 0 1 1 0 1 0 1 0 0
 1 1 1 0 1 0 0 0 0 1 1 1 1 1 1 0 1 1 0 0 0 1 0 0 0 1]
At 19701/30000: COST 0.054/3.208(0.038) -- Acc 0.990/0.530(0.990)
[0 1 1 1 1 0 1 0 1 1 1 1 1 0 1 0 1 0 1 1 0 1 0 0 1 1 1 1 0 1 0 1 1 1 1 0 0
 1 0 1 1 0 1 1 0 1 1 0 1 1 0 0 0 1 1 0 1 1 1 1 1 0 1 0 0 1 1 0 0 1 1 1 0 0
 1 0 0 0 1 1 0 1 1 0 1 0 0 0 0 1 1 1 1 1 0 1 1 0 0 1]
At 19801/30000: COST 0.003/3.281(0.028) -- Acc 1.000/0.530(0.991)
[1 0 1 0 1 0 0 1 0 0 0 0 1 1 1 0 1 1 1 1 0 1 0 1 1 1 1 1 1 0 0 1 0 1 0 0 1
 0 1 1 1 1 1 1 1 1 0 1 0 0 0 0 0 1 0 1 1 0 1 0 1 1 0 0 0 0 1 1 0 1 0 1 1 1
 1 1 0 1 1 0 1 1 1 0 0 1 1 0 1 1 1 1 1 1 1 0 1 1 0 0]
At 19901/30000: COST 0.048/2.967(0.034) -- Acc 0.980/0.530(0.990)
[0 0 0 0 0 1 1 1 0 1 0 1 1 0 1 1 1 1 0 1 0 1 0 0 0 1 1 1 1 1 0 1 0 0 0 1 0
 1 1 0 0 1 0 1 1 1 1 1 0 1 0 1 1 1 0 1 0 0 1 1 1 1 1 1 1 0 0 1 1 1 1 0 1 1
 1 0 1 1 1 1 1 0 1 0 0 1 1 0 0 0 1 1 0 1 1 0 0 0 0 1]
At 20001/30000: COST 0.060/2.811(0.030) -- Acc 0.980/0.580(0.991)
[0 1 1 0 0 0 1 0 1 0 0 0 0 0 1 0 1 0 0 1 0 1 1 0 1 1 0 0 0 0 1 0 0 1 1 0 0
 1 1 1 1 1 1 1 1 1 0 1 1 0 1 1 1 0 0 0 0 1 0 0 0 1 1 1 0 1 1 1 0 1 1 1 0 1
 1 1 1 0 1 1 1 1 1 1 0 1 1 0 1 0 1 1 1 1 0 0 1 1 1 1]
At 20101/30000: COST 0.008/3.263(0.021) -- Acc 1.000/0.580(0.994)
[1 1 1 1 0 0 0 0 1 1 0 0 0 0 1 1 1 0 0 0 0 1 1 1 1 0 1 0 1 1 1 1 1 0 0 1 1
 1 1 1 1 1 1 0 1 1 0 0 0 1 0 0 1 1 1 0 1 1 1 0 1 0 1 1 0 1 1 0 0 1 1 1 1 0
 0 0 0 1 1 1 1 0 1 1 0 0 1 1 1 1 0 1 0 1 1 0 1 0 1 0]
At 20201/30000: COST 0.002/3.346(0.017) -- Acc 1.000/0.590(0.995)
[0 1 1 1 1 0 1 1 1 0 1 1 1 1 0 0 1 0 1 1 1 0 1 1 1 1 0 1 1 0 0 0 1 0 1 1 1
 1 1 1 1 0 1 1 1 1 0 0 1 1 1 1 0 0 0 1 1 1 1 1 1 1 1 1 1 1 0 1 0 0 0 0 0 0
 1 1 1 1 0 0 0 0 1 1 1 0 0 0 1 1 0 0 1 1 0 1 0 1 0 0]
At 20301/30000: COST 0.004/3.412(0.015) -- Acc 1.000/0.610(0.996)
[1 1 1 1 1 0 1 0 1 1 0 1 1 0 1 1 1 0 1 0 1 1 1 0 1 1 1 0 1 1 1 0 1 1 1 1 1
 0 0 0 1 1 0 0 1 1 1 1 1 1 1 0 0 0 1 0 1 1 0 1 1 0 1 1 1 1 0 0 0 0 0 0 0 1
 0 1 1 0 0 0 0 1 0 1 1 1 1 0 1 1 1 1 0 0 0 1 1 0 0 0]
At 20401/30000: COST 0.020/3.390(0.016) -- Acc 0.980/0.590(0.995)
[1 0 1 0 1 0 1 1 1 1 1 0 1 0 1 0 1 1 1 0 0 1 1 1 1 0 1 1 1 1 1 1 0 0 1 1 1
 0 1 0 0 0 0 1 0 1 1 0 1 0 1 0 1 1 0 1 1 0 1 1 1 0 0 1 0 1 1 0 0 0 0 0 0 0
 0 0 0 1 0 0 1 1 0 1 0 1 1 0 1 0 0 1 0 1 1 1 0 1 0 0]
At 20501/30000: COST 0.029/2.983(0.029) -- Acc 0.990/0.530(0.992)
[1 1 1 1 1 0 0 0 1 0 0 1 1 1 1 1 1 1 0 1 0 0 0 0 0 0 1 1 1 1 0 1 1 1 1 1 1
 1 0 1 1 0 0 1 1 0 1 0 1 1 1 1 1 1 1 0 0 0 0 1 0 1 1 0 1 1 0 1 0 1 1 0 0 0
 1 1 0 1 0 1 1 1 1 0 1 0 1 0 1 0 1 1 0 0 0 0 1 1 1 0]
At 20601/30000: COST 0.074/3.040(0.026) -- Acc 0.980/0.550(0.993)
[0 1 1 1 1 1 1 0 1 0 1 1 0 1 0 1 1 1 1 1 1 1 0 1 0 0 0 1 1 1 0 1 1 0 1 1 1
 1 0 1 1 1 1 0 1 1 1 1 0 0 0 1 1 0 1 1 1 0 1 0 1 1 1 1 0 1 0 0 0 0 1 1 1 1
 1 0 1 1 1 0 0 0 1 1 1 1 0 1 0 0 0 1 1 0 1 1 1 1 0 0]
At 20701/30000: COST 0.022/3.360(0.022) -- Acc 0.990/0.540(0.994)
[1 0 0 0 0 0 0 0 1 0 0 1 1 0 1 1 0 1 1 1 1 1 0 0 1 1 1 1 1 1 0 1 1 0 1 0 1
 1 0 1 1 0 0 1 1 0 0 1 1 1 1 0 1 1 0 1 0 1 1 1 1 1 1 1 1 1 1 0 0 0 1 0 0 0
 1 0 1 0 0 1 1 0 1 1 1 1 1 1 1 1 1 1 1 1 0 0 0 1 0 1]
At 20801/30000: COST 0.019/2.678(0.047) -- Acc 0.990/0.590(0.986)
[1 1 1 0 1 0 1 1 1 0 0 0 0 1 1 1 0 1 1 1 1 1 0 0 1 0 1 0 0 1 1 0 1 1 0 1 1
 0 0 0 0 1 0 0 0 0 0 1 0 1 1 1 1 0 1 1 0 0 1 1 1 1 0 1 1 0 1 1 1 1 1 1 0 1
 1 0 0 0 0 0 0 0 0 0 1 1 1 1 0 0 0 1 1 1 1 1 0 1 0 1]
At 20901/30000: COST 0.020/2.665(0.035) -- Acc 0.990/0.610(0.989)
[1 1 0 1 1 1 1 1 0 1 1 0 1 1 1 0 0 1 1 1 1 0 0 1 1 1 0 1 0 1 0 0 0 0 0 1 0
 1 0 1 0 0 1 0 0 0 1 1 1 0 1 0 0 1 1 1 0 1 0 0 1 1 0 1 0 0 0 1 0 0 1 0 1 1
 1 1 1 1 1 1 0 0 0 0 1 0 1 1 1 1 1 1 1 1 1 0 1 1 1 1]
At 21001/30000: COST 0.006/2.843(0.021) -- Acc 1.000/0.630(0.994)
[1 1 1 1 0 1 0 0 1 0 1 1 1 0 1 1 1 1 1 0 1 1 1 1 1 0 1 1 0 1 1 1 0 0 1 0 1
 1 0 0 0 1 0 1 1 0 0 1 1 0 1 1 1 1 1 0 1 0 1 1 1 1 0 1 0 1 0 1 0 0 1 1 1 0
 0 0 0 0 0 1 1 0 0 0 0 1 0 1 0 1 1 1 0 1 1 0 1 1 0 1]
At 21101/30000: COST 0.026/2.909(0.016) -- Acc 0.990/0.610(0.995)
[0 1 1 1 1 1 1 1 0 1 0 0 1 0 1 1 0 1 1 1 0 1 1 1 1 1 1 1 1 1 1 1 1 0 1 1 0
 1 0 1 0 1 1 0 0 1 1 0 0 1 1 1 0 1 0 1 0 1 0 0 1 0 0 1 0 1 1 0 0 1 1 1 1 1
 0 0 0 1 1 1 1 1 0 1 1 1 0 1 1 0 0 1 1 0 1 0 1 1 0 0]
At 21201/30000: COST 0.010/3.485(0.016) -- Acc 1.000/0.570(0.995)
[0 0 0 1 1 1 1 1 0 1 0 1 0 1 0 0 1 0 1 0 0 0 1 0 1 0 1 1 1 1 0 0 1 0 1 1 1
 0 1 1 0 1 1 1 1 0 1 1 1 0 1 1 0 0 1 1 1 0 1 0 1 1 1 0 1 0 1 0 1 1 1 1 1 1
 1 1 1 0 0 1 1 1 0 1 1 0 0 0 0 0 0 0 1 0 1 1 1 1 1 1]
At 21301/30000: COST 0.003/3.404(0.014) -- Acc 1.000/0.560(0.996)
[0 1 1 1 1 1 1 0 0 1 0 1 0 1 0 1 0 0 0 0 0 0 0 1 0 1 0 1 0 1 1 1 0 1 0 1 1
 1 0 0 1 0 0 1 0 1 1 1 0 1 1 0 1 1 0 0 0 1 1 0 1 1 0 1 1 1 0 1 1 1 1 0 1 1
 0 1 1 1 1 1 1 0 0 0 1 0 1 0 1 0 1 0 1 0 1 1 1 1 1 1]
At 21401/30000: COST 0.026/3.523(0.011) -- Acc 0.990/0.560(0.997)
[1 0 1 0 1 0 1 1 0 1 1 1 0 1 1 1 1 1 1 1 0 1 1 1 0 0 1 1 1 0 1 1 0 1 1 0 1
 1 1 1 1 1 0 0 1 1 1 1 1 1 0 1 0 0 0 0 0 1 1 1 0 0 0 1 1 1 0 1 1 1 1 1 0 0
 1 1 1 1 1 1 0 1 1 0 0 0 1 1 1 0 0 0 1 0 1 1 0 1 1 1]
At 21501/30000: COST 0.001/3.588(0.010) -- Acc 1.000/0.550(0.997)
[1 1 0 1 0 1 1 1 1 1 1 1 0 1 1 0 1 1 0 0 0 0 0 1 1 1 1 0 0 0 0 0 1 1 1 0 1
 0 1 1 0 1 1 1 1 0 0 1 1 1 0 1 1 0 0 1 1 1 1 0 0 0 1 1 1 1 0 0 1 1 0 1 1 1
 0 1 0 0 1 1 1 1 1 0 1 0 1 0 1 1 1 1 0 0 1 0 1 1 1 0]
At 21601/30000: COST 0.005/3.534(0.008) -- Acc 1.000/0.570(0.998)
[1 1 1 1 1 1 1 0 1 0 1 1 0 0 1 0 1 1 1 1 1 1 1 1 0 1 1 0 0 0 0 0 0 0 0 0 1
 1 1 1 0 1 0 0 1 1 1 1 1 1 1 0 1 1 1 0 1 1 1 1 1 0 1 0 1 0 1 1 1 1 1 1 1 1
 1 0 1 0 0 0 0 0 1 1 0 1 0 0 0 1 0 0 0 0 1 0 1 1 0 1]
At 21701/30000: COST 0.001/3.640(0.011) -- Acc 1.000/0.560(0.997)
[1 1 1 0 0 0 0 0 1 0 1 1 1 1 1 1 1 0 1 0 0 1 1 0 1 1 0 0 1 1 1 1 0 0 1 0 1
 1 0 1 0 1 1 0 0 0 1 0 1 1 1 0 1 1 0 1 1 1 0 0 0 1 1 1 1 0 0 1 1 1 1 1 1 1
 0 1 0 1 0 1 1 1 0 1 1 1 0 1 0 1 1 0 1 0 1 0 1 0 1 0]
At 21801/30000: COST 0.006/3.719(0.013) -- Acc 1.000/0.580(0.996)
[1 1 1 0 1 0 0 1 1 0 0 0 1 1 1 0 1 0 1 1 0 1 0 0 1 0 1 0 0 0 0 1 1 0 1 0 0
 0 1 0 1 1 1 0 0 1 0 1 1 1 1 1 0 1 1 1 1 1 1 1 0 1 1 0 0 1 0 1 0 1 1 0 1 1
 0 1 1 1 1 0 1 0 0 1 0 0 1 0 1 1 1 1 1 1 0 1 1 0 0 1]
At 21901/30000: COST 0.020/3.514(0.021) -- Acc 0.990/0.540(0.994)
[1 1 0 0 0 1 1 0 1 0 1 1 1 1 1 0 1 1 1 0 1 1 1 1 1 1 1 1 1 0 0 1 0 1 1 1 1
 1 0 1 0 1 1 0 0 0 1 1 0 1 1 0 1 0 1 1 1 0 0 1 1 1 0 0 0 0 1 1 0 0 0 1 1 0
 1 1 1 0 0 1 1 0 0 1 0 1 0 0 0 1 1 1 1 1 1 1 0 0 1 1]
At 22001/30000: COST 0.130/3.243(0.035) -- Acc 0.980/0.470(0.990)
[1 0 1 1 0 1 1 1 1 0 1 0 0 0 1 1 1 0 1 1 1 0 0 1 1 0 1 1 1 1 1 1 0 0 1 1 1
 0 1 1 1 0 1 1 1 1 0 1 0 0 0 1 1 0 1 1 0 0 1 1 1 1 1 1 0 0 0 0 0 0 0 1 1 0
 1 0 0 0 0 0 0 0 1 0 1 0 1 1 1 0 0 1 1 1 1 1 0 1 0 1]
At 22101/30000: COST 0.008/3.261(0.024) -- Acc 1.000/0.530(0.993)
[1 0 0 1 1 0 1 0 0 1 1 0 1 0 1 1 1 1 0 1 0 1 1 0 1 0 1 0 0 1 0 1 1 1 1 1 1
 0 1 1 0 0 1 0 1 1 0 0 1 1 0 1 1 1 0 1 0 0 1 1 1 1 1 1 1 0 1 1 1 1 1 1 1 1
 0 1 0 1 1 1 0 0 0 1 0 0 1 1 0 0 0 1 0 0 1 0 1 0 0 0]
At 22201/30000: COST 0.019/3.797(0.016) -- Acc 0.990/0.500(0.995)
[1 0 1 0 1 1 1 1 0 1 0 1 0 1 1 0 1 1 0 1 1 1 1 0 0 0 0 0 0 0 0 1 1 1 1 1 1
 0 0 1 1 1 1 1 1 0 0 0 1 1 0 1 0 0 1 0 1 0 0 0 1 1 1 0 1 1 0 1 1 1 1 1 1 1
 1 1 0 1 1 0 1 1 0 1 1 0 1 1 0 0 0 1 1 1 0 1 0 0 1 0]
At 22301/30000: COST 0.001/3.728(0.012) -- Acc 1.000/0.490(0.997)
[0 1 0 0 0 1 1 1 1 0 1 1 1 1 0 1 0 1 0 1 0 0 0 1 0 1 0 0 1 1 1 1 1 1 1 1 1
 1 0 0 1 1 1 1 1 0 0 0 1 0 1 1 1 1 0 0 0 1 1 1 1 0 1 1 0 1 1 0 1 0 1 0 0 0
 0 0 0 1 0 0 1 1 0 1 0 0 1 0 1 0 0 1 0 1 1 0 1 1 1 0]
At 22401/30000: COST 0.067/3.460(0.030) -- Acc 0.980/0.530(0.992)
[1 1 0 0 1 1 1 0 1 0 1 1 0 1 0 0 0 1 0 0 1 1 1 0 0 0 1 1 1 0 1 1 1 1 1 0 1
 1 0 1 0 1 0 0 1 0 0 1 1 1 1 1 0 1 0 0 1 0 1 0 1 1 1 0 0 0 1 0 1 1 1 0 1 1
 0 0 1 0 0 0 1 0 1 0 1 1 1 1 0 0 0 1 1 1 0 0 0 0 0 0]
At 22501/30000: COST 0.010/3.167(0.041) -- Acc 1.000/0.500(0.989)
[0 1 0 0 1 1 1 1 1 1 0 1 0 0 0 1 1 0 0 1 1 0 1 1 0 1 0 1 0 1 0 1 1 0 1 1 1
 1 1 1 1 1 1 0 0 0 0 1 1 0 0 0 0 1 0 1 0 1 0 0 0 0 1 1 1 0 0 0 0 1 0 0 0 1
 0 1 1 1 0 1 0 1 1 1 0 0 1 0 1 1 1 0 1 1 1 1 0 1 1 1]
At 22601/30000: COST 0.004/3.485(0.026) -- Acc 1.000/0.510(0.993)
[1 1 0 1 1 0 0 1 1 0 0 0 0 1 0 0 1 0 0 1 1 1 1 0 1 1 0 0 1 0 0 0 0 1 0 0 1
 0 1 0 1 1 0 0 0 0 0 0 1 1 1 0 1 1 1 0 1 1 0 1 0 0 1 0 1 1 0 0 1 0 1 0 1 0
 1 1 0 0 1 1 0 1 1 1 0 0 0 1 0 1 1 1 0 0 0 1 1 1 0 0]
At 22701/30000: COST 0.062/3.726(0.020) -- Acc 0.970/0.500(0.994)
[1 1 1 1 1 1 0 1 1 0 0 0 1 1 1 0 0 1 1 0 1 1 0 0 0 0 0 1 1 1 0 1 1 1 1 0 0
 1 0 0 0 0 1 0 0 1 1 1 1 0 0 0 1 1 1 1 1 0 1 0 0 1 1 0 1 0 0 1 1 0 1 1 0 0
 0 1 0 0 0 0 1 0 0 1 1 1 1 0 0 0 1 1 0 1 0 0 0 1 1 1]
At 22801/30000: COST 0.074/3.867(0.017) -- Acc 0.990/0.520(0.995)
[0 0 0 1 1 0 1 0 1 0 0 1 1 0 0 0 1 1 0 1 1 0 1 1 1 1 1 0 0 1 1 0 0 1 1 0 0
 0 1 1 1 1 1 0 0 1 0 1 1 1 1 1 0 1 1 1 0 0 0 1 1 1 0 0 0 1 0 1 1 0 0 1 0 1
 1 1 0 0 1 0 0 0 1 0 1 1 1 1 0 0 1 1 0 0 0 1 0 0 0 1]
At 22901/30000: COST 0.005/3.748(0.012) -- Acc 1.000/0.500(0.997)
[1 1 0 0 1 0 1 1 0 1 1 1 1 0 1 0 0 1 1 0 1 0 1 1 1 0 1 0 0 1 0 0 1 1 1 0 0
 0 1 0 0 0 1 0 0 1 0 1 1 0 0 1 1 1 1 0 1 1 1 1 1 0 0 1 1 1 1 0 0 1 1 1 1 0
 0 0 1 1 1 0 1 1 1 1 0 1 0 1 0 1 0 1 0 0 0 1 0 0 1 0]
At 23001/30000: COST 0.005/3.410(0.014) -- Acc 1.000/0.550(0.996)
[0 0 1 0 1 0 0 1 1 1 0 1 1 0 1 0 1 1 1 0 1 1 0 1 1 1 0 0 1 0 1 1 0 1 1 0 0
 0 1 0 1 0 1 0 0 1 0 1 1 1 0 1 0 1 0 1 1 0 0 1 1 1 0 0 1 1 1 0 1 1 0 0 1 0
 1 0 0 0 1 1 1 1 0 1 1 1 0 1 0 0 1 0 1 1 0 0 0 1 1 0]
At 23101/30000: COST 0.015/3.889(0.013) -- Acc 0.990/0.540(0.997)
[1 0 1 1 0 1 1 0 1 0 1 0 0 1 0 0 0 0 1 0 0 1 1 0 0 1 0 1 0 0 1 1 0 1 1 1 1
 1 0 1 1 0 1 1 1 1 1 1 0 0 0 1 1 0 1 1 0 0 1 1 0 1 1 1 1 1 0 1 1 1 1 1 1 0
 1 0 1 1 1 0 1 0 1 0 0 0 1 0 0 1 0 1 1 0 1 1 0 1 0 0]
At 23201/30000: COST 0.002/3.850(0.009) -- Acc 1.000/0.530(0.997)
[0 0 0 1 1 1 0 1 0 0 1 0 1 0 1 1 1 1 1 1 1 1 0 1 0 0 1 1 1 1 1 1 1 0 1 0 0
 1 0 1 0 1 1 0 1 0 1 0 0 1 1 1 0 0 0 0 0 1 1 0 0 1 1 1 0 1 0 1 0 1 1 1 0 0
 1 0 1 1 1 0 1 0 1 0 1 0 0 1 1 0 0 0 1 1 1 0 1 0 1 0]
At 23301/30000: COST 0.025/4.058(0.010) -- Acc 0.990/0.550(0.997)
[0 1 0 0 1 1 1 0 0 1 1 0 0 0 0 0 1 0 1 1 1 0 0 0 0 0 1 1 0 1 0 1 1 1 1 0 1
 0 1 1 0 1 0 1 1 1 0 1 1 0 1 0 1 1 0 0 1 1 1 0 0 1 1 1 0 1 0 1 1 1 1 0 0 0
 1 1 0 1 1 1 0 0 1 0 0 1 1 0 0 1 1 1 1 1 1 0 0 1 1 1]
At 23401/30000: COST 0.303/2.623(0.051) -- Acc 0.940/0.580(0.987)
[1 0 1 0 1 0 1 0 0 1 0 1 0 0 0 1 0 1 1 0 0 1 1 0 0 0 1 1 0 1 1 1 0 1 1 1 0
 0 1 0 0 0 1 0 0 1 0 0 0 1 1 1 0 1 0 1 0 0 1 0 1 1 1 1 1 1 1 1 1 1 0 0 1 0
 0 0 0 0 1 1 1 1 0 0 1 1 1 1 0 1 1 1 1 1 0 1 1 0 1 1]
At 23501/30000: COST 0.018/2.819(0.039) -- Acc 0.990/0.570(0.989)
[1 0 0 1 1 1 0 0 1 1 1 0 0 0 1 0 0 0 1 0 1 0 0 0 1 1 0 1 0 1 1 1 0 1 0 1 1
 1 0 1 1 1 1 0 0 1 1 0 0 0 1 1 0 1 0 0 0 1 0 0 1 1 0 1 0 1 0 1 0 1 1 0 1 0
 1 1 1 1 1 1 1 0 0 1 0 0 1 1 1 1 1 1 0 1 0 0 0 0 0 0]
At 23601/30000: COST 0.018/3.597(0.022) -- Acc 0.990/0.600(0.994)
[0 0 0 1 1 1 1 0 1 1 1 1 0 0 1 0 1 1 1 0 0 0 0 1 0 1 0 1 1 1 1 0 0 1 1 1 0
 0 1 0 1 1 0 1 0 1 1 1 1 0 1 1 0 0 0 0 0 0 0 0 0 0 0 1 1 1 1 0 0 1 0 1 1 0
 1 1 0 0 1 0 1 1 1 0 1 1 0 1 0 0 1 0 1 1 0 1 1 0 1 1]
At 23701/30000: COST 0.002/3.772(0.014) -- Acc 1.000/0.570(0.996)
[0 1 0 1 1 1 0 0 1 1 1 1 1 1 0 1 1 1 0 0 1 1 0 1 0 1 0 1 1 1 0 0 1 1 0 0 1
 1 1 0 1 0 1 0 0 0 1 0 1 1 0 1 0 1 1 0 1 0 1 1 1 1 1 0 1 0 0 1 1 0 1 1 1 0
 0 1 0 1 1 0 1 1 1 0 0 1 1 0 0 0 1 0 0 0 1 1 1 0 1 0]
At 23801/30000: COST 0.006/3.795(0.011) -- Acc 1.000/0.590(0.997)
[1 1 0 1 1 0 1 1 0 1 1 1 1 1 1 0 1 1 1 0 1 0 1 1 1 0 1 1 1 1 0 0 0 0 0 0 0
 0 1 1 0 1 1 0 1 1 1 0 1 0 1 1 0 1 1 1 0 1 0 1 1 1 1 0 1 1 1 0 0 0 0 1 0 1
 1 0 0 0 1 0 1 1 1 1 1 0 1 0 0 1 0 0 0 1 0 1 1 0 0 0]
At 23901/30000: COST 0.012/3.638(0.013) -- Acc 1.000/0.550(0.996)
[1 1 0 1 0 1 0 1 1 1 0 1 0 0 0 1 1 1 0 0 1 1 1 1 0 1 0 1 1 0 0 0 0 0 1 1 1
 1 1 1 0 0 0 1 1 1 1 1 1 0 1 0 1 0 0 1 1 0 0 0 0 0 0 1 1 1 1 1 1 0 1 1 1 0
 1 1 1 0 0 0 0 0 0 0 1 1 0 0 0 1 1 0 1 1 0 1 1 1 0 0]
At 24001/30000: COST 0.024/3.622(0.011) -- Acc 0.990/0.580(0.997)
[0 0 1 1 1 1 1 1 1 1 1 0 0 0 0 0 0 1 1 1 1 0 1 1 1 0 1 1 1 0 1 1 0 1 1 1 1
 1 0 0 0 1 1 1 0 1 0 1 0 1 0 1 0 1 0 1 1 0 1 1 1 1 1 0 1 0 1 0 0 1 1 0 0 1
 0 0 0 0 0 1 0 0 1 0 0 1 0 0 1 1 1 0 0 1 1 1 1 0 1 1]
At 24101/30000: COST 0.020/3.346(0.019) -- Acc 0.980/0.590(0.995)
[0 1 0 1 0 0 1 1 0 1 0 1 1 1 0 1 0 0 1 0 1 1 0 1 1 0 1 1 1 1 1 0 1 1 0 1 0
 1 0 1 1 1 1 0 1 0 1 1 0 0 0 1 1 1 0 0 1 0 1 1 0 1 1 0 0 0 0 0 0 0 1 0 0 1
 0 1 1 0 0 1 0 0 0 0 0 1 0 0 1 1 0 1 0 0 1 1 1 1 0 1]
At 24201/30000: COST 0.023/3.660(0.026) -- Acc 0.990/0.510(0.993)
[0 0 1 1 0 0 1 0 0 0 0 0 0 1 0 0 0 0 1 0 1 1 0 1 0 1 0 1 1 0 1 0 1 0 0 1 1
 1 1 1 0 1 1 1 0 1 0 1 1 0 0 1 1 1 1 1 0 0 0 1 1 0 1 1 1 1 0 0 0 1 1 1 1 1
 0 1 0 1 1 1 0 1 1 0 0 1 0 1 0 1 1 0 0 1 1 0 1 0 1 1]
At 24301/30000: COST 0.020/3.301(0.020) -- Acc 0.990/0.540(0.994)
[0 0 1 1 0 1 1 1 1 0 1 1 0 0 1 1 0 0 0 1 1 1 0 0 1 0 0 1 1 1 1 0 1 1 1 0 0
 1 0 0 0 0 0 1 1 0 0 1 0 1 1 1 0 1 1 1 0 0 1 0 0 0 0 1 1 1 0 1 1 1 0 1 1 1
 0 1 0 1 1 0 1 1 1 0 1 1 0 1 1 0 1 1 1 1 0 1 0 1 0 1]
At 24401/30000: COST 0.024/3.106(0.022) -- Acc 0.990/0.590(0.994)
[0 1 0 1 1 0 1 1 0 1 1 0 0 1 1 0 1 1 0 0 1 0 0 0 0 0 1 0 1 0 0 1 1 0 0 0 1
 0 1 1 1 0 1 0 0 1 1 1 1 0 1 1 1 1 0 0 0 1 0 0 0 1 1 0 1 1 0 1 1 0 1 1 1 0
 1 0 1 1 0 0 1 1 1 1 0 0 1 1 1 1 1 0 1 0 1 0 1 0 0 1]
At 24501/30000: COST 0.013/2.987(0.017) -- Acc 0.990/0.620(0.995)
[0 0 1 1 1 1 0 0 0 1 1 1 1 1 0 1 1 0 1 1 1 1 1 1 0 1 1 1 1 1 0 1 1 1 1 1 1
 0 0 0 1 1 1 1 1 0 1 1 0 1 0 0 1 0 1 0 0 0 0 1 0 0 0 0 0 1 0 1 0 1 1 1 1 0
 1 0 0 1 0 1 0 1 1 0 1 1 1 1 0 1 1 1 0 0 0 1 1 1 0 1]
At 24601/30000: COST 0.004/3.535(0.017) -- Acc 1.000/0.600(0.995)
[0 1 0 1 0 0 1 1 1 0 1 1 1 1 0 0 0 1 1 0 0 1 0 1 0 0 1 0 1 0 0 0 1 1 0 0 1
 1 1 0 1 1 0 1 0 1 0 0 1 1 0 1 1 1 1 1 1 1 1 1 1 1 1 1 0 1 0 0 1 1 1 1 1 1
 0 0 0 0 0 1 1 0 1 1 0 1 1 0 0 1 1 1 0 0 0 1 1 0 1 1]
At 24701/30000: COST 0.173/2.905(0.030) -- Acc 0.970/0.580(0.992)
[1 0 1 1 1 1 0 0 0 1 0 1 0 0 1 0 0 0 1 1 0 1 1 1 0 1 0 0 0 0 1 0 1 0 1 0 0
 1 1 1 0 0 1 0 1 0 0 0 0 1 1 1 1 0 1 0 0 1 0 1 1 0 1 0 1 1 1 0 1 0 0 1 0 1
 0 1 1 0 0 0 0 0 1 1 1 0 1 0 1 1 1 0 1 1 1 1 1 1 1 1]
At 24801/30000: COST 0.056/2.644(0.060) -- Acc 0.980/0.570(0.983)
[0 1 0 0 1 1 1 0 1 0 1 0 1 0 1 1 0 0 1 0 1 0 0 1 0 1 1 0 1 1 0 1 0 0 0 0 1
 1 0 1 1 1 1 0 0 1 1 0 0 1 0 0 1 0 1 0 1 1 0 0 0 0 0 0 0 1 1 1 0 1 1 0 0 1
 1 1 1 1 1 1 1 1 1 0 1 0 0 1 1 1 1 0 0 0 1 1 0 0 0 0]
At 24901/30000: COST 0.013/2.587(0.045) -- Acc 1.000/0.590(0.987)
[1 0 0 0 1 1 0 0 1 1 0 1 0 0 1 0 1 1 1 0 0 1 1 0 0 1 0 1 1 0 1 0 1 1 1 1 0
 0 0 0 1 1 1 1 1 0 1 1 0 1 1 0 0 0 0 0 0 0 1 0 1 1 0 1 1 0 1 0 1 0 1 1 0 1
 1 1 0 1 0 1 1 1 0 0 1 1 0 1 0 0 1 1 0 0 1 0 1 1 1 0]
At 25001/30000: COST 0.045/3.106(0.030) -- Acc 0.990/0.530(0.991)
[1 1 1 1 0 1 0 1 0 0 1 0 0 1 0 1 1 0 1 1 0 0 0 0 1 1 1 1 0 0 0 0 0 0 0 0 0
 1 1 1 0 0 1 1 1 1 0 1 0 0 0 0 0 1 0 0 0 0 1 1 1 0 1 1 0 1 1 0 1 1 1 1 1 0
 1 1 1 1 0 0 1 0 1 1 0 0 0 0 0 0 1 0 0 0 1 1 1 0 1 0]
At 25101/30000: COST 0.005/3.072(0.035) -- Acc 1.000/0.560(0.990)
[0 1 1 1 0 0 1 1 0 1 0 0 0 1 1 0 0 1 1 0 0 0 0 1 1 0 1 1 1 1 1 1 1 0 0 1 1
 1 0 0 0 0 1 1 0 1 0 1 0 1 1 1 1 1 0 1 0 0 1 1 1 1 1 0 0 0 1 0 1 1 0 1 1 0
 1 1 1 1 0 0 0 0 1 0 0 1 1 0 1 1 0 0 1 0 0 0 1 1 1 0]
At 25201/30000: COST 0.006/3.450(0.025) -- Acc 1.000/0.520(0.994)
[1 1 1 0 0 0 0 1 1 1 0 1 1 1 1 1 1 1 0 0 0 1 0 1 1 1 1 1 0 1 1 1 0 0 0 0 1
 1 1 0 1 0 0 1 1 1 1 0 0 1 0 0 1 0 0 0 0 0 0 1 1 1 1 1 1 1 1 1 0 0 0 1 0 1
 0 0 0 1 1 0 0 0 1 0 1 1 1 0 1 0 0 1 1 0 1 0 0 1 0 1]
At 25301/30000: COST 0.004/3.562(0.015) -- Acc 1.000/0.560(0.996)
[0 0 1 1 1 0 0 1 0 1 0 1 1 1 1 0 1 1 0 0 0 1 1 1 0 1 1 1 0 1 1 0 1 1 1 1 0
 1 1 0 1 1 1 0 0 1 0 1 0 1 1 1 0 0 0 0 0 0 1 0 1 1 0 1 1 0 0 0 1 1 1 0 0 0
 1 0 0 1 0 0 1 0 1 1 1 1 1 1 1 1 1 0 0 0 0 1 1 0 0 0]
At 25401/30000: COST 0.007/3.573(0.013) -- Acc 1.000/0.520(0.997)
[1 1 1 1 1 1 1 1 1 0 1 0 1 0 1 0 0 0 1 0 0 1 1 1 1 1 0 1 1 0 1 1 0 1 1 0 0
 1 1 1 0 0 1 1 1 1 0 0 0 1 0 0 0 1 1 1 1 1 1 1 1 1 1 0 0 1 0 1 1 0 0 1 0 0
 0 1 1 1 0 0 1 1 0 0 0 0 0 0 0 1 0 1 1 1 1 1 0 0 1 1]
At 25501/30000: COST 0.020/3.605(0.018) -- Acc 0.990/0.500(0.995)
[0 1 0 1 1 1 1 0 1 0 0 0 0 0 1 1 1 0 1 0 1 1 0 0 1 1 1 1 0 1 1 1 0 1 0 1 0
 1 1 1 0 1 0 1 1 1 0 0 0 0 1 0 1 1 1 1 0 0 0 0 0 0 0 1 1 1 1 1 1 0 1 0 0 0
 0 1 1 0 0 0 1 1 0 0 1 0 1 1 1 1 1 1 1 1 1 1 0 0 1 1]
At 25601/30000: COST 0.030/3.436(0.021) -- Acc 0.990/0.520(0.994)
[0 0 0 0 0 0 1 1 1 1 0 1 1 0 1 1 0 1 0 1 1 1 0 1 0 0 1 1 1 0 1 1 1 0 0 0 0
 1 0 0 0 1 1 0 1 1 1 1 1 1 1 0 0 1 0 1 1 1 1 0 1 0 1 0 1 0 1 0 1 0 1 1 0 1
 1 1 0 1 1 1 1 0 1 1 0 0 1 0 0 1 0 1 1 0 0 0 1 0 1 1]
At 25701/30000: COST 0.014/3.429(0.021) -- Acc 1.000/0.520(0.994)
[0 1 1 0 1 0 1 0 0 1 1 1 1 1 0 1 1 1 0 1 0 0 1 1 0 1 1 1 1 0 0 1 0 1 0 1 1
 0 1 0 1 1 1 1 1 1 1 1 0 0 0 0 1 0 1 1 1 1 1 0 1 0 1 1 0 1 0 0 1 0 1 1 1 1
 0 0 1 0 0 1 0 1 0 1 1 1 1 0 0 1 0 0 1 1 1 1 1 0 0 1]
At 25801/30000: COST 0.003/3.573(0.015) -- Acc 1.000/0.520(0.996)
[0 0 1 0 1 1 0 0 0 0 1 1 1 1 0 0 0 0 0 1 0 0 0 1 1 1 1 1 1 0 0 0 1 0 1 0 1
 1 1 0 0 0 0 0 0 1 1 1 1 1 1 1 1 1 1 1 1 1 0 1 1 0 1 0 1 0 0 1 1 0 1 1 1 1
 0 1 1 1 0 1 1 0 0 1 1 1 0 1 1 1 1 0 1 0 0 1 1 1 0 1]
At 25901/30000: COST 0.004/3.440(0.011) -- Acc 1.000/0.580(0.997)
[0 0 0 1 0 0 0 1 1 1 1 0 1 1 1 0 0 0 0 1 0 1 1 0 0 1 0 1 1 0 1 1 0 1 0 0 0
 1 0 1 1 1 0 0 1 0 0 1 1 0 1 0 1 1 0 1 0 1 0 1 1 1 0 1 1 1 1 1 0 1 0 0 1 0
 0 1 0 1 1 1 1 1 0 0 0 1 1 1 1 0 1 0 1 0 1 0 0 0 0 0]
At 26001/30000: COST 0.001/3.700(0.010) -- Acc 1.000/0.550(0.997)
[0 0 0 0 1 0 1 0 1 1 1 1 0 0 1 0 0 1 1 1 1 0 1 1 0 0 1 1 1 0 1 1 1 1 0 1 1
 1 1 1 1 1 1 0 0 0 1 0 0 0 1 1 1 1 1 0 1 1 1 1 0 1 1 1 0 0 0 0 1 1 0 0 1 0
 0 1 0 1 1 1 0 0 0 0 1 1 0 0 1 0 0 0 1 1 1 1 0 0 1 0]
At 26101/30000: COST 0.002/3.664(0.011) -- Acc 1.000/0.550(0.997)
[1 0 1 0 1 0 0 1 1 0 1 1 1 1 1 0 0 0 1 1 0 1 1 0 1 1 1 0 1 0 0 1 0 0 0 0 1
 0 1 1 0 1 1 1 1 1 1 1 0 0 1 1 0 1 1 0 1 1 1 0 1 1 1 1 0 1 0 0 0 0 1 1 1 1
 1 0 1 0 0 1 1 1 0 1 0 0 0 1 1 0 0 0 1 0 0 1 1 1 0 0]
At 26201/30000: COST 0.005/3.224(0.015) -- Acc 1.000/0.540(0.996)
[0 1 1 1 0 0 1 0 0 0 1 0 0 1 0 0 0 1 1 0 1 0 1 1 0 1 1 1 1 1 1 1 1 0 0 1 0
 1 0 1 1 0 1 0 0 0 1 1 0 1 0 0 0 0 0 1 1 1 1 1 0 0 1 0 1 1 0 1 1 1 1 1 1 0
 1 1 1 1 0 0 1 0 0 1 0 0 1 1 0 1 1 0 0 0 0 0 0 0 1 1]
At 26301/30000: COST 0.004/3.647(0.013) -- Acc 1.000/0.580(0.997)
[0 0 0 0 0 0 1 0 1 0 1 0 0 0 1 1 1 0 1 0 1 1 0 0 0 1 0 1 1 1 1 1 0 0 0 1 0
 0 1 1 1 1 0 0 1 0 1 1 1 0 1 1 0 1 1 1 1 1 0 0 1 1 1 0 1 1 0 1 1 0 1 0 1 1
 1 1 0 1 1 1 1 1 1 1 1 0 0 0 1 1 0 1 1 0 1 1 0 1 1 0]
At 26401/30000: COST 0.002/3.972(0.011) -- Acc 1.000/0.540(0.997)
[1 1 0 0 1 0 1 0 1 0 1 0 1 1 0 1 1 0 1 1 0 0 1 1 1 0 0 0 0 1 1 1 0 1 0 1 0
 1 0 1 0 1 1 0 1 1 0 1 1 1 1 0 0 0 0 1 0 1 1 0 1 0 1 0 1 0 1 0 1 1 0 1 0 0
 0 0 1 0 0 1 0 0 0 1 0 1 1 1 0 1 1 1 1 1 0 1 1 0 0 1]
At 26501/30000: COST 0.010/4.029(0.007) -- Acc 1.000/0.550(0.998)
[0 0 1 0 0 1 0 1 0 0 1 0 1 1 1 0 1 1 1 0 1 1 0 1 1 0 0 1 1 0 0 1 1 0 0 1 0
 1 1 1 0 1 1 1 1 1 1 1 0 0 1 0 0 1 1 0 1 1 0 1 0 0 1 1 1 1 1 0 0 1 0 1 1 1
 0 0 0 0 1 0 0 0 0 1 1 0 1 0 1 0 0 1 0 1 1 1 1 0 1 1]
At 26601/30000: COST 0.013/4.143(0.005) -- Acc 0.990/0.550(0.999)
[0 1 0 1 1 0 1 1 1 0 1 1 0 1 0 0 1 1 0 1 1 1 0 0 1 0 1 0 0 0 0 1 1 0 1 0 1
 1 1 0 1 0 1 1 1 1 0 1 0 0 0 1 0 1 1 0 1 1 1 0 0 0 0 1 1 1 1 0 0 0 1 1 0 1
 1 1 1 1 0 1 1 1 0 0 0 0 0 1 1 0 0 1 0 0 0 1 1 1 1 1]
At 26701/30000: COST 0.006/3.519(0.008) -- Acc 1.000/0.590(0.998)
[1 1 0 0 0 1 1 0 0 0 0 0 1 1 1 1 0 0 0 1 0 1 1 1 1 1 1 1 1 0 0 0 0 1 0 1 1
 1 0 1 1 1 0 0 0 1 1 1 0 1 0 1 0 1 0 0 1 0 1 0 1 1 0 1 0 1 1 0 1 0 0 1 1 1
 0 1 1 0 1 1 1 0 1 1 0 1 0 1 1 1 1 1 1 1 1 1 1 1 1 1]
At 26801/30000: COST 0.002/3.838(0.019) -- Acc 1.000/0.570(0.995)
[1 1 0 0 1 1 1 1 0 0 0 0 1 0 1 0 0 0 1 0 1 0 1 0 0 1 1 0 0 1 0 1 1 1 0 1 1
 0 1 1 0 0 1 0 0 0 0 0 1 1 1 1 0 1 1 1 0 0 0 1 1 1 1 1 0 1 1 1 1 1 0 1 0 0
 0 1 0 0 0 0 0 0 0 1 1 1 0 0 1 0 1 1 1 0 1 0 1 1 1 1]
At 26901/30000: COST 0.009/4.361(0.028) -- Acc 1.000/0.500(0.993)
[0 1 0 1 0 1 0 1 1 0 0 0 0 1 0 1 1 0 1 0 0 0 0 0 1 0 1 1 0 0 1 0 0 1 0 1 0
 0 1 1 0 1 1 1 1 0 1 1 1 1 1 0 1 1 1 0 1 0 1 1 1 1 1 1 1 0 1 0 0 1 1 1 0 1
 1 0 1 1 1 0 1 1 0 1 1 0 0 0 1 0 1 0 1 1 0 0 1 1 1 1]
At 27001/30000: COST 0.044/3.085(0.037) -- Acc 0.990/0.530(0.990)
[1 1 1 1 1 0 1 0 1 1 1 0 1 1 1 1 1 1 1 1 1 0 0 1 0 0 1 1 1 0 1 0 1 0 0 0 1
 1 1 0 1 0 0 0 1 1 1 1 1 0 1 0 0 0 1 1 1 0 0 0 0 1 0 0 1 1 0 1 0 0 0 0 1 1
 0 1 0 1 0 0 0 0 0 1 1 1 1 0 1 1 0 0 0 1 1 1 0 0 1 1]
At 27101/30000: COST 0.053/3.513(0.032) -- Acc 0.980/0.530(0.990)
[1 1 1 0 1 1 0 1 1 1 1 0 1 0 1 1 1 0 0 1 1 1 0 0 1 0 0 0 0 1 1 1 1 1 0 0 1
 1 1 1 0 1 0 0 0 0 1 0 1 0 0 0 1 0 1 0 0 1 1 0 1 1 1 0 0 0 1 0 1 1 1 1 0 1
 1 1 1 1 1 0 1 0 0 1 0 1 1 0 1 0 1 1 1 1 1 1 1 0 0 0]
At 27201/30000: COST 0.005/3.592(0.029) -- Acc 1.000/0.500(0.992)
[1 1 1 1 0 0 1 1 0 1 0 1 1 1 0 1 1 0 1 0 1 0 1 1 1 0 1 0 0 0 1 0 1 0 1 0 1
 0 0 1 1 1 0 1 1 1 1 1 0 1 1 1 1 1 1 1 0 1 1 1 0 0 0 1 0 0 0 0 0 0 1 0 1 0
 0 0 1 0 1 1 0 0 1 0 1 1 0 0 1 0 0 0 0 1 0 0 1 0 0 0]
At 27301/30000: COST 0.004/3.501(0.020) -- Acc 1.000/0.510(0.994)
[1 1 1 0 0 1 0 1 1 1 1 1 0 0 0 0 0 0 0 1 1 1 1 0 1 1 1 0 0 1 1 0 1 0 0 0 1
 0 0 1 1 1 1 0 0 1 1 0 0 0 1 1 0 0 1 0 1 1 1 1 1 1 1 1 1 1 1 1 1 1 1 0 1 0
 1 1 0 1 1 1 0 0 1 0 0 0 1 1 1 0 0 0 1 1 1 1 1 1 0 0]
At 27401/30000: COST 0.037/3.337(0.016) -- Acc 0.980/0.530(0.995)
[1 1 0 0 1 0 0 1 0 1 1 1 1 1 1 1 1 0 1 1 0 1 1 0 1 1 1 1 1 1 1 0 1 0 0 0 1
 0 0 0 1 0 0 1 1 1 1 0 0 1 0 1 0 1 0 1 1 0 1 0 0 1 1 1 0 0 0 1 0 1 0 1 0 0
 0 1 1 1 1 0 1 1 0 0 1 0 1 0 1 0 1 0 1 1 1 1 0 0 1 0]
At 27501/30000: COST 0.007/3.255(0.017) -- Acc 1.000/0.580(0.995)
[0 0 1 1 1 0 0 0 1 1 0 1 1 0 1 1 1 1 0 1 0 1 0 1 1 1 1 1 1 1 1 0 0 1 1 0 1
 1 1 1 1 0 0 0 0 1 1 1 1 1 1 1 1 1 1 0 1 1 1 1 1 0 1 0 0 0 1 0 1 1 0 1 1 1
 1 1 0 1 0 1 0 0 1 1 1 1 1 0 0 0 0 1 0 0 0 0 1 0 1 0]
At 27601/30000: COST 0.011/3.467(0.012) -- Acc 1.000/0.510(0.996)
[1 1 1 1 0 1 0 1 1 1 0 1 0 0 1 1 0 0 1 1 1 1 0 0 0 0 1 0 0 0 1 0 1 1 1 1 1
 0 0 0 1 1 0 1 0 1 1 1 0 0 0 1 0 1 1 0 1 1 1 1 0 0 0 0 1 1 0 0 1 1 0 0 1 1
 0 0 0 0 1 1 1 1 0 1 1 0 1 1 1 0 1 1 0 1 1 1 1 0 0 1]
At 27701/30000: COST 0.009/3.732(0.011) -- Acc 1.000/0.520(0.996)
[0 1 0 1 1 0 1 1 0 1 0 0 0 1 1 0 1 1 1 1 0 0 0 0 0 0 1 1 1 1 1 1 0 0 1 0 1
 0 1 0 0 1 1 1 1 1 1 0 0 0 0 1 1 1 0 0 0 1 1 0 0 1 1 0 0 1 1 1 0 1 1 0 0 1
 1 0 1 0 1 1 0 0 0 1 1 1 1 0 0 0 1 1 0 1 1 0 1 0 0 1]
At 27801/30000: COST 0.005/3.765(0.010) -- Acc 1.000/0.530(0.997)
[1 0 0 1 1 0 0 0 0 0 0 1 1 1 1 0 0 1 1 1 0 1 0 1 1 0 0 1 1 1 0 1 1 1 1 0 0
 0 0 1 0 1 1 1 0 0 1 0 0 1 0 1 1 1 1 1 1 1 1 1 1 1 0 1 0 0 0 0 1 1 1 1 0 1
 1 1 1 0 0 1 1 0 1 0 1 0 1 1 1 0 1 0 1 1 1 0 0 1 0 0]
At 27901/30000: COST 0.005/3.637(0.007) -- Acc 1.000/0.550(0.998)
[1 1 1 0 1 1 1 1 1 0 0 1 0 1 0 1 0 1 0 1 1 1 0 0 1 0 1 0 1 1 1 0 1 1 1 0 1
 0 1 1 1 0 0 1 0 0 1 0 0 1 1 1 1 1 1 0 0 0 1 0 0 1 1 1 0 1 1 1 0 0 0 1 1 1
 1 0 1 1 1 1 0 1 1 1 1 1 1 0 1 1 1 0 1 1 0 0 0 0 1 0]
At 28001/30000: COST 0.001/3.776(0.005) -- Acc 1.000/0.610(0.999)
[1 1 1 0 1 0 0 0 1 1 1 0 0 0 0 1 0 0 0 0 1 0 1 0 0 0 1 1 1 1 1 1 1 1 0 1 1
 0 0 1 0 1 0 1 0 0 1 1 0 0 1 1 1 1 1 1 1 0 1 0 1 1 0 1 1 0 0 1 1 0 1 1 1 1
 1 0 0 0 1 0 1 0 0 1 0 0 1 0 1 1 0 1 1 1 1 1 0 1 0 1]
At 28101/30000: COST 0.002/3.806(0.005) -- Acc 1.000/0.580(0.999)
[1 0 1 0 0 1 0 0 1 0 0 0 1 1 1 1 1 1 0 1 1 1 0 1 1 0 1 1 0 1 0 0 0 1 1 1 1
 0 1 1 1 0 1 0 0 1 1 0 1 0 1 1 0 1 1 1 1 0 1 0 1 0 0 1 1 1 0 0 1 0 1 0 1 1
 1 0 0 1 1 1 0 1 0 0 0 1 0 0 0 1 1 1 1 0 1 1 1 0 1 0]
At 28201/30000: COST 0.008/3.656(0.027) -- Acc 1.000/0.570(0.993)
[0 0 0 1 1 1 1 1 1 0 1 1 1 0 1 0 0 0 1 1 1 0 1 0 0 0 1 1 0 0 0 1 1 0 0 0 1
 0 1 0 0 0 0 1 1 0 1 1 1 1 0 1 1 0 1 1 1 1 0 1 1 0 1 0 1 1 1 1 0 0 0 0 1 0
 1 1 1 0 1 1 1 1 0 1 0 0 1 0 0 0 1 1 1 0 0 0 1 1 0 1]
At 28301/30000: COST 0.003/4.204(0.021) -- Acc 1.000/0.520(0.994)
[0 1 1 0 1 1 1 0 1 1 1 1 1 0 0 0 1 0 1 1 0 0 1 1 0 1 1 1 0 1 0 0 0 0 1 0 0
 0 1 1 1 1 0 0 1 0 0 0 0 1 0 1 1 0 0 1 1 0 1 1 0 1 0 0 1 1 1 1 0 1 0 1 1 1
 0 1 1 1 0 1 1 0 0 1 0 0 0 1 1 1 0 0 1 1 1 0 1 1 0 0]
At 28401/30000: COST 0.002/4.232(0.014) -- Acc 1.000/0.520(0.996)
[1 1 1 0 0 1 1 0 1 0 0 0 0 1 0 1 1 1 1 1 0 0 0 1 0 1 1 0 1 1 0 0 1 1 1 0 1
 0 1 1 1 1 0 1 1 1 0 1 1 0 0 1 0 0 1 0 1 0 0 0 1 0 1 1 1 0 0 1 1 0 1 1 0 1
 1 0 1 1 1 1 0 0 0 1 0 0 1 0 1 1 0 1 1 0 0 0 1 1 1 1]
At 28501/30000: COST 0.049/4.223(0.015) -- Acc 0.980/0.440(0.996)
[0 0 1 1 1 1 0 0 0 1 0 1 0 1 1 0 1 1 0 0 1 1 0 0 0 0 0 1 0 1 0 0 1 0 1 1 0
 1 1 0 1 1 0 0 1 1 1 0 0 1 1 0 1 0 0 1 1 1 1 1 0 1 1 1 0 0 1 1 1 0 1 0 0 1
 0 0 1 0 0 1 0 1 1 1 1 1 1 1 0 1 0 1 1 1 0 0 1 1 0 1]
At 28601/30000: COST 0.012/3.977(0.010) -- Acc 0.990/0.510(0.997)
[0 0 0 1 0 1 0 0 1 0 1 1 0 1 0 0 0 0 1 1 0 1 1 1 1 1 1 1 0 0 1 0 1 1 1 1 1
 1 1 1 1 0 1 1 0 1 1 0 0 0 1 1 0 1 1 0 0 0 0 0 1 1 1 0 0 1 1 0 1 1 1 1 0 1
 0 1 1 1 1 0 0 1 1 1 0 1 1 0 1 0 0 0 0 1 0 0 1 1 1 1]
At 28701/30000: COST 0.001/4.710(0.008) -- Acc 1.000/0.490(0.998)
[0 1 1 1 1 1 0 0 0 1 0 0 1 0 0 1 0 1 1 1 1 1 1 1 1 1 1 1 0 0 1 0 1 1 0 1 0
 1 0 0 0 0 0 1 1 1 1 1 1 1 1 1 0 1 0 1 0 1 1 0 1 1 1 0 1 0 0 1 0 0 1 0 1 1
 1 1 1 0 1 1 0 0 0 0 0 0 0 1 0 1 0 1 0 1 0 0 1 1 1 0]
At 28801/30000: COST 0.008/4.526(0.014) -- Acc 1.000/0.560(0.996)
[1 0 1 1 1 0 1 0 1 0 0 0 1 1 1 0 1 0 0 0 1 0 1 0 0 1 0 1 0 1 0 1 1 1 1 0 0
 1 0 0 1 0 1 1 1 1 0 0 1 1 1 1 1 1 1 0 1 0 0 1 1 0 1 0 0 1 1 0 1 0 1 0 0 0
 0 0 0 1 1 0 0 0 1 0 1 1 0 1 1 0 1 1 0 1 1 0 1 1 1 1]
At 28901/30000: COST 0.020/3.641(0.020) -- Acc 0.980/0.560(0.995)
[0 1 0 0 1 1 0 0 0 0 1 1 1 1 0 0 1 0 1 1 1 1 1 1 1 1 1 0 1 1 1 1 1 1 1 0 0
 1 1 0 1 0 1 0 0 1 1 1 0 0 1 1 1 1 1 1 1 1 0 1 0 0 1 0 1 1 1 1 0 0 1 1 0 0
 1 1 0 0 0 1 1 0 0 1 1 0 1 1 1 1 0 0 0 0 1 0 0 0 1 0]
At 29001/30000: COST 0.219/4.409(0.026) -- Acc 0.960/0.520(0.993)
[0 0 0 1 1 1 0 1 1 1 1 1 1 0 0 1 1 1 0 0 1 0 0 0 1 0 1 0 0 0 0 1 0 1 1 0 0
 0 0 0 1 0 1 0 1 1 1 0 0 1 1 1 0 1 1 0 1 0 1 1 1 1 0 1 1 0 1 1 1 1 1 1 0 1
 0 0 1 0 1 1 1 0 0 0 1 0 1 0 1 0 0 0 1 1 0 0 1 1 0 1]
At 29101/30000: COST 0.025/2.403(0.066) -- Acc 0.990/0.570(0.983)
[1 0 0 1 1 0 1 0 1 1 0 1 1 0 0 0 1 0 1 1 0 1 0 1 1 0 1 0 1 0 0 1 1 1 1 0 0
 0 1 0 1 1 1 1 0 1 1 1 0 0 1 1 0 0 1 1 1 0 1 1 1 0 0 1 0 1 0 0 1 0 1 0 1 1
 1 0 1 0 1 1 1 1 0 0 0 0 0 0 1 1 1 0 1 1 0 0 1 1 0 0]
At 29201/30000: COST 0.039/2.549(0.043) -- Acc 0.990/0.560(0.989)
[1 1 1 1 0 0 1 0 0 0 1 1 1 1 1 1 1 1 0 1 1 0 1 1 1 1 1 0 0 1 1 1 0 0 0 1 1
 1 1 1 1 0 1 1 1 1 0 0 0 0 0 1 0 0 1 0 0 0 0 1 1 0 0 0 1 1 0 0 1 1 0 1 0 0
 1 0 1 1 0 1 1 1 1 1 1 0 0 1 0 1 1 0 0 0 1 0 0 0 0 1]
At 29301/30000: COST 0.005/3.125(0.027) -- Acc 1.000/0.590(0.992)
[0 1 1 1 1 1 1 0 0 0 0 1 1 1 0 1 1 0 1 1 1 0 0 1 0 1 0 1 1 1 1 0 0 1 1 1 1
 1 1 1 1 0 1 0 0 0 0 0 1 1 0 0 0 1 0 0 1 1 0 0 0 1 0 0 0 0 1 1 1 0 1 1 1 0
 0 1 0 0 0 1 1 1 1 1 0 1 1 0 0 1 1 1 0 0 1 1 0 1 0 1]
At 29401/30000: COST 0.055/3.062(0.023) -- Acc 0.980/0.550(0.994)
[0 1 0 0 1 0 0 1 1 1 1 1 0 0 1 0 1 1 0 1 1 1 0 1 0 0 0 0 1 0 1 1 1 0 1 1 0
 1 1 1 0 1 1 1 1 0 1 1 1 0 1 1 0 0 1 1 0 0 1 1 1 1 1 0 1 0 1 1 1 0 0 0 0 1
 0 1 0 0 1 1 1 1 1 0 1 0 1 1 1 1 0 0 0 0 0 1 0 1 0 1]
At 29501/30000: COST 0.033/3.225(0.018) -- Acc 0.990/0.530(0.996)
[0 0 0 1 1 0 0 1 0 0 1 1 0 1 1 1 0 0 0 1 1 1 1 0 1 1 1 1 0 0 1 1 0 0 0 1 0
 0 1 1 0 1 1 1 0 0 0 0 1 1 0 1 1 0 0 1 0 1 1 0 1 1 1 0 1 0 0 0 0 1 0 1 0 1
 1 0 1 1 1 1 1 0 1 1 1 0 0 1 1 1 1 1 0 0 1 0 1 1 1 1]
At 29601/30000: COST 0.065/3.502(0.016) -- Acc 0.970/0.540(0.996)
[0 1 1 1 0 0 0 0 1 0 1 0 0 0 1 1 1 1 1 1 1 0 1 1 1 1 1 0 1 0 1 0 0 0 1 1 0
 1 1 0 1 1 0 0 1 1 1 1 1 0 1 0 1 1 1 0 1 0 0 1 0 1 1 0 1 0 0 1 1 0 0 1 1 0
 0 0 1 0 1 0 0 1 1 0 0 1 1 0 0 0 0 1 1 1 0 0 0 1 0 0]
At 29701/30000: COST 0.007/3.497(0.025) -- Acc 1.000/0.540(0.994)
[1 0 1 1 0 1 1 0 1 1 0 1 1 1 1 0 1 1 0 1 0 1 0 1 1 0 0 1 0 0 0 1 0 1 1 0 0
 0 1 1 1 1 1 1 0 1 1 1 1 0 1 1 1 0 0 1 1 1 0 0 1 0 1 0 0 0 0 1 0 0 0 1 1 0
 0 1 0 0 1 1 0 0 1 1 1 1 1 1 1 1 1 1 0 1 0 1 1 0 0 1]
At 29801/30000: COST 0.003/3.803(0.015) -- Acc 1.000/0.500(0.996)
[0 1 0 1 0 0 1 0 0 1 1 1 1 1 1 1 0 1 1 1 0 1 1 0 0 1 1 0 1 1 1 1 0 1 0 1 1
 0 0 1 1 1 0 1 1 1 0 0 1 0 1 1 0 1 1 1 0 1 0 0 1 1 0 1 1 0 0 1 0 1 1 1 1 0
 1 1 0 0 1 1 1 1 0 1 1 1 1 0 1 1 0 0 0 0 0 0 1 0 0 0]
At 29901/30000: COST 0.004/3.775(0.017) -- Acc 1.000/0.480(0.996)
