[1 0 1 1 1 1 1 1 0 1 1 1 0 1 1 1 1 1 1 1 1 0 1 0 1 0 0 1 1 1 0 1 1 1 1 1 0
 1 0 0 0 0 0 0 0 0 0 0 0 1 1 0 1 0 0 1 0 0 0 1 1 1 0 0 1 0 0 0 1 1 1 0 0 0
 1 1 0 0 0 0 0 0 1 0 1 1 0 1 0 1 0 1 0 0 1 0 1 1 0 1]
 Training accuracy at 0 out of 20000 is 0.513(0.550),cost is 42.139(0.695)
[0 0 1 0 0 1 0 0 1 0 1 0 0 1 0 0 0 1 0 0 0 0 0 1 0 0 0 0 0 0 0 1 0 0 0 0 1
 0 1 0 0 0 0 0 0 0 0 0 0 0 0 0 0 0 0 0 0 0 0 0 0 0 0 0 0 0 0 0 0 0 0 1 0 0
 0 0 1 1 0 0 0 0 0 1 0 1 1 0 0 1 1 0 0 1 1 1 0 0 0 0]
 Training accuracy at 100 out of 20000 is 0.544(0.580),cost is 40.372(0.699)
[0 0 1 0 1 1 0 1 1 1 1 1 0 1 1 0 0 1 1 1 0 1 1 0 1 0 1 0 0 1 0 0 1 0 0 0 0
 0 1 0 1 0 0 0 0 0 0 0 1 0 0 0 0 1 0 0 0 0 0 0 0 0 1 0 0 0 0 0 0 0 0 1 0 0
 0 0 1 1 0 1 0 0 0 0 0 1 1 1 0 0 1 0 0 1 1 1 1 0 0 0]
 Training accuracy at 200 out of 20000 is 0.576(0.490),cost is 40.031(0.697)
[0 0 1 0 1 1 0 0 0 1 1 1 1 1 1 0 0 1 1 0 0 1 1 1 1 0 1 1 0 0 0 1 1 0 0 0 0
 1 1 0 1 0 0 1 0 0 0 0 1 0 0 0 0 1 0 0 0 0 0 0 0 0 1 0 0 0 0 0 1 0 0 0 0 0
 0 0 0 1 1 1 0 0 0 0 0 1 0 1 0 0 1 1 0 0 1 1 0 1 0 0]
 Training accuracy at 300 out of 20000 is 0.595(0.480),cost is 39.538(0.700)
[0 0 1 0 1 1 0 0 0 0 1 0 0 1 1 0 0 1 0 0 0 1 0 0 0 0 0 0 0 0 0 1 1 0 0 0 1
 0 0 0 0 0 0 0 0 0 0 0 1 0 0 0 0 1 0 0 0 1 0 0 0 0 0 0 0 0 0 0 1 1 0 0 0 0
 0 0 0 1 1 1 1 0 0 0 0 1 0 0 0 1 0 0 0 0 1 0 1 1 0 0]
 Training accuracy at 400 out of 20000 is 0.598(0.560),cost is 39.199(0.689)
[0 1 1 1 0 1 0 0 0 1 1 1 1 1 1 1 1 1 1 0 0 1 0 1 1 0 0 1 1 1 0 1 1 1 0 1 0
 1 1 0 0 0 0 1 1 0 0 0 1 0 0 0 0 1 0 0 0 0 0 1 0 0 0 0 0 0 0 0 1 1 0 0 0 1
 0 0 0 1 1 1 1 0 1 0 1 1 0 1 1 0 0 0 0 1 1 1 1 1 0 1]
 Training accuracy at 500 out of 20000 is 0.633(0.560),cost is 38.584(0.683)
[0 0 1 1 1 1 0 0 1 1 1 1 0 1 1 0 0 1 1 1 0 1 0 0 0 0 0 1 0 1 0 1 1 0 0 0 0
 1 1 0 0 0 0 1 1 0 0 0 0 0 0 0 0 1 0 1 0 0 0 1 0 1 0 0 0 0 0 0 1 1 0 0 0 0
 0 0 0 1 0 1 1 0 0 0 0 1 0 0 0 1 0 1 0 0 1 0 1 0 0 0]
 Training accuracy at 600 out of 20000 is 0.654(0.530),cost is 37.606(0.692)
[0 0 1 1 1 1 0 0 1 1 1 1 0 1 1 0 0 1 0 0 0 1 1 0 0 0 0 1 0 0 0 1 1 0 0 0 0
 1 1 0 0 0 0 0 1 0 0 0 1 0 0 0 0 1 0 1 0 1 0 1 0 1 0 1 0 0 0 0 1 1 0 1 0 0
 0 0 0 1 0 1 1 0 0 0 0 1 1 0 1 0 0 0 0 1 1 1 1 1 0 1]
 Training accuracy at 700 out of 20000 is 0.669(0.580),cost is 36.804(0.696)
[0 1 1 0 1 1 0 1 0 1 1 0 0 1 1 0 0 1 1 0 0 1 0 1 1 0 1 1 0 1 0 1 1 0 0 0 0
 1 1 0 1 0 0 1 1 1 1 0 1 0 0 0 1 1 1 0 0 1 0 1 0 1 0 1 0 0 0 1 1 1 1 1 0 0
 0 0 0 1 0 1 1 0 1 0 0 1 1 1 1 1 1 1 1 1 1 1 1 0 0 1]
 Training accuracy at 800 out of 20000 is 0.683(0.510),cost is 35.927(0.717)
[0 0 1 1 1 1 0 0 0 1 1 1 0 1 1 0 1 1 1 0 0 1 0 1 1 0 1 0 0 0 0 1 1 0 1 0 0
 1 0 0 0 0 0 1 1 0 0 0 0 0 0 0 1 1 1 0 1 0 1 0 0 0 0 1 0 0 0 0 1 1 1 0 0 0
 0 0 0 1 1 1 1 0 0 0 1 1 1 1 0 1 1 0 1 0 1 0 1 1 0 1]
 Training accuracy at 900 out of 20000 is 0.702(0.570),cost is 34.528(0.700)
[0 0 1 1 1 1 0 0 0 0 0 1 0 0 0 0 0 1 1 0 0 1 0 1 1 0 1 1 0 1 0 1 1 0 1 0 0
 0 1 0 1 0 0 1 1 0 0 0 0 0 0 1 1 1 1 1 0 0 0 1 1 1 1 1 0 0 0 0 1 1 0 0 1 1
 1 0 0 1 1 1 1 0 0 0 1 1 0 1 0 0 1 0 1 1 1 0 1 0 0 0]
 Training accuracy at 1000 out of 20000 is 0.737(0.460),cost is 34.163(0.742)
[0 1 1 1 1 1 0 0 0 1 1 1 0 1 0 0 0 1 1 0 0 1 0 1 1 0 0 0 0 1 0 0 1 1 1 0 0
 0 0 0 1 0 0 1 1 0 0 0 0 0 0 0 0 1 1 1 0 0 0 0 0 1 0 1 0 0 0 0 1 1 0 1 0 0
 0 0 0 1 1 1 1 0 0 0 0 1 1 1 1 0 0 1 1 0 1 0 1 0 0 0]
 Training accuracy at 1100 out of 20000 is 0.732(0.520),cost is 33.335(0.718)
[0 0 1 1 1 1 0 0 0 1 1 1 0 1 1 0 0 1 1 0 0 1 0 1 1 1 0 1 0 0 0 1 1 0 1 0 0
 0 1 0 1 0 0 1 1 0 0 0 1 0 0 0 1 1 1 1 0 0 1 0 1 1 0 1 0 0 0 0 1 0 1 0 0 0
 0 0 0 1 1 1 1 0 1 0 1 1 1 1 1 0 1 0 1 1 1 0 1 0 0 0]
 Training accuracy at 1200 out of 20000 is 0.753(0.460),cost is 31.599(0.752)
[0 1 0 1 1 1 0 0 0 1 1 1 0 1 0 0 1 1 1 0 0 1 0 1 1 0 0 0 0 0 0 0 1 0 1 0 0
 1 0 0 0 0 0 1 1 1 0 0 0 0 0 0 1 1 1 1 0 0 0 0 1 1 1 1 0 0 0 0 1 1 1 0 0 0
 0 0 0 1 0 1 0 0 1 0 1 1 1 1 1 0 0 0 1 1 1 0 1 0 0 1]
 Training accuracy at 1300 out of 20000 is 0.770(0.530),cost is 30.619(0.736)
[1 0 1 1 1 1 0 0 0 1 1 1 0 1 0 0 1 1 1 0 0 1 0 1 1 0 1 0 0 1 0 1 1 0 1 1 0
 0 1 0 1 0 0 1 1 0 0 0 1 0 1 0 0 1 1 1 0 1 1 0 1 1 1 1 0 0 0 0 1 1 1 1 0 0
 0 0 0 1 1 1 1 0 0 0 1 1 1 1 1 0 0 1 1 1 1 0 1 1 0 0]
 Training accuracy at 1400 out of 20000 is 0.780(0.500),cost is 29.627(0.750)
[1 0 0 1 1 1 0 0 1 1 1 1 0 1 1 0 1 1 1 0 1 1 0 1 1 1 1 1 0 0 0 0 1 0 1 0 0
 1 1 0 0 0 0 1 1 0 0 0 0 0 0 0 0 1 1 1 0 0 1 0 1 1 0 1 0 0 0 0 1 0 0 1 0 0
 0 0 0 1 1 1 1 0 1 1 1 1 1 1 1 0 0 1 1 1 1 0 1 1 0 0]
 Training accuracy at 1500 out of 20000 is 0.791(0.510),cost is 28.674(0.770)
[0 0 1 1 1 1 0 0 1 1 1 1 0 1 1 0 1 1 1 0 1 1 0 1 1 0 1 0 0 1 0 1 1 0 1 1 0
 1 0 0 0 0 0 1 1 1 0 0 0 1 0 1 0 1 1 1 1 0 1 0 0 1 0 1 0 0 0 0 1 0 1 0 0 0
 0 0 0 1 0 1 1 0 1 0 1 1 1 1 1 0 0 1 1 0 1 0 1 1 0 1]
 Training accuracy at 1600 out of 20000 is 0.806(0.560),cost is 27.872(0.767)
[0 0 0 1 1 1 0 0 0 1 1 1 0 1 0 0 1 1 1 0 0 1 0 1 1 0 1 1 0 0 0 0 1 0 1 0 0
 0 0 0 0 0 0 1 1 1 0 0 1 0 0 1 1 1 1 1 1 0 0 0 1 1 0 1 0 0 0 0 1 0 1 0 0 0
 0 0 0 1 0 1 0 1 1 0 1 1 1 1 1 0 1 0 1 1 1 0 1 0 0 1]
 Training accuracy at 1700 out of 20000 is 0.821(0.500),cost is 26.756(0.802)
[1 0 1 1 1 1 0 0 0 1 1 1 0 1 0 0 1 1 1 0 0 1 1 1 1 1 1 0 0 1 0 1 1 0 1 0 0
 1 0 0 0 0 0 1 1 1 0 0 0 0 0 1 1 1 1 1 0 0 0 0 0 1 0 1 0 0 0 0 1 1 1 0 0 0
 0 0 0 1 0 1 0 0 1 0 1 1 1 1 1 0 0 1 1 1 1 0 1 0 0 1]
 Training accuracy at 1800 out of 20000 is 0.840(0.510),cost is 25.566(0.803)
[1 0 0 1 1 1 0 0 0 1 1 1 0 1 0 0 1 0 1 1 0 1 0 1 1 0 0 1 0 1 0 1 1 1 1 0 0
 0 0 0 0 0 0 1 1 1 0 0 0 0 0 1 1 1 0 1 0 0 1 0 1 0 1 1 0 0 0 0 1 1 1 0 0 0
 0 0 0 1 0 1 0 0 0 0 1 1 1 1 1 0 0 0 1 0 1 0 1 0 0 1]
 Training accuracy at 1900 out of 20000 is 0.836(0.480),cost is 26.068(0.819)
[1 0 0 1 1 1 0 0 0 1 1 1 0 1 0 0 1 1 1 0 1 1 1 1 1 0 0 1 0 0 0 1 1 0 1 0 0
 0 0 0 0 0 0 1 1 1 0 0 0 0 0 1 1 1 1 1 0 0 1 0 1 1 0 1 0 0 0 0 1 0 1 0 0 0
 0 0 0 1 1 1 0 0 1 0 1 1 1 1 1 0 0 1 1 0 1 0 1 1 0 1]
 Training accuracy at 2000 out of 20000 is 0.846(0.520),cost is 23.752(0.850)
[1 0 0 1 1 1 0 0 0 1 1 1 0 1 0 0 1 1 0 0 1 1 1 1 1 0 1 0 0 0 0 1 1 0 1 1 0
 0 0 0 0 0 0 1 1 1 0 1 1 0 0 1 1 1 1 1 0 0 1 0 1 1 0 1 0 0 0 0 1 0 1 0 0 0
 0 0 0 1 0 1 0 1 1 0 1 0 1 1 1 0 1 1 1 0 1 0 1 1 0 1]
 Training accuracy at 2100 out of 20000 is 0.857(0.540),cost is 23.219(0.804)
[1 1 0 1 1 1 0 0 0 1 1 1 0 1 0 0 1 1 1 0 0 1 1 1 0 1 1 1 0 0 0 1 1 0 1 1 0
 0 0 0 0 0 0 1 1 1 0 1 0 0 0 1 0 1 1 1 0 0 0 0 1 1 0 1 0 0 0 0 1 0 1 0 0 0
 0 0 0 1 1 1 0 0 0 1 1 1 1 1 1 0 0 1 1 0 1 0 1 1 0 0]
 Training accuracy at 2200 out of 20000 is 0.866(0.540),cost is 22.565(0.804)
[1 0 0 1 1 1 0 0 0 1 1 1 0 1 0 0 1 1 0 0 0 1 1 1 0 1 0 1 0 1 0 1 1 0 1 1 0
 0 0 0 0 0 0 1 1 1 0 1 0 1 0 1 1 1 1 1 1 0 1 0 1 1 1 1 0 0 0 0 1 1 1 1 0 0
 0 0 0 1 0 1 0 0 1 0 1 1 1 1 1 0 0 1 1 0 1 0 1 1 0 1]
 Training accuracy at 2300 out of 20000 is 0.869(0.530),cost is 22.070(0.810)
[1 0 0 1 1 1 0 0 0 1 1 0 0 1 0 0 1 1 0 0 0 1 1 1 0 1 1 1 0 0 0 1 1 0 1 1 0
 0 0 0 0 0 0 1 1 1 0 1 0 0 0 1 1 1 1 1 0 0 0 0 1 1 0 0 0 0 0 0 1 1 1 0 0 0
 1 0 0 1 0 1 0 0 1 0 1 1 1 1 1 0 0 1 1 0 1 0 1 1 0 1]
 Training accuracy at 2400 out of 20000 is 0.874(0.570),cost is 21.767(0.811)
[1 0 0 0 1 1 0 0 0 1 1 1 0 1 0 0 1 1 1 0 0 1 1 1 0 1 1 0 0 1 1 1 1 0 1 1 0
 1 0 0 0 0 0 1 1 1 0 0 0 0 0 1 1 1 1 1 0 0 1 0 1 1 0 1 0 0 0 0 1 0 1 0 0 0
 1 0 0 1 0 1 0 0 1 1 1 1 1 1 1 0 0 1 1 1 1 0 1 1 0 0]
 Training accuracy at 2500 out of 20000 is 0.886(0.510),cost is 20.738(0.860)
[1 1 0 1 1 1 0 0 0 1 1 1 0 1 0 0 1 1 1 0 1 1 1 1 0 1 1 1 0 1 0 1 1 0 1 1 0
 1 0 0 0 0 0 1 1 1 0 0 0 0 0 1 1 1 1 1 0 0 0 0 1 1 1 1 0 0 0 0 1 0 1 1 0 0
 0 0 0 1 0 1 0 1 1 0 1 1 1 1 1 0 0 1 1 1 1 0 1 1 0 0]
 Training accuracy at 2600 out of 20000 is 0.897(0.500),cost is 19.180(0.875)
[1 0 1 1 1 1 0 0 0 1 1 1 0 1 0 0 1 0 0 0 0 1 1 1 0 0 1 0 0 1 0 1 1 0 1 1 0
 0 0 0 0 0 0 0 1 1 0 0 0 1 0 1 0 1 1 1 0 0 0 0 1 1 1 1 0 0 0 0 1 0 1 1 0 0
 0 0 0 1 0 1 0 1 0 1 1 1 1 1 1 0 1 1 1 1 1 0 1 1 0 0]
 Training accuracy at 2700 out of 20000 is 0.894(0.540),cost is 18.923(0.866)
[0 0 1 1 1 1 0 0 0 1 1 0 0 1 0 0 1 1 0 1 0 1 1 1 0 0 1 1 0 1 0 1 1 0 1 1 0
 0 1 0 0 0 0 1 1 1 0 0 0 1 0 1 1 1 0 1 0 0 0 0 1 1 1 0 0 0 0 0 1 0 1 0 0 0
 0 0 0 1 0 1 0 1 1 0 1 1 1 1 1 0 0 1 1 0 1 0 1 1 0 0]
 Training accuracy at 2800 out of 20000 is 0.903(0.530),cost is 18.529(0.837)
[0 0 1 1 1 1 0 0 0 1 0 1 0 1 0 0 1 1 0 1 1 1 1 1 0 0 0 1 0 1 1 1 1 0 1 1 0
 1 0 0 0 0 0 1 1 1 0 1 0 0 0 1 1 1 1 1 0 0 0 0 1 1 0 1 0 0 0 0 1 0 1 0 0 0
 0 0 0 1 0 1 1 1 1 0 1 1 1 1 1 0 1 1 1 0 1 0 1 1 0 1]
 Training accuracy at 2900 out of 20000 is 0.907(0.540),cost is 18.107(0.944)
[0 1 1 1 1 1 0 0 0 1 1 1 0 1 0 0 1 1 0 0 0 1 1 1 0 0 0 1 0 0 1 1 1 0 1 1 0
 1 0 0 0 0 0 0 1 0 0 0 0 0 0 1 1 1 1 1 0 0 0 0 1 1 0 1 0 0 0 1 1 0 1 0 0 0
 0 0 0 1 0 1 0 1 1 1 1 1 1 1 1 0 0 1 1 0 1 0 1 1 0 1]
 Training accuracy at 3000 out of 20000 is 0.903(0.580),cost is 17.524(0.920)
[1 1 1 1 1 1 0 0 0 1 1 1 0 1 0 0 1 1 0 1 1 1 1 1 0 0 1 1 0 1 0 1 1 0 1 1 0
 0 0 0 0 0 0 1 1 1 0 1 0 0 0 1 1 1 0 1 0 0 0 1 1 1 0 1 0 0 0 0 1 0 1 0 0 0
 0 0 0 1 0 1 0 1 1 0 1 0 1 1 1 0 0 1 1 1 1 0 1 1 0 0]
 Training accuracy at 3100 out of 20000 is 0.915(0.570),cost is 17.140(0.901)
[0 0 1 0 1 1 0 0 0 1 1 0 0 1 0 0 1 1 0 0 1 1 1 1 0 0 1 1 0 1 0 1 0 0 1 1 0
 0 0 0 0 0 0 1 1 1 0 1 0 0 0 1 1 1 0 1 0 0 1 1 1 1 1 1 0 0 0 1 1 0 1 0 0 0
 0 0 0 1 0 1 0 1 1 1 1 0 1 1 1 0 0 1 1 1 1 0 1 1 0 0]
 Training accuracy at 3200 out of 20000 is 0.918(0.610),cost is 16.662(0.875)
[1 1 0 1 1 1 0 0 0 1 1 1 0 1 0 0 1 1 0 0 0 1 1 1 0 0 1 1 0 0 1 1 1 0 1 1 0
 0 0 0 0 0 0 1 1 1 0 1 0 0 0 1 1 1 0 1 0 0 0 0 1 1 1 1 0 0 0 1 1 0 1 0 0 0
 0 0 0 1 0 1 0 1 1 0 1 0 1 1 1 0 1 1 1 0 1 0 1 1 0 0]
 Training accuracy at 3300 out of 20000 is 0.921(0.530),cost is 15.748(0.900)
[1 1 0 1 1 1 0 0 0 1 1 1 0 1 0 0 1 1 0 0 1 1 1 1 0 0 0 1 0 0 0 1 1 0 1 0 0
 0 0 0 0 0 0 1 1 1 0 1 0 0 0 1 1 1 1 1 0 0 1 1 1 1 1 1 0 0 0 1 1 0 1 0 0 0
 0 0 0 1 0 1 0 1 0 0 1 1 1 1 1 0 1 1 1 0 1 0 1 1 0 0]
 Training accuracy at 3400 out of 20000 is 0.927(0.580),cost is 15.773(0.913)
[1 1 0 1 1 1 0 0 0 1 1 1 0 1 0 0 1 1 0 0 1 1 1 1 0 0 0 0 0 1 1 1 1 0 1 0 0
 0 0 0 0 0 0 1 1 1 0 0 0 0 0 1 1 1 1 1 0 0 0 0 1 1 0 1 0 0 0 1 1 0 1 0 0 0
 0 0 0 1 0 1 0 1 1 0 1 1 1 1 1 0 0 1 0 0 1 0 1 1 0 0]
 Training accuracy at 3500 out of 20000 is 0.928(0.540),cost is 15.038(0.902)
[0 0 0 1 1 1 0 0 0 1 1 1 0 1 0 0 1 1 0 0 0 1 1 1 0 0 0 0 0 0 0 1 1 0 1 1 0
 0 0 0 0 0 0 1 1 1 0 1 0 0 0 1 1 1 1 1 0 0 0 0 1 1 0 1 0 0 0 1 1 0 1 0 0 0
 0 0 0 1 0 1 1 1 1 0 1 0 1 1 1 0 1 1 1 0 1 0 1 1 0 0]
 Training accuracy at 3600 out of 20000 is 0.930(0.550),cost is 15.130(0.959)
[0 1 0 1 1 1 0 0 0 1 1 1 0 1 0 0 1 1 0 0 0 1 1 1 1 0 0 0 0 1 0 1 1 1 1 1 0
 0 0 0 0 0 0 0 1 1 0 1 0 0 0 1 1 1 1 1 0 0 0 0 1 1 0 1 0 0 0 1 1 0 1 0 0 0
 0 0 0 1 0 1 1 1 0 0 1 0 1 1 1 0 0 1 1 0 1 0 1 1 0 0]
 Training accuracy at 3700 out of 20000 is 0.935(0.560),cost is 14.934(0.943)
[0 0 1 0 1 1 0 0 1 1 1 0 0 1 0 0 1 1 0 0 1 1 1 0 0 0 0 1 0 1 0 1 0 0 1 1 0
 0 0 0 0 0 0 1 1 0 0 0 0 0 0 1 1 1 1 1 0 0 0 0 1 1 0 1 0 0 0 0 1 0 1 1 0 0
 0 0 0 1 0 1 0 0 1 1 1 0 1 1 1 0 0 1 1 1 1 0 1 1 0 0]
 Training accuracy at 3800 out of 20000 is 0.930(0.550),cost is 14.354(0.973)
[1 1 0 1 1 1 0 0 0 1 1 0 0 1 0 0 1 0 0 0 0 1 1 1 0 0 1 0 0 1 0 0 0 1 1 0 0
 0 0 0 0 0 0 1 1 1 0 1 0 0 0 1 1 1 1 1 0 0 1 0 1 1 1 1 0 0 0 1 1 0 1 1 0 0
 0 0 0 1 1 1 1 1 1 1 1 1 1 1 1 0 0 1 0 0 1 0 1 1 0 0]
 Training accuracy at 3900 out of 20000 is 0.930(0.530),cost is 14.464(0.942)
[1 0 0 1 1 1 0 0 0 1 1 0 0 1 0 0 1 1 0 0 0 1 1 1 0 0 1 0 0 0 0 1 1 0 1 1 0
 0 0 0 0 0 0 0 1 1 0 0 0 0 0 1 1 1 1 1 0 0 0 1 1 1 0 1 0 0 0 1 1 0 1 1 0 0
 0 0 0 1 0 1 0 1 0 0 1 1 0 1 1 0 0 1 1 0 1 0 1 1 0 0]
 Training accuracy at 4000 out of 20000 is 0.934(0.570),cost is 13.352(0.941)
[0 1 0 1 1 1 0 0 0 1 1 0 0 1 0 0 1 1 0 0 0 1 1 1 0 1 0 1 0 0 0 1 0 0 1 1 0
 0 0 0 0 0 0 1 1 1 0 1 0 0 0 1 1 1 1 1 0 0 0 1 1 1 1 1 0 0 0 0 1 0 1 1 0 0
 0 0 0 1 0 1 0 1 1 0 1 0 0 1 1 0 0 1 1 0 1 0 1 1 0 0]
 Training accuracy at 4100 out of 20000 is 0.941(0.550),cost is 13.262(0.992)
[1 0 0 1 1 1 0 0 0 1 0 0 0 1 0 0 1 1 0 0 0 1 1 0 1 0 0 0 0 1 0 1 1 0 1 1 0
 1 0 0 0 0 0 1 1 1 0 1 0 0 0 1 1 1 1 1 0 0 0 0 1 1 1 1 0 0 0 1 1 0 1 1 0 0
 1 0 0 1 0 1 0 1 1 0 1 1 1 1 1 0 0 1 1 0 1 0 1 1 0 0]
 Training accuracy at 4200 out of 20000 is 0.941(0.540),cost is 13.279(0.990)
[1 0 0 1 1 1 0 0 0 1 1 0 0 1 0 0 1 1 0 0 1 1 1 0 0 1 1 1 0 1 1 1 0 0 1 1 0
 0 0 0 0 0 0 1 1 0 0 0 0 0 0 1 1 1 0 1 0 0 0 0 1 0 0 1 0 0 0 0 1 0 1 1 0 0
 0 0 0 1 1 1 0 1 1 0 1 0 1 1 1 0 0 1 1 0 1 0 1 1 0 0]
 Training accuracy at 4300 out of 20000 is 0.941(0.500),cost is 13.010(1.039)
[1 0 0 1 1 1 0 0 1 1 1 0 0 1 0 0 1 1 0 0 1 1 1 1 0 0 1 1 0 1 1 1 1 0 1 1 0
 0 0 0 0 0 0 1 1 0 0 1 0 0 0 1 0 1 1 1 0 0 1 0 1 0 0 1 0 0 0 1 1 0 1 0 0 0
 0 0 0 1 0 1 0 1 1 1 1 0 1 1 1 0 0 1 1 0 1 0 1 1 0 0]
 Training accuracy at 4400 out of 20000 is 0.939(0.580),cost is 12.604(1.024)
[0 1 0 1 1 1 0 0 1 1 1 1 0 1 0 0 1 1 0 0 0 1 1 1 1 0 0 0 0 1 0 1 1 0 0 1 0
 0 0 0 0 0 0 1 1 1 0 1 0 0 0 1 0 1 1 1 0 0 1 0 1 0 0 1 0 0 0 1 1 0 1 1 0 0
 0 0 0 1 1 1 0 1 1 1 1 1 0 1 1 0 0 1 1 1 1 0 1 1 0 0]
 Training accuracy at 4500 out of 20000 is 0.945(0.590),cost is 12.372(1.003)
[0 0 0 1 1 1 0 0 1 1 0 1 0 1 0 0 1 1 0 0 1 1 1 0 1 1 1 1 0 0 0 1 0 0 1 1 0
 1 0 0 0 0 0 1 1 0 0 1 0 0 0 1 1 1 1 1 0 0 0 0 1 1 1 1 0 0 0 1 1 0 1 1 0 0
 0 0 0 1 1 1 1 1 1 1 1 1 1 1 1 0 0 1 1 1 1 0 1 1 0 0]
 Training accuracy at 4600 out of 20000 is 0.945(0.530),cost is 12.515(1.129)
[1 0 0 1 1 1 0 0 0 1 0 0 1 1 0 0 1 1 0 0 1 1 1 0 1 0 1 1 0 1 1 1 0 0 1 1 0
 0 0 0 0 0 0 1 1 1 0 1 0 0 0 1 0 1 0 1 0 0 1 0 1 0 0 1 0 0 0 1 1 1 1 1 0 0
 0 0 0 1 0 1 1 1 1 0 1 0 1 1 1 0 1 1 1 0 1 0 1 1 0 0]
 Training accuracy at 4700 out of 20000 is 0.951(0.550),cost is 11.527(1.048)
[1 0 0 1 1 1 0 0 1 1 1 1 1 1 0 0 1 1 0 0 1 1 1 0 0 0 1 1 0 1 0 1 0 1 1 1 0
 0 0 0 0 0 0 1 1 1 0 1 0 0 0 1 1 1 1 1 0 0 0 0 1 0 1 1 0 0 0 1 1 0 1 1 0 0
 0 0 0 1 0 1 0 0 0 1 1 1 1 1 1 0 0 1 1 1 1 0 1 1 0 0]
 Training accuracy at 4800 out of 20000 is 0.947(0.550),cost is 11.507(1.069)
[1 0 0 1 1 1 0 0 0 1 0 0 1 1 0 0 1 0 0 0 0 1 1 0 0 0 1 0 0 1 0 1 0 1 1 0 0
 0 0 0 0 0 0 1 1 0 0 1 0 0 0 1 1 1 1 1 0 0 1 0 1 1 1 1 0 0 0 0 1 1 1 1 0 0
 0 0 0 1 1 1 0 0 0 1 1 1 1 1 1 0 0 1 1 0 1 0 1 1 0 0]
 Training accuracy at 4900 out of 20000 is 0.946(0.510),cost is 11.371(1.092)
[1 0 0 1 1 1 0 0 0 1 1 0 0 1 0 0 1 1 0 0 0 1 1 1 0 1 1 1 0 1 0 1 1 0 1 1 0
 1 0 0 0 0 0 1 1 0 0 1 0 0 0 1 0 1 1 1 0 0 0 0 1 0 0 1 0 0 0 1 1 0 1 0 0 0
 0 0 0 1 0 1 0 0 1 0 1 1 1 1 1 0 0 1 1 0 1 0 1 1 0 0]
 Training accuracy at 5000 out of 20000 is 0.948(0.530),cost is 11.307(1.086)
[1 0 0 1 1 0 0 0 0 1 1 0 1 1 0 0 1 1 0 0 1 1 1 1 0 1 1 1 0 1 0 1 0 0 1 1 0
 0 0 0 0 0 0 1 1 1 0 1 0 0 0 1 1 1 0 1 0 0 1 0 1 0 1 1 0 0 0 1 1 0 1 1 0 0
 0 0 0 1 0 1 1 1 1 1 1 1 1 1 1 0 1 1 1 0 1 0 1 1 0 0]
 Training accuracy at 5100 out of 20000 is 0.951(0.540),cost is 11.166(1.133)
[1 1 1 1 1 1 0 0 1 1 1 0 1 1 0 0 1 1 0 0 1 1 1 1 0 0 1 1 0 0 0 1 0 0 1 1 0
 0 1 0 0 0 0 1 1 1 0 1 0 0 0 1 1 1 1 1 0 0 0 0 1 0 0 1 0 0 0 1 1 0 1 1 0 0
 0 0 0 1 1 1 1 1 1 1 1 1 1 1 1 0 1 1 1 1 1 0 1 1 0 0]
 Training accuracy at 5200 out of 20000 is 0.949(0.580),cost is 10.539(1.086)
[1 1 1 1 1 1 0 0 1 1 1 0 1 1 0 0 1 1 0 0 0 1 1 1 0 0 1 0 0 0 0 1 1 0 1 1 0
 1 0 0 0 0 0 1 1 1 0 1 0 0 0 1 1 1 0 1 0 0 1 0 1 0 1 1 0 0 0 1 1 0 1 1 0 0
 0 0 0 1 1 1 1 1 1 1 1 1 1 1 1 0 0 1 1 0 1 0 1 1 0 1]
 Training accuracy at 5300 out of 20000 is 0.950(0.590),cost is 10.596(1.106)
[0 1 0 1 1 1 0 0 0 1 1 1 0 1 0 0 1 1 0 0 0 1 1 1 1 0 1 1 0 0 0 1 0 0 1 0 0
 1 0 0 0 0 0 1 1 1 0 1 0 0 0 1 1 1 0 1 0 0 1 0 1 0 1 1 0 0 0 0 1 0 1 1 0 0
 0 0 0 1 1 1 0 1 0 0 1 1 1 1 1 0 0 1 1 0 1 0 1 1 0 0]
 Training accuracy at 5400 out of 20000 is 0.954(0.550),cost is 9.945(1.160)
[1 0 0 0 1 1 0 0 0 1 1 0 0 1 0 0 1 1 0 0 1 1 1 1 0 0 0 0 0 0 0 1 0 0 1 1 0
 0 0 0 0 0 0 1 1 1 0 1 0 0 0 1 1 1 0 1 0 0 1 0 1 0 0 1 0 0 0 0 1 0 1 0 0 0
 1 0 0 1 1 1 1 1 0 0 1 1 1 1 1 0 1 1 1 0 1 0 1 1 0 0]
 Training accuracy at 5500 out of 20000 is 0.953(0.600),cost is 10.312(1.089)
[1 0 0 0 1 1 0 0 0 1 1 0 0 1 0 0 1 1 0 0 1 1 1 1 0 0 1 0 0 1 0 1 0 1 1 0 0
 0 0 0 0 0 0 1 1 0 0 1 0 0 0 1 1 1 1 1 0 0 0 0 1 0 0 1 0 0 0 0 1 0 1 0 0 0
 0 0 0 1 1 1 1 1 1 0 1 1 1 1 1 0 0 1 1 0 1 0 1 0 0 0]
 Training accuracy at 5600 out of 20000 is 0.952(0.510),cost is 10.294(1.181)
[1 0 0 1 1 0 0 0 0 1 1 0 1 1 0 0 1 1 0 0 1 1 1 1 0 0 1 0 0 1 1 1 0 1 1 0 0
 1 0 0 1 0 0 1 1 0 0 1 0 0 0 1 1 1 1 1 0 0 0 0 1 0 1 1 0 0 0 1 1 1 1 1 0 0
 0 0 0 1 1 1 1 0 0 1 1 0 1 1 1 0 1 1 1 1 1 0 1 0 0 0]
 Training accuracy at 5700 out of 20000 is 0.955(0.470),cost is 10.410(1.147)
[1 0 0 1 1 1 0 0 0 1 1 0 1 1 0 0 1 1 0 0 0 1 1 1 0 0 1 1 0 0 0 1 0 1 1 1 0
 0 0 0 0 0 0 1 1 0 0 1 0 0 0 1 1 1 1 1 0 0 0 0 1 1 1 1 0 0 0 0 1 1 1 0 0 0
 1 0 0 1 1 1 0 1 1 1 1 1 1 1 1 0 0 1 1 0 1 0 1 1 0 0]
 Training accuracy at 5800 out of 20000 is 0.953(0.540),cost is 9.986(1.158)
[1 0 0 1 1 1 0 0 0 1 1 0 1 1 0 0 1 1 1 0 1 1 1 1 0 0 1 1 0 1 0 1 1 1 1 1 0
 0 0 0 0 0 0 1 1 0 0 1 0 0 0 1 1 1 1 1 0 0 0 0 1 1 0 1 0 0 0 0 1 1 1 0 0 0
 0 0 0 1 1 1 1 1 1 0 1 1 1 1 1 0 0 1 1 0 1 0 1 1 0 0]
 Training accuracy at 5900 out of 20000 is 0.959(0.500),cost is 9.039(1.190)
[0 1 0 1 1 1 0 0 1 1 1 1 1 1 0 0 1 1 1 0 1 1 1 1 0 0 1 1 0 1 0 1 0 1 1 1 0
 0 0 0 0 0 0 1 1 1 0 1 0 0 0 1 1 1 1 1 0 0 0 1 1 0 0 1 0 0 0 0 1 1 1 0 0 0
 0 0 0 1 1 1 1 0 1 0 1 1 1 1 1 0 1 1 1 1 1 0 1 0 0 0]
 Training accuracy at 6000 out of 20000 is 0.955(0.540),cost is 9.627(1.185)
[0 1 0 1 1 1 0 0 0 1 1 0 1 1 0 0 1 1 0 0 0 1 1 0 0 0 1 1 0 1 0 1 1 1 1 1 0
 0 0 0 0 0 0 1 1 1 0 1 0 0 0 1 1 1 1 1 0 0 0 0 1 0 1 1 0 0 0 0 1 0 1 1 0 0
 1 0 0 1 1 1 1 0 1 1 1 1 1 1 1 0 0 1 1 0 1 0 1 1 0 0]
 Training accuracy at 6100 out of 20000 is 0.959(0.510),cost is 9.406(1.164)
[1 0 0 1 1 1 0 0 0 1 1 1 1 1 0 0 1 1 1 0 1 1 1 0 0 0 1 1 0 1 0 1 1 0 1 0 0
 0 0 0 0 0 0 1 1 0 0 1 0 0 0 1 1 1 1 1 0 0 0 0 1 0 1 1 0 0 0 0 1 0 1 1 0 1
 0 0 0 1 1 1 1 1 1 0 1 1 1 1 1 0 0 1 1 1 1 0 1 1 0 0]
 Training accuracy at 6200 out of 20000 is 0.956(0.480),cost is 9.232(1.264)
[1 0 0 1 1 1 0 0 1 1 1 0 1 1 0 0 1 1 1 1 1 1 1 1 1 0 1 0 0 0 0 1 1 1 1 1 0
 0 0 0 0 0 0 1 1 0 0 1 0 0 0 1 1 1 1 1 0 0 0 0 1 0 1 0 0 0 0 1 1 1 1 0 0 0
 1 0 0 1 1 1 1 1 0 0 1 0 1 1 1 0 0 1 1 1 1 0 1 0 0 0]
 Training accuracy at 6300 out of 20000 is 0.953(0.540),cost is 9.719(1.112)
[0 0 0 1 1 1 0 0 0 1 1 1 1 1 0 0 1 1 0 0 1 1 1 1 0 0 1 0 0 0 0 1 1 1 1 1 0
 0 0 0 0 0 0 1 1 1 0 1 0 0 0 1 1 1 1 1 0 0 0 0 1 0 1 1 0 0 0 0 1 1 1 0 0 0
 1 0 0 1 1 1 0 1 1 1 1 1 1 1 1 0 0 1 1 0 1 0 1 0 0 0]
 Training accuracy at 6400 out of 20000 is 0.957(0.560),cost is 8.768(1.160)
[1 0 0 1 1 1 0 0 0 1 1 1 0 1 0 0 1 1 1 0 0 1 1 1 0 0 1 0 1 1 0 1 0 1 1 1 0
 0 0 0 0 0 0 1 1 0 0 1 0 0 0 1 0 1 1 1 0 0 0 1 1 0 0 1 0 0 0 0 1 0 1 0 0 0
 1 0 0 1 1 1 1 1 1 1 1 1 1 1 1 0 0 1 1 1 1 0 1 0 0 0]
 Training accuracy at 6500 out of 20000 is 0.956(0.560),cost is 9.447(1.169)
[1 1 0 1 1 1 0 0 0 1 1 0 1 1 0 0 1 1 1 0 0 1 0 1 0 1 1 0 0 1 1 1 0 1 1 1 0
 0 1 0 0 0 0 1 1 0 0 1 0 0 0 1 0 1 1 1 0 0 1 0 1 0 1 1 0 0 0 0 1 0 1 1 0 0
 1 0 0 1 1 1 1 1 1 1 1 1 1 1 1 0 0 1 1 0 1 0 1 0 0 0]
 Training accuracy at 6600 out of 20000 is 0.963(0.490),cost is 9.081(1.252)
[0 0 0 1 0 1 0 0 1 1 1 0 1 1 0 0 1 1 0 1 1 1 1 1 0 1 1 0 0 1 0 1 1 1 1 1 0
 0 1 0 0 0 0 1 1 1 0 1 0 0 0 1 1 1 1 1 0 0 0 0 1 0 1 1 0 0 0 0 1 0 1 1 0 0
 1 0 0 1 1 1 0 1 1 0 1 1 1 1 1 1 0 1 1 0 1 0 1 0 0 0]
 Training accuracy at 6700 out of 20000 is 0.957(0.530),cost is 8.947(1.236)
[1 0 0 1 1 1 0 0 0 1 1 0 1 1 0 0 1 1 0 0 1 1 1 0 0 0 1 0 0 0 0 1 1 0 1 1 0
 0 1 0 0 0 0 1 1 1 0 1 0 0 0 1 0 1 1 1 0 0 0 0 1 0 1 1 0 0 0 1 1 0 1 1 0 0
 1 0 0 1 1 1 0 1 1 0 1 1 0 1 1 0 0 1 1 1 1 0 1 0 0 1]
 Training accuracy at 6800 out of 20000 is 0.964(0.550),cost is 8.764(1.269)
[1 0 1 1 1 1 0 0 1 1 1 0 1 1 0 0 1 1 0 0 0 1 1 0 0 0 1 1 1 0 0 1 1 1 1 1 0
 0 0 0 0 0 0 1 1 0 0 1 0 0 0 1 0 1 1 1 0 0 0 0 1 0 0 1 0 0 0 1 1 0 1 1 0 0
 1 0 0 1 1 1 1 1 1 0 1 1 0 1 1 0 0 1 1 1 1 0 1 0 0 0]
 Training accuracy at 6900 out of 20000 is 0.960(0.540),cost is 9.054(1.185)
[0 1 0 1 1 1 0 0 1 1 1 1 1 1 0 0 1 1 1 0 0 1 1 1 0 0 1 0 0 0 0 1 1 0 1 0 0
 0 0 0 0 0 0 1 1 1 0 1 0 0 0 1 1 1 1 1 0 0 0 0 1 0 1 1 0 0 0 1 1 1 1 0 0 0
 0 0 0 1 1 1 0 0 1 0 1 0 1 1 1 0 0 1 1 1 1 0 1 0 0 0]
 Training accuracy at 7000 out of 20000 is 0.963(0.540),cost is 8.485(1.227)
[0 0 1 1 1 1 0 0 1 1 1 1 1 1 0 0 1 1 0 0 1 1 1 0 0 0 1 0 0 0 0 1 1 1 1 1 0
 0 0 0 0 0 0 1 1 1 0 1 0 0 0 1 0 1 0 1 0 0 0 0 1 0 1 1 0 0 0 1 1 1 1 1 0 0
 1 0 0 1 1 1 1 0 1 1 1 1 1 1 1 0 0 1 1 1 1 0 1 1 0 1]
 Training accuracy at 7100 out of 20000 is 0.957(0.600),cost is 9.100(1.208)
[0 1 0 1 1 1 0 0 1 1 1 1 1 1 0 0 1 1 0 0 0 1 1 1 0 0 1 1 0 0 0 1 1 1 1 0 0
 0 0 0 0 0 0 1 1 1 0 1 0 0 0 1 0 1 1 1 0 0 0 0 1 0 1 1 0 0 0 0 1 1 1 1 0 0
 1 0 0 1 1 1 1 1 1 1 1 0 1 1 1 0 0 1 1 1 1 0 1 0 0 0]
 Training accuracy at 7200 out of 20000 is 0.963(0.540),cost is 8.327(1.289)
[0 1 0 1 1 1 0 0 1 1 1 1 1 1 0 0 1 1 0 0 0 1 1 0 1 0 1 0 0 0 0 1 1 1 1 1 0
 0 0 0 0 0 0 1 1 1 0 1 0 0 0 1 1 1 1 1 0 0 1 0 1 0 1 1 0 0 0 1 1 1 1 0 0 0
 0 0 0 1 1 1 0 1 1 1 1 1 1 1 1 0 0 1 1 1 1 0 1 0 0 0]
 Training accuracy at 7300 out of 20000 is 0.961(0.570),cost is 8.315(1.221)
[0 0 0 1 1 1 0 0 1 1 1 1 1 1 0 0 1 1 0 0 0 1 1 1 1 0 1 0 0 0 0 1 0 1 1 1 0
 1 0 0 0 0 0 1 1 1 0 1 0 0 0 1 0 1 1 1 0 0 0 0 1 1 0 1 0 0 0 1 1 1 1 1 0 0
 1 0 0 1 1 1 0 1 1 1 1 0 1 1 1 0 0 1 0 1 1 0 1 1 0 0]
 Training accuracy at 7400 out of 20000 is 0.964(0.560),cost is 8.218(1.240)
[0 0 0 1 1 1 0 0 0 1 1 1 1 1 0 0 1 1 0 1 0 1 1 1 1 0 0 0 0 0 0 1 1 1 1 1 0
 0 1 0 0 0 0 1 1 1 0 1 0 0 0 1 0 1 1 1 0 0 0 1 1 1 0 1 0 0 0 1 1 0 1 0 0 0
 0 0 0 1 1 1 1 1 1 0 1 1 1 1 1 0 1 1 1 1 1 0 1 1 0 0]
 Training accuracy at 7500 out of 20000 is 0.961(0.530),cost is 8.361(1.328)
[0 0 1 1 1 1 0 0 1 1 0 0 1 1 0 0 1 1 0 0 0 1 1 1 1 0 1 0 0 0 0 1 1 1 1 1 0
 0 0 0 0 0 0 1 1 0 0 1 0 0 0 1 0 1 1 1 0 0 1 0 1 0 1 1 0 0 0 1 1 0 1 0 0 0
 1 0 0 1 1 1 1 1 1 1 1 1 1 1 1 0 1 1 1 1 1 0 1 1 0 0]
 Training accuracy at 7600 out of 20000 is 0.962(0.590),cost is 8.481(1.197)
[0 0 0 0 1 1 0 0 1 1 0 0 1 1 0 0 1 1 0 0 0 1 1 1 0 0 0 0 0 0 0 1 0 1 1 1 0
 0 0 0 0 0 0 1 1 0 0 1 0 0 0 1 0 1 1 1 0 0 0 0 1 1 1 1 0 0 0 1 1 1 1 0 0 0
 0 0 0 1 1 1 1 0 1 1 1 0 1 1 1 0 0 1 1 0 1 0 1 1 0 0]
 Training accuracy at 7700 out of 20000 is 0.963(0.560),cost is 8.403(1.262)
[0 0 0 1 1 1 0 0 1 1 0 1 1 1 0 0 1 1 0 0 0 1 1 0 0 0 1 0 0 0 0 1 1 0 1 1 0
 0 0 0 0 0 0 1 1 1 0 1 0 0 0 1 1 1 1 1 0 0 1 1 1 0 0 1 0 0 0 1 1 0 1 0 0 0
 0 0 0 1 0 1 1 1 1 1 1 1 1 1 1 0 0 1 1 1 1 0 1 1 0 0]
 Training accuracy at 7800 out of 20000 is 0.965(0.610),cost is 8.638(1.232)
[0 0 0 1 1 1 0 0 1 1 0 0 1 1 0 0 1 1 0 0 1 1 1 1 0 0 1 0 0 0 0 1 0 1 1 1 0
 0 0 0 0 0 0 1 1 0 0 0 0 0 0 1 0 1 1 1 0 0 1 0 1 0 0 1 0 0 0 1 1 1 1 0 0 0
 1 0 0 1 1 1 1 1 1 1 1 1 1 1 1 0 1 1 1 1 1 0 1 1 0 0]
 Training accuracy at 7900 out of 20000 is 0.963(0.620),cost is 8.346(1.219)
[0 1 0 1 1 0 0 0 0 1 0 1 1 1 0 0 1 1 0 0 1 1 1 1 1 0 1 0 0 0 0 1 1 1 1 1 0
 0 0 0 0 0 0 1 1 1 0 1 0 0 0 1 0 1 1 1 0 0 0 0 1 0 1 1 0 0 0 1 1 1 1 0 0 0
 0 0 0 1 0 1 1 1 1 1 1 1 1 1 1 0 0 1 1 0 1 0 1 0 0 0]
 Training accuracy at 8000 out of 20000 is 0.963(0.570),cost is 8.090(1.245)
[0 0 0 0 1 1 0 0 0 0 0 1 1 1 0 0 1 1 0 0 1 1 1 0 0 0 1 0 0 0 0 1 0 1 1 1 0
 0 0 0 0 0 0 1 1 0 0 0 0 0 0 1 0 1 1 1 0 0 1 1 1 1 1 1 0 0 0 1 1 1 1 0 0 0
 0 0 0 1 1 1 0 1 1 1 1 0 1 1 1 0 0 1 1 1 1 0 1 0 0 0]
 Training accuracy at 8100 out of 20000 is 0.962(0.550),cost is 8.488(1.279)
[1 0 1 1 1 1 0 0 1 1 1 1 1 1 0 0 1 1 0 0 0 1 1 1 0 0 1 0 0 0 0 1 1 1 1 1 0
 1 1 0 0 0 0 1 1 1 0 1 0 0 0 1 0 1 1 1 0 0 1 0 1 0 1 1 0 0 0 1 1 0 1 0 1 0
 0 0 0 1 1 1 1 1 1 1 1 0 1 1 1 0 0 1 1 1 1 0 1 1 0 0]
 Training accuracy at 8200 out of 20000 is 0.965(0.540),cost is 7.572(1.314)
[0 0 0 0 1 1 0 0 1 1 1 1 1 1 0 0 1 1 1 0 0 1 1 0 1 0 1 0 0 1 0 1 1 1 1 1 0
 1 0 0 0 0 0 1 1 0 0 1 0 0 0 1 0 1 1 1 0 0 1 0 1 0 0 1 0 0 0 0 1 0 1 1 0 0
 0 0 0 1 1 1 1 1 1 1 1 0 1 1 1 0 1 1 1 0 1 0 1 1 0 0]
 Training accuracy at 8300 out of 20000 is 0.963(0.470),cost is 8.277(1.267)
[1 0 0 1 1 1 0 0 0 1 1 1 1 1 0 0 1 0 0 0 0 1 1 1 0 0 1 0 0 1 0 1 1 1 1 1 0
 0 0 0 0 0 0 1 1 1 0 1 0 0 0 1 0 1 1 1 0 0 1 0 1 0 0 1 0 0 0 1 1 1 1 1 0 0
 1 0 0 1 1 1 1 1 1 1 1 0 1 1 1 0 1 1 1 1 1 0 1 0 0 0]
 Training accuracy at 8400 out of 20000 is 0.962(0.530),cost is 7.985(1.299)
[1 0 0 0 1 1 0 0 0 1 0 1 1 1 0 0 1 1 1 0 0 1 1 0 0 0 1 0 0 1 0 1 1 0 1 1 0
 1 1 0 0 0 0 1 1 1 0 1 0 0 0 1 0 1 1 1 0 0 1 0 1 0 0 1 0 0 0 0 1 1 1 1 0 0
 1 0 0 1 1 1 1 1 1 0 1 1 1 1 1 0 1 1 1 0 1 0 1 1 0 0]
 Training accuracy at 8500 out of 20000 is 0.965(0.500),cost is 7.468(1.372)
[0 0 0 1 1 1 0 0 1 1 1 1 1 1 0 0 1 0 0 0 1 1 1 1 0 1 1 0 0 1 0 1 1 1 1 1 0
 0 0 0 0 0 0 1 1 0 0 1 0 0 0 1 1 1 1 1 0 0 1 0 1 0 0 1 0 0 0 0 1 1 1 0 0 0
 0 0 0 1 1 1 1 1 1 1 1 1 1 1 1 0 1 1 1 0 1 0 1 0 0 0]
 Training accuracy at 8600 out of 20000 is 0.959(0.520),cost is 8.273(1.271)
[1 1 0 1 1 1 0 0 1 1 1 1 1 1 0 0 1 1 0 0 0 1 1 1 0 0 1 0 0 0 0 1 1 1 1 1 0
 0 0 0 1 0 0 1 1 0 0 1 0 0 0 1 1 1 1 1 0 0 1 0 1 0 0 1 0 0 0 0 1 1 1 0 0 0
 0 0 0 1 1 1 1 1 1 1 1 0 1 1 1 0 0 1 1 1 1 0 1 1 0 0]
 Training accuracy at 8700 out of 20000 is 0.968(0.550),cost is 7.102(1.298)
[1 0 0 1 1 1 0 0 0 1 1 0 1 1 0 0 1 1 0 0 0 1 1 0 0 0 1 0 0 0 0 1 1 1 1 1 0
 0 0 0 0 0 0 1 1 0 0 1 0 0 0 1 0 1 1 1 0 0 1 1 1 0 0 1 0 0 0 0 1 0 1 0 1 0
 0 0 0 1 0 1 1 1 1 1 1 0 1 1 1 0 1 1 1 1 1 0 1 0 0 0]
 Training accuracy at 8800 out of 20000 is 0.963(0.530),cost is 8.173(1.303)
[0 0 0 1 1 1 0 0 1 1 1 1 1 1 0 0 1 1 0 0 1 1 1 0 0 0 1 0 0 0 0 1 1 1 1 1 0
 0 0 0 0 0 0 1 1 0 0 1 0 0 0 1 0 1 1 1 0 0 1 1 1 0 0 1 0 0 0 0 1 0 1 0 0 0
 0 0 0 1 1 1 1 1 1 0 1 0 1 1 1 0 0 1 1 1 1 0 1 1 0 0]
 Training accuracy at 8900 out of 20000 is 0.968(0.560),cost is 7.283(1.328)
[1 0 0 1 1 1 0 0 1 1 1 1 1 1 0 0 1 0 0 0 1 1 1 0 0 0 1 0 0 1 0 1 1 1 1 1 0
 0 0 0 0 0 0 0 1 1 0 1 0 0 0 1 1 1 1 1 0 0 0 0 1 0 1 1 0 0 0 0 1 0 1 1 0 0
 0 0 0 1 1 1 0 1 1 1 1 0 1 1 1 0 0 1 1 1 1 0 1 0 0 0]
 Training accuracy at 9000 out of 20000 is 0.968(0.510),cost is 7.424(1.351)
[1 1 0 1 1 1 0 0 1 1 1 1 1 1 0 0 1 1 0 0 1 1 0 0 0 0 0 0 0 1 0 1 1 1 1 1 0
 1 1 0 0 0 0 1 1 1 0 1 0 0 0 1 0 1 0 1 0 0 1 0 1 0 0 1 0 0 0 0 1 0 1 0 0 0
 0 0 0 1 1 1 0 1 1 0 1 0 1 1 1 0 0 1 1 0 1 0 1 1 0 0]
 Training accuracy at 9100 out of 20000 is 0.967(0.540),cost is 7.265(1.430)
[1 1 0 1 1 0 0 0 1 1 1 1 1 1 0 0 1 1 0 0 1 1 1 1 0 0 1 0 0 0 0 1 1 1 1 1 0
 1 0 0 0 0 0 1 1 0 0 1 0 0 0 1 0 1 1 1 0 0 1 0 1 0 1 1 0 0 0 0 1 0 1 1 0 0
 0 0 0 1 1 1 1 1 1 1 1 0 1 1 1 0 0 1 1 1 1 0 1 0 0 0]
 Training accuracy at 9200 out of 20000 is 0.970(0.520),cost is 7.358(1.346)
[0 0 0 1 1 0 0 0 0 1 1 1 1 1 0 0 1 1 0 0 1 1 1 1 0 0 1 0 0 1 0 1 1 1 1 1 0
 0 0 0 0 0 0 1 1 1 0 1 0 0 0 1 0 1 1 1 0 0 0 0 1 0 0 1 0 0 0 1 1 1 1 0 0 0
 0 0 0 1 1 1 1 1 1 0 1 0 1 1 1 0 1 1 1 1 1 0 1 0 0 0]
 Training accuracy at 9300 out of 20000 is 0.969(0.530),cost is 6.769(1.390)
[1 1 0 1 1 1 0 0 0 1 1 1 1 1 0 0 1 1 0 0 0 1 1 1 1 0 1 0 0 0 0 1 1 1 1 1 0
 1 0 0 0 0 0 1 1 1 0 1 0 0 0 1 1 1 1 1 0 0 1 0 1 1 1 1 0 0 0 1 1 0 1 0 0 0
 1 0 0 1 0 1 1 1 1 1 1 1 1 1 1 0 1 1 1 1 1 0 1 0 0 0]
 Training accuracy at 9400 out of 20000 is 0.970(0.530),cost is 7.072(1.526)
[0 0 0 1 1 0 0 0 1 1 1 0 1 1 0 0 1 1 0 0 1 1 1 1 1 0 1 0 0 0 0 1 1 0 1 1 0
 0 0 0 0 0 0 1 1 1 0 1 0 0 0 1 1 1 1 1 0 0 0 0 1 0 0 1 0 0 0 1 1 0 1 1 0 0
 0 0 0 1 1 1 1 0 1 0 1 0 1 1 1 0 0 1 1 1 1 0 1 0 0 0]
 Training accuracy at 9500 out of 20000 is 0.967(0.530),cost is 6.775(1.386)
[1 0 0 1 1 1 0 0 1 1 1 1 1 1 0 0 1 1 0 0 1 1 1 0 0 1 1 0 0 0 0 1 1 1 1 1 0
 0 0 0 0 0 0 0 1 1 0 1 0 0 0 1 0 1 1 1 0 0 0 0 1 0 0 1 0 0 0 1 1 1 1 1 1 0
 0 0 0 1 1 1 1 0 1 1 1 0 1 1 1 0 0 1 0 1 1 0 1 0 0 0]
 Training accuracy at 9600 out of 20000 is 0.966(0.520),cost is 8.042(1.335)
[1 1 0 1 1 1 0 0 0 1 1 1 1 1 0 0 1 1 0 0 0 1 1 0 0 0 1 0 0 0 0 1 1 0 1 1 0
 0 0 0 0 0 0 1 1 1 0 1 0 0 0 1 0 1 1 1 0 0 0 0 1 0 1 1 0 0 0 1 1 0 1 0 0 0
 1 0 0 1 1 1 1 1 1 1 1 0 1 1 1 0 1 1 1 0 1 0 1 0 0 0]
 Training accuracy at 9700 out of 20000 is 0.968(0.530),cost is 7.189(1.438)
[1 0 0 1 1 1 0 0 1 1 1 1 1 1 0 0 1 1 1 0 1 1 1 0 0 0 1 0 0 1 0 1 1 0 1 1 0
 0 1 0 0 0 0 1 1 1 0 1 0 0 0 1 0 1 1 1 0 0 0 0 1 0 1 1 0 0 0 1 1 1 1 0 0 0
 0 0 0 1 0 1 1 1 1 1 1 1 1 1 1 0 0 1 1 1 1 0 1 0 0 0]
 Training accuracy at 9800 out of 20000 is 0.968(0.550),cost is 6.761(1.484)
[1 1 0 1 1 1 0 0 1 1 1 0 1 1 0 0 1 1 1 0 0 1 1 0 0 0 1 0 0 0 0 1 1 0 1 1 0
 0 0 0 0 0 0 1 1 1 0 1 0 0 0 1 0 1 1 1 0 0 0 0 1 0 1 1 0 0 0 1 1 1 1 0 0 0
 1 0 0 1 1 1 1 1 1 1 1 0 1 1 1 0 0 1 1 1 1 0 1 0 0 0]
 Training accuracy at 9900 out of 20000 is 0.968(0.570),cost is 7.124(1.432)
[1 0 0 1 1 1 0 0 1 1 1 0 1 1 0 0 1 1 1 0 1 1 1 1 0 0 1 0 0 1 0 1 1 1 1 1 0
 0 1 0 0 0 0 1 1 1 0 1 0 0 0 1 0 1 1 1 0 0 1 0 1 0 0 1 0 0 0 0 1 1 1 0 1 0
 0 0 0 1 1 1 1 1 1 0 1 0 1 1 1 0 0 1 0 1 1 0 1 1 0 0]
 Training accuracy at 10000 out of 20000 is 0.969(0.530),cost is 7.003(1.568)
[1 0 0 1 1 1 0 0 1 1 1 0 1 1 0 0 1 1 1 0 0 1 1 0 0 0 1 0 0 0 0 1 1 1 1 0 0
 0 1 0 0 0 0 1 1 1 0 1 0 0 0 1 1 1 1 1 0 0 1 0 1 0 1 1 0 0 0 0 1 1 1 0 0 0
 0 0 0 1 0 1 1 1 1 0 1 1 1 1 1 0 0 1 0 0 1 0 1 1 0 0]
 Training accuracy at 10100 out of 20000 is 0.972(0.510),cost is 6.846(1.640)
[1 0 0 1 1 1 0 0 1 1 1 1 1 1 0 0 1 1 0 0 0 1 1 1 1 0 1 0 0 0 0 1 1 1 1 1 0
 0 0 0 0 0 0 1 1 1 0 1 0 0 0 1 0 1 1 1 0 0 0 0 1 1 0 1 0 0 0 0 1 0 1 0 0 0
 0 0 0 1 0 1 0 1 1 1 1 0 1 1 1 0 0 1 1 0 1 0 1 0 0 0]
 Training accuracy at 10200 out of 20000 is 0.970(0.530),cost is 6.764(1.450)
[1 0 0 1 1 1 0 0 1 1 1 1 1 1 0 0 1 1 1 0 0 1 1 1 0 0 1 0 0 1 0 1 1 1 1 1 0
 0 0 0 0 0 0 1 1 1 0 1 0 0 0 1 0 1 1 1 0 0 1 0 1 0 0 1 0 0 0 0 1 1 1 0 0 0
 0 0 0 1 1 1 0 1 1 1 1 0 1 1 1 0 0 1 1 1 1 0 1 1 0 0]
 Training accuracy at 10300 out of 20000 is 0.972(0.560),cost is 6.493(1.463)
[1 0 0 1 1 1 0 0 1 1 1 1 1 1 0 0 1 1 0 0 0 1 1 0 0 0 1 0 0 0 0 1 0 1 1 1 0
 0 0 0 0 0 0 0 1 1 0 1 0 0 0 1 0 1 1 1 0 0 0 0 1 0 1 1 0 0 0 0 1 1 1 0 0 0
 0 0 0 1 1 1 0 1 1 1 1 0 1 1 1 0 0 1 1 0 1 0 1 0 0 0]
 Training accuracy at 10400 out of 20000 is 0.970(0.550),cost is 6.614(1.412)
[1 0 0 1 1 1 0 0 1 1 1 1 1 1 0 0 1 1 1 0 0 1 1 0 0 0 1 0 0 0 0 1 1 1 1 1 0
 0 0 0 0 0 0 0 1 1 0 1 0 0 0 1 0 1 1 1 0 0 1 0 1 0 1 1 0 0 0 0 1 1 1 0 0 0
 1 0 0 1 1 1 0 1 1 1 1 0 1 1 1 0 0 1 1 1 1 0 1 0 0 0]
 Training accuracy at 10500 out of 20000 is 0.974(0.560),cost is 6.830(1.462)
[0 0 0 1 1 1 0 0 1 1 1 1 1 1 0 0 1 1 1 0 1 1 1 0 0 0 1 0 0 1 0 1 1 0 1 1 0
 0 0 0 0 0 0 1 1 0 0 1 0 0 0 1 0 1 1 1 0 0 1 0 1 0 1 1 0 0 0 0 1 1 1 1 0 0
 1 0 0 1 1 1 1 1 1 1 1 1 1 1 1 0 0 1 1 0 1 0 1 0 0 0]
 Training accuracy at 10600 out of 20000 is 0.969(0.540),cost is 6.663(1.548)
[1 1 0 1 1 1 0 0 1 1 1 1 1 1 0 0 1 1 1 0 0 1 1 1 0 0 1 0 0 1 0 1 1 0 1 1 0
 1 1 0 0 0 0 1 1 1 0 1 0 0 0 1 0 1 1 1 0 0 1 1 1 0 0 1 0 0 0 0 1 1 1 1 0 0
 0 0 0 1 0 1 1 1 1 1 1 0 1 1 1 0 0 1 0 1 1 0 1 0 0 0]
 Training accuracy at 10700 out of 20000 is 0.971(0.540),cost is 6.302(1.503)
[1 1 0 1 1 1 0 0 1 1 1 1 1 1 0 0 1 1 1 0 0 1 1 1 0 0 1 0 0 0 0 1 0 0 1 1 0
 0 0 0 0 0 0 1 1 0 0 1 0 0 0 1 0 1 1 1 0 0 1 0 1 0 0 1 0 0 0 0 1 1 1 1 0 0
 1 0 0 1 1 1 1 1 1 0 1 1 1 1 1 0 0 1 1 1 1 0 1 0 0 0]
 Training accuracy at 10800 out of 20000 is 0.970(0.570),cost is 6.897(1.412)
[0 1 0 1 1 1 0 0 1 1 1 1 1 1 0 0 1 1 1 0 1 1 1 0 0 0 1 0 0 0 0 1 1 1 1 1 0
 1 1 0 1 0 0 1 1 1 0 1 0 0 0 1 1 1 1 1 0 0 1 0 1 0 1 1 0 0 0 1 1 1 1 1 0 0
 0 0 0 1 1 1 0 1 1 1 1 1 1 1 1 0 0 1 1 1 1 0 1 1 0 0]
 Training accuracy at 10900 out of 20000 is 0.967(0.550),cost is 7.242(1.525)
[0 0 1 1 1 1 0 0 1 1 1 1 1 1 0 0 1 1 0 0 1 1 1 1 1 0 0 0 0 1 0 1 1 0 1 1 0
 1 1 0 0 0 0 1 1 1 0 1 0 0 0 1 0 1 1 1 0 0 0 0 1 0 0 1 0 0 0 0 1 1 1 1 0 0
 0 0 0 1 1 1 0 0 1 1 1 0 1 1 1 0 0 1 1 1 1 0 1 0 0 0]
 Training accuracy at 11000 out of 20000 is 0.972(0.550),cost is 6.135(1.465)
[0 0 0 1 1 1 0 0 1 1 1 1 1 1 0 0 1 1 1 1 1 1 1 1 1 0 0 0 0 0 0 1 1 0 1 1 0
 0 0 0 0 0 0 1 1 1 0 1 0 0 0 1 0 1 1 1 0 0 0 0 1 0 1 1 0 0 0 0 1 1 1 1 1 1
 0 0 0 1 1 1 1 1 1 0 1 0 1 1 1 0 0 1 1 0 1 0 1 0 0 1]
 Training accuracy at 11100 out of 20000 is 0.970(0.530),cost is 6.107(1.592)
[0 0 0 1 1 1 0 0 1 1 1 1 1 1 0 0 1 1 0 0 1 1 1 0 1 0 1 0 0 0 0 1 1 1 1 1 0
 0 1 0 0 0 0 1 1 0 0 1 0 0 0 1 1 1 1 1 0 0 1 0 1 0 1 1 0 0 0 0 1 0 1 1 0 0
 0 0 0 1 0 1 1 1 1 1 1 0 1 1 1 0 1 1 1 1 1 0 1 0 0 0]
 Training accuracy at 11200 out of 20000 is 0.972(0.500),cost is 6.622(1.455)
[0 0 0 1 1 1 0 0 0 1 1 1 1 1 0 0 1 1 1 0 1 1 1 0 1 0 1 0 0 0 0 0 1 0 1 1 0
 1 0 0 0 0 0 1 1 1 0 1 0 0 0 1 0 1 1 1 0 0 0 0 1 0 0 1 0 0 0 0 1 1 1 1 0 0
 1 0 0 1 0 1 0 1 1 0 1 0 1 1 1 0 0 1 1 0 1 0 1 0 0 0]
 Training accuracy at 11300 out of 20000 is 0.973(0.540),cost is 6.619(1.423)
[0 0 0 1 1 1 0 0 1 1 1 1 1 1 0 0 1 0 1 1 1 1 1 0 0 0 1 0 0 0 0 1 1 0 1 1 0
 0 1 0 0 0 0 1 1 1 0 1 0 0 0 1 0 1 1 1 0 0 0 0 1 0 0 1 0 0 0 0 1 1 1 1 0 0
 0 0 0 1 1 1 0 0 1 1 1 1 1 1 1 0 0 1 0 1 1 0 1 0 0 0]
 Training accuracy at 11400 out of 20000 is 0.973(0.520),cost is 6.520(1.609)
[1 0 0 1 1 1 0 0 1 1 1 1 1 1 0 0 1 1 1 0 1 1 1 0 0 0 1 0 0 1 0 1 1 0 1 1 0
 1 0 0 0 0 0 1 1 1 0 1 0 0 0 1 0 1 1 1 0 0 0 0 1 0 0 1 0 0 0 0 1 1 1 0 0 0
 0 0 0 1 1 1 1 1 1 0 1 0 1 1 1 0 0 1 1 0 1 0 1 0 0 0]
 Training accuracy at 11500 out of 20000 is 0.974(0.510),cost is 6.495(1.590)
[1 0 0 1 1 1 0 0 1 1 1 1 1 1 0 0 1 1 1 0 1 1 1 0 1 0 1 0 0 1 1 1 1 1 1 1 0
 1 0 0 0 0 0 1 1 1 0 1 0 0 0 1 1 1 1 1 0 0 0 0 1 0 0 1 0 0 0 1 1 1 1 0 0 0
 0 0 0 1 1 1 1 1 1 0 1 0 1 1 1 0 0 1 1 1 1 0 1 0 0 0]
 Training accuracy at 11600 out of 20000 is 0.973(0.490),cost is 6.150(1.734)
[0 0 0 1 1 1 0 0 1 1 1 0 1 1 0 0 1 1 0 0 0 1 0 0 0 0 1 0 0 0 0 1 1 0 1 1 0
 0 0 0 0 0 0 1 1 1 0 1 0 0 0 1 0 1 1 1 0 0 0 1 1 0 0 1 0 0 0 0 1 1 1 0 0 0
 0 0 0 1 1 1 1 1 1 0 1 0 1 1 1 0 0 1 1 1 1 0 1 1 0 0]
 Training accuracy at 11700 out of 20000 is 0.973(0.570),cost is 6.306(1.518)
[0 0 0 1 1 1 0 0 1 1 0 1 1 1 0 0 1 1 1 0 1 1 1 0 1 0 1 0 0 0 0 1 0 1 1 1 0
 0 0 0 0 0 0 1 1 1 0 1 0 0 0 1 0 1 1 1 0 0 1 0 1 0 0 1 0 0 0 0 1 0 1 0 0 0
 0 0 0 1 1 1 1 1 1 1 1 0 1 1 1 0 0 1 0 1 1 0 1 0 0 0]
 Training accuracy at 11800 out of 20000 is 0.970(0.550),cost is 6.018(1.565)
[1 0 1 1 1 1 0 0 1 1 1 1 1 1 0 0 1 1 1 0 1 1 1 0 0 0 1 0 0 0 0 1 1 0 1 1 0
 0 1 0 0 0 0 0 1 1 0 1 0 0 0 1 0 1 1 1 0 0 0 0 1 0 0 1 0 0 0 0 1 0 1 0 0 0
 0 0 0 1 1 1 0 1 1 1 1 0 1 1 1 0 0 1 1 1 1 0 1 0 0 0]
 Training accuracy at 11900 out of 20000 is 0.975(0.560),cost is 5.896(1.543)
[0 0 0 1 1 1 0 0 1 1 1 1 1 1 0 0 1 1 1 0 1 1 1 0 1 0 0 0 0 0 0 1 1 1 1 1 0
 1 1 0 0 0 0 1 1 1 0 1 0 0 0 1 0 1 1 1 0 0 1 1 1 1 0 1 0 0 0 0 1 0 1 1 0 0
 0 0 0 1 1 1 1 1 1 0 1 1 1 1 1 0 0 1 1 0 1 0 1 0 0 0]
 Training accuracy at 12000 out of 20000 is 0.973(0.510),cost is 6.056(1.586)
[1 0 0 1 1 1 0 0 1 0 1 1 1 1 0 0 1 1 1 0 1 1 1 0 0 0 0 0 0 0 0 1 1 1 1 1 0
 0 0 0 0 0 0 1 1 1 0 1 0 0 0 1 0 1 1 1 0 0 1 0 1 0 1 1 0 0 0 0 1 1 1 0 0 0
 0 0 0 1 1 1 1 1 1 1 1 1 1 1 1 0 0 1 1 0 1 0 1 1 0 0]
 Training accuracy at 12100 out of 20000 is 0.974(0.550),cost is 5.745(1.481)
[1 0 0 1 1 1 0 0 1 0 1 1 1 1 0 0 1 1 1 0 1 1 1 0 0 0 1 0 0 0 0 1 1 1 1 1 0
 0 1 0 0 0 0 1 1 1 0 1 0 0 0 1 0 1 1 1 0 0 1 0 1 0 0 1 0 0 0 1 1 0 1 1 0 0
 0 0 0 1 0 1 0 1 1 0 1 1 1 1 1 0 0 1 1 0 1 0 1 0 0 0]
 Training accuracy at 12200 out of 20000 is 0.973(0.530),cost is 5.964(1.456)
[1 0 0 1 1 1 0 0 1 1 1 0 1 1 0 0 1 1 1 0 1 1 1 1 0 0 1 0 0 0 0 1 1 1 1 1 0
 0 1 0 0 0 0 1 1 1 0 1 0 0 0 1 0 1 1 1 0 0 0 0 1 0 1 1 0 0 0 0 1 0 1 1 0 0
 0 0 0 1 1 1 0 1 1 1 1 1 1 1 1 0 0 1 1 0 1 0 1 0 0 0]
 Training accuracy at 12300 out of 20000 is 0.974(0.530),cost is 6.320(1.531)
[0 1 0 1 1 1 0 0 1 1 1 1 1 1 0 0 1 1 1 0 1 1 1 0 0 0 1 0 0 0 0 1 1 1 1 1 0
 0 1 0 1 0 0 1 1 1 0 1 0 0 0 1 1 1 1 1 0 0 1 0 1 0 0 1 0 0 0 0 1 1 1 1 0 0
 0 0 0 1 1 1 0 0 1 1 1 0 1 1 1 0 0 1 1 1 1 0 1 0 0 0]
 Training accuracy at 12400 out of 20000 is 0.975(0.530),cost is 5.937(1.506)
[0 1 0 1 1 1 0 0 1 1 1 1 1 1 0 0 1 1 1 0 1 1 1 0 0 0 1 0 0 0 0 1 1 1 1 1 0
 0 1 0 1 0 0 1 1 1 0 1 0 0 0 1 1 1 1 1 0 0 0 1 1 0 1 1 0 0 0 0 1 0 1 1 0 0
 0 0 0 1 1 1 1 1 1 1 1 1 1 1 1 0 0 1 1 0 1 0 1 0 0 0]
 Training accuracy at 12500 out of 20000 is 0.974(0.510),cost is 6.024(1.650)
[1 1 0 1 1 1 0 0 1 1 1 1 1 1 0 0 1 1 1 0 1 1 1 1 0 0 1 0 0 0 0 1 1 1 1 1 0
 0 1 0 1 0 0 1 1 1 0 1 0 0 0 1 0 1 1 1 0 0 0 0 1 0 1 1 0 0 0 1 1 1 1 1 0 0
 0 0 0 1 1 1 0 1 1 1 1 0 1 1 1 0 0 1 1 1 1 0 1 0 0 0]
 Training accuracy at 12600 out of 20000 is 0.975(0.540),cost is 5.919(1.522)
[1 1 0 1 1 1 0 0 1 1 0 0 1 1 0 0 1 1 1 0 1 1 1 0 0 0 1 0 0 0 0 1 0 1 1 1 0
 0 1 0 0 0 0 1 1 1 0 1 0 0 0 1 1 1 1 1 0 0 1 1 1 0 0 1 0 0 0 0 1 1 1 1 0 0
 0 0 0 1 0 1 0 1 1 1 1 0 1 1 1 0 0 1 0 0 1 0 1 0 0 0]
 Training accuracy at 12700 out of 20000 is 0.973(0.570),cost is 6.291(1.440)
[1 1 0 1 1 1 0 0 1 1 1 0 1 1 0 0 1 1 0 0 1 1 1 1 0 0 1 0 0 0 0 1 1 1 1 1 0
 1 1 0 0 0 0 1 1 1 0 1 0 0 0 1 1 1 1 1 0 0 1 0 1 0 1 1 0 0 0 1 1 1 1 1 0 0
 0 0 0 1 1 1 1 1 1 1 0 1 1 1 1 0 0 1 1 0 1 0 1 1 0 0]
 Training accuracy at 12800 out of 20000 is 0.971(0.550),cost is 6.254(1.591)
[1 1 0 1 1 1 0 0 1 0 0 1 1 1 0 0 1 1 1 0 1 1 1 0 0 0 0 0 0 0 1 1 1 0 1 1 0
 0 1 0 0 0 0 1 1 0 0 1 0 0 0 1 1 1 1 1 0 0 0 0 1 0 0 1 0 0 0 1 1 1 1 1 0 0
 0 0 0 1 1 1 1 1 1 1 1 0 1 1 1 0 0 1 1 0 1 0 1 0 0 0]
 Training accuracy at 12900 out of 20000 is 0.976(0.520),cost is 5.757(1.621)
[1 1 0 1 1 1 0 0 1 1 0 1 1 1 0 0 1 1 1 0 1 1 1 1 0 0 1 0 0 0 0 1 1 1 1 1 0
 1 0 0 0 0 0 1 1 1 0 1 0 0 0 1 0 1 1 1 0 0 1 0 1 0 1 1 0 0 0 1 1 1 1 1 0 0
 1 0 0 1 1 1 0 1 1 1 1 1 1 1 1 0 0 1 1 0 1 0 1 1 0 0]
 Training accuracy at 13000 out of 20000 is 0.973(0.590),cost is 5.871(1.577)
[0 0 0 1 1 1 0 0 1 1 1 1 1 1 0 0 1 1 1 0 1 1 1 0 0 0 1 0 0 0 0 1 1 0 1 1 0
 0 0 0 0 0 0 1 1 1 0 1 0 0 0 1 0 1 1 1 0 0 1 0 1 0 1 1 0 0 0 1 1 0 1 0 0 0
 0 0 0 1 1 1 0 0 1 1 1 0 1 1 1 0 0 1 1 1 0 0 1 0 0 0]
 Training accuracy at 13100 out of 20000 is 0.976(0.550),cost is 5.566(1.686)
[1 1 0 1 1 1 0 0 1 1 1 0 1 1 0 0 1 1 0 0 1 1 1 0 1 0 1 0 0 0 0 1 1 0 1 1 0
 0 1 0 0 0 0 1 1 1 0 1 0 0 0 1 1 1 1 1 0 0 1 1 1 0 1 1 0 0 0 0 1 0 1 1 1 0
 0 0 0 1 1 1 1 0 1 0 1 0 1 1 1 0 0 1 1 0 0 0 1 0 0 0]
 Training accuracy at 13200 out of 20000 is 0.975(0.490),cost is 5.856(1.535)
[0 0 0 1 1 1 0 0 1 0 1 1 1 1 0 0 1 1 1 0 1 1 1 1 0 0 1 0 0 0 0 1 0 0 1 1 0
 0 1 0 0 0 0 1 1 1 0 1 0 0 0 1 0 1 1 1 0 0 0 1 1 0 0 1 0 0 0 1 1 0 1 1 0 0
 0 0 0 1 1 1 0 1 1 0 1 0 1 1 1 0 0 1 1 0 0 0 1 0 0 0]
 Training accuracy at 13300 out of 20000 is 0.977(0.540),cost is 5.813(1.529)
[1 0 0 0 1 1 0 0 1 1 1 0 1 1 0 0 1 1 1 0 1 1 1 1 0 0 1 0 0 0 0 1 1 0 1 1 0
 0 1 0 0 0 0 1 1 0 0 1 0 0 0 1 1 1 1 1 0 0 1 0 1 0 1 1 0 0 0 1 1 1 1 1 0 0
 1 0 0 1 1 1 0 0 1 1 1 0 1 1 1 0 0 1 0 0 1 0 1 0 0 0]
 Training accuracy at 13400 out of 20000 is 0.975(0.520),cost is 5.740(1.662)
[1 0 0 1 1 1 0 0 1 0 1 1 1 1 0 0 1 1 1 0 1 1 1 1 0 0 1 0 0 0 0 1 0 0 1 1 0
 0 0 0 0 0 0 0 1 1 0 1 0 0 0 1 1 1 1 1 0 0 1 1 1 0 1 1 0 0 0 1 1 1 1 1 0 0
 0 0 0 1 1 1 0 1 1 1 1 0 1 1 1 0 0 1 1 1 1 0 1 0 0 0]
 Training accuracy at 13500 out of 20000 is 0.974(0.580),cost is 5.792(1.490)
[0 0 0 1 1 0 0 0 1 0 1 1 1 1 0 0 1 1 1 0 1 1 1 1 0 0 1 0 0 0 0 1 1 0 1 1 0
 0 1 0 0 0 0 1 1 1 0 1 0 0 0 1 0 1 1 1 0 0 1 1 1 0 1 1 0 0 0 1 1 1 1 1 0 0
 0 0 0 1 0 1 0 1 1 1 1 0 1 1 1 0 0 1 0 0 1 0 1 0 0 0]
 Training accuracy at 13600 out of 20000 is 0.975(0.550),cost is 5.878(1.555)
[1 0 1 1 1 1 0 0 0 1 1 0 1 1 0 0 1 1 1 0 1 1 1 1 0 0 1 0 0 0 0 1 1 0 1 1 0
 0 0 0 0 0 0 1 1 1 0 1 0 1 0 1 1 1 1 1 0 0 1 1 1 1 1 1 0 0 0 1 1 1 1 1 0 0
 0 0 0 1 0 1 0 1 1 1 1 0 1 1 1 0 0 1 0 0 1 0 1 0 0 0]
 Training accuracy at 13700 out of 20000 is 0.972(0.550),cost is 6.309(1.428)
[0 0 0 1 1 0 0 0 1 1 1 1 1 1 1 0 1 1 1 0 1 1 1 1 0 0 1 0 0 1 0 1 0 0 1 1 0
 0 1 0 0 0 0 0 1 1 0 1 0 0 0 1 1 1 1 1 0 0 1 1 1 1 0 1 0 0 0 0 1 1 1 1 0 0
 0 0 0 1 1 1 0 1 1 1 1 0 1 1 1 0 0 1 1 0 0 0 1 0 0 0]
 Training accuracy at 13800 out of 20000 is 0.975(0.550),cost is 5.245(1.635)
[1 1 0 1 1 0 0 0 1 1 1 0 1 1 1 0 1 1 1 0 1 1 1 1 0 0 1 0 0 1 0 1 0 0 1 1 0
 1 1 0 0 0 0 1 1 1 0 1 0 0 0 1 1 1 1 1 0 0 1 0 1 0 1 1 0 0 0 0 1 0 1 1 0 0
 0 0 0 1 0 1 0 1 1 1 1 1 1 1 1 0 0 1 1 1 0 0 1 0 0 0]
 Training accuracy at 13900 out of 20000 is 0.976(0.550),cost is 5.544(1.677)
[1 0 0 1 1 1 0 0 1 1 1 1 1 1 0 0 1 1 1 0 1 1 1 0 0 0 1 0 0 0 0 1 0 0 1 1 0
 0 1 0 1 0 0 1 1 1 0 1 0 0 0 1 0 1 1 1 0 0 1 1 1 0 0 0 0 0 0 1 1 1 1 1 0 0
 0 0 0 1 1 1 0 1 1 1 1 0 1 1 1 0 0 1 0 1 1 0 1 0 0 0]
 Training accuracy at 14000 out of 20000 is 0.976(0.570),cost is 6.053(1.570)
[1 0 0 1 1 1 0 0 1 1 1 0 1 1 0 0 1 1 1 0 1 1 1 0 1 0 1 0 0 0 0 1 1 1 1 1 0
 0 1 0 0 0 0 1 1 0 0 0 0 0 0 1 1 1 1 1 0 0 1 1 1 0 0 1 0 0 0 1 1 1 1 1 0 0
 0 0 0 1 1 1 0 1 1 1 1 0 1 1 1 0 0 1 1 0 1 0 1 0 0 0]
 Training accuracy at 14100 out of 20000 is 0.976(0.520),cost is 5.710(1.642)
[0 0 0 1 1 0 0 0 1 0 1 1 1 1 0 0 1 1 1 0 1 1 1 1 0 0 1 0 0 0 0 1 1 1 1 1 0
 1 1 0 0 0 0 1 1 1 0 1 0 0 0 1 1 1 1 1 0 0 1 1 1 0 1 1 0 0 0 0 1 0 1 1 0 0
 0 0 0 1 1 1 0 1 1 1 1 0 1 1 1 0 0 1 1 0 0 0 1 0 0 0]
 Training accuracy at 14200 out of 20000 is 0.975(0.490),cost is 5.550(1.764)
[1 0 0 1 1 1 0 0 1 0 1 1 1 1 0 0 1 1 1 0 1 1 1 1 0 0 1 0 0 1 0 1 1 0 1 1 0
 1 1 0 0 0 0 1 1 1 0 1 0 0 0 1 1 1 1 1 0 0 1 1 1 0 0 0 0 0 0 1 1 1 1 0 0 0
 0 0 0 1 1 1 0 1 1 1 1 1 1 1 1 0 0 1 0 0 1 0 1 0 0 0]
 Training accuracy at 14300 out of 20000 is 0.976(0.550),cost is 5.358(1.638)
[1 0 0 1 1 1 0 0 1 1 0 0 1 1 0 0 1 1 1 0 1 1 0 1 0 0 1 0 0 0 0 1 0 1 1 1 0
 1 1 0 1 0 0 1 1 1 0 0 0 0 0 1 0 1 1 1 0 0 0 1 1 0 1 1 0 0 0 0 1 0 1 1 0 0
 0 0 0 1 1 1 0 1 1 0 1 0 1 1 1 0 0 1 1 0 1 0 1 0 0 0]
 Training accuracy at 14400 out of 20000 is 0.977(0.500),cost is 5.715(1.596)
[0 0 0 1 1 1 0 0 1 1 1 0 1 1 0 0 1 1 0 0 1 1 1 0 1 0 1 0 0 0 0 1 1 0 1 1 0
 0 1 0 1 0 0 0 1 1 0 1 0 0 0 1 0 1 1 1 0 0 0 1 1 1 1 1 0 0 0 0 1 0 1 1 0 0
 0 0 0 1 0 1 0 1 1 1 1 0 1 1 1 0 0 1 1 0 1 0 1 0 0 0]
 Training accuracy at 14500 out of 20000 is 0.973(0.540),cost is 5.801(1.521)
[0 0 0 1 1 1 0 0 1 1 1 0 1 1 1 0 1 1 1 0 1 1 1 1 1 0 1 0 0 1 0 1 1 0 1 1 0
 0 1 0 1 0 0 0 1 1 0 1 0 0 0 1 0 1 1 1 0 0 1 1 1 0 1 1 0 0 0 0 1 0 1 1 0 0
 0 0 0 1 1 1 0 1 1 0 1 1 1 1 1 0 0 1 1 0 1 0 1 0 0 0]
 Training accuracy at 14600 out of 20000 is 0.975(0.550),cost is 5.566(1.610)
[1 0 0 1 1 1 0 0 1 1 1 0 1 1 1 0 1 1 1 0 1 1 1 1 0 0 1 0 0 1 0 1 1 1 1 1 0
 0 1 0 0 0 0 1 1 1 0 1 0 0 0 1 0 1 1 1 0 0 1 1 1 1 0 0 0 0 0 1 1 1 1 1 0 0
 0 0 0 1 1 1 1 1 1 0 1 1 1 1 1 0 0 1 0 1 1 0 1 0 0 0]
 Training accuracy at 14700 out of 20000 is 0.972(0.560),cost is 6.284(1.490)
[1 0 1 1 1 1 0 0 1 1 1 1 1 1 1 0 1 1 1 0 1 1 1 1 0 0 1 0 0 0 0 1 0 1 1 1 0
 0 1 0 1 0 0 1 1 1 0 1 0 0 0 1 0 1 1 1 0 0 1 1 1 0 0 1 0 0 0 1 1 0 1 1 0 0
 0 0 0 1 0 1 0 1 1 0 0 1 1 1 1 0 0 1 0 0 1 0 1 0 0 0]
 Training accuracy at 14800 out of 20000 is 0.977(0.560),cost is 5.617(1.457)
[1 0 0 1 1 1 0 0 1 1 0 1 1 1 1 0 1 1 1 0 1 1 1 0 0 0 1 0 0 0 0 1 0 0 1 1 0
 0 1 0 0 0 0 1 1 1 0 1 0 0 0 1 0 1 1 1 0 0 1 1 1 0 0 1 0 0 0 1 1 0 1 1 1 0
 0 0 0 1 0 1 0 1 1 0 1 1 1 1 1 0 0 1 0 0 1 0 1 0 0 0]
 Training accuracy at 14900 out of 20000 is 0.977(0.570),cost is 5.029(1.503)
[1 0 0 1 1 1 0 0 1 0 0 1 1 1 0 0 1 1 1 0 1 1 1 1 0 0 1 0 0 1 0 1 0 0 1 1 0
 0 1 0 0 0 0 1 1 1 0 1 0 0 0 1 0 1 1 1 0 0 1 1 1 1 0 1 0 0 0 0 1 1 1 1 0 1
 0 0 0 1 0 1 0 1 1 1 0 1 1 1 1 0 0 1 0 0 1 0 1 0 0 0]
 Training accuracy at 15000 out of 20000 is 0.976(0.560),cost is 5.310(1.574)
[1 0 0 1 0 1 0 0 1 0 0 1 1 1 0 0 1 1 1 0 1 1 1 1 0 0 1 0 0 0 0 1 1 1 1 1 0
 0 1 0 0 0 0 1 1 1 0 1 0 0 0 1 1 1 1 1 0 0 1 1 1 1 1 1 0 0 0 0 1 0 1 1 0 0
 0 0 0 1 0 1 0 1 1 0 0 0 1 1 1 0 0 1 0 0 1 0 1 0 0 0]
 Training accuracy at 15100 out of 20000 is 0.975(0.500),cost is 5.426(1.635)
[1 1 0 1 1 0 0 0 1 1 0 0 1 1 1 0 1 1 1 0 0 1 1 1 0 0 0 0 0 0 0 1 1 1 1 1 0
 0 1 0 0 0 0 1 1 1 0 1 0 0 0 1 0 1 1 1 0 0 1 1 1 0 1 1 0 0 0 0 1 1 1 1 0 0
 0 0 0 1 0 1 0 1 1 1 0 1 1 1 1 0 0 1 0 1 1 0 1 0 0 0]
 Training accuracy at 15200 out of 20000 is 0.975(0.580),cost is 5.566(1.442)
[1 1 0 1 1 1 0 0 1 0 1 1 1 1 0 0 1 1 1 0 1 1 1 1 0 0 0 0 0 0 0 1 1 0 1 1 0
 0 1 0 0 0 0 1 1 1 0 1 0 0 0 1 0 1 1 1 0 0 1 1 1 0 0 1 0 0 0 0 1 0 1 1 0 0
 0 0 0 1 0 1 1 1 1 1 1 1 1 1 1 0 0 1 0 0 1 0 1 0 0 0]
 Training accuracy at 15300 out of 20000 is 0.978(0.560),cost is 5.352(1.688)
[0 1 0 1 1 1 0 0 1 1 0 1 1 1 0 0 1 1 1 0 1 1 1 1 1 0 1 0 0 0 0 1 1 0 1 1 0
 1 1 0 0 0 0 1 1 1 0 1 0 0 0 1 0 1 1 1 0 0 1 1 1 0 1 1 0 0 0 0 1 1 1 1 0 0
 0 0 0 1 1 1 0 1 1 1 1 1 1 1 1 0 0 1 0 0 1 0 1 0 0 0]
 Training accuracy at 15400 out of 20000 is 0.977(0.560),cost is 5.281(1.632)
[1 0 0 1 1 1 0 0 1 1 1 1 1 1 0 0 1 1 0 0 1 1 1 1 0 0 1 0 0 0 0 1 1 1 1 1 0
 1 1 0 0 0 0 1 1 1 0 1 0 0 0 1 0 1 1 1 0 0 1 1 1 0 1 1 0 0 0 0 1 0 1 1 0 0
 0 0 0 1 1 1 0 1 1 1 1 1 1 1 1 0 0 1 0 0 1 0 1 0 0 0]
 Training accuracy at 15500 out of 20000 is 0.978(0.530),cost is 5.260(1.569)
[1 1 0 0 1 1 0 0 1 0 1 1 1 1 0 0 1 1 0 0 1 1 1 1 1 0 1 0 0 0 0 1 1 0 1 1 0
 0 1 0 0 0 0 1 1 1 0 1 0 0 0 1 1 1 1 1 0 0 1 1 1 0 0 1 0 0 0 0 1 0 1 1 0 0
 0 0 0 1 0 1 0 1 1 0 1 1 1 1 1 0 0 1 0 0 1 0 1 0 0 0]
 Training accuracy at 15600 out of 20000 is 0.976(0.530),cost is 5.540(1.559)
[1 0 0 1 1 1 0 0 1 0 1 1 1 1 0 0 1 1 1 0 1 1 1 1 1 0 1 0 0 1 0 1 1 0 1 1 0
 0 1 0 1 0 0 1 1 1 0 1 0 0 0 1 1 1 1 1 0 0 1 1 1 0 1 1 0 0 0 1 1 1 1 0 0 0
 0 0 0 1 0 1 0 1 1 0 1 1 1 1 1 0 0 1 1 0 1 0 1 0 0 0]
 Training accuracy at 15700 out of 20000 is 0.979(0.530),cost is 5.304(1.608)
[1 1 0 1 1 1 0 0 1 0 1 1 1 1 0 0 1 1 1 0 1 1 1 1 1 0 1 0 0 0 0 1 0 0 1 1 0
 0 1 0 0 0 0 1 1 1 0 1 0 0 0 1 1 1 1 1 0 0 1 0 1 0 1 1 0 0 0 1 1 1 1 0 0 0
 0 0 0 1 0 1 0 1 1 1 1 1 1 1 1 0 1 1 1 0 1 0 1 0 0 0]
 Training accuracy at 15800 out of 20000 is 0.976(0.560),cost is 5.178(1.728)
[1 1 0 1 1 1 0 0 1 0 1 1 1 1 0 0 1 1 1 0 1 1 1 1 1 0 1 0 0 1 0 1 1 1 1 1 0
 1 1 0 0 0 0 1 1 1 0 0 0 0 0 1 0 1 1 1 0 0 1 1 1 0 0 1 0 0 0 0 1 1 1 0 0 0
 0 0 0 1 1 1 0 1 1 1 1 1 1 1 1 0 0 1 1 0 1 0 1 0 0 0]
 Training accuracy at 15900 out of 20000 is 0.977(0.530),cost is 5.015(1.582)
[1 1 0 1 1 0 0 0 1 1 1 1 1 1 0 0 1 1 1 0 1 1 1 0 0 0 1 0 0 1 0 1 1 0 1 1 0
 0 1 0 0 0 0 1 1 0 0 1 0 0 0 1 1 1 1 1 0 0 1 0 1 0 1 1 0 0 0 0 1 0 1 1 0 0
 0 0 0 1 1 1 0 1 1 1 1 1 1 1 1 0 0 1 1 0 1 0 1 0 0 0]
 Training accuracy at 16000 out of 20000 is 0.978(0.500),cost is 5.059(1.517)
[1 0 0 1 1 1 0 0 1 0 0 1 1 1 0 0 1 1 1 0 0 1 1 0 1 0 1 0 0 0 0 1 1 0 1 1 0
 0 1 0 0 0 0 1 1 0 0 1 0 0 0 1 0 1 1 1 0 0 1 1 1 0 1 1 0 0 0 0 1 1 1 0 0 0
 0 0 0 1 0 1 0 1 1 1 1 1 1 1 1 0 0 1 1 0 1 0 1 0 0 0]
 Training accuracy at 16100 out of 20000 is 0.978(0.540),cost is 5.360(1.488)
[1 1 0 1 1 1 0 0 1 1 1 0 1 1 0 0 1 1 1 0 1 1 1 0 0 0 0 0 0 1 0 1 1 0 1 1 0
 0 1 0 0 0 0 1 1 0 0 1 0 0 0 1 1 1 1 1 0 0 1 1 1 1 0 1 0 0 0 0 1 1 1 0 0 0
 0 0 0 1 1 1 0 1 1 1 0 1 1 1 1 0 0 1 0 0 1 0 1 0 0 0]
 Training accuracy at 16200 out of 20000 is 0.975(0.540),cost is 5.503(1.642)
[1 0 0 1 1 1 0 0 1 0 0 1 1 1 0 0 1 1 1 0 1 1 1 0 0 0 1 0 0 0 0 1 1 0 1 1 0
 0 1 0 0 0 0 1 1 1 0 1 0 1 0 1 0 1 1 1 0 0 1 1 1 0 1 1 0 0 0 0 1 0 1 1 0 0
 0 0 0 1 0 1 0 1 1 1 1 1 1 1 1 0 0 1 1 0 1 0 1 0 0 0]
 Training accuracy at 16300 out of 20000 is 0.978(0.540),cost is 5.184(1.498)
[1 1 0 1 1 1 0 0 1 1 1 1 1 1 0 0 1 1 1 0 0 1 1 1 0 0 1 0 0 1 0 1 1 0 1 1 0
 0 1 0 0 0 0 1 1 1 0 1 0 0 0 1 1 1 1 1 0 0 1 1 1 0 1 1 0 0 0 0 1 1 1 1 0 0
 1 0 0 1 0 1 0 1 1 1 0 1 1 1 1 0 0 1 0 0 1 0 1 0 0 0]
 Training accuracy at 16400 out of 20000 is 0.979(0.540),cost is 4.820(1.544)
[1 1 1 1 1 1 0 0 1 1 1 1 1 1 0 0 1 1 1 0 0 1 1 1 0 0 1 0 0 1 0 1 1 1 1 1 0
 0 1 0 1 0 0 1 1 1 0 1 0 0 0 1 1 1 1 1 0 0 0 1 1 1 1 1 0 0 0 1 1 1 1 1 0 0
 0 0 0 1 0 1 0 1 1 1 1 1 1 1 1 0 0 1 0 1 1 0 1 0 0 0]
 Training accuracy at 16500 out of 20000 is 0.980(0.530),cost is 4.926(1.618)
[1 0 0 1 1 1 0 0 1 0 1 1 1 1 0 0 1 1 0 0 0 1 1 1 0 0 1 0 0 1 0 1 1 1 1 1 0
 0 1 0 0 0 0 1 1 1 0 1 0 0 0 1 1 1 1 1 0 0 1 1 1 0 1 1 0 0 0 0 1 1 1 1 0 0
 0 0 0 1 1 1 0 1 1 1 1 1 1 1 1 0 0 1 0 1 1 0 1 0 0 0]
 Training accuracy at 16600 out of 20000 is 0.979(0.520),cost is 5.342(1.589)
[1 0 0 1 1 1 0 0 1 1 1 1 1 1 0 0 1 1 0 0 1 1 1 0 1 0 1 0 0 1 0 1 1 0 1 1 0
 0 1 0 0 0 0 1 1 1 0 1 0 0 0 1 1 1 1 1 0 0 1 1 1 1 1 1 0 0 0 0 1 1 1 1 0 0
 0 0 0 1 1 1 0 1 1 1 1 1 1 1 1 0 0 1 0 1 0 1 1 0 0 0]
 Training accuracy at 16700 out of 20000 is 0.978(0.520),cost is 5.175(1.496)
[1 0 0 1 1 1 0 0 1 0 1 1 1 1 0 0 1 1 1 0 1 1 1 1 0 0 1 0 0 0 0 1 0 0 1 1 0
 0 1 0 0 0 0 1 1 1 0 1 0 1 0 1 0 1 1 1 0 0 1 1 1 0 1 0 0 0 0 1 1 1 1 1 0 0
 0 0 0 1 1 1 0 1 1 1 1 1 1 1 1 0 0 1 0 0 1 1 1 0 0 0]
 Training accuracy at 16800 out of 20000 is 0.978(0.570),cost is 5.665(1.584)
[1 0 0 1 1 1 0 0 1 0 0 1 1 1 0 0 1 1 1 0 1 1 1 1 1 0 1 0 0 0 0 1 1 0 1 1 0
 0 1 0 0 0 0 1 1 0 0 1 0 0 0 1 0 1 1 1 0 0 1 1 1 0 1 1 0 0 0 0 1 0 1 1 0 0
 0 0 0 1 1 1 0 1 1 1 1 1 1 1 1 0 0 1 0 0 1 0 1 0 0 0]
 Training accuracy at 16900 out of 20000 is 0.979(0.520),cost is 4.858(1.629)
[1 1 0 1 1 1 0 0 1 1 0 1 1 1 0 0 1 1 1 0 1 1 1 1 0 0 1 0 0 0 0 1 1 1 1 1 0
 0 1 0 1 0 0 1 1 0 0 1 0 1 0 1 0 1 1 1 0 0 1 1 1 0 1 1 0 0 0 0 1 1 1 0 0 0
 0 0 0 1 1 1 0 1 1 1 1 1 1 1 1 0 0 1 0 0 0 0 1 0 0 0]
 Training accuracy at 17000 out of 20000 is 0.978(0.530),cost is 5.109(1.612)
[1 0 0 1 1 1 0 0 1 1 1 1 1 1 0 0 1 1 1 0 1 1 1 1 0 0 1 0 0 0 0 1 1 0 1 1 0
 1 1 0 1 0 0 1 1 1 0 1 0 0 0 1 0 1 1 1 0 0 1 1 1 0 1 1 0 0 0 0 1 1 1 0 0 0
 0 0 0 1 1 1 1 1 1 1 0 1 1 1 1 0 0 1 0 0 1 0 1 0 0 0]
 Training accuracy at 17100 out of 20000 is 0.978(0.520),cost is 5.294(1.743)
[1 0 0 0 1 1 0 0 1 1 1 1 1 1 0 0 1 1 1 0 1 1 1 0 0 0 1 0 0 0 0 1 1 0 1 1 0
 1 1 0 0 0 0 1 1 1 0 1 0 0 0 1 0 1 1 1 0 0 1 1 1 0 1 1 0 0 0 0 1 1 1 1 0 0
 0 0 0 1 0 1 1 1 1 1 1 1 1 1 1 0 0 1 0 0 1 0 1 0 0 0]
 Training accuracy at 17200 out of 20000 is 0.979(0.520),cost is 4.770(1.962)
[1 0 0 1 1 0 0 0 1 1 1 1 1 1 0 0 1 1 1 0 0 1 1 0 0 0 1 0 0 0 0 1 1 0 1 1 0
 0 1 0 1 0 0 1 1 0 0 1 0 1 0 1 1 1 1 1 0 0 1 1 1 0 1 1 0 0 0 0 1 0 1 1 0 0
 0 0 0 1 1 1 0 1 1 1 1 1 1 1 1 0 0 1 1 0 1 0 1 0 0 0]
 Training accuracy at 17300 out of 20000 is 0.978(0.480),cost is 5.377(1.769)
[1 1 0 1 1 1 0 0 1 1 1 1 1 1 0 0 1 1 1 1 0 1 1 0 0 0 1 0 0 0 0 1 1 0 1 1 0
 1 1 0 0 0 0 1 1 1 0 1 0 0 0 1 1 1 1 1 0 0 1 0 1 0 1 1 0 0 0 0 1 1 1 1 0 1
 0 0 0 1 0 1 0 1 1 1 0 1 1 1 1 0 0 1 1 0 0 0 1 0 0 0]
 Training accuracy at 17400 out of 20000 is 0.980(0.510),cost is 5.097(1.623)
[1 0 0 1 1 1 0 0 1 0 0 1 1 1 0 0 1 1 1 0 1 1 1 1 0 0 1 0 0 1 0 1 1 0 1 1 0
 1 1 0 0 0 0 1 1 1 0 1 0 0 0 1 0 1 1 1 0 0 1 1 1 0 1 1 0 0 0 0 1 1 1 1 0 1
 0 0 0 1 1 1 0 1 1 1 1 1 1 1 1 0 0 1 1 0 1 0 1 0 0 0]
 Training accuracy at 17500 out of 20000 is 0.979(0.550),cost is 5.305(1.624)
[1 0 0 0 1 1 0 0 1 1 0 1 1 1 0 0 1 1 1 0 1 1 1 1 1 0 1 0 0 0 0 1 1 0 1 1 0
 1 1 0 0 0 0 1 1 1 0 1 0 0 0 1 1 1 1 1 0 0 1 1 1 0 1 1 0 0 0 0 1 0 1 1 0 0
 0 0 0 1 1 1 0 1 1 1 1 1 1 1 1 0 0 1 1 0 1 0 1 0 0 0]
 Training accuracy at 17600 out of 20000 is 0.978(0.520),cost is 5.130(1.652)
[1 1 0 1 1 1 0 0 1 1 0 1 1 1 0 0 1 1 1 0 1 1 1 1 0 0 1 0 0 0 0 1 0 0 1 1 0
 1 1 0 0 0 0 1 1 1 1 1 0 0 0 1 1 1 1 1 0 0 1 1 1 0 1 1 0 0 0 0 1 1 1 0 0 1
 0 0 0 1 0 1 0 1 1 1 1 1 1 1 1 0 0 1 1 0 1 0 1 0 0 0]
 Training accuracy at 17700 out of 20000 is 0.979(0.590),cost is 5.218(1.819)
[1 0 0 1 1 1 0 0 1 1 0 1 1 1 0 0 1 1 1 0 1 1 1 1 0 0 1 0 0 0 0 1 1 0 1 1 0
 0 1 0 0 0 0 1 1 1 0 1 0 0 0 1 1 1 1 1 0 0 1 1 1 0 1 1 0 0 0 0 1 1 1 0 0 0
 0 0 0 1 0 1 0 1 1 1 1 1 1 1 1 0 0 1 1 0 1 0 1 0 0 0]
 Training accuracy at 17800 out of 20000 is 0.980(0.580),cost is 4.856(1.748)
[1 0 1 1 1 1 0 0 1 1 1 1 1 1 0 0 1 1 1 0 0 1 1 1 0 0 1 0 0 0 0 1 1 1 1 1 0
 0 1 0 0 0 0 1 1 1 1 1 0 0 0 1 1 1 1 1 0 0 1 1 1 0 1 1 0 0 0 1 1 1 1 0 0 1
 0 0 0 1 0 1 0 1 1 1 1 1 1 1 1 0 0 1 1 0 0 0 1 0 0 0]
 Training accuracy at 17900 out of 20000 is 0.981(0.560),cost is 5.188(1.708)
[1 1 0 1 1 1 0 0 1 1 1 1 1 1 0 0 1 1 0 0 1 1 1 1 1 0 1 0 0 0 0 1 1 1 1 1 0
 1 1 0 0 0 0 1 1 1 0 1 0 0 0 1 0 1 1 1 0 0 1 1 1 0 1 1 0 0 0 0 1 1 1 0 0 1
 0 0 0 1 0 1 0 1 1 1 1 1 1 1 1 0 0 1 1 0 1 0 1 0 0 0]
 Training accuracy at 18000 out of 20000 is 0.980(0.580),cost is 4.629(1.747)
[1 0 1 1 1 1 0 0 1 0 1 1 1 1 0 0 1 1 1 0 1 1 1 1 0 0 1 0 0 0 0 1 1 0 1 1 0
 0 1 0 0 0 0 1 1 0 0 1 0 0 0 1 1 1 1 1 0 0 1 1 1 0 1 1 0 0 0 0 1 1 1 1 1 0
 0 0 0 1 0 1 0 1 1 1 1 1 1 1 1 0 0 1 1 0 1 0 1 0 0 0]
 Training accuracy at 18100 out of 20000 is 0.979(0.540),cost is 4.970(1.807)
[1 0 0 1 1 1 0 0 1 0 1 1 1 1 0 0 1 1 1 0 0 1 1 1 0 0 1 0 0 0 0 1 0 0 1 1 0
 0 1 0 0 0 0 1 1 1 0 1 0 0 0 1 0 1 1 1 0 0 1 0 1 0 1 1 0 0 0 0 1 1 1 1 0 0
 0 0 0 1 1 1 0 1 1 1 1 1 1 1 1 0 0 1 0 0 1 0 1 0 0 0]
 Training accuracy at 18200 out of 20000 is 0.978(0.530),cost is 5.230(1.657)
[1 1 0 1 1 1 0 0 1 0 0 1 1 1 0 0 1 1 1 0 1 1 1 0 1 0 1 0 0 0 0 1 1 1 1 1 0
 0 1 0 0 0 0 1 1 1 0 1 0 0 0 1 1 1 1 1 0 0 1 1 1 0 1 1 0 0 0 0 1 1 1 1 0 1
 0 0 0 1 1 1 0 1 1 1 1 1 1 1 1 0 0 1 0 0 1 0 1 0 0 0]
 Training accuracy at 18300 out of 20000 is 0.980(0.530),cost is 5.327(1.604)
[1 1 0 1 1 1 0 0 1 1 1 1 1 1 0 0 1 1 1 1 1 1 1 1 0 0 1 0 0 0 0 1 1 0 1 1 0
 1 1 0 0 0 0 1 1 1 0 1 0 0 0 1 0 1 1 1 0 0 1 1 1 0 1 1 0 0 0 0 1 1 1 1 0 1
 0 0 0 1 0 1 0 1 1 1 1 1 1 1 1 0 0 1 1 0 1 0 1 0 0 0]
 Training accuracy at 18400 out of 20000 is 0.978(0.570),cost is 4.916(1.657)
[1 1 0 1 1 1 0 0 1 1 1 1 1 1 0 0 1 1 0 0 1 1 1 0 1 0 1 0 0 1 0 1 0 0 1 1 0
 0 1 0 1 0 0 1 1 1 0 1 0 0 0 1 0 1 1 1 0 0 1 0 1 0 1 1 0 0 0 0 1 1 1 1 1 1
 0 0 0 1 0 1 0 1 1 1 1 1 1 1 1 0 0 1 0 0 1 0 1 0 0 0]
 Training accuracy at 18500 out of 20000 is 0.976(0.540),cost is 5.092(1.718)
[1 0 0 1 1 1 0 0 1 1 1 1 1 1 0 0 1 1 1 0 1 1 1 0 0 0 1 0 0 0 0 1 1 1 1 1 0
 0 1 0 0 0 0 1 1 1 0 1 0 0 0 1 1 1 1 1 0 0 1 0 1 0 1 1 0 0 0 0 1 1 1 0 1 0
 1 0 0 1 0 1 0 1 1 1 1 1 1 1 1 0 0 1 1 0 1 0 1 0 0 0]
 Training accuracy at 18600 out of 20000 is 0.979(0.540),cost is 4.963(1.872)
[0 0 0 1 1 1 0 0 1 0 1 1 1 1 0 0 1 1 1 0 1 1 1 0 0 0 1 0 0 0 0 1 0 1 1 1 0
 1 1 0 0 0 0 1 1 1 0 1 0 0 0 1 0 1 1 1 0 0 1 1 1 0 1 1 0 0 0 0 1 1 1 1 1 0
 1 0 0 1 0 1 0 1 1 1 0 1 1 1 1 0 0 1 0 0 1 0 1 0 0 0]
 Training accuracy at 18700 out of 20000 is 0.979(0.530),cost is 5.155(1.767)
[1 0 0 1 1 1 0 0 1 0 1 1 1 1 0 0 1 1 1 1 1 1 1 1 0 0 1 0 0 0 0 1 1 1 1 1 0
 0 1 0 0 0 0 1 1 1 0 1 0 1 0 1 1 1 1 1 0 0 1 0 1 0 1 1 0 0 0 0 1 1 1 1 1 0
 0 0 0 1 1 1 0 1 1 1 0 1 1 1 1 0 0 1 0 0 1 0 1 0 0 0]
 Training accuracy at 18800 out of 20000 is 0.979(0.470),cost is 4.728(1.920)
[0 0 0 1 1 1 0 0 1 1 1 1 1 1 0 0 1 1 0 0 1 1 1 1 0 0 1 0 0 0 0 1 0 0 1 1 0
 1 1 0 0 0 0 1 1 1 0 1 0 0 0 1 0 1 1 1 0 0 1 0 1 0 1 1 0 0 0 0 1 1 1 1 1 0
 0 0 0 1 0 1 0 1 1 1 0 1 1 1 1 0 0 1 0 0 1 0 1 0 0 0]
 Training accuracy at 18900 out of 20000 is 0.980(0.550),cost is 4.609(1.790)
[1 0 1 1 1 1 0 0 1 1 1 1 1 1 0 0 1 1 1 1 1 1 1 1 0 0 1 0 0 0 0 1 1 0 1 1 0
 1 1 0 0 0 0 1 1 1 0 1 0 0 0 1 1 1 1 1 0 0 1 1 1 0 1 1 0 0 0 0 1 1 1 1 0 0
 0 0 0 1 0 1 0 1 1 1 1 1 1 1 1 0 0 1 1 1 1 0 1 0 0 0]
 Training accuracy at 19000 out of 20000 is 0.977(0.560),cost is 4.736(1.880)
[1 0 0 1 1 1 0 0 1 1 1 1 1 1 0 0 1 1 1 0 1 1 1 1 0 0 1 0 0 0 0 1 0 0 1 1 0
 1 1 0 0 0 0 1 1 1 0 1 0 0 0 1 1 1 1 1 0 0 1 0 1 0 1 1 0 0 0 0 1 1 1 1 1 0
 0 0 0 1 0 1 0 1 1 1 0 1 1 1 1 0 0 1 0 1 1 0 1 0 0 0]
 Training accuracy at 19100 out of 20000 is 0.980(0.530),cost is 4.688(1.838)
[1 0 0 1 1 1 0 0 1 1 1 1 1 1 0 0 1 1 1 1 1 1 1 0 0 0 1 0 0 0 0 1 1 1 1 1 0
 0 1 0 0 0 0 1 1 1 0 1 0 0 0 1 0 1 1 1 0 0 1 0 1 0 1 1 0 0 0 0 1 1 1 0 0 0
 0 0 0 1 1 1 0 1 1 1 1 1 1 1 1 0 0 1 0 0 1 0 1 0 0 0]
 Training accuracy at 19200 out of 20000 is 0.978(0.520),cost is 4.604(1.835)
[1 0 1 1 1 0 0 0 1 1 1 1 1 1 1 0 1 1 1 1 1 1 1 0 0 0 1 0 0 0 0 1 1 0 1 1 0
 0 1 0 0 0 0 1 1 1 0 1 0 0 0 1 1 1 1 1 0 0 1 0 1 0 1 1 0 0 0 0 1 1 1 0 1 0
 0 0 0 1 1 1 0 1 1 1 1 1 1 1 1 0 0 1 1 0 1 0 1 0 0 0]
 Training accuracy at 19300 out of 20000 is 0.977(0.530),cost is 4.762(1.787)
[1 1 1 0 1 1 0 0 1 1 1 1 1 1 0 0 1 1 1 1 0 1 1 1 0 0 1 0 0 0 0 1 1 0 1 1 0
 1 1 0 0 0 0 1 1 1 0 1 0 0 0 1 1 1 1 1 0 0 1 1 1 0 1 1 0 0 0 0 1 1 1 0 0 0
 0 0 0 1 0 1 0 1 1 0 0 1 1 1 1 0 0 1 0 1 1 0 1 0 0 0]
 Training accuracy at 19400 out of 20000 is 0.979(0.530),cost is 4.616(1.925)
[1 0 0 1 1 1 0 0 1 1 1 1 1 1 1 0 1 1 0 0 1 1 1 1 0 0 1 0 0 0 0 1 0 0 1 1 0
 1 1 0 0 0 0 1 1 1 0 1 0 0 0 1 1 1 1 1 0 0 1 0 1 0 1 1 0 0 0 0 1 1 1 0 1 0
 0 0 0 1 0 1 0 1 1 1 0 0 1 1 0 0 0 1 0 0 1 0 1 0 0 0]
 Training accuracy at 19500 out of 20000 is 0.979(0.550),cost is 4.812(1.697)
[1 0 0 0 1 1 0 0 1 1 1 1 1 1 1 0 1 1 1 0 1 1 1 1 0 0 0 0 0 0 0 1 0 0 1 1 0
 0 1 0 0 0 0 1 1 1 0 1 0 0 0 1 1 1 1 1 0 0 1 1 1 0 1 1 0 0 0 0 1 1 1 1 0 0
 0 0 0 1 0 1 0 1 1 1 1 0 1 1 1 0 0 1 1 0 1 0 1 0 0 0]
 Training accuracy at 19600 out of 20000 is 0.979(0.570),cost is 4.851(1.686)
[1 0 0 0 1 1 0 0 1 1 1 1 1 1 1 0 1 1 0 1 1 1 1 1 0 0 1 0 0 0 0 1 1 0 1 1 0
 1 1 0 0 0 0 1 1 1 0 1 0 0 0 1 1 1 1 1 0 0 1 0 1 0 1 0 0 0 0 0 1 1 1 0 0 0
 0 0 0 1 1 1 0 1 1 1 1 1 1 1 1 0 0 1 1 0 1 0 1 0 0 0]
 Training accuracy at 19700 out of 20000 is 0.981(0.550),cost is 4.745(1.744)
[1 1 0 1 1 1 0 0 1 1 1 1 1 1 0 0 1 1 1 1 1 1 1 0 0 0 1 0 0 0 0 1 0 0 1 1 0
 0 1 0 0 0 0 1 1 1 0 1 0 0 0 1 1 1 1 1 0 0 1 0 1 0 1 0 0 0 0 0 1 1 1 0 1 0
 0 0 0 1 1 1 0 1 1 1 1 0 1 1 1 0 0 1 0 1 1 0 1 0 0 0]
 Training accuracy at 19800 out of 20000 is 0.981(0.540),cost is 4.545(1.760)
[1 0 0 0 1 1 0 0 1 1 1 1 1 1 0 0 1 1 1 1 1 1 1 0 0 0 0 0 0 0 0 1 0 1 1 1 0
 1 1 0 0 0 0 1 1 1 0 1 0 0 0 1 0 1 1 1 0 0 1 1 1 0 0 1 0 0 0 0 1 1 1 0 0 0
 0 0 0 1 0 1 0 1 1 1 1 1 1 1 1 0 0 1 1 0 1 0 1 0 0 0]
 Training accuracy at 19900 out of 20000 is 0.979(0.560),cost is 5.126(1.755)
pred real
2    1
1    2
1    2
1    2
2    1
2    2
1    2
1    1
2    2
2    2
2    1
2    1
2    1
2    2
1    2
1    1
2    1
2    2
2    1
1    1
2    2
2    2
2    2
2    2
1    1
1    1
2    1
1    1
1    2
1    1
1    1
2    1
2    1
2    1
2    2
2    2
1    1
1    1
2    1
1    1
1    1
1    2
1    1
2    1
2    2
2    2
1    1
2    2
1    1
1    1
1    2
2    1
1    1
2    1
2    1
2    1
1    2
1    2
2    2
2    2
2    1
1    1
1    1
2    1
1    1
1    1
1    2
1    2
2    2
2    2
2    1
2    1
1    1
1    2
1    2
1    2
1    1
2    2
2    1
2    1
1    1
2    2
2    1
2    2
2    2
2    2
2    2
2    2
2    1
1    2
1    1
2    2
2    2
1    2
2    2
1    2
2    2
1    2
1    1
1    2
time:0 The accuracy on the test data is 0.550, before training was 0.550
0.55
