Train 1155 samples in approximately 2597 epochs
Finished computation graph
[1 1 1 1 1 1 1 1 1 1 1 1 1 1 1 1 1 1 1 1 1 1 1 1 1 1 1 1 1 1 1 1 1 1 1 1 1
 1 1 1 1 1 1 1 1 1 1 1 1 1 1 1 1 1 1 1 1 1 1 1 1 1 1 1 1 1 1 1 1 1 1 1 1 1
 1 1 1 1 1 1 1 1 1 1 1 1 1 1 1 1 1 1 1 1 1 1 1 1 1 1]
At     1/30000: COST 0.986/0.853(0.699) -- Acc 0.510/0.490(0.010)
[1 1 0 1 1 1 1 1 1 1 0 1 1 1 1 0 0 1 0 1 1 1 1 1 0 0 0 1 0 1 0 1 1 0 0 0 0
 1 1 1 0 0 1 1 1 0 1 1 0 1 1 1 1 1 1 1 1 1 1 1 0 1 1 0 1 0 1 1 1 0 1 1 1 0
 1 1 1 1 0 1 1 1 0 0 1 0 1 0 1 0 1 1 0 0 1 1 1 0 1 1]
At   101/30000: COST 0.692/0.715(0.706) -- Acc 0.530/0.450(0.340)
[1 1 1 0 1 1 1 1 1 1 1 1 1 1 1 1 1 1 1 1 1 1 1 1 1 1 1 0 1 1 1 0 1 1 1 1 1
 1 1 1 1 0 1 1 1 1 1 0 1 1 1 1 1 1 0 1 0 1 0 1 1 1 1 1 1 1 0 1 0 0 1 0 1 1
 1 1 1 1 1 1 1 1 1 1 1 0 1 1 1 1 0 0 1 1 1 1 1 1 1 1]
At   201/30000: COST 0.680/0.717(0.696) -- Acc 0.580/0.480(0.471)
[1 0 0 1 1 1 1 1 1 1 0 1 1 1 0 1 1 0 1 0 0 0 1 0 0 1 1 0 1 0 1 0 0 0 0 0 1
 1 1 0 1 1 0 1 1 1 1 1 1 0 1 1 0 0 1 1 1 0 0 1 1 0 1 0 1 0 1 1 0 1 1 0 0 1
 0 0 0 1 0 1 1 0 0 0 1 0 0 1 1 0 1 1 0 1 0 1 0 1 0 1]
At   301/30000: COST 0.677/0.713(0.690) -- Acc 0.570/0.430(0.518)
[0 0 1 1 0 1 1 1 0 1 1 1 0 1 0 1 0 1 0 0 1 0 0 1 0 0 1 1 0 1 0 1 1 1 0 0 0
 0 1 1 0 0 1 0 0 1 0 0 0 0 0 0 0 1 0 1 1 0 0 1 1 1 1 1 1 0 1 0 0 0 1 0 1 1
 1 1 0 0 1 1 1 0 0 0 0 1 1 0 1 1 0 1 1 0 0 1 1 0 0 0]
At   401/30000: COST 0.702/0.711(0.688) -- Acc 0.470/0.400(0.537)
[1 1 1 1 0 1 1 1 0 0 1 1 1 0 1 1 1 0 1 0 0 0 1 1 0 1 1 1 0 0 0 0 0 1 1 1 1
 0 0 1 0 1 1 1 1 1 0 1 0 0 0 0 1 1 1 0 1 1 1 1 1 1 0 0 1 0 0 1 1 0 1 0 0 1
 1 0 0 1 1 1 1 0 1 0 0 0 0 1 0 1 0 1 1 0 0 0 1 1 1 0]
At   501/30000: COST 0.715/0.715(0.685) -- Acc 0.460/0.420(0.551)
[1 0 1 0 1 0 1 1 0 1 1 1 1 0 1 1 0 0 1 1 1 0 0 1 0 0 1 0 0 1 1 1 0 1 1 1 1
 0 0 1 1 1 1 1 1 1 1 1 0 0 1 1 1 1 1 1 1 1 0 1 1 0 1 0 1 0 0 1 0 1 0 1 0 1
 1 0 1 1 1 1 1 1 0 0 1 1 0 0 0 1 0 1 1 0 1 0 1 1 0 0]
At   601/30000: COST 0.662/0.728(0.680) -- Acc 0.610/0.500(0.560)
[0 0 1 0 1 0 1 0 0 1 0 1 1 1 0 1 0 0 0 1 0 1 1 0 0 1 0 0 1 0 0 0 1 1 0 1 1
 1 1 0 1 1 1 0 0 1 1 1 0 0 0 1 1 1 0 0 0 0 0 0 1 1 0 0 0 0 1 1 0 1 0 0 0 0
 1 1 1 0 1 0 0 1 1 1 1 1 1 0 1 1 0 1 0 1 1 1 1 0 1 1]
At   701/30000: COST 0.669/0.725(0.674) -- Acc 0.600/0.490(0.574)
[0 1 0 1 1 0 0 0 1 0 1 1 1 0 0 1 0 0 1 0 0 1 0 1 1 0 1 1 1 0 0 0 0 1 0 0 0
 1 0 1 1 1 1 1 0 1 0 1 1 0 0 1 1 0 1 0 1 0 0 0 1 0 1 0 0 0 1 1 1 0 0 0 1 1
 0 1 1 0 1 1 0 0 1 0 1 1 1 0 1 1 1 1 0 0 1 0 0 1 0 0]
At   801/30000: COST 0.636/0.730(0.662) -- Acc 0.630/0.470(0.596)
[1 0 0 1 1 1 1 0 0 0 0 1 1 0 1 0 0 1 1 1 1 1 0 1 0 1 0 0 1 0 0 0 1 0 1 1 1
 0 0 1 0 0 1 1 0 0 1 1 0 0 1 1 0 1 0 1 1 0 1 1 0 1 0 1 0 1 1 1 1 1 0 1 1 1
 1 0 1 0 0 1 1 0 0 0 1 0 0 1 0 1 1 1 0 0 0 0 0 0 1 0]
At   901/30000: COST 0.638/0.755(0.654) -- Acc 0.620/0.450(0.611)
[0 0 1 0 1 0 0 0 1 1 0 1 0 0 0 1 1 0 0 0 1 1 1 0 1 1 0 1 0 0 0 1 0 0 1 0 1
 1 0 1 1 0 0 1 0 0 1 0 0 0 0 0 1 0 1 0 0 0 0 1 1 1 0 0 0 1 1 0 1 1 0 0 0 1
 1 0 1 0 0 1 0 0 0 1 0 0 1 0 1 1 1 1 1 1 1 1 0 1 1 1]
At  1001/30000: COST 0.627/0.782(0.641) -- Acc 0.620/0.500(0.627)
[1 1 0 1 1 1 1 1 0 0 1 0 1 1 1 1 1 1 1 1 1 0 1 0 0 0 0 1 0 1 0 1 0 1 1 1 0
 0 1 1 0 0 1 0 1 0 0 1 1 1 0 0 0 0 1 0 1 0 0 1 1 0 0 0 1 1 1 1 1 0 1 0 1 1
 1 0 0 1 1 0 1 0 0 0 1 1 0 1 1 0 0 0 1 0 1 1 0 1 0 0]
At  1101/30000: COST 0.644/0.787(0.630) -- Acc 0.650/0.540(0.642)
[0 0 1 0 0 1 1 0 1 0 0 1 0 1 0 1 0 0 0 0 0 0 0 0 1 1 1 0 1 0 1 0 0 0 0 0 1
 1 1 0 0 1 1 0 0 0 1 1 1 0 0 1 1 1 0 0 1 1 0 0 0 0 1 1 1 0 0 1 0 1 0 1 1 1
 1 1 1 1 0 1 1 1 1 0 1 1 1 0 0 1 0 1 1 0 0 0 0 0 0 0]
At  1201/30000: COST 0.568/0.781(0.621) -- Acc 0.720/0.600(0.650)
[1 1 1 0 1 0 1 0 0 0 1 1 0 1 1 1 0 0 0 0 1 1 0 0 0 1 0 1 1 1 0 0 1 0 0 1 1
 0 1 1 0 0 0 0 1 1 1 1 0 1 1 0 1 0 0 0 1 1 0 1 0 1 1 0 0 1 0 1 0 1 1 0 0 1
 1 1 0 1 0 1 0 1 1 1 1 0 0 0 1 0 0 1 1 1 0 0 0 0 0 0]
At  1301/30000: COST 0.581/0.830(0.608) -- Acc 0.670/0.530(0.661)
[1 0 1 1 1 0 1 1 0 0 1 1 1 0 0 0 0 1 1 1 1 1 1 1 1 0 1 1 1 1 0 1 1 1 0 0 1
 0 1 0 0 0 1 1 1 0 0 0 0 1 1 1 1 0 0 1 0 1 1 0 0 1 1 0 0 0 1 0 1 0 0 1 1 0
 1 1 1 1 0 0 0 1 0 0 0 0 1 1 0 1 0 1 0 1 0 1 0 0 1 0]
At  1401/30000: COST 0.649/0.815(0.596) -- Acc 0.650/0.550(0.671)
[1 0 0 1 0 0 0 1 1 0 1 1 1 1 0 1 1 1 0 0 1 0 0 1 0 0 0 1 1 1 0 1 1 0 0 1 1
 0 0 1 0 1 0 0 1 0 1 1 0 0 0 1 0 0 0 1 0 1 1 0 0 1 1 1 0 1 0 1 0 1 0 1 0 0
 0 0 0 0 0 1 0 0 0 1 1 1 1 1 0 1 0 1 1 1 1 1 1 1 1 1]
At  1501/30000: COST 0.579/0.818(0.591) -- Acc 0.690/0.590(0.676)
[1 1 1 0 1 1 0 0 0 0 1 0 0 1 1 1 1 1 1 1 0 1 0 0 0 0 0 1 1 1 0 0 1 0 1 0 1
 1 0 1 1 1 0 1 1 0 1 1 0 0 0 0 0 0 1 0 1 0 1 1 1 1 0 1 0 1 1 1 1 0 1 1 1 1
 1 1 0 0 1 0 1 1 1 1 0 1 1 0 1 0 1 1 0 0 0 0 0 0 1 1]
At  1601/30000: COST 0.529/0.920(0.570) -- Acc 0.690/0.540(0.689)
[1 1 1 1 1 0 1 0 1 1 1 1 1 1 0 0 1 0 1 0 1 0 1 1 0 1 1 0 1 1 1 0 1 1 1 1 1
 1 0 1 1 1 1 0 0 1 0 0 0 1 1 0 1 0 1 0 1 0 1 1 0 1 1 1 0 1 1 1 0 0 1 1 1 0
 1 0 0 1 0 1 1 0 1 1 1 1 1 0 1 0 1 0 1 1 0 1 1 1 1 0]
At  1701/30000: COST 0.576/0.926(0.572) -- Acc 0.630/0.510(0.684)
[1 1 1 0 0 0 1 1 1 0 0 0 1 1 1 1 1 1 0 1 1 1 1 1 1 0 0 0 1 0 1 1 0 1 1 0 0
 1 1 1 1 0 1 0 1 0 1 1 0 1 1 1 1 1 1 0 1 0 1 0 0 1 0 1 1 1 1 0 0 1 1 0 1 0
 0 1 1 1 1 1 0 0 0 1 0 1 1 1 1 1 1 1 0 0 1 0 1 0 1 1]
At  1801/30000: COST 0.560/0.926(0.574) -- Acc 0.720/0.570(0.685)
[1 0 1 0 1 1 0 0 1 1 1 0 1 0 1 1 0 0 1 1 0 1 1 1 1 0 1 0 0 0 1 0 0 1 1 0 0
 0 1 0 1 0 0 0 1 0 0 1 1 0 1 1 1 1 0 0 1 0 1 0 1 0 1 1 0 1 0 1 1 0 1 0 1 0
 0 1 1 1 0 1 1 0 1 1 0 1 1 1 1 1 0 1 0 1 1 1 0 1 0 1]
At  1901/30000: COST 0.471/0.923(0.557) -- Acc 0.800/0.580(0.700)
[0 1 0 0 0 0 1 1 1 1 0 1 0 1 1 1 1 0 1 0 0 1 1 0 0 1 1 1 0 1 0 1 0 1 0 1 1
 0 1 1 0 1 0 1 0 1 1 1 1 1 1 1 1 0 0 0 0 0 1 0 0 1 1 0 1 1 1 0 1 0 0 1 1 1
 1 1 0 0 1 1 0 1 0 0 0 0 1 1 1 1 0 1 1 0 1 1 1 1 1 0]
At  2001/30000: COST 0.563/0.940(0.549) -- Acc 0.670/0.540(0.704)
[0 0 1 1 1 0 1 0 0 0 1 1 0 1 1 0 1 0 0 0 0 1 0 0 1 0 0 1 1 0 1 0 0 1 0 1 0
 1 1 1 0 0 1 1 1 1 0 0 1 1 1 0 0 1 1 1 1 0 0 1 1 1 1 0 0 1 0 1 1 0 0 0 0 1
 1 0 0 0 1 0 0 0 1 0 1 1 0 0 0 1 1 1 1 0 0 0 1 1 1 0]
At  2101/30000: COST 0.539/0.982(0.545) -- Acc 0.740/0.550(0.706)
[0 1 1 1 0 1 0 1 0 0 1 0 1 0 1 1 0 0 0 0 1 0 1 1 1 0 1 0 1 0 0 1 0 0 1 0 1
 0 0 1 0 1 0 1 0 0 1 1 0 0 0 1 1 1 1 0 0 1 1 1 0 1 0 1 1 1 1 1 0 1 1 0 1 1
 0 0 1 0 1 0 1 0 1 1 1 1 1 1 1 1 0 0 0 0 0 0 1 1 1 1]
At  2201/30000: COST 0.625/0.850(0.543) -- Acc 0.640/0.560(0.704)
[0 0 1 0 1 1 1 1 0 0 0 1 1 1 0 0 1 1 1 1 1 1 0 1 0 1 1 0 0 1 1 0 0 0 0 1 1
 1 1 0 1 1 1 1 0 0 1 0 0 1 1 0 1 0 0 0 1 0 0 1 1 0 1 1 1 0 1 0 1 1 0 0 0 1
 1 0 1 1 1 1 0 1 1 1 1 1 0 0 1 0 0 0 1 1 1 1 1 1 1 0]
At  2301/30000: COST 0.502/0.875(0.532) -- Acc 0.780/0.560(0.713)
[0 0 1 0 1 1 0 1 0 1 1 1 0 1 0 1 0 1 0 1 0 0 0 1 1 0 1 1 0 1 0 1 1 0 1 0 0
 0 1 0 0 1 0 0 0 0 1 1 1 0 0 1 0 1 1 1 0 1 1 0 1 0 1 0 1 0 0 1 1 1 0 0 1 1
 1 1 1 0 1 1 0 1 0 0 0 0 1 0 1 0 1 0 1 1 1 1 0 1 0 1]
At  2401/30000: COST 0.584/0.999(0.530) -- Acc 0.660/0.520(0.718)
[0 1 1 0 1 1 0 0 0 1 0 0 1 1 1 1 1 1 1 0 1 0 1 0 1 0 0 0 0 0 0 1 0 1 0 1 0
 0 0 1 1 1 0 0 0 1 1 1 0 0 0 1 0 0 1 0 0 1 0 1 1 0 0 1 0 1 0 1 1 1 1 0 1 1
 0 1 1 1 1 1 0 1 0 0 1 1 0 0 1 1 1 0 1 1 1 1 1 1 1 0]
At  2501/30000: COST 0.559/1.046(0.512) -- Acc 0.700/0.540(0.723)
[1 1 0 0 0 0 0 1 1 1 0 1 0 1 0 1 0 1 0 0 0 0 1 1 0 0 1 1 1 0 1 0 0 1 0 0 1
 0 0 1 0 1 1 0 0 1 0 1 0 1 0 1 0 0 1 0 1 0 1 0 0 1 1 0 1 0 0 1 0 1 1 0 1 0
 1 1 0 1 1 1 0 0 1 1 0 0 0 1 0 1 1 1 0 1 0 0 0 0 1 1]
At  2601/30000: COST 0.431/1.090(0.506) -- Acc 0.770/0.530(0.731)
[0 1 0 1 1 1 1 1 0 1 0 0 0 1 0 0 1 1 1 0 1 1 1 1 0 1 0 0 0 0 1 0 0 1 1 0 0
 1 0 0 1 0 1 0 0 1 0 1 0 0 0 1 0 1 0 1 1 1 0 0 0 0 1 1 1 1 1 0 0 1 0 1 0 0
 1 1 1 1 0 0 1 0 1 1 1 1 1 1 0 1 1 0 0 0 0 1 1 1 0 0]
At  2701/30000: COST 0.590/1.201(0.495) -- Acc 0.690/0.570(0.737)
[0 1 0 1 0 1 1 1 0 0 0 0 0 1 1 1 1 1 1 1 0 0 0 1 1 1 1 1 1 0 1 1 0 1 1 1 1
 0 0 1 0 0 1 0 1 0 1 0 0 0 1 1 1 0 0 0 0 1 0 1 1 0 1 0 0 0 1 1 1 1 1 0 1 0
 0 0 0 0 1 1 0 1 1 0 1 1 1 0 0 0 0 0 0 1 0 1 1 0 0 1]
At  2801/30000: COST 0.470/1.085(0.507) -- Acc 0.720/0.550(0.732)
[1 1 1 1 0 1 0 0 1 1 1 0 1 0 0 0 1 1 0 0 1 0 0 0 1 1 1 0 1 0 0 0 0 0 0 0 0
 1 0 1 0 0 1 0 1 1 1 0 1 1 1 1 0 1 1 0 1 1 0 1 0 0 1 1 0 1 0 1 0 0 1 0 1 1
 1 1 1 1 0 1 1 1 1 0 1 0 0 1 0 1 0 0 0 1 1 1 1 0 0 0]
At  2901/30000: COST 0.459/1.260(0.508) -- Acc 0.710/0.480(0.726)
[1 1 1 0 1 0 1 1 1 0 0 1 1 1 1 1 1 0 0 1 0 1 0 0 0 1 0 1 1 1 0 0 1 0 1 1 1
 1 0 0 1 0 0 1 0 0 1 1 0 1 1 0 0 1 1 0 1 1 0 0 0 1 0 0 0 1 0 1 0 1 1 0 0 0
 0 0 0 1 1 1 1 1 0 0 1 0 1 0 1 1 1 1 1 0 0 0 1 1 1 1]
At  3001/30000: COST 0.498/1.178(0.504) -- Acc 0.730/0.520(0.731)
[1 1 0 0 1 0 0 0 1 0 0 1 1 1 0 0 0 1 1 0 0 1 0 1 1 1 0 1 0 0 1 1 1 0 1 1 1
 0 1 1 0 0 1 0 1 1 1 1 0 1 1 0 1 1 0 1 1 0 1 0 1 1 0 0 0 0 0 1 1 1 0 1 1 0
 1 0 0 1 0 1 0 1 0 0 0 1 1 1 0 1 0 1 0 0 1 1 0 0 0 0]
At  3101/30000: COST 0.413/1.212(0.483) -- Acc 0.810/0.550(0.740)
[1 0 0 1 1 1 1 0 0 0 1 0 1 0 1 0 1 0 1 1 1 1 0 0 0 0 0 1 0 0 0 0 0 1 0 0 1
 1 1 1 0 0 1 1 0 0 1 0 1 1 1 0 0 0 0 1 0 0 0 0 0 0 0 1 1 0 1 1 0 0 1 0 0 1
 1 0 1 0 0 0 1 0 1 1 0 0 1 1 0 1 1 1 1 1 1 1 0 0 1 0]
At  3201/30000: COST 0.466/1.370(0.466) -- Acc 0.750/0.500(0.751)
[0 1 1 1 1 0 0 0 1 0 1 1 0 1 0 1 0 1 1 0 1 1 1 0 1 0 0 1 1 0 0 1 0 0 1 1 1
 0 1 0 0 1 0 0 1 1 0 1 1 1 0 1 1 0 1 1 0 0 1 0 1 0 1 0 0 1 1 0 1 0 1 1 1 0
 0 1 0 1 0 1 0 1 0 0 1 0 1 1 1 0 1 0 0 0 1 0 1 1 0 1]
At  3301/30000: COST 0.425/1.318(0.465) -- Acc 0.780/0.550(0.753)
[1 1 1 0 1 1 1 1 0 1 0 0 1 1 1 0 1 0 1 0 1 0 0 0 1 0 1 1 1 1 0 0 1 1 1 0 1
 0 0 1 1 0 0 1 1 0 1 0 1 1 0 1 1 1 1 0 0 1 1 1 1 1 0 0 0 0 1 0 0 1 0 1 0 1
 0 0 1 0 1 0 0 1 0 0 1 0 1 0 1 1 0 1 0 1 1 1 1 1 0 1]
At  3401/30000: COST 0.559/1.304(0.474) -- Acc 0.690/0.520(0.750)
[1 1 0 0 0 1 0 1 1 0 1 1 1 1 0 0 1 0 0 0 1 0 1 1 0 0 0 0 0 1 1 0 1 1 0 1 1
 0 1 0 1 0 0 1 1 0 0 0 0 0 0 1 1 1 1 0 1 1 1 1 0 0 1 1 0 1 1 0 1 0 0 0 1 1
 1 1 1 0 0 1 1 1 1 0 0 1 1 1 0 1 0 1 1 0 0 1 0 1 1 0]
At  3501/30000: COST 0.494/1.153(0.481) -- Acc 0.760/0.570(0.743)
[0 1 1 0 1 0 1 0 1 0 0 0 1 0 1 1 1 1 1 0 1 1 0 1 0 0 0 1 1 0 0 0 1 0 0 1 1
 0 0 1 0 0 1 0 0 0 1 1 0 0 1 1 1 1 1 0 0 1 1 0 0 0 1 1 0 1 1 0 1 0 0 0 0 1
 1 0 0 0 0 1 0 1 1 1 0 1 0 1 0 1 1 1 0 1 1 1 1 1 1 1]
At  3601/30000: COST 0.548/1.239(0.486) -- Acc 0.710/0.500(0.743)
[0 1 0 0 1 0 0 1 0 0 1 0 1 1 1 0 1 0 1 0 0 0 1 1 0 0 1 1 1 1 1 1 0 1 1 0 0
 0 0 0 1 1 1 0 0 1 1 0 1 0 1 1 1 0 0 0 0 0 1 0 1 0 1 1 0 1 1 1 1 1 1 1 0 0
 0 0 1 1 0 1 0 1 1 0 0 1 1 1 0 1 0 0 0 0 0 0 1 1 1 1]
At  3701/30000: COST 0.434/1.228(0.469) -- Acc 0.720/0.530(0.752)
[0 1 0 0 0 0 0 0 1 0 1 1 0 0 1 1 1 0 1 0 0 1 1 1 0 0 1 0 0 1 0 0 0 1 1 0 1
 0 1 1 0 0 1 0 1 1 1 1 1 0 0 1 0 0 1 0 1 1 0 0 0 0 0 1 1 0 1 1 1 1 1 1 1 1
 0 0 1 0 0 1 0 0 1 1 1 1 0 0 0 1 0 0 0 1 1 1 1 0 1 0]
At  3801/30000: COST 0.518/1.186(0.465) -- Acc 0.710/0.530(0.754)
[0 0 0 0 0 1 1 1 0 0 1 0 0 0 1 1 0 1 0 1 0 0 1 0 1 1 1 1 1 0 0 0 1 0 1 1 1
 1 0 1 0 1 1 1 1 0 0 1 0 1 0 0 0 0 1 1 1 0 1 1 0 0 1 0 0 0 0 1 0 0 1 1 1 0
 1 0 0 1 1 1 0 0 1 0 0 1 1 0 1 0 1 0 0 1 0 0 0 1 0 0]
At  3901/30000: COST 0.402/1.251(0.454) -- Acc 0.780/0.520(0.754)
[1 0 0 0 1 0 1 1 1 1 1 1 0 0 1 0 1 1 0 1 1 0 1 0 1 1 1 0 0 1 0 1 1 0 1 1 1
 1 0 1 0 0 0 0 1 0 1 0 0 1 0 1 1 1 1 0 0 0 0 1 1 0 0 0 1 1 0 1 1 1 0 1 1 1
 1 0 1 0 1 0 0 0 1 0 1 0 0 0 1 1 1 0 1 1 0 0 0 1 0 1]
At  4001/30000: COST 0.527/1.313(0.440) -- Acc 0.690/0.530(0.765)
[1 0 0 0 0 0 0 1 1 1 0 0 1 0 0 1 1 0 1 1 0 1 1 0 1 0 1 1 1 1 1 0 1 0 0 1 1
 1 1 0 1 0 1 0 1 0 0 0 0 0 0 0 1 1 1 1 1 0 1 0 1 0 1 0 1 1 1 1 1 1 1 0 1 1
 0 1 1 0 0 0 0 0 0 1 1 1 0 1 0 1 0 0 1 0 1 0 1 0 0 1]
At  4101/30000: COST 0.481/1.300(0.459) -- Acc 0.720/0.500(0.755)
[0 0 1 0 0 0 1 1 1 1 0 1 0 0 1 0 0 0 1 0 1 0 0 0 0 1 0 1 1 0 0 1 0 1 0 0 1
 1 1 1 1 1 0 0 0 0 0 1 0 1 0 0 1 1 0 1 1 1 0 1 0 1 1 1 1 1 1 0 1 1 0 0 0 0
 1 1 0 1 0 1 1 1 0 1 1 0 0 1 0 0 0 0 0 0 1 1 1 0 0 0]
At  4201/30000: COST 0.412/1.441(0.449) -- Acc 0.760/0.530(0.760)
[1 1 1 1 0 0 0 0 0 1 0 1 1 0 1 0 1 1 0 0 0 1 1 0 1 0 1 0 1 0 1 0 1 1 0 0 0
 1 0 0 1 1 1 0 1 0 1 1 1 0 1 0 0 0 0 1 0 1 0 1 1 1 1 0 1 1 0 0 1 0 1 0 0 0
 0 1 1 0 0 1 0 1 0 1 1 1 0 0 1 0 0 1 1 0 1 1 1 0 0 1]
At  4301/30000: COST 0.404/1.438(0.439) -- Acc 0.730/0.500(0.767)
[1 1 0 0 1 0 1 1 1 0 0 0 1 0 1 1 1 1 1 1 0 0 1 1 1 0 1 0 0 0 0 1 0 1 1 0 1
 1 1 1 1 0 0 0 0 0 1 0 1 1 0 1 1 0 1 1 0 1 0 1 1 1 1 0 1 0 1 1 0 0 0 0 0 0
 1 0 1 1 1 1 0 0 1 0 0 0 0 1 0 1 1 1 1 0 1 1 0 1 0 0]
At  4401/30000: COST 0.372/1.671(0.432) -- Acc 0.800/0.510(0.773)
[1 1 1 1 0 1 1 0 0 1 1 1 1 0 0 0 0 1 0 0 0 0 1 1 0 1 1 0 0 1 1 1 1 0 0 0 1
 0 1 0 1 1 0 0 0 1 0 0 1 0 1 1 1 0 1 1 1 0 1 1 0 1 0 0 0 0 1 1 0 1 1 1 0 1
 1 0 0 1 0 1 1 0 1 0 1 1 1 0 0 1 0 0 1 0 1 1 0 0 1 0]
At  4501/30000: COST 0.439/1.689(0.440) -- Acc 0.780/0.480(0.767)
[0 0 1 1 0 0 1 1 1 0 0 0 0 1 1 1 0 1 1 0 0 1 1 1 1 1 1 0 0 1 1 1 0 1 1 1 1
 1 0 0 0 0 1 0 0 1 0 1 0 1 0 0 1 1 0 0 1 1 1 1 1 0 1 1 1 1 0 1 0 0 1 1 1 1
 1 0 1 0 0 0 0 0 1 1 0 1 1 1 1 1 0 1 0 0 1 1 1 0 0 0]
At  4601/30000: COST 0.476/1.527(0.453) -- Acc 0.740/0.480(0.761)
[1 1 0 1 0 1 1 1 0 0 0 1 1 0 0 0 1 1 0 0 0 1 1 1 1 0 1 0 1 1 0 1 1 0 0 0 1
 0 1 1 1 1 0 0 1 0 0 1 1 0 0 0 1 1 1 0 1 1 1 0 1 0 0 0 1 0 0 0 1 1 0 1 1 1
 1 0 0 1 1 1 1 1 0 0 1 1 1 0 0 1 0 0 1 1 0 0 0 1 1 1]
At  4701/30000: COST 0.455/1.407(0.461) -- Acc 0.750/0.540(0.754)
[0 0 1 1 1 0 1 0 1 0 0 1 0 1 0 1 0 0 1 0 0 0 1 1 0 1 0 1 1 0 1 0 0 1 1 1 1
 1 0 0 0 1 1 1 1 1 1 1 1 1 1 0 1 0 0 1 1 0 0 1 0 0 1 1 0 0 1 1 0 0 0 1 0 1
 0 1 0 0 1 0 1 1 0 0 0 0 0 1 0 1 0 0 0 1 0 1 0 0 1 1]
At  4801/30000: COST 0.396/1.660(0.431) -- Acc 0.800/0.490(0.773)
[0 0 1 0 0 0 1 0 0 0 0 0 0 0 1 1 0 1 1 1 0 1 0 0 1 0 1 0 1 0 1 1 0 1 0 1 0
 1 1 1 0 1 0 0 1 1 0 1 0 0 0 1 1 0 0 1 0 1 0 1 1 0 0 1 1 1 0 1 1 0 0 0 0 0
 0 1 1 0 1 0 1 1 1 0 1 0 1 1 1 1 1 1 0 0 0 0 1 1 1 0]
At  4901/30000: COST 0.439/1.472(0.425) -- Acc 0.780/0.540(0.775)
[0 1 0 1 1 1 0 1 1 1 0 1 0 1 0 0 1 0 0 0 0 1 0 0 1 0 1 0 0 0 1 1 1 0 1 1 0
 1 1 0 0 1 0 0 0 0 0 0 1 1 0 1 1 1 1 0 0 0 1 0 1 1 1 0 0 1 0 1 0 1 0 0 1 0
 0 1 1 0 1 1 0 0 0 1 1 0 1 1 1 0 0 1 1 1 0 0 0 0 0 0]
At  5001/30000: COST 0.478/1.727(0.427) -- Acc 0.730/0.500(0.776)
[1 0 0 1 0 1 1 1 0 0 1 0 0 1 0 0 0 0 0 0 0 0 0 1 0 0 0 1 0 0 0 0 0 0 1 1 0
 0 0 1 1 1 1 0 0 0 0 1 0 1 0 1 1 0 0 1 1 1 1 0 0 0 1 1 0 1 1 0 0 0 1 1 1 1
 1 0 0 0 1 0 0 0 1 1 1 0 1 0 0 1 0 1 1 0 1 1 1 1 1 0]
At  5101/30000: COST 0.410/1.518(0.417) -- Acc 0.790/0.560(0.780)
[0 0 0 1 0 0 0 1 0 0 1 1 1 1 0 1 0 1 1 1 0 1 1 1 1 0 0 1 0 0 0 0 0 1 0 1 0
 0 1 1 0 1 1 1 0 0 1 0 0 0 1 1 0 1 0 1 1 0 1 1 1 0 0 0 1 1 1 1 1 0 0 0 1 1
 0 0 0 0 0 1 0 0 0 0 1 1 0 1 1 1 1 0 0 1 1 0 1 1 0 1]
At  5201/30000: COST 0.540/1.695(0.421) -- Acc 0.720/0.550(0.776)
[1 0 1 1 0 1 0 1 0 0 1 0 0 1 0 1 0 0 1 0 1 1 1 1 0 0 0 1 1 0 0 0 1 1 0 0 0
 1 1 1 0 0 0 1 0 0 0 0 1 1 0 0 0 1 1 1 0 0 1 1 0 0 1 0 1 1 0 0 0 1 1 1 0 0
 1 0 1 1 0 1 0 0 1 1 0 0 1 0 0 0 0 1 0 1 0 1 0 1 1 0]
At  5301/30000: COST 0.361/1.674(0.423) -- Acc 0.800/0.510(0.776)
[1 0 0 0 1 1 1 1 1 0 0 1 0 0 0 0 1 0 0 0 1 1 0 1 1 1 0 0 1 0 1 0 0 0 1 0 0
 1 1 0 1 1 1 1 0 0 0 0 1 0 0 0 1 0 1 0 0 0 1 1 1 0 0 1 1 1 0 1 0 0 1 1 0 0
 0 1 0 1 0 0 0 0 1 1 0 1 1 0 1 0 0 1 1 1 0 1 0 0 0 1]
At  5401/30000: COST 0.439/1.571(0.431) -- Acc 0.770/0.530(0.775)
[1 1 1 0 1 1 1 1 0 1 0 1 0 0 0 1 1 1 0 1 1 1 1 1 0 0 0 1 0 1 0 1 0 0 1 1 1
 1 1 0 1 1 1 1 0 1 0 1 0 0 0 0 1 1 0 1 0 1 0 0 1 1 0 1 1 1 0 0 0 0 0 0 1 0
 0 0 0 1 0 0 0 1 1 0 0 1 0 0 1 0 1 1 1 0 1 0 1 0 0 0]
At  5501/30000: COST 0.426/1.496(0.432) -- Acc 0.750/0.520(0.772)
[1 0 0 1 1 1 0 1 1 0 0 1 0 1 1 1 0 0 0 1 0 0 1 1 0 0 1 1 0 1 0 1 0 0 1 0 0
 1 1 0 0 0 0 0 0 0 0 1 1 1 1 0 0 1 0 1 0 1 1 0 1 1 0 1 1 1 1 0 0 0 0 1 0 1
 1 0 1 0 1 0 1 0 1 0 1 1 0 0 0 0 1 1 0 0 1 0 1 1 0 1]
At  5601/30000: COST 0.554/1.490(0.441) -- Acc 0.710/0.560(0.766)
[1 0 0 1 1 0 0 1 1 0 1 0 0 0 0 0 0 1 1 0 1 1 0 1 0 1 1 1 1 0 0 0 1 0 1 0 0
 0 0 0 0 1 1 0 0 1 0 0 1 0 1 0 0 1 0 0 0 0 1 1 1 0 0 1 1 1 0 1 0 0 1 1 0 1
 0 0 0 1 1 1 0 1 1 1 0 0 1 0 1 1 0 0 1 1 0 0 0 1 0 0]
At  5701/30000: COST 0.512/1.738(0.429) -- Acc 0.700/0.520(0.773)
[0 1 0 1 0 1 1 1 0 1 0 1 0 1 0 1 1 0 0 1 0 0 1 0 0 0 0 0 1 0 0 1 0 1 0 1 1
 0 1 1 1 0 1 1 0 1 0 0 0 1 0 0 0 0 1 0 0 1 1 1 1 0 0 1 1 1 0 0 0 1 0 1 0 1
 0 1 1 1 0 0 1 1 0 0 0 1 0 0 1 1 1 0 1 1 0 1 0 0 1 1]
At  5801/30000: COST 0.394/1.849(0.422) -- Acc 0.800/0.520(0.776)
[1 0 0 0 0 0 0 0 0 0 0 0 1 0 0 1 0 0 0 0 1 1 1 1 1 0 0 1 0 1 0 0 1 0 0 0 0
 1 0 1 1 0 0 0 1 1 1 0 1 0 1 1 0 0 0 1 0 1 0 1 0 1 1 0 1 1 1 1 1 0 1 0 1 1
 0 1 1 1 1 1 0 1 0 1 0 1 0 1 1 0 1 1 1 0 1 0 1 1 0 1]
At  5901/30000: COST 0.421/2.090(0.420) -- Acc 0.760/0.510(0.777)
[0 1 1 0 1 0 0 0 0 0 0 0 0 1 1 1 0 1 1 0 0 0 1 1 0 0 0 0 1 1 1 1 0 0 0 0 0
 0 0 1 1 0 0 0 1 1 0 1 0 1 1 1 0 0 1 1 1 0 0 1 1 1 1 0 1 0 0 0 0 1 0 0 1 1
 1 0 1 1 0 1 0 1 0 1 0 0 0 1 0 1 1 0 1 1 1 1 0 1 1 0]
At  6001/30000: COST 0.435/2.007(0.412) -- Acc 0.670/0.510(0.784)
[0 1 1 0 0 0 1 0 1 0 0 1 0 1 0 0 1 0 1 0 0 1 0 1 0 1 1 1 0 1 0 0 0 0 1 0 1
 0 0 0 0 1 0 0 0 1 0 0 1 0 0 1 1 1 1 0 1 1 1 0 1 0 1 0 1 0 0 0 1 1 1 1 0 0
 0 1 0 1 0 1 1 0 1 1 0 1 1 1 0 1 1 0 0 1 0 0 1 0 1 0]
At  6101/30000: COST 0.426/1.848(0.409) -- Acc 0.770/0.580(0.786)
[0 0 1 0 1 0 1 0 0 1 0 0 1 1 1 0 0 1 0 0 1 0 1 1 0 1 1 1 0 0 1 0 1 0 0 0 0
 0 0 1 0 0 0 1 1 1 0 0 1 0 1 1 1 1 0 0 1 1 0 1 1 1 0 1 0 0 1 0 1 0 0 0 1 0
 0 1 0 0 0 1 1 0 0 0 1 0 1 1 1 0 0 1 0 1 0 1 1 0 0 0]
At  6201/30000: COST 0.393/2.221(0.406) -- Acc 0.720/0.520(0.786)
[1 0 0 0 0 0 0 0 0 1 1 1 0 0 1 0 0 0 0 1 1 0 0 1 1 0 1 1 1 1 0 0 1 0 0 0 0
 1 1 0 0 0 0 1 0 1 1 1 0 0 0 0 0 0 0 0 1 1 0 1 1 0 1 0 1 1 0 1 1 1 1 1 0 0
 0 1 0 0 1 0 0 0 1 0 1 1 1 1 1 1 1 0 0 0 1 0 1 0 1 1]
At  6301/30000: COST 0.398/2.038(0.401) -- Acc 0.760/0.510(0.789)
[0 0 1 1 0 0 0 1 0 1 0 0 1 1 1 0 1 0 1 1 0 0 1 0 1 1 1 1 1 0 0 1 0 1 0 0 0
 0 0 1 0 0 1 1 1 0 0 0 1 0 0 0 1 0 0 0 1 0 0 0 0 0 1 1 0 0 1 1 1 0 0 0 1 1
 0 0 1 0 0 0 0 1 1 0 1 1 1 1 0 1 1 0 0 0 0 1 1 0 0 1]
At  6401/30000: COST 0.385/1.883(0.411) -- Acc 0.800/0.550(0.786)
[0 1 1 1 1 1 1 0 0 0 0 0 1 1 0 0 0 1 1 0 0 0 0 0 0 1 0 1 1 1 1 1 0 1 0 0 1
 1 1 0 0 0 0 1 1 0 0 0 1 0 0 0 0 0 0 1 1 0 0 1 1 0 0 1 1 1 1 0 0 1 1 1 1 0
 0 1 0 1 1 1 0 1 1 1 0 0 1 1 0 0 0 0 0 0 1 0 0 0 0 1]
At  6501/30000: COST 0.425/1.776(0.409) -- Acc 0.750/0.550(0.787)
[0 1 1 0 0 0 0 0 0 1 0 1 0 0 1 1 1 1 0 0 0 1 0 1 1 1 0 1 0 1 0 1 1 1 0 0 1
 1 0 0 1 1 0 0 0 0 0 1 0 1 0 0 0 0 0 1 0 1 1 0 0 1 1 0 1 1 1 1 0 0 0 0 1 0
 1 0 0 0 1 0 1 0 0 0 0 0 0 0 1 0 0 0 0 1 1 0 1 1 0 0]
At  6601/30000: COST 0.437/2.062(0.411) -- Acc 0.720/0.500(0.782)
[1 0 1 0 1 1 0 0 0 1 1 1 0 0 1 1 1 1 1 1 1 1 0 0 1 0 1 1 1 0 0 0 0 0 1 0 0
 0 1 1 0 0 1 1 0 0 0 0 0 0 0 1 0 1 0 1 1 0 1 0 0 1 0 1 0 0 1 0 0 0 0 0 1 0
 0 1 0 0 1 0 1 1 0 1 0 0 1 1 1 0 1 0 0 0 1 1 1 1 0 1]
At  6701/30000: COST 0.456/2.078(0.396) -- Acc 0.790/0.540(0.793)
[0 0 0 0 1 1 0 1 1 0 0 1 1 1 1 0 1 0 1 0 0 0 1 0 0 0 0 1 1 1 1 0 0 1 1 0 1
 1 0 1 0 1 0 0 0 1 0 0 1 1 1 1 0 1 0 0 0 1 1 1 1 1 0 1 0 1 1 0 0 0 1 1 0 1
 1 1 0 0 1 0 0 0 1 0 0 1 0 0 0 0 1 0 1 1 0 0 0 0 1 1]
At  6801/30000: COST 0.407/1.801(0.427) -- Acc 0.770/0.570(0.782)
[1 0 0 0 0 0 0 1 1 1 1 0 0 0 1 0 1 0 0 1 0 1 0 1 1 0 1 0 0 1 0 0 1 1 1 0 0
 0 0 0 0 1 0 1 1 0 0 0 1 1 1 0 0 0 1 0 0 1 1 1 1 1 0 0 1 0 1 1 1 0 1 0 0 0
 0 0 1 1 0 1 0 0 0 1 0 0 0 0 0 1 1 1 1 1 1 1 1 0 0 1]
At  6901/30000: COST 0.435/1.697(0.418) -- Acc 0.780/0.530(0.781)
[0 0 0 1 0 0 0 0 0 1 1 0 1 1 1 1 1 1 1 1 1 1 0 0 0 0 1 1 0 1 0 1 1 1 0 1 1
 1 0 0 0 0 0 0 1 1 0 0 0 0 1 1 0 1 0 1 1 0 0 0 0 1 1 1 0 1 1 1 0 1 0 0 1 1
 0 0 0 0 0 1 0 1 0 0 0 1 0 1 0 1 0 1 0 1 1 1 1 0 0 0]
At  7001/30000: COST 0.424/1.413(0.426) -- Acc 0.760/0.590(0.780)
[0 1 0 1 1 0 0 0 0 1 1 1 1 0 0 0 1 0 0 0 1 0 1 0 0 0 0 1 1 0 1 0 0 0 1 0 1
 0 0 0 0 1 0 0 0 1 0 1 0 0 1 0 1 1 0 1 0 1 0 0 1 0 0 1 0 1 1 0 1 0 1 0 0 1
 0 1 1 1 1 0 0 0 0 0 1 1 1 1 1 1 0 0 0 0 1 0 0 0 1 1]
At  7101/30000: COST 0.426/1.704(0.427) -- Acc 0.760/0.540(0.780)
[0 1 1 1 0 1 0 0 0 0 1 1 1 1 0 0 1 0 0 0 0 0 0 1 0 1 0 0 1 1 0 0 1 0 1 0 1
 1 1 0 1 1 0 1 1 1 1 0 0 1 1 0 1 1 0 0 0 0 1 0 1 1 1 1 0 1 1 1 1 0 1 1 1 0
 0 0 1 0 0 0 0 0 0 1 0 0 1 0 1 0 0 1 1 0 0 0 1 1 1 1]
At  7201/30000: COST 0.363/1.854(0.405) -- Acc 0.810/0.510(0.788)
[1 0 0 1 1 0 0 1 0 0 0 1 0 0 0 1 1 1 1 0 0 1 0 1 0 1 0 0 1 1 1 0 0 0 0 0 0
 1 0 0 0 0 1 1 0 1 0 0 0 0 1 1 0 0 1 1 1 0 1 0 0 0 1 1 0 0 0 1 0 1 1 0 0 1
 1 0 1 0 0 1 0 1 1 0 1 0 1 0 1 1 0 0 0 1 0 0 0 1 1 1]
At  7301/30000: COST 0.428/1.709(0.395) -- Acc 0.770/0.570(0.793)
[1 0 1 0 1 1 1 1 1 0 0 0 0 0 1 0 1 0 1 1 1 1 1 0 1 1 0 1 0 1 0 1 1 0 1 0 0
 1 0 1 1 1 0 1 1 1 0 0 1 1 0 0 0 1 0 0 0 0 0 1 1 0 1 0 0 0 0 0 1 0 1 1 1 1
 0 1 0 1 1 1 0 1 0 0 1 0 1 0 0 0 0 1 0 1 1 0 0 1 0 0]
At  7401/30000: COST 0.282/1.790(0.383) -- Acc 0.850/0.530(0.797)
[1 0 0 1 0 0 1 0 0 1 1 0 0 1 1 1 1 0 1 1 1 0 1 0 1 1 0 1 0 0 0 0 0 1 0 1 1
 1 0 1 0 0 1 0 1 0 0 1 1 1 0 0 1 1 1 0 1 1 1 0 1 1 0 0 1 1 1 0 0 0 0 1 0 0
 0 1 0 0 1 0 0 0 0 1 0 1 0 0 0 0 0 0 0 0 0 1 0 0 0 1]
At  7501/30000: COST 0.394/1.936(0.377) -- Acc 0.770/0.510(0.801)
[1 0 0 0 0 0 0 0 0 0 0 0 0 1 1 1 0 0 0 1 1 1 0 0 0 0 0 0 1 0 0 0 1 0 1 1 1
 0 1 0 0 0 0 0 1 1 0 0 0 0 0 0 1 0 0 0 1 0 1 0 1 0 0 0 1 1 1 0 0 1 0 1 1 0
 0 1 0 1 0 0 1 0 0 1 1 1 0 0 1 1 0 0 0 1 0 0 1 1 0 0]
At  7601/30000: COST 0.352/1.998(0.388) -- Acc 0.810/0.490(0.799)
[1 0 0 1 0 0 1 1 0 1 1 1 0 0 1 0 1 0 1 1 0 1 0 0 1 1 1 0 0 0 0 0 0 1 0 0 1
 0 0 1 1 0 0 0 1 0 0 0 1 1 0 0 1 0 0 0 1 1 1 0 0 0 0 0 0 1 0 0 1 0 0 0 0 1
 0 1 1 1 0 0 0 1 1 0 1 1 0 0 1 1 1 0 1 1 1 0 0 0 0 0]
At  7701/30000: COST 0.471/1.828(0.426) -- Acc 0.770/0.490(0.785)
[1 1 0 0 1 1 1 1 0 1 0 1 1 1 0 1 0 0 1 1 1 1 0 1 1 0 1 1 0 1 0 0 0 1 1 0 1
 0 0 0 1 0 0 1 1 1 0 1 0 0 0 0 1 1 0 1 0 0 0 0 0 0 0 1 0 1 1 0 0 0 0 1 1 0
 1 1 1 0 0 0 1 0 1 0 0 1 0 1 0 1 0 1 0 0 1 1 0 0 1 0]
At  7801/30000: COST 0.494/1.761(0.415) -- Acc 0.680/0.490(0.785)
[1 1 1 0 1 0 1 0 1 1 0 1 0 1 1 0 1 0 1 1 1 0 0 1 1 1 1 1 1 0 0 0 0 1 0 0 1
 1 1 1 1 1 0 0 0 0 0 1 0 1 0 0 1 0 0 1 1 1 0 0 1 0 0 0 1 0 0 1 1 0 0 0 1 0
 0 0 0 0 1 0 1 0 1 0 0 1 0 0 0 0 1 0 0 0 1 1 1 1 0 0]
At  7901/30000: COST 0.403/1.678(0.402) -- Acc 0.770/0.540(0.788)
[0 0 1 0 0 1 0 1 1 1 1 1 0 0 1 0 0 0 0 0 0 0 0 1 0 1 1 0 0 1 1 0 1 0 0 0 0
 0 0 1 1 1 0 0 1 1 0 1 0 1 1 0 1 0 1 0 1 0 1 0 1 0 0 0 1 0 1 1 1 1 0 1 0 1
 0 0 0 0 0 1 0 0 0 1 1 0 0 1 0 1 0 1 0 1 1 1 0 1 1 1]
At  8001/30000: COST 0.472/1.801(0.388) -- Acc 0.760/0.530(0.797)
[1 0 0 0 0 1 0 1 1 0 1 1 0 0 0 0 0 1 0 0 1 0 0 0 1 0 1 0 0 0 1 0 1 0 1 0 1
 0 1 1 1 1 0 0 0 1 0 0 1 1 0 0 1 0 1 0 0 1 0 0 1 1 1 0 1 1 1 0 1 1 1 1 1 0
 0 0 1 0 1 1 1 0 1 0 1 1 0 1 1 0 1 0 1 0 0 0 0 0 1 0]
At  8101/30000: COST 0.584/1.653(0.398) -- Acc 0.770/0.580(0.795)
[0 1 0 1 0 1 0 1 1 1 1 1 1 0 0 1 1 0 0 0 1 1 0 1 0 0 0 0 1 0 0 1 0 0 1 0 1
 1 1 1 1 0 0 0 0 1 0 1 0 0 1 1 0 1 0 0 0 0 0 0 1 1 1 0 1 0 1 0 1 1 0 0 0 0
 1 0 1 1 1 0 0 1 0 1 0 1 0 0 1 0 0 0 1 0 0 0 1 1 1 0]
At  8201/30000: COST 0.469/1.572(0.409) -- Acc 0.840/0.530(0.791)
[0 1 1 1 0 0 0 0 0 1 1 0 0 0 1 0 1 0 1 0 1 1 0 0 0 1 0 0 1 1 1 0 0 1 1 1 1
 1 1 1 0 0 0 0 0 0 0 0 1 0 0 0 1 0 0 0 0 0 1 1 1 1 1 0 0 1 0 0 0 0 0 1 1 0
 0 0 1 1 0 1 0 0 0 1 0 1 1 1 0 0 1 1 0 1 1 1 0 1 1 0]
At  8301/30000: COST 0.349/1.532(0.417) -- Acc 0.860/0.540(0.788)
[1 0 0 1 0 1 1 0 1 1 0 0 0 0 0 0 0 1 0 0 1 1 0 1 1 0 1 0 1 0 1 0 1 0 1 1 1
 1 1 0 0 0 1 1 1 0 1 0 0 1 1 1 0 1 1 0 0 0 0 1 0 1 1 0 1 1 1 1 0 1 1 1 0 0
 1 1 1 0 1 0 0 1 0 0 1 0 0 0 0 0 0 0 0 0 0 0 0 0 1 0]
At  8401/30000: COST 0.403/1.447(0.414) -- Acc 0.770/0.590(0.790)
[0 1 1 0 0 1 1 0 1 0 1 0 1 0 1 1 0 1 1 1 1 0 0 0 0 1 1 0 0 1 1 1 1 0 1 0 1
 0 0 1 0 0 1 0 0 0 0 0 0 0 1 0 0 0 1 0 0 1 0 1 1 0 0 0 0 1 0 0 1 1 0 1 0 0
 1 1 1 0 0 1 1 0 1 0 0 0 1 0 1 1 1 1 0 1 1 1 1 0 0 0]
At  8501/30000: COST 0.505/1.892(0.424) -- Acc 0.750/0.540(0.781)
[0 0 0 0 0 1 0 0 0 1 0 1 1 1 0 1 0 0 1 1 1 1 0 0 0 0 0 0 0 1 0 1 1 1 1 0 0
 0 0 0 0 1 0 0 1 1 0 0 1 1 0 0 1 0 0 0 0 1 1 1 1 1 0 1 0 0 1 0 1 0 1 0 1 1
 1 0 1 1 0 1 1 1 0 0 0 1 0 1 0 1 1 1 1 0 0 0 0 1 1 1]
At  8601/30000: COST 0.432/1.413(0.425) -- Acc 0.790/0.540(0.783)
[1 0 0 1 0 0 0 0 0 1 0 0 1 1 1 1 0 0 0 0 1 0 0 1 1 1 0 0 1 1 0 1 1 1 1 1 0
 1 1 1 0 1 1 0 1 0 0 1 1 0 0 1 0 0 1 1 0 1 1 0 0 0 0 1 0 0 0 0 1 0 1 0 0 1
 1 1 1 1 0 1 1 0 1 1 0 1 0 1 0 0 0 1 1 0 1 0 0 0 0 1]
At  8701/30000: COST 0.319/1.559(0.411) -- Acc 0.870/0.560(0.791)
[0 1 0 0 1 1 1 1 0 1 1 0 0 1 1 1 1 0 1 1 1 0 0 0 0 1 0 0 1 1 0 0 0 0 0 0 0
 1 0 0 0 1 1 1 1 0 1 1 1 1 1 1 1 1 1 1 0 1 1 0 1 0 0 0 1 1 1 1 0 0 1 1 1 1
 1 0 0 1 0 0 1 1 0 1 0 0 0 0 0 0 0 0 0 0 1 1 1 1 0 0]
At  8801/30000: COST 0.376/1.456(0.408) -- Acc 0.800/0.510(0.792)
[1 0 0 0 0 1 1 1 0 1 1 0 1 1 1 1 1 1 1 1 0 1 0 0 0 0 0 0 1 0 1 1 0 1 0 1 0
 0 0 1 1 1 1 1 0 1 0 1 1 1 1 1 1 0 0 1 1 0 1 1 0 1 0 0 0 1 0 1 1 1 0 1 1 1
 1 0 0 1 0 1 1 1 0 0 0 0 1 0 1 1 0 1 1 0 1 0 0 0 1 1]
At  8901/30000: COST 0.355/1.667(0.402) -- Acc 0.800/0.500(0.792)
[1 1 1 0 1 1 0 1 0 0 1 1 0 1 1 0 1 0 0 0 1 0 0 0 0 0 0 1 0 1 1 1 0 0 0 1 1
 0 1 0 1 0 1 1 1 1 0 0 0 1 0 1 0 0 0 0 1 0 0 1 1 1 1 0 1 0 0 0 0 1 1 1 0 1
 1 0 0 1 1 0 1 0 0 0 1 1 1 0 1 0 1 1 0 1 1 1 0 1 0 1]
At  9001/30000: COST 0.350/1.663(0.392) -- Acc 0.820/0.560(0.799)
[1 0 0 1 1 0 0 0 1 1 1 1 0 0 1 1 0 1 1 0 1 0 0 0 0 0 1 1 0 0 1 0 0 1 1 0 1
 1 0 1 0 1 1 1 0 1 0 0 1 0 0 1 0 0 1 0 0 0 1 0 1 0 1 0 1 1 1 1 0 0 0 1 0 1
 0 1 1 1 0 1 0 1 0 0 0 0 0 1 0 1 1 0 1 1 1 0 1 0 1 1]
At  9101/30000: COST 0.389/1.658(0.397) -- Acc 0.810/0.550(0.797)
[1 1 0 0 1 0 0 1 1 1 1 0 1 0 1 0 1 0 0 0 1 0 1 0 0 0 0 1 1 0 1 1 1 1 1 1 0
 1 0 1 1 0 1 1 1 0 1 0 1 1 1 1 0 1 0 1 0 0 1 0 0 1 0 1 0 0 1 0 1 1 0 0 1 1
 1 1 0 0 0 1 0 1 1 0 1 0 0 0 0 1 0 1 0 1 1 0 0 0 0 1]
At  9201/30000: COST 0.430/1.423(0.408) -- Acc 0.770/0.530(0.790)
[1 0 1 0 0 1 0 1 1 0 1 0 1 1 1 0 1 1 0 0 1 0 0 0 1 1 1 1 0 1 0 1 0 0 1 0 0
 1 1 1 1 1 0 0 0 1 0 0 1 0 0 0 0 1 1 0 0 0 1 1 0 1 1 0 1 0 1 1 0 0 1 1 1 1
 0 0 1 0 0 0 0 1 1 0 0 1 1 0 0 1 0 0 0 1 0 0 0 1 0 0]
At  9301/30000: COST 0.396/1.873(0.399) -- Acc 0.770/0.580(0.793)
[1 0 1 0 0 1 1 0 0 0 0 0 1 1 1 0 0 1 0 0 0 1 1 0 1 0 1 1 1 0 0 0 0 0 1 1 0
 0 0 0 0 1 0 1 0 1 1 0 0 0 0 1 1 0 0 0 1 0 0 1 0 1 0 1 0 0 0 1 0 0 0 1 1 0
 0 1 1 1 0 1 1 1 1 0 0 0 0 1 0 1 0 0 1 0 1 1 1 1 1 1]
At  9401/30000: COST 0.593/1.459(0.413) -- Acc 0.670/0.600(0.788)
[1 1 0 1 0 0 1 1 1 0 1 1 1 0 1 0 0 0 0 1 1 1 0 1 1 0 0 0 1 1 1 1 1 1 1 1 0
 1 1 0 0 0 0 1 0 0 0 1 1 0 1 0 0 1 1 0 0 1 1 1 1 0 1 1 1 0 1 0 1 1 0 1 1 0
 0 1 0 0 1 0 0 0 0 0 0 1 1 0 1 0 1 0 1 1 1 0 0 0 1 0]
At  9501/30000: COST 0.277/1.578(0.402) -- Acc 0.910/0.560(0.792)
[1 1 0 0 1 0 1 1 0 1 0 1 0 1 0 1 1 1 1 0 1 0 1 0 1 1 0 0 1 1 0 0 1 0 1 0 0
 0 1 0 0 0 0 1 1 0 0 0 0 0 0 0 0 1 0 1 1 1 1 0 0 0 0 0 1 1 0 1 0 0 1 1 0 0
 0 1 1 0 1 1 0 1 0 1 1 1 1 0 0 0 0 1 0 1 0 0 1 0 1 0]
At  9601/30000: COST 0.329/1.782(0.389) -- Acc 0.840/0.570(0.799)
[1 0 1 1 1 1 1 0 0 1 1 0 0 1 1 1 1 0 0 0 1 1 0 1 0 1 0 0 0 1 1 0 0 1 0 1 1
 1 1 0 1 0 0 1 0 1 0 1 0 0 0 1 0 1 0 1 0 0 1 0 0 0 0 0 1 1 1 1 0 1 1 0 0 1
 1 1 1 0 0 0 0 1 0 0 1 0 0 0 1 0 1 0 1 1 0 1 0 1 1 1]
At  9701/30000: COST 0.474/1.718(0.392) -- Acc 0.790/0.540(0.800)
[0 0 0 1 0 0 1 0 0 1 1 0 0 0 1 1 0 0 1 0 1 0 1 1 1 1 0 0 1 0 0 1 0 0 0 0 0
 0 1 0 1 1 0 1 1 0 0 0 0 0 0 1 0 0 1 1 0 1 1 0 1 0 1 1 1 0 0 0 1 0 1 1 0 1
 0 0 0 0 0 1 0 0 1 0 0 0 1 0 1 1 0 1 1 1 1 0 0 1 1 1]
At  9801/30000: COST 0.476/1.695(0.392) -- Acc 0.780/0.550(0.798)
[0 0 0 1 1 1 1 0 0 1 0 0 0 0 1 0 1 1 1 1 1 0 0 1 1 1 0 0 0 0 0 1 0 1 0 0 1
 1 1 1 0 0 1 1 1 1 0 1 0 1 1 0 1 0 1 1 0 1 0 0 0 1 0 1 0 0 0 0 0 0 1 0 1 1
 1 1 0 1 1 0 0 0 0 0 1 0 0 0 1 1 1 0 0 0 0 1 1 0 1 0]
At  9901/30000: COST 0.386/1.657(0.395) -- Acc 0.800/0.540(0.797)
[0 1 1 1 1 0 0 0 0 0 0 0 0 0 1 1 1 0 0 0 0 0 1 0 0 0 0 1 0 1 1 1 1 0 0 1 1
 0 0 1 1 0 1 0 1 1 0 1 1 0 0 0 1 1 1 1 0 0 1 0 0 0 1 1 1 0 0 0 0 0 1 0 1 0
 0 0 0 0 0 1 1 1 1 1 0 1 1 1 0 0 1 1 1 1 1 0 0 0 1 1]
At 10001/30000: COST 0.447/1.756(0.387) -- Acc 0.730/0.580(0.800)
[1 1 0 0 1 1 1 0 1 0 0 0 1 1 1 1 1 0 0 0 0 0 0 0 0 1 0 0 1 0 1 0 0 1 1 1 1
 1 0 0 1 0 1 1 0 1 0 0 0 0 0 1 0 0 0 0 1 1 0 0 1 0 0 0 0 1 0 0 0 0 1 1 1 1
 0 1 1 0 1 0 1 1 0 1 0 0 1 0 1 0 0 0 1 1 0 0 0 1 1 1]
At 10101/30000: COST 0.447/1.753(0.376) -- Acc 0.760/0.560(0.805)
[1 0 1 1 0 0 1 0 1 0 1 0 0 1 0 1 0 0 0 0 0 1 0 1 0 0 1 0 1 1 1 0 1 1 1 1 0
 0 0 1 1 1 0 1 0 0 0 1 0 0 0 1 1 1 1 1 0 0 0 0 0 1 0 0 0 1 0 0 1 1 0 1 1 0
 0 0 0 1 1 1 1 0 0 0 1 1 1 0 0 0 0 0 1 0 0 0 1 1 0 1]
At 10201/30000: COST 0.303/1.779(0.368) -- Acc 0.840/0.600(0.809)
[1 1 0 1 0 0 1 0 1 1 0 1 0 0 0 0 1 1 0 0 0 0 1 0 1 0 1 1 0 0 0 0 1 0 1 1 1
 0 1 1 1 0 1 1 0 0 1 0 0 0 1 0 0 0 1 1 0 0 0 1 1 1 0 1 1 0 0 1 1 1 0 1 0 0
 1 1 0 0 0 0 0 1 1 0 1 1 0 1 0 0 0 0 1 0 1 0 0 1 0 1]
At 10301/30000: COST 0.426/1.704(0.384) -- Acc 0.780/0.590(0.803)
[1 0 0 1 1 1 1 0 1 0 1 1 1 1 0 0 0 1 0 0 1 0 0 1 0 0 0 1 0 1 1 1 1 0 0 0 0
 1 1 0 0 0 0 1 1 1 1 0 0 0 0 1 0 1 1 0 1 1 0 0 1 1 0 1 0 1 0 0 0 0 1 1 0 1
 0 0 0 0 0 0 1 0 1 1 0 1 0 1 1 0 1 1 0 1 0 0 0 0 1 1]
At 10401/30000: COST 0.533/1.663(0.394) -- Acc 0.710/0.520(0.798)
[0 1 1 1 1 1 1 0 0 1 1 1 1 1 0 0 1 1 0 0 1 1 0 0 1 1 1 0 1 0 1 1 1 1 1 0 0
 1 0 0 0 0 0 0 0 1 1 0 1 0 0 0 0 1 0 0 0 1 0 0 1 1 0 0 0 0 1 0 0 0 0 0 1 0
 0 0 0 0 0 0 0 0 1 1 1 1 1 0 0 0 0 1 0 0 0 1 0 0 0 1]
At 10501/30000: COST 0.371/1.987(0.380) -- Acc 0.820/0.530(0.805)
[0 1 0 1 0 0 1 0 0 1 0 0 1 0 0 0 1 0 1 0 0 0 0 1 0 0 1 0 0 0 0 0 1 0 1 0 1
 1 1 1 0 1 0 1 1 0 1 1 1 0 0 1 0 0 0 0 0 0 1 1 0 1 0 0 0 0 1 1 1 0 0 1 1 0
 0 1 0 0 1 0 0 1 1 1 1 0 0 0 0 0 1 1 1 0 0 0 0 1 1 0]
At 10601/30000: COST 0.412/1.873(0.372) -- Acc 0.790/0.540(0.806)
[1 1 0 0 0 0 1 1 1 1 1 0 0 0 1 0 1 1 1 0 1 0 0 1 1 1 0 0 0 0 1 0 1 1 1 0 1
 0 0 1 1 1 1 1 0 0 1 0 1 1 0 0 0 0 1 0 1 0 0 1 0 0 1 0 1 0 0 0 1 0 0 0 1 0
 0 0 0 1 0 1 0 0 0 0 0 0 0 0 0 1 0 1 1 0 0 0 1 0 0 0]
At 10701/30000: COST 0.342/2.025(0.370) -- Acc 0.780/0.560(0.804)
[0 1 0 1 1 0 1 0 1 1 0 1 0 0 0 0 1 1 1 1 1 0 1 1 1 0 0 1 1 0 0 1 0 0 0 0 0
 1 1 0 1 1 1 1 0 0 0 0 0 1 1 0 0 0 1 0 1 0 0 1 0 0 0 1 1 1 1 0 0 0 0 1 1 1
 0 0 0 0 1 1 1 1 1 0 1 1 0 1 0 0 0 1 1 1 0 0 0 0 1 1]
At 10801/30000: COST 0.392/1.630(0.406) -- Acc 0.790/0.540(0.793)
[0 0 1 0 1 1 1 0 0 1 1 0 0 0 0 1 0 1 0 0 0 1 1 0 1 0 1 0 1 0 0 0 1 0 1 0 1
 0 0 1 1 0 1 1 0 0 0 0 0 0 1 1 1 1 1 1 1 0 1 0 1 1 0 1 1 0 0 0 1 1 1 1 1 0
 1 0 0 0 0 0 0 0 1 0 0 1 0 0 0 1 1 1 1 1 1 0 0 1 0 0]
At 10901/30000: COST 0.377/1.906(0.408) -- Acc 0.810/0.520(0.793)
[0 1 1 1 1 0 0 1 0 1 0 0 0 1 1 1 1 0 0 0 0 1 1 0 1 0 0 0 0 1 0 1 1 1 0 0 0
 1 0 1 1 0 1 1 1 0 0 1 0 0 1 1 1 1 0 0 1 1 0 1 0 1 1 0 1 0 1 0 0 0 0 1 1 1
 0 0 1 1 1 0 1 0 0 0 1 0 1 1 0 0 0 1 1 0 0 0 1 0 0 1]
At 11001/30000: COST 0.439/1.668(0.403) -- Acc 0.820/0.540(0.793)
[0 0 1 1 0 1 0 0 1 1 1 1 1 0 0 1 0 1 0 1 0 1 1 0 0 0 1 1 0 1 1 0 0 1 0 1 1
 0 0 0 1 1 1 0 0 0 1 0 1 0 0 0 1 0 1 1 0 1 0 1 0 1 1 1 0 0 1 0 1 0 0 1 1 1
 1 0 0 0 0 1 1 1 0 0 1 1 0 0 0 0 0 0 1 0 0 0 0 1 1 0]
At 11101/30000: COST 0.398/1.594(0.402) -- Acc 0.790/0.520(0.793)
[0 0 0 0 0 1 0 1 1 0 0 1 0 1 1 1 0 1 0 0 0 1 1 0 0 0 0 1 0 1 0 0 1 1 1 1 0
 0 1 0 0 1 1 0 1 0 0 1 0 1 0 0 0 0 1 1 1 1 0 1 1 1 1 0 1 0 0 0 0 1 0 0 1 1
 0 1 0 1 0 0 0 0 1 0 0 0 0 0 0 1 0 0 1 0 0 0 0 1 1 0]
At 11201/30000: COST 0.325/1.683(0.391) -- Acc 0.830/0.560(0.796)
[0 1 1 0 1 0 1 0 1 0 0 1 1 1 0 0 0 1 1 0 0 0 1 1 1 1 1 1 0 0 1 0 0 0 0 0 0
 0 0 0 1 0 1 0 1 1 0 0 0 0 0 0 0 1 1 1 0 0 1 0 1 0 0 0 0 0 0 1 1 0 1 1 1 0
 0 0 1 1 0 1 0 0 0 0 0 1 1 0 0 1 0 0 0 0 1 1 0 1 0 0]
At 11301/30000: COST 0.277/1.702(0.387) -- Acc 0.890/0.610(0.802)
[0 0 1 0 0 0 0 0 0 0 0 1 1 0 0 0 0 0 0 1 1 0 1 0 1 1 1 0 1 0 1 0 0 1 0 0 0
 1 1 0 0 0 1 0 1 0 0 1 0 1 1 0 0 1 0 1 0 1 1 0 1 0 1 1 1 1 0 1 0 0 0 1 0 0
 0 1 0 0 1 0 1 1 1 0 0 1 0 0 0 1 0 0 1 1 1 0 1 1 1 1]
At 11401/30000: COST 0.319/1.806(0.391) -- Acc 0.830/0.550(0.800)
[1 1 0 0 1 1 1 1 1 1 1 0 1 0 0 0 1 0 0 0 0 0 1 0 0 0 1 1 1 0 0 0 0 1 1 0 0
 0 1 0 1 0 1 0 0 0 0 0 1 0 0 0 0 1 0 1 0 1 0 1 1 1 0 0 1 1 0 0 0 1 0 1 1 0
 0 0 1 0 1 1 0 0 0 0 1 0 0 0 1 0 0 1 0 0 0 1 1 0 0 0]
At 11501/30000: COST 0.330/1.886(0.380) -- Acc 0.830/0.530(0.807)
[1 0 0 0 0 0 0 1 1 1 1 0 0 1 0 0 1 1 1 0 1 0 1 0 0 0 0 1 0 1 0 0 1 0 0 1 0
 0 0 0 1 1 0 0 0 0 1 1 1 0 0 0 0 0 0 1 0 1 0 0 1 1 1 0 1 1 0 0 0 1 0 0 1 1
 0 0 1 1 0 0 0 1 0 1 1 0 1 0 1 1 0 1 1 1 0 0 0 1 1 1]
At 11601/30000: COST 0.287/1.837(0.368) -- Acc 0.860/0.550(0.810)
[0 0 1 0 1 0 0 0 1 1 1 0 1 1 0 1 1 0 1 0 1 1 0 1 1 1 1 1 0 0 0 0 0 1 0 1 1
 0 0 0 1 1 0 0 1 1 0 0 0 0 0 1 1 1 0 1 0 1 0 0 1 0 0 1 0 0 0 1 1 1 1 1 0 0
 1 0 1 0 1 1 1 0 0 1 1 0 0 1 1 1 1 0 1 0 1 0 0 1 1 1]
At 11701/30000: COST 0.276/1.813(0.373) -- Acc 0.860/0.550(0.803)
[0 1 0 0 1 1 1 0 0 0 0 1 0 0 1 1 0 1 0 0 0 0 0 1 1 0 0 0 0 1 0 1 1 1 1 0 0
 1 1 1 1 0 0 1 0 1 0 1 1 0 1 0 0 0 1 0 1 0 0 1 1 0 1 1 1 1 0 0 0 0 1 0 1 1
 1 1 0 1 0 0 0 0 1 0 0 1 1 1 0 0 1 1 1 1 0 0 1 0 1 0]
At 11801/30000: COST 0.420/2.110(0.367) -- Acc 0.840/0.570(0.808)
[0 1 0 0 0 0 1 0 0 0 0 0 1 1 1 1 1 0 1 1 0 0 1 0 1 1 0 0 0 1 1 1 1 0 0 0 1
 1 0 0 0 1 0 0 1 1 1 0 1 0 1 0 1 1 1 1 0 0 1 1 0 0 0 0 0 1 1 1 0 0 0 1 0 0
 1 0 1 0 1 1 0 1 0 0 0 1 1 0 1 1 0 0 1 1 1 1 0 1 1 1]
At 11901/30000: COST 0.539/1.927(0.365) -- Acc 0.730/0.590(0.810)
[0 0 0 1 1 1 0 1 0 1 0 0 1 1 1 1 0 0 1 0 1 0 1 1 1 1 0 0 1 0 1 0 0 1 1 1 1
 0 0 0 1 1 0 1 1 1 0 0 0 0 0 0 0 1 1 1 0 1 0 0 1 0 1 0 1 0 0 1 0 1 0 1 0 0
 1 0 0 1 1 1 0 0 0 0 0 0 1 0 0 0 0 0 0 0 1 1 1 1 1 1]
At 12001/30000: COST 0.494/1.880(0.402) -- Acc 0.730/0.520(0.796)
[1 0 0 0 1 1 1 0 0 0 1 0 1 0 0 1 0 1 1 0 1 0 1 1 0 0 1 0 1 0 0 0 0 0 1 0 1
 1 0 1 1 0 0 1 1 1 1 0 0 0 0 0 0 0 1 0 0 0 1 0 0 0 1 0 1 1 1 0 1 0 1 0 1 0
 1 1 1 0 1 0 0 1 0 1 1 0 0 1 1 0 1 1 0 0 1 1 1 0 1 1]
At 12101/30000: COST 0.379/1.603(0.438) -- Acc 0.760/0.530(0.782)
[0 1 1 0 1 1 0 1 1 1 0 0 0 0 1 0 1 0 1 0 1 0 1 1 1 1 0 0 1 0 1 0 1 0 0 0 0
 0 0 0 0 1 0 0 1 1 1 1 1 0 0 0 1 1 0 0 0 0 0 1 0 1 1 0 1 1 1 0 1 0 0 0 0 0
 0 0 1 0 1 1 0 0 0 0 0 1 1 0 0 1 1 1 0 0 0 0 0 1 1 0]
At 12201/30000: COST 0.361/1.674(0.433) -- Acc 0.850/0.580(0.783)
[0 0 0 1 1 1 0 1 0 1 0 0 1 1 1 0 1 1 0 0 0 0 0 1 0 1 0 1 1 0 1 0 1 0 0 0 1
 1 1 0 1 0 0 0 0 1 1 1 1 1 1 0 0 0 0 1 0 1 0 0 0 1 1 0 1 0 0 0 1 0 1 1 1 1
 1 0 1 1 1 0 0 0 0 0 0 0 0 1 1 0 1 0 0 1 0 1 1 1 0 1]
At 12301/30000: COST 0.496/1.425(0.427) -- Acc 0.750/0.510(0.784)
[1 0 1 1 1 0 1 1 0 1 1 1 0 1 0 0 1 0 0 0 0 0 0 0 0 0 0 1 1 0 1 1 0 1 0 0 1
 1 0 1 1 1 1 1 0 0 0 0 0 1 0 0 1 0 1 1 1 0 0 1 0 0 0 0 0 1 0 0 1 0 0 1 0 0
 0 1 0 0 1 0 1 0 0 1 0 0 0 1 0 0 1 1 0 1 1 0 0 0 0 0]
At 12401/30000: COST 0.313/1.458(0.420) -- Acc 0.890/0.560(0.788)
[0 1 0 1 0 0 0 1 1 0 0 1 1 0 1 1 0 0 0 1 1 1 0 1 1 1 1 0 1 0 0 1 1 1 1 0 0
 0 1 0 1 0 0 0 1 0 0 0 1 0 0 1 0 1 0 1 0 0 0 0 1 0 0 1 1 1 1 1 0 0 0 0 1 0
 0 0 0 0 1 0 1 1 0 0 0 1 0 0 1 1 0 1 0 1 1 1 1 0 0 1]
At 12501/30000: COST 0.330/1.742(0.406) -- Acc 0.890/0.490(0.794)
[1 0 0 1 0 0 0 0 1 1 0 0 1 0 0 1 1 1 1 0 1 1 0 0 1 1 1 0 1 0 0 1 1 1 0 0 0
 1 0 0 1 0 1 0 0 1 0 0 1 0 1 1 0 1 0 1 0 0 0 0 1 1 0 0 1 0 0 1 0 0 1 0 1 0
 1 0 0 0 1 1 0 0 1 1 0 1 0 0 1 0 1 0 1 1 1 0 1 0 1 1]
At 12601/30000: COST 0.385/1.630(0.400) -- Acc 0.820/0.520(0.799)
[0 0 0 1 1 0 0 1 1 0 0 0 1 0 0 1 0 1 1 0 0 1 0 0 1 1 1 0 0 1 0 1 1 1 1 0 0
 1 1 1 0 0 0 1 0 0 1 0 1 1 0 1 1 1 0 1 1 0 1 0 0 1 1 0 1 0 1 1 1 0 0 0 1 1
 0 1 1 1 0 0 0 0 1 1 1 1 0 1 0 0 0 1 1 0 1 0 0 1 0 0]
At 12701/30000: COST 0.363/1.887(0.384) -- Acc 0.750/0.570(0.802)
[1 1 0 0 1 0 0 1 1 1 1 1 1 0 1 0 0 1 1 0 1 1 1 1 1 0 1 1 0 1 0 0 1 1 0 0 1
 0 0 1 1 0 0 0 1 0 0 1 1 0 1 0 0 1 1 1 0 1 1 1 0 1 0 0 0 0 0 1 1 1 1 0 1 1
 0 0 1 1 1 0 0 1 1 1 0 0 1 0 0 0 1 0 0 0 0 1 1 1 1 0]
At 12801/30000: COST 0.327/1.906(0.381) -- Acc 0.830/0.510(0.804)
[1 1 0 1 0 1 1 0 1 1 0 0 1 1 1 1 1 0 1 0 0 0 0 0 0 0 1 0 0 0 0 0 0 1 0 1 1
 1 1 1 1 1 1 1 0 0 0 1 1 0 0 0 0 1 1 1 0 0 0 0 1 1 0 1 0 0 0 1 1 0 1 0 0 1
 0 1 1 0 1 1 1 0 1 0 1 1 0 0 1 0 0 1 0 1 1 1 1 0 0 0]
At 12901/30000: COST 0.419/1.779(0.388) -- Acc 0.790/0.530(0.799)
[0 0 1 1 0 0 0 1 1 1 0 1 0 0 1 1 1 0 1 0 1 0 0 1 1 1 0 0 1 0 1 0 0 0 1 0 1
 1 0 0 0 0 1 0 1 0 0 1 0 0 1 0 0 1 0 1 0 0 1 0 0 0 1 0 0 1 0 0 1 1 1 0 0 1
 1 1 1 0 0 0 0 0 0 0 1 0 0 0 0 0 0 0 0 0 1 0 1 1 1 1]
At 13001/30000: COST 0.343/2.009(0.387) -- Acc 0.780/0.500(0.798)
[0 0 0 0 0 0 0 0 1 1 0 0 0 1 0 0 1 1 0 0 0 1 1 0 0 0 1 1 0 1 1 1 1 1 1 0 0
 1 0 0 1 0 1 0 0 1 0 0 1 1 0 0 1 0 0 0 0 1 0 0 0 1 1 0 0 0 1 1 0 1 1 0 0 0
 0 0 0 1 1 1 0 1 0 1 1 1 0 0 0 1 0 0 1 0 0 0 1 0 1 1]
At 13101/30000: COST 0.420/1.769(0.386) -- Acc 0.790/0.500(0.804)
[0 0 0 0 0 1 0 0 0 0 1 1 0 0 1 1 1 0 1 0 0 0 0 1 0 1 1 0 1 0 1 1 0 0 1 1 1
 1 1 1 0 1 0 1 1 0 0 1 1 1 0 1 1 1 0 0 1 0 0 1 0 1 1 1 0 0 0 1 1 1 0 1 0 1
 0 1 1 1 1 0 0 0 1 0 0 0 0 1 1 1 1 1 1 0 0 1 1 0 1 1]
At 13201/30000: COST 0.315/1.815(0.369) -- Acc 0.830/0.560(0.808)
[0 1 1 0 0 0 1 0 0 1 0 0 0 0 0 0 0 0 0 1 0 0 1 1 0 0 0 1 1 0 1 0 1 0 1 1 0
 0 1 1 0 0 0 1 1 1 0 1 0 0 0 1 0 0 0 0 1 1 1 0 0 1 1 0 1 0 1 0 0 0 0 1 1 0
 0 1 1 0 1 0 1 1 1 1 1 0 1 0 0 0 0 1 1 0 0 0 1 1 1 1]
At 13301/30000: COST 0.399/2.364(0.358) -- Acc 0.810/0.510(0.812)
[1 1 1 1 1 0 0 1 0 0 0 1 1 1 0 1 1 0 0 1 0 0 1 1 0 0 1 1 0 0 1 0 0 0 0 1 1
 0 0 1 1 0 1 1 0 1 0 1 0 1 0 1 1 0 0 1 1 1 1 1 1 0 0 1 1 1 1 0 1 1 0 1 1 1
 0 1 0 1 1 1 0 0 0 0 1 1 1 1 0 0 1 1 1 1 0 1 1 1 1 1]
At 13401/30000: COST 0.337/2.209(0.352) -- Acc 0.850/0.550(0.817)
[1 1 1 0 1 1 1 1 0 1 0 1 1 1 1 1 1 0 0 0 1 1 1 0 0 0 0 1 0 0 0 0 0 0 0 1 0
 1 1 0 1 0 1 1 1 1 0 0 1 0 1 0 1 0 0 1 0 1 1 1 0 1 0 1 1 1 0 0 0 0 0 0 0 0
 1 1 1 1 1 0 1 0 1 0 1 0 1 0 0 1 1 1 1 1 0 1 0 0 0 1]
At 13501/30000: COST 0.321/2.175(0.353) -- Acc 0.830/0.540(0.819)
[1 0 0 0 0 0 0 1 1 0 0 1 1 1 1 1 0 0 0 1 1 0 0 0 1 1 0 0 0 1 0 0 0 0 0 0 0
 1 0 1 0 1 0 0 1 0 1 1 0 0 1 0 0 0 0 0 1 0 1 0 0 0 0 1 1 0 1 0 1 0 1 1 1 1
 0 0 0 1 1 0 1 0 0 1 1 0 0 0 0 0 0 1 0 1 1 0 0 0 1 1]
At 13601/30000: COST 0.354/1.982(0.353) -- Acc 0.780/0.550(0.819)
[0 1 1 0 1 1 1 0 0 1 1 1 1 0 1 0 1 0 1 0 0 0 0 1 0 1 1 1 0 0 1 0 0 1 0 1 1
 0 0 1 0 0 1 1 0 1 1 0 0 0 0 0 1 1 1 1 0 1 1 0 0 0 0 0 0 0 1 1 1 1 1 1 1 0
 0 0 1 0 0 0 1 1 0 0 0 0 0 0 1 0 1 1 1 0 1 0 1 1 0 0]
At 13701/30000: COST 0.389/2.021(0.373) -- Acc 0.810/0.550(0.811)
[1 0 0 0 0 0 0 1 0 0 0 0 1 1 0 1 0 0 1 1 0 1 0 1 1 1 0 0 0 0 1 0 1 1 1 1 0
 1 0 1 1 1 1 1 1 0 1 1 0 1 0 0 1 0 1 0 1 0 0 0 0 0 1 0 1 0 0 0 0 0 0 1 0 1
 1 1 0 0 0 0 0 1 0 1 1 1 0 1 1 0 1 1 0 1 0 0 1 1 0 1]
At 13801/30000: COST 0.295/2.069(0.368) -- Acc 0.900/0.520(0.811)
[1 1 0 0 1 1 0 0 1 0 1 1 1 0 0 0 0 1 1 0 1 0 0 1 0 1 0 1 0 1 0 0 0 0 0 0 0
 0 0 1 1 1 0 0 0 0 0 1 0 1 1 0 1 1 0 0 1 0 1 1 1 0 0 1 0 1 0 1 1 1 0 1 1 0
 0 0 1 0 0 1 0 1 0 0 1 0 1 0 1 1 1 0 1 1 0 1 0 1 0 1]
At 13901/30000: COST 0.350/1.619(0.383) -- Acc 0.780/0.580(0.804)
[0 0 0 1 0 0 0 1 1 1 0 1 1 0 1 1 1 1 1 0 0 0 1 1 1 0 0 0 1 0 0 0 0 0 1 1 1
 0 0 1 0 0 1 0 1 0 1 0 1 1 1 0 0 1 0 0 1 0 1 1 0 0 0 1 1 0 1 1 1 0 0 0 0 0
 1 1 0 1 0 1 0 1 1 0 1 0 0 1 1 1 1 0 0 1 1 0 1 1 0 1]
At 14001/30000: COST 0.363/1.836(0.380) -- Acc 0.780/0.550(0.808)
[0 0 0 0 1 0 1 1 0 0 0 1 1 1 0 1 1 0 0 0 1 1 0 0 1 0 1 0 1 1 1 1 1 1 1 0 1
 1 0 0 1 0 0 1 0 1 1 1 0 1 1 1 0 0 0 1 0 0 1 1 0 1 1 0 1 1 0 0 0 0 0 1 1 1
 1 0 1 1 1 1 0 1 1 0 0 1 1 0 1 1 0 0 1 1 0 0 1 0 0 0]
At 14101/30000: COST 0.485/1.626(0.391) -- Acc 0.770/0.580(0.806)
[1 1 0 0 1 1 1 0 0 0 1 0 0 1 0 1 1 1 1 0 0 0 1 1 1 1 0 0 0 0 0 0 0 0 0 0 0
 1 0 1 1 1 0 1 1 1 0 1 1 1 0 0 1 1 0 0 0 1 1 1 1 0 1 1 0 1 1 0 0 0 1 1 0 1
 0 0 1 0 1 0 0 0 0 1 1 1 1 0 1 0 0 0 0 1 0 0 1 1 0 0]
At 14201/30000: COST 0.373/1.658(0.385) -- Acc 0.790/0.550(0.804)
[0 1 1 1 1 0 0 0 1 0 1 1 0 1 1 0 1 0 1 1 0 1 0 0 0 1 0 0 0 1 0 1 1 1 0 1 0
 1 0 0 0 0 0 0 0 0 1 0 1 0 1 1 0 0 1 1 1 0 0 1 0 1 1 1 1 1 0 0 1 0 0 1 1 1
 0 1 1 0 0 1 1 1 1 0 1 0 0 1 0 0 1 1 1 0 0 1 1 0 0 1]
At 14301/30000: COST 0.317/1.788(0.365) -- Acc 0.820/0.520(0.812)
[0 0 1 0 0 1 1 1 1 0 1 1 0 0 1 0 0 0 1 0 1 0 1 0 1 1 0 0 0 1 1 0 1 1 0 0 1
 1 0 1 1 0 1 0 0 1 1 0 1 0 0 1 1 0 0 1 0 1 0 1 1 1 1 1 0 0 1 0 0 0 0 1 0 0
 0 0 1 0 0 1 1 0 0 0 1 1 0 1 0 0 0 0 1 1 1 0 1 0 0 0]
At 14401/30000: COST 0.449/1.945(0.356) -- Acc 0.750/0.550(0.816)
[0 1 0 1 0 1 1 0 0 0 1 1 0 1 1 0 0 1 1 0 0 0 0 1 0 0 1 0 0 1 0 1 1 0 0 1 0
 0 1 0 0 0 0 0 1 1 0 1 1 1 0 1 1 1 0 1 1 1 0 1 1 1 0 1 1 0 1 0 0 1 1 0 1 1
 1 1 1 1 1 1 0 1 1 1 1 0 1 0 1 0 1 0 1 0 0 0 0 1 0 0]
At 14501/30000: COST 0.381/2.026(0.368) -- Acc 0.820/0.540(0.814)
[1 0 0 0 1 1 0 1 0 0 0 0 0 1 1 1 1 0 0 1 1 1 1 0 1 0 0 1 0 0 1 1 1 1 0 0 1
 1 1 0 1 0 0 0 0 1 0 0 0 0 0 1 0 1 0 0 0 0 1 0 0 1 1 1 1 1 0 0 0 0 1 0 1 0
 1 1 1 1 0 0 1 0 0 1 0 1 0 1 0 1 0 0 1 0 0 1 0 1 1 1]
At 14601/30000: COST 0.375/1.750(0.357) -- Acc 0.800/0.600(0.817)
[0 0 0 1 0 1 0 1 0 0 1 0 1 1 1 0 1 1 0 0 1 0 0 1 1 0 1 0 1 1 1 0 0 0 1 0 0
 1 1 0 1 0 1 1 0 0 1 0 0 0 1 0 1 1 0 1 1 1 1 0 0 1 1 0 1 0 0 1 0 1 0 0 0 1
 0 0 1 1 0 0 0 0 0 1 1 0 1 1 0 1 0 0 1 1 1 1 1 1 1 1]
At 14701/30000: COST 0.365/1.621(0.352) -- Acc 0.810/0.620(0.819)
[1 1 1 1 1 1 1 1 1 1 0 1 1 0 0 1 1 1 0 1 1 1 1 0 1 0 1 0 1 0 0 1 0 0 0 0 1
 0 0 1 0 0 1 0 1 1 1 0 1 0 0 0 0 1 1 1 0 0 0 0 1 0 0 0 0 0 1 0 1 1 0 0 1 0
 1 1 1 1 0 1 1 0 0 0 1 0 0 0 0 0 0 1 0 1 1 0 0 1 0 1]
At 14801/30000: COST 0.375/1.642(0.373) -- Acc 0.770/0.570(0.808)
[0 0 1 0 1 1 0 0 1 1 0 1 0 0 1 1 1 0 0 0 0 1 1 0 1 0 1 0 0 0 1 1 1 1 0 0 1
 0 0 1 1 0 0 0 1 1 0 0 0 1 0 0 1 1 1 0 0 1 1 0 1 1 1 0 0 0 0 1 0 1 0 0 0 0
 1 0 0 1 0 0 0 0 0 1 0 0 1 1 0 0 0 0 0 0 1 1 0 1 0 0]
At 14901/30000: COST 0.419/1.888(0.372) -- Acc 0.750/0.540(0.808)
[1 1 0 1 1 0 1 0 1 0 0 1 0 0 1 1 1 0 1 0 0 1 0 0 1 0 0 0 1 1 0 0 0 1 0 1 0
 0 1 0 0 1 0 0 0 0 1 0 1 0 1 1 1 0 1 0 1 1 0 0 0 1 1 1 0 1 1 0 0 0 1 0 0 1
 1 0 0 1 1 1 1 0 1 1 0 0 0 0 0 0 0 1 0 0 1 0 1 0 0 1]
At 15001/30000: COST 0.394/2.030(0.382) -- Acc 0.780/0.500(0.808)
[1 1 1 0 1 0 1 0 1 1 0 1 0 0 1 0 1 0 0 1 1 0 0 0 1 1 1 0 0 0 0 0 0 0 1 1 1
 0 1 0 0 0 1 1 1 1 0 0 0 0 0 0 0 1 0 1 1 1 0 0 1 1 1 0 1 0 0 0 1 1 0 0 0 1
 1 1 1 1 1 0 1 0 1 1 0 0 1 1 1 1 1 0 0 0 1 0 0 0 0 0]
At 15101/30000: COST 0.499/1.685(0.409) -- Acc 0.760/0.550(0.794)
[0 0 0 1 1 1 0 1 0 1 0 1 0 0 1 1 0 1 0 0 0 0 0 0 0 1 0 0 1 0 0 1 0 1 0 1 1
 1 1 0 1 1 0 1 1 1 1 1 0 1 0 1 0 0 0 0 0 1 1 1 0 0 1 0 1 1 0 0 0 0 0 1 1 0
 1 1 0 0 1 1 0 0 1 1 0 1 0 0 0 1 0 0 1 0 1 1 1 0 1 0]
At 15201/30000: COST 0.365/1.616(0.415) -- Acc 0.820/0.520(0.793)
[1 0 1 1 1 0 1 0 0 1 1 1 1 1 0 1 1 1 1 1 0 0 1 1 0 1 0 1 1 0 1 1 1 1 1 1 0
 0 1 1 1 1 1 0 0 0 1 1 1 1 1 1 0 0 1 1 1 1 0 1 1 0 0 1 0 0 1 1 0 0 0 1 0 1
 0 0 1 0 1 0 1 1 0 1 0 1 1 1 0 0 1 1 1 0 0 1 0 0 0 0]
At 15301/30000: COST 0.431/1.739(0.413) -- Acc 0.770/0.490(0.792)
[1 0 0 1 0 1 0 1 1 1 1 1 0 1 0 0 1 0 0 1 1 1 0 1 0 0 0 0 0 0 1 1 0 1 1 0 1
 1 1 1 1 1 0 1 1 1 1 0 1 1 0 1 1 1 0 0 1 0 0 1 0 0 1 1 1 0 0 0 0 1 0 1 1 1
 0 0 1 1 0 0 0 0 0 0 1 1 1 1 0 0 1 0 1 1 1 1 0 0 1 0]
At 15401/30000: COST 0.373/1.549(0.406) -- Acc 0.830/0.550(0.795)
[0 0 1 0 0 0 1 1 1 0 1 0 0 0 0 1 0 1 0 1 1 1 0 0 0 1 0 0 1 0 0 0 1 0 0 1 0
 0 0 0 1 0 0 0 0 1 0 1 0 1 0 1 1 0 1 1 1 0 1 1 1 0 1 0 1 1 0 1 0 0 1 0 0 1
 0 0 1 0 1 0 1 1 1 0 0 1 0 0 0 1 1 1 1 1 1 0 0 0 0 1]
At 15501/30000: COST 0.344/1.747(0.399) -- Acc 0.850/0.560(0.796)
[0 1 0 0 0 1 0 0 0 1 0 1 0 0 0 0 0 1 0 1 1 0 1 0 1 1 0 1 0 0 1 1 1 0 0 1 1
 1 1 1 0 0 0 0 1 1 1 0 0 1 1 1 1 1 0 1 0 0 1 0 1 0 0 1 0 0 1 1 0 0 0 1 0 1
 0 0 0 0 1 1 0 0 0 0 1 0 0 1 0 1 0 1 1 0 1 1 0 0 0 0]
At 15601/30000: COST 0.503/1.579(0.405) -- Acc 0.690/0.570(0.793)
[1 0 0 0 1 1 0 0 1 1 1 0 0 0 0 1 0 1 1 0 1 1 1 0 0 1 1 1 0 0 1 1 0 1 1 0 0
 0 1 0 1 0 0 1 1 0 1 0 0 1 0 1 0 0 0 1 0 1 1 1 0 0 1 0 1 0 1 0 0 1 0 0 0 0
 1 1 0 1 1 0 1 0 1 0 0 1 1 0 0 0 1 1 0 0 0 0 0 1 1 1]
At 15701/30000: COST 0.272/1.441(0.395) -- Acc 0.880/0.580(0.799)
[0 1 0 1 1 1 0 0 0 0 0 1 1 0 0 0 0 1 0 1 1 0 0 0 1 0 1 1 1 0 1 0 1 0 1 0 1
 1 0 1 0 0 0 1 1 1 0 0 1 0 1 0 0 0 0 0 1 0 1 0 0 0 0 0 1 0 0 0 1 0 0 1 0 0
 1 0 0 1 0 0 0 0 1 0 1 1 0 1 1 0 0 0 1 0 0 0 0 0 1 1]
At 15801/30000: COST 0.282/1.438(0.391) -- Acc 0.850/0.580(0.803)
[0 1 0 0 1 1 0 1 1 1 0 0 0 0 0 1 1 0 0 1 0 0 1 1 1 0 1 1 0 1 1 0 0 0 1 1 0
 0 1 0 0 0 1 1 1 1 0 0 0 1 1 1 0 1 1 0 1 1 1 0 1 1 1 0 0 0 1 1 0 0 0 0 0 1
 1 1 1 0 0 1 0 1 1 0 0 0 1 0 0 1 1 1 1 0 1 0 1 0 0 0]
At 15901/30000: COST 0.351/1.624(0.370) -- Acc 0.850/0.570(0.811)
[1 1 0 1 1 0 0 0 1 1 0 1 1 0 1 1 1 0 1 1 0 0 0 1 1 0 0 0 0 1 1 0 0 1 0 1 0
 0 0 0 0 0 1 1 0 1 0 0 1 0 0 0 0 0 1 0 0 1 1 1 0 0 1 1 1 0 0 0 0 0 1 1 0 1
 0 0 0 0 0 1 0 0 1 1 0 1 1 1 1 0 0 1 0 1 1 0 0 0 1 1]
At 16001/30000: COST 0.382/1.636(0.371) -- Acc 0.750/0.540(0.807)
[0 1 1 1 1 1 0 0 0 1 0 1 1 1 0 0 1 0 0 0 0 1 0 1 0 1 1 0 1 1 1 0 1 1 0 0 0
 0 1 1 0 1 0 0 0 1 1 1 1 1 1 1 0 0 0 0 1 1 1 1 0 0 1 0 0 0 1 0 1 1 1 1 1 0
 0 0 1 0 1 1 0 0 0 0 0 1 0 1 1 1 1 0 1 0 0 0 1 1 0 0]
At 16101/30000: COST 0.403/1.756(0.365) -- Acc 0.790/0.560(0.809)
[1 1 0 0 1 1 1 1 1 1 0 1 1 0 1 0 0 1 0 1 1 0 1 1 1 1 0 1 1 1 1 1 0 1 0 0 1
 0 0 1 0 0 0 1 1 0 1 0 1 0 0 0 0 0 0 1 0 0 0 0 0 0 0 0 1 1 1 0 1 0 1 0 1 1
 0 1 0 1 1 0 1 0 0 1 1 0 0 0 1 1 1 0 0 1 0 0 0 1 1 1]
At 16201/30000: COST 0.411/1.605(0.386) -- Acc 0.790/0.560(0.805)
[0 1 1 0 1 0 0 0 0 0 0 0 1 1 1 1 0 0 0 0 0 0 0 1 0 1 1 1 0 1 0 0 0 1 0 1 0
 0 0 0 1 0 1 1 1 0 1 0 1 0 0 1 1 1 0 1 0 1 0 0 1 1 0 0 1 0 0 1 1 0 1 1 1 1
 0 1 1 1 1 1 0 0 1 0 1 1 1 0 1 0 1 1 1 1 0 1 0 1 1 0]
At 16301/30000: COST 0.351/1.877(0.373) -- Acc 0.790/0.580(0.809)
[0 0 1 0 1 1 0 0 1 0 1 0 0 1 0 1 0 1 1 0 1 0 1 0 1 0 0 0 1 1 1 1 1 0 1 1 1
 1 0 0 0 1 0 1 1 0 1 0 0 1 0 1 0 1 0 1 0 1 1 0 0 0 0 1 0 1 0 0 0 1 0 0 1 0
 1 1 0 0 0 0 0 0 0 1 1 1 1 1 0 1 0 1 1 1 1 1 0 0 1 1]
At 16401/30000: COST 0.336/2.214(0.379) -- Acc 0.870/0.510(0.806)
[1 1 0 1 0 1 0 0 1 0 1 0 0 1 1 0 1 0 0 1 0 0 1 0 0 1 0 1 1 0 0 1 0 0 1 0 0
 1 1 1 1 0 1 0 0 1 0 0 0 0 1 0 0 1 1 0 0 0 0 1 0 0 0 0 0 0 1 0 1 1 0 0 0 0
 0 1 0 0 1 1 0 1 1 1 0 1 1 0 0 1 0 0 0 0 1 1 1 0 1 0]
At 16501/30000: COST 0.455/1.610(0.411) -- Acc 0.760/0.530(0.796)
[1 1 0 1 1 0 0 0 0 1 1 1 0 0 0 1 0 1 1 0 0 0 1 0 0 0 1 0 1 1 0 1 0 1 1 0 0
 0 0 1 1 0 1 0 1 1 0 0 0 1 0 0 0 0 1 1 1 0 1 1 1 0 0 1 1 0 1 0 1 1 0 0 1 0
 0 0 0 0 0 0 0 1 1 1 1 0 1 0 0 1 1 1 1 0 0 1 0 1 1 0]
At 16601/30000: COST 0.625/1.511(0.420) -- Acc 0.690/0.520(0.790)
[1 0 0 0 1 0 0 1 1 1 0 0 1 0 1 0 1 1 1 0 1 1 0 0 0 0 1 1 0 0 0 1 0 1 1 1 0
 0 0 1 0 0 1 0 0 0 1 0 1 1 0 0 0 1 1 0 0 1 1 1 0 1 1 0 1 1 0 1 1 1 1 0 0 0
 1 1 0 1 1 0 0 1 0 0 1 1 0 1 1 1 1 0 0 1 0 1 0 0 0 1]
At 16701/30000: COST 0.410/1.482(0.434) -- Acc 0.800/0.550(0.784)
[0 1 0 0 0 0 0 0 0 0 1 0 0 0 0 1 1 0 1 0 1 0 0 1 1 0 0 1 0 1 1 0 1 1 0 0 0
 0 0 1 0 1 0 0 0 1 0 1 0 0 1 0 1 1 0 0 0 1 0 1 0 1 1 0 0 1 0 0 1 1 1 0 0 0
 0 1 1 0 0 1 0 0 1 0 1 1 1 1 1 0 1 0 0 1 0 0 0 0 1 1]
At 16801/30000: COST 0.362/1.212(0.430) -- Acc 0.790/0.580(0.783)
[1 0 0 0 0 1 0 1 0 0 1 1 0 0 0 0 0 1 0 0 1 1 0 1 0 1 0 0 1 1 0 1 1 1 0 1 0
 0 0 1 0 0 1 0 0 0 0 0 1 1 1 0 1 1 1 0 1 0 1 0 0 0 1 0 1 0 1 0 0 1 0 1 1 1
 0 1 0 1 1 1 1 0 0 1 0 0 1 0 0 1 1 0 1 1 1 0 1 0 1 0]
At 16901/30000: COST 0.351/1.291(0.405) -- Acc 0.850/0.600(0.798)
[0 1 1 0 0 1 1 1 1 1 1 0 1 0 0 1 1 0 1 1 1 0 1 0 1 1 1 1 0 0 1 0 0 1 0 1 0
 1 0 1 0 1 1 0 1 0 0 0 0 0 1 0 1 0 1 1 1 0 0 0 1 0 1 0 0 0 0 1 1 1 1 1 1 1
 0 0 0 1 1 0 1 0 0 0 0 1 1 0 1 1 0 0 1 1 0 0 0 0 1 1]
At 17001/30000: COST 0.398/1.377(0.406) -- Acc 0.800/0.590(0.797)
[0 0 1 1 0 1 0 1 0 1 0 0 1 0 1 0 0 0 1 1 0 1 1 1 0 1 0 1 1 0 0 0 0 0 1 0 1
 0 0 0 1 1 1 1 1 1 0 1 0 1 0 0 0 0 0 1 1 1 1 1 1 0 0 1 0 0 0 1 1 1 0 1 1 1
 1 0 0 1 1 0 0 1 0 0 0 1 1 0 1 0 1 1 0 1 0 1 0 0 0 1]
At 17101/30000: COST 0.406/1.703(0.405) -- Acc 0.790/0.550(0.797)
[1 0 0 0 0 1 0 1 0 0 0 0 1 1 1 0 0 1 1 0 0 1 1 1 1 1 0 1 0 0 0 1 0 0 0 1 1
 1 0 0 1 0 1 1 1 1 0 0 0 0 0 1 1 0 0 1 0 0 1 0 1 1 1 0 1 1 0 0 0 1 0 1 1 1
 1 0 1 1 0 1 1 0 1 0 1 0 1 0 1 1 1 1 1 1 0 0 0 0 0 0]
At 17201/30000: COST 0.432/1.455(0.415) -- Acc 0.810/0.530(0.793)
[1 1 0 0 0 0 1 0 0 1 0 0 0 1 1 1 1 1 1 0 0 1 0 1 0 1 0 1 0 1 1 1 0 1 1 1 0
 1 0 0 0 1 1 1 0 0 0 0 0 0 1 0 0 0 1 1 0 1 1 1 1 0 0 1 0 0 1 1 1 0 0 0 0 0
 1 0 0 0 0 0 0 1 0 0 1 0 0 0 0 0 1 0 0 1 0 1 1 1 0 0]
At 17301/30000: COST 0.386/1.599(0.420) -- Acc 0.760/0.560(0.790)
[0 0 1 1 0 1 0 1 1 0 0 1 0 1 0 0 0 1 1 0 1 0 1 0 0 0 1 0 1 0 0 1 1 0 0 1 1
 1 1 0 1 0 1 0 1 1 1 0 1 1 0 0 0 1 1 1 1 0 1 1 1 0 1 1 1 1 0 0 1 1 1 1 0 0
 0 1 1 0 1 1 1 1 1 0 0 1 0 0 1 1 1 0 1 0 1 0 0 0 1 1]
At 17401/30000: COST 0.306/1.473(0.414) -- Acc 0.850/0.570(0.794)
[0 1 1 0 0 1 0 0 1 1 1 0 0 0 1 1 1 0 0 0 0 1 0 0 1 1 1 1 1 0 1 0 1 1 1 1 0
 1 1 1 1 0 0 1 1 0 0 0 0 0 1 0 0 1 0 1 1 0 1 0 0 1 0 1 1 1 1 1 1 0 1 0 1 0
 1 0 1 1 0 0 1 1 1 1 1 0 1 0 1 0 0 1 0 0 0 0 0 1 0 0]
At 17501/30000: COST 0.356/1.588(0.404) -- Acc 0.830/0.510(0.797)
[0 1 0 1 0 1 0 0 1 1 1 0 0 1 1 1 0 1 0 0 1 0 1 1 1 0 1 1 0 1 0 1 0 0 1 1 0
 0 0 1 1 1 0 0 0 0 1 1 0 1 1 1 0 1 0 0 0 1 0 0 1 0 1 0 1 0 1 1 1 0 0 1 1 0
 0 1 0 0 0 1 0 0 1 0 0 1 0 0 1 1 0 1 0 0 0 1 1 0 0 1]
At 17601/30000: COST 0.486/1.525(0.403) -- Acc 0.710/0.530(0.797)
[1 1 0 1 0 0 0 0 0 0 0 1 0 1 1 0 1 0 0 1 1 1 0 1 1 1 0 0 0 0 1 1 1 1 0 0 1
 1 0 1 1 1 0 1 1 0 1 1 1 0 0 1 0 0 0 1 1 0 1 0 1 0 1 0 1 0 0 0 1 0 1 0 0 0
 0 1 1 0 0 0 1 1 0 1 1 1 0 1 0 0 0 1 0 1 1 1 0 0 1 0]
At 17701/30000: COST 0.631/1.109(0.426) -- Acc 0.670/0.600(0.785)
[0 0 1 1 1 1 1 1 1 0 1 0 0 1 0 0 0 0 1 0 0 0 1 0 0 0 0 1 0 0 0 0 0 1 0 1 1
 0 0 1 0 1 0 0 0 1 0 0 0 1 1 1 0 1 0 0 1 1 0 0 1 0 0 1 0 0 1 1 1 0 0 1 1 1
 0 0 0 0 0 1 0 1 1 0 0 0 1 1 1 1 0 0 0 1 1 0 1 1 1 1]
At 17801/30000: COST 0.360/1.317(0.429) -- Acc 0.820/0.620(0.782)
[1 0 1 0 1 1 0 1 1 1 1 1 0 0 0 1 1 1 0 0 1 0 1 0 0 1 0 0 0 1 1 0 0 1 1 1 0
 1 0 1 0 0 1 1 1 0 1 1 0 1 0 0 0 0 0 1 1 0 1 1 0 0 0 0 0 0 0 1 0 0 1 0 1 0
 1 1 1 0 0 0 0 1 0 0 1 0 1 1 1 1 0 0 0 0 0 0 0 0 1 1]
At 17901/30000: COST 0.391/1.457(0.410) -- Acc 0.770/0.530(0.795)
[1 1 1 0 1 0 1 0 0 1 0 1 0 0 1 0 0 1 1 1 1 1 0 1 1 0 0 0 0 0 1 1 0 0 1 1 0
 0 0 0 0 0 0 0 0 1 1 0 1 1 1 1 0 0 0 0 0 0 1 1 0 0 1 1 1 0 1 1 1 0 0 0 0 0
 1 0 0 0 0 0 1 0 1 1 1 1 0 1 1 0 0 0 1 1 1 1 1 0 1 1]
At 18001/30000: COST 0.413/1.316(0.407) -- Acc 0.810/0.650(0.792)
[0 1 0 1 0 0 1 1 0 0 1 1 1 1 0 0 0 1 0 0 1 0 0 0 1 0 0 0 0 0 0 1 1 0 0 1 0
 1 0 1 1 1 1 1 0 1 1 1 1 1 1 1 0 1 0 0 0 1 0 1 0 1 1 1 1 0 0 1 0 1 1 1 1 0
 1 0 1 0 0 0 0 1 0 1 1 0 1 1 0 0 1 0 1 0 0 1 1 1 0 0]
At 18101/30000: COST 0.424/1.730(0.412) -- Acc 0.800/0.520(0.790)
[1 1 0 1 1 0 0 1 0 0 1 0 1 1 1 0 0 0 1 1 1 1 1 0 0 1 1 1 1 1 1 1 1 0 1 0 0
 1 0 0 1 0 1 1 1 0 1 0 0 1 1 1 1 1 1 0 1 0 0 0 1 0 0 1 0 1 1 0 1 0 0 1 0 1
 1 0 0 1 1 1 0 0 0 1 0 1 0 0 0 1 0 1 1 0 1 1 1 0 1 0]
At 18201/30000: COST 0.394/1.779(0.420) -- Acc 0.810/0.530(0.783)
[0 0 0 0 1 0 1 0 1 0 1 1 1 0 1 0 0 1 0 1 1 0 0 0 0 0 1 0 1 1 0 0 1 1 0 1 1
 0 0 1 1 0 0 1 0 0 0 1 1 0 0 1 0 0 1 0 0 0 0 0 1 0 1 1 0 1 1 1 1 1 0 1 0 1
 0 1 0 0 1 0 1 0 0 0 1 1 1 1 1 0 0 0 0 1 0 0 0 1 1 1]
At 18301/30000: COST 0.422/1.666(0.411) -- Acc 0.730/0.530(0.790)
[1 0 1 1 0 1 1 1 1 0 1 0 1 0 1 1 0 1 0 0 1 0 0 1 0 1 1 1 1 1 0 1 0 0 1 1 1
 0 0 1 1 0 1 0 0 1 0 1 1 0 1 1 1 1 0 0 0 1 0 1 1 1 1 1 0 0 0 1 0 1 0 0 0 1
 0 0 0 0 1 0 1 1 1 0 1 0 0 1 0 0 1 0 0 1 0 0 1 1 1 0]
At 18401/30000: COST 0.392/1.748(0.403) -- Acc 0.820/0.520(0.794)
[0 0 1 1 1 1 1 1 1 1 0 1 0 0 0 0 1 0 0 1 1 0 1 1 0 0 0 1 0 1 0 0 1 1 1 1 0
 1 0 0 0 0 0 1 0 1 1 0 1 1 1 1 0 1 0 1 1 1 0 0 0 1 1 0 0 1 0 0 1 0 0 1 0 0
 0 1 1 1 1 1 0 0 0 0 0 1 0 0 0 1 1 1 0 0 1 0 0 0 0 1]
At 18501/30000: COST 0.374/1.595(0.422) -- Acc 0.840/0.510(0.791)
[1 1 1 0 1 1 1 1 1 0 0 0 0 1 1 1 1 1 0 0 1 0 0 1 1 0 1 0 1 0 1 1 0 1 1 1 1
 0 0 1 1 1 0 0 1 0 1 1 1 0 1 1 0 0 0 1 0 1 0 1 0 0 0 0 0 1 1 0 0 0 1 1 0 1
 0 0 0 1 1 0 1 0 0 1 1 1 0 0 1 0 0 0 0 0 1 0 1 0 1 0]
At 18601/30000: COST 0.324/1.580(0.401) -- Acc 0.810/0.540(0.795)
[1 1 0 0 0 1 1 1 1 0 1 1 1 1 0 0 0 0 0 1 0 0 1 0 1 1 1 1 0 0 0 1 1 0 1 0 1
 1 1 0 1 0 1 1 1 0 1 1 1 0 0 1 1 0 0 0 0 1 0 1 1 1 1 0 0 0 0 0 0 0 0 1 1 1
 1 0 0 0 1 0 0 1 0 1 1 1 0 0 1 0 0 1 0 1 0 1 1 0 1 0]
At 18701/30000: COST 0.527/1.150(0.435) -- Acc 0.760/0.540(0.780)
[1 0 0 1 1 1 0 1 1 0 1 0 0 0 1 1 0 0 1 0 0 0 0 0 1 0 0 1 0 1 0 0 1 0 1 1 1
 0 1 0 1 1 1 0 1 1 0 0 1 1 0 1 1 0 0 1 1 1 1 1 0 0 0 1 1 1 1 1 1 1 0 1 0 1
 0 1 0 1 1 1 1 1 0 1 0 0 1 0 0 1 0 0 1 0 0 1 0 1 0 0]
At 18801/30000: COST 0.347/1.886(0.411) -- Acc 0.850/0.460(0.790)
[1 1 1 1 1 0 0 1 0 0 1 1 1 0 0 0 1 1 1 1 1 0 0 1 1 1 1 0 1 0 1 1 1 1 0 0 1
 1 0 0 1 1 1 0 1 1 1 0 1 1 0 1 0 1 1 1 1 1 0 0 1 1 1 1 1 0 0 0 1 1 1 1 1 1
 0 0 1 0 1 1 0 0 1 1 0 1 1 0 0 0 1 1 1 1 0 0 1 1 1 0]
At 18901/30000: COST 0.430/1.431(0.427) -- Acc 0.720/0.490(0.785)
[0 0 0 1 0 0 1 0 1 1 1 0 0 0 0 0 1 0 1 0 1 0 0 1 1 0 1 0 1 1 1 0 1 0 1 0 0
 0 1 1 1 0 1 1 0 0 1 1 0 1 1 1 0 1 0 0 0 0 1 1 0 1 1 1 1 0 1 0 1 1 1 0 0 0
 1 0 1 0 1 1 0 0 1 1 0 1 1 1 1 1 1 0 0 0 0 0 0 0 0 1]
At 19001/30000: COST 0.330/1.806(0.398) -- Acc 0.850/0.490(0.797)
[1 1 1 0 1 1 1 0 1 0 0 0 1 0 1 0 0 1 0 0 1 0 0 1 1 1 0 0 1 1 1 0 1 0 0 0 1
 1 1 1 1 1 1 1 1 1 1 1 1 1 1 0 1 1 0 0 1 1 1 1 0 1 0 1 0 0 1 0 1 0 0 0 0 0
 0 0 1 1 1 1 1 1 0 0 1 0 1 1 1 1 0 1 0 1 1 1 1 0 0 0]
At 19101/30000: COST 0.440/1.508(0.386) -- Acc 0.780/0.520(0.803)
[0 1 0 1 0 0 1 1 1 1 1 0 1 1 0 1 0 0 0 0 1 1 1 0 0 1 0 0 1 1 0 0 0 0 1 1 1
 1 1 1 0 0 0 0 1 1 0 1 0 1 1 0 1 0 0 1 0 0 1 0 1 0 1 0 0 1 0 1 0 0 1 0 0 1
 1 1 0 0 1 1 1 1 1 0 0 1 1 1 0 0 1 1 0 0 0 0 1 0 1 0]
At 19201/30000: COST 0.322/1.671(0.385) -- Acc 0.840/0.530(0.803)
[0 1 1 1 1 0 0 0 0 1 0 0 0 0 1 1 1 0 1 1 1 1 1 1 1 1 1 1 0 0 0 1 1 1 0 0 1
 1 0 1 1 1 1 0 1 1 1 1 0 0 0 1 0 0 0 0 1 1 0 0 1 1 0 0 1 1 0 1 1 0 0 1 1 0
 1 0 0 1 0 1 1 0 1 1 1 1 0 0 1 1 0 0 1 0 0 0 1 1 1 1]
At 19301/30000: COST 0.313/1.506(0.388) -- Acc 0.910/0.560(0.799)
[1 1 1 1 1 1 1 1 0 0 0 1 1 1 1 0 0 0 1 0 0 0 0 0 0 0 1 0 0 0 0 0 0 1 0 1 1
 0 1 0 0 1 0 1 1 1 0 1 0 0 0 0 1 1 1 0 0 0 1 0 0 0 1 0 0 1 0 1 0 1 1 1 1 1
 1 1 1 1 0 1 1 0 1 0 0 0 0 1 1 1 1 1 1 0 0 1 0 1 0 1]
At 19401/30000: COST 0.382/1.932(0.387) -- Acc 0.880/0.480(0.803)
[0 0 1 0 0 1 0 1 1 1 1 1 0 1 1 0 0 0 1 1 1 1 1 1 0 1 0 0 0 0 1 1 0 1 0 1 1
 1 1 0 1 1 0 0 0 0 1 1 0 1 0 1 1 1 1 0 1 1 0 0 1 0 0 0 1 1 0 0 0 1 0 0 1 0
 0 0 1 1 0 1 1 1 0 1 1 1 0 1 1 1 1 1 0 0 0 1 0 1 0 0]
At 19501/30000: COST 0.393/1.733(0.389) -- Acc 0.830/0.470(0.803)
[1 0 1 1 1 0 0 1 1 1 0 0 1 1 0 1 1 0 0 1 1 0 0 1 1 1 1 1 0 1 0 1 0 1 0 0 1
 1 0 0 1 0 1 0 1 0 1 1 1 1 1 1 0 1 0 0 1 0 0 1 1 1 0 0 0 1 1 1 0 1 1 1 0 1
 1 1 0 1 1 0 0 0 1 1 0 0 0 1 1 0 1 1 1 0 0 0 0 0 1 1]
At 19601/30000: COST 0.294/2.005(0.381) -- Acc 0.870/0.520(0.802)
[0 1 1 1 1 0 1 0 0 0 1 1 0 1 1 1 1 1 1 1 0 1 1 0 0 0 0 0 1 0 1 0 0 1 1 0 1
 0 1 1 1 1 1 1 0 1 0 0 1 1 0 0 1 1 0 0 0 1 1 0 0 0 1 0 0 0 1 0 1 0 0 1 0 0
 0 0 0 0 0 1 0 1 1 1 0 1 1 1 1 1 1 0 1 1 1 0 1 1 0 0]
At 19701/30000: COST 0.478/1.655(0.386) -- Acc 0.770/0.540(0.798)
[1 0 1 1 0 0 0 1 0 1 1 1 1 0 0 0 1 1 1 0 1 0 1 1 1 0 1 1 0 1 0 1 0 1 1 0 0
 0 1 0 0 1 1 0 1 1 0 1 0 0 0 0 0 1 1 1 0 0 1 0 1 0 1 0 1 0 1 1 0 0 1 0 1 0
 0 0 1 0 1 1 1 0 1 0 0 0 1 0 1 0 0 1 1 1 1 1 1 0 0 1]
At 19801/30000: COST 0.358/1.681(0.377) -- Acc 0.790/0.510(0.806)
[0 0 0 0 1 1 0 0 1 1 1 0 0 1 0 1 0 1 0 0 1 0 1 1 0 0 0 0 1 0 0 1 0 0 1 1 1
 1 1 1 0 0 1 1 0 0 1 0 1 0 1 0 1 1 0 0 0 1 1 1 1 0 1 0 0 0 0 1 1 0 0 1 1 1
 0 1 1 1 1 0 0 0 0 0 1 1 1 0 0 0 0 1 1 1 1 0 1 1 0 0]
At 19901/30000: COST 0.459/1.788(0.396) -- Acc 0.740/0.560(0.802)
[1 1 0 1 1 0 1 0 1 0 0 1 1 0 1 0 0 0 0 1 1 0 1 1 1 1 0 0 0 1 1 0 0 1 0 0 0
 0 0 1 0 1 0 0 0 1 1 0 1 0 1 0 1 1 0 0 1 0 0 1 1 0 0 1 0 1 1 1 1 1 0 0 1 1
 0 1 1 0 0 1 0 1 0 1 1 0 1 1 1 0 1 0 0 1 1 1 1 1 0 0]
At 20001/30000: COST 0.459/1.689(0.400) -- Acc 0.710/0.570(0.800)
[0 1 0 0 1 1 0 1 1 1 1 0 1 1 0 0 0 0 0 1 0 0 0 1 0 0 0 1 1 1 1 1 1 1 0 1 0
 1 1 1 1 0 1 0 0 0 1 0 1 0 0 0 1 1 0 1 1 0 0 1 0 0 1 0 1 1 1 1 1 1 1 1 0 0
 0 0 0 0 0 1 1 1 1 1 1 1 0 0 0 1 1 0 1 0 1 0 0 1 1 0]
At 20101/30000: COST 0.364/1.798(0.379) -- Acc 0.810/0.520(0.811)
[1 0 1 1 1 0 0 0 1 1 1 1 1 1 1 0 1 1 1 1 1 0 1 0 0 0 1 0 0 1 1 0 1 0 0 1 1
 0 1 1 0 1 0 1 0 1 0 0 1 1 0 1 0 0 0 0 1 0 1 1 0 1 1 1 1 1 0 1 0 1 0 1 0 0
 0 0 1 0 0 1 1 1 0 1 0 1 0 1 1 1 1 1 1 0 1 0 1 0 1 1]
At 20201/30000: COST 0.387/1.600(0.404) -- Acc 0.770/0.490(0.799)
[1 0 1 1 1 1 0 0 1 1 1 1 1 0 0 0 0 1 1 1 0 1 1 1 1 1 1 1 1 0 1 0 1 0 1 1 1
 0 0 1 0 1 0 1 1 1 1 1 1 1 1 0 0 1 0 0 0 0 0 0 0 1 1 0 0 1 1 0 1 1 0 0 0 1
 0 1 0 0 1 1 1 0 0 1 0 0 1 0 0 1 0 1 1 1 0 0 0 0 1 1]
At 20301/30000: COST 0.491/1.567(0.395) -- Acc 0.750/0.570(0.801)
[1 1 0 1 0 0 1 0 0 0 1 0 0 1 1 1 1 1 1 1 1 1 1 0 1 1 1 1 1 1 0 0 1 0 1 0 1
 1 1 1 0 1 0 1 1 0 1 1 0 1 0 1 1 0 0 0 1 1 0 0 1 0 0 0 0 1 1 1 0 1 0 0 0 0
 1 1 0 1 0 1 0 0 1 1 1 0 1 1 1 0 0 0 0 0 1 1 1 1 1 0]
At 20401/30000: COST 0.384/1.521(0.409) -- Acc 0.800/0.540(0.797)
[1 0 1 0 1 1 1 0 0 0 1 1 1 0 1 1 0 1 1 1 0 0 1 1 0 1 0 1 1 1 0 0 0 0 1 0 1
 1 1 1 1 1 0 0 1 0 0 0 0 0 1 1 0 0 0 1 1 0 0 0 1 1 1 1 1 0 1 1 1 0 1 0 1 1
 1 1 0 1 0 1 0 1 0 0 1 0 1 0 1 1 0 0 0 0 0 0 0 1 0 1]
At 20501/30000: COST 0.470/1.371(0.409) -- Acc 0.710/0.560(0.792)
[0 0 1 0 0 1 0 0 1 0 0 1 1 1 1 1 0 1 1 1 1 1 0 0 0 1 1 0 0 1 1 0 0 1 0 1 0
 1 1 0 0 0 0 1 1 1 0 1 0 1 1 0 1 0 0 1 1 1 1 1 1 0 1 0 1 1 1 1 0 1 0 0 0 1
 1 1 0 1 1 0 1 1 0 1 0 1 0 1 0 1 1 1 1 0 1 1 0 1 0 0]
At 20601/30000: COST 0.290/1.444(0.403) -- Acc 0.870/0.600(0.797)
[0 0 0 1 0 1 1 0 1 0 0 0 0 1 1 1 0 1 1 0 0 0 0 0 1 0 1 1 1 0 1 1 1 1 1 1 0
 0 0 1 0 0 1 1 0 0 0 1 0 1 0 0 1 1 1 1 1 1 0 1 0 0 0 0 0 0 1 0 0 0 1 1 0 1
 1 1 0 1 1 1 0 1 0 1 1 1 1 1 1 0 1 1 1 0 0 0 0 0 1 1]
At 20701/30000: COST 0.407/1.287(0.389) -- Acc 0.750/0.610(0.801)
[0 1 0 1 0 0 0 1 0 1 0 0 0 0 0 1 1 1 0 1 1 0 1 1 0 1 1 1 1 1 1 0 1 1 0 1 1
 0 1 0 1 1 1 1 0 0 1 1 0 0 1 1 1 0 0 1 0 0 1 0 1 0 1 0 0 1 1 0 1 1 1 0 1 1
 1 1 0 0 1 0 1 1 1 0 1 0 1 1 0 1 0 1 0 1 0 1 0 1 1 1]
At 20801/30000: COST 0.332/1.355(0.387) -- Acc 0.870/0.550(0.803)
[1 1 0 1 0 1 1 1 1 1 0 1 0 1 1 0 1 0 1 0 1 1 0 0 1 1 1 0 0 1 1 0 1 0 0 0 1
 0 1 0 0 1 1 1 0 1 0 0 0 1 1 1 0 1 1 1 1 0 0 0 0 0 1 1 0 1 0 1 1 0 1 0 0 1
 0 1 1 1 0 0 1 1 0 0 1 0 1 0 0 0 1 1 1 1 0 1 0 1 0 1]
At 20901/30000: COST 0.303/1.406(0.383) -- Acc 0.910/0.620(0.805)
[1 1 1 1 0 1 1 0 1 1 1 0 1 1 0 0 1 0 0 0 0 1 1 1 0 1 1 1 1 0 0 1 0 0 0 1 0
 0 1 1 1 0 0 1 1 1 1 1 1 0 1 1 0 1 1 0 0 0 0 0 1 0 1 0 0 0 1 1 1 0 0 0 0 1
 0 0 0 1 1 1 1 0 0 1 1 0 1 0 0 0 1 0 1 1 0 1 0 0 1 1]
At 21001/30000: COST 0.437/1.443(0.382) -- Acc 0.760/0.580(0.808)
[0 1 0 1 0 1 0 1 0 0 1 1 1 1 0 0 0 1 1 1 0 1 1 0 0 1 1 0 0 0 0 0 0 1 1 0 1
 0 0 1 0 1 1 0 1 0 1 0 0 0 1 0 0 1 0 0 0 1 1 1 0 1 0 1 1 0 0 0 0 0 0 0 0 1
 0 0 0 0 1 1 0 1 0 1 1 1 1 1 0 1 1 1 0 0 0 0 1 0 0 0]
At 21101/30000: COST 0.386/1.695(0.387) -- Acc 0.810/0.570(0.804)
[0 0 1 1 1 0 0 1 0 0 0 1 1 0 1 0 1 1 1 1 1 1 1 1 1 0 1 1 0 1 0 1 1 0 1 1 0
 1 0 0 0 1 1 1 1 1 0 0 0 1 1 0 0 1 1 1 1 0 0 0 1 1 0 0 0 1 0 0 0 1 0 0 0 1
 0 1 0 0 1 0 1 1 1 1 0 0 0 1 0 0 0 0 1 1 1 1 1 0 1 1]
At 21201/30000: COST 0.345/1.806(0.387) -- Acc 0.800/0.510(0.802)
[1 1 0 1 0 1 0 0 0 0 1 1 0 0 0 0 0 1 0 0 0 0 0 0 0 0 0 1 0 1 1 1 0 0 1 1 0
 1 0 1 1 0 1 1 0 1 1 1 1 1 0 0 1 0 1 1 1 0 1 0 1 0 0 0 0 0 0 1 0 1 1 1 0 1
 0 0 1 0 0 1 0 1 1 0 0 1 1 1 1 0 1 0 1 1 0 1 0 1 1 1]
At 21301/30000: COST 0.483/1.438(0.417) -- Acc 0.720/0.520(0.792)
[1 0 0 1 0 0 0 0 1 0 0 1 1 0 1 1 0 1 1 0 1 1 1 0 0 0 1 1 1 0 0 0 0 1 1 1 0
 0 0 0 1 1 0 0 0 1 1 0 0 1 0 0 0 1 0 1 0 1 0 0 1 0 1 0 1 1 0 0 0 1 1 0 0 1
 1 0 1 0 1 1 1 1 1 1 0 1 0 1 1 0 1 0 1 0 0 1 1 1 0 0]
At 21401/30000: COST 0.511/1.556(0.433) -- Acc 0.770/0.520(0.781)
[1 1 1 1 1 1 0 0 1 1 1 1 0 0 0 0 0 1 0 1 1 0 1 1 0 0 1 0 0 1 0 0 0 1 0 1 1
 0 1 0 1 1 1 1 0 0 1 0 0 0 1 0 1 0 1 1 0 0 1 0 1 0 0 1 0 0 0 0 1 0 0 0 0 1
 1 1 1 1 1 0 1 0 1 0 0 1 1 1 1 1 1 0 1 0 1 1 0 0 1 1]
At 21501/30000: COST 0.453/1.558(0.417) -- Acc 0.760/0.540(0.786)
[0 1 0 0 0 1 1 0 1 1 0 0 0 1 1 1 1 1 0 0 1 0 0 0 1 0 1 1 0 0 1 0 1 1 0 0 0
 0 1 0 1 0 1 1 0 1 1 0 0 1 0 0 1 0 0 1 0 1 1 1 1 0 0 1 0 0 1 0 0 0 1 0 1 1
 0 0 0 1 0 1 1 0 1 1 1 0 1 0 0 1 1 1 0 1 1 0 0 1 1 0]
At 21601/30000: COST 0.388/1.528(0.398) -- Acc 0.810/0.540(0.796)
[0 0 1 1 0 1 0 1 0 1 1 0 0 0 1 1 0 1 1 1 0 1 0 1 1 1 1 0 0 0 1 0 1 0 1 1 1
 1 0 0 1 0 0 0 1 1 1 0 0 0 1 1 1 1 1 1 0 0 0 0 0 1 0 1 0 1 0 1 0 0 1 0 1 1
 0 0 0 1 1 0 1 0 0 1 1 0 0 0 0 1 0 0 0 0 1 1 0 1 0 1]
At 21701/30000: COST 0.280/1.561(0.387) -- Acc 0.850/0.540(0.802)
[0 1 1 0 0 0 0 0 1 0 0 1 1 0 1 0 1 0 1 0 1 0 1 1 0 1 0 0 1 1 1 0 0 0 1 1 1
 0 0 0 0 1 1 1 0 1 0 0 1 0 0 0 1 1 1 1 0 0 1 0 1 0 1 0 0 1 1 1 1 1 0 1 1 0
 0 0 1 0 0 0 1 0 0 1 1 0 1 0 1 0 0 1 0 1 1 0 0 0 0 1]
At 21801/30000: COST 0.427/1.552(0.405) -- Acc 0.820/0.520(0.794)
[0 0 1 1 1 0 0 1 0 0 1 1 0 0 0 0 0 0 0 1 0 1 1 1 1 1 1 0 0 1 1 1 0 0 1 0 1
 0 0 0 1 0 1 0 1 1 1 0 1 0 0 0 1 1 0 1 1 1 1 1 0 0 1 0 1 1 1 0 0 0 0 0 0 0
 1 1 1 0 1 1 1 1 0 0 1 0 0 1 0 0 0 0 0 1 0 1 0 0 1 1]
At 21901/30000: COST 0.560/1.395(0.453) -- Acc 0.760/0.590(0.780)
[1 0 1 1 0 1 1 0 1 0 0 0 0 1 0 1 1 0 1 0 0 1 1 1 1 1 0 0 0 1 1 1 0 0 1 1 0
 1 1 1 0 1 1 1 0 1 1 0 0 1 1 1 0 0 1 0 0 1 1 1 1 0 0 1 1 0 0 0 0 1 1 0 1 0
 1 0 0 0 1 0 0 0 1 1 0 0 1 0 1 0 0 1 0 0 1 0 0 0 0 1]
At 22001/30000: COST 0.348/1.215(0.427) -- Acc 0.820/0.630(0.788)
[0 1 1 0 1 1 0 1 0 0 0 0 1 1 1 1 0 0 1 0 0 0 0 0 1 0 1 1 1 0 0 1 0 0 1 0 0
 0 0 1 0 0 1 1 1 0 0 0 0 0 1 0 0 1 0 0 1 0 0 0 1 0 1 0 1 1 0 0 0 0 1 1 0 0
 1 0 1 1 0 1 1 1 1 0 0 0 1 1 1 0 1 1 1 1 1 1 0 1 0 0]
At 22101/30000: COST 0.358/1.553(0.415) -- Acc 0.830/0.550(0.792)
[0 0 0 1 0 1 1 0 1 0 0 0 1 0 0 0 1 0 1 1 0 1 0 1 0 1 0 0 1 1 1 0 1 0 0 1 0
 0 0 0 1 1 1 1 0 0 1 0 0 1 1 0 1 0 0 1 1 1 1 1 0 0 0 1 1 0 0 1 0 1 0 1 1 1
 1 0 1 0 0 0 0 1 0 1 1 0 0 0 0 0 0 1 1 0 1 1 1 0 0 0]
At 22201/30000: COST 0.400/1.455(0.394) -- Acc 0.750/0.610(0.801)
[1 1 0 1 0 1 1 0 1 0 1 0 0 1 0 1 0 0 0 0 0 1 1 0 1 0 0 0 1 0 0 1 1 0 1 0 1
 1 1 0 1 1 1 1 0 0 1 1 0 0 1 1 1 0 1 0 1 0 0 1 1 0 1 0 1 1 1 0 1 0 0 0 1 0
 1 1 0 0 1 1 0 0 1 0 1 0 0 0 1 0 0 1 0 0 0 0 1 0 1 1]
At 22301/30000: COST 0.437/1.709(0.392) -- Acc 0.780/0.580(0.803)
[0 1 1 0 0 0 1 1 0 1 0 0 0 1 0 1 0 1 0 0 0 0 0 0 0 1 0 1 1 1 1 1 1 0 0 0 1
 0 1 0 0 0 1 0 1 1 1 1 0 1 1 0 1 0 0 0 0 0 1 1 0 1 0 0 1 1 0 1 0 0 1 1 1 1
 1 1 1 0 1 1 1 1 0 1 0 0 1 0 0 1 0 1 0 0 1 0 1 1 1 1]
At 22401/30000: COST 0.392/1.659(0.395) -- Acc 0.810/0.560(0.800)
[1 1 0 1 1 0 1 0 1 0 0 0 1 1 0 0 1 0 1 1 0 1 0 0 1 1 1 0 1 1 1 1 1 1 1 1 1
 1 0 1 0 1 1 0 1 1 1 1 1 0 1 1 0 0 1 0 1 1 1 0 0 1 0 1 0 1 1 0 1 1 0 1 0 1
 0 0 0 1 0 1 0 1 0 0 0 1 0 1 0 0 0 1 0 1 1 0 0 0 1 0]
At 22501/30000: COST 0.354/1.645(0.389) -- Acc 0.820/0.550(0.807)
[0 0 1 1 1 1 0 0 0 1 0 0 0 1 1 1 1 0 1 1 0 0 0 1 0 0 1 1 1 1 1 0 1 0 0 0 1
 0 0 1 0 0 0 0 1 0 1 0 0 1 0 0 1 1 1 1 1 1 0 0 0 0 1 1 1 0 0 1 1 1 0 0 0 1
 0 1 1 0 0 1 1 1 1 0 0 1 0 1 0 1 1 0 1 0 1 0 1 0 1 0]
At 22601/30000: COST 0.424/1.650(0.392) -- Acc 0.820/0.590(0.804)
[0 1 0 0 0 1 0 0 0 0 0 1 0 0 1 1 0 1 0 0 0 1 0 1 0 1 1 0 1 0 1 0 1 0 1 1 1
 1 0 0 0 1 0 1 0 0 0 0 0 0 0 1 0 1 1 0 1 0 0 0 0 0 0 0 0 1 1 1 1 0 1 0 1 1
 1 1 1 1 1 1 1 0 1 1 1 0 1 0 0 0 0 1 0 1 1 1 0 1 1 0]
At 22701/30000: COST 0.448/1.637(0.397) -- Acc 0.720/0.540(0.803)
[1 0 0 1 0 0 0 0 1 1 1 0 1 1 1 0 1 1 1 1 1 1 1 0 0 1 1 0 0 1 1 0 0 1 1 0 0
 0 1 0 0 0 1 0 0 1 1 1 1 1 0 1 1 0 1 1 1 1 0 0 0 0 0 1 1 0 1 0 0 1 0 1 1 0
 1 1 0 0 0 1 0 0 0 1 0 0 0 0 1 0 0 0 0 1 1 1 1 1 0 1]
At 22801/30000: COST 0.352/1.880(0.383) -- Acc 0.840/0.540(0.805)
[1 0 0 0 0 0 1 1 1 1 1 0 0 1 1 0 1 0 1 0 1 0 0 1 1 0 0 1 1 0 1 0 0 0 0 1 0
 1 0 0 1 1 1 0 1 1 1 1 1 1 0 0 1 0 0 0 0 0 0 0 0 0 1 0 1 1 1 1 1 1 1 1 1 1
 1 0 0 0 0 1 1 1 0 1 0 0 0 0 1 1 1 1 0 1 0 1 0 0 1 1]
At 22901/30000: COST 0.332/1.828(0.392) -- Acc 0.830/0.550(0.805)
[1 0 1 0 1 0 1 0 0 0 1 0 0 1 1 0 1 0 1 0 1 1 1 1 0 0 0 1 0 0 1 0 0 0 0 0 1
 0 1 1 1 0 1 1 0 0 1 0 1 1 1 1 0 1 0 1 0 0 0 0 0 0 1 1 0 0 0 1 0 1 0 0 0 0
 1 0 0 1 1 0 0 1 0 0 0 0 1 0 1 1 1 0 1 0 1 0 0 1 1 1]
At 23001/30000: COST 0.413/1.750(0.391) -- Acc 0.770/0.620(0.801)
[1 1 0 0 0 0 0 1 0 0 1 1 1 0 0 0 0 0 1 0 0 1 0 1 0 0 0 0 1 0 0 1 1 0 0 1 0
 0 1 0 1 1 1 1 1 0 1 1 1 0 0 0 1 1 1 1 0 0 1 1 0 0 0 1 0 1 1 0 0 1 0 0 0 1
 1 1 0 1 0 1 1 0 0 0 1 0 1 1 0 1 0 1 1 0 1 1 1 1 0 0]
At 23101/30000: COST 0.368/1.849(0.379) -- Acc 0.780/0.570(0.808)
[0 1 0 1 1 1 0 1 0 1 1 0 1 0 0 1 0 0 1 0 0 0 1 1 1 0 0 0 1 0 0 1 1 0 1 1 1
 0 0 0 1 0 1 1 0 1 1 0 1 1 0 1 1 1 1 1 1 1 0 1 1 0 0 0 0 1 1 0 0 1 0 1 1 0
 1 1 0 1 0 1 0 1 1 1 1 0 1 0 0 1 1 1 1 1 1 1 0 1 1 1]
At 23201/30000: COST 0.397/1.731(0.387) -- Acc 0.800/0.600(0.809)
[0 0 1 0 0 1 1 0 1 1 0 0 1 1 0 0 1 1 0 0 0 0 1 0 0 0 1 1 0 1 1 1 0 0 1 1 0
 1 0 1 1 1 1 1 1 1 1 0 0 1 0 1 0 0 1 0 1 0 1 1 1 1 1 1 0 1 0 0 0 1 0 1 1 0
 0 1 1 1 1 0 0 0 0 0 1 1 0 0 0 0 1 1 1 1 1 0 1 0 0 1]
At 23301/30000: COST 0.403/1.734(0.385) -- Acc 0.820/0.580(0.806)
[0 1 0 0 0 0 0 0 1 0 1 0 1 0 1 0 1 1 0 0 1 0 0 0 1 1 1 1 1 0 1 0 1 1 0 0 1
 1 0 1 1 1 0 1 1 0 0 0 1 1 0 0 0 0 0 0 0 0 1 1 1 1 1 0 0 1 1 1 1 0 0 0 0 1
 0 1 1 1 0 0 0 0 0 1 0 1 0 0 0 1 0 0 1 1 0 0 0 0 0 0]
At 23401/30000: COST 0.593/1.792(0.385) -- Acc 0.780/0.580(0.806)
[0 1 0 1 1 1 1 1 1 1 1 1 0 1 0 0 1 1 1 0 0 1 1 1 0 0 0 0 0 0 1 0 1 0 0 0 1
 0 1 1 1 0 0 0 0 0 0 1 1 1 0 1 1 0 0 1 0 1 1 0 0 1 1 1 1 1 0 1 1 0 1 0 0 1
 1 0 1 0 1 1 0 1 1 1 1 1 0 0 0 1 0 1 0 0 1 0 0 1 1 0]
At 23501/30000: COST 0.387/1.950(0.401) -- Acc 0.830/0.510(0.801)
[0 0 0 0 1 0 0 1 1 1 0 0 1 0 1 1 1 0 1 1 0 0 1 0 0 1 0 1 1 1 1 0 1 0 1 0 1
 1 0 1 0 0 0 0 1 1 0 0 1 1 0 0 0 0 0 1 0 1 1 0 0 1 0 0 0 1 0 1 1 1 0 1 1 1
 1 0 0 1 1 0 1 0 0 0 1 1 1 0 1 0 1 0 1 1 0 0 1 1 1 1]
At 23601/30000: COST 0.533/1.535(0.423) -- Acc 0.750/0.580(0.793)
[1 0 0 1 0 0 1 1 1 0 0 0 1 0 0 0 1 0 0 0 0 1 0 1 1 1 1 1 1 1 0 0 0 1 0 1 0
 1 1 1 0 1 1 0 0 1 0 1 1 0 0 0 0 0 1 1 0 0 0 0 1 0 1 0 1 1 1 1 1 1 0 0 1 0
 1 1 1 0 1 1 1 1 1 0 1 0 1 1 0 0 1 0 0 0 1 1 0 1 0 1]
At 23701/30000: COST 0.318/1.480(0.413) -- Acc 0.850/0.550(0.794)
[1 0 1 1 0 0 0 0 1 0 0 1 0 0 1 0 1 0 1 0 0 1 0 1 0 0 1 1 1 1 0 0 0 1 1 1 1
 1 1 0 0 0 0 1 0 0 1 0 1 0 1 1 1 0 1 1 0 0 0 0 1 1 1 0 1 1 1 0 1 0 1 1 1 1
 1 1 1 0 0 1 0 1 1 0 1 1 1 1 1 0 1 0 0 0 0 0 1 1 1 0]
At 23801/30000: COST 0.372/1.479(0.390) -- Acc 0.830/0.610(0.803)
[1 1 0 1 0 0 0 0 1 0 0 0 0 0 0 0 1 0 0 1 1 0 0 0 1 1 1 0 0 0 0 0 0 0 1 1 1
 0 1 1 0 1 1 0 0 1 0 0 1 1 1 0 1 1 1 1 1 1 0 0 0 0 0 0 1 0 0 1 0 0 0 1 0 1
 0 1 0 0 0 1 0 0 1 1 0 0 0 0 1 1 1 1 0 1 0 1 0 0 1 1]
At 23901/30000: COST 0.464/1.439(0.390) -- Acc 0.760/0.560(0.804)
[0 0 0 1 1 1 0 0 0 1 1 1 1 1 1 1 1 0 1 1 1 1 0 1 0 0 0 0 1 1 0 1 0 0 0 0 1
 0 1 1 1 0 0 1 0 1 1 1 1 0 0 0 1 1 1 1 0 1 1 0 0 0 0 1 1 0 0 1 0 1 1 1 0 0
 0 0 1 0 1 0 0 1 0 1 1 1 1 0 1 0 1 1 1 0 0 1 1 1 1 0]
At 24001/30000: COST 0.371/1.643(0.414) -- Acc 0.760/0.520(0.788)
[0 0 1 1 0 1 0 1 1 1 1 1 1 1 1 0 1 0 0 1 0 0 1 1 0 1 1 1 0 1 0 1 0 0 0 1 1
 0 0 1 1 0 0 1 1 0 1 0 1 1 1 1 0 1 0 0 0 1 1 1 0 0 0 1 0 1 0 0 1 0 1 0 0 1
 0 1 0 1 1 0 0 0 0 0 0 1 1 0 1 1 1 1 0 0 1 0 0 1 1 0]
At 24101/30000: COST 0.348/1.469(0.411) -- Acc 0.780/0.570(0.791)
[0 0 0 0 1 0 1 0 0 0 0 1 1 0 1 1 1 1 1 1 0 0 0 1 0 0 0 0 1 0 0 0 1 0 1 1 0
 1 1 0 0 0 1 1 1 1 1 1 0 1 1 1 1 1 1 0 0 1 1 0 1 1 1 1 1 1 0 1 1 1 0 0 1 0
 0 1 1 1 1 0 0 1 1 1 1 1 0 1 1 1 0 0 0 0 1 1 0 1 0 0]
At 24201/30000: COST 0.449/1.544(0.449) -- Acc 0.750/0.550(0.774)
[0 0 1 1 0 0 0 1 0 0 1 0 1 1 1 1 1 0 0 1 0 1 0 1 1 0 0 1 1 0 1 0 1 1 0 1 0
 1 0 0 0 0 0 1 0 1 1 0 0 1 0 0 0 0 1 1 1 1 1 0 1 1 1 1 1 1 1 1 0 0 0 0 1 1
 1 1 1 0 0 1 1 1 1 1 0 1 1 1 1 0 1 0 0 0 1 0 1 0 1 0]
At 24301/30000: COST 0.406/1.277(0.450) -- Acc 0.790/0.640(0.772)
[1 1 1 1 1 1 1 0 0 1 1 0 0 1 0 0 1 1 1 1 0 1 0 0 0 0 0 0 1 1 1 1 1 1 0 1 0
 1 0 0 0 0 1 0 1 0 1 1 1 0 0 1 1 0 0 0 0 1 1 0 1 1 1 1 1 0 1 1 0 1 0 1 0 1
 0 1 1 0 1 1 0 0 1 1 1 1 1 0 0 0 1 1 1 0 1 1 0 1 0 0]
At 24401/30000: COST 0.417/1.478(0.443) -- Acc 0.760/0.500(0.776)
[1 0 0 1 1 0 0 1 0 1 1 1 1 0 0 0 1 0 0 0 0 1 0 0 0 0 1 1 1 1 1 1 0 1 0 0 0
 0 1 0 1 0 1 0 1 1 0 1 1 1 0 1 1 1 1 0 1 0 1 0 0 1 0 0 1 1 1 1 1 0 0 1 1 1
 1 0 1 1 1 1 1 1 1 0 0 1 0 1 1 0 0 0 1 1 0 0 1 1 1 1]
At 24501/30000: COST 0.423/1.305(0.434) -- Acc 0.740/0.540(0.782)
[1 1 1 1 0 0 1 0 0 1 1 0 1 0 1 0 0 0 1 0 0 0 1 1 1 1 0 0 1 1 0 0 0 1 0 1 0
 1 1 0 1 1 0 0 1 0 1 0 1 0 0 1 0 0 0 1 1 1 1 0 1 1 0 0 1 1 1 1 1 0 0 1 0 0
 0 1 1 1 1 1 1 0 1 1 1 0 1 1 0 1 0 0 1 1 0 0 0 0 0 1]
At 24601/30000: COST 0.398/1.429(0.420) -- Acc 0.830/0.600(0.784)
[0 0 1 0 0 1 1 0 1 1 0 0 0 0 0 0 1 1 1 0 1 1 1 1 1 0 1 1 0 1 1 1 0 0 0 0 1
 0 0 0 0 0 1 1 0 0 1 1 0 1 1 1 1 1 1 0 0 1 0 0 0 1 1 1 1 1 0 0 0 1 0 0 1 0
 1 1 0 1 0 1 0 0 1 0 1 0 0 0 1 1 0 1 0 1 1 1 1 1 1 1]
At 24701/30000: COST 0.419/1.285(0.427) -- Acc 0.810/0.560(0.786)
[0 1 0 0 0 1 1 0 1 0 1 1 1 0 0 1 0 0 1 0 0 1 1 1 1 0 1 1 1 1 1 1 0 1 1 0 1
 0 1 1 1 0 1 0 0 0 0 0 1 1 0 0 0 1 1 1 1 1 1 0 1 1 1 0 1 0 1 0 1 0 0 0 1 0
 0 0 1 0 1 1 1 0 1 1 1 0 0 1 1 1 1 1 1 1 0 1 1 0 0 0]
At 24801/30000: COST 0.392/1.131(0.436) -- Acc 0.820/0.600(0.781)
[1 0 1 1 1 1 0 0 1 1 1 1 1 1 1 1 0 0 1 1 1 0 0 0 0 0 1 1 0 0 0 0 1 0 0 0 1
 1 1 0 1 1 0 1 1 1 0 0 1 0 0 0 0 1 1 1 0 0 1 1 0 1 1 0 0 0 0 1 1 0 0 0 0 1
 0 1 0 0 1 0 0 0 1 0 0 0 0 1 0 1 1 1 0 0 1 1 1 0 0 1]
At 24901/30000: COST 0.484/1.302(0.447) -- Acc 0.750/0.520(0.778)
[1 1 1 1 0 1 1 1 1 0 1 1 1 0 0 0 0 0 0 0 1 1 0 0 0 0 1 0 1 1 1 1 0 0 0 1 1
 1 0 1 0 0 0 0 1 1 0 1 0 0 1 0 0 0 0 1 0 1 1 1 0 1 1 1 1 0 1 1 1 0 0 1 0 1
 0 0 0 0 0 1 1 1 0 1 0 1 0 0 1 0 0 0 0 1 1 0 0 0 0 1]
At 25001/30000: COST 0.418/1.400(0.443) -- Acc 0.750/0.470(0.776)
[0 1 1 1 1 1 0 1 0 1 0 1 0 0 0 0 0 0 1 1 1 1 1 1 1 1 1 1 0 0 1 0 1 0 1 0 1
 1 1 0 1 0 1 1 0 0 1 1 0 0 1 0 1 0 0 0 0 0 1 0 0 1 1 0 1 0 0 1 1 1 1 1 1 0
 0 0 0 0 1 0 0 0 1 0 0 0 1 0 0 0 1 0 1 0 0 0 1 0 0 1]
At 25101/30000: COST 0.485/1.515(0.436) -- Acc 0.800/0.510(0.785)
[0 1 1 0 1 1 0 0 1 1 1 0 0 0 1 1 1 0 0 1 0 0 0 1 0 1 0 0 1 0 1 0 1 1 1 1 0
 0 0 0 1 0 1 1 1 1 1 0 0 0 0 1 1 1 0 0 1 1 1 0 0 1 1 1 1 0 0 0 1 0 1 1 0 0
 0 0 0 0 0 0 0 0 0 1 1 1 1 1 0 0 0 0 1 0 0 1 0 0 1 1]
At 25201/30000: COST 0.473/1.415(0.436) -- Acc 0.740/0.560(0.785)
[1 1 0 1 1 1 0 1 1 0 1 0 0 1 0 0 1 0 0 0 0 0 0 0 1 1 0 0 0 1 0 1 0 1 0 0 0
 1 0 0 1 1 0 1 1 0 1 1 0 1 0 1 0 1 0 1 1 0 1 0 0 0 1 0 1 0 0 0 1 1 0 0 1 0
 1 0 1 1 1 0 0 1 0 0 1 1 1 1 0 0 0 1 0 1 0 0 1 0 0 0]
At 25301/30000: COST 0.313/1.428(0.409) -- Acc 0.850/0.540(0.795)
[1 1 1 0 0 1 0 0 0 1 1 1 0 1 1 0 1 1 0 0 0 0 0 0 1 0 1 0 0 0 1 1 1 1 0 0 0
 1 0 0 1 0 0 0 1 0 0 1 1 1 0 0 0 1 0 0 1 1 0 0 1 0 0 1 0 1 1 0 1 1 0 1 1 1
 1 0 1 1 1 1 1 1 1 1 0 0 1 0 0 0 0 0 1 0 0 0 1 1 1 0]
At 25401/30000: COST 0.410/1.819(0.402) -- Acc 0.820/0.560(0.793)
[1 0 0 0 1 0 1 0 0 0 0 0 0 1 0 1 1 0 1 1 1 1 0 1 1 1 1 1 1 1 1 0 1 0 1 0 1
 1 0 0 0 0 0 1 0 1 1 0 1 0 1 0 1 0 0 1 1 0 1 0 0 1 0 1 0 1 0 0 0 0 1 0 1 0
 0 1 1 1 0 0 0 0 1 0 1 0 0 1 1 0 0 1 0 0 1 1 1 0 1 0]
At 25501/30000: COST 0.416/1.593(0.400) -- Acc 0.750/0.510(0.795)
[1 1 1 1 0 0 0 1 1 1 0 0 0 0 1 1 0 0 0 1 0 1 0 1 0 0 0 0 1 1 1 1 0 1 1 1 0
 0 0 0 0 1 0 0 1 1 0 0 1 0 1 1 0 1 0 1 1 1 1 0 1 0 0 0 0 0 0 0 0 0 1 0 0 0
 1 1 0 1 0 1 1 0 0 0 1 1 1 0 1 0 0 0 1 0 1 1 0 0 1 0]
At 25601/30000: COST 0.391/1.732(0.400) -- Acc 0.770/0.560(0.797)
[0 1 0 0 0 0 0 0 0 1 0 1 1 0 1 1 1 1 0 0 0 0 1 1 1 1 0 0 1 1 1 0 0 0 1 0 1
 1 0 1 1 1 0 1 1 0 0 1 0 1 0 0 0 1 1 1 0 0 0 0 0 0 0 0 0 1 1 1 0 1 0 0 0 1
 0 1 1 0 0 0 1 1 0 1 1 0 1 1 0 1 1 1 1 0 0 1 1 0 0 0]
At 25701/30000: COST 0.294/1.580(0.388) -- Acc 0.850/0.580(0.805)
[0 0 1 0 0 1 0 0 0 0 1 0 1 1 1 0 1 1 1 1 0 1 1 0 0 0 1 0 1 0 0 0 1 0 0 0 1
 0 0 0 0 0 0 1 0 0 1 1 0 0 0 1 0 0 1 1 0 1 0 0 1 0 1 0 0 1 0 1 1 0 1 1 0 0
 0 0 0 1 0 0 1 1 0 1 1 1 1 0 1 1 1 1 1 0 1 0 0 0 1 0]
At 25801/30000: COST 0.355/1.432(0.410) -- Acc 0.860/0.570(0.798)
[1 1 0 0 0 0 1 0 0 1 1 1 1 1 1 1 0 0 0 1 1 0 1 0 1 0 0 0 1 1 0 1 0 0 1 0 1
 1 1 0 1 1 0 1 1 1 1 1 1 0 0 1 1 0 0 0 0 0 1 0 0 0 1 0 0 0 1 0 0 1 0 0 0 1
 0 0 1 0 0 0 1 1 0 0 1 1 0 1 1 0 1 0 0 1 0 0 0 0 1 1]
At 25901/30000: COST 0.374/1.493(0.423) -- Acc 0.850/0.540(0.789)
[0 0 0 0 0 0 0 1 0 1 1 0 1 0 1 1 1 0 1 1 0 1 0 0 0 1 0 0 0 1 0 1 0 0 0 1 1
 0 0 0 0 0 0 0 0 0 0 0 1 1 1 1 0 1 0 1 1 0 0 0 0 0 1 0 1 0 1 0 0 0 1 1 0 1
 1 0 0 1 0 1 0 0 1 0 0 0 1 1 1 1 0 0 0 1 0 1 0 0 0 0]
At 26001/30000: COST 0.363/1.703(0.403) -- Acc 0.840/0.530(0.799)
[0 1 0 1 0 1 0 0 0 1 1 0 0 1 0 0 0 1 1 0 1 1 0 1 0 0 1 1 1 1 0 0 0 0 0 0 0
 1 0 0 1 0 0 1 0 1 1 0 1 1 1 0 0 1 0 1 1 0 0 0 1 0 0 0 1 1 0 0 1 1 0 0 0 0
 1 0 1 1 0 1 0 1 0 1 0 0 1 0 1 1 1 1 0 0 0 0 1 1 0 0]
At 26101/30000: COST 0.421/1.532(0.423) -- Acc 0.750/0.570(0.791)
[0 0 1 0 0 1 0 0 0 1 0 0 1 0 1 0 0 1 0 0 1 1 1 1 1 1 0 1 0 1 1 0 1 1 1 1 1
 1 0 1 1 1 0 1 1 1 1 1 1 0 1 0 0 0 0 1 0 1 0 1 1 1 0 1 0 0 0 1 0 1 1 1 0 0
 0 0 1 0 0 0 1 0 1 0 0 1 0 0 1 0 1 0 0 0 0 0 1 0 1 1]
At 26201/30000: COST 0.361/1.317(0.419) -- Acc 0.860/0.530(0.793)
[0 0 1 0 0 1 0 1 1 0 1 0 0 1 1 1 0 0 1 0 1 1 1 1 0 0 0 0 1 0 1 1 0 1 0 0 0
 1 0 0 0 0 0 1 0 1 0 0 1 0 0 0 0 0 0 1 0 1 1 0 1 0 1 0 0 0 0 0 0 0 0 1 0 0
 0 0 1 1 1 0 0 0 0 1 0 0 1 1 1 1 1 0 1 1 0 0 1 1 0 1]
At 26301/30000: COST 0.404/1.663(0.411) -- Acc 0.780/0.540(0.791)
[0 1 0 1 0 1 1 0 0 1 1 0 1 0 0 1 0 0 0 0 1 0 1 0 1 0 1 0 0 0 1 1 0 1 0 0 1
 1 1 1 1 1 0 1 0 0 1 0 0 0 0 0 1 0 0 0 0 1 0 1 1 0 0 0 0 0 0 1 1 1 1 0 0 1
 1 1 1 0 0 1 1 1 0 0 1 1 0 1 0 1 0 1 1 1 0 1 0 1 0 0]
At 26401/30000: COST 0.547/1.823(0.399) -- Acc 0.750/0.520(0.796)
[1 1 1 1 1 0 1 0 0 1 0 0 0 1 1 0 1 1 0 1 0 1 1 0 1 0 0 1 0 1 0 0 0 0 0 0 1
 1 1 0 0 1 1 1 0 0 0 1 1 1 0 0 1 0 1 0 0 0 0 1 0 0 0 0 1 1 0 1 1 1 0 1 1 0
 1 1 1 1 0 0 1 1 1 0 0 0 0 0 1 1 1 0 0 0 1 0 1 1 1 0]
At 26501/30000: COST 0.391/1.682(0.402) -- Acc 0.810/0.510(0.796)
[1 0 0 1 0 1 1 1 0 0 0 1 1 1 1 0 0 0 1 1 0 0 1 0 0 0 0 1 1 1 1 0 0 1 1 0 1
 0 1 0 0 1 0 1 0 0 1 0 0 0 1 1 1 1 0 0 0 0 1 1 0 0 1 1 1 1 1 1 1 0 1 1 0 1
 1 0 0 0 0 0 1 0 1 1 0 0 0 1 1 1 1 1 0 1 1 0 0 0 1 0]
At 26601/30000: COST 0.488/1.787(0.401) -- Acc 0.750/0.480(0.795)
[1 1 1 1 1 0 1 1 0 0 0 0 1 1 0 1 0 1 0 1 0 1 0 1 1 0 0 1 1 0 0 0 0 1 1 1 1
 0 0 1 0 1 1 1 0 0 1 0 0 0 1 0 0 0 0 0 1 0 1 1 1 0 1 0 0 0 0 0 0 0 0 0 1 1
 1 0 1 1 0 0 1 1 1 1 0 0 1 0 1 1 1 0 0 0 0 0 1 0 1 0]
At 26701/30000: COST 0.410/1.362(0.444) -- Acc 0.810/0.580(0.779)
[0 0 0 1 0 0 1 1 0 1 0 1 1 1 0 1 0 0 1 0 0 1 1 1 0 1 0 1 1 1 1 1 0 0 1 1 0
 0 0 1 0 0 1 1 1 0 0 1 1 1 1 1 0 1 1 0 1 1 1 0 0 0 1 1 1 0 0 1 0 0 0 1 1 1
 0 1 1 0 1 0 0 1 0 0 0 1 0 0 0 1 1 1 1 1 1 1 0 0 0 1]
At 26801/30000: COST 0.452/1.318(0.447) -- Acc 0.770/0.510(0.777)
[0 0 1 1 1 1 1 0 0 0 0 0 1 0 1 1 1 0 0 1 1 1 0 0 0 1 1 1 0 0 1 0 1 0 0 0 1
 1 1 1 1 0 1 1 1 0 1 1 1 1 0 0 0 0 0 1 1 0 0 0 1 0 1 0 0 0 1 1 1 0 1 1 1 0
 1 1 1 1 1 1 0 1 0 0 1 0 0 1 0 1 1 1 1 1 1 0 0 1 1 1]
At 26901/30000: COST 0.385/1.462(0.420) -- Acc 0.740/0.580(0.788)
[0 1 1 1 0 0 1 0 1 1 0 0 0 0 0 0 0 1 1 1 0 0 0 0 1 1 1 0 1 1 1 0 1 0 1 1 0
 0 1 1 0 1 1 1 1 0 0 1 0 0 1 0 1 1 1 0 1 1 0 0 0 0 1 0 1 0 1 0 0 0 1 0 1 0
 1 0 1 0 1 0 1 1 0 0 0 0 0 0 0 0 1 0 0 0 1 0 1 0 0 0]
At 27001/30000: COST 0.416/1.627(0.425) -- Acc 0.830/0.510(0.785)
[1 0 1 0 0 1 0 1 1 1 0 1 1 0 1 1 1 0 0 1 0 0 1 0 1 1 1 1 1 1 0 0 0 0 0 1 1
 0 1 1 1 1 0 1 1 1 1 1 1 1 1 0 1 0 1 0 1 0 1 0 0 1 1 0 1 0 1 0 1 0 1 1 0 0
 1 0 0 0 1 0 0 0 0 0 1 1 1 1 0 1 0 0 1 0 0 0 0 1 1 1]
At 27101/30000: COST 0.478/1.519(0.413) -- Acc 0.750/0.560(0.788)
[0 1 0 1 0 1 0 0 0 1 1 0 0 1 1 1 1 0 1 0 0 1 0 0 0 0 0 0 0 1 1 1 1 0 0 0 0
 0 1 1 0 0 0 1 0 0 1 1 0 1 1 1 1 1 1 1 1 1 0 1 1 1 0 1 1 1 1 1 1 1 1 1 1 0
 1 0 0 1 1 0 0 0 1 1 0 1 1 1 0 1 1 1 1 0 1 0 0 1 0 0]
At 27201/30000: COST 0.510/1.602(0.407) -- Acc 0.800/0.510(0.794)
[1 1 0 0 1 1 1 0 0 1 1 0 1 0 0 1 1 0 0 0 1 1 1 1 0 1 1 1 0 0 0 0 0 1 0 1 0
 1 1 1 1 0 0 0 0 0 1 1 0 1 1 1 0 0 1 0 1 0 0 0 1 1 0 1 0 1 1 0 1 0 1 1 1 1
 1 1 0 1 0 0 1 0 0 0 1 0 1 1 0 1 1 1 0 0 0 1 1 1 0 1]
At 27301/30000: COST 0.471/1.331(0.409) -- Acc 0.740/0.590(0.793)
[1 1 0 1 1 0 0 1 0 1 0 1 1 1 1 1 1 0 1 1 1 0 1 1 0 1 1 1 1 1 0 0 0 1 1 0 1
 1 1 1 1 1 0 0 0 0 1 1 0 1 1 1 0 1 1 1 1 0 0 1 0 1 0 1 1 1 0 0 0 0 0 0 1 1
 0 0 0 0 1 1 1 0 1 1 1 0 1 1 0 0 0 0 0 1 1 1 0 0 0 1]
At 27401/30000: COST 0.389/1.425(0.420) -- Acc 0.810/0.570(0.790)
[0 0 1 0 0 1 1 0 1 0 0 0 0 1 1 1 1 0 0 1 0 0 1 1 0 1 0 0 1 1 1 0 0 1 1 0 1
 1 1 0 0 1 0 0 1 1 1 1 0 0 0 1 0 1 1 0 1 1 1 1 1 1 0 0 1 0 0 1 0 0 1 1 0 0
 1 1 1 1 1 0 1 0 0 1 1 0 0 0 1 0 0 0 1 1 1 1 1 1 0 0]
At 27501/30000: COST 0.481/1.241(0.420) -- Acc 0.770/0.600(0.791)
[1 1 0 1 0 0 0 0 1 0 0 1 0 1 1 0 1 0 0 0 0 1 1 1 1 0 1 0 0 0 0 0 1 1 1 1 0
 1 1 0 1 1 1 1 1 1 0 1 0 1 0 0 1 1 0 0 1 1 1 0 0 1 0 1 1 1 0 0 1 0 1 1 1 1
 0 1 1 0 0 1 1 1 0 0 1 1 0 1 1 0 0 0 0 1 1 1 1 1 0 1]
At 27601/30000: COST 0.486/1.555(0.414) -- Acc 0.750/0.550(0.792)
[1 1 1 0 0 1 1 1 0 0 1 1 0 0 0 1 1 0 0 1 1 1 1 1 0 0 1 1 0 1 0 1 0 0 0 1 1
 0 1 1 1 1 1 1 1 0 1 1 1 0 1 1 0 0 0 1 0 1 0 0 1 0 0 1 0 0 0 1 0 0 1 1 1 1
 1 1 1 1 1 0 0 1 1 0 1 1 1 0 0 1 0 1 0 0 0 0 1 1 0 1]
At 27701/30000: COST 0.384/1.177(0.432) -- Acc 0.800/0.640(0.783)
[0 0 0 0 1 1 0 1 1 1 1 1 1 0 1 1 0 1 1 1 1 1 1 1 1 0 0 0 1 0 1 1 0 0 0 1 0
 1 0 1 1 1 1 0 0 0 1 0 1 1 0 0 0 1 1 0 1 1 0 1 1 0 1 0 1 0 0 0 0 1 0 0 1 0
 0 1 1 1 0 0 0 1 0 0 0 0 0 1 1 1 1 0 0 1 1 0 0 0 1 1]
At 27801/30000: COST 0.444/1.324(0.440) -- Acc 0.790/0.550(0.781)
[1 0 1 0 1 0 0 1 1 0 1 0 1 1 1 0 1 1 1 1 1 1 0 1 0 0 0 1 1 0 0 1 1 0 1 1 0
 0 1 0 0 1 0 0 1 0 0 0 0 0 0 1 0 1 1 0 1 1 1 1 1 1 0 1 0 1 1 0 1 1 1 1 1 0
 0 0 1 1 1 1 0 0 0 1 0 1 1 1 1 0 0 1 0 0 1 1 1 0 0 0]
At 27901/30000: COST 0.670/1.505(0.430) -- Acc 0.690/0.520(0.786)
[0 1 1 1 1 0 1 0 1 1 1 1 1 1 1 0 0 1 0 0 1 0 0 1 1 1 0 1 0 1 1 1 1 1 1 0 1
 0 0 0 0 1 1 0 1 1 0 0 1 1 1 1 1 1 0 0 1 0 1 1 1 0 0 1 1 0 1 0 1 1 1 0 0 0
 1 1 0 0 0 1 0 1 1 0 1 1 1 0 1 1 0 0 0 0 1 0 1 0 0 0]
At 28001/30000: COST 0.377/1.467(0.410) -- Acc 0.790/0.560(0.794)
[1 0 0 1 1 1 0 0 1 1 1 0 1 1 0 0 1 1 1 0 1 1 0 0 0 1 0 1 0 1 1 0 1 1 1 1 0
 1 0 0 1 1 1 0 0 1 0 1 1 1 1 1 1 1 0 0 0 1 1 0 1 1 0 1 0 0 0 0 1 1 1 1 0 1
 0 1 1 1 1 0 1 0 0 0 1 0 1 1 0 0 0 1 1 1 1 1 1 1 0 0]
At 28101/30000: COST 0.404/1.690(0.405) -- Acc 0.800/0.540(0.795)
[1 0 1 0 1 1 0 1 0 0 1 1 0 0 1 0 0 1 0 1 0 1 0 0 0 1 0 0 0 1 0 0 1 0 0 1 1
 0 1 0 1 1 1 0 0 0 1 0 1 1 0 1 1 0 0 0 1 0 0 0 1 1 1 1 1 1 0 0 0 0 1 1 1 0
 0 0 0 0 1 0 1 0 0 0 1 0 0 1 0 1 1 1 1 1 0 1 1 1 0 1]
At 28201/30000: COST 0.372/1.771(0.386) -- Acc 0.750/0.470(0.802)
[1 0 1 1 0 0 0 1 0 1 1 0 0 1 1 1 1 1 0 1 0 1 0 0 1 1 0 0 1 1 1 1 1 0 1 1 1
 1 0 1 0 1 1 0 1 1 0 0 1 1 1 0 1 1 0 1 0 0 0 1 1 0 0 0 1 0 1 1 1 1 0 0 0 1
 0 0 1 1 1 0 1 1 1 0 1 0 1 0 1 1 0 0 0 0 0 1 0 0 1 0]
At 28301/30000: COST 0.366/1.444(0.412) -- Acc 0.830/0.540(0.794)
[1 0 0 0 0 1 0 1 1 1 0 0 1 1 1 1 1 0 1 0 1 0 0 1 1 1 1 0 1 0 0 1 1 1 1 0 1
 0 0 0 0 1 0 1 1 1 0 0 1 1 0 0 0 0 1 1 1 1 0 0 1 1 1 0 1 0 0 1 1 0 1 1 1 1
 0 1 1 1 1 0 1 0 0 0 1 0 1 0 1 1 1 1 1 1 0 0 0 1 1 0]
At 28401/30000: COST 0.398/1.668(0.408) -- Acc 0.800/0.460(0.792)
[1 1 1 1 0 0 0 1 0 1 0 1 1 0 1 0 1 0 1 0 0 0 0 1 1 1 1 1 1 0 0 1 0 1 0 1 0
 1 0 1 0 1 0 0 1 1 1 1 0 1 0 1 0 1 1 1 0 0 0 0 1 0 1 0 1 0 0 1 0 1 1 1 0 0
 0 1 1 0 0 1 0 1 1 0 0 1 1 1 0 0 0 1 1 0 1 1 0 0 0 0]
At 28501/30000: COST 0.356/1.600(0.422) -- Acc 0.850/0.540(0.784)
[0 1 1 1 0 1 1 1 0 1 1 1 0 1 0 0 0 0 0 0 0 0 0 0 0 1 0 0 0 0 0 0 1 0 0 1 1
 1 1 0 0 1 0 1 0 0 1 1 1 0 1 0 0 1 1 0 1 1 1 1 1 1 0 1 0 1 1 0 1 1 1 0 1 0
 1 1 1 0 1 1 1 1 0 1 0 1 1 0 1 0 1 1 0 0 0 0 1 0 1 1]
At 28601/30000: COST 0.451/1.527(0.424) -- Acc 0.790/0.520(0.785)
[0 1 0 0 0 1 0 1 0 0 1 1 0 0 1 1 1 0 1 0 0 1 1 1 0 0 1 0 0 1 1 1 1 0 0 1 0
 0 1 0 1 1 1 0 0 1 0 1 0 0 0 0 1 1 1 0 1 1 0 1 1 0 0 0 1 1 1 0 1 0 0 1 0 1
 1 1 0 1 0 1 1 1 0 0 0 1 0 1 1 1 1 0 0 1 0 1 0 0 0 1]
At 28701/30000: COST 0.387/1.601(0.408) -- Acc 0.810/0.520(0.795)
[1 1 0 0 1 1 0 1 0 0 1 0 1 1 0 1 0 1 1 1 0 1 1 1 0 0 1 1 0 1 1 1 1 1 0 1 1
 0 0 0 1 1 1 0 1 0 1 1 1 0 0 1 0 0 1 1 0 0 1 1 0 1 0 0 0 1 0 1 0 1 1 0 0 0
 1 1 0 0 0 0 1 1 0 1 1 0 0 0 0 1 1 0 0 1 1 0 1 0 0 1]
At 28801/30000: COST 0.449/1.455(0.404) -- Acc 0.790/0.480(0.796)
[0 0 1 0 1 0 0 1 1 1 0 0 0 1 0 0 1 1 1 1 0 0 1 1 1 1 1 0 0 0 1 1 0 1 0 0 0
 0 1 0 0 1 0 1 1 0 1 0 1 0 0 1 1 0 0 1 0 0 1 1 1 0 1 0 1 1 1 0 0 0 0 1 1 1
 0 1 1 1 1 1 1 1 1 1 0 1 0 0 0 1 1 0 1 0 0 1 1 0 0 0]
At 28901/30000: COST 0.389/1.407(0.403) -- Acc 0.780/0.550(0.799)
[1 0 1 0 0 1 1 0 1 1 0 0 1 0 0 0 1 1 1 1 0 1 0 0 1 1 0 1 0 1 0 0 0 0 0 0 0
 0 0 1 0 0 1 0 0 1 1 0 1 1 1 0 1 1 1 1 0 0 0 0 1 1 0 1 0 1 1 1 0 0 0 0 1 1
 1 1 0 1 0 1 0 1 1 0 1 0 1 1 1 1 0 0 0 0 1 0 1 1 0 0]
At 29001/30000: COST 0.268/1.636(0.403) -- Acc 0.870/0.480(0.800)
[1 1 0 1 1 0 0 1 0 0 0 1 1 1 0 0 0 1 0 0 0 0 1 1 1 1 1 0 1 0 1 1 1 0 1 0 1
 1 0 1 0 0 0 1 0 0 1 0 1 1 1 0 1 0 1 0 1 1 0 1 0 1 1 0 1 1 1 1 1 0 1 1 0 1
 1 1 1 1 1 0 0 1 1 1 0 0 0 0 1 0 0 0 0 1 0 0 0 1 1 1]
At 29101/30000: COST 0.417/1.716(0.385) -- Acc 0.780/0.520(0.802)
[1 0 0 0 0 1 1 0 0 0 0 1 0 1 1 0 0 0 0 0 0 0 0 0 1 1 1 0 1 1 1 1 1 1 1 1 0
 0 0 0 1 1 0 1 1 1 1 0 0 0 0 0 0 0 0 0 0 0 1 1 1 0 1 1 0 0 1 1 1 0 0 0 1 0
 0 1 0 0 0 0 0 0 0 1 0 0 1 0 0 0 0 0 0 0 1 0 1 1 0 0]
At 29201/30000: COST 0.366/1.797(0.388) -- Acc 0.860/0.510(0.800)
[0 1 0 1 0 0 1 1 1 1 0 1 1 0 0 1 1 1 0 1 1 0 0 1 0 0 0 0 1 1 1 1 0 0 0 0 0
 1 1 0 1 0 0 0 1 1 0 0 1 1 0 0 1 1 1 0 0 0 0 1 1 0 0 0 1 1 0 0 1 1 1 1 1 0
 0 0 0 0 1 0 0 0 0 1 1 0 1 1 0 1 1 0 0 1 1 0 1 0 0 1]
At 29301/30000: COST 0.413/1.603(0.399) -- Acc 0.810/0.550(0.800)
[1 1 0 0 1 1 0 0 1 0 0 0 1 1 0 1 1 0 1 0 0 0 1 0 0 1 0 0 1 0 1 1 0 0 0 0 1
 1 0 1 1 0 0 0 1 0 1 0 1 0 1 0 1 1 1 0 0 0 0 1 1 1 1 0 1 1 0 1 0 1 1 0 1 0
 0 1 1 1 0 1 0 1 0 0 0 1 1 0 0 0 0 1 0 0 1 1 1 1 1 1]
At 29401/30000: COST 0.438/1.572(0.395) -- Acc 0.760/0.570(0.801)
[0 1 1 1 1 0 1 0 1 1 1 1 0 0 1 1 1 0 0 0 1 0 0 0 0 0 1 0 0 0 0 0 1 1 0 0 1
 1 0 1 0 1 0 1 0 1 1 1 1 1 0 0 1 1 0 1 0 1 1 0 0 1 0 0 1 0 0 1 0 1 1 0 1 0
 1 1 1 0 1 0 1 1 0 0 0 1 0 1 0 1 0 0 1 1 0 1 0 0 1 1]
At 29501/30000: COST 0.339/1.282(0.404) -- Acc 0.840/0.580(0.800)
[1 0 1 1 1 1 0 0 1 1 1 1 0 1 0 1 1 0 0 0 0 0 0 1 1 1 1 0 1 0 0 0 1 0 1 0 1
 1 0 1 0 0 1 0 1 0 0 1 0 1 0 1 1 0 0 1 1 1 0 0 0 1 0 1 0 1 0 1 1 1 0 0 1 0
 0 1 1 1 1 0 0 1 0 1 1 0 1 1 0 1 0 0 1 1 1 0 1 1 1 0]
At 29601/30000: COST 0.261/1.628(0.395) -- Acc 0.890/0.510(0.804)
[1 0 1 1 0 0 0 0 1 0 1 0 0 0 0 1 1 1 1 0 0 1 1 1 1 1 0 0 0 1 0 1 0 0 1 1 1
 1 0 1 1 1 0 0 1 0 1 1 1 1 1 1 0 0 1 0 1 0 1 0 1 1 1 1 1 0 1 1 1 1 0 1 0 1
 1 1 0 1 1 0 0 1 1 1 0 0 0 1 1 1 0 1 1 0 1 1 1 0 1 1]
At 29701/30000: COST 0.325/1.394(0.388) -- Acc 0.840/0.580(0.801)
[0 1 1 1 1 1 0 1 0 1 0 1 1 1 1 1 1 1 0 1 1 0 1 0 0 0 0 0 1 0 1 1 1 0 0 1 1
 0 0 1 0 0 1 0 0 0 0 0 1 1 1 0 0 1 1 1 1 0 1 1 0 1 0 0 1 0 1 0 1 1 0 0 1 0
 0 1 0 1 0 1 0 1 0 1 0 1 0 0 0 1 1 1 0 1 0 1 0 1 0 1]
At 29801/30000: COST 0.367/1.664(0.386) -- Acc 0.780/0.540(0.801)
[1 1 0 1 0 1 1 1 0 1 1 0 1 1 0 1 0 0 0 0 0 1 1 0 1 0 1 1 1 0 1 1 1 0 1 1 1
 1 0 0 1 0 1 1 0 1 1 1 0 1 1 0 1 0 1 1 0 1 0 1 1 1 0 1 1 0 1 0 1 1 1 0 0 0
 1 0 0 0 0 0 1 1 1 1 0 0 0 1 1 1 1 1 1 0 1 1 0 1 0 1]
At 29901/30000: COST 0.311/1.927(0.386) -- Acc 0.840/0.490(0.803)
