[1 1 0 1 1 0 0 0 1 0 0 1 0 1 1 1 0 1 0 0 0 0 0 0 0 0 0 0 1 1 0 0 0 0 0 0 1
 0 0 1 1 1 1 1 1 1 0 0 0 0 0 0 0 1 1 0 0 1 1 0 0 0 0 0 0 1 1 1 1 1 0 0 1 0
 0 1 1 1 0 0 0 0 1 0 0 1 0 0 0 0 0 0 1 1 0 0 1 0 0 0]
 Training accuracy at 0 out of 20000 is 0.501(0.570),cost is 8.298(0.692)
[0 1 1 1 0 1 1 0 1 0 1 1 1 1 0 0 1 1 0 1 1 0 1 0 1 0 0 0 0 1 1 1 1 1 0 0 0
 1 1 0 1 0 0 0 1 0 0 0 0 0 1 1 1 1 0 0 1 1 1 1 1 0 1 0 0 1 0 0 1 1 0 0 0 0
 0 1 1 1 0 1 0 0 0 0 1 1 1 0 0 0 0 0 1 1 1 0 1 1 0 0]
 Training accuracy at 100 out of 20000 is 0.726(0.570),cost is 6.708(0.713)
[0 1 0 0 0 1 0 0 0 0 0 0 1 1 0 0 1 1 0 1 1 1 0 0 1 1 0 0 1 1 1 1 1 1 1 0 0
 1 1 1 1 0 0 0 1 0 0 0 1 0 0 0 1 1 0 1 1 1 1 1 1 0 1 1 0 1 0 0 0 1 0 0 0 1
 0 1 0 1 0 1 0 0 0 0 1 1 1 0 0 0 0 0 0 1 0 0 0 1 0 0]
 Training accuracy at 200 out of 20000 is 0.841(0.500),cost is 5.095(0.755)
[0 1 1 1 0 1 1 0 0 1 0 0 1 1 1 0 1 0 0 1 1 1 0 0 1 1 0 0 1 1 1 1 1 1 1 0 0
 1 1 1 1 0 0 0 1 0 0 1 0 0 0 1 1 1 0 0 0 1 0 1 1 1 1 1 1 1 0 0 0 1 0 0 0 1
 0 1 0 1 0 1 0 0 0 0 1 1 1 1 0 0 0 0 0 0 0 0 0 1 0 0]
 Training accuracy at 300 out of 20000 is 0.920(0.520),cost is 3.469(0.785)
[0 0 0 1 0 1 1 0 0 0 0 1 1 1 0 0 1 0 0 1 1 1 0 0 1 1 0 0 1 1 1 1 1 1 0 0 0
 1 0 1 1 0 0 0 1 0 0 1 0 0 0 0 1 1 0 0 1 1 0 1 0 1 0 1 1 1 0 0 0 1 0 0 0 1
 0 1 0 1 0 1 1 0 0 1 1 0 1 1 0 0 0 0 0 0 0 0 0 1 0 0]
 Training accuracy at 400 out of 20000 is 0.970(0.500),cost is 2.237(0.925)
[0 0 0 1 0 1 1 0 0 0 1 1 1 1 0 0 1 1 0 1 1 1 0 0 1 1 0 0 1 1 1 1 0 1 0 0 0
 1 1 1 1 0 0 0 1 0 0 1 0 0 0 1 1 1 0 0 1 1 1 1 0 1 0 1 1 1 1 0 0 1 0 0 0 1
 0 1 0 1 0 1 1 0 0 0 1 0 1 0 0 0 0 0 0 0 0 0 0 1 0 0]
 Training accuracy at 500 out of 20000 is 0.988(0.490),cost is 1.435(1.036)
[0 0 0 0 0 1 1 0 0 0 1 1 1 1 0 0 1 1 0 1 1 1 0 0 1 1 0 0 1 1 1 1 0 1 0 0 0
 1 0 1 1 0 0 0 1 0 0 1 0 0 0 0 1 1 0 1 0 1 0 1 1 1 1 1 1 1 1 0 0 1 1 0 0 1
 0 1 1 1 0 1 1 0 1 1 1 1 1 0 0 0 0 0 1 0 0 0 0 1 0 0]
 Training accuracy at 600 out of 20000 is 0.993(0.450),cost is 1.081(1.103)
[0 0 0 1 0 1 1 0 0 0 1 0 1 1 0 0 1 1 0 1 1 1 0 0 1 1 0 0 0 1 1 1 0 0 0 0 0
 1 0 1 1 0 0 0 1 1 0 1 0 0 0 0 1 1 1 1 0 1 0 0 0 1 1 1 1 1 1 0 1 1 0 0 0 1
 1 1 0 1 0 1 1 0 0 1 1 0 1 0 0 0 0 0 0 0 0 0 0 0 0 0]
 Training accuracy at 700 out of 20000 is 0.999(0.490),cost is 0.667(1.243)
[0 0 0 1 0 1 1 0 0 0 0 1 1 1 0 0 1 1 0 1 1 1 0 0 1 1 0 0 1 1 1 1 0 1 0 0 0
 0 0 1 1 0 0 0 1 1 0 1 0 0 0 0 1 1 0 0 1 1 0 0 0 1 1 1 1 1 1 0 0 1 0 0 0 1
 1 1 0 1 0 1 1 0 0 1 1 0 1 1 0 0 0 0 0 0 0 0 0 1 0 0]
 Training accuracy at 800 out of 20000 is 0.999(0.540),cost is 0.486(1.319)
[0 0 0 0 0 1 1 0 0 0 1 1 1 1 0 0 1 1 0 1 1 1 0 0 1 1 0 0 1 1 1 1 0 1 0 0 0
 1 0 1 1 0 0 0 1 0 0 1 1 1 0 0 1 1 0 1 1 1 0 0 0 1 1 1 1 1 1 1 0 1 0 0 0 1
 0 1 0 1 0 1 0 0 1 1 1 0 1 1 0 0 0 0 0 0 0 0 0 0 0 0]
 Training accuracy at 900 out of 20000 is 1.000(0.460),cost is 0.368(1.362)
[0 1 0 0 0 1 1 0 0 0 1 1 1 1 0 0 1 1 0 1 1 1 0 0 1 1 0 0 1 1 1 1 0 1 0 0 0
 1 0 1 1 0 0 0 1 0 0 1 0 0 0 1 1 1 0 0 0 1 0 1 0 1 1 1 1 1 1 0 0 1 0 0 0 1
 1 1 0 1 0 1 1 0 0 1 1 0 1 1 0 0 0 0 0 1 0 0 0 1 0 0]
 Training accuracy at 1000 out of 20000 is 0.997(0.510),cost is 0.325(1.437)
[0 0 0 1 0 1 1 0 0 0 1 1 1 1 0 0 1 1 0 1 1 1 1 0 1 1 0 0 1 1 1 1 0 1 0 0 0
 1 1 1 1 0 0 0 1 0 0 1 0 0 0 1 1 1 1 1 1 1 0 1 1 1 1 1 1 1 1 0 0 1 0 0 0 1
 0 1 0 1 0 1 1 0 0 1 1 0 1 1 0 0 0 0 0 0 0 0 0 1 0 0]
 Training accuracy at 1100 out of 20000 is 0.999(0.470),cost is 0.309(1.636)
[0 0 0 0 0 1 1 0 0 0 1 1 1 1 0 0 1 1 0 1 1 1 0 0 1 1 0 0 1 1 1 1 0 1 0 0 0
 0 0 1 1 0 0 0 1 0 0 1 0 0 0 1 1 1 1 0 0 1 0 0 0 1 1 1 1 1 1 0 0 1 0 0 0 1
 0 1 0 1 0 1 0 0 0 1 1 0 1 0 0 0 0 0 0 0 0 0 0 0 0 0]
 Training accuracy at 1200 out of 20000 is 0.999(0.460),cost is 0.159(1.762)
[0 0 0 0 0 1 1 0 0 0 1 1 1 1 0 0 1 1 0 1 1 1 0 0 1 1 0 0 1 1 1 1 0 0 0 0 0
 1 0 1 1 0 0 0 1 0 0 1 0 0 0 0 1 1 1 1 1 1 0 0 0 1 1 1 1 1 1 0 0 1 1 0 0 1
 1 1 0 1 0 1 1 0 0 1 1 1 1 1 0 0 0 0 0 1 0 0 0 1 0 0]
 Training accuracy at 1300 out of 20000 is 0.999(0.500),cost is 0.149(1.799)
[0 0 0 0 0 1 1 0 0 1 1 1 1 1 0 0 1 1 0 1 1 1 1 0 1 1 0 0 1 1 1 1 0 1 1 0 0
 1 0 1 1 0 0 0 1 0 0 1 0 1 0 1 1 1 1 1 1 1 0 0 0 1 1 1 1 1 1 0 1 1 0 0 0 1
 1 1 0 1 0 1 0 0 1 1 1 1 1 1 0 0 0 0 0 1 0 0 0 1 0 1]
 Training accuracy at 1400 out of 20000 is 0.999(0.530),cost is 0.157(2.003)
[0 0 0 0 0 1 1 0 0 0 1 1 1 1 0 0 1 1 0 1 1 1 0 0 1 1 0 0 1 1 1 1 0 1 0 0 0
 1 1 1 1 0 0 0 1 0 0 1 0 1 0 0 1 1 1 1 1 1 0 0 0 1 1 1 1 1 1 0 1 1 0 0 0 1
 0 1 0 1 0 1 0 0 0 1 1 0 1 1 0 0 0 0 0 1 0 0 0 1 0 0]
 Training accuracy at 1500 out of 20000 is 0.999(0.480),cost is 0.121(2.128)
[0 0 1 0 0 1 1 0 0 0 1 1 1 1 0 0 1 1 0 1 1 1 0 0 1 1 0 0 1 1 1 1 0 1 0 0 0
 0 0 1 1 0 0 0 1 0 0 1 0 0 0 0 1 1 1 1 1 1 0 0 0 1 1 1 1 1 1 1 0 1 0 0 0 1
 1 1 0 1 0 1 0 0 0 1 1 0 1 1 0 0 0 0 0 1 0 0 0 1 0 1]
 Training accuracy at 1600 out of 20000 is 1.000(0.540),cost is 0.093(1.956)
[0 0 1 0 0 1 1 0 0 0 1 1 1 1 0 0 1 1 0 1 1 1 1 0 1 1 0 0 1 1 1 1 0 0 1 0 0
 1 0 1 1 0 0 0 1 0 0 1 0 0 0 0 1 1 1 1 1 1 0 0 0 1 1 1 1 1 1 0 0 1 0 0 0 1
 1 1 0 1 0 1 1 0 0 1 1 1 1 1 0 0 0 0 0 0 0 0 0 1 0 0]
 Training accuracy at 1700 out of 20000 is 0.999(0.530),cost is 0.115(2.149)
[0 0 0 0 0 1 1 0 0 0 1 1 1 1 0 0 1 1 0 1 1 1 1 0 1 1 0 0 1 1 1 1 0 1 0 0 0
 0 0 1 1 1 0 0 1 0 0 1 0 1 0 0 1 1 1 1 1 1 0 0 0 1 1 1 1 1 0 1 0 1 0 0 1 1
 1 1 0 1 0 1 1 0 1 1 1 1 1 1 0 0 0 0 0 1 0 0 0 1 0 1]
 Training accuracy at 1800 out of 20000 is 1.000(0.510),cost is 0.084(2.023)
[0 0 0 1 0 1 1 0 0 1 1 1 1 1 0 0 1 1 0 1 1 1 1 0 1 1 0 0 1 1 1 1 0 1 0 0 0
 1 0 1 1 0 0 0 1 0 0 1 0 1 0 0 1 1 1 1 1 1 0 0 0 1 1 1 1 1 1 1 0 1 0 0 0 1
 1 1 0 1 0 1 1 0 0 1 1 0 1 1 0 0 0 0 0 1 0 0 0 1 0 1]
 Training accuracy at 1900 out of 20000 is 1.000(0.530),cost is 0.054(2.191)
[0 0 0 0 0 1 1 0 0 0 1 1 1 1 0 0 1 1 0 1 1 1 1 0 1 1 0 0 1 1 1 1 0 1 0 0 0
 0 0 1 1 0 0 0 1 0 0 1 0 1 0 0 1 1 1 1 1 1 0 0 0 1 1 1 1 1 1 1 0 1 0 0 0 1
 0 1 0 1 0 1 0 0 0 1 1 0 1 1 0 0 0 0 0 1 0 0 0 1 0 0]
 Training accuracy at 2000 out of 20000 is 1.000(0.510),cost is 0.069(2.302)
[0 0 1 1 0 1 1 0 0 0 1 1 1 1 0 0 1 1 0 1 1 1 1 0 1 1 0 0 1 1 1 1 0 1 0 0 0
 0 0 1 1 0 0 0 1 0 0 1 0 1 0 0 0 1 1 1 1 1 0 0 0 1 1 1 1 1 1 1 0 1 0 0 0 1
 1 1 0 1 0 1 0 0 0 1 1 0 1 1 0 0 0 0 0 0 0 0 0 1 0 0]
 Training accuracy at 2100 out of 20000 is 1.000(0.540),cost is 0.051(2.285)
[0 0 0 0 0 1 1 0 0 0 1 0 1 1 0 0 1 1 0 1 1 1 1 0 1 1 0 0 1 1 1 1 0 0 0 0 0
 0 1 1 1 1 0 0 1 0 0 1 0 1 0 0 1 1 1 1 1 1 0 1 0 1 1 1 1 1 0 1 0 1 0 0 1 1
 1 1 0 1 0 1 0 0 1 1 1 0 1 1 0 0 0 0 0 0 0 0 0 0 1 1]
 Training accuracy at 2200 out of 20000 is 1.000(0.500),cost is 0.076(2.186)
[0 0 0 0 0 1 1 0 0 0 1 1 1 1 0 0 1 1 0 1 1 1 1 0 1 1 0 0 1 1 1 1 0 0 0 0 0
 1 0 1 1 0 0 0 1 0 0 1 0 1 0 0 1 1 1 1 1 1 0 0 0 1 1 1 1 1 0 1 1 1 0 0 1 1
 1 1 0 1 0 1 0 0 0 1 1 0 1 1 0 0 0 0 0 0 0 0 0 1 0 1]
 Training accuracy at 2300 out of 20000 is 1.000(0.510),cost is 0.047(2.417)
[0 0 0 0 0 1 1 0 0 0 1 1 1 1 0 0 1 1 0 1 1 1 1 0 1 1 0 0 1 1 1 1 1 1 0 0 0
 1 0 1 1 1 0 0 1 0 0 1 0 0 0 0 1 1 1 1 1 1 0 0 0 1 1 1 1 1 0 1 0 1 0 0 1 1
 1 1 0 1 0 1 0 0 0 1 1 0 1 1 0 0 0 0 0 0 1 0 0 1 0 1]
 Training accuracy at 2400 out of 20000 is 1.000(0.510),cost is 0.041(2.532)
[0 0 0 0 0 1 1 0 0 0 1 1 1 1 0 0 1 1 0 1 1 1 1 0 1 1 0 0 1 1 1 0 0 1 0 0 0
 0 0 1 1 1 0 0 1 0 0 1 0 0 0 0 0 1 1 1 1 1 0 0 0 1 1 1 1 1 0 1 0 1 0 0 0 1
 1 1 0 1 0 1 0 0 1 1 1 0 1 1 0 0 0 0 0 0 0 0 0 0 0 1]
 Training accuracy at 2500 out of 20000 is 1.000(0.530),cost is 0.048(2.345)
[0 0 0 1 0 1 1 0 0 0 1 0 1 1 0 0 1 1 0 1 1 1 1 0 1 1 0 0 1 1 1 1 0 1 0 0 0
 1 0 1 1 0 0 0 1 0 0 1 0 0 0 1 1 1 1 1 1 1 0 0 0 1 1 1 1 1 0 1 0 1 0 0 0 1
 1 1 0 1 0 1 0 0 0 1 1 0 1 1 0 0 0 0 0 1 1 0 0 1 0 1]
 Training accuracy at 2600 out of 20000 is 1.000(0.540),cost is 0.036(2.599)
[0 0 1 0 0 1 1 0 0 0 1 1 1 1 0 0 1 1 0 1 1 1 0 0 1 1 0 0 1 1 1 1 0 1 0 0 0
 0 0 1 1 0 0 0 1 0 0 1 1 0 0 0 1 1 1 1 1 1 0 0 0 1 1 1 1 1 0 1 0 1 0 0 0 1
 1 1 0 1 0 1 0 0 0 1 1 0 1 1 0 0 0 0 0 1 0 0 0 1 0 1]
 Training accuracy at 2700 out of 20000 is 1.000(0.520),cost is 0.047(2.548)
[0 0 0 0 0 1 1 0 0 0 1 1 1 1 0 0 1 1 0 1 1 1 1 0 1 1 0 0 1 1 1 1 0 1 0 0 0
 0 0 1 1 0 0 0 1 1 0 1 1 1 0 0 0 1 1 1 1 1 0 1 0 1 1 1 1 1 1 1 0 1 0 0 0 1
 0 1 0 1 0 1 0 0 0 1 1 0 1 1 0 0 0 0 1 1 0 0 0 0 0 1]
 Training accuracy at 2800 out of 20000 is 1.000(0.540),cost is 0.041(2.498)
[0 0 1 0 0 1 1 0 0 1 1 1 1 1 0 0 1 1 0 1 1 1 1 0 1 1 0 0 1 1 1 1 0 1 0 0 0
 0 0 1 1 0 0 0 1 0 0 1 1 0 0 0 0 1 1 1 1 1 0 0 0 1 1 1 1 1 0 1 0 1 0 0 0 1
 0 1 0 1 0 1 0 0 0 1 1 0 1 1 0 1 0 0 0 0 1 0 0 1 0 1]
 Training accuracy at 2900 out of 20000 is 1.000(0.550),cost is 0.041(2.714)
[0 0 0 0 0 1 1 0 0 1 1 1 1 1 0 0 1 1 0 1 1 1 1 0 1 1 0 0 1 1 1 1 0 1 0 0 0
 0 0 1 1 0 0 0 1 0 0 1 0 1 0 1 0 1 1 1 1 1 0 0 0 1 1 1 1 1 1 1 0 1 0 0 0 1
 1 1 0 1 0 1 0 0 0 1 1 0 1 1 0 1 0 0 0 1 0 0 0 1 0 1]
 Training accuracy at 3000 out of 20000 is 1.000(0.550),cost is 0.034(2.734)
[0 0 0 0 0 1 1 0 0 1 1 1 1 1 0 0 1 1 0 1 1 1 1 0 1 1 0 0 1 1 1 1 0 1 0 1 0
 1 0 1 1 0 0 0 1 0 0 1 0 0 0 0 1 1 1 0 1 1 0 0 0 1 1 1 1 1 0 1 0 1 0 0 0 1
 1 1 0 1 0 1 0 0 1 1 1 0 1 1 0 0 0 0 0 1 0 0 0 1 0 1]
 Training accuracy at 3100 out of 20000 is 1.000(0.540),cost is 0.040(2.605)
[0 0 0 0 0 1 1 0 0 0 1 1 1 1 0 0 1 1 0 1 1 1 1 0 1 1 0 0 1 1 1 1 0 1 0 0 0
 1 0 1 1 1 0 0 1 0 0 1 0 1 0 0 0 1 1 1 1 0 0 0 0 1 1 1 1 1 0 1 0 1 0 0 0 1
 1 1 0 1 0 1 0 0 0 1 1 0 1 1 0 0 0 0 0 1 0 0 0 1 0 1]
 Training accuracy at 3200 out of 20000 is 1.000(0.520),cost is 0.030(2.861)
[0 0 1 0 0 1 1 0 0 0 1 1 1 1 0 0 1 1 0 1 1 1 1 0 1 1 0 0 1 1 1 1 0 1 0 0 0
 1 0 1 1 1 1 0 1 0 0 1 0 1 0 0 1 1 1 1 1 0 0 0 0 1 1 1 1 1 1 1 0 1 0 0 0 1
 1 1 0 1 0 1 0 0 0 1 1 0 1 1 0 0 0 0 0 1 0 0 0 1 0 1]
 Training accuracy at 3300 out of 20000 is 1.000(0.520),cost is 0.051(2.790)
[0 0 0 0 0 1 1 0 0 1 1 1 1 1 0 0 1 1 0 1 1 1 1 0 1 1 0 0 1 1 1 1 0 1 0 0 0
 1 1 1 1 0 0 0 1 0 0 1 0 0 0 0 1 1 1 1 0 1 0 0 0 1 1 1 1 1 1 1 0 1 0 0 0 1
 1 1 0 1 0 1 1 0 0 1 1 0 1 1 0 0 0 0 0 1 0 0 0 1 0 0]
 Training accuracy at 3400 out of 20000 is 1.000(0.500),cost is 0.032(3.006)
[0 0 0 0 0 1 1 0 0 1 1 1 1 1 0 0 1 1 0 1 1 1 1 0 1 1 0 1 1 1 1 1 0 1 0 0 0
 1 1 1 1 0 0 0 1 0 0 1 0 0 0 0 0 1 1 1 1 1 0 0 0 1 1 1 1 1 1 1 0 1 0 0 0 1
 1 1 0 1 0 1 1 0 0 1 1 0 1 1 0 1 0 0 0 1 0 0 0 1 0 1]
 Training accuracy at 3500 out of 20000 is 1.000(0.530),cost is 0.048(3.155)
[0 0 0 0 0 1 1 0 0 1 1 1 1 1 0 0 1 1 0 1 1 1 1 0 1 1 0 0 1 1 1 1 0 1 0 0 0
 0 0 1 1 0 0 0 1 0 0 1 0 0 0 1 0 1 1 1 1 1 0 0 0 1 1 1 1 1 0 1 0 1 0 0 0 1
 0 1 0 1 0 1 0 0 1 1 1 0 1 1 0 0 0 0 0 1 1 0 0 1 0 1]
 Training accuracy at 3600 out of 20000 is 1.000(0.530),cost is 0.028(3.062)
[0 0 0 0 0 1 1 0 0 1 1 1 1 1 0 0 1 1 0 1 1 1 1 0 1 1 0 0 1 1 1 1 0 1 0 0 0
 0 0 1 1 0 0 0 1 0 0 1 0 0 0 0 1 1 1 1 1 1 0 0 0 1 1 1 1 1 1 1 0 1 0 0 0 1
 0 1 0 1 0 1 0 0 0 1 1 0 1 1 0 1 0 0 1 1 0 0 0 1 0 0]
 Training accuracy at 3700 out of 20000 is 1.000(0.550),cost is 0.028(3.085)
[0 0 0 0 0 1 1 0 0 1 1 1 1 1 0 0 1 1 0 1 1 1 1 0 1 1 0 0 1 1 1 1 0 1 0 0 0
 0 0 1 1 1 0 0 1 1 0 1 1 0 0 0 0 1 1 1 1 1 0 0 0 1 1 1 1 1 1 1 0 1 0 0 0 1
 1 1 0 1 0 1 0 0 0 1 1 0 1 1 0 1 0 0 0 1 1 0 0 1 0 1]
 Training accuracy at 3800 out of 20000 is 1.000(0.590),cost is 0.054(3.024)
[0 0 0 0 0 1 1 0 0 1 1 1 1 1 0 0 1 1 0 1 1 1 1 0 1 1 0 1 1 1 1 1 0 1 1 0 0
 0 0 1 1 1 0 0 1 0 0 1 1 0 0 0 0 1 1 1 0 1 0 0 0 1 1 1 1 1 1 1 0 1 0 0 0 1
 1 1 0 1 0 1 1 0 0 1 1 0 1 0 0 1 0 0 0 1 1 0 0 1 0 1]
 Training accuracy at 3900 out of 20000 is 1.000(0.550),cost is 0.052(2.864)
[0 0 0 0 0 1 1 0 0 1 1 1 1 1 0 0 1 1 0 1 1 1 1 0 1 1 0 0 1 1 1 1 0 0 0 0 0
 0 0 1 1 1 0 0 1 1 0 1 0 1 0 0 0 1 1 1 1 1 0 0 0 1 1 1 1 1 1 1 0 1 0 0 0 1
 1 1 0 1 0 1 0 0 0 1 1 0 1 1 0 1 0 0 0 0 0 0 0 1 0 1]
 Training accuracy at 4000 out of 20000 is 1.000(0.580),cost is 0.030(2.851)
[0 0 0 0 0 1 1 0 0 1 1 1 1 1 0 0 1 1 0 1 1 1 1 0 1 1 0 0 1 1 1 1 0 1 0 0 0
 0 0 1 1 1 0 0 1 1 0 1 0 1 0 0 1 1 1 1 0 1 0 0 0 1 1 1 1 1 1 1 0 1 1 0 0 1
 0 1 0 1 0 1 1 0 0 1 1 0 1 1 0 1 0 1 0 0 0 0 0 1 0 1]
 Training accuracy at 4100 out of 20000 is 1.000(0.530),cost is 0.040(3.222)
[0 0 1 0 0 1 1 0 0 1 1 1 1 1 0 0 1 1 0 1 1 1 1 0 1 1 0 0 1 1 1 1 0 1 0 0 0
 0 0 1 1 1 0 0 1 1 0 1 1 1 0 0 1 1 1 1 1 1 0 0 0 1 1 1 1 1 0 1 0 1 0 0 0 1
 1 1 0 1 0 1 1 0 0 1 1 0 1 0 0 1 0 1 1 1 1 0 0 0 0 1]
 Training accuracy at 4200 out of 20000 is 1.000(0.560),cost is 0.040(2.893)
[0 0 0 0 0 1 1 0 0 0 1 1 1 1 0 0 1 1 0 1 1 1 1 0 1 1 0 0 1 1 1 1 0 1 0 0 0
 0 0 1 1 1 0 0 1 1 0 1 1 0 0 0 1 1 0 1 0 1 0 0 0 1 1 1 1 1 1 1 0 1 0 0 0 1
 1 1 0 1 0 1 0 0 0 1 1 0 1 1 0 1 0 0 0 1 0 0 0 0 0 1]
 Training accuracy at 4300 out of 20000 is 1.000(0.550),cost is 0.032(3.261)
[0 0 0 0 0 1 1 0 0 1 1 1 1 1 0 0 1 1 0 1 1 1 1 0 1 1 0 1 1 1 1 1 0 1 0 0 0
 0 0 1 1 1 0 0 1 0 0 1 0 1 0 0 1 1 0 1 1 1 0 0 0 1 1 1 1 1 1 1 0 1 0 0 0 1
 1 1 0 1 0 1 0 0 1 1 1 0 1 1 0 1 0 0 0 0 1 0 0 1 0 1]
 Training accuracy at 4400 out of 20000 is 1.000(0.550),cost is 0.049(3.161)
[0 0 0 0 0 1 1 0 0 1 1 0 1 1 0 0 1 1 0 1 1 1 1 0 1 1 0 0 1 1 1 1 0 1 0 0 0
 0 1 1 1 1 0 0 1 0 0 1 1 0 0 0 1 1 1 1 0 1 0 0 0 1 1 1 1 1 1 1 0 1 0 0 0 1
 0 1 0 1 0 1 0 0 1 1 1 0 1 1 0 1 0 0 0 0 0 0 0 1 0 1]
 Training accuracy at 4500 out of 20000 is 1.000(0.520),cost is 0.034(3.227)
[0 0 1 0 0 1 1 0 0 1 1 0 1 1 0 0 1 1 0 1 1 1 1 0 1 1 0 1 1 1 1 1 0 1 0 0 0
 1 1 1 1 0 0 0 1 0 0 1 1 1 0 0 1 1 1 1 1 1 0 0 0 1 1 1 1 1 1 1 0 1 0 0 0 1
 1 1 0 1 0 1 1 0 0 1 1 0 1 1 0 1 0 0 1 1 1 0 0 0 0 1]
 Training accuracy at 4600 out of 20000 is 1.000(0.530),cost is 0.035(3.050)
[0 0 1 0 0 1 1 0 0 1 1 1 1 1 0 0 1 1 0 1 1 1 1 0 1 1 0 0 1 1 1 1 0 1 0 0 0
 0 1 1 1 1 0 0 1 1 0 1 1 0 0 1 0 1 1 1 0 1 0 0 0 1 1 1 1 1 1 1 0 1 0 0 0 1
 1 1 0 1 0 1 0 0 0 1 1 0 1 0 0 0 0 0 0 1 1 0 0 1 0 1]
 Training accuracy at 4700 out of 20000 is 1.000(0.550),cost is 0.028(3.061)
[0 0 0 0 0 1 1 0 0 1 1 1 1 1 0 0 1 1 0 1 1 1 1 0 1 1 0 0 1 1 1 1 0 1 1 0 0
 0 1 1 1 1 0 0 1 0 0 1 0 1 0 1 1 1 1 1 1 1 0 0 0 1 1 1 1 1 1 1 0 1 0 0 0 1
 1 1 0 1 0 1 0 0 0 1 1 0 1 1 0 1 1 1 0 1 1 0 0 1 0 1]
 Training accuracy at 4800 out of 20000 is 1.000(0.560),cost is 0.040(3.487)
[0 0 0 0 0 1 1 0 0 1 1 1 1 1 0 0 1 1 0 1 1 1 1 0 1 1 0 0 1 1 1 1 0 1 0 0 0
 0 1 1 1 1 1 0 1 0 0 1 1 1 0 0 1 1 1 1 1 1 0 0 0 1 1 1 1 1 1 1 0 1 0 0 0 1
 1 1 0 1 0 1 0 0 0 1 1 0 1 1 0 0 0 0 0 1 0 0 0 1 0 1]
 Training accuracy at 4900 out of 20000 is 1.000(0.520),cost is 0.023(3.423)
[0 0 0 0 0 1 1 0 0 1 1 1 1 1 0 0 1 1 0 1 1 1 1 0 1 1 0 0 1 1 1 1 0 1 1 0 0
 0 1 1 1 1 0 0 1 0 0 1 0 0 0 0 1 1 1 1 1 1 0 0 1 1 1 1 1 1 1 1 0 1 0 0 0 1
 1 1 0 1 0 1 1 0 0 1 1 0 1 1 0 1 0 0 0 1 0 0 0 1 0 1]
 Training accuracy at 5000 out of 20000 is 1.000(0.550),cost is 0.041(3.787)
[0 0 1 0 0 1 1 0 0 1 1 1 1 1 0 0 1 1 0 1 1 1 1 0 1 1 0 0 1 1 1 1 0 1 1 1 0
 0 0 1 1 1 0 0 1 0 0 1 0 1 0 0 0 1 1 1 1 1 0 0 0 1 1 1 1 1 1 1 1 1 0 0 1 1
 1 1 0 1 0 1 1 0 0 1 1 0 1 1 0 0 1 0 0 1 1 0 0 1 0 1]
 Training accuracy at 5100 out of 20000 is 1.000(0.580),cost is 0.032(3.389)
[0 0 0 0 0 1 1 0 0 1 1 1 1 1 0 0 1 1 0 1 1 1 1 0 1 1 0 0 1 1 1 1 0 1 1 0 0
 0 0 1 1 1 0 0 1 0 0 1 0 0 0 0 1 1 1 1 0 1 0 0 0 1 1 1 1 1 1 1 0 1 0 0 0 1
 0 1 0 1 0 1 0 0 0 1 1 0 1 0 0 0 0 0 1 1 0 0 0 1 0 1]
 Training accuracy at 5200 out of 20000 is 0.999(0.550),cost is 0.046(3.529)
[0 0 0 0 0 1 1 0 0 1 1 1 1 1 0 0 1 1 0 1 1 1 1 0 1 1 0 0 1 1 1 1 0 1 1 0 0
 0 0 1 1 0 0 0 1 0 0 1 0 0 0 0 1 1 1 1 1 1 0 0 0 1 1 1 1 1 1 1 0 1 0 0 0 1
 1 1 0 1 0 1 0 0 0 1 1 0 1 1 0 0 0 0 0 1 0 0 0 1 0 1]
 Training accuracy at 5300 out of 20000 is 1.000(0.560),cost is 0.026(3.807)
[0 0 0 0 0 1 1 0 0 1 1 1 1 1 0 0 1 1 0 1 1 1 1 0 1 1 0 0 1 1 1 1 0 1 1 0 0
 0 0 1 1 0 0 0 1 0 0 1 1 0 0 0 0 1 1 1 1 1 0 0 0 1 1 1 1 1 1 1 0 1 1 0 0 1
 1 1 1 1 0 1 1 0 0 1 1 0 1 0 0 1 0 0 0 1 0 0 0 1 0 1]
 Training accuracy at 5400 out of 20000 is 1.000(0.530),cost is 0.027(3.531)
[0 0 0 0 0 1 1 0 0 1 1 1 1 1 0 0 1 1 0 1 1 1 1 0 1 1 0 0 1 1 1 1 0 1 0 0 0
 0 1 1 1 1 0 0 1 0 0 1 0 0 0 0 0 1 1 1 1 1 0 0 0 1 1 1 1 1 1 1 0 1 0 0 0 1
 1 1 0 1 0 1 0 0 0 1 1 0 1 0 0 1 0 0 0 1 1 0 0 1 0 1]
 Training accuracy at 5500 out of 20000 is 1.000(0.570),cost is 0.020(3.912)
[0 0 0 0 0 1 1 0 0 1 1 1 1 1 0 0 1 1 0 1 1 1 1 0 1 1 0 0 1 1 1 1 0 1 1 1 0
 0 1 1 1 1 0 0 1 0 0 1 0 1 0 0 1 1 1 1 1 1 0 0 0 1 1 1 1 1 1 1 0 1 0 0 0 1
 1 1 0 1 0 1 0 0 0 1 1 0 1 1 0 1 0 0 0 1 1 0 0 1 0 1]
 Training accuracy at 5600 out of 20000 is 1.000(0.580),cost is 0.023(3.428)
[0 0 0 0 0 1 1 0 0 1 1 1 1 1 0 0 1 1 0 1 1 1 1 0 1 1 0 0 1 1 1 1 0 1 1 1 0
 0 1 1 1 0 0 0 1 0 0 1 0 1 0 0 1 1 1 1 1 1 0 0 0 1 1 1 1 1 1 1 0 1 0 0 0 1
 1 1 0 1 0 1 0 0 1 1 1 0 1 1 0 1 0 0 0 1 0 0 0 1 0 1]
 Training accuracy at 5700 out of 20000 is 1.000(0.550),cost is 0.035(4.324)
[0 0 0 0 0 1 1 0 0 1 1 1 1 1 0 0 1 1 0 1 1 1 1 0 1 1 0 0 1 1 1 1 0 1 1 1 0
 0 1 1 1 0 0 0 1 0 0 1 0 0 0 0 1 1 1 1 1 1 0 0 0 1 1 1 1 1 1 1 0 1 0 0 0 1
 1 1 0 1 0 1 0 0 0 1 1 0 1 0 0 0 0 0 0 1 1 0 0 1 0 1]
 Training accuracy at 5800 out of 20000 is 1.000(0.560),cost is 0.028(3.668)
[0 0 0 0 0 1 1 0 0 1 1 1 1 1 0 0 1 1 0 1 1 1 1 0 1 1 0 0 1 1 1 1 0 1 0 0 0
 0 1 1 1 0 0 0 1 0 0 1 0 0 0 0 1 1 1 1 1 1 0 0 0 1 1 1 1 1 1 1 0 1 0 0 0 1
 1 1 0 1 0 1 0 0 0 1 1 0 1 1 0 1 0 0 0 1 1 0 0 1 0 1]
 Training accuracy at 5900 out of 20000 is 1.000(0.560),cost is 0.025(3.714)
[0 0 0 1 0 1 1 0 0 1 1 1 1 1 0 0 1 1 0 1 1 1 0 0 1 1 0 0 1 1 1 1 0 1 1 0 0
 0 1 1 1 0 0 0 1 0 0 1 0 1 0 0 0 1 1 1 1 1 0 0 1 1 1 1 1 1 0 1 0 1 1 0 0 1
 1 1 0 1 0 1 0 0 0 1 1 0 1 1 0 1 0 0 0 0 1 0 0 1 0 1]
 Training accuracy at 6000 out of 20000 is 1.000(0.530),cost is 0.027(3.755)
[0 0 0 0 0 1 1 0 0 1 1 1 1 1 0 0 1 1 0 1 1 1 1 0 1 1 0 0 1 1 1 1 0 1 1 1 0
 0 1 1 1 0 0 0 1 0 0 1 0 0 0 0 1 1 1 1 1 1 1 0 0 1 0 1 1 1 1 1 0 1 0 0 0 1
 1 1 0 1 0 1 0 0 1 1 1 0 1 1 0 1 0 0 0 1 1 0 0 1 0 1]
 Training accuracy at 6100 out of 20000 is 1.000(0.590),cost is 0.025(3.594)
[0 0 0 0 0 1 1 0 0 1 1 1 1 1 0 0 1 1 0 1 1 1 1 0 1 1 0 0 1 1 1 1 0 0 1 1 0
 0 1 1 1 0 0 0 1 0 0 1 0 0 0 1 1 1 1 1 0 1 0 0 1 1 0 1 1 1 1 1 0 1 1 0 0 1
 1 0 0 1 0 1 0 0 0 1 1 0 1 0 0 0 1 0 0 1 1 0 0 1 0 1]
 Training accuracy at 6200 out of 20000 is 1.000(0.520),cost is 0.027(3.682)
[0 0 0 1 0 1 1 0 0 1 1 1 1 1 0 0 1 1 0 1 1 1 1 0 1 1 0 0 1 1 1 1 0 1 1 1 0
 0 0 1 1 0 0 0 1 0 0 1 0 0 0 1 1 1 1 1 1 1 0 0 0 1 1 1 1 1 1 1 0 1 0 0 1 1
 0 1 0 1 0 1 0 0 1 1 1 0 1 0 0 0 0 0 0 1 1 0 0 1 0 1]
 Training accuracy at 6300 out of 20000 is 1.000(0.540),cost is 0.023(4.123)
[0 0 0 0 0 1 1 0 0 1 1 1 1 1 0 0 1 1 0 1 1 1 1 0 1 1 0 0 1 1 1 1 0 1 1 0 0
 0 1 1 1 0 0 0 1 0 0 1 1 0 0 1 1 1 1 1 1 1 1 0 0 1 1 1 1 1 1 1 0 1 0 0 0 1
 1 1 0 1 0 1 0 0 0 1 1 0 1 0 0 1 0 0 0 1 1 0 0 1 0 1]
 Training accuracy at 6400 out of 20000 is 1.000(0.550),cost is 0.028(3.865)
[0 0 0 0 0 1 1 0 0 1 1 1 1 1 0 0 1 1 0 1 1 1 1 0 1 1 0 0 1 1 1 1 0 1 1 0 0
 0 0 1 1 0 0 0 1 0 0 1 1 0 0 0 1 1 1 1 0 0 0 0 0 1 1 1 1 1 1 1 0 1 0 0 0 1
 0 1 0 1 0 1 0 0 1 1 1 0 1 0 0 0 0 0 0 0 1 0 0 1 0 1]
 Training accuracy at 6500 out of 20000 is 1.000(0.500),cost is 0.024(4.324)
[0 0 0 0 0 1 1 0 0 1 1 1 1 1 0 0 1 1 0 1 1 1 1 0 1 1 0 1 1 1 1 1 0 1 0 0 0
 0 0 1 1 1 0 0 1 0 0 1 0 0 0 0 1 1 1 1 0 1 0 0 0 1 1 1 1 1 1 1 0 1 1 0 0 1
 1 1 0 1 0 1 0 0 0 1 1 0 1 0 0 0 0 0 0 0 1 0 0 1 0 1]
 Training accuracy at 6600 out of 20000 is 1.000(0.520),cost is 0.033(3.989)
[0 0 0 0 0 1 1 0 0 1 1 0 1 1 0 0 1 1 0 1 1 1 1 0 1 1 0 0 1 1 1 1 0 0 0 0 0
 0 1 1 1 0 0 0 1 0 0 1 1 0 0 0 1 1 1 1 0 1 0 0 0 1 1 1 1 1 1 1 0 1 0 0 0 1
 1 1 0 1 0 1 0 0 1 1 1 0 1 0 0 0 0 0 0 1 0 0 0 1 0 1]
 Training accuracy at 6700 out of 20000 is 1.000(0.520),cost is 0.029(3.679)
[0 0 0 0 0 1 1 0 0 1 1 1 1 1 0 0 1 0 0 1 1 1 1 0 1 1 0 0 1 1 1 1 0 1 0 0 0
 0 0 1 1 0 1 0 1 0 0 1 1 0 0 0 1 1 1 1 1 1 0 0 0 1 1 1 1 1 1 1 0 1 0 0 0 1
 1 1 0 1 0 1 0 0 0 1 1 0 1 0 0 0 0 0 0 1 0 0 0 1 0 1]
 Training accuracy at 6800 out of 20000 is 1.000(0.510),cost is 0.026(3.604)
[0 0 0 0 0 1 1 0 0 1 1 1 1 1 0 0 1 1 0 1 1 1 1 0 1 1 0 1 1 1 1 1 0 1 0 1 0
 0 0 1 1 0 0 0 1 0 0 1 0 0 0 1 1 1 1 1 1 1 0 0 0 1 1 1 1 1 1 1 0 1 0 0 0 1
 1 1 0 1 0 1 0 0 1 1 1 0 1 0 0 1 0 0 0 1 1 0 0 1 0 1]
 Training accuracy at 6900 out of 20000 is 1.000(0.540),cost is 0.036(3.606)
[0 0 0 0 0 1 1 0 0 1 1 0 1 1 0 0 1 1 0 1 1 1 1 0 1 1 0 0 1 1 1 1 0 1 1 1 0
 0 1 1 1 0 0 0 1 1 0 1 0 1 0 0 1 1 1 1 1 0 0 0 0 1 1 1 1 1 1 1 0 1 0 0 0 1
 1 1 0 1 0 1 0 0 1 1 1 0 1 0 0 1 0 0 0 1 0 0 0 1 0 1]
 Training accuracy at 7000 out of 20000 is 1.000(0.550),cost is 0.027(3.839)
[0 0 0 0 0 1 1 0 0 1 1 1 1 1 0 0 1 1 0 1 1 1 1 0 1 1 0 0 1 1 1 1 0 1 0 1 0
 0 1 1 1 0 1 0 1 1 0 1 0 0 0 0 1 1 1 1 1 1 0 0 0 1 1 1 1 1 1 1 0 1 0 0 0 1
 1 1 0 1 0 1 0 0 1 1 1 0 1 1 0 0 0 0 0 1 1 0 0 1 0 1]
 Training accuracy at 7100 out of 20000 is 1.000(0.550),cost is 0.028(4.266)
[0 0 0 0 0 1 1 0 0 1 1 1 1 1 0 0 1 1 0 1 1 1 1 0 1 1 0 0 1 1 1 1 0 1 0 0 0
 0 1 1 1 0 1 0 1 1 0 1 0 0 0 0 1 1 0 1 0 0 0 0 0 1 1 1 1 1 1 1 0 1 0 0 0 1
 1 1 0 1 0 1 0 0 0 1 1 1 1 1 0 0 0 1 0 1 1 0 0 1 0 1]
 Training accuracy at 7200 out of 20000 is 1.000(0.560),cost is 0.034(4.035)
[0 0 1 1 0 1 1 0 0 1 1 1 1 1 0 0 1 1 0 1 1 1 1 0 1 1 0 0 1 1 1 1 0 1 0 0 0
 0 1 1 1 0 1 0 1 0 0 1 0 0 0 0 1 1 0 1 1 0 0 0 0 1 1 1 1 1 1 1 0 1 0 0 0 1
 1 1 0 1 0 1 0 0 1 1 1 0 1 0 0 0 1 1 0 1 1 0 0 1 0 1]
 Training accuracy at 7300 out of 20000 is 1.000(0.540),cost is 0.025(4.114)
[0 0 1 1 0 1 1 0 0 1 1 1 1 1 0 0 1 1 0 1 1 1 1 0 1 1 0 0 1 1 1 1 0 1 1 0 0
 1 0 1 1 0 0 0 1 1 0 1 0 0 0 0 1 1 1 1 0 1 0 0 0 1 1 1 1 1 1 1 0 1 0 0 0 1
 1 1 0 1 0 1 1 0 0 1 1 0 1 0 0 1 1 1 0 1 1 0 0 1 0 1]
 Training accuracy at 7400 out of 20000 is 1.000(0.570),cost is 0.034(3.766)
[0 0 1 1 0 1 1 0 0 1 1 1 1 1 0 0 1 1 0 1 1 1 1 0 1 1 0 0 1 1 1 1 0 1 1 0 0
 0 1 1 1 0 0 0 1 1 0 1 0 0 0 1 1 1 1 1 1 1 0 0 0 1 1 1 1 1 1 1 0 1 0 0 1 1
 1 1 0 1 0 1 0 0 0 1 1 0 1 0 0 1 0 1 0 1 1 0 0 1 0 1]
 Training accuracy at 7500 out of 20000 is 1.000(0.580),cost is 0.025(3.890)
[0 0 0 0 0 1 1 0 0 1 1 1 1 1 0 0 1 1 0 1 1 1 1 0 1 1 0 0 1 1 1 1 0 1 1 0 0
 0 1 1 1 0 1 0 1 0 0 1 1 0 0 1 1 1 1 1 0 1 0 0 0 1 1 1 1 1 1 1 0 1 0 0 0 1
 1 1 0 1 0 1 1 0 1 1 1 0 1 1 0 1 0 0 0 1 1 0 0 1 0 1]
 Training accuracy at 7600 out of 20000 is 1.000(0.510),cost is 0.023(4.480)
[0 0 1 0 0 1 1 0 0 1 1 1 1 1 0 0 1 1 0 1 1 1 1 0 1 1 0 0 1 1 1 1 0 1 0 0 0
 1 1 1 1 0 1 0 1 0 0 1 0 0 0 1 1 1 1 1 0 1 0 0 0 1 1 1 1 1 1 1 0 1 0 0 0 1
 1 1 0 1 0 1 0 0 1 1 1 0 1 0 0 0 1 0 0 1 1 0 0 1 0 1]
 Training accuracy at 7700 out of 20000 is 1.000(0.490),cost is 0.026(4.504)
[0 0 0 0 0 1 1 0 0 1 1 1 1 1 0 0 1 1 0 1 1 1 1 0 1 1 0 0 1 1 1 1 0 1 1 0 0
 0 1 1 1 1 0 0 1 1 0 1 1 0 0 1 0 1 1 1 0 0 0 0 0 1 1 1 1 1 1 1 0 1 0 0 0 1
 1 1 0 1 0 1 0 0 0 1 1 0 1 0 0 0 0 0 0 1 1 0 0 1 0 1]
 Training accuracy at 7800 out of 20000 is 1.000(0.540),cost is 0.021(4.127)
[0 0 1 1 0 1 1 0 0 1 1 1 1 1 0 0 1 1 0 1 1 1 1 0 1 1 0 0 1 1 1 1 0 1 1 1 0
 0 0 1 1 1 0 0 1 0 0 1 1 0 0 0 0 1 1 1 1 1 0 0 0 1 1 1 1 1 1 1 0 1 0 0 0 1
 0 1 0 1 0 1 0 0 0 1 1 0 1 1 0 0 0 0 0 1 1 0 0 1 0 1]
 Training accuracy at 7900 out of 20000 is 1.000(0.600),cost is 0.023(3.956)
[0 0 0 0 0 1 1 0 0 1 1 1 1 1 0 0 1 1 0 1 1 1 1 0 1 1 0 0 1 1 1 1 0 1 0 1 0
 0 0 1 1 1 1 0 1 0 0 1 1 0 0 0 0 1 1 1 1 1 0 0 0 1 1 1 1 1 1 1 0 1 0 0 0 1
 1 1 0 1 0 1 1 0 0 1 1 0 1 1 0 1 0 0 0 1 1 0 0 1 0 1]
 Training accuracy at 8000 out of 20000 is 1.000(0.570),cost is 0.026(3.874)
[0 0 0 0 0 1 1 0 0 1 1 0 1 1 0 0 1 1 0 1 1 1 1 0 1 1 0 0 1 1 1 1 0 1 0 1 0
 0 0 1 1 0 0 0 1 0 0 1 1 1 0 1 1 1 1 1 1 1 1 0 0 1 1 1 1 1 1 1 0 1 0 0 0 1
 1 1 0 1 0 1 1 0 0 1 1 0 1 1 0 1 0 0 0 1 1 0 0 1 0 1]
 Training accuracy at 8100 out of 20000 is 1.000(0.560),cost is 0.027(4.054)
[0 0 0 0 0 1 1 0 0 1 1 0 1 1 0 0 1 0 0 1 1 1 1 0 1 1 0 0 1 1 1 1 0 1 1 0 0
 0 1 1 1 1 1 0 1 0 0 1 0 0 0 0 0 1 1 1 0 1 0 0 0 1 1 1 1 1 1 1 0 1 0 0 0 1
 1 1 0 1 0 1 1 0 0 1 1 0 1 1 0 0 0 0 0 1 1 0 0 1 0 1]
 Training accuracy at 8200 out of 20000 is 1.000(0.550),cost is 0.026(4.012)
[0 0 1 0 0 1 1 0 0 1 1 1 1 1 0 0 1 1 0 1 1 1 1 0 1 1 0 0 1 1 1 1 0 1 1 0 0
 0 0 1 1 1 0 0 1 0 0 1 1 1 0 0 1 1 1 1 1 1 0 0 0 1 1 1 1 1 1 1 0 1 0 0 0 1
 0 1 0 1 0 1 0 0 0 1 1 0 1 1 0 0 0 1 0 1 1 0 0 1 0 1]
 Training accuracy at 8300 out of 20000 is 1.000(0.570),cost is 0.023(4.110)
[0 0 0 0 0 1 1 0 0 1 1 1 1 1 0 0 1 1 0 1 1 1 0 0 1 1 0 0 1 1 1 1 0 1 1 0 0
 0 0 1 1 1 0 0 1 1 0 1 0 1 0 1 1 1 1 1 1 1 0 0 0 1 1 1 1 1 1 1 0 1 0 0 0 1
 1 1 0 1 0 1 1 0 0 1 1 0 1 0 0 1 0 0 0 1 1 0 0 1 0 1]
 Training accuracy at 8400 out of 20000 is 1.000(0.550),cost is 0.030(4.258)
[0 0 0 1 0 1 1 0 0 1 1 1 1 1 0 0 1 1 0 1 1 1 1 0 1 1 0 0 1 1 1 1 0 1 0 0 0
 0 0 1 1 0 1 0 1 0 0 1 0 0 0 0 1 1 1 1 1 1 0 0 0 1 1 1 1 1 1 1 0 1 0 0 0 1
 1 1 0 1 0 1 0 0 0 1 1 0 1 0 0 1 0 0 0 1 1 0 0 1 0 1]
 Training accuracy at 8500 out of 20000 is 1.000(0.560),cost is 0.023(3.909)
[0 0 1 0 0 1 1 0 0 1 1 1 1 1 0 0 1 1 0 1 1 1 1 0 1 1 0 0 1 1 1 1 0 1 1 0 0
 0 0 1 1 1 0 0 1 0 0 1 0 0 0 0 0 1 1 1 0 1 0 0 0 1 1 1 1 1 1 1 0 1 0 0 0 1
 0 0 0 1 0 1 0 0 0 1 1 0 1 0 0 0 1 1 0 1 1 0 0 1 0 1]
 Training accuracy at 8600 out of 20000 is 1.000(0.560),cost is 0.022(3.640)
[0 0 1 0 0 1 1 0 0 1 1 1 1 1 0 0 1 1 0 1 1 1 1 0 1 1 0 0 1 1 1 1 0 1 0 0 0
 0 0 1 1 0 0 0 1 1 0 1 1 0 0 0 0 1 1 1 1 1 0 0 0 1 1 1 1 1 1 1 0 1 1 0 0 1
 1 0 0 1 0 1 1 0 0 1 1 0 1 0 0 0 1 0 0 1 1 0 0 1 0 1]
 Training accuracy at 8700 out of 20000 is 1.000(0.530),cost is 0.027(4.088)
[0 0 0 0 0 1 1 0 0 1 1 1 1 1 0 0 1 0 0 1 1 1 0 0 1 1 0 0 1 1 1 1 0 1 0 0 0
 0 0 1 1 0 0 0 1 0 0 1 0 0 0 0 1 1 1 1 0 1 0 0 0 1 1 1 1 1 1 1 0 1 0 0 0 1
 1 1 0 1 0 1 0 0 0 1 1 0 1 0 0 1 1 0 0 1 1 0 0 1 0 1]
 Training accuracy at 8800 out of 20000 is 0.999(0.520),cost is 0.032(4.222)
[0 0 0 0 0 1 1 0 0 1 1 1 1 1 0 0 1 1 0 1 1 1 1 0 1 1 0 0 1 1 1 1 0 1 1 0 0
 0 0 1 1 1 0 0 1 1 0 1 0 1 0 0 1 1 1 1 0 1 0 0 0 1 1 1 1 1 1 1 0 1 1 0 1 1
 0 1 0 1 0 1 0 0 0 1 1 0 1 0 0 1 1 0 0 1 1 0 0 1 0 1]
 Training accuracy at 8900 out of 20000 is 1.000(0.530),cost is 0.026(4.245)
[0 0 0 0 0 1 1 0 0 1 1 1 1 1 0 0 1 1 0 1 1 1 1 0 1 1 0 0 1 1 1 1 0 1 1 0 0
 0 0 1 1 1 0 0 1 1 0 1 0 0 0 1 0 1 1 1 1 1 0 0 0 1 1 1 1 1 1 1 0 1 1 0 0 1
 0 1 0 1 0 1 1 0 1 1 1 0 1 0 0 1 1 1 0 1 1 0 0 1 0 1]
 Training accuracy at 9000 out of 20000 is 1.000(0.550),cost is 0.029(4.432)
[0 0 0 0 0 1 1 0 0 1 1 1 1 1 0 0 1 1 0 1 1 1 1 0 1 1 0 0 1 1 1 1 0 1 1 1 0
 0 0 1 1 1 1 0 1 1 0 1 0 1 0 1 0 1 1 1 1 1 0 0 0 1 1 1 1 1 1 1 0 1 0 0 0 1
 0 1 0 1 0 1 0 0 0 1 1 0 1 1 0 1 1 0 0 1 1 0 0 1 0 1]
 Training accuracy at 9100 out of 20000 is 1.000(0.570),cost is 0.025(4.290)
[0 0 0 0 0 1 1 0 0 1 1 1 1 1 0 0 1 1 0 1 1 1 1 0 1 1 0 0 1 1 1 1 0 1 0 0 0
 0 0 1 1 1 0 0 1 1 0 1 0 0 0 0 1 1 0 1 1 1 0 0 0 1 1 1 1 1 1 1 0 1 1 0 0 1
 0 1 0 1 0 1 0 0 0 1 1 0 1 0 0 1 0 1 0 1 1 0 0 1 0 1]
 Training accuracy at 9200 out of 20000 is 1.000(0.580),cost is 0.024(3.773)
[0 0 1 0 0 1 1 0 0 1 1 1 1 1 0 0 1 1 0 1 1 1 1 0 1 1 0 0 1 1 1 1 0 1 1 0 0
 0 0 1 1 0 1 0 1 1 0 1 0 0 0 0 1 1 1 1 1 1 0 0 0 1 1 1 1 1 1 1 0 1 1 0 0 1
 1 1 0 1 0 1 0 0 0 1 1 0 1 0 0 1 1 1 0 1 1 0 0 1 0 1]
 Training accuracy at 9300 out of 20000 is 1.000(0.570),cost is 0.023(3.891)
[0 0 0 0 0 1 1 0 0 1 1 1 1 1 0 0 1 1 0 1 1 1 1 0 1 1 0 0 1 1 1 1 0 1 0 0 0
 0 0 1 1 1 1 0 1 1 0 1 1 0 0 0 1 1 1 1 1 1 0 0 0 1 1 1 1 1 1 1 0 1 1 0 0 1
 0 1 0 1 0 1 1 0 0 1 1 0 1 0 0 1 1 1 0 1 1 0 0 1 0 1]
 Training accuracy at 9400 out of 20000 is 1.000(0.530),cost is 0.026(4.084)
[0 0 0 0 0 1 1 0 0 1 1 1 1 1 0 0 1 1 0 1 1 1 1 0 1 1 0 0 1 1 1 1 0 1 0 0 0
 0 0 1 1 1 1 0 1 0 0 1 0 1 0 0 1 1 1 1 1 1 1 0 0 1 1 1 1 1 1 1 0 1 1 0 0 1
 1 1 0 1 0 1 1 0 0 1 1 0 1 0 0 1 1 1 0 1 1 0 0 1 0 1]
 Training accuracy at 9500 out of 20000 is 1.000(0.540),cost is 0.028(4.035)
[0 0 0 0 0 1 1 0 0 1 1 1 1 1 0 0 1 1 0 1 1 1 1 0 1 1 0 0 1 1 1 1 0 1 0 0 0
 0 0 1 1 1 1 0 1 0 0 1 0 0 0 0 1 1 1 1 1 1 0 0 0 1 1 1 1 1 1 1 0 1 1 0 0 1
 1 1 0 1 0 1 1 0 0 1 1 0 1 0 0 1 1 1 0 1 1 0 0 1 0 1]
 Training accuracy at 9600 out of 20000 is 1.000(0.540),cost is 0.027(3.933)
[0 0 1 0 0 1 1 0 0 1 1 1 1 1 0 0 1 1 0 1 1 1 1 0 1 1 0 0 1 1 1 1 0 1 0 0 0
 0 1 1 1 0 0 0 1 1 0 1 0 0 0 0 1 1 1 1 0 1 0 0 0 1 1 1 1 1 1 1 0 1 1 0 0 1
 1 1 0 1 0 1 0 0 0 1 1 0 1 0 0 1 1 1 0 1 1 0 0 1 0 1]
 Training accuracy at 9700 out of 20000 is 1.000(0.550),cost is 0.023(4.133)
[0 0 0 0 0 1 1 0 0 1 1 1 1 1 0 0 1 1 0 1 1 1 1 0 1 1 0 0 1 1 1 1 0 1 0 0 0
 0 0 1 1 0 1 0 1 0 0 1 0 0 0 0 1 1 0 1 0 1 0 0 0 1 1 1 1 1 1 1 0 1 0 0 0 1
 1 1 0 1 0 1 0 0 0 1 1 0 1 0 0 1 0 0 0 1 1 0 0 1 0 1]
 Training accuracy at 9800 out of 20000 is 1.000(0.550),cost is 0.023(4.080)
[0 0 0 0 0 1 1 0 0 1 1 1 1 1 0 0 1 1 0 1 1 1 1 0 1 1 0 0 1 1 1 1 0 1 0 0 0
 0 0 1 1 1 0 0 1 1 0 1 0 0 0 0 1 1 1 1 0 1 1 0 0 1 1 1 1 0 1 1 0 1 0 0 1 1
 1 1 0 1 0 1 0 0 0 1 1 0 1 1 0 1 1 1 0 1 0 0 0 1 0 1]
 Training accuracy at 9900 out of 20000 is 1.000(0.580),cost is 0.025(3.901)
[0 0 0 0 0 1 1 0 0 1 1 1 1 1 0 0 1 1 0 1 1 1 1 0 1 1 0 0 1 1 1 1 0 1 1 0 0
 0 1 1 1 0 0 0 1 0 0 1 0 1 0 0 0 1 1 1 0 0 0 0 0 1 1 1 1 1 1 1 0 1 0 0 1 1
 1 1 0 1 0 1 0 0 0 1 1 0 1 1 0 1 1 0 0 1 1 0 0 1 0 1]
 Training accuracy at 10000 out of 20000 is 1.000(0.530),cost is 0.022(4.360)
[0 0 0 0 0 1 1 0 0 1 1 1 1 1 0 0 1 1 0 1 1 1 1 0 1 1 0 0 1 1 1 1 0 1 1 0 0
 0 1 1 1 0 1 0 1 0 0 1 0 1 0 0 1 1 1 1 0 1 0 0 0 1 1 1 1 1 1 1 0 1 1 0 0 1
 1 1 0 1 0 1 0 0 1 1 1 0 1 0 0 1 0 0 0 1 1 0 0 1 0 1]
 Training accuracy at 10100 out of 20000 is 1.000(0.510),cost is 0.025(4.326)
[0 0 1 0 0 1 1 0 0 1 1 1 1 1 0 0 1 1 0 1 1 1 1 0 1 1 0 0 1 1 1 1 0 1 1 1 0
 0 0 1 1 1 0 0 1 0 0 1 0 1 0 0 0 1 1 1 1 0 0 0 0 1 1 1 1 1 1 1 0 1 1 0 0 1
 1 1 0 1 0 1 0 0 0 1 1 0 1 1 0 1 0 1 0 1 0 0 0 1 0 1]
 Training accuracy at 10200 out of 20000 is 1.000(0.590),cost is 0.024(3.979)
[0 0 0 0 0 1 1 0 0 1 1 1 1 1 0 0 1 1 0 1 1 1 1 0 1 1 0 0 1 1 1 1 0 1 0 0 0
 0 0 1 1 1 0 0 1 0 0 1 0 1 0 0 1 1 0 1 0 1 1 0 0 1 1 1 1 0 1 1 0 1 0 0 0 1
 1 1 0 1 0 1 0 0 0 1 1 0 1 1 0 0 0 1 0 1 1 0 0 1 0 1]
 Training accuracy at 10300 out of 20000 is 1.000(0.590),cost is 0.032(3.701)
[0 0 1 0 0 1 1 0 0 1 1 1 1 1 0 0 1 1 0 1 1 1 1 0 1 1 0 0 1 1 1 1 0 1 0 0 0
 0 1 1 1 1 1 0 1 0 0 1 0 1 0 0 1 1 1 1 1 1 0 0 0 1 1 1 1 0 1 1 0 1 1 0 1 1
 0 1 0 1 0 1 0 0 0 1 1 0 1 1 0 1 0 1 0 1 1 0 0 1 0 1]
 Training accuracy at 10400 out of 20000 is 1.000(0.550),cost is 0.028(3.974)
[0 1 0 1 0 1 1 0 0 1 1 1 1 1 0 0 1 1 0 1 1 1 1 0 1 1 0 0 1 1 1 1 0 1 0 0 0
 0 0 1 1 1 1 0 1 0 0 1 0 1 0 0 1 1 0 1 1 1 1 0 0 1 1 1 1 1 1 1 0 1 1 0 1 1
 1 1 1 1 0 1 0 0 0 1 1 0 1 0 0 1 0 0 0 1 1 0 0 1 0 1]
 Training accuracy at 10500 out of 20000 is 1.000(0.560),cost is 0.027(4.593)
[0 0 0 0 0 1 1 0 0 1 1 1 1 1 0 0 1 1 0 1 1 1 1 0 1 1 0 0 1 1 1 1 0 1 0 0 0
 0 1 1 1 1 1 0 1 0 0 1 1 0 0 0 1 1 1 1 1 1 1 0 0 1 1 1 1 1 1 1 0 1 1 0 1 1
 0 1 1 1 0 1 0 0 1 1 1 0 1 0 0 1 1 1 0 1 1 0 0 1 0 1]
 Training accuracy at 10600 out of 20000 is 1.000(0.500),cost is 0.027(4.324)
[0 0 0 0 0 1 1 0 0 1 1 1 1 1 0 0 1 1 0 1 1 1 1 0 1 1 0 0 1 1 1 1 0 1 0 0 0
 0 1 1 1 0 0 0 1 0 0 1 0 0 0 0 1 1 0 1 1 1 0 0 0 1 1 1 1 1 1 1 0 1 1 0 1 1
 1 1 0 1 0 1 1 0 0 1 1 0 1 0 0 0 1 0 0 1 1 0 0 1 0 1]
 Training accuracy at 10700 out of 20000 is 1.000(0.510),cost is 0.023(4.440)
[0 0 0 0 0 1 1 0 0 1 1 1 1 1 0 0 1 1 0 1 1 1 1 0 1 1 0 0 1 1 1 1 0 1 0 0 0
 0 0 1 1 0 1 0 1 0 0 1 1 0 0 0 1 1 0 1 1 1 0 0 0 1 1 1 1 1 1 1 0 1 0 0 0 1
 1 1 0 1 0 1 0 0 0 1 1 0 1 0 0 0 0 0 0 1 1 0 0 1 0 1]
 Training accuracy at 10800 out of 20000 is 1.000(0.540),cost is 0.027(4.120)
[0 0 0 1 0 1 1 0 0 1 1 1 1 1 0 0 1 1 0 1 1 1 1 0 1 1 0 0 1 1 1 1 0 1 0 0 0
 0 0 1 1 0 1 0 1 0 0 1 1 0 0 0 1 1 0 1 1 1 1 0 0 1 1 1 1 1 1 1 0 1 1 0 1 1
 1 1 1 1 0 1 1 0 0 1 1 0 1 1 0 1 1 0 0 1 1 0 0 1 0 1]
 Training accuracy at 10900 out of 20000 is 1.000(0.530),cost is 0.028(4.503)
[0 0 0 0 0 1 1 0 1 1 1 1 1 1 0 0 1 1 0 1 1 1 1 0 1 1 0 0 1 1 1 1 0 1 0 0 0
 0 0 1 1 1 1 0 1 0 0 1 0 0 0 0 1 1 0 1 0 1 0 0 0 1 1 1 1 1 1 1 0 1 1 0 0 1
 1 1 1 1 0 1 0 0 0 1 1 0 1 1 0 1 1 0 0 1 1 0 0 1 0 1]
 Training accuracy at 11000 out of 20000 is 1.000(0.550),cost is 0.027(4.541)
[0 0 1 1 0 1 1 0 0 1 1 1 1 1 0 0 1 1 0 1 1 1 1 0 1 1 0 0 1 1 1 1 0 1 0 0 0
 0 0 1 1 1 1 0 1 0 0 1 1 0 0 0 1 1 0 1 1 1 0 0 0 1 1 1 1 1 1 1 0 1 1 0 0 1
 1 1 1 1 0 1 0 0 0 1 1 1 1 0 0 0 1 1 0 1 1 0 0 1 0 1]
 Training accuracy at 11100 out of 20000 is 1.000(0.560),cost is 0.027(4.530)
[0 0 1 1 0 1 1 0 0 1 1 1 1 1 0 0 1 1 0 1 1 1 1 0 1 1 0 0 1 1 1 1 0 1 0 0 0
 0 0 1 1 1 1 0 1 0 0 1 0 0 0 0 1 1 0 1 1 1 0 0 0 1 1 1 1 1 1 1 0 1 1 0 0 1
 1 1 0 1 0 1 0 0 0 1 1 0 1 0 0 0 1 1 0 1 1 0 0 1 0 1]
 Training accuracy at 11200 out of 20000 is 1.000(0.570),cost is 0.024(4.638)
[0 0 0 0 0 1 1 0 0 1 1 1 1 1 0 0 1 1 0 1 1 1 1 0 1 1 0 0 1 1 1 1 0 1 1 0 0
 0 0 1 1 1 1 0 1 0 0 1 0 0 0 0 1 1 0 1 1 1 0 0 0 1 1 1 1 1 1 1 0 1 0 0 0 1
 1 1 0 1 0 1 0 0 0 1 1 0 1 0 0 1 1 1 0 1 1 0 0 1 0 1]
 Training accuracy at 11300 out of 20000 is 1.000(0.580),cost is 0.025(4.222)
[0 0 0 1 0 1 1 0 0 1 1 1 1 1 0 0 1 1 0 1 1 1 1 0 1 1 0 0 1 1 1 1 0 1 0 0 0
 0 0 1 1 1 0 0 1 0 0 1 0 0 0 0 1 1 0 1 1 1 0 0 0 1 1 1 1 1 1 1 0 1 1 0 0 1
 1 1 0 1 0 1 0 0 0 1 1 0 1 1 0 1 1 1 0 1 1 0 0 1 0 1]
 Training accuracy at 11400 out of 20000 is 1.000(0.590),cost is 0.023(4.606)
[0 0 0 0 0 1 1 0 0 1 1 1 1 1 0 0 1 1 0 1 1 1 1 0 1 1 0 0 1 1 1 1 0 1 0 0 0
 0 1 1 1 1 1 0 1 0 0 1 0 0 0 0 1 1 0 1 0 1 0 0 0 1 1 1 1 1 1 1 0 1 0 0 0 1
 1 1 0 1 0 1 0 0 0 1 1 0 1 0 0 0 1 0 0 1 1 0 0 1 0 1]
 Training accuracy at 11500 out of 20000 is 1.000(0.530),cost is 0.023(5.051)
[0 0 1 1 0 1 1 0 0 1 1 1 1 1 0 0 1 1 0 1 1 1 1 0 1 1 0 0 1 1 1 1 0 1 0 0 0
 0 0 1 1 1 1 0 1 0 0 1 0 0 0 0 1 1 0 1 0 1 0 0 0 1 1 1 1 1 1 1 0 1 1 0 0 1
 1 1 0 1 0 1 0 0 1 1 1 0 1 1 0 1 1 0 0 1 1 0 0 1 0 1]
 Training accuracy at 11600 out of 20000 is 1.000(0.560),cost is 0.028(4.281)
[0 0 1 1 0 1 1 0 0 1 1 1 1 1 0 0 1 1 0 1 1 1 1 0 1 1 0 0 1 1 1 1 0 1 0 0 0
 0 0 1 1 1 1 0 1 1 0 1 1 0 0 0 1 1 1 1 1 1 1 0 0 1 1 1 1 1 1 1 0 1 0 0 0 1
 1 1 0 1 0 1 0 0 0 1 1 0 1 1 0 1 1 1 0 1 0 0 0 1 0 1]
 Training accuracy at 11700 out of 20000 is 1.000(0.590),cost is 0.027(4.534)
[0 0 0 0 0 1 1 0 0 1 1 1 1 1 0 0 1 1 0 1 1 1 1 0 1 1 0 0 1 1 1 1 0 1 0 0 0
 0 0 1 1 0 0 0 1 1 0 1 0 0 0 0 1 1 0 1 0 1 0 0 0 1 1 1 1 1 0 1 0 1 1 0 0 1
 1 1 0 1 0 1 0 0 0 1 1 0 1 0 0 0 1 1 0 1 0 0 0 1 0 1]
 Training accuracy at 11800 out of 20000 is 1.000(0.530),cost is 0.024(4.209)
[0 0 0 1 0 1 1 0 0 1 1 1 1 1 0 0 1 1 0 1 1 1 1 0 1 1 0 0 1 1 1 1 0 1 0 0 0
 0 0 1 1 1 1 0 1 0 0 1 0 1 0 1 1 1 1 1 0 1 0 0 1 1 1 1 1 1 1 1 0 1 1 0 0 1
 1 1 0 1 0 1 0 0 1 1 1 0 1 0 0 0 1 1 0 1 1 0 0 1 0 0]
 Training accuracy at 11900 out of 20000 is 1.000(0.490),cost is 0.027(4.759)
[0 0 0 1 0 1 1 0 0 1 1 1 0 1 0 0 1 1 0 1 1 1 1 0 1 1 0 0 1 1 1 1 0 1 0 0 0
 0 0 1 1 1 1 0 1 0 0 1 0 1 0 0 1 1 1 1 1 1 0 0 0 1 1 1 1 1 1 1 0 1 0 0 0 1
 1 1 0 1 0 1 0 0 0 1 1 0 1 0 0 0 1 1 0 1 0 0 0 1 0 1]
 Training accuracy at 12000 out of 20000 is 1.000(0.550),cost is 0.025(4.545)
[0 0 0 0 0 1 1 0 0 1 1 1 0 1 0 0 1 0 0 1 1 1 1 0 1 1 0 0 1 1 1 1 0 1 1 0 0
 0 0 1 1 0 1 0 1 1 0 1 0 1 0 0 1 1 1 1 0 1 0 0 0 1 1 1 1 1 1 1 0 1 1 0 0 1
 0 1 0 1 0 1 0 0 1 1 1 0 1 0 0 1 1 1 0 1 0 0 0 1 0 1]
 Training accuracy at 12100 out of 20000 is 1.000(0.510),cost is 0.026(4.444)
[0 0 0 1 0 1 1 0 0 1 1 1 0 1 0 0 1 0 0 1 1 1 1 0 1 1 0 0 1 1 1 1 0 1 1 0 0
 0 0 1 1 0 1 0 1 0 0 1 0 1 0 0 1 1 1 1 1 1 0 0 0 1 1 1 1 1 1 1 0 1 1 0 0 1
 1 1 0 1 0 1 0 0 0 1 1 0 1 0 0 1 1 1 0 1 1 0 0 1 0 1]
 Training accuracy at 12200 out of 20000 is 1.000(0.550),cost is 0.025(4.140)
[0 0 0 0 0 1 1 0 0 1 1 1 1 1 0 0 1 1 0 1 1 1 1 0 1 1 0 0 1 1 1 1 0 1 1 0 0
 0 0 1 1 0 0 0 1 0 0 1 0 0 0 0 1 1 1 1 1 1 0 0 0 1 1 1 1 1 1 1 0 1 1 0 0 1
 0 1 0 1 0 1 1 0 0 1 1 0 1 0 0 1 0 0 0 1 1 0 0 1 0 1]
 Training accuracy at 12300 out of 20000 is 1.000(0.540),cost is 0.027(4.613)
[0 0 0 1 0 1 1 0 0 1 1 1 1 1 0 0 1 1 0 1 1 1 1 0 1 1 0 0 1 1 1 1 0 1 0 0 0
 0 1 1 1 1 0 0 1 1 0 1 1 1 0 0 1 1 0 1 1 1 0 0 0 1 1 1 1 1 1 1 0 1 1 0 1 1
 1 1 0 1 0 1 0 0 1 1 1 0 1 1 0 1 1 1 0 1 1 0 0 1 0 1]
 Training accuracy at 12400 out of 20000 is 1.000(0.550),cost is 0.026(4.600)
[0 0 0 0 0 1 1 0 0 1 1 1 1 1 0 0 1 1 0 1 1 1 1 0 1 1 0 0 1 1 1 1 0 1 0 0 0
 0 1 1 1 0 0 0 1 1 0 1 0 0 0 0 1 1 0 1 1 0 0 0 0 1 1 1 1 1 1 1 0 1 1 0 0 1
 0 1 1 1 0 1 0 0 0 1 1 0 1 0 0 1 1 1 0 1 1 0 0 1 0 1]
 Training accuracy at 12500 out of 20000 is 1.000(0.530),cost is 0.025(4.222)
[0 0 0 1 0 1 1 0 0 1 1 1 1 1 0 0 1 1 0 1 1 1 1 0 1 1 0 0 1 1 1 1 0 1 0 0 0
 0 0 1 1 0 0 0 1 0 0 1 0 0 0 0 1 1 1 1 1 0 0 0 0 1 1 1 1 1 1 1 0 1 1 0 0 1
 1 1 0 1 0 1 0 0 0 1 1 0 1 0 0 1 1 1 0 1 1 0 0 1 0 1]
 Training accuracy at 12600 out of 20000 is 1.000(0.550),cost is 0.026(4.059)
[0 0 0 0 0 1 1 0 0 1 1 0 1 1 0 0 1 1 0 1 1 1 1 0 1 1 0 0 1 1 1 1 0 1 0 0 0
 0 1 1 1 0 0 0 1 0 0 1 1 0 0 1 1 1 1 1 0 0 1 0 0 1 1 1 1 1 1 1 0 1 1 0 0 1
 1 1 0 1 0 1 1 0 0 1 1 0 1 0 0 1 1 1 0 1 1 0 0 1 0 1]
 Training accuracy at 12700 out of 20000 is 1.000(0.510),cost is 0.026(4.490)
[0 0 0 1 0 1 1 0 0 1 1 1 1 1 0 0 1 1 0 1 1 1 1 0 1 1 0 0 1 1 1 1 0 1 1 0 0
 0 1 1 1 1 1 0 1 1 0 1 1 0 0 1 1 1 0 1 0 0 1 0 0 1 1 1 1 0 1 1 0 1 1 0 0 1
 0 1 0 1 0 1 1 0 1 1 1 0 1 0 0 0 1 1 0 1 1 0 0 1 0 1]
 Training accuracy at 12800 out of 20000 is 1.000(0.520),cost is 0.029(4.216)
[0 0 0 1 0 1 1 0 0 1 1 0 1 1 0 0 1 1 0 1 1 1 1 0 1 1 0 0 1 1 1 1 0 1 0 0 0
 0 0 1 1 0 1 0 1 1 0 1 0 0 0 0 1 1 0 1 0 1 0 0 0 1 1 1 1 0 1 1 0 1 1 0 0 1
 0 1 0 1 0 1 0 0 0 1 1 0 1 0 0 1 1 1 0 1 1 0 0 1 0 1]
 Training accuracy at 12900 out of 20000 is 1.000(0.570),cost is 0.027(4.299)
[0 0 1 1 0 1 1 0 0 1 1 1 1 1 0 0 1 1 0 1 1 1 1 0 1 1 0 0 1 1 1 1 0 1 1 0 0
 0 1 1 1 1 1 0 1 1 0 1 1 0 0 0 1 1 0 1 1 1 0 0 0 1 1 1 1 1 1 1 0 1 1 0 0 1
 1 1 0 1 0 1 0 0 1 1 1 0 1 0 0 1 1 0 0 1 1 0 0 1 0 1]
 Training accuracy at 13000 out of 20000 is 1.000(0.560),cost is 0.025(4.279)
[0 0 0 0 0 1 1 0 0 1 1 1 1 1 0 0 1 1 0 1 1 1 1 0 1 1 0 0 1 1 1 1 0 0 0 0 0
 0 0 1 1 1 0 0 1 1 0 1 0 0 0 0 1 1 0 1 1 1 0 0 0 1 1 1 1 1 1 1 0 1 1 0 0 1
 1 1 0 1 0 1 0 0 1 1 1 0 1 0 0 0 1 0 0 1 1 0 0 1 0 1]
 Training accuracy at 13100 out of 20000 is 1.000(0.560),cost is 0.024(4.196)
[0 1 0 1 0 1 1 0 0 1 1 1 1 1 0 0 1 1 0 1 1 1 1 0 1 1 0 0 1 1 1 1 0 1 0 0 0
 0 0 1 1 1 1 0 1 1 0 1 0 0 0 1 1 1 0 1 1 1 1 0 0 1 1 1 1 1 1 1 0 1 0 0 0 1
 1 1 0 1 0 1 0 0 1 1 1 0 1 0 0 1 1 1 0 1 1 0 0 1 0 1]
 Training accuracy at 13200 out of 20000 is 1.000(0.590),cost is 0.026(4.053)
[0 0 0 1 0 1 1 0 0 1 1 1 0 1 0 0 1 1 0 1 1 1 1 0 1 1 0 0 1 1 1 1 0 1 0 0 0
 0 0 1 1 0 0 0 1 1 0 1 0 0 0 1 1 1 0 0 1 1 0 0 0 1 1 1 1 1 1 1 0 1 1 0 0 1
 0 1 0 1 0 1 0 0 1 1 1 0 1 0 0 1 0 1 0 1 1 0 0 1 0 1]
 Training accuracy at 13300 out of 20000 is 1.000(0.580),cost is 0.025(3.974)
[0 0 0 0 0 1 1 0 0 1 1 1 0 1 0 0 1 1 0 1 1 1 1 0 1 1 0 0 1 1 1 1 0 1 0 0 0
 0 1 1 1 1 0 0 1 1 0 1 0 0 0 0 1 1 0 0 1 1 0 0 0 1 1 1 1 1 1 1 0 1 1 0 0 1
 1 1 0 1 0 1 0 0 1 1 1 0 1 0 0 1 1 1 0 1 1 0 0 1 0 1]
 Training accuracy at 13400 out of 20000 is 1.000(0.580),cost is 0.027(4.098)
[0 0 0 1 0 1 1 0 0 1 1 1 1 1 0 0 1 1 0 1 1 1 1 0 1 1 0 0 1 1 1 1 0 1 0 0 0
 0 1 1 1 0 0 0 1 1 0 1 1 0 0 0 1 1 1 1 1 1 0 0 0 1 1 1 1 1 1 1 0 1 1 0 0 1
 0 1 0 1 0 1 0 0 1 1 1 0 1 0 0 1 0 0 0 1 1 0 0 1 0 1]
 Training accuracy at 13500 out of 20000 is 1.000(0.530),cost is 0.024(4.319)
[0 0 0 1 0 1 1 0 0 1 1 1 1 1 0 0 1 1 0 1 1 1 1 0 1 1 0 0 1 1 1 1 0 1 0 0 0
 0 1 1 1 1 1 0 1 1 0 1 1 0 0 0 1 1 0 1 0 1 0 0 1 1 1 1 1 1 1 1 0 1 1 0 1 1
 1 0 0 1 0 1 0 0 0 1 1 0 1 1 0 1 1 0 0 1 1 0 0 1 0 1]
 Training accuracy at 13600 out of 20000 is 1.000(0.520),cost is 0.026(4.504)
[0 0 0 1 0 1 1 0 0 1 1 1 1 1 0 0 1 1 0 1 1 1 1 0 1 1 0 0 1 1 1 1 0 1 0 0 0
 0 0 1 1 1 0 0 1 1 0 1 0 0 0 0 1 1 0 1 0 1 0 0 0 1 1 1 1 1 1 1 0 1 1 0 1 1
 1 1 0 1 0 1 0 0 1 1 1 0 1 0 0 1 1 0 0 1 1 0 0 1 0 1]
 Training accuracy at 13700 out of 20000 is 1.000(0.550),cost is 0.025(4.496)
[0 0 0 1 0 1 1 0 0 1 1 1 1 1 0 0 1 1 0 1 1 1 1 0 1 1 0 0 1 1 1 1 0 1 0 1 0
 0 1 1 1 1 1 0 1 0 0 1 1 0 0 0 1 1 1 1 0 1 0 0 0 1 1 1 1 1 1 1 0 1 1 0 0 1
 1 0 0 1 0 1 1 0 1 1 1 0 1 0 0 1 1 1 0 1 1 0 0 1 0 1]
 Training accuracy at 13800 out of 20000 is 1.000(0.510),cost is 0.026(4.344)
[0 0 0 1 0 1 1 0 0 1 1 1 1 1 0 0 1 1 0 1 1 1 1 0 1 1 0 0 1 1 1 1 0 1 0 0 0
 0 1 1 1 0 1 0 1 1 0 1 0 0 0 0 1 1 0 1 1 1 0 0 0 1 1 1 1 1 1 1 0 1 1 0 0 1
 1 0 0 1 0 1 1 0 0 1 1 0 1 0 0 1 1 0 0 1 1 0 0 1 0 1]
 Training accuracy at 13900 out of 20000 is 1.000(0.530),cost is 0.025(4.185)
[0 0 0 1 0 1 1 0 0 1 1 1 1 1 0 0 1 1 0 1 1 1 1 0 1 1 0 0 1 1 1 1 0 1 0 0 0
 0 1 1 1 0 1 0 1 1 0 1 1 0 0 0 1 1 0 0 1 1 1 0 0 1 1 1 1 1 1 1 0 1 1 0 0 1
 1 1 0 1 0 1 1 0 1 1 1 0 1 0 0 1 1 0 0 1 1 0 0 1 0 1]
 Training accuracy at 14000 out of 20000 is 1.000(0.540),cost is 0.024(4.259)
[0 0 0 1 0 1 1 0 0 1 1 1 1 1 0 0 1 1 0 1 1 1 1 0 1 1 0 0 1 1 1 1 0 1 0 0 0
 0 0 1 1 0 0 0 1 1 0 1 0 0 0 1 1 1 1 1 1 1 0 0 0 1 1 1 1 1 1 1 0 1 1 0 0 1
 0 1 0 1 0 1 1 0 0 1 1 0 1 0 0 1 1 0 0 1 1 0 0 1 0 1]
 Training accuracy at 14100 out of 20000 is 1.000(0.530),cost is 0.026(4.535)
[0 0 0 0 0 1 1 0 0 1 1 1 1 1 0 0 1 1 0 1 1 1 0 0 1 1 0 0 1 1 1 1 0 1 0 0 0
 0 0 1 1 1 0 0 1 1 0 1 0 0 0 0 0 1 0 1 0 1 0 0 0 1 1 1 1 1 0 1 0 1 1 0 1 1
 0 1 0 1 0 1 1 0 1 1 1 0 1 0 0 1 1 0 0 1 1 0 0 1 0 1]
 Training accuracy at 14200 out of 20000 is 1.000(0.510),cost is 0.025(4.440)
[0 0 1 1 0 1 1 0 0 1 1 1 1 1 0 0 1 1 0 1 1 1 1 0 1 1 0 0 1 1 1 1 0 1 0 0 0
 0 0 1 1 1 1 0 1 0 0 1 0 0 0 0 0 1 0 1 0 1 0 0 0 1 1 1 1 1 0 1 0 1 1 0 0 1
 1 1 0 1 0 1 0 0 1 1 1 0 1 0 0 1 0 0 0 1 1 0 0 1 0 1]
 Training accuracy at 14300 out of 20000 is 1.000(0.560),cost is 0.026(4.256)
[0 0 0 0 0 1 1 0 0 1 1 1 1 1 0 0 1 1 0 1 1 1 1 0 1 1 0 0 1 1 1 1 0 1 0 0 0
 0 1 1 1 1 1 0 1 1 0 1 0 0 0 0 1 1 1 1 0 1 0 0 0 1 1 1 1 1 1 1 0 1 1 0 1 1
 0 1 0 1 0 1 1 0 1 1 1 0 1 0 0 1 0 1 0 1 1 0 0 1 0 1]
 Training accuracy at 14400 out of 20000 is 1.000(0.510),cost is 0.026(4.594)
[0 0 0 0 0 1 1 0 0 1 1 1 1 1 0 0 1 1 0 1 1 1 1 0 1 1 0 0 1 1 1 1 0 1 0 0 0
 0 1 1 1 1 0 0 1 1 0 1 0 0 0 0 1 1 0 0 0 1 0 0 0 1 1 1 1 1 0 1 0 1 1 0 0 1
 1 1 0 1 0 1 1 0 1 1 1 0 1 0 0 1 0 0 0 1 1 0 0 1 0 1]
 Training accuracy at 14500 out of 20000 is 1.000(0.540),cost is 0.026(4.425)
[0 0 0 0 0 1 1 0 0 1 1 1 1 1 0 0 1 1 0 1 1 1 1 0 1 1 0 0 1 1 1 1 0 1 0 0 0
 0 1 1 1 1 1 0 1 1 0 1 0 0 0 1 1 1 0 1 0 1 0 1 0 1 1 1 1 1 1 1 0 1 1 0 1 1
 0 1 0 1 0 1 0 0 1 1 1 0 1 0 0 1 1 0 0 1 1 0 0 1 0 1]
 Training accuracy at 14600 out of 20000 is 1.000(0.510),cost is 0.027(4.582)
[0 0 0 0 0 1 1 0 0 1 1 1 1 1 0 0 1 1 0 1 1 1 1 0 1 1 0 0 1 1 1 1 0 1 0 0 0
 0 0 1 1 1 0 0 1 1 0 1 0 0 0 0 1 1 0 1 1 1 0 0 0 1 1 1 1 1 1 1 0 1 1 0 1 1
 0 1 0 1 0 1 0 0 1 1 1 0 1 0 0 1 1 1 0 1 1 0 0 1 0 1]
 Training accuracy at 14700 out of 20000 is 1.000(0.550),cost is 0.028(4.039)
[0 1 0 0 0 1 1 0 1 1 1 1 1 1 0 0 1 1 0 1 1 1 1 0 1 1 0 0 1 1 1 1 0 1 0 0 0
 0 1 1 1 0 0 0 1 1 0 1 0 0 0 0 1 1 0 1 0 1 0 0 0 1 1 1 1 1 1 1 0 1 0 0 1 1
 0 1 0 1 0 1 1 0 1 1 1 0 1 0 0 1 1 0 0 1 1 0 0 1 0 1]
 Training accuracy at 14800 out of 20000 is 1.000(0.530),cost is 0.029(4.467)
[0 0 1 0 0 1 1 0 0 1 1 1 1 1 0 0 1 1 0 1 1 1 1 0 1 1 0 0 1 1 1 1 0 1 0 0 0
 0 1 1 1 0 1 0 1 1 0 1 1 0 0 0 0 1 1 1 1 1 0 0 0 1 1 1 1 1 1 1 0 1 1 0 0 1
 0 1 0 1 0 1 0 0 1 1 1 0 1 0 0 1 1 1 0 1 1 0 0 1 0 1]
 Training accuracy at 14900 out of 20000 is 1.000(0.530),cost is 0.030(4.312)
[0 0 1 1 0 1 1 0 0 1 1 1 1 1 0 0 1 1 0 1 1 1 1 0 1 1 0 0 1 1 1 1 0 1 0 0 0
 0 1 1 1 1 1 0 1 1 0 1 1 0 0 0 0 1 1 1 0 1 0 0 0 1 1 1 1 0 1 1 0 1 1 0 0 1
 1 1 0 1 0 1 0 0 1 1 1 0 1 0 0 1 1 1 0 1 1 0 0 1 0 1]
 Training accuracy at 15000 out of 20000 is 1.000(0.560),cost is 0.025(4.413)
[0 0 1 0 0 1 1 0 0 1 1 1 1 1 0 0 1 1 0 1 1 1 1 0 1 1 0 0 1 1 1 1 0 1 0 0 0
 0 1 1 1 1 1 0 1 1 0 1 1 0 0 0 1 1 0 1 0 1 0 0 0 1 1 1 1 0 0 1 0 1 0 0 0 1
 0 1 0 1 0 1 0 0 0 1 1 0 1 0 0 1 1 1 0 1 1 0 0 1 0 1]
 Training accuracy at 15100 out of 20000 is 1.000(0.550),cost is 0.026(4.362)
[0 0 1 0 0 1 1 0 0 1 1 1 1 1 0 0 1 1 0 1 1 1 1 0 1 1 0 0 1 1 1 1 0 1 0 0 0
 0 0 1 1 1 1 0 1 1 0 1 0 0 0 0 1 1 0 1 0 1 0 0 0 1 1 1 1 1 1 1 0 1 0 0 0 1
 0 1 0 1 0 1 0 0 1 1 1 0 1 1 0 1 1 0 0 1 1 0 0 1 0 1]
 Training accuracy at 15200 out of 20000 is 1.000(0.560),cost is 0.025(4.123)
[0 0 1 1 0 1 1 0 0 1 1 1 1 1 0 0 1 1 0 1 1 1 1 0 1 1 0 0 1 1 1 1 0 1 0 0 0
 0 0 1 1 1 1 0 1 1 0 1 0 0 0 0 0 1 0 0 1 1 0 0 0 1 1 1 1 0 1 1 0 1 0 0 0 1
 0 1 0 1 0 1 0 0 1 1 1 0 1 0 0 1 1 0 0 1 1 0 0 1 0 1]
 Training accuracy at 15300 out of 20000 is 1.000(0.600),cost is 0.024(4.196)
[0 0 1 0 0 1 1 0 0 1 1 1 1 1 0 0 1 1 0 1 1 1 1 0 1 1 0 0 1 1 1 1 0 1 0 0 0
 0 0 1 1 1 1 0 1 1 0 1 0 0 0 0 0 1 0 1 0 1 1 0 0 1 1 1 1 1 1 1 0 1 0 0 0 1
 1 1 0 1 0 1 1 0 1 1 1 0 1 0 0 1 1 1 0 1 1 0 0 1 0 1]
 Training accuracy at 15400 out of 20000 is 1.000(0.580),cost is 0.028(4.010)
[0 0 1 0 0 1 1 0 0 1 1 1 1 1 0 0 1 1 0 1 1 1 1 0 1 1 0 0 1 1 1 1 0 1 0 0 0
 0 1 1 1 1 1 0 1 1 0 1 1 0 0 0 1 1 0 0 0 1 1 0 0 1 1 1 1 1 1 1 0 1 0 0 0 1
 1 1 0 1 0 1 0 0 1 1 1 0 1 0 0 1 1 0 0 1 1 0 0 1 0 1]
 Training accuracy at 15500 out of 20000 is 1.000(0.560),cost is 0.025(4.290)
[0 0 1 1 0 1 1 0 0 1 1 1 1 1 0 0 1 1 0 1 1 1 1 0 1 1 0 0 1 1 1 1 0 1 0 0 0
 0 1 1 1 1 0 0 1 1 0 1 1 0 0 0 1 1 1 1 1 1 1 0 0 1 1 1 1 1 1 1 0 1 1 0 0 1
 1 1 0 1 0 1 1 0 1 1 1 0 1 0 0 1 1 0 0 1 1 0 0 1 0 1]
 Training accuracy at 15600 out of 20000 is 1.000(0.550),cost is 0.025(4.253)
[0 0 1 0 0 1 1 0 0 1 1 1 1 1 0 0 1 1 0 1 1 1 1 0 1 1 0 0 1 1 1 1 0 1 0 0 0
 0 1 1 1 1 1 0 1 1 0 1 0 0 0 0 1 1 0 1 0 1 1 0 0 1 1 1 1 0 1 1 0 1 1 0 1 1
 1 1 0 1 0 1 0 0 0 1 1 1 1 1 0 1 1 1 0 1 1 0 0 1 0 1]
 Training accuracy at 15700 out of 20000 is 1.000(0.590),cost is 0.025(4.252)
[0 0 1 0 0 1 1 0 0 1 1 1 1 1 0 0 1 1 0 1 1 1 1 0 1 1 0 0 1 1 1 1 0 1 0 0 0
 0 1 1 1 1 1 0 1 1 0 1 1 0 0 1 1 1 0 1 0 1 1 0 0 1 1 1 1 1 1 1 0 1 1 0 1 1
 1 1 0 1 0 1 1 0 0 1 1 0 1 0 0 1 1 1 0 1 1 0 0 1 0 1]
 Training accuracy at 15800 out of 20000 is 1.000(0.530),cost is 0.025(4.476)
[0 0 1 0 0 1 1 0 0 1 1 1 1 1 0 0 1 1 0 1 1 1 1 0 1 1 0 0 1 1 1 1 0 1 0 0 0
 0 0 1 1 0 0 0 1 1 0 1 1 0 0 0 0 1 0 1 0 1 0 0 1 1 1 1 1 1 1 1 0 1 1 0 0 1
 1 1 0 1 0 1 0 0 0 1 1 0 1 0 0 1 1 1 0 1 1 0 0 1 0 1]
 Training accuracy at 15900 out of 20000 is 1.000(0.560),cost is 0.026(4.233)
[0 0 1 1 0 1 1 0 0 1 1 1 1 1 0 0 1 1 0 1 1 1 1 0 1 1 0 0 1 1 1 1 0 1 0 0 0
 0 0 1 1 1 0 0 1 0 0 1 1 0 0 0 1 1 0 1 1 1 0 0 1 1 1 1 1 0 1 1 0 1 1 0 0 1
 1 1 0 1 0 1 0 0 0 1 1 0 1 0 0 1 1 0 0 1 1 0 0 1 0 1]
 Training accuracy at 16000 out of 20000 is 1.000(0.570),cost is 0.025(4.578)
[0 0 1 0 0 1 1 0 0 1 1 1 1 1 0 0 1 1 0 1 1 1 1 0 1 1 0 0 1 1 1 1 0 1 0 1 0
 0 0 1 1 0 1 0 1 1 0 1 0 0 0 0 1 1 1 1 0 1 0 0 0 1 1 1 1 0 1 1 0 1 1 0 0 1
 1 1 0 1 0 1 1 0 0 1 1 0 1 1 0 0 1 1 0 1 1 0 0 1 0 1]
 Training accuracy at 16100 out of 20000 is 1.000(0.560),cost is 0.025(4.454)
[0 0 0 0 0 1 1 0 0 1 1 1 1 1 0 0 1 1 0 1 1 1 1 0 1 1 0 0 1 1 1 1 0 1 0 0 0
 0 0 1 1 0 1 0 1 0 0 1 0 0 0 0 0 1 0 1 0 1 0 0 0 1 1 1 1 0 1 1 0 1 1 0 0 1
 1 0 0 1 0 1 1 0 0 1 1 0 1 0 0 1 1 1 0 1 1 0 0 1 0 1]
 Training accuracy at 16200 out of 20000 is 1.000(0.540),cost is 0.025(4.360)
[0 0 0 1 0 1 1 0 0 1 1 1 1 1 0 0 1 1 0 1 1 1 1 0 1 1 0 0 1 1 1 1 0 1 0 1 0
 0 1 1 1 1 0 0 1 1 0 1 1 0 0 0 1 1 0 1 0 1 1 0 0 1 1 1 1 0 1 1 0 1 1 0 0 1
 1 0 0 1 0 1 1 0 0 1 1 0 1 0 0 1 1 0 0 1 1 0 0 1 0 1]
 Training accuracy at 16300 out of 20000 is 1.000(0.560),cost is 0.026(4.493)
[0 0 1 0 0 1 1 0 0 1 1 1 1 1 0 0 1 1 0 1 1 1 1 0 1 1 0 0 1 1 1 1 0 1 0 0 0
 0 0 1 1 1 1 0 1 1 0 1 1 0 0 0 1 1 1 1 0 1 0 0 0 1 1 1 1 0 1 1 0 1 0 0 0 1
 1 0 0 1 0 1 1 0 0 1 1 0 1 0 0 1 1 1 0 1 1 0 0 1 0 1]
 Training accuracy at 16400 out of 20000 is 1.000(0.550),cost is 0.025(4.329)
[0 0 0 0 0 1 1 0 0 1 1 1 1 1 0 0 1 1 0 1 1 1 1 0 1 1 0 0 1 1 1 1 0 1 0 1 0
 0 1 1 1 1 1 0 1 1 0 1 1 0 0 0 0 1 1 1 0 1 0 0 0 1 1 1 1 0 1 1 0 1 0 0 0 1
 1 0 0 1 0 1 0 0 0 1 1 0 1 1 0 1 1 1 0 1 1 0 0 1 0 1]
 Training accuracy at 16500 out of 20000 is 1.000(0.570),cost is 0.026(4.215)
[0 0 1 1 0 1 1 0 0 1 1 1 1 1 0 0 1 1 0 1 1 1 1 0 1 1 0 0 1 1 1 1 0 1 0 1 0
 0 0 1 1 0 1 0 1 0 0 1 0 0 0 0 1 1 1 1 0 1 0 0 0 1 1 1 1 0 1 1 0 1 0 0 0 1
 1 1 0 1 0 1 0 0 0 1 1 0 1 1 0 1 1 1 0 1 1 0 0 1 0 1]
 Training accuracy at 16600 out of 20000 is 1.000(0.590),cost is 0.025(4.345)
[0 0 1 0 0 1 1 0 0 1 1 1 1 1 0 0 1 1 0 1 1 1 1 0 1 1 0 0 1 1 1 1 0 1 0 1 0
 0 0 1 1 0 0 0 1 1 0 1 1 0 0 0 0 1 1 1 0 1 0 0 0 1 1 1 1 0 1 1 0 1 0 0 0 1
 1 1 0 1 0 1 0 0 0 1 1 0 1 0 0 1 0 1 0 1 1 0 0 1 0 1]
 Training accuracy at 16700 out of 20000 is 1.000(0.600),cost is 0.027(4.072)
[0 0 0 1 0 1 1 0 0 1 1 1 1 1 0 0 1 1 0 1 1 1 0 0 1 1 0 0 1 1 1 1 0 1 0 1 0
 0 0 1 1 0 0 0 1 1 0 1 1 0 0 0 1 1 1 1 0 1 0 0 0 1 1 1 1 0 1 1 0 1 0 0 0 1
 1 1 0 1 0 1 0 0 0 1 1 0 1 0 0 0 1 1 0 1 1 0 0 1 0 1]
 Training accuracy at 16800 out of 20000 is 1.000(0.560),cost is 0.025(4.132)
[0 0 0 0 0 1 1 0 0 1 1 1 1 1 0 0 1 1 0 1 1 1 0 0 1 1 0 0 1 1 1 1 0 1 0 0 0
 0 0 1 1 1 0 0 1 1 0 1 1 0 0 0 1 1 0 1 1 1 0 0 0 1 1 1 1 0 1 1 0 1 0 0 0 1
 1 1 0 1 0 1 0 0 0 1 1 0 1 1 0 0 1 1 0 1 1 0 0 1 0 1]
 Training accuracy at 16900 out of 20000 is 1.000(0.580),cost is 0.025(4.123)
[0 0 0 0 0 1 1 0 0 1 1 1 0 1 0 0 1 1 0 1 1 1 1 0 1 1 0 0 1 1 1 1 0 1 1 1 0
 0 0 1 1 1 1 0 1 1 0 1 1 0 0 1 1 1 0 1 0 1 1 0 0 1 1 1 1 0 1 1 0 1 0 0 0 1
 1 1 0 1 0 1 1 0 0 1 1 0 1 1 0 1 1 1 0 1 1 0 0 1 0 1]
 Training accuracy at 17000 out of 20000 is 1.000(0.600),cost is 0.027(4.541)
[0 0 0 1 0 1 1 0 0 1 1 1 0 1 0 0 1 1 0 1 1 1 1 0 1 1 0 0 1 1 1 1 0 1 0 1 0
 0 1 1 1 1 1 0 1 1 0 1 1 0 0 0 1 1 1 1 1 1 1 0 0 1 1 1 1 1 1 1 0 1 0 0 0 1
 1 1 0 1 0 1 1 0 0 1 1 0 1 0 0 0 1 0 0 1 0 0 0 1 0 1]
 Training accuracy at 17100 out of 20000 is 1.000(0.550),cost is 0.027(4.118)
[0 0 1 1 0 1 1 0 0 1 1 0 1 1 0 0 1 1 0 1 1 1 1 0 1 1 0 0 1 1 1 1 0 1 0 0 0
 0 1 1 1 1 1 0 1 1 0 1 1 0 0 0 1 1 1 1 0 1 1 0 0 1 1 1 1 0 1 1 0 1 0 0 0 1
 1 1 0 1 0 1 1 0 0 1 1 0 1 0 0 1 1 0 0 1 1 0 0 1 0 1]
 Training accuracy at 17200 out of 20000 is 1.000(0.570),cost is 0.025(4.160)
[0 0 0 1 0 1 1 0 0 1 1 1 0 1 0 0 1 1 0 1 1 1 0 0 1 1 0 0 1 1 1 1 0 1 1 0 0
 0 0 1 1 1 1 0 1 1 0 1 1 0 0 0 1 1 0 1 0 1 1 0 0 1 1 1 1 0 1 1 0 1 0 0 0 1
 1 1 0 1 0 1 1 0 0 1 1 0 1 0 0 1 1 0 0 1 1 0 0 1 0 1]
 Training accuracy at 17300 out of 20000 is 1.000(0.580),cost is 0.025(4.623)
[0 0 0 0 0 1 1 0 0 1 1 1 0 1 0 0 1 1 0 1 1 1 1 0 1 1 0 0 1 1 1 1 0 1 0 1 0
 0 1 1 1 1 1 0 1 1 0 1 1 0 0 0 1 1 1 1 0 1 1 0 0 1 1 1 1 0 1 1 0 1 0 0 0 1
 1 1 0 1 0 1 1 0 0 1 1 0 1 0 0 1 1 0 0 1 1 0 0 1 0 1]
 Training accuracy at 17400 out of 20000 is 1.000(0.560),cost is 0.029(4.430)
[0 0 0 0 0 1 1 0 0 1 1 1 0 1 0 0 1 1 0 1 1 1 1 0 1 1 0 0 1 1 1 1 0 1 0 0 0
 0 0 1 1 0 1 0 1 1 0 1 1 0 0 0 1 1 0 1 0 1 0 0 0 1 1 1 1 0 1 1 0 1 1 0 0 1
 0 1 0 1 0 1 1 0 0 1 1 0 1 1 0 1 1 0 0 1 0 0 0 1 0 1]
 Training accuracy at 17500 out of 20000 is 1.000(0.530),cost is 0.027(4.022)
[0 0 0 0 0 1 1 0 0 1 1 1 1 1 0 0 1 1 0 1 1 1 1 0 1 1 0 0 1 1 1 1 0 1 0 0 0
 0 0 1 1 1 0 0 1 1 0 1 1 0 0 0 1 1 0 1 1 1 0 0 0 1 1 1 1 0 1 1 0 1 1 0 0 1
 1 1 0 1 0 1 1 0 0 1 1 0 1 1 0 1 1 0 0 1 1 0 0 1 0 1]
 Training accuracy at 17600 out of 20000 is 1.000(0.570),cost is 0.025(4.106)
[0 0 0 0 0 1 1 0 0 1 1 1 1 1 0 0 1 1 0 1 1 1 0 0 1 1 0 0 1 1 1 1 0 1 0 0 0
 0 0 1 1 1 0 0 1 1 0 1 0 0 0 0 1 1 0 1 1 1 0 0 0 1 1 1 1 0 1 1 0 1 1 0 0 1
 1 1 0 1 0 1 1 0 0 1 1 0 1 1 0 1 1 0 0 1 1 0 0 1 0 1]
 Training accuracy at 17700 out of 20000 is 1.000(0.570),cost is 0.025(4.677)
[0 0 0 0 0 1 1 0 0 1 1 1 1 1 0 0 1 1 0 1 1 1 1 0 1 1 0 0 1 1 1 1 0 1 1 0 0
 0 0 1 1 1 0 0 1 1 0 1 1 0 0 0 1 1 0 1 0 1 1 0 0 1 1 1 1 0 1 1 0 1 0 0 0 1
 1 1 0 1 0 1 1 0 0 1 1 0 1 0 0 1 1 0 0 1 1 0 0 1 0 1]
 Training accuracy at 17800 out of 20000 is 1.000(0.580),cost is 0.027(4.708)
[0 0 0 0 0 1 1 0 0 1 1 1 0 1 0 0 1 1 0 1 1 1 1 0 1 1 0 0 1 1 1 1 0 1 1 1 0
 0 0 1 1 0 1 0 1 1 0 1 0 0 0 0 1 1 0 1 1 1 0 0 0 1 1 1 1 0 1 1 0 1 0 0 0 1
 1 1 0 1 0 1 1 0 0 1 1 0 1 0 0 1 1 0 0 1 1 0 0 1 0 1]
 Training accuracy at 17900 out of 20000 is 1.000(0.590),cost is 0.025(4.077)
[0 0 1 0 0 1 1 0 0 1 1 1 1 1 0 0 1 1 0 1 1 1 0 0 1 1 0 0 1 1 1 1 0 1 0 0 0
 0 0 1 1 1 0 0 1 1 0 1 0 0 0 0 1 1 0 1 0 1 0 1 0 1 1 1 1 0 1 1 0 1 0 0 0 1
 1 1 0 1 0 1 1 0 0 1 1 0 1 1 0 1 1 0 0 1 1 0 0 1 0 1]
 Training accuracy at 18000 out of 20000 is 1.000(0.590),cost is 0.028(4.397)
[0 0 1 0 0 1 1 0 0 1 1 1 1 1 0 0 1 0 0 1 1 1 1 0 1 1 0 0 1 1 1 1 0 1 0 0 0
 0 0 1 1 1 0 0 1 1 0 1 0 0 0 0 1 1 0 1 0 0 0 0 0 1 1 1 1 0 1 1 0 1 0 0 0 1
 1 1 0 1 0 1 1 0 0 1 1 0 1 0 0 1 1 0 0 1 1 0 0 1 0 1]
 Training accuracy at 18100 out of 20000 is 1.000(0.560),cost is 0.025(4.642)
[0 0 0 0 0 1 1 0 0 1 1 1 1 1 0 0 1 1 0 1 1 1 1 0 1 1 0 0 1 1 1 1 0 1 0 0 0
 0 1 1 1 1 1 0 1 1 0 1 0 0 0 0 1 1 0 1 0 0 1 0 0 1 1 1 1 0 1 1 0 1 1 0 0 1
 1 1 0 1 0 1 1 0 0 1 1 0 1 0 0 1 1 0 0 1 1 0 0 1 0 1]
 Training accuracy at 18200 out of 20000 is 1.000(0.540),cost is 0.025(4.559)
[0 0 0 1 0 1 1 0 0 1 1 1 1 1 0 0 1 1 0 1 1 1 1 0 1 1 0 0 1 1 1 1 0 1 0 1 0
 0 1 1 1 1 1 0 1 1 0 1 1 0 0 0 1 1 0 1 0 0 0 0 0 1 1 1 1 0 1 1 0 1 0 0 0 1
 1 1 0 1 0 1 1 0 0 1 1 0 1 1 0 1 1 0 0 1 1 0 0 1 0 1]
 Training accuracy at 18300 out of 20000 is 1.000(0.560),cost is 0.026(4.141)
[0 0 0 0 0 1 1 0 0 1 1 1 1 1 0 0 1 1 0 1 1 1 0 0 1 1 0 0 1 1 1 1 0 1 0 0 0
 0 0 1 1 1 0 0 1 0 0 1 1 0 0 0 1 1 0 1 0 0 0 0 0 1 1 1 1 0 1 1 0 1 0 0 0 1
 1 1 0 1 0 1 0 0 0 1 1 0 1 0 0 0 1 0 0 1 1 0 0 1 0 1]
 Training accuracy at 18400 out of 20000 is 1.000(0.530),cost is 0.025(4.236)
[0 0 0 0 0 1 1 0 0 1 1 1 1 1 0 0 1 1 0 1 1 1 1 0 1 1 0 0 1 1 1 1 0 1 0 1 0
 0 0 1 1 1 0 0 1 1 0 1 0 0 0 0 1 1 1 1 1 0 1 0 0 1 0 1 1 0 1 1 0 1 0 0 0 1
 1 1 0 1 0 1 0 0 0 1 1 0 1 0 0 1 1 0 0 1 1 0 0 1 0 1]
 Training accuracy at 18500 out of 20000 is 1.000(0.600),cost is 0.025(4.174)
[0 0 0 0 0 1 1 0 0 1 1 1 1 1 0 0 1 1 0 1 1 1 0 0 1 1 0 0 1 1 1 1 0 1 0 1 0
 0 0 1 1 1 0 0 1 1 0 1 1 0 0 0 1 1 1 1 0 1 0 0 0 1 1 1 1 0 1 1 0 1 0 0 0 1
 1 1 0 1 0 1 1 0 0 1 1 0 1 0 0 1 1 0 0 1 1 0 0 1 0 1]
 Training accuracy at 18600 out of 20000 is 1.000(0.550),cost is 0.025(4.283)
[0 0 1 0 0 1 1 0 0 1 1 1 1 1 0 0 1 1 0 1 1 1 1 0 1 1 0 0 1 1 1 1 0 1 1 1 0
 0 1 1 1 1 1 0 1 1 0 1 1 0 0 0 1 1 1 1 1 1 0 0 0 1 1 1 1 0 1 1 0 1 0 0 0 1
 1 1 0 1 0 1 0 0 1 1 1 0 1 0 0 1 1 0 0 1 1 0 0 1 0 1]
 Training accuracy at 18700 out of 20000 is 1.000(0.570),cost is 0.025(4.503)
[0 0 0 0 0 1 1 0 0 1 1 1 1 1 0 0 1 1 0 1 1 1 1 0 1 1 0 0 1 1 1 1 0 1 0 0 0
 0 0 1 1 1 0 0 1 1 0 1 0 0 0 0 1 1 0 1 1 1 0 0 0 1 1 1 1 0 1 1 0 1 0 0 0 1
 1 1 0 1 0 1 1 0 0 1 1 0 1 1 0 1 1 0 0 1 0 0 0 1 0 1]
 Training accuracy at 18800 out of 20000 is 1.000(0.580),cost is 0.025(4.109)
[0 0 0 1 0 1 1 0 1 1 1 1 1 1 0 0 1 1 0 1 1 1 1 0 1 1 0 0 1 1 1 1 0 1 0 0 0
 0 0 1 1 0 0 0 1 1 0 1 0 0 0 0 1 1 1 1 1 1 1 1 0 1 1 1 1 0 1 1 0 1 1 0 0 1
 1 1 0 1 0 1 1 0 0 1 1 0 1 0 0 1 1 0 0 1 1 0 0 1 0 1]
 Training accuracy at 18900 out of 20000 is 1.000(0.590),cost is 0.026(4.139)
[0 0 0 1 0 1 1 0 0 1 1 1 1 1 0 0 1 1 0 1 1 1 1 0 1 1 0 0 1 1 1 1 0 1 0 0 0
 0 0 1 1 1 0 0 1 1 0 1 0 0 0 0 1 1 1 0 0 1 1 1 0 1 1 1 1 0 1 1 0 1 1 0 0 1
 1 1 0 1 0 1 1 0 0 1 1 0 1 0 0 1 1 0 0 1 1 0 0 1 0 1]
 Training accuracy at 19000 out of 20000 is 1.000(0.590),cost is 0.025(4.054)
[0 0 0 0 0 1 1 0 0 1 1 1 1 1 0 0 1 1 0 1 1 1 0 0 1 1 0 0 1 1 1 1 0 1 0 0 0
 0 0 1 1 1 0 0 1 0 0 1 0 0 0 0 1 1 1 1 1 1 0 0 0 1 1 1 1 0 1 1 0 1 1 0 0 1
 1 1 0 1 0 1 0 0 1 1 1 0 1 0 0 1 1 0 0 1 1 0 0 1 0 1]
 Training accuracy at 19100 out of 20000 is 1.000(0.540),cost is 0.026(4.076)
[0 0 0 1 0 1 1 0 0 1 1 1 1 1 0 0 1 1 0 1 1 1 0 0 1 1 0 0 1 1 1 1 0 1 1 0 0
 0 0 1 1 1 0 0 1 1 0 1 1 0 0 0 1 1 1 0 1 1 0 0 0 1 1 1 1 0 1 1 0 1 1 0 0 1
 1 1 0 1 0 1 1 0 0 1 1 0 1 0 0 1 1 0 0 1 1 0 0 1 0 1]
 Training accuracy at 19200 out of 20000 is 1.000(0.570),cost is 0.026(4.152)
[0 0 0 0 0 1 1 0 0 1 1 1 1 1 0 0 1 1 0 1 1 1 1 0 1 1 0 0 1 1 1 1 0 1 1 1 0
 0 0 1 1 1 0 0 1 1 0 1 1 0 0 0 1 1 0 1 1 1 0 0 0 1 1 1 1 0 1 1 0 1 1 0 0 1
 1 1 0 1 0 1 1 0 0 1 1 0 1 0 0 1 1 0 0 1 1 0 0 1 0 1]
 Training accuracy at 19300 out of 20000 is 1.000(0.580),cost is 0.026(4.409)
[0 0 0 0 0 1 1 0 0 1 1 1 1 1 0 0 1 1 0 1 1 1 1 0 1 1 0 0 1 1 1 1 0 1 1 1 0
 0 0 1 1 1 0 0 1 1 0 1 1 0 0 0 1 1 1 1 1 1 0 0 0 1 1 1 1 0 1 1 0 1 1 0 0 1
 1 1 0 1 0 1 0 0 0 1 1 0 1 0 0 1 1 0 0 1 0 0 0 1 0 1]
 Training accuracy at 19400 out of 20000 is 1.000(0.570),cost is 0.025(4.006)
[0 0 1 1 0 1 1 0 0 1 1 1 1 1 0 0 1 1 0 1 1 1 1 0 1 1 0 0 1 1 1 1 0 1 0 1 0
 0 0 1 1 1 0 0 1 0 0 1 1 0 0 0 1 1 0 1 1 1 0 0 0 1 1 1 1 0 1 1 0 1 1 0 0 1
 1 1 0 1 0 1 0 0 0 1 1 0 1 0 0 1 1 1 0 1 0 0 0 1 0 1]
 Training accuracy at 19500 out of 20000 is 1.000(0.590),cost is 0.025(4.123)
[0 0 0 0 0 1 1 0 0 1 1 1 1 1 0 0 1 1 0 1 1 1 1 0 1 1 0 0 1 1 1 1 0 1 1 1 0
 0 1 1 1 1 0 0 1 0 0 1 1 0 0 0 1 1 0 0 1 1 0 0 0 1 1 1 1 0 1 1 0 1 1 0 0 1
 1 1 0 1 0 1 1 0 0 1 1 0 1 1 0 1 1 1 0 1 1 0 0 1 0 1]
 Training accuracy at 19600 out of 20000 is 1.000(0.590),cost is 0.026(3.978)
[0 0 0 0 0 1 1 0 0 1 1 1 1 1 0 0 1 1 0 1 1 1 1 0 1 1 0 0 1 1 1 1 0 1 0 1 0
 0 1 1 1 1 0 0 1 0 0 1 1 0 0 0 1 1 1 1 1 1 0 0 0 1 1 1 1 0 1 1 0 1 1 0 0 1
 1 1 0 1 0 1 0 0 1 1 1 0 1 0 0 1 1 1 0 1 1 0 0 1 0 1]
 Training accuracy at 19700 out of 20000 is 1.000(0.550),cost is 0.025(4.469)
[0 0 0 0 0 1 1 0 0 1 1 1 1 1 0 0 1 1 0 1 1 1 1 0 1 1 0 0 1 1 1 1 0 1 0 0 0
 0 0 1 1 1 0 0 1 1 0 1 1 0 0 0 1 1 0 1 1 1 0 0 0 1 1 1 1 0 1 1 0 1 1 0 0 1
 1 1 0 1 0 1 0 0 0 1 1 0 1 1 0 1 1 1 0 1 1 0 0 1 0 1]
 Training accuracy at 19800 out of 20000 is 1.000(0.590),cost is 0.028(4.229)
[0 0 0 1 0 1 1 0 0 1 1 1 1 1 0 0 1 1 0 1 1 1 1 0 1 1 0 0 1 1 1 1 0 1 1 0 0
 0 0 1 1 1 0 0 1 1 0 1 1 0 0 0 1 1 0 1 1 1 1 0 0 1 1 1 1 0 1 1 0 1 1 0 0 1
 1 1 0 1 0 1 1 0 0 1 1 0 1 0 0 1 1 1 0 1 1 0 0 1 0 1]
 Training accuracy at 19900 out of 20000 is 1.000(0.600),cost is 0.026(4.292)
pred real
1    1
1    2
1    2
1    2
1    1
2    2
2    2
1    1
1    2
2    2
2    1
2    1
2    1
2    2
1    2
1    1
2    1
1    2
1    1
2    1
2    2
2    2
2    2
1    2
2    1
2    1
1    1
1    1
2    2
2    1
2    1
2    1
1    1
2    1
2    2
1    2
1    1
1    1
1    1
2    1
2    1
2    2
2    1
1    1
2    2
2    2
1    1
2    2
2    1
1    1
1    2
1    1
2    1
2    1
2    1
2    1
1    2
2    2
1    2
1    2
1    1
2    1
2    1
2    1
2    1
1    1
2    2
2    2
1    2
2    2
1    1
1    1
1    1
2    2
2    2
2    2
1    1
2    2
1    1
2    1
1    1
1    2
1    1
2    2
2    2
1    2
2    2
1    2
1    1
2    2
2    1
1    2
1    2
2    2
2    2
1    2
1    2
2    2
1    1
2    2
time:0 The accuracy on the test data is 0.550, before training was 0.570
0.55
