Train 1155 samples in approximately 2597 epochs
Finished computation graph
[1 0 0 1 0 0 0 0 0 0 0 1 0 1 0 0 1 1 0 0 1 1 1 0 1 1 1 0 0 0 0 1 0 1 0 0 0
 1 0 0 1 0 1 1 0 1 1 1 1 0 1 1 1 0 1 1 0 1 0 1 0 0 0 0 0 0 0 1 1 1 1 0 1 0
 1 1 0 1 0 1 0 0 1 1 0 1 1 1 1 0 0 0 1 0 1 1 0 0 1 0]
At     1/30000: COST 0.839/0.685(0.697) -- Acc 0.490/0.570(0.010)
[0 0 0 0 0 0 0 0 0 0 0 0 0 0 0 0 0 0 0 0 0 0 0 0 0 0 0 0 0 0 0 0 0 0 0 0 0
 0 0 0 0 0 0 0 0 0 0 0 0 0 0 0 0 0 0 0 0 0 0 0 0 0 0 0 0 0 0 0 0 0 0 0 0 0
 0 0 0 0 0 0 0 0 0 0 0 0 0 0 0 0 0 0 0 0 0 0 0 0 0 0]
At   101/30000: COST 0.706/0.692(0.700) -- Acc 0.440/0.510(0.321)
[1 1 1 1 1 1 1 1 1 1 1 1 1 1 1 1 1 1 1 1 1 1 1 1 1 1 1 1 1 1 1 1 1 1 1 1 1
 1 1 1 1 1 1 1 1 1 1 1 1 1 1 1 1 1 1 1 1 1 1 1 1 1 1 1 1 1 1 1 1 0 1 1 1 1
 1 1 0 1 1 1 1 1 1 1 1 1 1 1 1 1 1 1 1 1 1 1 1 1 1 1]
At   201/30000: COST 0.697/0.692(0.701) -- Acc 0.530/0.510(0.429)
[1 1 1 1 1 1 1 1 1 1 1 1 1 1 1 1 1 1 1 1 1 1 1 1 1 1 1 1 1 1 1 1 1 1 1 1 1
 1 1 1 1 1 1 1 1 1 1 1 1 1 1 1 1 1 1 1 1 1 1 1 1 1 1 1 1 1 1 1 1 1 1 1 1 1
 1 1 1 1 1 1 1 1 1 1 1 1 1 1 1 1 1 1 1 1 1 1 1 1 1 1]
At   301/30000: COST 0.705/0.697(0.700) -- Acc 0.470/0.490(0.470)
[1 1 1 1 1 1 0 1 1 1 1 1 1 1 1 1 1 1 1 1 1 1 1 1 1 1 1 1 1 1 1 1 1 1 1 1 1
 1 1 1 1 1 1 1 1 1 1 1 1 1 1 1 1 1 1 1 1 1 1 1 1 1 1 1 1 1 1 1 1 1 1 1 1 1
 1 1 1 1 1 1 1 1 1 1 1 1 1 1 1 1 1 1 1 1 1 1 1 1 1 1]
At   401/30000: COST 0.700/0.695(0.697) -- Acc 0.520/0.500(0.498)
[0 0 0 0 0 0 0 0 0 0 0 0 0 0 0 0 0 0 0 0 0 0 0 0 0 0 0 0 0 0 0 0 0 0 0 0 0
 0 0 0 0 0 0 0 0 0 0 0 0 0 0 0 0 0 0 0 0 0 0 0 0 0 0 0 0 0 0 0 0 0 0 0 0 0
 0 0 0 0 0 0 0 0 0 0 0 0 0 0 0 0 0 0 0 0 0 0 0 0 0 0]
At   501/30000: COST 0.696/0.691(0.695) -- Acc 0.500/0.510(0.510)
[0 0 0 1 1 0 1 0 1 1 1 0 0 0 0 0 0 0 1 0 0 0 0 1 0 0 0 1 0 1 0 0 0 1 0 1 0
 0 0 1 1 1 1 0 0 1 0 0 0 1 1 0 0 0 1 0 0 0 1 1 0 0 1 0 0 0 1 0 0 0 1 0 0 1
 1 1 0 1 1 1 1 0 1 0 0 1 1 1 0 0 1 1 1 1 1 1 0 1 1 0]
At   601/30000: COST 0.689/0.689(0.694) -- Acc 0.550/0.550(0.518)
[0 1 0 1 1 1 0 1 0 0 0 0 0 0 0 1 0 0 0 0 0 0 0 1 0 1 0 0 0 1 1 0 1 0 0 0 0
 0 0 0 0 0 1 0 0 0 0 1 0 0 1 0 0 0 0 0 1 1 1 1 1 1 1 0 0 0 1 1 1 0 0 0 1 1
 0 1 0 0 1 0 1 0 1 0 0 1 0 1 0 1 0 1 0 1 0 1 0 0 0 1]
At   701/30000: COST 0.677/0.691(0.692) -- Acc 0.600/0.580(0.529)
[1 0 1 1 1 1 1 0 1 1 1 0 1 1 1 1 1 1 1 1 1 1 1 1 1 1 1 1 1 1 1 0 1 1 1 1 1
 1 0 1 0 0 1 1 1 1 0 1 1 1 0 1 1 1 1 1 1 1 1 1 0 1 0 1 1 1 1 1 1 1 1 1 1 1
 1 1 1 1 1 1 1 0 1 1 1 1 1 1 1 1 0 1 1 1 1 0 1 1 0 1]
At   801/30000: COST 0.682/0.696(0.691) -- Acc 0.560/0.520(0.529)
[1 1 1 1 1 1 1 1 1 1 1 1 1 1 1 1 1 1 1 1 1 1 1 1 1 1 1 1 1 1 1 1 1 1 1 1 1
 1 1 1 1 1 1 1 1 1 1 1 1 1 1 1 1 1 1 1 1 1 1 1 1 1 1 1 1 1 1 1 1 1 1 1 1 1
 1 1 1 1 1 1 1 1 1 1 1 1 1 1 1 1 1 1 1 1 1 1 1 1 1 1]
At   901/30000: COST 0.701/0.697(0.695) -- Acc 0.500/0.490(0.511)
[1 0 0 0 0 1 1 1 1 0 0 0 1 1 1 1 0 1 0 1 0 0 0 0 0 1 1 1 1 0 1 1 1 1 0 1 0
 0 1 0 1 1 1 0 1 1 1 1 1 1 1 1 1 0 0 0 1 1 1 0 1 1 0 0 0 0 1 1 1 0 1 0 1 0
 0 1 1 1 1 0 1 0 1 1 1 1 0 0 0 0 1 0 1 1 0 0 0 0 0 0]
At  1001/30000: COST 0.696/0.694(0.695) -- Acc 0.490/0.480(0.505)
[1 0 0 1 1 0 0 0 1 0 1 0 1 1 0 1 0 1 1 1 1 0 1 0 0 1 1 0 0 0 1 0 0 1 0 1 0
 0 1 1 1 0 0 1 0 0 0 0 1 1 1 0 0 1 0 0 0 0 0 0 0 0 1 1 0 1 0 1 1 1 0 0 1 0
 0 0 1 1 0 0 1 0 0 0 0 0 1 1 1 0 1 0 0 1 0 1 1 1 0 0]
At  1101/30000: COST 0.690/0.697(0.694) -- Acc 0.500/0.470(0.504)
[0 0 0 0 0 0 0 0 0 0 0 0 0 0 0 0 0 0 0 0 0 0 0 0 0 0 0 0 0 0 0 0 0 0 0 0 0
 0 0 0 0 0 0 0 0 0 0 0 0 0 0 0 0 0 0 0 0 0 0 0 0 0 0 0 0 0 0 0 0 0 0 0 0 0
 0 0 0 0 0 0 0 0 0 0 0 0 0 0 0 0 0 0 0 0 0 0 0 0 0 0]
At  1201/30000: COST 0.691/0.696(0.694) -- Acc 0.560/0.510(0.506)
[1 0 0 1 1 1 1 0 0 0 0 1 0 0 0 1 0 1 1 1 0 0 1 0 0 0 1 0 0 0 1 1 0 1 0 0 1
 0 0 1 1 0 1 1 1 0 1 1 0 1 1 1 1 0 1 0 1 1 0 0 1 1 0 1 1 1 1 0 1 1 0 1 1 0
 1 0 1 1 1 1 0 0 1 1 0 1 1 0 0 1 1 1 1 1 1 0 1 1 1 1]
At  1301/30000: COST 0.700/0.693(0.694) -- Acc 0.410/0.460(0.504)
[1 1 1 1 1 1 1 1 1 1 1 1 1 1 1 1 1 1 1 1 1 1 1 1 1 1 1 1 1 1 1 1 1 1 1 1 1
 1 1 1 1 1 1 1 1 1 1 1 1 1 1 1 1 1 1 1 1 1 1 1 1 1 1 1 1 1 1 1 1 1 1 1 1 1
 1 1 1 1 1 1 1 1 1 1 1 1 1 1 1 1 1 1 1 1 1 1 1 1 1 1]
At  1401/30000: COST 0.695/0.695(0.694) -- Acc 0.490/0.490(0.498)
[1 1 1 1 1 1 1 1 1 1 1 1 1 0 1 1 1 0 1 1 1 1 1 1 1 1 1 1 1 1 1 1 1 1 1 0 1
 1 1 1 1 0 0 1 1 1 1 1 0 1 0 1 1 0 1 1 1 1 1 1 1 1 1 1 1 1 1 1 1 1 1 1 1 1
 1 0 1 0 1 1 1 0 1 1 1 1 1 0 1 1 1 1 1 0 1 1 1 1 1 1]
At  1501/30000: COST 0.689/0.699(0.693) -- Acc 0.520/0.460(0.506)
[0 0 0 0 0 0 0 0 0 0 0 0 0 0 0 0 0 0 0 0 0 0 0 0 0 0 0 0 0 0 0 0 0 0 0 0 0
 0 0 0 0 0 0 0 0 0 0 0 0 0 0 0 0 0 0 0 0 0 0 0 0 0 0 0 0 0 0 0 0 0 0 0 0 0
 0 0 0 0 0 0 0 0 0 0 0 0 0 0 0 0 0 0 0 0 0 0 0 0 0 0]
At  1601/30000: COST 0.690/0.693(0.693) -- Acc 0.550/0.510(0.507)
[1 1 1 1 1 1 1 1 1 1 1 1 1 1 1 1 1 1 1 1 1 1 1 1 1 1 1 1 1 1 1 1 1 1 1 1 1
 1 1 1 1 1 1 1 1 1 1 1 1 1 1 1 1 1 1 1 1 1 1 1 1 1 1 1 1 1 1 1 1 1 1 1 1 1
 1 1 1 1 1 1 1 1 1 1 1 1 1 1 1 1 1 1 1 1 1 1 1 1 1 1]
At  1701/30000: COST 0.687/0.695(0.693) -- Acc 0.570/0.490(0.512)
[1 1 1 1 1 1 1 1 1 0 1 1 1 0 1 1 1 1 1 0 1 1 1 1 1 1 0 1 1 1 1 1 1 1 1 1 1
 1 1 1 1 1 1 1 1 1 1 1 0 1 1 1 0 0 1 0 0 0 1 1 1 1 1 1 1 1 1 1 1 1 1 1 1 1
 1 1 0 1 1 0 1 1 1 1 0 1 0 1 1 1 1 1 0 1 1 1 1 1 1 0]
At  1801/30000: COST 0.692/0.698(0.693) -- Acc 0.550/0.450(0.511)
[0 0 0 0 0 0 0 0 0 0 0 0 0 0 0 0 0 0 0 0 0 0 0 0 0 0 0 0 0 0 0 0 0 0 0 0 0
 0 0 0 0 0 0 0 0 0 0 0 0 0 0 0 0 0 0 0 0 0 0 0 0 0 0 0 0 0 0 0 0 0 0 0 0 0
 0 0 0 0 0 0 0 0 0 0 0 0 0 0 0 0 0 0 0 0 0 0 0 0 0 0]
At  1901/30000: COST 0.692/0.694(0.693) -- Acc 0.550/0.510(0.506)
[1 1 1 0 0 0 0 1 1 1 0 0 0 0 0 1 1 1 1 0 0 1 0 1 1 1 1 1 1 1 1 1 1 0 0 0 0
 1 1 0 1 0 1 0 1 1 0 1 0 1 1 0 0 1 1 0 1 1 1 1 1 0 1 1 0 0 1 1 0 1 0 0 1 0
 1 1 1 1 0 1 1 0 1 1 0 1 1 1 1 0 0 0 1 0 1 0 1 0 0 0]
At  2001/30000: COST 0.696/0.705(0.692) -- Acc 0.490/0.430(0.520)
[1 1 0 1 1 1 0 1 1 1 1 1 1 0 1 1 1 1 1 0 1 1 1 1 1 1 1 1 1 1 1 1 1 1 1 0 1
 1 0 1 1 1 0 0 1 1 0 1 1 1 0 0 0 1 0 1 1 0 1 1 0 0 1 0 1 1 1 1 0 1 1 1 1 0
 0 1 1 1 1 1 1 0 1 1 1 1 1 1 1 1 1 1 1 0 0 1 0 0 1 1]
At  2101/30000: COST 0.695/0.717(0.691) -- Acc 0.500/0.460(0.532)
[0 0 0 0 0 0 1 0 0 0 0 1 0 0 0 0 0 0 1 0 0 1 0 0 0 0 0 0 0 0 1 0 0 1 0 1 0
 0 0 0 0 0 0 0 0 0 0 1 1 0 0 1 1 0 0 1 0 0 0 0 0 1 0 0 0 1 0 0 0 0 0 1 0 0
 0 1 0 0 0 0 0 0 0 0 0 0 0 0 0 0 0 1 1 1 0 0 0 0 1 0]
At  2201/30000: COST 0.672/0.712(0.688) -- Acc 0.590/0.430(0.550)
[0 0 0 1 1 1 0 0 1 0 0 0 0 0 1 1 0 0 0 0 0 0 1 1 0 0 1 1 0 0 0 0 0 0 0 0 0
 1 0 0 1 0 0 1 0 1 0 0 0 0 1 0 0 1 0 0 0 1 0 0 0 1 0 1 1 0 1 0 1 0 1 0 1 0
 1 0 0 0 1 0 1 1 0 1 1 0 1 0 0 0 1 0 1 0 0 0 1 1 0 0]
At  2301/30000: COST 0.691/0.710(0.688) -- Acc 0.550/0.480(0.546)
[1 0 0 1 1 0 1 1 1 1 0 0 0 0 1 1 1 0 0 0 1 0 0 0 1 0 0 1 1 1 0 1 1 1 1 0 1
 1 1 0 1 1 1 1 1 0 0 0 1 1 0 1 1 1 1 0 1 1 1 1 1 1 1 1 1 1 0 1 0 0 1 0 1 0
 0 1 1 0 0 0 1 1 0 1 0 1 0 1 1 0 1 1 0 1 0 1 0 1 0 0]
At  2401/30000: COST 0.678/0.697(0.690) -- Acc 0.610/0.480(0.536)
[1 1 1 1 0 1 1 1 1 1 1 0 0 1 1 1 1 0 1 1 1 0 0 0 1 1 1 1 1 1 0 1 0 0 1 1 1
 0 0 1 1 1 1 1 1 0 1 0 1 0 1 0 1 1 0 1 0 1 1 1 1 1 1 1 0 1 1 1 1 1 0 1 1 1
 0 1 1 1 1 1 1 1 1 1 1 1 1 0 1 0 1 1 1 1 1 1 0 0 1 1]
At  2501/30000: COST 0.690/0.718(0.689) -- Acc 0.610/0.440(0.540)
[1 0 1 0 0 1 0 1 1 0 1 1 1 0 0 1 0 1 1 0 0 0 0 1 0 0 1 1 0 0 0 0 1 0 1 0 1
 0 0 0 0 0 1 0 0 1 1 1 1 0 0 0 0 1 0 1 1 0 0 1 1 0 1 0 0 0 1 1 1 1 0 0 0 1
 0 1 1 1 0 1 1 1 1 0 0 0 0 0 1 1 1 1 0 0 0 1 1 1 1 0]
At  2601/30000: COST 0.665/0.721(0.686) -- Acc 0.600/0.430(0.553)
[0 0 0 1 1 0 0 1 1 0 1 1 0 0 0 1 0 0 1 1 1 1 0 0 1 0 0 0 0 0 0 1 0 0 0 1 1
 1 0 0 0 1 0 0 1 0 1 0 0 1 0 1 0 1 0 1 0 0 0 0 0 0 0 0 0 1 0 1 0 0 1 1 0 0
 0 0 0 0 0 1 0 1 1 1 0 1 1 1 1 0 1 0 1 1 1 1 1 1 1 1]
At  2701/30000: COST 0.704/0.739(0.683) -- Acc 0.530/0.410(0.568)
[1 0 0 1 0 0 1 1 0 0 1 0 0 0 0 0 0 1 0 1 1 1 0 0 0 0 0 0 1 1 1 0 1 0 0 0 0
 0 0 0 1 1 1 0 0 0 1 0 0 0 0 1 0 0 0 0 0 0 0 1 0 0 0 0 1 1 0 1 0 0 0 0 0 0
 0 0 0 1 1 0 1 0 0 1 0 0 0 0 1 0 1 1 0 1 0 0 1 1 0 1]
At  2801/30000: COST 0.686/0.705(0.684) -- Acc 0.570/0.440(0.559)
[1 1 0 1 1 1 0 0 0 1 1 1 0 0 1 1 0 1 0 1 0 1 1 1 0 1 0 1 0 1 1 0 0 1 1 1 0
 1 1 1 1 1 0 1 1 1 0 1 0 0 1 1 1 0 1 1 1 0 0 0 1 0 1 1 0 0 0 0 1 0 1 0 0 1
 1 1 0 0 0 1 1 0 0 0 0 0 0 0 0 1 1 1 1 1 1 1 0 1 1 0]
At  2901/30000: COST 0.688/0.728(0.685) -- Acc 0.540/0.410(0.561)
[0 0 1 0 0 1 1 1 0 0 1 1 0 0 0 0 1 1 1 1 0 1 0 1 0 0 1 1 1 0 0 1 0 1 1 0 0
 1 1 1 0 0 0 0 0 1 1 1 0 1 0 1 0 0 0 1 0 1 1 0 1 1 0 1 1 0 1 0 1 0 1 1 1 1
 1 0 0 0 1 1 1 1 1 1 1 0 1 1 0 1 1 1 1 0 1 1 1 1 1 1]
At  3001/30000: COST 0.684/0.735(0.684) -- Acc 0.570/0.480(0.563)
[1 1 0 1 0 1 0 0 1 1 1 1 1 1 1 1 0 1 1 1 0 0 0 1 0 0 0 1 0 1 1 0 0 0 0 1 1
 0 0 0 0 1 0 1 1 0 0 0 1 0 0 1 1 1 0 0 0 0 0 1 1 0 1 0 0 1 1 0 1 1 1 1 1 1
 1 1 1 0 1 0 0 1 0 1 0 0 0 0 1 0 0 1 1 0 1 1 1 1 1 1]
At  3101/30000: COST 0.683/0.725(0.679) -- Acc 0.560/0.430(0.576)
[0 1 0 0 0 1 1 0 1 1 1 1 1 0 1 0 0 1 1 0 1 0 0 0 1 1 0 1 1 1 1 1 1 0 1 1 0
 0 1 0 1 1 0 0 0 0 0 0 0 1 1 1 1 1 1 1 1 0 1 0 1 0 0 1 0 1 0 1 0 0 1 1 0 0
 0 1 0 1 0 1 0 1 0 0 0 0 0 1 1 1 1 0 0 0 0 0 1 1 0 0]
At  3201/30000: COST 0.676/0.739(0.676) -- Acc 0.580/0.450(0.581)
[0 0 1 0 1 0 0 1 0 0 0 0 1 0 0 1 0 0 0 1 0 0 1 1 1 0 0 0 0 0 1 0 0 0 1 1 1
 0 0 0 0 0 0 1 1 1 1 0 0 0 1 1 0 1 0 0 0 1 0 0 1 1 0 1 1 0 0 0 1 0 0 1 0 1
 0 0 0 0 0 1 0 0 0 0 0 1 0 0 1 0 0 0 0 0 1 1 0 0 1 1]
At  3301/30000: COST 0.662/0.714(0.672) -- Acc 0.570/0.520(0.588)
[0 0 1 0 1 0 0 0 0 0 1 0 0 0 0 0 1 1 1 1 1 0 1 0 0 0 0 1 0 0 0 0 1 1 1 1 1
 1 0 1 0 1 0 0 0 0 0 1 0 0 0 0 0 1 1 0 1 1 0 0 0 1 1 1 0 0 0 1 1 0 1 1 0 1
 0 1 0 1 0 1 0 0 1 1 0 1 1 0 0 1 0 1 0 1 0 1 0 0 0 1]
At  3401/30000: COST 0.690/0.725(0.669) -- Acc 0.520/0.500(0.595)
[0 0 0 0 0 0 0 0 1 0 0 0 1 0 1 0 1 0 0 0 0 0 0 1 1 0 1 0 0 1 1 1 1 1 1 0 0
 0 1 1 0 0 0 0 0 0 1 0 0 1 1 0 0 0 1 0 1 1 1 0 1 0 0 1 1 0 0 0 0 1 0 1 0 0
 0 0 0 0 0 0 0 0 0 0 0 0 1 1 1 0 0 0 0 1 0 0 0 0 0 0]
At  3501/30000: COST 0.659/0.718(0.665) -- Acc 0.650/0.520(0.605)
[0 0 1 0 1 1 1 0 0 0 1 1 1 0 0 1 1 1 0 0 0 0 0 1 0 0 1 0 0 1 1 0 0 0 1 0 1
 0 0 0 1 0 1 0 1 0 0 0 1 0 0 0 1 0 0 0 0 0 1 1 0 0 1 1 0 1 1 0 0 1 1 0 0 0
 1 1 0 0 0 1 0 0 1 0 0 0 0 0 1 0 0 1 0 0 0 0 1 0 1 1]
At  3601/30000: COST 0.654/0.736(0.665) -- Acc 0.610/0.450(0.602)
[1 0 1 0 0 0 0 0 0 0 0 1 0 0 0 1 1 0 1 1 0 1 1 1 0 0 0 1 1 0 0 1 1 1 0 1 1
 1 0 1 0 0 0 0 0 1 1 0 0 1 0 0 0 0 1 0 1 1 0 0 0 0 0 0 0 1 0 1 1 0 1 0 0 1
 0 0 0 0 1 1 0 0 0 0 1 0 1 0 1 0 1 1 0 1 0 0 0 0 0 0]
At  3701/30000: COST 0.722/0.733(0.663) -- Acc 0.500/0.530(0.604)
[1 1 1 0 0 1 0 0 0 1 0 0 1 1 0 1 0 1 1 0 1 0 1 0 1 0 0 1 0 0 0 0 1 0 0 1 0
 1 1 0 0 1 1 0 0 1 0 0 1 1 0 0 0 0 1 0 0 0 0 0 1 0 1 1 1 0 0 1 1 0 0 0 0 0
 0 0 0 1 0 1 0 0 1 0 0 1 0 0 0 0 0 0 0 1 0 0 0 0 0 0]
At  3801/30000: COST 0.691/0.721(0.660) -- Acc 0.650/0.520(0.611)
[0 0 0 1 1 0 0 0 1 1 1 0 0 1 0 0 0 1 0 0 0 1 0 0 0 0 0 0 0 1 1 1 0 0 0 1 1
 0 0 0 0 0 0 1 0 0 1 0 1 1 0 1 1 1 1 1 1 0 1 1 1 0 0 1 0 0 0 0 0 0 0 1 0 0
 1 1 0 0 0 0 0 1 1 1 0 0 0 0 0 0 1 0 0 1 0 0 0 0 1 1]
At  3901/30000: COST 0.691/0.742(0.668) -- Acc 0.550/0.420(0.595)
[1 0 0 0 1 1 1 1 0 0 0 0 1 1 0 1 0 0 1 0 0 0 1 0 1 0 0 1 0 1 0 0 0 1 1 1 0
 0 1 0 1 1 0 0 0 1 1 1 1 0 1 0 0 1 1 1 1 0 1 0 0 1 0 0 0 1 0 0 0 1 0 1 1 0
 0 1 0 0 1 1 0 1 0 1 0 1 1 1 0 1 1 0 0 1 0 0 1 0 0 1]
At  4001/30000: COST 0.664/0.741(0.665) -- Acc 0.620/0.500(0.596)
[0 0 1 1 0 1 0 0 1 0 0 1 0 0 0 1 0 0 1 1 0 0 1 0 0 1 0 0 0 1 0 1 1 1 1 0 1
 0 1 0 0 0 0 1 0 0 0 0 0 0 0 0 0 0 1 0 1 1 0 1 1 1 0 0 1 1 1 0 0 1 1 0 0 0
 0 1 0 0 0 0 0 0 1 1 1 0 0 0 0 1 0 0 0 1 0 0 0 0 0 1]
At  4101/30000: COST 0.638/0.718(0.656) -- Acc 0.580/0.550(0.613)
[0 1 1 0 0 0 0 0 1 0 1 1 0 1 1 1 1 0 0 1 0 1 0 0 0 0 1 1 0 0 1 1 1 1 1 1 1
 1 0 0 0 0 1 0 1 0 0 0 0 0 1 0 1 0 1 1 0 1 1 0 1 1 1 0 1 1 0 0 0 1 1 1 1 1
 1 1 0 0 0 0 0 1 1 1 0 0 1 1 0 0 1 0 1 0 1 1 1 1 1 0]
At  4201/30000: COST 0.624/0.773(0.658) -- Acc 0.650/0.500(0.609)
[0 0 0 0 1 1 0 0 1 1 0 0 1 0 0 0 0 0 0 0 1 1 1 0 1 1 0 0 0 0 1 1 0 0 1 0 0
 1 0 0 1 1 0 0 0 1 1 1 0 1 0 0 1 1 1 1 1 1 1 1 0 0 0 1 0 1 1 1 0 1 0 0 0 0
 0 0 0 0 0 1 1 0 1 0 1 1 1 1 0 0 1 1 1 0 1 0 0 0 1 1]
At  4301/30000: COST 0.635/0.855(0.647) -- Acc 0.650/0.490(0.623)
[0 1 0 1 0 0 1 1 1 0 1 0 0 1 0 0 1 1 1 1 1 1 0 0 0 0 1 0 0 0 1 0 1 0 0 0 0
 1 1 0 1 1 0 0 0 0 1 0 0 1 0 1 0 0 1 1 0 0 1 0 0 1 1 1 0 0 0 1 0 1 0 0 0 1
 0 1 0 0 1 1 0 0 0 1 0 0 0 1 0 1 0 0 1 0 0 1 0 0 1 0]
At  4401/30000: COST 0.645/0.746(0.644) -- Acc 0.630/0.480(0.629)
[0 0 0 0 0 0 1 0 1 0 1 1 0 0 1 0 0 0 1 1 1 0 1 0 0 1 0 1 0 0 0 0 1 1 0 0 0
 1 0 1 1 1 0 0 0 0 0 1 1 0 0 1 1 0 0 0 1 0 0 1 1 0 0 0 0 1 1 0 0 0 1 0 0 1
 0 1 0 1 0 0 0 1 0 1 1 0 0 1 1 1 0 0 0 1 0 0 0 0 0 1]
At  4501/30000: COST 0.568/0.794(0.635) -- Acc 0.690/0.450(0.641)
[1 0 0 0 1 1 1 0 1 1 0 1 0 1 1 0 0 1 0 1 0 0 1 0 1 0 0 0 0 1 0 0 1 0 0 0 1
 0 1 0 0 0 0 0 1 0 1 1 1 0 0 0 1 0 0 1 0 0 0 1 1 0 1 1 1 0 0 0 1 1 1 0 1 0
 1 0 0 0 1 1 1 1 0 1 1 0 0 1 0 0 0 0 0 0 0 0 1 0 1 1]
At  4601/30000: COST 0.574/0.805(0.621) -- Acc 0.690/0.500(0.657)
[0 0 0 0 0 1 1 0 1 1 1 0 1 0 1 1 1 0 1 0 1 0 1 0 0 1 1 1 1 0 0 1 1 0 0 0 1
 0 1 1 0 0 0 0 0 1 1 0 1 0 1 0 1 0 0 1 0 0 0 0 1 1 0 1 1 0 0 0 0 1 1 0 1 1
 1 0 0 0 1 0 0 0 0 1 0 0 1 0 0 0 0 1 0 0 1 0 1 0 1 1]
At  4701/30000: COST 0.691/0.886(0.623) -- Acc 0.650/0.430(0.656)
[0 1 1 1 1 0 0 0 0 0 0 0 0 0 0 0 0 1 0 0 0 0 1 1 0 1 1 0 0 1 0 0 0 0 1 1 0
 0 0 0 1 0 0 1 0 0 1 0 0 0 1 0 0 0 0 0 0 0 1 1 1 0 1 1 1 0 0 0 0 0 1 1 1 0
 1 0 0 0 0 0 0 1 0 0 1 0 1 1 1 0 0 0 1 0 1 0 0 0 1 1]
At  4801/30000: COST 0.538/0.848(0.609) -- Acc 0.700/0.480(0.670)
[1 1 1 0 0 0 1 1 0 0 0 0 0 1 0 0 0 0 1 0 0 1 1 1 1 0 0 0 1 1 1 1 0 1 0 0 0
 0 1 1 0 0 0 0 1 0 0 0 0 1 1 0 0 0 0 0 0 0 0 0 1 1 0 0 1 0 1 0 1 0 0 0 1 1
 0 0 1 0 0 1 1 0 0 1 1 0 1 1 0 0 0 0 0 1 0 0 1 0 1 1]
At  4901/30000: COST 0.556/0.967(0.599) -- Acc 0.700/0.460(0.681)
[0 0 0 0 0 0 0 0 1 0 0 0 1 0 1 1 0 0 0 0 0 1 0 0 1 0 0 0 0 1 1 1 0 0 1 0 0
 0 0 1 0 0 0 0 0 1 1 1 0 0 0 0 0 0 0 0 1 1 0 1 0 1 0 1 0 1 0 0 0 0 1 0 1 0
 1 0 0 1 0 0 0 0 1 0 1 0 0 0 0 0 0 1 1 1 0 0 0 1 0 0]
At  5001/30000: COST 0.596/0.816(0.597) -- Acc 0.680/0.510(0.683)
[1 0 0 0 1 0 0 1 0 0 0 0 0 1 0 0 0 0 1 0 0 0 1 1 0 1 0 0 1 0 1 0 0 0 0 0 0
 0 0 0 1 0 0 0 0 0 0 0 0 0 0 1 0 0 0 1 0 0 0 0 0 0 1 0 0 0 0 0 0 0 1 0 1 1
 0 1 0 1 1 0 0 1 1 0 1 0 0 0 0 1 1 0 0 0 1 0 1 1 1 0]
At  5101/30000: COST 0.600/0.875(0.593) -- Acc 0.670/0.480(0.686)
[0 1 1 0 1 1 0 0 1 0 0 1 0 0 0 0 0 0 1 1 1 1 0 0 1 0 0 0 0 1 0 0 0 1 0 0 0
 1 0 0 0 0 0 1 0 1 0 0 1 1 0 1 1 0 1 0 0 0 0 1 0 0 1 0 1 0 1 0 0 0 1 0 0 0
 1 0 0 0 0 0 1 0 0 0 0 0 1 0 0 1 1 0 0 0 0 0 0 0 1 0]
At  5201/30000: COST 0.537/0.861(0.576) -- Acc 0.720/0.470(0.698)
[0 0 0 0 1 1 1 0 0 0 1 1 0 1 0 0 0 0 0 0 0 0 0 1 1 0 1 1 0 0 1 1 1 1 0 1 0
 1 1 0 1 0 0 0 0 0 1 0 0 0 0 0 0 0 0 0 1 0 0 1 0 0 0 1 1 0 0 1 0 1 0 0 0 0
 1 1 1 1 0 1 0 1 1 1 1 0 0 0 0 0 1 0 0 1 0 0 0 1 0 0]
At  5301/30000: COST 0.560/0.897(0.562) -- Acc 0.720/0.480(0.711)
[0 0 0 0 0 1 1 0 1 0 0 1 0 1 0 0 0 0 0 0 0 1 0 0 0 0 0 1 0 1 0 1 1 1 1 0 0
 0 1 0 0 0 0 1 0 1 0 1 1 1 0 0 0 0 1 0 0 1 1 0 0 0 0 0 0 0 1 0 0 0 1 1 0 1
 1 1 1 0 1 1 1 0 0 0 0 1 0 0 0 0 0 1 1 0 0 0 1 1 0 0]
At  5401/30000: COST 0.512/1.060(0.558) -- Acc 0.760/0.430(0.716)
[0 0 1 1 0 0 0 0 0 1 1 0 0 0 0 0 1 1 1 1 0 0 0 0 1 1 0 0 1 0 0 0 0 0 1 1 0
 1 0 0 0 0 1 0 0 0 0 0 0 1 1 0 0 0 1 0 0 1 1 0 1 0 0 1 1 1 0 0 0 0 0 0 0 0
 0 0 0 0 0 0 0 1 1 1 1 1 1 1 0 0 0 0 0 1 0 1 1 1 0 0]
At  5501/30000: COST 0.518/0.861(0.558) -- Acc 0.730/0.500(0.715)
[0 1 0 0 0 0 0 1 0 0 0 0 0 1 1 0 0 1 1 1 0 0 1 0 1 0 1 1 0 1 0 0 0 1 0 0 0
 0 1 0 1 1 0 0 1 0 1 0 0 1 0 1 0 1 1 1 0 1 1 1 0 0 0 0 0 0 0 1 0 0 0 0 1 0
 0 0 0 0 0 0 0 0 0 1 0 0 0 0 0 0 1 0 0 0 0 0 0 0 1 1]
At  5601/30000: COST 0.452/0.932(0.542) -- Acc 0.810/0.490(0.726)
[0 0 0 0 0 1 0 0 0 0 1 0 0 0 0 0 0 0 0 1 0 0 0 1 0 1 1 0 0 1 0 1 1 0 1 0 0
 1 0 0 0 1 1 0 0 0 0 0 0 1 0 0 1 1 1 0 1 0 0 0 0 0 0 0 0 0 0 0 1 0 1 1 0 0
 0 1 0 0 0 0 0 0 0 0 0 0 0 0 0 1 0 1 0 0 0 0 0 0 0 0]
At  5701/30000: COST 0.630/0.789(0.564) -- Acc 0.630/0.530(0.709)
[1 0 0 1 0 0 0 1 0 0 0 0 0 0 0 0 1 1 1 1 0 0 0 0 1 1 1 1 0 0 0 0 1 1 1 0 0
 0 1 1 0 0 0 0 1 1 0 0 0 0 0 0 1 0 1 0 0 1 1 1 0 1 1 1 0 0 0 0 0 0 0 1 0 0
 1 1 0 0 0 0 0 0 0 1 0 1 0 1 0 0 1 0 1 0 1 1 1 0 0 1]
At  5801/30000: COST 0.520/0.920(0.570) -- Acc 0.760/0.510(0.701)
[0 0 0 1 1 1 0 0 0 1 1 0 1 0 0 0 0 1 0 1 0 1 1 0 1 1 0 0 1 1 1 0 0 0 1 0 0
 0 0 1 0 0 0 0 1 1 0 1 1 1 0 0 0 0 0 1 0 1 0 0 1 0 0 0 0 0 0 0 0 0 0 0 0 0
 0 1 0 0 1 0 0 1 0 1 1 1 0 0 0 0 0 0 0 1 0 0 1 1 1 0]
At  5901/30000: COST 0.534/0.884(0.573) -- Acc 0.690/0.500(0.699)
[0 1 1 0 0 0 0 1 0 0 1 0 1 1 1 1 0 0 0 0 0 0 0 1 0 0 1 0 0 1 0 0 1 0 0 0 0
 0 1 0 0 1 0 1 0 1 0 0 0 0 0 0 0 0 1 0 0 0 0 0 0 0 0 0 1 0 0 1 0 0 0 0 0 0
 1 1 1 0 0 1 0 1 0 0 1 0 0 0 1 0 1 0 0 0 1 0 0 0 0 1]
At  6001/30000: COST 0.528/0.978(0.548) -- Acc 0.710/0.500(0.722)
[0 1 1 0 0 0 1 0 1 0 0 1 0 0 0 1 0 1 0 1 1 0 0 0 1 0 0 0 1 0 0 0 0 0 0 1 1
 1 0 0 1 0 1 1 1 0 1 0 0 0 0 1 0 0 1 0 1 1 1 1 0 0 0 0 0 0 0 1 1 0 0 1 0 0
 1 0 1 1 0 0 1 0 0 1 1 1 0 0 0 1 0 0 1 0 0 1 0 0 0 0]
At  6101/30000: COST 0.528/0.993(0.520) -- Acc 0.710/0.510(0.742)
[1 1 1 0 1 1 0 1 1 0 0 1 1 0 0 1 0 1 1 1 1 1 0 0 1 0 0 1 0 0 0 0 1 1 1 1 0
 1 0 1 0 0 0 1 1 0 0 0 1 0 0 1 0 1 1 1 0 0 0 0 0 0 0 1 1 0 1 0 0 0 0 0 0 1
 1 1 0 0 0 0 1 0 0 1 0 0 1 0 0 1 0 0 1 0 1 1 1 0 0 0]
At  6201/30000: COST 0.468/1.140(0.503) -- Acc 0.750/0.510(0.757)
[0 0 1 0 0 0 0 0 0 1 0 0 1 0 1 0 0 0 0 1 0 0 0 0 0 0 1 0 1 1 0 1 0 1 1 0 1
 1 1 0 1 1 1 0 1 0 0 0 0 1 1 0 1 0 1 0 0 0 0 0 1 0 0 1 0 0 0 0 0 0 1 1 0 1
 0 1 1 0 0 0 0 0 1 0 1 0 0 1 0 1 1 0 0 1 1 0 0 1 1 0]
At  6301/30000: COST 0.461/1.171(0.496) -- Acc 0.770/0.470(0.764)
[0 0 1 0 0 1 1 0 0 0 0 1 1 1 0 1 1 1 0 0 1 1 1 0 1 0 0 0 1 0 1 0 0 0 0 0 1
 1 1 0 0 0 0 0 1 0 0 0 0 0 1 1 0 0 0 0 0 0 0 1 1 0 0 0 1 1 0 0 0 0 0 1 1 0
 1 0 1 0 0 0 1 0 0 1 0 0 0 0 1 1 0 0 1 1 1 0 0 0 1 1]
At  6401/30000: COST 0.506/1.096(0.494) -- Acc 0.770/0.410(0.768)
[1 0 0 1 0 1 0 0 0 1 0 1 1 1 1 0 1 1 0 1 1 1 0 0 0 0 1 1 0 1 1 1 0 1 1 0 1
 0 1 1 0 0 1 1 1 0 0 0 0 0 1 0 1 0 0 0 0 0 0 1 1 0 1 1 0 0 0 1 0 0 0 0 1 0
 1 0 0 0 1 1 1 1 0 0 0 0 0 0 0 0 0 0 1 0 1 0 0 1 1 0]
At  6501/30000: COST 0.477/1.253(0.481) -- Acc 0.750/0.480(0.774)
[0 0 0 1 0 0 1 1 0 0 1 0 1 0 0 0 0 0 1 0 0 0 0 0 1 1 1 1 0 1 0 0 0 0 1 0 0
 0 0 1 0 1 0 0 0 1 1 0 0 0 0 0 1 1 1 1 0 1 1 0 0 1 1 0 0 1 0 1 1 0 1 0 0 1
 0 0 1 0 0 0 0 0 1 1 0 0 0 1 0 0 0 1 0 1 0 0 1 0 0 0]
At  6601/30000: COST 0.602/1.064(0.482) -- Acc 0.690/0.510(0.778)
[1 0 0 1 0 0 1 0 0 1 0 0 1 0 0 1 0 1 1 1 0 0 1 1 1 0 0 0 0 0 1 0 0 0 0 1 0
 0 1 1 0 1 0 1 0 0 0 1 1 0 0 0 0 0 1 0 1 0 0 0 1 0 1 0 0 1 1 0 0 1 0 0 1 0
 0 0 1 1 1 0 1 0 1 1 1 0 1 1 0 0 0 0 0 0 0 0 1 1 0 0]
At  6701/30000: COST 0.439/1.230(0.476) -- Acc 0.810/0.480(0.779)
[1 0 0 0 1 0 1 1 0 0 0 0 0 0 1 0 0 0 1 0 0 0 0 1 1 0 1 1 0 1 0 0 0 0 1 0 0
 1 0 0 1 1 1 0 1 0 1 0 1 0 1 1 0 0 1 0 0 0 1 1 1 1 0 1 0 0 1 1 1 0 0 0 0 0
 1 1 1 0 1 0 0 0 0 0 0 1 0 0 0 1 0 1 0 0 1 0 0 0 0 0]
At  6801/30000: COST 0.446/1.351(0.437) -- Acc 0.770/0.490(0.802)
[1 0 0 0 1 1 0 0 1 0 1 1 0 0 0 0 0 1 0 1 0 1 1 1 0 1 0 0 0 1 0 1 0 0 1 0 1
 0 1 1 0 1 1 0 0 1 1 1 0 0 0 1 1 0 1 1 0 0 0 0 0 0 0 0 1 0 0 0 0 1 1 0 0 0
 0 0 1 1 0 1 1 0 0 0 0 1 1 1 1 0 1 0 1 1 1 0 1 0 0 0]
At  6901/30000: COST 0.399/1.291(0.435) -- Acc 0.810/0.480(0.805)
[0 0 0 0 1 0 0 0 1 0 0 0 0 0 0 1 1 0 0 1 1 0 0 0 1 1 0 0 1 0 1 0 0 1 0 1 1
 0 1 0 0 1 1 1 0 0 1 1 0 0 1 0 0 1 1 1 0 1 0 0 1 0 1 1 0 1 0 0 0 0 1 1 0 0
 0 1 0 1 1 1 0 1 0 1 0 1 1 1 0 0 0 1 0 0 1 1 0 1 1 0]
At  7001/30000: COST 0.357/1.347(0.417) -- Acc 0.900/0.530(0.816)
[1 1 0 0 0 0 0 0 1 0 1 1 0 1 0 0 0 0 0 0 1 0 1 0 0 1 0 1 1 0 1 1 1 1 0 1 0
 0 0 0 0 0 0 0 1 0 0 0 0 1 0 0 1 1 1 0 0 0 0 0 1 0 1 0 1 1 0 0 1 1 1 0 0 0
 0 1 0 0 0 0 0 1 0 0 0 1 0 1 0 1 0 1 0 0 1 0 0 0 1 0]
At  7101/30000: COST 0.443/1.304(0.401) -- Acc 0.770/0.470(0.826)
[1 0 1 0 1 0 0 1 1 0 0 0 0 0 0 0 0 1 1 0 0 0 1 0 1 1 0 0 1 0 0 0 1 1 0 0 0
 1 1 0 1 1 0 0 1 0 0 1 1 0 0 0 0 0 0 0 1 0 1 0 0 1 1 1 0 1 1 1 1 1 0 1 1 1
 0 0 0 0 1 0 0 0 1 1 1 1 0 1 0 0 1 0 0 1 0 0 1 0 1 0]
At  7201/30000: COST 0.433/1.455(0.394) -- Acc 0.810/0.520(0.829)
[1 0 1 1 1 1 1 0 1 1 1 1 0 0 1 1 1 1 0 1 0 0 1 1 1 1 1 1 1 0 1 1 0 0 0 1 0
 1 0 1 1 0 0 1 1 0 0 0 1 1 0 1 1 1 0 1 0 0 1 0 0 1 0 0 0 0 0 0 1 0 0 1 1 0
 0 0 1 0 0 1 0 0 1 1 0 0 0 0 0 1 0 1 0 0 0 1 0 1 1 0]
At  7301/30000: COST 0.388/1.463(0.390) -- Acc 0.840/0.530(0.831)
[0 0 1 0 0 1 1 0 1 1 0 1 1 1 1 1 0 0 1 0 0 0 1 1 1 1 0 0 0 1 0 0 0 0 1 0 0
 1 0 1 0 0 0 0 0 1 1 1 1 0 1 1 0 1 0 1 0 0 1 1 0 1 1 0 0 1 0 0 0 1 0 0 1 0
 0 0 1 1 0 1 0 1 0 0 0 1 0 1 1 1 1 1 0 1 0 1 1 0 0 0]
At  7401/30000: COST 0.412/1.453(0.383) -- Acc 0.810/0.480(0.837)
[0 0 0 0 1 0 0 0 1 0 0 0 1 0 1 0 1 0 1 1 0 1 0 1 1 0 0 1 1 1 0 0 0 1 0 1 1
 0 1 0 1 1 0 1 0 0 1 0 0 1 1 0 1 1 0 1 0 0 0 0 0 0 0 0 1 0 0 1 0 0 1 0 1 1
 1 1 0 1 0 1 0 1 1 0 0 0 1 1 0 0 0 0 1 1 1 0 0 0 1 1]
At  7501/30000: COST 0.376/1.599(0.377) -- Acc 0.860/0.510(0.838)
[0 1 0 0 1 0 1 1 0 1 0 0 1 1 0 0 0 1 0 1 1 1 0 0 0 1 1 1 0 0 1 1 0 1 1 0 0
 0 0 0 0 1 0 0 0 0 1 1 1 1 0 1 1 0 1 0 0 1 0 1 1 1 0 1 1 1 0 0 1 0 0 0 0 0
 0 1 0 0 0 0 1 0 0 1 1 0 0 1 0 1 0 1 0 0 0 1 1 1 1 0]
At  7601/30000: COST 0.429/1.494(0.387) -- Acc 0.840/0.500(0.831)
[1 1 1 0 0 1 1 0 1 0 0 0 0 1 1 1 0 1 1 0 1 0 1 1 0 0 1 1 1 0 0 1 0 1 1 0 0
 1 1 0 0 1 1 0 0 1 0 1 0 0 0 0 1 1 1 0 0 0 1 0 0 0 0 0 1 0 0 1 0 1 0 1 1 1
 1 1 1 0 0 1 1 0 0 1 0 0 0 0 0 0 1 1 0 0 1 0 1 0 0 1]
At  7701/30000: COST 0.426/1.358(0.390) -- Acc 0.790/0.480(0.830)
[1 1 1 0 1 0 0 1 1 0 1 1 0 0 0 1 0 0 0 0 1 1 0 1 0 1 0 0 0 0 1 1 1 0 0 1 1
 0 1 0 1 1 1 1 0 0 0 0 1 1 0 0 0 0 0 0 1 0 0 1 0 0 0 1 0 1 1 0 0 0 1 1 1 0
 0 1 1 0 0 1 1 0 0 0 0 1 0 1 1 1 1 0 0 0 1 0 0 1 0 0]
At  7801/30000: COST 0.373/1.484(0.377) -- Acc 0.820/0.490(0.839)
[0 0 0 1 0 1 0 0 0 0 0 0 0 1 1 0 1 1 0 1 0 1 1 1 0 0 1 0 1 1 1 0 0 0 0 1 0
 1 0 0 0 0 0 1 0 1 0 1 0 0 1 0 0 1 1 1 0 0 1 0 1 0 1 1 0 1 1 1 1 1 1 1 0 0
 0 0 1 0 0 1 1 0 0 1 0 0 0 0 0 1 0 0 0 1 1 0 0 0 1 1]
At  7901/30000: COST 0.363/1.695(0.359) -- Acc 0.840/0.460(0.849)
[1 0 1 0 1 0 0 1 0 0 1 0 0 0 0 0 0 1 1 1 1 1 1 1 1 0 0 0 0 0 0 0 0 1 0 0 0
 0 0 1 0 0 1 0 1 1 1 0 1 0 0 1 1 0 1 1 0 0 1 0 1 1 1 0 0 1 0 1 0 1 0 1 1 0
 1 0 0 1 1 0 1 1 1 1 1 0 0 0 0 1 0 0 1 1 1 1 1 1 1 1]
At  8001/30000: COST 0.285/1.883(0.356) -- Acc 0.890/0.450(0.851)
[0 1 1 1 1 0 0 0 0 1 1 0 0 1 1 1 0 0 0 0 0 0 0 0 1 1 1 0 1 1 0 0 1 0 0 1 1
 1 0 1 0 1 1 1 1 0 1 0 1 0 0 1 0 0 1 0 1 0 0 1 0 1 0 1 0 1 1 0 1 0 0 0 1 1
 0 1 1 0 0 0 0 0 0 0 1 0 0 0 0 0 0 1 0 0 1 1 0 0 1 0]
At  8101/30000: COST 0.338/1.247(0.369) -- Acc 0.870/0.560(0.845)
[0 0 1 1 0 1 0 1 1 1 0 0 0 0 0 0 0 0 1 1 1 0 0 1 0 0 0 1 0 0 1 1 1 1 1 0 1
 1 1 0 0 0 0 0 1 0 1 0 0 0 1 0 0 1 0 0 1 0 1 0 0 0 1 0 1 1 0 0 1 1 0 1 0 0
 1 0 0 1 0 1 0 0 0 0 0 0 1 1 0 0 1 0 0 1 0 0 0 1 1 1]
At  8201/30000: COST 0.251/1.710(0.346) -- Acc 0.910/0.440(0.857)
[0 1 1 1 0 0 0 0 0 1 0 1 1 0 1 0 0 0 0 0 0 0 1 0 0 1 1 0 1 1 1 0 1 0 1 1 1
 0 0 1 1 0 1 0 1 0 1 1 0 1 0 0 0 0 0 1 0 0 1 0 0 1 1 0 1 1 0 0 1 0 0 1 0 0
 0 0 0 1 0 0 0 0 1 0 0 0 0 1 1 0 1 0 1 0 1 0 0 0 0 0]
At  8301/30000: COST 0.325/1.590(0.347) -- Acc 0.840/0.460(0.853)
[0 0 1 0 1 0 0 0 0 0 1 1 1 0 1 0 0 0 0 1 0 0 1 0 1 1 1 0 0 1 0 0 1 1 0 1 1
 1 0 0 0 1 0 0 0 0 1 0 0 1 0 1 1 0 1 1 1 1 0 0 1 0 0 1 0 0 0 1 1 1 0 0 1 1
 1 0 0 0 0 1 0 0 0 0 1 1 1 1 1 0 1 1 0 0 0 1 0 0 0 0]
At  8401/30000: COST 0.386/1.762(0.342) -- Acc 0.800/0.480(0.858)
[0 0 1 0 0 1 1 1 0 0 1 0 1 1 1 0 0 0 1 1 0 0 1 1 1 0 0 0 1 0 0 1 1 0 0 1 0
 1 0 0 0 1 0 1 1 0 0 0 0 0 0 1 0 0 1 0 1 0 1 0 0 1 1 1 1 1 1 0 1 1 0 1 0 0
 0 1 0 1 1 0 1 0 1 0 1 0 1 0 0 1 0 0 0 1 0 1 1 0 0 1]
At  8501/30000: COST 0.361/1.970(0.328) -- Acc 0.890/0.470(0.866)
[0 1 0 1 1 0 0 0 1 0 1 1 1 1 0 1 1 0 0 0 1 0 0 0 1 0 0 1 1 1 1 1 0 1 0 1 0
 0 1 0 0 0 1 0 1 1 0 1 1 1 0 1 1 0 0 1 0 0 1 0 0 1 1 0 1 1 0 0 0 0 1 1 1 1
 0 0 0 0 1 0 1 0 0 1 1 0 0 0 0 0 1 0 1 1 1 0 1 0 1 0]
At  8601/30000: COST 0.296/1.905(0.304) -- Acc 0.880/0.490(0.876)
[1 0 0 0 0 1 0 0 1 0 1 0 0 0 1 0 0 1 1 0 0 1 0 1 0 0 0 0 0 1 0 0 1 1 1 1 0
 0 1 0 1 0 0 0 0 1 1 1 1 0 1 0 0 0 1 0 1 0 1 1 1 0 0 1 1 1 1 0 0 0 0 1 1 0
 0 1 0 1 1 1 1 0 0 0 0 0 0 1 0 1 1 0 1 1 0 0 1 1 0 1]
At  8701/30000: COST 0.411/1.729(0.289) -- Acc 0.860/0.480(0.881)
[1 0 1 0 0 1 0 0 1 1 1 1 0 1 1 0 1 1 1 0 0 0 0 1 0 0 1 1 0 1 1 0 0 1 1 1 1
 0 1 0 0 1 1 1 0 0 0 1 1 0 1 0 1 1 0 1 1 0 0 1 0 0 0 1 0 0 0 0 0 1 1 0 1 1
 0 1 0 1 0 0 0 0 0 1 0 0 1 0 1 0 0 0 0 0 0 0 0 1 0 0]
At  8801/30000: COST 0.194/2.026(0.292) -- Acc 0.950/0.450(0.882)
[0 0 0 1 1 1 1 0 1 1 0 1 1 0 0 0 0 0 1 0 0 0 0 1 1 0 0 0 1 0 0 1 1 1 1 1 0
 1 1 0 0 1 0 0 1 0 0 1 0 1 0 1 1 0 0 0 1 1 1 0 1 0 0 0 0 0 0 0 1 0 1 0 0 1
 0 0 0 1 0 0 1 1 1 1 0 0 1 0 0 0 0 1 1 0 0 1 1 1 1 1]
At  8901/30000: COST 0.189/1.821(0.279) -- Acc 0.940/0.480(0.888)
[0 0 0 0 1 1 0 1 1 0 0 0 0 1 1 1 1 0 1 1 0 0 1 1 0 1 0 1 0 1 1 1 1 0 0 1 0
 1 1 1 0 0 1 0 0 0 0 0 0 0 1 1 0 0 1 0 0 0 1 1 0 0 1 0 0 1 1 0 0 0 0 1 1 1
 0 1 1 0 0 0 1 0 0 0 0 1 0 0 1 0 0 1 0 1 1 1 0 1 0 1]
At  9001/30000: COST 0.242/1.962(0.275) -- Acc 0.910/0.500(0.893)
[1 0 1 0 1 0 1 1 1 1 0 0 0 1 1 0 1 0 1 1 1 1 0 0 1 0 1 1 0 0 0 1 0 1 0 1 0
 1 1 0 1 0 0 0 1 1 0 0 0 0 0 1 1 1 1 1 0 1 1 0 1 0 1 0 0 0 1 1 1 0 1 1 0 0
 0 0 0 0 0 0 0 0 1 1 1 1 1 1 1 0 0 0 0 0 0 0 1 0 0 0]
At  9101/30000: COST 0.257/2.017(0.261) -- Acc 0.900/0.420(0.899)
[1 0 1 1 0 0 1 0 1 0 0 1 1 0 0 1 0 0 1 0 1 1 1 1 1 1 0 1 1 0 0 0 0 0 0 0 1
 0 0 1 0 0 0 1 0 0 1 1 0 1 0 1 1 0 1 0 0 0 0 0 1 1 1 0 0 0 0 1 1 0 1 0 1 1
 0 1 1 1 1 1 1 0 0 0 1 1 1 0 1 0 1 0 0 0 1 0 1 0 0 0]
At  9201/30000: COST 0.236/2.052(0.279) -- Acc 0.900/0.440(0.889)
[0 1 1 0 1 0 0 0 0 1 0 0 0 1 0 0 0 0 1 1 0 1 1 0 1 1 0 1 0 0 1 1 0 1 1 1 1
 1 0 1 1 0 1 0 1 1 1 1 0 1 0 1 0 1 0 1 1 1 1 1 0 0 0 0 0 0 0 0 0 0 0 0 1 1
 0 0 1 0 1 0 0 1 1 0 0 0 1 0 0 0 1 0 0 1 0 1 0 1 0 0]
At  9301/30000: COST 0.230/2.011(0.268) -- Acc 0.930/0.440(0.896)
[0 0 0 1 0 0 0 1 0 0 0 1 1 1 0 0 0 1 1 0 1 1 0 0 1 1 0 1 0 0 0 1 1 0 1 1 1
 1 1 1 1 0 1 1 0 1 1 0 1 1 0 0 1 0 0 1 1 1 0 1 0 0 0 1 1 0 0 0 0 0 0 1 0 1
 0 1 0 0 0 0 0 1 1 0 1 0 0 1 0 0 1 0 0 0 0 0 0 0 1 1]
At  9401/30000: COST 0.263/2.031(0.264) -- Acc 0.920/0.430(0.897)
[1 1 1 0 1 0 0 0 0 1 0 1 0 0 1 0 0 1 0 0 0 1 0 0 1 1 0 1 0 1 1 0 1 1 1 0 0
 0 0 1 0 1 0 0 1 1 1 0 0 0 0 0 0 1 0 0 1 1 0 1 0 0 1 1 1 0 1 0 0 1 0 1 0 0
 0 0 0 0 0 1 0 0 0 1 1 0 0 1 0 0 0 1 1 1 1 1 1 1 1 0]
At  9501/30000: COST 0.392/2.093(0.258) -- Acc 0.820/0.470(0.900)
[0 0 0 0 0 0 1 1 0 1 1 1 0 1 1 0 0 0 1 1 1 1 1 0 1 0 1 1 0 0 0 1 0 0 0 0 1
 1 1 1 1 1 0 0 0 1 0 1 0 1 0 0 0 0 1 0 1 1 0 0 0 0 0 1 1 1 1 0 0 1 1 0 0 0
 0 0 0 1 0 0 1 1 0 0 0 0 0 0 0 1 0 1 0 1 1 1 1 0 1 0]
At  9601/30000: COST 0.273/2.225(0.238) -- Acc 0.900/0.430(0.909)
[0 0 0 0 0 0 1 0 1 0 0 1 1 0 0 1 1 0 0 1 1 1 1 0 0 1 0 0 0 1 1 1 0 1 0 0 1
 0 1 1 1 0 0 1 1 1 1 1 0 0 1 1 1 1 1 1 1 0 0 0 0 0 0 0 1 0 1 0 0 1 0 1 0 0
 1 1 0 1 0 0 1 1 1 0 0 1 1 0 1 0 0 1 0 1 1 1 0 1 1 0]
At  9701/30000: COST 0.244/2.035(0.247) -- Acc 0.900/0.450(0.904)
[1 0 0 1 0 0 1 0 1 0 1 0 0 0 1 1 0 0 1 0 1 0 1 0 0 0 1 1 0 0 1 1 0 0 1 0 1
 0 0 1 0 0 0 1 1 0 1 1 0 0 1 0 1 1 0 1 1 1 1 0 1 0 0 0 0 1 0 0 0 1 0 1 0 1
 1 1 0 1 0 1 0 0 1 0 1 0 1 0 0 0 1 1 1 1 1 1 0 1 1 0]
At  9801/30000: COST 0.202/2.067(0.237) -- Acc 0.900/0.510(0.909)
[1 1 1 0 0 1 1 1 1 1 0 1 0 1 0 1 1 0 1 0 0 0 0 0 1 0 0 1 1 0 1 0 0 0 0 1 1
 1 0 1 0 1 0 0 1 0 1 1 0 1 0 0 0 0 1 0 0 0 1 1 1 1 1 1 1 0 1 0 0 1 1 0 1 0
 1 0 1 0 0 0 1 0 1 1 1 0 1 1 0 1 1 1 1 1 0 1 1 0 1 0]
At  9901/30000: COST 0.225/2.237(0.229) -- Acc 0.910/0.470(0.912)
[0 0 0 0 0 1 0 0 1 1 1 1 1 0 1 0 0 0 1 0 1 1 0 0 1 0 1 0 0 0 0 1 1 0 1 0 0
 1 0 0 0 0 1 0 1 0 1 1 1 0 0 1 1 1 0 1 1 0 1 1 1 1 0 1 0 0 1 0 0 0 1 1 0 1
 0 1 1 0 0 1 0 1 0 0 0 1 1 1 0 0 0 0 1 0 1 1 0 0 1 1]
At 10001/30000: COST 0.143/2.352(0.216) -- Acc 0.950/0.400(0.917)
[0 0 0 0 0 1 0 1 1 0 1 1 1 0 1 1 1 1 0 1 1 0 1 1 1 0 1 1 1 0 1 1 0 0 1 0 0
 0 1 0 1 0 0 1 1 0 0 0 0 1 1 0 1 0 0 0 0 1 1 1 1 1 0 0 0 1 0 0 0 1 1 0 0 0
 0 0 0 0 0 1 1 0 0 0 0 0 0 0 1 1 0 0 1 0 0 1 0 1 0 0]
At 10101/30000: COST 0.299/2.258(0.205) -- Acc 0.890/0.420(0.922)
[0 0 1 0 1 1 1 0 0 0 1 0 1 0 0 0 1 0 0 1 0 1 0 0 0 1 0 1 1 1 1 0 0 0 0 0 1
 1 0 0 1 0 0 1 1 0 0 1 0 0 1 0 0 1 1 0 1 0 1 0 0 1 1 0 1 0 0 0 0 1 0 0 1 1
 0 1 0 1 0 0 1 0 0 1 1 1 1 1 1 0 1 1 0 1 1 1 1 1 1 0]
At 10201/30000: COST 0.208/1.721(0.271) -- Acc 0.910/0.490(0.897)
[0 0 1 0 0 1 1 0 1 0 0 1 0 1 0 1 1 1 0 0 1 0 1 0 0 0 0 1 1 0 0 1 0 0 0 1 1
 1 0 0 0 1 0 1 1 1 0 1 0 0 1 1 1 0 0 0 1 0 0 0 1 0 0 0 1 0 1 0 1 1 0 1 1 1
 0 0 1 0 0 1 0 1 1 0 1 0 0 0 0 1 1 1 1 0 1 1 0 1 1 0]
At 10301/30000: COST 0.225/2.192(0.244) -- Acc 0.910/0.400(0.906)
[1 1 0 1 1 1 0 1 1 0 0 1 1 0 1 1 1 0 0 0 0 0 0 0 1 0 0 1 1 0 0 1 1 1 0 1 1
 0 1 1 0 0 1 0 0 0 1 0 0 1 0 1 0 0 1 1 0 1 0 1 1 1 0 0 1 1 0 0 1 0 0 1 0 0
 1 0 1 1 0 0 0 1 0 0 0 1 1 1 1 0 0 1 1 1 0 0 0 1 0 1]
At 10401/30000: COST 0.215/2.385(0.215) -- Acc 0.920/0.460(0.919)
[0 0 1 0 1 1 0 0 0 1 1 1 1 0 0 0 1 1 1 0 0 0 1 0 1 0 1 1 1 0 0 0 0 0 0 0 0
 0 0 1 1 0 0 1 0 1 1 0 1 1 1 1 0 1 0 1 0 0 1 1 0 0 0 1 0 1 0 1 1 1 0 0 0 1
 1 1 1 1 0 1 1 1 0 0 1 1 1 0 1 0 0 0 0 1 0 0 1 0 1 0]
At 10501/30000: COST 0.226/2.407(0.204) -- Acc 0.930/0.430(0.923)
[0 0 1 0 0 0 0 1 0 0 0 1 1 1 0 1 0 0 0 0 0 1 1 1 1 0 0 1 0 1 0 1 0 0 1 1 1
 1 0 0 0 0 1 0 0 0 0 1 0 1 1 1 1 1 1 0 0 0 1 1 0 0 1 1 0 0 0 0 1 1 1 0 1 0
 1 0 1 0 0 1 1 1 1 1 1 1 0 0 1 1 0 0 1 0 0 1 1 0 1 0]
At 10601/30000: COST 0.238/2.606(0.196) -- Acc 0.910/0.450(0.927)
[0 1 1 1 1 0 0 1 0 1 0 0 0 1 1 0 0 1 1 0 1 1 1 0 1 0 0 0 0 1 0 1 1 0 1 1 1
 1 1 0 0 0 1 1 0 1 1 1 1 1 1 0 1 1 1 0 0 1 1 1 1 1 1 0 1 0 0 0 0 0 0 1 1 1
 0 1 0 0 0 0 0 0 1 1 1 1 0 0 0 1 1 0 0 1 0 1 1 0 0 0]
At 10701/30000: COST 0.240/2.504(0.181) -- Acc 0.920/0.500(0.933)
[1 1 1 1 1 1 0 0 1 1 1 0 0 0 0 0 1 1 1 0 0 0 0 1 0 1 1 0 0 0 1 0 0 0 1 1 1
 0 0 0 0 0 1 1 1 1 1 1 1 0 0 0 1 1 1 0 0 0 0 0 1 0 1 1 0 0 1 0 1 0 0 1 0 1
 1 0 1 1 0 1 1 0 0 0 0 1 1 1 0 1 0 0 1 0 0 0 1 1 1 0]
At 10801/30000: COST 0.198/2.734(0.177) -- Acc 0.930/0.480(0.934)
[0 1 0 1 1 1 0 1 1 0 0 0 0 1 1 1 1 1 0 0 0 0 0 1 1 1 0 1 0 1 1 0 0 1 0 0 1
 1 0 1 1 0 1 1 1 1 1 0 1 0 0 0 1 0 1 0 1 1 0 1 0 0 0 1 1 0 0 1 0 0 1 0 0 1
 0 1 1 1 1 1 0 0 0 0 0 1 0 1 1 1 0 1 0 1 1 0 0 0 0 0]
At 10901/30000: COST 0.179/2.722(0.174) -- Acc 0.930/0.450(0.935)
[0 1 1 1 1 1 1 1 1 0 0 0 1 0 0 0 1 0 0 0 1 0 0 0 1 1 1 0 0 0 0 0 0 0 0 0 1
 1 1 0 0 1 1 0 1 1 1 1 0 0 1 0 0 1 1 1 0 1 1 0 0 0 0 1 1 1 0 1 1 1 0 1 1 1
 1 1 0 1 0 1 1 1 0 0 1 1 1 0 1 1 1 1 0 0 0 0 1 0 0 1]
At 11001/30000: COST 0.275/2.325(0.177) -- Acc 0.880/0.500(0.935)
[1 0 1 0 0 0 1 1 0 0 0 1 0 0 1 0 1 0 0 0 1 0 0 1 1 1 1 1 0 0 1 0 0 0 0 1 1
 0 0 0 1 1 1 1 1 0 0 0 0 0 1 1 1 0 1 1 1 1 1 1 1 1 0 1 1 1 1 0 1 1 0 1 0 0
 0 1 1 1 0 1 1 1 0 0 1 1 0 0 1 0 0 1 0 1 1 0 0 0 0 1]
At 11101/30000: COST 0.255/3.116(0.170) -- Acc 0.910/0.430(0.938)
[0 0 0 0 1 1 1 0 1 0 1 1 0 1 0 0 1 0 1 0 0 0 1 0 0 1 1 0 1 0 0 1 0 0 1 1 1
 0 1 1 1 1 1 1 0 1 0 0 0 1 0 1 1 0 1 0 0 0 0 0 0 0 1 0 0 1 0 0 1 1 1 1 1 0
 0 1 1 0 0 1 0 0 0 1 0 0 0 1 1 1 1 1 0 1 0 0 0 1 1 1]
At 11201/30000: COST 0.151/2.916(0.159) -- Acc 0.950/0.430(0.943)
[1 0 0 1 0 1 0 0 0 0 1 1 1 1 1 1 1 1 1 1 1 1 1 1 1 1 1 0 0 1 1 0 0 0 1 0 0
 1 0 0 1 1 1 0 1 0 0 1 1 1 1 0 1 0 0 0 1 1 1 1 0 1 0 1 1 1 0 0 1 1 0 0 0 0
 1 1 0 1 1 0 0 0 0 0 1 0 0 0 0 0 0 1 0 1 1 0 0 0 0 1]
At 11301/30000: COST 0.295/2.065(0.198) -- Acc 0.920/0.510(0.930)
[1 0 1 1 1 1 1 1 1 0 0 1 0 0 0 1 0 1 0 0 1 1 1 0 0 1 0 0 1 1 0 1 1 1 0 1 0
 1 0 0 0 0 0 1 1 0 1 1 0 1 1 0 1 1 1 1 0 0 0 1 1 1 0 0 1 1 1 1 0 1 1 1 1 1
 0 0 0 1 0 0 0 0 0 1 1 0 0 1 0 0 1 1 0 0 1 0 0 0 1 0]
At 11401/30000: COST 0.229/2.516(0.181) -- Acc 0.930/0.450(0.936)
[0 0 1 1 0 1 0 1 1 1 0 0 1 0 1 1 0 1 1 1 1 1 0 1 1 1 0 0 1 0 0 0 0 1 1 0 0
 0 1 1 0 0 0 1 1 1 0 0 1 0 0 0 1 0 1 1 0 1 0 1 0 0 0 0 1 1 0 1 0 0 1 0 1 1
 0 0 1 0 1 0 0 0 1 0 1 0 0 0 0 1 1 1 0 1 1 1 1 1 1 0]
At 11501/30000: COST 0.149/2.437(0.170) -- Acc 0.940/0.510(0.940)
[1 0 1 1 1 1 1 0 0 1 0 1 1 0 0 0 1 0 1 1 1 0 1 1 1 0 1 1 0 0 1 0 1 1 1 1 1
 1 0 1 0 1 1 1 1 0 0 1 0 1 0 0 0 0 1 1 1 0 0 0 0 0 0 1 0 0 1 1 1 1 1 1 0 0
 1 0 0 1 1 1 1 0 1 0 1 0 0 0 0 0 0 1 0 0 0 0 0 0 1 1]
At 11601/30000: COST 0.159/2.530(0.159) -- Acc 0.930/0.490(0.943)
[0 1 1 1 1 1 0 0 0 0 1 0 0 1 1 0 1 1 1 1 0 0 1 0 1 1 0 0 0 1 0 0 1 1 0 0 0
 0 0 1 1 0 1 1 1 1 0 0 0 0 0 0 1 1 0 1 0 0 0 0 1 1 0 0 0 1 1 1 0 1 1 1 0 1
 1 1 0 1 0 1 0 0 0 1 1 0 0 1 0 1 0 1 1 0 1 1 1 1 0 1]
At 11701/30000: COST 0.103/2.478(0.154) -- Acc 0.960/0.440(0.945)
[1 1 0 0 0 0 0 0 1 0 1 1 1 1 1 1 0 0 0 1 1 1 0 0 0 0 1 1 1 1 1 1 0 1 1 1 1
 0 0 0 1 1 0 1 1 1 1 0 1 1 0 0 1 1 0 0 1 0 1 0 1 1 1 0 0 1 0 0 0 0 0 1 1 0
 1 1 1 1 0 1 1 0 0 0 1 0 0 1 0 0 0 0 1 1 1 0 0 0 0 1]
At 11801/30000: COST 0.212/2.766(0.148) -- Acc 0.920/0.430(0.947)
[1 0 0 1 0 1 1 0 1 0 0 0 1 1 1 0 0 1 1 1 1 1 0 0 1 0 0 1 1 0 1 1 0 0 1 0 0
 0 0 1 1 0 1 0 1 0 0 0 0 0 0 0 1 1 0 1 1 1 0 0 0 0 0 0 1 1 0 1 1 1 0 0 0 1
 0 1 1 0 0 1 0 1 1 1 0 1 1 1 0 0 0 0 1 0 1 0 1 0 1 0]
At 11901/30000: COST 0.098/2.479(0.155) -- Acc 0.970/0.460(0.946)
[1 0 1 0 0 0 0 0 0 1 1 1 0 1 0 1 0 1 0 0 1 1 0 1 1 0 0 0 1 1 1 0 1 0 0 1 0
 1 0 1 1 0 1 0 1 0 0 1 1 0 0 0 1 1 0 0 0 1 0 1 0 0 0 0 1 0 1 1 0 0 1 1 1 0
 1 0 0 1 1 1 1 0 1 0 1 0 1 0 0 0 1 0 1 0 1 0 1 1 1 1]
At 12001/30000: COST 0.204/2.419(0.182) -- Acc 0.940/0.420(0.934)
[0 1 0 1 1 0 0 1 1 0 0 1 0 0 0 1 0 1 0 1 1 0 1 1 1 1 1 1 0 1 0 1 1 0 0 1 1
 1 0 0 0 1 1 0 0 0 1 0 0 1 0 1 1 1 1 0 0 0 1 0 1 1 0 0 1 0 0 0 0 0 0 0 0 0
 1 1 0 0 0 0 1 0 1 0 1 0 0 1 1 0 0 1 1 1 1 1 0 0 0 0]
At 12101/30000: COST 0.192/2.599(0.154) -- Acc 0.930/0.450(0.945)
[1 1 0 1 0 0 0 1 1 0 0 1 1 0 0 1 0 1 0 0 1 1 1 0 1 0 0 1 0 1 1 0 0 1 0 1 0
 0 1 0 1 1 1 1 0 1 0 0 0 0 1 0 0 1 1 0 1 0 0 1 0 0 1 1 1 0 1 0 1 0 1 0 1 0
 1 1 1 1 1 0 1 0 1 1 0 0 0 0 0 0 1 0 0 1 1 0 1 0 1 0]
At 12201/30000: COST 0.242/2.583(0.158) -- Acc 0.900/0.480(0.944)
[1 1 1 0 0 1 0 1 0 0 1 1 0 1 0 1 1 1 0 1 1 0 1 0 0 1 0 1 1 1 1 0 1 0 1 1 1
 0 0 1 1 1 1 0 0 0 1 1 0 1 0 1 1 0 0 0 0 0 0 0 1 0 1 0 1 1 1 1 0 0 1 0 1 1
 0 0 0 0 1 0 0 1 1 0 1 1 0 0 0 0 1 0 0 0 1 0 0 1 1 0]
At 12301/30000: COST 0.158/2.200(0.173) -- Acc 0.930/0.450(0.938)
[0 1 1 1 1 0 0 0 1 1 1 0 0 0 0 1 0 1 1 0 0 0 1 0 1 1 1 0 1 0 1 1 0 1 1 0 0
 0 1 0 1 0 1 0 1 1 0 0 0 0 1 0 1 0 0 1 0 0 1 0 0 0 1 1 1 0 0 0 1 0 0 0 0 1
 0 0 1 1 1 1 0 1 1 1 1 0 0 0 1 1 1 0 0 0 0 0 0 0 0 1]
At 12401/30000: COST 0.146/2.577(0.155) -- Acc 0.970/0.440(0.945)
[1 0 1 0 1 0 0 0 1 0 1 1 1 1 0 1 0 1 1 0 0 1 0 1 1 0 0 1 0 0 0 1 0 0 1 0 1
 1 0 1 1 0 0 1 1 0 0 0 1 1 1 0 0 0 1 0 0 1 0 0 1 1 1 0 1 1 0 0 1 0 1 1 0 0
 0 0 1 1 0 1 0 0 1 1 1 1 0 1 1 0 0 0 0 0 1 1 1 1 0 1]
At 12501/30000: COST 0.208/2.474(0.146) -- Acc 0.910/0.490(0.949)
[0 1 0 0 1 1 1 0 1 1 0 1 1 1 1 1 0 0 0 1 1 0 1 0 1 1 1 1 1 0 0 1 1 0 1 1 0
 1 0 0 1 1 0 0 0 0 0 1 0 0 1 0 0 1 1 0 0 1 0 0 0 0 1 1 0 1 0 0 0 0 0 0 1 1
 1 0 0 1 1 0 1 1 0 0 0 0 0 1 0 0 0 0 1 1 0 0 0 0 1 1]
At 12601/30000: COST 0.134/2.909(0.138) -- Acc 0.970/0.430(0.953)
[0 0 0 1 1 1 1 1 0 0 1 0 1 1 0 1 0 0 0 1 1 1 0 0 1 0 0 1 0 0 1 1 0 0 0 0 0
 0 0 1 1 0 0 1 1 1 1 1 0 1 0 1 1 0 0 1 0 0 0 1 1 1 0 0 1 0 0 0 1 1 0 1 1 0
 1 0 0 0 1 0 1 0 0 1 0 0 1 0 1 0 1 0 0 1 0 0 1 1 1 1]
At 12701/30000: COST 0.133/2.547(0.133) -- Acc 0.950/0.500(0.953)
[0 0 1 1 0 1 0 0 0 0 1 0 1 1 1 1 0 0 0 1 1 0 0 1 0 0 1 1 0 0 0 1 0 0 1 1 0
 0 0 1 0 1 1 0 1 0 0 0 0 0 0 1 1 1 0 0 1 0 0 0 1 1 0 0 0 0 1 1 0 0 0 1 0 0
 1 1 1 0 0 1 0 0 1 0 1 0 1 0 0 1 0 1 0 1 1 0 1 1 0 1]
At 12801/30000: COST 0.087/2.337(0.144) -- Acc 0.960/0.480(0.948)
[1 0 0 0 1 1 0 0 0 1 1 1 0 0 1 1 1 1 1 1 0 0 0 0 1 0 0 1 0 0 0 0 1 0 1 0 0
 1 1 0 1 1 0 0 1 1 1 1 0 1 1 0 1 0 1 0 1 0 1 0 1 0 0 1 1 0 0 0 0 1 1 0 1 1
 1 1 0 0 0 1 1 0 0 0 1 0 1 1 0 1 0 0 0 0 1 0 0 1 0 1]
At 12901/30000: COST 0.095/2.518(0.144) -- Acc 0.970/0.470(0.949)
[1 0 1 0 0 1 0 0 0 1 1 1 0 1 0 1 1 1 0 0 0 0 0 0 0 0 0 0 1 1 1 1 0 1 1 0 0
 1 1 1 0 1 0 0 1 0 1 0 0 1 0 0 0 1 0 0 0 0 1 1 0 0 0 0 0 0 0 1 1 1 0 0 1 0
 0 0 1 0 1 1 0 1 1 0 0 1 1 0 0 1 1 1 1 1 0 1 0 0 0 0]
At 13001/30000: COST 0.185/2.723(0.148) -- Acc 0.940/0.460(0.948)
[0 0 1 1 1 1 1 1 0 0 0 1 1 0 0 1 0 1 0 0 1 0 0 0 0 1 0 0 0 1 1 0 1 0 0 0 1
 0 1 0 1 1 1 1 1 0 1 1 1 0 1 1 0 1 1 0 0 0 1 1 0 1 1 1 0 0 0 0 0 0 0 1 0 0
 1 1 1 0 0 0 1 1 1 1 0 0 1 1 0 0 1 1 1 1 1 1 0 1 0 0]
At 13101/30000: COST 0.149/3.167(0.158) -- Acc 0.940/0.420(0.945)
[0 1 1 0 1 0 0 1 0 1 1 0 0 0 0 0 1 1 0 0 0 1 1 0 1 0 1 1 1 0 1 1 0 0 0 1 0
 1 0 0 1 0 0 1 1 1 0 1 0 1 1 0 1 0 1 0 1 0 0 1 1 1 0 0 0 0 1 1 1 1 1 1 0 1
 1 1 1 0 0 1 1 0 1 0 0 1 0 1 0 0 0 1 0 0 1 0 0 0 1 1]
At 13201/30000: COST 0.120/2.752(0.152) -- Acc 0.940/0.470(0.948)
[1 1 0 0 1 0 0 1 0 1 1 1 0 1 0 0 0 1 1 0 0 1 1 0 0 1 1 0 0 0 1 0 1 1 0 0 0
 0 0 1 1 0 1 1 1 0 1 0 1 1 1 0 1 0 0 0 0 0 0 1 0 0 0 1 0 0 0 0 0 0 0 1 0 0
 0 0 1 0 0 0 1 1 1 1 1 0 0 1 0 1 0 1 0 0 0 1 1 1 0 1]
At 13301/30000: COST 0.141/2.514(0.144) -- Acc 0.950/0.460(0.949)
[1 0 1 0 1 0 0 1 1 0 0 0 1 0 0 1 1 1 0 1 0 1 1 0 0 1 0 1 0 0 1 0 0 1 0 0 0
 1 1 0 1 1 0 1 0 0 0 0 1 0 0 0 1 1 1 0 0 0 0 1 1 0 0 0 1 0 1 1 1 0 0 1 0 1
 1 1 1 1 0 1 1 1 0 1 0 1 0 1 0 1 0 1 0 1 1 0 0 1 1 0]
At 13401/30000: COST 0.060/3.110(0.128) -- Acc 0.990/0.420(0.955)
[1 1 0 0 1 0 1 0 1 1 1 0 1 0 1 0 1 1 0 0 1 1 1 0 1 0 0 0 0 1 1 0 1 1 1 1 0
 0 0 1 1 1 0 0 1 0 0 1 0 0 1 0 1 0 1 1 0 1 1 1 1 0 0 0 1 0 1 0 1 0 1 0 1 1
 0 1 1 1 0 0 1 1 0 1 0 0 0 0 1 0 0 1 0 0 1 0 1 0 1 1]
At 13501/30000: COST 0.118/3.081(0.111) -- Acc 0.960/0.490(0.961)
[1 1 0 1 1 0 1 1 0 0 1 1 1 1 1 0 1 0 0 1 0 1 1 0 0 0 0 1 0 1 0 1 0 0 1 0 1
 1 0 1 1 1 0 1 0 0 1 1 0 1 0 0 1 1 0 0 0 1 0 0 0 1 1 0 1 1 0 1 1 0 1 1 1 1
 0 1 0 0 1 0 1 0 1 1 1 1 1 1 0 0 1 0 1 0 0 0 1 0 1 1]
At 13601/30000: COST 0.064/3.224(0.107) -- Acc 0.990/0.420(0.964)
[0 1 0 0 1 0 0 0 1 0 0 1 0 0 0 0 1 1 0 1 1 0 0 0 1 1 1 0 0 0 0 1 1 0 0 0 0
 0 1 1 1 1 0 1 1 0 0 1 1 1 1 0 0 0 0 1 0 1 1 0 1 1 1 0 1 1 0 1 0 1 0 1 1 1
 1 1 1 0 1 1 1 0 0 1 0 0 0 1 1 1 1 1 1 0 0 1 0 1 1 0]
At 13701/30000: COST 0.095/2.797(0.117) -- Acc 0.960/0.510(0.958)
[0 1 0 1 1 0 0 0 1 1 0 1 0 1 0 0 1 1 1 0 0 1 0 0 0 0 1 0 0 1 1 0 0 1 1 1 1
 1 1 1 0 0 1 0 1 0 0 0 1 0 0 1 1 0 1 1 1 1 0 0 1 1 1 0 1 1 1 1 0 0 1 1 0 0
 0 0 1 0 1 1 1 1 0 1 1 1 0 1 1 1 1 0 0 0 0 0 1 1 0 0]
At 13801/30000: COST 0.189/2.755(0.131) -- Acc 0.960/0.500(0.954)
[0 0 0 1 0 1 0 0 0 1 1 1 0 0 0 0 1 1 0 0 0 0 0 1 1 1 0 1 0 1 1 0 0 0 0 1 1
 0 1 1 0 1 0 1 1 1 0 1 0 1 0 1 0 0 1 1 1 1 1 1 1 0 0 1 1 1 0 1 0 0 0 1 1 0
 1 1 0 0 0 1 1 0 0 1 0 0 1 1 0 0 1 1 0 1 0 1 1 0 0 0]
At 13901/30000: COST 0.134/2.606(0.138) -- Acc 0.940/0.500(0.952)
[1 1 0 0 0 1 1 1 0 0 1 1 0 1 1 0 1 0 0 0 1 0 0 1 1 1 0 1 1 0 1 0 1 1 0 0 0
 1 0 1 1 1 1 1 1 1 0 0 0 0 0 1 1 1 1 0 1 0 1 0 0 0 0 1 1 0 0 0 0 1 1 0 1 1
 0 1 1 0 0 1 0 0 0 1 1 1 1 0 1 0 1 1 1 0 1 0 1 1 1 0]
At 14001/30000: COST 0.144/3.126(0.138) -- Acc 0.980/0.470(0.951)
[0 1 0 0 0 0 1 1 1 0 0 1 0 0 1 0 1 0 1 0 0 1 1 0 0 0 1 1 1 0 0 1 0 0 1 1 1
 0 0 1 1 1 1 1 1 0 0 1 0 1 0 0 0 1 0 0 1 1 0 1 0 1 0 0 1 0 1 0 0 0 0 1 0 0
 1 1 0 0 0 0 0 1 1 1 0 1 0 0 1 1 0 0 1 0 0 0 0 1 1 0]
At 14101/30000: COST 0.081/2.834(0.135) -- Acc 0.970/0.470(0.953)
[1 1 0 1 1 1 1 1 1 0 1 1 0 0 0 1 0 1 0 0 0 0 1 1 1 0 1 1 0 1 0 0 0 1 1 0 0
 1 1 1 1 1 0 0 1 0 0 1 1 0 1 1 1 0 1 1 1 1 0 1 1 1 0 0 0 0 0 0 0 0 0 0 1 1
 0 0 1 0 0 0 1 0 1 0 1 0 0 1 1 0 1 1 1 0 1 1 0 1 1 0]
At 14201/30000: COST 0.062/3.123(0.122) -- Acc 0.990/0.500(0.958)
[0 1 1 1 0 0 0 0 1 1 0 1 1 1 1 0 1 1 0 1 1 0 1 1 0 0 1 1 0 0 0 0 1 0 1 1 1
 1 1 1 0 1 0 0 1 1 1 1 0 0 1 1 1 0 0 0 0 0 1 0 1 0 0 0 1 1 1 1 0 1 0 0 0 1
 1 1 1 1 0 1 0 1 0 0 1 0 1 0 1 0 1 0 0 1 0 0 1 1 1 0]
At 14301/30000: COST 0.157/2.782(0.138) -- Acc 0.960/0.490(0.953)
[0 1 1 1 1 0 0 1 0 1 0 0 0 0 1 1 0 1 0 1 1 0 1 1 1 1 0 1 1 1 1 1 1 1 1 1 0
 1 1 0 1 0 1 1 0 0 0 0 1 1 0 0 1 0 0 1 1 1 1 0 0 1 1 1 0 0 1 1 0 1 1 0 1 0
 0 0 0 0 1 0 0 1 0 0 0 0 1 0 0 0 1 1 0 1 1 0 0 0 1 0]
At 14401/30000: COST 0.116/2.590(0.133) -- Acc 0.940/0.490(0.953)
[0 1 1 1 1 0 0 0 1 1 1 0 1 1 1 0 1 1 1 1 0 0 0 0 0 0 1 1 1 1 0 1 0 0 0 1 0
 1 0 1 0 1 1 1 1 0 0 0 0 0 0 0 1 1 0 0 1 0 1 0 0 0 1 1 0 0 0 1 1 1 0 0 0 0
 0 1 0 0 0 0 0 0 1 1 0 1 1 1 1 1 0 1 0 0 1 0 0 0 1 1]
At 14501/30000: COST 0.079/3.070(0.108) -- Acc 0.960/0.500(0.963)
[1 0 0 0 0 1 1 0 0 1 1 0 0 1 0 1 1 0 0 1 0 0 0 1 1 1 0 1 1 0 0 1 0 0 1 0 0
 0 0 1 0 0 1 1 0 0 0 1 0 1 0 1 0 0 0 1 0 0 0 1 0 1 1 0 1 1 1 0 1 1 0 0 0 0
 0 1 1 1 1 1 1 1 1 1 0 1 0 0 0 1 0 1 1 1 1 1 0 1 0 0]
At 14601/30000: COST 0.027/3.259(0.104) -- Acc 1.000/0.470(0.964)
[1 1 0 0 1 0 0 1 1 1 0 0 1 0 0 1 0 1 1 1 1 1 1 0 0 0 0 0 1 0 0 1 1 0 1 1 1
 1 1 1 1 0 0 0 1 1 1 0 1 1 1 1 1 1 0 0 1 0 0 0 1 0 0 0 0 1 0 0 0 1 0 1 0 0
 0 0 0 1 1 0 0 1 0 1 1 1 1 1 1 0 1 1 1 0 0 1 0 1 1 1]
At 14701/30000: COST 0.039/3.170(0.098) -- Acc 0.980/0.470(0.967)
[0 0 0 0 1 0 1 0 1 0 0 1 1 0 1 0 1 0 0 0 1 1 0 1 0 0 1 0 1 0 0 1 0 1 0 0 1
 1 0 1 0 0 0 0 1 0 1 0 0 1 1 1 1 1 1 0 1 0 0 1 0 1 1 1 1 0 1 0 0 1 1 0 0 0
 1 0 1 1 1 1 1 0 1 1 1 0 0 1 1 1 1 0 0 0 1 1 0 1 1 1]
At 14801/30000: COST 0.059/2.891(0.104) -- Acc 0.960/0.490(0.965)
[1 0 1 1 0 0 0 1 1 1 0 0 1 0 1 0 1 1 0 1 0 0 1 0 1 1 0 0 1 1 0 0 0 1 0 0 0
 1 1 1 0 0 0 1 1 1 0 0 0 1 0 1 0 1 0 0 0 1 1 1 0 0 0 1 1 0 1 1 0 1 0 1 0 0
 0 1 0 0 0 1 0 0 0 1 0 0 1 1 1 1 1 1 0 1 1 1 1 0 1 0]
At 14901/30000: COST 0.164/2.497(0.113) -- Acc 0.920/0.480(0.960)
[0 0 1 1 0 0 0 0 0 0 1 0 1 1 0 0 0 1 0 0 1 0 1 0 0 1 1 0 0 1 0 1 1 0 0 1 0
 1 1 1 1 0 1 1 1 0 0 1 1 1 0 1 1 0 1 0 1 1 0 1 0 0 0 0 1 0 1 0 0 1 0 1 0 0
 1 0 1 1 0 0 1 1 1 1 1 0 1 1 0 1 0 0 0 1 0 1 1 1 1 0]
At 15001/30000: COST 0.162/2.672(0.118) -- Acc 0.950/0.490(0.959)
[1 1 0 1 0 0 0 0 1 0 1 1 1 1 0 0 1 0 0 1 0 1 0 1 1 0 1 0 1 1 1 1 1 1 0 1 1
 1 1 1 0 1 0 1 0 1 0 0 0 1 0 1 0 0 1 1 0 0 0 0 1 0 0 1 0 0 1 0 0 0 0 1 0 0
 0 0 0 0 0 0 0 1 0 1 1 0 1 0 1 0 0 0 0 1 1 1 0 0 1 0]
At 15101/30000: COST 0.079/3.221(0.105) -- Acc 0.960/0.500(0.964)
[0 1 0 1 0 1 1 0 0 0 0 0 1 0 1 0 0 0 0 0 1 1 1 0 0 0 1 0 1 1 0 0 1 1 1 1 1
 0 0 1 1 1 1 1 1 1 1 1 0 1 0 1 0 1 1 0 0 0 1 0 0 1 0 1 0 0 0 0 1 0 1 1 1 1
 1 1 0 0 0 0 0 1 0 0 1 0 0 0 1 0 1 0 1 0 0 1 1 0 1 1]
At 15201/30000: COST 0.088/3.085(0.115) -- Acc 0.980/0.440(0.960)
[1 1 0 1 1 0 1 1 0 0 1 1 1 0 1 1 0 1 0 1 0 1 0 1 0 0 0 1 0 1 0 1 1 0 0 1 1
 0 0 1 0 1 0 0 1 0 1 0 1 0 0 1 1 0 1 0 0 0 1 1 0 1 1 1 0 0 1 1 0 0 1 1 0 1
 0 1 0 0 0 1 1 0 0 0 0 1 0 0 0 1 0 1 0 0 0 0 0 1 1 1]
At 15301/30000: COST 0.101/2.887(0.107) -- Acc 0.960/0.510(0.962)
[0 0 0 0 0 0 1 0 1 1 0 1 1 1 0 1 1 0 1 0 0 0 0 0 0 0 1 1 1 1 1 1 0 0 1 1 1
 1 0 0 0 0 1 0 1 0 0 0 0 0 1 1 0 1 1 1 0 1 1 1 0 0 0 0 0 1 1 1 1 0 1 0 1 0
 0 1 1 0 1 1 0 1 0 1 1 0 1 0 0 1 1 1 0 1 0 0 0 1 1 0]
At 15401/30000: COST 0.062/2.991(0.116) -- Acc 0.980/0.420(0.960)
[1 1 0 1 0 1 0 0 1 0 1 1 1 0 0 0 0 0 0 1 0 0 1 0 1 0 0 0 0 0 0 0 1 1 1 0 0
 1 1 0 0 1 1 1 1 1 1 0 1 1 1 0 1 1 1 1 0 0 1 1 0 1 0 1 1 1 1 0 1 1 1 1 0 0
 0 1 0 0 1 1 0 0 0 0 1 0 0 1 0 0 0 1 0 0 1 0 1 0 0 1]
At 15501/30000: COST 0.155/3.187(0.106) -- Acc 0.940/0.440(0.964)
[1 0 1 1 1 0 0 1 1 0 1 1 0 1 1 1 0 0 0 1 1 0 1 0 1 1 1 0 1 0 0 0 1 0 0 1 0
 0 0 1 1 0 0 0 1 1 0 0 0 1 1 0 0 1 1 1 1 1 0 1 1 1 0 1 0 0 1 1 1 0 0 0 0 1
 0 1 0 1 0 1 0 0 1 1 0 1 1 1 1 0 1 1 1 0 0 0 0 0 1 1]
At 15601/30000: COST 0.114/2.816(0.105) -- Acc 0.950/0.480(0.965)
[1 0 1 1 1 0 1 1 0 1 0 0 1 0 0 1 1 1 1 0 0 1 1 1 1 1 1 0 1 1 1 0 1 0 1 0 1
 1 1 0 0 0 1 1 1 1 0 1 1 0 1 1 0 0 0 0 1 0 1 1 0 1 1 1 1 1 0 0 1 1 0 0 1 0
 0 0 0 0 0 0 1 1 1 1 1 0 1 0 0 0 1 0 1 1 0 0 0 0 0 0]
At 15701/30000: COST 0.058/3.206(0.099) -- Acc 0.970/0.470(0.966)
[1 0 0 1 0 0 1 1 1 1 0 0 1 1 0 1 1 1 1 0 0 0 0 1 0 0 0 1 1 1 1 1 1 0 0 1 1
 1 0 0 0 0 0 1 0 1 1 1 0 1 1 0 0 0 0 1 0 0 1 0 1 1 1 1 1 1 1 1 0 0 0 0 1 0
 0 1 1 0 1 0 0 1 0 1 1 1 1 1 1 0 0 0 0 1 0 1 0 0 1 0]
At 15801/30000: COST 0.097/3.396(0.106) -- Acc 0.980/0.450(0.965)
[1 1 1 1 1 1 1 1 1 1 0 0 0 0 0 0 0 0 0 0 0 0 0 1 0 1 1 1 0 0 1 0 1 1 1 1 1
 1 0 0 1 0 1 1 0 0 1 1 1 1 1 0 1 0 1 0 1 1 0 0 1 1 0 0 1 1 1 1 1 1 1 0 1 1
 0 0 0 1 0 1 0 1 0 0 1 0 0 0 0 1 0 0 1 1 1 1 1 1 0 1]
At 15901/30000: COST 0.140/3.073(0.099) -- Acc 0.940/0.450(0.967)
[0 1 0 1 0 1 1 0 0 0 0 0 1 1 0 0 1 1 1 0 1 0 0 0 0 1 0 0 1 0 0 0 0 1 1 1 1
 0 0 1 1 0 0 0 1 1 0 0 1 1 1 1 1 0 0 1 1 1 1 0 1 0 0 1 0 1 1 0 1 0 1 1 0 0
 1 0 1 1 0 1 0 0 1 0 1 1 0 1 1 0 1 1 0 0 1 1 1 0 0 1]
At 16001/30000: COST 0.042/3.279(0.093) -- Acc 0.980/0.460(0.969)
[1 0 0 1 1 0 1 0 0 1 0 0 0 0 1 0 0 0 1 1 0 0 0 1 0 0 0 0 1 0 0 0 1 1 0 0 1
 0 1 1 0 1 0 0 1 0 1 1 0 1 1 1 1 1 1 0 0 1 0 1 0 0 0 0 1 0 0 0 1 1 1 1 1 0
 1 1 1 1 1 1 1 1 1 1 1 0 0 1 1 0 0 1 1 0 1 1 0 1 0 1]
At 16101/30000: COST 0.043/3.710(0.086) -- Acc 0.990/0.430(0.971)
[0 0 0 1 1 1 0 0 0 0 0 1 0 0 0 1 1 0 1 1 0 1 0 1 0 1 1 1 1 1 0 1 0 1 1 1 1
 0 1 1 0 1 1 1 1 1 0 0 1 1 0 1 0 0 0 0 0 0 1 1 1 0 1 0 0 1 0 0 0 1 0 0 0 1
 1 0 0 1 0 1 0 0 1 1 1 0 1 0 0 1 0 0 1 0 1 1 1 1 0 0]
At 16201/30000: COST 0.101/2.785(0.098) -- Acc 0.980/0.530(0.969)
[1 1 0 1 1 1 0 1 1 1 1 0 0 1 1 0 1 0 0 1 1 1 0 1 1 0 1 1 0 0 1 1 1 1 1 1 0
 1 0 1 0 0 1 1 1 0 0 1 0 0 0 1 1 1 1 0 0 1 0 0 0 1 0 0 0 1 0 1 0 0 0 0 0 1
 0 1 1 0 1 1 1 1 1 0 0 1 1 0 1 1 1 0 1 0 0 0 1 1 0 1]
At 16301/30000: COST 0.103/2.760(0.136) -- Acc 0.930/0.470(0.956)
[1 1 0 1 1 0 1 1 0 1 0 0 0 0 0 0 0 1 0 1 1 1 0 1 1 1 1 1 0 0 0 1 1 1 0 0 0
 0 1 0 1 1 1 1 1 1 0 0 1 1 1 1 0 0 0 0 1 0 1 1 1 0 1 1 1 1 0 0 1 0 1 0 1 1
 1 0 1 1 1 1 1 0 0 0 1 1 1 1 0 1 0 1 0 0 0 0 1 1 0 0]
At 16401/30000: COST 0.055/3.122(0.118) -- Acc 0.980/0.470(0.961)
[0 0 0 1 0 1 0 1 1 1 0 1 1 0 1 1 1 0 0 0 0 0 0 1 0 1 1 0 0 1 0 0 1 0 0 0 1
 0 0 1 0 1 0 0 1 1 1 0 0 1 0 1 0 0 1 1 1 0 1 0 1 1 1 0 1 1 1 0 1 0 1 0 0 1
 1 1 1 1 1 1 1 0 1 1 0 0 1 0 0 1 1 0 0 1 0 0 0 1 0 1]
At 16501/30000: COST 0.118/2.861(0.107) -- Acc 0.960/0.460(0.964)
[0 1 0 0 1 1 1 1 0 0 1 0 0 1 0 0 1 1 1 0 0 1 1 0 0 1 0 0 0 1 0 1 0 0 0 0 1
 1 0 0 1 1 1 1 1 1 1 1 0 0 0 0 1 0 0 0 1 1 0 0 1 1 1 1 1 1 1 1 1 1 1 1 0 0
 1 1 0 1 0 1 0 1 1 0 0 0 1 0 1 0 1 0 0 1 1 0 1 0 1 1]
At 16601/30000: COST 0.064/2.971(0.101) -- Acc 0.970/0.490(0.967)
[1 1 1 1 1 1 1 0 0 0 1 0 1 1 0 1 1 0 1 0 1 1 0 0 0 1 0 1 1 1 0 1 0 1 0 0 1
 1 0 0 0 0 1 0 0 0 1 1 0 0 0 1 0 1 0 1 0 0 1 0 0 0 0 1 1 0 0 0 0 1 1 1 1 0
 1 1 1 0 0 1 0 1 1 1 1 1 0 0 1 0 1 1 1 1 1 0 1 1 1 1]
At 16701/30000: COST 0.101/3.259(0.087) -- Acc 0.960/0.480(0.971)
[1 1 0 0 0 1 1 1 0 1 0 0 0 0 1 1 1 0 0 0 1 0 1 0 0 1 0 0 0 1 0 1 0 0 0 1 1
 1 1 0 1 1 1 1 1 1 1 1 1 0 0 0 1 1 0 1 0 1 0 1 0 1 1 0 1 1 1 1 0 0 1 0 1 0
 0 0 1 1 0 1 0 0 1 0 0 1 1 1 0 0 0 1 0 1 1 0 1 0 1 1]
At 16801/30000: COST 0.078/3.174(0.077) -- Acc 0.980/0.520(0.975)
[1 1 1 1 1 1 0 0 0 0 1 1 1 0 1 1 0 1 0 1 1 0 0 1 1 1 1 0 1 0 0 0 0 1 0 0 1
 0 0 0 1 0 0 1 0 1 0 0 1 1 1 1 0 0 1 1 1 0 0 1 0 1 1 0 0 1 0 1 1 0 0 1 1 1
 1 1 0 0 0 1 1 1 1 0 0 1 0 1 1 1 0 0 0 0 0 1 0 1 1 1]
At 16901/30000: COST 0.077/3.252(0.081) -- Acc 0.960/0.510(0.973)
[1 1 1 0 1 1 0 1 0 0 1 1 0 1 0 0 1 0 0 1 1 1 0 1 1 1 0 0 0 1 1 0 1 0 1 1 0
 0 0 1 1 0 0 0 0 0 0 0 1 1 0 0 1 1 0 0 0 1 0 1 1 1 0 1 0 0 0 1 0 0 0 0 0 0
 1 1 1 1 1 1 1 0 1 1 1 0 0 1 1 1 0 1 1 0 1 0 1 1 1 1]
At 17001/30000: COST 0.293/2.917(0.104) -- Acc 0.900/0.460(0.968)
[0 1 0 0 0 0 1 1 1 1 0 0 1 1 0 1 1 1 1 1 0 1 1 1 1 0 1 0 1 0 0 0 1 1 0 0 0
 1 0 0 1 1 1 0 1 1 1 0 0 1 1 1 0 0 1 1 0 0 0 0 1 0 0 1 1 0 1 1 1 1 0 0 1 1
 0 0 0 1 1 1 0 1 1 0 0 1 0 1 1 1 1 1 1 1 1 0 0 0 0 1]
At 17101/30000: COST 0.063/2.565(0.138) -- Acc 0.970/0.470(0.956)
[1 1 0 1 0 0 0 0 1 1 1 1 1 1 0 0 1 1 1 1 0 0 0 1 0 1 1 1 1 1 1 1 0 1 1 1 1
 0 0 1 1 0 0 1 0 1 0 0 0 1 0 1 0 1 1 0 1 0 0 1 0 0 0 1 1 1 0 0 0 0 1 1 1 1
 0 0 0 0 1 0 0 1 1 0 1 0 1 1 1 1 1 0 0 1 1 1 0 0 0 1]
At 17201/30000: COST 0.037/2.885(0.118) -- Acc 1.000/0.480(0.962)
[0 0 0 1 0 1 0 0 0 1 1 0 1 1 1 1 0 0 1 0 0 0 1 1 0 0 0 1 1 1 1 0 1 1 0 0 0
 1 0 0 0 1 0 0 1 0 1 1 0 1 0 0 0 1 1 1 1 1 0 1 1 1 1 0 0 0 1 0 0 1 1 1 0 0
 0 1 0 0 1 0 1 0 1 1 0 1 0 1 1 0 1 0 0 0 0 0 1 1 1 1]
At 17301/30000: COST 0.167/3.145(0.100) -- Acc 0.950/0.460(0.969)
[0 1 1 1 0 1 1 0 1 0 1 1 1 0 1 0 1 1 1 1 0 1 0 1 0 1 1 1 0 1 1 1 1 0 0 0 1
 0 1 1 0 0 1 0 0 1 0 1 1 0 0 0 0 1 0 0 0 0 0 0 0 0 0 1 0 1 1 1 0 1 0 0 1 0
 0 1 0 1 1 0 0 1 1 0 1 1 0 1 1 1 0 0 0 0 1 1 0 0 1 1]
At 17401/30000: COST 0.138/2.849(0.091) -- Acc 0.950/0.500(0.971)
[0 0 0 1 1 1 1 1 1 0 0 1 1 0 0 0 0 0 0 0 0 1 1 1 0 1 1 0 0 0 0 0 1 0 1 1 1
 1 1 0 1 0 1 1 0 1 0 0 0 0 0 1 1 0 1 0 0 0 0 1 1 0 1 1 0 1 1 1 0 0 1 0 1 0
 1 1 0 0 1 0 0 1 0 1 1 0 1 0 1 1 0 1 1 0 1 0 1 0 1 0]
At 17501/30000: COST 0.065/2.847(0.106) -- Acc 0.980/0.460(0.967)
[1 1 1 1 0 1 0 1 0 0 0 0 0 0 0 0 1 1 0 0 1 1 0 1 1 0 0 0 1 0 0 1 0 0 0 1 0
 1 1 0 0 0 1 1 1 1 1 1 1 0 0 0 1 0 0 1 1 1 1 0 0 0 1 0 0 1 1 0 1 0 1 0 0 1
 1 1 0 0 1 0 0 1 0 0 0 0 1 0 1 0 1 0 1 0 0 1 0 0 1 0]
At 17601/30000: COST 0.051/2.879(0.100) -- Acc 0.980/0.500(0.968)
[0 1 1 0 1 0 0 0 1 0 0 1 1 0 1 1 0 0 0 1 1 0 0 1 0 1 1 1 1 0 0 0 1 1 0 1 0
 0 1 1 0 1 1 1 0 0 1 0 1 0 1 0 1 1 1 1 0 0 0 0 0 0 1 0 1 1 1 0 1 0 1 0 0 1
 1 1 0 1 0 0 0 0 1 0 0 1 0 1 0 1 1 1 1 0 1 0 0 0 1 1]
At 17701/30000: COST 0.107/2.859(0.099) -- Acc 0.950/0.470(0.967)
[0 0 0 0 1 1 1 0 0 1 1 0 0 1 0 0 1 1 0 1 1 1 0 0 0 0 0 0 0 1 1 1 1 0 1 1 1
 1 0 0 0 1 0 0 0 0 1 0 1 1 0 1 0 0 1 0 0 1 0 0 1 0 0 0 0 0 0 1 1 1 1 1 1 1
 1 0 1 1 1 1 1 1 1 1 0 1 1 1 0 1 0 0 0 0 0 1 0 1 0 0]
At 17801/30000: COST 0.121/2.880(0.102) -- Acc 0.970/0.480(0.967)
[1 0 0 1 1 1 0 0 1 0 1 1 1 0 0 1 1 1 0 0 0 1 1 0 0 0 0 1 1 1 0 1 0 1 1 1 1
 0 1 0 1 1 1 1 0 1 1 1 1 0 0 1 0 0 1 1 0 1 0 0 0 0 1 1 1 1 0 1 0 1 1 0 1 0
 1 0 1 0 1 1 0 0 0 0 1 0 0 0 1 1 1 0 1 1 0 0 1 1 1 0]
At 17901/30000: COST 0.063/2.534(0.116) -- Acc 0.990/0.540(0.964)
[0 0 1 0 1 0 1 0 0 0 1 0 0 1 0 1 0 0 1 0 0 0 1 0 0 1 0 1 1 0 1 1 1 1 1 1 0
 0 0 1 1 1 0 1 0 1 0 1 1 1 0 1 0 1 0 0 1 0 1 1 1 0 1 1 1 0 1 0 0 1 0 1 0 0
 0 1 0 1 0 0 1 1 1 1 0 1 1 1 1 0 1 0 1 0 0 0 0 1 0 1]
At 18001/30000: COST 0.118/2.916(0.110) -- Acc 0.970/0.480(0.965)
[1 0 1 0 0 0 0 0 1 0 0 0 0 0 0 0 1 1 0 1 1 1 1 1 0 0 1 0 0 1 1 0 0 0 0 0 0
 1 0 0 1 0 1 1 0 0 1 0 0 0 1 0 1 1 0 1 1 1 1 1 0 0 1 0 0 0 1 1 0 1 1 1 0 0
 1 1 0 0 0 1 0 0 0 0 1 0 1 1 1 1 0 0 1 1 1 1 1 1 0 0]
At 18101/30000: COST 0.111/2.650(0.102) -- Acc 0.970/0.450(0.969)
[1 1 1 0 0 1 0 1 0 0 0 1 0 1 0 0 1 1 1 0 1 1 1 1 0 0 0 0 0 1 1 0 0 1 0 0 0
 1 1 1 0 0 1 0 1 0 0 0 0 1 1 0 0 1 1 1 1 0 1 1 1 0 0 0 0 0 1 0 1 0 0 0 0 0
 1 0 1 1 0 1 0 0 0 0 1 1 0 1 0 1 1 0 1 1 1 0 1 1 1 1]
At 18201/30000: COST 0.090/2.570(0.104) -- Acc 0.960/0.500(0.966)
[0 0 0 1 1 1 0 1 0 1 1 0 1 1 0 1 1 1 1 0 0 0 1 0 0 0 0 1 0 1 0 0 1 1 0 0 1
 1 1 1 1 1 1 0 1 0 0 0 1 1 0 1 0 1 1 0 0 1 1 1 1 1 1 1 0 0 1 1 0 1 1 0 0 1
 1 0 0 1 0 0 1 0 1 0 1 1 0 0 0 0 1 0 1 1 0 0 1 0 0 0]
At 18301/30000: COST 0.070/3.099(0.089) -- Acc 0.980/0.490(0.971)
[1 0 1 0 1 1 1 1 0 0 1 0 1 1 1 0 1 1 1 0 1 1 1 1 1 1 1 0 1 1 0 1 1 0 1 0 1
 0 0 0 1 1 1 1 1 0 1 0 0 1 1 0 1 0 1 1 0 0 1 1 0 1 0 0 1 0 0 1 1 1 0 1 1 0
 1 0 0 1 0 1 1 0 1 1 0 0 1 1 0 1 0 0 1 0 1 1 1 1 0 1]
At 18401/30000: COST 0.062/2.937(0.096) -- Acc 0.970/0.480(0.970)
[1 1 0 1 1 1 1 1 0 1 0 0 1 1 1 1 0 1 1 1 1 1 0 0 1 0 0 0 1 0 0 0 1 0 1 0 0
 0 0 1 0 0 1 1 0 0 1 1 1 0 1 0 0 0 1 0 1 1 1 0 0 1 0 1 0 1 1 0 0 0 0 1 1 0
 0 0 1 1 1 0 0 0 0 1 0 1 0 0 1 0 1 1 0 0 0 1 1 1 1 1]
At 18501/30000: COST 0.110/3.070(0.086) -- Acc 0.960/0.480(0.972)
[0 0 0 0 0 0 1 0 1 0 1 1 0 0 0 1 1 1 1 0 1 0 1 1 1 1 0 1 1 0 0 1 0 1 1 0 1
 1 0 0 0 1 0 1 0 1 1 0 0 1 1 0 1 1 1 0 0 0 1 0 1 0 0 0 1 0 1 1 0 0 1 0 0 1
 0 1 1 1 1 1 0 0 0 1 0 0 0 0 0 1 0 1 1 0 1 1 1 0 1 1]
At 18601/30000: COST 0.105/2.820(0.077) -- Acc 0.950/0.510(0.975)
[0 1 0 1 0 1 0 0 1 0 1 0 0 1 1 1 1 0 1 0 1 0 0 1 0 0 1 0 1 0 0 1 1 1 1 0 1
 1 1 0 0 1 1 1 0 1 1 0 0 0 0 1 0 0 0 1 0 1 0 0 0 1 0 1 1 0 0 1 1 0 0 1 1 1
 1 1 0 1 0 1 1 0 1 0 1 1 1 0 0 1 0 0 1 1 1 1 1 1 1 1]
At 18701/30000: COST 0.121/2.791(0.102) -- Acc 0.960/0.500(0.967)
[0 0 0 0 1 1 0 1 1 1 1 0 1 1 0 1 1 1 0 1 1 0 0 1 0 0 1 0 0 0 1 1 1 1 0 1 0
 0 0 1 0 1 1 0 1 1 1 1 0 0 0 0 0 1 0 0 0 0 0 0 0 0 0 1 0 0 1 0 1 0 1 1 1 1
 0 1 0 0 1 0 1 1 0 1 1 0 1 0 1 1 0 0 0 0 0 0 1 1 0 1]
At 18801/30000: COST 0.069/3.197(0.090) -- Acc 0.980/0.440(0.971)
[0 1 1 1 1 1 0 1 0 0 1 0 0 1 0 1 0 1 0 0 1 1 0 0 0 1 0 0 0 0 0 0 1 1 1 1 1
 1 0 1 1 0 0 0 0 0 0 0 1 0 0 0 1 0 1 1 1 0 1 0 1 0 0 1 1 0 0 0 1 1 0 0 1 1
 0 0 1 1 1 1 1 1 1 0 0 0 1 0 1 1 1 0 0 1 0 0 0 1 0 1]
At 18901/30000: COST 0.100/2.898(0.076) -- Acc 0.970/0.490(0.976)
[1 1 1 0 0 1 1 0 0 0 1 1 0 1 1 1 1 0 0 0 1 0 0 1 1 1 1 1 0 0 1 0 1 1 0 0 1
 1 0 0 0 1 0 0 1 1 1 1 0 1 0 0 1 1 1 0 1 1 1 1 0 0 0 0 0 0 0 1 0 0 1 0 0 1
 1 1 1 0 0 1 0 0 1 0 1 1 0 0 0 1 0 1 1 1 0 1 1 0 0 0]
At 19001/30000: COST 0.041/3.545(0.068) -- Acc 0.990/0.480(0.978)
[0 1 0 0 1 1 0 0 1 1 0 1 1 0 1 0 0 1 0 1 0 0 0 0 0 0 0 0 1 0 0 1 1 0 0 1 1
 1 0 1 0 0 1 0 0 1 1 0 1 1 1 0 0 0 1 0 0 1 0 1 1 0 1 0 1 1 1 0 0 0 0 0 1 0
 0 1 1 1 1 0 1 1 0 1 1 0 1 1 1 1 0 1 1 1 1 1 0 1 0 1]
At 19101/30000: COST 0.099/2.925(0.076) -- Acc 0.970/0.480(0.976)
[0 0 0 1 0 0 0 0 1 0 0 1 1 0 1 1 1 0 1 0 1 0 0 0 1 1 0 0 0 0 1 0 1 0 0 1 0
 0 0 1 1 1 0 1 1 1 1 1 1 1 1 0 1 0 1 0 0 0 0 1 1 1 1 1 0 1 0 1 1 0 0 1 0 0
 0 0 1 0 1 0 1 0 1 1 1 1 1 0 1 0 1 0 0 1 1 0 0 1 1 0]
At 19201/30000: COST 0.035/3.395(0.073) -- Acc 0.990/0.450(0.977)
[1 0 1 1 1 1 1 1 1 0 0 1 1 1 1 0 0 0 0 1 0 0 0 0 0 1 0 1 1 0 0 1 0 1 1 1 0
 1 0 0 1 0 0 0 1 0 1 1 1 0 0 1 1 1 1 0 1 1 1 1 0 0 1 0 1 0 1 1 0 0 1 0 0 0
 0 0 1 0 1 1 1 0 0 0 0 0 0 1 1 1 1 1 0 1 1 1 1 1 1 0]
At 19301/30000: COST 0.034/3.174(0.072) -- Acc 0.990/0.450(0.977)
[0 1 1 1 1 0 0 0 0 1 0 0 1 1 0 0 0 0 0 0 1 0 0 1 1 1 0 1 1 1 0 0 0 1 1 1 0
 1 1 1 1 1 1 0 0 0 0 0 1 1 1 0 1 0 0 1 0 1 1 1 0 0 1 1 1 0 0 1 0 0 0 0 0 1
 0 1 1 1 0 1 1 1 1 0 0 0 0 1 0 0 1 1 0 1 0 1 0 1 0 1]
At 19401/30000: COST 0.117/3.396(0.066) -- Acc 0.970/0.450(0.978)
[0 1 0 1 0 1 0 1 0 0 1 1 0 0 0 1 1 0 1 0 0 0 1 1 1 1 1 0 0 0 0 0 0 0 0 0 0
 0 0 1 0 0 1 0 1 0 1 0 0 0 0 1 0 1 1 0 1 1 1 0 0 1 0 1 1 0 1 0 1 0 0 1 1 0
 0 0 1 0 0 0 0 1 1 0 0 1 1 1 1 1 1 1 1 1 1 1 0 0 1 1]
At 19501/30000: COST 0.055/3.439(0.068) -- Acc 0.970/0.480(0.978)
[1 1 1 1 1 1 0 0 1 0 1 0 1 0 1 0 1 0 1 1 1 0 1 1 1 0 1 1 1 0 0 0 0 1 0 1 0
 0 0 0 0 0 1 0 0 0 1 0 0 1 1 0 1 1 1 0 1 0 1 0 1 0 1 1 1 0 0 1 1 0 1 1 1 0
 0 1 0 1 0 0 1 1 1 0 0 0 0 0 0 1 0 0 1 1 1 1 0 1 0 0]
At 19601/30000: COST 0.048/3.537(0.070) -- Acc 0.980/0.440(0.978)
[1 1 1 1 0 0 1 1 0 0 0 1 1 1 0 1 0 1 1 0 1 0 1 0 1 1 0 1 1 0 1 0 1 1 1 0 1
 0 0 1 1 1 1 0 1 1 0 1 0 0 0 1 1 0 0 0 1 0 0 1 1 0 1 1 0 1 0 0 0 0 1 1 0 0
 1 0 0 0 1 1 1 1 0 0 1 1 0 1 1 1 0 0 1 1 1 1 1 0 1 1]
At 19701/30000: COST 0.119/2.770(0.077) -- Acc 0.970/0.480(0.976)
[1 1 0 1 1 0 1 0 0 1 0 0 0 1 1 0 0 1 1 1 1 0 0 0 1 1 0 1 1 1 1 0 1 1 1 1 1
 0 0 1 1 0 0 1 0 0 0 1 1 0 0 0 1 1 1 1 1 1 0 0 0 0 1 1 1 1 1 0 1 1 0 0 0 1
 1 0 1 0 1 1 0 1 0 1 1 1 1 0 0 1 1 0 0 0 1 1 0 1 1 0]
At 19801/30000: COST 0.064/2.956(0.069) -- Acc 0.980/0.500(0.979)
[0 1 1 1 0 0 1 0 0 0 1 1 0 1 1 0 1 1 1 0 1 1 0 0 1 1 0 1 0 1 1 1 0 1 1 1 1
 1 1 0 0 1 0 1 0 0 1 1 1 0 1 1 1 1 1 0 1 1 0 0 1 1 1 0 0 0 0 0 1 1 1 1 0 1
 1 1 0 0 1 1 0 1 1 0 1 0 1 1 0 1 0 1 0 0 1 0 0 0 0 1]
At 19901/30000: COST 0.079/3.403(0.071) -- Acc 0.980/0.510(0.978)
[0 0 1 1 1 1 1 0 0 1 0 1 1 1 0 1 0 0 0 1 0 1 1 1 0 1 1 0 1 0 1 0 0 0 1 1 1
 1 1 1 0 1 0 1 0 1 1 1 0 0 0 1 0 1 1 1 1 1 0 1 1 1 0 0 0 1 1 0 1 0 1 0 1 1
 1 0 0 0 1 0 1 1 0 0 1 1 0 1 0 1 0 1 1 0 0 1 1 0 1 0]
At 20001/30000: COST 0.050/3.149(0.070) -- Acc 0.990/0.500(0.978)
[0 0 1 1 1 0 0 1 0 0 0 1 1 1 0 1 0 1 1 0 0 1 1 0 0 1 0 0 0 1 0 0 0 0 0 1 1
 0 1 1 0 1 1 0 1 1 0 0 0 1 0 1 1 0 1 1 1 1 1 0 1 0 0 0 1 0 1 0 0 1 0 0 1 0
 1 0 0 0 0 1 1 1 1 0 1 1 1 1 1 1 1 1 0 1 0 1 0 1 0 1]
At 20101/30000: COST 0.144/2.644(0.104) -- Acc 0.940/0.530(0.967)
[1 1 1 1 1 0 0 0 1 0 1 1 0 1 1 1 0 1 1 1 0 0 1 0 0 0 1 0 1 1 0 1 1 0 1 0 0
 0 1 0 1 1 1 1 1 1 0 1 1 0 1 1 0 1 1 1 1 0 1 0 1 0 1 0 1 0 1 1 1 0 0 1 1 0
 0 1 1 1 1 1 1 0 1 1 0 0 1 1 0 0 1 1 0 0 1 0 0 1 0 0]
At 20201/30000: COST 0.075/2.923(0.091) -- Acc 0.970/0.520(0.971)
[0 0 0 0 0 1 1 1 1 0 1 1 0 0 0 0 0 0 1 0 1 1 1 1 1 1 1 1 1 0 0 0 0 1 0 0 0
 0 0 1 1 0 1 0 1 1 0 1 0 1 1 1 0 1 0 0 1 1 0 0 0 0 1 0 0 1 0 0 1 1 0 0 0 0
 1 0 0 1 1 1 0 0 0 1 0 0 1 0 1 1 1 0 1 0 1 1 1 0 1 1]
At 20301/30000: COST 0.113/3.148(0.070) -- Acc 0.970/0.470(0.978)
[0 0 1 1 1 0 0 0 1 1 1 1 1 1 1 1 1 0 0 1 1 1 0 1 0 0 0 0 1 1 0 1 1 1 1 1 1
 0 0 1 0 1 1 1 0 1 0 0 1 1 0 1 1 1 1 0 1 1 0 1 0 0 0 0 1 1 1 1 0 0 0 0 1 0
 1 1 0 1 1 0 0 0 1 1 0 1 1 0 0 1 1 1 1 0 0 0 1 1 0 1]
At 20401/30000: COST 0.164/2.724(0.082) -- Acc 0.950/0.510(0.975)
[1 0 1 0 0 0 1 1 1 0 0 0 1 0 0 0 0 1 0 0 1 1 1 1 1 0 1 1 1 1 0 1 1 0 0 0 0
 0 1 1 0 0 0 1 1 1 0 0 1 0 1 1 1 0 1 0 1 1 1 1 1 1 0 1 1 1 1 1 1 1 0 0 1 1
 1 0 0 1 1 1 1 1 1 0 1 0 0 1 1 0 0 0 1 0 0 1 0 0 0 1]
At 20501/30000: COST 0.114/3.142(0.083) -- Acc 0.960/0.470(0.973)
[0 0 0 0 1 1 1 0 1 0 0 1 1 0 1 0 1 1 0 0 1 0 1 0 1 1 1 0 1 0 1 1 1 1 1 1 0
 1 1 1 1 0 1 0 0 1 1 0 1 1 0 0 0 0 1 1 0 0 1 0 1 0 1 0 1 0 1 1 0 1 0 1 0 1
 1 0 0 1 0 1 1 1 1 0 0 0 0 1 1 1 1 0 1 0 1 1 0 0 0 1]
At 20601/30000: COST 0.020/3.557(0.061) -- Acc 0.990/0.460(0.980)
[0 1 0 0 0 1 0 0 0 1 1 0 0 0 1 0 1 1 0 1 0 0 1 1 0 0 1 1 0 0 1 0 1 0 1 1 1
 0 1 1 1 0 1 0 1 1 0 1 0 1 1 0 0 0 1 1 1 1 0 0 0 1 0 0 0 1 0 1 1 0 1 1 1 1
 0 1 1 1 0 0 1 0 0 0 0 1 1 0 1 0 1 0 0 1 1 0 0 0 0 1]
At 20701/30000: COST 0.058/3.646(0.062) -- Acc 0.970/0.460(0.980)
[0 0 0 0 0 0 1 1 1 1 0 1 1 1 1 0 1 1 1 1 0 1 1 0 1 1 0 1 0 0 0 1 0 0 1 0 1
 0 0 1 1 1 1 0 0 0 1 0 1 1 0 1 0 0 0 0 1 0 1 0 0 0 0 1 1 0 0 0 1 0 1 1 1 1
 0 0 1 1 1 0 1 0 0 1 0 0 0 1 1 0 0 1 1 1 0 1 0 0 1 1]
At 20801/30000: COST 0.092/3.709(0.051) -- Acc 0.960/0.430(0.984)
[0 0 0 0 1 0 1 1 0 0 1 1 1 1 0 0 1 0 1 0 0 1 1 0 1 0 0 0 1 0 1 1 1 0 1 0 1
 0 0 1 1 1 1 1 1 0 1 0 0 1 0 1 0 1 0 1 1 0 1 0 1 1 1 0 1 0 0 1 1 0 0 0 0 0
 1 1 0 0 1 0 0 0 1 1 1 0 1 0 0 0 1 1 0 1 0 0 0 1 1 1]
At 20901/30000: COST 0.078/3.434(0.047) -- Acc 0.970/0.490(0.985)
[0 1 0 1 0 0 0 1 1 1 0 0 1 1 1 0 1 0 1 1 1 1 1 0 1 0 1 1 1 1 0 0 1 1 1 1 1
 0 1 0 1 1 0 1 0 1 0 0 0 0 0 0 0 1 1 1 0 0 1 1 1 1 1 0 1 1 0 0 1 1 0 1 0 0
 0 0 0 1 1 1 1 1 1 0 1 0 1 1 1 0 0 1 0 0 1 1 0 1 1 1]
At 21001/30000: COST 0.163/3.111(0.078) -- Acc 0.970/0.490(0.976)
[1 1 0 0 1 1 0 0 0 1 0 1 1 1 0 0 1 0 1 0 1 1 1 0 0 0 1 1 0 0 0 1 1 0 1 1 1
 0 0 0 1 1 0 1 0 1 1 1 0 0 0 1 1 1 1 1 0 0 0 1 1 1 1 1 0 0 0 1 0 1 1 1 0 0
 1 1 1 1 0 1 1 1 1 1 1 1 0 1 0 0 1 0 1 1 1 1 1 0 0 0]
At 21101/30000: COST 0.051/3.047(0.095) -- Acc 0.990/0.450(0.970)
[0 1 0 1 1 1 1 0 1 1 0 1 1 1 0 1 0 1 0 1 0 1 0 1 0 0 0 1 1 0 0 1 1 1 0 0 0
 0 1 1 1 1 1 1 0 0 1 0 1 1 0 1 0 1 0 1 0 1 1 0 1 0 1 1 1 0 1 1 0 0 1 0 1 1
 1 0 0 0 1 0 1 1 0 0 0 1 1 1 1 1 1 1 0 0 1 1 0 0 1 0]
At 21201/30000: COST 0.138/2.986(0.103) -- Acc 0.980/0.460(0.968)
[1 0 0 0 0 0 1 0 0 1 1 1 1 0 1 1 1 1 0 0 1 1 0 0 1 0 0 0 0 1 1 0 1 1 0 0 0
 0 1 1 0 1 1 0 1 0 0 1 1 0 0 0 0 0 1 1 1 1 1 1 1 0 0 1 0 1 0 0 1 1 1 1 1 0
 1 1 0 0 1 0 0 0 1 1 1 0 1 0 0 0 1 1 1 0 1 0 1 1 0 0]
At 21301/30000: COST 0.042/3.151(0.096) -- Acc 0.980/0.460(0.969)
[1 0 1 1 1 1 1 1 0 0 0 1 0 0 1 0 1 1 1 0 1 1 0 1 0 0 1 0 1 1 0 1 1 0 1 1 0
 0 1 1 1 0 0 0 1 1 1 0 1 1 1 0 0 0 1 1 0 0 1 1 0 1 0 0 0 0 1 0 0 0 0 1 0 1
 0 1 1 1 0 1 0 0 0 0 0 1 0 0 0 1 0 0 0 1 0 0 1 1 1 1]
At 21401/30000: COST 0.063/2.817(0.083) -- Acc 0.990/0.510(0.973)
[0 1 1 0 0 1 1 0 1 1 1 0 0 1 0 0 1 1 0 0 0 0 0 1 0 1 1 1 1 0 1 1 0 0 0 1 0
 0 0 0 0 1 0 0 0 1 0 0 1 0 0 0 0 1 1 0 1 1 0 1 0 0 0 0 1 0 0 0 0 0 0 1 0 1
 0 1 0 1 1 1 0 1 1 1 1 0 0 1 1 1 1 1 1 1 1 1 1 0 1 1]
At 21501/30000: COST 0.062/2.837(0.086) -- Acc 0.980/0.460(0.974)
[1 0 1 0 0 0 0 1 1 0 1 1 0 0 1 0 0 1 1 0 1 1 1 0 0 1 1 1 0 1 0 0 1 0 0 1 1
 0 1 1 1 0 1 0 0 1 0 1 0 0 0 0 1 0 1 1 0 0 1 1 0 0 1 1 0 1 0 1 0 0 0 1 1 0
 1 0 1 0 1 0 1 1 1 1 0 1 1 1 0 0 1 1 0 0 0 1 1 0 1 0]
At 21601/30000: COST 0.023/3.045(0.074) -- Acc 1.000/0.480(0.977)
[1 0 0 0 1 0 0 1 1 1 1 0 1 0 1 1 1 1 1 0 0 0 1 1 1 1 1 1 1 0 1 0 1 0 1 0 1
 1 0 0 0 1 0 1 0 1 0 1 1 0 0 0 1 0 0 0 0 1 1 0 0 0 1 0 1 1 1 1 1 1 1 0 1 0
 0 1 0 1 1 0 1 0 0 0 0 0 1 1 1 0 1 0 0 1 0 0 0 1 1 0]
At 21701/30000: COST 0.110/2.829(0.091) -- Acc 0.960/0.510(0.972)
[1 1 1 1 1 1 0 1 1 0 1 1 0 0 0 0 0 0 0 1 1 0 1 1 1 1 0 0 0 0 1 1 0 0 1 0 0
 1 0 0 0 0 1 0 1 1 1 0 0 0 0 0 0 0 0 1 0 0 0 1 1 1 1 1 1 0 0 0 1 0 1 0 0 1
 0 0 0 1 1 1 0 1 1 1 0 1 1 0 1 1 1 1 1 1 1 0 0 0 1 0]
At 21801/30000: COST 0.098/2.891(0.088) -- Acc 0.970/0.470(0.972)
[0 0 0 0 1 1 1 1 0 1 0 1 1 1 1 0 1 0 0 1 0 1 1 1 0 1 1 0 1 1 0 1 1 0 0 0 0
 0 0 0 1 1 0 0 0 1 0 1 0 0 1 1 0 0 0 0 0 1 0 1 0 0 1 0 1 0 1 1 1 0 1 1 0 1
 1 1 0 1 1 1 1 1 0 0 0 1 0 1 1 1 0 0 1 1 1 1 1 0 0 1]
At 21901/30000: COST 0.147/2.639(0.085) -- Acc 0.960/0.480(0.973)
[0 1 1 0 1 1 0 1 0 1 1 1 1 0 0 0 1 0 0 1 1 1 1 0 1 1 1 0 1 1 0 0 0 0 1 0 1
 0 0 0 0 0 0 1 1 1 0 0 0 0 0 1 1 1 1 0 0 1 1 0 1 1 1 1 1 1 0 0 0 0 1 1 1 0
 0 0 0 1 1 1 0 0 0 0 1 0 1 0 1 1 0 0 0 1 0 0 1 1 1 0]
At 22001/30000: COST 0.095/3.146(0.079) -- Acc 0.980/0.430(0.975)
[1 1 1 1 1 0 0 0 0 1 1 0 0 0 1 1 0 1 0 1 0 1 0 1 0 1 0 1 1 0 0 1 1 0 1 1 1
 1 1 0 0 1 1 1 0 1 1 1 0 1 1 1 1 0 1 1 1 0 0 1 0 0 0 1 0 0 0 0 1 0 1 1 1 0
 1 0 0 1 1 0 1 1 1 0 0 1 0 1 0 1 1 1 1 1 0 0 0 0 1 1]
At 22101/30000: COST 0.062/2.564(0.100) -- Acc 0.980/0.520(0.968)
[1 1 1 1 0 0 1 0 0 0 0 1 0 1 1 1 1 1 0 1 1 0 0 1 1 1 1 0 0 0 1 1 1 1 1 0 1
 0 0 0 1 1 1 1 0 1 1 1 1 0 1 1 0 0 1 0 0 0 1 1 1 0 1 1 0 0 1 0 1 0 1 1 0 0
 1 0 1 1 1 0 1 1 1 0 0 1 0 1 0 0 1 0 1 0 1 0 0 1 1 1]
At 22201/30000: COST 0.158/3.047(0.082) -- Acc 0.950/0.530(0.974)
[1 1 0 0 1 0 0 1 0 1 0 0 1 1 1 1 1 1 0 1 1 1 0 0 1 1 1 0 1 0 1 0 1 1 0 0 0
 1 1 1 1 1 0 1 1 1 1 1 1 0 1 1 0 0 0 1 1 0 1 1 0 1 1 0 0 1 0 0 1 1 1 0 0 1
 0 1 1 0 1 1 0 1 0 0 1 1 0 1 1 0 1 0 0 0 1 0 0 1 0 1]
At 22301/30000: COST 0.029/3.171(0.073) -- Acc 0.990/0.510(0.976)
[0 1 0 1 1 1 1 0 0 0 0 0 0 1 0 0 1 0 1 1 0 0 1 0 1 1 1 0 1 1 1 1 1 1 1 0 0
 1 0 1 1 1 1 1 1 0 0 1 1 1 0 0 0 1 0 0 1 1 0 1 0 1 0 0 0 1 0 1 1 1 1 1 0 0
 1 1 0 1 0 1 0 0 1 1 1 1 0 1 0 1 1 1 0 1 0 0 1 0 0 1]
At 22401/30000: COST 0.009/3.355(0.064) -- Acc 1.000/0.510(0.980)
[0 1 1 0 1 0 0 1 1 0 0 1 1 1 0 0 0 0 1 0 1 0 1 1 1 0 0 1 1 1 0 0 0 1 1 1 0
 0 0 1 0 0 1 1 0 1 1 1 0 0 1 0 0 0 0 0 1 1 0 1 0 0 0 0 1 1 1 1 1 1 1 1 0 0
 1 1 0 0 1 1 0 1 1 1 1 1 1 0 1 0 0 1 1 1 1 0 1 1 1 0]
At 22501/30000: COST 0.026/3.681(0.053) -- Acc 0.990/0.480(0.983)
[0 0 1 0 0 1 1 0 0 1 1 1 0 1 1 0 1 0 1 0 0 1 1 1 0 1 1 0 1 1 1 1 1 1 0 0 0
 1 0 0 1 0 0 1 0 1 1 0 1 1 0 1 0 0 0 1 0 1 0 1 0 0 1 0 1 1 0 1 1 1 0 1 0 0
 1 1 1 1 0 0 0 0 0 1 1 0 0 1 1 0 0 1 0 0 0 0 0 0 1 0]
At 22601/30000: COST 0.035/3.305(0.058) -- Acc 0.990/0.500(0.982)
[0 0 0 0 1 1 1 1 0 0 0 1 0 0 1 0 0 0 0 0 1 0 0 0 1 0 1 1 0 1 1 0 1 0 1 0 1
 1 1 1 0 1 0 1 0 1 0 1 1 0 0 0 0 0 1 1 1 1 0 1 1 1 1 1 1 0 0 1 1 1 1 0 1 0
 0 0 0 0 1 0 1 1 0 0 0 0 0 1 1 0 1 1 1 1 0 1 0 1 0 1]
At 22701/30000: COST 0.046/3.210(0.056) -- Acc 0.980/0.510(0.983)
[0 1 0 0 1 1 0 0 0 1 1 0 0 0 0 0 0 0 1 1 1 0 1 1 0 0 1 1 1 0 0 1 1 0 1 0 1
 1 0 0 1 0 1 0 0 1 0 1 0 0 1 1 1 0 1 0 0 0 0 0 1 0 0 0 1 0 1 1 1 0 1 0 1 1
 0 1 0 1 1 1 1 1 0 0 0 1 1 0 0 0 1 1 1 0 0 0 0 1 1 0]
At 22801/30000: COST 0.022/3.244(0.057) -- Acc 0.990/0.480(0.983)
[1 1 0 0 0 1 1 1 1 0 1 0 1 0 0 1 0 1 1 0 0 1 1 1 0 0 1 1 0 0 0 1 1 1 1 0 0
 1 1 0 1 0 1 0 1 1 0 0 1 0 0 1 1 1 1 0 0 0 0 0 0 0 1 1 1 1 0 0 0 1 1 1 0 0
 1 0 0 1 0 0 0 1 0 0 1 1 1 1 1 1 0 0 1 1 0 1 0 1 0 0]
At 22901/30000: COST 0.094/3.186(0.059) -- Acc 0.970/0.480(0.983)
[1 1 0 0 0 0 1 1 1 1 0 0 1 0 1 0 0 0 1 1 0 1 1 1 0 0 1 1 0 1 1 1 1 0 1 1 0
 1 0 0 1 0 1 0 1 0 0 1 0 1 0 1 0 0 0 1 1 0 0 1 0 0 1 0 1 1 1 1 0 1 1 0 1 1
 1 1 1 1 0 1 0 0 1 0 0 0 0 0 0 1 0 1 0 1 0 1 1 1 0 0]
At 23001/30000: COST 0.140/3.860(0.055) -- Acc 0.950/0.450(0.983)
[0 1 0 0 1 1 0 1 1 1 0 1 0 1 0 1 1 1 1 1 1 1 0 0 1 0 0 0 1 0 1 0 0 1 1 1 1
 0 1 0 1 1 0 0 0 1 1 0 1 0 1 0 1 1 0 0 0 0 0 0 1 0 0 1 1 1 1 0 0 0 0 1 0 0
 1 0 1 1 1 1 0 1 1 1 1 1 1 1 1 0 1 0 0 0 1 1 1 1 0 0]
At 23101/30000: COST 0.114/3.129(0.079) -- Acc 0.970/0.520(0.976)
[1 0 1 1 0 0 1 0 1 0 0 1 0 1 1 1 0 1 0 0 0 0 0 0 0 0 0 1 1 0 0 0 0 1 1 0 1
 1 0 1 0 1 0 0 0 1 1 1 1 1 0 1 1 1 1 0 1 1 1 0 1 1 0 0 1 0 1 1 1 0 1 1 1 1
 1 1 1 1 0 1 0 0 0 1 1 1 1 1 1 0 1 0 1 0 0 0 1 0 1 1]
At 23201/30000: COST 0.023/3.213(0.069) -- Acc 0.990/0.470(0.978)
[0 1 1 1 1 1 0 0 1 0 1 0 1 0 0 0 0 0 0 1 1 0 0 1 1 1 1 1 1 0 0 1 0 1 0 1 1
 1 1 0 1 0 0 1 1 0 1 0 0 0 0 1 1 1 0 1 1 1 0 1 1 1 1 1 1 0 1 0 0 0 1 1 1 1
 0 0 1 1 0 0 1 1 1 0 0 0 0 1 0 1 0 0 1 0 1 1 1 1 1 0]
At 23301/30000: COST 0.050/2.954(0.073) -- Acc 0.980/0.510(0.978)
[1 1 0 0 1 0 1 1 1 0 1 0 0 1 1 1 1 0 0 1 0 0 1 0 1 0 0 0 1 1 1 1 0 0 1 1 1
 0 1 0 1 1 0 1 1 1 1 0 0 1 1 0 0 1 1 0 0 0 0 1 0 1 0 0 1 1 1 1 0 0 0 1 1 0
 0 1 1 0 0 1 1 0 0 0 0 0 0 0 1 0 1 1 0 0 0 0 1 1 1 1]
At 23401/30000: COST 0.070/3.038(0.087) -- Acc 0.960/0.460(0.975)
[1 1 0 1 1 0 1 0 1 0 0 1 1 1 0 0 1 1 1 1 1 1 0 1 0 0 1 1 0 0 0 1 0 1 1 1 1
 1 1 0 0 1 0 1 1 0 0 1 0 1 1 0 1 0 0 0 0 1 1 1 0 0 1 1 0 1 1 1 0 0 1 1 0 1
 0 0 0 1 0 0 1 1 0 0 1 0 1 1 0 1 1 0 1 1 0 0 0 1 0 1]
At 23501/30000: COST 0.077/3.149(0.091) -- Acc 0.980/0.480(0.973)
[0 1 0 1 0 1 0 0 0 0 1 0 0 0 0 1 1 1 1 0 0 0 0 0 0 0 1 0 0 1 0 1 1 0 1 1 1
 1 0 1 0 0 0 0 1 0 1 1 1 0 1 0 0 0 1 0 0 0 1 0 1 0 0 1 1 0 1 1 0 0 0 1 1 1
 1 1 1 1 0 1 1 0 1 0 1 1 1 1 0 1 1 1 1 0 0 1 1 0 1 1]
At 23601/30000: COST 0.027/3.540(0.070) -- Acc 0.990/0.480(0.979)
[1 1 1 1 1 1 0 1 0 0 0 0 1 0 0 1 0 0 1 1 0 1 0 1 0 0 0 1 0 1 1 0 1 0 1 1 0
 0 0 1 0 1 1 0 0 0 0 0 0 1 1 1 1 0 0 1 1 1 1 0 1 1 1 0 1 0 0 1 1 1 0 1 1 1
 1 1 1 1 0 1 0 0 0 1 1 0 1 1 0 1 1 1 1 0 0 0 0 1 0 0]
At 23701/30000: COST 0.077/3.387(0.054) -- Acc 0.970/0.510(0.984)
[0 0 0 0 0 1 1 1 1 1 1 0 1 1 1 1 1 1 0 1 0 1 0 0 1 1 1 1 1 0 0 0 1 0 1 1 0
 1 1 0 0 1 0 1 1 0 1 0 0 0 0 0 1 0 0 1 1 0 1 1 0 0 1 0 0 1 1 1 0 0 0 0 0 1
 0 1 0 0 1 1 1 0 1 1 1 0 1 1 1 1 1 0 1 0 0 0 0 1 1 1]
At 23801/30000: COST 0.130/3.429(0.066) -- Acc 0.950/0.430(0.981)
[1 0 1 0 0 0 1 0 1 0 0 0 1 0 0 0 0 1 1 0 1 1 1 0 0 1 1 1 1 1 0 0 0 0 0 1 0
 1 0 0 0 0 1 1 1 0 0 0 0 0 0 1 0 1 1 0 1 0 0 0 0 0 1 0 0 1 1 1 1 1 1 1 0 0
 0 1 1 1 1 1 0 1 0 1 1 1 0 1 1 1 0 1 1 1 1 1 1 0 1 1]
At 23901/30000: COST 0.032/3.517(0.053) -- Acc 0.990/0.430(0.984)
[1 1 0 0 0 0 1 0 0 0 1 1 0 0 1 0 1 1 0 0 1 0 1 0 0 0 1 1 0 1 0 0 1 0 0 0 0
 0 1 1 0 1 0 1 1 1 1 1 0 0 1 1 1 1 0 1 0 0 1 0 1 1 1 1 0 0 1 1 0 0 1 1 1 1
 1 1 0 1 0 0 0 1 1 0 0 0 1 0 1 1 0 0 0 1 0 0 1 0 1 0]
At 24001/30000: COST 0.017/3.625(0.053) -- Acc 1.000/0.460(0.984)
[1 1 1 0 1 0 0 1 1 0 1 1 0 0 1 0 0 1 1 1 1 1 1 0 1 0 0 0 1 0 0 0 0 1 0 0 0
 1 1 1 0 1 0 1 1 0 0 1 0 1 0 0 1 1 1 0 0 1 0 1 0 0 1 1 0 0 0 1 1 1 1 1 0 0
 1 1 0 0 0 0 0 1 1 1 0 1 0 0 0 0 1 1 0 1 1 0 0 0 0 1]
At 24101/30000: COST 0.065/3.840(0.065) -- Acc 0.970/0.440(0.981)
[0 0 0 0 0 1 0 0 0 1 0 0 1 0 1 0 0 1 0 0 1 1 0 0 1 0 1 0 0 0 0 0 1 0 0 0 0
 1 1 1 0 1 1 1 1 0 0 1 1 0 0 0 1 1 0 1 1 1 1 0 1 0 0 1 1 0 1 0 1 0 1 1 1 1
 1 1 0 1 0 0 0 1 0 1 1 0 0 1 1 1 0 0 0 1 0 1 1 1 1 1]
At 24201/30000: COST 0.248/3.505(0.078) -- Acc 0.940/0.420(0.976)
[0 0 0 1 0 0 0 1 1 1 1 1 1 0 0 0 1 0 1 1 0 0 1 0 0 0 1 1 1 1 0 1 0 1 1 0 1
 0 1 0 1 0 1 0 1 1 0 1 1 0 1 1 1 0 0 1 1 0 0 0 1 0 0 1 0 1 1 0 1 0 1 0 1 0
 0 0 0 0 0 1 1 1 0 1 0 0 1 1 1 0 1 0 1 1 0 0 1 0 0 0]
At 24301/30000: COST 0.121/2.925(0.085) -- Acc 0.960/0.460(0.973)
[0 0 0 0 0 1 1 0 1 0 1 1 1 1 0 1 1 0 0 1 0 0 0 1 1 1 0 1 0 0 0 0 1 1 0 0 0
 1 0 0 0 0 1 0 1 1 1 0 0 0 0 0 1 1 0 1 1 1 0 1 0 0 0 1 0 1 1 0 0 1 1 1 1 0
 1 1 1 0 1 0 1 1 1 1 0 1 1 0 1 0 0 1 1 0 1 0 1 1 1 1]
At 24401/30000: COST 0.102/3.296(0.077) -- Acc 0.980/0.470(0.976)
[0 0 0 0 0 0 1 0 0 1 0 1 1 1 1 1 0 0 1 1 0 0 0 0 0 1 0 1 1 0 1 1 0 1 0 1 0
 0 0 1 0 1 0 0 0 1 0 1 1 0 1 1 0 1 1 0 1 0 0 1 1 0 1 1 0 0 1 1 0 0 0 1 1 0
 1 0 0 1 1 0 0 0 0 0 0 0 1 0 0 1 0 1 1 1 1 1 1 1 1 1]
At 24501/30000: COST 0.053/2.987(0.068) -- Acc 0.970/0.470(0.979)
[1 1 0 1 0 1 1 1 0 1 0 1 1 0 0 1 0 1 1 1 0 0 1 1 1 1 1 0 0 0 1 0 0 1 0 0 0
 0 1 0 1 1 1 0 1 1 0 1 1 0 1 1 0 0 1 0 1 0 1 0 1 0 0 1 1 0 1 0 1 1 1 1 1 1
 0 1 1 1 0 0 0 1 0 0 1 1 1 0 0 1 0 0 1 1 1 1 1 0 0 0]
At 24601/30000: COST 0.103/3.017(0.087) -- Acc 0.960/0.450(0.974)
[1 0 1 1 1 1 0 1 1 1 0 1 1 1 0 0 0 0 1 1 1 1 1 0 0 1 0 1 1 1 1 1 0 1 0 1 1
 0 1 1 1 1 1 0 1 0 1 0 1 0 0 0 1 1 0 1 1 1 1 0 1 1 0 0 0 1 1 1 0 0 0 1 1 0
 1 1 0 1 0 1 1 0 1 0 0 1 1 0 0 1 0 1 1 1 0 0 0 1 1 1]
At 24701/30000: COST 0.078/3.029(0.098) -- Acc 0.970/0.460(0.970)
[1 1 1 0 0 1 0 1 1 1 1 1 1 0 0 0 1 0 1 0 0 1 0 0 0 1 0 0 1 1 1 1 1 0 0 0 1
 1 0 1 1 1 0 1 0 1 1 0 1 0 1 0 0 0 1 0 1 1 0 1 0 0 0 0 1 0 1 1 0 1 0 1 0 0
 0 1 0 1 1 1 1 0 1 0 1 0 0 1 1 1 0 1 0 1 0 0 1 1 0 0]
At 24801/30000: COST 0.104/3.153(0.095) -- Acc 0.980/0.430(0.971)
[0 0 0 1 0 1 1 0 0 0 1 1 0 1 0 0 0 1 0 0 1 0 0 0 0 1 0 1 0 1 0 0 1 1 0 1 1
 1 1 0 0 0 1 1 1 1 1 1 0 0 0 0 0 1 1 0 0 1 1 1 0 0 1 0 0 0 1 1 1 0 0 0 0 1
 0 0 0 1 1 1 1 0 1 1 1 1 1 1 0 0 1 0 0 1 1 1 0 0 0 0]
At 24901/30000: COST 0.045/2.558(0.096) -- Acc 0.980/0.520(0.970)
[0 0 1 1 0 0 0 0 0 0 0 0 0 0 1 1 0 0 0 1 0 1 1 0 1 0 0 0 1 0 1 1 1 1 0 1 1
 1 0 0 1 0 1 0 1 0 0 1 0 0 0 1 1 0 0 0 1 1 1 1 1 1 0 0 1 1 0 0 1 0 1 1 0 1
 0 1 0 1 1 1 0 0 1 0 1 1 1 0 1 0 1 0 1 1 1 1 0 1 1 0]
At 25001/30000: COST 0.088/2.983(0.109) -- Acc 0.980/0.470(0.966)
[0 0 1 1 0 0 0 0 1 0 1 1 0 0 1 0 0 1 0 0 0 1 1 0 0 1 1 0 0 1 1 1 1 0 0 0 1
 0 0 0 1 0 0 1 1 1 1 0 1 0 1 0 0 1 0 0 1 0 1 0 1 1 1 0 0 1 0 0 1 1 0 0 1 0
 1 1 0 1 0 0 1 1 1 0 1 1 0 1 0 1 0 1 1 1 1 1 1 0 1 0]
At 25101/30000: COST 0.055/3.313(0.083) -- Acc 0.980/0.490(0.975)
[1 1 1 1 0 0 1 1 0 0 0 0 1 0 1 0 1 1 1 0 1 0 0 0 1 1 1 1 0 0 0 0 1 1 1 0 0
 1 0 0 1 0 1 1 1 1 0 0 0 0 0 1 0 1 0 0 1 1 1 0 0 0 0 1 1 1 1 0 0 0 0 1 0 1
 0 1 1 1 0 1 0 1 1 1 0 1 1 0 1 0 0 0 1 1 1 1 1 1 0 0]
At 25201/30000: COST 0.052/3.207(0.072) -- Acc 0.990/0.470(0.979)
[0 1 1 1 0 1 1 1 0 0 0 1 1 1 1 0 0 0 1 0 1 1 0 1 1 0 1 1 1 1 0 1 0 1 0 1 0
 1 1 1 1 1 0 1 0 1 0 0 1 0 1 1 0 0 0 0 0 0 0 0 0 0 1 0 0 1 1 1 0 1 1 1 1 0
 0 0 1 1 1 0 1 0 0 0 1 1 0 1 1 0 0 0 0 1 0 0 0 0 1 0]
At 25301/30000: COST 0.077/3.119(0.064) -- Acc 0.960/0.510(0.981)
[0 0 1 0 1 0 1 1 1 0 1 1 0 1 1 1 0 0 0 1 0 0 1 1 1 1 0 0 0 0 1 1 0 1 0 1 1
 0 0 0 1 0 1 1 0 1 0 0 0 1 0 1 1 1 1 0 0 0 0 1 1 1 1 1 1 0 0 0 1 1 1 0 0 0
 1 1 0 1 1 1 1 1 0 1 1 0 0 1 0 1 0 1 1 1 0 0 0 0 1 0]
At 25401/30000: COST 0.057/3.329(0.070) -- Acc 0.990/0.500(0.979)
[1 0 0 0 0 1 1 0 0 0 1 1 1 0 1 1 1 0 1 1 0 1 1 1 0 1 1 0 0 1 1 1 0 0 0 0 1
 0 1 0 0 0 1 0 1 0 0 1 1 0 0 0 1 1 0 1 1 0 1 1 0 0 1 0 1 1 0 0 1 0 0 0 0 0
 1 1 0 0 0 1 1 1 0 0 1 1 1 0 1 1 0 1 0 0 0 1 1 0 0 1]
At 25501/30000: COST 0.052/3.496(0.062) -- Acc 0.980/0.500(0.981)
[0 0 1 0 1 0 0 0 1 1 0 1 1 0 1 1 1 0 1 1 0 0 1 1 0 0 1 1 1 1 0 1 0 1 1 1 0
 1 1 1 1 1 0 1 0 1 1 1 1 1 1 0 1 0 0 0 0 0 1 0 1 0 1 0 0 1 1 1 1 0 0 0 0 1
 0 0 1 0 0 1 1 0 1 1 1 1 0 0 0 1 1 1 0 1 0 0 0 0 1 1]
At 25601/30000: COST 0.033/2.991(0.103) -- Acc 0.990/0.520(0.969)
[0 1 1 1 0 1 1 0 0 1 0 1 0 1 0 1 1 0 0 1 1 1 0 0 0 0 1 0 0 0 1 0 0 1 1 0 0
 1 1 1 0 0 1 0 1 0 0 0 1 1 1 0 1 1 1 1 0 0 1 0 1 0 0 1 1 1 1 1 0 0 1 0 0 1
 0 1 1 1 0 0 0 1 1 0 1 0 1 0 1 0 0 1 1 0 1 1 1 0 0 0]
At 25701/30000: COST 0.093/3.509(0.082) -- Acc 0.970/0.480(0.974)
[1 1 1 0 1 0 1 1 1 0 0 0 1 1 1 0 0 0 1 1 1 0 1 0 0 1 1 1 1 0 0 1 0 0 0 0 1
 0 1 1 0 1 0 1 0 0 1 0 1 1 1 1 1 1 1 1 1 0 0 1 0 0 1 0 1 1 1 1 0 1 1 1 1 0
 0 0 0 1 0 0 1 0 1 0 0 0 0 0 0 1 0 1 1 0 1 1 1 1 0 0]
At 25801/30000: COST 0.044/3.281(0.060) -- Acc 0.980/0.490(0.982)
[1 1 0 0 1 1 0 1 0 0 0 1 0 0 0 1 1 1 1 0 1 0 0 1 0 0 0 1 0 1 0 0 1 0 1 0 1
 0 1 1 1 1 0 0 0 1 1 0 0 1 0 0 0 1 1 0 1 0 1 1 1 1 1 0 0 1 1 0 0 0 1 0 0 0
 1 1 1 0 0 0 1 1 1 1 1 0 1 0 1 0 1 1 1 1 1 1 0 1 1 0]
At 25901/30000: COST 0.072/3.209(0.058) -- Acc 0.980/0.540(0.982)
[0 0 0 0 0 1 1 0 1 1 1 0 0 1 1 1 1 1 1 1 1 1 0 0 1 0 1 1 1 0 0 1 0 1 0 1 0
 1 1 1 0 0 0 0 1 0 0 0 0 1 1 1 1 1 0 0 1 1 0 0 1 1 0 0 0 0 1 1 1 0 0 1 0 0
 1 1 1 0 1 1 0 1 0 1 0 1 0 0 0 1 1 0 0 0 0 0 1 0 0 0]
At 26001/30000: COST 0.151/3.371(0.057) -- Acc 0.970/0.520(0.983)
[0 0 1 0 1 0 0 1 0 1 0 1 0 0 0 0 0 0 0 1 1 1 1 1 1 1 1 1 1 1 1 1 1 1 0 0 1
 1 1 0 0 1 1 0 0 1 1 1 0 1 0 1 1 1 1 0 0 1 0 0 0 1 1 0 0 0 1 0 1 1 0 1 0 1
 0 0 1 0 0 0 0 0 1 0 1 1 1 0 1 0 1 0 1 0 1 0 0 0 0 0]
At 26101/30000: COST 0.049/3.440(0.060) -- Acc 0.990/0.530(0.982)
[0 1 1 1 1 0 0 1 0 0 0 0 1 0 0 1 0 1 1 0 0 0 1 0 1 1 1 1 0 0 1 1 1 0 0 0 1
 0 1 1 0 0 1 1 0 0 1 1 1 1 1 0 0 0 1 0 0 1 1 1 1 1 1 1 0 0 1 1 0 0 1 1 0 1
 0 0 1 0 0 1 0 0 1 0 0 1 1 1 1 0 0 1 1 1 0 1 1 0 0 1]
At 26201/30000: COST 0.034/3.331(0.061) -- Acc 0.990/0.520(0.981)
[1 0 0 0 1 1 0 0 1 1 1 0 0 1 0 1 1 0 0 1 0 0 1 1 0 0 0 0 1 0 1 1 1 1 0 0 0
 0 1 1 1 0 1 1 1 0 1 0 1 0 0 0 1 1 1 1 0 0 0 0 1 1 1 1 0 0 0 0 0 1 1 1 1 1
 1 1 0 1 1 0 0 1 1 0 0 1 0 0 0 0 1 1 0 0 0 0 1 1 1 0]
At 26301/30000: COST 0.059/3.777(0.054) -- Acc 0.990/0.470(0.983)
[1 1 0 0 0 1 1 1 0 1 0 0 1 0 0 1 1 0 1 0 0 0 0 1 1 0 1 0 1 1 1 1 0 1 0 0 1
 1 0 0 1 0 0 1 0 1 1 0 1 1 1 0 0 0 1 0 1 1 0 1 0 1 1 0 1 1 1 1 0 0 1 0 0 0
 1 0 1 0 0 0 1 1 1 1 1 1 0 0 0 1 1 0 0 1 1 0 0 0 0 1]
At 26401/30000: COST 0.027/3.680(0.053) -- Acc 0.990/0.460(0.985)
[1 1 1 0 1 1 1 0 0 0 0 1 0 0 1 0 1 1 1 1 0 0 1 0 1 0 1 0 0 1 1 1 1 0 0 1 1
 1 0 1 1 1 1 1 1 0 1 1 1 1 0 0 0 0 1 1 1 1 1 0 0 1 0 1 0 1 0 0 0 0 1 0 0 1
 0 1 0 1 0 1 1 1 1 1 1 0 1 1 0 1 1 0 0 1 1 1 0 1 0 1]
At 26501/30000: COST 0.018/3.300(0.064) -- Acc 1.000/0.500(0.980)
[0 1 0 1 1 1 1 1 1 1 0 1 0 0 1 0 1 0 1 0 0 0 0 1 1 0 1 0 0 0 1 0 1 0 0 1 1
 0 1 0 1 1 1 0 1 0 1 1 1 1 0 0 0 1 0 0 1 1 1 1 1 0 0 0 0 1 1 0 1 1 0 0 1 0
 1 1 0 0 1 0 1 1 1 1 0 1 1 0 1 0 1 1 1 0 1 0 0 0 0 0]
At 26601/30000: COST 0.072/3.654(0.062) -- Acc 0.980/0.460(0.981)
[1 1 1 1 1 1 1 0 1 1 0 0 0 1 1 0 0 1 1 1 0 0 0 1 1 0 0 0 0 0 0 1 0 0 1 0 0
 1 0 0 0 0 1 1 1 1 1 1 1 1 1 0 1 0 1 1 1 0 0 1 1 0 0 0 1 1 1 0 0 1 1 0 0 1
 0 0 1 0 1 0 1 1 0 1 1 1 0 1 1 0 0 1 0 0 0 0 1 1 0 0]
At 26701/30000: COST 0.033/3.487(0.058) -- Acc 0.990/0.490(0.983)
[0 1 1 0 1 0 1 0 1 1 0 1 0 0 1 0 1 1 1 1 0 1 1 1 1 0 1 1 1 0 0 1 0 0 0 1 0
 1 1 0 0 1 1 1 1 1 0 1 1 1 1 1 0 0 1 1 0 1 1 0 1 0 0 1 1 0 0 0 1 0 0 0 0 1
 1 1 0 1 1 0 1 0 1 0 1 1 1 1 0 0 0 1 0 0 1 0 1 0 0 1]
At 26801/30000: COST 0.158/2.966(0.060) -- Acc 0.960/0.490(0.982)
[0 1 1 1 1 1 1 0 1 1 0 0 1 1 1 0 1 1 0 0 0 1 1 0 1 1 0 0 0 0 1 1 0 1 0 0 1
 1 0 1 1 1 1 0 0 0 1 0 1 1 0 1 0 0 0 0 0 1 0 1 1 1 0 0 1 1 1 0 1 0 0 1 0 0
 0 1 0 0 0 1 1 1 1 0 1 1 0 0 1 1 0 1 1 0 0 1 1 1 0 1]
At 26901/30000: COST 0.062/2.839(0.066) -- Acc 0.990/0.510(0.981)
[1 1 0 1 0 1 1 0 1 1 0 1 0 0 0 0 0 0 1 1 1 1 1 0 1 1 0 0 0 1 0 1 1 0 0 1 0
 1 0 1 1 1 0 0 1 0 1 0 1 0 1 1 1 1 1 0 1 1 1 0 0 0 0 1 1 0 0 1 1 1 1 0 0 1
 0 0 0 1 0 1 1 1 1 0 1 0 0 0 1 0 0 0 1 0 1 1 1 0 1 0]
At 27001/30000: COST 0.013/3.465(0.058) -- Acc 1.000/0.440(0.983)
[0 1 1 1 1 0 1 0 0 0 1 0 1 0 1 1 1 1 1 0 1 0 0 1 1 1 1 1 0 1 1 1 0 1 0 0 0
 1 0 1 0 1 1 0 1 1 0 0 1 1 1 1 1 0 0 1 1 0 1 0 1 0 0 1 0 0 0 0 1 1 0 1 1 1
 1 1 0 1 0 0 0 1 0 0 1 0 1 0 1 1 0 0 1 1 0 0 1 0 1 0]
At 27101/30000: COST 0.034/3.991(0.051) -- Acc 0.980/0.460(0.985)
[0 0 0 1 1 0 1 1 0 1 0 1 0 0 1 0 0 0 0 0 1 0 1 1 0 0 0 0 1 0 1 0 1 1 0 1 1
 1 0 0 0 1 1 0 0 1 0 1 1 0 1 1 1 1 1 0 0 0 1 1 1 1 1 0 0 0 1 1 1 1 1 0 0 1
 0 0 1 0 1 1 1 0 1 1 1 1 0 0 1 0 0 0 1 0 0 1 1 0 0 0]
At 27201/30000: COST 0.041/3.480(0.052) -- Acc 0.980/0.490(0.985)
[0 1 1 1 1 0 0 1 0 0 0 1 0 1 1 0 0 0 1 1 1 0 1 0 1 0 1 0 1 1 1 0 0 1 0 0 1
 1 1 0 1 1 0 0 1 0 0 1 1 1 1 0 1 0 0 0 0 1 0 1 1 1 0 1 1 1 1 0 0 0 0 0 1 1
 0 0 1 0 0 1 1 1 1 1 0 1 1 0 0 0 0 1 0 1 0 0 0 1 0 1]
At 27301/30000: COST 0.017/3.517(0.059) -- Acc 1.000/0.500(0.982)
[0 1 0 0 0 1 0 0 1 0 1 1 1 0 1 1 1 1 1 1 1 0 0 1 1 1 1 1 0 1 1 0 1 0 1 1 0
 0 0 0 1 0 1 1 0 1 1 1 0 1 0 1 0 0 1 0 1 1 0 0 0 1 1 1 1 0 1 1 1 1 0 1 1 1
 1 1 0 1 1 1 0 0 1 0 0 0 0 1 0 0 0 0 1 0 0 0 0 1 1 0]
At 27401/30000: COST 0.080/3.345(0.064) -- Acc 0.980/0.480(0.981)
[1 1 1 1 0 1 1 1 1 0 0 0 0 1 1 0 1 1 1 0 0 0 1 1 0 0 1 1 0 1 1 0 1 0 1 0 0
 0 1 0 1 1 0 1 0 1 0 1 0 1 1 1 0 0 0 1 1 1 1 0 1 0 1 0 0 0 0 1 1 0 0 1 0 1
 1 1 0 1 0 1 0 1 0 1 0 0 1 1 1 1 0 0 0 0 1 1 0 0 1 0]
At 27501/30000: COST 0.065/3.828(0.062) -- Acc 0.970/0.440(0.982)
[0 0 1 1 1 0 0 1 0 1 0 0 0 0 1 1 1 1 0 1 0 1 0 0 0 1 0 0 1 1 0 1 1 0 1 0 1
 1 1 1 0 1 1 1 0 1 1 0 1 1 1 0 1 0 1 1 0 0 1 0 1 0 1 1 0 0 1 1 0 0 1 1 0 0
 0 1 0 0 0 0 1 1 1 0 0 0 0 0 0 1 1 0 1 1 0 1 0 0 0 1]
At 27601/30000: COST 0.022/3.266(0.062) -- Acc 0.990/0.510(0.981)
[1 1 1 0 0 1 0 1 1 1 0 1 1 0 1 0 0 1 1 0 0 0 1 1 0 1 1 0 1 0 0 0 1 0 1 1 0
 1 1 0 1 1 0 1 1 0 1 0 1 1 0 0 0 0 1 1 1 0 0 1 0 1 0 1 1 0 0 0 0 0 0 1 1 1
 1 1 0 0 1 0 1 1 0 1 0 1 1 0 0 0 1 1 0 1 1 1 0 1 1 1]
At 27701/30000: COST 0.054/3.153(0.076) -- Acc 0.980/0.500(0.976)
[1 0 1 0 0 1 1 0 0 0 0 1 0 0 0 1 1 0 1 1 1 0 0 0 0 0 0 0 0 0 1 1 1 1 1 0 0
 0 0 1 1 1 1 0 1 1 1 1 1 1 0 1 1 0 1 0 1 1 0 1 1 0 0 1 1 1 1 0 0 0 1 1 1 0
 0 0 0 1 1 1 1 1 0 1 1 1 1 0 1 0 1 1 1 0 1 1 1 0 0 1]
At 27801/30000: COST 0.022/2.848(0.087) -- Acc 1.000/0.490(0.972)
[1 1 1 0 0 0 1 0 0 0 1 0 0 0 1 1 0 0 0 0 1 1 1 1 0 0 1 0 1 1 1 0 0 1 1 1 0
 1 1 0 0 1 0 0 0 1 1 0 0 1 0 0 1 1 1 1 0 0 1 0 1 1 1 1 1 0 0 1 1 1 1 0 0 1
 1 1 1 1 1 1 0 0 1 1 1 1 1 0 0 1 0 0 0 1 0 0 0 1 0 0]
At 27901/30000: COST 0.051/2.675(0.086) -- Acc 0.980/0.500(0.974)
[1 1 1 1 0 0 1 1 0 0 0 1 0 0 1 1 0 1 0 0 0 0 1 1 0 1 1 1 1 1 0 1 0 1 1 1 0
 0 0 0 0 1 1 1 0 0 0 1 1 0 1 0 1 0 1 0 0 0 0 0 0 0 1 1 1 1 1 0 1 0 1 1 1 1
 1 1 0 1 1 1 0 0 0 0 1 1 1 1 0 0 0 0 1 1 0 1 0 1 0 1]
At 28001/30000: COST 0.129/2.664(0.090) -- Acc 0.980/0.500(0.972)
[0 1 1 0 0 0 0 1 1 0 0 1 0 0 1 1 1 0 1 0 1 1 0 1 1 0 0 0 1 1 1 0 0 0 1 1 0
 1 0 1 1 0 0 0 1 1 1 1 0 0 1 0 1 0 0 0 0 1 0 1 0 0 1 1 1 0 0 1 0 1 1 0 1 1
 1 0 0 0 0 1 0 0 0 0 0 0 1 0 0 1 0 0 1 0 0 0 0 1 1 1]
At 28101/30000: COST 0.014/2.647(0.079) -- Acc 1.000/0.440(0.975)
[0 1 0 0 1 1 0 1 1 0 1 1 1 0 1 0 1 0 1 0 1 1 0 0 0 0 0 0 0 1 1 1 1 0 1 0 1
 0 0 1 1 1 1 1 0 1 0 1 1 0 0 1 0 1 0 1 1 0 0 0 1 1 1 1 0 0 0 0 1 0 0 0 1 0
 0 0 1 0 1 1 0 1 0 0 0 1 0 0 0 1 0 0 1 0 0 1 0 0 0 1]
At 28201/30000: COST 0.058/2.929(0.080) -- Acc 0.970/0.490(0.975)
[1 0 1 0 1 0 0 1 0 0 1 1 1 0 0 0 0 1 1 1 0 0 0 1 0 0 0 1 1 0 1 1 0 1 0 0 0
 0 0 0 1 1 0 1 1 1 0 0 1 1 1 0 0 1 1 0 1 1 1 1 1 0 1 1 0 1 0 1 0 1 0 0 1 1
 1 0 0 0 0 1 1 0 1 0 1 1 0 1 1 1 0 0 1 1 0 0 0 0 0 0]
At 28301/30000: COST 0.193/2.434(0.084) -- Acc 0.950/0.540(0.973)
[1 0 0 0 1 0 1 1 1 1 1 1 0 1 1 0 0 1 0 1 1 0 0 1 0 0 0 0 0 1 0 0 1 1 0 1 0
 0 1 1 1 1 0 0 0 0 1 1 0 1 0 0 1 1 0 0 1 1 1 1 0 1 1 1 1 0 0 0 1 1 1 1 1 1
 1 1 0 1 0 1 1 0 0 1 0 1 1 1 0 1 1 0 1 0 1 1 1 0 0 0]
At 28401/30000: COST 0.094/2.677(0.081) -- Acc 0.980/0.570(0.975)
[0 0 1 1 0 0 0 0 1 1 1 1 1 0 1 1 1 1 1 0 0 1 1 0 0 1 0 1 1 0 1 0 1 1 1 1 1
 1 1 1 0 0 0 1 0 0 0 1 0 1 1 1 1 1 1 0 0 0 0 1 0 0 1 0 0 0 0 0 1 1 1 1 0 1
 0 1 0 0 1 1 0 0 1 0 0 0 1 1 1 1 0 0 1 0 1 1 1 0 1 0]
At 28501/30000: COST 0.091/2.909(0.066) -- Acc 0.980/0.530(0.980)
[0 0 0 1 1 1 1 0 0 1 1 0 0 0 0 0 1 1 0 0 1 1 1 1 1 0 0 0 0 0 0 0 1 0 1 1 0
 0 0 0 1 1 0 0 1 1 0 0 1 0 1 0 0 1 0 0 1 1 1 1 0 1 0 1 1 1 0 0 1 1 0 0 0 1
 1 0 0 0 1 1 1 0 1 1 0 0 1 1 0 1 1 0 0 0 1 1 1 1 1 0]
At 28601/30000: COST 0.071/2.695(0.074) -- Acc 0.980/0.500(0.977)
[1 0 0 1 1 1 0 0 0 1 1 0 0 1 1 1 0 1 1 1 0 1 0 0 1 0 0 0 1 1 1 0 0 0 1 0 0
 0 0 0 1 1 1 1 1 1 1 1 1 1 0 0 1 0 1 0 1 0 1 1 1 1 1 1 0 0 1 0 1 1 0 0 0 0
 0 0 0 0 1 0 0 0 0 0 1 0 0 0 1 0 1 1 0 1 1 1 0 0 0 0]
At 28701/30000: COST 0.081/3.006(0.065) -- Acc 0.970/0.510(0.980)
[1 0 1 0 1 1 0 1 0 1 1 1 0 0 1 1 0 0 1 0 0 1 1 1 1 1 1 1 1 1 1 0 0 0 1 1 0
 1 1 1 1 1 0 1 1 1 0 0 1 1 0 1 0 0 0 0 0 0 0 1 0 1 1 0 1 1 1 1 1 0 0 1 0 0
 1 1 1 1 1 1 0 0 1 1 1 1 0 0 0 0 0 1 1 1 0 0 0 0 0 1]
At 28801/30000: COST 0.041/2.822(0.079) -- Acc 0.990/0.520(0.976)
[0 0 0 1 0 1 0 1 0 1 1 1 1 1 0 0 0 1 1 0 1 0 1 0 0 0 0 1 0 1 1 0 1 0 0 0 1
 0 1 1 0 0 1 0 1 1 1 0 1 0 0 1 1 1 0 1 0 0 1 1 1 0 1 0 1 0 1 1 0 1 1 0 1 0
 1 1 1 0 0 1 1 1 1 0 1 1 0 0 1 0 0 0 1 0 1 1 1 1 1 1]
At 28901/30000: COST 0.031/2.635(0.100) -- Acc 1.000/0.560(0.970)
[1 0 1 0 1 1 0 1 0 0 0 1 1 0 1 0 1 0 1 1 1 1 1 1 1 0 0 1 1 0 1 0 0 0 0 1 0
 1 1 0 1 0 1 0 1 0 1 1 1 1 0 1 0 0 1 0 1 0 1 0 0 0 1 1 1 0 0 1 1 1 0 0 0 1
 1 1 1 1 0 0 0 1 0 0 0 0 1 1 0 1 1 0 0 1 1 1 0 0 0 0]
At 29001/30000: COST 0.026/2.495(0.101) -- Acc 1.000/0.470(0.969)
[0 1 1 1 0 0 0 0 1 1 0 1 1 1 1 1 0 1 0 1 0 1 1 0 1 0 0 1 1 1 1 1 1 1 1 0 1
 1 1 0 0 0 0 1 1 0 1 0 1 1 1 1 0 1 0 0 1 1 0 1 1 1 1 0 0 1 0 0 0 0 1 1 1 1
 0 0 0 0 0 0 0 0 1 0 1 0 0 1 1 0 0 1 1 0 0 1 1 1 0 0]
At 29101/30000: COST 0.047/2.642(0.083) -- Acc 0.990/0.510(0.975)
[1 0 1 0 0 1 0 1 0 0 0 1 1 0 0 1 1 0 1 0 1 1 1 1 1 1 1 0 1 1 1 1 1 1 1 1 0
 0 0 1 1 0 0 0 0 1 0 0 0 0 1 1 1 1 0 1 0 0 0 0 0 0 1 0 1 0 1 1 1 1 0 1 1 0
 0 0 1 1 0 1 1 1 1 1 0 0 1 0 0 0 0 0 0 1 1 0 0 1 0 0]
At 29201/30000: COST 0.123/2.736(0.078) -- Acc 0.970/0.480(0.978)
[0 1 1 1 0 0 1 1 1 0 0 1 0 1 1 1 0 0 0 1 0 0 1 1 1 1 1 1 0 0 1 1 1 0 0 0 1
 0 0 0 0 1 1 0 0 0 0 0 0 0 0 0 1 1 1 0 1 1 0 0 0 0 0 1 1 0 0 1 1 0 1 0 0 1
 0 1 1 0 0 0 1 1 1 0 1 0 1 0 1 0 1 0 0 1 0 1 0 1 1 0]
At 29301/30000: COST 0.054/2.569(0.079) -- Acc 0.990/0.500(0.977)
[1 0 1 0 1 1 0 1 0 0 1 0 0 0 1 1 0 0 0 1 0 0 0 0 1 0 0 0 0 1 0 0 0 0 1 1 0
 0 0 0 1 1 0 0 1 0 1 1 1 0 1 1 0 0 0 1 0 1 0 0 0 1 1 0 1 0 1 0 1 0 1 1 1 0
 0 1 1 0 0 0 0 1 1 1 0 1 0 0 1 1 0 0 0 0 1 1 1 0 1 0]
At 29401/30000: COST 0.064/3.049(0.069) -- Acc 0.970/0.460(0.979)
[0 0 0 1 1 1 0 1 1 1 0 0 1 1 1 1 1 1 1 1 1 0 0 0 0 1 0 0 1 0 0 1 0 0 1 1 1
 1 0 0 0 0 1 1 1 0 0 1 0 1 1 0 1 0 1 0 1 0 0 0 0 0 1 1 1 1 1 0 1 0 1 0 0 0
 0 1 1 0 1 1 0 1 1 1 1 0 0 0 1 0 0 1 1 0 1 0 1 0 0 1]
At 29501/30000: COST 0.017/2.974(0.053) -- Acc 0.990/0.510(0.983)
[1 1 0 1 0 0 0 1 0 1 0 1 0 0 1 1 1 0 1 0 0 0 0 1 0 0 1 0 1 0 0 1 0 1 1 0 0
 1 1 1 1 1 1 0 1 0 1 1 1 0 0 0 0 0 1 0 1 0 0 1 1 1 0 0 0 1 1 0 1 0 0 1 0 1
 1 1 0 0 0 0 0 0 0 1 0 0 1 0 1 1 0 0 1 0 1 0 1 1 0 1]
At 29601/30000: COST 0.023/3.252(0.046) -- Acc 0.990/0.460(0.986)
[0 0 0 0 0 0 1 1 0 1 1 0 1 1 1 0 0 1 0 0 0 0 0 0 0 1 0 1 1 1 1 0 1 1 0 1 1
 0 1 1 0 1 1 1 0 1 0 0 1 0 0 1 0 0 0 0 0 0 0 1 1 0 0 1 1 0 1 0 1 0 1 1 1 1
 1 0 1 0 1 0 1 1 1 0 0 0 0 0 0 0 1 1 0 0 0 1 0 0 1 1]
At 29701/30000: COST 0.059/3.095(0.065) -- Acc 0.980/0.470(0.981)
[1 0 0 1 0 1 1 0 0 1 1 1 1 0 1 0 0 1 1 1 0 0 1 1 1 0 0 1 0 1 0 0 1 1 0 0 0
 0 0 0 0 1 0 0 1 1 1 0 0 1 0 0 0 1 1 0 1 1 0 1 1 1 1 0 1 0 0 0 0 0 0 1 0 0
 1 0 1 0 0 0 1 1 0 1 1 0 1 0 0 0 0 0 0 0 1 1 1 1 1 0]
At 29801/30000: COST 0.096/2.770(0.074) -- Acc 0.980/0.530(0.978)
[0 1 1 1 1 0 1 1 0 1 1 1 1 1 1 0 1 1 0 0 1 0 0 0 1 1 1 0 1 1 0 0 0 0 1 1 1
 1 0 0 0 1 0 0 1 1 1 0 1 0 0 0 0 0 1 1 0 0 0 0 1 0 0 1 0 1 1 1 1 1 1 0 1 0
 1 1 0 1 1 1 0 0 0 1 0 1 0 1 0 0 0 0 1 0 1 1 1 1 1 0]
At 29901/30000: COST 0.068/3.415(0.064) -- Acc 0.980/0.470(0.981)
