Train 1155 samples in approximately 2597 epochs
Finished computation graph
[0 0 0 0 0 0 0 0 0 0 0 0 0 0 0 0 0 0 0 0 0 0 0 0 0 0 0 0 0 0 0 0 0 0 0 0 0
 0 0 0 0 0 0 0 0 0 0 0 0 0 0 0 0 0 0 0 0 0 0 0 0 0 0 0 0 0 0 0 0 0 0 0 0 0
 0 0 0 0 0 0 0 0 0 0 0 0 0 0 0 0 0 0 0 0 0 0 0 0 0 0]
At     1/30000: COST 0.972/0.889(0.700) -- Acc 0.480/0.510(0.009)
[0 0 0 0 0 0 0 1 0 0 0 0 0 0 0 0 0 0 0 0 0 0 1 0 0 0 0 0 0 0 0 0 0 0 0 0 0
 0 0 0 1 0 0 0 0 0 0 0 0 0 0 0 0 0 0 0 0 0 1 0 0 0 0 0 0 0 0 0 0 0 0 0 0 0
 0 0 0 0 0 0 0 0 0 0 0 0 0 0 0 0 0 0 0 0 0 0 0 0 0 0]
At   101/30000: COST 0.687/0.695(0.706) -- Acc 0.520/0.510(0.324)
[0 0 0 0 1 1 0 0 0 0 1 0 1 1 1 0 0 1 0 0 0 0 0 0 1 1 1 0 0 0 0 1 0 0 1 1 0
 1 1 1 1 0 0 1 1 1 0 0 0 0 0 0 0 1 0 1 1 0 0 1 1 0 1 1 1 1 0 0 1 0 0 0 1 0
 0 0 0 1 0 0 0 1 0 0 1 1 0 1 1 0 0 1 1 1 1 0 0 0 1 0]
At   201/30000: COST 0.692/0.695(0.701) -- Acc 0.480/0.490(0.447)
[1 1 1 0 1 0 0 0 1 1 0 0 0 0 0 1 1 0 1 0 1 1 1 0 1 0 0 1 1 1 1 0 1 0 1 1 1
 1 1 1 0 0 0 1 1 1 1 0 0 0 1 0 1 1 1 0 0 1 1 0 1 0 0 0 0 0 0 1 1 0 0 0 0 1
 1 1 0 1 1 1 1 1 0 0 1 0 1 1 0 1 1 0 1 0 0 1 0 0 1 1]
At   301/30000: COST 0.684/0.694(0.698) -- Acc 0.600/0.490(0.494)
[0 0 0 0 0 0 0 0 0 0 0 0 0 0 0 0 0 0 0 0 0 0 0 0 0 0 0 0 0 0 0 0 0 0 0 0 0
 0 0 0 0 0 0 0 0 0 0 0 0 0 0 0 0 0 0 0 0 0 0 0 0 0 0 0 0 0 0 0 0 0 0 0 0 0
 0 0 0 0 0 0 0 0 0 0 0 0 0 0 0 0 0 0 0 0 0 0 0 0 0 0]
At   401/30000: COST 0.703/0.698(0.695) -- Acc 0.520/0.510(0.514)
[1 0 0 0 0 0 0 0 0 0 0 0 0 0 0 0 0 0 0 0 0 0 0 0 0 0 0 0 0 0 0 0 0 0 0 0 0
 0 0 0 0 0 0 0 0 0 0 0 0 0 0 0 0 0 0 0 0 0 0 0 0 0 0 0 0 0 0 0 0 0 0 0 0 0
 0 0 0 0 0 0 0 0 0 0 0 0 0 0 0 0 0 0 0 0 0 0 0 0 0 0]
At   501/30000: COST 0.704/0.692(0.693) -- Acc 0.440/0.520(0.521)
[1 0 0 1 0 0 0 0 0 0 0 1 1 0 0 1 1 0 1 1 1 1 1 1 1 1 1 1 1 0 1 0 1 0 1 1 0
 0 1 1 0 1 0 1 0 1 1 1 1 1 1 1 0 0 1 1 1 0 0 0 1 0 0 1 1 1 1 0 1 1 0 0 1 1
 1 1 0 1 1 0 1 1 0 0 1 1 1 1 0 1 1 1 1 1 0 1 0 1 1 1]
At   601/30000: COST 0.685/0.682(0.691) -- Acc 0.570/0.600(0.525)
[0 0 0 1 0 0 1 1 1 0 1 1 1 1 0 1 1 0 1 1 1 0 0 1 1 0 0 1 1 1 1 1 0 0 1 1 1
 1 1 1 1 0 1 1 1 0 1 1 1 1 1 0 1 0 1 1 0 1 1 1 1 1 1 0 1 1 0 1 0 1 1 0 0 0
 1 0 0 1 1 0 1 0 1 1 1 1 1 0 0 1 1 0 1 0 0 0 1 1 1 0]
At   701/30000: COST 0.715/0.689(0.690) -- Acc 0.560/0.530(0.529)
[1 1 1 1 1 1 1 1 1 1 1 1 1 1 1 1 1 1 1 1 0 1 1 1 1 0 1 1 1 1 1 1 1 1 1 1 1
 1 1 1 1 1 1 1 1 0 1 1 1 1 1 1 1 1 1 1 1 1 1 1 1 1 1 1 1 1 1 1 1 1 1 0 1 1
 1 1 1 1 1 1 1 1 1 1 1 1 1 1 1 1 1 1 1 0 1 1 1 1 1 1]
At   801/30000: COST 0.669/0.689(0.687) -- Acc 0.590/0.520(0.541)
[1 0 0 1 1 0 0 1 0 0 0 1 0 0 0 0 0 1 0 1 1 0 0 0 1 1 0 0 0 0 1 0 0 0 1 1 1
 0 0 0 0 0 0 0 0 0 0 0 1 0 1 0 0 0 1 0 1 0 1 0 1 0 1 1 1 0 0 0 0 0 0 1 1 1
 1 1 1 1 1 0 0 0 0 1 0 1 0 0 0 0 0 1 0 0 0 0 0 0 1 1]
At   901/30000: COST 0.704/0.694(0.687) -- Acc 0.460/0.490(0.535)
[1 1 0 1 0 0 1 0 1 0 0 1 0 1 1 1 1 1 1 1 0 1 1 1 0 1 1 1 0 1 0 1 0 1 0 1 1
 1 1 1 1 0 1 1 1 1 0 1 1 1 1 1 0 1 1 1 0 1 1 0 1 1 1 1 0 1 1 1 1 1 1 1 1 1
 1 1 0 1 1 1 1 0 1 1 1 0 1 0 0 1 1 0 1 1 1 1 1 0 1 1]
At  1001/30000: COST 0.673/0.682(0.683) -- Acc 0.580/0.550(0.548)
[0 1 0 1 1 1 1 1 1 1 1 1 1 1 1 1 1 0 1 0 1 0 1 0 1 0 0 0 0 1 1 1 1 1 1 0 1
 1 0 0 0 1 0 0 1 0 1 0 0 1 0 1 0 1 1 0 1 1 0 1 1 1 1 1 1 0 1 1 0 1 1 1 1 1
 1 1 1 1 1 1 1 1 1 1 0 1 1 1 1 1 1 0 1 1 1 0 1 1 1 1]
At  1101/30000: COST 0.703/0.679(0.679) -- Acc 0.490/0.570(0.555)
[1 0 1 1 0 1 1 1 1 0 0 0 1 1 0 1 1 1 0 1 1 1 1 1 1 1 0 1 0 1 0 1 1 0 1 1 0
 0 1 1 0 1 0 1 0 1 1 1 0 1 1 1 1 1 1 1 1 0 0 1 0 0 0 1 0 1 0 1 1 1 1 0 1 1
 1 1 1 1 1 1 1 1 0 0 1 1 1 0 0 1 0 1 1 1 0 0 1 1 1 1]
At  1201/30000: COST 0.642/0.680(0.674) -- Acc 0.640/0.610(0.566)
[1 0 1 1 1 1 1 1 1 1 1 1 1 1 1 1 0 1 1 1 1 0 1 1 1 1 1 1 1 0 0 1 1 1 1 1 1
 0 1 1 1 1 1 1 0 1 1 1 0 1 1 1 1 1 1 1 1 1 0 0 1 1 0 1 1 1 1 1 1 1 1 1 1 1
 1 1 1 1 1 1 0 1 1 1 1 1 1 0 1 1 1 1 1 1 1 1 1 1 1 1]
At  1301/30000: COST 0.673/0.690(0.671) -- Acc 0.510/0.480(0.574)
[0 0 1 1 0 1 0 0 1 0 1 1 1 1 0 0 1 1 0 1 1 0 0 0 1 0 0 1 1 0 1 1 0 1 1 1 1
 0 1 1 1 0 1 0 0 1 1 1 1 0 1 1 1 1 1 0 1 1 0 0 1 0 0 0 1 1 0 0 1 1 0 0 1 0
 1 1 1 1 1 1 1 1 0 1 1 1 1 1 0 0 1 1 1 1 1 1 1 0 0 1]
At  1401/30000: COST 0.645/0.680(0.666) -- Acc 0.630/0.600(0.578)
[1 0 1 1 0 0 0 1 1 1 0 0 0 0 1 0 1 0 0 0 0 1 0 0 0 0 1 1 0 0 0 1 0 0 1 0 0
 1 0 0 0 1 0 0 0 0 1 0 1 0 1 0 1 1 0 0 1 1 0 0 1 1 0 1 1 1 1 0 0 0 0 0 0 0
 0 0 0 1 0 0 1 0 0 0 1 0 0 1 1 0 0 0 0 1 1 0 0 1 1 1]
At  1501/30000: COST 0.614/0.681(0.662) -- Acc 0.690/0.590(0.591)
[1 1 1 1 1 1 1 1 1 1 1 1 1 1 1 1 1 1 1 1 1 1 1 1 0 1 1 1 1 1 1 1 1 1 0 1 0
 0 1 1 0 0 1 1 1 1 1 1 1 1 1 1 1 1 1 1 1 1 1 1 1 1 0 1 1 1 1 1 1 1 1 1 1 1
 1 1 1 1 1 1 1 1 1 1 1 1 1 1 1 1 0 1 0 1 1 1 1 1 1 1]
At  1601/30000: COST 0.674/0.692(0.661) -- Acc 0.540/0.500(0.587)
[1 1 0 0 1 1 1 1 0 1 0 1 1 1 1 0 1 1 1 0 0 0 1 1 1 0 1 0 1 1 0 1 0 0 0 0 1
 0 0 0 1 0 1 0 1 0 1 0 1 0 0 0 1 1 1 0 0 1 0 0 0 0 0 1 0 0 0 1 0 1 1 1 1 1
 1 1 0 0 0 1 0 1 1 1 1 0 1 1 0 1 0 0 0 1 1 1 1 1 1 1]
At  1701/30000: COST 0.645/0.679(0.655) -- Acc 0.600/0.580(0.595)
[1 1 0 1 1 1 1 1 1 0 1 1 1 1 1 0 0 0 0 1 1 0 1 0 0 0 1 0 1 1 1 0 0 1 0 1 1
 1 1 0 0 1 1 1 1 1 1 1 1 1 0 0 1 1 0 1 0 1 0 0 1 0 1 1 0 1 1 1 1 1 0 0 1 1
 1 1 1 1 1 1 1 0 1 1 0 1 0 1 1 1 0 0 1 1 0 1 1 0 0 0]
At  1801/30000: COST 0.661/0.684(0.647) -- Acc 0.620/0.520(0.610)
[0 0 1 0 0 0 0 1 0 1 1 0 1 1 1 0 1 1 1 0 1 1 0 0 0 0 0 0 1 0 0 1 1 0 0 1 1
 1 0 0 0 1 1 0 1 0 1 0 1 0 1 1 1 1 0 1 0 0 0 0 0 0 0 0 0 0 1 0 1 0 0 0 1 0
 1 1 1 0 1 1 1 0 0 0 0 1 1 0 1 0 0 0 1 1 0 0 0 0 1 0]
At  1901/30000: COST 0.572/0.676(0.632) -- Acc 0.680/0.560(0.623)
[1 0 0 1 1 0 0 1 0 1 1 1 0 0 1 1 0 1 0 0 1 0 0 1 1 1 1 0 0 0 0 1 1 0 0 1 1
 1 1 0 0 0 0 1 0 1 1 1 1 1 1 0 1 0 1 1 1 0 0 1 1 1 1 0 1 1 0 1 0 0 1 0 0 1
 1 1 0 0 1 1 1 0 0 1 1 1 1 0 1 1 1 1 1 1 0 0 1 1 0 0]
At  2001/30000: COST 0.572/0.676(0.621) -- Acc 0.710/0.550(0.631)
[1 1 1 1 1 1 0 1 1 1 1 1 0 1 0 0 1 0 1 0 1 1 0 1 1 0 0 1 1 1 1 1 0 0 0 1 1
 1 1 1 0 1 1 1 1 1 1 1 1 1 1 1 1 0 1 1 1 1 1 1 1 0 1 1 1 0 1 1 0 1 0 1 1 1
 1 0 1 1 0 1 0 0 1 0 1 1 1 1 1 1 0 1 0 1 0 1 1 1 1 1]
At  2101/30000: COST 0.536/0.694(0.602) -- Acc 0.690/0.530(0.653)
[1 0 1 0 0 0 0 0 1 0 1 1 0 0 1 0 1 0 0 1 0 1 0 0 0 0 1 1 1 1 0 0 0 0 1 1 1
 0 1 1 0 0 1 0 1 1 0 1 0 1 1 1 0 1 0 0 0 0 1 1 0 1 0 1 0 0 1 0 1 0 0 0 0 0
 0 1 1 1 1 1 1 1 1 1 1 1 0 0 0 1 1 0 0 1 1 1 0 1 1 0]
At  2201/30000: COST 0.627/0.673(0.584) -- Acc 0.580/0.590(0.666)
[1 1 0 1 1 0 1 0 1 1 0 0 0 0 0 1 1 1 0 0 0 0 1 0 0 1 0 0 0 1 0 1 1 0 0 0 0
 1 0 1 0 0 0 1 0 0 0 0 0 0 0 1 1 0 1 1 0 1 0 1 0 0 0 1 1 1 0 1 0 0 0 0 1 1
 1 0 0 0 0 0 1 0 0 0 0 0 1 0 0 0 0 0 1 1 0 1 1 0 0 0]
At  2301/30000: COST 0.504/0.693(0.559) -- Acc 0.770/0.560(0.686)
[1 1 0 0 1 0 0 0 0 0 0 0 0 1 1 0 0 0 0 1 1 0 1 1 1 1 0 0 1 0 0 0 1 0 0 0 1
 1 0 0 1 1 0 1 0 1 0 1 1 1 1 1 1 1 1 0 0 1 1 1 1 0 0 1 0 0 1 0 0 0 1 1 1 0
 1 0 1 1 1 1 0 1 1 0 1 1 0 0 1 1 0 0 0 1 0 0 1 1 1 1]
At  2401/30000: COST 0.595/0.684(0.554) -- Acc 0.640/0.550(0.693)
[1 0 0 1 1 0 1 1 1 0 1 0 1 1 0 1 1 1 0 0 1 1 1 0 0 1 1 0 1 0 1 0 1 1 0 1 1
 1 0 0 0 1 1 0 0 1 1 1 0 1 0 1 0 0 1 0 0 1 0 0 1 0 1 1 0 0 1 1 1 0 0 0 1 0
 1 1 1 1 0 1 0 1 1 1 1 1 0 0 1 1 1 1 0 1 1 1 0 1 1 1]
At  2501/30000: COST 0.472/0.728(0.530) -- Acc 0.760/0.510(0.706)
[0 1 1 0 1 1 1 1 0 1 1 1 1 1 1 1 0 1 1 0 1 1 1 1 1 0 1 0 1 0 1 0 1 1 1 1 1
 1 0 1 1 1 1 0 0 1 1 1 0 0 1 0 1 1 1 1 1 1 0 0 0 1 1 1 1 0 0 0 1 0 0 0 1 1
 1 1 1 1 1 1 0 1 1 1 0 1 1 1 1 1 0 1 0 0 1 0 1 1 1 1]
At  2601/30000: COST 0.404/0.736(0.493) -- Acc 0.740/0.510(0.735)
[1 0 1 0 1 1 0 1 1 1 0 0 1 0 0 1 1 1 0 1 1 1 1 1 0 0 1 1 0 0 1 0 0 1 1 1 0
 0 1 1 1 0 0 0 0 1 0 0 1 0 0 0 1 1 0 1 1 0 0 1 1 0 1 0 1 0 1 1 1 0 1 0 0 1
 0 0 0 1 0 0 0 1 1 0 0 0 0 0 0 1 1 1 0 1 1 0 0 1 1 0]
At  2701/30000: COST 0.414/0.830(0.457) -- Acc 0.800/0.410(0.757)
[0 1 1 1 0 0 1 0 1 0 1 0 0 0 0 1 1 0 1 0 0 0 1 0 1 1 0 1 1 1 0 0 0 0 1 1 1
 0 0 1 1 0 0 1 0 1 0 1 1 1 1 0 1 1 0 0 1 1 1 1 1 1 0 0 0 1 1 1 0 0 0 0 1 0
 1 1 1 1 1 0 1 0 0 0 1 0 0 1 1 1 0 1 1 1 1 0 1 0 0 1]
At  2801/30000: COST 0.432/0.730(0.433) -- Acc 0.800/0.450(0.770)
[1 1 1 1 0 1 1 0 0 0 0 1 1 1 0 1 1 0 0 1 0 0 0 1 0 0 0 1 0 1 1 1 0 0 0 0 1
 1 1 1 0 0 1 0 0 1 1 1 1 1 1 1 1 1 0 1 1 0 1 1 1 0 1 1 1 1 1 1 1 1 0 1 1 0
 1 0 1 1 1 0 1 1 0 1 0 1 1 1 0 1 1 0 0 1 1 0 0 1 1 0]
At  2901/30000: COST 0.413/0.820(0.401) -- Acc 0.830/0.450(0.793)
[1 1 1 1 1 1 0 0 1 1 0 1 1 0 1 1 0 1 0 1 1 1 1 0 1 1 1 0 0 1 1 1 0 0 0 1 1
 1 0 0 1 1 0 1 0 1 0 1 1 0 1 1 0 1 1 0 0 0 1 1 1 1 0 1 1 1 1 0 0 1 1 1 1 1
 0 1 0 0 1 0 0 1 1 1 0 0 1 0 0 1 0 1 1 0 0 1 0 1 1 1]
At  3001/30000: COST 0.350/0.956(0.351) -- Acc 0.820/0.450(0.824)
[1 1 0 1 0 0 0 0 1 0 0 1 0 1 1 1 1 1 0 1 1 0 0 1 1 0 0 1 0 1 1 1 0 1 1 1 1
 1 0 0 0 0 0 1 1 1 0 1 1 1 0 0 0 0 1 1 1 0 1 0 1 1 1 1 1 1 1 0 0 1 1 1 0 1
 0 0 1 1 1 1 0 1 0 1 1 0 0 0 1 0 0 1 0 0 0 1 0 0 1 1]
At  3101/30000: COST 0.450/0.995(0.328) -- Acc 0.780/0.470(0.840)
[0 1 1 0 0 0 0 1 0 1 1 1 0 1 0 0 1 1 1 0 0 1 0 1 1 0 1 1 0 1 1 0 0 1 0 1 0
 0 0 1 0 1 0 0 1 0 1 0 1 0 1 1 0 1 0 1 0 1 0 0 0 1 0 1 0 1 1 1 0 0 0 1 1 1
 0 1 0 1 1 1 0 0 1 0 1 1 0 0 0 0 1 1 0 0 0 1 1 0 1 1]
At  3201/30000: COST 0.299/0.914(0.335) -- Acc 0.830/0.430(0.840)
[0 0 1 1 0 1 1 0 0 1 0 1 0 0 0 1 0 1 1 1 0 1 0 0 1 1 0 1 0 0 1 0 0 0 0 1 1
 1 1 0 1 1 1 1 1 0 0 1 1 0 0 0 0 0 0 1 1 0 0 1 1 0 1 1 1 1 1 0 1 1 1 1 0 0
 1 0 1 1 0 1 0 0 1 0 0 1 1 1 1 1 0 1 0 1 0 1 0 1 0 1]
At  3301/30000: COST 0.252/0.947(0.299) -- Acc 0.860/0.510(0.861)
[1 0 0 1 0 0 1 1 0 0 1 1 0 0 1 1 0 0 1 0 1 1 1 0 0 1 0 0 0 0 1 0 1 1 0 1 1
 0 1 1 1 1 1 1 1 0 1 1 0 1 0 1 1 1 0 0 0 1 1 1 1 1 1 1 1 0 1 1 0 1 0 1 1 0
 1 0 1 1 1 0 1 1 1 0 1 1 1 1 0 1 0 1 1 1 1 1 1 0 1 0]
At  3401/30000: COST 0.175/0.993(0.257) -- Acc 0.950/0.440(0.883)
[1 0 1 0 1 0 0 1 0 1 1 0 0 0 1 0 1 1 0 0 1 1 1 0 1 0 1 1 0 0 1 1 0 1 1 1 0
 0 0 1 1 1 1 1 1 0 1 1 0 1 0 0 1 0 0 0 1 0 1 1 1 1 1 0 1 1 1 0 0 0 1 0 1 0
 1 1 0 0 1 1 0 1 0 0 1 1 1 1 1 1 0 0 1 1 1 1 0 0 1 0]
At  3501/30000: COST 0.179/1.125(0.233) -- Acc 0.940/0.420(0.896)
[0 1 1 1 0 1 0 0 0 0 0 1 0 1 1 1 1 1 0 1 1 1 1 0 1 1 1 0 0 1 0 1 0 1 1 0 1
 1 1 0 1 0 0 1 1 0 1 0 0 1 1 1 0 1 1 1 0 1 1 1 1 0 0 1 1 1 1 1 1 1 1 1 1 0
 0 0 1 1 0 0 0 0 1 1 1 0 1 0 1 1 0 0 1 1 1 1 0 1 0 1]
At  3601/30000: COST 0.131/1.159(0.210) -- Acc 0.940/0.470(0.908)
[1 0 1 1 1 1 0 0 0 0 1 1 1 1 1 1 1 0 1 0 0 1 1 1 1 1 0 0 1 1 0 1 1 1 0 0 1
 1 1 1 1 0 0 0 0 0 1 1 1 1 1 1 1 1 1 1 0 1 1 1 1 1 1 1 1 1 1 1 0 0 1 0 1 1
 1 1 1 0 1 1 0 1 0 1 1 1 0 0 1 1 1 0 0 1 1 0 1 1 1 0]
At  3701/30000: COST 0.275/1.202(0.212) -- Acc 0.900/0.480(0.913)
[0 0 1 1 0 0 0 1 0 1 1 1 0 0 0 1 1 0 0 1 0 1 0 1 1 1 0 1 1 1 1 1 1 0 1 0 0
 1 1 0 1 1 0 1 1 1 0 1 1 1 1 0 1 0 0 0 0 0 1 1 1 1 0 1 0 0 1 1 1 1 1 1 0 1
 0 0 1 1 0 0 1 0 0 1 0 1 1 0 1 0 1 1 1 1 0 1 1 1 1 0]
At  3801/30000: COST 0.137/1.380(0.184) -- Acc 0.930/0.520(0.926)
[0 1 0 0 1 1 0 1 1 0 0 1 1 0 1 1 0 0 1 1 1 0 0 0 1 1 1 0 1 0 1 1 1 0 1 1 0
 1 1 0 0 1 1 0 0 0 1 1 1 0 1 1 0 0 0 1 0 1 1 1 0 0 0 0 1 1 0 0 1 0 1 1 1 0
 1 0 0 0 1 0 1 1 0 0 1 1 1 1 0 1 1 1 1 0 0 1 1 0 0 1]
At  3901/30000: COST 0.215/1.373(0.155) -- Acc 0.950/0.480(0.939)
[0 1 1 0 0 1 1 0 1 1 1 0 1 1 1 1 0 0 0 0 0 1 0 0 1 0 1 1 0 1 1 1 1 0 0 1 1
 1 0 1 0 1 1 0 1 1 0 0 1 0 1 1 1 1 1 0 0 0 0 0 1 0 1 1 0 0 1 0 0 1 1 1 1 0
 0 1 1 1 0 1 1 1 0 0 1 0 1 0 0 0 1 1 0 1 1 0 1 1 1 0]
At  4001/30000: COST 0.109/1.469(0.142) -- Acc 0.970/0.550(0.946)
[0 1 1 1 1 0 1 0 1 0 1 1 1 1 0 1 1 0 1 1 0 1 1 1 1 1 0 1 0 0 1 0 1 0 1 0 1
 1 0 0 0 0 0 1 1 0 0 0 1 1 1 0 1 1 0 1 1 1 0 1 1 0 1 0 0 1 0 0 1 0 0 0 1 1
 0 0 1 1 0 1 0 1 1 0 1 1 1 1 0 0 0 1 0 1 0 0 1 1 1 0]
At  4101/30000: COST 0.107/1.337(0.136) -- Acc 0.950/0.510(0.950)
[0 1 0 1 1 1 0 1 1 1 1 1 1 1 1 0 0 1 0 0 0 1 0 1 1 0 1 0 1 0 1 1 1 1 0 1 1
 0 1 0 0 1 1 1 1 1 1 1 0 1 1 1 1 1 0 0 1 1 1 0 1 0 0 1 1 1 1 0 1 1 1 1 1 1
 0 0 0 0 1 1 1 0 0 0 0 1 0 1 1 0 1 1 1 1 0 1 1 0 1 1]
At  4201/30000: COST 0.115/1.750(0.109) -- Acc 0.940/0.480(0.960)
[0 0 1 1 0 1 0 1 1 1 0 1 1 1 1 1 1 1 1 1 1 0 1 1 1 1 0 1 1 1 1 1 1 1 1 0 1
 0 0 0 1 0 0 1 1 0 1 1 0 0 0 1 0 0 0 1 0 1 1 1 1 0 1 1 1 0 0 0 0 1 1 1 0 0
 0 1 1 1 1 1 1 0 0 0 1 1 1 0 1 1 1 1 1 1 0 1 0 0 0 0]
At  4301/30000: COST 0.114/2.223(0.085) -- Acc 0.970/0.510(0.970)
[1 1 1 0 0 0 0 0 0 0 1 0 1 0 0 1 0 0 1 0 0 0 0 1 1 0 0 1 1 1 0 1 1 1 0 0 1
 1 1 1 0 1 0 0 1 0 1 0 0 0 0 0 1 0 0 0 0 1 1 0 1 0 1 1 1 0 1 1 1 1 0 1 0 0
 1 0 1 0 0 0 1 1 1 0 1 0 1 1 1 0 0 1 1 1 0 0 0 1 0 1]
At  4401/30000: COST 0.048/2.148(0.080) -- Acc 0.990/0.530(0.973)
[1 0 1 1 1 1 1 1 1 0 1 1 1 0 0 1 1 0 0 1 0 0 0 1 0 0 1 1 0 1 1 0 0 1 0 1 1
 0 1 0 1 0 1 1 1 0 1 1 1 1 1 0 1 0 1 0 1 0 0 0 1 1 0 0 1 1 1 1 1 0 1 1 1 0
 0 1 0 0 0 1 1 1 0 1 0 1 1 1 1 1 1 0 1 1 1 1 1 1 0 1]
At  4501/30000: COST 0.125/2.202(0.065) -- Acc 0.970/0.500(0.978)
[0 1 1 1 0 1 0 1 0 0 0 0 1 0 1 1 1 1 1 1 1 0 1 1 1 0 0 1 0 1 1 0 1 1 1 1 1
 1 0 1 1 1 1 1 0 0 1 0 0 1 1 1 0 0 0 1 1 1 1 1 0 1 1 0 0 0 1 0 1 1 1 1 0 1
 0 1 1 0 0 0 1 0 0 1 1 1 1 1 0 0 1 1 1 1 0 0 1 1 1 1]
At  4601/30000: COST 0.032/2.320(0.062) -- Acc 0.980/0.500(0.980)
[1 1 1 1 1 1 0 1 0 1 1 0 0 0 0 0 1 0 0 1 1 1 1 1 1 0 1 1 1 1 0 1 0 1 1 1 0
 1 0 1 0 1 1 1 1 0 0 0 1 1 1 1 1 1 1 0 1 0 1 1 1 1 1 1 1 1 0 0 1 1 0 1 1 1
 1 0 1 1 1 1 0 0 1 1 1 1 1 1 0 1 0 1 0 1 0 1 0 1 1 1]
At  4701/30000: COST 0.057/2.214(0.068) -- Acc 0.990/0.440(0.977)
[1 1 1 1 1 0 1 1 1 1 1 0 1 1 0 1 0 1 1 0 1 1 0 1 1 0 1 1 1 0 1 1 0 1 0 0 1
 1 1 1 0 0 1 1 1 0 0 0 1 1 1 0 0 0 1 1 1 0 0 0 0 1 1 1 0 1 0 1 1 1 1 1 0 1
 1 0 1 1 0 1 1 0 0 0 1 1 1 0 0 1 0 1 1 0 1 0 0 1 1 0]
At  4801/30000: COST 0.047/1.940(0.053) -- Acc 0.980/0.490(0.984)
[1 1 1 0 0 0 0 0 1 0 1 0 1 1 1 1 1 1 1 1 1 1 1 0 0 1 1 1 1 1 0 1 0 1 1 1 1
 0 0 0 1 1 0 1 0 1 0 0 0 1 1 1 1 1 1 1 0 0 0 0 1 1 0 1 1 1 1 0 0 1 1 1 1 0
 1 0 0 1 1 1 1 1 1 0 1 0 0 1 1 0 0 0 1 0 1 1 1 0 1 1]
At  4901/30000: COST 0.194/2.239(0.079) -- Acc 0.980/0.440(0.975)
[1 0 1 1 1 0 1 1 0 0 1 0 0 1 1 1 0 0 1 1 1 1 1 1 1 1 1 1 1 0 0 1 1 1 1 1 1
 1 1 0 1 1 0 1 1 1 0 0 1 0 1 0 0 1 1 0 1 0 0 1 1 1 0 0 0 1 1 1 1 0 1 0 1 0
 1 0 0 1 1 0 0 1 1 0 0 0 1 0 1 1 1 1 1 1 1 0 0 1 0 0]
At  5001/30000: COST 0.113/2.143(0.065) -- Acc 0.960/0.490(0.978)
[1 1 0 0 0 1 1 1 1 1 1 1 0 0 1 1 1 0 1 1 1 0 1 1 1 1 1 0 1 1 1 1 0 0 0 1 0
 1 1 0 1 0 1 1 1 0 0 1 1 0 0 1 1 1 1 1 1 0 0 1 1 1 1 0 0 0 1 1 0 1 1 1 1 0
 0 0 1 1 0 0 0 0 1 0 1 1 1 1 1 1 1 1 0 0 1 0 0 1 1 1]
At  5101/30000: COST 0.018/2.404(0.046) -- Acc 1.000/0.510(0.986)
[1 0 1 1 0 1 1 1 1 0 0 1 1 1 1 1 0 0 1 1 1 0 0 0 0 0 1 0 1 1 1 1 1 1 1 1 0
 1 1 0 1 0 1 1 1 1 0 1 1 0 0 1 1 1 1 1 0 1 0 1 1 1 1 1 0 1 0 0 1 1 0 0 0 0
 1 1 0 1 0 0 1 0 1 1 0 1 0 0 1 1 1 0 1 0 1 1 0 1 0 1]
At  5201/30000: COST 0.009/2.694(0.024) -- Acc 1.000/0.550(0.994)
[1 0 1 1 0 1 1 1 0 1 0 1 1 0 1 1 0 0 0 1 1 0 0 0 0 0 1 1 0 0 1 1 1 1 1 1 0
 0 1 1 1 1 1 0 0 1 1 1 1 1 0 1 1 1 1 1 1 0 1 1 1 1 1 0 1 1 1 0 1 0 0 0 1 1
 0 1 0 1 0 1 1 0 1 1 0 0 0 1 1 1 0 1 1 0 1 1 1 1 0 1]
At  5301/30000: COST 0.008/3.263(0.012) -- Acc 1.000/0.510(0.998)
[0 0 1 0 1 0 1 0 0 0 0 0 1 1 1 0 0 1 0 1 0 1 0 1 1 1 1 1 0 1 0 1 1 1 0 1 0
 0 1 0 0 1 1 0 0 1 0 0 1 0 1 1 1 0 0 0 0 1 1 1 1 1 1 0 1 1 1 1 1 0 0 1 0 1
 1 1 0 1 1 0 1 1 1 0 1 1 0 0 1 0 0 1 0 0 0 1 1 1 1 1]
At  5401/30000: COST 0.001/3.569(0.007) -- Acc 1.000/0.530(0.999)
[1 1 1 0 1 1 1 1 0 1 1 1 1 1 1 1 1 0 1 0 0 1 0 1 0 1 1 0 0 0 0 1 0 1 0 1 0
 1 1 1 0 1 0 1 1 1 1 1 0 0 1 1 1 1 0 0 0 1 1 1 1 1 1 1 0 0 0 0 0 1 1 0 1 0
 0 1 0 0 1 0 0 1 0 1 1 1 0 0 0 1 1 0 1 1 0 1 0 1 1 0]
At  5501/30000: COST 0.004/3.664(0.004) -- Acc 1.000/0.560(0.999)
[1 1 0 1 1 1 1 0 0 0 1 1 1 1 1 1 1 1 1 1 0 0 0 1 0 1 0 0 0 1 1 0 1 1 0 1 0
 1 0 1 1 1 0 1 1 0 1 1 0 1 1 1 1 1 0 1 1 1 0 1 1 0 1 1 0 0 1 0 1 1 1 1 1 1
 1 0 0 1 1 1 1 1 1 1 0 1 1 0 0 0 0 1 1 1 1 0 1 1 0 1]
At  5601/30000: COST 0.175/2.017(0.026) -- Acc 0.930/0.540(0.992)
[0 1 1 1 0 1 1 0 1 1 1 1 0 0 0 0 1 1 1 0 1 0 1 1 1 1 1 1 0 0 1 1 0 1 1 0 1
 0 1 1 0 0 0 0 0 0 1 1 1 0 1 0 1 1 0 1 1 0 0 0 1 1 1 0 0 1 1 0 1 1 0 0 1 0
 1 1 0 1 0 1 1 1 1 0 0 1 1 1 1 1 0 1 0 0 1 0 0 1 0 0]
At  5701/30000: COST 0.027/1.782(0.076) -- Acc 1.000/0.460(0.975)
[1 1 0 1 0 0 1 0 1 0 0 1 0 1 0 1 0 1 0 0 0 1 0 0 0 1 0 0 0 1 0 1 0 1 1 0 0
 1 0 0 1 1 1 0 0 0 0 1 1 0 1 1 1 1 1 1 1 0 1 0 1 1 1 1 0 1 1 1 1 1 1 1 1 1
 0 0 1 0 0 1 1 1 1 1 1 1 0 0 1 1 0 1 1 1 0 0 1 1 0 0]
At  5801/30000: COST 0.107/1.947(0.072) -- Acc 0.960/0.540(0.978)
[0 1 0 1 1 1 0 0 0 1 0 0 1 1 0 1 1 1 1 1 0 0 1 1 0 1 0 1 0 1 1 1 1 0 0 1 0
 1 1 0 1 1 0 1 0 1 1 0 1 0 1 1 1 1 1 1 1 1 1 1 1 1 0 0 1 0 1 1 1 1 1 1 0 1
 0 1 1 1 1 1 1 0 0 0 1 1 1 1 1 1 0 1 0 1 1 1 1 0 0 0]
At  5901/30000: COST 0.035/2.226(0.063) -- Acc 0.990/0.530(0.980)
[0 0 0 1 1 0 1 0 1 1 1 1 1 1 1 1 1 0 1 0 0 0 0 0 1 1 1 1 0 1 1 1 1 0 1 0 0
 1 0 1 1 1 0 1 1 0 0 1 0 0 1 1 1 1 0 0 1 0 0 0 1 0 0 1 0 1 0 1 1 0 1 1 0 0
 1 0 0 1 1 0 1 0 1 0 1 0 1 1 1 0 1 1 1 0 1 1 1 0 1 0]
At  6001/30000: COST 0.019/2.640(0.030) -- Acc 0.990/0.580(0.992)
[0 1 1 0 0 1 1 1 0 1 0 1 1 0 1 1 0 1 1 0 0 0 1 1 0 1 1 1 1 0 1 1 1 0 0 0 0
 1 1 1 1 0 1 1 1 0 0 1 1 0 0 0 0 1 1 1 0 0 1 0 1 1 1 0 1 1 0 1 1 0 0 0 1 1
 0 1 1 0 0 1 0 1 0 1 0 1 0 1 1 0 1 1 1 1 1 1 0 1 0 1]
At  6101/30000: COST 0.002/2.847(0.015) -- Acc 1.000/0.520(0.996)
[1 1 1 0 1 0 1 1 0 1 1 1 1 0 1 1 0 0 0 1 1 1 1 0 1 0 0 0 1 1 1 0 0 1 1 1 1
 1 0 0 0 1 0 1 0 1 1 1 0 1 1 0 1 1 0 0 0 1 0 0 1 1 1 1 0 0 1 0 1 1 0 1 1 1
 1 0 1 1 1 1 0 0 0 0 1 1 1 0 1 1 1 0 0 1 1 1 1 1 1 1]
At  6201/30000: COST 0.001/3.194(0.009) -- Acc 1.000/0.520(0.998)
[1 0 1 1 1 1 1 1 1 1 0 0 0 0 1 0 0 0 0 0 0 1 0 0 0 0 1 1 1 1 1 0 0 1 0 0 0
 1 0 1 1 0 1 1 0 0 1 1 1 0 0 1 0 1 1 0 0 1 1 1 0 0 0 1 1 1 1 1 0 1 1 1 1 0
 1 1 1 1 0 0 1 1 1 1 1 0 0 1 0 1 0 0 0 0 0 1 0 1 0 1]
At  6301/30000: COST 0.004/3.206(0.006) -- Acc 1.000/0.570(0.999)
[0 1 1 0 1 1 1 0 0 0 1 1 1 1 0 0 1 0 0 1 1 1 1 0 1 1 1 0 0 1 1 1 1 0 1 1 1
 1 1 1 1 1 0 1 1 1 0 1 1 1 0 1 0 1 0 1 1 0 0 0 1 0 0 1 1 0 1 0 0 1 1 0 1 1
 0 0 1 1 1 1 1 1 0 1 1 1 1 0 0 1 0 0 0 1 1 0 1 1 0 1]
At  6401/30000: COST 0.020/3.061(0.052) -- Acc 0.990/0.440(0.983)
[1 1 1 1 1 1 1 1 0 1 1 0 1 1 0 1 0 0 1 0 1 0 1 1 1 1 0 0 0 1 0 0 1 1 0 1 0
 1 1 1 1 1 1 1 1 1 1 0 0 1 0 1 1 1 1 1 0 1 0 1 1 0 1 0 0 1 0 0 1 1 1 1 1 1
 1 0 1 1 1 1 1 1 1 1 1 1 1 0 1 0 0 1 1 1 1 1 1 0 1 1]
At  6501/30000: COST 0.015/2.693(0.060) -- Acc 1.000/0.460(0.981)
[0 1 1 1 1 0 0 1 1 1 1 0 1 1 0 0 0 0 0 1 1 1 1 1 1 1 1 1 1 1 1 0 0 0 1 1 1
 0 1 1 1 1 1 1 0 1 1 0 1 1 0 1 0 0 1 1 1 1 0 0 1 1 1 1 0 1 1 1 0 1 0 1 1 0
 0 1 1 1 1 0 1 0 1 1 1 0 0 0 1 1 1 1 0 0 0 0 0 1 1 1]
At  6601/30000: COST 0.011/3.020(0.038) -- Acc 1.000/0.480(0.989)
[1 0 1 0 0 1 1 1 1 0 0 1 1 0 0 1 1 1 1 0 0 1 1 1 1 1 0 0 1 0 1 0 1 1 1 1 1
 1 0 0 1 1 1 1 1 1 1 1 0 0 1 0 1 1 1 0 0 0 1 0 1 0 0 1 0 0 0 0 0 1 1 0 0 1
 0 1 0 1 1 1 0 0 1 1 0 1 0 1 1 1 1 1 0 1 0 0 0 1 1 1]
At  6701/30000: COST 0.008/3.023(0.022) -- Acc 1.000/0.520(0.994)
[0 0 0 0 0 1 1 1 0 1 1 1 0 1 1 1 1 1 1 1 1 1 1 0 1 1 0 1 1 0 1 1 1 0 1 1 0
 0 1 0 0 0 0 1 1 1 1 0 0 1 0 0 1 1 1 0 1 0 1 1 1 0 1 0 1 1 0 1 0 1 1 0 1 1
 0 0 1 1 1 1 1 1 0 1 1 1 1 0 1 1 0 0 1 1 0 1 1 1 1 1]
At  6801/30000: COST 0.279/2.418(0.065) -- Acc 0.940/0.480(0.980)
[0 1 1 1 0 1 0 0 0 1 1 0 1 0 1 1 0 0 1 1 1 0 1 1 0 1 0 1 1 1 0 1 1 1 1 1 1
 1 1 0 1 1 1 1 0 1 1 1 1 1 1 1 0 1 1 0 1 0 1 1 1 1 1 1 1 0 0 1 0 1 0 1 0 0
 0 1 1 0 1 1 0 1 1 1 1 1 0 0 1 1 1 0 1 1 0 0 1 1 0 1]
At  6901/30000: COST 0.039/2.529(0.066) -- Acc 0.990/0.480(0.980)
[1 0 0 1 0 0 0 0 1 0 0 1 1 1 0 1 1 1 1 0 1 1 0 0 1 0 1 1 0 1 1 1 0 1 0 1 1
 1 1 1 1 1 1 1 1 0 1 0 0 1 0 0 1 0 1 1 1 0 1 0 0 0 1 1 1 1 1 1 0 1 1 1 0 0
 1 1 1 0 0 1 0 0 0 1 1 1 1 1 0 0 0 1 1 1 1 0 1 1 1 0]
At  7001/30000: COST 0.012/3.129(0.048) -- Acc 1.000/0.500(0.986)
[0 1 0 1 1 1 0 1 1 1 1 0 0 1 0 1 1 1 1 1 0 0 0 1 0 1 1 1 0 0 1 1 1 0 1 1 1
 0 1 1 1 0 0 1 1 1 0 1 0 1 0 1 1 1 1 1 1 1 1 1 1 1 1 1 0 0 0 0 0 1 1 0 1 1
 0 0 1 0 0 0 1 1 0 1 0 0 0 0 1 1 1 0 0 0 0 0 1 0 1 0]
At  7101/30000: COST 0.008/3.138(0.025) -- Acc 1.000/0.490(0.993)
[1 1 1 0 1 0 0 1 0 1 0 0 1 1 1 1 1 1 0 0 0 1 1 1 1 0 0 0 0 0 1 1 1 1 0 1 1
 1 1 1 0 0 1 1 0 1 1 1 1 1 1 0 0 0 0 1 0 1 0 1 1 1 1 0 1 0 0 1 1 1 1 1 1 0
 0 1 1 1 1 0 1 1 1 0 0 0 0 0 1 0 0 0 1 0 0 1 1 1 0 0]
At  7201/30000: COST 0.004/3.447(0.013) -- Acc 1.000/0.510(0.997)
[0 1 1 1 1 1 1 1 1 0 0 1 0 1 0 0 1 0 1 0 1 1 0 0 1 1 1 1 1 0 1 1 0 1 1 0 0
 0 1 0 0 1 0 1 0 0 0 0 0 0 1 1 1 0 1 1 1 1 1 0 0 1 1 1 1 0 0 1 0 1 1 1 1 0
 1 0 1 1 0 1 0 1 1 0 0 0 0 1 1 1 0 1 1 1 0 1 1 0 1 0]
At  7301/30000: COST 0.002/3.776(0.007) -- Acc 1.000/0.530(0.999)
[1 1 1 1 1 0 1 1 0 1 0 1 0 1 0 0 1 0 1 1 1 1 1 1 1 1 1 0 1 0 1 0 1 1 1 0 1
 1 1 0 1 1 1 1 0 0 1 0 1 1 0 1 1 1 1 0 0 0 0 1 0 1 0 1 1 1 1 0 0 0 0 0 0 1
 0 1 0 1 0 1 1 1 0 1 1 1 0 1 1 1 0 0 0 0 1 0 1 1 0 1]
At  7401/30000: COST 0.001/3.989(0.004) -- Acc 1.000/0.500(0.999)
[0 1 0 0 1 0 0 0 1 1 0 1 1 0 1 1 1 1 0 1 0 0 1 0 0 1 1 1 0 1 0 1 0 1 1 1 1
 0 1 0 1 1 0 1 0 1 0 1 1 0 1 1 0 1 0 1 1 1 1 0 1 0 1 0 1 1 1 0 0 1 0 0 1 1
 1 1 1 1 1 1 1 1 0 0 1 0 1 1 0 0 0 1 0 1 1 0 1 1 0 0]
At  7501/30000: COST 0.010/4.007(0.003) -- Acc 0.990/0.520(0.999)
[0 1 1 1 0 1 0 1 1 1 1 1 1 1 1 1 1 0 1 0 1 1 0 0 1 1 1 1 0 1 0 1 1 1 0 1 0
 1 1 0 0 0 1 0 0 0 1 1 1 0 0 0 1 1 1 1 0 1 1 1 0 1 0 0 0 1 1 0 0 1 0 1 1 0
 1 0 0 0 1 1 1 0 0 1 0 1 1 0 0 1 1 0 0 1 0 1 0 0 1 1]
At  7601/30000: COST 0.122/2.189(0.060) -- Acc 0.930/0.490(0.981)
[1 1 1 0 0 1 1 1 0 1 1 0 1 1 0 1 0 1 1 1 0 0 1 0 0 1 0 1 1 0 1 0 0 0 1 1 0
 0 1 1 0 0 1 0 1 0 1 0 1 0 1 1 0 1 1 1 1 1 1 0 1 0 0 1 0 1 0 0 0 1 0 1 0 0
 1 1 0 1 0 1 1 1 1 0 0 1 1 1 1 1 0 0 0 1 0 1 1 0 1 0]
At  7701/30000: COST 0.159/2.310(0.057) -- Acc 0.960/0.490(0.983)
[1 1 1 0 0 1 0 1 1 1 0 1 1 0 1 0 1 0 1 1 1 0 1 0 1 1 1 1 1 1 1 1 0 0 0 1 0
 1 0 1 1 0 1 0 0 0 1 0 1 0 1 0 1 1 0 1 1 1 0 1 1 1 1 1 1 0 0 0 1 1 0 0 1 1
 1 1 0 0 0 0 1 1 0 0 0 1 1 0 1 1 1 1 0 1 1 1 0 0 0 0]
At  7801/30000: COST 0.004/2.794(0.032) -- Acc 1.000/0.500(0.991)
[0 1 0 0 1 1 0 1 0 0 1 0 1 0 1 1 1 1 1 0 1 1 1 0 0 0 0 0 0 1 1 1 1 1 0 1 1
 0 1 1 0 1 0 1 0 1 1 1 0 1 0 0 1 0 0 1 0 0 1 1 1 1 1 0 0 1 0 1 0 1 1 1 0 1
 0 0 1 0 0 0 0 1 1 0 0 0 1 1 0 0 1 0 1 1 1 1 0 0 0 1]
At  7901/30000: COST 0.017/2.919(0.015) -- Acc 0.990/0.600(0.996)
[1 1 1 0 0 0 0 1 1 1 0 0 1 1 0 0 1 0 0 0 0 1 1 0 1 1 0 0 1 0 1 0 1 0 1 1 0
 0 1 0 1 0 1 1 1 1 0 1 1 0 0 0 1 0 0 0 1 1 0 0 1 1 1 0 0 1 1 1 1 1 1 1 0 1
 1 1 1 1 0 1 0 1 0 0 1 1 1 0 0 1 0 1 0 1 0 1 1 1 0 0]
At  8001/30000: COST 0.001/3.156(0.008) -- Acc 1.000/0.580(0.998)
[1 1 1 1 0 0 1 1 0 1 1 1 0 1 0 0 1 1 0 0 0 1 1 0 0 1 0 0 0 0 0 0 0 1 0 0 1
 0 0 1 0 1 1 1 1 1 1 0 0 0 0 0 1 1 1 0 1 1 0 0 1 0 1 1 0 1 1 1 1 1 0 0 0 1
 1 0 1 1 0 1 1 1 0 0 1 1 1 1 1 1 0 0 0 1 0 0 1 1 1 1]
At  8101/30000: COST 0.002/3.183(0.005) -- Acc 1.000/0.560(0.999)
[0 0 1 1 1 0 1 1 1 1 1 1 0 0 1 1 0 1 1 1 0 1 0 1 0 1 0 0 0 0 1 1 0 0 1 1 0
 0 1 1 1 0 0 0 1 1 1 1 1 1 0 1 0 0 0 1 0 0 0 0 0 1 0 1 1 0 0 0 0 1 0 1 1 1
 1 0 1 1 1 0 1 1 0 1 1 0 0 0 0 0 1 0 1 0 1 1 1 1 1 0]
At  8201/30000: COST 0.001/3.317(0.003) -- Acc 1.000/0.550(1.000)
[0 1 1 1 1 1 1 0 1 1 0 1 0 1 1 0 0 0 0 0 1 1 1 1 0 1 1 1 1 0 1 0 1 1 0 0 0
 1 0 1 0 0 0 0 1 1 0 1 1 0 1 1 0 1 1 1 0 1 0 0 1 1 1 1 0 1 0 1 1 1 0 1 0 1
 0 1 1 1 0 1 1 1 0 1 1 0 0 1 0 1 1 1 1 0 1 0 0 1 1 1]
At  8301/30000: COST 0.004/3.387(0.003) -- Acc 1.000/0.560(1.000)
[1 1 1 1 1 1 0 1 1 1 1 1 1 1 0 1 1 0 1 1 0 1 1 1 1 0 1 1 0 0 0 0 1 1 1 1 1
 1 1 0 0 1 1 1 0 0 1 1 1 1 1 0 0 0 1 1 0 1 0 1 1 1 0 1 1 1 1 0 1 1 1 1 1 1
 1 1 0 0 1 1 0 1 1 0 1 0 0 1 0 1 0 0 1 1 1 0 0 0 1 0]
At  8401/30000: COST 0.038/2.447(0.071) -- Acc 0.990/0.440(0.978)
[0 1 1 1 0 1 1 0 1 1 1 0 1 1 0 1 0 1 1 0 1 1 1 0 1 1 1 1 1 1 0 0 1 1 1 0 1
 0 1 1 1 1 0 1 0 1 1 1 0 0 1 1 0 1 1 1 1 1 1 1 1 1 1 0 0 1 1 1 1 1 1 1 1 1
 0 1 1 1 1 1 1 1 1 0 0 1 1 0 1 0 1 0 1 1 1 1 0 0 0 1]
At  8501/30000: COST 0.015/3.674(0.042) -- Acc 1.000/0.450(0.988)
[1 1 0 1 1 1 0 0 1 0 0 0 1 1 0 0 1 1 1 1 1 0 1 1 1 1 1 0 1 1 1 1 0 1 1 1 0
 0 0 1 0 1 0 0 1 0 0 0 1 0 1 1 1 1 1 0 1 1 0 1 1 1 1 1 1 1 1 0 0 1 0 1 1 1
 1 1 0 1 1 1 0 0 1 1 1 1 0 1 1 1 1 0 1 0 0 1 1 0 1 0]
At  8601/30000: COST 0.041/2.684(0.045) -- Acc 0.990/0.460(0.986)
[0 0 0 0 1 1 1 1 1 1 0 1 0 0 1 0 0 1 1 1 1 0 1 1 0 0 0 0 1 0 0 1 1 1 1 1 1
 0 1 1 1 0 1 1 0 1 0 1 0 1 1 1 1 1 1 1 1 0 1 0 1 1 0 0 1 1 1 1 1 1 1 1 1 0
 0 1 0 1 0 1 1 1 0 1 1 1 1 1 1 1 0 1 1 1 1 1 0 1 1 1]
At  8701/30000: COST 0.014/3.103(0.031) -- Acc 1.000/0.530(0.991)
[1 0 0 1 1 0 1 1 0 1 1 0 1 1 0 0 1 1 1 1 0 0 1 0 1 1 0 1 1 1 1 1 1 1 1 0 1
 1 1 1 1 0 1 1 1 1 1 0 1 0 0 1 0 1 1 0 1 1 1 0 0 1 1 0 1 0 0 1 1 1 1 0 1 0
 0 1 1 1 1 1 1 0 1 1 0 1 0 0 1 1 0 1 1 1 0 1 1 1 1 1]
At  8801/30000: COST 0.007/3.396(0.026) -- Acc 1.000/0.510(0.993)
[0 1 1 1 1 1 1 1 0 0 1 1 0 1 1 1 1 1 0 1 1 0 1 1 1 1 1 1 1 1 0 1 0 1 1 0 1
 1 0 1 1 1 1 0 1 0 1 0 1 1 0 0 0 0 1 1 1 1 1 1 1 0 1 1 1 1 0 1 1 0 1 1 0 1
 1 1 1 1 1 0 1 0 0 1 1 0 1 0 0 1 1 1 1 0 1 0 1 1 1 0]
At  8901/30000: COST 0.002/3.748(0.012) -- Acc 1.000/0.490(0.997)
[1 1 1 1 0 1 0 1 1 1 1 0 1 1 1 1 1 0 0 1 1 1 0 0 0 0 1 1 0 1 1 1 1 0 0 0 0
 1 1 0 1 0 0 0 1 1 0 1 1 1 1 1 1 1 0 1 0 1 1 0 1 1 1 1 1 1 1 1 0 0 0 1 0 1
 0 0 1 1 1 1 1 0 0 0 1 1 1 0 0 1 0 1 1 1 1 1 1 1 1 1]
At  9001/30000: COST 0.001/3.787(0.007) -- Acc 1.000/0.470(0.998)
[0 1 0 0 1 1 0 1 0 0 1 0 0 0 0 0 0 1 1 0 0 0 1 1 1 1 1 1 1 0 0 0 1 1 1 1 1
 0 0 1 1 1 1 1 1 0 1 1 0 0 1 0 0 1 0 1 1 1 1 1 0 1 1 1 1 1 1 1 1 1 1 1 1 0
 0 1 0 1 1 1 1 1 1 1 0 1 1 1 0 1 1 1 0 1 1 1 0 1 1 1]
At  9101/30000: COST 0.000/3.988(0.004) -- Acc 1.000/0.510(0.999)
[0 1 1 1 0 1 1 1 0 0 1 1 1 0 0 1 0 0 1 1 1 0 0 0 0 1 1 1 0 0 1 1 0 1 1 1 1
 1 1 1 1 1 1 1 1 1 0 0 1 1 1 0 1 1 1 1 1 1 1 0 1 1 1 0 1 0 1 0 0 1 1 1 1 0
 1 0 1 1 0 0 1 0 1 1 1 1 0 1 1 1 0 1 1 1 0 1 0 0 1 1]
At  9201/30000: COST 0.001/4.183(0.002) -- Acc 1.000/0.480(1.000)
[1 1 1 1 1 1 0 1 1 1 0 0 0 1 1 1 1 0 1 1 0 1 1 0 1 1 0 1 1 0 1 1 1 1 1 1 0
 1 0 1 0 1 0 1 1 1 0 0 1 0 1 1 0 0 0 1 1 0 0 1 1 1 1 1 0 0 1 0 1 0 0 0 1 1
 1 1 0 1 0 1 1 0 1 0 1 1 1 1 0 1 1 1 0 0 0 1 1 1 1 1]
At  9301/30000: COST 0.001/4.325(0.002) -- Acc 1.000/0.520(1.000)
[0 1 1 1 1 0 0 0 1 1 0 1 1 0 1 1 0 1 1 1 1 1 1 1 1 0 1 1 1 1 1 1 0 1 1 1 1
 1 1 1 1 0 1 0 0 0 0 1 1 1 1 0 1 0 1 1 1 1 0 1 1 0 1 1 0 0 0 0 1 0 1 0 0 1
 1 0 0 1 0 0 1 1 0 1 1 1 1 1 1 1 1 1 0 1 1 0 1 1 0 1]
At  9401/30000: COST 0.000/4.430(0.001) -- Acc 1.000/0.540(1.000)
[1 1 1 1 0 0 1 1 1 1 1 0 1 1 0 1 1 1 0 1 0 0 1 0 0 0 1 1 1 1 0 1 1 1 1 0 0
 0 0 1 0 0 1 1 1 1 1 1 1 0 0 1 1 1 0 1 1 1 1 1 0 1 1 1 1 1 1 1 1 1 1 1 1 1
 0 1 1 0 1 1 1 0 0 0 1 1 0 0 0 1 1 1 1 1 1 0 1 1 0 1]
At  9501/30000: COST 0.000/4.311(0.001) -- Acc 1.000/0.520(1.000)
[0 1 1 0 1 1 1 1 1 1 1 1 1 1 1 1 1 1 1 1 1 1 1 1 1 1 1 1 1 0 1 0 1 1 1 1 0
 1 1 1 0 1 0 1 1 1 1 1 1 1 1 1 1 1 0 1 1 1 1 1 1 1 1 1 1 0 1 0 1 1 1 1 1 1
 1 1 1 1 1 1 0 1 0 1 0 1 1 1 1 1 1 1 1 1 1 1 0 1 1 1]
At  9601/30000: COST 0.192/2.072(0.062) -- Acc 0.930/0.470(0.980)
[1 0 0 1 1 1 1 0 0 1 0 1 1 0 0 1 1 1 1 1 1 1 0 1 0 0 1 1 1 1 1 0 1 1 0 0 1
 1 0 1 1 1 1 0 0 1 0 1 1 1 1 1 1 1 1 1 1 1 1 0 1 1 0 1 0 0 1 1 0 0 0 1 0 0
 1 0 0 1 1 1 1 1 1 0 0 1 0 0 0 1 0 1 1 1 1 0 1 1 0 1]
At  9701/30000: COST 0.040/2.554(0.097) -- Acc 0.980/0.450(0.968)
[1 1 0 1 1 1 1 1 0 1 0 1 1 1 0 0 0 1 1 0 1 1 1 1 1 1 0 1 0 1 0 0 1 1 0 0 0
 1 1 1 0 0 0 1 0 0 1 1 1 1 0 0 0 1 0 1 0 1 0 1 0 0 1 1 0 0 1 0 0 1 1 1 0 1
 0 0 0 1 0 1 1 1 1 1 0 1 1 1 1 0 0 1 1 1 1 1 0 0 0 1]
At  9801/30000: COST 0.014/2.786(0.066) -- Acc 1.000/0.510(0.980)
[1 0 1 0 1 1 1 1 1 1 0 0 1 0 1 1 1 1 0 0 0 1 1 1 1 1 0 0 1 0 0 1 1 1 1 0 0
 1 1 1 1 0 1 0 0 0 1 1 1 1 0 1 1 1 1 0 0 1 1 1 0 0 1 0 1 1 1 1 1 0 1 1 0 0
 1 0 1 1 0 1 1 1 0 1 1 1 1 1 0 1 1 1 0 0 0 0 1 0 1 0]
At  9901/30000: COST 0.002/3.515(0.033) -- Acc 1.000/0.500(0.991)
[1 1 0 1 1 1 0 1 1 1 0 1 1 0 0 1 1 1 0 1 0 1 0 1 1 1 0 1 1 1 1 0 0 0 1 1 1
 1 0 1 1 1 1 1 1 0 0 1 0 1 1 1 0 0 0 1 1 1 0 0 0 1 1 1 1 0 1 1 1 1 1 0 0 1
 1 1 1 0 0 1 0 1 1 1 0 1 1 1 0 1 1 0 1 1 1 1 1 0 1 1]
At 10001/30000: COST 0.001/3.726(0.017) -- Acc 1.000/0.490(0.996)
[1 0 1 1 0 0 1 1 1 0 1 0 0 1 0 1 1 0 1 1 0 1 0 1 1 1 1 0 0 1 0 1 0 0 0 0 1
 0 1 0 1 0 0 1 1 1 1 1 1 0 1 1 1 0 0 1 1 1 0 0 0 1 0 1 0 1 0 1 1 0 0 1 0 1
 0 0 1 1 0 0 1 0 0 0 0 0 1 1 0 1 0 1 0 1 1 0 1 0 1 0]
At 10101/30000: COST 0.048/1.930(0.039) -- Acc 0.990/0.490(0.989)
[0 1 0 0 0 1 1 1 1 1 0 1 1 0 1 1 1 0 0 0 1 0 1 0 0 1 1 1 1 0 1 1 0 1 1 0 1
 0 0 0 1 0 1 1 0 1 1 1 1 1 1 1 1 1 1 1 0 0 1 0 0 1 1 0 1 1 1 0 0 1 1 0 1 1
 1 1 1 1 0 1 1 0 1 1 1 1 0 1 0 1 0 0 1 1 0 1 1 1 1 1]
At 10201/30000: COST 0.007/2.921(0.030) -- Acc 1.000/0.460(0.992)
[1 0 1 1 1 1 0 1 1 1 0 1 1 0 0 0 1 0 1 0 1 1 1 1 1 1 0 0 1 1 1 1 1 0 1 1 1
 1 0 0 1 1 1 1 1 1 0 1 1 0 0 0 1 1 1 1 0 0 1 0 0 1 1 0 0 1 1 1 1 0 0 0 1 1
 0 0 1 0 1 0 0 0 0 1 1 0 1 1 1 1 1 1 0 1 1 0 1 1 1 1]
At 10301/30000: COST 0.004/3.466(0.015) -- Acc 1.000/0.490(0.996)
[1 0 1 1 1 1 1 0 1 0 1 1 1 1 1 0 0 0 1 0 0 0 1 1 0 0 0 0 1 1 1 0 1 1 1 0 1
 1 0 1 1 0 1 0 1 1 1 1 0 1 1 1 0 1 0 1 0 0 1 1 1 1 1 1 1 1 1 0 1 0 0 1 1 1
 1 0 1 1 0 1 1 1 1 0 1 0 0 0 0 1 0 1 0 1 1 1 1 0 1 0]
At 10401/30000: COST 0.001/3.730(0.007) -- Acc 1.000/0.480(0.998)
[0 1 0 1 1 1 1 0 0 1 1 1 1 1 1 1 1 1 1 1 1 0 0 0 0 1 1 1 1 1 1 0 0 1 1 0 0
 1 1 1 1 0 0 0 1 0 0 1 1 1 1 0 1 0 1 1 0 0 1 0 0 1 1 1 1 0 0 1 1 1 1 0 0 1
 1 1 0 0 1 1 1 0 0 1 1 0 0 0 1 1 1 0 0 1 1 0 0 1 0 1]
At 10501/30000: COST 0.004/3.749(0.004) -- Acc 1.000/0.540(0.999)
[0 1 1 1 0 1 0 0 1 1 0 0 0 1 1 1 1 1 0 1 0 1 1 0 1 1 1 0 1 0 1 1 1 0 1 1 0
 1 0 1 1 0 1 1 1 0 1 0 0 1 1 1 1 1 0 1 0 1 1 1 0 0 1 1 0 1 1 0 0 1 1 1 1 0
 0 0 1 1 1 0 1 1 0 1 1 1 1 1 1 0 0 1 1 0 1 1 1 1 0 0]
At 10601/30000: COST 0.001/3.986(0.003) -- Acc 1.000/0.530(1.000)
[1 0 1 0 1 0 0 0 0 1 1 0 0 0 1 0 1 1 1 0 1 1 1 1 1 1 0 0 0 1 1 1 0 1 1 1 1
 1 1 0 1 1 1 1 0 1 1 1 1 1 1 1 1 0 1 0 1 1 1 1 0 0 0 1 1 1 1 1 1 0 1 1 1 1
 1 0 1 1 0 1 0 0 0 0 0 1 0 0 1 1 1 1 1 1 1 1 1 1 1 0]
At 10701/30000: COST 0.001/4.314(0.002) -- Acc 1.000/0.500(1.000)
[0 1 1 1 1 1 1 0 0 0 0 0 0 1 0 1 1 1 1 0 0 1 1 1 1 1 1 1 0 1 1 0 1 1 0 1 1
 1 1 1 1 0 0 0 1 1 1 0 0 1 0 0 1 0 1 1 0 1 0 1 1 1 0 1 0 0 0 0 1 1 0 0 1 1
 1 0 1 0 1 1 0 1 1 0 1 0 0 1 1 1 1 0 0 1 1 1 0 0 0 0]
At 10801/30000: COST 0.195/1.562(0.100) -- Acc 0.920/0.430(0.968)
[1 1 1 0 1 1 0 0 0 0 1 1 0 1 0 0 0 0 1 0 0 0 1 1 1 1 1 1 1 0 1 0 1 0 0 0 0
 1 1 0 1 0 1 1 1 1 1 0 1 1 0 1 0 0 1 1 1 1 1 1 1 1 0 1 1 1 1 1 1 1 1 1 1 0
 1 1 1 1 1 1 1 0 1 1 1 1 0 1 0 0 1 0 1 1 1 0 0 1 1 1]
At 10901/30000: COST 0.010/2.430(0.071) -- Acc 1.000/0.490(0.977)
[1 1 1 1 1 1 1 1 1 0 1 1 1 0 0 0 1 0 0 0 1 0 1 1 1 1 0 0 0 0 1 1 1 1 0 0 1
 0 1 1 1 0 1 0 0 0 1 1 0 0 1 1 1 1 1 0 1 1 1 0 0 1 1 0 1 1 0 1 1 0 1 0 1 1
 1 1 0 1 1 0 1 0 1 1 1 1 1 0 1 1 1 0 1 1 1 0 0 1 1 1]
At 11001/30000: COST 0.005/2.588(0.030) -- Acc 1.000/0.540(0.991)
[0 1 1 1 1 1 1 1 0 1 1 1 1 0 1 0 1 1 0 1 0 1 0 1 0 1 0 0 1 0 0 1 1 1 0 1 1
 1 1 1 0 0 0 0 1 0 1 0 0 0 1 1 0 1 1 1 1 1 0 0 1 1 1 1 0 1 1 1 0 1 0 0 1 1
 0 1 1 0 1 0 0 1 0 1 1 1 0 1 0 1 1 1 1 0 0 1 1 1 1 1]
At 11101/30000: COST 0.003/2.876(0.014) -- Acc 1.000/0.540(0.996)
[1 0 1 0 1 1 1 1 1 1 0 0 1 1 1 1 0 0 1 1 1 1 0 0 0 1 0 0 1 1 0 1 0 1 1 1 1
 1 1 1 1 1 0 1 0 0 0 0 1 1 0 1 1 1 1 0 1 1 0 1 1 1 1 1 0 0 0 1 1 0 0 0 1 1
 1 1 1 1 1 0 0 0 0 1 1 0 1 1 1 0 1 1 0 1 1 1 1 0 1 1]
At 11201/30000: COST 0.003/3.165(0.008) -- Acc 1.000/0.540(0.998)
[0 1 1 1 1 0 0 1 1 1 1 0 1 1 0 1 1 1 1 1 0 0 1 1 1 1 1 1 0 0 0 1 1 1 1 1 0
 1 1 0 0 0 0 0 1 1 1 0 0 0 0 1 1 0 1 1 1 0 1 1 0 1 1 1 0 1 1 1 0 1 0 1 1 1
 0 0 1 1 1 1 1 1 1 1 1 0 0 1 1 0 1 0 1 1 1 0 1 0 0 1]
At 11301/30000: COST 0.003/3.391(0.005) -- Acc 1.000/0.560(0.999)
[0 0 1 1 0 1 1 1 0 1 1 0 0 1 1 0 1 1 0 1 0 1 0 0 1 1 0 1 1 1 1 1 0 0 1 1 1
 1 0 1 1 1 0 0 1 1 1 1 1 1 1 1 1 0 1 1 0 0 1 0 1 1 0 1 0 0 0 0 0 0 0 1 1 1
 1 0 1 1 0 1 1 1 1 0 1 1 0 1 1 0 1 1 1 1 0 1 0 1 1 0]
At 11401/30000: COST 0.001/3.556(0.003) -- Acc 1.000/0.520(1.000)
[0 1 1 0 1 0 1 1 1 1 1 1 1 0 1 1 0 1 1 1 1 0 1 1 1 0 1 0 1 0 1 0 0 0 0 0 1
 1 1 0 0 0 0 0 0 1 1 1 0 1 1 0 1 1 0 1 1 1 1 1 1 1 0 1 0 1 1 0 1 1 0 1 0 1
 1 1 0 1 0 1 1 0 1 0 1 0 0 1 0 0 1 0 0 1 1 1 0 1 1 1]
At 11501/30000: COST 0.001/3.567(0.002) -- Acc 1.000/0.560(1.000)
[0 0 0 0 0 1 1 0 0 1 1 0 1 0 1 1 1 0 0 1 1 0 1 1 1 0 1 0 1 0 1 1 1 1 0 1 1
 0 1 1 1 1 1 1 1 1 1 0 1 1 1 1 1 1 0 0 1 1 0 1 1 1 0 0 0 0 1 0 0 0 0 1 1 0
 1 1 1 1 0 1 0 0 1 0 1 1 1 1 1 1 1 0 1 1 1 1 0 1 0 1]
At 11601/30000: COST 0.001/3.699(0.002) -- Acc 1.000/0.560(1.000)
[0 1 1 0 1 1 0 1 1 0 0 0 0 0 0 1 1 0 1 1 1 1 1 0 0 0 0 1 1 1 1 1 0 1 0 1 0
 1 1 1 0 0 0 0 1 1 0 1 0 0 1 1 1 1 1 1 0 0 1 1 1 0 0 0 1 1 1 1 1 1 1 1 0 1
 1 0 1 1 1 1 0 0 0 0 1 1 0 0 0 1 0 0 1 1 1 1 1 1 1 1]
At 11701/30000: COST 0.001/3.886(0.002) -- Acc 1.000/0.550(1.000)
[0 0 0 1 0 1 1 1 0 0 0 1 0 1 0 1 0 1 1 1 1 1 1 1 0 1 0 1 0 1 1 1 1 1 1 0 0
 1 0 1 0 1 1 0 1 1 0 1 0 1 1 0 0 1 0 0 1 1 0 1 1 1 0 1 1 1 0 1 1 1 0 1 1 1
 1 1 0 0 1 0 0 0 0 1 1 0 0 1 1 0 1 0 1 1 1 1 0 1 1 1]
At 11801/30000: COST 0.000/3.949(0.001) -- Acc 1.000/0.560(1.000)
[0 1 1 1 0 1 0 1 0 1 1 1 1 1 1 1 1 0 1 0 1 0 1 1 0 1 1 0 1 1 0 0 1 0 0 1 1
 1 1 1 1 0 0 0 0 0 1 1 0 1 1 1 1 1 0 0 0 1 0 0 0 0 1 1 1 1 1 0 1 1 1 1 1 1
 1 1 0 1 0 1 0 0 1 1 1 1 1 1 0 1 1 1 1 1 1 1 0 0 0 0]
At 11901/30000: COST 0.147/1.917(0.050) -- Acc 0.920/0.470(0.985)
[1 0 1 0 1 1 0 1 1 1 1 0 0 1 1 1 1 0 0 1 0 1 1 1 1 1 0 0 1 1 1 0 1 1 0 1 1
 1 1 1 0 0 1 0 1 1 1 1 1 0 1 1 0 1 1 1 1 1 1 0 1 1 1 0 0 1 1 0 1 1 0 0 1 0
 1 1 0 1 0 0 0 1 1 0 0 0 1 0 0 1 1 1 1 1 1 1 1 0 1 1]
At 12001/30000: COST 0.023/2.212(0.090) -- Acc 1.000/0.470(0.970)
[1 1 1 1 1 1 1 1 0 1 0 1 1 0 1 1 1 1 1 0 1 1 0 1 1 1 1 0 0 1 1 0 0 1 0 0 1
 1 0 0 0 1 1 1 1 0 1 0 1 1 0 0 1 1 0 1 0 0 1 0 1 1 1 0 1 1 0 0 1 1 1 1 0 0
 0 1 1 1 0 0 1 1 0 1 0 1 1 1 1 0 0 0 0 1 1 0 1 1 1 0]
At 12101/30000: COST 0.012/2.803(0.038) -- Acc 1.000/0.530(0.989)
[0 1 1 0 1 1 0 1 1 0 1 1 1 1 1 0 0 0 1 1 1 1 1 1 0 0 1 0 1 1 1 1 0 0 0 0 0
 0 1 1 0 1 0 1 0 1 1 0 1 0 0 1 1 1 0 1 1 1 1 0 0 0 0 0 1 1 1 1 0 0 1 1 1 0
 1 0 1 1 1 0 1 1 0 1 1 1 1 0 1 1 1 1 1 1 0 1 0 0 1 0]
At 12201/30000: COST 0.005/3.096(0.017) -- Acc 1.000/0.540(0.995)
[0 1 0 0 1 0 1 1 0 1 1 1 1 0 1 1 0 1 1 0 0 0 0 1 0 1 1 1 1 1 0 1 1 1 1 0 1
 1 1 1 1 0 1 0 1 1 1 1 1 0 0 1 1 1 0 1 0 0 1 1 1 1 0 1 0 0 0 0 1 1 1 1 1 1
 1 1 1 0 1 0 0 1 1 1 1 1 1 1 0 1 1 1 0 0 1 0 1 0 1 1]
At 12301/30000: COST 0.163/3.392(0.012) -- Acc 0.970/0.510(0.997)
[1 1 1 1 1 1 1 1 0 1 1 1 1 1 0 1 1 0 1 1 0 1 1 0 1 0 0 1 0 1 1 1 0 1 1 1 1
 1 1 0 1 1 1 0 1 1 1 1 0 1 1 0 1 0 1 0 0 1 1 1 0 0 1 1 1 1 1 1 0 1 0 1 1 1
 1 0 0 0 0 1 1 1 1 0 0 1 0 1 0 1 1 1 1 0 1 1 1 0 0 0]
At 12401/30000: COST 0.046/2.303(0.049) -- Acc 0.990/0.470(0.983)
[0 1 1 0 1 1 1 1 1 0 0 1 1 1 0 1 0 0 0 0 1 0 0 1 1 1 1 1 1 0 1 1 1 0 1 1 0
 0 0 1 1 1 1 0 0 1 1 0 1 0 0 1 1 1 1 1 1 1 1 0 0 1 1 1 0 1 1 1 1 0 0 0 1 1
 1 0 1 1 1 1 0 0 1 0 0 1 1 1 1 0 0 1 0 0 0 1 0 1 1 0]
At 12501/30000: COST 0.008/2.683(0.042) -- Acc 1.000/0.500(0.987)
[0 1 0 1 0 1 1 0 1 0 0 1 0 1 1 1 1 1 0 1 1 0 1 0 1 1 0 1 1 1 1 1 1 0 0 1 1
 1 1 1 1 0 1 1 1 0 1 0 1 0 0 1 0 1 1 1 1 0 0 1 1 1 0 1 1 0 0 1 1 1 1 0 1 0
 0 0 1 1 1 1 1 0 1 1 0 1 1 1 1 1 1 1 0 0 1 1 0 0 1 0]
At 12601/30000: COST 0.002/3.283(0.019) -- Acc 1.000/0.480(0.995)
[0 0 1 1 1 0 1 0 0 1 0 1 1 1 1 1 0 0 1 1 1 1 1 1 1 1 1 1 0 0 1 1 0 1 1 1 1
 0 0 1 1 1 0 0 0 0 1 0 1 1 1 0 1 1 0 1 1 1 1 1 1 1 1 1 0 1 1 1 0 0 1 1 1 1
 1 1 0 0 0 0 1 1 1 1 0 0 1 1 0 1 0 0 1 1 1 0 0 0 1 1]
At 12701/30000: COST 0.001/3.371(0.009) -- Acc 1.000/0.520(0.998)
[1 0 1 0 1 1 1 1 0 1 1 0 1 0 0 1 0 0 0 0 0 1 1 0 1 1 1 0 1 1 1 0 1 1 1 1 0
 1 1 1 1 1 0 1 1 1 0 1 1 1 1 0 1 1 0 0 0 0 1 1 1 0 1 1 0 0 0 1 1 0 1 1 1 1
 1 0 0 1 1 0 0 0 1 1 1 0 1 1 1 1 1 1 0 1 1 1 0 0 1 0]
At 12801/30000: COST 0.000/3.831(0.005) -- Acc 1.000/0.520(0.999)
[0 0 1 1 1 0 1 1 0 1 1 1 1 1 0 0 1 1 0 1 0 1 0 1 1 0 0 1 1 1 1 0 0 0 0 1 1
 0 0 0 0 1 1 0 1 1 0 1 0 1 0 0 0 1 0 0 0 1 1 1 1 1 1 1 0 1 0 1 1 0 1 1 1 1
 1 0 0 0 0 0 1 1 1 1 1 1 0 1 0 1 1 1 1 1 1 1 1 1 0 1]
At 12901/30000: COST 0.001/4.011(0.003) -- Acc 1.000/0.540(0.999)
[0 1 1 1 1 0 1 0 1 1 0 1 0 0 1 1 1 1 1 0 1 0 1 0 1 1 0 1 1 1 1 0 1 1 0 1 0
 1 0 0 0 1 0 0 1 1 1 1 1 1 0 0 1 1 1 0 1 0 0 0 0 1 1 0 0 1 1 0 0 1 1 1 1 1
 1 1 1 1 1 0 0 1 1 1 0 0 0 1 1 1 1 1 1 0 1 0 1 0 0 0]
At 13001/30000: COST 0.001/4.089(0.003) -- Acc 1.000/0.540(0.999)
[1 1 1 0 1 0 0 1 1 0 0 0 0 1 1 1 0 1 0 0 0 1 1 1 0 1 0 1 1 0 0 0 0 1 1 1 1
 0 1 1 1 0 0 1 1 1 0 1 1 1 1 0 1 1 0 0 1 1 0 0 0 1 0 0 1 0 1 0 0 0 1 1 1 1
 0 1 1 0 0 1 1 1 1 1 0 1 1 0 1 0 1 0 1 1 0 1 1 1 1 0]
At 13101/30000: COST 0.149/2.880(0.025) -- Acc 0.950/0.490(0.993)
[1 0 1 0 1 0 1 0 1 1 1 1 0 1 0 0 1 0 1 0 0 1 1 1 1 0 0 0 1 1 1 1 0 1 1 0 1
 1 1 1 1 1 0 1 1 0 1 1 0 0 1 0 0 1 1 1 1 1 1 1 1 1 1 1 0 0 0 1 1 1 0 1 1 0
 0 1 1 1 1 1 0 1 1 1 1 0 1 0 1 1 1 1 0 1 1 0 1 0 1 1]
At 13201/30000: COST 0.018/2.734(0.057) -- Acc 1.000/0.460(0.983)
[0 1 1 1 1 0 0 0 1 0 0 1 1 0 0 0 1 1 1 1 0 1 1 1 1 1 1 1 1 1 1 0 1 1 0 0 0
 0 0 1 1 1 1 0 1 1 1 1 0 1 1 1 1 1 1 1 1 0 1 1 1 0 0 1 0 1 1 0 1 1 1 0 1 1
 1 1 1 1 0 0 1 1 0 1 1 1 1 0 0 1 1 0 1 0 0 1 0 0 1 1]
At 13301/30000: COST 0.003/3.228(0.027) -- Acc 1.000/0.450(0.993)
[1 1 0 1 1 0 1 0 1 0 0 1 0 1 1 1 1 0 1 0 1 1 1 1 1 0 0 0 1 0 0 1 1 0 0 1 1
 1 0 1 0 1 0 0 0 1 1 0 1 1 1 1 1 0 1 1 0 0 1 0 1 1 0 0 1 1 1 1 1 0 1 1 1 1
 1 1 1 1 1 0 0 0 1 0 0 0 0 1 1 1 0 1 0 1 0 0 1 1 0 1]
At 13401/30000: COST 0.002/3.295(0.012) -- Acc 1.000/0.470(0.997)
[1 1 1 1 1 1 0 0 1 1 0 1 1 1 1 1 0 1 0 0 0 1 0 1 1 1 1 1 1 1 1 0 0 1 1 1 1
 1 1 0 0 1 1 1 1 1 0 0 1 1 1 0 0 0 0 0 0 0 1 1 0 0 0 1 1 1 0 1 0 0 1 0 0 1
 1 1 1 0 0 1 1 1 0 0 0 1 1 1 0 1 1 0 1 1 1 0 1 0 1 0]
At 13501/30000: COST 0.001/3.381(0.006) -- Acc 1.000/0.480(0.999)
[0 0 1 0 1 0 0 0 1 1 1 1 1 0 1 1 1 0 1 1 1 0 1 1 0 0 1 0 0 0 1 0 1 1 0 1 1
 1 1 1 0 1 1 0 1 1 0 0 1 0 0 1 0 1 0 1 1 0 1 1 1 1 1 1 0 0 1 0 0 1 0 0 0 1
 1 1 1 0 1 1 0 0 1 0 0 0 1 1 0 1 1 0 0 1 1 0 1 1 1 1]
At 13601/30000: COST 0.001/3.550(0.003) -- Acc 1.000/0.510(0.999)
[1 0 1 0 0 1 1 1 1 1 1 1 0 0 1 0 0 1 0 1 0 1 1 0 1 1 1 1 1 1 1 1 0 1 1 1 1
 0 0 0 1 1 1 1 1 1 0 1 1 1 1 0 0 1 1 0 0 1 1 0 1 1 0 0 0 1 1 0 1 1 0 1 1 1
 1 1 1 0 0 1 1 0 0 1 1 1 1 1 0 1 0 0 0 1 1 1 0 1 1 1]
At 13701/30000: COST 0.002/3.633(0.003) -- Acc 1.000/0.450(0.999)
[1 1 0 1 1 0 1 0 1 1 1 1 0 1 1 1 0 1 0 0 1 0 1 1 1 1 1 1 1 1 0 1 0 1 1 0 1
 0 1 0 1 0 0 1 1 1 0 1 1 1 1 0 1 1 1 0 1 1 1 0 0 1 0 0 0 1 0 1 0 1 1 0 1 1
 1 0 0 0 1 0 0 0 1 0 1 1 1 1 0 0 1 1 1 0 1 1 1 0 1 1]
At 13801/30000: COST 0.000/3.614(0.002) -- Acc 1.000/0.500(1.000)
[1 1 0 1 1 1 1 0 1 0 1 0 0 1 0 1 1 0 0 1 1 0 0 0 1 0 1 0 0 1 1 0 1 1 1 1 1
 0 0 0 0 1 1 0 1 1 1 1 0 0 1 1 0 1 1 0 0 1 1 0 0 1 0 1 1 1 1 1 1 1 1 0 0 1
 1 1 1 1 0 1 0 1 1 1 0 1 0 1 0 1 1 0 0 1 0 0 1 0 1 1]
At 13901/30000: COST 0.000/3.618(0.002) -- Acc 1.000/0.530(1.000)
[0 1 0 0 0 1 0 0 1 1 0 1 1 1 1 0 1 0 1 0 1 1 0 1 1 0 1 1 1 1 1 1 1 1 1 0 1
 0 0 1 1 0 0 1 0 0 0 1 1 1 0 1 0 0 1 1 1 1 1 1 0 0 0 0 1 0 0 1 1 1 1 1 1 0
 1 1 1 1 1 1 1 1 0 1 0 1 0 1 0 1 0 0 1 0 0 1 1 1 1 1]
At 14001/30000: COST 0.009/4.197(0.001) -- Acc 1.000/0.510(1.000)
[0 0 1 1 1 0 0 0 1 1 1 1 0 1 0 1 1 0 0 0 0 1 0 1 1 0 0 0 1 0 0 1 1 0 1 1 0
 0 1 0 1 1 1 1 1 1 1 0 1 1 1 1 0 1 0 1 0 0 1 0 1 1 1 1 1 0 0 1 0 1 0 1 1 1
 1 1 1 0 0 1 1 1 0 0 0 1 1 1 1 1 1 1 0 1 0 1 1 1 0 0]
At 14101/30000: COST 0.001/3.909(0.001) -- Acc 1.000/0.510(1.000)
[1 1 0 0 1 1 1 1 1 1 1 1 0 1 1 0 1 0 0 1 0 1 1 1 1 0 1 1 1 1 1 1 0 0 1 1 0
 0 1 0 1 1 1 0 1 0 1 1 0 1 0 1 1 1 0 1 0 0 0 1 0 1 1 1 0 1 0 1 1 0 1 1 1 0
 1 0 1 1 1 1 1 0 0 1 1 0 1 1 1 1 1 0 0 0 1 1 1 0 1 0]
At 14201/30000: COST 0.377/4.220(0.010) -- Acc 0.940/0.480(0.998)
[1 1 1 1 1 1 0 1 0 0 1 1 0 1 1 0 1 1 1 1 1 0 0 1 1 1 1 1 0 1 1 0 1 0 0 0 1
 0 1 0 1 0 0 1 1 1 0 0 1 1 1 1 1 0 1 1 0 0 1 1 1 1 1 1 1 0 1 1 0 1 1 1 1 1
 0 0 1 1 1 1 0 0 1 0 1 1 1 1 1 0 0 1 0 1 1 1 0 1 1 1]
At 14301/30000: COST 0.062/2.366(0.105) -- Acc 0.980/0.490(0.966)
[0 0 0 0 1 1 1 1 1 0 0 1 0 1 1 1 0 1 0 1 1 1 1 0 1 1 0 1 1 1 1 0 0 0 1 0 0
 0 1 0 1 0 1 1 1 0 0 1 0 1 0 0 1 1 1 1 1 1 1 1 1 1 1 1 1 1 0 0 0 1 1 1 1 1
 1 1 1 1 1 0 1 0 0 0 0 1 1 0 0 1 1 1 1 1 0 1 1 1 0 1]
At 14401/30000: COST 0.011/2.679(0.056) -- Acc 1.000/0.550(0.984)
[1 1 0 0 1 1 1 0 1 1 1 1 1 1 1 1 1 1 1 1 1 1 0 0 0 0 0 1 1 1 1 0 0 1 1 0 1
 0 1 1 1 1 0 1 1 0 1 1 1 0 0 1 1 1 1 1 0 1 1 1 0 1 1 1 1 1 0 1 0 1 1 1 0 0
 1 1 0 0 0 1 1 0 1 1 0 1 1 0 0 1 1 1 1 0 1 1 0 1 0 1]
At 14501/30000: COST 0.012/3.176(0.029) -- Acc 1.000/0.410(0.992)
[1 1 0 1 1 1 1 1 0 1 1 0 1 1 0 0 1 1 0 1 1 1 1 0 0 0 0 0 1 0 1 1 0 0 0 0 1
 0 1 1 1 1 1 0 1 0 0 0 1 0 1 0 0 1 0 1 1 0 1 1 1 1 1 1 0 0 1 1 1 1 1 1 1 1
 1 1 0 0 1 1 0 1 1 0 0 1 0 1 1 0 1 1 1 1 1 0 1 1 1 1]
At 14601/30000: COST 0.013/3.796(0.013) -- Acc 0.990/0.490(0.997)
[1 1 0 1 1 1 0 1 1 1 1 1 1 1 1 1 1 0 1 0 0 0 1 1 0 0 0 0 0 0 0 1 1 0 1 0 1
 0 1 1 1 1 1 0 1 0 1 1 1 1 1 1 0 0 1 1 0 0 1 1 1 1 0 0 1 0 0 0 1 1 1 1 0 1
 1 1 0 1 1 0 1 1 1 1 1 1 1 1 1 1 1 0 0 1 0 0 1 0 0 1]
At 14701/30000: COST 0.098/2.948(0.037) -- Acc 0.970/0.450(0.990)
[0 1 1 1 1 0 1 1 1 0 1 0 0 1 1 1 1 0 1 1 1 1 0 0 1 0 1 0 1 0 1 1 0 1 1 0 0
 1 1 0 1 1 0 1 1 1 1 0 0 0 1 1 1 1 1 0 1 1 1 1 1 1 1 0 1 1 1 1 1 0 1 0 1 1
 1 0 0 1 1 1 1 1 1 1 1 1 1 0 0 1 1 0 1 1 1 1 0 1 0 1]
At 14801/30000: COST 0.019/2.870(0.040) -- Acc 1.000/0.510(0.988)
[1 1 0 0 0 0 1 1 1 0 1 1 0 0 0 1 1 0 1 1 1 0 1 1 1 0 1 1 1 1 1 1 1 1 0 1 0
 1 1 0 1 1 1 1 0 0 1 0 1 1 0 1 0 1 1 1 0 1 1 1 0 0 0 1 1 0 1 1 1 1 1 1 0 0
 0 0 0 1 1 1 0 0 1 1 1 1 1 1 1 0 0 1 1 0 0 1 1 1 1 1]
At 14901/30000: COST 0.024/3.433(0.018) -- Acc 0.990/0.460(0.995)
[1 1 1 1 0 1 0 1 1 0 0 1 1 1 0 1 1 1 1 1 1 1 1 0 1 1 0 0 1 1 0 1 0 1 0 1 0
 1 1 1 1 0 1 1 1 1 0 1 1 1 0 0 1 1 0 1 0 1 1 1 1 1 0 1 0 1 1 1 1 1 1 1 0 1
 0 0 0 0 0 0 1 0 1 1 0 1 1 1 0 0 1 1 0 0 1 1 0 1 1 1]
At 15001/30000: COST 0.003/3.657(0.010) -- Acc 1.000/0.510(0.997)
[0 1 0 1 0 1 1 1 0 1 0 1 0 0 1 1 0 1 1 1 0 1 1 0 1 1 1 0 1 1 1 0 0 0 1 1 1
 0 1 1 1 1 1 1 1 1 1 1 1 1 1 1 1 0 1 1 0 1 1 0 1 1 0 1 1 1 1 1 1 1 0 1 1 1
 0 1 1 0 1 1 1 1 0 0 1 1 0 0 1 0 1 1 0 1 0 1 1 0 1 1]
At 15101/30000: COST 0.010/3.204(0.034) -- Acc 1.000/0.470(0.991)
[1 1 0 0 1 0 0 0 1 1 0 0 1 1 1 0 1 0 0 0 1 1 1 1 1 1 1 1 1 0 0 0 1 0 1 0 1
 1 0 0 0 0 1 1 1 1 1 0 1 1 1 1 1 1 0 0 1 1 1 1 0 1 0 1 1 1 1 1 1 1 1 1 1 1
 1 0 1 1 1 1 1 1 1 1 0 1 0 1 0 1 1 0 0 1 1 1 0 1 1 0]
At 15201/30000: COST 0.008/3.025(0.028) -- Acc 1.000/0.460(0.992)
[1 0 1 1 1 0 0 1 1 1 1 1 1 1 1 1 1 0 0 0 0 1 0 0 1 0 0 0 1 1 0 0 1 1 1 1 1
 1 1 0 1 1 0 1 1 0 1 1 1 0 1 1 1 1 1 1 0 1 1 1 1 1 1 1 0 1 1 1 0 0 0 1 1 0
 0 1 1 1 1 1 0 1 0 1 1 0 1 1 1 1 1 1 1 1 1 0 1 1 0 0]
At 15301/30000: COST 0.006/3.894(0.016) -- Acc 1.000/0.460(0.996)
[0 1 1 1 1 0 1 0 1 1 1 1 1 0 1 1 0 1 1 0 1 0 1 1 1 1 0 1 0 0 1 1 0 0 1 1 1
 1 1 1 0 1 1 0 1 1 1 1 1 0 1 1 1 1 1 1 1 1 1 1 0 0 1 0 0 0 0 1 0 0 0 1 0 0
 1 0 1 0 1 1 1 0 1 0 1 1 1 0 0 0 1 1 1 1 0 1 0 0 1 1]
At 15401/30000: COST 0.002/4.266(0.008) -- Acc 1.000/0.450(0.998)
[1 1 1 1 0 1 0 1 1 1 1 1 1 1 0 0 0 0 1 1 1 1 1 1 1 0 0 1 1 0 1 1 1 1 1 1 1
 1 1 1 0 1 0 1 0 1 1 0 1 1 1 0 1 1 0 1 0 1 1 1 1 0 0 1 1 1 1 0 0 1 1 1 1 1
 1 0 1 1 1 0 0 1 1 0 1 1 1 0 0 1 0 1 0 1 1 1 1 0 1 0]
At 15501/30000: COST 0.112/3.312(0.028) -- Acc 0.960/0.450(0.992)
[1 1 1 0 1 1 1 1 0 0 1 1 1 0 0 1 1 1 0 0 1 1 0 1 0 0 1 0 1 1 0 1 1 0 0 0 1
 1 0 1 1 1 0 1 0 1 0 1 1 0 1 1 0 1 1 1 0 1 0 1 0 1 0 0 0 1 0 1 0 0 0 1 0 0
 0 1 1 1 1 1 0 1 1 1 1 1 1 0 1 1 0 1 1 1 1 1 1 0 1 1]
At 15601/30000: COST 0.030/3.173(0.030) -- Acc 0.980/0.470(0.991)
[1 1 1 1 1 1 1 1 1 1 1 1 1 1 0 0 1 0 0 1 1 0 1 1 1 1 1 1 1 1 1 0 1 0 0 1 1
 1 0 0 0 0 1 0 1 1 0 1 1 0 0 0 1 1 0 1 0 0 1 1 0 0 1 1 1 1 0 1 1 1 0 1 0 1
 1 0 1 1 1 0 1 1 0 0 1 0 1 1 1 0 0 1 0 1 1 0 1 1 1 1]
At 15701/30000: COST 0.025/2.955(0.025) -- Acc 1.000/0.430(0.993)
[1 0 1 1 0 1 1 0 1 1 1 0 1 1 0 0 1 1 1 1 0 0 1 0 0 1 1 0 0 0 1 1 1 0 1 1 1
 1 1 1 1 1 1 0 0 0 1 1 1 0 1 1 0 1 0 1 0 1 0 1 1 1 0 1 0 1 1 1 1 1 1 0 1 1
 1 0 1 1 1 0 1 0 1 1 0 1 1 1 1 1 0 1 1 0 0 0 1 1 1 1]
At 15801/30000: COST 0.014/3.415(0.021) -- Acc 0.990/0.480(0.994)
[1 1 1 1 1 0 0 0 0 1 0 0 1 0 0 1 1 1 0 1 1 1 0 1 0 1 0 0 1 0 0 0 1 0 0 0 0
 1 0 0 1 1 0 1 1 1 1 1 1 0 1 1 0 1 1 0 1 0 1 0 0 1 0 0 1 1 1 1 1 1 1 1 1 1
 1 0 0 0 1 1 1 1 1 1 0 1 1 0 1 1 1 1 0 1 1 1 1 1 1 1]
At 15901/30000: COST 0.002/4.037(0.010) -- Acc 1.000/0.520(0.997)
[1 1 1 0 1 1 1 1 0 1 0 1 0 0 1 1 1 0 1 0 1 0 1 1 1 1 0 1 0 0 0 1 0 1 0 1 0
 0 1 1 1 0 0 0 1 0 0 1 1 1 1 1 1 0 0 1 1 0 1 0 1 1 0 1 0 1 1 1 0 1 1 1 0 1
 0 1 1 0 1 0 0 1 1 0 0 0 1 1 1 1 1 1 1 1 0 1 1 1 1 1]
At 16001/30000: COST 0.001/3.983(0.005) -- Acc 1.000/0.500(0.999)
[0 1 1 0 1 0 0 0 0 0 0 1 0 0 1 1 1 1 1 1 1 0 1 0 1 1 1 0 0 0 0 1 1 0 0 1 1
 0 1 0 0 0 0 1 1 1 1 1 0 1 1 1 1 0 1 1 0 1 1 1 0 1 0 1 1 1 0 1 0 1 1 0 1 0
 1 0 1 1 0 1 1 1 1 1 1 1 1 1 0 0 1 1 0 1 1 1 1 1 0 1]
At 16101/30000: COST 0.000/4.227(0.003) -- Acc 1.000/0.490(0.999)
[1 0 1 1 1 0 1 1 1 1 1 1 1 0 1 1 0 1 1 0 1 1 1 1 0 1 1 1 0 0 1 0 0 1 1 1 1
 0 0 0 0 1 1 1 1 1 1 1 0 1 0 1 1 1 1 0 0 1 0 1 0 0 0 1 1 1 1 0 1 1 0 0 1 0
 0 1 0 0 0 1 1 1 0 1 0 0 1 1 1 1 0 1 1 1 1 1 0 1 1 0]
At 16201/30000: COST 0.000/4.440(0.002) -- Acc 1.000/0.510(1.000)
[1 1 1 0 0 1 1 0 1 1 1 1 0 1 1 0 0 1 0 0 0 0 0 0 1 1 0 0 1 1 1 1 1 0 0 1 1
 1 1 0 1 1 1 0 1 1 1 0 1 1 1 0 1 1 1 0 1 0 1 0 1 1 1 1 0 1 1 1 1 1 0 0 1 0
 1 1 0 1 1 0 1 1 1 1 0 0 0 1 1 0 1 1 1 0 0 1 1 1 0 1]
At 16301/30000: COST 0.000/4.112(0.002) -- Acc 1.000/0.510(1.000)
[1 1 0 1 1 0 1 0 1 0 1 0 1 0 0 0 0 0 0 0 0 0 1 1 0 0 0 1 0 0 0 1 0 0 1 1 1
 1 1 1 1 1 1 0 1 1 1 1 0 0 1 0 1 1 1 1 1 0 1 1 0 1 0 1 1 1 1 1 0 0 0 0 1 0
 1 1 1 1 1 1 0 0 1 0 1 0 1 0 1 1 1 1 0 0 1 1 1 1 1 1]
At 16401/30000: COST 0.000/4.423(0.002) -- Acc 1.000/0.500(1.000)
[1 1 1 0 1 1 1 1 0 1 1 1 0 0 1 1 0 1 1 0 0 0 1 0 1 1 1 0 0 0 1 0 0 0 0 0 1
 0 1 1 1 0 0 1 1 1 1 0 1 1 0 1 0 1 0 0 1 1 0 1 0 1 1 0 1 1 1 0 1 1 0 0 1 1
 0 0 1 0 1 0 1 1 1 0 0 0 1 0 1 1 0 1 1 0 1 1 0 1 1 1]
At 16501/30000: COST 0.000/4.547(0.001) -- Acc 1.000/0.510(1.000)
[1 1 1 0 0 1 1 0 0 1 0 1 0 1 1 1 0 0 0 1 0 0 1 1 0 1 1 1 1 0 0 1 0 1 1 1 0
 1 1 0 0 0 1 1 1 1 0 1 1 0 1 1 1 0 1 0 0 1 1 1 0 0 1 1 0 1 1 1 0 1 0 1 1 0
 1 1 0 0 1 0 1 1 0 0 1 0 0 1 1 1 0 1 0 1 1 1 1 0 1 1]
At 16601/30000: COST 0.001/4.789(0.001) -- Acc 1.000/0.490(1.000)
[1 1 0 1 0 0 1 0 1 0 1 1 0 0 1 1 0 1 1 1 1 1 0 0 1 1 1 0 1 1 1 1 1 1 1 0 0
 0 1 1 0 1 0 1 1 0 1 1 1 1 1 1 0 1 1 1 0 0 0 1 1 0 1 1 1 1 0 1 1 0 1 1 0 1
 1 0 0 1 1 1 1 1 1 1 0 0 1 0 1 0 1 0 0 0 0 0 1 1 0 1]
At 16701/30000: COST 0.000/5.019(0.001) -- Acc 1.000/0.440(1.000)
[1 1 1 1 0 1 0 0 1 1 1 1 1 1 0 1 1 0 1 1 0 0 1 0 0 0 1 0 1 1 1 1 1 0 1 0 1
 1 1 1 1 1 0 1 0 1 0 0 1 1 0 0 0 0 1 1 1 0 0 0 1 1 0 1 1 0 1 1 0 0 1 1 1 1
 1 0 1 0 1 0 0 1 1 0 1 1 0 0 1 1 0 1 1 1 0 1 1 0 0 1]
At 16801/30000: COST 0.000/5.130(0.001) -- Acc 1.000/0.480(1.000)
[0 1 1 1 1 0 0 1 0 0 1 1 0 1 0 1 1 0 1 1 0 1 1 1 1 0 1 1 0 1 0 1 0 0 1 0 0
 0 1 0 0 0 1 1 0 1 0 1 1 0 0 0 1 1 1 1 0 1 1 1 1 0 1 0 1 1 1 0 1 1 1 1 1 0
 1 1 1 1 0 0 0 1 1 0 0 0 0 1 1 1 0 1 0 0 1 1 1 1 1 0]
At 16901/30000: COST 0.001/5.073(0.001) -- Acc 1.000/0.500(1.000)
[0 1 0 0 1 0 1 0 1 1 0 0 0 0 0 1 1 0 1 1 1 1 1 1 1 0 1 1 1 0 1 1 1 1 1 0 1
 0 0 1 0 1 1 0 0 1 0 0 1 1 0 1 0 0 0 1 1 1 1 1 1 1 0 1 1 1 1 0 0 0 0 1 1 0
 1 0 1 0 1 0 1 1 1 0 0 0 1 0 1 0 1 1 1 1 0 1 1 1 0 1]
At 17001/30000: COST 0.000/5.123(0.001) -- Acc 1.000/0.480(1.000)
[1 1 1 1 1 1 1 1 1 1 0 1 0 1 1 0 1 1 0 0 1 0 0 1 0 0 0 1 1 1 1 0 1 1 0 0 0
 1 1 0 1 1 1 0 0 0 0 0 0 0 1 1 1 1 1 0 1 0 1 1 1 1 0 0 1 1 1 1 0 1 1 0 1 1
 1 0 0 0 1 0 1 0 0 0 1 0 1 1 1 0 0 0 1 1 1 0 1 1 1 1]
At 17101/30000: COST 0.000/5.070(0.001) -- Acc 1.000/0.510(1.000)
[1 1 1 1 1 0 0 0 1 0 1 0 0 1 1 1 1 0 1 1 1 1 0 1 1 0 0 1 1 1 1 1 0 1 0 0 1
 1 0 1 0 0 0 1 1 1 1 0 0 0 0 0 1 0 1 1 1 1 0 0 1 1 0 1 1 0 1 1 1 0 1 1 1 0
 1 0 1 0 1 0 1 1 1 1 1 1 0 1 1 1 1 1 0 0 0 1 1 1 1 0]
At 17201/30000: COST 0.000/5.092(0.001) -- Acc 1.000/0.480(1.000)
[0 1 1 1 1 0 0 0 0 0 0 1 1 1 1 0 1 0 1 1 0 0 1 1 0 1 1 0 0 1 0 0 1 1 1 1 1
 0 1 1 0 0 1 1 1 0 1 1 1 1 0 1 1 1 0 1 1 1 0 1 1 0 0 1 1 0 0 0 0 0 1 1 1 1
 1 0 1 1 1 0 0 1 1 0 1 1 1 0 1 0 1 0 1 1 1 0 0 1 1 1]
At 17301/30000: COST 0.000/5.352(0.001) -- Acc 1.000/0.480(1.000)
[1 1 1 1 1 0 1 0 1 0 0 0 0 1 1 1 1 0 1 0 0 1 1 1 0 0 0 1 0 1 0 1 1 1 1 1 0
 1 0 0 1 0 1 1 1 1 0 1 1 1 1 0 0 1 1 1 1 1 1 0 0 1 1 0 1 1 1 1 1 0 0 1 0 0
 1 1 0 0 0 0 1 0 0 1 0 0 1 0 1 1 1 1 0 0 1 1 0 1 1 1]
At 17401/30000: COST 0.001/5.247(0.000) -- Acc 1.000/0.490(1.000)
[1 1 0 0 0 1 1 0 1 0 1 1 0 1 0 1 1 0 0 1 1 1 1 1 1 0 1 0 1 1 0 1 1 1 0 0 1
 1 0 1 1 0 1 1 1 0 1 1 1 1 0 1 0 0 0 0 1 1 1 0 1 1 1 0 0 1 1 0 0 1 1 1 1 1
 0 1 1 1 0 1 0 1 0 1 0 1 0 1 0 1 1 0 1 1 1 1 1 1 1 1]
At 17501/30000: COST 0.116/2.102(0.113) -- Acc 0.960/0.500(0.967)
[0 1 1 1 1 1 1 1 1 1 1 1 1 1 1 1 1 1 1 1 1 1 0 0 0 1 1 0 1 1 1 1 1 1 1 1 1
 0 1 0 1 1 1 0 0 1 1 0 1 0 1 1 1 1 1 1 1 1 1 0 0 1 1 1 0 1 1 1 1 0 1 0 1 1
 1 1 1 0 1 1 0 1 1 1 1 0 0 1 0 1 1 1 1 0 1 0 0 0 1 0]
At 17601/30000: COST 0.072/2.656(0.068) -- Acc 0.960/0.490(0.980)
[0 1 1 1 1 1 1 1 0 1 1 0 1 1 0 1 0 1 0 0 1 1 1 0 1 1 1 1 1 1 1 0 0 1 1 1 0
 1 1 1 0 0 0 1 0 1 1 1 1 1 0 1 1 1 0 1 1 1 1 1 1 1 0 0 0 0 1 1 0 0 1 1 1 1
 0 1 1 1 0 1 1 1 0 1 1 1 1 1 0 0 0 1 1 1 0 0 1 0 1 1]
At 17701/30000: COST 0.023/3.010(0.051) -- Acc 1.000/0.510(0.984)
[1 1 0 1 1 1 0 0 1 0 1 0 1 1 0 1 1 1 1 1 1 1 1 0 0 1 1 1 0 1 0 1 0 0 0 1 1
 0 1 1 1 0 0 0 1 0 1 0 1 1 0 0 1 0 0 0 1 1 1 1 1 1 1 0 0 1 1 1 1 0 1 0 0 1
 1 1 0 1 0 1 1 1 1 0 1 0 1 1 1 0 0 1 1 0 1 1 1 0 0 1]
At 17801/30000: COST 0.003/3.745(0.023) -- Acc 1.000/0.470(0.993)
[1 1 0 1 1 0 1 1 1 1 0 0 1 0 1 0 1 1 1 1 1 0 0 0 1 0 1 0 0 0 1 0 1 1 1 1 1
 1 0 0 1 1 1 0 1 0 1 0 0 1 1 1 1 0 1 0 1 1 1 1 1 1 0 1 1 1 0 0 1 1 1 1 1 1
 0 0 0 0 1 1 0 0 1 1 1 0 0 1 1 1 0 1 1 1 1 0 1 1 0 1]
At 17901/30000: COST 0.002/4.022(0.011) -- Acc 1.000/0.470(0.997)
[1 0 1 0 1 0 0 1 1 0 0 1 1 0 1 1 1 0 0 1 1 1 0 1 1 1 1 1 0 1 0 0 0 0 1 1 0
 1 0 1 1 1 1 1 1 0 0 1 1 0 0 0 1 1 1 1 1 0 0 1 0 1 1 1 0 1 1 0 0 1 0 0 1 1
 1 1 1 0 0 0 1 0 1 1 1 1 1 1 0 1 1 0 1 0 1 1 0 0 0 1]
At 18001/30000: COST 0.002/4.347(0.006) -- Acc 1.000/0.470(0.999)
[1 1 1 1 0 1 1 0 1 1 0 0 1 1 0 1 1 0 0 1 0 0 1 0 0 0 0 0 1 0 0 1 0 1 1 0 0
 1 0 0 1 0 0 1 0 1 1 1 1 1 0 1 0 1 1 0 0 1 1 0 1 1 1 1 1 0 1 1 0 1 0 1 1 1
 1 1 0 1 0 1 0 1 0 1 1 1 1 1 1 1 0 1 0 1 0 1 1 1 1 1]
At 18101/30000: COST 0.000/4.464(0.003) -- Acc 1.000/0.500(0.999)
[0 1 0 1 0 0 0 1 0 0 1 0 0 1 1 0 0 1 1 0 0 0 1 0 1 1 1 1 1 1 1 0 1 1 1 1 1
 1 0 1 1 1 1 1 1 0 1 1 0 0 1 0 1 1 1 1 1 1 1 1 1 0 1 0 1 1 0 1 0 1 1 1 0 1
 0 1 0 1 0 1 1 1 0 1 1 1 0 1 0 1 0 1 0 1 1 1 0 1 1 0]
At 18201/30000: COST 0.001/4.464(0.002) -- Acc 1.000/0.490(1.000)
[1 1 1 1 1 0 1 0 1 0 1 0 1 0 1 1 1 1 1 1 1 1 0 1 0 0 1 0 0 1 1 1 0 1 0 0 1
 0 0 0 0 1 0 1 0 1 1 1 0 1 1 0 1 0 0 1 1 0 0 1 1 1 1 1 1 1 0 1 1 1 1 0 1 1
 1 0 1 0 1 1 0 0 0 1 0 1 1 1 1 0 1 1 1 1 1 1 0 1 1 1]
At 18301/30000: COST 0.002/4.721(0.002) -- Acc 1.000/0.500(1.000)
[1 0 0 1 0 1 0 1 1 1 1 0 1 0 1 1 1 1 0 0 0 0 1 0 1 0 1 1 1 1 1 1 1 0 0 0 1
 1 1 1 0 1 1 1 1 1 1 1 1 1 0 1 0 1 1 1 0 0 1 1 0 1 1 1 1 0 0 0 0 1 0 1 1 1
 0 1 1 1 1 0 1 1 0 1 1 1 1 0 1 0 0 1 1 1 0 1 1 0 0 1]
At 18401/30000: COST 0.002/4.959(0.001) -- Acc 1.000/0.500(1.000)
[1 0 1 1 0 0 1 1 1 0 0 1 0 1 1 1 1 1 1 0 0 1 1 1 1 1 0 0 1 0 0 1 0 0 0 1 0
 0 1 1 1 0 1 1 1 1 1 1 1 1 0 1 1 0 0 1 1 1 1 1 1 1 1 0 0 1 0 0 0 1 1 0 0 0
 0 0 0 0 0 1 1 0 1 1 1 1 0 0 1 1 0 1 1 1 1 1 1 1 0 1]
At 18501/30000: COST 0.000/4.581(0.002) -- Acc 1.000/0.480(0.999)
[0 1 1 1 0 1 1 1 1 1 0 1 1 1 0 0 0 1 0 0 1 1 1 1 1 1 1 1 0 0 1 0 1 1 1 1 1
 1 0 1 1 1 0 0 1 1 1 1 1 0 0 1 1 1 1 1 1 1 1 1 1 0 1 0 0 0 0 0 1 1 1 0 0 1
 1 0 1 0 0 0 1 0 1 0 0 1 1 1 1 0 0 1 1 0 1 1 1 0 0 1]
At 18601/30000: COST 0.000/5.140(0.002) -- Acc 1.000/0.490(1.000)
[1 1 1 1 1 1 1 1 1 1 1 1 1 1 1 1 0 0 1 1 1 1 1 0 1 0 0 1 0 0 0 0 0 0 1 0 1
 1 1 1 1 1 0 1 1 1 0 1 0 1 0 0 1 1 1 1 1 0 1 1 1 0 1 0 1 1 0 0 1 0 1 1 0 1
 0 1 1 0 1 1 1 0 1 1 0 1 0 0 0 1 1 1 0 1 1 1 1 0 1 1]
At 18701/30000: COST 0.000/5.106(0.001) -- Acc 1.000/0.480(1.000)
[1 0 1 0 0 1 0 0 1 1 1 0 1 1 1 0 1 1 0 1 1 0 1 1 1 1 1 0 1 1 1 1 1 0 1 0 0
 0 1 1 1 0 0 0 1 0 1 1 1 0 0 1 1 1 0 1 0 1 1 0 1 1 0 1 0 0 1 0 1 1 1 1 1 1
 0 1 1 0 1 0 0 1 0 1 1 1 0 1 1 1 1 1 0 1 0 0 1 0 1 1]
At 18801/30000: COST 0.000/5.343(0.001) -- Acc 1.000/0.480(1.000)
[1 1 1 1 1 1 0 0 1 0 1 1 1 0 1 1 1 1 1 1 1 0 0 0 1 1 1 1 1 0 1 1 1 1 1 1 0
 1 1 0 0 0 1 0 0 1 1 1 1 1 1 1 0 0 1 0 0 0 0 0 1 0 1 1 0 0 1 1 1 0 0 0 0 1
 0 1 0 1 1 0 1 1 1 1 1 0 0 1 1 1 1 1 1 0 0 0 0 0 1 0]
At 18901/30000: COST 0.091/2.115(0.095) -- Acc 0.970/0.540(0.971)
[1 1 0 1 1 1 1 1 1 1 0 1 1 0 1 1 1 1 0 1 1 0 1 1 1 1 0 0 1 0 0 1 1 1 0 0 1
 1 1 1 1 0 1 1 1 1 1 1 1 1 1 1 0 1 1 0 1 1 0 1 1 0 1 1 1 0 1 1 1 1 1 1 1 1
 1 0 0 1 0 1 1 0 0 0 1 1 0 1 1 0 0 1 1 1 0 0 1 1 1 0]
At 19001/30000: COST 0.008/3.203(0.047) -- Acc 1.000/0.440(0.987)
[0 1 0 0 1 1 0 0 0 1 1 1 0 0 1 1 1 1 1 1 1 0 0 1 1 1 1 1 1 1 0 1 1 1 1 1 0
 0 1 1 1 1 1 0 1 1 1 1 1 1 1 0 0 1 1 1 0 1 1 1 0 0 1 1 1 1 0 0 1 1 1 1 1 1
 0 1 1 1 1 0 1 0 1 0 1 1 1 1 1 1 0 0 1 1 1 1 1 0 1 0]
At 19101/30000: COST 0.001/3.542(0.021) -- Acc 1.000/0.440(0.995)
[1 0 0 1 1 1 0 0 1 1 1 1 0 1 1 0 1 0 0 1 0 1 0 0 1 1 1 1 1 1 1 1 0 1 0 0 1
 1 0 0 1 0 0 1 0 0 0 1 1 0 1 1 1 1 1 0 0 0 1 1 1 1 1 1 1 0 1 1 1 0 1 0 1 0
 0 0 1 1 0 0 1 1 1 1 0 1 0 1 1 0 1 1 1 0 1 1 1 1 1 1]
At 19201/30000: COST 0.003/3.873(0.009) -- Acc 1.000/0.480(0.998)
[0 1 1 1 1 1 0 1 1 1 0 1 1 1 0 0 0 0 0 1 1 0 1 1 0 1 0 0 1 1 1 1 0 1 1 1 0
 1 1 0 0 1 0 1 1 1 0 1 0 0 1 0 1 1 1 1 1 1 0 1 1 1 1 0 0 1 1 1 0 0 1 0 0 1
 1 1 1 0 1 0 1 1 1 0 1 0 1 1 1 1 0 1 1 1 1 1 1 1 0 0]
At 19301/30000: COST 0.001/4.123(0.005) -- Acc 1.000/0.500(0.999)
[1 1 1 0 1 1 1 1 1 1 1 1 1 0 1 1 1 1 1 1 1 1 1 1 1 1 0 1 1 0 0 0 0 1 0 0 0
 1 1 1 1 1 0 1 1 1 1 1 1 0 1 0 1 1 0 1 0 0 1 1 0 1 1 1 0 1 1 0 0 0 0 1 1 1
 0 1 1 1 1 1 1 0 1 0 0 1 1 0 0 1 0 0 0 0 1 1 1 0 0 1]
At 19401/30000: COST 0.002/3.627(0.007) -- Acc 1.000/0.510(0.998)
[0 1 1 1 1 1 0 1 0 1 0 1 1 1 1 1 1 0 1 1 0 1 1 1 0 0 1 1 1 1 1 1 1 1 1 1 1
 0 1 1 1 1 0 1 0 0 0 0 1 1 0 1 0 0 1 0 1 0 1 0 1 1 1 0 1 1 1 1 0 1 0 1 0 0
 1 1 1 0 0 0 1 1 1 0 1 0 0 0 1 1 1 1 0 1 1 0 0 1 0 1]
At 19501/30000: COST 0.015/3.117(0.043) -- Acc 1.000/0.470(0.987)
[0 0 1 1 0 1 1 0 0 1 0 0 1 1 1 1 1 1 1 0 1 0 1 1 1 1 1 1 1 1 1 1 0 0 1 1 0
 1 1 0 1 1 0 1 1 1 1 1 1 1 0 0 0 0 1 0 1 1 1 1 1 1 1 1 0 1 1 1 0 0 1 1 0 1
 0 1 1 1 0 1 1 0 1 1 1 0 0 1 1 1 1 0 1 1 1 1 1 0 1 0]
At 19601/30000: COST 0.013/3.269(0.031) -- Acc 1.000/0.440(0.991)
[1 1 1 1 0 0 1 1 1 1 1 1 1 1 1 1 0 1 1 0 0 1 1 1 1 0 1 1 0 1 1 1 1 1 1 0 1
 1 0 1 0 0 1 1 1 0 1 1 0 0 1 0 0 1 1 1 0 0 1 0 1 1 0 1 0 1 1 1 1 1 1 1 1 0
 1 0 1 1 0 1 1 0 1 1 1 1 0 0 0 1 0 0 0 1 1 0 0 1 1 1]
At 19701/30000: COST 0.001/3.993(0.015) -- Acc 1.000/0.440(0.996)
[1 1 0 0 1 1 0 0 1 1 1 1 1 0 1 1 1 1 1 0 1 1 1 1 1 1 1 1 1 0 1 0 1 0 0 1 0
 1 0 1 1 1 1 1 1 1 0 1 0 1 1 1 1 0 1 1 1 1 1 1 1 1 1 0 0 1 0 0 1 1 1 0 0 1
 1 1 0 0 0 1 1 0 0 0 1 1 0 0 0 0 1 1 1 1 1 0 1 1 1 1]
At 19801/30000: COST 0.002/4.454(0.008) -- Acc 1.000/0.430(0.998)
[1 1 0 1 0 1 1 0 0 0 0 0 0 1 1 1 1 1 0 0 1 1 0 1 0 0 1 1 0 1 0 0 0 1 1 1 1
 1 0 1 0 1 1 0 0 1 1 1 1 1 1 1 1 0 1 0 0 1 1 1 1 1 0 0 0 1 1 0 1 1 0 1 0 1
 0 1 1 1 1 1 1 1 1 1 1 1 1 1 1 1 1 0 0 1 1 1 0 1 1 1]
At 19901/30000: COST 0.001/4.632(0.004) -- Acc 1.000/0.450(0.999)
[1 0 1 1 1 1 1 1 1 0 1 1 1 0 0 1 1 1 1 1 1 0 1 0 0 0 1 1 0 1 1 0 0 1 1 1 0
 1 1 0 1 0 1 1 0 0 1 1 1 1 1 0 0 1 1 1 1 0 1 0 0 1 0 1 0 0 0 1 1 1 1 1 1 1
 1 1 0 0 0 0 1 0 1 1 0 1 1 0 0 1 1 1 1 1 0 1 1 1 1 1]
At 20001/30000: COST 0.001/4.675(0.003) -- Acc 1.000/0.470(1.000)
[0 1 1 1 0 1 1 1 1 0 1 1 1 1 1 1 0 0 1 0 0 1 0 0 1 1 1 0 1 0 1 1 1 1 1 1 0
 1 0 0 0 0 0 1 1 0 1 1 1 0 1 1 1 1 1 1 0 1 0 1 0 1 1 1 0 1 1 1 1 1 0 1 1 0
 1 0 1 0 1 0 0 1 1 1 1 1 1 0 0 1 1 1 1 1 1 0 0 0 1 1]
At 20101/30000: COST 0.002/4.838(0.002) -- Acc 1.000/0.450(1.000)
[1 0 1 0 1 1 1 1 0 0 0 1 0 0 1 0 1 1 0 1 1 0 1 0 1 1 0 1 1 0 1 0 1 0 1 1 1
 0 1 0 1 1 1 1 0 1 1 1 0 0 1 0 0 1 1 1 1 1 1 1 1 0 1 1 0 1 0 0 0 0 1 1 1 1
 0 1 1 1 0 1 1 1 1 1 1 1 1 1 0 0 1 1 1 1 1 1 0 1 1 0]
At 20201/30000: COST 0.005/4.788(0.002) -- Acc 1.000/0.450(1.000)
[1 1 1 0 1 1 0 1 0 1 0 1 1 1 1 1 0 0 1 1 0 1 1 0 1 1 0 1 0 1 0 1 1 0 0 0 0
 1 0 0 1 1 0 0 1 1 1 1 1 1 1 1 1 0 1 0 1 1 1 1 1 1 1 1 1 1 0 1 0 0 0 1 1 1
 0 1 1 1 1 1 1 1 1 0 0 1 0 0 0 1 1 0 1 0 1 0 0 1 0 1]
At 20301/30000: COST 0.000/5.168(0.001) -- Acc 1.000/0.470(1.000)
[1 1 1 1 0 0 0 1 1 1 0 1 1 0 1 0 1 0 1 1 1 1 0 1 1 1 1 0 0 0 1 1 0 0 1 1 1
 1 1 0 0 0 1 1 0 1 0 1 0 1 0 0 0 1 1 0 1 1 0 1 1 1 1 1 0 1 1 1 1 1 1 0 1 1
 0 0 1 1 0 1 0 0 1 1 0 1 1 0 1 1 1 1 1 0 1 1 1 1 1 1]
At 20401/30000: COST 0.000/5.356(0.001) -- Acc 1.000/0.470(1.000)
[1 0 1 1 1 1 1 1 0 1 1 1 1 1 0 1 0 1 1 1 1 0 1 1 0 1 0 1 1 0 0 0 0 1 0 1 1
 1 1 0 0 1 1 1 1 1 1 0 0 1 1 0 1 1 1 1 1 1 1 0 1 0 0 1 1 1 1 0 0 1 1 0 1 1
 0 1 1 0 0 1 1 1 1 1 1 1 1 0 1 1 0 0 1 0 1 0 0 1 1 0]
At 20501/30000: COST 0.043/5.389(0.002) -- Acc 0.990/0.480(1.000)
[1 0 1 1 1 1 1 1 0 1 1 0 1 1 0 0 0 0 1 1 1 1 0 0 0 0 0 1 0 1 1 0 1 0 1 0 0
 1 1 1 1 1 1 1 1 1 0 1 1 1 1 1 1 1 1 1 1 0 1 1 1 1 1 0 0 1 1 1 1 1 1 0 1 1
 1 1 1 1 1 1 1 0 1 1 0 1 0 1 1 1 0 1 1 1 0 0 1 1 1 1]
At 20601/30000: COST 0.062/2.570(0.050) -- Acc 0.970/0.450(0.985)
[0 1 0 0 1 1 1 1 1 1 1 1 0 1 0 1 0 1 1 1 1 1 1 1 1 1 0 0 1 1 0 1 1 1 1 1 1
 0 0 1 0 1 0 0 0 1 1 0 1 1 1 1 1 1 0 0 0 1 1 1 1 0 1 1 1 1 0 0 1 0 0 1 1 1
 0 0 0 1 0 1 0 0 0 1 1 0 1 1 0 1 1 1 1 1 1 0 0 1 1 1]
At 20701/30000: COST 0.008/2.968(0.038) -- Acc 1.000/0.460(0.990)
[1 1 1 0 0 1 0 0 0 0 1 1 1 0 0 1 0 1 0 1 1 1 1 1 0 0 0 0 1 0 1 0 1 0 0 1 1
 1 0 1 1 0 1 1 1 0 1 1 1 0 1 0 0 1 1 1 1 0 1 1 1 1 1 0 1 0 0 1 1 0 0 1 1 0
 1 0 1 1 1 1 1 0 1 1 0 1 1 1 1 1 1 1 0 1 1 1 0 1 1 1]
At 20801/30000: COST 0.006/3.231(0.023) -- Acc 1.000/0.490(0.994)
[0 1 0 1 1 1 1 0 0 0 1 1 1 1 1 0 0 0 0 1 1 1 1 1 1 0 0 1 1 1 1 0 1 1 1 1 1
 1 0 1 1 0 1 0 1 1 1 0 1 0 1 1 0 0 1 1 0 0 1 1 1 0 1 1 0 1 1 0 1 1 0 1 0 1
 0 1 1 1 1 1 1 1 0 1 1 1 1 0 1 1 1 1 1 0 0 1 0 0 0 0]
At 20901/30000: COST 0.019/3.829(0.014) -- Acc 0.990/0.440(0.996)
[1 0 0 1 1 1 1 1 0 0 1 1 0 1 1 1 1 0 1 1 1 1 0 1 0 0 0 1 1 0 1 0 1 0 0 0 1
 0 1 1 1 1 1 1 1 0 1 1 1 1 1 0 1 1 1 0 0 1 0 1 0 1 0 1 0 0 1 0 1 0 1 0 1 1
 0 1 1 0 0 0 0 1 0 1 0 1 0 0 1 1 1 1 1 1 0 1 1 1 1 0]
At 21001/30000: COST 0.001/4.012(0.007) -- Acc 1.000/0.440(0.998)
[0 1 1 1 0 1 0 1 1 1 0 1 1 1 1 1 0 0 0 1 1 0 0 1 0 1 0 1 1 0 1 0 0 1 0 0 0
 0 1 0 0 0 1 1 0 0 1 0 1 1 0 1 1 1 0 1 0 1 0 1 1 1 1 0 1 1 1 1 1 0 1 1 1 1
 1 1 1 0 1 0 1 1 0 1 0 1 1 1 1 0 1 0 1 1 1 1 1 0 1 0]
At 21101/30000: COST 0.001/4.303(0.004) -- Acc 1.000/0.410(0.999)
[1 1 1 1 0 0 0 0 1 0 0 1 0 1 0 1 1 0 1 1 1 1 1 0 0 0 1 1 1 0 1 0 0 1 1 1 1
 0 1 1 0 0 1 0 1 1 1 1 0 1 0 0 1 1 1 0 1 0 0 1 1 0 0 1 1 1 0 0 1 1 0 0 1 1
 1 1 1 0 0 1 1 0 1 1 1 1 0 1 1 0 0 1 1 1 1 0 1 1 1 1]
At 21201/30000: COST 0.001/4.475(0.002) -- Acc 1.000/0.430(1.000)
[1 0 1 1 0 0 0 0 1 1 0 1 1 1 1 0 1 1 1 1 1 1 1 1 0 1 1 0 1 1 0 1 1 0 1 0 1
 0 1 1 1 0 0 0 0 1 1 1 0 1 0 0 1 1 0 1 1 0 0 1 0 0 1 1 0 1 1 0 1 0 0 0 1 1
 1 1 1 0 0 1 1 0 1 1 1 0 0 1 1 1 1 1 0 0 1 1 0 1 0 0]
At 21301/30000: COST 0.001/4.508(0.001) -- Acc 1.000/0.430(1.000)
[0 0 1 1 1 1 0 0 1 1 0 0 1 1 0 1 1 0 1 1 0 0 1 1 1 0 0 0 0 0 0 0 1 1 0 1 1
 1 1 0 1 1 1 1 1 1 0 1 0 1 0 1 1 1 1 1 0 1 0 0 1 1 1 1 0 0 1 0 0 0 0 1 1 0
 1 0 1 1 0 0 1 1 0 1 1 1 0 1 0 1 1 1 1 0 0 1 1 1 1 1]
At 21401/30000: COST 0.002/4.804(0.001) -- Acc 1.000/0.450(1.000)
[1 1 0 1 0 1 0 1 0 0 0 1 1 1 1 1 0 1 1 0 0 1 0 1 1 1 0 1 1 0 0 0 1 0 1 0 1
 1 1 1 0 0 1 1 0 1 0 1 1 0 1 1 1 0 1 0 1 1 1 0 1 0 1 1 1 1 1 1 1 0 1 1 0 0
 0 0 1 1 1 0 1 1 0 0 0 1 1 1 1 1 1 0 0 1 1 1 0 1 1 0]
At 21501/30000: COST 0.000/4.822(0.001) -- Acc 1.000/0.430(1.000)
[0 1 0 1 0 0 1 0 0 1 1 1 0 1 1 0 0 0 0 0 0 0 0 0 1 0 0 1 1 1 1 1 0 1 1 1 1
 1 1 0 1 1 0 1 0 1 1 1 1 1 1 1 1 1 1 1 1 1 1 1 0 1 1 0 1 1 1 0 0 1 0 0 0 1
 1 0 0 1 1 1 1 1 0 0 1 0 1 1 1 1 1 0 1 1 1 1 0 1 1 1]
At 21601/30000: COST 0.044/2.493(0.056) -- Acc 0.990/0.490(0.983)
[1 0 1 1 1 1 1 0 1 0 1 0 0 0 1 1 0 0 0 1 1 1 1 1 0 1 1 0 1 1 0 1 1 0 0 1 1
 0 0 1 1 1 1 1 1 0 1 0 0 0 1 1 1 0 1 1 1 1 1 0 1 1 0 1 1 1 0 1 0 1 1 1 1 0
 1 1 1 0 1 1 1 1 1 1 1 1 1 1 1 0 1 0 1 1 0 1 1 0 0 1]
At 21701/30000: COST 0.021/3.038(0.053) -- Acc 1.000/0.530(0.985)
[1 0 0 1 1 1 1 1 1 1 1 1 0 1 0 0 0 0 1 1 0 1 0 0 0 1 0 0 1 1 1 1 1 1 1 0 1
 1 0 1 0 0 1 1 0 1 1 0 1 1 0 1 0 1 0 0 0 1 0 0 1 1 1 1 0 0 1 1 1 0 1 1 1 1
 1 1 1 0 1 1 1 1 1 1 0 1 1 0 1 0 0 0 0 1 1 0 1 1 1 1]
At 21801/30000: COST 0.002/2.938(0.034) -- Acc 1.000/0.480(0.991)
[1 1 0 0 1 1 0 0 1 0 1 1 1 0 0 1 1 1 1 1 1 1 1 1 0 1 0 0 1 1 0 0 0 1 1 1 1
 1 0 1 1 1 1 1 0 0 1 0 1 1 1 0 1 0 1 1 1 0 1 0 1 0 0 1 1 1 1 0 0 0 1 1 1 1
 0 0 0 0 1 1 1 1 1 1 1 1 1 0 1 0 1 1 1 1 1 0 0 0 0 1]
At 21901/30000: COST 0.002/3.288(0.015) -- Acc 1.000/0.470(0.996)
[1 1 0 1 1 1 1 1 0 0 1 1 0 1 1 1 1 0 1 1 0 0 0 1 0 1 0 0 1 1 0 1 1 1 1 1 1
 1 1 1 1 1 1 1 0 1 1 1 1 1 0 0 1 0 0 0 0 0 0 1 1 1 1 1 1 0 1 1 1 1 1 1 1 0
 1 1 0 1 1 1 1 1 1 1 0 1 1 0 0 1 0 0 1 0 0 0 1 1 1 1]
At 22001/30000: COST 0.002/3.724(0.007) -- Acc 1.000/0.470(0.998)
[1 1 1 1 0 1 1 1 0 1 1 0 0 1 1 1 1 0 0 0 1 0 1 1 1 1 0 0 0 1 1 1 1 0 1 1 0
 0 1 0 0 0 0 1 1 1 1 1 1 1 1 1 0 0 1 1 1 1 1 0 1 1 1 0 0 0 1 1 1 1 0 0 1 1
 1 0 1 1 0 1 1 0 1 1 0 1 0 1 0 1 1 0 1 1 0 0 1 1 1 0]
At 22101/30000: COST 0.000/3.836(0.004) -- Acc 1.000/0.470(0.999)
[1 0 0 0 1 1 0 1 1 1 1 0 1 1 0 0 1 1 0 1 1 1 1 0 1 1 1 1 0 0 1 0 0 0 1 1 1
 0 0 1 0 0 1 0 1 1 0 1 1 1 1 1 0 1 1 0 0 0 1 1 1 0 1 0 0 0 1 0 1 1 1 1 0 1
 1 1 1 1 0 1 1 1 1 1 1 1 1 0 1 1 1 1 1 1 0 1 1 0 1 1]
At 22201/30000: COST 0.001/3.990(0.002) -- Acc 1.000/0.490(1.000)
[0 1 1 0 0 1 0 0 1 0 1 0 1 1 1 1 1 1 1 1 1 1 1 0 0 1 1 1 0 1 0 0 1 1 1 1 1
 1 1 1 1 0 0 1 1 1 1 1 0 0 0 0 0 1 0 1 1 0 1 0 1 1 1 1 1 1 1 1 0 1 1 0 1 1
 1 1 1 0 0 0 0 1 0 1 1 1 1 1 1 1 1 1 0 1 0 0 0 0 0 1]
At 22301/30000: COST 0.001/4.119(0.002) -- Acc 1.000/0.480(1.000)
[0 1 0 0 0 1 1 0 1 0 0 1 1 1 1 1 1 0 1 0 1 1 0 1 0 1 1 1 0 1 0 0 1 0 0 1 0
 0 1 0 1 0 1 1 1 1 1 1 0 1 0 1 1 1 1 1 0 1 0 1 1 0 0 0 1 1 1 0 0 1 1 1 1 1
 1 1 1 1 0 0 0 1 1 1 1 1 1 1 0 0 1 1 1 1 0 1 1 1 1 1]
At 22401/30000: COST 0.001/3.938(0.001) -- Acc 1.000/0.480(1.000)
[0 1 0 1 1 1 1 1 1 0 1 0 0 1 0 1 0 0 0 1 0 0 1 0 1 1 1 1 1 0 1 0 1 0 0 0 0
 1 1 1 1 0 1 1 1 1 1 0 0 1 1 0 1 1 0 1 1 1 0 1 0 0 0 0 0 1 1 0 0 0 0 1 0 1
 1 1 1 1 0 0 1 1 1 0 1 1 1 1 1 1 0 1 1 1 1 1 1 0 1 1]
At 22501/30000: COST 0.001/4.337(0.001) -- Acc 1.000/0.480(1.000)
[1 0 0 1 1 1 0 1 0 0 1 1 1 1 1 1 1 0 0 0 1 1 1 1 1 0 1 1 0 1 0 1 1 1 0 1 0
 1 1 0 0 0 1 0 0 1 0 1 0 0 0 1 1 0 1 0 1 0 0 1 1 0 1 1 0 1 1 1 0 0 1 0 1 1
 0 1 0 1 1 1 1 1 0 0 1 0 1 0 1 1 1 1 1 1 1 1 0 1 1 0]
At 22601/30000: COST 0.000/4.427(0.001) -- Acc 1.000/0.480(1.000)
[1 0 1 1 0 0 1 1 1 1 1 1 1 1 1 1 1 0 1 1 0 0 1 0 1 1 1 0 0 1 1 1 0 1 0 1 0
 1 1 1 1 0 1 0 1 0 0 0 0 1 0 1 0 1 0 0 1 0 1 1 1 1 0 0 1 1 1 1 1 1 1 1 1 1
 0 1 1 0 1 0 0 0 1 1 0 0 1 0 0 0 1 1 0 1 1 0 1 0 1 0]
At 22701/30000: COST 0.000/4.501(0.001) -- Acc 1.000/0.500(1.000)
[1 0 0 1 1 1 1 0 1 0 1 0 1 0 1 1 1 1 1 0 1 1 0 0 0 1 1 0 1 0 0 1 1 1 1 0 1
 1 0 0 0 1 0 1 1 1 0 1 0 0 1 1 0 1 0 1 1 1 0 0 0 0 1 0 0 1 1 1 1 0 0 1 1 0
 1 1 1 1 0 0 1 1 0 1 0 1 0 0 0 1 1 1 1 1 0 0 0 1 1 1]
At 22801/30000: COST 0.001/4.754(0.001) -- Acc 1.000/0.490(1.000)
[1 0 0 1 1 0 0 1 1 0 1 0 0 1 1 0 1 1 1 0 1 0 1 1 1 1 0 1 0 1 1 1 1 1 1 1 1
 1 1 0 0 1 0 0 1 0 1 1 0 0 1 1 1 0 0 0 1 1 1 0 1 0 0 1 1 0 1 1 1 0 1 0 1 1
 0 1 1 1 1 1 1 0 1 0 1 1 0 1 0 1 1 0 1 1 0 0 1 1 1 0]
At 22901/30000: COST 0.001/4.701(0.001) -- Acc 1.000/0.520(1.000)
[0 1 1 1 0 1 1 0 1 1 1 1 1 1 0 1 1 1 1 0 1 0 1 0 0 0 0 1 1 1 0 0 1 0 0 0 1
 1 0 0 0 0 0 1 1 1 1 0 1 0 1 0 1 0 0 1 1 1 1 0 1 0 1 1 0 0 1 1 0 0 1 1 0 1
 0 1 1 1 1 0 1 1 1 1 0 1 1 1 1 1 1 0 1 1 1 0 1 1 0 1]
At 23001/30000: COST 0.000/5.023(0.001) -- Acc 1.000/0.470(1.000)
[1 0 1 1 1 1 1 1 1 0 0 1 1 0 1 0 1 1 0 0 0 1 1 0 1 1 1 1 1 1 0 1 0 1 0 0 1
 1 1 1 0 1 1 1 1 0 1 0 1 0 1 1 0 0 0 0 0 0 0 0 1 0 1 0 1 0 1 1 0 1 1 1 0 1
 0 0 1 1 1 0 1 0 1 1 1 1 1 1 0 1 0 0 1 1 1 1 0 1 1 1]
At 23101/30000: COST 0.000/5.202(0.001) -- Acc 1.000/0.490(1.000)
[1 1 1 1 0 1 1 1 0 1 1 0 0 1 1 0 1 1 1 0 1 1 0 1 0 1 1 1 0 1 1 1 1 1 1 0 0
 1 1 0 1 1 1 1 0 0 1 0 1 1 1 0 0 1 0 0 1 1 1 0 0 1 1 1 0 1 1 0 1 1 0 0 0 0
 1 1 0 0 1 0 1 1 0 0 1 0 0 1 0 0 0 1 1 0 1 1 0 1 1 1]
At 23201/30000: COST 0.000/5.384(0.001) -- Acc 1.000/0.500(1.000)
[0 1 1 1 0 0 1 0 1 1 1 0 1 1 1 1 1 1 0 1 1 0 0 0 1 0 1 0 0 0 0 0 0 1 0 0 1
 0 1 0 1 1 1 1 1 0 1 0 0 1 0 1 0 1 1 1 1 1 1 1 0 1 1 0 1 0 0 0 1 0 0 0 0 1
 1 1 1 1 1 0 0 1 1 1 0 1 1 0 1 1 0 1 0 1 1 0 1 1 1 1]
At 23301/30000: COST 0.001/4.878(0.001) -- Acc 1.000/0.480(1.000)
[1 0 0 1 1 1 1 1 0 1 1 0 1 1 0 0 1 1 0 1 0 1 1 1 1 0 1 1 1 1 0 1 0 0 0 0 1
 1 1 1 1 1 0 1 1 1 1 1 0 0 1 1 1 0 1 1 1 0 0 0 1 0 0 0 0 0 1 1 1 1 1 1 1 1
 1 0 0 0 1 1 1 0 0 1 0 1 0 1 1 0 0 1 1 0 1 1 1 1 1 0]
At 23401/30000: COST 0.043/2.137(0.099) -- Acc 0.990/0.480(0.969)
[1 1 1 1 1 0 1 1 0 1 1 1 1 1 1 0 0 1 1 1 1 1 0 0 1 0 0 0 1 0 1 1 1 1 0 0 1
 0 1 1 1 1 1 1 1 0 1 1 1 0 1 0 1 0 0 0 1 1 0 1 0 1 1 1 1 1 0 0 0 1 1 1 1 0
 0 0 1 1 0 1 1 1 0 1 0 0 0 1 1 1 1 1 1 1 0 0 1 0 1 1]
At 23501/30000: COST 0.042/2.675(0.079) -- Acc 0.980/0.420(0.977)
[0 0 1 1 0 1 0 1 1 1 1 0 0 0 0 1 1 0 0 1 0 0 1 1 0 0 0 0 1 1 0 1 1 0 1 0 0
 1 1 0 1 1 0 1 1 1 1 1 0 1 0 1 1 1 1 1 1 1 0 1 1 1 1 1 1 1 0 1 0 1 1 1 0 1
 0 1 1 0 1 1 1 1 1 1 1 0 1 0 1 1 1 1 1 1 1 1 1 0 1 1]
At 23601/30000: COST 0.004/3.265(0.039) -- Acc 1.000/0.480(0.989)
[0 0 1 1 0 1 0 1 1 0 0 1 1 1 1 1 1 1 0 1 0 0 0 1 1 1 1 1 0 0 1 1 1 0 1 1 0
 1 1 1 1 0 0 1 1 1 1 1 1 1 0 1 0 1 1 1 1 0 1 0 0 1 1 0 1 1 1 1 1 1 1 1 0 1
 0 1 1 1 0 0 1 0 1 0 1 1 0 1 1 0 1 1 0 1 0 1 0 1 1 0]
At 23701/30000: COST 0.001/3.532(0.017) -- Acc 1.000/0.490(0.996)
[1 1 0 0 1 1 0 0 0 0 1 0 0 1 1 0 1 0 0 1 0 1 0 1 1 1 0 1 1 1 0 1 1 1 1 0 1
 1 0 0 0 1 1 1 0 1 1 1 0 1 1 1 1 0 0 1 1 1 1 1 1 1 1 1 1 0 1 1 0 0 1 1 1 1
 0 0 0 1 0 0 1 1 1 1 0 0 1 1 0 1 1 1 1 1 1 1 1 1 1 0]
At 23801/30000: COST 0.001/3.850(0.008) -- Acc 1.000/0.480(0.998)
[1 1 1 1 1 1 0 0 1 1 1 0 1 0 0 1 1 1 1 1 1 0 1 1 1 1 0 1 0 0 1 0 0 1 1 1 0
 1 0 0 1 0 1 0 1 0 1 1 1 0 1 1 1 1 1 1 1 0 1 1 1 0 1 1 0 0 0 1 1 0 0 0 1 1
 1 0 1 1 0 1 0 1 1 0 1 1 1 1 0 1 1 0 0 1 0 1 0 1 0 0]
At 23901/30000: COST 0.004/4.230(0.005) -- Acc 1.000/0.480(0.999)
[1 1 1 0 1 0 0 1 0 0 1 1 1 0 0 0 0 1 1 0 1 1 1 0 0 1 0 0 1 1 1 1 0 1 1 1 1
 0 0 0 1 0 1 1 0 1 1 1 0 0 1 0 1 1 1 1 1 1 1 1 1 1 1 1 1 1 0 0 0 1 0 1 1 1
 1 1 1 1 1 1 1 1 0 1 0 1 0 0 1 0 1 1 1 0 1 0 1 1 1 0]
At 24001/30000: COST 0.002/3.982(0.006) -- Acc 1.000/0.480(0.998)
[1 1 1 1 1 1 1 1 0 1 0 1 1 0 0 1 0 1 1 1 0 0 1 0 0 0 1 1 0 0 0 1 1 1 1 1 0
 1 1 0 1 1 0 1 1 1 0 0 1 0 0 1 0 1 1 1 1 0 1 1 1 1 0 1 1 1 1 0 0 1 1 1 1 0
 1 0 1 1 0 1 1 1 1 0 1 1 1 0 1 1 1 1 1 1 1 1 0 0 1 1]
At 24101/30000: COST 0.166/3.029(0.022) -- Acc 0.980/0.430(0.994)
[0 0 1 1 1 0 1 0 0 0 1 1 0 0 1 0 0 1 0 1 1 1 1 1 1 0 0 1 1 0 0 0 0 0 1 1 0
 1 1 0 1 1 0 1 1 1 1 1 1 0 0 1 1 1 1 1 0 1 0 1 1 1 1 1 1 1 0 1 1 0 0 1 1 1
 1 1 0 1 0 1 1 0 1 1 1 0 1 1 0 1 1 0 1 1 0 0 1 1 1 0]
At 24201/30000: COST 0.008/4.100(0.016) -- Acc 1.000/0.460(0.996)
[0 0 1 1 1 1 1 1 1 1 1 0 1 0 1 1 0 0 1 1 1 0 0 0 1 1 1 1 0 1 0 1 1 1 0 1 0
 0 1 1 1 0 1 0 1 1 1 0 0 0 0 0 1 1 1 1 1 1 0 0 1 1 1 1 1 1 0 1 1 1 0 1 0 0
 1 0 1 1 0 1 0 0 0 0 1 1 1 1 1 0 1 1 1 0 1 1 0 1 1 1]
At 24301/30000: COST 0.003/3.788(0.007) -- Acc 1.000/0.510(0.998)
[1 0 1 0 1 1 1 1 1 1 0 1 1 1 1 0 1 0 1 0 1 0 1 1 1 0 1 0 0 1 1 1 1 0 0 1 1
 1 1 1 1 0 1 0 0 1 1 1 1 1 1 0 1 1 1 1 1 1 0 1 1 0 0 0 0 1 1 1 1 0 1 0 0 0
 1 1 1 1 0 0 0 1 1 1 0 0 1 0 0 0 1 1 0 0 1 0 1 1 1 0]
At 24401/30000: COST 0.004/4.065(0.005) -- Acc 1.000/0.480(0.999)
[1 0 0 1 0 0 0 0 1 1 1 1 1 1 1 0 1 1 1 1 0 0 1 0 1 0 1 0 0 0 0 0 0 1 1 0 1
 1 0 0 1 0 1 1 1 0 0 1 1 0 1 0 0 1 0 0 1 1 1 0 1 1 1 0 0 0 0 1 0 1 1 1 1 1
 1 1 0 1 0 1 1 0 1 0 0 1 0 0 1 1 1 0 0 1 1 1 1 0 0 1]
At 24501/30000: COST 0.031/2.893(0.028) -- Acc 0.990/0.480(0.991)
[1 0 1 1 1 1 1 0 1 1 0 1 1 0 1 0 1 1 1 0 0 1 1 0 1 0 0 1 0 1 1 0 1 1 1 1 0
 1 1 1 1 0 1 1 1 1 1 0 1 1 1 1 0 1 1 1 0 0 0 1 1 1 0 1 1 1 1 1 1 1 1 1 1 1
 1 1 1 1 1 1 0 1 0 1 1 0 1 1 1 1 1 1 1 0 0 1 1 0 1 1]
At 24601/30000: COST 0.005/3.914(0.034) -- Acc 1.000/0.490(0.991)
[1 1 0 0 1 1 1 1 1 1 0 1 1 0 0 1 0 0 0 1 1 0 1 1 1 1 1 0 1 1 1 1 1 1 1 1 1
 0 1 0 1 1 0 0 1 1 0 1 1 1 1 1 1 1 0 1 1 0 0 0 0 1 1 0 1 0 1 1 0 1 1 1 1 0
 1 1 0 1 1 1 1 0 1 0 1 1 1 1 1 1 1 0 0 1 1 1 0 0 1 1]
At 24701/30000: COST 0.003/3.540(0.022) -- Acc 1.000/0.460(0.994)
[0 1 1 1 0 1 1 1 0 0 1 1 1 1 1 0 0 1 0 0 1 0 1 1 1 1 1 1 0 0 1 0 1 0 1 0 1
 0 0 0 1 1 1 1 0 1 0 1 1 0 1 1 1 1 1 1 1 0 0 1 0 1 1 0 1 0 0 1 1 0 1 1 0 0
 1 0 0 1 1 1 1 1 1 1 1 1 0 1 0 1 0 1 1 1 0 1 0 1 1 1]
At 24801/30000: COST 0.001/3.916(0.010) -- Acc 1.000/0.490(0.998)
[1 0 0 1 1 1 1 1 0 1 1 0 1 0 1 0 1 0 1 1 0 1 1 1 0 1 1 1 1 1 1 0 1 0 0 1 0
 0 1 0 0 0 1 1 0 0 1 1 1 1 0 0 1 0 0 1 1 1 0 1 1 0 1 0 0 0 1 1 1 1 1 0 1 1
 0 1 1 1 1 0 1 0 1 1 1 0 0 1 1 0 1 1 1 1 1 1 1 0 1 0]
At 24901/30000: COST 0.001/4.247(0.005) -- Acc 1.000/0.480(0.999)
[1 0 1 1 1 1 0 0 1 1 1 0 0 0 1 1 0 0 1 1 1 1 1 1 1 1 1 0 0 1 1 1 1 1 0 1 1
 0 1 1 1 0 1 1 1 1 1 1 1 0 1 1 1 0 1 0 0 0 1 0 0 0 1 1 0 0 1 1 1 1 1 0 0 0
 1 0 1 0 1 1 1 0 1 1 1 1 0 0 1 0 1 1 1 0 1 1 1 0 1 0]
At 25001/30000: COST 0.000/4.206(0.003) -- Acc 1.000/0.500(0.999)
[1 1 0 1 1 1 1 1 1 1 1 0 1 1 1 1 1 1 0 1 1 1 1 1 1 0 0 0 1 1 0 1 0 1 1 1 0
 1 0 1 1 1 0 0 1 0 1 0 1 0 0 1 0 1 1 0 0 1 1 0 1 0 1 1 0 0 0 1 1 1 0 1 0 0
 1 1 1 0 1 1 0 0 1 1 1 1 1 0 0 1 1 1 0 0 0 1 1 1 1 0]
At 25101/30000: COST 0.001/4.386(0.002) -- Acc 1.000/0.470(1.000)
[0 1 0 1 0 1 1 1 0 0 1 0 0 1 1 0 0 0 1 0 1 1 0 0 1 1 1 1 1 1 1 1 1 1 0 1 0
 1 0 0 0 1 1 0 0 1 1 1 0 1 0 1 1 1 1 0 1 0 1 1 1 1 1 0 0 0 0 1 0 0 0 1 1 1
 1 1 1 0 0 1 1 1 1 0 1 1 1 1 1 1 1 1 0 0 1 1 1 1 1 1]
At 25201/30000: COST 0.000/4.486(0.001) -- Acc 1.000/0.490(1.000)
[1 1 1 0 1 0 0 1 1 1 1 1 1 0 0 1 0 1 1 0 1 1 1 1 1 1 1 0 1 1 1 1 1 0 0 1 1
 1 1 0 1 0 0 0 0 0 0 1 0 0 1 1 1 1 0 1 1 1 0 1 1 1 0 1 0 1 0 1 1 1 1 0 1 0
 1 0 1 0 1 0 1 0 0 1 1 1 0 0 0 1 1 1 1 1 1 1 0 0 0 0]
At 25301/30000: COST 0.000/4.688(0.001) -- Acc 1.000/0.490(1.000)
[1 1 0 1 0 0 0 0 1 0 0 1 1 0 0 0 1 0 1 1 0 1 1 0 0 1 1 0 0 0 1 1 0 0 1 1 1
 0 1 1 1 1 1 1 0 1 1 1 1 0 1 0 1 1 1 1 1 1 0 1 1 0 1 1 1 1 0 1 0 0 0 1 1 0
 0 1 1 1 1 1 1 1 1 1 0 1 0 0 1 1 1 0 1 1 0 1 1 1 1 1]
At 25401/30000: COST 0.000/4.488(0.001) -- Acc 1.000/0.510(1.000)
[1 0 1 1 1 1 1 1 0 1 1 0 0 1 1 1 1 1 1 1 0 1 1 0 1 0 1 0 1 0 0 1 1 1 0 1 0
 1 0 0 1 1 0 1 0 1 1 0 1 0 1 1 1 0 0 1 0 1 0 0 1 0 1 1 0 1 0 1 1 0 1 0 0 0
 1 1 1 0 1 1 0 0 1 1 0 1 1 1 1 1 1 1 0 1 0 1 0 1 1 1]
At 25501/30000: COST 0.000/4.648(0.001) -- Acc 1.000/0.480(1.000)
[0 1 1 1 1 1 0 0 1 1 1 1 1 1 0 1 0 0 1 1 1 0 1 1 1 1 0 1 1 1 0 1 1 0 1 1 1
 0 0 1 0 0 1 0 1 1 1 1 1 1 1 1 1 1 0 0 1 1 1 0 0 0 1 0 0 1 1 1 0 0 1 0 0 1
 1 1 1 0 1 0 0 1 0 0 0 1 1 0 1 1 0 0 1 1 0 1 1 1 0 1]
At 25601/30000: COST 0.001/4.791(0.001) -- Acc 1.000/0.480(1.000)
[0 1 0 1 0 0 1 1 0 0 0 0 1 1 0 1 1 1 1 0 1 0 1 0 1 1 0 1 1 1 1 1 0 1 1 1 1
 0 1 1 1 0 1 0 1 1 1 1 1 1 1 0 1 1 1 1 1 0 1 1 0 0 1 1 1 1 0 1 1 1 1 0 1 1
 0 0 0 1 1 1 0 1 1 0 1 1 0 0 1 0 0 1 1 1 1 1 1 0 1 1]
At 25701/30000: COST 0.002/4.759(0.001) -- Acc 1.000/0.460(1.000)
[0 1 1 0 1 0 0 1 1 1 0 1 1 0 1 0 0 0 1 1 0 0 0 1 1 0 0 0 1 1 0 1 1 0 1 0 1
 1 0 1 1 1 1 0 0 1 0 1 1 1 0 1 1 0 1 1 0 0 0 0 1 1 1 0 1 1 1 1 0 1 0 1 1 1
 0 1 0 1 1 1 1 1 1 1 0 0 0 1 1 1 1 1 1 1 1 1 1 1 1 1]
At 25801/30000: COST 0.084/2.321(0.068) -- Acc 0.980/0.490(0.980)
[1 0 1 0 1 1 1 1 1 0 1 0 1 0 0 1 0 0 1 1 1 0 1 0 1 1 1 1 0 1 1 1 1 1 1 0 1
 1 0 1 1 1 0 1 0 0 1 1 0 1 0 0 1 0 1 1 0 1 1 1 1 1 1 1 1 0 1 1 1 0 1 1 1 0
 1 1 1 0 1 1 1 0 0 0 0 1 1 0 0 0 1 1 0 0 0 0 1 1 1 1]
At 25901/30000: COST 0.005/3.085(0.035) -- Acc 1.000/0.510(0.990)
[1 1 1 1 1 1 1 1 1 0 1 0 0 0 0 1 1 0 1 1 0 1 0 1 1 1 1 1 1 1 0 1 1 1 0 1 1
 1 1 1 1 0 0 1 0 1 0 1 1 1 1 0 0 1 0 1 1 1 1 1 1 1 1 1 1 1 1 0 1 0 1 1 0 1
 1 1 0 0 1 0 1 1 1 1 1 0 1 1 0 1 0 1 0 1 0 0 0 0 1 0]
At 26001/30000: COST 0.007/3.758(0.016) -- Acc 1.000/0.470(0.995)
[0 1 1 1 1 0 0 1 1 0 1 1 1 1 0 1 1 1 0 1 1 1 0 1 1 1 1 1 1 1 1 0 0 0 0 0 1
 1 0 1 1 1 0 1 0 0 0 1 1 0 1 1 0 1 1 1 1 1 1 1 1 1 0 1 0 1 1 1 1 1 1 1 1 1
 0 0 1 0 0 1 1 0 0 1 0 0 1 1 1 0 1 0 1 0 1 0 1 1 1 0]
At 26101/30000: COST 0.002/4.085(0.008) -- Acc 1.000/0.490(0.998)
[1 0 0 0 1 1 1 1 1 1 1 0 1 0 1 0 0 0 1 0 0 0 0 0 1 1 1 1 1 1 1 1 0 1 1 1 1
 1 1 1 0 1 0 1 1 0 1 1 1 0 0 1 0 1 0 1 1 1 0 1 1 1 1 1 1 0 1 0 1 1 0 1 1 0
 1 1 0 1 0 0 0 1 1 1 1 1 0 0 1 1 0 1 0 0 1 1 1 1 1 0]
At 26201/30000: COST 0.001/4.252(0.004) -- Acc 1.000/0.510(0.999)
[1 1 0 1 1 0 0 1 1 0 1 0 0 1 1 1 1 1 0 1 0 1 1 1 0 1 0 0 1 1 1 0 1 0 1 1 0
 0 1 1 0 1 0 1 0 0 0 1 0 1 1 1 0 1 0 1 1 1 1 0 0 1 0 1 0 1 1 1 1 1 1 0 0 1
 1 1 1 0 1 1 0 0 0 1 1 0 1 1 0 1 1 0 1 1 1 1 1 1 1 1]
At 26301/30000: COST 0.002/4.539(0.003) -- Acc 1.000/0.510(1.000)
[1 0 1 1 0 1 1 1 0 1 0 1 1 1 1 1 0 1 0 1 1 1 0 1 0 0 1 1 0 0 1 0 0 1 1 1 1
 1 1 1 0 1 0 1 0 0 1 1 1 0 1 1 1 1 1 0 1 1 0 1 1 1 0 1 0 0 1 1 1 0 1 0 0 1
 0 1 1 0 1 1 1 1 0 1 0 0 1 0 1 1 0 1 1 1 1 1 1 0 1 1]
At 26401/30000: COST 0.000/4.576(0.002) -- Acc 1.000/0.490(1.000)
[1 1 1 0 0 0 0 0 0 0 0 1 1 1 0 1 0 1 1 1 0 1 1 0 1 1 1 0 0 1 1 0 1 1 1 0 1
 1 0 1 1 0 0 1 0 0 1 1 1 1 1 0 1 1 0 1 1 1 0 0 0 1 1 1 0 1 1 1 0 1 1 1 1 1
 0 1 1 1 0 1 1 0 0 0 1 0 1 0 1 0 0 1 1 0 1 0 1 1 1 1]
At 26501/30000: COST 0.001/4.586(0.001) -- Acc 1.000/0.520(1.000)
[0 1 1 1 0 0 1 1 0 1 1 0 1 1 0 1 1 1 1 1 1 1 0 1 0 1 0 0 1 1 1 0 0 1 1 0 0
 1 1 1 0 1 0 1 1 1 1 1 0 1 1 0 1 1 1 0 0 0 0 1 0 1 1 1 0 1 1 1 1 1 0 1 1 0
 1 1 0 1 0 1 0 1 1 1 0 0 1 0 1 1 0 0 0 1 1 1 1 0 1 1]
At 26601/30000: COST 0.001/4.826(0.001) -- Acc 1.000/0.490(1.000)
[1 0 1 1 1 1 1 1 1 1 1 0 1 1 1 0 1 1 1 1 0 1 1 0 1 0 1 1 1 0 0 0 0 1 0 0 0
 1 1 0 1 0 1 1 1 0 1 1 0 0 1 1 1 0 1 0 0 0 0 0 1 0 1 0 0 1 1 1 1 1 0 0 1 1
 1 1 1 1 0 0 0 1 1 1 1 1 1 1 1 0 1 1 1 1 0 1 1 0 1 0]
At 26701/30000: COST 0.001/4.910(0.001) -- Acc 1.000/0.510(1.000)
[0 1 0 0 1 1 1 1 0 1 0 0 1 0 1 1 1 0 1 1 0 0 1 1 1 1 1 1 0 0 0 0 0 0 1 1 1
 0 1 1 0 1 1 1 1 1 1 1 0 0 0 0 1 1 0 0 1 1 1 1 1 1 1 1 0 1 0 0 1 0 1 1 1 1
 1 1 1 1 0 0 0 1 0 1 1 0 1 0 1 1 0 1 1 0 0 1 0 0 0 1]
At 26801/30000: COST 0.048/2.019(0.058) -- Acc 1.000/0.470(0.984)
[0 1 0 0 0 0 0 0 0 0 1 1 1 1 0 1 0 0 0 1 1 0 1 1 1 1 0 1 1 1 1 0 1 1 0 0 1
 1 1 1 0 1 1 1 1 0 1 1 0 1 1 0 1 1 1 1 0 1 0 1 0 0 1 0 1 1 0 0 0 1 1 1 0 1
 0 1 1 1 1 1 1 0 1 0 1 1 1 1 1 1 1 1 1 0 1 1 1 1 1 1]
At 26901/30000: COST 0.004/3.089(0.032) -- Acc 1.000/0.460(0.992)
[1 1 0 0 0 1 1 1 1 0 1 1 1 0 0 1 1 0 0 1 1 0 1 1 1 1 1 1 1 1 1 1 0 1 0 0 1
 1 1 0 0 1 1 1 1 1 0 1 0 1 0 0 1 1 0 1 0 1 1 1 0 1 0 0 1 1 1 1 1 1 0 1 1 1
 0 0 1 1 1 0 1 1 1 1 0 0 0 0 0 1 1 0 1 1 1 1 0 1 0 0]
At 27001/30000: COST 0.001/3.475(0.014) -- Acc 1.000/0.470(0.997)
[1 0 0 1 1 0 0 1 1 0 1 0 1 1 0 0 0 0 1 0 1 0 1 1 0 0 1 1 0 1 1 1 1 1 1 0 1
 1 0 1 1 1 0 1 1 1 1 1 1 1 1 0 0 1 0 1 1 0 1 1 1 1 0 1 1 0 1 1 1 1 1 1 1 1
 1 1 1 1 1 1 1 0 1 0 0 0 0 1 1 0 0 1 0 0 1 0 1 0 1 1]
At 27101/30000: COST 0.002/3.986(0.007) -- Acc 1.000/0.460(0.998)
[1 1 1 1 1 0 1 0 1 1 1 1 1 0 0 1 1 1 0 1 0 0 0 1 0 1 1 1 1 1 1 1 1 1 0 0 1
 1 1 0 1 1 1 1 0 1 1 0 0 1 1 1 0 1 1 0 1 0 1 1 0 1 1 1 0 1 1 0 1 0 1 0 1 0
 1 1 0 1 0 1 1 0 1 1 0 0 1 1 0 0 0 0 0 1 0 0 1 1 1 1]
At 27201/30000: COST 0.016/4.190(0.004) -- Acc 0.990/0.450(0.999)
[1 1 1 0 1 0 0 0 0 0 1 1 1 1 1 1 1 1 0 0 1 0 1 1 1 1 0 1 1 1 1 0 0 0 0 1 1
 0 1 1 1 1 0 0 1 1 1 1 0 1 0 0 0 1 1 1 1 1 1 1 1 0 1 1 1 0 1 0 0 0 1 1 1 1
 0 1 0 1 1 1 0 1 1 1 1 1 0 0 1 1 0 0 1 1 1 1 0 1 1 1]
At 27301/30000: COST 0.001/4.215(0.002) -- Acc 1.000/0.430(1.000)
[0 0 0 0 0 1 1 1 1 1 1 1 0 0 1 1 1 0 1 0 1 1 1 1 1 0 1 0 1 1 1 0 1 1 0 1 1
 1 1 0 1 0 1 1 1 1 1 1 1 0 1 0 1 0 0 0 1 1 0 1 1 1 1 1 1 0 0 0 0 1 1 1 0 1
 1 1 0 1 0 1 1 1 0 0 1 0 1 0 0 0 0 1 1 1 1 1 0 0 1 1]
At 27401/30000: COST 0.001/4.183(0.002) -- Acc 1.000/0.440(1.000)
[0 1 1 1 1 0 1 0 1 1 0 0 1 1 0 1 1 1 1 1 0 0 0 0 1 1 1 1 1 1 0 1 0 1 1 0 0
 0 0 1 1 1 1 0 1 0 0 1 1 1 1 1 0 1 1 0 1 0 1 0 0 0 0 1 0 1 1 1 1 1 1 1 1 1
 1 0 1 1 1 1 1 1 0 1 0 0 1 1 1 1 0 1 1 0 1 0 0 1 1 1]
At 27501/30000: COST 0.001/4.247(0.001) -- Acc 1.000/0.460(1.000)
[0 1 1 1 1 1 1 1 1 1 1 1 0 1 0 1 1 0 1 0 1 1 1 0 0 0 1 0 1 1 1 1 1 0 1 0 0
 1 1 1 0 1 0 0 1 1 0 1 0 1 1 1 1 1 0 1 0 1 0 1 1 1 0 0 1 1 1 1 1 0 1 0 1 1
 1 0 0 0 1 1 1 0 0 1 0 0 0 0 0 0 0 0 1 1 0 1 1 0 0 0]
At 27601/30000: COST 0.000/4.430(0.001) -- Acc 1.000/0.480(1.000)
[1 1 1 0 0 1 1 1 1 0 1 1 1 1 0 1 0 1 0 1 0 1 1 1 0 0 0 1 1 1 1 1 1 1 0 0 0
 0 0 0 0 1 1 1 1 0 1 1 1 1 1 0 1 0 1 1 1 1 1 1 1 1 0 1 0 1 1 0 1 1 1 1 0 0
 1 0 1 1 0 0 1 1 0 0 1 0 1 1 0 0 1 1 0 1 0 1 1 0 1 1]
At 27701/30000: COST 0.000/4.502(0.001) -- Acc 1.000/0.470(1.000)
[1 0 1 1 0 0 1 1 0 1 1 1 1 1 1 0 1 1 0 1 1 1 1 1 1 1 0 1 1 0 0 1 1 1 1 1 0
 1 0 0 1 1 0 0 1 1 1 1 0 0 1 0 0 1 0 1 0 0 1 1 1 0 0 1 0 1 0 0 1 0 1 0 1 0
 1 1 0 1 0 0 0 0 0 1 1 1 1 1 0 1 1 1 1 1 0 1 0 0 0 0]
At 27801/30000: COST 0.000/4.729(0.001) -- Acc 1.000/0.460(1.000)
[1 1 0 1 0 1 1 1 1 1 1 0 1 1 0 1 1 1 0 1 1 1 0 1 1 0 1 1 0 0 0 0 0 1 1 1 1
 1 1 1 0 1 1 1 1 1 0 0 1 1 1 0 0 0 0 1 0 0 1 0 1 0 1 0 1 0 1 1 1 0 1 0 1 1
 1 0 1 1 1 1 0 0 1 1 1 1 1 0 1 0 1 0 0 1 1 1 1 0 0 1]
At 27901/30000: COST 0.000/4.634(0.001) -- Acc 1.000/0.470(1.000)
[1 1 1 0 1 1 1 1 1 1 1 0 1 1 0 0 1 1 1 0 1 0 0 1 0 1 1 1 0 0 1 0 0 0 0 0 1
 1 1 1 0 1 1 1 0 1 1 0 1 0 1 1 0 1 0 0 1 0 1 1 0 0 0 1 0 1 1 1 1 1 1 1 1 0
 0 1 1 1 1 1 0 1 0 1 1 1 1 0 1 1 1 0 1 1 0 0 1 0 1 1]
At 28001/30000: COST 0.000/4.940(0.001) -- Acc 1.000/0.470(1.000)
[1 1 0 1 0 0 1 1 1 1 1 1 1 1 0 0 1 1 0 1 0 0 0 1 1 1 1 1 1 1 0 0 1 1 1 1 1
 1 0 1 1 1 1 0 1 1 0 0 0 1 0 0 0 1 1 1 1 1 1 1 0 1 0 1 1 1 1 1 1 1 0 0 1 0
 1 1 1 0 1 1 1 1 0 1 1 1 0 1 1 1 0 0 1 0 0 0 0 0 0 1]
At 28101/30000: COST 0.000/5.038(0.001) -- Acc 1.000/0.480(1.000)
[1 0 0 1 1 1 1 1 1 1 0 0 1 1 0 1 1 1 1 1 1 1 1 1 1 0 1 0 1 1 1 1 0 0 0 1 0
 1 1 1 1 1 1 1 1 1 0 0 0 0 1 1 0 1 1 1 0 1 1 0 1 0 1 1 1 1 1 0 1 1 0 1 1 1
 0 1 1 1 0 1 0 1 1 0 0 0 0 0 0 0 1 1 0 1 1 1 0 0 1 0]
At 28201/30000: COST 0.000/4.939(0.000) -- Acc 1.000/0.440(1.000)
[1 1 0 0 1 1 0 0 0 1 0 1 0 0 1 1 1 1 0 0 0 1 0 1 0 1 0 0 0 1 1 1 1 1 0 1 0
 0 1 1 0 0 1 0 1 1 0 0 1 0 0 0 0 1 1 1 1 1 0 1 1 1 1 1 0 1 1 1 1 1 1 1 1 0
 1 0 1 1 1 1 1 1 1 0 1 0 0 1 0 1 1 0 0 1 0 1 1 1 1 0]
At 28301/30000: COST 0.000/5.016(0.001) -- Acc 1.000/0.470(1.000)
[1 0 0 1 1 1 0 1 1 1 1 1 0 1 0 0 0 1 1 1 0 1 1 1 0 0 1 0 1 1 1 1 0 0 0 0 0
 1 1 0 1 0 0 0 1 1 1 0 0 0 1 1 1 0 1 0 0 0 0 0 1 0 0 0 0 1 1 1 1 0 1 1 0 0
 1 1 1 1 1 0 1 1 0 1 1 1 1 1 1 0 0 1 1 1 1 1 1 1 1 1]
At 28401/30000: COST 0.001/5.160(0.000) -- Acc 1.000/0.470(1.000)
[1 1 0 1 1 1 1 1 0 1 0 0 1 1 1 1 1 0 1 1 0 1 1 1 0 0 1 1 1 1 1 0 0 1 1 1 1
 0 1 1 0 0 1 1 0 1 1 1 0 1 1 0 0 1 1 0 0 1 1 1 1 0 0 0 0 0 0 1 1 1 0 1 1 1
 0 0 0 1 1 1 0 0 1 1 1 1 0 0 1 0 0 1 1 0 1 0 1 0 1 1]
At 28501/30000: COST 0.000/5.230(0.000) -- Acc 1.000/0.510(1.000)
[1 1 1 0 0 0 1 0 1 1 0 1 0 0 1 1 1 1 1 1 1 1 1 1 1 1 1 1 0 0 1 0 1 0 0 1 1
 0 0 0 1 0 0 0 1 1 1 1 1 0 0 0 1 0 1 0 1 1 0 1 1 0 1 1 1 0 1 1 1 1 1 0 1 1
 1 1 1 0 1 1 0 0 0 1 0 1 1 0 0 1 1 1 1 1 0 1 1 0 1 0]
At 28601/30000: COST 0.000/5.414(0.000) -- Acc 1.000/0.520(1.000)
[1 1 1 1 0 1 1 1 1 0 1 0 1 0 1 1 1 0 1 1 0 1 0 0 0 1 1 1 1 0 0 1 0 1 1 1 0
 0 1 1 1 0 1 1 1 1 1 1 0 1 1 0 1 0 1 0 1 1 1 1 1 0 1 1 1 1 1 1 1 1 1 1 1 0
 0 0 1 1 1 1 0 0 1 0 1 0 0 0 1 0 1 1 0 1 0 0 1 1 0 1]
At 28701/30000: COST 0.242/1.473(0.091) -- Acc 0.920/0.450(0.973)
[0 0 1 1 0 0 0 1 1 1 1 1 1 0 1 0 1 0 0 1 0 1 1 1 0 1 1 1 1 1 1 1 1 1 0 0 0
 0 0 0 0 1 1 1 0 1 0 1 1 0 1 1 0 1 0 1 1 1 1 1 0 1 1 1 0 0 1 1 0 0 1 1 0 0
 1 1 1 1 0 0 0 0 0 1 1 1 1 1 1 1 1 1 0 1 1 1 0 1 1 1]
At 28801/30000: COST 0.013/2.717(0.072) -- Acc 1.000/0.500(0.978)
[0 1 0 1 0 0 1 1 0 1 1 0 0 0 1 1 1 1 0 1 0 1 0 1 0 0 1 1 1 1 0 1 0 1 1 0 0
 1 1 1 1 1 0 1 0 1 0 1 0 0 1 1 0 0 1 0 1 0 0 1 1 1 0 1 0 1 1 0 1 1 0 1 1 1
 1 0 1 0 1 1 1 1 1 0 0 1 1 1 1 1 1 0 1 1 1 1 0 0 1 1]
At 28901/30000: COST 0.026/2.783(0.040) -- Acc 0.990/0.430(0.988)
[1 0 1 0 1 1 0 0 1 0 1 1 1 1 0 1 1 1 1 1 1 1 1 1 0 0 0 0 1 0 0 0 1 1 1 0 1
 1 0 1 0 0 1 1 1 1 1 1 1 1 1 0 1 0 1 1 0 0 1 0 0 1 1 1 1 1 0 1 1 1 0 1 1 1
 1 1 1 0 1 1 1 1 1 1 1 1 0 1 0 1 1 1 1 1 0 0 1 1 1 0]
At 29001/30000: COST 0.004/3.114(0.020) -- Acc 1.000/0.480(0.995)
[0 0 0 1 1 0 0 1 0 0 1 0 0 1 1 1 1 1 1 1 1 1 0 1 1 0 1 1 1 1 1 1 1 1 0 0 1
 0 0 1 0 0 1 1 1 0 0 1 0 1 1 0 1 1 0 1 1 1 1 1 1 1 1 1 0 1 1 1 1 0 1 0 0 1
 1 0 1 1 0 0 0 1 1 1 1 1 0 1 1 1 1 1 0 1 0 1 1 1 1 1]
At 29101/30000: COST 0.002/3.438(0.009) -- Acc 1.000/0.500(0.998)
[1 1 0 1 1 0 1 1 0 0 0 1 1 1 0 1 1 1 1 0 1 1 1 1 0 1 1 1 0 0 1 1 1 1 0 0 0
 1 0 1 1 0 1 0 0 1 1 1 0 0 1 1 1 1 0 1 0 1 1 1 0 1 0 1 0 0 0 1 1 0 1 1 1 1
 1 0 0 0 1 1 0 1 1 1 0 0 1 1 0 0 1 0 1 1 1 0 1 1 1 1]
At 29201/30000: COST 0.001/4.046(0.004) -- Acc 1.000/0.480(0.999)
[1 0 1 0 1 1 1 0 0 1 1 0 0 1 1 1 0 1 1 1 0 0 1 0 1 0 1 1 1 0 1 0 1 1 1 1 1
 0 1 1 1 0 1 0 1 1 1 0 1 1 1 0 1 1 1 1 1 1 0 1 1 1 1 0 0 1 1 0 0 1 1 1 1 1
 1 0 1 1 1 0 1 1 1 0 0 0 0 0 1 0 1 1 1 0 0 1 1 1 0 0]
At 29301/30000: COST 0.000/4.003(0.003) -- Acc 1.000/0.500(1.000)
[0 0 1 1 1 1 1 1 1 1 0 1 0 0 1 1 0 1 0 1 1 0 0 1 1 0 0 1 0 0 1 1 0 1 1 1 0
 1 0 0 1 1 1 1 1 0 0 1 1 1 1 1 0 0 1 1 1 1 1 0 1 1 1 1 0 1 1 1 1 1 1 0 1 1
 0 1 1 1 0 1 0 1 1 1 0 0 0 1 1 1 1 1 1 1 0 0 1 1 1 1]
At 29401/30000: COST 0.001/4.151(0.002) -- Acc 1.000/0.490(1.000)
[0 1 0 1 1 1 1 1 1 1 1 1 1 1 1 0 1 0 1 0 0 1 0 0 0 0 1 1 1 0 1 0 1 1 0 1 1
 1 0 1 1 1 1 0 1 0 0 1 0 0 0 1 0 1 0 1 1 1 1 0 1 1 1 1 1 0 1 0 0 0 1 1 0 0
 0 0 1 1 1 1 0 0 1 1 1 0 1 0 1 1 0 1 1 1 0 1 0 1 0 1]
At 29501/30000: COST 0.002/4.480(0.001) -- Acc 1.000/0.500(1.000)
[1 1 0 1 0 1 0 1 0 1 1 0 1 0 1 1 0 1 0 1 1 1 0 1 1 1 1 1 1 0 1 1 0 1 0 0 0
 1 1 1 0 1 1 1 1 1 1 1 1 1 0 1 1 1 0 0 1 0 1 1 0 1 0 1 0 1 0 1 1 1 1 0 0 1
 1 1 1 1 1 0 1 0 1 1 1 1 1 1 1 0 0 1 1 1 0 0 1 0 0 0]
At 29601/30000: COST 0.109/3.685(0.003) -- Acc 0.990/0.450(0.999)
[1 0 1 0 1 0 1 1 1 1 1 1 1 1 1 1 1 0 0 0 0 0 1 1 1 0 1 1 1 1 0 1 1 1 1 1 1
 1 1 0 0 1 1 0 1 0 0 0 0 1 1 1 1 0 0 0 0 1 0 1 0 0 1 1 1 1 0 0 1 1 1 0 1 1
 1 1 1 0 0 1 1 0 1 0 1 0 0 1 1 1 0 1 1 1 0 1 0 0 1 1]
At 29701/30000: COST 0.007/3.233(0.045) -- Acc 1.000/0.500(0.988)
[0 1 1 1 1 1 1 0 1 0 0 1 0 1 1 0 1 1 1 0 1 1 0 0 1 0 0 0 1 1 1 1 1 0 1 1 1
 0 1 1 1 0 0 1 0 0 1 1 0 0 1 0 1 1 1 1 0 1 0 1 1 1 1 1 1 1 0 0 1 0 0 1 1 0
 0 1 1 0 1 1 0 1 1 1 1 1 1 0 1 0 0 1 1 0 1 1 1 1 0 0]
At 29801/30000: COST 0.004/4.083(0.028) -- Acc 1.000/0.500(0.993)
[1 0 1 0 1 1 1 0 1 1 0 0 1 1 1 1 0 1 1 0 1 0 1 1 1 1 1 0 0 0 0 1 0 1 0 1 1
 0 1 0 1 0 0 0 1 1 1 1 1 0 1 0 0 1 0 1 1 1 1 1 1 1 1 1 0 1 1 0 0 1 0 1 1 1
 0 0 1 0 1 0 1 1 1 0 1 1 1 1 1 0 1 1 0 0 1 1 0 1 1 1]
At 29901/30000: COST 0.002/4.364(0.013) -- Acc 1.000/0.470(0.997)
