[1 1 1 1 1 1 1 1 0 1 1 1 1 1 0 1 0 1 1 1 1 1 1 1 1 1 1 1 0 1 1 1 1 1 1 1 1
 0 1 1 1 1 0 1 1 1 1 1 0 1 0 1 1 1 1 1 1 1 1 1 1 1 1 1 1 1 1 1 1 1 1 1 0 1
 1 1 1 1 1 1 1 1 1 0 1 1 1 1 1 1 1 1 1 1 1 1 1 1 1 1]
 Training accuracy at 0 out of 20000 is 0.482(0.490),cost is 44.688(0.755)
[0 1 1 1 1 0 0 1 0 0 0 1 1 1 0 1 0 1 1 0 1 1 1 1 0 1 1 1 0 0 1 1 0 1 0 1 0
 0 1 1 0 1 0 1 1 1 1 0 0 1 0 1 0 1 1 0 1 1 1 1 1 0 1 1 0 1 1 1 0 1 1 1 0 1
 1 1 1 1 1 1 0 1 1 0 0 1 0 1 0 1 0 1 1 1 0 1 1 1 1 1]
 Training accuracy at 100 out of 20000 is 0.483(0.550),cost is 42.451(0.724)
[0 1 1 0 0 0 0 1 0 0 0 1 1 1 0 1 0 0 1 0 0 0 0 1 0 1 1 1 0 0 1 1 0 1 0 0 0
 0 1 1 0 1 0 1 0 0 1 0 0 0 0 1 0 1 0 0 1 1 0 1 1 0 0 1 0 1 0 1 0 1 0 1 0 0
 0 0 1 1 1 1 0 0 0 0 0 1 0 1 0 0 0 1 1 1 0 1 1 1 1 0]
 Training accuracy at 200 out of 20000 is 0.497(0.450),cost is 41.845(0.718)
[0 1 0 0 0 0 0 1 0 0 0 1 1 1 0 1 0 0 1 0 0 0 0 1 0 0 1 1 0 0 1 1 0 1 0 0 0
 0 1 1 0 1 0 1 0 0 1 0 0 0 0 0 0 1 0 0 0 1 0 1 1 0 0 1 0 1 0 1 0 1 0 1 0 0
 0 0 1 1 1 1 0 0 0 0 0 1 0 1 0 0 0 1 1 1 0 1 1 1 1 0]
 Training accuracy at 300 out of 20000 is 0.503(0.450),cost is 41.659(0.715)
[0 1 0 0 0 0 0 1 0 0 0 1 1 1 0 1 0 0 1 0 0 0 0 1 0 0 1 1 0 0 1 1 0 1 0 0 0
 0 1 1 0 1 0 1 0 0 1 0 0 0 0 0 0 1 0 0 0 1 0 1 1 0 0 1 0 0 0 1 0 1 0 1 0 0
 0 0 1 1 1 1 0 0 0 0 0 1 0 1 0 0 0 1 1 1 0 1 1 1 1 0]
 Training accuracy at 400 out of 20000 is 0.504(0.460),cost is 41.528(0.714)
[0 1 0 0 0 0 0 1 0 0 0 1 1 1 0 1 0 0 1 0 0 0 0 1 0 0 1 1 0 0 1 1 0 1 0 0 0
 0 1 1 0 1 0 1 0 0 1 0 0 0 0 0 0 1 0 0 0 1 0 1 1 0 0 1 0 0 0 1 0 1 0 1 0 0
 0 0 1 1 1 1 0 0 0 0 0 1 0 1 0 0 0 1 1 1 0 1 1 1 1 0]
 Training accuracy at 500 out of 20000 is 0.505(0.460),cost is 41.403(0.713)
[0 1 0 0 0 0 0 1 0 0 0 1 1 1 0 1 0 0 1 0 0 0 0 1 0 0 1 1 0 0 1 1 0 1 0 0 0
 0 1 1 0 1 0 1 0 0 1 0 0 0 0 0 0 1 0 0 0 1 0 1 1 0 0 1 0 0 0 1 0 1 0 1 0 0
 0 0 1 1 1 1 0 0 0 0 0 1 0 1 0 0 0 1 1 1 0 1 1 1 1 0]
 Training accuracy at 600 out of 20000 is 0.509(0.460),cost is 41.299(0.713)
[0 1 0 0 0 0 0 1 0 0 0 1 1 1 0 1 0 0 1 0 0 0 1 1 0 0 1 1 0 0 1 1 0 1 0 0 0
 0 1 1 0 1 0 1 0 0 1 0 0 0 0 0 0 1 0 0 0 1 0 1 1 0 0 1 0 0 0 1 0 1 1 1 0 0
 0 0 1 1 1 1 0 0 0 0 0 1 0 1 0 0 0 1 1 1 0 1 1 1 1 0]
 Training accuracy at 700 out of 20000 is 0.514(0.460),cost is 41.196(0.712)
[0 1 0 0 0 0 0 1 0 0 0 1 1 1 0 1 0 0 1 0 0 0 1 1 0 0 1 1 0 0 1 1 0 1 0 0 0
 0 1 1 0 1 0 1 0 0 1 0 0 0 0 0 0 1 0 0 0 1 0 1 1 0 0 1 0 0 0 1 0 1 1 1 0 0
 0 0 1 1 1 1 0 0 0 0 0 1 0 1 0 0 0 1 1 1 0 1 1 1 1 0]
 Training accuracy at 800 out of 20000 is 0.516(0.460),cost is 41.105(0.712)
[0 1 0 0 0 0 0 1 0 0 0 1 1 1 0 1 0 0 1 0 0 0 1 1 0 0 1 1 0 0 1 1 0 1 0 0 0
 0 1 1 0 1 0 1 0 0 1 0 0 0 0 0 0 1 0 0 0 1 0 1 1 0 0 1 0 0 0 1 0 1 1 1 0 0
 0 0 1 1 1 1 0 0 0 0 0 1 0 1 0 0 0 1 1 1 0 1 1 1 1 0]
 Training accuracy at 900 out of 20000 is 0.519(0.460),cost is 41.007(0.711)
[0 1 0 0 0 1 0 1 0 0 0 1 1 1 0 1 0 0 1 0 0 0 1 1 0 0 1 1 0 0 1 1 0 1 0 0 0
 0 1 1 0 1 0 1 0 0 1 0 0 0 0 0 0 1 0 0 0 1 0 1 1 0 0 1 0 0 0 1 0 1 1 1 0 0
 0 0 1 1 1 1 0 0 0 0 0 1 0 1 0 0 0 1 1 1 0 1 1 1 1 0]
 Training accuracy at 1000 out of 20000 is 0.519(0.470),cost is 40.932(0.709)
[0 1 0 0 0 1 0 1 0 0 0 1 1 1 0 1 0 0 1 0 0 0 1 1 1 0 1 1 0 0 1 1 0 1 0 0 0
 0 1 1 0 1 0 1 0 0 1 0 0 0 0 0 0 1 0 0 0 1 0 1 1 0 0 1 0 0 0 1 0 1 1 1 0 0
 0 0 1 1 1 1 0 0 0 0 0 1 0 1 0 0 0 1 1 1 0 1 1 1 1 0]
 Training accuracy at 1100 out of 20000 is 0.522(0.460),cost is 40.859(0.708)
[0 1 0 0 0 1 0 1 0 0 0 1 1 1 0 1 0 0 1 0 0 0 1 1 0 0 1 0 0 0 1 1 0 1 0 0 0
 0 1 1 0 1 0 1 0 0 1 0 0 0 0 0 0 1 0 0 0 1 0 1 1 0 0 1 0 0 0 1 0 1 1 1 0 0
 0 0 1 1 1 1 0 0 0 0 0 1 0 1 0 0 0 1 1 1 0 1 1 1 1 0]
 Training accuracy at 1200 out of 20000 is 0.527(0.480),cost is 40.794(0.708)
[0 1 0 0 0 1 0 1 0 0 0 1 1 1 0 1 0 0 1 0 0 1 1 1 1 1 1 1 0 0 1 1 0 1 0 0 0
 0 1 1 0 1 0 1 0 0 1 0 0 0 0 0 0 1 0 0 0 1 0 1 1 0 0 1 0 0 0 1 0 1 1 1 0 0
 0 0 1 1 1 1 0 0 0 0 0 1 0 1 0 0 0 1 1 1 0 1 1 1 1 0]
 Training accuracy at 1300 out of 20000 is 0.525(0.460),cost is 40.737(0.708)
[0 1 0 0 0 1 0 1 0 0 0 1 1 1 0 1 0 0 1 0 0 0 1 1 1 0 1 0 0 0 1 1 0 1 0 0 0
 0 1 1 0 1 0 1 0 0 1 0 0 0 0 0 0 1 0 0 0 1 0 1 1 0 0 1 0 0 0 1 0 1 1 1 0 0
 0 0 1 1 1 1 0 0 0 0 0 1 0 1 0 0 0 1 1 1 0 1 1 1 1 0]
 Training accuracy at 1400 out of 20000 is 0.529(0.470),cost is 40.674(0.707)
[0 1 0 0 0 1 0 1 0 0 0 1 1 1 0 1 0 0 1 0 0 1 1 1 1 0 1 0 0 0 1 1 0 1 0 0 0
 0 1 1 0 1 0 1 0 0 1 0 0 0 0 0 0 1 0 0 0 1 0 1 1 0 0 1 0 0 0 1 0 1 1 1 0 0
 0 0 1 1 1 1 0 0 0 0 0 1 0 1 0 0 0 1 1 1 0 1 1 1 1 0]
 Training accuracy at 1500 out of 20000 is 0.531(0.480),cost is 40.628(0.706)
[0 1 0 0 0 1 0 1 0 0 0 1 1 1 0 1 0 0 1 0 0 1 1 1 1 0 1 0 0 0 1 1 0 1 0 0 0
 0 1 1 0 1 0 1 0 0 1 0 0 0 0 0 0 1 0 0 0 1 0 1 1 0 0 1 0 0 0 1 0 1 1 1 0 0
 0 0 1 1 0 1 0 0 0 0 0 1 0 1 0 0 0 1 1 1 0 1 1 1 1 0]
 Training accuracy at 1600 out of 20000 is 0.534(0.490),cost is 40.582(0.706)
[0 1 0 0 0 1 0 1 0 0 0 1 1 1 0 1 0 0 1 0 0 1 1 1 1 0 1 0 0 0 1 1 0 1 0 0 0
 0 1 1 0 1 0 1 0 0 1 0 0 0 0 0 0 1 0 0 0 1 0 1 1 0 0 1 0 0 0 1 0 1 1 1 0 0
 0 0 1 1 0 1 0 0 0 0 0 1 0 1 0 0 0 1 1 1 0 1 1 1 1 0]
 Training accuracy at 1700 out of 20000 is 0.537(0.490),cost is 40.534(0.706)
[0 1 0 0 0 1 0 1 0 0 0 1 1 1 0 1 0 0 1 0 0 1 1 1 1 0 1 0 0 0 0 1 0 1 0 0 0
 0 1 1 0 1 0 1 0 0 1 0 0 0 0 0 0 1 0 0 0 1 0 1 1 0 0 1 0 0 0 1 0 1 1 1 0 0
 0 0 1 1 0 1 0 0 0 0 0 1 0 1 0 0 0 1 1 1 0 1 1 1 1 0]
 Training accuracy at 1800 out of 20000 is 0.539(0.500),cost is 40.491(0.706)
[0 1 0 0 0 1 0 1 0 0 0 1 1 1 0 1 0 0 1 0 0 1 1 1 1 0 1 0 0 0 0 1 0 1 0 0 0
 0 1 1 0 1 0 1 0 0 1 0 0 0 0 0 0 1 0 0 0 1 0 1 1 0 0 1 0 0 0 1 0 1 1 1 0 0
 0 0 1 1 0 0 0 0 0 0 0 1 0 1 0 0 0 1 1 1 0 1 1 1 1 0]
 Training accuracy at 1900 out of 20000 is 0.540(0.510),cost is 40.448(0.706)
[0 1 0 0 0 1 0 1 0 0 0 1 1 1 0 1 0 0 1 0 0 1 1 1 1 0 1 0 0 0 0 1 0 1 0 0 0
 0 1 1 0 1 0 1 0 0 0 0 0 0 0 0 0 1 0 0 0 1 0 1 1 0 0 1 0 0 0 1 0 1 1 1 0 0
 0 0 1 1 0 1 0 0 0 0 0 1 0 1 0 0 0 1 1 1 0 1 1 1 1 0]
 Training accuracy at 2000 out of 20000 is 0.544(0.510),cost is 40.409(0.707)
[0 1 0 0 0 1 0 0 0 0 0 1 1 1 0 1 0 0 1 0 0 1 1 1 1 0 1 0 0 0 0 1 0 1 0 0 0
 0 1 1 0 1 0 1 0 0 0 0 0 0 0 0 0 1 0 0 0 1 0 1 1 0 0 1 0 0 0 1 0 0 1 1 0 0
 0 0 1 1 0 1 0 0 0 0 0 1 0 1 0 0 0 0 1 1 0 1 1 1 1 0]
 Training accuracy at 2100 out of 20000 is 0.546(0.500),cost is 40.376(0.707)
[0 1 0 0 0 1 0 0 0 0 0 1 1 1 0 1 0 0 1 0 0 1 1 1 1 0 1 0 0 0 0 1 0 1 0 1 0
 0 1 1 0 1 0 1 0 0 0 0 0 0 0 0 0 1 0 0 0 1 0 1 1 0 0 1 0 0 0 1 0 1 1 1 0 0
 0 0 1 1 0 1 0 0 0 0 0 1 0 1 0 0 0 0 1 1 0 1 1 1 1 0]
 Training accuracy at 2200 out of 20000 is 0.547(0.520),cost is 40.340(0.706)
[0 1 0 0 0 1 0 0 0 0 0 1 1 1 0 0 0 0 1 0 0 1 1 1 1 0 1 0 0 0 0 1 0 1 0 0 0
 0 1 1 0 0 0 1 0 0 0 0 0 0 0 0 0 1 0 0 0 0 0 1 1 0 0 1 0 0 0 1 0 0 1 1 0 0
 0 0 1 1 0 0 0 0 0 0 0 1 0 1 0 0 0 0 1 1 0 1 1 1 1 0]
 Training accuracy at 2300 out of 20000 is 0.547(0.500),cost is 40.308(0.706)
[0 1 0 0 0 1 0 0 0 0 0 1 1 1 0 0 0 0 1 0 0 1 1 1 1 0 1 0 0 0 0 1 0 1 0 1 0
 0 1 1 0 0 0 1 0 0 0 0 0 0 0 0 0 1 0 0 0 0 0 1 1 0 0 1 0 0 0 1 0 0 1 1 0 0
 0 0 1 1 0 1 0 0 0 0 0 1 0 1 0 0 0 0 1 1 0 1 1 1 1 0]
 Training accuracy at 2400 out of 20000 is 0.549(0.500),cost is 40.269(0.706)
[0 1 0 0 0 1 0 1 0 0 0 1 1 1 0 1 0 1 1 0 0 1 1 1 1 0 1 1 0 0 0 1 0 1 0 1 0
 0 1 1 0 1 0 1 0 0 0 1 0 0 0 0 0 1 0 0 0 1 0 1 1 0 0 1 0 0 0 1 0 1 1 1 0 0
 0 0 1 1 0 1 0 0 0 0 0 1 0 1 1 0 0 0 1 1 0 1 1 1 1 0]
 Training accuracy at 2500 out of 20000 is 0.554(0.510),cost is 40.243(0.706)
[0 1 0 0 0 1 0 0 0 0 0 1 1 1 0 0 0 1 1 0 0 1 1 1 1 0 1 0 0 0 0 1 0 1 0 1 0
 0 1 1 0 0 0 0 0 0 0 0 0 0 0 0 0 1 0 0 0 0 0 1 1 0 0 1 0 0 0 1 0 0 1 1 0 0
 0 0 1 1 0 1 0 0 0 0 0 1 0 1 0 0 0 0 1 1 0 1 1 1 1 0]
 Training accuracy at 2600 out of 20000 is 0.553(0.520),cost is 40.207(0.707)
[0 1 0 0 0 1 0 0 0 0 0 1 1 1 0 1 0 1 1 0 0 1 1 0 1 0 1 0 0 0 0 1 0 1 0 1 0
 0 1 1 0 0 0 0 0 0 0 0 0 0 0 0 0 1 0 0 0 0 0 1 1 0 0 1 0 0 0 1 0 0 1 1 0 0
 0 0 1 1 0 1 0 0 0 0 0 1 0 1 0 0 0 0 1 1 0 1 1 1 1 0]
 Training accuracy at 2700 out of 20000 is 0.554(0.500),cost is 40.178(0.707)
[0 1 0 0 0 1 0 0 0 0 0 1 1 1 0 0 0 1 1 0 0 1 1 0 1 0 1 0 0 0 0 1 0 1 0 1 0
 0 1 1 0 0 0 0 0 0 0 0 0 0 0 0 0 1 0 0 0 0 0 1 1 0 0 0 0 0 0 1 0 0 1 1 0 0
 0 0 1 1 0 1 0 0 0 0 0 1 0 1 0 0 0 0 0 1 0 1 1 1 1 0]
 Training accuracy at 2800 out of 20000 is 0.555(0.510),cost is 40.148(0.707)
[0 1 0 0 0 1 0 0 0 0 0 1 1 1 0 1 0 1 1 0 0 1 1 0 1 0 1 0 0 0 0 1 0 1 0 1 0
 0 1 1 0 0 0 0 0 0 0 0 0 0 0 0 0 1 0 0 0 0 0 1 1 0 0 0 0 0 0 1 0 0 1 1 0 0
 0 0 1 1 0 1 0 0 0 0 0 1 0 1 1 0 0 0 0 1 0 1 1 1 1 0]