[[ 0.         -0.24521405 -0.2179281  ...,  0.29157303 -0.19996004
  -0.13602668]
 [ 0.         -0.2179281  -0.03434207 ..., -0.19996004 -0.13602668
  -0.37930576]
 [ 1.         -0.03434207  0.11177545 ..., -0.13602668 -0.37930576
  -0.12538367]
 ..., 
 [ 1.          0.04219069  0.13656874 ...,  0.04356959  0.05425161
  -0.01081237]
 [ 0.          0.13656874 -0.15550192 ...,  0.05425161 -0.01081237
   0.07556234]
 [ 1.         -0.15550192 -0.08420418 ..., -0.01081237  0.07556234
  -0.07499565]]
[[ 0.         -0.08420418 -0.02117914 ...,  0.07556234 -0.07499565
   0.05401728]
 [ 1.         -0.02117914 -0.15963767 ..., -0.07499565  0.05401728
  -0.01076592]
 [ 1.         -0.15963767 -0.05397261 ...,  0.05401728 -0.01076592
   0.01077752]
 ..., 
 [ 1.          0.02269691  0.32917263 ...,  0.12670605  0.68821357
   0.08782141]
 [ 0.          0.32917263  0.10993391 ...,  0.68821357  0.08782141
   0.54154357]
 [ 1.          0.10993391 -0.0108946  ...,  0.08782141  0.54154357
  -0.08249698]]
Train 694 samples in approximately 4322 epochs
Finished computation graph
[0 0 0 0 0 0 0 0 0 0 0 0 0 0 0 0 0 0 0 0 0 0 0 0 0 0 0 0 0 0 0 0 0 0 0 0 0
 0 0 0 0 0 0 0 0 0 0 0 0 0 0 0 0 0 0 0 0 0 0 0 0 0 0 0 0 0 0 0 0 0 0 0 0 0
 0 0 0 0 0 0 0 0 0 0 0 0 0 0 0 0 0 0 0 0 0 0 0 0 0 0]
At     1/30000: COST 0.903/0.728(0.698) -- Acc 0.390/0.510(0.008)
[1 1 1 1 1 1 1 0 1 1 1 1 1 1 1 1 1 1 1 1 1 1 1 1 1 1 1 1 1 1 1 1 1 1 1 1 1
 1 1 1 1 1 1 1 1 1 1 1 1 1 1 1 1 1 1 1 1 1 1 1 1 1 1 1 1 1 1 1 1 1 1 1 1 1
 1 1 1 1 1 1 1 1 1 1 1 1 1 1 0 1 1 1 1 1 1 0 1 1 1 1]
At   101/30000: COST 0.702/0.695(0.699) -- Acc 0.530/0.480(0.328)
[1 1 1 1 1 1 1 1 1 1 1 1 1 1 1 1 1 1 1 1 1 1 1 1 1 1 1 1 1 1 1 1 1 1 1 1 1
 1 1 1 1 1 1 1 1 1 1 1 1 1 1 1 1 1 1 1 1 1 1 1 1 1 1 1 1 1 1 0 1 1 1 1 1 1
 1 1 1 1 1 1 1 1 1 1 1 1 1 1 1 1 1 1 1 1 1 1 1 1 1 1]
At   201/30000: COST 0.690/0.697(0.696) -- Acc 0.520/0.500(0.450)
[0 1 0 0 0 1 1 0 0 0 0 1 0 0 0 0 0 0 0 0 0 0 1 0 0 0 0 1 0 0 0 0 0 0 0 0 0
 0 1 0 0 0 0 0 0 1 0 0 1 0 0 0 0 1 0 0 0 0 0 0 0 0 0 0 1 0 0 0 0 0 0 0 0 0
 0 0 0 0 0 1 0 0 0 0 1 0 0 0 0 0 0 0 0 0 0 0 0 1 0 1]
At   301/30000: COST 0.693/0.689(0.692) -- Acc 0.470/0.520(0.504)
[1 1 1 1 0 1 1 1 1 1 1 1 1 1 1 1 1 1 1 1 1 1 1 1 1 1 1 1 1 1 1 1 1 1 1 1 1
 1 1 1 1 1 1 1 1 1 1 1 1 1 1 1 1 1 1 1 1 1 1 1 1 1 1 1 1 1 1 1 1 1 1 1 1 1
 1 1 1 1 1 1 1 1 1 1 1 1 1 1 1 1 1 1 1 1 1 0 1 0 1 1]
At   401/30000: COST 0.677/0.692(0.690) -- Acc 0.560/0.520(0.526)
[1 0 1 1 1 1 1 1 1 0 0 1 1 1 1 1 1 1 1 1 1 1 1 1 1 0 1 1 0 1 0 1 1 1 0 1 1
 1 0 1 1 1 1 1 1 1 0 0 1 1 1 1 1 0 1 0 0 1 0 0 1 0 0 1 1 1 1 1 1 0 1 1 1 1
 0 0 1 0 0 1 1 1 1 1 1 1 1 0 0 1 1 1 1 0 0 1 0 1 1 1]
At   501/30000: COST 0.661/0.690(0.686) -- Acc 0.610/0.500(0.541)
[1 0 1 1 0 1 1 1 1 0 1 1 1 1 0 1 1 1 1 0 1 1 0 0 0 1 1 1 1 0 0 0 1 0 1 0 1
 1 1 1 0 1 1 1 1 1 1 0 0 0 1 1 0 0 1 1 1 1 1 1 1 1 0 1 1 0 1 1 0 1 0 1 1 1
 1 0 1 1 1 0 0 1 0 1 1 0 1 1 1 1 1 1 1 1 1 1 0 1 1 1]
At   601/30000: COST 0.679/0.692(0.680) -- Acc 0.490/0.520(0.562)
[1 1 1 1 1 1 1 1 1 1 1 1 1 0 1 1 1 1 1 1 1 1 1 1 1 1 0 1 1 1 1 0 1 1 1 1 1
 1 1 1 1 1 1 1 1 1 1 1 1 1 1 1 1 0 1 1 1 0 1 1 1 1 1 1 1 1 1 1 1 1 1 1 1 1
 1 1 1 1 1 1 1 1 1 1 1 1 1 1 1 1 1 1 0 1 1 1 1 1 1 0]
At   701/30000: COST 0.686/0.691(0.676) -- Acc 0.590/0.540(0.572)
[0 1 1 1 1 0 1 1 1 1 0 1 1 1 1 0 1 1 1 0 1 1 1 1 1 0 1 0 1 0 1 1 1 1 1 1 1
 1 1 1 1 0 0 1 1 1 1 1 1 1 0 1 1 1 1 1 1 1 0 0 0 1 1 1 1 0 1 1 1 0 1 1 1 1
 1 1 1 1 1 1 0 1 1 1 1 0 0 1 0 1 1 1 1 1 1 1 1 1 1 0]
At   801/30000: COST 0.659/0.678(0.663) -- Acc 0.600/0.540(0.599)
[1 1 1 1 1 1 0 1 1 1 0 1 1 1 1 1 1 1 1 1 1 1 1 1 1 1 1 1 1 1 1 1 1 1 1 1 1
 1 1 1 1 1 1 1 1 1 1 1 1 1 1 1 1 1 1 1 1 1 1 1 1 1 1 1 1 1 1 1 1 0 1 1 1 1
 1 1 1 1 1 1 1 1 1 1 1 1 1 1 1 1 1 1 1 1 1 1 1 1 1 1]
At   901/30000: COST 0.643/0.704(0.648) -- Acc 0.630/0.480(0.614)
[0 1 0 1 1 1 1 1 1 1 1 1 1 1 1 1 1 0 1 1 1 0 1 1 1 1 0 1 1 1 0 1 1 1 1 1 1
 0 1 1 1 1 1 1 0 1 1 1 1 1 1 1 1 0 1 1 1 0 1 0 1 1 1 1 1 0 0 1 1 1 1 1 1 1
 1 0 1 1 1 0 1 1 1 0 1 0 1 1 1 1 1 1 1 0 1 1 1 0 1 0]
At  1001/30000: COST 0.593/0.714(0.625) -- Acc 0.690/0.510(0.637)
[1 1 1 1 1 1 1 0 1 1 1 1 1 1 1 1 1 0 0 0 1 1 0 1 1 1 0 1 1 1 1 1 1 1 1 1 1
 0 1 1 1 1 1 0 1 0 0 1 0 1 0 1 1 1 1 1 1 1 1 1 1 1 1 1 1 1 1 1 0 1 1 1 1 1
 1 0 1 1 1 1 1 1 1 1 1 1 1 1 1 1 1 1 1 0 1 1 1 1 1 1]
At  1101/30000: COST 0.541/0.726(0.592) -- Acc 0.700/0.480(0.668)
[1 1 1 1 1 1 1 0 1 1 0 1 1 0 0 1 1 1 1 0 1 1 1 1 0 1 1 0 1 1 1 1 1 0 1 1 1
 1 1 1 0 0 0 0 1 0 1 1 1 1 1 1 0 0 1 1 0 1 0 0 0 1 1 1 1 0 1 1 0 1 1 1 1 0
 1 1 1 1 1 1 1 1 1 1 1 1 1 0 1 0 1 0 1 0 1 1 1 0 1 1]
At  1201/30000: COST 0.469/0.733(0.539) -- Acc 0.740/0.500(0.705)
[1 0 1 1 1 1 1 1 1 1 1 1 0 0 1 1 0 1 0 0 1 1 0 1 0 0 0 1 0 0 1 1 1 0 1 1 1
 1 1 1 1 1 0 1 1 1 1 0 1 1 1 1 1 1 0 1 1 1 0 1 1 0 1 1 0 0 0 1 1 0 0 0 1 1
 1 1 1 1 1 1 0 0 1 0 1 1 1 0 1 1 1 1 1 0 1 0 0 1 1 0]
At  1301/30000: COST 0.461/0.721(0.491) -- Acc 0.710/0.550(0.738)
[1 1 1 0 0 0 1 0 1 1 1 1 1 0 1 0 1 1 1 1 1 0 1 1 0 1 0 0 0 0 1 1 0 0 1 1 1
 1 1 1 1 1 1 1 1 0 1 0 1 0 0 1 1 1 1 1 1 1 1 1 1 1 1 1 1 1 1 1 1 1 0 1 0 1
 1 0 1 1 1 0 0 0 1 1 1 1 0 0 1 1 1 1 1 1 0 1 0 1 0 1]
At  1401/30000: COST 0.343/0.822(0.440) -- Acc 0.810/0.460(0.772)
[1 0 0 1 0 1 0 1 0 0 0 1 0 0 1 0 1 1 1 1 1 1 1 1 0 0 1 1 1 1 1 0 0 1 0 0 0
 1 0 1 0 1 1 1 1 1 1 1 1 1 1 1 0 1 1 1 1 1 1 0 1 1 0 1 1 1 1 1 1 0 1 0 1 0
 0 1 1 0 0 1 1 1 0 1 1 0 0 1 1 0 1 0 1 1 1 1 0 0 0 1]
At  1501/30000: COST 0.257/0.928(0.366) -- Acc 0.860/0.550(0.817)
[1 0 1 1 1 1 0 1 1 0 0 1 1 0 0 1 1 0 0 1 1 0 0 1 1 0 0 0 1 0 1 1 0 0 0 0 1
 1 0 0 1 1 0 0 1 1 1 1 0 0 0 1 1 0 1 0 1 0 1 1 1 0 1 1 1 1 1 1 0 1 1 0 0 1
 0 0 0 0 1 0 1 1 1 1 0 1 1 1 1 1 1 0 1 0 0 1 1 1 1 0]
At  1601/30000: COST 0.240/0.964(0.313) -- Acc 0.890/0.550(0.852)
[1 1 0 1 1 0 1 1 0 1 1 1 0 0 1 1 1 0 0 1 1 1 1 1 1 0 1 0 1 1 1 1 1 1 0 0 1
 1 1 1 1 0 1 0 1 0 1 1 1 1 0 0 1 1 0 1 1 0 1 1 0 1 1 1 0 1 0 0 1 1 0 1 1 0
 1 1 0 0 1 1 1 0 1 1 0 1 0 1 0 1 1 0 0 0 0 0 1 0 1 1]
At  1701/30000: COST 0.296/1.184(0.266) -- Acc 0.860/0.510(0.880)
[1 0 1 0 1 1 0 1 0 0 1 1 1 1 1 0 0 0 1 1 1 0 1 0 1 1 0 1 1 1 1 0 1 0 0 0 1
 1 0 1 0 1 1 1 1 0 0 1 0 0 0 1 0 1 1 0 1 1 1 1 1 1 1 1 0 1 0 1 0 1 1 1 0 1
 1 0 1 0 1 0 0 0 0 0 0 1 1 0 1 1 0 0 0 0 0 1 1 1 0 1]
At  1801/30000: COST 0.196/1.522(0.227) -- Acc 0.910/0.460(0.902)
[0 0 1 1 1 1 0 1 0 1 1 1 1 0 1 1 0 1 1 1 0 1 1 1 1 0 0 1 1 1 0 1 1 1 1 1 1
 1 0 1 1 1 1 1 1 0 1 0 1 0 0 1 1 1 0 1 0 0 0 1 0 0 0 1 1 1 0 0 1 0 0 1 1 0
 1 1 1 1 0 1 1 1 1 1 1 1 1 0 1 1 0 0 0 0 1 1 1 1 1 1]
At  1901/30000: COST 0.155/1.471(0.192) -- Acc 0.950/0.480(0.919)
[1 0 1 1 1 0 1 0 0 0 1 1 0 1 1 1 0 1 1 0 0 1 0 0 0 1 0 1 0 1 1 1 1 1 1 0 1
 1 0 1 0 1 1 1 1 1 1 1 0 1 0 0 1 1 0 0 0 1 1 0 1 1 1 1 0 1 1 0 1 1 1 0 1 1
 0 1 0 1 1 0 1 1 0 1 0 1 0 1 1 1 0 1 1 0 1 0 0 0 1 1]
At  2001/30000: COST 0.195/1.426(0.181) -- Acc 0.920/0.530(0.925)
[0 1 1 1 1 0 1 1 0 0 1 0 0 1 1 0 1 0 0 0 1 0 0 1 1 1 0 0 0 0 1 1 1 0 1 1 1
 1 1 1 1 1 0 1 1 1 1 1 1 0 1 0 0 1 1 0 0 1 1 0 1 1 1 0 0 0 0 0 1 1 0 1 0 1
 1 1 1 1 1 0 1 1 1 0 0 0 1 1 1 0 0 1 1 1 1 1 1 0 1 1]
At  2101/30000: COST 0.082/1.691(0.144) -- Acc 0.960/0.550(0.943)
[1 1 1 0 1 0 1 1 1 1 0 1 1 1 0 1 1 1 0 1 0 1 1 0 1 0 1 1 0 1 1 0 0 0 0 1 1
 0 1 1 0 1 1 1 0 0 0 1 1 1 0 0 0 1 1 0 0 1 0 0 1 1 1 0 1 0 1 1 1 1 0 1 1 1
 0 1 1 0 0 1 1 0 1 1 1 1 1 1 0 0 1 0 1 1 0 1 1 1 1 0]
At  2201/30000: COST 0.095/1.869(0.105) -- Acc 0.970/0.540(0.960)
[1 1 1 1 0 1 1 1 1 1 0 1 0 1 0 1 0 0 1 1 1 0 1 0 1 0 1 0 0 1 1 0 1 1 1 1 1
 0 0 0 1 1 0 0 0 1 0 1 1 0 1 1 0 0 0 0 1 1 0 0 0 1 1 1 0 0 1 1 0 1 1 1 0 1
 0 0 1 1 1 0 1 1 1 0 0 1 0 1 1 0 1 0 1 1 1 1 1 1 1 1]
At  2301/30000: COST 0.087/1.721(0.104) -- Acc 0.970/0.560(0.964)
[0 1 0 0 1 0 1 1 1 0 1 1 1 1 0 1 0 0 1 1 1 0 0 0 0 1 0 1 1 1 0 1 0 1 0 1 1
 1 0 0 1 0 1 0 1 0 1 1 0 1 0 1 0 1 1 1 0 1 0 1 1 1 0 1 1 1 1 0 1 1 1 1 1 1
 0 0 0 1 0 0 1 1 0 1 1 0 1 1 1 1 0 0 0 1 1 1 1 1 0 0]
At  2401/30000: COST 0.033/2.079(0.090) -- Acc 0.990/0.490(0.968)
[1 0 1 1 0 0 0 1 1 0 1 0 0 1 0 0 1 0 1 0 1 1 0 0 1 1 1 1 0 1 1 1 0 1 0 1 0
 1 1 1 1 1 0 1 1 1 1 0 0 1 1 0 1 0 1 1 1 1 0 0 1 1 1 1 1 1 1 0 1 1 1 0 0 0
 0 1 1 0 1 1 1 1 1 1 1 0 0 1 1 0 0 1 1 0 1 0 1 0 0 1]
At  2501/30000: COST 0.029/1.810(0.090) -- Acc 0.990/0.550(0.969)
[0 1 1 1 1 1 0 0 1 1 1 0 0 0 1 1 1 0 1 1 0 0 1 0 1 1 0 0 1 1 0 0 1 1 1 1 0
 0 1 0 0 0 1 1 0 1 1 1 1 1 1 0 1 1 0 0 0 0 1 1 1 1 1 0 1 0 1 1 1 1 1 1 0 1
 0 1 1 1 0 1 1 1 1 1 1 1 0 0 1 1 0 1 1 1 0 1 0 0 1 1]
At  2601/30000: COST 0.072/2.448(0.064) -- Acc 0.970/0.550(0.979)
[0 1 1 1 0 1 1 1 0 1 0 0 1 1 1 1 0 0 0 0 1 0 0 1 1 1 0 1 1 1 1 1 0 0 1 0 1
 0 1 1 1 1 0 1 1 1 0 1 1 0 1 1 1 1 1 1 1 0 1 0 1 0 1 1 0 0 1 0 1 0 1 1 0 0
 1 1 1 0 0 1 0 0 0 0 1 1 1 1 0 1 1 1 0 1 1 1 1 1 0 1]
At  2701/30000: COST 0.092/2.016(0.056) -- Acc 0.960/0.560(0.981)
[1 1 1 1 1 0 0 1 0 1 0 1 0 1 0 1 0 1 0 1 0 1 0 0 1 1 1 1 1 0 1 1 1 0 1 0 1
 1 1 1 1 1 1 0 0 0 1 0 1 0 1 0 1 1 1 0 1 1 0 1 0 1 1 0 0 1 1 1 1 1 1 0 1 0
 0 0 0 1 1 0 0 0 0 1 0 1 1 0 1 0 0 0 1 1 1 1 1 0 0 0]
At  2801/30000: COST 0.010/2.034(0.049) -- Acc 1.000/0.470(0.984)
[0 0 1 1 0 0 0 1 1 0 0 1 1 0 1 1 1 1 1 0 1 0 0 1 1 0 1 1 1 0 1 0 0 0 1 1 1
 1 1 1 1 0 0 0 0 1 0 0 1 0 1 0 1 1 1 1 1 0 0 0 1 1 1 1 1 1 0 0 1 1 1 1 1 0
 1 0 1 1 1 0 0 0 1 1 1 1 1 1 1 0 1 1 1 0 1 1 0 0 1 0]
At  2901/30000: COST 0.080/2.503(0.049) -- Acc 0.970/0.440(0.984)
[1 1 0 1 0 0 0 1 1 0 1 1 1 0 0 1 1 0 1 1 1 1 0 0 1 1 0 0 1 1 1 1 1 0 0 0 0
 0 1 0 1 0 1 0 1 1 0 1 1 1 1 0 1 1 1 1 0 1 0 0 1 0 1 0 1 1 0 1 1 1 1 0 0 1
 1 0 1 0 1 0 0 0 1 1 1 1 0 1 1 0 0 1 0 1 0 1 1 0 1 1]
At  3001/30000: COST 0.027/2.200(0.056) -- Acc 1.000/0.500(0.982)
[1 1 1 1 1 1 0 0 0 1 0 1 1 1 1 1 1 1 1 0 1 1 1 0 0 1 1 1 0 1 0 1 1 0 1 1 1
 0 0 1 1 1 0 1 1 1 1 0 1 1 0 0 0 1 0 0 0 0 1 0 1 1 0 1 0 1 1 0 1 0 1 1 1 0
 1 1 1 1 1 1 0 1 0 1 0 1 1 1 1 0 1 1 1 1 1 1 0 0 1 0]
At  3101/30000: COST 0.045/1.913(0.076) -- Acc 0.990/0.490(0.977)
[1 1 0 1 0 1 0 1 1 0 0 0 0 1 1 1 1 0 0 1 1 1 1 1 0 1 1 1 1 0 1 1 0 0 1 0 0
 0 1 1 0 1 0 0 0 0 1 1 0 0 1 1 1 0 1 1 1 1 1 1 0 0 0 0 1 1 0 1 1 1 1 0 1 0
 0 0 1 1 1 1 1 1 0 0 1 1 1 1 1 0 1 1 1 0 1 1 1 0 1 1]
At  3201/30000: COST 0.008/1.985(0.052) -- Acc 1.000/0.550(0.984)
[1 1 0 1 1 1 0 1 1 1 0 0 0 1 1 1 1 1 1 0 1 1 0 0 0 1 1 0 0 1 1 0 0 1 1 1 0
 1 1 1 1 0 1 1 0 1 0 1 0 1 0 1 1 1 1 1 0 1 0 0 1 0 1 0 1 0 1 1 0 1 0 0 0 1
 1 1 1 1 1 0 1 1 0 1 1 1 1 0 0 1 1 1 1 0 0 0 0 1 1 1]
At  3301/30000: COST 0.012/2.268(0.032) -- Acc 1.000/0.540(0.991)
[0 1 0 1 1 1 1 1 1 1 0 1 0 1 0 1 1 1 0 1 1 1 1 1 1 1 0 1 0 0 1 1 0 0 1 1 0
 1 1 1 1 0 1 1 0 0 0 0 1 0 1 1 1 1 1 1 1 1 0 0 1 0 1 0 0 1 0 0 0 1 1 1 0 1
 1 1 0 1 1 0 0 1 0 1 1 1 1 1 1 1 1 0 1 1 1 1 0 1 1 1]
At  3401/30000: COST 0.008/2.497(0.022) -- Acc 1.000/0.600(0.994)
[0 0 1 1 0 1 0 0 1 1 1 0 0 0 1 0 1 1 0 1 1 0 1 0 1 1 1 1 0 1 1 0 0 1 1 0 0
 0 0 0 0 1 1 0 1 1 0 0 0 1 1 0 0 1 1 1 0 1 1 1 1 1 1 1 0 1 1 1 1 0 1 1 1 1
 1 0 0 1 1 1 1 1 0 0 1 0 1 1 0 1 1 1 1 1 1 0 0 1 1 1]
At  3501/30000: COST 0.047/2.287(0.054) -- Acc 0.980/0.570(0.983)
[1 1 1 1 0 1 1 1 1 1 1 1 1 1 1 1 0 1 0 1 0 1 0 0 1 0 1 1 1 1 1 1 0 1 1 0 1
 1 1 1 1 1 0 0 0 1 0 1 0 1 1 1 0 0 1 0 1 1 0 0 1 1 1 0 1 0 1 1 0 1 1 1 0 1
 1 0 0 0 1 1 1 1 1 1 0 1 0 1 1 1 1 0 1 1 0 0 1 0 0 1]
At  3601/30000: COST 0.026/2.231(0.038) -- Acc 0.990/0.540(0.989)
[1 0 0 1 0 1 0 1 1 1 0 0 1 0 0 0 0 1 1 1 0 1 0 1 1 0 1 0 1 1 1 1 1 1 1 1 1
 0 1 1 1 1 1 1 0 1 0 1 1 1 1 0 1 1 1 1 1 1 1 1 1 1 1 1 1 1 0 1 1 1 1 1 1 0
 1 1 0 1 1 0 1 1 1 1 1 1 0 1 1 0 0 1 0 1 0 0 0 1 1 1]
At  3701/30000: COST 0.005/2.280(0.029) -- Acc 1.000/0.560(0.992)
[0 0 1 1 1 1 1 0 1 1 1 0 0 0 1 1 1 1 1 1 1 0 0 1 1 1 1 0 1 1 1 1 1 1 0 1 0
 0 1 1 1 0 0 1 1 1 0 1 1 0 1 1 0 0 1 0 0 0 1 1 1 1 0 1 1 0 1 1 1 0 1 1 1 1
 0 1 1 1 1 0 1 0 1 0 1 0 1 1 1 0 0 1 1 1 1 1 0 1 0 1]
At  3801/30000: COST 0.028/2.195(0.047) -- Acc 0.990/0.540(0.986)
[0 1 1 0 1 1 0 0 1 1 0 1 1 1 0 0 1 1 1 1 1 1 1 1 1 0 1 1 1 1 0 1 1 0 1 0 1
 0 1 1 1 1 1 0 0 1 1 1 1 1 1 0 1 1 1 0 1 1 1 1 0 1 0 1 0 1 0 1 0 1 0 0 0 1
 0 1 1 0 1 1 1 1 1 0 1 0 1 1 1 1 1 1 0 1 0 1 1 1 1 1]
At  3901/30000: COST 0.005/2.275(0.029) -- Acc 1.000/0.570(0.992)
[0 1 1 1 1 1 1 1 1 1 1 1 0 0 1 1 0 0 1 0 1 0 1 1 0 0 0 1 0 1 1 0 1 1 1 0 0
 0 1 1 1 0 1 1 0 1 1 1 0 0 0 0 0 1 1 0 1 1 1 1 1 1 1 0 1 1 0 1 0 1 0 1 1 1
 0 1 1 0 0 0 0 1 0 1 1 1 0 0 1 0 1 1 1 0 0 1 1 0 1 0]
At  4001/30000: COST 0.044/1.895(0.059) -- Acc 0.990/0.590(0.983)
[1 1 0 1 0 1 0 0 1 1 1 1 0 1 1 0 1 1 0 1 1 1 1 1 0 1 1 1 0 0 0 1 0 1 1 0 1
 1 0 0 0 1 1 1 0 1 1 1 1 1 1 1 1 0 1 1 1 1 0 1 1 0 1 1 0 1 0 1 1 1 0 1 1 1
 1 0 1 1 0 1 0 0 1 1 1 1 1 1 1 0 1 1 1 0 0 1 0 1 0 0]
At  4101/30000: COST 0.013/2.284(0.035) -- Acc 1.000/0.560(0.990)
[0 1 1 1 0 1 1 0 1 0 0 1 1 0 1 0 1 0 1 0 0 1 1 0 1 0 0 1 1 0 1 1 0 1 1 0 0
 0 0 0 0 0 1 1 1 1 1 0 1 1 0 1 0 1 1 0 1 1 1 1 1 0 1 1 0 0 1 1 0 0 0 1 1 1
 1 0 0 0 1 1 1 1 0 0 1 1 0 1 1 1 1 1 0 1 1 1 0 1 1 1]
At  4201/30000: COST 0.005/2.448(0.022) -- Acc 1.000/0.570(0.994)
[1 0 1 1 0 1 0 1 1 1 1 0 1 1 0 0 1 1 1 1 0 1 1 1 1 1 1 1 1 0 1 1 0 1 1 1 1
 0 1 1 1 1 1 0 0 1 1 1 1 1 1 1 0 1 1 1 1 0 0 0 1 1 0 1 1 0 0 1 1 0 1 0 1 1
 1 1 1 0 1 1 1 1 0 1 0 0 0 0 0 1 0 1 1 1 0 1 1 1 1 1]
At  4301/30000: COST 0.002/2.521(0.020) -- Acc 1.000/0.550(0.994)
[1 1 0 0 0 1 1 1 1 1 0 0 1 1 1 0 1 1 1 1 0 0 1 1 0 0 0 1 1 1 1 1 1 1 0 1 0
 0 1 0 1 1 1 1 0 1 1 0 1 1 0 0 1 1 0 1 0 0 1 0 1 1 1 1 1 1 1 1 1 1 1 0 1 1
 1 1 1 0 0 0 1 1 1 1 0 1 1 1 0 1 1 1 1 1 0 1 1 0 0 0]
At  4401/30000: COST 0.027/3.436(0.029) -- Acc 0.990/0.480(0.991)
[0 0 1 1 1 0 0 0 1 1 0 1 1 1 0 0 1 0 0 0 1 0 1 1 0 0 1 0 0 1 1 1 1 1 1 1 1
 0 0 1 1 1 1 1 1 1 1 1 1 1 0 1 0 1 0 0 1 0 1 0 1 1 0 1 1 0 0 0 0 1 0 1 1 1
 1 0 1 1 0 0 1 1 1 1 1 1 0 1 1 0 1 0 1 0 1 0 1 1 1 1]
At  4501/30000: COST 0.007/2.574(0.029) -- Acc 1.000/0.510(0.991)
[0 0 1 1 1 0 1 0 0 0 1 0 1 1 1 1 1 1 1 1 1 0 0 1 1 0 1 1 1 1 1 1 0 1 1 0 1
 1 0 0 0 1 1 0 1 0 1 0 0 0 1 1 1 1 0 0 1 1 1 1 1 0 0 0 1 1 1 1 1 1 1 0 1 1
 1 1 0 1 1 0 1 0 1 0 1 0 1 1 1 0 1 1 1 1 0 0 0 0 1 1]
At  4601/30000: COST 0.023/2.896(0.044) -- Acc 1.000/0.490(0.987)
[0 1 0 0 0 0 1 1 1 0 1 1 1 1 1 0 1 1 1 1 1 1 1 1 1 1 1 1 1 1 1 1 1 0 0 1 1
 1 0 0 1 1 0 1 0 0 1 1 0 0 1 0 1 0 1 0 1 1 1 0 0 1 1 1 0 1 1 1 0 0 0 1 0 0
 0 1 1 0 1 1 1 0 1 1 0 1 1 1 1 1 0 1 0 0 0 1 1 0 1 1]
At  4701/30000: COST 0.036/2.494(0.035) -- Acc 0.990/0.530(0.990)
[1 1 0 1 1 1 1 1 1 1 1 1 1 0 1 0 0 1 0 1 0 0 1 0 1 1 0 1 1 0 0 0 0 1 0 0 0
 1 0 1 0 1 0 1 1 1 0 1 0 1 0 1 1 0 1 1 0 0 0 0 1 1 1 0 1 0 0 0 0 1 1 0 0 0
 1 1 1 0 0 1 1 1 1 1 1 1 1 1 0 1 1 1 1 0 0 1 0 1 1 1]
At  4801/30000: COST 0.004/2.793(0.020) -- Acc 1.000/0.540(0.994)
[1 1 0 0 1 1 0 1 1 1 1 0 0 1 1 1 1 1 1 0 1 1 1 1 1 1 1 1 1 0 1 1 0 0 1 0 0
 1 1 1 1 1 1 0 1 0 0 0 0 1 0 1 1 0 0 1 0 1 0 1 1 1 1 0 0 0 1 0 1 1 1 0 1 0
 1 0 1 1 0 0 1 1 1 0 1 0 0 1 1 1 0 1 1 0 1 1 0 0 1 1]
At  4901/30000: COST 0.005/2.771(0.019) -- Acc 1.000/0.520(0.994)
[1 1 1 1 0 1 1 0 1 0 0 1 1 1 1 1 1 1 1 0 1 0 0 1 0 1 1 1 1 0 0 0 0 0 0 1 1
 1 1 1 1 1 1 1 0 1 0 1 1 1 1 1 0 1 0 0 1 0 1 0 0 0 1 1 1 1 1 1 0 0 1 1 0 1
 1 1 1 0 0 0 0 0 1 1 1 1 0 0 1 0 1 1 1 0 1 0 1 1 0 0]
At  5001/30000: COST 0.142/2.446(0.035) -- Acc 0.970/0.490(0.991)
[1 0 1 1 1 0 0 1 1 1 1 1 1 0 0 1 1 1 0 1 1 0 0 1 0 1 0 0 1 1 0 1 0 1 0 1 0
 1 0 1 1 1 1 0 1 0 0 0 1 1 1 1 0 1 1 0 1 1 1 1 0 1 1 1 0 1 1 1 0 0 0 0 0 0
 0 1 1 0 1 1 1 0 1 1 1 1 1 0 1 1 0 1 1 1 1 1 0 0 1 1]
At  5101/30000: COST 0.020/2.834(0.023) -- Acc 0.990/0.540(0.994)
[1 1 1 0 1 0 1 1 0 1 1 1 0 0 0 1 1 1 0 1 0 0 1 0 0 1 0 1 0 1 1 1 1 0 1 1 1
 1 1 0 0 1 1 0 1 0 1 1 0 0 0 1 0 1 1 0 0 1 0 1 1 0 0 0 1 1 1 0 1 1 1 1 1 0
 1 1 0 0 0 1 0 1 1 0 1 1 1 0 0 1 0 1 0 0 1 0 1 1 1 1]
At  5201/30000: COST 0.014/2.387(0.037) -- Acc 1.000/0.600(0.989)
[1 1 0 1 0 1 1 1 0 0 0 1 0 1 0 1 1 0 1 0 1 0 1 1 1 1 1 0 1 1 0 0 0 1 1 0 1
 1 1 1 0 0 0 0 0 1 1 1 1 1 1 0 0 1 1 1 0 1 0 1 0 0 1 0 1 0 0 1 1 1 0 0 1 1
 1 1 1 0 1 1 1 1 1 1 1 0 1 0 0 1 1 0 0 1 1 1 1 0 1 0]
At  5301/30000: COST 0.016/2.322(0.029) -- Acc 1.000/0.560(0.992)
[1 1 0 0 0 1 1 1 1 0 0 1 0 1 1 0 1 1 1 1 1 1 1 1 1 1 0 1 1 1 1 1 0 1 0 1 0
 1 1 1 1 0 1 1 0 0 0 1 1 1 1 1 1 0 0 0 1 0 1 0 1 1 1 0 1 1 1 1 0 0 0 0 1 1
 0 1 1 0 1 0 1 1 0 0 0 0 0 1 1 1 1 0 1 1 1 1 1 1 1 0]
At  5401/30000: COST 0.003/2.824(0.022) -- Acc 1.000/0.560(0.994)
[0 0 1 1 1 1 1 1 0 1 1 1 1 1 0 1 0 1 1 0 1 0 1 1 1 0 1 0 1 1 1 1 1 0 1 0 1
 0 1 0 1 1 1 1 1 0 0 1 0 0 0 0 1 0 1 0 0 1 0 1 1 1 1 1 0 1 0 0 1 1 0 1 0 1
 1 1 1 1 1 0 1 0 0 1 0 0 1 1 1 0 0 1 1 1 1 0 0 1 1 1]
At  5501/30000: COST 0.008/3.195(0.015) -- Acc 1.000/0.520(0.996)
[1 1 1 1 0 0 1 0 1 1 1 1 0 1 1 1 1 0 1 1 1 0 0 1 1 1 1 1 0 1 0 0 1 1 0 1 1
 1 1 1 1 0 1 1 1 0 1 1 1 0 0 0 1 1 0 1 0 1 0 1 1 0 1 1 0 1 0 1 1 0 0 1 1 1
 1 1 1 1 0 1 1 0 1 0 1 0 1 0 1 0 0 0 1 1 0 1 1 1 0 1]
At  5601/30000: COST 0.067/2.980(0.013) -- Acc 0.970/0.550(0.996)
[1 0 1 0 1 1 0 0 1 1 1 1 0 1 1 0 1 1 1 1 0 0 1 0 1 1 1 0 1 0 0 1 1 0 1 1 1
 1 1 1 0 1 1 1 1 0 1 1 0 1 1 1 0 0 1 1 0 1 1 1 1 1 1 0 0 1 0 1 1 1 0 0 0 1
 1 1 0 1 1 1 0 1 0 1 1 1 1 1 0 1 1 1 1 1 1 1 1 0 1 0]
At  5701/30000: COST 0.006/2.842(0.022) -- Acc 1.000/0.560(0.993)
[0 1 1 1 1 0 1 1 1 1 1 0 1 0 1 0 1 0 1 1 0 1 0 0 1 1 0 1 1 0 1 0 1 1 1 0 0
 1 1 1 0 0 1 1 1 1 0 1 1 1 1 1 1 1 1 1 0 1 1 0 0 1 1 0 0 1 1 1 1 1 0 0 1 1
 0 1 1 1 1 1 1 0 1 1 0 0 1 0 1 0 1 1 1 0 1 0 1 0 1 1]
At  5801/30000: COST 0.008/2.922(0.014) -- Acc 1.000/0.580(0.996)
[1 1 1 1 1 0 1 1 0 0 1 1 0 0 1 1 1 0 1 0 0 0 1 0 1 0 1 0 1 1 0 1 1 1 1 1 0
 1 1 1 1 1 0 1 1 1 1 0 1 0 0 0 1 1 1 1 1 0 1 1 0 1 0 0 0 1 1 0 1 1 1 0 0 0
 1 0 1 0 1 1 0 1 1 1 0 1 0 0 1 1 1 1 0 1 1 1 1 0 0 1]
At  5901/30000: COST 0.007/2.958(0.020) -- Acc 1.000/0.460(0.994)
[0 1 1 1 0 0 1 1 1 0 0 0 1 1 1 1 1 1 1 1 1 1 1 1 1 0 1 0 0 1 0 0 1 1 0 1 0
 0 0 0 1 1 1 1 1 1 1 1 1 0 0 1 1 0 0 1 0 0 1 1 1 1 0 1 0 1 0 0 0 1 0 1 0 0
 1 0 1 1 1 1 1 0 1 1 1 0 1 0 1 0 1 0 0 1 1 1 1 1 0 1]
At  6001/30000: COST 0.029/2.383(0.038) -- Acc 0.990/0.630(0.990)
[1 1 0 1 0 1 1 1 0 1 0 0 0 1 0 1 1 0 1 1 1 1 1 0 1 1 0 1 1 1 1 1 1 1 1 1 1
 0 1 1 1 1 0 1 0 1 1 1 1 1 1 1 1 1 1 0 0 1 1 1 1 1 1 1 1 1 1 0 1 1 1 0 1 0
 1 0 0 1 0 0 1 1 0 0 1 1 1 1 0 0 1 0 0 1 1 1 0 0 1 0]
At  6101/30000: COST 0.007/2.596(0.034) -- Acc 1.000/0.600(0.990)
[1 1 0 0 1 1 1 1 0 1 1 1 0 0 1 1 1 1 1 1 0 1 1 1 0 1 1 1 1 1 1 0 1 1 1 0 1
 0 1 0 0 1 1 1 1 0 0 0 0 1 1 0 1 0 1 1 1 0 0 1 1 1 0 1 0 1 1 1 1 0 1 1 1 0
 1 1 1 1 1 1 0 1 0 1 0 1 0 1 1 0 1 1 0 1 0 1 1 1 0 1]
At  6201/30000: COST 0.007/2.847(0.024) -- Acc 1.000/0.530(0.993)
[1 1 1 0 0 1 1 0 1 1 0 0 1 0 0 1 1 1 1 1 1 1 1 1 0 1 0 1 1 1 1 1 0 0 1 1 0
 1 0 1 0 0 1 1 0 1 0 1 1 0 1 1 1 1 1 1 1 1 1 0 1 1 1 0 0 1 1 1 1 0 1 1 1 1
 0 1 1 1 1 0 1 1 1 0 1 1 1 1 1 1 1 0 1 1 1 1 1 1 1 1]
At  6301/30000: COST 0.002/2.792(0.019) -- Acc 1.000/0.530(0.995)
[1 1 1 1 0 1 0 1 1 1 1 1 1 1 1 0 0 1 1 1 0 1 1 1 1 1 0 1 1 1 1 1 0 1 1 1 0
 1 1 1 1 1 0 0 0 1 0 1 0 0 1 0 1 0 1 1 0 1 1 1 0 1 0 1 1 1 0 1 1 1 0 0 0 0
 0 1 1 0 0 0 1 1 1 0 1 0 0 1 1 1 1 1 1 1 1 1 0 1 0 1]
At  6401/30000: COST 0.118/2.453(0.038) -- Acc 0.960/0.540(0.989)
[0 1 0 1 1 0 1 1 1 1 1 1 1 1 0 1 1 1 0 0 0 1 1 1 0 0 0 0 1 0 1 0 1 1 1 1 0
 0 0 1 1 0 0 1 1 1 0 0 1 1 1 1 0 1 0 1 0 1 1 1 0 1 1 0 1 1 1 0 1 1 1 1 1 1
 1 1 1 1 1 0 1 1 0 1 1 1 1 0 1 1 1 0 1 1 1 1 1 1 1 0]
At  6501/30000: COST 0.005/2.742(0.033) -- Acc 1.000/0.560(0.990)
[1 1 0 1 0 1 0 1 0 1 1 1 0 1 0 1 0 0 1 1 1 1 1 1 0 1 1 1 1 1 1 1 1 1 1 0 1
 0 0 0 1 1 0 1 0 0 1 1 1 1 1 1 0 0 0 1 0 1 1 0 0 1 0 1 1 0 0 1 1 0 0 0 1 0
 1 1 0 1 1 1 0 1 1 0 1 1 1 1 0 1 1 1 1 1 0 0 1 1 1 0]
At  6601/30000: COST 0.024/2.620(0.021) -- Acc 0.990/0.550(0.994)
[0 1 1 1 1 1 1 1 1 1 1 0 1 1 1 1 0 1 1 1 1 1 1 1 1 1 1 1 1 0 1 1 1 0 0 1 0
 0 1 1 0 1 0 1 1 1 1 1 0 1 0 0 0 1 1 0 1 0 0 1 0 0 0 1 1 0 1 1 1 1 1 1 1 0
 0 1 1 1 1 1 0 0 1 1 1 0 1 1 1 1 1 0 1 1 1 1 1 1 1 0]
At  6701/30000: COST 0.002/2.553(0.013) -- Acc 1.000/0.570(0.996)
[1 1 1 1 0 1 1 0 1 0 1 1 1 1 1 1 1 1 1 0 1 1 1 0 0 0 1 1 1 0 1 1 0 0 1 0 1
 0 0 1 1 1 1 1 0 0 1 1 1 0 1 1 1 0 0 1 0 1 0 0 0 0 0 0 1 0 1 1 0 1 1 1 0 0
 1 1 0 1 1 0 1 0 1 1 1 1 1 1 1 1 1 1 1 1 1 1 1 0 1 1]
At  6801/30000: COST 0.077/1.997(0.042) -- Acc 0.970/0.540(0.987)
[1 1 1 0 1 1 1 0 1 0 1 1 1 0 1 1 1 1 1 1 0 0 1 1 0 1 1 1 1 0 0 0 1 1 0 1 0
 0 1 1 1 1 1 0 1 1 1 1 1 1 0 0 0 1 1 0 1 1 1 0 1 1 1 1 0 1 0 1 1 1 0 0 0 1
 1 1 1 0 1 0 1 1 0 1 1 1 0 1 0 1 0 0 0 1 1 1 1 1 1 1]
At  6901/30000: COST 0.048/2.871(0.029) -- Acc 0.980/0.530(0.991)
[1 1 1 1 0 1 1 1 0 1 1 1 0 0 1 1 1 0 0 0 0 1 1 1 1 1 1 1 1 1 1 0 1 0 1 1 0
 1 1 1 1 0 0 1 1 1 1 0 0 1 1 0 0 1 0 0 1 0 0 0 1 1 1 0 1 1 0 1 0 0 1 0 1 1
 0 0 0 0 0 0 1 0 1 0 1 0 1 0 0 0 0 0 1 1 0 1 1 1 0 1]
At  7001/30000: COST 0.008/2.172(0.023) -- Acc 1.000/0.560(0.994)
[1 0 1 0 0 1 0 0 1 0 1 1 0 1 1 0 1 1 0 1 0 1 0 0 1 0 1 1 0 1 1 0 1 1 1 1 1
 1 1 0 1 1 0 1 1 1 0 0 1 1 1 1 0 1 0 1 0 1 1 0 1 1 1 1 0 1 0 1 1 1 0 0 1 1
 0 1 1 1 1 1 1 1 1 0 0 1 1 1 0 0 1 0 0 1 0 1 1 1 1 0]
At  7101/30000: COST 0.001/2.529(0.016) -- Acc 1.000/0.570(0.996)
[0 1 1 1 1 1 1 1 0 0 0 1 1 1 1 1 1 1 1 1 0 1 1 1 1 1 0 0 1 1 0 0 1 0 1 1 1
 0 0 1 0 0 1 1 1 0 0 1 1 0 1 1 1 1 1 1 0 1 1 1 1 0 0 0 1 1 1 1 1 1 0 1 1 0
 1 0 1 1 0 1 1 1 0 0 1 1 0 0 0 0 0 1 0 1 1 1 1 1 1 0]
At  7201/30000: COST 0.003/2.800(0.010) -- Acc 1.000/0.530(0.997)
[1 0 1 1 0 1 0 1 1 1 1 1 1 1 1 1 1 1 1 1 0 0 1 1 1 1 1 0 0 1 1 0 0 1 1 1 1
 1 1 1 1 0 0 1 1 1 0 0 0 0 1 1 1 1 1 1 0 1 0 0 0 1 0 1 1 0 1 1 1 1 1 1 0 0
 0 1 1 1 1 0 1 0 1 0 0 1 1 1 0 0 1 1 1 0 0 1 0 1 0 1]
At  7301/30000: COST 0.007/3.089(0.008) -- Acc 1.000/0.550(0.998)
[1 0 1 1 1 1 1 0 1 0 0 1 0 1 1 1 1 1 1 1 0 0 1 1 0 1 1 1 1 1 1 1 1 0 1 1 0
 0 0 1 1 1 1 0 0 1 0 1 1 1 1 0 1 1 1 1 0 1 1 1 1 1 0 1 1 0 1 1 1 1 1 1 1 1
 1 1 1 0 0 0 0 0 1 1 1 0 0 1 1 1 1 1 0 1 1 1 1 1 1 0]
At  7401/30000: COST 0.001/3.280(0.008) -- Acc 1.000/0.570(0.998)
[1 0 0 0 1 1 1 1 0 0 1 1 1 0 1 1 0 1 0 0 1 1 1 1 1 1 0 0 1 0 1 1 1 1 0 0 1
 0 1 0 1 0 0 1 1 1 1 1 1 1 1 1 1 1 1 1 1 1 1 1 0 0 0 1 1 0 1 1 1 1 1 0 0 1
 1 1 0 0 1 1 0 1 1 1 1 1 0 0 0 0 1 1 1 1 1 0 1 0 1 1]
At  7501/30000: COST 0.000/2.994(0.008) -- Acc 1.000/0.580(0.998)
[0 1 0 1 1 1 1 0 0 0 1 1 1 1 0 1 0 1 1 1 0 1 1 1 0 1 1 1 1 0 1 1 1 1 1 1 1
 1 1 1 1 1 1 1 0 1 0 1 1 0 0 1 1 1 0 1 0 0 0 1 0 1 1 0 1 0 1 1 1 1 1 0 1 1
 1 1 1 1 0 1 1 0 1 0 1 1 0 1 0 1 0 1 0 1 1 0 1 1 1 1]
At  7601/30000: COST 0.003/3.060(0.017) -- Acc 1.000/0.570(0.994)
[1 1 0 1 1 0 1 0 1 1 1 1 0 1 0 0 1 1 0 1 0 1 0 0 0 1 1 1 1 0 1 1 0 0 1 1 1
 1 1 0 1 0 1 0 1 1 1 1 1 0 1 1 0 1 0 1 1 1 1 1 1 0 0 1 1 1 0 1 0 1 1 1 0 1
 0 1 1 1 0 0 1 0 1 0 0 1 1 0 0 1 1 1 1 1 0 1 0 1 0 1]
At  7701/30000: COST 0.002/3.246(0.015) -- Acc 1.000/0.550(0.995)
[0 1 1 1 1 1 1 1 1 1 1 0 1 1 0 0 1 1 1 1 1 1 0 1 0 1 1 1 1 1 0 1 0 0 1 1 0
 1 1 0 1 1 0 1 1 1 1 1 0 1 1 1 0 0 1 0 1 0 0 1 1 1 1 0 0 0 1 1 0 1 0 1 1 0
 1 0 1 0 1 1 1 0 1 0 1 1 1 1 1 1 0 1 0 1 1 1 1 0 1 1]
At  7801/30000: COST 0.000/3.220(0.013) -- Acc 1.000/0.560(0.997)
[1 1 1 0 1 0 0 1 1 1 1 1 0 1 1 1 1 0 1 1 0 1 1 1 1 1 1 0 1 1 1 1 1 1 1 1 1
 1 1 1 0 1 1 1 0 1 1 1 1 1 1 1 0 0 1 0 0 0 1 0 1 0 1 1 1 1 0 1 0 1 1 0 1 0
 1 1 0 1 1 0 1 1 1 0 0 1 0 1 1 1 0 1 1 1 1 1 0 0 0 0]
At  7901/30000: COST 0.022/3.303(0.012) -- Acc 0.980/0.570(0.996)
[0 1 1 1 1 1 1 0 1 1 0 1 0 0 1 0 1 0 0 0 1 1 0 1 1 1 0 1 1 1 0 1 1 1 1 0 0
 0 0 0 1 1 1 1 1 0 1 1 1 1 0 1 1 1 1 0 1 0 0 1 0 1 1 0 1 0 1 0 1 0 0 1 1 1
 1 0 0 1 1 0 1 1 0 0 1 1 1 1 0 0 0 1 1 0 1 0 0 1 1 1]
At  8001/30000: COST 0.028/2.428(0.039) -- Acc 0.990/0.540(0.988)
[1 1 1 1 0 0 1 1 0 0 1 1 0 0 1 1 1 1 1 1 1 1 0 1 0 1 1 1 0 1 0 0 1 0 0 1 0
 0 1 1 1 1 1 0 1 1 1 1 0 1 1 1 1 0 0 1 1 1 0 1 1 0 1 0 0 1 0 0 1 1 0 0 1 0
 0 1 1 1 1 1 1 1 0 0 1 0 1 1 0 0 1 1 0 0 1 0 1 1 1 1]
At  8101/30000: COST 0.018/2.707(0.043) -- Acc 0.990/0.540(0.986)
[1 1 1 1 1 0 1 1 1 1 1 1 0 1 1 1 1 0 0 1 1 1 1 1 1 1 1 1 1 1 1 0 0 0 1 0 1
 1 0 1 1 1 1 0 0 0 1 1 1 0 1 1 0 1 1 1 0 1 1 0 1 1 0 0 0 0 1 0 0 1 1 1 1 1
 1 1 0 1 0 0 0 1 1 1 0 1 1 1 0 0 1 1 1 0 0 1 1 1 1 0]
At  8201/30000: COST 0.010/2.519(0.024) -- Acc 0.990/0.570(0.993)
[1 1 1 1 1 1 1 0 0 1 0 1 1 1 1 1 1 0 1 1 0 0 1 1 1 1 1 0 1 1 1 0 0 1 0 1 0
 0 1 1 1 1 1 1 1 1 0 0 0 0 0 1 1 1 0 0 0 0 0 1 1 1 1 1 0 1 0 1 1 1 1 1 1 1
 0 1 1 0 1 1 1 0 0 1 1 1 0 1 1 0 0 1 1 1 0 0 1 0 1 0]
At  8301/30000: COST 0.013/2.600(0.024) -- Acc 0.990/0.600(0.993)
[1 0 1 0 1 0 0 1 0 1 1 1 1 1 0 0 0 0 1 1 1 1 1 0 0 1 0 1 0 1 1 1 1 1 1 1 1
 0 0 0 1 1 0 1 1 0 1 1 1 0 1 1 1 1 0 1 0 1 0 1 1 1 1 0 1 0 1 1 0 0 1 1 1 0
 1 1 1 0 1 1 1 1 0 1 1 1 1 0 1 0 1 0 0 1 1 1 1 1 1 1]
At  8401/30000: COST 0.004/2.524(0.026) -- Acc 1.000/0.540(0.993)
[1 0 1 1 1 1 0 0 1 0 0 1 1 0 1 1 1 0 0 1 0 1 1 1 1 1 0 1 1 1 1 1 0 1 1 0 0
 1 1 1 1 1 1 1 1 1 0 1 1 1 1 0 1 1 1 0 1 0 0 0 0 1 0 1 1 0 0 1 0 1 1 1 1 1
 0 1 0 0 1 1 0 1 1 1 1 1 0 1 1 1 1 1 1 0 1 0 1 1 0 0]
At  8501/30000: COST 0.002/2.640(0.017) -- Acc 1.000/0.500(0.995)
[1 1 0 1 1 0 1 0 1 0 0 1 1 1 1 1 1 0 0 1 1 1 1 0 0 1 1 1 1 1 1 1 0 1 1 0 1
 0 0 1 1 1 1 1 1 1 1 0 1 0 1 1 1 1 0 0 1 1 1 1 1 1 1 1 1 0 1 0 1 0 1 1 1 1
 0 1 1 0 1 1 1 1 0 1 1 0 1 0 1 1 0 0 0 0 0 0 1 1 1 0]
At  8601/30000: COST 0.004/2.457(0.019) -- Acc 1.000/0.530(0.995)
[0 0 1 0 1 1 1 1 0 1 1 1 0 0 1 1 1 1 0 1 1 0 0 1 0 1 0 1 0 1 1 1 1 0 0 1 0
 1 1 1 1 0 1 1 1 0 1 1 1 1 1 1 1 1 1 1 0 1 1 1 1 1 0 0 1 1 0 0 0 1 1 1 1 0
 0 0 1 1 1 1 1 1 1 1 0 1 1 1 1 0 1 1 1 1 1 0 1 0 1 0]
At  8701/30000: COST 0.001/2.727(0.011) -- Acc 1.000/0.520(0.997)
[1 1 1 1 1 1 1 0 1 1 1 1 0 1 1 0 1 1 0 1 0 0 0 0 0 0 1 0 1 0 0 1 0 0 1 0 1
 1 1 1 1 0 0 1 1 1 1 1 1 1 1 1 1 1 0 1 1 0 0 0 1 1 1 1 0 0 1 0 1 1 0 1 1 1
 1 1 0 1 0 1 1 0 1 1 0 1 0 0 1 1 1 0 0 1 1 1 0 1 1 1]
At  8801/30000: COST 0.029/2.598(0.022) -- Acc 0.990/0.540(0.993)
[0 1 1 1 0 1 1 1 0 1 1 1 0 1 1 1 0 1 0 1 0 1 0 1 0 1 1 1 1 1 0 1 1 1 1 1 1
 1 1 0 0 0 1 1 1 1 0 0 1 0 1 0 1 0 1 1 0 0 1 1 0 0 0 1 0 0 0 0 0 1 1 0 1 1
 0 1 1 1 0 0 1 0 0 1 1 1 1 1 0 1 1 1 1 0 1 1 0 1 1 1]
At  8901/30000: COST 0.011/2.763(0.024) -- Acc 1.000/0.580(0.993)
[1 1 0 0 1 1 1 0 1 0 0 1 1 0 1 1 1 1 1 0 0 1 0 1 1 1 1 1 0 0 0 0 1 0 1 0 1
 1 0 1 1 0 1 1 1 0 1 1 1 1 1 1 0 1 0 0 1 1 0 0 1 0 1 0 1 0 1 1 1 0 1 1 1 1
 1 1 0 1 0 1 0 0 0 1 1 1 1 1 1 1 1 1 1 1 1 1 1 1 1 1]
At  9001/30000: COST 0.002/2.915(0.017) -- Acc 1.000/0.550(0.995)
[0 0 1 1 1 0 1 0 1 0 1 1 1 1 1 1 1 1 1 1 1 0 1 1 1 1 1 0 1 1 1 1 1 1 1 1 0
 1 1 0 1 0 0 1 1 1 1 0 1 1 1 1 0 0 1 1 0 0 0 0 0 0 1 0 0 0 1 1 1 1 1 1 1 1
 0 1 1 1 1 1 1 1 0 1 0 0 0 1 1 0 0 1 0 1 1 1 0 0 1 0]
At  9101/30000: COST 0.005/2.922(0.012) -- Acc 1.000/0.570(0.997)
[0 0 1 1 1 1 1 1 1 1 1 1 0 0 0 1 1 0 1 1 0 0 1 0 1 1 1 0 0 1 1 0 1 1 1 1 0
 1 0 0 1 1 1 1 0 0 0 1 0 1 1 1 0 1 1 1 1 1 1 1 0 1 0 0 1 1 0 1 1 1 1 1 1 1
 0 1 1 1 1 0 0 1 1 0 1 0 1 1 1 1 1 1 0 1 0 0 1 0 0 1]
At  9201/30000: COST 0.006/3.052(0.008) -- Acc 1.000/0.590(0.998)
[1 1 1 0 0 1 0 1 1 0 0 0 1 0 0 1 1 0 1 1 1 1 0 1 1 0 0 0 0 1 1 1 1 0 1 0 1
 1 1 1 1 1 1 1 1 1 1 1 0 1 0 0 1 1 1 1 1 0 1 0 0 1 1 1 0 1 1 1 0 1 0 0 1 1
 0 1 1 1 1 1 1 0 1 0 1 1 1 1 1 0 1 0 0 1 0 0 1 0 1 1]
At  9301/30000: COST 0.006/2.677(0.028) -- Acc 1.000/0.580(0.992)
[0 1 1 1 1 1 1 1 1 0 1 0 1 1 1 0 0 1 1 0 0 0 1 1 1 0 1 1 0 1 0 0 1 1 1 1 1
 1 0 0 1 1 0 0 1 1 1 0 0 1 1 1 0 0 1 1 1 1 1 1 1 0 0 0 0 1 1 0 1 1 1 1 1 0
 1 0 1 0 1 1 1 0 1 1 0 1 1 0 1 1 1 0 0 1 1 1 1 1 1 1]
At  9401/30000: COST 0.001/3.265(0.018) -- Acc 1.000/0.520(0.995)
[1 1 1 1 1 0 1 1 0 1 1 1 0 0 0 0 1 1 1 1 0 0 0 0 0 0 1 1 1 1 1 1 1 1 0 1 1
 0 0 1 1 1 1 0 1 0 1 0 0 1 1 0 1 1 0 1 0 1 1 1 0 0 0 0 1 1 0 1 1 1 0 1 0 1
 1 0 1 0 1 0 1 0 1 1 1 1 1 1 1 1 1 0 0 1 1 0 1 0 1 1]
At  9501/30000: COST 0.009/3.191(0.010) -- Acc 0.990/0.580(0.997)
[1 1 1 0 1 0 1 1 1 1 1 1 1 1 0 0 1 1 0 0 1 1 0 1 0 1 0 1 0 1 0 1 1 0 0 1 1
 1 1 1 1 0 1 0 0 1 1 1 1 1 1 1 0 0 0 1 0 1 1 1 1 1 0 0 1 1 1 1 1 1 1 0 1 0
 0 1 1 1 1 0 1 0 1 0 1 0 0 1 1 1 1 1 1 0 1 0 0 1 1 0]
At  9601/30000: COST 0.001/3.462(0.008) -- Acc 1.000/0.550(0.998)
[1 0 1 1 1 1 0 1 1 0 1 0 1 1 1 0 1 0 1 1 1 0 1 0 1 0 0 1 1 1 1 0 1 1 0 1 1
 0 0 0 1 1 1 1 0 0 0 1 0 1 1 1 0 1 0 1 1 1 1 1 1 1 1 1 1 0 1 1 0 1 1 0 0 1
 0 1 1 1 1 1 1 1 1 0 1 1 0 1 1 1 1 0 0 0 1 1 1 1 1 1]
At  9701/30000: COST 0.006/3.755(0.007) -- Acc 1.000/0.540(0.998)
[1 1 1 0 1 1 1 0 1 1 1 0 0 0 0 0 0 1 1 1 0 1 1 1 1 1 1 1 1 1 0 1 0 1 1 1 1
 1 0 1 0 1 1 0 1 0 0 1 1 1 0 0 1 0 1 1 0 0 0 1 0 0 0 1 1 1 1 1 1 1 1 0 0 1
 0 1 0 0 0 1 0 0 1 1 1 1 0 1 1 0 1 1 0 1 0 1 0 1 1 0]
At  9801/30000: COST 0.005/3.705(0.013) -- Acc 1.000/0.540(0.996)
[1 0 1 1 1 1 1 1 1 0 0 1 0 1 1 1 1 1 1 1 1 1 1 0 1 0 1 0 1 0 0 1 1 1 0 1 0
 0 1 1 1 1 1 1 1 1 1 0 1 0 1 1 0 0 1 0 1 1 1 1 0 1 1 0 0 1 1 1 0 1 0 0 1 1
 1 0 0 1 1 0 1 1 0 1 1 1 1 0 1 1 1 0 1 1 1 1 1 1 0 1]
At  9901/30000: COST 0.050/3.256(0.021) -- Acc 0.990/0.510(0.993)
[0 0 0 0 1 0 0 0 0 1 1 1 1 0 0 0 1 0 1 1 0 0 0 1 0 1 1 1 1 1 1 1 1 1 1 0 1
 1 1 1 0 1 1 0 1 1 0 0 1 0 1 0 1 1 1 1 1 0 1 1 1 0 1 1 0 1 0 1 1 1 0 1 1 1
 1 1 0 1 1 1 1 1 0 0 1 1 1 1 1 0 0 1 1 0 1 1 1 1 1 1]
At 10001/30000: COST 0.024/3.093(0.019) -- Acc 0.990/0.570(0.994)
[1 0 1 1 1 1 1 1 0 1 1 1 0 0 1 1 1 0 0 1 0 1 1 1 1 0 1 1 1 1 0 1 1 1 1 1 0
 0 1 1 0 1 1 1 1 1 0 1 1 1 1 1 0 1 0 0 1 1 1 0 0 0 0 0 1 0 1 1 1 0 1 0 0 0
 1 0 1 0 1 1 0 0 1 1 1 1 1 0 1 1 1 1 0 1 1 0 1 1 1 1]
At 10101/30000: COST 0.083/3.105(0.016) -- Acc 0.980/0.540(0.996)
[1 1 1 1 1 0 1 1 1 1 1 1 1 0 0 0 1 0 1 1 0 0 1 1 1 1 1 1 1 1 0 1 0 1 1 1 0
 1 1 1 1 1 0 1 1 1 1 0 1 0 1 1 1 0 1 0 1 1 0 1 0 0 1 1 1 0 1 0 1 0 0 0 1 1
 1 1 1 1 1 0 0 1 1 1 1 1 0 1 1 0 1 1 1 1 1 0 1 0 0 1]
At 10201/30000: COST 0.097/2.591(0.029) -- Acc 0.970/0.570(0.992)
[1 1 1 1 0 0 1 1 0 1 0 1 1 0 0 1 1 1 1 1 0 1 1 1 1 0 1 0 0 1 1 0 1 1 1 1 0
 1 1 1 0 0 0 1 0 0 1 0 1 1 0 0 1 1 1 0 0 1 1 1 0 0 1 1 1 1 1 0 1 0 0 1 1 1
 1 1 0 1 1 1 1 1 1 1 0 1 0 1 0 0 1 1 0 1 1 0 1 0 1 0]
At 10301/30000: COST 0.002/2.626(0.021) -- Acc 1.000/0.570(0.993)
[0 1 1 1 1 1 0 0 1 1 1 1 1 0 0 1 1 1 1 0 1 1 1 0 1 1 1 0 1 1 0 1 0 0 1 0 1
 0 0 1 1 1 0 1 1 1 0 1 1 1 1 1 1 1 0 1 0 1 1 1 1 1 1 1 0 1 1 1 0 0 0 0 0 1
 0 0 1 0 0 1 1 1 1 0 1 1 1 1 1 0 1 1 0 1 0 1 0 0 1 1]
At 10401/30000: COST 0.017/2.916(0.014) -- Acc 0.990/0.550(0.996)
[1 1 1 0 1 1 0 0 1 1 1 1 0 1 1 1 0 1 1 1 1 1 0 1 1 1 1 1 1 1 0 0 0 0 0 0 1
 1 1 0 1 1 1 1 1 1 0 0 1 1 1 0 1 1 0 0 0 1 0 0 1 1 1 0 1 1 1 1 1 1 0 1 1 1
 0 1 1 1 1 1 0 0 1 1 1 1 1 0 0 0 1 0 0 1 0 0 0 1 1 1]
At 10501/30000: COST 0.011/3.022(0.013) -- Acc 1.000/0.610(0.996)
[0 1 0 1 0 1 1 1 0 1 1 1 1 1 1 0 1 1 1 1 0 0 0 1 1 1 0 0 0 1 0 1 1 1 0 1 0
 1 0 1 1 0 0 0 0 1 1 0 1 0 1 1 0 0 0 1 1 1 0 0 0 1 1 1 0 1 1 1 0 1 1 0 0 0
 1 1 1 1 0 0 1 1 1 1 1 1 1 1 1 1 0 1 1 0 1 0 1 1 1 1]
At 10601/30000: COST 0.045/3.087(0.011) -- Acc 0.990/0.540(0.997)
[1 1 0 1 1 0 0 1 0 0 0 1 1 0 1 1 1 1 0 1 0 1 1 0 1 1 0 0 1 1 0 1 1 0 1 1 0
 0 0 1 1 1 1 0 0 1 1 1 1 0 1 0 1 1 0 0 1 1 0 0 1 1 0 1 1 1 1 1 0 0 1 0 1 1
 0 0 1 1 1 0 1 1 1 0 1 1 1 1 1 1 1 1 1 1 1 1 1 1 1 1]
At 10701/30000: COST 0.002/3.530(0.006) -- Acc 1.000/0.560(0.998)
[1 1 0 0 1 1 0 1 1 0 1 1 1 0 1 1 1 1 1 1 0 1 1 0 0 0 1 1 1 1 1 1 1 1 0 1 1
 0 0 0 1 1 0 1 0 1 0 1 1 0 0 1 1 1 1 1 0 1 1 1 1 1 0 1 1 0 1 1 0 1 1 1 0 1
 1 1 1 1 1 0 0 1 1 0 0 0 0 0 1 1 0 1 1 1 1 0 1 1 0 1]
At 10801/30000: COST 0.012/3.140(0.006) -- Acc 0.990/0.520(0.998)
[0 1 0 1 1 1 1 1 1 0 0 1 1 1 0 1 1 1 1 0 1 1 1 0 1 1 1 0 0 1 0 1 1 1 1 0 0
 0 0 1 1 1 1 1 1 1 1 1 0 0 1 1 0 0 1 1 0 0 0 1 0 1 0 1 1 1 1 0 1 1 1 0 0 1
 0 1 1 0 0 0 1 0 1 0 1 1 0 1 1 0 1 1 1 1 1 0 0 1 0 0]
At 10901/30000: COST 0.009/2.487(0.020) -- Acc 1.000/0.590(0.994)
[1 1 1 1 1 1 0 1 0 1 1 0 1 1 0 1 1 1 1 1 0 1 0 1 0 1 0 0 1 1 1 1 0 0 1 1 1
 0 0 0 1 1 1 1 1 1 1 0 1 1 0 1 1 0 1 1 0 1 0 1 1 1 1 1 1 1 1 1 0 0 1 1 1 1
 1 0 1 0 0 1 1 0 1 1 1 1 1 1 1 1 1 1 0 1 1 0 1 0 0 0]
At 11001/30000: COST 0.002/2.558(0.013) -- Acc 1.000/0.590(0.996)
[1 0 0 0 1 1 0 0 0 1 1 1 1 1 1 1 1 1 1 0 1 1 1 1 1 0 0 1 1 1 1 1 0 1 1 1 1
 1 1 1 1 1 1 1 0 0 1 1 0 1 1 0 0 0 1 1 1 0 1 1 1 1 1 0 1 1 1 0 1 1 1 1 0 1
 1 0 0 1 0 1 0 0 0 0 1 1 1 0 1 1 1 1 0 1 1 0 1 1 1 1]
At 11101/30000: COST 0.038/2.920(0.015) -- Acc 0.980/0.570(0.995)
[1 1 0 0 0 1 1 0 1 1 1 0 0 0 1 0 1 0 1 1 0 1 1 1 0 0 1 1 0 1 0 1 1 1 1 1 0
 0 0 1 1 1 0 1 0 1 1 1 0 1 1 1 1 1 1 0 1 1 1 1 1 1 0 1 1 1 1 0 1 1 0 0 1 1
 1 1 0 1 1 0 0 1 0 1 0 1 1 1 1 0 0 1 1 1 0 1 1 1 1 1]
At 11201/30000: COST 0.008/3.060(0.020) -- Acc 1.000/0.540(0.995)
[1 1 1 0 0 1 1 0 1 1 1 1 1 1 1 1 0 1 1 0 1 1 1 1 0 1 1 0 0 1 1 0 1 0 1 1 1
 0 1 1 1 0 0 1 1 1 1 1 0 1 0 1 0 1 1 0 1 0 1 1 1 0 1 0 1 1 0 1 0 1 1 1 0 1
 0 0 1 1 1 1 1 1 1 1 0 1 0 0 1 0 1 1 1 1 1 0 1 1 0 0]
At 11301/30000: COST 0.075/3.484(0.014) -- Acc 0.980/0.510(0.997)
[0 0 1 0 1 1 1 1 0 1 1 1 0 1 1 0 0 0 1 1 1 1 0 0 1 1 1 1 0 1 1 1 0 1 1 0 0
 1 0 1 1 0 1 1 1 1 0 1 1 0 1 1 0 1 1 0 1 0 1 1 1 1 0 1 1 1 1 1 0 1 1 0 1 1
 0 1 1 1 1 0 1 0 1 0 1 1 1 0 0 1 0 1 1 0 0 0 0 1 1 1]
At 11401/30000: COST 0.025/2.632(0.026) -- Acc 0.980/0.600(0.992)
[0 1 0 1 0 1 1 1 1 0 1 1 0 0 0 1 1 0 1 0 0 0 1 0 0 1 1 0 1 1 1 1 0 0 1 0 1
 0 1 1 1 1 0 0 1 0 1 1 1 1 0 1 1 1 1 1 1 1 1 0 0 1 1 1 1 1 1 1 0 0 0 1 1 1
 1 0 0 0 1 1 1 1 0 1 1 1 1 1 1 0 1 1 0 1 1 0 0 1 0 1]
At 11501/30000: COST 0.005/2.990(0.014) -- Acc 1.000/0.570(0.996)
[1 1 1 1 1 1 1 1 1 0 1 0 1 1 0 1 1 1 1 0 1 1 1 1 1 1 0 1 1 0 0 1 1 1 1 1 1
 1 1 0 1 1 1 0 1 1 0 0 0 1 0 1 1 1 1 0 1 1 1 1 1 0 0 1 1 1 1 1 1 1 1 1 0 0
 1 1 1 0 0 0 0 1 1 1 0 1 0 1 1 1 0 1 1 1 1 1 0 1 1 0]
At 11601/30000: COST 0.001/3.435(0.009) -- Acc 1.000/0.540(0.997)
[0 1 1 1 1 0 0 1 1 0 1 1 1 1 1 0 1 1 1 0 1 1 0 1 1 1 1 0 0 0 1 0 1 1 1 0 0
 0 0 1 0 0 1 1 0 1 0 1 1 1 1 0 1 1 1 1 1 1 1 1 0 0 0 0 0 1 0 1 0 1 1 0 1 0
 1 1 1 0 0 1 1 1 1 0 1 1 1 1 1 1 1 1 1 0 1 1 1 1 1 0]
At 11701/30000: COST 0.000/3.326(0.007) -- Acc 1.000/0.570(0.998)
[1 1 0 1 0 1 1 1 1 0 0 1 0 1 0 0 0 1 1 1 1 0 0 1 1 1 1 0 1 1 1 1 1 0 0 1 1
 0 0 1 1 0 0 1 1 1 1 1 1 1 0 1 0 1 1 1 0 1 0 1 0 1 1 1 1 1 1 1 1 0 0 1 1 1
 1 1 1 1 1 1 0 1 1 0 0 1 0 1 1 1 1 1 1 1 1 0 1 0 0 1]
At 11801/30000: COST 0.000/3.124(0.008) -- Acc 1.000/0.620(0.998)
[1 0 1 0 1 0 1 0 0 1 0 1 1 1 1 1 1 0 0 1 1 1 1 0 0 0 1 0 1 0 0 1 1 1 0 1 1
 1 1 0 1 1 1 1 1 1 1 0 1 1 1 0 1 1 0 0 1 0 0 1 1 1 0 1 1 1 1 1 1 1 1 0 1 0
 1 1 0 0 1 0 1 1 1 0 1 0 0 0 1 1 1 1 1 1 1 0 1 1 1 1]
At 11901/30000: COST 0.007/3.351(0.006) -- Acc 1.000/0.560(0.998)
[1 1 1 1 0 1 1 1 0 1 1 1 1 1 0 1 1 0 1 1 1 0 0 1 1 1 1 0 1 1 1 1 1 1 1 1 1
 0 1 1 0 0 0 1 1 1 0 1 1 0 1 0 1 1 0 0 0 1 1 0 1 1 1 1 0 1 1 1 0 1 1 1 1 0
 1 0 0 0 1 1 1 1 1 1 1 1 1 0 1 1 1 0 0 1 1 1 0 1 1 0]
At 12001/30000: COST 0.004/3.265(0.015) -- Acc 1.000/0.520(0.997)
[1 1 0 1 1 1 1 1 1 1 0 1 1 0 0 1 1 1 1 0 0 0 1 1 1 1 1 0 0 0 1 1 0 0 1 1 1
 0 1 1 0 1 0 0 1 1 1 0 0 0 1 1 0 1 1 0 1 1 0 0 1 1 1 1 1 1 1 1 0 0 0 1 1 1
 1 0 0 1 1 0 1 1 0 1 1 1 1 1 0 0 0 1 1 1 1 0 1 1 1 0]
At 12101/30000: COST 0.004/3.044(0.013) -- Acc 1.000/0.580(0.997)
[1 1 1 1 1 1 1 1 0 0 0 1 1 1 1 1 1 1 0 0 1 1 0 1 1 1 0 1 0 1 0 1 1 1 1 1 0
 1 0 0 1 1 0 1 1 1 1 1 1 0 1 0 1 1 1 1 0 1 1 1 0 0 1 1 1 0 0 1 1 1 0 0 0 1
 1 1 1 0 1 1 1 0 1 1 0 1 0 1 1 0 0 1 0 0 1 1 1 0 1 0]
At 12201/30000: COST 0.007/3.394(0.011) -- Acc 1.000/0.540(0.998)
[1 1 1 0 1 1 1 1 0 1 0 0 1 1 1 1 1 1 0 1 1 1 0 1 0 1 1 0 1 1 1 1 1 0 1 0 1
 0 1 1 1 1 1 1 1 0 1 0 1 1 0 1 1 0 1 0 0 0 1 0 0 0 1 0 0 1 0 1 0 1 0 1 1 1
 1 1 1 1 0 0 1 1 1 0 1 0 1 0 0 1 1 1 1 1 0 0 1 0 1 1]
At 12301/30000: COST 0.068/2.465(0.061) -- Acc 0.970/0.600(0.986)
[0 1 1 0 0 1 0 0 1 1 1 1 0 1 0 1 1 0 1 1 0 0 1 0 1 0 0 1 1 1 0 0 0 0 1 1 1
 1 1 0 1 0 1 1 0 1 1 0 1 0 1 1 1 0 1 1 1 0 1 1 1 1 1 1 0 1 1 1 0 1 1 1 0 1
 0 1 1 1 0 1 1 0 1 1 1 1 1 0 1 1 1 0 0 1 1 0 1 0 1 0]
At 12401/30000: COST 0.036/2.704(0.044) -- Acc 0.980/0.530(0.989)
[1 0 1 0 1 0 1 1 1 0 0 0 1 1 1 1 1 1 1 0 1 1 1 1 0 1 0 1 1 0 1 1 1 1 0 1 0
 1 0 1 1 1 1 1 1 1 0 0 0 1 1 1 0 1 1 1 1 0 1 0 1 1 1 1 0 1 0 1 1 0 1 0 1 1
 1 0 0 0 1 1 0 1 1 1 1 0 1 1 1 1 0 0 1 1 1 0 1 1 0 0]
At 12501/30000: COST 0.007/2.408(0.034) -- Acc 1.000/0.620(0.991)
[1 0 1 0 1 1 1 1 1 1 0 0 1 0 1 1 0 1 0 0 1 0 0 1 1 1 1 1 1 1 1 0 0 0 1 1 1
 1 1 1 1 1 1 0 0 1 0 0 0 0 1 1 0 0 1 1 1 1 1 1 1 1 1 1 1 1 1 1 1 1 1 1 1 1
 1 1 1 0 0 1 1 1 1 1 0 1 0 1 0 0 0 1 1 1 1 0 0 1 0 1]
At 12601/30000: COST 0.004/2.564(0.018) -- Acc 1.000/0.560(0.995)
[1 1 1 1 1 0 1 1 1 1 1 1 1 1 0 0 0 0 1 1 0 1 1 1 1 1 1 0 1 0 0 1 1 0 1 1 0
 1 1 0 1 1 0 1 1 1 1 1 0 1 1 1 1 1 1 1 0 1 1 0 1 1 0 1 1 1 1 1 0 1 0 1 1 1
 0 1 0 1 1 1 0 1 1 0 1 1 1 1 0 1 1 0 1 0 0 0 1 1 0 1]
At 12701/30000: COST 0.005/2.966(0.012) -- Acc 1.000/0.540(0.997)
[0 1 0 1 0 0 1 1 1 1 0 1 0 0 1 1 0 1 1 0 1 1 0 1 1 1 1 1 0 1 0 1 1 0 1 1 0
 1 1 1 1 1 1 0 1 1 1 0 1 1 0 1 1 0 1 1 1 1 1 1 1 1 1 1 0 1 1 1 1 1 1 0 0 1
 1 1 0 0 1 0 1 1 1 1 1 1 1 1 1 1 1 1 0 0 0 1 0 0 1 0]
At 12801/30000: COST 0.024/2.961(0.008) -- Acc 0.990/0.510(0.998)
[1 1 0 1 1 0 1 1 0 1 0 1 1 1 1 1 1 1 1 1 0 0 1 1 1 1 0 0 0 1 0 0 1 0 1 1 0
 1 1 1 1 1 1 0 1 1 1 0 0 1 0 1 1 1 1 1 1 1 0 0 1 1 0 1 0 1 1 1 1 0 0 0 1 1
 0 0 1 0 1 1 1 0 1 0 1 1 0 1 1 1 1 0 1 1 1 1 1 1 1 0]
At 12901/30000: COST 0.009/3.178(0.005) -- Acc 1.000/0.530(0.999)
[1 1 0 0 1 1 1 0 1 0 1 1 0 1 1 1 1 1 1 1 1 1 1 1 0 1 1 1 0 0 1 1 0 0 1 0 0
 1 1 0 1 0 1 1 0 0 1 1 0 1 1 1 1 1 1 1 1 0 1 1 1 0 1 1 1 0 0 1 0 0 1 1 0 0
 0 1 1 0 1 1 1 0 1 1 1 0 1 0 1 0 1 1 1 0 1 0 1 0 1 1]
At 13001/30000: COST 0.002/3.401(0.003) -- Acc 1.000/0.550(0.999)
[0 1 1 1 0 1 1 1 1 1 1 0 0 0 0 1 1 1 0 1 0 0 1 1 0 1 1 0 1 1 1 0 1 0 1 1 1
 1 1 0 1 1 1 1 0 0 0 0 1 1 1 1 0 1 1 1 1 1 1 0 1 1 1 1 1 0 1 1 1 1 1 1 0 0
 0 1 0 1 0 1 1 0 0 1 1 1 0 1 1 1 1 1 1 0 0 0 0 0 1 1]
At 13101/30000: COST 0.081/3.595(0.004) -- Acc 0.990/0.510(0.999)
[1 1 0 0 1 1 0 0 1 1 1 1 1 1 0 0 1 1 1 0 1 1 1 0 0 0 1 1 1 0 1 1 1 1 1 0 0
 0 1 1 1 1 1 1 0 0 1 1 1 0 1 1 0 1 1 1 1 1 1 1 1 1 1 0 0 1 0 0 0 0 0 1 0 1
 0 1 1 0 1 1 1 0 1 0 1 0 1 1 1 1 1 0 0 0 0 1 1 1 0 1]
At 13201/30000: COST 0.001/3.516(0.004) -- Acc 1.000/0.530(0.999)
[1 1 0 1 0 1 0 0 1 1 0 1 1 1 0 1 1 1 0 1 0 1 1 1 0 0 0 0 0 1 1 0 1 0 1 1 1
 0 1 1 1 0 1 1 1 1 0 1 0 0 0 1 1 0 1 1 1 0 1 1 1 0 1 1 0 0 1 1 1 0 0 1 1 1
 0 1 0 0 0 0 1 0 1 0 1 1 0 1 0 1 1 1 1 1 0 1 1 1 1 0]
At 13301/30000: COST 0.002/3.418(0.012) -- Acc 1.000/0.520(0.997)
[0 0 0 1 1 1 1 1 1 1 0 0 1 1 1 1 0 1 0 1 1 1 0 1 1 1 1 1 1 0 1 0 0 1 0 1 1
 1 1 1 0 1 0 0 0 0 1 1 1 0 0 1 1 1 1 1 1 1 1 0 1 1 1 0 0 1 0 0 0 0 1 1 1 1
 0 0 0 1 1 1 0 1 1 1 1 1 1 1 1 0 0 1 1 0 1 1 1 0 1 1]
At 13401/30000: COST 0.082/2.810(0.030) -- Acc 0.980/0.550(0.991)
[1 1 1 1 0 1 0 1 0 1 0 0 0 1 1 0 1 1 0 0 0 1 0 1 0 1 1 1 1 1 1 0 1 1 1 1 1
 0 1 1 1 1 1 1 1 1 0 0 0 1 1 1 1 1 0 1 1 0 1 0 0 1 0 1 0 0 1 1 1 0 0 1 0 1
 0 1 1 0 1 0 1 1 0 0 1 1 1 0 0 1 1 0 1 1 1 0 1 1 1 0]
At 13501/30000: COST 0.023/2.584(0.030) -- Acc 0.990/0.560(0.991)
[0 1 1 1 0 0 0 1 0 1 1 1 1 0 1 0 1 1 1 0 1 1 0 1 1 0 1 0 0 0 1 1 1 1 1 1 0
 1 0 0 1 1 0 1 1 1 0 1 1 0 1 1 1 1 1 1 1 0 1 0 1 1 1 1 0 1 1 1 0 1 1 0 1 1
 0 1 1 1 1 1 1 1 1 0 0 0 1 1 1 1 0 1 0 1 0 1 1 0 1 1]
At 13601/30000: COST 0.003/2.695(0.021) -- Acc 1.000/0.570(0.994)
[1 0 1 0 1 1 1 1 0 1 1 1 1 1 0 1 1 0 0 1 1 1 1 1 1 1 1 0 1 1 1 0 1 1 1 1 1
 0 1 1 0 1 1 1 0 1 0 1 0 1 0 1 0 1 0 1 0 1 1 0 1 0 1 1 1 0 1 1 1 1 1 0 1 1
 1 1 0 1 0 1 0 1 1 0 1 1 1 1 1 1 0 1 1 0 1 1 0 0 1 1]
At 13701/30000: COST 0.007/2.930(0.017) -- Acc 1.000/0.560(0.995)
[1 1 1 1 1 0 1 0 0 1 1 0 1 0 1 1 1 1 0 1 1 1 1 1 1 1 1 1 1 0 1 1 1 1 1 0 0
 1 0 1 0 0 0 1 0 0 0 1 1 1 0 0 1 0 0 1 0 0 0 1 1 1 1 1 1 1 1 1 1 0 1 1 0 1
 1 1 1 1 1 0 1 1 1 1 1 1 1 0 1 1 0 1 1 0 0 0 1 1 0 0]
At 13801/30000: COST 0.003/2.804(0.010) -- Acc 1.000/0.580(0.998)
[1 0 1 1 1 1 1 1 1 1 1 1 1 1 0 1 0 1 0 1 1 1 0 0 0 1 1 0 1 1 0 1 0 1 1 1 1
 1 1 1 1 1 0 1 0 1 1 0 1 1 1 1 1 0 0 0 0 1 1 1 1 1 0 0 1 1 0 0 1 1 0 1 1 1
 0 0 0 0 1 1 1 1 0 0 1 1 0 1 0 1 1 1 1 1 0 1 1 1 1 1]
At 13901/30000: COST 0.001/3.194(0.006) -- Acc 1.000/0.560(0.999)
[0 0 0 1 0 1 1 1 1 0 0 1 1 0 0 0 1 0 0 1 1 1 1 1 1 1 0 1 0 1 0 1 0 1 1 1 1
 1 0 1 1 1 1 1 0 1 1 1 0 1 1 1 0 1 0 1 1 1 1 0 1 0 1 1 1 1 1 1 1 0 1 1 1 1
 1 1 0 0 0 1 1 1 1 1 1 0 1 0 0 0 0 0 1 1 1 1 0 1 1 1]
At 14001/30000: COST 0.001/3.422(0.004) -- Acc 1.000/0.520(0.999)
[0 0 1 0 0 1 0 1 1 1 1 1 1 1 0 1 0 0 1 1 1 0 1 0 1 1 1 0 1 1 1 1 1 1 0 1 0
 1 0 1 1 0 1 1 1 1 1 1 1 1 1 0 0 1 1 1 0 1 1 0 1 1 1 0 1 1 1 0 0 1 1 1 1 0
 1 0 0 1 1 1 1 1 0 0 1 0 0 1 1 1 0 1 1 1 1 0 1 1 1 0]
At 14101/30000: COST 0.002/3.445(0.004) -- Acc 1.000/0.550(0.999)
[1 1 1 0 0 1 1 1 1 0 1 1 0 1 0 0 0 1 1 1 0 1 1 1 1 1 0 0 0 1 1 1 1 1 0 1 1
 0 0 1 0 0 1 0 1 1 1 1 1 1 0 1 1 0 1 1 1 1 0 1 0 0 1 1 1 1 0 1 1 1 1 1 1 1
 1 1 1 1 0 0 0 1 0 1 1 0 1 0 1 1 1 0 1 0 1 0 0 1 0 1]
At 14201/30000: COST 0.001/2.973(0.006) -- Acc 1.000/0.630(0.998)
[1 1 1 1 0 0 1 0 1 1 1 1 1 1 0 0 1 1 1 1 1 1 1 1 1 0 1 1 0 0 1 0 1 0 1 1 0
 1 0 1 1 0 0 0 1 0 1 0 0 0 0 1 1 1 1 1 1 0 1 1 1 1 1 1 1 1 1 1 0 0 0 1 0 1
 1 0 0 1 1 0 1 1 1 1 0 1 0 0 1 0 0 0 1 0 1 0 1 0 1 1]
At 14301/30000: COST 0.004/3.500(0.005) -- Acc 1.000/0.520(0.998)
[1 1 1 1 1 1 1 1 1 1 1 1 1 0 0 0 1 1 1 1 0 1 1 1 1 1 1 1 1 1 1 1 0 1 0 0 0
 1 1 0 1 1 0 0 1 1 1 1 0 1 1 1 0 1 1 1 1 1 1 0 1 0 1 1 1 0 0 1 0 1 1 0 1 0
 1 0 0 0 0 0 1 1 0 1 0 1 1 1 1 1 0 1 1 1 1 0 1 0 1 0]
At 14401/30000: COST 0.125/3.092(0.017) -- Acc 0.980/0.540(0.996)
[0 1 0 1 1 1 1 0 0 0 1 1 1 1 0 0 1 1 1 1 1 1 1 1 1 1 1 1 1 1 1 1 1 0 1 0 0
 1 0 1 1 1 1 1 1 0 0 1 1 1 1 0 1 0 0 1 1 1 1 0 0 1 0 0 1 0 1 1 1 1 1 1 1 1
 0 0 1 1 1 1 1 1 1 1 1 1 0 1 0 1 1 1 0 1 1 0 1 0 0 1]
At 14501/30000: COST 0.072/2.377(0.041) -- Acc 0.990/0.580(0.988)
[1 1 0 0 1 1 0 0 1 1 1 1 1 1 1 1 0 1 1 0 1 1 1 1 1 1 0 1 0 1 1 1 1 1 1 0 0
 1 0 1 1 0 1 1 1 1 1 0 0 1 1 1 0 0 1 0 1 1 1 1 0 0 1 0 1 1 1 0 1 1 0 1 0 1
 1 0 1 0 0 1 1 1 1 0 1 1 1 1 1 1 0 0 0 1 0 1 1 0 1 0]
At 14601/30000: COST 0.006/2.662(0.024) -- Acc 1.000/0.520(0.993)
[1 1 0 1 0 0 1 1 0 0 1 1 1 0 1 0 1 0 0 1 1 0 1 0 1 1 1 1 1 1 1 1 0 1 0 1 1
 0 1 1 0 1 1 1 0 0 1 1 1 1 1 1 1 0 0 0 1 0 0 1 1 1 1 1 1 0 1 1 1 1 1 1 1 0
 0 1 1 1 1 1 1 1 1 0 1 1 1 1 1 1 0 0 1 1 0 1 1 1 1 1]
At 14701/30000: COST 0.002/3.001(0.011) -- Acc 1.000/0.500(0.997)
[0 0 1 1 1 1 1 1 0 1 1 1 1 0 0 0 0 1 0 1 1 1 1 0 0 0 1 1 0 0 1 1 1 1 0 1 0
 1 1 1 0 1 0 1 1 0 1 1 1 1 0 1 1 1 0 1 1 1 1 1 0 1 0 0 0 1 0 1 1 0 1 1 1 1
 0 1 1 1 1 1 1 1 0 1 1 0 0 0 0 1 1 1 1 1 1 1 1 0 1 1]
At 14801/30000: COST 0.001/2.952(0.006) -- Acc 1.000/0.560(0.998)
[1 0 1 1 0 0 1 1 1 1 1 0 1 1 1 1 0 0 1 0 0 0 1 1 0 1 0 1 1 1 0 1 1 1 0 1 1
 0 1 1 1 0 0 1 0 1 1 1 1 1 1 1 0 0 1 1 1 1 1 1 1 1 0 0 1 1 1 1 1 1 0 1 0 1
 0 1 1 1 1 1 0 1 0 1 0 1 1 1 1 0 0 1 1 1 1 1 0 0 1 0]
At 14901/30000: COST 0.002/3.040(0.004) -- Acc 1.000/0.570(0.999)
[1 0 1 1 0 0 1 0 0 1 1 0 1 1 1 0 0 1 0 0 1 1 0 1 1 0 1 1 0 0 1 1 1 1 0 1 1
 1 1 1 1 0 1 1 1 1 1 0 1 1 1 0 0 1 0 0 0 0 1 0 1 1 0 0 0 0 1 0 1 1 1 1 1 1
 1 0 0 1 0 1 1 1 1 1 0 1 0 1 1 1 1 1 0 0 0 0 1 0 0 1]
At 15001/30000: COST 0.079/3.135(0.017) -- Acc 0.990/0.530(0.995)
[1 1 1 1 1 1 1 1 0 1 1 1 1 1 0 0 1 1 1 1 1 1 0 0 1 1 1 0 1 1 0 1 1 1 0 1 0
 0 0 0 0 1 1 1 1 1 1 1 1 0 1 1 1 1 0 0 1 1 1 1 1 0 1 0 1 0 1 1 1 1 1 1 0 1
 0 1 1 1 0 0 0 1 1 1 1 0 1 1 1 1 1 1 1 1 0 0 0 1 1 0]
At 15101/30000: COST 0.005/3.459(0.015) -- Acc 1.000/0.520(0.996)
[1 1 1 0 1 0 1 1 1 1 0 1 0 1 1 0 0 1 1 1 0 1 0 1 1 0 0 0 1 1 0 0 1 1 0 0 1
 1 1 1 0 1 1 1 0 1 0 1 1 0 1 1 0 1 0 0 0 1 1 0 1 0 0 1 1 1 1 0 1 0 1 0 1 0
 0 1 1 1 1 1 1 1 1 0 0 1 0 1 1 1 0 1 1 1 1 1 0 1 0 1]
At 15201/30000: COST 0.016/3.402(0.011) -- Acc 0.990/0.540(0.997)
[0 1 1 0 0 1 1 1 1 1 1 0 0 1 0 1 0 0 0 1 0 0 1 0 0 0 1 0 1 1 1 0 0 1 0 0 1
 1 1 1 0 0 1 1 1 1 1 1 1 1 1 1 1 0 1 1 1 1 0 1 0 0 1 0 1 0 0 1 1 1 1 0 0 1
 0 1 1 1 0 0 1 0 1 0 1 0 1 1 0 1 1 0 1 1 1 0 1 1 1 1]
At 15301/30000: COST 0.014/2.393(0.024) -- Acc 0.990/0.580(0.994)
[1 0 0 1 1 1 1 1 1 1 0 1 1 1 1 0 1 0 0 1 1 1 1 0 1 1 1 1 0 1 0 0 1 1 0 1 0
 1 0 0 0 1 1 1 0 1 1 1 1 0 0 1 1 0 0 0 0 0 1 1 1 0 1 1 0 1 1 1 1 1 1 1 1 0
 1 1 0 1 1 0 0 1 0 1 1 1 1 1 1 1 0 0 0 1 0 1 1 0 1 1]
At 15401/30000: COST 0.002/2.717(0.013) -- Acc 1.000/0.580(0.997)
[1 0 1 0 0 0 1 0 1 1 1 1 1 0 1 1 1 0 1 1 1 0 1 1 1 0 1 1 1 1 1 0 1 0 0 1 0
 1 1 0 1 1 1 1 1 0 1 1 0 1 1 1 0 1 1 0 1 1 1 0 1 1 0 1 1 0 0 0 0 0 0 1 1 1
 0 1 1 0 0 0 1 0 1 0 0 1 1 0 0 1 1 1 0 1 0 1 1 1 1 0]
At 15501/30000: COST 0.000/2.831(0.007) -- Acc 1.000/0.570(0.998)
[1 1 0 1 1 0 1 1 1 0 1 0 1 1 1 1 1 1 1 1 1 1 1 0 1 0 1 1 1 0 0 0 1 1 1 0 1
 0 1 1 1 0 0 1 1 1 0 1 1 0 1 1 1 1 0 0 1 1 0 1 1 0 1 0 0 1 1 0 1 0 0 0 1 1
 0 1 1 1 1 0 1 0 1 1 1 1 1 0 1 1 1 0 0 1 1 1 1 1 0 1]
At 15601/30000: COST 0.004/2.783(0.005) -- Acc 1.000/0.590(0.999)
[1 1 1 1 0 0 0 1 1 1 1 1 1 1 0 0 0 1 0 0 0 1 0 1 1 1 0 0 1 1 1 0 1 0 1 1 1
 0 1 1 1 1 1 0 1 1 0 0 1 1 0 1 1 1 1 1 1 1 1 0 0 0 1 1 1 0 1 0 1 1 1 0 1 0
 1 1 1 0 1 0 0 1 0 1 1 0 1 1 0 0 0 0 1 1 1 1 1 1 1 1]
At 15701/30000: COST 0.003/3.117(0.004) -- Acc 1.000/0.560(0.999)
[1 1 0 1 0 1 1 1 1 0 0 1 1 1 1 0 1 0 0 1 1 1 1 1 1 1 1 1 0 0 1 1 1 1 1 1 1
 1 1 1 0 1 1 1 0 1 0 1 0 0 0 0 0 1 1 1 1 1 1 0 1 1 0 1 1 0 1 1 1 1 1 1 1 0
 0 1 1 1 0 0 1 1 0 1 1 0 1 1 1 1 1 0 1 1 1 1 0 1 0 0]
At 15801/30000: COST 0.020/3.538(0.005) -- Acc 0.990/0.570(0.999)
[0 1 1 1 1 0 1 0 1 1 1 1 0 1 1 1 0 1 0 1 1 0 0 1 1 1 1 1 1 0 1 1 0 1 1 1 0
 1 1 1 0 0 0 1 0 1 0 0 1 0 0 1 1 1 1 0 1 1 1 1 0 1 0 0 1 1 0 1 0 1 0 0 1 1
 0 1 0 1 1 1 0 1 1 0 1 1 1 1 0 1 0 0 1 0 0 1 1 0 1 1]
At 15901/30000: COST 0.018/3.037(0.007) -- Acc 0.980/0.540(0.998)
[1 1 1 1 1 1 1 0 0 1 1 1 1 1 1 0 0 1 1 0 1 1 0 0 1 1 1 0 0 1 1 1 0 0 1 0 0
 0 1 1 0 1 0 1 1 1 1 0 0 1 1 0 0 1 1 0 0 1 0 0 1 1 1 1 1 1 0 1 1 1 0 1 1 0
 0 0 1 0 1 1 1 1 1 0 0 0 1 1 0 1 1 1 1 1 1 0 1 0 1 1]
At 16001/30000: COST 0.011/2.558(0.015) -- Acc 0.990/0.590(0.996)
[1 1 1 1 1 1 1 0 0 1 1 1 1 0 1 0 1 0 1 0 1 0 1 1 1 0 1 1 1 0 0 1 1 0 1 1 1
 1 0 1 1 1 1 0 1 1 0 0 1 1 1 1 0 0 0 1 1 1 1 0 0 0 1 1 1 1 1 1 0 1 0 1 1 0
 1 0 1 1 0 1 0 1 1 1 1 0 1 0 1 1 0 1 1 1 1 1 1 1 1 1]
At 16101/30000: COST 0.007/2.997(0.017) -- Acc 1.000/0.590(0.995)
[0 0 1 1 0 1 1 0 1 1 1 1 1 1 0 1 0 1 1 1 1 1 1 1 1 1 1 0 1 1 1 1 1 1 0 1 1
 0 0 0 0 1 0 0 1 0 1 1 1 0 1 1 0 1 1 0 1 1 0 0 1 0 0 1 0 1 1 1 1 1 1 0 1 1
 1 0 1 0 1 1 0 1 1 1 0 0 1 1 1 0 1 1 0 0 1 1 1 0 1 1]
At 16201/30000: COST 0.037/2.920(0.024) -- Acc 0.980/0.540(0.993)
[1 1 1 0 1 1 1 1 1 1 1 0 0 0 0 1 0 1 1 1 0 1 0 1 1 1 1 1 1 1 1 1 1 1 0 0 1
 1 0 1 0 0 1 1 1 1 1 0 1 0 1 1 1 0 1 0 1 0 0 1 1 0 0 1 1 1 1 1 1 0 1 1 0 1
 0 1 1 0 0 1 0 1 1 1 0 1 1 1 1 0 1 1 0 1 0 1 1 0 1 1]
At 16301/30000: COST 0.005/2.689(0.018) -- Acc 1.000/0.550(0.995)
[0 1 1 1 1 0 1 1 0 0 0 1 1 1 0 0 1 1 1 1 1 0 1 1 1 0 1 1 0 0 1 0 0 1 0 1 0
 1 1 1 0 1 0 1 1 1 1 1 1 0 1 1 0 1 1 0 1 1 1 0 0 1 0 1 0 1 1 1 0 1 1 0 1 1
 1 1 1 1 1 1 1 0 1 1 1 0 1 0 1 1 0 1 0 1 0 0 1 1 0 0]
At 16401/30000: COST 0.001/2.791(0.012) -- Acc 1.000/0.560(0.997)
[1 1 1 1 1 0 1 1 1 1 1 1 0 1 1 1 1 1 1 1 1 0 0 0 0 0 1 0 0 1 1 1 1 0 1 0 1
 1 1 1 1 0 1 1 1 1 1 1 0 1 0 1 1 1 1 0 1 1 0 1 1 0 0 1 0 1 0 0 0 0 0 1 0 1
 0 1 1 1 0 1 1 0 1 1 1 1 0 1 1 0 1 1 0 1 1 0 1 1 0 1]
At 16501/30000: COST 0.002/2.925(0.008) -- Acc 1.000/0.520(0.998)
[1 0 1 0 0 0 1 0 1 0 1 1 1 1 1 0 1 0 0 0 1 1 0 1 1 1 1 1 1 1 1 0 1 1 1 1 1
 1 0 1 0 1 0 1 1 0 1 1 0 1 0 0 1 1 1 1 0 1 1 0 0 0 1 1 1 1 0 1 1 1 1 1 1 1
 0 1 1 1 0 1 1 1 0 1 1 0 1 0 1 1 1 1 0 0 1 1 1 1 0 1]
At 16601/30000: COST 0.003/3.085(0.009) -- Acc 1.000/0.510(0.998)
[1 1 1 1 1 0 1 0 0 0 1 1 1 1 1 0 1 0 0 0 1 1 1 1 0 1 0 1 1 1 1 1 1 1 1 1 1
 1 1 0 1 1 1 1 0 1 1 0 1 1 1 0 1 1 1 1 0 0 1 1 1 0 0 1 1 0 1 1 1 0 1 1 1 1
 0 0 1 1 0 1 1 1 0 1 1 1 1 1 0 1 1 0 1 1 0 1 1 0 1 1]
At 16701/30000: COST 0.010/3.120(0.008) -- Acc 1.000/0.570(0.998)
[0 1 0 1 1 1 1 1 1 1 1 0 1 0 1 1 0 1 1 1 1 0 0 1 1 1 1 1 0 1 1 1 0 1 1 1 1
 1 1 1 1 0 0 0 0 0 1 1 1 1 0 1 0 0 0 0 1 1 0 1 0 0 0 1 0 1 1 1 1 1 1 1 1 1
 1 1 1 1 1 1 0 1 1 1 1 1 1 0 1 1 1 1 1 1 0 0 1 1 1 1]
At 16801/30000: COST 0.026/2.975(0.015) -- Acc 0.990/0.570(0.997)
[1 1 1 1 1 1 0 0 1 0 1 1 1 1 0 1 1 1 1 0 1 1 0 1 1 1 0 1 0 0 1 0 0 1 1 1 1
 1 1 0 0 1 0 1 1 1 1 1 0 1 1 1 0 1 1 0 1 1 1 0 1 1 0 1 0 1 1 0 1 1 1 1 1 1
 1 1 1 1 0 1 0 1 1 0 1 1 1 0 1 0 0 1 1 1 1 1 1 1 0 0]
At 16901/30000: COST 0.001/3.101(0.009) -- Acc 1.000/0.560(0.998)
[1 1 1 0 0 0 0 0 1 1 1 1 1 1 1 1 1 1 1 1 1 0 0 0 1 1 1 1 1 1 0 1 0 1 1 1 1
 1 1 0 0 1 1 0 1 0 1 1 1 0 1 1 1 1 0 1 1 0 1 1 1 1 1 1 1 1 0 1 1 1 0 0 0 0
 1 1 0 1 1 1 0 1 0 1 1 0 0 1 0 1 1 0 1 0 0 1 1 0 1 0]
At 17001/30000: COST 0.006/3.197(0.012) -- Acc 1.000/0.500(0.997)
[0 0 1 0 1 1 0 1 0 0 0 0 0 0 1 1 1 1 1 1 1 1 1 0 0 1 0 1 0 1 1 0 1 1 1 1 1
 0 1 0 1 1 1 1 1 1 1 0 1 0 0 1 0 0 1 0 1 1 1 0 1 1 1 1 1 1 1 0 0 0 1 1 1 0
 1 1 1 1 0 1 1 1 1 0 1 1 0 1 0 1 1 1 0 1 1 1 1 1 1 1]
At 17101/30000: COST 0.000/3.135(0.009) -- Acc 1.000/0.540(0.997)
[1 1 1 1 0 1 1 1 0 0 1 1 1 1 1 0 0 1 1 1 0 0 1 1 0 0 1 1 1 1 1 1 1 0 0 0 1
 0 1 0 1 0 0 0 1 1 0 1 0 1 0 0 1 1 0 0 1 1 0 1 1 1 1 1 1 1 0 1 0 0 1 0 1 1
 0 1 0 1 1 1 1 0 0 1 1 1 1 1 1 0 1 0 1 1 0 1 1 1 1 0]
At 17201/30000: COST 0.016/3.413(0.007) -- Acc 1.000/0.570(0.998)
[0 1 1 1 0 1 0 1 1 0 0 1 1 1 0 0 1 1 1 1 1 1 1 1 0 1 1 1 1 1 1 1 1 1 1 1 1
 1 1 1 1 1 1 0 1 0 1 1 0 1 0 1 1 1 0 1 1 1 1 0 1 0 0 0 0 1 1 1 0 1 1 1 1 0
 1 0 1 1 1 0 0 1 0 1 1 1 1 1 0 1 0 1 1 1 0 0 0 1 1 1]
At 17301/30000: COST 0.000/4.241(0.008) -- Acc 1.000/0.540(0.998)
[1 0 1 1 1 1 1 1 1 0 1 1 0 1 1 0 0 0 0 1 1 0 1 1 1 1 1 1 1 1 1 1 0 0 0 1 1
 0 1 1 0 1 1 1 1 1 1 1 0 1 0 1 1 1 1 1 1 1 1 1 0 1 0 0 1 1 1 1 1 1 0 1 1 0
 0 0 0 0 0 0 1 1 1 0 0 1 0 1 1 1 0 1 1 1 0 0 1 0 1 1]
At 17401/30000: COST 0.000/2.820(0.018) -- Acc 1.000/0.580(0.995)
[1 1 1 0 1 1 1 0 0 0 1 0 1 1 0 1 1 0 1 1 0 1 0 0 0 0 1 1 1 1 0 1 0 1 1 0 1
 1 0 1 1 1 0 1 1 1 0 1 1 1 1 0 1 1 1 0 1 0 0 1 1 1 1 0 0 1 1 0 0 1 1 0 1 1
 1 1 0 1 0 1 1 1 1 1 1 1 0 1 1 1 1 1 1 1 1 1 1 1 1 0]
At 17501/30000: COST 0.008/3.364(0.012) -- Acc 1.000/0.560(0.997)
[1 1 1 0 0 0 0 1 1 1 0 1 1 1 1 0 1 1 1 1 0 1 1 1 1 1 1 1 0 1 1 1 0 0 1 1 0
 1 0 1 1 0 0 1 1 1 1 1 0 1 1 0 0 0 0 1 1 1 1 1 1 1 1 0 1 0 1 1 1 0 1 0 1 0
 1 1 1 0 0 1 1 1 1 1 1 1 1 0 0 1 1 0 1 1 1 0 1 0 1 1]
At 17601/30000: COST 0.000/3.050(0.007) -- Acc 1.000/0.600(0.998)
[1 1 1 0 1 1 1 1 1 1 1 1 1 1 1 1 1 0 1 1 0 0 0 1 0 1 1 0 1 0 0 1 0 1 1 0 1
 0 1 1 0 1 1 1 0 0 1 1 1 0 1 1 1 1 0 0 1 0 1 0 1 1 0 0 0 0 1 1 1 0 0 1 1 1
 1 1 1 1 1 1 1 0 1 1 1 0 1 0 1 0 1 0 1 1 1 1 1 0 0 1]
At 17701/30000: COST 0.031/3.401(0.009) -- Acc 0.990/0.600(0.998)
[1 1 1 1 0 0 1 1 0 1 1 0 1 0 1 1 0 1 0 1 0 1 1 0 0 1 1 1 1 1 0 0 1 1 1 1 1
 0 0 1 1 1 1 0 1 1 0 1 0 0 1 1 1 0 1 1 1 1 1 0 1 1 0 1 1 1 1 0 1 1 0 1 0 1
 0 0 0 1 1 1 0 1 0 1 1 1 1 1 0 1 0 1 0 0 0 1 1 0 1 0]
At 17801/30000: COST 0.003/3.289(0.023) -- Acc 1.000/0.550(0.994)
[0 0 0 0 1 1 1 0 0 1 1 0 1 1 1 1 1 0 1 1 1 0 0 1 1 0 1 1 1 0 0 1 1 1 1 1 1
 1 1 1 0 0 0 1 1 1 1 1 0 1 1 1 1 1 0 1 1 1 1 0 1 0 1 0 0 1 0 1 1 1 0 1 1 1
 1 1 1 1 0 1 1 1 1 0 1 1 1 1 0 0 1 1 0 0 1 0 0 1 0 1]
At 17901/30000: COST 0.015/3.519(0.014) -- Acc 0.990/0.560(0.996)
[1 0 0 1 1 1 1 1 0 1 1 1 0 1 0 1 0 1 0 1 1 1 0 0 1 0 1 1 1 1 0 1 1 1 1 0 1
 0 0 1 0 1 1 1 1 1 1 1 1 0 0 1 0 1 1 1 1 1 1 1 1 1 1 0 1 0 1 0 1 1 1 1 1 1
 1 0 0 1 0 0 1 1 1 0 1 0 1 1 1 1 0 1 1 0 0 1 1 0 1 1]
At 18001/30000: COST 0.001/3.627(0.009) -- Acc 1.000/0.580(0.998)
[0 0 1 1 1 1 1 0 0 1 1 0 1 1 0 1 0 1 0 1 1 1 1 1 1 1 1 1 1 0 1 0 1 1 1 1 1
 1 0 1 1 1 1 0 1 1 0 1 1 0 1 0 0 0 1 0 1 0 1 1 1 1 1 1 1 1 1 1 1 0 1 1 1 1
 0 1 0 1 1 1 1 1 1 1 1 1 1 1 0 0 0 0 0 1 1 0 1 0 1 1]
At 18101/30000: COST 0.002/3.939(0.005) -- Acc 1.000/0.520(0.998)
[0 0 0 1 1 1 0 0 1 1 0 0 1 1 0 0 1 1 1 1 1 1 1 1 0 1 1 0 0 1 0 1 1 0 0 1 1
 1 1 0 1 1 1 0 1 1 1 0 1 1 1 0 1 1 0 0 1 0 1 1 0 1 0 1 0 1 0 0 1 1 1 1 0 0
 1 0 1 1 1 1 1 0 1 0 1 1 0 1 1 1 0 1 0 1 0 1 1 1 0 1]
At 18201/30000: COST 0.002/3.659(0.014) -- Acc 1.000/0.520(0.997)
[1 1 1 0 0 1 0 1 1 1 1 1 0 1 0 1 0 1 1 0 1 1 1 1 1 0 1 1 1 1 1 1 0 1 1 1 0
 1 1 0 1 0 0 1 1 1 1 0 1 1 1 1 1 0 1 0 0 1 1 0 1 1 1 0 0 1 0 0 1 1 1 0 1 1
 0 0 0 0 1 0 0 1 0 0 1 1 0 1 1 1 1 1 0 1 0 1 1 1 1 1]
At 18301/30000: COST 0.001/3.526(0.011) -- Acc 1.000/0.550(0.998)
[0 0 1 1 0 0 1 1 0 0 0 1 0 1 1 1 1 0 1 1 0 0 1 1 1 1 0 0 1 1 0 1 1 0 0 0 0
 0 0 1 0 1 0 1 1 0 1 1 1 1 0 1 1 0 0 1 1 1 1 1 0 0 1 1 1 1 1 1 1 1 0 1 1 1
 0 1 0 1 0 1 1 0 1 1 1 1 0 0 1 1 1 1 1 1 1 0 1 1 1 1]
At 18401/30000: COST 0.005/3.738(0.009) -- Acc 1.000/0.510(0.997)
[1 1 1 0 1 1 1 0 1 0 1 0 0 1 0 1 1 1 0 1 1 1 1 1 1 1 1 1 1 1 1 1 0 1 1 0 0
 1 0 1 0 1 0 1 0 1 0 1 0 0 1 0 0 1 1 0 0 1 1 0 1 1 1 1 0 1 1 0 0 1 1 0 0 1
 1 1 1 0 1 1 1 1 0 1 1 0 0 1 1 1 1 1 1 0 1 1 1 1 0 0]
At 18501/30000: COST 0.001/3.810(0.009) -- Acc 1.000/0.530(0.997)
[1 1 1 0 1 0 1 0 0 1 1 1 0 1 0 0 0 1 1 0 1 1 1 1 1 1 0 1 0 0 0 1 0 1 0 1 0
 1 1 0 0 1 1 1 1 1 1 1 1 1 0 1 1 1 1 0 1 1 0 0 1 1 0 0 1 1 1 0 1 1 0 1 1 1
 1 1 1 1 1 1 0 1 1 1 0 0 0 1 0 0 1 1 0 1 1 1 1 1 0 1]
At 18601/30000: COST 0.028/3.843(0.009) -- Acc 0.990/0.550(0.998)
[0 1 0 0 0 1 0 0 1 0 1 0 1 1 1 0 1 1 1 0 1 0 1 1 1 0 1 1 0 1 1 1 1 1 1 1 0
 0 1 1 1 1 1 1 1 1 1 0 1 1 0 1 1 0 0 1 0 1 1 0 1 1 1 0 1 0 1 1 1 1 0 0 0 1
 1 1 0 0 1 1 0 1 0 1 1 1 1 0 0 0 1 1 0 1 1 0 0 1 1 1]
At 18701/30000: COST 0.004/3.677(0.013) -- Acc 1.000/0.550(0.997)
[1 1 1 1 1 1 1 0 1 0 1 1 0 1 1 1 1 0 1 1 1 1 1 1 0 1 1 1 1 0 1 1 1 1 1 0 1
 1 0 0 0 0 1 1 1 1 1 0 1 0 1 1 0 0 1 0 1 0 1 1 1 1 0 1 1 1 0 1 1 1 0 1 1 1
 1 1 0 0 0 0 1 0 1 1 0 1 1 0 0 0 1 0 1 1 0 1 1 0 1 1]
At 18801/30000: COST 0.036/3.626(0.012) -- Acc 0.990/0.570(0.997)
[1 1 0 0 0 1 1 1 0 0 1 1 0 1 1 1 1 1 0 0 0 1 1 1 1 1 1 1 1 1 0 1 1 1 1 1 1
 1 1 1 1 1 0 1 0 1 0 1 0 0 1 1 1 0 1 1 1 1 0 0 0 1 1 1 1 1 1 0 0 0 0 1 1 0
 1 1 0 0 1 0 1 0 0 1 1 1 0 1 0 0 1 0 0 0 1 0 1 0 1 1]
At 18901/30000: COST 0.042/3.236(0.017) -- Acc 0.990/0.580(0.996)
[1 1 1 1 0 0 1 1 1 1 1 1 1 0 1 0 1 1 1 1 0 1 0 0 1 1 1 1 0 1 1 1 0 1 1 0 1
 0 1 1 1 0 1 1 1 0 0 1 1 1 1 0 1 0 1 1 1 0 1 1 1 1 0 0 1 0 1 1 1 0 1 1 1 1
 0 1 1 1 1 1 1 1 1 0 1 0 1 0 1 1 0 1 1 0 1 1 1 0 1 1]
At 19001/30000: COST 0.006/3.103(0.016) -- Acc 1.000/0.530(0.996)
[0 1 0 1 1 1 1 1 1 0 0 1 1 0 0 1 1 1 1 1 0 1 1 1 1 0 1 0 1 1 1 1 1 1 1 1 1
 0 1 1 0 1 1 0 1 1 1 1 1 1 1 0 0 1 1 1 1 0 0 1 1 1 1 1 1 0 1 1 1 1 0 1 0 1
 0 0 1 1 1 1 0 0 1 1 0 1 0 1 0 1 1 1 1 1 1 0 1 1 1 1]
At 19101/30000: COST 0.000/3.739(0.009) -- Acc 1.000/0.540(0.998)
[1 1 1 1 1 1 1 1 1 0 1 0 1 1 1 1 0 0 0 0 1 1 0 1 0 1 1 1 0 0 1 1 1 0 0 1 0
 1 1 1 1 0 1 0 0 1 1 0 1 1 1 1 1 1 0 1 1 1 1 1 1 0 0 1 1 1 1 1 0 1 1 0 1 1
 1 1 1 1 1 1 1 1 1 0 1 1 1 1 1 1 1 1 1 0 1 1 1 0 1 1]
At 19201/30000: COST 0.000/3.749(0.009) -- Acc 1.000/0.540(0.998)
[1 1 1 0 1 1 1 0 0 1 0 0 1 1 1 1 1 1 1 1 1 1 0 0 1 0 1 1 1 0 0 1 1 0 1 1 1
 0 1 1 0 1 1 1 1 0 0 1 1 1 1 0 1 1 0 1 1 1 0 0 1 1 1 1 1 1 1 1 0 1 1 0 1 0
 1 1 0 1 1 1 1 1 0 1 0 1 1 0 0 1 1 1 0 1 1 1 1 0 1 0]
At 19301/30000: COST 0.019/3.343(0.011) -- Acc 0.990/0.550(0.997)
[0 1 1 0 1 1 0 0 0 1 1 1 0 1 1 0 1 1 0 0 0 1 1 1 0 0 1 1 1 1 1 1 1 1 1 1 1
 1 0 1 1 1 1 1 1 0 0 1 1 1 1 0 1 0 0 1 1 1 1 1 1 0 1 1 1 1 1 1 0 1 1 1 1 1
 1 1 1 1 1 1 1 0 1 0 0 1 1 1 1 0 0 0 1 1 0 0 0 1 1 1]
At 19401/30000: COST 0.002/3.456(0.006) -- Acc 1.000/0.460(0.998)
[0 1 1 1 1 1 1 0 1 1 0 1 1 0 0 0 1 0 1 1 1 1 0 1 0 0 1 1 1 0 1 1 1 1 1 1 1
 1 1 1 1 1 1 1 1 0 1 0 0 1 1 1 1 1 0 0 0 1 1 1 0 1 1 0 1 0 1 1 1 1 0 1 1 0
 0 1 1 1 1 0 0 1 0 0 0 1 1 1 1 1 1 1 1 1 1 1 1 0 0 0]
At 19501/30000: COST 0.001/3.400(0.005) -- Acc 1.000/0.540(0.999)
[1 0 1 1 1 0 0 1 1 0 1 1 1 0 1 1 0 1 0 0 1 1 1 1 0 0 0 0 0 1 1 0 1 0 1 0 0
 1 0 1 1 0 1 1 1 1 1 1 1 1 1 1 0 1 0 1 1 0 1 1 1 1 1 1 1 0 1 0 1 0 1 1 0 1
 0 0 1 1 1 1 0 1 1 1 0 1 0 1 1 1 1 1 1 0 1 1 1 1 1 0]
At 19601/30000: COST 0.029/3.948(0.006) -- Acc 0.990/0.520(0.999)
[0 1 0 1 0 1 1 0 0 1 0 1 0 0 1 1 0 1 1 1 1 1 1 1 1 1 1 0 1 0 1 1 1 1 0 1 1
 0 1 0 1 1 1 0 1 1 1 1 1 1 1 0 1 1 1 0 1 1 0 1 1 1 1 1 1 0 0 0 1 1 1 0 1 1
 1 1 0 0 0 1 1 1 0 0 0 0 1 1 1 1 1 1 0 0 0 1 1 1 1 0]
At 19701/30000: COST 0.043/3.758(0.013) -- Acc 0.990/0.500(0.997)
[1 1 1 1 0 1 0 0 1 1 1 1 1 1 0 1 0 0 1 1 0 1 1 1 0 1 0 1 0 1 1 1 1 1 1 1 1
 1 0 0 1 0 1 0 1 0 1 0 0 0 0 1 1 1 0 1 1 1 1 1 0 1 1 1 1 0 1 1 1 1 1 1 1 0
 0 0 1 1 1 0 0 0 1 1 1 0 1 0 1 0 1 1 1 1 1 1 1 0 1 1]
At 19801/30000: COST 0.022/3.812(0.013) -- Acc 0.990/0.530(0.997)
[1 1 1 0 1 1 1 1 1 1 1 1 1 1 0 1 0 0 0 1 1 1 0 1 1 1 1 1 1 0 0 1 0 0 0 1 1
 1 1 1 1 0 1 0 1 1 1 1 0 1 1 1 1 0 0 0 1 1 0 0 1 1 0 1 1 0 1 1 0 1 1 1 1 1
 0 1 1 1 0 1 1 1 1 1 0 0 1 0 1 1 1 1 1 1 1 0 1 1 0 1]
At 19901/30000: COST 0.002/4.185(0.011) -- Acc 1.000/0.520(0.997)
[1 1 1 1 0 1 1 1 1 0 0 0 1 1 1 0 0 1 1 0 1 1 1 0 1 1 1 1 0 1 1 1 1 0 0 1 0
 1 1 0 0 1 1 0 0 0 0 0 1 0 0 1 1 1 0 1 1 1 1 1 1 1 0 0 1 0 0 1 1 1 1 1 1 0
 0 1 1 0 0 1 1 1 0 1 0 1 0 1 1 1 1 1 0 0 1 1 1 1 1 1]
At 20001/30000: COST 0.001/3.849(0.006) -- Acc 1.000/0.520(0.999)
[1 0 1 0 0 1 1 1 1 1 1 1 1 0 1 1 1 1 1 0 0 1 1 1 0 1 0 1 1 1 0 0 1 1 1 1 0
 1 1 1 0 1 1 0 1 0 1 1 1 0 0 1 1 1 1 0 1 1 0 0 1 0 1 0 0 1 0 1 1 1 0 1 0 0
 1 1 1 0 1 1 1 1 0 1 1 0 0 1 1 1 1 0 1 0 0 1 0 1 0 1]
At 20101/30000: COST 0.005/3.307(0.018) -- Acc 1.000/0.520(0.995)
[1 1 1 1 1 1 1 1 1 1 1 0 1 1 1 1 1 1 0 1 1 1 0 1 0 1 1 1 1 1 1 1 0 1 1 1 0
 1 1 1 1 1 1 1 1 1 0 1 1 1 1 1 0 0 0 0 1 1 1 0 0 0 0 1 0 1 1 1 0 0 1 1 1 1
 1 1 1 1 1 0 1 1 1 0 1 1 1 1 0 0 0 0 1 1 1 1 0 1 0 1]
At 20201/30000: COST 0.001/3.060(0.015) -- Acc 1.000/0.530(0.996)
[0 1 1 1 0 1 1 1 1 1 1 1 1 1 0 0 1 0 0 0 1 1 0 0 0 1 1 1 1 1 1 1 1 1 1 1 0
 1 0 0 1 1 1 1 0 1 1 1 1 0 0 1 0 1 1 0 1 1 1 1 1 1 0 1 1 1 1 1 1 1 1 1 1 1
 0 1 1 0 1 1 1 1 1 1 1 0 0 1 1 1 0 0 0 1 1 0 1 1 1 0]
At 20301/30000: COST 0.001/3.597(0.008) -- Acc 1.000/0.530(0.998)
[0 1 1 1 1 0 1 0 1 1 1 0 1 1 1 1 1 0 0 0 0 1 0 0 0 1 1 0 0 1 1 1 1 1 0 1 1
 0 1 0 0 1 1 0 1 0 1 1 1 0 0 1 1 1 0 1 1 1 0 1 1 1 1 1 0 0 0 1 1 1 1 1 1 0
 0 0 0 0 1 0 1 1 0 1 1 1 1 1 1 1 1 1 1 0 0 1 1 1 0 0]
At 20401/30000: COST 0.005/3.511(0.007) -- Acc 1.000/0.520(0.998)
[1 1 1 0 1 0 1 1 1 1 0 1 1 0 0 1 0 0 0 1 1 1 1 1 1 0 1 1 0 1 0 0 1 1 1 1 1
 1 0 1 1 1 1 1 1 1 1 0 1 1 1 0 1 0 1 0 0 0 0 0 1 0 1 0 1 1 1 1 0 1 1 1 1 1
 1 1 1 0 0 0 0 0 1 0 1 1 0 1 1 1 0 1 0 1 1 1 1 1 1 0]
At 20501/30000: COST 0.000/3.770(0.006) -- Acc 1.000/0.510(0.999)
[1 1 1 1 1 1 1 1 1 1 1 1 0 0 1 0 0 0 0 1 1 0 0 1 1 0 1 1 1 1 0 1 0 1 0 1 0
 1 1 1 1 1 0 0 1 1 1 1 0 0 0 1 0 0 0 1 1 1 1 1 1 0 1 1 1 1 1 1 1 1 1 1 0 1
 0 1 0 1 1 0 1 0 0 1 1 0 0 1 1 1 1 1 1 1 0 1 1 0 1 1]
At 20601/30000: COST 0.004/3.900(0.004) -- Acc 1.000/0.510(0.999)
[1 0 1 1 0 1 1 1 1 1 1 0 0 1 1 0 1 1 1 1 0 0 0 1 1 1 1 1 1 1 1 1 1 1 0 1 1
 1 1 1 1 1 1 0 1 1 0 0 1 1 1 1 1 0 0 0 1 1 1 1 1 1 1 1 1 0 1 1 0 0 1 1 0 0
 1 1 1 0 1 0 1 0 1 0 0 0 1 1 1 0 0 1 1 0 0 0 1 1 1 0]
At 20701/30000: COST 0.001/3.861(0.003) -- Acc 1.000/0.530(0.999)
[0 1 0 1 0 1 1 1 0 1 1 0 1 1 1 1 0 1 1 1 0 0 0 1 0 1 0 1 0 1 0 0 0 1 1 1 1
 1 1 1 1 1 1 1 1 1 0 1 0 1 1 0 0 1 1 0 0 1 1 0 0 1 1 0 1 1 0 0 1 0 1 1 1 1
 0 1 1 1 1 1 1 1 1 1 0 0 0 1 1 1 1 1 0 0 1 1 1 1 1 0]
At 20801/30000: COST 0.001/3.962(0.002) -- Acc 1.000/0.470(0.999)
[0 1 1 0 0 1 1 1 1 0 0 1 1 1 0 0 1 0 0 1 1 1 1 0 1 0 1 0 1 0 1 1 1 1 0 1 1
 0 1 0 1 1 0 1 1 0 1 1 1 1 1 1 0 1 1 0 1 1 0 1 1 1 1 1 1 1 1 1 1 1 0 1 0 0
 1 0 0 0 1 1 0 1 0 1 1 1 1 1 0 1 1 1 1 1 0 1 1 1 1 1]
At 20901/30000: COST 0.001/4.221(0.002) -- Acc 1.000/0.500(0.999)
[1 0 1 1 1 0 0 0 0 1 1 1 1 1 0 1 1 1 0 1 1 1 1 0 1 1 1 0 1 1 1 1 0 0 1 1 0
 0 1 1 1 1 1 0 1 0 1 0 0 0 0 1 1 0 1 0 1 1 1 1 0 1 0 0 1 1 0 1 1 1 1 0 1 1
 1 1 1 1 1 1 1 0 1 1 0 0 1 1 1 1 1 1 0 0 1 1 1 1 1 1]
At 21001/30000: COST 0.043/4.182(0.011) -- Acc 0.990/0.480(0.997)
[1 0 0 1 1 0 1 1 0 0 1 1 1 1 0 0 1 1 0 0 1 1 0 1 0 0 1 1 0 0 1 1 1 1 0 0 1
 1 1 1 1 1 1 0 1 1 1 1 1 1 1 1 1 1 1 1 1 1 1 1 1 1 1 1 1 1 0 1 0 1 0 1 1 0
 1 1 0 1 0 0 1 0 1 1 1 1 1 0 1 1 1 1 0 0 1 1 0 0 1 1]
At 21101/30000: COST 0.006/2.732(0.041) -- Acc 1.000/0.550(0.989)
[1 1 1 1 1 1 1 1 1 1 1 1 1 1 1 1 1 1 1 1 0 1 1 1 1 1 1 1 0 1 1 1 0 0 0 1 1
 0 1 1 0 1 0 1 1 1 0 0 1 1 0 1 1 1 1 1 1 0 1 1 1 1 0 1 0 1 0 1 0 1 0 1 1 1
 1 0 1 1 1 0 1 0 1 0 0 1 1 0 0 1 0 1 1 0 1 1 0 0 1 1]
At 21201/30000: COST 0.004/2.995(0.020) -- Acc 1.000/0.550(0.995)
[1 1 1 1 1 1 1 1 1 0 1 1 1 1 1 1 1 1 0 0 0 1 1 0 1 1 1 1 1 0 1 1 1 1 0 1 1
 1 1 1 1 0 0 0 0 0 0 1 1 1 1 1 1 0 0 0 1 1 1 1 1 1 1 1 1 1 1 0 1 0 1 1 1 0
 1 1 1 1 1 0 1 1 1 1 1 0 1 0 0 1 0 0 1 1 0 1 0 0 0 1]
At 21301/30000: COST 0.001/3.198(0.012) -- Acc 1.000/0.540(0.997)
[1 0 1 1 0 0 0 0 1 1 1 1 1 1 1 1 1 1 1 1 1 0 1 1 1 0 1 0 1 0 1 0 0 0 1 1 1
 1 1 1 1 0 1 1 1 1 0 1 1 0 1 1 1 1 0 1 1 0 1 1 0 1 1 1 1 0 1 1 1 1 0 0 1 1
 0 0 1 1 0 1 1 1 1 1 1 0 0 1 1 0 1 1 0 1 1 1 1 0 1 1]
At 21401/30000: COST 0.002/3.360(0.007) -- Acc 1.000/0.540(0.999)
[0 1 1 0 1 1 1 0 0 1 1 0 1 1 0 1 1 0 0 1 1 0 1 1 1 1 1 1 0 0 0 1 1 1 1 1 0
 1 1 1 1 0 0 1 1 1 0 1 1 1 1 0 1 1 1 1 1 1 0 1 1 1 1 1 0 1 0 1 0 1 1 1 0 1
 1 1 0 0 1 0 1 0 1 1 1 1 1 1 1 0 0 1 0 1 1 0 1 1 1 0]
At 21501/30000: COST 0.001/3.535(0.006) -- Acc 1.000/0.480(0.999)
[1 1 1 1 0 1 1 0 1 1 0 1 1 1 1 0 0 1 1 1 1 1 0 1 0 0 1 1 1 1 1 1 0 1 1 1 1
 1 0 0 0 1 1 1 0 1 0 1 1 1 1 1 1 1 1 0 1 1 0 0 0 1 1 1 0 1 0 0 0 1 1 1 1 0
 1 1 1 1 1 1 1 0 1 1 1 1 1 0 1 1 0 1 1 0 0 1 1 1 0 1]
At 21601/30000: COST 0.002/3.685(0.006) -- Acc 1.000/0.480(0.999)
[1 1 0 1 1 1 1 1 1 0 0 1 1 1 1 0 0 1 1 1 0 0 0 0 1 1 0 0 1 1 1 1 0 1 0 0 0
 1 1 1 1 0 1 1 1 1 0 0 0 1 1 1 1 1 1 0 0 0 1 1 1 1 1 0 1 0 1 1 1 1 0 1 0 0
 1 1 1 1 1 1 0 1 1 1 0 1 0 1 1 1 1 1 0 1 1 0 1 1 1 1]
At 21701/30000: COST 0.048/3.503(0.013) -- Acc 0.970/0.530(0.996)
[1 1 0 1 1 1 1 0 1 1 0 1 0 1 0 1 0 0 0 1 1 1 1 1 0 1 0 0 1 1 0 1 1 1 0 1 1
 1 0 0 1 1 1 0 0 1 1 1 0 0 0 1 1 1 0 1 1 1 1 1 1 1 0 1 1 0 0 1 1 1 0 0 1 0
 1 1 0 1 1 0 0 1 1 1 1 1 1 0 1 1 0 0 1 1 0 0 1 1 1 0]
At 21801/30000: COST 0.002/3.125(0.022) -- Acc 1.000/0.530(0.994)
[1 0 1 0 1 1 0 1 0 0 0 0 0 0 1 1 0 1 0 1 1 1 1 1 1 0 0 0 1 1 1 1 1 0 1 1 1
 0 1 1 1 1 1 1 0 0 0 1 0 0 0 1 1 0 1 1 1 1 1 1 0 1 1 1 0 1 0 0 0 0 1 1 1 0
 1 1 1 1 1 1 1 1 1 1 0 1 1 1 1 1 0 1 0 1 0 0 1 1 1 1]
At 21901/30000: COST 0.006/3.475(0.013) -- Acc 1.000/0.520(0.997)
[0 0 0 0 0 1 1 1 1 1 1 0 1 1 0 1 1 1 1 0 1 0 1 1 0 1 1 0 1 0 1 0 1 0 1 1 1
 1 1 1 1 1 1 1 1 1 1 1 0 0 0 1 0 0 0 0 0 1 1 1 1 0 1 1 0 0 1 0 1 0 1 1 1 0
 1 0 1 1 1 0 1 1 0 1 1 1 1 1 0 1 1 0 1 1 1 1 1 1 1 1]
At 22001/30000: COST 0.002/3.487(0.009) -- Acc 1.000/0.540(0.998)
[0 0 1 1 1 1 1 0 1 0 1 0 1 1 1 1 1 1 0 1 1 0 1 1 0 1 0 1 0 1 1 1 1 1 1 1 1
 1 0 1 0 0 0 1 1 1 0 0 1 0 0 0 1 1 0 0 1 1 1 1 0 1 1 1 1 1 1 1 1 0 0 0 1 1
 1 1 0 1 0 0 1 0 0 1 1 1 1 1 1 1 1 0 1 1 1 1 1 1 1 1]
At 22101/30000: COST 0.001/3.937(0.005) -- Acc 1.000/0.540(0.999)
[1 0 0 1 1 1 1 1 1 0 1 1 0 0 0 1 1 0 1 1 1 0 1 0 1 0 1 1 1 1 1 1 1 1 1 0 0
 1 0 1 1 0 0 1 1 1 0 1 1 1 0 1 1 1 1 1 0 0 1 1 1 1 0 0 0 1 1 1 1 1 1 1 1 1
 0 0 1 1 1 1 1 1 1 0 1 0 0 1 1 1 0 0 1 0 1 1 0 1 1 1]
At 22201/30000: COST 0.001/4.152(0.003) -- Acc 1.000/0.520(0.999)
[1 1 1 1 1 1 1 1 1 0 0 1 1 1 1 0 1 1 1 1 0 1 1 1 1 0 0 1 1 1 1 1 1 0 0 1 1
 1 1 1 1 0 1 1 1 1 1 0 0 1 1 0 0 0 1 1 1 0 0 0 1 1 1 1 0 1 0 0 1 0 1 1 1 1
 1 1 0 0 0 1 1 1 1 0 1 1 0 1 0 1 0 1 0 1 0 1 1 1 0 0]
At 22301/30000: COST 0.001/4.211(0.002) -- Acc 1.000/0.510(1.000)
[1 0 1 1 0 0 0 0 1 1 0 1 1 0 0 0 1 1 1 1 0 1 1 1 1 0 1 1 1 1 0 0 1 0 1 1 1
 1 1 1 1 0 0 0 1 0 1 1 1 1 0 1 0 0 0 1 1 1 0 0 1 1 1 1 1 0 1 1 1 1 1 0 1 0
 1 1 1 0 1 1 1 1 1 1 0 1 1 1 0 1 1 1 0 1 0 1 1 1 1 1]
At 22401/30000: COST 0.010/4.282(0.002) -- Acc 0.990/0.530(1.000)
[0 0 1 1 0 1 0 1 0 0 1 1 1 0 1 1 1 1 1 1 0 1 1 1 1 1 1 1 0 1 0 0 1 1 1 1 1
 1 1 1 1 0 0 1 0 1 1 0 1 1 1 0 0 0 1 0 1 1 1 1 1 1 0 1 1 1 1 0 0 1 0 1 1 1
 0 1 1 1 1 0 0 0 1 1 0 1 1 0 0 0 0 1 1 1 1 1 1 1 1 1]
At 22501/30000: COST 0.001/3.900(0.002) -- Acc 1.000/0.530(0.999)
[1 1 1 1 1 1 1 1 1 0 1 1 1 0 1 0 1 0 0 1 1 1 1 1 1 1 1 1 0 1 0 1 1 1 1 1 1
 1 0 1 0 0 0 1 1 0 1 1 0 1 1 1 1 1 1 0 0 1 1 1 0 0 1 1 1 1 1 1 0 0 0 1 0 0
 0 1 1 0 0 1 1 1 0 1 1 0 0 1 0 0 1 0 1 1 1 0 1 0 1 0]
At 22601/30000: COST 0.003/3.562(0.007) -- Acc 1.000/0.570(0.998)
[0 0 0 1 1 1 1 0 0 1 1 1 0 1 1 1 1 1 1 1 0 1 1 0 1 1 1 0 0 0 1 0 1 1 0 1 1
 1 0 1 0 1 1 1 1 1 0 1 1 0 1 1 1 1 1 1 0 0 0 1 1 0 1 1 1 1 0 0 1 0 0 1 1 0
 1 1 0 1 0 1 0 0 0 1 1 1 0 0 1 1 1 1 1 1 0 0 0 0 1 1]
At 22701/30000: COST 0.003/3.857(0.008) -- Acc 1.000/0.540(0.998)
[1 1 0 1 1 1 1 0 1 0 1 1 1 0 0 1 0 1 1 1 1 0 1 1 0 0 1 1 0 1 1 1 1 1 1 1 0
 1 0 1 1 1 0 0 0 1 1 0 0 1 1 1 1 1 0 0 0 0 1 1 1 1 1 0 1 1 1 1 1 1 1 1 1 0
 1 1 1 1 1 1 1 1 0 0 1 1 1 1 0 0 1 1 1 0 0 0 0 1 1 1]
At 22801/30000: COST 0.036/3.251(0.013) -- Acc 0.990/0.520(0.997)
[0 0 0 0 1 1 1 0 1 0 1 1 1 1 0 1 0 0 0 1 0 0 0 1 1 0 1 1 1 1 0 1 1 0 0 1 1
 1 1 1 1 1 0 0 1 0 1 1 1 0 0 1 0 1 1 0 0 1 1 1 1 1 1 1 1 1 1 0 1 1 0 1 0 0
 0 1 0 1 1 0 1 1 0 1 0 1 0 0 1 1 0 1 1 0 0 0 1 0 1 0]
At 22901/30000: COST 0.001/3.681(0.010) -- Acc 1.000/0.510(0.997)
[1 1 0 1 1 0 0 1 0 1 1 1 0 0 0 0 1 1 0 1 1 1 0 1 0 1 0 1 1 1 1 0 1 1 0 1 1
 0 1 0 1 1 1 0 0 0 1 1 0 0 1 1 1 0 1 1 0 1 0 1 1 1 1 0 0 0 1 1 0 1 1 0 0 1
 1 0 0 0 1 0 1 1 0 0 1 1 1 1 1 1 1 1 1 1 0 1 0 1 1 0]
At 23001/30000: COST 0.001/3.639(0.007) -- Acc 1.000/0.520(0.998)
[1 1 1 0 1 0 0 1 0 1 1 1 1 0 0 1 0 1 0 1 0 1 0 1 0 1 0 0 0 0 0 1 1 0 1 0 1
 0 1 0 1 0 1 1 1 1 1 1 1 1 1 0 0 1 0 1 1 1 1 1 1 1 1 1 0 0 1 1 1 1 1 0 1 1
 0 1 1 1 0 1 0 1 1 0 1 1 0 1 1 1 1 0 0 1 1 1 1 1 0 0]
At 23101/30000: COST 0.003/3.485(0.013) -- Acc 1.000/0.550(0.996)
[1 0 0 1 1 1 1 1 0 0 1 0 1 1 0 1 0 1 1 0 1 1 1 0 1 1 1 0 1 0 1 1 0 0 0 0 1
 0 1 0 0 1 1 0 1 1 1 1 1 1 1 1 1 0 1 0 1 1 1 0 1 1 0 1 1 1 1 1 1 0 1 1 1 1
 1 0 0 1 1 0 1 0 0 0 1 0 1 1 1 1 1 1 1 1 0 1 1 1 1 0]
At 23201/30000: COST 0.004/3.326(0.010) -- Acc 1.000/0.560(0.997)
[1 1 1 1 1 0 1 1 1 1 0 0 0 0 1 1 0 1 0 1 1 1 0 0 1 1 1 1 0 1 0 0 1 1 1 1 1
 1 1 1 1 0 1 1 1 0 0 1 1 1 1 0 0 1 0 1 1 1 1 1 0 1 0 1 0 0 0 1 1 0 0 0 0 1
 1 1 1 1 0 1 1 1 0 1 0 1 0 1 1 1 1 1 1 1 1 1 1 1 0 0]
At 23301/30000: COST 0.001/3.633(0.007) -- Acc 1.000/0.520(0.998)
[0 1 1 1 0 0 0 1 1 1 1 1 1 1 1 0 1 1 0 1 1 1 1 1 0 0 1 1 0 0 1 1 1 0 0 1 0
 1 0 0 1 0 1 1 1 0 0 0 0 1 0 1 0 1 1 1 1 1 1 1 0 1 0 1 1 0 0 1 1 1 1 0 0 1
 0 1 1 1 1 1 1 0 1 1 1 0 1 1 1 0 1 1 1 1 1 1 1 1 1 1]
At 23401/30000: COST 0.001/3.949(0.005) -- Acc 1.000/0.530(0.998)
[1 1 1 1 1 1 1 0 0 0 0 1 1 1 1 0 1 1 0 1 0 0 0 0 1 1 1 1 1 0 1 1 1 1 0 1 1
 1 1 1 1 1 0 0 1 1 1 1 1 1 1 1 1 1 1 1 0 1 0 1 1 1 0 1 1 1 0 0 1 1 1 1 1 1
 0 1 1 1 1 0 1 1 0 0 1 1 0 1 0 1 1 1 0 0 0 0 0 1 0 0]
At 23501/30000: COST 0.001/3.697(0.005) -- Acc 1.000/0.530(0.998)
[0 0 0 1 1 1 1 1 1 1 1 1 1 1 0 0 1 0 1 1 1 1 0 1 1 0 1 1 0 0 1 0 0 0 0 0 0
 1 1 1 1 1 0 0 0 0 1 1 1 0 0 0 1 1 0 0 1 0 1 1 1 1 1 1 0 1 1 0 0 1 1 1 1 0
 0 1 0 1 1 1 1 1 1 1 0 1 0 0 0 1 1 1 1 1 0 1 1 0 0 1]
At 23601/30000: COST 0.005/3.187(0.009) -- Acc 1.000/0.540(0.998)
[0 1 1 1 0 1 1 0 1 0 0 0 1 0 0 1 1 1 1 1 1 1 1 1 1 1 0 1 0 1 1 0 1 1 0 0 1
 1 1 1 0 1 1 0 1 1 1 0 1 0 0 1 0 0 1 1 1 1 0 1 0 1 1 0 1 1 1 0 1 0 1 0 1 1
 0 1 1 0 1 1 0 1 0 0 1 1 1 1 1 0 1 0 1 0 1 1 1 1 1 1]
At 23701/30000: COST 0.001/3.510(0.006) -- Acc 1.000/0.530(0.998)
[0 1 1 0 0 0 1 1 0 0 0 0 1 0 0 1 1 1 0 1 1 1 1 1 1 1 1 1 1 1 1 0 1 0 1 1 1
 1 0 1 1 1 1 0 1 1 1 1 1 1 1 1 1 1 1 1 1 1 1 1 1 1 0 0 1 1 0 1 0 1 1 0 1 1
 0 1 1 0 1 0 1 0 1 0 0 0 1 1 1 1 1 1 1 1 1 0 0 1 0 1]
At 23801/30000: COST 0.002/3.776(0.005) -- Acc 1.000/0.490(0.998)
[1 1 1 1 1 0 1 1 0 0 1 1 1 1 1 0 1 1 1 1 0 1 1 1 1 1 0 1 0 1 1 1 1 1 1 1 1
 1 0 0 0 1 1 1 0 1 1 0 1 1 1 1 1 1 0 1 0 0 1 0 1 0 1 1 0 0 1 0 0 1 0 1 1 1
 0 1 0 1 1 1 1 1 0 1 1 0 1 0 1 0 1 1 1 1 1 1 1 1 0 0]
At 23901/30000: COST 0.005/3.580(0.006) -- Acc 1.000/0.530(0.998)
[1 1 1 1 1 1 1 1 0 0 1 1 1 0 1 0 0 1 0 1 0 0 1 0 1 0 0 0 1 1 1 1 1 1 0 1 1
 0 1 1 0 1 1 1 0 1 1 0 1 1 1 1 0 0 1 1 1 0 1 1 0 0 0 1 1 1 1 1 1 1 0 0 1 1
 1 1 0 0 1 1 0 1 1 1 0 0 0 1 0 0 1 1 1 1 0 1 0 1 0 1]
At 24001/30000: COST 0.001/3.133(0.015) -- Acc 1.000/0.470(0.996)
[0 0 1 1 0 0 1 0 0 1 1 1 0 0 1 0 1 1 1 1 0 0 1 1 1 1 1 0 1 1 1 0 0 1 1 0 1
 0 1 0 1 0 0 1 1 1 1 1 1 1 1 1 1 1 1 1 0 0 0 0 1 0 1 1 1 1 1 1 1 0 1 1 1 1
 1 0 1 1 1 1 1 0 0 0 1 0 1 1 0 1 0 1 0 1 0 0 1 1 1 1]
At 24101/30000: COST 0.008/3.405(0.009) -- Acc 0.990/0.500(0.997)
[0 1 1 0 1 1 0 1 0 1 0 0 1 0 1 0 0 1 1 0 1 1 1 0 0 1 0 1 1 0 0 0 1 1 1 1 1
 1 1 0 1 1 0 1 1 1 1 1 1 1 0 0 1 0 1 1 1 1 1 1 1 1 1 0 0 1 1 0 0 0 0 1 0 0
 0 1 1 1 1 1 1 0 1 0 1 1 1 0 1 1 1 1 1 1 1 0 1 0 0 0]
At 24201/30000: COST 0.010/4.097(0.007) -- Acc 1.000/0.520(0.998)
[1 1 1 0 1 1 0 0 1 0 0 0 0 0 1 0 0 1 0 1 0 1 1 0 1 1 1 1 1 0 1 1 0 0 0 1 0
 1 0 0 0 0 1 1 0 0 0 1 1 0 1 1 0 1 1 1 1 1 1 1 1 1 0 1 1 0 0 1 1 1 1 1 1 0
 1 1 0 1 1 1 0 1 1 1 0 0 0 1 1 1 1 0 0 1 1 1 0 0 1 1]
At 24301/30000: COST 0.008/3.548(0.010) -- Acc 1.000/0.530(0.997)
[1 0 1 1 1 1 0 1 0 1 1 0 0 1 1 0 1 0 0 0 1 1 1 1 0 0 0 1 1 0 0 0 1 1 1 1 0
 0 1 1 1 1 1 0 0 0 1 0 1 1 1 1 0 0 1 1 1 0 1 0 1 0 1 1 1 0 0 0 1 1 1 1 1 0
 0 1 1 1 0 1 1 0 1 0 1 0 1 0 1 0 1 1 1 1 1 1 0 0 1 1]
At 24401/30000: COST 0.001/3.811(0.009) -- Acc 1.000/0.500(0.998)
[1 0 1 0 0 0 1 0 1 1 0 1 1 0 0 0 1 0 1 1 1 0 1 1 0 1 0 1 0 1 1 0 1 1 1 0 1
 1 0 0 1 1 0 1 0 1 1 1 1 0 1 0 0 1 0 0 0 1 1 1 0 0 0 1 1 1 1 1 1 1 0 1 1 0
 0 1 1 1 1 1 1 1 1 0 0 0 0 1 1 1 1 1 1 1 0 1 0 1 0 0]
At 24501/30000: COST 0.001/3.464(0.007) -- Acc 1.000/0.470(0.998)
[0 1 1 1 1 1 0 1 1 1 0 0 0 1 1 1 1 0 1 0 0 1 0 0 1 1 1 1 1 0 1 0 0 1 0 1 0
 0 1 1 1 1 1 1 1 1 1 1 0 0 0 0 0 1 0 0 1 0 1 1 0 1 0 0 0 1 1 0 1 1 0 1 1 0
 0 0 0 1 1 0 1 1 1 1 0 1 1 0 1 0 1 1 0 1 1 1 0 1 1 1]
At 24601/30000: COST 0.004/3.807(0.005) -- Acc 1.000/0.490(0.999)
[1 0 1 0 1 0 0 1 1 1 1 0 1 0 0 1 0 1 1 1 1 0 1 0 1 0 1 0 1 0 1 1 1 1 1 1 0
 0 0 1 0 0 0 1 0 1 1 1 1 0 0 1 1 1 1 0 0 1 1 1 1 1 0 0 0 1 0 1 1 0 1 1 1 0
 0 1 0 1 0 0 1 0 1 0 1 1 1 0 1 0 1 1 1 0 1 1 1 1 1 1]
At 24701/30000: COST 0.031/3.316(0.008) -- Acc 0.990/0.500(0.998)
[1 0 0 1 1 0 0 1 0 0 1 1 0 1 0 1 0 1 1 0 0 1 1 0 1 0 0 1 1 1 0 1 1 0 1 1 1
 1 1 0 0 1 0 1 1 0 1 0 0 1 1 1 1 1 0 1 0 1 1 1 0 1 1 1 1 1 0 1 0 1 0 1 0 1
 1 1 1 1 0 0 1 1 1 1 0 1 1 1 0 1 1 1 1 1 0 0 1 1 1 0]
At 24801/30000: COST 0.001/3.437(0.010) -- Acc 1.000/0.550(0.997)
[1 0 0 1 1 1 1 1 1 1 0 1 0 0 1 1 1 1 1 1 1 1 1 0 0 0 1 0 1 0 0 1 0 1 1 1 0
 1 1 1 1 0 0 1 1 1 1 0 0 1 1 0 0 1 0 0 0 0 0 0 1 0 0 1 1 1 1 1 0 0 0 0 1 1
 1 1 1 0 1 1 1 1 1 1 1 0 1 1 1 0 0 0 0 1 1 1 0 1 1 0]
At 24901/30000: COST 0.089/3.229(0.058) -- Acc 0.990/0.540(0.992)
[1 0 1 1 0 0 0 0 0 1 0 0 1 1 1 1 1 1 1 0 0 1 0 1 1 0 1 0 0 1 0 1 0 1 1 0 1
 1 1 0 1 1 0 1 1 1 0 1 1 0 1 1 1 0 0 1 1 1 1 1 1 1 1 1 1 1 1 1 1 1 1 1 1 1
 1 1 1 1 0 1 0 0 0 1 1 1 1 1 1 0 0 1 1 1 1 1 1 1 1 0]
At 25001/30000: COST 0.033/3.309(0.034) -- Acc 0.990/0.550(0.994)
[1 0 0 1 1 0 1 0 0 1 1 1 1 0 1 1 1 1 1 0 1 0 1 1 1 1 0 1 1 1 1 1 1 1 1 1 1
 1 1 0 1 0 1 1 1 0 1 0 0 1 1 0 1 0 0 0 1 1 1 1 0 1 1 1 1 1 1 1 1 1 1 1 1 1
 0 0 0 0 1 0 1 0 1 1 0 0 1 0 1 1 1 1 1 1 1 1 1 1 1 0]
At 25101/30000: COST 0.000/3.383(0.016) -- Acc 1.000/0.580(0.997)
[0 1 1 0 1 0 1 0 0 1 1 1 0 1 1 0 1 1 0 0 0 1 0 1 1 1 0 0 1 1 1 1 1 0 0 0 0
 0 1 1 0 1 0 1 1 1 1 0 1 1 0 1 1 1 1 0 1 0 1 1 1 1 1 0 1 1 1 1 1 1 1 0 0 1
 0 1 1 1 1 1 0 1 1 1 1 1 1 1 0 0 1 1 1 1 1 1 1 1 1 1]
At 25201/30000: COST 0.003/3.663(0.009) -- Acc 1.000/0.560(0.998)
[0 1 1 1 1 1 1 1 0 0 1 1 1 0 1 1 1 0 1 1 1 1 0 0 0 0 1 1 0 1 1 1 0 1 1 1 1
 1 0 1 0 1 1 0 1 0 1 0 1 0 1 1 0 1 1 0 0 1 1 1 1 1 1 1 1 0 0 1 1 0 1 1 1 1
 1 0 0 1 1 1 0 0 1 1 0 1 0 0 1 1 0 1 1 0 0 1 1 0 0 0]
At 25301/30000: COST 0.009/3.544(0.006) -- Acc 1.000/0.510(0.999)
[1 0 0 0 1 1 1 0 0 1 0 1 1 0 0 1 1 1 1 1 1 0 0 1 1 1 0 0 1 1 1 1 1 0 1 0 1
 1 1 1 1 1 1 1 1 1 1 0 1 1 0 1 0 1 0 1 1 1 0 1 1 0 0 1 1 1 1 1 1 1 0 1 1 0
 0 0 1 1 1 1 1 1 0 1 1 0 1 1 1 0 0 1 1 1 0 1 1 0 1 1]
At 25401/30000: COST 0.000/3.641(0.005) -- Acc 1.000/0.540(0.999)
[1 1 0 1 0 1 1 1 1 1 1 1 1 1 1 1 1 1 1 1 1 0 0 1 0 0 1 1 1 0 0 1 1 1 1 0 1
 0 0 1 1 1 0 1 1 0 0 0 1 1 1 1 0 1 1 0 1 0 1 0 1 1 0 0 1 1 1 1 1 1 1 0 1 1
 0 0 1 1 1 1 1 0 0 0 1 1 1 0 1 1 1 1 1 1 1 1 1 0 1 1]
At 25501/30000: COST 0.001/3.693(0.004) -- Acc 1.000/0.540(0.999)
[1 1 1 1 1 0 1 1 0 1 1 1 1 1 0 0 1 1 1 1 1 1 1 0 0 1 1 1 1 0 1 1 1 1 1 0 1
 1 1 0 1 1 0 0 0 1 1 0 0 1 1 1 1 0 1 1 1 1 1 1 0 1 1 0 1 1 0 1 0 1 1 0 1 0
 1 1 1 1 1 1 1 1 1 0 1 0 1 1 0 1 1 1 1 1 1 0 0 0 0 1]
At 25601/30000: COST 0.000/3.767(0.004) -- Acc 1.000/0.550(0.999)
[1 1 1 0 0 1 0 1 1 1 1 0 1 0 1 1 1 0 1 1 1 0 1 1 1 0 1 0 1 1 0 0 1 0 1 0 1
 1 1 1 1 1 1 1 1 1 0 1 1 0 0 0 1 1 0 0 1 1 1 1 1 1 1 1 1 1 1 1 1 0 1 1 1 1
 0 1 1 1 1 1 1 1 1 0 0 0 1 0 1 0 1 1 1 1 1 1 1 1 1 0]
At 25701/30000: COST 0.074/3.975(0.004) -- Acc 0.990/0.540(0.999)
[0 0 1 1 0 0 1 1 1 0 1 1 1 1 1 0 1 1 1 1 0 1 1 0 0 1 1 1 1 1 1 1 0 0 1 1 1
 1 1 1 0 1 1 0 1 0 1 1 0 1 0 0 1 1 1 1 0 0 1 0 1 1 0 1 1 0 1 0 0 1 1 0 0 0
 1 1 0 0 1 1 0 1 0 1 1 1 0 1 0 1 1 1 1 0 1 1 1 1 0 0]
At 25801/30000: COST 0.004/2.522(0.030) -- Acc 1.000/0.550(0.993)
[1 1 1 1 1 1 1 0 0 1 1 1 0 1 1 1 0 1 1 1 1 1 1 1 1 1 1 0 0 0 1 1 0 1 1 1 1
 1 0 1 0 1 1 1 1 1 1 1 0 1 1 1 0 0 1 1 0 1 1 1 1 1 1 0 0 1 0 1 0 0 1 1 0 1
 0 1 0 1 0 1 1 1 1 1 1 0 0 1 1 1 1 0 1 0 1 1 0 1 1 1]
At 25901/30000: COST 0.003/3.048(0.020) -- Acc 1.000/0.530(0.995)
[1 1 0 0 0 1 0 1 1 0 1 0 0 1 1 0 1 1 1 1 1 0 1 0 1 1 0 1 1 1 1 1 1 1 1 0 0
 1 1 1 1 1 1 1 1 0 1 0 0 1 0 1 0 0 0 1 0 0 1 1 1 1 0 1 1 1 0 1 1 1 0 0 1 1
 1 0 1 0 0 0 1 1 1 1 0 1 1 1 1 1 1 0 1 1 1 0 1 1 0 1]
At 26001/30000: COST 0.004/3.115(0.010) -- Acc 1.000/0.550(0.998)
[1 0 0 1 1 1 1 1 1 1 1 0 1 1 0 1 1 0 1 1 1 1 1 0 1 0 1 0 1 1 1 1 0 1 0 1 0
 1 1 1 1 1 1 0 0 0 1 0 1 1 0 1 1 0 0 0 1 0 1 1 1 0 0 1 1 0 1 0 1 1 0 1 1 1
 1 1 1 0 1 0 0 1 1 1 1 1 0 1 1 1 1 1 1 1 1 1 1 0 1 1]
At 26101/30000: COST 0.003/3.303(0.005) -- Acc 1.000/0.570(0.999)
[1 1 1 1 1 1 0 1 1 0 1 1 1 1 0 1 0 1 1 1 1 1 0 1 1 1 0 1 1 1 0 0 1 0 1 1 1
 0 1 0 1 1 1 1 0 0 0 1 1 1 1 1 0 0 1 0 1 1 0 1 1 0 1 1 0 1 1 1 0 1 0 1 1 1
 1 1 0 1 0 1 1 1 1 1 1 1 1 0 0 1 1 1 1 0 0 0 0 1 1 1]
At 26201/30000: COST 0.003/3.422(0.004) -- Acc 1.000/0.550(0.999)
[1 0 1 0 0 1 1 1 0 1 0 1 1 0 1 1 1 0 1 1 1 1 1 1 0 1 0 0 1 0 0 1 0 1 1 1 1
 0 1 1 1 1 1 1 1 1 1 0 1 0 1 1 1 0 0 1 1 1 0 0 0 0 0 1 1 1 0 1 0 1 1 1 1 1
 0 0 1 1 1 1 1 0 1 0 1 0 1 0 1 1 1 1 0 0 0 1 1 1 1 1]
At 26301/30000: COST 0.032/2.838(0.014) -- Acc 0.980/0.550(0.997)
[1 0 1 1 0 1 1 1 0 0 1 1 0 1 1 1 1 1 1 0 1 1 0 1 1 1 0 1 1 1 1 0 1 1 1 0 0
 1 1 1 1 0 0 1 1 1 1 1 1 0 0 1 0 1 1 1 1 0 0 1 1 1 1 0 1 0 0 0 1 1 0 0 1 1
 1 1 1 1 0 0 1 1 0 0 0 0 1 0 1 1 1 1 1 1 0 1 1 1 1 1]
At 26401/30000: COST 0.001/2.869(0.011) -- Acc 1.000/0.530(0.997)
[0 1 1 1 0 1 1 1 1 1 1 1 0 0 1 0 0 1 1 0 0 0 1 1 1 1 1 0 0 1 0 0 1 1 0 1 1
 1 1 1 1 1 1 1 1 1 1 1 1 1 1 0 1 0 1 1 1 0 1 1 1 1 1 0 0 0 1 1 1 0 1 0 1 1
 0 1 1 1 1 0 1 0 1 0 1 1 0 1 0 1 0 0 1 1 1 0 0 1 1 1]
At 26501/30000: COST 0.027/2.828(0.013) -- Acc 0.990/0.570(0.997)
[0 1 1 1 0 1 1 1 0 0 1 1 0 0 1 0 1 1 0 1 0 1 0 0 1 0 0 1 1 1 1 1 0 0 1 1 0
 1 1 1 0 1 0 1 1 0 1 0 1 1 1 1 0 1 1 1 1 0 0 1 1 1 1 0 1 1 1 0 0 0 1 1 1 1
 1 1 1 1 1 1 1 1 0 0 1 0 1 1 1 0 1 1 0 0 1 1 1 0 0 0]
At 26601/30000: COST 0.001/3.260(0.007) -- Acc 1.000/0.530(0.998)
[1 1 1 1 0 1 1 0 1 0 1 1 1 0 1 1 1 1 1 0 0 1 1 1 0 1 1 0 1 1 1 0 1 1 1 0 0
 1 1 1 0 0 1 1 1 1 1 0 1 1 0 1 0 1 0 1 1 0 0 1 1 0 1 1 1 0 0 1 1 1 0 1 1 1
 1 1 1 0 1 0 0 1 1 1 0 1 1 0 0 1 0 0 1 1 1 1 1 0 0 1]
At 26701/30000: COST 0.005/3.266(0.005) -- Acc 1.000/0.560(0.999)
[0 0 1 1 0 1 1 1 1 1 0 1 1 1 1 1 1 1 1 0 0 1 1 0 1 0 1 1 1 0 1 1 1 0 0 1 0
 0 1 0 1 1 1 1 1 1 1 1 0 1 0 1 1 0 1 1 1 1 1 1 0 0 1 1 1 1 0 0 0 1 1 0 1 0
 1 1 1 1 1 1 0 0 1 0 0 1 1 1 1 1 1 0 1 1 1 0 1 0 1 0]
At 26801/30000: COST 0.001/3.229(0.016) -- Acc 1.000/0.530(0.995)
[0 0 1 0 1 1 1 0 0 0 0 1 1 0 1 1 1 1 1 0 1 0 0 1 0 1 0 1 1 0 1 1 1 1 0 0 1
 1 1 1 1 0 0 0 0 1 1 1 0 0 1 1 1 1 1 1 1 0 0 1 1 1 1 1 1 1 1 1 1 1 1 0 1 1
 1 1 1 1 1 0 1 1 1 0 0 1 1 0 1 1 1 1 0 1 1 0 1 0 1 0]
At 26901/30000: COST 0.002/3.257(0.008) -- Acc 1.000/0.540(0.998)
[0 1 1 0 0 0 1 1 1 0 0 1 0 0 0 1 1 1 0 1 1 0 1 0 1 1 1 1 1 1 1 1 1 1 1 0 1
 1 0 1 0 1 0 0 1 0 1 0 0 1 1 1 1 0 1 1 0 1 1 1 0 1 1 1 1 0 1 1 1 1 0 0 0 1
 1 1 0 0 1 0 1 1 1 0 1 1 0 1 1 1 1 1 1 1 1 1 1 1 0 1]
At 27001/30000: COST 0.002/3.158(0.004) -- Acc 1.000/0.600(0.999)
[1 1 1 0 0 1 1 1 1 1 1 1 0 1 0 1 1 0 0 1 1 0 1 1 1 1 1 1 1 1 1 0 1 0 0 1 1
 0 1 1 1 1 0 1 0 0 0 1 1 1 0 1 1 1 1 1 0 1 0 1 1 0 0 1 1 1 1 0 0 1 1 1 1 0
 1 1 1 1 0 1 1 0 1 1 1 0 1 0 1 1 1 1 1 1 1 0 1 1 1 1]
At 27101/30000: COST 0.005/3.886(0.005) -- Acc 1.000/0.530(0.999)
[1 1 1 1 1 1 1 1 1 1 1 1 1 1 1 0 0 0 1 1 1 1 1 1 1 1 1 1 0 1 1 1 1 1 0 0 1
 1 1 1 1 1 0 1 1 1 0 1 0 1 0 1 1 1 1 1 0 1 1 0 1 1 1 1 0 1 1 1 1 1 1 1 0 0
 0 1 0 0 1 1 1 1 0 0 1 0 0 1 1 0 1 1 1 0 0 1 1 1 1 0]
At 27201/30000: COST 0.003/3.457(0.009) -- Acc 1.000/0.490(0.997)
[1 1 1 1 1 0 1 0 0 1 1 1 1 1 1 0 1 1 1 1 0 0 1 1 0 1 1 1 0 1 0 1 0 1 1 1 1
 0 0 1 1 0 1 1 1 0 0 1 1 1 0 1 1 1 0 0 1 1 1 1 1 1 1 1 0 1 0 1 1 1 1 1 1 1
 0 1 1 1 1 1 1 0 1 0 1 1 1 0 1 1 0 0 1 0 1 0 1 1 0 1]
At 27301/30000: COST 0.031/3.116(0.009) -- Acc 0.990/0.520(0.997)
[1 0 0 1 1 1 1 1 1 1 1 1 1 0 1 1 1 1 0 1 1 1 1 1 1 1 1 1 1 1 1 0 0 0 0 1 0
 0 0 0 0 1 0 0 1 1 1 1 0 0 1 0 0 1 0 0 1 0 1 0 1 1 1 0 0 0 1 1 0 1 0 1 1 1
 1 1 1 1 1 0 1 1 1 0 1 1 0 0 1 0 0 1 1 1 1 0 1 1 1 1]
At 27401/30000: COST 0.002/3.026(0.019) -- Acc 1.000/0.540(0.995)
[0 1 1 1 1 1 0 1 0 1 1 0 0 0 1 0 1 0 1 1 1 1 0 1 1 0 0 1 1 0 1 0 0 0 1 0 0
 1 1 1 1 1 1 1 1 1 1 1 1 1 0 1 1 1 1 1 0 1 1 0 0 0 1 1 1 0 1 0 1 0 0 1 0 1
 0 1 0 0 1 1 0 1 0 1 0 1 1 1 1 1 0 1 0 1 0 1 1 1 0 1]
At 27501/30000: COST 0.029/3.692(0.010) -- Acc 0.990/0.520(0.997)
[0 0 1 1 1 0 0 1 1 1 0 1 1 1 0 0 1 1 0 1 0 1 1 1 1 1 1 1 1 0 1 1 0 0 0 0 0
 1 1 0 1 1 1 1 1 0 1 1 0 0 1 0 0 1 0 1 0 1 1 1 1 0 0 1 0 1 1 0 0 1 1 1 1 0
 1 0 0 1 1 1 1 1 1 1 0 1 0 1 1 1 1 1 1 1 1 0 0 1 0 1]
At 27601/30000: COST 0.012/3.669(0.006) -- Acc 0.990/0.530(0.998)
[1 0 0 1 1 1 1 0 0 1 0 1 1 1 0 0 1 1 0 0 1 1 1 1 1 1 0 1 0 1 0 1 1 1 1 1 1
 1 0 1 1 0 0 1 1 1 1 1 1 1 1 1 0 0 1 0 1 0 1 1 1 1 1 1 0 0 0 1 1 1 0 1 1 1
 1 1 1 1 0 1 0 1 0 0 1 1 1 0 1 1 1 0 0 1 0 1 0 1 1 0]
At 27701/30000: COST 0.000/3.062(0.006) -- Acc 1.000/0.460(0.998)
[1 1 1 0 1 1 1 0 1 1 0 1 1 0 1 0 0 0 0 0 1 1 1 0 1 1 1 1 1 1 1 1 1 1 0 0 0
 1 1 1 1 1 1 0 1 1 1 1 1 1 1 1 0 1 1 0 1 1 1 0 1 0 0 1 0 1 1 1 1 1 1 0 1 1
 1 1 0 1 0 1 1 0 1 1 1 0 1 1 1 0 1 1 1 0 1 1 1 1 1 1]
At 27801/30000: COST 0.001/3.249(0.005) -- Acc 1.000/0.540(0.999)
[1 0 1 0 0 0 0 1 1 1 1 0 1 1 1 1 1 1 1 0 1 0 1 1 1 0 0 1 0 1 1 1 1 1 1 1 1
 1 1 1 1 0 1 0 1 1 1 1 1 0 1 0 1 1 1 1 0 1 0 1 0 1 0 1 1 1 0 1 1 0 1 0 1 0
 0 1 1 1 1 1 1 1 1 0 1 1 0 0 1 1 0 0 1 1 0 1 1 1 0 1]
At 27901/30000: COST 0.001/3.495(0.003) -- Acc 1.000/0.540(0.999)
[1 1 1 1 1 1 1 0 0 0 0 0 0 0 1 1 0 1 1 0 1 1 1 0 1 1 0 1 1 0 1 0 1 1 1 0 0
 1 1 1 1 0 1 1 1 1 0 1 1 0 0 0 0 0 0 0 1 1 1 1 0 1 0 1 0 1 0 1 0 1 1 1 0 1
 0 1 1 1 1 0 0 1 0 1 1 1 0 1 1 1 0 1 1 1 1 1 1 1 1 1]
At 28001/30000: COST 0.001/2.859(0.006) -- Acc 1.000/0.490(0.999)
[1 1 1 1 1 1 1 1 0 1 1 1 1 1 1 1 0 0 0 0 1 1 1 1 0 1 0 0 1 1 1 1 0 1 1 0 0
 1 1 1 0 0 1 1 0 1 1 1 1 1 1 1 1 1 0 1 1 1 1 1 0 1 0 0 1 1 1 0 1 1 1 0 0 0
 1 1 1 1 1 0 0 1 0 1 0 0 1 1 1 0 0 1 0 1 0 0 1 1 1 0]
At 28101/30000: COST 0.001/3.214(0.006) -- Acc 1.000/0.540(0.999)
[1 1 1 0 0 0 1 1 1 1 1 0 1 0 1 1 1 1 1 0 1 1 1 1 0 0 0 1 0 1 0 1 1 1 0 1 0
 1 1 1 1 1 0 1 1 1 1 1 1 1 1 0 1 1 0 0 1 1 0 1 0 1 0 1 1 1 0 0 1 1 1 0 0 1
 1 0 1 1 1 1 1 0 1 0 0 0 0 1 0 1 1 1 1 0 1 1 1 1 1 1]
At 28201/30000: COST 0.003/3.572(0.008) -- Acc 1.000/0.510(0.998)
[1 1 1 0 1 0 1 1 1 1 0 1 1 1 1 0 1 0 1 0 1 1 1 1 0 1 1 1 0 1 0 1 1 1 0 0 1
 1 1 0 1 1 0 1 0 1 0 1 1 1 1 1 1 0 0 0 1 1 0 0 0 1 0 1 1 1 0 0 1 0 1 1 1 1
 1 1 1 1 1 1 0 1 0 1 1 1 1 1 1 1 0 1 0 0 1 1 0 1 0 1]
At 28301/30000: COST 0.016/3.172(0.019) -- Acc 0.990/0.550(0.995)
[1 1 1 1 1 1 0 1 0 1 1 1 1 1 0 1 1 1 1 1 1 1 0 0 0 1 1 1 1 0 0 1 0 1 1 1 1
 1 1 1 1 0 1 0 1 0 1 1 1 0 1 0 1 1 1 0 1 0 1 1 0 1 0 1 0 1 1 0 1 0 1 1 1 0
 1 0 1 0 1 1 1 0 1 0 0 1 1 1 1 1 0 1 1 0 1 1 1 0 1 1]
At 28401/30000: COST 0.002/3.383(0.011) -- Acc 1.000/0.510(0.997)
[1 1 1 0 1 1 1 0 0 0 1 0 1 1 1 1 1 1 0 1 0 1 1 1 1 1 1 0 1 1 0 0 1 0 0 0 1
 1 1 1 1 0 1 1 0 1 1 1 1 1 1 1 1 1 1 0 1 1 1 1 0 1 0 0 1 0 1 1 1 1 0 1 1 0
 1 1 1 1 1 1 1 1 0 0 1 0 1 1 1 1 0 1 0 1 0 0 1 1 1 1]
At 28501/30000: COST 0.000/3.479(0.006) -- Acc 1.000/0.540(0.998)
[1 0 1 1 1 0 0 1 1 1 1 1 0 1 1 1 1 1 1 1 1 1 1 0 1 1 0 0 1 1 1 1 1 0 1 0 1
 1 1 0 1 1 1 0 0 1 1 1 1 1 0 0 0 1 0 1 1 1 1 0 0 0 1 0 0 1 1 1 0 1 1 1 1 1
 1 1 1 1 1 1 1 0 1 1 0 1 1 0 1 1 0 1 1 0 1 1 1 0 1 1]
At 28601/30000: COST 0.001/3.584(0.007) -- Acc 1.000/0.530(0.998)
[1 1 1 0 1 0 1 0 1 1 1 0 0 0 1 0 0 1 0 1 1 1 0 1 1 1 0 0 0 1 1 0 1 1 0 1 1
 1 1 1 1 1 0 0 0 0 1 0 1 1 1 1 0 1 1 1 1 1 1 0 0 0 0 1 1 1 1 1 0 1 1 1 1 1
 0 1 0 0 1 1 1 0 0 0 1 1 1 0 0 1 0 0 0 1 0 0 1 1 1 1]
At 28701/30000: COST 0.000/3.491(0.006) -- Acc 1.000/0.540(0.998)
[1 1 1 1 0 1 1 1 1 1 1 1 1 1 1 0 0 1 0 0 0 1 0 1 1 0 0 1 1 1 1 0 0 0 0 1 1
 1 1 1 1 1 1 1 0 1 1 1 1 1 1 1 1 1 0 1 1 0 1 0 1 0 0 1 1 1 1 1 0 1 1 0 1 1
 0 1 0 1 1 1 1 1 0 0 1 0 1 1 0 0 0 1 0 1 1 1 0 0 1 1]
At 28801/30000: COST 0.001/3.169(0.010) -- Acc 1.000/0.550(0.997)
[1 1 0 1 0 0 1 1 1 0 0 1 1 1 1 1 0 1 1 1 0 0 1 1 1 0 1 1 1 1 1 0 1 1 1 1 1
 1 0 1 1 1 1 1 1 1 1 0 1 1 1 1 0 0 1 1 1 0 0 1 0 1 1 1 0 1 1 1 1 1 0 0 1 0
 1 1 1 0 0 1 0 1 1 1 1 1 0 1 1 0 1 1 1 1 1 1 1 0 0 1]
At 28901/30000: COST 0.000/3.628(0.007) -- Acc 1.000/0.510(0.998)
[1 0 0 1 1 1 1 0 1 0 1 0 0 1 1 1 1 1 1 1 0 1 0 1 0 1 1 1 1 1 0 1 1 1 0 1 1
 1 1 1 1 1 1 1 0 1 1 1 1 1 1 0 1 0 1 0 1 0 1 1 1 1 0 1 1 1 1 0 0 1 1 1 1 1
 1 1 0 1 1 1 0 1 1 1 0 1 1 1 0 0 1 1 1 0 0 0 0 1 1 0]
At 29001/30000: COST 0.001/3.900(0.007) -- Acc 1.000/0.500(0.998)
[0 1 0 1 0 0 1 1 1 1 0 1 1 0 1 0 0 0 1 0 1 1 1 1 1 1 1 1 1 1 1 0 0 1 0 1 0
 1 0 1 0 0 0 0 1 0 1 0 1 0 0 1 1 0 1 0 1 1 1 0 0 1 0 1 1 1 1 1 0 1 1 0 1 1
 1 1 0 0 1 1 1 1 1 1 1 1 0 1 1 1 1 1 0 1 1 1 1 1 1 1]
At 29101/30000: COST 0.001/3.691(0.008) -- Acc 1.000/0.530(0.998)
[1 0 1 1 0 1 0 1 1 1 0 1 1 1 1 1 1 0 0 1 0 0 0 0 1 1 1 0 0 0 1 1 1 1 0 1 1
 1 1 1 1 1 1 1 1 0 1 0 1 1 1 1 1 1 1 0 0 1 0 0 1 1 1 1 1 1 1 0 1 0 0 0 0 1
 1 1 1 1 1 1 1 1 0 0 0 1 1 1 1 0 1 1 1 1 1 1 0 0 1 1]
At 29201/30000: COST 0.002/3.526(0.005) -- Acc 1.000/0.500(0.999)
[0 1 0 1 0 1 1 0 1 0 0 1 0 0 1 1 1 1 1 0 1 0 1 1 0 0 1 0 0 0 0 1 1 1 1 1 1
 1 0 1 0 1 1 1 0 1 0 0 1 1 0 1 1 1 1 0 0 1 1 1 1 1 0 0 1 1 1 1 1 1 1 1 0 1
 0 1 0 1 0 0 0 1 1 1 0 1 0 1 1 1 1 1 1 1 0 1 0 0 1 1]
At 29301/30000: COST 0.014/3.646(0.004) -- Acc 0.990/0.500(0.999)
[1 1 1 1 1 0 1 1 1 0 1 0 1 1 1 1 1 0 0 1 1 0 1 0 1 0 1 1 0 1 0 1 0 1 1 0 1
 1 1 1 1 1 1 0 1 0 1 0 0 0 1 1 1 0 1 0 1 0 1 1 1 1 0 0 0 1 1 1 1 1 1 0 0 1
 0 1 0 0 1 0 1 0 0 1 1 0 1 0 1 1 0 1 0 1 0 0 1 1 1 0]
At 29401/30000: COST 0.061/3.413(0.016) -- Acc 0.990/0.570(0.996)
[0 1 0 1 1 1 1 1 1 1 0 0 0 1 1 0 1 1 1 1 1 1 0 1 0 1 1 1 1 1 0 1 1 0 1 1 0
 1 1 1 1 1 0 1 0 1 0 1 0 0 0 1 1 1 1 0 1 0 0 1 0 1 1 1 0 0 0 1 0 1 1 0 1 1
 0 1 1 0 1 1 0 1 1 1 1 1 0 1 1 0 1 1 1 1 0 1 1 1 1 1]
At 29501/30000: COST 0.001/2.705(0.019) -- Acc 1.000/0.550(0.994)
[0 1 1 1 1 0 1 1 1 1 0 1 1 1 1 1 1 1 1 1 1 1 1 1 1 1 0 1 1 0 0 1 0 0 0 1 0
 0 1 1 0 1 1 0 0 1 1 0 1 1 1 1 0 1 0 1 0 1 1 1 1 1 1 1 1 0 1 1 1 0 0 1 1 1
 0 1 1 1 1 1 1 0 1 0 1 0 1 1 1 0 0 1 1 1 1 1 1 1 1 1]
At 29601/30000: COST 0.006/3.243(0.010) -- Acc 1.000/0.500(0.997)
[1 1 0 0 1 1 0 1 1 1 0 0 1 0 1 0 1 1 1 1 1 1 0 1 1 1 0 1 1 1 1 1 1 0 0 1 0
 0 1 1 1 0 1 1 1 1 1 1 1 1 1 1 1 0 1 1 1 1 1 0 0 0 0 0 1 1 1 0 1 0 0 0 0 1
 1 0 1 1 1 1 1 1 1 1 1 1 1 1 0 0 0 1 0 1 1 1 1 0 1 0]
At 29701/30000: COST 0.000/3.088(0.006) -- Acc 1.000/0.510(0.998)
[1 1 1 1 0 1 1 1 1 0 0 0 0 1 0 1 1 0 1 1 1 0 0 1 1 0 1 1 0 1 0 1 1 1 1 1 0
 1 1 1 1 1 1 0 1 1 0 1 1 1 1 1 1 1 1 0 1 1 0 1 1 1 0 1 1 1 0 0 1 1 0 1 1 0
 1 1 1 1 0 0 1 1 1 1 1 1 0 1 1 1 0 0 0 1 0 0 1 1 1 1]
At 29801/30000: COST 0.001/3.041(0.004) -- Acc 1.000/0.490(0.999)
[0 0 1 1 0 1 0 1 1 0 1 1 1 1 0 0 1 0 0 0 0 0 1 1 1 0 0 1 1 1 1 1 0 1 1 1 1
 0 1 1 1 0 1 1 0 1 1 0 1 0 0 0 1 1 1 1 1 1 1 0 1 1 1 1 0 1 0 1 0 1 1 1 1 1
 1 1 1 1 0 1 1 1 0 1 0 1 1 1 1 1 1 1 1 1 1 0 1 1 1 1]
At 29901/30000: COST 0.000/3.253(0.006) -- Acc 1.000/0.510(0.998)
