Traceback (most recent call last):
  File "tsc_mainR.py", line 13, in <module>
    X_train,X_test,y_train,y_test = load_data()
  File "/home/longxj/test/20170814pircedif_2012/3_64/tsc_model.py", line 39, in load_data
    data = read_form_csv()
  File "/home/longxj/test/20170814pircedif_2012/3_64/tsc_model.py", line 16, in read_form_csv
    f=open('000001SZ2012.csv')
FileNotFoundError: [Errno 2] No such file or directory: '000001SZ2012.csv'
Traceback (most recent call last):
  File "tsc_mainR.py", line 13, in <module>
    X_train,X_test,y_train,y_test = load_data()
  File "/home/longxj/test/20170814pircedif_2012/3_64/tsc_model.py", line 39, in load_data
    data = read_form_csv()
  File "/home/longxj/test/20170814pircedif_2012/3_64/tsc_model.py", line 16, in read_form_csv
    f=open('000001SZ2012.csv')
FileNotFoundError: [Errno 2] No such file or directory: '000001SZ2012.csv'
Train 1155 samples in approximately 2597 epochs
Finished computation graph
[0 1 0 0 1 0 1 0 1 0 0 0 1 0 0 0 1 0 1 1 0 0 0 0 0 0 0 0 0 1 0 0 0 1 1 1 0
 1 1 0 1 0 0 0 0 0 0 1 1 0 0 1 0 0 0 0 0 0 0 0 0 0 0 1 1 1 0 1 0 0 1 0 1 0
 1 0 0 0 0 0 1 0 0 0 0 1 0 0 0 1 0 0 1 1 1 0 1 0 0 1]
At     1/30000: COST 0.806/0.713(0.699) -- Acc 0.520/0.480(0.010)
[1 1 1 1 1 1 1 1 1 1 1 1 1 1 1 1 1 1 1 1 1 1 1 1 1 1 1 1 1 1 1 1 1 1 1 1 1
 1 1 1 1 1 1 1 1 1 1 1 1 1 1 1 1 1 1 1 1 1 1 1 1 1 1 1 1 1 1 1 1 1 1 1 1 1
 1 1 1 1 1 1 1 1 1 1 1 1 1 1 1 1 1 1 1 1 1 1 1 1 1 1]
At   101/30000: COST 0.710/0.703(0.703) -- Acc 0.540/0.490(0.330)
[1 1 1 1 1 1 0 0 0 1 1 0 1 1 0 1 0 1 1 0 1 0 1 0 0 1 1 1 0 0 0 1 0 1 0 1 1
 0 1 1 1 1 0 1 1 0 1 0 1 1 0 0 1 1 0 0 0 0 0 0 1 0 0 1 1 1 0 0 1 0 1 0 0 1
 1 1 0 1 1 0 1 1 1 1 1 1 0 1 1 1 0 0 1 1 0 1 0 0 1 0]
At   201/30000: COST 0.655/0.687(0.696) -- Acc 0.590/0.580(0.468)
[1 1 0 1 1 0 0 0 0 0 1 0 1 1 1 0 0 1 0 0 1 0 1 1 1 0 0 0 1 0 1 1 1 1 1 0 0
 1 0 0 1 1 1 1 0 1 1 1 1 0 1 1 1 1 0 1 1 1 1 1 1 0 0 0 0 1 1 1 1 0 0 1 1 0
 1 0 1 0 1 0 1 1 1 1 0 0 0 0 1 1 0 0 0 0 0 0 0 0 0 0]
At   301/30000: COST 0.646/0.731(0.678) -- Acc 0.610/0.520(0.550)
[1 1 0 1 0 1 1 0 1 1 1 0 1 0 0 0 0 1 1 1 0 0 1 1 1 1 1 1 1 0 0 1 0 1 1 1 0
 0 0 1 1 0 1 1 1 1 1 1 1 0 1 0 1 0 1 0 1 1 0 1 1 1 1 0 0 1 0 1 0 1 1 1 1 0
 0 1 1 1 1 1 1 1 1 1 0 0 0 1 0 0 1 1 1 1 0 1 1 1 0 1]
At   401/30000: COST 0.522/0.794(0.638) -- Acc 0.750/0.520(0.622)
[1 1 1 1 1 1 1 0 0 1 1 1 1 1 1 1 0 1 1 0 0 1 0 0 1 1 0 0 1 1 0 1 0 0 1 1 1
 0 0 0 1 0 1 0 0 1 0 1 0 1 0 0 1 1 1 0 1 0 1 0 1 1 0 1 1 0 1 1 1 1 1 0 0 1
 0 1 0 0 1 0 1 0 0 1 0 1 0 1 1 1 1 0 0 1 0 1 1 1 1 0]
At   501/30000: COST 0.658/1.084(0.586) -- Acc 0.660/0.500(0.685)
[1 1 0 1 1 1 0 1 1 0 0 1 1 1 0 1 0 0 1 0 0 1 0 1 0 1 1 0 1 0 1 1 1 1 1 1 0
 1 1 0 1 1 0 1 1 1 1 1 0 1 1 1 1 1 1 1 1 1 1 1 1 1 1 1 1 0 1 0 1 0 0 0 1 1
 1 1 0 1 0 0 1 1 1 1 1 1 1 0 0 1 1 1 1 0 1 1 1 1 1 0]
At   601/30000: COST 0.519/0.989(0.536) -- Acc 0.750/0.520(0.728)
[1 1 1 0 1 1 0 1 1 0 0 0 1 0 1 1 1 1 0 1 1 1 1 1 1 0 0 0 1 0 1 0 0 1 1 0 0
 1 0 1 1 0 1 0 0 1 1 1 1 1 1 1 1 1 1 1 0 0 1 1 1 0 1 1 1 0 0 1 1 1 0 0 0 1
 1 1 1 1 0 0 0 0 1 1 1 1 1 0 1 0 0 1 1 1 1 1 1 1 0 1]
At   701/30000: COST 0.377/1.467(0.471) -- Acc 0.850/0.420(0.776)
[0 0 0 1 1 0 0 1 1 1 1 1 0 0 0 1 1 1 1 0 1 0 1 0 1 1 1 0 0 1 1 1 1 1 1 1 0
 1 1 0 1 1 0 1 1 0 0 1 1 1 0 1 0 0 0 0 1 0 0 1 0 1 0 0 0 0 0 1 0 0 1 1 0 1
 1 0 0 1 0 0 0 1 0 0 0 1 1 0 0 1 0 0 1 1 1 0 0 0 1 1]
At   801/30000: COST 0.475/1.834(0.415) -- Acc 0.770/0.420(0.811)
[0 1 1 1 0 0 1 0 0 1 0 1 1 1 1 1 1 0 0 0 1 1 1 1 0 0 0 1 1 1 1 1 0 1 1 0 0
 0 0 1 1 1 1 0 0 1 1 0 0 1 1 1 0 0 1 1 0 1 1 1 1 1 1 1 0 0 1 1 0 1 1 0 0 1
 0 1 1 1 1 1 1 1 1 1 1 0 0 0 1 0 0 1 1 1 1 0 0 1 1 0]
At   901/30000: COST 0.263/1.701(0.362) -- Acc 0.860/0.510(0.845)
[0 0 1 1 1 1 0 1 0 0 1 1 1 1 1 1 1 1 1 1 1 0 1 0 1 1 0 1 1 1 1 0 1 0 1 0 0
 1 1 1 1 1 0 0 1 0 0 0 1 1 0 1 0 1 1 1 0 0 1 1 1 1 1 0 1 1 0 1 1 0 0 0 1 1
 1 1 0 1 1 1 1 0 1 1 0 1 1 1 0 0 0 0 0 0 0 0 1 1 0 0]
At  1001/30000: COST 0.264/2.187(0.320) -- Acc 0.880/0.460(0.866)
[1 1 0 1 0 1 1 1 1 1 1 0 1 1 1 1 0 1 1 1 1 1 1 1 0 0 1 0 0 1 1 0 1 1 0 0 0
 1 0 0 1 0 1 0 1 0 0 1 1 1 1 1 0 1 0 0 0 1 1 0 1 0 0 0 1 1 0 1 1 1 0 0 0 1
 0 1 1 1 1 0 1 1 0 0 0 1 1 1 1 1 0 1 0 1 0 1 1 0 0 1]
At  1101/30000: COST 0.289/1.917(0.293) -- Acc 0.900/0.450(0.879)
[0 1 1 0 0 1 1 1 1 0 1 0 1 0 0 0 0 1 0 0 0 1 1 0 1 0 0 1 0 1 1 1 0 0 0 1 0
 1 1 0 1 0 1 1 1 1 0 1 1 1 1 0 1 1 1 1 1 0 1 1 1 1 1 1 0 1 0 1 1 1 0 0 1 1
 0 0 1 0 1 0 1 0 1 0 1 1 1 0 0 0 0 1 0 0 1 1 1 1 1 0]
At  1201/30000: COST 0.261/1.959(0.274) -- Acc 0.890/0.450(0.890)
[1 1 0 0 0 0 1 0 0 0 1 0 0 1 0 0 0 0 0 1 0 1 0 1 0 1 0 1 1 1 1 1 0 1 0 1 1
 1 1 0 1 1 1 0 0 1 1 1 1 0 0 1 1 0 0 0 1 1 0 1 1 0 0 1 0 1 1 1 0 1 0 1 1 1
 1 1 0 1 1 0 1 0 0 1 1 1 0 1 1 1 1 0 0 1 1 0 1 0 0 1]
At  1301/30000: COST 0.193/1.871(0.237) -- Acc 0.930/0.470(0.909)
[1 0 0 1 1 0 0 1 1 1 1 0 1 0 1 1 0 0 1 0 0 1 1 1 1 0 0 0 0 1 1 1 0 1 1 0 0
 1 1 1 1 0 0 0 1 0 0 1 1 1 1 1 1 1 0 1 0 1 1 0 1 1 1 0 0 1 0 1 1 1 1 1 0 1
 0 0 1 1 1 1 0 1 0 1 1 1 1 1 1 0 1 0 1 0 1 0 1 1 0 0]
At  1401/30000: COST 0.246/2.138(0.238) -- Acc 0.910/0.500(0.906)
[1 1 0 0 1 0 1 0 1 0 0 0 1 1 1 1 1 0 0 0 0 0 0 1 1 1 0 0 1 1 1 1 0 0 1 0 1
 1 1 1 1 1 0 1 1 1 1 0 1 0 0 1 1 0 1 1 1 1 0 0 1 1 0 0 1 1 0 0 0 1 1 1 0 0
 0 0 0 0 1 1 1 0 0 0 1 0 1 0 1 1 0 1 0 0 0 1 1 1 1 1]
At  1501/30000: COST 0.129/2.170(0.232) -- Acc 0.950/0.440(0.910)
[0 1 1 0 1 0 0 1 1 0 0 0 0 0 1 0 0 1 0 1 1 1 1 0 0 1 0 0 1 1 1 1 1 0 0 0 1
 1 1 1 0 1 1 1 1 1 1 1 1 0 1 1 0 0 0 0 1 1 0 0 1 0 1 1 1 0 1 1 1 0 0 1 1 0
 1 1 1 0 1 1 1 0 0 1 1 1 1 1 0 1 1 1 1 0 1 1 0 0 0 1]
At  1601/30000: COST 0.132/2.439(0.185) -- Acc 0.930/0.490(0.931)
[0 0 0 1 1 1 0 0 1 0 1 1 1 0 1 0 0 0 1 0 0 1 1 1 0 0 1 0 1 1 0 1 1 1 1 0 0
 1 1 0 0 0 0 0 1 1 1 1 0 1 1 0 1 0 1 0 1 1 0 0 1 0 1 1 0 0 1 1 1 1 1 0 0 1
 0 1 1 0 0 1 1 1 1 1 0 0 1 0 1 1 0 1 0 1 1 1 1 0 1 1]
At  1701/30000: COST 0.193/2.191(0.176) -- Acc 0.940/0.520(0.933)
[1 0 1 0 0 0 1 0 1 1 0 0 0 0 1 0 1 0 1 0 0 1 1 1 1 1 0 1 1 1 0 0 1 0 0 0 1
 1 1 0 1 0 0 0 0 0 1 0 1 1 0 1 1 1 0 1 1 1 1 0 1 1 0 0 0 0 0 0 1 1 1 0 0 1
 1 0 0 0 1 0 0 1 0 1 1 0 0 0 0 1 0 1 1 0 1 0 0 0 1 1]
At  1801/30000: COST 0.167/2.721(0.164) -- Acc 0.940/0.410(0.939)
[0 0 1 1 1 1 0 0 0 1 0 1 0 1 1 1 1 0 1 1 0 1 0 0 0 0 1 0 0 0 0 0 1 0 1 1 1
 0 0 1 0 0 1 1 1 0 1 1 0 1 0 1 0 1 0 1 1 1 1 1 1 0 1 0 0 0 1 1 0 1 1 1 0 1
 0 0 0 1 0 0 1 1 1 1 1 0 0 0 0 1 1 0 0 0 1 0 0 1 1 0]
At  1901/30000: COST 0.178/2.482(0.148) -- Acc 0.890/0.540(0.946)
[0 1 0 1 1 0 0 0 1 1 1 1 0 1 1 0 1 1 1 0 1 0 1 0 1 1 1 0 0 1 1 0 1 1 0 0 1
 0 0 0 1 0 0 0 0 0 0 0 0 0 0 0 0 1 0 0 1 1 1 0 1 1 0 1 1 0 0 1 1 1 1 1 0 0
 1 1 0 1 1 1 1 1 0 0 1 1 1 1 1 1 0 1 1 1 1 1 1 0 0 1]
At  2001/30000: COST 0.055/2.862(0.133) -- Acc 0.970/0.450(0.951)
[1 1 0 1 0 0 1 1 0 0 0 1 1 1 1 0 1 0 0 0 1 1 1 0 1 0 1 0 0 1 0 0 1 0 0 1 1
 1 1 0 1 0 0 1 0 0 0 1 1 1 0 1 0 0 1 1 1 1 0 1 0 1 0 1 0 0 1 0 0 1 1 0 1 1
 1 0 1 1 0 1 0 1 1 1 0 1 1 1 1 0 0 0 0 0 1 0 0 0 0 0]
At  2101/30000: COST 0.169/3.245(0.120) -- Acc 0.960/0.460(0.957)
[1 0 0 1 1 0 0 1 0 1 1 1 1 0 0 1 0 0 1 1 1 1 0 1 0 0 1 1 0 1 1 1 1 1 0 1 0
 0 1 0 0 1 1 1 1 0 0 1 1 0 1 0 1 1 1 0 1 1 0 0 1 0 0 0 1 1 0 1 0 1 0 0 0 0
 1 0 1 1 0 0 1 1 1 1 1 1 1 1 0 0 0 0 0 0 0 1 1 1 0 0]
At  2201/30000: COST 0.156/3.320(0.109) -- Acc 0.920/0.430(0.961)
[0 1 1 0 0 1 1 0 0 0 1 0 1 1 1 0 1 1 1 1 0 0 1 1 1 0 1 1 1 1 1 1 1 0 0 1 1
 0 0 0 0 1 1 1 1 1 0 0 0 0 0 1 1 0 0 1 1 0 1 0 1 0 0 1 0 0 1 1 0 0 0 1 1 0
 1 0 0 0 0 1 1 0 0 1 0 1 1 0 0 0 1 0 1 1 1 1 1 1 1 1]
At  2301/30000: COST 0.066/2.723(0.114) -- Acc 0.970/0.440(0.962)
[0 0 1 1 1 1 1 1 0 1 1 1 1 0 0 1 1 1 0 1 0 1 1 1 0 1 0 1 1 1 1 0 1 0 0 0 1
 1 1 0 0 1 1 1 0 0 0 1 0 1 0 1 0 0 1 0 0 1 0 0 1 0 1 0 0 0 1 1 0 1 1 1 0 0
 0 1 0 1 0 1 0 1 0 1 1 1 0 0 1 0 0 1 0 0 1 0 1 1 1 1]
At  2401/30000: COST 0.186/2.923(0.105) -- Acc 0.940/0.440(0.963)
[1 0 0 1 1 0 1 1 1 0 0 0 0 1 0 0 0 0 0 1 0 1 0 1 1 0 1 0 0 1 1 0 0 0 1 1 1
 1 0 0 0 1 0 1 1 1 1 1 0 1 1 0 0 1 1 1 0 1 0 1 1 1 1 1 1 0 1 0 0 1 0 1 1 1
 0 1 1 1 0 0 0 1 0 0 1 1 1 1 0 0 1 1 1 1 0 1 1 0 1 0]
At  2501/30000: COST 0.102/3.088(0.106) -- Acc 0.980/0.470(0.964)
[0 0 0 1 0 0 0 1 1 0 1 1 0 1 1 1 1 1 1 0 1 1 1 0 0 0 0 1 0 1 1 1 0 0 0 0 1
 1 0 1 1 1 0 0 1 0 1 1 1 0 1 0 1 1 0 1 0 1 1 0 1 0 0 1 0 1 0 0 1 1 0 0 1 1
 1 1 0 1 1 0 1 0 1 1 0 1 0 0 1 0 1 0 1 0 1 1 0 0 1 1]
At  2601/30000: COST 0.049/3.047(0.098) -- Acc 1.000/0.460(0.966)
[1 1 0 0 1 0 0 1 0 0 1 1 0 1 1 0 0 1 0 1 1 0 1 1 0 1 0 0 0 0 0 1 0 1 0 0 1
 1 1 1 1 1 1 1 1 1 0 1 1 1 1 0 1 0 1 1 0 0 0 1 1 1 0 0 0 0 1 1 0 1 0 1 1 0
 1 0 1 0 1 1 0 1 0 0 1 1 1 1 0 1 0 1 1 0 0 1 1 1 0 0]
At  2701/30000: COST 0.072/2.850(0.109) -- Acc 0.970/0.450(0.962)
[0 0 1 0 1 0 1 0 1 0 1 0 1 1 1 0 0 0 0 1 1 0 1 1 1 0 0 0 1 1 0 1 0 0 0 1 0
 1 1 0 0 1 1 1 0 1 0 0 0 1 1 0 1 0 0 1 1 0 0 0 1 1 1 0 1 1 1 1 1 1 0 1 0 0
 0 1 0 1 0 0 1 0 1 0 1 1 0 1 0 1 1 0 0 0 0 0 1 1 0 0]
At  2801/30000: COST 0.079/2.923(0.102) -- Acc 0.960/0.480(0.964)
[1 0 0 1 0 0 1 1 1 1 0 1 0 0 1 0 1 1 0 0 0 0 0 1 0 0 1 1 1 1 0 0 1 0 0 1 0
 0 1 0 0 0 1 0 1 1 1 1 0 1 1 1 0 1 0 1 1 1 1 1 0 1 1 0 0 1 1 0 1 0 1 1 1 1
 0 0 1 0 1 0 0 1 1 1 1 1 1 1 0 1 1 1 1 1 1 0 1 1 1 1]
At  2901/30000: COST 0.068/2.840(0.107) -- Acc 0.980/0.430(0.964)
[1 0 0 1 0 1 0 1 0 0 1 1 1 1 0 1 0 1 1 0 1 1 0 0 1 0 0 0 1 0 0 1 1 1 1 1 1
 0 0 0 1 1 1 1 0 1 1 1 1 1 0 1 1 1 1 0 0 1 0 0 0 0 1 0 1 0 0 0 1 0 0 1 1 0
 1 0 0 1 1 1 0 1 0 1 1 0 0 1 1 1 1 1 1 1 1 0 1 1 0 0]
At  3001/30000: COST 0.131/2.482(0.107) -- Acc 0.960/0.480(0.964)
[1 1 1 0 0 0 1 1 1 0 0 0 0 0 0 1 1 1 0 0 1 1 1 1 0 0 1 0 1 0 0 1 0 1 1 0 1
 0 1 1 1 1 1 1 1 1 0 1 0 0 1 0 1 0 1 0 0 1 1 1 0 0 0 0 1 0 1 0 0 1 0 0 0 0
 1 0 0 0 1 1 1 1 0 0 0 0 1 0 0 0 1 0 1 1 1 0 0 0 1 1]
At  3101/30000: COST 0.091/2.670(0.102) -- Acc 0.970/0.500(0.965)
[0 1 1 1 1 1 1 1 1 1 1 0 1 0 0 1 1 1 1 0 1 0 1 0 1 1 1 0 0 0 0 1 1 1 1 1 0
 1 1 1 0 0 0 1 1 1 0 1 1 1 0 1 1 0 1 0 0 1 1 0 0 0 1 0 1 0 1 0 1 0 1 0 1 0
 1 0 1 0 0 0 0 0 1 0 0 1 1 1 1 0 1 0 1 0 1 0 0 1 0 1]
At  3201/30000: COST 0.103/2.877(0.104) -- Acc 0.960/0.460(0.963)
[1 1 0 1 1 0 1 0 0 1 0 1 0 0 0 0 0 1 0 1 1 0 1 1 1 0 1 1 0 1 1 1 0 0 1 1 1
 1 1 0 0 1 1 0 1 0 0 0 1 1 1 1 0 0 1 1 1 1 1 1 0 1 0 0 1 0 0 1 0 0 0 0 1 0
 0 0 0 0 1 1 1 1 0 0 1 0 1 0 1 1 1 0 0 1 0 0 0 1 1 0]
At  3301/30000: COST 0.093/2.782(0.094) -- Acc 0.960/0.490(0.968)
[1 1 1 0 1 0 1 0 1 1 1 0 0 1 0 0 1 0 1 1 0 1 1 0 0 0 0 1 1 0 0 0 1 0 0 1 0
 1 0 0 1 1 0 1 1 0 1 1 1 0 1 0 0 0 1 0 0 1 1 1 1 1 1 1 0 0 1 1 1 0 0 0 1 1
 1 1 1 1 1 1 1 1 1 0 1 1 0 1 1 1 0 1 1 0 0 1 0 0 1 1]
At  3401/30000: COST 0.101/2.851(0.091) -- Acc 0.950/0.460(0.970)
[0 0 1 0 0 0 0 0 1 1 1 1 0 1 0 0 1 1 0 0 0 1 1 0 0 1 1 0 1 1 0 0 0 0 1 1 0
 0 1 1 0 1 0 1 0 0 0 1 1 0 0 1 1 1 1 1 0 1 0 1 1 1 0 0 1 1 0 1 0 0 1 1 0 1
 1 0 0 0 1 1 1 1 1 0 1 1 1 0 1 1 0 1 0 0 1 0 1 0 1 0]
At  3501/30000: COST 0.039/2.584(0.107) -- Acc 0.990/0.410(0.965)
[1 1 0 1 1 1 0 1 1 0 0 1 0 0 1 1 0 0 0 1 0 1 0 1 0 1 1 1 0 1 0 1 0 0 0 0 1
 1 1 1 1 0 1 0 0 1 1 1 0 1 0 1 0 0 0 1 0 1 1 1 1 1 0 1 0 0 1 1 1 1 1 1 1 1
 0 1 0 0 1 1 0 1 1 1 0 1 1 1 0 0 1 0 1 0 1 1 1 1 0 0]
At  3601/30000: COST 0.044/3.169(0.094) -- Acc 0.980/0.440(0.969)
[1 0 1 1 1 1 0 1 0 1 1 1 1 0 1 1 1 0 0 0 1 1 1 1 0 1 1 1 0 1 1 1 0 0 0 1 0
 1 1 1 0 0 1 0 1 1 0 0 1 0 1 1 1 1 1 0 1 1 1 1 0 1 0 0 1 0 1 1 0 1 0 0 1 0
 1 1 0 1 1 0 0 1 1 0 1 0 1 0 1 0 1 1 1 1 1 1 1 0 0 1]
At  3701/30000: COST 0.103/2.864(0.087) -- Acc 0.940/0.460(0.970)
[0 0 0 1 0 1 0 1 1 1 0 1 0 0 1 1 1 0 1 0 1 0 1 0 1 0 1 1 1 1 1 0 0 1 0 1 0
 0 1 1 1 0 1 1 1 1 1 0 1 1 1 1 0 0 0 0 0 1 1 0 0 1 1 0 1 1 1 0 0 0 0 1 1 0
 0 1 1 1 0 0 0 1 0 0 1 1 0 0 1 0 0 1 1 1 0 0 0 1 0 1]
At  3801/30000: COST 0.163/2.751(0.086) -- Acc 0.940/0.480(0.970)
[0 1 1 1 1 0 0 1 1 0 0 1 1 1 1 1 1 0 1 0 0 0 1 0 0 1 0 0 1 0 0 1 1 1 1 1 0
 1 1 0 0 1 1 1 1 1 1 0 1 1 1 1 0 1 0 1 1 1 0 0 0 0 1 1 1 1 1 1 0 1 1 1 0 0
 1 0 0 1 0 0 1 1 0 1 1 1 1 0 1 0 1 0 0 0 1 1 0 1 1 1]
At  3901/30000: COST 0.123/2.886(0.077) -- Acc 0.980/0.520(0.973)
[1 1 0 1 0 0 0 0 1 1 0 1 0 1 1 1 0 1 0 0 1 0 0 1 1 0 1 1 1 1 1 1 1 1 1 1 0
 1 1 0 1 1 0 0 0 0 0 1 0 1 0 1 1 0 0 1 0 1 1 1 1 1 0 0 0 1 0 1 0 0 0 0 0 1
 1 0 1 0 0 1 0 1 1 0 1 0 0 1 1 1 1 0 1 0 1 1 1 1 1 1]
At  4001/30000: COST 0.073/3.305(0.080) -- Acc 0.980/0.440(0.972)
[0 0 1 0 1 0 0 1 1 0 1 1 1 1 1 0 1 0 1 1 0 0 0 0 1 1 0 0 1 1 0 1 1 0 1 1 1
 0 0 1 0 0 1 0 1 1 1 0 1 1 1 1 0 0 1 1 1 1 1 0 1 1 0 1 1 0 1 1 0 0 0 0 1 1
 0 0 1 1 1 0 0 1 1 1 1 0 1 1 0 1 0 0 1 1 1 1 1 1 0 1]
At  4101/30000: COST 0.081/3.100(0.075) -- Acc 0.980/0.490(0.975)
[0 0 1 1 0 1 1 1 1 1 1 1 0 0 1 0 0 1 1 0 1 0 1 0 0 1 0 1 0 1 1 1 0 1 0 0 1
 1 1 0 1 0 1 1 1 1 0 1 1 0 0 1 0 1 0 1 1 1 1 1 0 0 1 1 1 1 1 0 0 1 0 1 1 1
 1 1 0 0 1 1 0 0 0 0 1 1 1 1 1 1 1 1 1 1 1 1 1 0 0 0]
At  4201/30000: COST 0.044/3.146(0.070) -- Acc 0.990/0.500(0.977)
[0 1 1 0 0 1 0 0 1 0 0 1 1 0 1 1 1 1 1 0 1 0 1 1 1 1 1 1 1 1 1 0 0 0 1 0 1
 1 0 0 1 1 0 1 0 1 1 1 0 0 0 0 0 1 1 0 0 0 1 1 0 0 0 0 0 0 1 1 0 1 1 1 1 1
 1 0 0 0 1 1 1 1 0 1 0 0 0 1 0 1 0 1 1 1 1 0 1 0 1 1]
At  4301/30000: COST 0.117/2.522(0.082) -- Acc 0.940/0.490(0.974)
[0 1 1 1 1 0 1 1 0 0 1 1 1 0 1 0 0 1 0 1 0 1 1 0 1 1 0 1 1 1 1 1 0 0 1 1 1
 1 0 0 0 1 0 0 0 1 0 1 1 1 1 0 1 1 0 1 0 0 0 0 0 1 1 0 1 0 1 1 1 0 1 0 0 1
 0 0 1 0 0 0 0 0 1 0 0 1 0 1 1 1 1 0 0 1 1 0 0 0 0 0]
At  4401/30000: COST 0.073/2.047(0.110) -- Acc 0.980/0.480(0.965)
[0 0 1 1 0 1 1 0 1 0 0 0 1 0 1 1 0 0 1 0 0 1 1 1 1 1 1 1 1 1 0 0 0 1 1 1 1
 0 1 0 0 0 0 1 0 1 1 1 1 0 1 1 0 1 0 1 0 1 0 1 0 1 1 0 0 0 0 1 0 0 1 0 0 0
 1 1 1 1 0 0 1 0 1 1 0 0 0 1 0 0 0 1 0 0 0 0 0 0 0 0]
At  4501/30000: COST 0.181/2.663(0.109) -- Acc 0.950/0.440(0.964)
[1 0 1 0 0 1 1 1 1 0 1 1 0 1 1 1 1 1 1 0 0 1 1 0 0 0 1 0 1 1 1 1 1 1 1 1 1
 0 1 1 1 0 1 0 1 0 1 0 1 0 1 1 0 1 1 0 1 0 1 0 0 1 0 1 1 0 0 1 1 0 1 1 0 1
 0 1 1 0 0 0 1 0 0 1 1 1 0 1 1 0 0 0 0 0 0 0 1 1 1 1]
At  4601/30000: COST 0.051/2.313(0.116) -- Acc 0.990/0.460(0.962)
[1 1 1 1 0 0 1 0 1 1 1 0 1 0 0 0 1 0 1 0 1 1 1 1 0 1 1 0 1 0 0 0 1 1 0 0 0
 0 0 1 1 0 0 1 1 1 1 1 1 1 1 0 0 1 0 1 0 1 1 1 0 0 0 1 0 0 1 0 0 1 1 0 0 0
 0 0 0 1 0 1 1 1 0 0 1 0 1 0 1 0 1 1 0 0 1 1 1 0 0 1]
At  4701/30000: COST 0.108/2.271(0.120) -- Acc 0.960/0.450(0.960)
[1 1 0 0 1 0 0 1 1 1 0 0 0 1 1 0 0 0 1 0 0 0 0 1 1 1 1 1 1 0 1 1 1 1 1 1 0
 1 0 0 1 1 1 1 0 1 1 1 0 1 1 0 0 0 0 0 0 1 0 0 0 0 1 1 0 1 1 0 0 0 1 1 1 0
 0 1 0 0 1 0 0 1 0 1 1 1 0 1 1 1 1 1 1 1 0 0 0 1 0 1]
At  4801/30000: COST 0.181/2.990(0.103) -- Acc 0.940/0.390(0.966)
[1 1 1 0 1 1 1 1 1 0 0 1 0 0 0 1 1 1 0 1 1 0 1 0 0 1 1 0 1 1 0 1 1 1 1 1 0
 0 0 0 1 1 1 1 0 1 0 0 0 1 0 0 1 1 1 0 1 0 1 1 0 1 1 0 0 1 1 1 0 0 1 1 1 0
 0 0 1 1 1 0 1 1 0 0 1 1 0 0 1 0 1 1 1 0 1 1 0 0 0 1]
At  4901/30000: COST 0.097/2.765(0.098) -- Acc 0.960/0.430(0.967)
[0 0 0 1 1 0 1 0 0 0 1 1 1 1 0 1 1 1 0 1 1 0 1 0 1 0 1 1 0 1 0 0 0 0 1 0 0
 1 0 0 0 0 1 1 0 0 1 1 0 0 0 1 1 0 0 1 0 0 1 1 1 1 1 1 0 1 1 0 1 1 0 1 1 1
 1 0 0 0 1 1 1 0 1 0 1 0 1 1 0 0 1 0 1 1 0 0 1 0 0 0]
At  5001/30000: COST 0.179/3.336(0.080) -- Acc 0.930/0.420(0.973)
[0 1 1 0 0 1 1 0 1 1 0 1 0 1 1 1 0 0 0 1 1 1 1 1 0 1 1 1 1 1 1 1 0 0 1 1 0
 0 1 1 1 0 1 1 1 0 0 1 1 1 0 0 0 1 1 1 1 1 0 1 0 1 0 1 1 1 1 0 1 0 0 1 0 1
 0 1 1 1 1 1 1 1 1 0 0 0 1 0 0 0 1 1 1 1 0 0 1 0 1 1]
At  5101/30000: COST 0.024/2.644(0.086) -- Acc 1.000/0.460(0.971)
[1 0 0 1 0 0 1 1 0 1 0 1 1 1 1 1 0 0 1 0 0 0 1 0 1 1 0 1 1 0 0 1 0 1 1 0 0
 1 1 0 0 0 1 1 0 1 1 1 1 1 1 1 0 0 1 1 1 1 1 1 0 1 0 1 1 1 1 0 0 0 0 0 1 0
 1 1 0 1 1 0 0 1 0 1 0 1 0 1 1 1 0 1 0 0 1 1 1 0 0 0]
At  5201/30000: COST 0.056/3.246(0.080) -- Acc 0.980/0.410(0.974)
[0 0 1 0 0 0 0 0 0 1 1 1 0 1 1 1 1 1 0 0 0 1 1 1 1 1 0 1 1 0 0 0 0 0 1 1 0
 0 0 1 0 0 1 1 0 1 0 0 0 1 1 1 1 1 1 1 0 0 1 1 0 1 0 0 1 0 1 1 0 0 1 0 1 1
 0 0 1 0 0 1 0 1 1 1 1 1 0 1 1 1 0 0 0 0 1 1 0 1 1 0]
At  5301/30000: COST 0.140/2.946(0.087) -- Acc 0.950/0.450(0.972)
[1 1 0 0 0 1 0 1 0 0 1 0 0 1 0 1 1 1 1 1 0 1 1 1 1 0 0 0 1 0 1 1 1 0 1 0 0
 0 0 0 0 1 1 1 0 1 0 1 0 1 1 0 1 0 0 0 1 0 1 0 0 1 0 0 1 0 0 0 1 0 1 0 0 1
 0 1 0 1 1 1 0 0 0 0 0 1 1 1 0 0 0 1 1 0 1 1 1 1 0 0]
At  5401/30000: COST 0.088/2.873(0.079) -- Acc 0.990/0.470(0.976)
[1 0 1 0 0 0 1 0 1 0 0 1 1 0 0 0 1 0 0 1 0 0 1 0 1 1 1 0 0 1 0 1 0 1 1 1 0
 1 1 1 0 0 1 1 1 1 0 1 1 0 1 1 0 0 1 1 0 1 1 1 1 0 1 1 0 0 0 1 0 0 0 0 0 0
 1 1 0 1 1 0 0 0 1 0 0 1 1 1 0 0 1 1 1 1 0 0 0 0 0 0]
At  5501/30000: COST 0.047/3.794(0.060) -- Acc 0.990/0.420(0.981)
[0 0 1 1 1 1 0 1 1 0 0 1 0 0 1 0 0 1 0 1 0 1 0 1 1 0 0 0 0 1 1 1 1 1 0 1 1
 0 0 1 1 0 1 1 1 0 1 0 0 0 0 0 1 1 0 1 0 0 0 0 1 1 1 1 0 1 0 0 1 0 1 1 1 1
 1 0 1 0 1 0 1 1 1 0 0 0 1 0 0 1 0 1 1 0 1 1 1 1 1 1]
At  5601/30000: COST 0.040/3.177(0.067) -- Acc 1.000/0.440(0.979)
[1 0 1 0 0 1 1 0 1 0 1 0 0 1 0 1 0 1 0 0 1 0 0 1 1 0 1 1 0 0 0 1 1 1 0 0 1
 0 1 1 1 0 0 1 0 1 0 1 0 0 0 0 0 1 1 0 1 0 1 0 0 1 0 0 1 0 0 0 1 0 1 0 0 0
 0 0 1 1 0 0 1 0 1 0 0 0 1 0 1 0 0 1 1 0 1 0 0 1 1 1]
At  5701/30000: COST 0.122/2.679(0.100) -- Acc 0.970/0.490(0.969)
[1 0 0 1 1 0 0 1 1 0 0 0 0 1 1 1 0 0 0 1 1 0 1 1 0 1 1 0 1 0 1 1 0 0 1 1 0
 1 1 1 0 1 0 0 0 0 0 1 1 0 0 0 0 1 1 1 1 1 0 1 0 0 0 0 1 0 1 1 0 0 0 0 1 0
 0 1 1 0 1 1 0 0 0 1 1 0 0 0 1 1 1 0 0 0 0 1 1 0 1 1]
At  5801/30000: COST 0.087/2.713(0.099) -- Acc 0.990/0.450(0.969)
[1 1 1 1 0 1 1 0 1 1 1 1 0 0 1 1 1 0 0 1 1 1 0 1 0 0 0 0 1 0 0 0 0 1 0 0 1
 1 0 1 1 0 0 0 0 0 0 0 0 0 0 1 0 1 1 1 1 1 1 1 1 0 0 1 0 1 0 0 1 1 0 0 0 0
 1 0 1 1 1 1 0 0 1 1 1 1 0 0 0 1 0 0 0 1 0 0 1 0 0 1]
At  5901/30000: COST 0.069/2.670(0.088) -- Acc 0.980/0.500(0.972)
[1 1 0 1 1 0 0 0 0 0 1 0 0 0 0 1 0 1 0 1 0 1 0 0 1 1 0 1 1 1 0 1 1 1 0 0 0
 0 1 0 1 0 1 1 0 0 0 1 0 0 0 0 1 0 0 0 1 1 0 1 1 0 1 1 0 1 0 1 0 0 0 0 1 1
 0 1 1 1 1 0 0 1 0 0 0 1 0 0 0 0 0 0 0 1 1 0 0 1 0 0]
At  6001/30000: COST 0.075/3.408(0.081) -- Acc 0.980/0.350(0.975)
[0 0 0 0 1 0 0 0 0 0 0 0 0 1 0 0 0 0 0 1 0 0 1 1 1 1 0 1 1 1 1 1 0 1 1 0 0
 1 1 0 0 0 1 1 0 1 0 0 1 0 0 0 0 0 0 0 1 0 1 1 1 1 0 0 1 0 0 1 0 1 1 0 0 1
 0 1 0 1 0 1 1 0 0 0 0 0 0 0 0 1 1 1 1 0 0 0 0 1 0 0]
At  6101/30000: COST 0.064/2.976(0.086) -- Acc 0.990/0.400(0.973)
[0 0 0 0 0 1 1 0 1 0 0 0 1 0 1 0 0 1 1 0 0 1 0 0 0 0 0 0 1 1 0 0 1 1 0 1 1
 0 1 1 0 1 1 0 0 1 0 0 0 0 0 1 0 1 0 1 0 0 0 1 0 0 0 0 1 0 1 1 0 1 0 0 0 1
 1 1 1 1 1 1 0 0 0 1 1 1 0 0 0 1 1 1 0 1 0 1 0 1 0 1]
At  6201/30000: COST 0.087/2.594(0.085) -- Acc 0.950/0.450(0.972)
[0 1 1 0 1 0 0 0 0 1 0 0 0 0 1 0 0 1 0 1 1 0 1 0 0 0 1 0 1 1 0 0 0 0 0 1 1
 1 0 0 0 1 0 1 1 0 1 0 1 1 1 1 1 0 1 1 0 0 1 0 0 0 0 0 1 0 1 0 0 1 1 1 0 1
 1 1 1 1 0 1 1 1 0 1 1 1 0 0 1 0 0 1 1 0 1 0 1 1 0 0]
At  6301/30000: COST 0.087/2.455(0.102) -- Acc 0.950/0.400(0.967)
[0 1 0 1 0 0 1 0 0 0 1 0 0 0 0 1 0 0 0 1 0 0 0 0 0 0 1 0 1 0 1 1 0 0 0 0 0
 1 1 1 1 1 1 1 1 1 1 0 1 0 1 1 0 1 1 1 0 0 0 0 0 0 1 0 0 0 0 0 0 0 0 1 0 0
 1 1 0 1 0 1 1 0 0 0 0 0 1 0 1 0 1 1 0 1 1 1 0 0 1 1]
At  6401/30000: COST 0.062/2.495(0.102) -- Acc 0.970/0.470(0.967)
[0 1 0 1 1 1 0 0 1 1 0 1 1 0 1 0 0 1 0 0 1 1 1 0 1 1 0 1 0 1 1 0 0 1 0 1 0
 0 1 0 0 0 1 1 0 1 1 0 1 1 1 1 1 1 0 1 0 0 0 0 1 0 1 1 0 1 1 0 0 1 0 0 1 0
 1 0 0 0 0 1 0 0 0 1 1 1 1 0 0 1 1 0 1 1 1 1 1 0 1 0]
At  6501/30000: COST 0.079/2.489(0.088) -- Acc 0.980/0.440(0.971)
[1 0 1 0 1 1 0 0 1 0 1 0 0 0 1 1 0 0 1 0 0 1 0 0 1 1 1 0 0 0 1 0 1 0 0 1 0
 1 0 1 0 1 0 1 0 1 0 1 1 0 1 1 1 0 0 1 0 0 1 0 1 0 0 1 0 1 1 1 0 0 0 1 1 0
 1 1 1 0 0 0 1 0 0 1 1 0 0 1 0 1 0 0 1 1 1 1 0 1 1 0]
At  6601/30000: COST 0.136/2.316(0.093) -- Acc 0.970/0.480(0.969)
[1 0 1 1 0 1 0 0 1 1 0 0 1 1 0 1 0 0 0 0 1 1 1 0 1 0 0 1 1 0 0 1 1 1 1 1 0
 0 0 0 0 1 1 0 1 0 0 1 0 1 0 1 0 1 0 0 0 0 1 1 0 1 1 1 0 1 0 0 1 1 1 1 0 0
 1 0 1 0 0 1 0 1 1 1 1 0 1 0 0 0 0 0 0 0 1 0 1 0 0 0]
At  6701/30000: COST 0.050/2.314(0.091) -- Acc 0.990/0.400(0.970)
[0 1 1 0 1 0 1 1 1 0 0 0 0 0 0 1 0 0 1 0 1 0 0 0 0 0 1 1 0 0 1 1 1 0 0 1 0
 0 1 0 0 0 0 1 1 1 0 1 1 0 0 1 1 1 1 0 0 1 1 0 1 0 0 0 1 1 1 1 1 0 1 0 1 0
 0 0 1 0 1 0 1 0 1 0 0 0 1 0 0 0 1 0 1 1 0 0 0 0 0 0]
At  6801/30000: COST 0.093/2.889(0.101) -- Acc 0.970/0.440(0.967)
[1 0 1 0 0 0 0 0 1 0 0 1 1 1 0 0 0 1 1 0 1 0 1 0 1 1 0 0 1 0 1 1 1 0 0 1 0
 0 1 0 0 1 0 0 0 0 1 1 0 0 1 0 1 1 1 1 0 1 1 0 0 0 0 0 1 0 1 0 1 1 0 1 0 0
 0 0 1 0 1 1 1 0 0 1 0 1 1 0 1 0 0 1 0 1 1 1 0 1 1 0]
At  6901/30000: COST 0.063/2.881(0.081) -- Acc 0.970/0.460(0.974)
[1 0 1 1 0 0 0 0 0 1 0 1 0 1 0 1 0 1 0 0 0 0 0 1 1 0 0 1 0 1 0 0 0 1 0 0 0
 1 1 1 1 1 1 1 1 0 1 1 1 1 1 1 0 0 0 0 0 1 1 0 0 0 0 0 0 1 0 1 0 0 0 1 1 1
 0 1 0 0 0 0 0 0 0 0 0 0 0 1 1 0 0 0 0 1 1 0 0 1 1 0]
At  7001/30000: COST 0.050/3.376(0.067) -- Acc 0.990/0.440(0.978)
[0 0 1 0 1 1 0 0 0 0 0 0 0 1 0 0 1 0 0 0 1 1 1 0 1 0 0 1 0 0 1 1 1 0 1 1 0
 1 0 0 0 1 1 0 0 0 1 0 1 0 1 0 1 1 1 0 1 0 0 0 0 1 0 0 0 0 1 1 0 1 1 0 1 0
 1 0 0 1 0 1 0 1 1 1 1 0 1 0 0 1 1 0 1 0 0 0 1 0 0 0]
At  7101/30000: COST 0.051/3.566(0.063) -- Acc 0.980/0.380(0.980)
[0 1 1 1 1 1 1 1 1 1 0 0 1 0 1 0 1 0 1 1 0 0 0 0 0 0 0 1 1 0 1 1 0 0 1 1 0
 1 0 0 1 0 0 0 1 1 1 1 1 0 1 1 0 0 0 0 1 0 1 1 1 1 1 0 0 1 1 1 1 0 1 0 0 0
 0 0 1 0 1 0 0 1 1 0 1 0 0 1 1 1 1 0 1 1 0 0 0 1 1 0]
At  7201/30000: COST 0.014/3.022(0.065) -- Acc 1.000/0.440(0.979)
[1 1 0 0 0 1 1 0 0 1 0 0 0 1 1 1 1 0 0 1 1 1 0 0 0 1 0 0 1 1 0 1 1 0 1 1 0
 1 1 1 0 0 0 0 1 0 0 0 1 1 0 1 0 0 1 1 0 1 1 1 0 0 1 1 0 1 1 1 0 1 0 0 0 1
 1 0 0 0 0 0 0 1 1 1 1 1 1 1 0 0 0 1 1 1 1 1 1 0 0 0]
At  7301/30000: COST 0.038/2.159(0.097) -- Acc 0.990/0.470(0.968)
[0 0 1 0 1 1 0 1 0 1 0 0 1 1 1 0 1 0 0 1 0 0 1 1 0 0 1 0 1 1 0 0 1 0 1 0 1
 1 1 0 1 0 1 0 1 0 0 0 1 0 1 0 1 0 1 0 1 0 1 0 1 1 0 1 1 1 0 1 0 0 1 1 0 0
 0 0 1 1 0 1 1 0 1 0 0 0 0 0 1 0 0 1 1 1 1 0 0 1 0 1]
At  7401/30000: COST 0.196/2.594(0.097) -- Acc 0.950/0.440(0.968)
[0 1 1 0 1 1 0 1 1 1 1 0 1 1 0 0 0 1 1 1 0 1 1 1 1 1 1 0 0 0 1 0 0 0 0 1 0
 1 0 1 0 0 1 0 0 0 0 0 0 1 0 1 1 1 1 1 1 0 0 0 0 1 0 1 0 0 0 0 1 0 0 1 0 1
 0 1 0 1 1 1 1 1 0 0 1 1 1 1 1 0 0 1 0 0 1 1 0 1 1 0]
At  7501/30000: COST 0.053/2.698(0.090) -- Acc 0.980/0.410(0.970)
[0 1 1 1 0 1 1 0 1 1 1 0 0 0 1 0 1 1 0 1 1 0 1 0 0 0 1 1 0 0 0 0 0 1 0 1 1
 1 0 1 1 0 1 1 0 0 0 0 1 0 0 0 1 1 1 1 1 0 0 1 1 1 0 0 1 1 1 0 0 1 1 0 0 0
 1 1 1 1 1 0 1 0 1 0 0 0 1 0 1 1 0 0 0 1 0 0 1 0 1 0]
At  7601/30000: COST 0.129/2.718(0.089) -- Acc 0.950/0.400(0.971)
[0 0 1 1 0 1 0 0 1 1 1 0 1 1 0 0 0 0 1 1 0 1 0 0 0 1 1 0 1 0 0 1 0 1 1 1 1
 1 0 0 0 1 1 0 1 1 0 0 0 1 0 1 0 0 0 0 1 0 0 1 0 1 1 0 1 1 1 1 1 0 1 0 0 1
 1 1 0 1 0 1 0 0 1 1 0 1 1 0 1 1 0 1 1 0 1 0 1 1 1 1]
At  7701/30000: COST 0.062/2.699(0.087) -- Acc 0.980/0.410(0.971)
[0 0 0 0 1 1 1 1 1 1 1 0 0 1 1 1 1 0 1 0 0 1 1 0 1 1 1 0 0 0 0 0 0 1 1 0 1
 1 0 0 1 0 0 0 0 1 1 1 0 0 1 1 0 0 1 1 0 0 0 1 0 0 1 0 0 1 1 0 0 0 1 0 1 1
 0 0 0 1 0 0 1 1 1 1 1 1 0 0 1 1 1 1 1 0 1 1 1 0 1 1]
At  7801/30000: COST 0.075/2.097(0.101) -- Acc 0.970/0.440(0.967)
[1 1 1 0 0 0 1 0 0 0 0 1 0 0 1 0 0 0 0 1 0 1 1 0 0 0 1 1 1 1 0 0 0 0 1 0 1
 0 0 1 0 1 0 0 0 1 1 1 0 0 1 0 0 1 0 1 1 1 0 1 1 1 0 0 1 0 0 1 0 0 1 0 1 0
 0 1 1 1 0 1 1 1 1 1 1 1 1 0 0 1 1 0 0 0 0 0 1 1 0 0]
At  7901/30000: COST 0.072/2.421(0.108) -- Acc 0.970/0.400(0.964)
[1 1 0 0 0 0 1 0 1 1 0 1 0 1 0 0 1 0 1 0 0 0 0 0 1 1 1 1 1 0 0 0 0 0 0 1 0
 0 1 1 1 0 1 1 1 0 0 1 0 0 0 0 1 1 0 0 0 1 0 0 0 0 0 0 0 1 0 1 1 1 0 0 1 1
 1 1 1 1 0 0 1 1 1 1 1 0 0 0 0 0 0 1 0 1 0 1 0 1 0 0]
At  8001/30000: COST 0.062/2.126(0.104) -- Acc 0.980/0.490(0.966)
[0 0 0 1 0 1 1 1 0 1 0 0 1 1 1 0 0 0 1 1 0 1 0 0 1 0 1 0 0 0 1 1 0 0 1 0 1
 1 0 0 0 1 1 1 0 0 1 1 1 0 1 0 1 0 1 1 1 0 0 0 0 1 0 0 0 0 0 1 0 1 1 0 0 0
 1 1 0 0 0 0 0 0 0 1 1 1 1 1 0 1 0 1 1 1 1 0 1 1 0 0]
At  8101/30000: COST 0.051/2.156(0.099) -- Acc 0.980/0.480(0.967)
[1 1 1 1 1 1 1 0 1 0 1 0 1 0 0 0 1 1 0 1 1 0 0 1 0 0 0 1 0 0 1 0 1 0 0 0 0
 0 0 0 0 0 1 0 1 1 1 0 0 1 0 1 1 0 1 1 1 0 0 0 1 0 0 1 1 0 1 1 1 0 1 0 0 0
 0 1 1 1 1 0 0 0 0 0 1 0 1 0 0 0 0 1 0 0 1 0 1 1 1 1]
At  8201/30000: COST 0.061/2.105(0.100) -- Acc 0.980/0.440(0.967)
[1 0 1 0 1 1 1 0 1 1 0 0 0 0 0 0 1 0 1 1 0 1 1 1 0 0 0 1 1 1 0 0 1 1 1 1 1
 0 1 1 0 0 1 1 0 1 1 0 0 0 1 0 1 0 0 0 1 0 1 1 1 0 0 1 1 1 0 0 1 0 1 0 1 0
 1 1 0 1 1 0 0 0 1 1 1 1 1 1 0 1 1 1 0 0 1 1 1 0 0 1]
At  8301/30000: COST 0.203/1.886(0.102) -- Acc 0.930/0.490(0.966)
[0 1 1 1 1 1 1 0 0 1 0 1 1 0 0 0 0 1 1 0 1 1 1 1 1 1 0 0 1 0 0 1 1 1 0 0 1
 0 1 0 1 0 0 0 0 1 0 1 0 0 0 0 0 0 1 1 0 0 1 0 1 1 0 1 0 1 0 1 1 0 0 1 0 1
 0 1 0 1 0 0 1 0 0 1 1 0 1 0 0 1 1 0 0 1 1 1 1 0 1 0]
At  8401/30000: COST 0.084/2.582(0.096) -- Acc 0.980/0.430(0.969)
[0 0 1 1 1 1 1 0 1 1 0 1 1 0 1 0 0 0 0 1 0 0 1 0 1 0 1 1 1 1 1 0 0 0 0 0 0
 1 0 0 1 0 1 1 0 1 0 1 1 0 0 1 1 1 1 0 0 1 1 1 1 0 0 1 1 1 1 1 1 0 0 1 1 1
 1 0 1 1 1 1 1 0 0 1 1 1 0 0 1 0 1 0 0 1 1 1 0 0 0 1]
At  8501/30000: COST 0.087/2.601(0.086) -- Acc 0.960/0.460(0.972)
[0 0 0 1 1 1 0 0 1 1 1 1 1 0 1 0 0 1 1 1 1 0 1 1 1 1 1 1 0 0 0 1 0 1 0 0 1
 1 0 1 0 0 0 0 0 0 0 1 1 0 0 1 1 1 0 0 1 1 0 1 0 0 0 1 0 1 0 1 0 0 1 1 0 0
 1 0 1 1 0 0 1 1 0 1 1 0 1 1 1 0 0 0 0 0 0 1 1 0 1 1]
At  8601/30000: COST 0.143/2.740(0.100) -- Acc 0.950/0.360(0.966)
[1 1 1 0 0 1 0 0 0 0 0 0 0 0 0 0 1 0 0 0 0 1 0 0 0 0 1 1 0 0 0 1 0 0 0 1 0
 0 0 0 1 1 0 0 0 1 0 0 1 0 1 1 1 0 0 1 0 1 1 1 1 0 0 1 1 1 1 1 1 0 0 1 0 1
 1 0 0 0 0 0 0 0 0 0 1 0 0 0 1 1 0 0 1 1 1 1 1 1 1 0]
At  8701/30000: COST 0.052/2.311(0.094) -- Acc 0.980/0.440(0.969)
[0 0 1 1 1 0 1 1 1 0 1 1 0 1 0 1 1 1 1 0 0 1 1 1 0 1 1 1 0 0 0 0 0 1 1 1 0
 0 0 0 0 1 0 1 1 1 1 0 0 0 0 1 0 1 1 1 0 1 0 1 1 0 1 0 1 0 1 1 1 1 1 0 0 0
 1 1 1 0 1 0 0 0 1 0 0 0 1 0 1 1 1 1 0 0 1 1 0 1 1 0]
At  8801/30000: COST 0.088/2.879(0.090) -- Acc 0.960/0.400(0.971)
[0 1 0 1 1 1 0 0 1 1 1 0 0 1 0 1 0 0 0 0 0 0 0 0 1 1 0 1 0 1 1 1 0 0 0 1 1
 0 0 1 1 1 1 0 1 1 1 0 1 0 1 0 1 1 1 0 1 0 1 0 0 0 0 0 1 1 0 0 0 1 1 0 1 0
 1 1 1 1 1 0 0 1 0 1 1 1 0 0 1 1 1 1 1 0 0 0 0 1 1 1]
At  8901/30000: COST 0.059/3.159(0.080) -- Acc 0.980/0.360(0.975)
[0 1 0 1 1 0 1 1 0 1 1 1 0 0 0 1 0 1 1 1 1 0 0 1 1 1 0 1 0 1 1 1 1 0 0 0 0
 0 0 0 1 1 1 0 0 1 1 0 0 0 0 0 0 0 0 1 0 1 0 0 0 0 1 0 0 1 1 0 1 0 0 0 1 0
 0 0 1 1 0 0 0 0 1 1 0 0 1 1 0 1 1 0 1 1 1 0 1 1 0 1]
At  9001/30000: COST 0.064/2.260(0.098) -- Acc 0.970/0.460(0.969)
[0 1 1 0 1 1 0 0 1 0 0 1 0 0 0 0 1 1 0 1 0 0 0 1 0 0 0 0 1 1 1 0 1 0 1 0 0
 0 1 0 1 0 1 0 1 1 0 1 1 0 1 0 1 0 1 1 1 1 0 0 0 0 0 1 0 0 0 1 0 0 0 1 1 1
 0 0 1 0 1 1 0 1 1 1 1 0 0 1 0 0 1 1 0 1 0 0 0 1 1 1]
At  9101/30000: COST 0.118/2.306(0.099) -- Acc 0.960/0.420(0.970)
[1 1 0 1 0 0 1 1 0 0 0 0 1 0 0 1 0 0 1 0 1 0 0 1 1 1 0 0 0 1 0 1 0 0 1 1 1
 1 0 0 1 1 1 0 1 1 0 1 1 0 1 0 0 1 0 0 0 0 1 0 0 1 1 0 0 1 0 0 0 0 1 1 1 0
 1 1 0 1 1 1 0 0 0 0 0 0 0 0 0 0 0 1 1 1 0 0 1 1 0 1]
At  9201/30000: COST 0.119/2.228(0.097) -- Acc 0.970/0.440(0.970)
[0 1 0 1 0 0 0 0 1 1 1 1 0 0 0 0 1 1 1 0 0 1 0 1 1 0 0 0 1 1 0 1 1 0 1 1 1
 0 0 0 0 1 0 1 0 1 0 1 1 0 0 1 0 0 0 1 0 0 0 0 0 0 0 0 0 1 0 0 0 0 1 0 0 0
 0 0 1 1 1 1 0 0 1 1 0 1 0 0 0 1 0 1 1 1 1 1 1 1 0 0]
At  9301/30000: COST 0.098/2.004(0.106) -- Acc 0.950/0.460(0.966)
[1 1 0 1 1 0 0 1 1 1 1 1 1 1 1 0 1 1 0 1 0 0 0 0 1 1 0 1 0 1 1 0 0 0 0 0 1
 1 1 1 1 1 0 1 0 1 0 0 1 0 1 0 1 1 1 0 0 0 0 1 1 0 1 1 0 1 0 0 1 0 1 1 0 1
 1 0 1 1 1 1 0 0 0 0 1 0 1 0 0 0 1 0 1 1 1 1 0 0 0 0]
At  9401/30000: COST 0.083/2.246(0.103) -- Acc 0.970/0.390(0.966)
[1 0 1 0 0 0 0 0 1 0 0 1 1 0 0 1 0 0 1 1 1 0 1 1 1 0 1 0 1 0 0 0 0 0 0 1 0
 1 0 0 0 1 1 0 0 1 0 0 0 1 0 0 0 1 0 1 0 1 1 0 0 0 1 1 1 0 1 0 1 0 1 1 1 1
 1 1 1 0 0 1 1 0 0 1 0 0 1 0 0 0 0 1 0 1 0 0 0 0 1 1]
At  9501/30000: COST 0.164/2.205(0.099) -- Acc 0.960/0.450(0.969)
[1 0 0 0 0 0 0 0 1 0 0 0 1 1 1 1 1 0 1 0 0 1 1 1 1 0 0 0 1 0 0 0 1 0 1 0 1
 1 0 1 1 0 1 0 0 1 0 1 0 0 1 0 1 0 0 1 0 0 1 0 0 1 1 1 1 0 0 1 0 1 1 0 0 0
 0 0 0 1 1 0 1 0 0 1 0 0 0 0 0 1 1 1 0 0 0 1 0 0 0 0]
At  9601/30000: COST 0.065/2.154(0.112) -- Acc 0.990/0.440(0.964)
[0 0 1 1 0 0 0 0 0 0 1 1 0 0 0 1 1 1 1 1 0 1 0 0 1 1 0 0 0 1 1 1 0 1 0 1 0
 1 1 0 1 0 0 1 1 1 0 1 0 1 1 0 0 0 0 1 0 0 1 0 0 0 1 0 0 1 0 0 1 0 0 0 1 0
 1 0 1 0 1 0 1 0 1 0 0 1 1 0 1 1 1 1 1 1 1 1 1 0 0 1]
At  9701/30000: COST 0.065/2.038(0.110) -- Acc 0.970/0.460(0.965)
[0 0 0 0 1 1 0 1 1 1 0 0 1 1 0 1 1 0 1 0 1 0 1 0 1 1 0 1 0 1 1 0 1 1 1 1 0
 0 1 0 1 1 0 1 1 1 1 1 1 0 1 1 0 0 1 0 1 1 1 0 0 1 0 0 1 1 1 1 0 1 1 0 0 0
 1 1 0 1 0 0 0 1 1 1 0 0 0 0 1 0 1 1 0 1 1 0 1 1 0 1]
At  9801/30000: COST 0.034/2.420(0.097) -- Acc 1.000/0.500(0.969)
[1 1 1 1 0 0 0 1 0 1 1 0 0 0 0 0 1 0 0 0 1 1 1 0 0 1 1 1 1 0 0 0 1 0 0 0 0
 0 0 1 0 0 1 0 1 1 0 1 0 0 0 1 0 0 0 1 1 0 1 1 1 0 0 0 1 0 0 0 0 0 1 1 1 1
 0 0 1 1 0 1 0 1 1 0 1 0 0 0 1 0 1 0 1 1 0 1 0 0 0 0]
At  9901/30000: COST 0.083/2.037(0.114) -- Acc 0.980/0.460(0.964)
[0 0 1 0 0 0 0 1 1 1 0 0 1 0 1 1 0 0 0 0 0 1 0 1 0 1 0 0 0 0 1 0 1 0 1 0 0
 1 0 0 0 1 1 0 1 1 1 1 0 0 1 1 0 0 0 0 1 1 1 1 1 1 1 1 0 0 0 0 1 0 0 0 1 1
 1 0 1 1 0 1 0 0 0 1 1 1 1 1 1 0 0 1 1 0 1 1 1 1 0 0]
At 10001/30000: COST 0.095/2.664(0.107) -- Acc 0.960/0.460(0.966)
[1 1 0 1 0 0 1 0 0 0 1 0 0 0 0 0 0 1 1 0 1 0 0 0 0 1 0 0 1 0 1 0 0 1 1 0 0
 1 0 1 0 1 0 1 0 0 1 0 0 1 1 0 1 1 1 0 0 1 0 0 1 0 0 0 0 0 1 0 0 0 1 1 1 1
 1 1 1 1 1 1 1 1 0 0 1 1 0 0 0 1 1 0 0 1 0 0 1 0 0 1]
At 10101/30000: COST 0.027/2.821(0.095) -- Acc 1.000/0.500(0.970)
[0 1 1 0 0 1 1 0 1 0 0 0 0 0 0 0 1 0 0 0 1 0 0 1 0 1 1 1 1 1 1 1 0 0 0 0 0
 0 0 1 0 1 0 0 0 1 1 1 1 0 0 0 1 1 0 0 0 0 1 1 1 0 0 0 0 1 1 1 1 0 0 1 0 1
 0 0 1 0 0 0 1 0 1 0 1 1 1 1 1 0 1 0 0 1 1 0 0 0 1 1]
At 10201/30000: COST 0.103/3.159(0.076) -- Acc 0.950/0.400(0.975)
[1 0 1 0 0 0 0 1 1 0 0 1 1 0 1 0 0 1 0 0 1 0 0 1 1 0 0 0 1 1 1 0 0 0 0 0 1
 1 0 0 0 0 1 1 1 0 0 1 1 0 1 1 1 0 0 1 1 1 0 0 1 0 0 1 1 1 0 0 1 0 0 1 0 0
 1 0 1 0 0 0 1 1 0 0 0 1 1 0 0 0 0 1 0 0 1 1 0 1 0 0]
At 10301/30000: COST 0.047/2.703(0.078) -- Acc 0.990/0.400(0.975)
[1 0 1 1 0 0 0 1 0 1 1 0 0 0 0 0 1 1 0 0 0 0 1 0 1 0 0 0 1 1 1 1 0 1 0 1 0
 1 1 1 0 0 0 1 1 0 1 0 1 0 1 0 0 0 0 0 1 1 0 1 0 1 0 0 1 0 0 1 1 0 0 0 1 1
 1 1 0 0 1 1 0 1 0 0 0 1 0 0 1 0 1 1 0 1 1 1 0 0 0 0]
At 10401/30000: COST 0.081/1.992(0.100) -- Acc 0.980/0.420(0.967)
[0 1 0 1 0 0 1 1 1 1 0 0 0 0 1 1 0 0 0 1 0 0 0 1 1 0 0 0 1 1 1 1 1 1 0 1 1
 1 1 0 1 1 0 1 0 1 1 0 1 1 0 1 0 1 0 1 1 1 1 1 0 1 1 1 0 0 0 1 1 0 1 0 0 1
 1 0 1 0 1 1 0 0 1 1 0 0 0 0 0 1 0 0 1 0 0 1 1 1 1 0]
At 10501/30000: COST 0.155/2.277(0.104) -- Acc 0.970/0.470(0.967)
[1 1 1 0 0 1 0 1 0 0 1 0 1 1 0 1 0 1 0 1 0 0 0 1 1 0 0 0 0 0 1 1 1 1 1 1 1
 0 0 0 1 1 0 1 0 0 1 0 0 0 1 1 1 1 1 1 0 0 1 0 1 0 0 0 1 0 1 1 0 0 1 0 1 0
 0 1 0 0 1 1 0 1 0 1 1 0 1 0 0 1 1 1 0 0 0 1 0 0 0 0]
At 10601/30000: COST 0.088/1.782(0.099) -- Acc 0.960/0.490(0.968)
[1 0 0 1 1 0 1 0 0 0 1 1 1 1 0 0 1 1 1 1 0 0 0 0 1 1 0 0 1 1 0 1 1 1 1 0 1
 1 0 1 1 0 0 1 1 1 1 1 0 0 0 1 0 1 1 0 0 1 1 0 0 0 0 0 0 0 1 1 1 1 0 0 1 1
 1 0 1 0 1 0 0 0 0 0 0 0 0 1 1 1 1 0 0 1 0 0 1 0 0 0]
At 10701/30000: COST 0.194/2.282(0.099) -- Acc 0.970/0.440(0.968)
[0 0 0 1 0 0 1 0 0 0 0 1 0 0 0 1 1 1 1 0 1 0 1 1 1 0 1 1 0 0 1 0 0 0 1 1 0
 0 0 1 1 0 0 0 1 0 0 1 0 0 1 0 1 1 0 0 1 0 1 1 1 1 0 1 1 0 0 0 0 0 1 0 1 0
 1 0 0 1 0 1 1 1 0 1 1 1 0 0 1 0 0 1 0 0 0 1 0 0 1 1]
At 10801/30000: COST 0.171/2.108(0.110) -- Acc 0.930/0.440(0.966)
[1 1 1 0 1 0 1 0 0 1 0 1 0 0 1 0 1 1 0 1 0 1 1 1 1 1 0 0 0 0 1 0 0 1 1 0 1
 1 1 0 0 0 0 0 0 1 1 0 0 0 1 0 0 1 0 1 0 0 1 1 0 0 1 0 1 1 1 1 0 0 1 0 0 1
 1 0 0 1 1 0 1 0 0 1 1 0 1 0 1 0 0 0 0 0 1 1 1 1 1 0]
At 10901/30000: COST 0.147/2.048(0.109) -- Acc 0.960/0.460(0.965)
[1 0 1 1 1 0 0 1 1 0 0 1 1 0 1 1 0 1 0 0 0 1 0 0 0 0 1 1 1 1 0 0 1 0 1 0 1
 1 0 0 1 0 1 1 0 1 0 1 1 1 0 0 0 0 1 0 0 1 1 1 0 0 1 1 1 0 1 0 0 0 1 0 0 1
 1 0 0 1 1 0 1 1 1 1 1 0 0 0 1 0 1 0 0 0 0 1 1 1 0 1]
At 11001/30000: COST 0.095/2.037(0.119) -- Acc 0.970/0.440(0.962)
[1 0 0 0 0 1 1 0 0 0 1 0 0 1 1 0 1 0 1 1 0 0 0 1 0 1 1 1 0 1 0 0 0 0 1 1 1
 0 1 0 0 1 0 1 0 0 0 0 0 1 0 0 0 0 0 1 0 1 1 1 1 0 0 0 0 1 1 0 1 1 0 1 0 1
 0 1 1 1 0 1 0 1 1 0 0 1 1 1 1 1 0 0 1 0 1 0 1 1 1 1]
At 11101/30000: COST 0.097/2.010(0.117) -- Acc 0.980/0.500(0.962)
[1 0 1 1 1 0 0 0 1 0 0 1 0 0 0 1 1 1 0 0 1 1 1 0 0 1 0 0 0 0 0 0 0 0 1 1 1
 1 1 1 0 0 0 1 1 1 1 1 1 0 1 0 1 0 1 1 0 1 0 0 1 1 1 0 1 0 1 1 1 1 0 0 0 1
 1 1 1 0 1 0 0 0 0 1 1 0 0 1 1 1 1 1 1 1 0 0 1 1 1 0]
At 11201/30000: COST 0.151/2.292(0.113) -- Acc 0.960/0.420(0.963)
[1 0 0 0 0 0 0 0 1 1 0 0 1 1 1 1 1 1 1 0 0 1 1 1 1 1 1 1 0 1 0 1 0 1 1 1 0
 0 0 1 1 1 1 0 1 0 1 1 0 1 1 0 0 0 0 0 1 0 0 0 0 0 1 1 1 0 0 1 0 0 1 1 0 1
 1 1 1 0 1 1 1 1 0 0 1 1 1 1 1 1 1 0 1 1 1 0 1 0 1 0]
At 11301/30000: COST 0.075/2.271(0.111) -- Acc 0.960/0.430(0.963)
[1 0 1 0 1 1 0 1 0 1 0 0 1 1 1 0 0 0 0 0 1 1 1 1 0 0 1 1 0 1 1 0 1 0 0 1 1
 1 0 1 1 1 0 1 0 0 0 1 0 0 0 1 1 0 1 0 0 1 1 0 0 1 1 1 0 0 1 1 0 0 0 0 1 0
 1 0 1 0 1 1 1 0 0 1 1 1 0 1 1 0 1 0 1 0 1 1 1 1 0 0]
At 11401/30000: COST 0.127/1.628(0.112) -- Acc 0.970/0.520(0.964)
[1 1 1 0 0 0 0 0 0 1 0 1 1 0 0 0 1 1 1 0 1 1 1 0 0 1 1 0 0 0 1 0 1 1 1 1 1
 0 1 0 1 0 1 1 0 1 0 0 0 0 1 0 1 1 1 1 1 1 0 1 1 0 1 0 0 1 1 0 0 1 1 1 0 1
 1 0 0 1 0 0 1 1 1 0 1 1 1 0 1 1 0 1 1 1 1 0 1 1 1 0]
At 11501/30000: COST 0.097/1.654(0.111) -- Acc 0.960/0.490(0.964)
[1 1 0 0 1 1 0 0 0 0 1 0 1 0 1 1 0 0 1 0 1 0 0 0 1 0 0 0 1 0 0 0 1 1 1 0 0
 1 0 0 0 0 1 1 0 1 0 1 1 0 0 1 1 1 1 0 1 1 0 1 0 0 1 1 1 1 1 0 1 1 0 0 0 1
 1 1 0 1 0 1 1 1 0 1 1 0 0 0 0 0 0 0 0 0 0 1 0 0 1 1]
At 11601/30000: COST 0.054/2.287(0.099) -- Acc 0.980/0.480(0.968)
[1 0 1 1 1 1 0 1 1 0 0 0 0 0 1 0 1 1 1 1 0 1 1 0 0 0 0 1 1 0 1 1 0 0 0 0 0
 0 0 0 1 0 0 1 1 1 0 1 0 0 1 1 1 0 0 0 1 0 1 0 1 0 0 0 0 0 1 1 0 0 0 1 1 1
 1 1 1 1 1 1 0 1 1 0 1 0 1 0 0 0 0 0 1 1 1 1 0 1 1 1]
At 11701/30000: COST 0.112/2.090(0.096) -- Acc 0.970/0.500(0.970)
[0 0 1 0 1 0 1 0 0 1 0 0 0 0 1 0 1 0 1 0 1 0 1 0 1 0 0 0 0 1 0 0 1 0 1 0 0
 0 1 1 1 1 1 1 0 1 1 0 0 1 0 1 0 0 1 0 1 1 1 1 1 0 0 0 0 1 0 0 1 0 1 0 1 0
 1 1 1 0 0 1 0 0 1 0 0 0 1 1 0 1 0 1 1 1 0 1 0 0 0 0]
At 11801/30000: COST 0.138/2.322(0.095) -- Acc 0.930/0.480(0.969)
[0 0 1 0 1 1 0 0 0 1 1 0 0 1 0 1 1 0 0 0 1 1 1 0 0 1 0 1 0 0 1 1 1 0 1 0 0
 1 1 1 1 1 0 1 0 1 0 0 0 0 1 0 1 0 1 1 0 0 0 0 0 0 0 1 0 1 0 0 0 0 1 1 0 0
 0 1 0 1 0 1 1 1 0 0 0 1 0 1 0 1 0 0 1 1 0 0 1 1 0 0]
At 11901/30000: COST 0.106/2.183(0.103) -- Acc 0.960/0.470(0.966)
[0 1 0 0 0 0 1 0 1 1 1 1 1 0 1 0 0 0 1 1 1 0 0 1 0 1 0 0 0 0 1 0 0 0 0 1 0
 1 1 1 1 0 0 0 1 1 1 1 0 1 1 0 1 0 1 1 0 1 0 0 1 1 1 0 0 1 0 0 1 0 1 1 1 0
 0 1 0 1 0 1 0 0 1 1 0 0 0 1 1 0 0 1 1 0 0 0 1 1 1 0]
At 12001/30000: COST 0.160/1.706(0.124) -- Acc 0.960/0.540(0.957)
[0 0 1 0 0 0 0 0 1 0 1 1 0 1 1 0 0 0 0 0 0 1 0 1 0 1 0 0 1 1 1 0 1 0 1 1 1
 1 1 1 1 0 1 0 1 0 0 1 1 1 1 1 1 1 1 1 1 0 0 1 1 1 0 0 1 0 0 1 1 0 0 0 0 0
 1 0 1 0 0 0 0 1 1 1 1 0 0 0 1 0 0 1 1 0 0 1 1 0 0 1]
At 12101/30000: COST 0.149/1.751(0.127) -- Acc 0.940/0.430(0.957)
[0 0 0 0 1 1 0 1 1 0 1 0 0 1 0 0 1 0 0 1 0 1 1 1 1 0 0 1 1 0 0 1 0 0 1 1 0
 1 0 1 0 0 0 1 1 1 0 1 1 0 0 0 1 1 0 1 0 0 1 1 1 0 1 1 0 1 0 0 1 1 1 0 0 0
 0 0 0 0 1 0 1 1 1 1 1 1 1 1 1 0 1 0 1 0 0 1 0 1 0 1]
At 12201/30000: COST 0.063/1.679(0.116) -- Acc 0.990/0.560(0.960)
[1 0 1 0 1 1 1 0 0 1 1 1 1 1 1 0 0 1 0 1 0 0 1 1 0 0 0 1 1 1 0 0 0 1 1 1 0
 0 0 0 0 1 0 1 0 1 1 1 1 0 1 1 1 1 0 1 0 0 0 1 0 1 0 0 1 0 1 0 0 1 1 1 0 1
 1 0 0 0 1 1 0 0 0 0 1 0 0 1 1 1 1 0 0 1 0 0 1 0 1 0]
At 12301/30000: COST 0.114/2.168(0.113) -- Acc 0.940/0.440(0.963)
[1 0 1 1 1 0 0 0 0 1 0 1 0 0 1 1 1 0 1 1 1 1 1 0 0 1 0 1 0 0 0 1 0 1 1 0 0
 1 0 0 1 1 0 1 0 1 0 0 0 0 0 0 1 0 1 0 1 1 0 1 0 1 0 1 1 1 1 0 0 0 1 0 0 0
 1 0 1 0 0 0 0 1 1 0 0 0 0 1 1 0 1 0 0 0 1 1 1 1 0 0]
At 12401/30000: COST 0.108/2.112(0.110) -- Acc 0.950/0.490(0.964)
[0 0 0 1 1 1 0 0 1 1 1 0 0 1 0 0 0 0 1 0 1 0 1 1 1 0 0 0 0 0 1 1 0 0 1 0 1
 1 0 0 1 0 1 0 1 0 0 1 1 1 0 1 1 1 0 1 1 0 1 1 0 0 0 0 1 1 0 0 1 0 0 0 1 0
 1 0 1 1 0 0 1 0 0 1 0 1 0 0 1 0 1 1 1 1 0 0 0 1 1 1]
At 12501/30000: COST 0.111/2.000(0.100) -- Acc 0.950/0.530(0.969)
[1 0 0 0 0 1 0 0 1 1 1 1 1 1 0 1 1 0 1 0 1 1 1 0 1 1 0 0 0 0 0 1 1 1 1 0 1
 0 0 1 0 1 0 1 1 1 1 1 1 1 1 1 1 0 0 1 1 0 0 1 1 0 1 0 0 0 0 1 1 1 1 1 1 1
 0 1 0 1 0 1 1 1 0 0 1 1 0 1 0 0 1 0 0 0 0 1 0 0 1 0]
At 12601/30000: COST 0.079/1.769(0.111) -- Acc 0.960/0.510(0.963)
[0 1 1 1 1 1 0 1 1 1 1 1 0 0 1 1 0 1 1 0 0 1 1 0 0 0 1 1 0 1 1 0 1 1 0 0 1
 1 1 1 0 0 0 0 0 0 0 0 0 1 0 1 1 0 1 0 1 0 1 0 0 1 1 0 1 0 1 1 1 0 0 0 0 0
 0 0 1 0 0 1 0 1 1 1 0 0 0 0 1 1 1 0 1 0 0 0 1 0 1 1]
At 12701/30000: COST 0.108/1.851(0.122) -- Acc 0.960/0.490(0.960)
[0 1 1 1 1 1 1 0 1 0 0 0 1 1 0 0 0 0 1 0 0 1 0 1 1 1 1 1 0 1 0 0 1 0 0 0 0
 1 0 0 1 0 1 1 1 0 1 0 1 1 0 0 0 0 0 1 0 0 0 0 0 0 0 1 0 0 0 1 1 1 1 0 0 1
 0 0 0 0 1 1 1 1 1 1 1 0 0 0 0 0 1 1 0 0 1 1 0 1 1 0]
At 12801/30000: COST 0.157/1.645(0.128) -- Acc 0.950/0.490(0.957)
[0 0 1 1 1 0 1 0 1 0 1 1 1 1 1 0 1 1 0 1 0 0 0 1 1 1 1 0 0 0 0 1 1 1 1 0 0
 1 1 1 1 1 0 1 0 0 0 1 1 0 0 0 1 1 0 1 0 0 0 0 0 1 1 1 0 0 1 0 1 1 1 0 1 0
 0 0 1 0 1 1 0 0 1 0 1 1 0 0 1 1 0 0 0 1 1 1 0 0 0 1]
At 12901/30000: COST 0.090/1.844(0.133) -- Acc 0.950/0.450(0.955)
[1 0 0 1 1 0 0 0 0 1 0 1 1 0 0 1 0 1 0 0 1 1 1 1 0 1 0 1 0 1 1 1 1 0 1 1 1
 1 1 1 1 0 0 0 0 0 0 1 1 0 0 0 1 0 1 1 0 1 0 1 0 0 0 0 0 1 0 1 1 0 1 1 1 1
 0 1 1 1 1 1 1 0 1 1 1 0 0 0 0 1 1 1 0 1 0 0 0 0 1 0]
At 13001/30000: COST 0.165/1.551(0.136) -- Acc 0.950/0.480(0.954)
[1 1 0 1 0 0 1 1 0 1 1 0 1 1 0 0 0 0 1 1 1 1 0 1 0 1 0 0 1 1 0 0 0 0 0 1 1
 1 1 1 0 0 0 1 0 0 1 1 0 1 0 1 0 0 1 0 1 1 1 0 0 1 1 1 1 0 1 1 1 0 0 1 1 1
 0 0 1 0 1 0 1 0 0 0 1 1 0 0 0 0 0 1 0 1 0 0 0 1 0 0]
At 13101/30000: COST 0.100/1.793(0.129) -- Acc 0.940/0.440(0.955)
[1 1 0 1 1 0 0 0 1 1 1 0 1 0 1 0 0 1 0 0 0 0 1 1 1 0 0 1 0 1 1 0 1 0 0 0 1
 0 0 0 0 0 1 0 1 0 0 0 1 1 1 1 0 0 1 0 1 1 1 1 1 0 1 1 1 1 0 1 0 0 1 1 0 0
 1 0 0 1 1 1 0 0 1 0 0 1 0 1 1 1 0 0 0 1 0 0 0 0 0 1]
At 13201/30000: COST 0.058/1.913(0.112) -- Acc 0.980/0.490(0.964)
[0 0 1 1 1 0 1 1 1 1 0 1 1 0 0 1 0 1 0 0 0 1 0 0 0 0 0 0 0 1 1 0 1 0 1 0 1
 0 0 0 0 1 0 1 0 0 1 0 0 1 1 0 0 1 0 0 1 0 0 0 0 0 0 1 1 0 0 0 0 1 1 1 1 1
 1 0 0 0 0 1 1 1 0 1 1 0 1 0 0 0 1 1 1 1 0 0 1 0 1 0]
At 13301/30000: COST 0.151/2.466(0.109) -- Acc 0.940/0.350(0.964)
[1 0 1 0 0 1 0 0 1 1 1 1 1 1 1 0 1 0 1 0 1 1 0 1 1 1 1 1 0 1 0 1 0 0 0 0 0
 0 1 0 0 0 1 1 1 1 0 0 0 1 0 0 1 0 1 0 1 0 0 0 0 1 1 0 1 0 0 1 0 1 1 1 1 1
 1 1 0 0 0 0 0 1 1 0 0 0 0 0 1 1 0 1 0 0 1 0 0 1 0 1]
At 13401/30000: COST 0.133/2.442(0.118) -- Acc 0.950/0.380(0.960)
[0 1 1 0 0 1 0 0 1 1 0 1 1 1 1 0 0 0 0 0 1 1 0 1 1 1 0 1 1 0 0 1 0 0 0 0 0
 1 1 0 0 1 0 1 1 1 0 1 0 1 0 0 0 0 0 0 1 0 1 0 1 1 1 0 0 0 1 0 1 0 0 0 1 1
 1 0 0 0 1 1 1 1 1 1 0 1 0 1 0 1 1 0 0 0 0 0 1 0 0 0]
At 13501/30000: COST 0.180/2.400(0.123) -- Acc 0.940/0.390(0.960)
[0 1 1 1 1 1 1 1 1 0 1 1 0 0 0 0 0 1 1 1 0 0 0 1 1 1 1 0 1 0 1 1 1 0 1 1 1
 1 0 1 0 1 1 1 0 0 1 0 0 1 1 0 1 0 0 0 1 0 1 1 1 0 1 1 1 0 1 1 1 1 1 0 0 0
 0 0 0 0 0 1 1 0 1 0 0 1 0 0 1 1 1 1 1 0 0 1 0 1 0 0]
At 13601/30000: COST 0.107/2.130(0.120) -- Acc 0.970/0.450(0.959)
[0 1 0 1 0 1 0 1 0 0 0 1 1 1 0 1 0 0 0 0 0 1 0 1 0 0 1 1 0 1 0 0 1 0 1 0 1
 1 0 1 0 0 0 1 1 1 0 1 0 1 0 0 0 1 0 0 0 0 0 1 0 1 0 0 1 0 0 0 1 1 1 1 1 1
 1 1 1 1 0 0 0 0 1 0 0 1 0 0 0 0 1 0 1 1 1 0 0 0 1 0]
At 13701/30000: COST 0.142/2.014(0.135) -- Acc 0.930/0.470(0.954)
[1 1 1 0 0 0 0 1 0 0 1 1 1 0 0 1 0 1 0 1 1 0 1 1 0 1 1 0 0 0 1 1 0 0 1 0 0
 0 0 0 1 0 1 0 0 0 0 0 1 1 1 0 1 0 1 0 1 0 1 0 0 0 0 0 0 0 1 0 1 1 0 0 0 1
 0 1 1 0 0 0 1 1 1 0 0 0 0 1 1 0 0 0 0 0 0 1 1 1 0 1]
At 13801/30000: COST 0.092/2.141(0.135) -- Acc 0.970/0.450(0.953)
[1 1 1 1 0 0 1 0 1 1 1 0 0 0 0 1 1 1 1 0 1 0 1 0 0 1 0 0 1 1 1 1 0 1 0 1 0
 0 0 0 0 0 1 0 0 1 0 1 1 0 0 0 0 0 0 1 0 1 0 1 1 1 0 1 1 1 0 1 1 1 0 0 0 0
 1 1 0 0 1 1 0 1 0 0 1 1 1 0 0 1 0 0 1 0 1 1 1 0 1 0]
At 13901/30000: COST 0.204/2.203(0.142) -- Acc 0.930/0.390(0.953)
[0 0 0 0 0 0 0 0 1 0 1 1 0 0 1 0 0 0 1 0 0 0 0 0 1 0 1 0 0 0 0 0 0 0 1 0 1
 0 0 1 1 1 1 1 0 1 1 1 1 0 0 0 1 0 1 0 1 1 1 0 0 1 1 0 1 0 1 1 1 0 0 1 0 1
 0 0 0 0 1 0 0 0 0 0 0 1 0 1 0 1 0 0 1 1 0 1 1 0 0 1]
At 14001/30000: COST 0.049/1.802(0.131) -- Acc 0.990/0.510(0.958)
[1 1 1 0 1 0 1 1 1 1 1 1 1 1 0 1 1 1 0 1 0 0 0 1 0 1 0 1 1 1 0 1 0 0 1 0 1
 0 1 1 1 0 0 0 0 1 0 1 1 1 0 1 0 1 0 0 1 0 1 0 1 0 1 0 0 0 0 1 1 1 1 1 1 0
 0 1 0 0 0 1 1 0 0 0 1 0 0 1 0 1 0 0 0 1 0 0 0 0 0 1]
At 14101/30000: COST 0.089/2.389(0.115) -- Acc 0.960/0.400(0.962)
[0 1 0 1 1 0 1 1 0 0 0 1 0 1 0 1 0 1 1 0 0 0 0 0 1 0 1 1 1 0 0 1 1 1 1 0 0
 0 1 0 0 1 1 0 0 1 1 0 0 0 0 1 1 0 0 1 0 0 0 0 1 0 1 0 1 1 0 0 0 1 1 0 0 1
 1 1 1 1 1 0 1 1 0 1 0 1 0 0 0 1 1 0 0 1 1 1 1 0 1 0]
At 14201/30000: COST 0.093/2.241(0.110) -- Acc 0.970/0.420(0.963)
[0 0 1 0 0 1 1 0 0 0 1 1 0 0 0 0 1 0 0 0 1 0 1 0 1 0 0 1 1 0 1 0 0 0 0 1 0
 0 1 1 1 1 1 1 0 0 1 1 0 0 1 0 1 0 1 0 1 1 0 1 1 1 0 0 0 1 0 0 0 1 1 1 1 1
 1 1 1 0 1 0 1 1 1 1 0 0 0 0 1 0 1 0 1 1 1 0 1 1 0 0]
At 14301/30000: COST 0.193/1.960(0.116) -- Acc 0.930/0.490(0.962)
[0 1 0 1 0 0 0 0 0 0 0 1 0 1 1 0 1 1 1 1 1 0 0 0 1 1 0 0 0 1 1 1 0 1 1 1 1
 1 0 0 1 1 0 1 1 0 0 0 1 1 0 0 0 1 0 1 0 0 0 1 0 0 1 1 0 0 1 0 1 0 0 0 1 1
 1 1 1 1 1 1 0 1 0 1 0 1 0 1 1 0 0 0 0 0 0 0 0 1 1 0]
At 14401/30000: COST 0.083/1.913(0.128) -- Acc 0.980/0.450(0.957)
[1 1 1 1 0 1 1 0 1 0 1 1 0 0 1 0 1 1 0 0 0 0 0 0 0 0 1 0 0 0 1 0 1 1 0 0 1
 1 1 0 0 1 0 1 0 0 0 0 1 1 0 1 1 1 0 1 0 0 0 1 0 0 1 1 1 1 1 0 0 0 1 0 1 0
 0 0 0 1 1 0 1 1 1 0 0 1 1 1 1 1 0 0 0 1 0 0 0 0 0 0]
At 14501/30000: COST 0.134/1.940(0.133) -- Acc 0.960/0.470(0.957)
[1 0 1 0 0 1 0 1 0 1 0 1 1 0 0 0 1 1 1 0 0 0 0 1 0 0 0 0 1 0 0 0 0 1 0 0 0
 0 0 0 1 1 0 1 0 0 1 0 1 1 0 0 1 1 1 1 0 0 0 1 1 0 1 0 1 1 1 1 0 1 0 0 1 1
 0 1 0 0 0 0 1 0 0 1 1 0 0 1 0 1 1 0 0 1 0 1 0 1 1 0]
At 14601/30000: COST 0.184/1.795(0.140) -- Acc 0.960/0.470(0.954)
[0 1 1 1 0 1 0 1 1 1 1 1 0 0 1 0 0 1 1 1 0 1 1 1 0 0 0 0 0 1 1 0 0 1 1 0 0
 1 1 1 1 1 1 0 1 1 1 1 0 0 0 0 0 0 1 1 1 0 1 0 1 0 0 0 1 0 0 0 0 1 1 0 1 1
 1 0 0 1 1 0 1 1 1 0 0 1 0 0 1 1 1 0 0 0 1 1 1 0 0 0]
At 14701/30000: COST 0.125/1.662(0.155) -- Acc 0.950/0.460(0.949)
[1 0 0 1 0 1 1 0 0 0 1 1 1 1 0 0 0 0 0 1 0 1 1 0 0 0 0 0 1 0 0 0 1 0 0 0 1
 1 0 0 1 1 0 0 1 0 1 1 1 1 1 0 0 0 1 1 1 0 1 0 0 1 1 0 0 1 1 0 1 1 1 1 1 0
 0 1 0 0 0 0 0 0 1 1 0 0 1 1 1 0 0 0 0 0 0 0 0 0 1 1]
At 14801/30000: COST 0.106/2.247(0.129) -- Acc 0.970/0.470(0.956)
[0 1 0 1 1 0 0 1 0 1 1 1 1 1 1 1 0 0 1 1 1 0 0 0 1 1 1 1 0 1 0 1 0 0 1 0 1
 0 1 0 0 1 1 0 0 1 0 1 1 1 0 0 0 1 0 1 1 0 0 0 1 0 0 1 1 0 0 0 1 0 1 1 1 0
 1 1 0 0 1 0 0 1 1 1 0 0 0 0 1 1 1 1 0 1 1 1 0 0 1 1]
At 14901/30000: COST 0.138/1.697(0.148) -- Acc 0.970/0.510(0.950)
[0 0 0 1 1 0 0 0 0 0 0 0 0 0 1 0 0 1 0 1 0 0 1 1 1 1 0 1 0 0 1 0 0 0 0 0 1
 0 1 0 0 0 0 1 0 1 0 1 1 0 0 1 1 0 0 1 1 1 1 1 1 0 1 1 0 1 1 1 1 1 1 0 0 0
 1 0 0 0 1 1 1 1 0 0 1 0 0 1 0 0 1 0 0 1 1 1 1 1 0 1]
At 15001/30000: COST 0.062/2.064(0.154) -- Acc 0.980/0.460(0.947)
[1 0 1 1 0 1 1 0 0 1 0 0 1 0 1 0 0 1 0 1 0 1 1 0 0 0 1 0 1 1 1 0 1 0 0 1 0
 1 0 1 0 1 0 1 0 0 1 0 0 0 1 0 0 1 0 0 0 0 1 0 0 1 0 1 0 1 0 0 0 1 0 1 1 0
 0 0 0 0 0 1 0 0 1 0 0 0 1 1 0 0 1 0 1 0 1 1 1 0 0 1]
At 15101/30000: COST 0.130/1.854(0.150) -- Acc 0.960/0.470(0.950)
[1 0 0 0 0 1 0 1 0 1 0 0 0 1 0 0 0 0 0 1 0 1 0 1 1 1 0 0 0 1 1 1 1 0 0 0 0
 1 0 1 1 0 0 0 0 1 0 0 1 0 1 0 1 1 0 0 1 0 1 1 0 1 1 0 0 1 0 0 1 0 1 1 1 0
 1 0 1 0 0 1 0 1 0 0 0 1 0 0 1 1 0 1 0 1 1 1 1 1 1 0]
At 15201/30000: COST 0.119/2.078(0.152) -- Acc 0.980/0.430(0.949)
[1 0 0 0 0 0 0 0 0 0 0 0 0 0 0 1 0 0 1 0 0 1 1 1 0 0 0 0 0 1 1 1 0 0 1 0 0
 1 0 1 1 1 1 1 1 0 1 1 0 1 0 0 0 0 0 0 1 1 1 1 0 1 0 0 0 1 1 0 0 0 0 0 0 1
 1 0 1 1 0 1 1 0 1 1 1 0 1 0 1 0 0 0 1 0 1 0 0 1 1 0]
At 15301/30000: COST 0.229/1.813(0.141) -- Acc 0.900/0.510(0.951)
[1 0 0 0 1 0 1 1 0 1 1 1 0 1 1 1 0 0 0 0 0 1 1 0 0 1 1 1 1 1 0 0 1 1 0 1 0
 0 1 0 0 1 0 1 1 0 0 1 1 1 0 0 0 0 0 1 0 0 0 1 0 0 1 1 1 1 0 1 0 1 1 1 1 0
 1 0 0 0 0 0 0 1 1 1 0 1 0 0 1 0 1 0 0 0 0 1 0 1 1 1]
At 15401/30000: COST 0.094/1.889(0.130) -- Acc 0.970/0.500(0.955)
[1 1 1 0 1 1 1 0 0 0 1 1 1 1 0 0 1 1 1 1 1 1 0 1 1 0 1 1 0 1 1 1 0 0 1 0 0
 1 0 0 0 1 0 1 1 1 1 0 0 0 1 1 0 0 0 0 0 1 0 1 0 1 1 0 0 1 0 0 1 0 0 0 1 0
 1 0 1 1 0 1 1 0 1 1 1 1 1 0 0 0 1 0 0 0 0 1 1 1 1 1]
At 15501/30000: COST 0.070/1.786(0.130) -- Acc 0.970/0.500(0.956)
[0 1 0 0 0 0 1 1 0 0 0 1 1 0 1 0 0 0 0 0 0 0 0 0 1 1 1 1 1 0 1 0 0 1 0 1 1
 0 1 0 0 0 1 0 1 0 0 0 1 0 1 1 0 0 0 1 0 1 1 0 1 0 1 0 0 1 1 0 1 1 0 1 0 0
 1 1 1 0 1 0 0 0 1 0 1 0 1 0 0 1 0 1 0 1 0 0 0 0 0 0]
At 15601/30000: COST 0.105/2.037(0.132) -- Acc 0.960/0.440(0.956)
[0 0 0 0 1 0 1 1 0 1 0 1 0 0 1 1 1 0 1 0 0 0 0 1 0 1 0 1 1 0 1 1 1 1 0 1 0
 1 1 0 0 1 1 1 1 0 1 0 0 1 1 1 1 0 0 1 0 1 0 1 1 1 0 0 1 1 0 0 0 1 0 1 1 0
 0 1 0 0 0 1 0 0 1 1 0 1 0 0 1 1 0 0 0 1 0 0 1 1 1 1]
At 15701/30000: COST 0.130/2.220(0.142) -- Acc 0.940/0.380(0.950)
[1 0 0 1 0 0 1 1 0 1 0 1 1 1 1 1 0 0 0 0 1 1 0 1 1 0 0 0 0 1 0 0 1 1 0 0 1
 0 1 0 0 0 1 1 1 0 1 1 1 0 0 0 1 1 1 0 0 0 0 1 0 0 0 0 0 1 1 1 1 0 1 0 0 0
 1 0 0 1 1 0 1 0 1 0 0 1 1 1 0 0 0 1 1 0 1 0 1 0 1 0]
At 15801/30000: COST 0.106/2.094(0.155) -- Acc 0.980/0.380(0.946)
[1 0 1 0 1 0 1 1 0 0 0 1 1 0 0 1 1 0 0 0 1 1 0 1 1 1 1 0 0 0 0 1 0 0 1 1 1
 0 1 0 0 1 0 0 0 0 1 0 1 1 0 0 0 1 1 1 1 1 0 0 1 0 1 1 0 0 1 1 1 0 0 1 0 1
 0 0 1 0 0 0 1 1 0 0 1 1 0 1 0 1 0 0 0 0 0 0 1 0 1 1]
At 15901/30000: COST 0.070/1.746(0.146) -- Acc 0.970/0.440(0.949)
[0 0 1 1 1 1 0 1 1 1 0 0 1 0 1 1 0 0 1 0 1 0 0 1 0 1 1 0 1 1 0 1 1 1 0 1 0
 1 1 0 1 1 1 0 0 1 0 0 1 1 0 0 0 1 0 0 0 0 0 0 0 1 0 1 0 0 0 1 0 1 0 0 1 0
 1 1 1 1 0 0 1 1 0 1 0 1 0 1 1 1 0 0 0 1 0 1 1 1 0 1]
At 16001/30000: COST 0.202/1.779(0.165) -- Acc 0.920/0.420(0.940)
[1 1 1 0 1 1 0 1 1 0 1 0 1 0 1 1 1 0 1 0 1 1 1 0 0 1 0 1 0 1 0 1 0 0 0 0 0
 0 1 0 0 0 0 1 1 0 1 0 0 1 0 0 0 0 0 0 1 0 1 1 0 1 0 1 0 1 0 1 1 0 0 1 1 0
 1 0 0 1 0 0 1 0 0 0 1 0 0 0 1 1 1 0 1 0 1 0 0 0 0 1]
At 16101/30000: COST 0.095/1.900(0.174) -- Acc 0.980/0.480(0.939)
[1 0 0 1 0 1 0 1 0 1 0 1 0 1 0 0 1 0 1 0 1 0 1 0 1 0 1 0 0 0 1 0 1 1 0 1 0
 0 1 0 0 1 1 0 1 0 0 1 1 0 0 1 1 1 0 0 1 0 0 1 1 1 1 0 1 0 0 0 0 0 0 1 1 1
 0 0 0 1 1 0 1 0 0 0 1 1 0 1 1 1 0 0 1 1 1 0 1 1 1 0]
At 16201/30000: COST 0.142/1.557(0.197) -- Acc 0.940/0.440(0.930)
[0 1 0 1 1 0 0 1 0 0 1 1 1 0 0 0 1 1 0 0 1 0 1 0 0 1 0 0 1 0 0 0 0 1 1 1 1
 1 0 0 1 1 0 0 1 0 1 0 1 0 0 0 1 0 0 1 1 0 0 1 1 1 1 0 0 0 1 0 0 0 0 0 0 0
 1 1 1 1 0 0 0 0 1 1 0 0 1 1 0 1 1 1 1 1 1 1 1 0 0 0]
At 16301/30000: COST 0.242/1.539(0.193) -- Acc 0.920/0.500(0.930)
[1 0 1 0 1 0 1 1 0 0 0 0 0 1 0 1 0 1 1 1 0 0 1 0 0 1 1 0 0 1 0 1 0 1 0 1 1
 0 0 0 1 1 0 1 0 0 0 0 0 1 0 1 0 1 1 0 0 0 1 0 0 1 0 1 1 0 0 0 1 1 1 0 1 1
 1 0 1 1 0 0 1 1 0 1 0 0 0 1 1 1 1 1 0 1 1 1 0 1 0 0]
At 16401/30000: COST 0.106/1.665(0.186) -- Acc 0.950/0.440(0.933)
[0 1 0 1 0 0 1 0 0 1 0 1 0 0 1 1 0 1 0 1 1 1 1 1 1 0 0 1 1 0 0 0 1 0 0 0 1
 0 1 0 0 1 1 0 0 1 0 0 0 1 1 1 0 1 0 0 0 1 0 0 1 0 1 0 0 1 0 1 0 1 0 1 1 1
 1 0 1 0 1 0 0 1 1 1 1 0 0 1 1 1 1 0 1 0 0 1 0 1 1 0]
At 16501/30000: COST 0.126/1.728(0.182) -- Acc 0.930/0.510(0.934)
[0 1 0 0 1 1 0 0 0 1 0 0 0 0 1 0 0 1 0 1 1 0 1 0 1 0 0 0 0 0 0 0 1 0 0 0 1
 0 0 1 1 0 0 1 0 0 1 1 1 1 0 0 0 1 1 0 0 0 0 1 1 0 0 1 1 1 0 1 0 0 1 0 1 1
 1 1 1 0 1 0 1 0 0 0 0 1 0 1 0 0 1 0 0 1 1 1 0 0 0 1]
At 16601/30000: COST 0.187/1.777(0.173) -- Acc 0.950/0.430(0.941)
[0 0 0 1 1 0 0 1 1 0 0 0 0 1 0 0 1 0 0 0 0 0 0 1 1 0 1 1 1 1 1 1 0 0 0 1 0
 0 0 0 1 1 1 0 1 1 0 1 1 1 1 1 1 1 1 1 0 0 0 0 0 0 1 1 0 1 0 0 1 1 0 1 1 0
 0 1 0 0 0 1 1 0 1 1 0 1 0 1 1 0 1 0 1 1 1 0 1 0 0 0]
At 16701/30000: COST 0.144/1.626(0.178) -- Acc 0.950/0.480(0.939)
[1 1 1 1 0 0 0 0 1 1 1 0 1 1 1 0 1 0 0 1 0 0 0 1 1 0 0 0 0 0 1 0 0 1 1 0 1
 0 0 0 0 0 1 0 0 1 0 0 0 1 0 1 0 1 0 1 0 0 0 0 1 1 1 0 1 0 0 1 0 1 1 1 0 1
 1 0 0 0 1 1 1 0 0 0 1 0 0 1 0 0 1 0 1 0 0 1 1 0 0 1]
At 16801/30000: COST 0.143/1.762(0.156) -- Acc 0.940/0.450(0.947)
[1 1 0 0 1 0 1 1 0 1 0 0 1 0 1 0 0 0 1 0 0 0 0 1 1 1 0 0 0 0 0 0 0 1 0 1 0
 0 1 1 1 0 0 1 0 1 0 1 0 1 1 1 1 1 0 0 1 0 0 1 1 0 0 1 0 0 0 1 0 0 1 0 0 1
 1 1 0 0 0 0 0 0 1 1 1 1 1 0 0 1 0 1 1 1 1 0 1 0 0 1]
At 16901/30000: COST 0.075/1.639(0.164) -- Acc 0.980/0.450(0.942)
[0 0 1 0 0 1 0 0 0 0 1 0 1 1 1 0 0 0 1 1 0 0 1 1 1 1 1 0 1 0 0 1 0 1 1 0 0
 1 0 1 1 1 0 1 0 0 0 0 0 0 0 0 0 1 1 1 0 1 0 1 0 0 1 0 0 0 0 0 0 1 0 0 0 0
 1 1 1 1 0 1 1 1 1 1 1 1 0 0 1 1 0 0 1 0 0 1 1 0 1 1]
At 17001/30000: COST 0.134/1.576(0.169) -- Acc 0.960/0.440(0.941)
[0 0 1 1 0 0 1 1 1 0 1 0 0 0 0 0 0 1 1 1 1 0 1 1 0 0 1 1 1 0 0 0 1 0 1 0 0
 0 0 1 0 1 1 1 0 1 1 0 0 0 0 1 1 0 1 1 0 0 0 0 1 1 0 1 0 0 0 0 0 1 0 1 0 1
 1 0 1 0 0 1 0 0 0 0 0 0 1 1 0 0 0 0 1 0 1 1 0 0 1 0]
At 17101/30000: COST 0.166/1.611(0.176) -- Acc 0.950/0.430(0.937)
[1 1 1 1 0 0 1 0 0 1 1 0 0 1 0 0 1 1 0 0 1 0 0 1 0 0 1 0 0 1 1 1 1 0 1 0 0
 0 0 0 1 0 1 1 1 0 0 0 0 1 1 1 1 0 1 0 1 1 1 0 0 0 0 0 0 0 1 1 1 0 1 0 1 0
 0 0 0 0 1 0 0 0 1 0 1 1 1 1 0 1 0 0 0 1 0 0 1 0 1 0]
At 17201/30000: COST 0.161/1.758(0.170) -- Acc 0.940/0.440(0.940)
[0 1 1 0 0 1 0 0 0 0 1 1 1 0 1 0 0 1 0 0 0 0 0 0 0 1 1 0 1 1 0 0 0 0 0 0 1
 1 1 0 1 0 0 1 0 0 1 1 0 0 0 1 0 1 1 0 0 0 1 0 0 0 1 0 0 1 0 0 0 0 1 0 1 0
 1 0 0 1 1 1 1 0 1 1 1 0 1 1 1 1 0 0 1 0 1 0 0 1 0 1]
At 17301/30000: COST 0.165/1.754(0.168) -- Acc 0.950/0.480(0.943)
[0 0 0 0 0 0 1 0 1 1 1 1 0 1 1 1 1 1 0 0 1 1 0 0 0 1 0 1 1 0 0 0 0 0 1 1 1
 1 0 0 0 0 0 1 0 0 1 1 1 1 0 1 1 0 0 0 0 0 1 0 1 0 0 1 0 0 1 1 0 0 0 1 0 0
 1 0 1 1 1 0 0 1 1 0 1 1 1 1 0 0 1 0 1 0 0 1 0 1 1 0]
At 17401/30000: COST 0.206/1.723(0.165) -- Acc 0.940/0.480(0.942)
[0 0 0 0 1 1 0 1 0 0 0 1 0 1 0 0 0 0 1 0 0 0 0 0 1 1 0 0 1 1 1 0 1 0 0 1 1
 0 1 1 1 1 1 1 1 1 1 0 1 0 0 0 1 0 0 1 1 1 0 1 0 0 0 0 1 0 0 0 1 0 1 0 1 1
 0 1 1 0 0 0 1 0 0 0 0 0 0 0 0 0 1 1 1 0 0 1 0 1 1 0]
At 17501/30000: COST 0.189/1.534(0.187) -- Acc 0.950/0.540(0.934)
[0 1 0 0 0 0 1 0 0 1 0 0 1 1 0 0 0 1 0 0 0 1 1 1 0 0 0 1 0 1 0 1 1 0 1 0 0
 1 0 1 1 0 0 1 1 0 1 1 0 0 0 0 1 0 1 0 1 0 1 1 0 0 1 1 0 0 1 1 0 1 1 0 0 1
 0 0 1 0 1 1 1 0 1 0 1 0 1 1 1 1 1 0 1 1 1 0 0 1 0 1]
At 17601/30000: COST 0.221/1.887(0.184) -- Acc 0.920/0.420(0.935)
[1 0 1 0 1 0 0 1 0 0 0 1 1 1 1 0 0 0 1 1 0 0 0 1 1 1 1 1 0 1 1 1 0 0 1 1 1
 1 1 1 0 1 1 1 1 1 0 0 0 0 1 0 0 0 0 0 0 0 1 1 0 0 0 0 0 1 1 1 0 0 1 0 1 1
 0 0 0 0 1 1 0 0 0 0 1 0 1 1 1 0 1 0 1 0 0 1 0 1 0 1]
At 17701/30000: COST 0.223/1.931(0.186) -- Acc 0.950/0.460(0.933)
[0 1 0 1 1 0 1 0 0 0 1 1 0 1 1 0 0 1 1 0 1 1 0 1 1 1 1 1 0 1 1 0 0 0 0 1 1
 1 1 1 0 1 1 1 1 0 0 0 0 0 0 0 0 1 0 1 1 1 0 0 1 0 0 0 1 1 1 0 0 1 1 1 0 0
 1 0 1 1 1 1 0 0 0 1 1 1 1 1 0 0 0 1 1 1 1 0 0 1 0 0]
At 17801/30000: COST 0.152/1.722(0.185) -- Acc 0.970/0.530(0.933)
[0 0 0 1 0 1 0 0 1 0 1 1 0 1 1 1 0 1 1 0 1 1 1 0 0 0 1 1 0 1 1 0 0 1 1 1 1
 0 0 0 1 1 1 0 0 1 1 1 1 1 0 0 0 1 1 0 0 1 1 1 0 1 1 0 0 1 1 1 0 1 0 1 0 0
 0 0 0 0 1 1 0 0 1 0 0 1 1 1 0 0 0 0 1 0 1 1 1 1 1 0]
At 17901/30000: COST 0.200/1.871(0.190) -- Acc 0.920/0.360(0.930)
[1 1 0 0 0 1 0 0 1 1 0 0 1 0 1 1 0 0 0 1 0 0 1 0 0 0 1 0 1 0 1 0 1 0 0 0 0
 1 1 1 1 0 1 1 1 1 0 0 0 1 0 1 0 0 0 1 0 0 1 1 1 0 0 1 0 0 0 1 1 0 1 1 1 0
 0 1 1 0 0 1 1 0 1 1 1 1 1 0 1 0 1 1 1 0 0 1 0 0 1 1]
At 18001/30000: COST 0.140/1.502(0.197) -- Acc 0.950/0.490(0.928)
[1 1 0 0 1 1 1 1 0 1 1 0 0 1 0 0 1 1 1 0 1 1 0 1 1 0 0 0 1 1 1 1 0 1 0 0 0
 0 1 1 0 0 1 1 0 1 1 1 0 1 0 1 1 1 1 1 0 0 0 1 0 1 1 1 1 1 0 0 0 1 0 0 0 1
 1 1 0 1 1 1 0 1 0 0 1 1 0 0 0 0 0 1 0 0 0 0 0 0 1 1]
At 18101/30000: COST 0.182/1.346(0.191) -- Acc 0.920/0.540(0.931)
[1 1 0 1 1 0 1 0 1 1 1 0 1 1 1 0 0 0 1 1 1 1 0 1 1 1 1 0 1 1 0 0 0 1 1 0 1
 0 1 0 1 1 0 1 1 0 1 1 1 0 0 1 0 0 1 1 1 1 1 1 1 0 1 0 0 1 0 1 0 1 1 0 1 1
 0 0 0 0 1 1 1 0 1 0 0 0 0 1 0 0 1 0 0 1 0 0 0 0 1 0]
At 18201/30000: COST 0.114/1.366(0.182) -- Acc 0.960/0.540(0.935)
[1 0 0 0 0 1 0 1 0 0 1 0 0 0 1 0 1 0 0 0 0 0 0 1 0 1 1 0 1 1 1 1 1 0 1 1 1
 0 1 1 0 1 1 0 0 1 0 0 1 0 1 1 0 0 1 1 1 0 0 1 1 0 0 1 1 0 0 1 1 0 0 0 0 1
 0 1 1 0 1 1 0 0 0 1 1 0 1 1 0 1 1 0 0 0 0 1 0 0 1 1]
At 18301/30000: COST 0.114/1.493(0.189) -- Acc 0.960/0.470(0.933)
[0 0 1 0 1 1 1 0 0 1 0 0 0 0 0 1 0 1 0 1 0 0 0 0 0 1 0 1 1 1 0 1 0 0 1 0 0
 0 0 0 0 0 0 1 1 0 1 1 0 0 0 0 0 1 1 0 0 0 1 1 1 0 1 1 0 1 1 1 0 1 1 1 1 0
 1 0 0 1 1 0 1 0 0 0 0 1 1 0 0 1 0 0 1 1 1 0 1 1 0 1]
At 18401/30000: COST 0.197/1.611(0.177) -- Acc 0.920/0.520(0.935)
[1 1 1 1 1 0 1 0 0 0 1 0 0 0 0 1 0 0 1 1 0 0 0 1 0 0 1 0 1 1 1 0 1 1 1 0 0
 1 0 1 0 1 1 0 0 1 0 0 0 1 0 0 0 1 0 0 1 0 0 0 0 1 1 1 1 1 1 1 1 0 1 0 1 0
 1 1 0 0 0 1 1 0 1 0 1 0 0 0 0 0 1 1 0 1 0 0 0 0 0 1]
At 18501/30000: COST 0.109/1.942(0.165) -- Acc 0.950/0.510(0.941)
[1 0 0 1 1 1 1 1 1 0 1 0 1 0 0 0 0 0 0 0 0 0 1 0 0 0 1 0 1 1 0 1 1 1 1 1 1
 1 0 0 0 1 1 1 1 1 1 0 1 1 0 1 0 0 0 1 1 1 1 1 0 0 0 0 1 1 1 1 1 1 1 0 0 0
 0 0 1 1 0 1 1 1 1 1 0 1 0 0 1 0 0 1 1 1 0 0 0 1 1 0]
At 18601/30000: COST 0.248/1.479(0.182) -- Acc 0.880/0.500(0.934)
[1 0 1 1 0 0 1 0 1 1 1 1 0 1 1 0 1 1 1 1 1 0 1 1 0 1 1 0 0 0 1 0 0 0 0 0 0
 0 1 1 0 1 0 0 0 1 0 1 0 1 1 0 1 1 1 1 0 0 0 0 0 1 1 0 1 0 1 0 0 0 0 1 0 0
 0 0 1 0 1 1 0 1 0 0 1 1 1 1 1 1 0 1 0 1 1 0 0 0 1 0]
At 18701/30000: COST 0.158/1.411(0.192) -- Acc 0.950/0.510(0.931)
[1 1 1 0 1 0 1 0 0 1 0 1 1 0 0 0 1 1 0 0 1 0 0 0 1 0 0 0 0 0 1 0 0 0 1 1 0
 0 0 1 0 0 0 0 1 1 0 1 1 1 0 1 1 0 0 0 1 1 0 0 0 1 0 1 0 1 0 0 0 0 0 0 0 0
 0 0 1 1 0 1 1 0 0 1 1 0 0 1 0 0 1 0 0 1 1 0 0 0 1 1]
At 18801/30000: COST 0.197/1.506(0.199) -- Acc 0.960/0.470(0.930)
[1 0 0 1 1 1 1 1 1 0 0 0 1 0 1 0 1 1 1 1 1 0 1 0 0 0 0 0 0 0 0 1 1 1 1 1 1
 0 1 1 0 0 0 1 1 0 0 1 0 1 1 1 1 1 1 0 0 1 0 1 0 0 1 0 1 1 0 0 1 0 0 0 1 1
 0 0 1 1 0 1 1 1 0 0 0 1 0 0 1 1 0 1 0 0 1 1 0 0 1 1]
At 18901/30000: COST 0.174/1.429(0.198) -- Acc 0.910/0.500(0.929)
[1 1 0 0 0 1 1 0 0 1 1 1 0 0 1 0 1 0 1 0 0 1 0 1 1 0 1 1 0 1 1 0 1 1 1 1 0
 0 1 0 0 0 1 1 1 1 1 0 1 0 1 1 1 0 0 1 0 0 0 1 1 0 0 0 0 1 1 0 0 0 1 1 0 0
 1 0 0 1 1 1 1 1 0 0 0 1 1 1 0 0 0 1 1 1 1 1 0 1 1 0]
At 19001/30000: COST 0.257/1.433(0.193) -- Acc 0.900/0.490(0.929)
[0 1 0 1 1 0 0 0 0 1 1 0 0 1 1 0 0 1 0 0 0 0 0 0 0 1 1 1 0 1 1 1 1 1 0 0 0
 1 1 1 0 1 1 1 0 1 0 1 0 0 1 0 1 0 0 0 0 0 1 1 1 0 1 0 0 1 0 0 0 1 0 0 1 1
 1 0 1 0 1 1 0 0 0 0 1 1 0 1 0 1 1 1 0 1 0 0 0 1 0 0]
At 19101/30000: COST 0.266/1.452(0.198) -- Acc 0.850/0.410(0.927)
[1 0 1 0 0 0 1 1 0 0 0 1 0 0 1 1 1 1 0 0 1 0 0 1 0 0 0 1 1 1 0 0 1 0 0 0 0
 1 1 1 1 0 1 1 0 0 0 0 0 0 0 1 1 0 1 0 0 0 1 1 1 0 1 0 1 0 1 1 1 1 0 1 0 0
 0 0 1 0 1 1 1 1 1 1 0 0 0 0 0 0 1 0 1 1 0 0 0 1 1 0]
At 19201/30000: COST 0.222/1.341(0.198) -- Acc 0.920/0.470(0.926)
[1 0 0 1 0 1 1 0 0 0 1 0 0 0 1 1 0 0 1 0 1 0 1 1 1 1 0 0 0 1 1 0 1 1 1 1 0
 0 1 1 1 1 1 0 0 1 1 1 1 1 0 0 1 0 1 0 0 0 1 1 0 1 0 0 1 0 0 0 0 0 1 0 1 0
 1 1 1 0 1 1 0 1 0 1 0 1 0 1 1 0 0 1 1 1 1 0 1 1 0 0]
At 19301/30000: COST 0.238/1.413(0.195) -- Acc 0.910/0.520(0.929)
[1 1 1 0 1 0 0 0 0 1 1 0 1 1 1 0 0 1 1 0 1 0 0 1 0 1 0 0 1 0 0 1 0 0 1 0 0
 1 0 1 0 0 0 0 0 1 0 0 0 0 1 1 1 0 1 1 1 1 0 0 1 1 1 1 0 1 0 0 1 1 0 0 1 0
 1 1 1 0 1 0 0 0 1 1 1 0 0 1 1 1 0 0 0 1 1 1 0 0 0 1]
At 19401/30000: COST 0.152/1.440(0.193) -- Acc 0.950/0.460(0.931)
[0 1 0 0 1 1 1 1 1 1 0 1 0 0 1 0 1 0 0 0 0 0 1 0 1 1 1 0 0 0 1 1 1 1 0 1 0
 1 0 0 0 1 0 1 0 1 1 0 0 0 1 1 1 0 0 0 1 0 0 1 0 1 1 1 0 0 1 0 0 1 1 1 0 1
 1 1 0 1 0 1 0 1 0 0 0 0 1 1 1 1 1 1 1 1 0 1 0 0 0 1]
At 19501/30000: COST 0.203/1.264(0.203) -- Acc 0.880/0.510(0.928)
[0 1 0 0 1 0 1 1 0 1 1 1 0 1 1 1 0 0 1 0 0 1 1 1 0 0 1 1 0 1 0 0 0 1 0 1 0
 0 0 0 0 1 0 1 0 1 0 1 0 1 1 1 0 0 1 0 1 0 1 0 0 0 0 1 0 1 0 0 1 1 1 0 0 0
 0 0 1 0 0 0 0 1 0 0 1 0 1 1 1 0 0 1 1 0 0 0 0 1 0 0]
At 19601/30000: COST 0.264/1.418(0.205) -- Acc 0.920/0.460(0.926)
[0 0 0 1 0 0 1 1 1 0 0 0 1 0 1 1 0 0 0 1 0 0 1 1 0 0 1 0 0 1 1 0 0 0 0 1 1
 1 0 0 0 0 1 1 1 0 0 1 1 1 0 0 1 1 0 1 0 1 0 1 1 0 1 0 1 1 1 0 0 1 1 1 0 1
 1 0 1 1 1 0 1 1 1 1 0 1 0 1 0 0 0 1 0 1 0 0 1 0 1 0]
At 19701/30000: COST 0.285/1.232(0.235) -- Acc 0.900/0.490(0.913)
[0 1 1 0 0 0 0 0 0 0 0 0 0 0 0 1 0 0 1 0 0 0 0 0 0 1 0 1 1 1 0 0 0 1 0 0 1
 0 0 0 1 1 1 0 1 0 0 1 0 0 1 0 0 0 1 1 0 0 0 0 0 1 0 1 1 0 0 1 1 1 0 1 1 0
 1 0 0 0 1 0 1 1 1 1 0 0 0 0 0 1 1 1 0 1 1 1 0 1 1 0]
At 19801/30000: COST 0.261/1.563(0.244) -- Acc 0.900/0.410(0.910)
[1 1 0 1 1 0 0 0 0 1 0 0 0 0 1 1 0 0 1 1 0 0 1 1 0 1 1 1 0 1 1 0 0 0 0 1 1
 0 1 0 0 1 1 0 1 1 0 1 1 0 0 1 1 1 1 0 1 1 0 0 0 1 1 0 0 1 1 1 1 0 1 1 0 0
 0 0 1 1 0 1 1 1 0 1 1 0 0 1 0 0 1 0 0 0 0 1 1 0 1 1]
At 19901/30000: COST 0.199/1.528(0.241) -- Acc 0.910/0.450(0.911)
[0 1 0 0 0 1 1 0 0 1 0 0 1 0 0 0 0 1 1 1 1 0 1 1 1 0 1 0 1 1 1 0 1 1 1 1 1
 0 0 1 0 0 1 0 1 0 0 0 0 1 1 0 0 0 0 1 0 1 1 0 0 1 1 1 0 1 1 1 1 0 0 1 1 1
 1 0 0 1 1 1 0 1 1 1 0 1 0 0 0 1 1 0 0 0 1 0 1 0 1 1]
At 20001/30000: COST 0.356/1.261(0.259) -- Acc 0.860/0.460(0.899)
[0 0 1 0 0 0 0 1 0 1 1 1 0 1 0 1 1 0 1 1 1 0 0 0 0 1 0 1 1 0 0 1 0 0 1 1 1
 0 1 1 0 0 1 0 1 0 1 0 1 0 1 0 0 1 0 0 1 0 0 0 1 0 0 0 1 0 1 1 0 1 1 1 1 0
 0 1 1 0 1 1 0 0 0 0 1 0 1 0 0 1 1 0 0 1 1 0 1 0 1 1]
At 20101/30000: COST 0.274/1.286(0.255) -- Acc 0.900/0.470(0.901)
[0 0 0 0 0 0 1 0 0 0 0 1 1 1 0 1 0 1 1 1 1 0 0 0 0 0 0 0 1 0 1 0 1 1 0 0 1
 0 0 0 0 1 0 0 0 1 1 1 0 1 0 0 0 0 1 1 1 0 0 0 1 1 1 1 0 1 1 1 0 1 1 0 0 0
 1 1 0 0 1 0 0 1 1 1 0 1 0 0 0 0 1 0 0 0 1 1 1 0 1 1]
At 20201/30000: COST 0.178/1.300(0.267) -- Acc 0.930/0.390(0.898)
[0 0 1 1 0 0 1 0 1 0 1 0 0 0 0 0 1 0 1 1 0 0 0 0 1 1 1 1 0 0 0 0 1 0 0 1 0
 1 1 1 1 1 0 0 0 1 1 1 0 1 1 1 0 1 0 0 1 1 1 0 0 0 0 0 0 0 1 1 0 0 0 0 1 0
 1 0 0 1 0 1 0 1 1 0 1 0 1 0 0 1 0 1 0 0 1 1 0 0 1 1]
At 20301/30000: COST 0.162/1.309(0.259) -- Acc 0.950/0.380(0.902)
[0 0 1 1 1 0 0 0 1 0 0 1 1 0 0 1 0 1 1 0 0 0 1 1 1 0 1 1 1 0 0 0 1 1 0 1 1
 0 0 1 1 1 1 0 0 1 0 0 0 0 0 0 0 0 1 0 0 1 1 1 0 0 1 0 1 0 0 1 0 0 0 1 0 1
 1 0 0 1 0 0 0 0 0 1 0 1 0 1 0 1 1 1 0 0 1 1 0 0 0 1]
At 20401/30000: COST 0.192/1.254(0.272) -- Acc 0.920/0.430(0.894)
[0 1 1 0 0 1 1 0 1 1 1 1 1 0 1 0 0 1 1 0 0 0 0 1 0 1 0 1 1 0 0 0 1 0 1 0 0
 0 0 1 0 1 1 1 0 0 1 0 0 1 0 1 1 0 0 1 1 0 0 1 0 1 0 1 1 1 0 0 0 1 1 1 0 0
 0 1 0 1 0 0 1 1 1 1 1 0 0 0 1 0 1 0 0 1 0 1 1 0 0 1]
At 20501/30000: COST 0.211/1.164(0.278) -- Acc 0.940/0.420(0.891)
[0 0 0 1 1 0 1 0 0 1 0 0 0 0 0 0 0 1 1 0 1 0 0 1 0 1 0 1 0 0 1 1 0 1 1 1 0
 1 0 0 1 0 0 0 1 0 0 1 1 0 0 0 0 0 1 1 0 0 1 0 1 1 0 0 1 0 0 1 0 0 0 1 1 0
 0 0 0 0 1 1 1 1 0 0 1 0 1 0 0 0 1 0 0 0 0 0 1 0 1 1]
At 20601/30000: COST 0.220/1.428(0.272) -- Acc 0.910/0.400(0.895)
[1 1 0 1 1 1 1 1 1 0 0 1 1 0 1 1 0 0 0 0 0 1 1 1 1 1 1 0 0 0 0 0 0 1 0 0 1
 0 0 0 1 1 0 0 0 0 0 1 0 0 1 0 1 1 0 0 0 0 0 1 1 1 0 0 0 0 1 0 0 0 1 0 1 0
 1 1 0 0 1 1 1 0 0 1 0 1 1 0 1 1 0 1 0 0 1 1 1 1 1 0]
At 20701/30000: COST 0.325/1.206(0.277) -- Acc 0.900/0.430(0.893)
[0 1 0 1 1 0 0 0 1 0 0 1 1 1 1 1 1 0 0 1 0 1 0 1 0 1 1 0 1 0 1 0 1 0 0 0 1
 0 0 0 1 0 1 1 0 0 1 0 0 1 0 0 1 0 1 0 1 0 1 1 0 0 1 1 1 0 1 1 1 0 0 1 1 0
 0 0 1 0 0 1 1 1 1 0 1 1 0 1 0 1 1 0 0 1 1 0 0 0 1 1]
At 20801/30000: COST 0.139/1.429(0.262) -- Acc 0.930/0.400(0.897)
[0 1 1 0 0 0 1 1 0 1 1 1 1 0 0 1 1 1 0 1 1 1 1 1 1 0 0 0 1 0 1 1 1 1 1 0 0
 0 1 1 1 0 1 0 1 0 1 0 1 1 0 0 0 1 0 1 1 0 0 1 1 0 1 0 1 1 0 1 0 0 0 1 0 1
 0 1 0 1 1 0 1 1 1 0 1 1 0 0 1 1 1 0 1 1 1 1 1 0 0 1]
At 20901/30000: COST 0.276/1.384(0.258) -- Acc 0.890/0.420(0.899)
[1 1 0 0 1 0 1 0 1 0 1 0 0 0 1 0 0 1 0 0 0 1 1 0 1 1 0 1 0 1 0 1 0 1 0 1 1
 1 1 1 0 1 0 1 0 0 0 0 1 1 1 0 1 0 0 1 1 1 0 1 0 0 0 0 1 0 1 1 1 1 0 1 1 1
 0 0 0 0 1 1 1 0 1 1 0 0 0 0 1 1 1 0 1 1 0 1 0 0 1 1]
At 21001/30000: COST 0.298/1.402(0.256) -- Acc 0.880/0.450(0.899)
[0 1 0 1 0 1 0 1 1 1 0 1 0 1 0 1 1 0 1 1 0 0 1 0 0 1 0 1 1 0 0 0 1 1 1 0 0
 0 0 0 1 0 1 1 1 0 1 1 0 1 1 0 1 1 0 1 0 0 0 1 0 1 0 1 0 1 1 1 1 0 1 1 1 0
 1 1 1 1 0 0 0 0 0 0 1 1 1 0 1 0 1 1 0 0 0 0 0 0 0 1]
At 21101/30000: COST 0.278/1.147(0.260) -- Acc 0.920/0.480(0.899)
[0 1 1 1 1 0 1 0 1 0 0 1 0 1 1 1 0 0 1 1 1 0 1 0 0 0 0 0 1 1 1 1 0 0 1 0 0
 1 1 1 0 1 0 0 1 1 0 0 1 0 1 0 0 0 0 0 0 0 0 0 1 0 1 0 1 1 1 0 1 1 0 0 1 1
 0 0 1 0 0 0 1 0 1 0 1 1 0 0 0 0 1 0 0 1 1 1 1 1 1 1]
At 21201/30000: COST 0.329/1.193(0.272) -- Acc 0.880/0.440(0.894)
[0 1 0 0 1 0 1 1 0 1 0 1 0 1 1 0 1 1 0 0 1 0 1 1 0 1 0 1 1 1 0 1 0 0 0 1 1
 0 1 0 0 0 1 0 0 0 1 1 1 1 1 0 1 1 1 0 0 1 0 1 0 1 0 1 0 1 0 1 1 0 1 0 1 1
 1 0 1 0 1 1 1 0 0 0 1 0 1 1 1 1 0 0 1 1 1 1 0 1 1 1]
At 21301/30000: COST 0.250/1.136(0.283) -- Acc 0.920/0.460(0.888)
[0 1 1 0 1 0 1 0 0 0 1 1 0 0 0 1 1 1 0 1 1 0 0 1 1 1 0 1 1 1 1 1 0 1 1 0 0
 0 1 1 0 0 0 1 1 0 0 0 1 0 0 0 0 0 0 1 1 1 1 1 1 1 0 1 1 1 1 1 1 1 0 1 0 0
 1 0 0 1 1 1 1 0 0 0 0 1 1 1 1 0 0 1 0 1 1 1 0 0 1 1]
At 21401/30000: COST 0.253/1.117(0.296) -- Acc 0.940/0.450(0.883)
[0 0 0 1 0 1 0 1 1 1 1 1 1 1 0 1 0 0 0 1 1 0 0 0 0 1 0 0 0 0 0 1 1 1 0 1 1
 1 1 1 1 1 0 0 1 0 1 0 0 1 0 0 0 1 1 1 1 1 1 1 1 1 0 1 0 0 1 0 0 0 1 0 0 1
 0 1 0 1 0 0 1 0 1 1 0 1 1 1 1 0 0 1 1 0 1 0 1 1 0 0]
At 21501/30000: COST 0.430/1.294(0.308) -- Acc 0.860/0.400(0.878)
[1 1 0 1 0 1 1 0 0 0 1 1 0 1 0 1 0 1 0 0 1 1 0 0 1 1 1 0 0 1 0 0 0 0 0 0 1
 1 1 1 1 0 0 0 1 1 0 1 0 1 1 0 1 1 0 1 0 0 0 0 1 0 1 0 0 1 1 0 0 1 0 1 0 1
 0 0 0 1 1 1 0 1 1 1 0 0 1 1 0 1 1 0 1 0 0 1 1 1 1 0]
At 21601/30000: COST 0.376/0.967(0.327) -- Acc 0.810/0.500(0.867)
[1 1 0 0 1 1 1 0 0 1 0 0 0 0 1 0 1 1 0 1 0 1 1 1 1 1 1 1 1 1 1 1 0 1 1 1 0
 0 1 0 0 0 0 1 1 0 0 0 0 0 1 0 1 0 1 1 1 0 1 1 0 0 1 1 0 0 1 0 0 0 1 1 1 0
 0 0 1 0 1 1 1 0 0 1 1 1 0 1 0 0 1 0 0 1 0 1 1 1 1 0]
At 21701/30000: COST 0.422/1.245(0.337) -- Acc 0.790/0.410(0.862)
[1 0 1 0 1 0 1 0 0 0 0 1 0 1 1 1 1 0 1 0 0 1 1 0 0 1 1 1 1 0 0 1 0 1 1 1 1
 1 0 1 0 0 1 0 1 0 1 1 1 0 0 1 1 0 1 0 0 0 0 0 0 0 0 1 0 1 1 0 1 1 0 1 0 1
 1 0 1 0 1 1 1 0 1 0 1 1 0 0 0 1 1 1 1 0 1 1 1 0 0 1]
At 21801/30000: COST 0.369/1.036(0.346) -- Acc 0.850/0.470(0.860)
[0 1 1 1 0 1 0 1 1 1 1 1 0 0 0 0 0 0 0 1 0 0 1 0 1 0 1 0 0 1 0 0 1 1 0 0 0
 1 1 1 1 0 1 0 0 1 1 0 0 0 0 0 1 1 1 1 1 1 0 1 0 1 1 0 1 0 0 1 0 0 1 0 0 1
 0 1 1 1 1 1 1 0 0 1 1 1 0 1 0 0 1 1 0 0 1 0 0 1 0 1]
At 21901/30000: COST 0.344/1.055(0.357) -- Acc 0.850/0.460(0.853)
[0 0 1 0 0 1 0 0 1 0 0 1 1 1 1 0 0 1 1 1 1 1 0 1 1 1 0 0 0 1 1 0 0 0 0 1 1
 1 1 1 1 1 0 0 0 1 0 1 1 1 0 1 0 1 1 0 0 1 1 0 1 1 0 0 1 0 1 1 1 1 1 1 0 1
 1 1 1 0 1 1 0 0 0 1 1 1 1 1 1 1 0 0 1 1 0 1 1 1 0 1]
At 22001/30000: COST 0.452/1.125(0.366) -- Acc 0.830/0.460(0.847)
[1 1 1 0 1 0 0 0 0 1 1 1 1 1 1 1 1 1 0 1 1 0 1 1 0 1 1 0 0 0 1 0 0 1 0 0 1
 1 1 1 0 0 1 0 1 0 0 1 1 1 0 1 1 1 0 0 0 0 0 0 1 1 1 1 0 0 1 0 1 1 1 0 1 0
 1 1 0 1 1 0 1 0 1 0 1 1 1 0 0 0 1 1 0 0 1 1 1 1 1 1]
At 22101/30000: COST 0.319/0.967(0.375) -- Acc 0.840/0.500(0.839)
[1 0 0 1 1 0 1 1 0 1 1 0 0 1 0 0 1 1 1 0 1 1 0 1 1 0 1 0 1 0 1 1 1 1 0 0 1
 0 0 0 0 0 0 0 1 1 1 0 1 0 1 0 1 1 0 1 1 1 1 0 0 0 1 1 1 1 0 1 0 1 0 1 0 0
 0 0 0 1 0 0 1 1 1 1 1 0 1 1 0 0 0 1 1 1 1 1 1 0 1 0]
At 22201/30000: COST 0.473/0.905(0.396) -- Acc 0.760/0.540(0.824)
[1 1 1 0 1 1 0 1 0 1 1 1 1 1 0 0 1 0 1 0 1 1 1 0 1 1 0 0 1 1 0 0 0 0 1 0 0
 0 1 1 0 1 0 1 0 0 1 1 1 0 1 0 1 1 1 0 1 1 1 1 1 1 1 0 0 0 1 1 1 0 1 1 0 0
 1 0 0 0 1 0 0 1 1 0 0 0 1 0 1 1 0 1 1 0 0 0 1 0 1 0]
At 22301/30000: COST 0.449/1.171(0.394) -- Acc 0.790/0.440(0.830)
[1 1 0 1 0 0 0 1 1 1 0 0 1 1 1 1 1 0 0 1 1 1 1 1 1 0 0 0 1 1 1 0 1 1 1 1 1
 1 0 0 0 1 0 1 1 0 0 1 0 1 1 0 0 1 1 1 0 0 0 1 0 1 1 1 1 1 1 0 1 1 0 1 1 0
 0 0 1 0 1 1 1 1 1 0 0 1 1 0 1 1 1 1 1 1 1 1 1 0 1 0]
At 22401/30000: COST 0.297/1.059(0.384) -- Acc 0.880/0.470(0.835)
[1 0 1 0 1 1 1 1 0 1 0 0 1 0 0 1 1 1 1 0 1 0 1 0 1 1 1 0 0 0 1 1 0 0 0 0 0
 1 0 0 1 1 1 0 1 0 0 1 0 1 0 0 1 0 0 1 0 1 1 1 1 0 0 0 1 1 0 1 1 1 0 1 0 1
 0 1 0 1 1 1 1 1 0 0 0 1 1 1 0 1 1 1 0 0 0 1 1 0 1 1]
At 22501/30000: COST 0.470/1.024(0.402) -- Acc 0.820/0.440(0.824)
[0 1 1 0 1 1 1 0 0 1 0 1 1 1 0 0 0 1 0 1 1 1 1 0 0 1 1 0 1 0 0 1 0 1 0 1 1
 1 1 1 0 0 1 1 0 1 1 0 0 0 1 0 1 1 1 1 1 1 1 1 0 1 0 1 0 0 1 1 0 1 1 0 0 0
 1 0 0 1 0 0 0 1 1 1 0 1 1 0 1 1 1 0 1 0 1 0 1 1 1 1]
At 22601/30000: COST 0.335/1.020(0.407) -- Acc 0.860/0.480(0.821)
[1 1 1 1 1 0 1 1 1 1 1 0 1 1 0 1 1 1 1 1 0 1 1 1 1 0 1 1 1 1 0 0 0 0 0 1 1
 0 0 1 1 1 1 1 0 1 0 0 0 0 0 1 0 1 1 1 1 1 1 0 0 1 0 1 0 1 0 0 1 1 1 0 0 1
 0 1 1 1 0 1 0 1 0 1 0 0 1 1 1 0 1 1 1 1 1 0 0 1 1 1]
At 22701/30000: COST 0.395/0.956(0.404) -- Acc 0.800/0.490(0.824)
[1 1 1 0 0 1 1 1 1 0 0 0 1 1 1 0 1 0 1 1 1 0 0 1 1 1 1 0 1 0 1 1 0 1 1 0 1
 1 1 1 0 0 0 1 1 0 1 1 1 1 1 1 1 1 0 0 1 1 1 1 1 1 1 1 0 1 1 0 1 1 1 0 0 0
 0 0 1 1 0 0 1 0 1 1 1 1 0 0 0 1 1 1 1 1 0 0 0 1 1 1]
At 22801/30000: COST 0.454/0.911(0.419) -- Acc 0.790/0.480(0.816)
[1 0 1 1 0 1 1 1 1 1 1 0 0 1 0 1 0 0 1 1 1 1 0 1 0 0 1 1 1 1 1 1 0 0 1 1 0
 1 0 0 1 1 1 1 1 0 1 1 0 1 1 1 0 0 1 0 1 1 1 0 0 0 0 1 1 1 1 1 1 1 0 1 0 1
 1 0 1 1 1 1 1 0 0 1 1 1 0 0 1 0 1 1 0 1 1 1 0 0 0 1]
At 22901/30000: COST 0.417/0.987(0.446) -- Acc 0.780/0.470(0.799)
[0 1 0 1 1 0 0 1 1 0 1 1 1 0 1 0 1 1 0 1 1 0 1 1 0 0 1 1 1 1 0 1 0 0 1 1 0
 0 1 1 0 0 0 1 1 1 0 1 1 1 0 0 1 0 1 0 0 0 0 1 1 0 1 1 0 0 0 0 1 1 1 0 0 0
 0 0 0 1 1 1 0 1 0 1 1 1 1 1 1 1 1 1 0 0 0 0 0 0 0 1]
At 23001/30000: COST 0.297/0.928(0.418) -- Acc 0.870/0.520(0.814)
[1 0 0 1 1 1 0 0 0 1 0 1 1 1 1 1 0 0 1 0 1 1 0 0 0 0 0 0 0 0 1 1 0 1 1 1 0
 1 1 1 1 1 1 1 1 1 1 1 0 1 0 1 0 0 1 0 1 1 1 1 1 1 1 0 0 1 0 1 1 1 1 0 1 0
 1 1 0 0 1 1 0 1 0 1 1 1 1 0 1 0 0 0 0 1 1 0 1 1 1 0]
At 23101/30000: COST 0.545/0.975(0.417) -- Acc 0.680/0.450(0.817)
[0 0 1 0 1 1 1 1 1 1 0 1 0 1 1 0 0 0 1 0 1 0 1 0 1 1 1 0 1 1 1 1 1 0 1 1 1
 1 1 1 0 1 0 1 1 0 1 0 0 0 0 1 0 0 1 1 0 0 1 1 1 1 0 1 1 0 0 0 0 1 1 1 1 1
 1 1 1 0 1 1 1 1 1 1 1 1 1 1 1 0 1 1 0 0 0 0 1 0 1 1]
At 23201/30000: COST 0.379/0.927(0.412) -- Acc 0.870/0.510(0.820)
[1 1 0 1 1 0 0 0 1 0 1 1 1 0 1 1 0 0 0 1 0 0 1 0 1 0 1 0 1 0 0 1 1 1 0 1 0
 1 0 0 0 1 0 0 1 1 1 0 1 0 1 1 0 0 1 1 1 1 0 1 1 1 0 1 0 1 0 0 0 1 0 0 1 0
 1 1 1 0 0 1 1 1 1 0 0 0 0 1 1 1 0 1 0 0 0 1 0 0 1 1]
At 23301/30000: COST 0.450/1.034(0.408) -- Acc 0.800/0.490(0.818)
[0 1 1 1 0 1 1 1 0 0 1 1 1 1 1 1 0 0 0 1 0 0 1 0 1 1 0 1 1 1 1 0 1 1 0 1 0
 1 0 1 1 0 0 1 0 1 0 1 1 1 1 1 1 1 1 0 1 0 1 0 0 1 0 0 1 0 0 1 0 0 0 0 1 0
 1 1 0 0 1 0 1 1 1 0 1 1 1 1 0 1 1 1 0 1 1 1 1 1 1 0]
At 23401/30000: COST 0.350/0.887(0.428) -- Acc 0.890/0.480(0.809)
[0 1 0 1 1 1 0 1 1 0 1 0 0 1 1 1 1 1 1 0 0 1 0 0 1 1 1 0 1 1 0 0 1 1 1 1 1
 1 1 1 1 1 0 0 1 0 0 1 1 1 0 1 1 0 0 1 1 0 0 1 0 0 0 0 1 1 0 0 1 0 1 1 1 1
 1 1 0 1 1 0 1 1 0 0 0 1 1 1 1 1 0 1 0 0 1 1 1 1 1 0]
At 23501/30000: COST 0.379/0.941(0.449) -- Acc 0.820/0.490(0.798)
[1 1 0 0 0 0 1 0 1 1 1 1 1 1 1 1 1 1 0 1 1 0 1 0 0 1 1 1 1 0 0 0 1 1 1 1 1
 0 1 0 1 1 1 1 0 1 0 1 1 1 1 0 0 0 1 1 0 0 0 0 1 0 1 1 1 1 1 1 1 0 1 0 1 1
 1 1 1 1 1 1 1 1 0 1 0 0 0 1 1 1 0 1 1 1 1 1 1 0 1 0]
At 23601/30000: COST 0.425/0.977(0.447) -- Acc 0.790/0.500(0.800)
[0 1 1 1 0 1 0 1 1 0 1 1 1 1 1 0 0 1 1 1 0 1 1 0 0 1 1 1 0 1 0 1 1 0 1 1 0
 1 0 1 1 1 1 0 0 1 0 1 0 0 1 0 0 1 1 1 0 0 0 1 0 1 1 0 0 1 1 0 0 0 0 0 1 1
 0 1 1 0 1 0 1 1 1 1 0 0 1 1 1 0 1 1 1 1 1 1 1 1 1 0]
At 23701/30000: COST 0.402/0.905(0.450) -- Acc 0.810/0.500(0.796)
[1 1 0 1 0 1 0 1 0 1 1 0 0 0 1 0 1 1 0 1 0 1 0 1 1 0 0 1 1 1 1 1 0 0 0 0 1
 0 1 0 0 0 0 0 1 0 0 0 0 1 0 1 1 0 0 1 0 0 1 1 1 0 1 0 1 0 1 1 1 1 1 0 1 1
 0 0 0 0 0 1 0 1 1 1 0 1 0 0 1 0 1 0 0 0 1 1 1 1 1 1]
At 23801/30000: COST 0.364/0.807(0.461) -- Acc 0.840/0.480(0.787)
[0 0 1 1 0 0 1 1 1 0 0 1 1 0 1 0 0 1 1 0 1 0 0 1 1 1 0 1 0 1 1 1 0 0 1 1 1
 1 0 1 0 1 1 1 0 0 1 0 1 0 0 1 1 1 0 0 0 0 0 1 1 0 1 0 1 0 1 1 0 1 1 1 1 1
 0 1 0 1 1 0 0 0 1 1 1 1 1 1 1 1 0 0 1 1 0 1 0 1 0 0]
At 23901/30000: COST 0.576/0.818(0.468) -- Acc 0.750/0.480(0.786)
[1 0 1 1 1 1 0 0 0 1 0 1 1 1 0 1 0 1 0 1 0 1 0 0 1 1 1 0 1 0 1 1 1 1 0 0 0
 1 0 0 1 1 0 1 0 1 0 0 0 0 0 1 1 0 1 0 1 1 0 1 0 0 0 1 0 1 0 1 0 0 1 1 1 1
 0 1 0 1 1 0 0 1 1 1 0 1 1 1 0 0 0 0 0 0 1 0 1 0 1 0]
At 24001/30000: COST 0.435/0.851(0.483) -- Acc 0.820/0.480(0.773)
[1 1 1 0 0 1 1 1 1 1 1 1 1 1 0 1 1 0 1 0 1 1 0 0 0 1 1 0 1 0 1 1 1 1 1 1 1
 1 0 0 1 1 1 1 0 0 1 0 1 1 0 0 1 0 1 0 0 0 0 0 1 0 0 0 1 0 1 0 0 0 1 1 1 1
 0 1 1 1 1 1 0 1 0 0 0 1 1 1 1 1 1 0 1 0 0 1 0 0 1 0]
At 24101/30000: COST 0.403/0.878(0.496) -- Acc 0.860/0.480(0.767)
[1 0 1 1 1 1 1 1 1 0 1 1 1 0 1 0 0 0 0 0 1 1 1 1 1 1 0 0 1 1 0 0 1 1 1 0 1
 0 0 1 1 1 1 1 0 1 1 1 1 0 1 0 0 0 0 0 0 0 1 1 1 1 1 0 1 0 1 1 1 0 1 1 1 0
 1 1 0 1 1 1 1 1 0 0 1 1 1 0 1 0 0 1 1 1 1 0 1 0 1 0]
At 24201/30000: COST 0.463/0.957(0.475) -- Acc 0.750/0.480(0.783)
[1 1 0 0 1 1 1 0 1 0 0 0 1 0 0 0 1 1 1 1 1 0 1 0 1 0 1 1 0 1 1 1 1 0 1 0 0
 1 1 0 0 1 0 0 0 1 0 1 0 0 1 1 0 1 1 1 0 1 1 1 0 1 0 0 1 0 1 0 0 1 1 0 1 1
 0 1 0 0 1 1 1 0 1 1 1 1 1 0 1 0 0 0 1 1 1 1 1 0 0 0]
At 24301/30000: COST 0.437/0.943(0.457) -- Acc 0.790/0.510(0.791)
[0 0 1 1 1 1 1 0 0 1 1 1 0 0 0 1 1 0 0 1 1 1 0 0 0 1 0 1 1 1 1 0 0 0 0 0 0
 1 1 0 1 0 0 0 0 0 0 0 1 0 1 1 1 0 0 1 0 1 1 0 0 1 0 1 1 1 0 0 0 0 1 1 1 1
 1 1 1 1 0 1 1 0 0 1 0 1 0 0 0 1 1 0 0 1 1 1 0 0 0 1]
At 24401/30000: COST 0.425/0.980(0.450) -- Acc 0.840/0.470(0.796)
[0 1 0 1 0 0 0 0 1 0 0 1 1 0 0 0 0 1 0 1 1 1 1 1 1 1 1 0 0 0 1 0 1 0 1 1 0
 1 0 1 0 0 1 1 1 1 1 1 1 0 1 0 1 1 0 1 1 0 1 1 1 1 0 1 1 0 0 1 1 1 0 0 1 1
 1 0 1 1 1 0 1 1 0 1 1 0 1 0 1 1 1 0 1 1 1 1 0 1 1 0]
At 24501/30000: COST 0.446/0.919(0.465) -- Acc 0.790/0.500(0.789)
[1 1 0 1 1 1 1 1 1 0 0 1 1 1 0 1 1 1 1 1 0 1 1 1 1 0 1 0 0 1 1 0 1 0 0 1 1
 1 1 0 0 1 1 0 1 1 0 1 1 0 0 0 1 1 1 1 1 1 1 1 0 1 1 1 1 0 1 1 0 0 0 0 1 1
 1 1 0 1 1 1 1 0 1 0 1 0 0 0 1 1 1 1 1 0 1 1 0 1 0 0]
At 24601/30000: COST 0.487/0.884(0.481) -- Acc 0.730/0.490(0.774)
[0 1 1 0 0 1 1 1 1 1 0 1 1 1 0 1 1 0 1 1 0 1 0 1 0 0 1 0 0 0 0 1 1 1 0 1 1
 1 1 1 1 1 1 1 1 1 1 0 0 1 0 0 1 1 1 1 1 0 1 0 0 1 0 0 1 0 0 1 1 0 1 1 0 1
 1 1 1 0 0 1 1 1 0 1 1 1 0 0 1 0 1 1 0 0 1 1 1 0 1 0]
At 24701/30000: COST 0.483/0.871(0.481) -- Acc 0.700/0.470(0.773)
[1 1 0 0 0 1 1 1 0 1 1 1 1 1 1 0 1 1 1 1 0 1 1 1 1 1 1 1 1 1 1 1 1 1 1 0 0
 0 1 1 1 1 1 0 0 1 1 1 1 1 0 1 1 1 1 0 1 1 0 0 1 0 1 1 0 1 1 1 1 1 1 1 1 1
 1 1 1 1 1 1 0 1 0 1 0 0 1 1 1 0 1 1 1 1 1 0 1 1 1 1]
At 24801/30000: COST 0.493/0.860(0.484) -- Acc 0.790/0.440(0.771)
[1 0 1 1 1 1 1 0 0 1 1 0 0 1 1 1 0 0 1 0 0 1 0 0 1 1 1 0 0 0 1 0 0 1 0 1 1
 1 1 0 1 0 0 0 1 1 1 1 1 1 0 0 0 0 1 0 1 0 1 0 1 1 0 1 0 0 1 1 0 1 0 0 1 1
 1 0 0 1 1 0 0 1 0 1 1 1 1 0 1 0 1 1 0 0 0 1 0 1 0 0]
At 24901/30000: COST 0.580/0.860(0.489) -- Acc 0.710/0.520(0.768)
[1 0 0 0 1 1 1 1 0 1 1 0 0 1 0 0 1 1 0 0 1 0 1 0 1 0 1 0 1 1 1 0 1 0 1 0 1
 0 0 0 0 1 0 0 1 0 1 1 1 0 1 0 0 1 0 1 1 0 1 1 1 0 1 1 1 1 0 1 1 1 1 0 1 1
 1 0 0 1 1 0 1 1 1 1 0 1 1 0 0 1 0 1 1 0 0 0 0 1 1 1]
At 25001/30000: COST 0.463/0.876(0.489) -- Acc 0.810/0.480(0.769)
[0 1 1 1 0 1 1 1 1 1 1 1 1 1 1 0 1 1 1 1 1 1 0 1 0 0 1 0 1 1 1 0 0 1 0 0 1
 1 1 0 1 1 1 1 0 1 0 0 0 1 1 1 1 0 1 1 1 0 1 0 1 1 1 0 0 1 0 0 1 0 0 1 1 1
 1 0 1 1 1 1 0 1 1 1 1 0 0 1 1 1 0 0 1 1 0 1 0 1 0 0]
At 25101/30000: COST 0.563/0.879(0.508) -- Acc 0.740/0.440(0.758)
[1 1 1 1 0 1 0 0 0 1 1 1 1 0 1 1 1 0 1 1 0 1 1 1 0 1 0 1 1 1 0 1 1 1 0 1 0
 1 1 0 1 1 0 0 0 1 1 0 1 1 1 1 0 1 0 1 1 0 0 0 1 1 1 1 0 1 1 1 1 0 1 0 1 1
 1 1 1 1 1 0 1 1 1 0 1 0 1 1 1 1 0 1 1 0 0 1 1 1 1 1]
At 25201/30000: COST 0.560/0.898(0.524) -- Acc 0.680/0.440(0.743)
[0 0 1 1 1 1 1 1 0 0 1 0 1 0 1 0 0 0 1 1 1 1 1 0 1 0 1 1 0 1 1 1 1 1 0 0 0
 0 1 1 0 1 1 0 1 0 1 1 1 1 1 1 1 1 1 0 0 1 0 0 1 1 1 1 0 1 1 1 0 1 1 0 1 1
 1 1 0 0 1 1 1 1 1 1 1 1 1 1 1 1 1 1 0 1 1 1 1 0 0 1]
At 25301/30000: COST 0.593/0.868(0.531) -- Acc 0.660/0.480(0.737)
[1 0 1 1 0 1 0 1 1 1 0 0 1 0 1 0 1 0 1 1 0 0 1 1 1 1 1 1 0 1 1 0 0 1 1 1 0
 1 0 1 0 1 1 1 1 1 1 0 1 1 1 1 1 1 1 1 1 1 1 0 0 0 0 0 0 0 1 1 1 0 0 0 1 1
 0 1 1 1 1 1 1 1 1 1 1 0 0 1 1 1 1 1 0 1 1 1 1 0 1 1]
At 25401/30000: COST 0.584/0.788(0.550) -- Acc 0.700/0.390(0.722)
[0 0 1 0 1 1 1 0 0 1 0 0 1 1 1 1 1 1 1 1 1 0 1 1 1 1 0 1 0 0 1 1 1 1 1 1 1
 1 1 1 1 1 1 1 0 1 1 1 1 1 1 0 0 1 1 0 1 0 1 1 0 1 1 0 1 1 0 0 1 1 1 1 1 1
 1 0 1 0 0 1 1 1 1 1 1 1 1 1 1 1 1 0 1 0 1 1 1 1 1 1]
At 25501/30000: COST 0.608/0.820(0.554) -- Acc 0.680/0.400(0.721)
[0 0 0 0 1 1 1 1 1 1 1 1 1 0 1 1 1 1 0 1 1 1 0 1 1 1 1 1 1 1 0 1 1 1 1 0 0
 1 1 1 1 1 1 0 1 0 0 1 0 0 1 1 0 0 0 1 1 0 0 0 1 0 1 1 1 1 0 0 1 1 1 1 0 1
 0 1 1 1 0 0 0 1 1 1 0 0 0 1 1 1 1 1 1 1 1 0 1 0 1 1]
At 25601/30000: COST 0.534/0.785(0.556) -- Acc 0.770/0.450(0.719)
[1 1 1 1 1 0 1 1 1 1 0 0 0 0 1 1 1 1 1 1 0 1 0 1 1 1 1 1 1 1 1 1 1 1 1 1 1
 1 1 1 1 1 0 0 1 1 1 1 1 0 0 1 1 0 1 0 0 0 1 1 1 1 1 0 1 0 1 0 1 1 0 1 0 1
 1 1 1 1 1 1 1 1 0 0 1 0 1 1 1 1 1 1 1 0 1 0 1 1 0 0]
At 25701/30000: COST 0.578/0.768(0.569) -- Acc 0.700/0.560(0.708)
[1 1 1 1 1 0 0 1 1 1 1 1 1 0 1 1 1 1 1 0 1 1 0 1 1 1 1 0 1 0 0 1 1 1 1 1 1
 1 1 1 1 1 1 1 0 0 1 0 1 0 1 1 0 1 0 1 1 1 0 1 1 0 0 1 1 0 0 1 0 1 1 0 1 0
 1 0 0 1 1 0 1 0 1 1 1 1 1 1 1 0 1 1 0 1 0 0 1 0 1 0]
At 25801/30000: COST 0.621/0.811(0.567) -- Acc 0.700/0.550(0.714)
[0 1 1 0 0 0 0 1 0 0 1 0 1 0 1 1 0 1 1 0 1 1 0 1 1 0 0 0 1 1 1 0 1 0 1 1 1
 1 1 0 0 1 1 1 1 0 1 1 1 1 1 0 1 0 1 1 1 0 1 1 1 1 0 0 0 1 0 1 1 1 1 1 1 1
 0 1 0 1 0 1 0 0 1 1 1 1 1 1 1 1 1 1 1 0 0 0 0 1 1 1]
At 25901/30000: COST 0.574/0.759(0.587) -- Acc 0.680/0.510(0.691)
[0 1 0 0 1 0 1 0 1 0 1 0 1 0 1 1 1 0 0 0 0 0 1 0 0 0 1 0 0 1 0 1 1 0 0 1 0
 1 0 0 0 0 0 0 1 0 0 0 1 1 1 1 1 1 0 0 0 1 1 1 1 1 1 1 1 1 1 1 0 1 1 0 1 0
 1 1 0 0 0 1 0 0 1 1 0 0 1 1 0 0 1 0 1 1 0 1 1 1 1 0]
At 26001/30000: COST 0.624/0.751(0.603) -- Acc 0.680/0.460(0.674)
[0 0 0 0 1 0 1 1 0 0 1 0 1 1 1 1 1 1 1 0 1 1 1 1 0 1 1 1 1 1 0 1 1 1 0 0 1
 1 0 1 0 1 1 1 1 0 1 1 1 0 1 1 0 1 1 1 0 1 1 1 1 1 0 1 0 1 0 1 0 1 0 1 0 1
 1 1 1 1 1 1 1 0 1 0 1 0 1 0 0 0 1 1 0 1 1 1 0 1 1 1]
At 26101/30000: COST 0.599/0.744(0.593) -- Acc 0.660/0.480(0.679)
[0 0 1 1 1 1 0 1 0 1 1 1 0 1 1 1 1 0 1 1 1 1 1 1 1 1 1 1 0 1 0 1 1 1 1 0 1
 1 0 1 1 1 0 1 1 0 1 1 0 1 1 1 1 1 0 0 0 1 0 1 0 1 0 0 1 1 1 1 0 1 1 1 1 0
 1 1 1 1 0 1 0 0 1 0 1 0 0 1 1 0 1 1 1 0 1 1 0 0 1 0]
At 26201/30000: COST 0.544/0.785(0.582) -- Acc 0.730/0.540(0.688)
[1 1 1 0 0 0 0 1 1 1 1 1 1 1 0 1 1 1 0 1 0 0 1 1 1 1 1 1 0 1 0 1 1 0 1 1 1
 1 0 0 1 1 1 1 1 1 1 1 1 1 0 1 1 1 1 0 0 1 1 1 1 1 0 0 0 0 0 1 1 1 0 1 0 1
 0 1 1 1 1 1 1 1 1 1 0 1 1 1 1 1 1 1 0 1 1 1 1 0 0 0]
At 26301/30000: COST 0.585/0.724(0.580) -- Acc 0.640/0.520(0.692)
[1 1 1 0 1 1 0 0 1 1 0 1 1 1 1 0 0 0 1 1 0 0 0 0 1 1 1 1 0 0 1 0 1 0 1 1 1
 0 1 1 0 0 0 1 1 0 1 1 1 0 0 1 1 0 1 1 1 1 1 0 1 1 1 1 0 1 1 1 0 1 0 1 1 0
 1 0 0 1 1 1 1 0 1 1 1 1 1 1 1 1 1 1 1 0 1 1 0 0 0 0]
At 26401/30000: COST 0.643/0.719(0.595) -- Acc 0.640/0.570(0.678)
[1 0 1 0 1 0 1 0 0 0 1 1 1 0 1 0 1 1 1 1 0 1 1 1 1 1 1 1 1 1 1 0 0 1 1 1 1
 0 1 0 0 1 0 0 0 1 1 1 0 1 0 0 1 0 1 1 1 1 0 0 1 1 0 1 0 1 0 1 0 1 0 1 1 0
 1 0 1 1 1 1 1 0 1 1 1 1 1 1 1 1 1 1 0 0 1 1 0 1 1 1]
At 26501/30000: COST 0.581/0.793(0.593) -- Acc 0.700/0.490(0.680)
[1 1 0 1 1 0 1 1 0 0 1 0 1 0 1 1 1 1 1 1 0 1 1 1 1 1 1 1 1 0 1 1 1 1 1 1 1
 0 0 1 0 0 0 0 0 0 0 1 1 1 1 0 1 1 1 1 1 0 1 0 1 0 1 1 1 1 1 1 1 0 1 1 1 1
 1 1 1 1 0 1 0 1 0 1 1 1 1 1 1 0 0 0 0 0 1 1 0 0 1 1]
At 26601/30000: COST 0.652/0.702(0.596) -- Acc 0.620/0.510(0.674)
[0 0 1 0 1 1 0 1 1 1 1 1 1 1 0 1 1 1 0 1 1 1 1 0 1 1 1 1 0 1 1 0 1 1 1 1 1
 0 1 1 1 1 0 1 0 1 1 1 0 1 0 1 1 0 0 1 1 1 1 0 0 1 1 1 1 0 1 0 1 1 1 1 1 1
 0 1 1 1 1 1 0 1 1 1 1 1 1 0 0 1 0 1 1 1 1 1 1 0 1 0]
At 26701/30000: COST 0.633/0.752(0.616) -- Acc 0.640/0.480(0.658)
[1 1 0 0 1 1 1 1 1 1 0 1 0 0 0 1 0 0 1 0 1 1 1 0 0 1 0 1 0 0 1 1 1 1 0 1 1
 1 1 1 0 1 0 1 0 0 1 0 1 0 1 0 1 1 0 0 1 1 1 0 1 1 1 0 0 0 0 1 1 0 1 0 0 1
 1 1 1 1 1 0 1 0 1 1 1 0 1 1 1 1 1 0 1 1 1 0 0 1 0 1]
At 26801/30000: COST 0.649/0.720(0.639) -- Acc 0.640/0.480(0.630)
[1 1 0 0 0 0 0 1 1 0 0 0 0 1 1 1 1 1 0 1 1 0 1 0 0 1 0 1 1 0 1 0 1 1 1 1 0
 0 0 1 0 1 1 0 1 0 1 1 0 0 1 0 0 0 1 1 0 0 0 1 1 0 1 1 0 1 1 1 1 0 1 1 0 0
 1 0 1 1 0 1 1 1 1 0 0 1 1 0 0 0 1 0 1 0 0 1 1 1 1 1]
At 26901/30000: COST 0.674/0.745(0.645) -- Acc 0.580/0.440(0.626)
[1 1 0 1 1 1 1 1 1 1 1 0 1 1 0 1 1 1 1 1 0 1 1 1 0 1 0 0 1 1 1 0 1 1 1 0 0
 1 0 0 1 1 0 1 0 0 1 1 0 0 1 0 0 1 1 1 1 1 1 0 0 1 1 1 1 0 1 0 1 0 0 1 1 0
 0 0 0 1 1 1 0 1 1 1 1 1 0 0 1 0 0 0 0 1 1 1 1 0 1 1]
At 27001/30000: COST 0.655/0.710(0.647) -- Acc 0.560/0.460(0.621)
[1 1 1 1 1 1 0 1 0 0 1 1 1 1 1 1 1 0 1 0 1 1 1 1 1 0 0 1 1 1 1 0 1 1 0 1 1
 1 1 1 1 0 1 1 0 1 0 1 1 1 1 1 1 1 1 0 1 0 1 0 1 1 1 1 1 1 1 1 0 1 1 1 1 1
 0 1 1 1 0 1 0 1 0 0 1 0 1 0 1 0 1 1 1 1 0 1 1 1 1 0]
At 27101/30000: COST 0.677/0.682(0.652) -- Acc 0.590/0.530(0.617)
[1 0 0 1 0 0 1 1 0 1 0 1 0 1 1 1 0 0 0 1 1 0 0 1 1 0 0 0 0 1 0 0 0 0 0 0 0
 0 0 0 0 1 0 1 0 0 1 1 0 0 0 1 1 0 0 0 0 1 0 1 1 0 0 1 0 0 1 1 0 0 1 0 0 0
 1 1 0 0 0 0 0 1 0 0 0 1 1 1 0 0 0 0 0 1 0 1 0 1 0 0]
At 27201/30000: COST 0.652/0.702(0.663) -- Acc 0.610/0.530(0.600)
[0 1 1 0 1 1 1 1 1 1 1 1 1 1 0 0 1 1 1 0 0 1 1 0 1 0 0 1 1 1 1 1 1 1 1 1 1
 1 1 1 1 0 0 1 1 0 1 0 1 1 0 1 1 0 1 0 1 0 1 1 1 0 1 1 1 0 1 1 1 1 1 0 0 1
 0 1 1 1 0 1 1 0 0 0 1 1 0 0 1 1 1 1 1 1 1 1 0 0 1 1]
At 27301/30000: COST 0.678/0.690(0.669) -- Acc 0.630/0.550(0.589)
[0 0 1 0 0 1 0 0 1 1 1 1 0 1 0 1 1 1 1 0 1 0 0 0 0 1 0 0 0 0 1 0 1 1 1 0 1
 1 0 1 0 0 0 1 1 1 1 0 0 0 0 1 0 0 0 1 1 0 0 0 1 1 0 1 0 1 0 0 0 1 0 1 1 1
 1 0 0 1 0 1 1 1 1 0 0 0 0 0 0 1 0 1 0 0 1 1 1 1 1 0]
At 27401/30000: COST 0.711/0.704(0.669) -- Acc 0.580/0.470(0.587)
[0 0 1 1 0 1 1 0 1 0 1 0 1 0 1 1 0 1 1 1 0 0 0 0 0 1 1 1 1 1 0 1 1 1 0 0 1
 0 1 1 1 0 0 1 0 1 0 1 1 1 1 1 1 1 1 1 0 1 0 0 1 0 1 0 0 0 1 0 1 0 1 1 1 1
 0 1 1 0 0 0 0 0 1 1 1 1 0 0 1 0 1 0 0 0 1 0 0 0 1 0]
At 27501/30000: COST 0.668/0.753(0.671) -- Acc 0.670/0.450(0.587)
[0 0 1 0 0 0 1 0 1 0 1 0 1 1 1 1 0 1 0 1 1 1 1 1 0 1 1 1 1 0 0 1 1 1 0 0 1
 1 0 0 0 1 1 0 0 1 1 1 1 1 0 1 0 0 1 0 1 1 0 0 0 0 1 1 0 1 1 1 1 0 1 1 0 0
 1 0 1 0 0 0 0 1 1 0 0 1 1 1 0 1 1 0 1 1 1 0 1 1 0 0]
At 27601/30000: COST 0.669/0.754(0.671) -- Acc 0.570/0.430(0.583)
[1 0 1 1 1 1 1 0 1 1 1 1 1 1 0 1 0 1 1 1 0 0 0 0 0 0 1 0 0 0 1 1 0 1 1 0 0
 0 0 1 1 1 0 0 1 1 1 1 1 0 1 0 1 1 1 1 1 0 0 1 0 0 0 0 1 0 1 0 1 1 1 0 1 1
 0 0 1 1 0 1 1 0 1 1 0 0 0 0 1 0 0 1 1 0 1 1 1 1 0 1]
At 27701/30000: COST 0.669/0.712(0.671) -- Acc 0.590/0.520(0.586)
[1 0 0 1 1 1 0 1 0 0 0 0 0 1 1 1 0 0 1 0 0 1 1 1 0 1 1 1 0 1 1 0 0 1 0 1 1
 0 1 0 0 0 1 0 1 1 1 0 1 0 0 0 1 0 0 0 1 0 0 0 1 0 1 1 0 1 1 0 1 0 1 0 0 0
 1 1 0 0 0 1 1 1 1 0 1 1 1 0 1 1 1 1 1 1 1 1 1 0 0 1]
At 27801/30000: COST 0.648/0.709(0.676) -- Acc 0.640/0.470(0.577)
[0 0 0 0 1 1 0 0 0 1 1 0 0 1 1 1 0 1 1 0 1 1 1 1 1 0 1 1 0 0 0 0 1 1 1 1 1
 1 1 1 0 0 1 0 1 0 1 0 1 0 0 1 1 1 1 0 0 0 0 1 0 1 1 1 0 1 0 0 0 1 1 1 0 0
 1 1 1 0 1 1 0 1 0 0 0 0 1 1 1 1 1 1 1 1 0 1 1 1 0 0]
At 27901/30000: COST 0.678/0.678(0.673) -- Acc 0.550/0.560(0.579)
[1 1 1 0 1 1 1 1 1 1 1 1 1 0 0 1 1 1 1 0 0 1 0 1 1 1 1 1 0 1 1 1 1 1 1 0 0
 0 0 1 1 1 0 0 0 1 0 0 0 1 1 0 0 1 1 0 1 0 1 0 1 1 0 1 1 0 1 1 1 1 1 1 1 1
 1 1 0 0 1 0 0 1 1 0 0 0 1 1 1 1 1 0 1 1 0 0 1 1 0 0]
At 28001/30000: COST 0.675/0.741(0.674) -- Acc 0.600/0.430(0.580)
[1 0 0 1 1 1 0 0 1 0 0 1 0 1 0 1 1 0 1 0 1 1 0 1 1 0 1 1 1 1 1 1 1 1 1 1 1
 1 1 1 0 1 0 1 1 0 1 1 0 0 0 1 1 1 0 1 1 1 0 1 1 1 1 1 0 0 1 0 0 1 1 0 1 1
 1 0 0 1 0 1 0 0 0 0 0 1 0 0 0 0 1 1 0 1 1 1 0 1 1 1]
At 28101/30000: COST 0.700/0.717(0.679) -- Acc 0.490/0.460(0.564)
[1 0 0 0 1 0 1 1 1 0 0 1 1 0 0 1 1 1 1 1 0 0 1 0 1 1 1 1 1 0 1 1 1 0 1 0 1
 1 1 1 1 1 1 1 1 0 0 1 1 1 0 0 0 1 1 1 0 0 1 1 1 1 1 1 0 1 1 0 0 0 0 0 0 1
 1 1 0 0 1 0 0 0 0 1 0 0 1 0 0 1 0 0 1 1 1 1 1 1 1 1]
At 28201/30000: COST 0.682/0.699(0.686) -- Acc 0.550/0.470(0.545)
[0 1 0 0 1 1 1 0 1 1 1 1 0 0 0 1 0 0 1 1 0 1 1 1 0 1 1 1 1 1 0 1 1 0 0 1 0
 1 0 1 1 1 1 0 0 0 0 1 1 0 0 1 1 1 1 1 1 1 0 1 0 0 1 1 1 0 0 1 1 0 1 1 1 0
 0 0 1 0 0 1 1 1 1 1 0 0 1 1 0 1 0 0 1 1 0 1 1 0 1 0]
At 28301/30000: COST 0.672/0.685(0.684) -- Acc 0.600/0.520(0.552)
[0 0 0 1 1 0 1 1 0 0 1 1 1 1 0 1 1 1 0 0 1 1 1 1 1 1 1 1 1 1 1 0 1 1 1 1 1
 1 1 1 1 1 1 1 0 0 0 1 1 1 0 1 1 0 1 1 1 1 1 1 1 0 1 1 1 0 1 1 1 1 1 1 1 1
 1 1 1 1 1 1 1 1 1 1 1 1 0 1 1 0 0 1 0 1 0 1 1 1 1 1]
At 28401/30000: COST 0.673/0.686(0.685) -- Acc 0.580/0.510(0.549)
[0 1 1 1 0 1 0 0 1 0 0 0 1 0 0 1 0 0 0 1 1 0 0 1 1 1 0 1 1 0 0 0 1 0 0 1 0
 1 1 0 0 0 0 1 1 0 0 1 1 1 0 1 1 0 1 0 1 1 1 1 0 1 0 1 1 0 1 1 1 1 0 1 0 0
 0 0 1 0 0 1 1 1 1 1 1 1 1 1 0 0 1 1 1 0 1 1 0 0 0 1]
At 28501/30000: COST 0.712/0.714(0.688) -- Acc 0.420/0.370(0.538)
[1 1 1 0 1 0 1 0 0 0 1 1 1 1 0 1 0 1 1 1 1 0 0 1 1 1 0 1 0 1 0 0 1 1 1 1 1
 1 0 0 0 0 0 0 0 1 1 0 0 1 0 1 0 1 1 0 1 1 0 1 0 1 1 0 1 0 0 0 0 1 0 0 1 0
 1 1 0 0 1 1 1 0 0 0 1 1 1 1 0 0 0 0 0 1 0 1 0 0 0 1]
At 28601/30000: COST 0.685/0.690(0.690) -- Acc 0.550/0.520(0.537)
[1 0 1 0 0 0 0 0 1 0 1 0 0 1 1 0 1 0 1 0 0 1 0 0 0 0 1 0 1 0 1 0 0 0 0 1 0
 0 0 0 0 0 0 0 0 0 1 1 1 1 1 0 1 1 1 0 0 0 0 0 0 0 0 0 0 0 0 1 1 0 0 0 0 0
 0 1 1 0 0 0 1 0 1 0 0 1 1 1 0 0 0 1 0 1 1 0 1 0 1 0]
At 28701/30000: COST 0.691/0.700(0.687) -- Acc 0.570/0.520(0.544)
[0 1 1 1 1 1 1 1 0 1 1 0 1 1 0 1 0 1 1 1 0 1 0 1 1 1 0 0 0 0 0 0 1 1 0 1 1
 1 1 1 1 0 1 1 1 1 0 1 1 0 1 1 1 1 0 1 1 1 0 0 0 0 1 0 1 1 1 1 1 1 1 0 1 0
 1 0 0 1 0 0 1 1 1 1 1 0 1 0 1 1 0 1 1 1 1 0 1 0 0 1]
At 28801/30000: COST 0.664/0.718(0.684) -- Acc 0.570/0.420(0.556)
[1 0 0 1 1 1 1 1 0 0 0 1 0 1 1 0 1 0 0 1 1 1 1 1 1 1 1 1 1 1 1 0 0 1 1 1 1
 1 1 1 0 1 0 0 1 1 1 0 1 0 1 1 1 1 1 1 1 1 0 1 1 0 1 0 0 0 1 1 1 1 1 1 1 1
 1 1 1 1 1 1 0 1 1 1 1 0 1 1 1 1 1 1 1 0 1 1 1 0 1 1]
At 28901/30000: COST 0.686/0.703(0.682) -- Acc 0.590/0.560(0.559)
[0 1 1 0 1 1 0 1 0 1 1 0 1 0 1 1 1 1 1 1 1 0 1 0 1 1 1 1 1 0 0 1 1 1 1 1 1
 0 1 0 1 0 1 1 1 1 0 1 1 1 0 1 1 1 0 0 1 1 0 0 1 1 1 1 1 1 0 0 0 0 1 1 1 1
 1 0 1 1 1 0 1 0 1 1 1 0 1 0 0 1 0 1 0 1 0 0 0 0 0 1]
At 29001/30000: COST 0.666/0.694(0.680) -- Acc 0.600/0.590(0.568)
[0 1 0 1 1 1 1 1 1 0 1 1 0 1 1 1 1 1 0 1 1 1 1 0 0 1 1 1 1 0 1 1 1 1 0 1 0
 0 1 1 0 1 1 1 0 1 0 1 0 0 1 1 0 1 1 1 1 0 0 0 1 0 0 1 0 0 0 0 0 1 0 1 1 1
 1 0 1 1 1 0 0 1 0 1 1 1 0 0 1 1 0 0 1 1 1 0 1 0 1 0]
At 29101/30000: COST 0.721/0.739(0.674) -- Acc 0.460/0.500(0.576)
[1 0 0 0 1 0 0 0 1 0 0 0 0 1 0 1 0 0 1 1 1 0 1 1 0 1 1 1 0 1 0 1 0 0 0 1 0
 1 1 1 0 1 0 0 0 0 1 1 0 1 0 1 1 0 0 1 1 0 0 1 0 1 0 1 1 1 1 0 1 0 1 1 0 0
 1 0 1 1 0 0 1 1 0 1 0 0 1 1 1 0 0 1 1 1 0 1 1 0 0 1]
At 29201/30000: COST 0.669/0.699(0.676) -- Acc 0.620/0.520(0.579)
[1 1 1 0 0 1 0 0 1 0 1 0 1 0 0 0 1 1 1 0 1 1 0 0 0 0 1 0 1 0 1 1 0 1 0 0 0
 1 0 1 1 0 1 1 1 1 0 1 1 1 1 0 1 1 1 1 0 0 0 1 1 1 1 1 0 0 1 1 0 0 0 1 0 0
 1 0 1 1 0 1 1 0 0 1 1 0 1 1 1 0 0 1 1 1 1 1 1 0 0 0]
At 29301/30000: COST 0.650/0.729(0.677) -- Acc 0.590/0.490(0.571)
[1 1 1 1 0 0 0 0 0 1 0 0 0 0 0 1 1 1 1 0 1 1 0 1 1 1 0 0 1 1 0 0 0 1 0 0 1
 1 1 0 0 1 0 0 0 1 0 1 1 0 1 0 0 1 1 1 0 1 0 1 0 1 1 0 0 0 1 1 0 1 0 1 0 0
 1 1 1 1 0 0 0 1 0 1 1 0 0 0 0 0 0 0 0 1 1 1 0 1 0 0]
At 29401/30000: COST 0.747/0.736(0.675) -- Acc 0.530/0.400(0.579)
[1 1 0 1 1 0 0 0 1 1 1 0 0 1 1 1 1 0 1 0 0 1 0 1 0 0 0 1 0 1 0 1 0 1 1 1 0
 1 1 1 0 1 1 0 1 1 1 1 0 1 1 0 1 0 1 1 0 0 0 1 1 1 1 1 1 0 0 0 1 1 0 1 1 1
 1 1 0 1 1 1 0 0 1 0 1 1 1 1 1 1 1 0 1 1 0 1 1 0 1 1]
At 29501/30000: COST 0.658/0.709(0.678) -- Acc 0.550/0.570(0.574)
[1 0 1 0 1 1 0 0 1 1 1 1 1 0 1 1 1 1 1 1 1 1 1 0 1 1 0 1 0 0 1 1 1 0 0 0 1
 1 0 0 1 1 1 0 0 1 1 1 1 1 1 1 1 1 1 0 0 1 1 0 0 1 0 1 1 1 1 0 1 1 1 1 0 0
 1 1 0 0 0 0 1 1 1 1 1 1 0 1 0 0 1 0 0 0 0 1 0 0 1 1]
At 29601/30000: COST 0.694/0.719(0.678) -- Acc 0.550/0.480(0.575)
[0 1 0 1 1 1 0 0 1 0 1 1 1 1 0 1 0 1 0 0 1 1 1 1 0 0 1 0 0 1 1 0 1 1 0 1 1
 1 1 1 1 0 1 1 1 1 0 0 1 1 1 0 0 1 1 1 1 1 1 1 1 0 1 1 0 0 1 1 1 1 0 0 1 1
 1 1 0 1 1 1 0 0 1 0 1 0 1 1 1 1 1 1 1 0 0 1 1 0 1 0]
At 29701/30000: COST 0.707/0.733(0.678) -- Acc 0.490/0.470(0.574)
[0 1 0 1 1 1 1 1 1 1 1 1 0 1 1 0 0 1 1 0 1 1 1 1 1 1 0 1 0 0 1 0 1 0 1 1 1
 1 0 1 1 1 1 0 1 1 0 1 1 0 1 1 1 1 1 1 1 1 1 0 1 1 1 1 1 1 1 1 0 1 1 1 0 1
 1 0 1 1 1 0 1 1 1 1 1 1 1 1 1 0 1 1 1 1 1 0 1 0 1 1]
At 29801/30000: COST 0.657/0.719(0.676) -- Acc 0.640/0.520(0.578)
[1 1 1 1 1 1 0 1 1 1 1 0 1 1 1 1 1 1 1 0 1 0 1 0 0 1 1 1 1 0 1 1 1 0 0 1 0
 1 1 1 1 1 1 0 1 1 0 1 1 1 1 0 1 1 1 0 0 1 0 1 1 1 0 0 1 1 1 1 0 0 0 1 1 1
 1 1 1 1 1 1 1 1 1 1 0 1 1 0 1 0 0 1 1 1 1 0 1 0 1 1]
At 29901/30000: COST 0.647/0.709(0.679) -- Acc 0.620/0.540(0.570)
