Train 5911 samples in approximately 507 epochs
Finished computation graph
[1 1 1 1 1 1 1 1 1 1 1 1 1 1 1 1 1 1 1 1 1 1 1 1 1 1 1 1 1 1 1 1 1 1 1 1 1
 1 1 1 1 1 1 1 1 1 1 1 1 1 1 1 1 1 1 1 1 1 1 1 1 1 1 1 1 1 1 1 1 1 1 1 1 1
 1 1 1 1 1 1 1 1 1 1 1 1 1 1 1 1 1 1 1 1 1 1 1 1 1 1]
At     1/30000: COST 0.936/0.731(0.700) -- Acc 0.550/0.490(0.010)
[0 0 0 0 0 0 0 0 0 0 0 0 0 0 0 0 0 0 0 0 0 0 0 0 0 0 0 0 0 0 0 0 0 0 0 0 0
 0 0 0 0 0 0 0 0 0 0 0 0 0 0 0 0 0 0 0 0 0 0 0 0 0 0 0 0 0 0 0 0 0 0 0 0 0
 0 0 0 0 0 0 0 0 0 0 0 0 0 0 0 0 0 0 0 0 0 0 0 0 0 0]
At   101/30000: COST 0.717/0.705(0.715) -- Acc 0.470/0.510(0.322)
[1 1 1 1 1 1 1 1 1 1 1 1 1 1 1 1 1 1 1 1 1 1 1 1 1 1 1 1 1 1 1 1 1 1 1 1 1
 1 1 1 1 1 1 1 1 1 1 1 1 1 1 1 1 1 1 1 1 1 1 1 1 1 1 1 1 1 1 1 1 1 1 1 1 1
 1 1 1 1 1 1 1 1 1 1 1 1 1 1 1 1 1 1 1 1 1 1 1 1 1 1]
At   201/30000: COST 0.718/0.696(0.708) -- Acc 0.360/0.490(0.430)
[0 0 0 0 0 0 0 0 0 0 0 0 0 0 0 0 0 0 0 0 0 0 0 0 0 0 0 0 0 0 0 0 0 0 0 0 0
 0 0 0 0 0 0 0 0 0 0 0 0 0 0 0 0 0 0 0 0 0 0 0 0 0 0 0 0 0 0 0 0 0 0 0 0 0
 0 0 0 0 0 0 0 0 0 0 0 0 0 0 0 0 0 0 0 0 0 0 0 0 0 0]
At   301/30000: COST 0.696/0.696(0.704) -- Acc 0.530/0.510(0.473)
[1 1 1 1 1 1 1 1 1 1 1 1 1 1 1 0 1 1 1 1 1 1 1 1 1 1 1 1 1 1 1 1 1 1 1 1 1
 1 1 1 1 1 1 1 1 1 1 1 1 1 1 1 1 1 1 1 1 1 0 1 1 1 1 1 1 1 1 1 1 1 1 1 1 1
 0 1 1 1 1 1 1 1 1 1 1 1 1 1 1 1 0 1 1 1 1 1 1 1 1 1]
At   401/30000: COST 0.694/0.694(0.702) -- Acc 0.520/0.490(0.489)
[1 1 1 1 1 1 1 1 1 1 1 1 1 1 1 1 1 1 1 1 1 1 1 1 1 1 1 1 1 1 1 1 1 1 1 1 1
 1 1 1 1 1 1 1 1 1 1 1 1 1 1 1 1 1 1 1 1 1 1 1 1 1 1 1 1 1 1 1 1 1 1 1 1 1
 1 1 1 1 1 1 1 1 1 1 1 1 1 1 1 1 1 1 1 1 1 1 1 1 1 1]
At   501/30000: COST 0.714/0.700(0.701) -- Acc 0.510/0.490(0.495)
[1 1 1 1 1 1 1 1 1 1 1 1 1 1 1 1 1 1 1 1 1 1 1 1 1 1 1 1 1 1 1 1 1 1 1 1 1
 1 1 1 1 1 1 1 1 1 1 1 1 1 1 1 1 1 1 1 1 1 1 1 1 1 1 1 1 1 1 1 1 1 1 1 1 1
 1 1 1 1 1 1 1 1 1 1 1 1 1 1 1 1 1 1 1 1 1 1 1 1 1 1]
At   601/30000: COST 0.702/0.695(0.698) -- Acc 0.460/0.490(0.508)
[0 0 0 0 0 0 0 0 0 0 0 0 0 0 0 0 0 0 0 0 0 0 0 0 0 0 0 0 0 0 0 0 0 0 0 0 0
 0 0 0 0 0 0 0 0 0 0 0 0 0 0 0 0 0 0 0 0 0 0 0 0 0 0 0 0 0 0 0 0 0 0 0 0 0
 0 0 0 0 0 0 0 0 0 0 0 0 0 0 0 0 0 0 0 0 0 0 0 0 0 0]
At   701/30000: COST 0.682/0.693(0.698) -- Acc 0.490/0.510(0.502)
[0 1 1 0 1 1 0 0 0 0 0 0 0 0 0 1 0 0 0 0 0 0 0 0 1 0 0 0 1 0 0 0 0 0 0 0 0
 0 1 0 0 1 0 0 0 1 0 0 0 0 0 1 1 1 1 0 0 1 0 0 0 0 0 0 0 0 1 0 0 0 0 0 0 0
 0 1 0 0 0 0 1 0 0 0 0 0 0 0 0 0 0 1 0 0 0 0 0 0 0 0]
At   801/30000: COST 0.680/0.693(0.696) -- Acc 0.590/0.520(0.511)
[0 0 0 0 0 0 0 0 0 0 0 0 0 0 0 0 0 0 0 0 0 0 0 0 0 0 0 0 0 0 0 0 0 0 0 0 0
 0 0 0 0 0 0 0 0 0 0 0 0 0 0 0 0 0 0 0 0 0 0 0 0 0 0 0 0 0 0 0 0 0 0 0 0 0
 0 0 0 0 0 0 0 0 0 0 0 0 0 0 0 0 0 0 0 0 0 0 0 0 0 0]
At   901/30000: COST 0.700/0.696(0.696) -- Acc 0.500/0.510(0.511)
[0 0 0 0 0 0 0 0 0 0 0 0 1 0 0 0 0 0 0 0 0 1 0 1 0 0 0 0 0 0 0 0 0 0 0 0 0
 0 0 0 1 0 0 0 0 0 0 0 1 0 0 0 0 0 0 0 0 0 0 0 0 0 0 0 0 0 0 0 0 0 0 0 0 0
 0 0 0 0 0 0 0 0 0 0 0 0 0 0 0 0 0 0 0 0 0 0 0 0 0 0]
At  1001/30000: COST 0.697/0.692(0.696) -- Acc 0.500/0.540(0.511)
[0 0 0 0 0 0 0 0 0 0 0 0 0 0 0 0 0 0 0 0 0 0 0 0 0 0 0 0 0 0 0 0 0 0 0 0 0
 0 0 0 0 0 0 0 0 0 0 0 0 0 0 0 0 0 0 0 0 0 0 0 0 0 0 0 0 0 0 0 0 0 0 0 0 0
 0 0 0 0 0 0 0 0 0 0 0 0 0 0 0 0 0 0 0 0 0 0 0 0 0 0]
At  1101/30000: COST 0.681/0.694(0.695) -- Acc 0.560/0.510(0.508)
[0 1 1 1 0 1 1 1 1 0 0 1 1 1 0 0 0 1 1 1 0 0 0 0 0 1 0 1 1 0 1 0 0 0 0 0 1
 1 1 0 1 1 0 1 0 0 1 1 1 0 1 1 1 0 1 0 0 0 1 1 0 0 1 1 0 1 1 0 1 1 1 0 0 0
 0 0 0 1 0 0 0 1 1 1 1 0 1 0 1 0 0 0 0 1 0 1 0 0 1 0]
At  1201/30000: COST 0.673/0.681(0.693) -- Acc 0.580/0.560(0.519)
[0 0 0 1 0 0 1 0 0 0 0 0 0 0 0 0 0 0 0 0 0 0 0 0 0 0 0 1 0 0 0 0 0 0 0 0 0
 0 0 0 0 0 1 0 0 0 0 0 0 0 0 0 1 0 0 0 0 0 0 0 0 0 0 0 0 0 0 0 0 0 0 0 0 0
 0 0 0 0 0 0 0 0 0 0 0 0 0 0 0 0 0 0 0 0 0 0 0 0 0 0]
At  1301/30000: COST 0.674/0.688(0.692) -- Acc 0.550/0.520(0.529)
[0 0 0 0 0 0 0 0 0 0 0 0 0 0 0 0 0 0 0 0 0 0 0 0 0 0 0 0 0 0 0 0 0 0 0 0 0
 0 0 0 0 0 0 0 0 0 0 0 0 0 0 0 0 0 0 0 0 0 0 0 0 0 0 0 0 0 0 0 0 0 0 0 0 0
 0 0 0 0 0 0 0 0 0 0 0 0 0 0 0 0 0 0 0 0 0 0 0 0 0 0]
At  1401/30000: COST 0.685/0.696(0.693) -- Acc 0.570/0.510(0.529)
[1 0 0 0 0 0 0 0 0 0 0 0 0 0 0 0 1 0 0 0 0 0 0 0 0 0 0 1 0 0 0 0 0 0 0 0 0
 0 0 1 1 1 1 0 0 0 0 0 0 0 0 0 0 0 0 0 0 0 1 0 0 0 0 0 1 0 1 0 1 0 0 0 1 1
 0 0 0 1 0 0 0 0 0 0 0 0 1 0 0 0 0 0 0 0 1 0 0 0 0 0]
At  1501/30000: COST 0.681/0.690(0.693) -- Acc 0.560/0.550(0.525)
[0 1 0 0 0 0 0 1 1 0 0 0 0 1 0 0 0 0 0 0 0 0 0 0 0 0 0 0 0 0 0 0 0 0 0 0 0
 0 0 0 0 0 0 0 0 0 0 0 0 0 0 0 0 0 1 0 0 0 0 0 0 0 0 0 0 0 0 0 0 0 0 0 0 0
 0 0 0 0 1 0 0 0 0 0 0 0 0 0 0 0 0 0 0 0 0 0 0 0 0 0]
At  1601/30000: COST 0.697/0.695(0.691) -- Acc 0.550/0.530(0.531)
[0 0 0 0 0 0 0 0 0 0 0 0 0 0 0 0 0 0 0 0 0 0 0 0 0 0 0 0 0 0 0 0 0 0 0 0 0
 0 0 0 0 0 0 0 0 0 0 0 0 0 0 0 0 0 0 0 0 1 0 0 0 0 0 0 0 0 0 0 0 0 0 0 0 0
 0 0 0 0 0 0 0 0 0 0 0 0 0 0 1 0 0 0 0 0 0 0 0 0 0 0]
At  1701/30000: COST 0.682/0.694(0.690) -- Acc 0.580/0.510(0.537)
[0 0 0 0 0 0 0 0 0 0 0 0 0 1 0 0 0 0 0 0 0 0 0 0 0 0 0 0 0 0 0 0 0 0 0 0 1
 0 0 0 0 0 0 0 0 1 0 0 0 0 0 0 0 0 0 0 0 0 0 1 0 0 1 0 0 0 0 0 0 0 0 0 0 0
 0 0 0 0 0 0 0 0 0 0 0 0 0 0 1 0 0 0 0 0 0 0 0 0 0 0]
At  1801/30000: COST 0.704/0.691(0.691) -- Acc 0.500/0.530(0.533)
[0 0 0 0 0 0 0 0 0 0 0 0 0 0 0 0 0 0 0 0 0 0 0 0 0 0 0 0 0 0 0 0 0 0 0 0 0
 0 0 0 0 0 0 0 0 0 0 0 0 0 0 0 0 0 0 0 0 0 0 0 0 0 0 0 0 0 0 0 0 0 0 0 0 0
 0 0 0 0 0 0 0 0 0 0 0 0 0 0 0 0 0 0 0 0 0 0 0 0 0 0]
At  1901/30000: COST 0.684/0.695(0.690) -- Acc 0.550/0.510(0.534)
[1 1 0 0 0 0 1 0 1 1 0 0 1 1 1 1 0 1 0 1 1 0 1 1 1 1 1 0 1 0 1 0 0 1 0 0 0
 1 1 0 0 1 0 1 1 0 0 0 1 0 0 0 1 0 0 1 1 1 1 0 0 1 1 0 1 1 0 0 1 0 1 0 0 0
 1 1 0 0 1 0 1 1 0 1 0 0 0 0 1 1 0 1 0 1 0 1 1 0 1 1]
At  2001/30000: COST 0.700/0.706(0.688) -- Acc 0.490/0.440(0.540)
[1 0 1 0 1 0 0 0 1 0 0 1 1 0 0 0 1 0 1 1 0 1 0 0 0 0 1 0 1 1 0 1 1 0 1 1 1
 0 1 1 0 1 0 1 1 0 0 1 0 0 1 0 1 0 1 1 0 1 1 0 1 1 0 0 0 0 1 0 0 1 0 1 0 1
 0 0 1 1 0 0 0 0 0 0 1 1 0 1 0 0 0 0 1 1 0 0 0 1 1 0]
At  2101/30000: COST 0.680/0.687(0.688) -- Acc 0.520/0.580(0.537)
[0 0 1 0 0 0 0 0 0 0 0 0 0 0 0 1 0 0 0 0 0 0 0 0 0 0 0 0 0 0 0 0 1 0 0 1 0
 0 0 0 0 0 0 1 0 0 0 0 0 1 0 0 1 0 0 0 0 0 0 0 0 1 0 0 1 0 1 0 0 0 1 0 0 0
 1 0 0 0 1 0 1 0 0 1 0 0 0 1 0 0 0 0 0 0 0 0 0 0 0 1]
At  2201/30000: COST 0.685/0.680(0.685) -- Acc 0.540/0.460(0.547)
[1 0 0 0 0 1 0 1 0 0 0 0 0 0 0 0 0 0 0 1 0 0 0 0 0 0 0 0 0 0 1 0 0 1 0 1 0
 0 0 1 1 0 0 1 1 0 0 0 0 1 0 0 1 1 0 0 1 1 0 1 0 0 1 1 0 0 1 1 0 1 0 1 0 1
 1 1 0 0 1 0 1 0 0 0 0 0 1 0 0 1 0 0 0 0 0 0 1 0 0 0]
At  2301/30000: COST 0.707/0.677(0.686) -- Acc 0.510/0.520(0.543)
[0 0 0 0 1 0 1 1 1 1 1 0 0 0 0 0 0 0 1 1 1 0 1 0 0 0 0 0 0 0 0 1 0 0 1 0 0
 0 0 1 0 1 1 0 0 0 0 0 0 0 1 0 0 0 0 1 0 1 0 0 0 1 1 0 1 0 0 1 1 0 0 0 0 1
 0 0 0 0 1 1 1 0 0 0 0 0 0 0 0 0 0 0 0 0 1 0 0 1 0 1]
At  2401/30000: COST 0.691/0.695(0.685) -- Acc 0.570/0.450(0.547)
[1 0 1 1 1 1 1 1 0 0 0 1 1 0 0 0 0 1 0 1 0 0 1 1 0 0 1 0 1 1 0 0 1 1 1 1 1
 1 1 0 0 0 1 0 1 1 1 0 1 1 0 0 0 0 0 1 1 1 1 1 0 1 1 0 1 1 0 1 0 0 0 1 1 0
 1 0 1 1 1 1 0 1 0 0 0 0 1 1 1 1 0 0 1 0 0 0 1 0 0 1]
At  2501/30000: COST 0.699/0.678(0.684) -- Acc 0.490/0.570(0.549)
[0 0 0 1 0 0 0 0 0 0 0 0 1 0 0 0 0 0 1 1 0 1 0 0 0 0 0 0 0 0 0 1 0 0 0 0 0
 0 0 0 0 0 0 0 0 0 0 0 0 0 0 1 0 0 0 0 0 0 0 0 0 0 0 0 0 0 0 1 0 0 0 0 0 0
 0 0 0 0 0 0 1 0 0 0 0 0 0 0 0 0 0 0 0 0 0 0 0 0 0 1]
At  2601/30000: COST 0.674/0.682(0.682) -- Acc 0.540/0.510(0.557)
[0 0 0 0 0 0 0 0 0 0 0 0 0 0 0 0 0 0 0 0 0 0 0 0 0 0 0 0 0 0 0 0 0 0 1 0 0
 0 0 0 0 0 0 0 0 0 0 0 0 0 0 0 0 0 0 0 0 0 0 0 0 0 0 0 0 0 0 0 0 0 0 0 0 0
 0 0 0 0 0 0 0 0 0 0 0 0 0 0 0 0 0 0 0 0 0 0 0 0 1 0]
At  2701/30000: COST 0.680/0.681(0.680) -- Acc 0.620/0.530(0.561)
[0 1 0 1 0 1 0 0 0 0 0 1 0 0 0 1 0 0 1 0 0 0 0 0 0 0 1 0 0 0 0 1 1 0 0 0 0
 1 0 0 0 0 0 0 0 1 1 0 0 0 0 0 1 1 0 0 1 0 0 1 0 0 0 0 0 0 0 0 0 0 0 0 0 0
 0 1 0 1 0 0 0 0 0 0 0 0 0 0 0 0 0 0 1 0 0 1 1 0 0 0]
At  2801/30000: COST 0.690/0.688(0.679) -- Acc 0.580/0.480(0.558)
[0 0 0 1 1 0 1 0 0 0 0 0 1 0 1 1 0 0 1 1 1 1 0 0 0 0 0 1 1 1 0 0 0 0 1 0 0
 1 1 0 0 0 1 0 0 1 1 0 0 0 1 0 1 1 0 1 0 0 0 0 0 1 0 0 0 0 0 0 1 1 0 1 1 0
 0 0 0 0 0 0 1 0 0 0 1 0 1 1 0 0 0 0 0 0 0 0 0 0 1 0]
At  2901/30000: COST 0.687/0.689(0.676) -- Acc 0.570/0.640(0.567)
[0 1 0 1 0 0 0 0 1 0 1 0 1 1 1 0 0 1 1 1 0 0 0 0 1 0 0 0 0 1 1 0 1 0 0 1 1
 0 0 0 1 0 1 0 1 0 1 0 0 1 0 0 1 0 1 1 1 0 1 1 0 1 1 0 1 1 1 0 0 0 1 0 0 1
 1 0 1 0 0 1 1 0 0 0 0 1 0 0 1 1 1 0 0 0 1 1 1 0 1 1]
At  3001/30000: COST 0.697/0.671(0.671) -- Acc 0.520/0.620(0.575)
[1 1 1 0 1 0 1 1 1 0 1 0 1 1 1 1 1 1 1 0 1 0 1 1 1 1 0 1 1 0 1 1 0 1 1 1 1
 0 0 1 1 0 1 1 1 1 1 1 1 1 0 1 1 1 0 1 1 0 1 1 1 1 1 1 0 1 1 1 0 1 1 1 1 1
 1 1 1 1 1 1 0 1 1 1 1 1 1 1 0 0 1 1 1 0 1 0 0 1 0 1]
At  3101/30000: COST 0.644/0.681(0.669) -- Acc 0.620/0.610(0.579)
[0 0 0 0 1 0 0 0 0 0 1 1 0 0 0 0 1 1 1 0 0 0 1 0 0 0 1 0 0 0 0 0 0 0 0 0 0
 0 0 0 0 0 0 1 0 0 0 0 0 0 0 0 0 0 0 1 0 0 0 0 0 0 0 0 0 0 0 0 0 0 0 1 0 0
 0 0 1 1 1 0 0 1 0 0 0 0 0 1 0 0 0 1 0 0 0 1 0 0 1 0]
At  3201/30000: COST 0.655/0.687(0.666) -- Acc 0.600/0.540(0.579)
[1 0 0 0 0 0 1 0 1 0 0 0 0 0 0 0 0 0 0 0 0 0 0 1 1 0 0 0 1 0 0 0 0 0 0 1 1
 0 0 0 1 0 1 0 0 1 1 0 0 0 0 1 1 0 0 1 0 1 0 0 1 0 0 0 1 0 0 0 0 1 0 0 0 0
 0 0 0 0 0 1 1 0 0 0 0 1 1 0 0 1 0 0 0 0 1 1 0 0 0 1]
At  3301/30000: COST 0.636/0.671(0.661) -- Acc 0.650/0.500(0.588)
[0 0 0 0 0 0 1 1 0 0 1 0 1 0 1 1 1 0 1 1 1 0 0 0 0 0 1 0 0 1 0 0 0 0 0 0 1
 0 0 1 0 0 1 1 1 1 0 1 1 0 1 0 0 0 0 1 0 0 0 0 0 0 0 1 1 0 0 1 1 0 1 0 0 0
 0 0 1 0 0 0 0 0 0 0 0 0 1 0 0 0 0 0 0 0 0 0 1 1 0 0]
At  3401/30000: COST 0.648/0.685(0.655) -- Acc 0.580/0.500(0.599)
[1 1 0 0 0 0 1 0 0 1 1 0 0 1 1 1 0 0 1 0 0 1 1 1 0 0 1 0 1 1 1 1 1 0 1 0 1
 1 1 0 0 0 0 1 1 1 1 1 1 1 1 1 0 1 1 1 1 0 1 0 1 1 0 1 1 1 1 1 1 1 0 1 0 1
 1 1 1 0 1 1 0 0 1 1 0 0 1 0 0 1 1 0 0 1 0 1 1 0 1 0]
At  3501/30000: COST 0.681/0.668(0.646) -- Acc 0.560/0.520(0.604)
[1 1 1 1 1 0 1 0 1 0 0 0 1 1 0 1 1 1 1 0 0 1 0 1 0 0 0 0 0 0 1 1 0 1 1 0 1
 0 1 1 1 0 1 0 1 1 1 0 1 1 1 1 1 1 1 0 0 1 1 1 1 1 0 1 0 0 0 1 0 0 0 1 1 0
 1 1 1 0 1 0 1 1 1 1 1 1 1 0 1 1 1 1 0 0 1 1 1 1 1 1]
At  3601/30000: COST 0.695/0.683(0.644) -- Acc 0.600/0.490(0.609)
[1 0 0 0 0 0 1 0 0 0 0 0 0 0 0 1 1 0 1 1 0 0 1 0 0 0 0 1 1 1 1 1 0 0 0 0 0
 1 1 1 0 0 0 1 0 1 0 1 0 0 0 0 0 0 0 1 1 0 0 1 1 1 0 1 1 0 0 0 1 0 1 0 0 0
 0 1 1 1 1 1 0 0 0 0 1 0 0 0 1 0 0 0 1 0 1 1 0 1 0 1]
At  3701/30000: COST 0.641/0.680(0.641) -- Acc 0.640/0.560(0.611)
[0 0 0 0 0 0 0 0 0 0 0 0 0 0 0 0 0 0 0 0 0 0 0 0 0 0 0 0 0 0 0 0 0 0 0 0 0
 1 0 0 0 0 0 1 0 0 0 0 1 0 0 0 0 0 0 0 1 0 0 0 0 0 0 0 0 0 0 0 1 0 0 1 1 0
 1 0 0 0 1 0 0 0 0 0 0 0 1 1 0 0 0 0 0 0 0 0 0 1 0 1]
At  3801/30000: COST 0.722/0.679(0.636) -- Acc 0.510/0.540(0.616)
[1 0 0 1 1 0 0 1 1 1 0 0 0 1 0 1 0 0 0 0 0 1 0 1 1 0 1 0 1 1 0 1 0 0 0 1 1
 0 1 0 1 0 0 1 1 1 0 0 1 1 1 1 1 0 1 1 1 0 0 0 0 0 0 0 0 1 1 0 1 1 1 1 1 0
 0 1 1 0 0 0 1 1 0 0 0 1 0 1 1 1 0 1 0 1 0 1 0 1 0 0]
At  3901/30000: COST 0.622/0.692(0.627) -- Acc 0.600/0.560(0.626)
[1 1 1 0 1 1 0 0 0 1 0 0 1 0 0 1 1 0 1 1 1 0 1 1 1 1 1 1 1 1 1 0 0 0 1 1 1
 0 1 0 0 1 0 1 1 1 1 1 1 1 1 1 1 0 1 1 1 1 1 1 1 0 1 1 1 1 1 1 1 1 1 1 1 1
 1 1 1 1 0 0 1 1 0 1 0 1 1 1 0 1 1 1 1 1 1 1 1 1 0 1]
At  4001/30000: COST 0.659/0.689(0.620) -- Acc 0.600/0.560(0.635)
[0 1 0 0 0 0 1 0 0 1 1 0 0 0 0 0 0 0 0 1 0 0 0 1 0 0 0 0 0 0 0 0 0 0 1 0 1
 1 0 0 0 0 1 1 0 0 0 0 0 1 0 1 1 0 0 1 0 0 0 0 1 0 0 0 0 0 0 0 0 0 0 1 0 1
 0 1 1 0 1 0 0 0 1 0 0 0 1 0 0 0 0 0 0 1 0 0 0 0 0 0]
At  4101/30000: COST 0.660/0.687(0.626) -- Acc 0.560/0.550(0.629)
[1 1 1 1 1 0 1 1 1 1 1 1 0 1 0 0 1 0 1 1 0 1 1 1 1 0 1 1 1 1 1 0 1 1 0 1 0
 1 0 1 0 1 1 1 1 0 0 1 1 0 1 0 0 0 0 0 1 1 1 0 1 1 1 1 1 0 0 1 1 1 0 1 1 1
 1 1 0 1 1 1 0 0 1 1 1 0 1 1 1 0 0 0 1 1 1 1 0 0 1 1]
At  4201/30000: COST 0.597/0.681(0.618) -- Acc 0.640/0.580(0.638)
[0 0 1 0 0 0 0 0 1 1 1 1 0 0 0 1 0 0 1 0 0 0 0 0 0 0 0 0 0 0 1 0 0 0 1 0 1
 0 0 0 0 0 1 1 0 0 0 0 0 0 0 0 0 1 0 0 0 0 0 0 0 0 0 1 0 0 0 0 0 0 0 0 1 0
 1 1 0 0 0 0 0 0 0 0 0 0 0 0 0 0 0 0 0 0 0 1 0 1 0 0]
At  4301/30000: COST 0.593/0.732(0.607) -- Acc 0.650/0.480(0.654)
[1 0 1 1 0 1 1 1 0 0 1 0 1 0 1 1 1 0 1 1 0 0 0 1 1 0 1 0 0 0 1 0 0 0 1 0 0
 0 1 0 1 0 1 0 1 1 1 0 0 1 1 1 1 0 0 1 0 1 0 1 0 0 1 0 0 1 1 1 1 0 0 0 1 0
 0 0 0 1 1 0 1 0 0 1 0 1 0 1 0 1 1 1 1 1 1 0 1 0 0 1]
At  4401/30000: COST 0.543/0.747(0.588) -- Acc 0.720/0.480(0.668)
[1 1 1 0 0 0 1 0 0 1 0 1 1 0 0 0 1 0 1 0 1 1 0 1 1 1 0 1 1 0 1 1 1 0 0 1 1
 1 0 1 0 0 1 0 1 1 0 1 1 0 0 0 1 0 1 1 1 0 1 1 1 0 1 1 1 1 1 0 1 1 0 1 1 0
 0 1 0 1 1 1 0 0 0 1 1 0 0 1 0 1 1 1 1 1 1 1 1 1 0 1]
At  4501/30000: COST 0.641/0.682(0.584) -- Acc 0.610/0.620(0.671)
[1 1 1 1 1 1 1 1 0 1 1 0 1 0 1 1 1 1 0 1 1 1 1 0 1 1 1 0 1 1 0 1 1 0 0 1 1
 1 1 1 1 1 1 1 0 1 1 1 1 1 1 1 0 1 1 1 0 1 1 1 1 1 1 0 1 1 1 0 1 1 1 1 1 1
 0 1 1 1 1 1 0 1 1 1 1 0 0 0 1 1 1 1 1 1 1 1 1 1 1 0]
At  4601/30000: COST 0.585/0.696(0.578) -- Acc 0.610/0.530(0.676)
[1 0 0 0 1 1 0 1 0 1 0 1 0 1 0 0 0 1 1 0 0 0 1 1 0 1 0 0 0 0 0 0 1 0 0 1 0
 0 1 0 1 1 0 1 0 1 1 1 0 1 0 1 0 1 0 0 1 1 0 0 0 1 0 0 0 0 1 0 0 0 1 0 0 0
 1 1 1 1 0 1 1 0 0 1 1 0 1 1 1 1 0 1 0 1 0 0 0 0 1 1]
At  4701/30000: COST 0.501/0.707(0.560) -- Acc 0.770/0.520(0.692)
[0 0 1 0 0 1 1 1 0 1 1 1 0 0 0 1 0 1 1 0 1 0 0 0 0 1 0 1 0 0 0 0 1 0 0 0 0
 1 1 0 1 0 1 0 1 1 0 0 1 0 1 1 1 0 1 0 0 0 1 1 1 0 1 1 0 0 0 1 0 0 1 1 1 0
 0 0 0 0 0 0 0 1 0 0 0 0 0 0 1 0 0 1 0 1 1 0 0 0 0 1]
At  4801/30000: COST 0.542/0.709(0.553) -- Acc 0.670/0.510(0.699)
[1 1 1 1 1 0 1 1 1 1 0 1 0 1 1 1 1 1 1 1 1 1 0 1 1 1 1 0 1 0 0 0 0 1 1 1 0
 0 1 1 1 0 1 1 1 1 1 0 1 1 1 1 0 0 1 1 1 1 1 1 1 1 1 1 1 0 1 1 1 1 1 1 0 0
 0 1 1 1 1 1 1 1 1 1 1 1 1 1 0 1 1 1 1 1 1 1 1 1 1 1]
At  4901/30000: COST 0.585/0.726(0.555) -- Acc 0.680/0.490(0.696)
[1 0 0 0 1 1 1 1 1 1 0 0 1 1 0 1 1 0 1 1 0 1 1 1 0 1 0 0 0 1 0 1 0 0 1 1 0
 1 1 1 0 1 0 1 0 0 1 1 1 0 1 1 0 1 1 0 0 1 1 1 0 1 1 0 1 0 0 1 1 1 1 1 1 1
 1 1 0 1 1 1 1 0 0 1 1 1 0 1 0 0 0 0 0 1 1 1 0 1 1 1]
At  5001/30000: COST 0.448/0.696(0.539) -- Acc 0.800/0.590(0.710)
[0 1 0 1 0 0 1 0 1 1 1 1 1 1 0 0 0 1 1 0 1 1 0 0 0 1 0 1 1 0 1 1 1 1 1 1 1
 1 1 1 1 0 0 1 0 1 0 1 0 0 1 0 0 1 0 0 1 1 1 1 0 1 1 1 1 0 0 0 1 0 1 0 1 1
 0 1 1 1 1 0 1 0 0 1 1 0 1 0 1 1 1 1 0 1 0 1 1 1 0 0]
At  5101/30000: COST 0.494/0.744(0.521) -- Acc 0.720/0.570(0.722)
[0 1 1 1 0 0 0 1 1 0 0 0 0 1 1 1 1 1 1 0 0 0 0 1 0 0 1 1 0 0 1 1 1 1 0 1 1
 1 1 0 1 1 0 1 0 1 0 1 0 1 0 1 0 0 1 1 1 1 1 0 1 0 1 1 1 1 1 1 1 1 1 1 1 1
 0 1 1 0 1 0 1 1 1 1 0 0 1 1 1 1 1 0 0 1 1 1 1 1 1 1]
At  5201/30000: COST 0.479/0.679(0.523) -- Acc 0.770/0.550(0.723)
[1 1 0 1 1 0 1 0 1 1 1 1 1 0 0 1 0 0 0 1 1 1 1 1 1 1 1 1 0 1 1 1 1 1 0 1 1
 1 0 0 1 0 0 0 1 1 0 1 1 1 1 0 0 1 1 1 1 1 0 1 0 1 1 1 0 1 1 1 0 1 1 1 1 1
 1 0 1 0 1 1 0 1 1 1 1 1 1 0 1 0 1 1 1 1 1 1 1 1 1 1]
At  5301/30000: COST 0.483/0.722(0.507) -- Acc 0.750/0.480(0.734)
[1 1 1 0 0 0 0 0 1 1 0 1 1 1 1 0 1 0 0 1 1 0 0 0 1 1 1 1 1 1 0 1 1 1 0 1 1
 0 1 1 1 1 0 0 1 1 0 0 1 0 1 1 1 0 0 0 0 0 1 1 1 1 1 1 0 1 0 1 1 1 1 0 1 0
 0 1 1 1 1 1 1 1 1 1 1 1 1 0 1 1 1 0 1 0 1 1 1 1 0 1]
At  5401/30000: COST 0.455/0.722(0.485) -- Acc 0.740/0.550(0.748)
[1 1 0 1 1 1 1 1 1 1 1 0 0 1 1 0 1 1 1 1 0 0 0 1 0 0 1 1 1 1 1 1 1 0 1 0 1
 1 0 1 0 1 1 1 1 1 0 0 1 0 1 1 1 1 1 0 1 1 1 1 1 1 1 0 1 0 1 0 1 1 1 1 1 1
 1 0 1 1 1 1 0 0 0 1 0 0 0 1 1 1 1 0 1 1 1 0 1 0 1 1]
At  5501/30000: COST 0.480/0.726(0.475) -- Acc 0.740/0.550(0.758)
[0 1 1 1 0 1 0 0 1 0 1 0 1 1 0 1 1 1 1 1 1 1 1 1 1 0 0 0 1 0 1 0 1 1 1 1 1
 1 1 0 1 0 1 1 1 1 1 0 0 1 1 1 1 0 0 1 1 0 1 1 1 0 1 0 0 1 0 1 1 0 0 1 0 1
 1 1 1 1 0 0 1 0 1 1 1 1 0 0 1 0 1 0 1 1 1 1 0 1 1 1]
At  5601/30000: COST 0.466/0.739(0.461) -- Acc 0.760/0.530(0.769)
[1 1 1 1 1 1 0 1 1 1 1 0 1 1 1 1 1 1 0 1 0 1 0 1 0 0 1 1 0 1 0 1 0 1 0 1 1
 1 0 0 1 1 1 1 1 1 1 1 1 1 1 1 0 1 1 1 1 1 0 0 1 0 1 1 1 1 1 1 1 1 1 1 1 1
 1 1 1 1 0 1 1 1 1 1 1 0 0 0 1 0 0 1 1 1 1 1 0 1 1 1]
At  5701/30000: COST 0.396/0.733(0.442) -- Acc 0.820/0.530(0.779)
[1 0 1 0 1 1 1 0 0 1 0 0 0 1 1 1 1 1 1 0 1 1 1 1 1 0 1 0 1 0 1 0 0 0 0 1 0
 1 1 0 1 0 0 1 1 0 1 1 0 1 1 1 1 1 1 1 0 0 1 0 0 1 1 1 1 1 1 1 1 0 1 1 1 1
 1 0 1 1 0 1 0 1 0 1 0 0 0 1 0 1 1 1 1 0 0 1 1 0 1 1]
At  5801/30000: COST 0.354/0.786(0.435) -- Acc 0.780/0.480(0.785)
[0 1 0 0 0 0 1 0 0 1 1 0 0 0 0 1 1 0 1 0 0 0 0 1 0 0 0 1 0 0 1 0 1 0 0 0 1
 1 0 0 0 0 0 0 0 0 0 0 1 1 0 1 1 1 1 0 1 1 0 1 0 0 1 0 1 1 0 1 0 1 0 0 1 1
 0 1 1 1 0 0 0 0 0 0 0 1 0 1 0 0 0 1 0 1 0 0 0 1 0 1]
At  5901/30000: COST 0.463/0.850(0.410) -- Acc 0.760/0.490(0.797)
[1 1 1 1 1 1 1 1 1 0 1 0 0 1 1 0 0 0 0 1 1 0 0 1 0 1 1 1 0 0 1 1 1 1 1 1 1
 1 1 0 0 1 0 0 1 1 1 1 0 0 0 1 1 0 1 0 0 1 1 1 0 1 1 0 1 1 1 1 0 1 1 1 1 1
 1 1 1 1 1 0 1 1 1 0 0 1 0 1 0 0 1 1 1 1 1 0 1 1 1 1]
At  6001/30000: COST 0.486/0.793(0.414) -- Acc 0.760/0.510(0.799)
[0 0 1 0 0 0 1 1 0 1 1 1 0 1 0 1 0 0 1 1 1 0 0 1 1 0 1 1 0 1 1 0 1 0 0 1 0
 0 1 1 0 1 0 0 0 1 1 0 1 1 1 1 1 1 0 0 0 0 0 1 1 1 1 0 0 0 0 0 0 0 0 0 1 1
 1 0 0 0 0 1 1 0 0 0 0 1 1 0 1 1 0 1 0 1 1 1 1 0 0 0]
At  6101/30000: COST 0.351/0.819(0.396) -- Acc 0.830/0.490(0.808)
[0 1 0 1 0 1 1 0 0 0 1 1 0 0 0 1 0 1 1 0 1 0 0 0 1 0 1 1 0 1 1 1 0 0 1 0 1
 1 1 0 0 0 0 1 0 1 1 1 0 1 1 1 1 1 1 1 1 1 0 0 1 0 1 0 0 0 1 0 1 1 0 1 1 1
 1 1 1 1 1 1 0 1 1 1 1 1 0 1 1 0 1 1 1 1 1 1 1 0 0 1]
At  6201/30000: COST 0.366/0.792(0.373) -- Acc 0.810/0.550(0.822)
[1 1 0 0 1 1 0 0 1 1 0 1 1 1 1 1 1 0 1 1 1 1 0 1 0 1 0 0 1 1 1 1 1 1 0 0 0
 0 1 0 1 1 1 0 1 1 1 0 1 0 0 1 1 1 0 1 1 1 1 0 0 1 1 1 1 0 0 0 1 1 1 1 0 0
 1 0 1 1 0 1 1 0 1 0 1 0 0 1 0 1 0 1 1 1 1 0 0 1 1 1]
At  6301/30000: COST 0.259/0.732(0.373) -- Acc 0.870/0.480(0.823)
[0 0 0 0 0 0 1 1 1 0 1 0 1 1 1 1 0 1 0 1 1 0 1 0 1 1 0 0 1 1 1 1 0 1 0 0 0
 0 0 1 0 0 1 1 1 1 0 1 1 1 0 1 1 1 0 0 1 0 1 0 0 0 1 1 0 0 0 1 1 1 1 1 1 0
 1 0 0 1 0 1 1 0 0 1 1 0 1 0 0 1 1 1 1 1 1 0 0 0 0 1]
At  6401/30000: COST 0.320/0.738(0.357) -- Acc 0.860/0.530(0.832)
[1 0 0 0 0 0 1 1 0 1 1 0 0 1 1 1 0 0 1 0 1 1 0 1 0 0 1 1 1 1 0 1 1 1 1 1 0
 0 1 0 1 1 1 1 1 0 1 1 1 0 1 1 1 1 1 1 1 1 1 1 0 0 0 1 0 1 1 1 0 1 1 1 1 1
 1 0 1 0 1 0 1 0 1 1 0 0 1 1 0 1 0 1 1 1 0 1 1 1 0 0]
At  6501/30000: COST 0.313/0.804(0.345) -- Acc 0.820/0.530(0.838)
[1 1 1 1 0 0 1 1 0 0 1 1 1 0 0 1 1 0 0 1 0 1 1 1 0 0 1 1 0 1 1 1 0 1 1 1 0
 1 1 1 0 1 1 0 0 1 0 1 1 0 1 1 1 0 1 0 1 0 0 1 0 1 1 0 0 1 1 1 1 1 1 0 1 1
 1 0 0 1 0 0 1 0 1 0 0 0 1 0 1 0 1 1 1 0 1 0 0 1 0 1]
At  6601/30000: COST 0.391/0.855(0.337) -- Acc 0.840/0.500(0.844)
[1 1 1 1 1 0 0 1 1 1 0 0 0 1 1 0 1 0 0 1 1 1 1 0 0 0 0 1 1 1 1 0 0 1 1 1 0
 0 1 1 1 1 1 0 0 1 1 0 1 1 1 1 1 0 0 1 1 0 1 1 0 1 1 1 1 1 1 0 1 1 1 1 0 0
 1 1 0 1 1 1 1 0 1 1 0 1 1 0 0 0 1 1 1 0 1 0 1 0 0 0]
At  6701/30000: COST 0.310/0.845(0.340) -- Acc 0.850/0.460(0.843)
[1 1 1 1 1 1 0 1 1 0 1 1 1 1 0 1 1 0 1 0 0 0 0 1 0 0 1 1 1 0 1 1 1 1 1 1 1
 0 1 1 1 0 0 1 1 1 1 1 1 1 1 1 1 1 1 1 1 1 0 1 0 1 1 1 1 0 0 1 0 0 1 1 0 1
 1 1 1 0 0 1 0 0 0 1 1 1 1 1 0 0 0 0 0 1 1 1 1 1 1 1]
At  6801/30000: COST 0.371/0.818(0.320) -- Acc 0.830/0.540(0.853)
[0 1 0 1 1 0 0 1 0 1 1 1 1 1 1 1 1 1 1 1 0 1 1 1 0 1 0 1 0 1 0 1 0 0 1 1 1
 0 1 1 1 1 1 1 1 1 0 0 0 1 0 0 1 1 1 1 0 0 0 0 1 0 1 1 0 0 1 0 0 1 1 1 1 1
 1 1 1 1 1 1 1 1 0 0 1 0 1 1 1 1 0 1 1 0 0 0 0 0 1 0]
At  6901/30000: COST 0.308/0.859(0.308) -- Acc 0.880/0.580(0.862)
[1 1 0 0 1 1 1 1 0 1 1 0 1 0 1 0 1 0 1 0 1 0 1 0 1 1 1 1 0 1 1 1 0 1 0 1 1
 1 1 0 1 1 0 1 1 1 0 0 1 0 1 0 0 1 1 0 1 1 0 1 1 1 1 1 0 1 0 0 1 1 1 1 0 1
 0 0 1 0 0 1 1 0 0 1 1 1 0 0 1 0 0 0 1 0 1 0 1 0 1 1]
At  7001/30000: COST 0.287/0.865(0.302) -- Acc 0.890/0.510(0.865)
[0 1 1 1 0 1 1 0 0 1 0 0 1 0 0 0 0 1 1 1 1 0 1 0 0 1 0 0 0 1 0 1 1 0 0 1 0
 1 0 0 1 1 0 1 0 0 0 0 0 1 0 1 0 1 1 1 0 1 0 1 0 0 0 0 1 0 1 1 0 1 0 0 0 0
 0 0 0 1 0 1 1 0 0 0 0 0 1 1 0 0 0 1 0 0 1 0 1 1 1 0]
At  7101/30000: COST 0.348/1.053(0.281) -- Acc 0.830/0.490(0.876)
[0 1 0 0 1 0 1 0 1 1 1 0 1 0 0 0 0 0 1 0 1 0 1 0 0 0 1 1 0 0 0 1 1 0 1 1 0
 0 0 0 1 0 0 0 1 0 0 1 0 1 0 1 0 0 0 1 0 1 0 0 1 1 1 1 1 0 1 0 0 0 0 0 0 1
 1 0 0 1 0 0 1 0 0 0 1 1 0 0 1 0 0 0 0 1 0 1 0 0 0 0]
At  7201/30000: COST 0.182/0.928(0.272) -- Acc 0.920/0.510(0.883)
[0 1 0 0 0 1 0 0 1 0 0 0 1 1 1 1 0 0 0 0 1 0 0 1 0 1 1 1 1 1 0 1 0 0 1 1 0
 1 0 0 1 0 1 0 1 1 0 0 1 0 1 0 1 0 0 0 0 1 0 0 0 0 0 0 0 1 0 0 0 0 1 0 1 1
 0 1 1 0 1 1 0 1 0 1 0 1 0 0 1 0 0 1 0 1 1 1 1 1 0 1]
At  7301/30000: COST 0.158/1.038(0.266) -- Acc 0.940/0.500(0.886)
[1 0 1 0 1 1 0 1 1 1 1 1 1 0 1 1 0 0 0 1 1 0 1 1 0 0 0 0 0 1 1 0 0 0 0 1 1
 1 1 1 1 1 1 0 1 0 1 0 1 0 0 1 0 0 1 0 1 1 0 1 1 0 0 0 0 0 0 1 1 1 0 1 0 0
 0 1 0 1 1 1 0 1 0 0 1 1 0 1 1 1 0 1 0 0 0 1 0 1 1 1]
At  7401/30000: COST 0.289/0.890(0.254) -- Acc 0.840/0.470(0.890)
[0 1 0 0 0 0 1 0 1 1 0 0 0 0 1 1 0 0 0 1 1 1 1 1 0 1 0 1 0 1 0 0 0 1 0 0 1
 0 0 0 1 0 0 1 0 1 0 1 1 0 1 1 0 1 0 1 1 1 1 0 0 1 0 1 0 0 0 0 1 1 0 1 0 1
 1 1 1 0 0 0 1 0 1 0 1 0 0 1 0 0 0 0 1 1 1 0 0 1 0 1]
At  7501/30000: COST 0.338/1.041(0.243) -- Acc 0.850/0.510(0.894)
[1 0 1 1 1 1 0 1 0 0 0 0 1 0 1 1 0 1 0 1 0 1 0 1 1 1 0 0 0 0 0 1 0 1 1 0 0
 1 0 1 1 1 1 1 0 1 0 0 1 0 1 0 0 1 1 1 0 0 0 0 0 1 1 1 1 0 0 1 0 1 1 0 1 0
 1 1 0 0 1 1 0 0 0 0 1 1 0 1 0 1 0 0 1 0 0 0 0 0 0 1]
At  7601/30000: COST 0.367/0.998(0.258) -- Acc 0.840/0.550(0.892)
[0 1 0 1 0 0 0 0 0 0 0 1 1 1 0 1 1 1 1 1 0 1 1 0 1 0 0 1 0 0 0 0 0 1 0 0 1
 0 1 0 0 0 1 0 0 1 0 0 1 0 1 1 0 0 1 1 1 0 0 0 0 0 0 1 0 1 1 0 1 1 0 0 1 1
 1 1 0 1 1 0 0 0 1 1 1 0 1 0 1 1 1 1 0 0 1 0 0 0 0 1]
At  7701/30000: COST 0.266/1.055(0.255) -- Acc 0.900/0.490(0.893)
[1 1 1 1 0 0 0 0 1 0 0 1 1 0 1 1 1 1 1 1 0 0 0 0 0 1 1 0 1 0 0 1 0 0 1 0 1
 1 1 1 0 0 1 0 0 0 0 0 0 1 0 0 0 1 0 0 1 0 0 1 1 1 0 0 1 1 0 1 1 0 1 0 1 0
 0 0 1 1 1 0 1 0 1 0 1 1 1 1 0 0 1 1 0 0 0 1 1 0 0 1]
At  7801/30000: COST 0.191/1.104(0.234) -- Acc 0.930/0.460(0.904)
[0 1 1 0 1 1 1 0 1 0 1 0 0 0 1 1 1 0 0 1 1 0 1 0 1 0 1 1 0 1 0 0 1 0 0 0 1
 0 0 0 0 0 1 1 0 0 1 1 0 1 0 0 0 0 1 0 1 0 1 1 1 0 0 0 1 1 0 0 1 0 0 0 1 1
 1 0 0 0 1 1 1 0 1 0 1 0 1 1 0 0 1 0 1 1 1 0 0 0 1 1]
At  7901/30000: COST 0.184/1.039(0.221) -- Acc 0.910/0.470(0.910)
[1 0 1 1 1 1 1 1 0 0 0 1 1 0 1 1 0 0 1 1 0 0 1 0 1 1 1 1 0 1 0 0 0 1 1 1 0
 1 1 0 0 1 1 0 1 0 1 0 0 0 1 1 1 1 1 1 1 1 0 1 0 1 1 1 0 1 0 1 1 1 1 1 1 1
 1 1 1 1 0 1 1 1 1 1 1 0 1 1 1 0 1 1 1 1 0 1 0 1 1 0]
At  8001/30000: COST 0.207/1.094(0.210) -- Acc 0.960/0.510(0.912)
[0 1 1 0 0 1 1 1 1 0 0 0 0 1 0 0 0 0 1 0 0 1 0 0 0 0 0 1 0 1 0 1 1 1 0 1 0
 1 0 0 0 1 0 1 1 0 0 0 1 0 0 0 0 1 1 0 0 0 0 1 0 1 1 0 1 1 1 1 0 1 0 1 0 1
 1 1 0 0 1 0 1 0 1 1 0 0 1 0 1 1 0 1 1 1 0 0 0 0 0 1]
At  8101/30000: COST 0.114/1.187(0.205) -- Acc 0.960/0.460(0.915)
[1 0 1 1 1 1 1 0 0 1 1 0 0 1 1 1 0 0 0 1 0 0 1 0 0 0 0 0 0 1 1 1 1 0 0 0 1
 0 1 0 1 1 1 1 1 0 0 0 1 1 1 1 1 1 1 0 1 1 0 1 0 1 0 0 1 1 0 0 1 0 1 0 1 1
 1 0 1 1 1 1 1 0 0 0 1 1 1 0 0 0 0 0 0 1 0 0 1 0 0 0]
At  8201/30000: COST 0.137/1.152(0.187) -- Acc 0.940/0.550(0.926)
[0 0 0 1 0 1 1 1 1 0 0 1 0 1 1 1 0 0 0 0 0 0 1 1 1 0 1 1 1 0 0 1 0 1 1 0 0
 1 1 0 1 0 0 1 0 0 0 1 1 0 0 0 1 1 0 1 0 0 1 0 0 1 0 1 0 1 1 1 0 1 1 1 1 0
 0 1 1 1 1 0 1 0 0 0 1 1 1 0 1 1 1 1 1 1 1 0 1 0 1 0]
At  8301/30000: COST 0.186/1.335(0.183) -- Acc 0.910/0.430(0.927)
[1 0 1 1 1 0 0 1 1 0 0 0 1 0 0 0 1 1 1 0 0 1 0 0 0 0 0 1 1 0 0 1 0 1 1 0 1
 0 1 0 0 1 0 0 0 1 1 0 0 1 0 0 0 0 1 0 0 0 0 1 0 1 0 1 1 1 0 1 0 1 1 1 1 1
 1 1 0 1 0 1 0 0 1 1 1 1 0 1 1 0 1 1 1 0 1 1 0 1 1 1]
At  8401/30000: COST 0.138/1.320(0.183) -- Acc 0.920/0.430(0.928)
[0 0 1 0 0 1 0 0 1 0 1 0 0 0 0 0 0 1 1 0 0 1 0 1 0 0 0 0 1 0 1 1 0 0 1 0 0
 1 0 0 0 0 1 0 1 1 1 1 0 0 0 1 1 0 1 1 1 0 1 0 1 0 1 0 0 1 0 1 0 1 0 1 0 1
 1 1 1 0 0 0 0 0 1 0 1 1 0 0 0 0 1 0 0 0 0 0 0 0 0 0]
At  8501/30000: COST 0.187/1.365(0.174) -- Acc 0.940/0.490(0.931)
[0 0 1 1 1 1 1 1 1 1 0 1 1 1 1 0 0 0 1 1 0 1 1 0 0 1 0 1 0 1 0 1 1 0 0 1 0
 1 0 0 0 1 0 0 0 1 0 1 0 0 1 1 1 0 0 1 1 0 1 1 1 1 1 0 1 1 0 0 0 0 0 0 1 0
 0 0 1 1 0 1 0 1 1 0 0 1 1 1 1 0 0 0 0 0 0 0 0 1 1 0]
At  8601/30000: COST 0.201/1.318(0.171) -- Acc 0.920/0.490(0.934)
[1 0 0 0 1 1 0 1 0 0 0 0 0 0 0 0 1 1 0 0 0 1 1 1 1 0 0 1 0 0 1 0 1 0 0 1 0
 0 0 1 1 0 1 1 0 0 0 0 0 0 0 1 1 0 0 1 1 0 0 0 0 1 1 1 1 0 0 0 1 1 1 0 0 0
 0 0 1 0 0 1 1 1 1 0 1 0 1 1 1 0 1 0 1 1 1 0 1 0 1 0]
At  8701/30000: COST 0.236/1.609(0.164) -- Acc 0.940/0.430(0.937)
[0 0 1 0 1 1 0 0 0 1 0 0 0 1 0 0 0 0 0 0 0 0 0 1 1 0 1 1 1 0 1 0 0 1 1 0 0
 1 1 0 1 0 0 0 1 1 1 0 1 0 1 0 0 0 0 0 1 0 1 0 0 0 0 1 1 0 1 0 1 0 0 0 1 0
 0 0 0 0 1 0 1 1 1 0 0 1 0 1 1 1 1 1 0 0 0 0 0 0 1 0]
At  8801/30000: COST 0.102/1.598(0.151) -- Acc 0.970/0.440(0.942)
[1 1 0 0 1 0 0 1 1 1 1 1 0 1 0 1 1 0 0 1 0 1 1 1 1 0 0 0 0 1 0 0 0 0 1 0 0
 1 1 0 0 1 0 0 0 1 1 0 0 1 1 1 0 0 0 1 0 0 0 1 0 1 0 0 1 0 0 1 1 1 1 0 1 0
 1 0 0 1 1 1 0 0 0 0 1 0 0 1 0 1 1 1 0 0 1 1 1 1 0 1]
At  8901/30000: COST 0.075/1.506(0.146) -- Acc 0.980/0.500(0.944)
[1 0 0 1 1 0 1 0 0 1 0 0 1 1 1 1 1 1 1 1 1 0 1 1 0 1 0 1 0 0 1 0 1 0 1 0 0
 1 0 1 1 0 1 0 1 0 1 1 1 0 0 1 0 1 0 0 1 0 0 0 1 0 0 0 1 1 1 1 1 1 1 1 0 0
 1 0 0 1 1 0 1 0 0 0 0 0 1 1 1 0 1 1 1 0 0 1 0 0 0 0]
At  9001/30000: COST 0.268/1.590(0.149) -- Acc 0.900/0.490(0.941)
[1 0 1 1 0 1 1 0 1 0 1 0 0 1 0 1 0 1 0 1 0 0 0 1 1 0 0 0 1 1 0 1 0 1 0 0 0
 0 0 0 1 0 1 1 1 0 0 1 0 0 1 0 1 0 0 0 0 0 0 0 1 0 1 1 0 0 1 0 0 0 0 1 0 1
 0 1 0 0 0 1 1 1 0 1 1 1 0 0 0 1 0 0 0 1 1 1 0 0 1 0]
At  9101/30000: COST 0.152/1.933(0.146) -- Acc 0.940/0.450(0.944)
[0 0 1 0 1 1 1 1 1 0 0 0 1 1 0 0 0 0 1 0 1 0 1 1 1 0 0 1 0 1 0 1 1 1 1 0 1
 1 0 1 1 1 0 1 1 1 0 0 1 1 1 1 1 0 0 1 1 0 1 1 1 0 0 1 0 0 0 0 1 0 1 0 1 1
 0 0 0 0 1 0 1 0 1 1 0 1 1 0 0 1 0 1 1 0 0 1 0 0 0 1]
At  9201/30000: COST 0.200/1.784(0.133) -- Acc 0.910/0.420(0.950)
[0 0 1 0 0 1 1 1 1 0 1 1 1 1 1 1 0 1 1 0 0 1 0 0 0 0 1 0 1 1 1 0 1 0 0 0 1
 1 1 0 1 0 1 0 1 1 0 1 1 1 0 0 0 1 1 0 1 1 0 1 0 1 0 1 1 0 0 1 0 1 0 1 1 1
 1 0 0 1 1 1 0 0 0 1 1 1 0 0 1 0 1 1 1 0 1 0 1 1 0 1]
At  9301/30000: COST 0.147/1.561(0.129) -- Acc 0.930/0.500(0.951)
[1 1 1 1 1 0 1 0 1 0 1 0 0 1 0 0 1 1 1 0 1 0 0 1 0 0 1 1 1 1 1 0 0 1 1 1 0
 1 1 1 1 1 1 1 0 1 1 1 1 1 1 1 0 1 1 1 0 1 0 1 0 0 0 1 1 0 0 1 1 1 0 0 1 1
 0 0 1 1 0 1 0 1 1 0 0 0 1 0 1 1 1 0 0 1 0 1 1 1 1 1]
At  9401/30000: COST 0.132/1.660(0.123) -- Acc 0.930/0.460(0.953)
[1 0 0 1 1 1 0 0 1 1 1 1 0 0 1 1 0 0 1 0 1 1 1 0 0 0 1 1 0 1 0 1 1 0 0 0 1
 1 1 0 0 0 0 1 0 1 0 0 0 0 0 1 0 0 1 0 0 0 0 0 0 0 0 1 0 1 1 1 1 1 1 1 1 0
 1 1 0 0 0 0 0 1 1 1 1 0 1 1 0 0 1 1 0 0 1 1 1 0 0 1]
At  9501/30000: COST 0.154/1.509(0.146) -- Acc 0.930/0.420(0.946)
[1 0 1 0 1 1 1 1 1 1 0 1 1 1 0 0 1 1 0 1 0 1 0 0 0 0 0 0 1 0 1 0 1 0 1 0 0
 1 0 0 0 1 1 1 1 1 1 1 1 1 1 0 0 1 1 1 0 0 1 1 1 0 1 1 0 1 1 1 0 1 0 0 1 1
 1 0 1 1 1 0 1 1 0 0 1 1 0 0 0 1 0 0 0 1 1 0 0 1 0 0]
At  9601/30000: COST 0.102/1.600(0.135) -- Acc 0.970/0.450(0.952)
[1 1 0 0 1 1 0 0 0 0 0 1 1 1 0 1 1 1 0 1 1 1 0 1 0 0 0 0 0 1 0 1 1 0 1 1 0
 1 1 0 0 0 0 1 0 1 1 1 0 1 0 0 0 1 0 0 1 1 0 1 0 1 1 1 1 1 0 1 0 1 0 1 0 1
 0 1 0 0 1 1 0 0 1 0 1 1 0 0 0 1 0 1 1 0 0 0 0 1 1 0]
At  9701/30000: COST 0.187/1.468(0.143) -- Acc 0.930/0.510(0.949)
[1 1 1 1 1 0 0 1 1 1 0 1 1 1 0 1 1 1 0 0 0 1 1 0 0 1 0 0 0 0 0 1 1 0 1 0 0
 1 1 1 0 1 0 0 1 1 1 0 1 1 1 0 1 0 0 1 0 1 1 0 1 0 0 0 1 0 1 1 0 1 0 0 1 1
 1 1 0 1 1 0 0 1 0 0 0 0 1 1 1 1 1 1 0 0 1 1 0 1 1 1]
At  9801/30000: COST 0.072/1.710(0.120) -- Acc 0.980/0.500(0.956)
[0 1 0 0 0 0 1 0 0 0 1 0 0 1 1 0 0 1 1 0 0 0 1 1 1 0 1 0 0 0 1 0 0 0 0 0 1
 1 1 1 0 1 1 1 1 1 0 1 1 1 0 0 0 0 1 0 0 0 1 1 0 0 1 1 1 1 1 1 1 0 1 1 0 1
 0 0 0 1 0 0 0 1 1 0 0 1 1 1 0 1 1 1 0 0 1 0 0 1 0 1]
At  9901/30000: COST 0.157/1.925(0.110) -- Acc 0.950/0.480(0.960)
[0 1 1 0 1 0 0 0 1 1 1 1 0 0 1 0 0 1 0 0 0 0 0 0 0 1 0 0 1 0 1 0 1 0 0 1 0
 1 0 0 0 0 1 0 1 1 0 1 1 0 0 1 1 0 1 0 0 1 0 1 1 0 0 0 0 1 1 1 0 0 0 1 0 1
 1 1 0 0 1 1 0 1 1 1 1 0 1 0 0 0 0 1 1 1 1 1 1 1 0 1]
At 10001/30000: COST 0.108/2.007(0.108) -- Acc 0.960/0.510(0.962)
[0 1 0 0 1 1 0 1 1 1 1 1 0 1 0 1 0 1 0 0 1 1 1 1 0 0 1 1 0 1 0 0 0 1 1 1 1
 0 0 0 1 1 1 0 1 1 0 1 1 0 0 0 1 1 0 0 0 1 0 0 1 1 1 0 0 0 0 1 1 1 1 1 1 1
 0 0 0 1 0 0 1 0 1 0 1 0 0 1 1 0 1 1 0 0 0 0 0 1 1 0]
At 10101/30000: COST 0.100/2.045(0.111) -- Acc 0.950/0.450(0.959)
[1 1 1 1 1 1 1 0 0 1 0 0 0 0 1 1 1 0 1 1 0 1 1 1 0 0 1 0 0 0 0 0 1 1 0 1 0
 1 1 1 0 0 0 1 1 0 0 0 0 1 1 0 0 0 0 1 0 0 0 1 0 0 1 1 0 0 1 0 1 0 1 1 0 1
 0 0 0 1 0 1 1 1 1 0 1 0 1 1 1 1 1 0 0 1 1 0 0 1 0 1]
At 10201/30000: COST 0.052/1.682(0.101) -- Acc 0.980/0.500(0.963)
[0 1 1 1 1 1 1 1 1 0 1 0 0 0 1 1 1 0 0 1 0 1 0 1 1 0 1 1 0 1 1 0 1 1 1 0 1
 1 1 1 1 0 0 1 1 1 1 1 1 0 1 0 1 1 1 0 1 0 1 1 0 0 0 0 1 1 0 1 0 0 0 1 1 0
 0 1 0 1 1 1 1 1 1 1 1 0 0 1 1 0 1 0 1 1 0 1 0 1 1 1]
At 10301/30000: COST 0.238/1.542(0.111) -- Acc 0.930/0.490(0.961)
[0 0 1 0 0 0 0 0 0 0 1 0 1 1 1 0 0 0 0 1 1 1 0 0 1 0 1 1 1 0 0 1 1 1 0 1 0
 1 0 1 1 1 1 1 1 1 0 0 1 1 1 0 0 0 1 1 0 0 1 1 1 0 1 1 1 0 1 1 1 0 0 0 1 1
 0 0 0 0 1 1 0 0 1 0 0 0 0 1 1 1 1 0 0 0 1 0 1 1 1 1]
At 10401/30000: COST 0.144/1.698(0.114) -- Acc 0.950/0.470(0.959)
[0 0 0 0 1 1 0 0 0 0 0 1 0 0 0 1 0 0 1 0 0 0 0 1 0 0 0 0 1 1 0 1 1 1 1 0 1
 1 1 1 1 0 1 1 1 1 0 0 1 1 1 1 0 1 1 1 0 0 1 1 0 0 1 0 0 0 1 0 1 1 0 1 0 1
 0 0 0 1 1 0 1 1 0 1 1 1 0 0 1 0 0 0 1 1 1 0 1 1 1 0]
At 10501/30000: COST 0.039/2.100(0.110) -- Acc 0.990/0.450(0.962)
[1 1 1 0 0 1 0 0 1 1 0 0 1 1 0 1 1 0 0 1 1 0 1 1 0 1 0 0 0 1 1 0 1 1 1 1 1
 1 1 0 0 0 0 1 1 1 0 1 1 0 0 1 1 0 0 0 0 1 0 0 0 0 0 0 1 1 0 0 0 1 0 1 1 1
 0 0 0 0 0 1 0 1 1 0 0 1 0 1 1 1 1 1 0 1 0 1 1 1 0 0]
At 10601/30000: COST 0.081/1.759(0.118) -- Acc 0.970/0.480(0.959)
[0 0 0 1 0 0 0 0 1 1 1 1 0 1 0 0 0 0 1 1 1 0 0 1 0 0 0 0 1 0 0 1 1 1 1 0 0
 1 0 0 1 1 0 0 1 0 1 0 1 1 0 1 0 1 0 0 0 0 1 1 1 1 0 1 1 0 0 1 1 0 1 1 0 0
 0 0 1 1 0 0 0 1 1 0 1 1 1 1 1 0 1 1 1 0 1 1 1 1 0 1]
At 10701/30000: COST 0.073/1.862(0.099) -- Acc 0.970/0.520(0.966)
[1 1 1 1 0 1 1 1 1 0 0 0 0 1 0 1 1 0 0 1 1 0 0 0 1 0 0 0 1 1 1 1 0 1 1 1 0
 0 0 0 0 1 1 1 0 1 0 0 0 1 0 0 0 0 0 1 1 0 1 1 1 1 0 1 0 1 0 0 0 1 1 1 1 1
 1 0 0 0 0 1 1 1 0 0 1 1 0 0 0 0 0 1 1 0 1 1 1 0 1 0]
At 10801/30000: COST 0.033/2.492(0.080) -- Acc 1.000/0.460(0.973)
[0 1 1 1 0 0 1 0 0 0 0 0 1 1 0 0 0 1 1 1 1 0 1 1 1 1 0 0 1 0 0 0 0 1 0 0 0
 0 0 1 0 0 0 0 0 0 0 1 1 1 0 1 0 1 1 0 0 0 0 1 1 1 1 0 0 0 1 1 0 0 0 0 0 0
 0 1 0 0 1 1 0 1 0 1 1 0 1 0 0 0 1 1 1 0 1 1 1 1 0 0]
At 10901/30000: COST 0.044/2.162(0.084) -- Acc 0.990/0.460(0.969)
[1 1 1 0 0 1 0 0 1 1 1 1 0 0 1 1 1 1 0 0 0 1 1 0 0 1 0 0 1 1 0 1 1 1 1 0 1
 1 1 0 1 0 1 1 0 1 0 0 0 1 1 1 1 1 0 0 1 1 1 0 0 1 1 1 0 1 0 1 0 0 0 1 1 1
 1 0 1 0 0 0 1 1 0 0 1 0 0 1 0 1 0 1 0 1 1 1 1 1 0 1]
At 11001/30000: COST 0.163/2.112(0.082) -- Acc 0.950/0.470(0.970)
[0 0 1 0 1 0 1 1 0 0 0 1 1 1 0 1 1 1 0 1 1 0 0 0 0 0 1 0 1 1 1 1 1 0 0 0 1
 0 1 1 1 0 0 1 0 1 0 1 1 1 0 0 0 1 0 0 0 1 1 0 1 0 1 0 1 0 0 1 1 0 1 1 0 1
 0 0 1 0 1 0 0 0 1 1 1 0 1 1 1 1 1 0 0 1 0 0 0 1 1 1]
At 11101/30000: COST 0.213/1.841(0.088) -- Acc 0.950/0.450(0.966)
[1 1 0 0 0 1 0 1 0 1 1 0 1 1 0 0 1 1 1 1 0 1 1 0 0 0 0 0 1 0 0 0 0 1 1 1 0
 1 0 1 0 1 0 1 1 0 1 1 0 1 1 0 0 1 0 0 1 0 1 0 1 1 1 1 1 1 1 0 1 0 0 0 0 0
 1 1 1 1 0 1 1 1 1 0 0 0 1 0 1 0 0 1 0 1 0 0 0 1 1 1]
At 11201/30000: COST 0.063/2.213(0.083) -- Acc 0.980/0.440(0.969)
[0 0 0 1 1 0 1 0 1 1 1 0 1 0 0 1 1 0 0 1 0 0 1 1 0 0 0 1 1 1 1 1 1 1 1 1 1
 1 0 0 1 1 0 1 1 1 0 1 0 0 0 0 0 1 0 1 1 0 1 0 1 0 1 1 1 0 1 0 1 0 1 0 1 0
 1 1 0 1 0 1 0 1 0 1 0 1 0 1 0 0 0 1 0 1 1 0 0 0 1 1]
At 11301/30000: COST 0.065/1.767(0.084) -- Acc 0.980/0.490(0.970)
[0 0 0 0 1 0 0 0 0 0 1 1 0 0 1 0 1 1 1 0 1 1 0 1 0 1 0 1 1 1 0 0 0 0 1 1 0
 0 0 0 0 0 1 1 0 0 1 1 1 1 0 0 1 1 0 1 0 0 1 1 0 0 0 1 1 1 1 1 1 1 1 0 1 0
 1 1 1 0 0 1 0 1 0 1 1 0 1 0 0 0 1 1 1 1 1 1 1 0 0 1]
At 11401/30000: COST 0.172/1.643(0.099) -- Acc 0.970/0.510(0.964)
[0 0 0 0 0 0 0 0 0 1 1 0 1 0 0 1 1 0 0 1 1 1 1 1 1 0 1 1 0 1 1 1 1 1 1 1 1
 1 1 1 1 0 0 1 1 0 1 1 1 1 1 0 1 1 1 1 0 0 1 1 1 0 0 1 0 1 1 1 1 0 1 0 1 0
 0 0 0 1 1 1 0 0 1 0 0 0 1 1 1 1 1 1 1 1 1 1 0 0 0 0]
At 11501/30000: COST 0.088/2.132(0.104) -- Acc 0.960/0.430(0.965)
[0 0 0 0 1 0 1 1 0 0 1 0 1 1 1 1 0 0 1 0 0 0 0 1 0 1 0 0 0 1 0 1 0 1 1 0 0
 0 1 0 1 0 0 1 1 1 1 1 1 0 1 0 0 0 1 1 0 1 0 1 0 1 1 1 1 1 0 0 1 1 1 1 0 0
 0 0 1 0 1 1 0 0 1 1 1 0 0 1 1 1 1 0 1 0 0 0 0 0 1 0]
At 11601/30000: COST 0.104/2.076(0.098) -- Acc 0.970/0.460(0.967)
[1 1 1 1 0 0 1 1 1 0 1 1 1 0 0 1 1 0 1 1 1 0 1 0 0 0 0 1 0 0 0 1 0 0 0 0 0
 0 1 0 1 1 1 0 1 1 1 1 1 1 0 0 1 1 1 0 0 1 1 1 1 0 1 1 0 1 1 0 0 0 0 0 0 0
 0 0 0 1 0 0 1 0 1 0 1 0 0 1 1 0 1 1 0 0 0 0 0 1 1 1]
At 11701/30000: COST 0.089/2.002(0.087) -- Acc 0.970/0.470(0.971)
[0 1 1 1 0 1 0 1 1 0 1 1 1 1 0 1 1 1 0 0 0 0 0 0 0 0 0 1 1 0 0 0 1 1 0 0 0
 1 0 1 1 1 0 0 0 1 1 1 0 1 1 0 0 1 1 0 0 1 1 1 1 0 0 0 0 1 1 1 1 1 0 1 0 1
 0 0 1 1 1 0 0 0 1 1 0 1 0 0 1 1 1 1 0 0 0 1 1 1 0 0]
At 11801/30000: COST 0.145/2.059(0.098) -- Acc 0.940/0.430(0.966)
[0 1 0 0 1 0 1 0 0 1 1 1 1 0 0 1 1 1 1 1 0 0 0 1 0 0 0 0 0 1 1 0 0 1 0 1 1
 1 1 1 1 1 0 0 0 1 0 0 0 0 0 0 1 0 0 0 1 0 1 0 0 0 1 0 0 1 1 0 0 1 1 1 1 0
 0 1 1 0 1 1 0 0 0 1 0 0 1 0 1 0 1 1 0 1 0 1 1 1 0 1]
At 11901/30000: COST 0.029/2.217(0.104) -- Acc 0.990/0.470(0.965)
[1 0 1 1 1 0 0 1 1 0 0 0 0 0 0 1 0 0 0 1 1 0 1 1 1 1 1 1 1 0 1 0 1 0 1 0 1
 0 1 0 0 0 0 0 0 0 1 0 1 1 1 1 1 1 0 1 0 0 0 0 0 1 1 0 1 1 0 1 0 1 1 1 1 1
 0 1 1 1 1 1 0 0 1 0 1 0 1 0 0 1 0 0 0 0 0 0 0 1 0 0]
At 12001/30000: COST 0.095/2.247(0.086) -- Acc 0.960/0.420(0.971)
[0 1 1 1 0 1 1 1 1 1 1 1 1 0 0 0 1 1 1 1 1 1 1 1 1 1 0 1 0 1 0 1 1 1 1 1 1
 0 0 1 1 1 1 1 0 1 0 0 0 0 0 0 1 1 0 1 0 1 1 0 0 1 0 1 1 0 1 1 1 1 1 0 0 1
 0 1 0 0 0 1 0 1 0 1 1 0 0 0 0 1 1 1 1 0 1 1 0 0 1 0]
At 12101/30000: COST 0.117/2.593(0.084) -- Acc 0.950/0.420(0.972)
[1 1 0 1 1 0 0 1 0 1 1 0 0 0 0 1 0 1 0 0 0 0 0 0 1 1 1 0 1 0 1 0 1 1 1 0 0
 1 1 0 1 0 1 1 1 0 0 1 1 1 0 1 0 1 1 0 0 1 1 1 0 1 1 1 1 1 0 0 0 1 0 0 0 1
 1 0 1 0 1 0 0 0 0 0 1 0 0 0 0 0 1 1 0 0 1 0 1 1 1 0]
At 12201/30000: COST 0.060/2.214(0.088) -- Acc 0.980/0.500(0.970)
[0 1 1 1 1 1 0 0 1 1 1 1 0 0 0 1 1 1 1 0 1 0 0 0 1 0 0 0 1 1 0 0 0 1 0 0 1
 0 0 1 0 1 1 1 0 1 0 0 1 1 0 1 1 1 1 1 0 1 1 1 0 0 0 1 1 0 1 0 1 1 1 0 1 1
 1 0 1 1 1 1 0 1 0 1 1 1 0 0 1 1 0 1 1 0 1 0 0 1 0 1]
At 12301/30000: COST 0.067/2.526(0.088) -- Acc 0.980/0.390(0.970)
[1 0 1 1 0 0 1 1 1 0 0 0 0 1 1 0 1 0 1 1 0 1 1 1 0 1 1 1 1 0 1 0 0 0 0 0 0
 0 1 1 0 1 1 0 1 0 0 1 0 1 0 1 0 1 1 0 1 0 1 1 1 1 0 1 0 1 1 1 0 0 1 0 0 1
 0 1 1 0 1 1 1 1 0 0 0 1 1 1 0 0 0 1 1 1 0 0 0 1 0 1]
At 12401/30000: COST 0.080/2.504(0.075) -- Acc 0.960/0.470(0.974)
[0 0 0 0 0 0 0 0 0 0 1 1 0 1 1 0 1 0 1 1 0 1 0 1 0 1 1 0 0 0 1 0 0 0 1 1 1
 1 1 1 1 1 1 0 1 1 0 0 0 0 0 1 0 0 0 1 1 0 1 1 1 0 1 0 1 1 1 1 0 0 1 0 0 1
 1 0 1 1 0 0 1 0 1 1 1 1 1 1 1 1 1 1 1 0 1 1 0 0 0 0]
At 12501/30000: COST 0.075/2.521(0.082) -- Acc 0.980/0.440(0.972)
[1 0 1 1 0 1 1 1 1 1 1 1 0 0 0 1 1 1 1 0 1 0 1 0 0 1 1 1 0 1 0 0 1 0 0 0 1
 1 0 0 1 0 0 0 1 1 0 1 0 1 0 1 1 0 0 0 1 0 1 0 0 1 1 1 1 0 0 1 1 0 1 0 1 1
 0 0 1 1 1 1 0 1 0 1 0 1 1 0 1 1 1 0 1 0 1 0 0 1 0 0]
At 12601/30000: COST 0.104/2.167(0.086) -- Acc 0.960/0.480(0.970)
[1 0 1 0 1 0 1 0 0 1 1 0 1 0 0 1 1 1 1 1 1 1 1 0 0 0 0 0 1 1 0 0 1 0 0 0 1
 1 0 0 0 1 1 0 0 0 0 1 1 0 0 1 1 1 0 1 0 1 1 0 0 0 0 0 0 1 0 0 0 1 1 0 1 1
 0 1 1 0 1 1 1 1 1 0 0 0 0 0 0 1 1 0 0 1 1 0 0 1 1 0]
At 12701/30000: COST 0.084/2.348(0.071) -- Acc 0.940/0.450(0.976)
[0 1 0 0 0 0 1 0 0 0 0 0 0 1 0 0 0 0 0 0 1 1 0 1 0 0 0 0 1 0 0 1 1 0 0 1 0
 1 0 0 1 0 0 1 1 0 0 0 1 0 1 1 0 1 1 0 0 1 0 0 1 0 1 1 0 1 1 0 0 1 1 1 1 1
 0 1 1 1 0 1 1 1 1 1 1 0 1 1 0 1 1 1 0 0 1 1 1 0 1 0]
At 12801/30000: COST 0.154/2.555(0.078) -- Acc 0.950/0.450(0.973)
[1 0 0 0 1 0 0 1 1 0 0 1 0 1 1 1 1 1 0 0 0 1 0 1 1 1 0 1 0 1 0 0 0 1 1 0 1
 0 0 1 1 1 0 1 0 1 0 1 1 0 1 0 0 1 1 0 1 1 1 1 0 0 1 1 0 0 0 0 0 0 1 0 0 0
 0 0 1 0 0 0 1 0 1 0 0 1 1 0 0 1 0 1 0 0 1 0 0 0 1 0]
At 12901/30000: COST 0.016/2.406(0.085) -- Acc 1.000/0.420(0.972)
[1 1 0 0 1 1 1 1 0 1 1 1 0 1 1 0 1 1 1 0 1 0 1 1 1 1 0 0 0 0 0 0 1 0 0 1 1
 0 0 0 1 0 1 0 1 0 0 1 1 1 0 1 0 1 1 1 0 1 1 0 0 0 1 0 1 1 0 0 0 0 1 0 0 0
 0 1 1 0 1 1 1 0 1 0 1 0 0 0 1 0 1 0 0 1 1 0 1 1 0 1]
At 13001/30000: COST 0.049/2.714(0.068) -- Acc 0.980/0.430(0.978)
[1 0 0 1 1 0 1 1 1 1 1 1 0 0 1 0 0 1 0 0 0 1 1 1 1 1 0 0 0 1 0 0 1 1 0 1 1
 0 1 0 0 0 1 1 0 0 0 0 1 0 1 1 0 0 0 0 0 0 0 0 1 0 0 0 0 0 1 0 1 0 1 1 1 0
 0 0 0 0 0 1 1 0 1 1 1 1 1 0 1 0 0 0 0 1 1 1 1 0 1 0]
At 13101/30000: COST 0.070/2.464(0.068) -- Acc 0.980/0.390(0.978)
[0 0 1 1 1 1 0 1 0 1 0 1 1 0 1 1 0 0 0 0 0 1 0 0 1 1 1 1 0 1 1 0 0 0 1 1 1
 1 1 0 1 1 1 0 1 0 1 0 1 1 1 1 1 1 0 1 0 1 1 0 1 1 0 0 1 1 1 0 1 1 1 0 0 0
 0 1 0 1 1 1 1 0 1 0 1 0 0 0 0 0 1 0 1 1 1 0 0 0 1 0]
At 13201/30000: COST 0.056/2.566(0.063) -- Acc 0.970/0.410(0.979)
[1 0 0 0 1 0 1 1 0 1 0 1 0 0 1 1 0 1 0 1 0 1 1 1 0 0 1 1 0 0 1 1 0 1 1 0 1
 0 0 0 0 0 0 1 1 1 0 1 0 0 0 0 0 0 1 0 0 1 1 0 1 0 1 1 1 1 0 0 1 1 0 1 1 0
 0 1 1 0 1 0 1 1 1 1 0 0 0 1 1 0 1 0 0 0 1 0 0 1 1 1]
At 13301/30000: COST 0.044/2.336(0.061) -- Acc 1.000/0.550(0.980)
[1 1 1 1 0 1 0 0 0 0 0 0 0 0 0 0 1 1 1 0 0 0 1 0 0 1 1 0 1 0 1 1 1 1 1 1 1
 0 1 0 1 0 1 1 1 1 1 0 1 0 0 0 0 0 1 1 0 0 0 0 0 0 0 0 0 1 1 0 0 1 0 0 0 0
 0 1 0 0 1 0 0 0 0 0 1 1 0 0 0 0 0 1 1 0 0 1 0 1 1 1]
At 13401/30000: COST 0.021/2.149(0.073) -- Acc 0.990/0.550(0.975)
[0 0 0 1 0 0 0 0 0 1 0 1 1 1 1 0 0 0 0 1 0 1 1 1 1 1 0 0 1 0 1 1 0 0 0 0 0
 1 0 0 1 1 1 0 1 0 1 1 1 0 0 0 1 1 1 1 1 0 1 0 0 0 1 0 0 0 1 1 1 0 0 1 1 1
 0 0 1 1 0 0 1 0 1 1 1 0 0 0 1 1 0 0 1 1 1 1 0 1 1 1]
At 13501/30000: COST 0.025/2.404(0.064) -- Acc 0.990/0.420(0.979)
[1 1 1 1 1 0 1 1 0 0 0 1 1 0 1 0 0 1 1 0 0 1 0 0 1 1 0 1 0 0 0 0 0 1 1 1 1
 0 1 0 0 0 0 1 0 0 0 1 1 1 1 1 1 0 0 1 0 1 1 1 1 1 1 0 1 1 0 1 1 1 0 1 1 1
 1 0 0 1 0 1 0 0 1 0 0 0 0 1 0 0 1 1 0 0 1 0 0 0 0 0]
At 13601/30000: COST 0.048/2.497(0.057) -- Acc 0.970/0.400(0.981)
[1 1 1 1 0 1 1 0 1 0 0 1 0 0 1 1 1 1 0 0 1 0 0 0 1 1 1 0 1 0 1 1 0 1 0 1 0
 1 1 0 1 1 1 1 1 1 0 0 1 0 1 1 0 1 0 0 0 0 1 0 1 0 0 1 1 0 0 0 1 1 0 0 1 1
 1 0 1 1 1 0 1 1 1 0 1 1 1 0 1 0 1 1 0 0 0 1 0 1 1 1]
At 13701/30000: COST 0.066/2.279(0.057) -- Acc 0.970/0.510(0.981)
[1 1 0 0 0 1 1 0 0 1 0 1 1 0 0 0 1 0 1 1 0 1 1 0 1 0 1 1 0 0 1 0 1 1 1 0 1
 0 0 0 1 0 1 1 1 0 1 1 0 0 0 1 1 1 0 1 0 1 1 0 0 0 1 0 1 1 0 1 0 0 0 1 1 1
 0 0 1 1 0 0 0 0 1 1 0 1 0 1 1 1 1 1 1 1 1 1 1 1 1 0]
At 13801/30000: COST 0.049/2.152(0.066) -- Acc 0.980/0.490(0.979)
[1 0 1 1 0 1 1 1 1 1 1 0 1 0 0 1 1 1 1 0 1 0 1 0 0 1 0 1 0 1 0 1 0 1 0 1 1
 1 1 1 0 0 1 1 0 1 0 0 1 0 1 1 0 0 1 0 1 1 1 1 0 1 0 1 1 1 0 1 0 1 1 0 0 0
 1 1 1 0 0 1 1 0 0 1 1 1 1 0 0 1 0 1 1 1 1 1 0 0 1 0]
At 13901/30000: COST 0.052/2.453(0.065) -- Acc 0.980/0.450(0.978)
[1 1 1 1 0 1 1 0 1 0 0 1 1 1 1 1 1 1 0 0 0 0 0 0 0 0 1 1 1 0 0 1 0 1 0 0 0
 1 0 1 0 1 1 1 0 1 0 0 0 0 0 1 0 0 1 1 1 1 1 0 1 0 1 0 0 0 0 1 0 1 1 1 1 0
 0 0 0 0 1 1 0 0 1 1 0 0 1 1 0 1 0 1 0 0 1 0 1 0 0 1]
At 14001/30000: COST 0.007/2.321(0.064) -- Acc 1.000/0.500(0.979)
[0 0 1 1 1 1 1 1 1 1 0 1 1 0 1 0 1 0 1 0 0 1 1 1 1 0 1 0 0 0 1 0 1 0 1 1 0
 1 1 1 1 1 0 0 1 0 0 1 0 1 0 1 1 1 0 1 0 0 0 1 1 0 0 1 1 0 0 1 0 0 0 1 0 1
 0 0 0 0 0 0 1 0 0 0 1 1 1 1 1 0 1 1 1 1 0 0 1 0 1 0]
At 14101/30000: COST 0.028/1.988(0.069) -- Acc 1.000/0.540(0.976)
[1 1 1 0 0 0 0 0 1 1 0 1 1 0 0 0 1 0 1 1 0 0 1 1 1 1 0 1 1 1 1 1 0 1 0 0 1
 0 1 1 1 0 0 1 0 1 0 1 0 0 1 0 1 0 1 0 1 1 0 0 1 0 0 0 0 0 1 0 1 1 1 1 0 1
 1 0 0 1 0 1 1 1 1 0 0 1 0 1 1 1 0 0 1 1 0 1 0 0 0 0]
At 14201/30000: COST 0.072/2.178(0.074) -- Acc 0.960/0.470(0.974)
[1 0 1 1 1 1 1 0 1 1 1 1 0 0 0 1 1 1 0 0 0 0 1 0 0 0 0 0 1 0 0 1 1 1 1 1 1
 1 1 1 0 0 1 0 1 1 0 0 0 1 0 0 0 0 1 1 0 0 0 1 1 1 0 0 1 1 0 0 0 0 1 1 0 1
 1 1 1 1 1 1 1 1 0 0 0 1 1 0 0 0 0 1 0 1 0 1 1 1 1 0]
At 14301/30000: COST 0.053/2.020(0.072) -- Acc 0.980/0.510(0.975)
[0 0 0 1 0 0 0 0 0 0 0 1 1 1 0 1 1 1 0 0 1 1 1 1 1 0 1 1 1 0 0 0 0 1 0 1 1
 1 1 1 0 1 1 0 1 1 1 1 1 1 1 0 0 1 0 0 0 1 0 0 1 0 0 1 1 0 0 0 0 1 1 0 1 1
 1 1 1 1 1 1 1 1 1 0 0 0 1 1 1 0 1 1 1 1 1 0 1 0 0 1]
At 14401/30000: COST 0.101/2.216(0.074) -- Acc 0.970/0.410(0.975)
[0 1 0 1 1 1 1 0 1 1 0 0 1 1 0 0 0 1 1 1 1 1 0 1 1 1 0 1 1 1 1 1 0 1 1 0 1
 1 1 0 1 1 0 1 1 0 1 0 0 0 0 1 1 0 1 0 0 0 0 1 1 0 0 1 1 1 1 1 1 1 0 0 1 0
 1 0 1 0 0 0 0 1 1 1 1 0 1 0 1 1 1 1 1 1 1 1 1 0 0 0]
At 14501/30000: COST 0.011/2.365(0.060) -- Acc 1.000/0.480(0.981)
[0 1 0 1 0 1 0 0 1 1 1 0 1 0 1 1 0 1 0 0 1 0 0 0 1 0 0 1 0 0 0 0 0 0 0 1 0
 0 1 0 1 0 0 1 0 0 1 1 0 1 0 1 1 1 1 1 1 1 1 0 1 0 0 1 0 0 1 1 1 0 1 1 0 1
 0 1 0 0 0 1 0 1 1 0 1 1 1 0 0 0 1 1 0 1 1 0 0 0 0 1]
At 14601/30000: COST 0.124/2.199(0.058) -- Acc 0.950/0.490(0.980)
[1 1 1 0 0 0 1 0 0 0 0 1 0 0 0 0 0 1 0 1 1 0 0 1 0 0 0 1 0 1 1 0 1 1 1 0 0
 0 0 0 1 0 0 0 1 0 1 0 0 0 1 1 1 0 0 0 0 1 1 1 1 1 1 1 0 1 1 1 1 0 0 1 1 0
 1 0 1 1 0 0 1 0 1 0 1 0 1 0 1 1 0 1 0 0 0 1 1 1 0 0]
At 14701/30000: COST 0.062/2.171(0.072) -- Acc 0.980/0.480(0.976)
[1 1 0 0 1 0 1 1 1 0 0 1 1 1 0 1 1 1 0 1 0 0 1 0 1 0 0 1 1 1 1 1 1 1 0 0 1
 0 0 0 1 0 1 1 0 1 1 1 0 0 0 0 1 0 0 1 0 0 1 1 0 1 0 1 1 0 1 0 1 0 0 0 1 0
 1 0 1 0 1 0 1 0 0 1 1 0 0 1 0 1 1 0 1 0 1 1 1 1 0 0]
At 14801/30000: COST 0.070/2.516(0.066) -- Acc 0.970/0.440(0.978)
[0 0 0 0 1 0 1 0 1 0 1 0 0 1 1 1 0 0 1 1 0 1 1 1 1 0 1 0 1 1 0 1 0 0 1 0 1
 0 0 1 1 1 1 0 0 1 1 0 0 1 0 1 0 0 1 1 1 0 1 0 0 0 0 1 1 1 0 0 1 0 0 0 0 1
 0 0 0 0 1 0 0 1 1 0 1 0 1 0 1 1 0 0 0 1 0 0 0 1 1 1]
At 14901/30000: COST 0.040/2.118(0.064) -- Acc 0.980/0.500(0.979)
[0 1 1 1 0 1 0 1 1 1 0 1 0 0 0 1 0 1 0 1 1 0 0 1 1 1 1 1 1 1 1 0 1 0 1 0 0
 1 1 1 1 1 1 0 0 1 0 0 1 0 1 0 1 0 0 0 1 1 0 0 0 0 1 0 1 0 1 0 1 1 0 0 0 1
 1 0 0 0 0 0 1 0 1 1 1 0 1 1 0 0 1 1 0 1 0 1 1 0 0 1]
At 15001/30000: COST 0.062/2.460(0.055) -- Acc 0.980/0.440(0.983)
[1 1 1 1 0 0 0 0 1 1 1 1 1 1 1 1 0 0 0 1 1 0 0 0 0 0 1 0 1 1 0 0 0 1 1 1 0
 0 1 0 1 0 1 1 1 1 1 1 0 0 0 0 0 1 1 1 0 0 0 0 0 0 0 1 0 0 0 0 0 1 1 1 1 1
 1 0 0 0 0 0 0 0 1 1 0 0 1 0 0 1 0 1 1 0 1 1 1 1 1 1]
At 15101/30000: COST 0.041/2.492(0.052) -- Acc 0.990/0.430(0.984)
[0 1 1 1 0 1 1 1 1 0 0 0 0 1 1 0 0 0 0 1 0 1 0 1 1 0 1 0 1 0 0 1 1 1 1 0 1
 0 0 1 0 1 0 1 1 1 1 1 0 1 1 1 1 0 1 0 1 0 1 0 1 1 1 0 1 1 1 1 0 1 1 1 0 0
 0 0 0 0 0 1 0 1 0 0 1 1 1 1 1 0 1 0 1 1 1 1 0 0 1 1]
At 15201/30000: COST 0.210/2.512(0.061) -- Acc 0.940/0.470(0.980)
[0 1 1 0 1 1 0 1 1 1 0 1 1 1 1 0 1 0 1 0 0 0 1 0 1 1 0 1 1 0 1 1 1 1 1 0 0
 1 0 0 1 1 1 1 1 0 1 0 0 0 0 0 1 1 0 0 0 1 0 0 0 1 1 1 1 1 1 0 0 1 1 1 0 1
 0 1 1 0 0 0 1 1 0 1 1 1 0 1 0 1 1 0 0 1 1 1 1 0 0 1]
At 15301/30000: COST 0.064/2.668(0.057) -- Acc 0.980/0.390(0.982)
[1 0 1 0 0 1 1 0 0 0 1 0 1 1 1 0 1 1 0 0 1 0 1 0 1 1 1 1 0 1 1 0 1 1 0 1 1
 0 1 1 1 1 0 1 0 0 1 1 1 1 0 1 0 1 1 1 1 1 0 1 0 0 0 1 1 1 0 0 1 1 1 0 0 0
 1 0 1 1 1 1 1 1 0 1 1 0 0 1 1 1 0 0 1 1 0 1 1 1 1 0]
At 15401/30000: COST 0.056/2.945(0.049) -- Acc 0.980/0.430(0.984)
[1 0 0 0 1 0 1 1 1 1 0 0 1 0 1 1 1 1 0 1 0 1 0 0 0 1 0 1 1 1 1 0 1 1 0 1 0
 0 1 1 1 0 1 1 1 0 1 1 1 0 0 1 0 0 1 0 1 0 1 1 0 0 1 1 0 1 0 1 1 0 1 1 1 0
 1 1 1 0 1 1 0 1 0 0 0 0 1 1 1 1 0 1 1 0 1 0 1 0 1 1]
At 15501/30000: COST 0.008/2.605(0.045) -- Acc 1.000/0.460(0.986)
[1 1 1 1 1 1 1 0 1 1 0 0 0 1 0 1 1 1 1 0 1 0 1 1 1 0 0 1 1 0 0 0 0 1 1 1 1
 1 0 0 0 0 0 0 1 0 1 0 0 0 0 0 0 0 1 0 0 0 1 1 1 1 0 0 0 1 1 1 1 1 0 1 0 1
 0 0 0 0 0 1 0 0 0 0 1 0 1 0 1 1 1 0 1 0 0 0 1 1 1 1]
At 15601/30000: COST 0.088/2.141(0.063) -- Acc 0.970/0.490(0.980)
[1 1 0 0 0 0 0 1 0 0 1 1 1 0 0 1 1 0 1 1 0 1 1 0 0 1 0 0 1 1 0 0 1 0 0 0 1
 1 1 1 0 0 0 1 1 0 1 0 0 0 0 0 1 1 1 0 1 0 0 1 0 0 0 0 0 0 0 0 1 0 1 1 1 1
 1 1 1 1 1 0 0 1 1 1 0 0 1 1 0 0 0 0 1 0 1 0 0 1 0 0]
At 15701/30000: COST 0.047/2.303(0.059) -- Acc 0.990/0.470(0.980)
[1 1 0 1 0 1 1 0 1 0 1 1 0 0 1 0 1 0 1 1 1 0 1 1 1 0 0 0 1 1 0 1 1 1 0 1 1
 0 1 0 0 0 1 1 1 1 1 0 1 0 1 0 1 1 0 1 1 1 0 0 1 1 1 1 0 0 1 1 1 1 0 1 1 0
 1 1 1 1 1 1 1 0 1 0 1 1 0 1 1 0 1 1 1 0 0 1 0 0 1 1]
At 15801/30000: COST 0.051/1.939(0.080) -- Acc 0.980/0.490(0.973)
[0 0 1 0 1 1 0 1 0 0 1 1 0 0 0 0 1 0 1 1 0 0 0 0 0 1 0 1 1 0 0 0 1 1 1 1 1
 1 1 0 0 1 0 0 0 1 1 1 1 0 1 1 0 0 0 1 1 0 0 1 1 1 1 0 0 0 0 0 1 0 1 0 0 1
 1 1 0 0 0 1 1 0 0 1 1 1 1 1 0 1 0 1 0 1 0 1 1 1 0 0]
At 15901/30000: COST 0.143/2.660(0.070) -- Acc 0.950/0.390(0.977)
[1 1 1 0 0 1 0 1 1 1 0 1 0 0 1 0 1 1 1 0 0 1 1 0 0 1 0 1 1 1 1 1 1 1 1 0 0
 0 1 0 1 1 0 0 1 1 1 1 1 1 1 1 0 1 0 0 1 1 1 1 1 1 0 0 0 0 1 0 0 0 0 1 1 1
 1 0 1 1 0 1 0 0 0 1 0 1 0 1 1 0 0 0 1 0 0 0 0 0 1 1]
At 16001/30000: COST 0.047/2.744(0.053) -- Acc 0.980/0.450(0.983)
[0 1 1 0 1 1 0 1 1 1 0 0 0 0 0 1 1 1 0 1 0 1 1 0 1 1 1 0 1 0 0 1 0 1 1 0 1
 1 1 0 1 0 1 1 0 1 0 1 1 1 0 0 1 0 0 1 0 0 1 1 0 1 0 0 1 1 0 0 0 1 0 0 1 0
 1 0 1 0 1 0 1 1 1 0 1 0 1 1 0 1 1 1 0 0 1 1 1 0 0 0]
At 16101/30000: COST 0.031/2.348(0.053) -- Acc 0.990/0.490(0.982)
[0 0 1 0 1 1 1 0 0 1 0 1 0 0 1 1 0 1 1 0 1 0 0 1 0 1 0 0 1 1 0 0 1 0 0 1 0
 1 1 0 0 1 1 1 0 0 0 0 0 1 0 1 1 0 0 1 0 0 1 1 1 1 1 0 0 1 1 0 0 1 0 0 1 1
 1 0 1 0 0 1 0 0 0 0 1 1 1 0 1 1 0 0 1 0 0 1 0 1 1 0]
At 16201/30000: COST 0.104/2.548(0.054) -- Acc 0.950/0.510(0.981)
[1 0 1 1 1 1 1 0 0 0 1 1 1 1 0 0 0 1 0 1 1 1 0 0 1 1 0 0 1 0 1 1 0 1 1 0 0
 0 1 1 0 0 1 1 0 1 1 1 1 1 1 1 1 0 0 1 1 1 0 1 1 1 1 1 0 0 0 1 1 0 0 0 0 1
 0 0 0 1 0 1 1 0 1 1 0 0 0 1 0 1 0 0 0 0 1 1 1 1 0 1]
At 16301/30000: COST 0.169/2.549(0.069) -- Acc 0.960/0.490(0.977)
[1 1 0 1 1 1 0 0 1 0 0 0 1 1 0 1 0 1 1 1 0 1 1 1 0 1 1 1 1 0 0 0 0 1 1 0 0
 1 0 0 1 0 0 1 0 0 1 1 1 1 0 1 0 1 1 1 1 0 1 0 0 0 1 0 1 1 1 0 1 0 1 1 1 0
 0 1 0 1 0 1 1 0 1 1 1 0 1 1 0 0 0 1 1 0 1 0 0 0 1 1]
At 16401/30000: COST 0.024/2.095(0.079) -- Acc 1.000/0.470(0.973)
[0 1 1 0 0 1 0 0 1 1 0 0 1 1 0 1 0 0 1 1 0 1 1 0 0 1 1 0 1 0 1 1 0 1 0 1 1
 0 0 1 0 1 0 1 1 0 0 1 0 0 0 1 1 1 1 0 1 1 0 0 1 1 0 1 1 1 1 0 1 0 0 1 1 1
 1 0 1 1 0 0 1 1 0 0 1 1 1 0 0 1 0 1 0 0 1 1 1 0 0 0]
At 16501/30000: COST 0.045/2.748(0.067) -- Acc 0.990/0.470(0.977)
[0 1 0 0 0 1 1 1 0 1 1 0 0 0 1 0 1 1 1 0 0 0 1 0 0 1 0 0 1 1 1 1 1 0 1 1 1
 0 0 1 0 1 1 1 1 1 0 1 0 1 0 1 1 1 1 0 0 1 1 1 0 0 0 0 1 0 1 1 1 0 1 1 1 0
 1 1 0 0 1 1 1 1 1 1 1 1 1 1 1 1 1 1 0 0 0 0 0 1 1 1]
At 16601/30000: COST 0.040/2.649(0.058) -- Acc 0.980/0.460(0.981)
[0 0 1 0 1 0 1 0 1 1 1 0 0 0 0 0 1 1 1 1 1 1 1 0 0 1 0 1 0 0 1 1 1 0 1 1 1
 1 1 1 0 1 1 1 0 0 1 1 0 1 0 1 1 1 0 0 0 0 1 1 0 0 0 1 1 1 0 1 1 1 0 0 0 1
 0 1 1 1 1 1 1 0 0 0 1 0 1 0 0 0 1 1 0 1 0 0 1 1 1 1]
At 16701/30000: COST 0.019/2.565(0.051) -- Acc 0.990/0.480(0.984)
[0 1 0 1 1 0 0 0 0 1 0 1 0 1 1 1 0 0 0 1 1 0 0 0 1 1 0 1 0 1 1 1 1 0 1 0 1
 1 0 1 0 0 0 1 1 1 1 0 1 0 0 1 1 1 0 0 0 1 1 1 0 1 1 0 1 1 0 1 0 0 1 0 0 1
 1 1 0 1 0 0 0 1 1 1 1 1 1 1 1 0 0 1 1 1 1 0 1 1 0 1]
At 16801/30000: COST 0.053/2.842(0.062) -- Acc 0.970/0.440(0.980)
[1 1 1 0 1 0 0 1 1 1 0 0 1 1 0 0 1 0 0 1 0 0 0 1 1 0 0 1 1 1 1 0 1 1 1 1 0
 1 1 0 1 1 0 0 1 1 0 1 1 1 0 1 1 0 0 0 1 0 0 1 1 0 0 1 0 0 1 1 1 0 1 0 1 1
 1 0 1 1 0 0 0 0 1 0 0 0 1 1 1 1 1 1 1 1 0 1 1 1 1 1]
At 16901/30000: COST 0.033/2.786(0.058) -- Acc 0.990/0.440(0.981)
[0 1 0 0 1 1 1 1 1 1 0 1 0 1 0 0 1 0 1 1 1 1 0 1 1 1 0 1 0 0 0 0 0 1 1 0 1
 1 0 1 0 0 0 1 1 1 1 0 1 1 0 0 0 0 1 1 1 1 0 0 1 0 1 1 0 1 1 1 1 1 1 1 0 0
 1 0 0 0 1 0 0 0 0 1 0 1 1 0 0 1 1 1 0 1 0 1 1 0 1 1]
At 17001/30000: COST 0.026/2.929(0.051) -- Acc 0.990/0.490(0.984)
[1 1 1 1 0 0 0 1 1 1 1 1 1 1 0 0 1 1 1 0 0 0 0 1 1 0 1 0 0 1 0 1 0 0 1 0 1
 0 0 1 0 0 0 0 1 0 1 1 1 1 0 1 0 1 0 1 1 1 0 1 1 0 0 1 1 1 1 0 0 1 1 0 1 0
 0 0 1 0 1 1 0 1 1 1 0 1 1 1 1 1 0 1 1 1 1 1 1 1 1 0]
At 17101/30000: COST 0.020/2.673(0.057) -- Acc 1.000/0.450(0.983)
[0 1 0 1 0 1 1 1 0 0 0 0 0 0 1 1 0 1 1 1 0 1 1 1 0 1 1 1 0 1 1 1 0 0 0 0 1
 1 0 0 1 0 1 1 1 1 0 0 1 1 0 0 0 0 1 0 1 0 1 0 0 1 0 1 1 1 0 0 0 1 0 0 1 1
 1 1 1 1 0 1 1 0 1 1 0 1 0 0 0 1 0 0 0 0 1 1 0 1 1 0]
At 17201/30000: COST 0.115/2.985(0.059) -- Acc 0.960/0.450(0.980)
[0 1 1 1 0 1 1 1 1 0 0 1 1 0 0 0 0 0 1 0 0 1 1 0 1 0 0 0 0 1 1 1 0 1 0 1 0
 1 1 0 1 1 0 0 0 1 1 1 1 0 1 0 0 1 1 1 0 1 1 1 1 1 0 1 1 1 0 0 0 1 0 1 0 1
 0 0 0 0 0 1 0 1 1 0 1 1 1 0 0 1 0 1 0 0 1 0 0 1 1 1]
At 17301/30000: COST 0.124/2.464(0.060) -- Acc 0.940/0.480(0.980)
[0 0 0 1 1 0 0 1 1 1 0 1 0 1 1 0 1 1 0 1 0 0 1 0 1 1 1 0 0 1 1 1 1 1 0 0 0
 1 0 0 0 1 1 1 1 1 0 0 0 0 0 0 0 1 1 0 1 0 1 1 1 1 0 0 0 1 1 0 1 1 0 0 1 1
 0 1 1 1 1 0 1 0 1 0 1 1 0 0 0 0 0 0 1 0 1 1 1 0 1 0]
At 17401/30000: COST 0.027/2.749(0.062) -- Acc 0.990/0.450(0.980)
[1 1 0 1 1 1 0 1 1 1 0 1 0 1 1 0 1 1 1 1 0 1 0 0 0 0 0 0 1 1 0 1 0 1 0 0 1
 1 0 0 1 1 1 0 1 0 0 0 0 0 0 1 1 0 0 1 0 1 0 1 1 1 0 0 0 1 0 1 0 0 1 1 1 0
 0 1 1 1 0 0 1 1 1 1 1 1 1 1 0 1 1 1 1 1 1 0 0 0 1 1]
At 17501/30000: COST 0.036/3.066(0.056) -- Acc 0.990/0.460(0.982)
[0 0 0 0 0 1 0 0 1 0 1 1 0 0 1 1 1 1 1 1 1 0 1 0 0 1 1 1 1 1 0 1 1 1 0 0 1
 1 1 0 1 0 0 0 0 0 0 1 0 1 0 0 1 1 1 0 1 0 1 1 0 1 1 1 1 0 1 1 0 1 0 1 0 1
 1 0 0 0 0 1 1 0 0 1 0 0 1 1 0 1 0 1 1 0 0 0 1 0 1 1]
At 17601/30000: COST 0.056/2.961(0.042) -- Acc 0.980/0.460(0.987)
[1 1 1 1 0 0 1 0 1 1 1 0 0 1 1 1 1 1 0 1 1 0 0 0 1 1 1 1 0 0 1 1 1 1 0 0 0
 1 1 1 1 0 1 1 1 0 0 1 1 1 1 1 1 1 1 1 0 0 1 1 1 0 0 0 0 1 0 0 0 1 0 1 1 1
 0 0 0 0 1 0 1 1 1 1 1 1 0 1 1 0 0 1 1 0 0 0 0 1 1 0]
At 17701/30000: COST 0.086/2.867(0.057) -- Acc 0.960/0.450(0.981)
[0 1 1 1 1 1 1 0 1 0 1 1 1 1 1 0 0 1 1 1 0 0 0 0 0 1 1 0 0 1 0 0 0 1 1 1 1
 1 1 1 0 1 1 0 0 1 0 0 0 1 1 1 1 1 1 0 1 1 0 0 0 1 1 1 1 1 1 0 0 0 0 1 0 0
 1 0 1 1 1 1 1 1 1 0 0 1 1 0 1 0 0 1 0 0 1 0 0 1 1 1]
At 17801/30000: COST 0.052/3.250(0.052) -- Acc 0.970/0.440(0.983)
[0 1 0 1 0 1 0 0 1 1 0 1 1 1 0 0 1 1 0 1 1 0 1 0 1 1 0 0 1 0 1 0 1 1 1 1 0
 0 1 0 1 1 1 0 0 0 1 1 0 1 1 1 1 1 0 1 0 0 1 1 0 1 1 1 1 1 1 0 0 0 0 0 1 0
 1 0 1 0 1 0 0 1 0 0 0 0 1 1 1 0 0 0 1 0 0 1 0 0 1 0]
At 17901/30000: COST 0.065/2.897(0.049) -- Acc 0.970/0.450(0.984)
[0 1 1 0 1 0 1 1 1 1 0 1 1 1 1 1 0 0 1 0 1 1 0 0 0 1 1 1 0 0 0 0 1 1 0 1 0
 0 0 0 1 1 0 1 0 1 0 1 1 0 0 0 1 1 0 0 0 1 1 1 1 1 0 1 1 0 1 1 1 0 1 0 0 1
 0 1 1 0 1 1 0 1 0 1 0 0 0 0 1 1 0 0 0 1 1 1 0 1 1 0]
At 18001/30000: COST 0.027/2.862(0.048) -- Acc 0.990/0.450(0.984)
[0 1 0 0 0 1 1 0 0 1 0 1 1 0 0 1 1 1 0 0 0 1 0 1 1 1 1 1 0 1 1 1 0 0 0 0 1
 1 0 0 1 0 1 0 1 0 0 1 0 0 1 0 0 0 1 1 1 1 0 1 1 0 1 1 1 0 1 1 0 0 0 1 0 1
 1 0 0 1 0 1 0 0 0 0 1 0 1 1 1 0 0 0 1 0 1 0 0 1 1 1]
At 18101/30000: COST 0.051/2.671(0.066) -- Acc 0.980/0.470(0.979)
[1 1 0 0 0 0 1 0 0 0 1 1 0 1 1 0 0 1 1 1 0 1 1 1 0 0 0 0 1 0 0 1 0 1 0 1 0
 0 1 0 0 1 1 0 0 1 1 0 0 1 0 0 1 1 1 0 0 0 1 1 0 1 0 0 0 1 0 1 0 0 0 1 1 0
 0 1 1 1 0 1 0 1 1 1 1 0 1 0 0 1 1 0 1 0 0 1 1 0 1 1]
At 18201/30000: COST 0.012/2.904(0.053) -- Acc 0.990/0.500(0.982)
[0 1 0 1 0 0 0 0 0 0 0 1 1 1 1 0 1 0 0 1 0 1 0 1 0 0 1 1 1 0 0 1 0 1 1 0 0
 1 0 1 1 1 1 1 1 0 0 0 1 1 1 1 1 0 0 0 0 1 0 1 1 1 0 0 1 0 0 0 1 0 1 0 0 0
 0 0 1 1 1 1 1 1 0 1 0 0 0 0 1 0 0 1 1 0 0 0 0 0 1 1]
At 18301/30000: COST 0.015/2.785(0.039) -- Acc 1.000/0.500(0.987)
[1 0 1 1 1 1 0 1 1 0 1 1 1 1 1 0 1 1 0 0 0 0 0 1 1 1 1 1 0 0 0 0 1 1 1 1 0
 0 1 0 0 0 1 1 1 1 1 0 0 1 0 1 0 0 1 1 0 0 0 0 0 1 0 1 0 0 1 1 0 1 1 0 0 1
 0 1 1 1 0 1 0 0 1 0 1 0 1 1 1 1 1 1 1 0 0 1 1 0 0 1]
At 18401/30000: COST 0.005/2.685(0.036) -- Acc 1.000/0.490(0.988)
[1 0 0 1 1 1 0 1 1 1 1 1 1 0 0 0 0 1 0 1 0 0 1 0 1 1 1 1 1 1 0 1 0 0 0 0 1
 0 0 0 0 1 1 1 0 1 1 0 1 0 1 1 1 1 1 0 0 0 0 1 0 1 0 1 0 1 0 0 0 0 1 1 0 0
 1 1 1 1 0 1 0 1 1 0 0 1 1 0 0 0 1 0 1 0 1 0 1 1 1 0]
At 18501/30000: COST 0.039/2.596(0.045) -- Acc 0.980/0.460(0.985)
[0 0 0 1 0 0 0 0 0 0 0 1 1 1 1 1 1 0 1 1 0 0 0 1 0 0 0 1 1 1 1 0 1 0 1 1 1
 1 1 0 1 0 0 0 0 1 0 1 1 1 1 0 0 1 1 0 0 0 1 1 1 1 1 0 1 1 0 1 1 0 0 1 1 1
 0 1 0 1 0 0 0 0 1 1 0 0 1 0 1 1 0 1 0 1 0 1 0 1 0 1]
At 18601/30000: COST 0.028/2.636(0.041) -- Acc 0.990/0.490(0.987)
[0 1 0 0 0 1 0 0 1 1 0 0 0 0 1 1 1 0 0 1 0 1 1 1 0 0 1 0 1 1 1 1 1 1 0 1 0
 1 1 0 1 0 1 0 0 1 1 0 1 1 1 1 1 0 1 1 1 1 1 1 1 0 1 0 0 1 1 0 0 0 1 0 0 0
 0 1 1 1 0 1 0 1 1 0 0 1 0 1 0 0 1 1 1 1 1 1 1 0 0 0]
At 18701/30000: COST 0.022/2.970(0.040) -- Acc 1.000/0.390(0.988)
[1 0 1 1 1 1 1 0 0 1 1 0 1 0 1 0 1 1 0 1 1 1 0 1 1 1 1 1 0 0 1 1 1 1 1 0 0
 1 1 0 1 0 1 0 0 0 1 1 0 1 0 0 1 0 0 0 0 1 0 0 0 0 1 1 0 0 1 0 1 1 1 1 1 1
 0 1 1 1 0 0 1 0 0 1 1 1 0 1 1 0 0 1 1 1 0 1 0 0 0 0]
At 18801/30000: COST 0.017/3.092(0.046) -- Acc 0.990/0.450(0.985)
[1 1 0 0 0 0 1 1 0 1 1 0 1 1 0 1 1 1 1 1 1 1 1 1 0 1 0 0 1 1 0 0 0 1 1 1 1
 0 1 0 0 1 1 0 1 1 0 0 1 1 1 1 0 1 1 0 1 0 0 1 1 0 0 0 1 1 1 1 0 1 1 0 1 1
 0 1 0 0 0 0 1 1 0 1 1 1 0 1 1 1 1 0 0 0 0 0 0 1 1 1]
At 18901/30000: COST 0.021/2.617(0.049) -- Acc 1.000/0.480(0.984)
[0 1 1 1 0 1 0 1 0 0 1 0 0 0 1 1 1 1 1 1 1 1 1 0 0 0 0 1 0 1 1 0 1 0 1 1 0
 0 0 1 0 1 0 0 1 1 1 0 1 0 1 1 0 0 1 1 0 0 1 1 0 1 0 0 0 1 0 0 0 1 1 1 0 1
 0 0 0 1 1 0 1 1 1 1 0 0 1 1 1 0 0 0 1 1 1 0 0 1 0 0]
At 19001/30000: COST 0.030/2.771(0.051) -- Acc 0.980/0.490(0.985)
[0 0 0 1 0 1 1 0 0 0 0 1 0 0 0 1 1 0 1 0 0 1 0 1 0 0 1 1 1 0 0 1 0 1 0 1 1
 0 0 1 1 0 0 0 0 1 1 1 0 1 1 1 1 0 0 0 0 1 1 0 0 0 1 1 0 1 1 0 0 0 1 0 1 0
 1 0 1 0 0 0 0 1 1 0 1 0 1 1 1 1 1 1 1 1 1 0 0 1 0 1]
At 19101/30000: COST 0.028/2.543(0.056) -- Acc 0.990/0.500(0.982)
[0 0 0 1 1 0 1 1 0 0 0 1 1 0 0 0 1 0 1 0 0 1 1 1 1 1 0 0 0 0 0 1 1 0 1 1 0
 0 0 1 0 0 0 1 0 0 0 0 1 0 1 1 1 0 1 0 1 1 1 1 1 1 1 0 1 1 1 1 1 0 0 1 0 1
 1 1 0 0 0 1 1 0 0 1 0 1 1 0 0 1 1 0 1 1 1 0 0 1 1 1]
At 19201/30000: COST 0.144/2.775(0.047) -- Acc 0.960/0.520(0.986)
[1 1 1 0 1 1 1 0 1 1 1 1 1 1 1 1 0 1 1 1 0 1 0 1 0 0 0 1 1 1 0 0 0 0 0 0 0
 1 0 1 1 0 1 1 1 0 1 1 1 0 1 0 0 1 1 1 1 0 1 0 0 0 0 1 0 0 0 0 1 1 1 1 1 0
 0 1 1 1 1 0 0 0 1 0 0 0 1 1 1 0 0 0 0 1 0 0 1 1 0 1]
At 19301/30000: COST 0.054/2.843(0.055) -- Acc 0.980/0.460(0.981)
[1 1 1 0 0 0 0 0 1 1 0 1 0 0 0 0 1 1 0 1 0 1 0 1 0 0 0 0 0 1 1 1 1 0 0 0 1
 0 0 1 1 0 0 1 0 0 0 1 0 1 0 0 0 0 1 1 1 0 1 1 0 1 0 0 0 0 1 0 0 0 0 1 0 0
 0 0 0 1 0 1 1 0 1 1 0 0 0 0 1 1 1 0 0 1 0 1 0 0 0 1]
At 19401/30000: COST 0.081/2.833(0.058) -- Acc 0.970/0.450(0.981)
[1 1 0 1 0 1 0 0 1 0 1 0 1 0 1 0 0 0 0 0 0 0 0 1 0 1 0 1 0 1 0 0 0 1 0 1 1
 1 1 0 1 1 0 0 1 1 1 1 0 1 1 1 0 0 0 1 0 1 1 0 1 1 1 1 0 0 1 0 0 1 1 1 0 0
 1 0 0 0 1 1 1 0 1 0 0 1 0 1 0 1 1 1 0 0 0 0 0 0 1 0]
At 19501/30000: COST 0.040/2.572(0.053) -- Acc 0.980/0.450(0.983)
[0 0 1 1 1 0 1 1 0 1 1 1 0 0 1 0 0 1 1 1 1 0 0 0 1 0 1 1 1 0 0 1 1 0 1 1 0
 0 0 1 0 1 1 1 1 1 1 1 0 0 1 0 1 1 1 0 0 1 0 0 1 0 1 1 1 0 0 1 1 1 1 0 1 0
 0 0 1 0 0 0 1 0 1 1 0 1 0 1 1 0 1 0 1 1 1 0 0 0 1 1]
At 19601/30000: COST 0.033/2.714(0.043) -- Acc 0.990/0.510(0.987)
[1 1 0 0 0 1 1 1 1 0 0 1 1 0 1 1 1 1 1 1 1 1 0 0 1 0 0 0 0 1 1 1 1 1 0 0 0
 0 1 0 1 1 1 1 0 1 1 0 0 1 1 1 1 0 0 1 0 0 1 1 0 1 1 0 0 1 1 1 1 0 0 0 0 0
 0 0 1 1 1 1 1 0 1 1 1 1 0 0 1 0 0 0 0 0 1 1 1 0 0 0]
At 19701/30000: COST 0.016/2.691(0.042) -- Acc 1.000/0.460(0.988)
[1 0 0 1 1 1 1 1 0 1 1 0 0 0 0 1 1 1 0 1 0 1 0 1 1 0 1 1 1 1 0 0 1 1 1 0 1
 1 0 1 1 1 0 0 1 1 1 1 1 0 0 1 1 1 1 0 0 1 1 1 0 0 1 0 1 1 1 0 0 1 0 1 0 0
 1 0 1 0 0 1 1 0 0 1 1 1 0 1 0 1 1 1 0 1 1 0 0 0 0 1]
At 19801/30000: COST 0.027/2.634(0.038) -- Acc 0.980/0.520(0.989)
[0 0 1 1 0 0 1 0 0 1 1 0 1 0 1 1 1 0 1 1 0 0 0 1 1 1 1 1 1 0 0 1 0 1 0 1 1
 1 1 0 0 1 1 1 0 0 0 1 0 1 1 0 0 1 1 0 1 0 0 0 0 0 0 0 1 1 0 0 1 1 0 1 1 1
 1 1 0 0 1 1 1 1 0 0 0 1 1 1 0 1 0 0 0 0 1 1 1 0 0 1]
At 19901/30000: COST 0.033/2.620(0.058) -- Acc 0.990/0.440(0.982)
[1 1 1 0 0 1 1 0 0 1 1 0 0 0 0 1 0 1 1 1 0 1 0 1 1 0 1 0 1 1 1 1 0 1 0 0 0
 1 0 0 0 1 1 0 0 1 1 0 0 1 1 1 1 1 0 1 1 1 0 0 1 1 1 1 0 0 1 0 0 1 0 0 1 1
 1 0 0 0 1 1 0 0 0 0 0 1 0 0 1 1 1 1 0 1 0 0 0 1 1 1]
At 20001/30000: COST 0.077/2.983(0.052) -- Acc 0.990/0.480(0.985)
[1 1 1 1 0 1 0 1 1 1 1 0 0 0 1 1 1 0 1 1 1 1 0 1 1 1 0 0 0 1 1 1 1 1 1 1 0
 1 0 1 0 1 1 1 1 1 0 0 0 1 1 1 1 1 1 0 1 0 0 0 0 0 0 0 0 1 0 1 0 1 1 1 1 1
 1 0 1 1 0 1 1 1 0 1 0 1 0 1 1 1 1 0 0 1 0 0 1 1 1 1]
At 20101/30000: COST 0.014/3.239(0.043) -- Acc 1.000/0.390(0.987)
[1 1 1 1 1 0 1 1 0 0 1 1 1 0 1 1 1 0 0 1 0 0 0 0 1 1 1 1 0 1 0 0 1 0 0 0 0
 0 1 0 0 1 1 1 1 1 0 1 0 0 1 1 0 0 1 1 0 1 1 0 0 1 0 0 1 0 0 1 1 0 1 1 0 1
 1 0 1 1 1 1 0 0 1 1 1 1 1 0 0 1 0 0 1 0 0 1 0 0 1 1]
At 20201/30000: COST 0.063/2.925(0.043) -- Acc 0.990/0.440(0.987)
[1 1 0 1 1 0 1 1 0 1 0 0 1 1 0 1 1 1 1 0 0 1 0 1 1 0 0 1 1 1 1 1 0 0 1 0 1
 0 0 0 1 1 0 0 0 0 0 1 0 1 1 1 1 1 0 1 1 0 0 0 0 1 0 1 0 1 0 0 0 0 1 1 1 1
 1 0 0 1 0 1 1 0 1 0 1 1 1 1 1 1 1 1 0 1 1 1 1 1 1 0]
At 20301/30000: COST 0.014/2.878(0.045) -- Acc 1.000/0.480(0.986)
[0 0 1 1 1 0 1 0 1 1 0 0 0 0 1 0 1 0 1 0 1 1 1 1 0 0 1 0 1 0 0 1 0 1 1 1 1
 1 1 1 0 1 1 1 1 0 1 0 0 0 1 1 1 1 1 0 1 0 1 1 1 0 1 1 1 1 1 0 1 1 0 0 0 0
 1 1 0 1 1 0 0 1 0 0 0 1 1 0 0 1 0 1 0 1 0 0 0 0 1 0]
At 20401/30000: COST 0.007/3.085(0.039) -- Acc 1.000/0.420(0.987)
[0 1 0 0 1 0 1 0 1 1 0 0 1 0 0 1 0 1 1 0 0 1 1 0 1 1 0 0 0 1 1 0 0 1 0 1 1
 1 1 0 1 0 1 1 1 0 1 0 0 1 0 0 0 0 0 0 0 0 0 0 1 1 1 0 0 1 0 1 1 1 1 0 0 1
 0 1 1 0 1 0 1 0 1 0 0 0 1 0 1 1 0 1 0 1 0 1 0 1 0 1]
At 20501/30000: COST 0.059/2.694(0.040) -- Acc 0.980/0.510(0.987)
[1 1 0 1 1 0 1 0 1 1 0 1 0 0 0 0 0 0 0 0 1 0 1 0 0 1 1 0 1 1 1 0 0 1 1 0 0
 0 1 1 1 1 1 1 1 1 0 1 1 0 1 1 1 1 1 0 0 1 0 1 0 1 1 1 0 0 1 0 1 0 1 0 1 0
 1 1 0 1 1 0 0 0 0 1 1 0 1 0 1 1 0 0 1 1 1 1 0 1 1 0]
At 20601/30000: COST 0.024/2.931(0.042) -- Acc 0.980/0.490(0.987)
[0 0 0 0 1 1 0 0 0 1 1 0 0 0 1 0 1 0 1 1 1 0 0 0 1 1 1 0 1 1 1 1 1 0 1 1 0
 1 0 0 0 0 0 0 0 0 1 0 1 0 1 0 0 1 1 1 1 0 1 1 0 0 0 1 1 1 1 0 1 1 0 1 0 1
 0 0 0 1 0 0 1 0 0 1 1 0 0 0 1 1 0 1 1 0 1 1 1 1 1 1]
At 20701/30000: COST 0.057/2.828(0.043) -- Acc 0.980/0.420(0.986)
[1 0 1 0 0 0 0 0 0 1 1 0 0 0 1 0 1 0 1 0 1 1 1 0 1 1 0 1 1 1 1 1 1 0 1 1 1
 1 0 0 0 1 1 1 1 1 1 0 1 1 0 0 0 0 0 1 0 1 0 1 0 1 1 0 1 1 0 0 1 0 1 1 1 0
 1 1 1 0 0 1 0 1 1 1 0 1 0 1 0 1 0 1 1 1 1 1 1 1 0 1]
At 20801/30000: COST 0.087/2.675(0.048) -- Acc 0.970/0.500(0.985)
[1 0 1 1 0 0 0 0 1 0 1 0 0 0 0 1 0 1 1 1 1 1 1 0 1 1 0 1 0 1 1 1 1 0 1 1 0
 1 0 1 0 0 0 0 1 0 1 0 1 1 1 1 1 0 1 1 0 0 0 0 0 1 0 1 0 0 0 1 0 0 1 0 0 1
 0 1 1 0 0 0 1 1 0 0 1 0 1 0 0 0 0 1 0 0 1 1 0 1 1 1]
At 20901/30000: COST 0.070/2.774(0.045) -- Acc 0.980/0.480(0.986)
[1 1 0 1 1 1 0 1 0 0 1 0 1 0 0 1 0 1 0 0 0 1 1 1 0 0 1 1 1 0 0 0 1 0 0 1 1
 0 1 1 1 1 1 0 1 0 0 0 0 1 0 1 0 0 0 1 0 0 0 1 0 1 1 0 1 1 0 1 1 1 1 1 0 1
 1 0 1 1 0 0 0 1 0 0 1 1 1 0 1 0 1 1 1 1 0 1 1 0 0 0]
At 21001/30000: COST 0.039/2.481(0.053) -- Acc 0.980/0.460(0.984)
[1 0 1 1 0 0 1 0 1 1 0 0 1 1 1 0 0 0 0 0 1 1 0 0 1 0 1 1 1 0 1 1 1 1 1 1 0
 0 0 1 0 1 1 1 0 1 1 1 0 1 0 1 0 1 1 0 0 1 1 0 0 1 0 1 1 0 0 1 1 0 0 0 1 1
 1 1 0 0 1 0 1 0 0 1 0 0 0 0 0 0 0 0 0 0 0 1 1 0 0 1]
At 21101/30000: COST 0.111/2.658(0.056) -- Acc 0.970/0.500(0.982)
[1 1 1 0 1 1 1 0 1 0 1 1 1 0 0 1 1 0 0 1 0 0 0 1 1 0 0 1 0 1 1 0 1 0 0 0 0
 1 0 1 0 1 0 0 1 0 1 1 1 1 1 0 1 1 0 0 1 0 0 0 1 0 1 0 1 0 0 1 1 1 1 1 0 1
 1 0 0 1 0 0 1 0 1 0 1 1 0 1 0 1 1 0 1 1 0 1 0 0 1 1]
At 21201/30000: COST 0.014/2.518(0.051) -- Acc 1.000/0.530(0.984)
[0 0 1 0 1 0 1 0 0 0 0 1 1 1 1 1 1 1 1 0 0 0 1 1 0 1 0 0 0 1 1 0 1 0 1 1 0
 0 0 0 0 0 0 1 1 1 0 0 0 1 1 1 1 0 1 0 1 0 0 1 1 1 0 0 1 1 0 1 1 1 1 0 0 1
 1 0 1 0 0 1 0 0 0 1 1 0 0 1 1 1 0 0 1 1 1 0 1 1 1 1]
At 21301/30000: COST 0.016/2.686(0.035) -- Acc 0.990/0.480(0.989)
[0 1 1 1 0 0 1 1 1 0 0 1 0 0 1 1 1 0 1 1 1 1 1 0 1 0 0 0 1 1 1 0 0 0 1 0 0
 1 1 0 0 0 0 1 0 1 1 0 1 1 0 1 1 0 1 0 1 0 1 1 0 1 1 1 0 1 1 1 0 1 1 1 0 0
 1 1 1 0 0 1 1 0 0 1 1 1 0 1 1 0 0 0 1 1 1 1 1 0 0 1]
At 21401/30000: COST 0.027/2.938(0.046) -- Acc 1.000/0.490(0.986)
[1 0 1 0 0 1 1 1 1 1 1 1 0 0 0 1 1 1 0 1 0 1 1 1 1 0 0 1 1 1 0 0 1 1 1 0 0
 0 1 1 1 1 1 1 0 0 0 0 0 1 1 0 1 1 1 0 1 1 1 0 1 0 0 0 1 0 0 1 1 0 0 1 1 1
 1 1 1 1 0 1 1 1 1 1 1 0 0 1 1 0 1 0 0 0 1 0 0 0 1 0]
At 21501/30000: COST 0.041/2.522(0.045) -- Acc 0.980/0.460(0.986)
[1 1 0 1 1 1 0 0 0 0 0 1 1 0 1 1 1 0 0 1 1 0 1 0 1 0 0 0 1 1 1 1 1 1 0 0 1
 0 1 0 1 1 1 0 0 0 1 1 1 1 0 1 0 0 0 0 1 1 0 0 0 1 0 0 1 0 0 1 1 1 1 0 0 0
 0 1 1 0 1 1 1 1 0 1 1 1 0 0 1 1 0 0 0 0 0 1 1 1 1 0]
At 21601/30000: COST 0.090/2.666(0.050) -- Acc 0.990/0.480(0.984)
[0 0 1 1 0 1 1 1 0 1 0 1 0 1 0 0 0 1 1 1 0 0 1 1 0 1 0 1 0 0 1 1 1 0 1 0 1
 1 1 1 0 1 1 1 1 0 1 1 1 0 1 0 0 1 1 1 1 1 1 1 1 1 1 1 0 0 1 1 1 0 1 1 0 0
 1 1 1 0 1 0 0 1 1 1 1 0 1 1 0 1 1 1 1 1 1 1 1 1 1 0]
At 21701/30000: COST 0.006/2.837(0.043) -- Acc 1.000/0.460(0.986)
[1 1 1 1 0 1 1 1 1 0 1 1 1 1 0 0 1 1 1 1 1 0 0 0 1 0 1 0 0 0 1 0 0 1 1 0 1
 0 1 1 0 1 0 1 1 0 0 0 0 1 1 1 0 1 1 1 0 0 1 1 0 1 0 0 0 1 1 1 1 1 1 1 0 1
 0 0 0 0 1 0 0 0 0 0 1 1 1 1 1 1 1 1 0 1 0 1 0 0 1 1]
At 21801/30000: COST 0.030/2.662(0.048) -- Acc 0.980/0.490(0.985)
[0 0 1 1 1 1 1 1 0 1 0 0 1 0 0 0 0 0 0 0 0 1 0 1 0 0 0 0 1 0 1 1 1 0 1 0 0
 0 1 0 1 0 0 1 0 0 0 1 1 1 0 0 1 0 0 0 1 1 1 0 1 0 0 0 0 1 0 1 1 1 1 0 0 1
 0 1 1 1 1 0 1 1 1 0 1 1 0 1 1 1 0 0 0 0 1 0 0 0 0 1]
At 21901/30000: COST 0.019/2.529(0.045) -- Acc 0.990/0.490(0.986)
[1 1 0 1 0 0 0 0 0 1 0 0 0 1 0 1 1 1 1 0 0 1 0 0 1 1 1 0 0 1 0 0 0 1 1 0 0
 0 0 1 0 1 0 0 1 0 0 0 0 1 1 0 0 0 0 1 0 1 1 1 1 1 1 0 1 0 0 0 0 1 1 1 0 1
 0 1 1 0 1 1 1 0 0 1 0 0 0 1 0 0 0 0 0 1 0 1 0 0 1 0]
At 22001/30000: COST 0.014/2.672(0.046) -- Acc 1.000/0.480(0.986)
[1 0 1 1 1 0 1 1 1 1 1 0 0 0 0 1 0 1 1 0 0 0 0 1 1 0 1 1 0 1 0 1 1 1 0 1 0
 1 1 1 0 0 0 1 0 1 0 1 0 0 1 0 0 1 0 1 1 1 1 1 0 1 0 1 0 1 1 0 0 1 0 0 1 1
 1 0 1 1 0 0 1 0 1 0 0 1 0 0 0 0 0 1 1 0 0 0 1 0 0 0]
At 22101/30000: COST 0.030/2.885(0.032) -- Acc 0.990/0.470(0.990)
[1 0 1 0 1 0 0 0 0 1 1 1 0 0 1 0 1 1 0 1 0 1 0 0 1 0 1 0 1 0 0 0 0 0 1 0 1
 1 0 1 1 1 1 0 0 1 1 0 0 0 0 0 1 1 0 0 0 1 1 1 0 0 0 1 0 0 0 1 1 0 1 1 1 1
 1 0 0 1 1 0 0 1 1 0 1 0 0 0 1 1 1 1 0 1 1 1 0 0 0 1]
At 22201/30000: COST 0.009/3.116(0.027) -- Acc 1.000/0.460(0.991)
[0 1 1 0 1 0 0 1 0 0 0 1 1 1 1 0 1 1 1 1 0 0 0 0 0 1 0 1 0 0 1 0 1 1 0 1 0
 1 0 1 1 1 1 1 0 1 1 1 1 0 1 1 0 0 1 1 0 0 1 0 1 0 0 0 0 1 0 0 0 1 0 1 1 1
 0 0 0 0 1 1 0 0 1 1 1 0 1 0 0 1 0 0 1 0 0 0 1 1 1 1]
At 22301/30000: COST 0.012/3.076(0.025) -- Acc 1.000/0.480(0.992)
[0 1 1 1 1 0 0 1 1 1 1 1 0 1 1 0 0 1 0 1 1 0 0 1 1 1 1 0 1 0 1 0 0 1 0 0 1
 1 0 0 0 0 0 0 0 1 1 0 1 0 1 1 1 0 1 1 0 0 1 1 0 0 1 1 0 1 1 1 0 1 0 0 0 1
 0 0 1 1 0 0 0 1 1 0 0 1 1 0 1 1 1 1 0 0 1 0 1 1 0 1]
At 22401/30000: COST 0.089/2.868(0.035) -- Acc 0.990/0.510(0.989)
[0 1 1 1 1 0 0 0 1 0 1 0 1 1 1 1 0 0 1 0 1 0 0 1 1 1 1 0 0 0 0 0 1 1 0 1 1
 1 0 0 1 1 0 1 0 0 1 1 1 0 0 1 1 1 0 0 1 0 0 1 0 0 0 1 0 0 0 1 1 1 0 0 0 0
 0 1 0 1 1 1 0 0 1 1 0 0 0 0 1 1 1 1 0 0 1 0 0 0 1 1]
At 22501/30000: COST 0.038/2.983(0.045) -- Acc 0.990/0.440(0.986)
[0 1 0 0 1 1 1 1 0 0 0 1 0 1 0 1 0 1 0 1 1 1 0 0 1 1 1 1 1 1 0 0 1 0 0 1 0
 1 1 0 1 1 0 1 0 1 1 1 0 0 0 0 1 1 0 1 0 1 0 1 0 1 0 0 0 0 1 0 0 1 1 1 1 0
 1 1 0 0 0 1 1 1 1 1 1 1 1 1 1 1 1 1 1 1 0 1 1 1 1 0]
At 22601/30000: COST 0.023/2.648(0.051) -- Acc 0.990/0.450(0.984)
[1 1 0 0 0 0 1 1 1 0 1 0 1 1 1 1 0 1 0 1 0 1 0 0 1 1 0 1 1 0 1 1 1 1 1 1 1
 0 0 1 0 0 1 0 1 1 0 0 0 1 1 0 1 0 1 0 0 0 1 0 0 0 0 1 1 0 1 0 0 1 1 1 0 0
 1 0 1 1 1 0 0 0 0 1 0 0 1 1 0 0 1 1 1 0 0 0 1 0 1 1]
At 22701/30000: COST 0.020/2.637(0.053) -- Acc 0.990/0.510(0.983)
[0 1 0 1 1 1 1 1 1 0 0 1 1 0 0 0 0 1 1 1 0 0 0 1 1 1 1 0 1 1 0 0 0 1 1 1 0
 0 0 1 1 0 1 0 0 0 1 1 0 1 1 0 1 1 1 1 1 0 0 1 1 0 1 1 1 0 1 1 0 0 1 1 1 0
 0 0 0 1 1 1 0 0 0 1 1 0 0 1 1 1 1 1 1 1 1 0 1 1 0 0]
At 22801/30000: COST 0.159/2.561(0.049) -- Acc 0.970/0.490(0.985)
[1 0 1 0 0 0 0 0 1 0 0 0 1 1 1 1 0 0 0 0 0 1 0 0 1 0 0 0 0 1 0 1 1 1 1 1 1
 1 1 1 1 1 0 1 1 0 1 1 1 0 1 1 1 1 1 0 0 1 0 0 0 0 0 0 0 1 1 1 0 0 1 0 0 0
 0 1 1 1 1 1 0 0 1 0 0 0 1 1 1 1 0 1 1 1 1 0 0 0 1 1]
At 22901/30000: COST 0.075/2.370(0.040) -- Acc 0.980/0.550(0.988)
[0 1 1 1 0 0 0 1 0 0 1 1 0 1 1 1 1 0 1 1 1 1 0 1 0 1 0 0 1 0 0 1 1 1 0 1 0
 0 1 1 1 1 0 0 0 1 0 0 1 0 1 1 0 0 1 1 1 0 1 0 1 0 1 1 1 0 1 1 1 0 0 0 0 0
 1 0 0 0 1 1 1 1 1 0 0 1 0 1 1 0 1 0 0 1 0 0 1 1 1 0]
At 23001/30000: COST 0.028/2.394(0.045) -- Acc 0.990/0.550(0.987)
[1 0 1 1 1 1 1 0 0 1 0 1 1 0 0 0 0 0 0 1 1 0 0 1 0 1 0 0 1 1 0 0 0 1 1 1 0
 0 1 0 1 0 0 1 0 0 1 1 1 1 0 1 0 0 0 0 1 1 0 0 1 1 0 1 1 0 0 1 1 0 0 1 1 0
 1 0 1 1 0 1 0 0 1 1 1 1 1 1 1 1 0 1 1 0 1 1 0 0 0 0]
At 23101/30000: COST 0.009/2.672(0.031) -- Acc 1.000/0.510(0.990)
[1 1 0 1 0 1 1 0 0 1 0 1 1 0 0 1 0 0 0 1 0 1 0 0 0 0 1 1 0 1 0 1 1 0 0 0 0
 0 1 0 1 0 1 0 1 1 1 1 1 0 1 0 0 1 0 0 0 0 0 0 0 0 1 1 1 0 1 0 0 1 1 1 1 1
 0 1 1 0 0 0 0 0 1 1 1 0 1 1 1 0 0 0 1 1 1 0 0 0 1 1]
At 23201/30000: COST 0.036/2.804(0.030) -- Acc 0.990/0.470(0.991)
[1 1 0 0 1 0 1 0 1 1 0 0 1 0 1 1 0 0 1 0 1 1 0 0 1 0 0 1 0 0 0 1 0 1 1 1 0
 1 1 0 0 1 1 1 0 0 0 1 0 0 1 0 1 0 0 1 1 0 1 1 1 0 1 0 0 1 1 0 0 1 0 1 1 1
 0 1 1 1 1 1 1 0 0 0 1 1 0 0 1 0 1 0 1 1 0 0 1 1 0 1]
At 23301/30000: COST 0.009/2.334(0.040) -- Acc 1.000/0.500(0.988)
[0 1 1 1 0 1 0 1 1 0 1 1 0 1 0 1 0 1 0 0 1 0 1 1 1 1 1 1 1 1 1 1 1 1 0 0 1
 0 1 1 0 0 0 0 1 1 0 0 0 0 1 1 1 1 0 0 1 1 0 0 0 1 1 0 0 0 1 0 0 1 1 1 0 0
 0 1 1 0 1 1 0 1 1 1 1 0 0 0 1 0 1 0 0 1 1 0 0 0 1 1]
At 23401/30000: COST 0.028/2.629(0.032) -- Acc 0.990/0.460(0.990)
[0 1 1 0 1 1 1 1 0 0 1 0 1 0 1 0 1 1 1 0 1 1 0 1 1 1 1 1 0 1 0 0 0 1 1 0 0
 0 1 0 1 1 0 1 1 1 0 0 0 1 0 1 1 1 1 1 1 1 0 1 0 0 1 1 0 1 0 0 1 0 0 0 0 0
 1 1 0 0 1 1 1 0 1 0 0 0 1 1 0 1 0 0 1 1 0 1 0 1 1 1]
At 23501/30000: COST 0.005/2.526(0.034) -- Acc 1.000/0.490(0.989)
[1 1 0 1 1 0 1 1 0 0 0 1 1 1 1 1 0 0 0 1 0 0 0 0 0 0 1 1 1 1 0 1 0 0 1 1 1
 0 0 0 1 1 0 0 0 0 0 1 1 1 1 0 0 0 0 0 0 0 1 1 0 0 0 1 1 1 0 1 1 0 0 0 1 0
 1 0 1 0 0 1 1 1 1 0 1 1 1 0 1 0 1 1 1 1 0 0 0 1 1 1]
At 23601/30000: COST 0.073/2.478(0.041) -- Acc 0.980/0.580(0.986)
[1 0 1 0 0 0 0 0 1 1 1 0 1 0 1 0 1 0 1 1 0 0 1 1 1 1 0 0 0 1 0 0 0 1 1 0 1
 0 0 1 1 0 1 0 1 0 1 0 0 0 0 1 1 0 0 1 0 1 0 1 0 1 1 1 0 1 0 0 1 1 0 0 0 1
 0 1 0 1 0 0 0 1 0 0 1 1 0 0 1 1 1 1 1 1 0 1 0 1 1 0]
At 23701/30000: COST 0.022/2.212(0.047) -- Acc 0.990/0.500(0.984)
[0 0 1 0 1 0 0 0 0 1 0 0 0 1 1 1 0 1 0 1 0 1 1 1 1 0 1 0 0 0 1 1 1 0 0 0 0
 1 1 1 1 1 0 1 1 0 0 0 0 0 1 1 1 1 1 1 0 1 1 1 0 0 0 1 0 0 1 0 1 0 1 1 1 1
 0 1 0 0 0 1 0 0 0 0 1 1 0 1 0 1 1 1 1 1 1 0 1 1 1 1]
At 23801/30000: COST 0.011/2.145(0.049) -- Acc 1.000/0.510(0.984)
[1 1 1 1 1 1 0 1 1 1 1 0 0 0 1 0 0 1 0 1 1 0 0 0 0 1 0 1 0 1 0 0 0 0 0 0 1
 1 1 0 1 0 1 1 0 0 0 1 1 0 1 1 0 0 0 1 0 0 1 0 0 1 0 0 1 0 0 0 1 0 1 1 0 0
 1 1 0 0 1 0 1 1 0 1 1 1 1 0 1 1 0 1 0 0 1 1 0 0 1 0]
At 23901/30000: COST 0.043/2.568(0.048) -- Acc 0.980/0.460(0.985)
[0 0 0 0 1 1 0 0 1 0 1 0 1 0 1 1 0 1 0 1 0 1 1 1 0 1 1 0 0 0 1 0 1 1 1 0 0
 0 0 0 0 0 0 0 0 1 1 1 1 1 1 0 1 0 1 0 1 1 1 1 1 1 0 0 1 0 1 0 0 1 0 0 0 1
 0 1 1 0 1 0 1 1 0 0 1 0 1 1 0 1 0 1 1 0 0 0 1 0 1 1]
At 24001/30000: COST 0.024/2.689(0.043) -- Acc 0.990/0.490(0.987)
[1 1 0 0 0 0 1 1 1 1 0 1 1 1 1 1 0 0 1 1 0 1 0 0 1 1 1 0 1 1 1 1 0 0 0 0 0
 1 0 1 0 1 0 0 1 0 1 1 1 1 0 0 0 0 1 1 1 0 1 0 1 1 0 1 0 0 1 1 0 1 0 1 0 0
 1 0 0 0 1 1 0 1 0 0 1 0 0 1 1 1 1 0 0 1 1 1 0 0 1 0]
At 24101/30000: COST 0.077/2.061(0.053) -- Acc 0.980/0.520(0.984)
[0 1 1 0 0 1 1 1 0 1 1 1 1 0 0 1 0 1 1 1 1 0 1 0 1 1 1 0 1 0 1 0 0 1 1 1 0
 1 1 0 0 0 1 1 1 1 1 1 0 0 1 1 1 1 0 0 0 1 0 0 1 0 1 1 0 1 0 0 1 1 0 0 0 1
 0 0 1 0 0 1 1 1 0 1 0 1 0 1 0 0 1 1 1 1 0 1 1 0 0 0]
At 24201/30000: COST 0.020/2.323(0.047) -- Acc 1.000/0.510(0.985)
[1 1 0 1 1 1 0 1 0 1 1 0 1 1 1 1 1 0 1 1 0 0 0 0 1 0 1 1 1 1 0 1 1 1 1 1 1
 0 0 0 1 1 1 0 1 0 1 1 1 1 1 1 0 1 1 1 0 0 1 1 0 1 0 1 1 0 0 0 0 0 0 0 0 0
 1 0 1 1 1 0 0 1 1 0 1 1 1 1 0 0 0 1 0 0 0 1 1 1 1 0]
At 24301/30000: COST 0.031/2.177(0.046) -- Acc 0.990/0.560(0.985)
[0 0 1 1 1 1 0 0 1 1 1 0 1 0 1 1 0 0 1 1 1 0 0 1 0 1 0 0 1 1 1 1 0 0 1 1 1
 1 1 1 1 0 1 1 0 0 1 1 0 1 1 0 0 0 1 1 0 0 1 1 1 1 1 0 1 0 1 1 1 0 0 1 1 1
 1 1 0 0 0 1 0 0 1 1 1 1 1 1 1 0 1 0 0 0 1 1 1 0 0 0]
At 24401/30000: COST 0.009/2.062(0.052) -- Acc 1.000/0.510(0.983)
[0 1 0 0 0 0 1 1 1 0 1 0 0 0 1 1 1 1 1 1 1 0 0 0 1 1 0 1 1 1 0 0 0 1 0 1 1
 0 0 0 0 0 0 0 1 1 0 1 0 0 0 1 1 0 0 1 0 1 1 0 0 1 1 1 1 0 1 1 1 1 0 0 0 1
 1 0 1 1 0 1 1 0 1 1 0 1 1 1 1 1 1 1 1 1 1 1 0 0 0 0]
At 24501/30000: COST 0.018/2.390(0.039) -- Acc 0.990/0.460(0.988)
[1 0 1 1 1 0 0 0 0 1 1 1 1 1 0 0 1 1 0 0 1 0 0 0 0 1 1 0 0 1 1 1 1 0 1 1 0
 1 1 1 0 1 1 1 1 1 0 1 0 1 0 0 1 1 1 0 0 0 1 1 1 0 1 0 1 0 0 1 1 0 0 0 0 1
 1 1 0 1 0 0 1 0 0 1 1 1 1 1 0 1 0 1 1 1 1 1 0 0 0 1]
At 24601/30000: COST 0.059/2.583(0.042) -- Acc 0.990/0.480(0.987)
[1 0 1 1 0 1 0 1 1 0 0 1 1 0 1 1 0 1 1 0 0 1 1 1 1 0 0 1 0 0 0 0 0 0 0 0 0
 1 1 0 1 1 0 0 1 1 0 0 0 1 0 0 0 0 1 1 0 0 0 0 1 0 0 0 1 1 1 1 1 0 0 1 0 1
 1 1 0 1 1 1 0 1 0 1 1 0 0 1 0 1 1 0 0 1 1 1 1 0 1 1]
At 24701/30000: COST 0.096/2.416(0.051) -- Acc 0.960/0.520(0.984)
[0 0 0 1 0 0 1 0 1 1 1 0 1 0 0 0 0 1 1 1 1 1 0 0 1 0 1 0 1 1 0 1 1 0 1 1 0
 1 0 0 0 1 0 1 1 1 0 1 0 1 1 1 0 1 0 0 1 0 0 1 0 1 0 1 0 0 1 1 0 1 0 1 1 1
 0 0 0 0 1 1 1 1 0 0 0 1 0 0 0 0 1 0 1 1 1 1 1 1 1 1]
At 24801/30000: COST 0.010/2.640(0.044) -- Acc 1.000/0.480(0.986)
[0 1 0 1 1 1 0 0 0 0 0 1 0 0 1 1 1 1 0 0 1 1 0 1 0 0 0 1 0 0 0 0 1 1 1 1 1
 1 1 1 1 1 0 0 1 1 1 1 1 1 0 1 1 1 1 0 1 0 1 0 0 1 1 0 1 1 0 0 1 0 0 0 0 0
 1 1 0 0 0 0 1 1 0 0 0 0 0 1 1 0 1 1 0 0 1 1 1 0 0 0]
At 24901/30000: COST 0.107/2.203(0.057) -- Acc 0.960/0.540(0.980)
[1 1 0 0 1 1 0 1 0 1 1 1 1 1 0 1 1 1 0 1 1 1 1 1 0 0 1 1 0 1 1 0 0 1 1 1 0
 0 0 1 0 1 0 1 1 1 1 0 0 1 1 1 1 1 1 0 0 0 0 1 0 0 1 1 1 1 0 0 0 1 0 1 0 0
 0 1 1 0 1 0 1 1 0 1 0 1 1 1 1 0 0 1 1 1 1 1 0 1 1 0]
At 25001/30000: COST 0.069/2.728(0.049) -- Acc 0.980/0.440(0.983)
[1 0 0 1 0 1 1 0 1 1 1 1 0 1 1 0 1 1 1 0 0 1 1 1 0 0 1 1 0 1 1 0 1 1 0 0 1
 1 0 1 1 0 0 1 1 1 0 1 1 0 1 1 0 1 1 0 1 0 0 1 1 0 1 0 1 1 1 1 0 0 0 0 0 1
 1 1 0 1 1 1 1 1 1 0 1 1 1 0 1 1 1 0 1 1 0 0 1 0 1 1]
At 25101/30000: COST 0.082/2.957(0.042) -- Acc 0.980/0.440(0.986)
[0 1 0 1 0 1 0 1 0 0 1 0 0 1 1 1 1 0 1 0 0 0 0 0 1 0 0 1 1 1 0 0 1 1 0 1 1
 1 1 1 1 0 0 0 1 1 0 0 1 1 1 0 0 1 1 0 1 1 1 0 0 1 0 0 1 1 1 0 1 0 1 1 1 0
 0 1 1 1 0 1 1 1 1 1 1 0 0 1 1 1 1 1 1 0 0 0 0 1 0 1]
At 25201/30000: COST 0.030/2.505(0.034) -- Acc 0.990/0.480(0.989)
[0 1 0 0 0 0 1 0 0 0 1 0 1 1 1 1 0 1 1 0 0 1 0 0 1 0 0 0 1 1 1 0 0 0 1 1 1
 0 0 1 0 1 1 1 1 1 0 1 1 0 1 1 0 0 1 0 0 1 1 1 1 1 1 0 1 1 0 0 1 0 1 1 1 1
 0 1 1 0 1 0 0 0 0 0 0 1 0 0 0 0 1 0 1 1 1 1 1 1 0 1]
At 25301/30000: COST 0.068/2.903(0.034) -- Acc 0.970/0.480(0.989)
[1 1 1 0 0 0 1 0 0 1 1 1 0 1 1 0 0 0 0 1 1 0 0 0 0 1 1 0 1 1 1 0 1 0 0 0 1
 1 1 0 1 1 0 1 1 1 1 0 1 1 0 0 1 0 0 1 0 0 0 1 1 1 0 0 1 1 0 0 1 1 0 0 1 0
 1 0 1 0 0 1 1 1 0 1 1 1 1 0 0 1 1 1 1 1 1 0 1 0 0 1]
At 25401/30000: COST 0.029/2.555(0.045) -- Acc 0.990/0.500(0.986)
[0 1 1 1 0 0 1 1 1 1 0 0 1 1 1 1 1 0 1 0 0 0 1 1 0 1 1 0 1 0 1 0 0 0 1 0 0
 1 0 0 0 0 1 0 0 1 1 0 1 1 1 1 1 1 1 1 1 1 1 1 1 0 1 1 0 1 0 0 1 1 0 0 0 1
 0 0 0 1 0 1 0 1 0 1 0 0 0 0 1 0 0 0 1 1 1 0 1 1 0 0]
At 25501/30000: COST 0.015/2.932(0.035) -- Acc 0.990/0.500(0.989)
[1 0 0 1 1 1 0 1 0 1 0 0 1 1 0 0 1 1 0 0 0 0 1 0 1 0 0 1 0 0 1 0 0 1 0 0 1
 1 1 0 0 0 0 0 0 0 1 0 1 0 1 1 0 1 1 1 1 1 1 0 0 1 1 1 1 1 0 0 1 0 1 1 1 1
 0 1 0 0 0 0 1 1 0 1 1 1 1 1 0 1 1 1 1 1 0 1 0 1 0 0]
At 25601/30000: COST 0.058/2.741(0.029) -- Acc 0.990/0.540(0.991)
[0 0 1 1 1 0 1 1 1 1 1 0 0 1 1 1 1 0 0 0 0 1 0 1 1 0 0 0 0 1 1 1 1 0 0 1 1
 0 0 0 0 1 1 0 0 0 1 1 1 0 0 0 0 1 1 1 1 1 0 1 0 1 1 0 1 1 0 1 1 1 1 1 0 0
 0 1 0 0 1 1 1 0 0 1 1 0 0 1 0 0 1 0 0 1 0 1 1 1 0 0]
At 25701/30000: COST 0.041/3.354(0.026) -- Acc 0.980/0.480(0.992)
[0 1 0 1 1 0 0 1 1 1 0 0 1 0 0 0 0 1 1 1 0 0 1 0 1 0 0 0 1 1 1 0 1 1 1 0 1
 1 1 1 0 1 1 0 0 0 1 0 1 1 0 1 1 0 0 1 1 1 1 0 0 1 1 0 0 1 0 1 0 0 0 1 1 1
 1 0 1 1 0 1 1 1 0 1 0 0 0 1 1 1 0 1 1 0 1 1 1 0 1 1]
At 25801/30000: COST 0.023/2.651(0.035) -- Acc 0.990/0.500(0.988)
[1 1 1 0 0 0 1 1 0 1 1 0 0 0 0 1 0 1 0 0 0 1 1 0 1 1 1 0 1 1 0 1 0 1 1 0 0
 1 0 0 1 0 1 1 0 0 1 1 1 1 1 1 1 1 0 0 0 1 1 0 1 0 0 0 1 1 1 1 1 1 1 1 0 0
 0 1 1 1 1 0 0 0 1 0 1 1 1 1 1 0 0 1 1 1 1 1 0 1 1 1]
At 25901/30000: COST 0.012/2.758(0.037) -- Acc 1.000/0.490(0.988)
[0 1 0 1 1 1 0 1 1 0 1 0 1 0 0 0 0 1 1 1 0 0 1 0 1 1 0 0 1 1 1 1 0 1 1 0 1
 0 0 1 1 1 1 1 0 1 1 0 0 0 1 0 1 1 1 1 1 1 1 0 1 0 1 0 0 0 0 0 0 1 0 0 1 1
 1 0 0 0 1 1 1 1 1 1 0 1 0 1 0 0 0 0 0 1 1 1 0 1 0 0]
At 26001/30000: COST 0.016/2.939(0.028) -- Acc 0.990/0.490(0.990)
[0 1 0 1 0 0 1 1 1 0 0 1 0 0 1 1 0 1 1 0 0 1 0 1 1 0 1 0 1 1 1 0 1 0 0 1 0
 1 1 1 0 0 0 1 0 1 0 1 0 0 1 0 1 0 1 0 1 1 1 0 1 1 1 1 1 1 0 0 1 1 1 0 1 0
 1 0 1 1 0 1 0 0 0 1 0 1 1 0 1 1 0 1 1 1 0 0 0 1 0 0]
At 26101/30000: COST 0.013/2.499(0.036) -- Acc 1.000/0.470(0.989)
[0 0 1 1 0 1 0 0 1 1 1 0 1 1 1 0 0 1 0 1 0 0 1 1 0 1 0 1 1 1 0 0 1 1 0 1 1
 1 0 1 1 0 1 0 1 1 1 1 0 1 0 0 1 0 1 0 1 0 0 0 0 0 0 0 1 1 0 0 0 1 0 1 0 0
 1 1 0 1 1 0 1 0 1 1 0 0 0 1 1 1 1 1 1 1 0 0 0 0 0 1]
At 26201/30000: COST 0.033/2.605(0.034) -- Acc 0.990/0.510(0.990)
[0 1 0 0 0 0 0 1 1 0 0 1 0 0 0 1 1 0 1 0 0 1 0 0 1 0 0 1 0 1 1 0 0 1 0 1 0
 1 0 0 1 0 0 0 0 1 1 1 1 1 0 1 0 1 0 1 1 1 0 0 1 1 1 0 1 0 1 1 0 0 0 0 0 0
 1 0 0 1 1 1 1 0 1 0 0 0 0 0 0 0 1 1 0 0 1 1 0 1 1 1]
At 26301/30000: COST 0.026/2.607(0.045) -- Acc 0.990/0.480(0.987)
[1 1 0 1 0 1 0 1 0 0 1 1 1 1 1 0 0 1 1 1 1 1 0 0 1 1 1 1 0 1 1 0 0 1 1 1 1
 1 1 1 0 0 0 1 0 1 0 1 0 1 1 0 0 0 1 1 0 1 1 1 1 1 1 0 0 1 0 0 1 0 1 1 1 1
 1 0 1 0 0 1 1 1 0 0 1 0 1 0 0 0 0 0 1 0 1 0 0 1 1 0]
At 26401/30000: COST 0.020/2.922(0.036) -- Acc 0.990/0.470(0.988)
[1 0 1 0 1 0 1 0 0 0 0 1 1 0 1 0 1 1 1 1 0 0 1 1 1 1 0 1 0 1 1 1 0 1 1 0 0
 1 0 0 0 0 0 1 1 0 1 1 0 1 1 1 0 1 0 0 1 1 0 0 1 1 1 1 0 0 0 0 0 0 1 0 0 0
 1 0 1 1 0 0 1 0 1 1 1 0 1 0 1 1 0 1 0 1 0 0 1 1 0 1]
At 26501/30000: COST 0.008/2.630(0.039) -- Acc 1.000/0.490(0.987)
[1 1 0 1 1 1 1 0 1 0 1 0 0 0 0 1 0 0 1 1 1 1 1 0 1 0 0 0 1 0 0 0 0 1 1 0 0
 0 0 0 1 0 0 1 0 0 1 1 1 1 0 0 1 0 0 0 1 0 1 0 0 0 1 0 1 0 0 1 0 1 1 0 1 1
 0 0 1 0 1 0 0 0 0 1 0 1 1 1 0 0 1 1 1 1 1 1 0 0 1 1]
At 26601/30000: COST 0.060/3.136(0.038) -- Acc 0.990/0.450(0.988)
[0 0 0 0 1 1 0 0 0 1 1 1 1 1 0 0 1 1 1 1 1 1 0 1 1 0 1 0 0 0 1 0 0 0 1 1 1
 1 1 0 1 1 0 0 1 1 1 1 1 1 1 1 0 1 0 0 1 1 0 1 0 0 0 1 1 0 1 0 1 1 1 0 1 0
 1 1 1 1 0 0 0 0 0 0 0 1 1 1 1 1 1 0 0 1 0 1 0 0 0 0]
At 26701/30000: COST 0.018/3.223(0.028) -- Acc 1.000/0.520(0.990)
[1 0 1 1 1 0 1 1 1 0 0 0 1 1 1 0 0 1 1 1 0 0 1 1 0 1 0 0 0 0 0 1 0 0 1 1 1
 1 0 0 1 0 0 1 0 1 0 0 1 1 0 0 0 1 0 0 1 0 1 0 1 0 1 0 0 0 0 1 1 1 0 0 1 0
 1 1 1 0 1 0 0 0 1 1 1 0 1 1 0 1 1 0 1 1 0 0 1 0 1 1]
At 26801/30000: COST 0.028/2.425(0.037) -- Acc 0.990/0.520(0.988)
[1 0 0 1 0 0 1 1 0 1 0 1 0 1 1 1 1 0 1 0 1 0 1 0 0 0 1 0 0 0 1 1 0 1 0 1 1
 1 0 1 1 1 0 1 1 0 1 1 1 0 0 0 1 0 1 1 0 0 1 0 0 0 1 1 0 1 0 1 0 1 0 1 1 0
 1 0 1 0 0 1 1 0 1 0 1 1 0 1 0 0 1 0 0 0 1 1 1 0 0 0]
At 26901/30000: COST 0.029/2.566(0.039) -- Acc 0.980/0.480(0.987)
[1 0 0 0 0 1 1 1 0 0 1 1 0 0 1 0 1 1 1 0 0 0 1 0 1 0 1 1 0 1 1 0 1 1 1 0 0
 1 0 1 1 1 1 1 1 0 1 0 1 1 1 1 1 1 0 1 0 0 0 1 1 0 0 1 0 1 0 1 1 0 1 1 0 0
 1 1 1 0 1 0 0 1 1 1 1 1 1 1 1 0 0 0 0 1 0 0 0 1 0 0]
At 27001/30000: COST 0.034/2.581(0.052) -- Acc 0.980/0.490(0.984)
[0 1 1 1 0 0 0 1 0 1 0 1 0 1 1 0 1 1 0 1 1 1 1 0 1 1 1 0 0 1 0 0 1 1 1 1 0
 0 0 0 1 0 1 1 1 1 0 1 1 1 1 1 0 0 1 1 0 0 1 1 0 0 1 0 0 1 0 1 0 0 0 1 1 0
 0 0 1 1 1 0 1 1 0 0 0 0 1 1 1 1 1 1 1 1 1 1 1 1 0 0]
At 27101/30000: COST 0.029/2.538(0.044) -- Acc 0.990/0.490(0.986)
[0 0 1 1 1 1 1 0 1 1 1 1 1 0 1 0 1 1 1 0 1 0 1 1 1 1 0 1 1 0 1 1 1 0 0 1 1
 0 1 1 1 0 1 0 1 1 0 0 0 1 0 0 1 1 1 1 0 1 0 0 1 0 0 1 1 0 1 1 1 1 0 0 0 1
 0 1 0 0 0 0 0 1 0 0 1 0 0 0 1 0 0 0 0 1 1 0 1 1 0 1]
At 27201/30000: COST 0.018/2.730(0.038) -- Acc 0.990/0.480(0.987)
[0 0 0 1 0 1 0 0 1 1 1 0 1 1 0 0 1 0 1 1 1 1 0 1 0 0 0 1 0 0 1 1 1 0 1 0 0
 0 1 1 1 0 1 1 0 1 0 1 0 0 0 0 1 0 0 0 1 1 0 0 1 1 1 1 1 1 1 1 1 0 1 1 0 0
 0 0 0 1 1 1 0 0 1 1 1 1 0 1 1 1 1 1 0 1 1 1 1 1 1 1]
At 27301/30000: COST 0.038/2.885(0.031) -- Acc 0.990/0.450(0.990)
[1 1 1 0 0 1 0 0 1 1 0 1 0 0 0 0 1 1 1 1 0 1 1 0 1 0 0 1 1 0 0 0 1 0 1 1 1
 0 0 0 1 0 0 1 1 1 0 1 0 1 1 0 0 0 1 0 1 1 1 1 1 0 1 1 0 1 0 1 0 0 1 1 0 0
 0 1 0 1 0 0 0 0 1 1 1 1 0 0 1 1 1 1 1 1 1 0 0 0 1 0]
At 27401/30000: COST 0.008/2.925(0.032) -- Acc 1.000/0.460(0.990)
[1 0 1 1 1 0 0 1 0 1 0 1 0 0 0 1 1 0 1 1 1 1 1 1 0 1 0 1 1 1 1 0 1 1 1 0 0
 1 0 1 1 1 0 1 1 1 0 0 0 0 0 0 0 0 0 0 1 1 0 0 1 0 1 0 1 0 0 1 0 0 0 1 1 1
 0 1 1 0 0 0 1 0 0 1 0 0 0 1 1 1 0 1 0 1 1 1 1 1 1 1]
At 27501/30000: COST 0.034/2.940(0.037) -- Acc 0.990/0.510(0.989)
[0 0 1 1 1 0 0 1 1 0 1 1 0 0 0 0 1 0 1 1 0 1 0 0 1 1 1 1 0 0 1 0 1 1 1 1 0
 0 1 0 1 1 1 0 1 1 1 0 0 1 1 1 0 1 0 1 0 0 1 1 1 0 1 1 0 1 0 0 0 1 1 1 1 0
 1 1 1 1 0 1 0 1 1 1 1 1 0 0 1 1 0 1 1 1 0 0 1 0 1 1]
At 27601/30000: COST 0.011/2.683(0.036) -- Acc 1.000/0.430(0.990)
[0 0 0 1 1 0 1 0 1 0 1 1 0 0 1 0 0 0 1 1 1 1 1 1 1 1 0 0 0 1 1 0 0 1 0 0 1
 1 1 0 0 1 0 1 0 1 0 0 1 1 0 0 0 0 1 0 1 0 1 1 1 1 1 1 1 1 1 1 1 1 1 0 1 1
 1 1 1 0 1 0 0 0 1 1 0 1 1 1 0 0 0 1 1 1 1 1 0 0 1 1]
At 27701/30000: COST 0.017/2.765(0.036) -- Acc 0.990/0.480(0.989)
[0 1 1 1 1 0 0 0 1 1 0 1 1 0 0 1 0 0 0 0 0 0 1 0 0 1 1 0 1 1 1 0 0 1 0 1 0
 1 0 0 1 1 1 0 1 1 1 1 0 1 0 1 1 0 1 1 1 1 1 0 1 0 0 1 1 1 1 1 1 1 1 0 0 1
 0 0 1 1 1 0 1 0 0 0 0 0 1 1 1 0 0 1 1 0 0 0 1 0 0 0]
At 27801/30000: COST 0.010/2.481(0.044) -- Acc 1.000/0.480(0.987)
[1 1 1 1 1 1 0 0 1 0 1 1 0 1 1 1 1 1 1 1 1 0 1 1 0 1 0 0 1 0 0 0 1 0 0 1 1
 1 1 0 1 0 1 0 0 1 1 0 0 1 0 0 1 1 0 1 1 1 1 1 0 0 1 1 1 1 0 0 0 1 0 1 1 1
 1 1 0 0 1 0 0 0 0 1 1 1 1 1 0 0 0 1 1 0 0 1 0 0 0 0]
At 27901/30000: COST 0.014/2.856(0.038) -- Acc 1.000/0.440(0.989)
[1 0 0 1 1 0 0 1 1 1 1 0 0 1 0 1 1 0 0 1 1 1 0 0 1 1 1 1 1 1 1 1 0 0 0 0 1
 1 0 1 0 0 1 1 1 1 1 0 1 1 1 1 0 1 1 0 0 0 1 1 1 1 0 0 0 0 1 0 1 1 1 0 0 0
 1 1 0 1 1 0 1 0 0 1 0 0 1 0 1 1 1 1 1 1 1 0 1 0 1 1]
At 28001/30000: COST 0.120/2.710(0.047) -- Acc 0.970/0.430(0.986)
[1 1 0 0 0 1 0 1 1 1 0 1 0 1 1 0 1 0 0 1 0 0 1 1 0 1 0 0 1 1 1 1 0 0 0 0 1
 0 1 0 1 1 0 0 1 1 0 1 1 1 1 0 1 1 0 1 1 0 1 0 1 1 0 0 1 0 0 1 1 0 0 0 1 1
 1 0 1 1 1 1 0 1 0 0 0 0 1 1 1 0 0 1 0 1 1 1 1 0 1 1]
At 28101/30000: COST 0.047/2.674(0.046) -- Acc 0.990/0.450(0.986)
[0 1 0 1 0 1 0 1 0 0 0 1 1 1 1 1 0 1 0 1 0 0 1 1 0 1 1 1 1 1 0 1 0 1 1 0 0
 1 0 1 1 1 0 0 1 1 1 1 1 1 0 1 0 0 1 1 1 1 0 0 1 0 1 1 0 1 1 1 1 1 1 1 1 1
 0 0 0 0 1 0 1 1 0 1 0 1 1 1 0 1 1 1 1 1 1 1 0 0 1 1]
At 28201/30000: COST 0.019/2.747(0.039) -- Acc 0.990/0.470(0.988)
[0 1 1 1 1 1 1 0 1 0 0 0 1 1 1 0 1 0 1 1 1 1 1 0 1 0 1 1 1 0 0 1 1 0 1 1 0
 0 0 0 1 0 1 0 1 1 1 1 0 0 1 1 0 0 1 1 1 1 1 1 1 0 0 1 0 1 1 1 1 0 1 0 1 0
 0 0 0 1 0 0 0 0 1 1 1 0 1 1 0 0 1 0 0 1 0 0 0 1 1 0]
At 28301/30000: COST 0.003/2.697(0.031) -- Acc 1.000/0.510(0.990)
[0 0 1 0 1 0 1 0 0 0 0 0 0 1 1 1 0 1 0 1 1 1 1 0 1 1 0 0 1 1 1 1 0 1 1 0 1
 1 0 0 1 0 0 0 1 0 1 1 1 1 1 0 0 0 0 0 1 1 0 1 0 1 1 1 1 1 0 0 0 0 0 0 0 1
 1 0 1 1 1 1 0 1 0 0 1 0 1 1 1 1 1 1 0 1 1 0 0 0 1 1]
At 28401/30000: COST 0.029/2.866(0.030) -- Acc 0.990/0.510(0.990)
[1 0 1 0 0 1 0 0 1 0 1 1 0 0 1 0 1 1 0 1 0 0 1 1 0 1 1 0 0 1 1 1 1 1 0 1 1
 0 1 1 1 1 1 1 0 1 1 1 1 1 1 1 1 1 1 0 1 0 1 0 1 1 0 1 0 1 0 1 1 1 0 1 1 0
 1 1 1 0 1 1 1 0 0 1 1 0 0 1 1 0 0 1 0 1 0 1 0 0 1 0]
At 28501/30000: COST 0.018/2.591(0.046) -- Acc 0.990/0.490(0.986)
[0 1 0 0 0 1 1 0 0 1 0 1 0 0 1 0 1 1 1 0 0 1 0 1 0 0 1 1 1 0 1 0 0 1 1 0 0
 1 1 1 0 1 0 1 1 0 1 1 0 0 0 0 1 1 1 1 1 1 1 0 1 1 1 1 0 1 1 0 0 1 1 0 1 0
 1 0 1 1 0 0 1 1 0 1 1 1 1 1 1 1 1 0 1 0 1 0 0 1 0 1]
At 28601/30000: COST 0.023/2.684(0.036) -- Acc 0.990/0.510(0.989)
[1 1 0 0 0 1 1 0 1 1 0 0 0 0 1 1 1 1 1 0 1 1 0 1 1 1 1 1 1 1 1 1 1 0 1 0 0
 1 0 0 1 1 0 1 0 0 0 0 1 1 0 1 1 0 0 0 1 1 1 0 1 1 1 0 1 0 0 1 0 1 1 0 1 1
 1 1 0 1 0 0 0 1 1 1 1 0 0 0 0 1 0 1 1 0 0 0 0 1 1 0]
At 28701/30000: COST 0.014/2.931(0.034) -- Acc 1.000/0.470(0.990)
[1 1 0 1 0 0 0 1 0 1 0 1 1 0 0 0 1 1 0 0 1 0 0 1 1 1 1 0 0 1 1 1 1 0 1 1 1
 1 0 1 0 0 1 1 0 0 0 0 0 0 1 1 1 1 1 1 1 0 1 1 0 1 1 1 1 1 1 0 1 1 1 1 0 1
 0 0 1 1 1 1 1 1 1 0 0 1 0 0 0 0 1 1 1 0 1 0 0 0 1 1]
At 28801/30000: COST 0.002/3.318(0.034) -- Acc 1.000/0.420(0.990)
[1 1 1 1 0 1 0 1 0 1 0 1 0 1 0 1 1 1 1 0 1 0 1 0 1 1 0 0 0 1 1 0 0 0 0 1 1
 1 1 1 1 1 1 1 0 0 1 0 1 1 0 0 1 1 1 0 0 1 0 0 0 0 0 1 1 0 1 0 0 1 1 1 1 0
 0 0 0 1 1 1 1 0 0 0 0 0 0 0 0 1 0 0 0 1 1 1 0 0 1 0]
At 28901/30000: COST 0.009/2.498(0.040) -- Acc 1.000/0.560(0.987)
[0 0 1 1 1 0 0 1 1 1 0 0 0 1 0 1 0 1 0 1 0 1 0 1 0 0 0 1 0 0 0 1 1 0 0 1 0
 1 1 1 0 1 1 0 0 0 1 0 0 1 0 1 1 1 1 1 1 1 0 0 0 0 1 0 1 1 1 0 1 1 1 1 0 0
 1 1 0 1 0 1 1 1 1 1 0 0 1 1 1 1 1 1 0 1 1 1 1 0 1 1]
At 29001/30000: COST 0.030/2.364(0.041) -- Acc 0.980/0.510(0.988)
[0 0 0 0 0 1 1 1 1 1 0 1 1 0 0 0 1 0 0 0 1 1 1 0 0 0 1 1 0 1 0 1 1 1 0 1 1
 0 1 1 0 1 1 0 1 1 1 1 1 0 0 0 0 1 0 0 1 1 0 1 1 1 0 1 1 0 1 1 0 1 0 1 0 1
 1 1 0 0 1 1 1 1 0 0 0 1 1 0 1 0 1 1 0 1 0 1 1 0 1 0]
At 29101/30000: COST 0.015/2.691(0.034) -- Acc 1.000/0.510(0.990)
[1 1 0 0 0 0 1 1 1 1 0 1 1 1 1 1 1 1 1 1 0 0 1 1 0 0 1 1 0 0 1 0 1 1 1 1 1
 0 1 1 1 0 1 1 0 1 1 1 0 0 1 1 1 0 0 1 0 1 0 1 1 1 1 1 1 0 1 1 1 1 0 1 0 0
 0 0 1 1 1 1 0 1 1 0 1 0 1 1 1 0 1 0 0 1 1 0 0 0 0 0]
At 29201/30000: COST 0.018/2.825(0.028) -- Acc 1.000/0.490(0.991)
[0 1 1 0 1 1 1 1 0 1 1 1 0 0 1 1 1 1 0 1 1 0 0 0 0 1 1 1 1 0 0 0 1 1 1 1 1
 0 0 1 1 1 0 1 0 1 0 1 1 0 1 1 1 1 1 1 0 0 1 1 1 0 1 0 1 1 0 1 0 1 1 0 0 0
 0 1 0 0 0 0 0 1 1 1 1 1 1 0 0 0 0 0 1 1 1 1 1 1 0 1]
At 29301/30000: COST 0.034/2.493(0.051) -- Acc 0.980/0.450(0.984)
[1 1 1 0 1 1 0 0 0 1 0 0 0 1 0 0 1 1 1 1 1 1 1 1 1 1 1 1 1 0 0 1 0 1 0 1 0
 0 0 0 0 1 0 1 1 1 1 1 1 1 1 1 0 1 1 0 0 0 0 1 1 0 0 0 0 1 1 0 1 1 1 1 1 1
 1 0 1 0 0 1 1 1 1 0 1 1 1 1 1 0 0 0 1 1 0 1 0 0 1 0]
At 29401/30000: COST 0.009/2.757(0.038) -- Acc 1.000/0.510(0.987)
[0 0 0 0 1 0 0 1 0 1 0 1 1 1 1 0 1 1 0 0 1 1 1 1 1 0 0 0 1 1 1 1 1 1 1 1 0
 1 1 0 1 1 1 1 1 1 1 1 1 0 0 1 1 1 1 1 1 0 1 1 1 1 1 0 1 1 1 1 1 1 1 0 1 1
 0 1 0 1 1 1 1 0 1 1 1 0 0 1 0 1 1 0 0 0 1 1 1 0 0 0]
At 29501/30000: COST 0.031/2.520(0.039) -- Acc 0.980/0.460(0.987)
[0 1 0 1 1 1 1 1 0 0 1 1 0 0 0 0 1 1 0 0 0 0 0 0 1 1 1 1 1 0 1 0 1 0 1 0 0
 0 1 1 1 0 1 1 0 1 1 1 0 1 1 1 0 0 0 0 0 0 0 0 1 1 1 0 1 1 1 0 0 1 1 1 0 0
 0 1 1 1 0 1 1 1 0 0 0 1 1 0 0 0 1 0 1 1 1 1 1 1 0 1]
At 29601/30000: COST 0.040/2.446(0.040) -- Acc 0.980/0.490(0.988)
[0 0 1 0 1 0 0 0 0 1 1 1 0 0 0 0 1 0 1 0 1 1 1 1 1 1 0 1 1 0 0 1 1 1 1 1 1
 0 0 1 0 1 0 1 0 1 0 0 0 0 1 0 0 0 1 0 1 1 1 0 0 1 0 1 0 0 1 1 0 1 0 1 0 0
 0 1 1 0 1 1 1 1 1 0 1 1 1 1 1 0 1 0 1 1 1 0 1 1 1 0]
At 29701/30000: COST 0.079/2.896(0.035) -- Acc 0.970/0.500(0.988)
[0 1 0 1 0 0 1 1 1 1 0 0 1 1 1 0 0 0 1 0 0 1 1 1 1 0 1 1 0 1 0 1 1 0 0 0 1
 1 0 0 0 1 0 0 0 0 0 1 0 0 1 1 1 1 0 1 1 0 1 1 0 1 1 1 1 1 1 0 0 0 1 0 1 0
 0 1 0 0 0 0 1 0 0 0 1 1 1 1 1 0 0 1 1 0 0 1 0 0 0 1]
At 29801/30000: COST 0.041/2.691(0.031) -- Acc 0.990/0.490(0.990)
[0 0 1 1 1 1 1 0 1 1 0 1 0 0 1 1 0 1 0 0 1 1 1 0 1 0 1 1 0 1 1 0 1 1 1 0 1
 0 0 1 0 1 0 0 0 1 0 1 0 1 0 1 1 0 1 1 1 0 1 1 0 1 0 1 0 1 1 0 0 1 1 1 1 0
 0 1 0 1 0 0 1 1 0 1 1 1 1 1 0 1 0 0 1 1 0 1 0 0 1 1]
At 29901/30000: COST 0.063/2.619(0.029) -- Acc 0.980/0.570(0.991)
