Traceback (most recent call last):
  File "tsc_mainR.py", line 13, in <module>
    X_train,X_test,y_train,y_test = load_data()
  File "/home/longxj/test/20170814pircedif_2012/5_16/tsc_model.py", line 39, in load_data
    data = read_form_csv()
  File "/home/longxj/test/20170814pircedif_2012/5_16/tsc_model.py", line 16, in read_form_csv
    f=open('000001SZ2012.csv')
FileNotFoundError: [Errno 2] No such file or directory: '000001SZ2012.csv'
Train 1155 samples in approximately 2597 epochs
Finished computation graph
[0 0 1 0 0 1 1 1 1 1 0 1 0 1 1 1 1 0 0 0 0 0 0 1 1 1 1 1 0 0 0 1 0 1 0 1 1
 0 0 1 0 0 1 0 0 0 0 0 0 1 0 1 1 1 1 1 1 0 1 1 0 1 1 0 0 1 1 1 0 0 0 1 0 0
 0 1 0 0 1 1 1 0 0 1 1 0 1 1 1 0 0 1 1 1 1 1 1 1 1 0]
At     1/30000: COST 0.694/0.695(0.693) -- Acc 0.520/0.450(0.010)
[0 0 0 0 0 0 0 0 1 0 0 0 1 0 0 0 0 0 0 0 0 0 0 0 0 0 0 0 0 0 0 0 1 0 0 1 0
 1 1 0 0 0 0 0 0 0 0 1 1 0 0 0 0 0 0 0 0 0 0 1 1 0 1 0 0 0 0 0 0 1 0 0 0 0
 0 0 1 0 1 0 0 0 1 0 0 0 0 0 0 0 0 1 0 0 0 0 0 0 0 1]
At   101/30000: COST 0.697/0.693(0.694) -- Acc 0.460/0.540(0.324)
[1 1 1 1 1 1 1 1 1 1 1 1 1 1 1 1 1 1 1 1 1 1 1 1 1 1 1 1 1 1 1 1 1 1 1 1 1
 1 1 1 1 1 1 1 1 1 1 1 1 1 1 1 1 1 1 1 1 1 1 1 1 1 1 1 1 1 1 1 1 1 1 1 1 1
 1 1 1 1 1 1 1 1 1 1 1 1 1 1 1 1 1 1 1 1 1 1 1 1 1 1]
At   201/30000: COST 0.694/0.696(0.694) -- Acc 0.470/0.490(0.432)
[0 1 1 0 1 1 0 0 0 0 0 0 1 1 0 1 0 1 0 0 0 1 0 0 1 1 1 0 1 1 0 1 0 0 1 1 1
 1 1 1 0 1 1 0 0 0 0 1 1 1 0 0 1 1 1 0 0 1 0 1 1 1 1 0 0 1 1 1 0 1 1 0 0 1
 1 1 0 1 1 0 0 1 0 1 0 0 0 0 1 1 1 1 1 1 1 0 1 0 1 0]
At   301/30000: COST 0.696/0.694(0.694) -- Acc 0.510/0.400(0.478)
[1 1 1 1 1 0 1 0 0 1 1 1 1 1 1 1 1 1 0 0 0 0 1 1 1 0 0 1 1 1 1 0 1 0 0 1 1
 1 0 1 1 1 1 1 1 1 1 1 1 0 1 1 1 1 0 0 0 0 1 0 0 0 1 0 0 0 0 1 1 1 0 0 1 0
 0 0 1 0 1 1 1 0 0 1 1 0 0 1 1 1 0 0 0 1 1 1 1 0 1 1]
At   401/30000: COST 0.692/0.699(0.693) -- Acc 0.510/0.460(0.507)
[1 0 0 1 1 1 0 1 0 1 1 1 1 1 1 1 1 0 1 1 1 0 0 1 1 1 1 1 0 0 1 1 1 1 1 1 1
 0 0 1 0 1 1 1 1 0 1 1 1 1 0 0 1 1 0 0 0 1 0 1 0 0 0 1 1 0 0 0 0 1 1 0 1 1
 1 0 1 1 0 0 1 1 0 1 0 1 1 1 0 1 1 1 1 1 1 1 1 0 0 1]
At   501/30000: COST 0.685/0.694(0.690) -- Acc 0.600/0.540(0.527)
[0 1 1 0 1 1 1 0 1 1 1 1 1 0 1 0 1 0 0 1 1 1 1 1 1 0 0 0 1 0 1 0 1 1 1 1 1
 1 0 1 1 1 1 1 0 1 1 1 1 0 1 0 0 1 1 1 0 1 1 0 0 0 0 0 1 1 1 1 0 0 1 1 0 1
 1 1 1 0 0 0 1 1 1 1 1 1 1 1 1 1 1 0 1 0 1 0 1 0 1 0]
At   601/30000: COST 0.698/0.689(0.682) -- Acc 0.550/0.510(0.552)
[1 0 1 0 1 0 0 0 1 0 1 0 1 1 0 1 0 1 0 0 0 1 1 1 0 1 1 1 0 0 0 0 0 1 1 0 1
 0 1 0 1 0 1 0 0 0 0 0 0 1 0 0 0 1 1 1 1 0 0 0 1 1 0 0 0 0 1 0 1 0 0 0 0 1
 0 1 0 0 1 0 0 0 0 1 0 1 0 1 0 1 0 0 0 1 0 1 0 1 0 1]
At   701/30000: COST 0.662/0.659(0.676) -- Acc 0.580/0.560(0.567)
[0 0 1 0 1 1 1 1 1 1 0 1 0 0 0 0 0 1 0 0 1 0 0 1 0 0 0 0 1 1 1 1 0 1 1 0 1
 0 0 0 0 0 0 0 0 0 1 1 1 1 0 0 1 0 1 0 1 1 1 0 1 1 1 0 1 1 0 1 0 0 0 1 0 1
 0 1 0 0 0 1 0 1 0 1 0 1 0 1 1 0 0 0 1 0 1 1 1 0 0 1]
At   801/30000: COST 0.679/0.736(0.669) -- Acc 0.560/0.500(0.582)
[0 1 1 0 0 0 0 0 1 0 1 1 0 0 0 1 0 0 0 0 0 0 0 0 1 1 0 0 1 1 0 0 0 0 1 0 1
 1 1 0 1 0 0 1 0 0 1 0 0 1 1 0 1 0 1 1 0 1 1 0 0 0 1 1 0 0 0 0 1 0 0 1 0 0
 0 0 0 0 1 0 0 1 1 0 1 0 1 0 1 0 1 0 0 1 0 1 1 0 0 1]
At   901/30000: COST 0.636/0.737(0.654) -- Acc 0.620/0.480(0.607)
[0 1 1 0 1 0 0 1 1 1 0 0 0 1 1 0 1 1 0 0 1 1 1 1 0 1 0 0 0 1 0 1 0 0 0 1 0
 0 1 0 0 0 1 1 1 0 0 1 1 1 1 1 0 1 1 0 0 0 1 0 1 1 1 1 1 1 1 0 0 0 0 0 0 1
 0 0 1 1 0 0 1 0 1 0 0 0 0 0 0 0 1 0 1 1 1 1 0 0 0 1]
At  1001/30000: COST 0.684/0.692(0.658) -- Acc 0.560/0.530(0.603)
[0 0 0 0 0 1 0 0 1 1 0 0 1 1 0 1 1 1 0 0 0 1 0 0 0 0 0 0 1 1 0 1 1 0 0 0 0
 1 0 0 0 1 1 0 0 0 0 1 0 0 0 1 1 1 0 1 0 1 0 0 0 0 0 1 1 1 0 1 0 0 1 1 1 1
 0 1 1 0 1 1 1 1 0 0 0 0 1 0 0 1 1 0 0 0 1 0 1 0 1 1]
At  1101/30000: COST 0.689/0.641(0.649) -- Acc 0.620/0.580(0.617)
[0 1 0 0 0 1 1 0 1 0 1 1 0 1 0 0 1 0 0 0 0 1 1 0 1 0 0 0 1 0 0 1 1 0 0 1 1
 1 1 1 0 0 1 1 0 1 0 0 0 1 0 0 1 1 0 0 1 1 0 1 1 1 1 0 0 0 0 0 0 0 1 1 1 0
 1 1 0 0 1 0 0 1 0 1 0 1 0 0 1 1 1 1 0 1 0 1 0 0 0 1]
At  1201/30000: COST 0.535/0.730(0.639) -- Acc 0.730/0.520(0.629)
[0 1 0 0 1 0 0 0 0 1 0 0 1 0 1 0 0 1 0 0 0 0 1 0 0 1 1 1 1 1 0 1 0 0 1 1 0
 1 0 1 0 1 0 0 0 0 0 1 1 0 1 1 1 1 1 1 1 0 0 0 0 1 0 0 1 1 0 1 0 0 0 1 0 1
 1 0 0 0 0 0 0 0 1 1 0 1 0 0 1 1 0 1 1 1 0 1 1 0 0 1]
At  1301/30000: COST 0.626/0.669(0.633) -- Acc 0.620/0.540(0.636)
[0 1 0 1 1 1 0 0 0 0 0 0 1 0 1 0 0 0 0 0 0 0 0 1 0 0 1 0 1 0 0 0 1 0 0 0 1
 1 1 0 0 1 0 1 0 1 0 0 1 1 1 1 1 0 1 0 1 1 1 1 1 1 0 1 1 0 1 1 1 1 0 0 1 0
 0 0 0 1 0 0 0 0 0 0 1 0 0 0 0 0 0 1 0 1 0 0 0 0 0 1]
At  1401/30000: COST 0.644/0.766(0.626) -- Acc 0.690/0.570(0.643)
[1 0 0 0 0 1 1 0 1 1 0 0 1 0 1 0 0 1 0 1 0 1 1 1 0 1 1 0 0 0 0 1 1 0 1 0 1
 0 0 0 0 0 0 0 0 0 1 1 0 1 1 0 0 1 1 0 0 0 1 0 0 0 0 0 1 0 1 0 0 1 0 1 0 0
 0 0 0 0 0 0 0 0 1 0 0 0 0 0 1 1 0 1 0 1 0 0 0 0 0 1]
At  1501/30000: COST 0.633/0.823(0.625) -- Acc 0.600/0.580(0.643)
[1 1 1 1 1 0 1 1 0 1 0 0 1 1 1 0 0 0 0 1 1 0 1 1 1 1 0 0 1 1 1 1 1 1 1 1 0
 0 1 1 0 0 1 1 0 0 1 0 0 0 0 0 1 0 1 0 1 0 1 1 0 1 0 0 1 1 1 0 0 1 1 0 1 1
 0 0 0 1 1 0 0 0 0 1 0 0 0 0 1 0 0 0 1 1 1 1 0 1 1 0]
At  1601/30000: COST 0.656/0.743(0.621) -- Acc 0.620/0.520(0.650)
[0 0 0 1 1 1 0 0 1 0 1 1 1 1 0 1 0 1 0 0 1 0 0 0 1 1 1 0 1 1 0 0 1 0 1 0 1
 0 0 0 0 0 0 0 1 0 0 1 1 1 0 1 0 1 1 0 1 1 1 1 1 0 1 0 0 1 0 0 0 0 0 1 0 1
 1 0 1 0 1 1 1 1 0 1 1 0 0 0 1 0 0 1 0 1 0 0 0 1 0 0]
At  1701/30000: COST 0.676/0.824(0.610) -- Acc 0.650/0.560(0.654)
[1 0 0 1 0 0 1 0 0 0 0 1 1 0 0 0 1 1 1 0 1 0 0 0 1 1 0 1 1 0 1 1 0 0 0 0 1
 0 1 1 0 1 0 0 0 1 0 0 0 1 0 1 0 1 0 0 1 0 0 0 1 0 1 1 1 1 1 1 1 1 0 1 0 1
 0 0 1 0 0 1 0 0 0 1 1 1 0 0 1 0 0 1 0 1 0 0 1 1 1 1]
At  1801/30000: COST 0.574/0.844(0.605) -- Acc 0.670/0.560(0.661)
[0 1 1 1 0 0 0 1 0 0 0 1 0 1 0 1 0 1 0 1 0 0 0 0 0 0 0 1 0 1 1 1 0 1 0 0 1
 0 0 1 0 0 0 1 1 1 1 0 0 1 1 0 0 1 1 1 1 1 0 1 0 0 1 1 1 0 1 0 1 1 1 1 1 0
 0 1 1 0 0 1 0 0 1 1 0 0 0 0 1 0 0 0 1 0 0 0 1 1 1 0]
At  1901/30000: COST 0.566/0.799(0.603) -- Acc 0.670/0.620(0.666)
[1 0 1 0 1 1 0 0 0 1 1 0 0 0 0 0 0 1 0 0 1 0 1 1 1 0 1 0 1 0 0 0 1 1 1 0 0
 0 0 0 0 1 1 0 1 0 1 0 1 1 1 0 0 0 0 1 0 0 0 0 0 1 1 1 0 0 1 1 1 0 0 0 1 1
 1 0 0 1 1 1 0 0 1 0 1 1 0 1 0 1 1 0 1 1 1 0 1 0 0 0]
At  2001/30000: COST 0.592/0.936(0.599) -- Acc 0.700/0.590(0.666)
[0 0 0 0 0 0 1 1 0 1 1 1 0 0 1 0 0 0 0 1 0 1 0 0 0 1 0 0 1 1 0 0 0 1 1 0 0
 0 1 0 1 1 0 1 0 1 1 1 0 1 0 1 0 0 1 1 1 0 1 0 0 1 0 0 1 1 0 0 0 1 0 0 0 0
 0 1 1 0 1 1 1 0 0 0 1 0 0 1 0 0 0 1 0 0 1 1 0 0 1 1]
At  2101/30000: COST 0.536/0.776(0.594) -- Acc 0.700/0.610(0.673)
[1 1 0 1 0 0 0 0 0 0 0 0 0 0 1 0 0 1 0 0 1 0 1 0 0 1 0 1 1 0 0 0 1 0 0 1 0
 0 0 1 1 0 0 1 0 0 1 0 1 1 0 1 0 1 0 1 1 1 1 0 1 1 1 0 1 0 1 0 0 0 0 0 1 0
 1 0 0 0 0 1 1 1 1 0 0 1 0 1 1 0 1 1 0 1 0 0 1 0 0 0]
At  2201/30000: COST 0.623/1.006(0.588) -- Acc 0.660/0.530(0.675)
[0 0 0 0 1 1 1 0 0 0 1 0 0 1 0 1 1 0 0 0 0 1 0 0 1 1 1 0 0 0 1 0 1 0 1 0 0
 1 1 0 0 0 1 0 1 1 1 0 1 0 1 1 0 1 0 1 1 0 1 0 1 1 1 1 0 1 1 0 1 0 0 0 0 0
 0 1 1 0 1 0 1 1 0 0 1 1 0 1 0 1 1 1 1 0 1 0 0 0 1 1]
At  2301/30000: COST 0.623/0.959(0.580) -- Acc 0.650/0.620(0.685)
[0 1 1 1 0 1 0 1 1 0 0 1 0 1 1 0 0 0 1 1 0 1 0 1 0 1 1 0 0 1 0 1 1 0 0 0 0
 0 1 1 0 1 1 0 0 1 0 1 0 1 1 1 1 0 0 1 0 1 1 0 0 0 0 1 0 0 0 1 0 1 1 0 0 0
 0 0 1 1 0 1 0 1 0 0 0 0 1 1 1 1 0 1 0 1 1 1 0 0 1 1]
At  2401/30000: COST 0.589/1.035(0.568) -- Acc 0.730/0.540(0.696)
[0 0 0 0 0 1 0 0 1 0 0 0 0 1 0 0 0 1 1 1 1 0 0 1 1 0 1 0 0 0 1 0 0 1 1 0 1
 1 1 0 0 1 1 0 1 0 0 0 0 0 1 0 0 0 0 1 1 1 1 1 0 0 0 1 0 0 0 0 0 0 0 0 0 1
 1 0 0 1 1 0 0 0 0 1 0 0 1 1 0 0 1 0 1 1 0 1 0 1 0 0]
At  2501/30000: COST 0.606/0.950(0.568) -- Acc 0.690/0.570(0.689)
[1 1 0 1 0 0 0 1 0 0 0 0 0 1 0 1 1 0 0 0 0 1 1 0 1 1 0 0 0 1 0 1 1 1 1 0 1
 0 1 1 1 0 1 1 0 1 0 0 0 0 1 0 1 0 1 1 0 0 0 1 1 0 1 0 0 0 1 0 0 0 1 0 0 0
 0 0 0 1 1 0 1 1 0 1 1 0 1 1 0 0 1 0 1 0 0 1 0 0 0 0]
At  2601/30000: COST 0.607/1.001(0.558) -- Acc 0.660/0.600(0.694)
[1 0 0 1 1 0 1 0 1 1 1 0 0 0 0 1 0 0 0 1 0 0 1 1 0 1 0 1 0 0 1 1 0 0 1 1 0
 0 1 0 0 0 1 1 1 1 0 1 0 1 0 1 0 0 1 0 1 1 0 0 0 0 0 0 1 1 1 0 0 0 1 1 0 1
 0 1 0 0 1 1 0 1 0 1 1 0 1 0 1 1 0 1 1 0 1 0 0 0 1 0]
At  2701/30000: COST 0.488/0.766(0.552) -- Acc 0.750/0.580(0.702)
[0 0 0 0 0 0 0 0 0 0 1 0 0 1 1 0 0 0 1 1 1 0 0 1 1 0 1 0 1 0 1 0 1 1 1 0 1
 1 1 0 0 1 0 0 0 0 1 0 1 1 0 0 0 0 0 1 0 1 1 0 0 0 0 1 1 0 1 1 1 1 1 1 1 1
 0 0 1 1 1 0 1 1 1 1 1 1 0 1 0 0 1 1 0 1 0 1 0 1 0 0]
At  2801/30000: COST 0.533/0.934(0.548) -- Acc 0.710/0.580(0.705)
[1 0 1 1 0 0 0 1 1 0 0 0 1 1 0 0 1 1 0 0 0 1 0 0 1 0 1 0 1 1 1 0 0 0 1 1 1
 1 1 0 1 1 0 0 0 0 0 0 0 0 0 0 1 1 1 0 0 0 1 1 0 1 1 1 0 0 0 1 1 0 0 0 0 1
 0 1 0 1 1 0 0 1 0 0 0 0 0 1 0 0 1 1 0 0 0 1 0 0 1 0]
At  2901/30000: COST 0.579/0.968(0.549) -- Acc 0.700/0.630(0.708)
[0 0 1 1 0 0 1 0 0 1 0 1 0 1 0 0 1 0 0 0 0 1 0 1 1 0 0 1 1 1 1 0 0 0 0 0 0
 0 1 0 0 1 1 1 0 0 0 1 1 1 0 0 1 0 1 0 1 0 1 0 0 1 1 1 1 0 0 0 1 1 0 0 0 0
 0 0 0 0 1 0 1 1 1 0 1 0 0 1 1 1 1 1 0 1 0 1 1 0 0 1]
At  3001/30000: COST 0.558/1.071(0.545) -- Acc 0.680/0.620(0.709)
[1 0 0 1 0 0 0 1 0 0 1 0 1 1 1 1 1 1 0 1 0 0 0 0 1 0 0 0 1 1 1 0 1 1 1 0 0
 0 1 1 1 1 1 1 1 0 0 0 1 1 0 0 0 1 1 0 1 0 1 1 0 0 1 0 0 0 0 0 1 1 1 1 1 0
 0 0 0 0 1 0 1 0 1 1 0 0 1 0 1 0 0 1 1 1 1 1 0 1 1 0]
At  3101/30000: COST 0.576/1.090(0.543) -- Acc 0.690/0.540(0.707)
[1 0 1 1 1 0 0 1 1 1 1 1 1 1 0 0 0 1 1 1 0 0 1 0 0 0 0 1 0 1 0 1 0 1 0 0 0
 0 1 0 0 0 1 1 0 0 1 0 1 0 1 0 1 0 1 1 1 1 1 1 0 1 1 0 0 0 0 0 0 0 1 0 0 0
 1 1 0 0 0 1 1 1 0 0 1 1 1 0 0 0 0 0 0 0 0 0 0 0 0 0]
At  3201/30000: COST 0.565/1.178(0.542) -- Acc 0.690/0.640(0.709)
[1 1 0 1 0 1 0 1 1 0 1 0 0 1 1 1 0 0 0 0 0 0 0 0 0 1 1 1 1 0 0 1 1 0 1 0 0
 0 0 0 0 1 0 1 0 1 0 0 0 0 1 1 0 0 1 0 0 0 0 1 1 0 1 0 0 0 0 1 1 0 1 0 1 1
 1 0 1 0 0 0 0 0 0 0 0 1 1 1 1 1 0 1 1 0 0 1 1 1 1 0]
At  3301/30000: COST 0.533/1.245(0.521) -- Acc 0.690/0.630(0.726)
[0 1 0 1 0 1 1 1 1 1 0 0 0 0 1 0 0 0 0 0 0 0 0 1 1 1 0 0 0 0 1 1 1 0 0 1 0
 1 1 0 0 0 1 0 1 1 1 1 1 1 0 0 0 0 1 1 1 1 1 0 1 1 0 0 1 1 0 1 0 0 0 0 0 0
 1 0 1 0 0 0 1 1 1 1 0 1 1 0 0 1 1 1 1 0 0 1 0 0 0 0]
At  3401/30000: COST 0.517/0.950(0.516) -- Acc 0.750/0.660(0.727)
[0 0 1 1 0 0 0 0 0 0 1 1 1 1 1 0 0 1 0 1 0 1 1 0 0 0 0 1 1 1 1 1 0 0 0 0 1
 0 1 1 0 1 0 1 0 0 1 0 0 1 0 1 1 1 0 1 1 1 1 1 0 1 1 0 0 0 0 0 1 0 1 0 0 0
 1 0 0 0 0 1 0 1 0 1 1 0 1 1 1 0 1 1 0 1 0 1 0 1 1 1]
At  3501/30000: COST 0.657/0.928(0.520) -- Acc 0.710/0.650(0.725)
[1 1 0 0 1 0 1 0 1 1 1 0 0 0 1 0 0 1 0 1 0 1 1 1 0 0 1 0 1 1 1 0 0 0 0 1 1
 0 0 1 1 0 0 0 0 0 1 0 0 0 1 0 1 0 0 0 1 1 1 0 1 0 0 0 1 0 1 1 1 0 0 0 1 0
 0 1 1 1 1 0 1 1 0 1 1 1 0 0 1 0 0 1 1 0 1 1 1 0 1 0]
At  3601/30000: COST 0.438/1.174(0.509) -- Acc 0.780/0.640(0.733)
[1 0 1 1 1 0 1 1 0 1 0 1 1 1 1 0 1 0 0 0 0 0 0 0 1 1 1 1 0 0 1 1 1 1 0 0 0
 0 1 1 1 0 0 1 1 1 1 1 0 0 1 1 0 1 0 1 1 1 0 0 0 1 1 0 0 0 0 0 1 0 0 1 0 0
 1 1 0 1 1 1 1 0 0 1 0 0 1 0 0 1 1 0 0 0 1 0 0 1 1 1]
At  3701/30000: COST 0.501/1.205(0.504) -- Acc 0.720/0.610(0.737)
[0 1 1 1 0 0 1 1 0 0 1 0 0 0 0 1 0 1 1 0 1 1 0 1 1 0 0 1 0 0 0 1 0 1 0 1 1
 1 0 1 0 1 0 0 1 1 1 0 0 0 1 0 1 1 1 0 0 0 1 0 0 0 1 1 0 0 0 1 1 1 1 1 0 0
 1 0 1 0 0 0 1 0 0 1 0 1 0 1 0 1 1 1 0 0 1 0 0 1 1 0]
At  3801/30000: COST 0.501/1.431(0.502) -- Acc 0.730/0.570(0.734)
[1 0 1 0 0 1 0 1 0 1 0 0 0 1 1 0 0 0 1 1 0 1 0 0 0 0 0 0 1 0 1 0 1 0 1 0 0
 0 1 1 0 0 1 0 1 1 0 1 1 1 0 1 0 0 0 0 0 0 0 0 0 0 0 0 0 0 0 0 1 0 0 1 1 0
 0 0 1 0 1 0 0 1 1 1 0 0 1 1 0 1 0 1 1 1 1 1 0 1 1 1]
At  3901/30000: COST 0.542/1.411(0.503) -- Acc 0.680/0.550(0.739)
[0 1 0 0 0 1 0 1 1 0 0 0 0 1 1 0 0 1 0 1 0 1 1 0 1 0 0 1 0 0 0 0 0 0 0 0 1
 0 1 1 0 0 0 0 0 1 0 1 1 1 1 0 1 0 1 1 0 0 0 0 1 1 0 0 0 1 0 1 1 1 1 0 1 1
 0 0 0 1 1 1 1 0 1 0 1 0 1 0 0 0 1 1 0 0 0 1 0 0 1 0]
At  4001/30000: COST 0.512/1.365(0.491) -- Acc 0.760/0.580(0.751)
[0 1 0 1 0 1 1 1 0 0 1 0 1 0 1 1 0 0 0 1 1 1 0 1 0 1 1 0 0 1 0 1 0 0 0 0 1
 1 0 1 0 1 0 0 0 1 0 1 0 1 0 1 0 0 1 0 0 0 1 0 1 0 0 1 1 0 1 0 0 0 0 1 1 1
 0 1 0 1 0 1 0 1 0 0 1 0 1 0 0 0 1 1 0 1 0 0 1 1 0 1]
At  4101/30000: COST 0.456/1.526(0.485) -- Acc 0.720/0.530(0.750)
[0 0 0 0 0 0 0 0 0 0 1 1 0 1 0 1 1 0 1 1 0 1 1 0 0 1 0 1 0 1 1 0 0 1 1 0 1
 1 0 1 0 0 0 0 1 0 1 1 1 1 0 1 1 0 0 0 0 1 1 1 0 0 1 1 1 0 1 0 1 0 0 1 1 0
 0 1 1 0 0 1 0 0 0 0 1 0 0 0 1 0 0 0 1 1 0 1 1 1 0 0]
At  4201/30000: COST 0.516/1.208(0.505) -- Acc 0.740/0.540(0.743)
[1 0 0 0 1 0 1 1 1 0 1 1 1 1 1 1 0 0 0 0 1 0 1 0 0 1 0 1 1 1 0 0 0 1 0 1 1
 1 1 0 0 1 1 0 0 1 1 0 0 1 1 0 1 1 0 0 0 1 1 0 1 1 0 0 0 1 1 1 0 0 1 1 1 0
 1 0 1 0 1 0 0 0 1 0 1 0 0 0 0 1 0 0 1 0 1 0 0 1 0 0]
At  4301/30000: COST 0.468/1.321(0.498) -- Acc 0.760/0.600(0.745)
[1 0 0 1 1 1 1 0 1 0 0 0 1 0 1 1 0 0 1 0 0 1 0 1 0 0 0 0 1 1 1 0 0 1 1 1 1
 1 0 0 0 0 1 0 0 1 0 1 1 0 1 0 1 0 1 1 0 1 1 1 0 0 1 0 1 0 1 0 0 1 0 1 0 0
 0 1 1 1 0 0 1 0 0 0 0 0 1 0 1 1 1 0 0 0 0 1 0 0 0 1]
At  4401/30000: COST 0.430/1.256(0.497) -- Acc 0.770/0.590(0.750)
[0 1 1 0 0 1 0 1 0 0 0 1 1 0 1 1 1 0 0 1 1 0 1 0 0 1 1 1 0 0 1 1 0 1 0 0 1
 0 1 1 0 1 0 0 1 0 0 0 1 1 0 1 0 0 0 0 0 0 1 1 1 1 0 1 1 1 1 1 0 0 1 1 0 0
 0 0 0 1 1 1 1 1 1 0 0 1 0 1 0 1 0 0 1 0 0 0 1 0 0 0]
At  4501/30000: COST 0.464/1.213(0.485) -- Acc 0.720/0.590(0.757)
[0 1 1 1 0 1 0 1 1 0 1 0 0 0 0 1 0 1 0 1 0 0 0 1 0 0 1 1 1 1 0 1 0 1 0 1 1
 0 1 0 0 0 0 1 1 0 0 1 1 1 1 0 0 1 0 0 0 0 0 1 0 0 0 0 0 0 0 0 1 1 0 0 0 1
 1 0 0 0 0 0 0 0 0 0 1 0 1 0 0 0 1 0 1 0 1 0 1 0 0 1]
At  4601/30000: COST 0.475/1.485(0.471) -- Acc 0.740/0.580(0.764)
[1 0 0 1 1 0 1 1 1 1 0 1 1 0 0 0 1 0 1 0 0 1 1 0 0 0 0 0 0 1 0 0 0 0 1 1 1
 0 0 1 0 0 0 0 0 1 0 0 1 1 1 0 0 0 1 0 0 0 0 1 1 1 1 1 0 0 0 1 1 1 0 0 1 1
 0 0 0 1 0 0 0 1 0 0 0 1 1 0 1 0 0 0 0 0 1 1 1 1 0 0]
At  4701/30000: COST 0.611/1.826(0.466) -- Acc 0.670/0.530(0.767)
[0 1 1 0 1 1 1 0 0 1 0 0 1 1 1 1 0 1 1 0 1 1 0 0 0 0 0 1 0 1 1 0 0 0 0 0 0
 0 0 1 0 1 1 0 0 1 0 0 1 0 0 0 0 0 0 0 1 0 0 0 0 0 0 0 1 1 1 1 1 1 0 0 1 1
 1 0 0 0 0 1 1 1 0 0 1 0 0 0 0 0 1 1 0 1 0 1 1 0 1 1]
At  4801/30000: COST 0.603/1.769(0.461) -- Acc 0.670/0.520(0.770)
[1 0 1 0 1 1 1 1 1 0 0 1 0 1 1 0 1 0 1 1 1 1 0 0 1 0 0 0 1 1 1 0 1 0 1 1 0
 1 1 0 1 1 1 0 1 1 0 0 1 0 1 0 0 0 0 0 0 0 0 1 1 0 0 0 1 0 1 1 1 0 0 1 0 1
 0 0 1 1 1 0 0 0 1 0 0 0 0 0 1 0 0 0 1 0 1 0 1 1 0 0]
At  4901/30000: COST 0.419/1.700(0.457) -- Acc 0.820/0.530(0.770)
[1 0 0 0 1 1 1 1 1 0 1 0 1 1 0 0 1 1 0 0 1 1 0 1 0 0 0 1 0 1 1 1 1 1 0 1 0
 1 1 0 0 0 0 0 1 0 0 0 1 1 0 1 0 1 0 0 1 1 1 0 0 0 1 1 0 1 0 0 1 0 1 0 1 1
 1 0 0 1 0 0 1 0 1 0 1 0 1 0 0 0 1 0 0 0 0 1 1 0 0 1]
At  5001/30000: COST 0.503/1.330(0.464) -- Acc 0.720/0.590(0.772)
[1 0 0 1 1 1 0 0 0 0 0 1 1 1 1 1 0 1 0 1 1 1 1 0 0 0 1 0 1 0 0 1 0 0 0 0 1
 0 0 1 1 0 1 1 1 0 0 0 1 0 1 1 1 0 1 0 0 1 1 1 1 0 1 0 0 0 0 1 0 1 0 1 1 0
 0 0 0 0 0 0 0 0 0 0 0 1 1 0 0 0 0 0 1 1 0 0 0 1 1 1]
At  5101/30000: COST 0.496/1.597(0.468) -- Acc 0.730/0.550(0.769)
[0 1 0 0 0 0 1 1 1 1 0 1 1 1 1 0 0 1 1 1 1 1 0 0 0 0 0 0 0 1 1 1 1 0 1 0 1
 0 0 0 0 1 0 0 0 0 0 0 0 0 0 0 1 1 0 0 0 0 1 0 0 0 0 0 1 1 1 1 0 1 0 1 0 0
 0 1 1 0 1 0 0 1 0 0 0 0 1 1 0 1 1 0 1 1 0 0 0 0 0 1]
At  5201/30000: COST 0.447/1.709(0.459) -- Acc 0.760/0.520(0.770)
[1 1 0 1 0 0 1 0 0 0 0 1 0 0 1 0 0 1 0 0 1 0 0 0 1 0 1 0 0 1 0 0 1 0 0 0 0
 1 1 0 1 0 0 0 0 0 1 1 1 0 0 1 0 1 1 1 1 1 1 0 0 1 1 0 1 0 1 0 1 1 1 1 0 0
 1 0 1 0 0 0 0 0 1 1 1 0 0 1 0 1 1 0 1 0 1 0 0 1 1 1]
At  5301/30000: COST 0.411/1.380(0.463) -- Acc 0.820/0.530(0.772)
[1 1 1 0 1 0 1 1 0 1 0 1 1 0 1 0 1 1 0 0 1 1 1 0 0 1 1 0 0 0 0 0 1 0 0 0 0
 1 1 0 1 1 0 0 1 0 1 0 1 1 0 0 0 0 1 0 1 0 0 1 1 1 0 0 1 0 0 1 0 1 0 1 0 0
 0 1 0 0 1 0 0 1 0 0 0 1 0 1 0 0 0 1 0 1 1 1 1 0 0 1]
At  5401/30000: COST 0.471/1.656(0.443) -- Acc 0.770/0.590(0.781)
[1 1 0 1 0 0 1 1 0 0 1 1 1 0 0 1 1 1 1 1 1 1 0 1 1 0 0 0 0 1 1 0 1 0 1 0 1
 1 0 0 0 0 0 0 0 0 0 1 0 0 1 1 0 0 0 0 0 0 0 0 0 1 1 0 1 1 0 0 1 1 1 0 1 1
 0 0 0 0 1 0 0 1 1 0 1 0 0 0 0 1 1 0 1 1 0 0 0 1 1 0]
At  5501/30000: COST 0.509/1.585(0.437) -- Acc 0.730/0.600(0.783)
[1 1 1 0 0 0 0 1 1 1 1 0 0 0 1 1 0 0 1 1 1 0 0 1 0 1 0 1 0 0 0 0 0 0 1 0 1
 0 0 0 1 1 1 1 0 0 0 1 0 1 1 1 1 1 0 1 0 1 1 1 0 0 0 0 0 1 1 0 0 1 1 0 0 1
 0 0 1 1 0 0 0 0 1 1 0 1 0 1 1 0 1 0 0 0 1 1 0 0 1 0]
At  5601/30000: COST 0.457/1.396(0.451) -- Acc 0.810/0.580(0.778)
[0 1 1 0 1 1 0 0 0 0 0 0 0 0 1 0 0 1 1 0 0 0 1 1 0 0 0 1 1 0 0 1 0 1 1 0 0
 0 1 1 1 0 0 1 0 0 1 1 0 1 0 0 1 1 0 1 0 1 1 0 0 0 0 0 0 1 1 1 1 0 1 1 0 0
 1 1 1 1 1 1 1 1 0 0 0 1 1 0 0 0 0 0 1 1 1 0 0 1 1 1]
At  5701/30000: COST 0.472/1.825(0.451) -- Acc 0.780/0.510(0.779)
[0 1 1 0 1 1 0 1 1 0 0 1 1 0 1 0 0 0 1 0 0 1 0 1 1 1 1 1 0 0 1 1 1 0 1 1 1
 0 0 1 1 1 0 0 0 0 1 0 0 0 1 0 0 1 0 1 0 0 0 0 0 0 0 1 0 1 1 0 1 0 0 0 1 1
 1 1 0 1 0 1 0 1 0 0 1 0 1 0 1 0 0 0 0 1 0 0 1 1 0 0]
At  5801/30000: COST 0.511/1.680(0.440) -- Acc 0.730/0.530(0.783)
[0 1 0 0 0 0 1 0 0 1 0 0 1 0 0 1 0 0 0 0 0 1 0 1 0 1 0 0 1 0 0 1 0 0 0 0 0
 0 1 0 0 1 0 1 1 0 0 0 0 0 0 1 0 1 0 0 0 0 0 0 1 1 1 0 0 0 0 1 0 1 0 1 0 1
 1 1 0 1 0 1 1 1 1 1 0 1 0 1 0 1 0 1 0 1 0 1 1 1 1 1]
At  5901/30000: COST 0.391/1.627(0.433) -- Acc 0.830/0.540(0.785)
[1 1 0 0 0 0 0 1 0 0 1 0 1 0 1 1 0 1 0 0 0 1 1 1 0 1 1 1 1 1 0 1 0 0 0 1 1
 1 0 0 1 0 1 0 0 1 0 1 0 1 1 1 0 0 1 0 1 1 0 0 1 1 1 1 0 0 0 1 1 0 0 0 0 0
 0 1 1 0 0 0 1 0 1 0 1 1 1 0 0 1 1 0 0 0 0 0 1 1 0 0]
At  6001/30000: COST 0.459/1.927(0.430) -- Acc 0.770/0.540(0.788)
[0 1 1 1 0 1 1 0 0 0 0 1 1 0 0 0 1 0 1 1 1 0 0 0 1 0 1 1 0 1 1 1 1 1 0 0 0
 0 0 0 0 0 0 1 1 0 1 0 1 1 1 1 1 0 1 1 0 0 0 1 0 0 0 0 0 0 0 1 0 0 0 1 0 1
 1 0 0 1 1 1 0 1 1 1 1 1 0 0 0 1 1 0 0 0 0 0 0 1 1 0]
At  6101/30000: COST 0.456/2.054(0.429) -- Acc 0.750/0.510(0.788)
[0 0 1 1 1 0 0 1 1 0 0 0 0 1 1 1 1 0 1 1 1 1 1 1 1 0 0 0 0 0 1 0 1 0 0 0 1
 1 0 1 1 1 0 0 0 0 0 1 0 0 0 1 0 0 0 0 1 0 1 1 0 1 0 1 1 0 1 1 0 1 0 0 0 0
 1 1 0 0 0 0 0 1 1 0 0 0 1 0 0 0 1 1 1 0 1 0 0 0 0 0]
At  6201/30000: COST 0.439/1.852(0.433) -- Acc 0.800/0.540(0.786)
[1 0 1 0 1 0 0 0 1 0 1 0 1 0 1 0 1 1 1 0 0 0 1 1 0 0 1 0 0 0 0 1 1 0 0 0 1
 0 0 0 0 0 0 1 1 1 1 0 1 1 0 1 1 1 1 0 0 0 0 1 1 0 0 0 0 0 0 0 1 1 0 1 0 0
 0 1 1 1 0 1 1 1 0 1 0 1 1 1 1 0 0 0 1 0 1 1 0 0 1 0]
At  6301/30000: COST 0.367/1.880(0.422) -- Acc 0.840/0.530(0.793)
[1 0 0 0 0 0 1 1 1 0 1 1 1 0 1 0 0 0 1 0 1 1 1 1 1 0 0 1 0 0 0 0 1 1 1 0 0
 1 1 0 0 0 1 0 1 0 0 0 1 1 0 1 0 1 0 0 1 0 0 1 0 0 1 0 0 0 0 0 1 0 0 0 0 0
 1 1 1 0 0 0 1 0 1 0 1 0 1 0 0 1 1 0 1 0 1 0 1 0 1 1]
At  6401/30000: COST 0.356/1.868(0.420) -- Acc 0.840/0.550(0.793)
[0 0 1 0 1 0 0 1 0 1 1 0 1 1 0 1 0 1 1 1 0 1 0 0 0 0 1 0 1 1 0 0 0 0 1 0 0
 1 1 0 1 0 1 0 0 1 1 0 0 0 1 0 1 0 1 0 1 1 0 0 0 1 0 0 1 0 1 1 1 0 1 1 0 1
 0 1 1 1 0 0 0 0 1 0 1 0 0 1 1 1 0 0 0 1 0 0 1 0 1 0]
At  6501/30000: COST 0.400/1.935(0.418) -- Acc 0.850/0.550(0.793)
[1 1 0 0 0 0 0 0 0 0 0 0 1 1 0 1 1 0 1 0 0 1 1 1 0 0 0 1 0 0 1 0 1 0 0 0 0
 1 0 0 1 0 1 1 1 0 1 0 1 1 0 1 0 1 1 0 1 0 0 1 0 1 0 0 1 0 0 0 1 0 1 1 0 1
 0 1 1 0 0 0 0 1 0 0 0 0 0 0 0 0 0 1 0 1 1 0 1 1 0 1]
At  6601/30000: COST 0.421/2.031(0.422) -- Acc 0.750/0.520(0.789)
[0 1 0 0 0 0 0 0 0 0 1 1 0 0 1 1 0 1 1 1 0 0 1 0 0 1 1 0 0 0 1 1 1 0 0 0 1
 0 0 1 0 1 0 0 1 1 0 0 0 0 1 0 0 0 1 0 1 0 0 1 0 0 0 0 1 0 1 0 0 0 0 0 0 0
 1 1 0 1 1 1 0 1 1 0 0 0 1 1 1 0 0 1 1 1 1 0 0 0 0 1]
At  6701/30000: COST 0.431/1.932(0.425) -- Acc 0.770/0.570(0.790)
[0 0 1 0 1 0 1 1 0 1 0 1 0 0 0 1 1 0 1 0 1 0 1 0 0 1 0 1 1 1 1 0 0 1 1 1 1
 0 0 0 0 0 1 0 1 1 1 1 1 1 0 0 1 1 1 1 0 0 0 0 1 1 0 1 1 1 0 0 0 0 1 0 0 0
 1 1 1 0 1 0 0 1 1 1 1 0 0 0 0 0 1 1 0 1 0 0 1 0 0 0]
At  6801/30000: COST 0.431/1.913(0.416) -- Acc 0.810/0.500(0.797)
[0 1 1 0 1 0 0 1 0 1 0 1 0 0 1 0 1 1 0 1 0 1 1 0 1 1 0 1 0 0 1 1 1 1 0 0 0
 1 0 1 0 0 0 1 1 1 1 1 1 0 0 1 0 0 0 0 1 0 1 0 0 0 0 1 0 1 0 0 1 0 0 0 1 1
 1 1 0 1 0 0 0 0 1 1 0 0 0 0 0 1 0 1 1 1 0 1 1 0 1 0]
At  6901/30000: COST 0.409/1.886(0.417) -- Acc 0.770/0.560(0.797)
[0 0 1 1 0 1 0 0 1 0 0 0 1 1 0 0 0 1 0 1 1 1 0 0 0 0 1 0 0 0 0 0 0 0 0 1 0
 1 1 1 0 1 1 1 0 1 0 0 0 0 0 1 1 0 0 0 1 1 0 1 1 1 1 1 0 0 0 0 0 0 0 1 0 0
 0 1 1 1 0 1 1 0 1 0 0 0 0 1 0 1 1 0 1 1 1 0 1 0 1 0]
At  7001/30000: COST 0.420/2.437(0.405) -- Acc 0.810/0.520(0.801)
[0 1 0 0 1 0 0 0 1 1 1 0 0 1 1 0 0 1 0 0 0 1 0 1 0 1 1 0 0 0 0 1 0 1 1 1 0
 1 0 0 0 0 0 1 0 0 0 0 0 1 0 0 1 1 1 1 1 0 1 0 0 1 1 0 0 1 1 0 0 1 1 1 1 0
 0 1 1 1 0 0 1 1 0 0 0 0 1 1 0 0 0 1 0 0 1 0 0 0 1 1]
At  7101/30000: COST 0.423/2.064(0.412) -- Acc 0.810/0.550(0.797)
[0 1 0 1 0 0 1 0 0 0 1 0 1 0 1 0 0 1 0 0 1 0 1 1 1 0 1 0 0 0 1 0 0 0 1 0 1
 1 0 1 0 1 0 0 0 0 0 1 0 0 1 0 0 0 1 1 0 1 1 0 1 1 0 0 1 0 1 1 0 0 1 0 1 1
 1 1 1 1 0 1 1 1 1 0 1 0 1 0 0 1 0 0 1 1 0 0 0 0 1 0]
At  7201/30000: COST 0.383/2.208(0.409) -- Acc 0.800/0.530(0.800)
[1 1 1 1 0 0 0 1 1 1 1 1 0 0 0 0 0 1 0 1 0 0 1 0 0 1 1 0 0 1 0 0 1 1 0 1 0
 1 0 1 0 0 0 0 0 0 0 0 1 0 0 0 0 1 1 0 0 1 0 1 0 0 0 0 0 1 1 1 1 1 1 1 1 0
 0 1 0 1 0 0 1 0 0 1 1 0 1 1 0 1 1 0 0 1 1 1 0 0 0 1]
At  7301/30000: COST 0.412/1.670(0.417) -- Acc 0.790/0.570(0.800)
[1 1 0 1 0 0 0 1 1 1 1 1 0 1 1 1 1 0 0 0 1 1 0 1 0 1 0 1 0 0 1 0 0 1 1 1 0
 0 0 0 0 1 1 0 0 0 0 1 0 1 0 0 0 0 0 0 0 1 1 1 0 0 0 1 1 1 0 0 1 0 0 1 0 1
 1 0 0 1 0 0 1 0 0 0 0 1 0 0 1 0 0 0 1 1 0 0 1 1 1 0]
At  7401/30000: COST 0.410/1.727(0.424) -- Acc 0.810/0.510(0.796)
[1 1 0 0 0 1 1 1 1 0 1 0 0 0 1 1 1 1 0 1 1 0 0 1 0 1 0 1 0 0 0 1 0 0 1 1 0
 0 1 0 0 1 1 1 0 1 0 0 0 1 0 1 1 1 0 1 0 0 0 0 1 0 0 0 1 0 0 0 0 1 0 0 1 1
 1 1 1 1 0 0 0 0 0 1 1 1 0 1 1 0 0 1 1 0 0 0 0 1 1 0]
At  7501/30000: COST 0.398/1.999(0.422) -- Acc 0.810/0.500(0.800)
[1 1 0 0 0 1 0 1 1 0 1 0 0 1 0 0 0 0 1 1 0 1 1 1 1 0 0 0 0 0 0 1 1 0 0 0 1
 0 1 0 1 1 0 1 1 0 0 1 0 0 0 0 1 1 1 1 1 0 0 1 1 1 1 0 1 1 0 1 1 1 1 0 0 0
 1 0 0 0 0 0 0 0 1 0 0 0 0 0 1 1 0 1 0 1 0 0 0 1 0 1]
At  7601/30000: COST 0.431/1.641(0.419) -- Acc 0.800/0.500(0.801)
[0 1 0 0 1 1 0 1 0 1 1 1 1 1 1 1 0 1 0 0 1 0 1 1 0 1 1 1 0 1 1 0 0 0 1 0 1
 0 1 0 0 0 1 0 0 1 0 0 0 0 1 0 0 1 0 1 1 0 0 1 1 0 1 1 0 0 0 0 1 1 0 1 0 0
 1 0 1 1 1 1 1 1 0 1 1 1 1 1 0 0 0 0 0 0 1 1 0 0 0 1]
At  7701/30000: COST 0.439/1.927(0.410) -- Acc 0.790/0.520(0.805)
[0 0 1 1 0 1 1 0 1 0 1 0 0 0 1 0 0 1 0 1 0 1 0 0 0 0 1 0 0 1 0 1 0 0 0 0 0
 0 0 1 0 0 0 1 0 0 0 1 0 0 1 1 1 1 1 0 1 1 0 1 1 1 0 0 0 1 1 0 0 0 1 0 1 1
 0 0 0 1 1 0 0 1 0 1 0 0 0 0 1 0 1 0 1 1 0 0 0 1 0 0]
At  7801/30000: COST 0.360/1.804(0.419) -- Acc 0.850/0.490(0.801)
[1 0 0 1 0 1 1 0 1 0 0 1 0 0 0 0 0 0 1 0 1 1 1 0 1 0 0 1 0 1 0 1 0 0 1 0 1
 0 0 0 1 1 0 0 0 0 1 0 0 0 1 0 0 1 1 0 1 0 0 1 0 1 1 1 0 0 1 1 1 0 0 0 1 0
 1 1 1 0 0 1 0 0 1 0 1 1 0 1 1 1 1 1 0 0 1 0 0 1 1 1]
At  7901/30000: COST 0.392/1.982(0.413) -- Acc 0.840/0.520(0.804)
[0 1 1 0 0 1 0 0 0 0 1 0 0 0 1 0 1 0 0 1 0 0 1 1 0 1 1 1 1 0 0 0 1 1 1 0 0
 1 0 0 1 1 1 1 1 0 1 1 1 0 1 0 1 1 1 0 0 1 1 1 1 0 1 1 0 0 1 1 1 0 1 0 1 1
 0 0 0 0 0 0 1 0 1 0 1 0 1 0 1 0 0 1 0 1 0 0 1 1 1 0]
At  8001/30000: COST 0.415/2.086(0.414) -- Acc 0.790/0.540(0.801)
[0 0 0 1 0 0 0 1 0 0 1 0 1 0 1 0 0 1 1 1 0 0 0 1 0 1 0 0 0 1 0 0 1 0 0 0 0
 1 0 1 0 1 1 0 1 0 1 0 0 1 1 1 0 0 1 1 1 1 1 0 1 1 0 1 0 0 0 0 0 0 1 0 0 1
 1 0 1 1 1 1 0 1 1 1 0 0 1 1 0 0 1 0 1 1 1 0 1 0 0 1]
At  8101/30000: COST 0.343/2.252(0.401) -- Acc 0.830/0.480(0.809)
[1 0 0 0 1 0 1 1 0 1 0 0 0 1 0 0 0 0 1 0 0 1 0 1 0 0 1 1 1 0 0 1 1 0 1 1 1
 1 0 0 1 0 0 1 1 1 0 0 1 1 1 0 0 1 1 0 0 1 0 1 1 0 0 1 0 0 1 0 1 0 0 1 0 1
 0 1 0 0 1 0 0 0 0 1 1 0 0 0 0 0 1 0 0 1 0 1 0 1 0 1]
At  8201/30000: COST 0.431/1.726(0.410) -- Acc 0.810/0.570(0.805)
[0 0 1 0 1 1 0 0 0 1 1 0 1 1 1 1 0 1 1 0 1 0 1 1 0 1 0 0 1 0 0 0 0 1 0 0 0
 0 1 0 1 1 0 0 1 1 1 1 0 1 0 0 0 0 0 0 1 0 1 1 0 0 0 0 0 0 0 0 0 1 0 1 0 1
 0 1 1 1 1 1 0 1 1 0 1 0 1 1 1 0 1 0 0 0 0 1 0 0 1 1]
At  8301/30000: COST 0.436/2.148(0.399) -- Acc 0.830/0.530(0.811)
[0 1 1 1 1 1 0 0 0 1 0 0 1 0 0 1 0 0 1 1 0 0 0 1 1 0 0 0 0 1 1 0 1 1 1 1 1
 0 1 0 0 1 0 0 0 0 0 0 1 0 0 0 0 0 0 0 1 1 1 1 1 0 1 1 1 0 1 0 0 1 0 1 0 0
 1 0 0 0 0 1 1 1 0 0 0 0 0 0 0 0 0 1 0 0 0 1 0 0 0 1]
At  8401/30000: COST 0.420/2.162(0.402) -- Acc 0.780/0.470(0.808)
[0 1 1 0 1 0 0 0 1 0 0 1 0 1 0 1 1 0 0 0 1 1 1 1 1 0 0 0 1 0 1 1 0 0 1 0 1
 1 0 0 0 1 0 0 1 0 1 0 0 1 0 0 1 1 0 0 0 0 1 0 1 1 0 0 1 0 0 0 1 1 1 0 1 1
 0 1 0 1 0 0 1 0 1 0 1 1 0 0 0 1 1 1 0 0 1 1 0 0 1 0]
At  8501/30000: COST 0.354/2.210(0.390) -- Acc 0.830/0.510(0.813)
[1 1 0 1 0 1 0 1 0 1 0 1 1 0 1 0 0 0 0 1 1 1 1 1 1 1 1 0 1 0 0 0 0 0 0 1 0
 0 1 0 0 1 1 1 0 0 0 0 0 0 0 1 1 0 0 1 0 0 1 0 0 1 1 0 0 0 1 1 1 1 1 0 1 1
 0 0 1 0 0 1 1 1 1 1 0 0 1 0 0 0 0 0 1 1 1 1 0 0 1 0]
At  8601/30000: COST 0.296/2.397(0.377) -- Acc 0.860/0.510(0.822)
[0 0 1 1 0 0 0 0 0 1 0 0 0 0 0 0 1 0 0 1 1 1 1 0 0 1 1 0 1 1 0 0 0 1 1 0 0
 0 0 1 1 0 1 0 1 1 1 1 1 0 1 0 0 1 0 1 1 0 1 0 0 1 1 0 0 1 1 1 0 1 1 0 1 1
 0 0 0 0 0 1 0 1 1 1 0 0 0 0 0 0 0 1 0 1 0 1 1 0 1 0]
At  8701/30000: COST 0.426/2.048(0.392) -- Acc 0.800/0.500(0.816)
[0 0 0 0 1 0 1 0 0 1 1 1 0 0 1 1 0 1 1 1 0 1 1 0 0 0 1 0 1 0 0 0 1 1 1 1 1
 1 1 0 0 1 0 0 0 0 0 0 1 0 0 0 0 0 1 1 0 0 1 0 0 0 0 0 1 0 0 0 0 1 0 1 1 0
 0 1 0 1 0 1 0 0 0 0 0 1 0 0 0 0 1 0 0 0 1 0 0 1 1 1]
At  8801/30000: COST 0.352/2.021(0.387) -- Acc 0.870/0.520(0.818)
[0 1 0 1 1 1 0 1 1 1 0 0 0 0 0 0 1 0 1 0 1 0 1 1 0 0 0 1 0 0 1 0 0 1 0 0 1
 1 0 1 0 0 0 1 1 0 1 0 1 0 1 0 0 0 1 0 0 0 1 0 0 1 0 0 1 0 1 1 0 0 1 0 0 0
 1 0 0 1 1 0 0 0 0 1 0 0 1 0 0 0 1 0 0 1 1 1 1 0 1 0]
At  8901/30000: COST 0.372/2.163(0.381) -- Acc 0.850/0.480(0.821)
[0 0 1 1 0 1 1 1 1 0 1 0 0 1 1 1 0 0 0 1 0 0 0 1 0 1 0 0 1 0 0 0 0 0 1 0 1
 1 1 0 1 0 0 1 1 0 1 1 0 0 1 1 0 0 1 0 1 0 0 1 0 0 1 1 0 1 0 0 1 0 0 0 0 0
 0 1 0 0 0 1 0 1 0 0 0 1 0 0 1 0 0 1 1 1 1 0 1 0 1 1]
At  9001/30000: COST 0.343/2.172(0.381) -- Acc 0.840/0.490(0.823)
[0 0 0 0 0 1 0 0 1 1 0 1 0 1 0 1 0 1 1 0 0 0 1 0 1 1 0 1 1 0 1 1 1 1 1 1 1
 1 0 0 1 1 0 1 0 0 0 1 1 0 1 1 1 1 1 0 0 0 0 1 0 1 1 0 0 0 1 0 1 0 1 0 0 0
 0 1 1 0 0 1 0 0 1 1 1 1 0 1 0 0 0 1 0 0 1 1 1 1 1 0]
At  9101/30000: COST 0.321/1.788(0.382) -- Acc 0.840/0.560(0.820)
[0 1 0 0 0 1 1 1 0 0 1 0 0 1 0 0 1 1 0 0 0 1 0 0 1 0 1 1 1 0 1 0 1 0 1 0 1
 0 0 1 1 0 1 0 0 0 1 1 1 1 0 0 1 0 0 1 0 0 1 1 0 0 1 0 0 1 0 1 0 0 0 0 0 1
 1 1 0 1 1 0 0 1 0 0 1 1 0 0 0 1 1 0 1 0 1 0 0 0 0 0]
At  9201/30000: COST 0.394/2.017(0.388) -- Acc 0.820/0.480(0.817)
[1 0 0 1 1 1 1 0 1 0 1 1 1 1 0 0 0 0 1 0 0 0 0 0 0 0 1 0 1 1 0 1 1 1 0 0 0
 0 1 0 1 0 0 1 0 0 1 0 0 1 1 1 1 1 0 0 1 1 0 0 1 0 0 0 1 1 1 1 0 0 0 0 0 0
 1 1 1 1 1 0 0 1 0 1 0 0 1 0 0 1 1 1 0 1 1 0 1 1 0 0]
At  9301/30000: COST 0.333/1.740(0.396) -- Acc 0.860/0.550(0.814)
[0 0 0 1 0 0 1 1 0 0 0 0 0 0 1 1 1 0 1 0 0 1 1 0 1 0 1 0 0 0 0 1 1 0 0 0 1
 0 0 0 0 1 0 0 1 1 0 1 1 0 0 0 1 1 1 1 0 0 1 1 0 1 1 0 0 0 0 0 1 0 1 1 0 1
 1 1 0 0 1 1 1 1 1 0 1 1 0 1 0 1 0 0 0 1 0 1 1 0 1 1]
At  9401/30000: COST 0.494/1.672(0.403) -- Acc 0.730/0.520(0.811)
[0 1 1 0 0 0 1 1 1 0 0 0 0 1 0 0 0 0 0 1 0 1 0 0 0 0 1 1 0 1 1 1 0 0 0 0 0
 1 1 0 0 0 1 1 0 1 1 0 0 1 1 0 1 1 1 0 0 0 0 1 1 0 0 0 1 1 1 1 1 0 1 1 1 1
 1 0 1 0 1 0 0 0 0 0 1 0 1 0 0 1 1 1 0 0 1 0 1 1 0 0]
At  9501/30000: COST 0.361/1.670(0.389) -- Acc 0.840/0.530(0.816)
[0 0 0 1 0 0 0 0 1 0 1 0 1 0 1 1 1 0 1 1 0 0 0 0 0 1 1 0 1 1 0 1 0 0 1 1 0
 0 1 0 1 0 1 1 1 0 0 0 1 0 1 0 1 1 0 1 0 1 0 1 0 1 0 0 0 1 1 0 0 1 1 0 0 0
 1 1 0 1 0 0 0 1 1 0 1 0 1 0 0 0 0 1 0 1 1 0 0 1 0 0]
At  9601/30000: COST 0.459/1.899(0.376) -- Acc 0.760/0.530(0.823)
[1 0 0 1 0 1 0 1 0 0 0 0 1 0 0 0 0 1 0 0 1 0 1 1 0 1 1 1 0 0 0 0 1 1 0 0 0
 0 0 0 1 1 1 1 1 0 0 0 0 1 1 1 0 1 1 0 0 1 0 1 1 0 1 1 0 1 1 0 0 1 0 0 1 0
 1 1 0 0 0 0 0 0 0 1 1 1 1 1 1 1 0 0 1 1 0 1 1 1 0 0]
At  9701/30000: COST 0.338/2.387(0.369) -- Acc 0.810/0.500(0.824)
[1 0 0 0 1 1 0 1 1 0 0 1 1 1 1 1 1 0 0 1 1 0 0 0 1 0 0 0 0 1 1 0 0 0 1 1 0
 0 0 0 0 0 0 1 0 1 1 1 0 1 0 0 0 0 1 0 0 1 1 0 0 1 1 0 0 0 1 1 0 0 0 0 1 0
 1 1 0 0 1 1 0 1 1 1 0 1 0 0 1 1 1 0 1 1 0 1 0 1 0 0]
At  9801/30000: COST 0.347/2.392(0.367) -- Acc 0.830/0.510(0.829)
[0 1 1 0 0 0 1 1 1 0 1 1 1 1 1 0 1 0 0 1 0 0 0 0 1 0 1 0 1 1 0 1 1 1 0 0 0
 1 0 1 1 1 0 0 0 0 1 0 1 0 1 0 1 0 0 1 1 0 0 0 1 0 0 0 0 1 0 1 1 0 0 1 0 0
 0 1 1 1 0 0 0 0 0 0 0 0 0 1 0 0 0 0 1 1 0 1 0 0 1 0]
At  9901/30000: COST 0.418/2.188(0.370) -- Acc 0.800/0.470(0.826)
[1 0 1 0 1 1 0 0 0 0 1 0 0 1 1 0 0 0 0 0 0 0 0 0 1 0 1 1 0 0 1 1 0 0 1 0 0
 1 0 1 0 0 0 0 0 0 1 1 0 0 1 1 0 0 1 0 1 1 0 0 1 0 1 0 1 0 1 1 1 0 1 1 0 0
 1 0 1 0 1 0 0 1 0 1 0 0 1 0 0 1 1 0 0 0 1 1 1 1 1 0]
At 10001/30000: COST 0.378/2.547(0.368) -- Acc 0.830/0.500(0.827)
[0 0 0 1 1 0 1 1 1 0 1 0 1 0 0 1 0 1 1 1 0 0 1 0 1 1 0 0 0 1 1 1 0 0 1 1 0
 0 1 0 1 0 1 0 0 1 1 0 1 1 0 1 1 1 0 0 0 0 1 0 1 0 1 1 0 1 0 0 1 1 0 1 0 1
 1 0 0 0 0 0 1 0 1 0 0 1 1 1 0 0 0 0 0 0 0 0 0 1 0 0]
At 10101/30000: COST 0.384/2.273(0.371) -- Acc 0.840/0.500(0.829)
[1 1 1 1 0 0 0 0 1 0 1 1 1 1 0 1 0 1 0 0 1 0 1 0 0 0 0 0 0 1 1 1 0 1 0 1 0
 0 1 1 1 0 0 0 1 0 0 1 0 0 0 1 1 1 1 0 0 0 0 0 0 1 0 1 1 1 1 1 0 0 0 1 0 1
 0 0 1 0 1 1 0 0 0 1 0 1 0 1 1 0 0 1 1 0 1 1 0 1 0 1]
At 10201/30000: COST 0.347/2.333(0.381) -- Acc 0.900/0.470(0.824)
[0 0 1 0 0 1 0 0 1 1 0 0 1 1 1 0 1 0 1 1 1 0 0 0 1 0 0 0 1 1 0 1 1 0 0 0 1
 0 0 0 0 1 1 1 1 1 0 0 0 1 0 0 0 1 0 1 0 0 0 0 1 1 1 1 1 0 0 0 0 0 0 0 1 0
 0 1 1 0 0 0 1 1 0 0 1 0 0 1 1 0 1 0 1 0 1 1 0 0 1 0]
At 10301/30000: COST 0.372/2.148(0.382) -- Acc 0.810/0.440(0.824)
[0 1 0 0 1 1 0 0 0 1 0 0 0 0 1 1 0 0 0 1 1 0 0 1 0 1 1 1 0 1 0 1 1 1 1 0 1
 0 1 1 0 0 0 0 1 1 0 1 1 0 0 0 1 0 0 0 1 0 1 1 0 1 0 0 1 0 1 1 0 0 1 0 0 0
 0 0 1 1 1 1 1 1 1 0 1 1 1 1 1 1 0 0 0 1 1 0 1 0 0 1]
At 10401/30000: COST 0.385/1.972(0.383) -- Acc 0.830/0.470(0.822)
[1 0 1 1 0 0 1 1 0 0 0 0 1 0 0 0 0 1 0 1 1 0 0 0 0 0 0 1 0 1 1 1 1 0 0 0 1
 1 1 0 1 0 1 0 1 0 1 1 1 0 0 1 0 1 0 0 1 0 1 0 0 1 0 0 1 1 0 1 0 1 1 0 0 0
 0 0 0 1 1 0 1 1 1 0 0 1 1 1 0 1 0 0 1 0 1 0 0 0 0 0]
At 10501/30000: COST 0.438/1.965(0.388) -- Acc 0.790/0.510(0.818)
[0 0 1 1 0 1 0 0 0 1 1 1 1 1 0 1 1 1 1 0 0 0 0 0 0 1 1 1 0 1 0 0 1 0 1 0 1
 1 0 1 1 1 0 0 0 0 1 0 0 1 1 0 1 1 0 0 1 0 1 0 0 1 1 1 0 1 0 0 0 0 1 1 1 0
 1 1 0 0 0 0 0 0 0 1 1 0 1 0 0 0 0 1 0 0 1 1 1 0 1 1]
At 10601/30000: COST 0.478/1.915(0.369) -- Acc 0.790/0.530(0.830)
[1 0 1 1 1 1 1 1 0 1 1 0 0 1 1 0 0 0 1 0 1 0 1 1 1 0 0 0 0 0 0 1 0 0 1 1 0
 1 1 1 0 1 0 1 1 0 1 1 1 1 1 0 0 0 0 1 0 1 1 1 0 1 0 1 0 0 0 0 1 0 0 0 1 0
 0 1 0 1 1 1 1 1 1 0 1 0 0 1 0 0 0 1 1 1 1 0 0 0 0 1]
At 10701/30000: COST 0.482/1.557(0.377) -- Acc 0.790/0.510(0.830)
[0 0 0 1 1 0 0 1 0 1 0 1 0 1 1 0 0 1 1 1 0 0 0 1 1 0 1 0 0 1 1 0 0 1 1 0 0
 0 1 0 1 0 0 0 1 1 0 1 0 1 0 0 1 0 1 0 1 1 0 1 1 0 1 1 0 1 0 0 1 1 1 1 0 1
 1 0 1 0 0 1 1 0 1 0 1 0 1 0 1 0 0 0 0 1 1 1 0 1 1 1]
At 10801/30000: COST 0.382/1.970(0.381) -- Acc 0.860/0.500(0.825)
[1 0 1 0 1 1 0 0 0 1 0 0 1 1 1 0 0 0 1 1 0 1 0 1 1 1 0 1 0 1 0 0 1 1 1 1 1
 1 1 1 1 0 0 0 1 0 0 0 0 0 0 1 1 0 1 1 0 1 0 1 1 1 0 1 0 1 0 1 0 1 0 0 1 0
 1 1 0 1 0 1 0 0 1 1 1 1 0 0 0 0 1 0 0 1 0 0 1 0 1 1]
At 10901/30000: COST 0.418/1.686(0.395) -- Acc 0.810/0.490(0.818)
[1 0 0 0 0 1 0 0 1 1 1 0 0 0 0 0 1 1 0 0 1 0 0 1 1 1 0 0 0 0 1 0 0 1 0 1 1
 0 1 0 1 0 1 1 1 0 0 1 1 0 1 1 0 0 0 0 1 1 0 0 1 0 0 1 1 1 1 0 1 1 0 0 0 0
 1 0 1 1 1 1 0 1 0 0 0 0 1 1 0 1 1 0 0 0 1 0 1 1 0 1]
At 11001/30000: COST 0.356/2.178(0.384) -- Acc 0.820/0.520(0.821)
[1 0 1 0 0 1 1 0 1 1 0 1 0 0 1 0 0 0 1 0 0 0 0 1 0 1 1 0 1 0 1 0 0 0 1 0 1
 1 1 0 0 1 0 0 1 1 1 1 0 1 0 1 0 1 0 1 1 1 1 0 0 1 0 0 0 1 1 0 1 0 0 0 1 0
 1 0 0 1 0 0 0 1 1 1 0 0 1 1 0 0 0 1 1 1 1 0 1 0 1 1]
At 11101/30000: COST 0.314/2.207(0.384) -- Acc 0.880/0.460(0.820)
[0 0 0 1 0 1 0 0 1 1 0 1 1 1 1 1 0 0 1 0 0 1 0 0 1 1 1 1 0 0 0 1 0 0 0 0 0
 0 1 0 1 0 0 1 0 1 0 1 0 1 0 0 1 0 1 1 0 0 0 0 1 0 1 0 1 0 0 1 1 1 0 1 1 1
 1 0 1 0 1 1 1 0 0 1 1 0 1 1 0 0 0 1 0 0 0 0 1 1 0 1]
At 11201/30000: COST 0.311/1.841(0.385) -- Acc 0.870/0.520(0.821)
[1 1 0 1 0 0 1 1 0 1 1 1 0 1 0 1 1 0 1 0 1 1 0 1 1 0 0 0 0 1 0 0 0 0 1 0 1
 0 0 0 1 1 0 1 0 0 0 1 1 1 1 0 1 1 1 1 0 1 0 0 0 0 1 0 0 0 1 1 0 1 1 1 1 0
 1 0 1 0 1 0 1 0 0 1 0 0 1 0 1 1 0 1 1 0 1 1 1 0 0 0]
At 11301/30000: COST 0.306/1.977(0.382) -- Acc 0.900/0.500(0.822)
[0 1 0 1 0 0 0 0 0 1 1 0 0 1 1 1 1 0 1 1 1 0 0 1 1 1 0 0 1 0 1 0 0 1 0 0 1
 1 0 1 0 0 0 0 1 0 1 1 0 0 1 0 0 0 0 1 0 0 0 1 1 0 0 0 0 0 1 1 1 0 1 0 0 0
 1 1 1 0 0 1 0 1 1 0 0 0 1 0 1 0 1 1 0 1 0 1 0 0 0 1]
At 11401/30000: COST 0.367/2.217(0.377) -- Acc 0.760/0.450(0.824)
[1 0 1 0 0 0 0 0 0 0 1 0 1 0 0 1 1 1 0 0 0 0 1 0 1 1 1 0 1 0 1 1 1 1 1 0 1
 1 1 1 0 0 0 0 1 0 0 1 0 1 1 0 0 1 1 0 0 1 1 1 1 1 1 0 0 1 1 1 1 1 0 0 0 0
 1 0 1 1 1 0 1 0 0 0 0 0 0 1 1 0 1 0 0 0 1 1 0 1 1 0]
At 11501/30000: COST 0.264/2.478(0.369) -- Acc 0.910/0.450(0.833)
[0 0 0 0 1 0 1 0 0 1 1 1 0 0 1 0 0 0 1 0 0 0 0 0 1 0 0 1 1 1 0 1 0 0 0 0 0
 1 0 1 1 0 0 0 0 0 1 0 1 1 1 1 0 1 1 1 1 1 1 1 0 1 0 0 1 1 1 1 0 1 1 0 0 0
 0 0 0 0 0 0 1 0 1 0 0 0 1 1 1 0 1 1 0 1 0 0 1 0 1 1]
At 11601/30000: COST 0.472/2.742(0.363) -- Acc 0.810/0.420(0.834)
[1 1 1 1 1 0 0 1 1 0 0 1 1 1 0 1 1 0 0 0 1 1 0 0 0 0 1 1 0 1 0 1 1 1 0 0 0
 1 1 1 1 1 0 1 1 0 0 1 0 1 1 0 1 0 1 0 0 0 0 0 0 0 0 1 0 0 0 0 1 0 0 1 0 1
 0 1 0 1 0 1 1 1 0 0 1 1 0 0 0 0 1 1 1 1 1 1 1 0 0 0]
At 11701/30000: COST 0.373/2.286(0.374) -- Acc 0.820/0.470(0.828)
[0 1 0 0 0 0 0 1 0 0 1 0 1 0 1 1 0 0 1 1 0 0 1 1 0 0 1 1 0 0 1 1 1 1 0 1 1
 0 0 1 1 0 0 1 1 1 1 1 0 1 1 1 0 0 0 1 1 1 1 0 0 1 0 1 0 0 0 1 0 1 0 1 1 0
 0 1 1 1 1 0 0 1 1 1 1 0 0 1 1 1 1 0 0 0 1 0 1 0 1 1]
At 11801/30000: COST 0.314/2.392(0.362) -- Acc 0.870/0.450(0.834)
[1 1 1 0 1 1 1 0 0 0 1 0 0 0 1 0 1 1 1 1 0 0 1 1 1 0 1 0 1 1 0 1 1 0 1 1 0
 1 0 1 0 1 0 0 0 1 0 1 0 0 1 0 0 1 1 1 0 1 0 1 0 1 0 0 0 0 1 0 1 1 0 1 1 0
 1 1 0 0 0 1 1 0 0 0 1 0 0 1 0 1 1 0 0 1 0 0 0 1 1 0]
At 11901/30000: COST 0.355/2.713(0.349) -- Acc 0.890/0.450(0.842)
[0 0 0 0 0 1 0 0 0 0 1 1 0 0 0 1 1 1 1 0 0 0 0 0 0 1 0 0 0 0 1 0 0 1 0 1 1
 0 0 1 0 0 1 1 0 0 1 0 1 1 1 1 0 1 1 0 1 1 0 1 1 1 0 1 1 0 1 1 0 1 0 0 1 0
 1 0 1 1 0 1 1 0 0 1 1 1 1 0 0 0 0 0 1 1 0 1 0 0 1 1]
At 12001/30000: COST 0.326/2.548(0.352) -- Acc 0.860/0.440(0.837)
[0 0 1 0 0 1 0 1 0 1 0 1 0 1 1 1 1 1 0 1 0 0 1 0 0 0 1 1 0 1 1 1 1 1 0 0 0
 0 1 0 1 0 1 0 1 0 0 1 1 1 1 1 0 0 1 0 0 0 1 0 0 1 1 1 1 1 0 1 1 0 1 0 0 0
 0 0 1 0 1 0 1 0 0 0 0 1 0 0 0 1 0 0 1 1 0 1 1 1 1 0]
At 12101/30000: COST 0.327/2.904(0.342) -- Acc 0.840/0.400(0.841)
[0 1 0 0 0 0 1 1 0 1 0 0 1 0 1 0 1 0 0 1 1 1 1 0 0 0 1 0 0 1 0 1 0 1 0 1 1
 1 1 1 0 1 1 0 1 0 1 0 1 1 0 1 1 0 1 0 0 1 1 0 1 1 1 0 1 1 0 1 0 0 1 0 1 0
 1 1 0 0 0 0 0 1 0 0 0 0 0 1 0 0 0 1 0 0 0 1 1 0 0 1]
At 12201/30000: COST 0.284/2.892(0.345) -- Acc 0.890/0.480(0.843)
[1 0 0 1 0 1 0 0 0 0 1 1 0 0 1 1 1 1 1 0 0 0 0 0 1 1 0 1 0 0 0 1 0 1 1 1 0
 1 1 1 1 0 1 0 0 1 0 1 1 1 1 0 0 0 0 1 0 0 1 1 0 1 0 1 1 0 1 0 0 1 1 1 0 0
 0 1 1 0 1 0 1 1 1 0 1 1 0 0 0 0 1 1 0 0 0 0 1 0 1 0]
At 12301/30000: COST 0.346/2.242(0.354) -- Acc 0.840/0.420(0.838)
[1 0 0 1 0 1 1 1 1 1 0 0 0 0 0 0 0 0 1 1 0 0 1 1 0 0 0 0 1 1 1 1 0 1 1 0 1
 1 0 1 0 1 0 1 0 0 1 1 1 0 1 0 0 0 0 0 1 0 0 0 0 1 1 0 0 1 0 0 0 1 0 1 1 1
 0 0 0 0 0 1 0 0 1 1 0 0 1 0 0 0 1 0 1 1 0 0 0 0 1 1]
At 12401/30000: COST 0.285/2.616(0.350) -- Acc 0.890/0.380(0.840)
[1 0 1 1 0 1 0 0 1 0 1 0 0 1 1 1 0 1 0 1 0 0 1 1 1 0 1 1 0 0 1 0 0 0 1 1 0
 1 0 0 1 1 0 1 0 0 0 0 0 0 1 0 1 1 0 0 1 1 0 1 0 0 1 0 0 1 1 0 0 0 0 0 1 0
 0 0 0 0 0 0 0 1 1 1 1 1 1 0 0 1 1 0 0 0 0 1 0 1 0 0]
At 12501/30000: COST 0.392/2.661(0.354) -- Acc 0.780/0.440(0.839)
[0 0 1 1 0 0 1 1 0 1 0 0 1 0 1 0 0 1 1 1 1 0 1 0 0 1 1 0 0 0 0 0 1 0 1 0 0
 1 1 1 1 0 1 1 0 1 0 1 1 0 1 0 0 0 1 0 0 0 0 0 1 1 1 0 0 0 0 0 1 0 1 0 1 0
 0 0 0 1 1 0 1 0 0 0 0 0 0 0 0 1 1 1 1 0 1 1 0 1 0 1]
At 12601/30000: COST 0.276/2.668(0.365) -- Acc 0.870/0.450(0.830)
[1 0 0 1 1 0 1 0 1 0 0 1 0 0 0 0 1 1 0 1 0 1 1 1 0 1 1 0 1 1 1 1 1 0 1 1 0
 1 0 1 0 1 0 0 1 1 0 1 0 1 0 0 0 0 0 0 1 0 0 0 1 1 0 1 0 0 1 0 0 0 0 0 0 1
 1 0 1 0 1 1 1 1 1 1 0 1 0 0 1 1 1 0 0 1 0 0 0 0 0 1]
At 12701/30000: COST 0.322/2.413(0.366) -- Acc 0.860/0.430(0.834)
[0 0 1 1 0 1 0 0 1 1 0 1 0 0 0 0 0 0 0 1 0 0 0 1 0 0 0 1 1 0 0 1 1 0 1 0 1
 0 1 1 0 0 1 0 1 0 1 0 0 1 1 1 0 1 1 1 0 0 0 0 1 0 1 1 1 1 0 0 1 1 1 0 1 0
 0 0 0 0 0 0 0 1 1 1 0 0 1 0 1 0 1 0 0 1 0 0 0 1 1 1]
At 12801/30000: COST 0.413/2.454(0.363) -- Acc 0.850/0.430(0.837)
[0 1 0 1 0 0 1 1 0 1 1 0 0 0 1 0 1 1 0 0 0 1 1 0 0 0 1 1 0 1 0 0 1 1 0 0 0
 0 0 0 0 1 1 0 1 1 1 0 1 0 1 0 1 0 0 1 0 0 1 1 1 1 1 1 0 0 1 1 1 0 0 1 1 0
 1 1 0 0 0 0 1 1 1 1 1 1 1 0 0 0 0 1 1 0 1 1 0 1 1 0]
At 12901/30000: COST 0.342/2.571(0.355) -- Acc 0.870/0.440(0.837)
[0 1 0 1 0 1 0 0 1 0 1 1 1 0 0 1 0 1 0 0 0 0 0 0 0 0 0 0 1 1 1 0 1 0 1 0 1
 1 0 1 0 0 0 0 1 0 0 1 1 1 1 0 1 0 0 1 1 1 1 1 1 1 0 1 1 0 0 0 0 1 1 0 0 0
 0 0 1 0 0 1 1 0 1 0 0 0 0 0 0 1 1 1 0 0 1 0 1 0 1 0]
At 13001/30000: COST 0.354/1.904(0.367) -- Acc 0.870/0.490(0.836)
[0 1 1 0 1 0 1 1 0 1 0 0 1 1 0 1 1 0 0 0 1 1 0 0 0 0 0 1 0 1 1 0 0 1 1 0 0
 1 0 0 0 1 0 0 0 0 1 1 0 1 1 0 1 1 0 1 0 1 0 1 1 0 0 0 0 0 1 0 1 0 0 1 1 1
 0 0 1 1 0 1 1 1 1 0 0 0 0 0 1 0 0 1 0 0 1 0 0 0 1 1]
At 13101/30000: COST 0.247/2.132(0.367) -- Acc 0.900/0.520(0.836)
[1 1 0 1 1 1 1 1 0 1 0 0 1 0 0 0 0 1 1 1 1 1 1 0 0 1 0 1 1 0 0 1 1 0 1 1 1
 0 1 1 1 0 0 0 1 1 1 0 0 0 1 1 0 0 1 1 0 0 0 1 0 1 0 0 1 1 1 0 1 0 1 0 0 1
 0 0 1 0 1 0 0 0 0 0 1 0 0 1 1 1 0 1 1 1 1 0 1 0 1 1]
At 13201/30000: COST 0.384/2.600(0.359) -- Acc 0.800/0.470(0.838)
[1 1 0 1 1 1 0 0 0 1 1 0 0 1 1 1 1 0 1 0 1 0 0 1 0 0 0 0 0 0 1 1 0 1 1 0 1
 1 0 0 1 1 1 1 1 0 0 1 0 0 1 1 1 1 1 0 1 0 1 0 0 1 0 1 0 0 1 1 0 0 0 1 1 1
 1 0 0 0 0 1 1 0 0 1 0 1 1 0 1 0 0 0 1 1 0 0 1 0 1 0]
At 13301/30000: COST 0.355/2.735(0.352) -- Acc 0.800/0.440(0.840)
[1 0 0 0 1 0 1 0 1 0 1 0 1 1 0 0 0 1 1 1 0 1 0 0 0 1 0 1 0 0 1 1 0 0 1 0 1
 1 1 1 0 1 0 0 1 0 0 1 0 0 0 1 1 1 1 1 1 0 0 1 0 0 0 1 1 0 0 1 1 0 1 0 0 1
 0 1 1 0 1 0 1 1 1 0 1 1 1 0 1 0 1 0 1 1 0 0 1 1 1 1]
At 13401/30000: COST 0.306/2.345(0.342) -- Acc 0.850/0.480(0.845)
[0 1 0 1 0 1 0 0 0 0 1 0 0 0 1 0 1 0 0 0 1 1 1 1 1 0 0 0 1 1 1 0 1 1 0 1 1
 0 0 0 1 1 1 1 1 0 0 1 1 1 0 0 1 1 1 1 1 1 1 0 0 1 0 1 1 0 1 0 1 0 1 0 1 1
 1 1 1 1 0 1 1 1 0 1 0 0 1 0 1 0 0 0 0 0 0 0 0 0 1 0]
At 13501/30000: COST 0.394/2.149(0.355) -- Acc 0.800/0.450(0.838)
[0 1 1 1 1 0 1 1 1 1 0 1 1 0 0 0 0 0 1 0 0 1 0 1 1 1 0 0 0 0 1 0 0 1 1 1 0
 1 1 0 0 0 0 1 0 0 1 1 1 1 1 1 0 1 1 0 1 1 0 0 1 1 0 0 0 1 0 0 1 1 0 1 0 1
 0 0 0 1 1 1 0 0 1 0 0 0 0 1 1 1 0 0 1 1 0 1 1 0 1 0]
At 13601/30000: COST 0.364/2.340(0.350) -- Acc 0.840/0.460(0.842)
[1 0 1 1 0 1 1 1 0 0 1 1 1 0 1 1 0 0 0 1 0 0 0 1 1 1 1 0 0 1 1 1 0 0 1 1 1
 0 0 0 1 1 0 1 0 0 0 0 1 1 0 0 1 0 1 1 1 0 0 1 1 0 1 1 0 0 1 1 0 1 1 0 1 0
 1 1 1 0 1 1 0 0 0 1 1 0 1 0 0 1 1 0 0 0 0 0 0 0 1 0]
At 13701/30000: COST 0.318/2.371(0.345) -- Acc 0.860/0.460(0.839)
[1 1 0 0 0 1 0 1 0 0 0 1 0 1 0 0 0 0 1 1 0 0 1 0 0 0 0 1 1 0 1 0 0 0 0 1 0
 0 1 0 0 1 1 0 0 1 1 1 0 0 1 0 0 1 1 0 1 1 1 1 0 0 1 1 0 1 0 0 1 1 1 1 1 0
 1 1 0 0 0 0 1 0 1 1 1 1 0 0 1 1 0 0 1 0 1 1 0 0 1 0]
At 13801/30000: COST 0.361/2.369(0.338) -- Acc 0.800/0.480(0.845)
[1 0 0 1 0 1 1 0 0 0 1 1 0 0 1 1 1 0 1 0 1 0 0 0 0 1 0 1 1 0 0 0 1 0 0 0 1
 0 1 0 0 0 0 1 1 1 0 1 1 0 0 0 1 0 0 0 1 1 1 0 1 1 0 0 1 1 1 0 1 1 1 1 1 1
 1 1 1 1 0 1 1 0 1 0 0 1 0 0 1 0 0 0 1 0 0 1 1 0 0 0]
At 13901/30000: COST 0.434/2.258(0.348) -- Acc 0.830/0.460(0.843)
[0 0 0 0 0 0 1 1 0 0 0 0 0 0 1 1 1 0 1 1 1 0 0 1 1 0 0 0 1 1 1 0 1 0 1 1 0
 0 0 0 1 0 0 1 0 0 1 0 1 1 1 0 0 1 1 1 0 0 1 0 0 1 0 1 0 0 1 1 1 0 0 1 0 1
 1 0 0 1 0 1 0 0 1 0 1 1 0 1 1 0 1 0 1 1 1 1 0 1 0 1]
At 14001/30000: COST 0.368/2.552(0.336) -- Acc 0.840/0.490(0.846)
[0 1 0 0 0 1 0 0 0 1 1 0 1 1 1 1 0 0 1 0 0 0 1 0 1 1 0 0 1 0 1 1 0 1 0 1 1
 1 1 0 0 0 1 0 0 1 1 1 1 0 0 0 1 1 0 1 0 0 1 0 1 1 0 0 0 1 0 1 0 0 0 0 0 1
 1 1 1 1 0 0 1 1 1 1 0 1 0 0 0 0 1 0 0 0 0 0 0 0 1 1]
At 14101/30000: COST 0.378/2.645(0.335) -- Acc 0.810/0.430(0.848)
[1 1 0 1 0 0 0 1 1 1 0 0 0 0 1 0 1 0 1 0 0 0 0 0 1 0 1 0 1 0 0 0 0 0 1 1 0
 1 0 1 1 1 1 0 1 1 0 0 0 0 0 1 0 0 0 1 0 1 1 1 1 1 1 0 0 0 0 0 1 0 1 0 1 1
 1 1 0 1 0 1 1 0 0 1 0 0 0 1 1 0 0 1 0 1 1 0 1 1 0 0]
At 14201/30000: COST 0.397/1.930(0.340) -- Acc 0.820/0.490(0.850)
[1 1 1 1 0 1 0 0 1 1 0 1 1 0 0 1 1 0 0 1 0 1 0 1 1 0 0 1 0 0 0 0 1 0 1 0 1
 1 0 1 1 0 0 1 0 0 0 1 1 0 1 0 1 0 1 1 1 1 1 1 1 1 1 0 0 0 0 0 0 0 1 0 0 1
 1 0 1 1 1 1 0 1 1 1 1 0 0 1 1 1 0 0 1 0 0 0 0 0 1 0]
At 14301/30000: COST 0.428/1.892(0.364) -- Acc 0.780/0.490(0.836)
[1 1 0 1 1 1 1 1 0 0 1 1 1 1 0 1 1 0 0 1 0 1 0 1 0 0 1 0 0 1 0 0 1 1 0 0 1
 1 0 0 0 1 1 0 0 0 0 0 1 0 0 1 0 0 0 0 0 1 0 0 0 1 0 0 0 0 1 0 1 0 0 1 1 1
 1 1 0 0 0 0 1 0 0 0 1 0 1 1 1 0 1 0 1 0 1 1 0 1 1 0]
At 14401/30000: COST 0.390/2.466(0.366) -- Acc 0.800/0.390(0.835)
[1 1 0 0 1 1 1 0 0 0 0 0 1 0 0 1 0 0 0 0 0 1 0 0 1 0 0 1 0 0 1 0 1 1 0 1 1
 1 0 0 0 1 0 0 0 0 1 0 0 0 0 1 0 0 0 1 1 0 1 1 0 1 0 1 0 0 1 0 1 0 0 1 1 0
 1 0 0 1 0 0 1 1 1 0 1 0 1 1 0 0 0 0 0 1 0 0 1 1 0 1]
At 14501/30000: COST 0.351/2.471(0.350) -- Acc 0.840/0.420(0.845)
[1 0 1 0 0 0 0 1 1 0 1 1 0 0 0 0 1 1 1 0 0 1 0 1 0 1 1 0 1 0 1 1 1 0 1 0 0
 1 1 0 0 0 1 0 0 0 1 1 0 0 0 0 0 1 1 0 0 1 1 1 1 0 0 1 1 0 1 0 1 0 0 1 1 1
 0 1 0 1 1 1 0 0 0 1 1 1 0 1 0 1 0 0 1 0 0 0 0 1 0 1]
At 14601/30000: COST 0.441/2.362(0.351) -- Acc 0.830/0.490(0.844)
[0 0 0 0 0 1 0 0 1 0 1 1 1 0 0 0 1 1 0 1 0 1 0 1 0 1 0 0 0 0 0 0 1 0 0 0 1
 0 1 1 0 1 1 0 1 1 0 1 0 0 0 1 0 1 0 0 0 0 0 1 0 1 1 0 0 0 1 0 1 0 1 0 0 1
 1 1 1 1 1 0 0 0 1 0 1 0 0 1 0 1 0 1 0 0 1 1 1 0 0 0]
At 14701/30000: COST 0.277/2.081(0.352) -- Acc 0.890/0.470(0.844)
[0 1 0 1 1 1 0 0 0 0 0 1 0 1 0 0 1 1 0 0 0 0 0 0 0 0 1 1 0 0 0 1 0 0 1 1 0
 1 1 0 0 1 1 0 0 0 1 0 0 1 0 1 0 1 1 0 0 0 1 1 1 1 0 0 1 1 1 0 0 0 0 0 1 1
 0 1 0 0 0 1 0 0 0 0 0 1 0 0 0 0 1 1 0 1 1 1 1 0 1 0]
At 14801/30000: COST 0.396/1.873(0.356) -- Acc 0.800/0.520(0.841)
[1 0 0 0 0 0 1 0 1 0 1 0 1 0 0 0 0 1 0 0 1 1 1 1 0 0 0 1 0 1 0 0 0 1 0 1 0
 1 0 0 1 1 0 0 0 0 1 1 1 1 0 0 1 0 1 1 0 0 1 0 1 0 0 0 1 0 1 1 0 1 0 0 1 0
 0 0 0 1 1 1 0 1 1 1 0 0 0 1 0 0 0 0 0 0 0 0 1 0 1 0]
At 14901/30000: COST 0.417/2.359(0.351) -- Acc 0.840/0.490(0.842)
[1 0 0 0 1 0 1 0 0 1 0 1 0 1 1 0 0 0 1 0 1 1 0 1 1 0 1 0 1 1 0 1 1 0 1 0 1
 0 0 0 0 0 1 0 1 1 0 0 0 0 0 1 0 1 0 1 1 0 1 1 0 0 0 1 1 0 0 0 1 0 1 0 1 0
 0 1 1 1 1 1 1 0 0 1 0 1 1 1 1 1 0 0 0 1 0 0 0 0 0 1]
At 15001/30000: COST 0.342/2.688(0.336) -- Acc 0.890/0.460(0.848)
[0 1 0 1 1 1 1 0 0 0 0 0 0 0 0 1 1 1 1 0 0 1 0 1 0 0 0 0 1 1 0 1 0 1 1 1 1
 0 1 1 1 1 0 0 0 1 1 0 1 0 1 1 0 1 1 1 0 1 1 0 1 0 0 1 0 1 1 0 0 1 0 1 0 0
 0 1 0 1 1 1 0 1 1 1 0 1 0 0 0 0 1 1 1 0 0 1 1 0 1 1]
At 15101/30000: COST 0.287/1.693(0.341) -- Acc 0.850/0.560(0.847)
[1 1 0 0 0 1 1 0 1 0 1 1 1 1 0 0 1 0 1 1 1 0 0 0 0 0 1 1 1 0 0 0 0 1 0 1 0
 1 1 0 0 0 1 1 0 1 1 0 0 0 0 1 0 1 0 1 0 1 0 0 1 1 0 0 1 0 0 0 1 0 0 0 1 1
 1 0 1 0 0 1 0 0 1 0 1 1 0 1 0 1 0 1 1 0 0 0 1 0 0 0]
At 15201/30000: COST 0.338/2.143(0.352) -- Acc 0.820/0.520(0.842)
[1 1 1 1 1 1 1 1 1 0 0 1 0 0 1 1 1 1 0 1 1 1 0 0 0 0 0 1 0 0 0 0 1 1 0 0 0
 0 0 0 1 0 0 0 1 1 1 0 0 0 0 1 0 0 0 0 1 0 1 0 0 1 0 1 0 0 0 0 0 0 1 1 0 0
 1 0 0 0 1 1 0 0 0 1 1 1 0 1 1 0 1 0 0 0 0 0 1 1 0 0]
At 15301/30000: COST 0.323/2.153(0.350) -- Acc 0.870/0.450(0.845)
[0 0 1 0 1 1 1 1 1 1 0 0 0 1 0 0 1 0 0 1 1 1 0 0 1 0 0 0 1 0 0 0 1 1 0 1 0
 1 1 1 1 0 0 0 1 0 1 0 0 1 1 0 1 0 0 0 0 1 0 0 1 0 0 1 1 0 0 1 1 1 1 1 0 0
 0 0 1 1 1 0 0 1 1 0 0 0 0 0 1 0 0 1 0 1 0 0 1 1 1 1]
At 15401/30000: COST 0.351/2.021(0.354) -- Acc 0.860/0.480(0.844)
[0 1 0 0 0 1 1 1 1 1 1 0 0 1 0 1 1 0 0 0 0 1 1 0 0 1 1 1 0 0 0 1 0 1 0 0 0
 1 0 1 0 0 0 0 1 1 1 0 0 0 1 1 1 0 1 0 1 1 1 0 0 0 0 1 0 0 0 1 1 0 0 0 1 0
 1 1 1 1 0 0 0 0 1 1 1 1 0 0 1 1 0 0 1 0 1 0 0 1 0 0]
At 15501/30000: COST 0.429/2.120(0.353) -- Acc 0.780/0.490(0.844)
[0 0 0 1 1 1 1 1 0 0 0 1 0 1 0 0 1 1 0 0 0 1 0 1 0 1 1 0 0 1 0 0 0 1 0 1 1
 1 1 1 1 1 1 1 1 0 1 1 0 0 1 0 1 1 1 0 0 1 0 1 1 0 0 1 1 1 0 1 0 0 0 1 0 0
 1 1 0 1 1 0 1 0 1 0 0 0 0 1 0 0 1 0 1 1 0 0 0 0 1 0]
At 15601/30000: COST 0.271/2.554(0.339) -- Acc 0.890/0.450(0.848)
[0 0 0 0 1 0 0 0 0 0 0 1 1 0 1 1 1 0 0 0 1 1 1 0 1 1 1 1 0 0 1 0 1 1 0 0 0
 1 0 1 0 0 0 1 1 0 1 0 0 0 1 1 0 1 1 1 0 1 0 0 1 0 0 1 1 0 0 0 0 0 0 0 0 0
 1 0 0 1 1 0 0 1 1 1 1 0 0 0 0 0 0 0 1 0 1 1 1 1 1 0]
At 15701/30000: COST 0.279/2.182(0.339) -- Acc 0.860/0.460(0.850)
[0 0 0 1 1 1 1 0 0 0 0 0 0 1 0 0 1 1 1 1 1 1 0 1 0 1 0 1 0 0 1 1 0 0 1 0 0
 0 1 1 0 1 0 1 1 1 0 0 0 0 0 1 0 0 1 1 0 0 0 1 0 0 1 0 1 1 1 0 0 0 0 0 1 1
 1 1 1 1 1 0 1 1 1 0 0 0 0 1 0 1 0 0 1 1 0 0 1 1 0 1]
At 15801/30000: COST 0.372/2.214(0.333) -- Acc 0.800/0.490(0.852)
[0 1 0 0 0 1 0 0 1 0 0 1 1 1 1 0 0 0 0 1 1 1 1 1 1 0 1 1 0 0 0 1 0 0 0 0 1
 1 0 0 1 0 1 1 1 1 0 1 0 1 0 0 0 0 0 0 0 0 0 1 0 1 1 0 0 1 0 0 0 1 0 1 0 1
 0 1 1 1 0 1 1 1 0 0 1 1 0 0 0 1 1 0 1 0 1 0 1 1 1 0]
At 15901/30000: COST 0.341/2.385(0.323) -- Acc 0.810/0.480(0.853)
[1 1 0 1 1 0 1 0 1 0 0 1 1 0 1 1 1 0 0 1 1 1 1 1 0 0 0 1 0 1 1 0 1 0 1 0 1
 1 0 1 1 0 1 1 0 1 1 0 0 0 0 1 0 0 0 0 1 1 0 1 0 1 0 0 0 0 0 1 1 1 1 0 1 0
 0 0 1 1 1 0 0 0 0 1 0 0 0 1 0 0 1 0 0 1 0 1 0 1 0 0]
At 16001/30000: COST 0.288/2.449(0.330) -- Acc 0.870/0.450(0.852)
[1 1 1 1 0 0 0 1 1 0 1 1 0 1 1 1 1 1 1 1 0 1 1 0 1 0 1 0 1 1 0 0 1 1 0 1 1
 0 1 0 1 0 0 1 1 1 0 0 0 0 1 0 1 1 0 0 0 0 0 0 0 0 0 1 0 1 1 1 0 0 0 0 0 0
 0 0 1 1 0 0 0 1 0 1 0 1 0 0 0 1 1 1 0 1 1 0 0 1 0 1]
At 16101/30000: COST 0.316/2.230(0.335) -- Acc 0.850/0.500(0.851)
[1 0 0 1 1 1 0 1 0 1 0 0 1 0 0 1 1 0 0 1 1 0 0 0 0 1 0 1 0 1 0 0 1 0 0 0 0
 1 0 0 1 0 1 0 0 1 1 0 1 0 0 1 1 0 0 0 0 1 0 1 0 1 1 0 0 0 0 0 1 1 1 0 1 1
 0 1 0 0 0 1 0 0 0 0 0 1 1 0 1 1 0 0 0 0 1 0 0 0 0 0]
At 16201/30000: COST 0.378/2.490(0.332) -- Acc 0.840/0.460(0.853)
[1 1 0 0 1 0 1 0 0 0 0 0 0 0 1 1 0 1 0 0 1 1 1 1 1 1 0 0 1 1 1 1 0 1 1 0 1
 1 0 0 0 0 1 0 0 0 1 1 1 1 1 0 1 1 0 0 1 1 0 1 0 1 0 1 0 0 1 1 0 0 1 0 0 0
 0 0 0 1 0 1 1 0 0 1 0 0 0 0 0 1 0 0 0 0 0 1 1 1 1 1]
At 16301/30000: COST 0.345/2.244(0.342) -- Acc 0.890/0.460(0.847)
[0 0 1 0 0 1 1 1 1 0 1 0 0 1 1 0 1 1 0 1 0 0 0 1 0 0 0 1 0 1 1 0 0 0 1 1 0
 1 0 0 0 1 1 1 0 1 0 1 1 0 0 0 1 0 1 1 0 1 1 0 0 1 1 1 1 1 0 0 0 1 1 0 0 0
 1 0 1 1 0 0 0 0 0 1 0 1 1 0 1 1 1 0 1 0 1 1 1 1 1 0]
At 16401/30000: COST 0.425/2.052(0.348) -- Acc 0.820/0.460(0.848)
[1 0 1 1 1 0 1 0 0 1 1 1 1 0 1 0 1 1 1 0 1 1 0 1 0 1 0 0 0 0 1 0 0 1 1 0 0
 1 1 0 1 0 0 0 1 0 0 1 0 1 0 0 0 0 0 0 0 0 0 1 1 0 0 0 0 1 1 0 1 1 1 1 0 0
 0 0 1 1 0 0 1 0 0 0 0 1 0 0 1 0 0 0 0 0 1 0 1 1 1 0]
At 16501/30000: COST 0.438/2.630(0.335) -- Acc 0.810/0.420(0.854)
[1 0 1 0 1 0 0 1 0 1 1 1 1 0 0 0 0 1 0 1 0 0 1 1 1 1 1 0 0 1 1 1 1 1 0 0 0
 1 1 0 1 1 1 0 1 0 0 1 0 1 0 0 1 0 1 0 0 1 0 1 0 0 1 1 0 1 0 0 1 1 0 1 0 1
 1 1 0 0 0 0 0 0 0 1 1 1 0 0 0 0 1 0 0 1 1 1 1 1 0 1]
At 16601/30000: COST 0.283/2.351(0.337) -- Acc 0.860/0.460(0.852)
[1 0 0 0 0 0 0 0 0 1 0 1 1 0 1 1 0 1 0 1 1 1 1 0 1 1 1 1 1 1 0 1 1 1 1 1 0
 0 1 1 1 0 0 1 0 0 1 1 1 0 0 1 1 0 1 0 0 1 1 1 1 1 0 1 0 0 1 1 1 0 1 0 0 0
 0 0 1 0 0 0 0 0 0 1 1 1 1 0 0 0 1 0 1 0 0 0 0 1 1 0]
At 16701/30000: COST 0.317/2.698(0.335) -- Acc 0.870/0.440(0.851)
[0 0 0 0 1 1 1 0 1 0 0 1 1 1 1 1 0 0 1 1 1 0 1 1 0 0 0 0 1 0 1 0 1 0 1 1 1
 0 1 1 0 0 0 1 0 1 1 0 0 0 1 1 1 1 1 0 1 1 0 0 0 1 0 0 1 0 1 1 0 0 1 1 1 0
 1 1 0 0 0 1 0 1 0 1 1 0 0 0 0 0 1 1 1 0 1 0 0 0 1 1]
At 16801/30000: COST 0.361/2.722(0.322) -- Acc 0.820/0.440(0.855)
[1 1 1 0 0 0 0 1 1 0 1 1 0 0 0 0 1 1 0 0 1 1 0 1 0 0 0 0 1 0 0 1 1 1 0 0 0
 1 1 1 1 0 0 0 1 0 1 0 0 1 0 1 0 1 1 1 1 1 1 1 1 1 0 1 0 1 1 0 0 0 1 1 1 1
 0 0 1 1 1 1 1 0 0 1 0 0 0 0 1 0 0 1 0 1 0 1 0 0 0 1]
At 16901/30000: COST 0.250/2.788(0.317) -- Acc 0.930/0.480(0.859)
[0 1 1 0 1 1 0 0 1 0 1 1 1 1 1 1 1 0 0 0 0 1 0 0 1 1 1 0 0 0 1 1 1 0 0 1 0
 1 0 0 0 1 0 1 1 0 1 0 0 0 0 0 1 1 0 0 1 1 1 1 0 1 1 0 0 0 1 1 1 0 1 0 1 1
 0 1 0 1 0 0 0 1 0 0 0 0 1 0 0 0 1 0 1 1 1 1 0 0 1 0]
At 17001/30000: COST 0.277/2.447(0.328) -- Acc 0.860/0.460(0.852)
[1 1 0 0 1 0 1 1 1 1 1 0 0 0 1 0 1 1 0 0 1 1 0 1 0 0 0 1 0 1 0 0 0 0 0 1 0
 1 0 0 1 0 1 0 1 1 0 0 1 0 0 0 1 0 1 0 0 0 1 1 1 1 0 0 0 1 0 0 1 0 0 0 0 1
 0 0 1 0 0 0 0 1 1 1 1 1 0 1 1 0 1 1 0 1 0 0 1 0 0 1]
At 17101/30000: COST 0.266/3.062(0.318) -- Acc 0.890/0.420(0.856)
[1 0 0 0 0 0 0 1 0 1 0 0 1 0 1 0 0 1 1 1 1 0 0 0 0 1 1 0 0 1 0 0 1 1 1 0 0
 0 1 1 0 1 0 1 1 1 1 1 1 1 0 0 1 0 1 0 0 0 1 0 1 1 1 0 1 1 1 1 0 0 1 1 1 0
 0 0 1 0 1 0 0 0 1 1 0 1 1 0 0 1 0 1 0 0 1 1 1 1 1 1]
At 17201/30000: COST 0.312/2.558(0.331) -- Acc 0.910/0.450(0.852)
[1 0 0 1 0 1 1 0 0 1 0 0 0 0 0 1 0 1 1 1 1 0 1 0 1 1 1 0 1 0 1 1 0 0 1 1 1
 1 1 1 1 1 0 1 0 0 1 0 0 0 0 0 0 1 1 0 1 0 1 0 1 0 0 0 1 1 1 1 0 1 0 1 1 0
 1 1 0 0 0 0 1 0 0 1 1 1 0 0 1 1 1 1 0 0 1 0 0 1 0 0]
At 17301/30000: COST 0.398/2.399(0.331) -- Acc 0.840/0.500(0.852)
[1 0 0 1 0 0 0 1 1 0 0 1 0 1 1 1 1 0 0 1 0 0 0 1 1 0 1 0 1 1 0 1 1 0 0 1 1
 0 1 0 0 1 1 1 0 0 0 0 1 0 0 0 1 0 0 1 1 1 0 1 1 0 0 0 1 0 1 0 0 0 0 0 0 1
 0 0 0 0 0 1 1 0 1 1 0 1 1 0 1 1 1 1 0 0 1 0 0 0 1 1]
At 17401/30000: COST 0.385/2.378(0.326) -- Acc 0.810/0.510(0.851)
[1 1 0 0 1 0 1 1 0 1 0 1 1 1 1 0 0 0 0 0 0 1 0 1 1 1 1 1 1 0 0 0 1 1 0 1 0
 0 0 1 1 1 1 0 0 0 0 1 0 1 1 1 0 1 1 1 1 0 1 0 0 1 0 1 1 1 0 0 0 0 0 0 1 1
 0 0 0 0 0 1 1 0 1 0 1 1 1 1 1 0 0 0 0 1 1 0 0 0 0 1]
At 17501/30000: COST 0.312/2.478(0.328) -- Acc 0.860/0.490(0.857)
[1 1 0 1 1 1 1 0 1 1 1 0 1 1 1 1 0 1 1 1 1 0 0 0 0 0 1 1 0 0 1 0 0 0 0 1 1
 1 0 1 1 0 0 0 1 1 1 0 0 0 0 0 0 0 0 0 1 0 0 1 0 1 1 0 1 1 0 1 1 1 1 0 0 1
 1 1 0 1 1 0 0 0 0 0 0 1 0 0 0 0 1 1 1 1 0 0 1 0 0 0]
At 17601/30000: COST 0.471/2.274(0.329) -- Acc 0.810/0.480(0.854)
[0 1 1 1 0 0 1 0 1 0 0 1 0 0 0 0 0 1 1 1 1 1 0 1 1 1 1 1 1 0 0 1 0 1 0 0 0
 0 1 1 1 1 1 0 0 0 1 1 1 1 0 1 0 0 0 1 1 1 0 1 0 0 0 1 0 0 0 0 0 1 0 0 1 1
 1 1 1 0 1 0 1 1 0 1 0 0 1 0 1 1 1 1 1 0 1 1 0 1 0 0]
At 17701/30000: COST 0.242/2.826(0.313) -- Acc 0.870/0.480(0.863)
[1 1 0 0 0 1 0 0 0 1 0 0 1 0 0 0 1 1 1 0 0 1 1 0 1 1 1 1 1 0 1 1 1 1 1 0 0
 0 1 0 1 1 1 1 0 1 1 1 1 0 0 0 0 0 1 0 0 1 0 1 0 1 0 0 0 0 1 1 0 1 1 1 0 1
 0 0 0 1 1 0 1 1 1 1 0 0 1 1 0 0 1 1 1 1 0 1 0 1 1 0]
At 17801/30000: COST 0.425/2.481(0.323) -- Acc 0.860/0.450(0.859)
[1 1 1 0 0 0 1 1 0 0 0 0 0 1 0 0 0 0 1 1 0 1 1 1 1 1 0 0 0 0 1 1 0 0 0 1 1
 1 1 0 0 1 0 0 0 1 0 1 1 1 1 0 0 1 0 0 1 1 0 1 1 1 0 1 0 0 0 1 1 0 1 0 1 0
 0 1 0 1 1 1 1 0 0 1 0 1 1 1 0 1 1 1 0 1 0 0 1 0 0 1]
At 17901/30000: COST 0.280/2.524(0.323) -- Acc 0.880/0.540(0.862)
[0 1 1 1 1 1 0 0 1 0 0 1 1 0 0 1 0 1 1 1 0 1 1 0 0 0 1 1 1 1 1 1 0 1 1 0 0
 0 0 0 1 0 0 0 0 0 0 1 0 0 0 1 0 0 0 1 1 1 0 0 1 1 1 1 0 1 1 0 0 1 1 1 0 0
 1 0 1 1 1 0 0 0 1 1 0 0 1 0 0 0 1 1 0 0 0 1 0 1 0 1]
At 18001/30000: COST 0.277/2.669(0.319) -- Acc 0.880/0.500(0.861)
[1 0 0 0 1 1 0 0 0 1 1 1 0 0 1 0 0 0 0 0 0 0 0 0 0 0 0 1 1 1 0 0 0 1 1 1 1
 0 1 1 1 1 1 1 0 0 0 1 0 0 0 0 1 1 1 0 1 0 0 0 1 0 0 0 0 1 0 0 1 1 0 0 1 0
 0 1 1 1 1 1 1 0 0 0 1 1 1 1 0 0 1 0 1 0 0 1 0 0 0 1]
At 18101/30000: COST 0.289/2.562(0.334) -- Acc 0.850/0.470(0.856)
[1 0 0 1 0 0 1 0 0 1 1 0 0 0 1 0 0 1 1 0 0 1 1 1 0 0 1 0 0 0 0 1 0 0 1 1 1
 1 1 0 1 1 0 0 1 1 1 0 1 1 1 0 1 1 1 1 1 1 0 1 1 0 1 1 1 1 0 1 0 1 1 0 1 1
 1 1 0 1 0 1 0 0 0 0 0 1 0 0 0 1 1 0 0 0 0 1 0 0 0 0]
At 18201/30000: COST 0.308/2.879(0.325) -- Acc 0.860/0.500(0.859)
[1 0 0 0 1 1 1 1 0 1 0 1 1 1 1 1 0 0 0 1 0 0 1 1 0 0 1 0 1 1 1 1 0 0 1 1 1
 1 0 0 0 1 1 1 0 0 1 0 0 0 0 0 1 0 1 1 0 0 1 0 1 0 1 0 0 1 0 1 1 0 1 1 1 0
 1 1 0 1 1 1 0 1 0 1 0 1 0 0 0 1 0 1 0 0 1 1 0 0 0 0]
At 18301/30000: COST 0.232/2.934(0.322) -- Acc 0.910/0.480(0.858)
[0 1 1 1 1 0 1 0 0 0 1 0 1 1 0 1 0 1 1 1 1 0 0 1 1 1 0 1 1 0 0 0 0 1 0 0 1
 1 1 0 1 1 1 0 1 1 1 1 0 0 0 0 0 1 1 0 0 0 1 0 1 1 0 1 1 1 1 0 1 1 1 0 0 1
 1 1 1 0 0 0 0 1 1 0 1 0 1 1 1 0 0 0 1 1 0 0 0 1 1 0]
At 18401/30000: COST 0.329/2.631(0.320) -- Acc 0.850/0.480(0.864)
[0 1 0 0 1 0 0 1 0 1 0 0 1 0 1 1 1 0 1 1 1 0 1 1 0 1 0 0 0 0 0 0 1 1 1 0 0
 1 0 0 0 0 0 1 1 1 0 0 0 0 1 1 0 0 1 0 0 0 1 0 1 1 0 1 0 0 0 0 1 1 0 0 1 0
 0 1 1 1 0 1 0 1 1 1 0 0 0 0 0 1 0 1 0 1 0 0 0 1 0 0]
At 18501/30000: COST 0.305/2.054(0.339) -- Acc 0.840/0.490(0.855)
[0 1 1 0 1 1 0 0 0 0 1 0 0 0 1 1 0 1 1 1 0 1 0 0 1 1 1 1 1 0 0 0 0 1 0 0 1
 1 0 1 1 1 0 0 0 1 1 1 0 0 1 0 0 1 0 0 0 1 1 1 1 1 1 0 0 0 0 0 0 0 1 0 1 0
 0 0 1 0 1 0 1 0 0 0 1 0 1 1 1 0 1 0 1 1 1 0 0 0 1 1]
At 18601/30000: COST 0.364/2.312(0.331) -- Acc 0.880/0.490(0.857)
[0 0 0 1 0 0 1 1 1 1 1 1 1 0 1 1 0 1 0 0 0 1 0 0 0 0 0 0 1 1 1 0 0 1 1 1 1
 0 0 1 0 1 1 0 1 0 0 1 0 0 0 1 0 1 1 1 1 1 1 1 1 1 1 1 0 1 0 1 0 1 1 1 0 1
 0 0 1 1 0 1 1 1 1 0 0 1 0 1 1 0 0 0 1 0 0 1 0 1 1 0]
At 18701/30000: COST 0.424/2.525(0.323) -- Acc 0.850/0.460(0.861)
[0 0 0 1 1 1 1 1 1 1 1 1 0 0 1 0 1 1 0 0 1 1 1 0 1 0 1 1 1 0 1 0 1 0 1 0 1
 1 0 1 0 1 0 0 1 1 0 0 1 0 0 0 0 0 1 0 0 1 1 1 1 1 0 1 1 1 0 1 0 0 1 0 0 1
 0 0 1 0 1 0 0 0 1 0 1 1 0 1 0 1 1 1 0 0 0 0 0 1 1 0]
At 18801/30000: COST 0.329/2.742(0.313) -- Acc 0.890/0.490(0.864)
[1 0 1 1 1 0 0 1 1 1 0 1 1 0 1 1 1 0 0 1 1 0 1 1 0 1 1 1 1 0 1 1 1 0 1 0 0
 0 0 0 1 1 0 0 0 0 0 0 0 0 0 0 0 0 1 1 1 1 1 0 0 1 1 1 0 0 0 1 1 1 1 0 1 0
 0 0 0 0 1 0 1 0 0 1 1 0 1 1 1 1 0 0 1 0 0 1 0 0 0 1]
At 18901/30000: COST 0.344/2.672(0.326) -- Acc 0.830/0.450(0.859)
[1 0 0 1 0 0 0 1 0 1 0 1 0 0 0 1 0 1 1 1 0 0 0 0 1 0 0 0 1 0 0 1 1 0 1 0 1
 1 1 0 1 1 0 0 1 0 1 1 1 0 1 0 0 1 0 0 0 0 1 1 1 0 1 0 0 1 0 1 1 0 0 0 1 1
 1 0 1 0 1 1 0 1 1 1 0 1 1 1 0 1 1 0 1 0 1 1 1 1 1 0]
At 19001/30000: COST 0.431/2.237(0.329) -- Acc 0.800/0.450(0.855)
[0 0 0 0 0 1 0 0 0 0 1 0 0 1 1 1 1 0 1 1 1 1 1 0 1 1 1 1 0 1 1 0 0 0 1 1 1
 1 1 1 0 0 0 0 0 1 1 0 0 0 0 1 1 1 1 1 0 0 0 1 0 0 1 0 1 1 0 1 0 1 1 1 1 0
 1 0 0 0 1 0 1 0 1 0 0 0 0 0 1 0 1 1 1 0 0 1 0 0 0 1]
At 19101/30000: COST 0.232/2.587(0.329) -- Acc 0.880/0.440(0.859)
[0 1 1 0 0 1 0 1 1 1 1 0 1 1 0 0 1 0 1 1 1 1 0 1 1 1 1 1 0 0 0 0 1 1 0 1 0
 0 1 0 0 1 1 1 1 1 1 1 1 0 1 0 1 1 0 1 1 0 1 1 0 1 1 0 1 1 1 1 0 1 1 1 0 0
 1 0 1 1 0 0 0 0 0 1 1 0 0 1 0 1 0 0 1 0 1 1 1 1 1 1]
At 19201/30000: COST 0.465/2.175(0.336) -- Acc 0.800/0.520(0.856)
[0 1 0 0 1 1 1 0 1 0 0 0 0 1 0 0 1 0 1 0 1 1 0 1 1 0 1 1 0 0 0 0 1 0 0 0 1
 0 0 1 0 0 1 1 0 0 1 1 1 0 1 1 0 1 1 1 0 0 1 0 1 0 1 0 0 0 0 1 0 0 1 1 1 0
 0 1 0 0 1 1 0 1 1 0 0 1 1 1 0 0 1 1 1 0 0 1 1 1 1 1]
At 19301/30000: COST 0.422/2.376(0.331) -- Acc 0.820/0.450(0.857)
[1 1 0 0 0 0 1 1 0 0 1 0 1 1 0 0 1 0 0 0 0 1 1 1 0 1 1 1 1 0 0 0 0 1 1 1 1
 0 1 0 0 0 1 0 0 1 0 0 0 0 1 0 0 1 1 1 1 1 1 1 0 1 1 0 1 1 0 1 1 0 0 1 1 1
 0 1 1 1 0 1 1 0 1 0 0 1 1 1 0 0 0 0 0 1 1 0 1 1 0 1]
At 19401/30000: COST 0.250/2.446(0.324) -- Acc 0.900/0.420(0.858)
[1 1 1 0 0 0 1 0 1 0 0 1 1 1 1 0 0 0 1 0 1 0 0 0 1 0 1 0 0 1 0 1 0 0 1 0 0
 1 1 0 0 0 0 1 0 0 1 1 1 0 0 0 0 0 0 0 1 0 1 1 0 1 1 1 1 0 1 1 1 1 0 1 0 0
 1 0 0 1 1 0 1 1 0 0 1 1 0 0 0 1 0 0 1 1 1 1 1 0 1 1]
At 19501/30000: COST 0.298/2.790(0.314) -- Acc 0.840/0.460(0.861)
[1 0 0 1 0 0 1 0 0 0 0 0 0 1 1 0 1 1 1 1 0 1 1 1 1 1 1 0 0 0 1 0 1 0 1 0 0
 0 1 1 1 1 0 1 0 1 0 1 0 0 1 1 0 0 1 0 1 0 0 1 1 1 0 1 0 0 1 0 1 1 0 0 0 1
 0 1 0 1 1 1 0 1 0 0 1 0 0 1 0 0 0 0 0 0 1 0 1 0 1 1]
At 19601/30000: COST 0.293/2.875(0.310) -- Acc 0.890/0.430(0.865)
[0 1 1 0 0 0 0 1 1 0 0 0 1 1 0 1 0 1 0 0 1 0 0 0 1 0 1 1 1 1 1 0 0 0 0 1 0
 0 0 1 1 0 1 0 1 1 1 0 1 1 1 1 0 1 0 1 1 1 0 1 1 0 1 0 0 1 1 1 1 0 1 0 0 0
 1 0 1 0 0 0 1 0 1 1 1 1 1 1 0 0 0 1 1 1 1 1 0 1 1 0]
At 19701/30000: COST 0.209/2.884(0.300) -- Acc 0.920/0.490(0.868)
[0 1 1 1 1 1 1 0 1 0 0 1 1 1 0 0 0 0 1 1 0 1 1 1 0 0 1 1 0 1 1 1 1 1 0 0 0
 0 0 1 0 1 0 1 0 1 1 1 1 0 0 1 0 0 1 1 0 1 0 1 1 1 0 0 0 1 1 1 0 1 0 0 1 0
 0 0 0 0 0 0 1 0 1 1 0 1 0 0 1 1 0 0 0 0 1 0 1 0 0 1]
At 19801/30000: COST 0.265/2.150(0.309) -- Acc 0.830/0.510(0.864)
[0 0 1 1 0 1 0 1 0 0 1 1 0 1 1 1 0 0 1 1 1 1 1 0 1 0 1 0 0 0 1 0 0 0 0 0 0
 1 0 0 0 0 1 1 1 1 1 1 0 1 0 1 0 0 1 1 1 1 0 0 1 1 1 1 1 0 0 0 0 0 1 1 1 1
 0 0 0 0 0 1 0 1 1 0 1 0 0 1 1 0 0 1 1 0 1 1 1 0 1 0]
At 19901/30000: COST 0.482/1.751(0.349) -- Acc 0.820/0.520(0.850)
[0 0 1 1 1 1 0 0 0 0 0 1 1 1 1 1 1 1 0 0 0 0 1 0 1 1 0 1 0 1 0 0 0 0 1 0 1
 1 0 0 0 0 0 1 1 0 0 0 0 0 0 1 0 1 1 0 0 0 1 0 0 0 1 1 0 0 1 1 0 0 1 1 1 0
 1 1 1 1 0 0 1 0 1 1 0 1 1 0 0 1 1 0 1 0 1 1 1 1 1 1]
At 20001/30000: COST 0.404/2.431(0.335) -- Acc 0.840/0.430(0.858)
[1 1 1 0 1 1 1 1 1 1 0 1 0 0 1 1 1 0 0 0 0 1 1 0 0 1 0 1 0 0 0 1 0 1 0 1 0
 1 0 1 0 1 0 0 1 0 0 1 1 1 0 1 1 0 0 0 1 1 1 1 0 1 0 0 0 0 1 1 0 1 1 0 0 0
 1 0 1 0 1 1 0 1 0 0 1 1 0 0 0 1 1 0 1 0 1 1 0 1 1 0]
At 20101/30000: COST 0.306/2.195(0.326) -- Acc 0.880/0.450(0.862)
[0 1 1 0 1 1 0 1 1 1 0 1 0 0 1 0 1 1 0 0 1 0 1 0 1 1 1 0 1 1 1 1 0 0 0 0 1
 0 1 0 1 1 1 1 1 1 1 0 1 0 0 1 1 0 1 0 0 0 0 0 0 1 1 0 1 0 1 1 1 0 1 1 1 0
 1 0 0 1 0 0 0 1 0 1 0 1 1 1 0 1 0 0 0 1 0 0 1 0 0 0]
At 20201/30000: COST 0.243/2.520(0.316) -- Acc 0.870/0.470(0.863)
[1 0 1 0 0 0 0 1 0 0 1 0 1 1 1 1 1 0 0 0 0 1 0 1 0 1 1 0 0 0 1 1 0 0 0 1 1
 1 1 0 0 1 0 0 1 1 1 1 1 0 0 0 0 0 0 0 1 0 0 1 0 1 0 1 1 1 1 0 1 0 0 1 1 1
 1 1 0 0 1 0 0 0 0 0 0 1 0 0 1 1 0 1 0 1 0 0 0 1 0 1]
At 20301/30000: COST 0.335/2.504(0.306) -- Acc 0.850/0.470(0.867)
[1 1 0 1 1 0 1 0 1 0 1 1 0 1 1 1 0 1 1 0 1 1 1 1 1 0 0 1 1 0 0 1 0 0 0 0 0
 0 1 0 1 1 0 1 1 0 0 0 0 0 1 1 1 1 1 1 0 1 1 0 0 0 1 0 1 0 1 0 1 0 1 1 1 1
 1 0 1 1 0 1 0 1 0 0 1 1 1 1 0 1 1 1 1 1 0 0 1 0 0 0]
At 20401/30000: COST 0.294/2.426(0.302) -- Acc 0.880/0.480(0.870)
[0 0 0 0 0 0 1 1 1 1 0 0 1 0 0 1 1 1 0 1 0 0 0 0 0 0 0 1 0 0 0 0 0 0 1 1 1
 1 1 1 0 0 0 1 1 0 1 0 1 0 0 0 1 1 0 0 1 0 0 0 1 1 0 1 0 0 1 1 1 0 1 1 0 0
 1 1 1 1 1 1 0 0 1 0 1 1 1 0 1 0 1 0 1 1 0 0 1 0 1 0]
At 20501/30000: COST 0.377/2.625(0.307) -- Acc 0.770/0.440(0.868)
[0 1 1 0 0 0 0 1 0 0 0 0 1 0 1 1 0 1 0 1 1 0 0 0 0 0 1 0 1 1 0 0 1 0 1 1 1
 0 1 0 1 0 1 0 1 0 0 1 0 0 0 1 1 0 0 0 0 1 1 0 1 0 0 1 0 0 1 1 0 0 1 0 1 0
 1 1 0 0 1 0 1 1 0 0 0 1 1 1 1 0 1 1 0 1 0 1 0 1 1 0]
At 20601/30000: COST 0.291/2.525(0.300) -- Acc 0.870/0.430(0.872)
[0 1 0 0 1 1 0 0 0 1 1 1 0 0 0 0 0 0 1 1 1 1 1 1 0 0 1 0 0 1 0 0 1 1 1 0 1
 0 1 1 0 0 0 1 1 0 0 1 0 1 1 0 1 1 1 1 0 1 1 0 0 1 1 0 0 0 0 1 1 0 1 0 0 0
 1 1 1 1 1 0 0 1 0 0 1 0 1 1 0 1 1 1 0 1 0 1 0 0 1 1]
At 20701/30000: COST 0.226/2.443(0.308) -- Acc 0.880/0.490(0.869)
[0 1 1 1 0 0 0 1 1 1 1 0 1 0 1 0 0 0 0 0 0 1 1 1 0 0 1 1 0 0 0 0 1 0 0 0 0
 1 1 0 0 1 0 1 0 1 0 1 0 0 0 0 1 1 0 1 0 1 1 0 0 0 0 0 1 1 0 0 1 1 1 1 1 0
 0 1 1 0 1 0 1 1 1 1 0 0 1 1 0 1 0 1 0 0 1 1 0 0 0 1]
At 20801/30000: COST 0.274/2.475(0.321) -- Acc 0.880/0.420(0.864)
[0 0 1 1 0 0 1 1 1 1 0 1 1 0 1 1 1 1 0 0 1 0 0 1 0 1 0 1 1 0 0 1 0 0 1 1 0
 1 0 0 1 1 0 0 0 0 0 1 1 1 0 1 1 1 1 0 1 0 1 1 0 1 1 1 1 0 0 0 1 0 0 0 1 0
 0 1 0 0 0 1 1 0 0 1 1 0 1 1 1 1 0 0 1 0 1 0 1 1 1 1]
At 20901/30000: COST 0.357/2.076(0.312) -- Acc 0.850/0.510(0.867)
[0 0 0 1 0 0 0 0 0 1 1 1 0 0 0 0 0 1 1 1 1 1 0 1 1 0 0 1 1 1 1 1 1 1 0 1 1
 1 0 1 1 1 0 0 1 0 0 0 0 1 1 1 0 1 0 0 0 1 0 0 1 1 1 1 0 0 1 1 1 0 1 1 0 0
 1 1 1 0 1 0 0 1 1 1 0 0 0 1 0 0 1 0 1 0 0 1 1 1 1 1]
At 21001/30000: COST 0.392/2.593(0.303) -- Acc 0.790/0.470(0.870)
[1 1 1 0 1 0 0 1 0 0 1 0 1 0 0 1 1 0 1 1 1 1 1 1 0 0 0 1 1 1 1 1 0 0 0 1 0
 1 0 1 1 1 1 1 1 0 0 1 0 0 1 1 0 1 1 0 0 0 0 0 1 1 1 1 0 0 0 1 1 1 0 1 1 1
 1 0 0 1 1 1 1 1 0 1 0 0 0 0 0 0 1 1 0 1 0 0 1 0 0 0]
At 21101/30000: COST 0.239/2.674(0.305) -- Acc 0.910/0.470(0.870)
[1 0 1 0 0 0 1 1 0 1 1 1 0 0 0 1 0 1 1 0 1 1 0 1 1 0 1 1 1 1 0 0 1 0 0 1 1
 0 1 1 0 0 1 1 0 0 0 0 0 1 1 1 1 0 0 1 0 1 1 0 0 0 1 1 0 0 0 0 0 1 0 0 0 1
 1 0 1 1 1 1 1 1 1 0 1 0 1 1 0 0 0 1 1 1 1 0 1 0 0 1]
At 21201/30000: COST 0.344/2.542(0.300) -- Acc 0.820/0.480(0.873)
[0 1 0 1 0 1 1 1 1 0 1 1 1 1 0 0 0 1 1 1 1 1 1 1 1 1 1 1 0 1 0 0 1 1 1 0 1
 1 1 1 0 0 1 0 0 1 1 0 0 0 0 1 1 1 0 0 1 1 1 0 0 1 0 0 0 0 1 0 1 0 0 0 0 0
 1 0 0 1 1 0 1 1 1 1 0 1 1 0 1 1 0 1 0 1 0 0 1 1 0 0]
At 21301/30000: COST 0.209/2.689(0.297) -- Acc 0.880/0.450(0.875)
[0 1 1 0 0 0 1 1 0 0 0 1 0 1 1 0 1 1 1 0 0 0 0 0 1 0 0 1 0 0 0 0 1 0 1 1 1
 0 1 1 0 0 0 0 0 0 1 0 1 1 0 1 0 1 0 0 1 0 1 0 0 1 0 1 1 0 1 1 1 1 0 0 1 0
 1 0 0 0 1 1 1 1 0 0 0 1 0 1 1 1 0 0 0 1 0 0 1 1 1 0]
At 21401/30000: COST 0.356/2.254(0.318) -- Acc 0.840/0.470(0.863)
[1 1 0 1 1 0 0 1 1 1 0 0 0 0 0 0 1 0 1 0 0 1 1 0 0 0 0 0 1 1 0 0 1 0 1 1 0
 0 0 0 0 1 0 1 0 1 0 1 0 1 1 1 1 0 0 0 1 1 0 1 1 0 1 0 1 0 0 0 1 0 1 0 0 1
 1 1 0 0 0 1 0 1 1 1 1 1 1 1 0 1 0 1 1 1 1 0 1 0 1 0]
At 21501/30000: COST 0.402/2.287(0.333) -- Acc 0.810/0.430(0.856)
[0 1 1 1 0 1 0 0 0 0 0 1 0 1 0 1 0 1 0 0 0 1 1 0 1 1 0 1 1 0 1 0 1 1 0 1 0
 1 0 1 0 0 1 1 0 0 1 0 0 0 1 0 1 0 1 0 0 1 0 0 0 1 1 1 0 0 0 1 1 0 0 0 1 0
 1 0 0 1 0 1 0 0 1 1 0 0 1 0 1 1 1 0 1 0 1 0 0 1 1 1]
At 21601/30000: COST 0.291/2.359(0.326) -- Acc 0.870/0.480(0.859)
[1 1 1 1 0 0 1 0 1 0 1 1 0 0 1 0 1 0 1 0 1 0 0 0 0 0 1 0 0 0 0 1 1 1 1 1 1
 1 0 0 0 1 0 0 1 0 0 1 0 1 0 1 1 0 1 1 1 1 1 1 1 0 1 0 0 1 0 0 1 1 0 0 0 1
 1 1 0 1 1 1 1 0 1 1 0 0 0 1 1 0 1 0 0 1 0 1 1 1 1 1]
At 21701/30000: COST 0.378/2.264(0.326) -- Acc 0.850/0.460(0.860)
[1 0 0 1 0 1 1 0 1 0 1 1 1 0 0 1 0 0 1 0 1 1 0 1 0 1 0 0 0 0 1 1 0 1 0 1 1
 1 0 0 0 1 0 0 1 1 0 1 0 0 1 1 1 1 1 1 0 0 1 1 0 1 0 1 0 0 1 0 1 0 0 0 0 1
 0 0 1 1 1 0 0 0 1 0 1 1 0 1 1 0 0 0 0 1 1 0 1 0 0 0]
At 21801/30000: COST 0.215/2.512(0.323) -- Acc 0.940/0.410(0.862)
[1 1 1 1 1 0 0 0 1 1 1 1 0 1 0 0 0 1 1 1 1 0 0 1 0 1 1 1 0 1 0 0 0 0 0 1 1
 1 0 1 1 1 0 1 1 0 1 1 1 0 0 0 1 1 0 0 0 1 1 0 1 1 1 1 0 1 1 0 0 0 1 0 1 0
 0 1 1 0 1 0 1 1 1 0 0 1 1 1 1 0 0 0 0 0 0 0 1 1 0 0]
At 21901/30000: COST 0.267/2.920(0.304) -- Acc 0.900/0.470(0.869)
[1 1 0 0 1 0 0 0 0 1 0 1 1 0 1 1 0 1 1 0 1 1 0 1 0 0 1 1 1 0 1 0 1 1 1 1 0
 1 0 1 0 1 0 0 0 1 1 1 0 1 1 1 1 0 1 1 1 1 0 1 0 1 0 1 1 0 1 1 1 1 0 1 1 1
 1 1 0 1 1 0 1 0 0 0 0 0 1 0 0 0 1 0 0 0 1 0 0 0 1 0]
At 22001/30000: COST 0.298/2.790(0.307) -- Acc 0.870/0.440(0.868)
[0 1 1 1 0 0 1 0 1 0 0 0 0 0 1 1 0 0 0 1 1 1 1 1 1 0 0 0 1 0 1 0 0 0 1 0 1
 0 0 0 1 0 1 1 1 1 1 0 1 1 1 1 1 0 1 0 1 0 1 1 0 0 0 0 0 0 1 0 0 1 1 1 1 1
 0 0 0 1 1 0 0 0 1 1 1 0 1 0 1 0 0 1 0 1 1 0 1 0 0 0]
At 22101/30000: COST 0.285/2.229(0.303) -- Acc 0.870/0.520(0.872)
[1 1 1 0 1 0 0 1 1 0 0 0 1 0 0 0 0 1 1 0 1 1 1 1 1 0 0 0 0 1 0 1 0 1 1 0 1
 0 0 1 1 0 1 0 0 0 0 0 1 1 1 0 1 0 1 1 0 1 0 0 0 1 0 1 1 0 1 0 1 1 0 0 1 1
 0 0 1 1 0 0 0 1 0 0 1 0 0 1 1 1 0 1 1 1 1 0 0 1 1 0]
At 22201/30000: COST 0.363/2.260(0.308) -- Acc 0.880/0.450(0.870)
[1 1 1 1 1 1 0 0 1 0 0 0 0 0 1 0 1 1 1 0 1 1 0 0 0 1 0 0 0 1 0 0 1 1 1 0 1
 0 1 0 0 0 1 1 1 1 0 1 1 0 0 0 1 1 1 0 1 1 0 0 1 0 0 0 1 0 1 1 0 0 1 0 1 0
 1 0 1 0 1 1 0 1 0 1 1 0 0 0 1 1 1 0 0 0 1 1 0 1 0 0]
At 22301/30000: COST 0.241/2.565(0.309) -- Acc 0.900/0.490(0.870)
[1 0 1 0 1 1 1 1 0 0 1 1 1 1 0 0 0 1 0 1 1 0 1 0 1 0 0 1 1 1 0 1 0 0 0 0 1
 1 0 1 0 1 0 0 0 0 0 1 1 1 0 1 1 0 1 0 1 1 0 1 0 1 0 1 1 1 0 1 0 1 1 0 0 0
 0 0 1 0 0 1 1 1 1 0 0 0 0 1 0 1 1 0 0 0 0 0 1 0 1 0]
At 22401/30000: COST 0.319/2.128(0.323) -- Acc 0.890/0.460(0.867)
[0 1 0 1 0 0 0 1 1 0 0 0 1 1 1 1 0 1 0 0 0 0 0 1 1 1 1 1 0 1 0 1 1 1 0 0 1
 1 0 1 1 1 1 0 0 0 0 1 1 1 0 1 1 1 1 1 1 1 0 0 1 0 0 1 1 1 1 0 1 1 0 0 0 1
 1 0 0 0 0 1 1 0 0 1 0 0 0 1 0 0 0 0 1 0 0 1 0 1 1 0]
At 22501/30000: COST 0.270/2.764(0.304) -- Acc 0.850/0.480(0.873)
[0 0 1 0 1 1 1 0 1 1 1 1 1 0 1 0 1 0 0 0 1 1 0 0 1 0 0 1 1 0 1 1 0 1 1 0 0
 0 0 1 1 1 1 1 1 1 1 1 0 0 1 1 1 0 1 0 1 0 1 1 0 0 0 1 0 0 0 0 1 1 0 0 1 1
 0 1 1 0 1 1 0 1 1 0 0 0 0 0 1 0 0 1 1 1 0 1 1 0 1 1]
At 22601/30000: COST 0.286/2.519(0.303) -- Acc 0.870/0.440(0.874)
[0 1 1 0 1 1 1 0 1 1 1 1 0 1 0 0 0 0 1 1 1 0 1 1 0 0 1 1 0 1 0 0 1 0 1 0 1
 0 1 1 0 0 0 0 0 0 0 1 1 1 0 1 0 1 1 1 0 1 0 1 1 0 1 0 0 0 1 1 0 1 0 1 0 1
 1 1 1 0 0 1 0 0 1 0 0 0 1 1 1 0 0 0 0 1 1 0 0 0 0 1]
At 22701/30000: COST 0.225/2.499(0.300) -- Acc 0.920/0.470(0.874)
[1 1 1 1 0 1 1 1 0 0 0 0 1 0 1 1 1 1 0 0 0 1 0 1 0 1 1 0 1 1 1 0 1 0 1 1 1
 1 0 0 1 0 1 0 1 0 0 0 0 0 1 1 0 0 0 1 1 1 0 0 0 1 1 0 1 1 1 0 1 1 0 0 0 1
 0 1 1 0 1 0 0 0 1 0 1 1 1 0 0 0 0 1 0 1 1 1 0 0 1 0]
At 22801/30000: COST 0.254/2.334(0.310) -- Acc 0.900/0.490(0.871)
[0 1 0 1 0 0 1 0 1 1 0 1 1 1 1 1 0 0 1 1 1 1 1 0 0 1 0 1 0 1 1 0 1 0 1 0 1
 1 0 0 1 0 1 1 0 0 0 0 1 1 1 1 0 1 0 1 0 0 1 1 0 0 0 0 0 1 1 1 1 0 0 0 1 0
 1 1 1 1 1 1 0 1 1 0 1 0 1 0 0 1 0 1 1 0 1 1 0 0 1 1]
At 22901/30000: COST 0.477/2.239(0.308) -- Acc 0.820/0.450(0.870)
[0 0 0 1 0 0 0 0 1 1 1 0 1 1 1 0 1 1 0 0 1 0 1 0 0 0 0 0 0 1 0 1 0 1 0 0 0
 1 0 0 0 1 1 1 0 1 1 1 0 0 0 1 0 1 1 1 1 1 1 1 1 0 1 1 0 1 0 0 1 1 0 0 0 1
 1 0 1 1 0 0 1 1 0 0 1 0 0 1 1 0 1 1 0 0 1 0 0 0 1 1]
At 23001/30000: COST 0.320/2.305(0.320) -- Acc 0.870/0.440(0.867)
[0 1 0 0 1 1 1 0 0 0 0 1 0 1 0 0 0 1 0 1 1 1 0 1 0 1 0 1 0 0 0 1 1 1 0 0 0
 0 1 0 0 0 0 0 0 1 0 1 1 0 1 1 0 0 1 0 0 1 0 0 0 1 0 1 0 1 1 1 1 0 1 1 1 1
 0 1 1 1 1 0 0 0 1 0 0 0 0 1 0 0 0 1 1 0 1 0 1 0 1 1]
At 23101/30000: COST 0.216/2.450(0.306) -- Acc 0.910/0.490(0.873)
[1 1 1 1 0 1 1 0 0 0 1 0 0 1 0 1 0 1 0 0 1 0 0 1 0 0 1 0 0 1 1 0 1 1 0 0 0
 1 0 1 0 1 1 0 1 1 1 0 0 0 0 1 1 0 1 1 1 0 0 0 1 1 1 1 1 1 1 1 1 0 0 1 1 0
 1 1 0 1 0 0 0 1 0 1 0 0 1 1 0 0 0 0 1 1 1 0 1 0 0 1]
At 23201/30000: COST 0.394/2.538(0.306) -- Acc 0.840/0.470(0.872)
[0 1 1 0 1 1 1 0 1 1 1 0 1 1 1 1 1 0 1 0 1 1 0 0 0 0 0 1 0 1 1 0 0 1 1 0 0
 0 0 0 0 0 0 0 0 1 1 1 0 0 0 0 1 1 0 1 1 0 0 0 0 0 1 0 0 0 0 0 1 0 0 0 1 0
 1 0 1 0 1 1 1 1 0 1 1 0 0 0 1 0 1 0 1 0 0 1 0 0 0 1]
At 23301/30000: COST 0.270/2.325(0.307) -- Acc 0.910/0.470(0.870)
[1 0 1 1 1 1 1 0 0 0 0 1 0 1 1 0 1 0 1 0 1 1 0 0 0 0 1 1 1 0 0 0 1 1 1 1 1
 0 0 0 0 0 0 0 0 1 0 0 0 0 0 1 1 1 0 0 0 1 1 1 0 1 1 0 1 1 0 1 0 0 0 1 0 0
 1 0 0 0 1 0 1 0 1 1 1 1 0 0 1 1 0 1 1 1 0 0 1 0 0 1]
At 23401/30000: COST 0.267/2.390(0.301) -- Acc 0.890/0.490(0.876)
[0 1 0 0 0 0 0 0 1 1 1 1 1 0 1 0 0 0 0 0 0 1 0 1 1 1 0 0 0 0 1 1 0 0 1 0 0
 1 0 1 0 0 0 1 0 1 0 1 0 0 1 0 1 1 0 1 0 1 1 1 0 0 0 0 0 0 0 1 0 0 1 0 1 0
 1 0 1 1 1 0 1 1 0 0 0 1 1 0 1 0 1 1 0 0 0 1 1 1 0 1]
At 23501/30000: COST 0.374/2.679(0.295) -- Acc 0.890/0.450(0.876)
[1 0 0 1 1 1 0 0 0 1 0 1 0 0 0 1 0 1 0 1 0 1 0 1 0 1 0 1 1 0 1 1 0 1 1 0 1
 0 0 0 1 0 1 1 0 0 0 1 1 0 1 0 0 0 0 1 0 0 0 0 1 1 0 0 0 0 1 0 0 0 1 0 1 0
 1 1 1 1 0 0 1 1 0 0 0 1 1 1 0 0 0 1 1 1 0 0 0 1 1 0]
At 23601/30000: COST 0.337/2.823(0.300) -- Acc 0.880/0.480(0.872)
[0 0 0 1 1 1 0 1 0 1 0 0 1 1 1 1 1 1 1 1 0 0 0 0 0 1 1 1 1 0 0 0 1 0 0 0 0
 0 0 0 0 0 1 0 1 1 1 0 0 0 0 0 0 1 1 0 1 1 1 0 0 0 1 0 0 1 0 1 1 1 1 1 1 0
 0 0 1 0 0 1 1 1 0 1 0 0 1 0 1 0 0 1 0 0 0 0 1 1 1 1]
At 23701/30000: COST 0.354/2.588(0.300) -- Acc 0.840/0.460(0.871)
[1 1 0 1 0 0 0 1 1 1 0 1 0 0 0 1 0 0 1 0 1 0 1 1 1 1 0 1 1 0 1 0 0 1 0 0 1
 1 0 0 1 0 1 1 0 0 0 1 1 1 1 1 0 0 0 1 0 1 1 1 0 1 0 0 1 1 0 0 0 0 1 0 1 1
 0 0 1 0 0 0 1 1 1 0 0 0 1 0 1 0 1 1 1 1 1 0 1 0 0 0]
At 23801/30000: COST 0.303/2.945(0.296) -- Acc 0.830/0.430(0.874)
[1 1 1 0 1 1 1 1 0 1 0 1 1 0 1 1 1 1 0 1 1 1 0 0 0 1 0 0 0 0 0 1 0 0 0 1 0
 0 1 1 0 1 0 0 0 0 0 0 1 1 0 1 0 1 1 1 0 1 0 1 1 1 0 1 1 0 0 1 0 1 0 0 0 1
 0 0 0 1 0 0 0 1 0 1 0 1 0 1 1 0 1 1 0 1 0 0 0 0 1 1]
At 23901/30000: COST 0.224/2.180(0.297) -- Acc 0.920/0.520(0.875)
[1 1 1 0 0 0 1 1 0 0 0 0 1 1 0 1 0 1 0 0 1 0 0 0 0 1 0 1 0 1 0 1 0 0 1 1 0
 1 0 0 0 0 0 1 0 1 1 1 0 0 0 0 1 1 0 0 1 1 0 1 0 0 1 0 1 1 0 1 1 1 0 0 0 0
 1 0 1 0 1 0 1 0 0 0 1 1 0 1 0 0 1 0 1 1 0 1 1 0 1 1]
At 24001/30000: COST 0.317/2.412(0.297) -- Acc 0.870/0.490(0.875)
[1 1 0 0 0 1 1 0 0 1 0 1 0 1 1 0 1 1 1 0 0 1 1 1 1 0 0 1 1 1 0 0 1 1 1 1 0
 0 0 0 1 0 1 1 0 1 1 0 1 0 1 0 1 1 0 0 1 1 0 1 1 0 0 0 0 0 0 0 1 0 0 1 1 1
 1 0 0 0 1 1 1 1 0 1 1 0 0 0 1 0 0 0 0 0 0 1 0 1 0 1]
At 24101/30000: COST 0.330/2.450(0.305) -- Acc 0.850/0.470(0.872)
[0 1 0 0 1 1 0 1 1 0 1 1 1 1 1 1 1 1 0 0 0 1 1 1 1 0 0 1 1 1 1 0 0 1 0 0 1
 0 1 0 0 1 1 1 1 0 1 1 0 0 1 0 0 0 1 0 0 1 0 1 0 1 1 0 0 1 1 1 0 0 0 0 1 0
 0 1 1 1 0 1 0 1 0 1 0 0 0 0 1 0 1 1 0 0 0 1 0 0 0 1]
At 24201/30000: COST 0.196/2.619(0.292) -- Acc 0.920/0.520(0.877)
[1 0 1 1 1 0 1 1 1 1 0 0 1 1 0 1 0 1 1 1 0 0 0 0 0 1 0 0 0 0 1 0 1 0 1 0 1
 0 1 0 1 1 1 1 0 1 0 0 1 1 1 0 0 0 0 0 1 0 0 1 1 0 0 1 1 1 1 0 0 1 1 0 0 0
 0 1 1 0 0 0 0 0 0 0 0 0 1 1 1 1 0 0 0 1 0 1 0 1 1 1]
At 24301/30000: COST 0.273/2.313(0.301) -- Acc 0.890/0.470(0.875)
[1 1 0 1 0 0 0 0 1 0 1 0 0 0 0 1 1 0 1 1 1 0 1 0 0 0 0 0 1 0 0 1 0 0 0 1 0
 0 0 0 0 1 1 0 0 1 0 0 0 0 1 1 0 0 0 1 0 1 1 0 0 1 1 1 0 1 0 1 0 0 1 1 1 0
 0 0 1 1 0 1 0 0 0 1 0 0 1 0 1 0 1 0 0 0 1 0 1 1 1 1]
At 24401/30000: COST 0.446/1.915(0.317) -- Acc 0.850/0.490(0.869)
[1 1 0 0 1 1 0 1 0 1 0 1 0 1 1 0 0 0 0 0 1 1 0 1 1 0 1 0 0 1 1 1 0 0 1 1 1
 1 0 1 1 1 0 0 1 1 1 1 1 0 0 0 0 0 1 0 0 1 0 0 1 0 0 1 1 0 1 0 0 0 0 0 0 0
 1 0 1 0 0 1 1 1 0 0 1 1 0 0 0 1 0 0 1 0 0 0 1 0 0 0]
At 24501/30000: COST 0.325/2.058(0.315) -- Acc 0.860/0.500(0.868)
[0 0 0 1 0 1 0 0 0 0 1 0 1 0 0 0 1 1 1 0 0 0 1 0 0 1 0 0 0 1 0 1 0 1 0 0 1
 1 1 1 1 1 0 1 1 1 1 1 1 0 0 1 0 0 1 1 0 1 0 1 1 0 1 0 0 1 0 0 0 0 0 0 0 0
 0 1 1 1 0 0 0 0 1 1 1 0 1 0 0 1 1 1 0 1 1 0 0 1 1 0]
At 24601/30000: COST 0.356/2.512(0.298) -- Acc 0.850/0.510(0.876)
[0 1 0 1 0 1 0 1 0 0 0 1 0 1 1 0 0 0 0 0 0 1 1 0 1 1 0 0 0 1 0 1 1 1 1 1 1
 0 0 1 1 1 1 1 0 1 0 0 0 0 0 1 1 1 0 1 0 1 0 1 0 0 1 1 0 0 0 0 0 0 1 0 0 1
 0 0 1 1 0 1 1 0 1 0 0 0 1 1 1 0 0 0 0 1 0 0 1 1 1 1]
At 24701/30000: COST 0.437/2.142(0.307) -- Acc 0.840/0.480(0.873)
[1 1 1 1 0 0 1 1 0 0 1 1 1 1 0 0 1 1 0 0 0 0 1 1 1 1 0 1 0 1 0 1 1 0 1 0 0
 0 0 1 0 0 1 0 1 0 0 1 1 1 0 1 1 1 1 1 1 0 1 0 1 1 1 0 1 1 0 0 0 0 0 1 0 1
 0 1 0 0 0 1 1 0 1 0 0 0 0 1 0 1 1 0 0 0 0 1 1 0 0 0]
At 24801/30000: COST 0.353/2.698(0.312) -- Acc 0.820/0.450(0.871)
[0 0 0 1 1 0 1 1 0 0 0 1 1 1 0 1 0 0 0 1 0 1 0 0 1 1 1 1 0 0 1 1 0 1 0 0 0
 1 0 1 0 1 1 0 0 1 0 0 1 0 1 0 1 1 0 0 1 0 0 1 1 0 0 1 1 0 0 0 1 1 0 0 0 0
 0 0 0 1 1 1 0 1 1 0 1 0 1 1 1 1 1 0 1 1 0 1 0 1 1 0]
At 24901/30000: COST 0.275/1.986(0.314) -- Acc 0.900/0.500(0.871)
[0 1 0 0 0 0 1 1 1 0 0 0 0 1 1 0 1 1 1 0 0 1 1 1 0 1 0 1 0 0 0 0 1 1 0 0 0
 1 0 1 1 1 1 0 1 1 0 0 1 1 0 0 1 0 0 1 0 0 1 1 0 0 1 1 1 0 0 1 1 1 0 1 0 0
 0 0 1 0 1 1 1 0 1 1 1 1 0 1 1 1 0 1 0 1 1 0 0 0 1 0]
At 25001/30000: COST 0.294/2.391(0.295) -- Acc 0.890/0.520(0.879)
[0 0 1 1 0 0 0 1 1 1 0 1 1 1 0 1 0 0 0 1 1 1 0 1 1 1 1 0 1 0 0 0 0 0 1 1 1
 1 0 0 0 1 1 0 0 0 0 0 1 1 1 1 0 1 0 0 1 1 1 0 0 1 0 1 0 0 1 1 0 1 0 0 0 0
 0 1 0 1 0 0 0 0 1 0 1 1 0 0 1 0 0 1 1 0 1 0 0 1 0 0]
At 25101/30000: COST 0.323/2.321(0.296) -- Acc 0.850/0.530(0.877)
[1 1 0 0 0 0 0 1 1 1 0 0 0 0 0 0 1 0 1 1 1 0 0 0 1 1 0 1 0 0 1 0 0 1 1 0 0
 0 0 0 0 0 0 0 0 1 1 0 0 0 1 1 0 0 1 1 0 1 0 0 1 1 0 0 0 1 0 0 0 0 0 1 0 1
 1 1 1 1 1 1 1 1 0 1 0 1 0 1 0 1 0 0 0 0 1 1 1 0 1 1]
At 25201/30000: COST 0.288/2.693(0.285) -- Acc 0.860/0.550(0.881)
[0 0 1 1 0 1 1 1 1 0 0 1 0 0 0 0 0 1 0 0 1 0 1 0 0 0 1 1 0 1 0 0 0 0 0 0 0
 0 0 1 0 0 0 0 1 0 1 1 0 0 0 1 1 1 0 1 0 0 1 0 0 0 1 1 0 1 0 0 1 0 1 1 0 1
 1 0 1 1 1 1 0 1 0 1 1 1 0 1 0 0 0 1 0 0 0 1 0 1 0 1]
At 25301/30000: COST 0.417/2.797(0.285) -- Acc 0.830/0.460(0.880)
[0 0 1 1 0 0 1 1 0 0 0 1 0 1 1 0 1 0 0 1 0 1 0 1 1 1 1 0 0 0 1 0 1 1 0 1 1
 1 1 1 0 0 0 1 0 1 1 1 1 0 0 1 1 0 0 1 0 1 0 1 1 0 0 0 0 1 0 1 0 0 0 0 1 0
 0 0 1 1 1 1 1 1 1 0 0 0 0 0 0 0 1 1 0 0 1 0 0 1 1 0]
At 25401/30000: COST 0.319/2.410(0.289) -- Acc 0.860/0.490(0.880)
[1 0 0 0 1 0 1 0 1 1 1 0 0 1 1 0 1 0 1 0 1 1 1 1 1 0 1 0 1 1 0 1 1 1 0 1 0
 0 1 1 1 0 0 0 1 1 0 1 0 1 0 1 1 1 0 0 1 0 0 0 0 0 0 1 0 0 0 1 1 0 0 0 0 0
 1 0 1 0 0 0 1 0 0 0 0 1 1 1 0 0 1 0 1 1 1 0 0 0 0 0]
At 25501/30000: COST 0.420/2.141(0.316) -- Acc 0.790/0.470(0.868)
[1 0 1 1 0 1 1 0 0 0 0 1 1 1 0 0 0 0 1 0 0 0 1 0 1 0 1 0 1 0 0 0 1 0 0 0 1
 1 0 1 1 0 0 0 1 0 0 0 0 0 0 1 0 1 0 1 0 1 0 0 1 1 0 1 1 1 0 1 1 0 0 1 0 1
 1 0 1 0 0 0 1 1 0 1 1 0 0 0 1 1 1 0 1 0 1 1 1 1 0 0]
At 25601/30000: COST 0.313/1.991(0.322) -- Acc 0.890/0.530(0.864)
[1 1 1 1 0 0 0 1 1 0 1 1 1 0 0 0 1 0 0 0 0 0 1 0 1 1 1 1 1 0 0 1 1 0 1 1 0
 0 1 0 1 1 0 0 1 0 1 1 0 1 1 1 0 0 1 1 0 0 1 1 0 0 1 0 0 1 1 0 0 0 0 0 1 1
 0 0 1 0 0 1 0 1 0 1 1 0 0 0 0 0 0 0 0 0 1 0 0 1 0 1]
At 25701/30000: COST 0.284/2.162(0.322) -- Acc 0.870/0.510(0.865)
[0 0 1 0 0 0 0 1 0 1 0 1 0 0 1 1 0 1 0 0 1 0 0 0 1 1 0 0 1 1 0 0 1 1 1 1 0
 1 0 0 0 1 0 1 1 0 1 1 0 1 0 1 1 0 0 1 0 0 1 0 0 0 0 0 1 1 1 1 0 0 1 0 0 1
 1 0 0 0 0 0 1 1 1 0 0 1 1 0 1 0 0 1 1 1 1 0 0 0 1 0]
At 25801/30000: COST 0.326/2.501(0.308) -- Acc 0.900/0.480(0.872)
[1 0 0 0 1 0 0 0 0 0 1 0 1 0 1 0 1 0 1 1 1 0 1 1 1 0 0 1 1 1 0 0 1 1 1 1 0
 0 0 0 1 1 0 0 0 1 1 1 0 0 0 1 0 0 1 1 0 0 0 0 1 1 1 0 1 0 0 0 1 0 1 1 1 1
 0 0 1 0 0 0 0 0 0 1 1 0 0 1 1 0 1 0 1 0 0 1 1 0 1 1]
At 25901/30000: COST 0.197/2.602(0.292) -- Acc 0.900/0.460(0.881)
[0 1 1 1 0 0 1 0 1 1 1 0 0 1 0 1 1 0 1 1 0 1 0 0 0 1 0 0 1 0 0 1 0 0 1 1 1
 1 1 0 0 1 1 0 0 1 1 0 0 1 0 1 1 1 0 1 0 0 1 0 1 0 0 0 0 1 0 0 1 0 0 0 1 0
 0 0 1 0 0 1 1 1 1 1 1 0 0 0 1 1 1 0 0 0 1 0 0 1 1 1]
At 26001/30000: COST 0.278/2.277(0.299) -- Acc 0.870/0.480(0.877)
[1 0 0 0 1 1 0 1 1 0 0 1 1 1 1 0 0 1 0 0 0 1 0 0 0 0 1 1 0 1 1 0 0 0 1 0 1
 1 1 1 1 0 1 0 1 0 1 0 0 1 1 0 0 1 1 1 0 0 1 1 1 0 0 0 0 0 1 0 0 0 1 0 0 1
 1 0 1 0 0 0 1 1 1 0 0 0 0 1 1 0 0 1 0 1 0 0 1 1 1 1]
At 26101/30000: COST 0.268/2.345(0.302) -- Acc 0.900/0.510(0.877)
[1 0 1 1 1 0 1 0 0 1 1 1 0 0 1 0 1 1 0 1 0 1 1 0 0 0 1 0 0 1 0 0 0 1 1 0 1
 1 1 1 1 0 1 1 0 1 1 1 1 0 0 1 0 0 0 1 1 0 1 0 0 0 1 0 0 0 0 0 0 0 0 0 1 0
 0 1 1 0 1 0 1 0 1 0 1 0 0 1 1 0 0 0 0 0 0 1 0 0 0 0]
At 26201/30000: COST 0.253/2.337(0.307) -- Acc 0.870/0.450(0.874)
[1 1 1 0 1 0 1 0 0 1 1 0 0 1 1 0 1 1 0 1 0 0 1 1 1 0 0 0 0 0 0 0 0 1 1 0 1
 1 0 0 0 0 0 1 0 0 1 0 0 0 1 0 0 0 0 0 1 1 0 1 0 1 0 1 0 1 0 0 0 1 0 0 0 1
 0 0 0 0 0 1 1 1 1 1 1 0 1 0 0 1 0 1 0 0 1 1 1 0 1 1]
At 26301/30000: COST 0.282/2.208(0.291) -- Acc 0.870/0.550(0.879)
[0 1 1 0 0 1 1 1 1 0 0 1 0 1 0 0 0 0 0 0 0 1 0 0 0 1 0 1 0 0 0 0 1 0 0 0 0
 1 0 1 1 0 0 0 1 0 0 0 0 1 1 0 0 1 0 0 0 0 0 1 1 1 0 1 1 1 1 1 1 1 1 0 1 0
 1 0 0 0 0 0 1 0 1 1 1 0 0 1 0 1 0 1 0 0 1 0 0 1 0 0]
At 26401/30000: COST 0.363/2.565(0.295) -- Acc 0.830/0.480(0.876)
[1 1 0 0 1 1 0 1 0 1 0 0 0 1 0 1 1 0 0 1 0 0 1 0 1 1 0 0 0 0 0 1 0 1 0 0 0
 0 0 0 1 0 1 1 1 1 1 0 0 1 0 0 0 0 1 0 1 1 1 0 1 1 1 1 0 0 1 0 0 0 0 0 0 0
 1 0 0 0 1 1 1 0 1 0 1 0 0 1 0 0 0 1 0 0 0 1 1 0 1 0]
At 26501/30000: COST 0.324/1.736(0.312) -- Acc 0.860/0.530(0.874)
[0 1 1 0 1 1 1 1 1 0 0 0 1 0 0 0 1 1 1 1 1 0 1 0 1 1 1 1 0 0 0 0 0 1 1 1 1
 0 0 1 1 0 1 0 1 1 0 1 1 1 0 0 0 0 1 0 1 1 1 0 0 0 1 0 1 1 0 1 1 0 1 1 1 1
 1 1 0 1 0 0 1 0 0 1 0 0 0 0 1 0 0 0 1 0 1 1 0 0 0 0]
At 26601/30000: COST 0.352/2.105(0.313) -- Acc 0.850/0.570(0.872)
[1 0 0 0 1 1 1 0 0 0 0 1 1 1 0 1 0 0 0 1 0 0 0 1 1 0 0 0 0 1 0 0 0 1 0 1 0
 1 1 0 0 1 0 0 0 1 1 0 0 0 1 1 0 1 0 1 0 0 1 1 0 0 1 0 0 0 1 1 1 0 0 1 1 1
 1 1 0 0 1 1 1 1 0 0 0 0 0 0 0 1 1 0 1 1 0 1 0 0 0 1]
At 26701/30000: COST 0.265/1.689(0.319) -- Acc 0.890/0.570(0.869)
[0 0 0 1 0 0 1 0 1 1 1 0 0 0 0 0 1 1 1 0 0 0 0 1 0 1 0 1 0 0 1 0 1 1 1 0 1
 0 0 0 0 1 0 1 0 0 1 1 1 0 0 0 1 0 1 1 0 0 0 1 0 1 0 0 1 1 0 1 1 1 0 0 1 0
 0 1 1 1 1 1 1 1 1 1 1 1 1 1 0 1 0 1 1 0 1 1 1 1 0 0]
At 26801/30000: COST 0.217/2.365(0.310) -- Acc 0.930/0.490(0.873)
[0 1 0 1 1 1 0 1 0 1 1 1 1 1 1 0 0 0 1 1 0 0 0 0 0 1 0 0 0 0 1 0 1 1 0 0 0
 1 1 1 1 0 1 1 1 1 1 0 1 1 0 1 0 0 0 0 0 0 1 1 1 0 0 0 1 0 1 0 0 1 0 1 1 1
 0 0 1 1 0 0 0 0 1 1 0 1 1 0 0 0 0 0 0 1 0 1 0 0 0 0]
At 26901/30000: COST 0.227/2.322(0.303) -- Acc 0.920/0.510(0.877)
[0 1 1 1 1 0 0 1 0 0 1 0 1 1 1 1 1 1 0 1 0 0 0 1 0 0 1 0 1 0 0 0 0 1 0 1 0
 0 1 1 1 1 0 0 1 0 1 1 1 1 1 0 1 1 0 0 1 0 1 0 1 0 1 0 1 0 0 1 0 1 1 0 1 0
 1 1 0 1 0 1 0 0 0 1 0 0 0 1 0 0 0 0 1 0 1 0 1 1 1 0]
At 27001/30000: COST 0.362/2.061(0.300) -- Acc 0.890/0.470(0.877)
[0 1 0 0 0 0 1 0 0 1 1 1 0 1 1 1 1 0 1 0 0 0 0 1 0 1 0 0 1 1 0 0 1 0 0 1 1
 0 1 0 1 1 1 1 0 1 0 0 1 0 1 0 1 1 1 0 1 0 0 1 1 1 1 0 0 0 1 1 1 1 1 0 1 1
 0 1 0 0 0 0 0 0 0 1 1 0 1 0 0 0 0 1 0 1 1 1 0 0 1 1]
At 27101/30000: COST 0.247/2.271(0.299) -- Acc 0.890/0.470(0.880)
[1 0 0 1 0 1 0 1 0 1 0 0 0 1 0 1 1 0 0 1 0 0 1 0 0 1 1 1 1 1 1 1 1 0 0 0 1
 1 0 0 1 0 1 1 1 0 0 0 1 1 1 1 0 1 0 1 1 0 0 1 0 0 0 0 1 0 0 1 0 0 0 0 0 0
 0 0 1 1 0 0 0 0 1 1 0 1 0 0 1 0 1 0 1 0 1 1 0 1 1 1]
At 27201/30000: COST 0.472/2.482(0.286) -- Acc 0.800/0.480(0.884)
[0 0 1 1 1 0 0 0 1 1 0 1 1 0 0 0 0 1 0 0 1 1 0 0 0 1 1 1 1 0 1 1 1 0 1 0 0
 0 1 0 1 0 0 1 0 0 0 0 1 1 1 0 0 0 1 1 0 1 0 0 1 1 1 1 0 1 0 1 1 1 1 1 1 0
 1 1 0 0 0 1 1 0 0 1 0 1 1 0 1 1 1 1 0 1 0 0 0 0 0 0]
At 27301/30000: COST 0.288/2.450(0.297) -- Acc 0.940/0.450(0.880)
[1 0 0 0 1 0 0 1 0 1 0 0 0 0 0 0 1 0 0 1 1 1 0 0 0 1 1 1 1 1 1 1 1 0 1 1 1
 1 1 0 0 0 1 1 1 1 0 0 0 0 1 0 1 0 0 1 1 0 0 0 1 0 0 1 1 0 0 0 1 1 1 0 0 1
 1 1 0 0 1 0 0 1 1 0 0 1 1 0 1 0 0 0 1 0 0 0 0 1 1 0]
At 27401/30000: COST 0.207/2.178(0.289) -- Acc 0.920/0.540(0.882)
[0 0 0 1 0 0 0 1 0 0 0 0 0 1 1 1 0 1 0 1 0 1 1 0 0 0 1 1 0 1 1 0 1 1 1 0 1
 0 0 1 1 0 1 0 1 1 1 0 0 0 1 1 1 1 0 0 1 0 0 0 1 0 1 1 1 1 0 1 0 1 1 0 0 0
 1 0 0 0 1 0 1 0 0 0 1 0 0 0 1 0 0 1 1 1 1 1 0 0 1 0]
At 27501/30000: COST 0.224/2.138(0.294) -- Acc 0.870/0.540(0.878)
[0 1 0 0 0 0 0 0 1 0 0 1 1 1 1 1 0 0 1 1 0 0 0 0 0 0 1 0 0 1 0 1 1 0 1 1 0
 0 1 0 0 1 0 1 0 0 1 1 1 0 1 1 1 1 1 0 0 1 1 0 0 1 0 0 0 1 1 1 0 1 1 1 0 0
 0 0 0 0 1 0 1 0 1 0 1 0 1 1 1 0 0 0 1 0 0 0 0 0 1 0]
At 27601/30000: COST 0.286/2.515(0.293) -- Acc 0.860/0.490(0.879)
[0 1 0 0 0 0 0 0 1 1 0 0 0 0 0 1 0 1 1 0 1 0 0 0 0 0 0 1 1 0 1 0 1 0 0 0 0
 0 0 0 1 0 1 1 1 1 0 0 1 1 1 1 1 0 0 1 0 0 1 0 1 1 1 1 1 1 1 1 1 0 1 0 1 1
 1 0 0 1 1 0 0 1 0 0 0 1 1 0 1 0 0 0 0 1 1 1 1 0 0 0]
At 27701/30000: COST 0.427/2.130(0.297) -- Acc 0.810/0.530(0.878)
[0 0 0 1 0 1 0 0 0 1 0 0 0 1 0 0 1 1 0 1 1 1 0 0 0 1 1 0 1 1 1 1 1 0 1 0 0
 1 1 0 0 0 0 1 0 1 0 0 1 1 0 0 0 0 0 1 0 0 0 1 1 1 0 1 1 0 1 1 1 0 0 1 1 1
 0 0 1 1 1 1 0 0 0 1 0 0 0 0 1 1 0 1 0 1 1 0 1 0 0 0]
At 27801/30000: COST 0.277/2.623(0.287) -- Acc 0.870/0.530(0.880)
[1 1 0 0 0 0 0 1 0 1 1 1 1 0 1 0 0 0 0 1 0 0 0 0 0 0 1 0 1 1 1 0 0 0 1 1 1
 0 1 0 0 0 1 1 0 1 1 0 0 1 0 0 1 0 0 1 1 0 0 1 0 1 0 0 0 0 0 0 0 1 0 0 1 1
 1 1 1 1 0 1 1 0 1 0 0 1 0 1 0 1 1 0 0 1 1 0 1 1 0 0]
At 27901/30000: COST 0.339/2.263(0.308) -- Acc 0.870/0.440(0.873)
[0 1 1 0 0 1 0 1 0 1 1 0 1 1 1 0 0 0 0 0 0 1 0 0 1 1 1 1 1 1 0 1 0 0 1 0 0
 0 1 0 1 1 0 0 0 1 1 0 1 0 1 0 0 0 0 0 0 0 0 1 0 1 1 1 0 1 1 0 0 0 1 0 0 1
 0 1 0 1 0 1 0 0 0 1 0 0 1 1 0 0 1 0 0 1 1 0 0 0 0 1]
At 28001/30000: COST 0.391/2.265(0.308) -- Acc 0.880/0.460(0.876)
[0 1 0 0 0 0 0 0 1 0 1 1 0 1 0 1 1 1 0 0 0 1 1 0 0 1 0 1 0 1 0 0 0 0 1 1 1
 0 1 1 0 0 1 0 0 1 1 0 0 0 0 1 0 0 1 1 0 0 0 0 0 0 0 1 1 1 0 1 0 0 1 1 1 0
 1 0 1 1 0 0 1 1 0 1 0 0 0 0 0 0 0 0 1 1 0 1 0 1 1 1]
At 28101/30000: COST 0.415/2.538(0.304) -- Acc 0.820/0.460(0.875)
[1 1 0 1 1 1 1 0 0 0 0 1 0 0 1 1 1 0 1 0 0 0 1 1 0 1 0 0 0 0 0 0 1 1 0 0 0
 1 1 0 0 1 1 1 1 0 0 0 1 0 0 1 1 0 1 1 0 1 1 0 0 1 0 1 1 1 1 0 0 1 0 1 0 1
 1 1 0 0 0 0 0 1 0 1 0 0 0 0 0 1 1 0 1 1 0 0 0 1 0 0]
At 28201/30000: COST 0.298/2.536(0.287) -- Acc 0.880/0.470(0.885)
[0 1 1 1 1 1 1 0 0 0 1 0 0 0 0 0 1 0 0 0 1 0 1 0 1 0 1 0 1 0 0 1 1 1 0 1 0
 1 1 1 1 1 1 0 1 1 1 0 1 1 1 0 1 0 0 1 0 0 1 0 1 1 1 1 0 1 0 0 0 1 1 0 0 0
 0 0 0 1 0 1 0 0 0 0 1 0 1 0 1 0 0 1 0 0 1 0 1 0 1 1]
At 28301/30000: COST 0.271/2.392(0.290) -- Acc 0.910/0.520(0.882)
[1 0 1 0 0 1 1 1 0 1 0 0 0 1 1 0 1 1 1 1 0 0 0 0 0 0 0 1 1 0 0 0 0 0 1 0 0
 0 0 1 1 1 1 1 0 1 1 0 0 0 0 0 1 0 1 0 0 0 1 1 0 1 1 1 1 0 1 1 1 0 0 1 0 1
 1 1 0 0 0 1 1 0 1 0 0 0 1 1 0 0 0 0 1 1 0 0 0 1 0 0]
At 28401/30000: COST 0.264/2.355(0.297) -- Acc 0.910/0.440(0.882)
[1 1 1 0 0 0 1 1 0 0 0 1 0 1 1 1 0 1 0 0 0 0 0 0 1 1 0 0 1 0 1 0 0 1 1 1 1
 1 0 0 1 0 0 0 1 1 1 0 1 1 0 0 0 1 1 1 1 1 1 0 0 1 1 0 1 0 1 1 0 1 0 0 0 1
 1 1 1 1 1 1 0 1 0 0 0 1 0 1 1 1 1 0 0 1 1 0 0 0 0 1]
At 28501/30000: COST 0.281/2.301(0.285) -- Acc 0.890/0.560(0.883)
[1 0 1 0 1 0 1 0 1 1 1 1 0 0 0 0 0 1 1 1 1 0 0 0 1 1 1 1 0 1 0 0 1 1 0 1 1
 0 0 1 1 1 1 1 0 1 1 0 0 0 0 0 1 0 0 1 0 0 0 0 0 0 0 0 0 0 1 0 0 1 1 0 0 0
 0 0 1 0 0 1 1 1 0 0 1 0 0 0 1 1 0 1 1 1 1 1 1 0 1 1]
At 28601/30000: COST 0.264/2.249(0.285) -- Acc 0.860/0.570(0.884)
[1 1 0 1 0 0 0 1 1 0 0 1 0 1 0 0 1 0 0 1 1 1 0 0 1 0 0 0 0 1 0 0 0 0 0 0 0
 1 1 1 0 0 1 1 1 1 1 1 0 1 0 0 0 0 1 0 0 0 0 1 1 1 1 1 1 1 1 1 1 1 1 0 0 0
 0 1 1 0 0 1 0 0 0 0 1 0 0 0 1 1 0 1 1 0 1 0 0 0 1 1]
At 28701/30000: COST 0.326/2.089(0.301) -- Acc 0.840/0.520(0.878)
[1 0 0 0 1 1 1 0 0 0 1 0 0 0 0 0 1 0 0 1 1 1 1 0 0 1 1 1 0 1 1 0 1 0 0 0 0
 0 1 1 1 1 0 1 0 1 0 0 1 0 1 0 0 0 1 1 1 0 1 0 0 0 0 0 0 0 1 0 1 0 1 1 0 1
 1 1 1 1 1 0 0 1 1 0 0 1 0 0 0 1 0 0 1 0 0 1 1 0 1 0]
At 28801/30000: COST 0.241/2.118(0.298) -- Acc 0.920/0.570(0.879)
[1 0 1 1 0 0 0 1 0 1 1 0 1 1 0 1 0 1 0 1 0 1 1 1 1 0 0 1 1 0 1 0 0 1 0 1 0
 0 0 0 1 0 0 0 0 0 0 1 0 1 1 0 1 0 0 1 0 1 1 0 0 0 0 0 1 0 1 1 0 1 0 1 0 1
 1 0 1 0 0 1 0 0 0 1 0 1 1 0 0 0 1 0 1 1 0 1 0 1 0 0]
At 28901/30000: COST 0.335/2.059(0.300) -- Acc 0.860/0.520(0.878)
[0 0 0 0 0 1 0 1 0 0 1 0 1 0 0 1 0 0 1 0 1 0 0 0 0 1 0 0 0 0 0 0 0 1 0 0 0
 1 0 1 1 0 0 1 1 1 1 1 0 0 0 1 0 0 0 0 0 0 1 1 1 1 0 1 0 1 1 1 0 1 1 1 1 1
 1 0 1 0 0 1 1 1 1 1 1 1 1 1 1 0 1 0 1 0 1 0 1 0 1 0]
At 29001/30000: COST 0.257/2.260(0.302) -- Acc 0.900/0.450(0.878)
[1 1 0 1 1 0 0 1 0 0 0 1 0 1 1 1 1 0 1 0 0 1 0 0 1 0 0 0 0 1 0 1 0 1 0 0 0
 1 0 1 0 0 1 0 1 1 0 1 1 1 1 0 1 0 0 0 0 1 1 1 1 0 0 0 1 1 1 1 0 1 1 0 0 0
 0 0 0 0 1 0 0 0 0 0 0 1 0 0 1 0 0 0 0 1 1 0 0 1 1 0]
At 29101/30000: COST 0.310/2.208(0.299) -- Acc 0.880/0.460(0.879)
[1 0 0 1 1 0 0 0 1 0 1 1 0 0 1 0 0 0 0 0 0 0 0 1 1 1 1 1 0 0 0 0 0 1 0 0 0
 0 1 0 0 0 0 0 1 0 0 1 0 1 1 0 0 0 1 0 0 1 0 0 1 1 0 1 1 0 0 0 1 0 0 0 1 0
 0 0 0 1 1 1 0 0 1 1 0 0 1 1 1 0 0 0 0 1 0 1 0 1 0 1]
At 29201/30000: COST 0.354/2.618(0.287) -- Acc 0.840/0.450(0.882)
[1 1 0 0 1 1 0 1 0 0 0 0 0 0 1 0 0 0 0 0 1 0 0 0 0 0 0 1 0 0 0 1 0 1 1 0 0
 1 1 1 0 0 1 0 0 1 1 1 1 0 0 1 0 1 0 0 0 1 1 0 0 1 0 0 1 1 0 1 1 1 1 0 0 1
 1 0 1 1 1 0 1 1 0 0 1 1 0 1 1 1 0 0 0 1 0 1 0 1 0 1]
At 29301/30000: COST 0.280/2.703(0.285) -- Acc 0.890/0.470(0.882)
[1 0 1 1 0 0 0 0 0 0 1 1 0 1 1 0 0 1 1 1 0 0 0 1 1 0 0 1 0 1 0 0 0 0 0 1 1
 0 0 0 0 0 0 0 0 1 0 1 1 1 0 0 0 1 1 0 0 1 1 1 0 0 0 1 1 1 1 1 0 1 0 1 0 1
 1 1 1 1 1 1 0 0 0 1 1 0 1 1 0 0 0 0 1 0 1 1 1 1 1 0]
At 29401/30000: COST 0.308/2.296(0.292) -- Acc 0.890/0.480(0.879)
[0 1 0 0 1 0 1 0 1 0 1 1 1 0 1 1 1 1 0 0 0 0 1 1 0 1 1 0 0 0 0 1 0 0 1 1 1
 1 1 0 1 1 1 0 0 1 0 1 1 1 0 0 0 0 0 0 0 1 1 0 0 0 1 0 1 0 1 1 0 0 0 1 0 1
 1 0 1 1 0 0 1 1 0 1 1 1 1 1 1 1 0 1 0 1 0 0 0 0 0 0]
At 29501/30000: COST 0.238/2.764(0.281) -- Acc 0.900/0.470(0.885)
[0 1 1 1 1 1 1 0 1 1 1 0 1 1 1 1 1 1 0 1 0 0 1 1 1 0 1 0 0 1 1 1 0 0 1 1 1
 0 0 1 1 1 1 0 1 1 0 0 0 1 0 1 0 0 1 0 0 0 0 1 0 1 1 0 0 0 0 1 1 0 1 0 0 0
 1 0 0 0 1 1 1 0 0 1 1 0 0 1 1 1 1 0 1 0 0 0 0 0 0 0]
At 29601/30000: COST 0.364/2.614(0.276) -- Acc 0.850/0.530(0.887)
[1 1 1 1 1 1 0 1 0 1 0 0 1 0 1 0 0 0 1 0 1 0 1 0 0 1 1 0 0 1 0 0 1 0 0 0 1
 1 1 1 1 1 1 0 1 1 0 0 0 0 0 1 1 0 0 0 1 0 0 0 0 0 0 1 0 0 1 0 1 0 1 1 0 0
 0 0 0 1 1 0 1 0 1 0 1 1 0 0 1 1 1 0 0 1 1 1 1 0 0 1]
At 29701/30000: COST 0.155/2.018(0.288) -- Acc 0.950/0.570(0.883)
[0 1 0 1 0 1 0 0 1 1 0 0 0 1 0 0 1 0 1 1 1 1 0 0 1 1 1 0 1 0 1 0 0 1 1 1 0
 1 1 1 1 1 0 1 0 1 0 1 0 0 0 0 0 1 1 0 0 1 0 0 1 1 0 0 0 1 1 1 1 0 0 0 1 1
 1 0 0 0 0 0 0 0 0 0 1 0 1 0 0 0 0 1 0 1 0 0 0 1 1 1]
At 29801/30000: COST 0.173/2.576(0.274) -- Acc 0.960/0.490(0.888)
[1 1 0 0 1 0 0 0 0 0 1 0 1 1 1 0 1 1 1 1 1 1 0 1 1 1 1 0 0 0 0 0 1 1 1 1 0
 1 0 0 0 1 0 0 1 1 0 0 0 0 0 1 0 1 1 0 1 0 1 0 1 1 0 0 0 0 0 0 0 0 1 0 0 0
 0 1 1 1 0 0 1 0 1 0 0 0 0 0 1 0 0 0 1 0 1 1 0 1 0 0]
At 29901/30000: COST 0.262/2.623(0.273) -- Acc 0.860/0.480(0.889)
