[-1.24908541 -1.24985411 -1.25062281 ...,  2.25126758  2.22109599
  2.30161762]
[-0.58077503 -0.58077073 -0.58077288 ...,  5.84871659  6.44686808
  4.46363248]
(5911, 30, 1, 2)
time:0
[1 1 0 1 1 1 1 0 0 1 1 1 1 1 1 0 1 1 1 0 0 1 0 1 1 0 0 0 0 1 0 1 0 0 0 0 0
 1 0 1 1 0 0 1 0 0 1 0 1 1 0 0 1 1 0 0 1 1 0 1 0 1 0 1 0 0 0 1 1 0 1 0 0 1
 0 0 0 0 0 1 1 0 0 1 0 0 1 0 1 1 1 0 1 1 1 0 1 1 0 1]
time:1
[1 1 0 1 1 1 0 1 0 1 1 0 0 1 0 0 1 1 0 0 0 1 0 1 1 0 1 0 1 1 0 0 1 0 1 0 1
 1 1 0 0 1 0 0 1 0 1 0 0 1 0 1 0 1 1 1 0 1 0 1 0 1 1 1 0 0 0 1 0 1 1 0 1 0
 1 0 1 0 0 0 1 1 0 0 1 0 0 1 0 1 1 0 1 0 0 1 1 0 0 1]
time:2
[0 1 0 0 1 1 1 0 0 1 0 1 0 1 1 0 1 0 0 0 1 0 1 0 0 0 0 0 1 0 0 0 1 0 1 0 0
 0 0 0 1 1 0 1 1 1 0 1 0 1 0 0 0 1 1 1 0 1 0 0 0 1 1 1 0 0 0 1 0 0 1 0 0 0
 0 0 1 0 1 0 1 0 0 0 0 0 1 0 0 0 1 1 1 0 1 1 0 0 0 0]
time:3
[0 1 0 0 1 1 1 0 0 1 0 1 1 0 0 1 0 0 1 1 1 1 0 0 0 0 0 1 1 1 0 0 0 1 1 1 0
 0 1 1 0 0 1 0 1 1 0 1 1 0 0 0 0 1 1 0 1 0 0 1 0 0 0 1 1 0 1 0 0 0 1 0 0 1
 1 0 1 1 0 1 1 0 0 1 0 0 0 1 1 0 1 0 1 1 1 0 0 1 0 0]
time:4
[1 1 0 0 0 1 0 0 0 0 0 0 1 1 1 1 1 0 1 0 0 0 1 0 0 1 0 0 1 0 1 0 0 0 1 0 1
 1 0 0 1 0 0 1 1 1 0 1 0 1 1 0 0 1 0 0 1 0 1 0 1 0 0 0 0 0 0 0 0 0 0 0 0 1
 0 1 0 0 1 0 1 1 0 1 0 0 0 0 1 0 0 0 0 0 1 1 1 0 0 1]
time:5
[0 1 0 1 0 0 1 1 0 1 1 0 1 1 1 0 0 0 1 0 0 0 0 0 1 1 0 1 0 1 0 1 1 0 1 1 0
 0 0 0 1 1 0 0 1 1 0 1 1 1 0 1 0 1 0 0 1 1 0 0 1 0 0 1 1 1 0 0 1 1 1 0 1 0
 0 1 0 1 1 1 0 1 1 1 0 0 1 0 0 1 0 0 1 1 1 1 1 1 0 1]
time:6
[0 0 0 1 1 1 0 0 0 0 1 0 1 1 0 0 0 1 1 0 0 1 0 0 1 0 1 0 0 0 0 1 1 0 1 1 0
 1 1 1 0 0 1 1 1 1 1 1 0 0 1 0 1 0 1 0 0 1 0 1 0 0 1 1 0 0 1 1 1 1 1 0 0 1
 0 0 0 1 1 0 1 1 1 1 1 0 1 1 0 0 0 0 1 1 0 1 1 1 1 0]
time:7
[0 0 0 1 0 0 0 0 0 0 1 1 1 0 1 1 1 1 1 0 1 0 1 1 1 1 1 0 0 0 0 1 0 0 1 1 1
 1 1 0 0 1 1 1 1 1 0 0 1 1 1 0 1 1 0 0 1 1 1 0 0 0 1 1 0 0 1 0 0 1 1 0 1 0
 1 1 1 1 1 0 1 1 0 1 0 0 1 1 1 1 1 0 1 0 0 1 1 1 1 1]
time:8
[0 1 1 0 0 1 0 0 1 0 1 0 0 1 1 0 1 0 0 1 1 0 1 0 0 0 0 0 1 0 1 1 1 1 1 0 0
 0 1 1 0 0 0 1 1 0 0 1 1 0 0 1 0 0 1 1 1 0 1 1 1 0 1 0 1 0 0 0 1 0 1 0 0 1
 0 0 0 0 1 1 1 1 0 0 1 0 1 1 0 1 0 0 1 1 1 1 1 1 1 1]
time:9
[0 1 0 0 0 1 0 0 0 1 1 0 1 1 0 0 1 0 0 0 0 1 0 1 0 0 0 0 1 0 0 1 0 1 1 0 1
 1 1 1 1 1 1 1 1 0 0 1 1 0 0 1 1 1 0 1 1 0 0 1 0 1 0 1 0 0 0 1 0 1 1 0 0 0
 0 0 0 0 1 0 1 0 1 1 0 0 0 0 0 0 1 1 1 0 0 1 1 1 0 0]
time:10
[0 1 1 0 1 1 1 1 0 1 0 0 0 1 1 1 1 0 0 0 1 1 1 1 0 1 1 1 0 1 0 0 1 0 1 0 1
 0 1 1 1 1 0 1 1 1 1 1 0 1 1 0 0 0 1 1 1 1 0 1 1 0 0 0 0 0 0 0 1 0 0 0 0 1
 1 0 0 1 1 0 0 0 0 1 1 1 0 1 0 1 1 0 1 1 1 1 0 0 0 0]
time:11
[0 1 1 1 0 0 0 0 0 0 0 1 0 0 1 0 1 0 0 0 0 0 1 1 1 0 1 0 0 0 0 1 1 0 0 1 1
 0 1 1 0 0 0 1 1 0 1 1 1 0 1 0 1 0 1 1 1 1 1 1 0 1 0 0 1 0 0 1 1 0 1 0 0 0
 1 0 0 1 1 0 1 1 0 1 0 0 1 0 0 0 1 0 1 0 1 1 1 1 0 1]
time:12
[0 0 0 0 0 1 0 0 0 1 0 1 0 0 1 0 1 1 1 0 1 0 0 1 0 0 1 0 0 1 1 1 1 0 1 0 0
 1 1 1 1 0 1 0 0 1 0 1 1 0 1 1 1 0 0 0 1 1 0 0 1 1 1 1 1 0 0 1 0 0 1 1 1 0
 0 0 0 1 1 0 1 1 1 0 0 1 1 1 1 0 1 0 0 1 1 1 1 1 0 0]
time:13
[1 1 0 0 0 0 0 1 0 0 1 1 1 1 1 0 0 1 0 1 0 1 1 0 0 1 0 0 1 1 0 0 1 1 0 0 1
 0 0 0 0 0 0 1 1 1 0 1 0 1 0 1 1 0 0 1 1 0 0 0 0 1 0 1 0 0 1 1 0 0 1 0 0 1
 0 0 0 1 0 1 1 0 0 1 0 0 1 0 0 0 1 1 0 0 0 1 0 1 0 1]
time:14
[0 1 0 0 1 0 1 0 1 1 0 1 0 0 1 0 0 0 0 0 1 0 0 1 0 1 1 1 0 0 0 1 1 0 0 1 0
 0 1 0 1 0 0 1 1 0 0 0 0 0 1 0 0 1 1 0 0 1 1 0 0 0 1 0 1 0 1 0 1 0 0 0 0 1
 0 0 1 0 0 1 1 1 0 0 0 0 0 1 1 1 0 0 0 0 1 0 0 1 0 0]
time:15
[0 1 1 1 1 1 0 1 1 1 1 0 1 1 1 0 1 1 1 0 0 0 0 0 1 1 1 0 1 1 0 1 1 0 1 1 1
 0 1 1 1 0 0 1 0 1 1 1 0 0 0 0 0 1 0 1 1 1 0 1 1 1 0 0 1 1 0 0 1 1 1 1 0 0
 1 1 1 1 1 1 1 0 1 0 1 1 1 0 0 0 0 0 0 1 1 1 1 0 0 0]
time:16
[0 0 1 1 1 0 0 0 0 0 0 0 0 0 1 0 0 0 0 0 1 1 1 1 1 0 0 1 1 1 0 0 0 1 0 1 0
 0 0 1 0 0 1 1 0 1 0 0 1 0 1 0 1 1 1 1 1 0 0 0 1 0 0 1 0 0 1 0 0 1 0 0 0 1
 1 0 1 0 1 1 1 0 0 1 1 0 0 1 0 0 0 0 1 0 1 1 1 1 0 1]
time:17
[0 1 0 0 0 0 1 0 0 1 0 1 0 0 1 1 1 1 1 0 0 1 0 1 1 1 1 1 1 0 1 1 0 0 1 1 1
 0 1 0 0 0 1 1 1 0 0 0 1 0 0 0 1 0 1 1 0 1 0 0 1 1 0 0 0 0 0 0 1 1 1 0 0 1
 0 0 0 0 1 1 1 1 1 1 0 1 1 0 1 0 1 1 1 1 1 0 1 1 1 0]
time:18
[0 0 0 0 1 1 1 0 0 1 1 0 0 0 1 0 0 1 0 0 0 1 1 0 1 1 1 1 0 0 0 1 0 0 1 0 0
 1 1 0 0 0 0 0 0 0 0 0 1 1 0 1 0 0 1 0 1 0 0 0 1 1 1 1 0 0 1 0 0 1 1 0 0 0
 0 1 0 0 1 0 1 1 1 1 0 0 0 1 0 1 0 1 1 0 0 0 1 0 1 0]
time:19
[0 0 0 0 1 1 1 1 1 0 1 1 1 0 1 1 0 1 0 1 0 0 1 1 0 0 1 1 1 0 0 1 1 1 1 1 0
 0 1 0 0 0 0 1 0 0 1 1 1 1 0 0 1 0 0 1 0 0 1 0 1 1 0 1 0 1 1 1 1 0 0 0 1 1
 0 0 0 0 1 0 1 1 0 0 0 0 1 0 1 0 0 0 1 1 0 0 1 0 0 0]
time:20
[0 1 0 1 0 1 1 1 0 0 1 1 0 0 0 1 1 0 1 0 0 1 1 1 1 0 1 1 1 0 1 0 0 1 1 0 0
 0 1 1 1 0 0 1 1 0 1 1 0 0 1 0 1 1 1 0 0 0 0 0 0 0 0 1 0 1 0 0 1 0 1 0 1 0
 1 1 0 1 1 1 1 1 1 1 0 0 1 1 1 0 1 0 1 0 1 1 0 1 0 1]
time:21
[0 0 1 0 1 0 0 1 0 1 0 0 1 1 0 0 0 1 1 0 1 1 1 1 0 0 1 0 0 1 0 1 1 0 1 1 1
 1 1 1 0 0 0 0 1 1 0 1 1 1 0 1 0 0 0 1 1 1 0 1 0 0 1 1 1 1 0 1 1 0 1 0 1 0
 1 0 0 0 1 0 1 0 1 1 1 1 1 0 0 1 0 0 1 0 1 1 1 1 0 0]
time:22
[0 1 0 0 0 1 1 0 0 0 0 1 1 1 0 1 0 1 0 0 0 1 1 1 0 1 1 0 1 0 1 1 0 0 1 1 1
 0 1 1 1 1 0 1 1 1 0 0 1 1 1 0 1 1 1 0 1 1 1 1 1 0 0 1 0 0 1 0 1 1 0 0 0 0
 0 0 0 1 1 1 1 0 0 1 0 0 0 1 0 1 1 0 0 1 1 0 1 1 0 0]
time:23
[0 0 0 0 0 1 0 0 0 1 0 1 0 0 1 0 1 1 0 0 0 1 1 1 1 0 1 1 0 1 0 0 0 0 1 1 0
 0 0 0 1 0 0 1 1 0 1 0 1 0 0 0 1 0 1 1 1 1 0 0 1 1 1 0 1 1 0 1 0 1 1 0 0 0
 1 1 1 0 1 0 1 0 1 1 0 0 1 0 1 0 1 0 1 0 0 0 1 1 0 0]
time:24
[0 0 1 1 1 1 0 0 0 1 0 1 0 1 1 0 1 0 1 0 0 1 0 1 0 1 0 1 0 0 0 0 0 0 1 0 1
 0 0 1 1 1 0 0 1 0 1 0 1 1 0 0 1 0 1 0 1 0 0 1 0 0 0 0 0 1 0 1 1 1 1 0 1 0
 0 0 1 0 1 0 0 1 0 1 0 0 0 1 0 1 0 0 1 1 1 1 1 1 0 0]
time:25
[0 0 0 0 1 1 0 1 1 1 1 1 1 1 1 1 1 1 0 0 0 0 0 1 0 0 0 0 1 0 0 0 1 1 0 0 1
 1 1 0 0 1 0 1 1 0 0 1 1 1 1 0 0 1 1 1 1 1 1 0 0 1 0 1 1 0 0 1 0 1 1 1 0 1
 1 0 0 1 1 0 1 1 0 0 0 1 1 0 1 1 1 0 1 0 1 1 1 1 0 0]
time:26
[0 1 0 0 1 0 1 1 0 0 1 1 1 0 0 0 1 1 0 1 0 1 1 1 1 0 1 0 0 0 0 0 0 1 1 0 1
 0 1 1 1 0 0 1 1 0 0 0 1 1 0 0 0 1 0 0 0 1 0 1 1 1 0 0 0 1 1 0 0 0 0 0 0 0
 0 1 1 0 1 1 0 1 1 1 1 0 0 0 1 0 0 0 1 0 1 1 1 1 0 0]
time:27
[0 0 0 0 0 1 0 0 0 1 1 1 1 0 0 0 0 0 1 0 1 1 0 0 0 1 1 0 0 1 0 0 1 0 1 1 0
 0 1 0 0 1 1 0 1 0 1 1 1 0 1 0 0 0 0 0 1 1 0 0 1 0 0 1 0 0 0 1 1 0 1 0 1 0
 0 0 1 1 1 1 1 0 0 1 0 1 1 1 1 1 0 0 1 1 1 1 1 0 0 0]
time:28
[1 1 0 1 0 0 1 1 1 1 1 1 1 0 1 0 1 0 1 0 0 1 1 1 1 1 1 0 0 0 1 0 1 1 0 0 1
 0 1 0 0 0 0 0 1 0 0 0 1 0 0 0 1 0 0 0 1 1 0 0 1 1 1 0 0 0 0 1 0 1 0 0 1 1
 0 0 0 1 0 1 0 0 1 0 1 1 0 0 0 1 1 1 1 0 1 1 1 1 0 0]
time:29
[0 0 0 0 1 0 0 1 0 0 1 0 1 0 1 0 0 0 0 0 0 1 0 1 1 0 0 1 0 1 0 1 0 0 0 1 0
 0 1 1 0 1 0 1 0 0 1 0 0 1 0 0 0 0 1 0 0 1 0 1 1 0 0 0 0 1 0 0 0 0 0 1 1 1
 0 0 1 1 1 0 0 1 0 1 1 1 0 0 1 1 1 0 0 1 1 1 1 1 0 0]
time:30
[0 0 0 1 1 0 1 0 1 0 1 0 0 1 0 0 1 0 1 0 0 1 0 0 0 0 1 1 1 0 0 1 0 0 1 1 0
 1 1 0 0 1 0 1 1 0 0 0 0 1 1 0 1 1 1 1 0 1 1 1 0 0 1 0 0 1 1 0 1 0 0 0 0 1
 0 0 1 1 0 1 1 0 1 0 1 0 1 0 1 0 1 0 1 1 1 1 1 1 1 1]
time:31
[1 1 0 0 1 0 0 0 1 1 1 1 0 0 1 1 1 0 1 0 0 0 0 1 1 0 1 0 1 0 1 1 1 1 1 0 1
 1 1 1 0 1 0 1 1 0 0 0 0 0 1 1 1 1 1 1 1 0 1 0 1 0 1 1 1 1 0 1 1 1 0 0 1 1
 1 0 0 0 1 0 1 0 1 0 1 1 0 0 0 0 1 1 1 1 1 0 1 0 1 1]
time:32
[1 1 1 0 0 1 1 1 1 0 0 1 0 0 1 0 1 0 1 0 0 1 1 1 0 1 1 1 1 0 0 1 1 1 0 1 1
 0 0 1 1 1 0 1 0 1 1 0 1 0 0 1 1 1 1 1 0 0 1 0 1 1 1 1 0 1 0 1 1 0 0 1 0 0
 0 0 0 1 1 1 0 0 0 1 0 1 1 1 1 0 1 1 1 0 1 0 1 1 1 1]
time:33
[0 1 0 0 1 1 0 0 1 1 1 0 1 1 1 0 1 1 0 0 0 0 0 0 1 1 1 1 0 0 1 1 1 0 1 0 0
 1 1 1 1 0 1 1 1 1 0 0 1 0 1 1 0 1 0 1 1 1 0 0 1 0 0 1 1 1 1 0 1 0 0 0 0 1
 0 0 0 1 1 0 1 1 1 0 1 0 1 0 0 0 0 0 1 0 1 0 1 0 0 1]
time:34
[0 1 1 1 1 1 0 1 0 1 1 1 1 1 1 0 0 1 0 0 0 0 0 1 1 1 1 1 0 0 0 0 1 0 1 0 1
 1 1 0 1 1 1 1 1 1 1 0 1 1 1 0 0 1 0 0 0 1 1 1 1 0 0 1 1 0 1 0 1 1 1 1 0 1
 0 1 0 1 1 1 0 0 1 1 0 1 1 1 1 0 1 0 1 0 0 0 1 1 0 1]
time:35
[0 0 1 1 1 0 1 0 0 0 0 1 1 1 0 1 0 0 1 0 0 1 0 1 1 0 1 1 0 0 1 1 1 1 1 1 1
 0 0 0 0 0 0 1 0 0 0 0 1 0 0 1 0 0 0 1 1 0 0 1 0 0 0 1 1 0 0 1 0 1 0 0 0 1
 0 0 0 1 1 0 0 0 1 1 0 0 1 1 0 1 1 0 1 0 1 0 0 1 0 0]
time:36
[0 0 1 0 0 0 0 0 1 0 1 0 0 1 0 1 1 0 0 0 0 1 0 0 0 0 0 1 0 1 1 1 1 1 1 1 1
 1 1 1 0 0 1 0 1 0 0 0 0 0 0 0 1 0 0 1 1 1 1 0 1 1 1 1 0 0 0 0 1 0 0 0 1 1
 1 0 0 0 1 0 1 0 0 1 1 0 0 1 0 0 1 0 1 0 1 1 1 0 0 0]
time:37
[1 1 1 1 1 0 1 0 1 0 1 1 0 1 0 0 1 1 1 0 0 1 1 0 0 0 1 0 0 0 1 0 0 1 1 1 1
 0 0 1 1 1 1 0 1 0 1 0 0 0 1 0 1 1 1 1 1 1 1 0 1 1 1 1 1 1 0 1 1 1 1 0 1 0
 1 0 1 1 1 1 1 0 0 1 0 1 1 0 0 0 1 0 0 1 1 1 1 1 0 1]
time:38
[0 1 1 1 0 1 1 0 0 0 0 1 0 0 0 0 1 1 0 0 1 1 1 1 0 0 0 1 1 0 0 1 1 1 0 0 0
 0 1 1 1 0 0 0 0 0 0 0 1 1 1 0 0 1 1 1 0 1 1 0 1 1 0 1 0 1 0 1 1 1 1 0 1 1
 1 0 0 0 1 1 1 1 0 0 1 0 0 1 0 0 0 1 1 0 1 0 1 1 0 1]
time:39
[0 1 1 0 0 0 0 1 0 0 0 0 0 0 1 1 1 1 1 0 0 0 0 0 1 1 1 0 1 0 0 0 0 0 1 1 0
 0 1 0 0 0 0 0 1 1 0 1 1 0 0 0 0 1 1 0 1 0 1 0 0 0 0 1 1 0 1 1 1 1 1 0 0 0
 1 0 0 0 1 0 1 0 0 0 1 0 1 0 0 0 0 1 1 0 1 1 1 0 0 0]
time:40
[1 1 1 0 1 1 0 0 1 1 1 1 1 0 1 0 1 0 0 0 1 0 1 0 0 0 1 1 1 1 1 1 1 1 1 1 1
 1 0 1 0 0 1 0 0 1 0 1 0 1 0 0 0 0 0 1 1 0 1 0 0 0 0 1 1 0 0 1 1 0 0 1 0 0
 0 1 0 1 0 1 1 0 1 1 1 0 1 0 0 0 1 1 0 0 1 1 0 1 0 1]
time:41
[1 0 1 1 1 1 0 1 1 1 1 1 0 1 1 0 0 0 1 0 1 1 0 0 0 1 1 0 0 0 1 0 0 1 0 0 1
 0 1 0 0 1 0 1 1 1 0 1 0 0 0 0 0 1 0 1 1 0 1 0 1 1 0 1 1 0 0 1 1 1 0 0 1 0
 0 0 1 1 1 1 1 1 0 0 0 1 0 0 1 0 0 0 0 0 1 0 1 1 0 1]
time:42
[0 1 0 1 1 0 1 1 0 1 1 0 0 1 1 1 0 1 1 0 0 1 1 0 1 0 1 1 0 1 0 1 1 1 1 1 0
 0 0 1 1 0 0 1 1 0 1 0 0 0 1 1 1 0 0 0 1 1 0 1 1 0 0 0 1 0 0 0 1 1 0 0 1 1
 0 1 0 1 1 0 0 1 0 1 1 0 0 0 0 0 1 0 0 1 1 0 1 1 1 1]
time:43
[0 0 1 0 0 0 1 1 1 1 1 0 0 0 0 0 0 1 1 1 0 1 0 1 1 0 1 1 0 0 1 1 1 1 0 1 0
 1 0 1 0 1 0 0 1 0 1 0 1 0 1 0 0 0 1 0 0 0 0 1 1 0 0 0 0 0 1 1 1 1 1 0 0 1
 0 0 1 1 0 1 1 1 1 1 1 1 1 1 1 1 1 0 0 1 1 1 1 0 0 1]
time:44
[0 0 1 1 1 0 1 0 0 0 0 1 0 1 1 1 1 1 1 0 1 1 0 1 1 0 1 1 1 1 0 1 1 1 0 1 1
 0 1 1 0 1 0 1 1 0 0 1 1 0 0 0 0 1 0 1 1 1 1 1 0 0 1 1 0 0 1 1 1 0 1 1 0 0
 1 1 1 1 1 1 1 0 0 0 0 0 0 0 1 1 1 0 1 0 1 1 1 1 1 1]
time:45
[0 1 1 1 1 1 0 1 0 0 0 1 0 1 1 1 1 0 0 0 1 0 0 1 1 1 1 1 1 0 1 1 0 1 1 0 1
 0 1 1 1 1 0 1 1 0 0 0 1 0 1 0 1 1 1 1 0 1 1 1 1 0 0 0 0 0 0 1 1 0 1 0 0 1
 0 0 0 0 1 1 0 1 1 1 0 0 0 0 1 0 1 0 0 0 1 0 1 1 0 0]
time:46
[0 1 1 1 0 1 0 0 0 1 1 0 0 0 0 1 0 1 1 0 0 0 1 1 1 1 1 1 1 0 1 1 0 0 1 0 0
 1 0 0 0 1 0 1 1 0 1 1 1 0 1 1 1 1 1 1 1 1 0 0 1 1 0 1 0 0 1 1 1 0 1 0 1 0
 1 0 1 0 1 1 1 0 0 0 0 0 0 1 1 0 1 0 1 0 0 1 1 1 0 1]
time:47
[1 1 1 0 1 1 1 1 1 1 0 0 0 1 0 0 1 1 1 0 0 1 0 0 0 0 1 1 1 1 0 1 1 1 1 1 0
 0 1 0 1 0 0 1 1 0 0 0 1 1 1 1 0 1 1 0 1 1 1 0 1 0 0 1 1 1 0 0 1 1 1 0 0 1
 1 0 1 0 1 1 0 1 0 1 1 1 0 0 0 1 0 0 0 0 1 0 1 1 0 0]
time:48
[0 0 1 0 0 1 0 0 1 1 0 1 1 1 1 0 1 1 0 1 0 0 1 1 0 1 1 1 1 1 0 1 1 1 1 0 1
 0 0 1 0 0 0 1 1 1 1 1 1 1 1 0 1 0 0 0 1 0 1 0 0 1 0 1 0 0 1 0 1 1 1 0 0 1
 0 1 1 0 0 1 0 1 0 1 0 1 1 0 0 0 1 0 0 1 1 0 1 0 0 1]
time:49
[0 1 0 1 1 0 0 0 1 1 0 1 1 1 0 1 0 0 1 0 0 1 1 0 0 1 0 0 1 0 0 1 1 1 1 1 1
 1 1 1 1 1 0 0 1 0 1 1 1 1 1 1 0 0 1 1 1 1 1 1 1 0 0 1 1 0 0 1 1 1 1 0 1 1
 1 0 1 1 0 0 1 1 0 0 1 0 1 0 1 0 1 1 1 1 1 1 1 1 0 1]
41:1
44:4
46:5
47:5
49:1
50:6
51:6
52:3
54:2
55:3
56:9
57:3
58:1
62:1
0.5194
0.00210564
