[0 0 0 0 0 0 0 1 0 0 0 0 0 0 0 0 0 0 1 0 0 1 0 0 0 0 0 0 0 0 0 0 0 0 0 0 0
 1 0 1 0 0 0 0 0 0 0 0 0 0 0 1 0 0 0 0 0 0 0 0 0 0 0 0 0 0 0 1 0 0 0 0 0 0
 0 0 0 1 1 0 0 0 0 0 0 0 0 0 0 0 1 0 0 1 0 0 0 0 0 0]
 Training accuracy at 0 out of 20000 is 0.485(0.480),cost is 8.730(0.780)
[0 0 0 0 1 0 1 1 0 0 1 0 0 0 0 0 0 1 1 0 0 1 0 0 1 0 1 0 0 0 0 0 1 0 0 0 0
 1 0 1 0 0 0 0 0 1 0 0 0 0 0 1 0 0 1 0 0 0 0 0 0 1 0 0 0 1 1 1 0 0 0 0 0 0
 0 0 0 1 1 1 0 0 1 1 0 0 0 0 1 0 1 0 0 1 0 0 0 0 0 1]
 Training accuracy at 100 out of 20000 is 0.489(0.430),cost is 8.251(0.743)
[0 0 0 0 1 0 1 1 1 0 1 0 1 1 0 0 0 1 1 0 0 1 0 0 1 0 1 0 1 0 0 0 1 0 0 0 0
 1 1 1 0 0 0 0 0 1 0 0 1 0 1 1 0 0 1 0 0 0 0 0 0 1 0 0 0 1 1 1 0 0 0 1 0 0
 0 0 0 1 1 1 0 0 1 1 0 0 0 0 1 0 1 0 0 1 0 0 0 1 1 1]
 Training accuracy at 200 out of 20000 is 0.518(0.430),cost is 8.104(0.736)
[0 0 0 0 1 0 1 1 1 0 1 0 1 1 0 0 0 1 1 0 0 1 1 0 1 0 1 0 1 0 0 0 1 1 0 0 0
 1 1 1 0 0 0 1 0 1 1 1 1 0 1 1 0 0 1 0 0 0 0 0 0 1 0 1 0 1 1 1 1 0 0 1 0 1
 0 0 0 1 1 1 0 0 1 1 0 0 0 1 1 0 1 1 0 1 0 0 1 1 1 1]
 Training accuracy at 300 out of 20000 is 0.543(0.460),cost is 8.003(0.733)
[1 0 0 0 1 0 1 1 1 0 1 1 1 1 0 0 0 1 1 0 0 1 1 0 1 0 1 0 1 0 0 0 1 1 0 0 0
 1 1 1 0 0 0 0 0 1 0 1 1 0 1 1 0 0 1 0 0 0 0 0 0 1 0 1 0 1 1 1 1 0 0 1 0 1
 0 0 0 1 1 1 0 0 1 1 0 0 0 1 1 0 1 1 0 1 0 0 1 1 1 1]
 Training accuracy at 400 out of 20000 is 0.552(0.460),cost is 7.921(0.731)
[1 0 0 0 1 0 1 1 1 0 1 1 1 1 0 0 0 1 1 0 0 1 1 0 1 0 1 0 1 0 0 0 1 1 0 0 0
 1 1 1 0 0 0 0 0 1 0 1 1 0 1 1 0 0 1 0 0 0 0 0 0 1 0 1 0 1 1 1 1 0 0 1 0 0
 0 0 0 1 1 1 0 0 1 1 0 0 0 1 1 0 1 0 0 1 0 0 0 1 0 1]
 Training accuracy at 500 out of 20000 is 0.569(0.440),cost is 7.848(0.731)
[1 0 0 0 1 0 1 1 1 0 1 1 1 1 0 0 0 1 1 0 0 1 1 0 1 0 1 0 1 0 0 0 1 1 0 0 0
 1 1 1 0 0 0 0 0 1 0 1 1 0 1 1 0 0 1 0 0 0 0 0 0 1 0 1 0 1 1 1 1 0 0 1 0 0
 0 0 0 1 1 1 0 0 1 1 0 0 0 1 1 0 1 0 0 1 0 0 0 1 0 1]
 Training accuracy at 600 out of 20000 is 0.578(0.440),cost is 7.777(0.730)
[1 1 0 0 1 0 1 1 1 0 1 1 1 1 0 0 0 1 1 0 0 1 1 0 1 0 1 0 1 0 1 0 1 1 0 0 0
 1 1 1 0 0 0 0 1 1 0 1 1 0 1 1 0 0 1 0 0 0 0 0 0 1 0 1 0 1 1 1 1 1 1 1 0 0
 0 1 0 1 1 1 0 0 1 1 0 0 0 1 1 0 1 0 0 1 0 0 0 1 0 1]
 Training accuracy at 700 out of 20000 is 0.587(0.460),cost is 7.715(0.729)
[1 1 0 0 1 1 1 0 1 0 1 1 1 1 0 0 0 1 1 0 0 1 1 0 0 0 1 0 0 0 1 0 1 1 0 0 0
 1 1 1 0 0 0 0 1 1 0 0 0 0 1 1 0 0 1 0 0 0 0 0 0 1 0 1 0 0 1 1 1 1 0 1 0 0
 0 1 0 1 1 1 0 0 1 1 0 0 1 1 1 0 1 0 0 1 0 0 0 1 0 1]
 Training accuracy at 800 out of 20000 is 0.595(0.510),cost is 7.657(0.727)
[1 1 0 0 1 1 1 0 1 0 1 1 1 1 0 0 0 1 1 1 0 1 1 1 0 0 1 0 0 0 1 0 1 1 0 0 0
 1 1 1 0 0 0 0 1 1 0 1 1 0 1 1 0 0 1 0 0 0 0 0 0 1 0 1 0 0 1 1 1 1 0 1 0 0
 0 1 0 1 1 1 0 0 1 1 0 0 1 1 1 0 1 0 0 1 0 0 0 1 0 1]
 Training accuracy at 900 out of 20000 is 0.623(0.510),cost is 7.600(0.727)
[1 1 0 0 1 1 1 0 1 0 1 1 1 1 0 0 0 1 1 0 0 1 1 1 0 0 1 0 0 0 1 0 1 1 0 0 0
 1 1 1 0 0 0 0 1 1 0 0 0 0 1 1 0 0 1 0 0 0 0 0 0 1 0 1 0 0 1 1 1 1 0 1 0 0
 0 1 0 1 1 1 0 0 1 1 0 0 1 1 1 0 1 0 0 1 0 0 0 1 0 1]
 Training accuracy at 1000 out of 20000 is 0.621(0.520),cost is 7.547(0.726)
[1 1 1 0 1 1 1 0 0 0 1 1 1 1 0 0 0 1 1 0 0 1 1 1 0 0 1 0 0 0 1 0 1 1 0 0 0
 1 1 1 0 0 0 0 1 1 0 0 0 0 1 1 0 0 1 0 0 0 0 0 0 1 0 1 0 0 1 1 1 1 0 1 0 0
 0 1 0 1 1 1 0 0 1 1 0 0 1 1 1 0 1 0 0 1 0 0 0 1 0 1]
 Training accuracy at 1100 out of 20000 is 0.635(0.520),cost is 7.494(0.725)
[1 1 1 0 1 1 1 0 1 0 1 1 1 1 0 0 0 1 1 1 0 1 1 1 0 0 1 0 0 0 1 1 1 1 0 0 0
 1 1 1 0 0 0 0 1 1 0 0 0 0 1 1 0 0 1 0 0 1 0 0 0 1 0 1 0 0 1 1 1 1 0 1 0 0
 0 1 0 1 1 1 0 0 1 1 0 0 1 1 1 0 1 0 0 1 0 0 0 1 0 1]
 Training accuracy at 1200 out of 20000 is 0.648(0.520),cost is 7.440(0.724)
[1 1 1 0 1 1 1 0 1 0 1 1 1 1 0 0 0 1 1 1 0 1 1 1 0 0 1 0 0 0 1 1 1 1 0 0 0
 1 1 1 0 0 0 0 1 1 0 0 0 0 1 1 0 0 1 0 0 1 0 0 0 1 0 1 0 0 1 1 1 1 0 0 0 0
 0 1 0 1 1 1 0 0 1 1 1 0 1 1 0 0 1 0 0 1 0 0 0 0 0 1]
 Training accuracy at 1300 out of 20000 is 0.650(0.540),cost is 7.387(0.723)
[1 1 1 0 1 1 1 0 0 0 1 1 1 1 0 0 0 1 1 1 0 1 1 1 0 0 0 0 0 0 1 1 1 1 0 0 0
 1 1 1 0 0 0 0 1 0 0 0 0 0 1 1 0 0 1 0 0 1 0 0 0 1 0 1 0 0 1 1 1 1 0 0 0 0
 0 1 0 1 1 1 0 0 1 1 1 0 1 1 0 0 1 0 0 1 0 0 0 0 0 1]
 Training accuracy at 1400 out of 20000 is 0.659(0.530),cost is 7.337(0.723)
[1 1 1 1 1 1 1 0 1 0 1 1 1 1 0 0 0 1 1 1 0 1 1 1 0 0 0 0 0 0 1 1 1 1 0 0 0
 1 1 1 0 0 0 0 1 1 0 0 0 0 1 1 0 0 1 0 0 1 0 0 0 1 0 1 0 0 1 1 1 1 0 0 0 0
 0 1 0 1 1 1 0 0 1 1 1 0 1 1 0 0 1 0 0 1 0 0 0 0 0 1]
 Training accuracy at 1500 out of 20000 is 0.665(0.560),cost is 7.287(0.723)
[1 1 1 1 1 1 1 0 1 0 1 1 1 1 0 0 0 1 1 1 0 1 1 1 0 0 0 0 0 0 1 1 1 1 0 0 0
 1 1 1 0 0 0 0 1 0 0 0 0 0 1 1 0 0 1 0 0 1 0 0 0 1 0 1 0 0 1 1 1 1 0 0 0 0
 0 1 0 1 1 1 0 0 1 1 1 0 1 1 0 0 1 0 0 1 0 0 0 0 0 0]
 Training accuracy at 1600 out of 20000 is 0.667(0.540),cost is 7.238(0.723)
[1 1 1 1 1 1 1 0 1 0 1 1 1 1 0 0 0 1 1 1 0 1 1 1 0 0 0 0 0 0 1 1 1 1 0 0 0
 1 1 1 0 0 0 0 1 1 0 0 0 0 1 1 0 0 1 0 0 1 0 0 0 1 0 1 0 0 1 1 1 1 0 0 0 0
 0 1 0 1 1 1 0 0 1 1 1 0 1 1 0 0 1 0 0 1 0 0 0 0 0 0]
 Training accuracy at 1700 out of 20000 is 0.676(0.550),cost is 7.190(0.724)
[1 1 1 1 1 1 1 0 0 0 1 1 1 1 0 0 0 1 1 1 0 1 1 1 0 0 0 0 0 1 1 1 1 1 0 0 0
 1 1 1 0 0 0 0 1 1 0 0 0 0 1 1 0 0 1 0 0 1 0 0 0 1 1 1 0 0 1 1 1 1 0 0 0 0
 0 1 0 1 1 1 0 0 1 1 1 0 1 1 0 0 1 0 0 1 1 0 0 0 0 0]
 Training accuracy at 1800 out of 20000 is 0.683(0.530),cost is 7.143(0.724)
[1 1 1 1 1 1 1 0 0 0 1 1 1 1 0 0 0 1 1 1 0 1 1 1 0 0 0 0 0 1 1 1 1 1 0 0 0
 1 1 1 0 0 0 0 1 1 0 0 0 0 1 1 0 0 1 0 0 1 0 0 0 1 1 1 0 0 1 1 1 1 0 0 0 0
 0 1 0 1 1 1 0 0 1 1 1 0 1 1 0 0 0 0 0 1 1 0 0 0 0 0]
 Training accuracy at 1900 out of 20000 is 0.686(0.540),cost is 7.097(0.725)
[1 1 1 1 1 1 1 0 0 0 1 1 1 1 0 0 0 1 1 1 0 1 1 1 0 0 0 0 0 1 1 1 1 1 0 0 0
 1 1 1 0 0 0 0 1 1 0 0 0 0 1 1 0 0 1 0 0 1 0 0 0 1 1 1 0 0 1 1 1 1 0 0 0 0
 0 1 0 1 1 1 0 0 0 1 1 0 1 1 0 0 0 0 0 1 1 0 0 0 0 0]
 Training accuracy at 2000 out of 20000 is 0.695(0.550),cost is 7.049(0.725)
[1 1 1 1 1 1 1 0 0 0 1 1 1 1 0 0 0 1 1 1 0 1 1 1 0 0 0 0 0 1 1 1 1 1 0 0 0
 1 1 1 0 0 0 0 1 1 0 0 0 0 1 1 0 0 1 0 0 1 0 0 0 1 1 1 0 0 1 1 1 1 0 0 0 0
 0 1 0 1 1 1 0 0 0 1 1 0 1 1 0 0 0 0 0 1 1 0 0 0 0 0]
 Training accuracy at 2100 out of 20000 is 0.703(0.550),cost is 7.002(0.726)
[1 1 1 1 1 1 1 0 0 0 1 1 1 1 0 0 0 1 1 1 0 1 1 1 0 0 0 1 0 1 1 1 1 1 0 0 0
 1 1 1 0 0 0 0 1 0 0 0 0 0 1 1 0 0 1 0 0 1 0 0 0 1 0 1 0 0 1 0 0 1 0 0 0 0
 0 1 0 1 1 1 0 0 0 1 1 0 1 1 0 0 0 0 0 1 1 0 0 0 0 0]
 Training accuracy at 2200 out of 20000 is 0.704(0.520),cost is 6.957(0.726)
[1 1 1 1 1 1 1 0 0 0 1 1 1 1 0 0 0 1 1 1 0 1 1 1 0 0 0 1 0 1 1 1 1 1 0 0 0
 1 1 1 0 0 0 0 1 1 0 0 0 0 1 1 0 0 1 0 0 1 0 0 0 1 1 1 0 0 1 0 0 1 0 0 0 0
 0 1 0 1 1 1 0 0 0 1 1 0 1 1 0 0 0 0 0 1 1 0 0 0 0 0]
 Training accuracy at 2300 out of 20000 is 0.708(0.520),cost is 6.912(0.727)
[1 1 1 1 1 1 1 0 0 0 1 1 1 1 0 0 0 1 1 1 1 1 1 1 0 0 0 1 0 1 1 1 1 1 0 0 0
 1 1 1 0 0 0 0 1 1 0 0 0 0 1 1 0 1 1 0 0 1 0 0 0 1 1 1 0 0 1 0 0 1 0 0 0 0
 0 1 0 1 1 1 0 0 0 1 1 0 1 1 0 0 0 0 0 1 1 0 0 0 0 0]
 Training accuracy at 2400 out of 20000 is 0.707(0.520),cost is 6.869(0.727)
[1 1 1 1 1 1 1 0 0 0 1 1 1 1 0 0 0 1 1 1 1 1 1 1 0 0 0 1 0 1 1 1 1 1 0 0 0
 1 1 1 0 0 0 0 1 1 0 0 0 0 1 1 0 1 1 0 0 1 0 0 0 1 1 1 0 0 1 0 0 1 0 0 0 0
 0 1 0 1 1 1 0 0 0 1 1 0 1 1 0 0 0 0 0 1 1 0 0 0 0 0]
 Training accuracy at 2500 out of 20000 is 0.715(0.520),cost is 6.824(0.728)
[1 1 1 1 1 1 1 0 0 0 1 1 1 1 0 0 0 1 1 1 1 1 1 1 0 0 0 1 0 1 1 1 1 1 0 0 0
 1 1 1 0 0 0 0 1 1 0 0 0 0 1 1 0 1 1 0 0 1 0 0 0 1 1 1 0 0 1 0 0 1 0 0 0 0
 0 1 0 1 1 1 0 0 0 1 1 0 1 1 0 0 0 0 0 1 1 0 0 0 0 0]
 Training accuracy at 2600 out of 20000 is 0.717(0.520),cost is 6.779(0.728)
[1 1 1 1 1 1 1 0 0 0 1 1 1 1 0 0 0 1 1 1 1 1 1 1 0 0 0 1 0 1 1 1 1 1 0 0 0
 1 1 1 0 0 0 0 1 1 0 0 0 0 1 1 0 1 1 0 0 1 0 0 0 1 1 1 0 0 1 0 0 1 0 0 0 0
 0 1 0 1 1 1 0 0 0 1 1 0 1 1 0 0 0 0 0 1 1 0 0 0 0 0]
 Training accuracy at 2700 out of 20000 is 0.721(0.520),cost is 6.733(0.728)
[1 1 1 1 1 1 1 0 0 0 1 1 1 1 0 0 0 1 1 1 1 1 1 1 0 0 0 1 0 1 1 1 1 1 0 0 0
 1 1 1 0 0 0 0 1 1 0 0 0 0 1 1 0 1 1 0 0 1 0 0 1 1 1 1 0 0 1 0 0 1 0 0 0 0
 0 1 0 1 1 1 0 0 0 1 1 0 1 1 0 0 0 0 0 1 1 0 0 0 0 0]
 Training accuracy at 2800 out of 20000 is 0.727(0.510),cost is 6.691(0.730)
[0 1 1 1 1 1 1 0 0 0 0 1 1 1 0 0 0 1 1 1 1 1 1 1 0 0 0 1 0 1 1 1 1 1 0 0 0
 1 1 1 0 0 0 0 1 1 0 0 0 0 1 1 0 1 1 0 0 1 0 0 0 1 1 1 0 0 1 0 0 1 0 0 0 0
 0 1 0 1 1 1 0 0 0 1 1 0 1 1 0 0 0 0 0 1 1 0 0 0 0 0]
 Training accuracy at 2900 out of 20000 is 0.723(0.540),cost is 6.648(0.729)
[1 1 1 1 1 1 1 0 0 0 0 1 1 1 0 0 0 1 1 1 1 1 1 1 0 0 0 1 0 1 1 1 1 1 0 0 0
 1 1 1 0 0 0 0 1 1 0 0 0 0 1 1 0 1 1 0 0 1 0 0 0 1 1 1 0 0 1 0 0 1 0 0 0 0
 0 1 0 1 1 1 0 0 0 1 1 0 1 1 0 0 0 0 0 1 1 0 0 0 0 0]
 Training accuracy at 3000 out of 20000 is 0.730(0.530),cost is 6.598(0.730)
[1 1 1 1 1 1 1 0 0 0 0 1 1 1 0 0 0 1 0 1 1 1 1 1 0 0 0 1 0 1 1 1 1 1 0 0 0
 1 1 1 0 0 0 0 1 1 0 0 0 0 1 1 0 1 1 0 0 1 0 0 0 1 1 1 0 0 1 0 0 1 0 0 0 0
 0 1 0 1 1 1 0 0 0 1 1 0 1 1 0 0 0 0 0 1 1 0 0 0 0 0]
 Training accuracy at 3100 out of 20000 is 0.730(0.540),cost is 6.554(0.730)
[1 1 1 1 1 1 1 0 0 0 0 1 1 1 0 0 0 1 1 1 1 1 1 1 0 0 0 1 0 1 1 1 1 1 0 0 0
 1 1 1 0 0 0 0 1 1 0 0 0 0 1 1 0 1 1 0 0 1 0 0 1 1 1 1 0 0 1 0 0 1 0 0 0 0
 0 1 0 1 1 1 0 0 0 1 1 0 1 1 0 0 0 0 1 1 1 0 0 0 0 0]
 Training accuracy at 3200 out of 20000 is 0.737(0.530),cost is 6.510(0.732)
[0 1 1 1 1 1 1 0 0 0 0 1 1 1 0 0 0 1 0 1 1 1 1 1 0 0 0 1 0 1 1 1 1 1 0 0 0
 1 1 1 0 0 0 0 1 1 0 0 0 0 1 1 0 1 1 0 0 1 0 0 0 1 1 1 0 0 1 0 0 1 0 0 0 0
 0 1 0 1 1 1 0 0 0 1 1 0 1 1 0 0 0 0 1 1 1 0 0 0 0 0]
 Training accuracy at 3300 out of 20000 is 0.741(0.560),cost is 6.465(0.733)
[0 1 1 1 1 1 1 0 0 0 0 1 1 1 0 0 0 1 0 1 1 1 0 1 0 0 0 1 0 1 1 1 1 1 0 0 0
 1 1 1 0 0 0 0 1 1 0 0 0 0 1 0 0 1 1 0 0 1 0 0 1 1 1 1 0 0 1 0 0 1 0 0 0 0
 0 1 0 1 1 1 0 0 0 1 1 0 1 1 0 0 0 0 0 1 1 0 0 0 0 0]
 Training accuracy at 3400 out of 20000 is 0.745(0.540),cost is 6.422(0.735)
[0 1 1 1 1 1 1 0 0 0 0 1 1 1 0 0 0 1 0 1 1 1 1 1 0 0 0 1 0 1 1 1 0 1 0 0 0
 1 1 1 0 0 0 0 1 1 0 0 0 0 1 0 0 1 1 0 0 1 0 0 1 1 1 1 0 0 1 0 0 1 0 0 0 0
 0 1 0 1 1 1 0 0 0 1 1 0 1 1 0 0 0 0 0 1 1 0 0 0 0 0]
 Training accuracy at 3500 out of 20000 is 0.750(0.560),cost is 6.378(0.734)
[0 1 1 1 1 1 1 0 0 0 1 1 1 1 0 0 0 1 0 1 1 1 1 1 0 1 0 1 1 1 1 1 0 1 0 0 0
 1 1 1 0 0 0 0 1 1 0 0 0 0 1 1 0 1 1 0 0 1 0 0 1 1 1 1 0 0 1 0 0 1 1 0 0 0
 0 1 0 1 1 1 0 0 0 1 1 0 1 1 0 0 0 0 1 1 1 0 0 0 0 0]
 Training accuracy at 3600 out of 20000 is 0.751(0.540),cost is 6.337(0.736)
[1 1 1 1 1 1 1 0 0 0 1 1 1 1 0 0 0 1 1 1 1 1 1 1 0 1 0 1 1 1 1 1 1 1 1 0 0
 1 1 1 0 0 0 0 1 1 0 0 0 0 1 1 1 1 1 0 0 1 0 0 1 1 1 1 0 0 1 0 0 1 1 0 0 0
 0 1 0 1 1 1 0 0 0 1 1 1 1 1 1 0 0 0 1 1 1 0 0 0 0 0]
 Training accuracy at 3700 out of 20000 is 0.752(0.510),cost is 6.298(0.739)
[0 1 1 1 1 1 1 0 0 0 0 1 1 1 0 0 0 1 0 1 1 1 0 1 0 1 0 1 1 1 1 1 0 1 0 0 0
 1 1 1 0 0 0 0 1 1 0 0 0 0 1 1 1 1 1 0 0 1 0 0 1 1 1 1 0 0 1 0 0 1 1 0 0 0
 0 1 0 1 1 1 0 0 0 1 1 0 1 1 0 0 0 0 1 1 1 0 0 0 0 0]
 Training accuracy at 3800 out of 20000 is 0.758(0.530),cost is 6.247(0.740)
[0 1 1 1 1 1 1 0 0 0 1 1 1 1 0 0 0 1 0 1 1 1 0 1 0 1 0 1 1 1 1 1 0 1 0 0 0
 1 1 1 0 0 0 0 1 1 0 0 0 0 1 0 0 1 1 0 0 1 0 0 1 1 1 1 0 0 1 0 0 1 1 0 0 1
 0 1 0 1 1 1 0 0 0 1 1 0 1 1 1 0 0 0 1 1 1 0 0 0 0 0]
 Training accuracy at 3900 out of 20000 is 0.760(0.540),cost is 6.205(0.742)
[0 1 1 1 1 1 1 0 0 0 0 1 1 1 0 0 0 1 0 1 1 1 0 1 0 1 0 1 1 1 1 1 0 1 0 0 0
 1 1 1 0 0 0 0 1 1 0 0 0 0 1 0 0 1 1 0 0 1 0 0 1 1 1 1 0 0 1 0 0 1 1 0 0 0
 0 1 0 1 1 1 0 0 0 1 1 0 1 1 1 0 0 0 1 1 1 0 0 0 0 0]
 Training accuracy at 4000 out of 20000 is 0.764(0.540),cost is 6.161(0.741)
[0 1 1 1 1 1 1 0 0 0 0 1 1 1 0 0 0 1 0 1 1 1 0 1 0 1 0 1 1 1 1 1 0 1 0 0 0
 1 1 1 0 0 0 0 1 1 0 0 0 0 1 0 0 1 1 0 0 1 0 0 1 1 1 1 0 0 1 0 0 1 1 0 0 1
 0 1 0 1 1 1 0 0 0 1 1 0 1 1 1 0 0 0 1 1 1 0 0 0 0 0]
 Training accuracy at 4100 out of 20000 is 0.769(0.550),cost is 6.118(0.741)
[0 1 1 1 1 1 1 0 0 0 0 1 1 1 0 0 0 1 0 1 1 1 0 1 0 1 0 1 1 1 1 1 0 1 1 0 0
 1 1 1 0 0 0 0 1 1 0 0 0 0 1 0 0 1 1 0 0 1 0 0 1 1 1 1 0 0 1 0 0 1 1 0 0 1
 0 1 0 1 1 1 0 0 0 1 1 1 1 1 1 0 0 0 1 1 1 0 0 0 0 0]
 Training accuracy at 4200 out of 20000 is 0.770(0.570),cost is 6.075(0.742)
[0 1 1 1 1 1 1 0 0 0 0 1 1 1 0 0 0 1 0 1 1 1 0 1 0 1 0 1 1 1 1 1 0 1 0 0 0
 1 1 1 0 0 0 0 1 1 0 0 0 0 1 0 0 1 1 0 0 1 0 0 1 1 1 1 0 0 1 0 0 1 1 0 0 1
 0 1 0 1 1 1 0 0 0 1 1 0 1 1 1 0 0 0 1 1 1 0 0 0 0 0]
 Training accuracy at 4300 out of 20000 is 0.771(0.550),cost is 6.032(0.743)
[0 1 1 1 1 1 1 0 0 0 0 1 1 1 0 0 0 1 0 1 1 1 0 1 0 1 0 1 1 1 1 1 0 1 1 0 0
 1 1 1 0 0 0 0 1 1 0 0 0 0 1 0 0 1 1 0 0 1 0 0 1 1 1 1 0 0 1 0 0 1 1 0 0 0
 0 1 0 1 1 1 0 0 0 1 1 0 1 1 1 0 0 0 1 1 1 0 0 0 0 0]
 Training accuracy at 4400 out of 20000 is 0.774(0.550),cost is 5.989(0.745)
[0 1 1 1 1 1 1 0 0 0 1 1 1 1 0 0 1 1 0 1 1 1 0 1 0 1 0 1 1 1 1 1 0 1 1 0 0
 1 1 1 0 0 0 0 1 1 0 0 0 0 1 0 1 1 1 0 0 1 0 0 1 1 1 1 1 0 1 0 0 1 1 0 0 1
 0 1 0 1 1 1 0 0 0 1 1 1 1 1 1 0 0 1 1 1 1 0 0 0 0 0]
 Training accuracy at 4500 out of 20000 is 0.783(0.540),cost is 5.947(0.749)
[0 1 1 1 1 1 1 0 0 0 0 1 1 1 0 0 0 1 0 1 1 1 0 1 0 1 0 1 1 1 1 1 0 1 0 0 0
 1 1 1 0 0 0 0 1 1 0 0 0 0 1 0 1 1 1 0 0 1 0 0 1 1 1 1 0 0 1 0 0 1 1 0 0 1
 0 1 0 1 1 1 0 0 0 1 1 1 1 1 1 0 0 0 1 1 1 0 0 0 0 0]
 Training accuracy at 4600 out of 20000 is 0.784(0.550),cost is 5.904(0.750)
[0 1 1 1 1 1 1 0 0 0 0 1 1 1 0 0 0 1 0 1 1 1 0 1 0 1 0 1 1 1 1 1 0 1 1 0 0
 1 1 1 0 0 0 0 1 1 0 0 0 0 1 0 0 1 1 0 0 1 0 0 1 1 1 1 0 0 1 0 0 1 1 0 0 1
 0 1 0 1 1 1 0 0 0 1 1 0 1 1 1 0 0 0 1 1 1 0 0 0 0 0]
 Training accuracy at 4700 out of 20000 is 0.788(0.560),cost is 5.864(0.751)
[0 1 1 1 1 1 1 0 0 0 1 1 1 1 0 0 1 1 0 1 1 1 0 1 0 1 0 1 1 1 1 1 0 1 1 0 0
 1 1 1 0 0 0 0 1 1 0 0 0 0 1 0 1 1 1 0 0 1 0 0 1 1 1 1 1 0 1 0 0 1 1 0 0 1
 0 1 0 1 1 1 0 0 0 1 1 1 1 1 1 0 0 0 1 1 1 0 0 0 0 0]
 Training accuracy at 4800 out of 20000 is 0.789(0.530),cost is 5.819(0.753)
[0 1 1 1 1 1 1 0 0 0 1 1 1 1 0 0 1 1 0 1 1 1 0 1 0 1 0 1 1 1 1 1 0 1 1 0 0
 1 1 1 0 0 0 0 1 1 0 0 0 0 1 0 1 1 1 0 0 1 0 0 1 1 1 1 1 0 1 0 0 1 1 0 0 1
 0 1 0 1 1 1 0 0 0 1 1 1 1 1 1 0 0 0 1 1 1 0 0 0 0 0]
 Training accuracy at 4900 out of 20000 is 0.792(0.530),cost is 5.776(0.753)
[0 1 1 1 1 1 1 0 0 0 1 1 1 1 0 0 1 1 0 1 1 1 0 1 1 1 0 1 1 1 1 1 0 1 1 0 0
 1 1 1 0 0 0 0 1 1 0 0 0 0 1 0 1 1 1 0 0 1 0 0 1 1 1 1 1 0 1 0 0 1 1 0 0 1
 0 1 0 1 1 1 0 0 0 1 1 1 1 1 1 0 0 1 1 1 1 0 0 0 0 0]
 Training accuracy at 5000 out of 20000 is 0.792(0.530),cost is 5.733(0.754)
[0 1 1 1 1 1 1 0 0 0 1 1 1 1 0 0 1 1 0 1 1 1 0 1 1 1 0 1 1 1 1 1 0 1 1 0 0
 1 1 1 0 0 0 0 1 1 0 0 0 0 1 0 1 1 1 0 0 1 0 0 1 1 1 1 1 0 1 0 0 1 1 0 0 1
 0 1 0 1 1 1 0 0 0 1 1 1 1 1 1 0 0 1 1 1 1 0 0 0 0 0]
 Training accuracy at 5100 out of 20000 is 0.796(0.530),cost is 5.690(0.758)
[0 1 1 1 1 1 1 0 0 0 1 1 1 1 0 0 1 1 0 1 1 1 0 1 1 1 0 1 1 1 1 1 0 1 1 0 0
 1 1 1 0 0 0 0 1 1 0 0 0 0 1 0 1 1 1 0 0 1 0 0 1 1 1 1 1 0 1 0 0 1 1 0 0 1
 0 1 0 1 1 1 0 0 0 1 1 1 1 1 1 0 0 1 1 1 1 0 0 0 0 0]
 Training accuracy at 5200 out of 20000 is 0.798(0.530),cost is 5.648(0.759)
[0 1 1 1 1 1 1 0 0 0 0 1 1 1 0 0 1 1 0 1 1 1 0 1 1 1 0 1 1 1 1 1 0 1 1 0 0
 1 1 1 0 0 0 0 1 1 0 0 0 0 1 0 0 1 1 0 0 1 0 0 1 1 1 1 1 0 1 0 0 1 1 0 0 1
 0 1 0 1 1 1 0 0 0 1 1 1 1 1 1 0 0 1 1 1 1 0 0 0 0 0]
 Training accuracy at 5300 out of 20000 is 0.804(0.550),cost is 5.604(0.758)
[0 1 1 1 1 1 1 0 0 0 1 1 1 1 0 0 1 1 0 1 1 1 0 1 1 1 0 1 1 1 1 1 0 1 1 0 0
 1 1 1 0 0 0 0 1 1 0 0 0 0 1 0 1 1 1 0 0 1 0 0 1 1 1 1 1 0 1 0 0 1 1 0 0 1
 0 1 0 1 1 1 0 0 0 1 1 1 1 1 1 0 0 1 1 1 1 0 0 0 0 0]
 Training accuracy at 5400 out of 20000 is 0.806(0.530),cost is 5.560(0.758)
[0 1 1 1 1 1 1 0 0 0 1 1 1 1 0 0 1 1 0 1 1 1 0 1 1 1 0 1 1 1 1 1 0 1 1 0 0
 1 1 1 0 0 0 0 1 1 0 0 0 0 1 0 1 1 1 0 0 1 0 0 1 1 1 1 1 0 1 0 0 1 1 0 0 1
 0 1 0 1 1 1 0 0 0 1 1 0 1 1 1 0 0 1 1 1 1 0 0 0 0 0]
 Training accuracy at 5500 out of 20000 is 0.809(0.520),cost is 5.518(0.761)
[0 1 1 1 1 1 1 0 0 0 1 1 1 1 0 0 1 1 0 1 1 1 0 1 1 1 0 1 1 1 1 1 0 1 1 0 0
 1 1 1 0 0 0 0 1 1 0 0 0 0 1 0 1 1 1 0 0 1 0 0 1 1 1 1 1 0 1 0 0 1 1 0 0 1
 0 1 0 1 1 1 0 0 0 1 1 1 1 1 1 0 0 1 1 1 1 0 0 0 0 0]
 Training accuracy at 5600 out of 20000 is 0.809(0.530),cost is 5.479(0.765)
[0 1 1 1 1 1 1 0 0 0 1 1 1 1 0 0 1 1 0 1 1 1 0 1 1 1 0 1 1 1 1 1 0 1 1 0 0
 1 1 1 0 0 0 0 1 1 0 0 0 0 1 0 0 1 1 0 0 1 0 0 1 1 1 1 1 0 1 0 0 1 1 0 0 1
 0 1 0 1 1 1 0 0 0 1 1 0 1 1 1 0 0 1 1 1 1 0 0 0 0 0]
 Training accuracy at 5700 out of 20000 is 0.815(0.530),cost is 5.437(0.764)
[0 1 1 1 1 1 1 0 0 0 1 1 1 1 0 0 1 1 0 1 1 1 0 1 1 1 0 1 1 1 1 1 0 1 1 0 0
 1 1 1 0 0 0 0 1 1 0 0 0 0 1 0 0 1 1 0 0 1 0 0 1 1 1 1 1 0 1 0 0 1 1 0 0 1
 0 1 0 1 1 1 0 0 0 1 1 0 1 1 1 0 0 1 1 1 1 0 0 0 0 0]
 Training accuracy at 5800 out of 20000 is 0.815(0.530),cost is 5.394(0.765)