[0 1 0 1 1 1 1 1 1 0 1 1 1 1 0 0 1 1 0 1 1 1 1 1 1 1 0 1 1 1 1 1 0 1 1 0 1
 1 0 0 0 0 0 0 0 0 0 0 0 0 0 0 0 0 0 0 0 0 0 0 0 0 0 0 0 0 0 0 0 0 0 0 0 1
 0 0 1 0 0 0 0 0 0 1 1 1 1 1 1 0 0 1 0 1 1 0 1 1 1 1]
 Training accuracy at 0 out of 20000 is 0.488(0.570),cost is 4.878(0.683)
[1 1 1 1 1 1 1 1 1 1 1 1 1 1 1 1 1 1 1 1 1 1 1 1 1 1 1 1 1 1 1 1 1 1 1 1 1
 1 1 1 1 1 1 1 1 1 1 1 1 1 1 1 1 1 1 1 1 1 1 1 1 1 1 1 1 1 1 1 1 1 1 1 1 1
 1 1 1 1 1 1 1 1 1 1 1 1 1 1 1 1 1 1 1 1 1 1 1 1 1 1]
 Training accuracy at 100 out of 20000 is 0.558(0.490),cost is 4.767(0.704)
[1 1 1 1 1 1 1 1 1 1 1 1 1 1 1 1 1 1 1 1 1 1 0 0 1 1 1 0 1 1 1 0 1 1 1 1 1
 1 1 1 1 1 1 1 1 1 1 1 1 1 1 1 1 1 1 1 1 1 1 1 1 1 1 1 1 1 1 1 1 1 1 1 1 1
 1 1 1 1 1 1 1 1 1 1 1 1 1 1 1 1 1 1 1 1 1 1 1 0 1 0]
 Training accuracy at 200 out of 20000 is 0.604(0.470),cost is 4.534(0.715)
[0 1 1 0 1 1 1 1 0 0 1 1 1 1 0 1 1 1 1 1 1 1 0 1 1 1 1 1 1 1 1 1 1 1 0 1 1
 1 1 1 0 1 1 1 1 1 1 1 1 1 1 1 1 1 1 1 1 1 1 1 1 1 1 1 1 1 1 1 1 1 1 1 1 0
 1 1 1 1 1 1 0 1 0 1 1 1 1 0 1 0 1 1 0 1 1 0 1 1 1 0]
 Training accuracy at 300 out of 20000 is 0.679(0.410),cost is 3.972(0.771)
[1 1 1 1 1 1 1 1 1 1 1 1 1 1 0 1 1 1 1 1 1 1 0 0 1 1 1 1 1 1 1 1 1 1 0 1 1
 0 1 1 0 1 1 1 1 1 1 1 1 1 1 1 1 1 1 1 1 1 1 1 1 1 1 1 1 1 1 1 1 1 1 1 1 0
 1 1 1 1 1 1 0 1 0 1 1 1 1 1 1 0 1 1 1 1 1 1 1 1 1 0]
 Training accuracy at 400 out of 20000 is 0.793(0.460),cost is 3.104(0.992)
[1 1 1 1 1 1 1 1 1 0 1 1 1 1 0 0 1 1 0 1 0 1 0 0 1 1 0 0 1 1 1 1 1 1 0 0 1
 0 1 1 0 1 1 1 1 1 1 1 1 1 1 1 1 0 1 1 1 1 1 0 1 1 1 1 0 1 1 1 1 1 0 0 1 0
 1 1 1 1 1 1 0 1 0 1 1 1 1 1 0 0 1 0 1 1 1 1 1 1 1 0]
 Training accuracy at 500 out of 20000 is 0.865(0.500),cost is 2.314(1.034)
[1 1 1 1 1 1 1 1 1 0 1 1 1 1 0 1 1 1 1 1 1 1 0 0 1 0 0 1 1 1 1 1 1 1 0 0 1
 0 1 1 0 1 1 1 1 1 1 1 1 1 1 1 1 0 1 1 0 1 1 0 1 1 1 1 0 0 1 0 1 1 0 0 1 0
 1 1 1 1 1 1 0 1 0 1 1 1 1 1 0 0 1 0 1 1 1 1 1 1 1 0]
 Training accuracy at 600 out of 20000 is 0.898(0.480),cost is 1.797(1.291)
[0 0 1 0 0 1 1 1 1 0 1 1 0 1 0 0 1 1 0 1 0 0 0 0 1 0 0 0 0 0 1 0 0 1 0 0 1
 0 1 1 0 0 1 0 1 1 1 1 1 0 0 1 1 0 0 1 1 1 1 0 1 1 1 1 0 0 1 0 1 1 0 0 1 0
 1 1 1 1 1 1 0 1 0 1 1 1 1 1 0 0 0 0 1 1 0 1 1 1 1 0]
 Training accuracy at 700 out of 20000 is 0.950(0.540),cost is 1.376(1.113)
[0 0 1 0 1 1 1 1 1 0 1 0 1 1 0 0 1 1 1 1 0 1 0 0 1 0 0 1 1 1 1 1 1 1 0 0 1
 0 1 1 0 1 1 1 1 1 1 1 1 0 0 1 1 0 0 1 0 1 1 1 1 0 1 1 0 0 1 0 1 1 1 0 1 0
 1 1 1 1 1 1 0 1 0 0 1 0 1 1 0 0 0 0 1 1 0 1 1 1 1 1]
 Training accuracy at 800 out of 20000 is 0.977(0.490),cost is 0.793(1.416)
[0 0 1 0 0 1 1 1 1 0 1 1 1 1 0 0 1 1 1 1 0 1 0 0 1 1 0 1 0 1 1 1 1 1 0 1 1
 0 1 1 0 1 1 1 1 1 1 1 1 0 1 1 1 1 1 1 1 1 1 0 1 0 1 1 0 0 1 0 1 1 0 0 1 0
 1 1 1 1 1 1 0 1 0 1 1 0 1 1 0 0 0 0 1 1 0 1 1 1 1 0]
 Training accuracy at 900 out of 20000 is 0.984(0.480),cost is 0.584(1.695)
[0 0 1 0 1 1 1 1 1 0 1 0 1 1 0 0 1 1 0 1 0 0 0 0 1 1 0 1 0 1 1 1 0 1 0 0 1
 0 1 1 0 1 1 1 1 1 1 1 0 1 0 0 1 0 0 1 1 1 0 1 1 0 0 1 0 0 1 0 1 1 1 0 1 0
 0 1 1 1 1 1 0 1 0 0 1 0 1 1 0 0 0 0 1 1 0 1 1 1 1 1]
 Training accuracy at 1000 out of 20000 is 0.997(0.490),cost is 0.374(1.863)
[0 0 1 0 1 1 1 1 1 0 1 1 1 1 0 0 1 1 1 1 0 1 0 0 1 1 0 1 1 1 1 1 0 1 0 0 1
 0 1 1 0 1 1 1 1 1 1 1 0 0 0 1 1 0 1 1 1 1 1 1 1 1 1 1 0 0 1 0 1 1 0 0 1 0
 0 1 1 1 1 1 0 1 0 1 1 0 1 1 0 0 0 0 1 1 1 1 1 1 1 1]
 Training accuracy at 1100 out of 20000 is 0.994(0.500),cost is 0.310(2.450)
[0 0 1 1 1 1 1 1 0 0 1 1 1 1 0 1 1 1 0 1 0 1 0 0 1 0 0 1 1 1 1 1 0 1 0 1 1
 0 1 1 0 1 1 1 1 1 1 1 0 1 0 1 1 0 1 1 0 1 1 1 1 1 1 1 0 0 1 0 1 1 0 0 1 0
 1 1 1 1 1 1 0 1 0 1 1 0 1 1 0 0 1 0 1 1 1 1 1 1 1 1]
 Training accuracy at 1200 out of 20000 is 0.997(0.500),cost is 0.311(2.355)
[0 1 1 1 1 1 1 1 0 0 1 1 1 1 0 1 0 0 0 1 1 1 0 0 1 1 0 1 1 1 1 1 0 1 0 1 1
 0 1 1 0 1 1 1 1 1 1 1 0 1 1 1 1 0 1 1 0 1 1 1 1 1 1 1 0 0 1 0 1 1 0 0 1 0
 0 1 1 1 1 1 0 1 0 1 1 0 1 1 0 0 1 1 1 1 1 1 0 1 0 1]
 Training accuracy at 1300 out of 20000 is 1.000(0.520),cost is 0.272(2.550)
[0 1 1 1 1 1 1 1 0 0 1 1 1 1 0 1 1 1 0 1 1 1 0 0 1 0 0 1 1 1 1 1 0 1 0 1 1
 0 1 1 0 1 0 1 1 1 1 1 0 1 0 1 1 0 1 1 1 1 1 1 1 1 1 1 0 1 1 0 1 1 0 0 1 0
 1 1 1 1 1 1 0 1 0 1 1 1 1 1 0 0 1 1 1 1 1 1 1 1 1 1]
 Training accuracy at 1400 out of 20000 is 1.000(0.550),cost is 0.132(2.723)
[0 1 1 1 0 1 1 1 0 0 1 1 1 1 0 1 0 1 0 1 0 1 0 0 1 0 0 1 1 1 1 1 0 1 0 1 1
 0 1 1 0 1 1 1 1 1 1 1 0 1 0 1 1 0 1 1 1 1 1 1 1 1 1 1 0 1 1 0 1 1 0 0 1 0
 1 1 1 1 1 1 0 1 0 1 1 0 1 1 0 0 0 1 0 1 0 1 1 1 1 1]
 Training accuracy at 1500 out of 20000 is 1.000(0.530),cost is 0.132(2.798)
[0 0 1 0 0 1 1 0 0 0 1 1 1 1 0 0 1 1 0 1 0 0 0 0 1 1 0 0 0 1 1 0 0 1 0 1 1
 0 1 1 0 1 1 1 1 1 1 1 0 1 0 1 1 0 1 1 0 1 1 1 1 0 1 1 0 0 1 0 1 1 1 0 1 0
 0 1 1 1 1 1 0 1 0 0 1 0 1 1 0 0 0 0 0 1 0 1 1 1 1 1]
 Training accuracy at 1600 out of 20000 is 0.999(0.480),cost is 0.165(2.538)
[0 1 1 1 0 1 1 1 1 0 1 1 1 1 0 1 1 1 1 1 0 1 0 0 1 1 0 1 1 1 1 1 0 1 0 1 1
 0 1 1 0 1 1 1 1 1 1 1 0 1 0 1 1 0 1 1 1 1 1 1 1 1 1 1 0 1 1 0 1 1 1 0 1 0
 0 1 1 1 1 1 0 1 0 1 1 0 1 1 0 0 0 0 1 1 1 1 1 1 1 1]
 Training accuracy at 1700 out of 20000 is 1.000(0.500),cost is 0.096(3.530)
[0 1 1 1 1 1 1 1 1 0 1 1 1 1 0 1 1 1 0 1 0 1 0 1 1 1 0 0 0 1 1 1 0 1 0 1 1
 0 1 1 0 1 1 1 1 1 1 1 0 1 0 1 1 0 1 1 0 1 1 1 1 1 1 1 0 0 0 0 1 1 1 0 1 0
 1 1 1 1 1 1 0 1 0 1 1 0 1 1 0 0 1 0 0 1 0 1 1 1 1 1]
 Training accuracy at 1800 out of 20000 is 1.000(0.480),cost is 0.085(3.171)
[0 1 1 1 1 1 1 1 0 0 1 1 1 1 0 1 1 1 0 1 0 1 0 1 1 1 0 0 1 1 1 1 0 1 0 1 1
 0 1 1 0 1 1 1 1 0 1 1 0 1 0 1 1 0 1 1 0 1 1 1 1 1 1 1 0 0 0 0 1 1 1 0 1 0
 1 1 1 1 1 1 0 1 0 0 1 0 1 1 0 0 1 0 1 1 1 1 1 1 1 1]
 Training accuracy at 1900 out of 20000 is 0.999(0.480),cost is 0.120(3.321)
[0 1 1 1 1 1 1 1 1 0 1 1 1 1 0 1 1 1 1 1 1 1 0 0 1 1 0 0 1 1 1 1 0 1 0 1 1
 0 1 1 0 1 1 1 1 0 1 1 0 1 1 1 1 1 1 1 0 1 1 1 1 1 1 1 0 1 1 0 1 1 1 0 1 0
 1 1 1 1 1 1 0 1 0 1 1 0 1 1 0 0 0 1 1 1 1 1 1 1 1 1]
 Training accuracy at 2000 out of 20000 is 1.000(0.510),cost is 0.077(3.985)
[0 0 1 1 1 1 1 1 0 0 1 1 1 1 0 1 1 1 0 1 1 1 0 0 1 1 0 0 1 1 1 0 0 1 0 1 1
 0 1 1 0 1 1 1 1 0 1 1 0 1 1 1 1 1 1 1 0 1 1 1 1 1 1 1 0 0 0 0 1 1 1 0 1 0
 1 1 1 1 1 1 0 1 0 0 1 0 1 1 0 0 0 0 0 1 0 1 1 1 1 1]
 Training accuracy at 2100 out of 20000 is 1.000(0.470),cost is 0.075(3.656)
[0 1 1 1 1 1 1 1 1 0 1 1 1 1 0 1 1 1 1 1 1 1 0 0 1 1 0 1 0 1 1 1 0 1 0 1 1
 0 1 1 0 1 1 1 1 0 1 1 0 1 1 1 1 1 1 0 0 1 1 1 1 1 1 1 0 0 0 0 1 1 1 0 1 0
 1 1 1 1 1 1 0 1 0 0 1 0 1 1 0 0 0 0 0 1 1 1 1 1 1 1]
 Training accuracy at 2200 out of 20000 is 1.000(0.470),cost is 0.070(4.441)
[0 1 1 1 1 1 1 1 0 0 1 1 1 1 0 1 1 1 0 1 1 1 0 1 1 1 0 1 1 1 1 1 0 1 0 1 1
 0 1 1 0 1 1 1 1 1 1 1 0 1 1 1 1 1 1 1 0 1 1 1 1 1 1 1 0 0 1 0 1 1 1 0 1 0
 0 1 1 1 1 1 0 1 0 0 1 0 1 1 0 0 0 0 0 1 1 1 1 1 1 1]
 Training accuracy at 2300 out of 20000 is 1.000(0.490),cost is 0.053(4.501)
[0 1 1 1 0 1 1 1 0 0 1 0 1 1 0 1 0 1 0 1 0 1 0 0 1 1 0 1 1 1 1 0 0 1 0 1 1
 0 1 1 0 1 1 1 1 0 1 1 0 1 1 1 1 1 1 1 0 1 1 1 1 1 1 1 0 0 1 0 1 1 1 0 1 0
 0 1 1 1 1 1 0 1 0 0 1 0 1 1 0 0 1 0 0 1 0 1 1 1 1 1]
 Training accuracy at 2400 out of 20000 is 1.000(0.480),cost is 0.062(4.029)
[0 1 1 1 1 1 1 1 0 0 1 1 1 1 0 0 0 1 0 1 0 1 0 0 1 1 0 0 0 1 1 0 0 1 0 1 1
 0 1 1 0 1 1 1 1 1 1 1 0 1 0 0 1 1 1 1 0 1 1 1 1 1 1 1 0 1 1 0 1 1 1 0 1 0
 0 1 1 1 1 1 0 1 0 0 1 0 1 1 0 0 0 0 0 1 1 1 1 1 1 1]
 Training accuracy at 2500 out of 20000 is 1.000(0.490),cost is 0.060(4.085)
[0 1 1 1 1 1 1 1 0 0 1 1 1 1 0 1 0 1 0 1 1 0 0 1 1 1 0 0 1 1 1 1 0 1 0 1 1
 0 1 1 0 1 1 1 1 1 1 1 0 1 0 1 1 1 1 0 0 1 1 1 1 1 1 1 0 1 1 0 1 1 1 0 1 0
 0 0 1 1 1 1 0 1 0 0 1 0 1 1 0 0 0 0 0 1 1 1 1 1 1 1]
 Training accuracy at 2600 out of 20000 is 1.000(0.480),cost is 0.068(4.394)
[0 1 1 1 1 1 1 1 0 0 1 1 1 1 0 1 0 1 0 1 1 1 0 0 1 0 0 1 1 1 1 0 0 1 0 1 1
 0 1 0 0 1 1 1 1 0 1 1 0 1 0 0 1 1 1 1 0 1 1 1 1 1 1 1 0 1 1 0 1 1 1 0 1 0
 0 1 1 1 1 1 0 1 0 0 1 0 1 1 0 0 1 0 1 1 1 1 1 1 1 1]
 Training accuracy at 2700 out of 20000 is 1.000(0.500),cost is 0.052(4.374)
[0 1 1 1 0 1 1 1 0 0 1 1 1 1 0 0 0 1 0 1 1 0 0 0 1 1 0 0 0 1 1 0 0 1 0 1 1
 0 1 1 0 0 1 1 1 0 1 1 0 1 0 1 1 1 1 0 0 1 1 1 1 1 1 1 0 1 1 0 1 1 1 0 1 0
 0 1 1 1 1 1 0 1 0 0 1 0 1 1 0 0 0 0 0 1 0 1 1 1 1 1]
 Training accuracy at 2800 out of 20000 is 1.000(0.470),cost is 0.042(4.440)
[0 1 1 1 1 1 1 1 0 0 1 1 1 1 0 1 1 1 1 1 1 1 0 0 1 1 0 1 1 1 1 0 0 1 0 1 1
 0 1 1 0 1 1 1 1 0 1 1 0 1 1 1 1 1 1 1 1 1 1 1 1 1 1 1 0 1 1 0 1 1 1 0 1 0
 0 1 1 1 1 1 0 1 0 0 1 0 1 1 0 0 1 0 0 1 1 1 1 1 1 1]
 Training accuracy at 2900 out of 20000 is 1.000(0.460),cost is 0.037(5.729)
[0 1 1 1 1 1 1 1 1 0 1 1 1 1 0 1 1 1 1 1 1 1 0 0 1 1 0 1 1 1 1 0 0 1 0 1 1
 0 1 1 0 1 1 1 1 0 1 1 0 1 0 0 1 0 1 1 0 1 1 1 1 0 1 1 0 1 1 0 1 1 1 0 1 0
 0 1 1 1 1 1 0 1 0 0 1 0 1 1 0 0 1 0 0 1 0 1 1 1 1 1]
 Training accuracy at 3000 out of 20000 is 1.000(0.470),cost is 0.047(4.717)
[0 0 1 1 0 1 0 1 0 0 1 0 1 1 0 1 0 1 1 1 0 0 0 0 1 0 0 1 0 0 1 0 0 1 0 1 1
 0 1 1 0 1 1 1 1 0 1 1 0 1 0 1 1 0 1 1 0 1 0 0 1 1 1 1 0 1 1 0 1 1 1 0 1 0
 0 1 1 1 1 1 0 1 0 0 1 0 1 1 0 0 0 0 0 1 0 0 0 1 1 0]
 Training accuracy at 3100 out of 20000 is 1.000(0.400),cost is 0.044(4.859)
[0 0 1 0 0 1 0 1 0 0 1 1 1 1 0 1 0 1 1 1 0 1 0 0 1 0 0 1 0 0 1 0 0 1 0 1 1
 0 1 1 0 1 1 1 1 0 1 1 0 1 0 1 1 0 1 1 0 1 1 0 1 1 1 1 0 0 1 0 1 1 0 0 1 0
 0 1 1 1 1 0 0 1 0 0 1 0 1 1 0 0 0 0 0 1 0 1 1 1 1 1]
 Training accuracy at 3200 out of 20000 is 1.000(0.460),cost is 0.046(4.172)
[1 0 1 1 0 1 0 1 1 0 1 1 1 1 0 1 1 1 0 1 0 1 0 0 1 1 0 1 1 1 1 0 0 1 0 1 1
 0 1 1 0 0 1 1 1 0 1 1 0 1 0 1 1 1 1 1 0 1 1 1 1 1 1 1 1 1 0 0 1 1 1 0 1 0
 0 0 1 1 1 1 0 1 0 0 1 0 1 1 0 0 1 1 1 1 1 1 1 1 1 1]
 Training accuracy at 3300 out of 20000 is 1.000(0.410),cost is 0.036(4.099)
[0 0 1 0 0 1 0 1 0 0 1 1 1 1 0 1 1 1 1 1 0 1 0 0 1 0 0 1 0 1 1 0 0 1 0 1 1
 0 1 1 0 1 1 1 1 0 1 1 0 1 0 1 1 1 1 1 0 1 1 1 1 1 1 1 0 1 1 0 1 1 1 0 1 0
 0 0 1 1 1 1 0 1 0 0 1 0 1 1 0 0 0 0 0 1 0 1 0 0 0 1]
 Training accuracy at 3400 out of 20000 is 1.000(0.390),cost is 0.048(4.597)
[0 0 1 0 0 1 0 0 0 0 1 1 1 1 0 0 0 1 0 1 0 0 0 0 1 1 0 0 1 1 1 0 0 1 0 1 1
 0 1 1 0 1 1 1 1 0 1 1 0 1 0 1 1 0 1 0 0 1 1 1 1 1 1 1 0 0 0 0 1 1 1 0 1 0
 0 0 1 1 0 1 0 1 0 0 1 0 1 1 0 0 0 0 1 1 0 0 1 1 1 1]
 Training accuracy at 3500 out of 20000 is 1.000(0.470),cost is 0.049(4.096)
[0 0 1 1 0 1 1 1 1 0 1 0 1 1 0 1 0 1 0 1 0 1 0 0 1 0 0 1 1 0 1 0 0 1 0 1 1
 0 1 1 0 0 1 1 1 0 1 1 0 1 0 1 1 1 1 0 0 1 1 1 1 1 1 1 0 0 0 0 1 1 1 0 1 0
 0 1 1 1 1 1 0 1 0 0 1 0 1 1 0 0 1 0 0 1 0 0 0 1 1 1]
 Training accuracy at 3600 out of 20000 is 1.000(0.460),cost is 0.035(4.524)
[0 0 1 0 0 1 0 0 0 0 0 0 0 1 0 0 0 1 0 1 0 0 0 0 1 0 0 1 0 0 1 0 0 1 0 1 1
 0 1 1 0 0 1 1 1 0 1 1 0 0 0 1 1 0 0 0 0 1 1 1 1 0 1 1 0 0 0 0 1 1 1 0 1 0
 0 0 1 1 0 1 0 1 0 0 1 0 1 1 0 0 0 0 0 1 0 1 1 1 1 1]
 Training accuracy at 3700 out of 20000 is 1.000(0.520),cost is 0.037(4.501)
[0 0 1 1 0 1 1 0 0 0 1 1 1 1 0 0 0 1 0 1 0 0 0 0 1 0 0 1 0 0 1 0 0 1 0 1 1
 0 1 1 0 0 0 1 1 0 1 1 0 1 0 1 1 1 1 0 0 1 0 1 1 0 1 1 0 0 1 0 1 1 1 0 1 0
 0 1 1 1 1 1 0 1 0 0 1 0 1 1 0 0 0 0 1 1 0 1 1 1 0 1]
 Training accuracy at 3800 out of 20000 is 1.000(0.510),cost is 0.037(4.575)
[1 0 1 0 0 1 0 0 0 0 0 1 0 1 0 0 0 1 0 1 0 0 0 0 1 0 0 1 0 0 1 0 0 1 0 1 1
 0 1 1 0 0 1 1 1 0 1 1 0 0 0 1 1 0 1 1 0 1 1 1 1 0 1 1 0 0 1 0 1 1 0 0 1 0
 0 0 1 1 1 1 0 1 0 0 1 0 1 1 0 0 0 0 0 1 0 0 1 1 1 1]
 Training accuracy at 3900 out of 20000 is 1.000(0.480),cost is 0.038(4.635)
[0 0 1 1 0 1 1 1 0 0 1 1 1 1 0 1 1 1 0 1 0 0 0 0 1 0 0 1 0 0 1 0 0 1 0 1 1
 0 1 1 0 0 0 1 1 0 1 1 0 1 0 0 1 0 1 0 0 1 1 1 1 1 1 1 0 0 1 0 1 1 1 0 1 0
 0 0 1 1 0 1 0 1 0 0 1 0 1 1 0 0 0 0 0 1 0 0 1 1 1 1]
 Training accuracy at 4000 out of 20000 is 1.000(0.470),cost is 0.041(4.722)
[1 0 1 1 0 1 1 1 1 0 1 1 1 1 0 1 1 1 1 1 1 1 0 0 1 0 0 1 0 1 1 1 0 1 0 1 1
 0 1 1 0 0 1 1 1 1 1 1 0 1 0 1 1 1 1 1 0 1 1 1 1 1 1 1 0 0 1 0 1 1 1 0 1 0
 0 1 1 1 1 1 0 1 0 0 1 0 1 1 0 0 0 1 0 1 1 0 1 1 1 1]
 Training accuracy at 4100 out of 20000 is 1.000(0.450),cost is 0.040(5.495)
[1 0 1 0 0 1 0 1 1 0 1 1 1 1 0 1 1 1 0 1 0 1 0 0 1 0 0 1 1 0 1 0 0 1 0 1 1
 0 1 1 0 0 1 1 1 0 1 1 0 0 0 1 1 1 1 0 0 1 1 1 1 1 1 1 0 0 1 0 1 1 0 0 1 0
 0 0 1 1 1 1 0 1 0 0 1 0 1 1 0 0 1 0 0 1 0 0 1 1 1 1]
 Training accuracy at 4200 out of 20000 is 1.000(0.440),cost is 0.041(5.001)
[0 0 1 0 0 1 0 0 0 0 1 1 0 1 0 0 0 0 0 1 0 0 0 0 1 0 0 0 0 0 1 0 0 1 0 0 1
 0 1 0 0 0 1 1 1 0 1 1 0 1 0 1 1 0 0 0 0 1 1 1 1 1 1 1 0 0 0 0 1 1 1 0 1 0
 0 0 1 1 1 1 0 1 0 0 1 0 1 1 0 0 0 0 0 1 0 0 1 1 1 1]
 Training accuracy at 4300 out of 20000 is 1.000(0.460),cost is 0.040(4.534)
[1 1 1 1 0 1 0 1 1 0 1 1 1 1 0 1 1 1 1 1 0 1 0 0 1 0 0 1 1 1 1 0 0 1 0 1 1
 0 1 1 0 1 1 1 1 0 1 1 0 1 1 1 1 1 1 1 0 1 1 1 1 1 1 1 0 1 0 0 1 1 1 0 1 0
 0 0 1 1 1 1 0 1 0 0 1 1 1 1 0 0 1 0 0 1 0 1 1 1 1 1]
 Training accuracy at 4400 out of 20000 is 1.000(0.430),cost is 0.037(5.690)
[0 1 1 1 0 1 0 1 0 0 1 1 1 1 0 1 0 0 0 1 0 0 0 0 1 0 0 1 0 0 1 0 0 1 0 1 1
 0 1 1 0 1 1 1 1 0 1 1 0 1 0 1 1 1 1 0 0 1 0 1 1 1 1 1 0 1 0 0 1 1 1 0 1 0
 0 0 1 1 1 1 0 1 0 0 1 0 1 1 0 0 0 0 0 1 1 0 1 1 1 1]
 Training accuracy at 4500 out of 20000 is 1.000(0.420),cost is 0.038(4.798)
[1 1 1 1 1 1 1 1 1 0 1 1 1 1 0 1 1 1 1 1 1 1 0 0 1 1 0 1 0 1 1 0 0 1 0 1 1
 0 1 1 0 1 1 1 1 0 1 1 0 1 1 1 1 1 1 0 0 1 1 1 1 1 1 1 0 0 1 1 1 1 1 0 1 0
 0 1 1 1 1 1 0 1 0 0 1 1 1 1 0 0 0 0 0 1 1 1 1 1 1 1]
 Training accuracy at 4600 out of 20000 is 1.000(0.490),cost is 0.036(6.204)
[1 1 1 1 1 1 1 1 1 0 1 1 1 1 0 1 1 1 0 1 0 1 0 0 1 1 0 1 1 1 1 1 0 1 0 1 1
 0 1 1 0 1 1 1 1 1 1 1 0 1 0 1 1 1 1 0 0 1 1 1 1 1 1 1 0 1 0 0 1 1 1 0 1 0
 0 1 1 1 1 1 0 1 0 0 1 1 1 1 0 0 0 0 0 1 1 1 1 1 1 1]
 Training accuracy at 4700 out of 20000 is 1.000(0.460),cost is 0.035(6.157)
[1 1 1 1 1 1 1 1 1 0 1 1 1 1 0 1 1 1 1 1 0 1 0 1 1 1 0 1 1 1 1 1 0 1 0 1 1
 0 1 1 0 1 1 1 1 0 1 1 0 1 1 1 1 1 1 0 0 1 1 1 1 1 1 1 0 1 0 0 1 1 1 0 1 0
 0 1 1 1 1 1 0 1 0 0 1 0 1 1 0 0 0 0 0 1 1 1 1 1 1 1]
 Training accuracy at 4800 out of 20000 is 1.000(0.450),cost is 0.031(6.066)
[0 1 1 1 0 1 0 1 1 0 1 1 1 1 0 1 1 1 0 1 0 1 0 0 1 0 0 1 0 0 1 1 0 1 0 1 1
 0 1 1 0 0 1 1 1 0 1 1 0 1 0 0 1 1 1 1 0 1 1 1 1 0 1 1 0 0 0 0 1 1 1 0 1 0
 0 1 1 1 1 1 0 1 0 0 1 0 1 1 0 0 0 0 0 1 1 1 1 1 1 1]
 Training accuracy at 4900 out of 20000 is 1.000(0.470),cost is 0.034(4.937)
[0 1 1 1 0 1 1 1 1 0 1 1 1 1 0 1 0 1 0 1 0 1 0 0 1 1 0 1 1 0 1 0 0 1 0 1 1
 0 1 1 0 0 1 1 1 0 1 1 0 1 0 1 1 1 1 0 0 1 1 1 1 1 1 1 0 0 0 0 1 1 1 0 1 0
 0 1 1 1 1 1 0 1 0 0 1 0 1 1 0 0 0 0 0 1 1 1 1 1 1 1]
 Training accuracy at 5000 out of 20000 is 1.000(0.490),cost is 0.030(5.076)
[0 0 1 1 0 1 0 0 0 0 1 1 1 1 0 0 0 1 0 1 0 0 0 0 1 0 0 0 1 1 1 0 0 1 0 1 1
 0 1 0 0 0 1 1 1 0 1 1 0 1 0 0 1 1 1 1 0 1 1 1 1 0 1 1 0 0 1 0 1 1 1 0 1 0
 1 0 1 1 1 1 0 1 0 0 1 0 1 1 0 0 0 0 0 1 0 0 0 1 1 1]
 Training accuracy at 5100 out of 20000 is 1.000(0.480),cost is 0.031(4.861)
[1 0 1 1 0 1 1 1 1 0 1 1 1 1 0 1 1 1 0 1 0 1 0 1 1 1 0 1 1 1 1 1 0 1 0 1 1
 0 1 0 0 0 0 1 1 0 1 1 0 1 0 1 1 1 1 1 0 1 1 1 1 1 1 1 0 0 1 0 1 1 1 0 1 0
 0 1 1 1 1 1 0 1 0 1 1 0 1 1 0 0 0 0 0 1 0 1 1 1 1 1]
 Training accuracy at 5200 out of 20000 is 1.000(0.470),cost is 0.038(5.190)
[1 0 1 1 0 1 0 0 0 0 0 1 0 1 0 0 0 0 0 1 0 0 0 0 1 0 0 0 0 0 1 0 0 1 0 1 1
 0 1 0 0 0 1 1 1 0 1 1 0 0 0 0 1 1 0 0 0 1 0 1 1 0 0 1 0 0 0 0 1 1 0 0 1 0
 0 0 1 1 1 1 0 1 0 0 1 0 1 1 0 0 0 0 0 1 0 1 0 1 1 0]
 Training accuracy at 5300 out of 20000 is 1.000(0.500),cost is 0.039(4.809)
[1 0 1 1 0 1 0 1 0 0 0 1 1 1 0 0 0 1 0 1 0 1 0 0 1 1 0 1 0 0 1 0 0 1 0 1 1
 1 1 1 0 0 1 1 1 1 1 1 0 0 0 1 1 1 1 1 0 1 1 1 1 1 1 1 0 0 0 0 1 1 1 0 1 0
 0 0 1 1 1 1 0 1 0 0 1 0 1 1 0 0 0 0 1 1 0 1 0 1 1 1]
 Training accuracy at 5400 out of 20000 is 1.000(0.440),cost is 0.039(4.895)
[1 1 1 1 0 1 1 1 0 0 1 1 1 1 0 1 0 1 0 1 0 1 0 0 1 1 0 1 1 1 1 0 0 1 0 1 1
 1 1 1 0 0 1 1 1 1 1 1 0 1 1 1 1 1 1 0 0 1 1 1 1 1 1 1 0 0 0 1 1 1 1 0 1 0
 0 1 1 1 1 1 0 1 0 1 1 0 1 1 0 0 0 0 1 1 1 1 1 1 1 1]
 Training accuracy at 5500 out of 20000 is 1.000(0.500),cost is 0.033(4.887)
[1 1 1 1 1 1 1 1 0 0 1 1 1 1 0 1 1 1 1 1 0 1 0 0 1 1 0 1 1 0 1 0 0 1 0 1 1
 0 1 1 0 0 1 1 1 0 1 1 0 1 0 0 1 1 1 1 0 1 1 1 1 1 1 1 0 0 1 1 1 1 1 0 1 0
 1 1 1 1 1 1 0 1 0 0 1 1 1 1 0 0 0 0 0 1 0 1 1 1 1 1]
 Training accuracy at 5600 out of 20000 is 1.000(0.470),cost is 0.032(5.619)
[1 0 1 1 0 1 1 1 0 0 1 1 1 1 0 1 1 1 0 1 0 1 0 0 1 1 0 1 0 0 1 0 0 1 0 1 1
 0 1 0 0 0 1 1 1 0 0 1 0 1 0 0 1 1 1 1 0 1 1 1 1 0 1 1 0 0 1 0 1 1 1 0 1 0
 1 1 1 1 1 1 0 1 0 0 1 0 1 1 0 0 0 1 0 1 0 1 1 1 1 1]
 Training accuracy at 5700 out of 20000 is 1.000(0.490),cost is 0.032(5.363)
[0 1 1 1 1 1 1 1 0 0 1 1 1 1 0 1 1 1 1 1 0 1 0 1 1 1 0 1 1 1 1 1 0 1 0 1 1
 0 1 1 0 1 1 1 1 0 1 1 0 1 0 1 1 1 1 1 0 1 1 1 1 1 1 1 1 0 1 0 1 1 1 0 1 0
 0 1 1 1 1 1 0 1 0 0 1 1 1 1 1 0 0 1 0 1 1 1 1 1 1 1]
 Training accuracy at 5800 out of 20000 is 1.000(0.450),cost is 0.034(6.410)
[1 1 1 1 1 1 1 1 0 0 1 1 1 1 0 1 0 1 0 1 0 1 0 0 1 1 0 1 1 1 1 0 0 1 0 1 1
 1 1 1 0 0 1 1 1 0 1 1 0 1 0 1 1 1 1 0 0 1 1 1 1 0 1 1 0 1 0 0 1 1 1 0 1 0
 0 1 1 1 1 1 0 1 0 1 1 0 1 1 0 0 0 0 0 1 1 0 1 1 1 1]
 Training accuracy at 5900 out of 20000 is 1.000(0.440),cost is 0.028(5.555)
[1 1 1 1 1 1 1 1 0 0 1 1 1 1 0 1 0 1 1 1 0 1 0 0 1 1 0 1 1 1 1 0 0 1 0 1 1
 0 1 1 0 0 1 1 1 0 1 1 0 1 0 1 1 0 1 1 0 1 1 1 1 0 1 1 0 0 0 0 1 1 1 0 1 0
 0 0 1 1 1 1 0 1 0 0 1 1 1 1 0 0 0 0 1 1 1 1 1 1 1 1]
 Training accuracy at 6000 out of 20000 is 1.000(0.460),cost is 0.032(5.660)
[1 0 1 1 0 1 1 1 1 0 1 1 1 1 0 1 0 1 0 1 0 1 0 0 1 1 0 1 1 0 1 0 0 1 0 1 1
 0 1 1 0 0 1 1 1 0 1 1 0 1 0 1 1 0 1 1 0 1 1 1 1 1 1 1 0 0 0 0 1 1 1 0 1 0
 0 1 1 1 1 1 0 1 0 0 1 0 1 1 0 0 0 1 1 1 0 1 1 1 1 1]
 Training accuracy at 6100 out of 20000 is 1.000(0.480),cost is 0.028(5.754)
[1 1 1 1 1 1 1 1 1 0 1 1 1 1 0 1 0 1 1 1 0 1 0 0 1 1 0 1 1 0 1 0 0 1 0 1 1
 0 1 1 0 1 1 1 1 0 1 1 0 1 1 1 1 1 1 1 0 1 1 1 1 1 1 1 0 1 1 0 1 1 1 0 1 0
 0 1 1 1 1 1 0 1 0 0 1 1 1 1 0 0 1 1 1 1 1 1 1 1 1 1]
 Training accuracy at 6200 out of 20000 is 1.000(0.490),cost is 0.030(6.439)
[1 0 1 1 0 1 1 1 0 0 1 1 1 1 0 1 0 1 0 1 0 0 0 0 1 1 0 0 0 0 1 0 0 1 0 1 1
 1 1 1 0 0 1 1 1 0 1 1 0 1 0 1 1 1 1 0 0 1 1 1 1 1 1 1 0 0 1 0 1 1 1 0 1 0
 0 0 1 1 1 1 0 1 0 0 1 0 1 1 0 0 0 0 0 1 0 0 1 1 1 1]
 Training accuracy at 6300 out of 20000 is 0.999(0.420),cost is 0.041(5.140)
[1 1 1 1 0 1 1 1 0 0 1 1 1 1 0 1 0 1 0 1 0 0 0 0 1 1 0 1 0 1 1 0 0 1 0 1 1
 0 1 1 0 0 1 1 1 0 1 1 0 1 0 1 1 0 1 0 0 1 1 1 1 0 1 1 0 0 0 1 1 1 1 0 1 0
 0 0 1 1 1 1 0 1 0 0 1 0 1 1 0 0 1 0 1 1 0 0 1 1 1 1]
 Training accuracy at 6400 out of 20000 is 1.000(0.440),cost is 0.031(5.384)
[1 0 1 1 0 1 1 1 0 0 1 1 1 1 0 1 0 1 1 1 0 0 0 0 1 1 0 1 0 1 1 0 0 1 0 1 1
 0 1 1 0 0 1 1 1 0 1 1 0 1 0 1 1 0 1 1 0 1 1 1 1 0 1 1 0 0 0 0 1 1 1 0 1 0
 1 0 1 1 1 1 0 1 0 0 1 0 1 1 0 0 1 1 0 1 0 0 1 1 1 1]
 Training accuracy at 6500 out of 20000 is 1.000(0.410),cost is 0.032(5.299)
[0 1 1 1 0 1 1 1 0 0 1 1 1 1 0 1 0 1 0 1 0 0 0 0 1 1 0 1 0 0 1 0 0 1 0 1 1
 0 1 1 0 0 1 1 1 0 1 1 0 1 0 1 1 0 1 1 0 1 1 1 1 1 1 1 0 0 0 0 1 1 1 0 1 0
 0 1 1 1 1 1 0 1 0 0 1 1 1 1 0 0 0 0 0 1 0 0 0 1 1 1]
 Training accuracy at 6600 out of 20000 is 1.000(0.440),cost is 0.029(5.517)
[1 0 1 1 0 1 1 1 0 0 1 1 1 1 0 1 0 1 1 1 0 1 0 0 1 0 0 1 1 1 1 0 0 1 0 1 1
 0 1 1 0 0 1 1 1 0 1 1 0 1 0 1 1 1 1 0 0 1 1 1 1 0 1 1 0 0 0 0 1 1 1 0 1 0
 0 0 1 1 1 1 0 1 0 0 1 0 1 1 0 0 0 0 0 1 0 0 1 1 1 1]
 Training accuracy at 6700 out of 20000 is 1.000(0.430),cost is 0.028(5.978)
[1 1 1 1 0 1 1 1 0 0 1 1 1 1 0 0 0 1 1 1 0 1 0 0 1 1 0 1 0 1 1 1 0 1 0 1 1
 0 1 1 0 0 1 1 1 0 1 1 0 1 0 1 1 1 1 0 0 1 1 1 1 1 1 1 0 0 1 0 1 1 1 0 1 0
 0 1 1 1 1 1 0 1 0 0 1 0 1 1 0 0 0 1 1 1 0 0 1 1 1 1]
 Training accuracy at 6800 out of 20000 is 1.000(0.450),cost is 0.030(6.317)
[1 0 1 1 0 1 1 1 0 0 1 1 1 1 0 1 0 1 1 1 0 0 0 0 1 0 0 1 1 1 1 0 0 1 0 1 1
 0 1 1 0 0 1 1 1 0 1 1 0 0 0 0 1 1 1 0 0 1 1 1 1 0 1 1 0 0 0 0 1 1 1 0 1 0
 0 1 1 1 0 1 0 1 0 0 1 0 1 1 0 0 0 0 0 1 0 0 1 1 0 1]
 Training accuracy at 6900 out of 20000 is 1.000(0.470),cost is 0.039(5.121)
[1 1 1 1 0 1 1 1 1 0 1 1 1 1 0 1 1 1 1 1 1 1 0 0 1 1 0 1 1 1 1 1 0 1 0 1 1
 1 1 1 0 0 1 1 1 0 1 1 0 1 0 1 1 1 1 0 0 1 1 1 1 0 1 1 0 0 1 0 1 1 1 0 1 0
 0 1 1 1 1 1 0 1 0 0 1 0 1 1 0 0 0 1 1 1 1 0 1 1 1 1]
 Training accuracy at 7000 out of 20000 is 1.000(0.470),cost is 0.029(5.645)
[1 1 1 1 1 1 1 1 1 0 1 1 1 1 0 1 1 1 1 1 1 1 0 0 1 1 0 1 1 1 1 0 0 1 0 1 1
 1 1 1 0 0 1 1 1 0 1 1 0 1 0 1 1 1 1 0 0 1 1 1 1 0 1 1 1 0 0 1 1 1 1 0 1 0
 0 1 1 1 1 1 0 1 0 0 1 1 1 1 0 0 0 1 0 1 1 0 1 1 1 1]
 Training accuracy at 7100 out of 20000 is 1.000(0.460),cost is 0.032(5.797)
[1 1 1 1 0 1 1 1 1 0 1 1 1 1 0 1 0 1 1 1 1 1 0 0 1 0 0 1 1 1 1 0 0 1 0 1 1
 0 1 1 0 0 1 1 1 0 1 1 0 1 0 1 1 1 1 0 0 1 1 1 1 1 1 1 0 0 0 1 1 1 1 0 1 0
 0 0 1 1 1 1 0 1 0 0 1 0 1 1 0 0 0 1 0 1 1 0 0 1 1 1]
 Training accuracy at 7200 out of 20000 is 1.000(0.470),cost is 0.029(5.763)
[1 1 1 1 0 1 1 1 0 0 1 1 1 1 0 1 0 1 0 1 0 1 0 0 1 0 0 1 1 1 1 0 0 1 0 1 1
 1 1 1 0 0 1 1 1 0 1 1 0 1 0 1 1 1 1 0 0 1 1 1 1 1 1 1 0 0 0 0 1 1 1 0 1 0
 0 0 1 1 1 1 0 1 0 0 1 0 1 1 0 0 0 0 0 1 0 0 1 1 1 1]
 Training accuracy at 7300 out of 20000 is 1.000(0.430),cost is 0.028(5.309)
[1 1 1 1 0 1 1 1 0 0 1 1 1 1 0 1 0 1 0 1 1 0 0 0 1 1 0 0 1 1 1 1 0 1 0 1 1
 1 1 1 0 0 1 1 1 0 1 1 0 1 0 1 1 1 1 0 0 1 1 1 0 1 1 1 1 1 0 0 1 1 1 0 1 0
 0 0 1 1 1 1 0 1 0 0 1 0 1 1 1 0 0 0 0 1 0 0 1 1 1 1]
 Training accuracy at 7400 out of 20000 is 1.000(0.400),cost is 0.032(5.736)
[0 1 1 1 1 1 1 1 1 0 1 1 1 1 0 1 0 1 0 1 1 1 0 0 1 0 0 1 1 1 1 0 0 1 0 1 1
 1 1 1 0 0 1 1 1 1 1 1 0 1 0 1 1 0 1 0 0 1 1 1 1 1 1 1 0 1 0 1 1 1 1 0 1 0
 1 1 1 1 1 1 0 1 0 0 1 0 1 1 0 0 0 1 0 1 0 0 1 1 1 1]
 Training accuracy at 7500 out of 20000 is 1.000(0.500),cost is 0.028(6.300)
[0 1 1 1 0 1 1 1 0 0 1 1 1 1 0 1 1 1 0 1 0 1 0 0 1 1 0 1 1 1 1 0 0 1 0 1 1
 0 1 1 0 0 1 1 1 0 1 1 0 1 0 1 1 1 1 0 0 1 1 1 1 1 1 1 0 0 0 0 1 1 1 0 1 0
 0 0 1 1 1 1 0 1 0 0 1 0 1 1 0 0 0 1 0 1 0 0 1 1 0 1]
 Training accuracy at 7600 out of 20000 is 1.000(0.450),cost is 0.029(5.289)
[1 1 1 1 1 1 1 1 1 0 1 1 1 1 0 1 1 1 1 1 1 1 0 0 1 1 0 1 1 1 1 0 0 1 0 1 1
 1 1 1 0 0 1 1 1 0 1 1 0 1 1 1 1 0 1 0 0 1 1 1 1 1 1 1 0 0 0 0 1 1 1 0 1 0
 0 0 1 1 1 1 0 1 0 0 1 0 1 1 0 0 0 1 1 1 0 0 1 1 0 1]
 Training accuracy at 7700 out of 20000 is 1.000(0.460),cost is 0.030(6.414)
[0 0 1 0 0 1 1 1 0 0 1 1 1 1 0 0 0 1 0 1 0 0 0 0 1 0 0 0 1 0 1 0 0 1 0 1 1
 1 1 1 0 0 0 1 1 0 1 1 0 1 0 1 1 0 1 0 0 1 1 1 1 1 1 1 0 0 0 0 1 1 1 0 1 0
 0 0 1 1 1 1 0 1 0 0 1 0 1 1 0 0 0 0 0 1 0 0 1 1 1 1]
 Training accuracy at 7800 out of 20000 is 1.000(0.460),cost is 0.032(4.646)
[0 1 1 1 0 1 1 0 0 0 0 1 1 1 0 1 0 1 0 1 0 0 0 0 1 0 0 1 1 1 1 0 0 1 0 1 1
 1 1 1 0 0 0 1 1 0 1 1 0 1 0 1 1 0 1 0 0 1 1 1 1 1 1 1 0 0 0 1 1 1 1 0 1 0
 0 1 1 1 1 1 0 1 0 0 1 0 1 1 0 0 0 0 0 1 0 0 1 1 0 1]
 Training accuracy at 7900 out of 20000 is 1.000(0.500),cost is 0.028(5.023)
[1 1 1 1 1 1 1 1 1 0 1 1 1 1 0 1 1 1 0 1 1 1 0 0 1 1 0 1 1 1 1 0 0 1 0 1 1
 1 1 1 0 0 0 1 1 0 1 1 0 1 1 1 1 0 1 0 0 1 0 1 1 1 1 1 1 0 0 0 1 1 1 0 1 0
 0 1 1 1 1 1 0 1 0 0 1 0 1 1 0 0 0 0 0 1 1 0 0 1 1 1]
 Training accuracy at 8000 out of 20000 is 1.000(0.440),cost is 0.029(5.801)
[1 1 1 1 0 1 1 1 1 0 0 1 1 1 0 1 1 1 1 1 1 1 0 0 1 1 0 1 1 1 1 0 0 1 0 1 1
 1 1 1 0 0 1 1 1 0 1 1 0 1 0 1 1 1 1 0 0 1 1 1 1 1 1 1 0 0 0 0 1 1 1 0 1 0
 0 0 1 1 1 1 0 1 0 0 1 0 1 1 1 0 0 1 0 1 0 0 0 1 1 1]
 Training accuracy at 8100 out of 20000 is 1.000(0.420),cost is 0.027(6.321)
[1 1 1 1 0 1 1 1 1 0 1 1 1 1 0 1 0 1 0 1 1 1 0 0 1 0 0 1 1 1 1 0 0 1 0 1 1
 1 1 1 0 0 1 1 1 0 1 1 0 1 0 1 1 0 1 0 0 1 1 1 1 1 1 1 1 0 0 1 1 1 1 0 1 0
 0 1 1 1 1 1 0 1 0 0 1 0 1 1 0 0 1 1 1 1 0 0 1 1 1 1]
 Training accuracy at 8200 out of 20000 is 1.000(0.480),cost is 0.027(5.400)
[1 1 1 1 0 1 1 1 0 0 1 1 1 1 0 0 1 1 0 1 0 1 0 0 1 0 0 1 1 1 1 1 0 1 0 1 1
 0 1 1 0 0 1 1 1 0 1 1 0 1 0 1 1 0 1 0 0 1 1 1 1 1 1 1 0 0 0 0 1 1 1 0 1 0
 0 0 1 1 1 1 0 1 0 0 1 0 1 1 0 0 0 1 1 1 0 0 0 1 0 1]
 Training accuracy at 8300 out of 20000 is 1.000(0.460),cost is 0.026(5.213)
[1 0 1 1 0 1 0 1 0 0 0 1 1 1 0 1 1 1 0 1 0 0 0 0 1 0 0 1 1 0 1 0 0 1 0 1 1
 1 1 0 0 0 0 1 1 0 0 1 0 0 0 1 1 1 1 0 0 1 1 1 1 0 0 1 0 0 0 0 1 1 1 0 1 0
 0 0 1 1 0 1 0 1 0 0 1 0 1 1 0 0 0 1 0 1 0 0 0 1 1 1]
 Training accuracy at 8400 out of 20000 is 1.000(0.480),cost is 0.030(4.230)
[0 1 1 1 1 1 1 1 0 0 1 1 1 1 0 1 0 1 0 1 0 1 0 0 1 0 0 1 1 1 1 0 0 1 0 1 1
 1 1 1 0 0 1 1 1 0 1 1 0 1 0 1 1 0 1 0 0 1 0 1 1 1 1 1 0 0 0 0 1 1 1 0 1 0
 0 1 1 1 1 1 0 1 0 0 1 0 1 1 0 0 0 1 1 1 0 0 1 1 0 1]
 Training accuracy at 8500 out of 20000 is 1.000(0.470),cost is 0.029(5.241)
[1 1 1 1 0 1 1 1 1 0 1 1 1 1 0 1 1 1 0 1 1 1 0 0 1 0 0 1 1 1 1 1 0 1 0 1 1
 1 1 1 0 0 1 1 1 0 1 1 0 1 1 1 1 1 1 0 0 1 1 1 1 1 1 1 0 0 0 1 1 1 1 0 1 0
 0 1 1 1 1 1 0 1 0 0 1 0 1 1 0 0 0 1 0 1 1 0 0 1 1 1]
 Training accuracy at 8600 out of 20000 is 1.000(0.470),cost is 0.031(4.969)
[1 1 1 1 0 1 1 1 1 0 1 1 1 1 0 1 1 1 0 1 1 1 0 0 1 1 0 1 1 1 1 1 0 1 0 1 1
 1 1 1 0 0 1 1 1 1 1 1 0 1 0 1 1 1 1 0 0 1 1 1 1 1 1 1 1 0 1 1 1 1 1 0 1 0
 0 1 1 1 1 1 0 1 0 0 1 0 1 1 0 0 0 0 0 1 1 0 1 1 1 1]
 Training accuracy at 8700 out of 20000 is 1.000(0.460),cost is 0.027(6.264)
[1 1 1 1 0 1 1 1 1 0 1 1 1 1 0 1 1 1 0 1 1 1 0 0 1 0 0 1 1 1 1 1 0 1 0 1 1
 1 1 1 0 0 0 1 1 0 1 1 0 1 0 1 1 1 1 0 0 1 1 1 1 0 1 1 1 0 0 1 1 1 1 0 1 0
 0 1 1 1 1 1 0 1 0 0 1 0 1 1 0 0 0 1 1 1 1 0 0 1 1 1]
 Training accuracy at 8800 out of 20000 is 1.000(0.480),cost is 0.031(4.819)
[1 1 1 1 0 1 1 1 0 0 1 1 1 1 0 1 1 1 0 1 1 0 0 0 1 1 0 0 1 1 1 0 0 1 0 1 1
 1 1 1 0 0 1 1 1 0 1 1 0 1 0 1 1 1 1 0 0 1 1 1 1 1 1 1 0 0 0 0 1 1 1 0 1 0
 0 0 1 1 1 1 0 1 0 0 1 0 1 1 0 0 0 1 1 1 0 0 0 1 1 1]
 Training accuracy at 8900 out of 20000 is 1.000(0.430),cost is 0.028(5.065)
[0 0 1 1 0 1 1 1 0 0 0 1 1 1 0 1 1 1 0 1 0 0 0 0 1 0 0 0 1 0 1 0 0 1 0 1 1
 1 1 1 0 0 1 1 1 0 1 1 0 0 0 1 1 0 1 0 0 1 1 1 1 1 1 1 0 0 0 1 1 1 0 0 1 0
 0 0 1 1 0 1 0 1 0 0 1 0 1 1 0 0 0 1 0 1 0 1 0 1 1 1]
 Training accuracy at 9000 out of 20000 is 1.000(0.500),cost is 0.028(4.150)
[0 1 1 1 0 1 1 1 1 0 1 1 1 1 0 1 1 1 0 1 0 1 0 0 1 1 0 1 1 1 1 1 0 1 0 1 1
 1 1 1 0 0 1 1 1 0 1 1 0 1 0 1 1 0 1 0 0 1 1 1 1 0 1 1 1 0 0 1 1 1 1 0 1 0
 0 1 1 1 0 1 0 1 0 0 1 0 1 1 0 0 0 1 0 1 0 0 0 1 1 1]
 Training accuracy at 9100 out of 20000 is 1.000(0.460),cost is 0.033(4.676)
[0 1 1 1 0 1 1 1 1 0 1 1 1 1 0 1 1 1 0 1 1 1 0 0 1 0 0 1 1 1 1 0 0 1 0 1 1
 1 1 1 0 0 1 1 1 0 1 1 0 1 0 1 1 0 1 0 0 1 1 1 1 0 1 1 1 0 1 1 1 1 0 0 1 0
 0 1 1 1 1 1 0 1 0 0 1 0 1 1 0 0 0 1 0 1 0 0 0 1 0 1]
 Training accuracy at 9200 out of 20000 is 1.000(0.510),cost is 0.025(5.559)
[0 1 1 1 0 1 1 0 0 0 0 1 1 1 0 0 0 1 0 1 0 0 0 1 1 1 0 0 0 1 1 1 0 1 0 1 1
 1 1 1 0 0 1 1 1 0 1 1 0 1 0 1 1 0 1 0 0 1 1 1 1 0 1 1 0 0 0 1 1 1 1 0 1 0
 1 1 1 1 0 1 0 1 0 0 1 0 1 1 0 0 0 0 0 1 0 0 0 1 1 1]
 Training accuracy at 9300 out of 20000 is 1.000(0.500),cost is 0.027(4.992)
[0 1 1 1 0 1 1 1 1 0 0 1 1 1 0 1 1 1 0 1 1 0 0 0 1 0 0 1 1 1 1 1 0 1 0 1 1
 1 1 1 0 0 1 1 1 0 1 1 0 1 0 1 1 0 1 0 0 1 1 1 1 1 1 1 1 0 1 1 1 1 1 0 1 0
 0 1 1 1 1 1 0 1 0 0 1 0 1 1 0 0 0 1 0 1 1 0 0 1 1 1]
 Training accuracy at 9400 out of 20000 is 1.000(0.480),cost is 0.030(5.469)
[0 1 1 1 0 1 1 1 0 0 1 1 1 1 0 1 1 1 0 1 1 1 0 0 1 0 0 1 1 1 1 1 0 1 0 1 1
 1 1 1 0 0 1 1 1 1 1 1 0 1 0 1 1 0 1 0 0 1 1 1 1 0 1 1 0 0 1 1 1 1 1 0 1 0
 0 1 1 1 1 1 0 1 0 0 1 0 1 1 0 0 0 1 0 1 1 0 0 1 0 1]
 Training accuracy at 9500 out of 20000 is 1.000(0.510),cost is 0.027(5.443)
[0 1 1 1 0 1 1 1 0 0 1 1 1 1 0 1 1 1 0 1 0 1 0 0 1 0 0 1 1 1 1 1 0 1 0 1 1
 1 1 1 0 0 1 1 1 0 1 1 0 1 0 1 1 0 1 0 0 1 1 1 1 1 1 1 0 0 1 1 1 1 1 0 1 0
 0 1 1 1 0 1 0 1 0 0 1 0 1 1 0 0 0 1 0 1 1 0 1 1 0 1]
 Training accuracy at 9600 out of 20000 is 1.000(0.500),cost is 0.026(5.736)
[1 1 1 1 0 1 1 1 0 0 1 1 1 1 0 1 1 1 1 1 1 1 0 0 1 0 0 1 1 1 1 0 0 1 0 1 1
 1 1 1 0 0 1 1 1 0 1 1 1 1 0 1 1 0 1 1 0 1 1 1 1 1 1 1 0 0 1 0 1 1 1 0 1 0
 0 1 1 1 1 1 0 1 0 0 1 0 1 1 0 0 1 1 0 1 1 1 1 1 0 1]
 Training accuracy at 9700 out of 20000 is 1.000(0.460),cost is 0.029(5.731)
[1 1 1 1 0 1 1 1 0 0 0 1 1 1 0 0 0 1 0 1 0 0 0 0 1 0 0 1 1 1 1 1 0 1 0 1 1
 1 1 1 0 0 1 1 1 0 1 1 0 0 0 1 1 0 1 0 0 1 0 1 1 0 1 1 0 0 0 0 1 1 1 0 1 0
 0 1 1 1 0 1 0 1 0 0 1 0 1 1 0 0 0 1 0 1 0 0 0 1 0 1]
 Training accuracy at 9800 out of 20000 is 1.000(0.480),cost is 0.029(4.745)
[1 1 1 1 0 1 1 1 0 0 0 1 1 1 0 0 1 1 0 1 0 0 0 0 1 1 0 1 1 1 1 0 0 1 0 1 1
 1 1 1 0 0 1 1 1 0 1 1 0 1 0 1 1 1 1 0 0 1 1 1 1 0 1 1 0 0 0 0 1 1 1 0 1 0
 1 0 1 1 1 1 0 1 0 0 1 0 1 1 0 0 0 1 0 1 0 0 0 1 0 1]
 Training accuracy at 9900 out of 20000 is 1.000(0.450),cost is 0.033(4.647)
[0 1 1 1 0 1 1 1 0 0 0 1 1 1 0 1 1 1 0 1 1 0 0 0 1 0 0 1 0 1 1 1 0 1 0 1 1
 1 1 0 0 0 1 1 1 0 1 1 0 0 0 1 1 0 1 0 0 1 1 1 1 0 1 1 0 0 0 1 1 1 1 0 1 0
 1 0 1 1 0 1 0 1 0 0 1 0 1 1 0 0 0 1 0 1 0 1 0 1 0 1]
 Training accuracy at 10000 out of 20000 is 0.999(0.510),cost is 0.043(4.637)
[1 1 1 1 0 1 1 1 0 0 0 1 1 1 0 0 1 1 0 1 0 0 0 0 1 0 0 1 0 1 1 0 0 1 0 1 1
 1 1 1 0 0 1 1 1 0 1 1 0 1 0 1 1 1 1 0 0 1 1 1 0 0 1 1 0 0 0 0 1 1 1 0 1 0
 0 0 1 1 1 1 0 1 0 0 1 0 1 1 0 0 0 1 0 1 0 0 1 1 0 1]
 Training accuracy at 10100 out of 20000 is 1.000(0.460),cost is 0.032(4.713)
[1 1 1 1 1 1 1 1 1 0 1 1 1 1 0 1 1 1 0 1 1 1 0 0 1 1 0 1 1 1 1 1 0 1 0 1 1
 1 1 1 0 0 1 1 1 0 1 1 0 1 0 1 1 1 1 1 0 1 1 1 1 1 1 1 0 0 1 1 1 1 1 0 1 0
 1 1 1 1 1 1 0 1 0 0 1 0 1 1 0 0 0 1 1 1 1 1 1 1 1 1]
 Training accuracy at 10200 out of 20000 is 1.000(0.480),cost is 0.026(6.119)
[1 1 1 1 1 1 1 1 1 0 1 1 1 1 0 1 1 1 0 1 1 1 0 0 1 1 0 1 1 1 1 1 0 1 0 1 1
 1 1 1 0 0 1 1 1 1 1 1 0 1 0 1 1 1 1 0 0 1 1 1 1 1 1 1 1 0 1 1 1 1 1 0 1 0
 1 1 1 1 1 1 0 1 0 0 1 0 1 1 0 0 0 1 0 1 1 0 1 1 1 1]
 Training accuracy at 10300 out of 20000 is 1.000(0.470),cost is 0.029(5.982)
[1 1 1 1 1 1 1 1 1 0 1 1 1 1 0 1 1 1 0 1 1 1 0 0 1 0 0 1 1 1 1 1 0 1 0 1 1
 1 1 1 0 0 1 1 1 0 1 1 0 1 0 1 1 1 1 1 0 1 1 1 1 1 1 1 1 0 1 1 1 1 1 0 1 0
 0 1 1 1 1 1 0 1 0 0 1 0 1 1 0 0 0 1 0 1 1 1 1 1 1 1]
 Training accuracy at 10400 out of 20000 is 1.000(0.460),cost is 0.028(5.892)
[1 1 1 1 0 1 1 1 1 0 1 1 1 1 0 1 1 1 0 1 1 1 0 0 1 0 0 1 1 1 1 0 0 1 0 1 1
 1 1 1 0 0 1 1 1 0 1 1 0 1 0 1 1 1 1 0 0 1 1 1 1 1 1 1 0 0 1 1 1 1 1 0 1 0
 0 1 1 1 1 1 0 1 0 0 1 0 1 1 0 0 0 1 0 1 1 0 0 1 1 1]
 Training accuracy at 10500 out of 20000 is 1.000(0.480),cost is 0.026(5.980)
[1 1 1 1 1 1 1 1 1 0 1 1 1 1 0 1 1 1 0 1 1 0 0 0 1 1 0 1 0 1 1 1 0 1 0 1 1
 1 1 1 0 0 1 1 1 1 1 1 0 1 0 1 1 0 1 0 0 1 1 1 1 1 1 1 0 0 1 1 1 1 1 0 1 0
 0 1 1 1 1 1 0 1 0 0 1 0 1 1 0 0 0 1 0 1 1 0 1 1 1 1]
 Training accuracy at 10600 out of 20000 is 1.000(0.460),cost is 0.029(5.520)
[1 1 1 1 1 1 1 1 1 0 1 1 1 1 0 1 1 1 0 1 1 1 0 0 1 0 0 1 0 1 1 1 0 1 0 1 1
 1 1 1 0 0 1 1 1 0 1 1 0 1 0 1 1 1 1 0 0 1 1 1 1 1 1 1 0 0 1 0 1 1 1 0 1 0
 0 1 1 1 1 1 0 1 0 0 1 0 1 1 0 0 0 0 0 1 1 0 1 1 1 1]
 Training accuracy at 10700 out of 20000 is 1.000(0.440),cost is 0.027(5.905)
[0 1 1 1 0 1 1 1 1 0 1 1 1 1 0 1 1 1 0 1 1 1 0 0 1 0 0 1 1 1 1 0 0 1 0 1 1
 1 1 1 0 0 1 1 1 0 1 1 0 1 0 1 1 1 1 0 0 1 1 1 1 1 1 1 0 0 0 1 1 1 1 0 1 0
 0 1 1 1 1 1 0 1 0 1 1 0 1 1 0 0 0 0 0 1 1 1 1 1 1 1]
 Training accuracy at 10800 out of 20000 is 1.000(0.500),cost is 0.029(4.898)
[0 1 1 1 1 1 1 1 1 0 1 1 1 1 0 1 1 1 0 1 1 0 0 0 1 1 0 1 1 1 1 1 0 1 0 1 1
 1 1 1 0 0 1 1 1 0 1 1 0 1 0 1 1 1 1 0 0 1 1 1 1 1 1 1 0 0 1 1 1 1 1 0 1 0
 0 1 1 1 1 1 0 1 0 0 1 1 1 1 0 0 0 1 0 1 1 0 1 1 1 1]
 Training accuracy at 10900 out of 20000 is 1.000(0.470),cost is 0.027(5.800)
[1 1 1 1 0 1 1 1 1 0 0 1 1 1 0 1 1 1 0 1 1 0 0 0 1 0 0 0 0 1 1 1 0 1 0 1 1
 1 1 1 0 0 1 1 1 0 1 1 0 1 0 1 1 1 1 0 0 1 1 1 1 1 1 1 0 0 1 1 1 1 1 0 1 0
 0 1 1 1 0 1 0 1 0 0 1 0 1 1 0 0 0 0 0 1 1 1 1 1 1 1]
 Training accuracy at 11000 out of 20000 is 1.000(0.490),cost is 0.046(4.547)
[0 1 1 1 1 1 1 1 0 0 1 1 1 1 0 1 1 1 0 1 1 1 0 0 1 1 0 1 0 1 1 1 0 1 0 1 1
 1 1 1 0 0 1 1 1 1 1 1 0 1 0 1 1 1 1 0 0 1 1 1 1 0 1 1 1 0 1 1 1 1 1 0 1 0
 0 1 1 1 1 1 0 1 0 0 1 1 1 1 0 0 0 1 0 1 1 0 1 1 0 1]
 Training accuracy at 11100 out of 20000 is 1.000(0.480),cost is 0.032(5.047)
[1 1 1 1 1 1 1 1 1 0 1 1 1 1 0 1 1 1 0 1 1 1 0 0 1 0 0 1 0 1 1 1 0 1 0 1 1
 1 1 1 0 1 1 1 1 1 1 1 0 1 0 1 0 1 1 0 0 1 1 1 1 0 1 1 1 0 1 1 1 1 1 0 1 0
 0 1 1 1 1 1 0 1 0 0 1 0 1 1 0 0 0 1 0 1 1 0 1 1 1 1]
 Training accuracy at 11200 out of 20000 is 1.000(0.490),cost is 0.028(5.043)
[1 1 1 1 1 1 1 1 1 0 1 1 1 1 0 1 1 1 0 1 1 1 0 0 1 1 0 1 1 1 1 1 0 1 0 1 1
 1 1 1 0 0 1 1 1 0 1 1 1 1 0 1 1 1 1 0 0 1 1 1 1 1 1 1 1 0 1 1 1 1 1 0 1 0
 0 1 1 1 1 1 0 1 0 0 1 0 1 1 0 0 0 1 0 1 1 1 1 1 1 1]
 Training accuracy at 11300 out of 20000 is 1.000(0.450),cost is 0.026(5.940)
[1 1 1 1 0 1 1 1 1 0 1 1 1 1 0 1 1 1 0 1 1 0 0 0 1 0 0 1 0 1 1 0 0 1 0 1 1
 1 1 1 0 0 1 1 1 0 1 1 0 1 0 1 0 1 1 0 0 1 1 1 1 0 1 1 0 0 0 0 1 1 1 0 1 0
 0 1 1 1 1 1 0 1 0 0 1 0 1 1 0 0 0 1 0 1 1 0 1 1 0 1]
 Training accuracy at 11400 out of 20000 is 1.000(0.480),cost is 0.027(5.132)
[1 1 1 1 1 1 1 1 1 1 1 1 1 1 0 1 1 1 1 1 1 1 0 0 1 1 0 1 1 1 1 1 0 1 0 1 1
 1 1 1 0 1 1 1 1 0 1 1 1 1 0 1 1 1 1 0 0 1 1 1 1 1 1 1 0 0 0 1 1 1 1 0 1 0
 0 1 1 1 1 1 0 1 0 0 1 0 1 1 1 0 0 1 0 1 1 0 1 1 1 1]
 Training accuracy at 11500 out of 20000 is 1.000(0.440),cost is 0.025(6.445)
[1 1 1 1 1 1 1 1 1 0 1 1 1 1 0 1 1 1 1 1 1 1 1 0 1 1 0 1 1 1 1 1 0 1 0 1 1
 1 1 1 0 0 1 1 1 0 1 1 0 1 1 1 1 1 1 1 0 1 1 1 1 1 1 1 1 0 0 1 1 1 1 0 1 0
 0 1 1 1 1 1 0 1 0 0 1 0 1 1 1 0 0 1 0 1 1 0 1 1 1 1]
 Training accuracy at 11600 out of 20000 is 1.000(0.430),cost is 0.026(7.356)
[1 1 1 1 1 1 1 1 0 0 1 1 1 1 0 1 1 1 0 1 1 1 0 0 1 0 0 1 0 1 1 1 0 1 0 1 1
 1 1 1 0 0 1 1 1 0 1 1 1 1 0 1 1 1 1 1 0 1 1 1 1 0 1 1 0 0 0 1 1 1 1 0 1 0
 0 1 1 1 1 1 0 1 0 0 1 0 1 1 0 0 0 0 1 1 1 1 1 1 1 1]
 Training accuracy at 11700 out of 20000 is 1.000(0.440),cost is 0.027(4.621)
[0 1 1 1 1 1 1 1 1 0 1 1 1 1 0 1 1 1 0 1 1 1 0 1 1 0 0 1 0 1 1 1 0 1 0 1 1
 1 1 1 0 0 1 1 1 0 1 1 0 1 0 1 1 0 1 0 0 1 1 1 1 0 1 1 1 0 0 0 1 1 1 0 1 0
 0 0 1 1 1 1 0 1 0 1 1 0 1 1 0 0 0 0 0 1 1 0 1 1 0 1]
 Training accuracy at 11800 out of 20000 is 1.000(0.470),cost is 0.032(4.998)
[1 1 1 1 1 1 1 1 1 0 1 1 1 1 0 1 1 1 0 1 1 1 0 0 1 0 0 1 1 1 1 1 0 1 0 1 1
 1 1 1 0 0 1 1 1 0 1 1 0 1 0 1 1 1 1 0 0 1 1 1 1 1 1 1 0 0 1 1 1 1 1 0 1 0
 1 1 1 1 1 1 0 1 0 0 1 0 1 1 0 0 0 1 0 1 1 0 1 1 1 1]
 Training accuracy at 11900 out of 20000 is 1.000(0.480),cost is 0.027(5.485)
[0 1 1 1 1 1 1 1 1 0 1 1 1 1 0 1 1 1 0 1 1 1 0 0 1 1 0 1 1 1 1 1 0 1 0 1 1
 1 1 1 0 0 1 1 1 0 1 1 0 1 0 1 1 0 1 0 0 1 1 1 1 1 1 1 0 0 1 1 1 1 1 0 1 0
 0 0 1 1 1 1 0 1 0 0 1 0 1 1 0 0 0 1 1 1 1 0 1 1 1 1]
 Training accuracy at 12000 out of 20000 is 1.000(0.480),cost is 0.029(5.266)
[0 1 1 1 0 1 1 1 1 0 0 1 1 1 0 1 1 1 0 1 1 1 0 0 1 0 0 1 1 1 1 1 0 1 0 1 1
 1 1 1 0 0 1 1 1 0 1 1 0 1 0 1 1 0 1 0 0 1 1 1 1 1 1 1 0 0 0 1 1 1 1 0 1 0
 0 0 1 1 1 1 0 1 0 0 1 0 1 1 0 0 0 1 0 1 1 0 1 1 0 1]
 Training accuracy at 12100 out of 20000 is 1.000(0.500),cost is 0.027(5.204)
[0 1 1 1 1 1 1 1 0 0 0 1 1 1 0 1 1 1 0 1 1 1 0 0 1 0 0 1 1 1 1 1 0 1 0 1 1
 1 1 1 0 0 0 1 1 0 1 1 0 1 0 1 1 0 1 0 0 1 1 1 1 0 1 1 0 0 0 1 1 1 1 0 1 0
 0 0 1 1 1 1 0 1 0 0 1 0 1 1 0 0 0 0 0 1 1 0 0 1 0 1]
 Training accuracy at 12200 out of 20000 is 1.000(0.480),cost is 0.027(5.037)
[1 1 1 1 0 1 1 1 0 0 0 1 1 1 0 0 1 1 0 1 0 0 0 0 1 1 0 1 1 0 1 1 0 1 0 1 1
 1 1 1 0 0 1 1 1 0 1 1 0 1 0 1 1 0 1 0 0 1 1 1 0 0 1 1 0 0 0 1 1 1 1 0 1 0
 0 1 1 1 0 1 0 1 0 0 1 0 1 1 0 0 0 1 0 1 1 0 0 1 0 1]
 Training accuracy at 12300 out of 20000 is 1.000(0.500),cost is 0.028(4.313)
[0 1 1 1 0 1 1 1 0 0 1 1 1 1 0 0 1 1 0 1 1 0 0 0 1 1 0 1 1 1 1 1 0 1 0 0 1
 1 1 1 0 0 1 1 1 0 1 1 0 1 0 1 1 1 1 0 0 1 1 1 1 0 1 1 1 0 1 1 1 1 1 0 1 0
 0 0 1 1 0 1 0 1 0 0 1 1 1 1 0 0 0 0 1 1 1 0 0 1 0 1]
 Training accuracy at 12400 out of 20000 is 1.000(0.470),cost is 0.031(4.557)
[1 1 1 1 0 1 1 1 0 0 1 1 1 1 0 1 0 1 0 1 1 1 0 0 1 0 0 1 1 1 1 1 0 1 0 1 1
 1 1 1 0 0 0 1 1 0 1 1 0 1 0 1 1 0 1 0 0 1 1 1 1 1 1 1 0 0 1 0 1 1 1 0 1 0
 1 1 1 1 1 1 0 1 0 0 1 0 1 1 0 0 0 0 0 1 1 0 1 1 0 1]
 Training accuracy at 12500 out of 20000 is 1.000(0.500),cost is 0.027(5.464)
[0 1 1 1 0 1 1 1 1 0 1 1 1 1 0 1 1 1 0 1 1 1 0 0 1 1 0 1 1 1 1 1 0 1 0 1 1
 1 1 1 0 0 1 1 1 0 1 1 0 1 0 1 1 0 1 1 0 1 1 1 1 0 1 1 0 0 1 1 1 1 1 0 1 0
 0 1 1 1 1 1 0 1 0 0 1 0 1 1 0 0 0 1 0 1 1 0 1 1 0 1]
 Training accuracy at 12600 out of 20000 is 1.000(0.500),cost is 0.026(6.570)
[1 1 1 1 1 1 1 1 1 0 1 1 1 1 0 1 1 1 0 1 1 1 0 0 1 1 0 1 1 1 1 1 0 1 0 1 1
 1 1 1 0 0 1 1 1 0 1 1 1 1 0 1 1 1 1 1 0 1 1 1 1 1 1 1 1 0 1 1 1 1 1 0 1 0
 0 1 1 1 1 1 0 1 0 0 1 0 1 1 0 0 0 1 0 1 1 0 1 1 1 1]
 Training accuracy at 12700 out of 20000 is 1.000(0.430),cost is 0.027(7.219)
[0 1 1 1 1 1 1 1 0 0 0 1 1 1 0 1 0 1 0 1 1 1 0 0 1 1 0 1 1 1 1 1 0 1 0 0 1
 1 1 1 0 0 1 1 1 0 1 1 0 1 0 1 1 1 1 0 0 1 1 1 1 0 1 1 1 0 1 1 1 1 1 0 1 0
 0 1 1 1 1 1 0 1 0 0 1 1 1 1 0 0 0 0 1 1 1 1 0 1 0 1]
 Training accuracy at 12800 out of 20000 is 1.000(0.490),cost is 0.028(5.002)
[0 1 1 1 0 1 1 1 0 0 0 1 1 1 0 1 0 1 0 1 0 0 0 0 1 1 0 1 1 0 1 1 0 1 0 1 1
 1 1 1 0 0 1 1 1 0 1 1 0 1 0 1 1 0 1 0 0 1 0 1 1 0 1 1 1 0 1 0 1 1 1 0 1 0
 0 1 1 1 1 1 0 1 0 0 1 0 1 1 0 0 0 0 0 1 1 0 0 1 0 1]
 Training accuracy at 12900 out of 20000 is 1.000(0.460),cost is 0.026(4.990)
[0 1 1 1 0 1 1 1 0 0 0 1 1 1 0 1 0 1 0 1 0 0 0 0 1 0 0 1 0 1 1 1 0 1 0 1 1
 1 1 1 0 0 1 1 1 0 1 1 0 1 0 1 1 0 1 0 0 1 1 1 1 0 1 1 1 0 0 0 1 1 1 0 1 0
 0 0 1 1 1 1 0 1 0 0 1 0 1 1 0 0 0 0 0 1 0 0 0 1 0 1]
 Training accuracy at 13000 out of 20000 is 1.000(0.430),cost is 0.027(5.037)
[1 1 1 1 1 1 1 1 1 0 1 1 1 1 0 1 1 1 0 1 1 1 0 0 1 1 0 1 1 1 1 1 0 1 0 1 1
 1 1 1 0 0 1 1 1 0 1 1 0 1 0 1 1 1 1 0 0 1 1 1 1 0 1 1 1 0 1 1 1 1 1 0 1 0
 0 1 1 1 1 1 0 1 0 0 1 1 1 1 0 0 0 1 1 1 1 0 1 1 1 1]
 Training accuracy at 13100 out of 20000 is 1.000(0.480),cost is 0.028(6.441)
[1 1 1 1 1 1 1 1 0 0 0 1 1 1 0 1 1 1 0 1 1 1 0 0 1 1 0 1 1 1 1 1 0 1 0 1 1
 1 1 1 0 0 1 1 1 0 1 1 0 1 0 1 1 0 1 0 0 1 1 1 1 0 1 1 1 0 1 1 1 1 1 0 1 0
 0 1 1 1 1 1 0 1 0 0 1 0 1 1 0 0 0 0 0 1 1 0 1 1 1 1]
 Training accuracy at 13200 out of 20000 is 1.000(0.460),cost is 0.029(5.973)
[1 1 1 1 0 1 0 1 0 0 0 1 1 1 0 0 0 0 0 1 0 0 0 0 1 0 0 1 0 1 1 1 0 1 0 1 1
 1 1 1 0 0 1 1 1 0 1 1 0 1 0 1 1 0 1 0 0 1 0 1 1 0 1 1 1 0 1 0 1 1 1 0 1 0
 0 0 1 1 1 1 0 1 0 0 1 0 1 1 0 0 0 0 0 1 0 0 1 1 1 1]
 Training accuracy at 13300 out of 20000 is 1.000(0.410),cost is 0.028(5.331)
[1 1 1 1 0 1 1 1 0 0 0 1 1 1 0 1 0 1 0 1 0 0 0 0 1 0 0 1 0 1 1 0 0 1 0 1 1
 1 1 0 0 0 0 1 1 0 1 1 0 1 1 1 1 0 1 0 0 1 0 1 1 0 1 1 1 0 0 0 1 1 1 0 1 0
 0 0 1 1 1 1 0 1 0 0 1 0 1 1 0 0 0 0 0 1 0 0 0 1 1 1]
 Training accuracy at 13400 out of 20000 is 1.000(0.440),cost is 0.029(4.820)
[1 1 1 1 0 1 1 0 0 0 0 1 1 1 0 0 0 0 0 1 0 0 0 0 0 0 0 1 1 1 1 0 0 1 0 1 1
 1 1 0 0 0 1 1 1 0 1 1 0 1 1 1 1 0 1 0 0 1 1 1 0 0 1 1 1 0 1 1 1 1 1 0 1 0
 0 1 1 1 1 1 0 1 0 0 0 0 1 1 0 0 0 0 0 1 0 0 0 1 0 1]
 Training accuracy at 13500 out of 20000 is 1.000(0.510),cost is 0.033(4.166)
[1 1 1 1 0 1 1 1 0 0 0 1 1 1 0 0 0 1 0 1 1 0 0 0 1 1 0 1 0 1 1 1 0 1 0 1 1
 1 1 1 0 0 1 1 1 0 1 1 0 1 0 1 1 0 1 0 0 1 1 1 0 0 1 1 1 0 1 1 1 1 1 0 1 0
 0 1 1 1 1 1 0 1 0 0 1 0 1 1 0 0 0 1 0 1 1 0 1 1 0 1]
 Training accuracy at 13600 out of 20000 is 1.000(0.500),cost is 0.026(4.357)
[1 1 1 1 0 1 1 1 1 0 1 1 1 1 0 1 1 1 0 1 1 1 0 0 1 0 0 1 1 1 1 1 0 1 0 1 1
 1 1 1 0 0 1 1 1 0 1 1 0 1 1 1 1 1 1 0 0 1 1 1 1 0 1 1 1 0 1 1 1 1 1 0 1 0
 0 1 1 1 1 1 0 1 0 0 1 0 1 1 0 0 0 1 1 1 1 0 1 1 0 1]
 Training accuracy at 13700 out of 20000 is 1.000(0.510),cost is 0.026(5.476)
[1 1 1 1 1 1 1 1 1 0 1 1 1 1 0 1 1 1 0 1 1 0 0 0 1 1 0 1 1 1 1 1 0 1 0 1 1
 1 1 1 0 0 1 1 1 0 1 1 0 1 1 1 1 1 1 0 0 1 0 1 1 0 1 1 1 0 1 1 1 1 1 0 1 0
 0 1 1 1 1 1 0 1 0 0 1 0 1 1 0 0 0 1 0 1 1 0 1 1 0 1]
 Training accuracy at 13800 out of 20000 is 1.000(0.460),cost is 0.026(5.556)
[1 1 1 1 0 1 1 1 1 0 1 1 1 1 0 1 1 1 0 1 0 0 0 0 1 1 0 1 1 1 1 1 0 1 0 1 1
 1 1 1 0 0 1 1 1 0 1 1 1 1 1 1 1 1 1 0 0 1 1 1 1 0 1 1 1 0 1 1 1 1 1 0 1 0
 0 1 1 1 1 1 0 1 0 0 1 0 1 1 0 0 0 0 1 1 1 1 1 1 1 1]
 Training accuracy at 13900 out of 20000 is 1.000(0.460),cost is 0.031(4.489)
[1 1 1 1 0 1 1 1 1 0 1 1 1 1 0 1 0 1 0 1 0 1 0 0 1 1 0 1 1 1 1 1 0 1 0 1 1
 1 1 1 0 0 1 1 1 0 1 1 1 1 1 1 1 1 1 0 0 1 0 1 1 0 1 1 1 0 1 1 1 1 1 0 1 0
 0 1 1 1 1 1 0 1 0 0 1 0 1 1 0 0 0 1 1 1 1 0 1 1 0 1]
 Training accuracy at 14000 out of 20000 is 1.000(0.480),cost is 0.027(5.280)
[1 1 1 1 0 1 0 1 0 0 0 1 1 1 0 0 0 0 0 1 0 0 0 0 1 0 0 1 0 0 1 0 0 1 0 1 1
 1 1 1 0 0 1 0 1 0 1 1 0 1 0 1 1 0 1 0 0 1 0 1 1 0 1 1 0 0 1 1 1 1 1 0 1 0
 0 0 1 1 1 1 0 1 0 0 1 0 1 1 0 0 0 1 0 1 0 0 1 1 0 1]
 Training accuracy at 14100 out of 20000 is 1.000(0.480),cost is 0.029(4.254)
[1 1 1 1 1 1 1 1 1 0 1 1 1 1 0 1 1 1 0 1 1 0 0 0 1 1 0 1 1 1 1 1 0 1 0 1 1
 1 1 1 0 0 1 1 1 0 1 1 1 1 1 1 1 1 1 1 0 1 1 1 1 0 1 1 1 0 1 1 1 1 1 0 1 0
 0 1 1 1 1 1 0 1 0 0 1 0 1 1 0 0 0 1 0 1 1 0 1 1 1 1]
 Training accuracy at 14200 out of 20000 is 1.000(0.440),cost is 0.026(5.902)
[1 1 1 1 0 1 0 1 0 0 0 1 1 1 0 1 0 1 0 1 0 0 0 0 1 0 0 1 1 1 1 1 0 1 0 1 1
 1 1 1 0 0 1 1 1 0 1 1 0 1 0 1 1 0 1 0 0 1 1 1 1 0 1 1 0 0 1 1 1 1 1 0 1 0
 0 0 1 1 1 1 0 1 0 0 1 0 1 1 0 0 0 1 1 1 0 0 1 1 0 1]
 Training accuracy at 14300 out of 20000 is 1.000(0.480),cost is 0.028(4.325)
[1 1 1 1 1 1 1 1 1 0 0 1 1 1 0 1 1 1 0 1 1 1 0 0 1 1 0 1 1 1 1 1 0 1 0 1 1
 1 1 1 0 0 1 1 1 0 1 1 0 1 0 1 1 1 1 0 0 1 1 1 1 0 1 1 1 0 1 1 1 1 1 0 1 0
 0 0 1 1 1 1 0 1 0 0 1 0 1 1 0 0 0 1 0 1 1 0 0 1 0 1]
 Training accuracy at 14400 out of 20000 is 1.000(0.460),cost is 0.027(6.495)
[1 1 1 1 1 1 1 1 1 0 1 1 1 1 0 1 0 1 0 1 1 0 0 0 1 0 0 1 1 1 1 1 0 1 0 1 1
 1 1 1 0 0 1 1 1 0 1 1 0 1 0 1 1 1 1 0 0 1 1 1 1 0 1 1 1 0 1 1 1 1 1 0 1 0
 0 1 1 1 1 1 0 1 0 0 1 0 1 1 0 0 0 1 0 1 1 0 1 1 1 1]
 Training accuracy at 14500 out of 20000 is 1.000(0.470),cost is 0.028(5.709)
[1 1 1 1 0 1 1 1 1 0 1 1 1 1 0 1 0 1 0 1 1 0 0 0 1 0 0 1 0 1 1 1 0 1 0 1 1
 1 1 1 0 0 0 1 1 0 1 1 0 1 0 1 1 1 1 0 0 1 0 1 1 0 1 1 1 0 1 1 1 1 1 0 1 0
 0 0 1 1 1 1 0 1 0 0 1 0 1 1 0 0 0 1 0 1 1 0 1 1 1 1]
 Training accuracy at 14600 out of 20000 is 1.000(0.460),cost is 0.026(5.832)
[1 1 1 1 0 1 1 1 1 0 1 1 1 1 0 1 1 1 0 1 1 0 0 0 1 0 0 1 1 1 1 0 0 1 0 1 1
 1 1 1 0 0 1 1 1 0 1 1 0 1 0 1 1 1 1 0 0 1 1 1 1 0 1 1 1 0 1 1 1 1 1 0 1 0
 0 0 1 1 1 1 0 1 0 0 1 0 1 1 0 0 0 0 0 1 1 0 0 1 1 1]
 Training accuracy at 14700 out of 20000 is 1.000(0.450),cost is 0.026(5.121)
[1 1 1 1 1 1 1 1 1 0 1 1 1 1 0 1 1 1 0 1 1 1 0 0 1 1 0 1 1 1 1 1 0 1 0 1 1
 1 1 1 0 0 1 1 1 1 1 1 0 1 0 1 1 1 1 1 0 1 1 1 1 0 1 1 1 0 1 1 1 1 1 0 1 0
 0 1 1 1 1 1 0 1 0 0 1 1 1 1 0 0 0 1 1 1 1 1 1 1 1 1]
 Training accuracy at 14800 out of 20000 is 1.000(0.490),cost is 0.025(6.218)
[0 1 1 1 0 1 1 1 0 0 1 1 1 1 0 0 1 1 0 1 1 0 0 0 1 0 0 0 1 1 1 1 0 1 0 1 1
 1 1 1 0 0 1 1 1 0 1 1 0 1 0 1 1 0 1 0 0 1 0 1 1 0 1 1 0 0 1 1 1 1 1 0 1 0
 0 0 1 1 1 1 0 1 0 0 1 0 1 1 0 0 0 1 0 1 0 0 1 1 1 1]
 Training accuracy at 14900 out of 20000 is 1.000(0.480),cost is 0.027(4.492)
[0 1 1 1 0 1 1 1 0 0 1 1 1 1 0 1 1 1 0 1 1 0 0 0 1 1 0 1 0 1 1 1 0 1 0 1 1
 1 1 0 0 0 1 1 1 0 1 1 0 1 0 1 1 1 1 0 0 1 1 1 1 0 1 1 1 0 1 1 1 1 1 0 1 0
 1 1 1 1 1 1 0 1 0 1 1 0 1 1 0 0 0 1 0 1 1 0 1 1 1 1]
 Training accuracy at 15000 out of 20000 is 1.000(0.480),cost is 0.027(5.076)
[0 1 1 1 0 1 1 1 0 0 0 1 1 1 0 0 1 1 0 1 1 0 0 0 1 1 0 0 0 1 1 1 0 0 0 1 1
 1 1 0 0 0 1 1 1 0 1 1 0 1 0 1 1 1 1 0 0 1 1 1 1 0 1 1 0 0 1 1 1 1 1 0 1 0
 0 0 1 1 1 1 0 1 0 1 1 1 1 1 0 0 0 1 0 1 0 1 1 1 1 1]
 Training accuracy at 15100 out of 20000 is 1.000(0.520),cost is 0.029(4.443)
[0 1 1 1 0 1 1 1 0 0 1 1 1 1 0 1 0 1 0 1 0 0 0 0 1 0 0 1 0 0 1 1 0 1 0 1 1
 1 1 1 0 0 1 1 1 0 1 1 0 1 0 1 1 0 1 0 0 1 0 1 1 0 1 1 0 0 1 1 1 1 1 0 1 0
 0 0 1 1 1 1 0 1 0 0 1 0 1 1 0 0 0 1 0 1 0 0 0 1 1 1]
 Training accuracy at 15200 out of 20000 is 1.000(0.450),cost is 0.029(4.517)
[1 1 1 1 0 1 1 1 0 0 1 1 1 1 0 1 1 1 0 1 0 0 0 0 1 1 0 1 0 0 1 1 0 1 0 1 1
 1 1 1 0 0 1 1 1 1 1 1 0 1 0 1 1 1 1 0 0 1 0 1 1 0 1 1 1 0 1 1 1 1 1 0 1 0
 0 0 1 1 1 1 0 1 0 0 1 0 1 1 0 0 0 1 1 1 0 1 1 1 1 1]
 Training accuracy at 15300 out of 20000 is 1.000(0.440),cost is 0.028(4.463)
[1 1 1 1 0 1 1 1 0 0 0 1 1 1 0 1 0 0 0 1 0 0 0 0 1 0 0 1 0 0 1 0 0 1 0 0 1
 1 1 1 0 0 0 1 1 0 0 1 0 1 0 1 1 0 1 0 0 1 0 1 1 0 1 1 0 0 1 1 1 1 1 0 1 0
 0 1 1 1 1 1 0 1 0 0 1 0 1 1 0 0 0 1 0 1 0 0 1 1 1 1]
 Training accuracy at 15400 out of 20000 is 1.000(0.480),cost is 0.027(4.857)
[1 1 1 1 0 1 1 1 0 0 1 1 1 1 0 1 0 1 0 1 0 0 0 0 1 0 0 1 1 0 1 0 0 1 0 1 0
 1 1 0 0 0 0 1 1 0 1 1 0 1 0 1 1 0 1 0 0 1 0 1 0 0 1 1 1 0 0 1 1 1 1 0 1 0
 0 1 1 1 1 1 0 1 0 0 1 0 1 1 0 0 0 1 0 1 0 0 1 1 1 1]
 Training accuracy at 15500 out of 20000 is 1.000(0.500),cost is 0.026(4.386)
[1 1 1 1 1 1 1 1 1 1 1 1 1 1 0 1 1 1 0 1 1 1 0 0 1 1 0 1 1 1 1 1 0 1 0 1 1
 1 1 1 0 0 1 1 1 0 1 1 0 1 0 1 1 0 1 0 0 1 0 1 1 0 1 1 1 0 1 1 1 1 1 0 1 0
 0 1 1 1 1 1 0 1 0 0 1 0 1 1 0 0 0 1 0 1 1 0 1 1 1 1]
 Training accuracy at 15600 out of 20000 is 1.000(0.470),cost is 0.026(6.574)
[1 1 1 1 1 1 1 1 0 0 0 1 1 1 0 1 1 1 0 1 1 0 0 0 1 0 0 0 1 1 1 0 0 1 0 1 0
 1 1 1 0 0 1 1 1 0 1 1 0 1 0 1 1 1 1 0 0 1 0 1 1 0 1 1 1 0 1 1 1 1 1 0 1 0
 0 0 1 1 1 1 0 1 0 0 1 0 1 1 0 0 0 0 0 1 1 0 1 1 1 1]
 Training accuracy at 15700 out of 20000 is 1.000(0.460),cost is 0.027(4.873)
[0 1 1 1 0 1 1 1 0 0 0 1 1 1 0 0 0 1 0 1 0 0 0 0 1 0 0 1 0 1 1 0 0 1 0 1 0
 1 1 1 0 0 1 1 1 0 1 1 0 1 0 1 1 0 1 0 0 1 0 1 1 0 1 1 0 0 1 1 1 1 1 0 1 0
 0 0 1 1 1 1 0 1 0 0 1 0 1 1 0 0 0 1 0 1 1 0 0 1 0 1]
 Training accuracy at 15800 out of 20000 is 1.000(0.500),cost is 0.025(5.267)
[0 1 1 1 0 1 1 1 0 0 0 1 1 1 0 1 1 1 0 1 1 0 0 0 1 0 0 0 1 1 1 0 0 1 0 1 1
 1 1 1 0 0 0 1 1 0 1 1 0 1 0 1 1 0 1 0 0 1 0 1 1 0 1 1 0 0 1 1 1 1 1 0 1 0
 0 0 1 1 1 1 0 1 0 0 1 0 1 1 0 0 0 1 0 1 1 0 1 1 1 1]
 Training accuracy at 15900 out of 20000 is 1.000(0.510),cost is 0.026(5.563)
[1 1 1 1 0 1 1 1 0 0 0 1 1 1 0 1 1 1 0 1 1 0 0 0 1 0 0 0 1 1 1 0 0 1 0 1 1
 1 1 0 0 0 0 1 1 0 1 1 0 1 0 1 1 1 1 0 0 1 0 1 1 0 1 1 1 0 0 1 1 1 1 0 1 0
 0 1 1 1 1 1 0 1 0 0 1 0 1 1 0 0 0 0 0 1 1 1 1 1 1 1]
 Training accuracy at 16000 out of 20000 is 1.000(0.490),cost is 0.025(5.794)
[0 1 1 1 0 1 1 1 0 0 0 1 1 1 0 1 0 1 0 1 0 0 0 0 1 0 0 0 0 1 1 0 0 0 0 1 1
 1 1 1 0 0 1 1 1 0 1 1 0 1 0 1 1 0 1 0 0 1 0 1 1 0 1 1 0 0 1 1 1 1 1 0 1 0
 0 0 1 1 1 1 0 1 0 0 1 0 1 1 0 0 0 1 0 1 0 0 1 1 1 1]
 Training accuracy at 16100 out of 20000 is 1.000(0.490),cost is 0.029(4.661)
[0 1 1 1 0 1 1 1 0 0 0 1 1 1 0 0 0 1 0 1 1 0 0 0 1 1 0 0 0 1 1 0 0 1 0 1 1
 1 1 1 0 0 1 1 1 0 1 1 0 1 0 1 1 0 1 0 0 1 0 1 1 0 1 1 0 0 0 1 1 1 1 0 1 0
 0 0 1 1 1 1 0 1 0 0 1 0 1 1 0 0 0 1 0 1 1 0 1 1 1 1]
 Training accuracy at 16200 out of 20000 is 1.000(0.490),cost is 0.028(4.909)
[1 1 1 1 0 1 1 1 1 0 1 1 1 1 0 0 1 1 0 1 1 0 0 0 1 1 0 0 1 1 1 0 0 1 0 1 0
 1 1 1 0 0 1 1 1 0 1 1 0 1 0 1 1 1 1 0 0 1 0 1 1 0 1 1 1 0 1 0 1 1 1 0 1 0
 0 0 1 1 1 1 0 1 0 0 1 0 1 1 0 0 0 0 0 1 1 0 1 1 1 1]
 Training accuracy at 16300 out of 20000 is 1.000(0.460),cost is 0.027(5.429)
[1 1 1 1 0 1 1 1 1 0 0 1 1 1 0 0 1 1 0 1 1 0 0 0 1 1 0 0 1 1 1 1 0 1 0 1 1
 1 1 1 0 0 1 1 1 0 1 1 0 1 0 1 0 1 1 0 0 1 1 1 1 0 1 1 1 0 1 1 1 1 1 0 1 0
 0 0 1 1 1 1 0 1 0 0 1 0 1 1 0 0 0 0 0 1 1 0 0 1 1 1]
 Training accuracy at 16400 out of 20000 is 1.000(0.470),cost is 0.027(4.853)
[1 1 1 1 1 1 1 1 1 0 0 1 1 1 0 1 1 1 0 1 0 1 0 0 1 1 0 1 1 1 1 1 0 1 0 1 1
 1 1 1 0 0 1 1 1 0 1 1 0 1 0 1 1 0 1 0 0 1 1 1 1 1 1 1 0 0 1 1 1 1 1 0 1 0
 0 0 1 1 1 1 0 1 0 0 1 0 1 1 0 0 0 1 0 1 1 1 0 1 1 1]
 Training accuracy at 16500 out of 20000 is 1.000(0.460),cost is 0.026(5.793)
[1 1 1 1 0 1 1 1 1 0 1 1 1 1 0 1 1 1 0 1 0 0 0 1 1 1 0 1 1 1 1 1 0 1 0 1 1
 1 1 1 0 0 1 1 1 0 1 1 0 1 0 1 1 1 1 0 0 1 1 1 1 1 1 1 1 0 1 1 1 1 1 0 1 0
 0 0 1 1 1 1 0 1 0 0 1 0 1 1 0 0 0 0 0 1 1 1 1 1 1 1]
 Training accuracy at 16600 out of 20000 is 1.000(0.440),cost is 0.027(5.995)
[0 1 1 1 0 1 1 1 1 0 1 1 1 1 0 1 1 1 0 1 0 0 0 0 1 1 0 1 1 1 1 1 0 1 0 1 0
 1 1 1 0 0 1 1 1 0 1 1 1 1 0 1 0 0 1 0 0 1 1 1 1 0 1 1 0 0 0 1 1 1 1 0 1 0
 0 0 1 1 1 1 0 1 0 0 1 0 1 1 0 0 0 0 0 1 1 0 1 1 1 1]
 Training accuracy at 16700 out of 20000 is 1.000(0.460),cost is 0.026(4.769)
[1 1 1 1 0 1 1 1 1 0 1 1 1 1 0 0 1 1 0 1 0 0 0 0 1 1 0 1 1 1 1 1 0 1 0 1 1
 1 1 1 0 0 1 1 1 0 1 1 0 1 0 1 1 0 1 0 0 1 1 1 1 0 1 1 1 0 1 1 1 1 1 0 1 0
 0 0 1 1 1 1 0 1 0 0 1 0 1 1 0 0 0 1 1 1 1 1 1 1 1 1]
 Training accuracy at 16800 out of 20000 is 1.000(0.480),cost is 0.026(5.019)
[1 1 1 1 0 1 1 1 1 0 0 1 1 1 0 0 1 1 0 1 0 0 0 0 1 1 0 0 1 1 1 1 0 1 0 1 0
 1 1 1 0 0 1 1 1 0 1 1 0 1 0 1 0 1 1 0 0 1 1 1 1 1 1 1 0 0 0 0 1 1 1 0 1 0
 0 0 1 1 1 1 0 1 0 0 1 0 1 1 0 0 0 0 0 1 1 0 1 1 1 1]
 Training accuracy at 16900 out of 20000 is 1.000(0.460),cost is 0.030(5.002)
[1 1 1 1 0 1 1 1 0 0 0 1 1 1 0 0 1 1 0 1 0 0 0 0 1 1 0 1 0 1 1 1 0 1 0 0 1
 1 1 1 0 0 1 1 1 1 1 1 0 1 0 1 1 1 1 0 0 1 1 1 1 0 1 1 1 0 1 1 1 1 1 0 1 0
 0 0 1 1 1 1 0 1 0 0 1 0 1 1 0 0 0 0 0 1 1 1 0 1 1 1]
 Training accuracy at 17000 out of 20000 is 1.000(0.430),cost is 0.026(4.755)
[1 1 1 1 1 1 1 1 1 0 0 1 1 1 0 1 1 1 0 1 1 0 0 0 1 1 0 1 0 1 1 1 0 1 0 1 1
 1 1 1 0 0 1 1 1 1 1 1 0 1 0 1 1 1 1 0 0 1 1 1 1 0 1 1 1 0 1 1 1 1 1 0 1 0
 0 0 1 1 1 1 0 1 0 0 1 0 1 1 0 0 0 1 0 1 1 0 0 1 0 1]
 Training accuracy at 17100 out of 20000 is 1.000(0.450),cost is 0.027(4.929)
[1 1 1 1 0 1 1 1 1 0 0 1 1 1 0 1 1 1 0 1 0 0 0 0 1 0 0 0 1 1 1 1 0 1 0 1 1
 1 1 1 0 0 1 1 1 0 1 1 0 1 0 1 1 1 1 0 0 1 1 1 1 1 1 1 0 0 1 1 1 1 1 0 1 0
 0 0 1 1 1 1 0 1 0 0 1 0 1 1 0 0 0 1 0 1 1 0 0 1 1 1]
 Training accuracy at 17200 out of 20000 is 1.000(0.460),cost is 0.028(5.440)
[1 1 1 1 0 1 1 1 1 0 0 1 1 1 0 0 1 1 0 1 0 0 0 0 1 1 0 0 1 1 1 1 0 1 0 1 1
 1 1 1 0 0 1 1 1 0 1 1 0 1 0 1 1 1 1 0 0 1 1 1 1 0 1 1 0 0 1 1 1 1 1 0 1 0
 0 0 1 1 1 1 0 1 0 0 1 0 1 1 0 0 0 1 0 1 1 1 1 1 1 1]
 Training accuracy at 17300 out of 20000 is 1.000(0.490),cost is 0.025(4.827)
[1 1 1 1 0 1 1 1 1 0 1 1 1 1 0 1 1 1 0 1 0 0 0 0 1 1 0 1 1 1 1 1 0 1 0 0 1
 1 1 1 0 0 1 1 1 0 1 1 0 1 0 1 1 1 1 0 0 1 1 1 1 1 1 1 0 0 1 1 1 1 1 0 1 0
 0 1 1 1 1 1 0 1 0 0 1 0 1 1 0 0 0 1 1 1 1 1 1 1 0 1]
 Training accuracy at 17400 out of 20000 is 1.000(0.470),cost is 0.026(4.922)
[1 0 1 1 0 1 0 0 0 0 0 1 1 1 0 0 0 1 0 1 0 0 0 0 1 0 0 0 0 0 1 0 0 1 0 0 0
 1 1 0 0 0 0 1 1 0 0 1 0 0 0 0 0 0 0 0 0 1 0 1 1 0 1 1 0 0 0 1 1 1 1 0 1 0
 0 0 1 1 1 1 0 1 0 0 1 0 1 1 0 0 0 0 0 1 0 1 0 1 0 1]
 Training accuracy at 17500 out of 20000 is 1.000(0.540),cost is 0.029(4.764)
[0 1 1 1 0 1 1 1 0 0 0 1 1 1 0 0 0 1 0 1 0 0 0 0 0 0 0 0 1 0 1 0 0 0 0 1 0
 1 1 0 0 0 0 1 1 0 1 1 0 0 0 1 0 1 1 0 0 1 0 1 1 0 1 1 0 0 0 0 1 1 1 0 1 0
 0 1 1 1 1 1 0 1 0 0 1 0 1 1 0 0 0 1 0 1 1 1 1 1 1 1]
 Training accuracy at 17600 out of 20000 is 1.000(0.580),cost is 0.028(3.631)
[1 1 1 1 0 1 1 1 1 0 1 1 1 1 0 1 0 1 0 1 1 0 0 0 1 0 0 0 1 1 1 0 0 1 0 1 1
 1 1 0 0 0 1 1 1 0 1 1 0 1 0 1 1 1 1 0 0 1 1 1 1 1 1 1 0 0 0 1 1 1 1 0 1 0
 0 1 1 1 1 1 0 1 0 0 1 0 1 1 0 0 0 1 0 1 1 1 1 1 1 1]
 Training accuracy at 17700 out of 20000 is 1.000(0.510),cost is 0.026(4.932)
[1 1 1 1 0 1 1 1 0 0 0 1 1 1 0 0 0 1 0 1 0 0 0 0 1 0 0 0 0 0 1 0 0 1 0 1 0
 1 1 0 0 0 1 1 1 0 1 1 0 1 0 1 1 1 1 0 0 1 1 1 1 0 1 1 0 0 0 1 1 1 1 0 1 0
 0 0 1 1 1 1 0 1 0 0 1 0 1 1 0 0 0 1 0 1 1 0 1 1 1 1]
 Training accuracy at 17800 out of 20000 is 1.000(0.510),cost is 0.026(4.307)
[1 1 1 1 0 1 1 1 0 0 0 1 1 1 0 0 0 0 0 1 0 0 0 0 1 0 0 0 0 0 1 0 0 1 0 0 0
 1 1 0 0 0 0 1 1 0 1 1 0 0 0 1 0 1 1 0 0 1 0 1 1 0 1 1 0 0 1 1 1 1 1 0 1 0
 0 0 1 1 1 1 0 1 0 0 1 0 1 1 0 0 0 1 0 1 1 0 0 1 1 1]
 Training accuracy at 17900 out of 20000 is 1.000(0.510),cost is 0.026(4.277)
[1 1 1 1 0 1 1 1 0 0 0 1 1 1 0 1 0 1 0 1 0 0 0 0 1 0 0 0 1 0 1 0 0 1 0 0 1
 1 1 0 0 0 1 1 1 0 1 1 0 1 0 1 1 1 1 0 0 1 1 1 1 0 1 1 0 0 1 1 1 1 1 0 1 0
 0 1 1 1 1 1 0 1 0 0 1 0 1 1 0 0 0 1 0 1 1 0 1 1 1 1]
 Training accuracy at 18000 out of 20000 is 1.000(0.510),cost is 0.026(4.549)
[1 1 1 1 0 1 1 1 0 0 0 1 1 1 0 0 0 1 0 1 0 0 0 0 1 0 0 1 0 0 1 1 0 1 0 0 1
 1 1 1 0 0 1 1 1 0 1 1 1 1 0 1 1 1 1 0 0 1 1 1 1 0 1 1 0 0 1 1 1 1 1 0 1 0
 1 1 1 1 1 1 0 1 0 0 1 1 1 1 0 0 0 1 0 1 1 0 1 1 1 1]
 Training accuracy at 18100 out of 20000 is 1.000(0.490),cost is 0.025(4.909)
[1 1 1 1 0 1 1 1 0 0 0 1 1 1 0 1 0 1 0 1 0 0 0 0 1 0 0 1 0 0 1 0 0 1 0 0 1
 1 1 0 0 0 1 1 1 0 1 1 0 0 0 1 1 0 1 0 0 1 1 1 1 0 1 1 0 0 0 1 1 1 1 0 1 0
 0 1 1 1 1 1 0 1 0 0 1 1 1 1 0 0 0 1 0 1 1 1 1 1 1 1]
 Training accuracy at 18200 out of 20000 is 1.000(0.520),cost is 0.027(4.536)
[1 1 1 1 0 1 1 1 1 0 0 1 1 1 0 1 1 1 0 1 0 1 0 0 1 1 0 1 1 0 1 1 0 1 0 1 1
 1 1 1 0 0 1 1 1 0 1 1 0 1 0 1 1 1 1 0 0 1 1 1 1 1 1 1 1 0 1 1 1 1 1 0 1 0
 1 1 1 1 1 1 0 1 0 0 1 0 1 1 0 0 0 0 0 1 1 1 1 1 1 1]
 Training accuracy at 18300 out of 20000 is 1.000(0.480),cost is 0.026(5.228)
[1 1 1 1 0 1 1 1 1 0 0 1 1 1 0 1 1 1 0 1 1 1 0 0 1 1 0 1 1 1 1 1 0 1 0 1 1
 1 1 1 0 0 1 1 1 0 1 1 0 1 0 1 1 1 1 0 0 1 1 1 1 0 1 1 0 0 1 1 1 1 1 0 1 0
 0 0 1 1 1 1 0 1 0 0 1 0 1 1 0 0 0 1 0 1 1 0 1 1 1 1]
 Training accuracy at 18400 out of 20000 is 1.000(0.480),cost is 0.026(5.480)
[0 1 1 1 0 1 1 1 1 0 0 1 1 1 0 1 0 1 0 1 0 1 0 0 1 0 0 1 1 1 1 1 0 1 0 1 1
 1 1 1 0 0 1 1 1 0 1 1 0 1 0 1 1 1 1 0 0 1 1 1 1 1 1 1 0 0 0 1 1 1 1 0 1 0
 0 0 1 1 1 1 0 1 0 0 1 0 1 1 0 0 0 1 0 1 1 0 1 1 1 1]
 Training accuracy at 18500 out of 20000 is 1.000(0.480),cost is 0.026(5.303)
[0 1 1 1 0 1 1 1 1 0 0 1 1 1 0 0 0 1 0 1 1 0 0 0 1 0 0 1 1 1 1 1 0 1 0 1 0
 1 1 1 0 0 1 1 1 0 1 1 0 1 0 1 1 1 1 0 0 1 1 1 1 1 1 1 1 0 0 0 1 1 1 0 1 0
 0 0 1 1 1 1 0 1 0 0 1 0 1 1 0 0 0 0 0 1 1 0 0 1 1 1]
 Training accuracy at 18600 out of 20000 is 1.000(0.460),cost is 0.031(5.013)
[1 1 1 1 0 1 1 1 1 0 0 1 1 1 0 1 1 1 0 1 1 0 0 0 1 1 0 0 0 1 1 1 0 1 0 1 1
 1 1 1 0 0 1 1 1 0 1 1 0 1 0 1 1 1 1 0 0 1 1 1 1 1 1 1 0 0 0 1 1 1 1 0 1 0
 0 0 1 1 1 1 0 1 0 0 1 0 1 1 0 0 0 1 0 1 1 0 0 1 1 1]
 Training accuracy at 18700 out of 20000 is 1.000(0.440),cost is 0.029(4.929)
[1 1 1 1 0 1 1 1 1 0 0 1 1 1 0 1 0 1 0 1 1 0 0 0 1 1 0 0 0 1 1 1 0 1 0 1 0
 1 1 1 0 0 1 1 1 0 1 1 0 1 0 1 1 1 1 0 0 1 1 1 1 1 1 1 1 0 0 1 1 1 1 0 1 0
 1 0 1 1 1 1 0 1 0 0 1 1 1 1 0 0 0 1 0 1 1 0 0 1 1 1]
 Training accuracy at 18800 out of 20000 is 1.000(0.470),cost is 0.027(5.315)
[1 1 1 1 0 1 1 1 1 0 1 1 1 1 0 1 0 1 0 1 1 0 0 0 1 1 0 1 0 1 1 1 0 1 0 1 1
 1 1 1 0 0 1 1 1 0 1 1 0 1 0 1 1 0 1 0 0 1 1 1 1 1 1 1 0 0 1 1 1 1 1 0 1 0
 0 0 1 1 1 1 0 1 0 0 1 1 1 1 0 0 0 1 1 1 1 0 1 1 1 1]
 Training accuracy at 18900 out of 20000 is 1.000(0.480),cost is 0.027(4.820)
[1 1 1 1 0 1 1 1 1 0 0 1 1 1 0 1 0 1 0 1 1 0 0 0 1 1 0 0 1 1 1 0 0 0 0 1 0
 1 1 0 0 0 1 1 1 0 1 1 0 1 0 1 1 0 1 0 0 1 1 1 1 1 1 1 1 0 0 1 1 1 1 0 1 0
 0 0 1 1 1 1 0 1 0 0 1 0 1 1 0 0 0 1 0 1 0 0 1 1 1 1]
 Training accuracy at 19000 out of 20000 is 1.000(0.500),cost is 0.029(5.161)
[0 1 1 1 0 1 1 1 1 0 0 1 1 1 0 0 0 1 0 1 0 0 0 0 0 0 0 1 0 0 1 0 0 0 0 1 0
 1 1 0 0 0 1 1 1 0 1 1 0 1 0 1 1 1 1 0 0 1 1 1 1 0 1 1 1 0 0 0 1 1 1 0 1 0
 0 0 1 1 1 1 0 1 0 0 1 0 1 1 0 0 0 1 0 1 1 0 0 1 1 1]
 Training accuracy at 19100 out of 20000 is 1.000(0.510),cost is 0.026(4.490)
[1 1 1 1 0 1 1 1 1 0 0 1 1 1 0 1 1 1 0 1 1 0 0 0 1 1 0 1 1 1 1 1 0 1 0 1 1
 1 1 0 0 0 1 1 1 0 1 1 0 1 0 1 1 0 1 0 0 1 1 1 1 1 1 1 1 0 1 1 1 1 1 0 1 0
 0 1 1 1 1 1 0 1 0 0 1 0 1 1 0 0 0 1 0 1 1 0 0 1 1 1]
 Training accuracy at 19200 out of 20000 is 1.000(0.470),cost is 0.027(5.432)
[0 1 1 1 0 1 1 1 1 0 0 1 1 1 0 1 0 1 0 1 0 0 0 0 1 1 0 0 0 1 1 0 0 1 0 1 0
 1 1 0 0 0 0 1 1 0 1 1 0 0 0 1 1 0 1 0 0 1 1 1 1 0 1 1 0 0 0 0 1 1 1 0 1 0
 0 0 1 1 0 1 0 1 0 0 1 0 1 1 0 0 0 1 0 1 1 0 0 1 1 1]
 Training accuracy at 19300 out of 20000 is 1.000(0.520),cost is 0.027(4.977)
[1 1 1 1 0 1 1 1 1 0 0 1 1 1 0 0 0 1 0 1 0 0 0 0 1 0 0 0 0 1 1 0 0 1 0 1 0
 1 1 0 0 0 0 1 1 0 1 1 0 0 0 1 1 1 1 0 0 1 1 1 1 1 1 1 0 0 0 0 1 1 1 0 1 0
 0 0 1 1 1 1 0 1 0 0 1 0 1 1 0 0 0 1 0 1 1 0 0 1 1 1]
 Training accuracy at 19400 out of 20000 is 1.000(0.500),cost is 0.027(4.661)
[1 1 1 1 0 1 1 1 0 0 0 1 1 1 0 0 0 1 0 1 0 0 0 0 0 1 0 1 0 1 1 0 0 0 0 0 0
 1 1 0 0 0 0 1 1 0 0 1 0 1 0 1 1 1 1 0 0 1 1 1 0 0 1 1 1 0 0 1 1 1 1 0 1 0
 1 0 1 1 1 1 0 1 0 0 1 0 1 1 0 0 0 1 0 1 1 0 0 1 1 1]
 Training accuracy at 19500 out of 20000 is 1.000(0.510),cost is 0.031(4.868)
[1 1 1 1 0 1 1 1 1 0 0 1 1 1 0 0 0 1 0 1 1 0 0 0 0 0 0 0 0 1 1 1 0 1 0 1 0
 1 1 1 0 0 1 1 1 0 1 1 0 1 0 1 1 1 1 0 0 1 1 1 1 1 1 1 1 0 0 0 1 1 1 0 1 0
 0 0 1 1 1 1 0 1 0 0 1 0 1 1 0 0 0 0 0 1 1 0 0 1 1 1]
 Training accuracy at 19600 out of 20000 is 1.000(0.460),cost is 0.030(4.794)
[1 1 1 1 0 1 1 1 1 0 0 1 1 1 0 1 0 1 0 1 1 0 0 0 1 1 0 1 1 1 1 1 0 1 0 1 1
 1 1 1 0 0 1 1 1 0 1 1 0 1 0 1 1 1 1 0 0 1 1 1 1 1 1 1 1 0 0 1 1 1 1 0 1 0
 0 1 1 1 1 1 0 1 0 0 1 0 1 1 0 0 0 1 1 1 1 0 1 1 1 1]
 Training accuracy at 19700 out of 20000 is 1.000(0.470),cost is 0.026(5.972)
[1 1 1 1 1 1 1 1 1 0 0 1 1 1 0 1 1 1 0 1 1 1 0 0 1 1 0 1 1 1 1 1 0 1 0 1 1
 1 1 1 0 0 1 1 1 0 1 1 0 1 1 1 1 1 1 0 0 1 1 1 1 1 1 1 1 0 1 1 1 1 1 0 1 0
 0 1 1 1 1 1 0 1 0 0 1 1 1 1 0 0 0 1 1 1 1 0 1 1 1 1]
 Training accuracy at 19800 out of 20000 is 1.000(0.490),cost is 0.029(7.140)
[1 1 1 1 1 1 1 1 1 0 0 1 1 1 0 1 1 1 0 1 1 1 0 0 1 1 0 1 1 1 1 1 0 1 0 1 1
 1 1 1 0 0 1 1 1 0 1 1 0 1 0 1 1 1 1 0 0 1 1 1 1 1 1 1 0 0 0 0 1 1 1 0 1 0
 1 1 1 1 1 1 0 1 0 0 1 0 1 1 0 0 0 1 0 1 1 0 0 1 1 1]
 Training accuracy at 19900 out of 20000 is 1.000(0.450),cost is 0.027(6.362)
pred real
2    1
2    2
2    2
2    2
2    1
2    2
2    2
2    1
2    2
1    2
2    1
2    1
2    1
2    2
1    2
2    1
2    1
2    2
1    1
2    1
2    2
2    2
1    2
2    2
2    1
2    1
1    1
2    1
2    2
2    1
2    1
2    1
1    1
2    1
1    2
2    2
2    1
2    1
2    1
2    1
1    1
1    2
2    1
2    1
2    2
1    2
2    1
2    2
1    1
2    1
1    2
2    1
2    1
2    1
2    1
1    1
1    2
2    2
2    2
2    2
2    1
2    1
2    1
2    1
1    1
1    1
2    2
2    2
2    2
2    2
2    1
1    1
2    1
1    2
1    2
2    2
2    1
2    2
2    1
2    1
1    1
2    2
1    1
1    2
2    2
1    2
2    2
2    2
1    1
1    2
1    1
2    2
2    2
2    2
2    2
1    2
2    2
2    2
2    1
2    2
time:0 The accuracy on the test data is 0.480, before training was 0.570
0.48
