Traceback (most recent call last):
  File "tsc_mainR.py", line 13, in <module>
    X_train,X_test,y_train,y_test = load_data()
  File "/home/longxj/test/20170814pircedif_2012/3_128/tsc_model.py", line 39, in load_data
    data = read_form_csv()
  File "/home/longxj/test/20170814pircedif_2012/3_128/tsc_model.py", line 16, in read_form_csv
    f=open('000001SZ2012.csv')
FileNotFoundError: [Errno 2] No such file or directory: '000001SZ2012.csv'
Train 1155 samples in approximately 2597 epochs
Finished computation graph
[0 0 0 0 0 0 0 0 0 0 0 0 0 0 0 0 0 0 0 0 0 0 0 0 0 0 0 0 0 0 0 0 0 0 0 0 0
 0 0 0 0 0 0 0 0 0 0 0 0 0 0 0 0 0 0 0 0 0 0 0 0 0 0 0 0 0 0 0 0 0 0 0 0 0
 0 0 0 0 0 0 0 0 0 0 0 0 0 0 0 0 0 0 0 0 0 0 0 0 0 0]
At     1/30000: COST 0.745/1.005(0.698) -- Acc 0.550/0.510(0.010)
[1 1 1 0 1 1 0 1 1 1 1 1 0 0 1 1 1 1 0 1 1 1 1 1 0 0 1 0 0 1 1 0 1 1 0 1 0
 1 1 1 0 0 1 0 1 0 0 1 1 1 0 1 0 1 1 1 1 0 1 0 1 1 1 1 1 1 1 1 0 0 1 1 1 1
 1 1 1 1 1 1 1 1 0 1 1 1 1 1 1 0 1 1 1 1 1 1 1 1 0 1]
At   101/30000: COST 0.685/0.710(0.702) -- Acc 0.540/0.530(0.333)
[1 0 0 1 1 0 0 1 1 0 1 1 1 1 1 1 1 0 0 0 1 1 0 1 1 1 1 1 0 1 1 1 0 0 1 0 1
 1 0 1 0 1 1 0 0 1 1 0 0 1 0 1 1 0 0 0 0 1 1 1 1 1 0 0 0 0 0 1 1 0 1 1 0 1
 1 0 0 1 0 0 1 0 1 1 1 0 0 1 1 0 1 0 0 0 1 1 1 1 0 1]
At   201/30000: COST 0.678/0.711(0.686) -- Acc 0.590/0.540(0.484)
[0 0 1 1 1 0 1 1 0 1 1 0 0 0 1 0 1 0 1 1 1 1 0 1 1 0 1 1 1 1 0 1 0 0 0 0 1
 1 0 0 1 1 0 1 0 0 1 0 0 1 1 0 1 0 1 1 1 1 1 1 1 1 0 0 1 1 1 0 0 0 0 0 1 0
 1 1 0 1 0 0 0 0 1 1 0 1 1 1 0 1 1 1 1 0 0 0 1 0 1 0]
At   301/30000: COST 0.564/0.786(0.649) -- Acc 0.690/0.520(0.588)
[0 1 1 1 0 1 1 0 0 0 1 1 1 1 0 1 1 0 1 0 1 0 1 0 1 1 0 1 0 0 1 0 0 1 1 0 0
 1 0 1 0 0 1 0 0 1 0 1 0 0 1 0 0 1 0 0 0 1 0 1 0 1 0 0 0 1 0 1 0 1 1 1 0 0
 0 0 0 1 1 0 1 1 1 1 1 0 1 1 1 0 1 0 0 1 0 1 1 1 1 1]
At   401/30000: COST 0.491/1.068(0.579) -- Acc 0.760/0.530(0.681)
[0 1 1 0 0 0 1 0 0 1 1 0 1 1 0 1 1 0 1 1 0 1 0 0 1 1 0 0 0 0 0 0 0 1 0 1 1
 0 0 1 1 1 1 1 1 0 1 0 1 1 0 1 1 1 0 1 1 0 0 1 1 1 1 0 0 0 0 1 1 1 1 0 0 1
 0 1 1 0 1 0 1 1 1 1 0 0 1 0 1 0 1 1 1 1 0 0 0 1 0 0]
At   501/30000: COST 0.416/1.315(0.480) -- Acc 0.810/0.510(0.763)
[0 1 1 1 0 0 0 1 1 0 0 1 1 1 0 0 1 1 1 1 1 0 0 0 0 1 1 0 1 0 1 1 0 0 0 0 1
 1 1 1 1 1 0 0 1 1 0 1 0 0 0 0 1 1 1 1 1 0 1 1 0 1 1 0 1 1 0 0 0 0 0 0 0 1
 1 0 1 1 1 1 0 0 1 1 0 0 1 1 1 1 1 1 0 1 0 0 0 0 1 1]
At   601/30000: COST 0.277/1.753(0.361) -- Acc 0.890/0.480(0.839)
[0 0 0 1 1 1 1 1 0 0 1 0 1 1 0 1 1 1 1 1 0 0 0 1 1 1 1 0 0 0 1 1 0 1 1 1 0
 1 1 1 0 0 0 0 1 1 1 1 0 0 0 1 1 1 0 1 0 0 1 1 1 1 1 0 0 0 0 1 0 0 0 1 1 1
 0 1 1 1 0 1 0 1 1 1 0 0 1 1 0 1 1 0 0 0 1 0 0 1 0 1]
At   701/30000: COST 0.243/1.782(0.277) -- Acc 0.890/0.450(0.886)
[1 0 1 1 1 1 0 1 1 0 1 1 0 0 0 1 1 1 0 1 1 1 1 1 0 1 1 1 0 0 1 1 0 1 0 0 1
 1 0 0 1 1 1 1 0 0 0 0 0 0 0 1 0 1 0 1 0 0 1 1 0 0 1 0 0 1 1 0 1 1 1 0 1 0
 1 0 0 1 1 0 1 1 1 1 0 0 1 0 1 0 0 0 0 1 1 1 0 0 1 0]
At   801/30000: COST 0.189/1.772(0.224) -- Acc 0.950/0.550(0.913)
[0 1 0 1 1 1 0 0 0 0 0 0 1 0 1 1 1 0 0 0 1 1 1 1 1 0 1 1 0 1 0 0 1 1 1 1 1
 1 0 1 1 1 0 0 0 1 0 0 0 0 1 1 1 0 1 1 1 1 1 0 1 1 1 0 1 1 0 1 1 0 1 1 1 1
 1 0 1 0 1 1 1 0 1 0 1 1 0 0 1 1 1 0 0 0 1 1 0 0 0 0]
At   901/30000: COST 0.207/2.234(0.156) -- Acc 0.930/0.550(0.941)
[1 1 0 1 1 1 1 0 0 1 1 1 1 0 1 0 1 0 1 1 0 0 0 1 1 1 1 0 1 1 1 1 0 0 1 1 1
 0 1 0 0 1 1 0 1 0 1 1 1 0 1 1 1 0 0 0 0 0 1 1 1 1 0 1 0 1 0 0 1 1 1 1 1 0
 1 1 1 0 1 0 1 0 1 1 1 1 0 0 0 0 1 0 0 0 0 0 0 0 1 0]
At  1001/30000: COST 0.089/2.597(0.116) -- Acc 0.980/0.460(0.958)
[0 1 0 0 1 0 1 1 1 0 1 1 1 1 1 0 1 1 0 1 1 1 1 1 0 1 1 0 0 0 0 0 1 0 0 1 0
 0 0 1 1 1 0 0 1 0 0 1 1 0 1 1 0 0 1 1 1 1 0 0 1 0 0 0 0 0 1 0 0 1 1 0 1 1
 1 1 1 1 1 0 1 1 0 0 0 0 0 1 1 0 0 1 1 0 0 1 1 1 1 1]
At  1101/30000: COST 0.139/2.391(0.118) -- Acc 0.950/0.520(0.958)
[0 1 1 0 1 1 1 0 0 0 0 0 1 1 1 0 1 0 0 0 1 0 0 0 1 0 0 0 1 0 1 1 1 1 1 1 1
 1 1 1 0 0 0 0 0 0 1 0 0 0 1 0 0 1 0 1 1 0 1 0 0 1 1 0 0 0 0 0 1 0 0 0 0 1
 0 0 0 1 0 0 0 1 0 0 1 1 1 1 0 1 0 1 0 0 1 1 1 0 1 1]
At  1201/30000: COST 0.127/2.087(0.125) -- Acc 0.980/0.520(0.956)
[1 0 1 1 0 1 0 1 1 1 1 1 0 1 1 0 1 1 1 0 1 1 1 0 0 0 0 1 1 1 1 1 0 1 0 1 0
 0 0 1 0 0 0 0 1 0 1 0 0 1 0 0 1 1 0 1 1 0 1 0 0 1 0 1 1 1 1 0 1 0 0 0 0 0
 0 0 0 1 1 1 1 1 1 1 1 1 1 1 1 0 0 0 1 0 0 0 0 1 1 1]
At  1301/30000: COST 0.229/2.688(0.095) -- Acc 0.930/0.500(0.967)
[0 1 0 0 0 0 0 0 1 0 0 1 0 1 1 0 1 1 0 0 1 1 1 0 0 0 1 1 1 1 0 0 1 0 0 1 1
 1 1 0 0 1 1 0 1 0 1 1 0 0 0 1 0 1 1 0 1 1 1 1 1 1 1 1 0 0 1 0 1 1 1 0 1 1
 1 1 1 0 1 1 1 1 0 1 0 0 0 0 1 1 1 1 1 1 1 0 0 1 1 1]
At  1401/30000: COST 0.015/2.834(0.076) -- Acc 1.000/0.540(0.973)
[1 1 0 0 1 0 1 1 0 0 0 0 1 0 1 0 1 1 1 1 1 1 0 1 0 1 0 1 0 0 0 1 0 1 0 0 0
 0 1 1 0 0 1 0 0 1 0 1 1 0 1 1 1 1 0 1 0 0 0 0 1 1 1 1 1 1 1 0 1 1 1 0 1 0
 0 0 0 0 0 0 0 0 1 0 0 0 0 0 0 1 0 0 1 0 0 1 1 0 1 1]
At  1501/30000: COST 0.145/2.788(0.069) -- Acc 0.950/0.520(0.977)
[1 0 0 0 0 0 0 0 0 0 1 1 0 0 0 0 1 1 1 0 1 1 1 0 1 1 1 1 0 0 0 1 0 0 1 1 0
 1 0 0 1 0 0 0 0 1 1 0 1 1 1 1 1 0 1 0 1 1 1 1 1 0 0 0 1 1 0 0 1 1 1 1 1 0
 0 1 1 1 0 0 1 1 0 0 1 0 1 0 1 1 0 1 1 1 1 0 1 0 0 0]
At  1601/30000: COST 0.072/2.337(0.072) -- Acc 0.970/0.530(0.977)
[0 0 1 1 1 0 1 1 0 1 1 0 1 1 1 0 0 1 0 1 1 1 0 1 1 0 1 1 1 1 1 1 1 0 0 1 1
 0 1 0 0 1 1 1 1 1 1 1 0 0 1 0 1 0 1 0 1 1 1 0 0 1 1 1 0 1 0 0 0 0 0 0 0 1
 1 0 0 1 0 1 1 0 1 0 0 1 0 1 1 0 0 0 1 0 1 1 1 0 1 0]
At  1701/30000: COST 0.013/3.052(0.067) -- Acc 1.000/0.460(0.979)
[0 1 0 0 1 0 1 0 0 1 1 1 0 1 0 1 0 0 1 0 1 0 0 1 1 0 1 1 0 1 1 1 0 1 0 0 0
 0 1 1 0 0 0 0 0 1 0 0 1 1 1 1 0 1 0 0 0 1 0 1 1 1 1 1 1 1 1 1 0 0 0 1 1 0
 1 1 1 0 0 1 1 0 1 1 0 0 0 1 1 1 0 0 0 0 1 1 1 1 0 0]
At  1801/30000: COST 0.088/2.475(0.086) -- Acc 0.980/0.430(0.972)
[1 0 0 0 0 0 1 0 0 0 1 1 0 0 1 1 1 0 0 1 1 1 1 1 0 1 1 0 1 1 1 1 1 1 1 0 0
 1 0 1 0 1 1 1 1 1 0 0 1 1 0 0 1 0 0 0 0 1 1 1 1 0 0 0 1 1 0 1 0 1 1 0 0 0
 0 1 0 1 0 0 1 1 0 1 0 1 1 1 0 0 1 1 1 1 0 0 0 1 1 0]
At  1901/30000: COST 0.052/2.978(0.072) -- Acc 0.980/0.410(0.977)
[1 1 1 0 1 1 0 0 1 1 1 1 0 0 0 1 1 0 0 1 0 1 1 1 0 1 1 0 0 1 0 0 1 0 1 0 1
 0 0 1 0 1 1 1 1 1 1 0 0 1 1 1 0 0 1 1 1 1 0 0 0 0 1 1 1 1 1 1 1 1 0 0 0 1
 1 1 1 1 0 1 1 0 0 1 1 1 1 0 0 1 0 0 0 0 0 0 0 0 1 1]
At  2001/30000: COST 0.071/2.937(0.066) -- Acc 0.960/0.480(0.977)
[1 0 0 1 1 0 0 1 1 1 1 0 0 0 0 1 1 0 0 0 0 1 1 1 1 1 1 0 1 0 1 0 1 0 0 0 0
 1 1 0 1 1 0 0 1 0 0 1 1 1 0 0 1 0 1 0 1 0 1 0 0 0 1 1 0 0 0 1 0 0 1 0 0 1
 1 1 1 0 1 1 1 1 1 1 1 1 0 1 1 1 1 1 1 1 0 1 1 0 0 1]
At  2101/30000: COST 0.042/3.259(0.044) -- Acc 0.960/0.530(0.985)
[0 1 1 1 0 1 1 0 1 1 0 1 1 1 0 1 1 1 1 0 0 1 1 1 0 0 1 0 1 0 0 1 1 1 0 0 1
 1 1 1 1 1 1 0 0 0 1 1 1 1 1 1 1 1 1 0 1 0 1 1 0 1 0 0 1 0 1 1 1 1 1 1 0 1
 0 0 0 1 0 0 0 0 0 1 0 1 1 1 1 0 0 0 0 0 0 0 1 1 0 0]
At  2201/30000: COST 0.048/2.673(0.044) -- Acc 0.980/0.490(0.986)
[1 1 0 1 1 0 0 0 0 0 0 1 0 1 0 0 1 1 1 0 0 1 1 0 1 1 1 1 1 1 0 1 0 1 1 0 1
 0 1 0 0 0 0 0 0 1 1 1 0 1 1 0 0 1 1 1 1 0 0 1 1 0 0 0 0 0 0 1 0 1 1 1 0 0
 1 1 1 1 1 0 0 1 1 0 0 1 0 1 1 1 0 1 0 1 0 0 0 1 1 0]
At  2301/30000: COST 0.093/3.067(0.052) -- Acc 0.970/0.430(0.983)
[1 1 0 0 0 0 1 1 1 0 1 0 1 0 1 0 1 0 0 0 0 0 0 1 1 1 1 1 1 0 0 1 0 1 1 1 0
 1 1 1 0 0 0 1 1 0 0 0 0 1 0 0 1 1 1 1 0 1 1 1 1 0 0 1 1 0 1 1 1 0 1 0 1 0
 1 0 0 1 1 0 1 1 1 1 0 1 0 1 1 1 0 0 0 0 1 1 1 1 1 0]
At  2401/30000: COST 0.074/3.163(0.047) -- Acc 0.990/0.530(0.986)
[1 1 1 1 0 0 0 1 0 0 1 0 1 0 0 1 1 1 1 0 1 1 0 1 0 1 0 1 1 1 0 0 1 1 0 0 0
 0 0 0 1 0 0 0 1 1 0 0 0 1 0 0 1 1 1 1 1 1 0 0 1 1 1 0 0 0 1 1 1 1 0 1 1 0
 1 1 1 0 1 0 1 1 1 0 0 0 1 0 0 1 0 0 0 0 1 0 0 1 0 0]
At  2501/30000: COST 0.016/2.890(0.048) -- Acc 1.000/0.490(0.985)
[1 1 0 1 1 1 0 1 0 0 1 1 1 1 0 1 0 0 1 0 1 0 1 1 1 1 1 1 1 1 0 0 1 1 0 0 0
 0 1 1 0 0 1 0 1 0 0 0 1 0 1 0 0 1 1 0 1 1 0 0 0 1 0 0 1 1 0 1 0 0 1 0 0 1
 1 0 1 0 1 1 0 1 0 1 1 1 1 0 0 0 0 0 1 1 1 0 1 0 0 1]
At  2601/30000: COST 0.160/3.299(0.052) -- Acc 0.980/0.440(0.984)
[1 1 0 1 0 1 0 1 1 1 1 1 1 0 1 0 1 1 0 0 0 0 1 0 0 0 0 0 0 0 0 0 1 0 1 1 1
 0 0 1 0 0 1 0 1 0 1 0 0 1 1 0 0 0 1 1 0 1 0 1 0 0 0 0 0 1 0 1 0 0 1 0 1 1
 1 0 0 1 0 1 1 0 1 0 1 0 0 0 1 0 1 0 0 1 1 1 0 1 0 0]
At  2701/30000: COST 0.010/3.322(0.043) -- Acc 1.000/0.420(0.987)
[1 0 1 0 1 1 1 1 1 1 1 1 0 1 1 1 0 1 1 1 1 0 0 0 0 1 0 0 0 1 0 1 0 1 1 1 0
 1 0 0 0 1 0 0 1 0 0 0 1 0 0 1 1 1 0 0 0 0 0 1 0 0 1 0 1 0 0 0 1 1 1 1 1 1
 0 1 0 1 0 1 0 1 0 0 0 0 1 1 0 1 0 1 1 1 0 1 0 0 0 0]
At  2801/30000: COST 0.040/3.262(0.037) -- Acc 0.990/0.490(0.989)
[0 0 1 0 0 0 0 0 1 0 1 0 1 0 0 1 1 0 0 0 0 0 0 0 1 1 0 1 1 1 1 1 1 1 0 0 0
 1 0 1 0 0 0 0 0 1 0 0 0 0 1 0 1 1 1 1 0 0 0 1 1 1 1 1 1 0 1 0 1 0 0 0 1 1
 0 0 0 1 0 0 0 1 1 1 0 1 0 1 0 1 0 0 1 0 0 1 0 0 0 1]
At  2901/30000: COST 0.020/3.644(0.032) -- Acc 0.990/0.440(0.989)
[1 1 0 0 0 0 0 1 0 0 0 1 0 0 1 0 0 1 1 1 1 1 0 0 1 1 0 1 1 0 0 1 0 0 1 1 1
 1 0 1 0 1 0 1 0 0 1 0 0 0 1 1 1 0 0 0 1 0 1 0 1 1 0 0 1 1 1 0 1 1 0 0 1 0
 1 1 1 0 0 1 1 1 1 1 1 1 1 1 1 1 1 0 0 0 1 1 0 0 0 0]
At  3001/30000: COST 0.167/2.918(0.048) -- Acc 0.940/0.480(0.984)
[1 0 0 1 0 1 1 1 0 1 0 1 0 1 1 1 0 0 1 1 0 1 0 0 0 1 1 0 1 0 1 0 1 1 1 0 1
 1 0 1 1 0 1 1 1 0 1 0 0 0 0 1 0 0 1 0 0 0 1 0 0 1 1 1 0 0 1 1 1 0 1 0 1 1
 1 0 0 1 1 1 1 0 1 1 1 1 1 1 0 0 0 1 1 1 1 0 1 0 0 1]
At  3101/30000: COST 0.009/2.810(0.047) -- Acc 1.000/0.480(0.984)
[1 1 0 0 0 1 0 1 1 0 0 1 1 0 0 0 0 0 0 0 1 1 1 0 1 1 1 1 1 0 1 1 0 1 0 0 0
 1 1 1 0 1 0 0 1 0 0 0 1 0 1 1 1 1 0 1 1 0 0 1 1 1 1 0 0 0 0 0 0 0 1 0 0 0
 0 0 1 0 1 0 0 1 0 1 1 1 1 1 1 0 1 1 1 1 1 1 0 1 1 1]
At  3201/30000: COST 0.105/2.935(0.043) -- Acc 0.980/0.480(0.986)
[0 0 1 1 1 0 0 1 1 1 0 0 1 0 0 1 0 0 0 1 0 0 1 1 0 1 0 1 0 0 1 0 0 1 1 1 0
 1 1 1 1 1 0 1 1 1 1 1 0 0 0 0 1 0 0 1 1 1 0 1 0 1 0 1 1 0 1 1 1 0 1 0 1 0
 1 0 1 0 0 0 1 1 0 1 1 0 1 1 1 1 0 0 0 1 1 0 0 1 0 1]
At  3301/30000: COST 0.011/2.956(0.053) -- Acc 1.000/0.430(0.983)
[0 0 0 0 1 1 0 0 1 1 1 0 1 1 0 1 0 0 0 0 0 1 0 0 1 1 1 1 1 1 1 1 0 0 0 0 1
 1 0 1 1 0 1 0 0 0 0 0 1 1 1 1 1 1 1 0 1 0 1 0 1 0 1 0 1 0 0 0 0 0 1 0 1 1
 0 0 1 0 0 1 1 1 0 1 0 0 0 1 0 1 0 1 1 0 1 0 0 1 1 0]
At  3401/30000: COST 0.061/2.222(0.075) -- Acc 0.990/0.480(0.975)
[1 0 1 1 0 1 0 0 1 0 1 1 0 0 1 1 1 1 0 1 0 1 1 0 0 1 1 0 1 1 1 1 1 1 0 0 1
 0 1 0 1 0 1 1 0 0 1 1 1 0 0 1 0 0 0 0 0 0 1 1 0 1 0 0 0 0 0 1 0 0 0 1 0 0
 0 0 1 1 1 0 0 0 1 1 1 0 0 0 0 1 1 0 0 1 0 0 1 0 1 1]
At  3501/30000: COST 0.116/2.740(0.063) -- Acc 0.970/0.470(0.979)
[1 1 0 1 0 1 1 1 0 1 0 1 1 1 0 0 0 0 1 0 0 0 1 0 0 0 0 0 0 0 1 1 0 0 1 0 1
 1 0 0 0 0 0 0 0 1 1 0 0 0 1 0 0 1 0 1 0 1 0 0 0 1 1 1 1 1 1 0 0 1 0 1 0 1
 0 1 1 0 0 1 1 1 1 1 1 1 1 0 0 0 1 1 0 0 0 0 1 1 1 0]
At  3601/30000: COST 0.088/2.062(0.062) -- Acc 0.970/0.560(0.981)
[1 0 0 1 0 0 0 1 1 1 0 0 0 1 0 0 1 1 0 0 1 1 1 1 0 0 0 1 1 0 1 1 0 1 1 0 1
 0 1 0 1 0 0 1 1 1 0 0 1 1 1 0 0 1 0 1 1 0 1 1 0 0 0 1 0 0 1 0 0 1 0 0 0 0
 1 0 0 0 1 0 1 1 1 1 1 0 1 1 1 1 1 0 0 0 1 1 1 0 0 1]
At  3701/30000: COST 0.063/2.266(0.075) -- Acc 0.980/0.520(0.976)
[0 1 1 1 1 1 0 0 0 1 1 0 1 1 0 1 0 0 1 1 1 1 1 0 1 0 0 1 1 1 1 0 1 0 1 0 1
 0 1 1 1 1 0 0 0 1 1 1 0 0 0 0 1 0 1 1 0 0 0 1 0 1 1 0 1 1 0 0 1 0 0 1 1 1
 0 0 1 0 1 0 1 1 0 0 1 1 0 0 0 0 0 1 0 1 1 0 0 0 1 0]
At  3801/30000: COST 0.114/2.205(0.077) -- Acc 0.970/0.490(0.976)
[1 0 0 1 0 0 1 0 0 1 0 0 1 1 0 0 1 1 0 1 0 0 0 1 1 0 0 0 0 1 0 0 0 0 1 1 0
 0 1 0 1 0 1 1 0 0 0 0 0 0 0 1 0 1 1 1 1 0 1 1 1 0 1 1 1 1 0 0 0 1 0 0 1 0
 1 0 1 0 1 0 1 1 1 1 0 0 0 0 0 1 1 1 0 1 1 1 1 1 1 0]
At  3901/30000: COST 0.059/2.255(0.086) -- Acc 0.980/0.550(0.974)
[0 0 1 1 0 1 0 0 0 1 1 0 1 1 0 1 1 1 1 1 0 1 0 0 1 1 1 1 0 0 1 0 0 0 1 0 0
 1 1 1 0 0 1 1 0 1 0 1 1 0 1 1 1 1 0 0 0 0 1 1 1 1 1 0 0 0 1 1 1 1 1 1 0 1
 1 0 0 0 1 0 0 1 1 0 0 0 0 1 0 1 0 1 1 1 1 1 1 0 1 0]
At  4001/30000: COST 0.095/2.693(0.078) -- Acc 0.950/0.510(0.976)
[0 1 1 1 1 1 0 1 0 0 1 0 0 1 0 1 1 0 1 0 0 1 0 0 1 1 1 0 0 0 0 0 0 1 0 0 1
 1 1 0 1 1 0 1 1 0 0 0 1 1 0 0 1 1 0 1 1 1 0 1 0 1 1 0 0 0 1 0 0 0 0 0 1 0
 1 1 1 0 0 1 0 1 0 1 1 1 1 1 0 0 1 0 0 1 1 1 0 0 1 0]
At  4101/30000: COST 0.095/2.836(0.066) -- Acc 0.980/0.450(0.981)
[1 1 1 1 1 0 1 1 0 0 1 0 0 1 1 1 1 1 1 0 0 1 0 1 0 0 0 0 0 0 1 1 0 1 0 1 0
 0 0 0 0 0 0 0 1 1 1 0 1 0 1 0 0 1 0 0 0 0 0 1 0 1 0 1 1 0 1 0 0 1 1 1 0 0
 0 1 1 0 1 1 1 0 0 1 1 1 1 1 0 1 0 0 1 0 1 0 0 1 1 0]
At  4201/30000: COST 0.086/2.441(0.076) -- Acc 0.970/0.440(0.976)
[1 1 0 1 1 1 1 1 0 0 0 1 1 0 0 0 0 0 0 0 1 1 0 1 0 1 0 0 0 1 1 1 0 0 1 1 1
 0 1 1 0 0 0 0 1 0 0 1 0 1 1 1 1 0 1 1 1 1 0 1 1 1 0 1 1 0 1 1 1 0 0 1 0 1
 1 1 1 0 0 1 1 1 1 0 1 1 1 0 0 1 1 0 1 1 1 1 1 0 1 1]
At  4301/30000: COST 0.058/2.760(0.073) -- Acc 0.970/0.490(0.977)
[1 1 1 0 0 0 1 1 0 1 0 1 0 0 1 1 0 0 0 0 1 0 1 0 1 0 1 0 0 1 0 0 1 0 1 0 1
 0 0 1 1 1 1 0 1 0 1 0 0 0 0 0 0 1 1 1 1 1 1 1 1 1 0 0 0 1 0 0 1 0 1 1 0 0
 1 1 0 1 1 0 1 1 1 1 1 0 0 0 1 0 0 1 0 0 1 1 0 1 1 0]
At  4401/30000: COST 0.014/3.044(0.057) -- Acc 1.000/0.480(0.982)
[1 0 0 0 0 1 0 1 1 1 1 0 0 1 1 0 1 0 1 1 1 0 1 0 1 1 0 0 0 0 0 0 0 1 0 0 1
 1 0 0 0 1 0 1 0 0 0 1 1 1 0 0 1 1 0 0 1 1 0 1 1 0 0 0 1 1 1 0 1 1 1 1 0 1
 1 1 0 1 0 0 1 0 1 0 1 1 1 0 0 0 0 0 0 1 0 1 1 0 0 1]
At  4501/30000: COST 0.065/2.329(0.061) -- Acc 0.990/0.520(0.981)
[0 0 1 1 1 1 1 0 0 0 0 1 1 1 0 1 1 0 0 0 0 0 1 0 1 1 0 1 0 1 1 0 0 0 1 0 0
 0 1 1 0 0 1 0 0 1 1 0 1 0 1 1 1 0 0 0 1 0 1 0 1 0 1 0 1 0 1 0 1 1 1 0 0 0
 1 0 1 1 0 0 0 1 0 0 1 1 0 0 0 1 0 0 0 0 0 1 0 1 1 1]
At  4601/30000: COST 0.004/2.779(0.055) -- Acc 1.000/0.530(0.982)
[1 1 0 1 0 1 1 1 0 0 0 0 0 0 1 0 1 0 0 1 0 1 1 0 0 1 1 0 1 0 1 0 0 1 0 0 1
 1 1 0 1 0 1 0 0 0 1 1 0 0 1 1 1 1 0 1 0 0 1 0 1 1 1 1 1 0 1 0 1 0 0 0 1 1
 1 1 1 0 0 1 0 0 1 1 1 0 0 1 1 0 0 0 0 0 1 1 1 1 1 0]
At  4701/30000: COST 0.017/2.538(0.065) -- Acc 1.000/0.510(0.979)
[1 0 0 1 0 1 0 1 0 0 0 0 1 0 0 0 0 1 1 0 0 0 1 0 1 0 0 0 1 0 1 0 1 0 1 1 0
 1 1 1 1 1 0 0 0 1 1 1 1 1 1 0 0 1 0 0 1 1 1 1 0 1 1 0 0 1 0 0 0 0 0 0 1 1
 1 0 1 1 1 1 1 1 1 0 1 0 1 0 0 1 0 1 0 1 1 0 1 1 0 1]
At  4801/30000: COST 0.013/2.796(0.059) -- Acc 1.000/0.450(0.980)
[0 0 1 1 0 1 0 1 0 1 1 1 1 1 1 0 0 1 0 0 1 1 0 1 1 1 1 0 0 0 1 1 0 1 0 1 1
 0 1 1 0 0 0 1 1 1 1 0 1 1 1 0 1 0 1 0 0 1 1 0 1 1 0 1 1 0 0 1 1 0 0 0 1 0
 1 0 1 0 0 0 1 0 0 0 1 0 0 0 1 1 1 0 1 0 1 1 1 1 0 1]
At  4901/30000: COST 0.028/2.881(0.053) -- Acc 0.990/0.520(0.982)
[0 1 1 0 0 0 1 1 1 1 1 1 1 0 0 1 0 0 0 1 1 0 0 1 1 1 0 0 1 1 1 0 0 0 1 0 1
 0 1 1 1 1 0 1 0 1 1 0 1 0 1 1 0 1 1 1 0 0 1 1 1 1 0 0 1 0 1 0 1 0 1 0 0 1
 1 1 1 0 1 0 0 0 0 1 1 0 1 0 0 0 1 1 0 1 0 0 1 0 0 0]
At  5001/30000: COST 0.036/2.556(0.043) -- Acc 0.980/0.560(0.986)
[1 0 1 0 0 1 1 0 1 1 1 1 1 1 1 1 1 0 1 0 1 1 1 1 1 0 1 1 0 0 0 0 1 0 1 1 0
 0 0 0 0 1 1 0 0 1 0 0 0 0 0 1 1 1 1 1 0 0 0 1 0 1 0 0 0 0 0 0 1 1 1 1 0 0
 1 1 1 1 0 0 1 1 1 1 0 1 0 0 1 0 1 1 1 0 1 1 1 0 1 1]
At  5101/30000: COST 0.053/2.885(0.047) -- Acc 0.980/0.510(0.985)
[1 1 0 0 1 1 0 1 0 1 0 1 1 1 0 1 1 0 1 0 1 1 0 0 1 0 1 0 0 1 0 0 0 0 1 1 1
 0 1 0 1 0 1 1 0 1 0 0 1 1 1 0 0 1 0 1 0 1 0 1 1 1 1 1 0 1 1 0 1 0 0 1 0 0
 0 0 0 0 1 0 0 0 1 0 1 1 1 1 0 1 1 0 0 1 1 1 0 1 0 1]
At  5201/30000: COST 0.019/3.171(0.043) -- Acc 1.000/0.540(0.986)
[0 0 1 0 1 1 0 1 1 1 1 1 1 1 1 0 0 1 0 0 1 0 0 1 0 0 0 1 0 0 0 1 0 1 1 0 1
 1 1 0 0 0 0 0 1 1 0 1 0 1 1 0 1 1 1 1 1 0 1 0 1 0 1 1 1 0 1 0 0 1 1 1 0 1
 0 0 0 0 0 1 0 0 0 0 0 1 1 0 1 0 0 1 0 0 1 0 1 1 1 1]
At  5301/30000: COST 0.022/2.848(0.045) -- Acc 1.000/0.460(0.986)
[0 1 1 0 0 1 0 1 1 0 1 1 1 1 1 1 0 0 0 0 1 0 1 1 0 1 1 1 1 1 1 1 0 0 0 0 1
 0 0 1 0 1 1 0 0 0 1 0 1 1 1 1 0 0 1 1 0 1 1 1 1 1 0 1 0 1 1 1 0 1 1 1 0 1
 0 0 0 1 1 1 1 1 1 0 0 0 1 0 0 0 1 0 1 1 1 1 1 1 1 0]
At  5401/30000: COST 0.050/2.329(0.060) -- Acc 0.980/0.510(0.981)
[0 1 1 0 0 0 1 0 1 1 1 1 0 0 0 0 1 1 0 0 1 1 1 0 1 0 0 1 0 1 0 1 0 1 0 0 1
 1 0 1 1 1 0 0 1 1 1 1 0 0 0 0 1 1 1 1 0 1 1 1 1 0 1 0 1 0 1 1 0 1 0 0 1 1
 1 0 0 1 0 1 1 1 1 0 1 1 1 1 0 1 0 0 0 0 1 1 1 1 0 1]
At  5501/30000: COST 0.129/2.861(0.058) -- Acc 0.970/0.540(0.982)
[0 1 1 1 1 0 1 0 0 1 0 1 1 0 0 0 0 0 1 1 0 1 1 1 0 1 0 1 1 1 0 0 1 0 1 0 0
 1 0 0 0 1 0 0 1 0 1 0 0 1 0 1 0 0 1 1 1 0 1 1 0 1 1 1 1 1 1 0 1 1 1 1 0 0
 1 1 0 1 0 0 0 1 1 0 1 1 1 1 1 1 1 0 0 1 0 0 1 1 0 0]
At  5601/30000: COST 0.082/2.697(0.080) -- Acc 0.980/0.460(0.976)
[1 1 1 1 0 0 0 0 0 1 0 0 0 1 1 0 1 1 1 0 0 1 1 1 1 0 0 1 1 0 0 0 0 0 1 0 0
 0 1 0 1 1 1 0 0 1 1 0 1 1 0 0 1 1 1 1 1 1 0 1 0 0 1 1 1 1 1 0 1 1 1 1 1 0
 1 0 0 1 1 0 1 0 0 0 0 1 1 1 1 1 1 0 1 0 1 1 1 1 0 0]
At  5701/30000: COST 0.068/2.848(0.069) -- Acc 0.980/0.460(0.979)
[1 1 0 1 0 0 1 1 1 1 1 1 0 1 1 1 1 0 1 0 0 1 0 1 0 0 0 0 1 1 0 1 1 1 0 1 0
 1 0 1 0 1 0 0 0 1 1 0 1 1 1 1 1 0 0 0 0 1 0 0 0 1 1 0 1 0 1 1 1 1 0 1 1 0
 1 1 1 1 1 0 0 0 1 0 0 0 0 0 0 0 1 0 0 0 0 1 1 0 0 0]
At  5801/30000: COST 0.024/2.600(0.068) -- Acc 1.000/0.440(0.979)
[1 1 1 1 0 1 1 0 1 1 1 1 0 0 1 0 0 1 0 1 1 1 0 0 1 1 1 0 1 1 1 1 1 0 1 0 0
 1 1 1 0 0 1 0 1 0 0 0 1 1 1 1 1 0 0 1 0 1 1 0 1 1 0 0 1 0 1 1 1 1 1 1 1 1
 1 1 1 0 0 1 1 1 1 0 1 0 0 1 0 0 0 1 0 0 1 0 0 1 0 0]
At  5901/30000: COST 0.015/2.535(0.068) -- Acc 1.000/0.510(0.978)
[1 1 1 0 0 1 0 0 1 0 1 0 0 1 1 0 0 0 1 1 0 0 0 0 1 0 1 0 1 0 1 0 1 1 1 0 0
 1 0 0 0 1 1 1 0 0 0 0 0 0 0 1 0 1 1 0 1 0 0 1 1 1 1 0 1 1 1 1 1 0 0 1 1 0
 1 1 1 0 1 1 1 1 1 1 0 1 1 0 0 0 0 0 1 1 0 1 1 0 1 0]
At  6001/30000: COST 0.066/2.641(0.079) -- Acc 0.990/0.450(0.974)
[0 1 1 1 0 1 0 1 0 1 1 1 0 1 1 1 0 0 1 0 0 0 1 1 0 0 1 1 0 1 0 0 0 0 0 0 0
 1 1 0 1 1 1 0 0 1 1 0 1 0 1 0 1 1 1 0 0 0 0 1 1 1 0 0 0 0 0 0 1 0 1 1 1 1
 0 1 1 1 0 0 0 1 0 1 0 0 0 1 0 1 0 0 1 0 0 1 0 1 0 1]
At  6101/30000: COST 0.052/1.985(0.106) -- Acc 0.970/0.510(0.963)
[1 1 0 1 1 0 1 0 0 1 0 1 0 0 0 1 0 1 1 0 0 0 0 1 1 0 0 1 0 0 1 1 1 0 0 1 0
 1 1 0 0 0 1 1 1 0 0 0 1 1 0 0 0 0 0 0 0 0 1 0 1 1 0 0 1 1 0 1 1 1 0 0 1 1
 0 0 1 1 0 1 1 0 1 1 1 0 1 1 0 1 0 0 1 0 1 0 0 1 0 0]
At  6201/30000: COST 0.110/1.896(0.140) -- Acc 0.960/0.520(0.951)
[1 1 0 1 1 0 1 1 0 0 0 0 1 0 1 1 1 0 0 0 1 0 0 0 0 1 1 0 1 1 1 0 1 1 1 0 1
 0 1 1 1 1 1 0 0 1 1 1 1 1 1 1 1 0 0 0 0 0 1 1 0 0 1 0 0 1 0 1 1 1 1 1 1 1
 0 1 0 1 0 0 0 1 1 0 1 1 0 0 1 1 1 1 0 0 0 1 1 1 0 1]
At  6301/30000: COST 0.099/2.265(0.115) -- Acc 0.950/0.490(0.961)
[1 0 0 0 1 0 1 1 1 0 0 1 1 0 0 0 1 0 1 0 1 0 0 0 0 0 1 1 0 1 1 1 1 1 1 0 0
 0 1 1 0 0 0 1 0 1 1 1 0 1 1 0 1 1 1 0 1 1 1 0 1 1 0 1 0 1 0 0 0 0 0 1 0 1
 1 0 0 1 1 0 1 1 0 1 0 1 0 0 1 0 1 1 1 1 0 0 0 0 0 0]
At  6401/30000: COST 0.043/1.946(0.097) -- Acc 0.980/0.510(0.967)
[0 1 0 0 1 0 0 1 0 1 0 0 0 1 1 1 0 1 1 0 0 0 1 1 1 0 1 1 0 1 0 0 1 0 0 0 1
 0 1 1 0 0 0 1 1 1 1 0 1 1 1 1 0 1 1 0 0 0 1 0 1 0 0 1 0 0 0 1 1 1 1 1 1 1
 0 1 0 1 1 1 1 0 0 1 1 1 0 0 0 0 0 0 1 1 0 1 1 1 1 0]
At  6501/30000: COST 0.202/2.197(0.101) -- Acc 0.910/0.500(0.964)
[0 1 1 1 1 0 0 1 0 0 1 1 1 1 0 0 1 1 1 1 1 0 1 1 1 0 0 0 1 0 0 1 0 1 0 1 1
 0 1 1 1 1 0 1 0 1 0 0 1 0 0 0 1 0 0 0 1 0 1 0 0 1 0 1 1 0 1 0 0 0 0 1 1 1
 1 0 1 0 1 0 0 0 0 1 1 0 0 1 1 0 1 1 1 1 0 1 1 0 1 0]
At  6601/30000: COST 0.089/1.934(0.115) -- Acc 0.960/0.480(0.959)
[1 0 0 1 1 0 0 0 0 1 0 1 0 0 0 0 1 0 0 1 1 1 0 1 1 1 1 0 0 0 0 0 0 1 0 1 1
 0 1 0 1 0 1 0 0 1 0 0 1 0 0 0 1 1 1 1 1 0 0 0 0 1 1 1 1 1 1 1 1 0 0 0 0 0
 1 1 0 0 1 0 0 1 1 1 0 0 1 1 1 1 1 1 1 1 1 0 1 0 1 1]
At  6701/30000: COST 0.120/1.991(0.118) -- Acc 0.940/0.470(0.959)
[1 1 1 0 1 1 1 1 1 1 1 1 1 1 0 0 1 0 0 0 1 1 0 0 1 1 1 0 0 1 1 0 0 0 1 0 0
 1 1 1 0 0 1 0 0 1 1 1 0 1 0 0 1 0 1 1 0 0 0 1 1 1 1 0 1 0 0 1 1 0 0 1 1 0
 0 0 1 1 1 1 0 0 0 0 0 0 0 0 1 1 1 1 1 0 1 1 1 0 1 1]
At  6801/30000: COST 0.197/1.684(0.129) -- Acc 0.950/0.490(0.957)
[1 1 0 1 1 1 0 1 1 1 0 0 0 1 1 1 0 0 0 1 1 1 1 1 1 1 0 1 1 0 0 1 0 0 0 1 1
 0 1 1 0 1 0 1 1 0 1 0 1 1 1 0 1 0 0 1 0 0 1 0 0 0 1 0 0 0 0 1 1 0 1 1 0 0
 1 1 1 0 1 1 1 1 1 1 1 1 1 0 0 1 1 0 1 1 1 0 1 0 0 0]
At  6901/30000: COST 0.107/1.963(0.125) -- Acc 0.960/0.450(0.957)
[0 0 0 1 1 0 1 1 1 0 0 0 0 1 1 1 0 0 0 1 0 0 1 0 1 0 1 0 1 0 0 1 1 1 0 0 0
 1 0 0 0 0 0 1 0 1 1 0 1 0 1 1 1 0 0 0 1 0 1 0 0 1 0 0 1 0 1 0 0 1 1 0 0 1
 1 0 1 1 0 1 0 1 1 0 1 1 0 1 1 0 1 1 0 1 0 0 0 1 1 0]
At  7001/30000: COST 0.173/1.987(0.114) -- Acc 0.930/0.540(0.961)
[0 0 0 1 1 0 0 0 1 0 1 1 1 1 0 1 0 1 0 1 1 0 0 1 0 1 0 1 0 0 1 1 1 0 1 0 0
 0 1 1 1 1 1 0 1 1 0 0 1 0 0 1 1 0 0 0 1 0 1 1 1 1 0 1 1 1 1 1 1 1 0 1 1 1
 1 1 1 0 0 1 0 1 0 0 1 1 0 0 0 0 1 0 1 1 1 1 0 1 0 1]
At  7101/30000: COST 0.178/2.018(0.108) -- Acc 0.930/0.460(0.962)
[1 1 1 0 0 0 1 0 1 1 1 0 1 0 0 0 0 1 1 0 0 1 1 0 0 1 0 0 1 1 0 0 1 0 1 1 0
 1 0 1 0 0 1 0 1 1 1 0 0 1 1 1 1 1 1 1 1 1 1 1 1 0 0 1 0 0 1 0 1 0 0 1 1 1
 1 0 1 1 0 1 0 1 0 1 0 1 1 1 0 1 0 0 1 1 0 0 1 1 1 1]
At  7201/30000: COST 0.053/2.557(0.105) -- Acc 0.980/0.430(0.964)
[0 1 0 1 0 1 1 0 1 0 1 0 0 1 1 0 0 0 0 1 0 1 1 0 1 0 1 1 1 0 0 0 0 0 1 0 0
 0 1 1 1 1 1 1 1 0 0 1 1 1 1 1 0 0 1 0 1 0 1 0 1 0 1 1 0 1 1 1 0 0 0 1 1 0
 0 0 0 0 1 1 1 1 1 1 1 1 1 1 0 1 1 0 1 0 0 0 1 1 0 0]
At  7301/30000: COST 0.052/2.196(0.106) -- Acc 0.970/0.510(0.963)
[0 0 1 1 0 0 1 1 1 1 0 1 1 1 0 1 1 0 0 1 0 1 1 1 1 0 1 1 1 0 1 0 1 0 1 1 1
 0 0 1 0 0 0 1 0 0 0 1 0 0 0 0 0 0 1 1 0 1 1 1 1 1 1 0 0 1 1 1 0 1 0 1 0 1
 1 0 0 0 1 0 0 1 0 1 1 1 1 1 1 0 0 0 1 1 1 0 1 1 0 1]
At  7401/30000: COST 0.035/2.028(0.099) -- Acc 0.990/0.570(0.965)
[1 0 1 1 0 1 0 1 0 0 1 1 0 1 0 0 1 0 1 0 0 0 0 0 0 1 1 1 1 1 0 0 0 1 1 1 1
 1 0 1 1 1 0 0 0 0 1 0 0 0 1 1 0 1 0 1 1 1 1 1 1 0 0 1 1 1 1 0 0 0 1 1 0 1
 0 1 0 0 1 1 0 1 1 0 1 0 1 1 0 1 1 0 0 1 0 1 1 1 0 0]
At  7501/30000: COST 0.053/2.160(0.098) -- Acc 0.980/0.530(0.967)
[1 1 1 0 0 1 0 1 1 0 0 1 0 1 1 0 1 1 0 0 1 1 0 1 1 1 0 0 0 1 1 1 1 0 0 1 1
 1 0 1 0 1 0 1 1 1 1 0 1 0 1 0 0 1 0 0 1 0 1 1 1 0 0 0 0 0 1 1 0 1 1 1 0 1
 0 1 1 1 0 0 1 1 0 0 0 0 0 1 0 0 0 0 1 0 0 1 0 1 1 1]
At  7601/30000: COST 0.113/2.111(0.097) -- Acc 0.960/0.500(0.968)
[1 0 1 0 1 0 0 1 1 1 1 1 1 1 1 0 1 0 1 1 1 1 1 1 1 1 1 0 0 1 0 0 0 1 0 0 0
 1 0 1 0 0 0 0 1 0 0 0 0 1 1 0 1 0 1 1 1 1 1 1 1 1 0 1 1 0 1 0 0 1 0 0 1 1
 1 1 0 1 0 1 1 0 0 1 1 0 1 1 1 1 0 0 1 0 0 1 1 0 0 1]
At  7701/30000: COST 0.112/2.804(0.083) -- Acc 0.970/0.450(0.972)
[1 1 1 0 1 0 0 0 1 1 0 1 0 1 1 1 1 1 1 1 0 0 0 0 1 0 0 1 0 0 1 0 0 1 1 0 0
 1 1 1 1 0 1 0 0 1 1 1 1 1 0 0 1 0 0 1 0 0 0 0 0 0 0 1 0 1 1 0 1 1 1 0 1 1
 0 1 0 0 0 1 1 0 0 1 0 1 1 1 1 1 0 1 0 1 1 0 1 0 1 0]
At  7801/30000: COST 0.106/1.899(0.089) -- Acc 0.950/0.520(0.970)
[0 1 1 0 0 0 0 0 0 1 1 1 0 0 1 1 1 0 0 0 0 0 0 1 0 1 1 1 1 0 0 0 0 1 1 0 0
 1 0 0 1 1 0 1 1 1 0 0 0 1 1 0 0 1 1 0 0 1 1 0 0 0 1 1 1 1 0 1 1 0 0 0 0 0
 1 0 0 1 0 1 0 1 1 1 1 1 0 0 1 1 1 1 0 1 1 0 0 1 1 1]
At  7901/30000: COST 0.044/2.505(0.088) -- Acc 0.980/0.430(0.969)
[0 1 0 0 0 0 0 0 1 0 1 0 0 1 1 0 0 1 1 0 1 1 1 1 1 0 0 0 1 0 0 1 0 1 0 0 0
 1 0 0 1 1 1 0 0 1 1 1 0 1 0 1 1 0 0 0 1 1 0 1 0 0 0 0 1 1 0 1 1 1 1 0 1 1
 0 1 0 1 0 1 0 1 0 1 0 0 1 1 1 1 1 1 1 1 1 1 0 1 1 0]
At  8001/30000: COST 0.065/2.068(0.086) -- Acc 0.980/0.540(0.970)
[0 1 0 1 1 0 0 1 0 0 1 0 1 1 0 1 0 0 1 0 1 1 1 1 1 0 0 1 1 1 0 1 1 0 0 1 0
 1 0 1 1 1 0 0 0 1 1 1 1 1 1 1 1 1 1 0 1 0 0 0 1 1 1 0 0 1 0 0 0 1 0 1 1 1
 0 1 0 1 0 0 1 0 1 0 1 1 1 0 1 1 0 0 1 1 1 1 1 1 1 1]
At  8101/30000: COST 0.070/2.067(0.102) -- Acc 0.970/0.510(0.965)
[1 0 0 1 1 0 0 1 0 1 1 1 1 0 0 1 1 1 1 1 0 0 1 0 1 0 1 1 0 0 0 1 1 1 0 0 1
 0 1 1 0 1 0 1 0 0 1 0 0 0 1 0 0 0 1 1 1 0 1 1 1 0 0 1 1 1 1 1 1 1 1 1 0 1
 1 0 0 0 0 1 0 0 1 1 0 1 0 0 1 0 1 1 0 0 1 1 1 1 1 0]
At  8201/30000: COST 0.071/2.583(0.097) -- Acc 0.980/0.470(0.967)
[0 1 1 1 0 1 1 0 0 1 0 0 1 1 1 0 0 1 0 1 1 1 0 0 0 1 0 0 1 1 1 0 1 0 1 0 0
 0 0 0 1 0 1 1 0 1 0 0 1 0 1 0 1 1 1 1 0 1 1 0 1 1 1 1 1 1 1 1 0 0 1 1 0 1
 1 1 0 0 1 0 0 0 1 1 0 1 1 0 0 0 1 1 1 0 1 1 0 0 0 0]
At  8301/30000: COST 0.125/2.384(0.093) -- Acc 0.970/0.510(0.968)
[0 0 1 0 1 1 0 1 1 0 0 1 1 0 1 0 1 0 1 1 1 1 0 0 1 0 1 0 1 0 1 0 1 1 1 0 0
 1 0 1 1 0 0 0 0 1 1 1 1 0 1 0 0 0 0 1 1 0 0 0 0 1 0 1 0 1 1 0 1 1 1 0 0 1
 1 0 1 0 1 0 1 0 0 1 1 1 1 0 1 0 0 0 1 0 1 1 0 1 0 0]
At  8401/30000: COST 0.040/2.467(0.083) -- Acc 0.980/0.440(0.972)
[0 1 0 1 1 1 0 1 1 0 1 1 0 0 1 0 0 0 0 1 0 1 1 1 0 0 1 0 1 1 1 1 1 0 0 1 1
 1 0 0 1 0 0 1 1 0 1 1 1 0 1 1 0 1 0 1 0 0 0 0 1 1 1 0 1 1 1 0 0 0 0 1 1 1
 0 1 1 1 1 0 1 0 1 1 1 0 0 0 1 0 0 1 1 1 1 0 0 1 0 0]
At  8501/30000: COST 0.067/2.126(0.095) -- Acc 0.970/0.460(0.968)
[1 0 1 1 0 1 1 1 1 1 0 0 0 0 0 0 0 1 1 1 1 0 1 0 1 1 1 0 0 1 1 0 1 1 1 1 1
 0 1 0 0 0 0 1 1 0 1 1 0 0 0 0 0 0 1 1 1 0 1 0 0 1 0 0 0 0 0 0 1 1 1 0 0 0
 0 0 0 1 1 0 1 0 0 1 0 0 1 0 0 1 1 0 1 0 1 1 1 1 1 0]
At  8601/30000: COST 0.123/1.828(0.117) -- Acc 0.950/0.480(0.961)
[0 1 1 0 1 1 0 1 1 0 0 1 0 1 1 0 0 1 0 1 0 0 1 0 1 0 0 1 1 1 0 0 0 0 0 1 1
 1 0 1 1 1 0 0 0 0 0 0 1 0 1 0 0 1 0 1 0 0 1 0 1 1 1 1 1 1 0 0 1 0 1 1 1 0
 0 0 0 1 0 1 0 1 0 1 0 0 0 0 0 1 1 1 0 1 1 1 1 1 0 1]
At  8701/30000: COST 0.243/1.922(0.114) -- Acc 0.950/0.550(0.961)
[1 0 0 0 0 0 0 1 1 0 1 1 0 0 0 0 1 1 0 1 0 1 0 0 0 1 1 0 1 1 1 0 0 1 0 1 1
 1 1 1 0 0 1 1 1 1 0 0 0 1 0 0 0 0 1 0 1 0 1 0 1 0 0 1 1 1 1 1 1 0 1 1 0 0
 0 0 0 1 1 0 0 1 1 0 1 1 0 1 0 1 1 1 0 0 1 0 0 0 1 0]
At  8801/30000: COST 0.089/1.692(0.141) -- Acc 0.970/0.500(0.950)
[0 0 0 1 1 0 0 1 0 1 1 1 0 1 1 0 0 1 0 1 1 0 1 0 1 0 1 0 0 1 1 1 1 1 1 1 1
 0 1 1 1 0 1 0 0 0 0 0 0 0 1 0 0 0 0 1 1 1 0 0 0 0 1 0 0 0 0 0 1 1 0 0 0 1
 0 1 1 0 1 1 1 0 1 1 0 1 0 1 0 1 1 1 1 1 0 1 0 1 1 0]
At  8901/30000: COST 0.155/1.510(0.151) -- Acc 0.980/0.560(0.948)
[1 1 0 1 0 1 0 1 1 1 0 1 0 1 0 0 0 0 0 0 1 0 0 1 0 0 0 1 0 0 1 1 1 1 1 1 1
 0 1 0 0 1 1 0 0 1 0 0 1 0 1 1 1 1 0 0 1 0 1 0 1 0 1 1 1 0 0 0 0 1 0 0 1 1
 0 1 0 0 0 0 1 1 0 0 1 1 0 1 1 0 0 0 1 1 1 1 1 0 0 1]
At  9001/30000: COST 0.066/1.754(0.141) -- Acc 0.970/0.510(0.952)
[0 1 1 0 0 1 1 1 0 0 0 1 1 1 0 1 0 1 0 0 1 1 1 0 1 0 0 1 0 1 1 1 0 0 0 0 0
 1 1 1 1 0 1 1 0 1 0 0 1 1 0 0 1 0 0 1 0 1 0 0 0 0 0 1 0 1 0 0 0 1 0 1 0 1
 0 1 1 1 1 0 0 1 1 1 0 0 0 1 0 1 1 0 0 0 1 0 1 1 1 1]
At  9101/30000: COST 0.089/1.599(0.152) -- Acc 0.980/0.510(0.948)
[1 1 1 1 0 0 1 0 0 0 0 0 0 0 1 0 0 0 1 0 0 1 0 1 0 0 0 1 1 1 1 0 1 0 0 0 1
 0 0 1 0 0 1 0 0 0 0 0 0 0 0 0 1 1 1 1 1 0 0 1 1 1 0 0 0 1 1 1 0 0 1 0 1 1
 1 0 1 0 0 0 0 0 1 1 0 1 0 1 1 1 1 0 0 0 1 0 0 1 0 1]
At  9201/30000: COST 0.202/1.465(0.168) -- Acc 0.920/0.480(0.941)
[1 0 1 0 1 0 0 1 0 1 0 1 1 1 1 0 1 0 1 0 0 1 1 1 1 0 0 1 1 1 0 1 0 1 0 1 0
 0 0 0 1 1 0 0 0 0 1 1 1 1 0 0 0 0 1 0 1 1 0 1 1 1 0 1 1 0 0 0 0 1 0 1 0 0
 1 0 0 1 0 0 1 0 0 1 0 1 1 0 1 1 0 1 0 1 1 1 0 0 1 1]
At  9301/30000: COST 0.237/1.569(0.175) -- Acc 0.930/0.520(0.939)
[1 0 1 1 1 1 0 1 0 1 0 1 1 1 1 0 1 1 1 0 1 0 1 0 1 0 1 0 0 0 1 0 1 1 0 0 0
 0 0 0 0 0 1 0 1 1 0 0 0 1 0 1 1 1 0 1 0 1 0 1 0 1 1 0 0 0 0 1 1 1 1 1 0 1
 0 1 0 0 1 1 1 0 0 1 1 1 1 1 1 0 0 1 0 0 0 0 0 0 1 1]
At  9401/30000: COST 0.178/1.385(0.213) -- Acc 0.950/0.510(0.922)
[0 1 1 0 1 1 1 0 0 0 1 0 1 0 1 1 1 0 1 1 1 0 0 0 0 1 1 0 1 1 1 1 0 1 0 0 1
 1 1 1 0 1 1 1 1 0 1 1 1 0 1 1 1 0 1 0 1 1 0 0 0 1 0 0 0 1 1 0 1 1 0 0 1 0
 1 0 0 0 0 0 1 1 1 0 0 1 0 0 1 1 1 0 0 1 0 1 1 1 1 0]
At  9501/30000: COST 0.196/1.556(0.203) -- Acc 0.930/0.510(0.926)
[1 0 1 0 1 1 1 0 0 0 1 1 0 1 1 1 1 1 1 1 0 1 0 0 1 1 0 1 1 0 1 0 0 1 1 1 0
 0 0 1 1 1 1 0 1 1 1 1 0 0 1 0 0 1 0 0 0 0 1 0 1 1 0 1 1 0 0 0 0 0 0 0 0 0
 0 0 1 0 1 0 1 1 0 1 1 0 0 0 1 0 0 1 1 0 1 1 1 0 1 0]
At  9601/30000: COST 0.230/1.497(0.201) -- Acc 0.910/0.420(0.926)
[0 0 0 1 0 1 0 1 1 1 0 1 1 1 0 1 1 1 0 0 1 1 1 0 1 0 1 1 1 0 1 0 1 1 0 0 0
 0 0 0 1 1 1 0 0 1 1 1 0 1 0 0 1 0 0 0 0 1 1 1 1 1 0 0 0 1 1 0 1 1 1 1 0 1
 0 0 1 1 0 1 0 1 0 0 0 0 1 0 0 1 0 0 0 1 0 1 1 0 0 1]
At  9701/30000: COST 0.131/1.671(0.190) -- Acc 0.950/0.480(0.930)
[1 0 0 0 1 1 1 1 0 1 0 0 0 0 1 1 0 0 0 1 0 1 1 0 0 0 1 1 1 1 1 1 0 1 1 1 0
 0 1 0 1 1 1 1 1 1 0 1 0 0 0 1 1 1 1 0 0 0 0 0 0 0 0 1 1 1 0 0 1 1 0 1 0 0
 0 0 1 1 1 1 0 0 1 1 1 1 0 0 1 0 1 0 0 0 1 0 1 1 1 0]
At  9801/30000: COST 0.120/1.519(0.188) -- Acc 0.970/0.430(0.933)
[0 0 0 0 0 0 1 0 1 1 1 1 0 1 1 0 0 1 1 1 0 0 1 0 0 0 0 0 0 1 1 0 1 0 0 1 1
 0 0 1 1 1 0 0 1 1 0 1 1 1 1 1 1 1 0 1 1 1 1 1 0 1 0 1 0 0 1 0 1 1 0 1 1 0
 0 0 0 1 1 0 0 1 0 0 0 0 1 1 1 1 0 1 1 0 1 0 1 1 1 0]
At  9901/30000: COST 0.235/1.520(0.198) -- Acc 0.910/0.440(0.926)
[0 1 1 0 1 0 1 1 1 1 1 0 0 1 0 1 1 0 0 0 0 0 1 1 0 1 1 0 1 1 0 1 0 0 0 1 1
 1 0 0 0 0 0 0 0 0 1 1 1 1 1 1 1 0 1 1 1 0 1 0 0 0 1 0 1 1 0 1 1 1 1 1 0 0
 0 1 0 0 0 1 0 0 1 1 1 1 1 0 1 1 0 0 0 1 0 0 0 0 1 0]
At 10001/30000: COST 0.170/1.553(0.197) -- Acc 0.940/0.500(0.927)
[1 1 1 0 0 0 1 0 0 1 1 1 0 1 1 0 0 1 0 0 1 0 0 1 1 1 1 1 0 0 1 0 1 1 0 0 0
 0 0 0 1 1 1 1 1 0 1 0 1 0 1 0 1 1 0 0 0 0 0 0 1 1 0 1 1 1 0 1 0 0 0 1 1 0
 0 0 1 1 1 0 0 1 1 1 0 0 1 1 1 1 1 0 0 1 1 1 1 0 1 1]
At 10101/30000: COST 0.311/1.375(0.195) -- Acc 0.890/0.470(0.927)
[1 0 1 0 1 1 0 0 0 0 0 1 0 0 0 1 1 1 0 1 1 0 1 1 1 0 1 0 1 0 0 1 1 0 1 0 0
 1 1 0 0 0 0 0 1 1 0 1 1 1 1 0 0 0 0 0 1 0 1 1 1 1 0 0 1 1 0 0 0 1 1 0 0 1
 0 1 1 0 1 1 1 0 1 1 0 0 0 1 1 0 1 0 1 1 0 0 0 0 1 1]
At 10201/30000: COST 0.123/1.721(0.190) -- Acc 0.950/0.490(0.929)
[1 1 1 0 1 0 0 0 1 1 1 1 0 1 1 0 0 1 1 0 1 1 1 0 0 1 0 0 0 1 0 1 0 1 0 0 1
 1 0 1 0 0 1 1 1 1 1 0 1 0 1 0 0 1 1 1 0 0 1 1 1 0 0 0 1 1 0 1 0 1 1 1 1 0
 1 1 0 1 0 1 1 0 0 1 0 1 0 1 1 0 1 0 0 0 0 0 0 0 1 1]
At 10301/30000: COST 0.202/1.596(0.181) -- Acc 0.940/0.510(0.933)
[1 0 0 0 0 0 0 1 0 1 1 0 1 1 1 0 0 1 0 1 1 0 1 0 1 1 0 1 1 1 0 1 0 0 0 0 0
 0 1 1 0 1 0 0 0 1 0 1 0 1 1 0 1 0 1 1 0 0 1 1 0 0 1 0 1 1 1 0 1 0 0 1 1 1
 0 0 0 0 1 1 0 1 1 1 0 0 1 1 0 1 1 0 0 0 1 0 0 1 1 1]
At 10401/30000: COST 0.284/1.345(0.182) -- Acc 0.900/0.510(0.932)
[1 0 1 1 1 1 1 0 0 1 0 0 0 1 1 1 1 0 1 1 1 1 1 1 1 0 0 1 0 1 1 1 0 0 0 0 1
 1 1 1 0 0 0 1 0 0 0 1 0 0 0 1 1 1 1 0 1 1 1 0 0 1 1 1 0 0 0 1 0 0 0 1 1 0
 0 1 1 0 1 1 0 0 1 1 0 0 0 0 0 0 0 1 1 0 0 0 0 1 0 0]
At 10501/30000: COST 0.222/1.402(0.180) -- Acc 0.920/0.510(0.934)
[1 1 1 0 1 0 1 1 0 0 0 0 1 0 0 1 0 1 0 1 0 1 1 0 1 1 1 1 0 0 0 1 1 1 1 1 1
 0 0 0 0 0 1 0 0 0 1 0 0 0 1 0 0 1 0 0 1 1 0 1 0 0 1 1 1 1 0 1 0 0 1 1 1 0
 0 0 1 1 1 0 0 1 1 0 1 0 1 0 1 0 1 1 1 0 1 0 0 1 1 0]
At 10601/30000: COST 0.253/1.291(0.204) -- Acc 0.910/0.500(0.923)
[0 0 1 1 0 1 1 1 0 1 0 0 0 1 0 1 0 1 1 1 1 0 1 1 1 1 0 0 1 1 0 0 0 0 1 0 0
 0 1 0 0 0 1 1 0 0 1 1 1 1 1 1 0 0 0 1 1 0 1 1 1 1 1 0 1 0 1 0 0 0 0 0 1 0
 0 1 1 0 1 0 1 0 1 0 0 1 1 0 1 1 0 1 0 1 0 0 0 1 1 0]
At 10701/30000: COST 0.272/1.737(0.207) -- Acc 0.910/0.460(0.923)
[1 1 0 1 0 0 0 1 0 0 0 0 0 1 1 1 0 1 0 1 1 0 1 1 1 0 0 1 0 0 0 0 0 1 1 1 0
 1 0 0 1 0 0 1 0 0 0 1 1 1 1 0 1 1 0 1 0 1 0 1 0 0 1 1 1 0 0 0 1 1 0 0 0 1
 1 0 0 0 1 1 1 1 1 1 1 1 0 0 1 1 0 0 0 1 0 0 1 0 0 1]
At 10801/30000: COST 0.137/1.416(0.190) -- Acc 0.960/0.520(0.928)
[0 1 1 0 1 0 0 1 0 1 0 0 0 0 1 0 0 1 1 1 1 0 1 0 0 0 1 0 1 1 1 0 0 1 1 1 1
 1 0 0 0 1 1 0 0 1 1 1 0 1 0 1 1 1 0 0 1 1 0 0 1 0 0 1 0 1 1 1 1 0 1 0 0 0
 0 1 1 0 1 0 1 0 1 0 0 1 0 0 0 0 1 0 1 1 1 0 1 1 1 1]
At 10901/30000: COST 0.088/1.749(0.173) -- Acc 0.970/0.490(0.935)
[1 1 0 0 1 1 0 1 1 0 1 1 0 0 1 0 0 1 0 1 0 0 0 0 1 0 1 0 0 0 1 1 0 1 1 0 0
 1 0 1 0 0 1 0 0 1 1 0 1 0 1 0 1 1 1 1 0 1 1 0 0 1 1 0 0 0 0 0 1 1 0 1 0 1
 1 1 0 1 1 1 1 1 1 1 0 0 0 0 0 1 0 1 1 0 1 1 0 1 1 0]
At 11001/30000: COST 0.238/1.748(0.167) -- Acc 0.910/0.450(0.939)
[0 0 0 0 0 0 0 0 1 1 1 0 0 0 1 0 0 1 0 0 1 0 0 0 1 1 0 0 0 0 1 0 1 1 0 1 1
 0 1 0 0 0 1 1 1 1 1 0 0 0 0 0 1 0 1 1 1 1 0 1 1 1 1 1 1 0 0 0 1 1 0 0 1 1
 0 0 1 0 1 1 1 0 1 1 1 0 0 1 0 0 1 1 0 0 1 1 0 0 1 0]
At 11101/30000: COST 0.242/1.535(0.179) -- Acc 0.910/0.520(0.933)
[0 0 1 1 1 0 1 0 1 1 0 1 1 1 1 0 1 1 1 0 1 1 0 1 1 1 1 0 0 1 0 1 1 0 0 1 0
 1 1 1 1 1 0 1 1 1 0 1 0 1 1 1 0 0 0 0 1 1 0 0 0 1 0 1 1 1 0 0 0 1 1 1 0 1
 1 1 1 0 0 0 0 0 1 1 1 1 1 1 1 1 0 0 0 1 1 1 1 1 0 1]
At 11201/30000: COST 0.330/1.418(0.195) -- Acc 0.900/0.450(0.926)
[1 1 1 0 1 0 0 0 0 0 1 0 1 1 0 1 1 1 1 0 1 1 1 0 1 0 1 1 1 1 0 0 0 1 0 0 0
 0 0 0 1 0 0 1 1 1 1 0 0 0 1 1 0 1 1 1 0 0 0 1 0 0 1 0 0 0 1 1 1 0 1 1 1 1
 0 1 0 1 0 1 0 1 1 0 1 1 0 0 0 0 1 0 0 0 0 1 0 1 0 0]
At 11301/30000: COST 0.211/1.430(0.202) -- Acc 0.940/0.460(0.926)
[1 1 1 0 0 1 1 1 0 0 1 1 0 0 1 1 0 1 0 1 1 0 0 1 1 1 0 0 0 0 1 1 0 1 0 1 0
 1 1 1 1 1 1 0 1 1 1 0 1 0 0 0 1 1 0 1 1 1 0 1 0 1 1 1 0 1 1 0 1 0 1 1 0 1
 1 1 1 0 0 0 1 0 1 1 0 1 0 1 1 1 1 1 0 1 1 0 1 0 0 0]
At 11401/30000: COST 0.262/1.244(0.218) -- Acc 0.890/0.510(0.919)
[0 1 0 0 0 1 0 0 1 1 1 1 0 1 1 1 0 0 0 1 0 0 0 1 1 1 1 0 1 0 0 1 1 1 0 1 1
 0 1 1 1 1 1 0 0 1 1 0 0 1 0 0 0 0 0 1 1 0 1 1 1 0 0 1 0 0 0 1 1 0 1 0 1 0
 1 1 1 0 0 0 0 1 0 0 1 0 1 1 1 0 0 1 1 1 0 1 0 0 0 0]
At 11501/30000: COST 0.182/1.700(0.229) -- Acc 0.930/0.410(0.914)
[1 1 1 0 1 1 1 0 1 0 0 1 0 1 1 1 1 0 0 0 0 1 0 1 1 1 1 0 0 0 1 1 1 1 1 0 1
 0 0 1 0 0 0 1 1 0 0 0 1 1 0 1 1 0 0 0 1 1 0 0 0 0 0 0 0 0 1 1 1 1 1 0 0 1
 1 1 1 1 1 1 0 0 1 0 1 1 0 1 0 0 1 1 1 1 0 0 0 1 1 1]
At 11601/30000: COST 0.225/1.419(0.226) -- Acc 0.930/0.480(0.917)
[0 0 1 1 1 1 0 0 1 0 1 1 1 1 1 0 0 0 1 1 0 1 0 0 1 1 1 1 0 1 0 0 0 0 0 0 0
 1 1 0 0 0 1 0 0 1 1 1 0 1 0 0 0 1 1 1 1 1 0 1 1 1 0 1 1 0 0 0 0 1 0 0 0 1
 1 0 1 1 1 1 0 1 1 1 1 1 1 1 0 0 1 0 0 0 1 1 1 1 1 0]
At 11701/30000: COST 0.119/1.357(0.236) -- Acc 0.940/0.480(0.913)
[0 0 1 1 1 1 0 1 1 0 1 1 0 0 1 0 0 0 1 1 1 1 0 0 1 0 1 1 0 0 1 1 1 0 0 1 1
 1 1 1 1 1 0 1 1 1 1 1 0 1 1 0 1 0 0 0 0 0 0 0 0 1 0 1 0 1 0 1 0 1 1 0 0 0
 0 1 1 0 0 1 0 1 1 1 1 1 1 1 1 0 0 0 1 1 0 1 0 0 1 1]
At 11801/30000: COST 0.201/1.363(0.235) -- Acc 0.940/0.430(0.913)
[1 0 0 0 0 1 0 0 0 1 0 0 1 1 1 1 0 1 0 0 0 0 1 1 1 1 1 1 0 1 0 0 0 0 1 1 0
 1 1 1 1 1 0 0 0 0 1 1 1 0 1 1 1 1 0 1 1 1 0 0 0 1 1 1 0 1 1 1 1 1 0 1 1 0
 1 0 0 0 0 1 1 1 0 0 0 1 1 1 1 0 1 0 0 0 0 1 1 1 1 0]
At 11901/30000: COST 0.171/1.493(0.227) -- Acc 0.940/0.560(0.915)
[0 1 0 1 0 1 1 1 1 1 1 1 0 1 0 1 0 0 1 0 1 1 0 0 1 1 1 1 0 0 0 0 1 1 1 1 0
 1 1 1 0 0 1 0 0 0 0 0 1 0 1 0 1 0 0 0 1 1 1 1 1 0 0 0 0 1 1 1 1 0 1 1 1 0
 0 1 0 1 0 1 0 0 0 1 1 0 1 1 1 1 0 1 1 0 1 0 1 0 0 0]
At 12001/30000: COST 0.523/1.565(0.225) -- Acc 0.820/0.530(0.915)
[1 0 0 1 1 1 0 1 0 0 0 1 1 1 0 0 0 1 1 0 1 1 1 0 1 1 1 0 1 1 0 1 0 0 0 1 0
 1 0 1 1 1 1 0 0 0 0 1 1 0 1 1 1 0 1 1 0 0 0 1 0 1 0 1 0 0 1 1 1 0 0 1 1 0
 0 1 0 0 0 1 1 1 1 0 0 1 1 0 1 1 0 0 0 0 1 1 0 1 1 1]
At 12101/30000: COST 0.235/1.639(0.221) -- Acc 0.920/0.430(0.916)
[0 1 1 1 0 0 0 1 1 0 1 0 1 1 1 0 1 0 1 0 1 1 0 0 1 1 1 0 1 0 0 0 1 1 1 1 1
 0 1 1 1 0 0 1 1 1 1 0 0 1 0 1 0 0 0 1 0 0 1 0 1 1 0 0 1 1 1 1 1 0 0 1 0 1
 1 0 0 1 1 0 0 1 1 0 1 1 0 0 1 1 1 1 0 1 0 0 0 1 1 0]
At 12201/30000: COST 0.167/1.578(0.237) -- Acc 0.950/0.490(0.911)
[0 0 1 0 0 0 1 1 1 1 1 0 0 1 1 1 0 1 1 0 0 0 0 1 1 1 0 1 1 0 1 0 1 1 0 1 0
 0 1 0 0 0 1 1 0 0 1 0 1 1 1 1 0 1 1 0 0 1 1 0 0 0 1 1 0 1 0 0 1 0 0 0 1 0
 0 1 0 1 0 0 0 1 1 1 1 1 0 1 1 0 0 0 1 0 1 0 1 0 0 1]
At 12301/30000: COST 0.336/1.485(0.251) -- Acc 0.890/0.430(0.904)
[1 1 1 0 0 0 1 0 1 1 1 1 0 0 0 1 0 0 0 0 0 0 1 0 0 1 1 0 0 1 0 1 0 1 0 0 1
 1 0 0 1 1 0 0 1 0 1 1 1 1 1 1 0 1 1 1 1 1 0 1 1 0 1 1 0 1 0 1 1 0 1 1 0 1
 1 1 0 0 1 1 0 0 0 1 0 1 1 1 0 0 0 0 1 1 0 0 0 1 0 1]
At 12401/30000: COST 0.328/1.403(0.252) -- Acc 0.880/0.400(0.901)
[0 1 1 1 1 1 1 1 1 1 1 0 1 1 1 0 1 0 0 1 0 0 0 0 0 1 0 0 0 1 1 1 0 1 0 1 0
 1 0 0 1 0 1 1 1 1 1 0 0 1 1 0 0 0 1 1 1 1 0 0 1 0 0 0 0 0 1 0 0 0 1 0 1 0
 1 0 1 0 0 1 0 1 0 0 1 0 0 0 1 0 0 1 1 1 1 0 1 0 0 0]
At 12501/30000: COST 0.300/1.622(0.256) -- Acc 0.900/0.460(0.900)
[1 1 1 0 0 0 1 0 1 0 0 1 1 1 1 1 1 1 0 1 1 1 1 0 0 0 1 1 1 0 0 0 0 1 0 0 1
 0 0 1 1 1 1 0 0 1 0 0 1 0 1 0 0 0 0 0 1 1 1 0 0 0 0 1 1 0 0 1 1 1 0 1 1 1
 1 1 0 0 0 1 1 1 0 0 0 0 0 1 0 0 1 1 0 0 1 0 1 0 0 1]
At 12601/30000: COST 0.215/1.493(0.256) -- Acc 0.900/0.470(0.898)
[0 0 0 0 0 1 0 0 0 0 0 0 0 1 1 0 1 1 1 1 1 0 1 0 0 0 0 1 1 0 1 0 1 1 0 0 0
 0 0 0 0 0 0 1 0 0 1 1 0 1 1 0 1 1 0 0 0 1 1 0 1 0 1 0 1 1 1 0 0 0 1 1 1 1
 0 0 1 0 1 1 1 0 0 0 1 0 1 1 1 0 0 0 1 1 0 1 1 1 0 0]
At 12701/30000: COST 0.202/1.631(0.286) -- Acc 0.920/0.420(0.884)
[0 0 1 0 1 0 1 1 0 1 1 1 0 0 0 0 1 0 0 1 1 0 1 1 0 1 1 0 1 0 0 1 1 0 0 1 0
 1 0 0 0 1 1 1 1 1 0 1 1 1 0 0 1 1 1 1 0 0 0 1 0 1 0 0 0 0 0 1 0 1 1 0 1 1
 0 0 0 0 1 1 1 0 0 0 1 0 0 0 0 0 0 1 1 0 1 0 1 0 0 0]
At 12801/30000: COST 0.408/1.456(0.287) -- Acc 0.800/0.430(0.886)
[1 1 1 1 0 1 1 1 0 0 0 1 1 0 1 0 0 0 1 1 0 1 0 0 1 1 1 1 1 1 1 1 1 0 1 0 0
 0 0 0 1 0 0 1 0 1 0 0 0 0 1 0 1 1 0 1 1 1 0 1 0 1 1 0 0 1 1 0 1 0 0 1 1 0
 1 1 1 0 0 0 1 0 1 0 1 1 1 1 0 1 1 1 1 1 1 0 0 0 0 0]
At 12901/30000: COST 0.298/1.357(0.299) -- Acc 0.850/0.480(0.880)
[1 1 1 0 0 1 1 0 1 1 0 0 1 0 1 0 0 1 1 0 1 1 1 1 0 1 0 1 1 0 1 1 0 1 0 0 1
 0 1 1 0 1 1 0 0 0 1 0 0 0 0 0 0 0 0 0 0 0 0 0 1 0 1 0 1 0 1 1 0 0 0 1 0 1
 0 1 1 0 1 0 0 0 0 1 1 1 1 1 0 0 1 1 0 1 1 1 1 0 1 0]
At 13001/30000: COST 0.342/1.135(0.314) -- Acc 0.860/0.440(0.870)
[0 0 0 1 0 1 1 0 1 1 1 1 1 1 0 1 1 0 0 1 0 0 0 0 0 0 1 1 0 1 1 0 1 1 0 0 0
 0 0 1 1 1 1 0 1 0 0 1 0 1 1 1 0 1 0 1 1 0 0 1 0 1 1 0 0 0 0 1 1 0 0 1 0 0
 1 1 0 1 1 0 0 1 0 0 0 0 0 1 1 0 1 1 1 1 0 0 0 1 1 0]
At 13101/30000: COST 0.349/1.363(0.331) -- Acc 0.820/0.380(0.861)
[1 1 0 1 0 0 0 1 0 1 1 1 1 0 1 1 0 0 0 0 1 0 0 1 1 1 0 0 1 0 0 0 1 1 1 0 0
 0 0 0 0 1 0 1 0 1 1 1 1 0 0 0 0 0 1 0 0 0 1 0 0 1 0 0 1 0 0 0 0 1 0 1 1 1
 0 1 0 0 0 1 1 1 1 1 0 0 0 1 0 0 0 1 0 0 0 0 1 0 0 1]
At 13201/30000: COST 0.231/1.125(0.347) -- Acc 0.920/0.430(0.853)
[1 0 0 0 0 0 1 0 1 0 0 0 0 1 0 0 0 0 1 1 1 1 1 1 0 1 1 1 0 0 0 0 1 0 0 0 0
 0 1 1 1 0 1 0 0 0 1 0 0 1 1 1 0 0 0 1 0 0 0 1 0 1 1 1 0 0 0 1 1 1 0 0 1 0
 1 0 0 1 0 1 0 1 0 1 1 0 0 1 0 0 1 1 1 0 0 1 0 1 1 0]
At 13301/30000: COST 0.230/1.385(0.340) -- Acc 0.910/0.390(0.858)
[0 0 1 1 1 0 0 0 0 0 1 1 1 0 1 1 1 1 1 1 1 0 1 0 0 0 1 1 0 0 1 1 0 0 1 1 0
 0 0 1 0 1 1 1 0 1 0 1 1 1 1 0 1 0 1 0 0 0 0 1 1 0 0 0 0 0 1 0 1 1 1 1 0 1
 1 0 0 1 0 1 1 0 1 1 0 0 1 0 0 1 1 0 0 1 0 1 1 0 1 0]
At 13401/30000: COST 0.424/1.394(0.348) -- Acc 0.810/0.450(0.853)
[1 1 0 1 0 0 0 0 0 1 0 0 1 1 0 0 0 1 0 0 0 0 1 1 1 0 0 0 0 0 1 0 0 0 0 0 1
 1 1 1 0 1 0 1 1 0 0 0 0 0 0 0 1 1 1 1 1 1 0 1 0 1 0 1 1 0 1 1 0 0 1 1 1 0
 1 1 1 1 1 0 0 0 1 1 0 0 1 0 1 0 1 0 0 0 1 0 0 1 1 1]
At 13501/30000: COST 0.373/1.272(0.343) -- Acc 0.850/0.480(0.858)
[1 0 1 1 1 0 0 1 1 1 0 0 0 1 0 1 1 1 1 1 1 1 0 0 1 1 0 0 0 1 0 0 0 1 0 1 0
 1 0 1 0 1 1 0 1 0 1 0 0 0 1 1 0 0 1 0 0 1 0 0 0 1 1 0 1 0 1 1 0 0 0 1 0 0
 0 1 0 0 1 0 1 0 1 1 0 1 0 1 1 1 1 0 0 1 0 0 1 1 0 0]
At 13601/30000: COST 0.492/1.153(0.366) -- Acc 0.820/0.500(0.847)
[0 1 1 1 0 1 1 1 0 1 1 1 0 1 1 0 1 0 0 1 0 1 1 1 1 1 1 0 1 1 0 1 1 0 1 1 0
 0 1 1 1 0 0 0 0 0 0 0 1 1 0 0 1 0 1 0 1 0 1 1 0 0 1 1 0 1 0 0 0 0 1 0 0 1
 0 1 0 0 1 0 0 1 1 1 1 0 1 0 1 0 0 1 0 1 0 0 0 0 1 0]
At 13701/30000: COST 0.357/1.237(0.373) -- Acc 0.840/0.480(0.840)
[0 1 1 0 0 0 1 0 0 1 1 1 1 1 0 0 0 1 0 0 0 1 0 1 0 0 0 1 1 0 0 0 1 0 0 0 1
 1 1 0 1 1 0 0 1 1 1 1 0 0 0 1 1 1 0 0 1 1 1 1 1 0 0 0 1 1 1 1 0 0 1 1 1 0
 1 1 1 1 0 0 1 1 0 0 1 0 1 1 1 1 0 0 0 0 0 1 0 1 1 0]
At 13801/30000: COST 0.374/1.134(0.382) -- Acc 0.850/0.470(0.835)
[1 0 0 1 1 1 1 0 1 0 0 0 0 1 0 0 1 0 0 1 0 0 1 0 1 0 1 0 1 1 0 1 0 0 0 0 1
 0 1 1 0 1 0 0 0 0 0 0 1 0 0 1 0 1 1 1 1 0 1 0 0 1 1 1 0 0 0 1 0 0 1 0 1 0
 1 1 0 1 0 1 0 0 0 1 0 1 1 1 1 1 1 0 1 1 0 0 1 0 0 1]
At 13901/30000: COST 0.474/1.086(0.395) -- Acc 0.820/0.460(0.832)
[1 1 0 0 1 0 0 0 1 0 1 0 0 0 0 1 1 1 0 0 1 1 0 1 0 1 1 0 0 0 0 1 0 1 1 0 0
 0 1 1 1 1 1 1 0 1 1 0 0 0 1 1 0 1 1 1 0 0 0 0 1 1 1 0 1 1 1 0 1 0 0 0 0 0
 0 1 0 0 1 0 0 1 0 0 0 1 0 1 0 1 1 1 0 0 1 1 1 1 1 0]
At 14001/30000: COST 0.417/1.197(0.422) -- Acc 0.810/0.460(0.813)
[0 0 1 1 0 1 0 0 0 1 0 1 0 0 0 1 0 0 0 0 0 0 1 1 1 1 1 1 1 1 0 1 0 1 1 1 1
 0 1 0 0 0 1 1 0 0 0 1 0 1 0 1 1 1 0 0 1 0 1 0 0 1 1 1 0 0 0 0 0 1 0 0 1 0
 1 1 1 0 0 0 0 1 0 1 1 1 1 0 0 1 0 0 0 1 1 1 1 1 0 0]
At 14101/30000: COST 0.405/1.111(0.426) -- Acc 0.840/0.570(0.812)
[0 1 1 1 0 0 1 0 0 1 0 0 1 1 0 0 1 0 1 1 0 0 1 0 1 1 1 1 1 1 1 1 0 0 1 0 1
 1 1 0 0 1 1 1 1 1 0 0 0 0 0 1 1 0 1 0 1 0 1 1 1 1 0 0 1 1 0 1 0 0 1 1 0 0
 0 0 1 1 0 0 1 0 0 0 1 1 0 1 1 0 1 1 0 1 0 0 0 1 1 0]
At 14201/30000: COST 0.415/0.982(0.454) -- Acc 0.820/0.380(0.790)
[0 0 1 1 0 1 0 1 1 0 0 0 0 0 1 0 1 0 0 0 0 1 0 1 1 1 0 1 0 1 1 1 1 1 1 1 1
 0 0 0 0 0 0 0 0 1 1 1 1 1 1 0 1 1 0 1 0 1 1 0 0 1 0 0 0 1 1 0 0 0 0 0 0 1
 0 1 1 0 1 1 0 1 0 0 1 1 1 1 0 0 1 1 1 1 1 1 0 1 1 1]
At 14301/30000: COST 0.420/0.950(0.475) -- Acc 0.780/0.500(0.779)
[0 0 1 1 1 0 0 1 1 0 0 0 1 1 1 0 1 1 1 0 0 0 0 1 1 1 0 0 0 0 1 1 0 1 1 0 1
 0 0 0 1 0 0 1 0 1 0 1 1 0 0 1 0 0 1 0 0 1 1 0 0 0 1 1 1 1 0 1 0 1 0 1 1 0
 1 0 1 1 1 1 0 1 1 1 1 0 1 1 0 1 1 1 0 1 1 0 1 0 0 1]
At 14401/30000: COST 0.374/0.929(0.482) -- Acc 0.890/0.470(0.775)
[1 1 1 0 0 0 0 1 1 1 1 0 1 1 0 0 0 1 0 1 1 1 0 1 0 1 1 0 0 1 1 0 0 1 0 1 1
 1 1 0 1 0 0 0 1 1 0 1 1 1 1 1 1 0 1 0 0 1 0 0 1 0 1 1 1 0 1 0 1 0 1 1 0 0
 1 0 0 1 1 1 1 1 1 0 1 0 1 1 0 1 0 1 0 0 1 0 0 0 1 0]
At 14501/30000: COST 0.477/0.999(0.477) -- Acc 0.750/0.530(0.775)
[1 1 1 1 1 0 1 0 1 0 1 1 1 1 0 0 1 0 1 1 0 1 1 1 0 0 1 1 0 1 0 1 1 0 1 1 0
 0 1 0 1 1 0 1 0 0 0 1 1 0 1 1 1 1 1 0 0 1 1 0 0 1 0 0 1 1 0 0 0 0 1 1 1 1
 1 0 1 1 1 1 1 1 1 0 0 1 1 0 0 1 1 1 1 0 0 0 1 1 1 0]
At 14601/30000: COST 0.552/1.031(0.477) -- Acc 0.760/0.460(0.778)
[0 1 1 1 1 0 0 0 1 1 0 1 0 1 1 0 1 0 1 0 0 0 1 0 1 1 0 0 0 0 1 0 1 0 0 0 1
 1 1 0 1 1 0 0 1 1 0 1 0 0 1 1 1 1 0 0 0 1 1 0 1 0 0 1 1 0 1 1 1 1 0 1 1 1
 1 1 1 0 0 1 1 0 1 1 0 0 0 1 0 1 0 0 1 1 1 1 0 1 1 1]
At 14701/30000: COST 0.435/0.853(0.488) -- Acc 0.800/0.530(0.772)
[0 0 1 1 0 0 0 1 0 1 1 1 0 1 0 0 1 1 0 1 0 0 1 0 1 1 1 0 1 0 1 0 1 0 0 1 0
 0 1 0 1 0 0 1 0 0 1 0 0 1 0 1 1 0 1 0 0 1 0 0 1 1 0 1 1 1 1 1 0 0 1 1 1 1
 0 1 0 0 0 0 1 1 0 1 1 1 1 1 1 1 0 1 1 1 1 1 0 1 0 1]
At 14801/30000: COST 0.417/0.949(0.494) -- Acc 0.800/0.500(0.768)
[0 1 1 0 1 0 1 0 1 1 1 0 1 1 1 1 0 1 1 0 0 1 0 0 0 0 1 1 0 1 0 1 0 0 1 1 0
 1 1 0 1 0 1 0 0 0 1 0 0 1 0 0 1 0 1 0 1 0 1 0 0 1 0 1 1 1 0 0 1 1 1 1 1 1
 1 0 1 0 1 1 1 1 0 0 1 1 0 0 0 1 1 1 0 1 0 1 1 1 1 1]
At 14901/30000: COST 0.501/1.203(0.491) -- Acc 0.740/0.460(0.768)
[0 1 0 0 0 0 1 0 0 1 1 1 0 1 0 0 1 1 1 1 1 1 1 0 0 1 0 1 1 0 1 1 0 0 0 1 0
 0 0 0 1 1 0 1 1 1 0 0 1 1 1 1 1 1 1 0 1 1 1 0 1 1 0 1 1 0 1 0 0 0 1 1 0 0
 1 0 0 0 0 1 1 1 1 1 0 0 1 1 1 1 0 0 1 1 1 0 0 1 0 1]
At 15001/30000: COST 0.465/0.864(0.515) -- Acc 0.780/0.510(0.748)
[1 1 1 1 0 0 1 1 1 1 0 1 0 1 1 1 1 1 0 1 1 1 1 0 0 1 1 1 1 0 1 0 1 0 1 0 0
 0 1 1 1 1 0 0 1 0 0 1 0 1 1 1 1 0 0 1 0 0 1 1 1 1 1 1 0 0 0 0 1 0 1 1 1 0
 1 0 0 0 1 1 1 0 0 1 1 0 0 0 1 1 1 0 1 0 0 0 1 0 1 1]
At 15101/30000: COST 0.549/0.809(0.534) -- Acc 0.760/0.500(0.735)
[1 1 1 1 0 0 1 1 0 0 1 1 1 0 1 0 1 0 0 0 1 1 1 1 1 0 1 1 0 1 1 0 1 0 1 0 1
 0 1 1 1 0 1 0 0 1 1 1 1 1 0 1 1 1 0 1 1 1 0 0 1 1 0 1 0 0 1 1 0 1 0 0 0 0
 1 1 1 0 0 1 1 1 1 0 1 1 1 0 1 0 1 1 0 1 0 1 1 0 0 1]
At 15201/30000: COST 0.626/0.978(0.548) -- Acc 0.670/0.420(0.723)
[1 1 0 1 1 0 1 0 1 1 0 1 1 1 0 0 0 0 0 0 0 1 0 1 0 1 1 1 0 1 0 0 0 1 1 0 1
 0 1 0 0 1 1 0 1 0 1 0 1 1 0 1 1 1 1 0 1 1 0 1 0 0 0 0 1 0 1 1 0 1 1 1 1 0
 1 0 1 1 0 1 1 0 0 1 0 0 0 0 1 0 1 1 0 0 0 0 1 1 0 1]
At 15301/30000: COST 0.578/0.882(0.562) -- Acc 0.680/0.470(0.711)
[1 0 1 1 1 0 1 1 0 0 1 1 1 0 1 1 1 0 1 0 0 0 1 1 0 0 0 0 0 1 1 0 1 1 1 0 1
 1 0 1 1 1 1 1 1 0 1 0 1 0 1 0 1 1 1 1 0 0 1 0 1 1 0 0 0 0 0 1 0 1 0 0 1 1
 1 1 1 0 1 0 1 0 0 1 0 1 1 1 1 0 1 1 1 1 0 1 0 1 0 0]
At 15401/30000: COST 0.527/0.947(0.565) -- Acc 0.730/0.370(0.707)
[1 0 0 1 1 1 1 1 1 0 0 1 1 1 0 0 0 0 1 1 1 0 0 0 0 1 1 1 1 1 0 0 1 0 0 1 1
 0 0 1 1 1 1 1 1 0 1 0 0 1 0 0 0 0 0 1 1 0 1 1 1 0 1 1 1 0 1 0 0 0 1 0 0 0
 1 0 0 0 0 1 1 0 1 0 1 1 1 1 1 0 1 0 1 0 1 1 1 0 1 1]
At 15501/30000: COST 0.534/0.914(0.564) -- Acc 0.700/0.500(0.711)
[0 1 1 1 0 1 0 0 1 1 0 1 0 1 1 1 0 0 1 0 1 1 1 1 1 0 1 1 1 0 1 1 1 1 1 0 0
 0 1 1 1 1 0 0 0 0 0 1 0 0 1 1 1 1 0 1 0 1 1 1 1 0 0 0 0 1 1 1 0 0 1 0 0 0
 1 1 1 1 0 0 0 1 1 0 1 1 1 0 0 1 1 1 1 0 0 1 0 1 0 1]
At 15601/30000: COST 0.532/0.874(0.561) -- Acc 0.770/0.490(0.716)
[1 0 1 0 1 1 1 1 0 1 0 1 1 1 1 1 0 0 1 1 0 1 0 1 0 0 0 0 0 0 0 0 1 1 0 1 0
 1 1 1 0 0 0 1 0 0 1 1 0 0 1 0 1 1 1 1 0 1 1 1 0 0 1 0 1 1 1 1 1 1 0 1 1 0
 0 1 0 1 1 1 1 1 1 1 0 1 1 1 0 1 1 1 0 1 0 1 1 1 0 1]
At 15701/30000: COST 0.586/0.909(0.578) -- Acc 0.670/0.500(0.701)
[0 0 1 0 1 1 1 1 0 1 1 1 1 1 1 0 0 1 1 1 0 1 1 1 1 0 0 0 0 0 1 1 1 1 1 1 1
 1 1 1 0 1 1 1 0 1 1 1 1 1 1 1 1 1 0 1 0 0 0 1 1 0 1 1 1 1 1 1 1 1 0 1 1 1
 1 1 1 0 1 0 1 1 0 1 1 1 1 0 0 0 1 1 0 1 1 0 1 1 1 1]
At 15801/30000: COST 0.654/0.909(0.595) -- Acc 0.620/0.450(0.686)
[1 0 0 1 1 1 0 1 1 1 0 0 1 1 1 1 0 0 1 0 0 0 0 0 0 0 1 1 1 1 1 1 1 1 0 1 1
 1 1 0 0 1 0 0 0 1 1 1 0 0 1 1 0 0 1 0 1 1 1 0 1 1 1 1 0 1 1 0 0 0 0 1 1 0
 1 1 1 1 0 1 1 1 1 1 0 0 0 1 1 1 0 1 0 0 0 1 1 0 0 1]
At 15901/30000: COST 0.569/0.875(0.599) -- Acc 0.660/0.450(0.679)
[1 1 0 1 1 1 1 1 1 1 1 1 1 0 1 0 0 0 1 0 1 1 1 0 1 0 1 0 0 0 0 1 1 1 1 1 0
 1 1 0 0 1 1 1 1 1 0 0 1 1 0 1 0 0 1 0 0 1 1 1 1 1 1 0 0 0 1 0 1 1 1 0 1 1
 0 0 0 1 0 1 1 1 0 1 1 1 0 1 1 1 0 0 1 1 1 1 0 1 0 1]
At 16001/30000: COST 0.609/0.814(0.600) -- Acc 0.680/0.480(0.676)
[0 0 1 1 0 1 1 1 0 1 1 0 0 0 1 0 0 1 0 1 0 1 0 0 0 1 0 0 0 1 0 1 0 0 0 0 0
 1 0 1 1 0 0 1 1 0 0 1 0 1 1 1 1 1 1 0 1 1 0 1 1 1 1 0 1 0 0 1 0 1 1 1 1 0
 1 0 1 0 1 1 0 0 1 1 1 1 1 1 1 1 1 0 1 0 0 0 0 1 1 1]
At 16101/30000: COST 0.591/0.821(0.609) -- Acc 0.690/0.480(0.672)
[0 1 1 1 0 1 0 1 0 1 0 0 0 1 1 1 1 1 1 0 1 1 0 1 1 1 0 1 1 0 1 1 1 0 1 0 1
 0 0 0 1 1 0 1 0 1 0 1 0 1 0 1 0 1 0 1 0 0 0 0 0 0 0 0 0 1 1 1 0 0 1 0 1 0
 1 1 1 1 0 1 0 1 0 1 0 1 0 0 0 1 0 0 0 1 1 1 0 0 1 1]
At 16201/30000: COST 0.534/0.849(0.606) -- Acc 0.700/0.490(0.674)
[1 1 1 0 0 1 0 1 1 1 1 1 1 1 1 1 0 1 1 0 0 1 0 1 0 0 0 0 1 1 0 0 1 1 0 0 1
 0 1 1 1 1 1 1 1 1 0 1 1 1 1 1 0 0 0 1 0 1 1 0 1 1 0 1 1 0 0 1 1 0 0 0 1 0
 0 0 0 1 1 1 1 0 1 1 1 0 1 0 1 1 1 1 1 1 1 1 0 0 0 0]
At 16301/30000: COST 0.582/0.917(0.605) -- Acc 0.700/0.500(0.674)
[1 0 0 0 1 0 1 0 0 0 1 1 1 1 1 0 0 0 0 0 1 1 1 0 1 1 0 1 1 0 1 1 1 0 1 1 1
 0 0 0 1 1 0 0 1 1 1 1 1 0 1 1 1 0 1 0 1 1 0 1 0 1 0 0 1 1 1 1 1 1 1 0 1 0
 1 1 1 0 1 0 0 0 1 1 0 1 1 1 1 1 0 0 1 1 0 0 1 0 1 1]
At 16401/30000: COST 0.590/0.850(0.605) -- Acc 0.730/0.510(0.675)
[1 1 1 0 1 0 0 0 0 0 1 1 0 1 1 1 1 1 1 0 1 1 0 0 1 1 1 1 1 1 1 1 1 0 0 1 0
 1 1 1 1 0 0 0 1 0 1 0 0 0 0 1 1 0 1 1 0 1 1 0 1 1 1 0 1 0 1 1 0 0 1 0 1 1
 0 0 1 0 1 1 1 1 1 1 0 1 0 1 1 0 1 0 0 1 0 0 1 0 0 0]
At 16501/30000: COST 0.670/0.801(0.618) -- Acc 0.550/0.490(0.657)
[0 1 1 0 1 1 1 0 1 0 0 1 1 1 0 1 0 0 1 0 0 0 1 1 0 0 1 0 1 1 1 0 0 0 1 0 1
 0 0 0 1 0 1 0 1 0 1 1 0 0 0 1 0 1 0 1 1 1 0 1 1 1 1 1 0 1 0 1 1 0 0 1 0 0
 0 1 1 1 1 0 0 1 1 1 0 1 0 1 1 0 1 0 0 0 1 1 1 1 1 0]
At 16601/30000: COST 0.593/0.770(0.627) -- Acc 0.650/0.510(0.643)
[0 0 1 1 1 0 1 0 1 1 0 0 1 0 0 1 0 1 0 0 0 1 1 0 1 1 1 0 1 0 0 1 1 0 0 0 1
 1 0 1 0 0 1 0 1 0 0 0 0 1 1 1 1 1 1 0 1 1 1 0 1 1 0 1 0 1 0 0 1 1 0 1 0 1
 1 0 1 1 1 1 1 0 0 0 1 0 1 0 1 0 1 1 0 1 1 0 0 1 0 1]
At 16701/30000: COST 0.636/0.772(0.634) -- Acc 0.620/0.470(0.638)
[0 0 0 1 0 1 0 0 1 0 0 1 0 1 0 0 1 0 0 0 1 0 1 0 0 1 0 1 1 1 1 0 1 1 1 0 0
 1 1 0 0 1 1 0 0 1 0 1 1 0 0 1 0 0 1 1 1 0 1 1 1 0 0 1 1 1 1 1 1 1 1 0 1 1
 0 0 1 1 0 0 0 1 0 0 1 0 0 1 1 1 1 0 1 0 1 1 1 0 1 1]
At 16801/30000: COST 0.603/0.759(0.642) -- Acc 0.700/0.510(0.627)
[1 1 0 1 1 1 1 0 0 0 1 0 1 1 1 1 0 1 0 0 1 0 1 1 0 1 0 0 0 0 1 1 0 0 0 0 1
 1 1 1 0 1 1 0 1 1 1 0 1 0 1 0 1 1 1 1 1 1 1 1 0 0 1 0 1 1 1 1 1 1 0 1 0 1
 1 0 1 1 1 1 1 0 1 0 1 1 0 1 0 1 1 1 1 1 0 0 1 0 0 0]
At 16901/30000: COST 0.639/0.799(0.639) -- Acc 0.660/0.510(0.633)
[0 0 0 0 1 1 1 1 0 1 1 1 0 1 1 0 0 1 0 1 1 1 0 0 1 1 1 1 1 0 0 1 0 1 1 0 0
 0 0 1 1 1 1 1 1 1 1 1 1 1 1 1 0 0 1 1 1 0 1 1 0 1 1 0 1 0 0 1 0 1 1 1 1 0
 1 0 1 1 1 1 0 1 0 0 1 1 0 1 1 0 0 1 0 0 1 1 0 0 0 1]
At 17001/30000: COST 0.571/0.736(0.645) -- Acc 0.730/0.500(0.624)
[1 1 1 1 1 0 1 1 1 1 0 0 1 0 1 0 1 1 1 1 1 1 0 0 1 1 1 0 1 1 0 0 0 1 1 1 1
 0 0 1 1 1 1 1 1 1 0 0 1 1 1 1 0 1 1 1 0 0 1 1 1 1 1 1 1 1 1 0 0 1 0 0 0 0
 1 1 1 1 1 1 0 0 1 0 0 0 0 0 0 1 0 0 1 0 1 0 0 0 0 0]
At 17101/30000: COST 0.594/0.754(0.645) -- Acc 0.660/0.510(0.626)
[0 0 1 1 0 0 1 0 1 0 1 0 0 0 0 0 1 1 1 0 0 1 0 1 1 0 1 0 0 0 0 1 0 1 1 1 1
 1 1 1 0 1 0 1 0 1 1 1 1 1 1 0 1 0 0 0 1 1 0 0 0 1 1 1 1 0 1 0 1 1 0 0 1 1
 1 1 1 1 1 1 1 0 1 1 1 1 1 0 1 1 1 1 1 0 0 0 1 1 0 1]
At 17201/30000: COST 0.626/0.773(0.635) -- Acc 0.590/0.530(0.632)
[0 1 1 0 1 1 0 0 0 1 0 1 0 0 0 1 0 1 1 0 0 1 1 1 1 1 1 1 0 1 1 1 1 1 1 0 0
 1 1 1 1 0 1 0 1 1 0 0 0 1 0 0 0 1 0 0 1 1 1 1 1 0 0 0 0 1 0 1 1 1 1 0 0 0
 1 0 0 0 0 1 1 0 0 0 1 1 1 0 0 0 1 0 1 0 1 1 1 1 0 1]
At 17301/30000: COST 0.676/0.755(0.644) -- Acc 0.590/0.510(0.623)
[1 0 0 1 1 1 1 0 0 0 0 1 0 1 1 1 1 0 1 1 0 1 0 1 0 0 0 0 0 0 1 1 1 0 1 0 0
 0 1 1 1 0 1 0 0 1 1 0 1 0 0 0 1 1 1 0 0 0 0 1 0 1 0 0 0 0 0 0 1 1 1 0 0 0
 0 0 0 0 1 1 1 0 1 1 1 0 0 0 1 0 0 1 1 1 1 0 1 1 0 1]
At 17401/30000: COST 0.650/0.745(0.649) -- Acc 0.580/0.540(0.620)
[0 0 1 0 1 1 1 1 0 0 0 1 0 1 0 0 0 0 0 1 0 1 0 1 0 1 1 0 0 1 0 1 0 1 0 0 1
 1 1 0 0 1 1 0 1 1 1 1 0 1 1 0 0 0 0 1 1 1 0 0 1 0 0 1 0 1 0 1 1 1 0 0 0 0
 0 1 1 1 1 1 1 0 0 1 0 0 1 1 1 0 0 0 1 1 1 1 1 0 1 1]
At 17501/30000: COST 0.620/0.785(0.651) -- Acc 0.640/0.510(0.615)
[0 1 1 0 0 1 0 0 0 0 1 1 0 1 0 1 1 1 1 1 0 0 0 1 1 1 1 1 0 1 1 1 0 1 1 1 1
 1 1 0 1 1 0 1 0 1 1 1 1 1 0 0 1 0 0 0 0 0 1 1 1 1 0 0 1 1 1 0 0 0 0 1 0 1
 1 1 0 0 0 0 1 1 0 0 0 1 1 0 1 1 0 0 0 0 1 0 0 1 0 1]
At 17601/30000: COST 0.664/0.771(0.651) -- Acc 0.550/0.510(0.612)
[1 0 0 0 0 1 1 1 0 0 1 0 1 0 1 0 1 1 1 1 1 1 1 0 1 0 1 0 0 0 0 1 0 1 1 1 0
 0 1 0 1 1 1 1 1 0 1 0 0 0 1 0 1 0 0 1 0 1 1 1 1 1 0 0 1 1 1 1 1 1 1 1 0 1
 1 0 1 1 1 1 1 1 1 0 0 0 0 1 1 1 1 0 1 0 0 0 0 0 0 0]
At 17701/30000: COST 0.625/0.775(0.653) -- Acc 0.670/0.460(0.609)
[1 0 1 0 0 0 0 0 1 0 0 0 0 0 0 1 1 1 1 1 1 0 0 0 0 0 0 0 1 1 0 0 1 1 1 0 0
 0 1 0 1 1 0 0 1 0 0 0 0 1 0 1 1 1 1 1 1 1 0 0 1 0 0 0 1 0 0 1 1 1 1 0 0 1
 0 1 0 0 1 0 0 1 1 1 0 1 0 1 0 0 1 0 0 1 0 0 0 0 0 1]
At 17801/30000: COST 0.611/0.794(0.656) -- Acc 0.680/0.420(0.605)
[1 0 1 1 1 1 0 1 1 1 0 1 0 1 1 1 1 1 0 0 1 0 0 0 1 1 1 0 1 1 1 1 1 1 1 0 1
 0 1 1 0 0 0 1 0 1 1 1 0 0 1 1 1 0 0 1 0 0 0 1 1 0 1 1 1 1 0 0 0 0 1 1 0 0
 0 0 0 0 0 1 0 1 0 0 0 0 0 0 0 1 1 1 1 0 1 1 0 0 0 0]
At 17901/30000: COST 0.649/0.788(0.673) -- Acc 0.660/0.450(0.586)
[1 1 0 0 1 0 0 1 1 1 0 0 1 0 0 0 0 0 0 1 0 1 0 0 0 0 0 0 1 1 0 1 1 1 1 0 0
 0 1 1 1 1 1 1 0 1 0 1 1 0 0 1 1 0 1 1 1 1 0 1 1 1 0 0 1 0 0 1 0 1 1 0 1 1
 0 0 1 0 0 1 0 1 0 1 0 0 1 0 1 0 1 1 0 0 1 0 0 1 1 1]
At 18001/30000: COST 0.641/0.792(0.667) -- Acc 0.610/0.580(0.594)
[0 0 1 1 0 1 1 1 1 1 0 0 1 0 1 1 0 1 0 1 0 1 1 0 0 0 1 1 0 0 1 0 0 0 0 1 0
 0 0 1 1 0 0 0 1 0 1 0 0 1 1 0 1 1 1 1 0 0 0 0 1 1 1 0 0 1 0 1 0 0 0 0 0 0
 0 1 1 1 1 1 1 1 1 0 0 1 1 0 1 0 1 1 1 1 1 1 0 1 0 0]
At 18101/30000: COST 0.642/0.740(0.667) -- Acc 0.640/0.560(0.595)
[0 1 1 1 1 1 0 1 1 0 0 1 1 1 0 1 0 0 0 0 0 1 0 1 1 1 1 1 1 1 0 0 1 0 0 1 0
 1 1 0 1 1 0 0 0 0 0 1 0 0 0 1 0 1 0 0 1 0 0 1 0 0 1 0 1 0 1 1 1 0 0 0 1 0
 0 0 1 0 0 1 1 1 0 1 0 0 1 0 1 1 1 1 0 0 1 1 1 0 0 1]
At 18201/30000: COST 0.702/0.735(0.671) -- Acc 0.600/0.550(0.582)
[0 1 1 0 1 0 1 1 0 0 0 0 0 0 1 0 0 0 1 0 1 1 0 1 0 1 1 1 1 1 0 1 0 0 1 0 0
 0 0 0 1 1 1 1 0 0 0 1 1 1 1 1 1 1 1 0 0 0 1 0 0 1 1 0 0 1 1 0 0 0 0 0 0 1
 1 1 0 1 1 0 0 0 0 0 1 0 1 1 1 1 1 1 0 0 1 0 1 1 1 1]
At 18301/30000: COST 0.655/0.714(0.675) -- Acc 0.610/0.540(0.578)
[0 1 1 0 0 0 0 0 0 0 0 1 0 0 1 1 0 1 1 1 0 1 1 0 0 1 0 1 0 1 1 0 0 0 0 0 0
 1 0 1 0 0 1 0 0 1 0 0 0 0 1 1 1 1 1 1 0 1 0 0 0 0 1 1 0 1 0 1 0 0 1 1 0 0
 1 0 0 1 0 0 0 1 1 0 0 0 0 1 1 0 1 0 0 0 1 1 0 1 0 1]
At 18401/30000: COST 0.679/0.757(0.674) -- Acc 0.640/0.470(0.580)
[1 0 1 1 1 1 1 1 0 1 0 0 1 1 0 0 0 1 1 0 0 0 0 1 0 1 0 0 1 1 1 0 1 1 1 1 0
 1 1 0 1 0 1 0 1 1 1 1 0 1 0 0 0 0 0 0 1 1 1 1 0 0 0 1 1 1 0 0 1 1 1 1 1 0
 0 1 0 1 1 0 0 1 1 0 1 1 1 1 0 1 1 1 1 1 1 0 1 1 1 0]
At 18501/30000: COST 0.670/0.703(0.672) -- Acc 0.620/0.530(0.582)
[0 0 1 1 1 1 1 1 1 1 1 1 0 1 1 0 1 1 1 0 0 1 0 1 0 0 0 0 1 1 0 0 1 1 0 0 0
 1 1 0 1 1 0 0 1 1 1 1 1 0 1 0 1 1 1 1 0 1 1 1 0 0 1 0 1 1 1 1 1 1 0 0 1 1
 0 1 1 0 1 1 1 0 1 0 0 0 0 0 0 1 1 1 0 1 1 1 0 1 1 1]
At 18601/30000: COST 0.651/0.730(0.672) -- Acc 0.590/0.550(0.578)
[0 1 1 0 0 1 1 0 1 0 1 0 1 1 0 0 1 0 0 0 0 1 0 1 1 0 1 0 0 0 0 1 0 1 0 1 0
 1 0 1 0 0 1 1 1 1 0 0 0 0 1 1 1 1 1 1 1 0 0 0 1 0 0 0 0 0 0 0 0 1 0 0 0 1
 0 0 0 1 0 1 1 1 1 1 0 1 0 1 1 0 1 0 0 1 0 0 0 0 0 1]
At 18701/30000: COST 0.687/0.677(0.673) -- Acc 0.530/0.630(0.573)
[1 1 0 0 0 1 1 0 1 1 1 1 1 0 1 0 1 0 1 0 1 1 1 0 0 0 0 0 1 0 1 0 0 1 1 1 0
 1 0 0 1 1 1 0 1 1 1 0 0 1 1 0 1 0 1 1 1 1 1 0 0 0 1 0 0 1 1 1 1 0 1 0 1 1
 1 0 1 1 0 0 0 1 1 0 1 0 1 0 0 0 1 1 1 0 1 0 0 1 0 1]
At 18801/30000: COST 0.711/0.673(0.676) -- Acc 0.520/0.630(0.569)
[0 1 0 0 1 0 0 1 1 0 1 1 1 0 1 0 1 1 1 0 0 1 0 1 1 1 1 0 0 0 0 1 1 0 1 1 1
 1 0 0 0 0 0 0 0 0 0 0 1 1 1 0 1 1 1 0 0 1 0 1 1 1 0 0 1 0 0 1 0 0 0 0 1 1
 1 1 1 1 0 1 1 1 0 0 0 1 0 0 1 0 1 0 0 1 1 0 1 1 0 0]
At 18901/30000: COST 0.718/0.688(0.677) -- Acc 0.470/0.590(0.567)
[1 1 1 0 1 0 0 0 0 1 0 1 1 1 0 0 0 1 1 1 1 1 1 0 1 1 1 0 1 0 0 0 1 1 0 1 0
 0 0 1 1 1 1 0 1 1 0 1 0 0 0 1 0 1 0 0 1 1 1 0 1 0 1 1 1 1 1 0 0 0 0 0 0 0
 1 1 0 1 1 1 1 1 1 1 1 1 0 0 0 0 0 1 0 1 1 0 0 1 0 1]
At 19001/30000: COST 0.661/0.701(0.674) -- Acc 0.620/0.560(0.574)
[0 0 1 1 0 1 1 0 1 0 0 0 0 1 0 0 1 0 1 1 1 1 0 1 1 0 0 1 1 0 1 1 0 1 1 1 1
 1 1 1 1 0 0 1 0 1 1 0 0 1 0 0 1 0 1 1 1 0 0 1 1 1 1 1 1 0 1 1 1 0 0 1 1 1
 1 1 1 0 1 1 1 1 1 1 1 1 1 1 1 1 1 1 1 0 1 0 1 1 1 1]
At 19101/30000: COST 0.686/0.673(0.673) -- Acc 0.510/0.550(0.574)
[0 0 1 0 0 1 0 0 0 0 0 0 0 1 0 1 1 1 0 0 0 0 1 0 1 0 1 1 1 0 0 0 0 0 0 0 0
 0 1 0 0 1 1 1 1 0 0 0 1 1 1 0 0 1 0 0 1 0 0 0 1 0 0 1 0 1 0 0 0 1 0 0 1 0
 1 0 0 1 0 0 1 0 0 0 0 0 1 1 0 0 0 0 1 0 0 1 0 0 0 0]
At 19201/30000: COST 0.653/0.649(0.669) -- Acc 0.670/0.640(0.582)
[0 1 0 0 1 0 1 1 1 1 1 1 0 1 1 1 0 0 1 0 1 0 1 1 0 0 1 1 0 1 0 1 1 1 1 1 0
 0 1 0 0 1 1 1 1 0 0 1 1 0 0 1 1 1 1 1 0 1 1 1 0 0 0 1 0 0 1 1 0 1 1 1 1 1
 0 0 0 1 0 0 1 0 1 0 1 1 1 1 1 1 0 1 1 0 1 0 1 1 1 0]
At 19301/30000: COST 0.641/0.708(0.669) -- Acc 0.650/0.580(0.582)
[0 0 0 1 1 0 0 1 0 0 0 0 1 1 0 1 1 0 1 0 1 1 0 1 0 1 1 1 1 1 1 1 0 1 1 0 0
 0 0 1 0 1 1 0 0 0 1 0 1 0 1 1 1 1 0 0 1 1 1 1 0 1 1 0 1 1 1 0 1 1 1 0 0 1
 0 0 1 1 1 1 1 1 0 0 1 1 1 0 0 1 1 1 0 1 1 0 0 0 0 1]
At 19401/30000: COST 0.656/0.678(0.666) -- Acc 0.570/0.600(0.586)
[0 0 0 1 0 1 1 0 0 0 1 1 1 0 0 0 0 0 0 0 0 1 0 1 1 0 1 1 0 1 1 0 0 1 0 1 0
 1 0 0 1 0 1 0 0 1 1 1 1 1 0 0 1 0 1 1 0 1 0 0 1 1 1 0 1 1 1 0 1 0 1 1 1 0
 0 0 0 0 0 1 0 1 0 0 1 1 0 0 1 1 1 1 0 1 0 1 1 0 0 0]
At 19501/30000: COST 0.633/0.663(0.666) -- Acc 0.620/0.610(0.588)
[1 0 0 1 0 1 0 0 1 1 0 1 1 0 1 0 0 0 1 0 1 0 0 1 0 1 0 1 0 1 0 0 0 0 1 1 0
 1 0 0 0 0 0 0 1 1 1 0 1 0 0 0 0 0 0 1 1 0 0 1 1 0 1 1 1 0 0 0 0 1 0 1 0 1
 0 0 0 1 0 0 1 1 1 1 0 0 0 0 1 1 1 1 0 0 0 0 1 1 1 0]
At 19601/30000: COST 0.660/0.718(0.663) -- Acc 0.580/0.560(0.593)
[0 1 1 0 0 1 0 0 1 1 0 0 1 1 1 1 0 0 1 1 0 0 1 0 0 0 1 1 0 1 0 0 0 0 1 1 1
 1 0 1 1 1 1 1 1 0 0 1 1 1 0 0 0 1 1 0 0 0 1 0 0 1 0 1 0 0 1 0 1 0 1 1 0 0
 0 0 1 0 0 1 1 1 1 1 1 1 0 0 1 1 1 1 1 1 0 1 0 1 0 0]
At 19701/30000: COST 0.712/0.692(0.662) -- Acc 0.530/0.560(0.595)
[1 1 0 0 0 1 1 1 0 1 0 1 1 0 0 1 0 0 0 0 1 0 1 0 1 0 0 1 1 0 0 1 0 1 0 1 1
 0 0 1 0 1 0 1 1 1 0 1 0 1 1 0 0 0 0 0 1 1 1 0 0 1 0 1 0 1 0 1 0 1 0 0 0 1
 0 1 1 1 0 0 1 1 1 1 0 0 0 0 0 1 1 0 1 0 0 1 1 1 1 1]
At 19801/30000: COST 0.661/0.713(0.661) -- Acc 0.610/0.590(0.598)
[1 0 0 1 1 0 1 1 1 1 1 1 1 0 0 1 1 1 1 1 1 0 0 0 0 0 1 1 1 1 1 1 1 0 1 0 1
 1 0 0 1 0 1 1 0 1 0 1 1 1 0 0 0 0 1 0 1 1 0 1 1 1 1 1 0 1 1 1 1 1 1 0 1 0
 1 1 1 1 1 0 0 1 1 0 1 0 0 1 1 0 0 0 1 0 0 1 1 1 0 1]
At 19901/30000: COST 0.633/0.696(0.654) -- Acc 0.650/0.540(0.608)
[0 1 1 1 1 1 1 0 1 1 1 0 0 1 1 1 0 1 0 1 0 1 1 1 0 1 0 1 1 0 0 0 0 0 1 1 0
 1 1 0 0 1 1 0 0 1 0 1 0 1 1 1 1 1 0 1 0 1 1 0 1 1 0 0 0 0 1 1 1 1 0 1 1 1
 1 0 1 0 1 0 1 0 1 0 1 1 1 0 0 1 1 1 1 1 1 1 1 1 1 1]
At 20001/30000: COST 0.637/0.722(0.655) -- Acc 0.580/0.570(0.606)
[0 1 0 1 1 1 0 0 1 0 1 1 1 1 0 0 0 0 1 0 1 0 1 1 0 1 0 1 0 0 0 0 0 1 1 1 1
 1 0 1 1 1 0 1 1 0 0 0 1 0 0 0 1 1 0 1 1 1 1 1 1 0 1 0 1 1 1 0 1 1 0 0 0 0
 0 1 0 1 0 1 1 1 0 1 1 1 0 1 0 0 0 1 1 1 0 1 1 1 0 1]
At 20101/30000: COST 0.661/0.763(0.657) -- Acc 0.590/0.570(0.597)
[1 0 1 1 1 1 1 1 1 0 0 0 1 1 0 0 1 0 0 0 0 1 0 1 1 0 1 1 0 1 1 1 1 1 1 0 0
 0 1 1 0 1 1 0 1 1 0 1 1 1 1 1 0 1 0 1 1 0 0 0 1 0 0 0 0 1 1 0 0 0 1 1 1 1
 1 0 1 1 1 0 1 0 1 0 1 0 1 0 1 0 1 1 1 1 1 1 1 1 0 0]
At 20201/30000: COST 0.655/0.741(0.660) -- Acc 0.620/0.510(0.589)
[1 1 0 1 1 1 1 1 1 1 1 0 1 1 1 1 1 0 0 1 0 1 0 0 1 0 0 1 0 1 1 0 1 1 0 1 0
 0 1 0 0 0 0 1 1 1 1 0 0 1 1 0 0 0 0 1 0 0 0 0 0 0 0 1 1 0 0 0 1 1 1 0 0 0
 0 0 1 0 0 0 1 0 0 0 1 1 0 1 1 1 0 1 1 1 1 1 0 0 1 1]
At 20301/30000: COST 0.630/0.750(0.661) -- Acc 0.600/0.520(0.591)
[1 0 1 0 0 1 1 1 0 1 1 0 1 0 0 1 0 1 0 1 0 0 0 1 1 0 0 1 0 1 1 0 1 1 0 1 1
 1 0 1 1 1 0 1 0 1 1 1 1 1 0 1 0 1 0 1 1 1 1 0 0 1 1 0 1 0 0 1 1 1 1 1 0 0
 0 1 0 1 0 1 0 0 1 0 0 1 1 1 1 1 1 1 0 1 0 1 1 0 1 1]
At 20401/30000: COST 0.685/0.755(0.664) -- Acc 0.560/0.530(0.591)
[1 0 0 1 1 1 1 0 0 1 1 1 1 0 1 1 0 1 1 0 0 1 0 0 0 1 0 1 0 0 0 1 1 1 1 0 0
 1 0 1 0 1 0 1 0 0 1 0 1 1 1 0 0 0 1 1 0 1 1 1 1 0 0 1 1 0 1 1 0 1 1 0 1 1
 0 0 0 1 1 1 1 1 1 1 0 0 0 1 1 1 0 1 1 0 1 0 1 0 1 0]
At 20501/30000: COST 0.706/0.741(0.672) -- Acc 0.520/0.540(0.581)
[0 1 1 1 1 1 0 0 0 1 1 0 1 1 1 0 1 1 1 1 1 1 1 1 0 0 0 1 0 1 1 1 1 1 0 1 1
 1 0 1 0 1 1 0 1 0 0 0 0 1 0 1 1 1 1 0 1 0 1 1 1 0 1 1 1 1 0 1 1 1 1 0 0 1
 1 1 0 0 0 0 1 1 1 0 1 1 1 1 0 1 0 1 1 0 1 1 1 1 1 1]
At 20601/30000: COST 0.672/0.720(0.670) -- Acc 0.600/0.560(0.579)
[1 1 1 1 0 1 1 1 0 1 0 1 1 1 0 0 1 1 1 1 1 1 1 1 1 0 1 1 1 1 0 1 1 0 1 0 1
 0 1 1 1 0 0 1 0 0 1 0 1 1 1 1 0 1 0 1 0 0 1 0 1 0 0 0 1 0 0 0 1 1 1 1 0 1
 1 1 0 1 0 1 1 0 1 1 1 1 1 1 0 0 0 1 1 0 1 1 0 0 0 0]
At 20701/30000: COST 0.637/0.693(0.668) -- Acc 0.580/0.550(0.586)
[1 0 1 1 0 0 0 0 1 1 0 1 0 0 0 0 0 0 0 1 0 1 0 1 0 0 0 1 1 0 1 1 0 1 1 1 0
 0 1 0 0 0 0 1 0 1 1 0 0 0 1 0 1 0 1 0 1 0 1 1 0 1 0 1 0 1 0 1 0 0 1 0 1 1
 0 1 0 1 0 1 0 1 1 1 1 1 0 0 1 0 0 1 0 1 0 1 0 0 0 1]
At 20801/30000: COST 0.674/0.686(0.670) -- Acc 0.610/0.590(0.579)
[0 0 0 1 0 1 1 1 1 0 0 1 1 1 1 1 0 0 0 1 1 0 0 0 0 1 0 1 1 0 1 1 1 1 1 1 0
 1 1 0 0 0 0 1 1 1 1 1 1 0 1 0 1 0 1 1 1 1 1 0 0 0 0 1 1 0 0 0 1 1 1 0 1 1
 1 1 1 1 1 1 0 0 0 1 1 0 1 1 1 0 0 0 0 0 0 1 1 1 1 1]
At 20901/30000: COST 0.674/0.703(0.675) -- Acc 0.580/0.540(0.571)
[1 0 1 1 1 1 0 1 0 0 1 1 0 0 0 1 1 0 1 1 0 0 1 1 1 1 1 1 0 0 1 1 1 1 1 0 1
 0 0 0 0 0 0 1 0 0 1 0 0 0 0 0 1 1 1 0 0 1 0 0 1 1 0 1 1 1 0 0 0 0 1 0 1 0
 0 1 1 1 1 1 0 1 1 0 1 1 0 0 0 0 0 0 0 0 0 0 0 1 0 1]
At 21001/30000: COST 0.670/0.709(0.678) -- Acc 0.560/0.490(0.563)
[0 0 0 0 1 1 0 0 1 0 1 1 1 0 1 0 0 1 0 1 1 1 1 1 1 1 1 0 0 1 1 0 0 1 1 0 1
 0 0 1 1 1 1 0 0 1 1 0 0 0 1 0 1 0 1 1 1 1 1 0 1 1 0 1 0 0 0 0 1 0 0 1 1 0
 1 1 1 1 0 1 1 0 0 1 1 0 0 0 1 0 1 0 1 0 1 1 1 1 0 1]
At 21101/30000: COST 0.712/0.702(0.683) -- Acc 0.410/0.510(0.554)
[1 1 1 1 1 1 1 0 1 1 1 1 1 1 1 1 1 0 0 1 1 1 1 0 1 1 1 1 1 1 0 0 0 1 1 0 0
 1 0 0 1 0 1 1 1 1 1 1 1 1 0 1 1 0 1 1 1 1 1 1 1 1 1 0 1 1 1 1 1 1 1 1 1 1
 1 1 1 1 1 1 1 1 0 1 1 1 1 1 0 1 1 1 1 1 0 1 0 1 1 1]
At 21201/30000: COST 0.688/0.714(0.685) -- Acc 0.540/0.440(0.554)
[1 0 1 0 1 0 1 1 1 0 1 0 0 1 0 1 1 1 0 1 0 0 1 0 0 1 0 0 0 1 1 1 1 0 0 1 1
 0 0 0 1 0 0 0 0 0 0 1 1 0 1 0 0 1 0 1 0 1 1 0 0 0 0 1 1 0 0 0 1 0 0 0 1 0
 0 0 1 0 0 0 1 1 1 0 1 1 0 0 1 1 0 1 0 0 0 0 1 0 1 1]
At 21301/30000: COST 0.691/0.721(0.684) -- Acc 0.610/0.510(0.553)
[0 1 0 0 1 1 1 1 1 1 1 0 0 1 1 1 1 1 1 1 1 0 0 1 1 1 1 1 1 1 1 1 1 1 0 0 1
 1 1 1 1 1 1 1 1 1 1 1 1 1 1 1 1 0 0 1 1 1 0 1 1 1 1 1 0 0 1 0 1 0 1 1 1 1
 1 1 1 1 0 1 1 1 1 0 1 1 1 1 0 1 1 1 1 1 1 1 1 0 1 0]
At 21401/30000: COST 0.706/0.743(0.682) -- Acc 0.520/0.480(0.558)
[1 0 1 1 1 1 0 0 0 0 0 1 1 0 1 1 1 0 0 1 1 0 1 0 0 1 1 0 0 1 0 1 1 0 1 0 0
 0 1 1 1 0 0 0 0 1 1 1 1 1 0 0 1 0 1 1 1 1 1 1 1 0 1 1 1 1 1 0 0 1 0 0 1 0
 1 1 0 1 1 1 1 0 1 1 1 1 1 0 1 0 1 1 1 1 1 1 1 0 1 0]
At 21501/30000: COST 0.666/0.730(0.681) -- Acc 0.590/0.470(0.560)
[0 0 0 1 0 1 0 1 1 0 0 1 0 1 1 1 0 0 0 0 0 0 0 0 0 0 0 0 0 0 0 0 0 1 0 1 1
 1 0 0 0 0 1 1 0 1 0 0 1 1 1 1 1 0 0 0 1 0 0 0 0 1 0 0 1 0 0 0 0 0 1 0 1 0
 0 0 0 0 0 0 1 0 1 0 0 1 0 0 0 1 1 1 0 0 1 1 0 1 1 0]
At 21601/30000: COST 0.679/0.712(0.680) -- Acc 0.480/0.540(0.561)
[1 0 0 1 0 0 0 0 0 0 1 0 1 0 0 0 1 0 0 1 1 1 1 0 0 1 0 1 0 0 0 0 0 1 0 1 0
 1 1 1 1 0 1 0 0 0 0 1 1 0 1 0 0 1 1 0 1 1 0 1 1 0 0 1 1 0 0 0 0 1 0 0 1 1
 0 0 0 0 0 0 1 0 0 1 1 0 0 1 1 0 1 0 1 0 0 1 1 0 0 1]
At 21701/30000: COST 0.705/0.718(0.679) -- Acc 0.540/0.530(0.561)
[0 0 0 0 0 0 1 0 0 0 0 0 0 0 1 0 0 0 0 0 0 1 0 1 0 1 0 1 1 0 0 0 0 0 0 0 0
 1 1 1 0 0 0 0 1 0 1 0 1 1 1 0 1 0 0 0 0 1 0 1 0 0 0 0 0 0 0 0 0 1 1 1 1 1
 1 0 0 0 1 1 1 1 1 0 1 0 1 0 0 0 0 1 1 1 0 1 0 0 0 0]
At 21801/30000: COST 0.724/0.701(0.677) -- Acc 0.510/0.500(0.571)
[1 1 0 1 0 1 1 0 0 0 0 0 0 1 1 0 0 0 1 0 1 0 0 0 1 1 1 1 0 1 1 0 0 1 0 1 0
 0 0 0 0 0 0 0 0 0 0 0 1 0 1 1 0 0 0 1 1 1 0 1 0 1 1 1 0 0 0 1 0 0 1 1 0 0
 1 0 1 0 0 0 0 1 0 0 0 1 0 1 1 1 0 1 0 0 0 1 1 0 0 1]
At 21901/30000: COST 0.706/0.727(0.674) -- Acc 0.560/0.500(0.575)
[0 0 1 1 1 0 1 0 1 1 1 0 0 1 0 0 1 1 1 0 0 0 1 0 0 0 1 0 1 1 1 1 1 1 0 1 0
 0 0 0 1 1 1 1 0 1 1 1 1 1 1 1 0 1 0 0 0 0 0 1 0 1 1 0 1 0 1 0 0 0 1 1 1 1
 0 0 1 0 0 0 0 1 0 0 0 0 0 1 0 0 1 1 0 1 0 0 0 0 1 1]
At 22001/30000: COST 0.630/0.712(0.674) -- Acc 0.650/0.560(0.573)
[1 0 1 1 1 1 1 1 0 1 0 1 1 1 0 1 1 1 1 1 0 0 1 1 1 1 1 1 0 0 0 0 1 0 1 0 1
 1 0 1 1 0 0 1 1 0 1 0 0 1 1 0 1 0 0 0 1 1 1 1 1 1 1 0 1 0 1 0 1 1 0 0 0 1
 1 1 0 1 1 0 0 0 0 1 1 0 1 0 1 0 1 1 1 1 0 1 1 1 0 1]
At 22101/30000: COST 0.692/0.732(0.671) -- Acc 0.550/0.570(0.581)
[0 1 0 1 1 1 1 0 1 1 0 1 1 1 1 1 1 0 0 1 0 1 1 0 1 1 1 0 1 0 1 0 0 1 1 1 1
 1 1 1 0 0 0 1 0 1 1 0 1 1 0 0 0 0 0 1 1 1 1 1 0 1 0 1 1 0 1 1 1 1 0 0 0 0
 1 1 1 0 1 1 0 0 1 1 1 0 1 0 1 0 0 0 1 0 1 0 1 1 0 1]
At 22201/30000: COST 0.650/0.721(0.669) -- Acc 0.650/0.590(0.584)
[1 0 0 1 0 0 0 1 0 1 0 1 1 1 1 1 0 0 0 0 1 1 1 1 1 1 1 1 0 1 1 0 0 0 1 0 1
 0 0 0 0 0 1 1 1 1 0 1 1 0 1 0 0 0 1 1 0 0 1 0 1 1 1 1 0 1 0 0 0 0 1 1 1 0
 0 1 0 0 0 1 0 1 1 1 1 1 1 0 1 1 1 0 1 1 0 0 1 0 1 0]
At 22301/30000: COST 0.647/0.729(0.662) -- Acc 0.630/0.510(0.594)
[1 0 1 0 0 1 1 1 1 0 1 0 0 0 0 0 0 1 0 1 1 1 1 0 1 0 0 0 1 0 0 0 1 1 0 0 0
 0 1 0 1 0 1 0 1 1 1 1 0 1 1 0 1 1 1 1 1 1 0 0 0 1 1 1 1 0 1 1 1 0 0 1 0 1
 1 1 1 1 0 0 0 1 1 1 1 1 0 1 0 0 0 0 0 1 1 1 0 0 0 1]
At 22401/30000: COST 0.617/0.712(0.663) -- Acc 0.640/0.570(0.593)
[1 1 1 0 1 1 1 1 1 1 1 1 1 0 1 1 1 1 0 0 0 0 0 1 0 1 0 1 0 0 0 1 1 1 1 1 1
 0 1 0 1 1 1 1 0 0 1 1 0 0 0 0 1 1 1 0 0 0 1 1 1 1 1 0 1 0 0 1 0 0 1 1 0 1
 1 0 1 0 0 1 1 0 1 0 1 1 0 1 1 0 1 1 1 1 0 1 0 1 1 1]
At 22501/30000: COST 0.613/0.753(0.663) -- Acc 0.620/0.550(0.595)
[1 1 0 1 0 1 0 0 1 0 1 1 1 1 1 1 0 0 1 1 1 1 0 1 0 0 0 1 0 0 0 0 1 1 1 1 0
 1 1 1 1 0 1 1 1 0 1 1 0 0 0 1 0 1 1 1 1 0 1 0 0 1 1 1 1 1 1 1 1 0 0 1 1 1
 1 0 0 1 1 1 0 1 0 1 0 0 0 1 1 0 1 0 1 0 0 1 1 1 1 1]
At 22601/30000: COST 0.687/0.695(0.661) -- Acc 0.630/0.590(0.600)
[1 1 1 1 1 0 1 0 1 0 1 1 1 0 1 1 1 0 0 1 1 0 0 1 0 1 1 1 1 0 0 0 1 0 0 1 1
 1 1 0 1 1 1 0 1 0 0 1 1 1 1 0 1 1 0 1 1 1 0 0 1 1 1 0 1 0 0 1 1 1 1 0 1 1
 0 1 0 1 1 1 1 1 0 1 0 0 1 1 0 1 1 1 0 1 0 0 0 1 0 1]
At 22701/30000: COST 0.692/0.688(0.659) -- Acc 0.540/0.600(0.601)
[1 0 0 0 1 1 1 0 1 1 1 1 1 1 1 0 0 1 1 1 1 1 0 1 1 1 1 0 1 0 1 1 0 0 1 0 1
 0 0 0 1 1 1 1 0 0 1 1 0 1 1 0 1 0 1 1 0 1 1 0 1 1 1 1 1 0 1 0 0 1 0 0 0 0
 1 1 0 1 1 1 1 0 1 0 0 1 1 0 0 1 1 1 1 1 1 0 1 1 1 0]
At 22801/30000: COST 0.672/0.710(0.659) -- Acc 0.540/0.560(0.596)
[0 1 1 0 1 1 1 0 1 1 0 1 1 1 0 1 1 1 0 0 1 0 0 1 1 1 0 1 1 0 1 0 0 0 1 0 0
 0 1 0 0 0 1 0 1 0 1 0 1 0 0 0 1 1 0 0 1 0 1 0 0 1 0 0 0 0 0 1 0 1 0 0 0 1
 0 0 0 1 0 1 0 1 0 1 1 1 1 0 0 1 1 0 1 1 0 0 0 0 0 1]
At 22901/30000: COST 0.640/0.756(0.659) -- Acc 0.610/0.530(0.596)
[0 1 0 1 1 1 1 1 1 1 1 1 0 0 1 1 1 1 0 0 0 1 1 1 1 1 1 0 1 1 1 0 1 0 0 0 1
 1 1 1 1 0 0 1 0 1 1 0 1 0 1 0 0 0 1 1 1 1 0 1 1 1 1 1 1 1 0 0 0 0 1 0 0 1
 1 1 1 0 1 1 0 1 1 0 1 1 1 1 0 0 1 0 1 1 1 0 0 1 1 0]
At 23001/30000: COST 0.583/0.760(0.653) -- Acc 0.720/0.510(0.603)
[1 0 1 0 1 1 0 0 1 0 1 0 0 0 0 1 1 0 0 1 1 0 1 1 1 0 1 1 1 1 0 1 0 0 0 1 0
 1 1 0 1 1 1 0 1 1 1 0 1 0 1 1 1 1 1 0 0 0 1 0 0 1 0 0 1 0 1 1 1 0 1 1 1 1
 0 1 1 1 1 0 1 1 1 0 0 1 1 1 1 1 1 0 0 0 0 1 1 1 1 1]
At 23101/30000: COST 0.669/0.765(0.653) -- Acc 0.640/0.540(0.608)
[0 1 0 0 1 1 0 1 1 1 1 0 0 1 1 1 0 1 0 0 0 1 0 1 1 0 1 1 1 1 1 0 1 1 0 1 1
 1 0 0 1 0 1 0 0 0 0 1 0 0 1 1 0 1 0 1 0 1 0 0 0 1 1 0 1 1 1 1 0 1 1 0 0 0
 0 1 1 1 1 1 0 1 1 1 1 1 0 1 0 1 1 1 1 0 1 1 0 0 0 0]
At 23201/30000: COST 0.647/0.762(0.651) -- Acc 0.650/0.540(0.609)
[0 0 1 1 1 1 0 0 1 1 1 0 1 1 0 1 1 0 1 1 1 1 1 1 1 1 0 1 1 0 0 1 0 0 1 0 1
 0 0 1 0 1 0 1 1 0 1 0 1 1 1 0 1 0 0 1 1 1 0 0 0 0 1 1 1 1 1 0 1 0 0 0 1 1
 0 0 0 1 1 0 1 0 1 0 0 0 0 1 0 0 0 0 0 1 0 0 1 0 0 0]
At 23301/30000: COST 0.640/0.740(0.657) -- Acc 0.650/0.540(0.607)
[0 1 0 0 1 0 1 1 1 0 1 0 1 1 1 0 0 1 1 0 1 1 1 1 1 0 1 1 1 0 0 1 0 1 1 0 1
 1 0 1 0 1 0 1 1 1 0 1 1 1 0 0 0 1 1 1 1 1 1 1 0 1 0 1 1 0 0 1 1 0 1 0 0 1
 0 0 1 1 0 0 0 0 0 1 1 1 0 1 0 0 1 1 0 0 0 1 1 1 0 1]
At 23401/30000: COST 0.650/0.707(0.656) -- Acc 0.680/0.570(0.605)
[1 1 1 0 0 1 1 1 1 1 0 1 1 1 1 1 0 0 1 1 0 1 1 1 0 0 0 0 0 1 0 1 0 1 1 1 0
 1 1 1 1 1 1 1 0 1 0 0 1 1 0 1 0 1 0 0 1 0 0 0 1 1 1 1 1 1 1 0 0 1 0 1 1 0
 1 1 0 1 1 1 0 0 1 1 1 0 1 1 1 1 1 0 0 1 1 0 1 1 0 1]
At 23501/30000: COST 0.676/0.734(0.655) -- Acc 0.600/0.590(0.604)
[1 0 1 0 1 1 0 1 0 1 1 0 1 1 0 0 1 0 1 1 0 1 1 0 1 1 1 1 1 0 1 0 1 0 0 0 0
 0 0 0 1 1 0 1 1 0 0 1 1 0 1 1 0 1 0 1 0 0 0 1 1 1 0 0 1 0 0 1 0 1 1 0 1 1
 1 1 0 0 1 0 0 1 1 0 0 0 1 1 1 1 0 1 0 1 0 1 1 0 1 1]
At 23601/30000: COST 0.683/0.765(0.655) -- Acc 0.600/0.580(0.602)
[1 1 1 0 1 1 0 0 1 1 1 1 0 1 1 0 0 1 1 1 0 1 0 0 0 1 0 1 1 1 1 1 1 0 1 0 1
 1 0 1 0 0 1 1 1 0 0 0 0 0 0 1 1 1 0 0 0 1 0 1 0 0 1 0 0 0 0 1 1 0 0 1 1 0
 1 0 0 0 1 0 1 1 0 1 1 0 1 1 0 0 0 1 1 0 1 0 1 0 1 0]
At 23701/30000: COST 0.672/0.762(0.653) -- Acc 0.570/0.490(0.604)
[0 1 0 0 1 1 1 1 0 0 1 0 0 0 1 1 1 0 1 0 1 1 1 0 1 1 1 0 0 1 0 1 1 0 0 1 1
 1 1 0 1 0 0 1 1 0 0 0 0 1 1 1 0 0 0 1 0 1 0 1 0 0 1 0 0 1 0 0 1 1 1 1 0 0
 0 1 0 0 0 1 0 1 1 1 1 1 0 1 0 1 0 1 1 0 0 1 1 0 0 1]
At 23801/30000: COST 0.657/0.740(0.650) -- Acc 0.580/0.550(0.604)
[1 1 1 1 1 1 1 0 1 1 0 0 0 1 1 0 1 1 1 0 1 0 0 0 0 0 1 1 1 1 1 1 1 1 0 1 1
 1 1 0 1 0 0 1 1 0 1 1 1 1 1 1 0 1 1 1 1 0 1 1 0 0 0 1 0 1 0 1 1 1 0 0 0 1
 0 1 1 1 1 1 1 1 0 1 1 0 1 0 0 1 1 1 1 0 1 0 1 1 1 1]
At 23901/30000: COST 0.659/0.737(0.649) -- Acc 0.530/0.560(0.606)
[0 0 0 1 0 1 1 0 1 0 1 1 1 0 0 0 0 0 0 1 0 0 1 0 0 1 1 0 0 1 1 0 1 0 1 0 1
 1 0 0 1 0 0 0 0 0 0 1 0 0 0 0 1 0 1 1 1 0 0 0 1 1 0 1 1 0 0 1 1 1 0 0 1 0
 0 0 0 1 0 1 0 1 1 0 0 0 0 1 1 0 1 1 0 1 0 0 1 0 1 0]
At 24001/30000: COST 0.632/0.728(0.649) -- Acc 0.670/0.550(0.611)
[1 0 1 1 0 1 0 0 1 1 1 1 1 1 0 1 0 1 1 0 1 1 0 1 1 1 0 1 0 0 1 0 1 1 0 1 1
 1 0 1 0 0 0 0 0 1 1 1 1 0 1 1 0 0 1 0 0 1 1 0 1 1 1 1 0 0 1 0 1 1 0 1 0 1
 0 0 0 0 0 0 1 0 1 0 1 0 1 0 1 1 1 1 0 1 1 0 1 1 1 1]
At 24101/30000: COST 0.655/0.731(0.648) -- Acc 0.640/0.570(0.611)
[0 1 0 1 0 1 0 0 0 1 1 0 1 0 1 1 1 1 1 1 0 1 0 0 1 1 0 1 0 1 1 0 0 1 1 1 0
 0 1 1 1 1 0 0 1 0 1 0 1 1 0 1 1 1 0 1 1 0 1 0 0 0 0 1 1 0 1 0 0 1 0 1 1 0
 0 1 1 0 0 1 1 1 0 0 1 1 1 1 0 1 0 0 1 1 1 0 1 0 0 1]
At 24201/30000: COST 0.693/0.765(0.648) -- Acc 0.620/0.510(0.611)
[0 0 0 0 1 0 0 1 1 0 1 0 0 0 0 0 0 0 0 0 0 1 0 0 1 1 0 0 0 0 1 0 0 0 0 1 1
 0 1 0 0 0 1 0 0 0 1 1 0 1 0 1 0 0 0 0 1 0 0 1 0 0 0 1 0 0 0 0 0 1 1 1 0 0
 0 0 1 1 0 0 0 1 0 1 0 0 0 0 1 0 1 1 0 1 0 1 0 0 0 0]
At 24301/30000: COST 0.630/0.723(0.653) -- Acc 0.640/0.520(0.605)
[0 1 1 0 0 1 1 1 1 1 1 1 1 1 1 0 1 1 1 1 1 1 0 1 1 0 0 0 0 1 1 1 1 0 1 1 1
 0 0 1 1 1 0 0 0 1 1 1 0 1 1 0 0 1 0 1 1 1 0 1 1 0 1 1 1 0 0 1 1 1 0 1 1 1
 1 1 1 0 1 0 1 0 1 1 1 1 0 1 1 1 0 1 1 1 0 0 1 1 0 1]
At 24401/30000: COST 0.682/0.742(0.652) -- Acc 0.600/0.510(0.606)
[0 1 1 1 1 1 0 1 0 0 0 0 1 1 0 1 1 1 0 1 1 0 0 0 1 0 0 0 0 0 1 1 1 0 1 1 1
 1 1 0 1 0 0 1 1 1 1 0 1 0 0 0 0 1 1 1 1 1 1 1 1 0 1 0 1 1 1 1 0 1 0 1 1 1
 1 0 1 1 1 1 1 0 1 0 1 1 1 0 1 0 0 1 0 0 0 0 0 1 1 1]
At 24501/30000: COST 0.663/0.748(0.653) -- Acc 0.580/0.550(0.609)
[0 0 1 1 0 1 1 0 0 1 1 1 1 0 1 0 1 1 0 0 1 1 0 1 1 1 0 0 0 0 1 1 1 0 1 1 1
 1 1 1 1 0 1 0 0 1 1 1 1 0 0 0 1 1 1 0 1 1 1 0 1 1 1 0 0 0 1 0 1 1 1 0 1 0
 0 1 0 0 1 1 0 1 1 0 1 1 1 1 1 1 1 1 0 1 1 0 1 1 0 1]
At 24601/30000: COST 0.623/0.780(0.653) -- Acc 0.690/0.500(0.608)
[0 1 0 0 1 0 0 1 1 1 0 1 0 1 1 1 1 0 0 0 0 1 1 0 1 1 0 0 1 0 0 1 1 0 1 1 1
 1 1 1 1 0 1 1 1 1 1 1 1 0 0 1 1 0 0 0 1 0 1 0 0 1 0 1 0 0 0 0 1 1 1 1 1 1
 1 0 1 1 1 1 0 0 0 1 1 1 1 1 0 0 0 1 1 1 1 1 0 1 0 1]
At 24701/30000: COST 0.656/0.768(0.656) -- Acc 0.560/0.550(0.602)
[1 1 1 0 0 1 0 0 1 1 1 1 0 0 0 0 0 0 1 1 1 1 1 0 1 1 0 0 1 1 1 1 0 0 0 1 0
 0 1 1 1 0 1 0 1 1 0 0 1 0 0 0 1 1 1 1 0 1 1 0 1 1 0 1 1 1 1 1 0 0 1 1 1 0
 1 1 0 0 1 0 1 1 1 0 1 1 1 0 1 0 1 1 0 1 0 0 1 1 1 0]
At 24801/30000: COST 0.720/0.795(0.653) -- Acc 0.490/0.480(0.604)
[1 0 0 1 1 1 1 1 1 0 1 0 0 0 0 0 1 1 0 1 0 1 1 0 0 1 0 1 1 1 0 0 1 0 1 1 1
 1 0 1 0 0 0 1 1 0 1 0 1 1 1 1 1 1 0 1 1 1 0 1 0 1 1 0 0 1 1 0 0 1 0 1 0 0
 1 0 1 1 1 1 1 1 0 1 0 1 0 1 1 0 0 1 0 0 0 1 1 1 1 0]
At 24901/30000: COST 0.714/0.738(0.655) -- Acc 0.610/0.530(0.605)
[1 0 1 1 1 1 0 0 1 0 1 0 0 0 1 0 1 0 0 0 1 1 1 0 0 0 0 1 1 0 1 1 0 1 1 0 1
 0 0 1 1 0 1 1 1 1 0 1 1 1 0 0 1 0 1 1 1 0 1 0 0 0 1 1 1 0 1 0 0 0 1 0 1 0
 1 1 1 0 1 1 1 1 0 0 1 0 1 0 1 1 1 1 0 1 0 1 1 1 0 0]
At 25001/30000: COST 0.616/0.755(0.652) -- Acc 0.730/0.550(0.612)
[1 1 0 0 1 1 1 0 1 1 1 0 0 0 0 1 0 0 0 0 0 1 0 0 1 0 1 0 0 0 1 1 0 1 0 1 1
 1 0 1 1 1 1 0 1 0 0 1 0 0 1 1 1 1 0 0 0 1 0 1 1 1 0 1 0 1 0 0 1 1 0 0 1 0
 1 1 0 1 1 0 1 0 0 0 1 1 1 1 0 0 1 1 1 1 1 1 1 1 1 0]
At 25101/30000: COST 0.652/0.714(0.650) -- Acc 0.540/0.500(0.614)
[0 1 1 0 1 1 1 1 1 0 1 1 1 0 0 0 1 1 1 0 0 0 1 0 1 1 1 1 0 1 0 0 1 0 0 0 0
 0 0 1 1 0 0 1 0 1 1 1 1 1 0 1 1 1 1 0 0 1 1 1 0 1 1 1 1 1 0 1 0 0 1 0 1 1
 0 1 1 0 1 1 1 1 1 1 1 0 1 1 0 1 1 0 1 0 1 0 1 1 1 0]
At 25201/30000: COST 0.676/0.755(0.649) -- Acc 0.570/0.510(0.615)
[1 1 1 1 0 1 1 0 1 1 0 1 1 1 0 0 1 0 1 0 1 1 0 0 1 1 0 0 0 0 1 0 0 1 1 1 0
 1 0 0 1 0 0 1 1 1 0 1 1 1 0 0 1 1 1 1 1 0 1 1 1 0 1 0 1 1 1 0 1 0 1 0 0 0
 1 0 1 1 0 0 1 1 0 0 1 1 1 1 0 0 1 1 1 1 1 0 1 0 0 0]
At 25301/30000: COST 0.654/0.767(0.650) -- Acc 0.580/0.490(0.610)
[1 0 0 0 1 0 1 0 1 0 1 1 0 1 0 1 0 0 0 0 1 1 0 1 0 1 1 0 0 1 1 1 0 1 0 1 0
 0 0 0 0 1 1 1 0 1 0 1 0 1 1 0 0 0 1 1 1 1 0 0 0 0 1 0 0 1 0 1 0 0 0 1 0 1
 0 0 0 1 1 0 1 1 0 0 0 1 1 0 1 0 0 0 0 0 1 1 0 1 0 0]
At 25401/30000: COST 0.680/0.756(0.651) -- Acc 0.570/0.530(0.609)
[1 1 1 1 1 1 1 0 1 1 0 1 0 1 1 0 1 1 1 1 0 0 1 0 1 1 1 1 1 0 0 1 0 1 0 0 0
 1 1 1 0 1 0 1 1 1 1 1 1 0 0 1 0 1 1 1 0 1 1 0 1 1 0 1 1 1 1 1 0 0 0 1 1 0
 0 1 1 1 0 1 0 1 0 1 0 0 1 0 1 1 1 0 1 0 1 1 0 0 0 0]
At 25501/30000: COST 0.653/0.713(0.651) -- Acc 0.600/0.610(0.613)
[1 0 1 0 1 0 1 1 1 1 0 1 1 0 0 1 1 0 1 1 1 1 1 1 0 1 1 1 1 1 1 1 1 1 0 1 1
 0 0 1 0 1 1 1 1 1 0 0 1 1 1 1 1 0 1 1 1 0 0 1 1 1 1 0 1 1 1 1 0 1 1 1 1 1
 0 0 0 0 1 1 0 1 0 1 1 0 1 1 0 0 1 1 1 1 1 0 0 0 1 1]
At 25601/30000: COST 0.634/0.732(0.652) -- Acc 0.550/0.520(0.608)
[0 1 1 1 0 1 1 1 0 1 1 1 1 1 0 1 0 0 1 1 0 0 1 0 0 0 0 1 1 0 0 0 1 1 1 1 1
 0 0 1 1 1 1 1 1 0 0 1 1 0 0 1 1 1 0 1 0 0 0 1 1 1 1 0 0 1 1 1 0 1 0 0 1 1
 0 0 1 1 1 1 0 0 0 0 1 1 0 1 0 1 1 1 0 1 1 0 1 0 1 1]
At 25701/30000: COST 0.615/0.721(0.651) -- Acc 0.620/0.560(0.609)
[1 1 0 1 1 1 1 1 0 1 0 1 0 1 0 1 0 0 0 1 1 1 1 1 0 1 0 1 1 0 1 1 1 1 1 0 1
 1 1 0 0 0 1 1 0 1 1 1 0 1 1 1 1 0 1 1 0 0 1 1 1 0 1 1 1 0 1 1 1 0 1 1 0 0
 1 1 1 1 1 1 1 1 0 1 1 1 1 1 1 1 1 1 0 1 1 1 0 0 1 1]
At 25801/30000: COST 0.636/0.717(0.652) -- Acc 0.530/0.560(0.606)
[1 1 0 1 1 0 1 1 1 1 1 0 1 0 1 1 0 0 1 1 1 0 1 1 0 0 0 1 0 0 0 1 1 1 1 1 1
 0 1 1 0 1 1 1 0 1 0 0 1 1 1 1 1 1 1 0 0 1 0 1 1 0 1 1 1 1 1 0 1 0 1 0 0 0
 1 0 1 1 1 1 0 1 1 1 1 1 1 1 1 1 0 0 1 1 1 1 1 1 1 1]
At 25901/30000: COST 0.673/0.704(0.656) -- Acc 0.570/0.540(0.601)
[1 1 0 1 1 0 0 1 0 0 0 1 1 0 1 0 1 0 1 0 1 1 1 1 0 0 1 1 1 0 1 1 1 0 1 1 0
 0 1 1 1 1 1 0 0 1 1 0 1 1 1 0 0 1 1 1 1 0 1 1 1 1 0 1 0 0 0 1 0 1 0 1 0 1
 0 1 0 1 0 1 1 1 0 1 1 1 1 1 1 0 0 1 1 0 1 1 0 1 0 0]
At 26001/30000: COST 0.703/0.718(0.657) -- Acc 0.550/0.560(0.598)
[0 0 1 0 0 0 1 0 1 1 0 0 0 0 1 0 0 0 0 1 0 0 1 0 1 1 1 0 0 0 0 0 0 1 0 1 1
 1 1 1 0 0 1 0 0 0 1 1 1 0 0 1 0 1 0 0 0 1 1 0 1 0 0 0 1 1 0 0 0 1 1 0 0 1
 0 1 1 0 1 1 0 0 1 1 1 1 0 1 0 0 1 0 1 0 1 1 0 1 1 1]
At 26101/30000: COST 0.661/0.702(0.660) -- Acc 0.570/0.550(0.600)
[1 0 0 1 0 1 0 1 1 1 1 0 0 1 1 1 1 1 0 1 1 0 1 0 0 0 0 1 0 1 1 0 0 1 0 1 0
 0 0 0 0 1 0 0 1 0 1 1 0 0 1 1 0 0 0 0 1 1 1 1 1 0 0 0 0 0 0 0 0 1 1 1 1 0
 1 1 1 1 1 0 1 0 1 0 0 1 1 1 1 1 0 1 0 0 0 0 1 1 1 1]
At 26201/30000: COST 0.671/0.711(0.664) -- Acc 0.520/0.550(0.595)
[1 0 0 0 1 1 0 0 0 1 0 1 0 0 1 1 1 1 1 1 0 1 1 1 0 0 1 0 1 0 0 1 0 0 1 1 0
 0 0 1 0 1 1 1 1 1 1 0 0 1 0 1 0 1 1 1 1 1 0 0 0 0 0 0 0 0 0 0 0 1 1 0 1 1
 1 1 0 0 0 1 1 0 0 1 0 0 1 0 1 1 0 1 0 1 1 1 1 1 0 0]
At 26301/30000: COST 0.680/0.704(0.662) -- Acc 0.570/0.500(0.594)
[1 1 0 1 1 1 0 0 0 1 1 1 0 0 0 1 1 1 0 1 0 0 1 1 1 0 0 1 1 1 1 0 1 1 0 1 0
 1 0 1 1 0 1 0 1 1 1 1 1 0 1 0 1 1 1 1 1 1 1 0 1 1 1 0 0 1 1 1 0 1 0 0 1 0
 0 1 1 0 1 1 1 1 0 1 0 1 1 0 1 0 1 1 1 0 0 0 1 0 1 1]
At 26401/30000: COST 0.658/0.741(0.658) -- Acc 0.630/0.520(0.600)
[0 0 1 0 1 1 0 1 1 0 1 0 0 1 0 0 0 1 1 0 1 0 0 1 0 0 0 0 1 0 1 0 0 1 1 0 0
 0 1 1 1 1 0 1 0 1 1 0 0 1 1 1 0 0 0 0 0 1 0 0 0 1 0 0 1 0 1 0 0 1 0 1 0 1
 1 1 1 0 0 0 0 0 0 0 0 1 0 1 0 1 0 0 1 1 1 1 1 1 1 1]
At 26501/30000: COST 0.604/0.712(0.658) -- Acc 0.680/0.550(0.604)
[1 1 0 1 0 0 1 0 1 0 1 1 1 0 1 1 1 1 1 1 1 0 0 1 1 1 1 0 0 0 1 1 1 1 1 1 1
 1 0 1 1 1 0 1 1 0 1 1 0 1 1 1 0 0 0 0 1 0 1 1 0 0 1 1 0 0 1 0 1 0 1 0 1 1
 1 0 0 1 0 1 1 1 1 0 0 1 1 1 1 1 1 0 1 1 1 0 1 1 1 1]
At 26601/30000: COST 0.644/0.722(0.663) -- Acc 0.620/0.550(0.591)
[0 0 1 1 0 0 1 1 0 1 0 0 0 1 1 1 1 1 1 1 1 1 1 0 0 1 0 1 1 0 1 1 1 1 1 1 0
 0 1 0 1 0 0 1 1 1 1 1 1 1 0 1 0 0 0 1 1 1 1 1 1 1 1 0 1 1 1 0 0 0 1 1 1 1
 0 0 1 0 0 1 1 1 1 1 0 0 1 0 0 1 1 1 0 1 0 1 0 0 1 1]
At 26701/30000: COST 0.628/0.751(0.666) -- Acc 0.620/0.540(0.584)
[0 1 1 1 0 1 1 0 1 0 1 0 1 1 0 0 0 1 0 1 0 1 1 1 0 1 0 0 1 1 0 0 0 1 1 1 1
 1 0 0 1 1 1 1 1 0 0 0 1 1 1 1 1 1 0 1 0 0 1 0 0 1 0 0 1 0 0 0 0 0 0 0 1 1
 0 1 1 1 1 0 0 1 1 1 0 1 1 1 1 0 0 0 0 0 0 0 0 0 0 0]
At 26801/30000: COST 0.659/0.738(0.666) -- Acc 0.590/0.490(0.592)
[0 1 1 1 1 1 0 1 0 1 1 0 0 1 1 1 0 0 0 1 1 0 1 0 1 0 0 1 1 1 1 0 0 1 1 1 1
 0 1 0 1 0 0 1 1 1 1 0 1 1 1 0 1 1 0 0 1 1 0 1 0 0 0 0 0 1 0 0 0 1 0 0 0 1
 0 1 1 1 0 1 1 1 1 0 1 1 1 1 0 1 1 1 1 1 0 1 0 1 1 0]
At 26901/30000: COST 0.721/0.733(0.665) -- Acc 0.460/0.500(0.585)
[1 1 1 1 0 1 0 1 0 1 0 0 0 0 1 0 1 0 1 0 0 0 0 1 1 1 1 1 0 1 1 1 1 0 0 1 0
 1 1 1 0 0 0 0 0 1 0 1 0 0 0 1 1 1 1 0 0 1 1 0 0 1 1 0 1 0 0 1 0 1 0 0 1 1
 0 0 1 0 1 0 0 1 1 0 1 1 0 1 1 1 1 1 1 0 1 1 1 1 1 1]
At 27001/30000: COST 0.659/0.738(0.664) -- Acc 0.650/0.450(0.588)
[1 1 1 0 0 1 1 0 1 1 0 0 1 0 0 0 0 0 0 1 1 0 1 1 1 0 0 1 0 0 0 0 1 1 0 1 1
 1 0 1 1 0 1 1 1 1 0 0 0 1 1 0 1 0 0 0 1 0 1 1 1 1 0 0 1 0 0 1 0 1 1 0 0 1
 0 0 1 1 1 0 1 0 1 0 0 0 1 0 0 1 1 0 0 1 1 0 1 0 0 0]
At 27101/30000: COST 0.658/0.709(0.667) -- Acc 0.630/0.560(0.584)
[1 0 1 1 0 1 1 0 1 0 1 1 0 1 1 0 0 1 0 0 0 1 0 1 1 0 0 0 1 0 1 0 0 0 0 1 0
 1 0 0 1 1 0 1 1 1 1 1 1 0 1 1 1 1 1 0 0 1 1 1 0 1 0 0 0 0 1 1 0 0 0 0 0 1
 0 1 0 0 1 1 0 1 1 0 0 1 0 1 1 1 1 0 1 0 0 0 0 0 0 0]
At 27201/30000: COST 0.637/0.693(0.665) -- Acc 0.650/0.520(0.585)
[1 1 1 1 1 1 1 1 0 1 1 1 0 1 1 1 1 0 1 1 1 1 1 0 0 1 0 0 0 1 1 1 0 1 1 1 1
 1 1 0 1 0 1 0 1 1 0 1 0 1 1 1 0 1 1 1 0 1 1 1 1 0 1 0 1 0 1 0 0 1 0 1 1 1
 0 1 0 1 0 0 0 0 0 0 1 1 0 0 1 0 1 1 1 0 0 1 1 0 1 1]
At 27301/30000: COST 0.653/0.683(0.663) -- Acc 0.600/0.570(0.592)
[0 0 1 1 1 1 0 0 1 1 0 1 0 0 0 0 1 1 0 1 0 1 0 0 1 1 1 1 0 1 1 1 0 1 1 0 0
 0 1 1 0 0 0 1 1 1 0 1 0 0 0 0 1 1 1 1 1 1 0 0 1 0 1 0 1 0 1 0 0 1 0 1 0 0
 0 0 1 0 0 1 0 1 1 0 1 0 1 1 1 0 1 0 0 0 1 1 1 0 0 1]
At 27401/30000: COST 0.656/0.700(0.664) -- Acc 0.570/0.540(0.584)
[0 0 0 0 0 0 0 1 0 1 0 1 1 0 0 1 1 0 1 1 1 1 1 1 0 1 0 1 1 1 0 0 1 1 0 1 0
 0 1 0 0 0 1 1 0 1 1 0 1 0 0 1 0 0 0 0 1 1 1 1 0 0 1 1 0 0 0 0 0 1 0 1 0 0
 0 0 1 0 1 1 1 0 1 0 1 0 0 1 1 0 0 0 1 0 1 1 1 0 0 1]
At 27501/30000: COST 0.629/0.683(0.664) -- Acc 0.650/0.580(0.585)
[0 0 1 0 0 0 1 1 1 0 1 0 0 1 1 1 0 0 1 0 0 1 1 1 0 1 1 1 0 1 1 0 0 0 1 1 1
 1 1 1 1 0 0 1 1 0 0 0 0 1 1 1 1 1 1 0 1 0 0 1 0 1 0 0 0 1 0 0 1 1 1 0 1 0
 1 1 1 0 0 0 0 1 1 0 1 0 0 0 1 1 0 0 1 0 1 0 1 0 1 0]
At 27601/30000: COST 0.659/0.700(0.663) -- Acc 0.580/0.550(0.588)
[1 1 1 0 0 1 0 0 0 1 0 1 0 1 0 0 0 0 0 1 0 0 1 0 1 0 0 1 1 1 1 1 1 0 0 0 0
 0 0 1 1 0 0 0 0 0 1 0 0 1 0 0 1 0 0 0 0 1 1 0 1 0 1 0 0 1 1 1 1 1 1 1 1 0
 1 1 1 1 0 1 0 1 0 1 0 0 0 1 1 0 0 0 0 0 1 1 1 1 1 0]
At 27701/30000: COST 0.678/0.730(0.661) -- Acc 0.510/0.520(0.597)
[0 0 0 0 1 1 1 0 1 1 0 0 1 1 1 0 0 0 1 0 1 0 0 1 1 1 0 1 0 1 0 1 1 1 1 0 0
 0 0 0 0 0 1 0 1 0 0 1 1 0 0 1 1 1 1 1 0 1 1 0 0 1 1 1 1 0 0 0 1 0 0 1 1 1
 0 0 0 1 0 0 1 0 0 0 0 1 1 1 0 0 0 1 1 1 0 0 0 0 1 0]
At 27801/30000: COST 0.638/0.716(0.659) -- Acc 0.550/0.540(0.595)
[1 1 1 0 0 1 1 0 0 1 1 1 1 0 1 0 0 0 0 1 0 0 0 0 1 0 0 0 0 1 1 1 0 1 0 1 1
 1 1 0 1 0 1 0 0 1 1 0 1 0 1 1 0 0 1 1 1 1 1 1 1 0 1 0 0 1 1 1 1 0 1 1 0 0
 1 1 0 0 1 1 1 1 0 1 0 0 0 1 0 1 1 0 1 1 1 1 1 1 0 0]
At 27901/30000: COST 0.623/0.722(0.651) -- Acc 0.630/0.560(0.606)
[1 0 0 0 1 0 0 1 0 0 1 0 0 0 1 1 1 0 0 0 1 0 0 0 0 1 0 1 1 0 0 0 0 0 1 0 1
 0 1 1 0 0 0 1 1 1 1 1 0 0 1 1 1 1 0 0 0 0 1 1 1 1 1 0 1 1 0 1 0 0 1 0 1 0
 0 0 1 1 0 0 0 0 0 0 1 0 1 1 0 0 1 1 1 1 1 0 1 0 0 1]
At 28001/30000: COST 0.673/0.730(0.653) -- Acc 0.550/0.550(0.603)
[1 0 1 0 1 0 1 0 0 1 0 0 1 1 0 1 0 0 0 0 1 1 1 1 1 1 1 0 0 1 0 1 0 0 1 1 0
 0 1 1 0 1 0 1 0 1 0 1 0 0 0 1 0 0 1 0 0 1 1 0 0 1 0 1 0 0 0 0 0 1 1 1 0 1
 1 0 1 1 1 1 0 1 0 1 1 0 0 0 0 1 1 0 0 0 1 1 1 1 1 0]
At 28101/30000: COST 0.631/0.767(0.651) -- Acc 0.620/0.510(0.607)
[1 1 1 1 0 1 1 1 0 0 0 1 1 1 0 0 1 0 0 1 1 1 0 0 1 1 0 0 0 0 1 1 0 1 0 1 0
 1 1 1 1 0 1 1 1 1 1 0 1 0 1 1 0 0 1 0 0 1 1 0 1 1 1 0 1 1 1 1 0 1 0 1 0 0
 1 1 1 1 0 1 0 0 0 1 1 0 1 1 1 1 1 0 0 0 1 0 0 1 1 1]
At 28201/30000: COST 0.674/0.776(0.652) -- Acc 0.560/0.550(0.608)
[0 1 1 0 0 1 1 1 0 1 1 0 1 1 1 1 1 0 0 1 1 1 0 0 0 1 0 0 1 1 0 0 1 1 1 1 1
 1 1 0 1 0 0 0 0 0 0 1 1 0 0 0 1 0 1 1 1 1 1 1 1 0 1 1 0 1 1 1 1 0 1 1 1 0
 0 0 0 1 0 1 1 0 1 1 1 0 0 1 1 1 0 0 1 1 1 1 1 0 1 1]
At 28301/30000: COST 0.694/0.727(0.653) -- Acc 0.550/0.500(0.604)
[1 1 0 0 1 1 0 1 1 0 1 0 0 0 0 1 0 1 1 0 1 1 1 0 1 1 1 0 0 0 1 1 1 0 1 1 0
 1 1 1 1 1 0 0 1 0 0 1 1 1 0 0 1 1 1 1 1 0 0 0 1 0 1 0 0 1 0 0 1 1 0 1 1 1
 1 0 1 1 1 0 1 0 1 1 1 0 1 0 0 1 0 0 0 1 0 0 0 1 0 0]
At 28401/30000: COST 0.658/0.818(0.650) -- Acc 0.600/0.520(0.606)
[0 0 1 0 1 0 0 0 1 1 0 1 0 0 0 0 0 1 0 0 0 0 1 1 0 0 0 1 0 1 0 0 0 0 1 1 0
 1 0 1 1 1 0 0 0 1 0 1 0 1 0 0 0 1 1 1 1 0 1 0 1 1 0 1 0 0 0 0 0 1 1 0 0 1
 1 1 1 0 0 1 0 0 1 0 1 0 0 0 0 0 0 1 0 1 1 1 0 0 0 1]
At 28501/30000: COST 0.676/0.727(0.648) -- Acc 0.600/0.520(0.611)
[1 1 1 1 1 1 1 1 0 0 0 1 1 1 1 0 1 1 1 1 0 1 1 1 0 0 1 0 0 0 0 1 0 1 0 1 1
 1 1 0 0 1 1 1 1 1 1 1 1 1 0 1 1 0 0 1 0 0 0 0 0 0 0 1 1 1 1 0 1 1 1 1 0 1
 1 1 0 0 0 1 0 0 1 1 1 0 1 0 0 0 0 1 0 1 0 0 0 1 1 1]
At 28601/30000: COST 0.694/0.777(0.651) -- Acc 0.620/0.560(0.607)
[0 0 1 1 0 0 1 1 1 1 0 1 1 0 1 1 1 1 0 1 1 1 0 0 1 1 0 1 0 0 0 0 1 1 0 1 1
 1 0 1 1 0 1 0 1 1 1 0 1 0 1 0 1 1 1 0 1 1 1 0 1 1 0 1 1 1 1 1 1 1 1 0 1 0
 1 1 1 0 1 1 0 0 1 0 1 1 0 0 0 1 1 1 0 0 1 1 0 0 1 0]
At 28701/30000: COST 0.637/0.750(0.646) -- Acc 0.700/0.550(0.613)
[1 0 0 1 1 1 1 1 0 1 1 1 1 1 1 1 0 1 0 0 0 0 1 0 0 0 0 0 0 1 0 1 1 1 1 0 0
 1 0 1 1 0 0 0 0 1 1 0 1 0 0 1 0 0 1 0 1 0 0 1 1 0 0 1 1 1 1 1 0 0 0 1 0 0
 1 0 1 1 1 1 1 1 0 1 1 0 0 0 1 1 0 1 1 1 0 1 1 1 0 0]
At 28801/30000: COST 0.650/0.746(0.647) -- Acc 0.600/0.510(0.610)
[1 1 1 1 1 0 1 1 0 1 1 1 1 1 1 1 1 0 1 0 0 1 1 0 0 1 1 1 1 1 1 0 0 0 0 0 1
 1 1 1 1 1 0 0 1 0 1 0 0 1 0 1 1 0 0 1 1 1 0 0 1 0 1 0 0 1 1 1 1 1 1 0 1 1
 0 1 1 0 0 1 1 1 1 1 1 0 0 0 0 0 0 1 0 0 0 0 1 0 0 1]
At 28901/30000: COST 0.619/0.761(0.646) -- Acc 0.640/0.520(0.612)
[0 1 0 1 1 0 0 1 1 1 1 1 1 1 0 0 1 1 1 1 1 0 1 0 0 1 1 1 0 0 1 1 0 1 1 1 1
 1 1 1 0 0 0 1 1 0 1 0 0 1 0 0 1 1 1 0 1 1 1 1 1 0 1 0 1 1 1 0 0 0 1 0 0 1
 1 0 0 0 1 0 1 1 1 0 0 1 0 1 1 1 1 1 1 1 0 0 1 0 1 0]
At 29001/30000: COST 0.606/0.806(0.638) -- Acc 0.600/0.540(0.618)
[0 1 1 1 1 1 1 0 1 0 1 0 0 1 1 1 1 0 1 1 1 1 0 1 1 1 1 1 1 0 1 1 0 1 0 1 0
 1 0 1 0 1 1 0 0 0 0 1 0 1 0 1 1 1 0 0 1 1 1 0 0 0 1 1 0 1 1 1 1 1 0 1 1 0
 1 1 1 0 0 0 1 0 1 1 0 0 0 1 0 0 0 0 0 0 1 1 1 0 1 0]
At 29101/30000: COST 0.660/0.741(0.641) -- Acc 0.580/0.530(0.618)
[1 0 1 0 0 0 0 0 1 1 1 0 0 0 0 1 1 1 1 0 1 0 1 0 1 0 1 0 0 1 1 0 0 0 0 0 1
 0 1 0 1 0 0 1 0 1 1 0 0 1 1 1 1 0 1 0 0 0 0 0 0 0 1 1 1 0 0 1 0 1 0 1 0 1
 0 1 1 0 0 0 1 0 1 1 1 0 0 1 0 0 0 1 0 1 1 1 0 0 1 0]
At 29201/30000: COST 0.684/0.703(0.642) -- Acc 0.600/0.580(0.618)
[0 1 1 1 0 1 0 0 0 1 1 0 0 0 0 1 0 0 1 0 0 0 1 1 0 1 0 0 1 1 0 1 1 1 1 0 0
 0 1 1 0 1 0 0 1 0 1 1 0 1 1 0 0 1 0 0 1 1 1 0 1 0 1 0 1 1 1 0 0 1 0 1 1 0
 1 1 0 1 0 1 0 0 1 1 1 1 1 0 0 1 1 1 1 1 0 0 0 1 1 1]
At 29301/30000: COST 0.635/0.731(0.645) -- Acc 0.580/0.510(0.614)
[1 0 1 0 0 0 0 1 1 0 0 1 1 0 0 0 1 1 1 1 0 0 0 0 1 1 0 1 0 1 1 0 0 1 1 0 0
 1 0 1 0 1 1 1 1 1 1 0 0 1 0 0 0 1 0 0 1 1 1 1 1 1 1 1 1 1 0 0 0 1 0 1 0 1
 0 0 0 0 1 0 1 1 0 0 1 0 0 0 0 0 0 0 1 1 1 0 1 0 0 1]
At 29401/30000: COST 0.646/0.764(0.645) -- Acc 0.630/0.520(0.611)
[1 0 1 1 0 1 1 0 1 1 0 1 0 0 1 0 1 1 0 0 0 1 0 0 0 1 0 1 0 1 0 0 0 0 1 0 1
 1 0 1 1 1 1 1 1 0 0 1 0 1 1 0 0 1 0 1 0 0 0 1 1 0 0 1 0 1 0 0 1 1 0 0 0 0
 0 1 0 1 1 0 0 1 0 1 1 0 1 1 0 1 1 1 1 1 1 1 0 0 0 0]
At 29501/30000: COST 0.626/0.744(0.646) -- Acc 0.650/0.570(0.613)
[1 1 0 0 1 1 0 1 1 1 0 0 0 0 1 0 0 1 0 1 1 0 1 1 0 1 0 1 1 0 1 0 0 1 1 0 0
 0 1 1 1 1 0 1 0 0 1 1 0 0 0 1 1 1 0 0 0 0 1 1 1 0 1 1 0 0 0 0 1 1 1 1 1 1
 0 1 0 0 0 0 0 1 0 1 1 0 1 1 1 0 0 1 0 1 0 1 1 1 1 0]
At 29601/30000: COST 0.622/0.744(0.644) -- Acc 0.660/0.520(0.618)
[1 1 0 1 1 1 0 0 0 0 0 1 1 0 0 0 1 0 0 1 0 0 0 0 0 1 0 1 0 1 0 0 1 0 1 0 0
 1 0 0 1 0 1 0 1 0 0 1 1 1 1 0 0 0 1 0 0 0 1 0 1 1 1 0 0 1 1 0 0 1 1 0 0 1
 0 1 1 0 1 1 1 0 0 0 0 0 0 1 1 1 0 1 0 0 1 0 0 0 0 0]
At 29701/30000: COST 0.631/0.726(0.649) -- Acc 0.640/0.550(0.609)
[0 1 0 0 1 1 0 0 1 1 1 0 0 0 0 0 0 1 1 1 1 1 0 0 0 1 0 0 0 0 1 1 0 0 1 1 0
 0 1 0 0 0 1 0 1 0 0 1 1 1 1 0 0 0 0 0 0 1 0 1 0 1 0 0 1 1 0 1 1 1 1 0 0 0
 1 0 0 0 1 1 0 0 1 0 1 1 0 1 0 0 1 1 1 1 1 0 0 0 0 1]
At 29801/30000: COST 0.668/0.767(0.647) -- Acc 0.580/0.520(0.615)
[0 0 1 1 0 1 0 0 0 1 0 1 1 0 1 1 1 1 0 1 1 1 0 0 1 1 0 1 0 0 0 0 0 1 0 0 1
 1 1 0 1 0 1 1 1 0 0 1 0 1 1 0 1 0 1 1 0 1 0 1 0 0 0 1 1 0 1 0 0 1 1 1 1 1
 0 0 0 1 1 1 0 1 0 0 1 0 0 0 0 1 1 1 1 1 0 1 1 0 1 0]
At 29901/30000: COST 0.637/0.697(0.650) -- Acc 0.590/0.580(0.608)
