Train 694 samples in approximately 4322 epochs
Finished computation graph
[1 1 1 1 1 1 1 1 1 1 1 1 1 1 1 1 1 1 1 1 1 1 1 1 1 1 1 1 1 1 1 1 1 1 1 1 1
 1 1 1 1 1 1 1 1 1 1 1 1 1 1 1 1 1 1 1 1 1 1 1 1 1 1 1 1 1 1 1 1 1 1 1 1 1
 1 1 1 1 1 1 1 1 1 1 1 1 1 1 1 1 1 1 1 1 1 1 1 1 1 1]
At     1/30000: COST 0.705/0.734(0.694) -- Acc 0.550/0.490(0.011)
[1 1 0 0 1 1 1 1 1 0 0 1 0 1 0 1 0 1 1 0 1 0 1 0 1 1 1 0 0 0 1 1 1 1 0 0 1
 1 1 1 0 0 1 1 1 0 0 1 1 1 1 0 1 1 0 0 1 0 0 0 0 1 0 1 1 0 0 0 1 1 1 1 1 1
 1 1 1 1 1 0 0 0 1 1 1 0 0 0 1 0 1 1 0 1 1 1 0 0 1 0]
At   101/30000: COST 0.680/0.696(0.691) -- Acc 0.580/0.480(0.348)
[1 1 1 0 1 0 1 1 0 1 1 1 1 0 1 1 1 0 1 1 1 1 0 0 0 1 1 1 1 1 1 1 1 1 0 1 1
 1 1 1 1 1 1 1 1 1 1 0 1 0 1 0 0 1 1 1 0 1 1 1 1 1 1 1 1 1 1 1 1 1 1 1 1 1
 1 1 1 1 1 1 1 1 1 1 1 1 1 1 1 1 1 1 1 1 1 1 1 1 1 1]
At   201/30000: COST 0.691/0.697(0.688) -- Acc 0.570/0.530(0.470)
[0 1 1 1 0 1 1 0 0 1 1 0 1 1 1 1 1 0 0 1 0 1 0 0 1 0 1 1 1 0 1 1 1 1 1 1 1
 0 0 1 0 1 1 1 0 1 1 1 0 1 1 0 0 1 1 0 0 1 0 1 0 1 0 1 1 0 1 1 0 0 1 1 1 1
 1 1 0 1 1 1 1 1 1 0 0 1 1 1 0 1 0 0 1 1 1 1 1 1 1 1]
At   301/30000: COST 0.680/0.711(0.685) -- Acc 0.580/0.460(0.525)
[1 1 1 1 1 1 0 1 1 1 0 1 1 0 1 1 0 1 1 1 0 0 0 1 1 1 0 1 1 0 0 0 1 1 0 0 1
 1 0 1 1 1 1 1 1 0 1 1 1 1 1 0 0 1 1 0 1 1 0 1 1 1 0 0 0 0 1 1 1 1 0 1 0 0
 1 0 1 1 1 0 0 1 1 1 1 1 1 0 0 0 1 0 1 1 1 0 1 0 1 1]
At   401/30000: COST 0.728/0.734(0.680) -- Acc 0.490/0.480(0.554)
[0 0 1 0 1 0 1 0 0 1 1 1 1 1 1 1 1 1 1 1 0 0 0 1 1 1 0 1 1 1 1 1 0 1 1 1 1
 1 0 1 1 0 1 1 0 0 1 1 1 1 1 1 1 0 1 1 1 1 1 0 1 1 0 0 0 1 0 1 0 1 0 1 1 0
 1 0 1 1 1 0 1 1 1 1 1 1 1 0 1 1 1 1 0 0 1 0 1 1 1 0]
At   501/30000: COST 0.632/0.774(0.670) -- Acc 0.660/0.440(0.581)
[1 1 1 1 0 1 1 0 1 0 1 1 1 1 1 1 1 1 1 0 0 1 1 1 1 1 1 0 0 1 1 0 0 0 1 1 1
 0 1 1 1 1 0 1 1 1 0 1 0 0 1 0 1 1 0 1 0 0 0 0 1 1 1 0 0 1 0 1 0 1 0 0 1 1
 1 1 1 1 0 1 0 1 1 0 0 0 1 1 0 1 0 0 1 1 0 1 1 0 1 0]
At   601/30000: COST 0.597/0.841(0.645) -- Acc 0.680/0.530(0.626)
[1 1 1 1 1 1 1 1 1 0 1 1 1 1 0 1 0 0 0 0 1 1 1 1 1 1 1 1 1 0 1 1 1 1 1 0 1
 1 0 1 0 1 1 1 1 1 0 1 0 0 0 1 0 1 1 1 1 0 1 1 0 0 1 1 0 0 1 1 0 1 1 1 1 1
 1 0 1 1 1 0 1 1 0 0 0 1 1 1 1 1 1 0 1 1 1 0 1 0 1 0]
At   701/30000: COST 0.544/1.063(0.587) -- Acc 0.740/0.450(0.685)
[1 0 1 0 1 1 0 1 1 1 1 0 0 0 0 1 1 0 0 0 1 1 1 1 1 1 0 1 1 1 0 1 0 1 0 1 1
 1 1 1 1 1 0 1 1 1 0 1 0 1 1 1 1 1 1 1 0 0 1 0 1 0 1 0 0 0 1 1 1 0 1 1 1 0
 0 0 1 1 0 0 1 0 1 1 1 1 1 1 0 1 1 1 1 1 1 1 1 1 1 0]
At   801/30000: COST 0.325/1.459(0.507) -- Acc 0.880/0.440(0.748)
[0 1 1 0 1 1 0 1 0 1 1 1 1 1 1 0 1 1 1 1 0 1 1 1 0 0 0 1 1 0 1 0 0 1 1 0 0
 1 1 1 1 0 1 0 1 1 0 0 0 1 1 1 0 0 0 1 1 1 0 1 1 0 0 1 0 1 0 1 0 1 1 0 0 0
 0 1 1 0 1 1 0 0 1 0 1 0 1 1 1 1 0 0 1 0 1 1 1 0 0 1]
At   901/30000: COST 0.332/1.834(0.409) -- Acc 0.860/0.430(0.812)
[1 0 0 1 0 1 0 0 1 1 1 0 1 1 0 1 0 1 1 0 1 0 1 0 0 1 0 1 1 1 1 0 1 1 0 0 1
 1 0 1 1 1 1 1 1 0 0 1 0 1 1 1 0 0 0 1 0 1 1 1 1 1 1 1 1 1 0 1 1 0 1 1 0 0
 1 0 1 1 1 1 0 1 1 1 1 0 0 1 0 1 1 0 1 1 0 1 0 0 1 1]
At  1001/30000: COST 0.225/2.065(0.298) -- Acc 0.880/0.480(0.872)
[1 0 0 1 1 0 1 1 1 1 1 0 1 1 0 1 1 1 1 0 1 1 1 1 0 1 0 1 1 0 1 1 1 0 1 1 0
 1 1 0 1 1 0 1 1 1 1 1 1 1 1 0 1 1 1 0 0 0 0 1 1 1 0 1 1 1 1 1 1 1 0 0 0 1
 1 0 1 0 1 1 1 1 0 0 1 1 0 1 0 0 1 0 1 1 1 0 1 1 0 1]
At  1101/30000: COST 0.199/2.695(0.199) -- Acc 0.910/0.450(0.921)
[0 0 1 1 0 0 1 0 1 1 1 0 1 0 1 0 1 1 1 0 1 1 1 1 0 1 1 0 0 1 1 0 1 1 1 0 0
 0 1 1 1 1 1 0 1 0 1 1 1 1 1 1 1 1 1 1 0 0 0 1 1 0 1 1 1 1 0 0 0 0 0 0 1 0
 1 1 1 0 1 0 1 0 1 0 1 0 1 1 0 1 0 1 0 0 1 0 0 1 1 1]
At  1201/30000: COST 0.068/2.946(0.144) -- Acc 0.990/0.450(0.948)
[1 1 0 1 0 1 1 1 1 1 1 1 1 1 0 1 0 1 0 1 0 1 1 0 1 0 0 1 1 0 1 1 1 1 1 0 0
 1 1 1 1 1 0 0 0 0 1 1 1 0 0 1 1 0 1 0 0 1 1 1 1 1 1 1 0 1 1 0 0 1 1 0 1 1
 1 0 1 0 1 1 1 0 1 1 0 0 0 1 0 1 1 1 0 1 1 0 1 1 1 0]
At  1301/30000: COST 0.070/3.207(0.106) -- Acc 0.970/0.460(0.964)
[0 1 1 1 1 0 0 0 1 0 1 1 0 1 0 1 0 1 1 1 0 1 1 1 1 1 1 1 0 0 0 1 1 1 1 0 1
 0 1 0 1 0 0 1 1 0 0 0 0 1 1 1 1 1 1 1 1 0 0 1 1 0 1 0 1 1 0 1 0 1 1 0 1 1
 0 0 0 0 1 1 1 1 0 0 1 0 1 0 1 0 0 1 1 0 0 1 0 1 1 0]
At  1401/30000: COST 0.089/2.628(0.088) -- Acc 0.960/0.550(0.971)
[1 1 1 1 0 0 1 1 0 1 0 0 1 1 1 1 0 0 1 0 0 0 0 0 0 1 1 0 1 1 1 0 1 1 1 1 1
 0 1 1 1 0 1 0 0 1 0 0 0 0 1 1 1 0 1 1 1 1 1 1 0 1 1 1 1 0 1 0 1 1 1 1 0 1
 1 1 1 1 1 1 1 1 1 0 1 0 1 1 1 1 1 1 1 0 1 0 0 1 0 1]
At  1501/30000: COST 0.029/2.910(0.069) -- Acc 0.980/0.490(0.978)
[0 1 1 1 0 1 1 0 1 1 1 0 0 1 1 1 1 1 0 0 0 1 0 0 1 1 1 0 1 1 1 1 1 1 1 0 1
 1 1 0 1 0 1 1 1 1 0 1 1 1 0 1 0 0 1 1 1 0 1 0 1 1 0 1 0 1 1 1 0 0 0 1 1 0
 1 1 0 0 0 0 1 1 0 0 0 1 0 1 0 1 0 1 1 1 1 1 1 1 1 0]
At  1601/30000: COST 0.008/3.430(0.037) -- Acc 1.000/0.500(0.989)
[1 1 1 1 1 1 1 1 1 1 1 1 1 1 1 0 0 1 0 1 1 0 1 1 1 1 0 1 1 0 0 1 1 0 1 0 1
 0 1 1 1 1 0 1 0 0 1 1 1 1 0 1 0 1 1 1 1 1 0 1 0 1 1 0 0 1 1 1 0 1 0 1 1 1
 0 0 1 0 0 1 1 1 0 0 1 1 1 0 0 1 1 1 0 1 1 0 1 0 0 1]
At  1701/30000: COST 0.408/3.599(0.049) -- Acc 0.920/0.460(0.986)
[0 0 0 1 1 1 1 1 0 0 1 1 1 1 1 0 0 1 1 1 1 0 0 1 0 0 1 0 0 0 1 0 1 0 1 1 1
 0 0 1 1 0 1 1 0 1 1 0 0 0 0 1 0 1 0 1 0 0 0 1 0 0 0 1 1 1 1 1 0 1 1 1 1 0
 0 1 1 1 1 1 1 1 1 1 0 0 1 0 1 1 1 1 1 0 1 1 1 1 1 1]
At  1801/30000: COST 0.005/3.432(0.061) -- Acc 1.000/0.480(0.980)
[1 0 1 0 0 1 1 0 1 1 0 0 1 1 0 0 1 1 1 1 1 0 0 1 1 0 1 1 1 1 1 1 1 1 1 1 1
 0 1 1 1 1 1 0 1 1 1 1 1 1 0 1 0 0 0 1 0 1 0 1 0 1 0 0 1 1 0 1 0 0 1 1 0 1
 1 0 1 1 1 1 1 1 1 1 1 0 0 0 0 0 0 1 1 0 1 0 0 0 1 1]
At  1901/30000: COST 0.003/3.752(0.032) -- Acc 1.000/0.500(0.991)
[1 1 0 0 0 1 0 0 1 1 0 1 1 1 0 0 1 1 1 0 1 1 0 1 0 1 0 0 1 1 1 1 1 1 1 1 0
 0 0 1 0 1 1 0 1 0 1 1 0 1 1 0 1 1 0 0 0 0 1 1 0 1 1 0 1 1 1 1 1 1 1 1 1 1
 1 1 1 1 0 0 1 0 1 0 0 0 1 0 0 1 0 1 1 1 0 1 1 1 1 0]
At  2001/30000: COST 0.283/3.870(0.042) -- Acc 0.920/0.430(0.988)
[0 1 0 1 0 1 1 1 1 1 1 1 1 1 0 1 1 1 0 0 1 0 0 1 0 1 1 1 1 1 0 1 1 0 1 1 0
 0 0 0 1 1 0 0 1 0 1 1 1 0 1 0 1 1 0 1 1 1 1 0 0 0 1 0 0 1 1 0 1 1 0 0 0 1
 1 0 1 0 0 1 1 0 1 0 1 1 1 1 1 0 1 1 1 0 1 1 0 0 1 0]
At  2101/30000: COST 0.046/3.348(0.046) -- Acc 0.990/0.510(0.985)
[1 0 1 1 0 1 1 1 1 1 1 0 1 1 1 1 0 1 1 1 1 1 0 1 1 0 0 1 1 1 1 1 0 1 0 1 1
 1 0 0 0 1 1 1 1 0 0 1 1 0 1 0 1 1 0 1 0 1 1 0 1 0 1 0 1 1 0 0 0 0 1 1 1 1
 0 0 1 0 1 0 0 0 0 0 0 0 1 1 1 1 0 1 1 0 1 1 0 1 0 0]
At  2201/30000: COST 0.006/3.526(0.030) -- Acc 1.000/0.510(0.991)
[0 1 1 1 1 1 1 0 1 1 1 1 0 0 1 1 0 1 1 0 0 1 0 1 0 1 1 1 1 0 0 0 1 1 1 0 1
 1 1 0 1 0 0 0 1 1 1 0 0 1 1 0 1 1 0 0 0 1 0 1 0 0 0 0 1 0 1 1 0 1 0 0 1 1
 0 1 1 1 1 0 1 1 1 1 1 1 1 0 1 1 1 1 1 1 1 1 0 0 0 1]
At  2301/30000: COST 0.002/4.045(0.014) -- Acc 1.000/0.490(0.996)
[1 0 0 1 0 1 1 1 1 1 0 1 0 1 0 1 1 1 0 0 0 1 1 1 0 0 0 0 0 1 1 0 1 1 0 1 1
 1 1 1 1 1 0 1 0 1 0 0 1 0 1 0 1 1 0 1 1 0 1 0 1 1 1 1 1 0 0 1 1 1 1 0 0 1
 0 0 1 1 1 1 0 0 1 0 1 1 1 1 1 0 1 1 1 0 0 0 1 0 1 1]
At  2401/30000: COST 0.007/3.713(0.022) -- Acc 1.000/0.480(0.994)
[0 1 0 1 1 1 1 1 1 1 1 1 0 1 1 0 0 1 1 1 1 0 1 0 1 1 1 0 0 1 0 1 0 1 1 1 1
 1 1 0 0 1 1 0 1 1 1 0 1 0 1 0 0 1 1 1 1 0 0 0 1 0 0 1 0 0 0 0 1 0 1 0 1 1
 1 1 0 0 0 1 1 0 0 1 1 0 1 0 1 0 0 0 1 1 1 1 1 0 1 0]
At  2501/30000: COST 0.176/3.314(0.053) -- Acc 0.940/0.440(0.984)
[0 0 1 0 0 1 1 1 1 0 1 0 0 1 0 0 1 0 1 1 1 0 1 1 0 1 0 1 1 1 0 1 0 1 0 1 1
 1 1 1 0 1 0 1 1 0 0 1 0 1 0 1 1 1 0 1 1 0 1 0 1 1 1 1 1 1 1 1 1 1 0 1 0 1
 0 0 0 1 1 0 1 0 1 0 1 0 0 0 0 0 1 0 0 0 0 1 1 1 1 0]
At  2601/30000: COST 0.011/3.520(0.045) -- Acc 1.000/0.500(0.987)
[1 1 1 1 0 0 1 1 1 1 1 1 1 0 0 0 1 1 1 1 0 1 0 0 1 1 0 0 1 1 1 1 0 1 1 1 1
 0 0 1 1 0 1 0 1 0 0 0 0 0 1 1 1 1 1 0 1 1 1 0 0 0 1 1 1 0 0 1 1 0 1 1 0 0
 0 0 0 1 0 0 1 1 1 0 0 1 1 0 1 1 1 0 0 0 1 0 1 1 0 0]
At  2701/30000: COST 0.003/3.623(0.022) -- Acc 1.000/0.520(0.994)
[1 1 1 1 0 1 1 1 1 0 0 1 1 1 1 1 1 0 0 0 0 0 0 0 1 0 0 0 1 0 1 1 1 1 1 1 1
 1 0 0 0 0 1 0 1 1 1 1 0 1 1 1 1 0 0 0 1 1 1 0 1 0 0 1 1 0 1 1 0 0 1 1 0 0
 1 0 0 0 1 1 0 1 0 1 1 0 0 1 0 1 1 0 1 0 0 1 0 0 1 1]
At  2801/30000: COST 0.026/3.651(0.032) -- Acc 0.990/0.450(0.990)
[1 1 1 1 1 1 1 0 1 0 0 0 0 0 1 0 0 0 1 0 1 0 1 0 1 1 1 1 1 0 1 1 0 1 1 0 1
 1 0 1 0 0 1 0 1 1 0 1 1 1 0 1 0 0 0 0 1 0 0 1 0 0 0 1 1 1 0 0 1 0 1 0 1 1
 1 1 0 0 1 0 1 1 1 1 1 1 0 1 1 0 1 1 1 1 1 0 1 1 0 1]
At  2901/30000: COST 0.035/3.295(0.021) -- Acc 0.980/0.560(0.994)
[1 1 1 1 0 0 1 1 0 1 1 1 0 1 0 0 0 0 1 1 0 0 1 0 1 1 0 0 1 1 1 0 0 1 1 0 1
 1 0 0 1 1 1 1 0 0 0 0 1 1 1 1 1 0 0 1 1 1 1 0 0 1 1 1 1 1 1 0 0 1 1 1 0 1
 0 0 1 1 1 0 1 1 1 1 1 1 1 1 1 0 0 1 0 0 0 1 1 0 1 1]
At  3001/30000: COST 0.002/3.828(0.012) -- Acc 1.000/0.550(0.997)
[1 0 0 0 0 1 1 0 1 1 1 0 0 1 1 1 1 1 1 1 0 1 1 0 1 0 1 0 1 1 1 1 1 1 0 1 1
 1 0 0 1 1 1 0 1 0 0 0 1 1 1 0 1 1 1 0 0 0 1 0 1 0 1 0 1 1 1 0 1 0 0 0 0 1
 0 0 1 0 0 1 0 1 1 1 0 1 1 1 0 0 0 1 0 0 1 0 0 1 1 1]
At  3101/30000: COST 0.001/3.883(0.006) -- Acc 1.000/0.500(0.999)
[1 0 0 0 1 1 0 1 1 0 1 1 1 1 0 1 1 1 0 0 0 1 1 0 0 0 1 1 1 0 1 1 1 1 1 1 0
 1 1 1 1 1 0 0 1 1 0 0 0 1 0 1 0 1 0 0 0 1 1 1 0 0 0 0 1 0 1 0 0 1 0 0 0 0
 1 0 0 1 1 1 1 1 1 0 1 1 1 0 0 1 0 1 1 1 1 0 0 1 1 0]
At  3201/30000: COST 0.001/4.156(0.004) -- Acc 1.000/0.530(0.999)
[0 1 0 1 0 0 1 0 1 1 0 0 1 1 1 1 1 1 1 1 0 1 1 1 0 0 0 0 0 1 1 1 0 1 1 1 1
 0 1 0 1 0 1 1 1 1 0 0 0 1 1 1 1 0 1 1 1 1 1 1 1 0 0 1 1 1 1 0 1 1 0 0 1 1
 1 1 0 1 1 0 1 1 0 0 1 0 0 1 0 1 1 0 0 0 1 0 0 1 1 1]
At  3301/30000: COST 0.020/2.755(0.064) -- Acc 0.990/0.490(0.980)
[1 1 0 1 0 0 0 1 1 1 0 0 0 0 1 1 0 1 0 1 1 0 1 1 1 1 1 1 1 0 0 1 1 1 0 1 0
 1 0 0 1 1 1 1 1 0 0 1 0 0 1 0 0 1 0 1 0 1 1 1 1 0 1 1 1 0 0 0 0 0 1 0 1 0
 1 1 0 1 1 1 1 1 1 1 1 1 0 0 1 1 1 1 0 1 1 0 1 0 1 0]
At  3401/30000: COST 0.012/2.971(0.042) -- Acc 0.990/0.510(0.988)
[1 1 0 1 0 0 0 1 0 1 0 1 1 1 1 0 1 1 1 0 1 1 1 1 1 1 1 1 1 1 1 1 1 0 0 1 1
 0 0 1 1 1 0 0 0 1 1 0 1 0 0 1 1 0 1 1 0 1 0 0 1 1 1 0 0 1 1 0 0 0 0 0 1 1
 0 1 1 1 1 1 1 1 0 0 1 1 1 1 0 1 1 1 1 0 1 1 1 0 1 1]
At  3501/30000: COST 0.002/3.426(0.021) -- Acc 1.000/0.520(0.994)
[0 0 0 1 1 1 0 0 1 1 1 1 1 1 0 0 1 1 1 1 1 1 1 1 1 1 0 1 1 0 0 1 0 1 1 0 1
 0 1 0 0 0 0 1 0 0 1 1 1 1 1 1 0 0 0 1 1 1 0 1 0 0 1 1 0 1 1 1 0 1 1 1 1 0
 1 1 1 1 1 1 1 1 1 1 0 1 0 1 1 0 1 0 0 0 1 0 1 1 0 0]
At  3601/30000: COST 0.007/3.591(0.010) -- Acc 1.000/0.540(0.998)
[1 1 0 1 0 0 1 1 0 1 0 1 1 0 1 0 0 1 0 1 1 0 1 0 1 1 0 1 0 0 0 1 1 1 0 0 1
 1 0 1 0 1 0 1 0 1 1 0 1 0 0 1 0 0 1 1 0 0 1 1 1 1 1 1 1 1 1 1 0 0 0 1 1 0
 1 1 1 0 1 1 1 1 1 0 1 0 1 1 0 1 1 1 1 0 0 1 1 1 1 0]
At  3701/30000: COST 0.002/3.740(0.005) -- Acc 1.000/0.500(0.999)
[0 1 1 0 1 1 1 0 0 1 1 1 1 1 1 1 0 1 1 1 1 1 0 0 1 0 0 0 0 1 1 0 1 1 0 1 1
 1 0 0 0 1 0 1 1 0 0 1 0 1 1 1 1 1 0 0 0 0 1 1 1 1 1 1 0 0 1 0 0 0 1 1 1 1
 1 0 0 0 1 0 0 1 1 0 0 1 1 1 0 1 1 1 1 0 1 0 1 1 0 1]
At  3801/30000: COST 0.027/3.837(0.013) -- Acc 0.990/0.550(0.996)
[0 0 1 0 0 1 0 1 0 1 1 1 1 0 1 1 1 1 0 1 0 1 0 0 1 0 0 0 0 1 0 0 1 1 0 1 1
 1 0 1 1 0 0 0 0 1 1 1 1 0 1 0 0 0 1 1 1 0 0 1 1 1 0 1 1 1 1 1 0 1 0 1 0 1
 0 1 1 1 1 1 1 0 1 0 0 1 1 1 1 0 1 1 0 1 1 1 1 0 1 1]
At  3901/30000: COST 0.008/3.357(0.040) -- Acc 1.000/0.450(0.988)
[0 1 0 0 1 0 0 1 1 0 1 1 1 1 1 0 0 0 1 1 0 1 1 0 0 1 0 1 0 1 0 1 1 1 1 1 1
 0 1 0 0 0 1 1 1 1 0 1 0 0 0 1 0 0 1 1 1 0 1 1 1 1 0 0 0 1 1 1 0 1 1 1 1 1
 1 1 1 1 1 0 1 1 1 1 1 0 0 0 0 1 1 1 0 0 0 1 1 0 0 0]
At  4001/30000: COST 0.024/3.870(0.022) -- Acc 0.990/0.420(0.994)
[1 1 0 0 0 0 1 1 1 1 0 0 1 1 0 0 1 0 1 0 1 0 0 0 0 1 1 1 1 0 0 1 1 0 0 0 1
 1 1 1 1 0 1 1 1 1 1 0 1 0 1 1 1 0 1 1 1 1 0 1 1 0 0 1 1 0 1 0 1 0 0 1 1 1
 1 0 0 1 1 1 1 1 1 1 0 1 0 0 1 1 1 0 1 1 1 0 0 0 1 0]
At  4101/30000: COST 0.005/3.587(0.013) -- Acc 1.000/0.510(0.996)
[1 1 1 1 0 1 0 0 0 0 1 1 1 0 0 1 0 1 1 1 0 1 1 0 1 1 1 0 1 1 0 1 0 1 1 0 1
 1 1 1 1 1 1 1 1 1 1 1 1 1 1 1 1 0 1 0 0 1 1 1 1 0 1 0 1 1 0 0 1 1 1 1 1 1
 0 1 1 0 1 1 1 0 1 1 1 1 0 0 1 1 1 1 0 1 1 0 0 0 1 1]
At  4201/30000: COST 0.059/3.967(0.015) -- Acc 0.980/0.470(0.996)
[1 1 1 0 0 1 1 1 1 1 1 1 1 1 1 0 0 1 1 1 1 0 0 0 1 1 1 0 1 0 1 0 1 1 1 1 0
 1 1 0 1 0 1 1 0 0 0 1 1 1 1 1 0 1 1 1 0 0 0 0 1 1 1 1 1 1 0 0 0 1 1 1 1 1
 0 1 0 1 0 1 0 1 1 1 1 1 1 1 1 0 0 0 1 1 0 1 0 1 1 1]
At  4301/30000: COST 0.005/3.443(0.039) -- Acc 1.000/0.500(0.989)
[1 1 1 1 0 0 0 1 1 1 0 1 0 0 0 1 1 1 0 1 1 1 1 1 0 0 1 0 1 0 0 0 1 1 1 1 0
 1 0 1 0 1 0 1 1 0 0 1 0 1 0 1 1 0 1 1 1 1 0 1 1 0 1 1 1 1 1 0 0 1 0 0 1 1
 0 0 1 1 0 1 1 0 1 1 1 1 0 1 1 1 1 0 1 1 0 0 1 1 1 0]
At  4401/30000: COST 0.007/3.725(0.023) -- Acc 1.000/0.470(0.994)
[0 1 0 1 1 1 1 1 1 0 1 0 1 1 0 1 0 0 0 0 0 0 0 0 0 1 1 1 1 1 1 0 1 0 1 1 0
 1 1 1 1 1 1 1 1 1 0 1 1 1 0 0 0 0 1 0 0 1 0 1 1 0 1 1 1 1 1 1 0 1 1 0 0 1
 1 1 1 0 1 1 1 0 1 1 1 1 1 1 1 0 0 1 1 1 1 1 1 0 1 1]
At  4501/30000: COST 0.003/3.947(0.011) -- Acc 1.000/0.490(0.997)
[1 1 1 0 0 0 1 1 1 1 1 1 1 1 0 0 1 1 1 0 1 0 1 0 1 0 0 0 1 1 1 1 1 1 0 0 1
 1 1 0 0 1 0 1 0 1 1 1 1 1 1 1 0 0 1 1 1 1 1 1 0 0 1 0 0 0 0 1 1 1 0 0 1 1
 1 1 1 0 0 0 1 0 1 1 1 0 1 0 0 1 1 1 0 1 1 0 0 1 1 0]
At  4601/30000: COST 0.058/3.825(0.008) -- Acc 0.980/0.470(0.998)
[1 1 1 0 1 1 1 0 0 0 0 0 1 1 1 1 1 0 1 1 1 1 0 1 1 0 1 0 1 1 0 0 0 0 1 0 1
 0 1 1 0 1 1 1 1 1 1 1 1 1 0 1 1 0 0 1 1 0 1 1 1 1 1 1 1 1 0 0 1 0 0 1 1 1
 1 1 1 0 0 1 0 1 0 0 1 1 0 0 0 1 0 0 0 1 1 1 1 1 1 0]
At  4701/30000: COST 0.002/4.212(0.010) -- Acc 1.000/0.480(0.997)
[1 1 1 1 1 1 0 1 1 0 1 1 0 1 0 1 0 1 0 1 1 0 1 1 0 0 0 1 0 1 0 1 1 1 0 1 1
 1 1 1 1 1 0 0 0 0 0 1 0 1 1 1 1 1 1 1 0 0 1 1 1 1 1 0 1 0 0 1 1 1 0 1 1 1
 0 1 1 1 1 0 1 0 0 1 0 0 0 0 0 1 0 1 0 0 1 1 0 1 0 1]
At  4801/30000: COST 0.079/3.603(0.032) -- Acc 0.960/0.500(0.993)
[0 1 1 1 1 1 0 0 1 1 0 0 1 1 0 1 0 1 1 1 1 1 0 1 0 1 0 1 0 1 1 0 1 1 0 0 0
 1 0 1 1 0 0 0 0 0 0 1 1 0 1 1 0 0 0 0 1 0 1 1 0 0 0 1 0 0 0 0 0 1 1 0 1 1
 1 1 0 0 1 1 1 0 0 0 0 0 1 1 1 1 1 0 1 0 1 1 0 0 1 0]
At  4901/30000: COST 0.016/3.337(0.048) -- Acc 0.990/0.520(0.986)
[1 1 1 1 0 0 1 1 0 0 0 1 0 1 0 1 1 1 1 0 0 1 0 1 1 1 1 1 0 0 0 1 1 0 1 0 0
 0 0 1 1 1 0 1 1 1 1 1 0 0 1 1 1 1 1 0 1 1 1 0 0 0 1 1 0 1 1 0 0 1 1 1 1 1
 1 0 1 1 0 1 1 0 1 1 1 1 1 1 1 1 0 1 0 0 1 1 1 0 1 0]
At  5001/30000: COST 0.015/3.503(0.044) -- Acc 0.990/0.470(0.987)
[1 1 1 1 1 0 0 1 0 0 0 1 0 1 0 0 1 1 0 0 1 1 1 1 1 1 0 1 0 0 1 1 1 0 1 1 0
 0 1 1 1 1 0 1 1 0 1 1 0 0 1 1 1 1 0 0 1 0 1 1 0 0 0 1 0 0 1 1 0 1 1 1 0 0
 0 1 1 1 1 0 1 0 0 1 1 1 1 0 1 1 1 0 0 1 1 1 1 1 0 0]
At  5101/30000: COST 0.004/3.606(0.034) -- Acc 1.000/0.450(0.990)
[1 1 1 1 1 0 1 1 0 0 1 1 1 1 0 1 1 1 1 1 0 1 1 0 1 0 0 1 1 1 1 0 1 0 1 0 0
 1 1 1 0 1 0 0 0 0 0 1 1 1 0 0 1 0 1 0 0 0 1 0 0 1 1 1 1 1 1 1 1 0 1 0 0 1
 0 0 1 1 1 1 0 0 1 0 0 1 1 0 1 0 1 0 0 1 0 1 1 1 1 0]
At  5201/30000: COST 0.004/4.109(0.020) -- Acc 1.000/0.420(0.994)
[1 1 1 0 0 1 1 1 0 1 0 0 1 1 1 1 0 0 0 0 0 0 1 1 0 1 1 0 1 1 1 0 1 1 0 1 0
 0 1 1 0 0 1 1 1 1 1 1 0 1 0 1 1 1 0 1 1 1 1 0 0 1 1 0 1 0 1 1 0 0 0 1 1 1
 1 0 1 0 1 0 1 1 1 1 1 1 1 1 0 1 1 1 1 0 0 1 0 1 0 0]
At  5301/30000: COST 0.001/4.037(0.010) -- Acc 1.000/0.430(0.997)
[0 0 0 0 1 1 1 0 1 1 0 1 1 1 1 1 1 1 1 0 0 1 0 1 1 0 1 1 1 1 0 0 1 0 0 1 1
 0 0 1 1 0 0 1 1 1 1 0 1 0 1 0 0 1 0 1 1 0 1 1 0 1 1 1 1 1 0 1 1 1 0 0 1 0
 1 1 0 0 1 0 0 1 1 1 1 1 0 0 0 1 0 1 1 1 0 1 1 1 1 1]
At  5401/30000: COST 0.001/4.171(0.005) -- Acc 1.000/0.430(0.999)
[1 0 1 0 1 0 1 0 0 0 1 1 1 0 0 1 0 0 1 1 0 1 1 0 1 1 1 1 0 1 1 0 1 1 0 1 1
 0 1 1 1 1 0 1 1 0 0 1 0 1 0 1 1 1 1 1 0 1 1 0 1 0 0 1 0 0 1 1 1 0 0 0 0 1
 0 1 1 1 1 1 1 1 1 0 0 1 1 0 1 1 1 1 0 1 1 1 0 0 1 1]
At  5501/30000: COST 0.011/4.588(0.005) -- Acc 0.990/0.490(0.999)
[0 0 0 0 0 1 1 1 1 1 1 1 1 1 1 0 1 1 1 0 1 1 0 0 0 1 0 1 1 0 1 0 1 1 1 0 1
 1 1 1 0 0 1 1 1 0 0 1 1 0 1 1 0 1 0 1 1 1 1 1 1 1 1 1 1 0 0 0 1 1 0 0 1 0
 0 0 0 1 1 1 1 0 1 1 0 0 1 1 0 0 0 1 0 1 0 1 1 1 1 0]
At  5601/30000: COST 0.001/4.388(0.004) -- Acc 1.000/0.460(0.999)
[1 0 1 0 1 1 1 0 0 1 1 1 1 1 1 1 1 1 1 1 0 0 1 0 0 1 1 1 1 0 1 1 0 0 1 0 1
 0 0 1 1 1 1 1 0 1 0 0 1 1 1 0 0 1 1 1 1 0 0 0 0 1 1 1 1 1 1 1 1 1 1 0 1 0
 0 1 0 1 1 1 1 1 0 0 0 1 1 1 0 1 0 0 0 1 0 1 0 0 1 0]
At  5701/30000: COST 0.007/4.273(0.003) -- Acc 1.000/0.450(0.999)
[0 0 1 1 1 0 1 1 1 0 1 1 1 0 1 0 1 1 1 1 1 1 1 1 0 1 1 0 0 0 0 1 1 0 0 1 0
 1 1 0 1 0 1 0 1 1 0 1 0 1 0 1 1 0 0 1 1 1 0 0 0 0 0 1 1 0 1 1 0 1 1 0 0 1
 0 1 1 1 1 0 0 0 0 0 1 1 1 0 0 0 1 0 1 1 1 1 0 0 0 1]
At  5801/30000: COST 0.137/3.861(0.038) -- Acc 0.970/0.510(0.989)
[1 1 1 0 1 1 1 0 0 0 1 1 1 0 0 1 1 0 1 1 1 1 0 0 1 0 0 1 0 1 0 0 1 0 1 1 1
 0 1 1 0 0 1 1 1 1 0 1 1 0 1 1 0 0 1 0 1 1 1 0 1 1 1 0 1 0 1 0 0 0 1 0 1 0
 1 1 0 0 1 1 0 1 0 1 1 0 1 0 1 0 1 1 1 1 1 0 0 1 1 0]
At  5901/30000: COST 0.004/3.659(0.024) -- Acc 1.000/0.480(0.993)
[0 1 1 0 1 0 1 0 1 0 1 1 1 0 0 0 1 0 1 0 0 1 1 0 1 0 0 1 1 0 1 1 1 0 1 1 1
 0 1 1 1 1 1 0 1 0 1 0 0 0 1 1 0 1 1 1 0 0 1 1 1 1 0 0 0 1 0 0 1 1 0 0 1 1
 0 1 0 1 1 1 0 0 0 1 0 1 1 0 1 0 0 1 1 1 1 0 1 1 1 0]
At  6001/30000: COST 0.004/3.750(0.019) -- Acc 1.000/0.520(0.994)
[0 1 0 1 0 1 1 1 1 0 0 1 1 1 0 1 1 1 1 0 0 0 1 0 1 1 0 0 1 1 1 0 0 1 0 0 0
 1 0 0 0 1 1 0 0 1 1 1 1 1 1 0 0 1 1 0 1 1 1 0 1 1 1 0 1 1 1 1 1 0 1 1 0 0
 0 0 1 1 0 0 1 1 0 1 0 0 0 1 1 0 0 1 1 1 0 1 0 1 1 0]
At  6101/30000: COST 0.004/3.662(0.012) -- Acc 1.000/0.540(0.996)
[1 0 1 1 1 1 0 0 1 1 1 0 1 1 1 1 0 1 0 1 1 1 1 1 0 1 0 0 1 1 0 1 0 0 0 1 1
 0 0 0 0 1 1 1 0 1 0 1 0 1 0 1 0 0 1 1 1 0 0 1 1 0 1 1 0 0 1 1 1 0 0 1 1 1
 0 0 0 1 0 1 0 0 0 0 1 1 1 0 0 1 1 1 1 1 1 0 1 1 1 1]
At  6201/30000: COST 0.038/3.826(0.011) -- Acc 0.990/0.480(0.996)
[0 0 0 0 0 0 1 1 0 0 1 1 1 1 0 0 1 0 1 0 0 0 0 1 0 1 1 1 0 1 1 1 0 1 0 1 1
 1 0 1 1 0 0 1 1 1 1 1 1 0 1 0 1 1 1 0 1 1 0 1 0 1 1 0 0 0 1 1 0 1 0 1 1 1
 0 0 1 1 0 0 1 1 1 0 1 1 1 1 0 1 0 1 0 1 1 0 1 1 0 0]
At  6301/30000: COST 0.016/4.315(0.012) -- Acc 0.990/0.460(0.996)
[0 1 0 1 1 1 0 0 0 1 1 0 0 1 0 0 0 0 1 0 1 1 1 1 0 0 0 1 0 0 0 1 1 0 1 1 1
 1 1 0 0 1 0 0 0 0 0 0 0 1 0 1 1 0 0 1 0 0 1 0 0 1 1 1 1 1 0 0 1 1 1 0 1 1
 1 0 1 0 0 1 1 0 1 1 1 0 0 0 1 1 1 1 0 1 0 1 0 1 0 1]
At  6401/30000: COST 0.002/4.570(0.009) -- Acc 1.000/0.460(0.998)
[0 1 1 1 0 1 0 0 1 0 1 1 0 0 0 1 1 1 1 1 1 0 0 1 1 1 0 0 1 1 1 1 1 1 1 1 1
 1 1 0 1 1 0 1 0 0 0 0 0 1 0 0 0 0 0 1 0 0 1 1 1 0 1 1 1 1 1 0 1 1 1 1 1 1
 1 1 1 1 0 0 1 0 1 0 1 0 1 1 1 0 0 0 0 0 0 0 0 1 1 1]
At  6501/30000: COST 0.127/4.116(0.017) -- Acc 0.970/0.500(0.996)
[0 1 1 0 0 1 0 0 0 1 1 1 0 1 1 1 1 1 0 0 0 1 1 0 0 0 0 1 1 1 0 1 0 1 1 1 1
 0 0 1 1 1 0 1 1 0 1 0 0 1 1 1 1 1 1 0 0 0 1 1 1 0 0 1 0 0 1 1 0 1 0 1 0 1
 0 1 1 1 1 0 1 1 1 1 0 1 1 0 0 1 0 0 1 1 1 0 0 1 1 0]
At  6601/30000: COST 0.025/3.213(0.034) -- Acc 0.990/0.490(0.990)
[1 1 0 1 1 0 1 1 0 1 1 1 0 1 0 0 0 1 0 1 0 1 0 1 1 0 1 1 0 1 1 0 0 0 1 0 1
 1 0 1 1 1 1 1 1 1 1 1 1 1 1 1 0 0 0 0 0 1 1 1 0 1 0 0 1 0 1 1 1 0 0 0 1 0
 1 1 0 1 1 1 1 1 1 0 1 0 0 0 1 0 0 1 0 0 1 0 0 1 0 0]
At  6701/30000: COST 0.081/3.433(0.035) -- Acc 0.960/0.420(0.989)
[0 0 1 1 0 1 0 1 1 1 0 1 0 0 0 0 1 1 1 1 1 1 0 1 1 1 0 0 1 1 1 0 1 1 1 1 1
 1 0 0 0 1 1 1 0 1 0 1 1 1 1 1 0 0 0 1 1 1 0 0 0 1 0 1 1 0 0 1 1 1 1 1 1 0
 1 1 0 0 1 1 1 1 1 1 0 1 0 1 0 1 1 0 1 1 0 1 1 0 1 0]
At  6801/30000: COST 0.017/3.934(0.024) -- Acc 0.990/0.400(0.993)
[0 0 1 1 1 0 0 0 1 1 1 1 0 0 1 0 1 0 1 1 1 0 1 1 0 1 0 1 1 1 1 1 1 1 1 0 1
 1 1 1 1 1 0 1 1 1 0 0 1 0 1 1 0 0 1 0 0 1 1 0 0 1 0 1 0 0 1 1 0 0 1 0 1 1
 0 1 1 0 1 1 1 0 1 0 0 1 1 1 1 1 0 0 1 1 1 0 1 0 1 1]
At  6901/30000: COST 0.001/3.945(0.011) -- Acc 1.000/0.470(0.997)
[0 1 1 1 1 1 1 1 1 1 0 1 1 1 0 0 1 1 0 1 0 0 1 0 0 0 0 0 0 1 1 1 0 0 0 0 0
 1 0 1 1 1 0 1 0 0 1 1 1 1 1 0 0 0 1 1 1 1 1 0 0 1 0 0 0 1 1 0 1 1 0 0 1 1
 1 0 1 1 0 0 0 1 1 1 1 1 1 0 1 1 1 1 0 1 1 0 1 1 1 1]
At  7001/30000: COST 0.002/4.392(0.005) -- Acc 1.000/0.450(0.999)
[1 1 0 1 0 1 0 1 1 1 1 0 1 0 1 1 0 1 1 1 1 1 0 1 0 1 1 1 1 1 1 1 0 0 1 0 0
 1 1 1 1 0 0 1 1 0 0 0 0 1 1 1 0 0 1 1 1 0 1 0 1 0 1 1 1 0 0 0 1 1 1 0 1 1
 1 0 1 0 1 1 1 1 0 1 1 0 1 0 1 0 0 0 1 1 1 1 0 1 1 0]
At  7101/30000: COST 0.002/4.194(0.011) -- Acc 1.000/0.480(0.997)
[0 0 1 1 1 1 0 1 0 1 1 0 1 1 1 0 0 1 1 0 0 1 1 1 1 0 1 0 0 0 0 1 0 1 1 1 1
 0 1 1 0 1 0 1 1 1 1 0 1 1 1 1 0 1 1 1 0 1 1 1 0 1 1 0 1 1 1 0 1 0 1 1 0 1
 1 0 0 0 1 1 1 1 0 1 0 1 1 1 0 1 0 1 1 1 0 0 0 0 1 1]
At  7201/30000: COST 0.027/4.237(0.009) -- Acc 0.990/0.480(0.998)
[1 0 1 1 1 0 1 1 1 1 0 0 0 1 1 0 1 1 1 1 0 1 1 1 1 0 1 1 1 1 1 1 0 0 1 1 1
 1 0 1 0 0 0 0 1 1 1 0 1 0 1 1 0 1 1 1 0 1 1 1 1 0 1 1 0 1 1 0 0 0 0 1 0 0
 1 0 0 1 0 1 1 0 1 1 0 0 0 1 0 1 0 0 1 1 1 1 1 1 1 1]
At  7301/30000: COST 0.060/3.636(0.029) -- Acc 0.990/0.460(0.991)
[1 0 1 0 1 1 0 0 1 0 1 0 1 0 1 1 1 1 0 1 0 0 1 0 0 1 1 1 1 1 0 0 0 1 1 0 1
 0 0 1 0 1 1 1 1 0 1 1 0 0 0 0 1 1 1 0 1 0 1 0 1 1 1 0 1 0 0 1 1 1 0 0 1 1
 1 1 1 1 1 1 0 1 0 1 1 1 0 0 0 0 1 1 1 1 1 0 1 1 0 1]
At  7401/30000: COST 0.003/3.398(0.025) -- Acc 1.000/0.470(0.993)
[1 1 0 0 0 0 0 1 1 1 1 0 1 1 1 1 1 1 1 1 1 0 0 1 1 0 1 1 1 0 1 1 0 1 0 1 0
 0 1 1 1 1 1 1 1 0 1 1 0 0 0 1 1 0 0 0 1 0 1 1 1 0 0 1 1 0 1 0 0 1 1 0 1 1
 1 0 0 1 1 1 1 1 0 1 1 0 1 1 1 0 0 0 1 0 1 1 1 0 1 1]
At  7501/30000: COST 0.001/3.889(0.014) -- Acc 1.000/0.420(0.996)
[1 0 0 1 0 1 1 0 0 1 0 0 1 1 0 1 1 0 1 1 0 0 1 1 1 1 0 0 0 0 1 1 0 1 0 0 1
 1 0 1 1 0 0 1 0 1 1 0 0 1 1 1 0 1 0 1 1 1 1 1 1 1 1 0 1 1 0 0 0 0 1 1 0 1
 1 1 1 0 1 1 0 1 0 0 1 1 0 1 1 1 0 0 1 1 0 1 0 1 1 1]
At  7601/30000: COST 0.002/4.323(0.007) -- Acc 1.000/0.420(0.998)
[1 1 0 1 0 0 0 1 0 1 0 1 0 0 0 1 1 1 1 1 1 1 1 0 1 1 1 0 1 0 1 1 0 1 1 1 1
 1 1 1 0 0 1 1 1 1 1 1 1 1 0 0 0 1 0 0 0 0 0 1 0 1 1 1 1 1 1 1 0 1 0 1 1 1
 1 1 0 0 1 1 1 1 1 1 0 0 0 0 0 0 0 1 1 1 0 0 0 1 0 1]
At  7701/30000: COST 0.001/4.414(0.004) -- Acc 1.000/0.460(0.999)
[1 1 0 1 1 1 0 0 1 1 0 0 0 0 0 1 1 0 0 0 0 1 1 1 1 0 1 1 1 0 1 1 1 0 1 0 1
 0 1 0 1 1 0 1 1 1 0 1 1 1 0 0 0 1 0 0 1 0 0 0 0 0 0 1 1 1 1 0 1 0 1 1 1 1
 0 1 0 0 1 0 1 1 1 1 1 1 1 1 0 1 1 1 1 1 1 1 1 0 1 1]
At  7801/30000: COST 0.001/4.663(0.002) -- Acc 1.000/0.460(1.000)
[0 1 0 1 0 1 0 1 0 1 1 1 0 0 1 1 1 1 1 0 0 0 1 1 0 1 1 0 1 1 0 1 0 1 1 0 0
 1 1 1 1 0 0 1 1 0 0 0 1 1 1 0 0 1 0 1 0 1 1 1 0 0 1 1 1 1 0 0 1 1 1 1 1 1
 1 1 0 1 1 1 0 1 1 0 0 0 1 1 0 1 0 1 1 0 1 0 0 1 1 1]
At  7901/30000: COST 0.007/4.814(0.002) -- Acc 1.000/0.460(1.000)
[1 0 1 1 1 0 0 1 1 1 1 1 0 1 0 0 0 1 1 1 0 1 0 0 1 0 1 1 0 1 1 1 0 0 1 1 1
 0 0 1 0 1 1 1 0 1 0 1 0 1 1 0 0 1 0 0 1 1 1 1 1 1 1 1 1 0 1 1 1 0 1 1 1 0
 1 1 1 0 0 1 0 1 0 1 0 1 1 1 1 0 1 1 0 0 0 1 1 0 1 1]
At  8001/30000: COST 0.003/4.912(0.007) -- Acc 1.000/0.460(0.997)
[1 1 1 1 0 1 0 0 0 0 1 0 0 1 1 0 1 1 0 1 1 1 1 1 1 1 1 1 0 0 0 1 1 1 0 0 1
 1 0 0 0 1 1 1 1 0 1 1 0 0 0 1 1 1 1 0 1 1 1 1 0 1 0 1 0 1 1 1 0 0 0 0 1 0
 1 1 0 0 0 1 1 1 1 1 0 0 1 1 0 1 1 1 1 0 1 0 0 1 1 0]
At  8101/30000: COST 0.041/3.713(0.036) -- Acc 0.990/0.410(0.990)
[1 1 1 1 0 1 1 1 0 0 1 0 0 1 1 0 1 0 0 0 0 1 1 0 1 1 0 1 0 1 1 0 1 1 0 0 1
 0 0 1 1 1 1 0 1 1 1 0 1 0 1 1 1 1 0 0 1 0 1 1 0 0 1 0 1 1 0 1 0 1 0 1 1 1
 1 0 1 0 0 0 0 1 1 0 1 0 1 0 0 0 1 1 1 1 1 1 0 0 0 1]
At  8201/30000: COST 0.039/3.644(0.031) -- Acc 0.990/0.460(0.991)
[1 1 1 1 1 1 1 1 0 1 1 1 0 1 1 0 1 0 1 0 1 0 1 0 0 0 1 0 1 1 0 1 0 0 1 0 0
 1 1 0 1 1 0 1 1 1 1 1 1 0 1 0 0 1 0 0 1 1 1 1 0 1 1 1 0 0 1 1 1 0 0 0 0 1
 1 0 1 0 0 0 1 1 1 1 1 0 1 1 1 1 0 0 0 0 1 0 0 1 1 0]
At  8301/30000: COST 0.006/3.821(0.021) -- Acc 1.000/0.420(0.994)
[1 0 1 1 1 1 1 1 1 1 0 0 1 1 0 0 1 1 1 1 0 0 0 1 0 1 0 0 1 1 1 1 0 1 0 1 0
 0 1 1 1 1 0 1 0 1 1 1 0 1 1 0 1 1 1 0 0 1 0 1 0 1 1 0 1 1 1 1 1 1 1 0 0 0
 0 1 1 1 1 1 0 1 1 0 0 0 0 1 1 0 0 0 1 0 1 1 0 0 1 1]
At  8401/30000: COST 0.007/4.141(0.010) -- Acc 1.000/0.400(0.997)
[0 1 1 0 1 1 0 1 0 1 0 0 1 0 1 0 1 0 0 1 1 1 0 0 1 0 1 1 1 1 1 0 0 1 0 0 1
 0 1 0 1 1 0 0 0 1 0 0 0 1 1 1 0 0 1 1 1 1 1 1 1 1 1 1 0 1 1 0 1 0 0 1 0 0
 1 1 1 1 0 1 1 1 1 0 1 0 1 1 1 0 1 1 0 1 1 1 1 0 0 1]
At  8501/30000: COST 0.001/4.360(0.005) -- Acc 1.000/0.390(0.999)
[1 1 1 0 1 0 1 1 1 0 1 1 1 1 1 1 1 0 1 1 0 1 1 0 0 0 0 1 1 1 1 0 0 0 1 1 0
 0 1 0 0 1 0 1 1 1 1 1 1 1 1 1 1 1 0 1 0 0 0 1 1 1 0 0 1 0 1 1 1 1 1 0 1 0
 0 0 0 0 0 1 1 0 0 1 0 1 1 1 1 1 1 1 0 1 1 1 0 1 1 0]
At  8601/30000: COST 0.000/4.550(0.003) -- Acc 1.000/0.400(0.999)
[0 0 1 1 0 1 0 1 0 0 1 1 1 0 0 1 0 0 1 1 1 1 0 1 0 0 0 0 1 0 1 1 1 0 0 1 0
 1 0 0 1 1 0 1 1 1 1 1 1 1 1 0 0 1 1 0 1 1 0 1 1 0 1 0 0 1 0 1 0 1 1 0 1 1
 1 1 0 1 0 1 1 0 1 0 1 0 0 1 1 1 0 1 1 1 1 1 1 1 0 1]
At  8701/30000: COST 0.000/4.656(0.002) -- Acc 1.000/0.390(1.000)
[1 0 0 1 1 0 0 1 0 0 0 1 0 1 1 1 1 1 1 1 1 0 1 1 1 1 1 0 0 1 1 1 1 0 0 0 1
 1 1 0 0 0 1 1 0 1 1 0 0 1 0 1 0 1 1 1 1 0 0 1 1 1 0 0 1 1 1 1 1 1 0 1 0 1
 0 0 0 0 0 0 0 0 1 0 1 1 1 1 1 0 1 1 0 1 1 0 1 1 1 0]
At  8801/30000: COST 0.001/4.680(0.001) -- Acc 1.000/0.420(1.000)
[1 1 1 0 1 0 1 1 1 1 1 1 1 1 1 1 0 0 0 1 0 1 1 0 1 1 0 0 1 1 0 1 1 1 0 0 1
 0 1 1 1 0 0 0 0 0 1 0 0 1 0 0 1 0 1 1 1 0 1 1 1 1 1 1 0 1 1 1 0 1 0 0 0 0
 1 0 1 1 1 1 0 1 0 0 1 0 1 1 1 1 0 0 1 1 1 1 1 1 1 1]
At  8901/30000: COST 0.003/4.209(0.004) -- Acc 1.000/0.460(0.999)
[1 1 1 0 0 1 1 0 0 1 0 1 0 1 1 1 1 1 0 0 1 1 1 1 1 0 1 1 0 0 1 1 0 1 0 0 1
 0 1 0 1 0 1 1 0 0 0 1 0 0 0 1 1 1 0 0 1 1 1 1 1 1 1 1 0 0 1 0 1 1 0 1 0 0
 1 1 1 0 1 0 0 1 0 0 1 1 1 1 1 1 0 0 0 0 1 0 1 1 0 1]
At  9001/30000: COST 0.001/4.479(0.007) -- Acc 1.000/0.430(0.998)
[1 1 1 1 1 0 0 0 1 0 1 1 1 1 1 0 1 0 1 1 0 1 0 1 1 1 1 1 0 1 0 1 0 0 1 0 1
 1 0 1 1 1 1 1 0 0 1 1 0 1 1 1 1 1 1 0 1 1 1 1 1 1 1 0 0 0 0 0 1 0 1 0 1 1
 1 1 0 0 0 0 0 1 0 0 0 0 1 1 1 0 1 1 1 0 1 1 1 0 0 0]
At  9101/30000: COST 0.166/3.860(0.016) -- Acc 0.980/0.480(0.996)
[1 1 0 0 1 1 1 0 0 0 0 0 0 1 0 0 0 0 1 0 1 0 0 1 1 0 0 0 1 1 0 1 1 0 1 1 0
 1 0 0 0 1 1 0 1 0 0 1 1 0 1 0 1 0 1 0 0 1 1 1 1 1 0 0 0 1 1 1 0 0 0 1 1 1
 1 1 0 1 0 1 0 1 1 1 1 0 1 0 0 0 1 1 1 1 1 1 1 0 1 1]
At  9201/30000: COST 0.004/3.134(0.035) -- Acc 1.000/0.470(0.989)
[1 0 1 0 1 1 1 1 1 1 1 1 1 1 1 1 1 1 1 1 1 0 0 1 0 1 0 0 0 0 1 0 1 0 0 0 0
 0 1 1 1 1 1 1 1 0 0 1 0 0 1 0 0 1 1 1 1 0 1 1 0 1 0 1 1 0 0 1 1 1 1 0 1 1
 1 0 0 1 1 1 0 0 1 1 0 0 1 1 0 1 1 1 0 1 1 0 0 1 0 0]
At  9301/30000: COST 0.003/3.498(0.019) -- Acc 1.000/0.500(0.995)
[0 0 1 1 1 0 0 0 0 0 0 1 1 0 1 1 1 0 0 0 0 1 1 1 1 1 1 0 0 1 1 1 1 1 1 1 0
 0 0 1 0 1 1 1 1 0 0 1 1 1 1 1 1 0 1 0 1 1 0 1 1 1 0 0 1 1 1 0 1 1 1 0 1 1
 1 0 1 0 1 1 1 0 0 1 0 1 0 1 1 0 1 1 1 1 1 1 1 0 1 1]
At  9401/30000: COST 0.001/3.752(0.010) -- Acc 1.000/0.470(0.997)
[1 1 0 1 0 1 1 1 0 1 1 1 0 1 0 1 0 1 0 1 1 1 0 1 1 0 1 1 1 0 0 0 1 1 1 0 1
 1 1 0 0 1 0 1 1 1 1 1 1 0 1 0 0 1 0 0 0 1 1 1 0 1 0 1 0 1 0 1 1 0 0 1 1 1
 0 1 0 0 1 1 0 0 1 1 1 0 1 1 0 1 1 1 0 1 0 1 1 0 1 1]
At  9501/30000: COST 0.002/3.969(0.005) -- Acc 1.000/0.450(0.999)
[1 1 0 0 0 1 1 1 1 1 0 1 1 0 0 0 1 1 0 1 1 1 0 1 1 1 1 0 1 0 1 1 0 1 1 0 0
 1 1 1 1 1 1 1 1 1 0 0 0 1 0 0 1 1 0 1 1 1 1 0 1 1 0 1 1 0 1 0 0 0 0 0 1 1
 0 0 0 1 1 1 1 1 0 1 1 0 1 1 1 0 1 1 0 1 1 0 1 1 1 0]
At  9601/30000: COST 0.006/3.878(0.013) -- Acc 1.000/0.420(0.996)
[0 0 0 0 1 0 0 1 0 0 1 1 1 1 1 1 1 1 1 1 1 1 1 1 1 1 0 0 0 1 1 1 1 1 0 0 0
 0 0 0 1 1 1 1 1 1 1 1 0 1 1 1 1 0 0 0 1 0 1 1 1 1 1 0 1 0 0 1 1 1 0 0 1 1
 1 1 1 0 0 1 1 0 1 1 1 1 0 0 1 1 1 0 1 1 1 1 1 1 1 1]
At  9701/30000: COST 0.038/3.851(0.012) -- Acc 0.990/0.420(0.997)
[1 0 1 0 1 1 1 0 0 1 1 0 1 1 1 1 1 0 0 0 0 1 1 0 1 1 1 0 0 1 1 1 1 0 0 1 1
 0 0 1 0 0 1 0 1 1 1 0 1 1 1 1 1 1 1 0 1 1 1 1 0 1 1 1 1 1 0 0 1 1 1 1 1 0
 1 1 0 1 0 1 1 0 0 1 1 1 0 1 0 1 1 1 1 1 0 1 1 1 1 0]
At  9801/30000: COST 0.001/4.025(0.007) -- Acc 1.000/0.520(0.998)
[1 0 0 1 0 1 1 0 1 1 1 1 0 1 1 0 1 1 1 1 0 0 0 1 0 0 0 1 0 1 1 0 1 1 0 0 1
 0 1 1 1 1 1 1 1 0 1 1 1 1 1 0 1 1 1 1 0 0 1 0 1 1 1 1 0 0 0 1 1 0 1 0 0 1
 0 1 0 1 0 1 1 0 1 1 1 1 1 1 0 1 0 1 1 0 1 1 0 1 1 1]
At  9901/30000: COST 0.004/3.450(0.016) -- Acc 1.000/0.430(0.996)
[1 1 1 1 1 1 1 1 0 0 0 1 1 1 0 0 1 1 1 0 0 1 1 0 0 0 1 0 0 1 1 0 1 1 1 1 1
 1 1 1 1 1 1 1 0 1 0 0 0 1 0 0 0 1 1 0 1 1 1 0 1 1 1 0 1 1 0 1 1 0 1 0 1 1
 0 1 1 0 1 1 1 1 1 1 0 0 1 0 1 1 1 1 1 1 1 1 1 1 0 0]
At 10001/30000: COST 0.004/3.866(0.013) -- Acc 1.000/0.480(0.997)
[1 1 1 0 0 1 0 1 1 1 1 1 1 0 1 1 1 0 0 1 1 0 1 1 1 0 0 0 0 1 0 1 1 1 1 1 1
 1 1 0 1 1 0 0 1 1 1 1 1 0 1 1 0 0 0 0 0 1 0 1 1 0 1 1 1 0 0 0 1 1 1 0 1 1
 1 0 1 0 1 1 1 0 1 1 1 1 0 1 1 1 1 0 1 0 1 0 1 1 0 0]
At 10101/30000: COST 0.002/4.412(0.008) -- Acc 1.000/0.430(0.998)
[1 1 1 1 1 1 0 0 0 1 1 1 1 1 0 1 0 1 1 0 1 1 1 0 1 1 1 1 0 0 0 1 1 1 1 1 1
 0 1 1 1 1 0 1 1 1 1 0 0 1 0 0 1 1 0 1 0 1 1 1 1 1 0 0 1 0 0 1 1 1 0 1 0 0
 1 1 0 1 1 0 1 1 0 1 1 0 1 0 0 1 0 1 0 1 1 1 1 1 1 1]
At 10201/30000: COST 0.000/4.422(0.006) -- Acc 1.000/0.440(0.999)
[0 1 1 0 1 0 1 1 1 1 1 1 1 1 1 0 0 1 1 1 0 0 1 1 1 1 1 0 1 1 0 0 1 0 1 1 1
 0 1 1 1 0 1 1 1 0 1 0 1 0 1 1 0 0 0 1 0 1 0 1 0 1 1 1 0 0 1 1 1 0 1 0 1 1
 1 1 0 0 0 0 1 1 1 1 1 0 1 0 1 1 0 0 1 1 1 0 0 1 0 1]
At 10301/30000: COST 0.007/4.105(0.032) -- Acc 1.000/0.440(0.990)
[1 0 0 0 1 1 1 1 1 0 1 1 1 1 1 0 1 0 1 1 1 1 0 1 0 0 1 1 1 0 1 1 1 1 0 1 0
 1 1 1 1 1 0 0 0 1 1 0 1 1 0 1 1 0 1 1 1 1 0 1 1 1 1 1 1 1 1 0 0 0 1 1 0 0
 0 0 1 0 1 1 0 0 1 0 1 1 1 0 1 1 1 1 1 1 1 0 0 1 1 1]
At 10401/30000: COST 0.005/3.973(0.020) -- Acc 1.000/0.440(0.994)
[0 1 0 1 1 1 1 1 0 1 1 0 1 1 1 1 1 1 1 1 1 1 1 1 1 1 1 0 0 1 1 1 1 0 0 1 1
 0 0 0 0 0 0 1 0 1 0 1 1 1 1 0 1 1 0 1 0 1 1 1 1 1 1 0 1 0 1 0 1 0 1 1 1 1
 0 1 1 1 1 0 0 1 0 1 1 0 0 1 1 0 1 0 0 1 1 1 1 1 0 1]
At 10501/30000: COST 0.002/4.010(0.011) -- Acc 1.000/0.440(0.997)
[1 0 1 1 0 0 1 1 0 1 0 1 1 1 1 0 1 1 1 1 1 0 1 1 1 1 0 0 1 1 0 0 0 0 1 0 1
 0 0 1 1 0 1 0 1 1 1 1 0 1 0 1 1 0 1 1 1 0 0 1 1 0 0 0 1 1 0 1 1 1 1 0 1 1
 0 1 0 1 1 1 1 1 1 1 0 1 1 0 1 1 1 1 0 0 1 0 0 0 1 0]
At 10601/30000: COST 0.001/4.014(0.006) -- Acc 1.000/0.450(0.998)
[1 0 0 1 1 1 1 1 0 0 1 1 0 0 1 0 1 0 1 1 1 1 0 1 1 1 1 1 0 1 1 0 1 1 1 0 1
 1 1 0 0 1 1 1 1 0 0 1 1 1 1 1 0 0 1 0 1 1 0 0 1 0 0 0 0 0 0 1 1 0 1 1 0 0
 1 1 1 1 1 0 1 1 1 1 1 1 0 1 1 1 1 1 0 0 1 1 0 1 1 0]
At 10701/30000: COST 0.001/4.372(0.003) -- Acc 1.000/0.430(0.999)
[0 1 1 0 1 1 0 1 1 1 0 1 0 1 1 0 1 1 1 1 1 1 1 1 0 0 1 1 1 0 1 0 1 0 1 0 1
 1 0 1 1 0 0 1 1 0 1 1 1 1 0 1 1 0 0 0 0 1 1 1 1 1 1 1 1 0 1 1 1 1 1 0 1 1
 1 1 1 0 1 0 0 1 0 0 1 1 1 0 0 0 1 0 1 0 1 0 1 1 1 1]
At 10801/30000: COST 0.002/4.050(0.005) -- Acc 1.000/0.470(0.999)
[1 1 0 1 1 0 1 1 1 1 1 1 1 1 0 0 0 1 0 0 1 1 0 1 1 1 1 1 1 1 0 1 0 1 0 0 1
 1 1 1 0 1 0 0 1 1 1 1 1 1 0 1 0 1 0 0 0 1 1 0 0 1 0 1 0 1 1 0 0 0 1 1 1 1
 0 1 0 1 1 1 0 0 1 1 1 1 1 1 1 0 1 0 0 1 1 0 0 1 1 1]
At 10901/30000: COST 0.007/4.033(0.017) -- Acc 1.000/0.450(0.996)
[0 0 1 0 1 1 0 1 1 0 0 1 1 1 1 0 0 1 1 1 0 0 1 0 0 1 1 0 1 1 1 1 0 1 1 1 1
 1 0 1 1 1 1 0 1 1 1 0 1 1 1 1 0 1 1 0 0 1 1 0 0 1 1 1 1 1 0 0 1 1 1 0 1 1
 1 1 1 0 1 1 1 1 0 0 1 1 1 0 1 1 1 1 1 1 1 1 1 1 1 1]
At 11001/30000: COST 0.019/4.321(0.012) -- Acc 0.990/0.440(0.997)
[1 1 1 1 1 0 1 0 1 0 0 1 1 0 1 1 0 1 1 1 1 0 1 0 1 1 1 1 0 0 0 1 1 0 0 1 1
 1 1 0 1 1 1 1 1 1 1 1 1 1 0 0 1 1 1 0 1 1 1 1 1 1 0 0 1 0 0 1 0 1 1 1 1 1
 0 1 1 0 0 0 0 0 1 1 1 0 0 1 1 1 0 1 1 1 1 1 1 1 1 0]
At 11101/30000: COST 0.004/4.295(0.026) -- Acc 1.000/0.390(0.993)
[0 1 0 0 1 0 1 0 0 1 0 0 1 1 1 0 0 1 1 0 1 1 1 1 1 1 0 0 1 1 1 0 0 0 1 1 0
 1 1 1 0 1 1 1 1 0 1 1 1 0 1 1 1 0 1 0 1 1 1 1 1 1 0 0 1 1 0 1 0 1 1 1 0 1
 1 1 1 1 1 0 1 0 0 0 1 1 0 1 1 1 1 0 0 1 1 1 1 0 1 1]
At 11201/30000: COST 0.008/4.267(0.014) -- Acc 1.000/0.400(0.996)
[0 0 1 1 1 0 0 1 1 1 1 1 0 1 1 1 0 1 1 0 0 0 1 1 0 0 0 1 1 1 1 1 1 0 0 1 0
 1 1 1 0 1 0 0 1 1 0 1 1 1 0 1 0 1 0 1 0 0 1 0 1 0 1 0 1 1 0 1 0 1 0 1 1 0
 0 0 1 1 1 1 1 1 0 1 1 1 1 0 0 1 0 1 1 1 1 0 1 0 1 1]
At 11301/30000: COST 0.001/4.495(0.007) -- Acc 1.000/0.360(0.998)
[1 0 1 0 1 1 1 1 1 1 1 1 0 1 1 0 0 1 1 0 0 0 1 0 0 0 1 1 1 0 1 0 0 1 1 0 0
 0 1 1 1 1 1 1 1 1 1 1 1 1 1 1 1 1 1 0 1 1 1 0 1 1 0 1 1 1 1 0 0 1 1 0 1 0
 1 1 0 1 0 0 1 1 0 1 1 0 1 1 0 1 1 1 1 0 1 0 1 0 1 1]
At 11401/30000: COST 0.001/4.310(0.004) -- Acc 1.000/0.440(0.999)
[0 1 1 0 1 0 1 1 1 1 0 0 0 1 1 1 1 1 1 1 0 1 0 1 1 1 1 1 1 1 1 0 0 1 0 0 1
 1 1 1 1 1 1 1 1 0 1 0 0 0 1 0 0 1 1 1 0 0 0 0 1 1 1 0 1 1 0 0 1 1 1 1 1 0
 0 0 1 1 1 1 1 0 0 1 1 1 1 0 1 1 0 1 1 1 0 0 0 1 1 0]
At 11501/30000: COST 0.001/3.740(0.004) -- Acc 1.000/0.490(0.999)
[1 1 1 0 1 0 1 1 1 1 0 0 0 1 1 1 1 0 1 0 0 0 1 1 1 0 0 0 1 0 1 1 0 0 1 0 0
 0 0 0 1 1 0 1 1 1 1 1 1 1 0 1 1 1 1 1 1 1 0 1 1 1 1 0 1 0 0 1 0 0 1 1 1 1
 1 1 1 1 0 0 1 1 1 0 1 1 1 1 1 0 1 0 0 0 0 0 0 1 1 0]
At 11601/30000: COST 0.003/3.892(0.002) -- Acc 1.000/0.460(1.000)
[0 1 1 0 1 1 1 0 0 0 1 1 1 0 1 1 0 1 1 0 1 0 1 0 0 0 0 0 1 1 0 1 1 1 1 0 1
 0 0 1 0 1 0 0 1 1 1 1 1 1 1 1 1 0 0 1 0 0 1 1 0 0 1 1 1 0 1 1 0 1 1 0 0 1
 1 1 0 1 0 1 0 0 1 1 0 1 1 1 1 1 1 1 1 1 1 1 1 1 0 1]
At 11701/30000: COST 0.000/4.035(0.003) -- Acc 1.000/0.440(0.999)
[1 0 0 1 1 1 0 1 0 1 1 1 0 0 1 1 0 0 1 1 1 0 1 0 1 1 1 0 1 1 0 0 0 0 1 0 1
 0 1 1 0 1 0 1 1 1 1 1 1 0 1 1 1 1 1 1 0 0 1 1 1 1 1 1 1 1 0 0 1 0 1 1 1 0
 1 1 0 1 1 1 1 0 0 1 0 0 1 1 0 0 1 0 1 1 0 1 0 0 1 1]
At 11801/30000: COST 0.001/4.294(0.003) -- Acc 1.000/0.440(0.999)
[1 1 0 1 1 0 1 1 1 0 1 1 1 1 1 0 1 1 0 1 1 0 1 1 1 0 0 0 0 1 1 0 1 0 1 0 1
 0 1 1 1 1 1 1 1 1 1 1 1 0 0 1 0 0 1 1 0 1 0 0 1 1 1 1 0 1 0 1 1 1 0 1 1 1
 1 0 0 0 1 1 0 1 1 0 0 1 1 1 1 0 0 0 1 0 1 1 1 1 1 1]
At 11901/30000: COST 0.003/3.560(0.020) -- Acc 1.000/0.530(0.994)
[0 1 1 0 1 1 1 0 1 1 0 1 0 1 1 0 0 1 1 1 1 1 1 1 0 0 0 0 1 1 0 0 1 0 0 0 1
 1 0 1 1 1 0 0 1 1 1 1 0 0 1 1 1 1 1 1 0 1 0 0 1 1 1 1 1 0 1 1 1 1 1 1 1 0
 0 1 1 1 0 0 1 1 1 1 1 1 1 1 0 1 1 1 1 0 0 1 1 1 1 1]
At 12001/30000: COST 0.007/3.276(0.026) -- Acc 1.000/0.510(0.992)
[0 0 0 0 1 1 0 0 0 1 0 1 1 0 1 1 0 1 1 1 1 1 1 1 1 0 1 0 1 1 0 1 0 0 1 0 1
 0 1 1 1 1 1 1 0 0 1 1 1 1 1 1 0 1 0 1 1 1 1 1 1 1 0 1 1 1 0 1 1 1 1 1 0 0
 1 1 1 0 1 1 0 1 1 1 1 0 1 0 1 0 0 0 0 0 1 1 1 1 1 0]
At 12101/30000: COST 0.010/3.611(0.012) -- Acc 1.000/0.500(0.996)
[1 1 1 1 1 1 0 1 0 1 1 0 0 0 1 1 0 1 1 0 1 1 1 1 1 0 1 1 1 1 0 1 1 0 0 0 0
 1 0 0 0 1 0 1 1 1 0 0 0 1 1 0 1 1 1 1 1 1 0 1 1 1 0 0 1 1 0 1 0 1 0 1 0 0
 0 1 1 1 0 1 0 1 1 1 1 1 1 0 1 1 1 0 0 0 0 1 0 0 1 1]
At 12201/30000: COST 0.001/3.761(0.006) -- Acc 1.000/0.480(0.998)
[0 1 1 0 1 1 1 1 1 1 1 1 1 1 1 1 0 0 0 1 0 0 1 0 0 1 1 0 1 0 1 1 1 0 1 1 0
 1 1 0 0 0 0 1 0 0 1 1 0 1 0 0 1 1 0 1 1 0 1 1 1 1 1 0 0 1 1 1 1 0 1 1 0 0
 0 1 0 0 0 1 1 0 1 1 0 1 1 1 0 1 0 1 1 1 1 0 1 1 1 1]
At 12301/30000: COST 0.048/3.455(0.014) -- Acc 0.980/0.510(0.997)
[0 1 0 0 0 0 1 1 1 1 0 1 0 1 0 0 0 1 1 1 1 0 0 0 1 1 1 0 1 1 0 1 0 1 1 1 1
 1 1 0 0 0 1 1 0 0 1 1 0 1 1 1 1 1 0 0 1 0 1 0 0 1 1 0 1 0 1 1 0 1 1 1 0 1
 1 1 1 0 1 0 0 0 0 1 1 0 1 1 0 1 1 1 1 1 0 0 0 1 1 1]
At 12401/30000: COST 0.001/3.796(0.012) -- Acc 1.000/0.520(0.997)
[1 1 0 1 1 1 0 1 1 0 1 1 0 0 1 1 1 0 0 0 1 1 1 1 1 1 1 1 0 0 0 0 1 1 0 1 0
 0 0 1 1 1 0 0 1 1 1 1 0 1 1 1 0 1 0 1 0 0 0 0 0 0 1 1 1 0 0 1 0 0 0 1 0 1
 1 1 1 1 0 1 1 0 0 1 1 0 0 0 1 1 1 1 1 1 1 0 1 1 1 1]
At 12501/30000: COST 0.000/3.981(0.006) -- Acc 1.000/0.490(0.999)
[1 1 0 0 1 1 1 1 0 1 1 0 0 1 1 0 1 1 1 1 0 0 0 1 1 0 0 1 1 0 0 1 1 1 0 0 1
 1 0 1 1 1 1 1 0 1 1 1 1 0 1 0 0 1 0 1 1 0 0 0 1 1 1 1 0 1 1 0 1 1 0 1 1 0
 0 1 1 0 0 0 1 0 0 1 1 0 1 1 0 1 0 1 0 1 1 0 0 0 1 0]
At 12601/30000: COST 0.003/4.124(0.003) -- Acc 1.000/0.490(0.999)
[1 1 1 1 1 1 1 1 0 1 0 1 1 1 0 0 1 1 1 1 1 1 1 1 1 1 0 1 1 1 0 0 1 1 0 0 0
 0 1 0 0 0 1 0 0 1 1 1 1 0 1 0 0 1 1 1 1 0 0 0 1 0 1 1 0 1 1 1 1 1 0 1 1 1
 1 1 1 1 0 1 1 1 1 0 0 1 0 1 1 1 0 1 1 1 1 1 0 1 1 0]
At 12701/30000: COST 0.098/3.554(0.011) -- Acc 0.980/0.490(0.998)
[0 0 0 0 0 1 0 1 1 0 1 1 0 1 1 1 1 0 1 1 0 0 1 1 1 1 1 1 1 1 1 1 1 0 1 0 1
 1 1 1 0 0 1 1 0 1 1 0 1 1 0 0 1 0 1 0 1 0 1 0 0 1 0 1 1 1 1 1 1 0 1 1 1 1
 1 1 0 1 0 1 0 0 1 1 1 0 1 0 1 1 1 1 1 1 0 1 0 0 0 1]
At 12801/30000: COST 0.010/3.582(0.018) -- Acc 1.000/0.470(0.996)
[1 1 0 1 1 0 1 1 1 1 1 0 1 0 0 1 1 0 1 1 1 1 1 0 1 0 1 0 1 0 1 1 0 0 0 1 1
 0 1 1 1 0 1 0 1 1 1 1 0 1 1 1 1 1 1 1 0 0 1 1 1 1 1 0 1 1 0 1 1 1 1 0 1 0
 1 1 0 0 1 1 1 1 1 1 1 0 0 1 1 0 1 1 1 0 1 0 0 0 0 1]
At 12901/30000: COST 0.000/3.828(0.008) -- Acc 1.000/0.480(0.998)
[0 1 1 1 1 1 1 0 1 0 0 1 1 1 0 1 0 0 1 0 0 1 1 0 1 1 0 1 0 0 0 1 1 1 1 1 1
 0 1 1 1 0 1 1 1 0 1 1 1 0 1 1 1 1 1 1 0 0 1 1 1 1 0 1 0 0 0 1 1 1 0 1 1 1
 0 1 1 0 0 1 1 1 0 0 1 1 0 0 0 0 0 1 0 1 1 1 1 0 0 1]
At 13001/30000: COST 0.000/3.664(0.005) -- Acc 1.000/0.510(0.999)
[0 1 0 0 1 1 0 1 0 1 1 0 1 1 1 1 1 1 1 0 0 1 1 0 0 1 0 1 1 1 1 1 1 1 1 0 1
 1 0 1 0 0 0 1 0 1 1 1 1 0 0 1 0 0 0 0 0 1 1 0 1 1 0 0 1 1 1 1 1 1 1 1 1 1
 0 0 1 1 1 1 0 0 1 1 1 1 0 0 1 1 0 1 0 1 0 1 1 1 0 1]
At 13101/30000: COST 0.002/4.192(0.003) -- Acc 1.000/0.520(0.999)
[0 1 1 1 1 0 0 1 1 0 1 1 1 0 1 1 0 1 0 1 1 0 0 0 1 1 0 1 0 1 1 1 1 1 0 0 1
 0 1 0 1 0 0 1 1 1 1 1 0 0 1 1 0 0 1 0 1 0 1 1 0 1 1 1 1 1 1 1 1 1 1 1 1 1
 1 1 1 1 0 0 0 0 1 1 0 1 1 0 1 1 1 1 1 1 0 1 1 1 1 0]
At 13201/30000: COST 0.001/2.980(0.014) -- Acc 1.000/0.580(0.995)
[1 1 0 1 1 0 0 1 1 1 1 1 1 1 0 1 1 1 1 1 0 0 0 1 1 1 1 1 0 1 1 1 1 1 1 0 0
 0 1 0 1 1 0 0 1 0 1 0 1 1 1 0 1 1 1 1 1 1 1 0 1 1 1 0 1 1 1 0 1 0 0 0 1 0
 1 0 1 1 1 1 0 1 1 0 0 0 1 0 1 1 1 0 1 0 0 0 0 1 0 1]
At 13301/30000: COST 0.003/3.565(0.020) -- Acc 1.000/0.490(0.994)
[1 0 1 1 1 1 0 1 1 1 0 0 0 0 0 1 1 1 1 1 1 1 1 1 0 1 1 1 1 0 0 1 0 0 0 1 1
 1 1 1 1 1 1 1 1 0 1 1 1 1 0 0 0 1 1 1 1 1 1 1 0 0 1 0 0 1 1 1 0 0 0 1 1 1
 1 0 0 0 1 1 0 0 0 1 1 1 0 0 1 1 0 1 1 0 1 1 0 1 1 1]
At 13401/30000: COST 0.012/3.419(0.020) -- Acc 1.000/0.540(0.994)
[0 1 0 1 0 1 0 0 0 0 1 0 1 1 1 0 0 0 1 0 1 0 0 1 1 0 0 1 0 0 1 0 0 0 1 0 1
 0 1 1 1 0 0 1 0 0 1 1 0 0 1 1 1 1 0 1 0 1 0 1 1 1 1 1 0 1 1 1 1 1 1 1 0 1
 0 0 1 0 0 1 1 0 1 1 0 1 1 1 0 1 1 1 0 1 1 0 0 0 0 0]
At 13501/30000: COST 0.001/3.293(0.024) -- Acc 1.000/0.500(0.994)
[1 0 1 0 0 0 1 0 0 0 0 0 0 0 1 0 0 1 0 0 1 1 1 1 1 1 1 0 1 0 0 0 1 1 0 1 0
 1 1 1 0 1 0 1 1 0 1 0 1 0 1 1 0 1 0 0 0 1 1 1 1 1 1 0 1 1 0 1 1 1 0 1 1 1
 1 0 1 1 1 1 0 1 1 1 1 0 1 0 0 0 1 0 1 0 1 1 0 1 0 1]
At 13601/30000: COST 0.002/3.421(0.011) -- Acc 1.000/0.480(0.998)
[0 1 0 1 1 1 1 1 0 1 0 0 1 0 1 1 0 0 0 1 0 1 1 1 1 1 0 1 1 1 0 0 1 0 0 0 1
 0 1 0 1 0 1 0 1 1 0 1 1 1 1 0 0 1 1 1 0 1 1 1 1 1 1 1 0 0 1 0 1 0 1 0 1 1
 0 1 1 1 1 1 1 0 1 0 0 1 0 1 1 0 1 0 0 1 1 0 1 1 0 0]
At 13701/30000: COST 0.000/3.419(0.006) -- Acc 1.000/0.490(0.999)
[0 1 1 1 1 1 1 0 0 1 0 0 0 1 1 1 0 0 1 1 1 0 1 1 1 0 1 0 1 0 0 1 1 1 1 1 1
 0 1 1 1 1 1 0 0 1 1 0 0 0 0 1 0 1 0 0 1 1 1 0 1 0 1 1 1 1 0 0 1 1 1 0 0 1
 1 1 1 1 1 1 0 1 0 1 1 1 0 0 0 1 0 1 1 0 0 1 1 1 1 0]
At 13801/30000: COST 0.002/3.251(0.003) -- Acc 1.000/0.490(0.999)
[1 1 1 0 1 1 1 1 1 1 1 1 0 1 1 1 0 1 0 0 0 1 1 0 0 0 1 0 1 0 1 1 1 0 1 1 1
 1 1 1 1 1 1 1 0 1 1 0 1 1 0 1 0 1 1 1 1 0 1 0 0 1 0 1 0 0 0 1 1 1 0 0 1 1
 0 1 0 1 0 1 1 0 0 0 1 1 1 0 1 1 0 0 1 1 1 1 1 0 0 0]
At 13901/30000: COST 0.008/3.661(0.006) -- Acc 1.000/0.500(0.998)
[1 0 1 0 1 1 1 1 1 1 1 0 1 1 0 1 1 0 1 0 1 0 1 0 1 0 1 0 1 1 0 1 1 0 0 1 0
 1 0 0 0 1 1 0 1 1 1 1 1 0 0 0 1 1 1 1 0 0 1 1 1 1 1 1 1 1 0 0 0 0 1 1 1 0
 0 0 1 0 1 0 1 1 1 0 1 1 0 1 1 1 1 1 1 1 1 1 1 1 1 1]
At 14001/30000: COST 0.004/4.047(0.008) -- Acc 1.000/0.510(0.997)
[1 0 1 1 1 1 0 0 1 0 1 0 0 1 0 0 0 0 0 1 1 1 1 1 0 1 1 1 1 1 1 1 1 0 1 1 1
 1 0 1 0 1 1 1 0 1 0 0 0 1 0 1 0 0 1 0 1 0 0 1 1 1 1 1 0 1 1 1 0 1 1 1 1 1
 1 0 1 1 1 1 1 1 1 1 0 1 0 1 0 1 1 1 1 1 0 1 1 1 1 0]
At 14101/30000: COST 0.008/2.861(0.049) -- Acc 1.000/0.460(0.986)
[0 0 1 0 0 1 1 1 1 1 0 1 1 0 1 1 1 0 1 1 0 1 1 1 1 1 1 1 1 1 1 1 0 1 1 1 0
 0 1 1 1 0 0 1 0 1 0 1 1 1 0 1 1 0 0 0 0 1 1 1 0 1 0 0 1 1 0 1 1 1 1 1 1 1
 0 1 1 1 0 1 1 1 1 0 0 1 0 0 0 0 1 0 1 1 0 0 1 0 1 0]
At 14201/30000: COST 0.001/3.018(0.025) -- Acc 1.000/0.480(0.993)
[0 0 1 0 0 1 1 1 1 1 0 0 1 0 1 1 1 1 1 1 0 1 0 0 1 1 0 1 1 0 1 1 1 0 0 1 0
 1 0 1 1 1 1 1 1 1 1 0 0 0 1 1 1 1 0 1 1 1 0 1 1 1 1 1 1 1 0 1 0 1 1 1 1 0
 1 0 1 0 0 1 1 0 0 1 0 0 1 1 0 1 1 1 1 1 1 1 0 0 1 0]
At 14301/30000: COST 0.002/3.609(0.012) -- Acc 1.000/0.480(0.997)
[1 0 1 0 1 0 1 1 1 1 0 1 1 1 1 0 0 1 1 0 1 1 1 1 0 0 0 0 1 0 1 0 1 1 1 1 1
 1 1 1 1 0 0 1 1 1 1 1 1 0 1 0 0 0 1 0 0 0 1 0 0 1 1 0 0 1 0 1 1 1 1 0 1 1
 1 1 1 0 0 1 1 1 0 1 0 0 1 1 1 1 1 1 1 1 0 0 1 0 1 0]
At 14401/30000: COST 0.000/3.750(0.006) -- Acc 1.000/0.480(0.998)
[1 1 1 1 0 0 1 1 1 0 1 0 1 1 1 0 1 0 1 1 1 0 1 0 1 0 1 0 1 1 1 1 1 0 1 0 0
 1 1 1 0 1 1 1 0 0 1 1 0 1 0 1 0 0 1 1 1 1 0 1 0 1 1 0 1 1 1 1 0 1 1 1 1 1
 0 1 0 0 0 1 1 1 1 1 1 1 0 1 1 1 0 0 0 0 1 0 1 1 0 1]
At 14501/30000: COST 0.002/3.901(0.003) -- Acc 1.000/0.460(0.999)
[1 1 1 0 1 0 1 1 1 0 1 0 1 1 0 0 0 1 1 0 0 0 0 0 1 1 1 1 1 1 1 0 1 1 1 1 1
 0 1 1 1 1 1 0 1 0 1 1 0 1 1 0 1 1 0 0 1 0 1 1 0 1 1 1 0 0 0 0 1 0 1 1 1 1
 1 0 0 1 0 0 0 1 0 1 1 1 1 0 1 1 0 1 1 1 1 1 0 1 1 1]
At 14601/30000: COST 0.000/3.990(0.003) -- Acc 1.000/0.450(0.999)
[1 1 0 1 1 1 1 1 0 0 1 0 1 1 1 1 1 1 1 0 0 1 1 1 0 1 0 0 0 0 1 0 1 1 1 1 0
 0 1 0 0 1 0 1 1 1 0 1 0 1 1 0 0 1 1 1 1 1 1 1 1 0 1 0 0 1 0 1 1 1 1 0 1 1
 1 1 1 0 1 1 1 0 0 1 0 1 1 0 0 1 1 0 1 1 0 1 1 1 1 1]
At 14701/30000: COST 0.002/4.246(0.002) -- Acc 1.000/0.430(0.999)
[1 1 0 0 1 1 1 0 1 0 0 1 1 0 0 0 0 1 1 1 1 1 0 1 1 0 1 0 1 1 1 0 0 0 0 1 1
 1 1 1 1 1 0 1 0 0 1 1 1 1 1 1 0 0 1 1 0 1 0 0 1 0 1 1 1 0 0 0 1 1 1 1 1 0
 1 1 0 1 1 0 1 0 0 0 0 1 1 1 1 1 0 0 1 1 1 1 1 0 1 1]
At 14801/30000: COST 0.000/4.100(0.002) -- Acc 1.000/0.450(1.000)
[1 1 0 0 1 1 1 0 0 0 1 1 1 1 0 0 1 0 1 1 1 1 1 0 1 1 1 1 1 1 1 1 0 0 1 0 0
 0 1 1 1 1 1 0 1 1 0 1 0 1 1 0 1 1 0 0 1 1 1 1 1 0 0 1 1 1 1 1 1 1 0 0 1 0
 0 0 0 0 1 1 1 1 1 0 1 1 1 0 0 1 1 1 0 0 0 0 1 0 0 1]
At 14901/30000: COST 0.000/4.033(0.001) -- Acc 1.000/0.450(1.000)
[1 1 1 1 0 0 0 1 0 1 1 0 1 1 1 1 1 1 1 1 1 1 1 0 1 1 1 0 1 1 1 1 0 0 0 1 0
 1 1 1 1 1 0 1 1 0 1 1 1 1 0 0 0 1 0 1 0 1 1 0 1 1 1 1 1 1 1 0 1 1 0 0 0 1
 0 1 1 1 1 1 1 0 1 0 0 0 1 0 0 1 1 1 0 0 0 1 0 0 1 0]
At 15001/30000: COST 0.001/4.361(0.001) -- Acc 1.000/0.450(1.000)
[1 1 1 0 0 0 1 1 0 0 1 1 1 1 0 0 0 0 1 1 0 1 0 1 0 1 1 0 1 1 1 1 1 1 0 0 1
 1 0 0 1 1 1 1 0 1 1 0 1 1 1 1 1 1 1 1 0 1 1 1 1 0 0 1 0 1 1 0 1 1 0 0 0 0
 1 1 0 1 1 1 1 0 0 0 1 0 1 1 1 0 1 1 1 1 1 0 1 0 1 1]
At 15101/30000: COST 0.000/4.034(0.003) -- Acc 1.000/0.470(0.999)
[1 1 1 0 0 1 1 1 1 0 1 1 1 1 0 0 1 1 1 1 1 0 0 0 1 0 1 0 1 1 0 0 1 1 0 0 1
 1 1 1 0 1 1 1 1 1 1 0 0 1 1 1 0 1 1 1 1 1 1 1 0 1 0 0 1 0 0 1 1 1 1 1 1 1
 1 1 0 1 1 0 0 0 1 1 0 0 1 1 1 0 1 1 1 1 0 1 0 0 1 1]
At 15201/30000: COST 0.001/4.151(0.002) -- Acc 1.000/0.480(1.000)
[1 1 1 1 0 1 0 1 0 1 1 1 1 0 1 1 0 1 0 0 0 0 1 1 1 1 0 0 1 1 1 1 1 0 1 1 1
 1 1 0 1 1 0 1 1 0 0 1 1 1 0 1 1 0 1 1 1 1 1 0 1 0 1 1 0 1 0 1 1 0 1 1 1 1
 1 0 1 1 1 1 1 1 0 1 0 0 0 1 1 0 0 0 1 0 1 1 0 0 1 1]
At 15301/30000: COST 0.000/4.317(0.001) -- Acc 1.000/0.490(1.000)
[0 1 0 0 1 1 0 1 0 1 1 1 1 0 1 1 0 1 1 1 1 1 1 1 0 0 0 1 1 1 1 0 0 1 0 1 1
 0 1 0 0 1 1 1 0 1 1 0 0 1 1 0 0 1 1 0 0 0 1 0 1 1 1 1 1 1 1 1 1 1 1 1 0 1
 1 1 1 1 1 1 1 0 0 1 0 1 0 1 1 1 0 1 1 1 1 1 0 0 0 1]
At 15401/30000: COST 0.000/4.561(0.001) -- Acc 1.000/0.450(1.000)
[1 1 1 1 1 1 1 0 1 1 1 0 0 0 0 0 0 1 1 1 1 1 1 0 1 0 1 0 1 0 1 1 0 1 1 1 0
 0 1 1 1 1 1 0 1 1 0 0 1 1 1 1 1 1 0 1 0 1 1 0 0 1 1 1 1 0 1 0 0 1 1 1 0 0
 1 1 0 1 1 0 1 0 1 1 1 0 1 1 1 1 1 0 0 1 0 0 1 1 1 1]
At 15501/30000: COST 0.001/4.574(0.001) -- Acc 1.000/0.470(1.000)
[1 0 1 1 1 1 1 1 1 0 1 1 1 0 1 1 0 1 0 1 1 1 1 1 1 1 0 1 1 0 0 1 1 0 0 1 0
 1 1 1 0 1 1 1 0 1 1 1 1 1 0 1 1 1 1 1 0 1 0 1 0 0 0 1 0 0 1 0 0 1 1 1 0 1
 0 1 1 1 1 1 1 1 1 1 1 1 1 0 1 1 1 1 0 0 1 1 1 1 0 1]
At 15601/30000: COST 0.001/4.239(0.001) -- Acc 1.000/0.500(1.000)
[1 0 1 1 1 0 0 1 0 1 1 1 1 1 1 1 1 0 0 1 1 0 1 1 0 1 1 0 1 0 0 1 1 0 0 1 0
 1 1 0 0 1 1 1 1 1 0 0 1 0 0 1 1 1 1 0 0 1 1 1 1 1 1 0 1 0 0 0 0 0 1 1 1 1
 1 0 1 1 0 1 1 0 1 0 1 1 1 0 1 1 0 0 0 1 1 0 1 1 1 0]
At 15701/30000: COST 0.260/3.503(0.015) -- Acc 0.950/0.530(0.996)
[1 0 1 0 0 1 1 1 1 0 1 1 0 0 0 1 1 1 1 1 1 0 0 0 1 1 0 0 1 0 1 1 1 1 1 0 0
 0 0 0 1 1 0 1 0 0 1 1 1 0 0 0 0 1 1 1 0 1 0 1 1 1 1 1 1 1 1 1 1 1 0 1 1 1
 1 1 1 0 0 1 1 1 1 1 0 0 0 1 1 1 1 1 1 1 1 1 1 1 1 1]
At 15801/30000: COST 0.051/3.398(0.050) -- Acc 0.980/0.480(0.985)
[1 0 1 1 1 1 0 1 1 1 0 1 1 1 1 1 0 0 1 1 1 1 1 1 1 0 1 0 1 1 1 1 1 0 1 1 1
 1 0 1 1 1 1 1 1 0 1 1 0 1 1 0 1 1 1 0 1 1 1 0 1 1 1 1 1 0 1 1 1 1 0 0 0 0
 1 0 1 0 1 1 0 1 1 1 1 1 1 0 1 1 1 0 0 0 0 0 1 1 1 1]
At 15901/30000: COST 0.016/3.914(0.025) -- Acc 0.990/0.490(0.993)
[1 1 1 1 1 1 0 1 0 0 1 1 0 0 1 1 0 1 1 0 1 1 0 1 1 1 1 1 1 0 0 0 0 0 1 1 0
 1 0 0 1 1 1 0 0 1 0 0 0 0 1 1 1 0 1 1 1 1 1 1 1 1 0 1 0 1 1 1 0 1 1 1 1 0
 1 1 0 0 0 1 0 1 0 1 1 1 1 0 1 0 1 1 1 1 1 0 1 0 0 1]
At 16001/30000: COST 0.002/4.107(0.011) -- Acc 1.000/0.440(0.997)
[1 0 1 0 1 1 1 1 0 1 1 0 1 1 1 0 1 0 1 1 0 0 1 1 1 0 1 1 1 1 0 0 1 1 1 1 0
 1 1 1 0 0 0 0 1 1 0 0 1 1 1 1 0 0 0 1 1 1 1 1 0 0 1 1 1 1 1 1 0 1 1 1 1 1
 1 1 1 0 1 1 1 1 1 1 1 1 1 1 1 0 0 1 1 1 0 1 0 1 1 1]
At 16101/30000: COST 0.002/4.049(0.007) -- Acc 1.000/0.440(0.998)
[0 0 1 1 0 1 1 1 0 0 1 0 0 1 1 1 1 0 1 0 1 1 1 1 1 1 1 1 0 1 1 1 1 0 1 0 1
 1 1 1 0 0 0 0 1 1 0 0 1 1 0 1 1 1 1 1 1 1 1 1 1 0 1 1 1 1 0 1 1 0 0 1 0 1
 1 0 1 1 1 1 0 1 1 1 1 1 1 1 0 1 1 0 1 0 0 0 1 1 0 1]
At 16201/30000: COST 0.002/3.951(0.005) -- Acc 1.000/0.530(0.999)
[1 1 0 0 1 0 1 1 1 1 1 0 1 1 0 0 1 0 0 0 0 0 0 1 1 1 1 1 1 1 1 0 1 1 0 1 1
 0 0 1 0 0 1 1 1 0 1 0 0 1 1 1 1 1 1 1 1 1 0 1 0 0 1 1 1 1 1 1 1 1 1 1 1 1
 1 1 0 0 0 1 1 0 1 0 1 0 0 0 1 1 1 1 1 0 1 1 0 1 0 1]
At 16301/30000: COST 0.001/4.184(0.004) -- Acc 1.000/0.500(0.999)
[0 1 0 1 1 1 0 0 1 0 1 1 1 1 1 1 0 1 1 1 1 1 0 1 1 0 0 0 0 0 1 1 1 1 1 1 1
 1 0 0 0 1 1 1 1 1 0 1 1 1 1 1 1 1 0 1 0 0 1 1 0 0 1 1 1 0 0 0 1 0 1 1 1 0
 1 0 1 1 1 0 0 1 0 1 1 1 1 1 0 1 0 0 0 0 0 0 1 0 0 1]
At 16401/30000: COST 0.002/4.218(0.003) -- Acc 1.000/0.460(0.999)
[1 0 1 1 1 1 1 1 1 0 0 1 1 0 0 1 1 1 0 0 1 1 1 1 1 1 1 1 1 0 1 0 0 1 0 0 0
 1 0 0 0 1 1 1 1 1 1 1 1 0 0 1 0 1 0 1 0 1 1 1 1 1 1 0 0 0 1 1 1 1 1 1 1 1
 1 0 1 0 0 0 1 1 1 0 1 0 0 0 1 0 1 1 1 1 1 1 1 0 1 0]
At 16501/30000: COST 0.001/4.235(0.003) -- Acc 1.000/0.460(0.999)
[1 0 1 1 1 1 0 0 0 1 1 1 1 0 1 1 1 1 1 1 1 1 1 0 1 1 1 1 0 0 0 1 1 0 1 1 0
 1 1 1 1 0 1 0 1 0 1 0 1 0 0 1 1 0 0 1 1 1 1 0 1 1 0 1 1 0 0 0 0 0 1 1 0 0
 0 0 1 0 1 0 1 0 1 1 1 1 1 1 1 1 1 1 1 1 1 1 1 1 0 0]
At 16601/30000: COST 0.000/4.489(0.002) -- Acc 1.000/0.460(0.999)
[1 1 0 1 0 1 1 1 0 1 1 0 1 1 1 1 1 1 1 1 1 0 1 1 0 0 1 1 0 1 1 0 1 0 0 0 0
 1 0 0 1 1 1 1 1 1 1 1 1 1 1 1 1 1 0 1 1 1 1 1 0 1 0 0 0 1 1 0 1 0 1 0 0 1
 1 0 1 0 0 0 0 0 1 1 1 0 1 1 1 0 0 1 0 0 1 0 0 0 1 0]
At 16701/30000: COST 0.002/4.343(0.003) -- Acc 1.000/0.480(0.999)
[1 1 1 1 1 1 1 1 0 0 1 1 0 1 0 0 1 1 1 1 1 1 1 0 1 0 1 1 0 1 0 0 1 0 1 1 1
 0 1 1 0 1 0 1 1 1 1 0 0 1 1 1 0 1 1 1 1 1 0 1 0 0 1 0 1 1 1 1 1 1 1 1 1 0
 1 0 0 1 1 0 1 1 0 1 1 1 1 1 1 0 1 1 1 0 1 1 1 1 1 1]
At 16801/30000: COST 0.004/4.000(0.010) -- Acc 1.000/0.490(0.997)
[1 0 1 1 1 1 1 0 0 1 1 0 0 1 1 0 0 1 1 0 0 0 1 1 1 0 1 0 1 1 1 1 1 1 0 1 1
 1 1 1 0 0 1 0 1 1 0 1 1 1 1 0 0 1 1 1 1 1 1 1 1 1 1 1 0 1 1 1 0 0 0 1 1 1
 0 1 0 0 1 1 0 0 1 1 0 1 1 0 1 1 0 0 1 0 1 1 1 1 1 1]
At 16901/30000: COST 0.001/4.107(0.007) -- Acc 1.000/0.460(0.998)
[1 1 1 1 1 0 1 0 0 1 1 0 1 1 1 1 1 1 0 0 0 0 1 1 1 1 0 1 1 0 0 1 0 1 0 1 0
 0 1 1 0 1 1 1 1 1 1 1 1 1 1 1 1 0 1 0 1 0 0 1 0 0 0 1 1 1 1 1 1 0 1 1 1 0
 0 0 0 1 0 0 1 1 1 0 1 1 1 1 1 1 1 0 1 0 1 1 1 1 1 1]
At 17001/30000: COST 0.012/3.481(0.027) -- Acc 1.000/0.480(0.992)
[0 1 1 0 1 1 1 1 1 1 1 0 1 0 0 1 1 1 1 1 1 0 1 1 1 1 1 0 0 1 0 0 1 0 0 0 0
 1 0 0 1 0 1 0 0 1 1 1 1 0 1 1 1 1 1 0 1 0 1 0 1 1 1 1 1 1 1 0 0 1 0 1 1 0
 1 1 0 1 1 1 1 1 0 0 0 1 1 0 0 1 1 0 0 1 1 0 0 0 1 1]
At 17101/30000: COST 0.002/3.481(0.017) -- Acc 1.000/0.490(0.995)
[1 1 0 0 0 1 1 1 1 0 1 1 1 0 1 1 1 0 0 0 0 0 0 0 1 1 1 0 1 1 0 0 1 1 1 1 1
 0 1 1 1 1 0 0 0 0 1 1 1 0 1 1 1 1 0 1 1 1 1 0 1 0 0 1 0 0 1 1 1 0 0 1 0 1
 1 1 0 0 0 1 1 1 1 1 0 1 1 0 0 1 0 1 1 1 1 0 1 1 1 0]
At 17201/30000: COST 0.000/4.166(0.007) -- Acc 1.000/0.500(0.998)
[1 0 0 1 1 0 0 1 1 1 0 0 1 1 1 1 0 1 1 1 1 1 0 0 1 1 0 0 0 1 1 1 1 0 1 1 1
 1 1 0 1 0 0 1 1 1 1 1 1 1 1 1 0 0 1 1 1 1 1 1 1 1 1 0 0 1 1 0 1 1 1 0 1 0
 0 0 1 1 0 1 1 1 1 1 1 1 0 0 0 1 1 1 1 0 0 0 1 0 1 1]
At 17301/30000: COST 0.002/3.744(0.005) -- Acc 1.000/0.500(0.999)
[1 0 1 1 1 1 0 1 1 1 0 0 0 1 1 1 0 1 1 1 1 1 1 0 0 1 1 0 1 0 1 0 1 1 1 1 0
 1 1 1 0 1 0 0 0 1 1 0 1 1 0 0 0 0 0 0 0 1 1 1 0 0 1 1 0 1 1 1 1 1 1 0 1 1
 1 1 0 1 1 1 1 0 1 0 0 0 1 1 0 1 1 1 1 0 1 1 1 0 0 1]
At 17401/30000: COST 0.000/4.238(0.003) -- Acc 1.000/0.480(0.999)
[1 1 1 1 1 1 0 0 0 1 1 0 1 1 1 0 1 0 1 0 0 0 0 0 0 0 1 1 1 0 1 0 1 1 1 1 1
 1 0 1 0 0 0 1 1 1 1 1 1 0 0 1 0 0 0 1 1 1 0 1 1 0 1 0 1 1 1 0 1 0 0 0 0 0
 0 1 0 1 1 0 1 1 0 1 0 1 0 1 1 1 1 0 1 1 0 1 0 1 1 1]
At 17501/30000: COST 0.000/3.939(0.002) -- Acc 1.000/0.510(1.000)
[1 0 0 1 1 1 1 1 0 1 1 1 0 1 1 0 0 0 1 0 0 1 1 0 1 0 0 1 1 1 1 1 1 0 1 1 0
 1 1 1 1 0 0 0 0 0 1 0 1 1 0 0 1 1 1 1 1 0 1 1 1 0 1 0 0 0 1 0 1 1 1 1 0 1
 1 0 0 1 1 0 1 1 0 0 1 1 1 0 0 1 0 1 1 1 0 1 0 0 0 1]
At 17601/30000: COST 0.001/4.157(0.001) -- Acc 1.000/0.500(1.000)
[0 1 1 0 0 0 1 0 1 1 1 1 1 1 1 1 1 1 0 1 0 0 0 0 1 1 0 0 1 0 0 0 0 1 1 1 0
 1 1 0 1 1 0 1 1 1 1 1 1 0 0 0 0 1 0 0 1 0 1 0 1 1 0 1 0 1 0 1 0 1 1 0 1 1
 1 1 1 0 0 1 1 0 1 0 1 0 1 1 0 0 0 1 0 0 1 1 1 1 1 1]
At 17701/30000: COST 0.000/4.256(0.001) -- Acc 1.000/0.490(1.000)
[1 1 1 1 1 0 1 1 1 0 1 0 0 1 1 1 0 1 1 1 1 0 0 0 0 1 1 1 1 1 1 1 0 0 1 1 1
 0 0 1 0 1 0 1 0 0 0 0 1 1 0 1 0 0 1 0 0 1 0 1 1 1 1 1 1 1 0 1 0 1 1 0 0 1
 1 0 0 1 0 1 0 1 1 1 1 1 0 0 1 1 0 0 1 1 1 0 1 1 1 1]
At 17801/30000: COST 0.000/4.527(0.002) -- Acc 1.000/0.450(0.999)
[1 1 1 1 0 1 1 0 1 1 1 0 0 1 0 0 1 0 1 1 0 1 0 1 0 0 1 1 0 1 1 1 1 1 1 0 1
 1 0 0 1 1 0 1 0 1 0 1 0 1 0 1 1 1 1 1 0 0 0 0 1 1 0 1 1 1 1 1 0 1 0 0 1 0
 1 0 1 1 0 1 1 1 0 1 0 0 1 1 0 1 1 0 1 1 1 1 0 1 1 1]
At 17901/30000: COST 0.001/4.504(0.001) -- Acc 1.000/0.480(1.000)
[1 1 0 0 1 0 1 1 1 0 0 0 0 0 1 0 1 0 0 1 1 1 0 1 1 1 1 0 0 1 0 1 1 1 0 1 1
 1 0 1 1 1 0 1 0 0 1 0 1 0 1 1 1 1 1 0 0 0 1 0 1 1 1 1 1 0 1 1 0 1 1 1 1 0
 0 0 0 1 1 0 0 1 0 0 0 0 1 1 1 1 1 0 1 1 1 1 1 0 1 0]
At 18001/30000: COST 0.240/4.353(0.011) -- Acc 0.950/0.480(0.997)
[0 0 1 0 1 1 1 0 0 0 1 0 1 0 0 1 0 0 0 1 1 0 1 1 0 0 1 1 1 0 1 0 1 1 1 0 1
 1 0 1 0 0 1 1 1 1 0 0 0 0 1 1 1 1 0 0 1 0 1 1 1 1 1 0 1 1 1 0 1 0 1 1 0 1
 0 1 0 1 1 0 0 1 0 1 1 1 1 1 0 1 0 0 1 0 0 1 1 1 1 1]
At 18101/30000: COST 0.097/2.753(0.026) -- Acc 0.980/0.490(0.992)
[1 1 0 0 1 0 0 1 1 1 0 1 0 0 0 1 0 1 1 1 1 0 0 0 1 0 0 0 0 1 1 1 1 1 0 0 1
 1 1 0 1 0 0 1 1 1 1 0 1 1 1 1 1 0 1 0 1 0 1 1 0 1 1 1 1 1 0 1 0 1 1 0 1 1
 0 1 1 0 0 0 0 1 1 0 0 1 0 1 1 0 1 1 0 1 0 1 0 1 0 1]
At 18201/30000: COST 0.005/2.790(0.021) -- Acc 1.000/0.490(0.994)
[1 1 0 0 1 1 1 0 0 1 1 1 1 1 1 0 1 1 1 1 0 1 0 0 1 0 1 1 0 1 1 1 1 1 0 1 1
 1 1 0 1 1 1 1 1 1 0 0 0 0 1 1 1 1 1 0 0 0 0 0 0 1 1 0 0 1 1 1 1 0 0 1 0 0
 0 0 0 1 1 1 0 1 1 0 0 1 0 0 1 1 1 0 0 0 0 0 0 1 1 0]
At 18301/30000: COST 0.031/3.275(0.019) -- Acc 0.980/0.540(0.994)
[1 1 0 1 0 0 0 0 1 0 0 1 0 0 1 1 1 1 1 0 1 0 0 1 1 0 1 1 1 1 1 1 1 1 1 0 1
 1 1 0 1 0 0 1 1 1 1 0 1 0 1 0 1 0 0 0 1 0 0 1 1 0 0 0 1 0 0 0 1 1 1 1 1 0
 1 0 0 1 1 0 0 1 0 1 1 0 1 1 1 0 0 0 1 0 0 0 0 1 0 0]
At 18401/30000: COST 0.003/2.982(0.011) -- Acc 1.000/0.520(0.997)
[0 1 1 1 1 0 0 0 0 1 1 0 1 1 0 0 1 1 0 1 0 0 1 1 1 0 1 1 1 1 0 0 1 0 1 0 0
 1 1 1 1 0 1 1 0 1 1 1 1 1 1 1 0 0 0 1 0 0 0 1 0 1 1 0 1 1 1 1 1 1 0 0 0 0
 1 1 0 0 1 0 1 0 0 0 0 0 0 1 1 1 1 0 1 0 0 1 1 1 0 0]
At 18501/30000: COST 0.000/3.012(0.006) -- Acc 1.000/0.520(0.998)
[1 1 1 1 0 1 1 0 1 1 0 0 0 0 0 1 0 1 1 0 1 1 1 1 0 1 0 1 1 0 1 1 1 1 0 1 0
 0 1 0 0 0 0 1 1 1 1 0 1 1 1 0 1 1 0 1 1 1 0 1 0 1 1 1 0 0 0 1 1 1 1 1 1 1
 1 0 1 0 1 1 1 0 0 0 1 0 0 0 1 1 1 1 1 0 1 1 1 1 0 1]
At 18601/30000: COST 0.194/3.118(0.023) -- Acc 0.940/0.460(0.994)
[1 0 1 1 0 1 0 1 0 0 1 1 0 1 1 0 1 0 0 0 1 0 1 0 1 0 1 0 1 1 1 1 0 1 1 1 1
 1 1 0 0 0 0 0 0 1 1 0 1 0 0 0 0 1 0 1 0 1 1 1 1 1 1 1 1 0 1 1 1 0 1 1 0 1
 0 1 1 0 1 1 0 1 0 0 1 1 1 1 0 0 0 1 0 0 0 1 0 1 0 0]
At 18701/30000: COST 0.002/3.054(0.026) -- Acc 1.000/0.480(0.993)
[1 0 1 0 0 1 1 0 1 1 1 1 1 0 1 0 1 1 0 0 0 1 0 1 1 1 0 1 0 1 0 1 0 0 1 0 1
 0 0 0 1 1 1 1 0 0 0 1 1 0 0 1 1 1 1 0 1 1 1 1 1 1 1 1 0 1 1 1 0 1 1 1 0 1
 1 1 1 1 0 1 1 0 1 1 1 1 1 1 1 1 1 0 0 0 1 1 0 1 0 0]
At 18801/30000: COST 0.003/2.890(0.016) -- Acc 1.000/0.450(0.996)
[1 1 0 0 1 0 0 1 0 1 0 1 1 1 1 1 1 0 1 1 0 1 1 1 0 1 1 1 1 0 1 1 0 0 1 0 1
 1 0 1 0 0 1 0 1 1 0 1 1 0 0 1 1 1 0 1 0 1 1 0 1 1 1 1 0 0 1 0 0 0 1 1 1 1
 0 1 0 0 0 0 1 1 0 0 0 1 1 0 1 0 1 0 1 0 0 1 1 0 1 1]
At 18901/30000: COST 0.002/3.039(0.009) -- Acc 1.000/0.530(0.998)
[1 0 0 1 0 1 1 1 1 0 1 0 1 0 1 0 1 0 1 1 0 1 0 0 0 1 0 1 1 1 0 1 1 1 1 1 1
 1 0 1 0 1 1 1 1 0 0 0 0 1 1 1 0 1 0 1 0 0 1 1 1 1 1 1 0 0 0 0 1 1 1 1 1 1
 1 1 0 1 0 1 0 1 0 0 0 1 1 1 0 0 1 0 0 1 1 0 1 1 1 1]
At 19001/30000: COST 0.000/3.233(0.005) -- Acc 1.000/0.500(0.999)
[1 0 1 0 0 1 0 1 1 0 0 0 0 0 0 1 1 1 1 0 1 1 1 0 1 1 1 1 1 1 0 1 0 0 1 1 1
 1 1 1 1 1 1 0 0 0 1 0 0 1 0 1 0 1 0 1 1 1 0 1 0 1 1 1 1 1 1 1 0 1 1 1 0 1
 1 1 0 1 1 1 0 1 1 0 0 0 0 0 1 0 1 0 1 1 1 1 0 0 1 1]
At 19101/30000: COST 0.001/3.314(0.003) -- Acc 1.000/0.490(0.999)
[1 1 1 1 1 0 1 1 0 0 0 1 0 0 1 0 1 0 1 0 1 1 1 1 1 1 1 0 1 0 0 1 1 1 0 1 1
 0 1 1 0 1 1 1 0 0 0 1 1 1 1 1 1 1 1 1 0 1 1 0 0 1 1 0 0 1 0 0 1 1 0 0 1 0
 1 1 1 0 1 0 0 1 1 0 1 1 0 1 0 0 1 1 1 0 0 0 0 1 1 1]
At 19201/30000: COST 0.001/3.272(0.003) -- Acc 1.000/0.480(0.999)
[1 0 0 1 0 0 0 0 1 1 1 1 1 1 0 1 0 0 0 1 1 1 0 1 0 0 1 1 0 0 1 1 1 1 0 1 1
 0 0 0 0 1 1 0 1 1 1 1 0 1 1 1 0 0 1 0 1 1 1 1 0 1 1 0 1 1 0 0 1 1 1 1 1 1
 1 1 1 0 1 0 1 1 0 1 0 0 1 0 1 0 0 1 1 0 1 1 1 1 1 0]
At 19301/30000: COST 0.000/3.430(0.002) -- Acc 1.000/0.500(1.000)
[1 1 1 1 0 0 0 1 1 1 1 0 1 1 0 0 0 1 0 1 0 0 1 1 1 0 1 0 1 1 1 1 1 1 0 1 1
 1 0 1 0 0 1 1 1 1 1 0 1 1 1 0 0 0 0 1 1 1 1 1 1 1 1 0 0 0 1 1 1 1 0 1 1 0
 0 0 1 0 1 0 1 0 0 0 0 1 1 1 1 1 1 1 1 0 0 0 1 1 1 0]
At 19401/30000: COST 0.000/3.635(0.001) -- Acc 1.000/0.470(1.000)
[1 0 1 0 0 0 0 0 0 1 0 0 0 1 0 1 0 0 0 1 1 1 1 1 1 0 1 1 0 1 1 1 0 0 1 1 1
 1 1 1 1 1 1 0 1 0 1 1 1 1 1 1 0 0 0 1 1 1 0 1 1 0 0 0 1 0 0 1 0 1 0 0 1 1
 1 1 1 1 1 0 0 1 1 1 1 0 1 0 1 1 0 1 0 1 0 1 1 1 1 1]
At 19501/30000: COST 0.000/3.735(0.001) -- Acc 1.000/0.480(1.000)
[1 1 1 1 1 0 1 1 0 1 1 1 1 0 1 0 1 0 1 0 0 0 0 0 0 1 0 0 0 0 1 0 1 1 1 1 1
 1 0 0 1 0 0 1 1 1 1 1 1 0 1 1 0 1 0 0 1 0 0 0 0 1 1 0 1 1 1 1 1 1 0 1 1 1
 1 1 1 1 1 0 1 1 1 1 1 0 1 0 0 0 1 1 1 0 1 0 0 0 1 1]
At 19601/30000: COST 0.000/3.879(0.001) -- Acc 1.000/0.460(1.000)
[0 0 1 1 1 1 0 0 1 0 0 1 1 1 1 1 1 0 1 1 0 0 1 0 1 1 0 1 1 0 1 0 1 1 1 1 0
 1 0 0 1 1 0 0 1 0 1 0 1 1 0 1 1 0 1 1 1 0 0 0 0 1 1 1 0 1 1 0 0 0 0 1 1 1
 1 1 1 0 0 1 0 1 0 1 0 1 1 0 1 1 1 0 1 0 0 0 1 0 0 1]
At 19701/30000: COST 0.001/3.513(0.002) -- Acc 1.000/0.500(0.999)
[1 0 1 0 0 0 1 1 0 1 1 0 0 0 1 1 1 1 1 1 1 0 1 1 0 0 0 1 0 1 0 1 1 0 1 1 1
 1 0 0 1 0 0 1 0 0 0 1 1 0 1 1 1 0 0 0 1 0 0 0 0 0 1 0 1 1 0 1 1 0 1 1 1 1
 1 1 1 1 1 1 1 1 0 1 1 1 0 0 1 0 0 1 0 1 1 0 0 1 1 0]
At 19801/30000: COST 0.000/3.760(0.002) -- Acc 1.000/0.540(1.000)
[0 1 1 1 1 0 1 1 1 1 1 1 0 1 0 1 0 1 1 1 0 0 1 0 1 1 1 0 0 1 1 0 1 1 0 1 1
 0 1 1 1 0 0 1 0 1 1 0 1 1 1 1 1 1 1 0 0 1 0 1 1 0 0 0 0 1 0 0 1 0 1 0 0 0
 1 1 1 0 1 1 1 0 1 0 1 0 1 0 0 1 1 0 1 1 1 1 0 0 1 1]
At 19901/30000: COST 0.095/3.248(0.009) -- Acc 0.980/0.560(0.998)
[1 0 1 1 1 1 0 1 1 1 1 1 1 1 0 0 0 1 0 0 0 0 0 1 1 1 0 1 0 0 1 0 1 1 1 0 1
 0 0 1 1 1 0 0 1 1 1 0 1 1 1 1 0 1 1 1 1 1 1 1 1 1 1 0 1 0 1 1 1 1 1 0 0 0
 1 0 1 1 0 0 0 1 0 0 0 1 1 1 1 1 0 1 1 1 1 1 1 1 1 1]
At 20001/30000: COST 0.008/3.202(0.015) -- Acc 1.000/0.490(0.996)
[1 1 1 1 0 0 1 0 0 1 1 1 0 0 1 1 1 1 1 1 1 1 1 1 0 1 0 1 1 0 0 1 0 1 1 1 1
 1 1 0 1 1 0 0 1 0 1 1 1 0 0 1 1 1 1 1 0 0 1 1 1 1 1 1 1 1 0 1 0 0 0 0 0 0
 1 1 1 0 1 1 1 1 1 1 1 1 0 0 1 1 0 0 0 1 1 0 0 0 0 0]
At 20101/30000: COST 0.002/3.144(0.009) -- Acc 1.000/0.500(0.998)
[1 1 1 0 1 1 1 1 1 1 0 0 1 1 0 1 1 1 1 1 0 1 1 0 0 1 1 1 0 0 0 1 1 1 1 0 0
 0 0 1 0 1 1 0 0 1 1 0 0 1 1 0 0 1 1 0 1 0 0 0 0 1 1 0 0 1 1 1 0 0 1 0 1 1
 1 0 1 0 1 1 0 1 1 1 0 0 0 1 1 1 0 0 1 1 1 0 0 1 1 0]
At 20201/30000: COST 0.002/3.483(0.005) -- Acc 1.000/0.490(0.999)
[0 1 0 0 1 0 1 1 1 1 0 0 1 1 0 1 1 0 1 1 1 0 1 0 1 1 1 1 1 0 1 1 1 0 0 1 1
 0 1 0 0 0 0 0 0 0 0 1 0 1 1 1 1 1 1 1 0 1 1 0 0 1 1 1 1 1 1 1 0 0 0 0 0 1
 1 1 0 0 1 1 1 1 1 0 0 1 1 0 0 1 1 1 0 1 1 1 1 1 1 1]
At 20301/30000: COST 0.002/3.789(0.002) -- Acc 1.000/0.490(1.000)
[0 0 1 1 1 0 1 1 0 0 1 1 1 1 0 1 1 0 1 1 0 1 0 1 1 0 1 1 1 0 0 1 0 1 0 1 1
 0 1 0 1 0 0 1 1 0 1 1 1 1 1 1 1 0 1 0 1 0 0 1 1 0 0 0 0 1 0 0 1 0 1 0 1 1
 1 0 1 0 0 1 0 1 1 0 1 1 0 0 1 1 1 0 1 0 1 1 1 1 1 1]
At 20401/30000: COST 0.000/4.101(0.001) -- Acc 1.000/0.470(1.000)
[0 1 1 0 0 1 1 1 0 0 1 0 1 1 1 0 1 0 0 0 1 1 1 1 0 1 0 1 0 0 1 0 0 1 1 0 1
 0 1 1 0 0 1 0 0 0 0 1 1 1 1 0 1 0 0 1 0 1 1 1 1 1 0 0 0 1 1 1 0 0 1 0 1 1
 0 0 1 1 1 0 1 0 1 1 1 1 1 1 1 0 0 1 1 1 0 1 1 1 1 0]
At 20501/30000: COST 0.190/4.386(0.007) -- Acc 0.970/0.490(0.998)
[1 1 0 1 0 0 1 0 1 1 1 1 1 0 0 0 1 1 1 0 0 1 1 1 1 0 1 0 0 0 0 1 0 0 1 1 1
 1 1 0 0 0 0 1 0 1 0 1 0 1 0 0 1 1 1 0 1 0 0 1 1 1 1 1 1 1 0 0 0 1 1 1 1 0
 0 0 0 1 1 1 0 0 0 0 0 1 1 1 1 0 0 0 0 0 0 0 1 0 1 0]
At 20601/30000: COST 0.007/3.411(0.014) -- Acc 1.000/0.480(0.996)
[0 1 1 1 0 0 1 0 1 0 1 1 1 0 0 0 0 0 0 1 0 0 1 0 0 1 1 1 0 1 1 0 1 0 1 0 1
 0 0 0 1 1 1 1 0 0 0 0 0 1 1 0 1 0 0 1 1 0 1 0 0 1 0 1 1 1 0 1 1 0 1 1 1 1
 1 1 1 1 1 1 1 1 0 0 1 1 1 0 0 1 1 1 1 1 1 1 1 1 1 1]
At 20701/30000: COST 0.000/3.916(0.007) -- Acc 1.000/0.490(0.998)
[1 1 1 0 0 1 1 0 1 1 1 0 0 1 1 1 1 0 0 0 0 1 1 0 1 1 1 1 0 0 1 0 1 1 1 1 0
 0 1 1 1 1 1 0 1 1 1 0 0 0 0 0 1 1 1 0 1 1 1 0 0 1 1 1 0 1 0 1 1 0 1 1 0 1
 1 0 1 1 1 0 1 0 1 1 1 1 0 1 1 1 1 1 0 1 0 0 0 0 1 0]
At 20801/30000: COST 0.002/4.107(0.005) -- Acc 1.000/0.470(0.999)
[0 1 0 1 0 0 0 1 0 1 1 1 1 1 0 0 1 1 0 0 1 1 0 1 0 1 1 1 1 1 0 0 0 0 1 1 1
 0 0 0 0 1 1 1 1 1 1 1 0 1 1 1 0 1 1 1 0 1 1 0 1 1 1 1 1 1 0 1 1 0 1 0 1 1
 0 1 1 1 0 0 1 1 0 0 1 1 1 1 1 1 0 1 0 1 0 0 0 1 1 0]
At 20901/30000: COST 0.001/4.177(0.003) -- Acc 1.000/0.470(0.999)
[1 1 0 0 0 1 1 1 0 1 0 1 1 0 1 1 0 0 1 0 0 0 1 1 1 0 0 1 1 0 0 0 1 1 1 0 0
 1 1 1 0 1 0 0 0 0 1 1 0 0 1 1 1 1 1 0 1 1 1 0 0 0 1 0 0 1 1 0 0 0 1 1 1 1
 1 1 0 0 0 1 1 0 1 0 1 1 0 0 1 0 0 1 1 1 1 1 1 1 0 1]
At 21001/30000: COST 0.016/3.245(0.007) -- Acc 0.990/0.510(0.998)
[1 0 1 1 0 0 1 0 1 1 1 1 1 0 0 1 0 0 1 1 1 1 0 0 1 0 1 1 1 1 1 1 0 0 1 0 1
 0 1 0 1 0 0 0 1 0 0 1 1 1 1 1 1 1 1 0 1 0 0 1 1 1 0 0 1 0 0 1 1 1 0 1 0 1
 1 0 1 0 1 0 1 1 1 0 0 1 1 1 0 1 0 1 1 0 0 1 0 0 1 1]
At 21101/30000: COST 0.001/4.060(0.005) -- Acc 1.000/0.460(0.999)
[1 0 0 1 0 1 1 1 1 1 0 1 0 0 0 1 1 1 1 1 0 1 1 1 0 0 1 0 0 1 1 1 0 1 0 1 0
 1 1 1 1 1 0 1 0 0 0 0 0 0 0 0 0 0 1 1 0 1 1 0 1 1 1 0 1 0 1 1 0 1 1 1 1 1
 0 0 1 0 1 1 0 0 0 1 1 1 0 1 1 1 1 0 1 0 1 0 1 0 1 1]
At 21201/30000: COST 0.000/3.993(0.003) -- Acc 1.000/0.470(0.999)
[0 0 1 0 0 0 1 1 0 1 0 1 1 1 1 1 0 0 0 1 0 1 0 0 1 1 0 0 1 0 0 1 1 1 0 1 0
 1 1 1 1 0 1 1 0 0 1 0 1 1 0 1 1 0 1 0 0 1 1 0 0 1 1 1 0 0 1 1 1 1 0 1 1 1
 1 1 1 0 1 0 0 1 1 1 1 1 0 1 1 1 0 1 1 1 1 1 1 0 1 0]
At 21301/30000: COST 0.003/3.950(0.015) -- Acc 1.000/0.420(0.996)
[0 0 0 1 1 0 0 0 1 1 1 0 0 1 1 1 1 0 1 1 0 1 0 0 1 1 1 0 0 0 1 1 0 0 0 1 0
 1 0 1 1 1 1 1 1 0 0 0 1 0 1 1 1 0 0 0 0 1 0 0 1 1 1 1 1 1 1 1 0 0 1 0 1 0
 1 1 1 0 0 1 1 1 1 0 0 1 1 1 1 1 0 0 1 1 0 1 1 0 1 0]
At 21401/30000: COST 0.003/4.031(0.008) -- Acc 1.000/0.440(0.998)
[1 1 1 0 1 0 1 1 0 1 1 0 0 1 1 1 1 1 0 1 1 0 1 1 0 1 1 0 1 0 0 0 0 0 1 0 1
 1 1 0 0 0 0 1 1 0 1 1 0 1 0 0 0 1 1 0 1 0 0 0 0 0 0 1 0 1 1 0 1 1 1 0 0 1
 1 1 1 0 1 1 0 0 1 0 1 1 0 0 0 1 1 1 0 1 1 0 1 0 1 1]
At 21501/30000: COST 0.000/4.254(0.005) -- Acc 1.000/0.460(0.999)
[1 0 0 0 0 1 0 1 1 0 1 0 0 1 1 0 0 0 1 0 1 0 0 1 0 0 0 1 1 1 1 1 1 0 1 1 0
 1 1 1 1 1 0 1 1 0 1 1 0 1 0 0 1 0 1 1 0 0 1 0 1 1 1 0 1 0 1 1 0 1 1 1 1 1
 1 1 0 1 0 0 1 1 0 0 1 1 1 1 0 0 1 1 1 1 1 0 0 0 1 1]
At 21601/30000: COST 0.000/4.465(0.003) -- Acc 1.000/0.440(0.999)
[1 1 1 0 0 1 0 1 0 1 1 1 1 0 0 1 1 1 0 0 0 1 0 1 1 0 1 1 1 0 1 0 0 0 0 0 0
 0 1 1 0 1 1 1 1 0 0 1 1 0 1 1 0 0 1 1 0 0 1 1 0 1 1 1 1 1 0 1 1 1 0 1 0 0
 1 0 0 1 1 1 0 0 1 1 1 1 0 1 1 0 0 0 0 1 1 0 1 0 0 0]
At 21701/30000: COST 0.020/5.000(0.004) -- Acc 0.990/0.460(0.999)
[1 1 0 1 1 1 0 1 1 0 1 0 0 1 0 0 1 1 0 1 1 1 1 0 0 0 0 0 1 0 1 1 0 1 1 0 0
 1 1 1 1 1 0 0 1 1 0 0 1 0 0 0 0 1 1 1 0 1 1 1 0 0 1 0 0 0 0 1 0 1 1 1 1 1
 1 1 1 1 1 0 0 1 1 1 1 1 0 0 1 1 0 1 1 0 0 1 1 1 1 1]
At 21801/30000: COST 0.004/3.390(0.028) -- Acc 1.000/0.470(0.993)
[1 1 1 1 0 0 1 1 1 0 1 1 1 1 0 1 0 0 1 1 0 1 1 1 1 1 1 1 0 1 0 1 0 1 1 0 0
 1 0 0 1 0 1 1 0 0 1 1 0 1 1 1 0 0 1 0 1 1 0 1 0 0 1 1 1 1 1 1 1 1 0 0 0 0
 0 1 1 0 1 1 0 0 1 1 0 1 0 1 1 1 1 1 1 1 0 1 1 0 0 0]
At 21901/30000: COST 0.005/3.487(0.019) -- Acc 1.000/0.470(0.995)
[1 0 1 0 1 1 1 1 0 1 1 0 0 0 0 0 0 0 1 1 1 0 1 1 1 1 1 1 0 0 0 1 1 0 0 1 0
 1 0 1 1 1 1 0 0 1 1 1 0 1 1 1 1 1 1 0 1 1 0 0 0 1 1 1 0 1 0 1 1 1 1 0 0 0
 1 1 0 1 0 1 1 1 1 1 1 0 1 1 1 1 1 1 0 0 1 0 1 0 0 1]
At 22001/30000: COST 0.005/2.836(0.016) -- Acc 1.000/0.450(0.996)
[0 1 0 0 0 0 0 0 0 1 1 1 1 1 0 1 0 1 0 1 1 1 1 1 1 0 0 0 1 1 1 1 1 0 1 1 1
 1 0 1 1 1 1 1 0 0 1 1 1 0 0 1 0 0 1 0 1 1 1 0 0 0 1 1 1 0 1 1 1 1 1 1 1 1
 1 1 1 1 1 0 0 0 0 1 0 0 0 0 1 0 0 1 1 0 1 0 0 0 1 1]
At 22101/30000: COST 0.003/3.869(0.010) -- Acc 1.000/0.440(0.997)
[1 1 0 1 1 0 1 1 0 1 1 0 1 1 0 0 1 1 1 1 0 1 0 1 1 0 1 0 0 0 0 1 1 1 1 0 1
 1 1 0 0 1 0 1 1 0 1 0 0 1 1 1 1 0 1 0 1 1 1 1 1 0 1 0 0 1 1 1 0 1 0 0 1 1
 0 0 0 1 0 0 1 0 0 0 1 1 1 0 1 1 1 0 1 1 0 1 1 1 0 1]
At 22201/30000: COST 0.001/4.057(0.005) -- Acc 1.000/0.430(0.999)
[1 1 1 1 1 0 1 1 1 1 0 1 1 1 1 1 0 0 1 1 1 1 0 0 0 1 1 1 1 1 1 1 0 0 0 1 0
 1 0 1 1 0 1 1 0 1 1 1 0 0 0 1 1 1 1 0 1 1 1 1 1 0 1 0 1 0 0 0 1 1 0 1 1 1
 0 1 0 0 0 1 0 0 1 1 1 0 0 0 1 0 0 1 1 1 0 1 0 0 0 1]
At 22301/30000: COST 0.000/3.763(0.003) -- Acc 1.000/0.420(0.999)
[0 1 1 1 1 1 0 1 1 1 0 0 0 1 1 1 0 1 1 0 1 1 1 0 1 1 1 0 1 0 0 0 1 0 0 0 1
 1 1 1 1 0 1 1 1 1 0 1 0 1 0 1 0 1 1 1 0 1 0 0 1 1 0 1 1 1 0 0 1 1 1 0 0 1
 0 1 1 1 0 0 1 0 1 0 0 1 1 1 1 1 0 1 0 1 1 1 1 0 1 1]
At 22401/30000: COST 0.010/4.077(0.002) -- Acc 0.990/0.440(1.000)
[1 0 1 1 0 1 0 1 0 0 1 1 1 1 0 1 1 1 1 0 1 1 1 1 0 1 1 0 1 0 0 0 1 1 1 0 0
 1 1 1 0 1 1 1 0 0 1 1 1 1 1 1 0 1 0 1 1 1 0 1 1 0 0 1 1 0 1 1 0 0 1 1 1 1
 0 0 0 0 1 1 0 1 1 1 0 1 0 1 1 0 0 1 1 0 0 1 0 1 1 1]
At 22501/30000: COST 0.000/4.062(0.001) -- Acc 1.000/0.480(1.000)
[0 1 1 1 1 1 1 1 0 0 1 0 0 1 0 1 1 1 0 0 0 1 1 0 1 1 1 0 1 0 1 0 0 1 1 1 1
 0 0 1 1 1 0 1 1 0 1 1 1 1 0 1 1 1 1 1 0 0 0 1 1 1 0 1 1 0 0 1 0 1 1 1 1 0
 1 0 1 1 0 1 1 1 1 1 0 1 0 1 1 1 0 0 1 0 0 0 0 1 0 1]
At 22601/30000: COST 0.000/4.176(0.001) -- Acc 1.000/0.450(1.000)
[1 1 1 1 1 1 0 1 0 1 1 0 1 0 1 1 0 0 1 1 0 0 0 1 0 0 1 0 1 1 1 1 1 0 0 1 1
 0 1 0 1 0 0 1 1 0 1 0 0 1 1 1 1 0 1 1 0 1 1 1 0 0 0 0 0 1 0 0 1 0 0 1 1 1
 1 1 1 1 0 1 1 0 0 1 1 0 1 0 1 0 1 1 1 1 1 0 1 1 1 0]
At 22701/30000: COST 0.000/4.234(0.001) -- Acc 1.000/0.470(1.000)
[1 0 0 0 0 1 0 1 0 1 0 0 1 1 0 1 1 0 1 0 0 0 1 1 0 0 0 0 0 1 1 1 1 1 1 0 1
 0 1 0 1 1 1 0 0 0 1 1 1 1 1 1 1 1 1 1 1 1 1 1 1 0 0 0 1 0 0 1 0 1 0 1 0 1
 0 1 1 1 1 0 1 0 0 1 0 1 0 1 0 1 1 0 0 1 0 0 0 1 0 1]
At 22801/30000: COST 0.000/4.248(0.001) -- Acc 1.000/0.480(1.000)
[0 0 1 1 1 1 0 0 0 1 0 1 0 0 1 1 1 1 0 1 1 1 1 0 1 1 1 1 0 1 0 1 0 0 1 1 1
 0 1 1 0 1 1 1 1 0 0 1 1 0 1 1 0 0 0 1 0 1 0 0 0 1 1 1 1 0 1 1 0 1 1 0 0 1
 1 1 1 0 1 1 1 1 1 0 0 1 1 1 1 1 1 0 0 1 1 1 0 1 1 0]
At 22901/30000: COST 0.022/3.658(0.007) -- Acc 0.990/0.460(0.999)
[0 0 1 1 1 0 1 1 1 1 1 1 1 1 0 1 1 1 1 1 1 1 1 0 1 0 1 0 1 0 0 1 0 0 1 0 1
 0 1 0 1 1 1 1 1 1 1 0 1 1 1 1 1 1 1 1 0 0 1 1 1 1 1 1 0 1 1 1 0 1 1 1 1 1
 1 1 1 1 0 1 0 1 1 1 0 1 1 1 1 1 0 0 0 1 1 0 0 1 0 0]
At 23001/30000: COST 0.000/3.623(0.008) -- Acc 1.000/0.440(0.998)
[1 0 1 0 1 1 1 1 1 0 1 1 1 0 1 1 1 1 0 1 0 0 0 1 1 1 1 0 1 0 1 1 0 0 1 1 1
 0 0 0 1 0 0 1 0 1 1 0 0 1 0 0 0 1 1 0 0 1 0 0 0 1 0 0 0 1 0 0 0 1 1 1 1 1
 0 1 0 0 1 0 0 1 1 1 1 1 0 1 1 1 0 0 0 1 1 0 1 0 1 0]
At 23101/30000: COST 0.000/3.501(0.005) -- Acc 1.000/0.450(0.998)
[1 0 0 1 0 0 1 0 1 1 1 0 1 1 1 0 1 1 1 0 1 0 1 1 0 0 0 0 1 1 0 1 0 1 0 1 0
 1 0 0 1 1 0 1 1 1 0 1 0 1 0 1 1 1 1 1 1 0 1 0 1 0 0 0 0 1 1 1 1 0 0 1 1 0
 0 0 1 1 1 1 0 1 1 0 1 0 0 0 1 0 0 0 1 1 1 1 0 1 0 1]
At 23201/30000: COST 0.000/4.063(0.003) -- Acc 1.000/0.390(0.999)
[0 0 1 0 1 1 1 0 0 0 1 1 1 0 0 1 1 1 1 0 0 0 1 0 1 0 1 1 1 0 1 0 0 0 1 1 1
 1 1 0 1 1 1 1 1 0 0 1 0 1 1 0 1 1 1 1 1 0 0 1 1 0 1 0 1 0 1 0 0 1 0 0 1 0
 0 0 1 1 1 1 0 0 1 1 1 1 0 0 1 0 0 1 0 1 1 1 1 0 0 0]
At 23301/30000: COST 0.001/4.135(0.002) -- Acc 1.000/0.410(1.000)
[0 1 0 0 1 1 1 1 0 1 0 1 0 1 1 0 1 0 1 0 1 0 1 0 1 0 0 0 1 0 1 1 1 0 0 1 0
 1 0 0 0 1 0 1 0 1 1 1 1 0 0 1 0 1 0 0 0 0 0 1 0 1 0 1 0 1 1 1 1 1 0 0 1 0
 0 1 1 1 0 1 1 1 0 1 1 0 1 1 0 1 1 0 0 0 1 1 1 0 1 1]
At 23401/30000: COST 0.000/4.379(0.002) -- Acc 1.000/0.450(0.999)
[0 1 1 1 0 1 1 1 0 1 0 1 1 0 1 0 1 0 1 0 0 0 1 0 0 1 1 1 0 0 0 0 0 0 1 1 0
 1 1 0 0 1 1 0 0 0 0 0 1 0 1 1 1 1 0 0 1 1 1 0 1 0 0 1 0 1 0 0 1 1 0 0 1 1
 1 0 1 0 1 1 1 1 1 1 1 1 1 0 0 1 0 1 0 1 0 1 1 0 0 1]
At 23501/30000: COST 0.023/4.435(0.001) -- Acc 0.990/0.470(1.000)
[0 1 1 1 0 1 0 1 0 1 0 1 1 0 1 1 1 1 1 1 0 1 1 0 1 0 1 0 1 1 0 1 1 1 1 0 0
 1 1 1 1 0 1 0 0 1 1 1 0 0 0 1 0 0 1 0 1 1 1 1 0 0 0 1 1 1 0 1 1 1 1 0 1 1
 0 0 0 0 0 1 0 0 0 1 1 1 1 0 0 1 0 0 1 1 1 1 1 1 0 0]
At 23601/30000: COST 0.020/4.178(0.013) -- Acc 0.990/0.420(0.997)
[1 0 0 1 1 1 0 0 1 1 1 1 0 0 1 0 1 0 1 1 0 1 1 0 1 1 0 1 0 1 1 1 0 1 1 1 0
 1 1 1 0 1 0 1 0 0 0 1 1 0 1 1 0 1 1 1 1 1 0 0 1 0 0 1 0 0 1 0 1 1 0 0 0 0
 0 0 1 1 0 0 1 0 1 1 0 1 0 1 1 0 1 0 0 1 1 1 0 1 1 0]
At 23701/30000: COST 0.005/3.756(0.018) -- Acc 1.000/0.430(0.995)
[1 0 1 0 0 0 1 1 0 1 1 1 1 1 1 1 0 1 0 0 1 1 1 1 1 1 0 1 0 0 0 1 0 0 1 0 0
 1 1 1 0 0 1 0 1 1 1 0 1 0 1 1 1 1 0 0 0 0 1 0 0 1 0 1 0 1 0 0 1 1 0 1 1 1
 1 1 1 1 0 1 0 1 1 0 0 1 0 1 0 0 0 1 1 0 0 1 1 1 0 0]
At 23801/30000: COST 0.009/3.969(0.015) -- Acc 1.000/0.490(0.996)
[0 1 1 1 1 1 0 1 1 1 1 1 0 0 1 0 1 0 1 1 1 0 1 0 0 0 1 0 1 1 1 1 1 1 1 1 1
 1 0 1 0 1 0 0 0 1 1 1 1 1 1 1 1 1 1 0 0 0 1 1 0 0 0 0 1 1 0 1 1 0 1 0 1 1
 1 1 0 1 0 0 1 0 1 1 1 1 1 0 0 1 1 1 0 1 1 1 0 0 0 0]
At 23901/30000: COST 0.012/4.113(0.011) -- Acc 0.990/0.480(0.997)
[1 0 1 0 1 1 1 1 0 1 0 0 1 0 1 1 1 1 1 1 1 0 1 0 0 0 0 0 1 1 1 0 0 1 1 0 1
 0 1 1 1 1 1 1 0 1 1 1 1 1 1 1 0 0 0 0 1 0 0 1 1 1 1 0 1 1 1 1 1 1 1 1 1 1
 1 0 1 1 0 1 0 0 1 1 0 0 0 1 1 1 1 1 0 0 1 0 0 1 0 0]
At 24001/30000: COST 0.001/4.200(0.007) -- Acc 1.000/0.480(0.998)
[0 1 1 1 1 1 1 1 1 1 1 0 1 1 0 1 1 0 0 0 0 1 1 1 1 1 0 1 1 0 0 1 1 0 0 1 0
 1 1 0 0 0 1 0 0 1 1 0 1 1 0 1 0 1 0 1 0 1 1 1 1 0 1 1 0 0 1 1 1 0 1 0 0 0
 1 0 0 1 1 1 1 1 0 1 1 1 1 1 1 0 1 0 1 0 1 1 1 0 0 0]
At 24101/30000: COST 0.004/4.344(0.005) -- Acc 1.000/0.400(0.999)
[0 0 1 1 1 1 0 0 1 0 0 0 1 1 0 1 1 1 0 1 1 0 1 1 0 1 1 0 0 1 1 0 1 0 1 0 1
 1 0 0 1 0 1 0 1 1 0 1 1 1 0 0 1 1 0 0 1 1 0 0 1 1 0 1 1 0 0 1 0 1 0 1 1 1
 0 1 1 1 1 1 1 0 1 1 1 1 1 0 1 1 1 1 0 1 0 1 0 1 1 1]
At 24201/30000: COST 0.000/4.526(0.004) -- Acc 1.000/0.430(0.999)
[1 0 0 0 1 1 0 1 0 1 0 1 1 1 0 1 1 1 1 0 0 0 0 1 0 1 1 0 1 1 0 1 1 1 0 1 1
 1 0 1 1 1 0 0 0 0 1 0 0 1 1 1 1 0 0 1 1 0 0 1 1 1 1 0 1 1 1 1 1 1 1 0 0 1
 1 0 1 1 1 0 1 1 0 0 1 0 0 1 1 0 1 0 1 1 1 1 1 0 1 0]
At 24301/30000: COST 0.001/4.337(0.009) -- Acc 1.000/0.480(0.998)
[1 0 0 0 1 0 1 0 1 1 1 1 0 0 0 0 1 1 0 0 0 0 0 0 0 1 1 0 1 1 1 1 1 1 0 1 1
 1 0 1 1 0 1 1 1 0 0 1 0 0 1 1 1 1 1 1 1 1 1 1 1 1 0 1 1 1 0 0 1 0 1 1 1 0
 1 1 1 1 0 0 0 1 0 1 1 1 0 0 1 0 1 1 1 1 1 1 0 1 1 0]
At 24401/30000: COST 0.006/4.559(0.016) -- Acc 1.000/0.410(0.995)
[1 1 1 1 0 1 0 0 1 1 1 1 0 0 1 0 0 0 1 0 1 1 0 1 1 1 0 1 1 1 1 0 0 1 1 0 1
 1 1 0 0 0 1 0 0 1 1 1 1 1 0 0 1 1 0 1 1 1 1 0 1 1 0 1 1 0 0 1 0 1 1 1 1 1
 1 1 0 1 0 1 0 1 1 0 1 1 0 1 1 1 0 0 0 1 1 0 1 0 1 1]
At 24501/30000: COST 0.017/4.054(0.016) -- Acc 0.990/0.420(0.995)
[0 0 0 1 1 1 0 1 0 1 0 1 1 1 1 1 0 1 0 1 1 0 0 0 1 0 1 1 0 0 1 0 1 1 0 1 1
 1 1 0 1 0 0 0 1 1 1 1 0 1 1 1 0 1 1 1 1 0 0 1 0 1 1 1 1 0 1 0 1 1 1 1 0 1
 1 1 1 1 1 1 0 0 0 1 0 1 1 1 0 1 0 1 0 0 1 1 0 0 1 1]
At 24601/30000: COST 0.002/4.148(0.008) -- Acc 1.000/0.430(0.998)
[1 1 1 1 1 1 1 0 0 0 0 1 1 1 1 1 1 1 0 1 0 1 0 1 1 1 0 0 1 0 1 0 0 1 1 1 1
 1 0 1 1 0 1 1 1 1 1 0 1 1 1 1 1 0 0 1 1 0 0 1 0 1 1 1 1 1 1 0 1 0 0 1 0 0
 0 1 1 1 1 1 1 0 0 0 1 1 0 0 0 1 1 1 0 1 1 0 0 1 1 0]
At 24701/30000: COST 0.000/4.200(0.004) -- Acc 1.000/0.390(0.999)
[1 1 1 1 1 0 0 1 0 0 1 0 1 1 1 1 0 0 1 1 1 0 0 1 1 1 1 1 0 1 0 0 1 1 1 1 1
 1 0 1 0 1 1 1 1 1 1 0 0 0 1 0 1 0 0 1 1 1 1 1 1 1 1 0 1 1 1 1 1 1 1 1 0 0
 1 0 0 1 0 1 1 1 0 1 1 0 1 1 0 1 1 1 1 1 1 0 0 0 1 1]
At 24801/30000: COST 0.001/4.351(0.004) -- Acc 1.000/0.430(0.999)
[0 1 1 1 1 1 1 0 1 1 1 1 0 1 1 1 0 0 0 1 1 0 0 1 0 0 0 1 1 1 1 1 1 0 1 1 1
 0 1 1 1 1 0 1 0 1 1 1 1 1 0 0 1 0 1 1 0 0 1 0 1 0 1 1 0 1 1 1 0 1 0 1 1 1
 1 1 0 0 1 0 1 1 1 0 1 1 0 0 1 1 1 1 0 1 0 1 0 0 1 1]
At 24901/30000: COST 0.002/3.898(0.004) -- Acc 1.000/0.420(0.999)
[1 1 0 0 1 0 1 0 1 1 1 1 1 1 0 0 0 1 0 1 1 1 0 0 0 0 0 0 1 1 0 1 1 1 1 0 1
 1 0 1 0 1 1 1 1 0 0 1 1 1 0 1 1 1 0 1 0 1 1 1 1 1 0 1 1 1 1 1 0 1 1 0 1 1
 0 0 1 1 0 1 1 0 1 1 0 1 0 1 1 0 1 0 0 1 1 0 0 0 1 0]
At 25001/30000: COST 0.000/4.080(0.003) -- Acc 1.000/0.400(0.999)
[1 1 1 0 0 1 1 1 0 1 0 0 0 1 1 1 0 1 0 0 0 1 1 1 1 1 0 0 0 1 0 1 1 1 0 0 1
 0 0 1 1 1 1 1 0 1 0 1 0 1 0 1 1 0 1 1 1 1 0 0 1 1 1 1 1 1 0 0 1 1 1 1 0 0
 0 0 0 0 1 1 1 1 0 1 1 1 1 0 1 1 1 1 0 1 1 1 1 0 1 0]
At 25101/30000: COST 0.000/4.220(0.002) -- Acc 1.000/0.410(0.999)
[1 1 1 0 0 1 0 0 0 1 0 1 0 1 1 1 0 0 0 1 0 1 1 1 1 1 1 1 1 0 0 1 1 1 1 1 0
 0 1 1 0 1 1 0 1 1 1 1 0 0 1 1 1 1 1 1 1 0 1 1 1 0 1 0 1 1 1 1 1 0 0 0 1 1
 0 1 1 1 1 0 1 0 1 0 1 1 1 1 0 1 1 1 1 0 1 1 0 1 1 0]
At 25201/30000: COST 0.010/4.993(0.003) -- Acc 0.990/0.400(0.999)
[1 1 1 0 1 0 1 1 1 0 1 0 0 0 0 1 1 1 1 1 1 1 1 1 1 0 1 1 0 1 1 0 1 1 0 0 1
 1 0 0 1 1 1 1 0 0 1 1 0 0 1 0 1 1 0 1 1 1 1 1 0 1 1 1 1 0 1 0 1 1 0 1 0 1
 1 0 1 1 0 1 0 1 1 1 0 0 0 1 0 1 0 0 1 0 1 1 0 1 1 1]
At 25301/30000: COST 0.003/4.550(0.002) -- Acc 1.000/0.430(0.999)
[1 1 0 1 1 1 0 0 1 0 1 1 1 1 1 0 1 1 1 0 0 1 1 0 1 1 1 0 1 1 0 0 1 1 1 1 0
 1 1 1 1 1 0 0 0 0 0 0 0 1 1 1 1 1 1 1 1 1 1 0 1 0 0 1 0 0 1 1 0 1 1 0 0 1
 1 1 1 1 0 1 0 0 0 1 1 1 1 0 0 0 0 1 1 0 1 1 1 0 1 0]
At 25401/30000: COST 0.000/4.690(0.001) -- Acc 1.000/0.430(1.000)
[1 0 0 1 1 0 1 1 1 1 1 1 0 1 1 1 1 0 0 1 1 1 1 0 1 0 1 0 1 0 1 0 0 1 1 1 0
 0 0 1 1 0 1 1 1 0 0 0 0 1 0 0 0 1 0 1 0 1 1 1 1 0 1 0 0 0 1 1 1 1 1 0 1 1
 1 1 1 1 0 1 0 1 1 0 1 1 0 1 0 1 1 0 1 0 0 0 1 0 1 0]
At 25501/30000: COST 0.001/4.704(0.001) -- Acc 1.000/0.420(1.000)
[1 0 0 1 0 1 1 1 1 1 1 1 0 1 1 0 1 0 1 1 0 1 1 0 1 1 0 0 1 0 1 1 0 1 1 1 0
 0 0 1 0 1 1 1 0 1 0 1 1 1 0 1 1 0 1 1 0 1 0 0 1 1 0 0 1 0 0 0 0 1 1 1 0 1
 0 1 0 1 1 1 0 0 0 1 1 1 1 0 1 1 1 0 0 1 1 0 1 0 1 1]
At 25601/30000: COST 0.001/4.962(0.001) -- Acc 1.000/0.410(1.000)
[0 1 0 0 1 0 1 1 1 1 0 1 1 1 1 1 0 0 0 1 0 0 0 1 0 1 1 0 0 1 0 1 1 0 1 0 1
 1 1 1 0 0 1 1 0 1 1 1 0 1 1 0 1 1 1 1 1 0 1 0 0 0 1 1 1 1 1 1 0 0 1 1 1 0
 0 1 1 0 1 1 1 1 0 0 0 0 1 1 1 1 1 1 1 1 0 1 0 0 1 0]
At 25701/30000: COST 0.000/5.089(0.001) -- Acc 1.000/0.380(1.000)
[1 1 1 0 1 1 1 0 0 0 1 1 1 1 1 0 0 0 1 0 1 1 1 1 0 1 0 1 1 1 0 1 1 0 0 1 0
 1 1 0 0 1 1 0 1 0 1 0 0 1 0 1 0 1 1 1 0 1 1 1 1 0 1 0 1 0 1 1 1 1 1 1 1 0
 0 0 0 1 0 0 1 1 0 1 0 0 0 1 1 1 1 1 1 1 0 1 1 1 0 1]
At 25801/30000: COST 0.000/5.163(0.001) -- Acc 1.000/0.390(1.000)
[0 1 1 1 0 0 1 1 0 0 1 1 0 1 1 1 1 1 1 1 1 0 1 1 1 1 0 1 0 1 0 0 0 1 1 0 1
 0 1 1 1 1 1 1 0 1 1 0 0 1 1 0 1 1 1 0 0 1 0 0 0 1 0 1 1 1 1 0 1 0 1 1 1 1
 1 0 0 1 0 0 1 0 1 0 1 1 0 1 1 0 0 0 0 0 1 1 0 1 0 1]
At 25901/30000: COST 0.000/4.913(0.001) -- Acc 1.000/0.430(1.000)
[1 1 0 0 1 1 1 1 1 0 1 1 1 1 1 0 0 1 1 0 1 1 0 1 1 1 1 1 0 1 1 1 1 0 1 1 1
 1 0 0 1 1 0 1 1 1 1 1 0 0 1 0 1 1 0 0 1 0 0 1 0 1 1 0 1 0 1 1 1 0 1 0 0 1
 1 1 0 1 0 1 1 0 0 0 1 0 0 1 0 1 1 0 1 0 1 1 1 1 0 1]
At 26001/30000: COST 0.000/4.831(0.001) -- Acc 1.000/0.410(1.000)
[0 1 1 1 0 1 0 0 1 1 0 1 1 1 1 1 0 1 1 0 0 0 1 0 0 0 1 1 1 1 0 0 1 0 1 1 1
 1 0 1 1 0 1 1 0 0 1 0 1 0 1 0 0 1 1 1 1 0 0 0 1 0 1 1 0 1 1 0 1 0 0 1 1 1
 0 0 1 1 1 1 1 1 1 1 1 1 1 1 0 1 0 1 0 1 1 1 1 1 1 1]
At 26101/30000: COST 0.000/5.038(0.001) -- Acc 1.000/0.410(1.000)
[0 0 0 0 0 0 1 1 0 1 0 0 1 0 0 0 0 1 1 1 1 0 1 0 0 0 1 1 1 0 1 0 1 1 0 0 0
 1 1 1 0 0 1 1 1 0 1 1 1 1 0 1 1 0 1 1 1 1 1 1 1 0 1 0 1 1 1 0 1 1 0 0 0 1
 0 0 0 1 0 1 1 1 1 0 0 0 1 0 1 1 1 1 0 1 0 1 1 1 0 0]
At 26201/30000: COST 0.000/5.018(0.000) -- Acc 1.000/0.400(1.000)
[1 1 1 0 0 1 0 0 1 0 1 1 0 1 0 0 0 0 0 0 1 0 1 1 1 1 0 1 0 0 1 1 1 0 0 1 0
 1 0 0 1 1 1 1 1 1 0 1 0 1 0 1 0 0 1 0 1 1 0 1 0 0 1 1 0 0 1 1 1 1 0 1 1 1
 1 0 0 0 1 1 0 0 1 1 1 1 1 1 1 1 0 0 1 0 1 0 0 0 1 0]
At 26301/30000: COST 0.036/4.582(0.014) -- Acc 0.980/0.440(0.996)
[1 1 0 0 1 1 0 0 1 1 0 1 1 0 1 1 0 1 1 0 1 1 1 1 1 1 1 0 1 1 1 1 1 0 1 1 1
 0 1 1 1 1 1 1 1 0 1 0 0 1 0 0 1 1 0 0 1 1 1 0 1 0 1 0 1 1 1 1 1 1 0 1 0 0
 1 1 0 1 0 0 0 1 1 1 1 0 1 1 1 0 0 0 1 1 1 1 0 0 1 0]
At 26401/30000: COST 0.004/3.324(0.028) -- Acc 1.000/0.460(0.992)
[1 1 0 0 1 1 0 1 0 1 0 1 0 1 1 1 0 1 1 1 0 0 1 1 1 0 0 1 1 1 1 1 1 1 1 0 0
 1 1 0 1 0 1 1 0 0 0 0 0 1 1 0 1 0 0 1 0 1 1 1 0 1 0 1 1 0 1 0 0 0 0 1 1 1
 0 1 1 1 1 0 0 0 1 0 0 0 1 1 1 1 0 0 1 1 1 1 1 1 0 0]
At 26501/30000: COST 0.002/3.646(0.013) -- Acc 1.000/0.490(0.996)
[1 0 1 1 1 0 0 0 1 0 1 1 0 1 0 0 0 1 1 1 1 0 1 1 1 1 1 1 1 1 0 1 0 1 1 0 1
 1 1 1 1 0 1 1 0 1 0 0 1 1 0 1 0 1 1 1 0 1 0 0 0 0 1 1 1 1 0 0 1 1 1 1 1 0
 1 1 0 1 0 1 0 1 1 0 0 0 1 1 1 0 1 0 1 1 0 0 0 0 0 1]
At 26601/30000: COST 0.002/3.924(0.006) -- Acc 1.000/0.470(0.998)
[1 0 1 1 1 1 1 0 0 0 1 1 1 1 1 0 0 0 1 0 1 1 1 1 1 1 0 1 1 0 0 1 0 0 0 1 0
 0 0 1 1 1 1 0 1 0 0 1 1 1 1 0 1 1 1 1 1 0 0 0 0 1 0 0 0 0 1 1 1 1 1 1 1 0
 0 0 1 0 1 1 0 0 1 1 1 1 1 1 1 0 1 1 1 1 0 1 1 1 1 1]
At 26701/30000: COST 0.001/3.639(0.003) -- Acc 1.000/0.480(0.999)
[0 0 1 1 0 1 1 0 0 1 0 0 1 1 0 1 0 0 1 1 1 1 1 1 1 1 0 1 0 1 1 1 1 1 1 1 0
 1 0 1 0 1 0 1 1 1 1 1 1 0 0 1 1 1 1 1 0 1 1 0 1 1 0 0 1 0 1 0 0 1 1 1 1 0
 1 0 0 0 0 0 1 0 1 1 1 0 0 0 1 1 1 0 1 1 1 0 1 1 0 1]
At 26801/30000: COST 0.001/3.349(0.005) -- Acc 1.000/0.530(0.999)
[1 1 0 1 1 0 0 1 1 0 1 1 0 1 1 0 1 0 1 1 1 1 0 1 1 0 1 0 1 0 1 1 0 0 1 0 0
 0 0 1 0 1 0 1 1 1 0 0 0 1 0 0 1 1 0 0 1 0 0 0 1 1 0 1 1 0 1 0 0 1 1 1 1 1
 1 1 1 0 1 1 0 0 1 1 0 0 0 1 1 1 1 1 0 1 1 0 1 1 1 1]
At 26901/30000: COST 0.076/3.887(0.013) -- Acc 0.990/0.520(0.997)
[1 1 0 0 1 1 1 0 1 1 0 1 1 1 1 0 1 1 1 1 1 1 0 1 1 0 0 1 1 1 1 0 1 0 0 1 0
 0 1 0 1 1 1 0 1 0 1 1 0 1 0 1 0 0 1 0 0 1 0 0 1 0 1 1 1 1 1 1 1 0 1 0 1 0
 1 1 1 1 1 1 1 0 1 1 1 0 1 1 1 1 0 1 1 1 1 0 0 1 1 1]
At 27001/30000: COST 0.020/3.215(0.020) -- Acc 0.990/0.460(0.995)
[1 1 0 0 1 0 1 1 1 0 0 0 0 1 0 1 1 0 1 1 1 0 1 0 1 0 0 0 1 0 1 0 0 1 1 1 1
 1 1 1 1 0 0 1 1 1 0 1 1 1 0 0 1 1 0 1 0 1 1 1 0 1 0 1 1 1 0 1 1 1 0 1 0 0
 0 1 1 1 1 1 0 0 1 0 1 1 1 1 0 1 1 0 0 0 1 1 1 1 1 1]
At 27101/30000: COST 0.001/3.556(0.009) -- Acc 1.000/0.450(0.998)
[1 1 0 0 1 1 1 1 1 1 0 1 1 1 0 0 1 1 1 1 1 1 1 0 0 0 1 0 1 0 1 1 1 0 1 1 0
 0 1 1 0 0 1 1 1 1 0 1 0 1 0 0 1 0 1 1 1 0 0 1 0 0 1 0 1 0 1 1 0 1 1 1 0 1
 1 1 1 0 0 1 1 0 0 1 1 1 1 1 1 1 1 1 1 1 0 1 0 0 1 1]
At 27201/30000: COST 0.002/3.903(0.005) -- Acc 1.000/0.440(0.999)
[1 0 1 0 1 0 1 0 1 0 1 0 0 1 1 0 0 1 1 0 0 1 1 1 1 1 1 1 1 1 1 1 1 0 0 1 1
 0 0 1 1 0 1 0 1 0 1 1 0 1 1 1 0 0 1 1 1 1 1 1 0 1 0 1 1 1 0 0 1 1 1 0 1 1
 1 0 1 1 0 0 1 1 1 1 1 1 0 0 1 1 0 1 1 0 0 1 1 1 1 0]
At 27301/30000: COST 0.000/4.088(0.003) -- Acc 1.000/0.460(0.999)
[1 1 1 1 1 1 1 0 0 0 1 1 1 0 0 1 1 0 1 0 1 0 1 1 1 1 0 1 0 1 1 1 1 0 1 1 1
 1 1 1 1 1 1 0 1 1 0 0 1 1 1 1 0 1 1 1 0 0 0 0 1 1 0 1 0 1 1 1 1 1 1 0 1 0
 1 0 1 0 0 1 0 1 1 0 1 1 1 1 0 0 0 1 1 0 1 1 0 0 1 0]
At 27401/30000: COST 0.000/4.176(0.002) -- Acc 1.000/0.460(1.000)
[0 0 0 1 0 0 1 1 1 0 1 1 0 1 1 1 1 1 0 0 1 1 1 1 1 0 0 1 0 1 1 1 1 0 1 0 1
 0 1 0 1 1 0 0 1 1 1 0 1 0 0 1 1 0 1 0 1 0 1 1 1 1 1 0 0 1 1 1 1 1 0 1 0 0
 1 0 1 1 0 0 1 0 0 0 1 1 0 0 1 1 1 0 1 1 0 1 0 0 1 0]
At 27501/30000: COST 0.000/4.032(0.002) -- Acc 1.000/0.470(0.999)
[1 1 0 0 1 1 1 0 0 1 1 1 1 0 0 1 0 0 1 1 1 0 0 1 1 0 1 1 1 0 1 1 0 0 1 1 0
 1 1 0 0 1 0 1 0 1 1 0 1 1 1 0 1 0 1 1 0 1 1 1 0 1 1 1 1 0 0 0 0 1 1 0 1 1
 0 1 1 0 0 1 0 1 1 1 1 1 1 1 0 1 0 0 1 0 1 0 1 1 1 1]
At 27601/30000: COST 0.001/3.962(0.002) -- Acc 1.000/0.470(1.000)
[1 1 0 0 1 1 1 1 1 1 1 1 0 0 0 1 0 1 1 1 1 0 1 0 0 1 1 1 0 0 0 1 0 0 1 1 0
 1 0 1 1 1 1 0 0 0 1 1 1 0 0 1 0 1 1 0 0 0 0 0 1 0 1 0 1 1 1 1 1 0 1 1 1 1
 1 1 1 1 0 0 1 0 1 1 1 1 1 1 0 0 0 1 1 1 0 1 1 1 1 0]
At 27701/30000: COST 0.000/3.900(0.001) -- Acc 1.000/0.470(1.000)
[1 1 0 0 0 0 0 1 1 1 0 1 1 0 0 1 1 1 1 1 1 1 1 0 1 1 1 0 1 1 0 0 0 1 1 1 1
 1 0 1 0 1 0 0 0 1 0 1 0 0 0 0 0 1 1 0 1 1 1 0 1 0 1 1 1 1 0 1 1 0 1 0 1 1
 0 1 1 1 1 1 1 1 0 1 0 0 0 1 1 1 1 0 1 0 1 0 1 0 1 0]
At 27801/30000: COST 0.000/4.039(0.001) -- Acc 1.000/0.470(1.000)
[0 1 1 1 1 1 1 1 1 0 0 1 1 1 0 1 1 0 1 0 1 0 1 0 1 1 1 0 0 1 0 1 1 1 1 1 0
 1 1 1 0 1 0 1 1 0 1 0 1 0 0 0 1 0 0 1 0 1 1 0 0 0 1 1 1 0 1 0 0 1 1 1 0 1
 0 1 1 1 1 1 1 0 1 1 0 0 1 1 1 1 1 1 1 1 1 0 1 0 1 1]
At 27901/30000: COST 0.000/4.321(0.001) -- Acc 1.000/0.420(1.000)
[1 1 1 1 1 1 1 1 1 0 0 0 0 0 1 0 0 0 1 1 1 1 1 0 0 0 1 0 0 1 1 1 1 0 1 1 1
 1 1 0 0 1 0 0 1 0 1 0 0 1 1 0 0 0 1 1 1 1 0 1 0 1 1 1 0 1 1 0 1 1 0 1 1 1
 0 1 0 0 1 0 1 1 0 0 1 1 1 0 1 0 1 1 1 1 1 1 1 0 0 1]
At 28001/30000: COST 0.002/4.259(0.014) -- Acc 1.000/0.440(0.996)
[1 0 1 1 1 0 1 1 1 1 1 1 0 1 0 1 0 1 1 0 1 0 0 1 0 1 1 0 1 1 1 0 0 1 0 1 1
 0 0 0 1 1 1 0 1 1 1 1 0 0 0 1 1 0 0 1 1 1 1 1 0 0 1 0 1 0 1 1 0 1 1 0 0 1
 0 1 1 1 1 1 1 1 1 0 0 0 1 0 1 1 1 1 1 1 0 0 0 1 0 0]
At 28101/30000: COST 0.052/3.567(0.026) -- Acc 0.990/0.500(0.992)
[1 1 0 1 1 0 0 1 0 0 1 1 1 0 1 1 1 0 1 0 0 0 1 1 0 0 1 1 1 1 0 1 0 0 1 1 1
 1 1 0 0 1 0 0 0 0 1 1 0 1 1 1 1 1 0 1 1 1 0 1 1 1 0 0 1 0 1 1 0 1 1 1 0 1
 1 1 1 1 1 0 1 0 1 0 0 1 0 1 0 0 0 1 0 1 1 1 1 1 0 1]
At 28201/30000: COST 0.001/3.636(0.015) -- Acc 1.000/0.480(0.996)
[1 0 1 1 0 1 1 0 1 1 1 0 1 1 1 0 1 1 1 1 0 0 1 1 0 0 0 1 1 0 0 0 1 0 1 1 1
 1 1 0 1 0 1 0 1 1 0 1 1 1 0 1 1 0 1 1 0 0 1 0 1 1 0 1 0 0 1 1 1 0 1 1 1 1
 0 1 1 1 1 0 0 1 1 0 1 0 0 1 0 1 1 1 1 0 1 0 0 0 0 1]
At 28301/30000: COST 0.004/3.783(0.006) -- Acc 1.000/0.480(0.998)
[0 0 0 0 1 0 1 1 1 1 1 1 1 1 1 0 1 0 0 1 0 1 1 1 1 1 1 0 0 1 0 1 1 0 1 1 1
 1 0 0 0 0 1 0 0 0 1 0 0 1 1 0 0 1 0 1 1 0 1 1 0 1 1 0 1 1 0 0 1 0 0 1 1 0
 1 1 0 0 1 1 0 0 1 0 1 0 0 0 1 1 0 1 1 1 1 1 0 1 1 0]
At 28401/30000: COST 0.002/4.007(0.006) -- Acc 1.000/0.490(0.998)
[0 0 1 1 1 0 0 1 1 1 0 1 0 0 1 1 1 1 0 0 0 1 1 0 1 1 1 0 1 0 0 1 0 1 0 1 1
 0 1 1 1 0 1 0 1 1 1 1 1 1 1 0 0 0 0 1 1 1 1 1 0 0 1 0 1 1 1 0 0 1 0 0 1 1
 1 0 1 1 0 1 0 1 1 1 0 1 1 1 0 0 0 1 0 0 1 1 1 1 0 1]
At 28501/30000: COST 0.001/3.967(0.005) -- Acc 1.000/0.490(0.998)
[0 1 1 1 1 0 1 0 1 0 1 0 0 1 1 1 0 1 1 0 0 1 1 1 0 1 1 1 0 1 1 0 1 1 1 0 1
 0 1 0 0 0 0 0 1 0 0 1 1 1 0 1 1 1 1 1 0 0 1 1 1 1 1 1 0 0 0 0 1 1 0 1 0 0
 1 1 0 1 0 1 1 0 1 0 1 0 1 1 0 1 1 0 1 0 1 1 1 0 1 1]
At 28601/30000: COST 0.001/4.233(0.003) -- Acc 1.000/0.470(0.999)
[1 1 0 0 1 1 1 0 1 0 0 0 0 1 1 0 1 1 1 0 1 0 1 0 1 1 1 1 1 1 0 0 0 1 1 0 1
 0 1 1 0 1 0 0 1 1 1 1 1 1 0 1 1 1 0 0 0 0 1 0 1 0 1 1 0 1 0 0 1 1 1 1 0 0
 0 1 1 1 0 1 1 1 1 0 0 0 1 0 1 0 1 1 1 1 0 1 0 1 1 1]
At 28701/30000: COST 0.000/4.655(0.002) -- Acc 1.000/0.470(1.000)
[1 1 0 0 1 1 1 1 1 0 0 1 1 1 1 1 0 1 0 1 1 0 0 1 1 1 1 1 1 1 1 1 1 1 0 1 1
 1 1 0 1 1 1 1 1 1 1 1 0 1 1 1 0 1 1 1 0 0 1 0 1 1 1 0 0 0 0 1 1 0 1 1 1 1
 0 1 1 0 1 1 1 0 0 1 1 1 1 1 0 1 1 0 1 1 0 0 1 0 1 0]
At 28801/30000: COST 0.034/3.643(0.015) -- Acc 0.980/0.450(0.997)
[0 0 1 1 1 1 0 1 1 0 0 1 1 0 1 1 1 1 1 1 1 1 0 0 0 0 0 0 0 0 1 0 1 0 0 0 1
 1 1 1 1 0 1 1 0 0 0 1 1 0 1 0 1 0 1 1 1 1 0 1 1 0 1 1 1 1 1 1 1 0 0 1 0 1
 1 0 1 0 1 1 1 0 1 0 1 1 0 1 1 1 1 0 0 0 0 1 1 1 0 1]
At 28901/30000: COST 0.001/3.816(0.014) -- Acc 1.000/0.430(0.997)
[1 1 0 1 1 1 0 1 1 0 1 0 0 1 0 0 1 1 1 1 0 1 1 1 1 1 1 0 1 1 1 0 1 0 1 1 0
 0 0 1 0 0 1 1 0 1 1 1 0 1 1 0 1 0 1 0 0 0 0 0 1 1 1 1 1 1 1 0 0 1 1 0 0 1
 0 1 0 1 0 1 0 1 1 1 0 1 0 0 1 1 1 0 1 0 1 1 0 1 0 1]
At 29001/30000: COST 0.001/3.904(0.006) -- Acc 1.000/0.450(0.999)
[0 1 0 0 1 1 1 0 1 1 1 0 0 1 1 0 1 1 0 0 0 1 1 1 0 1 0 0 1 1 0 1 1 1 1 1 0
 1 1 0 1 1 0 0 1 1 1 0 1 1 1 1 1 1 1 0 0 1 1 1 0 1 0 0 1 1 1 1 1 0 0 1 1 1
 0 0 1 0 1 1 0 0 1 0 1 1 0 1 0 1 1 1 1 1 1 1 1 1 0 0]
At 29101/30000: COST 0.000/3.910(0.003) -- Acc 1.000/0.450(0.999)
[1 1 0 1 0 1 1 0 0 0 1 0 1 1 1 0 1 0 1 0 1 1 0 0 1 1 1 1 0 1 0 1 1 1 1 1 1
 1 1 0 0 1 0 1 1 1 0 1 0 0 0 1 1 1 0 0 1 1 1 1 0 1 0 0 0 0 1 1 1 0 0 1 1 1
 1 0 1 1 1 1 0 1 1 0 0 0 0 1 1 1 1 1 1 0 1 1 1 1 1 1]
At 29201/30000: COST 0.000/4.051(0.002) -- Acc 1.000/0.450(1.000)
[1 0 1 1 0 0 0 0 1 1 1 0 0 0 1 1 0 1 1 1 1 0 1 1 1 1 1 1 1 1 1 1 1 0 0 1 1
 0 1 1 1 1 0 0 1 1 1 1 1 0 0 1 1 0 1 1 1 1 0 0 1 0 1 1 1 0 0 0 1 1 0 1 1 1
 0 1 0 0 1 1 1 1 1 1 1 0 1 1 0 1 1 0 1 1 0 1 1 0 1 0]
At 29301/30000: COST 0.000/4.894(0.001) -- Acc 1.000/0.470(1.000)
[1 1 1 0 1 1 1 0 0 1 0 0 1 1 1 1 0 1 1 1 1 0 0 1 0 1 1 1 1 1 1 0 1 1 1 1 0
 1 1 1 0 1 1 1 1 0 0 0 1 1 1 1 1 0 1 1 1 1 1 0 1 1 1 1 0 0 1 0 1 1 1 1 1 0
 1 1 1 0 0 1 1 1 1 0 0 0 1 1 0 1 0 1 1 1 1 0 1 1 1 0]
At 29401/30000: COST 0.005/4.122(0.016) -- Acc 1.000/0.450(0.997)
[1 1 1 0 0 0 1 1 1 0 1 1 1 0 0 1 1 0 0 0 1 1 0 1 0 0 1 1 1 1 0 1 0 0 1 0 0
 0 0 1 0 0 0 1 1 1 1 1 1 1 1 1 1 0 1 0 1 1 1 1 1 0 1 0 0 1 1 1 1 1 0 1 1 1
 1 1 0 1 1 1 1 1 1 1 1 1 0 0 1 0 1 1 1 1 1 1 0 1 1 1]
At 29501/30000: COST 0.001/3.939(0.008) -- Acc 1.000/0.440(0.998)
[1 0 0 1 1 1 1 0 0 1 1 1 1 1 1 1 1 0 1 0 0 0 1 1 1 0 0 0 1 1 1 1 1 1 0 0 1
 1 0 0 1 1 1 1 0 1 0 0 1 1 0 1 1 1 1 1 0 1 1 0 1 1 1 1 1 1 1 1 0 1 0 0 1 1
 1 1 0 1 1 1 1 1 0 0 0 0 1 0 0 1 0 1 1 1 0 1 0 1 1 1]
At 29601/30000: COST 0.000/4.230(0.004) -- Acc 1.000/0.430(0.999)
[0 1 1 1 1 1 1 0 0 1 0 1 0 0 1 1 0 1 1 1 0 0 0 1 0 1 0 1 1 1 1 1 1 1 1 1 1
 1 1 1 1 1 0 1 1 1 1 0 1 1 0 1 1 1 1 1 0 1 1 0 1 0 0 1 1 0 1 0 1 0 1 1 0 1
 1 1 1 1 1 1 0 1 0 0 1 1 1 0 0 1 0 1 0 0 1 1 0 0 0 1]
At 29701/30000: COST 0.000/4.418(0.002) -- Acc 1.000/0.410(1.000)
[0 0 1 1 1 0 1 1 0 1 1 1 1 0 1 1 0 1 1 1 1 1 1 1 1 1 1 1 1 1 1 1 1 0 1 1 0
 0 1 1 1 1 0 0 1 1 1 0 0 1 1 1 1 1 1 1 1 1 1 0 0 1 0 1 1 0 1 0 1 0 1 1 1 0
 1 0 1 1 1 0 0 1 1 0 0 1 1 0 0 0 1 1 1 0 0 1 1 0 1 0]
At 29801/30000: COST 0.002/4.444(0.004) -- Acc 1.000/0.430(0.999)
[1 1 1 0 1 0 1 0 0 1 1 1 0 1 1 0 1 0 1 1 1 1 1 1 1 1 1 1 1 0 1 1 0 0 1 1 1
 0 1 1 0 1 0 1 1 1 1 0 1 1 0 1 1 0 1 1 1 0 1 1 0 0 1 0 1 0 1 1 0 1 1 0 1 0
 1 1 1 0 1 1 0 1 0 0 1 1 0 1 1 1 1 1 0 1 0 0 0 1 1 1]
At 29901/30000: COST 0.001/4.555(0.002) -- Acc 1.000/0.460(1.000)
