Train 1155 samples in approximately 2597 epochs
Finished computation graph
[0 0 0 0 0 0 0 0 0 0 0 0 0 0 0 0 0 0 0 0 0 0 0 0 0 0 0 0 0 0 0 0 0 0 0 0 0
 0 0 0 0 0 0 0 0 0 0 0 0 0 0 0 0 0 0 0 0 0 0 0 0 0 0 0 0 0 0 0 0 0 0 0 0 0
 0 0 0 0 0 0 0 0 0 0 0 0 0 0 0 0 0 0 0 0 0 0 0 0 0 0]
At     1/30000: COST 0.972/0.840(0.699) -- Acc 0.450/0.510(0.009)
[0 0 0 0 0 0 0 0 0 0 0 0 0 0 0 0 0 0 0 0 0 0 0 0 0 0 0 0 0 0 0 0 0 0 0 0 0
 0 0 0 0 0 0 0 0 0 0 0 0 0 0 0 0 0 0 0 0 0 0 0 0 0 0 0 0 0 0 0 0 0 0 0 0 0
 0 0 0 0 0 0 0 0 0 0 0 0 0 0 0 0 0 0 0 0 0 0 0 0 0 0]
At   101/30000: COST 0.744/0.692(0.712) -- Acc 0.460/0.510(0.318)
[0 0 0 0 0 0 0 0 0 0 1 0 0 0 0 0 0 0 0 0 0 0 0 0 1 0 1 0 0 1 0 0 0 0 0 0 0
 0 0 0 0 0 0 1 0 0 0 1 0 0 0 0 1 0 0 0 0 0 0 0 1 0 0 0 0 0 0 0 1 0 0 0 0 0
 1 1 0 0 0 0 0 0 0 0 0 0 1 0 0 0 0 0 0 0 0 0 0 0 0 0]
At   201/30000: COST 0.705/0.692(0.708) -- Acc 0.460/0.490(0.433)
[0 0 0 0 0 0 0 0 0 0 0 0 0 1 0 0 0 0 0 0 0 0 0 0 0 0 0 0 0 0 0 0 0 0 0 0 0
 0 0 0 0 0 0 0 0 0 0 0 0 0 0 0 0 0 0 0 0 0 0 0 0 0 0 0 0 0 0 0 0 0 0 0 0 0
 0 0 0 0 0 0 0 0 0 0 0 0 0 0 0 0 0 0 0 0 0 0 0 0 0 0]
At   301/30000: COST 0.697/0.693(0.702) -- Acc 0.490/0.520(0.478)
[1 1 1 1 1 1 1 1 1 1 1 1 1 1 1 1 1 1 1 1 1 1 1 1 1 1 1 1 1 1 1 1 1 1 1 1 1
 1 1 1 1 1 1 1 1 1 1 1 1 1 1 1 1 1 1 1 1 1 1 1 1 1 1 1 1 1 1 1 1 1 1 1 1 1
 1 1 1 1 1 1 1 1 1 1 1 1 1 1 1 1 1 1 1 1 1 1 1 1 1 1]
At   401/30000: COST 0.716/0.698(0.700) -- Acc 0.460/0.490(0.490)
[1 1 1 1 1 1 1 1 1 1 1 1 1 1 1 1 1 1 1 1 1 1 1 1 1 1 1 1 1 1 1 1 1 1 1 1 1
 1 1 1 1 1 1 1 1 1 1 1 1 1 1 1 1 1 1 1 1 1 1 1 1 1 1 1 1 1 1 1 1 1 1 1 1 1
 1 1 1 1 1 1 1 1 1 1 1 1 1 1 1 1 1 1 1 1 1 1 1 1 1 1]
At   501/30000: COST 0.713/0.693(0.698) -- Acc 0.450/0.490(0.499)
[0 0 0 0 0 0 0 0 0 0 0 0 0 0 1 0 0 0 0 0 0 0 0 0 0 0 0 0 0 0 0 0 0 0 0 0 0
 0 0 0 0 0 0 0 0 0 0 0 0 0 0 0 0 0 0 0 0 0 0 0 0 0 0 0 0 1 0 0 0 0 0 0 0 0
 0 0 0 1 0 0 0 0 0 0 0 0 0 0 0 0 0 0 0 0 0 0 0 0 0 0]
At   601/30000: COST 0.687/0.692(0.696) -- Acc 0.520/0.520(0.504)
[1 1 1 1 1 1 1 1 1 1 1 0 0 0 1 0 0 1 1 0 1 1 1 1 0 1 0 1 0 1 0 1 1 0 1 1 1
 1 0 1 1 1 1 1 1 1 1 1 1 1 1 0 1 1 0 1 1 1 1 1 1 1 0 0 1 0 1 1 1 1 1 1 1 1
 1 1 1 1 1 1 1 1 1 1 0 1 1 1 0 0 1 1 1 1 1 1 1 1 1 1]
At   701/30000: COST 0.694/0.689(0.694) -- Acc 0.500/0.590(0.512)
[1 0 1 0 1 1 0 1 1 1 0 0 1 1 1 1 1 1 0 1 1 0 1 0 1 1 1 1 0 0 0 0 1 1 1 1 0
 0 1 1 1 0 1 1 1 1 1 1 1 1 1 0 1 1 1 1 1 1 1 1 1 1 0 1 1 1 0 0 0 0 1 0 0 0
 1 0 1 0 0 0 1 1 1 1 1 0 0 0 1 1 1 1 1 0 0 1 1 0 1 1]
At   801/30000: COST 0.704/0.684(0.692) -- Acc 0.440/0.550(0.522)
[0 0 0 0 0 0 0 0 0 0 0 1 0 0 1 0 1 0 0 1 1 0 1 0 0 1 1 0 0 0 1 0 0 1 1 1 0
 1 0 1 0 1 0 0 1 0 0 1 1 0 0 1 0 1 0 0 0 0 0 0 0 1 0 0 1 0 0 0 0 0 1 0 0 0
 0 0 0 0 1 0 0 0 0 0 1 0 0 1 0 0 0 0 0 1 1 1 1 0 0 1]
At   901/30000: COST 0.686/0.684(0.690) -- Acc 0.550/0.580(0.532)
[0 0 1 0 1 1 1 1 1 1 0 0 0 1 1 1 1 0 1 0 1 1 1 1 0 1 0 1 1 0 1 1 1 1 1 0 0
 1 0 1 1 1 0 1 1 0 1 0 1 1 1 1 1 1 1 1 0 1 1 1 1 0 0 1 1 1 1 1 0 1 1 1 1 0
 1 1 1 1 1 1 1 1 1 0 1 0 1 0 1 0 1 0 1 1 0 0 1 1 0 0]
At  1001/30000: COST 0.701/0.690(0.690) -- Acc 0.510/0.520(0.533)
[1 0 0 0 1 0 0 0 0 0 1 1 0 1 0 1 1 0 0 1 1 1 1 0 0 1 1 1 1 0 0 0 1 1 1 0 0
 1 1 0 1 0 1 1 1 1 0 1 1 1 0 0 1 1 1 0 1 1 1 0 1 1 0 0 1 1 1 1 0 0 0 0 0 0
 0 1 0 1 1 1 0 0 0 1 1 0 1 1 1 0 1 1 0 0 1 1 0 0 1 0]
At  1101/30000: COST 0.677/0.692(0.689) -- Acc 0.550/0.550(0.535)
[1 1 0 0 0 1 1 1 1 0 0 1 0 0 0 0 0 0 1 1 0 1 1 1 1 0 0 0 0 1 0 1 0 1 1 0 1
 0 0 1 0 0 1 1 1 1 0 1 1 1 0 0 1 1 1 1 1 0 0 1 0 1 1 0 1 0 0 1 1 0 0 0 0 1
 0 0 0 1 0 0 0 1 0 1 0 1 0 1 0 0 0 0 0 0 1 0 1 1 1 1]
At  1201/30000: COST 0.682/0.686(0.688) -- Acc 0.660/0.610(0.542)
[1 0 1 1 1 1 1 0 0 0 1 0 0 0 1 1 1 1 0 0 1 1 1 0 0 1 1 1 1 1 0 1 0 1 1 1 1
 0 1 0 0 1 0 0 1 1 1 1 1 1 1 0 1 0 0 1 0 0 0 0 0 1 0 1 0 1 1 0 0 0 1 0 0 1
 0 0 0 1 0 1 1 1 1 0 1 1 0 0 0 0 0 1 0 0 0 0 0 0 1 0]
At  1301/30000: COST 0.680/0.688(0.687) -- Acc 0.600/0.570(0.545)
[1 1 1 1 1 1 1 1 0 0 1 1 1 1 0 1 1 1 1 0 1 1 1 1 0 1 1 1 1 1 0 1 1 1 1 1 1
 1 1 1 1 1 1 1 0 1 1 0 0 1 0 0 0 0 1 1 0 1 0 1 1 1 1 0 0 1 1 1 0 1 1 1 1 1
 1 1 1 1 1 1 1 1 1 1 1 0 0 1 0 0 1 0 0 0 1 1 1 0 1 1]
At  1401/30000: COST 0.690/0.698(0.686) -- Acc 0.540/0.490(0.553)
[0 1 1 1 1 0 0 0 0 0 1 1 1 0 1 0 0 1 1 1 0 0 1 1 1 0 1 1 1 0 0 1 0 1 1 1 0
 0 0 1 1 0 0 1 1 0 0 0 1 0 0 0 0 1 1 0 0 1 0 0 0 0 0 0 0 1 1 0 0 1 0 1 1 0
 1 1 0 0 1 0 0 1 0 0 1 1 0 1 1 0 0 1 0 0 0 0 0 0 0 0]
At  1501/30000: COST 0.663/0.689(0.683) -- Acc 0.600/0.600(0.562)
[0 0 1 1 0 1 0 1 0 1 0 0 1 1 1 1 1 1 0 1 0 1 1 0 1 0 0 1 0 0 1 1 1 1 0 1 1
 0 1 1 1 0 0 1 0 1 0 1 1 0 0 1 0 0 0 0 1 0 1 0 0 0 1 1 0 1 1 1 1 0 1 1 0 1
 1 1 0 1 1 0 0 0 1 0 1 1 0 0 1 1 0 1 0 0 0 1 0 0 1 1]
At  1601/30000: COST 0.665/0.680(0.682) -- Acc 0.590/0.570(0.565)
[1 1 1 1 1 0 1 1 0 1 0 1 0 0 0 1 0 0 1 1 0 1 0 1 1 1 1 1 1 1 1 1 1 0 1 1 1
 1 1 1 0 1 1 1 1 1 0 1 1 1 1 0 1 1 1 0 0 0 0 1 0 0 0 1 1 1 0 1 0 1 1 1 1 0
 1 1 0 1 0 0 0 0 1 1 0 1 1 1 1 1 0 1 1 1 0 1 1 0 1 0]
At  1701/30000: COST 0.661/0.704(0.680) -- Acc 0.640/0.450(0.571)
[1 1 0 0 1 1 1 1 1 0 1 1 1 1 0 0 1 1 1 1 0 1 0 1 1 1 1 1 1 0 1 0 0 0 1 1 1
 0 1 0 0 0 1 1 1 1 1 1 0 1 0 0 1 1 1 1 0 1 1 1 1 1 0 1 1 1 0 1 1 1 1 1 0 1
 1 0 1 1 1 0 1 1 1 0 1 1 0 0 1 0 0 1 0 1 1 1 1 1 1 1]
At  1801/30000: COST 0.678/0.702(0.677) -- Acc 0.560/0.470(0.576)
[1 1 1 1 1 1 0 0 1 1 1 0 0 1 1 1 1 1 1 0 0 0 1 0 1 1 1 1 0 0 0 1 1 0 1 1 1
 0 0 1 0 0 1 1 1 0 0 1 0 1 0 1 1 0 0 1 0 1 0 1 1 0 1 1 0 1 0 1 1 1 0 1 1 0
 1 1 0 1 0 1 1 1 1 1 0 0 1 1 0 1 1 1 0 1 1 1 0 1 0 0]
At  1901/30000: COST 0.652/0.713(0.673) -- Acc 0.640/0.510(0.585)
[1 1 1 1 1 0 1 0 0 1 0 0 1 1 0 1 1 0 0 1 1 0 1 0 1 0 0 1 0 1 1 1 1 0 1 0 0
 0 1 1 0 0 1 0 0 1 1 0 0 1 1 1 1 1 0 1 1 1 0 0 1 1 1 1 0 1 1 0 0 0 1 0 1 1
 0 0 1 0 0 1 1 1 1 1 1 1 0 1 1 1 1 1 1 1 0 1 1 0 0 1]
At  2001/30000: COST 0.658/0.729(0.666) -- Acc 0.600/0.500(0.599)
[0 1 0 1 1 1 1 1 1 1 1 1 1 1 1 1 0 1 1 1 0 0 1 1 1 1 1 0 0 0 1 0 1 0 0 0 1
 1 0 0 1 1 1 0 1 0 0 1 0 1 1 1 0 1 1 1 0 1 0 1 1 1 0 1 1 1 0 1 1 1 0 1 0 1
 1 1 1 1 0 1 1 0 0 1 0 1 1 0 1 1 0 1 0 0 1 1 1 0 1 1]
At  2101/30000: COST 0.644/0.704(0.662) -- Acc 0.660/0.530(0.601)
[1 1 1 1 0 1 1 1 0 1 1 0 0 1 0 0 0 1 1 1 1 1 1 1 1 1 0 0 0 0 1 0 1 0 1 1 1
 1 0 1 0 0 1 1 1 0 1 1 1 1 1 1 1 1 0 1 0 1 1 1 1 0 1 1 0 1 0 1 1 0 1 0 1 0
 0 1 1 0 0 1 1 1 1 1 0 0 0 1 1 0 1 0 0 1 1 0 1 1 0 0]
At  2201/30000: COST 0.646/0.723(0.656) -- Acc 0.650/0.500(0.609)
[0 0 0 0 1 1 0 1 0 0 0 1 0 1 0 1 1 0 0 1 1 1 1 0 0 0 0 1 0 0 0 1 0 0 1 1 0
 1 1 0 1 1 1 1 0 0 1 0 0 0 0 0 0 1 1 1 0 1 1 1 0 1 0 0 1 1 1 1 1 1 1 0 0 1
 1 0 0 1 1 1 0 1 1 1 1 1 0 0 1 1 1 0 1 1 0 1 1 1 1 1]
At  2301/30000: COST 0.605/0.755(0.646) -- Acc 0.590/0.430(0.627)
[0 0 1 0 0 1 0 1 0 1 1 1 1 0 1 1 1 1 1 1 1 1 0 0 1 1 0 0 0 0 0 1 0 1 1 1 1
 1 1 0 0 1 0 1 1 1 1 1 1 0 1 1 1 0 1 0 1 1 1 1 1 1 1 1 1 0 0 0 0 0 1 0 1 0
 1 1 1 1 1 0 1 1 1 0 0 1 0 1 0 1 1 1 0 1 1 1 1 0 1 0]
At  2401/30000: COST 0.645/0.762(0.635) -- Acc 0.630/0.490(0.641)
[1 1 1 1 0 1 1 1 0 1 0 1 1 1 0 1 0 1 1 1 1 0 1 1 1 1 0 1 1 1 0 1 1 1 0 1 1
 1 1 0 1 0 1 1 1 0 1 0 1 1 1 1 0 0 1 1 1 0 1 0 1 1 1 1 1 0 1 1 1 1 1 1 1 1
 0 1 0 0 0 1 1 1 1 1 1 1 1 1 1 1 1 1 1 0 1 1 0 1 1 1]
At  2501/30000: COST 0.709/0.773(0.627) -- Acc 0.600/0.490(0.651)
[1 1 1 1 1 1 1 0 1 1 0 1 0 0 1 1 0 1 1 0 1 1 1 1 1 1 1 1 1 1 1 1 0 0 1 1 1
 1 1 1 0 0 1 1 1 0 0 1 1 1 0 1 1 0 0 1 1 0 1 1 1 0 1 1 0 1 0 0 1 0 0 1 1 1
 0 1 0 1 1 1 1 1 0 1 1 1 1 1 1 1 0 1 1 1 0 1 0 0 1 1]
At  2601/30000: COST 0.596/0.778(0.619) -- Acc 0.740/0.500(0.660)
[0 1 1 1 0 0 0 1 0 1 0 0 0 1 1 1 1 1 1 1 1 0 0 0 1 1 0 1 1 1 1 1 1 1 1 1 0
 1 0 1 1 0 1 1 1 1 1 0 1 1 1 0 1 1 1 1 0 1 1 0 1 1 1 1 1 1 1 1 1 0 1 1 0 0
 0 1 1 1 1 1 1 0 1 1 0 1 1 1 0 1 1 0 1 0 0 1 0 0 1 1]
At  2701/30000: COST 0.594/0.844(0.603) -- Acc 0.660/0.460(0.677)
[1 1 1 1 1 0 0 1 0 0 1 1 1 1 0 1 0 0 0 0 1 1 1 1 1 0 1 1 1 0 1 1 1 0 0 1 0
 1 1 1 1 1 1 1 0 1 1 1 0 1 1 0 1 1 1 1 0 1 0 0 1 1 1 1 1 0 1 1 0 1 0 1 0 1
 0 1 1 0 0 0 1 1 0 1 1 1 1 1 1 1 1 0 1 0 1 1 1 1 0 1]
At  2801/30000: COST 0.505/0.896(0.592) -- Acc 0.770/0.470(0.688)
[1 1 0 1 1 1 1 0 0 1 0 1 1 1 1 1 1 1 0 1 0 0 1 1 0 0 0 0 1 0 1 0 0 0 1 0 1
 1 1 1 1 0 1 1 0 1 1 0 0 1 1 1 1 0 0 1 1 1 1 1 1 1 1 0 1 0 1 0 0 0 1 0 1 1
 0 0 0 0 0 1 0 1 1 0 1 1 0 1 1 1 0 1 1 1 0 0 1 1 1 1]
At  2901/30000: COST 0.563/0.896(0.588) -- Acc 0.670/0.480(0.691)
[1 1 1 1 0 1 0 1 1 1 0 1 0 1 1 1 1 0 1 1 0 0 1 1 1 1 1 1 0 0 0 1 1 1 1 1 1
 1 1 0 1 0 1 1 0 0 1 0 0 1 1 1 1 1 1 1 1 1 0 1 0 1 0 1 1 1 0 1 1 0 1 0 1 1
 1 1 0 1 0 0 1 1 0 1 0 0 1 1 1 1 0 1 0 1 0 1 1 1 1 1]
At  3001/30000: COST 0.520/0.948(0.575) -- Acc 0.780/0.480(0.702)
[0 1 1 0 1 1 0 0 1 0 1 0 1 1 0 1 1 1 1 0 1 1 1 1 0 0 1 1 0 1 1 1 1 0 1 1 1
 1 0 0 0 1 1 1 1 1 1 1 0 0 0 1 1 0 0 0 1 1 1 0 1 0 1 1 1 1 0 1 1 0 1 0 1 1
 1 0 1 1 1 0 1 1 1 0 1 1 1 0 1 1 0 1 0 0 1 1 1 1 1 1]
At  3101/30000: COST 0.573/0.891(0.564) -- Acc 0.680/0.460(0.714)
[0 0 0 0 0 1 1 1 0 0 0 1 1 1 1 1 1 1 1 0 0 0 0 1 0 0 1 0 1 1 0 0 1 1 0 0 1
 1 1 1 1 1 0 0 1 1 1 0 1 1 1 1 0 1 0 1 1 1 1 1 0 1 1 1 1 0 0 0 1 1 0 1 0 1
 1 1 1 1 0 0 1 1 1 1 0 0 1 1 1 1 0 1 0 0 1 0 1 0 1 0]
At  3201/30000: COST 0.518/1.086(0.554) -- Acc 0.790/0.430(0.718)
[0 1 1 0 1 0 0 1 1 1 1 0 0 0 0 1 0 1 1 1 1 1 1 1 1 1 1 1 0 1 1 1 1 1 0 1 1
 0 1 1 1 1 1 0 0 1 1 1 1 1 1 1 1 0 1 1 1 0 0 1 1 0 1 0 1 1 0 0 1 1 1 0 1 0
 1 0 0 1 1 1 1 1 1 0 0 1 0 0 1 0 0 1 1 1 1 1 0 1 1 0]
At  3301/30000: COST 0.473/1.108(0.544) -- Acc 0.790/0.480(0.727)
[1 0 1 1 0 1 1 0 1 1 1 0 0 0 1 1 1 1 0 1 0 1 1 1 1 1 0 1 1 1 1 0 1 0 1 0 1
 0 1 0 1 0 0 1 1 0 1 1 1 1 0 1 1 1 0 1 0 1 1 0 0 1 1 1 1 1 0 1 1 1 1 0 0 1
 1 1 1 1 1 0 1 1 0 1 0 1 0 1 0 0 0 1 1 1 1 1 1 0 1 0]
At  3401/30000: COST 0.468/1.059(0.534) -- Acc 0.770/0.430(0.732)
[1 1 1 1 1 1 1 1 1 1 1 0 1 1 1 1 0 1 1 1 1 1 1 1 0 0 1 1 0 1 1 0 1 1 1 1 1
 1 0 1 1 1 0 1 1 1 1 0 0 1 0 0 1 0 0 0 0 0 1 1 0 0 0 1 0 0 0 1 0 1 0 1 0 1
 1 0 1 1 0 0 0 1 1 0 0 1 0 1 0 1 0 0 1 1 0 0 1 1 1 0]
At  3501/30000: COST 0.485/1.140(0.517) -- Acc 0.720/0.460(0.747)
[0 0 0 1 1 0 1 1 0 0 1 1 1 0 1 1 1 1 0 1 1 0 0 1 0 1 1 0 1 0 1 0 1 1 1 1 1
 1 1 1 0 1 0 1 1 1 0 0 0 0 1 0 0 0 1 1 0 0 0 1 0 0 1 0 1 1 1 1 0 1 1 0 1 1
 1 1 1 1 1 1 1 1 1 1 0 1 1 1 0 0 0 1 1 0 0 1 0 1 1 1]
At  3601/30000: COST 0.552/1.198(0.504) -- Acc 0.710/0.490(0.752)
[0 0 1 1 0 1 0 1 1 1 1 1 0 0 0 0 1 1 0 1 1 0 1 0 1 1 1 0 0 0 0 1 1 0 0 0 0
 1 1 1 0 1 1 1 1 0 1 0 0 1 0 1 0 0 1 0 1 1 1 0 0 1 0 1 1 0 0 1 1 0 1 1 1 0
 1 1 1 1 0 1 1 0 1 1 0 0 0 1 0 1 1 0 0 1 1 0 0 1 1 1]
At  3701/30000: COST 0.472/1.130(0.498) -- Acc 0.780/0.470(0.756)
[0 0 0 1 1 1 1 0 1 1 1 1 1 1 1 0 1 0 0 1 1 0 1 0 1 0 1 1 1 0 1 1 0 1 1 0 1
 0 1 1 1 1 0 0 0 0 0 1 1 0 0 1 1 1 0 1 1 0 0 0 0 1 0 0 0 0 1 0 1 0 1 1 0 0
 1 1 0 1 1 0 1 0 1 1 1 0 0 1 0 1 0 1 1 1 0 0 1 1 1 1]
At  3801/30000: COST 0.404/1.255(0.495) -- Acc 0.810/0.460(0.760)
[1 0 1 0 1 0 0 0 0 1 0 0 0 0 0 1 0 0 0 0 0 0 1 1 0 1 1 0 0 1 1 1 1 0 0 1 1
 1 1 1 0 1 1 0 0 1 0 0 0 1 1 1 0 1 1 1 0 0 1 0 0 1 1 1 1 1 0 0 0 0 0 1 0 1
 1 1 1 0 0 1 0 1 1 1 0 0 1 1 1 0 0 1 1 1 1 1 1 0 1 0]
At  3901/30000: COST 0.479/1.293(0.489) -- Acc 0.780/0.510(0.763)
[0 1 1 1 0 1 1 1 0 0 1 1 1 0 1 1 1 0 1 1 0 1 0 1 1 0 1 0 1 0 0 1 0 1 0 1 0
 0 1 0 1 1 1 1 1 1 0 1 1 0 0 0 0 0 1 1 0 0 1 1 0 1 1 1 1 0 1 0 1 1 0 1 0 1
 1 0 0 1 1 0 0 1 0 1 1 0 1 0 0 0 0 1 0 0 1 1 0 1 0 1]
At  4001/30000: COST 0.358/1.457(0.463) -- Acc 0.910/0.450(0.778)
[1 1 1 1 1 0 1 1 0 1 0 1 0 0 0 1 0 0 0 1 0 1 1 1 0 1 0 0 0 1 1 1 0 1 0 1 1
 1 1 0 1 1 0 0 0 1 1 1 1 1 1 1 0 1 0 0 1 1 1 0 0 0 0 1 0 1 1 1 0 1 0 1 0 1
 1 0 1 1 1 1 1 1 1 1 0 0 1 1 0 0 1 1 0 1 1 1 1 1 0 1]
At  4101/30000: COST 0.477/1.295(0.457) -- Acc 0.740/0.410(0.782)
[1 1 0 0 1 0 1 0 1 0 1 0 0 1 1 1 0 0 1 1 1 1 1 1 0 1 0 0 1 1 1 1 1 1 1 1 1
 0 1 1 1 1 1 0 1 1 1 1 1 1 0 0 0 1 0 0 0 0 1 0 1 1 1 0 0 0 1 1 1 1 1 1 1 1
 1 1 1 0 0 1 0 0 1 1 0 1 0 0 1 0 0 1 0 0 1 0 1 1 1 0]
At  4201/30000: COST 0.481/1.238(0.451) -- Acc 0.810/0.490(0.789)
[0 1 1 1 1 0 1 1 1 0 0 0 0 1 1 0 0 1 1 0 1 1 1 1 0 1 0 1 0 1 1 1 0 0 0 0 1
 1 0 1 1 1 1 1 1 0 0 1 1 0 0 1 0 1 0 1 1 1 1 1 1 1 1 1 0 1 1 1 0 0 1 0 0 0
 1 0 0 0 0 1 1 1 0 1 0 1 0 1 1 0 0 1 0 0 1 1 1 0 0 0]
At  4301/30000: COST 0.428/1.185(0.456) -- Acc 0.790/0.460(0.787)
[1 1 1 1 1 1 1 0 0 0 1 0 0 0 1 1 0 1 1 1 0 1 1 1 1 0 0 0 0 0 0 1 1 1 1 0 1
 0 0 0 0 1 0 1 1 0 0 1 1 0 1 0 0 0 1 0 1 1 1 0 0 0 1 1 0 1 1 1 1 0 0 0 0 1
 1 1 0 1 1 1 1 0 0 1 0 1 0 0 0 1 1 0 1 0 1 0 0 1 1 0]
At  4401/30000: COST 0.388/1.557(0.438) -- Acc 0.830/0.400(0.797)
[1 0 0 0 1 1 1 1 0 1 1 0 1 1 1 0 1 0 0 0 0 1 1 1 0 0 0 1 1 1 1 1 0 1 0 0 0
 1 0 1 1 0 1 0 0 0 1 1 1 1 1 0 1 1 0 0 1 0 0 1 0 0 0 1 1 0 0 1 0 0 1 1 0 0
 0 1 0 0 1 1 1 1 0 0 0 0 1 1 0 1 1 1 1 0 0 1 1 0 1 1]
At  4501/30000: COST 0.402/1.415(0.416) -- Acc 0.800/0.440(0.809)
[0 1 0 1 0 0 0 0 0 0 1 0 1 1 0 1 1 0 1 0 0 0 0 1 1 1 1 1 0 1 1 0 1 0 1 1 0
 1 1 0 0 1 1 0 1 1 1 1 0 0 1 1 0 1 0 1 1 1 1 1 0 0 0 1 1 1 0 1 1 1 1 1 0 1
 0 1 1 1 1 0 0 0 0 1 1 1 1 1 0 1 1 0 0 1 0 1 1 0 0 1]
At  4601/30000: COST 0.352/1.297(0.424) -- Acc 0.840/0.370(0.801)
[1 1 0 0 1 1 0 1 1 1 1 1 1 0 0 1 0 0 1 1 1 1 0 1 1 1 1 1 1 1 0 1 1 0 0 1 0
 0 1 0 1 1 0 0 1 1 1 1 1 1 1 0 1 0 1 1 0 0 0 1 1 1 1 1 1 1 1 0 0 0 0 0 1 0
 1 0 1 0 0 1 1 1 0 1 0 1 0 1 1 1 1 1 0 1 1 0 1 1 1 1]
At  4701/30000: COST 0.398/1.321(0.427) -- Acc 0.830/0.400(0.803)
[0 0 0 0 1 0 0 0 1 1 1 1 1 0 0 0 0 1 0 0 0 1 1 1 1 1 0 1 1 0 0 1 0 0 1 1 0
 1 0 1 0 1 0 0 0 1 1 0 1 0 0 0 0 0 1 0 0 0 0 0 1 0 1 1 1 1 1 1 1 0 1 1 1 1
 0 0 1 1 0 1 0 0 1 1 1 0 1 0 1 1 1 1 0 0 0 1 1 1 1 0]
At  4801/30000: COST 0.433/1.418(0.416) -- Acc 0.840/0.400(0.809)
[1 0 0 0 1 0 1 0 1 1 1 1 0 1 0 0 0 0 1 0 1 0 1 1 0 1 0 0 0 1 1 1 1 1 1 0 0
 1 1 1 1 0 0 1 1 1 1 0 0 0 0 1 1 0 1 0 0 0 0 0 1 0 1 1 1 1 1 0 1 1 0 0 0 1
 1 1 0 1 0 0 1 1 1 1 0 0 1 1 1 0 0 1 1 1 1 1 1 0 0 0]
At  4901/30000: COST 0.383/1.691(0.398) -- Acc 0.780/0.380(0.817)
[0 1 0 1 0 1 1 1 1 0 1 1 0 1 1 1 0 1 1 0 0 0 0 1 1 0 0 0 1 0 0 1 0 1 0 0 0
 1 0 0 0 0 1 0 1 0 1 0 1 1 1 0 0 1 0 1 1 0 0 0 1 1 0 0 1 0 0 1 0 0 1 1 1 1
 0 1 0 1 0 0 0 1 0 1 1 1 0 0 0 0 0 1 1 1 1 1 1 1 0 1]
At  5001/30000: COST 0.376/1.689(0.376) -- Acc 0.830/0.410(0.828)
[1 1 0 1 0 0 1 1 1 1 1 0 0 0 0 1 1 1 1 1 0 1 1 1 0 0 1 1 1 0 1 0 0 1 0 0 1
 1 1 0 1 0 0 0 0 0 1 0 1 1 0 1 0 0 0 0 0 1 0 0 1 0 0 1 1 1 0 1 0 0 0 0 0 1
 0 0 1 1 0 1 0 0 1 0 0 1 0 1 0 0 1 1 1 0 1 1 0 0 1 1]
At  5101/30000: COST 0.381/1.584(0.380) -- Acc 0.790/0.420(0.823)
[0 1 0 0 1 0 0 0 0 1 1 1 0 1 0 1 1 0 0 0 0 0 1 0 1 1 0 1 1 1 0 0 0 1 0 0 0
 1 1 0 1 0 0 0 0 1 1 0 0 1 0 0 0 0 0 0 1 1 1 0 1 0 1 1 0 1 1 0 0 0 1 1 1 0
 1 1 0 0 0 0 1 1 1 0 0 0 0 1 1 1 1 0 1 0 0 1 1 1 0 1]
At  5201/30000: COST 0.322/1.723(0.369) -- Acc 0.890/0.430(0.830)
[0 0 0 1 0 0 0 0 1 1 1 0 1 0 0 1 1 1 1 0 1 1 1 0 1 1 0 1 0 1 0 1 1 1 1 1 1
 1 0 1 0 0 1 1 0 0 0 0 0 1 1 0 1 1 1 0 1 0 1 1 1 0 0 1 1 1 0 0 1 0 1 1 1 1
 1 0 1 1 1 1 0 0 0 1 1 1 1 1 1 0 0 0 1 0 0 1 1 1 0 1]
At  5301/30000: COST 0.224/1.525(0.367) -- Acc 0.910/0.480(0.831)
[0 1 1 0 1 0 1 1 1 1 1 0 0 1 1 1 1 0 1 1 0 0 1 0 0 0 1 1 0 0 1 1 0 1 1 0 0
 1 1 1 0 1 1 0 1 0 0 0 1 0 1 1 0 1 1 0 0 1 0 0 0 0 0 1 0 0 0 0 0 1 0 1 1 1
 0 1 1 0 1 1 0 0 1 0 1 1 1 1 0 1 1 1 1 0 0 0 0 0 1 0]
At  5401/30000: COST 0.300/1.547(0.357) -- Acc 0.880/0.430(0.838)
[1 1 1 1 1 0 0 0 1 1 0 0 0 0 0 0 1 0 1 1 1 1 0 0 0 0 0 0 0 0 0 0 1 1 1 0 0
 0 1 1 0 1 0 1 1 0 1 1 0 1 0 0 1 1 1 1 1 0 0 1 0 0 1 0 1 0 0 1 1 1 0 0 0 0
 0 1 1 0 1 1 0 0 0 1 0 0 0 0 1 1 0 1 0 0 0 0 1 1 0 0]
At  5501/30000: COST 0.330/1.331(0.366) -- Acc 0.840/0.410(0.834)
[0 1 0 0 0 0 1 1 1 1 1 0 0 1 1 1 1 1 1 1 0 0 0 1 0 0 0 1 0 0 0 0 0 1 1 0 1
 1 1 1 1 1 1 1 0 0 0 1 0 0 1 1 0 0 1 0 1 1 0 1 1 1 1 0 0 0 0 0 1 1 0 0 1 1
 0 0 1 0 1 1 0 1 1 1 1 0 1 0 1 0 1 0 1 0 0 1 1 0 0 1]
At  5601/30000: COST 0.281/1.464(0.362) -- Acc 0.870/0.500(0.839)
[0 1 1 1 1 0 1 1 1 0 0 0 0 0 1 0 1 1 1 0 1 0 1 0 0 0 1 0 1 1 1 1 0 0 1 0 1
 1 1 1 0 0 0 0 0 0 1 1 1 1 1 1 1 1 1 1 1 0 1 1 0 0 1 0 0 0 0 1 0 1 0 0 0 0
 0 1 0 1 1 1 1 0 0 0 1 1 0 1 1 0 1 0 0 1 0 1 1 0 0 0]
At  5701/30000: COST 0.383/1.726(0.349) -- Acc 0.820/0.450(0.844)
[0 0 1 1 1 1 1 1 1 0 1 1 0 0 1 0 1 1 1 1 0 0 1 0 1 1 0 0 0 1 1 1 1 0 1 1 1
 1 1 0 0 1 0 0 1 0 1 0 1 1 0 1 0 1 1 1 0 1 1 0 0 1 1 1 0 0 0 1 1 0 1 0 1 0
 1 0 1 1 1 0 0 1 1 0 1 0 0 0 0 1 0 1 1 1 0 0 1 1 0 1]
At  5801/30000: COST 0.433/1.801(0.351) -- Acc 0.800/0.370(0.843)
[1 1 1 0 1 0 1 0 0 0 1 0 1 1 1 0 1 0 1 1 1 1 1 1 1 1 1 1 0 0 1 1 0 1 1 1 1
 1 1 1 0 1 1 1 1 0 1 0 1 1 0 1 1 0 0 0 1 0 1 1 1 1 1 0 1 1 0 0 1 0 0 0 1 1
 0 1 0 0 1 1 0 1 0 0 1 1 0 0 1 1 0 0 0 1 1 0 0 1 0 1]
At  5901/30000: COST 0.440/1.875(0.355) -- Acc 0.840/0.460(0.842)
[1 1 0 0 1 1 1 0 1 1 1 0 0 0 1 1 1 1 0 0 0 1 1 0 1 1 1 1 0 1 0 0 1 1 0 1 1
 0 0 1 0 1 1 0 1 0 0 0 0 1 0 0 0 1 1 0 0 1 1 1 1 1 0 0 0 1 0 1 1 0 0 0 0 1
 0 1 1 1 0 0 0 0 1 0 1 1 1 0 0 0 0 1 1 1 0 0 1 1 1 0]
At  6001/30000: COST 0.270/1.577(0.351) -- Acc 0.900/0.430(0.845)
[0 0 1 1 0 1 1 1 0 0 1 0 0 0 0 1 1 1 1 1 1 1 1 0 0 0 0 1 1 0 1 1 1 1 1 1 0
 1 1 0 1 0 1 1 0 1 0 1 1 0 1 1 0 1 1 0 0 1 0 0 1 1 0 1 0 0 0 1 1 1 1 0 0 0
 1 0 0 1 1 0 0 0 1 1 0 1 0 1 1 0 0 1 0 0 0 1 0 1 1 0]
At  6101/30000: COST 0.319/1.561(0.343) -- Acc 0.850/0.410(0.848)
[0 0 1 0 0 1 0 0 1 0 0 0 0 1 0 0 0 1 1 0 1 0 1 1 0 1 0 0 1 1 0 1 0 1 0 1 0
 0 1 0 1 1 0 0 1 0 0 0 0 0 1 0 1 1 0 1 1 1 1 0 0 0 1 0 1 1 0 0 0 1 1 0 0 0
 0 1 1 0 1 1 0 0 0 1 0 1 1 1 0 1 1 0 1 0 1 0 1 1 0 0]
At  6201/30000: COST 0.348/1.968(0.317) -- Acc 0.880/0.480(0.861)
[0 0 0 1 1 1 1 0 0 1 1 0 0 0 1 1 0 0 1 1 0 0 0 0 0 0 0 0 1 1 1 0 0 0 1 1 0
 0 0 0 1 1 0 1 1 0 1 0 1 0 0 1 0 0 0 1 1 1 1 1 0 0 1 1 0 0 1 0 1 0 0 0 0 1
 1 1 1 1 0 1 1 1 0 0 1 0 0 0 1 0 1 1 0 1 0 0 0 1 1 0]
At  6301/30000: COST 0.321/1.969(0.315) -- Acc 0.860/0.450(0.859)
[1 1 0 1 1 0 0 0 0 1 0 0 1 1 1 0 1 0 0 0 1 1 0 0 1 0 0 1 0 0 1 0 0 1 0 0 1
 0 1 0 1 1 0 0 0 0 0 0 0 1 0 1 0 0 0 0 1 1 0 1 1 1 0 0 1 0 0 1 1 1 0 0 1 1
 0 1 0 1 0 1 1 1 1 1 1 1 0 1 1 0 0 0 0 1 0 0 0 0 1 1]
At  6401/30000: COST 0.258/1.889(0.311) -- Acc 0.880/0.450(0.860)
[1 0 0 1 1 1 1 0 0 0 0 1 0 1 0 0 1 0 0 1 1 0 0 1 0 0 1 1 1 1 0 1 1 1 0 1 1
 1 0 0 0 0 0 1 1 1 1 0 0 1 0 0 0 1 0 0 1 1 0 1 0 1 1 0 0 1 0 0 0 0 1 1 0 1
 1 0 1 1 0 1 1 1 1 0 0 1 0 0 0 0 1 1 0 1 0 0 0 1 1 0]
At  6501/30000: COST 0.232/2.010(0.309) -- Acc 0.860/0.420(0.861)
[1 1 0 1 0 0 0 1 0 0 1 0 0 1 0 1 1 1 0 0 0 0 0 0 1 1 1 1 1 0 1 0 0 1 1 1 1
 1 0 1 0 1 0 1 0 1 0 1 1 0 0 0 0 0 0 0 0 0 0 0 1 1 1 0 0 1 0 0 0 0 1 1 1 0
 1 0 1 1 0 0 0 0 0 1 0 0 1 1 1 1 1 1 1 1 1 0 0 0 1 1]
At  6601/30000: COST 0.333/1.874(0.307) -- Acc 0.860/0.470(0.864)
[1 1 0 0 0 0 1 0 0 0 0 0 0 1 1 1 1 1 0 1 0 1 0 1 0 1 0 1 1 0 0 1 0 0 0 0 0
 0 1 1 0 1 1 0 0 1 0 0 0 0 1 0 1 0 1 0 0 0 1 0 0 0 1 1 1 0 0 0 1 1 1 1 0 0
 0 0 1 0 1 0 1 1 0 1 0 0 1 1 0 1 0 0 1 1 1 0 1 1 1 1]
At  6701/30000: COST 0.291/1.665(0.299) -- Acc 0.870/0.450(0.868)
[1 0 0 0 1 1 1 0 1 0 0 1 0 0 0 1 0 1 1 1 1 0 0 0 1 1 0 0 1 1 0 0 0 1 1 1 1
 0 0 0 1 1 1 0 0 0 0 1 1 1 0 0 0 0 0 1 0 0 0 0 0 0 0 0 1 0 1 0 1 0 0 1 1 0
 1 0 0 1 1 1 1 1 1 1 0 0 1 0 1 0 1 0 1 1 1 0 1 1 1 0]
At  6801/30000: COST 0.308/1.768(0.304) -- Acc 0.880/0.430(0.865)
[0 1 1 0 1 1 1 1 0 1 0 0 0 0 1 0 1 1 0 1 0 1 1 0 0 0 0 1 0 1 1 1 1 0 1 1 1
 1 0 0 0 0 0 1 0 0 1 1 0 1 0 1 0 1 0 1 0 1 1 0 1 0 1 0 0 0 1 1 1 1 0 0 0 0
 0 0 1 0 0 0 0 0 1 1 0 1 0 0 0 0 0 1 0 1 0 0 0 1 1 0]
At  6901/30000: COST 0.365/1.898(0.314) -- Acc 0.840/0.440(0.859)
[0 1 0 1 1 0 1 0 1 0 0 1 1 0 1 1 0 0 0 1 0 0 0 0 1 0 1 1 0 1 1 1 0 0 0 1 1
 0 1 0 0 1 0 1 1 1 0 1 0 0 0 1 0 1 1 1 0 0 1 1 0 0 0 1 1 0 0 1 0 1 1 0 1 1
 0 0 0 0 0 0 0 0 0 1 0 1 1 0 1 1 1 1 0 0 1 1 1 0 0 0]
At  7001/30000: COST 0.252/1.924(0.311) -- Acc 0.890/0.400(0.860)
[0 1 0 0 1 0 0 0 0 0 1 0 1 0 1 1 1 1 0 0 0 0 1 1 1 1 1 1 1 1 0 1 0 0 1 0 1
 1 0 1 0 1 1 0 0 0 1 1 1 1 0 0 1 0 0 1 0 0 1 1 1 0 0 0 0 0 0 0 0 1 1 1 0 0
 1 1 1 1 0 0 0 0 1 1 1 1 1 1 1 1 0 0 1 1 0 0 1 1 1 0]
At  7101/30000: COST 0.399/1.774(0.309) -- Acc 0.810/0.410(0.865)
[0 1 0 0 0 1 1 1 1 1 0 0 1 1 0 1 1 0 0 0 0 1 0 1 0 0 1 0 0 0 0 1 1 0 1 1 1
 1 1 0 0 0 0 0 1 1 0 1 0 0 0 0 1 0 0 1 0 0 1 0 0 1 1 0 0 0 1 1 0 1 1 1 0 0
 1 0 1 0 0 0 1 1 1 1 0 0 1 1 1 1 0 0 1 1 0 1 1 1 0 0]
At  7201/30000: COST 0.291/2.059(0.298) -- Acc 0.860/0.430(0.869)
[1 0 1 0 0 1 1 0 1 1 1 1 1 0 0 0 0 1 0 1 1 1 1 0 0 1 1 0 0 1 0 1 1 0 0 0 0
 0 0 1 1 1 1 1 0 1 1 1 0 0 1 1 0 0 1 0 0 0 1 0 1 1 1 0 0 0 1 0 0 0 1 1 0 0
 0 0 0 0 1 0 0 0 1 1 1 0 1 0 1 1 0 1 1 1 1 0 1 1 1 0]
At  7301/30000: COST 0.307/1.831(0.298) -- Acc 0.850/0.460(0.867)
[1 0 1 1 0 1 1 1 1 1 0 1 0 0 0 0 0 0 1 0 0 1 0 0 0 0 0 0 0 1 0 1 0 1 0 1 0
 1 1 1 1 1 1 0 1 0 0 1 1 1 1 0 0 0 0 0 1 1 0 0 0 0 0 0 1 1 1 1 1 1 1 1 1 0
 1 0 1 0 0 1 1 0 0 1 0 1 1 1 1 0 1 0 0 0 0 0 0 0 0 0]
At  7401/30000: COST 0.287/2.051(0.284) -- Acc 0.860/0.500(0.875)
[1 0 0 0 0 0 0 1 0 1 0 1 1 0 1 1 1 0 1 1 0 1 0 0 1 0 1 0 1 0 1 0 0 0 0 1 1
 0 1 1 0 0 1 1 1 1 1 1 0 0 1 1 0 0 1 0 0 0 1 0 0 1 1 0 1 1 1 1 0 1 1 0 1 1
 0 0 1 0 0 1 1 1 0 0 0 1 0 0 1 0 1 0 0 0 0 1 0 1 1 1]
At  7501/30000: COST 0.304/1.982(0.299) -- Acc 0.890/0.410(0.866)
[1 1 0 1 1 1 1 1 0 1 0 1 0 0 0 1 0 1 1 1 0 0 0 0 0 0 1 1 0 1 1 0 0 0 0 1 1
 1 0 1 0 0 0 0 0 0 0 1 0 1 0 0 0 0 0 1 0 0 1 1 1 1 0 1 1 0 1 0 1 0 1 0 0 0
 0 1 1 1 1 1 0 1 1 0 1 0 0 1 1 0 0 1 0 0 1 0 1 0 0 0]
At  7601/30000: COST 0.284/2.322(0.285) -- Acc 0.870/0.430(0.874)
[0 1 1 0 1 0 0 1 0 1 0 0 0 1 1 0 1 0 0 1 1 0 0 0 0 0 0 0 0 1 0 1 1 1 1 0 1
 1 1 0 0 0 1 0 1 1 1 1 0 0 0 0 1 0 0 0 1 1 0 1 1 0 0 0 0 0 1 1 0 1 0 1 0 1
 1 0 0 0 0 0 1 0 0 0 0 1 1 0 0 0 0 1 0 1 0 1 0 0 0 0]
At  7701/30000: COST 0.243/2.167(0.277) -- Acc 0.890/0.430(0.879)
[0 1 0 0 0 1 0 1 1 1 1 1 0 0 1 0 0 0 0 1 0 1 1 0 0 1 1 0 0 0 1 0 1 1 1 0 0
 0 0 0 1 1 0 1 0 1 1 0 0 0 1 1 0 0 0 1 0 0 0 0 1 1 0 1 1 1 0 0 0 0 1 1 0 0
 0 1 0 0 1 0 0 0 0 1 0 0 0 1 0 1 0 1 1 0 1 0 1 0 1 0]
At  7801/30000: COST 0.424/2.016(0.280) -- Acc 0.860/0.450(0.879)
[1 0 1 0 0 0 1 0 1 0 0 0 0 1 0 0 1 1 0 1 0 0 0 0 1 1 1 1 0 1 0 1 1 0 1 0 0
 1 1 0 0 0 0 0 1 1 0 0 0 0 0 0 0 1 1 0 1 0 1 0 1 1 0 0 0 0 0 0 0 0 1 1 1 0
 0 1 0 0 0 1 1 0 0 1 1 0 1 0 0 1 0 0 1 1 1 1 1 1 1 1]
At  7901/30000: COST 0.222/2.149(0.278) -- Acc 0.890/0.430(0.881)
[1 0 0 1 0 0 0 0 0 1 0 0 0 0 1 0 1 1 1 1 1 0 0 0 0 0 1 0 0 1 1 0 1 1 1 0 1
 0 0 0 0 0 1 1 0 0 1 1 1 0 1 0 1 0 0 1 0 0 1 1 0 0 0 0 0 0 0 0 0 0 0 1 0 0
 0 0 1 1 1 1 0 0 1 1 0 1 0 1 0 1 1 1 1 0 1 0 0 0 1 0]
At  8001/30000: COST 0.346/2.165(0.280) -- Acc 0.860/0.420(0.879)
[0 1 1 1 1 0 1 0 1 0 0 0 0 0 1 1 0 0 0 1 0 0 0 0 1 1 0 0 0 0 0 1 0 0 1 1 0
 0 0 1 1 1 0 1 1 1 1 1 0 0 1 0 1 0 0 1 1 1 1 0 0 0 0 0 0 0 1 1 1 1 1 0 1 1
 1 1 1 0 1 0 0 0 1 1 0 1 0 0 1 0 1 0 0 0 0 0 1 0 0 1]
At  8101/30000: COST 0.293/2.200(0.266) -- Acc 0.830/0.410(0.883)
[1 1 1 0 0 1 1 0 1 1 1 0 0 1 0 1 1 1 0 0 0 1 1 0 1 1 0 0 1 1 1 0 0 0 1 0 0
 1 1 0 1 0 1 1 1 0 0 1 0 1 0 1 0 0 1 1 1 0 0 0 1 0 0 0 1 0 1 0 0 0 0 0 0 0
 0 1 0 0 0 0 1 0 0 1 1 1 0 0 0 0 0 1 0 0 1 0 0 1 1 1]
At  8201/30000: COST 0.193/2.082(0.270) -- Acc 0.900/0.400(0.881)
[0 1 0 1 0 0 1 0 0 1 0 1 1 1 1 0 1 0 0 0 0 1 0 0 1 1 1 0 0 0 0 0 0 0 1 0 1
 0 1 0 0 0 0 0 1 0 1 1 1 0 0 0 1 1 1 1 0 1 0 0 0 1 0 0 0 0 1 1 0 1 1 1 0 0
 0 0 1 1 0 1 1 0 1 0 0 1 1 1 0 0 0 0 0 0 1 1 1 0 1 1]
At  8301/30000: COST 0.231/2.243(0.265) -- Acc 0.920/0.430(0.884)
[0 0 1 1 0 1 1 1 0 0 1 0 0 1 0 0 0 1 0 1 0 1 0 0 1 0 1 1 0 0 0 1 0 1 0 0 1
 1 0 0 0 0 0 1 1 1 1 1 0 1 0 1 1 0 1 1 1 0 1 0 0 0 1 0 0 0 0 0 1 1 0 0 1 1
 0 1 0 0 1 1 0 1 1 0 1 0 1 0 1 1 0 0 0 0 0 0 0 0 0 0]
At  8401/30000: COST 0.266/2.176(0.264) -- Acc 0.870/0.440(0.884)
[0 0 0 1 1 1 0 0 0 1 1 0 1 1 0 0 1 0 0 0 1 1 1 0 0 1 0 1 1 1 1 1 1 0 1 0 1
 0 1 0 0 0 1 0 0 0 1 0 1 0 0 0 1 0 0 1 1 0 1 0 0 0 0 0 1 0 0 1 1 0 1 1 1 1
 1 0 1 0 0 0 0 1 1 0 1 0 1 0 1 0 0 1 1 1 1 1 1 0 0 0]
At  8501/30000: COST 0.243/2.222(0.252) -- Acc 0.890/0.430(0.890)
[1 1 1 1 0 0 0 0 0 1 0 0 0 0 0 0 0 0 0 1 0 1 0 1 0 1 0 0 0 0 0 1 0 0 1 1 0
 0 0 1 1 0 1 1 0 0 0 0 1 0 1 1 1 1 0 1 0 1 0 1 1 0 0 1 0 1 1 1 0 0 0 0 0 1
 0 1 0 0 1 1 1 1 1 0 0 0 1 0 0 1 0 1 0 0 0 0 0 0 1 1]
At  8601/30000: COST 0.213/2.483(0.252) -- Acc 0.920/0.380(0.890)
[0 0 1 1 0 0 0 0 1 1 0 1 0 0 0 0 1 0 1 0 1 1 1 0 0 1 1 0 1 0 0 1 1 1 0 1 0
 0 1 1 1 0 1 1 0 0 0 0 1 1 0 0 1 0 0 0 0 0 1 1 0 1 1 0 0 0 1 1 0 0 0 1 1 1
 0 0 1 0 0 0 0 1 0 1 1 1 1 0 0 0 1 0 0 0 1 0 0 1 0 1]
At  8701/30000: COST 0.259/2.361(0.248) -- Acc 0.910/0.410(0.892)
[1 1 1 0 1 1 1 0 1 0 0 1 1 0 1 0 0 0 0 0 1 0 0 0 0 1 1 0 0 0 1 0 0 1 0 1 1
 1 1 1 1 1 0 0 0 0 0 1 0 0 0 1 0 0 1 0 0 0 0 0 1 1 0 0 0 1 1 1 0 1 1 1 1 1
 0 0 1 1 0 0 0 1 1 1 0 0 1 0 0 0 1 0 1 1 1 0 1 0 0 1]
At  8801/30000: COST 0.272/2.321(0.256) -- Acc 0.870/0.420(0.889)
[0 0 1 0 0 0 0 0 0 0 1 1 1 0 1 0 0 0 1 1 0 0 1 0 0 0 0 1 1 1 0 0 1 0 0 1 1
 1 0 1 1 1 1 0 0 0 0 0 1 0 1 0 0 1 1 0 1 0 1 0 0 1 1 1 1 0 1 1 0 0 0 0 0 1
 0 1 0 0 0 0 0 0 0 0 0 0 1 1 1 1 1 1 0 1 0 1 0 0 0 1]
At  8901/30000: COST 0.256/2.148(0.267) -- Acc 0.870/0.430(0.886)
[0 0 1 1 0 1 1 0 1 0 0 1 0 0 0 1 1 1 0 1 0 1 1 1 1 0 1 1 1 0 0 1 0 0 1 0 0
 1 0 0 1 0 1 0 0 0 1 1 1 1 0 0 0 1 0 0 0 1 0 0 0 0 1 0 0 0 0 0 0 1 1 0 1 1
 0 1 1 1 0 0 1 0 1 0 0 0 0 0 1 1 1 1 0 1 1 1 0 0 1 0]
At  9001/30000: COST 0.320/2.123(0.260) -- Acc 0.820/0.430(0.889)
[1 0 1 0 1 0 0 1 1 0 0 0 1 0 0 0 0 1 0 0 0 1 0 1 1 1 1 1 0 1 1 1 0 1 0 0 1
 0 1 1 1 0 1 0 0 0 1 0 0 1 0 0 1 1 1 0 0 1 0 0 1 0 1 1 0 1 1 0 1 0 0 0 0 1
 1 0 0 0 0 0 0 0 0 1 1 1 1 0 1 1 0 1 0 0 1 0 1 1 1 0]
At  9101/30000: COST 0.262/2.466(0.241) -- Acc 0.870/0.440(0.895)
[1 1 0 1 0 0 0 0 1 0 1 0 1 1 1 1 0 1 0 0 1 0 0 0 0 0 1 1 1 1 0 1 1 1 0 0 1
 0 0 1 1 0 1 1 0 1 0 1 0 0 0 0 0 0 0 1 1 0 0 0 0 0 1 0 1 0 0 0 1 1 1 1 1 1
 0 1 0 0 0 0 1 1 0 1 0 1 0 0 0 0 1 0 0 1 0 0 0 1 1 1]
At  9201/30000: COST 0.272/2.265(0.242) -- Acc 0.910/0.480(0.895)
[0 0 1 1 1 0 0 1 1 0 1 1 0 1 0 0 1 0 1 1 0 1 1 0 0 0 0 1 0 1 0 1 0 1 0 1 0
 0 0 1 0 0 0 1 0 0 0 0 0 0 0 0 0 1 0 1 0 0 0 0 1 0 0 0 0 1 1 0 1 0 1 1 0 1
 1 1 0 1 0 0 0 1 0 0 0 0 1 0 1 0 1 0 1 0 0 1 1 1 1 0]
At  9301/30000: COST 0.250/2.043(0.245) -- Acc 0.900/0.460(0.898)
[0 0 1 0 1 0 0 1 1 1 1 0 0 1 1 0 1 0 0 1 0 1 0 0 0 0 0 0 0 0 1 1 0 0 1 0 0
 0 1 0 0 0 1 0 0 1 1 0 0 0 0 0 0 0 1 0 0 0 1 1 0 1 1 1 1 0 0 0 1 1 0 1 0 1
 0 0 0 0 1 1 0 0 0 1 1 1 0 0 1 1 0 1 0 0 0 1 0 1 1 1]
At  9401/30000: COST 0.232/2.494(0.236) -- Acc 0.900/0.440(0.904)
[0 1 0 0 1 1 0 1 1 0 0 1 0 1 1 1 0 0 0 1 0 0 1 0 1 1 1 1 1 1 0 0 0 1 0 0 0
 1 0 1 1 0 0 0 0 1 0 1 0 0 0 1 0 0 1 1 0 1 1 0 0 0 0 1 1 0 0 1 0 0 0 1 0 0
 0 1 0 0 1 0 0 0 1 0 1 0 0 0 1 0 1 0 1 0 1 1 0 1 1 0]
At  9501/30000: COST 0.227/2.204(0.254) -- Acc 0.910/0.420(0.896)
[0 1 1 0 0 1 1 0 1 1 1 0 0 0 1 1 1 1 1 0 1 0 0 1 0 1 0 0 0 1 0 1 0 1 1 0 1
 1 0 1 0 1 0 0 1 1 0 1 0 0 0 0 0 0 0 1 1 0 0 0 0 0 1 0 0 0 1 1 0 1 1 0 0 1
 0 0 1 1 1 0 0 1 0 0 0 0 0 1 1 0 0 0 0 1 0 1 0 1 0 0]
At  9601/30000: COST 0.230/2.888(0.235) -- Acc 0.900/0.360(0.902)
[0 0 0 1 0 1 1 0 0 0 0 0 1 1 0 0 1 1 1 0 1 1 0 1 0 0 1 1 1 1 0 0 1 1 0 1 0
 1 0 0 1 1 0 0 0 0 0 1 1 1 0 0 0 0 0 0 1 0 0 1 0 1 0 0 0 1 1 0 0 1 0 0 1 1
 1 1 1 0 0 0 1 1 1 1 1 1 0 0 0 1 1 1 0 1 1 1 0 1 0 0]
At  9701/30000: COST 0.266/2.359(0.242) -- Acc 0.900/0.450(0.899)
[0 0 1 0 1 1 0 0 1 0 1 1 1 1 1 1 0 1 1 0 0 0 0 0 0 0 0 0 1 0 0 0 0 0 1 1 1
 0 0 1 0 1 1 1 1 1 0 0 1 0 1 0 1 0 0 1 1 1 1 1 1 0 0 1 0 1 0 1 1 0 1 0 1 0
 0 1 0 0 0 0 1 1 0 0 1 0 1 0 0 0 1 1 0 0 0 0 1 0 0 0]
At  9801/30000: COST 0.283/2.522(0.247) -- Acc 0.880/0.420(0.896)
[1 0 0 0 0 1 0 0 1 1 0 1 1 1 1 0 0 0 0 1 0 0 1 0 0 0 1 1 0 0 1 0 0 1 1 0 0
 0 1 1 1 1 0 1 0 0 0 0 0 1 0 0 1 1 1 1 1 0 1 0 0 1 0 0 1 0 1 0 1 1 0 0 0 0
 0 0 0 0 1 0 0 0 1 1 0 1 0 1 0 0 1 1 0 1 1 0 1 0 0 0]
At  9901/30000: COST 0.190/2.592(0.233) -- Acc 0.930/0.370(0.903)
[1 1 1 0 1 0 0 1 1 1 0 1 0 0 0 0 1 1 0 1 0 1 1 0 1 1 0 0 0 0 0 0 0 1 0 1 0
 0 1 1 0 1 1 0 1 1 0 1 1 1 0 1 0 0 1 0 0 0 0 1 0 0 1 0 0 1 0 1 1 0 0 0 1 0
 0 0 0 0 1 1 0 0 0 1 0 0 0 0 1 1 1 0 0 0 1 1 0 0 0 0]
At 10001/30000: COST 0.156/2.609(0.226) -- Acc 0.940/0.450(0.907)
[1 0 1 1 0 0 1 1 1 1 0 0 0 1 1 0 1 1 0 1 1 0 0 1 0 0 0 1 1 1 0 0 1 0 0 0 0
 1 1 1 0 1 0 0 0 1 1 0 0 1 1 0 1 1 1 1 1 1 1 1 0 1 0 1 1 0 0 0 0 1 0 0 0 0
 0 1 1 0 0 0 1 1 0 0 1 0 0 0 0 1 0 0 0 0 1 0 0 0 0 0]
At 10101/30000: COST 0.228/2.574(0.227) -- Acc 0.920/0.420(0.903)
[0 0 1 1 0 0 1 1 1 0 1 1 1 1 0 1 1 0 0 0 0 0 0 0 0 0 1 0 1 0 0 1 1 1 0 1 1
 0 1 1 1 0 0 1 0 0 1 0 0 1 1 0 0 1 0 1 1 1 1 1 0 0 0 0 1 0 0 1 0 0 0 1 0 0
 1 0 1 0 0 0 1 0 0 1 0 1 0 0 1 0 1 1 0 0 1 1 0 0 1 0]
At 10201/30000: COST 0.234/2.835(0.216) -- Acc 0.910/0.380(0.910)
[0 1 1 0 0 1 0 1 0 1 1 0 0 0 0 0 1 0 0 0 0 0 1 1 1 1 0 0 0 0 1 1 0 1 1 0 1
 1 0 1 0 1 0 0 0 0 0 1 0 0 0 1 0 1 0 0 0 1 1 0 1 1 0 1 1 0 1 0 0 1 0 0 0 1
 0 0 1 1 1 1 1 0 0 1 0 0 1 1 0 1 1 1 1 1 1 1 1 0 1 0]
At 10301/30000: COST 0.271/2.692(0.220) -- Acc 0.880/0.390(0.909)
[1 0 1 1 0 0 1 0 1 0 0 1 0 1 1 0 0 1 0 1 0 0 0 1 0 0 0 1 0 1 0 1 1 0 0 1 0
 1 0 0 0 0 0 1 0 0 1 1 1 1 0 1 0 1 0 0 0 0 1 0 0 1 1 0 1 1 0 0 0 0 0 0 0 1
 1 1 0 1 1 1 1 0 1 0 1 0 1 1 0 0 1 0 0 1 0 0 0 0 0 0]
At 10401/30000: COST 0.169/2.766(0.228) -- Acc 0.940/0.410(0.907)
[1 0 0 1 0 1 0 0 1 0 1 0 0 0 0 0 0 0 1 0 1 1 0 1 1 1 1 0 1 1 1 1 0 1 1 0 1
 0 0 1 0 0 1 1 1 0 0 0 1 1 0 0 0 0 0 1 0 1 0 0 0 0 0 1 1 0 0 1 0 1 0 1 1 0
 0 1 1 0 0 1 0 0 1 1 1 1 1 0 0 1 0 0 1 0 1 1 1 0 0 1]
At 10501/30000: COST 0.256/2.519(0.224) -- Acc 0.870/0.440(0.909)
[0 0 1 1 0 0 1 0 0 1 0 1 1 0 0 0 0 1 1 0 1 0 1 0 1 0 1 0 1 0 0 0 1 1 0 1 1
 1 1 1 0 0 0 0 1 0 0 1 0 0 0 0 0 1 0 0 1 1 0 0 1 1 1 0 0 1 0 1 0 0 1 0 1 0
 1 0 0 0 0 0 1 0 1 0 1 1 1 0 0 0 0 0 0 0 0 1 0 0 0 0]
At 10601/30000: COST 0.303/2.514(0.233) -- Acc 0.880/0.400(0.904)
[0 1 0 1 1 0 0 0 0 1 1 0 1 0 1 0 1 0 1 0 1 1 1 1 0 1 0 1 0 1 0 0 1 1 0 1 0
 1 0 0 1 1 1 1 1 0 1 1 1 0 0 0 0 0 1 0 1 1 0 1 1 0 1 0 1 1 0 0 0 1 1 0 0 1
 1 0 0 0 0 1 0 0 0 0 1 0 0 0 1 0 0 1 1 0 0 0 0 0 0 1]
At 10701/30000: COST 0.286/2.479(0.226) -- Acc 0.860/0.410(0.906)
[1 1 0 0 1 1 0 1 0 0 0 0 0 1 1 0 1 1 0 0 0 1 1 1 1 1 1 1 0 1 0 0 1 0 0 0 0
 0 1 0 0 0 1 1 0 0 1 1 1 1 0 1 0 1 0 1 0 0 1 1 0 0 0 0 0 0 1 0 0 1 0 1 0 0
 1 1 0 0 1 0 0 1 0 1 0 0 0 1 1 1 1 1 1 0 0 1 0 0 1 0]
At 10801/30000: COST 0.224/2.536(0.223) -- Acc 0.910/0.370(0.908)
[1 1 0 0 1 0 1 0 0 0 0 0 0 1 0 0 1 1 0 0 0 1 1 0 1 0 1 0 0 1 0 1 0 1 0 0 1
 0 1 1 0 1 1 0 0 0 0 0 0 0 0 0 0 0 1 0 0 0 1 1 0 1 1 0 1 0 1 1 1 0 0 1 1 0
 0 0 0 1 1 0 1 1 1 0 0 1 0 1 0 0 1 0 0 1 1 1 1 0 0 0]
At 10901/30000: COST 0.191/2.479(0.209) -- Acc 0.940/0.470(0.913)
[1 0 0 0 0 0 0 1 0 0 0 0 0 0 0 0 0 0 0 1 1 1 1 0 1 0 0 0 1 1 0 1 0 1 0 0 1
 0 1 0 1 0 0 1 0 1 0 0 1 1 0 0 0 0 1 0 0 1 0 0 1 0 1 1 0 1 1 1 1 1 1 1 1 0
 0 0 0 0 1 0 1 0 1 1 1 1 1 1 0 0 0 1 0 0 1 1 0 0 0 1]
At 11001/30000: COST 0.210/2.492(0.227) -- Acc 0.890/0.360(0.907)
[0 1 1 1 0 0 1 0 0 1 1 0 0 1 1 0 0 1 0 1 1 0 1 1 1 0 0 0 0 1 1 0 1 1 0 1 1
 0 1 0 1 0 0 0 1 0 1 0 1 1 1 0 1 1 1 0 0 0 1 0 1 0 1 1 0 0 0 1 0 1 0 0 1 0
 1 1 0 0 0 0 0 0 0 0 0 1 0 1 1 1 1 0 0 0 1 0 0 1 1 1]
At 11101/30000: COST 0.152/2.606(0.232) -- Acc 0.930/0.430(0.902)
[1 1 0 1 0 0 1 1 0 0 1 1 0 0 1 0 0 0 0 1 1 1 1 0 0 1 0 0 0 1 0 1 0 0 0 0 0
 1 1 0 0 1 0 1 1 1 1 0 1 1 1 0 1 0 0 0 0 1 0 0 0 1 0 1 1 0 0 1 0 1 0 1 1 0
 0 1 1 1 1 1 0 0 0 0 0 0 0 1 1 0 0 0 1 0 1 0 0 1 1 0]
At 11201/30000: COST 0.195/2.612(0.227) -- Acc 0.900/0.440(0.904)
[0 1 0 1 1 0 1 1 1 0 1 1 1 1 0 0 1 0 1 0 0 1 1 0 1 0 0 0 1 1 1 1 0 0 0 0 0
 1 0 0 0 1 0 1 0 1 0 1 1 0 0 1 1 0 1 0 0 1 1 1 0 0 0 0 0 1 0 1 1 0 0 0 1 0
 0 1 1 1 1 0 1 0 0 0 1 1 1 0 0 1 1 0 0 1 1 0 0 0 1 1]
At 11301/30000: COST 0.218/2.850(0.212) -- Acc 0.900/0.440(0.913)
[1 0 0 0 0 0 1 0 0 1 1 0 0 1 0 0 1 0 1 0 0 0 1 0 0 0 1 0 1 1 1 1 1 0 1 0 0
 0 1 1 1 0 0 0 1 1 1 0 1 1 0 0 1 0 1 0 0 0 0 0 0 0 0 0 0 0 1 1 0 1 1 0 1 0
 0 0 0 1 1 0 0 1 1 0 1 0 0 1 1 0 0 1 1 0 0 0 0 0 1 0]
At 11401/30000: COST 0.158/2.682(0.209) -- Acc 0.930/0.430(0.915)
[0 0 0 0 1 0 0 0 0 1 0 0 1 0 0 0 0 0 0 0 0 0 1 0 0 1 0 1 0 1 0 0 0 1 1 0 0
 0 1 1 0 1 1 0 0 0 1 1 1 0 1 0 0 1 1 0 1 1 1 0 1 1 1 1 1 0 1 1 0 0 0 0 0 0
 0 1 0 1 0 1 0 1 0 0 0 0 1 0 1 0 1 1 0 0 0 0 0 1 0 0]
At 11501/30000: COST 0.175/2.857(0.199) -- Acc 0.930/0.430(0.919)
[0 1 1 0 1 0 0 0 0 0 0 0 1 0 1 1 0 0 1 0 1 0 0 0 0 1 1 0 1 0 1 0 1 0 0 1 0
 0 0 0 0 0 1 1 0 0 0 0 0 1 1 0 1 0 0 1 0 1 0 1 1 1 1 0 0 0 0 1 0 1 0 1 1 1
 1 0 1 0 1 1 1 0 1 0 0 0 1 1 0 1 1 0 0 0 0 0 1 0 0 0]
At 11601/30000: COST 0.160/2.988(0.194) -- Acc 0.950/0.440(0.921)
[1 0 1 0 1 0 0 1 1 1 0 1 0 0 0 0 1 0 1 0 0 0 0 0 0 0 0 0 0 1 0 1 0 0 0 1 0
 0 1 1 0 0 0 1 0 1 1 0 1 1 1 0 1 0 0 0 1 1 0 0 0 1 1 0 1 1 0 0 0 1 0 1 1 1
 0 0 1 0 0 1 0 1 1 1 0 0 1 1 1 0 1 0 1 1 0 0 0 1 1 1]
At 11701/30000: COST 0.298/2.667(0.208) -- Acc 0.870/0.420(0.916)
[0 1 1 0 1 0 1 1 1 1 1 0 0 0 0 0 1 0 0 0 0 0 1 0 0 1 0 1 1 0 0 0 0 0 0 0 0
 1 1 1 0 0 1 1 0 1 1 1 1 0 1 0 1 0 0 0 0 0 0 1 1 1 0 1 0 0 0 0 0 0 1 1 0 0
 0 1 1 0 0 1 1 0 1 0 0 0 0 1 1 0 0 0 1 1 0 0 1 1 0 1]
At 11801/30000: COST 0.151/2.764(0.206) -- Acc 0.940/0.450(0.917)
[0 0 0 1 0 0 0 1 1 0 0 0 1 0 1 0 0 1 0 0 0 0 1 0 1 0 1 1 0 0 0 0 1 0 1 1 1
 0 1 0 1 0 1 0 0 1 0 0 0 1 1 1 0 1 0 0 1 1 0 0 0 0 0 1 0 0 0 0 0 0 1 1 0 1
 0 1 1 1 0 1 0 1 0 1 0 1 0 1 0 1 1 1 1 1 1 0 0 0 0 0]
At 11901/30000: COST 0.165/2.685(0.205) -- Acc 0.940/0.430(0.916)
[1 0 0 0 0 0 1 1 0 1 1 1 1 0 0 0 1 0 0 0 0 0 1 0 1 1 0 0 0 0 1 1 0 0 0 1 1
 0 0 1 0 0 1 0 0 0 1 1 1 1 1 1 1 1 0 1 0 0 0 0 1 0 1 1 0 0 0 1 0 0 0 1 1 1
 0 0 1 0 0 1 1 0 1 1 1 1 0 0 1 0 1 0 0 1 1 0 1 1 1 0]
At 12001/30000: COST 0.260/2.832(0.203) -- Acc 0.900/0.400(0.918)
[0 0 0 0 1 0 0 1 0 1 0 0 0 1 0 1 0 1 0 0 0 1 0 1 0 1 0 0 0 1 0 1 0 0 0 1 0
 0 0 0 0 1 0 0 0 0 1 1 0 1 0 1 0 0 1 1 0 1 1 0 0 0 1 0 0 0 1 1 0 1 1 0 0 0
 1 0 1 1 1 0 1 0 0 0 0 1 1 0 0 0 1 1 1 0 1 1 1 1 1 1]
At 12101/30000: COST 0.201/2.776(0.212) -- Acc 0.910/0.410(0.916)
[1 1 0 1 1 0 1 1 0 0 0 0 1 1 1 0 1 1 0 1 1 0 0 0 1 0 1 1 0 1 0 0 1 0 0 0 1
 1 1 1 1 1 0 0 0 0 1 0 1 1 1 1 0 0 0 0 0 1 0 0 0 0 1 0 0 1 0 0 0 1 0 1 1 0
 1 0 0 0 0 0 0 0 0 1 1 1 0 0 1 1 1 1 1 1 1 1 0 0 1 0]
At 12201/30000: COST 0.192/3.149(0.203) -- Acc 0.900/0.410(0.919)
[1 0 0 0 0 1 1 1 0 0 0 0 0 1 1 1 0 1 1 1 1 1 0 0 1 0 0 1 1 1 0 1 0 0 0 1 0
 0 0 1 0 0 0 1 0 0 1 1 1 1 0 1 1 1 0 0 0 1 0 1 0 0 1 0 1 0 0 0 0 0 0 1 0 1
 1 0 0 1 0 0 0 0 1 0 0 0 0 0 1 0 0 0 0 1 1 0 0 0 1 1]
At 12301/30000: COST 0.148/2.956(0.206) -- Acc 0.930/0.380(0.919)
[1 0 1 0 0 0 0 0 1 1 0 1 1 0 0 0 0 1 0 1 0 0 1 0 1 0 1 0 0 1 1 0 0 1 0 0 1
 1 0 0 1 1 0 1 0 0 1 1 0 1 0 1 1 0 1 1 1 0 0 0 1 0 0 0 1 0 0 1 0 1 0 0 1 1
 1 0 1 1 0 0 0 0 0 0 1 0 0 1 1 0 1 0 1 0 0 0 1 1 1 0]
At 12401/30000: COST 0.227/3.044(0.194) -- Acc 0.900/0.410(0.924)
[1 0 1 0 0 0 0 1 0 0 1 1 1 1 1 1 0 1 1 0 1 1 0 0 0 1 0 0 0 0 0 1 0 1 1 0 0
 0 0 0 1 0 1 0 1 0 0 1 0 1 1 0 0 0 0 0 0 1 0 1 1 0 0 0 1 0 0 0 0 0 1 0 1 0
 0 0 0 0 1 1 0 1 1 0 0 0 0 0 0 1 1 1 1 1 1 0 1 0 0 1]
At 12501/30000: COST 0.231/2.875(0.196) -- Acc 0.890/0.480(0.923)
[0 0 1 1 0 0 1 0 1 1 1 0 0 1 0 1 0 0 1 0 0 1 0 1 1 1 1 1 0 1 0 0 1 0 1 0 1
 0 0 1 0 0 1 0 0 0 1 1 0 1 0 0 0 0 0 0 0 1 1 1 1 1 0 1 1 1 0 1 1 0 0 0 0 1
 1 1 0 1 0 1 0 1 1 1 0 0 1 1 0 0 1 0 1 1 0 0 1 1 1 0]
At 12601/30000: COST 0.144/3.107(0.194) -- Acc 0.920/0.390(0.923)
[1 0 1 0 1 0 1 1 1 1 0 1 0 0 0 0 1 1 1 0 0 0 1 1 1 1 1 0 1 1 0 0 0 1 1 0 1
 1 1 1 0 0 0 1 0 1 1 0 1 1 1 0 0 0 0 1 1 1 1 0 1 1 0 0 1 1 1 0 0 0 0 1 0 1
 0 1 0 1 0 1 0 0 0 1 0 1 0 0 1 0 1 0 0 0 0 1 0 1 1 0]
At 12701/30000: COST 0.065/3.168(0.186) -- Acc 1.000/0.440(0.924)
[0 0 1 1 1 0 0 1 0 1 1 0 1 1 1 0 0 1 0 0 0 1 0 0 1 0 0 1 1 0 0 1 0 0 1 1 0
 0 0 1 0 0 1 0 0 0 0 1 0 0 1 0 1 0 0 1 1 1 0 0 1 0 0 1 1 0 1 0 0 1 0 0 0 0
 0 0 1 0 0 0 0 0 1 1 0 1 1 0 1 0 1 0 0 0 0 1 1 0 1 1]
At 12801/30000: COST 0.254/2.595(0.197) -- Acc 0.890/0.380(0.922)
[1 0 1 1 1 0 0 0 1 0 0 0 0 0 1 0 1 1 1 0 1 1 0 1 1 0 0 0 1 1 0 0 0 0 1 1 1
 0 0 0 0 1 1 1 0 0 0 0 1 0 1 0 0 0 0 0 0 0 1 0 1 1 0 1 0 0 1 0 0 1 0 0 0 0
 0 1 0 0 0 0 0 1 1 1 1 0 0 0 1 1 1 0 0 1 0 1 1 1 1 0]
At 12901/30000: COST 0.214/2.791(0.200) -- Acc 0.930/0.410(0.922)
[1 1 0 0 1 0 0 1 1 0 1 0 1 1 1 1 1 0 0 1 1 0 1 0 0 0 1 1 0 0 1 1 0 0 1 0 0
 0 1 0 0 1 0 1 0 0 0 0 0 1 0 0 0 0 0 1 1 0 0 0 1 0 0 1 0 1 0 1 0 0 1 0 1 0
 0 0 1 0 1 0 1 0 1 0 1 1 0 1 0 0 0 1 0 1 1 1 0 1 1 0]
At 13001/30000: COST 0.223/3.160(0.195) -- Acc 0.890/0.410(0.925)
[1 0 1 1 1 1 0 1 1 0 0 0 1 1 0 0 0 0 1 0 1 0 1 0 0 0 0 1 0 1 0 0 0 1 0 0 1
 0 1 0 0 1 1 1 0 0 1 0 0 1 0 0 0 0 1 0 1 1 0 0 0 0 0 0 0 0 0 1 1 1 0 1 0 1
 1 1 0 0 1 1 1 0 0 0 0 0 0 0 1 1 0 1 0 1 0 0 0 1 0 0]
At 13101/30000: COST 0.159/3.122(0.190) -- Acc 0.960/0.370(0.924)
[1 0 1 0 1 0 1 0 0 1 1 0 0 0 1 1 0 1 0 0 0 0 1 1 1 0 1 0 0 0 1 1 0 0 0 1 1
 0 1 1 1 1 0 0 0 0 0 0 0 0 0 0 1 0 1 1 0 0 1 0 1 0 0 0 0 0 1 0 0 0 1 0 0 0
 1 1 1 1 0 1 0 1 0 1 1 1 1 0 1 0 0 0 0 0 0 0 1 1 1 1]
At 13201/30000: COST 0.129/3.256(0.183) -- Acc 0.950/0.400(0.930)
[0 1 0 1 1 1 0 1 0 1 0 0 0 0 0 1 0 0 0 1 0 0 1 0 1 1 0 0 0 0 1 0 0 1 0 1 1
 1 1 0 1 0 0 0 1 1 0 1 1 0 1 1 0 0 0 1 0 0 1 0 1 0 1 1 0 1 1 1 0 0 0 0 0 1
 1 1 1 0 1 0 1 0 1 1 0 0 1 0 0 1 1 0 0 1 1 1 0 0 1 1]
At 13301/30000: COST 0.106/3.288(0.177) -- Acc 0.950/0.390(0.930)
[1 0 1 0 1 0 1 1 1 0 0 0 0 0 0 1 0 0 0 0 1 1 0 1 1 1 0 1 0 1 1 0 0 0 0 0 0
 0 0 0 0 1 0 1 1 1 0 0 0 0 0 1 1 0 0 0 1 1 0 0 0 0 0 1 0 1 1 0 1 1 0 0 1 0
 0 1 1 1 0 1 1 0 1 1 0 1 1 0 0 1 0 1 1 1 1 0 1 0 1 1]
At 13401/30000: COST 0.263/2.835(0.191) -- Acc 0.900/0.390(0.925)
[0 1 1 0 0 0 0 1 1 0 1 1 0 1 1 0 0 0 0 0 0 1 1 1 0 0 1 0 0 0 0 0 1 0 0 1 0
 0 0 0 0 0 0 0 1 0 1 1 0 1 1 0 0 0 1 1 1 1 0 1 1 1 1 1 1 0 0 0 1 0 1 1 0 0
 0 0 1 0 0 1 1 0 1 0 0 1 0 0 0 0 1 0 1 1 1 1 0 0 0 0]
At 13501/30000: COST 0.128/3.031(0.181) -- Acc 0.950/0.450(0.928)
[1 1 1 1 0 0 1 1 0 1 0 1 0 0 1 1 1 0 0 0 0 0 0 0 1 0 1 0 1 0 1 0 1 1 1 0 0
 1 1 1 1 1 1 0 0 0 1 0 1 0 1 1 0 0 0 0 1 1 1 0 0 1 0 0 0 0 1 0 0 1 1 1 0 1
 1 1 0 0 0 0 1 0 0 1 1 0 0 1 0 1 1 0 1 0 1 0 0 0 1 1]
At 13601/30000: COST 0.153/3.651(0.168) -- Acc 0.940/0.360(0.932)
[0 0 1 0 1 0 0 0 0 0 1 0 0 0 0 0 0 1 0 0 0 0 1 0 1 1 1 1 0 0 1 0 1 1 1 1 0
 0 1 0 1 1 1 1 0 1 1 1 0 0 1 0 1 1 0 0 1 0 1 1 1 0 1 1 0 1 0 0 0 0 0 1 0 0
 0 0 1 0 1 0 0 0 1 0 0 0 0 0 0 1 1 1 1 1 0 0 0 1 1 0]
At 13701/30000: COST 0.207/2.865(0.187) -- Acc 0.920/0.420(0.927)
[0 0 0 0 0 0 1 0 0 1 0 1 0 0 0 1 1 0 1 1 0 0 0 0 0 1 1 1 1 0 1 1 0 0 0 0 0
 0 0 0 0 1 0 0 0 1 1 0 0 1 0 1 1 1 1 1 0 0 0 0 0 0 0 0 1 0 0 0 1 0 1 0 0 1
 1 1 0 1 0 0 0 1 0 1 1 1 0 1 1 0 1 1 1 1 0 0 1 1 1 0]
At 13801/30000: COST 0.183/3.189(0.174) -- Acc 0.900/0.430(0.931)
[1 0 1 0 1 1 0 1 1 1 0 0 0 1 1 0 0 0 1 1 0 0 0 1 0 1 1 1 0 0 0 0 0 1 0 0 0
 0 0 1 1 1 0 0 0 1 1 1 0 0 0 0 1 0 1 1 0 0 0 1 0 1 0 1 0 0 0 0 0 0 1 0 0 1
 1 0 1 0 1 1 1 0 0 0 1 0 0 1 0 0 0 0 0 1 0 0 0 0 0 0]
At 13901/30000: COST 0.132/3.110(0.177) -- Acc 0.940/0.410(0.931)
[1 1 0 0 0 0 0 0 1 0 0 0 0 0 0 1 1 0 0 1 0 0 1 0 1 0 0 1 1 1 0 0 0 1 0 1 1
 0 0 1 1 0 0 1 1 0 1 0 0 1 0 0 1 0 0 1 0 1 1 0 1 1 1 1 1 0 0 1 0 0 1 0 0 0
 1 0 1 1 1 1 1 0 1 1 1 0 0 0 1 1 0 1 0 0 0 1 1 0 1 0]
At 14001/30000: COST 0.144/3.050(0.179) -- Acc 0.960/0.390(0.930)
[1 0 1 1 1 0 0 1 0 1 1 1 1 0 1 0 0 1 0 0 0 0 1 1 1 1 0 0 0 1 0 1 1 0 0 1 0
 0 0 1 0 1 1 1 1 1 1 0 1 1 0 0 0 1 0 0 1 0 1 0 1 1 0 1 0 1 0 0 0 1 0 0 0 0
 0 0 0 1 0 0 0 0 1 0 0 1 1 1 1 1 1 1 1 1 1 1 0 0 0 0]
At 14101/30000: COST 0.140/3.227(0.181) -- Acc 0.940/0.380(0.932)
[0 0 1 0 1 0 1 0 0 1 0 1 0 0 0 0 0 1 0 1 1 0 0 0 0 1 0 0 0 0 1 0 1 1 1 0 1
 0 0 0 0 1 1 1 0 0 0 1 0 0 0 1 1 0 0 0 0 0 0 0 1 0 1 1 0 1 1 0 1 1 1 1 1 1
 0 0 0 1 1 1 0 0 1 1 1 0 0 1 0 0 1 1 0 1 0 1 0 0 0 0]
At 14201/30000: COST 0.160/2.954(0.176) -- Acc 0.920/0.430(0.935)
[0 1 1 1 0 0 0 1 0 0 1 1 0 0 0 0 1 1 1 1 0 1 0 1 1 0 0 0 0 1 0 1 1 0 0 0 0
 0 1 1 1 1 1 0 1 0 1 1 0 0 0 1 1 1 1 0 0 1 0 1 1 1 1 0 1 1 1 1 1 1 0 1 0 0
 1 0 0 0 0 1 0 1 1 1 1 0 1 1 0 0 0 1 0 0 1 0 0 1 1 0]
At 14301/30000: COST 0.096/3.168(0.181) -- Acc 0.980/0.430(0.932)
[1 1 0 0 0 1 0 0 0 1 0 1 1 1 0 1 0 0 0 0 0 1 1 1 0 1 1 0 0 1 0 0 1 1 1 0 1
 0 0 0 1 0 0 0 0 0 0 1 0 0 0 1 0 0 1 0 1 0 1 1 0 0 1 1 1 0 1 0 0 0 1 1 0 1
 0 1 1 0 0 0 0 0 1 1 0 1 1 1 0 0 1 1 0 1 1 0 0 0 0 0]
At 14401/30000: COST 0.137/3.461(0.160) -- Acc 0.960/0.440(0.940)
[0 1 0 0 1 0 0 0 1 1 0 0 1 0 1 0 1 0 0 0 0 1 0 1 0 1 1 1 0 0 1 0 1 1 0 0 0
 0 1 1 0 1 1 1 0 0 1 0 0 0 0 0 1 0 0 1 1 1 0 1 0 1 1 1 1 1 0 1 0 0 1 1 0 0
 1 0 0 0 1 0 0 1 1 1 0 1 1 1 0 0 0 0 0 0 0 0 1 1 1 1]
At 14501/30000: COST 0.166/2.648(0.184) -- Acc 0.940/0.450(0.933)
[0 0 1 0 0 1 0 1 0 0 1 0 1 0 0 0 1 1 0 0 1 0 0 0 1 0 1 0 0 0 1 1 1 0 0 0 0
 1 0 0 1 1 1 0 1 0 0 0 0 0 1 0 1 0 1 0 1 0 0 1 0 1 1 0 0 1 0 0 0 1 0 1 0 0
 1 1 1 0 1 1 1 1 0 0 0 0 1 0 0 0 0 1 1 1 0 1 0 0 1 0]
At 14601/30000: COST 0.091/2.856(0.168) -- Acc 0.950/0.380(0.938)
[0 1 0 0 0 1 0 0 1 1 0 0 1 0 1 0 0 0 0 1 0 0 1 0 1 1 0 0 0 1 1 1 0 0 1 1 1
 1 1 0 0 1 1 1 0 0 1 1 1 0 1 0 1 0 1 1 1 0 1 1 0 0 0 1 1 1 1 0 0 1 0 0 1 1
 0 0 1 1 1 0 0 1 1 1 0 0 0 0 0 1 1 0 0 0 1 0 1 0 0 0]
At 14701/30000: COST 0.268/2.812(0.176) -- Acc 0.910/0.390(0.935)
[0 1 1 0 1 1 1 0 0 0 0 1 0 0 1 1 1 1 1 1 0 0 0 0 0 0 0 1 0 1 1 1 1 0 0 1 0
 0 0 1 1 0 0 0 1 0 1 1 0 0 0 0 1 0 0 0 1 0 1 1 0 1 1 0 1 0 1 0 0 1 0 0 0 0
 1 1 0 1 0 0 1 0 0 1 1 1 0 0 0 0 0 0 1 1 0 1 0 1 0 1]
At 14801/30000: COST 0.209/2.985(0.179) -- Acc 0.930/0.450(0.934)
[1 0 0 1 0 0 0 0 1 1 1 1 1 1 1 0 1 0 0 1 0 0 0 1 1 1 0 0 0 1 1 0 0 0 0 0 0
 1 0 0 1 1 0 1 0 1 0 0 1 1 0 0 0 0 1 1 1 0 1 1 1 1 1 0 1 1 0 1 1 0 0 1 0 0
 0 1 1 1 1 0 0 0 1 1 0 0 1 1 0 1 1 0 0 0 0 1 1 0 0 1]
At 14901/30000: COST 0.119/3.191(0.167) -- Acc 0.960/0.460(0.937)
[1 1 0 0 1 0 0 0 0 0 1 0 0 1 1 0 1 0 1 1 0 0 1 1 0 1 0 0 1 0 1 1 1 0 0 1 1
 1 0 1 1 0 1 1 0 0 0 0 0 1 0 1 0 1 0 0 0 0 0 0 0 1 0 0 0 0 0 0 1 0 1 1 1 0
 1 1 0 0 1 0 1 0 1 1 0 1 1 1 1 1 1 1 0 1 0 1 1 0 1 0]
At 15001/30000: COST 0.161/2.914(0.176) -- Acc 0.940/0.390(0.933)
[1 1 1 0 1 1 1 0 1 0 0 0 0 0 0 0 0 1 1 0 1 0 1 1 0 0 1 1 0 1 0 1 0 0 1 0 1
 0 1 0 0 0 0 0 0 1 1 1 1 1 0 0 1 1 0 0 1 1 0 1 1 1 0 0 0 1 1 0 1 1 1 0 1 0
 0 1 1 1 0 1 0 0 0 1 0 0 0 1 1 0 0 1 1 0 0 1 1 1 0 1]
At 15101/30000: COST 0.134/3.388(0.164) -- Acc 0.960/0.410(0.938)
[0 1 0 1 0 1 0 1 0 1 0 0 1 0 1 1 0 1 0 0 0 1 0 0 0 0 1 0 1 0 1 1 1 1 0 1 1
 1 1 1 0 1 0 0 0 0 0 1 1 0 0 1 0 1 1 1 1 1 1 0 0 0 0 0 1 0 0 1 0 0 0 0 0 1
 1 1 1 0 0 0 0 0 0 1 0 1 0 0 1 1 1 0 0 0 0 1 0 0 1 0]
At 15201/30000: COST 0.152/3.004(0.164) -- Acc 0.940/0.390(0.939)
[1 0 0 1 1 0 0 0 1 1 0 1 0 1 0 1 1 1 0 1 0 1 1 0 0 0 0 1 1 0 1 1 0 0 0 0 0
 1 0 1 1 0 0 0 0 0 0 1 0 1 1 0 0 0 0 1 1 0 0 1 0 0 0 1 1 0 0 1 1 0 0 1 0 1
 0 1 0 0 0 0 0 0 1 0 0 0 1 1 1 0 1 1 1 0 1 1 1 1 0 0]
At 15301/30000: COST 0.156/2.892(0.165) -- Acc 0.940/0.430(0.940)
[0 0 0 1 0 1 0 0 1 0 0 1 1 1 1 0 0 1 1 1 1 0 1 0 0 0 1 0 0 0 0 0 1 1 0 0 1
 1 0 1 1 0 0 0 0 0 0 0 0 0 0 1 0 1 0 1 1 0 1 0 0 0 1 1 0 0 1 1 0 0 1 1 1 0
 0 0 1 1 1 0 0 1 1 0 0 0 1 0 1 1 0 1 0 1 1 1 0 0 0 0]
At 15401/30000: COST 0.145/2.767(0.175) -- Acc 0.930/0.440(0.936)
[1 0 0 0 1 1 1 0 0 0 0 1 1 0 1 0 0 1 1 1 1 0 1 1 0 1 1 1 1 1 0 0 1 1 0 0 0
 1 1 0 1 1 0 0 0 1 0 0 1 1 0 0 0 0 1 0 1 0 1 1 0 1 0 0 0 0 0 1 1 0 0 0 1 0
 1 1 1 0 0 0 0 0 0 1 0 0 1 0 0 0 1 1 1 1 0 1 0 1 1 1]
At 15501/30000: COST 0.132/3.232(0.171) -- Acc 0.960/0.430(0.938)
[1 0 0 1 1 1 1 0 0 1 0 1 1 0 1 0 0 1 0 0 1 1 1 0 0 1 1 0 1 0 1 0 0 0 1 0 1
 1 1 0 0 0 0 0 0 0 0 1 0 1 0 0 0 0 0 0 1 0 0 0 0 1 0 0 1 1 1 1 0 1 0 1 1 1
 1 1 1 0 0 1 0 1 1 0 0 1 0 0 1 1 0 1 0 0 1 0 1 1 0 1]
At 15601/30000: COST 0.182/3.298(0.164) -- Acc 0.930/0.460(0.939)
[0 1 1 0 0 0 1 0 1 0 1 0 1 1 0 0 1 1 1 1 0 0 0 1 1 0 1 0 0 0 0 1 1 1 0 1 0
 1 0 0 1 1 1 0 0 1 1 1 1 0 0 1 1 0 1 1 1 0 0 1 1 1 0 1 1 0 1 0 0 0 0 1 0 1
 0 1 0 0 0 1 0 0 1 0 1 1 0 0 1 0 1 1 1 1 0 1 0 0 0 0]
At 15701/30000: COST 0.102/3.281(0.149) -- Acc 0.960/0.450(0.944)
[0 1 0 0 0 1 1 1 1 1 1 1 0 0 0 1 1 0 1 1 1 0 1 0 0 1 0 1 0 1 1 0 0 1 1 0 1
 0 1 0 0 1 1 1 1 1 1 1 0 0 0 1 0 0 1 1 0 0 0 0 1 1 1 0 1 1 1 0 0 0 1 1 0 1
 1 1 0 0 0 1 1 1 0 0 0 0 0 1 0 0 1 1 0 0 0 0 1 0 0 0]
At 15801/30000: COST 0.134/3.122(0.152) -- Acc 0.930/0.410(0.945)
[0 1 0 0 0 0 0 1 1 1 1 0 0 0 0 0 0 1 1 1 0 1 0 0 1 1 1 0 0 0 1 1 0 1 0 1 0
 0 0 0 0 0 0 1 1 1 0 1 1 0 0 0 1 1 0 1 0 0 1 0 1 0 1 0 1 0 1 1 0 1 1 1 0 1
 1 0 0 1 0 0 1 1 0 0 1 0 1 1 1 1 0 0 1 0 0 1 0 1 0 0]
At 15901/30000: COST 0.191/3.287(0.146) -- Acc 0.920/0.410(0.945)
[0 1 1 0 0 1 0 1 0 1 1 1 0 0 0 1 1 0 0 1 0 0 0 0 1 0 1 0 0 1 0 1 1 1 0 0 1
 1 1 0 0 1 0 0 0 0 1 0 0 0 0 0 0 1 0 1 1 0 0 0 0 1 1 1 0 1 0 1 1 0 1 0 0 0
 0 1 0 1 1 1 0 1 0 0 1 1 1 0 0 1 0 0 0 0 0 1 1 1 0 0]
At 16001/30000: COST 0.220/2.951(0.154) -- Acc 0.890/0.440(0.942)
[0 1 1 0 1 1 1 0 0 0 0 1 0 0 1 0 0 0 1 0 0 0 0 1 0 0 1 0 0 1 1 1 1 0 0 1 1
 1 0 0 0 0 0 1 1 0 1 0 1 1 0 1 1 0 0 1 0 0 0 0 0 1 0 0 0 0 0 1 1 1 0 0 0 1
 1 1 0 1 1 0 0 1 0 0 0 1 0 0 1 1 1 0 1 1 1 1 1 1 1 0]
At 16101/30000: COST 0.238/2.656(0.164) -- Acc 0.900/0.430(0.939)
[1 1 1 0 0 0 1 0 0 1 1 0 0 0 0 0 0 0 0 1 1 1 0 1 0 0 1 1 1 1 1 1 0 1 0 0 0
 1 1 1 0 0 0 1 1 0 0 0 0 0 1 1 0 1 0 0 0 0 0 0 1 1 0 0 0 0 0 1 0 0 1 1 1 0
 1 0 1 0 1 1 1 1 1 1 1 0 1 1 1 1 0 1 0 1 0 0 0 1 0 0]
At 16201/30000: COST 0.187/2.770(0.162) -- Acc 0.940/0.440(0.941)
[1 0 0 0 0 1 0 1 0 1 1 1 0 1 1 0 1 0 1 0 0 1 1 1 1 0 1 1 0 0 0 0 0 0 1 0 1
 1 0 0 0 0 0 1 0 0 1 1 1 0 0 1 0 0 0 1 0 0 0 0 1 0 1 0 0 0 0 0 1 1 0 0 1 0
 0 0 1 0 1 1 1 0 0 1 1 0 0 1 1 1 0 0 0 0 1 0 1 1 0 1]
At 16301/30000: COST 0.237/2.208(0.189) -- Acc 0.930/0.420(0.931)
[0 0 1 0 1 1 0 0 1 0 0 0 1 0 1 1 1 1 1 1 1 1 0 1 0 1 0 1 0 0 1 0 1 1 0 0 0
 1 1 1 1 0 0 1 1 0 1 0 0 1 1 1 1 0 0 1 0 0 0 1 1 1 0 0 1 0 1 0 1 0 0 0 1 0
 0 1 1 1 0 0 0 0 1 1 0 0 1 0 1 1 0 0 0 0 1 1 1 1 1 0]
At 16401/30000: COST 0.103/2.981(0.172) -- Acc 0.970/0.460(0.938)
[0 0 0 0 1 1 0 1 1 0 1 0 0 1 1 1 0 1 0 1 0 0 0 0 1 1 0 0 0 0 0 0 0 0 1 1 0
 1 1 0 0 1 1 0 1 1 1 0 1 1 0 1 0 1 1 1 1 1 0 1 1 0 1 0 0 0 0 1 1 0 1 1 0 0
 1 1 1 0 0 0 1 1 0 0 1 1 0 1 1 0 0 0 1 0 0 0 1 0 1 1]
At 16501/30000: COST 0.175/2.951(0.157) -- Acc 0.930/0.440(0.942)
[1 1 0 0 0 0 0 1 1 0 1 1 1 1 0 1 1 0 0 1 0 1 0 0 0 0 1 0 0 0 0 1 1 1 0 0 1
 0 1 1 0 0 1 0 1 1 0 1 1 0 0 0 0 1 1 0 0 0 1 0 0 1 1 0 0 0 0 1 0 0 1 1 1 0
 0 1 1 0 0 0 0 1 1 0 1 1 0 1 1 0 0 1 0 1 1 1 1 0 1 1]
At 16601/30000: COST 0.196/2.557(0.163) -- Acc 0.930/0.430(0.941)
[1 1 0 1 1 0 1 0 1 0 1 0 1 1 0 0 1 0 0 1 1 1 0 0 1 0 0 1 1 0 0 1 1 0 0 0 1
 0 1 1 0 1 0 0 1 0 1 1 0 1 1 0 0 0 0 0 1 1 1 0 1 1 1 1 0 0 1 1 0 0 0 1 1 0
 0 0 1 1 1 0 0 0 0 1 0 0 0 1 1 0 0 1 0 0 0 1 1 1 1 1]
At 16701/30000: COST 0.126/3.043(0.160) -- Acc 0.950/0.430(0.942)
[0 0 0 1 1 1 1 0 1 1 1 1 0 1 0 0 1 1 1 1 1 0 1 1 0 0 0 1 0 0 0 1 0 1 1 0 0
 1 0 1 1 1 0 1 0 1 0 1 0 0 0 0 0 0 1 1 1 0 0 0 0 0 0 0 0 0 1 1 0 0 1 0 0 0
 1 0 0 1 0 1 1 0 0 1 1 0 0 0 1 1 1 1 1 0 0 1 0 0 0 1]
At 16801/30000: COST 0.119/3.146(0.147) -- Acc 0.960/0.410(0.945)
[1 1 1 0 0 1 0 1 1 0 1 0 0 1 1 1 0 0 0 0 1 0 0 0 0 0 1 0 0 1 0 1 0 1 1 1 1
 1 1 0 0 0 1 0 1 1 0 0 0 0 0 1 1 1 1 1 0 0 0 1 0 1 0 1 0 1 1 1 0 0 0 0 1 0
 0 1 1 1 0 1 0 0 1 1 1 0 1 1 0 1 1 1 1 0 0 0 0 1 0 1]
At 16901/30000: COST 0.185/3.575(0.136) -- Acc 0.940/0.470(0.950)
[0 0 0 1 0 1 0 0 1 0 1 1 0 1 0 1 0 0 1 1 0 1 1 1 1 0 1 1 0 1 0 1 0 0 0 1 0
 1 0 1 1 1 0 1 1 1 0 1 0 0 1 1 1 1 0 1 1 0 0 0 1 0 0 1 0 0 0 0 0 0 0 1 0 0
 1 0 1 1 0 0 0 0 1 1 1 1 0 0 1 0 0 1 0 0 1 1 1 0 1 1]
At 17001/30000: COST 0.165/3.215(0.147) -- Acc 0.940/0.460(0.946)
[1 0 0 1 0 1 1 1 1 0 0 0 1 0 1 0 0 1 1 1 0 0 1 0 1 1 0 0 0 1 1 1 0 1 1 0 1
 1 0 1 0 0 1 1 0 1 0 0 1 0 0 0 0 0 0 0 0 0 1 1 0 1 1 1 1 1 0 1 0 1 0 1 1 1
 0 0 1 1 1 0 0 0 0 0 1 0 0 0 0 1 1 1 0 1 1 0 0 0 1 1]
At 17101/30000: COST 0.165/2.706(0.152) -- Acc 0.950/0.460(0.944)
[1 0 1 0 0 1 1 0 1 0 1 0 0 0 1 0 1 0 0 0 1 1 1 1 0 0 0 0 0 1 1 1 0 0 0 1 1
 1 0 0 1 1 0 1 1 1 1 1 0 1 0 0 0 1 1 0 1 0 1 1 1 1 0 1 1 0 1 0 1 0 0 1 0 0
 1 0 0 0 0 0 1 1 0 1 1 1 1 1 0 1 0 0 1 0 0 0 0 0 1 0]
At 17201/30000: COST 0.158/3.284(0.147) -- Acc 0.930/0.420(0.948)
[0 1 1 1 0 1 0 1 1 0 1 0 1 0 0 0 1 1 1 1 1 1 0 1 0 0 0 0 1 0 1 1 0 0 1 0 0
 0 0 0 0 0 0 1 1 0 1 1 1 1 1 0 0 1 1 0 1 0 1 1 1 1 0 0 1 0 0 1 1 1 1 1 0 1
 1 1 0 0 0 0 0 1 1 0 1 0 0 1 1 1 1 0 0 1 1 1 1 0 0 0]
At 17301/30000: COST 0.113/3.374(0.138) -- Acc 0.970/0.420(0.951)
[0 0 0 1 0 1 0 0 0 0 0 1 0 0 1 1 0 1 0 1 1 0 0 0 0 1 1 1 1 0 0 0 0 1 1 0 0
 0 0 0 1 0 1 1 1 1 0 0 0 1 1 1 1 1 0 1 0 0 0 1 0 0 0 0 0 1 0 1 0 0 0 1 1 1
 1 1 0 1 1 1 0 0 1 0 1 1 1 1 1 1 0 0 0 1 1 0 0 0 1 0]
At 17401/30000: COST 0.216/3.246(0.144) -- Acc 0.890/0.390(0.947)
[1 0 1 1 0 1 0 0 0 0 1 0 1 0 0 1 0 0 1 1 0 1 1 1 1 1 0 0 1 0 1 1 1 1 1 1 0
 0 0 0 1 1 1 1 1 0 0 0 0 0 1 1 1 0 0 0 0 0 0 0 1 0 1 1 1 1 0 0 0 1 0 1 1 1
 1 1 1 0 1 1 0 1 1 0 0 1 0 1 0 1 1 1 1 0 0 1 0 0 1 1]
At 17501/30000: COST 0.053/3.030(0.141) -- Acc 0.980/0.450(0.950)
[0 1 0 0 1 1 0 1 0 0 1 1 0 0 0 0 0 1 0 1 1 1 0 1 0 0 0 1 0 0 0 0 0 1 0 0 1
 0 0 1 1 1 0 0 1 0 1 0 1 0 0 0 1 1 1 0 1 0 0 0 0 0 0 1 0 1 1 1 1 0 1 0 0 1
 1 0 0 0 1 0 1 1 1 0 0 1 0 0 1 1 1 0 1 1 1 1 0 1 1 1]
At 17601/30000: COST 0.152/3.340(0.133) -- Acc 0.960/0.440(0.952)
[0 1 0 1 1 1 1 1 0 1 0 1 1 0 1 0 1 0 0 1 1 0 1 1 0 0 1 0 1 1 1 1 1 0 1 0 1
 0 0 1 0 1 0 1 1 1 0 0 0 0 0 1 0 1 1 0 0 0 0 1 0 1 0 0 1 0 0 1 0 1 0 1 0 0
 1 1 0 0 1 1 1 0 1 0 0 1 1 1 0 0 0 0 1 1 0 0 1 0 0 1]
At 17701/30000: COST 0.107/3.346(0.144) -- Acc 0.970/0.430(0.949)
[0 1 1 1 0 1 1 1 1 0 1 0 0 1 0 0 1 1 0 0 1 1 1 0 0 0 1 0 0 1 1 1 1 1 1 0 1
 0 0 0 0 1 1 1 0 1 1 0 1 1 0 1 0 0 1 0 1 0 1 0 1 0 0 1 0 0 0 0 1 1 0 1 1 0
 1 0 1 1 1 0 1 1 0 0 0 1 1 0 0 0 0 0 0 0 0 0 1 0 1 0]
At 17801/30000: COST 0.063/3.339(0.141) -- Acc 0.980/0.400(0.951)
[0 1 0 0 0 1 1 1 1 0 1 0 0 1 1 1 0 0 0 0 0 0 0 1 0 0 0 0 0 0 1 1 0 0 1 0 0
 0 1 1 0 0 1 1 1 0 0 1 0 1 1 0 1 0 1 1 0 1 0 1 0 0 0 0 0 1 1 1 1 0 0 1 1 1
 0 0 1 1 0 0 1 0 1 1 0 1 1 0 1 1 1 1 1 0 1 1 1 1 0 0]
At 17901/30000: COST 0.057/3.232(0.137) -- Acc 0.990/0.400(0.952)
[1 0 1 1 1 0 1 1 0 0 0 0 0 1 0 1 1 1 0 1 0 0 0 1 0 1 0 1 0 1 0 0 1 0 1 0 0
 0 1 1 0 0 1 1 0 1 0 1 0 0 1 1 1 1 1 0 1 1 0 0 1 0 1 0 0 0 0 1 0 1 1 1 0 0
 1 0 1 0 1 1 1 1 1 0 0 0 1 1 1 1 1 0 1 1 0 0 0 1 1 0]
At 18001/30000: COST 0.200/3.100(0.136) -- Acc 0.900/0.410(0.953)
[1 1 0 0 0 1 1 1 0 1 0 0 1 1 1 0 0 1 1 0 0 0 0 0 1 1 1 0 0 1 1 1 0 1 0 0 0
 1 1 0 0 1 1 1 0 0 0 0 1 0 0 0 0 1 1 0 0 1 1 0 1 1 1 0 0 0 1 1 0 0 0 1 0 0
 1 1 0 1 0 0 0 0 0 1 1 0 1 1 1 1 1 0 0 0 0 0 0 1 1 0]
At 18101/30000: COST 0.127/3.275(0.139) -- Acc 0.930/0.430(0.949)
[1 0 0 0 0 0 1 1 0 0 1 0 0 0 0 1 0 1 1 1 1 1 0 0 1 0 0 1 1 1 1 0 1 0 1 0 0
 0 1 0 0 0 0 0 0 0 1 1 0 0 1 0 1 0 0 1 1 1 0 1 1 0 1 0 1 0 1 1 0 1 0 0 1 0
 0 1 0 0 0 1 0 0 0 0 1 1 0 1 1 0 1 1 1 1 0 1 0 0 1 0]
At 18201/30000: COST 0.113/3.429(0.136) -- Acc 0.940/0.420(0.950)
[0 1 0 1 0 0 0 1 0 0 0 1 1 0 1 1 1 1 1 1 1 0 0 0 1 1 0 0 0 0 1 0 0 1 0 1 0
 1 1 1 0 1 0 0 0 0 1 0 1 1 0 1 0 0 1 1 1 1 0 1 1 1 1 1 1 1 1 1 1 0 1 1 0 0
 1 1 0 1 0 1 0 1 1 0 0 0 1 0 0 0 0 1 1 0 0 0 0 0 0 0]
At 18301/30000: COST 0.060/3.642(0.122) -- Acc 0.990/0.450(0.957)
[1 0 0 0 0 1 1 0 0 0 0 1 0 1 1 1 0 1 1 1 1 1 1 0 1 1 1 1 0 1 1 1 0 1 1 0 0
 1 0 1 1 0 1 0 1 0 1 0 0 0 1 1 1 1 0 0 0 1 1 0 0 1 1 0 0 1 0 0 1 0 1 0 0 0
 1 1 0 1 0 1 0 0 0 0 0 0 0 0 0 1 0 1 0 0 1 1 1 1 0 0]
At 18401/30000: COST 0.216/3.298(0.128) -- Acc 0.910/0.460(0.955)
[1 0 1 1 0 1 0 0 1 0 1 0 0 1 0 1 0 1 0 0 0 1 1 0 1 1 1 0 0 0 1 0 0 0 0 0 0
 1 1 0 0 0 1 0 1 0 0 0 1 0 0 1 0 0 1 1 0 1 1 1 1 1 1 1 1 0 0 0 0 1 0 1 1 1
 1 0 1 0 0 0 0 0 0 1 0 0 0 0 0 1 0 1 0 1 1 0 0 0 1 0]
At 18501/30000: COST 0.056/2.902(0.135) -- Acc 0.990/0.480(0.952)
[0 0 1 0 1 0 0 0 1 1 1 0 1 1 0 1 1 0 1 1 0 1 0 1 1 1 0 1 0 1 0 1 0 1 1 0 1
 0 0 0 1 0 0 1 0 0 0 1 1 0 0 1 0 0 0 0 0 1 1 0 1 0 1 0 1 1 0 1 1 1 0 0 0 0
 0 1 1 0 0 1 1 1 0 1 1 1 1 1 0 0 0 1 1 1 0 0 1 1 1 0]
At 18601/30000: COST 0.235/3.124(0.143) -- Acc 0.890/0.420(0.949)
[0 1 0 0 1 0 1 0 1 1 0 0 0 0 1 0 0 0 1 0 0 0 0 1 1 1 0 1 1 0 0 1 0 0 0 1 0
 1 0 1 1 0 1 1 0 1 0 1 1 1 1 1 0 0 1 0 0 1 1 1 1 0 0 1 1 0 0 0 1 1 1 0 1 1
 0 1 0 0 0 0 0 0 0 1 0 1 1 0 1 0 0 1 0 1 0 1 1 0 1 1]
At 18701/30000: COST 0.095/2.931(0.139) -- Acc 0.930/0.450(0.951)
[0 0 0 0 0 1 0 0 1 0 1 0 0 1 1 0 0 0 0 1 0 1 0 0 0 1 1 1 1 1 1 1 0 0 1 0 0
 1 0 0 0 1 0 0 1 0 0 1 0 0 1 1 1 0 1 0 1 0 0 1 1 0 1 0 0 0 1 1 0 1 0 1 1 1
 0 0 1 0 0 1 0 0 1 1 0 0 0 1 1 0 1 1 1 1 1 1 0 1 1 1]
At 18801/30000: COST 0.103/3.355(0.134) -- Acc 0.960/0.430(0.951)
[1 0 1 1 0 1 1 1 0 1 0 0 1 1 0 1 1 0 0 0 0 1 1 0 0 0 1 0 0 0 0 0 0 0 1 1 1
 1 0 1 0 1 0 0 0 0 1 0 0 0 0 1 0 1 0 1 0 1 0 1 0 1 0 1 0 1 1 1 0 0 1 0 1 0
 0 1 1 1 1 0 1 0 1 1 0 1 1 1 0 1 1 1 0 1 1 1 0 1 0 1]
At 18901/30000: COST 0.151/2.767(0.134) -- Acc 0.940/0.400(0.954)
[1 0 1 1 0 0 1 0 0 1 1 0 1 0 0 1 0 0 1 0 1 0 1 0 1 0 0 1 0 0 0 1 1 1 1 0 1
 1 0 0 0 1 0 1 1 0 1 0 1 1 1 1 1 0 1 0 1 0 1 0 0 1 1 1 0 1 1 0 1 1 0 0 1 0
 1 0 1 0 0 1 0 1 0 1 1 0 1 0 1 0 0 0 0 0 1 1 1 0 0 0]
At 19001/30000: COST 0.169/3.407(0.126) -- Acc 0.940/0.450(0.957)
[0 1 1 0 1 1 0 1 0 1 0 0 0 1 1 0 0 1 1 1 1 1 0 0 0 1 0 1 0 1 1 1 1 0 0 1 0
 1 1 0 1 1 1 0 0 1 0 1 1 1 0 1 1 0 1 1 1 0 1 1 0 1 0 0 0 0 0 0 0 1 1 0 1 1
 0 0 0 1 1 0 0 1 0 0 1 0 1 1 1 1 0 1 0 0 1 0 0 1 1 0]
At 19101/30000: COST 0.063/3.220(0.120) -- Acc 0.980/0.440(0.959)
[1 0 1 1 0 0 0 0 1 0 1 1 0 0 0 0 1 1 1 1 1 1 0 1 0 1 0 1 0 0 1 0 0 0 0 1 1
 1 0 0 1 0 0 0 1 0 1 1 1 0 0 1 0 1 1 0 0 0 1 1 1 0 1 1 1 1 0 1 1 0 0 1 1 0
 1 1 1 0 0 0 1 0 1 0 0 0 1 0 0 1 0 1 1 1 1 1 0 1 0 1]
At 19201/30000: COST 0.058/3.106(0.135) -- Acc 0.990/0.430(0.953)
[1 0 1 0 1 1 0 0 0 0 1 1 0 1 1 0 0 0 0 1 1 0 0 0 1 0 1 1 1 1 0 1 0 1 0 1 0
 0 1 0 1 0 1 1 1 0 0 0 1 0 0 1 0 0 1 1 0 1 0 0 1 0 1 0 1 1 1 0 1 0 0 0 1 0
 0 0 0 0 1 1 1 1 1 0 1 0 1 1 1 0 0 1 1 1 0 1 0 1 1 1]
At 19301/30000: COST 0.162/2.780(0.139) -- Acc 0.960/0.440(0.952)
[0 0 0 0 1 1 1 1 1 1 0 1 0 0 0 1 1 0 0 1 0 1 0 1 1 0 0 0 0 1 1 0 0 0 1 1 0
 0 1 1 1 0 1 1 1 1 0 0 0 0 0 1 0 0 1 0 0 0 0 0 0 1 0 1 1 1 0 1 1 0 0 0 0 1
 1 0 1 0 1 1 1 0 1 0 1 0 0 0 1 1 0 0 0 1 1 0 0 1 0 1]
At 19401/30000: COST 0.069/3.029(0.133) -- Acc 0.990/0.430(0.955)
[0 0 0 1 1 0 0 0 0 1 1 0 0 1 0 0 1 0 0 0 1 1 0 0 0 0 0 0 0 1 0 0 0 0 0 1 0
 1 0 0 1 0 0 0 0 1 1 1 0 0 0 1 1 1 1 0 1 1 1 0 1 0 1 0 0 1 1 0 1 1 0 0 0 1
 0 0 0 0 0 0 0 0 1 1 1 0 1 1 0 1 1 1 1 1 1 0 0 1 0 0]
At 19501/30000: COST 0.103/3.418(0.122) -- Acc 0.960/0.440(0.958)
[1 0 1 1 0 0 0 1 0 0 0 1 0 1 1 1 0 1 0 0 1 0 1 0 1 0 0 0 0 0 1 0 0 1 0 0 0
 1 0 0 1 1 1 1 1 0 0 0 1 0 0 1 0 1 1 1 0 0 1 0 0 1 0 1 1 0 0 1 1 1 0 1 1 0
 1 1 1 0 0 1 1 0 0 1 1 0 0 1 0 1 1 1 0 1 0 0 1 1 0 0]
At 19601/30000: COST 0.096/3.116(0.126) -- Acc 0.950/0.390(0.956)
[1 0 1 1 0 0 0 1 1 0 0 1 0 0 1 0 1 0 1 1 0 0 1 1 0 0 0 1 0 1 1 1 1 1 1 0 1
 0 1 0 1 1 1 0 0 0 1 1 0 1 1 0 0 1 0 0 0 0 1 1 0 1 1 0 1 1 0 1 0 0 1 0 1 0
 1 1 0 1 0 1 1 0 1 1 0 0 0 1 1 0 1 0 0 0 0 0 0 1 1 1]
At 19701/30000: COST 0.133/2.933(0.134) -- Acc 0.950/0.440(0.954)
[1 1 0 1 1 1 1 1 1 1 1 0 0 0 1 0 0 0 0 1 0 1 0 0 0 1 0 1 0 0 0 1 0 1 1 1 0
 1 1 1 1 1 1 0 0 1 0 0 0 1 1 1 1 0 0 1 1 0 0 0 1 1 0 0 0 1 1 1 1 0 1 0 1 0
 0 1 1 1 0 1 0 1 1 1 0 0 0 1 1 0 0 0 0 1 1 1 0 0 0 0]
At 19801/30000: COST 0.074/3.206(0.126) -- Acc 0.960/0.430(0.955)
[1 1 0 1 1 0 1 1 0 1 0 0 0 1 1 1 0 1 1 0 0 1 0 1 1 1 0 1 0 0 0 0 1 1 0 0 0
 0 0 0 1 0 0 0 0 0 0 1 1 1 0 0 1 0 1 0 0 0 1 1 0 1 1 0 0 0 0 0 1 1 1 0 0 0
 1 0 1 1 0 0 1 0 1 0 0 1 0 0 1 1 1 0 1 0 0 1 0 0 1 1]
At 19901/30000: COST 0.150/3.390(0.127) -- Acc 0.930/0.460(0.956)
[1 0 0 0 0 0 0 0 0 1 0 1 0 1 1 0 1 0 1 0 0 0 1 1 1 0 0 1 1 1 0 1 0 0 0 0 1
 0 1 1 1 1 0 0 1 0 0 0 0 0 0 1 1 1 0 1 1 1 1 1 1 0 1 1 0 0 0 0 1 0 0 0 1 1
 1 1 0 0 0 0 0 0 0 1 1 1 0 0 1 1 0 0 0 0 1 0 0 0 1 0]
At 20001/30000: COST 0.165/3.542(0.115) -- Acc 0.930/0.420(0.961)
[1 0 0 0 0 1 0 0 0 0 0 1 1 1 0 0 1 1 0 1 1 0 1 0 1 0 1 0 0 0 1 1 1 0 1 0 1
 1 0 0 0 1 0 0 1 1 1 1 0 0 1 1 0 1 0 1 0 0 0 1 0 0 1 1 1 0 1 0 1 0 1 0 1 0
 0 1 1 1 0 0 1 1 1 1 0 0 0 0 1 1 0 0 1 0 0 0 1 1 1 1]
At 20101/30000: COST 0.101/3.455(0.128) -- Acc 0.960/0.420(0.956)
[1 0 0 0 1 0 1 0 0 1 0 0 1 1 0 1 0 1 1 0 0 0 0 1 1 0 0 0 0 0 1 1 0 1 0 0 1
 0 1 1 1 0 1 0 0 1 1 0 1 1 0 0 1 1 1 1 0 1 1 1 0 1 1 0 0 1 0 1 0 1 1 1 0 1
 0 0 1 1 0 0 1 0 1 1 0 1 0 1 0 0 1 0 0 0 1 0 0 1 1 1]
At 20201/30000: COST 0.103/3.276(0.136) -- Acc 0.970/0.410(0.953)
[1 0 0 0 1 0 0 0 0 0 0 1 0 1 1 1 1 1 0 0 0 0 1 1 1 1 1 0 1 1 1 0 1 1 0 1 0
 1 1 1 1 1 1 1 0 1 1 1 0 1 0 0 0 1 0 1 0 1 0 0 0 1 0 0 0 0 0 0 0 0 0 1 1 0
 0 1 0 1 0 1 1 1 0 0 0 0 0 1 0 1 1 0 1 0 1 0 0 0 1 0]
At 20301/30000: COST 0.108/3.173(0.129) -- Acc 0.940/0.380(0.954)
[1 1 1 1 0 1 1 0 1 1 0 0 1 0 1 1 1 0 0 1 1 0 0 1 1 1 1 0 0 1 1 0 1 1 0 0 0
 0 1 0 0 0 0 0 0 0 0 1 1 0 1 0 1 0 0 0 1 0 1 0 1 0 0 1 1 1 0 1 1 0 0 1 1 1
 0 0 1 1 1 1 1 1 0 1 0 0 1 0 0 0 0 0 0 1 1 0 1 1 0 0]
At 20401/30000: COST 0.106/3.199(0.134) -- Acc 0.950/0.430(0.953)
[0 0 0 0 1 1 1 0 0 0 0 1 1 1 0 1 0 0 1 1 1 0 1 1 0 1 0 1 1 1 0 1 0 1 0 1 1
 1 1 0 0 0 1 0 0 0 0 0 0 1 0 0 1 1 1 1 0 0 0 1 0 1 0 1 1 1 0 0 0 1 0 1 0 1
 0 1 1 1 1 1 1 0 1 1 1 1 0 1 1 1 0 1 0 1 1 1 0 0 1 1]
At 20501/30000: COST 0.074/3.408(0.121) -- Acc 0.970/0.400(0.959)
[0 1 1 1 0 0 1 0 1 0 0 0 1 0 0 0 0 1 1 1 0 1 1 1 1 1 1 0 1 1 1 1 1 0 0 1 0
 0 0 1 1 0 0 0 1 1 0 0 0 0 0 0 0 0 0 0 1 0 1 0 1 0 1 0 1 1 1 1 1 0 0 1 1 1
 1 0 0 0 1 1 1 1 1 0 0 0 1 1 1 0 1 0 1 0 0 1 1 0 0 1]
At 20601/30000: COST 0.108/3.476(0.120) -- Acc 0.940/0.460(0.958)
[1 0 1 1 1 1 0 0 0 0 0 1 1 1 1 0 1 1 1 0 0 0 0 0 0 0 1 0 0 0 0 1 1 1 1 0 0
 1 0 0 1 1 0 0 1 0 0 0 0 1 0 0 0 0 0 1 1 0 1 1 1 1 1 1 0 0 1 0 0 1 1 0 0 1
 0 0 1 1 0 1 1 0 1 0 1 1 0 1 0 1 1 1 0 0 1 0 1 1 0 1]
At 20701/30000: COST 0.220/2.994(0.123) -- Acc 0.920/0.460(0.958)
[0 1 0 0 0 1 0 0 1 0 1 1 1 0 1 1 1 0 0 1 0 0 0 1 0 1 1 0 0 1 0 0 0 1 0 0 0
 0 1 1 1 1 0 0 0 0 1 0 0 0 0 0 1 0 0 1 1 0 0 1 0 0 1 0 0 1 0 0 1 0 0 1 0 1
 0 1 0 0 1 0 1 1 0 0 0 1 1 1 1 0 0 0 1 0 0 1 1 1 1 0]
At 20801/30000: COST 0.163/3.101(0.133) -- Acc 0.950/0.450(0.953)
[1 0 0 0 1 1 0 0 0 0 1 1 0 1 1 0 0 1 0 0 1 0 1 0 0 1 0 1 0 1 1 0 1 1 1 1 0
 0 0 1 0 0 1 0 0 1 1 1 1 1 0 0 1 0 0 0 0 1 0 0 0 1 0 1 0 0 1 1 1 1 1 0 1 1
 1 1 1 0 1 0 0 0 0 0 0 1 1 1 0 1 0 1 0 1 1 0 1 1 1 0]
At 20901/30000: COST 0.062/3.423(0.123) -- Acc 0.980/0.430(0.956)
[1 1 0 1 0 0 0 0 1 1 0 1 1 1 0 0 1 1 0 0 0 1 1 0 1 1 1 0 1 0 0 1 1 1 1 1 0
 0 1 0 1 1 1 0 1 0 1 0 0 1 0 0 1 0 1 1 0 1 0 1 0 0 0 1 0 1 0 1 0 0 0 1 1 1
 1 1 0 0 0 0 0 1 0 1 0 0 1 0 0 0 0 1 0 0 0 0 0 0 0 1]
At 21001/30000: COST 0.134/3.329(0.114) -- Acc 0.970/0.390(0.960)
[1 1 1 0 1 1 0 0 1 0 1 0 0 1 0 0 0 0 1 0 1 0 1 1 1 0 0 0 1 1 0 1 0 0 0 0 1
 0 1 0 0 0 0 0 0 1 1 0 1 1 0 1 0 0 1 1 1 1 1 0 0 1 0 1 0 0 1 0 1 0 0 1 1 1
 0 1 0 1 0 0 0 1 0 0 0 0 0 1 0 0 0 1 0 0 1 0 1 0 0 1]
At 21101/30000: COST 0.085/3.581(0.114) -- Acc 0.980/0.460(0.960)
[1 1 1 0 0 0 1 1 0 1 0 1 0 1 0 0 0 0 1 0 0 1 0 0 1 1 1 0 0 0 0 0 0 1 0 1 0
 1 1 1 1 1 1 1 1 1 0 1 1 0 0 1 0 0 1 1 0 1 0 0 1 0 0 0 1 0 1 0 0 0 1 0 0 1
 0 0 0 0 1 1 1 1 1 1 0 0 1 1 1 0 0 1 1 0 1 1 0 0 0 1]
At 21201/30000: COST 0.086/2.731(0.137) -- Acc 0.970/0.480(0.955)
[0 1 0 0 0 0 0 0 0 0 0 0 1 1 1 1 0 0 1 1 1 1 0 1 1 0 0 1 1 1 0 1 1 1 0 0 0
 0 1 0 0 0 0 1 0 0 0 1 0 0 0 1 0 0 1 0 0 0 1 0 1 0 1 0 1 0 1 0 1 1 1 0 1 1
 0 0 0 0 1 0 0 1 0 1 1 1 0 1 1 0 1 0 0 1 1 0 0 1 1 0]
At 21301/30000: COST 0.109/2.964(0.126) -- Acc 0.960/0.450(0.959)
[1 0 0 0 1 0 1 0 1 0 0 1 1 1 1 0 0 1 0 1 0 0 0 1 1 1 1 0 1 0 0 0 0 0 1 0 1
 1 0 1 1 0 1 0 1 1 0 0 0 0 0 0 1 1 1 0 0 0 1 0 1 0 1 0 0 1 1 0 1 0 1 1 0 1
 0 1 0 0 0 1 0 0 1 0 1 1 1 1 0 0 0 1 1 1 0 0 0 0 0 0]
At 21401/30000: COST 0.037/3.530(0.126) -- Acc 1.000/0.420(0.958)
[0 0 0 1 0 1 1 1 0 0 0 0 0 1 0 1 0 1 1 0 1 0 0 1 0 0 0 1 1 0 0 1 1 1 1 0 1
 0 0 1 1 1 0 1 0 0 1 0 0 0 1 0 0 0 0 0 1 0 1 1 1 0 1 1 0 1 0 0 1 0 0 1 0 0
 1 1 1 0 0 1 1 1 0 1 0 0 0 1 0 0 0 1 1 0 1 0 1 0 0 0]
At 21501/30000: COST 0.124/3.231(0.128) -- Acc 0.950/0.430(0.956)
[0 0 0 1 0 1 1 0 0 0 0 1 0 0 1 1 0 0 0 0 1 1 0 0 1 0 0 1 1 1 1 0 1 1 1 0 0
 1 1 1 0 1 0 1 0 1 0 1 1 0 0 1 0 1 1 0 0 1 0 1 1 0 0 0 0 0 1 1 1 1 1 0 1 0
 1 1 1 1 1 1 1 0 0 1 0 0 1 0 1 0 0 1 0 1 0 1 0 1 1 1]
At 21601/30000: COST 0.083/3.471(0.112) -- Acc 0.970/0.450(0.961)
[1 0 0 0 1 0 1 1 0 1 0 1 1 0 0 0 1 0 1 0 0 1 0 0 0 0 0 0 1 0 1 0 0 1 0 0 0
 0 1 1 1 1 1 1 1 1 0 1 0 1 1 0 0 0 1 0 1 1 0 0 0 0 0 1 1 1 1 1 0 1 0 1 1 0
 1 1 0 1 0 0 1 0 0 1 0 1 1 0 1 1 0 1 0 0 1 0 0 0 0 0]
At 21701/30000: COST 0.036/3.478(0.113) -- Acc 0.990/0.390(0.962)
[0 1 0 1 0 0 0 0 0 1 1 0 1 1 1 0 1 0 1 0 0 1 1 1 1 1 0 1 0 0 1 0 0 0 1 0 0
 0 1 1 0 0 0 0 0 0 0 1 1 1 0 0 0 0 1 1 0 0 1 0 0 1 1 0 0 0 1 0 0 1 0 1 0 0
 0 0 1 0 0 0 0 0 1 0 1 0 1 1 0 1 1 0 1 1 0 0 1 0 1 1]
At 21801/30000: COST 0.151/3.353(0.113) -- Acc 0.980/0.450(0.962)
[0 1 0 1 0 1 0 1 1 1 0 0 0 0 0 0 1 0 1 1 0 0 1 0 0 1 1 1 1 0 0 1 0 0 0 1 0
 1 0 0 1 0 1 1 1 1 0 0 0 1 1 1 0 1 0 0 0 0 1 0 1 1 0 0 0 0 0 0 0 1 1 1 1 0
 1 0 1 1 0 0 1 1 0 0 0 0 0 1 0 1 0 0 0 1 1 0 0 1 1 0]
At 21901/30000: COST 0.116/3.807(0.110) -- Acc 0.950/0.450(0.962)
[0 0 1 0 0 0 0 0 1 0 0 1 0 1 0 1 1 0 1 0 1 1 0 0 1 1 1 0 1 1 1 0 1 0 1 0 0
 1 1 0 0 0 0 0 1 0 0 1 0 0 0 0 0 0 1 0 1 1 1 0 1 0 1 0 1 1 1 1 0 1 1 0 1 0
 0 1 1 0 0 1 0 0 0 0 0 1 0 0 1 0 0 1 1 0 0 1 1 1 0 0]
At 22001/30000: COST 0.077/3.155(0.121) -- Acc 0.980/0.410(0.960)
[0 0 1 0 0 0 1 1 0 1 0 1 1 0 0 1 0 0 1 0 1 1 1 1 0 1 0 0 1 0 0 1 1 0 1 1 0
 1 0 1 0 1 0 0 0 1 1 1 1 0 1 1 0 0 1 0 0 1 1 0 0 1 1 1 1 0 0 1 0 1 1 1 1 0
 0 1 1 1 1 0 0 0 0 0 0 1 0 1 1 0 0 0 1 0 0 1 1 0 1 1]
At 22101/30000: COST 0.131/3.325(0.120) -- Acc 0.970/0.440(0.960)
[1 1 0 1 1 1 0 0 0 0 1 0 1 0 1 1 1 0 1 0 0 0 1 1 1 1 0 1 0 0 0 0 0 1 0 1 0
 1 1 0 0 0 1 1 0 0 1 1 1 1 0 0 1 0 1 1 1 0 1 0 0 0 1 1 1 1 1 1 1 0 0 1 1 1
 1 0 0 0 1 1 0 0 1 0 1 1 0 0 1 0 1 0 0 0 1 1 1 1 1 0]
At 22201/30000: COST 0.061/3.395(0.117) -- Acc 0.980/0.430(0.961)
[0 1 1 0 0 0 0 0 0 1 0 1 1 1 0 1 1 0 1 1 0 1 1 1 0 0 0 1 1 0 1 0 1 1 0 0 1
 1 1 0 0 0 1 0 0 0 1 1 1 1 1 1 0 1 1 1 1 0 0 0 1 0 0 0 0 1 0 1 1 0 0 1 0 0
 0 1 0 0 0 0 0 1 0 0 0 1 1 1 1 1 0 0 1 0 1 1 0 0 0 1]
At 22301/30000: COST 0.107/3.090(0.115) -- Acc 0.960/0.510(0.960)
[0 1 0 0 1 1 1 0 1 1 0 0 0 1 0 1 0 0 0 0 1 1 1 0 0 0 0 0 0 0 0 1 1 0 1 0 1
 0 1 1 1 1 1 1 1 1 1 0 0 0 1 0 0 0 0 0 1 1 0 0 1 1 0 1 0 0 0 0 0 1 1 1 1 0
 1 1 0 0 1 1 1 1 1 0 1 0 1 1 1 0 0 0 0 0 1 0 0 0 0 1]
At 22401/30000: COST 0.241/2.869(0.125) -- Acc 0.930/0.460(0.957)
[0 0 0 1 0 1 0 0 0 1 0 1 1 0 1 1 1 0 0 0 0 0 1 1 0 0 0 0 0 0 1 1 1 0 0 0 0
 1 0 1 0 0 1 0 1 0 0 0 0 0 1 1 0 1 0 1 1 1 0 1 0 1 0 0 0 0 0 0 1 1 0 1 0 1
 1 1 1 0 1 0 1 0 0 0 0 1 1 1 0 1 0 0 1 1 1 1 0 0 0 0]
At 22501/30000: COST 0.111/3.349(0.114) -- Acc 0.950/0.430(0.962)
[1 0 0 0 1 0 1 1 0 0 1 1 0 0 0 1 1 0 0 0 0 1 0 0 1 1 0 0 0 1 0 1 0 1 1 1 1
 0 1 0 0 0 0 0 0 1 0 1 1 1 0 1 1 1 1 1 1 1 1 1 1 0 0 1 1 1 0 0 0 1 0 0 1 0
 0 0 1 0 1 0 0 1 0 0 1 1 1 1 0 1 0 0 0 1 0 0 0 1 1 0]
At 22601/30000: COST 0.091/3.107(0.120) -- Acc 0.970/0.470(0.960)
[1 0 1 1 1 0 0 0 1 1 1 1 0 0 1 0 0 1 0 1 0 0 1 0 0 1 1 1 0 0 0 0 1 0 0 0 0
 0 0 0 0 1 1 1 0 1 0 0 1 0 1 0 1 1 0 0 0 1 0 0 0 1 1 1 1 0 1 1 0 0 0 1 1 0
 0 1 1 0 0 1 1 0 1 0 1 1 1 0 1 1 0 1 1 0 1 1 0 0 0 0]
At 22701/30000: COST 0.101/3.200(0.120) -- Acc 0.980/0.480(0.961)
[0 1 0 0 0 0 1 0 1 0 1 1 0 0 0 1 0 0 1 1 1 1 1 1 0 0 1 1 1 0 1 1 0 0 0 0 0
 1 0 1 0 0 1 1 0 1 1 1 0 0 0 0 1 0 1 0 0 1 0 1 1 1 0 0 0 1 1 1 1 0 1 1 0 0
 1 0 1 0 0 0 1 0 0 1 0 1 0 0 1 1 0 1 0 1 0 1 1 1 1 1]
At 22801/30000: COST 0.094/3.533(0.105) -- Acc 0.970/0.450(0.965)
[1 0 1 1 1 1 0 0 0 0 0 0 0 1 1 0 0 1 1 0 1 1 0 1 1 0 0 0 1 0 1 1 1 1 0 0 1
 1 1 0 1 0 0 0 1 0 0 0 1 0 0 1 0 1 0 1 1 1 0 0 0 0 0 0 0 1 0 1 0 1 1 0 1 0
 1 1 0 1 1 0 1 1 1 0 1 1 1 1 0 0 0 0 0 1 0 1 1 1 1 0]
At 22901/30000: COST 0.134/3.346(0.117) -- Acc 0.950/0.430(0.961)
[1 1 1 0 0 1 0 0 1 1 1 1 1 1 1 0 1 1 0 0 0 1 1 1 1 0 1 0 1 0 0 0 0 0 1 1 1
 0 1 0 0 0 1 1 1 1 0 1 0 0 0 0 0 1 1 0 0 0 0 1 0 0 1 1 1 0 0 1 1 1 0 0 0 0
 1 1 0 0 0 1 0 0 1 1 1 0 0 0 0 0 0 0 0 1 0 0 0 0 1 1]
At 23001/30000: COST 0.180/3.221(0.125) -- Acc 0.950/0.450(0.959)
[0 1 1 1 1 0 1 1 1 1 0 0 1 1 0 0 1 1 0 0 0 0 0 1 1 0 1 1 0 0 1 1 1 1 0 1 0
 0 0 1 0 1 0 1 1 0 1 0 1 0 1 0 1 1 0 1 0 0 0 0 1 0 1 0 1 1 1 0 1 1 0 1 1 0
 1 1 1 0 0 1 0 1 1 1 0 1 1 0 1 0 0 0 0 0 0 1 1 1 0 0]
At 23101/30000: COST 0.066/3.260(0.112) -- Acc 1.000/0.460(0.962)
[1 0 0 0 1 0 0 1 0 0 0 0 0 1 1 1 1 1 1 1 1 1 0 0 0 0 0 1 0 0 0 0 1 1 1 1 0
 1 0 1 1 1 0 0 0 0 0 0 1 1 1 0 1 0 1 0 1 1 0 1 0 1 0 1 1 1 1 1 0 0 1 1 0 0
 0 1 0 1 1 0 1 0 1 1 0 1 1 0 1 1 1 1 0 0 0 1 0 0 1 0]
At 23201/30000: COST 0.171/2.928(0.111) -- Acc 0.950/0.500(0.964)
[0 1 0 0 0 0 1 1 0 0 1 1 0 1 0 0 0 0 1 1 1 0 1 0 0 0 1 0 0 0 0 0 1 0 1 0 1
 0 1 1 1 1 0 1 0 1 1 1 1 0 0 1 1 1 0 0 0 1 1 1 1 0 1 0 0 0 1 0 0 0 1 1 0 0
 0 0 1 1 0 0 1 0 1 0 0 0 0 0 1 0 1 0 0 1 1 0 0 0 0 0]
At 23301/30000: COST 0.281/3.284(0.122) -- Acc 0.900/0.410(0.961)
[1 1 0 1 0 1 1 0 0 0 1 1 0 1 1 0 1 1 1 0 1 0 1 0 1 0 0 0 0 0 1 0 1 1 0 1 0
 0 1 1 1 0 1 1 0 1 0 1 1 1 0 1 0 1 1 0 1 0 1 0 1 0 1 1 0 0 0 1 0 1 1 1 1 0
 0 1 1 1 1 0 1 0 0 0 1 0 0 0 1 0 0 0 0 0 0 1 0 0 0 1]
At 23401/30000: COST 0.066/3.046(0.123) -- Acc 0.990/0.470(0.959)
[1 1 0 0 1 0 0 0 0 1 1 1 0 0 0 1 0 0 0 0 0 0 0 1 1 1 1 1 0 1 1 0 1 1 1 1 0
 1 0 1 0 0 0 1 0 0 0 0 0 1 1 1 1 1 1 0 0 0 0 1 0 0 1 0 0 0 0 0 1 1 1 0 0 1
 0 0 1 1 0 0 0 1 1 1 0 0 0 0 1 1 1 0 1 0 0 0 1 0 1 0]
At 23501/30000: COST 0.074/3.001(0.114) -- Acc 0.970/0.490(0.962)
[0 0 0 1 0 1 0 1 1 1 0 0 0 0 0 1 1 0 1 1 0 0 1 1 1 0 1 0 0 0 1 1 0 1 0 0 1
 0 1 1 0 0 1 0 1 1 1 1 0 1 0 0 0 1 0 0 1 0 0 0 0 0 1 0 0 0 1 0 0 0 0 1 1 0
 0 1 0 1 1 0 1 1 1 1 1 1 0 1 0 0 0 1 0 1 1 1 1 0 0 0]
At 23601/30000: COST 0.115/3.004(0.112) -- Acc 0.970/0.470(0.963)
[1 1 0 1 0 0 0 1 1 1 1 1 0 0 1 1 0 0 0 0 1 0 0 0 0 1 1 0 1 0 0 0 1 0 0 1 0
 1 0 0 0 0 0 1 1 0 1 1 1 0 0 1 0 1 1 1 1 1 1 0 0 0 1 0 0 0 0 0 1 1 1 1 1 0
 1 0 1 1 1 0 0 0 0 1 1 0 0 1 0 0 1 1 0 0 0 0 0 0 0 1]
At 23701/30000: COST 0.133/3.573(0.107) -- Acc 0.960/0.400(0.965)
[0 0 0 1 1 0 1 0 0 1 0 0 0 0 0 1 1 1 1 1 0 1 1 0 0 0 1 1 1 1 1 1 1 1 1 0 1
 0 0 0 1 0 1 0 1 1 0 1 1 0 0 0 0 1 0 0 1 0 0 1 0 0 0 0 0 0 0 0 0 1 1 1 1 0
 0 1 1 0 0 0 0 1 1 0 0 0 0 1 0 1 0 1 1 1 0 0 0 0 0 0]
At 23801/30000: COST 0.061/3.103(0.111) -- Acc 0.990/0.440(0.964)
[1 1 1 0 1 0 1 0 1 0 1 1 0 1 1 1 0 1 1 0 0 1 1 1 1 1 0 1 1 0 0 1 0 0 0 1 0
 1 0 0 1 1 0 1 0 1 0 1 0 0 0 1 1 0 1 0 1 0 0 0 0 0 0 0 1 1 0 1 0 0 0 1 0 0
 1 1 1 0 1 1 0 0 0 1 0 0 0 0 0 1 1 1 0 0 1 1 1 1 0 1]
At 23901/30000: COST 0.144/3.345(0.113) -- Acc 0.970/0.430(0.964)
[0 0 0 0 0 1 1 1 0 0 0 0 1 1 0 1 1 1 1 1 0 0 1 0 0 0 0 1 0 1 0 1 1 0 0 0 1
 0 1 1 1 1 0 1 0 1 1 0 1 0 0 1 1 1 0 1 1 0 1 0 0 0 0 0 1 1 1 0 1 1 0 0 0 1
 1 0 1 1 0 0 0 0 1 1 0 0 1 0 0 1 0 0 1 1 1 1 0 1 1 0]
At 24001/30000: COST 0.191/3.703(0.100) -- Acc 0.960/0.420(0.966)
[1 1 1 0 1 0 0 1 0 0 0 0 0 1 1 1 1 1 0 1 1 1 1 0 1 1 0 0 0 1 1 0 1 1 0 1 1
 0 0 0 0 1 0 0 1 0 1 0 0 0 0 0 1 0 1 0 1 0 0 1 0 1 1 1 0 0 0 0 0 0 0 0 0 1
 1 0 0 0 1 0 1 0 1 1 1 1 0 0 0 1 0 1 1 1 1 0 0 0 0 1]
At 24101/30000: COST 0.161/3.393(0.120) -- Acc 0.950/0.430(0.958)
[1 0 1 1 1 0 1 0 0 1 1 1 0 0 1 0 0 0 0 1 0 0 0 1 1 0 0 1 0 1 0 1 0 0 1 0 1
 0 0 1 0 0 0 1 0 0 1 0 0 0 0 0 1 1 1 0 1 0 0 1 1 0 1 1 0 0 1 1 0 1 0 1 1 1
 0 1 0 0 0 0 1 0 0 1 1 0 0 0 0 1 0 1 0 1 1 1 1 1 1 0]
At 24201/30000: COST 0.094/2.883(0.127) -- Acc 0.980/0.390(0.959)
[1 1 0 0 0 1 0 0 1 1 1 0 0 0 1 0 0 0 1 0 0 0 1 0 1 1 1 1 0 1 1 0 0 0 1 0 1
 1 1 1 0 1 1 1 0 0 1 0 1 1 0 1 0 0 0 1 0 0 0 1 0 1 1 1 0 0 1 0 0 0 0 1 1 0
 1 0 1 0 0 1 1 0 0 0 0 0 0 0 0 1 1 0 1 0 0 0 0 0 1 0]
At 24301/30000: COST 0.068/2.733(0.133) -- Acc 0.980/0.360(0.957)
[0 0 1 0 0 0 1 1 1 1 0 1 0 1 0 1 1 0 0 1 0 1 1 1 1 0 0 0 0 0 1 1 0 0 0 0 0
 0 1 0 0 1 0 0 0 1 1 0 0 0 0 1 1 0 0 1 1 1 1 0 0 0 1 0 1 1 1 0 0 0 0 0 0 1
 0 1 0 0 1 1 0 1 1 0 1 1 0 1 0 0 0 1 0 1 0 1 0 0 0 1]
At 24401/30000: COST 0.053/2.929(0.132) -- Acc 0.990/0.420(0.956)
[0 0 1 1 0 1 1 0 0 1 1 0 0 0 1 0 0 0 1 0 1 1 0 0 0 0 1 1 0 0 0 0 0 0 0 1 1
 1 0 1 1 1 1 0 1 0 1 0 0 1 0 0 0 1 1 0 1 1 0 1 1 0 1 0 0 1 1 0 1 1 0 0 1 1
 0 1 0 0 0 1 1 0 0 1 0 1 0 0 0 1 0 0 0 0 1 1 1 1 0 1]
At 24501/30000: COST 0.150/2.723(0.125) -- Acc 0.950/0.450(0.959)
[1 1 1 1 0 0 1 1 0 0 0 1 0 1 0 0 0 0 0 1 0 1 1 0 0 0 1 1 1 1 0 1 0 1 1 0 0
 1 0 1 0 0 0 1 1 1 0 0 0 1 1 1 1 0 0 0 1 1 0 1 1 1 0 0 1 0 0 0 1 1 1 0 0 0
 0 0 1 1 0 1 1 1 1 1 0 0 0 0 1 1 1 1 1 1 1 0 0 1 1 1]
At 24601/30000: COST 0.125/2.944(0.117) -- Acc 0.960/0.420(0.962)
[1 0 0 0 0 1 0 0 0 1 0 1 1 1 0 0 0 1 1 1 1 1 0 1 1 0 0 0 1 1 0 0 0 1 1 0 1
 0 1 0 0 1 1 1 0 0 0 0 1 0 1 1 0 0 0 0 1 0 1 1 0 0 1 1 1 0 0 1 0 0 0 1 1 0
 0 0 1 0 1 1 1 1 1 1 0 1 1 0 0 0 0 0 0 0 1 1 1 1 1 0]
At 24701/30000: COST 0.182/3.061(0.113) -- Acc 0.940/0.450(0.964)
[0 1 1 0 0 1 1 0 1 0 0 0 1 1 1 1 0 0 1 0 1 0 0 1 0 1 0 0 0 0 1 0 0 1 1 0 0
 0 0 1 0 0 0 0 0 0 0 1 1 1 1 1 1 1 0 0 0 0 1 1 0 0 1 1 0 0 1 0 1 1 0 0 0 0
 0 0 1 1 0 0 1 0 0 1 0 0 0 1 1 0 1 0 1 1 1 1 1 1 0 1]
At 24801/30000: COST 0.080/3.174(0.113) -- Acc 0.980/0.440(0.961)
[0 1 0 0 1 0 0 1 0 0 1 0 0 1 1 1 1 0 1 1 0 1 1 0 0 1 0 0 1 1 1 0 1 1 1 0 0
 1 0 1 0 0 1 1 0 1 1 1 0 0 1 0 1 0 1 0 0 1 1 0 0 0 1 1 1 0 1 0 0 0 1 0 0 0
 0 0 1 1 0 1 1 1 0 0 1 1 0 0 0 1 1 0 1 0 1 0 1 1 0 1]
At 24901/30000: COST 0.178/2.980(0.126) -- Acc 0.950/0.390(0.960)
[1 1 1 0 0 0 0 1 0 0 0 1 0 0 0 0 1 0 0 0 0 1 0 0 0 1 1 1 1 0 0 0 1 0 0 1 1
 1 0 0 1 0 0 1 0 0 0 0 1 1 1 0 1 0 1 0 0 0 0 0 0 0 1 1 0 1 0 0 0 0 0 0 1 0
 1 1 1 0 0 0 1 0 0 1 1 0 0 0 0 1 1 1 1 0 0 1 1 1 0 1]
At 25001/30000: COST 0.106/3.136(0.118) -- Acc 0.970/0.450(0.962)
[1 1 1 1 0 1 0 1 1 0 1 0 0 0 1 1 1 0 1 1 0 1 0 0 1 0 1 0 1 1 0 0 0 0 1 1 0
 0 0 1 1 0 1 1 0 1 0 1 1 1 1 0 0 0 1 0 0 0 0 0 0 1 1 1 1 1 1 1 0 1 1 0 0 1
 0 1 1 0 1 0 1 0 1 0 0 0 0 1 1 1 0 0 1 0 1 1 0 1 1 0]
At 25101/30000: COST 0.094/3.159(0.111) -- Acc 0.960/0.440(0.963)
[1 0 0 0 0 0 1 0 0 0 1 0 1 0 0 1 1 0 0 1 0 0 0 1 1 0 0 1 1 1 1 0 1 0 1 0 1
 0 0 1 1 1 0 1 1 1 0 0 0 0 0 1 0 1 1 0 0 0 0 1 1 1 0 1 1 0 1 0 1 0 0 1 1 1
 0 1 0 0 0 0 0 0 1 1 1 1 1 0 1 0 1 0 0 1 1 1 1 1 1 0]
At 25201/30000: COST 0.133/3.096(0.110) -- Acc 0.940/0.500(0.964)
[0 1 1 1 0 0 0 0 0 1 1 0 0 1 1 0 1 0 1 0 0 0 0 0 0 1 0 1 1 1 1 0 0 1 0 1 0
 1 0 1 0 1 1 1 0 1 0 0 0 0 1 1 1 1 1 1 1 1 1 0 0 1 1 0 0 0 1 1 0 1 0 1 0 1
 0 0 0 1 0 1 0 0 0 0 1 0 0 0 0 0 0 1 0 0 0 0 1 0 1 1]
At 25301/30000: COST 0.093/3.559(0.100) -- Acc 0.930/0.480(0.967)
[0 0 0 0 1 0 1 0 0 1 1 0 1 0 0 0 1 1 0 0 1 0 0 1 1 0 0 1 0 1 1 1 1 0 0 1 0
 0 1 0 0 1 0 0 1 0 1 1 1 0 1 1 1 0 1 1 0 0 1 1 1 0 0 1 1 0 0 1 1 0 1 1 0 1
 0 0 0 0 0 0 0 0 1 1 0 0 1 0 1 0 0 0 0 0 1 0 1 0 1 0]
At 25401/30000: COST 0.131/3.054(0.109) -- Acc 0.950/0.470(0.965)
[0 1 1 1 1 1 0 0 1 1 0 1 0 1 0 1 0 0 0 0 1 1 1 1 1 1 0 0 1 0 1 0 0 0 1 1 1
 0 1 0 0 0 1 1 1 0 0 1 1 0 0 1 0 1 0 1 0 0 1 1 0 0 0 1 1 0 1 1 0 1 0 0 0 0
 0 0 0 0 0 0 0 0 0 0 1 1 0 0 1 1 1 0 1 0 1 1 0 1 0 0]
At 25501/30000: COST 0.146/3.652(0.101) -- Acc 0.940/0.390(0.967)
[1 0 0 0 0 0 0 1 0 1 0 0 1 0 1 0 1 1 0 1 0 1 0 1 0 0 1 1 1 1 0 1 0 0 0 0 1
 1 0 0 0 1 0 0 1 0 0 0 1 1 1 1 1 0 1 1 1 0 1 1 1 1 0 0 1 0 1 1 0 0 0 1 1 1
 0 1 0 0 0 1 1 1 1 1 0 0 0 0 0 1 0 1 1 0 1 1 1 0 0 1]
At 25601/30000: COST 0.112/3.416(0.104) -- Acc 0.980/0.450(0.966)
[1 0 1 0 0 0 1 0 1 1 1 1 1 0 1 1 0 0 1 0 1 0 0 1 1 1 1 1 1 0 0 0 1 0 0 0 1
 0 1 1 1 0 1 0 1 0 0 1 0 1 0 1 1 0 0 0 0 0 0 0 1 1 1 1 1 1 0 1 0 0 1 1 0 1
 1 0 0 1 1 0 0 0 1 0 0 1 0 0 0 1 0 0 0 1 0 1 0 0 0 0]
At 25701/30000: COST 0.125/3.450(0.102) -- Acc 0.970/0.500(0.966)
[1 1 1 0 1 0 0 0 1 0 1 1 0 1 1 0 0 0 0 0 1 0 0 1 1 1 0 0 1 0 1 0 1 1 1 1 0
 0 1 1 0 1 0 1 0 1 0 1 1 0 1 0 1 0 0 1 0 1 0 1 0 1 1 0 0 1 0 1 1 1 1 0 0 0
 1 0 1 1 1 1 0 1 1 0 1 1 0 0 0 0 0 0 0 0 1 0 1 1 1 0]
At 25801/30000: COST 0.070/3.793(0.094) -- Acc 0.990/0.460(0.968)
[1 0 1 1 0 0 0 0 0 1 0 1 0 0 1 0 1 1 1 0 0 1 1 0 0 0 0 1 1 0 1 1 1 0 0 0 1
 1 1 0 1 1 0 0 0 0 1 1 0 1 0 1 0 1 0 0 1 1 0 1 1 0 0 1 0 1 1 1 0 1 0 0 0 1
 0 0 0 1 1 0 1 0 0 1 1 1 0 0 1 0 0 0 1 0 0 1 1 0 0 0]
At 25901/30000: COST 0.044/3.375(0.094) -- Acc 0.990/0.450(0.969)
[1 1 0 0 1 0 0 0 1 1 1 0 0 0 1 0 0 0 0 1 0 0 1 0 1 0 1 0 0 0 0 1 0 1 1 1 0
 0 0 1 1 1 0 0 0 1 1 0 0 0 0 0 0 0 0 1 0 1 1 0 1 0 0 1 0 1 0 0 1 1 1 1 1 0
 0 0 1 1 0 1 1 0 1 1 0 0 0 0 1 0 0 0 0 0 0 1 0 0 1 1]
At 26001/30000: COST 0.293/3.319(0.114) -- Acc 0.910/0.400(0.962)
[0 1 1 0 0 0 0 0 1 1 1 0 1 0 1 0 1 1 0 0 1 0 1 0 0 1 0 0 0 1 0 0 0 1 1 0 0
 1 0 1 1 0 0 1 0 1 0 0 0 1 1 0 0 0 1 1 0 0 1 0 1 0 0 1 0 0 1 1 0 0 0 1 0 0
 1 0 0 1 0 0 0 1 1 1 0 0 0 1 1 0 0 0 0 0 0 0 0 0 0 0]
At 26101/30000: COST 0.100/3.214(0.110) -- Acc 0.960/0.460(0.965)
[1 0 0 1 1 0 0 0 0 0 0 0 1 1 0 1 1 0 1 0 0 0 1 0 1 0 0 0 1 0 0 1 1 1 0 0 0
 0 1 1 1 1 0 1 0 1 0 1 1 1 1 0 1 1 0 0 0 1 1 1 1 0 0 1 1 0 0 0 1 0 0 1 0 0
 1 0 1 0 0 0 0 0 1 1 1 1 1 1 0 1 1 0 0 0 0 1 0 0 0 1]
At 26201/30000: COST 0.203/3.167(0.108) -- Acc 0.950/0.450(0.967)
[1 0 0 1 0 0 1 1 0 0 1 1 1 1 0 0 0 0 1 0 0 1 1 1 0 0 1 0 1 1 1 0 0 1 1 1 0
 1 0 1 1 0 0 0 0 1 1 1 1 1 1 0 0 0 0 0 0 0 0 0 0 0 0 0 0 1 0 1 0 1 1 1 0 0
 1 1 1 1 1 0 0 0 1 1 0 0 1 0 1 0 0 1 0 0 0 1 1 0 0 0]
At 26301/30000: COST 0.097/3.249(0.104) -- Acc 0.990/0.480(0.967)
[1 1 0 1 0 1 0 0 0 0 1 0 0 1 0 0 1 1 0 1 1 0 0 0 0 0 0 1 1 0 0 1 0 0 1 1 0
 0 1 0 1 0 0 0 0 1 1 0 0 0 0 1 1 0 0 0 1 0 1 1 1 1 1 1 1 1 0 0 0 0 0 0 0 0
 1 0 1 0 0 0 0 0 0 1 0 0 1 1 0 1 1 0 0 0 1 1 0 1 0 0]
At 26401/30000: COST 0.117/3.147(0.112) -- Acc 0.970/0.410(0.965)
[0 0 1 0 1 1 0 0 0 0 0 0 0 0 0 0 1 0 1 1 1 0 0 0 1 0 1 1 0 1 0 1 1 0 1 0 0
 1 0 0 0 0 0 0 0 1 1 0 0 0 0 1 1 1 1 1 1 0 1 1 1 1 0 0 0 1 0 1 0 0 1 1 0 0
 0 0 0 1 0 1 0 0 0 1 1 0 0 0 1 1 1 1 1 0 0 0 1 0 1 0]
At 26501/30000: COST 0.091/2.825(0.118) -- Acc 0.980/0.510(0.962)
[0 0 0 0 0 0 1 1 1 0 1 1 0 0 0 0 0 0 1 1 0 0 0 0 0 1 0 1 1 0 1 0 0 0 0 1 1
 1 1 1 1 0 0 1 1 0 1 1 0 1 1 1 1 0 0 0 0 0 1 0 0 0 0 0 0 1 1 0 0 0 1 1 1 0
 1 1 1 1 1 0 0 0 0 1 0 1 0 0 1 1 0 0 1 0 1 0 0 0 0 1]
At 26601/30000: COST 0.089/2.891(0.129) -- Acc 0.970/0.440(0.957)
[1 0 0 0 1 0 0 0 1 1 0 0 1 0 1 1 0 0 1 0 0 0 1 0 0 0 0 0 1 0 0 1 1 0 1 0 1
 0 0 0 0 0 1 0 0 0 0 0 0 0 1 0 0 1 0 0 0 1 0 0 0 1 0 0 1 1 0 1 1 1 0 0 0 1
 0 0 1 0 0 1 0 1 0 0 0 1 1 1 1 1 0 0 1 1 1 0 1 1 1 1]
At 26701/30000: COST 0.054/2.906(0.117) -- Acc 0.980/0.470(0.962)
[0 1 0 1 0 1 1 0 1 0 0 0 0 0 0 1 1 0 0 0 1 1 0 0 1 0 1 1 1 1 0 1 0 1 1 1 1
 0 0 1 0 1 0 1 0 1 1 1 0 1 0 1 1 0 0 1 1 0 0 1 1 0 0 0 1 0 0 0 1 1 0 0 1 0
 0 0 0 0 1 0 0 0 1 0 1 1 1 1 0 0 0 0 1 1 0 1 0 1 0 0]
At 26801/30000: COST 0.031/3.050(0.105) -- Acc 0.990/0.490(0.966)
[1 1 0 0 1 1 1 0 0 0 0 0 1 0 1 1 0 1 0 0 0 1 1 0 0 1 1 1 1 1 0 0 1 0 0 1 1
 1 0 0 1 0 1 1 0 0 0 1 0 0 0 0 1 0 1 1 1 1 0 0 1 1 1 0 1 0 1 0 0 0 1 0 1 0
 1 0 0 1 0 1 0 1 0 0 0 0 0 0 0 0 0 0 0 1 1 0 0 0 1 1]
At 26901/30000: COST 0.049/2.907(0.125) -- Acc 0.990/0.470(0.961)
[1 1 0 0 0 1 1 0 1 1 0 0 0 0 0 0 0 1 0 0 0 1 1 1 0 0 0 0 1 0 0 1 0 0 1 0 0
 1 0 1 1 1 0 0 1 0 1 1 0 1 0 1 1 0 0 0 1 1 0 0 0 1 0 0 0 0 0 1 0 1 1 0 0 1
 1 1 1 0 0 1 0 1 0 0 0 0 0 1 1 1 1 0 1 0 1 0 0 0 1 0]
At 27001/30000: COST 0.094/3.478(0.106) -- Acc 0.970/0.430(0.967)
[1 0 0 1 1 1 0 0 0 1 0 1 1 1 0 1 1 1 0 1 1 1 0 0 1 1 1 0 0 0 0 1 0 1 1 0 0
 0 0 1 0 1 1 0 0 1 0 0 0 0 0 0 0 0 1 0 1 0 0 1 0 0 1 1 0 0 0 1 0 0 0 0 1 0
 1 0 0 0 1 0 1 1 1 0 0 0 1 0 1 0 1 1 0 0 1 0 1 1 1 1]
At 27101/30000: COST 0.051/3.320(0.092) -- Acc 0.990/0.480(0.970)
[0 0 0 0 0 0 0 0 0 0 0 1 1 1 1 1 0 1 0 1 1 1 1 1 1 0 1 0 0 0 1 0 1 0 0 0 0
 1 0 0 1 1 1 0 1 1 0 0 1 0 0 1 1 0 1 1 0 0 1 1 0 0 1 0 1 1 1 1 0 1 0 1 1 0
 1 1 1 0 1 0 0 0 1 1 0 0 0 1 1 1 0 1 0 1 1 0 0 1 0 0]
At 27201/30000: COST 0.034/3.231(0.089) -- Acc 0.990/0.460(0.972)
[0 1 0 0 0 0 0 1 1 0 0 0 1 1 1 0 1 0 0 1 0 1 0 1 1 0 1 1 1 1 0 0 0 1 0 0 1
 0 1 1 0 1 0 1 0 1 1 0 0 0 0 1 0 1 0 0 0 1 0 0 0 0 0 0 1 0 1 1 0 0 0 0 0 1
 1 1 0 1 1 0 1 0 0 1 1 0 1 0 1 0 0 0 0 1 1 0 0 0 1 0]
At 27301/30000: COST 0.062/2.770(0.097) -- Acc 0.990/0.470(0.969)
[1 1 1 0 0 1 1 1 1 0 0 1 1 0 0 0 0 1 0 1 1 0 1 0 1 0 0 1 1 0 1 1 1 1 1 0 1
 1 0 0 1 1 0 0 1 1 0 0 1 0 1 1 1 1 1 0 0 0 1 0 1 0 0 1 0 1 0 1 0 1 1 0 0 0
 0 0 0 1 1 0 0 0 1 1 0 0 0 0 1 0 1 1 0 0 1 0 0 0 0 1]
At 27401/30000: COST 0.108/3.116(0.098) -- Acc 0.960/0.440(0.968)
[0 0 1 0 1 1 1 0 1 0 1 1 0 0 1 0 1 1 0 0 0 0 1 1 1 0 1 0 1 1 0 0 0 0 0 1 1
 0 1 1 0 0 1 1 1 1 0 1 1 1 1 0 0 0 0 1 1 1 1 1 0 1 0 1 1 0 1 0 0 0 1 1 1 1
 0 0 1 1 0 0 1 1 0 0 0 0 0 1 1 1 0 0 0 1 0 0 1 1 1 1]
At 27501/30000: COST 0.251/3.291(0.094) -- Acc 0.930/0.480(0.969)
[0 0 0 0 0 0 1 1 1 0 0 1 0 0 1 0 0 0 1 0 0 1 0 1 0 1 1 1 1 1 0 0 1 1 0 1 0
 1 1 0 1 0 1 0 1 1 0 0 1 0 0 1 0 0 0 0 0 1 0 0 0 0 1 1 1 1 0 0 1 0 0 1 1 1
 1 1 1 0 0 0 0 1 1 1 0 0 1 0 1 1 0 0 1 0 0 1 1 0 0 1]
At 27601/30000: COST 0.042/3.453(0.098) -- Acc 1.000/0.430(0.967)
[0 0 0 1 1 1 1 0 0 1 0 1 1 0 1 0 0 1 0 0 1 0 1 1 1 0 0 1 0 1 1 1 1 1 0 0 0
 0 0 1 0 0 0 1 0 0 0 1 1 1 0 1 1 0 1 0 1 1 1 0 0 1 0 0 0 0 0 1 0 1 1 1 0 1
 0 0 1 0 1 0 0 1 1 0 1 0 1 1 0 1 0 1 1 0 1 1 0 0 1 0]
At 27701/30000: COST 0.068/3.524(0.095) -- Acc 0.970/0.420(0.968)
[0 0 0 1 0 1 1 0 0 1 1 0 1 1 0 0 1 0 1 1 0 1 1 0 0 1 1 1 1 0 1 1 1 0 1 1 1
 0 1 1 0 1 0 0 1 0 1 0 1 0 0 0 1 0 0 0 1 0 1 0 0 0 1 0 0 1 1 1 1 0 1 0 1 0
 0 1 1 1 0 0 0 0 0 1 0 0 0 1 1 1 1 0 0 1 0 0 1 1 0 1]
At 27801/30000: COST 0.105/2.917(0.106) -- Acc 0.960/0.470(0.966)
[0 0 1 1 0 0 1 1 1 0 0 0 0 0 0 1 1 1 1 1 0 0 0 1 0 0 1 1 0 0 1 0 0 1 1 1 1
 0 1 1 0 1 1 0 1 1 1 1 1 1 1 1 1 0 0 0 1 0 0 0 1 1 1 0 0 1 0 0 1 0 1 1 0 0
 0 0 0 0 1 1 0 1 1 0 1 0 1 0 0 1 1 0 1 1 0 0 0 0 1 1]
At 27901/30000: COST 0.046/3.438(0.100) -- Acc 0.990/0.380(0.969)
[1 0 0 0 0 1 0 0 1 0 0 0 1 1 1 1 0 1 0 0 1 1 1 0 1 1 0 1 1 0 1 0 0 1 0 0 1
 0 1 1 1 0 1 0 0 0 0 1 0 0 0 0 0 0 0 1 0 1 1 0 1 0 0 0 1 0 1 0 0 1 0 0 1 1
 0 1 0 1 1 0 1 0 0 0 0 0 1 0 1 1 0 1 1 0 1 0 0 0 1 0]
At 28001/30000: COST 0.089/2.966(0.093) -- Acc 0.970/0.460(0.969)
[0 1 1 1 0 0 1 1 0 0 1 1 1 1 1 1 0 0 1 0 0 1 1 1 1 1 0 1 0 1 0 1 0 0 0 1 1
 1 0 0 1 0 0 0 1 1 0 0 0 0 1 0 0 1 0 0 1 1 0 0 0 0 1 0 1 0 1 1 0 1 0 0 1 0
 1 1 1 0 0 0 0 1 0 1 0 0 1 0 1 0 0 1 1 0 1 0 1 0 1 1]
At 28101/30000: COST 0.175/2.965(0.105) -- Acc 0.960/0.440(0.967)
[0 0 1 1 1 0 0 1 0 0 1 0 1 0 1 0 0 1 0 1 1 1 1 0 0 0 0 0 0 0 1 1 0 0 1 1 1
 1 0 1 1 0 1 0 0 0 1 1 0 0 1 1 0 0 0 1 0 0 0 1 1 0 1 0 1 0 0 0 1 1 1 1 0 1
 1 1 1 1 1 0 1 0 1 0 1 0 0 0 0 0 1 1 1 0 0 0 0 1 1 0]
At 28201/30000: COST 0.036/3.333(0.104) -- Acc 0.990/0.470(0.967)
[0 0 1 1 1 1 1 0 0 0 1 1 0 0 1 1 0 1 1 1 1 0 0 1 0 1 0 1 1 1 0 0 1 1 1 1 0
 0 0 0 0 0 1 1 0 0 1 1 0 1 1 0 1 0 0 0 0 0 1 0 0 0 0 0 1 0 1 0 0 0 0 1 0 1
 1 1 1 0 0 1 0 0 0 1 0 1 0 0 1 0 0 0 0 0 0 0 1 0 1 0]
At 28301/30000: COST 0.099/3.333(0.099) -- Acc 0.970/0.400(0.968)
[0 1 1 0 0 1 1 1 0 0 0 0 0 0 1 0 0 0 0 1 1 0 1 0 1 0 1 1 1 1 0 1 0 1 0 1 0
 1 0 0 0 0 0 1 1 0 1 1 0 0 0 1 0 1 0 1 1 1 1 1 0 0 0 0 1 1 1 0 1 0 0 1 0 0
 0 0 1 1 1 1 0 0 1 1 0 0 0 1 1 1 1 1 0 1 0 1 1 0 0 0]
At 28401/30000: COST 0.180/3.139(0.097) -- Acc 0.950/0.470(0.968)
[0 0 1 0 0 1 0 1 1 0 1 1 1 1 1 0 0 0 1 1 1 1 0 1 1 0 0 0 0 1 0 1 1 0 0 0 0
 0 1 1 0 1 0 1 0 0 1 1 1 0 1 0 1 1 1 0 0 1 0 1 1 0 1 0 0 1 0 0 0 0 1 0 1 0
 1 0 0 1 0 1 1 0 0 0 0 1 0 0 1 0 0 0 1 0 1 1 0 1 1 0]
At 28501/30000: COST 0.036/3.317(0.101) -- Acc 0.990/0.400(0.966)
[0 0 1 1 1 0 0 0 1 0 1 0 1 1 1 1 1 0 0 1 0 1 0 0 0 1 1 1 1 1 1 1 0 0 0 0 0
 0 0 1 0 1 0 0 0 1 1 0 0 1 1 0 0 0 0 1 0 1 0 1 0 1 0 1 1 0 1 0 0 1 0 0 0 1
 0 0 0 0 1 0 1 1 1 1 0 1 0 1 1 1 0 0 0 0 1 0 1 1 1 0]
At 28601/30000: COST 0.271/3.257(0.099) -- Acc 0.940/0.420(0.969)
[0 1 1 1 1 1 1 0 0 0 1 1 0 1 1 1 0 1 0 1 0 0 1 0 1 1 0 0 0 1 0 0 0 1 1 1 1
 0 1 1 0 1 1 0 0 0 1 0 0 0 1 0 1 1 0 0 0 0 1 0 0 0 1 0 1 1 0 0 0 0 1 1 0 1
 1 0 1 0 1 0 1 0 0 0 1 0 0 1 1 0 1 0 0 1 0 1 0 1 1 1]
At 28701/30000: COST 0.119/3.207(0.104) -- Acc 0.970/0.440(0.967)
[1 0 0 0 1 0 1 0 1 0 1 1 1 1 0 1 0 0 1 0 1 1 1 1 1 1 1 0 0 0 0 0 1 0 1 0 0
 1 1 0 1 0 0 0 0 1 0 0 1 1 0 0 0 0 0 0 0 0 0 0 0 0 0 1 0 1 1 0 0 1 1 1 1 1
 0 0 1 0 0 0 0 0 0 0 1 1 0 0 0 1 1 1 0 0 1 1 0 1 1 0]
At 28801/30000: COST 0.168/3.267(0.101) -- Acc 0.940/0.420(0.967)
[1 0 1 1 1 1 1 1 1 0 0 1 0 1 0 1 0 1 0 0 1 0 1 1 0 1 1 0 1 1 1 0 0 1 1 1 0
 0 1 1 1 1 1 0 1 1 1 0 0 0 0 0 1 0 0 1 1 0 1 1 1 0 1 0 1 0 1 0 1 0 1 0 0 0
 1 1 0 1 0 0 0 0 1 0 0 0 0 0 1 1 1 1 0 0 0 0 1 0 0 0]
At 28901/30000: COST 0.083/3.164(0.109) -- Acc 0.980/0.440(0.964)
[0 0 1 0 0 0 1 0 0 1 1 0 1 1 1 1 0 0 1 0 1 0 1 1 0 1 1 0 0 1 1 0 1 1 1 1 1
 1 0 1 0 1 1 1 1 1 1 1 0 0 1 0 0 0 1 0 1 1 0 0 0 1 0 0 0 0 1 1 1 0 1 0 1 0
 0 1 1 0 0 0 0 1 0 0 0 1 1 1 1 0 0 0 1 1 1 0 0 1 1 0]
At 29001/30000: COST 0.191/3.371(0.098) -- Acc 0.930/0.450(0.968)
[1 0 1 0 1 0 1 0 0 0 1 0 0 0 1 1 1 0 0 1 0 0 0 1 1 0 1 0 1 1 1 0 0 1 1 0 0
 1 0 0 1 0 1 0 0 1 1 1 1 0 0 1 1 1 0 0 0 1 0 1 1 1 1 0 0 1 0 0 0 0 0 0 0 0
 0 1 0 0 0 1 0 0 1 1 0 1 1 1 1 1 0 0 1 1 1 1 0 0 1 1]
At 29101/30000: COST 0.067/3.243(0.091) -- Acc 0.980/0.470(0.971)
[0 0 1 0 1 1 0 0 0 1 0 1 1 1 1 0 0 0 1 1 1 0 1 1 0 1 0 0 0 1 0 1 0 0 0 1 1
 0 1 0 0 1 1 0 0 1 0 0 1 0 0 1 0 0 0 0 0 0 1 1 1 0 1 1 1 1 0 0 1 0 1 1 1 0
 1 0 0 0 0 0 1 1 0 0 1 0 1 0 0 0 0 0 1 0 1 1 0 0 1 0]
At 29201/30000: COST 0.021/3.373(0.087) -- Acc 1.000/0.430(0.974)
[1 0 0 1 0 0 0 1 0 1 1 1 0 0 1 1 1 1 1 0 1 0 1 0 1 0 0 0 1 1 1 1 0 1 0 0 0
 0 0 1 1 0 1 1 0 0 1 0 1 0 1 0 0 1 1 0 0 0 0 1 1 1 0 1 1 1 1 0 0 1 1 1 1 0
 0 0 1 0 0 0 0 0 1 0 1 1 0 0 1 0 0 1 1 0 0 1 1 0 1 1]
At 29301/30000: COST 0.033/3.652(0.087) -- Acc 1.000/0.430(0.973)
[0 0 1 0 1 1 0 0 0 0 1 0 0 0 1 1 0 0 1 1 1 0 1 0 1 0 1 0 1 1 0 0 1 1 1 0 1
 0 1 1 1 1 0 0 1 1 1 1 0 0 1 1 0 1 0 0 0 0 1 1 1 0 0 1 0 1 0 1 1 0 1 1 0 1
 1 0 0 0 1 0 0 0 1 1 0 1 1 0 1 0 1 1 0 1 1 0 0 0 0 0]
At 29401/30000: COST 0.088/3.148(0.093) -- Acc 0.970/0.430(0.972)
[0 0 1 1 1 0 0 1 0 1 1 1 0 0 1 1 1 0 1 0 1 1 0 1 0 0 1 0 0 0 0 1 1 0 1 0 0
 1 1 1 1 0 1 0 0 1 1 0 0 1 0 0 1 1 0 1 1 1 1 0 0 0 1 0 1 0 0 0 0 0 0 0 1 0
 0 1 0 0 0 1 0 1 0 1 0 1 1 0 0 0 0 1 1 1 1 0 1 1 1 1]
At 29501/30000: COST 0.124/3.426(0.087) -- Acc 0.970/0.440(0.972)
[0 1 0 0 0 0 0 0 1 0 0 1 1 1 1 1 1 0 1 0 0 1 1 1 0 1 0 0 0 1 1 0 0 0 1 0 0
 0 1 1 0 0 1 0 0 0 1 1 1 0 0 0 0 1 1 0 1 0 1 1 1 0 1 1 0 0 1 1 1 1 0 1 1 0
 0 0 1 0 0 1 1 0 0 1 0 1 0 1 1 1 1 1 0 0 0 1 0 1 1 1]
At 29601/30000: COST 0.042/3.728(0.093) -- Acc 0.980/0.430(0.969)
[0 1 1 0 0 1 1 0 0 0 1 1 0 1 1 0 0 0 0 1 0 0 1 0 1 0 1 1 1 1 0 1 0 1 0 1 1
 0 1 0 0 1 0 0 0 0 0 0 1 1 0 0 1 1 1 1 0 0 0 0 0 1 0 0 0 1 1 1 0 0 0 0 1 0
 1 0 0 0 0 1 0 1 0 0 1 1 1 0 1 0 1 1 1 0 1 1 1 0 1 0]
At 29701/30000: COST 0.059/3.080(0.096) -- Acc 0.970/0.450(0.968)
[1 1 0 1 1 1 1 1 1 1 1 1 0 0 1 1 0 0 1 1 1 1 0 1 0 0 0 0 1 1 1 0 1 1 0 0 1
 1 1 0 0 0 0 0 0 1 0 1 1 0 1 1 0 1 1 1 1 1 0 0 0 0 0 0 1 1 0 0 0 0 0 1 0 1
 0 0 1 0 0 0 0 0 0 0 0 0 1 0 0 0 0 0 1 0 1 1 0 1 0 0]
At 29801/30000: COST 0.069/3.138(0.097) -- Acc 0.970/0.490(0.969)
[1 1 0 0 1 1 0 0 1 0 0 0 1 0 0 1 0 0 1 0 0 0 0 0 1 1 1 1 1 0 0 1 0 0 0 1 0
 0 1 1 1 1 0 1 1 1 0 1 1 0 0 1 0 0 0 0 1 0 1 0 0 1 0 0 0 1 1 0 1 0 0 1 0 1
 1 1 0 1 1 1 0 1 1 1 0 1 1 0 0 1 0 1 0 0 0 0 1 0 0 1]
At 29901/30000: COST 0.166/3.218(0.107) -- Acc 0.960/0.360(0.965)
