Train 5911 samples in approximately 507 epochs
Finished computation graph
[0 0 0 0 0 0 0 0 0 0 0 0 0 0 0 0 0 0 0 0 0 0 0 0 0 0 0 0 0 0 0 0 0 0 0 0 0
 0 0 0 0 0 0 0 0 0 0 0 0 0 0 0 0 0 0 0 0 0 0 0 0 0 0 0 0 0 0 0 0 0 0 0 0 0
 0 0 0 0 0 0 0 0 0 0 0 0 0 0 0 0 0 0 0 0 0 0 0 0 0 0]
At     1/30000: COST 0.856/0.787(0.696) -- Acc 0.510/0.510(0.011)
[0 0 0 0 0 0 0 0 0 0 0 0 0 0 0 0 0 0 0 0 0 0 0 0 0 0 0 0 0 0 0 0 0 0 0 0 0
 0 0 0 0 0 0 0 0 0 0 0 0 0 0 0 0 0 0 0 0 0 0 0 0 0 0 0 0 0 0 0 0 0 0 0 0 0
 0 0 0 0 0 0 0 0 0 0 0 0 0 0 0 0 0 0 0 0 0 0 0 0 0 0]
At   101/30000: COST 0.698/0.697(0.699) -- Acc 0.500/0.510(0.326)
[0 0 0 0 0 0 0 0 0 0 0 0 0 0 0 0 0 0 0 0 0 0 0 0 0 0 0 0 0 0 0 0 0 0 0 0 0
 0 0 0 0 0 0 0 0 0 0 0 0 0 0 0 0 0 0 0 0 0 0 0 0 0 0 0 0 0 0 0 0 0 0 0 0 0
 0 0 0 0 0 0 1 0 0 0 0 0 0 0 0 0 0 0 0 0 0 0 0 0 0 0]
At   201/30000: COST 0.681/0.692(0.698) -- Acc 0.580/0.520(0.441)
[1 1 1 1 1 1 1 1 1 1 1 1 1 1 1 1 1 1 1 1 1 1 1 1 1 1 1 1 1 1 1 1 1 1 1 1 1
 1 1 1 1 1 1 1 1 1 1 0 1 1 1 1 1 1 0 1 1 1 1 1 1 1 1 1 1 1 1 1 1 1 1 1 1 1
 1 1 1 1 0 1 0 1 1 1 1 1 1 1 1 1 0 1 1 1 1 1 1 0 1 0]
At   301/30000: COST 0.692/0.691(0.697) -- Acc 0.490/0.520(0.483)
[0 0 0 0 0 0 0 0 0 0 0 0 0 0 0 0 0 0 0 0 0 0 0 0 0 0 1 0 0 0 0 0 0 0 0 0 0
 0 0 0 0 0 0 0 0 0 0 0 0 0 0 0 0 0 0 0 0 0 0 0 0 0 0 0 0 0 0 0 1 0 0 0 0 0
 0 0 0 0 0 0 1 0 0 0 0 0 0 0 0 0 0 0 0 0 0 0 0 0 0 0]
At   401/30000: COST 0.697/0.692(0.696) -- Acc 0.520/0.520(0.506)
[1 1 0 1 1 1 0 0 1 1 1 1 1 0 0 1 1 1 1 1 0 1 0 1 0 1 0 0 1 0 1 1 1 0 1 0 1
 1 1 0 1 1 1 0 0 1 1 0 1 1 1 1 1 1 0 1 0 1 0 1 1 0 0 1 1 0 1 1 0 1 0 0 0 0
 1 1 1 1 0 1 1 1 1 0 1 1 1 1 0 0 1 0 1 0 1 1 1 1 0 1]
At   501/30000: COST 0.690/0.689(0.695) -- Acc 0.570/0.640(0.514)
[1 1 1 1 1 1 1 1 1 1 1 1 1 1 1 1 1 1 1 1 1 0 1 1 0 1 1 1 1 1 1 1 1 1 0 1 1
 1 1 1 1 1 1 1 1 1 1 1 1 1 1 1 1 1 1 1 1 1 1 1 1 0 1 1 1 1 1 1 1 1 1 1 1 1
 1 1 1 1 1 1 0 1 1 1 1 1 1 1 1 1 1 0 0 1 1 1 1 1 1 1]
At   601/30000: COST 0.692/0.693(0.695) -- Acc 0.520/0.480(0.509)
[0 0 0 0 0 0 0 0 0 0 0 0 0 0 0 0 0 0 0 0 0 0 0 0 0 0 0 0 0 0 0 0 0 0 0 0 0
 0 0 0 0 0 0 0 0 0 0 0 0 0 0 0 0 0 0 0 0 0 0 0 0 0 0 0 0 0 0 0 0 0 0 0 0 0
 0 0 0 0 0 0 0 0 0 0 0 0 0 0 0 0 0 0 0 0 0 0 0 0 0 0]
At   701/30000: COST 0.710/0.699(0.693) -- Acc 0.460/0.510(0.521)
[0 0 0 0 0 0 0 0 0 0 0 0 0 0 0 0 0 0 0 0 0 0 0 0 0 0 0 0 0 0 0 0 0 0 0 0 0
 0 0 0 0 0 0 0 0 0 0 0 0 0 0 0 0 0 0 0 0 0 0 0 0 0 0 0 0 0 0 0 0 0 0 0 0 0
 0 0 0 0 0 0 0 0 0 0 0 0 0 0 0 0 0 0 0 0 0 0 0 0 0 0]
At   801/30000: COST 0.694/0.689(0.693) -- Acc 0.510/0.510(0.523)
[0 0 0 0 0 0 0 0 0 0 0 0 0 0 0 0 0 0 0 0 0 0 0 0 0 0 0 0 0 0 0 0 0 0 0 0 0
 0 0 0 0 0 0 0 0 0 0 0 0 0 0 0 0 0 0 0 0 0 0 0 0 0 0 0 0 0 0 0 0 0 0 0 0 0
 0 0 0 0 0 0 0 0 0 0 0 0 0 0 0 0 0 0 0 0 0 0 0 0 0 0]
At   901/30000: COST 0.696/0.691(0.692) -- Acc 0.530/0.510(0.528)
[0 0 0 1 0 0 0 1 0 0 0 0 0 0 0 0 0 0 0 0 0 1 0 0 0 0 0 0 0 1 0 0 0 0 0 0 1
 0 0 0 0 0 0 0 0 0 0 0 0 0 0 0 0 0 0 0 0 0 0 0 0 0 0 0 0 0 0 0 0 0 0 1 0 0
 0 0 0 0 0 0 0 0 0 0 0 0 1 0 0 0 0 0 0 0 0 0 0 0 0 1]
At  1001/30000: COST 0.676/0.686(0.692) -- Acc 0.620/0.570(0.527)
[0 0 0 0 0 1 0 0 0 0 0 0 0 0 0 0 0 1 0 0 0 0 0 0 0 0 0 0 0 0 0 0 1 0 0 0 0
 0 0 0 0 0 0 0 0 0 0 1 0 0 0 0 0 1 0 0 0 0 0 0 0 0 0 0 0 0 0 0 0 0 0 0 0 0
 0 0 0 0 1 0 0 0 0 0 0 0 0 0 0 0 0 0 0 0 0 0 0 0 0 0]
At  1101/30000: COST 0.686/0.689(0.691) -- Acc 0.520/0.550(0.527)
[1 1 1 1 1 1 1 1 1 1 1 1 1 1 1 1 1 1 1 1 1 1 1 0 1 1 1 1 1 1 1 1 0 1 1 1 1
 1 1 1 1 1 1 1 1 1 1 0 1 1 1 1 1 1 1 1 1 1 1 1 1 1 1 1 1 1 1 1 1 1 1 1 1 1
 1 1 1 1 1 1 1 1 1 1 1 1 1 1 1 1 1 1 1 1 1 0 1 1 1 1]
At  1201/30000: COST 0.692/0.690(0.690) -- Acc 0.550/0.510(0.527)
[0 0 1 0 0 0 0 0 0 0 0 0 0 0 0 0 0 0 0 0 0 0 0 0 0 0 0 0 0 0 0 0 0 0 0 0 0
 0 0 0 0 0 0 0 0 0 0 0 0 0 0 0 0 0 0 0 0 0 0 0 0 0 0 0 0 0 0 0 0 0 0 0 0 0
 0 0 0 0 0 0 0 0 0 0 0 0 0 0 0 0 0 0 0 0 0 0 0 0 0 0]
At  1301/30000: COST 0.686/0.684(0.691) -- Acc 0.590/0.520(0.525)
[0 0 0 0 0 0 0 0 0 0 0 0 0 0 0 0 0 0 0 0 0 0 0 0 0 0 0 0 0 0 0 0 0 0 0 0 0
 0 1 0 0 0 0 0 0 0 0 0 0 0 0 0 0 0 0 0 0 0 1 0 0 0 0 0 0 0 0 0 0 0 0 0 0 0
 0 0 0 0 0 0 0 0 0 0 0 0 1 0 0 0 0 0 0 0 0 0 0 0 0 1]
At  1401/30000: COST 0.692/0.683(0.689) -- Acc 0.560/0.530(0.535)
[1 0 0 0 0 0 0 0 0 0 0 0 0 0 0 0 0 0 0 0 0 0 0 0 0 0 0 0 0 0 0 0 0 0 0 0 0
 0 0 0 0 0 0 0 0 0 0 0 0 0 0 0 0 0 0 0 0 0 0 0 0 0 0 0 0 0 0 0 0 0 0 0 0 0
 0 0 0 0 0 0 0 0 0 0 0 1 0 0 0 0 0 0 0 0 0 0 0 0 0 1]
At  1501/30000: COST 0.693/0.688(0.690) -- Acc 0.540/0.520(0.529)
[0 0 0 0 0 0 0 0 0 0 0 0 0 0 1 0 0 0 0 0 0 1 0 0 0 0 0 0 0 0 0 0 0 0 0 0 1
 0 0 0 0 0 0 0 0 0 0 0 0 0 0 0 0 0 0 0 0 0 0 0 0 0 0 0 0 0 0 0 0 0 0 0 0 0
 0 0 0 0 1 0 0 0 0 0 1 0 0 0 0 0 0 0 0 0 0 0 0 0 0 0]
At  1601/30000: COST 0.680/0.683(0.690) -- Acc 0.610/0.540(0.527)
[0 0 0 0 0 0 0 0 0 0 0 0 0 0 0 0 0 0 0 0 0 0 0 0 0 0 0 0 0 0 0 0 0 0 0 0 0
 0 0 0 0 0 0 0 0 0 0 0 0 0 0 0 0 0 0 0 0 0 0 0 0 0 0 0 0 0 0 0 0 0 0 0 0 0
 0 0 0 0 0 0 0 0 0 0 0 0 0 0 0 0 0 1 0 0 0 0 0 0 0 0]
At  1701/30000: COST 0.698/0.689(0.689) -- Acc 0.450/0.520(0.526)
[0 0 0 0 0 0 0 0 0 0 0 0 0 0 0 0 0 0 0 0 0 0 0 0 0 0 0 0 0 0 0 0 0 0 0 0 0
 0 0 0 0 0 0 0 0 0 0 0 0 0 0 0 0 0 0 0 0 0 0 0 0 0 0 0 0 0 0 0 0 0 0 0 0 0
 0 0 0 0 0 0 0 0 0 0 0 0 0 0 0 0 0 0 0 0 0 0 0 0 0 0]
At  1801/30000: COST 0.670/0.689(0.688) -- Acc 0.560/0.510(0.534)
[0 0 0 0 0 0 0 0 0 0 0 0 0 0 0 0 0 0 0 0 0 0 0 0 0 0 0 0 0 0 1 0 0 0 0 0 0
 0 0 0 0 0 0 0 0 0 0 0 0 0 0 0 0 0 0 0 0 0 0 0 0 0 0 0 0 0 0 0 0 0 0 0 0 0
 0 0 0 0 0 0 0 0 0 0 0 0 0 0 0 0 0 0 0 0 0 0 0 0 0 0]
At  1901/30000: COST 0.680/0.688(0.688) -- Acc 0.600/0.520(0.531)
[0 0 0 0 0 0 0 0 0 0 0 0 0 0 0 0 0 0 0 0 0 0 0 0 0 0 0 0 0 0 0 0 0 0 0 0 0
 0 1 0 0 0 1 0 0 0 0 0 0 0 1 0 0 0 1 0 0 0 0 0 0 0 0 0 0 0 0 0 0 1 0 0 0 0
 0 0 0 0 0 0 0 0 0 0 0 0 0 0 0 0 0 0 0 0 0 0 0 0 0 0]
At  2001/30000: COST 0.673/0.685(0.689) -- Acc 0.550/0.520(0.529)
[0 0 0 0 0 0 0 0 0 0 0 0 0 0 0 0 0 0 0 0 0 0 0 0 0 0 0 0 0 0 0 0 0 0 0 0 0
 0 0 0 0 0 0 0 0 0 0 0 0 0 0 0 0 0 0 0 0 0 0 0 0 0 0 0 0 0 0 0 0 0 0 0 0 0
 0 0 0 0 0 0 0 0 0 0 0 1 0 0 0 0 0 0 0 0 0 0 0 0 0 0]
At  2101/30000: COST 0.684/0.682(0.688) -- Acc 0.540/0.520(0.530)
[0 1 0 1 0 0 0 1 0 0 0 0 0 0 0 0 0 0 0 0 1 0 0 0 0 0 0 0 0 0 0 0 1 1 0 0 0
 0 1 0 0 0 0 0 0 0 0 1 0 0 0 0 0 0 0 0 0 0 0 0 0 0 0 1 0 0 0 0 0 0 0 0 0 0
 1 0 0 0 0 0 0 0 1 0 1 0 0 0 0 0 0 0 0 0 0 0 0 0 0 0]
At  2201/30000: COST 0.678/0.686(0.687) -- Acc 0.600/0.550(0.542)
[0 0 0 0 0 0 0 0 0 0 0 0 0 0 0 1 0 0 0 0 0 0 0 0 0 0 0 0 0 0 0 0 0 0 0 0 0
 0 0 0 0 0 1 0 0 0 0 0 0 0 0 0 0 0 0 0 0 0 0 0 0 0 0 0 0 0 0 0 0 0 0 0 0 0
 0 0 0 0 0 0 0 0 0 0 0 0 0 0 0 0 0 0 0 0 0 0 0 0 0 0]
At  2301/30000: COST 0.686/0.690(0.688) -- Acc 0.530/0.530(0.536)
[0 1 1 0 0 0 0 1 1 0 1 1 1 0 1 0 0 1 0 1 1 0 1 1 1 0 0 0 1 0 1 1 0 0 0 0 0
 0 1 0 1 1 1 0 1 0 1 0 0 0 1 1 1 0 1 0 1 0 1 0 1 0 1 1 0 1 1 1 1 0 1 1 1 1
 0 1 0 0 1 1 1 0 0 1 1 1 1 1 0 0 0 1 1 1 0 0 1 1 1 0]
At  2401/30000: COST 0.683/0.671(0.685) -- Acc 0.520/0.620(0.547)
[0 0 0 0 0 0 0 0 0 0 0 0 0 0 0 0 0 0 0 0 0 0 0 0 0 0 0 0 0 0 0 0 0 0 0 0 0
 0 0 0 0 0 0 0 0 0 0 0 0 0 0 0 0 0 0 0 0 0 0 0 0 0 0 0 0 0 0 0 0 0 1 0 0 0
 0 0 0 0 0 0 0 1 0 0 0 0 0 1 0 0 0 0 0 0 0 0 1 0 0 0]
At  2501/30000: COST 0.682/0.685(0.685) -- Acc 0.520/0.530(0.541)
[0 0 0 0 0 1 1 0 0 0 1 0 0 0 1 1 0 0 0 0 0 1 0 0 0 1 0 0 1 1 0 0 0 1 1 1 0
 0 0 0 0 0 0 1 0 0 0 1 0 0 0 0 0 0 0 0 0 0 0 0 0 0 0 0 0 0 0 0 1 0 0 0 0 0
 0 0 0 1 0 0 0 0 0 0 0 1 0 0 0 0 1 0 0 1 0 0 0 0 0 0]
At  2601/30000: COST 0.675/0.682(0.685) -- Acc 0.490/0.560(0.538)
[0 0 0 0 0 0 0 0 0 0 0 0 0 0 0 0 0 0 0 0 0 0 0 0 0 0 0 0 0 0 0 0 0 0 0 0 0
 0 0 0 0 0 0 1 0 0 0 0 0 0 0 0 0 0 0 0 0 0 0 0 0 0 0 0 0 0 0 1 0 0 0 0 0 0
 0 0 0 0 0 0 0 0 0 0 0 0 0 0 0 0 0 0 0 0 0 0 0 0 0 0]
At  2701/30000: COST 0.683/0.685(0.686) -- Acc 0.540/0.530(0.542)
[0 0 0 0 0 0 0 0 0 0 0 0 0 0 0 0 0 0 0 0 0 0 0 1 0 0 0 0 1 0 0 0 0 0 0 0 0
 0 0 0 0 0 0 0 0 0 0 0 0 0 1 0 0 0 0 0 0 0 0 0 0 0 1 0 0 0 0 0 1 0 0 0 0 0
 0 0 1 0 0 0 0 0 1 0 0 0 0 0 0 0 0 0 0 0 0 0 0 0 0 0]
At  2801/30000: COST 0.684/0.683(0.684) -- Acc 0.550/0.540(0.543)
[0 0 0 0 0 0 0 0 0 0 0 0 0 0 0 0 0 0 0 0 0 0 0 0 0 0 0 0 0 0 0 0 0 0 0 0 0
 0 0 0 0 0 0 0 0 0 0 0 0 0 0 0 1 0 0 0 0 0 0 0 0 0 0 0 0 0 0 0 0 0 0 0 0 0
 0 0 0 0 0 0 0 0 0 0 0 0 0 0 0 0 0 0 0 0 0 0 0 0 0 0]
At  2901/30000: COST 0.725/0.689(0.684) -- Acc 0.490/0.520(0.544)
[1 0 1 0 0 1 0 0 0 0 0 0 1 0 1 1 0 0 0 0 1 1 1 0 0 0 0 0 0 1 0 0 1 0 0 0 0
 1 0 1 0 0 0 0 0 0 1 1 1 1 0 0 0 1 0 1 0 0 0 0 0 1 0 1 0 0 0 0 0 0 1 0 0 0
 0 0 0 0 0 1 1 0 0 0 1 1 0 0 0 0 1 1 1 0 1 0 0 0 0 0]
At  3001/30000: COST 0.685/0.674(0.681) -- Acc 0.550/0.550(0.549)
[1 1 0 1 0 0 1 0 0 0 0 0 1 0 0 0 0 0 0 1 1 0 1 1 1 0 0 0 1 1 0 0 0 0 0 1 1
 0 0 0 0 0 1 1 1 1 0 1 1 1 0 0 1 1 0 1 1 1 1 0 1 0 0 1 0 1 1 1 1 1 1 0 0 0
 0 1 0 0 1 0 0 1 0 0 0 0 0 0 0 0 1 0 0 0 1 0 1 1 0 0]
At  3101/30000: COST 0.645/0.676(0.678) -- Acc 0.720/0.590(0.552)
[0 0 0 0 1 0 0 0 0 0 0 0 0 0 0 0 0 0 0 0 0 0 0 0 0 0 0 0 0 0 1 1 0 0 0 0 0
 0 0 1 1 0 0 0 0 0 0 0 0 0 1 0 0 0 0 0 0 1 0 0 0 1 0 0 0 1 0 0 1 0 0 0 1 0
 0 0 0 0 1 0 0 0 0 0 0 0 0 1 0 1 0 0 0 1 0 0 0 0 0 0]
At  3201/30000: COST 0.679/0.678(0.678) -- Acc 0.590/0.560(0.557)
[0 1 0 0 0 0 0 0 0 0 0 1 0 0 0 0 0 0 0 0 0 0 0 0 0 0 0 0 0 0 0 0 0 0 0 0 0
 0 0 0 0 0 0 0 0 0 1 0 0 0 0 0 0 0 0 1 0 0 0 0 0 0 1 0 0 1 0 0 0 0 0 1 0 0
 0 0 0 0 0 0 0 0 0 0 0 0 0 0 0 1 0 0 0 0 0 0 0 0 0 0]
At  3301/30000: COST 0.672/0.675(0.678) -- Acc 0.610/0.530(0.557)
[0 0 1 0 0 1 0 0 0 0 0 0 0 0 1 0 0 0 0 0 0 0 0 0 1 0 0 0 0 0 0 0 0 0 0 1 0
 0 0 0 0 1 0 0 0 0 0 0 0 0 0 0 0 0 0 1 0 0 0 0 0 0 0 0 1 0 0 0 0 0 0 1 0 1
 0 0 0 0 0 0 0 0 0 0 0 0 0 0 0 0 0 1 0 0 0 0 0 0 0 0]
At  3401/30000: COST 0.633/0.682(0.677) -- Acc 0.640/0.480(0.553)
[1 1 1 1 1 1 1 1 1 1 1 1 1 1 1 1 1 1 1 1 1 1 1 1 1 1 1 1 1 1 1 1 1 1 1 1 1
 1 1 1 1 1 1 1 1 1 1 1 1 1 1 1 1 1 1 1 1 1 1 1 1 1 1 1 1 1 1 1 1 1 1 1 1 1
 1 1 1 1 1 1 1 1 1 1 1 1 1 1 1 1 1 1 1 1 1 1 1 1 1 1]
At  3501/30000: COST 0.657/0.696(0.677) -- Acc 0.550/0.490(0.553)
[0 0 1 1 0 0 0 0 0 0 0 0 0 0 0 0 0 0 0 0 0 1 0 0 0 0 0 0 1 1 1 0 0 0 0 1 0
 0 1 0 0 0 0 0 0 0 0 0 0 0 0 1 0 0 0 1 0 0 0 0 0 0 1 0 0 0 0 0 0 0 0 0 0 1
 0 0 0 0 0 0 0 0 0 0 0 0 0 0 0 0 0 0 0 0 0 0 0 1 0 0]
At  3601/30000: COST 0.677/0.677(0.674) -- Acc 0.600/0.540(0.560)
[0 0 1 1 0 0 0 0 0 1 1 1 0 0 0 1 0 0 0 1 1 1 1 0 1 1 1 1 1 0 1 0 1 1 1 0 0
 0 0 0 0 0 0 1 1 0 1 1 0 1 1 0 1 1 0 1 1 1 0 0 0 0 0 0 0 0 0 0 1 1 0 0 0 0
 1 0 1 0 1 0 0 0 0 0 0 1 0 0 0 0 0 1 0 1 0 1 1 0 1 1]
At  3701/30000: COST 0.692/0.674(0.669) -- Acc 0.560/0.570(0.572)
[1 0 0 1 0 0 0 0 0 1 0 0 0 1 1 0 0 0 0 0 0 0 0 0 1 1 0 0 0 0 0 0 0 0 0 0 0
 0 0 0 0 0 1 0 0 1 0 0 1 1 0 0 0 1 0 0 0 0 1 0 0 0 0 0 0 0 1 1 1 0 0 0 0 0
 0 0 0 0 0 0 0 0 0 0 0 0 0 0 0 0 0 0 0 0 0 0 0 0 0 0]
At  3801/30000: COST 0.662/0.680(0.669) -- Acc 0.580/0.550(0.572)
[1 1 0 1 0 1 0 0 0 1 1 0 0 0 1 1 0 0 0 1 0 1 0 0 0 1 0 0 0 0 0 1 0 0 0 0 1
 1 0 1 1 0 1 1 1 0 1 1 1 0 0 1 0 1 0 0 1 0 1 1 0 0 0 0 1 1 0 0 1 1 1 1 0 1
 1 0 1 1 0 1 0 0 1 1 1 0 0 0 0 0 0 1 1 0 0 1 0 0 0 0]
At  3901/30000: COST 0.685/0.688(0.669) -- Acc 0.510/0.610(0.566)
[0 0 0 1 0 0 0 1 0 0 0 0 0 0 0 0 0 1 1 1 0 1 0 1 0 0 0 1 0 0 1 0 1 1 0 0 0
 0 0 0 0 0 0 0 0 0 0 0 0 1 0 0 0 0 0 0 0 0 0 0 0 0 0 0 0 0 0 0 0 0 1 0 0 1
 0 0 0 0 0 0 0 0 1 0 1 1 1 0 0 0 0 0 0 1 0 0 0 0 0 0]
At  4001/30000: COST 0.682/0.681(0.669) -- Acc 0.590/0.520(0.566)
[0 0 0 0 0 0 1 0 0 0 0 0 0 0 0 0 1 0 0 0 0 0 0 1 0 0 1 0 1 0 0 1 0 0 0 0 0
 0 0 1 1 0 0 1 0 1 0 0 0 0 1 0 0 0 0 0 0 0 0 0 0 0 0 0 0 0 0 0 0 0 0 1 1 0
 0 1 0 0 1 0 1 0 0 1 1 1 0 1 0 0 0 0 1 0 1 0 0 0 0 0]
At  4101/30000: COST 0.667/0.680(0.664) -- Acc 0.560/0.530(0.576)
[0 0 1 1 1 0 0 0 0 0 1 0 0 1 1 0 1 0 0 0 0 0 0 1 0 0 0 0 0 0 0 0 0 1 0 0 0
 1 1 1 0 0 0 0 0 0 0 0 0 0 0 0 0 1 0 0 0 1 0 0 0 1 1 0 0 0 0 0 1 0 0 0 0 0
 0 1 0 1 0 0 1 1 0 0 0 0 0 0 0 0 0 0 0 0 0 0 0 0 0 1]
At  4201/30000: COST 0.637/0.662(0.662) -- Acc 0.590/0.510(0.578)
[1 1 0 0 0 0 0 1 0 1 0 1 1 1 1 0 0 1 1 1 0 1 0 0 0 0 1 1 1 1 1 0 1 1 0 0 0
 1 1 1 0 1 1 1 0 0 1 1 1 0 1 1 1 1 1 1 0 1 1 0 1 1 0 1 0 0 0 1 1 1 1 1 1 0
 0 1 0 1 0 0 0 0 1 0 0 1 0 1 1 1 1 1 1 1 1 0 1 1 0 0]
At  4301/30000: COST 0.620/0.678(0.657) -- Acc 0.640/0.560(0.589)
[0 1 0 1 1 0 0 0 0 1 0 0 0 0 0 0 0 0 1 0 1 0 1 0 0 0 0 0 0 0 1 0 0 0 0 1 0
 0 0 0 0 0 1 0 0 0 1 0 0 1 1 1 0 0 0 1 0 0 1 1 1 1 0 0 1 0 0 0 0 0 0 1 0 0
 0 1 0 1 0 0 0 0 0 0 0 0 1 1 0 1 0 0 1 1 0 0 0 0 1 0]
At  4401/30000: COST 0.673/0.685(0.658) -- Acc 0.520/0.540(0.587)
[0 0 0 1 0 0 1 0 0 0 0 0 1 0 0 0 0 0 0 1 0 1 0 0 1 0 0 1 0 0 0 1 0 0 0 0 0
 0 1 0 0 0 0 1 0 0 0 0 1 0 1 0 0 0 0 0 0 0 1 0 1 0 0 0 0 1 1 0 0 0 0 0 0 0
 0 0 0 0 0 0 0 0 0 1 1 1 0 0 1 0 0 0 0 0 0 0 0 0 1 0]
At  4501/30000: COST 0.690/0.667(0.661) -- Acc 0.480/0.560(0.580)
[0 1 0 1 1 0 1 1 0 0 0 0 1 0 0 0 1 1 1 1 0 0 0 0 0 1 0 1 0 0 0 0 0 1 0 0 1
 1 1 0 1 0 1 0 1 1 0 0 0 1 0 0 0 1 1 0 1 1 1 1 1 1 1 0 0 1 0 0 1 0 0 0 1 1
 1 1 0 1 1 1 1 0 1 1 1 0 0 1 1 1 1 1 0 1 1 1 0 0 0 0]
At  4601/30000: COST 0.820/0.690(0.658) -- Acc 0.540/0.480(0.586)
[0 0 1 1 0 0 1 0 1 0 0 0 0 0 0 0 0 1 0 1 1 0 0 0 0 0 0 1 0 0 0 0 0 1 0 0 0
 0 0 0 0 0 0 0 0 0 0 1 0 0 0 0 0 1 1 0 0 0 0 0 1 1 1 0 1 1 0 0 0 0 0 0 0 1
 0 0 0 0 1 0 0 1 1 0 0 0 0 0 0 0 1 0 1 1 0 0 0 1 0 0]
At  4701/30000: COST 0.650/0.681(0.656) -- Acc 0.560/0.540(0.588)
[0 0 0 0 0 0 1 0 0 0 0 0 0 1 0 0 0 0 0 0 0 0 1 0 0 1 0 0 0 0 0 0 0 0 0 0 0
 0 0 0 0 0 0 0 0 0 0 0 0 0 0 0 0 0 0 0 1 0 0 0 0 0 0 0 0 1 0 0 0 0 0 0 0 0
 0 1 0 0 0 0 1 0 0 0 0 0 0 0 0 0 0 0 0 1 0 0 0 0 0 0]
At  4801/30000: COST 0.635/0.671(0.646) -- Acc 0.610/0.560(0.599)
[0 0 0 0 0 0 0 0 0 0 0 0 0 0 1 1 0 0 1 1 0 0 0 0 0 1 0 1 0 0 0 1 0 0 0 0 0
 0 0 1 1 0 1 0 0 1 0 0 0 0 0 0 0 0 0 0 0 0 0 0 1 0 0 0 0 0 0 1 0 1 0 0 0 0
 0 0 0 0 0 0 0 0 0 0 1 0 0 0 0 0 1 0 1 0 0 0 1 0 1 0]
At  4901/30000: COST 0.643/0.672(0.649) -- Acc 0.560/0.520(0.596)
[0 1 0 1 0 1 0 1 0 0 1 1 0 1 1 0 0 1 1 0 0 0 1 0 1 1 0 1 1 1 0 0 1 0 0 0 0
 0 0 1 0 0 1 0 0 0 1 0 0 1 1 0 1 1 0 0 0 1 0 0 0 1 1 1 0 0 0 1 0 0 0 1 0 0
 1 0 0 0 0 0 0 1 0 1 0 1 1 0 0 1 0 1 0 1 0 0 0 0 1 1]
At  5001/30000: COST 0.633/0.676(0.645) -- Acc 0.620/0.530(0.600)
[1 0 0 1 1 1 1 0 1 0 1 0 1 0 0 1 0 1 0 0 1 0 1 1 0 1 1 1 0 1 0 0 1 1 1 0 1
 0 0 1 0 0 0 0 0 0 0 0 1 1 0 1 0 1 1 0 0 1 0 1 0 0 0 1 0 1 1 1 0 0 0 0 0 0
 0 0 1 1 1 0 0 0 0 1 0 1 1 1 1 0 0 0 0 0 0 1 0 0 0 0]
At  5101/30000: COST 0.652/0.680(0.639) -- Acc 0.580/0.510(0.608)
[0 0 0 0 0 0 1 0 0 0 1 1 0 0 0 1 0 0 0 0 0 0 0 0 1 0 0 0 0 0 0 0 1 0 0 0 0
 0 0 0 1 1 0 0 1 0 1 0 0 0 0 0 1 0 1 0 0 0 0 0 0 0 0 0 0 0 1 0 1 0 0 0 1 0
 0 1 0 0 0 0 0 0 1 0 1 0 0 0 0 0 1 0 0 0 0 1 0 1 0 0]
At  5201/30000: COST 0.652/0.682(0.641) -- Acc 0.690/0.520(0.606)
[0 0 0 0 0 0 0 0 0 0 0 1 0 0 0 0 0 0 0 0 0 0 0 1 0 0 0 0 0 0 0 0 0 0 0 1 1
 1 0 0 0 0 0 0 0 0 0 0 0 0 0 0 0 0 0 0 0 0 0 0 0 0 1 0 0 0 0 0 0 0 1 0 0 0
 0 0 0 0 0 0 1 0 0 0 0 0 0 1 0 0 0 0 0 0 0 1 1 0 0 1]
At  5301/30000: COST 0.629/0.678(0.638) -- Acc 0.650/0.510(0.610)
[0 0 0 0 0 0 1 1 0 0 0 0 0 0 0 0 0 0 1 0 1 1 1 0 0 0 1 0 0 0 1 0 1 1 0 0 0
 0 0 0 1 0 0 0 0 0 0 0 0 0 0 0 1 0 0 0 0 0 0 0 0 0 0 0 0 0 0 1 1 0 0 0 0 0
 0 1 0 0 1 0 0 1 0 0 0 1 0 1 1 0 0 0 1 0 0 0 0 0 0 1]
At  5401/30000: COST 0.660/0.668(0.638) -- Acc 0.570/0.590(0.608)
[0 0 0 0 1 0 0 0 0 1 0 0 0 0 0 1 0 0 0 1 0 0 0 1 0 0 0 0 0 0 0 1 1 0 0 0 0
 1 0 0 0 0 0 1 0 0 1 0 0 0 0 0 1 1 0 0 1 1 0 0 0 0 0 0 1 0 0 0 1 0 0 0 0 0
 1 0 0 0 0 0 0 0 0 0 0 1 0 0 0 0 0 0 1 0 0 0 0 0 0 0]
At  5501/30000: COST 0.635/0.679(0.642) -- Acc 0.560/0.500(0.604)
[0 0 0 0 1 1 0 0 0 1 1 0 0 1 0 1 0 1 1 0 1 0 1 0 0 0 1 0 0 0 0 0 0 1 0 0 1
 0 0 1 1 0 1 1 0 0 1 1 0 0 1 1 1 1 0 1 1 1 0 0 0 0 0 0 1 1 0 1 0 0 0 0 1 0
 0 0 0 1 0 1 0 1 0 0 0 0 0 0 0 0 0 1 0 0 1 0 0 0 0 0]
At  5601/30000: COST 0.686/0.662(0.632) -- Acc 0.590/0.600(0.613)
[1 0 0 1 0 0 0 0 0 1 0 1 1 1 0 0 0 0 0 0 0 1 0 0 1 0 0 0 1 1 0 0 0 0 1 0 0
 1 0 0 0 1 1 0 0 0 0 1 1 0 1 1 1 0 0 0 0 0 0 1 0 0 1 0 0 0 0 0 0 1 0 0 1 1
 1 0 0 0 0 1 0 0 0 0 1 0 0 0 0 0 0 1 1 1 1 0 0 0 0 0]
At  5701/30000: COST 0.640/0.676(0.633) -- Acc 0.540/0.540(0.617)
[0 0 0 0 0 0 0 0 0 0 0 0 0 0 0 0 1 0 1 0 0 1 0 0 0 0 1 0 0 0 1 1 0 0 0 0 1
 0 0 0 0 0 0 1 0 0 0 0 0 1 0 0 0 0 0 0 0 0 0 0 0 0 0 0 1 0 0 0 0 0 0 0 0 0
 0 0 0 0 0 0 1 0 0 0 0 0 0 1 0 1 1 0 1 1 0 0 1 0 1 0]
At  5801/30000: COST 0.638/0.677(0.633) -- Acc 0.580/0.530(0.617)
[1 1 1 0 0 1 0 1 0 0 1 1 1 0 1 1 0 0 1 1 1 0 1 0 0 1 1 0 0 1 1 0 1 1 1 0 1
 0 0 1 1 0 0 0 0 1 0 0 1 0 1 0 0 1 0 1 1 0 1 1 0 1 0 1 0 1 0 1 0 0 0 0 1 0
 1 0 1 1 0 0 1 1 0 0 0 0 0 1 1 0 0 0 1 1 1 0 1 1 0 0]
At  5901/30000: COST 0.658/0.665(0.631) -- Acc 0.520/0.560(0.616)
[0 0 0 0 0 0 0 1 0 1 1 0 1 0 0 1 0 0 0 1 1 0 0 1 0 0 1 0 0 1 0 1 0 0 0 1 0
 1 0 1 1 1 1 1 0 0 0 0 1 1 1 1 0 1 1 0 0 0 0 0 1 0 0 0 0 0 1 0 0 0 0 1 0 0
 1 1 0 1 1 0 0 1 0 0 0 0 0 0 1 1 0 0 1 1 0 0 0 0 0 0]
At  6001/30000: COST 0.604/0.678(0.622) -- Acc 0.660/0.550(0.624)
[0 0 0 0 0 0 0 0 0 0 0 0 0 0 0 0 0 0 0 0 0 1 0 0 0 0 0 0 0 0 0 0 0 0 0 0 0
 0 0 0 0 0 0 0 0 0 0 0 0 0 0 0 0 0 1 0 1 0 0 1 0 0 0 0 0 0 0 0 0 0 0 0 0 0
 1 0 0 0 0 0 0 0 0 0 0 0 0 0 0 0 0 0 0 0 1 0 0 0 0 0]
At  6101/30000: COST 0.680/0.683(0.649) -- Acc 0.520/0.490(0.588)
[1 1 0 0 0 0 0 0 0 1 0 0 0 0 0 0 0 0 1 1 1 0 0 0 1 0 1 1 0 0 1 0 1 1 1 1 0
 0 0 1 0 0 1 1 1 0 0 0 0 1 0 1 1 0 1 0 0 0 0 1 0 0 1 0 0 0 1 0 0 0 0 0 0 1
 1 0 0 0 1 1 0 0 1 0 0 0 0 1 0 1 0 0 1 0 0 1 1 1 0 0]
At  6201/30000: COST 0.658/0.659(0.645) -- Acc 0.580/0.530(0.593)
[0 0 0 0 0 0 0 1 0 1 0 0 0 0 1 0 0 0 0 1 0 0 0 1 1 1 0 0 0 0 1 1 1 0 0 0 0
 0 0 0 0 0 0 1 0 1 1 0 0 0 0 0 0 0 1 1 1 0 0 0 0 1 0 0 1 0 1 0 0 0 1 0 0 0
 1 0 0 1 0 0 1 0 0 1 0 0 1 0 0 0 1 0 0 0 1 0 0 0 1 0]
At  6301/30000: COST 0.628/0.676(0.638) -- Acc 0.570/0.530(0.607)
[1 1 0 0 0 1 0 1 0 0 0 0 0 1 1 1 0 0 0 0 0 0 1 0 1 0 1 0 0 1 1 1 1 1 0 0 0
 1 0 0 1 0 1 1 1 0 1 0 0 0 0 0 0 1 0 0 0 1 0 1 0 0 0 0 1 0 0 1 1 1 0 0 0 1
 1 1 0 1 1 0 0 0 1 0 0 0 0 0 0 0 1 0 1 0 1 0 1 0 1 1]
At  6401/30000: COST 0.602/0.678(0.633) -- Acc 0.670/0.530(0.614)
[0 0 0 0 0 0 0 0 1 0 0 0 0 0 0 1 0 0 0 0 1 0 0 0 0 0 0 0 0 0 0 0 0 0 1 0 0
 1 0 0 1 1 0 0 0 0 1 1 0 0 0 0 1 1 0 0 1 1 1 1 0 1 0 0 0 0 0 0 0 0 0 0 0 0
 0 0 0 0 0 0 1 0 1 1 0 1 0 0 0 0 0 1 0 1 0 0 0 0 0 0]
At  6501/30000: COST 0.642/0.670(0.623) -- Acc 0.560/0.530(0.623)
[0 0 0 0 0 0 0 0 0 1 0 1 0 0 0 0 0 0 0 1 0 0 1 1 0 1 0 0 0 0 0 1 0 0 0 0 0
 0 0 0 0 1 1 0 0 1 0 1 0 0 1 0 1 0 0 0 0 0 1 0 0 0 0 0 0 0 0 0 0 1 0 0 0 0
 0 0 0 0 0 1 0 1 1 0 0 1 0 0 0 1 0 0 0 0 0 0 0 0 0 1]
At  6601/30000: COST 0.663/0.688(0.619) -- Acc 0.550/0.500(0.629)
[0 0 0 0 0 0 1 0 1 0 0 0 0 0 0 1 0 0 0 0 0 0 0 0 0 1 0 1 0 0 1 0 0 0 1 0 0
 0 0 0 0 0 0 0 0 0 0 1 0 1 0 1 0 0 0 0 0 0 0 1 0 0 0 0 0 0 0 0 0 0 0 0 0 0
 0 0 0 1 0 0 0 0 0 0 0 1 0 0 0 0 0 0 0 0 0 1 1 1 0 0]
At  6701/30000: COST 0.683/0.667(0.617) -- Acc 0.590/0.530(0.627)
[0 0 0 0 1 1 0 0 0 1 0 0 0 0 0 1 1 0 0 0 1 1 1 0 1 0 0 0 0 1 0 1 0 0 0 0 1
 1 0 0 0 1 1 0 0 0 0 0 0 0 1 0 0 1 0 1 1 1 0 0 0 0 0 0 1 0 1 0 0 1 1 1 0 1
 1 1 0 0 0 0 0 1 0 0 0 0 0 0 1 1 1 1 0 0 1 1 1 0 1 1]
At  6801/30000: COST 0.670/0.666(0.611) -- Acc 0.520/0.590(0.634)
[0 0 1 0 0 0 0 0 0 0 0 1 0 0 0 0 0 0 0 0 1 1 0 0 1 0 0 0 0 1 0 0 0 1 0 1 1
 0 1 0 0 0 0 0 1 0 0 0 0 0 0 0 0 1 0 0 0 0 0 0 1 0 0 0 1 0 0 0 0 0 0 0 0 0
 0 0 0 1 0 0 0 0 0 0 0 0 1 1 0 0 0 0 0 0 0 0 1 0 0 0]
At  6901/30000: COST 0.605/0.673(0.603) -- Acc 0.690/0.490(0.643)
[0 0 0 1 0 0 0 0 0 1 0 0 0 0 0 1 0 1 1 1 0 1 0 0 0 0 1 0 0 1 0 0 1 1 1 1 1
 0 0 1 1 0 1 0 1 1 0 0 1 1 0 1 1 0 0 0 1 0 1 1 0 0 1 0 1 0 0 0 1 1 1 0 0 0
 0 1 1 1 0 0 1 0 1 0 1 1 0 1 1 0 0 1 0 0 1 0 0 0 0 1]
At  7001/30000: COST 0.621/0.665(0.598) -- Acc 0.610/0.560(0.646)
[1 0 1 0 0 0 1 1 0 0 0 0 0 0 1 0 1 0 1 0 0 0 1 0 0 1 1 0 0 0 1 1 0 0 0 0 1
 0 1 0 1 1 1 1 0 0 1 0 1 1 0 0 1 0 0 0 1 1 0 1 1 0 0 1 0 1 0 0 0 1 1 1 1 0
 1 0 0 0 0 0 0 0 0 1 0 0 0 1 0 0 1 1 0 0 1 1 1 0 0 1]
At  7101/30000: COST 0.608/0.671(0.596) -- Acc 0.690/0.520(0.644)
[0 1 0 0 0 0 0 0 0 0 0 1 0 0 0 1 0 0 1 1 0 0 1 0 0 0 0 0 0 0 1 1 0 0 0 1 0
 1 1 0 0 0 0 0 0 0 0 1 0 1 1 0 1 0 1 0 0 0 1 0 1 1 1 0 1 1 1 0 0 1 0 1 0 1
 1 0 0 0 1 1 0 1 0 0 0 0 0 0 0 0 1 0 0 1 0 0 1 0 1 0]
At  7201/30000: COST 0.617/0.686(0.589) -- Acc 0.650/0.490(0.652)
[0 0 1 0 1 0 1 1 0 1 0 0 0 1 0 0 0 1 0 0 0 0 0 1 1 0 1 0 1 0 0 0 0 0 1 1 0
 1 1 0 0 0 0 0 1 0 1 1 1 0 1 1 0 1 1 1 0 0 0 1 0 0 0 1 0 0 1 0 0 0 0 1 1 0
 1 1 0 1 0 0 0 1 1 0 0 0 1 0 1 0 0 1 0 1 0 1 0 1 1 0]
At  7301/30000: COST 0.549/0.686(0.592) -- Acc 0.690/0.500(0.651)
[0 1 0 0 1 0 0 0 0 0 1 0 0 1 0 0 0 1 1 0 0 0 0 0 1 0 1 1 0 0 0 0 0 0 0 1 1
 1 0 0 0 1 0 0 0 0 0 0 0 1 0 0 0 0 0 0 1 1 0 0 0 0 1 0 0 0 1 0 1 0 1 1 1 0
 0 0 0 0 0 1 1 1 0 0 0 1 1 1 1 0 0 0 0 0 0 0 0 1 1 0]
At  7401/30000: COST 0.538/0.673(0.593) -- Acc 0.700/0.500(0.651)
[0 1 1 1 0 1 1 0 1 1 1 0 1 0 0 0 1 0 1 1 0 0 1 1 0 0 1 1 1 0 0 1 0 1 0 1 0
 0 1 0 0 1 1 1 0 0 0 0 0 0 1 1 0 0 0 1 1 0 0 1 1 1 0 0 1 1 0 0 0 0 1 0 1 1
 1 0 0 0 1 1 0 0 0 0 0 0 0 1 1 1 1 0 0 1 0 0 0 0 0 1]
At  7501/30000: COST 0.623/0.682(0.586) -- Acc 0.600/0.580(0.652)
[0 0 1 1 0 0 0 1 1 0 0 1 1 0 0 1 1 1 1 0 1 0 0 0 0 0 1 1 0 1 0 1 0 0 1 0 0
 0 0 1 0 1 1 0 0 1 1 0 0 0 0 1 0 0 0 0 0 1 0 1 0 1 1 1 0 0 0 1 0 0 1 0 0 0
 0 0 0 0 0 1 0 1 1 0 0 1 1 0 0 0 0 0 0 1 1 0 0 0 0 0]
At  7601/30000: COST 0.507/0.695(0.583) -- Acc 0.710/0.510(0.659)
[0 0 0 1 0 0 0 1 0 0 1 1 0 0 0 1 1 0 1 0 1 0 1 0 0 0 0 0 0 0 0 1 0 0 0 0 0
 0 1 0 0 0 0 0 0 1 0 1 0 0 1 0 0 0 0 0 1 1 0 0 0 0 1 0 1 1 0 0 0 0 0 0 0 0
 0 1 0 0 1 0 0 0 0 0 0 1 0 1 0 0 1 0 0 0 0 1 0 0 0 0]
At  7701/30000: COST 0.559/0.689(0.577) -- Acc 0.660/0.500(0.674)
[0 1 0 0 1 1 0 0 0 0 0 0 1 1 0 0 0 1 0 0 0 0 0 0 0 0 1 0 1 1 0 1 0 1 0 0 0
 0 1 0 0 1 0 1 1 0 1 0 1 1 0 0 1 1 0 1 0 1 0 0 0 0 0 1 0 0 0 0 1 1 0 1 0 0
 0 0 0 1 0 1 1 1 1 1 1 0 0 0 0 0 0 0 1 0 0 1 1 1 1 0]
At  7801/30000: COST 0.513/0.689(0.570) -- Acc 0.680/0.490(0.672)
[0 0 1 0 1 1 1 1 1 0 1 1 1 0 1 1 0 1 0 0 1 1 0 1 0 1 1 0 1 1 1 1 0 1 0 1 0
 1 0 0 1 0 0 0 0 0 0 0 0 0 0 0 0 0 1 0 1 0 1 1 1 1 1 1 1 1 1 1 0 1 1 0 1 1
 0 0 0 0 0 1 1 0 0 1 0 0 0 1 1 1 0 0 1 1 0 0 0 1 0 1]
At  7901/30000: COST 0.584/0.699(0.563) -- Acc 0.730/0.500(0.673)
[1 0 1 0 0 0 0 1 0 1 0 1 1 0 0 0 0 0 1 0 0 0 0 1 0 0 0 0 0 0 0 0 0 1 0 0 0
 0 0 0 1 0 0 0 0 1 0 1 1 0 0 0 0 1 0 0 0 0 0 1 1 0 0 0 1 1 0 1 0 0 1 0 1 0
 0 0 0 0 0 0 1 1 0 0 0 1 1 0 0 1 0 0 0 0 1 1 0 0 1 1]
At  8001/30000: COST 0.548/0.689(0.567) -- Acc 0.680/0.510(0.672)
[0 1 0 0 0 0 0 0 1 1 1 1 0 1 0 0 0 1 1 1 1 1 1 1 1 1 0 1 1 0 1 0 1 0 0 1 1
 0 0 1 1 1 1 1 0 0 0 0 1 1 1 0 1 1 1 1 1 0 1 0 1 1 0 0 0 1 1 0 1 0 1 1 0 0
 0 1 0 1 1 0 1 1 1 1 0 1 0 1 0 1 0 1 0 1 1 1 1 1 0 1]
At  8101/30000: COST 0.565/0.684(0.565) -- Acc 0.620/0.560(0.673)
[0 0 1 0 1 0 0 0 0 1 0 1 0 1 1 0 1 0 0 1 0 0 1 1 0 0 1 1 1 1 1 0 0 1 1 0 0
 0 0 1 0 1 1 1 1 0 1 1 1 0 0 0 0 0 0 0 1 1 0 1 1 1 0 1 0 1 0 1 1 1 1 0 0 0
 0 0 1 1 0 0 1 1 0 0 1 0 0 0 1 0 0 1 1 0 0 0 1 0 0 0]
At  8201/30000: COST 0.533/0.699(0.562) -- Acc 0.750/0.520(0.677)
[0 0 1 0 0 1 0 0 0 1 0 0 0 0 0 1 0 0 0 1 1 0 0 0 1 1 0 0 0 0 0 0 0 1 0 1 0
 0 0 0 0 1 0 0 1 0 0 1 0 1 0 0 0 0 0 0 0 0 1 0 0 1 0 1 0 1 0 0 0 0 1 1 1 1
 1 0 0 0 0 0 1 0 0 1 1 0 0 1 1 1 1 1 0 1 0 0 0 1 0 0]
At  8301/30000: COST 0.521/0.685(0.561) -- Acc 0.700/0.500(0.678)
[0 1 1 1 1 0 0 0 1 0 0 0 0 0 1 1 0 0 1 0 1 0 0 1 1 1 1 0 0 1 0 1 0 1 0 0 0
 0 1 0 0 0 0 0 1 1 0 0 0 0 0 1 1 0 0 0 0 1 1 1 0 0 0 0 0 1 0 1 1 1 0 1 1 0
 0 0 1 1 1 0 0 0 0 0 1 1 0 1 0 0 0 1 0 0 1 0 0 1 0 0]
At  8401/30000: COST 0.581/0.689(0.548) -- Acc 0.650/0.520(0.691)
[0 0 0 1 1 0 1 0 0 1 0 0 0 1 1 0 1 0 0 0 0 0 0 1 0 0 1 1 0 0 0 0 0 0 0 0 0
 0 1 0 1 0 1 1 0 1 1 0 0 0 0 1 0 0 0 1 0 0 0 1 1 0 0 0 0 1 1 1 0 1 1 0 0 1
 1 1 0 0 1 0 1 1 0 1 1 1 1 0 0 0 1 0 0 0 0 1 1 0 1 1]
At  8501/30000: COST 0.498/0.683(0.554) -- Acc 0.730/0.510(0.687)
[1 1 1 1 1 1 0 1 0 1 1 1 1 1 1 1 0 1 1 1 1 1 1 0 1 0 1 0 1 1 1 1 1 0 1 1 1
 0 1 1 0 1 1 1 0 0 1 1 1 1 1 0 1 1 1 1 0 1 0 1 0 1 0 1 1 0 1 1 0 1 0 1 1 1
 1 1 1 1 0 1 1 1 1 0 1 0 0 1 0 1 0 1 1 1 1 1 1 1 1 1]
At  8601/30000: COST 0.515/0.702(0.547) -- Acc 0.650/0.520(0.691)
[0 0 1 1 0 0 0 1 0 0 0 1 1 1 1 0 0 0 0 0 1 0 0 0 1 1 0 0 1 0 0 0 0 0 0 0 0
 0 0 0 0 1 1 0 1 0 1 0 0 0 0 0 1 0 1 1 0 0 0 1 1 1 0 0 0 0 0 1 0 0 0 1 1 0
 0 0 0 0 1 1 0 1 0 0 1 0 0 0 0 0 1 0 0 0 0 0 1 0 0 1]
At  8701/30000: COST 0.514/0.699(0.543) -- Acc 0.720/0.480(0.698)
[0 0 1 1 1 0 1 0 1 0 0 0 0 1 0 0 1 0 1 1 1 0 0 1 1 0 0 0 0 0 0 1 0 0 0 1 0
 1 1 0 1 0 0 1 1 1 0 0 1 0 0 1 0 1 0 1 1 0 1 1 1 0 1 1 1 1 0 0 1 0 1 0 1 1
 0 0 0 1 0 1 1 1 1 1 0 0 1 1 0 1 0 0 0 0 0 1 0 1 1 1]
At  8801/30000: COST 0.534/0.687(0.543) -- Acc 0.680/0.500(0.698)
[0 1 0 0 0 0 0 0 0 0 0 0 0 0 0 0 0 1 0 1 0 0 0 0 0 0 1 1 1 0 0 0 1 0 1 0 0
 0 0 0 0 0 0 0 0 0 0 1 0 0 0 0 1 0 0 1 0 0 0 1 1 0 0 1 0 0 0 0 0 0 0 0 1 0
 0 0 0 0 0 0 1 0 0 0 0 0 0 1 1 1 0 0 0 0 0 0 0 0 0 0]
At  8901/30000: COST 0.606/0.721(0.544) -- Acc 0.620/0.460(0.700)
[0 0 0 1 0 0 0 0 0 0 0 0 0 0 0 0 0 0 0 1 1 0 0 0 1 0 0 0 1 1 0 0 0 0 1 0 0
 0 0 0 0 0 1 0 1 1 0 0 0 0 1 0 0 0 0 1 0 0 0 1 0 0 0 0 1 0 0 0 1 1 0 0 0 1
 0 0 0 1 1 1 0 0 0 0 0 1 1 0 0 1 0 1 0 0 1 0 1 0 1 0]
At  9001/30000: COST 0.587/0.710(0.548) -- Acc 0.690/0.480(0.696)
[1 0 0 1 0 0 1 0 0 0 0 0 0 0 0 0 0 1 0 1 0 0 0 1 0 0 0 0 1 0 1 1 1 0 1 1 0
 0 0 0 1 0 0 0 0 0 0 0 0 0 0 1 0 0 1 1 0 1 0 0 0 0 0 1 0 0 1 0 0 0 0 1 0 1
 0 1 1 0 0 0 0 0 0 0 0 0 1 0 0 0 0 0 1 0 0 0 0 1 0 0]
At  9101/30000: COST 0.523/0.704(0.538) -- Acc 0.740/0.490(0.706)
[0 0 0 0 1 0 1 1 0 1 1 0 1 1 0 1 1 0 0 1 0 0 1 0 1 0 0 1 0 1 0 1 1 0 0 0 1
 1 1 0 1 0 1 0 1 1 0 1 0 1 1 1 1 1 1 0 1 0 1 1 0 0 0 1 0 0 0 1 0 1 1 1 1 1
 1 1 0 1 0 1 1 0 0 0 1 1 0 0 0 1 0 1 0 0 0 1 1 1 1 0]
At  9201/30000: COST 0.649/0.703(0.535) -- Acc 0.610/0.520(0.706)
[1 0 0 0 1 0 0 0 0 0 0 1 0 0 1 1 0 1 0 1 0 0 0 0 1 1 1 1 0 1 0 0 0 0 0 0 1
 0 0 1 0 1 0 1 1 0 0 1 0 0 0 1 1 0 0 0 0 1 0 0 0 1 1 1 0 0 0 1 0 0 0 0 1 0
 0 1 1 0 1 0 0 1 0 0 1 1 0 1 1 1 1 0 0 0 0 0 1 1 0 1]
At  9301/30000: COST 0.617/0.698(0.530) -- Acc 0.670/0.480(0.709)
[1 0 0 0 0 1 0 0 0 0 0 1 0 0 0 1 1 1 0 0 0 1 0 0 0 1 0 1 0 1 1 0 0 0 0 0 0
 1 0 0 1 1 1 0 0 1 0 0 1 1 1 1 1 0 0 0 1 0 1 0 0 0 0 1 0 1 0 0 0 1 0 1 0 0
 0 0 0 0 1 1 0 0 0 1 0 0 0 0 0 1 0 1 0 0 0 1 1 1 0 1]
At  9401/30000: COST 0.618/0.714(0.519) -- Acc 0.600/0.490(0.718)
[0 1 1 0 0 0 0 1 0 0 1 1 0 0 0 0 1 0 1 0 0 0 1 1 1 0 0 0 0 0 0 0 0 0 1 0 0
 0 1 0 1 0 1 0 0 0 0 1 0 0 1 1 0 0 1 0 1 1 0 0 0 0 0 0 0 1 1 1 0 0 0 0 0 0
 1 0 1 0 0 0 0 1 0 1 1 0 0 0 0 0 1 0 0 0 1 0 0 0 0 0]
At  9501/30000: COST 0.535/0.734(0.513) -- Acc 0.640/0.450(0.722)
[1 0 0 1 0 0 0 0 1 0 0 0 0 0 1 1 0 0 1 0 0 0 0 1 0 1 0 0 1 1 0 0 1 0 0 0 0
 0 0 1 1 0 0 1 0 1 1 1 1 0 0 1 0 0 0 0 0 0 0 0 1 0 1 0 1 0 0 0 1 0 0 1 0 1
 1 0 1 1 0 1 1 1 1 1 0 1 0 0 0 0 1 1 0 1 1 0 0 1 0 1]
At  9601/30000: COST 0.552/0.711(0.510) -- Acc 0.760/0.450(0.725)
[0 0 0 1 1 0 0 0 0 0 1 0 1 1 1 0 1 0 0 0 0 1 0 0 0 0 1 0 1 0 1 1 0 1 0 0 1
 1 0 0 0 0 0 0 0 1 0 0 0 1 0 0 1 0 0 1 1 0 0 1 0 1 1 1 0 1 1 0 0 0 0 0 1 1
 0 0 0 1 1 0 0 0 1 1 1 0 0 0 0 1 0 0 0 0 1 0 1 0 1 0]
At  9701/30000: COST 0.427/0.720(0.502) -- Acc 0.830/0.460(0.729)
[1 0 1 1 1 1 1 0 1 1 0 0 0 1 0 0 0 0 1 0 0 0 0 0 0 0 1 1 0 0 0 0 1 1 1 0 1
 1 0 1 0 0 1 1 0 0 1 0 0 0 0 0 1 0 0 0 1 1 0 1 1 1 1 0 0 0 0 1 0 1 1 0 0 0
 1 0 0 0 0 1 0 0 0 0 0 0 0 1 0 0 1 0 0 0 0 0 0 1 1 1]
At  9801/30000: COST 0.476/0.717(0.494) -- Acc 0.740/0.430(0.738)
[0 1 0 1 0 0 1 0 0 0 0 1 0 1 1 1 0 0 0 1 1 1 0 0 0 1 0 0 1 1 1 0 0 0 0 0 0
 0 0 0 0 1 0 1 0 0 1 0 1 1 0 0 0 0 1 1 0 1 1 0 1 0 0 1 0 0 0 0 1 0 1 0 0 0
 1 0 0 0 1 1 1 0 1 1 0 0 0 0 0 0 0 1 1 0 0 0 0 1 0 0]
At  9901/30000: COST 0.512/0.713(0.489) -- Acc 0.720/0.470(0.740)
[0 0 0 0 0 1 0 0 1 0 0 0 0 1 0 0 0 1 0 1 1 0 1 1 0 0 1 1 0 1 1 0 1 0 0 0 1
 0 0 1 0 0 0 1 0 0 1 1 0 0 0 0 0 0 0 0 0 1 1 0 0 1 0 1 0 0 1 0 1 0 0 0 1 0
 0 0 1 0 1 0 1 0 1 0 0 0 1 0 0 1 0 1 0 1 0 0 0 1 0 1]
At 10001/30000: COST 0.393/0.712(0.486) -- Acc 0.780/0.440(0.741)
[1 1 0 1 1 1 1 1 0 0 1 0 0 1 1 1 1 0 1 1 1 1 1 1 1 0 1 0 1 1 1 0 0 1 0 1 0
 1 1 1 1 0 1 1 0 1 0 1 1 0 0 1 0 1 0 1 1 1 1 1 1 1 1 1 0 1 1 1 1 1 1 1 0 0
 0 1 0 0 1 1 0 1 1 1 0 1 1 0 1 1 0 1 0 1 1 1 0 1 1 1]
At 10101/30000: COST 0.481/0.726(0.481) -- Acc 0.710/0.500(0.747)
[1 0 0 1 0 1 1 0 0 0 1 0 0 1 0 1 0 0 0 0 0 0 0 0 0 0 1 0 1 0 0 1 0 1 0 0 1
 1 0 0 0 0 0 1 0 0 0 0 1 1 1 0 0 1 1 0 1 1 0 1 0 0 0 0 0 0 1 0 0 0 0 0 1 1
 1 1 0 0 0 0 0 0 0 0 0 0 1 0 0 0 0 0 0 1 0 0 0 0 0 0]
At 10201/30000: COST 0.483/0.703(0.480) -- Acc 0.740/0.460(0.748)
[1 0 1 1 0 0 1 1 1 1 1 0 0 0 0 1 1 1 0 1 1 1 0 0 0 1 0 0 1 1 0 0 0 1 0 0 1
 0 0 0 1 0 1 1 1 0 0 0 0 0 0 1 0 0 1 0 1 0 0 0 0 0 0 0 0 0 1 0 0 0 0 0 1 0
 0 0 0 0 1 1 0 0 1 1 0 0 0 0 1 0 1 0 0 0 0 0 0 0 1 0]
At 10301/30000: COST 0.449/0.723(0.479) -- Acc 0.770/0.460(0.748)
[1 0 0 0 0 0 1 0 1 0 0 0 1 1 0 0 1 0 0 1 1 1 1 1 0 1 0 0 1 0 0 0 0 1 0 0 0
 1 1 1 1 0 1 1 1 1 0 0 0 1 0 0 0 1 0 0 0 1 1 1 1 1 1 1 0 0 0 1 1 0 0 0 1 0
 1 0 0 1 0 0 1 1 1 0 1 0 0 0 0 0 0 1 0 0 0 1 0 1 1 1]
At 10401/30000: COST 0.490/0.704(0.478) -- Acc 0.770/0.480(0.752)
[1 0 0 1 1 1 0 1 1 0 0 0 0 0 0 0 0 0 0 0 1 0 0 0 0 0 0 1 1 1 0 0 0 0 1 1 0
 1 0 1 0 0 0 1 0 0 0 0 0 1 1 0 0 0 0 0 0 0 1 0 0 0 0 1 1 0 0 0 0 1 0 1 0 0
 0 0 1 1 0 0 1 0 1 0 0 0 1 0 1 1 1 0 0 0 0 1 1 1 0 0]
At 10501/30000: COST 0.501/0.728(0.490) -- Acc 0.720/0.480(0.747)
[0 1 0 0 1 1 1 0 0 1 0 1 0 0 0 0 1 0 1 0 0 0 1 1 0 1 0 0 0 0 1 0 0 1 1 0 0
 1 1 0 0 1 0 0 0 0 0 1 1 0 1 1 1 1 1 0 0 1 1 0 0 0 0 0 0 1 0 1 1 1 0 1 1 1
 0 1 0 1 0 1 0 0 1 1 0 1 1 1 1 0 0 1 0 0 0 1 1 0 1 0]
At 10601/30000: COST 0.494/0.716(0.484) -- Acc 0.750/0.470(0.750)
[1 0 1 0 0 0 1 1 1 1 1 0 0 1 0 0 0 1 0 0 1 1 1 1 0 0 0 0 1 0 0 1 0 1 0 1 0
 0 0 0 0 0 1 0 0 0 1 0 1 0 1 0 1 0 0 0 0 0 0 1 1 0 0 1 0 1 0 1 1 1 1 1 0 0
 1 0 1 0 0 1 0 1 0 1 0 0 0 0 1 0 0 0 0 0 1 0 1 0 1 0]
At 10701/30000: COST 0.324/0.706(0.474) -- Acc 0.840/0.490(0.753)
[0 1 1 0 1 1 1 1 0 1 0 1 0 1 1 1 0 0 0 0 0 1 1 1 0 0 1 1 0 1 1 1 0 1 1 0 0
 0 1 1 1 1 1 1 1 1 1 1 0 0 0 1 1 0 1 1 0 1 0 1 0 0 0 0 1 0 0 1 1 1 1 1 0 1
 0 1 1 1 0 0 0 1 0 1 0 1 1 0 1 0 0 0 1 1 1 0 0 1 1 0]
At 10801/30000: COST 0.458/0.700(0.462) -- Acc 0.750/0.500(0.761)
[0 1 0 1 1 1 1 0 0 1 0 1 0 1 0 0 0 1 0 0 1 1 1 1 1 0 1 1 1 1 1 0 0 1 1 0 0
 1 0 0 0 0 1 0 0 0 1 1 1 0 0 1 1 1 0 1 1 1 1 1 0 1 1 1 1 0 1 0 1 0 0 0 0 1
 1 0 1 1 0 0 0 0 1 0 0 1 1 1 0 0 1 1 1 1 0 0 1 0 1 1]
At 10901/30000: COST 0.421/0.704(0.457) -- Acc 0.790/0.560(0.762)
[0 0 1 1 0 1 0 1 1 0 0 0 1 0 1 1 1 0 0 0 1 1 1 1 0 1 1 1 1 1 0 1 0 1 1 0 1
 0 1 1 0 0 0 0 1 0 1 1 0 1 0 1 0 1 1 0 0 0 0 1 0 0 0 1 0 1 0 1 1 1 0 1 0 1
 0 0 1 0 0 1 0 1 0 0 1 0 0 1 1 0 1 1 1 1 0 0 0 0 1 0]
At 11001/30000: COST 0.528/0.710(0.458) -- Acc 0.720/0.470(0.762)
[0 1 1 1 0 1 1 0 0 1 1 1 1 0 1 1 1 1 0 1 0 1 0 1 1 1 0 1 1 1 0 0 0 0 0 1 0
 0 1 1 1 0 1 1 1 1 1 1 0 1 1 1 1 1 0 1 0 1 0 0 1 1 0 0 0 0 1 1 0 0 1 0 0 0
 1 1 1 0 1 1 0 1 1 0 0 1 0 0 0 1 1 0 1 1 0 1 1 0 0 1]
At 11101/30000: COST 0.423/0.739(0.457) -- Acc 0.770/0.490(0.765)
[0 0 1 1 1 1 0 0 1 1 0 0 1 0 0 0 0 0 0 0 1 1 0 1 1 0 0 1 1 1 0 0 0 0 0 0 0
 0 0 0 0 1 1 1 1 0 0 1 0 0 0 0 0 0 1 1 1 1 0 1 1 1 0 0 1 1 0 1 0 0 0 0 1 0
 0 0 0 0 1 0 0 0 0 0 1 0 0 1 1 1 0 0 0 1 1 1 0 1 1 1]
At 11201/30000: COST 0.412/0.736(0.449) -- Acc 0.830/0.480(0.772)
[1 1 1 0 0 0 0 1 0 1 1 1 1 0 0 1 0 0 0 1 0 1 0 0 0 0 0 1 1 0 0 0 0 0 0 0 0
 1 1 0 0 0 0 1 1 1 0 1 0 0 0 0 0 1 1 0 0 0 0 0 0 1 1 0 1 0 0 0 1 1 0 1 1 0
 1 0 0 0 0 0 0 0 0 0 0 1 0 0 1 1 0 0 0 0 1 1 1 0 1 0]
At 11301/30000: COST 0.410/0.710(0.444) -- Acc 0.850/0.490(0.774)
[0 0 0 0 0 0 0 0 1 1 1 0 1 0 0 1 0 1 1 0 0 1 0 0 1 1 0 0 1 1 1 0 1 1 1 1 0
 1 1 1 1 0 1 1 1 0 1 1 0 0 1 0 0 0 0 1 1 0 0 1 0 0 1 0 0 0 0 1 1 1 0 0 0 1
 0 0 1 0 1 1 1 1 0 0 1 0 0 1 1 0 0 1 0 0 0 1 0 0 0 1]
At 11401/30000: COST 0.395/0.717(0.435) -- Acc 0.860/0.470(0.777)
[0 0 1 1 1 0 1 1 0 0 1 1 1 1 1 0 1 1 1 0 1 0 0 0 1 1 1 0 1 1 1 1 1 1 1 1 0
 0 1 0 0 0 1 1 1 0 1 1 0 1 1 1 0 1 0 1 1 1 0 1 1 1 0 1 1 1 1 0 0 0 1 1 1 1
 1 1 0 1 1 1 1 1 1 1 1 0 1 1 0 1 1 1 1 1 0 1 1 1 1 1]
At 11501/30000: COST 0.436/0.739(0.435) -- Acc 0.790/0.400(0.781)
[1 0 1 0 1 1 0 0 1 0 0 1 1 1 1 1 1 1 1 1 1 1 1 1 0 1 1 1 1 1 0 0 1 1 1 1 1
 0 1 1 1 1 1 0 1 0 0 1 1 1 1 1 0 1 0 1 0 1 1 1 1 1 1 1 0 1 0 1 1 1 1 1 1 1
 0 0 1 0 0 0 1 0 1 1 1 1 1 1 1 1 1 1 1 0 1 0 1 1 1 0]
At 11601/30000: COST 0.454/0.778(0.426) -- Acc 0.770/0.440(0.785)
[0 1 1 1 1 1 1 1 0 1 1 1 0 1 1 1 1 1 0 1 1 1 1 0 0 1 1 1 1 0 0 1 1 1 0 1 0
 0 0 0 1 1 1 0 0 0 0 1 0 1 1 0 1 0 1 0 1 1 0 0 1 0 1 1 1 0 1 1 1 1 1 1 0 0
 1 0 1 0 1 1 1 1 1 0 1 0 0 0 1 0 1 1 1 1 1 0 0 0 0 0]
At 11701/30000: COST 0.447/0.756(0.433) -- Acc 0.800/0.440(0.782)
[0 1 1 1 0 1 1 0 1 0 1 0 1 1 1 1 1 1 1 1 1 1 1 0 1 0 1 0 0 0 1 0 1 1 1 0 1
 0 0 1 1 0 1 1 1 0 0 0 1 1 1 0 1 0 0 1 0 1 0 0 0 1 0 1 1 1 1 0 0 1 1 1 1 0
 0 1 1 1 1 0 0 0 1 1 1 0 1 1 0 0 0 1 0 0 1 1 1 1 0 1]
At 11801/30000: COST 0.518/0.788(0.446) -- Acc 0.760/0.430(0.775)
[1 0 1 1 0 1 1 1 1 0 0 0 0 1 0 1 0 1 0 1 0 1 0 0 1 1 1 0 1 0 1 1 0 0 1 1 1
 1 1 0 0 1 1 1 0 0 1 1 0 0 1 1 1 0 0 1 1 0 1 1 0 1 1 1 1 1 1 1 0 0 1 0 0 0
 1 0 0 0 1 0 1 1 0 1 1 1 1 1 1 1 1 0 0 1 0 1 1 1 1 0]
At 11901/30000: COST 0.354/0.739(0.432) -- Acc 0.840/0.490(0.781)
[1 1 0 1 1 1 0 1 1 1 0 1 0 1 0 1 1 1 0 1 1 0 1 1 1 1 1 1 0 1 1 1 1 1 0 1 1
 0 1 0 0 1 0 1 0 1 1 1 0 1 0 1 1 1 1 0 1 1 0 1 1 1 1 0 0 1 1 0 0 0 0 1 0 0
 1 1 0 0 1 1 1 1 1 1 1 0 1 1 0 1 1 0 0 1 1 1 1 0 0 1]
At 12001/30000: COST 0.413/0.711(0.424) -- Acc 0.830/0.490(0.785)
[1 0 1 0 1 0 1 0 0 0 1 0 1 0 0 1 0 0 0 1 1 0 0 1 0 1 1 1 0 0 1 0 0 0 0 0 0
 1 0 1 0 0 1 0 0 1 1 0 0 0 0 1 0 0 0 1 0 0 0 0 1 0 0 1 0 1 0 1 1 0 0 1 0 0
 1 0 1 1 1 0 1 1 1 0 0 0 1 1 0 1 1 0 1 0 0 1 1 1 0 0]
At 12101/30000: COST 0.423/0.755(0.422) -- Acc 0.800/0.470(0.786)
[0 0 0 1 1 1 0 0 0 0 1 0 0 0 0 0 1 1 1 1 0 0 0 0 1 1 0 0 1 0 1 1 0 0 1 0 1
 1 0 0 1 0 0 1 0 0 1 1 0 0 0 0 1 0 1 0 0 0 1 1 1 0 1 0 1 0 1 0 0 0 0 0 1 1
 0 1 1 0 0 1 0 1 0 1 0 0 0 1 1 0 0 0 0 1 0 0 0 1 1 1]
At 12201/30000: COST 0.393/0.723(0.407) -- Acc 0.810/0.520(0.798)
[0 1 0 1 1 1 1 1 0 1 0 0 1 0 0 0 0 1 1 1 0 1 0 1 1 1 1 1 1 1 1 0 1 1 1 0 1
 1 0 0 1 0 1 0 0 1 1 1 1 1 1 1 0 1 1 1 1 0 1 1 1 1 0 0 1 1 0 0 1 1 0 1 0 0
 0 1 1 1 1 0 0 1 1 1 1 0 1 1 0 1 1 1 1 1 0 1 1 0 0 0]
At 12301/30000: COST 0.439/0.738(0.418) -- Acc 0.760/0.470(0.794)
[1 1 0 1 1 1 0 1 1 1 1 1 1 1 0 1 1 0 1 1 1 1 1 1 0 1 1 1 1 1 0 0 1 1 0 1 0
 1 1 1 0 1 0 0 1 0 1 1 1 0 0 1 1 1 1 1 0 1 0 1 1 1 1 1 1 1 1 1 1 0 1 0 1 1
 1 1 1 1 1 1 0 1 0 0 1 1 0 1 0 1 1 1 1 1 1 0 0 1 1 0]
At 12401/30000: COST 0.411/0.748(0.417) -- Acc 0.750/0.460(0.793)
[0 1 1 1 1 1 1 0 1 1 0 0 1 1 1 0 0 1 1 1 1 1 1 0 1 0 1 1 1 1 0 1 1 0 1 1 1
 1 0 1 0 1 1 0 0 0 0 1 0 1 1 0 1 1 1 1 1 1 1 1 0 1 0 1 1 1 1 1 0 0 0 0 0 0
 1 1 0 1 0 1 1 0 0 1 0 0 1 1 0 0 1 0 1 0 0 1 1 1 0 1]
At 12501/30000: COST 0.408/0.743(0.405) -- Acc 0.840/0.490(0.803)
[1 1 1 1 0 1 0 0 1 1 1 1 1 1 1 1 1 1 0 1 0 1 1 1 1 0 1 1 1 1 1 1 0 1 1 1 1
 0 1 1 1 0 1 1 1 1 1 1 1 0 1 1 0 1 1 1 0 0 1 1 1 1 1 1 1 0 1 1 1 0 1 1 1 1
 1 0 1 1 0 1 1 1 1 0 1 1 1 1 1 1 1 1 1 0 0 0 0 0 0 0]
At 12601/30000: COST 0.404/0.758(0.409) -- Acc 0.820/0.460(0.798)
[1 1 1 1 1 1 1 0 1 1 1 0 1 1 1 0 1 1 0 0 1 1 1 1 1 1 1 0 1 1 1 1 1 1 1 1 1
 1 1 1 1 0 1 1 1 0 0 1 1 0 1 1 0 1 1 0 1 1 1 1 1 1 1 1 1 1 1 1 0 1 0 1 1 1
 0 1 1 1 1 1 0 1 0 1 1 1 1 1 1 1 0 1 1 1 1 1 0 1 1 1]
At 12701/30000: COST 0.461/0.762(0.405) -- Acc 0.720/0.480(0.801)
[0 0 1 0 1 0 1 0 0 1 0 0 1 1 1 1 1 1 1 0 1 1 1 1 0 1 1 0 1 0 1 1 0 0 0 1 1
 1 0 1 1 1 1 0 1 0 0 0 1 1 0 1 1 1 0 1 1 0 0 0 0 1 0 1 1 0 0 1 0 1 0 1 1 1
 1 1 0 1 1 0 0 0 0 0 1 0 1 0 1 0 0 1 1 1 1 1 1 0 0 1]
At 12801/30000: COST 0.412/0.730(0.398) -- Acc 0.840/0.480(0.803)
[1 0 1 0 1 1 1 0 1 1 1 1 1 0 0 1 1 1 1 1 1 1 0 1 1 1 1 1 1 1 1 1 1 1 0 1 0
 1 1 0 1 1 0 0 1 1 1 1 1 1 1 1 1 1 1 1 1 1 1 1 0 1 1 1 0 0 1 1 1 1 0 1 1 1
 0 1 1 0 0 0 1 0 1 0 1 1 1 1 1 1 1 1 1 1 1 1 0 1 0 1]
At 12901/30000: COST 0.351/0.779(0.415) -- Acc 0.800/0.500(0.797)
[1 1 0 0 1 1 0 0 0 0 0 1 0 1 0 1 1 0 0 0 0 1 0 0 1 1 0 1 1 1 1 0 1 0 1 1 1
 0 1 1 0 1 1 1 0 1 0 0 1 0 0 0 1 1 0 1 0 0 1 1 1 1 1 1 0 0 0 1 1 0 1 0 0 1
 1 0 1 0 1 1 1 0 1 1 0 0 1 0 0 1 0 1 1 1 1 0 0 1 1 1]
At 13001/30000: COST 0.577/0.723(0.404) -- Acc 0.740/0.500(0.803)
[1 1 1 1 1 0 1 1 0 1 1 1 1 0 0 1 1 1 1 1 0 1 1 1 0 1 0 1 0 1 1 1 1 0 1 1 1
 1 1 0 1 0 0 1 1 1 1 1 1 0 0 1 1 0 0 0 1 1 0 1 1 1 0 1 1 1 0 0 1 1 1 0 0 1
 1 1 1 0 1 1 1 1 0 1 0 1 1 0 1 1 1 0 1 1 1 1 0 1 1 0]
At 13101/30000: COST 0.423/0.727(0.398) -- Acc 0.750/0.490(0.805)
[1 1 1 0 0 1 1 1 1 0 1 1 0 1 0 1 1 1 1 1 0 1 1 1 1 1 1 1 0 0 1 1 1 0 0 0 0
 1 1 1 0 1 1 1 0 1 1 1 1 1 1 1 1 1 1 1 1 1 1 1 1 1 0 1 1 0 1 1 1 1 1 1 0 1
 1 1 1 1 1 1 1 1 0 1 1 1 0 1 0 1 1 0 0 1 1 1 1 1 1 1]
At 13201/30000: COST 0.296/0.791(0.388) -- Acc 0.890/0.490(0.810)
[1 1 0 0 1 1 1 1 1 1 0 0 0 0 1 1 1 1 0 0 1 1 0 1 0 1 1 0 1 1 1 1 1 1 1 1 0
 1 0 0 1 0 0 0 1 1 0 1 0 0 0 0 0 0 1 1 0 1 0 0 1 1 1 0 1 1 0 1 0 0 1 1 1 0
 1 0 1 0 1 1 1 1 1 0 1 1 0 1 0 1 1 1 1 1 0 1 1 0 1 1]
At 13301/30000: COST 0.472/0.800(0.388) -- Acc 0.780/0.500(0.813)
[1 1 0 0 1 0 1 1 0 0 1 1 0 1 1 0 1 1 1 1 1 0 0 0 0 1 1 0 0 1 1 1 0 1 1 1 0
 0 0 0 1 1 1 0 0 0 1 1 0 1 0 1 0 1 1 1 0 1 1 1 0 1 1 1 0 1 1 0 1 1 1 0 1 1
 1 1 1 1 0 1 0 0 1 1 1 1 1 1 1 1 0 1 0 1 1 1 1 0 1 1]
At 13401/30000: COST 0.360/0.742(0.381) -- Acc 0.830/0.520(0.815)
[1 1 0 1 0 1 1 1 1 1 1 1 1 0 1 0 1 1 1 1 1 1 1 1 1 1 1 1 1 1 0 1 1 1 1 0 0
 1 1 1 1 1 1 1 0 1 1 1 1 0 1 1 0 0 1 0 1 1 1 1 1 1 1 1 1 1 1 1 0 1 0 0 1 0
 1 0 1 1 1 1 1 1 1 0 1 1 1 1 0 1 1 1 1 1 1 1 1 1 1 1]
At 13501/30000: COST 0.344/0.761(0.375) -- Acc 0.830/0.460(0.818)
[1 1 1 1 0 1 0 1 0 1 0 0 1 1 1 0 0 1 0 0 1 0 0 0 1 0 1 1 0 0 1 1 0 1 0 1 1
 0 1 1 0 1 0 1 1 1 0 1 1 1 0 1 0 1 1 1 1 1 1 0 1 1 1 1 0 0 1 0 1 1 1 1 1 1
 1 0 1 1 1 1 1 1 1 1 0 0 1 1 1 1 0 1 1 1 0 1 1 0 1 1]
At 13601/30000: COST 0.291/0.814(0.369) -- Acc 0.880/0.440(0.823)
[1 1 1 1 1 0 1 0 0 1 1 1 0 1 1 1 1 1 1 1 1 1 1 1 1 0 1 1 1 1 1 1 0 0 0 1 1
 1 1 0 1 1 0 1 1 1 1 0 0 0 1 1 0 1 0 1 1 1 0 1 0 0 1 0 1 1 0 1 0 1 1 0 0 0
 0 0 1 1 1 1 0 0 0 1 0 1 0 1 1 0 1 1 1 1 1 1 0 1 0 1]
At 13701/30000: COST 0.417/0.845(0.365) -- Acc 0.800/0.410(0.826)
[1 1 0 0 0 1 1 0 1 1 1 0 1 1 1 1 0 0 1 0 1 0 1 1 0 1 1 0 1 0 0 1 1 0 0 0 0
 0 1 1 1 1 1 1 1 1 0 0 1 1 1 0 0 1 0 1 1 1 1 0 1 1 1 1 1 1 1 1 1 1 1 1 1 1
 1 1 1 1 1 1 1 1 1 0 0 1 1 1 0 1 1 1 1 1 1 0 1 0 0 1]
At 13801/30000: COST 0.390/0.810(0.361) -- Acc 0.770/0.450(0.828)
[1 1 1 1 0 1 1 1 1 1 0 1 1 1 1 1 0 1 1 0 1 1 1 0 1 0 1 1 0 1 1 0 1 0 0 1 1
 1 1 1 0 1 1 1 1 1 1 1 1 1 1 1 0 1 1 1 1 1 1 1 1 1 0 1 1 1 0 0 1 0 1 1 1 1
 1 0 0 1 1 0 1 0 1 1 1 1 1 1 1 0 1 1 0 1 1 1 1 1 0 0]
At 13901/30000: COST 0.388/0.786(0.363) -- Acc 0.810/0.450(0.826)
[1 0 0 0 0 1 1 1 0 1 1 1 1 0 1 1 0 1 1 1 0 1 1 1 1 1 1 1 1 1 0 0 0 1 1 1 1
 1 1 1 0 1 1 0 0 1 1 1 1 1 0 1 1 0 1 1 1 1 1 0 1 1 1 1 0 1 1 1 1 0 1 0 1 1
 0 1 0 1 1 1 1 1 1 1 1 1 1 1 0 1 1 1 1 1 1 1 0 0 1 0]
At 14001/30000: COST 0.459/0.834(0.372) -- Acc 0.770/0.450(0.821)
[0 1 0 1 0 1 1 0 0 1 0 0 1 1 1 0 0 1 0 1 0 1 0 0 1 1 0 0 0 1 1 1 1 1 1 0 1
 1 0 0 1 1 0 0 1 0 0 1 0 1 1 0 1 1 0 1 1 1 1 0 1 1 1 1 1 1 1 1 1 1 1 0 1 1
 1 1 1 1 0 1 0 1 1 1 1 1 1 1 1 1 0 1 1 0 0 1 1 0 1 1]
At 14101/30000: COST 0.423/0.799(0.364) -- Acc 0.770/0.450(0.823)
[1 0 0 1 1 1 1 0 1 1 1 1 0 0 0 1 1 0 1 1 1 1 1 1 1 1 1 1 1 1 0 1 0 1 1 0 1
 1 1 1 0 0 1 0 0 0 1 1 1 1 1 1 1 1 1 1 1 1 0 1 1 1 1 1 1 1 1 1 1 1 0 1 1 1
 1 1 1 1 1 0 1 1 1 1 1 1 1 1 1 1 1 1 0 0 0 0 1 1 1 1]
At 14201/30000: COST 0.333/0.810(0.356) -- Acc 0.850/0.410(0.833)
[1 0 0 1 1 1 1 0 1 1 1 1 0 1 1 1 1 0 1 0 1 0 0 0 1 1 1 1 1 0 1 1 0 1 1 1 1
 1 0 1 0 0 1 0 0 1 0 0 0 1 1 0 0 1 0 1 1 0 1 1 0 0 0 0 1 0 1 0 0 1 1 0 0 1
 1 1 1 0 1 1 0 1 1 1 0 1 1 1 1 0 1 1 1 1 1 1 1 1 1 1]
At 14301/30000: COST 0.337/0.838(0.343) -- Acc 0.860/0.410(0.838)
[1 0 1 1 0 1 0 1 1 1 1 1 1 0 1 0 1 1 0 0 0 0 1 1 0 1 0 0 1 1 1 1 1 1 1 1 1
 1 1 1 1 1 1 0 1 0 1 1 1 1 0 1 1 1 1 1 1 1 1 1 1 1 1 1 1 1 1 1 1 1 0 1 0 0
 1 0 1 1 0 1 1 1 1 1 1 1 1 1 1 0 0 1 1 1 1 0 0 1 1 1]
At 14401/30000: COST 0.367/0.813(0.349) -- Acc 0.850/0.390(0.836)
[0 0 0 0 1 1 1 1 1 1 0 1 1 1 1 1 0 1 1 1 1 1 1 1 1 1 1 0 1 1 0 1 1 0 1 1 1
 0 0 1 0 0 0 0 1 1 1 1 0 1 1 0 1 1 1 0 0 0 1 1 0 1 1 1 1 1 1 1 1 1 1 1 1 0
 1 0 1 1 0 1 1 1 0 0 1 1 1 1 1 1 0 1 1 1 0 1 1 1 1 0]
At 14501/30000: COST 0.319/0.860(0.339) -- Acc 0.850/0.420(0.840)
[1 1 1 1 0 1 0 0 1 0 1 1 1 0 1 1 0 1 1 1 0 1 1 0 0 1 1 1 1 0 1 1 1 1 1 1 1
 1 0 1 1 1 1 0 1 0 1 1 0 1 1 1 1 1 1 0 1 1 1 1 0 0 1 0 1 0 0 1 0 0 0 1 1 0
 0 0 1 1 0 0 1 0 0 0 1 1 1 0 0 0 1 0 0 1 0 1 1 0 1 1]
At 14601/30000: COST 0.380/0.889(0.352) -- Acc 0.830/0.390(0.836)
[1 1 1 1 0 1 1 1 1 1 0 1 1 0 0 1 0 1 1 1 1 1 0 0 0 1 0 0 1 1 0 1 0 0 0 1 0
 1 0 1 1 1 1 1 1 1 0 1 1 1 1 1 0 1 1 1 1 1 0 0 1 1 1 0 1 0 0 0 0 0 1 1 1 0
 1 1 0 1 1 1 0 1 0 0 1 1 1 0 1 1 1 1 0 0 0 1 1 1 0 0]
At 14701/30000: COST 0.274/0.844(0.353) -- Acc 0.870/0.460(0.834)
[1 0 1 1 0 1 0 1 1 0 1 1 0 0 0 1 1 1 0 1 1 0 1 0 0 1 1 1 1 1 1 1 1 1 0 0 0
 0 0 1 0 1 0 0 1 1 0 0 1 1 1 0 1 0 1 1 1 1 0 0 1 1 1 1 1 1 1 1 0 0 0 1 0 0
 1 0 1 0 0 1 0 1 1 1 1 1 1 0 0 0 1 1 0 0 0 1 0 0 1 0]
At 14801/30000: COST 0.284/0.874(0.331) -- Acc 0.910/0.440(0.845)
[1 0 1 1 0 1 1 0 1 1 1 1 0 1 0 1 1 0 1 1 1 1 0 1 0 1 0 1 1 1 1 0 1 1 0 1 1
 0 0 1 1 1 0 1 1 1 1 1 1 1 1 1 0 1 0 1 0 1 1 1 0 1 0 0 1 1 1 0 0 1 1 0 1 1
 1 1 1 0 0 0 1 1 0 0 1 1 1 0 0 1 1 1 0 1 1 1 1 0 1 0]
At 14901/30000: COST 0.387/0.836(0.352) -- Acc 0.810/0.420(0.837)
[0 0 0 0 1 1 1 1 1 0 1 1 0 0 1 1 0 1 1 0 0 1 1 0 1 0 1 1 0 0 1 1 0 1 0 0 1
 0 1 1 1 0 1 0 1 1 1 0 0 1 1 1 1 1 0 1 1 0 0 0 0 0 0 1 0 0 1 0 0 0 0 1 1 1
 0 1 0 1 1 1 0 1 1 1 1 0 1 1 0 0 0 1 1 1 1 1 1 0 0 0]
At 15001/30000: COST 0.453/0.849(0.361) -- Acc 0.800/0.460(0.833)
[1 0 1 0 0 1 1 1 1 0 1 0 0 1 1 1 0 1 1 0 1 1 0 1 1 1 0 1 0 1 0 1 0 1 0 0 0
 1 1 1 0 1 0 1 0 0 0 0 0 1 0 1 1 0 0 0 1 0 1 1 1 1 0 1 1 1 0 1 1 1 0 1 1 1
 1 1 1 1 1 1 1 1 1 1 1 1 1 0 1 1 0 1 1 0 1 0 0 1 1 1]
At 15101/30000: COST 0.261/0.861(0.338) -- Acc 0.880/0.410(0.842)
[1 0 0 1 0 0 1 0 0 1 1 0 1 1 1 1 1 1 1 1 0 1 1 1 0 1 1 0 1 1 1 1 0 1 1 0 1
 1 1 0 0 1 1 1 0 0 1 0 0 1 1 1 1 1 1 1 1 1 0 1 1 1 1 1 0 1 1 1 1 0 1 1 0 1
 1 1 1 1 1 1 0 1 1 0 1 1 1 1 1 1 0 1 1 1 0 1 0 1 1 0]
At 15201/30000: COST 0.320/0.835(0.331) -- Acc 0.830/0.470(0.845)
[1 1 1 0 1 0 0 1 0 0 1 0 0 0 0 0 0 0 1 1 0 0 0 0 0 1 0 0 0 1 0 0 1 1 0 1 0
 1 0 0 1 1 1 0 0 0 1 1 0 0 1 0 1 1 0 1 0 1 0 0 0 0 1 0 0 0 0 0 0 1 0 1 1 1
 0 0 0 0 1 1 1 1 0 1 0 1 1 1 0 0 0 1 1 1 1 0 1 1 1 1]
At 15301/30000: COST 0.367/0.868(0.326) -- Acc 0.870/0.520(0.845)
[0 1 1 0 1 1 1 0 0 1 0 1 0 1 1 0 0 0 1 0 1 1 1 1 0 0 1 1 1 1 1 1 1 1 1 1 1
 1 1 0 1 1 1 0 1 1 1 1 1 1 1 0 1 0 1 1 1 1 1 0 0 0 1 1 0 1 0 1 1 1 1 0 0 1
 0 0 1 1 1 1 1 1 1 0 1 0 1 1 1 1 0 1 1 1 1 1 1 1 1 0]
At 15401/30000: COST 0.384/0.820(0.324) -- Acc 0.800/0.480(0.851)
[1 0 1 1 1 1 1 1 1 0 1 1 0 1 1 1 0 1 0 1 1 1 1 1 1 1 1 1 1 1 1 1 1 1 1 0 1
 1 1 0 1 0 1 1 1 1 1 1 1 1 1 0 1 1 1 1 0 1 1 0 1 1 1 0 0 0 1 1 1 1 1 0 1 1
 0 1 1 0 1 1 0 1 1 0 1 1 1 1 1 1 0 1 1 1 1 1 0 1 1 1]
At 15501/30000: COST 0.358/0.829(0.335) -- Acc 0.810/0.520(0.844)
[0 0 1 0 1 0 0 0 1 1 1 1 1 0 1 1 0 0 1 0 1 1 0 1 1 0 1 1 1 1 0 1 1 1 1 1 0
 1 0 1 1 1 0 0 1 1 1 1 0 1 1 1 1 1 0 1 0 1 0 1 1 0 1 0 1 0 1 1 1 0 1 0 1 0
 0 1 1 0 0 1 1 1 1 1 0 1 0 1 1 0 0 1 1 1 1 0 1 0 1 1]
At 15601/30000: COST 0.368/0.856(0.341) -- Acc 0.820/0.430(0.842)
[1 1 1 0 1 1 1 1 1 0 1 1 1 1 1 1 1 0 1 0 0 1 1 1 0 1 1 1 0 1 1 1 1 0 1 1 0
 1 1 1 0 1 1 1 1 1 0 1 1 1 1 0 1 1 0 1 1 1 0 1 1 1 1 1 0 1 0 1 1 0 1 1 1 1
 1 1 1 1 1 1 1 0 1 1 1 0 1 1 1 0 1 0 1 1 0 1 1 1 1 1]
At 15701/30000: COST 0.338/0.851(0.326) -- Acc 0.860/0.470(0.850)
[0 1 1 0 0 0 1 0 0 0 1 0 0 1 0 1 0 1 1 1 1 1 1 0 1 1 0 0 1 0 1 1 1 1 1 1 1
 0 1 1 0 1 0 1 0 1 1 1 0 0 1 1 1 1 1 1 0 1 1 1 1 1 1 1 0 1 1 1 0 1 0 1 0 1
 1 1 1 1 0 1 0 1 1 1 0 1 1 1 1 1 1 1 1 0 1 1 1 0 0 1]
At 15801/30000: COST 0.352/0.865(0.327) -- Acc 0.820/0.430(0.849)
[1 1 0 1 1 0 0 1 1 1 1 1 0 0 0 0 1 1 1 1 0 1 1 0 1 1 0 0 1 0 1 1 1 0 1 1 0
 1 1 1 1 1 0 1 0 1 1 0 0 1 1 1 0 1 1 0 1 0 0 0 1 1 0 0 0 1 0 1 1 1 0 1 0 1
 0 1 1 1 0 0 1 1 0 1 1 0 1 1 1 1 1 0 1 1 1 1 0 1 0 1]
At 15901/30000: COST 0.251/0.856(0.318) -- Acc 0.890/0.480(0.854)
[1 0 1 1 0 1 1 1 0 0 1 1 1 0 1 1 1 0 0 1 0 0 1 1 0 0 0 1 0 1 1 0 0 1 0 0 1
 1 0 0 1 1 1 1 1 1 0 1 1 0 1 0 1 0 0 1 1 1 1 0 1 1 1 0 1 1 0 1 1 0 1 1 0 0
 0 1 1 0 0 0 0 1 1 1 1 1 1 1 1 1 0 1 1 1 1 1 0 1 0 0]
At 16001/30000: COST 0.377/0.906(0.313) -- Acc 0.780/0.480(0.856)
[1 1 1 1 0 1 1 0 0 0 1 0 1 1 1 1 0 0 0 0 1 1 0 1 0 1 1 0 0 0 1 0 0 0 1 1 0
 0 1 1 1 1 1 1 1 1 1 1 0 0 0 0 1 1 1 0 0 1 0 1 0 0 1 1 1 1 0 1 1 1 1 1 0 0
 0 1 1 0 0 1 1 0 1 1 1 1 1 0 1 1 1 0 0 1 1 1 0 1 1 0]
At 16101/30000: COST 0.294/0.837(0.308) -- Acc 0.880/0.490(0.857)
[0 1 1 1 1 1 0 1 1 1 1 1 1 1 0 0 1 1 0 0 0 1 1 1 1 0 1 1 1 1 1 1 1 1 1 0 0
 1 1 1 1 0 1 1 0 1 1 1 1 1 0 1 1 0 0 1 1 1 1 1 1 0 1 1 1 1 1 1 0 0 1 1 0 1
 1 1 0 1 0 1 1 1 1 1 1 1 0 1 1 0 1 0 1 1 1 1 1 1 1 1]
At 16201/30000: COST 0.344/0.853(0.307) -- Acc 0.870/0.450(0.858)
[1 1 0 1 0 1 1 0 1 0 1 1 1 1 0 1 1 1 1 1 0 1 1 1 1 1 1 1 1 1 1 0 1 1 1 1 0
 1 1 1 1 1 1 1 1 0 0 1 1 1 1 0 1 0 0 0 1 1 1 0 0 0 1 0 0 1 0 1 0 1 1 1 0 1
 1 0 1 1 0 0 1 0 0 1 1 1 0 0 1 1 0 1 0 0 1 0 1 1 1 1]
At 16301/30000: COST 0.318/0.889(0.308) -- Acc 0.870/0.420(0.862)
[1 1 0 1 1 0 1 1 0 1 1 1 1 1 0 0 0 0 1 1 0 1 1 1 1 0 1 1 1 1 0 1 1 1 0 1 0
 1 1 0 1 0 0 0 0 1 0 1 0 1 1 0 1 0 0 1 0 1 0 1 0 0 1 1 1 0 1 1 0 1 1 0 0 0
 1 0 0 0 0 1 0 0 0 0 0 1 1 0 1 1 1 0 0 0 0 0 0 0 0 1]
At 16401/30000: COST 0.375/0.871(0.315) -- Acc 0.840/0.460(0.854)
[1 1 1 1 0 0 1 0 0 1 0 0 1 1 1 0 1 1 0 0 1 0 0 1 1 0 0 0 1 1 1 0 1 0 0 1 1
 1 0 0 1 0 0 0 0 1 1 0 1 0 0 1 1 0 0 1 1 0 1 1 0 0 0 1 1 1 1 0 1 1 1 0 0 1
 0 0 0 0 1 1 0 1 0 1 0 0 1 1 0 0 0 0 0 1 0 1 1 0 1 1]
At 16501/30000: COST 0.411/0.978(0.304) -- Acc 0.790/0.490(0.861)
[0 1 1 1 1 1 0 1 0 1 0 1 1 1 1 1 0 0 1 1 1 0 0 0 0 0 1 0 0 1 0 0 1 1 0 1 0
 1 0 1 0 1 1 0 1 1 0 1 0 0 1 1 1 0 1 1 1 0 1 1 0 1 1 1 1 1 0 1 1 1 1 1 1 1
 0 0 0 1 0 1 1 0 1 1 0 1 0 0 0 1 1 1 0 1 0 1 0 1 0 1]
At 16601/30000: COST 0.187/0.875(0.293) -- Acc 0.920/0.470(0.869)
[1 1 1 1 1 0 0 1 1 1 0 0 0 1 0 1 0 0 1 0 0 1 0 1 1 1 0 0 1 1 0 0 1 1 1 1 1
 0 0 0 1 1 1 1 0 0 1 0 1 0 1 0 1 0 1 1 1 0 1 0 1 1 0 0 0 1 0 0 1 0 1 1 1 0
 1 1 1 0 1 0 0 1 1 1 0 0 0 0 1 1 1 1 0 1 1 1 1 1 1 0]
At 16701/30000: COST 0.334/0.980(0.288) -- Acc 0.850/0.490(0.869)
[1 0 1 1 1 1 1 1 0 0 1 1 1 1 0 1 0 1 1 1 1 1 1 0 1 1 1 1 0 0 1 1 0 0 0 1 1
 1 1 1 0 1 1 1 1 1 0 0 1 0 1 0 0 0 1 1 0 1 0 0 1 0 1 1 0 0 1 1 0 0 1 0 1 0
 0 1 1 1 1 0 1 1 0 1 0 0 0 0 1 1 1 1 0 1 1 1 0 1 1 1]
At 16801/30000: COST 0.284/0.902(0.300) -- Acc 0.830/0.460(0.862)
[1 0 1 1 1 0 0 1 0 0 0 1 1 1 1 0 1 1 1 0 1 0 1 0 0 1 0 1 0 0 0 1 1 1 0 1 0
 1 1 1 0 1 1 1 1 0 1 1 1 1 1 0 0 1 1 1 1 1 1 1 1 1 1 0 1 1 0 0 0 0 0 0 1 0
 1 1 0 0 1 0 1 1 1 0 1 1 0 0 1 1 0 0 0 0 0 0 1 1 1 1]
At 16901/30000: COST 0.348/0.909(0.309) -- Acc 0.840/0.480(0.861)
[1 1 1 1 1 1 1 1 1 0 1 1 1 1 0 1 1 1 1 1 1 0 1 0 1 1 1 0 0 1 0 1 1 1 0 1 1
 1 1 1 0 1 1 1 1 1 1 0 1 1 1 1 1 1 1 1 1 1 1 0 1 1 0 0 0 1 1 0 1 0 0 1 0 1
 1 0 0 0 1 0 0 1 1 1 1 1 1 0 0 1 0 1 1 1 1 1 1 1 1 1]
At 17001/30000: COST 0.262/0.955(0.296) -- Acc 0.890/0.430(0.867)
[0 0 1 0 0 1 1 1 1 1 0 1 0 1 0 1 0 1 0 0 0 0 1 1 0 1 1 1 1 1 1 1 0 1 0 1 1
 0 1 1 0 1 0 1 0 0 1 1 0 0 1 1 0 1 0 0 0 0 0 0 1 1 1 1 1 1 0 1 1 1 1 0 1 0
 1 1 1 1 0 0 1 1 1 1 1 1 1 1 0 1 0 1 1 1 1 1 1 1 0 1]
At 17101/30000: COST 0.289/1.014(0.284) -- Acc 0.860/0.480(0.873)
[0 1 0 1 1 1 1 1 1 1 1 1 1 0 1 0 1 0 0 1 0 1 0 0 1 1 1 1 0 1 1 0 0 1 0 1 0
 1 1 1 0 1 1 0 1 0 1 1 1 1 1 1 1 1 1 0 1 1 0 1 1 1 1 0 0 1 0 1 0 0 1 1 1 1
 1 0 1 1 1 1 0 0 0 0 0 0 0 0 1 1 0 0 0 1 0 1 1 0 1 0]
At 17201/30000: COST 0.208/0.854(0.288) -- Acc 0.940/0.500(0.869)
[1 0 0 1 0 1 0 1 1 1 1 1 1 1 0 1 0 0 1 1 1 1 1 1 0 0 1 1 0 0 1 1 0 1 1 0 1
 1 1 1 1 0 1 1 0 0 1 0 1 0 1 1 0 1 1 0 0 0 1 0 1 1 0 1 0 1 0 0 1 0 1 0 1 1
 0 0 0 0 0 0 1 1 1 1 1 1 1 1 1 0 1 0 0 0 1 0 1 1 0 1]
At 17301/30000: COST 0.408/0.902(0.280) -- Acc 0.830/0.460(0.874)
[1 1 1 1 1 1 0 0 1 0 1 0 0 1 1 0 1 1 1 1 1 1 1 0 0 1 0 1 0 0 1 1 1 1 1 0 1
 1 1 0 0 1 0 0 1 1 1 1 1 1 1 1 0 1 0 1 0 1 0 1 0 1 0 1 0 0 1 1 1 0 1 0 1 1
 1 1 1 1 1 0 1 0 1 1 1 0 1 0 1 0 1 1 1 0 1 1 0 0 1 0]
At 17401/30000: COST 0.303/0.883(0.282) -- Acc 0.850/0.460(0.874)
[1 1 1 1 1 1 1 1 1 1 1 1 1 1 1 1 1 0 0 0 1 0 1 1 1 1 1 1 0 1 0 1 1 0 1 1 1
 1 1 1 1 0 1 1 1 1 0 1 1 1 0 1 0 0 1 1 1 0 1 0 1 1 1 1 1 1 1 1 1 1 1 1 1 1
 1 1 1 0 1 1 1 0 0 1 0 0 0 1 1 1 1 1 1 1 0 1 1 1 0 1]
At 17501/30000: COST 0.396/0.997(0.286) -- Acc 0.860/0.470(0.873)
[1 1 1 1 1 1 0 1 1 1 1 1 1 1 1 1 1 1 1 1 0 1 1 1 1 1 1 1 0 1 1 1 0 1 1 1 0
 1 0 1 1 1 1 0 1 1 1 1 1 0 0 1 1 0 1 0 0 1 0 1 1 0 1 1 1 1 1 0 1 1 0 1 1 1
 1 1 0 1 1 0 1 0 1 0 1 1 0 1 1 0 1 1 1 0 0 1 1 1 1 1]
At 17601/30000: COST 0.330/0.969(0.286) -- Acc 0.830/0.410(0.871)
[0 1 1 1 1 1 1 1 0 1 1 1 1 1 1 1 1 0 1 1 1 0 1 1 1 1 1 1 0 1 0 1 1 0 1 1 1
 1 1 1 1 1 1 0 0 0 0 1 0 1 1 1 0 1 1 0 0 1 1 1 1 1 1 0 1 1 1 0 0 1 0 0 1 1
 1 1 1 1 0 0 1 1 1 0 1 1 1 1 1 1 1 1 1 0 1 1 1 1 1 1]
At 17701/30000: COST 0.211/0.933(0.282) -- Acc 0.930/0.530(0.873)
[0 1 1 1 1 1 1 1 0 1 1 0 1 1 1 1 0 0 1 0 0 0 1 1 0 1 1 0 0 1 1 0 1 1 1 0 0
 0 1 1 1 1 1 1 1 0 1 0 1 0 1 1 0 0 1 1 1 0 1 0 0 0 1 1 1 0 1 0 1 0 0 0 1 0
 0 1 1 1 1 0 1 0 1 1 1 1 1 0 1 1 0 1 1 0 1 0 1 0 1 0]
At 17801/30000: COST 0.164/0.910(0.276) -- Acc 0.940/0.480(0.875)
[0 1 1 1 1 1 0 1 1 0 1 1 0 1 1 1 1 0 1 1 0 1 1 0 0 0 0 0 1 0 1 0 1 1 0 0 0
 1 1 1 0 0 1 1 1 1 1 1 0 1 1 1 0 1 0 0 1 0 0 1 1 1 1 1 0 1 0 0 0 1 1 0 0 0
 1 1 1 1 0 0 0 1 1 1 0 0 0 1 0 1 1 1 0 0 1 1 0 0 0 1]
At 17901/30000: COST 0.276/0.893(0.274) -- Acc 0.890/0.440(0.876)
[0 1 1 0 1 1 1 0 0 1 1 1 1 1 0 1 1 1 1 1 1 0 1 1 1 1 1 0 1 1 1 1 1 1 0 1 1
 1 1 1 1 1 1 1 1 1 1 0 1 0 1 1 1 0 1 1 0 0 1 1 1 0 1 1 1 1 1 0 0 1 1 1 0 0
 1 1 1 1 0 0 1 0 0 1 0 1 0 1 0 1 1 1 1 1 1 1 0 1 1 1]
At 18001/30000: COST 0.356/0.919(0.271) -- Acc 0.830/0.450(0.877)
[1 1 1 0 0 1 0 0 1 1 0 1 0 0 1 1 1 0 1 0 1 0 1 0 1 0 1 0 1 1 1 1 0 1 0 0 0
 0 0 1 1 1 1 1 1 1 0 1 1 1 1 1 1 1 0 1 1 1 1 1 0 0 0 1 1 0 0 0 0 0 1 1 0 0
 1 1 0 1 1 1 1 0 1 1 1 1 1 1 0 1 1 1 0 1 1 1 0 0 0 1]
At 18101/30000: COST 0.267/0.977(0.275) -- Acc 0.860/0.470(0.878)
[1 0 1 0 1 1 0 0 1 0 0 0 0 0 1 0 0 1 1 1 1 0 0 1 1 1 1 0 1 1 1 1 1 0 1 1 0
 0 0 1 1 0 1 1 1 1 1 0 1 1 0 0 1 1 1 1 0 0 1 1 0 1 1 1 0 1 1 1 1 0 1 1 0 1
 1 1 1 1 1 1 1 1 1 1 1 1 1 0 1 1 1 0 0 1 1 0 0 0 1 1]
At 18201/30000: COST 0.183/0.926(0.269) -- Acc 0.940/0.490(0.881)
[0 1 1 1 1 1 1 1 0 0 0 1 1 1 0 1 1 1 0 1 0 0 1 1 1 0 1 0 1 1 1 0 1 1 1 1 1
 1 0 1 1 1 0 0 1 1 1 0 1 1 1 1 1 1 0 1 1 1 0 1 1 1 0 1 0 0 1 1 1 0 1 0 1 1
 1 1 1 1 1 1 0 0 1 0 0 0 1 0 0 1 1 1 1 1 1 1 1 0 1 0]
At 18301/30000: COST 0.319/1.033(0.265) -- Acc 0.830/0.460(0.883)
[0 0 0 0 1 0 1 1 1 0 0 1 1 0 1 1 0 1 1 0 1 1 1 0 0 0 1 1 1 0 0 1 1 0 1 0 1
 1 1 1 0 0 1 1 0 1 1 0 0 1 0 1 1 0 1 0 1 0 1 0 1 0 0 0 0 1 1 1 1 0 0 1 0 1
 1 0 1 1 0 0 1 0 1 1 1 1 1 0 1 0 1 1 0 1 0 1 1 1 1 0]
At 18401/30000: COST 0.212/1.014(0.273) -- Acc 0.910/0.480(0.882)
[1 0 0 0 1 1 1 0 1 1 1 1 1 0 1 1 1 1 1 0 0 1 1 1 1 1 1 0 0 1 1 0 1 0 1 0 1
 0 1 0 1 0 1 1 1 0 0 1 0 1 1 1 1 1 1 0 1 0 0 0 0 1 0 1 1 1 0 0 1 1 1 0 1 1
 0 1 1 1 1 0 1 1 1 0 1 1 1 0 1 0 0 1 1 0 1 1 0 1 1 1]
At 18501/30000: COST 0.253/1.017(0.264) -- Acc 0.900/0.480(0.884)
[1 1 0 1 0 1 0 0 1 1 0 1 0 1 1 0 0 1 0 1 1 1 1 0 1 0 0 1 1 0 1 0 1 0 1 1 0
 0 0 0 0 0 1 0 1 1 0 0 1 1 1 1 1 1 1 1 1 0 1 1 1 1 0 1 1 0 0 0 1 1 0 0 1 1
 0 0 1 1 1 1 0 1 1 0 1 1 0 0 0 1 1 1 0 0 0 1 0 1 1 0]
At 18601/30000: COST 0.224/1.079(0.254) -- Acc 0.900/0.440(0.890)
[0 1 1 0 1 1 1 1 1 1 0 0 1 0 0 1 0 0 1 1 1 0 1 1 1 0 1 1 0 0 0 1 1 0 1 0 1
 1 1 1 1 1 1 0 0 1 1 0 0 0 1 1 1 1 1 1 0 0 1 0 1 1 1 0 0 1 1 1 0 1 0 1 1 1
 1 1 1 1 1 0 1 1 1 0 1 0 0 0 0 0 1 0 1 1 0 1 0 1 1 0]
At 18701/30000: COST 0.263/0.913(0.269) -- Acc 0.900/0.430(0.883)
[1 1 0 1 1 1 1 1 1 1 1 1 1 1 1 0 1 0 0 1 1 1 1 1 1 1 0 0 1 0 1 1 1 0 1 0 1
 1 0 1 1 1 1 1 1 0 0 0 1 1 1 0 0 1 1 1 1 1 1 0 1 1 0 1 0 0 0 1 1 1 1 0 1 1
 1 0 1 0 0 1 1 1 0 1 1 0 1 0 1 0 1 0 1 1 0 0 1 1 1 1]
At 18801/30000: COST 0.311/1.007(0.271) -- Acc 0.850/0.440(0.882)
[0 1 1 0 0 1 0 1 1 0 1 1 1 0 0 0 0 1 0 1 1 0 0 1 0 0 1 1 1 0 1 1 1 1 0 1 1
 1 1 0 0 1 0 0 0 0 0 0 1 1 1 0 1 1 1 1 0 0 0 1 1 0 1 1 0 0 1 1 0 1 1 0 1 0
 0 1 0 0 1 0 1 0 1 0 0 1 0 0 0 1 1 1 0 1 1 0 0 1 0 1]
At 18901/30000: COST 0.251/0.981(0.264) -- Acc 0.870/0.450(0.886)
[1 1 0 0 0 0 0 0 0 1 1 1 0 1 1 1 1 1 0 0 1 0 1 1 0 0 1 1 0 1 0 1 1 1 1 0 0
 1 1 1 1 1 1 1 1 1 1 1 1 1 0 1 1 1 0 0 1 1 1 1 1 0 0 0 0 1 0 0 1 1 1 1 1 1
 1 1 0 1 0 1 0 1 1 1 1 1 0 1 1 0 0 0 1 1 0 1 1 0 1 1]
At 19001/30000: COST 0.259/1.012(0.264) -- Acc 0.850/0.440(0.885)
[0 1 0 0 1 0 0 1 1 1 1 1 0 1 1 1 1 0 0 0 0 0 0 1 0 0 1 1 0 1 1 0 0 0 1 0 1
 0 1 1 1 1 0 0 0 1 1 1 0 1 1 0 1 1 1 1 0 0 1 1 0 0 1 0 1 1 0 0 1 1 1 1 1 1
 1 1 0 1 1 1 0 1 0 0 1 1 1 1 0 1 1 1 1 1 1 1 1 1 0 1]
At 19101/30000: COST 0.110/1.066(0.248) -- Acc 0.960/0.510(0.893)
[1 0 1 0 1 0 1 1 0 1 0 1 0 0 0 0 1 0 1 1 0 0 1 0 0 0 0 0 0 1 0 1 1 1 0 1 1
 0 1 1 1 1 0 1 1 0 1 1 0 0 1 1 1 0 0 0 1 1 1 0 0 1 1 1 1 1 1 1 1 0 0 0 1 1
 1 1 1 0 1 0 1 1 1 1 0 1 1 1 0 1 1 1 0 0 0 1 0 0 1 1]
At 19201/30000: COST 0.208/0.942(0.249) -- Acc 0.930/0.430(0.893)
[1 1 1 1 1 1 1 1 0 0 1 1 1 1 1 1 0 1 1 0 1 0 0 1 1 1 1 1 0 0 0 1 0 1 1 1 1
 1 0 1 1 0 1 0 0 1 1 1 1 1 1 1 1 1 1 1 1 1 0 0 1 1 1 1 1 1 0 1 0 1 1 0 1 0
 1 0 1 0 1 0 1 1 1 1 0 1 1 0 0 1 1 0 1 1 1 1 1 0 1 1]
At 19301/30000: COST 0.408/0.958(0.263) -- Acc 0.850/0.490(0.884)
[1 1 1 0 1 0 1 0 1 0 0 1 0 0 1 0 1 0 0 0 1 1 1 1 1 0 1 0 1 1 1 0 0 1 0 1 0
 1 0 0 1 0 1 0 0 0 1 1 1 0 1 0 0 1 1 1 1 1 0 1 1 0 0 1 1 0 0 0 1 0 0 1 1 1
 0 0 1 1 0 1 0 1 1 0 1 0 1 1 0 1 0 0 1 0 0 0 0 1 0 1]
At 19401/30000: COST 0.222/1.022(0.262) -- Acc 0.940/0.450(0.889)
[0 0 1 0 1 1 0 1 0 1 0 1 0 0 1 0 1 0 0 1 1 1 1 0 0 0 1 1 0 0 1 1 0 1 1 1 1
 0 0 0 1 0 0 0 0 0 1 1 1 0 0 0 1 1 1 0 1 0 0 1 1 1 1 1 0 0 0 1 1 0 1 0 1 0
 1 1 0 1 0 1 0 0 1 1 1 0 1 1 1 0 1 0 0 1 0 0 0 1 0 1]
At 19501/30000: COST 0.198/1.077(0.252) -- Acc 0.910/0.440(0.891)
[1 1 0 1 1 1 1 1 1 1 1 1 1 1 0 0 1 1 1 1 1 1 1 1 1 1 1 0 0 1 1 1 1 0 1 1 0
 1 1 1 1 1 0 1 1 0 1 1 1 0 1 1 0 1 1 0 1 0 1 0 1 1 1 1 1 1 1 1 1 1 1 1 0 0
 0 0 0 1 1 1 0 1 1 1 1 0 0 0 1 0 1 1 0 1 1 0 1 1 1 1]
At 19601/30000: COST 0.290/0.918(0.257) -- Acc 0.870/0.470(0.889)
[1 0 1 1 1 1 1 1 1 0 0 1 1 1 0 0 0 0 1 1 0 0 1 1 1 1 0 0 0 1 0 0 1 0 1 1 1
 1 1 0 1 0 0 0 0 1 0 0 1 1 0 0 0 1 0 1 1 1 0 0 1 1 0 1 0 0 0 0 0 1 0 1 0 1
 0 1 0 0 1 0 1 0 0 0 0 0 1 1 1 0 0 1 1 0 1 1 0 1 1 1]
At 19701/30000: COST 0.266/1.063(0.263) -- Acc 0.900/0.460(0.886)
[1 0 1 1 1 0 0 0 1 1 0 1 0 1 1 1 1 1 1 1 1 0 1 0 0 1 0 0 0 0 1 1 0 0 0 0 1
 0 0 1 1 0 1 1 0 1 1 1 1 0 0 0 1 1 1 0 0 0 1 1 0 0 1 0 1 0 1 0 0 0 1 1 0 1
 1 1 1 0 1 0 1 0 0 1 0 1 0 1 1 0 1 1 1 1 0 0 0 0 1 1]
At 19801/30000: COST 0.176/1.045(0.240) -- Acc 0.920/0.410(0.897)
[1 1 1 0 1 0 1 1 0 1 1 1 1 0 1 0 1 0 1 0 1 1 0 0 0 0 1 0 1 1 1 1 1 1 1 1 1
 1 0 1 0 1 0 1 0 1 0 0 1 1 1 0 0 0 0 1 1 1 0 1 0 1 1 1 1 0 0 1 1 1 1 1 1 1
 1 1 1 1 1 0 1 1 1 1 0 0 1 1 0 0 1 1 0 1 1 0 1 1 0 0]
At 19901/30000: COST 0.272/1.036(0.256) -- Acc 0.890/0.440(0.889)
[1 0 1 0 1 0 1 0 0 0 1 0 1 1 0 1 1 0 0 1 1 1 0 1 1 1 0 1 0 0 0 0 1 1 0 0 0
 0 1 0 1 1 1 1 1 0 1 1 1 0 1 1 0 0 0 0 1 0 0 1 0 1 0 1 1 0 1 0 0 0 1 1 0 1
 1 0 0 0 1 1 1 0 1 1 1 0 1 0 0 0 1 0 0 1 0 1 0 0 0 1]
At 20001/30000: COST 0.222/1.136(0.247) -- Acc 0.920/0.450(0.895)
[1 1 1 0 0 1 0 1 1 0 0 1 0 0 1 1 1 1 0 0 0 1 1 0 1 1 1 1 0 1 1 0 1 0 1 1 1
 0 0 0 1 1 0 1 0 0 1 1 1 1 0 1 1 1 0 0 0 1 0 1 1 0 1 1 0 1 0 1 1 1 1 1 0 1
 0 1 1 1 1 1 1 0 1 0 0 1 0 0 0 0 1 0 1 0 1 1 1 0 0 0]
At 20101/30000: COST 0.207/1.171(0.244) -- Acc 0.900/0.450(0.897)
[1 1 0 1 1 1 1 1 0 1 1 1 0 1 1 0 1 1 1 1 1 1 0 1 0 0 0 1 1 1 1 1 0 0 1 0 1
 0 1 1 0 1 1 0 1 1 1 1 1 1 1 0 1 1 0 1 0 0 0 1 0 1 1 1 0 0 1 1 1 1 1 0 1 0
 0 0 0 0 1 1 1 1 0 1 0 1 0 0 1 1 0 1 0 1 0 1 0 1 0 0]
At 20201/30000: COST 0.203/1.068(0.229) -- Acc 0.910/0.470(0.902)
[0 1 1 0 0 0 0 1 1 1 1 1 0 0 1 1 0 1 1 1 1 1 1 1 1 1 0 0 1 1 0 1 0 1 1 1 1
 1 1 0 1 1 0 0 1 1 0 1 1 1 1 0 1 0 1 1 0 1 0 1 1 1 0 1 0 1 1 1 1 0 1 1 1 1
 1 0 1 0 0 1 1 0 0 1 1 0 1 1 1 1 0 0 1 0 1 1 0 1 1 0]
At 20301/30000: COST 0.209/1.114(0.241) -- Acc 0.910/0.430(0.897)
[0 0 0 1 1 0 0 0 0 0 0 1 1 0 1 0 1 0 0 0 1 1 1 1 1 1 0 1 1 0 0 0 0 1 1 1 0
 0 1 1 1 0 1 0 0 1 1 0 1 0 0 0 0 1 1 0 1 0 1 1 0 0 1 0 1 0 1 1 1 0 1 0 1 1
 0 1 1 1 1 0 1 1 0 1 1 0 1 1 1 1 1 1 0 0 0 1 1 1 0 1]
At 20401/30000: COST 0.211/0.980(0.245) -- Acc 0.930/0.480(0.897)
[1 1 1 0 1 1 1 0 1 0 1 0 1 1 0 1 1 1 0 0 1 0 1 0 0 0 0 0 0 1 1 1 0 0 1 1 1
 0 1 0 0 0 1 0 1 0 0 1 1 0 0 0 0 1 0 0 0 0 1 1 0 1 0 1 0 1 0 1 1 1 0 0 1 1
 1 0 0 1 0 0 1 1 1 1 0 1 1 0 0 0 0 0 0 1 0 1 0 1 0 1]
At 20501/30000: COST 0.244/0.977(0.250) -- Acc 0.850/0.420(0.894)
[0 1 0 0 0 1 1 0 0 0 0 1 1 1 0 0 1 1 0 0 1 1 0 0 1 0 0 1 1 0 1 1 1 0 1 1 0
 0 0 0 1 1 1 0 0 1 1 1 1 1 1 1 0 1 0 1 0 0 1 1 0 1 1 1 0 1 0 1 0 1 1 0 1 0
 1 0 0 0 0 1 0 0 1 1 1 1 0 1 0 1 0 0 0 0 1 1 1 1 0 1]
At 20601/30000: COST 0.232/1.054(0.238) -- Acc 0.870/0.480(0.900)
[1 0 0 1 0 0 0 0 0 1 1 1 1 1 0 1 0 0 0 1 0 1 1 1 1 1 0 0 0 1 0 0 1 0 0 1 0
 0 0 0 1 1 1 0 0 0 0 1 1 1 0 1 0 1 0 1 0 0 1 1 0 0 1 0 0 1 0 1 0 1 1 1 0 0
 0 1 1 0 0 1 0 0 0 0 0 0 0 0 1 0 1 1 1 0 0 1 1 1 1 1]
At 20701/30000: COST 0.221/1.043(0.235) -- Acc 0.900/0.430(0.901)
[1 0 1 1 0 1 1 0 1 1 0 0 1 1 0 1 1 1 1 1 0 0 0 0 1 0 1 0 1 1 1 0 0 1 1 0 1
 1 1 1 1 1 1 1 0 0 1 1 1 0 1 1 1 0 1 1 0 1 0 1 0 1 1 0 0 1 0 0 1 0 1 1 0 1
 0 0 1 0 1 1 1 0 1 0 1 0 1 1 1 1 0 1 0 1 1 0 0 0 0 1]
At 20801/30000: COST 0.240/1.093(0.229) -- Acc 0.920/0.450(0.903)
[1 0 0 0 0 0 0 1 0 0 1 1 1 1 1 1 1 0 1 1 0 0 0 1 1 1 1 0 1 0 1 1 1 0 1 1 1
 1 1 1 1 0 0 1 0 1 1 0 1 1 0 0 1 1 1 1 1 0 0 1 1 0 0 1 1 0 1 0 1 0 1 0 1 0
 1 1 0 1 1 1 0 0 1 1 0 1 1 1 0 0 1 1 0 1 1 1 1 1 1 1]
At 20901/30000: COST 0.176/1.020(0.232) -- Acc 0.940/0.460(0.904)
[1 1 1 0 0 1 1 1 1 0 1 1 0 1 1 1 0 1 0 1 1 0 0 0 0 1 0 1 1 1 0 1 0 1 0 0 1
 1 0 1 1 1 0 1 1 0 1 0 1 1 0 1 1 1 1 0 0 1 1 0 1 0 0 0 1 1 0 0 1 0 1 1 1 0
 0 1 1 0 1 1 0 0 1 1 0 1 1 0 1 0 0 0 1 1 0 0 0 1 1 1]
At 21001/30000: COST 0.234/1.029(0.228) -- Acc 0.910/0.470(0.906)
[0 1 1 0 1 1 1 0 0 1 1 1 1 0 1 0 1 0 0 1 1 0 1 0 1 1 1 0 0 0 0 0 0 0 0 1 0
 0 1 1 1 0 1 0 0 1 1 1 0 1 0 0 1 0 0 1 1 0 0 0 0 0 0 0 0 1 1 0 1 0 1 0 1 0
 1 0 0 1 1 0 0 0 1 0 1 0 0 1 0 1 1 1 1 0 0 1 1 1 1 1]
At 21101/30000: COST 0.287/0.988(0.238) -- Acc 0.870/0.420(0.901)
[0 1 1 1 1 1 0 1 1 1 0 1 0 1 1 1 1 1 0 0 1 0 1 1 1 1 0 0 1 1 0 1 1 1 0 0 1
 1 1 1 1 1 1 1 1 1 1 1 1 0 0 0 0 0 0 0 1 0 1 1 1 0 1 0 1 1 1 1 1 1 0 1 0 0
 1 0 1 1 1 0 1 1 1 0 0 0 1 1 0 1 0 1 1 0 1 0 1 1 1 1]
At 21201/30000: COST 0.259/0.962(0.239) -- Acc 0.900/0.450(0.899)
[1 0 1 0 1 1 1 0 1 0 1 1 1 0 1 0 0 1 1 1 1 0 1 0 0 1 0 0 1 1 1 1 0 1 0 0 0
 0 1 1 0 0 1 1 1 1 1 0 1 1 1 0 1 1 0 1 0 0 1 0 1 0 1 0 1 0 1 1 1 1 0 1 1 0
 1 1 0 0 1 0 1 0 1 1 0 1 0 1 1 0 1 0 1 0 1 0 1 0 1 1]
At 21301/30000: COST 0.225/0.938(0.225) -- Acc 0.900/0.480(0.907)
[0 1 1 0 1 1 1 0 1 1 1 0 1 1 1 0 0 0 1 0 1 1 0 0 0 1 1 1 1 1 1 0 1 1 1 0 0
 0 1 1 1 1 0 0 1 1 0 1 0 1 1 1 0 1 1 0 0 0 0 1 0 1 1 0 0 0 1 1 1 0 0 1 0 0
 1 0 1 1 1 1 1 1 1 1 0 0 1 1 1 1 1 0 1 1 1 0 1 0 0 1]
At 21401/30000: COST 0.152/1.156(0.218) -- Acc 0.920/0.360(0.910)
[0 0 0 0 0 1 1 1 1 0 0 0 1 1 1 1 0 1 1 1 1 0 1 1 1 0 1 0 1 1 1 1 1 1 1 0 1
 0 1 1 1 1 1 0 1 1 0 1 1 1 1 0 1 0 1 0 0 1 1 1 1 0 0 1 0 1 1 0 0 1 0 1 0 1
 1 1 0 1 0 0 0 1 1 1 1 0 1 0 1 0 0 0 1 0 1 1 1 1 1 1]
At 21501/30000: COST 0.300/1.277(0.210) -- Acc 0.870/0.400(0.914)
[1 1 0 1 1 0 1 1 1 0 1 0 1 0 1 0 1 0 1 1 1 1 1 0 1 1 0 1 1 1 1 0 1 0 1 0 1
 1 1 1 1 1 1 0 0 0 0 1 0 1 1 1 1 1 1 1 1 0 1 1 1 0 1 1 0 1 1 1 0 0 0 1 0 0
 0 1 1 0 1 1 0 1 1 1 0 0 1 1 0 1 0 0 1 0 1 0 0 1 1 0]
At 21601/30000: COST 0.138/1.037(0.211) -- Acc 0.950/0.440(0.912)
[0 0 1 0 1 1 1 0 1 0 1 0 1 0 1 0 1 1 0 1 1 0 1 0 1 1 0 1 1 1 1 0 1 1 0 0 1
 1 0 1 0 1 0 1 1 1 1 1 0 1 1 1 1 0 1 1 0 0 1 1 1 1 0 1 0 0 0 1 1 0 1 1 0 0
 1 0 0 1 1 0 1 1 1 1 1 1 1 0 0 1 1 1 0 1 0 0 1 1 0 1]
At 21701/30000: COST 0.218/1.055(0.201) -- Acc 0.900/0.450(0.917)
[0 0 0 1 1 0 1 0 1 0 1 0 1 0 1 0 0 1 1 0 1 1 0 1 0 0 0 0 0 1 1 1 1 0 0 0 0
 1 0 0 1 0 1 1 1 1 0 1 1 0 1 0 1 0 0 0 1 1 1 0 1 0 1 1 1 1 0 1 0 0 1 0 1 1
 1 1 1 1 1 0 1 1 1 1 1 0 1 0 0 1 0 0 0 1 0 0 0 0 0 1]
At 21801/30000: COST 0.169/1.082(0.217) -- Acc 0.920/0.410(0.912)
[1 0 0 0 1 1 1 1 1 0 0 1 0 1 1 0 1 0 1 1 1 0 1 0 1 1 1 0 0 1 1 1 1 1 1 1 1
 0 1 0 0 1 0 1 0 0 1 0 1 0 0 1 0 1 0 1 1 0 1 1 0 0 0 1 0 0 1 0 1 0 1 0 1 1
 1 0 1 1 0 0 0 0 1 0 0 0 0 1 1 1 0 0 0 0 1 0 0 0 1 0]
At 21901/30000: COST 0.158/1.082(0.219) -- Acc 0.920/0.500(0.911)
[1 1 1 0 1 1 1 1 1 1 1 1 1 0 1 1 1 1 1 0 1 1 0 1 1 1 0 1 1 0 1 1 1 1 1 1 0
 0 1 0 1 1 1 1 0 1 1 1 1 1 0 0 1 1 1 1 1 1 0 1 1 1 1 1 1 1 1 1 1 1 0 1 1 1
 1 1 1 1 0 0 1 0 1 1 1 0 1 1 0 1 0 0 0 0 0 0 1 0 0 0]
At 22001/30000: COST 0.325/1.085(0.212) -- Acc 0.830/0.430(0.912)
[0 1 1 0 0 1 0 1 1 0 0 1 1 0 1 1 0 1 1 0 1 1 0 1 1 0 1 1 1 1 1 0 1 0 1 0 0
 1 1 1 1 1 0 0 1 0 0 1 1 0 0 1 1 0 0 1 0 1 0 1 1 1 0 1 0 1 0 1 0 1 1 1 0 0
 0 1 0 1 1 0 1 1 1 1 1 1 0 1 1 0 0 1 1 1 1 0 0 0 0 0]
At 22101/30000: COST 0.204/1.069(0.212) -- Acc 0.880/0.490(0.913)
[0 1 1 1 0 1 0 1 0 1 0 0 0 1 0 0 1 0 1 1 0 1 0 0 0 1 1 1 1 0 1 1 1 0 1 0 1
 1 1 1 1 1 1 0 0 1 1 1 1 1 1 1 1 1 0 0 1 0 1 1 0 0 1 1 0 0 1 0 1 1 0 1 0 1
 1 1 1 1 0 0 0 1 0 1 1 1 0 1 1 0 1 1 1 0 0 0 1 1 0 0]
At 22201/30000: COST 0.199/1.184(0.211) -- Acc 0.930/0.450(0.913)
[1 1 1 1 0 0 0 0 0 1 0 1 1 1 1 1 1 1 1 0 1 1 1 0 0 1 0 1 1 0 1 1 1 1 0 0 1
 0 1 1 0 1 1 1 0 1 1 0 1 0 1 1 1 0 1 1 1 0 1 1 1 1 0 0 0 1 0 1 0 0 1 1 1 1
 1 1 1 1 0 0 1 1 1 1 0 0 0 0 1 1 1 0 0 0 1 0 0 1 1 0]
At 22301/30000: COST 0.223/1.060(0.221) -- Acc 0.920/0.470(0.908)
[1 0 0 1 1 0 1 1 0 0 0 1 1 0 0 0 0 1 0 0 1 1 1 0 1 1 1 0 0 1 1 0 0 0 1 1 0
 0 0 1 1 1 0 1 0 0 1 1 0 0 0 1 1 1 1 0 0 0 1 0 0 1 1 1 1 0 0 1 1 1 1 1 0 1
 0 0 0 1 0 0 1 1 1 1 1 1 1 0 0 0 1 1 1 0 0 0 0 1 1 0]
At 22401/30000: COST 0.175/1.151(0.212) -- Acc 0.940/0.490(0.913)
[0 0 0 1 1 0 1 0 1 1 0 0 1 0 1 0 1 0 1 1 0 1 1 1 1 1 0 0 1 0 1 0 0 0 1 1 1
 1 0 0 0 1 0 0 0 0 0 1 1 1 1 0 0 1 0 0 0 1 1 1 1 0 0 1 1 1 1 0 1 0 0 1 1 1
 1 0 1 1 1 0 1 1 1 0 1 1 1 0 1 1 1 1 1 1 1 0 0 0 0 0]
At 22501/30000: COST 0.358/1.165(0.199) -- Acc 0.870/0.470(0.919)
[1 1 0 0 1 1 0 1 0 1 1 1 0 1 1 0 0 1 1 1 0 1 0 0 0 0 0 0 1 1 0 1 0 0 0 1 1
 1 0 1 0 1 0 0 1 0 0 1 1 1 1 0 1 0 1 0 0 1 1 0 1 1 0 1 0 0 0 0 1 1 1 1 0 1
 1 0 0 0 0 0 1 0 1 1 1 0 0 1 1 1 0 1 1 1 1 1 0 0 1 0]
At 22601/30000: COST 0.227/1.083(0.209) -- Acc 0.920/0.500(0.915)
[1 1 1 1 0 1 1 1 0 1 0 0 1 1 1 0 0 1 0 0 1 0 1 1 1 1 1 0 0 1 1 1 0 0 0 0 1
 1 1 1 1 1 0 1 1 0 0 0 1 1 0 1 0 1 0 1 0 0 0 1 1 1 0 0 0 0 1 1 1 0 1 0 1 1
 1 1 0 1 1 0 1 1 1 0 0 1 1 1 0 1 1 0 1 1 1 1 0 1 0 0]
At 22701/30000: COST 0.249/1.167(0.209) -- Acc 0.930/0.470(0.914)
[1 0 1 0 0 0 0 0 1 0 1 0 0 0 1 0 1 0 0 1 1 0 1 0 1 1 1 0 1 1 1 0 0 0 1 0 1
 0 0 1 1 0 0 0 1 1 0 0 1 1 1 0 0 0 0 0 1 1 1 0 0 0 1 1 1 1 1 0 0 0 1 1 0 1
 0 0 1 1 0 0 0 1 1 1 1 0 0 0 1 0 1 1 0 1 0 0 0 1 1 0]
At 22801/30000: COST 0.253/1.174(0.196) -- Acc 0.910/0.500(0.920)
[1 1 0 0 1 0 1 0 1 0 1 0 0 1 0 0 0 0 1 0 0 0 0 1 1 1 1 0 1 0 0 1 0 1 0 1 1
 1 1 1 1 1 0 1 0 1 1 1 1 0 0 0 1 0 0 0 0 1 0 0 0 0 0 0 0 0 0 1 1 1 0 0 1 0
 1 1 0 1 0 0 0 0 1 0 1 1 0 1 1 1 0 1 1 0 1 0 1 0 1 0]
At 22901/30000: COST 0.209/1.167(0.212) -- Acc 0.910/0.480(0.912)
[1 0 0 0 0 0 1 1 1 1 1 0 0 1 1 1 1 0 0 1 1 1 1 1 0 1 1 1 0 0 0 0 1 1 0 0 1
 1 0 1 1 1 1 1 1 1 0 0 1 1 0 1 0 1 0 1 0 0 0 0 0 1 0 0 1 1 0 1 0 1 1 1 0 1
 1 1 0 0 1 0 1 1 1 1 0 0 1 0 0 1 0 0 0 0 1 0 0 0 1 1]
At 23001/30000: COST 0.284/1.093(0.220) -- Acc 0.900/0.470(0.911)
[1 0 1 1 0 0 0 0 0 1 1 0 1 1 1 1 0 1 0 0 0 0 1 0 1 0 1 0 1 0 0 1 1 1 0 1 1
 0 0 1 1 0 0 1 0 1 1 0 0 0 0 1 1 1 0 0 1 1 0 1 1 1 1 1 0 1 1 1 1 0 0 1 0 1
 0 1 0 0 1 0 1 1 1 0 0 1 1 0 0 0 0 1 1 0 0 1 1 0 1 0]
At 23101/30000: COST 0.249/1.224(0.209) -- Acc 0.920/0.490(0.916)
[0 0 0 1 1 1 0 1 0 0 0 0 1 0 0 0 1 0 1 1 0 1 0 0 0 1 0 1 0 0 0 1 1 1 0 0 0
 0 0 0 1 1 0 0 0 1 1 1 1 0 0 0 0 0 0 0 1 0 0 0 0 0 1 1 1 0 0 0 0 0 0 1 0 0
 1 0 0 0 1 1 1 0 1 0 0 0 0 0 1 0 0 0 1 1 0 0 1 1 0 1]
At 23201/30000: COST 0.184/1.296(0.205) -- Acc 0.890/0.450(0.917)
[1 1 0 1 0 0 1 1 0 1 0 0 1 0 1 1 1 1 1 0 1 1 0 0 1 1 0 0 0 0 0 0 1 1 0 1 1
 0 1 1 0 1 1 1 1 1 1 0 0 0 0 1 1 0 0 0 0 0 1 0 1 0 1 0 1 1 0 1 0 1 0 0 1 0
 0 1 0 1 0 0 1 0 1 1 1 0 0 1 1 1 0 1 0 0 0 1 1 1 0 0]
At 23301/30000: COST 0.169/1.323(0.201) -- Acc 0.930/0.420(0.921)
[1 1 1 1 0 1 0 0 1 1 0 0 0 1 1 0 1 1 0 0 1 1 1 0 1 1 1 1 0 1 1 1 0 1 0 0 0
 1 1 1 0 1 0 1 0 1 1 0 1 0 0 0 1 1 1 1 1 0 0 1 1 0 0 1 1 0 1 0 1 1 1 1 1 0
 1 1 1 1 0 0 1 0 0 0 0 1 1 1 1 1 1 0 0 0 1 0 1 1 0 0]
At 23401/30000: COST 0.227/1.208(0.214) -- Acc 0.900/0.480(0.913)
[0 0 1 0 1 1 0 0 1 1 1 0 0 0 0 0 1 0 0 0 1 0 1 1 0 1 1 1 0 1 1 0 1 0 1 0 0
 1 1 0 1 0 0 1 0 0 1 1 1 0 1 1 1 1 1 0 1 0 1 0 1 0 1 0 0 1 1 1 1 0 0 1 1 0
 1 1 1 0 1 1 1 0 0 0 1 1 1 0 1 0 1 1 0 1 0 0 0 0 0 1]
At 23501/30000: COST 0.288/1.447(0.209) -- Acc 0.900/0.420(0.919)
[1 1 0 1 1 0 1 0 0 1 0 0 0 0 1 1 0 0 1 0 0 1 1 1 1 0 0 0 1 1 1 0 0 1 0 0 1
 0 0 0 0 1 1 0 0 1 1 1 0 0 0 0 0 1 1 1 0 1 0 0 0 1 0 0 1 1 0 0 0 0 1 0 1 0
 0 0 0 1 1 0 0 0 0 1 1 0 0 0 0 0 0 0 1 1 1 1 0 0 0 1]
At 23601/30000: COST 0.246/1.239(0.203) -- Acc 0.910/0.420(0.919)
[0 1 0 0 0 0 1 0 1 1 1 1 1 1 0 1 0 1 1 0 1 1 1 1 0 0 0 1 0 1 1 0 0 0 0 0 0
 1 1 1 0 1 0 1 1 1 0 0 1 0 0 0 1 1 1 1 1 1 1 1 1 0 1 1 1 0 0 1 0 1 0 1 1 0
 0 0 1 1 0 1 0 1 1 1 0 0 0 1 1 1 1 1 0 1 0 0 1 0 1 1]
At 23701/30000: COST 0.259/1.194(0.203) -- Acc 0.890/0.440(0.920)
[0 0 1 1 0 1 0 1 1 0 1 0 1 0 0 1 1 1 0 0 1 1 0 0 0 1 1 0 1 1 1 0 0 0 1 0 1
 0 0 0 0 1 1 0 1 0 1 1 0 1 0 0 1 0 1 0 0 0 0 0 1 0 0 1 1 0 1 0 0 1 1 1 1 0
 1 1 0 0 1 1 1 1 1 0 0 1 0 1 0 0 0 1 0 1 1 0 0 1 1 1]
At 23801/30000: COST 0.139/1.336(0.202) -- Acc 0.930/0.450(0.918)
[1 0 0 1 1 0 1 1 0 1 0 0 0 1 1 0 0 0 1 0 1 1 0 1 1 0 0 0 1 1 1 1 1 0 0 1 1
 1 1 1 0 1 1 1 1 0 1 1 1 0 1 0 1 1 0 1 1 1 0 0 0 1 1 1 1 0 1 0 1 1 1 1 0 1
 0 1 0 1 0 1 0 1 1 1 0 1 0 0 1 0 0 0 1 0 0 0 1 1 1 0]
At 23901/30000: COST 0.172/1.210(0.194) -- Acc 0.920/0.470(0.921)
[0 1 0 0 1 1 1 0 0 0 1 0 1 0 0 1 1 1 1 1 0 1 1 0 0 1 0 1 0 1 0 1 0 1 0 0 0
 0 1 1 1 1 1 0 1 1 0 1 0 1 1 0 1 1 1 1 0 1 1 0 0 0 1 0 1 1 1 0 1 1 0 0 1 1
 0 0 0 0 0 1 1 1 1 1 0 1 1 1 1 0 1 1 0 1 1 1 0 1 1 0]
At 24001/30000: COST 0.158/1.182(0.190) -- Acc 0.960/0.450(0.926)
[1 1 1 1 0 0 1 1 1 1 1 0 0 0 1 1 0 0 0 1 0 0 0 1 1 0 0 0 0 0 1 1 1 1 0 0 0
 1 1 0 0 1 1 0 0 0 1 1 1 1 1 1 0 1 1 1 0 0 0 1 1 0 0 1 0 0 1 0 0 1 0 1 0 1
 0 1 1 0 1 1 0 0 1 1 0 1 1 0 0 1 0 1 0 1 1 0 0 0 0 0]
At 24101/30000: COST 0.184/1.197(0.185) -- Acc 0.890/0.490(0.925)
[1 0 0 0 0 0 0 0 1 1 0 0 1 0 0 1 1 1 0 1 0 0 0 1 0 1 0 0 1 0 0 1 1 1 0 0 1
 0 0 1 1 0 1 1 1 1 1 0 1 0 0 1 0 0 1 1 1 1 0 0 0 0 0 1 1 1 1 0 0 0 1 0 1 0
 1 1 0 0 0 1 1 0 1 0 1 1 0 0 1 0 0 0 1 1 1 0 0 0 1 0]
At 24201/30000: COST 0.179/1.253(0.189) -- Acc 0.910/0.470(0.923)
[1 0 0 0 0 1 0 1 0 1 1 0 0 0 0 1 1 0 1 1 0 0 0 0 0 0 1 0 1 0 0 1 1 0 0 0 1
 0 0 0 1 1 1 0 0 1 0 1 1 0 0 1 0 1 0 1 1 1 1 0 1 1 1 1 1 0 0 1 1 0 1 1 1 0
 1 1 0 0 0 1 1 1 0 0 1 1 1 0 0 1 1 1 0 0 1 1 0 0 1 0]
At 24301/30000: COST 0.195/1.249(0.185) -- Acc 0.950/0.490(0.927)
[0 1 1 0 0 1 1 0 1 0 0 1 1 0 0 0 0 1 0 1 0 0 0 0 0 0 1 1 1 1 0 0 1 1 0 1 1
 0 0 0 1 1 0 1 0 1 0 0 1 1 0 0 0 1 0 0 1 1 0 1 0 1 0 1 1 1 1 0 1 0 1 0 0 1
 1 1 0 1 1 0 0 0 0 1 1 0 1 0 0 1 0 1 1 1 1 0 1 1 1 0]
At 24401/30000: COST 0.172/1.187(0.195) -- Acc 0.940/0.450(0.923)
[1 0 0 1 0 1 1 1 1 1 1 1 1 1 0 0 0 0 1 1 0 0 1 1 0 0 1 0 0 1 1 1 0 1 1 1 0
 1 1 1 1 1 1 0 1 1 1 1 1 1 1 0 0 1 1 0 1 1 1 1 0 0 1 0 0 0 1 0 1 0 0 1 1 0
 1 1 1 0 1 0 0 0 1 1 0 1 1 0 1 0 1 0 0 1 1 0 0 1 1 0]
At 24501/30000: COST 0.205/1.255(0.198) -- Acc 0.920/0.490(0.922)
[1 0 1 0 0 1 1 0 1 0 0 0 0 1 1 1 1 1 0 1 0 1 0 0 1 1 0 0 1 1 0 0 0 1 0 1 0
 1 0 0 0 0 1 0 1 0 1 0 1 1 0 0 0 1 0 1 1 0 1 0 0 0 1 0 1 0 1 0 0 0 0 0 1 1
 0 0 1 0 1 0 1 1 1 0 1 1 1 1 1 1 0 0 0 1 0 0 0 1 0 1]
At 24601/30000: COST 0.146/1.175(0.198) -- Acc 0.940/0.580(0.922)
[1 0 0 1 1 1 0 1 1 1 1 0 1 1 1 1 0 0 0 1 1 1 1 1 0 1 0 0 1 0 1 0 1 0 0 0 1
 1 0 0 1 0 1 1 1 0 1 1 0 1 0 1 0 1 1 0 1 1 0 0 1 1 1 0 0 0 1 0 1 1 1 0 0 1
 1 1 1 1 0 1 0 0 0 1 1 0 1 0 1 0 1 0 1 1 0 1 0 0 1 1]
At 24701/30000: COST 0.201/1.299(0.183) -- Acc 0.920/0.530(0.928)
[1 0 1 0 1 1 0 1 0 1 0 0 1 1 1 1 0 1 0 1 0 1 1 1 0 1 1 1 1 1 1 0 0 1 0 0 1
 1 0 0 0 1 0 0 0 1 0 0 0 1 1 1 1 0 1 1 1 1 0 0 0 1 1 1 1 1 1 0 1 1 0 0 0 1
 1 1 0 0 1 0 0 0 1 1 0 1 0 1 0 0 0 0 0 1 0 1 1 1 0 1]
At 24801/30000: COST 0.187/1.101(0.204) -- Acc 0.930/0.460(0.919)
[0 0 0 0 1 1 0 0 1 1 0 0 1 1 0 1 1 0 1 0 1 0 0 1 0 1 0 0 0 0 1 0 0 1 1 0 0
 0 1 0 1 1 1 0 1 0 0 1 1 0 1 1 0 1 1 0 0 0 0 1 1 0 0 0 1 1 1 0 1 0 0 1 0 0
 0 0 0 1 0 0 1 0 1 1 1 1 1 1 1 1 1 0 1 0 0 1 1 0 1 1]
At 24901/30000: COST 0.184/1.138(0.210) -- Acc 0.940/0.460(0.917)
[1 1 1 0 1 1 1 1 0 1 1 0 0 0 0 0 1 0 0 0 1 1 0 0 0 1 0 0 1 0 1 1 1 0 1 1 0
 0 1 1 1 0 1 0 0 1 0 1 1 0 1 0 0 1 1 1 1 1 0 1 0 1 1 0 1 1 1 0 1 1 1 0 1 0
 1 0 1 0 0 0 0 1 0 0 1 1 0 1 0 1 0 1 1 1 1 1 1 1 1 0]
At 25001/30000: COST 0.169/1.191(0.200) -- Acc 0.920/0.520(0.922)
[1 1 1 0 1 1 1 0 0 1 0 1 1 0 0 0 1 0 1 0 0 1 1 1 0 1 1 0 1 0 1 0 0 0 0 1 0
 1 0 1 1 1 1 1 1 0 1 0 0 0 1 1 0 1 1 1 1 0 0 1 1 0 0 1 0 1 1 1 0 0 1 1 1 1
 1 0 0 1 0 1 0 0 1 0 1 1 0 0 1 1 1 1 1 1 1 1 1 0 0 1]
At 25101/30000: COST 0.126/1.212(0.194) -- Acc 0.940/0.500(0.925)
[0 0 0 0 0 1 0 0 0 1 1 0 0 1 1 0 0 0 1 0 1 0 0 1 0 1 0 1 1 0 1 0 0 1 0 0 1
 1 0 1 1 1 0 1 1 0 1 0 0 0 1 1 1 1 0 1 1 0 0 0 0 1 1 0 0 1 0 0 0 0 0 1 0 1
 0 0 1 1 1 0 0 1 0 0 0 1 0 1 0 0 1 0 0 0 1 1 1 1 1 0]
At 25201/30000: COST 0.214/1.365(0.184) -- Acc 0.940/0.530(0.928)
[0 0 0 1 1 0 0 0 1 0 1 1 0 1 1 1 0 1 1 0 1 1 0 1 1 0 0 0 0 1 1 1 1 0 0 1 0
 0 0 0 1 0 1 0 1 1 1 1 0 1 1 1 0 1 0 1 0 1 0 0 1 0 0 0 1 1 0 0 0 1 0 1 0 1
 1 1 1 1 0 0 1 1 0 0 0 1 1 1 0 0 1 1 1 1 1 0 1 0 1 1]
At 25301/30000: COST 0.149/1.307(0.199) -- Acc 0.920/0.490(0.922)
[1 0 0 0 0 1 1 1 1 0 1 1 0 1 1 0 1 1 0 1 1 0 1 1 0 1 1 1 0 1 0 1 1 0 1 1 1
 1 1 1 0 0 1 1 0 1 1 0 1 1 1 0 1 1 1 1 0 0 1 1 0 0 1 1 1 0 1 0 1 0 1 0 1 1
 1 1 1 0 1 0 1 1 1 0 1 1 0 1 0 1 1 1 1 0 0 1 0 1 0 1]
At 25401/30000: COST 0.220/1.343(0.205) -- Acc 0.890/0.420(0.920)
[0 0 0 1 0 1 1 1 1 1 0 0 1 1 1 1 1 0 0 0 1 1 1 1 0 0 0 1 0 1 1 0 1 0 1 1 0
 0 1 1 1 0 1 1 1 1 1 1 1 0 1 1 0 1 1 0 1 0 1 0 1 0 0 1 1 0 1 1 0 1 0 1 1 1
 0 0 1 1 0 1 1 1 1 0 1 1 1 0 1 0 1 0 0 0 0 1 1 1 0 1]
At 25501/30000: COST 0.140/1.219(0.189) -- Acc 0.950/0.500(0.925)
[0 1 1 1 0 1 1 0 0 1 1 1 1 0 1 0 1 1 1 1 1 1 0 0 1 0 0 1 1 1 0 0 1 0 1 0 1
 0 1 1 1 0 1 0 0 1 1 1 0 1 1 1 1 0 0 0 0 1 1 1 0 0 1 1 1 1 0 0 1 1 1 0 1 1
 0 0 1 0 1 0 1 1 0 0 1 1 1 0 0 1 1 1 1 0 0 1 0 0 0 1]
At 25601/30000: COST 0.257/1.445(0.180) -- Acc 0.890/0.420(0.927)
[1 0 0 0 0 1 1 1 1 0 1 1 0 1 0 0 1 1 0 0 0 0 1 1 1 1 1 0 1 0 0 0 0 0 1 1 0
 0 0 1 1 1 1 1 0 1 1 1 0 0 1 1 1 0 0 1 0 0 0 1 1 1 0 0 1 1 0 1 0 0 1 1 1 1
 0 1 0 0 0 1 0 0 0 0 0 0 1 1 0 1 0 1 0 0 0 0 1 0 0 1]
At 25701/30000: COST 0.204/1.363(0.185) -- Acc 0.930/0.410(0.926)
[0 1 1 1 1 1 0 1 1 1 0 1 1 1 0 1 0 1 1 0 0 0 0 0 1 1 1 0 1 1 0 0 0 1 1 1 1
 1 1 0 0 1 0 1 0 1 0 1 0 1 0 1 1 0 1 1 1 0 0 1 1 0 0 1 0 1 1 1 1 1 1 0 1 1
 0 0 0 0 1 1 0 1 1 0 0 0 1 0 1 1 1 0 0 1 1 1 1 1 1 1]
At 25801/30000: COST 0.139/1.405(0.170) -- Acc 0.930/0.440(0.933)
[1 1 1 1 0 0 0 1 1 0 0 0 1 1 1 1 1 1 1 1 0 1 1 0 0 0 0 1 1 1 0 1 1 1 0 1 1
 1 1 1 0 0 1 0 0 0 0 1 1 0 1 1 0 1 1 1 0 1 1 1 1 1 0 0 0 1 1 1 1 1 0 1 1 1
 0 1 1 0 0 1 1 0 0 0 1 1 1 0 1 1 0 1 1 0 1 1 0 0 1 0]
At 25901/30000: COST 0.148/1.430(0.171) -- Acc 0.950/0.490(0.933)
[0 1 1 0 0 1 0 0 0 1 1 1 0 0 0 0 1 1 0 1 1 1 1 1 1 0 1 0 1 0 1 1 1 1 0 1 0
 0 0 1 1 1 1 0 1 1 0 0 1 0 0 1 0 0 0 0 1 0 1 1 0 0 1 0 0 0 0 1 1 1 1 0 1 0
 0 0 0 1 0 0 1 1 1 0 1 0 0 1 1 0 0 1 0 1 0 0 0 1 0 0]
At 26001/30000: COST 0.139/1.368(0.167) -- Acc 0.950/0.450(0.934)
[1 0 0 1 0 1 0 1 0 1 1 1 0 0 0 0 1 0 1 0 1 1 1 1 0 1 1 0 1 0 1 1 1 0 1 0 0
 1 1 1 1 1 1 1 1 0 0 0 1 0 0 0 1 1 0 1 0 1 1 1 1 1 0 1 1 1 1 1 1 1 0 1 0 0
 0 1 1 1 1 1 1 1 0 1 0 1 1 1 1 1 0 1 1 0 1 0 0 1 1 0]
At 26101/30000: COST 0.181/1.413(0.171) -- Acc 0.910/0.400(0.931)
[0 1 0 0 0 1 1 1 1 1 1 1 1 1 1 1 1 0 0 0 0 1 1 1 0 1 1 1 1 0 1 1 0 1 1 1 0
 0 0 0 0 1 1 1 0 1 1 0 0 0 1 1 0 0 1 1 1 0 1 0 1 0 0 0 0 0 1 0 0 0 1 1 0 0
 1 0 0 0 1 0 1 1 1 0 0 0 1 0 0 1 0 0 1 1 0 0 1 1 0 1]
At 26201/30000: COST 0.238/1.491(0.178) -- Acc 0.890/0.450(0.930)
[1 0 1 0 1 0 0 1 1 1 1 0 1 1 0 1 1 1 1 0 1 1 1 0 1 0 1 1 1 1 1 0 0 0 1 1 0
 1 1 1 1 0 0 1 0 1 1 0 1 0 0 1 0 1 1 0 1 1 1 1 1 1 1 0 1 1 0 1 1 1 1 1 0 1
 0 1 0 1 0 0 1 0 1 0 0 1 1 0 0 0 1 0 0 1 0 1 1 1 1 1]
At 26301/30000: COST 0.131/1.352(0.162) -- Acc 0.940/0.460(0.937)
[1 0 1 1 0 1 0 1 0 1 0 0 0 1 1 1 1 0 0 0 1 1 1 0 0 0 1 0 1 1 1 1 1 0 1 1 1
 1 1 0 0 0 0 0 1 0 0 1 0 1 1 0 1 0 0 1 0 1 0 0 1 1 1 1 1 0 0 1 1 1 1 0 1 0
 0 1 0 0 0 1 0 1 1 1 1 0 1 0 1 1 0 1 1 1 1 0 1 0 0 0]
At 26401/30000: COST 0.159/1.228(0.177) -- Acc 0.930/0.420(0.929)
[0 0 1 1 1 0 1 1 0 0 1 1 0 1 1 1 1 1 0 0 1 0 0 0 1 0 0 1 0 0 1 1 1 0 0 1 1
 1 0 1 0 1 1 1 0 0 1 1 0 1 1 0 0 1 1 1 0 1 0 1 0 0 0 0 0 0 1 1 1 0 0 0 0 1
 0 1 1 0 1 0 1 0 1 0 0 1 0 1 1 0 0 1 0 1 0 1 1 1 1 0]
At 26501/30000: COST 0.158/1.413(0.170) -- Acc 0.920/0.450(0.933)
[0 1 1 1 0 0 0 1 1 0 1 0 1 1 1 0 0 1 1 0 0 1 0 0 0 0 1 1 1 1 0 1 1 1 1 0 0
 1 1 1 0 0 0 1 0 0 1 1 1 1 0 1 1 1 1 1 1 0 0 0 1 1 1 1 1 0 0 1 0 0 0 1 1 0
 0 1 1 0 1 0 0 0 0 1 1 1 0 1 1 0 1 1 1 0 1 1 0 1 1 1]
At 26601/30000: COST 0.217/1.589(0.179) -- Acc 0.930/0.470(0.932)
[0 1 1 1 1 1 0 0 0 1 1 0 1 1 0 1 1 0 1 0 1 1 0 1 1 0 1 1 0 0 1 0 0 0 0 1 0
 1 0 1 0 1 1 0 1 1 0 1 0 1 1 1 0 1 1 1 0 1 1 1 0 0 1 1 0 1 1 1 0 1 1 1 0 1
 0 1 1 0 1 1 0 1 1 0 0 1 1 0 1 0 1 0 0 0 0 1 0 1 1 0]
At 26701/30000: COST 0.168/1.386(0.166) -- Acc 0.950/0.470(0.937)
[1 1 1 0 1 0 1 1 0 1 0 1 1 0 1 1 1 1 1 1 1 1 0 1 1 0 0 1 0 1 0 0 1 0 1 0 0
 1 1 0 1 0 1 0 0 0 1 0 0 1 0 0 0 0 0 0 1 0 1 1 1 0 0 1 1 0 0 1 1 0 0 1 1 1
 0 1 1 0 0 1 0 1 1 0 0 0 1 1 0 0 1 1 1 1 0 0 1 0 1 0]
At 26801/30000: COST 0.092/1.508(0.156) -- Acc 0.960/0.440(0.938)
[1 0 0 0 0 1 1 0 0 0 0 1 1 1 0 0 0 0 1 0 1 1 0 0 1 0 0 0 1 1 0 0 0 1 1 1 1
 0 1 1 1 1 1 0 1 0 0 0 1 0 0 0 0 1 0 0 1 0 0 1 0 0 1 0 1 1 1 0 1 1 1 1 0 0
 1 1 0 0 1 1 1 1 1 1 0 1 1 1 1 1 1 0 0 0 0 0 0 1 0 1]
At 26901/30000: COST 0.086/1.368(0.165) -- Acc 0.970/0.430(0.933)
[0 1 0 1 0 0 1 1 1 1 1 1 1 0 1 1 1 0 1 0 1 0 0 1 0 1 0 1 0 1 1 1 1 1 1 0 1
 0 0 0 0 0 0 0 1 0 0 0 0 1 1 0 1 0 1 0 1 1 1 1 1 1 0 0 0 0 1 1 0 1 0 1 0 1
 0 0 0 1 0 0 1 0 0 1 0 1 1 0 1 1 1 0 1 1 0 1 1 1 0 1]
At 27001/30000: COST 0.131/1.459(0.156) -- Acc 0.970/0.430(0.940)
[1 1 1 0 1 0 0 1 0 0 1 0 1 0 0 1 1 1 0 0 1 1 1 0 0 0 0 1 0 0 1 0 1 1 0 1 0
 1 1 1 1 0 1 0 1 1 0 1 1 1 1 1 1 1 1 0 1 1 0 0 1 1 0 0 1 1 0 1 1 1 0 1 1 1
 0 1 1 0 1 1 1 1 0 0 1 0 1 1 0 0 1 0 0 0 1 0 1 1 1 0]
At 27101/30000: COST 0.248/1.348(0.159) -- Acc 0.940/0.520(0.940)
[1 1 0 1 1 1 1 1 1 0 0 0 1 1 0 0 1 1 1 1 1 0 0 1 0 0 0 0 1 0 0 0 1 1 0 1 1
 1 0 1 0 0 0 0 0 0 1 0 0 1 1 0 0 1 0 0 1 0 0 1 0 1 0 0 1 1 0 0 1 1 1 0 0 1
 0 0 1 0 1 1 1 0 0 1 0 0 1 1 1 0 0 0 0 0 1 1 0 1 1 1]
At 27201/30000: COST 0.092/1.484(0.157) -- Acc 0.960/0.440(0.940)
[0 0 1 0 0 0 1 1 0 1 1 1 1 0 0 1 0 0 1 1 0 0 1 0 0 1 0 0 1 1 1 1 1 0 1 0 1
 0 1 0 0 0 0 1 1 1 1 0 1 0 0 0 0 1 1 1 1 1 1 0 0 0 1 1 1 0 1 0 0 1 0 0 0 1
 0 0 1 1 0 0 0 1 1 0 1 1 0 1 1 0 1 1 0 0 0 1 1 1 0 0]
At 27301/30000: COST 0.229/1.453(0.155) -- Acc 0.930/0.410(0.941)
[1 1 0 1 0 0 0 1 1 0 1 1 1 1 0 0 0 0 1 1 0 0 1 1 1 0 1 1 1 1 1 1 0 0 1 1 0
 0 1 0 0 0 0 1 0 1 1 1 0 1 0 1 1 1 1 0 0 0 1 0 1 1 1 0 0 0 1 1 1 1 1 0 0 1
 1 0 0 1 0 1 0 1 0 1 1 1 0 0 1 0 1 1 0 1 0 0 1 0 1 1]
At 27401/30000: COST 0.116/1.355(0.148) -- Acc 0.950/0.490(0.942)
[0 1 1 0 1 0 1 0 1 0 1 0 0 1 1 0 1 0 1 0 1 0 1 1 1 0 1 0 1 0 0 1 0 0 1 1 0
 1 0 0 0 1 0 1 0 0 0 1 0 0 1 0 1 1 1 0 0 0 1 0 1 0 1 0 1 0 1 1 0 1 1 0 1 1
 0 0 1 1 1 1 0 0 0 0 0 0 0 0 1 0 1 0 1 1 1 1 1 0 0 0]
At 27501/30000: COST 0.153/1.548(0.169) -- Acc 0.960/0.430(0.932)
[0 1 1 0 1 1 0 1 0 0 1 1 0 1 1 1 0 1 1 0 1 1 0 1 1 0 0 1 1 0 0 0 0 0 1 0 0
 1 0 1 1 0 1 1 0 1 1 1 1 1 1 1 1 1 1 1 1 1 1 1 1 0 0 1 1 1 0 0 1 0 1 0 1 1
 1 0 1 0 0 1 1 0 0 1 1 0 0 1 1 0 0 0 0 1 1 0 0 1 1 0]
At 27601/30000: COST 0.258/1.351(0.182) -- Acc 0.900/0.440(0.928)
[0 0 1 0 0 0 1 1 1 0 0 1 1 0 1 1 1 0 1 1 1 0 1 0 0 1 0 0 1 0 0 1 0 1 0 0 1
 0 1 1 0 1 1 0 1 1 0 0 0 0 0 1 0 1 0 1 1 0 1 0 0 1 1 0 1 1 1 1 0 1 1 1 1 0
 0 1 1 1 1 1 1 1 1 1 0 1 1 1 0 0 0 0 1 0 0 0 0 0 0 1]
At 27701/30000: COST 0.140/1.327(0.167) -- Acc 0.940/0.500(0.935)
[1 1 0 0 1 0 0 1 1 1 0 0 0 0 0 1 1 0 0 1 1 0 1 0 0 0 1 1 0 1 1 0 1 1 0 1 1
 1 1 1 1 1 1 1 1 1 1 0 0 1 0 1 0 0 1 0 0 0 1 0 0 0 1 1 1 0 1 1 1 1 1 1 1 0
 1 0 0 1 1 0 0 1 1 1 0 1 0 0 1 0 1 1 1 0 1 0 1 0 1 0]
At 27801/30000: COST 0.172/1.385(0.163) -- Acc 0.950/0.500(0.937)
[1 1 1 1 0 0 1 1 0 0 1 1 0 0 0 0 1 1 0 1 1 1 0 0 0 1 0 0 0 1 1 0 1 1 1 1 0
 1 1 0 1 1 1 0 1 0 1 1 0 1 1 1 0 0 1 0 1 0 1 0 0 0 1 0 0 0 1 0 0 0 0 1 0 1
 1 0 1 1 1 0 1 1 1 0 1 1 0 1 0 0 1 1 0 1 0 0 0 0 0 1]
At 27901/30000: COST 0.246/1.204(0.179) -- Acc 0.870/0.490(0.931)
[1 1 0 1 1 1 1 1 1 0 0 0 1 0 0 1 0 1 0 1 1 1 0 0 1 1 1 1 1 0 1 0 1 1 1 0 1
 0 0 0 0 0 0 0 1 1 1 1 1 0 1 0 0 0 1 1 1 0 1 1 0 0 0 1 1 0 0 0 1 0 1 0 1 1
 1 0 1 1 1 0 0 1 1 1 1 1 1 1 1 0 0 1 1 1 0 1 1 1 1 0]
At 28001/30000: COST 0.126/1.507(0.163) -- Acc 0.980/0.450(0.938)
[0 0 1 1 1 0 0 0 0 0 1 1 0 0 0 1 0 1 1 1 0 0 1 1 1 1 1 1 1 1 0 0 0 1 0 1 1
 1 1 1 1 0 0 0 1 1 0 1 1 0 0 0 1 1 0 0 1 0 0 1 1 0 1 1 0 1 1 1 0 1 0 0 1 1
 0 1 1 1 0 0 0 1 0 1 0 0 0 1 0 1 0 1 1 1 1 1 0 1 0 1]
At 28101/30000: COST 0.115/1.427(0.164) -- Acc 0.950/0.460(0.938)
[1 1 0 1 1 0 1 0 1 1 1 1 1 0 0 1 1 0 1 1 1 0 0 0 1 1 0 1 0 0 1 0 1 0 1 0 0
 0 0 0 1 0 1 1 1 0 0 0 1 0 0 1 1 1 1 0 0 0 0 0 1 0 1 1 1 0 1 0 0 0 0 0 1 1
 1 1 1 0 1 0 0 0 0 1 0 0 0 1 0 0 0 1 1 0 0 0 0 1 1 0]
At 28201/30000: COST 0.200/1.533(0.163) -- Acc 0.910/0.460(0.938)
[1 0 1 1 0 0 1 1 0 1 0 1 1 0 0 0 1 0 1 1 0 0 1 1 0 0 0 0 0 1 0 0 1 1 0 1 1
 0 1 1 1 0 0 1 0 1 1 1 1 0 1 0 1 1 1 1 1 0 0 1 1 0 1 0 0 0 0 0 1 1 0 0 0 0
 1 1 0 1 0 1 0 1 1 0 0 0 0 1 0 1 1 1 0 0 1 1 1 0 0 0]
At 28301/30000: COST 0.136/1.352(0.167) -- Acc 0.930/0.530(0.936)
[0 0 1 0 0 1 1 1 1 0 1 1 0 0 0 1 1 1 1 1 0 0 0 1 0 1 0 0 1 0 1 0 1 1 0 1 1
 1 1 1 1 0 1 1 0 0 1 1 0 0 0 0 0 1 1 1 1 0 0 1 1 0 1 1 0 1 1 0 0 1 0 0 0 1
 0 0 1 0 0 0 1 1 1 1 1 0 0 1 1 1 0 0 1 1 1 0 1 0 1 0]
At 28401/30000: COST 0.216/1.450(0.151) -- Acc 0.910/0.470(0.942)
[0 1 1 0 1 0 1 1 1 1 1 1 1 0 1 0 1 0 0 1 0 1 1 1 0 1 0 1 0 1 1 0 1 1 1 1 1
 1 1 0 0 1 1 1 0 1 1 1 1 0 1 1 1 1 1 0 1 0 1 0 0 1 0 0 1 0 1 1 1 0 0 1 1 1
 1 1 1 0 0 0 0 1 1 0 1 1 0 1 1 1 1 1 0 1 0 1 1 0 1 1]
At 28501/30000: COST 0.122/1.430(0.148) -- Acc 0.970/0.470(0.944)
[0 0 1 0 1 1 0 1 0 1 1 0 0 1 1 1 0 1 0 1 1 0 0 1 1 1 0 0 0 0 1 1 0 1 0 1 0
 0 0 1 1 1 0 0 0 0 0 1 1 1 0 0 0 0 0 0 0 0 0 1 1 0 0 0 0 1 0 0 1 1 1 0 1 1
 0 1 1 0 1 1 0 0 1 0 1 0 0 0 0 0 1 1 1 0 1 1 0 0 0 1]
At 28601/30000: COST 0.128/1.389(0.150) -- Acc 0.930/0.480(0.944)
[0 1 1 1 0 0 0 0 1 1 1 0 0 1 1 1 0 0 1 0 0 1 1 1 1 0 0 1 1 1 1 0 1 1 0 0 0
 1 1 1 0 1 1 0 1 0 0 1 1 0 1 1 1 1 1 0 1 0 1 1 0 0 0 1 1 0 1 1 0 0 0 1 0 0
 1 0 0 0 1 1 1 1 0 1 0 1 1 0 0 1 0 1 0 0 0 1 0 1 1 1]
At 28701/30000: COST 0.112/1.421(0.158) -- Acc 0.970/0.480(0.942)
[0 1 0 1 1 1 1 1 0 1 0 1 0 1 1 1 0 0 1 1 1 0 1 0 0 1 0 0 0 0 1 1 1 0 1 1 1
 0 0 0 1 0 1 1 0 1 1 0 0 1 0 0 1 0 0 0 1 1 0 1 1 1 0 1 1 1 1 0 0 0 0 1 0 1
 0 0 0 0 0 0 0 1 1 1 1 1 1 0 0 0 0 1 1 1 0 1 0 1 1 0]
At 28801/30000: COST 0.147/1.492(0.160) -- Acc 0.950/0.450(0.939)
[1 1 0 0 1 0 0 1 1 0 1 0 0 1 0 0 1 0 1 0 0 1 1 0 1 0 0 1 0 1 0 0 0 1 1 0 0
 1 1 0 1 1 1 1 1 0 1 1 1 0 1 1 1 0 0 1 1 1 1 0 1 1 1 1 1 1 0 0 0 1 1 1 0 0
 1 0 1 1 1 1 1 1 1 1 0 0 0 1 1 1 1 0 0 1 1 1 1 1 0 0]
At 28901/30000: COST 0.126/1.634(0.153) -- Acc 0.950/0.450(0.942)
[1 0 1 1 1 0 1 0 0 0 1 1 0 1 1 1 1 0 0 0 1 0 0 1 0 0 1 1 1 1 1 0 1 0 0 0 1
 0 1 0 1 1 1 0 1 1 1 1 0 1 1 0 1 1 1 1 0 1 1 1 1 1 0 1 0 1 1 1 1 0 1 0 1 1
 1 0 1 1 0 0 0 0 0 0 1 1 0 0 1 0 0 1 1 1 0 0 1 0 1 0]
At 29001/30000: COST 0.168/1.391(0.152) -- Acc 0.930/0.490(0.942)
[1 0 0 1 1 0 0 1 1 0 1 0 0 1 0 1 1 0 0 0 1 1 0 0 0 0 0 1 0 0 0 1 1 1 1 0 1
 1 0 0 1 1 0 1 0 0 0 1 0 0 1 0 0 0 1 1 1 0 1 1 0 0 1 1 1 0 0 0 0 0 1 0 1 0
 0 1 1 0 0 1 0 1 0 0 1 1 0 1 1 1 1 1 0 0 1 1 1 1 0 1]
At 29101/30000: COST 0.138/1.507(0.158) -- Acc 0.960/0.460(0.941)
[1 1 1 1 0 1 1 0 1 1 0 1 0 1 1 1 1 1 0 1 1 0 1 1 0 0 1 0 0 0 1 0 1 1 0 1 1
 0 1 0 1 1 0 1 0 0 1 1 1 1 0 1 0 1 0 0 1 1 0 0 0 1 1 0 0 0 1 1 1 1 1 1 0 0
 0 1 0 0 1 0 0 0 0 0 0 1 0 1 1 0 1 1 1 1 0 0 0 0 1 1]
At 29201/30000: COST 0.109/1.610(0.148) -- Acc 0.940/0.460(0.944)
[1 1 0 0 1 1 0 1 1 0 0 1 0 1 1 1 1 0 0 1 0 1 1 0 1 1 1 1 1 0 1 0 1 0 0 0 0
 1 0 1 0 0 0 1 1 0 1 1 0 0 1 1 0 0 1 1 0 0 0 1 0 1 0 0 0 0 0 0 1 0 1 0 1 1
 0 1 0 0 0 0 1 1 0 0 1 1 0 0 1 1 1 1 1 1 1 1 1 0 0 0]
At 29301/30000: COST 0.138/1.402(0.141) -- Acc 0.920/0.440(0.948)
[0 1 0 0 0 1 1 1 0 1 1 0 1 1 1 1 0 1 1 0 0 1 1 1 1 0 1 0 0 1 0 1 1 0 0 0 0
 0 0 1 1 0 1 1 1 1 0 1 0 1 0 1 0 1 1 0 1 1 1 1 1 0 1 1 1 1 1 0 0 1 1 1 1 0
 1 1 0 1 1 0 0 1 1 0 1 0 1 1 0 0 1 1 1 1 0 1 0 1 0 0]
At 29401/30000: COST 0.193/1.476(0.154) -- Acc 0.920/0.490(0.943)
[1 0 1 1 0 0 0 1 1 1 1 0 0 1 0 1 1 1 1 0 1 0 1 0 1 1 0 1 1 0 0 1 0 1 1 0 0
 1 1 1 1 1 1 1 1 0 1 1 1 0 1 0 1 0 1 1 1 0 1 1 1 0 0 0 0 0 1 0 0 0 1 0 1 0
 1 1 0 1 1 1 0 1 1 1 0 1 1 0 0 0 0 0 1 1 1 0 0 1 1 0]
At 29501/30000: COST 0.244/1.467(0.147) -- Acc 0.950/0.410(0.946)
[1 0 1 1 0 0 0 1 1 0 0 1 0 1 1 0 0 1 1 1 0 0 1 1 0 1 0 0 0 0 0 1 0 0 1 1 0
 0 0 0 1 1 0 1 1 1 1 0 0 0 1 0 1 0 1 1 1 0 0 0 1 1 1 0 1 1 1 0 0 0 1 1 0 1
 0 1 0 1 0 0 1 1 1 0 1 0 0 0 0 0 0 0 0 0 1 0 1 0 1 1]
At 29601/30000: COST 0.369/1.381(0.164) -- Acc 0.890/0.540(0.940)
[0 0 1 0 0 1 1 0 1 0 0 1 0 0 0 0 1 1 1 0 0 0 0 0 1 1 0 0 1 1 0 0 0 1 1 1 0
 0 1 1 1 0 1 1 1 1 1 1 0 1 1 1 1 0 0 1 0 1 1 0 1 1 0 1 1 1 1 0 0 0 0 0 1 1
 0 0 1 1 1 0 1 0 0 1 0 0 1 0 1 1 0 1 1 0 1 1 1 1 0 1]
At 29701/30000: COST 0.178/1.563(0.160) -- Acc 0.910/0.450(0.940)
[0 0 1 1 1 1 1 0 1 1 0 1 1 1 0 0 0 0 0 1 0 1 1 0 1 1 1 0 1 1 1 1 0 0 0 0 1
 0 1 1 1 0 0 1 0 1 1 0 0 1 1 0 1 0 1 0 1 1 0 1 1 0 0 0 1 1 1 0 1 1 1 0 0 0
 1 0 1 1 1 0 1 1 1 0 0 1 1 0 1 0 1 1 1 1 1 0 1 1 1 0]
At 29801/30000: COST 0.119/1.373(0.162) -- Acc 0.950/0.480(0.940)
[0 0 1 1 1 1 0 1 1 1 1 1 1 0 0 0 1 1 1 0 1 1 0 1 0 1 1 1 1 1 1 1 0 0 0 0 0
 1 1 1 0 1 0 1 1 1 1 0 0 0 1 1 1 0 0 0 1 1 1 1 0 1 1 1 1 1 1 1 1 0 1 1 0 0
 1 1 0 0 1 0 0 1 1 1 0 0 1 1 0 0 0 1 0 1 0 0 0 1 1 1]
At 29901/30000: COST 0.086/1.473(0.143) -- Acc 0.960/0.460(0.945)
