[1 1 1 1 1 0 0 1 1 1 1 1 1 0 1 1 0 1 1 0 1 1 1 1 0 1 1 1 1 1 0 1 1 1 1 0 1
 1 1 1 1 1 1 1 1 0 0 0 1 1 1 0 1 1 1 1 1 0 0 1 1 1 1 1 0 1 0 1 1 1 1 1 1 1
 1 1 0 1 1 1 1 1 1 1 1 0 1 0 1 1 1 0 0 1 1 0 1 1 1 1]
 Training accuracy at 0 out of 20000 is 0.491(0.430),cost is 42.244(0.739)
[1 1 1 1 1 0 0 1 1 1 1 1 1 0 1 1 0 1 0 0 1 1 1 1 0 1 1 1 1 1 0 1 1 1 1 0 1
 1 1 0 1 1 1 1 1 0 0 0 1 1 1 0 1 0 1 1 1 0 0 1 1 1 0 1 0 1 0 1 1 1 1 1 1 1
 1 1 0 1 0 1 1 1 1 1 1 0 0 0 1 1 1 0 0 1 1 0 1 1 1 1]
 Training accuracy at 100 out of 20000 is 0.495(0.470),cost is 41.764(0.734)
[1 1 1 1 1 0 0 1 1 1 0 0 1 0 1 1 0 1 0 0 1 1 1 1 0 1 1 1 1 0 0 1 1 1 1 0 1
 1 1 0 1 1 1 1 1 0 0 0 1 1 1 0 1 0 1 1 1 0 0 1 1 1 0 1 0 1 0 1 1 1 1 0 1 1
 1 0 0 1 0 1 1 1 1 1 1 0 0 0 1 1 1 0 0 1 1 0 1 1 1 1]
 Training accuracy at 200 out of 20000 is 0.503(0.500),cost is 41.505(0.731)
[0 1 1 1 1 0 0 1 1 1 0 0 1 0 1 1 0 1 0 0 1 1 1 1 0 1 0 1 1 0 0 1 1 1 1 0 1
 1 1 0 1 1 1 1 1 0 0 0 1 1 1 0 0 0 1 1 1 0 0 1 1 1 0 1 0 1 0 1 1 1 1 0 1 1
 1 0 0 1 0 1 1 1 1 1 1 0 0 0 1 1 1 0 0 1 1 0 1 1 1 1]
 Training accuracy at 300 out of 20000 is 0.510(0.530),cost is 41.337(0.729)
[0 1 1 1 1 0 0 1 1 1 0 0 1 0 1 1 0 1 0 0 1 1 1 1 0 1 0 1 1 0 0 1 1 1 1 0 1
 1 1 0 1 1 1 1 1 0 0 0 1 1 1 0 0 0 1 1 1 0 0 1 1 1 0 1 0 1 0 1 1 1 1 0 1 1
 1 0 0 0 0 1 1 1 1 1 1 0 0 0 1 1 1 0 0 1 1 0 1 1 1 1]
 Training accuracy at 400 out of 20000 is 0.513(0.520),cost is 41.206(0.727)
[0 1 1 1 1 0 0 1 1 1 0 0 1 0 0 1 0 1 0 0 1 1 1 1 0 1 0 1 1 0 0 1 1 1 1 0 1
 1 1 0 1 1 1 1 1 0 0 0 1 1 1 0 0 0 1 1 1 0 0 1 1 1 0 1 0 1 0 1 1 1 1 0 1 1
 1 0 0 0 0 1 1 1 1 1 1 0 0 0 1 1 1 0 0 1 1 0 1 1 1 1]
 Training accuracy at 500 out of 20000 is 0.518(0.510),cost is 41.086(0.726)
[0 1 1 1 1 0 0 1 1 1 0 0 1 0 0 1 0 1 0 0 1 1 1 1 0 1 0 1 1 0 0 1 1 1 1 0 1
 1 1 0 1 1 1 1 1 0 0 0 1 1 1 0 0 0 1 1 1 0 0 1 1 1 0 1 0 1 0 1 1 1 1 0 1 1
 1 0 0 0 0 1 1 1 1 1 1 0 0 0 1 1 1 0 0 1 1 0 1 1 1 1]
 Training accuracy at 600 out of 20000 is 0.523(0.510),cost is 40.993(0.724)
[0 1 1 1 1 0 0 1 1 1 0 0 1 0 0 1 0 1 0 0 1 0 1 1 0 1 0 1 1 0 0 1 0 1 1 0 1
 1 0 0 1 1 1 1 1 0 0 0 1 1 1 0 0 0 1 1 1 0 0 0 1 1 0 1 0 1 0 1 1 1 1 0 1 1
 1 0 0 0 0 1 1 1 1 1 1 0 0 0 1 1 1 0 0 1 1 0 1 1 0 0]
 Training accuracy at 700 out of 20000 is 0.537(0.510),cost is 40.896(0.724)
[0 1 1 1 1 0 0 1 1 0 0 0 1 0 0 1 0 1 0 0 1 0 1 1 0 1 0 1 1 0 0 1 1 1 1 0 1
 1 0 0 1 1 1 1 1 0 0 0 1 1 1 0 0 0 1 1 1 0 0 1 1 1 0 1 0 1 0 1 1 1 1 0 1 1
 1 0 0 0 0 1 1 1 1 1 1 0 0 0 1 1 1 0 0 1 1 0 1 1 1 0]
 Training accuracy at 800 out of 20000 is 0.538(0.490),cost is 40.817(0.723)
[0 0 1 0 1 0 0 1 1 0 0 0 1 0 0 1 0 1 0 0 1 0 1 1 0 1 0 1 1 0 0 1 0 1 1 0 1
 1 0 0 1 1 1 1 1 0 0 0 1 1 1 0 0 0 1 1 1 0 0 1 1 1 0 1 0 1 0 1 1 1 1 0 1 1
 1 0 0 0 0 1 1 1 1 1 1 0 0 0 1 1 1 0 0 1 1 0 1 1 1 0]
 Training accuracy at 900 out of 20000 is 0.544(0.480),cost is 40.748(0.723)
[0 0 1 0 0 0 0 1 1 0 0 0 1 0 0 1 0 1 0 0 1 0 1 1 0 1 0 0 1 0 0 1 0 1 1 0 1
 1 0 0 0 1 1 1 0 0 0 0 1 1 1 0 0 0 1 1 1 0 0 1 1 1 0 1 0 1 0 1 1 1 1 0 1 1
 1 0 0 0 0 1 1 1 1 1 1 0 0 0 1 1 1 0 0 1 1 0 1 1 0 0]
 Training accuracy at 1000 out of 20000 is 0.548(0.510),cost is 40.690(0.724)
[0 0 1 0 1 0 0 1 1 0 0 0 1 0 0 1 0 1 0 0 1 0 1 1 0 1 0 0 1 0 0 1 0 1 1 0 1
 1 0 0 0 1 1 1 0 0 0 0 1 1 1 0 0 0 1 1 1 0 0 1 1 1 0 1 0 1 0 1 1 1 1 1 1 1
 1 0 0 0 0 1 1 1 1 1 1 0 0 0 1 1 1 0 0 1 1 0 1 1 1 0]
 Training accuracy at 1100 out of 20000 is 0.549(0.480),cost is 40.625(0.722)
[0 0 1 0 0 0 0 1 1 0 0 0 1 0 0 1 0 1 0 0 1 0 1 1 0 1 0 1 1 0 0 1 0 1 1 0 1
 1 0 0 0 1 1 1 0 0 0 0 1 1 0 0 0 0 1 1 1 0 0 1 1 1 0 1 0 1 0 1 1 1 1 0 1 1
 1 0 0 0 0 1 1 1 1 1 1 0 0 0 1 1 1 0 0 1 1 0 1 1 1 0]
 Training accuracy at 1200 out of 20000 is 0.552(0.480),cost is 40.570(0.721)
[0 0 1 0 0 0 0 1 1 0 0 0 1 0 0 1 0 0 0 0 1 0 1 1 0 1 0 0 1 0 0 1 0 1 1 0 1
 1 0 0 0 1 1 1 0 0 0 0 1 1 0 0 0 0 1 1 1 0 0 0 1 1 0 1 0 1 0 1 0 1 1 0 1 1
 1 0 0 0 0 1 1 1 1 1 1 0 0 0 1 1 1 0 0 1 1 0 1 1 0 0]
 Training accuracy at 1300 out of 20000 is 0.553(0.470),cost is 40.517(0.722)
[0 0 1 0 0 0 0 1 1 0 0 0 1 0 0 1 0 0 0 0 1 0 1 1 0 1 0 0 1 0 0 1 0 1 1 0 1
 1 0 0 0 1 1 1 0 0 0 0 1 1 0 0 0 0 1 1 1 0 0 1 1 1 0 1 0 1 0 1 0 1 1 0 1 1
 1 0 0 0 0 1 1 1 1 1 1 0 0 0 1 1 1 0 0 1 1 0 1 1 1 0]
 Training accuracy at 1400 out of 20000 is 0.555(0.470),cost is 40.466(0.721)
[0 0 1 0 0 0 0 1 1 0 0 0 1 0 0 1 0 0 0 0 1 0 1 1 0 1 0 0 1 0 0 1 0 1 1 0 1
 1 0 0 0 1 1 1 0 0 0 0 1 1 0 0 0 0 1 1 1 0 0 0 1 1 0 1 0 1 0 1 0 1 1 0 1 1
 1 0 0 0 0 1 1 1 1 1 1 0 0 0 1 1 1 0 0 1 1 0 1 1 0 0]
 Training accuracy at 1500 out of 20000 is 0.561(0.470),cost is 40.418(0.720)
[0 0 1 0 0 0 0 1 1 0 0 0 1 0 0 1 0 0 0 0 1 0 1 1 0 1 0 0 1 0 0 1 0 1 0 0 1
 1 0 0 0 1 1 1 0 0 0 0 1 1 0 0 0 0 1 1 1 0 0 0 1 1 0 1 0 1 0 1 0 1 1 0 1 1
 1 0 0 0 0 1 1 1 1 1 1 0 0 0 1 1 1 0 0 1 1 0 1 1 0 0]
 Training accuracy at 1600 out of 20000 is 0.564(0.460),cost is 40.372(0.719)
[0 0 1 0 0 0 0 1 1 0 0 0 1 0 0 1 0 0 0 0 1 0 1 1 0 1 0 0 1 0 0 1 0 1 1 0 1
 1 0 0 0 1 1 1 0 0 0 0 1 1 0 0 0 0 1 1 1 0 0 1 1 1 0 1 0 1 0 1 0 1 1 0 1 1
 1 0 0 0 0 1 1 1 1 1 1 0 0 0 1 1 1 0 0 1 1 0 1 1 1 0]
 Training accuracy at 1700 out of 20000 is 0.564(0.470),cost is 40.334(0.718)
[0 0 1 0 0 0 0 1 1 0 0 0 1 0 0 1 0 0 0 0 1 0 1 1 0 1 0 0 1 0 0 1 0 1 0 0 1
 1 0 0 0 1 1 1 0 0 0 0 1 1 0 0 0 0 1 1 1 0 0 1 1 1 0 1 0 1 0 1 0 1 1 0 1 1
 0 0 0 0 0 1 1 1 1 1 1 0 0 0 1 1 1 0 0 1 1 0 1 1 0 0]
 Training accuracy at 1800 out of 20000 is 0.564(0.460),cost is 40.288(0.718)
[0 0 1 0 0 0 0 1 1 0 0 0 1 0 0 1 0 0 0 0 1 0 1 1 0 1 0 0 1 0 0 1 0 1 0 0 1
 1 0 0 0 1 1 1 0 0 0 0 1 1 0 0 0 0 1 1 1 0 0 1 1 1 0 1 0 1 0 1 0 1 1 0 1 1
 0 0 0 0 0 1 1 1 1 1 1 0 0 0 1 1 1 0 0 1 1 0 1 1 0 0]
 Training accuracy at 1900 out of 20000 is 0.565(0.460),cost is 40.247(0.717)
[0 0 1 0 0 0 0 1 1 0 0 0 1 0 0 1 0 0 0 0 1 0 1 1 0 1 0 0 1 0 0 1 0 1 0 0 1
 1 0 0 0 1 1 1 0 0 0 0 1 1 0 0 0 0 1 1 1 0 0 1 1 1 0 1 0 1 0 1 0 1 1 0 1 0
 0 0 0 0 0 1 1 1 1 1 1 0 0 0 1 1 1 0 0 1 1 0 1 1 0 0]
 Training accuracy at 2000 out of 20000 is 0.565(0.450),cost is 40.209(0.718)
[0 0 1 0 0 0 0 1 1 0 0 0 1 0 0 1 0 0 0 0 1 0 1 1 0 1 0 0 1 0 0 1 0 1 0 0 1
 1 0 0 0 1 1 1 0 0 0 0 1 1 0 0 0 0 1 1 1 0 0 0 1 1 0 1 0 1 0 1 0 1 1 0 1 0
 0 0 0 0 0 1 1 1 1 1 1 0 0 0 1 1 1 0 0 1 1 0 1 1 1 0]
 Training accuracy at 2100 out of 20000 is 0.566(0.430),cost is 40.174(0.718)
[0 0 1 0 0 0 0 1 1 0 0 0 1 0 0 1 0 0 0 0 1 0 1 1 0 1 0 0 1 0 0 1 0 1 0 0 1
 1 0 0 0 1 1 0 0 0 0 0 1 1 0 0 0 0 1 1 1 0 0 0 1 1 0 1 0 1 0 1 0 1 1 0 1 1
 0 0 0 0 0 1 1 1 1 1 1 0 0 0 1 1 1 0 0 1 1 0 1 1 0 0]
 Training accuracy at 2200 out of 20000 is 0.565(0.460),cost is 40.138(0.718)
[0 0 1 0 0 0 0 1 1 0 0 0 1 0 0 1 0 0 0 0 1 0 1 1 0 1 0 0 1 0 0 1 0 1 0 0 1
 1 0 0 0 1 1 0 0 0 0 0 1 1 0 0 0 0 1 1 1 0 0 0 1 1 0 1 0 1 0 1 0 1 1 0 1 1
 0 0 0 0 0 1 1 1 1 1 1 0 0 0 1 0 1 0 0 1 1 0 1 1 0 0]
 Training accuracy at 2300 out of 20000 is 0.569(0.450),cost is 40.101(0.718)
[0 0 1 0 0 0 0 1 1 0 1 0 1 0 0 1 0 0 0 0 1 0 1 1 0 1 0 0 1 0 0 1 0 1 0 0 1
 1 0 0 0 1 1 1 0 0 0 0 1 1 0 0 0 0 1 1 1 0 0 1 1 1 0 1 0 1 0 1 0 1 1 0 1 0
 0 0 0 0 0 1 1 1 1 1 1 0 0 0 1 0 1 0 0 1 1 0 1 1 1 0]
 Training accuracy at 2400 out of 20000 is 0.571(0.420),cost is 40.062(0.717)
[0 0 1 0 0 0 0 1 1 0 0 0 1 0 0 1 0 0 0 0 1 0 1 1 0 1 0 0 1 0 0 1 0 1 0 0 1
 1 0 0 0 1 1 0 0 0 0 0 1 1 0 0 0 0 1 1 1 0 0 1 1 1 0 1 0 1 0 1 0 1 1 0 1 0
 0 0 0 0 0 1 1 1 1 0 1 0 0 0 1 0 1 0 0 1 1 0 1 1 0 0]
 Training accuracy at 2500 out of 20000 is 0.570(0.440),cost is 40.027(0.717)
[0 0 1 0 0 0 0 1 1 0 0 0 1 0 0 1 0 0 0 0 1 0 1 1 0 0 0 0 1 0 0 1 0 1 0 0 1
 1 0 0 0 1 1 0 0 0 0 0 1 1 0 0 0 0 1 1 1 0 0 1 1 1 0 1 0 1 0 1 0 1 1 0 1 0
 0 0 0 0 0 1 1 1 1 0 1 0 0 0 1 0 1 0 0 1 1 0 1 1 0 0]
 Training accuracy at 2600 out of 20000 is 0.571(0.450),cost is 39.991(0.717)
[0 0 1 0 0 0 0 1 1 0 1 0 1 0 0 1 0 0 0 0 1 0 1 1 0 1 0 0 1 0 0 1 0 1 0 0 1
 1 0 0 0 1 1 0 0 0 0 0 1 1 0 0 0 0 1 1 1 0 0 1 1 1 0 1 0 1 0 1 0 1 1 0 1 1
 0 0 0 0 0 1 1 1 1 1 1 0 0 0 1 0 1 0 0 1 1 0 1 1 0 0]
 Training accuracy at 2700 out of 20000 is 0.574(0.450),cost is 39.963(0.715)
[0 0 1 0 0 0 0 1 1 0 1 0 1 0 0 1 0 0 0 0 1 0 1 1 0 1 0 0 1 0 0 1 0 1 0 0 1
 1 0 0 0 1 1 0 0 0 0 0 1 1 0 0 0 0 1 1 1 0 0 1 1 1 0 1 0 1 0 1 0 1 1 0 1 1
 0 0 0 0 0 1 1 1 1 1 1 0 0 0 1 1 1 0 0 1 1 0 1 1 1 0]
 Training accuracy at 2800 out of 20000 is 0.575(0.450),cost is 39.930(0.714)
[0 0 1 0 0 0 0 1 1 0 1 0 1 0 0 1 0 0 0 0 1 0 1 1 0 1 0 0 1 0 0 1 0 1 0 0 1
 1 0 0 0 1 1 0 0 0 0 0 1 1 0 0 0 0 1 1 1 0 0 1 1 1 0 1 0 1 0 1 0 1 1 0 1 0
 0 0 0 0 0 1 0 1 1 0 1 0 0 0 1 0 1 0 0 1 1 0 1 1 1 0]