Traceback (most recent call last):
  File "tsc_mainR.py", line 13, in <module>
    X_train,X_test,y_train,y_test = load_data()
  File "/home/longxj/test/20170814pircedif_2012/1_64/tsc_model.py", line 39, in load_data
    data = read_form_csv()
  File "/home/longxj/test/20170814pircedif_2012/1_64/tsc_model.py", line 16, in read_form_csv
    f=open('000001SZ2012.csv')
FileNotFoundError: [Errno 2] No such file or directory: '000001SZ2012.csv'
Train 1155 samples in approximately 2597 epochs
Finished computation graph
[0 0 0 0 0 0 0 0 0 1 0 0 0 0 0 0 0 0 1 0 1 1 0 0 0 0 0 0 0 0 0 0 0 0 0 0 1
 0 0 0 0 0 0 0 0 0 0 0 0 0 0 0 0 0 0 0 0 0 0 0 0 0 0 0 0 0 0 0 0 1 0 0 0 0
 0 0 0 0 0 0 0 0 0 0 0 0 0 0 0 0 0 0 0 0 0 0 0 0 0 0]
At     1/30000: COST 0.719/0.713(0.694) -- Acc 0.550/0.510(0.011)
[1 1 1 1 1 1 1 1 1 0 1 1 1 1 1 1 0 1 1 0 1 1 1 1 1 1 1 1 1 0 1 1 1 1 1 0 1
 1 0 1 1 1 0 1 1 0 0 1 1 1 1 1 1 1 1 1 1 1 1 0 1 1 0 1 1 1 1 1 1 1 1 1 1 1
 1 1 0 0 1 1 1 0 1 1 0 1 1 1 1 0 1 1 1 1 0 1 1 1 1 1]
At   101/30000: COST 0.685/0.701(0.693) -- Acc 0.570/0.500(0.350)
[1 1 0 1 0 0 0 0 0 0 0 1 1 0 1 1 1 0 1 0 1 1 0 1 0 1 0 1 0 1 0 1 0 0 1 0 1
 1 0 0 1 0 0 0 0 0 1 1 1 1 0 1 0 0 1 1 0 1 0 1 0 0 0 0 1 1 0 0 1 1 1 1 1 0
 0 0 0 0 1 1 0 1 1 1 0 0 1 1 1 0 0 0 1 0 0 1 0 1 1 0]
At   201/30000: COST 0.597/0.682(0.678) -- Acc 0.710/0.570(0.501)
[0 0 0 0 1 1 1 1 1 1 1 1 0 1 1 0 0 0 0 0 0 1 1 0 0 0 0 1 0 0 1 1 1 1 1 1 0
 1 1 0 0 1 1 1 1 1 1 1 1 1 0 1 0 1 0 0 0 1 1 1 1 1 1 1 1 1 1 1 1 0 1 1 0 0
 0 0 1 0 1 1 1 0 1 0 0 1 1 1 1 1 0 1 0 0 0 1 1 0 0 1]
At   301/30000: COST 0.714/0.878(0.653) -- Acc 0.590/0.510(0.582)
[1 1 0 1 0 1 0 1 0 0 0 1 0 0 1 1 0 1 1 1 1 1 0 1 1 1 0 1 0 0 1 0 1 0 0 0 0
 1 1 1 1 1 1 0 0 0 1 1 0 1 1 0 1 1 1 1 0 1 1 1 0 1 1 0 1 1 0 0 0 1 0 0 0 1
 0 1 1 0 1 1 0 1 1 1 1 1 1 0 0 1 0 1 1 0 0 1 1 1 1 0]
At   401/30000: COST 0.480/0.970(0.599) -- Acc 0.780/0.500(0.661)
[1 1 0 1 1 0 0 0 0 1 1 1 1 0 1 1 0 1 1 0 0 1 1 0 0 1 1 0 0 1 0 0 0 1 0 0 1
 1 0 1 1 0 0 0 1 1 1 0 1 1 1 1 1 1 0 1 0 0 0 1 1 0 1 1 0 1 1 0 1 0 0 1 1 0
 0 1 1 1 0 1 0 1 1 1 1 1 0 1 0 1 0 1 1 0 1 1 1 0 1 1]
At   501/30000: COST 0.420/1.320(0.528) -- Acc 0.800/0.440(0.728)
[1 0 1 0 1 1 1 0 0 0 0 1 1 0 1 1 1 0 1 1 0 1 1 0 0 1 1 0 1 0 0 1 1 0 1 1 1
 1 1 0 1 1 0 1 0 1 1 1 0 0 0 0 1 1 1 1 0 0 1 0 0 1 1 1 1 1 1 1 1 0 1 0 0 1
 0 1 1 1 0 1 0 0 0 1 0 1 1 1 0 1 0 0 1 1 1 0 0 1 1 1]
At   601/30000: COST 0.365/1.731(0.434) -- Acc 0.850/0.410(0.791)
[1 0 1 1 0 0 0 0 0 1 0 0 0 1 1 1 0 0 1 0 1 0 1 1 1 1 0 1 0 1 1 0 1 1 1 1 0
 1 0 1 1 1 1 1 0 1 1 1 0 0 0 0 1 1 0 0 0 1 1 0 0 1 0 1 0 1 1 1 1 1 1 1 0 0
 0 1 1 0 1 1 0 1 1 0 1 0 0 1 0 1 0 0 1 1 1 1 0 1 0 1]
At   701/30000: COST 0.262/2.082(0.342) -- Acc 0.860/0.440(0.846)
[1 0 1 1 1 1 0 0 1 1 0 0 1 0 1 1 0 0 1 0 0 1 0 0 1 1 0 0 1 1 0 0 1 0 0 1 1
 0 0 1 1 1 1 0 0 1 1 1 1 1 0 1 1 0 0 1 1 1 0 1 0 1 0 0 1 0 1 0 1 0 1 1 1 0
 0 1 1 0 0 1 0 1 0 1 1 1 0 1 1 0 1 0 0 1 1 0 0 0 1 1]
At   801/30000: COST 0.173/2.344(0.266) -- Acc 0.950/0.480(0.886)
[1 1 1 1 0 0 0 1 1 0 0 0 0 1 1 0 1 0 0 1 1 0 0 1 1 1 0 0 0 0 0 0 0 0 1 0 1
 1 1 0 1 1 0 1 1 1 1 0 0 0 1 0 1 1 0 1 1 0 1 0 1 1 1 0 1 1 0 0 1 0 1 0 1 1
 1 0 0 0 1 1 1 0 0 0 1 1 1 1 0 1 1 1 0 0 0 0 1 0 1 1]
At   901/30000: COST 0.200/3.040(0.199) -- Acc 0.910/0.420(0.920)
[1 0 0 1 0 1 0 1 0 1 0 1 0 1 1 1 0 1 0 1 1 1 0 0 1 1 0 1 1 1 1 1 1 0 1 1 1
 1 0 0 0 0 1 0 1 1 0 0 0 0 1 1 1 0 1 1 1 0 1 1 1 0 0 1 1 0 0 1 1 0 0 0 1 0
 1 1 0 1 1 1 0 0 0 1 1 0 0 1 1 1 0 1 0 0 0 1 1 0 0 0]
At  1001/30000: COST 0.168/2.667(0.188) -- Acc 0.910/0.460(0.924)
[0 0 0 0 0 1 0 1 0 1 0 0 1 1 1 0 0 1 1 1 0 0 1 1 1 1 1 1 1 0 1 1 1 1 0 1 0
 0 1 0 0 1 1 1 0 1 0 1 1 0 0 1 1 0 1 0 1 1 0 0 1 1 0 0 1 0 0 0 0 1 1 1 1 1
 1 0 0 0 1 1 1 0 1 1 1 0 1 0 0 1 1 0 1 0 0 0 1 1 1 0]
At  1101/30000: COST 0.059/3.126(0.150) -- Acc 0.960/0.400(0.941)
[1 0 1 0 1 0 1 1 1 0 0 0 0 0 0 1 1 1 0 0 0 1 0 1 1 1 0 1 0 0 0 1 1 1 1 1 1
 1 1 1 1 1 1 0 0 1 0 1 0 0 0 0 0 0 0 1 0 0 1 1 1 1 1 0 0 1 0 1 0 1 0 1 0 1
 1 1 0 1 1 0 1 1 0 1 1 1 1 1 1 0 1 0 1 0 0 1 1 1 0 1]
At  1201/30000: COST 0.041/3.523(0.105) -- Acc 0.990/0.400(0.961)
[1 0 0 1 0 1 0 1 1 1 0 1 1 0 0 0 1 0 0 1 0 1 1 0 0 0 0 0 1 1 0 1 0 1 1 1 1
 1 1 0 0 0 0 0 1 1 0 1 0 0 0 0 1 0 0 1 0 0 0 0 1 1 0 0 1 1 1 0 0 1 0 1 0 0
 0 1 1 1 0 1 1 1 0 1 1 0 1 1 1 1 1 1 0 1 1 0 0 1 0 1]
At  1301/30000: COST 0.159/3.079(0.097) -- Acc 0.950/0.420(0.963)
[1 1 1 1 0 1 0 0 0 0 1 0 0 0 1 0 1 0 0 0 1 1 0 1 1 1 1 0 1 0 0 0 0 0 1 1 1
 1 1 1 1 0 1 1 1 0 0 0 1 1 1 1 1 0 0 0 0 0 0 0 0 0 1 1 1 1 0 1 0 1 0 0 1 0
 1 0 1 1 1 1 0 1 1 1 1 1 0 0 1 1 0 0 0 1 1 1 0 0 1 0]
At  1401/30000: COST 0.246/3.508(0.126) -- Acc 0.910/0.380(0.952)
[1 0 1 0 1 0 0 0 0 0 0 0 0 1 0 1 0 1 1 0 0 1 1 1 1 0 0 0 1 1 0 1 1 0 1 1 0
 0 1 1 0 1 1 0 1 1 0 1 1 0 1 1 0 0 1 0 1 0 1 1 1 0 1 0 1 0 0 0 0 1 0 0 1 0
 0 1 0 1 1 1 1 0 1 0 1 0 1 0 0 1 1 1 1 1 1 0 1 0 1 1]
At  1501/30000: COST 0.089/3.491(0.101) -- Acc 0.960/0.440(0.962)
[1 1 0 0 0 1 0 1 1 1 1 1 1 1 0 1 1 1 1 1 0 0 0 1 0 0 0 1 1 1 1 1 0 1 1 0 1
 1 0 0 0 0 0 1 1 1 0 0 1 0 0 1 1 0 0 1 0 1 0 0 1 1 1 1 1 0 0 0 0 0 1 1 1 0
 1 1 1 1 0 0 1 1 0 0 0 0 1 1 1 1 0 0 1 1 0 1 1 0 1 0]
At  1601/30000: COST 0.046/3.610(0.076) -- Acc 0.980/0.390(0.972)
[1 0 1 1 0 1 1 0 0 1 1 1 1 0 0 0 1 0 1 0 0 1 1 1 1 0 0 1 1 1 1 0 0 1 0 1 0
 1 0 1 1 1 1 0 1 0 1 1 0 0 0 0 1 0 0 1 1 0 0 0 0 0 1 1 1 0 0 0 0 0 1 1 0 0
 0 0 0 0 1 0 0 1 1 1 1 0 1 1 1 1 0 0 1 1 0 0 1 0 0 0]
At  1701/30000: COST 0.044/4.060(0.052) -- Acc 0.970/0.440(0.981)
[0 1 0 1 0 0 1 0 1 1 0 1 1 1 1 0 0 0 1 1 1 0 1 1 0 0 0 0 1 1 0 1 0 1 0 1 0
 1 1 0 1 1 0 0 0 1 1 1 1 0 0 1 1 0 1 0 1 1 1 0 0 0 1 0 1 0 0 0 0 0 1 1 0 0
 1 1 0 0 1 0 1 1 0 0 1 0 0 1 1 1 1 1 0 0 1 0 1 1 1 0]
At  1801/30000: COST 0.037/4.356(0.041) -- Acc 0.990/0.450(0.986)
[0 0 1 1 1 1 1 0 1 0 1 1 1 1 0 0 0 1 0 1 1 1 1 1 0 1 0 0 1 1 1 1 1 1 0 0 1
 1 0 1 0 1 0 0 0 0 1 0 0 1 1 1 0 1 1 1 0 1 0 1 0 1 0 0 0 1 0 0 0 1 1 0 1 0
 0 1 1 1 0 1 0 1 0 0 1 0 1 1 0 1 1 0 1 1 1 0 0 0 0 1]
At  1901/30000: COST 0.063/4.567(0.042) -- Acc 0.980/0.420(0.986)
[0 1 1 1 1 1 0 1 0 0 0 0 1 1 1 0 1 0 1 0 1 0 0 1 1 1 1 0 0 1 1 0 1 0 0 1 0
 1 0 1 0 1 1 1 0 1 1 0 1 0 0 1 1 1 0 0 1 1 1 0 1 1 1 0 1 1 0 0 0 0 0 0 1 0
 1 1 1 1 0 0 0 0 1 0 1 1 1 0 0 1 1 1 0 1 0 0 1 0 1 1]
At  2001/30000: COST 0.326/2.939(0.142) -- Acc 0.910/0.460(0.955)
[0 1 1 0 1 1 0 0 0 0 1 1 1 0 1 1 1 1 1 1 1 0 1 0 0 1 0 0 0 1 1 1 1 0 0 0 0
 0 1 1 1 0 0 0 1 0 0 1 1 0 1 1 1 0 1 1 1 1 0 1 1 0 1 0 1 1 1 0 1 0 1 0 1 1
 1 1 1 1 0 0 1 0 1 1 1 0 1 1 0 1 1 0 0 0 0 1 1 0 1 0]
At  2101/30000: COST 0.049/2.787(0.140) -- Acc 0.990/0.490(0.949)
[1 1 0 1 1 0 0 1 1 1 0 0 1 0 1 0 0 0 0 0 0 1 1 1 0 1 1 1 1 1 0 0 0 0 0 0 0
 1 0 0 0 1 1 1 1 0 1 0 1 0 1 0 1 1 1 1 1 1 0 1 0 1 1 1 0 1 1 1 1 1 0 0 1 1
 0 0 0 1 1 0 0 1 1 1 1 0 0 0 1 1 0 0 1 0 0 1 0 0 0 1]
At  2201/30000: COST 0.069/3.033(0.100) -- Acc 0.970/0.440(0.964)
[0 1 1 1 1 0 1 1 1 0 0 0 1 0 1 1 0 0 0 1 1 0 0 1 0 1 0 1 0 1 0 0 1 0 1 1 0
 0 1 1 0 1 1 1 0 1 1 0 1 1 0 1 0 1 1 1 1 1 1 0 1 0 1 1 0 0 0 1 1 1 0 1 0 1
 1 1 0 0 1 0 0 1 1 0 1 1 0 0 0 1 1 1 1 0 0 1 0 0 1 0]
At  2301/30000: COST 0.018/3.183(0.088) -- Acc 1.000/0.470(0.968)
[1 1 1 1 0 1 1 1 1 1 1 1 1 1 1 0 1 0 0 0 0 0 1 1 0 0 0 1 1 0 1 1 0 1 0 1 0
 0 0 1 0 0 1 1 0 0 1 0 1 1 0 1 1 0 0 0 1 1 1 1 0 0 0 0 1 1 1 1 1 0 0 1 1 1
 1 0 0 1 1 1 1 1 1 1 0 0 0 1 1 0 0 1 0 1 1 0 1 0 1 1]
At  2401/30000: COST 0.186/3.488(0.076) -- Acc 0.960/0.480(0.973)
[1 0 0 1 1 1 1 1 0 0 1 0 1 0 0 0 1 0 0 1 1 1 1 0 1 1 1 0 1 1 1 1 1 1 0 1 1
 1 1 1 0 0 1 1 0 1 1 1 1 0 1 0 0 0 0 0 1 1 1 1 0 1 1 0 1 1 1 0 0 1 0 1 1 1
 0 1 0 1 1 1 0 0 0 0 0 0 0 0 1 1 1 0 0 0 0 0 1 1 1 1]
At  2501/30000: COST 0.048/3.544(0.065) -- Acc 0.990/0.430(0.977)
[1 0 1 0 0 0 1 1 0 0 1 1 1 0 1 1 1 1 0 0 1 0 0 1 0 1 0 0 1 1 1 0 1 1 1 0 0
 0 0 0 1 0 0 1 1 0 0 1 1 0 1 0 1 1 0 0 1 0 1 0 1 0 0 1 0 1 0 1 1 0 1 1 0 1
 0 0 0 1 1 0 0 1 1 0 0 1 0 1 1 1 0 0 1 0 1 1 1 1 0 1]
At  2601/30000: COST 0.120/3.848(0.074) -- Acc 0.960/0.470(0.974)
[0 1 0 0 1 1 1 0 0 1 0 0 0 0 0 0 0 1 1 1 0 1 1 0 0 1 0 0 1 1 0 1 0 0 1 0 0
 0 1 0 0 1 0 1 1 1 1 1 1 0 0 0 0 0 1 0 1 1 1 1 1 1 0 1 0 1 1 0 0 0 0 0 0 1
 0 1 1 0 1 0 1 0 1 0 0 1 1 1 1 0 0 0 1 1 1 1 0 1 1 1]
At  2701/30000: COST 0.082/3.770(0.055) -- Acc 0.980/0.450(0.981)
[0 1 0 0 1 1 0 1 0 0 1 1 0 0 1 0 1 1 0 0 0 1 0 1 1 1 1 0 0 1 0 1 1 0 1 0 0
 0 1 0 1 0 1 0 0 0 1 0 1 1 1 0 1 1 1 0 1 0 0 1 0 1 1 0 0 1 0 1 1 1 0 1 1 1
 0 1 1 1 0 0 1 0 0 1 1 0 0 1 0 1 0 0 1 0 1 0 1 0 0 0]
At  2801/30000: COST 0.035/4.151(0.042) -- Acc 0.990/0.470(0.986)
[1 1 1 1 1 0 1 1 0 0 1 0 1 0 1 1 0 1 1 0 0 0 1 0 1 1 0 1 0 0 0 0 0 0 1 0 0
 1 0 0 1 0 0 1 0 1 1 0 1 1 0 1 1 0 1 0 1 0 0 1 1 0 1 1 0 0 1 0 1 1 0 0 0 0
 0 1 1 1 1 1 1 1 0 1 1 0 0 0 0 1 0 0 0 1 1 1 1 0 0 1]
At  2901/30000: COST 0.010/4.469(0.035) -- Acc 1.000/0.420(0.988)
[0 1 0 0 0 1 0 1 1 1 0 0 0 1 1 1 1 0 1 0 0 1 1 0 0 0 1 1 0 0 0 1 1 0 0 1 0
 0 1 0 0 0 1 1 1 1 0 0 1 0 1 0 1 1 1 0 1 0 1 0 1 1 1 1 0 0 0 0 0 0 1 1 0 0
 1 0 0 1 1 0 0 1 1 0 1 1 1 1 1 1 1 1 0 1 0 1 1 1 0 1]
At  3001/30000: COST 0.022/4.439(0.026) -- Acc 0.990/0.460(0.991)
[1 0 0 1 0 1 0 0 1 1 1 1 0 1 0 1 1 1 1 0 1 0 0 0 0 1 0 1 0 0 1 0 1 0 0 0 1
 0 1 0 1 0 0 1 1 1 1 0 1 0 0 1 1 1 1 0 0 0 0 0 1 1 0 1 1 0 0 1 0 1 0 1 1 1
 0 1 0 1 0 0 0 0 1 0 1 0 0 1 0 0 1 0 0 0 1 1 1 1 1 1]
At  3101/30000: COST 0.015/4.769(0.021) -- Acc 0.990/0.450(0.993)
[1 1 1 0 1 1 1 1 0 1 0 0 0 1 1 1 0 1 0 1 1 1 0 1 1 1 0 0 1 0 0 0 0 1 1 0 0
 0 1 1 0 1 0 0 0 1 1 1 0 1 1 1 1 0 0 1 1 0 0 0 1 0 1 1 0 1 0 0 0 0 0 1 0 0
 1 0 1 1 0 1 0 0 0 1 1 1 0 1 1 0 0 0 1 0 0 0 1 0 1 1]
At  3201/30000: COST 0.085/4.130(0.030) -- Acc 0.970/0.480(0.989)
[1 1 1 1 0 1 1 0 0 0 0 0 1 0 1 1 1 0 1 0 1 0 1 1 0 1 1 1 1 0 0 0 1 0 0 1 1
 0 0 0 1 0 0 0 0 0 0 1 0 1 1 0 0 1 1 0 0 0 1 1 1 1 1 0 1 1 1 0 1 0 1 1 1 1
 1 0 1 1 1 1 1 0 1 1 0 1 1 0 0 1 0 0 1 1 1 0 1 0 0 0]
At  3301/30000: COST 0.156/4.354(0.063) -- Acc 0.960/0.480(0.978)
[1 0 0 0 1 1 0 1 1 0 1 0 0 0 1 0 0 0 0 0 0 1 0 1 0 0 0 0 1 0 0 1 0 0 1 1 0
 0 1 1 0 0 0 0 1 0 1 1 1 0 0 0 1 1 0 0 1 1 1 0 1 1 0 0 0 1 1 1 1 1 1 1 0 0
 1 0 1 1 0 0 1 1 1 1 1 1 1 0 1 1 1 0 0 0 0 0 1 0 0 1]
At  3401/30000: COST 0.055/3.310(0.111) -- Acc 0.980/0.430(0.961)
[1 1 1 0 1 0 1 1 0 1 1 1 1 1 1 0 1 1 0 0 0 1 1 0 0 1 0 1 1 0 0 0 1 0 0 1 1
 1 1 0 1 0 0 1 1 0 1 0 0 0 1 1 1 0 0 1 0 0 0 1 1 0 0 1 1 0 0 1 1 1 0 0 1 1
 0 0 1 0 0 0 1 0 1 1 1 1 1 1 0 0 1 0 1 0 1 1 1 0 0 0]
At  3501/30000: COST 0.082/3.682(0.100) -- Acc 0.950/0.430(0.965)
[1 1 0 0 0 0 0 1 1 1 0 1 0 1 1 1 0 0 0 0 1 0 1 1 1 1 0 0 0 0 1 0 0 0 1 1 0
 0 1 0 1 0 0 1 0 0 1 1 1 1 1 1 0 0 1 1 0 1 0 0 1 1 1 1 0 1 0 1 0 1 0 0 0 0
 0 1 1 1 1 1 1 1 0 0 1 1 1 1 1 0 0 1 1 0 0 0 1 0 1 0]
At  3601/30000: COST 0.083/3.903(0.071) -- Acc 0.950/0.390(0.974)
[1 1 1 0 0 1 0 1 1 1 1 1 0 1 0 0 0 0 1 0 1 1 0 1 0 1 1 0 0 0 0 1 0 1 1 1 1
 0 0 1 0 0 1 1 0 1 0 1 1 0 1 1 0 0 0 1 1 0 0 0 0 1 1 0 1 0 1 0 0 1 0 0 1 0
 1 1 1 1 0 1 1 0 0 1 1 1 0 1 0 0 0 0 0 1 0 1 0 0 0 1]
At  3701/30000: COST 0.025/3.375(0.062) -- Acc 0.990/0.470(0.978)
[0 0 0 1 1 0 0 0 1 0 0 1 0 1 1 0 0 1 1 0 0 1 1 0 0 0 0 1 1 1 1 1 0 0 1 0 0
 0 1 0 1 0 0 1 0 0 1 0 0 1 1 1 1 1 0 1 1 0 0 1 1 1 1 0 1 1 1 0 0 1 0 0 0 0
 0 1 1 1 1 0 0 1 0 1 0 0 1 0 1 1 1 1 0 1 1 0 1 1 0 0]
At  3801/30000: COST 0.111/3.353(0.078) -- Acc 0.970/0.450(0.972)
[1 1 0 1 0 1 1 1 0 0 0 1 1 1 0 0 1 0 0 1 0 1 1 0 1 1 1 1 0 0 0 0 0 0 1 0 1
 1 1 0 1 0 0 0 0 1 1 1 1 0 0 0 0 1 0 0 1 0 0 0 1 0 0 0 0 0 1 0 1 0 0 0 0 0
 1 1 1 0 0 1 0 0 1 1 0 1 1 0 0 0 1 1 0 1 0 0 1 1 0 0]
At  3901/30000: COST 0.025/3.354(0.066) -- Acc 0.990/0.490(0.976)
[1 0 1 0 0 0 1 0 1 1 0 0 1 0 1 1 1 0 0 0 0 0 1 0 0 1 1 1 0 1 0 0 1 1 1 0 0
 1 0 1 0 0 1 0 1 1 0 0 0 1 0 0 1 0 1 1 0 0 0 1 0 0 1 0 0 1 0 0 0 1 0 0 0 0
 1 0 0 1 0 0 1 0 0 0 0 1 0 1 1 0 1 1 1 0 1 0 0 1 1 1]
At  4001/30000: COST 0.027/3.721(0.047) -- Acc 0.980/0.460(0.984)
[0 1 1 0 0 1 0 0 1 1 1 0 1 0 0 1 0 0 1 0 1 0 1 1 0 1 1 1 0 1 0 1 1 1 1 0 1
 1 0 0 0 1 1 0 0 1 1 0 0 0 0 1 1 0 1 0 1 1 0 0 1 1 0 0 0 1 1 1 0 0 1 1 1 0
 0 0 1 1 0 0 0 0 0 0 1 0 1 0 0 0 1 1 0 1 1 0 1 0 1 0]
At  4101/30000: COST 0.051/3.868(0.055) -- Acc 0.980/0.440(0.981)
[1 0 0 1 0 1 1 1 0 1 1 1 1 1 1 0 0 0 1 1 1 1 0 0 1 0 0 0 1 0 0 0 1 1 0 0 0
 1 0 1 1 1 1 1 1 0 1 0 0 1 0 1 1 0 1 0 1 1 0 0 1 0 0 1 1 1 0 0 0 1 0 1 1 1
 0 0 0 1 0 1 0 1 1 1 0 0 1 1 0 0 0 0 0 0 1 1 1 0 0 1]
At  4201/30000: COST 0.105/3.378(0.083) -- Acc 0.960/0.530(0.974)
[1 1 1 0 1 0 1 0 1 0 0 1 1 1 1 1 1 1 1 0 1 1 0 0 0 1 1 0 1 0 0 0 0 0 0 0 0
 0 1 1 0 1 0 1 0 1 0 0 1 1 1 1 1 0 0 0 1 1 1 0 1 1 0 1 1 1 1 1 0 0 1 1 0 1
 0 1 1 0 0 1 1 0 0 0 0 0 1 1 0 0 1 1 1 1 0 1 0 0 0 1]
At  4301/30000: COST 0.025/3.492(0.066) -- Acc 0.990/0.550(0.977)
[1 0 0 1 1 0 0 1 1 0 0 0 1 0 0 0 1 0 1 0 0 1 1 1 1 0 0 1 0 0 1 1 0 0 0 1 0
 1 0 1 0 0 1 0 0 1 0 1 0 1 0 1 1 1 1 0 0 1 1 0 0 0 1 1 1 1 1 1 0 1 1 0 1 1
 0 1 0 0 1 1 1 1 0 1 0 0 0 1 1 0 1 0 0 0 1 0 1 1 1 1]
At  4401/30000: COST 0.031/3.675(0.048) -- Acc 1.000/0.530(0.984)
[1 0 1 0 0 0 1 0 1 1 1 1 0 1 1 1 0 1 0 0 0 1 1 1 0 1 1 0 1 1 1 0 1 0 1 0 0
 1 0 1 1 0 1 1 0 0 1 1 1 1 0 0 0 0 0 0 1 1 0 0 1 1 1 0 0 1 0 0 1 0 1 1 1 0
 0 1 0 0 1 0 1 1 0 0 0 0 1 0 1 1 1 1 0 1 0 1 1 1 0 1]
At  4501/30000: COST 0.048/3.800(0.036) -- Acc 0.980/0.550(0.987)
[0 0 1 1 1 1 0 1 1 1 1 0 1 0 0 0 1 1 1 0 1 0 1 1 1 0 1 0 1 0 1 1 1 1 1 1 0
 1 1 1 0 1 1 1 1 0 0 0 1 1 1 0 0 1 1 0 0 0 0 1 1 0 1 1 0 0 1 1 1 1 1 0 1 1
 1 1 0 0 0 0 1 0 1 1 1 0 0 0 0 1 1 0 1 1 1 0 0 0 0 1]
At  4601/30000: COST 0.027/3.987(0.029) -- Acc 0.990/0.480(0.990)
[1 0 0 1 0 1 1 1 0 0 1 1 1 1 0 1 1 1 1 0 0 0 1 0 1 0 0 1 1 0 1 0 1 1 0 0 1
 1 0 0 0 1 0 0 0 1 0 1 0 1 1 1 1 1 0 0 1 0 0 1 1 1 0 1 0 0 0 0 1 0 1 0 0 0
 0 0 0 1 0 1 0 0 0 0 1 0 1 1 0 0 0 0 1 0 1 1 1 1 1 1]
At  4701/30000: COST 0.027/4.075(0.026) -- Acc 0.990/0.460(0.991)
[0 1 1 1 1 1 0 1 0 0 1 1 1 1 1 0 1 0 1 0 0 0 1 1 1 1 1 1 1 0 0 0 1 0 1 1 0
 1 0 1 0 0 1 0 1 0 0 1 0 1 0 0 1 0 1 0 0 1 0 0 0 1 1 0 1 1 1 1 0 1 1 1 1 0
 1 1 0 0 1 1 0 0 1 1 1 0 1 0 0 0 1 1 1 0 1 1 1 1 0 1]
At  4801/30000: COST 0.062/3.799(0.033) -- Acc 0.980/0.530(0.987)
[1 1 1 1 0 0 0 0 1 0 1 0 0 0 1 0 1 1 1 1 0 1 1 0 1 0 1 1 0 1 1 1 1 0 1 1 1
 1 1 1 0 0 0 0 1 1 1 1 0 0 1 0 0 0 1 1 1 1 0 1 1 1 0 0 1 1 0 0 0 1 0 0 0 0
 0 0 1 0 1 0 1 0 0 1 1 0 1 0 1 0 1 1 1 1 1 0 1 0 0 0]
At  4901/30000: COST 0.039/3.932(0.035) -- Acc 0.990/0.510(0.988)
[0 0 0 0 1 0 1 1 1 1 1 1 1 1 1 0 1 0 1 1 0 0 1 1 0 1 0 1 0 0 0 1 1 0 1 1 0
 0 1 0 0 0 1 0 1 1 1 0 1 1 1 0 1 0 1 1 0 1 0 1 0 0 0 1 0 0 1 1 0 0 1 0 1 0
 1 1 0 1 0 1 1 1 1 1 0 1 1 1 1 0 1 0 0 0 1 0 0 0 0 1]
At  5001/30000: COST 0.155/3.859(0.052) -- Acc 0.940/0.490(0.982)
[1 0 1 0 1 0 0 0 1 1 0 1 1 0 1 0 0 1 1 1 0 1 0 1 0 0 1 1 0 0 0 1 0 1 1 0 0
 0 1 1 0 0 1 0 0 1 0 1 0 1 1 1 1 0 1 0 0 0 1 0 1 0 0 0 0 1 1 0 1 1 0 1 1 0
 0 1 0 1 0 1 1 1 0 0 0 0 0 0 0 1 0 0 1 1 0 1 1 1 1 1]
At  5101/30000: COST 0.042/3.816(0.093) -- Acc 0.980/0.460(0.968)
[1 0 0 1 1 1 1 0 1 1 0 1 0 1 1 1 0 0 0 0 1 1 1 1 0 1 1 1 0 0 0 1 1 0 0 1 0
 1 1 1 0 1 0 1 1 0 1 1 1 1 1 0 1 0 1 0 1 0 1 1 0 0 0 0 1 1 0 1 1 1 0 1 0 0
 0 0 1 1 0 1 0 1 0 1 0 0 1 0 0 0 0 1 0 1 0 0 0 1 1 1]
At  5201/30000: COST 0.095/3.810(0.088) -- Acc 0.980/0.430(0.969)
[1 0 0 1 1 1 0 1 1 0 0 0 0 0 1 1 1 1 0 1 0 1 1 1 1 0 0 1 1 1 1 0 0 0 1 1 1
 1 0 0 1 1 0 0 0 1 1 0 1 1 1 1 1 1 0 0 0 0 0 1 1 1 1 1 1 0 0 0 0 1 1 0 1 1
 1 0 1 0 0 0 1 1 1 1 0 0 0 0 0 0 1 1 1 1 0 0 1 0 1 1]
At  5301/30000: COST 0.119/3.065(0.096) -- Acc 0.930/0.510(0.967)
[0 1 0 0 1 0 0 1 0 1 1 1 1 0 1 1 0 0 0 1 1 0 1 1 1 0 0 1 1 0 1 0 1 0 0 1 0
 0 0 1 0 0 0 0 0 1 0 1 1 1 0 1 1 1 0 0 1 1 1 0 0 1 0 1 0 1 0 1 0 1 1 0 0 1
 1 0 0 0 0 0 1 1 1 1 0 0 0 0 0 1 1 1 1 0 0 1 1 0 0 0]
At  5401/30000: COST 0.030/3.349(0.069) -- Acc 0.990/0.470(0.975)
[1 1 1 0 1 0 1 0 1 1 0 1 1 0 0 0 0 0 0 1 1 1 1 1 0 0 1 1 0 0 1 1 0 1 0 1 1
 0 1 0 0 1 1 1 1 0 0 0 1 0 1 1 1 0 0 1 0 0 1 0 1 1 1 0 0 1 0 1 0 1 0 0 1 1
 1 0 1 0 1 1 0 1 0 0 0 0 0 1 1 0 0 1 0 0 1 1 1 0 1 1]
At  5501/30000: COST 0.014/3.638(0.050) -- Acc 1.000/0.460(0.983)
[0 1 1 0 0 0 1 1 0 0 0 1 0 1 0 1 1 0 1 1 0 0 0 0 1 1 1 0 1 0 1 1 0 0 1 1 1
 0 1 1 0 1 0 1 1 1 1 0 0 1 0 0 0 1 0 0 1 0 0 1 1 0 0 0 0 0 1 1 0 1 0 0 0 1
 0 1 0 1 0 0 0 1 1 1 1 0 1 0 1 0 1 1 1 1 0 0 1 1 0 1]
At  5601/30000: COST 0.037/3.802(0.044) -- Acc 0.990/0.470(0.985)
[1 0 0 0 1 0 1 1 0 0 0 0 1 1 1 0 1 0 1 1 0 1 1 0 1 0 0 0 1 0 1 1 0 0 1 0 0
 0 1 1 0 0 0 1 1 1 0 1 1 1 0 1 1 1 1 0 0 0 0 1 0 0 1 0 0 0 1 0 0 0 1 0 1 0
 0 1 1 1 0 1 0 0 0 0 0 1 0 0 1 0 1 1 1 1 0 0 0 1 0 0]
At  5701/30000: COST 0.040/4.156(0.028) -- Acc 0.980/0.480(0.990)
[0 0 0 0 0 1 0 1 1 0 0 0 1 0 1 0 1 1 0 0 0 1 0 0 1 0 1 0 0 1 0 1 1 1 1 1 0
 1 0 0 1 0 1 1 0 0 1 1 1 0 0 1 0 1 1 1 1 1 1 1 1 0 0 0 0 0 0 1 0 0 0 1 0 1
 1 0 1 0 1 0 0 0 1 1 1 1 1 1 0 0 1 0 1 0 0 0 1 0 1 1]
At  5801/30000: COST 0.020/4.048(0.022) -- Acc 0.990/0.480(0.993)
[0 0 1 1 0 0 1 1 1 0 1 1 1 0 1 1 0 1 0 0 0 1 0 0 1 1 0 1 1 0 1 1 1 0 0 0 1
 1 0 0 0 1 1 1 0 0 0 1 0 1 0 0 1 0 1 0 0 0 0 1 0 1 1 0 0 1 0 1 1 0 0 0 1 1
 0 0 0 0 0 1 0 1 0 0 0 0 1 1 1 0 0 1 1 0 1 0 1 1 1 1]
At  5901/30000: COST 0.031/4.070(0.018) -- Acc 0.990/0.490(0.994)
[1 0 1 1 0 1 1 0 0 0 0 1 0 1 0 1 1 0 0 0 0 0 0 1 0 0 0 0 0 0 0 0 0 1 0 1 0
 0 1 1 1 0 1 0 1 0 1 1 1 1 1 0 1 1 0 0 0 0 0 1 1 1 0 1 1 1 0 0 1 1 1 0 0 1
 1 0 1 0 1 1 1 0 1 0 0 1 1 1 0 0 0 1 1 1 1 1 0 0 1 1]
At  6001/30000: COST 0.019/4.434(0.015) -- Acc 0.990/0.490(0.995)
[1 0 0 1 0 0 1 1 1 0 0 1 0 1 0 1 0 1 1 0 1 0 1 0 1 1 1 0 0 0 0 0 0 1 1 0 0
 1 0 1 0 1 1 1 1 0 1 0 0 1 1 0 1 1 1 0 1 1 1 1 1 0 0 0 1 0 1 0 1 1 0 0 1 0
 1 1 1 0 1 0 0 1 1 1 0 0 1 0 1 1 1 1 1 0 1 1 0 1 1 0]
At  6101/30000: COST 0.069/4.051(0.050) -- Acc 0.960/0.470(0.985)
[0 1 0 1 1 0 1 0 0 1 0 1 1 0 0 1 1 0 1 1 0 0 0 0 1 1 1 0 1 1 0 1 1 0 1 0 0
 0 1 1 0 1 1 1 1 0 0 1 0 1 1 1 0 0 1 1 1 0 1 0 0 1 0 1 0 0 0 1 1 1 0 0 0 1
 1 0 1 0 0 0 1 1 1 0 0 0 1 1 1 1 1 1 0 0 0 0 1 0 0 1]
At  6201/30000: COST 0.176/3.370(0.103) -- Acc 0.940/0.470(0.967)
[1 0 1 0 0 1 1 0 1 0 0 1 1 1 0 1 0 0 0 0 1 0 0 1 0 1 0 1 0 1 0 0 1 0 0 1 1
 1 0 1 1 0 1 1 0 0 0 0 1 0 0 0 0 0 0 0 1 0 1 0 0 1 1 1 1 1 1 0 0 0 0 0 1 0
 1 0 1 1 0 1 0 0 0 1 1 1 1 1 1 0 1 1 0 1 0 1 1 1 1 1]
At  6301/30000: COST 0.064/3.684(0.087) -- Acc 0.980/0.470(0.971)
[1 1 0 1 1 1 1 1 0 0 1 1 0 0 0 1 1 1 0 0 1 1 1 1 1 0 1 0 0 0 0 0 1 0 0 0 1
 0 0 0 0 0 0 1 1 0 1 1 1 0 0 1 1 1 0 0 1 1 1 1 0 1 1 0 1 0 1 0 0 1 0 0 1 1
 1 1 1 0 1 0 0 0 0 1 1 0 0 0 1 0 1 0 0 0 1 1 1 0 0 1]
At  6401/30000: COST 0.072/3.944(0.068) -- Acc 0.960/0.420(0.977)
[1 0 1 0 1 1 1 1 1 0 1 0 0 1 0 1 0 0 1 0 1 0 0 0 0 0 0 0 0 1 1 1 0 0 1 1 1
 1 0 0 1 1 1 0 0 1 0 0 0 1 1 1 0 1 1 1 1 0 1 1 0 1 0 0 1 0 0 0 0 0 1 1 1 0
 1 0 1 1 0 1 1 0 0 1 1 1 0 1 0 0 1 0 0 1 0 0 1 0 1 0]
At  6501/30000: COST 0.082/3.415(0.080) -- Acc 0.960/0.450(0.975)
[0 1 1 1 0 0 1 1 1 1 1 0 0 1 0 1 0 1 1 1 1 1 1 0 1 1 0 0 0 0 0 1 1 0 1 0 0
 1 1 0 1 0 0 1 0 1 0 0 0 0 1 1 1 1 0 0 0 0 1 0 1 0 1 0 0 0 1 1 1 1 0 1 0 0
 0 1 1 1 1 1 1 0 1 1 1 1 0 0 1 0 0 0 1 0 1 0 1 1 1 0]
At  6601/30000: COST 0.050/3.376(0.065) -- Acc 0.980/0.490(0.978)
[0 0 0 1 1 1 0 0 0 1 1 1 1 0 1 1 0 1 1 0 1 0 0 1 1 0 0 1 1 0 1 0 1 0 0 0 1
 0 1 0 1 1 1 1 1 1 0 1 0 1 1 0 0 1 0 1 1 1 1 1 0 0 0 0 1 0 0 0 0 1 1 1 1 1
 1 1 0 0 0 0 1 0 0 1 0 0 0 1 0 1 1 1 0 0 0 1 1 1 0 0]
At  6701/30000: COST 0.029/3.451(0.054) -- Acc 0.990/0.470(0.982)
[1 1 1 0 0 1 0 1 1 0 0 0 0 0 1 1 0 1 0 0 1 1 1 0 1 1 1 0 1 0 1 1 0 1 0 1 1
 1 0 1 0 1 1 1 0 0 1 0 0 0 1 0 0 0 1 1 1 0 0 1 1 0 1 0 0 1 1 1 1 0 0 0 1 0
 1 1 1 0 0 1 1 1 1 0 1 0 1 1 1 1 1 0 1 0 0 1 0 1 1 1]
At  6801/30000: COST 0.018/3.940(0.033) -- Acc 0.990/0.480(0.990)
[0 0 0 1 0 1 0 0 0 0 0 1 0 1 0 1 0 1 0 0 0 1 0 0 1 0 0 0 1 0 0 0 1 1 1 1 0
 1 0 0 0 0 1 0 1 1 1 1 1 1 1 1 1 1 0 0 1 0 1 1 0 1 1 1 0 1 1 1 1 0 1 1 1 0
 1 1 0 1 1 0 1 0 1 1 0 1 0 1 0 1 0 1 0 1 1 0 0 1 1 1]
At  6901/30000: COST 0.013/4.189(0.022) -- Acc 0.990/0.470(0.993)
[0 0 0 0 1 1 1 0 0 0 1 1 0 0 1 0 0 0 0 1 0 0 1 0 1 1 0 1 1 1 0 0 1 0 1 0 0
 0 1 0 0 1 0 1 1 1 1 1 0 1 1 1 1 1 1 0 1 1 0 1 0 0 0 0 1 1 0 1 0 0 0 1 0 1
 1 1 1 0 0 1 1 1 1 0 1 1 1 1 0 1 1 0 0 0 1 1 0 1 1 1]
At  7001/30000: COST 0.020/4.137(0.017) -- Acc 0.990/0.470(0.994)
[0 1 0 1 1 1 0 1 1 1 1 1 0 0 0 1 0 1 1 0 0 0 1 1 1 1 1 1 0 0 0 1 1 1 1 0 1
 0 0 1 1 0 1 1 0 1 1 1 1 1 0 1 1 0 1 1 0 0 1 1 1 1 0 1 0 0 1 1 1 1 1 1 0 1
 1 1 1 1 0 0 0 0 1 0 1 1 0 1 0 1 0 0 0 0 0 0 0 1 1 0]
At  7101/30000: COST 0.003/4.017(0.015) -- Acc 1.000/0.500(0.995)
[1 0 1 0 1 0 1 1 1 0 1 1 1 0 1 1 1 1 1 0 1 1 1 1 0 1 0 0 0 1 1 1 0 1 1 0 1
 1 0 1 0 1 0 1 0 1 1 0 0 1 1 0 1 0 1 1 1 1 1 1 0 1 1 0 0 0 1 0 1 0 0 1 1 0
 1 1 0 0 1 0 0 1 1 1 1 1 1 0 1 0 1 0 0 0 1 1 0 1 1 0]
At  7201/30000: COST 0.037/4.364(0.016) -- Acc 0.990/0.480(0.995)
[0 1 1 0 1 0 0 0 0 1 1 0 1 1 0 1 0 1 1 0 0 1 1 1 1 1 0 0 0 1 0 1 0 1 0 0 1
 0 0 0 0 0 0 1 1 1 1 1 0 0 1 1 1 0 1 1 1 1 1 1 1 1 1 0 0 1 0 0 1 1 0 1 0 0
 0 1 1 1 0 0 1 1 1 0 1 0 0 0 0 0 0 0 1 0 0 0 0 0 0 1]
At  7301/30000: COST 0.030/4.374(0.021) -- Acc 0.990/0.500(0.993)
[0 0 1 0 1 1 1 0 1 1 0 1 0 0 1 0 1 0 1 0 0 1 0 1 1 1 0 1 1 1 0 0 0 1 1 0 1
 0 1 0 0 1 0 0 0 0 1 1 1 1 0 1 0 1 1 0 1 0 1 1 0 1 1 0 1 0 0 0 1 0 1 1 1 0
 0 1 1 0 0 0 0 0 1 0 1 1 1 0 0 1 0 1 0 0 1 1 0 0 1 1]
At  7401/30000: COST 0.148/3.776(0.076) -- Acc 0.960/0.440(0.976)
[1 1 0 0 1 1 0 1 1 0 1 1 0 1 1 1 0 0 1 0 1 1 1 1 0 1 0 1 0 1 0 0 0 1 1 1 1
 1 0 0 0 1 0 0 0 0 1 0 0 0 1 1 1 1 1 1 0 1 0 0 0 0 0 1 1 1 0 0 0 1 1 0 1 0
 0 0 1 1 1 1 1 0 0 0 1 0 1 1 1 0 0 0 0 1 1 1 0 0 1 1]
At  7501/30000: COST 0.273/4.154(0.097) -- Acc 0.920/0.460(0.968)
[1 1 1 0 1 1 0 1 1 0 0 0 1 1 0 1 0 0 1 0 0 1 0 1 0 1 0 1 1 0 1 0 0 0 0 0 1
 0 0 0 0 1 1 0 0 1 1 1 0 0 1 1 1 1 1 1 1 1 0 1 1 0 1 0 1 0 0 0 0 0 0 1 1 0
 0 0 0 1 0 1 0 0 0 0 0 1 0 1 0 0 0 1 0 0 1 1 0 1 1 1]
At  7601/30000: COST 0.094/3.564(0.114) -- Acc 0.980/0.480(0.961)
[1 0 0 1 0 0 1 0 1 0 0 1 0 1 0 0 1 1 1 0 1 1 1 0 0 0 0 0 1 0 1 0 1 0 1 0 1
 0 0 1 0 1 0 0 0 0 0 1 0 0 0 0 0 0 1 0 1 1 0 1 0 0 0 1 1 0 1 1 1 0 1 1 0 0
 0 1 0 0 0 0 0 1 1 1 1 1 0 1 1 0 0 1 1 1 1 1 0 1 1 1]
At  7701/30000: COST 0.063/3.146(0.097) -- Acc 0.970/0.480(0.967)
[0 0 0 1 0 1 0 1 1 1 0 0 1 1 1 0 1 1 1 0 0 0 0 1 0 1 0 1 1 0 1 0 1 0 0 0 0
 1 1 1 1 0 1 0 0 0 1 0 1 0 0 0 1 1 1 1 0 1 1 0 0 1 0 0 0 1 1 0 1 0 1 1 0 1
 0 1 0 1 1 1 1 1 0 1 0 0 1 0 1 0 0 0 0 1 1 0 1 0 1 0]
At  7801/30000: COST 0.058/3.648(0.084) -- Acc 0.960/0.490(0.971)
[0 1 1 0 0 0 0 1 0 0 1 0 1 1 0 1 0 0 1 1 0 1 1 1 0 0 0 1 1 1 0 1 0 1 0 0 0
 0 1 1 1 1 1 1 0 0 0 1 1 1 0 0 0 1 0 1 0 0 1 0 0 0 1 0 0 0 0 0 1 1 0 0 1 1
 1 0 1 1 1 0 1 1 0 1 1 0 0 1 1 1 1 1 1 1 0 1 1 1 0 1]
At  7901/30000: COST 0.016/3.604(0.056) -- Acc 0.990/0.460(0.981)
[1 1 1 0 1 0 1 0 1 1 0 1 1 1 1 0 0 0 0 0 0 1 0 0 0 0 0 0 1 1 1 1 0 1 1 1 0
 0 1 0 0 1 0 0 0 0 1 1 1 1 0 0 1 0 1 0 0 1 0 0 1 0 0 0 0 1 1 0 1 0 1 1 0 1
 0 0 0 0 1 1 1 0 0 0 0 0 0 0 0 1 0 1 1 0 0 1 0 1 0 0]
At  8001/30000: COST 0.116/3.679(0.081) -- Acc 0.950/0.480(0.973)
[1 0 1 0 0 0 0 0 0 1 0 1 0 1 1 1 1 1 1 0 1 0 1 0 0 0 0 1 1 1 0 0 1 1 0 0 1
 0 0 0 0 1 0 0 1 1 0 1 1 0 0 0 0 1 1 0 1 0 1 1 1 1 1 0 1 0 1 1 1 1 0 1 0 0
 1 0 1 0 0 0 1 1 1 1 1 0 1 1 0 0 1 0 1 1 1 1 0 1 0 0]
At  8101/30000: COST 0.020/3.123(0.111) -- Acc 1.000/0.430(0.963)
[1 0 1 1 1 1 0 0 0 1 1 0 0 1 1 0 0 0 1 0 1 1 0 1 1 0 1 1 0 1 0 1 1 1 1 1 0
 1 0 1 1 1 1 1 1 1 1 0 0 0 0 0 1 1 1 0 1 1 1 1 0 0 1 0 0 0 1 0 0 0 0 0 1 0
 1 1 0 1 0 1 0 1 1 1 0 0 1 1 0 1 1 0 1 0 1 1 1 0 0 0]
At  8201/30000: COST 0.017/3.351(0.075) -- Acc 1.000/0.470(0.976)
[1 1 1 1 0 0 1 0 0 1 0 1 0 0 1 1 0 0 0 0 1 1 0 1 0 1 0 1 1 0 1 1 1 0 0 1 1
 0 1 1 1 1 0 0 0 1 1 0 0 0 1 0 1 0 0 0 1 0 0 1 0 1 1 1 1 1 1 1 0 1 0 0 1 0
 0 1 1 1 1 0 0 1 1 1 1 0 1 1 1 1 0 1 1 1 0 0 0 0 0 1]
At  8301/30000: COST 0.029/3.977(0.051) -- Acc 0.990/0.420(0.983)
[0 0 0 0 1 1 0 1 1 1 1 1 0 0 1 1 1 1 0 1 0 0 0 0 0 1 0 1 0 0 1 1 0 0 0 1 0
 0 1 0 0 0 1 0 1 1 1 1 0 1 0 0 0 1 1 0 0 1 1 0 0 1 0 0 1 1 1 0 1 1 0 0 1 1
 1 1 0 0 1 1 1 0 1 1 1 1 0 0 1 1 0 0 0 0 1 1 1 0 1 0]
At  8401/30000: COST 0.016/3.799(0.036) -- Acc 1.000/0.460(0.988)
[1 0 1 1 0 0 1 0 1 0 1 1 0 1 1 1 1 1 1 0 1 1 0 0 1 1 0 1 0 1 1 1 0 0 0 0 0
 1 1 0 0 1 1 0 0 0 0 0 1 1 0 1 1 0 0 0 0 1 1 0 0 0 0 0 0 1 0 1 1 1 1 0 0 1
 0 0 0 0 1 0 1 0 0 1 1 0 1 0 1 1 0 1 0 1 1 1 0 1 0 1]
At  8501/30000: COST 0.039/3.925(0.028) -- Acc 0.990/0.490(0.991)
[1 1 0 0 1 1 1 1 1 1 0 1 1 1 1 1 0 1 1 1 1 1 1 0 1 1 1 0 0 1 0 1 1 1 0 1 1
 1 0 0 0 1 0 0 1 0 0 1 0 0 1 0 0 0 0 0 0 0 0 0 0 0 0 1 1 1 0 0 1 1 0 0 1 0
 0 0 0 0 1 0 1 1 0 1 1 1 1 0 0 1 0 0 0 1 1 1 0 1 1 1]
At  8601/30000: COST 0.011/4.080(0.026) -- Acc 0.990/0.460(0.992)
[0 1 1 0 1 0 0 1 0 0 1 1 1 1 0 1 1 1 1 0 0 1 1 1 1 0 0 0 0 0 0 1 0 1 1 0 1
 1 1 0 1 1 0 0 1 0 0 0 1 1 0 0 0 1 1 0 0 0 0 1 1 1 0 0 0 0 1 0 0 0 1 0 1 0
 0 1 1 0 1 0 1 1 0 0 0 1 0 0 1 1 1 0 0 0 0 1 0 1 0 1]
At  8701/30000: COST 0.089/4.223(0.049) -- Acc 0.980/0.480(0.985)
[0 1 1 0 0 1 0 1 1 0 0 0 1 1 1 0 1 1 1 0 1 0 0 0 0 0 0 1 1 1 0 0 1 0 1 1 1
 1 0 1 1 1 0 0 0 1 1 1 1 0 0 1 0 0 1 1 1 0 1 0 1 1 0 0 0 1 1 1 0 0 1 1 0 0
 1 1 1 0 0 0 1 0 0 0 0 1 0 1 1 1 1 1 0 0 1 0 1 0 1 1]
At  8801/30000: COST 0.146/4.425(0.075) -- Acc 0.970/0.420(0.978)
[0 1 0 0 1 1 0 1 0 1 1 1 0 1 1 1 0 0 0 1 1 1 1 1 0 1 0 0 0 0 1 1 1 1 0 0 1
 0 1 0 1 1 1 0 1 1 0 1 1 0 1 0 0 1 0 0 1 0 1 1 1 1 1 1 0 1 0 1 0 0 0 0 1 0
 1 0 0 1 1 0 1 1 1 1 0 0 0 0 0 0 1 1 1 1 0 1 1 0 1 1]
At  8901/30000: COST 0.031/4.275(0.065) -- Acc 1.000/0.430(0.979)
[1 1 0 1 1 0 1 0 0 1 0 0 0 0 0 1 1 0 1 1 1 0 0 1 0 1 0 1 1 0 1 0 0 0 0 1 1
 0 0 1 1 1 1 1 1 1 0 0 0 1 0 1 0 0 0 1 0 0 0 0 0 0 0 0 1 0 1 1 1 0 0 1 1 0
 1 0 1 0 0 1 0 1 1 0 0 0 1 0 1 0 1 1 1 1 0 1 0 0 1 0]
At  9001/30000: COST 0.062/3.768(0.066) -- Acc 0.980/0.460(0.978)
[1 1 0 0 1 1 1 0 0 1 1 0 1 0 0 1 0 1 1 1 1 0 1 0 0 0 0 0 1 1 0 1 0 1 1 1 0
 0 0 1 1 0 0 0 1 0 1 0 1 1 1 0 0 0 1 1 0 0 1 1 0 1 0 0 1 1 1 1 0 0 1 1 1 1
 1 1 1 1 0 1 0 1 0 1 1 1 1 0 1 0 0 1 1 1 1 0 0 1 1 0]
At  9101/30000: COST 0.043/3.476(0.067) -- Acc 0.980/0.440(0.977)
[1 0 1 0 0 1 0 1 1 1 0 1 1 0 1 0 1 1 0 1 1 0 1 0 0 0 0 1 1 1 0 0 0 1 0 1 1
 1 1 1 1 1 0 0 1 1 0 0 0 0 1 1 0 0 0 1 1 0 1 0 0 0 0 1 1 0 0 0 0 0 1 0 0 0
 0 1 0 0 0 0 0 1 1 1 1 0 1 1 0 1 0 0 1 0 0 0 1 1 1 0]
At  9201/30000: COST 0.055/4.005(0.057) -- Acc 0.990/0.440(0.980)
[1 0 1 1 0 0 1 1 1 0 0 0 1 1 0 1 1 1 1 0 1 0 1 1 1 0 1 0 1 1 0 1 0 0 0 0 0
 1 1 1 0 1 1 1 1 0 1 1 0 1 0 1 0 0 0 1 0 0 0 0 0 0 1 0 1 0 0 1 1 0 0 1 1 0
 0 0 1 1 0 0 0 1 1 1 1 0 0 0 0 0 1 0 1 1 0 1 0 0 0 1]
At  9301/30000: COST 0.017/4.820(0.046) -- Acc 0.990/0.400(0.984)
[0 1 1 1 0 0 0 0 0 1 0 0 0 1 1 1 1 1 1 1 1 0 1 1 1 0 1 0 0 0 1 0 1 0 1 0 0
 0 1 1 0 0 1 1 0 0 1 1 1 0 0 1 1 0 0 0 0 1 1 0 0 1 0 0 0 0 1 0 0 0 1 1 1 1
 0 1 0 0 1 1 1 1 1 0 0 0 1 1 0 1 1 0 1 1 1 0 0 0 0 1]
At  9401/30000: COST 0.067/4.030(0.048) -- Acc 0.970/0.470(0.984)
[0 1 1 0 0 1 0 0 1 1 1 0 0 1 0 0 1 1 1 0 1 0 1 0 1 0 1 1 1 1 1 1 0 1 1 0 1
 0 0 1 1 0 0 1 0 1 1 1 1 1 0 0 0 1 0 1 1 0 0 1 0 0 0 0 0 1 1 0 1 1 1 1 0 1
 1 1 1 1 1 0 0 0 0 0 1 1 1 1 0 0 0 1 1 0 1 1 1 0 1 0]
At  9501/30000: COST 0.053/4.229(0.061) -- Acc 0.960/0.470(0.979)
[1 1 0 1 0 0 1 1 0 1 0 0 0 0 1 1 0 0 1 1 1 1 1 1 1 0 1 1 0 0 0 0 1 1 0 0 0
 1 0 1 1 1 0 0 1 0 0 0 1 1 1 1 1 1 1 1 1 1 1 0 0 0 1 0 1 0 0 1 0 1 1 1 0 0
 1 0 0 1 0 1 1 1 0 1 0 1 0 0 1 1 0 1 1 1 1 1 0 1 0 1]
At  9601/30000: COST 0.138/4.001(0.060) -- Acc 0.970/0.460(0.979)
[0 0 1 1 1 0 0 1 0 0 1 1 0 1 1 0 1 1 0 0 1 0 0 0 0 0 1 1 0 1 0 0 0 1 1 0 1
 0 1 1 0 1 0 1 1 0 0 1 1 0 1 0 0 0 0 1 1 1 1 1 1 1 0 1 0 1 1 1 0 0 1 1 1 1
 0 0 1 0 0 1 0 1 0 0 0 1 0 0 1 0 0 0 1 0 1 0 1 1 1 0]
At  9701/30000: COST 0.063/4.664(0.055) -- Acc 0.970/0.430(0.979)
[1 0 0 1 1 0 1 1 0 1 0 1 1 1 0 0 0 1 0 0 0 1 1 1 1 0 1 0 1 0 1 1 1 0 0 0 1
 0 1 0 1 1 0 1 1 1 0 1 1 0 1 1 0 0 1 1 0 0 1 0 0 1 1 1 1 1 0 0 0 1 0 0 0 0
 0 0 1 1 1 1 1 0 1 1 0 1 0 1 0 1 1 1 1 1 1 1 0 1 1 1]
At  9801/30000: COST 0.030/4.247(0.061) -- Acc 0.990/0.490(0.978)
[1 1 1 0 0 1 1 1 1 0 1 1 0 1 1 0 0 1 1 1 1 0 1 0 0 0 0 0 0 1 1 1 0 1 1 1 1
 0 0 0 0 1 1 0 1 0 1 0 1 1 0 0 0 1 0 1 1 1 1 1 1 1 1 1 1 1 1 1 1 0 1 1 1 1
 1 1 1 0 1 0 1 1 0 0 0 1 0 1 0 0 1 0 1 0 1 0 1 1 0 1]
At  9901/30000: COST 0.098/4.327(0.068) -- Acc 0.990/0.470(0.976)
[0 0 1 1 1 0 1 1 0 0 0 1 0 0 0 0 1 0 0 0 1 1 1 1 1 0 0 0 0 0 1 0 1 1 0 1 1
 0 1 1 1 1 1 1 0 0 1 1 1 1 1 0 1 0 0 1 0 1 1 0 1 1 0 0 1 1 1 0 0 0 0 0 0 1
 0 0 1 1 1 0 0 0 0 1 1 1 1 1 0 0 0 0 0 1 1 0 1 0 1 1]
At 10001/30000: COST 0.029/3.668(0.065) -- Acc 0.990/0.480(0.977)
[0 1 0 0 1 0 1 1 1 0 0 0 1 0 0 1 0 0 1 1 0 1 1 1 1 0 0 1 0 0 1 1 1 0 1 1 0
 1 0 0 0 1 1 0 0 1 1 0 0 1 0 0 1 0 1 1 0 0 1 0 0 1 1 1 1 0 0 1 1 1 1 1 0 1
 0 1 1 1 1 0 1 1 1 1 1 0 1 1 1 1 0 1 1 0 0 0 0 1 0 0]
At 10101/30000: COST 0.138/4.053(0.062) -- Acc 0.960/0.420(0.978)
[0 1 1 1 0 0 1 0 1 0 0 1 0 1 0 1 1 1 1 1 0 1 1 1 0 1 1 1 1 1 1 0 1 1 0 0 0
 1 1 1 1 1 1 1 1 0 0 0 1 0 0 0 0 1 1 0 1 1 1 1 1 0 1 1 0 1 1 1 1 1 0 1 1 1
 0 1 0 1 1 1 1 1 0 1 1 0 0 0 1 0 0 0 1 1 1 0 0 1 1 0]
At 10201/30000: COST 0.114/3.858(0.070) -- Acc 0.970/0.500(0.976)
[0 1 1 1 1 1 1 1 0 0 1 1 0 1 1 1 1 1 1 0 1 1 1 1 1 0 0 1 0 0 0 1 0 1 0 1 1
 1 0 1 0 1 0 0 0 0 0 0 0 1 1 0 0 0 1 1 1 0 1 1 0 1 0 1 1 1 0 1 0 1 1 0 1 1
 0 0 0 1 0 0 1 0 0 1 1 1 0 1 0 1 0 1 0 0 1 0 0 1 1 0]
At 10301/30000: COST 0.076/3.230(0.069) -- Acc 0.980/0.440(0.976)
[1 0 0 1 0 0 1 1 0 1 1 1 0 0 1 0 0 1 1 0 0 1 1 1 1 1 1 0 0 0 0 0 1 1 0 1 0
 0 0 1 0 1 0 0 0 0 1 1 1 1 1 0 1 1 1 1 1 1 0 0 0 1 0 1 1 0 1 0 1 0 0 1 0 0
 1 0 1 1 0 0 0 1 1 1 1 1 0 0 1 1 0 1 1 0 1 1 0 0 1 0]
At 10401/30000: COST 0.045/3.413(0.058) -- Acc 0.980/0.480(0.980)
[0 1 1 1 1 0 0 0 1 0 1 0 1 0 1 1 1 1 0 1 0 1 1 0 1 0 1 0 1 1 1 0 1 0 1 0 0
 1 0 1 1 1 1 1 0 1 1 1 1 1 0 0 0 0 0 1 1 1 0 0 1 1 1 0 0 0 0 1 1 0 1 1 1 0
 0 1 0 1 0 1 1 0 0 1 0 1 0 1 0 0 0 1 0 0 1 1 1 1 0 1]
At 10501/30000: COST 0.049/3.868(0.046) -- Acc 0.980/0.470(0.983)
[0 0 1 0 1 1 1 1 0 0 0 1 1 0 1 0 1 1 0 0 0 1 1 0 0 1 1 0 1 0 0 1 0 0 0 0 1
 1 0 0 1 0 0 1 1 0 0 1 1 1 1 0 1 1 1 0 1 0 0 0 1 1 0 0 1 0 1 1 1 0 1 0 1 1
 0 1 1 0 1 0 0 1 1 1 0 0 1 1 1 1 0 0 1 1 0 0 0 1 1 1]
At 10601/30000: COST 0.017/3.818(0.035) -- Acc 0.990/0.480(0.987)
[0 1 0 1 1 1 0 0 0 0 1 0 1 1 0 0 1 1 0 1 0 1 0 1 1 0 0 0 1 0 0 0 1 0 0 1 0
 0 1 1 1 0 1 1 0 1 0 1 1 1 0 0 0 1 1 0 0 1 0 1 0 0 0 0 0 0 1 0 0 0 0 0 1 0
 0 1 0 0 0 1 1 0 1 1 1 1 1 1 0 1 1 0 0 0 1 0 0 0 1 1]
At 10701/30000: COST 0.024/4.520(0.029) -- Acc 0.990/0.460(0.990)
[1 0 0 1 0 0 0 1 1 0 1 0 1 0 0 0 0 1 0 0 1 0 0 1 0 1 0 0 0 1 1 0 0 0 1 1 0
 0 0 0 1 1 1 0 0 0 1 0 1 1 0 0 0 0 1 0 1 1 1 1 1 1 1 1 0 0 1 0 0 0 1 1 1 1
 1 0 1 0 0 0 0 0 1 0 0 0 0 0 1 1 0 0 0 1 0 1 1 1 0 1]
At 10801/30000: COST 0.021/4.488(0.030) -- Acc 0.990/0.470(0.989)
[0 1 0 0 0 1 0 1 0 0 0 1 1 1 1 0 1 0 1 1 1 0 1 1 0 1 1 0 1 1 0 1 1 1 0 0 1
 0 1 1 0 0 0 0 1 0 0 0 1 1 1 1 1 0 0 1 0 0 1 0 0 1 1 1 0 0 0 0 0 0 0 1 1 1
 0 0 0 0 1 1 0 1 1 1 0 0 0 1 1 1 0 0 1 0 0 0 1 1 0 1]
At 10901/30000: COST 0.048/4.719(0.032) -- Acc 0.980/0.480(0.989)
[1 1 1 1 1 1 0 0 1 0 0 1 1 0 0 0 0 0 0 0 0 0 1 0 1 1 1 0 0 0 1 0 1 0 0 0 1
 0 1 0 0 1 1 1 1 1 0 1 1 1 1 0 1 0 0 1 0 1 0 1 1 1 1 0 1 0 0 0 1 0 0 0 1 0
 1 0 1 0 1 1 1 0 1 1 0 0 1 0 1 1 1 1 0 0 0 0 0 1 0 0]
At 11001/30000: COST 0.026/5.390(0.029) -- Acc 0.980/0.440(0.990)
[0 0 1 0 0 0 0 1 1 1 1 1 0 1 0 1 1 1 0 1 1 1 0 1 1 0 0 1 1 1 1 1 0 1 0 1 0
 0 0 1 0 1 1 1 1 1 0 0 0 0 0 1 0 0 1 1 0 1 1 0 1 0 0 0 0 0 1 0 1 0 1 1 0 0
 0 1 1 0 0 0 1 0 0 0 1 1 1 0 1 0 0 1 1 0 0 0 0 1 0 1]
At 11101/30000: COST 0.113/3.949(0.069) -- Acc 0.940/0.440(0.978)
[1 0 1 0 1 1 1 0 0 1 1 0 0 1 1 1 0 1 1 1 1 1 0 1 0 1 1 1 1 1 1 1 1 1 1 0 1
 0 1 0 1 1 0 1 1 1 0 0 1 0 1 1 0 1 0 0 0 1 0 0 0 0 0 1 1 0 1 0 0 0 1 1 0 0
 1 1 0 1 1 0 1 0 1 1 0 1 0 1 1 1 1 1 1 0 1 1 1 0 0 1]
At 11201/30000: COST 0.252/3.036(0.150) -- Acc 0.920/0.540(0.954)
[0 1 1 0 0 1 0 0 1 0 1 1 1 0 0 0 1 1 1 1 1 1 1 1 0 1 0 0 1 0 1 0 0 1 0 1 0
 0 0 1 1 1 0 0 1 1 1 1 0 0 1 1 0 0 0 0 1 1 0 1 1 0 1 0 1 0 1 1 0 1 1 0 1 1
 1 1 0 1 0 0 1 0 0 0 1 0 1 1 1 1 1 1 1 0 0 0 0 0 0 1]
At 11301/30000: COST 0.122/2.653(0.154) -- Acc 0.950/0.490(0.948)
[0 0 1 1 1 0 0 0 0 1 1 0 0 1 1 1 1 0 1 1 0 0 0 1 1 0 1 1 0 1 0 1 1 0 0 0 0
 1 0 0 1 0 0 1 0 0 0 1 0 1 1 1 0 0 1 0 1 0 1 0 1 1 0 1 1 0 0 1 1 1 0 0 1 1
 1 1 1 1 1 1 1 1 1 1 0 1 1 0 1 1 0 0 1 1 1 0 0 0 1 1]
At 11401/30000: COST 0.116/2.944(0.124) -- Acc 0.980/0.410(0.956)
[0 0 1 0 0 0 1 1 1 0 1 0 1 0 0 1 1 1 0 1 1 1 0 1 0 0 0 0 1 0 1 1 0 1 0 0 1
 1 0 0 1 0 1 1 1 1 0 1 1 0 0 0 0 0 1 1 0 0 0 0 0 0 1 1 1 0 1 1 0 0 1 0 0 0
 1 0 0 0 0 0 0 1 0 1 1 0 0 1 1 1 0 1 1 1 1 0 1 1 1 0]
At 11501/30000: COST 0.131/2.848(0.110) -- Acc 0.970/0.430(0.961)
[1 1 1 1 0 1 0 0 1 1 0 0 1 1 1 1 1 1 1 1 0 1 1 0 1 0 0 1 0 0 0 0 1 0 0 0 1
 1 1 1 1 0 0 1 0 0 0 1 0 0 1 0 1 0 1 0 1 1 1 0 0 0 1 1 1 0 1 1 1 1 0 0 1 0
 0 1 0 0 0 0 1 0 1 1 0 0 1 1 1 1 1 0 1 0 1 0 0 0 1 1]
At 11601/30000: COST 0.092/3.086(0.094) -- Acc 0.940/0.430(0.965)
[0 0 0 0 1 1 1 0 0 1 1 1 1 1 1 0 1 1 1 0 0 1 0 0 0 0 0 1 1 0 1 0 0 0 0 1 1
 1 1 0 1 0 0 0 1 0 1 0 1 1 0 0 1 0 0 0 1 0 0 1 0 1 1 1 0 1 1 1 0 0 1 0 1 0
 1 0 1 1 0 1 0 0 1 0 1 1 1 0 0 0 0 1 1 0 1 1 1 1 1 1]
At 11701/30000: COST 0.090/3.268(0.075) -- Acc 0.970/0.490(0.973)
[0 1 0 1 0 1 0 0 1 0 1 1 0 0 0 1 0 0 1 1 1 1 1 1 0 0 0 0 0 0 0 0 1 1 0 1 1
 1 1 0 0 1 1 1 0 0 0 1 0 1 0 0 1 0 1 1 0 0 0 1 0 0 0 0 0 1 0 1 1 1 1 0 1 0
 0 0 0 1 1 1 1 0 1 1 0 0 0 0 0 0 1 1 1 0 0 1 0 1 0 0]
At 11801/30000: COST 0.039/3.996(0.055) -- Acc 0.980/0.440(0.981)
[1 0 0 0 0 1 1 1 1 1 0 0 0 0 0 1 1 0 1 0 1 0 1 1 1 1 1 1 1 1 0 0 1 1 1 1 0
 1 1 1 0 0 1 0 1 0 1 0 1 0 1 0 1 0 0 0 1 0 0 0 1 1 0 0 0 0 1 0 0 0 1 1 1 1
 0 0 0 1 0 0 0 1 0 1 1 0 0 0 1 1 0 0 1 1 0 1 0 0 0 0]
At 11901/30000: COST 0.117/3.696(0.055) -- Acc 0.970/0.470(0.981)
[0 1 0 1 0 0 1 0 1 0 0 1 1 0 1 1 1 1 0 0 0 1 0 0 0 1 0 0 1 1 1 0 0 0 1 1 0
 1 1 0 0 1 1 0 1 0 1 1 0 0 1 0 0 1 1 1 0 1 1 1 0 0 1 1 0 1 0 0 1 0 0 0 0 1
 0 0 0 0 0 1 1 0 0 1 0 0 0 0 1 1 1 0 1 0 0 1 1 0 1 1]
At 12001/30000: COST 0.014/4.374(0.050) -- Acc 1.000/0.380(0.983)
[0 0 1 1 1 0 1 0 1 1 1 1 1 0 0 1 1 1 0 1 0 0 0 0 1 0 0 0 0 0 0 0 1 1 0 0 1
 1 1 1 0 1 0 1 0 0 1 0 0 1 0 0 1 1 1 0 0 0 1 0 1 1 0 1 1 1 0 1 0 0 1 1 1 1
 0 0 0 1 1 0 0 1 1 0 1 0 0 0 1 1 0 0 1 1 0 0 0 1 0 0]
At 12101/30000: COST 0.091/4.311(0.058) -- Acc 0.970/0.390(0.980)
[1 0 0 1 0 1 1 0 1 0 1 1 0 0 1 0 1 0 0 1 1 1 0 0 0 0 0 1 0 0 0 1 1 0 0 0 0
 0 0 0 0 1 1 1 1 0 0 1 0 0 1 1 1 0 1 0 1 1 1 0 1 1 0 0 0 0 0 0 0 1 1 0 0 1
 0 0 1 0 1 0 1 1 1 1 1 0 0 0 0 0 1 1 1 1 1 1 0 0 0 0]
At 12201/30000: COST 0.099/4.086(0.075) -- Acc 0.960/0.380(0.973)
[0 1 1 1 1 1 0 0 0 1 0 0 1 1 0 0 0 0 0 1 0 1 0 0 0 1 1 0 0 0 1 0 0 0 0 0 0
 0 0 0 1 0 0 1 0 1 0 1 1 1 1 0 0 1 0 0 1 1 0 0 1 1 0 0 1 0 0 0 0 1 0 0 0 1
 0 1 0 1 1 0 1 1 1 0 1 1 1 0 1 1 1 0 1 0 0 1 0 0 0 1]
At 12301/30000: COST 0.048/3.348(0.097) -- Acc 0.990/0.440(0.967)
[0 1 1 1 1 1 1 0 0 0 1 1 1 1 1 1 1 1 0 1 1 1 0 0 1 1 1 0 0 0 1 0 0 1 1 1 1
 1 1 0 0 0 1 1 1 1 0 0 1 1 0 0 1 0 1 0 1 1 1 0 0 0 1 1 1 0 0 0 0 1 1 0 0 1
 1 1 0 1 0 0 0 0 1 0 1 0 0 1 0 0 1 1 0 1 0 0 1 1 1 1]
At 12401/30000: COST 0.076/3.400(0.091) -- Acc 0.970/0.380(0.968)
[0 1 0 0 0 0 0 1 1 0 0 0 0 1 1 1 0 1 0 1 0 0 0 1 0 1 0 1 0 0 1 0 1 1 0 0 0
 0 1 0 0 0 0 1 0 0 1 0 0 1 1 1 0 1 0 0 0 0 0 0 1 1 1 0 1 1 1 1 1 1 0 0 0 1
 1 0 1 1 0 1 1 0 1 1 1 0 1 1 1 0 1 1 1 0 1 1 1 1 0 1]
At 12501/30000: COST 0.046/3.726(0.063) -- Acc 0.990/0.430(0.978)
[0 0 1 1 1 1 0 0 1 0 1 0 0 0 0 1 1 1 0 1 1 0 1 0 0 0 1 1 0 0 1 1 0 1 0 0 0
 0 1 0 0 1 1 1 1 1 0 1 0 0 0 1 0 0 1 1 1 1 1 0 1 1 1 0 1 1 1 0 0 0 1 1 1 1
 0 1 1 1 0 1 1 0 0 1 1 0 0 0 1 1 0 0 0 1 0 1 1 0 1 0]
At 12601/30000: COST 0.037/3.913(0.051) -- Acc 0.990/0.420(0.982)
[0 0 1 1 0 1 0 1 0 1 1 0 1 0 0 0 0 0 1 0 1 0 0 1 0 0 0 0 1 0 1 1 1 0 0 1 0
 1 0 1 1 0 0 0 0 0 1 0 1 0 0 1 0 1 0 0 0 0 1 1 0 1 0 1 0 1 0 1 0 1 0 0 1 0
 1 0 0 0 0 1 1 0 1 1 0 0 0 1 0 1 1 1 0 1 0 0 1 0 1 0]
At 12701/30000: COST 0.076/4.086(0.056) -- Acc 0.970/0.410(0.980)
[1 1 1 1 0 1 0 0 0 1 1 1 0 0 0 1 1 1 0 1 1 1 1 0 0 0 0 0 1 0 0 0 1 0 0 1 0
 0 1 0 0 1 0 1 1 0 1 0 1 1 1 1 0 1 0 0 1 1 1 1 1 1 1 0 0 0 0 0 0 0 1 1 0 0
 0 0 1 1 1 0 1 1 1 1 1 1 0 1 1 0 1 0 0 1 0 0 0 0 1 0]
At 12801/30000: COST 0.077/3.634(0.060) -- Acc 0.970/0.540(0.979)
[1 1 0 0 1 0 1 1 0 1 0 1 1 1 0 1 1 0 1 1 0 0 0 1 1 1 1 1 1 0 1 1 1 1 0 0 1
 1 0 1 0 0 0 1 0 0 1 1 1 1 0 0 0 0 0 0 0 0 1 1 0 1 1 0 0 0 0 0 1 1 0 0 0 0
 0 1 1 0 1 0 1 1 0 0 0 1 1 0 1 1 1 1 0 1 0 0 1 0 1 0]
At 12901/30000: COST 0.053/3.434(0.055) -- Acc 0.980/0.540(0.980)
[1 0 0 0 0 1 1 1 0 0 0 1 0 1 1 1 0 1 0 0 0 0 1 0 1 1 1 1 0 1 0 1 1 0 1 0 0
 1 1 0 0 1 1 1 1 1 0 0 1 0 0 0 1 1 0 0 0 0 0 1 0 0 1 1 0 0 0 0 1 0 1 1 0 0
 0 1 0 1 1 0 0 0 1 0 0 1 1 1 1 1 1 0 0 1 1 1 1 0 1 1]
At 13001/30000: COST 0.087/3.269(0.070) -- Acc 0.990/0.470(0.977)
[0 0 1 1 0 0 1 1 1 1 1 1 0 0 1 1 1 1 0 1 1 0 1 0 1 1 1 1 1 1 0 1 0 1 0 1 1
 0 1 1 1 0 1 1 1 1 1 1 1 0 1 0 0 0 1 1 1 0 0 1 0 0 1 1 1 0 0 1 1 0 1 0 1 0
 1 0 1 0 0 0 0 0 1 0 0 0 1 1 1 1 0 1 0 0 0 0 0 1 1 0]
At 13101/30000: COST 0.097/3.238(0.089) -- Acc 0.970/0.520(0.971)
[0 0 0 1 0 1 1 0 1 0 1 1 0 1 0 1 0 0 0 1 1 0 0 0 1 0 1 1 0 0 0 1 1 0 1 1 0
 1 1 1 0 1 1 1 0 1 0 1 0 1 0 1 1 0 1 0 1 1 1 1 0 1 1 1 0 1 1 0 1 1 0 1 0 1
 0 0 1 1 1 1 1 0 1 0 1 0 0 0 0 1 1 1 0 0 1 0 0 0 1 0]
At 13201/30000: COST 0.031/3.368(0.058) -- Acc 0.990/0.530(0.981)
[0 0 0 1 1 1 0 0 0 1 1 1 0 1 1 0 1 1 1 1 0 0 1 1 0 0 1 0 1 1 1 0 0 1 0 0 0
 0 1 0 1 0 0 1 1 1 1 0 1 1 0 0 1 0 0 0 1 1 1 0 0 0 1 0 0 1 0 1 0 0 0 0 1 0
 0 1 0 0 0 1 1 1 0 0 1 1 1 1 1 0 1 0 1 0 1 1 0 1 1 1]
At 13301/30000: COST 0.022/3.350(0.041) -- Acc 1.000/0.540(0.986)
[1 1 1 1 1 0 0 0 1 0 0 1 0 1 1 0 1 0 0 0 0 1 1 0 1 1 0 1 0 0 0 1 0 1 1 1 1
 1 1 1 0 0 0 0 1 1 1 0 1 0 0 1 1 1 1 0 0 1 1 1 0 0 0 0 1 1 0 0 0 0 0 0 1 0
 0 0 1 1 0 0 1 1 1 0 1 0 1 0 1 0 0 1 0 1 1 1 1 1 1 0]
At 13401/30000: COST 0.032/3.410(0.032) -- Acc 0.980/0.510(0.989)
[1 1 1 1 1 1 0 1 1 0 0 0 0 0 0 0 1 1 0 1 0 0 1 1 0 0 0 0 1 1 1 0 0 0 1 1 1
 0 1 0 1 1 1 1 1 1 0 0 0 1 0 1 0 0 1 0 1 1 1 1 1 1 0 1 1 0 1 1 1 0 0 0 1 0
 0 1 1 0 0 1 0 0 1 1 0 0 0 1 0 0 0 0 0 1 0 1 1 1 1 0]
At 13501/30000: COST 0.034/3.754(0.028) -- Acc 0.980/0.530(0.991)
[1 0 0 0 0 0 0 0 0 1 0 1 1 0 0 1 1 0 1 1 0 0 0 0 1 1 1 1 0 1 0 0 1 1 1 0 0
 0 1 0 0 1 1 0 0 0 1 1 0 0 0 1 1 1 1 0 0 1 0 1 1 1 0 0 0 0 0 0 1 1 1 1 1 1
 1 1 1 1 0 0 1 1 1 1 0 1 1 0 0 0 1 1 1 1 1 1 0 1 0 0]
At 13601/30000: COST 0.026/3.699(0.031) -- Acc 0.990/0.550(0.990)
[1 1 0 0 0 1 0 0 0 0 1 1 1 0 1 1 0 1 0 1 1 1 1 0 1 0 1 1 1 0 1 1 0 0 1 0 0
 0 0 0 0 0 0 1 1 1 1 1 0 0 1 1 1 0 0 1 1 0 1 1 0 1 1 0 1 1 0 1 0 0 0 1 1 0
 0 0 0 1 0 0 1 0 1 0 0 1 0 0 0 0 0 1 1 0 0 1 0 0 0 0]
At 13701/30000: COST 0.015/3.878(0.044) -- Acc 1.000/0.530(0.986)
[0 1 1 0 0 0 1 1 0 1 1 1 1 1 0 0 0 0 0 1 1 1 1 0 0 1 1 0 0 0 0 1 0 0 0 0 0
 1 1 1 0 0 0 1 1 0 1 1 0 0 0 0 1 0 1 1 1 0 0 1 0 1 0 1 1 1 1 1 1 0 0 0 1 0
 1 1 1 0 0 0 1 1 1 1 1 1 1 0 1 0 1 1 1 0 1 1 0 1 1 0]
At 13801/30000: COST 0.011/3.210(0.067) -- Acc 1.000/0.470(0.978)
[0 1 1 1 0 0 1 1 1 1 1 1 1 0 0 1 0 1 1 0 0 0 1 0 0 1 0 1 0 1 1 0 0 1 0 0 1
 0 1 1 1 0 0 1 1 1 1 0 0 0 0 0 0 0 0 0 1 0 0 0 0 0 0 1 1 1 1 1 0 0 1 1 0 0
 0 0 1 0 0 1 0 0 0 1 0 1 0 1 0 1 0 1 1 1 1 0 0 0 0 1]
At 13901/30000: COST 0.012/3.559(0.061) -- Acc 1.000/0.450(0.979)
[0 1 0 0 1 1 1 0 1 1 1 0 1 1 0 0 0 1 1 1 1 0 0 0 0 1 0 1 0 0 0 0 0 1 0 1 1
 0 0 1 0 1 1 0 1 1 1 0 0 1 1 1 0 1 1 1 0 0 0 1 1 1 0 0 1 1 0 1 0 0 1 0 1 1
 0 0 0 0 1 0 1 0 1 0 1 1 1 1 0 0 1 1 1 0 0 0 1 0 1 1]
At 14001/30000: COST 0.086/3.565(0.049) -- Acc 0.950/0.530(0.982)
[0 0 0 1 0 0 0 0 0 0 1 0 1 1 1 1 0 1 0 0 0 0 1 1 0 1 0 1 0 0 1 0 0 1 1 0 1
 0 1 0 1 1 1 0 0 1 0 0 0 1 0 0 1 1 0 0 1 1 1 1 1 0 0 0 0 1 0 1 0 0 0 1 1 1
 0 0 1 0 1 0 0 0 1 1 0 1 0 1 0 0 0 1 1 1 1 0 1 1 0 0]
At 14101/30000: COST 0.064/3.598(0.039) -- Acc 0.950/0.500(0.985)
[1 1 1 0 1 0 0 0 1 1 0 1 1 1 0 0 0 0 0 0 1 0 0 1 0 0 0 1 0 1 1 0 1 0 1 0 1
 1 0 1 1 0 1 1 0 1 0 0 0 0 0 1 1 1 1 0 1 0 1 0 0 1 1 0 1 1 1 0 1 1 0 0 0 0
 0 1 1 1 0 1 0 0 0 0 1 1 0 0 1 1 0 0 0 1 1 0 0 1 0 0]
At 14201/30000: COST 0.051/3.885(0.030) -- Acc 0.970/0.540(0.989)
[1 0 0 1 1 1 1 1 1 1 1 0 0 0 0 0 1 0 1 0 1 0 0 0 1 0 0 1 0 1 1 0 1 0 1 0 1
 1 1 0 0 0 1 0 0 0 1 0 1 1 1 1 0 1 0 0 1 1 1 0 1 1 1 1 1 0 1 1 0 1 1 0 1 1
 0 0 1 1 1 0 0 1 0 0 0 0 0 0 1 1 0 0 0 1 0 0 0 0 0 0]
At 14301/30000: COST 0.023/4.054(0.024) -- Acc 0.990/0.500(0.991)
[1 0 0 0 0 0 1 0 1 1 0 0 0 0 1 1 1 0 1 0 1 0 1 0 1 0 1 0 1 0 0 1 0 1 0 1 1
 0 1 1 1 1 0 1 1 0 1 0 1 1 1 0 1 0 0 0 1 0 0 0 0 0 1 0 1 0 0 1 0 0 1 1 0 1
 1 0 0 0 0 1 1 1 1 1 1 1 0 1 1 0 0 0 0 0 1 0 1 1 1 0]
At 14401/30000: COST 0.089/4.113(0.026) -- Acc 0.990/0.500(0.991)
[0 1 0 0 0 0 1 1 1 0 1 0 0 0 0 0 1 0 0 1 1 0 0 1 1 1 0 1 0 0 1 0 0 1 1 0 0
 0 1 0 0 1 1 1 0 1 1 0 1 1 1 1 1 0 1 1 0 0 0 0 1 1 0 1 1 1 1 0 1 1 1 1 0 0
 0 0 0 0 0 0 0 1 0 1 1 0 1 0 1 0 1 0 0 0 0 1 0 1 1 0]
At 14501/30000: COST 0.101/3.918(0.050) -- Acc 0.980/0.500(0.984)
[0 1 1 1 0 0 0 0 0 0 0 0 0 0 1 1 0 1 1 0 0 1 0 1 1 1 1 0 1 0 0 0 1 0 1 0 0
 0 1 0 0 1 0 0 1 1 0 0 0 1 0 1 1 1 1 1 1 0 1 0 0 0 0 0 1 0 0 1 1 0 0 1 1 1
 0 1 1 0 0 1 1 0 0 0 0 1 1 1 0 0 1 0 1 1 1 0 0 0 1 1]
At 14601/30000: COST 0.237/3.177(0.117) -- Acc 0.950/0.470(0.966)
[0 1 0 1 1 1 0 1 0 0 0 1 1 1 1 0 1 1 1 1 0 0 1 0 1 1 1 0 1 0 0 0 1 1 0 0 0
 0 0 1 1 0 1 1 1 0 1 0 0 1 0 1 0 0 0 0 0 1 0 1 1 1 1 0 0 0 0 0 0 1 0 1 1 0
 1 0 1 1 1 0 1 1 1 1 0 0 0 1 1 1 0 0 0 1 0 0 0 1 0 1]
At 14701/30000: COST 0.026/3.107(0.094) -- Acc 0.980/0.490(0.969)
[0 0 0 1 1 0 0 1 0 1 1 0 0 0 0 1 1 1 0 1 1 0 1 1 1 0 0 1 0 0 0 0 1 0 0 0 0
 0 1 0 1 0 0 1 0 0 1 1 0 1 1 1 1 1 0 1 1 0 0 0 1 0 1 0 1 0 0 1 1 1 1 0 0 0
 1 0 1 1 0 1 1 1 1 1 1 0 1 1 0 0 1 0 0 0 1 0 0 0 1 1]
At 14801/30000: COST 0.024/2.763(0.074) -- Acc 1.000/0.520(0.978)
[0 1 1 1 0 1 1 0 1 1 0 0 1 0 1 0 0 0 1 0 1 0 0 1 0 1 1 0 0 0 1 1 1 0 0 1 0
 0 1 1 1 0 0 1 1 0 1 0 0 0 0 0 1 1 1 1 1 1 0 0 0 1 1 0 0 0 0 1 0 1 1 0 0 0
 0 0 0 0 0 1 0 1 1 1 1 1 0 0 1 1 1 1 1 1 1 1 1 1 0 0]
At 14901/30000: COST 0.085/2.863(0.070) -- Acc 0.940/0.520(0.975)
[0 1 1 0 1 0 0 0 0 1 1 0 0 1 0 0 0 1 0 1 1 0 1 1 0 1 1 0 1 0 1 1 0 0 1 1 1
 1 1 1 1 1 0 1 0 1 0 1 0 0 0 1 0 0 0 1 0 1 0 1 0 1 0 1 0 0 0 0 0 0 1 1 1 1
 1 0 1 0 1 1 0 1 1 0 1 0 0 0 0 0 0 0 1 0 1 0 1 0 1 0]
At 15001/30000: COST 0.049/3.280(0.065) -- Acc 0.990/0.490(0.976)
[0 1 0 0 1 0 1 0 1 1 0 1 1 1 1 0 0 1 1 1 0 0 0 0 1 1 1 0 0 1 0 1 0 1 0 0 0
 1 1 0 1 0 1 1 1 0 1 0 0 1 1 0 0 0 0 1 0 1 1 0 1 1 0 1 0 0 0 1 1 1 0 1 1 1
 0 1 1 0 1 0 0 1 0 1 0 1 0 1 0 0 0 0 0 0 0 1 1 0 0 0]
At 15101/30000: COST 0.026/3.339(0.062) -- Acc 0.990/0.490(0.978)
[0 1 0 1 0 0 0 1 0 1 1 0 0 0 0 1 0 0 0 0 0 1 1 1 0 1 1 0 1 1 0 0 0 0 0 0 1
 1 0 0 1 1 1 0 0 1 0 1 0 1 1 0 1 0 1 0 1 0 1 0 0 1 0 0 1 0 1 0 1 1 0 1 1 0
 1 1 0 1 0 0 0 1 0 1 1 0 0 0 1 1 0 0 1 1 0 1 1 0 1 1]
At 15201/30000: COST 0.062/3.267(0.056) -- Acc 0.980/0.520(0.980)
[0 0 1 0 0 1 0 0 1 0 0 1 1 0 0 1 1 1 1 1 0 1 0 0 0 0 0 0 0 1 0 1 0 1 0 0 0
 1 0 1 0 0 0 0 1 1 0 0 1 1 1 1 1 0 0 1 1 1 1 1 0 1 0 0 0 1 1 1 1 0 0 0 1 0
 0 1 0 1 1 1 0 0 1 1 1 1 1 0 0 1 0 1 1 0 1 0 1 0 0 1]
At 15301/30000: COST 0.020/3.682(0.052) -- Acc 0.990/0.460(0.981)
[1 1 1 0 0 0 0 0 0 0 1 1 0 1 1 0 0 0 1 1 0 0 1 0 1 0 0 1 0 0 1 0 1 1 1 1 1
 0 0 0 1 0 0 0 0 1 0 1 0 0 1 0 1 0 1 1 0 1 1 0 0 1 0 0 0 1 0 1 0 1 0 1 0 0
 0 0 0 0 0 1 0 1 1 0 1 1 0 0 0 1 0 0 1 1 0 0 1 0 1 0]
At 15401/30000: COST 0.020/3.927(0.051) -- Acc 1.000/0.450(0.982)
[1 1 0 0 1 0 1 1 1 1 1 0 0 0 0 0 1 1 1 0 0 1 0 0 1 0 1 1 1 1 1 0 1 1 0 0 1
 1 0 1 0 1 0 1 1 0 0 0 1 1 0 0 0 1 1 0 0 0 0 1 1 0 0 0 0 1 1 0 1 0 1 0 1 0
 0 0 1 1 0 0 0 0 0 0 1 1 1 1 1 0 1 1 1 0 1 1 1 1 0 0]
At 15501/30000: COST 0.102/3.930(0.080) -- Acc 0.960/0.460(0.973)
[1 0 0 1 0 1 0 0 1 0 1 1 1 1 0 0 0 0 0 1 1 0 0 0 1 0 1 1 0 0 1 1 0 1 0 1 1
 1 0 1 1 1 1 0 1 1 1 1 0 0 1 0 1 0 0 1 0 1 0 0 1 0 1 1 1 0 0 0 1 1 0 1 0 0
 0 0 1 0 0 1 1 0 1 0 0 1 0 1 1 0 1 1 1 1 0 0 1 0 1 1]
At 15601/30000: COST 0.029/3.257(0.086) -- Acc 1.000/0.510(0.971)
[0 0 1 1 0 1 0 0 0 0 1 0 1 1 1 1 0 1 0 0 0 1 0 1 0 0 1 0 1 0 0 1 1 1 1 1 0
 1 1 1 0 0 1 0 1 0 1 0 1 1 0 0 0 1 1 0 0 1 0 1 0 1 0 1 1 0 0 0 0 1 0 0 1 0
 1 0 1 0 1 0 0 1 0 1 0 0 1 1 0 1 0 1 1 0 0 1 0 1 1 1]
At 15701/30000: COST 0.048/2.973(0.065) -- Acc 0.970/0.500(0.977)
[1 1 0 1 0 1 1 0 0 0 1 0 0 0 0 0 0 1 0 1 0 0 0 0 1 0 1 0 1 0 0 1 0 1 1 1 0
 0 1 1 1 0 1 1 0 1 0 0 1 1 0 1 1 0 0 0 1 1 0 1 1 0 1 0 0 1 1 1 0 1 1 0 1 0
 0 1 0 1 1 1 1 0 0 0 1 0 0 1 1 0 1 1 0 1 1 1 0 0 0 1]
At 15801/30000: COST 0.129/3.339(0.087) -- Acc 0.930/0.490(0.969)
[0 1 0 1 1 0 1 0 0 0 1 1 0 1 1 0 0 1 1 0 1 0 0 1 1 0 0 0 1 0 1 1 1 0 1 1 1
 0 0 0 0 0 1 0 1 0 1 0 1 1 0 1 0 0 0 1 1 0 1 1 1 1 0 1 1 0 0 1 1 0 0 1 1 0
 0 0 0 0 1 0 0 0 0 0 0 0 1 1 1 1 0 0 0 0 0 0 0 0 1 1]
At 15901/30000: COST 0.053/3.512(0.076) -- Acc 0.980/0.460(0.974)
[0 1 0 0 0 0 1 1 0 0 0 0 1 1 0 1 0 0 1 1 0 1 1 1 1 0 1 1 1 1 1 0 1 0 1 0 0
 1 1 0 0 0 1 0 1 0 0 0 0 0 1 1 1 1 1 0 0 0 0 1 0 0 0 1 1 0 1 0 0 0 1 1 1 1
 1 1 0 0 1 0 1 0 0 1 0 1 1 0 1 0 0 1 1 1 1 0 1 0 0 0]
At 16001/30000: COST 0.088/3.888(0.058) -- Acc 0.970/0.400(0.980)
[0 1 0 0 1 1 0 0 1 0 0 0 0 0 1 1 0 0 0 1 1 0 1 0 0 1 0 0 0 0 0 1 0 1 0 1 0
 1 1 0 1 0 1 1 1 1 1 0 1 0 1 1 1 0 0 0 0 0 1 0 0 0 1 1 1 1 1 0 1 0 0 1 0 1
 1 1 1 1 0 1 1 1 0 1 1 0 1 1 1 1 0 1 0 0 0 0 0 1 1 0]
At 16101/30000: COST 0.012/3.979(0.044) -- Acc 1.000/0.430(0.985)
[0 0 0 0 0 0 0 0 0 0 0 1 0 1 1 1 0 0 1 1 0 1 1 1 1 0 0 1 0 1 1 0 0 1 1 1 0
 1 0 0 1 1 0 1 1 1 1 1 0 0 0 1 0 1 1 0 0 0 1 0 0 1 1 0 0 0 1 1 0 0 1 1 0 1
 1 1 1 0 0 0 1 0 1 0 0 1 0 0 0 0 1 0 1 1 0 0 1 1 1 1]
At 16201/30000: COST 0.034/4.279(0.043) -- Acc 0.980/0.470(0.985)
[1 0 0 0 0 1 1 1 0 1 0 1 1 0 1 1 1 0 0 0 0 0 0 0 0 1 0 0 0 0 1 0 0 1 1 1 1
 1 1 1 1 1 0 1 1 0 1 0 0 1 1 1 0 1 1 1 1 1 0 0 0 0 0 1 1 1 1 1 0 0 1 1 1 1
 0 1 0 0 0 1 0 0 1 1 1 0 0 0 1 1 1 1 0 1 1 0 0 1 1 1]
At 16301/30000: COST 0.041/3.797(0.047) -- Acc 0.970/0.500(0.984)
[0 1 0 1 0 0 1 1 0 0 1 0 0 1 0 1 1 1 0 1 1 0 0 1 0 1 1 0 0 0 0 0 1 0 0 1 1
 1 0 1 0 0 0 0 1 0 0 0 1 1 0 0 0 1 1 0 0 1 1 1 0 1 0 1 1 1 1 1 1 0 1 1 0 0
 1 0 0 0 1 0 1 1 0 0 1 1 1 0 1 0 1 1 0 1 1 1 1 0 0 1]
At 16401/30000: COST 0.110/3.797(0.074) -- Acc 0.970/0.460(0.976)
[0 1 1 1 1 0 1 0 1 1 1 1 1 1 1 0 1 1 0 0 1 1 1 0 1 0 0 1 1 0 1 0 1 0 1 0 1
 0 0 0 0 0 0 1 1 0 1 1 1 0 0 0 0 1 1 0 1 0 0 0 1 1 1 1 0 0 0 1 1 1 1 1 0 0
 1 1 1 0 1 1 1 0 1 0 0 0 1 1 1 1 0 1 0 0 1 1 1 1 1 1]
At 16501/30000: COST 0.009/3.461(0.063) -- Acc 1.000/0.440(0.979)
[1 0 1 0 0 1 1 1 0 0 1 1 1 1 1 1 1 0 1 0 1 1 0 0 0 0 1 1 0 0 1 1 0 1 0 1 1
 1 1 1 1 1 1 1 0 0 1 1 0 1 1 0 0 1 0 0 0 1 1 0 1 0 1 0 1 1 0 1 0 0 1 1 1 0
 0 0 1 0 1 0 0 0 0 1 0 1 1 1 1 1 1 0 0 0 1 1 1 0 0 0]
At 16601/30000: COST 0.012/3.814(0.076) -- Acc 1.000/0.490(0.975)
[1 0 0 0 1 0 1 1 1 1 0 0 0 1 1 0 0 0 0 1 0 1 1 0 1 1 0 1 0 0 1 0 0 1 1 1 0
 0 1 0 0 0 0 1 1 0 1 0 0 1 1 0 1 0 0 1 1 1 0 0 1 1 1 0 0 1 0 0 1 0 1 0 0 0
 1 1 0 0 0 1 1 1 0 0 1 0 1 0 1 1 0 0 0 0 0 1 1 1 1 0]
At 16701/30000: COST 0.012/4.048(0.058) -- Acc 1.000/0.460(0.980)
[0 0 0 0 0 0 1 1 1 1 0 1 0 1 1 0 0 0 0 0 1 1 1 0 1 1 1 1 0 0 0 1 0 0 0 0 0
 0 1 1 0 1 1 1 1 1 1 1 0 0 1 0 0 1 0 1 0 0 1 0 0 1 1 0 1 1 1 1 0 0 1 0 0 0
 1 1 0 0 0 1 1 1 1 1 0 1 0 1 0 0 0 0 0 1 1 1 0 0 0 1]
At 16801/30000: COST 0.015/3.463(0.053) -- Acc 1.000/0.450(0.981)
[1 0 1 0 1 0 1 1 1 1 0 1 1 1 1 0 0 0 1 0 0 0 0 0 1 1 1 0 0 1 0 1 1 1 1 1 1
 1 0 0 0 0 0 1 1 1 0 1 1 0 1 1 0 1 1 0 1 0 0 0 0 0 1 1 1 1 1 1 0 1 0 0 0 0
 0 1 0 1 1 0 0 1 0 0 1 0 0 1 0 1 1 1 1 1 1 1 1 1 1 1]
At 16901/30000: COST 0.021/3.577(0.055) -- Acc 1.000/0.500(0.983)
[0 0 1 0 1 1 1 0 1 1 1 1 1 1 0 0 0 1 0 1 0 0 0 1 1 1 0 1 1 1 1 1 0 1 1 0 0
 0 0 1 0 1 0 1 0 0 0 1 1 1 1 1 0 1 1 0 1 1 0 1 1 0 1 0 1 0 0 0 0 1 1 1 0 0
 0 1 0 0 0 1 1 0 1 1 0 1 0 1 1 1 0 0 1 0 0 1 0 1 1 1]
At 17001/30000: COST 0.036/3.466(0.058) -- Acc 0.990/0.520(0.981)
[0 1 0 0 1 0 1 1 1 1 0 1 0 1 1 1 1 0 0 1 0 1 1 0 1 0 1 1 0 1 0 1 0 1 1 1 0
 0 0 1 1 1 0 0 1 1 1 0 0 0 0 0 1 0 1 1 1 0 1 1 1 0 1 1 0 1 1 0 0 0 0 1 0 1
 0 1 0 0 0 1 0 1 1 1 1 0 0 0 0 0 0 1 1 0 0 0 1 1 0 1]
At 17101/30000: COST 0.115/3.861(0.068) -- Acc 0.990/0.470(0.977)
[0 0 1 1 0 1 0 1 0 1 0 1 1 0 0 1 1 1 0 1 1 0 1 0 1 1 1 1 0 0 0 0 0 0 0 0 1
 1 0 0 1 1 1 0 0 0 1 1 1 1 0 0 0 1 1 1 1 0 0 1 0 1 1 1 0 1 0 1 0 1 1 0 1 1
 1 0 1 1 1 1 1 1 1 0 0 0 0 0 0 0 1 1 1 0 1 0 0 1 1 1]
At 17201/30000: COST 0.063/3.709(0.078) -- Acc 0.970/0.500(0.975)
[1 1 0 1 0 1 1 1 1 1 1 1 0 0 1 0 1 0 1 0 1 1 0 0 0 1 1 0 1 1 0 0 0 1 0 0 1
 1 0 0 1 1 1 1 0 1 0 0 1 1 1 0 1 1 1 0 1 1 1 1 1 0 1 1 1 0 0 0 0 0 0 1 0 0
 1 0 0 1 1 0 0 0 1 0 0 1 1 0 1 0 1 0 1 1 1 1 0 0 1 1]
At 17301/30000: COST 0.143/3.464(0.100) -- Acc 0.940/0.470(0.969)
[0 0 1 0 1 1 0 1 1 1 0 0 0 1 0 0 0 0 0 0 1 1 0 0 1 1 0 0 0 1 0 1 1 0 1 0 1
 0 1 0 1 0 1 0 1 0 1 1 1 1 1 1 0 1 1 0 0 0 1 1 1 0 0 1 0 1 0 1 1 1 1 0 1 0
 1 1 0 0 0 1 0 0 1 1 1 1 1 1 0 1 0 0 0 1 1 0 1 0 0 1]
At 17401/30000: COST 0.327/3.200(0.149) -- Acc 0.900/0.490(0.952)
[1 0 0 0 0 1 0 0 0 0 0 0 0 0 1 0 0 1 0 0 1 0 0 0 0 1 0 1 0 0 1 1 1 1 0 1 1
 1 1 1 0 1 0 1 1 1 0 0 0 1 1 1 0 1 0 1 1 0 1 1 1 0 0 0 0 0 0 1 1 0 0 0 1 1
 1 0 1 1 1 1 1 0 1 1 1 0 1 0 1 0 0 1 1 0 0 0 1 1 0 0]
At 17501/30000: COST 0.204/2.463(0.171) -- Acc 0.900/0.510(0.944)
[1 0 0 0 0 1 1 0 1 1 1 1 1 1 0 1 0 1 0 0 1 0 0 0 0 1 1 1 1 1 0 0 0 0 1 0 0
 1 0 1 0 0 0 1 1 1 1 1 1 1 1 0 0 1 0 0 0 0 1 1 1 0 1 1 1 1 0 1 0 1 1 0 1 0
 0 1 0 1 0 1 0 0 0 0 0 1 1 1 0 0 0 0 1 1 0 0 0 1 0 1]
At 17601/30000: COST 0.106/2.746(0.147) -- Acc 0.980/0.450(0.951)
[1 1 1 1 0 1 0 1 1 1 1 0 0 1 1 0 0 0 0 0 1 0 0 1 1 0 1 1 0 0 1 0 1 1 1 0 1
 1 0 0 0 1 1 1 0 1 1 0 0 1 1 0 1 0 1 0 0 1 0 1 1 1 1 0 0 0 0 1 0 1 0 1 0 0
 1 0 0 1 1 0 0 0 1 1 0 0 0 0 0 0 1 0 1 0 1 1 0 1 1 1]
At 17701/30000: COST 0.118/2.751(0.132) -- Acc 0.950/0.460(0.955)
[1 1 0 1 1 1 1 1 1 1 0 0 1 0 0 1 1 1 0 0 1 0 0 1 1 1 1 0 0 1 0 1 1 0 0 0 0
 0 0 0 0 0 0 1 1 1 0 1 1 0 1 1 0 0 0 0 1 0 0 0 1 1 1 0 0 1 0 1 0 0 1 1 0 0
 1 1 1 1 0 1 1 0 1 1 0 1 0 1 0 0 1 0 0 1 1 0 1 0 0 1]
At 17801/30000: COST 0.047/2.767(0.106) -- Acc 0.980/0.500(0.963)
[0 1 0 0 0 0 0 1 1 1 1 0 0 1 0 1 0 0 0 0 1 0 0 1 0 0 1 0 0 0 1 1 1 1 0 1 0
 1 0 0 1 1 1 0 0 1 1 0 1 1 0 1 1 0 0 1 0 1 0 1 1 1 1 1 1 1 0 1 0 0 0 1 0 0
 1 1 1 1 1 1 1 1 1 1 1 1 1 1 0 0 1 1 0 0 0 1 0 1 1 1]
At 17901/30000: COST 0.151/2.972(0.093) -- Acc 0.970/0.510(0.968)
[0 1 0 1 0 0 0 1 0 0 0 1 1 1 0 1 1 1 1 0 1 1 0 0 1 1 1 1 1 1 0 0 0 0 1 0 1
 0 0 0 1 1 0 1 1 0 1 0 1 0 0 1 1 0 1 0 1 1 1 1 0 0 0 0 0 1 0 1 1 1 0 1 1 1
 1 0 0 0 0 1 1 1 0 1 0 1 0 0 1 1 0 1 1 0 1 0 0 1 1 1]
At 18001/30000: COST 0.120/2.562(0.097) -- Acc 0.950/0.490(0.965)
[0 1 0 0 0 0 0 1 1 0 0 1 0 0 1 1 0 0 1 1 1 1 0 0 0 1 1 0 0 0 1 1 0 1 1 0 1
 0 1 0 1 0 1 1 1 1 0 0 0 0 0 1 1 1 0 0 0 1 0 1 1 1 1 0 1 1 0 1 0 0 1 0 1 0
 0 0 1 0 1 0 1 1 1 0 0 1 1 1 0 0 1 1 1 1 0 1 1 0 1 1]
At 18101/30000: COST 0.082/3.106(0.082) -- Acc 0.960/0.430(0.970)
[0 1 0 0 1 1 0 0 0 0 1 0 1 1 1 1 0 1 0 0 0 1 0 0 1 1 0 1 0 0 1 1 1 0 1 0 1
 0 1 1 0 1 0 1 1 1 1 0 0 1 0 1 0 0 0 0 1 0 1 0 0 1 0 1 1 1 0 1 0 1 0 0 1 1
 0 1 1 0 1 1 0 0 0 0 0 0 0 1 1 1 0 1 0 0 0 0 0 1 1 0]
At 18201/30000: COST 0.039/3.332(0.081) -- Acc 0.990/0.460(0.971)
[1 1 0 1 1 1 1 1 1 0 1 1 0 1 0 1 1 0 0 0 1 0 0 1 0 0 0 1 0 0 1 0 1 0 0 0 0
 1 1 0 0 0 1 0 1 0 0 0 1 0 0 1 1 1 0 0 0 1 1 0 1 1 1 0 1 0 1 1 0 0 1 1 1 1
 1 0 1 1 1 1 0 1 1 0 1 0 1 1 0 0 0 1 0 1 0 0 0 0 0 0]
At 18301/30000: COST 0.089/3.047(0.081) -- Acc 0.970/0.470(0.972)
[1 1 0 1 0 1 0 0 0 0 1 0 1 1 0 0 1 1 1 0 0 0 0 0 0 1 1 0 0 0 0 0 1 1 0 1 0
 0 1 0 0 0 0 0 0 0 1 1 1 1 1 1 0 0 0 1 0 1 0 0 1 0 1 1 0 0 1 0 1 1 1 1 0 1
 0 1 1 1 0 0 1 1 0 0 0 0 0 1 0 1 1 0 1 1 0 1 1 1 0 0]
At 18401/30000: COST 0.049/3.119(0.082) -- Acc 0.990/0.430(0.970)
[1 1 1 1 0 1 0 0 0 0 0 0 0 1 0 1 0 0 1 1 1 0 1 1 1 0 1 1 1 1 0 0 1 1 1 1 0
 1 0 0 1 0 0 0 1 1 1 1 0 0 0 0 0 0 0 0 1 1 0 1 0 0 1 0 1 0 0 0 1 1 0 0 1 0
 0 1 0 1 1 1 0 1 1 1 1 0 0 0 0 0 1 1 0 1 1 1 0 0 0 1]
At 18501/30000: COST 0.050/2.991(0.070) -- Acc 0.980/0.500(0.976)
[0 1 1 0 1 1 0 0 1 0 1 0 0 1 0 1 1 1 1 1 1 0 0 1 0 1 1 0 0 1 0 1 1 1 0 1 1
 1 1 0 0 1 1 1 0 1 0 0 1 0 0 1 0 1 0 0 1 0 1 0 1 0 0 0 1 1 1 0 1 0 0 0 1 0
 1 0 1 1 1 1 0 0 0 0 0 0 0 1 0 0 1 1 0 1 0 1 1 0 0 0]
At 18601/30000: COST 0.041/3.488(0.070) -- Acc 0.990/0.430(0.975)
[0 1 0 0 0 0 0 1 1 1 0 1 1 0 0 0 1 0 0 1 0 0 0 1 1 0 1 1 1 1 1 0 0 0 0 1 0
 1 1 0 0 1 0 1 1 0 0 1 1 0 1 0 1 0 1 0 1 0 1 1 0 0 0 1 1 0 0 1 0 1 1 0 1 1
 0 1 0 0 1 0 1 0 1 0 1 1 1 0 0 1 1 0 0 0 1 1 0 1 1 0]
At 18701/30000: COST 0.019/3.185(0.070) -- Acc 1.000/0.480(0.975)
[0 0 1 0 0 0 0 0 1 0 0 1 0 1 1 1 0 0 0 1 1 1 1 0 1 0 0 1 0 0 1 1 1 0 0 1 1
 1 1 1 1 0 0 0 0 0 1 0 0 0 1 0 0 0 1 1 0 1 1 0 0 1 1 1 0 1 1 1 1 0 0 0 1 0
 0 0 1 0 1 0 0 1 1 1 0 1 0 0 1 1 0 1 1 0 1 0 0 1 1 0]
At 18801/30000: COST 0.079/2.966(0.074) -- Acc 0.960/0.510(0.975)
[1 0 1 1 0 1 0 1 0 1 0 1 0 0 0 0 1 0 0 0 0 1 1 0 0 1 1 0 1 1 0 0 1 1 0 1 0
 0 0 1 1 0 1 1 0 0 1 1 0 1 1 0 1 0 0 1 0 1 0 0 0 1 1 0 0 0 0 1 0 0 1 0 0 1
 0 0 1 0 0 0 1 0 1 1 1 1 0 1 1 1 1 0 0 1 0 0 1 0 0 0]
At 18901/30000: COST 0.110/3.115(0.060) -- Acc 0.990/0.520(0.979)
[1 0 1 0 0 0 0 1 0 0 1 0 1 0 0 1 1 1 0 0 0 0 1 1 1 1 0 0 0 1 1 0 0 1 1 0 0
 0 1 0 1 0 0 0 1 0 1 0 1 1 1 0 1 0 0 1 1 1 0 0 1 1 1 0 1 1 0 0 1 0 0 1 0 1
 1 1 0 1 1 1 1 0 1 1 1 1 1 1 0 0 1 0 1 0 0 1 0 1 1 0]
At 19001/30000: COST 0.044/3.547(0.061) -- Acc 0.970/0.470(0.979)
[0 1 1 0 0 1 0 0 0 0 0 1 0 1 1 1 0 0 1 0 0 1 0 1 0 1 1 0 1 0 0 0 0 1 1 0 0
 1 0 1 0 0 1 1 0 0 0 0 1 0 1 0 0 0 0 1 0 1 1 1 0 1 0 1 0 0 1 0 1 1 0 0 0 0
 0 1 0 1 0 1 1 1 1 0 1 0 0 0 1 0 1 1 0 1 1 0 1 0 1 0]
At 19101/30000: COST 0.076/3.312(0.085) -- Acc 0.990/0.490(0.974)
[0 0 0 0 0 0 1 1 1 0 0 0 0 1 0 0 1 0 0 0 0 0 1 0 0 1 1 0 0 1 1 0 1 1 0 1 0
 0 0 0 1 1 0 1 0 1 0 0 0 0 0 1 1 1 1 0 1 1 0 0 0 1 1 1 0 1 0 0 0 0 0 1 0 1
 0 1 0 0 1 0 1 1 1 1 0 0 0 0 1 0 1 0 1 0 1 1 0 0 0 0]
At 19201/30000: COST 0.046/3.433(0.079) -- Acc 0.980/0.490(0.974)
[0 0 0 0 0 1 1 1 0 1 0 0 0 0 1 0 0 0 1 1 1 0 0 1 1 0 0 0 0 1 0 1 1 0 1 0 1
 1 1 0 1 1 1 0 0 0 1 0 1 0 1 0 1 1 1 0 1 1 0 0 0 0 0 0 1 1 0 0 0 0 1 1 0 0
 0 1 1 0 1 0 1 0 1 1 1 0 1 1 0 1 0 1 1 1 0 0 0 1 1 0]
At 19301/30000: COST 0.082/3.210(0.071) -- Acc 0.960/0.500(0.975)
[1 1 1 0 0 1 0 1 1 1 0 1 1 1 1 0 0 1 1 1 1 1 0 0 0 1 1 1 0 0 0 1 1 0 1 0 1
 1 0 0 0 1 1 0 0 0 0 0 0 0 0 1 0 1 0 0 1 1 0 0 0 1 1 0 0 1 0 0 0 1 0 0 1 0
 1 0 1 1 0 1 0 0 0 0 1 0 0 1 1 0 1 1 0 0 0 1 1 1 0 0]
At 19401/30000: COST 0.055/3.268(0.072) -- Acc 0.960/0.500(0.976)
[0 1 1 0 0 0 0 1 1 1 0 1 0 1 1 1 0 1 1 1 1 1 1 1 1 0 1 1 0 1 1 1 1 1 1 0 0
 0 0 0 0 0 1 0 1 0 0 0 0 0 1 0 0 0 1 0 1 0 1 0 0 0 0 1 0 1 0 1 1 0 1 0 0 1
 0 1 0 0 1 1 1 1 0 0 1 0 0 1 0 0 0 1 1 0 1 0 0 1 0 0]
At 19501/30000: COST 0.043/3.388(0.086) -- Acc 0.980/0.490(0.972)
[0 0 0 0 1 0 1 0 1 1 0 1 0 1 1 1 0 0 1 0 1 0 1 0 1 0 1 1 1 0 0 0 1 0 1 0 0
 1 0 0 1 1 0 0 1 0 0 1 1 1 0 0 0 1 0 0 0 1 1 0 1 0 1 1 0 0 1 1 1 1 0 0 1 1
 0 0 0 0 0 0 0 1 1 1 1 0 1 1 0 0 0 1 0 0 0 0 0 0 0 1]
At 19601/30000: COST 0.070/3.439(0.093) -- Acc 0.960/0.470(0.968)
[0 0 0 0 0 1 1 0 0 1 0 0 1 1 0 0 1 1 0 1 1 0 1 1 0 0 1 0 0 1 1 1 0 1 1 0 0
 0 1 1 0 1 1 0 0 1 1 0 0 1 0 1 1 1 0 1 1 0 0 0 0 0 1 1 0 0 0 1 0 0 1 0 1 1
 1 1 1 1 0 0 1 0 1 1 0 1 0 1 0 0 0 1 1 1 0 1 1 0 0 1]
At 19701/30000: COST 0.103/2.873(0.106) -- Acc 0.970/0.530(0.965)
[1 1 0 0 1 0 0 0 1 0 1 0 0 0 0 0 0 1 1 1 0 1 0 1 0 0 1 0 1 0 1 1 0 1 0 0 1
 1 0 1 0 0 0 0 0 1 1 1 0 1 0 1 0 0 0 1 0 0 0 1 0 1 0 1 1 0 1 0 0 0 0 0 0 1
 1 0 0 1 0 0 0 1 0 1 1 0 1 1 1 0 0 1 0 1 1 0 1 1 0 0]
At 19801/30000: COST 0.145/2.793(0.092) -- Acc 0.950/0.540(0.968)
[0 0 0 1 1 1 1 0 1 1 0 0 1 0 1 1 1 1 1 0 0 1 0 1 1 0 0 1 1 0 0 0 1 1 1 0 0
 0 0 1 1 0 1 1 0 1 1 0 1 0 0 1 0 0 0 0 0 0 0 1 0 1 0 0 1 0 0 0 0 0 0 0 0 1
 1 1 0 0 0 1 1 1 1 1 0 0 0 0 0 0 0 0 0 0 1 0 1 0 1 1]
At 19901/30000: COST 0.057/2.856(0.086) -- Acc 0.980/0.500(0.970)
[1 1 0 0 0 1 0 0 0 0 0 1 1 0 0 1 0 0 0 1 1 0 0 1 0 1 1 0 1 1 0 1 1 0 1 0 1
 1 0 1 0 1 0 1 1 0 1 1 0 0 0 0 1 0 1 0 1 1 1 0 0 1 0 0 1 0 1 1 0 0 0 1 0 0
 0 1 0 1 1 0 0 0 1 1 1 0 0 1 1 0 1 0 1 1 0 0 0 0 0 1]
At 20001/30000: COST 0.105/3.165(0.075) -- Acc 0.960/0.490(0.974)
[0 0 0 0 1 1 0 0 1 0 0 0 0 0 0 1 1 0 1 1 0 1 0 0 1 1 1 0 1 1 1 0 0 0 1 0 1
 1 0 0 0 0 1 1 1 1 1 1 0 0 0 1 0 1 1 1 0 1 1 0 0 0 0 0 0 0 0 1 0 1 1 0 1 1
 0 0 0 1 0 1 0 1 0 0 1 1 0 0 0 1 0 0 1 1 1 0 1 0 1 0]
At 20101/30000: COST 0.141/3.701(0.070) -- Acc 0.960/0.480(0.976)
[1 0 0 0 1 0 0 0 1 1 0 1 1 1 1 1 0 1 0 1 1 0 0 0 1 0 0 0 1 0 1 1 0 0 0 0 1
 0 1 0 0 0 1 1 1 0 1 1 1 0 1 1 1 0 1 0 0 0 0 1 1 1 1 0 1 0 0 0 1 1 0 0 1 0
 1 1 1 0 0 0 1 1 1 1 1 0 1 0 1 1 1 0 0 0 1 0 1 1 1 1]
At 20201/30000: COST 0.044/3.580(0.076) -- Acc 0.990/0.460(0.973)
[1 0 1 0 0 1 0 0 0 1 1 1 1 1 1 1 0 1 1 0 1 1 0 1 0 0 1 0 0 1 0 1 0 1 0 0 0
 0 0 1 0 1 0 1 0 1 1 1 0 1 0 1 1 1 0 1 1 0 0 1 0 1 1 1 1 0 1 1 1 1 0 0 0 0
 0 0 1 0 0 0 1 0 1 1 0 1 0 0 1 0 1 1 0 0 1 0 1 1 0 1]
At 20301/30000: COST 0.062/2.999(0.070) -- Acc 0.980/0.550(0.974)
[1 1 0 0 1 1 0 1 0 0 0 1 1 1 1 1 0 1 1 1 0 0 0 1 1 0 1 0 0 0 1 1 0 0 0 1 0
 0 1 1 0 1 1 1 1 0 1 1 0 0 1 1 1 1 0 1 0 0 1 0 0 0 0 1 1 1 0 1 1 1 1 0 0 0
 1 1 0 1 0 1 1 1 0 1 0 0 0 1 1 1 0 0 1 1 1 0 0 1 1 0]
At 20401/30000: COST 0.023/3.070(0.070) -- Acc 1.000/0.520(0.976)
[1 0 0 1 1 0 1 0 1 1 1 0 1 0 0 0 0 0 1 0 1 0 1 1 0 1 0 1 0 1 0 1 1 1 0 1 0
 1 1 0 0 1 1 0 1 0 1 1 1 0 1 0 1 0 1 0 0 0 0 1 0 1 1 1 0 1 1 0 1 1 0 1 0 0
 0 0 0 0 0 0 1 0 1 1 0 0 0 1 1 1 0 1 0 1 0 1 0 0 0 1]
At 20501/30000: COST 0.059/3.166(0.071) -- Acc 0.970/0.480(0.976)
[1 1 1 0 1 0 0 1 1 1 0 1 0 1 0 1 0 1 0 0 0 1 0 1 0 1 1 0 0 1 0 1 0 1 1 1 1
 0 1 0 1 1 1 0 1 0 0 1 0 0 0 1 0 1 0 0 0 0 1 1 0 1 0 1 1 0 0 0 1 1 1 0 0 0
 1 1 1 0 1 0 1 1 1 0 0 0 0 1 1 1 1 1 0 1 1 0 1 0 0 1]
At 20601/30000: COST 0.085/2.894(0.083) -- Acc 0.960/0.520(0.971)
[1 0 1 0 1 0 1 0 1 0 0 1 0 1 1 1 0 1 0 1 0 0 1 0 0 1 1 0 0 0 1 1 0 1 1 0 1
 1 1 0 1 1 0 0 1 1 1 1 0 1 0 1 0 0 1 0 1 0 0 0 1 1 0 1 0 1 1 1 1 1 0 0 0 0
 0 1 1 1 0 1 0 1 0 1 1 1 1 0 1 0 1 1 0 1 0 1 0 1 0 1]
At 20701/30000: COST 0.117/3.072(0.097) -- Acc 0.970/0.520(0.967)
[0 1 1 0 1 0 1 1 0 1 0 0 0 1 0 1 0 1 1 1 1 1 1 0 0 0 0 0 0 1 1 1 1 0 0 1 0
 1 0 1 0 1 0 1 0 0 0 0 1 1 1 0 0 0 1 0 1 1 1 1 0 1 0 0 1 0 1 1 0 0 1 0 0 0
 0 0 0 1 1 0 0 1 0 0 0 0 1 0 1 1 1 1 0 1 0 1 1 1 0 1]
At 20801/30000: COST 0.030/2.867(0.081) -- Acc 0.990/0.500(0.972)
[0 0 1 1 1 0 1 0 1 1 1 0 0 0 0 0 1 0 1 1 0 0 1 1 1 1 1 1 1 1 0 1 1 1 1 0 0
 1 0 0 0 0 1 1 1 0 0 0 1 1 0 0 0 0 1 0 1 1 1 0 1 0 1 0 1 0 0 0 1 1 0 1 1 1
 1 1 0 0 0 1 1 1 0 0 0 0 1 0 1 0 0 0 1 1 1 0 1 1 1 1]
At 20901/30000: COST 0.096/3.178(0.067) -- Acc 0.960/0.490(0.977)
[1 0 1 0 1 0 0 1 0 1 1 1 0 1 0 0 0 0 1 1 0 0 1 0 0 1 0 0 1 1 1 0 0 1 0 0 0
 0 1 1 1 0 0 0 1 0 1 1 1 0 0 1 0 0 1 1 1 1 0 1 0 0 1 1 0 1 0 1 0 1 0 0 1 1
 0 0 0 0 0 1 1 0 0 0 0 1 0 1 1 0 1 0 0 1 1 0 0 0 0 0]
At 21001/30000: COST 0.029/3.599(0.063) -- Acc 1.000/0.490(0.980)
[1 0 1 0 1 0 1 1 0 1 1 1 0 1 0 1 1 1 0 0 1 0 1 1 0 1 0 1 0 0 1 1 1 0 1 0 1
 1 1 0 1 0 1 1 1 1 0 1 0 0 1 0 0 0 1 0 1 0 1 0 1 0 0 0 0 0 0 1 0 1 0 1 1 1
 1 0 0 1 0 0 0 0 1 1 0 0 0 0 0 0 0 1 1 0 0 1 0 1 1 0]
At 21101/30000: COST 0.082/3.766(0.078) -- Acc 0.980/0.500(0.974)
[1 1 1 0 0 1 1 0 0 1 0 1 0 0 1 0 0 1 0 0 0 0 0 0 1 0 1 1 1 0 1 1 1 1 0 0 0
 0 0 1 1 1 0 1 0 0 0 0 0 0 1 0 0 0 1 0 1 1 1 0 0 1 0 1 0 1 0 1 1 0 0 0 0 0
 1 1 1 1 1 0 1 0 1 1 1 0 0 1 1 0 0 1 1 0 1 0 0 1 0 0]
At 21201/30000: COST 0.071/2.933(0.101) -- Acc 0.960/0.550(0.965)
[1 0 1 1 0 0 0 1 1 1 0 0 0 1 1 1 1 0 1 1 0 0 1 0 0 1 0 0 0 0 0 0 0 1 0 1 0
 1 1 1 0 1 0 0 1 0 0 1 1 0 1 0 1 0 1 1 0 0 1 1 0 0 1 0 0 0 1 0 1 1 0 1 1 1
 1 1 1 1 0 0 1 1 1 1 1 0 0 1 1 1 1 1 0 0 1 1 1 1 1 1]
At 21301/30000: COST 0.144/3.131(0.116) -- Acc 0.960/0.490(0.960)
[0 1 0 0 0 1 1 0 0 0 1 1 1 1 1 0 1 1 1 0 0 1 1 1 1 1 0 1 1 0 1 0 1 0 1 1 1
 1 0 0 1 1 1 0 0 0 0 1 1 1 0 1 1 1 1 0 1 0 0 0 0 0 1 0 0 0 1 0 1 1 0 1 1 0
 0 0 1 1 1 1 0 1 0 0 1 1 0 0 1 0 0 0 0 0 0 0 1 1 0 0]
At 21401/30000: COST 0.100/2.887(0.099) -- Acc 0.950/0.520(0.966)
[1 0 1 0 1 0 1 1 1 1 1 0 1 1 0 0 1 0 1 0 1 1 1 0 1 0 0 1 0 1 1 0 0 0 0 1 1
 1 1 0 1 1 0 1 1 1 0 1 1 1 0 1 1 0 0 1 1 0 1 1 1 0 1 1 1 0 1 0 0 0 1 1 0 0
 0 0 0 0 1 0 1 1 0 1 0 1 0 0 1 0 1 0 0 1 1 0 1 1 1 0]
At 21501/30000: COST 0.118/3.294(0.095) -- Acc 0.960/0.450(0.967)
[1 0 0 0 0 0 0 1 1 0 0 0 0 1 1 1 1 0 1 0 1 1 0 0 0 0 0 1 1 1 1 0 1 0 1 1 1
 1 0 1 1 1 0 0 0 1 1 1 0 1 1 0 1 0 0 0 0 1 1 0 0 1 1 0 1 0 0 0 0 0 0 1 0 1
 1 0 0 1 1 0 1 0 0 1 1 0 1 1 1 0 0 1 1 0 0 1 1 1 0 1]
At 21601/30000: COST 0.092/3.023(0.094) -- Acc 0.950/0.450(0.967)
[0 0 0 0 0 0 0 1 0 1 0 0 1 0 1 1 1 0 1 1 1 0 0 0 1 1 0 1 0 0 0 1 1 0 0 0 1
 1 1 0 0 1 0 0 0 1 1 1 0 1 0 1 0 1 0 0 0 0 1 1 1 0 0 1 0 1 0 0 0 1 1 0 1 1
 1 1 1 1 0 1 0 1 0 0 0 0 0 1 1 1 0 1 1 0 0 0 0 0 1 0]
At 21701/30000: COST 0.040/3.167(0.086) -- Acc 1.000/0.440(0.969)
[0 0 1 1 0 1 1 0 0 1 1 1 1 0 1 1 0 0 1 0 0 1 1 1 1 1 0 1 0 0 0 0 1 1 1 1 1
 0 1 1 1 0 1 0 0 1 0 0 1 0 1 0 0 1 1 0 1 0 0 1 1 1 0 1 0 1 0 1 0 1 1 0 0 0
 1 1 1 0 0 0 1 0 0 1 0 1 1 1 0 0 0 0 0 0 1 1 1 1 1 0]
At 21801/30000: COST 0.033/3.434(0.068) -- Acc 0.990/0.480(0.976)
[1 0 1 0 0 1 1 1 0 1 0 1 0 1 0 0 1 1 1 0 1 0 0 0 1 1 0 1 1 0 1 1 1 1 0 1 1
 0 1 1 0 0 0 0 0 1 0 0 0 0 1 1 0 0 1 1 1 0 1 1 1 0 1 0 1 1 0 1 1 0 1 0 1 0
 0 0 1 0 1 0 1 0 0 0 0 0 0 1 0 1 1 0 1 0 0 1 1 0 1 0]
At 21901/30000: COST 0.057/3.425(0.056) -- Acc 0.960/0.510(0.980)
[0 1 0 0 1 0 0 1 0 0 1 1 0 1 0 0 0 0 1 1 1 0 1 0 1 1 0 1 0 0 1 1 0 1 1 0 1
 1 1 0 0 0 1 0 0 0 1 1 1 1 1 1 0 1 0 1 1 1 1 1 1 1 0 0 0 0 0 0 1 1 0 1 1 0
 0 1 1 0 1 0 1 0 1 1 0 1 0 1 0 1 0 0 0 0 0 1 0 0 0 1]
At 22001/30000: COST 0.052/3.465(0.067) -- Acc 0.980/0.510(0.978)
[1 0 1 0 0 1 1 0 0 0 1 0 1 0 1 1 1 1 0 0 1 1 0 1 0 1 1 0 0 0 1 0 1 1 1 0 1
 1 0 0 0 1 0 1 1 1 0 1 0 1 1 1 1 1 0 1 0 0 0 0 0 1 0 1 1 1 0 0 1 1 0 1 0 0
 0 0 1 1 0 0 1 1 1 1 0 0 0 0 0 0 1 1 0 0 0 0 1 0 0 1]
At 22101/30000: COST 0.116/3.481(0.107) -- Acc 0.960/0.500(0.965)
[0 1 0 0 0 1 0 1 0 1 0 0 0 1 0 1 1 0 0 0 1 1 0 0 0 0 0 1 1 1 0 1 0 0 1 0 1
 1 0 1 1 0 0 1 0 1 1 1 1 0 1 0 0 1 1 1 1 1 1 1 1 1 0 0 0 0 1 1 0 0 1 1 1 0
 0 0 0 1 1 1 1 1 1 0 1 1 0 0 1 1 0 0 0 0 0 1 1 1 0 0]
At 22201/30000: COST 0.049/3.281(0.108) -- Acc 0.990/0.500(0.965)
[1 1 1 1 0 1 1 0 1 1 0 1 0 1 1 0 0 1 0 1 0 0 0 0 0 1 1 1 1 0 0 1 0 0 0 1 0
 0 0 1 1 1 1 0 0 1 1 0 1 1 0 0 0 1 1 0 0 0 1 0 0 1 1 1 1 0 0 0 0 1 0 1 0 1
 1 0 0 0 0 0 1 0 0 1 0 0 1 0 1 1 0 1 0 0 1 1 1 1 0 0]
At 22301/30000: COST 0.062/3.175(0.107) -- Acc 0.990/0.410(0.963)
[1 0 1 0 0 0 0 0 1 1 0 0 1 1 1 0 0 1 0 1 1 0 1 0 0 1 0 0 1 0 1 0 0 1 1 1 1
 1 1 1 1 0 1 1 0 1 0 0 0 0 1 1 1 0 1 0 1 1 0 1 1 0 0 0 1 1 0 1 0 0 0 0 1 1
 0 0 0 0 1 1 0 0 1 1 1 0 0 1 0 1 1 0 1 1 1 1 0 0 0 1]
At 22401/30000: COST 0.197/3.278(0.101) -- Acc 0.950/0.440(0.965)
[1 0 1 0 0 0 1 1 0 0 0 1 1 0 1 1 1 1 0 0 1 1 0 1 1 1 0 1 1 0 0 0 1 0 1 1 0
 0 0 0 0 0 1 1 0 1 1 0 0 1 0 1 0 0 0 0 0 1 1 1 0 1 1 0 1 0 1 0 0 0 1 0 0 0
 1 1 0 0 1 0 1 0 0 1 0 1 0 1 0 0 0 0 0 0 1 0 1 0 0 0]
At 22501/30000: COST 0.072/3.136(0.088) -- Acc 0.980/0.460(0.968)
[1 0 0 1 0 1 0 0 1 0 1 0 0 0 0 0 1 1 0 0 0 0 0 1 0 1 0 0 0 0 1 0 1 1 1 1 0
 1 1 1 0 1 1 1 1 0 0 0 0 1 1 0 1 0 0 0 0 1 1 1 0 1 0 0 0 0 0 0 1 0 0 1 0 1
 1 0 0 1 0 0 0 0 1 0 0 1 1 0 0 0 1 0 1 0 0 1 1 0 1 1]
At 22601/30000: COST 0.095/3.148(0.095) -- Acc 0.950/0.450(0.966)
[1 0 0 0 1 1 1 0 1 1 0 1 1 1 1 0 1 0 0 0 1 0 0 0 1 1 1 1 0 1 0 0 0 0 0 1 0
 0 0 0 0 0 1 0 0 0 0 0 1 0 1 0 1 0 0 1 1 0 0 0 1 0 1 0 0 1 0 0 1 0 0 1 1 0
 1 1 0 1 1 0 1 1 1 0 0 0 0 0 0 1 0 0 1 0 1 1 1 0 1 1]
At 22701/30000: COST 0.161/3.282(0.116) -- Acc 0.920/0.470(0.958)
[0 0 0 0 0 0 1 0 0 0 1 0 0 1 1 1 0 1 1 1 0 1 1 0 0 0 0 0 1 0 0 0 0 1 0 1 0
 0 0 1 0 0 0 1 0 0 1 1 1 0 1 0 0 1 1 1 0 0 0 0 1 1 0 1 0 1 0 1 0 1 0 0 1 1
 1 1 0 1 1 0 1 0 1 0 1 1 0 0 1 1 1 1 0 1 1 1 1 1 0 0]
At 22801/30000: COST 0.106/2.693(0.141) -- Acc 0.970/0.520(0.951)
[0 0 0 1 0 0 0 0 1 1 1 0 0 1 1 0 0 1 1 0 0 1 0 1 1 1 1 0 1 1 1 0 1 1 0 1 0
 1 0 0 0 1 0 1 1 1 1 0 0 1 1 0 0 1 1 1 0 1 0 0 0 0 0 1 1 1 1 0 1 1 0 0 1 0
 0 0 1 1 0 0 1 1 1 1 1 0 0 1 1 1 1 0 0 0 1 1 0 1 0 1]
At 22901/30000: COST 0.088/2.545(0.144) -- Acc 0.970/0.500(0.951)
[0 1 0 0 1 1 0 1 1 0 0 0 0 1 0 1 1 1 1 0 1 0 0 0 1 1 1 1 1 0 1 0 0 0 0 0 1
 0 0 1 0 1 0 1 0 1 1 0 1 0 1 1 0 0 0 0 1 0 1 0 1 1 0 1 1 0 0 1 0 1 1 1 0 1
 1 1 1 1 1 1 1 0 0 0 0 0 0 1 1 0 0 1 1 1 1 0 0 0 0 1]
At 23001/30000: COST 0.182/3.114(0.149) -- Acc 0.930/0.480(0.947)
[0 0 0 0 1 0 0 0 1 1 1 0 0 0 0 0 1 0 0 1 1 1 0 0 0 1 0 0 1 0 0 0 0 0 0 0 0
 1 1 1 1 0 1 0 1 1 1 1 0 0 1 0 1 0 0 1 0 1 0 1 0 0 0 1 1 0 1 1 0 0 1 1 0 1
 0 0 0 1 0 1 1 0 1 1 0 1 0 1 0 0 1 0 0 1 0 1 0 1 0 0]
At 23101/30000: COST 0.170/2.500(0.142) -- Acc 0.960/0.470(0.949)
[1 1 0 1 1 1 0 1 0 0 0 1 1 0 1 1 1 0 1 0 1 1 1 1 0 0 0 0 0 0 0 1 0 0 0 0 1
 0 0 1 1 0 1 1 1 0 1 1 1 1 1 1 0 0 0 0 0 0 1 1 0 1 0 0 1 0 0 0 1 1 0 0 0 0
 0 1 1 1 0 1 0 0 0 1 0 0 0 0 0 1 1 1 0 0 1 1 0 0 1 0]
At 23201/30000: COST 0.095/2.654(0.135) -- Acc 0.980/0.490(0.951)
[0 0 1 0 0 0 1 1 1 1 0 1 0 0 0 1 0 0 1 1 0 1 0 0 1 0 0 0 1 1 0 1 1 1 1 0 0
 0 0 1 1 0 0 1 0 1 0 1 1 1 1 1 1 1 1 0 0 0 0 0 1 0 0 1 0 0 1 1 1 0 0 0 0 0
 1 1 1 1 1 0 0 0 0 0 0 0 0 0 0 1 0 1 1 0 0 1 0 1 0 1]
At 23301/30000: COST 0.243/2.428(0.141) -- Acc 0.930/0.520(0.951)
[1 1 0 0 0 0 1 1 0 0 0 0 0 1 0 0 1 0 1 0 0 1 1 1 1 1 0 1 1 1 0 0 0 1 0 0 1
 1 0 0 1 1 0 1 1 1 0 1 0 0 1 0 1 0 0 1 1 1 0 1 1 0 1 1 1 0 0 0 1 1 0 0 1 1
 0 0 0 0 1 1 0 0 0 1 0 0 0 0 1 1 1 1 0 1 1 0 1 1 0 0]
At 23401/30000: COST 0.126/2.805(0.173) -- Acc 0.960/0.480(0.938)
[0 1 1 0 1 1 1 0 0 1 0 1 0 0 0 0 1 1 0 0 1 0 1 1 1 0 0 0 0 0 0 1 0 1 1 0 0
 0 0 0 1 1 0 1 0 0 0 1 1 1 0 1 1 1 1 0 0 0 0 1 1 1 1 0 0 0 0 1 0 1 0 1 1 0
 0 1 0 1 1 1 0 0 0 1 0 0 1 0 1 0 0 0 0 0 1 0 0 0 0 0]
At 23501/30000: COST 0.208/2.404(0.181) -- Acc 0.910/0.450(0.932)
[0 1 0 0 0 1 1 1 1 1 0 1 0 1 0 1 1 1 0 1 0 0 0 1 0 0 1 0 0 1 1 1 1 1 1 1 1
 0 1 1 0 0 0 0 1 0 1 0 0 0 0 0 1 1 0 0 1 1 0 0 1 1 1 1 1 0 1 0 1 0 1 0 0 1
 1 0 0 1 1 1 0 1 0 0 0 0 1 0 1 0 1 0 1 0 1 1 0 1 1 0]
At 23601/30000: COST 0.288/2.288(0.161) -- Acc 0.910/0.490(0.940)
[1 0 0 0 0 0 1 1 0 0 1 1 1 0 1 0 1 0 0 0 0 1 0 0 0 1 0 0 0 1 0 0 1 0 0 0 1
 1 1 0 0 1 0 1 0 1 0 0 1 0 0 1 1 1 0 1 0 1 1 1 0 1 1 1 1 0 0 0 0 1 0 0 0 1
 0 0 1 0 0 1 1 0 1 1 0 1 1 0 0 1 0 0 1 1 0 0 1 1 0 0]
At 23701/30000: COST 0.122/2.169(0.176) -- Acc 0.940/0.490(0.934)
[0 0 1 0 1 0 1 0 1 1 0 1 1 0 0 0 1 1 1 0 1 1 0 0 0 1 1 1 0 0 0 0 0 1 0 1 1
 0 1 1 0 1 0 1 0 0 0 1 1 0 1 0 0 0 0 1 1 0 1 1 0 0 0 1 0 0 0 1 0 0 0 1 0 0
 1 0 1 1 1 0 1 0 1 0 0 1 0 0 0 1 1 1 0 0 1 1 0 1 0 1]
At 23801/30000: COST 0.171/2.055(0.168) -- Acc 0.940/0.490(0.938)
[1 1 1 0 0 0 1 1 1 0 1 0 0 0 0 0 1 1 1 0 0 1 1 0 1 0 1 0 0 1 0 1 0 0 0 0 1
 1 1 0 1 0 0 1 0 0 0 1 1 1 0 1 0 0 1 1 0 0 0 0 1 0 0 1 1 0 0 0 1 0 1 1 0 0
 1 0 0 0 1 1 1 1 1 1 0 0 0 0 1 0 0 1 1 1 1 0 0 0 1 0]
At 23901/30000: COST 0.101/2.418(0.139) -- Acc 0.970/0.450(0.948)
[1 0 1 1 0 1 1 0 0 0 1 0 0 0 1 1 1 1 1 1 1 1 1 1 0 1 1 0 1 1 1 0 0 0 1 0 0
 0 0 1 0 1 0 1 0 1 1 0 1 0 0 0 0 1 1 1 0 1 0 0 0 1 0 0 0 0 0 0 0 1 1 1 1 1
 0 0 0 0 0 0 0 0 1 0 0 1 1 0 0 1 1 0 0 0 1 1 1 1 0 1]
At 24001/30000: COST 0.202/2.161(0.152) -- Acc 0.920/0.450(0.945)
[0 1 0 0 1 1 1 1 1 0 0 0 0 0 0 0 1 1 0 1 0 0 1 0 0 0 0 1 1 1 0 1 0 1 1 1 1
 0 0 1 1 1 1 0 1 1 1 1 0 1 1 0 1 1 0 1 1 0 0 1 1 0 0 0 1 1 0 1 0 0 0 0 0 1
 0 1 0 0 0 0 1 1 1 1 0 1 1 1 0 1 1 0 0 0 0 1 0 1 0 0]
At 24101/30000: COST 0.169/2.260(0.180) -- Acc 0.950/0.470(0.934)
[1 1 0 1 0 0 1 0 0 1 0 1 1 1 0 1 1 0 1 0 1 0 1 0 0 0 0 1 1 0 1 1 1 1 1 1 0
 0 0 1 0 0 0 0 0 0 1 1 0 0 1 0 0 1 1 1 1 1 0 0 0 1 1 0 1 0 0 1 0 1 0 0 0 0
 1 1 1 0 0 1 1 0 0 0 0 0 0 1 1 1 1 0 0 1 0 1 1 0 1 1]
At 24201/30000: COST 0.262/2.187(0.201) -- Acc 0.930/0.440(0.927)
[1 0 1 1 0 1 0 1 0 0 0 1 1 0 1 1 0 0 0 0 0 0 1 0 1 1 0 0 0 0 1 1 1 0 1 1 1
 1 0 0 0 0 0 1 0 0 0 1 1 1 0 0 1 1 1 0 1 1 1 0 0 0 1 0 1 0 1 1 1 0 0 0 0 0
 0 1 1 0 0 0 0 0 0 0 1 1 1 0 0 1 0 0 1 1 1 0 1 1 0 0]
At 24301/30000: COST 0.224/2.201(0.218) -- Acc 0.900/0.460(0.918)
[1 1 1 1 1 0 0 0 0 1 0 0 1 1 0 0 0 0 0 0 1 0 1 0 1 1 1 1 0 0 0 1 0 1 0 0 0
 1 0 1 0 1 0 1 0 1 1 0 0 1 1 0 0 0 1 0 0 0 0 0 1 0 1 1 1 1 0 1 0 1 1 1 0 0
 0 0 1 0 1 1 0 1 1 0 0 0 1 0 1 0 0 1 1 1 1 0 0 0 0 0]
At 24401/30000: COST 0.086/2.084(0.205) -- Acc 0.970/0.460(0.923)
[1 1 0 1 1 0 1 1 0 1 1 1 0 1 1 1 1 0 1 1 0 0 1 0 1 1 0 0 0 0 0 1 1 1 1 0 0
 0 1 1 0 0 1 0 1 1 0 0 0 1 1 0 0 0 0 1 0 0 0 0 1 0 0 0 0 1 0 1 1 1 0 0 1 1
 0 0 1 0 0 1 1 1 0 0 1 1 0 0 1 0 0 0 1 1 1 1 0 1 1 1]
At 24501/30000: COST 0.295/1.984(0.187) -- Acc 0.850/0.480(0.928)
[0 1 1 0 0 1 0 1 1 0 1 1 0 0 1 1 1 0 1 1 1 0 1 0 1 1 1 0 0 1 0 0 1 0 1 0 1
 1 1 1 1 1 0 1 0 0 1 0 0 1 0 0 0 1 1 1 1 1 0 1 1 0 0 0 0 0 1 1 1 1 1 0 1 0
 0 0 0 1 0 0 1 0 1 0 1 0 1 1 0 1 1 0 1 0 0 0 0 1 0 0]
At 24601/30000: COST 0.145/2.326(0.182) -- Acc 0.950/0.450(0.932)
[0 0 0 1 1 1 0 1 1 0 0 0 0 0 1 0 0 0 0 0 1 1 1 0 0 1 1 1 1 0 0 0 0 0 1 1 0
 0 1 0 1 0 1 0 1 0 0 1 0 1 0 1 0 0 0 0 1 1 0 0 0 0 0 0 0 1 0 1 0 0 1 0 0 1
 1 1 1 0 1 0 1 0 1 1 1 0 0 1 1 1 0 1 0 0 1 0 1 1 0 1]
At 24701/30000: COST 0.233/2.438(0.170) -- Acc 0.930/0.430(0.936)
[1 0 0 0 0 0 1 1 0 0 1 1 0 1 1 0 1 0 0 1 0 1 1 0 0 1 0 0 0 0 0 0 1 1 0 0 1
 0 1 0 0 1 1 1 1 0 0 0 0 0 0 1 1 0 0 0 0 1 1 1 1 1 0 1 0 0 1 0 1 1 1 0 1 0
 1 1 1 1 0 0 1 1 1 1 1 1 0 1 0 0 1 1 1 1 0 0 0 0 1 0]
At 24801/30000: COST 0.216/2.273(0.176) -- Acc 0.910/0.420(0.936)
[0 1 1 1 0 0 1 1 0 0 1 0 1 1 1 0 1 1 0 0 1 0 1 0 0 0 1 1 0 1 0 1 0 0 0 1 1
 1 1 0 1 1 1 0 1 0 0 1 1 0 0 1 0 1 0 1 0 0 0 0 1 1 1 0 0 0 1 1 0 0 0 0 0 1
 1 0 1 1 0 1 0 0 0 1 1 1 0 0 1 0 1 0 0 0 1 1 0 1 0 1]
At 24901/30000: COST 0.074/2.139(0.177) -- Acc 0.970/0.480(0.934)
[1 0 0 1 1 1 1 1 0 0 0 1 1 0 0 0 1 1 1 1 1 1 0 0 0 1 0 0 0 0 0 0 1 0 0 0 0
 1 0 0 0 1 1 1 1 1 1 1 1 0 0 1 0 0 1 0 1 0 0 0 1 1 1 1 1 1 1 0 1 1 1 0 1 0
 0 0 0 0 1 0 1 0 0 0 0 1 1 0 1 1 1 0 0 1 0 0 0 1 1 0]
At 25001/30000: COST 0.346/1.980(0.186) -- Acc 0.940/0.480(0.929)
[0 0 0 0 1 1 1 1 1 1 1 1 0 0 0 1 1 0 1 1 0 0 0 0 0 0 0 1 0 1 1 0 1 0 1 1 0
 0 0 1 0 1 1 0 1 1 0 0 1 0 1 1 0 1 0 0 1 1 1 1 1 1 1 1 1 0 1 1 1 1 0 0 1 1
 0 0 1 0 1 0 0 1 1 0 0 1 0 0 0 0 0 0 0 1 0 1 0 0 0 1]
At 25101/30000: COST 0.126/2.378(0.186) -- Acc 0.930/0.490(0.929)
[0 0 1 1 1 1 1 1 0 0 0 0 0 0 0 1 1 1 0 0 1 0 1 0 1 1 0 1 1 1 1 1 1 0 0 0 0
 0 0 1 0 0 1 0 1 1 0 0 0 1 0 1 0 1 1 1 0 1 0 0 1 1 0 1 0 1 1 1 1 1 1 1 0 0
 0 0 0 0 1 0 0 0 0 0 0 1 0 0 0 0 0 1 0 1 0 0 1 0 0 0]
At 25201/30000: COST 0.172/2.351(0.173) -- Acc 0.920/0.450(0.933)
[0 1 0 0 0 0 0 0 0 1 0 0 1 1 0 0 0 1 1 0 0 0 0 0 0 0 0 1 1 1 1 1 1 0 1 0 1
 1 1 1 1 0 1 0 1 1 0 0 1 0 0 0 0 1 0 0 1 0 1 1 1 0 1 0 1 0 0 1 0 1 1 0 0 1
 1 0 0 0 1 0 1 0 1 0 0 1 1 1 0 0 0 1 0 1 0 1 1 0 1 1]
At 25301/30000: COST 0.262/2.300(0.172) -- Acc 0.900/0.470(0.933)
[1 0 0 1 1 1 0 1 0 0 1 1 1 0 0 1 0 0 1 0 0 1 1 1 0 0 1 0 1 1 1 1 0 0 0 0 1
 0 1 1 1 0 0 0 0 1 0 1 1 0 1 0 0 1 1 0 1 1 1 0 0 0 0 0 0 1 1 1 1 1 1 0 0 1
 0 1 1 1 1 0 1 1 1 0 1 0 0 0 0 0 0 0 0 1 0 1 0 1 1 1]
At 25401/30000: COST 0.144/2.060(0.177) -- Acc 0.950/0.420(0.933)
[0 1 1 1 1 0 1 1 0 0 0 1 0 1 1 1 0 0 0 1 1 1 0 1 1 0 0 0 0 1 0 1 0 1 0 0 0
 0 0 1 0 1 0 0 0 1 0 0 0 1 0 1 0 1 1 0 1 1 0 1 1 1 1 1 1 1 0 0 1 1 1 1 1 1
 0 0 0 1 0 1 0 1 1 1 1 1 1 0 1 0 1 1 1 0 0 0 0 1 0 1]
At 25501/30000: COST 0.170/2.218(0.196) -- Acc 0.930/0.450(0.927)
[1 1 0 0 0 0 1 1 1 0 0 0 1 0 0 0 1 1 1 0 0 0 0 1 0 1 0 0 1 1 1 0 0 1 1 0 0
 1 0 1 1 0 1 1 0 1 1 0 0 0 1 0 0 1 0 0 0 0 0 1 0 1 0 1 1 0 0 0 1 1 1 0 1 1
 0 0 0 1 1 1 0 0 0 0 0 0 0 0 0 0 1 1 0 1 1 0 0 0 0 1]
At 25601/30000: COST 0.176/2.279(0.208) -- Acc 0.960/0.430(0.921)
[0 1 0 0 1 1 0 1 0 0 0 0 0 0 0 1 0 1 0 1 0 0 1 0 1 0 0 1 1 0 1 1 1 1 0 0 0
 1 1 0 1 1 1 1 0 1 1 0 0 0 1 0 0 0 0 1 1 0 1 1 1 0 1 0 1 1 0 0 0 1 1 0 0 1
 0 1 0 0 1 1 0 1 1 1 0 0 1 0 0 0 1 1 1 0 0 0 1 0 0 1]
At 25701/30000: COST 0.191/2.158(0.203) -- Acc 0.920/0.460(0.923)
[0 1 1 0 0 1 1 0 0 0 0 0 1 1 0 0 1 0 0 1 1 1 1 0 1 0 1 0 1 0 1 0 1 0 0 0 0
 1 1 0 1 0 0 0 1 0 0 0 1 1 0 0 0 0 0 0 0 1 1 0 1 0 1 0 0 1 1 0 0 1 0 0 1 1
 1 0 0 1 1 0 1 1 1 0 0 0 1 0 1 0 1 0 1 1 0 1 0 0 0 1]
At 25801/30000: COST 0.171/2.322(0.172) -- Acc 0.950/0.450(0.935)
[0 0 1 0 0 1 0 0 0 0 0 1 0 1 1 1 0 1 0 1 1 0 0 1 0 1 1 1 0 0 0 0 0 0 0 0 1
 0 1 1 1 0 0 1 1 0 1 1 0 0 1 1 0 1 1 1 0 0 1 1 0 1 0 0 0 0 1 0 1 0 0 1 1 0
 0 0 1 1 1 1 1 1 0 0 0 0 0 1 1 1 0 1 1 0 1 0 0 0 0 0]
At 25901/30000: COST 0.140/2.341(0.161) -- Acc 0.930/0.480(0.941)
[1 1 0 1 1 1 0 0 0 0 0 1 1 0 1 0 1 0 0 0 0 0 1 0 1 0 0 1 1 0 0 1 0 1 1 0 1
 0 0 1 0 0 1 1 0 1 0 0 0 0 0 1 0 1 1 1 1 0 0 0 0 1 1 0 0 0 0 0 1 0 1 1 0 0
 0 1 1 0 1 0 0 1 1 0 1 0 0 0 0 0 0 0 1 0 1 0 0 0 0 0]
At 26001/30000: COST 0.093/2.461(0.161) -- Acc 0.960/0.460(0.941)
[0 0 1 0 1 0 1 1 0 0 0 0 0 0 0 0 1 0 1 0 0 1 0 0 1 1 1 0 0 0 1 0 1 1 0 0 0
 0 1 0 0 0 0 0 0 0 0 1 0 0 0 0 1 0 1 0 0 0 0 0 1 0 0 1 0 1 1 0 0 1 0 1 0 0
 1 0 1 0 1 0 0 0 1 1 1 0 1 0 0 1 0 0 1 0 0 1 1 1 1 0]
At 26101/30000: COST 0.203/2.640(0.174) -- Acc 0.900/0.410(0.935)
[1 0 1 0 1 1 0 0 1 0 0 0 1 1 0 0 0 1 0 1 0 0 0 1 1 1 1 0 1 0 1 0 1 1 1 0 0
 0 0 0 0 1 0 0 0 0 1 1 1 1 0 1 1 1 0 1 0 1 0 1 0 0 1 0 0 0 0 0 1 1 0 0 1 0
 0 0 1 0 0 1 0 1 0 1 1 0 1 0 1 1 0 0 0 1 1 0 0 0 0 0]
At 26201/30000: COST 0.260/2.067(0.181) -- Acc 0.890/0.440(0.931)
[1 0 0 0 1 0 0 0 1 1 0 1 0 0 1 0 1 0 0 1 0 0 0 0 1 1 1 1 0 0 0 1 1 0 0 0 0
 1 1 1 1 1 1 0 1 0 0 0 0 0 0 0 0 0 1 1 1 1 1 0 1 1 0 1 0 0 0 1 1 1 1 1 0 0
 0 1 0 1 1 0 0 0 1 0 0 0 0 0 0 1 1 1 0 1 0 0 1 0 1 0]
At 26301/30000: COST 0.145/2.393(0.173) -- Acc 0.970/0.470(0.933)
[1 1 1 0 1 0 1 1 0 0 1 0 1 1 1 1 1 0 1 1 1 1 0 1 1 0 0 1 1 0 0 0 0 1 1 1 1
 0 1 0 1 0 1 1 1 0 0 0 0 0 0 1 0 1 0 0 0 1 0 0 0 1 1 0 0 0 1 0 1 1 1 1 1 0
 0 0 0 0 0 1 1 1 0 1 0 0 0 1 0 1 0 1 0 0 0 0 0 0 0 1]
At 26401/30000: COST 0.148/2.269(0.182) -- Acc 0.950/0.410(0.932)
[0 1 1 0 0 0 1 1 1 1 0 1 1 0 0 0 0 0 0 1 0 0 0 0 0 0 0 0 1 0 0 0 0 0 1 0 0
 1 0 1 1 1 1 1 0 0 0 1 0 0 0 0 0 0 0 1 0 0 0 0 1 0 0 0 0 1 1 1 0 1 0 1 1 1
 0 0 1 0 0 1 0 0 1 1 0 0 1 0 1 1 0 0 0 1 0 1 0 0 0 0]
At 26501/30000: COST 0.198/2.248(0.191) -- Acc 0.920/0.510(0.928)
[0 1 0 1 1 1 1 1 1 0 0 0 1 0 0 1 0 1 1 0 1 0 1 1 0 0 0 0 1 0 0 1 0 1 0 1 0
 1 1 0 0 0 0 1 0 1 1 0 1 0 1 0 0 1 0 0 0 0 0 0 0 0 1 0 1 0 0 0 1 0 0 0 1 0
 0 0 0 0 0 1 1 0 0 0 1 0 0 0 1 0 1 0 0 1 1 0 1 0 0 1]
At 26601/30000: COST 0.176/2.186(0.203) -- Acc 0.940/0.420(0.924)
[0 0 0 0 1 0 0 1 1 1 1 1 0 0 0 0 0 1 0 0 0 0 1 1 1 0 0 1 0 1 0 0 1 0 0 1 0
 0 0 1 0 0 1 0 1 0 1 0 0 1 1 0 0 1 1 1 1 0 1 1 0 0 0 0 0 1 0 1 0 0 1 0 1 0
 1 0 0 1 1 1 1 0 1 0 0 1 0 0 0 1 0 0 0 0 0 0 0 0 1 1]
At 26701/30000: COST 0.229/2.338(0.192) -- Acc 0.910/0.430(0.926)
[1 0 0 0 0 1 1 0 0 1 1 0 0 1 0 0 1 1 0 0 0 1 0 0 0 1 1 0 0 0 0 0 0 0 0 1 1
 0 0 0 1 0 0 1 1 1 0 0 0 1 0 0 1 0 0 0 0 1 0 0 0 0 1 1 0 0 1 0 1 1 0 0 1 0
 0 0 1 1 1 1 1 0 1 0 0 1 1 1 0 0 0 1 0 1 0 0 1 1 1 1]
At 26801/30000: COST 0.289/2.365(0.183) -- Acc 0.900/0.460(0.932)
[1 1 0 0 1 0 0 1 0 1 0 0 0 1 0 1 1 0 0 0 0 1 0 0 1 1 0 1 0 0 1 0 1 0 0 0 1
 1 1 1 0 1 0 1 1 0 0 0 1 1 0 0 0 1 1 1 0 1 0 0 0 0 0 0 1 0 1 0 0 0 0 0 0 1
 1 0 0 1 0 0 1 1 1 1 0 1 0 1 1 0 1 0 0 0 0 1 1 0 1 0]
At 26901/30000: COST 0.148/2.240(0.203) -- Acc 0.960/0.460(0.925)
[0 0 0 0 1 0 1 0 0 0 0 1 0 1 0 0 0 1 1 1 1 0 0 1 0 1 0 0 1 0 0 0 1 0 0 0 0
 1 1 1 1 0 1 0 0 0 0 0 0 1 0 1 0 1 1 0 0 1 1 1 0 1 1 0 1 0 1 0 0 0 0 0 1 0
 0 0 1 0 1 1 0 0 0 0 0 0 0 0 0 0 1 1 1 1 1 1 0 0 1 0]
At 27001/30000: COST 0.179/2.104(0.189) -- Acc 0.920/0.460(0.929)
[0 0 1 0 0 0 1 0 0 1 0 1 0 0 0 1 1 0 1 0 1 0 0 0 1 1 1 1 1 0 0 0 0 0 1 0 1
 1 0 0 1 1 0 1 1 1 0 1 0 0 0 0 0 0 0 0 1 1 0 1 1 0 1 0 1 1 0 0 0 0 1 1 0 1
 0 0 0 0 1 1 0 0 0 1 0 1 0 0 0 0 0 0 1 0 1 0 1 0 0 1]
At 27101/30000: COST 0.191/2.174(0.198) -- Acc 0.920/0.470(0.926)
[1 0 1 0 0 0 1 0 1 0 1 1 0 0 0 0 1 0 0 0 1 0 1 0 1 0 0 0 1 0 0 1 0 0 1 0 0
 1 1 0 1 0 1 0 1 1 0 0 1 0 0 1 0 0 1 0 0 0 1 1 0 0 1 1 0 0 0 1 0 1 1 0 0 0
 0 1 1 0 0 0 0 0 0 1 1 0 1 0 0 0 1 0 0 1 0 1 0 0 1 0]
At 27201/30000: COST 0.190/2.068(0.205) -- Acc 0.910/0.470(0.922)
[1 0 0 0 0 1 0 0 0 0 1 0 0 0 1 1 0 1 0 0 0 1 0 0 1 0 0 1 1 0 1 1 0 0 1 1 0
 0 0 0 0 0 0 1 1 0 1 1 0 0 1 1 1 1 1 0 1 1 0 1 0 1 0 0 0 0 1 1 0 0 0 1 1 0
 1 0 1 0 0 1 1 1 0 0 0 1 0 0 1 0 0 0 0 1 1 0 0 0 0 0]
At 27301/30000: COST 0.285/1.845(0.220) -- Acc 0.920/0.430(0.919)
[1 0 0 0 0 0 0 1 1 0 1 0 1 1 1 0 0 1 1 1 1 0 0 1 0 1 1 1 0 0 1 0 0 1 1 0 1
 0 0 1 1 0 1 1 0 0 0 1 1 1 0 0 0 0 0 1 1 0 1 0 1 0 1 0 0 0 0 1 1 0 1 1 0 0
 0 0 0 1 0 1 1 0 0 0 0 0 0 1 0 1 1 1 0 1 0 1 0 0 0 1]
At 27401/30000: COST 0.202/1.743(0.247) -- Acc 0.940/0.460(0.906)
[1 1 0 1 0 0 0 0 0 1 0 0 1 0 0 1 1 1 0 0 1 0 0 0 0 0 1 0 1 1 0 0 0 1 1 1 0
 0 1 0 1 0 0 0 0 1 0 0 0 0 1 1 0 0 0 1 1 0 1 1 1 0 0 0 0 1 0 1 1 1 0 1 0 0
 1 0 0 0 1 0 0 0 0 0 0 0 0 1 1 0 0 0 0 0 0 0 1 0 0 1]
At 27501/30000: COST 0.270/2.076(0.225) -- Acc 0.930/0.410(0.914)
[1 1 0 0 0 0 1 0 1 1 1 1 0 0 1 0 0 0 1 1 0 0 1 0 1 1 1 1 0 0 0 1 0 0 1 0 0
 1 1 1 0 0 0 0 1 1 1 0 0 0 0 1 0 1 1 0 0 0 0 1 1 0 1 0 0 0 0 1 0 0 1 0 1 0
 0 0 1 1 0 0 0 0 1 0 0 0 1 1 1 1 0 0 1 0 0 0 0 1 0 0]
At 27601/30000: COST 0.374/1.793(0.220) -- Acc 0.880/0.500(0.917)
[0 1 0 0 1 0 1 0 1 0 0 1 0 0 0 0 1 0 1 0 0 1 0 1 1 0 0 1 1 1 1 1 1 1 1 1 1
 0 1 1 0 0 1 0 0 0 1 1 1 0 1 0 0 0 0 0 0 0 1 1 0 0 0 1 0 1 0 0 1 0 0 0 1 0
 0 1 0 0 0 0 1 0 0 1 1 0 0 1 0 0 0 0 0 1 1 0 1 0 0 0]
At 27701/30000: COST 0.202/1.699(0.204) -- Acc 0.930/0.480(0.921)
[1 0 0 0 0 1 0 0 1 0 0 0 0 0 1 0 0 0 0 0 0 0 0 0 0 0 1 0 0 1 1 1 0 0 1 1 1
 0 0 1 1 0 1 1 1 1 0 0 1 0 0 1 1 0 0 1 1 1 0 1 0 0 1 0 1 0 0 0 0 0 0 0 0 1
 1 0 0 0 1 1 1 0 1 0 1 0 1 0 0 0 0 1 0 0 0 0 1 1 0 0]
At 27801/30000: COST 0.183/2.157(0.217) -- Acc 0.930/0.440(0.919)
[1 1 1 1 0 1 1 0 1 1 0 0 0 0 0 0 1 0 0 1 0 0 0 0 0 0 0 1 1 1 0 1 0 1 1 0 0
 0 0 1 0 0 1 0 1 0 0 0 0 1 0 0 0 0 0 0 1 1 1 1 1 1 1 1 0 0 1 1 1 0 1 0 1 0
 0 0 1 0 0 1 0 1 0 1 0 0 1 0 0 0 0 1 1 0 0 0 1 1 0 0]
At 27901/30000: COST 0.241/1.669(0.230) -- Acc 0.930/0.530(0.911)
[1 1 1 1 0 1 0 0 0 0 0 0 0 1 0 1 1 0 0 0 1 1 0 0 0 0 0 0 0 0 0 1 1 1 0 0 1
 1 0 1 1 1 0 0 1 1 1 1 0 0 0 0 0 0 0 1 1 0 0 1 0 1 0 0 0 0 1 1 1 0 1 0 0 1
 1 1 0 0 0 1 1 1 1 1 1 1 0 1 0 0 0 0 0 1 0 1 0 0 1 0]
At 28001/30000: COST 0.183/1.842(0.241) -- Acc 0.950/0.510(0.906)
[0 0 1 0 1 0 0 1 0 1 0 1 0 0 1 0 0 0 1 0 0 0 0 0 1 1 1 1 1 1 1 1 0 0 0 0 1
 0 0 1 0 0 0 0 0 0 0 0 1 1 0 1 0 0 0 0 0 0 0 0 0 1 0 1 1 0 0 0 1 1 0 1 1 0
 0 0 1 1 1 0 1 0 0 0 0 1 0 1 1 1 1 0 1 0 0 0 1 0 0 0]
At 28101/30000: COST 0.352/1.571(0.250) -- Acc 0.860/0.470(0.903)
[0 0 0 1 1 0 0 1 0 0 0 1 1 1 1 1 0 0 0 0 0 1 0 1 0 0 1 1 0 0 0 1 1 0 0 0 0
 1 1 1 0 1 1 0 0 1 0 1 0 1 1 1 1 0 0 1 0 1 1 0 0 0 1 1 0 0 1 0 1 0 0 1 0 1
 0 0 1 1 1 0 0 0 1 0 0 1 1 0 0 1 0 0 1 1 0 0 1 0 0 1]
At 28201/30000: COST 0.183/1.743(0.244) -- Acc 0.920/0.480(0.905)
[1 0 1 1 0 1 1 0 0 1 0 0 0 1 1 1 0 1 1 0 0 1 0 1 0 1 0 0 0 1 0 0 0 1 1 1 1
 0 1 0 0 0 0 0 0 0 1 0 0 1 0 0 1 0 1 1 1 1 0 1 1 0 0 1 0 0 0 1 1 0 0 0 1 1
 1 1 0 0 0 1 0 0 0 1 0 1 0 0 1 0 1 1 0 1 0 1 0 0 0 1]
At 28301/30000: COST 0.329/1.912(0.247) -- Acc 0.840/0.440(0.903)
[1 1 1 1 1 1 1 1 1 0 1 0 0 1 0 0 0 1 0 1 0 1 1 1 1 0 0 1 0 1 0 1 1 1 0 0 1
 0 1 0 0 0 0 1 0 1 1 0 1 0 1 0 0 0 0 1 0 1 1 0 0 0 1 1 0 0 0 0 0 1 0 0 1 0
 0 1 1 0 1 0 0 0 1 1 1 0 0 0 0 1 0 0 0 0 1 1 1 0 1 0]
At 28401/30000: COST 0.186/1.630(0.260) -- Acc 0.950/0.480(0.896)
[0 0 0 1 1 0 1 0 1 0 0 1 0 1 0 0 0 0 0 0 1 0 1 1 0 0 0 1 1 0 0 0 1 1 0 1 0
 0 0 1 1 1 0 1 0 0 1 1 0 1 0 1 0 1 0 0 0 0 0 0 1 0 1 0 0 1 1 1 0 0 1 1 0 0
 1 1 0 0 1 0 0 1 0 1 1 0 1 1 1 1 1 0 0 0 0 1 0 0 1 1]
At 28501/30000: COST 0.160/1.673(0.264) -- Acc 0.960/0.470(0.897)
[1 1 1 0 1 0 0 0 1 1 1 0 0 1 0 0 0 1 1 0 1 0 1 1 1 1 1 1 1 0 0 0 1 1 0 0 0
 1 0 1 1 1 1 1 1 1 1 1 0 0 1 0 0 0 0 1 1 0 0 0 0 0 0 1 0 1 0 1 1 0 0 0 1 1
 0 1 0 0 0 0 0 0 0 0 1 0 0 0 1 1 0 0 0 0 0 0 1 0 1 0]
At 28601/30000: COST 0.314/1.538(0.267) -- Acc 0.880/0.520(0.894)
[0 0 0 0 1 1 0 0 1 1 0 1 1 1 0 0 1 1 1 0 1 1 0 1 1 1 1 0 1 0 0 0 0 0 0 0 1
 1 1 0 1 1 0 0 1 1 1 1 0 1 1 0 0 1 0 1 1 0 0 0 1 1 1 0 0 0 0 0 1 0 1 0 0 0
 1 1 1 1 1 1 0 0 0 0 0 0 0 1 0 1 0 0 0 0 1 0 1 0 0 0]
At 28701/30000: COST 0.273/1.693(0.272) -- Acc 0.880/0.430(0.892)
[1 0 1 0 1 0 0 1 1 1 0 1 0 1 1 1 1 1 0 0 0 0 0 0 0 1 1 0 0 0 0 0 0 1 1 1 0
 0 1 0 0 1 1 0 0 0 0 0 0 1 0 1 1 1 1 0 0 1 1 0 1 1 0 0 1 0 0 0 1 0 1 1 0 1
 1 1 1 1 0 1 0 1 1 1 0 0 0 1 1 1 0 0 0 1 0 0 0 0 0 0]
At 28801/30000: COST 0.284/1.880(0.276) -- Acc 0.890/0.430(0.890)
[0 0 0 0 0 1 0 0 0 0 1 1 0 0 1 0 0 0 1 1 0 1 1 1 1 0 1 1 0 1 1 1 1 1 1 0 0
 1 1 1 0 0 1 1 0 0 0 0 0 1 1 1 1 0 0 0 1 1 0 0 1 0 1 0 0 1 0 0 1 0 1 1 0 0
 0 0 1 1 1 0 1 1 0 0 1 0 0 1 1 0 1 1 0 0 1 0 1 0 0 0]
At 28901/30000: COST 0.230/1.886(0.278) -- Acc 0.920/0.380(0.889)
[0 0 0 0 1 0 0 1 0 1 1 0 1 1 0 0 1 1 1 0 0 1 0 0 0 1 0 0 0 0 1 0 0 1 1 0 1
 0 1 0 1 1 0 1 0 1 0 0 1 0 1 0 0 0 1 1 0 1 0 1 0 0 0 0 0 0 1 0 0 0 0 1 1 0
 0 1 0 1 0 0 1 0 0 1 1 0 1 1 1 0 1 1 0 0 0 1 1 0 0 0]
At 29001/30000: COST 0.285/1.577(0.292) -- Acc 0.860/0.460(0.884)
[0 1 1 0 0 1 0 1 1 0 0 0 1 1 0 1 1 1 1 1 1 1 0 1 1 0 0 1 1 1 1 0 0 0 0 1 0
 1 0 1 0 0 1 0 0 0 0 0 1 1 0 1 1 0 0 0 0 1 1 1 1 0 0 0 1 0 0 0 0 0 0 1 1 0
 0 0 0 0 1 0 0 0 0 1 0 1 0 0 0 0 1 1 0 0 0 1 0 0 0 1]
At 29101/30000: COST 0.253/1.709(0.293) -- Acc 0.880/0.370(0.883)
[0 1 0 1 0 1 0 0 1 1 1 0 1 0 1 0 0 1 0 0 0 0 1 0 0 0 0 1 0 1 1 0 0 1 1 0 0
 1 1 0 1 0 0 1 1 0 1 0 1 0 1 0 0 0 1 0 0 0 1 0 1 0 1 0 1 0 0 0 1 0 1 0 1 0
 0 0 1 0 0 1 1 1 1 0 1 0 1 1 1 1 0 0 0 0 1 0 1 0 0 1]
At 29201/30000: COST 0.401/1.569(0.312) -- Acc 0.840/0.430(0.876)
[1 1 0 0 0 1 0 1 0 1 1 1 1 0 1 0 0 0 1 0 1 1 1 0 0 0 0 0 1 0 0 0 0 0 0 1 0
 1 1 0 0 1 1 1 0 0 0 0 0 0 0 1 0 0 0 1 1 1 1 0 1 1 0 0 0 0 0 1 0 1 1 1 1 0
 0 0 0 1 0 1 1 0 0 0 0 0 0 1 0 0 1 1 1 0 1 1 1 1 0 0]
At 29301/30000: COST 0.305/1.465(0.315) -- Acc 0.890/0.420(0.872)
[0 1 0 1 1 1 1 0 0 1 0 0 1 1 0 0 1 0 0 1 0 0 0 0 0 0 0 0 0 1 1 1 1 1 0 1 1
 1 0 0 0 0 0 1 0 1 1 1 1 0 0 0 0 1 0 0 1 1 0 1 1 0 1 1 1 0 0 1 1 1 1 0 1 1
 0 1 0 1 0 0 1 0 1 1 0 0 0 1 0 0 1 1 0 1 1 1 0 0 1 1]
At 29401/30000: COST 0.305/1.275(0.329) -- Acc 0.880/0.490(0.862)
[1 0 0 1 1 0 1 1 0 0 1 1 0 0 0 0 1 0 0 0 1 1 0 1 1 1 1 1 1 0 1 0 0 0 0 0 1
 1 1 0 0 0 1 0 1 0 0 0 0 0 0 0 1 0 1 0 0 0 1 1 0 1 1 1 1 0 0 1 0 1 1 0 1 1
 0 0 1 0 0 0 1 0 0 1 0 0 1 1 0 0 0 1 1 0 0 0 1 1 1 1]
At 29501/30000: COST 0.340/1.393(0.341) -- Acc 0.870/0.470(0.857)
[0 0 1 0 0 1 0 1 1 0 0 0 0 0 0 0 0 0 1 1 1 0 0 1 1 0 0 0 1 0 1 0 1 0 1 0 0
 1 0 1 1 0 1 0 1 1 1 1 0 1 0 0 0 1 0 1 1 0 1 0 1 1 1 1 0 0 1 1 0 0 0 1 0 0
 0 0 0 1 0 1 1 1 1 0 0 0 0 0 1 1 0 0 1 1 1 1 1 1 0 0]
At 29601/30000: COST 0.205/1.387(0.326) -- Acc 0.950/0.510(0.865)
[0 0 0 1 0 0 0 0 0 1 0 1 1 0 1 0 0 1 0 0 0 0 0 1 1 1 0 0 0 0 0 0 0 0 1 1 1
 0 0 0 1 1 0 1 1 0 0 0 0 0 1 0 1 0 1 0 0 1 1 0 0 0 1 0 0 1 0 1 1 1 1 1 1 1
 0 0 0 0 0 1 1 1 0 1 1 1 1 0 1 1 0 1 1 0 0 0 0 1 1 0]
At 29701/30000: COST 0.604/1.321(0.343) -- Acc 0.730/0.500(0.856)
[0 1 1 1 0 0 0 0 0 0 0 1 0 1 1 1 1 0 1 0 0 0 0 0 1 1 0 0 1 1 1 1 0 1 1 1 0
 0 1 0 0 1 1 1 1 0 0 0 0 0 1 0 1 0 0 1 1 0 0 1 0 1 1 1 0 1 1 1 0 0 1 0 1 0
 1 0 1 0 1 0 1 1 1 0 0 0 0 1 1 0 0 0 1 1 0 0 1 0 1 1]
At 29801/30000: COST 0.336/1.314(0.353) -- Acc 0.880/0.440(0.854)
[0 0 1 1 1 1 0 1 0 1 1 1 0 0 0 1 0 1 0 1 1 1 0 0 1 0 1 1 0 1 0 0 1 1 1 1 0
 1 0 0 1 1 0 1 1 1 0 0 1 1 1 0 0 0 1 1 0 0 0 0 0 0 1 1 0 1 0 0 0 0 0 0 1 1
 0 1 1 1 1 1 0 0 0 1 0 0 0 0 0 1 0 1 1 1 0 0 0 0 0 1]
At 29901/30000: COST 0.436/1.177(0.350) -- Acc 0.770/0.510(0.853)
