Train 1155 samples in approximately 2597 epochs
Finished computation graph
[0 0 1 0 0 0 0 1 0 1 1 0 0 0 1 0 1 1 1 1 1 1 1 1 1 1 0 0 0 1 1 0 1 0 0 1 0
 1 0 1 1 1 0 1 0 1 1 0 1 0 1 0 1 1 0 0 0 1 1 1 0 0 0 0 1 0 1 1 1 0 0 0 0 1
 1 0 0 1 0 1 0 0 1 0 1 0 0 0 1 0 1 1 0 1 0 0 1 1 1 0]
At     1/30000: COST 0.721/0.721(0.693) -- Acc 0.460/0.430(0.010)
[1 0 1 0 1 0 1 0 0 0 1 1 1 1 0 1 0 0 1 0 1 1 0 1 1 0 0 0 1 0 0 1 0 1 1 1 0
 0 0 0 0 0 0 1 0 0 1 0 0 1 0 0 1 0 1 0 0 0 0 0 1 1 0 1 0 1 0 0 1 0 1 1 0 0
 0 0 0 1 1 0 0 0 0 0 0 0 0 0 0 0 1 0 0 0 0 1 1 0 0 0]
At   101/30000: COST 0.686/0.690(0.693) -- Acc 0.520/0.550(0.344)
[1 1 1 0 1 1 1 0 0 1 0 1 1 1 1 0 1 1 0 1 1 0 0 1 1 1 1 0 1 1 1 1 1 1 1 1 1
 0 0 0 1 1 1 1 1 1 0 0 1 0 0 1 0 1 1 1 1 1 1 1 1 1 1 0 1 0 0 0 1 0 1 1 1 0
 1 1 1 1 0 1 0 1 1 0 0 0 0 1 1 1 1 0 1 1 1 1 1 1 0 1]
At   201/30000: COST 0.659/0.699(0.679) -- Acc 0.670/0.540(0.496)
[1 1 1 0 1 1 0 1 1 0 0 0 1 0 0 1 0 0 1 1 1 0 1 1 0 1 1 1 0 0 0 0 0 1 0 1 1
 1 0 1 0 0 0 1 1 1 1 1 0 1 1 1 0 0 0 1 1 1 1 1 1 1 1 1 0 1 0 1 0 0 1 0 0 1
 1 0 0 0 1 1 0 1 0 1 1 0 0 1 0 1 1 1 0 1 1 0 0 0 0 1]
At   301/30000: COST 0.641/0.802(0.653) -- Acc 0.640/0.530(0.581)
[0 1 0 0 0 1 0 0 0 1 0 1 0 1 0 0 1 1 1 1 1 1 1 1 1 0 1 1 1 0 1 1 0 1 0 1 1
 1 0 1 1 0 0 0 0 0 0 0 1 1 0 1 0 1 1 1 1 1 1 0 0 1 1 1 0 0 1 1 1 0 0 1 1 1
 1 1 0 1 0 1 1 1 0 1 1 0 1 1 1 1 0 1 1 0 1 0 1 0 0 0]
At   401/30000: COST 0.653/0.876(0.607) -- Acc 0.640/0.500(0.653)
[0 1 1 1 1 1 1 0 1 0 0 0 0 1 0 0 1 0 1 1 1 0 1 0 0 1 1 0 0 1 0 1 0 0 1 0 1
 1 1 1 1 0 0 1 0 0 0 0 1 1 1 1 1 0 0 0 1 1 1 0 1 0 1 1 1 1 0 0 1 1 1 1 1 1
 0 0 1 0 0 0 0 1 0 0 0 0 0 1 1 1 0 1 1 1 1 1 1 0 1 1]
At   501/30000: COST 0.599/0.864(0.562) -- Acc 0.690/0.530(0.700)
[0 1 1 1 0 1 1 1 1 0 0 0 1 0 1 0 1 0 1 1 1 1 0 1 0 0 0 0 1 1 0 1 0 0 0 1 0
 1 1 0 0 1 1 1 0 0 0 0 0 0 0 1 1 0 1 0 0 1 0 1 1 1 1 1 0 0 1 1 0 1 0 1 1 0
 0 1 1 0 1 1 0 0 0 1 1 1 1 1 1 1 0 0 0 1 0 0 0 1 0 1]
At   601/30000: COST 0.459/1.166(0.485) -- Acc 0.780/0.530(0.758)
[0 1 0 1 0 1 1 0 1 1 1 0 1 0 0 0 1 0 1 1 1 1 1 0 0 1 1 1 0 1 1 1 1 1 0 1 1
 1 0 0 1 0 0 1 0 0 0 0 1 1 1 0 0 0 0 1 1 1 0 0 0 1 1 1 1 1 1 0 0 0 1 1 1 1
 1 0 0 1 0 1 0 1 0 0 1 0 0 1 0 1 1 1 1 0 1 1 1 1 1 1]
At   701/30000: COST 0.365/1.470(0.411) -- Acc 0.850/0.520(0.804)
[0 1 1 1 0 0 1 1 0 0 1 1 0 1 1 1 0 1 0 0 0 0 1 1 0 1 1 1 1 0 1 0 1 1 0 0 0
 0 1 1 1 1 1 1 0 1 0 0 0 1 1 1 1 0 1 1 1 1 1 1 1 1 1 0 1 1 0 0 1 1 1 0 1 1
 1 1 0 1 0 1 0 1 1 1 1 1 0 1 1 0 1 0 0 1 1 1 0 1 0 0]
At   801/30000: COST 0.261/1.775(0.347) -- Acc 0.890/0.500(0.840)
[1 1 0 1 1 1 0 1 1 0 1 0 1 1 0 0 1 1 1 0 0 1 1 1 1 1 0 0 0 0 1 1 0 1 1 0 1
 0 0 1 0 1 1 0 1 1 1 1 0 0 0 1 1 1 0 1 1 1 0 1 0 1 1 1 1 1 1 1 1 0 1 1 0 1
 1 1 1 1 1 1 0 0 1 1 1 1 1 1 1 0 1 1 1 0 1 1 0 0 1 0]
At   901/30000: COST 0.238/1.710(0.290) -- Acc 0.920/0.580(0.872)
[0 0 1 1 1 0 1 0 1 0 1 1 1 0 0 0 1 1 1 1 0 0 1 0 1 0 1 1 1 1 1 1 0 0 1 1 0
 1 0 0 1 1 0 0 1 0 1 1 0 1 0 0 0 1 1 1 0 1 1 1 1 1 1 1 1 0 0 0 0 1 0 1 1 0
 0 1 1 0 1 1 0 1 0 0 1 1 1 0 0 1 0 0 1 1 1 0 1 0 1 1]
At  1001/30000: COST 0.139/1.920(0.243) -- Acc 0.920/0.550(0.897)
[1 1 1 1 0 1 1 1 0 0 1 1 1 0 1 0 0 0 1 1 1 1 0 1 0 1 0 1 1 1 1 0 1 0 0 1 0
 0 0 1 1 1 1 0 1 0 0 1 1 0 0 1 1 1 1 1 0 0 1 1 1 0 0 1 1 1 0 1 0 1 1 0 0 1
 1 1 1 1 1 0 1 0 1 1 1 1 1 0 0 1 0 1 1 0 1 0 1 1 1 1]
At  1101/30000: COST 0.154/2.048(0.203) -- Acc 0.940/0.610(0.915)
[0 0 1 1 0 1 1 1 1 0 1 0 1 1 0 1 0 0 0 1 0 1 1 1 1 1 1 1 1 1 1 0 0 0 1 0 1
 1 1 0 1 1 1 0 1 1 0 1 1 1 0 0 1 1 1 1 0 1 1 1 1 1 1 0 1 1 0 1 1 1 0 1 1 1
 0 1 1 1 0 0 1 1 1 0 1 1 1 0 0 1 0 1 0 1 1 0 1 1 0 1]
At  1201/30000: COST 0.130/2.391(0.164) -- Acc 0.950/0.560(0.933)
[0 0 1 0 1 1 0 1 0 0 1 1 0 0 1 0 1 1 1 1 1 1 1 1 0 1 1 0 0 1 1 1 0 1 1 0 0
 0 0 0 1 0 1 0 0 0 1 0 0 0 0 1 0 1 1 1 0 1 1 1 1 1 0 0 1 1 0 1 1 1 1 0 1 1
 1 0 1 0 1 1 1 1 1 0 1 0 0 0 1 0 1 0 0 0 0 0 1 0 0 1]
At  1301/30000: COST 0.246/1.940(0.168) -- Acc 0.930/0.530(0.931)
[1 0 1 1 0 1 0 1 1 1 1 0 1 1 1 1 1 1 1 0 0 1 0 0 0 1 0 1 1 0 0 0 1 0 0 1 0
 1 1 1 0 1 1 0 1 0 1 1 1 0 1 1 1 0 0 1 1 1 1 1 1 0 0 1 1 0 1 1 1 1 1 0 1 1
 0 1 1 0 1 1 1 1 0 1 1 0 1 1 0 0 0 1 0 0 0 1 0 1 1 0]
At  1401/30000: COST 0.161/2.263(0.145) -- Acc 0.930/0.610(0.942)
[1 0 1 1 0 0 1 1 1 1 1 0 0 0 0 1 1 1 1 1 0 0 1 1 1 1 1 0 1 1 1 1 1 0 1 0 1
 1 1 0 1 0 1 0 0 0 1 0 1 1 0 1 1 1 0 1 1 1 0 1 0 0 0 1 1 1 1 1 1 0 1 0 1 1
 1 1 0 1 1 1 1 1 1 1 1 1 1 1 1 1 0 0 1 0 1 1 1 1 1 0]
At  1501/30000: COST 0.110/2.666(0.116) -- Acc 0.970/0.540(0.956)
[0 1 1 1 1 1 1 1 0 0 1 1 1 1 1 1 1 1 1 0 1 1 1 1 1 0 0 1 1 1 0 0 1 1 0 1 1
 0 0 1 1 1 1 1 1 1 0 1 1 0 0 0 1 0 1 0 1 0 1 0 1 0 1 1 1 0 0 1 1 1 0 1 1 1
 0 0 1 1 1 1 0 0 1 0 1 1 1 1 1 0 1 1 0 1 0 0 1 1 1 1]
At  1601/30000: COST 0.082/2.322(0.101) -- Acc 0.970/0.570(0.962)
[1 0 0 1 0 0 1 1 0 1 0 1 0 1 0 1 1 1 1 0 1 0 1 1 1 1 1 0 1 0 0 1 0 0 0 0 0
 0 0 1 0 1 1 0 1 0 0 0 0 1 1 0 0 0 1 0 1 0 1 0 1 1 1 1 1 0 0 1 1 0 1 1 0 0
 0 1 0 0 0 1 0 1 0 0 1 1 1 1 1 1 0 1 1 1 1 1 1 0 1 0]
At  1701/30000: COST 0.151/2.188(0.130) -- Acc 0.960/0.580(0.956)
[1 1 1 1 0 0 1 1 0 1 1 0 1 0 1 0 1 1 1 1 0 1 1 1 1 1 0 1 1 0 1 0 0 0 1 1 1
 0 1 1 1 1 0 1 0 0 1 1 1 1 0 0 1 0 0 1 0 0 1 1 1 1 0 1 0 1 0 0 1 0 1 1 1 0
 1 1 1 1 1 1 1 1 1 0 1 0 1 1 0 1 1 0 0 1 0 1 0 0 1 1]
At  1801/30000: COST 0.100/2.612(0.105) -- Acc 0.960/0.530(0.963)
[0 0 1 0 1 1 0 1 0 0 1 1 1 1 0 0 0 1 1 0 1 1 1 0 1 0 1 0 1 0 0 1 1 1 0 0 1
 1 1 1 1 1 0 1 0 1 0 0 0 1 1 1 0 1 0 1 1 1 0 1 1 1 1 1 0 1 1 1 1 1 0 1 1 1
 1 1 1 1 0 1 1 0 1 0 1 1 1 1 1 1 0 0 1 1 0 1 0 0 1 0]
At  1901/30000: COST 0.087/2.796(0.082) -- Acc 0.970/0.530(0.971)
[1 1 1 1 0 1 1 1 1 0 0 1 1 0 0 0 1 1 0 1 1 0 1 0 0 1 0 1 1 1 0 1 0 1 1 0 1
 0 1 1 1 0 0 0 0 1 0 1 0 1 1 1 1 1 1 1 1 1 1 0 1 1 0 0 0 1 0 0 0 1 1 0 0 0
 1 1 1 0 1 0 1 1 1 1 1 1 0 0 1 0 0 0 0 0 1 1 0 1 0 0]
At  2001/30000: COST 0.040/2.918(0.073) -- Acc 0.990/0.520(0.976)
[1 1 1 1 0 1 1 1 0 1 0 0 1 0 1 0 1 1 0 1 0 1 1 1 1 0 0 1 0 1 1 0 0 1 0 1 1
 1 1 1 1 1 0 0 1 0 0 0 1 1 1 1 0 1 0 1 1 1 1 0 0 1 1 1 1 1 0 1 1 0 1 1 1 1
 1 1 0 1 0 0 1 0 1 1 0 0 0 1 0 1 0 1 0 1 1 1 1 1 1 1]
At  2101/30000: COST 0.078/2.721(0.092) -- Acc 0.970/0.480(0.970)
[0 0 1 0 1 1 1 1 1 0 0 1 1 0 0 1 1 0 1 0 1 1 1 1 0 1 1 1 0 1 0 1 1 1 0 0 0
 1 1 0 1 1 0 0 0 0 1 0 1 0 1 1 1 1 1 1 0 1 1 1 0 1 1 1 1 1 1 0 0 1 1 1 1 0
 1 1 1 1 1 1 1 1 1 0 1 0 0 1 0 1 0 1 1 1 0 0 0 1 0 0]
At  2201/30000: COST 0.030/2.713(0.085) -- Acc 0.990/0.560(0.971)
[1 0 1 1 1 1 1 0 1 1 1 1 0 1 0 1 1 1 1 1 1 1 1 0 0 0 0 0 0 1 0 0 1 1 1 1 0
 0 0 0 1 1 0 1 1 0 1 0 0 1 1 1 0 1 0 1 1 1 1 1 1 0 0 1 0 0 1 0 0 1 1 0 0 0
 1 1 0 1 1 0 0 1 1 0 1 0 0 1 1 0 0 1 0 0 1 1 0 0 1 1]
At  2301/30000: COST 0.031/3.097(0.070) -- Acc 1.000/0.500(0.977)
[0 0 0 1 0 1 0 1 1 0 0 1 1 1 1 0 0 0 0 0 0 1 1 1 1 1 0 0 1 1 1 0 0 0 1 1 0
 1 0 0 1 1 1 1 0 1 0 0 1 1 0 1 0 1 0 0 1 1 0 0 1 1 1 1 0 0 1 0 0 0 0 1 0 0
 0 1 1 0 1 0 1 0 1 0 0 1 0 0 1 0 1 1 0 1 1 1 0 1 0 0]
At  2401/30000: COST 0.059/2.992(0.073) -- Acc 0.980/0.500(0.975)
[1 0 1 1 0 1 0 0 0 1 0 1 1 0 0 1 0 1 0 1 1 1 1 0 1 1 1 0 1 0 1 1 0 0 1 0 0
 1 0 0 1 0 0 1 0 0 1 0 1 1 0 0 1 0 1 1 0 0 1 0 1 0 0 1 1 0 0 1 1 1 0 1 0 1
 0 1 0 1 1 0 1 0 0 0 1 1 1 0 0 1 0 0 1 1 0 1 0 1 1 1]
At  2501/30000: COST 0.248/3.364(0.092) -- Acc 0.920/0.470(0.971)
[0 1 1 0 1 0 0 0 1 0 0 0 1 1 0 1 1 0 1 0 1 1 0 0 0 1 1 1 0 0 1 1 1 1 1 0 1
 1 0 0 1 1 0 0 1 1 1 1 0 1 1 1 0 0 1 1 0 1 1 0 1 1 0 1 1 1 1 1 1 1 0 1 0 0
 0 1 1 0 1 1 1 1 1 0 1 1 0 0 1 0 1 1 1 1 1 0 1 1 1 0]
At  2601/30000: COST 0.091/2.533(0.104) -- Acc 0.960/0.530(0.968)
[0 0 1 0 0 0 0 1 1 1 0 0 1 1 1 0 1 0 0 1 1 0 0 1 0 1 0 1 0 0 1 0 1 0 0 0 0
 1 0 0 0 0 1 0 1 1 0 1 0 1 0 1 1 0 0 1 1 1 0 1 1 1 0 1 0 1 1 1 1 1 0 0 1 1
 1 1 1 0 1 0 0 1 1 0 1 1 0 0 1 1 1 1 1 1 0 0 0 0 0 1]
At  2701/30000: COST 0.041/2.669(0.089) -- Acc 0.980/0.550(0.969)
[1 1 0 1 0 0 0 1 1 0 1 1 1 0 0 0 0 0 0 0 0 1 0 1 1 0 0 0 0 0 1 0 0 1 0 1 0
 1 1 1 1 1 0 1 1 0 0 1 0 1 0 1 1 1 1 1 0 1 1 0 1 0 1 0 0 1 0 1 1 0 1 1 1 1
 0 0 0 1 0 1 0 1 1 1 1 0 0 0 1 1 0 0 1 0 0 0 1 1 1 1]
At  2801/30000: COST 0.052/3.024(0.068) -- Acc 0.980/0.530(0.977)
[1 1 0 0 1 0 1 1 0 1 1 1 1 1 0 1 0 0 1 1 1 0 0 0 0 1 0 1 1 0 1 0 0 1 1 0 1
 1 0 0 1 1 1 0 0 0 0 0 1 1 0 0 1 0 0 1 0 0 1 1 1 0 0 0 0 1 0 1 0 0 0 1 1 1
 0 1 1 0 1 0 1 0 0 1 0 1 0 0 0 1 1 0 1 1 0 0 1 0 1 0]
At  2901/30000: COST 0.117/2.936(0.074) -- Acc 0.970/0.480(0.976)
[1 1 1 1 1 1 1 0 1 1 0 0 1 0 0 0 0 1 0 1 1 1 0 1 0 0 1 1 1 0 1 0 0 1 1 1 0
 0 0 1 0 0 0 1 0 1 1 0 0 1 1 1 1 1 1 1 1 1 0 0 1 0 1 1 1 0 0 0 1 0 1 0 1 1
 0 1 1 1 0 1 0 1 1 1 0 1 1 1 1 0 0 1 1 1 0 0 1 1 0 1]
At  3001/30000: COST 0.020/3.025(0.079) -- Acc 1.000/0.430(0.975)
[1 0 1 1 1 0 1 1 0 1 0 0 0 0 1 1 1 1 0 1 0 0 1 1 0 1 0 1 1 0 0 1 0 1 0 0 1
 1 0 1 0 1 1 1 1 1 0 1 0 0 1 1 1 1 0 1 0 0 0 0 1 1 1 1 1 1 0 0 1 1 1 0 1 0
 0 0 1 0 1 1 1 0 1 1 1 1 0 1 0 0 0 1 1 0 0 1 0 1 1 0]
At  3101/30000: COST 0.033/2.948(0.063) -- Acc 0.990/0.480(0.980)
[0 0 1 1 1 0 0 1 0 0 1 0 1 0 1 1 0 1 1 1 0 0 0 1 1 1 1 0 1 1 1 1 0 1 0 1 1
 0 1 1 1 0 1 1 1 1 0 1 1 1 0 1 0 1 1 1 1 0 0 1 1 1 1 1 1 1 1 1 0 0 1 1 0 1
 0 1 0 0 0 0 0 0 1 1 0 1 1 1 0 0 1 1 1 1 1 1 0 0 0 0]
At  3201/30000: COST 0.074/3.303(0.054) -- Acc 0.970/0.480(0.982)
[1 0 1 1 0 1 1 1 0 1 1 0 1 1 0 1 1 1 1 1 1 1 1 1 0 1 1 1 1 1 0 0 0 0 1 1 1
 1 0 0 0 1 0 0 1 0 1 1 0 1 0 0 0 1 1 0 0 0 1 0 0 0 1 0 0 1 1 1 0 1 1 0 0 1
 0 1 0 0 1 0 1 1 1 0 0 1 0 0 0 0 0 1 1 1 1 0 0 1 1 0]
At  3301/30000: COST 0.093/3.670(0.053) -- Acc 0.950/0.480(0.983)
[1 1 1 0 0 0 1 1 1 1 1 0 1 1 1 1 1 0 0 1 1 1 0 1 0 1 0 1 1 1 1 1 0 1 0 1 1
 1 1 1 1 1 1 1 1 0 0 1 0 1 0 1 0 1 1 1 1 1 0 0 0 1 0 0 0 0 1 1 0 1 1 1 0 0
 0 0 0 1 0 0 0 1 1 0 1 1 1 1 1 1 0 0 0 0 1 1 0 1 1 1]
At  3401/30000: COST 0.098/3.321(0.049) -- Acc 0.980/0.530(0.985)
[0 1 0 1 0 1 0 1 0 1 1 1 1 1 1 0 1 1 1 0 0 1 1 1 0 1 1 1 1 1 0 1 1 0 0 1 1
 0 1 1 1 0 0 0 0 0 0 1 1 0 0 0 1 1 1 1 0 1 1 1 1 1 0 0 1 0 1 0 1 1 1 1 0 1
 1 0 1 0 1 0 0 1 1 0 1 1 1 0 1 0 0 1 0 1 1 1 1 1 1 0]
At  3501/30000: COST 0.008/3.306(0.050) -- Acc 1.000/0.530(0.984)
[1 0 1 1 1 0 1 0 1 0 0 1 1 0 0 1 1 0 1 1 1 0 1 1 1 1 1 1 1 1 0 1 0 1 1 0 1
 1 1 1 0 1 1 1 1 0 1 1 0 0 1 1 0 1 1 1 1 1 1 0 1 1 1 1 1 1 1 1 1 0 0 1 0 0
 0 1 1 0 1 0 1 1 0 0 0 1 1 1 1 1 0 1 0 1 0 1 0 0 0 1]
At  3601/30000: COST 0.045/2.886(0.057) -- Acc 0.980/0.530(0.982)
[0 1 1 0 0 1 1 0 1 1 1 1 1 0 0 1 0 1 1 1 1 1 1 0 1 1 0 1 0 1 1 0 0 1 1 0 1
 1 1 1 1 0 1 0 0 1 1 1 1 0 1 1 1 1 1 1 1 1 1 1 0 1 0 1 0 0 1 0 1 1 1 1 1 0
 0 0 0 0 1 1 1 1 0 0 1 1 1 1 1 0 0 1 0 0 0 1 0 0 1 1]
At  3701/30000: COST 0.021/2.908(0.060) -- Acc 1.000/0.530(0.980)
[1 0 1 0 0 0 1 0 0 1 1 1 1 1 0 0 1 0 1 1 1 1 0 1 1 0 1 1 1 1 1 1 1 0 1 1 0
 1 0 0 0 0 1 1 1 0 0 1 1 1 1 1 1 1 1 1 1 0 0 1 1 1 1 0 0 1 1 0 0 1 1 1 0 0
 0 0 0 0 0 0 1 1 1 0 1 1 1 1 1 1 0 1 1 1 1 1 1 1 1 1]
At  3801/30000: COST 0.009/3.082(0.054) -- Acc 1.000/0.540(0.982)
[1 1 0 0 1 1 0 1 1 0 0 0 1 1 1 1 0 0 0 0 1 0 0 0 0 0 0 1 0 0 1 1 0 1 1 0 1
 1 1 1 1 0 1 0 0 1 1 0 0 1 1 0 1 1 1 1 1 1 0 1 1 0 1 1 0 1 1 1 0 1 1 1 1 0
 1 0 1 1 1 1 0 1 0 0 0 0 0 0 1 0 1 1 0 1 0 1 0 1 1 1]
At  3901/30000: COST 0.031/3.364(0.053) -- Acc 0.980/0.520(0.983)
[1 1 1 0 0 1 0 1 1 0 0 1 0 1 0 1 0 1 1 1 0 0 1 1 1 1 0 0 1 1 1 1 0 1 0 0 1
 1 0 0 0 1 0 0 0 1 0 1 1 1 1 0 1 0 1 0 1 1 0 0 1 1 1 1 0 1 1 1 1 0 0 0 1 1
 0 0 1 1 1 0 1 0 0 0 1 0 1 0 1 1 0 1 1 1 1 1 1 1 1 1]
At  4001/30000: COST 0.023/2.979(0.050) -- Acc 1.000/0.510(0.983)
[0 1 1 0 0 0 1 0 1 1 1 1 1 1 1 0 0 1 0 1 1 1 0 0 0 1 1 0 0 0 1 0 0 1 1 0 1
 1 0 1 0 1 1 1 1 0 0 1 0 1 1 1 0 0 0 1 1 0 0 1 0 0 1 0 0 1 1 0 1 1 1 0 0 0
 1 0 1 1 0 1 0 1 1 0 1 1 1 1 1 0 1 1 1 0 0 1 0 1 0 1]
At  4101/30000: COST 0.047/2.933(0.063) -- Acc 0.980/0.570(0.979)
[0 1 1 0 0 1 1 0 0 1 1 0 0 1 1 0 1 1 1 1 1 1 0 1 0 1 1 1 0 1 0 0 1 1 1 1 1
 0 0 0 1 1 0 1 1 0 0 1 1 1 1 1 0 1 1 0 0 0 1 0 1 0 1 1 1 1 1 0 1 0 0 1 1 0
 0 0 1 0 0 0 0 1 1 0 1 1 0 1 0 1 0 0 0 0 1 1 1 0 0 0]
At  4201/30000: COST 0.074/2.584(0.081) -- Acc 0.990/0.500(0.975)
[0 1 0 1 0 1 1 0 1 0 1 1 1 1 1 1 1 1 1 0 1 1 1 1 1 1 0 1 1 0 1 1 1 1 1 0 0
 1 0 1 1 1 1 0 0 1 1 0 1 0 0 0 0 1 0 0 1 0 0 0 1 1 0 0 1 1 1 0 1 1 0 0 1 1
 0 0 0 0 0 1 0 0 0 1 1 1 0 0 0 1 0 0 0 0 1 1 1 0 0 0]
At  4301/30000: COST 0.148/2.821(0.075) -- Acc 0.950/0.530(0.976)
[1 0 0 1 0 1 0 1 0 0 0 0 1 1 1 1 0 0 1 0 1 1 1 0 0 1 1 1 1 0 1 0 0 0 1 0 0
 1 1 1 1 0 0 1 0 1 1 0 1 0 1 0 0 1 1 1 0 0 1 1 1 0 1 0 1 1 1 0 0 0 1 1 0 0
 0 0 0 0 1 1 1 1 1 1 1 1 0 1 0 1 1 0 0 1 1 1 1 0 0 0]
At  4401/30000: COST 0.106/2.749(0.071) -- Acc 0.980/0.550(0.978)
[0 1 0 1 1 0 1 1 1 1 1 0 0 1 0 0 0 0 0 1 0 1 0 0 0 0 1 1 1 1 0 0 0 0 1 1 1
 0 0 0 1 0 1 1 1 1 1 1 0 0 0 0 0 0 0 0 1 1 1 0 0 1 0 0 1 1 0 0 0 1 1 0 1 0
 1 0 0 0 1 1 0 1 0 1 0 1 1 0 1 1 1 1 1 1 1 1 1 1 1 1]
At  4501/30000: COST 0.032/2.743(0.059) -- Acc 0.990/0.560(0.981)
[1 1 1 0 1 1 1 1 0 0 0 0 1 0 0 1 1 1 0 0 1 1 0 0 0 1 1 1 1 0 0 0 1 0 1 1 1
 1 0 1 1 1 0 0 1 0 1 0 1 0 0 1 1 1 1 1 1 1 1 0 0 1 1 1 1 0 1 1 0 1 0 1 0 0
 0 1 1 0 0 1 1 1 0 1 1 1 0 0 1 0 0 0 0 1 0 0 1 1 0 0]
At  4601/30000: COST 0.154/2.754(0.064) -- Acc 0.950/0.510(0.980)
[1 0 1 1 1 1 1 0 1 1 1 0 1 0 0 0 0 0 1 1 1 1 0 1 0 0 0 1 0 1 0 1 1 1 0 1 1
 0 0 1 0 0 0 0 1 1 1 0 0 0 1 1 1 1 1 0 0 1 1 0 1 1 1 0 1 1 1 0 1 0 0 1 1 0
 0 1 0 0 1 0 1 1 0 1 1 0 1 0 1 1 1 0 0 1 0 1 0 1 0 1]
At  4701/30000: COST 0.071/2.767(0.057) -- Acc 0.970/0.550(0.981)
[0 0 1 1 1 0 1 1 1 1 1 0 0 1 0 1 1 0 0 1 1 0 0 1 1 1 1 0 0 1 0 0 1 0 0 0 0
 0 0 1 0 1 1 1 1 0 1 1 0 0 0 1 0 1 0 1 0 0 1 1 1 0 0 0 1 0 1 0 1 1 0 1 0 1
 1 1 1 1 1 0 0 1 1 0 1 1 1 1 1 1 1 0 0 1 1 0 1 0 1 0]
At  4801/30000: COST 0.007/2.803(0.048) -- Acc 1.000/0.510(0.985)
[1 1 0 1 0 0 1 0 0 1 1 1 1 1 1 0 1 1 0 1 1 0 1 1 0 0 0 1 0 0 0 0 1 0 1 0 1
 1 1 0 0 1 1 1 0 0 0 1 1 1 1 1 0 1 1 1 0 1 0 0 1 0 0 0 1 1 1 0 0 1 0 1 0 1
 1 1 1 0 1 1 0 1 1 1 0 1 0 1 1 0 1 0 0 0 1 1 1 1 0 1]
At  4901/30000: COST 0.043/2.904(0.051) -- Acc 0.980/0.490(0.984)
[1 0 0 0 1 1 1 0 1 1 0 1 1 1 0 0 0 0 1 0 1 1 1 0 1 0 0 1 1 0 0 0 1 0 1 0 1
 0 1 1 1 1 0 1 1 1 1 1 1 1 1 1 1 1 1 1 1 1 1 1 0 1 1 0 1 1 0 0 1 1 1 1 0 0
 0 0 0 0 0 1 1 1 1 1 0 0 1 0 0 0 1 1 0 1 0 1 1 0 1 0]
At  5001/30000: COST 0.031/2.663(0.049) -- Acc 0.980/0.570(0.984)
[1 0 0 0 1 0 0 1 1 0 1 1 1 0 0 1 0 1 0 0 1 1 1 1 1 1 1 1 0 1 1 0 1 0 1 0 0
 0 1 1 0 1 1 0 0 1 0 1 1 1 0 0 1 1 1 0 1 0 0 1 0 1 0 1 1 0 1 1 1 0 1 0 0 1
 1 1 0 1 1 0 1 0 1 1 1 1 0 0 1 1 1 0 0 1 1 0 1 0 1 0]
At  5101/30000: COST 0.013/3.156(0.042) -- Acc 1.000/0.510(0.987)
[0 1 0 0 0 1 0 1 1 0 0 1 0 1 1 0 0 0 1 0 1 1 1 0 1 1 0 1 1 1 1 1 1 0 1 0 1
 0 0 0 1 1 1 1 0 1 0 1 0 0 1 1 1 0 0 1 1 1 0 1 1 1 1 1 1 0 1 1 1 1 0 0 1 0
 0 1 0 0 1 1 1 1 0 0 1 0 1 0 1 0 1 1 1 0 0 0 1 0 1 0]
At  5201/30000: COST 0.092/2.848(0.055) -- Acc 0.960/0.560(0.983)
[1 1 0 0 0 0 0 0 0 0 1 1 0 0 0 1 0 0 1 0 0 1 1 1 1 1 1 1 0 1 0 0 1 0 0 0 0
 1 1 0 1 0 0 1 1 0 1 0 0 0 1 1 0 0 1 1 1 0 1 1 1 1 1 1 0 1 1 1 0 1 1 1 0 1
 1 0 1 1 1 0 1 0 1 1 1 0 1 0 1 1 1 0 0 1 0 1 0 1 0 0]
At  5301/30000: COST 0.028/2.790(0.059) -- Acc 0.990/0.530(0.982)
[1 1 0 1 1 1 1 1 1 0 0 1 0 0 0 1 0 1 1 0 1 0 0 0 1 0 0 0 1 1 1 1 0 1 1 1 1
 1 0 1 1 1 0 0 0 1 0 1 0 1 0 1 1 0 1 1 0 0 0 1 1 1 0 0 1 1 0 0 0 0 1 0 0 1
 0 1 0 0 0 0 1 1 1 1 1 0 0 1 1 1 0 1 0 1 1 0 0 1 1 0]
At  5401/30000: COST 0.023/2.939(0.052) -- Acc 0.990/0.530(0.984)
[1 1 1 0 0 0 1 1 1 1 0 1 1 0 0 0 1 1 1 0 1 0 1 1 1 1 0 1 0 1 0 1 1 1 1 0 1
 1 0 0 0 1 1 1 0 0 1 1 0 0 0 1 1 1 1 1 0 0 0 1 0 0 0 1 1 0 1 0 1 1 1 1 1 0
 1 1 1 1 0 0 1 0 0 1 1 0 0 0 0 0 1 1 1 1 0 0 1 0 0 0]
At  5501/30000: COST 0.009/3.298(0.040) -- Acc 1.000/0.510(0.987)
[0 0 1 0 1 1 0 1 0 1 1 1 0 0 1 1 1 0 0 1 0 1 1 1 1 0 1 1 1 0 1 0 0 0 1 1 1
 0 1 1 0 0 0 1 0 1 0 1 1 1 1 0 0 1 1 0 1 0 0 1 0 1 0 1 0 0 1 1 1 1 0 0 1 1
 1 1 1 0 0 1 0 1 0 1 0 1 1 0 1 0 0 1 0 0 1 0 0 0 1 0]
At  5601/30000: COST 0.018/3.621(0.039) -- Acc 0.990/0.510(0.988)
[0 1 1 0 0 0 1 1 1 0 1 1 1 0 0 1 1 1 1 0 1 1 1 0 0 1 1 1 1 1 0 1 0 0 0 1 1
 1 1 1 1 1 1 0 0 1 1 0 1 0 1 1 1 1 1 1 1 1 1 0 0 0 1 0 0 1 1 0 1 0 0 0 1 1
 1 0 1 1 1 1 1 1 0 1 0 1 1 1 0 1 1 1 1 1 0 1 0 1 0 0]
At  5701/30000: COST 0.034/3.175(0.052) -- Acc 0.990/0.500(0.984)
[0 1 0 0 1 1 1 0 1 0 1 0 0 0 1 0 1 1 0 1 1 1 0 1 1 1 0 0 0 0 1 1 1 1 1 1 1
 1 1 0 0 0 0 1 0 1 1 1 0 1 0 0 1 1 1 1 1 0 1 1 0 0 1 1 1 0 0 1 1 1 0 1 1 0
 1 1 0 1 1 0 1 0 1 1 1 1 0 1 1 1 1 0 1 1 1 1 1 0 1 1]
At  5801/30000: COST 0.029/3.478(0.040) -- Acc 0.990/0.510(0.988)
[0 1 1 1 1 0 0 0 0 1 1 1 1 1 1 0 1 0 0 1 0 1 0 1 0 1 0 0 1 1 1 1 0 1 0 0 1
 1 0 0 0 1 1 0 0 1 1 1 1 0 1 0 0 1 0 1 1 0 1 0 1 1 1 0 0 1 1 1 1 0 1 1 1 1
 1 0 1 0 1 1 1 1 0 1 1 1 1 0 1 0 0 0 1 1 1 1 0 1 1 0]
At  5901/30000: COST 0.026/2.773(0.037) -- Acc 0.990/0.600(0.989)
[0 0 1 1 1 0 1 1 0 1 1 1 0 0 0 1 1 1 1 1 1 1 0 1 1 1 0 0 0 1 1 1 1 1 0 1 1
 1 0 1 0 0 1 0 1 1 1 1 1 1 1 0 1 1 1 0 0 0 1 0 0 1 1 1 1 0 0 1 0 1 0 1 1 0
 0 0 0 1 0 0 1 0 1 1 1 0 0 0 0 1 1 1 1 0 0 1 0 0 1 1]
At  6001/30000: COST 0.100/3.147(0.042) -- Acc 0.970/0.560(0.986)
[0 1 1 0 0 1 1 1 0 1 0 1 0 0 1 1 1 0 0 1 0 0 0 0 1 1 0 0 0 1 0 0 0 0 0 1 1
 1 1 1 0 0 1 0 1 1 1 0 0 1 1 1 1 1 1 0 1 0 1 1 0 0 0 0 1 0 0 0 1 0 1 1 0 1
 1 1 1 1 0 1 0 0 1 0 1 0 1 0 0 1 1 1 0 0 0 0 1 0 1 1]
At  6101/30000: COST 0.044/3.285(0.041) -- Acc 0.980/0.540(0.987)
[0 1 0 0 0 1 1 0 0 1 1 1 0 1 0 1 1 1 0 1 1 0 1 1 1 0 1 1 0 0 0 0 0 0 0 1 1
 1 1 1 0 0 1 0 0 0 1 1 0 1 1 1 0 1 1 0 0 1 0 0 1 1 1 1 1 0 0 0 1 0 1 1 0 0
 1 1 1 0 1 0 1 0 1 0 0 1 1 0 1 1 1 1 0 0 1 0 0 0 1 0]
At  6201/30000: COST 0.051/3.103(0.050) -- Acc 0.980/0.520(0.986)
[1 0 0 0 0 0 1 0 0 0 0 1 1 1 1 1 0 1 1 1 1 1 0 0 0 1 1 1 0 0 0 0 1 0 0 0 1
 1 1 0 1 1 0 0 0 1 0 0 0 0 1 1 1 0 1 1 0 1 0 1 1 1 1 1 1 1 0 1 1 0 1 0 1 1
 1 1 1 0 1 0 0 1 0 1 1 1 0 0 1 0 1 1 0 0 1 1 0 1 0 1]
At  6301/30000: COST 0.072/3.231(0.045) -- Acc 0.980/0.520(0.985)
[1 0 0 0 0 1 0 1 1 1 1 1 0 1 0 1 1 1 1 0 0 1 1 0 1 0 1 0 0 0 1 1 1 0 0 1 0
 0 1 0 0 1 1 0 1 0 0 0 0 0 0 0 0 1 0 1 1 0 0 0 0 1 0 0 0 1 1 1 0 0 1 1 0 0
 1 0 1 1 1 0 0 1 1 1 1 1 1 0 1 0 1 0 1 1 1 0 1 0 0 1]
At  6401/30000: COST 0.115/2.904(0.082) -- Acc 0.950/0.450(0.974)
[0 0 0 1 1 1 0 1 0 1 1 1 0 1 0 0 0 0 1 1 1 0 0 1 0 1 1 1 0 0 1 1 0 1 1 0 1
 0 0 1 0 1 1 0 1 1 1 0 0 0 1 1 1 0 1 1 1 0 1 0 1 1 1 0 0 0 1 1 1 0 1 1 1 0
 1 0 1 1 0 0 0 1 0 0 1 0 1 0 0 1 1 1 0 1 0 1 0 1 0 1]
At  6501/30000: COST 0.115/2.375(0.115) -- Acc 0.970/0.500(0.965)
[1 0 1 0 1 0 0 0 1 1 0 0 0 0 0 1 1 1 1 0 1 0 0 1 0 1 1 0 1 0 0 1 1 0 1 0 1
 1 0 0 0 0 0 1 1 0 0 1 1 0 0 0 1 0 1 0 1 1 1 1 0 1 0 0 1 1 1 1 1 1 1 1 0 1
 0 0 1 1 1 1 1 1 1 1 1 0 0 0 0 1 0 1 1 1 0 1 1 0 0 1]
At  6601/30000: COST 0.143/2.848(0.092) -- Acc 0.970/0.480(0.971)
[0 0 1 0 0 0 0 1 0 1 1 1 1 0 1 1 1 0 1 0 1 0 1 1 1 0 0 0 0 1 0 0 1 1 0 0 1
 1 1 1 0 1 1 0 1 1 1 0 0 1 1 0 1 1 1 0 1 1 0 0 0 0 1 0 1 0 1 0 1 0 0 1 0 1
 0 0 1 1 0 0 1 1 0 0 1 1 0 0 0 0 0 1 1 0 1 0 0 1 0 0]
At  6701/30000: COST 0.071/2.579(0.080) -- Acc 0.990/0.480(0.975)
[1 0 1 1 1 0 1 0 0 1 0 1 1 1 0 0 0 0 0 0 1 1 0 1 1 0 1 0 1 0 1 1 0 1 0 1 0
 0 0 1 1 0 1 0 1 1 1 0 1 0 1 0 1 0 1 0 1 1 0 1 0 1 1 0 0 1 1 0 0 0 1 1 1 0
 0 1 0 1 0 0 1 1 1 1 1 0 1 1 0 0 0 1 0 1 0 1 1 0 1 0]
At  6801/30000: COST 0.035/2.786(0.069) -- Acc 0.990/0.480(0.979)
[1 0 1 0 0 0 0 0 0 1 1 1 1 1 1 0 0 1 1 0 0 1 0 0 0 1 1 1 0 0 0 0 1 1 0 0 1
 1 1 0 1 1 1 0 0 1 0 0 1 1 0 0 1 0 0 0 0 1 0 1 1 1 0 1 0 1 0 1 0 0 1 1 0 0
 1 1 1 1 1 0 0 1 1 1 1 1 0 0 1 1 1 1 0 0 1 0 0 1 0 1]
At  6901/30000: COST 0.020/2.943(0.055) -- Acc 0.990/0.470(0.983)
[1 1 0 1 0 0 0 0 1 1 1 1 1 1 0 0 0 0 0 0 1 1 0 1 1 1 0 1 1 1 1 1 0 0 1 1 0
 0 0 0 0 0 0 0 0 0 0 0 1 0 0 0 0 1 0 0 1 1 0 1 0 0 0 1 1 1 0 1 1 1 1 0 0 0
 1 1 1 0 1 1 0 0 1 1 1 1 0 1 1 0 1 0 1 1 0 1 1 0 1 1]
At  7001/30000: COST 0.019/3.005(0.049) -- Acc 0.990/0.520(0.986)
[0 0 0 0 0 1 1 1 0 1 0 0 1 0 1 0 1 0 1 0 0 1 1 0 1 1 1 1 1 0 1 1 1 0 0 0 1
 0 0 1 0 1 0 1 0 0 0 1 1 1 1 1 0 0 0 1 1 0 1 1 0 0 1 0 1 0 1 1 1 0 0 0 0 0
 1 1 1 0 1 1 0 1 1 1 0 0 1 0 1 0 1 0 0 0 1 1 1 1 0 1]
At  7101/30000: COST 0.040/2.950(0.047) -- Acc 0.990/0.510(0.985)
[0 0 1 0 1 1 1 1 0 0 0 0 1 1 0 1 0 1 1 1 1 0 1 0 1 0 1 1 1 0 1 0 1 0 0 0 0
 0 1 0 0 0 0 1 1 0 1 1 1 0 0 0 0 1 1 1 1 0 1 1 1 1 1 1 0 1 0 0 1 1 1 1 1 0
 1 1 1 1 0 0 1 1 1 0 1 0 0 1 0 0 0 1 0 1 0 1 1 0 0 1]
At  7201/30000: COST 0.028/2.964(0.062) -- Acc 0.990/0.500(0.981)
[1 1 0 0 0 1 1 0 0 1 1 1 0 1 0 1 0 0 0 1 0 0 1 0 0 1 1 0 1 0 0 0 1 1 0 0 1
 0 1 1 0 0 1 0 0 0 1 1 1 1 0 1 0 0 0 1 1 1 1 0 1 0 0 1 0 1 1 0 1 1 1 1 1 0
 1 0 1 0 1 1 0 0 1 1 1 1 0 1 1 1 1 1 1 1 0 0 1 1 0 0]
At  7301/30000: COST 0.039/2.670(0.060) -- Acc 0.990/0.520(0.981)
[1 0 1 0 1 1 0 0 1 1 0 1 0 0 1 0 1 0 0 1 0 0 0 1 0 0 1 0 0 1 1 0 0 1 1 0 1
 1 0 1 0 1 1 0 0 0 0 0 0 0 1 0 1 0 0 0 1 1 0 1 1 1 1 1 1 1 0 1 1 0 0 0 0 1
 1 0 1 1 1 1 0 1 0 1 1 0 1 0 1 0 1 0 1 1 0 0 0 0 1 1]
At  7401/30000: COST 0.030/3.022(0.048) -- Acc 0.990/0.490(0.985)
[0 1 1 0 0 0 1 0 1 1 1 1 0 0 0 1 0 0 0 0 1 1 0 1 0 1 1 1 0 1 0 0 1 1 1 0 1
 0 1 0 1 0 1 1 1 1 1 1 0 0 1 0 0 1 0 0 1 0 1 1 0 1 0 0 0 1 0 1 0 0 1 1 0 0
 1 0 1 0 0 1 1 1 0 1 0 1 0 1 0 0 1 0 0 0 1 0 1 1 0 1]
At  7501/30000: COST 0.005/3.145(0.040) -- Acc 1.000/0.470(0.987)
[1 0 1 0 0 1 1 1 1 0 0 1 0 0 1 1 1 1 1 1 0 0 1 1 0 1 0 0 1 0 0 1 1 1 1 0 1
 0 0 1 1 1 0 0 1 1 1 1 0 1 1 0 0 1 0 0 0 1 0 0 0 0 0 1 0 1 1 0 1 1 1 1 0 1
 0 0 0 1 1 0 0 0 0 1 1 1 0 1 1 0 1 1 1 0 0 1 0 1 0 1]
At  7601/30000: COST 0.013/3.363(0.039) -- Acc 1.000/0.450(0.987)
[1 1 1 0 0 1 1 1 0 0 1 0 0 1 1 1 0 1 0 0 1 1 1 0 0 1 0 1 0 1 1 1 0 1 0 0 1
 1 1 1 1 0 0 0 1 1 0 1 1 0 1 0 1 0 0 0 1 0 1 0 1 1 1 1 1 1 1 0 1 0 0 1 1 1
 1 0 0 0 0 0 1 0 1 0 0 0 1 0 1 0 1 0 1 0 0 1 1 0 1 1]
At  7701/30000: COST 0.033/3.058(0.050) -- Acc 0.990/0.460(0.985)
[0 0 1 0 0 0 1 1 1 1 1 1 1 1 1 1 1 0 0 0 0 0 0 0 0 1 1 0 0 1 1 0 0 1 1 0 0
 1 0 0 0 0 0 0 0 0 1 1 1 1 0 0 1 0 0 0 1 1 0 0 0 0 1 1 1 1 1 1 1 0 0 1 1 0
 1 0 0 0 1 0 0 1 1 1 0 0 0 0 1 1 1 1 0 0 1 0 1 1 0 1]
At  7801/30000: COST 0.015/3.227(0.052) -- Acc 1.000/0.510(0.984)
[1 1 1 1 1 0 1 0 1 1 1 1 0 1 0 0 1 1 0 0 1 0 0 1 0 0 1 0 1 0 1 1 0 0 1 1 0
 1 0 0 0 0 1 0 0 0 0 0 0 1 1 1 1 1 0 0 1 1 1 1 0 0 0 0 0 1 0 0 1 1 0 1 1 0
 0 1 1 1 0 1 1 0 0 0 1 0 1 1 1 0 1 0 1 0 1 1 0 1 1 0]
At  7901/30000: COST 0.021/3.230(0.052) -- Acc 1.000/0.510(0.983)
[1 0 0 1 1 1 1 1 0 0 0 0 1 1 1 0 0 0 1 0 1 0 1 1 0 1 0 0 1 1 0 0 1 1 0 1 0
 1 1 1 0 1 1 1 1 0 0 1 0 0 1 0 0 1 0 0 1 1 1 0 0 1 0 0 0 1 0 1 1 1 1 1 1 0
 1 0 0 1 1 1 0 0 1 0 0 0 0 0 1 1 0 1 1 1 0 0 1 1 0 0]
At  8001/30000: COST 0.013/3.048(0.057) -- Acc 1.000/0.490(0.981)
[1 0 1 0 0 0 0 0 0 1 1 0 0 1 1 1 1 1 0 0 0 0 0 0 0 0 0 1 0 0 0 0 1 1 1 1 1
 0 1 1 0 0 1 1 0 0 0 1 1 0 0 0 1 1 1 1 0 1 1 1 0 0 0 0 1 1 1 1 1 1 1 0 1 1
 0 0 1 1 1 1 1 0 1 1 1 0 1 0 1 1 0 1 0 0 1 1 1 0 0 0]
At  8101/30000: COST 0.226/2.587(0.082) -- Acc 0.930/0.510(0.974)
[0 1 1 1 0 0 1 1 1 0 0 0 0 1 1 0 0 0 0 1 1 0 1 0 0 1 1 1 1 0 1 0 1 1 1 0 1
 1 1 0 0 1 1 0 1 0 1 1 1 1 0 0 0 1 1 0 1 1 1 0 0 1 1 1 1 0 0 0 1 1 1 1 1 0
 0 1 0 1 0 1 1 1 0 0 1 1 1 0 1 1 0 1 1 1 1 0 0 0 0 1]
At  8201/30000: COST 0.123/2.580(0.089) -- Acc 0.960/0.470(0.971)
[1 1 0 0 0 1 0 1 1 1 1 1 0 0 1 1 1 0 0 0 1 0 1 0 0 0 0 0 1 0 1 1 0 1 1 0 0
 1 1 0 1 1 1 1 0 1 1 1 1 0 0 1 1 1 1 1 1 0 1 1 0 0 0 1 1 1 0 0 1 1 0 0 0 0
 1 0 0 0 1 1 0 1 0 0 1 1 1 1 1 1 1 1 0 1 0 1 1 1 0 1]
At  8301/30000: COST 0.067/2.784(0.093) -- Acc 0.980/0.450(0.971)
[1 1 0 1 0 0 0 1 1 0 0 1 0 1 1 0 0 0 1 1 1 0 1 1 0 0 1 1 1 0 0 1 0 0 1 1 0
 1 0 1 0 0 0 1 0 1 0 0 0 0 0 0 1 1 0 0 0 1 1 0 0 0 1 0 0 0 1 0 0 0 0 1 1 1
 1 1 0 1 1 1 0 0 0 1 0 0 0 1 1 1 1 1 1 1 0 0 1 0 0 1]
At  8401/30000: COST 0.079/2.882(0.078) -- Acc 0.970/0.460(0.976)
[1 1 0 1 0 0 0 1 0 1 1 1 1 0 1 0 0 1 0 1 0 1 1 1 0 1 0 1 0 0 1 1 1 1 0 1 1
 1 0 0 0 1 0 0 1 1 0 0 0 1 1 1 0 0 0 1 1 1 0 1 1 1 0 1 0 1 0 0 0 0 1 0 0 1
 1 0 0 1 0 0 0 0 1 1 1 0 1 0 1 1 1 0 1 0 1 1 1 0 1 0]
At  8501/30000: COST 0.030/2.908(0.078) -- Acc 0.980/0.460(0.976)
[0 0 1 1 1 1 0 0 1 1 1 0 0 1 0 1 1 1 1 0 0 1 1 0 0 1 0 1 0 1 0 1 1 1 1 0 0
 0 0 0 1 0 1 0 1 1 1 1 0 0 0 0 0 1 1 0 0 0 0 1 1 1 0 1 0 1 0 1 1 1 1 0 0 1
 1 1 1 0 1 0 1 1 0 0 1 0 1 0 1 0 0 1 1 0 0 0 1 1 1 1]
At  8601/30000: COST 0.022/2.802(0.063) -- Acc 1.000/0.510(0.979)
[0 1 0 1 1 0 0 0 0 0 0 1 0 0 1 1 1 0 1 1 0 0 0 1 1 0 1 0 1 1 1 1 1 1 0 1 1
 0 1 0 0 1 1 0 0 0 1 1 1 1 1 0 0 0 1 1 0 1 0 1 0 0 0 0 0 1 1 1 1 1 0 0 1 0
 1 1 1 1 1 0 1 1 1 0 1 1 1 1 1 1 1 0 1 1 1 1 1 1 0 1]
At  8701/30000: COST 0.080/3.098(0.057) -- Acc 0.950/0.450(0.982)
[0 0 1 0 0 1 1 1 1 1 1 0 1 1 0 0 1 1 0 1 0 0 0 1 1 0 1 1 0 1 1 1 0 0 1 1 1
 1 1 1 1 1 0 0 0 0 0 1 0 0 0 0 1 0 1 1 0 1 1 1 0 1 1 1 0 0 1 1 1 0 0 1 0 1
 1 1 1 1 1 1 1 1 1 1 0 0 0 1 1 0 1 1 0 0 0 0 0 1 0 0]
At  8801/30000: COST 0.048/3.091(0.046) -- Acc 0.990/0.540(0.985)
[1 0 1 0 1 0 0 1 0 0 1 1 1 1 1 1 1 1 0 1 1 0 1 0 1 1 0 0 1 0 1 1 1 1 0 0 0
 1 1 0 1 1 0 0 1 1 0 1 1 0 0 0 1 0 0 1 1 0 1 0 0 0 0 1 1 0 1 0 1 1 1 0 0 1
 1 0 1 1 1 1 1 0 0 1 1 0 1 0 0 1 0 1 1 1 0 1 0 0 1 0]
At  8901/30000: COST 0.031/3.174(0.042) -- Acc 0.990/0.530(0.987)
[0 1 1 1 1 1 1 1 1 0 0 0 1 0 1 0 0 0 0 1 1 1 1 0 1 1 0 0 0 1 0 1 0 1 0 1 0
 0 1 1 0 1 1 1 1 1 0 0 1 0 1 0 1 1 0 0 1 0 1 1 0 0 1 1 0 1 1 1 1 1 1 1 1 0
 0 0 1 0 0 0 1 1 1 1 0 1 0 1 1 1 1 1 1 0 1 0 1 0 1 1]
At  9001/30000: COST 0.129/3.252(0.056) -- Acc 0.960/0.450(0.984)
[1 1 0 1 0 0 1 0 1 1 1 0 0 1 0 1 1 0 1 1 1 0 1 1 1 0 1 1 1 0 1 1 0 0 1 1 1
 1 1 1 0 0 0 1 0 1 0 1 0 1 1 1 0 0 0 1 1 0 1 1 1 1 0 0 1 1 0 0 1 1 0 0 0 1
 1 0 0 1 0 1 1 1 1 1 1 1 1 0 1 0 0 1 0 1 1 1 1 0 0 1]
At  9101/30000: COST 0.023/2.512(0.058) -- Acc 1.000/0.580(0.983)
[1 1 1 1 1 1 1 0 1 1 1 1 0 0 1 0 1 0 0 0 0 0 0 0 1 1 0 1 0 1 1 0 0 0 1 1 1
 1 1 0 1 0 1 1 0 0 0 0 0 1 0 0 0 1 1 1 0 1 1 0 1 1 0 1 1 1 0 1 1 0 0 1 1 1
 0 0 1 0 0 0 1 0 0 0 1 1 0 1 1 1 1 1 0 1 1 1 1 1 0 1]
At  9201/30000: COST 0.036/2.675(0.058) -- Acc 0.990/0.540(0.982)
[1 1 1 1 1 0 1 0 1 0 0 1 1 1 1 1 1 1 1 1 1 0 1 1 0 0 0 0 1 1 0 0 0 1 1 0 0
 1 0 1 0 0 0 1 1 0 1 1 0 0 1 0 0 1 1 0 1 1 1 1 1 1 0 1 0 0 0 0 1 1 1 0 1 0
 1 1 0 0 0 1 0 1 1 0 1 0 0 0 1 1 1 1 1 0 1 1 1 1 0 1]
At  9301/30000: COST 0.075/2.704(0.057) -- Acc 0.970/0.560(0.981)
[1 1 0 1 1 0 0 1 0 1 1 1 1 1 1 0 1 1 0 1 1 0 1 1 0 1 0 1 0 1 0 0 1 0 1 1 0
 1 0 0 0 0 0 1 0 0 0 1 0 1 0 1 1 1 1 0 0 0 0 0 1 1 0 0 1 1 0 0 0 1 0 1 0 1
 1 0 1 1 0 0 1 1 0 1 0 1 0 0 1 0 0 1 0 0 0 0 0 0 1 1]
At  9401/30000: COST 0.036/2.630(0.061) -- Acc 0.980/0.540(0.981)
[0 1 0 1 0 0 0 1 1 0 1 0 1 1 1 1 1 0 1 0 1 1 0 0 0 1 1 0 1 1 0 1 1 1 1 1 1
 1 1 1 1 1 1 0 1 0 1 0 1 1 1 1 0 0 0 1 0 0 1 0 1 0 0 1 0 1 0 1 1 1 1 0 0 0
 1 0 1 1 0 1 0 1 1 1 0 1 1 0 0 1 1 0 1 0 1 1 1 0 1 0]
At  9501/30000: COST 0.029/2.578(0.053) -- Acc 0.990/0.570(0.982)
[1 1 0 1 0 0 1 1 1 0 0 1 1 1 0 0 1 0 1 1 1 0 0 0 1 0 0 1 1 1 1 0 0 0 1 0 1
 1 0 0 0 1 0 1 0 0 0 0 0 0 1 0 1 1 0 0 0 0 0 0 1 1 0 0 0 1 1 1 0 0 1 1 0 1
 1 0 1 1 1 0 1 1 0 0 0 1 0 1 1 1 1 1 1 1 1 1 1 1 0 1]
At  9601/30000: COST 0.020/3.038(0.058) -- Acc 0.990/0.460(0.981)
[1 0 0 0 1 1 1 1 0 1 0 0 1 0 0 0 1 0 0 1 0 1 1 1 1 1 0 0 0 1 0 0 1 1 1 1 1
 0 0 0 1 1 0 1 0 1 1 1 1 1 1 0 0 1 1 0 1 1 1 0 1 0 1 1 0 0 1 0 0 0 1 1 0 1
 0 0 1 1 0 0 0 0 0 1 1 0 0 0 1 1 1 1 1 1 1 1 0 0 0 1]
At  9701/30000: COST 0.072/2.631(0.064) -- Acc 0.970/0.530(0.980)
[0 1 1 0 0 1 0 1 1 0 0 0 0 1 1 1 1 1 0 1 0 0 1 1 1 1 1 0 1 0 0 1 0 0 0 1 0
 0 0 1 0 1 1 0 0 0 0 1 0 1 1 1 0 1 1 0 1 1 0 1 0 0 1 1 0 1 0 1 0 0 1 1 1 0
 0 1 0 1 1 0 0 0 1 1 1 0 1 1 0 0 0 1 0 0 1 1 0 0 0 1]
At  9801/30000: COST 0.138/2.435(0.092) -- Acc 0.960/0.430(0.971)
[0 0 1 1 0 1 1 0 1 1 0 0 0 1 1 0 0 0 1 1 0 0 0 1 1 1 0 0 0 1 0 0 1 1 0 0 1
 1 0 1 1 0 1 1 0 0 1 1 0 1 1 1 0 1 0 1 0 0 1 1 0 0 0 0 1 1 1 1 1 0 0 0 1 0
 1 0 0 1 1 1 1 0 0 0 0 1 0 0 0 0 1 0 0 1 0 0 1 1 0 1]
At  9901/30000: COST 0.041/2.668(0.077) -- Acc 0.990/0.490(0.976)
[1 0 0 1 0 0 1 0 1 1 0 0 1 0 1 1 1 1 1 1 0 1 0 0 1 0 0 0 0 1 1 0 0 1 1 0 0
 0 1 0 1 0 1 0 1 0 1 0 0 1 1 0 1 0 1 0 0 1 0 1 1 1 1 1 0 1 0 1 0 1 0 0 0 1
 0 0 0 1 1 1 1 1 1 0 1 1 0 0 1 0 1 0 1 1 0 0 1 0 0 1]
At 10001/30000: COST 0.092/2.662(0.071) -- Acc 0.960/0.520(0.976)
[1 1 0 0 1 0 1 0 0 1 0 0 1 0 1 1 1 0 0 0 0 0 1 0 0 1 1 0 1 1 1 0 1 0 0 1 0
 1 0 1 1 1 0 0 1 0 1 1 1 1 1 1 1 1 0 1 1 0 0 0 1 1 1 1 1 0 1 1 1 1 0 1 1 0
 0 0 1 0 1 0 0 1 1 0 1 0 1 0 1 0 0 1 1 0 1 0 1 0 1 0]
At 10101/30000: COST 0.028/2.605(0.074) -- Acc 0.990/0.540(0.975)
[0 1 1 1 1 0 0 0 0 0 0 1 0 1 0 1 1 0 1 0 0 0 1 1 1 1 0 0 0 1 1 0 1 1 1 1 0
 1 0 1 1 0 0 1 0 0 0 1 0 0 1 0 0 0 0 1 1 0 1 1 1 0 1 1 0 1 0 1 1 1 1 1 1 1
 1 1 1 1 0 0 0 1 0 1 1 1 0 0 0 1 1 0 1 0 1 1 0 1 1 0]
At 10201/30000: COST 0.090/2.393(0.064) -- Acc 0.970/0.560(0.979)
[1 1 0 0 1 0 1 0 1 0 0 1 1 0 0 1 0 0 1 0 1 0 0 0 1 0 0 0 1 0 1 1 0 0 0 1 0
 1 0 1 0 1 0 0 0 1 1 0 0 0 1 1 0 0 1 1 1 1 0 1 0 0 1 1 0 1 1 0 0 1 1 0 0 1
 0 0 1 1 1 0 1 1 0 1 0 1 1 0 1 1 1 0 0 1 1 0 1 1 1 0]
At 10301/30000: COST 0.196/2.925(0.055) -- Acc 0.940/0.470(0.982)
[1 0 1 0 0 1 0 1 1 0 1 1 0 0 0 0 1 1 1 0 1 1 0 0 1 1 0 1 0 0 0 1 0 1 0 1 0
 0 1 0 0 1 0 0 1 1 1 1 0 1 0 0 0 0 1 1 0 0 0 1 1 1 1 1 1 1 1 0 1 0 1 1 1 0
 1 1 0 0 1 1 1 1 0 0 1 0 1 1 1 1 1 0 1 0 1 0 1 0 0 1]
At 10401/30000: COST 0.029/3.191(0.053) -- Acc 0.990/0.480(0.983)
[0 1 1 1 0 1 1 0 0 1 1 1 0 1 0 1 0 0 0 0 0 0 1 0 0 0 1 0 1 1 0 0 1 1 0 0 1
 1 0 1 1 1 1 0 1 1 0 1 1 0 1 1 0 0 0 1 0 0 1 0 1 1 1 0 1 1 0 1 0 0 1 0 1 1
 1 1 1 1 0 1 1 1 0 0 1 0 1 1 1 1 1 1 0 1 1 0 1 0 0 0]
At 10501/30000: COST 0.087/2.679(0.085) -- Acc 0.980/0.490(0.972)
[1 1 0 1 1 0 0 0 0 0 1 1 0 0 1 1 1 1 1 1 1 1 1 1 0 0 1 0 0 0 0 0 1 0 0 0 1
 0 0 0 0 1 0 1 0 1 1 0 1 1 1 1 1 1 0 0 0 1 0 1 1 1 1 0 1 1 0 0 1 1 1 0 1 1
 1 1 1 0 0 1 0 1 1 1 1 0 0 1 1 1 1 1 1 1 1 1 0 1 0 0]
At 10601/30000: COST 0.109/2.753(0.080) -- Acc 0.950/0.500(0.974)
[1 1 0 1 0 1 1 0 1 0 1 1 1 0 0 1 1 1 0 0 1 1 0 1 0 0 0 1 0 1 1 1 1 1 1 1 0
 0 1 1 1 1 1 1 1 0 0 1 0 1 1 1 0 1 0 0 1 1 0 0 0 0 0 0 1 0 0 1 0 0 0 1 1 1
 1 1 1 0 1 1 1 0 1 1 1 0 1 1 1 1 1 0 0 1 1 1 1 0 1 1]
At 10701/30000: COST 0.073/2.535(0.086) -- Acc 0.980/0.470(0.973)
[1 1 0 0 1 0 1 1 0 0 1 1 0 0 1 1 1 1 1 0 1 0 1 1 0 0 1 1 1 0 1 0 0 0 1 1 1
 0 1 1 0 1 0 0 0 1 0 1 0 1 0 0 0 1 0 0 0 0 0 0 0 1 1 1 1 0 1 1 1 1 1 0 1 1
 1 1 1 1 1 1 0 1 1 1 1 0 1 1 0 0 1 1 1 1 0 1 0 0 1 0]
At 10801/30000: COST 0.126/2.342(0.085) -- Acc 0.950/0.470(0.972)
[1 1 0 0 1 1 1 0 0 1 1 1 1 1 1 1 1 1 0 0 1 0 1 1 0 0 0 1 1 1 1 0 1 0 0 1 1
 1 1 0 0 1 1 0 1 1 1 0 0 0 0 0 1 1 0 1 1 0 0 0 0 0 0 0 0 0 0 0 1 1 1 1 0 1
 1 1 0 0 1 1 0 1 0 1 1 1 1 1 1 1 1 0 0 0 0 0 1 0 1 0]
At 10901/30000: COST 0.089/2.396(0.090) -- Acc 0.980/0.520(0.971)
[1 0 0 1 1 1 0 1 1 1 0 0 1 0 0 0 0 0 1 1 1 1 1 1 1 1 1 1 1 0 0 1 1 1 1 1 1
 1 1 1 1 1 1 1 1 1 1 1 1 0 1 0 0 0 1 1 1 0 1 1 0 1 1 1 1 1 1 1 1 0 1 0 1 1
 0 0 1 1 1 0 1 1 1 1 1 1 1 0 1 0 1 1 1 0 0 1 1 1 1 1]
At 11001/30000: COST 0.096/2.472(0.078) -- Acc 0.970/0.460(0.975)
[1 0 1 0 0 1 1 1 0 1 0 1 1 1 1 0 0 1 1 1 1 1 1 1 0 1 0 0 0 1 0 1 1 0 1 1 1
 0 1 1 1 1 1 0 1 0 1 1 0 1 0 0 1 1 1 0 1 1 1 0 0 1 1 0 1 0 0 0 0 1 1 0 0 1
 0 1 0 1 1 1 1 0 0 1 0 1 0 1 0 1 0 1 0 1 0 0 1 1 1 0]
At 11101/30000: COST 0.129/2.239(0.085) -- Acc 0.980/0.500(0.973)
[1 0 1 1 0 1 1 1 0 1 1 1 0 1 1 0 1 1 0 1 0 1 1 1 1 0 1 1 1 1 1 1 0 0 1 1 0
 0 0 0 0 1 1 1 1 1 0 0 0 0 0 1 0 1 0 0 0 1 1 1 1 1 1 1 0 1 1 1 1 0 0 1 0 0
 1 1 0 1 1 1 0 1 0 1 1 1 1 1 0 1 1 1 0 0 0 0 1 0 1 1]
At 11201/30000: COST 0.054/2.474(0.074) -- Acc 0.980/0.470(0.977)
[1 1 1 0 1 1 0 1 1 0 1 1 0 0 0 0 0 0 0 1 1 0 0 0 1 1 0 0 1 1 0 0 0 1 1 1 0
 0 1 0 1 0 0 1 0 1 0 1 0 1 1 1 1 0 0 1 1 1 1 1 0 1 1 1 0 1 0 1 0 1 0 0 0 0
 1 1 0 0 0 1 1 0 0 1 0 0 1 0 1 0 0 0 0 1 0 1 1 1 0 1]
At 11301/30000: COST 0.096/2.725(0.065) -- Acc 0.950/0.470(0.979)
[1 1 0 0 0 1 1 1 1 0 1 1 1 0 0 0 1 1 1 1 1 1 1 1 1 0 1 0 0 1 0 1 1 1 0 1 1
 1 0 0 1 1 0 0 1 0 1 1 0 1 1 0 0 0 0 0 1 1 1 1 0 1 0 1 0 0 0 1 1 0 1 1 1 1
 0 1 0 0 0 0 0 1 1 1 1 1 0 1 1 1 1 1 0 0 1 0 0 0 1 0]
At 11401/30000: COST 0.030/3.043(0.055) -- Acc 0.980/0.470(0.982)
[0 1 0 0 1 0 1 0 1 1 0 1 1 1 0 1 0 1 0 0 0 0 0 0 0 0 1 1 0 1 0 0 0 1 1 0 1
 1 1 1 1 1 1 0 1 1 1 0 0 0 0 0 1 1 1 0 0 1 1 1 1 1 0 0 0 1 1 0 0 1 1 0 0 1
 1 1 1 0 1 0 0 0 1 1 0 0 1 0 0 0 1 0 0 0 1 0 1 1 1 0]
At 11501/30000: COST 0.051/3.049(0.048) -- Acc 0.990/0.490(0.985)
[1 0 0 1 0 1 0 1 1 1 1 0 1 1 1 0 0 0 1 1 1 1 0 0 0 1 1 1 0 0 1 0 0 1 0 1 1
 1 1 1 1 0 1 0 0 0 1 1 1 1 1 1 1 1 0 1 1 0 1 1 1 0 1 0 0 1 0 1 1 0 1 1 1 0
 1 0 1 1 0 0 0 0 0 1 0 1 0 0 0 0 1 0 0 1 1 0 0 0 0 1]
At 11601/30000: COST 0.027/2.996(0.045) -- Acc 0.990/0.480(0.986)
[0 0 0 0 0 0 0 1 1 1 1 1 0 1 1 0 1 1 1 0 0 0 1 0 0 0 0 0 1 0 0 0 1 1 1 0 1
 0 0 0 0 0 1 1 1 0 0 0 0 1 0 1 1 0 1 1 1 1 0 0 1 1 1 1 1 1 1 1 1 0 0 1 0 1
 1 0 0 0 1 1 1 1 1 0 0 0 1 0 1 0 0 0 0 0 1 1 1 0 0 0]
At 11701/30000: COST 0.041/3.167(0.053) -- Acc 0.990/0.450(0.983)
[1 0 0 0 1 1 0 1 0 0 0 1 1 1 1 0 0 0 0 1 1 0 0 0 0 1 1 0 1 1 0 0 1 0 0 1 0
 0 0 1 1 1 1 0 0 1 0 1 1 1 1 0 1 1 0 0 1 0 1 1 0 1 1 0 0 0 1 0 1 0 0 1 0 1
 0 1 1 0 0 1 0 0 0 1 0 0 0 1 0 0 1 1 0 0 0 1 1 1 0 1]
At 11801/30000: COST 0.014/3.349(0.053) -- Acc 1.000/0.460(0.983)
[0 1 0 0 1 0 0 0 1 0 1 1 0 0 0 1 1 1 1 1 0 1 0 0 0 1 1 0 1 0 0 0 1 0 0 0 0
 1 0 1 0 0 0 1 1 0 0 1 0 0 0 0 0 1 1 0 1 1 1 0 0 0 1 1 1 1 1 0 1 1 1 0 0 1
 0 1 1 0 1 0 1 0 0 1 1 1 0 1 0 0 0 1 1 0 1 0 1 1 1 0]
At 11901/30000: COST 0.131/2.989(0.062) -- Acc 0.950/0.450(0.979)
[1 0 1 1 1 1 0 0 1 1 1 1 0 1 0 1 1 1 0 0 1 0 0 1 0 0 1 0 0 1 0 1 0 0 0 0 0
 0 1 0 0 0 1 0 1 1 1 1 1 1 1 1 0 1 0 0 0 0 0 1 1 0 1 0 1 0 0 1 0 0 1 0 0 1
 1 0 0 1 1 0 0 1 0 1 0 0 1 0 0 1 1 0 0 1 1 1 1 1 0 0]
At 12001/30000: COST 0.014/3.023(0.052) -- Acc 1.000/0.440(0.983)
[1 1 0 1 0 0 0 0 0 0 1 0 0 1 1 1 1 0 1 0 1 0 1 1 0 0 1 1 1 1 1 0 0 0 0 0 1
 1 0 0 1 0 0 0 1 0 0 1 1 0 0 0 0 1 0 0 0 0 1 1 1 1 0 0 1 1 0 1 0 1 0 1 1 1
 1 1 0 1 1 1 0 1 0 0 1 0 1 1 1 1 1 0 1 1 1 0 0 0 1 1]
At 12101/30000: COST 0.023/3.024(0.052) -- Acc 0.990/0.470(0.983)
[0 0 1 0 1 0 0 0 0 0 0 1 0 1 1 0 1 1 0 0 1 1 0 1 1 0 0 0 0 0 0 0 1 1 0 1 0
 1 0 0 1 1 1 1 0 0 0 0 1 0 1 0 1 1 1 0 1 0 1 0 1 0 0 1 0 1 1 1 0 1 1 0 1 1
 0 0 1 0 0 1 1 0 1 0 0 1 1 1 1 1 0 0 0 1 0 0 1 1 0 1]
At 12201/30000: COST 0.107/2.804(0.070) -- Acc 0.960/0.530(0.979)
[1 1 1 1 1 1 0 1 1 1 1 1 1 0 1 0 0 1 0 1 1 0 1 0 0 1 1 1 1 0 0 0 0 0 1 0 1
 1 0 1 1 1 0 1 0 0 0 1 1 0 0 0 1 0 0 1 1 1 1 1 0 0 1 0 0 0 1 0 0 0 1 1 0 0
 0 0 1 0 1 0 1 0 1 0 1 1 0 0 0 1 0 0 1 0 0 1 0 0 0 1]
At 12301/30000: COST 0.098/2.507(0.085) -- Acc 0.960/0.490(0.973)
[0 1 1 0 1 1 1 1 1 0 0 0 0 0 1 0 1 0 0 1 1 1 1 1 1 0 1 1 0 0 1 1 1 1 0 0 1
 0 1 0 0 0 1 1 1 0 0 1 0 1 1 0 1 0 0 0 0 1 0 1 0 0 0 1 1 1 0 1 0 0 0 1 1 1
 1 1 0 1 1 1 1 0 0 0 0 1 0 1 1 1 0 0 1 0 1 0 0 1 1 0]
At 12401/30000: COST 0.105/2.408(0.089) -- Acc 0.980/0.540(0.973)
[0 1 1 1 0 1 1 0 0 0 0 1 1 0 1 0 1 0 1 1 1 1 1 1 1 1 1 0 0 1 0 0 0 1 1 1 0
 1 0 0 0 1 1 0 0 1 0 1 0 1 0 1 1 0 0 0 1 0 1 1 0 0 1 0 0 1 1 1 1 1 0 1 1 1
 1 0 0 1 0 1 0 1 1 1 0 1 0 0 1 0 1 0 1 1 0 0 0 0 1 0]
At 12501/30000: COST 0.051/2.736(0.087) -- Acc 0.980/0.470(0.973)
[0 0 0 1 0 1 0 1 1 1 0 1 0 1 1 0 1 1 1 1 1 0 1 1 0 1 0 0 1 0 1 1 0 0 1 1 1
 1 1 1 1 1 0 1 1 1 1 0 0 1 1 0 1 1 1 1 0 0 0 1 0 0 1 1 0 0 0 0 1 1 1 1 0 0
 0 1 0 0 0 0 1 1 0 1 0 1 1 0 0 0 0 1 0 0 0 1 0 1 1 0]
At 12601/30000: COST 0.039/2.679(0.083) -- Acc 0.990/0.530(0.974)
[0 1 1 1 0 1 0 1 0 0 1 0 0 1 0 0 1 1 0 0 1 0 0 1 0 1 1 1 1 1 1 1 0 0 0 0 1
 1 1 1 1 1 0 0 0 1 0 0 1 1 0 1 1 1 0 1 0 0 1 1 1 1 0 0 1 1 0 1 1 1 0 0 0 0
 0 1 0 0 0 1 0 0 0 1 1 0 1 1 0 1 1 0 1 1 1 1 1 0 0 0]
At 12701/30000: COST 0.107/2.900(0.081) -- Acc 0.960/0.440(0.974)
[1 1 1 1 1 1 1 1 1 1 1 1 1 1 1 1 1 1 1 1 1 1 1 0 1 1 0 0 1 0 0 0 0 1 1 0 0
 1 0 1 1 0 0 0 0 0 0 0 1 0 1 0 1 0 1 0 0 0 0 1 1 0 1 0 0 0 0 1 1 0 0 1 1 1
 1 1 0 0 1 1 1 0 0 0 0 1 1 1 1 0 1 1 0 0 0 0 0 0 0 1]
At 12801/30000: COST 0.136/2.226(0.093) -- Acc 0.970/0.520(0.970)
[0 1 0 0 0 1 0 0 0 0 0 1 1 1 0 1 1 1 0 1 1 0 0 1 1 1 1 0 0 0 1 1 1 0 1 1 1
 0 1 0 1 1 0 0 1 1 0 0 1 1 1 1 1 0 0 1 1 0 1 0 1 1 1 0 1 1 0 1 0 0 0 1 0 1
 1 1 0 1 1 1 1 0 0 1 1 0 0 0 1 0 0 1 1 0 1 0 0 1 1 1]
At 12901/30000: COST 0.033/2.558(0.076) -- Acc 0.990/0.510(0.975)
[1 1 0 1 1 0 0 1 1 1 1 0 0 0 1 1 1 1 0 0 1 0 1 0 0 0 1 1 0 1 0 0 1 0 1 1 0
 1 0 1 1 1 1 0 1 0 1 0 1 0 0 0 0 0 0 0 0 0 0 0 0 0 1 1 0 1 1 1 1 1 0 1 0 0
 0 0 1 0 0 1 1 0 1 0 1 1 1 1 1 0 1 0 1 1 1 1 0 0 1 1]
At 13001/30000: COST 0.012/3.019(0.059) -- Acc 1.000/0.490(0.981)
[1 1 1 0 1 1 0 1 1 0 1 0 0 0 0 0 0 1 0 0 0 1 1 0 1 1 0 0 0 0 0 1 0 1 0 1 0
 0 1 1 1 1 0 1 0 0 1 1 1 1 1 0 1 1 1 0 0 1 1 0 0 0 0 1 1 1 0 1 1 0 0 1 0 1
 0 1 0 1 1 0 1 0 0 0 1 1 1 1 1 1 0 0 0 0 0 0 0 1 0 1]
At 13101/30000: COST 0.040/3.162(0.049) -- Acc 0.980/0.470(0.985)
[1 1 1 1 0 0 1 0 0 0 1 1 0 1 0 1 1 1 0 0 0 1 0 1 1 1 1 1 0 0 1 0 1 1 0 1 1
 0 1 1 1 0 1 1 0 0 1 0 1 1 0 1 0 0 0 0 0 1 1 0 1 1 0 0 0 0 1 0 0 1 0 0 1 1
 0 0 1 1 0 1 1 1 1 0 0 0 0 1 1 1 1 1 0 1 0 1 1 1 1 1]
At 13201/30000: COST 0.050/3.143(0.053) -- Acc 0.990/0.490(0.983)
[1 1 0 0 0 0 1 0 0 1 1 1 1 1 1 1 1 1 1 1 1 0 0 1 1 0 1 0 1 1 0 1 0 0 0 1 0
 0 1 0 1 0 0 0 1 0 1 1 0 1 1 1 1 0 0 0 0 1 0 1 1 1 0 0 1 1 0 1 1 1 0 1 1 1
 1 1 1 1 1 1 1 1 1 0 0 0 1 0 0 1 1 0 0 1 1 0 0 0 0 1]
At 13301/30000: COST 0.088/3.096(0.054) -- Acc 0.970/0.530(0.982)
[0 0 0 1 1 1 1 1 1 1 1 1 1 1 1 0 0 1 0 0 0 1 1 0 0 0 0 1 0 1 0 0 0 0 1 1 1
 1 0 1 0 0 0 1 0 1 1 1 0 0 0 1 0 0 1 0 1 0 0 1 0 0 1 1 1 1 0 1 0 1 1 1 1 0
 0 0 1 1 1 0 0 1 1 1 0 1 0 1 0 1 1 1 1 0 0 0 0 1 1 1]
At 13401/30000: COST 0.017/2.910(0.053) -- Acc 0.990/0.510(0.983)
[1 0 1 1 0 0 0 1 0 0 1 1 0 1 1 1 1 0 1 0 0 1 1 1 1 0 1 1 1 0 1 1 1 1 0 0 0
 0 0 0 1 1 0 1 1 1 1 1 0 1 1 1 1 1 1 0 1 0 1 0 1 0 0 1 0 1 1 1 1 0 0 0 1 1
 1 0 0 1 1 1 0 0 0 1 1 0 0 1 1 0 1 1 0 0 0 0 1 0 1 1]
At 13501/30000: COST 0.028/3.127(0.052) -- Acc 0.980/0.510(0.984)
[1 0 1 0 1 1 0 0 1 1 1 1 1 1 0 0 1 1 1 1 1 1 1 1 0 1 0 0 1 0 1 1 1 1 1 1 1
 0 0 0 0 0 1 0 0 1 0 1 0 0 0 1 0 0 1 0 1 1 0 1 1 0 0 1 1 0 1 1 1 1 1 1 0 1
 0 1 1 0 0 0 1 1 1 0 0 0 0 1 1 1 1 1 0 0 0 1 0 1 0 1]
At 13601/30000: COST 0.071/2.941(0.070) -- Acc 0.970/0.490(0.978)
[0 0 0 0 0 0 1 0 0 0 0 1 1 1 0 0 1 0 1 0 1 0 0 1 1 1 1 1 1 1 0 0 1 0 1 1 0
 1 1 1 0 1 1 0 0 0 0 0 1 1 1 1 0 0 1 0 0 1 1 0 1 0 1 1 0 0 0 0 1 1 0 1 0 1
 0 1 1 1 1 1 0 0 1 1 1 0 1 1 1 0 1 0 1 1 0 1 1 1 0 1]
At 13701/30000: COST 0.145/3.115(0.079) -- Acc 0.950/0.490(0.975)
[1 1 0 0 1 0 0 1 1 1 1 0 1 1 0 0 1 1 0 0 0 0 0 1 1 1 1 0 1 0 1 0 1 1 0 0 1
 1 1 1 1 0 1 0 1 0 1 1 0 1 1 0 0 0 1 0 1 0 1 1 0 0 0 1 1 0 0 1 1 1 1 1 0 1
 1 0 1 1 0 0 0 0 0 1 1 1 1 1 1 1 0 1 1 1 1 0 1 0 0 0]
At 13801/30000: COST 0.182/2.761(0.093) -- Acc 0.950/0.480(0.970)
[1 1 1 0 1 1 1 0 0 1 1 0 1 0 1 1 0 0 0 1 1 0 0 1 1 1 0 1 1 1 1 0 0 1 1 1 1
 1 0 1 0 0 1 1 0 0 0 0 0 1 0 1 1 0 1 1 1 1 0 0 1 0 0 1 1 0 0 1 1 0 0 1 1 1
 0 0 0 0 0 1 1 1 0 1 0 0 1 0 1 0 1 0 1 1 1 1 1 0 1 1]
At 13901/30000: COST 0.155/2.263(0.105) -- Acc 0.950/0.500(0.968)
[0 0 1 1 1 1 1 1 1 0 1 1 1 1 1 1 0 1 0 0 0 1 1 1 0 1 1 1 1 1 1 0 0 1 1 0 1
 0 0 0 0 1 1 0 1 0 1 1 0 0 1 0 1 1 1 1 0 1 0 0 0 1 1 1 1 1 0 1 0 0 1 1 1 0
 1 0 1 0 0 0 1 1 1 0 1 1 1 0 0 0 0 1 0 1 1 1 1 1 0 0]
At 14001/30000: COST 0.082/2.201(0.111) -- Acc 0.960/0.470(0.966)
[1 1 0 1 1 1 0 0 0 1 0 1 0 1 1 0 0 0 0 0 0 1 0 1 0 1 0 0 1 0 0 0 1 1 0 1 0
 0 1 1 1 0 0 1 1 1 0 1 1 0 1 1 1 1 1 0 1 1 0 1 0 0 0 0 1 1 1 0 1 1 0 1 0 0
 1 1 1 0 1 1 0 1 0 0 1 1 0 0 0 1 1 1 0 1 1 0 1 0 1 0]
At 14101/30000: COST 0.046/2.378(0.102) -- Acc 0.970/0.440(0.967)
[1 1 0 1 0 0 0 1 0 0 1 1 0 1 1 1 0 1 1 1 1 0 0 1 1 0 0 0 0 1 1 0 1 1 1 0 1
 0 1 1 1 0 1 0 1 1 1 1 1 0 1 0 1 1 1 1 0 0 0 0 0 0 0 1 1 0 1 1 1 1 0 1 1 1
 0 0 0 1 1 0 0 1 1 0 1 0 1 0 1 1 1 1 0 1 0 1 1 1 0 0]
At 14201/30000: COST 0.124/2.336(0.097) -- Acc 0.960/0.470(0.968)
[0 1 1 0 1 0 0 0 1 0 0 1 0 0 1 1 1 1 0 1 1 1 1 1 0 1 0 0 1 1 0 1 0 1 1 0 1
 1 1 0 0 1 0 1 1 0 1 1 1 0 0 0 1 0 1 1 0 0 0 1 1 1 0 0 1 1 1 1 1 0 1 0 1 1
 0 0 1 0 1 1 0 0 0 1 0 1 0 1 0 1 1 0 1 1 1 0 1 1 1 0]
At 14301/30000: COST 0.071/1.923(0.108) -- Acc 0.980/0.580(0.964)
[0 0 1 0 0 0 1 1 1 0 1 1 1 0 0 0 1 1 1 1 0 1 1 0 1 1 1 1 0 1 1 1 0 0 1 1 1
 0 0 0 0 1 1 1 0 0 1 0 1 0 0 1 0 0 0 0 1 0 1 0 0 1 0 1 1 0 1 1 0 0 1 1 0 0
 1 1 0 0 1 1 0 0 1 1 1 1 0 1 1 0 0 0 0 0 0 0 1 0 1 1]
At 14401/30000: COST 0.173/1.997(0.110) -- Acc 0.920/0.520(0.964)
[1 1 0 1 1 1 1 0 0 1 0 1 0 0 0 0 0 0 0 1 0 0 1 1 0 1 1 1 0 1 1 1 0 0 0 0 1
 1 0 0 1 0 0 1 1 0 1 1 1 0 0 1 1 1 1 0 0 1 1 1 1 0 1 1 0 0 1 0 1 0 1 0 0 1
 1 0 0 0 0 0 0 1 0 0 1 0 1 0 0 0 1 1 0 0 1 1 0 1 1 1]
At 14501/30000: COST 0.141/1.940(0.123) -- Acc 0.960/0.510(0.960)
[0 0 1 1 1 1 0 1 0 0 0 1 1 0 1 0 0 0 1 0 0 1 1 0 0 1 1 1 0 1 0 1 0 0 0 1 0
 0 1 0 1 0 0 0 1 0 1 1 1 0 1 1 0 0 0 0 0 1 0 1 1 1 0 0 1 1 0 1 1 1 1 1 0 1
 0 0 0 0 1 1 0 1 1 1 0 1 1 1 1 1 0 1 1 1 0 0 0 1 1 1]
At 14601/30000: COST 0.083/1.858(0.140) -- Acc 0.980/0.520(0.952)
[1 0 0 1 1 1 0 1 1 0 1 0 1 1 1 0 0 1 1 0 1 1 0 1 0 1 1 1 0 1 0 0 1 1 0 1 1
 1 1 0 0 0 0 1 0 0 0 1 0 1 1 0 1 0 0 1 1 1 0 0 1 0 1 0 0 1 1 0 1 0 1 1 0 0
 0 0 0 1 1 1 0 0 0 1 1 0 0 1 0 0 0 0 1 1 0 0 0 1 0 1]
At 14701/30000: COST 0.107/2.019(0.134) -- Acc 0.950/0.510(0.955)
[0 0 0 0 0 1 0 1 0 0 1 0 0 1 0 0 1 0 0 0 1 0 1 0 0 0 0 1 1 1 0 1 0 1 1 1 1
 1 1 1 0 0 0 0 0 0 1 0 1 0 0 0 1 0 0 1 0 1 0 1 1 1 1 1 0 1 0 1 1 1 1 1 0 1
 1 1 0 0 1 1 0 1 0 0 1 1 1 0 1 0 1 1 1 0 1 1 1 1 1 1]
At 14801/30000: COST 0.083/2.122(0.127) -- Acc 0.980/0.480(0.958)
[0 0 1 0 1 0 1 0 0 1 0 1 1 1 0 1 1 1 1 0 0 1 1 1 1 1 0 1 0 0 0 0 0 1 1 0 0
 1 0 1 1 1 1 0 0 1 0 0 0 0 1 0 0 1 1 0 1 0 0 1 1 0 0 0 1 0 1 0 1 0 1 0 0 1
 0 0 1 1 1 1 0 1 1 1 0 1 1 1 1 0 1 1 1 0 0 1 1 0 0 0]
At 14901/30000: COST 0.146/2.141(0.132) -- Acc 0.950/0.470(0.955)
[0 1 1 0 0 1 1 1 0 0 1 1 0 0 0 0 1 0 0 0 1 1 1 0 0 1 1 0 1 1 0 1 0 1 1 1 1
 1 1 1 0 0 1 0 1 1 1 1 1 0 1 0 1 0 1 1 0 1 0 0 1 0 0 0 0 1 1 1 0 1 0 1 0 1
 1 0 0 1 1 0 1 1 1 1 1 1 1 1 1 1 0 0 1 1 0 1 1 0 0 0]
At 15001/30000: COST 0.049/2.022(0.123) -- Acc 0.980/0.550(0.958)
[1 1 0 0 0 0 1 1 1 1 0 0 1 1 1 0 1 0 1 1 0 1 1 0 0 1 0 1 0 1 0 1 0 1 0 0 1
 1 0 0 1 1 1 0 0 0 0 0 1 0 0 1 0 1 1 1 1 1 0 1 0 1 1 0 1 1 0 0 0 1 1 0 0 1
 0 1 1 1 1 0 0 1 0 1 0 1 1 0 1 1 0 0 0 1 1 1 0 0 1 0]
At 15101/30000: COST 0.058/2.138(0.099) -- Acc 0.970/0.500(0.967)
[1 0 1 0 0 1 1 0 1 1 1 1 0 0 0 0 1 0 1 0 1 0 0 1 1 0 0 0 0 1 0 1 1 1 1 0 0
 0 1 1 0 1 1 0 0 0 0 1 1 1 1 0 0 0 1 1 0 1 0 1 0 0 0 1 1 1 0 0 1 1 0 1 1 1
 0 1 0 1 1 0 0 0 0 0 0 1 0 1 1 0 1 0 0 0 0 1 1 1 0 1]
At 15201/30000: COST 0.205/2.254(0.104) -- Acc 0.930/0.480(0.964)
[1 0 1 0 0 1 0 1 0 0 1 0 0 0 0 0 0 0 0 1 1 1 0 1 1 0 0 1 0 1 1 1 0 1 1 0 0
 0 0 1 1 1 0 1 1 0 1 0 1 1 0 0 1 1 1 1 1 1 0 1 0 0 0 1 0 0 1 0 0 0 0 1 1 0
 0 1 1 1 1 0 1 0 1 1 0 1 0 1 0 0 1 1 0 1 1 1 0 1 1 1]
At 15301/30000: COST 0.180/2.164(0.110) -- Acc 0.950/0.510(0.963)
[1 0 0 1 0 1 1 0 1 0 0 0 0 0 0 1 1 1 0 0 0 1 1 1 0 0 0 0 1 1 1 0 1 1 0 0 1
 0 1 1 1 0 1 0 0 0 0 0 0 0 1 1 1 1 1 0 1 1 1 1 0 1 0 1 1 1 0 1 1 1 1 1 1 1
 0 1 1 1 0 1 1 1 0 0 0 1 0 1 1 1 0 1 0 0 0 1 0 0 0 0]
At 15401/30000: COST 0.205/2.009(0.133) -- Acc 0.900/0.520(0.957)
[1 1 1 0 1 1 0 1 0 0 1 1 0 0 0 0 1 1 0 0 1 1 1 0 0 0 0 1 0 1 0 1 0 0 1 1 1
 0 1 0 0 1 0 1 0 0 1 0 1 0 0 1 0 0 1 1 1 1 1 0 1 1 0 0 0 1 1 1 1 1 1 1 0 0
 1 0 1 0 0 0 1 0 0 1 1 0 1 0 1 1 0 1 0 0 1 1 1 0 1 1]
At 15501/30000: COST 0.122/2.041(0.148) -- Acc 0.970/0.480(0.951)
[1 0 1 0 0 1 1 1 0 0 1 1 0 1 1 1 1 1 1 1 0 1 1 1 0 0 0 1 0 0 1 0 0 0 1 1 0
 1 0 0 0 1 1 0 0 1 1 0 0 0 1 0 1 1 1 0 1 1 1 0 0 0 0 0 1 1 0 1 0 0 1 1 1 0
 1 1 0 0 0 0 0 0 0 0 1 1 0 0 1 0 0 1 0 1 1 1 0 0 0 1]
At 15601/30000: COST 0.225/1.855(0.132) -- Acc 0.930/0.500(0.955)
[1 1 0 0 0 0 0 0 1 1 1 0 0 0 0 1 1 1 0 0 1 1 0 1 0 1 0 1 1 0 1 1 1 0 1 1 0
 1 0 0 0 1 0 1 1 0 1 1 1 0 1 0 0 1 1 0 0 1 0 1 0 0 1 0 1 0 1 1 1 1 1 1 0 1
 0 1 1 0 0 1 1 1 1 0 0 0 0 1 1 0 1 1 0 1 1 1 1 1 1 1]
At 15701/30000: COST 0.095/2.267(0.107) -- Acc 0.980/0.500(0.964)
[1 1 1 0 1 0 0 1 1 0 1 1 0 1 1 0 0 1 0 1 0 1 0 1 1 0 0 0 0 1 1 0 1 0 1 0 1
 1 0 0 0 1 0 1 1 1 0 0 0 1 1 0 0 1 1 0 1 1 1 0 0 0 0 1 1 1 1 1 0 1 0 0 0 1
 0 1 1 0 1 1 1 1 0 1 1 0 1 1 1 0 1 1 0 1 0 0 0 1 1 1]
At 15801/30000: COST 0.172/2.427(0.095) -- Acc 0.950/0.510(0.967)
[0 1 0 1 0 1 1 0 0 0 1 1 1 0 1 1 1 0 1 0 0 1 1 0 1 0 1 0 1 1 1 1 1 0 0 0 1
 0 0 0 0 1 1 1 1 1 1 1 1 0 1 0 0 0 1 0 0 0 1 0 0 0 0 0 1 1 1 0 1 1 1 1 1 1
 0 1 0 1 0 1 0 1 0 0 1 1 1 0 0 1 0 1 1 1 1 1 1 0 0 0]
At 15901/30000: COST 0.123/2.544(0.082) -- Acc 0.970/0.460(0.971)
[1 0 1 1 0 0 0 1 0 1 0 0 1 0 1 0 0 1 1 1 0 1 1 0 1 1 0 1 1 0 0 1 0 0 0 0 1
 1 1 0 1 0 0 0 0 1 0 0 0 1 1 0 1 0 0 0 1 1 1 1 0 0 1 1 1 1 0 0 0 1 1 1 1 1
 1 1 0 1 1 1 0 1 0 0 0 0 1 1 0 1 1 0 1 1 0 0 1 1 0 0]
At 16001/30000: COST 0.116/2.820(0.081) -- Acc 0.980/0.430(0.973)
[1 1 0 1 1 1 0 0 1 1 1 1 1 1 1 0 1 1 1 1 1 1 1 1 0 0 1 0 1 0 1 1 0 0 0 0 0
 1 1 1 1 0 0 0 0 1 0 1 0 0 1 0 1 1 1 0 1 0 1 1 1 1 0 0 0 1 0 0 1 1 1 1 0 0
 0 1 0 0 1 0 1 0 1 0 0 1 0 1 0 1 0 1 1 0 0 1 1 0 1 1]
At 16101/30000: COST 0.120/2.448(0.084) -- Acc 0.940/0.500(0.973)
[0 1 0 1 0 0 0 1 1 0 1 1 0 1 0 0 0 1 0 0 1 1 1 1 0 1 1 0 1 0 1 1 1 1 0 0 1
 1 1 0 1 0 1 0 0 1 1 1 1 0 0 0 1 1 1 1 0 1 1 0 1 1 1 1 1 1 1 0 0 0 0 0 0 1
 0 0 1 1 1 1 0 0 1 0 0 0 1 0 1 1 1 0 1 1 1 0 0 1 1 0]
At 16201/30000: COST 0.043/2.264(0.094) -- Acc 0.990/0.450(0.971)
[0 0 1 0 0 0 0 0 1 0 1 1 0 0 1 0 1 1 1 1 1 0 1 1 1 0 1 1 1 0 0 1 0 1 1 1 1
 0 1 0 0 1 0 0 1 0 0 0 1 0 1 1 1 1 1 1 0 1 0 0 0 1 1 0 0 0 0 0 1 0 1 1 0 0
 0 1 1 1 0 1 1 0 0 0 0 1 0 0 1 1 0 1 0 1 0 1 1 1 0 1]
At 16301/30000: COST 0.108/2.110(0.099) -- Acc 0.970/0.520(0.970)
[1 1 1 1 0 1 1 1 1 1 0 1 0 1 1 0 1 1 1 0 0 0 0 0 1 0 0 0 0 0 0 0 0 1 0 1 0
 1 0 0 1 0 0 1 1 0 0 1 1 1 0 0 1 1 0 0 1 0 1 1 1 0 1 1 1 0 1 0 0 1 0 1 1 0
 0 1 0 0 0 1 1 0 1 0 1 0 1 1 0 1 1 0 0 0 1 1 1 0 1 1]
At 16401/30000: COST 0.048/2.495(0.089) -- Acc 0.990/0.530(0.972)
[1 0 1 0 0 1 1 1 0 0 0 0 1 0 1 1 1 0 1 1 1 0 0 1 1 1 1 0 0 0 0 0 1 1 1 0 0
 1 0 0 1 0 1 0 0 1 1 0 0 1 0 1 1 0 0 0 0 0 1 1 1 0 1 1 1 1 1 1 1 0 0 1 0 1
 1 0 0 0 1 0 1 1 0 0 1 1 1 1 0 0 0 1 0 1 0 0 1 0 1 1]
At 16501/30000: COST 0.071/2.565(0.083) -- Acc 0.980/0.490(0.973)
[0 0 1 1 0 1 1 0 0 1 1 1 1 1 1 0 1 0 1 1 1 0 0 0 1 1 1 0 1 1 0 1 1 0 0 0 0
 1 0 1 1 1 1 0 0 1 1 0 1 0 1 0 1 0 0 0 1 0 0 0 1 0 1 1 0 1 1 0 0 1 1 0 0 1
 0 1 0 0 1 0 0 0 1 1 0 0 0 1 0 1 0 1 0 0 0 0 1 0 0 1]
At 16601/30000: COST 0.081/2.475(0.098) -- Acc 0.990/0.460(0.969)
[1 1 0 0 1 0 1 1 1 1 1 1 0 0 0 1 1 0 1 1 0 1 1 0 1 0 0 0 1 1 0 0 0 1 1 1 0
 1 1 0 1 1 0 1 1 1 0 0 1 1 0 0 1 1 1 1 1 1 1 0 1 0 0 0 0 1 1 0 1 1 1 1 1 1
 1 0 0 0 0 0 0 1 1 1 0 0 0 0 0 1 1 1 0 0 1 1 0 1 0 1]
At 16701/30000: COST 0.226/1.936(0.109) -- Acc 0.960/0.580(0.965)
[1 1 0 0 0 1 0 0 1 1 0 0 1 1 0 1 1 1 0 1 1 1 0 1 0 0 1 0 1 0 1 1 1 1 0 1 1
 0 0 1 0 1 1 0 0 1 1 1 1 1 1 0 1 1 0 1 1 0 0 1 1 0 0 0 1 0 1 0 1 1 1 0 0 0
 0 1 1 1 1 1 1 1 1 0 1 1 1 1 1 0 0 0 0 1 1 1 1 1 1 1]
At 16801/30000: COST 0.083/2.251(0.119) -- Acc 0.980/0.450(0.963)
[0 0 1 0 1 1 0 1 0 1 1 1 0 1 0 0 0 0 0 0 0 1 1 0 0 0 0 0 0 1 0 1 0 0 0 1 0
 0 1 1 1 1 1 1 1 0 1 1 1 0 1 0 0 1 0 1 1 1 1 1 1 1 1 1 0 1 0 0 0 1 1 0 1 0
 1 0 1 1 1 0 1 0 1 1 0 0 0 1 1 1 0 0 1 0 0 1 1 0 0 1]
At 16901/30000: COST 0.088/1.948(0.131) -- Acc 0.970/0.550(0.956)
[1 1 0 1 0 1 1 1 0 1 1 0 0 1 1 0 1 0 0 1 1 1 1 0 1 0 1 1 1 1 1 0 1 1 0 1 1
 0 1 0 1 1 0 1 1 0 1 1 0 0 0 1 1 0 1 1 0 0 1 1 1 0 0 1 0 1 1 1 0 1 0 1 0 1
 0 1 1 1 0 1 0 0 0 0 0 1 1 1 1 0 1 1 0 1 0 0 0 1 0 0]
At 17001/30000: COST 0.144/1.865(0.125) -- Acc 0.930/0.550(0.957)
[0 1 0 0 1 1 0 1 0 0 0 1 0 1 1 0 1 0 0 1 0 1 0 1 1 0 0 1 1 1 0 0 0 1 1 0 1
 1 1 1 1 1 1 1 0 1 1 1 0 1 1 0 0 1 1 0 1 0 1 1 1 0 1 1 1 0 0 0 0 1 0 1 1 0
 0 1 1 1 1 1 0 1 0 1 1 1 1 0 1 1 0 0 1 1 1 0 1 1 0 1]
At 17101/30000: COST 0.142/2.070(0.121) -- Acc 0.950/0.510(0.960)
[1 0 1 1 0 1 1 0 1 1 1 1 1 1 1 0 1 1 1 0 0 1 1 1 0 1 1 0 1 0 1 1 1 0 1 1 0
 0 1 0 1 0 0 0 0 0 1 1 0 1 1 0 0 1 0 0 1 1 0 1 1 1 0 1 0 0 0 0 0 1 1 1 0 1
 0 1 0 0 0 0 1 1 1 0 1 1 1 0 1 0 1 0 1 1 0 1 0 1 0 0]
At 17201/30000: COST 0.162/2.116(0.110) -- Acc 0.940/0.530(0.963)
[0 0 0 1 0 0 0 1 0 0 0 0 1 0 0 1 0 1 1 1 1 0 1 1 1 1 1 0 1 1 1 1 1 0 1 0 0
 0 0 1 1 1 0 1 0 1 1 0 1 0 1 1 1 1 0 1 1 1 1 1 0 0 0 0 0 1 0 0 0 0 0 1 1 0
 1 0 1 0 0 1 0 1 1 1 0 1 0 0 1 0 1 0 1 0 1 1 1 1 0 0]
At 17301/30000: COST 0.083/2.060(0.118) -- Acc 0.970/0.490(0.960)
[1 0 0 1 1 1 1 1 0 1 1 0 1 0 1 1 0 1 1 1 0 1 1 0 0 1 0 1 1 0 0 0 0 1 1 1 0
 0 1 1 0 1 1 1 1 1 1 1 1 0 1 0 1 0 1 0 1 1 1 0 0 1 1 1 1 1 1 0 0 1 0 1 1 0
 1 0 0 0 1 0 1 1 0 0 0 1 0 1 1 1 1 0 0 1 0 1 0 1 1 0]
At 17401/30000: COST 0.109/1.933(0.125) -- Acc 0.940/0.530(0.956)
[1 1 0 1 1 0 1 1 1 1 1 0 0 1 0 1 0 1 1 0 1 0 0 1 0 0 1 0 1 1 1 1 0 0 1 1 1
 0 1 1 1 1 0 0 0 0 0 1 0 0 1 0 1 0 1 0 0 0 1 1 0 0 0 1 1 0 1 0 0 1 0 1 1 0
 1 0 0 0 1 0 1 0 0 0 0 1 1 1 0 0 1 0 1 0 0 0 1 1 1 1]
At 17501/30000: COST 0.058/2.072(0.125) -- Acc 0.970/0.540(0.958)
[1 0 0 1 0 1 0 1 0 0 1 0 1 0 0 0 1 0 0 1 1 1 0 0 0 1 1 1 0 1 0 0 1 1 0 1 0
 1 0 0 0 0 0 1 1 0 1 0 0 1 0 0 0 1 0 0 0 1 1 0 1 1 1 1 0 1 0 1 0 1 1 1 1 1
 0 1 1 1 0 1 0 1 1 0 1 1 1 1 1 1 0 0 1 1 0 1 1 1 1 0]
At 17601/30000: COST 0.327/1.883(0.145) -- Acc 0.890/0.510(0.951)
[1 1 0 1 1 1 0 1 1 0 1 0 0 0 0 1 1 1 1 1 1 1 1 1 1 0 1 0 1 1 0 0 0 1 0 0 1
 0 1 0 1 0 0 1 0 1 0 1 1 0 1 1 1 1 0 1 0 1 0 1 0 0 0 1 0 0 0 0 0 0 0 1 1 1
 1 0 1 1 1 1 1 1 1 1 1 1 0 0 1 0 0 0 1 0 0 1 1 1 1 0]
At 17701/30000: COST 0.115/1.919(0.154) -- Acc 0.960/0.540(0.947)
[1 0 1 1 1 0 0 1 1 1 1 1 1 0 1 0 1 1 1 0 1 1 0 1 1 0 0 1 0 1 0 1 1 0 1 0 1
 0 1 0 0 1 1 1 0 0 1 0 0 0 1 0 1 1 0 0 0 1 1 1 0 1 1 0 1 1 1 1 1 0 1 0 0 0
 0 0 1 0 0 1 1 1 0 1 1 0 0 0 0 1 0 1 0 1 1 1 0 1 1 1]
At 17801/30000: COST 0.146/1.827(0.152) -- Acc 0.970/0.500(0.948)
[1 0 0 0 0 0 1 1 1 0 1 1 1 1 1 1 0 1 1 1 1 1 1 1 0 0 1 1 1 0 1 1 0 1 1 0 1
 1 1 0 1 1 0 1 0 1 0 0 0 0 1 1 1 1 1 1 1 0 1 1 0 0 0 1 1 1 0 1 1 1 0 1 0 0
 1 0 1 1 1 1 1 1 1 1 0 1 0 1 1 1 0 0 0 0 1 0 1 0 1 0]
At 17901/30000: COST 0.176/1.946(0.159) -- Acc 0.950/0.460(0.945)
[1 1 1 0 0 0 1 0 1 0 0 0 1 1 0 1 1 1 1 0 0 0 1 1 0 0 1 0 1 1 1 1 1 1 0 1 1
 0 0 1 0 0 1 0 1 1 1 1 0 1 0 1 0 0 1 1 1 1 1 0 0 1 1 1 1 0 0 1 1 1 1 0 1 1
 1 1 0 0 0 0 1 1 1 0 1 1 0 1 0 1 1 1 0 1 1 1 0 1 1 0]
At 18001/30000: COST 0.159/1.881(0.167) -- Acc 0.950/0.500(0.942)
[1 0 0 0 0 0 0 1 0 0 0 0 0 1 0 1 1 1 1 1 1 0 0 0 0 1 0 0 1 1 1 0 0 0 1 1 1
 0 1 1 1 1 1 0 1 1 0 1 0 1 1 0 0 0 1 0 0 1 1 0 0 1 0 1 1 1 1 1 0 1 0 1 1 1
 0 1 1 0 0 0 0 0 1 0 1 1 0 0 1 1 0 1 1 1 0 1 1 1 1 0]
At 18101/30000: COST 0.112/1.798(0.161) -- Acc 0.950/0.480(0.945)
[1 0 1 1 1 0 0 1 1 0 0 1 1 1 1 1 1 0 0 0 0 1 1 1 0 1 1 0 1 0 0 1 1 1 1 1 1
 0 1 1 1 1 1 1 1 1 1 1 0 1 0 1 0 1 1 1 0 1 1 1 1 0 0 1 0 1 0 0 1 1 0 0 1 0
 0 1 1 1 0 1 1 1 1 1 1 1 1 0 1 1 0 0 1 1 0 1 1 0 1 1]
At 18201/30000: COST 0.135/2.049(0.152) -- Acc 0.930/0.480(0.948)
[0 0 0 1 1 1 0 1 1 1 1 1 0 1 1 1 1 1 1 1 1 1 1 0 1 1 1 1 0 0 0 1 0 1 1 1 0
 1 0 1 0 0 0 0 1 1 1 0 0 0 1 0 0 0 0 0 0 0 0 0 1 0 1 0 1 1 1 0 1 0 1 1 1 1
 1 1 1 1 1 1 0 1 1 1 0 0 0 1 0 1 0 1 1 1 1 1 1 1 0 1]
At 18301/30000: COST 0.133/2.145(0.174) -- Acc 0.960/0.420(0.940)
[1 0 1 0 1 1 0 1 0 1 0 1 1 1 0 0 1 1 1 0 0 0 1 0 1 1 1 1 1 1 1 1 0 0 1 1 1
 1 0 1 0 1 0 0 1 0 0 1 0 1 1 0 1 0 1 1 0 1 0 1 0 0 1 0 1 1 0 0 0 1 1 1 1 0
 1 1 0 1 0 0 1 1 1 0 1 0 1 0 1 0 0 0 1 0 1 1 0 0 0 1]
At 18401/30000: COST 0.168/1.796(0.180) -- Acc 0.930/0.530(0.938)
[1 0 0 0 0 1 1 1 0 1 0 1 0 0 0 0 0 0 1 1 1 1 0 1 0 1 1 1 0 1 1 0 1 1 1 1 0
 1 0 1 1 0 1 0 0 1 1 1 0 1 0 1 1 1 1 1 0 0 0 0 1 1 0 1 0 0 1 0 1 1 0 1 0 0
 0 1 0 0 0 0 1 1 0 1 0 1 0 0 1 0 1 1 1 1 1 0 1 0 1 1]
At 18501/30000: COST 0.185/1.829(0.175) -- Acc 0.920/0.510(0.939)
[0 1 0 1 1 1 0 1 1 1 1 0 0 0 1 0 1 0 1 0 1 0 1 1 0 1 1 0 1 1 0 0 0 1 1 1 0
 0 1 1 0 1 0 1 1 0 1 1 0 0 1 1 0 0 1 1 0 1 1 0 0 1 0 0 0 1 1 1 1 1 1 1 1 1
 1 1 0 0 1 0 1 1 1 1 0 0 1 1 0 0 0 0 1 1 1 0 0 0 0 0]
At 18601/30000: COST 0.211/1.398(0.185) -- Acc 0.910/0.610(0.936)
[1 1 0 0 0 0 1 0 1 0 0 0 1 1 1 1 0 0 1 1 0 0 0 0 0 1 1 0 0 1 1 0 0 0 1 1 1
 1 1 1 1 1 0 1 0 1 0 0 1 0 1 1 0 1 0 1 1 1 1 1 1 0 1 0 1 1 1 1 0 1 0 0 1 1
 1 1 1 1 1 1 0 1 0 0 0 1 0 1 1 1 1 0 0 1 1 0 1 1 1 0]
At 18701/30000: COST 0.282/1.878(0.195) -- Acc 0.900/0.460(0.932)
[0 0 1 1 1 0 1 1 1 0 1 1 1 1 1 1 0 1 0 0 1 0 0 0 1 0 0 0 1 1 0 1 1 0 0 1 0
 1 1 0 1 0 1 0 1 1 1 1 0 1 0 0 1 1 1 0 1 1 0 1 0 1 1 1 0 0 1 1 0 0 1 1 0 0
 1 1 1 0 0 1 1 1 1 1 1 0 0 1 1 0 0 1 1 1 0 0 0 1 0 1]
At 18801/30000: COST 0.218/1.765(0.190) -- Acc 0.940/0.530(0.933)
[1 1 0 1 1 1 1 1 1 1 1 1 1 1 1 1 1 1 0 1 1 0 0 1 0 1 0 1 0 0 0 0 0 1 1 1 0
 0 0 0 0 0 1 1 1 1 0 0 0 0 1 0 1 0 1 1 0 0 1 1 0 1 0 0 0 1 1 1 0 0 0 0 0 1
 1 0 0 0 0 1 1 1 0 0 1 0 0 1 1 0 0 1 1 1 0 0 1 1 1 1]
At 18901/30000: COST 0.195/2.003(0.177) -- Acc 0.920/0.510(0.938)
[1 1 0 0 1 1 1 1 1 0 0 0 0 0 1 0 1 1 1 1 0 1 1 0 1 1 0 0 1 0 0 0 1 0 1 1 1
 1 1 1 1 1 1 1 1 0 0 1 1 1 0 1 0 1 1 0 1 1 1 1 0 0 1 1 1 0 1 0 1 1 0 1 0 0
 0 0 0 1 1 1 1 0 0 0 0 1 0 1 1 0 0 1 0 0 1 1 1 1 0 1]
At 19001/30000: COST 0.200/1.636(0.196) -- Acc 0.930/0.560(0.930)
[0 1 0 0 1 0 0 1 1 1 1 0 1 0 1 0 1 0 0 0 0 1 1 0 1 0 1 0 0 1 1 0 1 1 1 1 1
 1 0 0 0 1 0 1 0 1 0 0 1 1 1 1 1 0 1 1 0 1 1 0 0 1 0 0 0 1 1 0 1 0 0 1 0 1
 1 0 0 1 1 1 1 1 1 1 1 1 1 1 0 0 0 1 0 1 1 1 1 0 1 1]
At 19101/30000: COST 0.186/1.739(0.202) -- Acc 0.940/0.510(0.929)
[1 1 1 1 0 1 0 0 1 0 0 1 0 1 1 0 0 0 1 0 1 0 1 1 1 0 1 0 1 0 0 0 1 0 1 0 0
 1 0 0 1 1 1 1 1 1 1 0 1 0 0 1 0 0 1 1 1 0 0 1 0 1 1 1 0 0 0 1 1 0 0 0 0 1
 1 0 1 0 1 1 1 0 1 1 1 1 1 1 1 0 0 1 0 0 0 0 1 1 0 0]
At 19201/30000: COST 0.165/1.844(0.197) -- Acc 0.950/0.500(0.931)
[0 0 1 1 1 0 0 1 0 0 1 1 1 0 0 0 1 0 1 0 0 1 0 0 1 0 0 1 0 1 1 1 1 1 1 1 1
 1 1 0 1 1 0 0 1 0 1 0 1 1 0 0 1 0 1 1 0 0 0 1 1 1 1 1 0 1 1 0 0 1 0 0 0 1
 1 1 0 0 1 1 0 1 0 1 0 1 0 1 0 1 1 0 1 1 1 1 0 1 1 1]
At 19301/30000: COST 0.219/1.684(0.223) -- Acc 0.920/0.520(0.920)
[1 1 0 0 1 1 1 1 1 1 1 1 1 1 1 1 0 1 1 1 1 1 1 1 0 1 1 1 0 0 1 0 0 1 1 1 1
 1 1 0 0 0 0 1 0 0 1 0 0 1 0 1 0 1 0 1 1 0 1 1 0 0 1 0 1 1 0 0 0 1 0 1 1 0
 0 0 1 1 1 1 0 1 1 0 0 0 0 1 1 1 0 1 1 1 1 0 1 1 1 0]
At 19401/30000: COST 0.177/1.714(0.230) -- Acc 0.930/0.470(0.918)
[0 1 0 1 1 1 1 0 1 1 1 1 1 0 0 0 1 1 0 1 1 1 1 0 0 1 1 1 1 1 1 0 1 1 1 0 1
 1 1 0 1 1 1 1 0 1 1 0 0 1 1 0 0 0 0 1 0 1 1 0 1 1 1 0 1 1 1 1 0 0 1 1 1 1
 1 1 0 0 0 1 1 0 0 1 0 0 1 1 1 0 0 1 0 1 0 0 0 0 1 0]
At 19501/30000: COST 0.245/1.478(0.233) -- Acc 0.950/0.520(0.917)
[0 1 1 1 0 1 0 0 1 1 0 0 1 1 1 0 1 1 1 1 0 1 1 1 1 1 1 0 1 0 1 1 1 0 0 0 0
 1 0 1 1 0 1 0 0 1 1 1 0 0 0 0 1 0 0 0 1 0 0 1 1 1 1 0 1 1 0 1 1 1 0 0 1 1
 0 0 1 0 1 1 0 0 1 1 1 0 1 0 0 0 0 1 1 0 0 0 0 0 0 0]
At 19601/30000: COST 0.162/1.590(0.244) -- Acc 0.940/0.510(0.911)
[0 0 0 0 1 1 1 0 1 0 1 0 1 1 1 0 1 0 0 0 0 0 0 0 1 1 0 1 1 1 0 0 0 1 0 0 0
 1 0 0 0 1 1 1 1 1 0 1 1 1 1 0 0 1 1 1 1 0 0 1 0 0 0 0 1 1 0 1 0 1 1 1 0 1
 0 0 0 1 1 0 0 1 1 1 0 0 1 1 0 1 0 1 1 1 0 1 0 1 1 1]
At 19701/30000: COST 0.173/1.886(0.227) -- Acc 0.920/0.470(0.918)
[1 1 0 0 1 0 1 0 0 0 0 0 0 1 0 0 1 0 0 0 1 0 1 0 1 1 0 0 0 0 0 1 0 0 1 0 0
 1 1 1 1 1 0 1 1 1 1 1 1 1 1 0 1 0 0 1 0 1 0 1 0 1 1 1 1 0 0 0 0 0 1 1 1 0
 1 1 1 1 1 0 1 1 1 1 0 1 1 1 0 1 1 0 1 1 1 1 0 1 1 0]
At 19801/30000: COST 0.284/1.704(0.218) -- Acc 0.890/0.470(0.922)
[1 1 1 0 1 0 1 1 1 1 0 1 1 1 1 0 1 1 1 1 1 0 1 0 0 0 0 1 0 0 0 0 1 0 0 1 0
 0 0 1 0 0 0 1 1 1 0 1 0 1 0 0 1 1 0 1 1 0 0 1 0 1 0 0 0 0 1 0 1 1 1 1 0 0
 0 0 0 0 0 1 0 0 0 1 1 0 0 1 1 1 0 1 0 1 1 0 1 0 0 1]
At 19901/30000: COST 0.222/1.596(0.228) -- Acc 0.930/0.520(0.916)
[0 0 1 1 1 0 0 1 1 0 0 1 0 0 0 1 0 0 1 1 0 0 1 1 1 1 0 0 0 1 1 0 0 1 1 0 1
 1 0 1 0 1 1 1 0 1 1 1 1 1 1 0 1 1 0 0 0 1 0 1 0 1 1 1 1 0 1 0 0 1 0 0 0 1
 1 1 0 0 1 0 0 0 0 1 0 1 1 1 1 0 1 1 0 1 1 0 1 1 1 0]
At 20001/30000: COST 0.277/1.600(0.247) -- Acc 0.890/0.480(0.906)
[0 1 1 1 1 0 1 1 0 1 0 1 0 1 1 0 1 1 0 1 0 0 0 0 1 0 0 0 0 1 0 1 1 0 1 1 0
 1 1 0 1 0 0 1 1 0 1 0 1 1 1 1 1 1 1 0 0 0 0 1 1 0 1 1 1 1 1 1 0 0 0 0 0 0
 0 0 1 1 0 0 1 1 1 1 1 0 0 1 1 1 1 1 1 0 0 1 0 1 0 1]
At 20101/30000: COST 0.171/1.651(0.248) -- Acc 0.940/0.510(0.909)
[0 1 1 0 0 0 0 0 1 0 1 1 0 1 0 0 1 1 1 1 1 1 0 0 1 0 1 0 1 1 0 0 1 1 0 1 1
 0 1 1 0 1 0 1 1 1 0 1 1 1 1 0 0 0 1 1 0 1 0 0 0 1 0 0 1 1 0 0 1 1 0 0 1 1
 0 1 1 0 0 0 1 0 0 0 1 1 0 1 1 0 0 1 0 1 0 0 1 1 1 1]
At 20201/30000: COST 0.152/1.567(0.250) -- Acc 0.960/0.500(0.906)
[1 1 1 1 1 1 1 0 1 1 0 1 1 0 0 0 0 0 0 1 0 0 0 0 0 0 1 0 1 1 1 0 1 1 0 0 0
 1 1 1 0 1 1 1 0 1 0 1 1 0 0 1 1 1 1 1 1 1 0 0 0 0 0 1 1 0 0 1 0 1 1 1 1 1
 0 0 0 0 0 1 0 0 0 1 0 1 0 0 1 0 0 0 1 1 1 0 1 1 1 0]
At 20301/30000: COST 0.351/1.341(0.273) -- Acc 0.860/0.510(0.895)
[0 1 1 0 1 0 1 1 1 1 0 1 0 0 1 0 0 0 0 1 1 1 1 1 1 1 1 1 0 0 1 1 1 1 0 1 0
 1 0 1 1 0 1 0 1 0 1 1 0 0 0 0 1 1 1 1 0 0 1 1 1 1 0 1 1 0 0 0 1 1 0 0 0 1
 0 1 1 1 1 1 1 0 1 0 1 0 0 1 0 0 0 0 0 1 0 0 0 0 0 1]
At 20401/30000: COST 0.193/1.478(0.287) -- Acc 0.930/0.450(0.889)
[0 0 0 0 1 1 0 1 0 0 1 1 0 0 1 1 1 0 1 0 0 1 1 0 1 0 0 0 1 0 0 1 0 1 0 1 0
 1 1 0 1 1 1 0 1 0 1 0 0 1 1 1 0 1 0 0 1 0 1 0 1 1 0 1 0 1 0 1 1 1 1 0 1 1
 1 1 1 0 1 0 1 0 1 1 0 1 1 0 0 1 0 0 1 0 0 1 1 1 0 1]
At 20501/30000: COST 0.218/1.707(0.261) -- Acc 0.920/0.510(0.901)
[1 0 1 1 1 0 0 0 0 1 0 0 1 1 1 1 0 1 0 0 0 1 0 1 1 1 1 0 0 1 0 0 1 0 0 1 1
 1 1 1 1 0 0 0 0 0 1 1 0 1 0 1 0 0 1 1 0 1 1 1 1 1 0 0 1 1 0 0 0 1 0 0 0 0
 1 0 0 0 1 1 0 1 1 0 0 0 1 1 1 0 1 1 1 1 1 0 1 1 0 1]
At 20601/30000: COST 0.204/1.656(0.247) -- Acc 0.920/0.480(0.906)
[1 1 0 0 1 1 1 1 0 0 1 0 0 0 1 1 0 1 0 0 0 0 1 0 1 1 0 0 1 1 0 1 0 1 1 1 1
 0 1 1 0 0 1 1 1 0 1 1 0 1 1 1 0 1 1 1 0 1 0 0 0 0 1 1 1 1 1 0 0 1 1 0 0 1
 1 0 0 1 1 0 0 1 1 0 0 0 0 0 1 1 1 0 1 0 0 0 1 0 0 1]
At 20701/30000: COST 0.206/1.336(0.270) -- Acc 0.920/0.540(0.897)
[0 0 1 0 1 1 1 0 0 0 0 1 1 1 1 0 1 1 0 0 0 1 1 1 0 0 1 1 0 0 1 0 1 0 1 1 0
 0 1 1 0 1 1 1 0 0 1 0 1 1 1 0 0 1 0 0 1 0 0 0 0 1 0 1 1 1 0 0 0 0 0 1 0 1
 1 1 0 0 0 0 1 1 0 1 1 1 1 0 1 0 0 0 0 0 1 1 0 1 1 1]
At 20801/30000: COST 0.266/1.695(0.270) -- Acc 0.910/0.430(0.897)
[0 1 0 0 1 1 1 1 0 1 1 1 1 1 0 1 0 0 0 1 1 0 0 0 1 0 1 1 0 1 0 0 1 0 0 0 0
 1 0 1 1 1 0 1 1 1 1 1 1 0 1 1 0 1 1 1 0 0 1 1 0 1 1 0 1 0 0 1 0 0 0 0 1 0
 1 0 0 0 0 1 1 1 1 1 0 0 1 0 0 0 0 1 0 1 0 1 1 1 0 0]
At 20901/30000: COST 0.359/1.466(0.294) -- Acc 0.880/0.450(0.887)
[0 1 1 1 0 1 1 1 0 1 1 0 0 1 1 1 1 0 0 1 0 0 0 0 1 1 1 1 0 0 1 0 0 0 1 0 0
 0 0 1 1 0 0 0 1 1 1 0 0 1 0 1 1 0 0 1 1 1 1 0 1 1 1 0 1 0 0 0 1 1 1 0 1 1
 1 1 0 1 1 1 0 0 0 1 0 1 0 1 1 1 1 1 1 0 0 1 0 0 0 1]
At 21001/30000: COST 0.317/1.358(0.319) -- Acc 0.880/0.440(0.876)
[0 1 1 0 1 0 0 1 0 1 0 0 0 1 1 1 0 1 0 1 0 1 0 0 1 1 0 0 0 0 1 0 1 0 0 1 1
 1 1 1 1 1 0 1 1 0 0 1 1 1 0 1 0 0 0 1 0 0 0 0 1 0 1 1 0 0 1 1 1 0 0 1 0 1
 1 1 1 0 0 1 0 0 1 1 1 1 1 1 1 0 0 1 1 0 0 1 0 0 1 1]
At 21101/30000: COST 0.327/1.189(0.343) -- Acc 0.840/0.460(0.864)
[0 0 0 0 0 0 1 1 0 1 1 1 0 0 1 1 1 0 0 0 0 0 1 1 1 1 1 0 1 0 0 1 1 1 0 1 1
 0 1 1 1 0 0 1 1 1 0 1 0 1 1 0 1 0 0 1 0 1 1 1 1 1 0 1 1 1 0 0 0 0 0 1 1 1
 0 1 0 0 1 1 1 1 1 0 1 0 1 0 1 1 0 1 1 0 0 0 1 1 0 0]
At 21201/30000: COST 0.462/1.068(0.405) -- Acc 0.770/0.440(0.828)
[1 0 1 0 0 0 1 1 0 0 0 1 1 0 1 1 0 1 1 1 1 0 0 1 0 1 1 0 0 0 1 1 0 0 1 0 0
 0 1 1 0 1 1 1 0 0 1 0 0 1 0 1 1 0 1 0 0 1 0 1 1 0 1 1 1 0 1 1 1 1 0 1 1 1
 0 1 1 0 0 0 1 0 0 1 0 1 1 1 0 0 0 1 0 0 1 0 1 1 0 1]
At 21301/30000: COST 0.399/1.094(0.420) -- Acc 0.790/0.500(0.817)
[1 0 0 1 0 0 0 1 1 1 1 0 1 1 0 0 1 1 1 0 0 0 0 1 1 1 1 0 0 1 1 1 0 1 1 0 1
 0 1 1 0 1 0 1 0 1 0 0 0 1 1 0 1 1 1 0 0 0 0 0 0 1 1 0 0 0 1 1 1 0 1 0 0 0
 1 1 1 0 1 0 0 0 0 0 0 1 0 0 1 1 0 0 0 0 1 1 1 1 0 0]
At 21401/30000: COST 0.431/0.908(0.429) -- Acc 0.820/0.550(0.813)
[0 1 0 0 0 0 1 0 0 0 0 1 1 1 0 0 1 1 0 1 1 1 1 1 0 1 0 1 1 1 0 1 0 0 0 0 1
 1 0 0 1 0 0 1 0 1 1 1 1 1 1 0 0 1 1 1 1 1 0 0 0 1 1 0 1 0 0 0 1 0 1 0 1 0
 0 1 1 1 1 0 0 0 1 1 0 0 0 1 0 1 1 0 0 0 1 0 0 0 1 1]
At 21501/30000: COST 0.409/1.041(0.423) -- Acc 0.870/0.530(0.818)
[1 1 1 0 0 1 1 0 0 0 0 1 1 0 1 0 0 0 0 0 0 0 1 0 1 0 1 0 0 1 0 0 1 0 1 0 0
 0 0 1 1 1 1 1 1 0 1 0 1 0 0 1 1 1 0 1 1 1 1 1 0 1 1 1 1 1 0 0 0 0 1 1 1 0
 1 1 0 1 0 1 1 0 1 0 0 1 1 0 0 0 0 1 0 1 0 1 1 0 0 1]
At 21601/30000: COST 0.491/1.089(0.422) -- Acc 0.760/0.500(0.817)
[1 0 1 0 0 0 1 1 1 1 1 1 1 1 0 0 0 1 1 1 1 1 0 0 0 1 0 0 0 0 1 1 1 1 1 0 0
 1 0 0 1 1 1 0 1 1 0 1 0 0 0 1 1 0 0 0 0 0 0 0 0 0 1 1 1 0 1 1 0 1 0 0 1 1
 1 0 0 0 0 1 1 1 0 1 1 1 1 1 1 1 1 0 0 0 0 0 0 0 1 1]
At 21701/30000: COST 0.275/1.066(0.418) -- Acc 0.890/0.510(0.817)
[0 1 0 1 0 0 1 0 0 0 0 0 0 0 1 0 0 1 0 1 1 1 0 0 0 1 0 1 1 1 1 1 0 1 1 0 1
 0 1 1 1 1 0 1 1 1 1 0 1 0 1 1 1 0 0 0 1 0 0 0 1 0 1 1 0 1 1 1 1 0 1 1 0 0
 1 0 0 0 1 0 1 0 1 1 1 0 0 1 1 0 1 1 1 1 1 0 1 0 1 1]
At 21801/30000: COST 0.389/1.115(0.425) -- Acc 0.820/0.460(0.815)
[0 1 1 1 1 0 0 1 1 0 1 1 0 1 0 0 0 0 0 1 0 0 1 1 0 1 1 1 0 0 0 0 0 0 0 1 1
 1 0 0 0 0 1 1 1 0 1 1 0 0 1 1 1 0 0 0 1 1 0 1 0 0 0 0 1 0 0 0 1 0 1 1 1 0
 1 1 1 0 1 1 1 1 0 0 0 1 1 1 1 1 1 0 0 0 1 1 1 1 1 1]
At 21901/30000: COST 0.447/1.039(0.424) -- Acc 0.820/0.480(0.816)
[0 0 1 0 0 0 1 1 1 0 1 0 0 1 1 0 1 1 1 0 0 1 1 1 1 0 0 1 1 0 0 1 1 1 1 0 1
 1 0 1 0 0 1 0 1 0 1 1 1 0 0 0 0 0 1 1 0 0 1 1 0 1 0 0 1 1 1 0 1 1 1 0 1 1
 1 1 1 0 0 0 0 0 0 0 1 1 0 0 1 0 0 1 0 1 1 1 1 0 0 1]
At 22001/30000: COST 0.507/1.200(0.417) -- Acc 0.780/0.440(0.823)
[1 0 1 0 1 0 1 0 1 1 0 0 1 1 0 1 1 1 0 0 0 0 1 0 0 0 0 1 1 1 0 1 1 1 1 0 1
 1 1 0 0 0 1 1 1 1 0 0 0 1 0 0 1 1 0 1 0 1 0 1 1 1 1 1 1 1 1 1 1 0 0 0 0 1
 1 1 0 1 1 1 1 0 0 1 0 0 0 0 0 0 1 1 1 0 1 1 0 1 1 0]
At 22101/30000: COST 0.357/1.111(0.402) -- Acc 0.890/0.510(0.831)
[1 1 0 0 0 1 0 1 0 1 0 1 0 1 1 0 1 0 1 0 0 1 0 0 0 1 1 1 0 1 1 0 1 1 0 1 0
 0 0 0 1 0 1 1 1 1 0 0 0 1 1 0 1 1 0 0 0 1 1 1 0 1 1 1 1 0 0 0 0 0 1 1 1 0
 1 0 1 1 0 1 0 1 0 1 1 0 0 1 1 1 1 1 1 0 0 1 0 1 1 1]
At 22201/30000: COST 0.468/1.053(0.416) -- Acc 0.820/0.440(0.819)
[0 1 0 1 1 0 0 1 0 1 1 0 0 1 1 0 1 1 1 1 1 0 1 1 0 0 0 0 1 1 1 0 0 1 1 1 1
 1 0 0 0 0 0 0 0 0 0 1 1 0 1 1 0 1 1 0 0 1 0 0 0 0 1 0 1 1 1 0 0 0 0 1 0 1
 1 0 0 1 0 1 0 0 1 0 1 0 0 1 0 1 1 1 1 0 1 1 0 1 0 1]
At 22301/30000: COST 0.443/0.981(0.450) -- Acc 0.820/0.470(0.797)
[1 1 0 0 1 0 0 0 1 0 1 0 1 0 1 0 0 1 1 0 1 1 1 1 0 0 1 1 1 1 0 0 1 0 0 1 0
 1 0 1 1 0 1 0 0 1 0 1 0 0 1 0 1 1 1 0 0 0 0 0 1 1 0 1 1 1 1 0 1 0 0 1 0 0
 0 0 1 1 1 1 1 0 1 0 1 1 0 0 1 1 1 0 1 0 1 0 1 1 0 1]
At 22401/30000: COST 0.548/1.039(0.461) -- Acc 0.770/0.440(0.793)
[0 0 1 1 0 0 1 0 1 0 0 1 1 0 0 1 0 1 0 1 1 1 1 1 1 0 0 1 1 0 1 1 0 1 1 1 0
 0 1 0 1 1 0 1 1 0 0 0 1 0 0 0 1 1 1 1 1 0 0 0 1 0 1 1 1 0 0 1 1 1 1 1 0 1
 1 1 1 1 0 1 1 1 0 1 1 1 1 0 1 0 0 1 1 1 1 0 0 0 1 0]
At 22501/30000: COST 0.413/1.110(0.453) -- Acc 0.810/0.460(0.798)
[1 1 0 1 0 0 1 0 1 0 0 1 1 1 1 1 1 0 0 1 0 1 0 1 0 1 0 1 0 0 1 1 0 0 0 0 1
 0 0 0 1 1 0 1 0 1 0 1 1 1 1 1 0 0 0 0 1 0 0 1 0 0 1 0 1 1 1 0 0 0 1 1 1 0
 1 1 1 1 0 0 0 1 0 1 1 1 1 0 1 1 1 1 0 1 1 1 1 1 1 1]
At 22601/30000: COST 0.499/0.909(0.455) -- Acc 0.790/0.520(0.797)
[0 0 1 1 1 1 1 0 1 0 1 0 1 0 1 1 1 1 0 0 1 1 1 1 1 0 0 1 0 1 0 1 1 0 1 1 1
 1 0 1 1 1 1 1 1 0 0 0 0 1 1 0 0 1 0 1 0 1 1 1 1 1 1 0 1 0 0 1 1 1 0 0 1 1
 0 1 1 1 1 0 0 0 1 1 0 1 1 0 0 0 0 0 0 1 1 0 1 1 0 1]
At 22701/30000: COST 0.497/0.913(0.470) -- Acc 0.730/0.530(0.788)
[0 0 1 1 1 1 0 1 0 1 0 1 1 0 0 0 1 0 0 0 1 1 0 1 1 0 1 1 0 1 0 0 0 1 1 1 1
 0 1 0 1 0 1 1 1 0 0 1 1 0 0 0 1 1 1 1 0 1 0 0 1 0 1 1 0 1 1 1 0 1 0 0 0 0
 1 1 1 0 0 1 1 0 1 1 0 1 0 0 1 1 0 0 1 0 0 1 1 0 1 1]
At 22801/30000: COST 0.524/0.854(0.505) -- Acc 0.750/0.490(0.759)
[1 1 0 1 1 1 1 1 0 0 1 1 0 1 1 1 0 0 1 1 1 1 1 1 1 1 1 1 1 0 1 1 1 1 1 0 0
 1 0 1 0 1 0 1 1 1 0 1 0 0 1 1 1 0 0 1 1 1 1 1 0 0 1 1 0 0 1 1 1 0 0 1 1 0
 0 0 0 1 1 1 0 1 1 0 0 1 1 1 0 0 0 1 0 0 1 1 1 1 1 1]
At 22901/30000: COST 0.546/0.865(0.527) -- Acc 0.710/0.440(0.742)
[1 0 1 1 1 0 1 0 1 1 0 1 0 1 1 0 1 0 0 1 1 0 1 0 0 1 1 0 0 1 1 0 0 1 1 1 1
 0 1 1 0 1 1 1 1 0 1 1 0 0 0 1 1 1 1 0 1 1 1 1 0 1 1 1 1 1 0 1 1 0 1 0 0 0
 0 0 1 1 1 1 0 1 1 0 1 1 1 0 1 1 0 1 0 1 1 1 1 1 0 1]
At 23001/30000: COST 0.482/0.988(0.524) -- Acc 0.770/0.450(0.739)
[1 0 1 1 1 0 1 0 0 1 1 0 0 0 1 1 1 1 1 1 0 1 0 1 1 1 0 1 0 1 0 1 1 1 0 1 0
 1 1 1 1 1 0 0 1 0 1 0 1 1 0 0 0 1 1 1 1 1 1 0 1 0 1 0 0 1 0 1 1 1 0 0 1 1
 1 1 0 1 1 0 1 0 0 1 0 1 0 0 1 0 0 0 1 0 0 0 0 1 1 1]
At 23101/30000: COST 0.712/0.908(0.531) -- Acc 0.630/0.450(0.738)
[1 0 1 1 1 1 1 1 0 0 1 0 1 1 0 0 0 0 0 1 1 0 1 0 1 1 1 0 0 1 0 1 1 1 1 1 0
 0 0 1 1 0 0 0 1 0 1 1 1 1 1 0 1 1 0 1 1 0 1 1 1 0 1 1 0 1 1 1 0 1 1 0 1 0
 0 0 1 0 0 0 1 1 1 1 0 1 1 1 1 1 1 1 1 0 0 1 0 1 1 1]
At 23201/30000: COST 0.586/0.862(0.548) -- Acc 0.720/0.510(0.725)
[1 1 1 1 0 0 0 1 0 1 0 0 1 0 1 0 1 1 0 1 1 1 1 1 1 1 1 0 0 0 0 0 0 0 1 1 0
 1 0 1 1 0 1 1 1 1 1 0 0 0 0 0 1 0 0 1 1 1 0 0 1 0 1 1 1 0 1 0 1 0 1 1 0 0
 0 1 1 1 0 0 0 1 0 1 1 0 1 1 0 0 1 1 1 1 1 1 1 1 0 1]
At 23301/30000: COST 0.592/0.816(0.581) -- Acc 0.710/0.460(0.697)
[1 1 1 1 1 0 1 1 0 1 1 1 0 1 0 1 1 0 1 0 0 0 1 1 1 0 1 1 0 1 1 0 0 1 0 0 0
 1 1 1 0 1 0 1 0 0 1 0 0 1 1 0 0 0 0 1 0 0 1 0 0 1 0 1 0 0 1 1 1 1 0 0 1 1
 1 1 0 1 0 1 1 1 0 1 0 1 1 0 0 0 1 1 0 0 0 1 0 0 1 1]
At 23401/30000: COST 0.618/0.815(0.583) -- Acc 0.680/0.510(0.694)
[0 1 0 0 1 0 0 1 0 1 1 1 0 1 0 1 1 0 0 1 1 0 1 0 1 0 1 0 0 1 1 1 1 0 1 0 1
 1 0 1 1 1 1 1 1 0 0 1 1 1 1 0 1 0 0 1 1 1 1 0 0 1 0 1 1 0 1 0 0 1 0 0 1 1
 0 0 1 1 1 1 1 1 0 1 1 1 1 0 1 0 0 0 1 0 1 1 1 0 0 1]
At 23501/30000: COST 0.598/0.770(0.578) -- Acc 0.660/0.560(0.699)
[0 0 0 1 1 1 1 0 0 0 0 1 1 1 1 0 0 1 1 1 1 0 0 0 0 0 1 0 1 1 1 1 0 1 1 0 1
 0 1 1 0 1 1 0 0 1 0 1 1 0 1 0 1 1 1 0 1 1 1 1 0 0 1 0 0 0 0 1 1 1 1 1 1 0
 0 1 1 1 0 1 0 1 0 1 1 1 0 1 0 1 1 1 1 0 0 1 0 1 0 1]
At 23601/30000: COST 0.611/0.846(0.582) -- Acc 0.640/0.490(0.695)
[1 0 1 1 1 1 0 0 0 1 0 0 0 1 0 1 1 0 1 1 0 1 0 0 1 1 1 1 1 0 0 1 1 1 1 1 1
 0 1 0 0 1 1 0 1 1 1 1 1 1 0 1 0 0 0 1 1 1 0 0 0 0 1 0 0 0 0 0 1 1 1 1 0 1
 1 1 1 1 0 0 0 1 0 1 1 1 0 1 0 0 0 0 0 1 1 0 0 0 1 1]
At 23701/30000: COST 0.591/0.811(0.581) -- Acc 0.680/0.520(0.695)
[1 1 1 1 1 0 1 1 0 1 0 1 1 1 0 1 0 0 0 1 1 0 1 0 0 1 0 0 1 0 0 0 1 0 0 1 1
 1 1 0 1 0 0 1 1 1 0 0 1 1 1 0 0 0 0 1 0 0 0 0 1 0 0 0 1 0 0 0 1 1 1 1 0 1
 0 0 1 0 0 1 1 1 0 0 0 1 1 1 1 1 0 0 0 1 1 0 0 1 0 1]
At 23801/30000: COST 0.528/0.880(0.574) -- Acc 0.760/0.530(0.704)
[1 0 1 1 1 1 1 1 1 1 1 0 1 1 0 1 1 1 0 1 1 1 1 0 0 1 1 0 0 0 1 0 1 0 1 0 0
 0 1 1 1 1 0 0 0 0 0 0 0 0 1 0 1 1 0 0 0 1 1 0 0 1 0 1 1 1 0 1 0 1 1 1 1 1
 0 1 0 0 1 1 1 0 1 1 1 0 0 1 1 1 0 0 0 0 1 0 1 1 0 1]
At 23901/30000: COST 0.683/0.774(0.588) -- Acc 0.630/0.540(0.691)
[0 0 1 1 0 0 0 0 0 1 0 0 1 0 0 1 1 0 0 1 0 0 1 0 0 0 0 0 1 1 0 1 1 1 1 1 0
 0 1 1 0 0 1 1 1 0 0 1 1 0 1 1 0 1 0 1 0 1 1 1 1 1 0 1 0 1 1 0 1 0 1 1 0 0
 0 0 1 1 0 0 0 0 1 1 0 0 0 0 1 1 0 1 0 1 1 1 1 0 0 0]
At 24001/30000: COST 0.584/0.780(0.605) -- Acc 0.710/0.490(0.675)
[0 1 0 1 1 1 1 0 0 1 0 1 0 0 1 0 1 1 1 0 1 0 0 1 1 1 1 0 1 1 1 1 1 1 0 1 0
 1 0 0 0 0 1 0 1 0 0 1 1 0 0 0 1 1 0 0 1 0 1 0 0 0 1 1 0 1 0 1 1 0 1 1 1 1
 1 1 0 1 1 0 1 1 1 1 1 1 1 1 1 1 0 1 1 1 0 0 1 0 0 1]
At 24101/30000: COST 0.684/0.746(0.624) -- Acc 0.630/0.530(0.656)
[1 0 1 1 0 1 1 0 1 0 0 0 0 1 1 1 0 0 1 0 1 0 1 1 0 1 0 1 0 0 1 1 0 0 0 1 1
 1 1 1 0 1 1 0 1 1 0 1 1 1 1 1 0 1 1 1 0 0 1 0 0 0 1 0 1 1 0 0 0 0 0 0 1 1
 0 0 1 1 1 0 0 0 1 1 1 0 0 1 1 0 0 0 1 0 1 1 1 1 1 1]
At 24201/30000: COST 0.668/0.715(0.634) -- Acc 0.620/0.540(0.645)
[1 1 1 1 1 1 1 1 1 1 0 0 1 1 0 1 1 0 1 0 1 0 0 1 1 1 0 0 1 1 0 0 1 0 0 1 0
 1 1 1 0 1 0 0 0 0 1 0 1 1 1 1 1 1 0 1 0 0 1 0 0 1 1 1 0 1 1 1 0 0 1 1 1 1
 1 1 0 1 0 1 0 1 1 0 1 1 1 1 1 1 1 1 1 1 1 0 1 1 0 0]
At 24301/30000: COST 0.669/0.710(0.636) -- Acc 0.590/0.540(0.641)
[1 1 0 1 1 1 1 1 0 1 1 1 1 1 0 0 1 0 1 1 0 0 0 0 1 1 0 1 1 1 1 1 0 1 1 0 0
 1 1 1 0 1 1 1 1 0 1 1 0 1 1 1 1 1 0 1 0 1 1 0 1 1 0 0 1 0 1 1 1 0 0 0 1 1
 0 0 0 0 1 1 1 1 0 1 0 1 1 1 0 1 1 1 1 1 1 0 1 1 0 1]
At 24401/30000: COST 0.648/0.766(0.642) -- Acc 0.620/0.510(0.632)
[1 0 1 1 1 1 1 1 1 1 0 0 0 0 1 0 0 1 1 1 1 1 0 1 0 0 1 1 0 1 1 0 1 1 1 1 1
 1 0 1 0 0 1 1 0 0 0 1 0 0 0 1 0 1 0 0 1 0 0 1 1 1 1 1 1 0 0 0 1 0 1 0 1 0
 0 1 1 1 1 1 0 1 1 1 0 0 1 0 1 0 1 1 0 0 1 1 1 1 0 1]
At 24501/30000: COST 0.596/0.707(0.642) -- Acc 0.680/0.580(0.633)
[0 1 0 0 0 1 0 1 0 0 0 0 0 1 0 1 1 1 0 0 1 1 0 1 1 1 1 0 1 1 1 1 1 0 1 0 0
 1 0 1 1 1 1 1 1 1 1 0 1 1 1 1 1 1 1 1 1 1 1 1 1 1 1 1 1 0 0 1 1 1 1 1 0 0
 1 1 0 0 0 1 1 1 0 1 1 0 1 1 1 1 0 1 1 1 1 0 0 0 1 1]
At 24601/30000: COST 0.661/0.754(0.648) -- Acc 0.620/0.560(0.625)
[0 1 0 0 1 1 1 1 1 0 0 0 1 0 1 1 0 0 1 0 0 1 1 0 0 0 0 0 0 1 1 1 1 0 1 1 0
 1 1 0 0 1 1 1 1 0 1 1 0 1 0 1 1 1 1 0 0 1 0 1 0 1 1 0 0 0 0 1 0 1 1 0 1 0
 1 0 1 1 0 0 1 1 1 1 1 0 1 0 1 1 0 1 1 0 0 0 1 1 0 1]
At 24701/30000: COST 0.659/0.784(0.649) -- Acc 0.600/0.500(0.621)
[1 0 1 1 0 0 1 0 0 0 1 1 0 0 1 0 0 1 0 1 0 0 1 0 1 0 1 0 0 0 0 1 1 0 0 1 0
 1 1 1 1 1 1 0 1 0 1 1 0 0 1 0 1 0 0 1 1 0 1 1 1 1 1 1 1 1 1 1 1 0 0 0 0 0
 1 0 0 0 1 1 1 1 1 1 1 1 1 1 0 1 0 1 0 0 1 1 0 1 0 0]
At 24801/30000: COST 0.698/0.727(0.653) -- Acc 0.580/0.560(0.614)
[1 0 1 0 0 1 0 1 0 1 1 1 1 0 1 1 1 0 1 1 0 0 0 1 1 0 1 1 0 1 1 1 1 1 0 1 1
 1 1 1 1 1 1 1 1 0 1 0 1 0 0 1 0 1 0 1 1 0 1 0 0 1 1 1 0 1 1 0 1 0 1 0 0 0
 0 1 0 1 0 1 1 1 0 0 0 1 1 0 1 1 1 1 1 1 0 0 0 0 1 1]
At 24901/30000: COST 0.674/0.738(0.658) -- Acc 0.570/0.500(0.609)
[1 1 1 1 0 1 0 1 0 0 1 0 0 1 1 1 0 1 1 0 1 0 1 0 1 1 0 1 0 1 1 0 1 0 0 1 1
 0 1 1 1 1 1 0 0 1 1 0 0 1 0 0 0 0 0 0 0 0 0 1 0 1 1 0 1 1 1 0 1 1 1 1 1 0
 0 0 1 1 0 1 0 1 0 1 0 1 0 0 0 1 1 0 0 0 1 0 1 1 0 0]
At 25001/30000: COST 0.633/0.745(0.657) -- Acc 0.680/0.530(0.614)
[0 1 0 1 1 1 1 1 0 0 0 1 1 1 1 0 1 1 1 0 0 1 0 1 1 0 0 0 0 1 0 1 1 1 1 0 1
 1 1 0 0 0 0 0 0 1 0 0 1 1 1 0 0 0 1 0 1 1 1 1 0 1 0 1 1 1 1 0 0 1 1 1 1 1
 1 1 0 0 1 0 0 0 1 0 0 0 0 0 1 1 0 1 1 1 1 0 1 1 0 0]
At 25101/30000: COST 0.675/0.728(0.663) -- Acc 0.600/0.500(0.600)
[1 0 1 1 0 0 0 0 1 1 1 1 1 0 1 1 0 0 1 0 1 0 0 0 1 1 0 1 0 1 0 1 0 1 1 0 0
 0 1 1 0 1 0 1 1 1 0 0 0 0 0 1 1 0 1 0 0 1 0 0 1 0 0 0 1 1 1 0 0 1 0 1 1 0
 0 1 0 1 1 1 0 0 1 1 1 1 0 1 1 0 0 1 0 0 1 1 0 1 1 0]
At 25201/30000: COST 0.680/0.768(0.668) -- Acc 0.570/0.460(0.588)
[0 0 1 0 1 0 1 0 0 1 0 0 0 1 1 0 0 0 0 1 0 1 0 0 0 0 0 0 1 1 0 0 1 1 1 1 0
 0 1 1 1 0 0 1 0 1 1 1 1 0 0 1 0 0 0 1 1 0 1 0 1 1 1 0 0 0 1 0 1 0 1 1 1 1
 1 0 1 1 1 1 1 1 1 1 1 0 0 1 1 1 0 1 1 1 0 0 0 0 1 0]
At 25301/30000: COST 0.678/0.760(0.669) -- Acc 0.590/0.430(0.587)
[1 1 1 0 1 1 1 0 0 1 0 1 1 0 1 1 0 0 1 1 0 1 0 0 1 0 1 1 1 1 0 0 0 1 1 0 0
 1 1 1 0 1 0 0 0 1 1 1 1 1 0 1 0 0 0 0 1 1 1 0 0 0 1 1 1 1 1 1 0 0 0 0 1 0
 1 1 1 0 0 0 1 1 0 1 1 1 0 0 1 1 1 1 0 1 0 1 1 0 1 0]
At 25401/30000: COST 0.730/0.691(0.666) -- Acc 0.520/0.560(0.593)
[0 1 1 0 0 0 1 0 0 0 1 0 0 0 1 1 0 1 0 1 1 0 1 1 1 1 1 0 0 1 1 1 1 1 1 1 1
 1 0 1 1 0 1 0 0 0 1 0 0 1 0 0 1 0 1 1 1 0 1 1 0 0 1 1 0 1 1 1 1 1 0 1 0 1
 1 0 0 1 1 0 0 1 1 0 0 1 0 0 1 1 0 0 0 0 1 0 1 1 0 0]
At 25501/30000: COST 0.656/0.717(0.664) -- Acc 0.630/0.530(0.596)
[1 0 0 1 0 0 0 1 1 1 1 1 1 1 0 0 1 1 1 0 0 0 1 1 1 1 0 0 0 1 0 1 1 1 1 1 1
 1 1 1 1 1 1 1 0 0 1 1 1 0 0 1 0 0 0 1 0 0 1 1 0 1 1 0 0 0 1 0 1 1 1 0 0 1
 1 0 1 1 1 0 1 1 1 1 0 1 0 1 1 0 1 1 1 1 1 1 0 1 1 1]
At 25601/30000: COST 0.676/0.734(0.669) -- Acc 0.600/0.530(0.586)
[1 1 0 1 0 0 1 0 0 0 0 1 0 0 1 0 1 0 0 1 1 1 1 1 1 0 0 1 1 0 0 0 0 0 0 1 0
 1 0 0 0 0 1 0 1 0 1 0 0 1 1 0 1 0 1 0 0 1 1 0 1 1 1 0 0 0 1 1 1 1 1 1 0 1
 0 0 0 1 0 1 1 0 1 1 1 0 1 1 1 0 1 1 0 1 0 1 1 1 1 0]
At 25701/30000: COST 0.633/0.711(0.678) -- Acc 0.660/0.490(0.575)
[0 0 0 0 0 0 1 1 0 1 0 1 1 0 0 1 0 1 0 1 1 0 1 0 0 0 0 0 0 1 1 0 1 0 0 1 1
 0 0 1 0 1 0 1 0 0 0 1 1 1 1 1 0 0 0 1 0 0 0 0 0 0 0 1 0 1 0 0 0 1 0 1 1 1
 0 0 0 0 0 1 0 0 0 0 0 0 0 1 0 0 0 0 1 0 0 1 0 1 1 0]
At 25801/30000: COST 0.722/0.683(0.682) -- Acc 0.510/0.510(0.568)
[1 0 0 0 1 0 1 0 1 1 0 0 0 0 0 1 1 1 1 1 0 0 1 1 0 1 1 1 1 1 0 0 0 1 1 1 0
 0 0 0 1 1 0 1 1 1 0 0 0 1 0 0 0 1 1 1 1 1 1 1 1 1 0 1 0 0 0 0 0 1 1 0 0 0
 0 1 0 1 1 0 0 0 0 0 0 0 1 1 1 0 0 1 0 0 0 1 0 1 1 1]
At 25901/30000: COST 0.677/0.672(0.683) -- Acc 0.570/0.520(0.560)
[0 1 0 0 0 1 1 1 1 0 0 0 1 0 0 1 1 0 0 1 1 0 1 1 0 1 1 1 1 1 1 0 0 0 0 0 1
 0 1 0 1 0 1 0 0 0 1 0 1 0 0 0 0 0 1 0 0 1 1 0 0 0 1 0 0 0 0 1 0 0 0 1 1 0
 0 0 0 1 0 0 0 1 1 0 1 1 1 1 0 0 0 0 0 0 1 0 0 0 1 1]
At 26001/30000: COST 0.707/0.726(0.683) -- Acc 0.500/0.460(0.562)
[0 1 0 0 0 0 1 1 0 0 1 0 1 0 0 1 0 0 0 0 0 0 0 0 0 0 0 1 0 0 0 0 0 1 0 0 0
 0 0 0 0 0 1 0 0 0 0 0 0 0 0 0 0 0 0 0 0 0 0 0 0 0 0 1 0 0 0 0 1 0 0 0 0 0
 0 0 0 0 0 0 0 0 1 0 0 0 0 0 0 1 0 1 0 0 0 0 1 0 0 0]
At 26101/30000: COST 0.689/0.726(0.686) -- Acc 0.550/0.540(0.551)
[0 1 1 0 0 1 1 0 0 0 0 0 1 0 0 1 1 0 0 1 0 1 0 0 1 1 0 1 1 1 0 0 0 0 1 1 0
 0 0 0 0 0 1 0 1 1 0 0 1 0 1 0 1 1 1 1 1 1 1 1 1 1 1 1 1 0 0 0 1 1 0 1 1 0
 1 0 0 0 1 1 1 0 0 0 1 1 1 0 0 0 1 1 1 0 1 1 0 1 1 1]
At 26201/30000: COST 0.684/0.733(0.689) -- Acc 0.570/0.440(0.545)
[1 1 0 1 0 1 0 1 1 1 1 0 0 0 1 1 1 1 1 1 0 1 1 0 0 0 0 1 1 0 1 1 1 0 1 0 1
 1 0 0 1 0 1 1 1 1 1 1 1 1 1 1 1 1 1 1 1 1 0 0 0 1 1 1 1 1 0 1 0 1 1 0 0 1
 0 1 1 0 1 1 0 1 1 1 1 1 0 1 1 1 1 1 0 1 0 0 0 0 0 1]
At 26301/30000: COST 0.676/0.735(0.691) -- Acc 0.600/0.390(0.542)
[0 0 0 1 0 1 1 0 0 1 1 1 0 0 1 0 0 1 0 1 0 0 0 0 1 0 1 1 1 0 0 1 1 1 1 1 0
 1 1 1 0 1 1 0 0 1 1 0 1 0 0 0 1 0 0 1 0 0 1 1 1 0 0 1 1 0 0 1 1 1 0 1 0 1
 1 1 0 1 0 0 0 0 1 1 1 1 1 1 0 0 0 1 1 1 0 1 0 0 0 0]
At 26401/30000: COST 0.696/0.723(0.689) -- Acc 0.460/0.400(0.544)
[1 1 1 1 1 0 1 1 0 0 1 1 1 1 0 0 1 0 1 0 1 0 0 1 0 1 1 1 0 0 0 1 1 0 0 1 1
 0 0 1 1 1 0 1 1 0 1 1 1 1 1 1 1 1 0 1 0 0 1 1 0 0 1 1 1 1 0 1 1 1 1 1 1 1
 1 1 1 1 0 1 1 1 0 1 1 0 0 1 1 0 1 1 0 0 1 1 0 0 0 1]
At 26501/30000: COST 0.704/0.710(0.692) -- Acc 0.530/0.440(0.537)
[1 1 1 0 1 0 1 0 1 1 0 0 0 1 1 0 1 1 1 1 0 0 0 1 1 1 1 0 1 1 1 1 0 0 0 1 0
 1 0 1 1 1 0 1 0 0 0 0 0 1 0 0 1 0 0 0 0 0 0 1 0 1 0 1 0 0 0 1 1 1 0 0 0 0
 1 0 0 1 1 1 0 1 0 0 0 1 1 0 0 0 0 0 1 1 0 1 0 0 1 0]
At 26601/30000: COST 0.675/0.696(0.692) -- Acc 0.580/0.530(0.536)
[0 1 1 0 1 0 0 0 1 1 1 1 0 1 1 0 0 0 1 1 1 1 0 1 1 0 1 0 1 1 0 1 1 1 1 1 1
 1 0 1 1 1 1 1 1 1 0 1 0 0 1 1 0 1 1 0 1 0 0 1 1 1 1 1 1 0 1 1 1 1 0 0 1 0
 0 1 1 0 0 1 0 0 1 0 0 1 0 1 1 1 1 1 1 0 0 1 0 1 1 0]
At 26701/30000: COST 0.678/0.704(0.692) -- Acc 0.530/0.460(0.533)
[1 1 0 1 1 0 0 0 0 1 0 1 0 0 1 1 1 1 0 1 1 0 0 1 0 1 1 1 1 1 0 1 1 1 0 1 1
 0 0 0 0 1 0 1 0 1 1 1 1 1 1 1 0 0 1 0 1 0 1 1 1 0 0 0 1 0 0 0 0 1 1 1 1 1
 1 0 1 0 0 1 0 0 0 0 1 1 0 1 1 1 0 1 1 1 1 1 0 1 1 0]
At 26801/30000: COST 0.721/0.702(0.692) -- Acc 0.510/0.510(0.532)
[0 0 1 1 1 0 1 0 1 1 1 1 1 0 1 0 1 1 0 1 1 1 1 0 1 1 1 1 1 0 1 1 1 1 1 1 1
 1 1 0 1 1 0 1 1 1 0 0 1 0 0 1 0 1 0 0 1 1 0 0 1 1 1 0 0 1 1 1 1 1 0 0 0 0
 1 0 1 1 0 1 0 0 0 1 1 1 1 0 1 0 1 1 1 0 1 1 1 1 1 1]
At 26901/30000: COST 0.677/0.717(0.691) -- Acc 0.590/0.470(0.542)
[0 0 1 0 1 1 1 0 0 0 1 0 0 1 0 1 1 1 0 0 0 1 0 1 0 0 0 1 0 0 0 1 0 1 1 1 0
 0 1 1 1 0 1 1 1 0 0 0 1 1 1 1 1 0 1 0 0 0 1 0 1 0 0 1 1 1 0 0 0 1 1 1 1 1
 0 1 1 0 0 1 1 0 0 0 0 1 0 1 1 1 1 0 0 0 1 1 0 1 0 1]
At 27001/30000: COST 0.681/0.696(0.690) -- Acc 0.590/0.500(0.541)
[0 1 0 0 1 0 0 1 0 0 1 0 1 1 0 0 0 1 1 0 1 0 0 1 0 0 0 0 0 1 0 0 1 0 0 0 0
 0 0 0 0 0 1 0 0 1 0 0 0 0 0 0 1 0 0 0 0 0 1 1 0 1 0 0 0 0 0 0 1 0 0 1 0 0
 0 0 0 0 0 0 1 0 0 1 1 0 0 0 0 0 0 0 1 0 1 1 0 0 0 0]
At 27101/30000: COST 0.689/0.716(0.689) -- Acc 0.580/0.470(0.542)
[1 0 1 1 0 1 0 0 1 0 0 0 0 1 0 0 1 0 0 0 0 0 1 0 0 0 0 1 0 0 1 1 1 0 0 0 0
 0 1 0 0 0 1 1 1 0 0 1 1 1 0 1 1 1 0 0 1 0 1 1 0 0 1 0 1 1 1 1 1 1 1 0 1 1
 1 0 1 1 1 1 1 0 0 1 1 0 0 0 0 0 1 0 1 0 0 0 1 1 1 1]
At 27201/30000: COST 0.689/0.715(0.692) -- Acc 0.550/0.520(0.537)
[0 0 0 1 1 1 0 1 1 1 1 1 1 0 1 1 0 1 0 1 1 0 0 1 0 0 1 1 1 0 1 1 1 1 0 1 0
 0 0 1 0 1 1 0 0 0 1 1 0 0 1 1 1 1 1 0 0 1 0 0 1 0 1 1 0 0 0 1 0 0 1 1 0 1
 0 0 1 1 0 0 1 0 1 1 0 1 0 1 1 1 1 1 1 1 0 1 1 1 1 1]
At 27301/30000: COST 0.652/0.713(0.691) -- Acc 0.660/0.440(0.537)
[0 1 1 1 1 1 1 1 0 0 0 1 1 1 1 1 1 0 1 1 0 1 1 0 1 1 1 1 1 1 1 0 1 1 0 1 1
 1 1 1 1 1 1 0 1 1 1 1 0 1 1 1 1 0 1 1 0 1 1 1 1 1 0 1 1 1 1 1 1 1 1 1 0 1
 0 0 1 1 1 0 1 0 1 1 1 0 0 0 1 1 0 0 1 1 1 1 1 0 0 1]
At 27401/30000: COST 0.690/0.714(0.691) -- Acc 0.510/0.430(0.532)
[0 0 0 1 1 1 0 1 0 0 0 1 0 0 1 1 0 0 0 1 1 0 1 0 0 0 1 0 0 1 0 1 1 1 1 1 0
 0 1 0 0 0 0 0 0 0 1 1 0 1 0 1 1 1 0 1 1 1 1 0 1 0 0 1 1 1 1 0 0 0 0 0 1 0
 0 0 1 0 1 0 0 0 1 1 1 0 0 1 1 1 1 1 0 1 0 0 0 1 0 0]
At 27501/30000: COST 0.694/0.702(0.691) -- Acc 0.480/0.530(0.536)
[0 0 1 1 0 1 1 0 1 0 1 1 0 1 1 1 0 0 1 1 0 1 0 1 0 0 0 0 0 0 1 0 1 0 1 1 1
 0 0 1 1 1 1 0 1 1 0 0 0 1 1 1 1 1 0 1 1 1 0 0 0 1 1 0 0 1 1 1 1 1 1 1 1 1
 1 0 0 1 1 0 1 0 1 0 1 0 1 1 1 0 1 1 1 1 1 1 0 1 0 1]
At 27601/30000: COST 0.708/0.709(0.690) -- Acc 0.520/0.460(0.538)
[1 1 0 1 1 1 1 1 1 1 0 0 0 1 1 1 1 1 1 0 1 1 0 1 1 1 1 1 1 1 0 1 1 1 1 0 1
 1 1 1 1 1 1 0 0 0 0 1 0 0 1 1 0 1 1 1 0 1 0 1 1 0 0 0 0 1 1 1 1 1 1 1 1 1
 1 0 1 1 1 1 1 1 1 1 0 0 0 1 1 1 1 1 0 0 1 1 0 1 1 1]
At 27701/30000: COST 0.671/0.712(0.691) -- Acc 0.540/0.470(0.536)
[1 1 1 1 1 0 0 0 0 1 1 1 1 0 1 1 1 1 1 1 1 0 1 0 1 1 1 1 1 0 1 0 0 0 1 1 0
 0 1 1 0 1 1 0 1 1 1 0 1 1 1 0 0 1 1 1 1 0 1 0 0 0 0 1 0 0 0 1 1 1 1 0 0 1
 1 1 0 1 0 1 1 1 0 1 0 1 0 1 1 1 1 0 1 1 0 0 1 1 0 1]
At 27801/30000: COST 0.688/0.714(0.690) -- Acc 0.530/0.460(0.537)
[1 0 1 0 1 0 1 0 1 0 0 0 1 0 0 1 0 1 0 0 1 0 1 0 0 1 0 0 1 1 0 0 1 0 0 0 1
 1 1 0 1 1 1 1 0 1 0 0 0 0 1 0 0 1 0 0 1 0 1 1 0 0 1 1 1 1 1 0 0 1 0 0 1 1
 1 1 1 0 1 1 0 1 0 0 0 1 1 1 1 1 1 0 1 1 0 0 1 0 1 0]
At 27901/30000: COST 0.693/0.720(0.688) -- Acc 0.560/0.440(0.544)
[1 1 1 1 1 0 1 0 0 1 1 0 1 1 0 1 1 1 1 0 0 0 1 0 0 1 1 0 0 1 1 0 1 1 1 1 1
 0 1 1 1 1 1 1 1 1 0 1 0 0 1 0 0 1 1 1 0 1 0 1 1 0 1 1 1 0 1 1 0 1 1 0 0 0
 1 1 1 1 1 1 1 0 1 1 1 1 1 1 1 0 1 1 0 0 0 1 0 0 0 0]
At 28001/30000: COST 0.679/0.712(0.689) -- Acc 0.560/0.470(0.541)
[1 1 1 1 1 0 1 0 0 0 1 1 0 0 0 0 0 0 1 0 0 0 0 1 1 1 1 1 1 1 0 1 1 0 0 0 1
 1 1 0 1 0 0 0 1 1 1 1 1 0 0 0 0 1 0 1 0 1 0 1 0 0 1 0 0 0 0 1 1 1 1 0 1 0
 1 0 1 0 1 0 0 1 0 0 1 1 0 1 1 0 1 0 1 1 1 0 0 0 0 1]
At 28101/30000: COST 0.685/0.696(0.691) -- Acc 0.600/0.510(0.540)
[1 1 0 1 1 1 0 1 1 1 0 1 1 0 1 1 1 0 0 1 1 0 0 1 1 1 0 1 0 1 0 1 0 1 1 1 1
 1 0 1 0 0 0 1 0 1 1 1 0 0 1 1 0 1 0 0 1 1 1 1 1 1 1 1 1 1 0 0 0 1 1 1 1 0
 1 1 0 0 1 1 1 1 0 0 1 1 0 0 1 1 0 1 1 1 1 0 1 1 0 1]
At 28201/30000: COST 0.715/0.740(0.691) -- Acc 0.500/0.460(0.538)
[0 1 1 1 0 1 0 1 1 0 0 0 0 0 0 1 0 0 0 0 0 1 1 1 1 1 0 1 1 0 1 1 1 0 1 1 1
 1 1 0 1 1 0 0 1 1 0 0 1 1 0 0 1 0 1 1 1 1 1 0 1 1 0 1 1 1 1 1 1 1 0 1 1 0
 0 1 1 0 1 0 0 1 1 1 1 1 0 1 0 1 1 1 1 1 1 1 1 1 0 1]
At 28301/30000: COST 0.707/0.701(0.689) -- Acc 0.470/0.510(0.544)
[1 0 1 0 0 1 1 1 1 0 1 1 1 1 1 1 0 1 0 1 1 1 1 1 1 1 0 1 0 1 1 1 1 1 1 0 1
 1 1 1 1 1 0 1 0 1 1 1 1 1 1 1 1 1 1 1 1 1 1 0 1 0 1 1 1 1 1 1 1 1 0 1 0 0
 1 1 1 1 1 0 1 1 1 1 1 1 1 1 1 0 1 1 1 1 1 0 1 1 1 1]
At 28401/30000: COST 0.705/0.698(0.692) -- Acc 0.430/0.540(0.531)
[0 1 0 1 1 0 0 0 0 0 1 1 1 1 1 1 0 1 1 0 1 1 0 1 1 1 0 1 1 0 1 1 0 0 0 0 1
 1 1 1 0 1 1 1 0 0 1 0 1 1 1 1 0 1 0 0 0 0 0 1 1 0 1 1 1 0 1 1 0 1 1 0 1 1
 0 1 0 0 0 1 0 0 1 0 1 1 1 0 1 1 1 1 1 1 1 1 1 1 1 1]
At 28501/30000: COST 0.695/0.709(0.692) -- Acc 0.530/0.430(0.530)
[1 0 1 1 1 1 0 0 1 1 0 1 0 1 0 0 0 0 1 0 1 1 1 1 0 0 0 1 1 0 1 0 0 1 0 0 1
 0 1 1 1 1 1 1 1 1 1 0 1 1 1 1 1 1 0 1 0 0 1 1 1 0 1 1 1 1 1 0 0 1 1 1 1 1
 1 1 1 1 1 0 0 1 0 0 1 1 1 1 0 1 1 0 0 1 1 1 1 1 1 1]
At 28601/30000: COST 0.698/0.726(0.690) -- Acc 0.570/0.480(0.536)
[0 1 0 0 1 0 1 1 0 0 1 0 0 1 1 1 1 1 1 1 1 1 0 1 1 1 1 1 1 1 0 1 0 0 0 0 1
 1 1 1 1 1 1 0 1 1 0 1 1 1 1 0 0 0 0 1 1 1 0 0 1 0 0 1 1 0 0 1 0 0 1 1 0 1
 0 1 1 1 1 0 0 1 1 1 0 0 0 1 1 1 1 1 0 1 1 0 0 1 1 1]
At 28701/30000: COST 0.701/0.720(0.691) -- Acc 0.490/0.430(0.533)
[1 0 0 1 0 1 1 1 0 1 1 1 1 1 0 0 1 1 0 1 0 1 0 1 1 0 1 1 1 0 1 0 1 1 1 1 1
 1 1 1 1 1 1 1 1 0 0 1 1 1 1 1 0 1 1 0 0 0 1 1 0 1 1 0 1 1 0 1 1 0 1 1 1 0
 0 1 1 0 1 0 0 1 1 1 0 0 1 1 1 0 1 1 0 1 1 1 0 1 0 1]
At 28801/30000: COST 0.711/0.719(0.691) -- Acc 0.410/0.440(0.535)
[1 1 0 1 0 1 1 1 1 1 1 0 1 1 0 1 1 1 1 1 0 0 1 1 1 0 1 1 0 0 1 0 1 1 1 1 0
 0 0 1 1 1 1 1 1 1 1 1 1 0 0 0 1 1 1 1 0 1 1 1 0 0 1 1 1 1 1 0 0 1 1 0 0 1
 0 0 1 1 1 0 1 1 0 1 1 0 0 0 0 0 1 0 0 0 0 1 1 0 0 0]
At 28901/30000: COST 0.687/0.702(0.692) -- Acc 0.540/0.400(0.533)
[0 0 1 0 0 0 1 1 0 0 0 0 1 0 0 0 0 0 0 1 0 0 1 0 0 0 0 1 1 0 0 0 0 0 1 0 1
 0 0 0 0 0 0 0 0 0 1 0 0 0 0 1 0 0 0 1 0 1 1 0 0 1 0 1 1 0 0 1 0 1 0 0 0 1
 1 0 0 0 1 0 0 0 0 0 1 0 0 1 0 0 0 0 0 0 1 0 1 1 0 0]
At 29001/30000: COST 0.703/0.695(0.692) -- Acc 0.510/0.510(0.531)
[1 1 0 0 0 1 0 1 1 0 0 1 1 1 1 1 1 1 0 0 0 1 1 1 1 0 0 1 0 1 1 1 1 0 1 1 1
 1 1 0 0 1 1 1 1 0 1 0 0 1 1 1 1 1 1 1 1 1 1 0 1 1 1 1 1 1 1 1 1 0 1 1 1 1
 1 0 1 1 1 0 1 0 1 0 1 0 1 1 1 1 0 1 0 1 1 1 1 0 1 1]
At 29101/30000: COST 0.690/0.711(0.692) -- Acc 0.550/0.450(0.529)
[1 0 1 0 1 0 1 0 0 1 1 1 0 0 1 0 1 0 1 0 0 1 1 0 1 1 0 0 1 0 1 1 0 1 1 1 0
 1 1 0 1 0 0 0 1 1 1 1 0 0 0 1 0 0 1 0 0 1 1 1 1 1 0 0 1 1 1 0 0 0 1 0 0 1
 0 0 1 1 1 0 1 1 0 1 1 1 0 1 1 1 0 1 1 1 1 1 1 1 1 1]
At 29201/30000: COST 0.673/0.691(0.690) -- Acc 0.560/0.520(0.537)
[1 0 1 0 1 0 0 0 1 0 1 1 0 1 0 1 1 0 0 1 1 0 1 0 1 1 0 0 1 0 0 1 0 1 1 1 1
 0 1 0 0 0 1 1 0 1 1 1 0 0 0 0 1 0 0 1 0 0 0 0 0 1 1 0 1 1 0 1 0 0 1 1 1 0
 0 1 0 1 1 1 0 0 1 1 0 0 1 0 0 1 1 1 1 1 1 0 0 1 1 0]
At 29301/30000: COST 0.671/0.697(0.691) -- Acc 0.600/0.480(0.532)
[1 0 1 1 0 1 0 0 1 0 0 0 0 0 0 0 0 1 1 1 1 1 1 1 0 0 0 0 0 1 0 1 1 1 0 1 1
 1 0 1 1 0 0 1 1 0 1 1 0 1 1 0 1 0 0 1 1 1 1 1 0 1 0 0 1 0 0 1 1 0 0 1 0 1
 0 1 1 0 0 1 1 1 0 1 1 0 1 1 0 0 0 0 0 1 0 0 0 0 0 0]
At 29401/30000: COST 0.689/0.700(0.690) -- Acc 0.520/0.440(0.541)
[1 1 1 1 1 1 1 1 1 1 0 0 0 1 0 0 1 1 0 0 0 0 1 0 1 1 1 1 1 0 0 0 0 0 1 0 0
 0 0 1 1 1 1 0 1 0 0 0 1 1 0 0 1 1 1 0 0 1 1 0 0 0 1 0 0 1 0 1 1 0 1 0 1 0
 1 1 1 0 1 1 1 0 1 0 0 0 0 1 1 1 0 1 1 0 1 1 0 1 1 0]
At 29501/30000: COST 0.666/0.723(0.689) -- Acc 0.570/0.430(0.544)
[1 1 0 0 1 0 0 0 1 1 1 0 1 1 1 0 1 1 1 1 1 1 1 1 1 0 0 1 1 0 0 0 0 0 0 0 0
 0 1 0 0 1 1 1 1 0 0 1 1 1 1 0 0 1 0 1 1 0 1 1 0 0 0 1 1 0 1 0 1 0 1 0 0 0
 1 0 0 0 0 1 1 1 0 0 1 1 1 1 1 0 0 1 1 0 1 1 1 0 1 1]
At 29601/30000: COST 0.679/0.704(0.690) -- Acc 0.570/0.420(0.544)
[1 1 0 0 0 0 0 0 0 0 0 0 0 1 0 0 0 0 1 0 0 0 0 1 0 0 1 0 1 0 1 0 1 1 0 1 0
 0 1 1 0 1 0 1 0 0 0 1 1 0 0 1 0 1 1 0 0 0 1 0 1 0 0 0 0 0 0 0 1 0 0 0 0 0
 1 1 0 0 0 0 0 0 0 0 0 1 0 0 1 0 0 0 0 1 0 1 1 0 0 0]
At 29701/30000: COST 0.641/0.709(0.688) -- Acc 0.660/0.490(0.547)
[0 1 0 1 0 1 1 1 0 0 1 1 0 0 1 1 0 0 1 0 1 1 0 1 1 0 0 0 0 0 1 1 1 0 1 1 0
 0 1 0 0 0 1 1 0 0 0 0 1 0 0 1 0 1 1 1 0 0 1 1 0 1 0 1 0 0 0 1 1 0 0 1 1 1
 1 1 0 0 0 1 0 1 1 1 0 0 1 1 0 0 0 0 1 0 0 1 1 1 0 0]
At 29801/30000: COST 0.709/0.709(0.689) -- Acc 0.550/0.470(0.544)
[1 1 0 1 1 1 1 0 1 1 1 0 1 0 1 1 0 1 0 1 1 1 0 0 1 1 0 1 1 1 0 1 1 1 1 1 0
 1 0 0 1 1 1 1 0 1 1 0 1 1 0 0 1 0 1 1 0 1 1 0 0 0 0 1 0 1 0 1 0 0 0 1 1 0
 0 1 1 0 0 1 0 1 1 0 0 1 1 1 0 1 1 0 1 1 1 1 0 1 0 0]
At 29901/30000: COST 0.710/0.712(0.690) -- Acc 0.470/0.430(0.541)
