Train 1155 samples in approximately 2597 epochs
Finished computation graph
[0 0 0 0 0 0 0 0 0 0 0 0 0 0 0 0 0 0 0 0 0 0 0 0 0 0 0 0 0 0 0 0 0 0 0 0 0
 0 0 0 0 0 0 0 0 0 0 0 0 0 0 0 0 0 0 0 0 0 0 0 0 0 0 0 0 0 0 0 0 0 0 0 0 0
 0 0 0 0 0 0 0 0 0 0 0 0 0 0 0 0 0 0 0 0 0 0 0 0 0 0]
At     1/30000: COST 0.866/0.781(0.696) -- Acc 0.460/0.510(0.010)
[0 0 0 0 0 0 0 0 0 0 0 0 0 0 0 0 0 0 0 0 0 0 0 0 0 0 0 0 0 0 0 0 0 0 0 0 0
 0 0 0 0 0 0 0 0 0 0 0 0 0 0 0 0 0 0 0 0 0 0 0 0 0 0 0 0 0 0 0 0 0 0 0 0 0
 0 0 0 0 0 0 0 0 0 0 0 0 0 0 0 0 0 0 0 0 0 0 0 0 0 0]
At   101/30000: COST 0.698/0.696(0.704) -- Acc 0.490/0.510(0.320)
[0 0 0 0 0 0 0 0 0 0 0 1 1 0 0 1 1 1 0 1 1 1 0 0 1 1 0 1 1 0 0 0 1 0 0 1 0
 1 0 0 1 0 1 1 0 0 1 0 0 0 1 0 0 0 1 0 0 1 1 1 0 0 0 1 0 1 0 0 0 1 0 0 1 0
 0 0 0 1 1 1 0 0 1 0 1 1 1 1 0 0 1 1 0 0 0 1 0 0 1 1]
At   201/30000: COST 0.689/0.696(0.701) -- Acc 0.580/0.440(0.437)
[0 0 0 1 0 1 1 0 0 0 1 0 0 0 0 0 0 0 0 0 1 0 0 0 0 0 1 1 0 0 1 1 0 1 1 0 0
 0 0 1 1 0 1 0 1 0 1 0 0 0 1 0 1 1 0 1 1 0 0 0 0 0 1 0 0 0 1 0 0 0 1 0 0 0
 0 1 0 0 1 1 1 1 0 0 0 0 0 0 0 0 1 0 1 0 0 1 1 1 1 0]
At   301/30000: COST 0.694/0.699(0.696) -- Acc 0.510/0.440(0.491)
[0 1 0 1 0 1 0 0 0 0 1 0 1 0 0 1 1 0 0 0 1 1 0 1 0 0 0 0 0 0 0 0 1 0 0 1 0
 1 0 0 0 0 0 0 1 1 1 1 1 0 0 1 1 0 0 0 0 1 1 1 0 0 0 1 1 0 1 1 0 1 0 1 1 0
 1 1 0 1 1 0 0 1 0 1 1 1 0 1 1 0 1 1 0 1 1 0 1 1 0 1]
At   401/30000: COST 0.699/0.700(0.693) -- Acc 0.490/0.440(0.513)
[1 0 1 1 0 1 1 1 0 1 0 0 0 1 1 0 0 1 1 0 0 1 0 1 0 1 1 0 0 1 0 0 1 1 1 1 1
 0 1 0 1 0 0 1 1 1 1 0 1 1 0 0 1 1 0 0 1 1 0 1 0 0 0 0 0 0 1 1 1 1 0 1 0 0
 0 0 1 1 0 0 0 0 1 0 1 1 1 0 1 1 1 0 0 1 0 0 1 0 0 1]
At   501/30000: COST 0.680/0.701(0.692) -- Acc 0.580/0.460(0.518)
[0 1 1 0 1 0 1 1 1 0 0 0 0 0 1 1 0 1 0 0 0 1 1 1 1 0 0 1 1 1 0 0 1 0 1 0 0
 1 1 0 0 1 0 1 0 0 1 0 1 0 0 1 1 0 1 0 0 0 0 1 0 0 0 0 1 1 1 0 1 0 0 0 0 0
 0 0 0 0 0 0 1 0 1 0 0 1 0 0 0 1 0 0 1 0 0 0 0 0 0 0]
At   601/30000: COST 0.688/0.703(0.691) -- Acc 0.550/0.420(0.527)
[0 0 0 0 1 0 0 1 0 1 0 0 0 0 1 1 0 1 0 1 1 1 0 1 0 0 0 1 0 0 0 0 1 0 1 1 0
 1 0 0 1 0 0 1 0 1 1 1 1 0 0 0 1 1 0 0 1 0 1 0 0 0 1 1 0 0 1 1 1 1 0 1 1 1
 1 0 1 1 1 0 1 1 0 1 1 0 0 0 1 0 0 0 0 0 0 0 0 1 0 1]
At   701/30000: COST 0.688/0.701(0.691) -- Acc 0.570/0.420(0.534)
[0 0 1 0 0 0 0 1 1 0 1 1 0 1 0 1 0 1 1 1 1 1 0 1 0 0 1 1 1 1 0 0 0 0 1 1 0
 1 1 0 0 1 0 0 0 0 1 0 1 1 0 0 0 1 0 1 1 0 1 1 1 0 1 0 1 0 0 0 1 1 1 0 0 1
 1 0 0 1 1 1 1 1 1 0 0 1 1 1 1 1 0 0 0 0 1 1 1 0 0 1]
At   801/30000: COST 0.684/0.705(0.688) -- Acc 0.570/0.460(0.543)
[0 1 1 1 1 1 1 0 1 0 1 1 0 1 0 0 0 1 1 1 1 1 0 0 0 0 1 1 1 0 1 0 0 0 0 0 1
 1 0 0 1 1 0 1 1 0 0 0 0 0 1 1 0 0 0 0 1 1 0 1 1 1 1 1 1 0 0 1 1 0 1 0 1 1
 0 1 1 0 1 1 1 1 0 0 0 0 1 1 0 0 1 1 0 1 0 0 1 1 0 0]
At   901/30000: COST 0.701/0.704(0.689) -- Acc 0.420/0.460(0.540)
[1 0 1 0 0 1 0 1 0 1 0 1 1 0 0 0 0 0 0 0 1 0 1 0 0 1 0 0 1 0 1 1 0 0 1 0 0
 1 0 1 0 0 0 0 1 1 1 1 1 1 1 0 1 1 0 0 0 0 0 1 0 1 0 0 0 0 1 0 0 0 0 1 1 1
 0 1 1 0 0 1 1 1 0 1 0 0 1 1 1 0 1 0 1 0 1 1 0 0 0 0]
At  1001/30000: COST 0.693/0.703(0.689) -- Acc 0.490/0.430(0.540)
[1 0 1 1 0 1 1 0 1 0 0 1 0 1 0 1 0 1 0 1 1 0 1 1 1 1 0 0 0 1 0 0 0 0 0 1 0
 0 1 1 0 1 1 1 0 1 0 0 0 1 1 0 1 0 1 1 0 1 1 0 1 1 1 0 1 1 0 1 1 0 0 1 1 0
 1 0 1 1 1 0 1 0 0 1 1 1 0 0 1 1 1 1 0 1 1 0 1 1 1 1]
At  1101/30000: COST 0.714/0.707(0.689) -- Acc 0.500/0.470(0.543)
[1 1 0 0 0 1 1 0 1 0 1 0 0 0 0 1 1 0 0 1 1 0 1 1 1 1 0 0 1 0 0 0 1 0 0 1 0
 1 0 1 0 0 0 1 0 0 0 0 0 1 0 1 1 0 0 0 0 1 1 0 1 1 0 1 0 1 0 0 1 1 1 0 0 0
 0 0 1 1 0 0 0 0 1 1 1 0 1 1 1 0 0 1 0 0 1 0 1 1 1 1]
At  1201/30000: COST 0.704/0.707(0.688) -- Acc 0.510/0.430(0.547)
[0 1 0 0 0 0 0 0 1 1 1 1 0 1 1 1 0 0 1 0 0 1 0 1 1 1 0 0 1 0 0 1 0 0 1 0 0
 0 0 0 1 1 0 1 1 1 0 0 1 1 1 0 1 1 1 0 1 0 0 0 0 0 0 0 0 0 0 0 0 0 0 0 1 1
 0 1 0 1 1 0 0 1 0 0 1 1 1 1 1 0 1 0 1 1 0 1 0 1 1 0]
At  1301/30000: COST 0.706/0.704(0.689) -- Acc 0.490/0.440(0.538)
[0 0 1 0 0 0 1 0 0 1 0 1 0 1 0 0 1 0 1 0 0 0 0 0 1 0 1 0 0 1 0 0 0 0 0 0 0
 1 1 1 0 1 1 0 0 0 0 0 1 0 0 0 1 1 0 1 0 0 1 0 0 1 1 0 0 1 0 1 0 1 1 1 0 0
 0 1 1 0 1 0 1 0 1 1 0 0 0 0 0 0 0 0 0 0 0 0 0 1 1 0]
At  1401/30000: COST 0.690/0.702(0.689) -- Acc 0.580/0.440(0.543)
[0 1 1 1 0 1 0 0 0 1 1 0 1 0 1 1 0 0 1 0 1 0 0 1 1 1 0 0 0 0 1 0 0 0 1 1 0
 0 0 1 1 0 1 1 0 1 1 0 1 0 1 0 0 0 0 1 0 0 0 1 0 1 1 1 0 1 0 0 0 1 0 0 0 0
 0 0 0 1 0 1 1 0 1 0 0 0 0 0 1 0 0 1 1 1 1 0 0 1 0 0]
At  1501/30000: COST 0.704/0.704(0.687) -- Acc 0.490/0.470(0.547)
[0 0 0 1 1 1 0 1 0 0 0 1 1 1 1 0 0 0 0 0 0 1 0 0 1 0 0 1 0 1 0 0 0 0 0 1 0
 0 0 1 1 0 1 0 1 0 0 0 1 1 1 1 0 0 1 0 0 0 0 0 1 0 0 1 1 1 1 1 0 0 0 1 0 0
 1 0 1 1 0 1 1 0 0 1 0 1 1 0 1 1 0 1 1 1 0 1 0 1 0 0]
At  1601/30000: COST 0.700/0.704(0.688) -- Acc 0.450/0.470(0.540)
[0 0 1 0 1 1 1 1 0 0 1 1 0 1 0 1 0 1 0 1 1 0 0 0 1 0 0 1 1 0 1 0 1 1 1 0 0
 1 0 0 0 1 0 0 1 0 1 1 1 1 1 0 0 1 1 1 1 1 1 0 1 1 0 0 1 0 1 0 1 1 0 1 1 0
 1 1 0 1 0 0 0 1 0 1 0 1 0 0 0 1 1 1 1 1 1 1 0 0 1 0]
At  1701/30000: COST 0.690/0.703(0.689) -- Acc 0.520/0.460(0.538)
[1 1 0 0 0 1 1 1 1 1 1 1 1 1 1 0 1 1 0 1 1 0 0 0 1 0 1 1 1 0 1 1 0 0 1 0 1
 1 0 0 0 0 0 1 1 0 1 1 0 0 1 1 0 1 1 1 1 0 1 0 1 0 0 1 1 0 1 1 0 1 0 1 1 0
 1 0 0 0 0 1 1 1 1 1 0 0 1 0 1 1 1 0 1 1 0 0 1 1 0 0]
At  1801/30000: COST 0.678/0.704(0.688) -- Acc 0.590/0.510(0.542)
[1 0 0 0 0 1 1 1 0 0 0 0 0 1 0 0 1 1 0 1 1 1 1 1 1 0 1 0 1 0 1 1 0 0 1 0 1
 1 1 1 1 1 0 1 0 1 1 0 1 1 1 1 0 0 1 1 0 0 1 0 0 1 0 1 1 1 0 1 1 1 1 0 0 1
 1 1 1 0 0 0 0 0 1 0 0 0 1 0 1 1 1 0 1 0 1 1 1 1 0 0]
At  1901/30000: COST 0.678/0.710(0.686) -- Acc 0.600/0.430(0.547)
[1 1 0 1 0 1 0 1 0 1 0 1 1 1 1 1 1 1 1 1 0 0 1 1 1 1 0 1 1 1 0 0 0 1 0 0 1
 0 1 0 0 0 0 1 0 0 0 0 0 0 0 1 1 0 0 1 0 0 0 0 1 1 0 0 1 1 0 1 0 1 1 0 0 1
 1 0 0 0 1 1 0 0 1 1 1 0 1 1 1 0 1 1 1 0 1 1 0 0 0 1]
At  2001/30000: COST 0.700/0.715(0.684) -- Acc 0.470/0.450(0.555)
[1 0 0 0 0 0 1 1 0 1 0 1 0 0 1 0 1 0 1 1 1 1 0 0 1 1 0 1 0 1 1 1 1 1 0 1 0
 1 1 1 1 0 1 1 1 0 1 1 1 0 0 1 0 1 1 1 0 0 0 1 1 1 0 1 0 1 1 1 0 0 1 1 1 1
 0 1 0 1 0 1 0 0 0 1 1 1 1 1 0 1 0 0 1 0 1 0 1 0 1 0]
At  2101/30000: COST 0.678/0.718(0.682) -- Acc 0.560/0.490(0.566)
[1 0 1 1 1 1 1 1 0 0 0 1 1 0 0 1 0 1 0 1 0 0 1 0 0 1 0 0 0 1 1 1 1 0 0 0 1
 0 0 1 1 1 0 1 0 0 1 0 1 1 0 1 0 0 0 1 0 0 1 0 0 1 1 1 1 0 1 1 0 0 1 0 1 0
 1 1 0 1 0 1 0 0 0 0 1 0 1 1 0 0 0 0 0 1 0 0 1 1 1 0]
At  2201/30000: COST 0.682/0.714(0.680) -- Acc 0.580/0.490(0.570)
[0 0 1 0 1 1 1 1 1 1 0 1 1 1 0 0 1 1 1 1 1 1 0 1 1 1 1 0 0 0 1 1 0 1 0 1 1
 0 0 1 0 0 0 0 1 0 1 0 1 1 0 0 1 1 0 1 1 0 1 1 1 1 1 0 1 1 1 0 1 0 1 1 1 0
 1 0 1 1 0 0 0 1 1 0 1 1 0 1 0 0 1 0 0 1 0 1 1 1 1 0]
At  2301/30000: COST 0.678/0.725(0.676) -- Acc 0.550/0.490(0.579)
[0 1 1 0 0 1 1 1 0 0 0 1 0 0 0 0 1 1 1 1 0 0 0 1 0 0 0 1 0 1 1 0 1 1 0 0 1
 1 0 0 1 1 0 0 0 0 0 0 1 0 0 1 0 0 0 0 0 0 0 0 0 1 0 1 0 0 0 0 0 0 0 0 1 1
 0 1 0 0 1 1 1 1 1 0 1 1 0 0 0 0 0 0 1 0 0 1 1 0 1 0]
At  2401/30000: COST 0.688/0.733(0.671) -- Acc 0.540/0.470(0.588)
[0 1 0 0 0 0 1 1 0 1 0 0 1 0 0 1 0 1 0 0 1 1 1 0 0 0 1 1 0 0 0 1 0 0 1 1 0
 1 1 1 1 0 0 0 0 1 1 1 0 0 0 0 0 0 0 0 1 0 0 0 1 1 0 1 1 0 0 0 1 0 1 0 1 0
 0 0 1 0 1 1 0 1 1 1 1 1 0 0 0 1 0 1 1 1 0 0 0 1 0 0]
At  2501/30000: COST 0.674/0.750(0.666) -- Acc 0.640/0.520(0.599)
[1 1 1 1 1 1 0 0 1 1 0 0 1 0 1 1 1 0 0 1 1 0 1 0 1 0 1 1 0 0 1 0 0 0 1 1 0
 1 0 1 1 0 1 0 1 1 1 0 0 1 0 1 0 1 1 0 1 1 1 1 1 1 1 0 0 1 1 0 1 1 0 0 0 0
 1 1 0 0 0 1 0 1 0 1 0 1 0 0 0 0 0 0 1 0 0 1 0 1 1 1]
At  2601/30000: COST 0.625/0.777(0.660) -- Acc 0.670/0.470(0.604)
[1 1 0 1 1 0 0 0 1 1 0 0 0 0 1 0 0 1 0 1 0 0 1 1 0 0 0 0 1 0 1 1 0 0 1 0 1
 0 0 0 0 0 0 0 1 1 0 0 1 1 1 0 0 1 1 1 0 1 0 1 0 1 0 0 1 0 1 0 1 0 0 0 0 0
 0 0 0 0 0 1 0 1 0 0 0 1 1 1 1 0 1 0 0 1 0 1 0 1 0 0]
At  2701/30000: COST 0.652/0.775(0.655) -- Acc 0.620/0.450(0.608)
[0 0 0 0 0 1 0 1 1 0 1 0 0 0 1 0 0 1 0 1 0 0 1 0 0 0 0 1 0 1 0 0 1 1 1 0 0
 1 0 0 1 0 0 1 0 0 1 0 1 0 0 0 1 0 0 1 0 0 0 0 0 1 0 1 1 0 0 0 1 1 0 1 1 1
 1 1 1 0 1 0 1 0 0 1 0 1 1 0 0 0 1 0 1 0 1 1 1 1 0 1]
At  2801/30000: COST 0.636/0.840(0.650) -- Acc 0.620/0.460(0.617)
[0 1 0 0 0 0 0 1 0 0 1 0 1 1 1 0 0 0 1 1 0 0 0 1 0 0 0 1 0 1 0 1 0 0 0 0 0
 0 1 0 0 0 1 1 0 0 0 1 0 0 1 1 0 1 1 1 0 0 0 1 0 0 0 0 1 0 0 1 1 0 1 0 0 0
 0 0 0 1 0 0 1 1 0 0 0 0 0 1 0 1 0 0 0 0 1 0 0 1 0 1]
At  2901/30000: COST 0.640/0.823(0.641) -- Acc 0.650/0.530(0.632)
[1 0 0 0 1 1 1 0 1 0 1 0 0 0 0 0 1 1 1 1 0 0 0 1 0 0 0 1 0 0 0 0 0 0 0 1 0
 1 0 0 0 0 1 0 0 1 0 0 1 1 0 0 1 0 0 1 1 1 1 1 1 0 1 0 0 0 1 0 1 0 0 1 1 1
 0 1 1 0 0 0 1 1 1 0 0 1 0 0 0 0 1 0 0 1 0 0 0 1 0 0]
At  3001/30000: COST 0.582/0.808(0.632) -- Acc 0.700/0.510(0.639)
[0 1 0 0 0 0 0 0 1 0 0 0 1 0 0 1 0 1 0 0 0 0 1 0 1 0 1 0 0 0 1 0 0 0 0 1 0
 1 0 0 0 0 0 1 1 1 0 1 0 0 0 1 0 0 0 0 0 0 0 1 1 0 0 0 0 1 1 1 0 1 0 1 1 0
 0 1 1 1 0 1 0 0 1 1 1 0 0 0 1 0 0 0 0 0 0 0 0 0 1 0]
At  3101/30000: COST 0.641/0.813(0.627) -- Acc 0.660/0.500(0.642)
[0 0 0 0 0 1 0 0 0 0 0 0 0 0 0 0 0 1 0 0 0 0 0 1 0 0 1 0 0 0 0 1 1 0 0 0 0
 1 1 1 0 1 1 0 1 0 1 0 0 0 0 1 0 0 0 1 1 0 0 1 0 0 0 1 1 0 1 1 1 1 1 1 0 1
 1 1 0 1 0 0 0 0 0 0 1 0 0 1 1 0 0 1 1 0 0 1 0 1 1 0]
At  3201/30000: COST 0.582/0.851(0.626) -- Acc 0.760/0.480(0.644)
[1 0 0 0 1 0 0 1 1 0 1 0 0 1 0 1 0 1 0 1 0 0 0 0 1 1 0 1 1 0 0 0 0 0 1 0 0
 1 0 0 1 0 0 0 1 0 0 0 0 0 0 0 1 1 1 0 1 0 0 1 1 0 1 0 1 0 0 0 1 0 0 0 1 0
 1 0 0 0 1 0 0 0 0 0 0 0 1 1 1 0 0 1 0 0 0 0 0 1 0 0]
At  3301/30000: COST 0.564/0.856(0.617) -- Acc 0.670/0.570(0.648)
[1 0 0 0 1 0 0 1 0 0 0 0 1 1 0 1 1 0 1 0 1 1 1 0 0 0 0 0 0 0 0 1 0 1 0 0 1
 0 0 1 1 1 0 0 0 0 0 0 0 0 1 1 0 1 0 1 1 0 0 0 1 1 0 0 1 0 1 1 0 1 0 1 1 0
 0 0 0 0 0 0 0 0 1 0 0 0 0 0 0 1 1 0 0 0 1 0 0 0 1 0]
At  3401/30000: COST 0.533/0.827(0.611) -- Acc 0.740/0.560(0.656)
[0 1 1 0 0 1 1 0 0 1 0 0 0 1 1 0 0 0 0 1 1 1 1 0 0 0 1 0 1 1 0 0 0 0 1 0 1
 1 1 1 1 1 0 0 0 1 1 0 0 0 1 0 0 0 1 0 1 0 0 0 0 0 0 0 0 0 1 0 1 0 1 0 1 0
 1 0 1 0 1 1 0 1 1 1 0 0 0 0 0 1 0 0 0 0 1 0 0 0 0 1]
At  3501/30000: COST 0.557/0.865(0.601) -- Acc 0.690/0.550(0.663)
[0 1 0 0 0 0 0 0 1 0 0 0 0 0 0 0 0 0 0 1 0 1 0 0 0 0 1 0 1 1 1 0 0 0 0 1 1
 1 0 0 0 1 0 0 0 1 1 1 0 0 1 0 0 0 1 0 0 1 1 0 0 0 1 1 0 0 0 0 0 1 0 0 0 0
 0 1 1 0 1 0 1 0 1 0 0 0 0 1 0 0 1 1 0 1 0 1 0 1 0 0]
At  3601/30000: COST 0.572/0.824(0.593) -- Acc 0.690/0.560(0.671)
[0 0 0 1 0 1 0 0 0 0 1 1 1 0 1 1 0 0 0 0 1 0 1 0 0 0 0 0 0 1 1 0 0 1 0 0 0
 1 0 1 1 0 0 0 1 1 0 1 0 1 0 0 0 0 1 1 0 0 0 0 1 0 0 0 0 1 0 0 0 0 0 1 0 1
 1 0 0 0 0 1 0 1 0 0 1 0 0 0 0 0 1 0 0 1 1 0 0 1 0 0]
At  3701/30000: COST 0.591/0.859(0.588) -- Acc 0.680/0.560(0.672)
[0 0 1 0 1 0 0 1 0 0 0 0 0 1 1 0 0 1 1 0 1 1 1 1 0 1 0 0 0 0 0 0 1 0 0 0 0
 0 1 1 0 0 1 0 0 0 1 0 1 0 0 0 0 1 0 0 0 0 0 0 0 0 0 0 0 0 1 0 1 0 0 1 1 1
 0 1 1 1 1 0 1 0 0 0 0 1 1 0 0 0 0 1 1 1 0 0 0 0 0 0]
At  3801/30000: COST 0.542/0.890(0.572) -- Acc 0.690/0.510(0.690)
[1 0 0 0 0 1 0 0 0 1 0 0 0 0 1 0 0 0 0 0 0 0 1 0 0 1 0 0 0 0 1 0 1 1 0 1 0
 0 1 0 1 0 1 0 0 0 0 0 0 1 0 0 1 0 1 1 1 0 0 0 0 0 0 0 1 0 0 0 0 1 0 1 0 0
 1 1 0 0 0 0 0 1 0 0 0 0 1 0 0 0 0 1 0 0 0 1 0 0 0 1]
At  3901/30000: COST 0.692/0.818(0.578) -- Acc 0.610/0.530(0.690)
[0 0 1 0 0 0 1 0 0 0 0 0 1 1 0 0 1 1 0 1 0 0 0 0 0 1 0 1 0 1 1 0 0 0 1 0 1
 0 0 1 0 1 1 1 1 1 0 0 0 0 0 0 0 0 0 0 1 1 1 1 0 0 0 0 1 1 0 0 1 0 1 1 0 1
 0 1 0 0 0 0 0 1 0 1 0 0 0 0 0 1 1 1 0 0 0 1 1 1 0 0]
At  4001/30000: COST 0.490/0.920(0.566) -- Acc 0.780/0.510(0.695)
[1 0 1 1 1 1 1 0 0 0 1 1 0 1 0 0 1 0 1 1 1 0 0 0 0 0 1 1 0 0 0 0 0 0 0 0 0
 0 0 0 0 1 0 0 0 1 0 1 0 1 1 0 0 1 0 1 0 1 1 1 1 0 0 1 0 0 0 0 0 0 0 1 0 0
 1 1 0 0 0 0 0 0 0 1 1 1 0 0 1 0 0 0 1 0 0 0 1 1 0 0]
At  4101/30000: COST 0.578/0.890(0.560) -- Acc 0.660/0.500(0.699)
[0 1 0 1 0 1 1 0 1 0 1 1 0 0 0 1 0 0 1 0 0 0 0 0 1 0 1 1 0 0 1 0 1 0 0 0 0
 1 0 0 1 1 0 0 1 1 0 1 0 0 1 0 0 0 1 0 1 0 0 0 0 1 0 0 1 1 1 1 0 1 0 0 1 0
 1 0 1 1 1 0 0 1 0 0 0 0 1 1 0 0 0 1 0 0 0 1 1 1 1 1]
At  4201/30000: COST 0.561/0.918(0.554) -- Acc 0.650/0.500(0.701)
[0 0 1 0 0 1 0 0 1 1 0 0 1 1 1 0 1 0 1 0 1 0 0 0 0 0 0 1 1 0 0 0 0 1 0 0 0
 0 0 0 0 0 0 0 0 0 0 1 0 1 1 0 0 0 0 1 0 1 1 1 0 1 0 1 0 0 1 1 0 0 0 1 0 1
 0 0 1 1 1 0 1 1 0 0 1 1 0 0 0 0 0 0 0 1 1 0 0 1 1 1]
At  4301/30000: COST 0.508/0.933(0.552) -- Acc 0.760/0.410(0.701)
[0 0 0 0 1 1 0 0 1 1 0 0 1 0 1 0 0 1 0 0 1 0 1 0 0 1 1 0 0 0 1 0 1 0 0 0 0
 0 1 1 0 0 0 1 1 0 0 0 0 0 0 0 1 0 1 0 0 0 0 0 0 0 0 0 0 1 0 1 0 0 0 0 0 0
 1 0 1 0 1 1 0 0 0 1 0 1 1 1 0 0 0 0 1 0 0 0 1 1 0 0]
At  4401/30000: COST 0.478/0.976(0.550) -- Acc 0.750/0.470(0.702)
[0 0 0 1 0 1 0 1 1 0 0 0 1 0 1 1 1 1 0 1 1 0 0 0 0 0 0 0 1 0 0 1 1 0 1 0 0
 1 1 1 0 0 1 0 1 0 0 0 0 0 0 1 1 0 1 0 0 1 0 0 1 0 0 1 0 1 0 0 0 0 0 0 0 0
 0 0 1 0 0 0 0 1 0 0 0 0 0 0 0 0 1 0 0 0 1 0 1 1 0 0]
At  4501/30000: COST 0.566/0.920(0.549) -- Acc 0.660/0.460(0.700)
[0 1 0 0 1 0 1 0 1 0 1 1 0 0 1 0 0 1 1 0 1 1 0 0 1 1 0 0 1 0 1 1 0 0 0 0 1
 1 0 0 1 1 1 0 0 0 0 0 1 1 0 1 0 0 1 0 0 0 0 1 1 0 1 1 0 0 0 0 0 0 0 1 0 0
 0 1 0 0 0 0 1 0 0 0 0 0 0 0 1 0 0 1 0 0 0 1 0 1 0 1]
At  4601/30000: COST 0.550/0.993(0.530) -- Acc 0.730/0.480(0.717)
[1 1 1 1 1 1 0 0 0 0 0 1 0 1 1 1 0 0 0 0 0 0 1 0 1 0 0 0 1 1 0 0 0 0 0 0 0
 0 0 0 0 1 0 1 0 1 0 0 1 0 0 0 0 0 1 0 1 0 0 0 0 1 1 1 1 0 1 0 1 0 0 0 0 1
 0 0 0 1 1 0 1 1 0 0 1 1 0 0 1 0 1 0 1 0 0 0 0 1 1 1]
At  4701/30000: COST 0.517/0.981(0.525) -- Acc 0.690/0.460(0.719)
[0 0 0 0 0 0 1 1 0 0 1 1 0 0 1 1 1 0 1 1 0 0 0 0 1 1 0 0 0 0 1 0 1 1 1 0 1
 0 0 1 1 1 0 1 0 0 0 0 0 0 1 1 0 0 0 1 0 1 1 0 0 1 0 0 0 1 1 0 0 0 1 0 0 0
 1 0 1 0 0 0 0 0 1 1 0 1 0 0 1 1 0 1 1 0 0 0 0 0 1 1]
At  4801/30000: COST 0.515/0.982(0.525) -- Acc 0.720/0.490(0.722)
[1 0 1 0 0 0 0 0 0 0 1 0 0 1 0 0 0 1 0 0 0 1 0 1 1 1 1 0 0 0 1 0 0 0 1 0 1
 0 1 0 1 0 1 1 0 0 0 0 1 1 0 0 0 1 1 0 0 0 0 1 1 1 0 1 0 0 0 1 0 0 0 0 1 0
 0 1 1 0 0 1 1 0 0 0 0 1 1 1 1 1 0 0 0 0 1 1 1 0 1 0]
At  4901/30000: COST 0.506/1.022(0.512) -- Acc 0.700/0.450(0.730)
[0 0 1 0 0 0 0 0 0 0 1 0 0 1 0 0 1 1 0 0 0 1 1 0 0 0 0 1 0 0 0 0 1 0 1 0 0
 0 1 1 1 0 1 0 1 0 0 1 1 0 0 1 0 1 1 0 0 1 0 0 0 0 0 0 1 1 1 0 1 1 1 0 1 1
 0 0 0 0 0 0 0 0 0 0 1 0 1 1 1 0 0 0 0 1 0 0 0 0 0 1]
At  5001/30000: COST 0.525/1.031(0.502) -- Acc 0.700/0.460(0.735)
[1 0 0 1 0 0 1 0 0 1 0 0 0 0 1 0 0 0 1 1 1 1 0 0 1 0 0 0 0 0 1 0 0 0 0 0 0
 1 0 1 0 1 0 0 1 1 1 1 0 0 1 0 0 0 0 1 0 0 1 1 0 0 1 1 0 1 0 0 1 0 0 0 0 0
 0 1 1 1 0 0 0 0 0 0 1 0 0 1 0 0 0 0 0 0 1 0 1 1 0 0]
At  5101/30000: COST 0.449/1.042(0.496) -- Acc 0.770/0.450(0.738)
[1 1 1 0 1 0 0 1 0 0 0 0 0 1 0 1 0 0 1 1 1 0 0 0 1 0 0 1 0 0 1 1 0 1 1 1 0
 1 0 0 1 0 0 0 1 0 0 1 0 0 0 1 0 1 0 1 1 0 0 0 0 0 1 0 0 0 0 0 1 0 0 1 1 1
 1 1 1 1 0 0 0 0 0 0 0 0 1 0 0 0 1 0 0 1 0 1 1 1 1 1]
At  5201/30000: COST 0.474/1.081(0.487) -- Acc 0.700/0.470(0.746)
[1 0 0 0 0 1 1 0 0 0 0 0 1 1 0 1 1 1 0 1 0 1 0 0 0 1 1 0 1 0 0 0 0 0 1 0 0
 0 0 0 1 1 1 0 0 0 0 1 0 0 1 0 0 0 0 1 1 1 1 0 0 0 1 1 0 0 1 1 0 0 1 0 1 0
 0 0 0 0 0 0 1 0 0 0 0 0 1 0 0 0 1 1 0 1 0 0 1 0 0 1]
At  5301/30000: COST 0.506/1.092(0.478) -- Acc 0.730/0.470(0.750)
[1 0 0 0 0 1 0 0 1 1 0 0 0 0 1 0 0 0 0 0 0 0 1 0 1 0 1 1 0 0 0 0 0 0 1 0 0
 0 1 0 0 0 0 0 0 1 1 1 1 1 0 0 1 1 0 0 1 0 0 0 0 0 0 1 0 1 0 0 0 0 1 0 1 1
 0 1 0 1 0 0 1 0 0 1 1 0 1 1 0 0 0 0 0 0 1 0 1 0 1 0]
At  5401/30000: COST 0.514/1.083(0.485) -- Acc 0.730/0.430(0.749)
[0 0 1 0 1 0 1 1 1 1 0 0 0 1 0 1 1 0 0 0 0 0 0 0 0 1 0 1 0 0 0 0 0 1 1 0 1
 1 0 1 1 0 0 1 0 0 1 0 1 0 0 1 0 0 0 0 0 0 0 1 0 0 0 0 0 0 0 1 0 0 0 0 0 0
 1 0 0 0 1 0 1 1 0 0 1 0 0 1 1 0 0 1 0 0 0 0 1 0 0 1]
At  5501/30000: COST 0.533/1.145(0.476) -- Acc 0.780/0.440(0.758)
[1 1 0 0 0 0 0 0 1 0 1 0 0 0 0 1 0 0 1 1 0 1 0 1 0 0 0 0 1 1 1 0 1 0 1 0 0
 0 1 0 0 0 0 0 0 0 0 1 1 0 1 1 1 0 1 1 1 0 0 1 0 1 0 0 0 0 1 1 1 0 1 0 0 1
 0 0 0 0 0 0 0 0 0 0 0 0 0 1 1 1 1 1 0 0 1 0 0 1 1 1]
At  5601/30000: COST 0.433/1.146(0.468) -- Acc 0.820/0.440(0.759)
[0 0 0 0 1 0 0 0 1 0 0 0 0 0 0 0 0 0 1 0 0 1 1 0 0 1 0 0 0 1 1 1 0 1 0 0 0
 0 1 1 0 0 0 0 0 1 0 0 1 1 1 0 1 0 0 0 0 0 1 0 1 0 0 1 0 0 0 0 0 1 0 0 1 0
 0 0 0 1 1 1 1 0 0 1 0 0 1 1 0 0 1 0 0 0 0 0 1 0 0 1]
At  5701/30000: COST 0.484/1.027(0.471) -- Acc 0.770/0.490(0.760)
[0 1 0 0 0 0 0 0 0 0 1 0 0 1 0 0 0 0 1 0 0 0 1 0 1 0 1 1 0 1 0 1 1 1 0 0 1
 0 0 1 1 1 1 1 1 0 0 0 1 0 1 0 0 0 0 0 0 0 0 0 0 0 0 0 0 1 0 0 1 0 0 1 1 0
 0 1 1 0 0 1 0 0 0 1 0 0 0 0 1 0 1 1 1 1 1 1 0 1 1 0]
At  5801/30000: COST 0.486/1.085(0.477) -- Acc 0.820/0.450(0.756)
[1 1 0 1 0 1 0 1 1 1 0 1 0 0 0 0 0 1 0 0 0 1 1 1 1 0 1 0 0 1 0 0 0 1 0 0 0
 0 1 0 1 1 1 1 0 0 0 0 0 0 1 1 0 1 0 0 0 1 1 0 1 1 1 0 0 1 0 0 0 1 1 1 0 0
 0 0 0 0 1 0 0 0 0 0 0 1 0 1 0 0 0 0 0 0 0 0 0 0 1 0]
At  5901/30000: COST 0.590/1.147(0.460) -- Acc 0.760/0.420(0.765)
[1 0 0 0 0 0 0 0 0 0 0 0 0 0 0 0 1 1 0 0 1 0 0 1 1 1 0 0 0 1 0 0 0 1 1 1 0
 1 0 1 0 1 1 0 1 0 0 1 1 0 0 1 0 0 1 0 0 1 1 1 0 0 0 0 1 0 0 0 0 0 1 0 0 0
 0 0 0 0 1 1 0 0 0 0 1 1 1 0 0 0 1 1 1 0 1 0 0 0 0 0]
At  6001/30000: COST 0.467/1.149(0.456) -- Acc 0.790/0.430(0.765)
[1 0 1 1 0 0 0 0 0 1 1 0 1 1 0 0 0 1 0 0 1 0 1 1 1 0 0 1 1 0 1 1 1 0 1 0 0
 0 1 1 0 1 0 1 1 1 0 0 0 0 1 0 0 1 1 0 0 1 1 1 0 1 0 0 1 0 0 0 0 0 1 0 1 0
 0 1 0 1 1 0 1 0 0 1 0 1 0 0 0 0 0 1 0 1 0 0 0 0 0 0]
At  6101/30000: COST 0.410/1.208(0.446) -- Acc 0.790/0.450(0.771)
[0 0 1 0 0 1 0 1 0 1 0 1 1 0 1 0 0 1 0 0 0 1 0 0 0 0 1 1 0 1 1 0 0 0 1 1 0
 0 0 1 0 0 0 1 1 1 1 0 0 0 0 0 0 1 1 0 1 0 1 0 0 1 0 0 1 0 1 0 1 0 1 0 0 0
 0 1 1 0 0 0 0 0 0 1 0 1 1 0 0 0 1 0 0 0 1 1 1 1 0 0]
At  6201/30000: COST 0.565/1.170(0.455) -- Acc 0.670/0.440(0.768)
[0 0 0 1 0 0 0 1 0 1 0 1 0 1 1 1 1 0 0 0 1 0 1 1 0 0 0 1 0 1 1 1 0 0 0 1 0
 0 0 0 0 1 0 0 1 1 1 0 0 0 0 1 0 0 0 1 1 1 1 0 0 1 0 0 1 1 0 0 0 0 1 0 0 0
 0 0 1 1 0 0 0 1 0 1 0 1 1 0 0 1 0 0 1 1 1 0 1 0 0 0]
At  6301/30000: COST 0.384/1.142(0.449) -- Acc 0.820/0.490(0.775)
[0 0 1 0 0 1 1 0 0 1 1 0 0 0 0 1 0 0 1 0 1 0 0 1 1 1 1 1 0 0 1 0 0 1 1 0 0
 0 0 1 0 1 0 1 0 0 0 0 0 1 0 0 1 0 0 0 0 0 0 0 0 1 0 0 0 1 0 1 1 1 0 1 0 0
 1 1 1 0 1 0 1 0 1 0 0 0 0 1 0 0 0 1 0 0 1 1 0 1 1 1]
At  6401/30000: COST 0.562/1.140(0.444) -- Acc 0.680/0.450(0.776)
[1 0 0 1 1 0 0 1 0 0 1 0 1 1 0 0 0 0 1 1 0 0 0 1 1 1 0 0 0 0 0 0 1 0 1 0 0
 0 0 1 0 1 1 1 0 1 0 0 0 0 1 0 0 0 0 0 0 1 0 0 0 0 0 0 0 0 0 0 1 0 0 1 0 1
 0 0 0 1 0 0 1 0 0 1 0 0 1 1 0 1 0 0 1 1 0 1 0 1 1 1]
At  6501/30000: COST 0.417/1.236(0.430) -- Acc 0.790/0.430(0.784)
[0 0 1 0 0 1 1 1 0 1 0 0 1 0 0 1 0 0 0 0 0 0 1 1 1 0 0 0 0 0 0 0 1 1 1 1 0
 1 0 0 0 0 0 0 1 1 0 1 1 0 0 0 0 1 0 0 1 0 0 1 0 0 0 0 1 0 0 0 0 1 1 1 0 0
 0 1 0 1 0 1 0 1 1 1 0 0 0 0 0 1 0 0 0 0 0 1 1 0 0 0]
At  6601/30000: COST 0.457/1.194(0.441) -- Acc 0.710/0.460(0.777)
[1 0 0 1 0 1 0 0 0 1 0 1 0 0 1 1 0 0 1 0 0 1 1 0 0 0 1 1 0 0 1 0 0 1 0 0 0
 0 0 1 0 1 0 0 0 0 0 0 1 0 0 0 0 1 0 0 0 1 0 0 1 1 1 0 0 0 1 0 1 0 0 1 0 0
 0 0 1 1 1 1 1 0 0 0 0 1 1 0 0 0 0 1 1 1 0 0 1 0 0 0]
At  6701/30000: COST 0.427/1.225(0.421) -- Acc 0.800/0.430(0.783)
[0 1 0 1 1 1 1 0 0 0 0 0 0 0 1 1 0 0 0 0 0 0 0 1 0 0 1 1 0 1 0 0 0 1 0 0 0
 0 0 0 1 1 1 0 0 0 0 0 1 0 0 0 0 0 0 0 0 1 0 0 0 0 0 0 0 1 0 0 1 1 1 0 1 0
 1 1 1 0 0 1 1 1 0 0 0 0 1 0 1 0 1 1 0 1 0 0 0 1 1 1]
At  6801/30000: COST 0.457/1.368(0.408) -- Acc 0.740/0.430(0.792)
[0 0 0 0 0 1 0 0 1 0 0 1 1 0 1 1 0 0 0 1 0 0 0 1 1 1 0 0 0 0 0 1 1 0 0 0 0
 1 0 0 1 0 1 1 0 0 0 0 1 0 0 1 0 0 0 1 0 0 0 0 0 1 1 0 0 1 0 1 0 1 1 0 1 0
 0 0 1 1 1 1 1 1 1 0 0 0 0 1 1 1 0 1 0 1 1 0 1 1 0 1]
At  6901/30000: COST 0.353/1.306(0.405) -- Acc 0.850/0.430(0.794)
[0 0 1 0 1 0 0 0 1 1 0 0 0 0 1 1 0 0 0 0 1 0 0 1 1 1 0 1 1 1 1 0 1 1 0 0 1
 0 0 1 0 1 0 1 0 1 0 1 0 0 1 1 0 0 0 0 1 0 0 1 1 0 0 1 1 1 0 0 1 1 0 0 0 0
 1 1 0 0 0 1 1 0 0 0 0 0 1 0 0 0 0 1 0 0 0 0 0 0 0 1]
At  7001/30000: COST 0.450/1.407(0.405) -- Acc 0.810/0.460(0.799)
[0 0 0 0 0 0 1 0 1 0 0 1 0 0 1 0 0 1 0 0 1 0 1 1 1 1 0 0 0 0 1 0 1 0 0 0 0
 0 1 0 1 0 0 0 1 1 1 1 0 0 1 0 0 0 1 0 1 1 0 1 0 0 0 0 0 0 1 0 0 0 0 1 1 0
 1 0 0 0 0 1 0 0 0 1 0 0 0 0 0 0 0 0 1 1 1 1 0 0 0 0]
At  7101/30000: COST 0.415/1.294(0.410) -- Acc 0.760/0.460(0.797)
[1 0 0 1 1 0 0 0 0 0 0 1 0 1 1 0 1 0 0 0 1 0 1 0 0 1 0 0 0 1 0 0 1 0 1 0 0
 1 0 0 1 1 0 0 0 0 0 1 1 0 0 0 0 0 0 0 1 0 1 1 0 0 0 0 0 1 0 0 0 0 0 1 0 0
 1 1 1 0 0 1 0 1 0 1 0 0 0 0 0 0 0 0 0 1 0 1 1 0 0 1]
At  7201/30000: COST 0.364/1.289(0.409) -- Acc 0.830/0.440(0.799)
[0 0 1 0 1 1 1 1 1 0 1 0 1 0 0 0 0 0 0 0 0 0 1 0 1 0 1 1 0 0 0 1 0 1 0 0 0
 0 1 0 0 0 1 0 0 0 0 1 1 1 1 1 1 1 1 1 0 0 0 0 1 0 0 1 0 0 0 0 1 0 0 0 1 0
 0 1 1 0 0 0 1 1 0 1 0 0 0 1 1 1 0 0 0 0 1 0 0 0 0 0]
At  7301/30000: COST 0.307/1.312(0.387) -- Acc 0.850/0.470(0.809)
[0 0 1 0 0 0 1 1 0 1 1 0 0 1 0 1 1 1 1 0 0 0 0 0 0 0 0 1 0 0 1 1 0 0 1 0 1
 1 0 0 0 0 0 0 0 1 0 0 0 1 0 1 1 1 0 0 1 1 1 0 1 0 0 0 0 0 0 1 0 1 0 1 1 1
 1 1 0 0 0 1 0 0 0 0 1 1 0 0 0 0 1 1 0 0 1 1 1 1 0 0]
At  7401/30000: COST 0.287/1.341(0.375) -- Acc 0.850/0.440(0.815)
[0 0 0 1 0 0 1 1 0 0 1 1 0 1 1 0 0 0 0 1 1 0 0 1 0 0 0 0 1 1 0 0 0 0 1 0 1
 1 0 0 0 1 0 1 0 1 0 1 0 0 0 1 0 0 1 0 1 0 1 0 0 0 1 0 1 0 1 1 0 0 1 0 1 0
 0 0 1 1 1 0 1 0 0 1 0 1 0 0 0 1 1 0 1 1 1 1 0 0 1 0]
At  7501/30000: COST 0.373/1.390(0.378) -- Acc 0.780/0.430(0.814)
[0 0 1 0 0 1 0 0 1 0 0 1 0 0 0 1 1 0 1 0 1 1 0 1 1 1 1 0 0 0 1 0 1 0 0 1 1
 1 0 1 1 1 1 0 1 1 0 0 0 0 1 0 0 0 0 1 1 1 1 1 1 0 0 0 0 1 0 0 1 0 0 0 0 0
 0 0 1 0 0 0 1 1 1 1 0 0 1 1 1 0 0 1 1 1 0 0 1 0 0 1]
At  7601/30000: COST 0.517/1.366(0.391) -- Acc 0.730/0.490(0.810)
[1 1 0 1 1 0 0 1 0 1 0 0 1 0 1 0 0 1 0 0 0 0 1 1 1 1 0 0 1 1 1 0 0 0 1 1 1
 1 1 1 0 0 1 0 1 1 1 0 1 0 0 1 0 1 0 0 1 1 1 1 0 1 0 0 0 0 1 1 0 0 1 0 0 0
 0 0 0 0 0 0 0 0 0 0 0 0 0 0 0 1 0 1 0 0 1 0 1 1 1 0]
At  7701/30000: COST 0.496/1.456(0.380) -- Acc 0.800/0.460(0.815)
[0 0 0 0 0 0 1 1 0 0 0 0 1 0 0 1 0 0 0 1 1 0 0 0 0 0 0 1 0 0 1 0 1 1 1 0 0
 1 1 1 0 1 1 0 0 0 0 0 1 1 1 1 0 0 0 1 0 0 0 1 0 1 0 1 1 0 1 1 0 0 0 1 0 0
 1 1 1 1 0 0 0 1 0 0 1 0 0 0 0 0 0 1 1 0 1 1 0 0 0 0]
At  7801/30000: COST 0.511/1.270(0.386) -- Acc 0.830/0.470(0.810)
[0 1 1 1 1 0 1 0 0 1 1 0 0 1 0 1 1 0 1 0 0 1 0 0 0 0 1 0 1 0 0 0 1 0 1 0 0
 0 0 1 0 1 1 1 0 0 0 0 1 0 1 0 0 0 0 0 1 0 0 1 1 0 1 0 0 0 1 1 1 0 0 1 1 0
 1 0 0 1 1 1 1 0 1 1 1 0 1 1 0 0 0 0 0 0 1 0 1 0 0 0]
At  7901/30000: COST 0.370/1.428(0.375) -- Acc 0.800/0.440(0.815)
[0 1 0 0 1 0 0 0 0 0 0 1 0 1 1 1 0 1 1 1 0 0 1 1 0 0 0 1 0 0 1 0 0 0 1 1 0
 0 0 0 0 0 1 1 1 0 1 0 0 0 0 0 0 0 1 1 0 0 0 1 1 0 0 1 1 0 0 1 0 0 0 1 0 0
 0 1 1 0 1 1 1 0 1 0 0 1 1 0 0 1 0 0 1 0 1 1 0 0 0 1]
At  8001/30000: COST 0.376/1.577(0.358) -- Acc 0.830/0.430(0.821)
[0 1 0 0 1 0 1 1 0 0 0 0 1 0 0 0 0 0 0 1 1 1 0 0 0 0 0 0 0 0 0 0 1 0 1 0 0
 0 0 1 0 0 0 0 0 0 0 0 0 0 0 0 0 1 1 1 0 0 0 0 0 1 1 1 0 1 0 0 0 0 1 0 0 1
 0 0 1 0 0 0 0 1 0 1 1 1 0 0 0 0 0 1 1 0 0 0 1 1 1 1]
At  8101/30000: COST 0.360/1.416(0.373) -- Acc 0.850/0.440(0.814)
[1 0 0 1 0 1 0 0 0 0 1 0 0 1 0 1 0 0 0 0 0 1 1 0 0 1 0 0 0 0 0 0 1 1 0 0 1
 0 0 0 0 1 1 1 1 1 1 1 1 0 1 1 0 1 0 1 0 0 0 0 0 0 1 0 0 1 1 0 0 1 0 0 1 0
 1 0 0 0 1 0 1 0 0 0 0 0 0 0 1 1 1 1 0 0 0 0 1 0 1 0]
At  8201/30000: COST 0.336/1.452(0.359) -- Acc 0.790/0.430(0.824)
[0 0 0 1 0 1 1 1 0 1 0 0 1 1 0 1 0 0 0 0 1 0 1 0 1 0 0 1 0 0 0 1 1 0 0 0 1
 0 0 0 1 0 0 0 0 1 1 0 1 1 0 0 0 0 1 1 0 0 0 1 0 1 1 0 1 1 0 0 0 1 1 0 1 1
 0 1 1 0 0 1 0 1 0 1 0 1 0 0 1 1 1 0 1 0 0 0 0 1 0 1]
At  8301/30000: COST 0.247/1.507(0.343) -- Acc 0.910/0.500(0.834)
[0 1 0 1 0 1 0 0 0 0 0 0 0 1 0 0 1 0 1 1 0 0 1 0 0 0 1 0 0 1 0 1 1 1 1 1 0
 0 1 0 0 0 0 1 0 1 0 0 1 0 1 0 1 1 0 0 0 1 0 0 1 1 1 1 1 0 1 0 0 0 1 1 1 1
 1 0 0 1 0 0 0 0 1 1 1 0 0 0 0 1 1 0 0 0 0 0 0 1 0 0]
At  8401/30000: COST 0.256/1.537(0.339) -- Acc 0.870/0.500(0.835)
[0 0 0 0 0 0 0 0 0 0 0 0 0 1 0 1 0 1 1 0 0 1 1 0 0 1 0 1 0 0 0 1 1 0 0 1 0
 1 0 1 1 1 0 0 0 1 0 0 1 0 1 0 0 1 1 1 1 1 1 1 0 0 0 0 1 0 1 0 1 0 0 1 0 0
 0 0 0 0 1 0 0 0 0 1 0 1 0 0 1 1 0 1 0 0 0 1 0 1 0 0]
At  8501/30000: COST 0.372/1.417(0.373) -- Acc 0.800/0.480(0.816)
[0 1 0 1 1 1 0 1 0 0 0 0 0 0 0 1 1 0 0 0 1 0 0 1 1 0 0 0 0 0 0 1 0 0 0 1 0
 0 1 1 0 0 1 0 0 1 1 0 0 0 1 0 1 1 0 0 0 0 0 0 0 1 0 1 0 0 1 1 0 1 0 1 0 1
 1 0 0 0 1 1 0 1 1 0 1 1 0 0 1 0 1 1 1 0 1 1 0 0 0 1]
At  8601/30000: COST 0.358/1.304(0.366) -- Acc 0.810/0.520(0.822)
[0 0 0 0 0 1 1 0 1 1 0 0 1 0 1 1 0 0 0 0 0 0 0 1 0 0 1 0 0 0 1 1 1 0 1 0 1
 0 1 1 1 0 1 0 0 0 1 0 1 1 0 1 0 0 1 0 0 0 0 1 0 0 1 0 1 1 1 0 0 0 1 0 0 0
 1 0 1 0 0 1 0 0 1 0 0 0 1 1 0 0 0 1 1 1 0 1 0 1 0 0]
At  8701/30000: COST 0.383/1.470(0.342) -- Acc 0.810/0.490(0.833)
[0 1 0 0 1 0 0 1 0 1 1 1 1 0 0 0 1 0 1 1 0 0 0 0 0 0 1 1 0 1 0 0 0 0 1 0 1
 0 0 0 0 0 1 1 0 0 1 0 0 0 1 0 1 1 0 0 0 0 0 0 0 0 0 0 1 1 1 1 1 0 0 0 1 1
 1 0 1 0 0 0 0 0 0 0 0 0 1 0 1 0 0 0 1 1 1 0 0 0 1 1]
At  8801/30000: COST 0.277/1.511(0.334) -- Acc 0.830/0.520(0.838)
[0 1 1 0 1 0 1 0 0 0 0 0 1 1 0 1 1 1 0 1 0 1 0 0 1 0 1 1 1 0 0 1 0 0 0 1 0
 1 0 0 1 0 0 1 0 0 0 1 1 1 0 1 0 0 0 0 1 1 0 0 1 1 1 0 0 0 0 0 0 1 1 0 1 1
 0 1 0 1 1 0 1 0 0 1 0 0 0 0 1 0 0 0 1 1 0 1 1 0 0 1]
At  8901/30000: COST 0.314/1.478(0.355) -- Acc 0.810/0.510(0.826)
[0 0 0 1 1 0 0 0 1 1 0 0 1 1 0 0 0 0 1 0 1 1 1 0 0 0 0 1 1 1 1 1 1 0 0 1 0
 0 1 1 0 0 1 0 1 0 0 0 0 1 0 0 1 0 0 0 0 0 0 1 0 1 1 0 0 0 1 0 1 0 0 1 0 0
 0 1 0 1 0 1 1 1 1 0 0 0 1 0 1 1 1 0 1 1 1 0 0 1 0 1]
At  9001/30000: COST 0.275/1.472(0.355) -- Acc 0.900/0.470(0.832)
[0 0 0 1 1 0 1 0 1 1 1 0 0 0 0 0 1 1 0 1 0 1 0 0 1 1 0 0 1 0 1 0 0 1 1 0 0
 0 0 1 0 1 0 1 0 0 0 0 0 1 1 0 0 1 0 1 0 0 0 1 1 0 0 0 0 1 0 0 0 0 1 0 0 1
 0 0 0 1 0 0 1 1 1 1 0 0 0 1 0 0 0 0 0 1 0 1 1 1 0 0]
At  9101/30000: COST 0.392/1.587(0.329) -- Acc 0.820/0.470(0.842)
[0 0 1 1 0 0 1 0 1 1 0 1 0 0 0 1 0 1 1 1 0 1 1 1 0 0 0 0 0 0 0 0 0 0 0 0 1
 1 0 1 1 0 0 1 1 1 0 1 0 0 0 1 0 1 0 1 1 0 0 0 0 1 0 1 0 0 0 0 0 0 0 1 0 1
 1 0 0 1 1 0 0 0 1 1 1 0 1 1 1 1 0 0 0 1 0 0 0 0 1 0]
At  9201/30000: COST 0.348/1.460(0.333) -- Acc 0.790/0.480(0.838)
[0 1 1 1 0 0 0 0 1 1 0 0 1 0 0 0 1 1 1 0 0 1 0 0 0 1 1 1 0 0 0 0 1 0 0 1 0
 0 0 0 1 0 0 1 0 0 1 0 0 0 0 1 0 0 1 1 1 1 1 0 0 0 1 0 0 0 0 1 0 0 0 0 1 1
 0 1 0 1 1 0 0 1 0 1 1 1 1 0 0 1 0 0 1 1 1 0 1 1 0 0]
At  9301/30000: COST 0.390/1.468(0.359) -- Acc 0.770/0.490(0.828)
[1 0 0 0 1 0 0 0 0 0 0 0 0 0 0 0 0 0 0 1 0 1 0 1 0 0 0 1 0 0 1 0 0 1 1 0 0
 0 0 1 0 0 0 0 0 1 1 0 1 1 1 1 0 0 0 0 0 0 0 0 1 1 1 1 0 1 0 0 1 1 0 1 1 0
 1 0 1 0 0 1 0 1 0 0 1 0 1 0 1 1 1 1 1 1 1 1 1 1 1 0]
At  9401/30000: COST 0.291/1.454(0.336) -- Acc 0.880/0.490(0.837)
[0 1 0 0 1 1 0 0 0 0 0 0 1 0 1 1 1 0 1 1 0 1 0 1 0 1 1 0 0 0 0 0 1 0 1 0 0
 0 1 1 0 0 1 0 0 1 1 0 0 1 1 0 0 1 1 0 1 1 0 1 0 1 0 1 0 0 0 1 0 0 0 1 1 0
 1 1 1 1 0 0 0 0 0 1 0 0 1 0 1 1 0 1 1 1 0 0 1 1 1 0]
At  9501/30000: COST 0.204/1.604(0.319) -- Acc 0.920/0.510(0.844)
[0 0 1 0 1 1 1 1 1 0 0 1 1 0 0 0 1 0 0 1 0 0 0 0 0 1 0 1 1 0 0 1 0 0 1 0 1
 0 1 1 1 0 0 0 1 1 0 0 1 1 0 0 0 0 0 0 0 0 0 0 0 0 0 0 1 1 0 1 0 0 1 0 0 1
 1 0 0 0 0 1 1 1 0 1 1 0 1 0 1 1 0 0 1 1 0 1 0 0 0 0]
At  9601/30000: COST 0.297/1.637(0.316) -- Acc 0.860/0.430(0.846)
[0 1 0 1 0 0 0 1 1 0 1 0 0 1 1 0 0 0 0 0 0 0 0 0 0 0 0 0 1 1 0 0 0 0 0 0 1
 0 0 0 0 1 1 1 0 1 0 1 1 0 1 1 0 0 0 0 1 1 0 1 0 1 0 1 1 0 0 0 1 1 0 0 0 0
 0 0 0 0 1 1 0 0 0 0 1 0 0 0 0 0 1 1 1 0 1 1 1 0 0 0]
At  9701/30000: COST 0.232/1.639(0.320) -- Acc 0.910/0.480(0.849)
[0 1 0 0 1 1 0 1 0 1 1 0 1 0 1 1 0 1 0 0 1 1 0 0 1 1 1 0 0 1 1 1 0 1 0 1 0
 1 0 0 0 1 0 1 0 0 0 1 1 0 1 0 1 0 0 1 0 0 0 1 0 0 0 0 0 0 1 0 0 1 0 0 0 0
 0 1 1 0 1 1 1 0 0 1 1 0 0 0 1 1 0 1 0 1 0 1 1 0 0 0]
At  9801/30000: COST 0.288/1.759(0.315) -- Acc 0.870/0.490(0.848)
[0 1 0 1 0 1 1 0 1 0 0 0 0 0 1 0 0 0 1 0 0 0 0 0 0 0 0 0 0 0 1 1 1 0 0 0 0
 0 0 0 1 0 0 1 1 1 0 0 0 0 1 0 0 1 0 1 0 1 1 0 1 1 0 1 1 0 0 0 0 0 0 1 0 1
 0 0 0 0 1 0 1 0 0 0 1 0 1 0 0 1 1 1 1 1 1 0 1 0 1 1]
At  9901/30000: COST 0.322/1.683(0.321) -- Acc 0.850/0.510(0.845)
[0 0 0 0 0 0 1 1 1 0 0 0 0 0 0 0 0 0 1 0 0 1 0 0 0 0 1 0 0 0 1 0 0 0 0 1 0
 0 0 1 0 1 0 1 0 0 1 0 0 0 1 0 0 0 1 0 1 0 1 1 1 0 0 1 0 0 0 1 1 0 0 1 0 1
 1 0 1 1 1 0 0 1 1 0 1 0 0 1 0 1 1 0 1 0 1 1 1 1 0 1]
At 10001/30000: COST 0.250/1.578(0.326) -- Acc 0.900/0.520(0.842)
[1 1 0 1 0 0 0 1 0 0 1 0 0 0 1 0 0 1 0 0 1 1 0 1 0 0 0 1 1 1 0 0 1 0 0 0 1
 1 1 1 1 0 0 0 0 1 0 1 0 0 0 0 1 0 1 1 0 1 0 0 1 0 0 1 1 0 1 1 1 0 1 0 1 0
 1 0 1 0 1 0 1 0 1 0 1 1 1 1 0 1 0 1 1 1 1 0 0 0 1 0]
At 10101/30000: COST 0.291/1.519(0.328) -- Acc 0.870/0.530(0.842)
[0 1 1 1 0 1 0 0 0 0 0 0 1 1 1 0 1 1 0 1 0 0 1 0 0 0 0 1 1 1 0 0 1 1 1 0 0
 0 1 0 0 1 0 1 1 0 1 1 1 0 1 0 0 1 1 0 1 0 1 0 1 1 1 0 0 0 1 0 1 1 0 0 1 0
 0 0 1 1 0 1 0 0 1 1 1 0 0 0 1 0 0 0 0 1 1 0 0 1 0 0]
At 10201/30000: COST 0.302/1.582(0.316) -- Acc 0.830/0.490(0.849)
[0 0 0 1 0 0 0 1 1 1 0 0 0 1 0 1 0 1 0 1 0 1 1 0 1 1 0 0 0 0 0 1 1 0 1 0 0
 1 0 0 1 0 0 0 0 0 0 1 1 1 0 0 1 1 0 0 0 0 0 1 0 0 1 0 1 0 0 1 0 0 1 0 0 0
 0 1 1 1 1 0 0 0 1 1 0 1 1 0 0 0 1 1 1 0 1 0 0 1 0 0]
At 10301/30000: COST 0.263/1.513(0.301) -- Acc 0.840/0.530(0.854)
[1 1 1 0 0 1 0 0 0 0 1 1 0 0 1 0 1 0 1 0 1 0 0 1 1 1 0 0 0 1 1 0 0 0 0 0 0
 1 1 1 1 1 1 1 0 0 0 0 1 1 1 1 0 0 0 0 0 0 1 0 0 1 0 0 1 0 1 0 1 0 0 1 1 0
 0 0 0 0 0 0 1 0 0 0 0 0 1 0 1 0 0 1 0 1 0 1 0 1 1 1]
At 10401/30000: COST 0.302/1.651(0.305) -- Acc 0.870/0.470(0.851)
[1 0 1 0 1 1 0 0 1 1 0 0 0 0 1 1 0 0 0 0 1 0 1 0 1 1 0 1 0 1 1 1 0 0 1 0 1
 0 0 1 1 0 0 0 0 0 0 0 1 1 1 1 1 0 0 0 0 1 1 1 0 1 0 0 0 1 1 1 1 1 1 1 1 0
 1 1 1 0 1 1 0 0 1 0 1 0 0 0 0 1 0 0 0 0 0 0 0 0 0 0]
At 10501/30000: COST 0.431/1.738(0.326) -- Acc 0.830/0.500(0.848)
[1 1 1 1 0 1 0 0 0 1 0 0 1 0 0 1 1 0 1 1 0 1 1 0 0 0 1 0 0 1 1 1 0 0 0 0 1
 1 0 0 1 0 0 1 1 1 1 1 0 1 0 0 0 1 0 0 1 1 1 0 0 1 1 1 1 1 0 0 0 0 0 1 1 0
 0 0 0 1 0 1 0 1 0 0 1 0 1 1 0 1 1 0 0 1 1 1 0 1 1 1]
At 10601/30000: COST 0.311/1.834(0.315) -- Acc 0.860/0.520(0.850)
[1 1 0 1 1 0 0 0 1 1 1 1 0 0 0 0 0 1 0 1 1 1 0 0 0 0 0 0 0 0 0 1 1 1 0 1 1
 1 1 0 1 1 0 1 1 0 0 1 0 1 0 0 0 1 1 1 1 0 1 1 0 1 0 0 0 0 1 0 0 0 0 0 0 1
 1 1 1 1 1 0 0 1 0 0 1 1 1 1 1 0 1 0 0 1 1 0 1 0 0 0]
At 10701/30000: COST 0.394/1.789(0.302) -- Acc 0.830/0.540(0.857)
[1 1 0 0 1 0 1 1 0 0 0 0 0 0 1 0 0 1 1 1 1 1 1 0 0 0 1 1 0 0 0 0 0 0 1 1 0
 0 1 0 0 0 1 0 1 1 1 0 0 1 0 1 0 1 1 0 0 0 1 1 0 0 0 1 1 0 1 1 0 1 0 0 1 1
 1 1 1 0 0 1 1 0 0 0 0 0 0 0 1 0 1 1 0 1 1 1 1 1 0 1]
At 10801/30000: COST 0.384/1.750(0.289) -- Acc 0.780/0.510(0.860)
[1 1 1 1 1 0 0 0 0 1 1 0 1 0 0 1 1 0 0 1 0 0 1 1 0 0 1 0 1 1 0 1 0 0 1 1 1
 1 1 0 0 1 1 1 0 1 0 1 0 0 1 0 1 1 1 1 0 1 0 0 0 0 0 0 1 1 0 1 0 1 1 0 1 0
 0 0 0 0 0 1 0 0 0 1 1 1 0 0 0 0 1 0 0 1 0 1 1 1 1 0]
At 10901/30000: COST 0.243/1.871(0.282) -- Acc 0.920/0.500(0.865)
[1 1 1 1 1 1 1 0 0 0 1 0 0 0 0 1 1 0 1 0 0 1 1 0 0 0 1 1 0 1 0 0 0 0 0 0 1
 0 1 1 0 1 1 1 0 0 1 0 1 0 0 0 0 0 1 0 1 0 0 1 0 1 1 0 0 1 1 0 1 0 1 0 1 0
 0 1 1 1 1 0 1 0 1 1 0 0 1 0 0 1 0 0 0 0 0 0 1 1 1 1]
At 11001/30000: COST 0.219/1.754(0.293) -- Acc 0.870/0.560(0.864)
[0 1 1 0 1 1 0 0 0 1 0 1 0 0 1 1 0 1 1 0 0 0 0 1 0 1 0 0 1 1 1 1 0 0 1 0 0
 0 1 0 0 0 1 0 1 1 1 0 0 1 0 1 0 0 1 1 0 0 1 1 1 0 0 0 1 1 1 1 0 0 1 1 0 0
 1 1 1 1 0 1 0 0 0 1 0 0 1 1 1 0 0 1 0 1 0 1 0 1 0 0]
At 11101/30000: COST 0.236/1.673(0.296) -- Acc 0.910/0.530(0.863)
[1 0 0 0 1 1 0 1 1 0 1 0 1 1 0 1 0 0 0 1 0 1 1 1 0 0 0 1 0 1 1 0 0 1 0 0 1
 0 0 0 0 0 1 1 1 1 1 1 1 1 1 1 1 0 1 1 0 0 0 0 0 0 0 1 0 1 0 1 1 0 0 1 0 1
 1 1 1 0 1 1 1 0 0 1 1 1 1 1 0 0 0 0 1 0 0 0 0 1 1 0]
At 11201/30000: COST 0.347/1.959(0.297) -- Acc 0.810/0.520(0.858)
[0 1 0 1 1 0 0 0 1 0 1 0 0 1 1 0 0 0 0 1 1 1 1 0 0 0 1 0 0 0 0 0 0 0 1 1 1
 1 0 1 0 1 1 1 0 1 0 1 1 0 0 0 0 1 0 0 0 0 0 1 1 0 0 1 0 1 1 0 0 0 1 0 0 1
 0 0 0 1 0 1 1 0 0 1 0 0 0 1 1 1 0 1 0 0 0 1 1 1 0 1]
At 11301/30000: COST 0.227/1.742(0.284) -- Acc 0.900/0.540(0.865)
[1 0 0 0 0 1 1 0 0 0 0 0 1 1 0 1 0 0 0 1 0 1 1 0 1 1 0 0 1 0 0 1 1 1 0 1 0
 0 1 0 1 1 0 0 0 0 1 0 1 1 0 1 1 0 1 1 1 0 0 1 1 1 0 0 0 1 0 0 1 0 0 1 1 0
 0 1 0 0 1 0 1 1 0 1 0 0 0 1 0 1 0 1 0 1 1 1 0 0 1 1]
At 11401/30000: COST 0.341/1.845(0.279) -- Acc 0.860/0.500(0.868)
[0 1 0 0 0 0 1 1 0 0 0 0 1 1 0 0 1 0 1 0 1 1 1 0 1 0 1 0 0 0 1 1 1 0 1 1 0
 0 0 0 0 1 0 0 1 1 1 1 0 1 0 1 0 0 0 1 0 1 0 0 0 0 0 1 1 1 0 1 1 0 1 0 1 0
 1 0 1 0 0 1 1 1 0 1 1 1 0 1 1 0 1 1 1 0 1 0 0 1 1 0]
At 11501/30000: COST 0.250/1.953(0.273) -- Acc 0.890/0.540(0.867)
[1 0 1 1 0 1 0 1 0 0 0 1 0 1 0 1 1 1 0 0 0 1 1 1 1 0 1 1 1 1 0 0 1 0 0 1 1
 0 0 0 1 0 0 1 0 0 0 1 0 1 0 1 1 0 1 0 1 1 1 0 1 0 1 0 0 0 1 1 0 0 0 0 0 1
 0 1 0 0 0 0 1 1 0 0 0 0 1 0 1 1 0 0 0 1 0 1 1 1 0 0]
At 11601/30000: COST 0.335/1.755(0.290) -- Acc 0.810/0.570(0.861)
[0 0 0 0 1 1 0 1 0 0 1 1 0 0 0 0 0 1 1 0 0 0 1 1 0 1 1 0 1 0 0 0 0 1 0 1 1
 1 1 1 1 0 1 0 0 0 1 0 1 0 0 1 1 0 1 1 0 0 0 0 0 0 0 1 0 1 0 1 1 1 1 1 0 0
 0 1 1 0 1 0 0 1 1 1 0 0 0 0 0 0 0 1 1 0 0 1 0 1 0 1]
At 11701/30000: COST 0.273/1.992(0.270) -- Acc 0.870/0.530(0.873)
[0 1 0 0 1 1 1 0 1 0 1 0 1 0 1 0 0 0 0 1 0 0 1 1 1 0 0 0 0 1 1 1 0 0 1 1 0
 0 0 0 1 0 1 1 1 1 1 1 0 0 1 0 1 1 0 1 1 0 1 1 0 1 0 0 0 0 0 0 0 0 1 0 0 0
 1 1 1 0 1 0 1 0 0 1 0 0 0 0 0 0 0 0 0 0 1 0 0 0 0 1]
At 11801/30000: COST 0.250/1.920(0.264) -- Acc 0.840/0.540(0.875)
[0 1 0 1 0 1 0 0 1 1 1 0 1 0 0 0 1 0 0 1 0 1 0 0 0 0 0 0 1 1 1 0 0 1 1 0 1
 1 1 0 0 1 1 1 0 1 0 1 1 1 0 1 0 0 1 0 0 0 1 1 0 1 1 1 1 0 0 0 0 0 0 1 1 1
 0 1 1 0 0 0 1 1 0 0 0 0 1 0 0 0 0 0 0 1 1 1 0 0 1 1]
At 11901/30000: COST 0.184/1.955(0.268) -- Acc 0.910/0.530(0.871)
[0 0 0 0 0 0 1 0 0 0 1 0 0 1 1 1 1 1 0 0 0 1 0 1 0 0 0 1 0 1 1 1 0 0 1 1 0
 1 0 1 1 0 0 1 0 1 1 0 1 1 0 0 1 1 0 0 0 0 1 1 0 0 1 0 0 0 0 1 1 1 0 1 0 1
 1 1 0 0 0 1 0 0 1 0 0 1 0 0 1 0 1 0 1 1 0 0 0 1 1 0]
At 12001/30000: COST 0.296/1.911(0.293) -- Acc 0.890/0.510(0.864)
[1 0 0 0 1 1 0 1 0 0 1 1 0 1 0 0 0 1 0 0 0 1 1 0 0 1 1 1 1 0 1 1 0 1 1 0 1
 1 1 1 0 0 1 1 0 0 0 0 1 0 0 0 1 0 1 1 1 1 0 1 1 1 0 0 0 1 1 1 0 0 0 1 1 0
 1 1 0 0 0 1 1 0 1 0 0 1 1 0 1 0 0 0 0 1 0 0 0 1 1 0]
At 12101/30000: COST 0.295/1.745(0.292) -- Acc 0.850/0.540(0.862)
[0 0 1 0 0 1 0 0 1 1 0 1 1 1 1 1 1 0 1 0 0 1 0 0 0 1 1 0 1 1 0 1 0 1 1 0 1
 0 1 0 1 1 0 1 1 1 0 0 0 0 0 0 0 0 1 1 1 1 1 0 0 1 0 1 1 0 0 0 1 0 0 1 1 1
 0 0 1 1 1 0 1 0 0 1 1 1 1 0 1 0 0 1 0 0 0 1 0 0 0 1]
At 12201/30000: COST 0.274/1.857(0.288) -- Acc 0.900/0.550(0.864)
[1 0 1 1 1 1 1 0 0 1 1 0 1 0 1 0 0 0 1 0 0 1 1 0 1 1 1 1 1 1 1 0 1 1 0 0 1
 0 0 0 0 1 1 0 0 1 1 0 1 0 1 0 0 1 1 0 0 0 0 0 1 0 1 0 0 1 1 0 1 0 0 0 0 0
 1 0 0 1 0 0 1 1 1 0 0 0 0 0 1 1 0 0 0 0 0 1 1 0 0 0]
At 12301/30000: COST 0.567/2.054(0.256) -- Acc 0.880/0.540(0.878)
[0 1 1 1 1 0 0 0 0 1 1 1 0 1 0 0 1 0 1 0 1 0 0 1 0 0 0 0 0 1 0 1 0 1 1 1 0
 0 1 0 0 0 1 1 1 1 1 0 1 0 1 0 1 1 1 1 1 1 1 0 1 0 0 1 0 1 0 1 0 0 1 0 0 0
 0 1 0 1 1 0 0 1 0 1 0 0 1 1 0 0 0 0 0 0 1 1 1 0 1 1]
At 12401/30000: COST 0.222/1.990(0.259) -- Acc 0.880/0.560(0.879)
[1 1 1 1 1 0 0 0 1 1 0 0 0 1 0 1 0 0 0 0 1 0 0 1 0 0 0 0 1 1 1 0 0 1 0 0 1
 0 1 1 0 0 0 0 0 1 1 1 0 1 0 1 0 0 1 1 1 1 1 0 0 0 1 0 0 1 0 0 0 0 1 0 0 0
 1 0 1 1 1 1 1 0 0 0 0 0 1 1 0 0 1 1 1 1 1 1 1 1 0 1]
At 12501/30000: COST 0.350/1.895(0.310) -- Acc 0.870/0.550(0.861)
[1 0 1 0 1 0 0 1 0 1 1 1 0 1 1 0 1 0 0 1 1 0 0 1 1 0 0 0 0 1 0 1 0 1 1 0 1
 1 0 1 0 1 0 1 0 0 1 0 0 0 1 0 1 0 0 0 0 0 1 0 0 0 0 0 1 1 0 1 1 1 1 0 0 1
 0 0 0 0 0 1 1 1 0 1 1 1 0 0 1 1 1 0 1 0 0 0 0 1 0 0]
At 12601/30000: COST 0.282/1.783(0.322) -- Acc 0.920/0.580(0.846)
[1 0 0 0 1 0 0 1 1 0 1 0 0 1 1 0 1 0 0 1 0 1 0 1 0 1 0 1 0 1 0 0 0 0 1 1 1
 1 0 0 0 0 0 1 0 1 1 0 0 1 1 1 1 0 0 1 0 1 1 0 0 0 1 1 0 0 0 0 1 1 1 0 0 0
 1 0 1 0 1 1 1 0 0 0 0 1 0 1 0 1 1 0 0 1 1 1 0 1 0 0]
At 12701/30000: COST 0.245/1.900(0.284) -- Acc 0.860/0.550(0.863)
[1 0 1 0 0 0 0 0 0 0 1 0 0 0 0 0 1 1 1 0 1 1 0 0 0 0 1 1 1 0 1 1 1 1 0 1 0
 1 1 1 1 1 0 1 0 0 0 1 0 1 1 0 1 0 1 0 1 0 1 1 1 1 0 0 0 1 1 1 1 1 1 0 0 0
 1 1 1 1 1 0 1 0 1 0 0 1 0 0 0 0 0 1 1 0 1 1 0 1 0 1]
At 12801/30000: COST 0.268/2.020(0.278) -- Acc 0.860/0.530(0.869)
[0 1 0 1 1 1 1 0 1 1 1 1 1 1 0 0 0 1 0 1 0 1 1 0 0 1 1 1 0 1 0 1 1 0 1 0 0
 1 0 0 1 0 0 1 1 0 0 1 1 0 0 1 0 0 0 1 0 1 1 0 1 1 0 1 0 1 0 0 0 0 1 0 1 0
 1 0 1 0 1 0 0 1 0 0 1 0 0 1 0 1 0 0 1 0 0 0 1 1 0 0]
At 12901/30000: COST 0.381/1.958(0.321) -- Acc 0.750/0.550(0.854)
[1 1 1 1 1 1 0 0 0 1 0 1 1 1 1 0 0 1 1 0 0 0 1 0 0 1 1 0 1 0 0 0 1 0 0 0 0
 0 1 1 1 0 1 1 0 0 1 1 0 0 1 1 1 1 1 1 0 0 0 1 0 1 0 1 1 0 1 1 0 1 1 1 1 1
 0 0 1 0 0 0 0 0 1 0 1 1 0 1 0 1 0 1 0 0 0 1 0 0 0 0]
At 13001/30000: COST 0.313/1.763(0.315) -- Acc 0.840/0.570(0.856)
[1 0 0 1 1 0 1 0 0 0 1 0 0 0 0 0 1 0 1 0 1 1 0 1 0 0 1 1 1 0 1 0 1 0 0 0 0
 0 1 1 0 0 1 0 1 1 0 0 1 1 0 0 0 0 1 0 0 1 0 0 0 0 1 1 0 1 1 1 1 1 1 1 0 0
 1 0 1 0 0 1 1 0 1 1 1 0 1 0 1 0 1 0 0 1 0 1 1 0 0 1]
At 13101/30000: COST 0.337/1.795(0.294) -- Acc 0.850/0.540(0.865)
[1 1 1 0 0 0 0 0 0 1 1 1 1 0 1 0 1 1 0 0 0 0 1 1 0 1 1 0 1 0 0 0 0 1 1 1 1
 1 0 1 1 0 0 1 1 0 1 1 1 1 0 0 0 0 0 0 1 0 0 0 1 0 0 1 0 0 0 1 0 1 0 0 1 1
 1 0 0 0 0 1 0 0 1 1 0 1 1 0 1 1 0 0 0 1 0 0 0 0 0 1]
At 13201/30000: COST 0.200/1.961(0.272) -- Acc 0.910/0.540(0.873)
[1 0 0 0 1 0 0 1 0 0 1 1 0 1 1 0 1 0 1 1 1 1 1 1 1 1 1 1 0 1 1 0 1 1 1 1 1
 0 0 0 1 0 0 1 0 1 0 1 1 1 1 0 0 0 1 0 0 1 0 0 0 1 0 0 0 1 0 0 0 1 0 0 0 0
 1 0 0 1 0 1 0 0 1 1 0 1 1 0 1 0 1 0 1 1 1 0 0 0 1 0]
At 13301/30000: COST 0.323/2.111(0.255) -- Acc 0.840/0.590(0.878)
[1 1 0 0 1 1 0 1 0 0 0 1 1 1 1 1 1 0 0 0 1 1 1 0 0 1 1 1 0 0 0 1 0 0 0 0 1
 1 1 1 1 1 1 0 1 1 1 0 0 1 1 0 1 0 1 1 0 1 0 0 1 0 1 1 0 0 0 1 0 0 0 1 0 1
 0 0 1 0 0 1 0 1 1 0 1 1 1 1 0 0 0 1 0 0 1 0 0 1 1 0]
At 13401/30000: COST 0.212/1.962(0.260) -- Acc 0.900/0.550(0.876)
[0 0 0 0 1 1 1 1 0 1 1 1 1 0 0 1 0 1 1 0 0 1 0 0 1 0 1 1 1 1 0 0 0 0 1 1 0
 0 0 1 1 0 0 0 0 0 1 0 1 1 1 0 0 1 1 1 0 0 0 1 1 1 1 1 1 1 0 0 1 1 1 0 0 0
 1 0 0 1 0 0 0 0 1 1 1 0 1 0 0 1 0 1 1 0 1 0 1 1 0 0]
At 13501/30000: COST 0.315/1.858(0.274) -- Acc 0.880/0.530(0.871)
[1 1 1 0 1 1 1 0 1 0 1 0 0 0 0 0 1 1 0 0 0 1 0 1 1 0 1 0 0 0 0 1 0 0 0 0 1
 0 0 1 1 1 0 1 1 1 0 0 0 0 0 1 1 1 1 1 1 1 1 1 0 1 0 0 1 0 0 1 0 1 0 1 1 0
 0 1 0 0 0 1 1 1 0 0 0 1 1 1 0 1 1 0 0 1 1 0 0 0 0 0]
At 13601/30000: COST 0.416/2.086(0.263) -- Acc 0.830/0.550(0.877)
[1 0 1 1 1 1 1 0 0 0 0 1 0 1 0 1 1 0 0 1 1 1 0 1 0 1 1 1 1 1 1 0 1 0 0 0 1
 1 0 1 0 1 0 0 1 1 0 0 0 0 1 0 1 1 0 0 1 0 1 1 0 1 0 1 1 0 0 0 0 0 0 0 0 0
 1 0 0 1 1 0 0 1 0 1 0 1 0 1 1 0 0 1 0 0 0 0 0 0 0 0]
At 13701/30000: COST 0.250/1.965(0.288) -- Acc 0.860/0.580(0.865)
[1 0 1 0 0 1 0 1 1 0 1 1 1 0 1 1 0 1 1 1 0 0 0 1 1 1 1 1 0 1 0 0 1 0 0 0 1
 1 0 1 1 0 1 0 1 0 1 0 1 0 1 1 1 1 0 0 0 1 1 0 1 0 0 0 0 0 1 1 0 1 1 0 0 0
 0 0 0 1 1 1 0 0 0 0 0 1 1 0 1 1 0 0 1 0 0 0 1 0 1 1]
At 13801/30000: COST 0.260/1.845(0.276) -- Acc 0.850/0.590(0.868)
[0 1 0 0 1 1 0 0 0 0 1 0 0 0 0 0 1 1 0 1 1 1 0 0 0 0 1 1 1 0 1 0 0 0 0 0 1
 1 0 1 1 1 1 1 1 0 0 0 0 1 0 0 1 0 1 1 1 0 0 1 1 1 1 0 1 1 1 1 1 0 0 0 0 1
 1 0 1 1 0 1 0 1 1 0 0 1 0 1 1 0 1 1 0 0 0 0 1 1 1 1]
At 13901/30000: COST 0.240/1.897(0.263) -- Acc 0.870/0.560(0.874)
[0 0 1 0 0 1 1 0 1 0 1 0 1 0 1 1 0 0 1 0 0 1 0 1 1 1 1 0 0 1 0 1 0 1 1 1 1
 1 0 1 1 0 0 1 1 0 1 0 0 1 0 1 0 0 0 1 0 0 1 0 1 0 1 0 0 1 1 0 0 1 1 0 1 0
 0 1 0 0 0 1 1 1 1 1 0 1 0 0 1 0 0 0 1 0 1 0 0 1 1 0]
At 14001/30000: COST 0.186/1.912(0.249) -- Acc 0.890/0.580(0.881)
[1 1 0 0 0 0 0 1 1 1 0 1 0 0 0 0 0 0 1 0 1 1 1 1 0 1 0 0 0 1 0 1 0 0 0 1 1
 1 0 0 0 0 1 0 1 1 1 0 0 0 0 1 1 1 1 1 0 0 1 1 1 1 0 1 0 1 0 1 1 0 0 1 1 0
 1 0 1 0 0 1 1 1 1 1 1 1 0 0 0 1 1 1 0 1 0 0 0 1 1 0]
At 14101/30000: COST 0.345/2.067(0.240) -- Acc 0.890/0.520(0.884)
[0 0 1 1 0 1 1 1 0 1 0 0 0 1 0 0 1 1 0 0 0 1 1 1 0 1 1 1 1 0 0 1 1 1 1 1 0
 1 1 0 0 1 0 0 0 0 1 0 1 1 1 1 1 1 0 0 0 0 1 0 0 1 1 0 0 0 0 1 0 0 1 0 0 1
 0 1 0 0 0 0 1 0 0 1 1 0 0 0 1 1 1 1 1 0 0 0 0 0 0 1]
At 14201/30000: COST 0.331/2.283(0.248) -- Acc 0.870/0.540(0.883)
[0 0 0 0 1 1 1 0 0 0 1 0 0 0 1 1 1 0 0 1 1 1 0 1 0 0 0 0 0 0 0 0 0 1 0 0 0
 1 1 1 1 0 1 1 0 1 0 0 0 0 1 1 0 0 0 0 1 1 0 1 0 1 1 1 1 1 1 0 1 0 1 1 1 0
 1 1 1 1 1 1 1 0 0 1 0 1 0 0 0 0 1 0 0 1 0 1 0 0 0 1]
At 14301/30000: COST 0.272/2.113(0.259) -- Acc 0.880/0.540(0.877)
[0 0 1 1 1 0 1 1 1 0 0 1 1 0 1 0 0 1 1 1 1 1 1 1 1 1 0 0 1 1 0 1 1 1 1 0 1
 1 1 1 1 0 0 0 1 1 0 1 1 0 1 0 1 0 1 0 0 0 1 0 0 1 0 0 0 0 0 0 1 0 1 0 1 0
 0 0 1 1 0 1 0 1 1 1 1 0 0 0 1 0 1 0 0 1 0 0 0 1 1 0]
At 14401/30000: COST 0.331/1.974(0.283) -- Acc 0.810/0.580(0.865)
[1 1 1 1 0 1 1 0 1 0 0 1 1 1 1 0 1 0 0 0 0 1 0 1 1 1 1 0 0 1 0 1 1 1 0 1 1
 1 0 1 0 0 0 1 1 1 0 0 1 1 1 0 0 0 0 0 1 0 1 0 0 1 0 0 1 1 1 1 1 0 0 1 0 0
 1 0 0 0 0 0 1 0 1 0 1 0 0 1 0 1 1 0 0 1 0 0 0 1 1 1]
At 14501/30000: COST 0.214/2.113(0.269) -- Acc 0.880/0.580(0.874)
[1 1 1 0 0 0 0 1 0 0 0 0 1 1 0 1 0 1 0 1 0 0 0 1 0 0 1 0 1 0 1 0 0 1 0 1 0
 1 1 1 0 0 0 0 0 0 1 0 0 0 1 1 1 0 1 1 0 1 1 1 0 1 0 1 1 1 1 0 0 0 0 0 1 0
 1 0 0 0 1 1 0 0 0 1 1 0 1 0 1 1 1 0 0 0 1 0 1 1 0 1]
At 14601/30000: COST 0.201/1.938(0.258) -- Acc 0.900/0.510(0.879)
[0 1 1 0 1 1 1 0 1 0 0 0 1 0 0 1 0 1 1 0 1 0 0 0 1 0 0 1 1 0 1 1 1 0 0 0 0
 0 0 0 0 0 1 1 1 0 0 0 0 0 1 0 0 1 0 1 0 1 0 0 1 1 1 1 0 1 0 1 0 1 1 0 1 0
 0 1 0 0 0 0 0 1 1 1 0 1 0 1 0 1 0 0 1 0 0 1 1 0 1 0]
At 14701/30000: COST 0.221/2.022(0.254) -- Acc 0.900/0.550(0.879)
[1 1 1 0 1 0 0 0 1 1 0 0 0 0 1 1 1 0 1 0 0 1 1 1 1 0 1 0 1 1 0 0 1 0 0 1 1
 1 0 0 0 1 0 1 0 0 1 0 1 0 0 1 0 0 0 0 0 0 0 0 1 0 1 1 0 1 1 1 1 1 1 1 1 0
 0 1 0 0 0 1 0 1 0 1 1 1 1 0 1 0 1 0 0 0 1 0 1 0 0 0]
At 14801/30000: COST 0.249/2.081(0.243) -- Acc 0.840/0.550(0.882)
[0 0 0 0 0 1 0 1 1 0 0 0 0 1 0 1 0 1 0 0 1 0 0 0 0 0 0 0 1 0 0 0 0 1 1 1 1
 1 1 0 1 1 1 0 1 1 1 0 0 0 1 0 1 0 1 1 0 0 0 0 0 1 0 0 1 0 1 1 0 1 0 0 1 0
 1 1 1 1 1 1 0 0 0 1 0 0 0 1 0 1 0 1 0 1 1 1 1 0 1 0]
At 14901/30000: COST 0.319/1.901(0.254) -- Acc 0.840/0.560(0.882)
[1 0 1 0 1 1 0 1 1 0 0 0 0 1 1 0 1 1 0 1 1 0 0 1 1 1 0 1 1 1 0 0 0 0 0 0 0
 1 1 0 0 0 0 1 0 0 1 1 1 0 0 0 0 1 0 0 0 1 0 0 1 0 1 0 0 1 0 0 1 0 0 0 0 1
 0 1 1 1 0 1 1 1 1 1 0 0 1 1 1 0 1 1 0 1 0 1 1 0 0 1]
At 15001/30000: COST 0.429/2.485(0.296) -- Acc 0.870/0.530(0.869)
[0 1 0 0 0 0 1 1 0 0 0 0 0 0 0 0 0 0 0 0 1 0 0 0 1 0 0 1 1 0 1 1 0 0 1 0 1
 0 1 0 0 1 1 1 0 1 1 1 1 0 0 0 0 0 1 1 0 1 0 1 0 0 0 1 1 1 0 0 1 1 1 1 1 1
 1 0 0 0 0 1 1 0 0 1 0 0 0 1 0 0 1 0 1 1 1 1 0 0 1 0]
At 15101/30000: COST 0.272/2.068(0.273) -- Acc 0.850/0.560(0.875)
[1 0 0 1 0 0 0 1 0 0 0 1 1 0 0 0 1 0 1 1 1 0 1 1 0 0 0 1 0 0 0 1 0 1 1 0 1
 1 1 0 0 1 1 0 1 1 1 1 0 0 0 1 0 0 0 1 1 1 1 1 1 1 0 1 0 0 1 1 1 0 0 0 0 1
 0 1 1 1 0 0 1 0 0 1 1 1 0 1 1 1 0 1 0 0 1 1 1 1 1 0]
At 15201/30000: COST 0.208/2.013(0.260) -- Acc 0.890/0.560(0.880)
[0 1 0 0 1 1 0 0 1 0 0 1 0 0 1 0 0 0 0 1 0 1 0 1 1 1 0 0 1 0 1 0 0 1 1 0 0
 0 1 0 1 1 0 1 0 1 0 1 0 0 1 1 1 0 1 1 0 1 1 0 0 1 1 0 0 1 0 1 1 1 1 0 1 1
 0 0 0 1 0 0 0 0 1 0 0 0 0 1 1 1 1 1 1 0 1 1 1 1 0 0]
At 15301/30000: COST 0.434/2.029(0.255) -- Acc 0.870/0.580(0.883)
[1 0 1 0 0 1 0 0 0 1 1 1 1 0 0 1 0 0 0 1 1 0 1 0 0 0 0 0 1 1 1 1 0 1 1 1 0
 0 1 1 0 0 1 0 1 0 1 1 0 0 0 1 1 1 0 0 0 0 0 1 0 1 1 0 0 0 0 0 0 0 0 0 0 1
 0 1 1 0 1 0 0 1 0 0 0 0 1 1 0 1 1 1 0 1 0 0 1 0 1 0]
At 15401/30000: COST 0.271/2.193(0.277) -- Acc 0.850/0.540(0.875)
[0 0 0 0 1 0 1 1 1 1 0 1 1 0 1 0 1 0 1 0 0 0 1 1 0 0 1 0 1 1 0 1 1 0 1 0 1
 1 0 1 1 1 0 1 0 0 1 0 1 0 0 1 0 0 0 0 0 0 1 1 1 1 0 1 1 1 1 1 1 0 1 1 0 0
 0 0 0 0 1 1 0 0 1 0 1 0 0 0 1 0 0 1 0 0 1 1 0 0 1 0]
At 15501/30000: COST 0.410/2.059(0.273) -- Acc 0.830/0.530(0.874)
[0 0 0 1 0 1 0 0 0 1 1 1 0 1 0 1 0 0 1 0 1 0 1 1 1 0 0 1 1 0 0 0 1 0 1 0 0
 0 0 0 0 0 0 1 1 1 1 0 0 0 0 1 0 1 1 0 0 1 1 1 0 1 0 0 0 1 1 1 1 1 1 0 1 1
 0 1 1 0 0 0 1 1 1 0 0 1 1 1 0 1 0 0 0 1 0 1 1 0 0 1]
At 15601/30000: COST 0.290/2.002(0.263) -- Acc 0.870/0.590(0.878)
[1 0 1 1 0 1 1 0 0 0 0 1 0 1 0 0 0 1 1 0 1 0 1 1 1 1 0 0 0 0 1 0 0 1 1 0 0
 1 1 1 1 0 1 1 0 1 0 0 0 1 0 0 1 0 0 0 1 0 0 0 0 0 0 0 0 1 1 1 0 1 1 1 1 1
 1 1 1 1 0 1 0 0 1 0 1 1 0 1 1 0 1 1 0 1 1 0 1 1 1 0]
At 15701/30000: COST 0.239/2.296(0.269) -- Acc 0.870/0.510(0.877)
[0 0 1 1 0 0 1 1 1 0 0 0 0 1 1 0 0 0 1 0 1 1 0 0 0 0 1 0 0 1 0 1 1 0 1 1 1
 1 1 0 0 0 0 0 0 0 0 0 0 0 1 1 1 0 0 1 1 0 0 1 1 1 1 0 1 0 0 1 0 1 0 0 0 0
 1 0 0 1 1 1 1 1 0 0 0 1 1 0 0 0 1 0 1 1 1 0 1 1 0 1]
At 15801/30000: COST 0.342/2.306(0.266) -- Acc 0.850/0.490(0.882)
[0 1 1 0 0 0 0 0 0 0 0 1 0 0 1 1 0 0 1 0 1 1 1 0 0 0 0 0 1 1 0 0 0 1 1 1 0
 1 1 1 1 1 1 0 1 0 0 1 0 0 0 1 1 1 1 0 0 1 0 1 1 0 0 0 1 1 1 1 0 0 0 1 0 1
 1 1 1 0 0 0 1 1 1 1 1 0 1 1 0 0 1 0 0 0 1 0 1 0 1 0]
At 15901/30000: COST 0.242/1.908(0.279) -- Acc 0.890/0.600(0.874)
[1 1 0 0 0 1 0 0 0 0 1 1 0 1 0 1 0 0 0 1 1 1 1 1 0 0 1 1 1 1 1 0 1 0 0 1 0
 1 0 1 0 1 1 1 1 0 0 1 1 1 0 1 1 1 0 0 0 0 0 0 1 0 0 1 0 1 0 0 0 0 0 0 1 1
 0 0 0 1 1 0 0 1 1 1 1 0 1 1 1 0 0 0 0 0 0 0 1 1 0 0]
At 16001/30000: COST 0.208/2.462(0.247) -- Acc 0.870/0.540(0.887)
[1 0 1 0 0 0 1 0 1 1 1 1 1 0 0 0 1 1 1 1 0 0 1 0 0 1 0 1 0 0 0 1 0 0 1 1 0
 0 1 1 0 0 1 1 0 0 0 0 1 0 0 1 0 1 0 0 1 1 1 0 1 0 0 0 1 0 0 0 1 1 1 0 1 0
 1 1 0 1 1 0 1 0 0 0 1 0 0 0 1 0 1 0 1 0 1 1 0 1 0 0]
At 16101/30000: COST 0.192/2.115(0.242) -- Acc 0.910/0.530(0.889)
[1 0 1 0 0 1 0 1 0 1 1 1 1 0 0 0 1 0 1 1 0 1 0 0 0 0 0 0 1 0 1 0 1 1 0 0 1
 1 1 0 1 0 1 1 1 1 0 1 0 1 0 0 1 1 1 1 1 1 0 0 0 1 1 0 0 1 1 1 0 0 0 0 1 1
 1 0 0 0 1 1 0 0 1 0 1 1 0 0 0 1 1 0 0 1 0 0 0 0 0 0]
At 16201/30000: COST 0.229/2.212(0.232) -- Acc 0.900/0.570(0.892)
[1 0 0 0 1 1 0 1 0 1 1 0 1 1 0 1 1 1 0 1 1 1 1 0 1 0 0 0 0 0 1 1 0 1 0 1 0
 0 1 0 1 1 1 0 1 0 1 0 0 1 0 0 1 0 1 1 0 1 0 1 1 1 1 0 0 0 1 0 0 1 0 0 0 0
 0 0 0 0 1 1 0 0 0 0 1 1 0 0 0 0 1 1 1 1 0 1 1 1 0 1]
At 16301/30000: COST 0.295/2.107(0.235) -- Acc 0.840/0.540(0.890)
[1 1 0 0 0 1 1 1 1 1 1 0 0 0 0 0 0 0 1 1 1 0 1 0 1 0 0 0 1 1 1 1 1 0 0 0 0
 0 0 0 0 1 1 1 0 1 0 1 1 0 0 1 0 0 1 0 1 1 1 0 0 1 0 0 0 0 1 0 1 0 0 1 0 1
 0 0 0 1 1 0 1 1 0 0 1 1 0 1 0 0 1 0 1 1 1 1 1 0 0 1]
At 16401/30000: COST 0.365/2.065(0.246) -- Acc 0.800/0.570(0.885)
[1 1 0 0 0 1 1 1 0 0 1 0 0 0 0 1 0 1 1 0 1 0 1 1 0 0 1 0 0 1 1 0 1 1 1 0 0
 0 1 1 0 0 1 0 1 0 1 1 0 0 0 1 1 0 0 0 0 0 1 1 1 1 1 0 0 1 0 0 0 1 0 0 0 0
 1 1 1 1 0 0 0 1 0 1 0 1 0 1 1 1 0 1 0 1 0 1 0 1 0 0]
At 16501/30000: COST 0.253/2.157(0.235) -- Acc 0.900/0.540(0.891)
[1 1 0 0 1 1 0 1 0 1 0 1 1 1 1 1 1 0 0 1 0 0 1 1 0 1 1 1 1 0 1 1 0 1 1 1 0
 1 0 0 1 0 0 0 1 1 0 0 1 1 0 1 0 0 0 1 0 0 0 1 0 0 1 0 1 0 0 0 0 0 1 1 0 1
 1 1 1 1 0 1 0 1 1 0 0 0 0 1 0 0 0 1 1 1 0 1 0 1 1 0]
At 16601/30000: COST 0.356/2.118(0.237) -- Acc 0.850/0.610(0.890)
[0 1 0 0 1 0 1 0 0 1 1 0 1 1 1 0 0 1 1 0 0 1 0 1 1 1 0 0 1 1 0 0 1 0 1 0 0
 1 1 0 1 1 1 0 0 1 1 1 1 1 1 0 0 1 0 0 0 0 0 0 0 1 0 0 0 0 1 1 0 1 0 0 0 1
 1 1 1 0 1 1 0 0 1 1 0 1 0 1 0 0 1 1 1 0 0 0 0 0 1 1]
At 16701/30000: COST 0.164/2.184(0.233) -- Acc 0.940/0.580(0.895)
[0 0 1 0 0 0 0 1 0 0 1 1 1 1 0 0 0 0 0 0 0 1 1 0 1 0 1 1 1 1 1 0 0 0 0 1 1
 1 1 1 1 0 1 1 0 1 1 0 0 1 0 0 0 0 1 0 0 0 0 1 0 1 0 0 1 0 0 1 0 1 0 0 1 1
 1 0 0 1 0 0 0 0 0 0 1 1 1 0 1 0 0 1 1 1 1 1 1 1 1 1]
At 16801/30000: COST 0.278/2.279(0.234) -- Acc 0.880/0.570(0.893)
[0 1 1 1 1 0 1 0 1 1 0 0 1 1 0 1 1 1 1 0 0 0 1 0 0 0 0 1 1 1 0 0 0 1 0 1 1
 1 1 1 1 0 1 0 1 0 0 0 1 1 0 1 1 0 0 0 1 0 1 1 0 0 1 0 1 0 0 0 1 0 0 0 0 1
 0 1 1 0 1 0 0 1 1 0 0 1 0 1 0 0 0 1 1 0 1 0 0 0 1 1]
At 16901/30000: COST 0.245/2.342(0.253) -- Acc 0.850/0.560(0.885)
[0 0 1 1 0 0 1 0 1 0 0 0 1 0 1 0 0 1 1 1 0 0 0 0 1 1 1 1 0 0 0 0 1 1 0 0 1
 1 0 1 0 1 1 0 0 1 0 1 1 0 1 0 0 1 0 0 0 0 0 1 0 1 0 0 1 1 1 1 1 0 0 0 0 1
 1 1 1 0 1 1 0 0 1 1 0 0 1 1 0 1 0 1 1 1 1 0 0 1 0 0]
At 17001/30000: COST 0.256/2.273(0.242) -- Acc 0.890/0.570(0.888)
[1 1 0 1 0 1 0 0 1 0 0 0 0 0 1 0 1 1 1 1 0 1 0 1 0 0 0 1 1 0 1 0 1 1 0 1 0
 0 1 0 0 0 0 0 1 0 0 1 0 0 0 1 1 1 0 0 0 0 1 1 1 0 1 0 0 1 1 1 1 0 0 0 1 1
 0 0 0 0 1 1 1 0 1 0 1 1 0 0 0 1 1 0 1 1 1 0 0 1 0 0]
At 17101/30000: COST 0.357/2.160(0.234) -- Acc 0.870/0.610(0.890)
[0 1 1 0 1 1 1 0 0 1 0 1 1 1 0 1 1 1 0 0 1 0 1 1 0 0 1 1 0 0 0 1 0 1 0 1 1
 1 0 0 0 0 1 0 1 0 0 0 1 0 0 0 1 1 1 0 0 0 0 1 0 0 0 1 1 0 1 0 1 1 0 0 0 1
 0 0 0 1 0 1 0 0 1 1 1 0 0 0 0 1 0 1 0 0 0 0 0 0 1 0]
At 17201/30000: COST 0.226/2.533(0.217) -- Acc 0.890/0.600(0.898)
[1 1 1 1 0 1 1 0 1 0 0 1 0 1 1 1 0 0 0 0 0 1 1 0 0 0 0 0 0 1 1 0 0 1 1 0 0
 1 1 1 0 0 1 1 0 1 0 0 1 0 0 1 1 0 0 0 1 0 1 0 1 1 0 0 0 0 0 1 1 0 1 1 0 0
 1 0 1 0 1 0 0 1 0 1 0 0 0 1 0 1 0 0 0 1 0 0 1 1 1 1]
At 17301/30000: COST 0.131/2.206(0.223) -- Acc 0.920/0.570(0.897)
[0 0 1 1 1 0 1 1 1 0 1 0 1 1 0 1 1 0 1 1 0 0 1 1 1 1 1 1 1 0 0 0 0 0 0 1 0
 0 0 0 0 1 0 0 0 1 1 1 0 1 0 1 0 0 0 1 1 0 0 0 1 1 1 0 1 0 0 1 1 1 1 0 0 1
 1 1 1 0 0 1 0 0 0 0 0 0 0 1 0 1 1 0 0 0 1 0 1 0 0 0]
At 17401/30000: COST 0.236/2.361(0.215) -- Acc 0.890/0.560(0.900)
[1 0 0 0 0 0 1 0 1 0 1 1 0 0 0 0 0 0 1 1 1 1 1 0 0 1 1 0 1 0 1 1 1 1 1 0 0
 0 0 0 0 0 0 0 1 0 1 0 1 0 0 0 0 0 1 1 0 1 0 1 0 0 0 0 1 1 0 1 1 1 1 1 0 1
 1 1 0 1 1 1 0 0 0 1 1 1 1 0 0 0 1 1 1 1 0 0 1 0 1 1]
At 17501/30000: COST 0.224/2.385(0.235) -- Acc 0.890/0.600(0.896)
[0 0 0 0 0 1 0 0 1 1 1 0 1 1 1 1 0 1 0 0 1 0 0 1 1 1 0 1 0 1 0 0 0 1 0 0 1
 1 0 0 0 0 0 0 0 0 1 1 1 0 1 0 1 1 1 0 1 1 0 1 1 0 0 0 1 0 1 0 0 0 1 0 1 0
 1 0 1 1 0 0 0 1 0 1 1 0 0 0 1 1 0 1 0 1 1 1 1 1 0 0]
At 17601/30000: COST 0.184/2.265(0.252) -- Acc 0.930/0.600(0.889)
[1 0 1 1 1 1 0 1 0 0 1 1 0 0 0 1 0 0 0 1 1 1 0 0 0 0 0 1 1 0 0 0 1 1 0 1 1
 1 0 0 1 1 0 1 0 0 0 0 0 1 1 0 1 1 0 1 1 1 1 0 0 0 1 0 0 1 0 1 0 1 0 0 0 1
 0 0 1 0 1 1 0 0 0 0 0 1 1 1 0 1 1 0 0 0 1 1 1 0 0 1]
At 17701/30000: COST 0.354/2.278(0.261) -- Acc 0.830/0.560(0.885)
[1 1 1 1 1 0 1 1 0 1 1 0 1 1 1 1 1 0 0 1 0 1 0 1 0 1 0 0 1 1 0 1 0 0 0 1 1
 0 0 0 0 0 1 1 0 0 1 1 1 0 0 0 0 0 0 0 1 1 1 0 1 1 0 0 0 0 0 1 0 0 1 1 0 0
 0 1 0 0 1 0 0 0 0 0 0 0 0 0 1 0 1 1 0 0 0 1 1 1 0 1]
At 17801/30000: COST 0.234/2.180(0.261) -- Acc 0.900/0.540(0.885)
[0 1 0 0 0 1 0 1 1 0 0 1 1 0 0 1 0 1 1 1 1 0 1 0 0 0 1 0 0 1 1 0 1 1 0 0 0
 0 1 0 1 0 0 0 0 1 0 0 0 0 0 1 1 1 0 0 0 0 0 1 1 1 1 0 1 1 1 1 0 0 0 0 0 1
 0 0 0 0 0 1 1 0 0 0 0 0 1 0 0 1 1 1 0 0 0 1 1 1 0 1]
At 17901/30000: COST 0.219/2.373(0.251) -- Acc 0.880/0.530(0.892)
[0 0 0 0 1 0 0 1 0 1 1 1 1 1 0 1 0 1 0 0 1 0 0 0 1 1 0 0 1 1 1 0 1 1 0 0 1
 0 1 1 0 1 0 1 0 0 0 0 0 0 0 1 0 1 0 1 1 0 1 1 1 0 0 1 1 1 1 0 0 1 1 0 0 0
 0 1 1 1 0 1 0 0 0 1 1 1 1 0 0 0 1 1 0 0 0 1 0 1 1 1]
At 18001/30000: COST 0.192/2.252(0.232) -- Acc 0.890/0.560(0.896)
[1 1 0 0 0 1 0 0 0 0 1 1 1 1 0 0 0 1 0 0 1 0 1 0 1 0 0 1 0 0 1 0 1 1 0 0 0
 1 1 0 0 0 1 1 1 1 1 0 1 0 0 1 1 1 1 1 0 1 0 0 0 1 0 1 0 0 1 0 1 1 0 1 0 0
 1 0 0 1 1 1 0 1 1 1 0 1 1 0 1 0 1 1 0 0 0 0 0 1 0 1]
At 18101/30000: COST 0.195/2.176(0.227) -- Acc 0.900/0.600(0.897)
[0 1 1 0 0 0 0 0 0 0 0 0 1 0 0 0 0 1 0 0 0 0 1 0 0 0 1 1 1 0 1 0 1 1 0 1 0
 1 0 0 0 1 0 0 1 1 1 1 1 1 0 1 1 0 1 0 0 1 1 1 1 0 0 1 0 0 1 1 0 0 0 1 1 1
 1 0 1 0 0 1 1 1 1 1 0 0 0 0 0 1 1 1 1 1 0 1 0 1 1 1]
At 18201/30000: COST 0.265/2.272(0.228) -- Acc 0.830/0.540(0.897)
[1 1 1 1 0 0 0 0 1 0 0 1 1 1 0 0 0 0 0 0 1 0 1 1 0 0 0 1 1 0 1 0 0 0 0 1 1
 0 1 0 0 1 0 0 0 1 0 0 1 0 0 1 0 0 1 1 1 1 0 0 1 1 0 0 1 0 0 0 0 1 1 0 0 1
 0 1 1 1 1 0 0 1 1 1 1 1 1 0 1 1 1 0 1 0 1 0 0 0 1 0]
At 18301/30000: COST 0.386/2.158(0.224) -- Acc 0.870/0.580(0.902)
[1 0 0 0 0 0 1 0 0 1 1 1 1 0 1 0 0 1 1 1 1 1 1 1 0 0 1 1 1 0 0 1 1 1 0 1 0
 0 1 1 0 0 1 0 1 1 1 0 0 0 1 1 0 0 1 0 0 0 0 0 1 1 1 0 0 0 1 1 0 1 0 1 1 0
 0 0 1 0 0 0 1 1 0 0 0 1 0 1 0 0 0 1 0 1 1 0 1 0 0 1]
At 18401/30000: COST 0.248/2.454(0.225) -- Acc 0.940/0.550(0.897)
[1 0 1 1 1 0 0 0 0 1 1 1 0 0 1 1 1 0 0 0 1 1 0 0 0 1 0 1 0 1 0 0 1 1 0 0 1
 1 0 0 1 0 1 0 0 1 0 0 0 1 0 0 1 0 1 0 0 1 0 1 0 1 1 0 1 1 0 0 1 0 0 1 1 0
 0 1 1 1 0 1 1 0 1 1 0 1 0 1 0 0 1 0 1 0 0 1 1 1 0 0]
At 18501/30000: COST 0.189/2.410(0.250) -- Acc 0.900/0.530(0.890)
[0 1 0 1 0 0 1 0 0 1 1 1 1 1 0 1 0 1 1 0 0 0 0 0 0 0 0 0 1 0 0 1 0 0 1 0 1
 1 0 0 1 1 1 1 0 1 1 1 0 0 0 0 1 1 0 0 1 1 0 0 1 1 1 1 1 1 0 0 1 0 0 0 1 1
 1 1 0 0 1 0 0 0 1 1 0 0 1 1 1 1 0 1 0 0 0 1 1 0 0 0]
At 18601/30000: COST 0.198/2.679(0.251) -- Acc 0.910/0.530(0.887)
[1 1 0 1 0 1 0 0 0 0 1 1 0 1 0 1 1 0 0 0 1 1 1 0 0 0 1 1 0 0 0 1 0 0 0 1 0
 0 0 0 1 0 0 0 1 0 0 0 0 0 1 0 1 1 1 1 0 1 1 1 1 1 0 0 1 1 0 1 0 1 1 1 0 1
 0 1 0 0 0 1 0 0 1 1 1 0 0 1 0 1 0 1 0 1 0 0 0 1 0 0]
At 18701/30000: COST 0.246/2.546(0.235) -- Acc 0.880/0.500(0.894)
[0 0 1 0 1 1 0 0 1 1 0 0 0 0 0 1 0 0 0 0 0 1 0 1 0 1 1 1 0 0 0 0 0 1 1 0 1
 1 0 0 0 0 1 0 1 1 1 0 0 0 0 0 0 0 1 0 0 0 1 1 0 0 0 0 1 1 0 0 1 0 1 1 0 0
 0 1 1 1 1 1 1 1 0 1 1 1 1 0 0 1 1 0 1 0 1 0 1 0 1 0]
At 18801/30000: COST 0.148/2.537(0.228) -- Acc 0.970/0.530(0.899)
[0 1 0 1 0 1 1 0 1 1 1 0 0 0 1 0 1 0 0 0 1 0 0 1 0 0 1 1 1 0 0 1 0 0 1 0 1
 1 0 0 1 1 0 1 1 1 0 0 1 1 1 1 1 1 1 0 0 0 1 1 1 1 0 1 0 0 0 1 1 0 1 0 0 1
 0 1 0 1 0 0 1 1 0 1 0 0 0 0 0 1 0 1 0 1 1 0 1 1 1 0]
At 18901/30000: COST 0.208/2.294(0.219) -- Acc 0.890/0.560(0.900)
[0 1 1 0 0 1 0 0 1 1 1 0 1 0 1 0 1 1 0 1 0 0 0 1 0 1 1 0 0 1 0 0 1 0 0 0 1
 1 0 0 1 0 1 0 0 0 1 1 0 0 0 1 1 0 0 1 1 0 1 1 1 1 1 1 0 1 1 1 1 1 0 1 0 0
 1 0 0 0 1 1 0 0 0 0 1 1 1 1 1 1 0 0 0 0 1 0 0 0 1 0]
At 19001/30000: COST 0.237/2.466(0.240) -- Acc 0.910/0.500(0.890)
[1 1 0 0 1 0 0 0 0 0 1 1 1 0 1 0 1 0 0 0 1 1 1 1 1 0 1 1 0 0 1 0 0 1 0 0 0
 1 1 1 1 0 0 1 1 1 1 0 1 1 0 1 1 0 1 1 1 0 1 0 0 1 1 0 1 1 0 0 0 0 1 0 0 0
 1 1 0 0 0 1 0 0 0 1 0 1 1 1 1 0 1 1 0 0 1 0 0 0 0 1]
At 19101/30000: COST 0.302/2.193(0.260) -- Acc 0.850/0.590(0.887)
[1 1 0 1 0 0 0 0 1 1 0 0 0 0 1 0 1 1 1 1 0 0 0 0 1 1 0 1 1 1 1 1 0 0 0 0 0
 0 1 0 1 1 1 1 1 0 1 0 0 0 1 0 1 0 0 1 1 1 1 0 1 0 1 1 0 1 0 1 1 0 0 0 1 0
 0 1 0 0 1 1 1 0 1 1 0 0 1 1 0 1 1 1 0 0 0 0 1 1 0 0]
At 19201/30000: COST 0.359/2.450(0.253) -- Acc 0.880/0.570(0.889)
[0 0 0 0 0 0 1 0 1 1 0 0 1 1 1 1 1 0 0 0 0 1 0 1 0 0 1 1 0 0 1 0 0 0 0 1 1
 0 0 1 0 0 0 0 1 0 1 0 1 1 0 0 0 0 1 1 1 1 0 0 1 1 0 1 1 0 1 1 0 1 1 1 1 1
 0 0 1 1 0 0 0 0 1 1 0 1 1 1 1 0 0 0 0 1 1 0 1 1 0 0]
At 19301/30000: COST 0.163/2.297(0.219) -- Acc 0.910/0.540(0.900)
[1 0 1 1 1 1 0 0 1 0 0 0 1 0 0 1 1 0 0 1 1 1 0 1 1 1 0 0 1 0 0 0 1 0 1 0 0
 0 0 0 0 1 1 0 0 0 0 1 0 1 1 1 1 0 1 0 0 1 1 1 0 0 0 0 1 0 1 0 0 0 0 1 1 1
 1 0 0 0 1 0 1 0 0 1 1 1 1 0 1 0 1 1 1 1 0 1 0 1 1 0]
At 19401/30000: COST 0.328/2.656(0.227) -- Acc 0.850/0.540(0.897)
[0 1 0 0 1 0 1 0 0 0 1 0 1 0 0 0 1 0 1 0 0 1 0 0 1 0 1 0 0 1 1 0 0 0 0 1 1
 1 1 1 0 0 1 0 0 1 1 0 1 1 0 1 0 1 0 1 0 1 1 0 1 0 0 1 1 0 1 0 0 1 1 1 0 0
 0 0 0 1 0 1 0 0 1 0 1 0 1 0 1 1 0 1 0 1 0 1 0 1 0 0]
At 19501/30000: COST 0.236/2.505(0.224) -- Acc 0.900/0.580(0.900)
[0 1 0 0 0 1 0 0 0 0 0 1 1 0 1 0 0 0 0 0 1 1 1 1 1 0 1 0 0 1 1 1 1 0 0 1 0
 1 1 0 1 1 1 0 0 0 0 1 1 1 1 0 0 0 0 1 1 1 1 1 0 0 1 0 1 1 0 0 0 0 0 0 0 1
 1 1 0 1 0 1 1 1 1 0 0 1 0 1 1 0 0 0 1 0 1 0 1 0 0 0]
At 19601/30000: COST 0.257/2.563(0.219) -- Acc 0.860/0.540(0.900)
[1 1 1 0 0 0 1 0 1 1 0 1 0 0 0 0 1 0 0 0 0 1 0 0 1 0 0 0 1 1 1 1 1 1 0 1 0
 1 0 0 1 0 0 1 0 0 0 0 1 0 1 0 0 0 0 0 1 0 0 1 1 1 0 1 0 1 1 1 1 0 0 1 0 0
 0 1 0 1 0 0 1 1 0 1 1 0 0 0 0 1 0 0 1 0 0 0 1 0 1 1]
At 19701/30000: COST 0.232/2.683(0.236) -- Acc 0.870/0.580(0.892)
[1 0 0 0 1 0 1 1 1 1 1 0 1 0 0 1 0 1 1 0 1 1 0 0 0 0 1 1 0 0 1 0 0 1 0 1 0
 1 0 0 1 1 0 1 0 1 1 0 1 0 1 1 0 1 1 0 0 1 0 1 1 0 0 0 1 0 0 0 0 1 0 0 1 1
 1 1 0 0 1 0 1 0 1 1 1 1 0 1 1 0 0 0 0 0 1 1 0 1 0 0]
At 19801/30000: COST 0.247/2.142(0.228) -- Acc 0.880/0.600(0.897)
[0 1 1 1 0 0 0 0 1 0 0 0 0 1 1 0 0 0 0 0 0 0 1 1 1 0 1 1 0 0 0 0 1 0 1 0 0
 1 0 1 0 0 0 0 0 1 0 1 0 1 1 0 0 0 0 1 1 0 0 0 1 1 0 1 1 1 1 0 0 0 1 1 0 1
 0 1 0 0 0 0 1 0 0 1 0 1 0 1 1 0 0 1 1 1 0 0 1 1 0 0]
At 19901/30000: COST 0.160/2.319(0.232) -- Acc 0.930/0.520(0.896)
[0 1 0 1 1 0 1 0 1 0 0 0 0 1 0 0 0 0 0 1 1 0 1 1 1 0 0 1 0 0 1 0 0 0 0 1 1
 0 0 0 1 0 1 0 1 1 0 0 0 0 0 0 1 0 1 0 1 0 0 1 1 1 1 0 1 1 0 1 0 0 0 0 1 0
 1 1 1 0 1 1 1 1 1 1 1 0 0 0 0 0 0 0 0 0 1 1 0 0 0 1]
At 20001/30000: COST 0.318/2.498(0.246) -- Acc 0.860/0.520(0.889)
[1 0 0 0 0 1 0 0 0 0 0 1 0 1 0 1 1 1 0 1 0 0 0 0 0 1 0 0 1 1 1 0 1 0 1 1 0
 1 1 1 1 1 0 0 0 0 1 0 0 0 1 0 1 1 1 1 1 1 0 0 0 1 0 1 1 0 1 0 0 0 0 1 0 0
 1 0 1 1 1 0 1 0 0 0 1 0 1 1 1 1 0 0 1 1 0 0 1 0 0 0]
At 20101/30000: COST 0.169/2.248(0.229) -- Acc 0.940/0.590(0.895)
[0 1 0 0 1 1 1 1 1 1 1 0 1 1 1 1 0 1 1 1 0 1 0 1 0 0 1 1 0 0 1 1 0 1 1 0 1
 0 1 0 0 1 0 0 0 0 0 1 0 0 1 0 1 0 0 1 0 1 0 0 0 0 0 0 0 1 0 0 0 0 0 0 0 1
 0 0 0 1 1 0 0 0 1 0 1 1 1 1 1 1 1 0 1 1 0 0 1 0 1 1]
At 20201/30000: COST 0.199/2.255(0.216) -- Acc 0.900/0.590(0.898)
[0 1 0 1 0 1 0 0 0 1 0 0 0 0 1 1 0 0 1 0 1 1 0 0 1 0 1 1 0 1 1 1 0 0 0 0 0
 1 0 0 1 0 1 1 0 0 0 1 0 0 0 1 1 1 1 0 1 0 0 0 1 0 1 1 1 1 1 0 1 0 1 1 0 1
 0 1 1 0 1 0 0 0 1 0 0 1 0 1 1 0 1 0 0 0 1 0 0 1 0 1]
At 20301/30000: COST 0.245/2.385(0.223) -- Acc 0.920/0.510(0.902)
[0 0 1 1 1 0 0 1 0 1 1 1 1 0 1 1 1 1 0 0 1 0 0 1 0 0 0 0 1 1 0 0 0 0 0 0 1
 0 0 1 0 1 0 1 0 0 0 0 0 0 0 1 0 1 1 1 1 0 1 0 0 0 0 0 0 0 0 1 1 0 1 0 1 0
 0 0 0 0 0 1 1 0 0 1 1 1 0 1 0 1 1 1 1 0 1 0 0 0 1 1]
At 20401/30000: COST 0.235/2.235(0.269) -- Acc 0.850/0.520(0.888)
[1 1 1 0 0 1 1 1 0 0 1 0 1 1 0 1 1 1 0 0 1 0 0 0 0 0 0 1 1 0 0 1 1 0 1 0 1
 0 0 1 1 1 1 0 0 1 1 0 1 1 0 1 1 1 1 0 0 1 0 0 1 0 0 0 0 1 0 1 0 1 0 1 0 0
 1 0 0 1 0 0 1 0 1 0 0 1 0 0 0 1 0 0 0 1 0 1 0 1 1 0]
At 20501/30000: COST 0.179/2.505(0.236) -- Acc 0.930/0.460(0.895)
[0 1 1 1 0 0 0 0 0 0 0 0 0 1 1 1 0 0 0 1 0 1 0 0 1 1 1 0 1 0 1 1 1 1 1 1 0
 1 1 1 0 0 1 1 0 1 1 0 0 0 0 1 1 0 1 0 0 0 1 0 1 1 1 1 0 1 0 1 1 0 1 0 0 1
 1 1 0 1 0 1 1 0 1 1 1 1 1 0 1 0 0 1 0 0 0 1 0 1 0 0]
At 20601/30000: COST 0.210/2.333(0.249) -- Acc 0.900/0.550(0.890)
[1 0 1 0 1 1 1 0 0 1 0 0 0 1 1 1 1 0 1 1 0 0 0 0 0 1 1 1 1 1 0 1 0 0 0 1 0
 1 0 1 1 1 0 0 0 1 0 1 1 1 1 0 0 0 1 0 0 0 1 1 0 0 1 1 0 1 0 0 0 1 0 0 0 0
 0 1 0 1 1 1 0 0 0 1 1 1 0 1 0 0 0 0 1 0 0 0 0 0 0 0]
At 20701/30000: COST 0.278/2.517(0.254) -- Acc 0.860/0.490(0.891)
[0 1 1 0 1 0 0 0 0 1 1 1 1 1 0 1 0 1 1 0 1 0 0 0 1 0 0 1 0 1 1 1 1 0 0 1 1
 0 0 0 0 1 1 1 0 1 0 1 0 0 0 0 0 1 1 1 1 1 0 0 0 0 0 0 0 0 1 0 1 0 1 0 1 1
 0 1 0 1 1 1 0 0 1 0 0 1 1 1 0 1 1 1 0 0 0 0 0 0 0 0]
At 20801/30000: COST 0.452/2.076(0.272) -- Acc 0.790/0.550(0.880)
[1 0 1 0 0 1 1 1 0 1 0 1 0 0 0 0 1 1 0 0 1 0 0 1 1 0 1 1 1 0 1 0 1 0 0 1 1
 0 0 1 0 1 0 0 0 0 1 0 1 1 1 0 0 1 0 0 0 0 0 1 0 0 0 1 0 0 1 1 0 0 1 0 1 1
 1 1 0 0 1 0 1 0 0 1 1 0 0 0 0 0 1 1 0 0 1 1 0 0 1 1]
At 20901/30000: COST 0.266/2.304(0.244) -- Acc 0.870/0.560(0.890)
[0 1 0 1 0 1 0 0 1 0 1 0 1 1 0 0 0 0 1 1 0 0 0 0 1 0 0 0 1 1 0 0 0 1 0 0 0
 1 1 1 1 1 0 0 0 1 1 0 1 1 1 0 1 1 0 0 1 1 0 0 0 1 0 1 1 1 1 0 0 1 0 1 0 0
 1 0 1 1 1 0 0 1 1 0 1 0 1 1 1 0 0 1 1 0 1 1 0 0 1 1]
At 21001/30000: COST 0.237/2.584(0.224) -- Acc 0.880/0.570(0.898)
[1 1 1 0 1 1 0 1 1 0 1 1 1 0 1 1 0 0 0 0 1 1 0 1 1 0 1 1 0 0 1 0 1 0 0 0 1
 1 0 0 0 1 0 1 1 0 1 0 1 1 1 1 0 1 0 1 0 0 0 1 0 0 0 0 1 1 1 1 0 0 1 1 0 1
 0 1 1 0 0 1 0 1 0 1 0 1 1 1 1 0 1 0 1 1 1 0 0 0 1 0]
At 21101/30000: COST 0.258/2.006(0.223) -- Acc 0.830/0.590(0.898)
[0 1 1 1 0 0 1 0 1 0 0 0 0 1 0 1 0 0 0 1 0 0 1 1 1 1 1 0 1 0 0 1 0 0 1 0 0
 1 0 0 1 0 1 1 1 0 0 0 0 1 1 0 1 0 0 1 0 1 0 1 1 0 0 1 1 0 1 0 1 1 1 0 0 1
 1 1 0 1 0 0 0 0 0 1 0 0 1 1 1 0 0 0 0 0 0 1 0 1 0 0]
At 21201/30000: COST 0.183/2.468(0.211) -- Acc 0.920/0.550(0.904)
[1 1 0 0 0 1 1 1 0 1 1 0 0 0 1 0 1 0 1 0 1 0 1 0 0 0 0 1 0 0 1 0 1 0 0 0 1
 1 1 0 0 0 1 0 1 1 0 1 1 0 0 1 1 1 0 0 0 0 0 1 0 0 1 0 0 0 1 0 0 1 0 1 0 1
 1 0 0 0 0 0 1 0 1 0 0 1 1 1 1 1 0 0 0 1 0 1 1 1 1 1]
At 21301/30000: COST 0.194/2.566(0.214) -- Acc 0.900/0.510(0.902)
[0 0 1 1 1 0 0 1 0 0 1 0 1 1 1 0 1 0 0 1 0 1 0 0 1 1 1 1 0 0 1 1 0 1 0 1 1
 1 0 0 0 1 1 0 0 0 0 0 0 1 0 0 0 1 1 0 1 1 1 0 1 0 1 0 1 1 1 0 1 0 0 0 1 0
 0 1 1 1 1 1 0 0 1 1 1 0 0 1 0 1 1 1 0 0 0 1 0 0 1 0]
At 21401/30000: COST 0.348/2.448(0.231) -- Acc 0.840/0.530(0.898)
[0 0 0 0 1 0 0 0 0 0 1 0 0 1 1 1 1 0 1 1 1 1 0 0 1 1 1 1 0 0 0 1 0 1 0 1 0
 1 0 0 0 0 1 0 0 1 0 1 1 0 1 0 1 1 1 0 1 0 1 1 1 1 0 1 0 0 1 1 0 0 0 0 0 0
 1 0 0 0 1 0 1 1 1 0 1 0 1 1 0 1 0 1 0 0 0 1 1 0 0 0]
At 21501/30000: COST 0.323/2.704(0.230) -- Acc 0.890/0.530(0.900)
[1 0 1 0 1 1 0 1 1 0 1 1 0 1 1 0 1 1 0 1 0 1 0 1 1 1 0 0 1 1 0 1 0 0 1 1 0
 1 1 1 1 1 0 0 0 0 0 1 1 1 1 1 1 0 1 0 1 1 0 0 1 0 0 1 0 1 0 0 1 0 0 0 0 0
 0 1 1 1 0 1 0 0 0 0 1 1 1 1 0 0 0 1 0 1 1 1 0 0 0 0]
At 21601/30000: COST 0.201/2.079(0.269) -- Acc 0.920/0.550(0.888)
[1 0 1 1 1 0 0 0 1 1 0 1 0 0 0 1 0 1 1 0 0 1 0 1 0 0 1 0 1 0 1 0 1 0 1 0 1
 0 0 0 0 1 0 0 1 0 1 1 1 1 0 0 1 1 1 1 1 1 0 0 0 1 0 0 0 0 1 0 1 0 0 0 0 0
 1 1 1 0 0 0 1 0 1 1 0 1 0 1 1 0 0 1 1 0 0 0 1 1 0 1]
At 21701/30000: COST 0.239/2.271(0.235) -- Acc 0.940/0.540(0.898)
[1 0 1 1 1 0 1 1 1 0 0 0 1 0 1 1 1 0 1 0 1 0 0 0 0 1 1 1 0 1 1 1 1 1 1 0 0
 0 0 1 1 0 1 0 0 1 0 0 0 0 1 1 1 0 0 1 0 1 0 0 1 0 1 1 0 0 0 0 0 1 0 0 0 0
 0 0 1 1 0 1 1 1 0 1 0 1 0 1 1 1 1 0 0 1 0 1 0 1 1 0]
At 21801/30000: COST 0.303/2.231(0.231) -- Acc 0.890/0.570(0.898)
[1 0 1 1 0 0 0 0 1 0 0 1 1 0 1 0 1 0 1 1 0 1 1 0 1 1 1 1 0 0 0 1 1 1 0 1 1
 0 1 0 1 0 1 0 1 1 0 1 1 1 0 1 0 1 0 1 0 0 0 1 0 1 0 0 1 1 0 0 0 0 1 0 0 1
 0 0 0 1 0 0 1 0 1 1 1 1 0 1 1 0 1 0 0 1 1 0 1 0 1 0]
At 21901/30000: COST 0.218/2.248(0.198) -- Acc 0.910/0.580(0.911)
[1 1 1 1 1 0 0 1 0 0 0 1 0 1 0 0 1 0 0 1 1 1 0 0 0 1 0 0 0 1 0 1 0 0 1 0 1
 0 0 1 0 0 1 1 1 1 0 0 1 0 1 0 0 1 0 1 0 1 0 1 0 1 1 1 0 0 0 0 0 1 0 1 0 1
 1 0 1 1 0 1 0 0 1 1 0 1 0 1 0 1 0 1 0 0 1 0 0 1 0 0]
At 22001/30000: COST 0.256/2.080(0.207) -- Acc 0.890/0.570(0.909)
[1 1 0 1 0 1 0 1 0 0 1 0 1 1 0 0 1 0 0 0 1 1 1 0 1 0 1 0 0 0 0 1 1 0 1 1 1
 0 1 1 1 1 1 1 0 1 0 1 1 0 0 1 1 0 0 1 0 1 1 1 0 0 0 1 0 0 0 0 1 0 0 1 0 1
 0 1 0 1 1 1 0 1 1 0 1 1 0 0 0 0 0 0 1 1 0 1 0 0 1 1]
At 22101/30000: COST 0.296/2.511(0.255) -- Acc 0.870/0.540(0.893)
[0 1 1 1 0 1 1 0 0 0 1 0 0 1 1 0 1 1 0 0 0 1 1 0 0 1 1 0 1 0 0 1 0 0 0 1 1
 1 1 1 0 0 1 0 1 1 1 0 1 0 1 0 0 1 1 1 1 1 0 0 0 1 0 1 0 0 0 0 1 0 0 0 1 1
 1 0 1 1 0 0 0 1 1 0 0 0 0 1 1 1 1 0 1 1 0 1 1 1 0 0]
At 22201/30000: COST 0.230/2.769(0.232) -- Acc 0.860/0.520(0.898)
[0 1 0 0 1 0 0 0 1 0 0 0 1 1 1 0 0 1 1 1 0 1 1 1 1 0 0 1 0 1 1 1 1 1 1 0 0
 0 0 1 0 1 0 0 0 0 1 0 1 1 0 0 0 0 0 0 1 1 0 1 0 0 0 0 1 1 1 0 0 1 0 1 0 1
 0 1 1 1 0 0 0 1 0 0 0 1 1 0 1 0 1 1 0 0 0 1 0 0 0 0]
At 22301/30000: COST 0.306/2.285(0.233) -- Acc 0.850/0.530(0.896)
[1 0 1 1 1 0 0 0 1 1 1 1 1 1 0 1 1 0 1 1 1 1 0 1 1 1 0 1 0 0 0 0 1 0 1 0 0
 0 1 1 1 1 1 0 0 0 1 0 0 1 0 1 0 1 1 1 0 1 0 0 0 0 1 0 0 0 0 1 0 1 1 1 1 0
 0 0 0 0 0 1 0 1 0 0 1 0 1 1 0 0 1 0 1 1 1 1 1 0 1 1]
At 22401/30000: COST 0.228/2.538(0.239) -- Acc 0.910/0.560(0.893)
[0 1 1 1 0 1 1 1 1 1 0 1 0 0 0 0 0 1 1 1 0 0 1 1 1 0 0 0 0 0 1 0 0 0 0 1 1
 0 1 0 0 1 1 1 1 1 1 0 0 0 0 0 0 0 1 0 0 0 1 1 0 1 1 1 0 0 0 1 1 1 0 1 1 0
 0 0 1 1 1 1 0 0 0 0 1 0 0 0 1 0 1 1 1 0 1 1 0 0 1 0]
At 22501/30000: COST 0.245/2.347(0.224) -- Acc 0.880/0.550(0.900)
[0 0 1 1 1 1 1 1 1 0 1 1 1 1 0 1 1 0 0 1 0 1 1 1 1 0 0 0 0 1 0 0 0 0 0 1 1
 0 0 1 0 0 1 1 1 1 1 1 1 1 1 1 0 0 1 1 0 0 0 1 0 0 1 0 1 0 1 0 0 0 0 0 1 0
 1 0 1 0 1 0 0 1 0 1 0 1 0 1 1 1 0 1 0 1 0 1 1 1 0 1]
At 22601/30000: COST 0.398/2.735(0.217) -- Acc 0.810/0.490(0.905)
[0 1 1 1 0 0 0 1 0 1 1 0 0 0 1 0 0 0 0 0 1 0 0 0 0 0 0 0 1 0 1 1 1 1 0 1 0
 1 0 0 0 0 0 0 1 0 0 1 0 1 0 1 0 1 1 1 1 0 1 1 0 1 0 1 1 1 1 0 1 0 0 0 1 1
 0 0 0 1 1 0 1 1 0 1 1 1 0 0 1 1 0 0 0 0 1 1 1 1 1 0]
At 22701/30000: COST 0.202/2.444(0.234) -- Acc 0.920/0.560(0.898)
[0 0 1 0 1 0 1 0 1 1 1 1 1 0 0 1 1 0 0 0 1 1 0 0 1 1 1 1 0 0 1 1 0 1 1 1 1
 0 1 0 0 1 1 1 1 0 1 0 1 1 1 0 0 1 0 0 1 0 0 0 1 1 1 0 1 1 1 0 1 0 1 0 1 0
 0 0 0 0 0 0 1 0 0 1 0 0 1 0 0 1 1 1 0 1 1 0 0 0 0 0]
At 22801/30000: COST 0.212/2.463(0.237) -- Acc 0.880/0.510(0.896)
[0 0 0 1 1 1 0 1 1 1 1 1 1 0 0 0 0 0 1 0 0 1 0 1 0 0 0 1 1 0 1 1 0 1 1 0 1
 0 1 0 0 1 0 0 0 1 1 1 1 1 1 1 1 1 1 1 0 0 0 0 1 0 1 0 1 0 1 0 1 1 1 1 0 0
 0 1 0 0 0 0 0 0 0 0 0 0 0 1 0 1 1 0 1 1 1 0 0 1 0 0]
At 22901/30000: COST 0.183/2.498(0.255) -- Acc 0.920/0.470(0.891)
[1 1 0 1 1 1 0 0 1 0 1 0 0 0 1 0 0 0 0 1 0 1 1 0 0 0 0 0 1 1 0 1 1 0 0 0 1
 0 0 1 0 1 1 0 1 1 0 1 1 0 0 0 0 1 1 1 1 1 0 1 1 1 1 1 1 0 0 0 0 1 0 0 0 0
 1 1 1 1 0 1 1 0 1 0 1 1 0 0 1 0 0 1 0 1 1 1 1 1 0 0]
At 23001/30000: COST 0.322/2.580(0.239) -- Acc 0.830/0.560(0.895)
[0 1 1 1 1 1 0 0 1 0 0 0 1 0 0 1 1 0 1 1 0 0 1 0 0 0 1 0 1 0 1 0 1 1 0 1 1
 1 0 0 1 1 0 1 0 0 1 1 1 1 0 0 0 1 0 0 1 1 1 0 1 1 0 1 1 0 0 1 1 1 1 0 1 1
 1 0 0 1 0 0 1 1 1 1 1 1 1 0 1 0 0 1 0 1 0 0 1 0 0 0]
At 23101/30000: COST 0.116/2.517(0.216) -- Acc 0.950/0.530(0.904)
[0 1 1 1 1 1 0 0 1 1 0 1 0 1 0 1 1 0 0 0 0 0 0 0 1 1 0 0 0 0 0 0 1 0 0 1 0
 0 1 1 0 0 1 0 0 0 0 0 0 1 0 0 1 1 0 0 0 0 0 0 0 0 1 1 1 0 1 0 1 1 1 0 1 1
 1 1 0 0 1 1 1 1 1 1 0 1 0 0 0 0 0 0 0 0 1 0 1 1 1 1]
At 23201/30000: COST 0.380/2.530(0.234) -- Acc 0.820/0.490(0.896)
[1 0 1 1 1 0 0 1 1 0 0 1 1 1 1 0 0 0 1 0 0 1 0 1 0 1 0 1 0 1 0 0 1 0 1 1 0
 0 1 1 0 0 1 0 0 0 0 0 0 1 0 0 0 1 0 0 1 1 0 0 0 0 1 1 1 1 0 0 1 1 1 0 0 0
 1 0 1 1 0 0 0 0 1 1 0 0 1 0 0 1 0 1 1 1 0 1 1 0 1 1]
At 23301/30000: COST 0.205/2.547(0.230) -- Acc 0.880/0.520(0.898)
[1 1 1 1 1 1 1 1 1 0 1 0 0 1 1 0 1 0 0 1 1 0 1 1 0 0 0 1 0 0 1 1 0 1 1 0 0
 1 1 0 0 1 0 1 0 1 0 0 0 0 1 1 0 0 1 0 0 1 1 0 1 1 0 1 0 0 0 0 0 0 0 0 1 0
 1 0 1 1 0 1 0 1 0 1 1 1 0 1 0 0 0 1 0 0 1 0 0 0 0 1]
At 23401/30000: COST 0.189/2.428(0.232) -- Acc 0.900/0.510(0.896)
[1 0 1 0 0 1 0 0 1 0 1 1 1 1 0 0 0 1 1 0 1 0 1 0 0 0 0 1 0 1 0 1 1 1 1 1 1
 1 0 1 0 0 0 0 0 0 1 1 1 0 1 1 0 1 0 0 0 0 0 1 0 1 0 0 0 0 1 1 1 0 0 0 0 1
 1 0 0 0 1 1 0 1 0 1 1 1 1 1 0 0 1 1 0 1 0 1 0 1 0 1]
At 23501/30000: COST 0.184/2.496(0.215) -- Acc 0.930/0.520(0.905)
[1 0 1 1 0 1 1 1 1 1 0 0 1 0 0 1 0 1 0 1 0 1 0 1 1 1 1 0 1 0 1 1 0 0 1 0 1
 0 1 0 0 1 0 1 1 1 0 1 0 0 1 0 0 1 1 1 1 0 1 0 0 1 0 1 0 1 0 0 0 0 1 0 0 0
 1 1 0 1 1 1 0 0 0 0 0 1 1 0 0 1 1 1 0 1 0 0 0 0 1 1]
At 23601/30000: COST 0.140/2.564(0.224) -- Acc 0.940/0.520(0.902)
[1 1 1 0 0 1 0 0 1 0 0 1 1 0 1 1 1 1 1 0 0 1 0 1 0 1 1 0 1 1 0 0 1 0 0 1 0
 1 1 1 0 0 1 0 1 1 1 1 0 0 0 1 0 0 0 1 0 1 1 1 0 0 0 1 1 0 0 0 0 1 1 1 1 1
 0 0 0 1 1 1 0 1 0 0 0 1 0 1 0 0 0 1 0 1 1 0 0 0 0 0]
At 23701/30000: COST 0.125/2.554(0.222) -- Acc 0.940/0.500(0.902)
[0 1 1 0 1 0 1 1 0 0 0 0 0 0 1 1 0 1 1 0 0 0 1 1 0 0 0 0 1 0 1 0 1 0 1 0 1
 0 1 1 0 1 0 1 0 1 1 1 1 0 0 0 0 1 0 0 1 1 1 1 1 1 0 0 1 1 0 0 0 1 0 0 0 1
 0 0 0 0 1 0 0 0 1 0 1 0 1 1 1 0 1 1 1 1 1 0 1 0 1 0]
At 23801/30000: COST 0.321/2.356(0.237) -- Acc 0.850/0.490(0.898)
[1 1 1 0 0 0 0 0 1 1 0 1 1 1 0 0 1 1 0 0 0 0 0 0 0 1 0 0 1 1 1 0 0 0 0 1 0
 1 1 1 1 1 1 1 1 1 0 0 0 0 0 0 1 1 0 1 1 1 1 1 1 0 1 0 0 1 0 1 1 0 1 0 0 0
 1 1 1 1 1 1 0 0 0 1 0 1 1 1 0 0 0 0 1 1 0 0 1 1 0 0]
At 23901/30000: COST 0.342/2.978(0.246) -- Acc 0.860/0.460(0.895)
[0 0 1 1 1 0 1 1 0 1 1 1 1 0 0 0 1 1 0 1 0 0 0 1 1 0 0 1 1 0 1 0 0 1 1 0 1
 1 0 1 0 0 1 0 1 0 0 0 0 0 0 1 0 1 1 0 0 0 0 1 0 0 0 0 0 0 1 0 0 1 1 0 0 1
 1 1 1 1 0 1 1 1 1 0 0 0 1 0 1 1 0 1 1 0 1 1 1 0 0 0]
At 24001/30000: COST 0.214/2.352(0.239) -- Acc 0.850/0.510(0.893)
[1 1 0 0 1 0 1 0 1 0 1 1 0 0 1 0 0 0 0 1 1 0 0 0 1 0 0 0 1 1 1 0 0 0 1 1 1
 0 1 0 0 1 0 1 1 0 0 1 0 0 0 1 0 1 1 1 1 0 0 1 1 1 1 1 1 0 1 0 0 0 0 0 1 1
 1 1 0 1 0 1 1 1 1 0 0 1 0 0 1 0 1 0 0 0 1 1 1 0 1 1]
At 24101/30000: COST 0.174/2.075(0.275) -- Acc 0.910/0.580(0.886)
[1 0 1 1 1 1 1 1 0 0 0 0 0 0 1 0 0 1 0 1 1 0 0 1 0 0 0 0 1 0 0 0 0 1 1 0 1
 1 1 1 0 0 0 1 1 1 1 0 1 1 1 0 1 1 1 0 0 0 1 1 0 0 1 1 0 1 0 0 0 0 0 1 1 1
 1 0 1 0 0 0 0 1 1 1 0 0 1 0 1 0 1 0 0 1 1 0 1 0 1 0]
At 24201/30000: COST 0.510/2.378(0.283) -- Acc 0.830/0.560(0.884)
[0 0 1 0 1 1 0 0 1 1 0 1 1 1 1 1 0 1 0 0 1 1 0 1 0 1 1 1 0 0 0 1 0 0 0 1 0
 1 1 1 0 1 0 0 1 1 1 0 1 1 0 1 0 1 0 1 1 0 0 1 0 0 1 0 1 1 1 0 1 0 0 0 1 1
 0 1 0 0 0 0 1 0 1 0 0 0 0 1 1 0 1 0 1 1 0 1 0 1 1 0]
At 24301/30000: COST 0.502/2.044(0.298) -- Acc 0.870/0.520(0.881)
[0 1 0 1 0 0 1 0 1 1 0 0 0 1 0 0 0 1 1 0 0 0 1 1 0 0 1 1 1 0 0 1 1 1 1 1 0
 0 1 0 1 0 1 1 1 0 1 0 0 0 1 1 0 0 1 0 0 0 1 1 1 1 0 1 0 1 0 0 1 1 1 1 0 1
 1 0 1 0 0 0 1 0 1 1 0 1 0 0 0 1 1 1 1 0 0 0 1 1 1 0]
At 24401/30000: COST 0.197/2.340(0.263) -- Acc 0.920/0.560(0.890)
[0 0 1 1 1 0 0 0 1 1 0 0 0 0 1 0 1 1 0 0 1 0 1 0 1 1 1 1 1 1 1 1 1 1 0 0 1
 0 0 1 0 0 0 1 1 1 1 1 1 0 0 0 0 1 1 1 1 0 0 0 0 0 1 1 1 1 1 0 1 0 0 0 1 1
 0 0 0 0 1 1 1 1 0 0 1 0 0 0 0 0 0 0 0 0 1 1 1 0 0 0]
At 24501/30000: COST 0.232/2.374(0.237) -- Acc 0.870/0.490(0.895)
[1 1 1 0 0 1 1 1 0 1 0 1 0 0 0 1 1 1 1 0 0 0 0 1 0 0 1 1 1 0 0 1 0 0 1 1 0
 1 1 0 1 1 0 0 1 1 0 0 0 0 1 0 0 1 1 1 0 1 1 0 0 1 0 1 0 1 0 0 0 0 0 0 0 0
 1 1 1 1 0 0 0 0 1 0 0 0 1 0 1 1 0 1 0 1 0 1 0 0 1 0]
At 24601/30000: COST 0.209/2.368(0.248) -- Acc 0.890/0.530(0.889)
[0 0 1 0 0 1 0 1 0 0 0 1 0 0 0 1 0 1 0 0 0 0 0 0 0 0 0 0 1 1 0 1 1 1 0 1 0
 1 1 0 0 1 0 1 1 0 1 0 0 0 1 0 0 0 0 1 0 0 0 0 0 1 1 1 0 1 0 0 0 1 1 0 0 1
 0 1 1 1 1 1 1 0 0 1 1 0 1 0 0 0 0 1 0 1 1 1 1 1 1 1]
At 24701/30000: COST 0.191/2.363(0.233) -- Acc 0.910/0.530(0.898)
[0 1 1 0 0 0 1 0 1 1 1 1 1 1 0 0 1 0 0 0 1 0 1 0 0 1 0 0 0 0 1 1 1 1 1 1 1
 1 0 0 0 0 0 0 0 1 0 1 1 1 1 1 1 0 0 0 0 0 1 1 0 1 1 1 0 1 0 1 1 1 0 1 0 0
 1 1 0 0 1 1 0 0 1 0 1 1 0 0 1 1 0 0 0 0 0 0 0 0 0 1]
At 24801/30000: COST 0.201/2.523(0.238) -- Acc 0.910/0.550(0.898)
[0 1 1 0 1 1 1 1 0 1 0 1 0 1 0 0 0 0 1 1 1 0 1 1 1 0 1 0 0 0 0 1 1 0 0 1 1
 0 0 1 0 0 0 1 1 1 0 1 1 1 1 0 0 1 0 0 1 0 1 1 1 1 0 0 0 0 0 0 1 1 0 0 0 1
 0 0 0 1 0 0 0 1 1 1 0 0 1 1 0 1 0 1 1 0 0 1 0 0 0 0]
At 24901/30000: COST 0.283/2.233(0.229) -- Acc 0.860/0.560(0.899)
[1 0 1 1 0 1 0 0 1 1 0 0 1 0 1 1 0 1 1 0 1 1 1 1 0 0 0 1 0 0 1 1 1 0 0 0 0
 0 0 1 0 1 1 1 1 1 1 0 1 1 1 1 1 1 0 0 0 1 1 1 0 0 1 1 0 1 0 0 0 0 1 1 1 1
 0 0 0 0 0 1 1 1 1 1 1 1 0 1 0 0 0 0 0 0 0 0 1 0 1 1]
At 25001/30000: COST 0.132/2.441(0.222) -- Acc 0.940/0.540(0.903)
[0 1 1 1 1 0 0 1 0 0 1 0 0 1 0 1 1 0 0 0 1 1 1 1 0 1 0 0 0 0 0 1 0 0 1 0 1
 0 0 0 1 0 1 1 0 0 1 1 0 0 1 0 0 1 1 1 1 0 0 0 0 1 0 0 0 0 0 0 1 0 1 0 0 1
 1 0 1 1 1 1 0 0 1 0 0 1 0 0 1 1 1 0 0 1 1 0 1 1 1 1]
At 25101/30000: COST 0.202/2.653(0.204) -- Acc 0.890/0.520(0.909)
[0 0 1 1 0 0 0 0 0 1 1 1 0 1 0 0 1 1 0 0 0 1 0 0 1 0 0 0 1 1 0 0 0 1 1 1 0
 0 1 0 1 0 0 1 0 1 0 0 0 1 0 0 1 0 1 0 1 0 1 0 1 1 1 0 0 0 0 0 1 1 0 1 0 1
 0 1 0 1 1 1 0 0 1 0 1 0 0 0 1 0 0 1 0 1 1 0 0 1 0 1]
At 25201/30000: COST 0.259/2.898(0.203) -- Acc 0.890/0.520(0.909)
[1 1 0 0 1 1 1 1 0 0 0 0 0 1 1 0 0 1 1 0 1 0 1 1 0 1 1 0 0 0 1 0 0 0 0 1 0
 0 0 1 0 0 0 0 0 0 1 1 1 1 1 0 0 0 0 1 0 1 1 0 0 1 0 1 1 0 1 1 1 1 0 0 0 0
 1 1 0 1 0 0 1 1 0 0 1 0 0 1 0 1 1 0 1 1 1 1 1 0 1 1]
At 25301/30000: COST 0.301/2.659(0.235) -- Acc 0.820/0.540(0.897)
[0 1 0 1 0 0 0 0 1 0 0 1 0 1 1 1 0 0 0 0 1 0 1 1 0 0 0 0 1 1 0 0 1 1 0 1 1
 1 0 1 1 1 0 1 0 0 1 1 0 1 0 1 1 1 1 0 1 0 1 0 0 0 1 1 1 1 0 0 1 0 0 0 0 1
 0 1 0 0 0 0 0 0 0 0 0 0 0 0 1 0 0 0 0 1 1 1 1 1 1 1]
At 25401/30000: COST 0.326/2.322(0.261) -- Acc 0.870/0.500(0.885)
[1 0 0 1 1 1 1 0 1 1 1 1 1 0 1 0 1 0 0 0 0 0 1 0 1 1 0 0 1 0 1 1 0 1 1 0 0
 0 0 1 0 1 1 0 0 0 1 0 1 0 1 1 0 0 1 0 1 1 0 1 1 1 0 0 1 1 0 0 1 0 1 0 1 1
 0 1 0 1 1 0 0 1 1 0 0 1 0 0 0 0 0 0 0 1 0 0 1 1 0 1]
At 25501/30000: COST 0.148/2.427(0.230) -- Acc 0.930/0.560(0.898)
[0 0 1 1 1 1 0 0 1 0 1 0 0 0 1 1 1 0 0 0 1 1 1 1 1 1 1 0 1 1 0 0 0 0 1 0 0
 1 0 0 1 1 1 0 1 1 1 0 1 0 1 1 0 1 1 0 1 1 1 0 1 1 0 0 1 1 0 1 0 1 0 1 1 0
 1 0 0 0 0 1 1 0 0 0 1 0 1 0 0 1 1 1 0 0 0 0 0 0 0 1]
At 25601/30000: COST 0.204/2.363(0.242) -- Acc 0.930/0.540(0.893)
[0 1 0 0 0 0 0 0 1 0 0 1 0 1 0 0 0 0 1 1 1 0 0 1 1 1 0 0 1 1 1 0 1 0 1 1 0
 1 1 0 1 1 0 1 1 1 1 1 1 1 0 0 0 1 1 1 1 0 0 1 0 1 0 1 0 1 0 1 1 0 0 1 0 0
 1 1 0 1 0 0 1 0 0 0 1 1 0 1 1 1 1 1 0 1 1 0 0 1 0 0]
At 25701/30000: COST 0.295/2.615(0.219) -- Acc 0.900/0.530(0.902)
[0 1 1 0 0 1 1 0 1 1 1 1 1 1 0 1 1 1 0 0 0 0 1 1 0 1 1 0 1 0 1 1 0 1 0 1 0
 1 0 1 1 1 1 1 0 0 0 0 1 0 1 0 1 1 1 0 1 1 1 0 1 1 1 1 0 1 0 0 1 1 0 1 1 0
 1 0 0 0 0 0 0 1 0 0 0 1 0 0 0 0 0 0 0 1 1 1 1 1 0 1]
At 25801/30000: COST 0.337/2.355(0.207) -- Acc 0.890/0.610(0.906)
[0 1 0 0 1 0 0 1 0 0 0 1 0 0 0 1 0 1 1 1 0 1 0 0 1 0 0 0 0 0 0 0 1 0 0 0 1
 0 1 1 0 1 0 1 1 1 0 1 0 1 1 0 1 0 1 1 0 1 0 0 0 1 1 0 0 0 0 1 1 1 1 1 0 0
 1 0 1 1 1 0 0 0 0 1 1 1 0 0 1 1 1 0 0 0 1 1 1 0 1 1]
At 25901/30000: COST 0.651/2.563(0.230) -- Acc 0.780/0.520(0.900)
[0 1 1 0 0 1 0 1 1 0 1 1 1 0 0 1 1 0 0 1 0 0 0 0 0 1 1 1 1 1 1 0 0 1 1 0 0
 0 1 1 0 1 1 1 1 1 1 0 1 0 1 0 1 1 1 0 1 0 0 1 0 1 0 1 1 0 0 0 0 1 1 0 1 0
 0 0 1 0 0 0 0 0 0 0 0 0 1 1 1 1 1 0 1 1 0 1 0 1 1 1]
At 26001/30000: COST 0.287/2.230(0.258) -- Acc 0.900/0.550(0.888)
[0 0 1 1 1 1 1 0 0 0 1 0 1 0 1 1 0 0 0 0 0 0 0 1 0 0 0 0 0 0 0 1 1 1 1 0 0
 1 1 0 0 1 0 1 0 1 0 1 0 1 0 1 0 0 1 1 1 1 1 1 1 1 1 1 0 0 1 0 1 1 0 0 0 0
 0 0 0 1 1 1 0 1 1 0 1 0 0 0 1 1 1 1 1 1 0 0 1 1 1 1]
At 26101/30000: COST 0.216/2.463(0.237) -- Acc 0.890/0.520(0.895)
[1 0 0 1 0 0 1 1 1 0 1 0 0 0 0 1 1 0 0 0 0 1 1 0 1 1 0 1 1 0 0 0 0 1 0 1 0
 1 0 0 0 1 0 0 0 0 0 0 0 0 0 0 1 0 1 1 0 1 1 1 0 0 0 0 1 0 1 0 0 0 0 1 1 0
 1 1 0 1 0 1 1 1 0 0 1 0 1 1 1 0 1 0 0 0 1 0 1 0 0 1]
At 26201/30000: COST 0.220/2.810(0.235) -- Acc 0.910/0.510(0.896)
[1 0 0 0 1 0 0 0 0 0 0 1 0 0 1 0 1 1 1 0 1 1 1 1 1 0 1 0 1 0 1 1 1 1 0 1 1
 0 1 0 0 1 1 0 0 0 0 0 0 1 1 1 0 0 0 0 1 0 1 0 0 1 1 0 1 1 1 0 0 1 1 0 0 0
 1 1 0 0 0 0 0 0 0 1 0 1 0 1 1 1 1 1 0 0 0 1 1 0 0 1]
At 26301/30000: COST 0.181/2.468(0.242) -- Acc 0.920/0.540(0.893)
[0 1 0 0 1 0 0 0 1 0 1 0 1 1 1 1 0 0 1 1 1 1 1 1 0 1 0 1 1 0 1 1 0 0 1 1 0
 0 0 0 0 0 1 1 0 0 1 1 0 0 1 1 1 1 1 0 1 0 1 0 0 0 1 0 1 1 1 0 0 0 0 0 1 1
 1 0 0 0 0 0 1 0 1 1 0 0 0 0 0 0 1 0 1 1 0 1 1 1 0 0]
At 26401/30000: COST 0.227/2.334(0.224) -- Acc 0.860/0.530(0.899)
[0 1 0 0 0 1 1 0 1 1 1 0 1 1 0 1 0 0 1 1 0 1 1 1 1 1 0 0 0 0 0 1 1 0 0 0 1
 1 0 0 1 0 0 1 0 0 1 0 0 1 1 0 0 0 1 0 1 0 1 1 1 1 1 0 1 1 0 0 0 0 1 0 1 1
 0 1 0 1 0 0 0 1 1 0 1 0 1 0 0 0 1 0 1 1 1 1 0 0 0 0]
At 26501/30000: COST 0.251/2.351(0.227) -- Acc 0.880/0.590(0.900)
[0 1 0 0 1 0 1 1 0 1 0 1 1 1 0 1 0 1 0 1 0 0 1 0 1 0 0 1 0 0 1 1 0 0 1 0 1
 1 0 1 1 0 0 1 1 0 0 0 1 0 0 1 1 1 0 1 0 1 0 0 0 0 1 0 1 0 1 0 0 0 1 1 1 0
 1 0 1 0 1 0 1 1 1 1 1 0 1 0 1 0 0 1 0 0 0 1 0 0 0 1]
At 26601/30000: COST 0.144/2.508(0.225) -- Acc 0.940/0.550(0.902)
[1 0 1 0 0 1 0 0 1 0 0 0 0 1 1 0 1 0 0 1 0 1 1 0 0 1 1 1 1 1 1 0 0 1 1 0 0
 0 0 1 0 0 0 1 0 1 1 0 1 0 1 0 1 0 0 0 0 0 0 1 0 1 1 0 1 0 1 1 0 1 1 1 1 0
 1 1 0 0 1 0 1 0 1 0 0 1 1 0 1 0 0 0 1 0 1 0 0 0 0 0]
At 26701/30000: COST 0.206/2.588(0.207) -- Acc 0.860/0.540(0.910)
[0 0 1 0 0 0 1 0 0 0 1 1 1 0 1 1 1 1 1 0 1 0 0 0 1 0 1 0 0 0 0 1 0 0 0 0 0
 1 1 1 0 1 1 0 1 1 0 0 0 0 1 0 1 0 1 1 0 0 0 0 1 0 0 1 1 1 1 1 1 1 0 0 1 0
 0 1 0 0 1 1 0 1 1 1 0 0 1 0 1 1 0 0 1 1 1 1 0 0 0 1]
At 26801/30000: COST 0.146/2.430(0.210) -- Acc 0.890/0.550(0.906)
[0 1 1 0 0 1 1 1 0 1 1 1 0 0 1 1 0 1 1 1 0 0 1 1 1 0 1 0 0 1 1 1 0 1 0 0 1
 1 0 1 0 0 1 0 0 0 1 1 1 1 0 0 0 0 0 0 0 1 1 1 1 1 0 1 0 1 0 0 0 0 0 1 0 1
 0 1 1 0 1 0 0 1 0 1 0 0 1 1 0 1 1 1 1 0 0 1 1 0 1 0]
At 26901/30000: COST 0.138/2.774(0.224) -- Acc 0.960/0.510(0.900)
[0 0 1 1 1 0 0 0 0 0 1 1 1 0 1 0 0 0 0 1 0 1 1 1 0 0 1 0 0 0 0 0 0 0 1 0 0
 0 0 0 0 0 1 0 0 1 1 1 1 1 1 0 0 1 1 1 0 1 1 0 1 1 0 0 1 1 0 0 0 1 0 0 1 0
 1 1 1 0 0 1 1 1 0 0 1 0 1 1 0 0 1 0 0 1 1 0 0 0 0 1]
At 27001/30000: COST 0.313/3.148(0.220) -- Acc 0.830/0.490(0.901)
[1 1 0 1 1 1 0 0 0 1 1 0 0 1 0 0 0 0 0 1 0 1 0 0 1 1 0 0 1 1 0 1 0 0 0 1 1
 0 1 0 0 1 1 1 1 0 0 0 0 0 0 0 0 0 0 0 0 1 1 1 1 1 1 1 1 1 0 0 0 1 0 0 1 1
 1 0 1 1 1 0 0 0 0 1 1 1 0 1 1 1 0 0 1 0 1 1 1 0 1 1]
At 27101/30000: COST 0.320/2.444(0.220) -- Acc 0.850/0.510(0.903)
[0 1 0 0 0 1 1 0 1 0 0 1 0 0 0 0 0 0 1 1 1 1 0 0 0 1 0 1 1 0 1 0 1 1 0 0 0
 0 1 1 0 1 0 0 0 1 1 1 0 0 1 1 0 0 1 0 1 1 1 1 1 0 0 0 0 0 0 1 0 0 1 1 1 0
 1 1 1 1 0 0 1 1 1 0 0 1 1 1 1 0 0 0 0 0 0 1 0 0 1 1]
At 27201/30000: COST 0.309/2.526(0.235) -- Acc 0.880/0.520(0.899)
[1 0 0 1 0 0 1 1 0 1 0 0 1 0 1 1 1 0 0 1 0 1 0 0 0 0 0 0 0 0 1 1 1 1 0 1 1
 0 0 0 0 0 1 1 0 1 1 0 1 1 1 0 0 1 0 0 1 1 1 0 0 1 0 1 1 1 0 0 0 0 0 1 0 1
 0 1 0 1 1 1 0 1 0 0 0 1 1 1 0 1 1 1 1 1 1 1 0 1 1 1]
At 27301/30000: COST 0.237/2.805(0.240) -- Acc 0.930/0.550(0.895)
[0 1 1 0 1 0 1 1 0 0 1 0 0 0 1 1 1 0 0 1 0 0 0 1 1 1 1 1 0 1 1 0 0 0 0 1 0
 1 0 0 0 0 1 1 0 1 1 1 1 0 0 0 0 1 1 1 1 1 0 0 0 0 1 1 1 0 0 0 1 1 0 0 1 0
 1 0 0 0 0 0 1 0 0 0 0 1 1 1 1 1 0 0 1 0 1 0 0 0 0 1]
At 27401/30000: COST 0.213/2.391(0.232) -- Acc 0.930/0.530(0.897)
[0 1 0 0 0 0 0 0 0 1 1 1 0 1 0 0 1 1 0 1 1 1 1 0 0 1 1 0 0 0 0 0 1 1 1 1 0
 0 0 0 1 0 1 0 0 0 1 1 0 1 1 0 0 0 0 0 0 0 1 0 0 0 1 0 1 0 1 1 1 0 1 1 1 0
 1 1 1 0 0 0 0 1 0 0 1 1 0 1 1 1 0 1 1 0 0 0 1 0 0 0]
At 27501/30000: COST 0.384/2.194(0.239) -- Acc 0.830/0.570(0.895)
[0 0 1 0 0 1 1 1 0 1 0 1 0 1 1 1 1 0 1 1 1 1 1 1 0 0 0 1 0 0 1 0 1 1 0 1 0
 1 1 0 0 0 0 0 1 0 1 1 1 0 0 0 0 0 1 1 0 1 1 0 0 1 0 1 1 1 1 1 1 1 1 0 1 0
 0 0 0 0 1 1 0 1 0 0 0 0 1 0 0 1 0 0 0 1 1 1 0 0 1 0]
At 27601/30000: COST 0.148/2.456(0.260) -- Acc 0.930/0.510(0.889)
[0 1 0 1 0 1 1 0 1 0 1 0 0 0 1 1 1 0 1 0 0 1 0 0 1 0 1 1 1 0 0 1 1 0 0 0 0
 0 0 0 0 1 0 1 0 1 1 1 0 0 0 1 1 0 0 1 1 0 0 0 1 1 1 1 1 1 1 0 0 0 1 0 0 1
 1 1 0 1 1 1 0 0 1 1 0 0 0 0 1 0 0 0 1 1 0 0 1 0 1 0]
At 27701/30000: COST 0.253/2.232(0.228) -- Acc 0.880/0.560(0.901)
[0 0 1 1 1 1 1 0 0 0 0 1 0 0 0 1 0 0 1 1 0 0 1 1 0 1 1 1 0 0 0 1 1 1 1 1 0
 1 0 0 0 1 1 1 1 0 1 0 1 0 1 1 0 0 1 1 0 1 1 0 1 0 0 0 0 1 1 0 0 0 0 1 0 0
 0 0 1 0 1 1 0 0 1 0 0 0 1 0 1 0 1 1 0 0 1 1 0 1 0 0]
At 27801/30000: COST 0.205/2.615(0.223) -- Acc 0.910/0.540(0.904)
[0 1 1 0 1 0 0 0 1 1 1 1 0 0 1 0 1 1 1 0 0 1 0 1 0 1 0 1 0 1 0 0 1 1 1 1 1
 1 1 1 0 1 0 0 0 1 0 1 1 0 0 1 1 0 0 0 1 0 1 0 0 0 0 0 0 0 0 0 1 1 0 1 0 0
 1 0 1 0 0 1 1 1 1 0 0 1 1 1 0 0 0 1 1 0 1 1 1 1 1 1]
At 27901/30000: COST 0.175/2.591(0.204) -- Acc 0.930/0.570(0.908)
[1 1 0 0 0 1 0 0 0 1 1 0 1 0 0 0 1 1 1 1 1 0 0 0 1 0 1 0 1 1 0 0 0 0 0 1 0
 1 1 1 0 1 0 1 0 1 1 1 1 1 1 1 1 0 0 1 0 0 0 0 0 0 1 1 1 0 1 0 1 0 0 0 1 0
 1 0 1 1 0 1 0 0 0 0 1 1 1 1 1 1 0 1 0 1 0 1 1 0 0 1]
At 28001/30000: COST 0.195/2.166(0.198) -- Acc 0.910/0.600(0.910)
[0 1 1 0 1 0 0 0 0 1 1 0 1 0 1 0 1 0 1 1 1 1 1 1 0 1 0 0 0 0 0 0 0 1 0 1 0
 1 1 1 1 1 0 0 1 1 1 0 0 1 1 1 1 0 1 0 0 1 1 0 0 1 1 1 1 0 1 1 0 0 1 1 0 1
 0 1 0 1 0 1 0 1 1 0 0 0 1 0 0 0 0 1 0 1 0 1 0 1 0 0]
At 28101/30000: COST 0.411/2.249(0.208) -- Acc 0.880/0.580(0.909)
[0 0 1 1 1 0 1 1 1 0 1 0 0 1 1 0 1 0 1 1 1 1 1 0 1 0 1 0 0 1 0 0 1 0 0 1 0
 0 0 1 0 1 1 0 1 1 0 1 0 1 1 0 1 0 0 0 1 0 0 1 1 0 1 1 0 0 0 1 1 1 0 1 0 0
 1 1 1 1 1 0 1 1 1 1 0 1 0 1 1 0 1 1 1 0 0 1 0 1 0 1]
At 28201/30000: COST 0.126/2.490(0.222) -- Acc 0.920/0.550(0.901)
[1 0 1 0 0 0 0 0 1 0 0 1 0 1 0 1 0 0 0 1 0 0 1 1 1 0 0 1 1 0 1 0 0 1 1 0 1
 0 1 1 1 1 0 0 0 0 1 0 0 1 1 1 0 1 0 1 1 1 1 0 1 1 1 1 0 1 1 0 0 1 1 1 1 0
 1 0 1 1 1 0 1 0 1 1 0 1 1 0 0 0 0 0 0 0 1 0 1 0 1 0]
At 28301/30000: COST 0.131/2.689(0.222) -- Acc 0.940/0.560(0.902)
[1 1 0 1 0 1 1 1 1 1 0 1 1 1 0 1 0 0 1 1 0 1 1 0 1 1 0 0 0 0 1 0 1 1 0 0 0
 1 1 0 0 1 0 1 1 0 0 1 0 0 1 1 1 1 0 1 0 1 1 0 1 0 0 1 1 1 1 0 0 1 1 1 0 1
 0 1 0 0 0 1 0 1 0 0 0 1 1 1 1 0 0 0 1 0 0 0 1 0 1 1]
At 28401/30000: COST 0.156/2.223(0.224) -- Acc 0.930/0.570(0.904)
[0 1 1 1 1 0 0 0 1 1 0 1 0 0 1 0 1 0 1 1 0 0 1 0 0 1 0 0 1 1 0 1 1 1 0 0 0
 0 1 0 1 1 0 0 0 1 0 0 0 1 0 0 0 1 0 0 0 0 1 1 1 1 1 1 1 0 1 1 1 1 1 0 1 0
 0 0 0 1 1 1 1 1 0 0 0 1 0 0 0 0 0 1 1 1 0 1 0 0 0 1]
At 28501/30000: COST 0.131/2.813(0.223) -- Acc 0.930/0.490(0.903)
[1 0 1 1 1 0 0 0 1 1 1 0 1 1 1 0 1 0 1 1 0 0 1 1 0 0 0 0 0 1 0 0 1 0 0 0 0
 1 1 0 1 0 1 0 0 1 0 1 0 1 1 1 0 0 1 1 1 1 1 0 0 1 0 1 0 0 1 0 1 0 0 0 1 0
 0 1 0 0 1 0 0 0 1 1 1 0 1 0 1 1 1 1 1 1 0 0 0 1 0 1]
At 28601/30000: COST 0.172/2.694(0.222) -- Acc 0.940/0.550(0.901)
[0 0 0 1 1 1 1 0 0 0 1 0 1 0 1 0 1 0 1 1 0 1 1 1 1 1 1 1 1 0 1 0 1 0 1 1 1
 1 1 1 1 1 1 0 1 1 1 0 1 1 0 1 0 1 1 0 1 1 0 0 1 0 1 1 1 0 0 0 1 1 0 0 0 0
 0 0 0 0 0 0 1 1 1 1 0 0 1 0 0 0 1 0 1 1 0 1 0 1 1 1]
At 28701/30000: COST 0.306/2.415(0.204) -- Acc 0.860/0.560(0.908)
[1 0 0 1 0 0 1 1 1 0 0 0 0 0 1 0 1 1 1 1 0 1 0 1 0 0 0 1 1 1 1 0 0 1 0 0 1
 1 1 0 0 0 0 1 1 0 0 1 1 0 0 0 1 1 1 0 1 1 0 1 0 1 1 1 0 0 0 1 1 0 1 1 1 0
 0 0 1 0 1 0 0 0 1 1 1 1 0 0 1 0 0 0 1 0 0 0 1 0 0 0]
At 28801/30000: COST 0.135/2.366(0.202) -- Acc 0.960/0.560(0.909)
[0 1 0 1 0 1 1 1 1 0 1 0 0 0 0 1 1 1 0 0 0 0 0 1 0 0 1 0 0 0 0 0 1 0 1 1 1
 0 0 0 1 0 1 0 0 0 0 1 0 0 1 1 1 1 0 1 1 1 1 1 1 0 1 1 1 0 0 0 1 1 0 1 0 0
 1 0 1 0 1 1 1 1 1 1 1 1 1 0 0 1 1 0 0 0 0 0 1 0 0 0]
At 28901/30000: COST 0.563/2.665(0.213) -- Acc 0.810/0.580(0.906)
[0 0 1 0 0 1 0 1 1 1 0 1 0 1 0 0 0 1 1 1 0 1 1 1 0 1 0 1 0 1 1 0 0 1 1 1 1
 0 1 0 1 1 1 0 1 0 0 0 1 0 0 0 1 1 1 1 1 0 1 1 0 1 0 0 0 0 1 0 1 0 0 0 0 1
 0 0 0 1 0 0 1 1 1 0 0 0 0 0 0 0 0 1 1 0 1 1 0 0 1 1]
At 29001/30000: COST 0.223/2.500(0.255) -- Acc 0.880/0.530(0.892)
[1 1 1 0 0 0 0 0 0 1 1 1 1 0 0 0 0 1 0 0 0 1 0 0 0 1 1 1 0 0 1 0 1 1 1 1 0
 1 0 1 0 1 0 0 1 0 1 1 0 0 0 0 1 0 0 1 0 0 0 0 1 0 1 0 1 1 0 1 1 0 0 1 1 0
 0 0 1 1 1 0 1 0 0 1 0 0 1 1 1 1 1 0 0 0 1 1 1 0 1 0]
At 29101/30000: COST 0.232/2.292(0.249) -- Acc 0.880/0.560(0.892)
[1 1 1 1 0 1 0 0 1 0 1 1 0 1 0 1 0 0 0 0 1 1 1 0 0 1 1 0 0 1 0 0 1 1 1 1 0
 1 1 0 1 0 1 1 1 0 1 1 1 0 0 1 0 0 0 0 1 0 1 0 0 0 1 0 0 1 1 1 0 0 1 1 0 0
 0 1 0 1 1 0 1 1 0 1 0 0 0 0 1 1 0 0 1 0 0 1 1 0 0 0]
At 29201/30000: COST 0.168/2.378(0.236) -- Acc 0.930/0.560(0.896)
[0 0 1 0 1 1 0 1 0 1 0 0 0 0 0 1 0 0 0 1 0 0 0 0 1 1 1 1 0 0 1 0 1 1 1 1 0
 0 0 1 0 0 1 1 1 0 0 0 0 0 1 1 1 1 1 1 0 0 0 1 1 0 1 0 0 1 1 0 0 0 0 0 1 0
 1 0 1 0 1 0 1 1 1 0 0 0 1 0 1 0 0 1 1 1 0 1 1 0 1 0]
At 29301/30000: COST 0.138/2.504(0.223) -- Acc 0.940/0.530(0.898)
[1 1 0 0 0 1 0 0 1 1 0 1 1 0 1 1 0 0 1 1 0 1 0 0 1 0 1 1 1 1 1 0 0 0 0 0 1
 1 0 0 1 1 0 0 1 1 1 1 0 1 0 0 0 1 0 0 1 0 0 1 1 1 0 0 0 0 0 1 1 1 0 0 0 0
 0 1 0 0 1 0 0 0 1 0 1 0 1 1 0 1 1 0 1 0 1 0 1 0 0 0]
At 29401/30000: COST 0.197/2.703(0.217) -- Acc 0.890/0.530(0.901)
[1 1 0 1 0 1 1 0 1 1 1 0 1 1 0 1 0 1 1 0 0 0 0 0 0 0 1 0 1 1 0 1 0 0 0 0 1
 0 1 1 0 1 1 0 1 0 1 1 0 0 1 0 0 1 0 0 0 0 1 1 1 0 1 1 1 0 1 0 1 1 0 0 0 1
 0 1 0 1 0 0 0 1 1 0 0 0 0 0 0 0 1 1 0 1 0 1 0 1 0 0]
At 29501/30000: COST 0.321/2.537(0.221) -- Acc 0.840/0.530(0.901)
[0 1 1 0 1 0 1 1 0 0 0 1 1 0 1 1 1 0 0 0 0 0 1 1 1 1 1 0 1 1 0 1 1 1 0 0 1
 1 0 0 1 1 0 0 1 1 0 1 1 0 0 1 0 0 1 0 1 0 0 1 0 0 1 1 0 0 1 0 0 0 1 0 1 1
 0 1 0 1 0 0 1 0 0 0 0 1 0 0 0 0 1 1 1 0 1 1 0 1 1 1]
At 29601/30000: COST 0.156/2.217(0.243) -- Acc 0.940/0.550(0.894)
[1 0 1 1 1 1 1 1 0 1 1 1 1 1 0 0 0 1 0 0 1 1 1 0 1 0 0 0 1 1 0 0 0 1 1 0 1
 1 0 0 0 1 0 0 0 1 1 1 0 1 1 1 1 0 1 1 1 0 0 0 0 1 0 1 0 0 1 1 0 0 0 0 1 1
 0 0 0 1 0 1 1 0 1 1 0 1 1 1 0 1 0 0 0 0 1 1 0 1 1 1]
At 29701/30000: COST 0.195/2.221(0.228) -- Acc 0.880/0.570(0.901)
[0 0 0 1 1 0 1 0 0 0 0 0 1 0 1 1 1 1 1 0 0 1 0 0 1 1 1 0 0 0 1 0 0 0 0 0 0
 0 0 1 0 0 0 0 1 1 0 0 1 0 1 1 1 1 1 0 0 1 0 1 0 0 1 0 1 1 1 0 1 0 1 0 0 1
 1 0 0 1 1 1 1 0 0 0 1 1 1 0 0 1 0 0 1 1 1 0 1 1 1 0]
At 29801/30000: COST 0.247/2.239(0.231) -- Acc 0.870/0.540(0.897)
[0 0 0 0 1 0 1 0 0 0 1 0 0 0 0 0 1 0 1 0 0 0 0 0 1 0 1 1 1 0 0 1 1 0 0 1 1
 0 1 0 1 0 0 1 0 1 1 1 0 1 0 1 1 0 0 0 1 0 0 1 1 1 1 0 0 1 1 1 1 0 0 0 1 0
 0 1 0 0 1 1 1 1 0 1 1 1 1 0 1 0 1 1 0 0 1 0 0 0 1 1]
At 29901/30000: COST 0.175/2.379(0.214) -- Acc 0.910/0.540(0.905)
