[0 0 0 0 0 1 0 0 0 0 0 1 0 1 0 0 0 1 0 0 0 0 0 0 0 0 0 0 1 0 1 1 0 0 1 0 0
 0 0 0 0 0 0 1 1 0 0 1 0 0 0 0 1 0 1 0 0 0 1 1 0 0 1 1 1 1 1 1 1 1 1 1 1 1
 0 1 1 1 0 1 0 0 1 0 0 0 0 0 1 0 1 1 1 1 0 0 1 1 1 1]
 Training accuracy at 0 out of 20000 is 0.504(0.540),cost is 41.965(0.695)
[0 0 0 0 0 0 1 0 0 0 0 0 0 0 0 0 0 0 0 0 0 1 0 0 0 1 0 0 0 0 0 0 0 1 0 0 0
 0 0 0 0 0 0 0 0 0 1 0 0 0 0 0 0 0 0 0 1 0 1 0 0 0 0 0 0 0 0 1 1 1 1 0 1 0
 0 0 1 1 0 1 1 0 1 1 0 0 0 0 0 0 1 1 1 1 1 1 1 1 1 1]
 Training accuracy at 100 out of 20000 is 0.555(0.570),cost is 40.454(0.689)
[0 0 0 0 0 1 1 1 0 1 0 1 0 0 0 0 0 1 1 1 1 1 1 0 1 1 0 0 0 0 0 0 1 0 1 0 1
 0 0 0 0 0 0 0 1 0 1 0 1 0 0 0 1 0 0 0 1 1 0 0 0 0 0 0 0 0 0 1 1 1 1 0 0 0
 0 0 0 0 0 1 1 0 1 0 0 0 0 0 0 0 1 0 0 0 0 1 1 1 1 1]
 Training accuracy at 200 out of 20000 is 0.582(0.520),cost is 39.949(0.697)
[0 0 0 0 0 0 0 0 0 1 1 0 1 0 0 0 0 1 0 0 0 0 0 0 1 1 0 0 0 1 1 0 1 0 0 0 1
 0 0 0 0 0 0 1 0 1 1 0 1 1 0 0 0 0 0 1 1 1 1 1 0 0 0 0 0 0 0 0 1 1 1 0 0 0
 0 0 0 1 1 1 1 0 0 0 0 0 0 0 0 0 1 0 1 0 0 1 1 1 1 1]
 Training accuracy at 300 out of 20000 is 0.589(0.470),cost is 39.510(0.705)
[0 0 0 0 1 1 1 0 1 1 1 1 1 1 0 1 1 1 0 1 0 1 0 0 1 1 0 0 0 1 0 0 1 0 0 1 1
 0 0 0 0 0 0 1 0 1 1 0 1 0 0 0 0 0 0 1 1 1 0 0 1 0 0 0 0 0 1 1 1 1 1 0 0 0
 0 0 0 1 1 1 1 1 1 0 1 0 0 1 0 0 1 0 1 0 1 1 1 1 1 1]
 Training accuracy at 400 out of 20000 is 0.607(0.520),cost is 38.977(0.696)
[0 0 0 0 0 1 1 0 0 0 1 0 1 1 0 1 1 1 0 0 0 0 0 0 1 1 0 0 0 0 1 1 1 0 0 0 1
 0 0 0 0 0 0 1 0 1 1 0 1 1 0 0 0 0 0 0 1 0 1 0 1 0 0 1 0 0 0 0 0 1 1 0 1 0
 0 0 0 1 0 1 1 1 1 0 1 0 0 1 0 0 1 0 0 0 0 1 1 0 1 1]
 Training accuracy at 500 out of 20000 is 0.624(0.430),cost is 37.990(0.723)
[0 0 0 0 1 1 1 0 1 1 1 0 1 1 0 0 1 1 1 1 0 1 1 0 0 1 1 0 1 0 0 1 0 0 0 0 1
 0 0 0 0 0 0 0 0 0 1 0 1 0 0 0 1 0 0 0 0 1 0 0 1 0 0 1 0 0 0 0 1 1 1 0 1 1
 1 0 0 1 0 1 0 1 1 0 1 0 0 0 0 0 1 1 0 1 0 1 1 0 1 1]
 Training accuracy at 600 out of 20000 is 0.640(0.520),cost is 37.428(0.716)
[0 1 0 0 1 1 1 1 0 0 1 1 1 1 1 0 1 1 0 0 1 0 1 0 1 0 1 0 0 0 1 1 1 0 0 0 1
 0 0 0 0 0 0 0 0 1 0 0 1 0 0 0 0 0 0 0 0 0 0 0 1 1 1 1 0 0 0 0 1 1 1 0 1 1
 1 0 0 1 1 1 1 1 1 0 1 0 1 0 0 0 1 1 0 1 0 1 1 1 1 1]
 Training accuracy at 700 out of 20000 is 0.649(0.490),cost is 36.652(0.723)
[1 1 0 1 1 1 1 1 0 1 1 1 1 1 0 0 1 1 1 1 0 1 1 0 1 1 1 0 1 0 1 1 1 0 0 1 1
 0 1 0 0 0 0 0 0 1 0 0 0 0 0 0 1 0 0 0 1 1 0 0 1 0 1 1 0 0 0 0 0 1 1 0 1 1
 1 0 0 1 1 1 1 1 1 0 0 1 1 0 0 0 1 1 1 1 0 1 1 1 0 1]
 Training accuracy at 800 out of 20000 is 0.684(0.510),cost is 35.614(0.739)
[0 1 0 1 1 1 1 1 0 0 1 0 1 1 1 0 1 1 0 0 1 1 1 0 1 1 1 0 1 0 1 1 1 0 0 0 1
 0 1 0 0 0 0 1 0 1 0 0 0 0 0 0 1 0 0 1 1 0 0 1 1 0 0 1 0 0 0 0 0 1 1 0 1 1
 1 1 0 1 1 1 1 1 1 0 0 0 0 0 0 0 1 0 1 1 0 1 1 1 0 1]
 Training accuracy at 900 out of 20000 is 0.694(0.520),cost is 34.828(0.739)
[0 1 0 0 0 1 0 1 0 0 0 0 1 1 1 0 0 1 0 0 0 1 0 0 0 1 1 0 1 0 1 0 1 0 0 0 1
 0 0 0 0 0 0 0 0 1 0 0 0 0 0 0 0 0 0 0 1 0 0 0 0 0 0 1 0 0 0 0 0 1 1 0 0 1
 0 0 0 1 1 1 1 1 1 0 0 0 0 0 0 0 0 0 0 1 0 1 1 0 0 0]
 Training accuracy at 1000 out of 20000 is 0.688(0.540),cost is 34.308(0.753)
[0 1 0 0 0 1 0 0 0 0 1 0 1 1 1 0 0 1 1 0 0 1 0 0 0 1 1 0 1 0 1 1 0 0 0 0 1
 0 0 0 0 0 0 0 0 1 0 0 0 0 0 0 0 0 0 0 1 1 0 0 0 0 0 1 0 0 0 0 0 1 1 0 0 1
 1 0 0 1 1 1 0 1 1 0 0 0 0 1 0 0 1 0 0 1 0 0 1 0 1 1]
 Training accuracy at 1100 out of 20000 is 0.719(0.550),cost is 32.849(0.734)
[0 1 0 0 1 1 1 1 0 0 1 0 1 1 1 0 0 1 1 0 1 1 1 0 1 1 1 0 1 0 1 1 1 0 0 1 1
 0 1 0 0 0 0 0 0 0 0 0 0 0 0 0 1 0 1 0 1 1 0 1 0 0 0 0 0 0 0 0 0 1 1 0 0 0
 1 0 0 1 1 1 1 1 0 0 0 1 1 0 0 0 1 1 0 1 0 1 1 0 0 1]
 Training accuracy at 1200 out of 20000 is 0.729(0.560),cost is 32.303(0.733)
[0 1 0 0 1 1 1 0 0 0 1 0 1 1 1 1 1 1 1 0 0 1 1 0 0 1 1 0 1 0 1 1 1 0 0 1 1
 0 1 0 0 0 0 0 0 1 1 0 0 1 0 0 0 0 0 1 1 1 1 1 1 0 0 1 0 0 0 0 0 1 1 0 0 1
 1 1 0 1 1 1 1 1 1 0 0 1 1 1 0 0 1 1 1 1 1 1 1 1 1 1]
 Training accuracy at 1300 out of 20000 is 0.745(0.580),cost is 30.892(0.739)
[0 1 0 0 0 1 0 0 0 0 1 0 1 1 1 0 1 0 1 1 0 1 1 0 0 0 1 0 1 0 1 1 1 0 0 1 0
 0 1 0 0 0 1 0 0 1 0 0 1 0 0 0 0 0 1 0 1 1 0 1 0 0 0 1 0 0 0 0 0 0 1 1 0 1
 0 1 0 1 1 0 0 1 1 0 1 1 1 0 0 0 1 0 0 1 0 0 1 0 1 1]
 Training accuracy at 1400 out of 20000 is 0.770(0.530),cost is 30.166(0.759)
[1 1 0 0 1 1 0 1 0 0 1 1 1 1 1 0 1 0 1 0 1 1 1 0 0 1 1 0 1 0 1 0 1 0 0 1 1
 0 0 0 0 0 0 0 0 1 0 0 0 0 0 0 0 0 1 0 1 1 0 1 0 0 0 1 0 0 0 0 0 0 1 1 0 1
 1 1 0 1 1 1 1 1 1 0 1 1 1 1 0 0 1 1 0 1 0 0 1 0 1 1]
 Training accuracy at 1500 out of 20000 is 0.773(0.540),cost is 29.170(0.759)
[1 1 0 0 1 1 0 1 0 0 1 0 1 1 1 0 0 1 1 0 1 1 1 0 0 0 1 0 1 0 1 0 1 0 0 1 1
 0 0 0 0 0 0 0 0 1 1 0 0 1 0 0 0 0 1 0 1 1 1 0 1 0 0 1 0 0 0 0 0 0 1 1 1 1
 0 1 0 1 1 1 1 1 1 0 0 1 0 1 0 0 1 1 1 1 0 1 1 1 1 0]
 Training accuracy at 1600 out of 20000 is 0.787(0.530),cost is 28.391(0.768)
[1 1 0 0 1 1 1 1 0 0 1 0 1 1 1 0 1 1 1 0 1 1 1 0 0 1 1 0 1 0 1 1 1 0 0 1 1
 0 1 0 0 0 1 0 0 1 1 1 0 0 0 0 0 0 0 0 1 1 1 1 1 0 0 1 0 0 0 0 0 1 1 0 0 1
 0 1 0 1 1 1 1 1 1 0 0 0 1 1 0 0 1 1 0 1 1 1 1 0 1 1]
 Training accuracy at 1700 out of 20000 is 0.790(0.560),cost is 27.058(0.812)
[1 1 0 0 0 1 1 1 1 1 1 0 1 1 1 0 1 1 1 1 1 1 1 0 1 0 1 0 1 0 1 1 1 0 0 1 1
 1 0 0 0 0 1 0 0 1 1 0 0 0 0 0 0 0 1 0 1 1 0 1 1 0 0 1 0 0 0 0 0 0 1 1 0 1
 1 0 0 1 1 0 1 1 1 0 0 0 1 1 0 0 1 1 0 1 0 0 1 1 1 1]
 Training accuracy at 1800 out of 20000 is 0.813(0.530),cost is 26.415(0.759)
[1 1 0 1 0 1 1 1 0 0 1 1 1 1 1 0 1 1 1 1 1 1 1 0 1 0 1 0 1 0 1 1 1 0 0 1 1
 1 0 0 0 0 1 0 0 1 1 0 0 0 0 0 0 0 0 0 1 0 0 1 0 0 0 0 0 0 0 0 0 0 1 0 0 0
 1 0 0 1 1 1 1 1 1 0 0 0 1 1 0 0 1 1 0 1 1 0 1 0 1 1]
 Training accuracy at 1900 out of 20000 is 0.822(0.520),cost is 25.172(0.813)
[1 1 0 0 1 1 1 1 1 1 1 1 1 1 1 0 1 1 1 1 1 1 1 0 1 0 0 0 1 0 1 1 1 0 0 1 1
 1 0 0 0 0 0 0 0 1 1 0 0 0 0 0 0 0 0 0 1 0 0 1 1 1 0 0 0 0 0 0 0 1 1 1 0 0
 1 1 0 1 1 0 1 1 1 0 0 0 1 1 0 0 1 1 0 1 0 0 1 1 1 1]
 Training accuracy at 2000 out of 20000 is 0.822(0.540),cost is 24.772(0.832)
[1 1 0 1 1 1 1 1 1 1 1 1 1 1 1 0 1 1 1 0 1 1 1 0 1 1 1 0 1 0 0 1 1 0 0 1 1
 1 0 0 0 0 1 0 0 1 1 0 0 1 0 0 0 0 1 0 1 0 0 1 0 0 0 1 0 0 0 0 0 0 1 1 0 0
 1 0 0 1 0 0 1 1 1 0 0 0 1 1 0 0 1 1 0 1 0 0 1 0 1 1]
 Training accuracy at 2100 out of 20000 is 0.838(0.510),cost is 23.345(0.851)
[1 1 0 0 0 1 0 1 1 1 1 0 1 1 0 0 1 1 1 1 1 1 1 0 0 0 1 0 1 0 0 1 1 0 0 1 1
 1 0 0 0 0 0 0 0 1 1 0 0 0 0 0 0 0 0 0 1 0 0 1 1 1 0 0 0 0 0 0 0 1 1 1 0 1
 1 0 0 1 0 1 1 1 1 0 0 1 1 1 0 0 1 1 0 1 0 0 1 1 1 1]
 Training accuracy at 2200 out of 20000 is 0.835(0.560),cost is 23.781(0.846)
[1 1 0 1 0 1 1 1 0 1 1 0 1 1 1 0 1 1 1 0 1 1 1 0 1 0 1 0 1 0 1 1 1 0 0 1 0
 1 0 0 0 0 1 0 0 1 1 0 0 1 0 0 0 0 0 0 1 0 0 1 0 0 0 0 0 0 0 0 0 1 1 1 0 0
 1 0 0 1 1 1 1 1 1 0 0 1 1 1 0 0 1 1 0 1 0 0 1 1 1 1]
 Training accuracy at 2300 out of 20000 is 0.841(0.560),cost is 22.881(0.852)
[1 1 0 0 0 1 1 1 1 1 1 1 1 1 1 0 1 1 1 0 1 1 1 0 1 0 1 0 1 0 0 1 1 0 0 1 1
 1 0 0 0 0 0 0 0 1 1 0 0 1 0 0 0 0 0 0 1 0 0 1 0 0 0 0 0 0 0 0 0 0 1 1 0 0
 1 0 0 1 1 1 1 1 1 0 1 0 1 1 0 0 1 1 0 1 1 0 1 0 1 1]
 Training accuracy at 2400 out of 20000 is 0.851(0.550),cost is 22.076(0.864)
[1 1 0 0 0 1 1 1 0 1 1 1 1 1 1 0 1 1 1 0 1 1 1 0 1 1 1 0 1 0 1 1 1 0 1 1 1
 0 1 0 0 0 1 1 0 1 1 0 0 1 0 0 0 0 1 0 0 0 0 0 0 0 0 0 0 0 0 0 0 0 1 1 0 0
 1 0 0 1 1 1 1 1 1 0 0 0 1 1 0 0 1 1 0 1 0 1 1 0 1 1]
 Training accuracy at 2500 out of 20000 is 0.867(0.470),cost is 21.218(0.862)
[1 1 0 0 0 1 1 1 1 1 1 1 1 1 0 0 1 1 1 1 1 1 1 0 1 0 1 0 1 0 0 1 1 0 0 1 1
 1 1 0 0 0 0 0 0 1 1 0 0 1 0 0 0 0 1 0 1 0 0 1 0 0 0 0 0 0 0 0 0 0 1 1 0 0
 1 0 0 1 1 0 1 1 1 0 1 0 1 1 0 0 0 1 1 1 0 0 1 1 1 1]
 Training accuracy at 2600 out of 20000 is 0.865(0.540),cost is 21.203(0.821)
[1 1 0 0 0 1 1 1 1 1 1 1 1 1 0 0 1 1 1 1 1 1 1 0 0 0 1 0 1 0 0 1 1 0 0 1 1
 1 1 0 0 0 0 0 0 1 1 0 0 1 0 0 0 0 0 0 1 0 0 1 0 1 0 0 0 0 0 0 0 1 1 1 0 1
 1 1 0 1 1 0 1 1 1 0 0 1 1 1 0 0 1 1 1 1 0 0 1 0 1 1]
 Training accuracy at 2700 out of 20000 is 0.869(0.560),cost is 20.383(0.848)
[1 1 0 0 0 1 1 1 1 1 1 0 1 1 0 0 1 1 1 0 1 1 1 0 1 1 1 0 1 0 0 1 1 0 0 1 1
 0 0 0 0 0 0 1 0 0 0 1 0 1 0 0 0 0 1 0 0 0 0 1 0 0 0 1 0 0 0 0 0 0 1 0 0 1
 1 1 0 1 1 0 1 1 1 0 0 0 1 1 0 0 1 1 1 1 0 1 1 0 1 1]
 Training accuracy at 2800 out of 20000 is 0.876(0.560),cost is 19.541(0.875)
[1 0 0 0 0 1 1 1 1 1 1 0 1 1 1 0 1 1 1 1 1 1 1 0 1 0 1 0 1 0 0 1 1 0 1 1 1
 1 1 0 0 0 0 0 0 0 1 0 0 1 0 0 0 0 1 0 0 0 0 1 0 0 0 1 0 0 0 0 0 1 1 0 1 1
 1 0 0 1 1 0 1 1 1 0 0 1 1 1 0 0 1 1 1 1 0 0 1 0 1 1]
 Training accuracy at 2900 out of 20000 is 0.880(0.530),cost is 19.889(0.805)
[1 1 0 0 0 1 1 1 1 1 1 1 1 1 1 0 1 0 1 0 1 1 1 0 1 0 1 0 0 0 0 1 1 0 0 0 1
 0 1 0 0 0 0 0 0 0 0 0 0 1 0 0 0 0 0 0 0 0 0 1 0 0 0 0 0 0 0 0 0 1 1 0 0 0
 1 0 0 1 0 1 0 1 1 0 0 0 1 1 0 0 1 0 0 1 0 0 1 0 1 1]
 Training accuracy at 3000 out of 20000 is 0.870(0.520),cost is 19.218(0.917)
[1 1 0 0 0 1 1 1 1 1 1 0 1 1 1 0 1 1 1 0 1 1 1 0 0 0 1 0 1 0 0 0 1 0 1 0 1
 1 0 0 0 0 0 1 0 1 1 0 0 1 0 0 0 0 0 0 1 0 0 1 0 0 0 0 0 0 0 0 0 1 1 0 0 0
 1 1 0 1 0 1 1 1 0 0 0 1 1 1 0 0 1 1 1 1 0 0 1 0 1 1]
 Training accuracy at 3100 out of 20000 is 0.883(0.620),cost is 18.182(0.880)
[1 1 0 0 0 1 1 1 1 1 1 1 1 1 0 0 1 1 1 1 1 1 1 0 1 0 1 0 1 0 0 0 1 0 0 1 1
 0 0 0 0 0 1 1 0 1 1 0 0 1 0 0 0 0 1 0 1 0 0 1 0 0 0 1 0 0 0 1 1 1 1 1 0 0
 0 1 1 1 1 1 1 1 1 0 0 0 1 1 0 0 1 1 1 1 0 1 1 1 1 1]
 Training accuracy at 3200 out of 20000 is 0.887(0.540),cost is 18.255(0.879)
[1 1 0 0 0 1 0 1 1 1 1 1 1 1 1 0 1 1 1 1 1 1 1 0 1 1 1 0 1 0 0 1 1 0 0 1 0
 1 0 0 0 0 0 1 0 1 1 0 1 1 1 0 0 0 0 0 0 0 0 1 0 0 0 1 0 0 0 0 0 1 1 1 1 1
 0 1 1 1 1 1 1 1 1 0 0 1 1 1 0 0 1 1 1 1 0 1 1 0 1 1]
 Training accuracy at 3300 out of 20000 is 0.889(0.510),cost is 17.955(0.876)
[1 1 0 0 0 1 1 1 1 1 1 1 1 1 0 0 1 1 1 1 1 1 1 0 1 0 1 0 1 0 1 1 1 0 0 1 1
 1 1 0 0 0 0 0 0 1 1 0 0 0 0 0 0 0 0 0 0 0 0 1 0 0 0 1 0 0 0 1 1 1 1 1 0 0
 1 1 1 1 1 1 1 1 1 1 1 1 1 1 0 0 1 1 0 1 1 0 1 0 1 1]
 Training accuracy at 3400 out of 20000 is 0.896(0.550),cost is 17.484(0.905)
[1 1 0 0 0 1 1 1 1 1 1 1 1 1 0 0 1 1 1 0 1 1 1 0 1 0 1 0 1 0 0 1 1 0 0 0 0
 0 1 0 0 0 0 1 0 1 1 0 0 1 0 0 1 0 1 0 1 0 0 1 0 0 0 1 0 0 0 0 0 1 1 1 0 1
 0 1 0 1 1 0 1 1 1 0 0 1 1 1 0 0 1 1 0 1 1 0 1 0 1 1]
 Training accuracy at 3500 out of 20000 is 0.894(0.530),cost is 16.546(0.944)
[1 1 0 0 0 1 1 1 1 1 1 1 1 1 1 0 1 1 1 1 1 1 1 0 0 0 1 0 1 0 0 1 1 0 0 1 1
 0 0 0 0 0 0 1 0 1 1 0 0 1 0 0 0 0 0 0 0 0 0 1 0 0 0 1 0 0 0 0 0 1 1 1 0 1
 1 1 0 1 1 1 1 1 1 0 0 0 1 1 0 0 1 1 0 1 1 1 1 0 1 1]
 Training accuracy at 3600 out of 20000 is 0.908(0.560),cost is 15.837(0.919)
[1 1 0 0 0 1 1 1 1 1 1 1 1 1 1 0 1 1 1 1 1 1 1 0 1 0 1 0 1 0 0 1 1 0 0 1 1
 0 0 0 0 0 1 1 0 1 1 1 0 1 0 0 1 0 0 0 1 0 0 1 0 0 0 1 0 0 0 0 0 1 1 1 1 1
 1 1 0 1 1 1 1 1 1 0 0 1 1 1 0 0 1 1 0 1 1 1 1 0 1 1]
 Training accuracy at 3700 out of 20000 is 0.901(0.550),cost is 16.813(0.964)
[1 1 0 0 0 1 1 1 1 1 1 1 1 1 1 0 1 1 1 1 1 1 1 0 0 0 1 0 1 0 1 1 1 0 0 1 1
 1 0 0 0 0 0 0 0 1 1 0 1 1 0 0 0 0 1 0 1 0 0 1 0 0 0 1 0 0 0 1 0 0 1 1 0 1
 1 1 0 1 1 1 1 1 1 0 0 1 1 1 0 0 1 1 1 1 1 1 1 0 1 1]
 Training accuracy at 3800 out of 20000 is 0.908(0.560),cost is 15.732(1.028)
[1 1 0 0 0 1 1 1 1 1 1 1 1 1 1 0 1 1 1 0 1 1 1 0 1 1 1 0 0 0 1 1 1 0 0 1 1
 0 0 0 0 0 0 0 0 1 1 0 0 0 0 0 1 0 1 0 1 0 0 1 0 0 0 1 0 0 0 1 0 1 1 1 0 0
 1 0 0 1 0 1 1 1 1 1 0 1 1 1 0 0 1 1 0 0 1 0 1 0 1 1]
 Training accuracy at 3900 out of 20000 is 0.911(0.540),cost is 16.262(0.962)
[1 1 0 0 0 1 1 1 1 1 1 1 1 1 1 0 1 1 1 1 1 1 1 0 0 1 1 1 0 0 1 1 1 0 0 1 1
 0 0 0 0 0 0 0 0 1 1 0 0 1 0 0 0 0 0 0 1 0 0 1 0 0 0 1 0 0 0 1 0 0 1 1 0 1
 1 0 0 1 1 1 1 1 1 0 0 0 1 1 0 0 1 1 1 1 1 0 1 0 1 1]
 Training accuracy at 4000 out of 20000 is 0.914(0.530),cost is 14.695(1.029)
[1 1 0 0 0 1 1 1 1 1 1 1 1 1 0 0 1 1 1 1 1 1 1 0 0 0 1 0 0 0 0 1 1 0 0 1 1
 1 0 0 0 0 0 1 0 1 1 0 0 1 0 0 0 0 1 0 1 0 0 1 0 0 0 1 0 0 0 1 0 1 1 1 1 0
 1 1 0 1 1 0 1 1 1 0 0 0 1 1 0 0 1 1 0 1 1 1 1 0 1 1]
 Training accuracy at 4100 out of 20000 is 0.915(0.530),cost is 14.809(1.034)
[1 1 0 0 0 1 1 1 1 1 1 1 1 1 1 0 1 1 1 1 1 1 1 0 1 1 1 0 0 0 0 1 1 0 0 1 1
 1 0 0 0 0 0 1 0 1 1 0 0 1 0 0 0 0 0 0 1 0 0 1 0 0 0 1 0 0 0 0 0 1 1 1 1 1
 1 1 0 1 1 1 1 1 0 1 0 0 0 1 0 0 1 0 1 1 1 1 1 1 0 1]
 Training accuracy at 4200 out of 20000 is 0.920(0.550),cost is 14.515(1.084)
[0 1 0 0 0 1 1 1 1 1 1 0 1 1 1 0 1 1 1 1 1 1 1 0 0 0 1 0 0 0 0 1 1 0 1 1 1
 1 1 0 0 0 0 1 0 1 1 0 0 1 0 0 1 0 0 0 0 0 0 1 0 0 0 0 0 0 0 0 0 1 1 1 1 1
 1 1 0 1 0 1 1 1 1 0 0 1 1 1 0 0 1 1 0 1 1 1 1 0 0 1]
 Training accuracy at 4300 out of 20000 is 0.924(0.580),cost is 14.626(1.101)
[1 1 0 0 0 1 1 1 1 1 1 1 1 1 0 0 1 1 1 1 1 1 1 0 1 1 1 1 0 0 0 1 1 0 0 1 0
 0 1 0 0 0 0 1 0 1 1 1 0 1 0 0 0 0 0 0 1 0 0 1 0 0 0 0 0 0 0 0 0 0 1 1 1 1
 0 0 0 1 0 1 1 1 0 0 0 1 1 1 0 0 1 1 1 1 1 0 1 0 0 1]
 Training accuracy at 4400 out of 20000 is 0.917(0.540),cost is 14.956(1.010)
[1 1 0 0 0 1 1 1 1 1 1 0 1 1 0 0 1 1 1 1 1 1 1 0 0 0 1 0 0 0 0 1 1 0 1 1 1
 1 1 0 0 0 0 1 0 1 1 0 0 1 0 0 0 0 1 0 1 0 0 1 0 0 0 1 0 0 0 0 0 1 1 1 0 1
 1 0 0 1 1 1 1 1 0 1 0 1 0 1 0 0 1 1 0 1 1 1 1 0 1 1]
 Training accuracy at 4500 out of 20000 is 0.926(0.550),cost is 13.417(1.124)
[1 1 0 0 0 1 1 1 1 1 1 0 1 1 0 0 1 1 1 1 1 1 1 0 1 0 1 0 0 0 0 0 1 0 1 1 1
 1 1 0 0 0 0 0 0 1 1 1 0 1 0 0 0 0 0 0 1 0 0 1 0 0 0 1 0 0 0 0 1 0 1 1 0 0
 0 0 0 1 1 1 1 1 0 0 0 0 1 1 0 0 1 0 0 1 1 1 1 0 1 1]
 Training accuracy at 4600 out of 20000 is 0.929(0.540),cost is 13.024(1.102)
[1 1 0 0 0 1 1 0 1 1 1 0 1 1 0 0 1 1 1 0 1 1 1 0 1 0 1 0 0 0 0 1 1 0 0 1 1
 0 0 0 0 0 0 1 0 1 0 0 0 0 0 0 0 0 0 0 1 0 0 1 0 0 0 1 0 0 0 0 0 0 1 1 0 0
 0 0 0 1 1 1 1 1 0 0 0 0 1 1 0 0 1 0 0 0 1 1 1 0 1 1]
 Training accuracy at 4700 out of 20000 is 0.920(0.540),cost is 13.731(1.056)
[1 1 0 0 0 1 1 1 1 1 1 1 1 1 1 0 1 1 1 0 1 1 1 0 1 0 1 1 0 0 0 1 1 0 0 1 1
 1 1 0 0 0 1 1 0 1 1 1 1 1 0 0 0 0 1 0 1 0 0 1 1 0 0 1 0 0 0 0 1 0 1 1 0 1
 0 0 0 1 1 1 1 1 0 0 0 0 1 1 0 0 1 0 0 1 1 0 1 0 1 1]
 Training accuracy at 4800 out of 20000 is 0.924(0.470),cost is 13.266(1.129)
[1 1 0 0 0 1 1 1 1 1 1 1 1 1 1 0 0 1 1 1 1 1 1 0 0 0 1 0 0 0 1 1 1 0 0 0 0
 1 1 0 0 0 0 0 0 1 1 0 0 1 0 0 0 0 0 0 0 0 0 1 0 0 0 0 0 0 0 0 0 0 1 0 0 1
 0 0 0 1 1 1 1 1 0 0 0 0 1 1 0 0 1 0 0 1 1 1 1 0 1 1]
 Training accuracy at 4900 out of 20000 is 0.932(0.530),cost is 12.680(1.104)
[1 1 0 0 0 1 1 1 1 1 1 0 1 1 0 0 1 1 1 1 1 1 1 0 0 0 1 0 0 0 1 1 1 0 0 0 1
 1 1 0 0 0 0 1 0 1 1 0 0 0 0 0 0 0 0 0 0 0 0 1 0 0 0 1 0 0 0 0 0 0 1 1 1 1
 1 0 0 1 1 1 1 1 1 0 0 0 1 1 0 0 1 1 1 0 1 1 1 0 1 1]
 Training accuracy at 5000 out of 20000 is 0.936(0.490),cost is 12.020(1.232)
[1 1 0 0 0 1 1 1 1 1 1 1 1 1 1 0 1 1 1 1 1 1 1 0 1 0 1 0 0 0 1 1 1 0 0 1 1
 0 0 0 0 0 1 1 0 1 1 0 1 1 0 0 0 0 0 0 1 0 0 1 0 0 0 1 0 0 0 0 0 0 1 1 1 1
 1 1 0 1 0 1 1 1 0 0 0 0 1 1 0 0 1 1 1 0 0 0 1 0 1 1]
 Training accuracy at 5100 out of 20000 is 0.928(0.500),cost is 12.839(1.170)
[1 1 0 0 0 1 1 1 1 1 1 1 1 1 0 0 1 1 1 1 1 1 1 0 0 1 1 0 0 0 0 0 1 0 0 0 1
 0 0 0 0 0 0 1 0 1 1 0 0 0 0 0 0 0 0 0 1 0 0 1 0 0 0 1 0 0 0 0 0 0 1 1 0 1
 1 0 0 1 0 1 1 1 0 0 0 0 1 1 0 0 1 1 1 0 1 0 1 0 1 1]
 Training accuracy at 5200 out of 20000 is 0.931(0.540),cost is 12.512(1.274)
[1 1 0 0 0 1 0 1 1 1 1 1 1 1 0 0 1 1 1 1 1 1 1 0 0 0 1 0 0 0 1 1 1 0 0 0 1
 0 0 0 0 0 0 0 0 1 1 0 0 0 0 0 0 0 0 0 1 0 0 1 0 0 0 0 0 0 0 0 0 1 1 1 1 1
 1 0 0 1 1 1 1 1 1 0 0 0 1 1 0 0 1 0 1 0 1 1 1 0 1 1]
 Training accuracy at 5300 out of 20000 is 0.934(0.520),cost is 11.377(1.270)
[1 1 0 0 0 1 1 1 1 1 1 1 1 1 1 0 1 1 1 1 1 1 1 0 0 0 1 0 1 0 0 1 1 0 0 0 0
 0 0 0 0 0 0 0 0 1 1 1 0 0 0 0 0 0 1 0 1 0 0 1 1 0 0 0 0 0 0 1 0 1 1 1 0 1
 1 0 0 1 1 1 1 1 0 0 0 0 1 1 0 0 1 0 1 0 1 1 1 1 1 1]
 Training accuracy at 5400 out of 20000 is 0.936(0.600),cost is 12.233(1.119)
[1 1 0 0 0 1 0 1 1 1 1 1 1 1 0 0 1 1 1 1 1 1 1 0 1 0 1 0 0 0 0 1 1 0 0 1 1
 1 0 0 0 0 0 1 0 1 1 0 0 0 0 0 0 0 0 0 1 0 0 1 0 0 1 0 0 1 0 1 0 1 1 1 0 1
 1 0 0 1 0 1 1 1 0 0 0 0 0 1 0 0 1 0 1 0 1 1 1 0 1 1]
 Training accuracy at 5500 out of 20000 is 0.942(0.520),cost is 11.485(1.149)
[1 1 0 0 0 1 0 1 1 1 1 1 1 1 0 0 1 1 1 1 1 1 1 0 0 0 1 0 0 0 0 1 1 0 0 1 1
 1 0 0 0 0 1 1 0 0 1 0 0 0 0 0 0 0 1 0 1 0 0 1 0 0 0 0 0 0 0 1 0 1 0 1 1 1
 1 0 0 1 1 1 1 1 1 0 0 0 1 1 0 0 1 0 1 0 1 1 1 0 1 1]
 Training accuracy at 5600 out of 20000 is 0.942(0.510),cost is 11.136(1.126)
[1 1 0 0 0 1 1 1 1 1 1 1 1 1 0 0 1 1 1 1 1 1 1 0 0 0 1 0 0 0 0 1 1 0 0 1 0
 1 1 0 0 0 1 1 0 0 1 0 0 0 0 0 0 0 1 0 1 0 0 1 0 0 0 0 0 0 0 1 0 0 1 1 1 1
 1 0 0 1 0 0 1 1 1 0 0 0 1 1 0 0 1 0 1 0 1 1 1 0 0 1]
 Training accuracy at 5700 out of 20000 is 0.941(0.530),cost is 10.832(1.219)
[1 1 0 0 0 1 0 1 1 1 1 0 1 1 0 0 1 1 1 1 1 1 1 0 0 0 1 0 0 0 0 0 1 0 0 1 0
 1 1 0 0 0 0 0 0 1 1 0 0 0 0 0 0 0 0 0 0 0 0 1 0 0 0 1 0 0 0 0 0 1 1 1 1 1
 1 0 0 1 0 0 0 1 0 0 0 0 1 1 0 0 1 0 1 0 1 1 1 1 1 1]
 Training accuracy at 5800 out of 20000 is 0.937(0.580),cost is 11.916(1.098)
[1 1 0 0 0 1 1 1 1 1 1 0 1 1 0 0 1 1 1 1 1 1 1 0 0 0 1 0 0 0 0 1 1 0 0 1 0
 1 1 0 0 0 0 1 0 1 1 0 0 0 0 0 1 0 1 0 0 0 0 1 0 0 1 1 0 0 0 1 1 1 1 1 1 1
 1 1 0 1 0 1 1 1 0 0 0 0 1 1 0 0 1 1 1 0 1 1 1 0 1 1]
 Training accuracy at 5900 out of 20000 is 0.946(0.550),cost is 10.568(1.349)
[1 1 0 0 0 1 0 1 1 1 1 1 1 1 1 0 1 1 1 1 1 1 1 0 0 0 1 0 0 0 0 1 1 0 0 1 1
 1 1 0 0 0 0 1 0 0 1 0 0 0 0 0 0 0 0 0 0 0 0 1 0 0 0 0 0 0 0 0 1 1 1 1 1 1
 1 1 0 1 0 1 1 1 0 1 0 1 1 1 0 0 1 0 1 0 1 1 1 1 1 1]
 Training accuracy at 6000 out of 20000 is 0.941(0.570),cost is 11.146(1.226)
[1 1 0 1 0 1 0 1 1 1 1 1 1 1 0 0 1 1 1 1 1 1 1 0 0 0 1 0 0 0 1 1 1 0 0 1 1
 1 1 0 0 0 0 1 0 1 1 0 0 0 0 0 0 0 1 0 0 0 0 1 0 0 0 0 0 0 0 0 0 0 1 1 1 1
 1 1 0 1 0 1 1 1 0 0 0 1 0 1 0 0 1 0 1 0 1 0 1 1 1 1]
 Training accuracy at 6100 out of 20000 is 0.947(0.510),cost is 11.158(1.200)
[1 1 0 0 0 1 0 1 1 1 1 0 1 1 0 0 1 1 1 1 1 1 1 0 0 0 1 0 0 0 1 1 1 0 0 1 1
 1 1 0 0 0 1 0 0 1 1 0 0 0 0 0 0 0 0 0 0 0 0 1 0 0 0 0 0 0 0 0 0 0 1 1 1 1
 1 1 0 1 0 1 1 1 0 0 0 0 0 1 0 0 1 0 1 0 1 0 1 1 0 1]
 Training accuracy at 6200 out of 20000 is 0.937(0.520),cost is 11.250(1.328)
[1 1 0 0 0 1 0 1 1 1 1 1 1 1 0 0 1 1 1 1 1 1 1 0 0 1 1 0 0 0 0 1 1 0 0 0 0
 0 1 0 0 0 1 1 0 1 1 0 0 0 0 0 0 0 1 0 0 0 0 1 0 0 0 0 0 0 0 0 0 1 1 1 0 1
 1 1 0 1 1 1 1 1 0 0 0 0 1 1 0 0 1 1 1 0 1 0 1 0 1 1]
 Training accuracy at 6300 out of 20000 is 0.945(0.510),cost is 10.695(1.255)
[1 1 0 0 0 1 0 1 1 1 1 0 1 1 0 0 1 1 1 0 1 1 1 0 0 0 1 0 0 0 0 0 1 0 0 0 0
 0 1 0 0 0 0 0 0 1 1 0 0 0 0 0 0 0 0 1 0 0 0 1 0 0 0 0 0 0 0 1 0 0 1 1 0 1
 1 1 0 1 0 1 1 1 0 0 0 1 0 1 0 0 1 0 1 0 1 1 1 0 1 1]
 Training accuracy at 6400 out of 20000 is 0.938(0.580),cost is 11.009(1.216)
[1 1 0 0 0 1 0 1 1 1 1 1 1 1 0 0 0 1 1 1 1 1 1 0 0 0 1 0 0 0 0 1 1 0 0 1 0
 0 1 0 0 0 0 0 0 1 1 0 0 0 0 0 0 0 0 1 0 0 0 1 0 0 0 0 0 0 0 0 0 0 1 1 0 1
 1 1 0 1 1 1 1 1 0 1 0 0 0 1 0 0 1 0 0 0 1 1 1 0 1 1]
 Training accuracy at 6500 out of 20000 is 0.944(0.540),cost is 10.910(1.203)
[1 1 0 0 0 1 0 1 1 1 1 1 1 1 0 0 1 1 1 0 1 1 1 0 0 0 1 0 0 0 0 1 1 0 0 1 1
 1 1 0 0 0 0 0 0 1 1 0 0 0 0 0 0 0 0 0 1 0 0 1 0 0 0 0 0 0 0 0 0 0 1 1 0 1
 1 0 0 1 0 1 1 1 0 1 0 0 0 1 0 0 1 0 1 0 1 1 1 0 1 1]
 Training accuracy at 6600 out of 20000 is 0.947(0.550),cost is 10.128(1.270)
[1 1 0 0 0 1 0 1 1 1 1 1 1 1 0 0 1 1 1 1 1 1 1 0 0 0 1 0 0 0 0 1 1 0 0 1 1
 1 1 0 0 0 0 1 0 1 1 0 0 0 0 0 0 0 0 0 0 0 0 1 0 0 0 0 0 0 0 0 0 1 1 1 1 1
 1 0 0 1 0 0 1 1 0 1 0 0 1 1 0 0 1 0 1 0 1 1 1 0 1 1]
 Training accuracy at 6700 out of 20000 is 0.948(0.540),cost is 10.011(1.299)
[1 1 0 0 0 1 0 1 1 1 1 1 1 1 0 0 1 1 1 0 1 1 1 0 0 0 1 0 0 0 1 1 1 0 0 1 1
 1 1 0 0 0 1 0 0 1 1 0 0 0 0 0 0 0 0 0 0 0 0 1 0 0 0 0 0 0 0 0 0 1 1 1 0 1
 1 0 0 1 0 1 1 1 0 1 0 0 1 1 0 0 1 0 0 0 1 1 1 0 1 1]
 Training accuracy at 6800 out of 20000 is 0.954(0.530),cost is 10.048(1.368)
[1 1 0 0 0 1 0 1 1 1 1 1 1 1 0 0 1 1 1 1 1 1 1 0 0 0 1 0 0 0 0 1 1 0 0 1 1
 0 1 0 0 0 0 0 0 1 1 0 0 0 0 0 0 0 0 0 0 0 0 1 0 0 0 1 0 0 0 0 0 0 1 1 0 1
 1 0 0 1 0 0 1 1 0 0 1 0 0 1 0 0 1 0 0 0 1 0 1 0 1 1]
 Training accuracy at 6900 out of 20000 is 0.947(0.520),cost is 9.964(1.460)
[1 1 0 0 0 1 0 1 1 1 1 1 1 1 0 0 1 1 1 1 1 1 1 0 0 0 1 0 0 0 0 1 1 0 0 1 1
 1 1 0 0 0 0 0 0 1 1 0 0 0 0 0 0 0 0 0 0 0 0 1 0 0 1 0 0 0 0 1 0 1 1 1 0 1
 1 0 0 1 0 1 1 1 1 1 0 0 0 1 0 0 1 0 1 0 1 0 1 0 1 1]
 Training accuracy at 7000 out of 20000 is 0.949(0.520),cost is 10.110(1.349)
[1 1 0 0 0 1 1 1 1 1 1 1 1 1 0 0 1 1 1 1 1 1 1 0 0 1 1 0 0 0 0 0 1 0 0 1 0
 1 1 0 0 0 0 0 0 1 1 0 0 0 0 0 0 0 0 0 1 0 0 1 0 0 0 0 0 0 0 0 0 1 1 1 0 1
 1 0 0 1 0 1 1 1 1 0 0 0 0 1 0 0 1 0 1 0 1 1 1 0 1 1]
 Training accuracy at 7100 out of 20000 is 0.956(0.550),cost is 9.358(1.409)
[1 1 0 0 0 1 0 1 1 1 1 1 1 1 0 0 1 1 1 1 1 1 1 0 0 0 1 0 0 0 1 0 1 0 0 1 1
 1 1 0 0 0 0 0 0 1 1 0 0 0 0 0 0 0 0 0 1 0 0 1 0 0 0 0 0 0 0 0 0 1 1 1 0 1
 1 0 0 1 0 1 1 1 0 1 1 0 0 1 0 0 1 0 1 0 1 0 1 0 1 1]
 Training accuracy at 7200 out of 20000 is 0.952(0.550),cost is 9.864(1.382)
[1 1 0 0 0 1 0 1 1 1 1 1 1 1 0 0 1 1 1 0 1 1 1 0 0 0 1 0 0 0 0 1 1 0 0 1 1
 1 1 0 0 0 1 0 0 1 1 0 0 0 0 0 1 0 0 0 0 0 0 1 0 0 0 1 0 0 0 1 0 1 1 1 0 1
 1 0 0 1 0 0 1 1 0 1 0 0 0 1 0 0 1 0 0 0 1 1 1 0 1 1]
 Training accuracy at 7300 out of 20000 is 0.945(0.530),cost is 9.519(1.413)
[1 1 0 0 0 1 0 1 1 1 1 1 1 1 0 0 0 1 1 0 1 1 1 0 0 0 1 0 1 0 0 1 1 0 0 1 1
 0 1 0 0 0 0 0 0 1 1 0 0 0 0 0 0 0 0 0 0 0 0 1 0 0 0 1 0 0 0 0 0 1 1 1 1 1
 1 0 0 1 1 0 1 1 0 1 0 0 1 1 0 0 1 0 0 0 1 0 1 0 1 1]
 Training accuracy at 7400 out of 20000 is 0.956(0.550),cost is 9.309(1.303)
[1 1 0 0 0 1 0 1 1 1 1 0 1 1 0 0 1 1 1 0 1 1 1 0 1 0 1 0 1 0 0 1 1 0 0 1 1
 1 1 0 0 0 0 0 0 1 1 0 0 0 0 0 0 0 0 0 0 0 0 1 0 0 0 1 0 0 0 0 0 1 1 1 1 1
 1 0 0 1 1 1 1 1 0 0 1 0 1 1 0 0 1 0 0 0 1 0 1 0 1 1]
 Training accuracy at 7500 out of 20000 is 0.952(0.520),cost is 9.465(1.367)
[1 1 0 0 0 1 0 1 1 1 1 1 1 1 0 0 0 1 1 1 1 1 1 0 0 0 1 0 0 0 1 1 1 0 0 1 0
 1 1 0 0 0 0 1 0 1 1 0 0 0 0 0 0 0 0 0 1 0 0 1 0 0 0 1 0 0 0 0 0 1 1 1 0 1
 1 0 0 1 0 1 1 1 1 0 0 0 1 1 0 0 1 0 0 0 1 0 1 1 1 1]
 Training accuracy at 7600 out of 20000 is 0.947(0.520),cost is 9.493(1.543)
[1 1 0 0 0 1 0 1 1 1 1 1 1 1 0 0 0 1 1 1 1 1 1 0 1 0 1 0 0 0 1 1 1 0 0 1 0
 1 0 0 0 0 1 0 0 1 1 0 0 0 0 0 0 0 1 0 0 0 0 1 0 0 0 0 0 0 0 0 0 1 1 1 1 1
 1 0 0 1 0 1 1 1 1 1 0 0 1 1 0 0 1 0 1 0 1 0 1 1 1 1]
 Training accuracy at 7700 out of 20000 is 0.957(0.520),cost is 8.908(1.453)
[1 1 0 0 0 1 0 1 1 1 1 1 1 1 0 0 1 1 1 1 1 1 1 0 0 0 1 0 0 0 1 1 1 0 0 0 0
 0 0 0 0 0 0 0 0 1 1 0 0 0 0 0 0 0 0 0 0 0 0 1 0 0 0 0 0 0 0 0 0 1 1 1 1 1
 1 1 0 1 0 1 1 1 1 1 0 0 1 1 0 0 1 0 1 0 1 0 1 1 1 1]
 Training accuracy at 7800 out of 20000 is 0.953(0.550),cost is 9.533(1.342)
[1 1 0 0 0 1 0 1 1 1 1 1 1 1 0 0 0 1 1 1 1 1 1 0 0 0 1 0 0 0 1 1 1 0 0 1 0
 1 0 0 0 0 1 0 0 1 1 0 0 0 0 0 0 0 0 0 0 0 0 1 0 0 0 1 0 0 0 0 0 1 1 1 1 1
 1 0 0 1 1 1 1 1 1 1 0 0 1 1 0 0 1 0 0 0 1 0 1 0 1 1]
 Training accuracy at 7900 out of 20000 is 0.959(0.500),cost is 9.050(1.286)
[1 1 0 0 0 1 1 1 1 1 1 1 1 1 0 0 1 1 1 0 1 1 1 0 0 0 1 0 0 0 0 1 1 0 0 0 0
 1 0 0 0 0 1 1 0 1 1 0 0 0 0 0 0 0 1 0 0 0 0 1 0 0 1 0 0 0 0 0 0 1 1 1 1 1
 1 0 0 1 1 1 1 1 0 0 0 0 1 1 0 0 1 0 1 0 1 0 1 0 1 1]
 Training accuracy at 8000 out of 20000 is 0.958(0.500),cost is 8.586(1.383)
[1 1 0 0 0 1 0 1 1 1 1 1 1 1 0 0 1 1 1 0 1 1 1 0 0 0 1 1 1 0 0 1 1 0 0 1 1
 1 1 0 0 0 1 0 0 1 1 0 0 0 0 0 0 0 0 0 0 0 0 1 0 0 0 0 0 0 0 0 0 1 1 1 1 1
 1 0 0 1 1 1 1 1 0 1 0 0 1 1 0 0 1 0 1 0 1 0 1 0 1 1]
 Training accuracy at 8100 out of 20000 is 0.960(0.520),cost is 8.700(1.316)
[1 1 0 0 0 1 0 1 1 1 1 1 1 1 0 0 1 1 1 1 1 1 1 0 0 1 1 0 1 0 0 0 1 0 0 0 1
 1 1 0 0 0 1 0 0 1 1 0 0 0 0 0 0 0 0 0 0 0 0 1 0 0 0 1 0 0 0 1 0 1 1 1 1 1
 1 0 0 1 1 1 1 1 0 1 0 0 1 1 0 0 1 0 0 0 1 0 1 0 1 1]
 Training accuracy at 8200 out of 20000 is 0.959(0.500),cost is 8.312(1.489)
[1 1 0 0 0 1 0 1 0 1 1 1 1 1 0 0 1 1 1 1 1 1 1 0 0 1 1 0 0 0 0 1 1 0 0 0 1
 1 0 0 0 0 0 0 0 1 1 0 0 0 0 0 0 0 0 0 0 0 0 1 0 0 1 0 0 0 0 0 0 0 1 0 1 1
 1 0 0 1 1 1 1 1 1 1 0 1 1 1 0 0 1 1 1 0 1 0 1 0 1 1]
 Training accuracy at 8300 out of 20000 is 0.957(0.500),cost is 8.572(1.544)
[1 1 0 0 0 1 0 1 1 1 1 0 1 1 1 0 1 1 1 0 1 1 1 0 1 1 1 0 1 0 0 1 1 0 0 1 1
 1 0 0 0 0 1 0 0 1 1 0 0 1 0 0 0 0 0 0 1 0 0 1 0 0 0 1 0 1 0 1 0 1 1 1 1 1
 1 1 0 1 0 0 1 1 1 0 1 0 1 1 0 0 1 0 0 0 1 0 1 0 1 1]
 Training accuracy at 8400 out of 20000 is 0.957(0.540),cost is 9.011(1.408)
[1 1 0 0 0 1 0 1 1 1 1 1 1 1 0 0 1 1 1 0 1 1 1 0 0 0 1 0 0 0 0 1 1 0 0 1 0
 1 0 0 0 0 0 1 0 1 1 0 0 0 0 0 0 0 0 0 0 0 0 1 0 0 1 0 0 0 0 0 0 1 1 0 1 1
 1 0 0 1 0 1 1 1 1 0 0 1 1 1 0 0 1 0 1 0 1 1 1 1 1 1]
 Training accuracy at 8500 out of 20000 is 0.956(0.560),cost is 8.315(1.555)
[1 1 0 0 0 1 0 1 1 1 1 1 1 1 0 0 1 1 1 1 1 1 1 0 0 1 1 0 0 0 0 0 1 0 0 1 1
 1 0 0 0 0 0 0 0 1 1 0 0 0 0 0 0 0 0 0 1 0 0 1 0 0 1 0 0 0 0 0 1 1 1 0 1 1
 1 1 0 1 0 1 1 1 0 0 0 0 1 1 0 0 1 1 0 0 1 1 1 0 1 1]
 Training accuracy at 8600 out of 20000 is 0.959(0.570),cost is 8.751(1.370)
[1 1 0 0 0 1 0 1 1 1 1 1 1 1 0 0 1 1 1 1 1 1 1 0 0 0 1 0 0 0 0 0 1 0 0 1 1
 1 0 0 0 0 1 0 0 0 1 0 0 0 0 0 0 0 0 0 0 0 0 1 0 0 1 0 0 0 0 0 0 1 1 0 0 1
 1 1 0 1 0 0 1 1 0 1 0 0 1 1 0 0 1 0 1 0 1 0 1 0 1 1]
 Training accuracy at 8700 out of 20000 is 0.958(0.560),cost is 8.583(1.476)
[1 1 0 0 0 1 0 1 1 1 1 1 1 1 0 0 1 1 1 1 1 1 1 0 0 0 1 0 1 0 0 1 1 0 0 1 0
 1 1 0 0 0 1 0 0 0 1 0 0 0 0 0 0 0 0 1 1 0 0 1 0 0 1 1 0 0 0 0 0 1 1 1 1 1
 1 0 0 1 1 0 1 1 0 0 0 0 1 1 0 0 1 0 1 0 1 1 1 0 1 1]
 Training accuracy at 8800 out of 20000 is 0.958(0.510),cost is 8.739(1.442)
[1 1 0 0 0 1 0 1 1 1 1 1 1 1 1 0 0 1 1 1 1 1 1 0 0 0 1 0 1 0 0 1 1 0 0 1 1
 1 1 0 0 0 1 0 0 1 1 0 0 0 0 0 0 0 0 0 1 0 0 1 0 0 0 0 0 0 0 0 0 0 1 0 1 1
 1 0 0 1 1 1 1 1 0 1 0 0 1 1 0 0 1 0 0 0 1 1 1 1 1 1]
 Training accuracy at 8900 out of 20000 is 0.963(0.560),cost is 8.539(1.409)
[1 1 0 0 0 1 0 1 1 1 1 1 1 1 0 0 0 1 1 1 1 1 1 0 0 0 1 0 1 0 0 1 1 0 0 1 1
 1 1 0 0 0 1 0 0 0 1 0 0 0 0 0 0 0 0 0 0 0 0 1 0 0 1 0 0 0 0 0 0 1 1 0 1 1
 1 1 0 1 1 0 1 1 0 0 0 0 1 1 0 0 1 0 0 0 1 1 1 1 1 1]
 Training accuracy at 9000 out of 20000 is 0.963(0.540),cost is 8.188(1.454)
[1 1 0 0 0 1 0 1 1 1 1 0 1 1 0 0 0 1 1 1 1 1 1 0 0 0 1 0 0 0 0 1 1 0 0 0 1
 1 0 0 0 0 1 1 0 1 1 0 0 0 0 0 0 0 0 0 0 0 0 1 0 0 1 0 0 1 0 0 0 1 1 1 1 1
 1 1 0 1 1 0 1 1 0 1 0 0 1 1 0 0 1 0 1 0 1 1 1 1 1 1]
 Training accuracy at 9100 out of 20000 is 0.961(0.540),cost is 8.458(1.394)
[1 1 0 1 0 1 1 1 1 1 1 1 1 1 0 0 0 1 1 1 1 1 1 0 0 0 1 0 0 0 0 1 1 0 0 1 1
 1 1 0 0 0 1 0 0 1 1 0 0 0 0 0 0 0 0 0 0 0 0 1 0 0 0 0 0 0 0 0 0 0 1 1 1 1
 1 0 0 1 0 0 1 1 0 1 0 0 1 1 0 0 1 0 0 0 1 0 1 0 1 1]
 Training accuracy at 9200 out of 20000 is 0.958(0.540),cost is 8.723(1.386)
[1 1 0 0 0 1 1 1 1 1 1 0 1 1 0 0 1 1 1 1 1 1 1 0 1 1 1 0 0 0 0 1 1 0 0 1 1
 1 1 0 0 0 0 0 0 1 1 0 0 0 0 0 1 0 0 0 1 0 0 1 0 0 1 1 0 0 0 0 0 1 1 0 1 1
 1 0 0 1 0 1 1 1 1 1 0 0 1 1 0 0 1 0 1 0 1 1 1 1 1 1]
 Training accuracy at 9300 out of 20000 is 0.964(0.530),cost is 8.109(1.436)
[1 0 0 0 0 1 0 1 1 1 1 1 1 1 0 0 0 1 1 1 1 1 1 0 0 0 1 0 1 0 0 1 1 0 0 1 1
 1 1 0 0 0 1 0 0 1 1 0 0 0 0 0 0 0 0 0 0 0 0 1 0 0 1 1 0 0 0 0 0 0 1 0 1 1
 1 1 0 1 1 1 1 1 1 1 0 0 1 1 0 0 1 0 0 0 1 1 1 0 1 1]
 Training accuracy at 9400 out of 20000 is 0.961(0.500),cost is 7.929(1.541)
[0 0 0 0 0 1 0 1 1 1 1 1 1 1 0 0 0 1 1 0 1 1 1 0 0 0 1 0 0 0 0 1 1 0 0 1 1
 1 0 0 0 0 1 0 0 1 1 0 0 0 0 0 0 0 0 0 0 0 0 1 0 0 1 0 0 0 0 0 0 0 1 0 1 1
 1 0 0 1 1 1 1 1 1 0 0 0 1 1 0 0 1 0 0 0 1 1 1 0 1 1]
 Training accuracy at 9500 out of 20000 is 0.962(0.510),cost is 7.748(1.637)
[1 1 0 0 0 1 0 1 1 1 1 1 1 1 0 0 0 1 1 0 1 1 1 0 0 0 1 0 1 0 0 1 1 0 0 1 1
 1 0 0 0 0 0 0 0 1 1 0 0 0 0 0 0 0 0 0 0 0 0 1 0 0 0 1 0 0 0 0 0 0 1 0 1 1
 1 0 0 1 1 1 1 1 0 0 0 0 1 1 0 0 1 0 0 0 1 1 1 0 1 1]
 Training accuracy at 9600 out of 20000 is 0.961(0.540),cost is 7.453(1.633)
[0 1 0 0 0 1 0 1 1 1 1 1 1 1 0 0 1 1 1 0 1 1 1 0 0 0 1 0 0 0 0 1 1 0 0 1 1
 1 1 0 0 0 0 0 0 1 1 0 0 1 0 0 0 0 0 0 0 0 0 1 0 0 1 1 0 1 0 0 0 0 1 0 1 1
 1 0 0 1 1 0 1 1 1 0 0 0 1 1 0 0 1 0 0 0 1 1 1 0 1 1]
 Training accuracy at 9700 out of 20000 is 0.967(0.490),cost is 8.021(1.500)
[1 1 0 0 0 1 0 1 1 1 1 1 1 1 1 0 0 1 1 1 1 1 1 0 0 0 1 0 0 0 0 1 1 0 0 1 1
 0 1 0 0 0 1 1 0 1 1 0 0 0 0 0 0 0 0 0 1 0 0 1 0 0 1 0 0 0 0 0 0 0 1 0 1 1
 1 1 0 1 1 1 1 1 1 0 1 0 1 1 0 0 1 0 0 0 1 1 1 0 1 1]
 Training accuracy at 9800 out of 20000 is 0.964(0.530),cost is 7.795(1.558)
[1 0 0 0 0 1 0 1 1 1 1 1 1 1 0 0 0 1 1 0 1 1 1 0 0 0 1 0 0 0 0 1 1 0 0 1 1
 0 1 0 0 0 0 0 0 0 1 0 0 0 0 0 1 0 0 0 1 0 0 1 0 0 1 0 0 0 0 0 0 0 1 1 1 1
 1 0 0 1 0 1 1 1 1 0 0 0 0 1 0 0 1 1 0 0 1 1 1 1 1 1]
 Training accuracy at 9900 out of 20000 is 0.956(0.510),cost is 7.803(1.695)
[1 1 0 0 0 1 0 1 1 1 1 1 1 1 0 0 0 1 1 0 1 1 1 0 0 0 1 1 1 0 0 1 1 0 0 1 1
 1 1 0 0 0 0 0 0 1 1 0 0 0 0 0 0 0 0 0 1 0 0 1 0 0 1 0 0 0 0 0 0 0 1 0 1 1
 1 1 0 1 1 1 1 1 1 0 0 0 1 1 0 0 1 0 0 0 1 0 1 0 1 1]
 Training accuracy at 10000 out of 20000 is 0.961(0.520),cost is 8.089(1.591)
[1 1 0 0 0 1 1 1 1 1 1 1 1 1 0 0 1 1 1 1 1 1 1 0 1 0 1 0 1 0 0 1 1 0 0 1 1
 1 0 0 0 0 0 0 0 1 1 0 0 0 0 0 0 0 0 0 0 0 0 1 0 0 0 0 0 1 0 0 0 0 1 0 1 1
 1 0 0 1 0 1 1 1 1 0 0 0 0 1 0 0 1 0 0 0 1 0 1 0 1 1]
 Training accuracy at 10100 out of 20000 is 0.967(0.500),cost is 7.760(1.523)
[0 0 0 0 0 1 0 1 1 1 1 1 1 1 0 0 0 1 1 0 1 1 1 0 0 0 1 0 0 0 0 0 1 0 0 0 1
 0 0 0 0 0 0 0 0 1 1 0 0 0 0 0 0 0 0 0 0 0 0 1 0 0 0 0 0 0 0 0 0 1 1 1 1 1
 1 0 0 1 0 1 1 1 1 0 0 0 0 1 0 0 1 0 0 0 1 0 1 1 1 1]
 Training accuracy at 10200 out of 20000 is 0.962(0.540),cost is 7.642(1.724)
[1 1 0 0 0 1 0 1 1 1 1 1 1 1 0 0 0 1 1 1 1 1 1 0 0 0 1 0 0 0 0 1 1 0 0 1 1
 1 0 0 0 0 1 0 0 1 1 0 0 0 0 0 0 0 0 0 1 0 0 1 0 0 1 1 0 0 0 0 0 1 1 0 1 1
 1 0 0 1 1 1 1 1 1 0 0 0 0 1 0 0 1 1 0 0 1 1 1 0 1 1]
 Training accuracy at 10300 out of 20000 is 0.963(0.510),cost is 7.532(1.587)
[1 1 0 0 0 1 0 1 1 1 1 1 1 1 0 0 1 1 1 1 1 1 1 0 0 0 1 0 0 0 0 1 1 0 0 1 0
 0 0 0 0 0 0 0 0 1 1 0 0 0 0 0 0 0 0 0 1 0 0 1 0 0 0 0 0 0 0 0 0 0 1 1 1 1
 1 0 0 1 0 1 1 1 1 1 0 0 0 1 0 0 1 0 1 0 1 0 1 0 1 1]
 Training accuracy at 10400 out of 20000 is 0.964(0.540),cost is 7.745(1.649)
[1 1 0 0 0 1 1 1 1 1 1 1 1 1 0 0 1 1 1 0 1 1 1 0 0 0 1 0 0 0 0 1 1 0 0 1 0
 0 1 0 0 0 0 0 0 1 1 0 0 0 0 0 0 0 0 0 1 0 0 1 0 0 0 0 0 0 0 0 0 0 1 1 1 1
 1 0 0 1 0 1 1 1 1 0 0 1 1 1 0 0 1 0 1 0 1 1 1 0 1 1]
 Training accuracy at 10500 out of 20000 is 0.964(0.570),cost is 7.431(1.661)
[0 0 0 0 0 1 1 1 1 1 1 1 1 1 0 0 1 1 1 0 1 1 1 0 0 0 1 0 0 0 0 1 1 0 0 1 0
 0 1 0 0 0 0 0 0 1 1 0 0 0 0 0 0 0 0 0 1 0 0 1 0 0 1 0 0 0 0 0 0 0 1 0 1 1
 1 0 0 1 0 1 1 1 1 0 0 0 0 1 0 0 1 0 1 0 1 1 1 0 1 1]
 Training accuracy at 10600 out of 20000 is 0.968(0.550),cost is 7.639(1.490)
[1 0 0 0 0 1 1 1 1 1 1 1 1 1 0 0 1 1 1 1 1 1 1 0 0 0 1 0 0 0 0 1 1 0 0 1 1
 0 1 0 0 0 0 1 0 0 1 0 0 0 0 0 0 0 0 0 1 0 0 1 0 0 0 0 0 0 0 0 0 1 1 1 1 1
 1 0 0 1 1 1 1 1 1 0 0 1 1 1 0 0 1 0 1 0 1 0 1 0 1 1]
 Training accuracy at 10700 out of 20000 is 0.968(0.510),cost is 7.288(1.671)
[1 1 0 0 0 1 0 1 1 1 1 1 1 1 0 0 1 1 1 1 1 1 1 0 0 0 1 0 0 0 0 0 1 0 0 1 1
 0 1 0 0 0 0 1 0 1 1 0 0 0 0 0 0 0 0 0 0 0 0 1 0 0 0 0 0 1 0 0 0 0 1 1 1 1
 1 0 1 1 1 0 1 1 1 1 0 1 1 1 0 0 1 0 0 0 1 1 1 0 1 1]
 Training accuracy at 10800 out of 20000 is 0.964(0.510),cost is 7.158(1.655)
[0 1 0 0 0 1 1 1 1 1 1 1 1 1 0 0 0 1 1 1 1 1 1 0 1 0 1 0 0 0 0 0 1 0 0 0 0
 1 1 0 0 0 1 1 0 1 1 0 0 0 0 0 0 0 0 0 1 0 0 1 0 0 0 0 0 1 0 0 0 1 1 1 1 1
 1 0 0 1 1 1 1 1 1 0 0 0 1 1 0 0 1 0 1 0 1 1 1 0 1 1]
 Training accuracy at 10900 out of 20000 is 0.968(0.520),cost is 7.005(1.824)
[1 0 0 0 0 1 1 1 1 1 1 1 1 1 0 0 1 1 1 1 1 1 1 0 0 0 1 0 1 0 0 1 1 0 0 0 1
 0 1 0 0 0 0 0 0 0 1 0 0 0 0 0 0 0 0 0 1 0 0 1 0 0 0 0 0 0 0 0 0 0 1 1 1 1
 1 0 0 1 0 1 1 1 1 1 0 0 0 1 0 0 1 0 0 0 1 0 1 0 1 1]
 Training accuracy at 11000 out of 20000 is 0.964(0.500),cost is 7.721(1.801)
[1 1 0 0 0 1 1 1 1 1 1 1 1 1 0 0 0 1 1 1 1 1 1 0 0 0 1 0 1 0 0 0 1 0 0 1 1
 1 1 0 0 0 1 1 0 1 1 0 0 0 0 0 1 0 0 0 0 0 0 1 0 0 1 1 0 0 0 0 0 0 1 0 1 1
 1 0 0 1 1 1 1 1 1 0 0 0 0 1 0 0 1 0 0 0 1 0 1 0 1 1]
 Training accuracy at 11100 out of 20000 is 0.960(0.470),cost is 7.570(1.862)
[1 1 0 0 0 1 0 1 1 1 1 1 1 1 0 0 0 1 1 0 1 1 1 0 0 0 1 0 0 0 0 1 1 0 0 1 1
 0 1 0 0 0 1 1 0 1 1 0 0 0 0 0 1 0 0 0 0 0 0 1 0 0 1 0 0 0 0 0 0 0 1 0 1 1
 1 1 0 1 0 1 1 1 1 1 0 0 1 1 0 0 1 0 0 0 1 1 1 0 1 1]
 Training accuracy at 11200 out of 20000 is 0.964(0.520),cost is 7.123(1.896)
[0 0 0 0 0 1 0 1 1 1 1 1 1 1 0 0 1 1 1 0 1 1 1 0 0 0 1 0 0 0 0 1 1 0 0 1 0
 0 0 0 0 0 0 1 0 1 1 0 0 0 0 0 0 0 0 0 0 0 0 1 0 0 0 0 0 0 0 0 0 0 1 0 1 1
 1 1 0 1 1 0 1 1 1 0 0 1 0 1 0 0 1 0 1 0 1 1 1 0 1 1]
 Training accuracy at 11300 out of 20000 is 0.969(0.560),cost is 7.074(1.692)
[0 0 0 0 0 1 0 1 1 1 1 1 1 1 0 0 0 1 1 0 1 1 1 0 0 0 1 0 1 0 0 1 1 0 0 1 0
 1 1 0 0 0 0 1 0 0 1 0 0 0 0 0 1 0 0 0 0 0 0 1 0 0 0 0 0 0 0 0 0 0 1 0 1 1
 1 1 0 1 1 0 1 1 0 0 1 1 0 1 0 0 1 0 1 0 1 0 1 0 1 1]
 Training accuracy at 11400 out of 20000 is 0.963(0.550),cost is 7.078(1.750)
[0 1 0 0 0 1 0 1 1 1 1 1 1 1 0 0 0 1 1 0 1 1 1 0 0 0 1 0 1 0 0 1 1 0 0 1 0
 1 1 0 0 0 0 1 0 1 1 0 0 0 0 0 0 0 0 0 1 0 0 1 0 0 0 1 0 0 0 0 0 1 1 0 1 1
 1 0 0 1 1 0 1 1 0 0 0 1 0 1 0 0 1 0 1 0 1 1 1 0 1 1]
 Training accuracy at 11500 out of 20000 is 0.969(0.580),cost is 6.976(1.609)
[0 0 0 0 0 1 0 1 1 1 1 1 1 1 0 0 1 1 1 0 1 1 1 0 0 0 1 1 1 0 0 1 1 0 0 1 1
 0 1 0 0 0 0 0 0 0 1 0 0 0 0 0 0 0 0 0 1 0 0 1 0 0 0 0 0 0 0 0 0 0 1 0 1 1
 1 1 0 1 1 1 1 1 0 0 0 0 1 1 0 0 1 0 1 0 1 1 1 0 1 1]
 Training accuracy at 11600 out of 20000 is 0.957(0.550),cost is 7.667(1.812)
[1 0 0 0 0 1 1 1 1 0 1 1 1 1 0 0 0 1 1 0 1 1 1 0 0 0 1 0 1 0 0 1 1 0 0 1 0
 0 0 0 0 0 0 0 0 1 1 0 0 0 0 0 0 0 0 0 0 0 0 1 0 0 0 0 0 0 0 0 0 0 1 0 1 1
 1 0 0 1 1 1 1 1 0 0 0 1 0 1 0 0 1 0 1 0 1 0 1 0 1 1]
 Training accuracy at 11700 out of 20000 is 0.975(0.560),cost is 6.566(1.632)
[0 1 0 0 0 1 1 1 1 1 1 1 1 1 0 0 1 1 1 0 1 1 1 0 0 0 1 0 0 0 0 1 1 0 0 1 0
 0 0 0 0 0 0 0 0 1 1 0 0 0 0 0 0 0 0 0 0 0 0 1 0 0 0 0 0 0 0 0 0 1 1 1 1 1
 1 0 0 1 0 1 1 1 1 0 0 1 0 1 0 0 1 0 1 0 1 0 1 0 1 1]
 Training accuracy at 11800 out of 20000 is 0.970(0.570),cost is 6.758(1.657)
[1 0 0 0 0 1 0 1 1 1 1 1 1 1 0 0 1 1 1 0 1 1 1 0 0 0 1 0 1 0 0 0 1 0 0 1 1
 0 1 0 0 0 0 0 0 1 1 0 0 0 0 0 0 0 0 0 0 0 0 1 0 0 0 0 0 0 0 0 0 0 1 0 1 1
 1 0 0 1 1 0 1 1 1 0 1 1 0 1 0 0 1 0 1 0 1 0 1 0 1 1]
 Training accuracy at 11900 out of 20000 is 0.968(0.550),cost is 6.840(1.728)
[1 0 0 0 0 1 0 1 1 1 1 1 1 1 0 0 1 1 1 0 1 1 1 0 1 0 1 0 1 0 0 0 1 0 0 1 1
 1 0 0 0 0 0 0 0 1 1 0 0 0 0 0 1 0 0 0 0 0 0 1 0 0 1 0 0 0 0 0 0 0 1 0 1 1
 1 0 0 1 1 0 1 1 0 0 1 0 0 1 0 0 1 1 1 0 1 0 1 1 1 1]
 Training accuracy at 12000 out of 20000 is 0.969(0.540),cost is 6.662(1.712)
[1 1 0 0 0 1 0 1 1 1 1 1 1 1 0 0 0 1 1 1 1 1 1 0 0 0 1 0 1 0 0 0 1 0 0 1 0
 1 0 0 0 0 0 0 0 1 1 0 0 0 0 0 0 0 0 0 0 0 0 1 0 0 1 0 0 0 0 0 0 0 1 0 1 1
 1 1 0 1 0 1 1 1 1 0 1 0 0 1 0 0 1 0 1 0 1 0 1 0 1 1]
 Training accuracy at 12100 out of 20000 is 0.967(0.560),cost is 6.523(1.788)
[0 0 0 0 0 1 1 1 1 1 1 1 1 1 0 0 1 1 1 1 1 1 1 0 0 0 1 0 1 0 1 1 1 0 0 1 1
 0 1 0 0 0 0 0 0 1 1 0 0 0 0 0 0 0 0 0 1 0 0 1 0 0 0 0 0 0 0 0 0 1 1 0 1 1
 1 0 0 1 1 0 1 1 0 1 0 0 0 1 0 0 1 1 1 0 1 0 1 1 1 1]
 Training accuracy at 12200 out of 20000 is 0.968(0.580),cost is 6.830(1.746)
[0 0 0 0 0 1 0 1 1 1 1 1 1 1 0 0 1 1 1 0 1 1 1 0 0 0 1 1 1 0 0 1 1 0 0 1 0
 0 1 0 0 0 0 0 0 1 1 0 0 0 0 0 0 0 0 0 0 0 0 1 0 0 0 1 0 1 0 0 0 0 1 0 1 1
 1 0 0 1 1 1 1 1 1 0 0 0 0 1 0 0 1 1 0 0 1 1 1 1 1 1]
 Training accuracy at 12300 out of 20000 is 0.973(0.520),cost is 6.451(1.685)
[1 1 0 0 0 1 1 1 1 1 1 1 1 1 0 0 1 1 1 0 1 1 1 0 0 0 1 0 1 0 0 1 1 0 0 1 1
 1 1 0 0 0 0 0 0 1 1 0 0 0 0 0 0 0 0 0 0 0 0 1 0 0 0 0 0 1 0 0 0 1 1 0 1 1
 1 1 1 1 1 1 1 1 0 0 1 1 0 1 0 0 1 1 1 0 1 1 1 0 1 1]
 Training accuracy at 12400 out of 20000 is 0.970(0.570),cost is 6.607(1.598)
[0 0 0 0 0 1 0 1 1 1 1 1 1 1 0 0 1 1 1 0 1 1 1 0 0 0 1 0 1 0 0 0 1 0 0 1 1
 0 1 0 0 0 0 0 0 0 0 0 0 0 0 0 0 0 0 0 0 0 0 1 0 0 0 0 0 0 0 0 0 1 1 0 1 1
 1 1 0 1 1 0 1 1 1 0 1 0 0 1 0 0 1 1 1 0 1 1 1 1 1 1]
 Training accuracy at 12500 out of 20000 is 0.971(0.600),cost is 6.522(1.612)
[0 0 0 0 0 1 0 1 1 1 1 1 1 1 0 0 1 1 1 0 1 1 1 0 0 0 1 0 0 0 0 1 1 0 0 1 1
 0 0 0 0 0 0 0 0 1 1 0 0 0 0 0 0 0 0 0 0 0 0 1 0 0 1 0 0 1 0 0 0 0 1 0 1 1
 1 1 0 1 1 1 1 1 1 0 1 0 0 1 0 0 1 0 0 0 1 1 1 1 1 1]
 Training accuracy at 12600 out of 20000 is 0.973(0.530),cost is 6.795(1.714)
[0 1 0 0 0 1 0 1 1 1 1 1 1 1 0 0 1 1 1 0 1 1 1 0 0 0 1 0 0 0 0 0 1 0 0 1 1
 0 0 0 0 0 0 0 0 1 1 0 0 0 0 0 0 0 0 0 1 0 0 1 0 0 0 1 0 0 0 0 0 1 1 0 1 1
 1 0 0 1 1 0 1 1 1 1 0 0 0 1 0 0 1 1 1 0 1 1 1 1 1 1]
 Training accuracy at 12700 out of 20000 is 0.967(0.600),cost is 7.307(1.650)
[0 1 0 0 0 1 1 1 1 1 1 1 1 1 0 0 1 1 1 0 1 1 1 0 0 0 1 0 0 0 0 0 1 0 0 0 1
 0 1 0 0 0 0 0 0 1 1 0 0 0 0 0 1 0 0 0 0 0 0 1 0 0 1 0 0 0 0 0 0 0 1 1 1 1
 1 1 0 1 1 1 1 1 0 1 0 0 0 1 0 0 1 0 1 0 1 0 1 0 1 1]
 Training accuracy at 12800 out of 20000 is 0.967(0.530),cost is 6.495(1.813)
[0 1 0 0 0 1 0 1 1 1 1 1 1 1 0 0 1 1 1 0 1 1 1 0 0 0 1 0 1 0 0 0 1 0 0 1 1
 0 0 0 0 0 0 0 0 1 1 0 0 0 0 0 0 0 0 0 0 0 0 1 0 0 0 1 0 0 0 0 0 0 1 0 1 1
 1 0 0 1 1 1 1 1 1 0 0 0 0 1 0 0 1 0 1 0 1 0 1 1 1 1]
 Training accuracy at 12900 out of 20000 is 0.970(0.550),cost is 6.454(1.785)
[0 1 0 0 0 1 0 1 1 1 1 1 1 1 0 0 1 1 1 0 1 1 1 0 0 0 1 0 0 0 0 0 1 0 0 1 0
 0 1 0 0 0 0 0 0 1 1 0 0 0 0 0 0 0 0 0 0 0 0 1 0 0 0 0 0 0 0 0 0 0 1 0 1 1
 1 1 0 1 1 1 1 1 1 0 0 0 0 1 0 0 1 0 1 0 1 1 1 1 1 1]
 Training accuracy at 13000 out of 20000 is 0.970(0.570),cost is 6.470(1.737)
[1 1 0 0 0 0 0 1 1 1 1 1 1 1 0 0 1 1 1 0 1 1 1 0 0 0 1 0 0 0 0 0 1 0 0 1 1
 0 0 0 0 0 0 0 0 1 1 0 0 0 0 0 0 0 0 0 1 0 0 1 0 0 0 0 0 0 0 0 0 0 1 0 1 1
 1 1 0 1 1 0 1 1 1 0 0 0 1 1 0 0 1 0 0 0 1 1 1 0 1 1]
 Training accuracy at 13100 out of 20000 is 0.971(0.560),cost is 6.612(1.710)
[0 1 0 0 0 1 1 1 1 1 1 1 1 1 0 0 1 1 1 0 1 1 1 0 0 0 1 0 0 0 0 0 1 0 0 1 0
 0 0 0 0 0 0 0 0 1 1 0 0 0 0 0 1 0 0 0 0 0 0 1 0 0 0 0 0 0 0 0 0 0 1 0 1 1
 1 0 0 1 1 1 1 1 1 0 0 0 0 1 0 0 1 1 0 0 1 1 1 0 1 1]
 Training accuracy at 13200 out of 20000 is 0.971(0.560),cost is 7.026(1.662)
[1 1 0 0 0 1 1 1 1 1 1 1 1 1 0 0 1 1 1 0 1 1 1 0 0 0 1 0 0 0 0 0 1 0 0 1 0
 0 0 0 0 0 0 0 0 1 0 0 0 0 0 0 1 0 0 0 0 0 0 1 0 0 0 0 0 0 0 0 0 0 1 0 1 1
 1 1 0 1 1 0 1 1 1 1 0 0 1 1 0 0 1 0 1 0 1 1 1 1 1 1]
 Training accuracy at 13300 out of 20000 is 0.971(0.610),cost is 6.455(1.835)
[0 1 0 1 0 1 1 1 1 1 1 1 1 1 0 0 1 1 1 0 1 1 1 0 1 0 1 0 0 0 0 1 1 0 0 1 1
 1 1 0 0 0 0 0 0 1 1 0 0 0 0 0 1 0 0 0 0 0 0 1 0 0 0 1 0 0 0 0 0 1 1 0 1 1
 1 0 0 1 1 1 1 1 1 0 0 0 1 1 0 0 1 1 1 0 1 1 1 1 1 1]
 Training accuracy at 13400 out of 20000 is 0.970(0.550),cost is 6.946(1.753)
[0 1 0 0 0 1 1 1 1 1 1 1 1 1 0 0 1 1 1 0 1 1 1 0 0 0 1 0 0 0 0 0 1 0 0 1 1
 0 0 0 0 0 0 0 0 1 1 0 0 0 0 0 1 0 0 0 0 0 0 1 0 0 0 0 0 0 0 0 0 1 1 0 1 1
 1 0 0 1 1 1 1 1 1 1 0 0 0 1 0 0 1 0 1 0 1 1 1 1 1 1]
 Training accuracy at 13500 out of 20000 is 0.971(0.580),cost is 6.240(1.928)
[0 1 0 0 0 1 1 1 1 1 1 1 1 1 0 0 1 1 1 0 1 1 1 0 0 0 1 0 0 0 0 1 1 0 0 1 1
 0 0 0 0 0 0 0 0 1 1 0 0 0 0 0 0 0 0 0 1 0 0 1 0 0 0 0 0 0 0 0 0 1 1 0 1 1
 1 1 0 1 1 1 1 1 1 1 0 0 0 1 0 0 1 0 1 0 1 1 1 0 1 1]
 Training accuracy at 13600 out of 20000 is 0.969(0.590),cost is 7.274(1.643)
[0 1 0 0 0 1 1 1 1 1 1 1 1 1 0 0 1 1 1 0 1 1 1 0 0 0 1 0 1 0 1 1 1 0 0 1 1
 1 0 0 0 0 0 0 0 1 1 0 0 0 0 0 0 0 0 0 0 0 0 1 0 0 0 0 0 1 0 0 0 1 1 0 1 1
 1 1 0 1 1 1 1 1 1 0 1 1 0 1 0 0 1 0 1 0 1 1 1 1 1 1]
 Training accuracy at 13700 out of 20000 is 0.973(0.580),cost is 6.303(1.767)
[0 1 0 0 0 1 1 1 1 1 1 1 1 1 0 0 0 1 1 0 1 1 1 0 0 0 1 0 0 0 1 0 1 0 0 1 1
 0 0 0 0 0 0 0 0 1 1 0 0 0 0 0 1 0 0 0 0 0 0 1 0 0 0 0 0 0 0 0 0 1 1 0 1 1
 1 0 0 1 1 1 1 1 1 0 0 0 0 1 0 0 1 0 0 0 1 0 1 1 1 1]
 Training accuracy at 13800 out of 20000 is 0.969(0.550),cost is 6.206(1.866)
[1 1 0 0 0 1 1 1 1 1 1 1 1 1 0 0 1 1 1 0 1 1 1 0 1 0 1 0 0 0 0 0 1 0 0 1 1
 1 0 0 0 0 0 0 0 1 1 0 0 0 0 0 1 0 0 0 0 0 0 1 0 0 0 0 0 0 0 0 0 1 1 0 0 1
 1 0 0 1 1 1 1 1 1 0 0 0 0 1 0 0 1 1 1 0 1 0 1 0 1 1]
 Training accuracy at 13900 out of 20000 is 0.971(0.540),cost is 6.283(1.739)
[0 1 0 0 0 1 1 1 1 1 1 1 1 1 0 0 1 1 1 0 1 1 1 0 0 0 1 0 0 0 0 1 1 0 0 1 1
 0 0 0 0 0 0 0 0 0 1 0 0 0 0 0 1 0 0 0 0 0 0 1 0 0 0 0 0 0 0 0 0 1 1 1 1 1
 1 1 0 1 1 1 1 1 0 0 0 0 0 1 0 0 1 0 1 0 1 0 1 0 1 1]
 Training accuracy at 14000 out of 20000 is 0.972(0.540),cost is 6.198(1.780)
[0 1 0 0 0 1 0 1 1 1 1 1 1 1 0 0 0 1 1 0 1 1 1 0 1 0 1 0 0 0 0 0 1 0 0 1 1
 1 1 0 0 0 0 1 0 1 1 0 0 0 0 0 0 0 0 0 0 0 0 1 0 0 1 0 0 0 0 0 0 1 1 1 1 1
 1 0 0 1 1 1 1 1 1 0 0 0 0 1 0 0 1 0 1 0 1 1 1 0 1 1]
 Training accuracy at 14100 out of 20000 is 0.972(0.510),cost is 6.054(1.837)
[0 1 0 0 0 1 0 1 1 1 1 1 1 1 0 0 1 1 1 0 1 1 1 0 1 0 1 0 0 0 0 0 1 0 0 1 1
 1 0 0 0 0 0 0 0 1 0 0 0 0 0 0 1 0 0 0 0 0 0 1 0 0 0 0 0 0 0 0 0 0 1 1 0 1
 1 1 0 1 1 1 1 1 1 0 0 1 0 1 0 0 1 0 1 0 1 1 1 0 1 1]
 Training accuracy at 14200 out of 20000 is 0.972(0.550),cost is 6.082(1.877)
[1 0 0 0 0 1 1 1 1 1 1 1 1 1 0 0 1 1 1 0 1 1 1 0 1 0 1 0 0 0 0 0 1 0 0 1 1
 0 0 0 0 0 0 0 0 1 1 0 0 0 0 0 0 0 0 0 1 0 0 1 0 0 0 0 0 0 0 0 0 1 1 0 1 1
 1 0 0 1 1 1 1 1 0 0 0 1 0 1 0 0 1 0 1 0 1 1 1 0 1 1]
 Training accuracy at 14300 out of 20000 is 0.971(0.570),cost is 5.565(1.873)
[0 1 0 0 0 1 0 1 1 1 1 1 1 1 0 0 1 1 1 0 1 1 1 0 1 0 1 0 0 0 0 1 1 0 0 1 1
 0 0 0 0 0 0 0 0 1 0 0 0 0 0 0 0 0 0 0 0 0 0 1 0 0 0 0 0 0 0 0 0 1 1 0 0 1
 1 1 0 1 1 1 1 1 0 0 0 1 0 1 0 0 1 0 1 0 1 1 1 0 1 1]
 Training accuracy at 14400 out of 20000 is 0.972(0.590),cost is 6.639(1.684)
[0 1 0 0 0 1 0 1 1 1 1 1 1 1 0 0 1 1 1 0 1 1 1 0 0 0 1 0 0 0 0 0 1 0 0 1 1
 1 0 0 0 0 0 0 0 1 0 0 0 0 0 0 1 0 0 0 0 0 0 1 0 0 0 0 0 0 0 0 0 1 1 0 1 1
 1 0 0 1 1 1 1 1 1 0 0 0 0 1 0 0 1 1 1 0 1 1 1 0 1 1]
 Training accuracy at 14500 out of 20000 is 0.972(0.560),cost is 5.981(1.844)
[0 1 0 0 0 1 0 1 1 1 1 1 1 1 0 0 1 1 0 0 1 1 1 0 0 0 1 0 1 0 0 0 1 0 0 0 0
 0 1 0 0 0 0 0 0 0 1 0 0 0 0 0 1 0 0 0 0 0 0 1 0 0 0 0 0 0 0 0 0 0 1 0 1 1
 1 0 0 1 1 1 1 1 1 0 0 0 0 1 0 0 1 0 1 0 1 0 1 0 1 1]
 Training accuracy at 14600 out of 20000 is 0.976(0.530),cost is 6.291(1.723)
[0 1 0 0 0 1 0 1 1 1 1 1 1 1 0 0 1 1 1 0 1 1 1 0 1 0 1 0 1 0 0 1 1 0 0 0 0
 0 1 0 0 0 0 1 0 1 1 0 0 0 0 0 0 0 0 0 0 0 0 1 0 0 0 0 0 0 0 0 0 1 1 0 1 1
 1 0 0 1 1 0 1 1 1 1 0 1 1 1 0 0 1 0 1 0 1 1 1 0 1 1]
 Training accuracy at 14700 out of 20000 is 0.973(0.570),cost is 6.560(1.687)
[0 1 0 0 0 1 0 1 1 1 1 1 1 1 0 0 1 1 1 0 1 1 1 0 0 0 1 0 1 0 0 1 1 0 0 1 1
 0 1 0 0 0 0 0 0 1 0 0 0 0 0 0 1 0 0 0 0 0 0 1 0 0 1 0 0 0 0 0 0 0 1 0 1 1
 1 0 0 1 1 1 1 1 1 1 1 0 0 1 0 0 1 0 1 0 1 1 1 0 1 1]
 Training accuracy at 14800 out of 20000 is 0.969(0.550),cost is 6.132(1.863)
[0 0 0 0 0 1 0 1 1 1 1 1 1 1 0 0 1 1 1 0 1 1 1 0 1 0 1 0 1 0 0 0 1 0 0 1 1
 1 1 0 0 0 0 0 0 1 1 0 0 0 0 0 1 0 0 0 0 0 0 1 0 0 0 0 0 1 0 0 0 1 1 1 1 1
 1 1 0 1 1 1 1 1 1 0 1 1 0 1 0 0 1 0 1 0 1 1 1 0 1 1]
 Training accuracy at 14900 out of 20000 is 0.973(0.530),cost is 5.836(1.939)
[0 1 0 0 0 1 1 1 1 1 1 1 1 1 0 0 0 1 1 0 1 1 1 0 1 0 1 0 0 0 0 0 1 0 0 0 1
 1 1 0 0 0 0 1 0 1 1 0 0 0 0 0 0 0 0 0 0 0 0 1 0 0 0 0 0 0 0 0 0 1 1 0 1 1
 1 0 0 1 1 1 1 1 1 0 0 1 0 1 0 0 1 1 1 0 1 1 1 1 1 1]
 Training accuracy at 15000 out of 20000 is 0.972(0.560),cost is 5.903(1.856)
[0 1 0 0 0 1 0 1 1 1 1 1 1 1 0 0 1 1 1 0 1 1 1 0 1 0 1 0 0 0 1 0 1 0 0 1 1
 1 1 0 0 0 1 1 0 0 0 0 0 0 0 0 1 0 0 0 0 0 0 1 0 0 1 0 0 0 0 0 0 0 1 0 1 1
 1 0 0 1 1 1 1 1 1 1 0 0 0 1 0 0 1 0 0 0 1 1 1 0 1 1]
 Training accuracy at 15100 out of 20000 is 0.973(0.470),cost is 6.145(1.866)
[0 1 0 0 0 1 0 1 1 1 1 1 1 1 0 0 1 1 0 0 1 1 1 0 0 0 1 0 0 0 0 0 1 0 0 1 1
 1 1 0 0 0 0 1 0 1 1 0 0 0 0 0 1 0 0 0 0 0 0 1 0 0 0 0 0 0 0 0 0 0 1 0 1 1
 1 1 0 1 1 1 1 1 0 0 0 0 0 1 0 0 1 0 1 0 1 0 1 0 1 1]
 Training accuracy at 15200 out of 20000 is 0.971(0.530),cost is 5.842(2.067)
[0 1 0 0 0 1 0 1 1 1 1 1 1 1 0 0 1 1 1 0 1 1 1 0 0 0 1 0 0 0 0 0 1 0 0 1 1
 0 0 0 0 0 0 0 0 1 1 0 0 0 0 0 1 0 0 0 0 0 0 1 0 0 0 0 0 0 0 0 0 0 1 1 0 1
 1 1 0 1 1 1 1 1 1 0 0 1 0 1 0 0 1 0 1 0 1 0 1 0 1 1]
 Training accuracy at 15300 out of 20000 is 0.975(0.550),cost is 5.837(1.936)
[0 1 0 0 0 1 0 1 1 1 1 1 1 1 0 0 1 1 1 0 1 1 1 0 1 0 1 0 0 0 0 0 1 0 0 0 1
 1 0 0 0 0 0 1 0 0 1 0 0 0 0 0 1 0 0 0 0 0 0 1 0 0 1 0 0 0 0 0 0 0 1 1 1 1
 1 1 0 1 1 1 1 1 1 1 0 0 0 1 0 0 1 0 1 0 1 0 1 0 1 1]
 Training accuracy at 15400 out of 20000 is 0.971(0.480),cost is 6.303(1.979)
[0 1 0 0 0 1 1 1 1 1 1 1 1 1 0 0 0 1 1 0 1 1 1 0 1 0 1 0 0 0 0 0 1 0 0 0 1
 1 0 0 0 0 0 1 0 1 0 0 0 0 0 0 1 0 0 0 0 0 0 1 0 0 0 0 0 0 0 0 0 0 1 0 0 1
 1 0 0 1 1 1 1 1 1 0 0 0 0 1 0 0 1 1 1 0 1 0 1 0 1 1]
 Training accuracy at 15500 out of 20000 is 0.975(0.540),cost is 5.978(1.947)
[0 1 0 0 0 1 0 1 1 1 1 0 1 1 0 0 1 1 1 0 1 1 1 0 0 0 1 0 0 0 0 0 1 0 0 1 1
 1 0 0 0 0 0 0 0 1 0 0 0 0 0 0 1 0 0 0 0 0 0 1 0 0 0 0 0 0 0 0 0 0 1 0 1 1
 1 0 0 1 1 1 1 1 1 1 0 0 0 1 0 0 1 0 1 0 1 0 1 0 1 1]
 Training accuracy at 15600 out of 20000 is 0.972(0.550),cost is 6.325(1.996)
[0 1 0 0 0 1 0 1 1 1 1 1 1 1 0 0 1 1 1 0 1 1 1 0 0 0 1 0 0 0 0 0 1 0 0 1 1
 1 1 0 0 0 0 1 0 0 1 0 0 0 0 0 1 0 0 0 0 0 0 1 0 0 1 0 0 0 0 0 0 1 1 1 0 1
 1 1 0 1 1 1 1 1 1 0 1 0 0 1 0 0 1 0 1 0 1 0 1 0 1 1]
 Training accuracy at 15700 out of 20000 is 0.974(0.510),cost is 5.735(1.937)
[0 1 0 0 0 1 0 1 1 1 1 1 1 1 0 0 0 1 1 0 1 1 0 0 0 0 1 0 0 0 1 0 1 0 0 0 1
 1 0 0 0 0 0 0 0 0 0 0 0 0 0 0 0 0 0 0 0 0 0 1 0 0 0 0 0 0 0 0 0 1 1 0 0 1
 1 1 0 1 1 0 1 1 1 0 0 0 0 1 0 0 1 0 1 0 1 0 1 0 1 1]
 Training accuracy at 15800 out of 20000 is 0.974(0.550),cost is 6.291(1.805)
[0 1 0 0 0 1 1 1 1 1 1 0 1 1 0 0 0 1 1 0 1 1 1 0 1 0 1 0 0 0 0 0 1 0 0 1 0
 1 1 0 0 0 0 0 0 1 1 0 0 0 0 0 0 0 0 0 0 0 0 1 0 0 0 0 0 0 0 0 0 1 1 0 0 1
 1 1 0 1 1 1 1 1 1 1 1 1 0 1 0 0 1 0 1 0 1 0 1 0 1 1]
 Training accuracy at 15900 out of 20000 is 0.976(0.610),cost is 5.929(1.679)
[1 1 0 0 0 1 0 1 1 1 1 1 1 1 0 0 0 1 1 0 1 1 1 0 0 0 1 0 0 0 0 0 1 0 0 1 1
 1 0 0 0 0 0 0 0 0 1 0 0 0 0 0 1 0 0 0 0 0 0 1 0 0 1 0 0 0 0 0 0 1 1 0 0 1
 1 0 0 1 1 1 1 1 1 1 1 0 1 1 0 0 1 0 0 0 1 0 1 1 1 1]
 Training accuracy at 16000 out of 20000 is 0.974(0.550),cost is 6.145(1.867)
[0 1 0 0 0 1 1 1 1 1 1 1 1 1 0 0 0 1 0 0 1 1 1 0 0 0 1 0 0 0 0 0 1 0 0 0 1
 1 1 0 0 0 0 0 0 1 1 0 0 0 0 0 1 0 0 0 0 0 0 1 0 0 0 0 0 0 0 0 0 0 1 0 0 1
 1 0 0 1 1 1 1 1 1 1 1 0 1 1 0 0 1 0 1 0 1 0 1 1 1 1]
 Training accuracy at 16100 out of 20000 is 0.977(0.580),cost is 5.741(1.897)
[1 1 0 0 0 1 1 1 1 1 1 1 1 1 0 0 0 1 1 0 1 1 1 0 1 0 1 0 0 0 0 0 1 0 0 1 0
 1 1 0 0 0 0 0 0 0 1 0 0 0 0 0 0 0 0 0 0 0 0 1 0 0 0 0 0 0 0 0 0 0 1 0 1 1
 1 0 0 1 1 1 1 1 1 1 1 1 0 1 0 0 1 0 1 0 1 0 1 0 1 1]
 Training accuracy at 16200 out of 20000 is 0.976(0.550),cost is 5.825(1.827)
[0 1 0 0 0 1 1 1 1 1 1 1 1 1 0 0 0 1 1 0 1 1 1 0 1 0 1 1 0 0 0 0 1 0 0 1 1
 1 1 0 0 0 1 0 0 0 1 0 0 0 0 0 1 0 0 0 0 0 0 1 0 0 0 1 0 0 0 0 0 1 1 0 1 1
 1 0 0 1 1 1 1 1 0 1 0 0 1 1 0 0 1 0 1 0 1 0 1 0 1 1]
 Training accuracy at 16300 out of 20000 is 0.973(0.520),cost is 5.822(1.951)
[0 1 0 0 0 1 1 1 1 1 1 1 1 1 0 0 0 1 1 0 1 1 1 0 0 0 1 1 0 0 0 0 1 0 0 1 0
 1 1 0 0 0 1 0 0 0 1 0 0 0 0 0 1 0 0 0 0 0 0 1 0 0 0 0 0 0 0 0 0 0 1 0 1 1
 1 1 0 1 1 1 1 1 1 1 0 0 1 1 0 0 1 0 1 0 1 0 1 1 1 1]
 Training accuracy at 16400 out of 20000 is 0.974(0.550),cost is 6.049(1.851)
[0 1 0 0 0 1 1 1 1 1 1 1 1 1 0 0 0 1 1 0 1 1 1 0 1 0 1 0 1 0 0 0 1 0 0 1 1
 1 1 0 0 0 1 0 0 0 1 0 0 0 0 0 1 0 0 0 0 0 0 1 0 0 1 0 0 0 0 0 0 1 1 0 1 1
 1 0 0 1 1 1 1 1 1 1 0 0 0 1 0 0 1 0 1 0 1 0 1 0 1 1]
 Training accuracy at 16500 out of 20000 is 0.975(0.520),cost is 5.581(2.071)
[0 1 0 0 0 1 0 1 1 1 1 1 1 1 0 0 0 1 1 0 1 1 1 0 0 0 1 0 1 0 0 0 1 0 0 0 1
 1 1 0 0 0 1 0 0 0 1 0 0 0 0 0 1 0 0 0 0 0 0 1 0 0 0 0 0 0 0 0 0 1 1 1 1 1
 1 0 0 1 1 1 1 1 1 1 0 0 0 1 0 0 1 0 1 0 1 0 1 0 1 1]
 Training accuracy at 16600 out of 20000 is 0.973(0.510),cost is 5.930(2.039)
[0 1 0 0 0 1 0 1 1 1 1 1 1 1 0 0 0 1 1 0 1 1 1 0 1 0 1 1 1 0 1 0 1 0 0 0 1
 1 1 0 0 0 0 0 0 1 1 0 0 0 0 0 1 0 0 1 0 0 0 1 0 0 0 0 0 0 0 0 0 1 1 0 1 1
 1 0 0 1 1 1 1 1 1 1 0 0 0 1 0 0 1 0 1 0 1 0 1 0 1 1]
 Training accuracy at 16700 out of 20000 is 0.973(0.500),cost is 5.819(1.986)
[1 1 0 0 0 1 1 1 1 1 1 1 1 1 0 0 0 1 0 0 1 1 1 0 1 0 1 1 1 0 0 0 1 0 0 0 0
 0 1 0 0 0 0 0 0 1 1 0 0 0 0 0 1 0 0 0 0 0 0 1 0 0 0 0 0 0 0 0 0 1 1 0 0 1
 1 0 1 1 1 1 1 1 1 1 0 1 0 1 0 1 1 0 1 0 1 0 1 0 1 1]
 Training accuracy at 16800 out of 20000 is 0.976(0.570),cost is 5.909(1.832)
[1 1 0 0 0 1 1 1 1 1 1 1 1 1 0 0 0 1 1 0 1 1 1 0 0 0 1 0 0 0 0 0 1 0 0 0 0
 0 1 1 0 0 0 0 0 0 1 0 0 0 0 0 1 0 0 1 0 0 0 1 0 0 0 0 0 0 0 0 0 1 1 0 1 1
 1 1 0 1 1 1 1 1 1 1 1 1 0 1 0 0 1 0 1 0 1 1 1 0 1 1]
 Training accuracy at 16900 out of 20000 is 0.975(0.560),cost is 5.984(1.886)
[0 1 0 0 0 1 0 1 1 1 1 1 1 1 0 0 0 1 1 0 1 1 1 0 0 0 1 1 1 0 0 0 1 0 0 1 1
 1 1 0 0 0 1 0 0 0 1 0 0 0 0 0 0 0 0 0 0 0 0 1 0 0 0 0 0 0 0 0 0 1 1 0 1 1
 1 0 0 1 1 1 1 1 1 1 1 1 0 1 0 0 1 0 1 0 1 0 1 0 1 1]
 Training accuracy at 17000 out of 20000 is 0.974(0.550),cost is 5.350(1.971)
[1 1 0 0 0 1 1 1 1 1 1 1 1 1 0 0 0 1 1 0 1 1 1 0 0 0 1 1 0 0 0 0 1 0 0 0 0
 1 0 0 0 0 0 0 0 0 1 0 0 0 0 0 1 0 0 0 0 0 0 1 0 0 0 1 0 0 0 0 0 1 1 0 1 1
 1 1 0 1 1 1 1 1 1 0 0 1 0 1 0 0 1 0 1 0 1 0 1 0 1 1]
 Training accuracy at 17100 out of 20000 is 0.974(0.530),cost is 5.788(1.938)
[1 1 0 0 0 1 0 1 1 1 1 1 1 1 0 0 0 1 1 0 1 1 1 0 0 0 1 1 0 0 0 0 1 0 0 0 0
 1 1 0 0 0 1 0 0 1 1 0 0 0 0 0 1 0 0 0 0 0 0 1 0 0 0 0 0 0 0 0 0 1 1 1 1 1
 1 1 0 1 1 1 1 1 1 1 0 0 0 1 0 0 1 0 1 0 1 0 1 0 1 1]
 Training accuracy at 17200 out of 20000 is 0.975(0.510),cost is 5.697(2.027)
[1 1 0 0 0 1 1 1 1 1 1 1 1 1 0 0 0 1 0 0 1 1 1 0 0 0 1 0 1 0 1 0 1 0 0 0 0
 1 1 0 0 0 0 0 0 1 1 0 1 0 0 0 0 0 0 0 0 0 0 1 0 0 0 0 0 0 0 0 0 0 1 0 1 1
 1 0 0 1 1 0 1 1 1 1 1 1 0 1 0 0 1 0 1 0 1 0 1 0 1 1]
 Training accuracy at 17300 out of 20000 is 0.975(0.570),cost is 5.353(2.027)
[1 1 0 0 0 1 0 1 1 1 1 1 1 1 0 0 0 1 1 0 1 1 1 0 0 0 1 0 1 0 1 0 1 0 0 0 1
 1 1 0 0 0 1 0 0 1 1 0 0 0 0 0 1 0 0 0 0 0 0 1 0 0 0 0 0 0 0 0 0 1 1 1 1 1
 1 0 0 1 1 1 1 1 1 1 0 1 1 1 0 0 1 0 1 0 1 0 1 0 1 1]
 Training accuracy at 17400 out of 20000 is 0.978(0.520),cost is 5.266(2.140)
[1 1 0 0 0 1 0 1 1 1 1 1 1 1 0 0 0 1 1 0 1 1 1 0 1 0 1 1 1 0 0 0 1 0 0 0 0
 1 1 0 0 0 0 0 0 0 0 0 0 0 0 0 0 0 0 0 0 0 0 1 0 0 0 0 0 0 0 0 0 0 1 0 1 1
 1 0 0 1 1 1 1 1 1 1 0 0 1 1 0 0 1 0 0 0 1 0 1 0 1 1]
 Training accuracy at 17500 out of 20000 is 0.977(0.520),cost is 5.633(2.075)
[0 1 0 0 0 1 0 1 1 1 1 1 1 1 0 0 0 1 1 0 1 1 1 0 0 0 1 1 0 0 1 0 1 0 0 0 0
 1 1 0 0 0 0 0 0 0 1 0 0 0 0 0 0 0 0 0 0 0 0 1 0 0 0 0 0 0 0 0 0 1 1 1 1 1
 1 0 0 1 1 1 1 1 1 1 0 0 0 1 0 0 1 0 1 0 1 0 1 0 1 1]
 Training accuracy at 17600 out of 20000 is 0.976(0.510),cost is 5.719(2.073)
[1 1 0 0 0 1 0 1 1 1 1 0 1 1 0 0 0 1 1 0 1 1 1 0 0 0 1 1 0 0 1 0 1 0 0 1 0
 1 1 0 0 0 1 1 0 0 1 0 0 0 0 0 0 0 0 0 0 0 0 1 0 0 0 0 0 1 0 0 0 0 1 0 1 1
 1 0 0 1 1 1 1 1 1 1 0 1 0 1 0 1 1 0 1 0 1 0 1 0 1 1]
 Training accuracy at 17700 out of 20000 is 0.976(0.510),cost is 5.221(2.100)
[1 1 0 0 0 1 1 1 1 1 1 0 1 1 0 0 0 1 0 0 1 1 1 0 0 0 1 1 0 0 1 0 1 0 0 1 0
 1 1 0 0 0 1 0 0 0 1 0 1 0 0 0 0 0 0 0 0 0 0 1 0 0 0 0 0 0 0 0 0 1 1 1 1 1
 1 1 0 1 1 1 1 1 1 0 0 1 0 1 0 1 1 0 1 0 1 0 1 0 1 1]
 Training accuracy at 17800 out of 20000 is 0.977(0.540),cost is 5.635(2.039)
[0 1 0 0 0 1 1 1 1 1 1 1 1 1 0 0 1 1 1 0 1 1 1 0 0 0 1 1 1 0 1 0 1 0 0 0 1
 1 1 0 0 0 1 0 0 0 0 0 0 0 0 0 0 0 0 0 0 0 0 1 0 0 0 0 0 1 0 0 0 1 1 1 1 1
 1 1 0 1 1 1 1 1 1 1 0 0 0 1 0 0 1 0 1 0 1 1 1 0 1 1]
 Training accuracy at 17900 out of 20000 is 0.974(0.520),cost is 6.212(1.903)
[0 1 0 0 0 0 1 1 1 1 1 1 1 1 0 0 0 1 1 0 1 1 1 0 1 0 1 1 1 0 0 0 1 0 0 0 0
 1 1 0 0 0 1 0 0 1 1 0 0 0 0 0 0 0 0 0 0 0 0 1 0 0 0 1 0 0 0 0 0 1 1 0 1 1
 1 1 0 1 1 1 1 1 1 1 0 1 1 1 0 0 1 0 0 0 1 0 1 1 1 1]
 Training accuracy at 18000 out of 20000 is 0.975(0.550),cost is 5.669(1.949)
[0 1 0 0 0 0 1 1 1 1 1 1 1 1 0 0 0 1 0 0 1 1 1 0 0 0 1 0 0 0 0 0 1 0 0 0 1
 0 1 0 0 0 1 0 0 0 1 0 0 0 0 0 0 0 0 0 0 0 0 1 0 0 0 0 0 0 0 0 0 1 1 0 1 1
 1 1 0 1 1 1 1 1 1 0 0 1 0 1 0 0 1 0 1 0 1 0 1 1 1 1]
 Training accuracy at 18100 out of 20000 is 0.973(0.560),cost is 5.746(2.010)
[0 1 0 0 0 1 1 1 1 1 1 1 1 1 0 0 0 1 1 0 1 1 1 0 0 0 1 1 1 0 0 0 1 0 0 1 1
 0 1 0 0 0 1 1 0 0 1 0 0 0 0 0 1 0 0 0 0 0 0 1 0 0 0 0 0 0 0 0 0 0 1 1 1 1
 1 1 0 1 1 1 1 1 1 1 1 0 0 1 0 0 1 0 1 0 1 0 1 0 1 1]
 Training accuracy at 18200 out of 20000 is 0.976(0.530),cost is 5.728(2.070)
[0 1 0 0 0 1 1 1 1 1 1 1 1 1 0 0 0 1 1 0 1 1 1 0 0 0 1 1 0 0 0 0 1 0 0 1 1
 0 1 0 0 0 0 0 0 0 0 0 0 0 0 0 0 0 0 0 0 0 0 1 0 0 0 0 0 0 0 0 0 1 1 0 0 1
 1 1 0 1 1 1 1 1 1 1 0 1 0 1 0 0 1 0 1 0 1 0 1 0 1 1]
 Training accuracy at 18300 out of 20000 is 0.973(0.590),cost is 5.886(2.004)
[0 1 0 0 0 0 1 1 1 1 1 1 1 1 0 0 0 1 1 0 1 1 1 0 0 0 1 1 0 0 1 0 1 0 0 1 1
 0 1 0 0 0 0 0 0 0 0 0 0 0 0 0 0 0 0 0 0 0 0 1 0 0 0 0 0 0 0 0 0 0 1 0 1 1
 1 1 0 1 1 1 1 1 1 1 0 1 0 1 0 0 1 0 0 0 1 0 1 0 1 1]
 Training accuracy at 18400 out of 20000 is 0.973(0.540),cost is 5.389(2.253)
[0 1 0 0 0 1 1 1 1 1 1 1 1 1 0 0 0 1 1 0 1 1 1 0 0 0 1 0 0 0 0 0 1 0 0 1 1
 1 1 0 0 0 0 0 0 1 1 0 0 0 0 0 1 0 0 0 0 0 0 1 0 0 1 0 0 0 0 0 0 0 1 0 1 1
 1 1 0 1 1 1 1 1 1 1 0 0 0 1 0 0 1 0 1 0 1 0 1 1 1 1]
 Training accuracy at 18500 out of 20000 is 0.977(0.550),cost is 5.335(2.178)
[0 1 0 0 0 1 0 1 1 1 1 1 1 1 0 0 0 1 1 0 1 1 1 0 0 0 1 0 0 0 1 0 1 0 0 0 1
 0 1 0 0 0 0 0 0 0 1 0 0 0 0 0 0 0 0 0 0 0 0 1 0 0 0 0 0 0 0 0 0 0 1 0 1 1
 1 0 0 1 0 1 1 1 1 1 0 1 0 1 0 0 1 0 1 0 1 0 1 0 1 1]
 Training accuracy at 18600 out of 20000 is 0.970(0.540),cost is 5.224(2.117)
[0 1 0 0 0 1 1 1 1 1 1 1 1 1 0 0 0 1 1 0 1 1 1 0 0 0 1 1 0 0 0 0 1 0 0 0 1
 0 1 0 0 0 0 1 0 1 1 0 0 0 0 0 0 0 0 0 0 0 0 1 0 0 1 0 0 0 0 0 0 0 1 0 1 1
 1 0 0 1 1 1 1 1 1 1 1 1 0 1 0 0 1 0 1 0 1 0 1 1 1 1]
 Training accuracy at 18700 out of 20000 is 0.979(0.550),cost is 5.309(1.946)
[0 1 0 0 0 1 1 1 1 0 1 1 1 1 0 0 0 1 0 0 1 1 1 0 0 0 1 0 1 0 0 0 1 0 0 1 1
 0 0 0 0 0 0 0 0 1 1 0 0 0 0 0 0 0 0 0 0 0 0 1 0 0 0 0 0 0 0 0 0 0 1 0 1 1
 1 0 0 1 1 1 1 1 1 0 1 0 0 1 0 0 1 0 1 0 1 0 1 0 1 1]
 Training accuracy at 18800 out of 20000 is 0.976(0.580),cost is 5.373(1.962)
[0 1 0 0 0 0 0 1 1 1 1 1 1 1 0 0 0 1 0 0 1 1 1 0 1 0 1 1 0 0 0 0 1 0 0 0 1
 0 0 0 0 0 0 0 0 0 1 0 0 0 0 0 1 0 0 0 0 0 0 1 0 0 0 0 0 0 0 0 0 0 1 0 1 1
 1 0 0 1 1 1 1 1 1 1 0 0 0 1 0 0 1 0 1 0 1 0 1 1 1 1]
 Training accuracy at 18900 out of 20000 is 0.979(0.520),cost is 5.643(1.994)
[0 1 0 0 0 0 1 1 1 1 1 1 1 1 0 0 0 1 1 0 1 1 1 0 0 0 1 1 0 0 0 0 1 0 0 0 1
 0 1 0 0 0 0 0 0 0 1 0 0 0 0 0 0 0 0 0 0 0 0 1 0 0 0 0 0 0 0 0 0 1 1 0 1 1
 1 0 0 1 1 1 1 1 1 1 0 0 0 1 0 0 1 0 1 0 1 0 1 1 1 1]
 Training accuracy at 19000 out of 20000 is 0.981(0.540),cost is 5.256(2.065)
[0 1 0 0 0 1 1 1 1 1 1 1 1 1 0 0 1 1 1 0 1 1 1 0 1 0 1 0 1 0 0 0 1 0 0 1 1
 1 1 0 0 0 0 1 0 1 1 0 0 0 0 0 1 0 0 0 0 0 0 1 0 0 1 0 0 0 0 0 0 0 1 0 1 1
 1 0 0 1 1 1 1 1 1 1 1 0 0 1 0 0 1 0 1 0 1 0 1 1 1 1]
 Training accuracy at 19100 out of 20000 is 0.979(0.530),cost is 5.183(2.160)
[1 1 0 0 0 1 1 1 1 1 1 1 1 1 0 0 0 1 1 0 1 1 1 0 0 0 1 0 1 0 0 0 1 0 0 1 1
 0 1 0 0 0 0 1 0 0 1 0 0 0 0 0 0 0 0 0 0 0 0 1 0 0 0 0 0 0 0 0 0 0 1 0 1 1
 1 0 0 1 0 1 1 1 1 0 1 0 1 1 0 0 1 0 1 0 1 0 1 0 1 1]
 Training accuracy at 19200 out of 20000 is 0.975(0.560),cost is 5.392(2.042)
[1 1 0 0 0 1 1 1 1 1 1 1 1 1 0 0 0 1 1 0 1 1 1 0 1 0 1 0 1 0 0 0 1 0 0 0 1
 0 0 0 0 0 0 1 0 0 1 0 0 0 0 0 0 0 0 0 0 0 0 1 0 0 0 0 0 0 0 0 0 1 1 0 1 1
 1 1 0 1 1 1 1 1 1 1 0 0 0 1 0 0 1 0 1 0 1 0 1 1 1 1]
 Training accuracy at 19300 out of 20000 is 0.978(0.560),cost is 5.000(2.030)
[0 1 0 0 0 1 1 1 1 1 1 1 1 1 1 0 0 1 1 0 1 1 1 0 1 0 1 1 1 0 0 0 1 0 0 1 1
 0 1 0 0 0 0 0 0 0 1 0 0 0 0 0 0 0 0 0 0 0 0 1 0 0 0 0 0 0 0 0 0 1 1 0 1 1
 1 0 0 1 1 1 1 1 1 1 0 1 1 1 0 0 1 0 1 0 1 0 1 1 1 1]
 Training accuracy at 19400 out of 20000 is 0.976(0.590),cost is 5.389(2.102)
[0 1 0 0 0 1 0 1 1 1 1 1 1 1 0 0 0 1 1 0 1 1 1 0 0 0 1 1 0 0 0 0 1 0 0 1 0
 0 1 0 0 0 0 1 0 0 1 0 0 0 0 0 0 0 0 0 0 0 0 1 0 0 1 0 0 0 0 0 0 0 1 0 1 1
 1 0 0 1 1 1 1 1 1 1 1 0 1 1 0 0 1 0 1 0 1 0 1 1 1 1]
 Training accuracy at 19500 out of 20000 is 0.977(0.550),cost is 5.589(2.141)
[0 1 0 0 0 1 1 1 1 1 1 1 1 1 0 0 0 1 1 0 1 1 1 0 0 0 1 0 0 0 0 0 1 0 0 0 1
 0 1 0 0 0 1 0 0 0 1 0 0 0 0 0 1 0 0 0 0 0 0 1 0 0 0 0 0 0 0 0 0 0 1 0 1 1
 1 0 0 1 1 1 1 1 1 1 1 0 1 1 0 0 1 0 1 0 1 0 1 1 1 1]
 Training accuracy at 19600 out of 20000 is 0.978(0.550),cost is 5.498(2.125)
[1 1 0 0 0 1 1 1 1 1 1 1 1 1 0 0 0 1 1 0 1 1 1 0 0 0 1 0 1 0 0 0 1 0 0 0 1
 0 1 0 0 0 0 1 0 1 1 0 0 0 0 0 1 0 0 0 0 0 0 1 0 0 0 0 0 0 0 0 0 0 1 0 1 1
 1 0 1 1 1 1 1 1 1 1 1 0 1 1 0 0 1 0 1 0 1 0 1 1 1 1]
 Training accuracy at 19700 out of 20000 is 0.977(0.550),cost is 4.945(2.091)
[1 1 0 0 0 1 1 1 1 1 1 0 1 1 0 0 0 1 1 0 1 1 1 0 1 0 1 0 0 0 0 0 1 0 0 0 0
 0 1 0 0 0 0 1 0 1 1 0 0 0 0 0 1 0 0 0 0 0 0 1 0 0 1 0 0 0 0 0 0 0 1 0 1 0
 1 1 0 1 1 1 1 1 1 1 1 0 0 1 0 0 1 0 1 0 1 0 1 1 1 1]
 Training accuracy at 19800 out of 20000 is 0.973(0.540),cost is 5.483(2.202)
[1 1 0 0 0 1 0 1 1 1 1 1 1 1 0 0 0 1 1 0 1 1 1 0 0 0 1 0 0 0 1 0 1 0 0 0 1
 0 1 0 0 0 1 1 0 1 1 0 0 0 0 0 1 0 0 0 0 0 0 1 0 0 0 0 0 0 0 0 0 0 1 0 1 1
 1 1 0 1 1 1 1 1 1 1 1 0 0 1 0 0 1 0 0 0 1 0 1 1 1 1]
 Training accuracy at 19900 out of 20000 is 0.974(0.510),cost is 5.447(2.250)
pred real
1    1
2    2
1    2
1    2
1    1
2    2
2    2
2    1
2    2
2    2
2    1
2    1
2    1
2    2
1    2
1    1
1    1
2    2
2    1
1    1
2    2
2    2
2    2
1    2
1    1
1    1
2    1
1    1
1    2
1    1
1    1
1    1
2    1
1    1
1    2
2    2
2    1
1    1
2    1
1    1
1    1
1    2
1    1
2    1
1    2
2    2
2    1
1    2
1    1
1    1
1    2
1    1
2    1
1    1
1    1
1    1
1    2
1    2
1    2
2    2
1    1
1    1
1    1
2    1
1    1
1    1
1    2
1    2
1    2
2    2
2    1
1    1
2    1
2    2
2    2
1    2
1    1
2    2
2    1
1    1
2    1
2    2
2    1
1    2
2    2
1    2
2    2
2    2
1    1
1    2
2    1
1    2
2    2
1    2
2    2
1    2
2    2
1    2
2    1
2    2
time:0 The accuracy on the test data is 0.560, before training was 0.540
0.56
