[[ 0.         -0.24521405 -0.2179281  ...,  0.29157303 -0.19996004
  -0.13602668]
 [ 0.         -0.2179281  -0.03434207 ..., -0.19996004 -0.13602668
  -0.37930576]
 [ 1.         -0.03434207  0.11177545 ..., -0.13602668 -0.37930576
  -0.12538367]
 ..., 
 [ 1.          0.04219069  0.13656874 ...,  0.04356959  0.05425161
  -0.01081237]
 [ 0.          0.13656874 -0.15550192 ...,  0.05425161 -0.01081237
   0.07556234]
 [ 1.         -0.15550192 -0.08420418 ..., -0.01081237  0.07556234
  -0.07499565]]
[[ 0.         -0.08420418 -0.02117914 ...,  0.07556234 -0.07499565
   0.05401728]
 [ 1.         -0.02117914 -0.15963767 ..., -0.07499565  0.05401728
  -0.01076592]
 [ 1.         -0.15963767 -0.05397261 ...,  0.05401728 -0.01076592
   0.01077752]
 ..., 
 [ 1.          0.02269691  0.32917263 ...,  0.12670605  0.68821357
   0.08782141]
 [ 0.          0.32917263  0.10993391 ...,  0.68821357  0.08782141
   0.54154357]
 [ 1.          0.10993391 -0.0108946  ...,  0.08782141  0.54154357
  -0.08249698]]
Train 694 samples in approximately 4322 epochs
Finished computation graph
[0 0 0 0 0 0 0 0 0 0 0 0 0 0 0 0 0 0 0 0 0 0 0 0 0 0 0 0 0 0 0 0 0 0 0 0 0
 0 0 0 0 0 0 0 0 0 0 0 0 0 0 0 0 0 0 0 0 0 0 0 0 0 0 0 0 0 0 0 0 0 0 0 0 0
 0 0 0 0 0 0 0 0 0 0 0 0 0 0 0 0 0 0 0 0 0 0 0 0 0 0]
At     1/30000: COST 0.717/0.726(0.695) -- Acc 0.550/0.510(0.010)
[1 1 1 1 1 1 1 1 1 1 1 1 1 1 1 1 1 1 1 1 1 1 1 1 1 1 1 1 1 1 1 1 1 1 1 1 1
 1 1 1 1 1 1 1 1 1 1 1 1 1 1 1 1 1 1 1 1 1 1 1 1 1 1 1 1 1 1 1 1 1 1 1 1 1
 1 1 1 1 1 1 1 1 1 1 1 1 1 1 1 1 1 1 1 1 1 1 1 1 1 1]
At   101/30000: COST 0.695/0.700(0.694) -- Acc 0.510/0.490(0.338)
[0 0 0 0 0 0 0 0 0 0 0 0 0 0 0 0 0 0 0 0 0 0 0 0 0 0 0 0 0 0 0 0 0 0 0 0 0
 0 0 0 0 0 0 0 0 0 0 0 0 0 0 0 0 0 0 0 0 0 0 0 0 0 0 0 0 0 0 0 0 0 0 0 0 0
 0 0 0 0 0 0 0 0 0 0 0 0 0 0 0 0 0 0 0 0 0 0 0 0 0 0]
At   201/30000: COST 0.696/0.692(0.693) -- Acc 0.470/0.510(0.452)
[1 1 1 1 1 1 1 1 1 1 1 1 1 1 1 1 1 0 1 1 1 1 1 1 1 1 1 1 1 1 1 1 1 1 1 1 1
 1 1 1 1 1 1 1 1 1 1 0 1 1 1 1 1 1 1 1 1 1 1 1 1 1 1 1 1 1 1 1 1 1 1 1 1 1
 1 1 1 1 1 1 1 1 1 1 1 1 1 1 1 1 1 1 1 1 1 1 1 1 1 1]
At   301/30000: COST 0.690/0.692(0.691) -- Acc 0.530/0.510(0.505)
[1 1 1 1 0 1 0 0 1 1 1 1 0 1 1 1 1 1 1 1 1 1 1 1 0 1 1 1 1 1 1 1 1 1 1 1 1
 1 1 1 1 1 1 1 1 1 1 1 1 1 1 1 1 0 1 1 1 1 0 1 0 1 1 0 1 1 1 1 1 1 1 1 1 0
 0 1 1 1 1 1 1 1 1 1 1 1 1 1 1 1 1 0 1 1 1 1 1 1 1 1]
At   401/30000: COST 0.657/0.688(0.686) -- Acc 0.670/0.530(0.538)
[1 1 1 1 1 1 1 1 1 1 1 1 1 1 1 1 1 1 1 1 1 1 1 1 1 1 1 1 1 1 1 1 1 1 1 1 1
 1 1 1 1 1 1 1 1 1 1 1 1 1 1 1 1 1 1 1 1 1 1 1 1 1 1 1 1 1 1 1 1 1 1 1 1 1
 1 1 1 1 1 1 1 1 1 1 1 1 1 1 1 1 1 1 1 1 1 1 1 1 1 1]
At   501/30000: COST 0.685/0.702(0.680) -- Acc 0.560/0.490(0.561)
[1 1 1 1 0 0 0 1 0 0 1 1 1 1 0 1 1 0 0 1 0 0 0 0 0 0 1 0 1 0 0 1 1 1 1 1 0
 1 1 0 0 1 0 0 1 0 1 0 0 1 0 0 0 0 1 1 1 1 1 1 1 1 1 1 1 1 1 0 1 1 0 1 1 1
 0 1 0 0 0 0 0 1 1 1 0 0 0 1 1 1 1 0 0 1 1 0 1 0 1 1]
At   601/30000: COST 0.640/0.685(0.671) -- Acc 0.610/0.570(0.584)
[1 1 1 1 1 1 1 1 1 1 1 1 1 1 0 1 1 1 1 1 1 1 1 1 1 1 1 1 1 1 1 1 1 1 1 1 1
 1 1 1 1 1 1 1 1 1 1 1 1 1 1 1 1 1 1 1 1 1 1 1 1 1 1 1 1 1 1 1 1 1 1 1 1 1
 1 1 1 1 1 1 1 1 1 1 1 1 1 1 1 1 1 1 1 1 1 1 0 1 1 1]
At   701/30000: COST 0.654/0.715(0.661) -- Acc 0.630/0.490(0.597)
[0 1 0 1 0 0 1 1 0 1 1 1 1 1 1 1 0 1 1 1 1 1 0 0 1 1 1 1 1 1 1 1 1 1 1 0 1
 1 1 1 1 0 1 0 1 1 1 1 1 1 1 1 1 1 1 1 1 1 0 1 1 1 1 1 1 1 1 1 1 0 0 1 1 1
 1 1 0 1 0 1 1 1 1 1 1 1 0 1 1 0 1 1 1 1 1 1 1 1 1 1]
At   801/30000: COST 0.623/0.708(0.646) -- Acc 0.630/0.530(0.617)
[1 1 1 1 1 1 1 1 1 1 1 1 1 1 1 1 1 1 1 1 1 1 1 1 1 1 0 1 1 1 1 1 0 1 0 1 1
 1 1 1 1 1 1 1 1 1 1 1 1 1 1 1 1 1 1 0 0 1 1 1 1 1 0 1 1 1 1 1 1 1 1 1 1 1
 1 0 0 1 0 1 1 1 1 1 1 1 1 0 1 1 1 1 1 1 1 1 1 1 1 1]
At   901/30000: COST 0.550/0.741(0.616) -- Acc 0.690/0.430(0.648)
[1 0 1 1 0 0 1 0 0 1 1 0 1 0 1 0 1 1 1 1 1 0 1 0 0 0 0 1 0 1 1 0 0 1 1 1 1
 0 0 0 0 1 0 0 0 0 0 1 0 1 1 1 0 0 1 1 1 1 1 1 1 0 0 0 1 1 1 1 0 0 1 0 1 0
 0 1 0 1 0 1 1 0 1 1 0 0 0 1 1 0 1 0 1 0 1 1 1 0 1 0]
At  1001/30000: COST 0.637/0.706(0.584) -- Acc 0.650/0.520(0.673)
[1 1 0 1 1 1 1 1 1 1 1 1 1 1 1 1 1 1 1 1 1 0 1 1 1 1 1 1 0 1 1 1 1 1 1 0 0
 1 1 1 0 1 1 1 1 1 1 1 1 1 0 1 1 0 1 1 1 1 1 1 0 0 1 1 1 1 1 0 0 1 1 1 0 1
 0 1 1 1 0 1 1 1 1 1 0 1 1 1 1 1 1 1 1 1 1 1 1 1 1 0]
At  1101/30000: COST 0.501/0.831(0.536) -- Acc 0.730/0.460(0.717)
[1 1 1 1 1 0 1 0 1 1 1 1 1 1 0 1 1 0 1 0 0 0 1 1 1 0 1 1 1 0 1 1 0 1 1 1 1
 1 1 0 1 1 1 1 1 1 1 1 1 0 1 1 1 1 1 1 1 1 1 1 0 1 1 1 1 1 1 1 0 1 1 1 0 1
 1 1 1 0 1 1 1 1 0 1 1 1 1 1 1 1 1 1 1 1 1 1 1 1 1 0]
At  1201/30000: COST 0.361/0.918(0.445) -- Acc 0.850/0.490(0.775)
[0 0 1 1 0 1 1 1 1 1 1 1 0 1 0 0 1 0 1 0 1 0 1 1 1 1 0 0 1 1 1 1 1 1 1 1 0
 0 1 1 1 0 1 1 0 1 1 0 1 1 1 1 1 1 1 1 1 1 1 0 0 1 0 1 1 1 1 0 1 1 0 0 1 1
 1 1 1 1 1 0 0 1 1 1 1 1 1 0 1 1 1 1 1 1 0 1 0 1 1 0]
At  1301/30000: COST 0.309/0.989(0.393) -- Acc 0.860/0.490(0.809)
[0 1 1 1 1 0 0 0 1 1 1 0 1 0 0 1 0 1 0 0 1 1 1 1 1 1 1 1 1 0 1 1 1 1 0 1 1
 0 0 0 1 0 0 0 1 0 0 0 1 1 1 1 1 1 0 1 1 1 1 1 0 1 1 1 1 1 1 1 1 1 0 1 1 0
 1 1 0 1 1 1 0 0 1 0 1 1 1 1 1 1 1 1 1 1 1 1 0 0 1 0]
At  1401/30000: COST 0.258/1.201(0.318) -- Acc 0.890/0.450(0.851)
[1 0 1 1 0 0 1 1 0 1 0 1 1 1 1 0 0 1 1 0 0 1 0 1 0 1 0 1 1 1 1 0 1 1 1 1 1
 1 0 1 1 1 1 1 1 1 0 1 1 0 1 1 1 1 0 1 1 1 1 1 1 1 1 1 1 1 0 1 1 1 1 1 0 0
 1 0 1 1 1 1 0 1 0 0 1 1 0 1 1 1 1 1 1 1 1 1 1 1 1 0]
At  1501/30000: COST 0.153/1.046(0.247) -- Acc 0.940/0.530(0.892)
[1 0 1 1 0 1 0 0 1 0 1 0 0 1 1 0 1 1 0 1 1 0 1 1 1 0 1 1 1 1 1 1 1 0 1 1 0
 0 0 1 1 0 1 1 1 0 1 0 0 0 1 1 0 1 1 1 1 1 1 0 0 1 0 0 0 1 1 0 1 1 1 0 1 0
 1 1 1 0 1 1 1 1 1 1 1 1 1 0 1 0 1 1 0 0 1 1 0 0 1 1]
At  1601/30000: COST 0.103/1.282(0.190) -- Acc 0.970/0.550(0.918)
[1 1 1 0 1 1 1 0 0 1 1 1 1 1 1 0 1 0 0 1 0 1 0 1 0 1 0 0 0 1 0 0 0 1 0 1 1
 1 0 1 0 1 0 1 0 0 1 1 1 0 1 0 0 0 0 1 1 0 0 1 0 0 0 1 0 0 1 0 1 0 1 1 1 0
 1 0 1 1 1 0 1 1 0 0 0 0 1 1 0 0 1 1 1 0 0 1 1 1 1 0]
At  1701/30000: COST 0.069/1.128(0.153) -- Acc 0.990/0.560(0.939)
[1 1 0 1 1 1 0 1 1 1 0 0 1 0 0 1 0 0 1 1 1 0 1 1 1 0 1 1 1 0 1 0 0 1 1 1 0
 0 0 0 1 1 0 0 1 1 1 1 1 0 1 0 0 1 1 1 1 1 1 1 0 1 1 0 0 0 1 1 1 1 1 0 1 0
 0 1 1 0 0 0 0 0 0 1 1 1 0 1 0 0 0 0 1 1 0 0 0 1 0 1]
At  1801/30000: COST 0.091/1.397(0.122) -- Acc 0.980/0.590(0.954)
[0 1 0 1 1 0 0 0 1 1 1 1 1 1 1 1 1 0 1 0 1 0 1 1 0 1 0 1 1 1 0 1 1 1 0 1 1
 1 1 0 1 0 0 1 1 1 0 1 1 1 0 0 0 0 0 0 1 0 1 1 0 0 0 1 0 0 0 0 0 1 0 0 1 0
 1 1 0 1 0 0 0 1 0 0 1 1 0 0 1 1 1 1 1 1 1 0 0 1 0 1]
At  1901/30000: COST 0.109/1.361(0.105) -- Acc 0.970/0.560(0.962)
[1 0 1 1 0 0 0 1 1 0 0 1 1 0 0 1 1 0 1 0 0 1 1 0 1 0 0 1 0 1 0 0 0 0 0 1 1
 0 0 1 1 1 1 0 1 1 0 1 0 1 0 0 0 1 1 0 1 1 1 1 0 1 1 1 1 1 0 1 1 1 0 1 0 0
 0 1 0 1 1 1 1 0 0 0 1 1 1 0 1 1 0 1 1 0 0 0 1 1 0 0]
At  2001/30000: COST 0.028/1.816(0.073) -- Acc 0.990/0.570(0.974)
[1 1 1 1 1 1 0 1 0 0 1 1 1 1 1 1 0 1 0 1 1 1 0 0 1 0 0 1 1 0 1 1 1 1 0 0 1
 1 0 1 0 1 1 0 0 1 1 0 1 1 0 0 1 1 1 0 0 0 1 1 0 0 1 1 0 1 0 1 1 0 0 0 0 1
 0 1 1 0 1 1 1 1 1 1 1 1 0 0 1 1 1 0 1 1 0 1 0 1 1 0]
At  2101/30000: COST 0.045/1.841(0.059) -- Acc 0.980/0.530(0.981)
[0 0 1 1 1 1 1 0 1 1 1 1 0 1 1 1 1 0 1 0 1 0 0 0 0 1 1 0 0 0 1 0 0 0 1 0 0
 0 1 1 1 1 1 1 1 1 1 0 1 1 1 1 1 1 1 1 0 1 0 0 1 1 0 1 1 0 1 1 1 0 1 1 1 0
 1 1 1 0 0 1 0 1 1 1 1 1 1 1 1 1 1 1 0 1 1 1 1 1 0 1]
At  2201/30000: COST 0.033/1.558(0.074) -- Acc 0.990/0.530(0.975)
[0 0 1 0 1 1 0 1 1 1 0 0 0 1 1 1 0 1 1 1 1 0 1 1 1 0 1 1 1 1 0 1 0 1 0 0 1
 1 1 1 0 0 0 1 1 0 0 1 1 0 1 1 0 1 1 0 1 1 1 1 1 0 1 1 0 0 1 1 1 1 1 1 1 1
 0 1 1 0 0 1 0 1 1 1 1 1 1 1 0 1 1 1 1 1 1 0 0 0 1 0]
At  2301/30000: COST 0.096/2.014(0.055) -- Acc 0.990/0.570(0.983)
[0 0 0 1 1 0 0 0 0 0 0 1 1 1 1 1 1 1 0 0 1 1 1 1 1 1 0 1 1 0 1 1 0 0 1 0 1
 0 0 0 1 1 0 1 1 1 1 1 1 1 1 0 1 1 1 1 0 0 0 0 1 1 0 1 0 0 1 0 1 1 0 1 1 0
 0 1 1 0 1 1 1 0 1 0 1 0 1 1 0 1 1 0 0 1 0 0 0 1 0 1]
At  2401/30000: COST 0.019/1.978(0.042) -- Acc 0.990/0.540(0.986)
[0 1 1 1 1 1 0 1 1 1 0 1 1 0 0 0 0 1 1 1 1 1 1 1 1 0 0 1 0 0 1 1 0 0 1 0 1
 0 0 1 0 1 1 1 1 1 1 1 0 1 1 1 1 0 0 1 1 1 0 1 1 1 1 1 1 0 0 1 1 0 1 1 1 1
 0 1 0 0 0 0 1 1 1 1 1 1 0 1 1 0 0 1 1 0 1 1 0 1 1 0]
At  2501/30000: COST 0.163/1.783(0.100) -- Acc 0.960/0.480(0.967)
[0 1 1 0 0 1 1 1 0 1 0 1 0 1 0 0 0 1 1 1 1 0 1 1 1 1 1 1 0 0 1 1 1 1 0 1 0
 0 1 1 0 0 0 1 1 0 1 0 1 0 0 1 1 1 0 1 0 0 0 0 1 0 0 1 0 1 1 0 1 1 1 1 1 1
 0 0 0 1 0 1 1 0 0 0 1 0 1 0 1 1 1 0 0 0 1 1 1 1 1 0]
At  2601/30000: COST 0.024/2.394(0.062) -- Acc 0.990/0.510(0.981)
[1 0 1 0 0 1 1 0 1 0 1 0 0 1 0 0 1 1 0 0 0 1 1 1 1 0 1 0 1 1 1 1 1 0 0 1 1
 1 1 0 1 1 1 1 1 1 1 1 1 1 1 1 0 1 1 0 1 0 1 0 0 0 1 1 1 1 1 0 1 0 1 0 0 1
 1 1 0 1 1 0 1 1 0 1 0 1 0 1 1 1 0 1 0 1 1 1 1 0 0 0]
At  2701/30000: COST 0.037/1.847(0.055) -- Acc 0.980/0.560(0.983)
[0 0 1 0 1 0 1 1 1 0 1 1 1 1 0 0 1 1 0 0 1 1 1 1 1 0 1 0 1 0 0 1 0 0 0 1 0
 1 0 1 1 0 1 0 0 0 1 1 1 1 0 1 0 1 0 1 1 1 1 1 0 1 1 0 1 0 1 0 0 1 1 1 1 1
 0 1 0 1 0 0 1 1 1 0 1 1 1 1 1 1 0 1 1 1 0 0 0 1 1 1]
At  2801/30000: COST 0.004/2.247(0.033) -- Acc 1.000/0.580(0.990)
[1 1 0 1 1 1 0 0 1 1 0 1 1 0 1 0 1 0 0 1 1 1 0 1 1 0 1 0 1 1 0 0 1 0 0 1 1
 0 1 1 1 1 1 0 1 0 1 0 0 1 0 1 0 1 1 0 0 1 1 0 1 0 0 1 0 1 1 1 0 1 0 0 0 1
 0 0 1 1 1 1 1 1 0 0 1 1 0 1 1 0 0 1 0 1 1 1 1 1 1 1]
At  2901/30000: COST 0.054/2.316(0.026) -- Acc 0.980/0.550(0.993)
[0 0 1 1 1 1 1 0 1 0 0 0 0 1 1 0 1 1 1 0 1 0 1 1 0 0 1 1 0 1 1 0 0 1 1 1 1
 1 1 0 1 0 0 0 0 0 1 1 0 0 1 1 1 0 1 1 1 0 0 1 0 1 1 0 1 1 1 0 0 1 0 0 1 0
 1 1 1 0 1 0 1 1 0 1 1 1 0 1 0 0 1 1 0 0 0 1 1 1 1 1]
At  3001/30000: COST 0.012/2.289(0.034) -- Acc 0.990/0.530(0.989)
[1 1 1 0 0 0 1 1 1 1 0 0 1 1 1 1 1 0 1 0 0 1 1 0 1 0 0 1 0 1 0 1 1 1 1 0 1
 0 0 1 1 0 0 1 1 0 1 1 1 1 1 1 1 1 1 1 1 0 1 0 0 1 0 1 1 0 1 1 0 0 1 0 1 0
 1 1 0 1 0 1 1 0 1 1 0 1 1 1 1 0 0 0 1 0 0 1 1 1 1 1]
At  3101/30000: COST 0.003/2.285(0.027) -- Acc 1.000/0.560(0.991)
[0 1 1 1 0 1 1 1 1 1 1 1 1 0 0 1 0 1 1 1 1 1 1 1 1 1 1 0 1 0 1 0 1 1 1 1 0
 0 0 0 0 1 1 1 1 1 1 0 0 0 1 1 1 1 1 0 0 0 0 0 0 0 0 0 1 1 1 1 1 1 0 0 1 1
 0 1 1 1 1 1 1 0 1 1 1 0 0 0 1 0 1 1 0 0 1 1 1 0 1 0]
At  3201/30000: COST 0.008/2.169(0.024) -- Acc 1.000/0.560(0.992)
[1 0 0 1 0 0 0 1 1 0 1 0 1 1 0 1 0 0 0 1 1 1 1 1 1 1 0 1 1 1 1 1 1 1 1 1 0
 0 1 1 0 1 1 1 1 1 0 0 1 1 1 0 1 0 0 1 0 0 1 0 1 0 1 1 0 0 1 0 1 1 1 1 1 0
 1 1 1 1 1 0 1 1 0 1 1 1 0 1 1 1 1 1 1 1 0 0 1 1 0 1]
At  3301/30000: COST 0.015/2.002(0.034) -- Acc 1.000/0.550(0.990)
[0 0 0 0 0 0 0 0 0 0 1 1 0 1 1 0 0 0 0 0 1 1 0 1 1 1 1 1 0 1 0 1 0 1 0 1 1
 1 0 1 1 0 1 0 0 0 0 1 1 0 1 1 1 1 0 0 1 1 0 1 1 0 1 1 1 1 1 1 1 1 0 1 0 0
 1 1 1 0 1 1 0 1 1 0 1 1 0 1 0 1 0 0 0 1 1 1 1 1 1 0]
At  3401/30000: COST 0.010/1.882(0.044) -- Acc 1.000/0.610(0.987)
[0 1 0 1 1 1 0 0 0 1 1 1 0 1 1 1 0 1 0 1 1 0 0 1 0 1 1 0 1 1 1 0 1 1 0 1 1
 0 1 0 1 0 1 0 1 1 1 1 0 0 1 1 1 1 1 1 0 0 1 1 0 1 0 1 0 0 1 0 1 1 1 1 0 1
 1 0 1 1 1 0 1 1 0 0 1 1 0 1 1 0 1 0 1 0 1 1 1 0 0 1]
At  3501/30000: COST 0.047/1.943(0.032) -- Acc 0.990/0.550(0.991)
[0 0 0 1 0 1 1 0 1 0 1 0 1 0 0 0 0 1 1 0 0 1 1 0 1 1 0 1 1 0 0 1 1 0 1 0 1
 1 1 0 1 1 1 0 0 1 0 1 0 0 0 1 1 1 1 1 1 0 1 1 1 0 1 1 0 0 0 1 1 1 0 1 0 1
 1 0 0 1 1 1 1 1 0 0 1 1 1 1 0 1 1 1 1 1 0 1 1 0 1 0]
At  3601/30000: COST 0.008/1.967(0.028) -- Acc 1.000/0.580(0.991)
[1 1 1 1 0 0 0 0 1 1 1 1 0 1 0 0 0 0 1 1 1 0 1 1 1 0 1 0 1 1 1 0 1 1 1 0 1
 0 1 1 1 0 1 0 1 0 1 1 1 1 1 1 1 0 1 0 1 0 1 1 1 1 1 1 1 0 1 1 0 1 1 1 1 1
 1 1 1 1 1 0 0 1 0 1 1 1 1 1 1 1 1 1 1 0 1 1 1 0 0 0]
At  3701/30000: COST 0.031/2.746(0.037) -- Acc 0.990/0.510(0.989)
[1 0 0 0 1 0 1 1 1 0 1 0 0 1 0 1 0 1 1 0 1 1 1 0 1 1 0 0 1 1 1 1 1 1 1 1 1
 0 0 1 1 1 1 0 0 0 1 1 0 1 1 1 1 1 1 1 1 1 1 1 0 0 1 0 1 1 0 1 1 1 1 0 1 1
 0 0 1 1 0 0 1 0 1 1 1 1 1 0 1 1 1 0 0 1 1 0 1 1 1 0]
At  3801/30000: COST 0.013/1.687(0.068) -- Acc 1.000/0.550(0.980)
[1 0 1 1 1 0 1 1 0 1 0 0 1 0 1 1 1 1 1 1 0 1 0 1 1 0 1 0 1 1 1 0 1 1 1 1 0
 0 1 0 0 1 1 0 0 1 1 0 0 0 1 0 1 1 1 1 0 1 0 1 1 0 0 1 0 1 1 1 1 0 1 1 1 0
 1 1 0 1 0 0 0 1 1 1 1 1 1 1 1 1 0 0 1 1 1 1 0 1 0 1]
At  3901/30000: COST 0.009/2.107(0.032) -- Acc 1.000/0.550(0.991)
[1 1 1 1 1 1 1 1 1 1 1 0 1 0 0 0 1 0 1 1 1 0 0 1 1 0 0 0 0 0 1 0 0 1 1 0 1
 1 0 1 0 1 0 1 1 1 0 1 0 0 1 0 0 1 1 1 1 0 0 0 1 1 1 1 1 0 1 0 1 1 0 1 1 0
 1 1 1 0 1 0 1 0 0 1 0 0 1 1 1 1 1 1 1 0 1 1 0 1 0 1]
At  4001/30000: COST 0.060/2.353(0.016) -- Acc 0.990/0.540(0.996)
[0 1 1 0 0 0 1 0 0 1 1 0 1 0 1 0 0 1 0 1 1 1 1 1 1 1 0 1 1 0 1 0 1 1 1 0 0
 0 0 1 1 0 0 1 0 1 0 1 1 1 0 1 0 0 0 0 1 1 1 0 1 1 0 0 0 1 0 1 1 1 0 0 1 0
 1 1 1 1 1 1 1 1 1 1 0 1 1 1 1 1 0 0 1 1 0 1 0 0 1 0]
At  4101/30000: COST 0.070/2.284(0.016) -- Acc 0.990/0.550(0.995)
[1 1 0 1 1 0 0 1 0 0 0 1 0 1 1 1 1 1 1 1 0 1 1 1 0 0 1 1 0 1 0 0 0 1 1 1 0
 1 0 0 0 1 1 0 0 1 0 1 1 1 1 1 1 1 1 0 1 1 0 0 1 0 0 1 1 0 0 0 1 1 0 1 1 0
 1 1 0 1 1 1 1 1 1 1 1 1 1 1 0 1 0 1 1 1 1 1 0 0 1 1]
At  4201/30000: COST 0.009/2.014(0.026) -- Acc 1.000/0.550(0.992)
[0 1 1 1 0 1 1 0 0 1 0 1 1 1 1 1 1 1 1 0 0 0 0 1 1 0 1 1 1 1 1 1 0 0 1 0 1
 0 1 1 1 1 0 0 0 1 1 1 0 0 0 1 1 0 1 1 0 0 1 0 0 0 1 1 1 0 1 0 0 0 0 1 0 1
 0 0 0 0 1 1 1 1 1 1 1 1 1 1 1 1 0 0 0 1 1 1 1 0 0 1]
At  4301/30000: COST 0.046/2.217(0.044) -- Acc 0.970/0.520(0.986)
[0 0 0 1 1 1 1 1 0 1 1 1 1 0 1 1 1 1 0 1 0 1 1 1 1 1 0 1 1 1 0 0 0 0 0 1 1
 0 1 0 1 0 1 1 1 0 1 0 1 1 1 1 0 1 0 0 1 0 0 1 0 1 0 1 0 1 0 1 0 1 1 0 1 1
 1 1 1 1 0 1 1 0 1 0 1 0 0 1 1 0 1 1 0 1 1 0 1 1 0 0]
At  4401/30000: COST 0.005/2.480(0.025) -- Acc 1.000/0.560(0.992)
[0 1 0 0 1 0 0 1 1 0 1 1 1 1 1 0 1 1 1 0 0 0 1 1 1 0 1 1 1 0 1 1 0 0 1 0 0
 1 1 1 1 1 0 0 1 0 1 1 0 0 0 1 1 1 0 0 0 1 1 1 1 1 0 1 1 0 1 1 0 0 1 1 1 0
 0 0 0 1 0 0 1 1 1 0 0 1 1 1 0 0 1 0 0 1 1 0 0 1 1 1]
At  4501/30000: COST 0.008/2.966(0.013) -- Acc 1.000/0.480(0.996)
[1 0 0 0 1 1 1 1 1 1 1 0 1 1 1 0 1 0 0 1 0 1 1 1 1 0 1 1 1 1 0 0 0 0 0 1 1
 1 0 1 0 1 0 0 1 1 1 0 1 1 1 0 0 0 1 0 1 0 1 1 0 1 1 0 0 0 1 0 0 1 1 1 0 0
 0 1 1 1 1 1 0 0 1 1 1 0 1 0 1 1 1 1 1 1 1 0 0 1 1 0]
At  4601/30000: COST 0.001/3.105(0.008) -- Acc 1.000/0.450(0.998)
[1 1 1 1 1 1 1 1 1 0 1 1 0 1 0 0 1 1 1 0 0 0 0 0 1 1 1 1 1 1 1 1 1 0 1 1 1
 1 1 1 1 1 1 0 1 1 0 0 1 1 0 0 1 0 1 1 0 0 1 1 1 1 1 1 1 1 1 0 1 1 0 1 1 0
 1 0 0 0 0 0 0 1 0 0 1 0 0 1 0 0 1 1 0 0 0 1 0 1 1 0]
At  4701/30000: COST 0.013/2.419(0.019) -- Acc 0.990/0.470(0.995)
[1 1 1 1 1 0 1 1 0 1 1 1 1 1 1 1 1 1 1 0 1 1 1 1 1 1 1 0 1 0 0 1 1 1 1 1 0
 0 1 0 0 1 0 0 0 1 0 0 1 1 1 0 1 1 1 1 0 1 0 1 0 1 1 1 0 1 1 1 0 1 1 1 1 0
 1 1 1 1 1 1 0 0 1 1 0 1 0 1 0 1 0 1 1 1 0 1 1 1 1 1]
At  4801/30000: COST 0.006/2.305(0.019) -- Acc 1.000/0.540(0.995)
[1 1 1 1 0 0 1 1 1 1 1 1 0 1 1 1 1 1 1 1 0 0 1 0 1 0 1 1 0 1 0 1 1 1 0 0 1
 1 1 0 0 0 0 0 1 1 0 1 0 1 1 0 0 1 0 1 1 1 0 0 0 0 1 1 1 0 1 1 1 1 0 0 1 0
 1 1 1 1 1 1 0 1 1 0 1 0 0 1 1 1 0 0 1 1 0 1 1 1 1 1]
At  4901/30000: COST 0.007/2.489(0.016) -- Acc 1.000/0.450(0.995)
[1 1 1 1 0 1 0 0 1 1 1 0 1 0 1 0 1 0 1 1 1 1 0 1 0 1 1 1 0 1 1 0 1 1 0 0 0
 0 1 1 1 0 1 0 1 1 1 1 0 0 1 1 1 1 1 1 0 0 0 0 1 1 1 1 1 1 0 0 1 1 0 1 0 1
 0 1 0 1 1 1 0 1 1 1 1 1 1 1 1 1 0 0 1 0 1 1 1 1 1 1]
At  5001/30000: COST 0.009/2.287(0.022) -- Acc 1.000/0.540(0.994)
[0 1 0 1 1 1 0 1 1 0 1 1 1 1 1 1 1 1 1 1 0 1 0 1 1 1 0 1 1 1 1 1 0 1 1 0 0
 1 1 1 0 0 0 0 0 0 0 1 0 1 0 1 1 0 0 1 1 0 1 0 1 1 1 0 0 1 0 0 0 0 1 0 0 1
 1 1 1 0 1 0 1 1 1 1 1 1 1 1 0 1 1 1 0 1 0 1 0 0 1 1]
At  5101/30000: COST 0.008/2.052(0.040) -- Acc 1.000/0.570(0.988)
[0 1 1 0 1 0 1 1 0 1 1 1 0 0 1 1 1 0 0 0 0 1 1 1 0 1 1 0 1 1 1 0 0 0 1 0 1
 1 1 1 0 0 1 0 0 0 1 1 1 1 1 0 1 1 1 0 1 1 0 0 1 1 1 1 0 0 1 0 1 0 1 0 1 0
 0 1 0 1 0 1 0 1 0 0 1 1 1 1 0 1 1 1 0 1 1 1 1 1 0 0]
At  5201/30000: COST 0.003/2.171(0.027) -- Acc 1.000/0.560(0.992)
[0 1 1 0 0 0 0 1 1 0 1 1 0 1 1 0 1 1 0 1 0 1 1 0 0 1 0 1 0 0 0 0 0 1 1 0 0
 1 0 1 1 1 0 0 1 0 0 1 1 1 1 1 1 0 1 0 0 1 0 1 1 0 0 0 0 0 1 1 1 0 0 1 1 0
 0 1 1 1 1 0 1 0 1 0 0 1 1 1 0 1 0 0 1 1 1 0 1 1 1 1]
At  5301/30000: COST 0.013/1.892(0.039) -- Acc 1.000/0.530(0.988)
[0 0 1 1 1 1 1 0 1 1 1 1 1 0 1 1 0 1 1 1 0 1 1 1 0 0 0 0 0 0 1 0 1 0 1 1 1
 0 1 1 0 0 0 1 0 0 1 0 0 0 0 0 1 0 1 1 1 1 0 1 0 1 0 0 1 0 1 0 0 1 0 0 1 1
 0 1 0 1 1 1 0 0 0 1 1 0 0 1 1 0 1 1 1 1 0 1 1 1 1 0]
At  5401/30000: COST 0.008/1.726(0.024) -- Acc 1.000/0.640(0.993)
[1 0 1 0 1 1 1 1 0 0 0 0 0 0 1 1 1 0 1 1 1 0 1 1 0 1 0 1 0 0 0 1 0 1 0 0 1
 0 1 0 0 1 1 1 1 1 0 0 1 1 1 1 0 1 1 1 1 1 1 0 0 1 1 0 1 1 1 0 1 1 1 0 1 1
 1 0 1 0 1 1 0 0 0 0 0 1 0 1 0 1 0 1 0 1 1 1 0 1 1 0]
At  5501/30000: COST 0.002/2.048(0.013) -- Acc 1.000/0.590(0.996)
[0 1 1 1 0 1 0 1 1 1 1 1 1 1 1 0 1 1 0 1 1 1 1 1 1 1 1 1 1 1 0 1 1 1 0 0 0
 1 1 1 0 0 0 1 1 1 1 1 0 0 1 0 0 1 1 1 1 0 0 1 0 1 0 1 1 0 1 1 1 1 1 1 1 0
 0 1 1 1 1 0 0 0 0 1 1 1 1 1 0 1 1 0 1 1 1 0 1 0 1 0]
At  5601/30000: COST 0.003/2.092(0.007) -- Acc 1.000/0.590(0.998)
[1 1 0 0 0 0 1 1 1 0 1 0 1 1 1 1 0 1 1 0 1 0 0 0 0 0 0 0 0 1 1 0 0 0 1 0 0
 0 0 1 0 1 0 0 0 0 1 1 1 0 0 0 1 1 1 0 0 1 0 1 0 1 1 1 0 0 0 1 1 1 1 1 0 1
 1 0 1 1 1 1 0 0 1 0 1 1 1 0 1 0 1 0 1 0 1 1 1 1 1 1]
At  5701/30000: COST 0.094/2.614(0.008) -- Acc 0.990/0.540(0.998)
[0 1 0 0 1 1 1 1 0 0 0 1 0 1 1 1 0 1 0 0 0 0 1 0 1 1 0 1 0 1 1 1 0 1 1 0 0
 1 0 0 0 0 1 0 0 1 1 0 1 0 1 0 1 1 0 1 1 1 1 1 1 0 0 0 0 0 1 1 0 1 1 1 1 1
 0 0 1 1 1 0 0 1 1 1 1 1 1 1 1 1 0 1 1 1 1 0 1 1 1 1]
At  5801/30000: COST 0.124/2.083(0.029) -- Acc 0.970/0.530(0.992)
[0 0 1 1 0 0 1 0 1 1 1 1 1 1 1 1 1 0 1 0 1 1 1 1 1 1 1 1 1 1 1 0 1 0 0 1 1
 1 1 0 0 0 1 1 1 1 0 1 1 1 1 1 1 1 0 0 1 1 1 1 0 0 0 0 1 1 1 1 0 0 1 1 0 0
 1 0 1 1 1 0 1 1 1 0 0 1 1 1 1 1 0 1 0 1 1 1 1 0 1 0]
At  5901/30000: COST 0.066/1.852(0.033) -- Acc 0.980/0.610(0.990)
[1 1 0 0 0 0 1 1 0 1 0 1 1 1 1 0 1 1 1 0 0 0 0 0 1 0 1 1 1 0 1 1 0 1 0 1 1
 1 0 0 0 0 1 0 1 0 1 0 0 0 1 1 0 0 0 1 1 1 0 1 1 0 0 1 0 0 1 1 1 1 1 1 0 0
 0 1 1 1 1 0 0 0 1 0 0 0 0 0 1 0 1 1 1 0 1 1 1 1 1 1]
At  6001/30000: COST 0.002/2.405(0.026) -- Acc 1.000/0.550(0.992)
[1 1 1 1 0 1 1 1 1 0 1 1 0 0 1 0 0 1 0 0 0 1 1 0 1 0 1 1 1 1 0 1 0 1 0 1 1
 1 1 1 1 0 1 1 0 0 1 1 0 0 1 1 1 0 0 1 1 0 0 0 1 1 0 1 1 0 1 0 1 1 0 0 0 1
 1 1 1 1 1 1 1 1 1 0 0 1 0 1 1 1 1 1 0 1 1 1 1 0 0 1]
At  6101/30000: COST 0.027/2.474(0.017) -- Acc 0.990/0.570(0.994)
[0 0 0 1 1 1 0 0 0 0 1 0 0 1 0 1 1 1 0 1 0 1 0 1 0 0 0 1 1 1 1 1 1 1 1 1 1
 0 0 0 1 1 0 1 1 1 0 0 1 0 1 0 0 1 1 1 0 1 1 1 1 1 1 1 0 1 0 1 0 0 1 0 0 1
 1 0 1 1 1 0 1 1 1 0 1 0 1 0 0 1 1 1 1 1 1 1 0 0 0 1]
At  6201/30000: COST 0.001/2.534(0.010) -- Acc 1.000/0.520(0.997)
[0 1 1 0 0 0 1 0 1 1 1 0 1 1 1 1 0 0 0 1 1 0 1 1 1 1 0 1 1 1 0 1 1 1 1 0 1
 1 0 1 0 0 1 1 0 0 0 1 0 1 0 1 0 1 1 1 1 0 1 1 1 1 0 1 1 1 0 0 1 0 0 0 0 1
 1 0 1 0 0 1 1 0 0 1 1 0 1 0 1 1 1 0 1 1 1 1 1 0 0 0]
At  6301/30000: COST 0.014/2.235(0.013) -- Acc 0.990/0.560(0.996)
[0 1 1 1 1 0 0 0 1 1 0 1 0 0 0 1 0 0 0 1 0 1 0 1 1 0 1 1 1 1 1 1 0 1 0 1 0
 0 0 1 1 1 0 1 1 0 1 0 1 0 0 1 0 1 1 1 1 1 1 1 0 0 0 1 1 0 1 1 1 1 1 1 1 1
 1 1 1 0 1 0 0 1 1 1 1 1 1 1 0 0 0 0 1 0 0 1 1 1 1 1]
At  6401/30000: COST 0.115/1.760(0.052) -- Acc 0.980/0.470(0.985)
[0 0 1 1 0 0 1 0 1 1 0 1 0 1 0 0 1 1 0 0 1 1 1 0 1 1 1 1 0 0 0 1 1 1 0 1 0
 1 1 0 0 1 1 0 1 1 0 0 1 1 1 1 0 1 1 0 1 1 1 0 1 1 0 1 1 0 0 0 1 0 0 1 1 1
 0 1 0 0 0 1 1 1 1 1 0 1 1 0 0 1 0 0 0 1 1 0 0 1 1 1]
At  6501/30000: COST 0.017/1.857(0.030) -- Acc 0.990/0.600(0.991)
[0 1 1 1 1 0 0 0 1 0 1 0 1 0 1 1 1 0 1 0 0 1 1 1 1 1 1 0 1 0 0 1 1 1 1 0 1
 1 0 0 1 0 1 1 1 1 1 0 1 1 0 0 1 0 1 1 1 1 0 0 1 1 0 1 0 1 1 1 0 0 0 0 0 1
 1 0 0 1 1 0 0 1 1 1 1 0 0 1 0 1 0 1 0 0 0 0 1 0 1 1]
At  6601/30000: COST 0.011/1.978(0.018) -- Acc 1.000/0.600(0.995)
[0 1 0 0 1 1 1 0 1 1 0 1 1 0 0 0 1 0 1 0 1 1 1 1 1 0 1 0 1 1 1 0 0 0 0 0 1
 1 1 1 0 1 1 1 1 1 0 0 0 1 1 1 1 0 1 0 0 0 1 0 1 1 1 1 1 0 1 1 0 1 0 1 1 0
 0 0 1 1 0 0 0 1 0 0 0 1 0 1 0 0 1 1 0 0 0 0 1 0 1 1]
At  6701/30000: COST 0.021/2.124(0.016) -- Acc 0.980/0.490(0.995)
[1 0 1 1 0 0 1 0 1 0 1 0 0 1 0 1 0 1 0 1 0 1 1 1 0 1 1 1 1 0 1 1 1 0 0 1 0
 0 0 1 1 0 1 0 1 0 1 0 1 0 0 1 0 0 1 1 1 0 1 0 1 1 0 1 1 1 1 0 0 1 1 1 1 1
 1 1 1 1 0 1 1 1 0 1 0 1 0 0 0 1 1 1 1 1 1 1 1 0 1 1]
At  6801/30000: COST 0.001/2.592(0.011) -- Acc 1.000/0.450(0.997)
[0 1 1 1 1 0 1 0 1 1 1 0 1 0 1 1 0 1 1 1 0 0 1 0 1 0 1 1 1 0 1 1 0 1 0 1 1
 1 1 1 1 1 0 0 0 1 0 1 0 1 0 0 1 0 1 0 0 1 1 0 1 1 1 1 1 1 1 1 0 1 1 0 0 0
 0 1 1 0 0 1 0 0 1 1 1 0 1 0 0 0 0 0 0 1 1 0 0 1 1 1]
At  6901/30000: COST 0.001/2.762(0.010) -- Acc 1.000/0.430(0.997)
[1 1 0 1 0 1 1 0 0 1 0 1 1 1 1 1 0 1 1 0 1 1 0 1 1 0 0 1 1 1 0 1 0 1 1 0 0
 0 1 1 1 1 0 0 1 0 1 0 1 0 0 1 1 0 0 1 0 1 1 1 1 1 1 1 0 0 1 1 1 1 0 1 1 1
 1 1 0 1 1 1 0 0 1 0 1 0 1 0 0 1 0 0 1 1 1 1 0 1 1 1]
At  7001/30000: COST 0.001/2.910(0.006) -- Acc 1.000/0.440(0.998)
[1 0 1 1 0 1 1 1 1 1 0 0 0 0 1 1 1 1 1 0 1 1 1 0 0 0 0 0 1 1 1 1 0 0 0 1 1
 1 0 1 0 0 1 1 1 1 0 1 1 1 1 1 1 0 1 1 1 1 1 1 1 1 0 1 1 0 0 1 0 0 0 1 1 0
 0 0 1 0 0 0 1 1 1 0 0 1 1 0 0 1 0 1 0 1 1 0 0 1 0 0]
At  7101/30000: COST 0.002/2.887(0.008) -- Acc 1.000/0.510(0.998)
[0 0 0 1 1 1 0 0 1 1 1 1 1 1 1 1 0 1 1 0 1 1 1 0 0 0 1 1 0 1 0 1 1 1 1 1 1
 1 1 1 1 1 1 1 1 0 0 0 1 1 1 0 0 1 1 1 1 0 0 1 0 1 1 1 1 1 1 1 0 1 1 0 1 1
 1 0 1 1 0 1 1 1 1 1 0 1 1 1 1 0 1 0 1 1 1 0 0 0 1 1]
At  7201/30000: COST 0.184/2.054(0.042) -- Acc 0.950/0.570(0.988)
[0 1 0 1 1 1 1 0 0 0 1 1 0 0 1 1 0 1 0 1 1 0 0 1 0 1 1 0 0 1 0 0 0 0 0 1 0
 0 0 1 1 0 1 1 1 1 1 0 1 1 1 1 0 1 0 1 0 0 1 1 0 1 1 1 1 1 1 0 0 1 0 1 0 1
 1 1 1 1 0 0 1 0 0 1 1 1 0 1 1 0 1 0 1 0 1 1 1 0 0 1]
At  7301/30000: COST 0.092/1.730(0.063) -- Acc 0.960/0.500(0.981)
[1 1 1 0 1 1 1 0 1 0 1 1 1 0 0 0 0 1 1 1 1 1 0 1 0 0 1 1 0 1 0 1 1 1 0 0 1
 0 0 0 0 1 0 0 1 1 1 1 1 0 1 1 0 1 1 0 0 1 1 0 1 0 1 1 1 0 1 0 0 1 1 0 1 0
 0 0 1 1 0 1 1 0 1 0 1 0 0 1 1 0 1 1 0 1 1 1 1 0 1 1]
At  7401/30000: COST 0.014/2.018(0.051) -- Acc 1.000/0.480(0.984)
[1 0 1 1 0 1 1 0 0 1 0 1 1 1 0 0 1 1 0 1 1 1 1 0 0 1 1 1 0 0 1 1 1 1 0 1 1
 1 1 0 1 0 1 0 0 1 0 1 1 1 1 0 0 0 1 0 1 1 0 1 0 0 1 1 0 0 0 1 0 0 1 0 0 1
 0 1 1 0 0 0 0 0 1 0 1 0 0 1 1 1 1 1 0 1 1 1 1 1 1 1]
At  7501/30000: COST 0.004/2.253(0.030) -- Acc 1.000/0.450(0.990)
[0 1 1 0 0 1 0 1 1 0 0 1 0 1 1 1 0 1 1 0 0 0 1 0 1 0 1 1 1 1 1 1 1 1 1 0 0
 1 1 1 1 0 0 0 0 1 0 0 1 1 1 1 0 0 1 1 1 0 1 0 1 1 0 1 1 1 0 1 1 1 1 1 1 1
 1 1 1 0 1 0 1 1 1 0 0 0 1 0 0 1 1 1 0 1 1 1 0 1 0 1]
At  7601/30000: COST 0.001/2.745(0.016) -- Acc 1.000/0.480(0.995)
[0 0 1 0 1 1 1 0 1 0 1 1 1 1 0 1 1 1 1 1 0 1 0 1 0 1 1 1 0 1 1 0 1 0 1 0 1
 1 1 0 1 1 1 1 0 1 1 1 1 0 1 0 0 1 1 1 0 1 1 0 1 0 1 0 1 0 0 0 0 0 1 1 1 1
 0 1 0 1 0 0 0 1 1 1 1 1 1 1 0 1 1 1 1 0 1 1 1 1 0 0]
At  7701/30000: COST 0.238/1.512(0.058) -- Acc 0.940/0.550(0.983)
[1 1 0 0 1 1 1 1 0 0 0 0 1 1 1 1 0 1 1 1 1 0 1 1 1 0 0 1 1 1 1 1 1 1 0 0 0
 1 0 1 0 1 1 0 0 1 1 0 1 1 1 0 0 1 1 0 1 1 1 0 0 1 1 1 1 1 1 0 1 0 1 1 1 1
 1 0 1 1 1 0 1 0 1 1 1 1 0 1 1 1 1 1 1 1 1 0 1 1 1 1]
At  7801/30000: COST 0.058/2.116(0.061) -- Acc 0.980/0.470(0.980)
[1 1 0 1 0 1 1 1 1 0 1 1 0 1 1 0 0 1 1 1 1 1 1 1 0 1 1 0 1 0 0 1 0 1 1 1 1
 1 0 1 1 1 0 1 0 1 1 0 1 1 1 0 1 1 0 0 1 1 0 1 1 1 1 0 0 1 0 0 0 1 0 1 1 0
 1 1 1 0 1 0 1 0 1 0 0 0 0 1 0 1 1 0 0 1 1 1 1 1 1 0]
At  7901/30000: COST 0.042/2.084(0.035) -- Acc 0.980/0.520(0.989)
[1 1 1 1 0 0 1 0 0 0 0 1 0 1 0 0 0 1 1 1 1 0 1 0 1 1 0 0 0 0 0 1 1 1 1 1 1
 1 0 0 1 0 1 1 0 0 0 1 0 1 0 0 1 1 0 1 1 1 0 1 0 1 1 0 1 1 0 0 1 1 1 1 0 1
 0 1 1 0 1 1 1 1 0 0 0 0 0 0 0 1 0 1 0 1 0 1 0 1 0 0]
At  8001/30000: COST 0.003/2.234(0.025) -- Acc 1.000/0.530(0.992)
[1 0 0 1 0 0 1 0 0 0 1 1 0 0 0 0 1 1 1 1 1 1 1 0 1 0 1 0 0 0 1 1 1 1 1 1 0
 1 0 1 1 1 1 1 0 1 1 0 0 0 1 0 0 1 0 1 0 1 1 1 0 0 0 1 1 0 1 1 1 0 1 0 1 1
 1 0 0 1 0 0 1 1 0 1 1 1 1 0 1 1 1 1 1 0 1 1 1 0 0 0]
At  8101/30000: COST 0.021/1.448(0.062) -- Acc 0.990/0.610(0.983)
[1 1 1 1 0 1 0 1 1 1 0 1 1 1 0 1 0 1 0 0 0 1 1 1 0 0 1 1 0 1 1 0 1 0 1 0 1
 0 0 0 1 1 1 0 1 1 0 1 1 1 1 1 0 0 1 0 1 1 0 1 1 1 1 1 0 1 1 0 1 0 0 1 1 0
 1 1 0 1 1 1 1 1 0 0 1 1 0 0 1 1 0 1 0 0 1 0 0 0 1 0]
At  8201/30000: COST 0.048/1.716(0.057) -- Acc 0.980/0.510(0.983)
[0 0 1 1 1 0 1 1 0 1 1 0 1 1 0 1 0 0 1 1 1 1 0 1 1 1 1 1 1 0 0 1 0 1 1 1 0
 0 0 1 0 0 1 1 1 1 0 1 1 1 0 0 0 1 1 1 1 0 1 0 1 0 0 1 1 0 0 1 1 0 1 0 0 1
 1 0 0 1 0 1 1 1 0 1 1 1 0 1 1 1 1 0 1 0 0 1 1 1 1 1]
At  8301/30000: COST 0.008/1.926(0.035) -- Acc 1.000/0.570(0.990)
[0 1 0 1 1 0 1 1 1 1 0 1 1 0 0 0 1 1 1 1 1 0 1 1 1 1 1 1 1 1 1 1 1 0 1 0 1
 0 1 1 0 1 0 1 1 1 1 1 1 1 0 1 0 1 1 1 0 0 1 1 1 1 0 1 0 0 0 1 1 1 1 1 1 1
 1 1 1 1 0 0 0 1 0 1 0 1 0 1 0 0 1 0 0 1 0 0 1 1 1 0]
At  8401/30000: COST 0.007/2.156(0.021) -- Acc 1.000/0.470(0.995)
[1 1 0 1 1 0 0 1 0 1 1 1 1 1 1 0 1 0 1 0 1 0 1 1 1 1 1 1 0 1 1 1 1 0 1 1 1
 1 1 1 0 0 1 1 1 1 0 1 0 1 1 0 1 0 0 0 1 0 1 0 1 0 1 1 0 1 0 1 0 1 1 1 1 1
 1 1 1 1 0 1 1 0 1 0 1 1 1 1 0 1 1 1 1 0 1 1 0 0 1 1]
At  8501/30000: COST 0.011/2.328(0.026) -- Acc 1.000/0.480(0.993)
[1 0 0 0 0 1 1 1 0 0 0 0 1 0 1 1 1 1 1 1 1 1 1 1 1 1 1 1 1 1 1 1 1 1 1 1 0
 0 1 1 1 1 0 1 1 1 1 1 1 1 0 0 0 0 0 0 1 1 1 1 0 1 1 1 1 1 1 1 1 1 1 0 1 1
 1 0 1 0 1 0 1 1 1 1 1 1 1 1 1 1 1 0 1 0 1 0 0 1 0 1]
At  8601/30000: COST 0.027/2.501(0.019) -- Acc 0.990/0.470(0.995)
[1 1 1 0 1 1 1 1 0 1 1 1 0 0 1 0 0 1 0 0 1 1 0 0 0 1 1 1 1 1 0 0 1 0 1 1 1
 1 1 0 1 1 1 0 1 0 1 0 1 1 0 1 1 1 0 1 1 0 0 0 1 1 0 0 1 0 1 1 0 0 1 1 1 1
 1 0 1 1 1 1 1 0 0 1 0 1 0 1 1 1 1 1 1 1 1 0 1 0 1 1]
At  8701/30000: COST 0.006/2.585(0.015) -- Acc 1.000/0.460(0.996)
[1 1 0 1 1 1 1 1 1 1 1 1 1 1 1 1 1 0 1 1 0 0 0 0 1 0 1 0 0 1 1 0 1 0 1 1 1
 1 1 0 1 1 1 1 1 1 1 1 1 1 0 1 1 1 0 1 1 0 1 1 1 1 1 0 0 0 1 1 1 1 1 0 1 0
 1 0 1 0 1 1 0 0 0 1 0 1 1 0 0 1 1 1 0 1 0 0 1 0 0 1]
At  8801/30000: COST 0.002/2.700(0.009) -- Acc 1.000/0.480(0.998)
[0 1 1 1 0 0 1 0 1 1 1 0 1 1 0 0 0 0 0 0 1 0 1 0 1 0 0 1 0 0 0 1 0 1 0 1 1
 1 0 0 0 0 0 1 1 1 1 1 0 1 0 1 0 1 1 0 0 1 1 1 1 1 1 1 0 1 0 1 0 1 1 1 1 1
 0 1 0 0 1 1 1 1 0 1 0 0 1 0 0 1 0 1 1 0 1 0 1 1 1 1]
At  8901/30000: COST 0.003/2.992(0.006) -- Acc 1.000/0.470(0.999)
[0 1 1 1 1 1 0 1 0 1 1 0 1 1 1 1 0 0 1 0 0 0 0 1 0 0 1 1 1 0 1 1 1 1 0 1 1
 0 1 0 1 0 0 1 1 0 0 1 0 0 1 1 1 1 1 0 0 1 1 1 1 1 1 1 0 0 0 0 0 1 0 1 1 1
 0 0 1 1 0 1 0 0 1 0 1 1 1 1 1 1 1 1 1 0 0 0 1 1 1 1]
At  9001/30000: COST 0.001/2.894(0.005) -- Acc 1.000/0.520(0.999)
[0 0 0 1 1 0 0 1 1 0 1 0 0 1 1 1 0 1 1 1 1 0 1 1 0 1 1 0 1 1 1 1 1 1 0 0 1
 1 0 0 1 0 1 0 1 0 0 1 1 1 1 1 1 1 1 1 1 1 1 1 1 1 1 1 0 1 0 0 0 1 0 1 0 1
 0 0 1 0 1 1 0 1 1 0 0 1 0 1 1 1 1 1 0 1 0 0 1 1 1 0]
At  9101/30000: COST 0.002/2.808(0.005) -- Acc 1.000/0.540(0.999)
[1 1 0 1 1 1 1 1 0 1 0 1 0 1 1 1 1 1 1 1 0 1 1 0 1 1 1 0 0 0 0 1 0 0 0 1 1
 0 1 1 1 1 1 1 0 1 0 1 1 1 1 1 1 0 1 0 1 0 1 1 1 1 1 1 1 1 1 0 1 0 1 1 1 0
 0 1 0 1 1 1 0 1 0 0 1 1 1 1 1 0 1 1 0 1 1 0 1 0 1 1]
At  9201/30000: COST 0.001/2.896(0.007) -- Acc 1.000/0.540(0.998)
[1 1 0 0 1 0 0 0 1 1 1 1 1 1 1 1 1 1 1 1 1 0 1 0 1 0 1 1 1 1 0 1 1 1 1 1 1
 1 1 0 1 1 1 1 0 0 0 1 0 0 0 1 1 1 1 0 1 0 0 1 1 0 1 1 0 0 1 1 1 1 0 1 1 0
 1 1 1 1 1 0 1 1 0 1 1 1 1 1 0 0 1 1 0 1 1 0 1 1 1 1]
At  9301/30000: COST 0.003/2.783(0.006) -- Acc 1.000/0.530(0.998)
[0 0 1 1 1 1 1 0 1 1 1 1 1 0 0 1 1 1 0 0 1 1 1 0 0 1 1 0 1 0 0 1 1 1 1 1 1
 1 1 1 1 1 1 0 1 0 1 0 1 0 1 1 0 1 1 1 0 1 1 1 1 1 1 1 0 1 1 1 0 1 1 1 1 1
 0 0 1 1 1 0 1 1 1 1 1 0 1 1 0 1 1 1 1 1 1 1 1 1 0 1]
At  9401/30000: COST 0.043/2.368(0.032) -- Acc 0.990/0.550(0.992)
[1 1 1 1 1 1 0 1 1 1 1 1 1 0 0 1 0 1 1 0 1 1 1 1 1 0 0 1 0 1 0 1 1 1 1 1 1
 1 0 1 0 1 1 1 0 0 0 1 0 1 0 1 0 0 0 0 0 0 1 1 1 1 0 1 0 1 1 0 1 0 1 1 0 0
 1 1 1 1 0 1 1 0 1 1 0 1 1 1 1 1 1 1 1 0 0 1 1 1 0 0]
At  9501/30000: COST 0.002/2.091(0.038) -- Acc 1.000/0.540(0.989)
[1 0 1 1 0 1 0 0 0 1 1 1 1 0 1 0 1 1 0 1 0 1 1 0 1 0 1 0 0 0 1 1 1 1 1 1 1
 0 1 1 1 0 1 1 0 1 1 1 1 1 0 1 1 1 0 1 1 1 1 1 1 1 1 0 0 1 0 1 1 0 1 1 0 1
 0 1 1 0 1 0 1 1 0 1 0 0 1 1 1 1 1 1 1 0 1 1 1 1 1 0]
At  9601/30000: COST 0.008/2.358(0.036) -- Acc 1.000/0.450(0.990)
[1 1 1 1 1 1 0 0 1 1 0 1 0 1 1 1 1 1 0 1 0 0 1 1 1 0 1 1 1 1 1 1 0 1 1 1 0
 0 0 1 1 1 1 0 1 1 1 0 0 1 1 1 0 1 1 0 1 0 1 1 0 0 1 1 1 1 0 1 1 1 0 1 1 1
 1 1 0 1 0 1 1 1 0 1 1 0 1 1 1 1 1 0 1 1 0 1 0 1 1 0]
At  9701/30000: COST 0.001/2.678(0.024) -- Acc 1.000/0.470(0.993)
[1 1 1 1 0 1 1 1 1 1 0 0 1 1 1 1 1 1 0 1 1 1 0 0 1 1 0 1 0 0 1 1 1 1 1 1 0
 1 0 1 1 1 0 1 1 0 0 1 1 0 0 1 0 0 0 0 0 1 1 1 0 1 1 1 1 1 1 1 0 0 0 1 0 1
 0 0 1 1 1 1 1 1 0 1 1 0 1 1 1 1 0 1 1 0 1 1 1 1 1 1]
At  9801/30000: COST 0.011/2.885(0.019) -- Acc 1.000/0.470(0.994)
[1 0 1 0 0 0 1 1 1 0 0 1 1 1 0 0 1 1 0 0 1 0 0 1 1 1 1 1 1 0 1 1 1 1 0 0 1
 1 1 1 1 0 0 0 1 1 1 1 1 1 1 1 1 1 1 0 0 1 0 1 1 1 1 0 1 1 1 0 1 0 0 0 1 0
 0 1 1 0 1 1 1 0 1 1 1 1 1 1 0 1 1 1 1 1 1 1 0 1 0 0]
At  9901/30000: COST 0.146/2.291(0.038) -- Acc 0.970/0.550(0.990)
[1 1 1 0 0 1 0 1 1 1 0 1 1 1 1 0 1 1 1 0 0 1 1 1 1 0 1 1 0 1 0 0 0 0 0 1 1
 1 0 0 1 1 1 1 1 1 0 1 1 0 1 1 0 0 1 1 1 1 1 1 1 1 1 1 0 1 0 1 0 0 0 0 1 1
 0 1 1 1 0 0 0 1 1 0 1 1 0 1 1 1 0 1 1 0 1 1 1 0 1 1]
At 10001/30000: COST 0.031/2.005(0.049) -- Acc 0.980/0.500(0.986)
[1 1 1 1 1 1 0 1 0 1 1 1 1 1 0 0 0 0 1 1 1 0 1 1 0 1 1 1 0 0 1 0 1 0 0 1 0
 0 1 1 1 1 1 1 0 0 1 1 1 1 0 1 1 0 0 0 1 1 0 1 1 0 1 1 1 1 0 1 0 1 0 1 0 1
 1 1 0 0 1 1 1 1 1 1 1 1 0 1 0 1 1 1 1 0 0 0 0 1 0 0]
At 10101/30000: COST 0.009/2.364(0.025) -- Acc 1.000/0.520(0.993)
[0 1 0 1 1 1 0 1 1 1 0 1 0 1 0 0 0 0 1 0 0 0 0 1 1 0 1 1 1 1 1 0 1 1 1 1 1
 1 1 1 1 0 1 0 0 1 1 1 0 0 0 0 1 1 1 1 1 1 0 1 1 1 0 1 1 1 1 0 1 0 0 1 0 0
 1 0 1 1 1 1 1 1 1 0 1 1 1 1 0 1 1 1 0 1 1 0 0 0 1 0]
At 10201/30000: COST 0.016/2.344(0.014) -- Acc 1.000/0.560(0.996)
[1 1 1 1 1 1 0 1 1 0 1 0 1 0 0 1 1 0 0 1 1 1 1 1 1 0 1 0 1 0 1 0 1 1 1 0 1
 1 1 1 0 1 0 0 1 1 1 0 0 1 0 1 1 1 1 0 1 1 1 1 1 1 0 0 1 1 1 1 0 1 1 0 1 0
 1 1 1 1 0 1 1 1 0 0 0 1 1 1 1 1 1 1 1 0 1 1 1 1 1 1]
At 10301/30000: COST 0.009/2.189(0.013) -- Acc 1.000/0.520(0.996)
[0 1 1 1 1 0 1 1 1 1 0 1 1 1 1 0 1 0 0 0 1 1 0 1 1 1 1 1 1 1 1 0 1 1 0 1 0
 1 1 1 1 0 1 1 1 1 1 0 1 1 1 1 1 1 1 1 0 1 0 1 1 1 1 1 1 1 0 0 1 1 1 1 1 0
 1 0 1 1 1 1 0 0 0 1 0 1 1 0 1 1 1 0 1 1 0 1 1 0 0 1]
At 10401/30000: COST 0.010/2.436(0.031) -- Acc 1.000/0.530(0.992)
[1 1 1 0 1 1 1 0 1 1 0 1 1 1 1 0 1 0 0 1 1 0 0 1 1 1 0 1 1 0 0 1 1 1 1 1 1
 1 1 1 1 0 1 1 1 1 1 0 0 0 1 0 0 1 1 0 0 0 1 1 1 1 0 1 1 0 0 1 1 0 1 0 1 0
 0 1 0 0 1 1 0 1 1 0 1 0 0 1 1 1 1 0 1 1 0 0 0 0 0 0]
At 10501/30000: COST 0.003/2.812(0.024) -- Acc 1.000/0.490(0.993)
[1 0 1 1 1 1 0 1 0 0 1 1 1 1 1 0 1 0 1 1 1 1 1 1 0 1 0 0 1 0 0 1 0 1 1 1 1
 1 0 0 0 1 1 0 1 0 0 1 0 0 1 1 0 1 1 1 1 1 1 1 1 1 0 1 0 0 0 1 1 0 1 0 1 1
 1 0 1 1 0 0 1 1 1 1 1 1 0 1 1 1 1 1 0 1 0 0 0 0 0 0]
At 10601/30000: COST 0.003/2.299(0.017) -- Acc 1.000/0.570(0.995)
[1 1 0 0 1 0 1 1 1 1 1 1 1 1 1 1 1 1 1 0 0 1 1 1 0 0 1 1 0 0 0 1 1 0 1 1 0
 0 1 1 1 1 0 1 1 1 1 1 1 1 1 0 1 1 1 1 0 1 0 0 1 0 0 0 0 1 1 1 1 1 1 1 0 1
 0 0 1 1 0 0 0 0 1 1 1 0 0 1 1 1 1 0 1 0 0 1 0 1 1 1]
At 10701/30000: COST 0.002/2.612(0.010) -- Acc 1.000/0.540(0.997)
[1 1 1 0 1 1 0 1 1 0 1 1 1 1 1 0 0 1 1 0 1 0 0 1 1 1 0 0 1 1 0 1 0 1 1 1 1
 1 0 1 1 1 1 0 0 1 0 1 1 1 1 0 0 0 1 1 1 1 1 1 0 1 0 0 0 1 0 1 1 0 1 0 1 1
 1 0 0 1 0 1 0 1 1 0 1 1 0 1 1 0 1 0 0 1 1 1 1 0 0 1]
At 10801/30000: COST 0.004/2.490(0.008) -- Acc 1.000/0.520(0.998)
[0 0 1 1 1 1 1 1 1 1 1 1 0 0 1 0 0 1 1 1 1 0 1 1 1 1 1 1 1 0 0 1 1 1 1 1 0
 1 0 1 0 0 1 1 1 0 1 1 0 1 0 1 1 0 1 1 0 1 1 1 0 0 1 0 1 0 0 0 0 1 1 0 1 0
 0 0 1 1 1 1 1 1 0 0 0 1 1 1 0 1 1 1 0 1 0 1 0 1 1 0]
At 10901/30000: COST 0.036/2.901(0.025) -- Acc 0.990/0.460(0.994)
[1 1 1 1 0 1 1 0 0 1 0 0 1 1 1 1 1 1 1 1 1 1 1 0 0 1 1 0 0 1 0 1 1 1 1 1 0
 0 1 1 0 0 1 1 0 1 1 0 0 0 1 1 1 1 0 1 1 1 1 0 0 1 1 1 1 1 0 1 0 1 1 0 1 1
 0 1 1 0 1 1 0 0 1 1 1 1 1 0 1 1 1 1 0 1 1 1 1 1 0 1]
At 11001/30000: COST 0.160/1.728(0.076) -- Acc 0.940/0.480(0.980)
[1 1 0 0 1 0 1 1 1 0 1 1 1 1 1 1 1 1 1 1 0 0 1 0 0 1 1 0 1 1 1 0 1 0 1 1 0
 0 0 1 1 0 0 0 1 0 1 0 1 1 1 0 1 0 1 1 0 1 1 1 0 1 1 0 0 1 0 0 1 1 1 1 1 1
 1 1 1 0 0 1 1 0 1 1 1 1 0 1 0 1 1 0 0 1 1 0 1 0 1 1]
At 11101/30000: COST 0.070/1.933(0.067) -- Acc 0.980/0.510(0.981)
[1 0 1 1 1 1 1 1 0 1 1 0 0 0 1 1 0 0 0 1 1 1 1 0 0 0 1 1 0 1 1 1 0 1 0 1 1
 1 1 1 0 0 0 0 1 1 1 1 0 1 1 0 1 1 1 1 0 0 1 0 1 1 1 1 1 1 1 1 1 0 1 1 1 1
 0 1 1 1 0 1 1 1 1 0 1 0 1 1 0 0 1 0 0 1 0 1 0 0 1 0]
At 11201/30000: COST 0.016/2.291(0.044) -- Acc 1.000/0.510(0.988)
[1 1 1 1 0 1 0 0 1 1 1 1 1 1 1 0 0 1 1 0 1 1 0 1 1 1 1 0 1 1 1 0 1 0 0 1 0
 1 1 0 1 0 0 0 1 1 1 1 1 0 0 0 1 1 1 0 1 0 1 0 1 1 0 0 0 0 1 1 1 1 1 1 1 0
 1 1 0 0 0 0 0 1 1 1 0 0 0 0 1 1 1 1 1 1 1 1 0 0 1 0]
At 11301/30000: COST 0.011/2.242(0.029) -- Acc 1.000/0.540(0.993)
[1 1 1 1 1 1 1 0 1 1 1 1 0 1 1 1 1 1 1 0 1 0 0 0 1 1 1 1 1 1 0 0 1 1 1 1 1
 0 0 0 1 1 0 0 0 1 1 1 0 0 1 1 1 0 1 0 1 1 1 0 1 0 1 0 0 0 1 1 0 1 0 1 0 1
 1 1 1 0 0 1 0 1 0 1 1 1 0 0 1 0 0 1 0 1 1 0 1 1 0 1]
At 11401/30000: COST 0.154/1.264(0.109) -- Acc 0.930/0.500(0.963)
[1 1 0 1 1 1 0 0 1 0 0 1 1 0 0 1 0 1 1 1 1 1 1 0 1 0 0 0 1 1 1 0 1 0 1 1 0
 1 1 1 1 1 0 0 1 1 1 0 1 1 1 1 1 0 0 1 0 1 0 1 1 1 0 1 1 1 0 1 1 1 0 0 1 1
 0 0 1 1 1 0 1 1 1 0 0 0 1 0 0 1 0 1 1 0 0 1 0 1 1 1]
At 11501/30000: COST 0.101/1.987(0.075) -- Acc 0.960/0.530(0.974)
[0 0 1 1 1 0 0 0 0 0 1 1 0 0 1 1 1 1 1 1 1 0 1 0 1 1 0 1 1 1 1 1 1 1 0 1 1
 1 0 1 0 0 1 0 1 0 0 1 1 1 1 1 1 0 1 1 1 0 0 0 1 0 1 1 0 1 1 0 1 1 1 1 1 1
 0 1 1 1 0 1 1 0 0 1 0 0 0 1 0 1 1 1 1 0 0 0 0 1 1 1]
At 11601/30000: COST 0.028/2.220(0.042) -- Acc 0.980/0.510(0.986)
[0 1 0 0 1 1 1 1 0 0 1 1 0 0 0 1 0 1 0 0 1 0 1 1 1 1 0 1 0 0 1 1 1 1 1 1 0
 0 1 0 1 1 1 1 1 0 1 1 1 1 0 1 1 0 0 0 0 1 1 0 1 1 1 1 1 0 1 0 0 0 1 1 0 1
 0 0 1 1 1 1 1 1 1 0 1 1 0 1 1 0 1 0 1 0 1 1 1 1 1 0]
At 11701/30000: COST 0.012/2.385(0.024) -- Acc 0.990/0.490(0.992)
[0 1 1 1 0 0 1 1 1 1 1 1 0 1 1 0 0 0 1 1 1 1 0 1 1 1 1 0 1 1 1 1 0 1 1 1 0
 1 0 1 1 0 0 0 1 1 1 0 1 1 1 1 1 0 0 1 1 0 1 0 1 1 0 1 0 0 0 1 1 1 1 1 0 1
 0 1 1 1 1 0 1 1 0 0 1 0 1 1 1 1 1 1 1 1 1 1 0 1 1 1]
At 11801/30000: COST 0.075/2.437(0.017) -- Acc 0.980/0.520(0.995)
[0 1 1 1 1 0 1 0 1 1 0 0 0 1 1 0 0 0 1 0 1 1 0 1 1 0 1 1 0 1 1 1 1 0 0 1 1
 1 1 1 1 1 1 0 1 0 1 1 1 0 1 1 0 0 0 1 1 0 1 1 0 1 0 0 1 0 1 1 1 1 1 0 1 1
 1 0 0 1 0 1 0 0 1 1 1 1 1 0 0 1 1 1 1 0 0 1 1 0 1 1]
At 11901/30000: COST 0.005/2.437(0.019) -- Acc 1.000/0.500(0.995)
[1 1 0 1 1 0 1 0 1 0 1 1 1 0 1 0 1 0 1 1 0 0 1 0 1 1 0 1 1 1 1 0 1 0 1 1 1
 0 1 1 1 1 1 1 1 1 1 1 0 1 1 1 0 1 1 1 1 1 0 1 1 1 0 0 0 1 0 0 1 1 0 0 1 0
 1 0 0 1 1 0 1 0 1 1 1 1 0 0 0 1 1 1 1 0 1 0 1 1 1 1]
At 12001/30000: COST 0.014/2.399(0.023) -- Acc 0.990/0.490(0.993)
[1 1 0 0 0 1 1 0 0 0 1 1 1 0 0 1 0 1 0 1 1 0 1 0 1 1 1 1 1 1 0 1 1 0 1 1 0
 0 0 1 1 1 0 0 1 0 0 0 0 1 1 1 1 1 1 1 1 1 1 0 1 1 1 0 0 1 0 1 0 1 1 0 0 1
 1 1 0 1 1 1 1 0 1 1 1 0 1 0 1 0 1 0 1 0 1 1 0 1 1 0]
At 12101/30000: COST 0.005/2.575(0.020) -- Acc 1.000/0.500(0.994)
[1 0 1 1 0 1 0 0 0 0 1 0 1 0 0 0 1 0 1 1 1 1 0 1 0 1 1 1 0 1 0 1 1 1 0 1 0
 1 1 1 0 0 0 0 1 0 1 0 1 1 1 0 0 0 1 1 0 1 1 0 1 1 1 1 0 1 0 1 1 0 1 1 1 0
 1 1 0 1 1 1 1 1 0 1 1 0 0 0 0 1 1 1 1 1 1 0 0 0 1 0]
At 12201/30000: COST 0.004/2.911(0.014) -- Acc 1.000/0.450(0.997)
[1 1 0 1 1 1 1 1 1 0 1 1 1 1 1 1 1 0 1 1 1 0 1 1 1 0 1 1 1 1 1 1 1 1 1 1 1
 1 0 1 1 1 1 1 1 1 0 1 1 0 0 1 1 1 1 1 1 1 0 0 1 1 1 0 1 0 1 1 0 1 1 1 1 1
 1 1 0 0 0 1 1 1 1 1 1 1 1 0 1 0 0 1 1 0 0 0 1 0 0 0]
At 12301/30000: COST 0.036/1.711(0.044) -- Acc 0.980/0.510(0.988)
[0 1 0 0 0 1 1 1 0 1 0 1 1 1 0 1 1 1 1 1 1 1 1 1 1 1 1 1 1 1 1 0 0 1 1 1 1
 0 1 1 0 1 1 1 1 1 0 1 1 1 1 1 0 0 1 1 1 1 0 1 1 1 0 0 1 1 0 1 1 0 1 1 1 1
 0 1 1 0 0 1 1 1 0 0 1 1 0 1 0 0 1 0 1 1 1 1 1 1 1 0]
At 12401/30000: COST 0.044/1.781(0.051) -- Acc 0.970/0.500(0.984)
[1 0 1 1 1 1 1 0 1 1 1 1 1 0 1 1 0 0 1 1 1 1 0 1 1 0 1 0 1 1 0 1 1 1 0 1 1
 0 1 1 0 1 0 0 1 1 1 1 0 0 0 1 0 1 0 1 0 1 1 1 1 0 0 0 1 0 1 0 1 1 0 1 0 0
 1 1 0 1 1 1 0 0 0 0 1 1 1 1 0 1 1 1 0 1 0 1 1 1 1 0]
At 12501/30000: COST 0.032/2.227(0.031) -- Acc 0.990/0.500(0.991)
[0 1 0 1 0 1 1 0 1 1 1 1 0 1 0 1 1 1 0 0 1 1 1 0 1 1 1 1 1 1 1 1 1 1 0 0 0
 1 0 0 1 0 1 0 1 1 1 1 1 1 0 1 1 1 1 1 1 1 1 1 1 1 0 1 1 0 0 1 1 1 1 0 0 0
 1 0 1 1 1 1 0 1 1 1 1 1 1 0 1 1 1 1 0 1 1 1 0 1 1 1]
At 12601/30000: COST 0.004/2.141(0.020) -- Acc 1.000/0.450(0.994)
[1 0 1 0 0 1 0 1 1 1 1 1 0 1 1 0 0 0 1 1 1 0 1 1 0 1 1 1 1 0 0 0 1 1 0 1 1
 0 1 0 1 0 1 1 1 1 0 1 0 1 0 1 0 0 1 0 1 1 1 1 1 1 0 1 0 0 0 1 1 1 0 0 0 0
 1 0 1 1 0 1 1 1 1 1 1 0 1 0 0 0 0 0 1 0 1 1 1 1 1 1]
At 12701/30000: COST 0.031/2.455(0.024) -- Acc 0.990/0.470(0.992)
[0 0 1 1 1 1 1 1 1 1 1 0 1 1 0 1 0 0 1 1 0 0 1 0 1 1 1 0 1 1 1 1 0 1 0 1 1
 1 1 0 1 0 0 1 0 1 1 1 0 1 1 1 1 1 1 0 1 1 1 1 1 1 1 1 0 0 1 1 1 1 1 1 1 1
 0 1 1 1 1 1 1 1 1 1 0 0 1 1 0 0 1 1 1 0 0 1 0 0 0 0]
At 12801/30000: COST 0.003/2.766(0.016) -- Acc 1.000/0.480(0.995)
[1 1 0 1 1 0 0 0 1 1 0 1 0 1 1 0 1 1 0 1 1 1 0 1 1 1 0 1 1 1 1 0 1 1 0 0 1
 0 1 1 1 1 1 1 1 1 0 1 1 0 0 1 1 0 0 1 0 1 1 1 1 1 1 1 0 1 1 1 1 1 1 1 1 1
 1 0 0 0 1 1 1 1 1 0 0 0 1 1 0 1 1 1 1 1 1 1 0 1 1 0]
At 12901/30000: COST 0.019/2.765(0.010) -- Acc 0.990/0.470(0.997)
[0 1 0 0 0 1 1 0 0 1 1 0 1 0 1 1 0 1 1 1 1 1 1 0 0 1 1 0 0 1 1 1 0 1 1 0 1
 1 0 1 1 1 1 1 1 0 1 0 1 0 1 1 0 1 0 1 0 1 1 1 0 1 1 1 0 1 0 0 1 0 1 1 1 0
 0 1 1 1 1 0 0 0 1 1 1 0 1 1 1 1 1 1 0 1 1 0 1 1 0 1]
At 13001/30000: COST 0.031/2.608(0.011) -- Acc 0.990/0.530(0.997)
[1 1 1 0 1 0 1 1 1 1 1 1 1 0 1 0 1 0 1 1 1 1 0 1 1 1 0 1 0 1 0 1 1 1 1 1 0
 0 1 0 0 1 0 1 0 1 1 1 1 1 1 1 1 1 1 1 1 0 1 0 1 0 0 1 0 1 1 0 0 1 1 1 1 0
 1 1 1 0 1 0 0 0 1 0 1 1 1 1 0 0 0 1 0 1 1 0 1 0 1 1]
At 13101/30000: COST 0.132/2.080(0.025) -- Acc 0.970/0.530(0.993)
[1 0 1 1 0 0 1 1 0 1 1 1 1 1 1 0 0 1 0 0 1 0 0 1 0 1 1 1 1 1 1 0 1 0 1 1 1
 1 0 0 1 1 1 1 0 1 1 1 0 1 0 0 1 1 0 1 1 1 1 0 0 0 1 1 1 0 1 0 1 1 1 1 0 1
 0 1 1 1 1 1 1 0 1 1 0 1 0 1 0 1 1 1 1 1 1 1 1 1 1 1]
At 13201/30000: COST 0.018/1.636(0.050) -- Acc 0.990/0.500(0.984)
[0 1 1 0 0 1 1 1 0 0 1 0 1 1 1 1 0 1 0 1 1 1 1 0 0 1 1 1 0 0 0 1 1 0 0 1 1
 1 1 1 0 1 1 1 1 1 1 1 1 1 0 0 0 1 1 1 1 1 0 1 1 1 1 0 0 1 1 1 1 1 0 1 0 0
 1 1 1 1 1 0 1 0 1 1 1 0 0 1 1 1 1 0 1 1 1 1 0 1 1 1]
At 13301/30000: COST 0.038/1.841(0.030) -- Acc 0.980/0.520(0.991)
[1 1 1 1 0 0 0 1 1 0 1 0 1 0 1 1 1 1 1 1 0 0 1 1 1 1 0 1 0 1 1 0 1 0 1 1 0
 0 0 1 1 0 0 1 1 0 0 1 1 1 1 1 0 0 1 1 1 1 1 0 0 0 0 0 0 1 1 1 1 1 0 0 1 0
 1 1 1 0 1 0 1 1 1 1 1 1 1 1 0 1 1 0 1 0 0 1 0 0 0 1]
At 13401/30000: COST 0.023/2.156(0.022) -- Acc 0.990/0.500(0.993)
[1 1 1 0 1 1 0 1 0 1 1 1 0 1 0 0 1 1 1 1 0 1 1 1 0 1 0 1 1 1 1 1 0 1 1 0 1
 1 1 0 1 1 1 1 1 1 1 1 1 1 1 1 1 1 1 1 0 1 1 1 1 1 1 0 1 1 1 1 1 0 0 0 1 0
 1 0 0 1 0 1 1 1 1 1 1 1 1 1 0 0 1 1 1 1 1 1 1 0 1 0]
At 13501/30000: COST 0.005/2.256(0.020) -- Acc 1.000/0.580(0.994)
[1 1 0 0 1 1 1 0 1 0 0 1 1 0 1 1 1 0 1 0 1 1 0 0 1 1 0 0 1 1 1 1 1 1 1 0 1
 1 0 1 1 0 1 1 0 1 1 1 0 1 0 1 0 1 1 0 1 0 1 1 1 1 1 1 1 0 1 1 1 1 1 0 1 1
 1 0 1 1 1 1 1 1 0 1 0 1 1 1 1 1 0 1 1 1 0 0 1 1 1 0]
At 13601/30000: COST 0.003/2.455(0.015) -- Acc 1.000/0.510(0.995)
[1 0 0 1 0 0 1 1 0 1 1 1 0 0 1 1 1 0 0 1 1 1 0 1 0 1 1 1 1 1 0 1 0 1 1 0 1
 1 0 1 1 1 1 1 1 1 1 1 1 0 1 1 1 1 1 1 0 1 1 1 1 1 1 1 0 1 1 0 0 0 1 1 1 1
 1 1 0 0 0 0 0 1 1 1 1 1 1 1 1 0 1 1 0 1 1 1 0 1 1 0]
At 13701/30000: COST 0.002/2.390(0.011) -- Acc 1.000/0.510(0.996)
[1 1 1 1 1 1 0 1 1 1 1 1 1 0 1 0 1 0 1 1 0 1 1 0 1 1 0 1 1 0 1 1 1 0 1 0 1
 1 1 1 1 1 0 1 0 1 1 1 1 1 0 0 1 1 0 1 1 0 1 1 1 1 1 1 1 1 1 1 1 0 1 1 1 1
 1 1 0 1 0 0 1 1 0 1 1 1 0 1 1 1 1 1 1 1 1 1 0 1 0 0]
At 13801/30000: COST 0.144/1.689(0.059) -- Acc 0.950/0.520(0.985)
[0 1 0 1 1 1 1 0 1 1 0 0 0 0 0 0 1 1 1 0 0 1 1 1 1 1 0 1 1 0 1 0 0 1 0 1 0
 1 0 1 1 1 1 1 1 1 1 1 1 1 1 0 0 0 0 1 1 1 1 1 1 0 1 1 0 0 1 1 1 1 0 1 1 1
 0 0 1 1 0 0 0 0 1 1 1 1 1 1 1 1 1 1 1 0 1 0 1 1 1 0]
At 13901/30000: COST 0.022/1.630(0.045) -- Acc 0.990/0.580(0.987)
[0 0 1 0 1 0 1 0 1 0 0 1 0 0 1 1 1 0 1 1 0 1 0 1 1 1 0 0 1 1 1 1 1 0 1 0 0
 1 0 1 1 0 1 1 0 0 1 1 0 1 1 1 0 1 1 0 0 1 1 1 0 1 1 0 1 1 0 1 0 0 1 1 1 1
 1 0 1 0 1 1 1 0 1 1 0 1 1 1 0 0 0 0 1 1 1 0 1 0 1 1]
At 14001/30000: COST 0.045/1.759(0.031) -- Acc 0.990/0.530(0.992)
[1 1 1 1 1 1 1 1 1 1 1 1 1 0 1 0 1 0 1 1 0 1 0 1 1 1 1 0 1 1 0 1 1 1 0 0 1
 1 1 0 1 1 1 1 0 0 1 1 1 1 0 0 1 1 0 1 1 1 0 1 1 0 1 0 1 1 1 1 0 1 1 0 1 1
 1 0 0 1 0 1 1 0 0 0 1 0 1 0 1 0 1 1 1 0 1 0 1 1 0 1]
At 14101/30000: COST 0.017/1.838(0.018) -- Acc 0.990/0.470(0.995)
[0 1 0 0 0 1 1 0 0 1 1 0 1 1 1 0 1 1 1 1 0 1 0 1 1 1 1 1 0 0 0 0 1 0 1 1 0
 1 1 0 0 1 1 1 1 1 0 1 1 1 1 1 1 1 0 0 1 0 1 0 0 1 1 1 0 0 1 1 1 1 1 1 1 1
 0 0 0 0 0 1 0 1 1 1 0 0 0 0 0 0 1 0 0 1 1 1 1 1 1 1]
At 14201/30000: COST 0.001/1.930(0.011) -- Acc 1.000/0.530(0.997)
[1 1 1 1 1 0 0 1 1 0 0 0 1 1 1 1 0 1 0 0 0 0 0 0 0 0 1 1 1 1 0 1 1 0 1 0 1
 0 1 1 1 1 0 1 1 1 1 1 0 1 0 1 1 0 1 1 0 1 1 1 0 1 1 1 0 1 1 1 0 1 1 1 0 0
 0 0 0 0 1 1 0 0 1 1 0 1 1 0 0 0 1 1 1 0 0 0 1 0 0 1]
At 14301/30000: COST 0.003/2.209(0.009) -- Acc 1.000/0.500(0.998)
[1 0 1 1 1 0 1 1 1 0 1 0 1 1 1 1 1 0 0 1 1 0 1 1 1 0 1 0 1 0 0 1 1 0 0 0 0
 1 0 1 1 1 0 1 1 0 1 0 0 0 0 1 1 1 1 1 1 1 1 1 1 1 0 1 1 0 1 1 0 0 0 1 1 1
 1 1 0 1 1 0 0 1 1 1 1 1 1 1 0 0 1 1 0 1 0 0 0 1 1 0]
At 14401/30000: COST 0.002/2.836(0.010) -- Acc 1.000/0.460(0.997)
[1 1 1 1 0 1 1 1 1 0 0 0 0 0 1 0 0 0 0 0 0 1 1 1 1 1 0 1 1 1 1 0 0 1 0 1 1
 1 1 1 1 0 1 1 1 1 1 0 1 1 1 0 0 1 1 1 0 1 0 0 1 1 0 1 1 1 1 1 1 1 0 1 0 0
 1 1 0 0 0 1 1 1 1 0 1 1 1 1 1 1 1 0 0 0 1 1 0 1 1 1]
At 14501/30000: COST 0.006/2.274(0.010) -- Acc 1.000/0.480(0.997)
[0 0 0 0 0 1 0 0 1 0 1 0 0 1 1 1 0 1 1 0 1 0 1 1 1 1 1 0 0 0 1 1 1 0 0 0 1
 1 0 1 1 1 1 0 1 0 0 1 1 1 0 1 1 1 1 0 1 0 0 1 1 1 0 0 1 0 0 1 1 0 1 0 0 0
 0 1 1 1 1 1 1 0 0 0 0 0 1 1 1 1 1 1 1 0 1 1 1 1 1 1]
At 14601/30000: COST 0.007/2.660(0.009) -- Acc 1.000/0.490(0.998)
[0 1 1 1 0 0 1 0 1 0 1 1 0 0 0 1 0 0 0 0 1 1 1 1 1 0 1 1 0 1 0 1 1 0 1 1 1
 1 1 1 0 1 1 1 1 1 1 1 1 1 0 0 0 1 1 0 1 1 0 1 1 0 1 1 1 1 0 0 1 1 1 0 1 1
 1 0 1 0 1 0 1 1 1 0 0 0 0 1 1 1 0 1 0 1 0 0 1 1 1 1]
At 14701/30000: COST 0.003/2.588(0.009) -- Acc 1.000/0.500(0.998)
[1 1 1 1 1 1 0 1 1 1 1 1 1 0 0 1 1 0 0 0 1 1 0 1 1 0 1 1 1 0 1 0 1 0 1 0 1
 1 1 0 1 1 1 0 0 1 0 1 1 0 1 1 1 1 1 1 0 0 0 1 1 0 0 1 0 1 1 1 0 0 0 1 0 1
 0 1 0 1 1 1 0 0 0 1 1 1 0 0 0 1 1 0 0 1 1 1 1 1 0 1]
At 14801/30000: COST 0.001/2.915(0.009) -- Acc 1.000/0.490(0.998)
[1 0 1 1 1 0 1 1 1 1 1 1 0 0 1 0 1 0 1 1 0 0 0 1 1 0 0 1 1 1 0 1 1 0 1 1 0
 0 0 1 0 1 0 1 1 0 1 1 0 1 1 0 1 1 1 1 0 1 1 0 0 1 1 0 1 1 1 0 1 1 0 1 0 1
 1 0 1 0 1 1 0 0 1 1 0 0 1 0 0 1 1 1 1 0 0 1 1 1 1 0]
At 14901/30000: COST 0.015/2.733(0.014) -- Acc 0.990/0.500(0.996)
[1 1 1 0 1 1 1 1 0 0 0 1 1 1 0 1 0 1 1 0 1 1 1 0 1 0 1 1 1 0 0 1 0 0 1 1 1
 1 1 1 1 1 1 1 1 1 0 1 0 1 0 1 0 1 0 1 1 1 0 1 1 1 1 1 0 1 1 0 1 1 1 0 1 1
 1 1 0 1 1 0 0 0 1 1 1 1 0 0 1 1 1 1 0 1 0 0 1 0 1 0]
At 15001/30000: COST 0.032/1.809(0.021) -- Acc 0.980/0.500(0.994)
[1 1 1 0 0 1 1 1 1 0 0 1 0 0 1 1 1 1 1 1 1 1 1 1 1 0 0 1 1 1 1 1 0 0 1 1 1
 1 1 0 0 1 1 0 1 0 1 0 1 0 1 0 1 0 1 0 1 1 0 1 1 0 0 1 1 1 1 1 1 1 0 1 0 0
 1 0 1 0 1 1 1 1 1 1 1 1 1 0 0 0 0 1 1 1 1 0 1 0 0 1]
At 15101/30000: COST 0.013/1.831(0.043) -- Acc 1.000/0.470(0.988)
[0 1 1 0 0 1 1 0 1 0 0 0 1 1 1 1 1 0 1 1 1 0 1 1 1 0 0 0 1 1 0 0 1 1 1 1 1
 1 1 1 1 1 1 1 0 1 1 0 1 1 0 1 0 0 1 0 1 1 1 1 0 0 1 0 1 0 1 1 0 1 1 0 0 1
 1 0 1 1 1 0 1 1 0 0 1 1 1 1 1 0 1 0 1 1 1 1 1 0 1 1]
At 15201/30000: COST 0.006/2.055(0.028) -- Acc 1.000/0.490(0.993)
[1 1 1 1 1 1 0 1 1 1 0 0 1 1 0 1 0 1 1 0 1 0 1 1 0 1 1 1 1 1 1 1 1 1 1 1 1
 1 1 1 1 0 1 1 0 1 1 0 0 1 1 1 1 0 1 1 1 1 0 0 1 1 0 1 1 0 1 1 1 1 1 1 1 0
 0 0 1 0 1 0 0 0 0 0 0 1 0 1 1 0 0 1 0 1 1 1 1 0 1 1]
At 15301/30000: COST 0.068/2.284(0.022) -- Acc 0.990/0.490(0.994)
[0 1 1 1 0 1 0 1 0 1 0 1 0 1 1 1 1 1 0 1 0 1 0 0 1 0 1 1 1 1 0 0 0 1 1 1 1
 1 1 0 0 1 0 1 0 0 1 0 1 1 1 1 1 1 1 0 1 1 0 0 0 1 0 0 1 0 1 1 1 0 0 1 0 1
 1 1 1 0 1 1 1 1 0 1 0 1 1 0 0 1 1 1 1 1 0 1 1 0 1 1]
At 15401/30000: COST 0.071/2.530(0.020) -- Acc 0.990/0.520(0.993)
[1 0 1 0 1 0 1 1 1 1 0 1 0 1 1 1 1 0 0 0 0 1 1 0 1 1 1 0 1 0 0 0 1 0 0 1 0
 1 1 0 1 1 1 0 0 1 0 1 1 1 1 1 1 1 1 1 1 0 1 0 1 1 0 1 1 1 0 1 0 1 0 1 1 0
 1 1 1 1 1 1 1 1 1 0 1 1 0 0 1 1 1 0 1 0 1 0 1 0 1 1]
At 15501/30000: COST 0.013/2.124(0.039) -- Acc 1.000/0.500(0.988)
[1 1 0 1 1 1 1 0 1 0 0 0 1 0 1 0 0 1 1 1 1 1 1 1 1 1 0 1 0 1 1 1 0 0 1 1 1
 0 0 1 1 1 0 1 1 1 1 1 0 1 0 1 1 1 0 1 0 1 1 1 1 0 1 1 1 1 1 1 1 1 1 1 0 0
 0 0 1 0 1 0 1 1 1 1 0 0 1 1 1 0 0 1 1 1 1 1 1 1 0 0]
At 15601/30000: COST 0.003/2.227(0.026) -- Acc 1.000/0.510(0.992)
[1 1 0 1 1 1 1 0 1 1 1 1 0 0 0 1 0 1 1 1 0 1 0 0 0 0 1 0 1 0 0 0 1 1 1 1 1
 1 1 1 1 1 1 0 1 0 0 1 1 0 0 1 0 1 1 1 0 1 1 1 0 1 1 1 1 0 1 0 0 0 1 1 1 1
 0 0 1 1 1 0 1 0 1 1 1 0 1 1 1 1 1 0 0 1 1 1 1 0 0 0]
At 15701/30000: COST 0.006/2.533(0.016) -- Acc 1.000/0.480(0.995)
[0 1 0 1 1 1 1 1 1 1 1 1 1 1 1 0 0 0 1 0 1 1 0 1 1 1 1 1 0 0 0 1 1 1 1 1 1
 0 1 1 1 1 0 0 1 1 1 1 1 0 1 1 1 1 0 1 0 1 1 1 1 1 0 0 1 0 0 0 1 1 1 0 1 0
 1 0 0 0 1 1 1 1 1 1 1 1 0 1 0 1 1 1 1 0 0 0 1 1 1 1]
At 15801/30000: COST 0.003/2.388(0.027) -- Acc 1.000/0.520(0.992)
[0 0 1 1 1 1 1 1 1 1 1 1 0 1 1 1 0 1 1 0 1 1 1 0 0 1 1 1 1 0 1 1 1 1 1 0 1
 0 1 0 1 1 0 1 1 0 1 0 1 1 0 0 1 0 0 1 1 1 1 1 1 1 1 0 1 1 1 1 0 1 0 1 1 1
 1 1 1 1 1 1 0 1 1 0 1 1 1 1 0 1 1 1 1 1 1 1 1 0 0 0]
At 15901/30000: COST 0.083/2.117(0.034) -- Acc 0.980/0.520(0.991)
[0 0 1 1 1 1 1 0 1 1 1 1 1 1 1 1 1 0 1 0 1 0 1 1 1 1 1 1 1 0 1 1 1 1 1 0 1
 0 1 0 1 1 1 1 1 1 1 1 1 1 1 0 1 0 0 1 1 0 1 1 1 1 0 1 1 1 1 1 0 1 1 1 1 0
 1 0 0 0 1 1 1 1 0 1 0 1 0 1 1 1 1 0 1 1 0 1 0 1 0 1]
At 16001/30000: COST 0.032/2.033(0.034) -- Acc 0.980/0.500(0.989)
[0 1 1 1 1 1 1 1 1 0 1 1 1 1 1 1 1 1 1 0 1 0 1 0 0 0 0 0 1 1 1 1 1 1 1 0 1
 1 1 1 0 0 0 1 0 1 0 1 1 1 1 1 1 1 0 0 1 1 1 0 1 1 1 1 1 1 1 1 1 1 1 1 1 1
 1 0 1 0 0 1 1 1 0 1 1 1 1 1 1 0 0 1 1 1 0 0 0 0 0 1]
At 16101/30000: COST 0.011/2.069(0.032) -- Acc 1.000/0.540(0.991)
[1 0 0 1 1 0 0 0 1 1 1 1 0 1 1 1 1 0 1 1 0 1 0 1 0 1 1 1 0 0 1 1 1 1 0 1 1
 0 0 1 1 1 1 1 1 1 0 1 1 0 0 0 1 1 1 1 0 1 1 1 0 1 1 1 0 1 1 1 1 1 1 1 1 0
 1 0 1 0 0 1 1 1 0 0 0 1 0 1 1 0 1 1 0 1 1 1 1 1 1 1]
At 16201/30000: COST 0.001/2.308(0.019) -- Acc 1.000/0.510(0.995)
[0 1 1 0 0 1 1 1 1 0 1 1 0 1 1 1 1 1 1 0 0 1 0 0 0 1 0 1 1 1 0 1 0 1 0 1 0
 1 1 0 1 0 1 0 0 0 0 1 1 1 1 1 0 0 1 0 1 1 1 1 1 1 1 1 1 1 1 1 0 1 0 1 0 1
 0 1 0 0 1 1 0 1 0 1 0 0 1 0 1 1 1 0 1 0 1 1 1 0 1 1]
At 16301/30000: COST 0.002/2.666(0.011) -- Acc 1.000/0.530(0.997)
[1 1 0 1 0 1 0 1 0 1 0 1 0 1 0 1 1 1 0 1 1 1 1 1 0 1 1 0 1 1 1 1 0 1 0 0 1
 1 1 0 1 0 1 0 1 1 1 1 0 1 1 1 1 0 1 1 0 1 0 1 1 1 0 0 1 1 1 0 1 1 0 1 1 1
 1 1 0 0 1 1 1 0 1 1 0 0 0 1 1 1 1 1 1 1 0 1 1 1 1 1]
At 16401/30000: COST 0.001/2.283(0.011) -- Acc 1.000/0.520(0.997)
[1 1 1 0 0 1 0 1 0 1 1 0 1 1 1 1 1 1 1 0 1 1 0 0 1 1 0 0 1 0 1 0 1 1 1 0 1
 0 1 0 1 1 0 1 0 1 1 0 1 1 1 1 1 1 1 1 0 0 0 1 0 1 0 1 1 1 1 1 0 0 0 0 0 1
 1 1 1 1 1 0 1 0 1 1 1 0 0 1 1 0 1 1 1 1 0 1 0 1 1 0]
At 16501/30000: COST 0.001/2.249(0.013) -- Acc 1.000/0.550(0.996)
[1 0 1 1 1 1 1 0 1 1 1 1 1 1 1 0 1 0 1 1 0 0 0 1 0 1 1 1 1 1 1 1 1 1 1 1 1
 1 1 1 0 0 0 1 1 1 1 1 1 0 1 1 0 0 1 1 0 1 0 0 0 1 1 1 0 1 1 0 1 1 1 1 1 1
 0 1 1 1 0 1 1 1 1 0 1 0 1 0 0 1 0 0 1 1 0 1 0 1 1 0]
At 16601/30000: COST 0.001/2.236(0.016) -- Acc 1.000/0.520(0.996)
[1 0 0 1 1 0 0 1 1 1 0 0 1 0 0 0 0 0 1 1 0 0 1 1 1 1 0 0 0 1 1 1 1 0 1 1 1
 1 1 1 1 0 1 1 1 0 1 0 1 1 1 1 0 0 1 0 1 1 1 1 1 1 1 1 1 1 1 1 1 0 1 0 1 1
 1 0 1 1 1 1 1 0 1 1 1 0 1 1 1 0 1 0 0 1 1 1 1 1 1 1]
At 16701/30000: COST 0.067/2.284(0.027) -- Acc 0.980/0.500(0.993)
[0 0 1 1 0 0 1 1 0 0 0 1 0 0 1 0 1 1 1 1 0 1 1 0 0 1 0 1 1 1 0 1 0 0 0 1 1
 1 0 1 1 1 1 1 1 1 1 0 1 1 0 0 1 0 1 1 1 0 0 0 1 1 1 0 1 1 1 1 1 0 0 1 1 0
 0 0 0 0 1 1 0 0 1 1 1 1 1 1 0 0 0 1 1 0 0 1 1 0 1 1]
At 16801/30000: COST 0.060/1.561(0.097) -- Acc 0.970/0.530(0.973)
[1 0 1 1 1 1 1 0 1 0 1 0 0 0 0 1 1 1 0 1 1 1 1 0 1 1 0 1 0 1 1 1 1 0 1 0 1
 1 0 0 1 1 1 1 1 0 1 1 1 1 1 0 0 1 0 1 0 0 1 0 0 0 0 1 1 1 1 0 1 1 0 1 0 1
 0 1 1 1 1 1 1 0 0 1 1 1 0 1 1 1 1 1 1 0 1 1 1 1 0 1]
At 16901/30000: COST 0.050/1.954(0.064) -- Acc 0.980/0.490(0.982)
[0 0 1 1 0 1 0 1 1 1 1 1 1 1 1 0 1 0 0 1 1 0 1 1 0 0 0 0 1 1 0 1 0 1 0 0 1
 1 1 0 1 0 1 1 1 1 1 1 0 0 0 1 1 0 1 1 1 1 1 0 1 1 1 1 0 0 1 1 1 0 1 1 1 0
 1 0 0 1 1 1 0 0 0 1 1 1 1 0 1 1 1 1 1 0 1 1 0 1 1 1]
At 17001/30000: COST 0.004/2.278(0.039) -- Acc 1.000/0.500(0.988)
[1 1 1 0 1 1 1 1 1 1 1 1 0 1 1 1 1 0 1 1 0 1 1 1 1 1 1 0 0 1 0 1 1 1 0 1 1
 1 1 1 0 1 1 0 0 1 1 1 1 1 1 1 0 1 0 0 0 1 0 1 1 1 1 0 1 0 1 1 1 1 1 0 0 0
 1 1 1 1 0 0 1 1 0 1 0 1 0 0 1 1 0 1 1 1 1 0 1 1 1 1]
At 17101/30000: COST 0.017/1.952(0.037) -- Acc 0.990/0.540(0.990)
[0 1 0 0 1 1 1 1 1 1 1 1 0 1 0 1 1 1 1 1 1 1 1 1 0 1 1 0 0 0 1 1 0 0 0 1 0
 1 1 1 0 0 1 1 1 1 1 1 0 0 1 0 0 1 1 0 1 0 1 0 1 1 0 1 0 0 1 1 1 1 0 1 1 1
 1 1 1 1 0 1 1 0 1 1 1 1 1 1 1 1 1 1 0 0 1 1 0 1 0 1]
At 17201/30000: COST 0.002/2.081(0.026) -- Acc 1.000/0.510(0.992)
[1 0 0 1 0 1 1 1 1 1 1 0 0 0 1 0 0 1 1 1 0 1 1 1 1 1 0 1 0 1 1 1 0 0 0 1 1
 1 1 0 1 1 1 1 1 1 0 0 1 0 1 0 0 0 1 0 1 1 0 1 1 1 0 0 1 1 0 0 1 1 1 1 1 1
 0 1 1 1 1 1 1 0 1 0 0 0 1 1 1 1 1 1 1 1 1 1 1 1 1 1]
At 17301/30000: COST 0.028/2.449(0.026) -- Acc 0.990/0.430(0.993)
[1 0 1 0 1 0 1 1 1 1 1 0 1 1 1 1 1 0 0 1 0 0 1 1 1 1 1 1 0 0 1 0 0 1 0 1 1
 1 0 0 1 0 1 0 1 1 0 1 1 1 1 0 1 1 1 1 1 1 1 0 0 1 0 1 1 1 1 1 0 0 1 1 0 1
 1 0 1 1 0 1 0 1 1 1 1 1 1 1 0 1 0 1 1 1 0 0 1 1 0 1]
At 17401/30000: COST 0.034/2.010(0.027) -- Acc 0.990/0.520(0.992)
[1 1 1 0 1 1 1 0 1 1 1 0 1 1 1 0 0 1 0 1 0 1 1 0 0 1 1 0 0 1 0 1 1 1 0 0 1
 1 0 1 1 1 0 0 1 1 1 1 1 1 1 1 1 1 1 1 1 0 1 1 1 0 0 0 1 0 1 0 1 0 1 1 1 1
 1 1 0 0 1 1 1 1 0 1 1 1 0 0 1 0 0 0 1 1 0 0 1 0 0 1]
At 17501/30000: COST 0.007/2.367(0.022) -- Acc 1.000/0.550(0.994)
[1 1 1 1 1 1 0 0 1 1 0 1 1 1 1 0 1 1 1 1 0 0 1 1 1 1 1 0 1 1 0 1 1 1 1 1 1
 1 0 1 1 1 0 0 1 0 1 1 1 0 0 1 1 0 1 0 1 1 0 0 1 1 0 0 1 1 1 0 1 1 1 0 1 0
 1 0 0 0 0 0 0 0 0 1 0 1 1 1 0 1 1 1 0 1 1 0 0 1 0 1]
At 17601/30000: COST 0.037/2.686(0.023) -- Acc 0.980/0.520(0.993)
[1 1 1 1 1 1 1 1 1 0 1 0 1 0 1 1 1 1 1 1 0 1 0 1 1 0 0 1 1 1 1 1 1 1 0 0 1
 1 1 0 1 1 1 1 1 1 1 1 0 1 1 1 1 0 1 1 0 0 1 0 1 0 0 1 0 0 0 0 1 1 0 0 1 1
 1 0 1 1 1 1 1 1 1 0 0 1 0 1 1 0 1 1 1 1 1 1 1 0 1 1]
At 17701/30000: COST 0.003/2.177(0.030) -- Acc 1.000/0.500(0.992)
[1 0 0 1 1 1 0 1 0 1 1 1 1 1 1 1 1 1 1 1 1 1 0 0 1 0 0 0 1 1 1 0 1 1 1 0 1
 1 1 1 1 1 0 1 1 1 1 1 1 1 1 1 1 1 1 1 1 0 1 1 0 1 1 1 1 1 1 1 1 0 1 1 1 1
 1 0 1 0 1 0 0 0 1 0 1 0 1 1 1 1 1 0 0 0 1 1 0 1 0 0]
At 17801/30000: COST 0.003/2.115(0.020) -- Acc 1.000/0.530(0.994)
[1 0 1 1 1 0 0 1 1 0 1 0 1 1 0 0 1 0 1 1 1 1 0 1 0 1 0 1 0 0 1 0 0 0 1 1 1
 1 1 1 1 1 0 0 1 0 0 1 1 0 1 1 1 1 1 1 1 0 0 0 1 1 1 1 1 1 1 1 1 0 0 1 1 1
 1 1 1 1 1 0 1 1 0 0 1 1 1 1 1 0 1 1 1 1 0 1 0 0 1 1]
At 17901/30000: COST 0.011/2.207(0.014) -- Acc 1.000/0.500(0.996)
[0 1 1 0 0 1 0 1 1 1 1 1 1 1 1 1 1 0 0 0 1 1 1 0 0 1 1 1 0 1 1 1 0 1 1 1 0
 1 0 1 1 1 0 1 1 1 1 0 1 0 0 0 1 1 1 1 0 1 1 0 0 1 0 0 1 1 0 1 0 1 1 0 1 1
 0 0 0 0 0 1 1 1 0 1 1 1 0 1 1 0 0 1 0 1 1 1 1 0 1 1]
At 18001/30000: COST 0.002/2.757(0.022) -- Acc 1.000/0.460(0.994)
[1 1 1 1 0 0 1 1 1 1 1 1 1 1 0 1 0 1 1 0 1 1 1 1 1 1 1 1 0 0 1 1 0 1 1 0 0
 1 1 1 0 1 1 0 1 1 0 0 0 1 0 1 0 0 0 1 1 1 0 1 0 0 0 1 1 0 0 0 1 1 0 0 1 0
 0 1 0 1 1 1 1 1 1 1 1 0 1 0 0 0 1 1 1 0 1 1 1 0 0 1]
At 18101/30000: COST 0.022/2.659(0.021) -- Acc 0.990/0.490(0.994)
[0 1 1 1 1 0 0 0 0 0 1 0 1 1 1 1 0 0 1 1 0 1 0 1 1 0 1 1 1 1 1 0 0 0 0 1 0
 1 1 0 1 1 1 1 0 1 0 1 0 1 0 1 1 1 0 0 0 0 0 1 1 0 1 0 0 1 1 0 1 1 0 1 1 0
 0 0 1 1 0 1 1 1 1 1 1 1 1 1 1 0 1 1 0 0 0 1 0 1 1 0]
At 18201/30000: COST 0.129/1.259(0.159) -- Acc 0.950/0.570(0.951)
[0 0 0 1 0 1 1 1 0 0 1 1 1 1 1 0 1 1 1 1 1 0 1 1 1 1 0 1 0 0 1 1 1 1 1 0 1
 0 0 1 1 1 1 0 1 1 0 0 1 1 0 0 1 1 0 0 0 1 1 1 1 1 1 0 1 1 1 0 1 0 0 1 0 1
 1 0 0 1 1 1 1 1 1 1 0 1 0 1 0 0 0 1 0 1 0 1 1 0 0 1]
At 18301/30000: COST 0.015/1.850(0.095) -- Acc 1.000/0.550(0.970)
[1 0 1 0 0 0 1 0 1 1 1 1 1 0 1 0 0 1 1 0 1 1 1 0 1 1 1 0 1 1 1 0 1 0 1 1 1
 1 1 0 1 0 1 1 0 0 1 1 1 1 0 0 0 0 0 1 1 1 0 1 0 1 1 1 1 0 0 1 1 0 1 1 1 1
 0 1 0 1 1 1 1 0 1 1 0 1 1 0 0 1 0 0 1 0 1 1 1 1 1 0]
At 18401/30000: COST 0.010/1.966(0.054) -- Acc 1.000/0.540(0.984)
[0 1 0 0 1 1 0 1 0 0 0 1 1 1 1 1 1 1 0 1 0 1 1 1 0 1 0 1 1 1 0 1 0 1 1 1 1
 0 0 1 0 0 1 1 1 0 0 1 1 0 0 1 1 1 1 0 0 0 1 1 0 1 0 1 0 0 0 0 0 1 1 0 1 1
 1 1 0 1 1 0 1 1 1 1 1 1 1 1 1 1 0 0 0 1 1 1 0 1 1 1]
At 18501/30000: COST 0.030/2.517(0.034) -- Acc 0.990/0.490(0.990)
[0 1 1 0 0 1 1 0 1 0 1 1 1 0 1 1 1 0 1 1 0 1 1 0 1 1 0 1 0 0 1 0 1 0 1 0 0
 1 1 0 1 1 0 1 1 0 1 1 1 1 1 1 1 1 1 0 1 0 1 0 1 1 1 1 0 1 0 1 1 1 0 1 1 1
 1 1 1 1 1 1 1 0 1 0 1 0 0 1 1 1 1 1 1 1 0 1 1 1 0 0]
At 18601/30000: COST 0.036/2.343(0.021) -- Acc 0.990/0.510(0.994)
[1 1 1 1 1 1 1 0 0 1 1 0 1 1 1 1 1 0 1 1 0 1 0 1 1 1 1 1 1 0 1 1 1 1 1 1 1
 1 1 1 1 1 1 1 1 1 1 1 0 1 1 0 0 0 1 1 1 0 0 1 1 1 1 0 0 1 1 1 0 0 1 1 0 0
 0 0 1 0 0 1 1 1 1 1 1 0 0 1 0 0 1 0 1 1 0 1 0 0 0 1]
At 18701/30000: COST 0.030/2.345(0.016) -- Acc 0.990/0.550(0.995)
[1 1 1 1 1 0 1 0 1 1 0 1 1 1 1 0 0 1 1 1 1 0 0 1 0 1 1 1 1 0 1 1 0 1 0 1 1
 0 1 1 0 1 1 0 1 0 1 1 1 1 0 1 0 1 0 0 1 0 1 1 0 1 1 1 0 0 1 1 1 0 0 1 0 1
 0 1 1 0 1 0 1 1 1 1 1 1 0 1 1 1 1 1 0 0 1 1 1 1 1 0]
At 18801/30000: COST 0.001/2.419(0.013) -- Acc 1.000/0.560(0.996)
[1 1 1 0 0 1 0 1 1 1 1 1 1 0 0 1 1 1 0 0 1 1 1 0 0 1 1 1 1 0 0 1 1 0 0 0 1
 1 1 0 1 1 1 1 1 0 1 1 0 1 1 0 1 0 1 1 0 1 1 1 1 1 1 1 0 0 1 1 0 0 0 0 1 1
 0 0 1 1 0 1 1 1 0 1 1 0 1 1 1 1 0 1 0 1 0 0 0 0 1 0]
At 18901/30000: COST 0.012/2.429(0.014) -- Acc 0.990/0.550(0.995)
[1 1 1 0 1 1 1 1 1 1 1 1 1 0 1 1 0 1 0 1 1 0 1 1 1 0 1 0 0 1 1 1 1 0 1 1 0
 0 0 0 1 0 1 1 1 1 1 1 1 1 0 0 1 0 1 0 1 1 0 1 0 1 1 1 0 1 0 1 0 0 1 0 1 1
 1 1 0 1 0 0 0 1 0 1 1 0 1 0 1 1 1 0 0 1 0 1 1 1 1 1]
At 19001/30000: COST 0.045/2.403(0.058) -- Acc 0.980/0.520(0.984)
[1 1 0 1 0 0 1 1 0 1 0 1 1 1 0 1 1 0 1 1 0 1 1 0 0 0 1 1 0 0 1 1 1 0 1 0 1
 1 1 1 1 0 1 1 1 1 1 1 0 0 0 1 1 0 1 0 1 1 1 1 0 0 1 1 0 0 1 0 1 1 0 1 1 1
 1 1 1 1 1 1 0 0 1 0 1 1 1 0 1 1 1 1 1 1 1 1 1 0 1 1]
At 19101/30000: COST 0.070/2.040(0.046) -- Acc 0.980/0.590(0.987)
[1 0 1 1 1 0 0 1 1 0 1 1 1 0 0 1 0 1 1 1 1 1 1 1 1 1 0 0 0 0 1 1 0 1 1 1 0
 0 0 0 1 1 0 0 0 1 1 0 0 1 1 1 0 1 1 1 1 1 1 1 1 1 0 1 1 0 0 0 0 1 1 1 1 0
 1 1 1 1 1 1 0 1 1 1 0 1 1 1 1 1 1 1 0 1 1 0 1 1 0 0]
At 19201/30000: COST 0.028/2.225(0.035) -- Acc 0.990/0.490(0.990)
[1 0 1 1 1 1 1 1 1 1 1 1 1 1 0 1 1 1 0 1 1 1 0 1 1 0 0 0 1 0 0 1 0 1 0 1 0
 1 1 0 1 1 1 0 1 0 0 0 0 1 1 0 1 0 1 0 1 1 1 1 0 1 1 1 1 0 0 1 1 1 0 0 1 1
 0 1 0 0 1 0 1 1 1 0 0 0 1 1 1 1 0 1 1 1 1 0 1 1 0 0]
At 19301/30000: COST 0.009/2.058(0.021) -- Acc 1.000/0.580(0.994)
[1 1 1 1 0 1 1 0 0 1 1 1 1 0 1 1 1 1 1 1 0 1 0 0 0 1 1 0 0 1 1 0 0 1 0 1 1
 1 1 0 0 1 0 0 0 1 1 0 0 1 1 0 1 0 0 0 0 0 1 1 1 1 1 0 1 0 1 0 0 1 1 1 1 0
 1 1 1 1 0 0 0 1 1 1 0 1 1 1 1 1 1 0 1 1 1 1 1 1 0 0]
At 19401/30000: COST 0.002/2.045(0.014) -- Acc 1.000/0.590(0.996)
[1 0 1 1 1 0 1 1 0 1 1 0 0 0 0 1 0 1 1 1 1 0 1 0 0 1 0 0 1 0 0 1 1 1 0 1 1
 0 0 1 1 1 1 1 0 1 1 1 0 0 0 0 1 0 0 0 0 1 1 1 0 1 0 0 1 1 1 1 1 1 1 1 1 0
 0 1 1 1 1 0 1 0 0 1 1 0 0 1 1 1 1 1 1 1 0 1 0 1 1 1]
At 19501/30000: COST 0.028/2.733(0.016) -- Acc 0.990/0.480(0.995)
[1 1 1 0 1 0 1 0 1 1 1 0 0 1 1 1 0 1 0 0 0 1 0 1 1 1 1 0 1 1 0 1 0 0 0 0 1
 1 0 1 1 0 1 1 1 1 1 1 1 0 1 1 1 1 1 1 1 0 1 1 0 0 1 1 0 0 0 0 1 1 1 0 1 1
 0 1 0 0 1 1 0 1 1 0 1 0 1 0 0 0 0 0 1 0 1 1 1 0 1 0]
At 19601/30000: COST 0.038/2.893(0.027) -- Acc 0.990/0.500(0.992)
[1 0 1 0 0 1 1 0 1 1 1 0 1 1 0 0 1 0 1 1 1 1 1 1 1 0 1 1 0 1 1 0 1 0 1 0 0
 1 1 1 1 0 1 1 0 1 1 1 0 1 1 1 0 1 0 0 0 1 0 1 1 0 0 1 1 1 1 1 1 0 1 1 0 1
 1 1 1 1 1 1 1 0 1 0 1 1 1 1 1 0 1 0 0 0 1 0 1 1 0 1]
At 19701/30000: COST 0.003/2.398(0.024) -- Acc 1.000/0.530(0.993)
[0 1 1 1 1 1 0 0 1 1 1 1 1 0 1 1 0 1 1 1 0 1 1 1 1 1 0 0 0 1 1 0 0 1 0 1 0
 1 0 0 0 0 0 1 0 0 1 1 0 1 1 0 1 1 0 0 1 0 1 0 1 1 1 1 1 1 0 1 0 1 1 1 0 1
 1 0 0 0 1 0 0 1 1 1 1 0 1 1 1 1 1 0 0 1 1 0 1 1 0 1]
At 19801/30000: COST 0.088/2.187(0.021) -- Acc 0.990/0.520(0.994)
[0 1 0 0 1 1 1 1 1 1 1 1 1 0 1 0 1 1 1 0 1 1 1 0 1 1 0 0 1 1 0 0 1 1 0 1 1
 1 0 1 1 1 1 0 1 1 0 1 0 0 1 1 1 1 1 1 1 1 1 1 1 0 0 0 0 1 0 0 1 1 1 0 1 0
 1 1 1 1 1 0 1 0 1 0 1 1 1 1 1 1 0 0 1 1 1 0 1 1 1 1]
At 19901/30000: COST 0.053/2.339(0.028) -- Acc 0.980/0.460(0.992)
[0 0 1 1 0 0 1 0 1 1 1 1 0 1 1 0 0 0 1 1 1 1 0 0 0 0 1 1 1 1 1 0 1 1 1 1 0
 1 0 0 1 1 1 1 1 1 1 1 0 0 1 1 0 0 1 0 0 1 0 1 0 1 1 1 1 1 0 1 1 0 1 1 1 1
 1 1 1 1 0 1 0 1 0 0 1 1 0 1 0 1 0 1 1 1 1 1 1 1 1 1]
At 20001/30000: COST 0.089/2.360(0.032) -- Acc 0.990/0.490(0.990)
[1 1 1 1 1 0 1 1 0 1 1 1 0 0 1 0 1 0 0 0 1 0 0 0 1 0 1 0 1 0 0 1 1 1 0 1 0
 1 1 0 1 0 1 1 1 1 1 1 1 0 1 0 1 1 0 1 1 1 1 1 0 0 1 1 1 0 0 1 1 1 1 1 1 0
 1 1 1 1 1 0 0 0 1 1 1 0 0 0 1 0 1 1 1 0 1 1 1 1 1 1]
At 20101/30000: COST 0.003/1.980(0.033) -- Acc 1.000/0.500(0.990)
[1 1 1 1 1 0 0 1 1 1 1 1 0 1 0 1 1 0 1 1 1 0 0 0 0 1 0 1 1 1 0 1 1 0 0 1 1
 0 1 1 1 0 1 1 1 1 0 0 1 0 1 1 0 1 0 0 0 0 1 0 0 0 1 1 0 1 1 0 1 0 1 0 1 0
 0 1 0 1 1 1 1 1 0 0 1 1 1 1 1 1 1 0 1 1 1 0 1 1 1 0]
At 20201/30000: COST 0.041/2.253(0.035) -- Acc 0.980/0.530(0.989)
[1 1 1 0 1 0 0 0 0 0 1 0 1 0 0 1 1 1 1 1 1 1 1 1 1 0 1 1 1 1 1 1 1 1 0 0 1
 0 0 0 0 1 1 0 1 1 1 1 1 1 0 1 1 0 1 1 0 0 0 1 1 1 1 0 1 1 1 1 1 1 0 0 0 1
 1 1 1 1 1 0 1 0 0 1 1 1 1 1 1 1 0 1 1 1 0 0 0 0 1 1]
At 20301/30000: COST 0.037/1.845(0.063) -- Acc 0.990/0.390(0.979)
[0 1 0 1 1 0 1 1 1 1 0 0 0 1 1 1 0 1 0 1 0 0 0 1 1 1 0 1 1 1 1 1 1 1 1 0 1
 0 0 1 1 0 1 0 0 1 1 0 0 1 1 1 0 0 0 1 0 0 1 1 1 1 0 1 1 0 1 1 1 1 1 1 1 1
 0 1 0 1 1 1 1 1 1 0 0 1 1 0 0 1 1 0 0 1 1 1 1 0 1 1]
At 20401/30000: COST 0.010/1.798(0.041) -- Acc 1.000/0.490(0.987)
[0 0 1 1 0 0 0 1 0 1 0 1 1 1 1 0 0 1 1 1 1 1 0 1 0 1 1 0 1 0 0 0 1 1 1 1 1
 0 0 1 1 1 1 1 0 0 1 1 1 1 0 1 1 0 1 0 1 0 1 1 1 1 1 1 1 0 1 1 1 0 0 1 1 0
 0 0 0 0 1 0 0 0 1 1 1 1 0 1 1 1 0 1 0 1 0 0 1 1 1 0]
At 20501/30000: COST 0.018/2.551(0.022) -- Acc 1.000/0.470(0.993)
[0 0 1 0 1 1 1 0 1 1 1 1 0 1 1 1 1 0 1 0 1 1 0 1 0 1 1 0 1 0 1 0 1 0 0 0 1
 1 1 0 1 0 0 1 1 0 1 1 0 0 1 0 1 1 1 1 1 1 0 1 0 1 1 1 1 1 0 1 0 1 1 0 0 0
 1 0 1 0 1 1 1 1 0 1 0 0 1 1 1 1 0 1 1 1 1 0 1 0 0 1]
At 20601/30000: COST 0.005/2.560(0.023) -- Acc 1.000/0.430(0.993)
[1 0 1 1 1 1 1 1 0 1 1 1 0 1 0 1 1 1 1 0 0 1 1 1 1 0 1 1 1 1 0 0 1 0 1 1 1
 1 1 1 0 1 1 1 1 1 1 0 1 1 0 1 0 1 1 1 1 0 0 1 1 0 1 0 0 0 1 0 1 1 1 1 1 1
 1 1 1 0 0 1 0 0 1 1 1 0 1 1 1 1 1 0 1 1 1 1 1 1 1 1]
At 20701/30000: COST 0.015/2.115(0.047) -- Acc 1.000/0.480(0.987)
[1 1 1 1 0 0 0 0 0 1 1 1 1 1 0 1 0 1 1 1 0 1 0 1 1 1 1 1 0 1 0 1 1 1 1 1 0
 1 0 1 1 1 1 0 1 1 0 1 1 0 1 0 0 0 1 1 0 1 1 1 1 1 1 1 0 0 0 1 1 0 0 1 0 1
 1 1 1 1 0 1 0 1 1 0 0 0 1 1 1 1 0 1 1 1 0 0 1 1 0 0]
At 20801/30000: COST 0.011/2.225(0.054) -- Acc 1.000/0.490(0.984)
[1 0 0 1 1 1 1 1 1 0 1 1 1 1 1 1 0 1 1 1 0 1 0 1 1 0 1 1 1 1 0 0 1 1 0 0 1
 0 1 1 0 1 0 0 1 0 0 0 1 1 1 0 1 1 1 1 1 0 1 1 1 1 1 0 1 0 1 0 1 0 1 1 0 1
 0 1 0 1 1 0 0 0 0 1 1 1 1 0 0 0 1 0 1 1 1 1 0 1 0 1]
At 20901/30000: COST 0.172/2.293(0.042) -- Acc 0.970/0.480(0.986)
[1 1 1 1 0 1 1 0 1 0 0 0 1 1 1 0 0 1 1 1 0 1 0 0 1 0 0 1 1 1 1 1 1 0 1 0 1
 0 0 1 1 1 0 0 0 1 0 1 0 1 1 0 1 0 1 0 0 1 1 1 1 1 1 0 0 1 0 1 0 1 0 1 1 1
 1 1 0 1 1 1 1 1 0 1 1 1 1 1 0 1 0 0 1 1 1 1 0 0 0 1]
At 21001/30000: COST 0.067/2.248(0.041) -- Acc 0.980/0.450(0.987)
[1 1 1 1 0 1 0 1 1 0 0 1 1 1 1 0 0 1 0 1 1 1 0 1 1 1 1 1 0 1 0 1 0 1 1 1 1
 0 1 0 0 0 0 1 0 0 0 1 1 1 0 0 1 1 0 1 1 1 1 1 1 0 1 1 1 1 0 0 1 1 1 0 0 1
 1 0 1 0 0 0 1 0 1 1 0 1 0 1 0 1 1 0 0 0 1 0 1 1 0 1]
At 21101/30000: COST 0.008/2.470(0.036) -- Acc 1.000/0.490(0.989)
[0 0 1 0 1 0 1 0 0 1 1 1 0 0 0 0 1 0 1 0 1 1 1 1 1 1 0 0 0 0 1 1 0 1 1 1 0
 0 1 1 0 1 1 0 0 1 1 0 1 1 1 1 1 0 0 1 1 1 1 1 0 1 0 0 1 1 1 1 1 1 0 0 0 1
 1 1 1 0 1 1 1 1 1 1 1 1 0 0 1 1 0 0 0 0 1 0 1 0 0 1]
At 21201/30000: COST 0.029/2.640(0.031) -- Acc 0.990/0.420(0.991)
[0 1 0 1 0 0 0 1 1 0 0 1 0 1 0 1 0 1 1 0 1 1 1 1 0 1 1 0 1 0 1 1 0 0 1 0 0
 1 0 1 0 1 1 1 1 1 1 1 0 0 1 1 0 1 1 0 0 0 1 1 1 1 0 0 1 1 1 1 1 1 1 0 1 1
 0 1 1 1 0 0 0 1 0 0 1 1 1 1 1 0 0 1 1 1 0 0 1 1 1 1]
At 21301/30000: COST 0.002/2.593(0.021) -- Acc 1.000/0.460(0.994)
[1 1 1 1 0 1 1 0 1 1 0 1 1 1 1 1 1 0 1 0 1 0 0 1 1 0 0 0 1 0 1 0 0 1 0 0 0
 1 1 0 1 0 1 0 1 1 0 1 0 0 1 1 1 0 0 1 0 0 1 1 1 1 0 0 1 1 0 1 0 0 1 1 0 1
 1 1 0 0 1 1 1 1 0 1 0 1 0 0 1 1 1 1 1 1 1 0 0 1 0 1]
At 21401/30000: COST 0.001/2.980(0.018) -- Acc 1.000/0.400(0.995)
[1 1 0 1 1 1 1 1 1 1 1 1 1 1 1 0 1 1 0 1 1 1 0 1 1 0 1 1 1 0 1 0 1 0 1 1 0
 1 0 1 0 1 1 1 1 1 1 0 1 1 1 1 1 1 0 1 1 1 0 1 1 0 1 1 1 0 1 0 0 1 1 1 0 0
 1 1 1 0 1 1 0 0 1 0 1 1 0 1 1 1 1 1 1 1 0 1 1 1 1 1]
At 21501/30000: COST 0.002/2.590(0.014) -- Acc 1.000/0.490(0.996)
[0 1 0 1 1 0 1 1 0 1 1 0 1 0 0 0 1 1 0 0 1 1 1 1 1 0 0 1 0 1 1 1 0 1 1 0 1
 1 1 0 1 1 0 0 1 1 1 0 0 1 0 0 0 0 1 1 1 1 1 1 1 1 1 1 1 0 1 0 1 0 0 1 0 1
 1 0 0 1 0 1 0 0 0 1 0 1 0 1 1 1 1 1 1 1 1 1 1 0 1 1]
At 21601/30000: COST 0.011/2.507(0.030) -- Acc 1.000/0.510(0.992)
[1 1 1 1 0 1 1 1 0 1 0 1 0 0 1 1 1 1 0 1 1 1 0 1 1 0 1 1 0 1 1 1 0 0 1 1 0
 1 1 0 1 0 1 1 1 1 1 1 1 0 0 0 1 0 0 1 1 1 1 1 1 1 0 1 0 1 0 1 0 1 0 1 0 1
 0 0 1 1 1 0 1 0 0 0 1 1 1 1 0 1 1 1 1 0 1 1 1 1 1 1]
At 21701/30000: COST 0.163/1.998(0.078) -- Acc 0.930/0.460(0.975)
[1 1 0 1 1 1 1 0 0 1 1 1 0 0 0 1 1 1 1 1 1 1 1 1 1 1 1 1 1 0 1 1 1 1 0 1 1
 1 1 0 0 1 1 1 0 1 0 0 0 0 1 1 1 0 1 1 1 0 1 1 1 0 1 1 1 1 0 0 1 1 0 1 0 0
 1 1 0 0 1 1 0 0 0 1 1 1 0 1 1 1 0 1 1 1 1 1 1 1 1 1]
At 21801/30000: COST 0.008/1.937(0.070) -- Acc 1.000/0.410(0.979)
[0 0 1 0 1 0 1 1 1 1 1 0 0 1 1 1 0 0 0 0 0 1 1 1 0 0 1 1 1 1 0 1 1 1 1 1 1
 0 0 1 1 0 1 0 1 1 1 1 1 1 1 1 0 0 1 1 1 1 0 1 1 1 1 0 1 1 1 1 0 1 1 0 0 1
 0 1 0 1 1 1 0 1 1 1 1 1 1 1 1 1 1 1 0 1 0 0 0 0 1 0]
At 21901/30000: COST 0.014/2.138(0.039) -- Acc 1.000/0.410(0.988)
[0 1 1 1 0 1 1 0 0 1 1 1 1 1 0 1 0 1 1 1 1 1 0 1 1 1 1 1 1 1 0 0 1 0 1 1 1
 1 1 1 1 0 0 1 1 1 1 1 0 1 1 1 1 1 1 1 0 1 1 1 0 1 0 1 0 1 0 0 1 1 1 1 1 1
 0 1 1 1 1 1 0 1 0 1 0 1 1 1 0 1 1 1 1 1 1 1 0 1 1 1]
At 22001/30000: COST 0.007/2.185(0.023) -- Acc 1.000/0.500(0.993)
[1 0 1 1 1 0 1 1 1 1 1 1 0 1 1 1 1 1 1 1 1 0 0 0 1 0 1 1 1 1 1 1 0 1 0 1 1
 0 0 1 1 1 1 0 1 1 1 1 1 1 1 1 0 1 0 0 1 1 1 1 1 1 1 1 0 1 1 0 0 1 1 0 1 1
 0 1 1 0 0 1 0 1 1 1 1 1 1 0 0 1 1 0 0 1 1 1 1 0 1 1]
At 22101/30000: COST 0.005/2.325(0.016) -- Acc 1.000/0.450(0.996)
[1 1 0 1 1 0 1 1 1 1 0 1 1 1 0 0 0 0 1 1 1 0 0 0 0 1 0 1 0 1 1 1 1 1 1 1 1
 1 0 1 0 0 0 0 1 1 0 1 1 1 1 0 1 1 1 0 1 0 0 1 1 0 1 1 1 1 0 1 0 0 0 1 0 0
 1 1 1 1 1 1 1 1 1 0 1 1 0 1 0 0 1 0 1 0 1 1 1 1 0 0]
At 22201/30000: COST 0.008/2.757(0.015) -- Acc 1.000/0.490(0.996)
[1 1 0 0 1 0 1 0 1 0 1 1 1 1 1 1 1 1 0 1 1 1 0 1 1 1 1 1 1 1 1 0 0 1 0 1 0
 0 1 0 0 0 1 1 1 1 1 1 1 0 1 1 1 1 0 0 1 0 1 1 0 1 1 0 0 0 1 1 1 1 1 1 0 0
 0 0 1 1 0 0 1 1 1 1 0 1 1 1 1 1 0 1 1 1 0 1 0 0 1 1]
At 22301/30000: COST 0.011/2.438(0.025) -- Acc 1.000/0.510(0.993)
[1 0 1 0 0 1 1 1 0 1 0 0 1 1 1 1 1 1 1 0 0 0 1 1 1 1 1 1 1 1 0 1 1 1 1 1 0
 0 1 0 0 0 1 1 1 1 1 0 1 1 1 0 1 1 1 0 1 1 1 0 0 0 1 1 0 0 1 0 1 1 1 0 1 0
 1 0 0 0 1 1 1 0 1 1 1 1 1 1 1 0 1 0 1 0 1 0 0 1 1 1]
At 22401/30000: COST 0.005/2.694(0.022) -- Acc 1.000/0.520(0.993)
[0 1 1 1 1 0 1 1 0 1 1 0 1 1 0 0 0 1 1 1 1 1 1 1 0 1 1 0 0 1 1 0 1 1 0 0 1
 0 1 1 1 0 1 0 1 1 1 0 0 0 1 1 1 1 1 0 1 1 0 1 1 1 0 1 1 0 1 1 1 1 0 0 1 1
 1 0 0 1 1 1 0 1 0 1 0 1 1 1 1 1 0 1 0 1 1 0 0 0 0 1]
At 22501/30000: COST 0.003/2.324(0.022) -- Acc 1.000/0.570(0.995)
[0 0 1 0 1 1 1 0 1 1 0 1 1 0 0 1 1 1 1 0 1 0 1 0 1 0 1 1 1 1 1 0 1 1 1 0 0
 0 1 1 0 0 1 1 1 1 0 1 1 1 0 0 0 1 0 0 1 1 0 0 0 1 1 1 1 0 0 0 1 1 1 0 1 0
 0 0 1 1 1 0 0 0 1 1 1 0 0 1 1 0 1 1 1 1 1 1 1 0 1 1]
At 22601/30000: COST 0.014/2.459(0.033) -- Acc 1.000/0.470(0.991)
[0 1 1 0 1 1 0 1 1 0 1 0 0 1 1 0 1 1 1 1 1 1 1 1 1 1 0 0 1 0 1 0 1 1 1 1 1
 1 1 0 0 1 1 1 0 0 1 1 1 1 0 1 1 0 0 1 0 1 1 1 1 1 1 1 0 0 0 1 1 1 1 1 1 0
 1 0 1 0 0 1 0 1 1 0 1 0 0 1 0 1 0 0 1 1 1 1 1 1 0 1]
At 22701/30000: COST 0.036/2.077(0.023) -- Acc 0.980/0.530(0.993)
[1 1 1 0 1 1 0 1 0 1 1 1 0 1 1 1 0 0 0 0 1 0 0 0 1 1 1 1 1 1 1 1 0 0 0 1 0
 0 0 1 1 1 1 1 0 0 1 1 1 1 1 1 1 0 1 1 1 1 1 0 0 1 1 1 0 1 1 1 0 1 1 1 0 0
 0 0 0 1 1 1 1 0 1 0 0 1 1 1 0 1 1 0 1 1 1 1 0 0 1 1]
At 22801/30000: COST 0.034/1.734(0.046) -- Acc 0.990/0.530(0.985)
[0 1 0 1 1 1 1 1 1 0 1 1 1 1 1 1 1 1 1 1 1 1 0 1 0 1 1 1 1 0 0 1 1 1 1 0 0
 0 1 1 0 1 1 1 1 1 1 1 0 1 1 1 0 1 1 0 1 1 1 0 0 1 1 1 0 1 1 1 0 1 1 1 0 1
 0 0 1 1 0 1 1 1 1 1 0 0 1 1 1 0 0 0 1 1 0 0 1 1 1 0]
At 22901/30000: COST 0.008/1.712(0.045) -- Acc 1.000/0.570(0.986)
[0 0 1 0 1 1 0 1 1 1 1 0 1 1 1 1 0 0 1 1 0 1 1 0 1 0 0 1 1 0 0 1 1 1 1 1 0
 1 1 1 1 1 1 1 1 1 1 1 1 1 0 0 0 1 0 0 1 1 0 1 1 1 0 1 1 0 1 1 0 0 0 1 1 1
 1 0 0 0 1 0 0 1 1 1 1 1 0 0 0 1 1 0 1 1 0 1 1 1 1 0]
At 23001/30000: COST 0.003/2.060(0.026) -- Acc 1.000/0.510(0.992)
[1 1 0 1 1 1 1 1 1 0 1 0 1 1 0 0 0 0 1 0 1 1 0 0 0 1 1 1 1 0 0 1 1 0 1 1 1
 1 1 1 0 1 1 1 0 1 1 1 1 1 0 0 1 0 1 1 1 1 1 0 1 1 0 1 1 1 0 0 1 0 0 1 0 1
 1 1 1 1 1 1 0 1 1 0 1 1 0 1 1 1 1 0 1 1 0 0 1 0 1 0]
At 23101/30000: COST 0.004/2.416(0.019) -- Acc 1.000/0.470(0.995)
[1 1 0 1 1 0 1 1 1 0 0 1 1 1 1 1 1 0 1 1 1 1 1 0 1 0 1 1 0 1 0 1 0 0 0 0 0
 0 1 0 1 0 1 1 1 1 1 0 1 0 1 1 1 1 1 1 0 1 1 1 1 0 1 1 0 1 1 1 1 1 1 0 1 0
 1 1 1 1 1 0 1 1 1 1 1 0 1 0 1 1 0 1 0 1 1 0 1 0 1 1]
At 23201/30000: COST 0.013/2.463(0.013) -- Acc 0.990/0.500(0.996)
[0 1 1 1 1 1 1 0 1 1 1 0 1 1 0 1 1 0 1 0 0 1 1 1 1 0 0 0 1 1 1 0 0 1 1 0 1
 1 1 1 0 1 1 1 1 1 1 1 1 1 1 1 0 0 0 0 0 1 1 1 0 0 1 1 0 0 0 0 1 0 1 1 1 1
 1 1 1 1 1 0 1 1 1 1 0 0 1 1 1 0 1 0 1 1 1 1 1 1 1 0]
At 23301/30000: COST 0.008/2.420(0.028) -- Acc 1.000/0.550(0.992)
[0 1 1 1 1 1 1 1 1 0 0 1 1 0 1 1 1 0 1 0 1 1 1 0 0 1 0 1 1 0 1 1 1 0 1 1 1
 0 1 1 1 1 1 1 1 1 1 1 1 0 1 1 0 1 1 0 0 1 0 0 0 1 1 0 0 1 1 0 1 1 0 1 0 1
 0 0 1 1 0 1 1 1 0 1 1 0 1 1 1 1 1 1 0 0 0 0 1 0 1 1]
At 23401/30000: COST 0.026/2.142(0.030) -- Acc 0.990/0.490(0.991)
[1 1 1 0 1 0 0 1 0 0 0 1 1 1 1 1 1 1 1 1 0 1 1 1 1 1 0 1 1 1 0 1 1 0 0 1 0
 0 0 1 1 0 1 0 1 1 1 1 1 1 1 0 1 1 0 1 1 1 0 0 1 1 0 0 1 1 1 1 1 0 0 1 0 1
 1 1 1 1 1 0 1 1 1 1 0 1 1 1 1 0 0 1 1 0 1 1 0 0 0 1]
At 23501/30000: COST 0.013/2.357(0.027) -- Acc 1.000/0.440(0.991)
[1 1 1 1 0 1 0 1 1 1 0 1 1 1 1 1 1 1 0 1 1 0 0 1 1 0 1 0 1 0 1 1 0 1 1 1 1
 1 1 1 1 0 0 1 1 1 1 1 1 1 1 1 1 1 1 1 1 1 1 1 1 1 1 0 0 0 1 1 0 0 1 1 1 1
 0 0 1 1 0 1 1 0 1 1 1 1 1 0 1 0 1 1 1 0 1 1 1 1 1 1]
At 23601/30000: COST 0.038/2.123(0.035) -- Acc 0.980/0.470(0.990)
[1 1 0 0 1 0 1 1 1 0 1 1 1 0 1 1 0 1 1 1 0 0 1 1 1 0 0 0 1 1 1 0 1 1 1 1 1
 1 1 1 1 0 1 1 1 0 0 1 1 1 0 1 1 1 1 0 0 1 1 1 1 1 1 1 0 0 1 1 1 1 1 1 0 1
 0 1 1 1 1 1 0 1 0 0 1 1 1 0 1 0 1 1 1 1 1 1 1 1 1 1]
At 23701/30000: COST 0.002/2.384(0.024) -- Acc 1.000/0.520(0.993)
[0 1 1 1 1 1 0 1 1 1 1 1 1 0 1 1 0 1 0 1 1 1 0 1 1 1 0 1 1 1 1 1 1 1 1 0 0
 1 1 0 0 1 1 1 0 1 0 1 0 1 1 1 1 1 1 1 1 1 1 1 0 1 1 1 1 1 1 0 0 0 0 0 1 0
 1 1 1 0 1 1 1 0 1 0 0 1 1 1 1 1 1 1 1 0 0 1 1 0 1 0]
At 23801/30000: COST 0.003/2.236(0.017) -- Acc 1.000/0.480(0.995)
[0 1 1 1 1 0 0 1 1 0 1 0 0 1 1 1 1 0 1 1 0 1 1 1 1 0 1 1 1 1 1 1 1 1 1 1 1
 1 1 1 1 1 1 0 0 1 1 1 1 1 0 0 1 0 1 1 1 0 1 1 1 1 1 0 1 1 0 0 1 1 1 1 1 0
 0 1 0 1 1 1 1 0 1 0 0 1 1 1 0 1 1 0 1 1 1 0 0 1 0 1]
At 23901/30000: COST 0.001/2.218(0.014) -- Acc 1.000/0.480(0.996)
[1 1 0 1 1 1 1 1 0 0 1 1 0 1 1 1 0 0 1 1 0 0 0 1 0 0 1 0 0 1 1 0 0 0 1 1 1
 1 1 1 1 1 1 0 1 1 1 1 1 1 1 1 1 0 1 0 1 0 1 1 1 1 0 1 1 1 0 0 1 1 1 1 0 1
 0 1 1 1 0 1 0 1 1 1 1 0 1 1 1 0 1 1 0 1 0 1 0 0 1 1]
At 24001/30000: COST 0.001/2.495(0.010) -- Acc 1.000/0.460(0.997)
[1 1 1 1 0 0 1 1 1 0 1 1 1 1 0 0 0 1 1 1 1 0 1 1 0 1 1 0 1 1 1 0 1 1 0 1 0
 0 1 0 0 1 1 1 1 0 1 1 1 1 0 1 0 1 1 1 1 0 1 1 0 1 1 1 1 0 1 0 1 1 1 1 0 1
 1 1 1 1 0 0 0 1 1 1 1 1 1 1 1 1 0 1 1 1 0 1 0 1 1 0]
At 24101/30000: COST 0.005/2.184(0.020) -- Acc 1.000/0.490(0.995)
[0 0 1 1 1 1 0 1 1 0 1 1 1 0 1 1 1 1 0 0 1 1 0 1 1 1 0 1 1 1 1 1 0 0 1 0 0
 1 1 0 1 1 0 1 1 0 0 1 1 1 1 0 1 1 0 1 1 1 1 1 0 0 1 0 1 1 1 0 0 1 0 1 1 0
 1 0 1 1 1 1 1 0 0 0 0 1 1 0 0 0 1 0 1 0 1 0 1 0 1 1]
At 24201/30000: COST 0.001/2.292(0.018) -- Acc 1.000/0.450(0.995)
[1 1 1 0 0 1 1 1 1 0 1 1 1 1 1 0 0 1 0 0 0 0 1 1 1 0 0 1 1 1 0 1 1 0 1 1 1
 1 0 1 1 0 1 1 1 1 1 0 0 1 0 0 1 0 1 1 1 1 1 1 1 1 0 0 1 1 1 1 1 1 1 1 0 1
 1 1 1 0 0 0 1 1 1 1 1 1 1 0 1 0 0 0 1 0 1 1 1 1 1 1]
At 24301/30000: COST 0.002/2.543(0.012) -- Acc 1.000/0.460(0.996)
[1 0 0 1 1 0 1 1 1 0 1 1 1 0 1 1 1 1 1 0 1 1 1 1 0 1 1 1 1 1 1 0 0 0 1 1 1
 0 1 1 1 0 0 1 0 1 1 1 1 1 0 0 1 1 1 1 0 1 0 1 0 1 1 1 1 1 1 1 1 1 1 0 0 1
 1 1 0 1 1 0 0 1 1 0 1 1 1 0 1 1 1 1 1 0 1 1 1 1 1 1]
At 24401/30000: COST 0.020/2.554(0.009) -- Acc 0.990/0.440(0.997)
[1 0 1 1 1 1 1 1 1 0 1 1 1 0 0 1 1 1 1 0 0 1 1 0 0 0 1 0 0 0 1 1 1 1 1 1 1
 0 1 1 1 0 1 1 1 1 1 0 1 0 1 1 0 1 1 1 0 1 1 1 1 0 1 0 0 0 1 0 1 1 0 1 1 1
 0 0 1 1 1 0 1 1 1 1 1 0 1 1 0 1 1 0 1 1 1 0 1 1 1 1]
At 24501/30000: COST 0.001/2.795(0.012) -- Acc 1.000/0.480(0.996)
[1 0 1 0 1 1 0 1 1 0 1 1 1 1 1 1 1 1 1 0 0 1 0 1 1 0 0 0 1 1 0 1 1 0 0 0 0
 0 1 0 0 1 1 0 1 1 0 1 1 1 1 1 1 1 1 1 1 1 0 1 0 1 1 1 1 0 1 1 1 1 1 1 0 1
 0 0 0 1 1 1 0 1 0 0 1 1 1 0 1 1 1 1 1 1 1 1 1 0 1 1]
At 24601/30000: COST 1.513/1.403(0.298) -- Acc 0.560/0.430(0.931)
[1 0 1 1 1 1 1 1 1 1 1 1 1 1 0 1 1 1 1 1 1 1 1 1 1 1 1 1 0 1 1 1 1 1 1 1 1
 1 1 1 1 1 1 0 1 1 1 1 1 1 1 1 1 1 1 1 1 1 1 1 1 1 1 1 1 1 1 1 1 1 1 1 1 1
 1 1 1 1 1 1 1 1 1 1 1 1 1 1 1 1 1 1 1 1 1 1 1 1 1 1]
At 24701/30000: COST 0.700/0.696(0.657) -- Acc 0.540/0.510(0.684)
[1 1 1 1 1 1 0 1 1 1 1 1 1 1 0 1 1 1 1 1 1 1 1 1 1 1 1 1 1 1 1 1 1 1 1 1 1
 0 1 1 1 1 1 0 1 1 1 1 1 1 1 1 1 1 1 1 1 1 1 1 1 1 1 1 1 1 1 1 1 1 0 1 1 1
 1 1 1 1 1 0 1 1 1 1 1 1 1 1 1 1 1 1 1 0 1 1 1 1 1 1]
At 24801/30000: COST 0.677/0.707(0.663) -- Acc 0.570/0.460(0.611)
[1 1 1 1 1 1 1 1 1 1 1 1 1 1 1 1 1 1 1 1 1 1 1 1 1 1 1 1 1 1 1 1 1 1 1 1 1
 1 1 1 1 1 1 1 1 1 1 1 1 1 1 0 1 1 1 1 1 1 1 1 1 1 1 1 1 1 1 1 1 1 1 1 0 1
 1 1 1 1 1 1 1 1 1 1 1 1 1 1 1 1 1 1 1 1 1 1 1 1 1 1]
At 24901/30000: COST 0.567/0.714(0.637) -- Acc 0.620/0.490(0.616)
[1 1 1 1 1 1 1 1 1 1 1 1 1 1 1 1 1 1 1 1 1 1 1 1 1 1 1 1 1 1 1 1 1 1 1 1 1
 1 1 1 1 1 1 1 1 1 1 1 1 1 1 1 1 1 1 1 0 1 0 1 1 1 1 1 1 1 1 1 1 1 1 1 1 1
 1 1 1 1 1 1 1 1 1 1 1 1 1 1 1 1 1 1 1 1 1 1 1 1 1 1]
At 25001/30000: COST 0.526/0.706(0.590) -- Acc 0.690/0.490(0.644)
[1 0 1 1 1 1 1 1 0 1 1 1 0 1 0 1 0 0 0 0 1 0 1 1 1 0 1 1 1 1 0 1 0 1 0 1 1
 1 1 1 0 1 0 1 1 1 0 1 0 1 1 0 1 1 1 0 0 1 1 1 1 1 0 1 1 1 0 1 1 1 0 1 1 1
 0 1 0 1 1 1 0 0 1 1 1 0 0 0 1 1 1 1 1 1 1 1 1 1 1 1]
At 25101/30000: COST 0.098/1.388(0.416) -- Acc 0.960/0.470(0.775)
[1 0 1 0 1 0 1 0 0 1 1 1 1 1 1 1 0 1 1 0 1 1 1 1 1 0 0 1 1 0 1 0 1 1 0 1 1
 0 1 0 1 0 1 1 1 1 1 1 0 1 0 1 1 1 0 1 1 1 1 1 1 1 0 1 1 0 1 1 1 1 0 1 1 0
 1 0 1 0 1 1 0 1 1 1 0 0 0 1 0 1 1 1 0 1 1 1 1 1 0 1]
At 25201/30000: COST 0.033/1.799(0.199) -- Acc 0.990/0.440(0.903)
[1 0 0 0 0 1 0 1 1 0 0 1 1 1 1 1 1 1 1 0 1 1 1 1 1 1 1 1 0 1 1 1 1 0 0 0 0
 1 1 1 1 0 0 1 0 0 0 1 1 0 1 1 1 1 1 1 1 0 0 0 1 1 0 0 1 0 0 1 0 0 1 1 0 1
 1 1 1 1 0 1 1 1 0 1 1 1 0 0 1 1 1 1 1 0 1 1 0 0 0 0]
At 25301/30000: COST 0.010/2.112(0.097) -- Acc 1.000/0.490(0.957)
[1 0 1 1 0 0 1 1 1 0 1 1 0 0 1 1 1 1 1 1 1 0 1 1 0 0 0 1 1 1 1 0 1 0 0 1 1
 0 1 0 0 0 1 0 1 1 0 1 1 1 1 1 1 0 0 0 0 1 1 1 1 1 1 0 1 1 1 1 1 1 0 1 0 0
 1 1 0 0 1 0 0 1 1 1 1 1 1 0 1 0 1 1 1 1 0 1 1 0 1 1]
At 25401/30000: COST 0.013/2.327(0.051) -- Acc 1.000/0.460(0.980)
[0 0 1 1 0 1 1 1 0 1 1 1 0 0 1 0 1 1 1 1 0 1 1 0 1 1 0 0 0 0 1 1 0 1 1 1 0
 0 0 0 1 1 0 1 1 1 1 1 1 1 1 0 0 1 1 1 1 0 1 1 1 0 0 1 1 0 0 1 1 1 1 1 0 1
 0 1 1 1 0 1 1 0 1 1 1 1 1 0 1 1 1 1 0 1 1 1 0 1 1 1]
At 25501/30000: COST 0.020/2.034(0.036) -- Acc 0.990/0.480(0.987)
[1 1 1 1 0 1 1 1 0 0 1 0 0 1 1 0 1 1 0 0 1 1 1 1 1 1 1 0 1 1 1 1 1 0 0 1 0
 1 1 0 1 1 1 1 1 1 1 1 1 1 1 1 1 1 1 0 1 1 1 1 0 1 0 1 1 1 0 1 1 0 1 1 1 1
 1 1 1 1 0 0 1 1 1 1 0 1 0 1 0 1 1 1 1 1 0 1 0 0 1 0]
At 25601/30000: COST 0.004/1.776(0.038) -- Acc 1.000/0.500(0.987)
[1 1 0 1 0 1 1 0 1 1 1 0 0 0 1 1 1 1 0 1 1 1 0 0 0 0 1 1 1 0 1 1 1 1 1 1 0
 1 0 1 1 0 0 1 0 0 0 1 0 1 1 0 0 0 0 1 1 1 1 1 1 1 0 1 1 0 0 1 1 0 1 1 1 0
 0 1 1 0 0 1 1 1 1 1 1 1 1 0 0 1 1 0 1 0 1 1 1 0 1 0]
At 25701/30000: COST 0.031/2.031(0.024) -- Acc 0.990/0.490(0.992)
[1 0 1 1 1 0 0 0 1 1 0 0 0 1 1 1 0 1 0 1 1 1 0 0 0 1 0 1 1 1 0 1 1 1 0 1 1
 1 0 1 1 0 1 0 1 0 1 1 1 1 1 1 1 1 1 1 1 1 0 0 1 0 1 1 1 1 1 0 1 1 0 1 1 1
 0 1 0 1 1 1 1 1 1 0 1 1 1 1 0 0 1 0 1 1 1 1 0 0 0 1]
At 25801/30000: COST 0.088/2.290(0.023) -- Acc 0.970/0.440(0.992)
[0 1 1 1 1 1 1 1 1 0 0 0 0 1 1 1 0 0 1 1 1 1 1 1 1 1 1 0 1 1 1 1 1 0 1 1 0
 1 0 0 1 0 1 1 1 1 0 1 1 0 1 0 1 1 0 0 0 1 1 1 1 1 1 1 0 1 0 1 1 1 0 1 1 1
 1 1 0 1 0 1 1 1 0 1 1 1 0 1 1 1 1 0 1 1 0 1 0 0 1 0]
At 25901/30000: COST 0.023/2.215(0.026) -- Acc 0.990/0.500(0.992)
[1 1 1 1 0 1 1 1 0 1 1 1 1 1 1 0 0 0 1 0 1 1 1 0 1 0 0 0 0 0 1 1 0 1 0 1 0
 0 0 1 0 0 1 1 1 1 1 0 1 1 0 1 1 1 1 0 1 1 1 1 1 0 1 0 0 0 0 1 1 1 1 0 1 1
 1 0 1 1 0 1 1 1 0 0 1 1 1 1 1 0 0 1 1 0 0 1 1 0 1 1]
At 26001/30000: COST 0.028/2.245(0.025) -- Acc 0.990/0.480(0.992)
[1 1 1 0 0 1 1 0 0 0 1 1 0 0 0 0 1 0 1 1 1 0 0 1 1 1 1 1 1 0 1 1 0 0 1 1 1
 0 1 1 0 0 1 0 0 1 0 1 1 1 0 1 0 0 0 1 0 1 0 1 1 1 0 1 0 0 1 1 1 1 1 1 1 1
 1 0 1 1 1 1 1 1 0 1 0 0 1 0 1 1 0 1 1 1 1 1 0 1 1 1]
At 26101/30000: COST 0.004/2.323(0.017) -- Acc 1.000/0.500(0.995)
[0 1 0 0 0 1 1 1 1 1 1 1 0 0 1 1 1 1 1 1 1 0 0 1 0 1 1 0 1 0 1 0 0 1 0 1 1
 0 1 0 0 0 1 1 0 1 0 1 1 1 0 1 1 1 1 1 0 1 1 0 1 1 0 0 1 1 0 1 1 0 1 1 1 1
 1 1 1 0 0 1 1 1 0 0 0 1 0 1 0 0 0 1 1 1 1 1 1 1 1 1]
At 26201/30000: COST 0.025/2.438(0.015) -- Acc 0.990/0.490(0.996)
[1 1 0 1 1 1 1 1 1 1 0 0 0 1 1 0 1 1 1 1 0 1 1 0 1 1 1 1 1 0 1 0 0 1 1 0 1
 0 1 1 0 1 1 1 0 0 0 1 1 1 1 1 1 0 0 1 1 0 1 1 1 1 1 1 1 1 1 0 1 0 0 1 1 0
 0 1 1 0 1 1 1 1 1 1 1 1 1 1 1 1 0 1 1 0 0 1 0 1 1 1]
At 26301/30000: COST 0.010/1.861(0.013) -- Acc 1.000/0.540(0.996)
[1 1 0 1 1 0 0 0 1 0 0 1 1 0 0 0 1 1 1 1 1 0 1 0 1 1 1 1 0 1 1 1 1 1 1 0 1
 0 0 0 1 0 0 1 1 1 0 1 0 1 1 1 0 1 1 1 1 0 1 0 1 1 1 1 1 0 0 1 1 1 1 1 1 1
 0 1 1 0 1 1 0 0 1 1 1 1 1 1 1 1 0 1 1 0 1 1 1 0 1 1]
At 26401/30000: COST 0.003/2.380(0.016) -- Acc 1.000/0.450(0.995)
[0 0 1 1 0 1 1 1 1 1 0 1 1 1 1 1 1 1 0 0 0 0 1 1 0 1 1 0 1 1 0 1 1 0 1 0 1
 1 1 1 1 1 0 1 1 0 0 1 1 1 0 1 1 0 1 0 1 0 1 0 1 1 1 1 1 1 1 1 1 0 0 1 1 0
 1 1 1 0 1 0 1 1 1 0 0 1 1 1 1 1 1 1 1 1 0 0 0 1 1 1]
At 26501/30000: COST 0.003/2.040(0.016) -- Acc 1.000/0.520(0.995)
[1 1 1 0 0 0 0 0 1 0 1 1 1 1 1 1 1 1 1 0 0 1 0 0 1 1 0 1 1 1 1 1 0 0 1 1 1
 1 1 1 1 1 0 1 1 1 0 1 1 1 1 1 1 1 1 0 1 1 1 1 1 1 0 1 1 0 0 1 0 1 1 0 0 1
 1 1 1 1 1 0 0 0 1 0 1 0 0 0 1 0 1 1 1 1 0 0 1 1 0 1]
At 26601/30000: COST 0.005/2.375(0.014) -- Acc 1.000/0.500(0.996)
[1 0 0 1 1 1 1 0 0 1 1 1 1 1 0 1 0 1 1 1 1 0 1 1 1 1 0 0 1 0 1 1 0 0 1 1 1
 1 0 1 1 1 0 1 0 0 1 1 1 1 1 1 1 0 1 1 1 0 1 1 1 0 0 0 0 1 1 1 1 0 1 1 1 1
 1 0 0 1 1 1 1 0 1 1 1 0 0 0 1 0 0 1 0 0 1 0 0 1 0 0]
At 26701/30000: COST 0.012/1.944(0.012) -- Acc 0.990/0.560(0.996)
[1 1 0 1 0 1 0 1 1 0 1 1 0 1 1 1 0 1 1 0 1 1 1 0 1 0 1 0 1 0 0 1 0 0 0 1 0
 0 0 0 0 1 1 1 1 1 1 1 1 0 1 0 1 1 1 1 0 0 1 1 0 0 0 1 1 1 1 0 0 1 1 1 1 0
 0 0 0 0 1 1 0 1 1 0 1 1 1 1 0 0 1 1 1 1 1 1 1 1 1 1]
At 26801/30000: COST 0.019/2.232(0.014) -- Acc 0.990/0.490(0.996)
[1 1 1 1 0 1 1 1 1 1 0 1 1 0 1 0 0 1 1 1 1 1 1 1 1 1 1 1 1 1 1 1 1 1 1 1 0
 0 0 1 0 0 1 0 0 1 0 1 0 1 1 1 0 0 1 1 1 1 1 0 1 0 1 1 1 0 1 0 1 1 1 1 1 1
 0 1 0 1 1 1 1 0 1 0 0 1 0 1 1 1 1 0 1 1 1 1 1 1 1 1]
At 26901/30000: COST 0.029/2.222(0.026) -- Acc 0.990/0.480(0.993)
[1 0 0 1 1 1 1 0 0 1 1 1 0 0 0 1 0 0 1 1 1 1 1 0 0 1 1 1 0 1 1 1 1 1 1 1 0
 1 1 1 1 1 0 0 1 1 0 1 1 0 1 0 1 0 1 1 1 1 0 1 1 0 1 0 1 0 1 1 1 0 0 1 1 1
 0 1 1 1 1 1 1 1 1 1 0 0 1 0 0 1 0 0 0 1 0 1 0 0 0 0]
At 27001/30000: COST 0.041/2.315(0.022) -- Acc 0.990/0.470(0.993)
[1 0 0 1 0 1 1 0 0 1 1 1 1 0 1 1 1 0 1 0 1 0 0 1 0 0 0 1 1 0 0 0 1 1 0 0 1
 1 0 1 1 1 1 1 0 1 1 1 1 0 1 0 1 1 1 1 0 0 0 0 1 0 1 0 0 1 1 1 1 1 1 1 1 1
 0 1 1 1 1 1 1 0 1 0 1 1 1 1 0 1 1 1 1 1 1 0 0 1 1 1]
At 27101/30000: COST 0.021/2.372(0.021) -- Acc 0.990/0.460(0.994)
[0 0 0 1 1 1 1 1 1 1 1 1 0 1 1 0 1 1 0 1 1 0 1 1 1 0 1 0 1 1 1 1 0 1 0 0 0
 0 1 0 0 1 0 1 1 0 1 1 1 1 0 1 0 0 0 1 1 0 0 0 1 1 1 1 0 0 0 0 1 1 1 1 0 0
 1 0 1 1 1 1 1 0 0 1 1 1 1 0 0 0 0 1 0 1 1 1 0 1 1 0]
At 27201/30000: COST 0.005/2.522(0.025) -- Acc 1.000/0.500(0.992)
[1 0 1 0 1 0 1 0 1 1 0 0 1 0 0 1 0 1 1 1 0 1 0 1 1 0 1 0 1 0 0 1 1 1 1 1 1
 1 1 1 1 1 0 1 0 1 0 1 0 1 0 1 0 1 0 1 0 1 0 1 1 1 0 1 1 0 0 1 0 0 1 0 0 1
 1 0 1 0 1 1 1 1 1 0 1 0 1 0 0 0 1 1 1 1 0 1 0 1 1 1]
At 27301/30000: COST 0.057/1.936(0.053) -- Acc 0.990/0.450(0.983)
[0 1 0 1 0 0 1 0 0 0 0 0 1 0 1 0 1 1 0 0 1 1 1 1 1 1 0 0 1 0 1 0 1 1 0 1 1
 1 1 1 1 0 1 1 1 0 1 1 1 1 0 1 0 0 0 1 1 1 1 1 1 1 1 1 0 0 1 0 1 0 1 1 1 1
 1 1 0 1 0 1 1 1 1 1 1 1 0 1 1 0 1 1 1 1 0 0 1 0 1 1]
At 27401/30000: COST 0.016/2.502(0.039) -- Acc 1.000/0.460(0.988)
[0 1 1 1 1 1 1 1 1 0 0 1 0 1 1 0 1 1 1 0 0 1 1 1 1 1 0 1 1 0 1 1 0 1 1 1 0
 1 1 1 1 1 1 0 1 0 1 1 1 1 1 1 0 0 0 1 1 1 0 1 1 0 0 1 0 1 1 1 1 1 1 1 1 0
 1 1 1 0 1 1 1 0 1 1 0 1 1 0 0 0 0 1 0 1 0 1 0 0 1 0]
At 27501/30000: COST 0.063/2.007(0.032) -- Acc 0.970/0.500(0.990)
[1 0 1 0 1 1 0 0 1 1 1 1 1 0 1 0 1 1 0 0 0 1 0 1 0 1 1 1 0 1 0 0 1 0 1 1 1
 1 1 1 1 1 0 0 0 1 1 1 1 0 0 0 0 0 1 1 1 0 1 0 1 0 0 0 0 0 0 0 0 1 0 0 1 1
 1 1 0 1 0 1 1 0 0 1 1 0 1 1 1 1 1 1 1 1 1 1 1 1 1 0]
At 27601/30000: COST 0.075/1.905(0.032) -- Acc 0.980/0.420(0.990)
[0 0 0 1 1 1 1 1 1 1 0 0 1 0 0 0 0 0 0 1 1 0 0 1 0 0 1 1 1 0 0 1 1 0 1 1 0
 0 1 0 1 1 0 0 1 1 1 1 0 1 1 0 1 1 1 1 0 0 1 0 1 1 1 1 1 1 1 0 1 1 0 1 1 1
 1 1 0 1 1 0 0 0 1 1 1 1 0 0 1 1 0 1 0 0 1 0 1 1 1 1]
At 27701/30000: COST 0.019/2.343(0.028) -- Acc 1.000/0.510(0.991)
[0 0 1 0 1 1 1 1 1 0 1 1 1 0 1 1 1 0 1 1 0 0 1 1 1 1 0 1 1 1 1 1 1 1 1 1 1
 1 1 0 0 0 1 1 1 1 1 1 1 1 1 1 0 0 1 0 0 1 1 1 0 1 0 0 0 1 0 1 0 1 1 0 1 1
 1 1 0 1 1 1 1 1 1 1 1 1 0 1 1 1 1 1 1 0 1 1 1 1 1 0]
At 27801/30000: COST 0.005/2.505(0.039) -- Acc 1.000/0.540(0.988)
[1 1 0 1 0 1 1 0 1 0 1 0 1 1 0 1 0 1 1 1 1 1 1 1 0 0 1 1 0 1 1 1 1 1 1 0 1
 1 0 1 1 1 1 1 1 0 1 1 1 0 1 1 1 1 0 1 1 1 1 0 1 0 1 1 1 1 1 1 0 1 0 1 1 1
 1 1 1 1 1 1 0 1 0 1 0 1 0 1 1 0 1 1 1 1 0 1 0 1 1 1]
At 27901/30000: COST 0.009/2.192(0.033) -- Acc 1.000/0.450(0.991)
[0 1 1 1 1 1 0 1 1 1 1 1 1 0 1 0 1 0 0 1 1 0 1 0 1 1 0 1 1 1 1 1 1 1 1 0 1
 1 0 1 0 1 0 1 0 1 0 0 1 0 1 1 1 0 0 1 1 0 0 1 1 0 1 0 0 1 1 1 1 0 0 1 1 1
 1 0 1 1 0 1 1 1 1 0 1 1 1 1 0 0 0 1 0 0 0 0 1 0 1 1]
At 28001/30000: COST 0.017/1.954(0.029) -- Acc 0.990/0.460(0.992)
[0 1 1 1 0 1 1 1 0 1 0 0 0 1 1 0 1 1 0 1 1 1 0 0 0 1 1 0 1 1 1 1 0 1 1 0 1
 1 1 1 1 1 1 1 1 0 0 1 1 1 1 1 0 1 1 1 1 0 1 1 1 0 1 0 0 1 0 0 1 1 0 0 0 1
 0 1 1 1 0 1 0 0 1 0 0 1 0 1 1 1 1 1 1 1 1 1 1 1 0 1]
At 28101/30000: COST 0.052/1.940(0.024) -- Acc 0.980/0.450(0.993)
[1 1 1 1 1 1 0 0 1 0 1 0 0 1 0 1 0 0 1 1 0 1 1 1 1 1 1 1 1 1 1 0 1 1 1 0 1
 1 1 0 1 0 1 0 0 0 0 1 1 1 1 0 0 0 1 1 0 0 1 0 0 1 1 0 1 1 1 0 1 1 1 1 0 0
 1 1 1 0 1 0 1 1 1 1 1 1 0 0 0 1 1 1 0 0 1 1 1 0 1 1]
At 28201/30000: COST 0.002/1.765(0.016) -- Acc 1.000/0.470(0.995)
[0 1 1 1 1 1 1 1 1 1 1 1 1 1 1 0 0 1 1 1 1 0 0 1 1 0 1 1 1 1 0 1 1 0 1 0 1
 1 1 0 0 0 1 1 1 0 1 0 1 1 1 0 0 1 1 1 0 1 1 1 1 1 0 1 1 0 1 1 1 0 1 0 0 0
 1 1 0 0 0 1 1 1 0 1 1 1 0 1 1 1 0 1 1 1 1 1 1 1 0 1]
At 28301/30000: COST 0.004/2.786(0.017) -- Acc 1.000/0.430(0.995)
[1 1 1 1 1 1 1 0 1 0 1 1 1 1 1 1 0 1 0 1 1 1 1 1 0 1 1 1 1 1 1 1 1 1 0 1 0
 1 1 1 1 1 0 1 0 1 1 0 0 1 0 0 1 1 1 1 1 1 1 1 1 1 1 0 1 1 1 1 0 0 0 1 1 0
 1 0 1 1 0 1 1 0 1 1 1 1 1 1 0 1 0 1 0 1 1 0 1 0 1 0]
At 28401/30000: COST 0.040/2.450(0.038) -- Acc 0.980/0.420(0.989)
[1 1 1 1 1 0 1 1 1 1 1 0 0 1 0 1 1 1 1 1 1 0 1 1 0 1 1 1 1 1 0 1 1 0 0 1 1
 0 0 1 0 1 1 1 1 1 0 1 1 0 1 0 1 1 1 1 0 1 0 0 1 1 1 1 1 0 1 1 1 0 1 1 1 0
 1 0 1 0 1 1 1 1 1 1 1 0 0 1 1 1 1 0 1 1 0 1 1 1 1 1]
At 28501/30000: COST 0.010/2.278(0.029) -- Acc 1.000/0.440(0.992)
[0 0 1 1 1 0 0 0 0 1 1 1 1 0 0 1 1 0 1 1 1 1 1 1 1 0 1 1 0 1 1 0 0 0 1 1 0
 1 0 1 1 1 1 1 1 1 1 1 0 1 1 1 1 1 0 1 1 1 0 1 1 0 1 1 1 1 1 1 0 1 1 1 0 1
 1 1 1 1 0 1 1 0 1 1 1 0 1 0 1 0 1 0 0 1 1 1 1 1 1 1]
At 28601/30000: COST 0.020/2.224(0.020) -- Acc 0.990/0.520(0.994)
[0 0 1 0 1 1 1 1 0 1 0 1 1 0 1 0 1 1 1 1 1 0 1 1 0 0 0 1 0 0 0 0 0 1 0 1 1
 1 1 1 1 1 1 0 1 0 1 1 1 1 0 1 1 0 1 0 1 1 0 1 1 1 1 1 1 1 1 0 0 1 1 1 1 1
 1 1 1 1 1 1 1 0 1 1 0 1 1 1 1 1 1 0 0 1 1 1 1 0 0 1]
At 28701/30000: COST 0.076/2.354(0.020) -- Acc 0.990/0.460(0.994)
[0 1 1 1 1 0 1 0 1 0 1 1 1 1 1 0 1 1 0 1 0 1 1 1 1 0 1 0 1 0 0 0 1 1 1 0 1
 1 0 1 1 1 0 1 0 0 1 1 0 1 0 1 1 0 0 1 0 0 1 0 1 1 1 1 1 0 1 1 1 1 1 0 0 1
 0 1 0 0 1 0 1 1 1 0 1 1 0 1 0 0 0 1 1 1 1 0 1 0 1 1]
At 28801/30000: COST 0.106/2.469(0.018) -- Acc 0.980/0.450(0.995)
[1 1 0 0 1 0 1 0 1 1 1 1 1 0 1 1 0 1 1 1 1 0 1 1 1 0 1 0 1 1 1 1 1 1 1 1 0
 1 1 1 1 1 1 1 1 0 0 0 1 0 0 1 0 0 1 1 0 0 1 1 1 0 1 1 1 0 1 0 1 1 1 1 1 1
 0 0 1 0 1 1 1 1 1 0 1 0 0 1 1 0 0 0 1 0 1 0 1 1 0 1]
At 28901/30000: COST 0.004/2.219(0.018) -- Acc 1.000/0.470(0.995)
[1 1 1 0 1 1 0 1 0 0 0 1 1 0 1 1 1 0 0 1 1 1 0 1 1 1 1 1 1 1 0 1 1 1 1 0 0
 1 1 0 1 1 1 1 1 0 1 1 0 1 1 1 0 1 0 1 1 1 1 1 1 1 1 1 0 1 0 1 1 0 1 1 1 0
 1 0 1 1 0 1 1 1 1 0 1 0 0 1 0 0 1 0 0 1 1 1 0 1 1 0]
At 29001/30000: COST 0.019/2.386(0.013) -- Acc 0.990/0.490(0.996)
[0 0 0 1 1 0 1 0 0 1 0 1 0 1 0 0 1 1 1 0 0 0 1 0 0 1 1 1 1 1 0 0 0 0 0 1 1
 1 1 1 0 1 0 1 0 1 1 1 1 0 0 1 1 0 1 0 1 0 1 1 0 0 1 1 1 1 1 0 0 1 0 0 1 1
 1 1 1 1 0 0 0 1 0 0 1 1 0 1 0 0 0 1 0 1 1 1 1 1 1 0]
At 29101/30000: COST 0.282/3.025(0.024) -- Acc 0.930/0.480(0.994)
[1 1 0 1 1 1 1 0 1 1 0 1 1 1 1 0 1 0 1 1 1 1 0 1 1 1 1 0 1 0 1 1 0 0 1 1 0
 0 0 0 0 1 0 1 1 1 1 1 1 1 1 1 1 1 0 1 1 1 1 1 0 1 1 0 0 0 1 1 0 0 1 1 1 1
 1 1 1 1 1 1 1 1 1 1 1 1 1 0 1 1 0 1 1 1 1 1 1 1 0 1]
At 29201/30000: COST 0.021/1.426(0.103) -- Acc 1.000/0.450(0.968)
[0 1 1 0 0 1 1 1 1 0 1 1 0 0 1 1 1 1 1 1 1 1 1 0 1 0 1 1 1 1 1 1 0 1 1 1 1
 1 0 0 1 0 0 1 0 1 0 1 0 1 1 0 0 0 0 1 1 1 1 1 1 1 1 0 1 1 0 1 1 1 1 1 1 1
 1 1 1 0 0 1 1 0 0 1 0 1 0 1 1 1 1 1 1 0 1 1 1 1 1 1]
At 29301/30000: COST 0.072/1.554(0.081) -- Acc 0.990/0.500(0.974)
[1 1 1 1 1 1 0 1 1 1 0 1 1 0 1 1 1 0 1 0 1 1 1 1 1 1 1 1 1 1 1 1 1 0 0 0 1
 1 0 1 1 1 0 1 0 1 0 1 0 1 1 0 1 0 1 1 1 1 1 1 0 0 1 1 1 1 0 0 0 1 1 0 1 1
 0 1 1 1 0 1 1 1 1 1 1 1 1 1 0 1 1 1 0 1 0 0 1 0 1 0]
At 29401/30000: COST 0.032/1.724(0.065) -- Acc 0.980/0.500(0.979)
[0 1 0 1 1 1 1 1 0 0 0 1 0 1 0 1 1 1 1 1 1 1 1 1 1 1 0 1 1 0 0 1 1 0 1 1 1
 1 0 1 1 1 1 1 0 1 1 1 1 1 1 1 0 0 0 1 1 1 1 1 1 1 1 1 1 1 1 0 1 0 1 1 1 1
 1 1 1 1 1 1 0 1 0 1 0 1 1 1 1 1 0 0 1 1 1 1 1 1 1 1]
At 29501/30000: COST 0.172/1.105(0.141) -- Acc 0.950/0.500(0.954)
[1 1 1 0 0 1 1 1 1 1 1 1 0 1 0 1 0 0 1 1 1 0 1 1 0 0 0 0 0 0 1 1 1 0 1 1 1
 1 0 0 1 1 1 1 0 1 0 1 1 1 0 1 1 0 1 0 1 1 1 1 0 1 1 1 1 0 1 1 1 1 1 1 1 1
 0 1 0 1 1 0 1 1 0 1 1 1 1 1 0 0 1 1 1 1 1 1 1 1 0 0]
At 29601/30000: COST 0.051/1.690(0.095) -- Acc 0.980/0.420(0.969)
[1 1 1 0 1 1 0 1 1 1 1 0 1 1 1 1 1 1 0 0 0 1 1 1 1 1 1 1 1 1 1 1 1 1 0 1 1
 1 1 0 1 1 1 1 1 1 1 1 0 0 0 0 0 0 1 1 0 1 1 1 1 1 1 1 0 1 0 1 0 1 1 1 0 1
 1 1 1 1 1 1 1 1 1 1 1 0 1 0 1 1 0 1 0 1 1 0 1 1 0 0]
At 29701/30000: COST 0.041/1.606(0.064) -- Acc 0.990/0.410(0.980)
[0 0 1 1 0 1 1 1 1 1 1 1 0 1 1 1 1 1 1 1 1 1 1 0 1 1 0 1 0 1 1 1 1 1 1 1 1
 1 1 1 1 1 1 1 1 1 0 0 1 1 1 1 0 0 1 1 1 1 1 1 0 1 1 1 0 1 0 0 0 1 1 0 1 1
 1 1 1 0 1 0 1 0 1 1 1 0 1 1 1 0 0 1 0 1 1 1 1 1 0 1]
At 29801/30000: COST 0.006/1.909(0.040) -- Acc 1.000/0.420(0.988)
[1 1 0 0 1 1 1 1 0 1 1 1 1 0 0 0 1 1 1 0 1 0 1 1 1 0 1 0 1 1 0 1 1 0 0 1 1
 0 1 1 0 1 1 1 1 1 1 0 1 0 1 1 1 1 1 0 1 1 1 1 0 0 0 0 1 1 1 1 1 1 0 1 1 0
 0 0 0 1 1 0 1 1 0 1 0 1 1 0 1 0 0 1 0 1 1 0 1 1 1 1]
At 29901/30000: COST 0.034/2.355(0.029) -- Acc 0.980/0.420(0.991)
