[[ 0.         -0.24521405 -0.2179281  ...,  0.29157303 -0.19996004
  -0.13602668]
 [ 0.         -0.2179281  -0.03434207 ..., -0.19996004 -0.13602668
  -0.37930576]
 [ 1.         -0.03434207  0.11177545 ..., -0.13602668 -0.37930576
  -0.12538367]
 ..., 
 [ 1.          0.04219069  0.13656874 ...,  0.04356959  0.05425161
  -0.01081237]
 [ 0.          0.13656874 -0.15550192 ...,  0.05425161 -0.01081237
   0.07556234]
 [ 1.         -0.15550192 -0.08420418 ..., -0.01081237  0.07556234
  -0.07499565]]
[[ 0.         -0.08420418 -0.02117914 ...,  0.07556234 -0.07499565
   0.05401728]
 [ 1.         -0.02117914 -0.15963767 ..., -0.07499565  0.05401728
  -0.01076592]
 [ 1.         -0.15963767 -0.05397261 ...,  0.05401728 -0.01076592
   0.01077752]
 ..., 
 [ 1.          0.02269691  0.32917263 ...,  0.12670605  0.68821357
   0.08782141]
 [ 0.          0.32917263  0.10993391 ...,  0.68821357  0.08782141
   0.54154357]
 [ 1.          0.10993391 -0.0108946  ...,  0.08782141  0.54154357
  -0.08249698]]
Train 694 samples in approximately 4322 epochs
Finished computation graph
[0 0 0 0 0 0 0 0 0 0 0 0 0 0 0 0 0 0 0 0 0 0 0 0 0 0 0 0 0 0 0 0 0 0 0 0 0
 0 0 0 0 0 0 0 0 0 0 0 0 0 0 0 0 0 0 0 0 0 0 0 0 0 0 0 0 0 0 0 0 0 0 0 0 0
 0 0 0 0 0 0 0 0 0 0 0 0 0 0 0 0 0 0 0 0 0 0 0 0 0 0]
At     1/30000: COST 0.806/0.864(0.697) -- Acc 0.550/0.510(0.010)
[1 1 1 1 1 0 1 1 1 1 1 1 1 1 1 1 1 1 1 1 1 1 1 1 1 1 1 1 1 1 1 1 1 1 1 1 1
 1 1 1 1 1 1 1 1 1 1 1 1 1 1 1 1 1 1 1 1 1 1 1 1 1 1 1 1 1 1 1 1 1 1 1 1 1
 1 1 1 1 1 1 1 1 1 1 1 1 1 1 1 1 1 1 1 1 1 1 1 1 1 1]
At   101/30000: COST 0.682/0.700(0.700) -- Acc 0.570/0.500(0.330)
[1 1 1 1 1 1 1 1 1 1 1 1 1 1 0 0 1 1 1 1 1 1 1 1 1 1 0 1 1 1 1 1 1 1 1 1 1
 1 1 0 1 1 1 1 1 1 1 1 1 1 1 1 1 1 1 1 1 1 1 1 1 1 1 1 1 1 1 1 1 1 1 1 1 1
 1 1 1 1 1 1 1 1 1 1 1 1 1 1 1 1 1 1 1 1 1 1 1 1 1 1]
At   201/30000: COST 0.697/0.700(0.695) -- Acc 0.510/0.470(0.453)
[1 1 1 1 1 1 1 1 1 1 1 1 1 1 1 1 1 1 1 1 1 1 1 1 1 1 1 1 1 1 1 1 1 1 1 1 1
 1 1 1 1 1 1 1 1 1 1 1 1 1 1 1 1 1 1 1 1 1 1 1 1 1 1 1 1 1 1 1 1 1 1 1 1 1
 1 1 1 1 1 1 1 1 1 1 1 1 1 1 1 1 1 1 1 1 1 1 1 1 1 1]
At   301/30000: COST 0.679/0.705(0.691) -- Acc 0.550/0.490(0.507)
[0 0 0 0 0 0 0 0 1 0 0 0 0 0 0 0 0 0 0 0 0 0 0 0 0 0 0 0 0 0 0 0 0 0 0 0 0
 0 0 0 1 0 0 0 0 0 0 0 1 0 0 0 0 0 0 0 0 0 0 0 0 0 0 0 0 0 0 0 1 0 0 0 0 0
 0 0 0 0 0 0 0 0 0 0 0 0 0 0 0 0 0 0 0 0 0 0 0 0 0 0]
At   401/30000: COST 0.657/0.693(0.685) -- Acc 0.630/0.530(0.537)
[1 1 1 1 1 1 1 1 1 1 1 1 1 1 1 1 1 1 1 1 1 1 1 1 1 1 1 1 1 1 1 1 1 1 1 1 1
 1 1 1 1 1 1 1 1 1 1 1 1 1 1 1 1 1 0 1 1 1 1 1 1 1 1 1 1 1 1 1 1 1 1 1 1 1
 1 1 1 1 1 1 1 1 1 1 1 1 1 1 1 1 1 1 1 0 1 1 1 1 1 1]
At   501/30000: COST 0.683/0.698(0.686) -- Acc 0.540/0.490(0.541)
[1 1 1 1 1 1 1 1 1 1 1 1 1 1 1 1 1 1 1 1 1 1 1 1 1 1 1 1 1 1 1 1 1 1 1 1 1
 1 1 1 1 1 1 1 0 1 1 1 1 1 1 1 1 1 1 1 1 1 1 1 1 1 1 1 1 1 1 1 1 1 1 0 1 0
 1 1 1 1 1 1 1 1 1 1 1 1 1 1 0 1 1 1 0 1 0 1 1 1 1 1]
At   601/30000: COST 0.674/0.706(0.678) -- Acc 0.540/0.510(0.556)
[1 1 1 1 1 1 1 1 1 1 0 1 1 1 1 1 1 1 1 0 1 1 1 0 1 1 1 0 0 1 1 1 1 1 1 1 1
 1 1 1 1 1 1 1 1 1 1 1 1 1 0 1 1 1 1 0 0 1 1 1 1 1 1 1 1 1 1 1 1 1 1 0 1 1
 1 1 0 1 1 1 1 1 1 1 1 0 1 1 1 1 1 1 1 1 0 0 1 1 1 1]
At   701/30000: COST 0.603/0.703(0.655) -- Acc 0.640/0.540(0.593)
[0 0 0 1 1 1 1 1 1 1 1 1 1 0 1 1 1 0 1 1 1 1 1 1 1 0 1 1 1 0 0 1 1 0 1 1 0
 1 1 0 1 1 1 0 0 0 1 1 1 0 0 1 1 1 1 1 1 1 1 0 0 1 0 1 0 1 1 1 1 1 1 1 1 0
 1 1 1 1 0 1 1 0 1 1 1 0 1 1 1 1 1 1 0 0 0 1 1 0 1 1]
At   801/30000: COST 0.662/0.704(0.639) -- Acc 0.550/0.530(0.620)
[1 1 0 0 0 1 1 1 1 1 1 1 0 1 1 1 1 1 1 0 1 1 0 0 1 1 0 1 1 1 1 1 1 1 1 1 0
 0 1 0 1 1 1 0 0 1 1 1 1 1 0 1 0 0 1 1 1 1 0 1 0 1 1 0 0 1 1 1 1 1 1 0 1 0
 1 1 1 0 1 1 0 1 1 1 0 1 0 0 0 1 1 1 0 1 1 1 0 1 1 1]
At   901/30000: COST 0.508/0.703(0.584) -- Acc 0.740/0.490(0.669)
[1 1 1 1 0 0 0 1 0 1 1 1 1 0 1 1 0 1 1 1 1 1 1 1 1 1 1 1 1 1 1 1 0 1 0 1 0
 1 1 1 1 1 1 1 1 1 1 1 1 0 0 1 0 1 1 1 1 0 1 0 1 1 1 0 0 1 1 1 1 1 1 1 1 1
 1 1 1 1 1 0 0 1 1 1 1 1 0 1 0 1 1 0 0 1 1 1 1 1 1 1]
At  1001/30000: COST 0.499/0.775(0.518) -- Acc 0.720/0.470(0.721)
[1 1 0 1 1 0 1 1 0 0 1 0 1 1 1 1 1 0 1 1 0 1 0 1 0 1 1 1 1 1 1 0 1 1 1 0 1
 1 1 1 0 1 0 0 0 0 1 1 1 0 1 1 1 1 1 1 1 1 1 1 1 1 1 1 1 1 1 0 1 1 1 1 1 0
 1 1 1 1 0 0 1 1 1 0 1 1 0 1 1 1 0 1 1 1 1 1 0 1 1 1]
At  1101/30000: COST 0.341/0.926(0.432) -- Acc 0.860/0.460(0.783)
[1 1 1 0 1 1 1 1 1 1 1 1 1 1 1 1 1 1 0 1 1 1 1 1 0 1 1 1 0 1 1 1 1 1 1 0 1
 1 1 0 1 1 0 1 1 0 1 0 1 1 0 1 0 1 1 1 1 0 1 1 1 0 0 1 1 1 1 1 0 1 1 1 1 0
 1 0 1 0 1 1 1 1 1 1 1 0 1 1 1 0 1 0 0 0 1 0 1 1 0 1]
At  1201/30000: COST 0.236/1.055(0.348) -- Acc 0.880/0.500(0.835)
[0 1 1 0 0 0 1 1 1 1 1 1 1 1 1 1 1 1 0 0 1 1 1 0 0 0 1 1 0 1 1 0 1 1 0 1 0
 1 0 1 0 1 0 1 1 1 1 1 1 0 0 1 0 1 1 1 0 0 0 1 1 0 0 0 1 1 1 1 0 1 0 1 1 1
 0 1 1 0 1 1 1 1 1 1 0 1 1 1 1 1 1 0 0 0 0 1 1 0 1 1]
At  1301/30000: COST 0.270/1.212(0.259) -- Acc 0.880/0.480(0.888)
[0 0 1 1 1 0 1 1 0 1 1 1 1 1 1 1 1 1 1 1 1 1 1 1 0 1 1 1 0 0 1 1 1 0 0 1 0
 1 1 1 1 1 1 0 0 1 1 1 0 0 0 1 1 1 1 0 0 0 0 0 1 1 1 1 1 1 0 0 0 1 1 1 1 1
 1 1 1 1 0 0 1 0 1 1 1 0 1 1 1 1 0 1 1 0 1 0 0 0 1 1]
At  1401/30000: COST 0.102/1.189(0.186) -- Acc 0.970/0.570(0.923)
[1 1 0 1 1 1 1 0 0 1 1 1 1 1 1 1 0 1 0 0 0 1 1 1 1 0 1 0 1 1 1 1 1 0 0 1 0
 1 1 1 1 0 1 1 1 0 0 0 1 0 1 0 1 1 1 0 0 0 1 1 1 1 0 1 1 1 1 1 1 0 1 1 1 0
 1 1 1 1 1 0 1 0 1 1 1 1 1 0 1 1 1 1 1 1 0 0 1 1 1 1]
At  1501/30000: COST 0.494/1.114(0.192) -- Acc 0.830/0.500(0.930)
[1 0 0 0 1 1 1 1 1 1 0 1 1 1 1 1 0 1 1 1 1 0 1 1 1 1 1 1 1 0 0 1 1 0 0 0 0
 0 0 0 1 1 0 1 1 1 1 1 1 1 1 1 0 0 1 1 1 1 1 1 1 0 1 0 1 1 1 1 1 0 1 1 1 1
 0 1 0 1 1 0 1 1 1 0 1 0 1 1 0 0 1 1 0 1 0 1 0 0 1 1]
At  1601/30000: COST 0.049/1.447(0.138) -- Acc 0.990/0.610(0.952)
[1 1 1 1 0 1 1 1 1 1 1 1 1 1 1 0 0 0 1 1 1 0 1 1 1 0 1 1 1 1 0 1 1 0 1 0 0
 1 1 0 1 1 1 1 1 0 1 1 1 1 1 1 0 1 1 1 1 1 0 0 0 1 0 1 0 0 0 1 0 1 1 1 0 0
 1 0 1 1 0 1 0 1 1 1 1 1 0 0 1 1 0 0 1 1 1 1 1 1 1 1]
At  1701/30000: COST 0.084/1.755(0.093) -- Acc 0.970/0.530(0.968)
[0 0 1 1 1 1 1 1 0 0 1 1 0 1 0 0 1 1 1 0 0 1 0 0 1 0 1 1 1 1 0 1 1 0 1 0 1
 1 1 0 0 1 1 1 1 1 1 1 1 1 0 1 1 1 1 1 1 0 0 1 1 0 1 1 1 1 1 1 0 1 1 0 1 1
 1 1 1 0 1 0 1 1 1 1 0 1 1 1 1 1 0 0 0 0 1 1 1 1 1 0]
At  1801/30000: COST 0.017/1.783(0.064) -- Acc 1.000/0.540(0.980)
[0 1 1 1 1 1 1 1 0 1 1 1 0 1 0 1 1 1 1 1 1 1 1 1 1 0 1 0 1 0 1 1 0 1 1 1 1
 0 1 1 0 1 0 1 1 0 0 1 1 1 1 1 1 1 0 1 1 1 1 1 1 1 1 1 0 0 1 0 0 1 0 0 1 1
 0 1 1 1 0 1 0 0 1 0 0 1 1 1 1 0 1 1 0 0 0 1 0 0 1 0]
At  1901/30000: COST 0.068/1.982(0.061) -- Acc 0.970/0.560(0.982)
[1 0 1 0 1 0 0 1 0 0 1 1 1 1 1 1 1 1 0 0 0 1 0 0 1 1 1 1 1 1 1 0 0 1 1 1 1
 1 1 0 1 1 0 1 1 1 1 1 1 1 0 1 1 1 1 0 0 1 1 1 1 1 0 0 1 0 1 1 0 1 1 1 1 1
 1 0 0 1 1 1 1 1 0 0 0 0 1 0 1 1 1 1 1 0 1 1 0 1 1 1]
At  2001/30000: COST 0.083/1.785(0.065) -- Acc 0.950/0.540(0.979)
[1 1 1 1 1 1 0 1 0 0 0 1 1 0 1 1 1 0 1 1 1 0 1 1 0 1 1 0 0 0 1 0 0 1 1 1 0
 0 0 1 1 1 1 1 1 0 0 1 1 1 0 0 0 0 1 1 1 0 0 1 1 1 1 0 0 0 1 0 0 1 1 0 1 1
 1 1 1 0 1 0 1 1 1 0 1 1 0 0 0 1 1 1 1 1 0 1 1 1 0 1]
At  2101/30000: COST 0.052/2.024(0.048) -- Acc 0.970/0.510(0.985)
[1 0 1 1 0 1 0 1 1 1 1 1 1 1 1 1 1 1 1 0 1 0 0 1 0 1 0 1 0 1 0 1 1 1 0 0 0
 1 1 1 1 0 1 1 1 1 1 1 1 0 0 1 0 1 1 0 1 0 1 1 1 1 0 1 0 1 1 1 0 1 0 0 1 0
 1 0 1 0 1 0 1 1 0 0 1 1 0 0 1 1 1 1 1 1 1 0 1 1 0 1]
At  2201/30000: COST 0.029/2.174(0.037) -- Acc 0.990/0.530(0.989)
[1 1 1 1 0 0 1 1 1 0 1 0 1 1 0 0 1 0 0 1 0 1 1 0 1 1 0 1 1 0 1 0 1 1 1 0 1
 1 0 1 0 1 1 1 1 0 1 1 0 1 0 0 1 1 1 1 0 1 0 1 1 1 0 1 0 0 1 0 0 1 1 1 1 1
 0 1 0 0 0 1 0 1 0 1 1 1 1 1 1 1 0 0 1 0 0 1 1 0 1 0]
At  2301/30000: COST 0.017/2.308(0.021) -- Acc 0.990/0.520(0.994)
[1 1 1 0 0 0 1 0 1 1 0 1 0 1 1 1 0 1 0 1 0 0 1 0 1 0 0 0 0 0 0 1 1 1 0 0 1
 0 1 1 0 1 1 1 1 1 1 1 0 0 1 1 1 1 0 0 1 1 1 0 0 1 1 0 1 1 0 1 1 1 0 0 1 1
 0 0 1 1 1 1 1 1 1 0 1 1 1 1 0 0 1 1 1 1 1 1 1 1 1 1]
At  2401/30000: COST 0.036/2.563(0.017) -- Acc 0.990/0.550(0.995)
[0 1 1 1 1 0 1 1 1 1 0 0 1 0 1 1 1 1 0 1 0 1 0 1 1 1 1 0 1 1 0 1 0 0 0 0 1
 0 0 1 0 1 1 1 0 1 1 1 1 1 0 1 1 1 0 1 1 1 0 0 0 1 1 1 1 1 1 1 0 0 1 1 1 0
 0 1 1 0 1 0 1 1 1 1 1 1 1 0 1 1 1 1 1 0 1 1 0 1 1 1]
At  2501/30000: COST 0.013/2.271(0.025) -- Acc 1.000/0.570(0.993)
[0 1 1 0 0 1 1 1 0 0 0 1 1 1 1 0 1 0 1 1 1 0 0 1 1 1 0 1 1 0 1 0 1 0 1 1 1
 1 0 1 0 1 1 1 1 1 1 1 0 1 1 0 0 1 1 0 1 0 0 1 0 0 0 0 1 0 1 1 0 0 1 0 1 1
 0 1 0 1 1 1 1 1 0 1 1 0 1 0 1 1 0 0 1 1 1 0 1 1 0 1]
At  2601/30000: COST 0.036/1.956(0.044) -- Acc 0.980/0.480(0.986)
[1 0 1 1 1 1 0 1 1 1 0 0 1 1 1 1 1 1 0 0 1 0 1 0 0 0 0 0 0 0 1 1 0 0 0 1 0
 1 1 0 1 0 1 0 1 1 1 0 1 0 0 1 1 0 1 1 1 1 1 1 1 0 1 0 0 1 1 0 1 1 0 1 1 0
 0 1 1 1 1 1 1 1 0 0 1 1 1 0 0 1 1 1 1 1 1 1 1 0 1 1]
At  2701/30000: COST 0.018/2.353(0.033) -- Acc 1.000/0.500(0.989)
[0 1 1 1 1 1 1 1 0 1 0 1 1 1 1 0 0 1 1 0 1 0 0 0 0 1 0 0 0 0 0 0 1 0 1 1 1
 0 1 1 1 1 1 0 1 1 1 1 1 1 1 1 1 0 0 0 0 1 1 1 1 0 0 1 0 0 0 1 1 1 0 0 0 1
 0 1 0 1 0 1 1 1 1 1 1 1 1 1 1 0 0 0 1 0 1 0 0 1 0 1]
At  2801/30000: COST 0.004/2.187(0.035) -- Acc 1.000/0.520(0.989)
[1 1 1 1 1 1 0 0 0 1 1 0 0 1 1 1 1 1 1 1 1 1 0 1 1 0 0 1 1 0 1 0 0 1 0 0 1
 1 1 1 1 1 0 1 1 1 0 0 1 1 0 0 0 1 1 1 1 1 1 1 0 1 0 1 0 0 0 1 0 1 0 1 1 0
 1 1 0 1 1 1 1 0 1 0 1 0 1 1 1 1 1 0 0 1 1 0 1 1 0 1]
At  2901/30000: COST 0.009/1.915(0.022) -- Acc 1.000/0.560(0.993)
[1 1 0 1 0 1 1 1 0 0 1 0 1 0 1 0 0 1 0 1 1 0 0 1 0 1 1 0 1 1 1 1 1 1 0 1 1
 0 0 1 0 1 1 1 0 0 0 1 1 1 1 0 1 0 1 1 1 1 0 1 1 1 1 1 0 1 0 1 1 1 0 0 1 1
 0 1 0 1 1 1 1 0 0 0 1 1 1 1 1 1 1 1 1 0 1 1 1 1 1 0]
At  3001/30000: COST 0.002/2.317(0.011) -- Acc 1.000/0.530(0.997)
[1 1 0 1 1 1 1 1 1 0 1 1 0 1 0 0 1 1 1 0 1 1 1 0 0 0 1 0 0 1 1 0 1 1 1 1 1
 1 1 1 1 1 1 0 0 0 0 1 0 0 1 0 0 0 1 0 1 1 1 1 0 1 1 0 1 1 1 0 1 1 1 0 1 1
 0 1 0 0 0 1 0 1 1 0 0 0 1 1 0 1 1 1 0 1 1 1 1 1 1 0]
At  3101/30000: COST 0.001/2.479(0.007) -- Acc 1.000/0.500(0.998)
[0 1 1 1 1 0 1 1 1 1 0 1 1 1 0 0 1 0 1 1 1 1 0 1 0 0 1 1 0 1 1 0 1 0 1 1 1
 0 0 1 0 1 1 1 1 1 0 1 1 1 1 0 1 1 0 1 1 1 1 1 0 1 0 1 1 1 1 1 1 1 1 0 1 1
 0 1 0 1 1 1 0 0 0 0 1 0 1 0 1 0 1 1 0 0 0 1 1 1 1 1]
At  3201/30000: COST 0.002/2.568(0.006) -- Acc 1.000/0.500(0.999)
[1 1 1 1 1 1 0 1 1 0 0 1 1 0 1 0 0 1 1 0 1 1 1 1 1 0 1 0 1 1 0 1 0 1 1 0 1
 0 0 0 1 0 1 1 1 1 1 0 1 0 0 0 0 0 0 0 1 1 1 1 1 1 1 1 1 0 1 0 1 0 1 1 1 1
 1 0 1 1 0 0 0 0 0 1 1 0 0 1 1 1 0 0 1 1 0 1 1 1 1 1]
At  3301/30000: COST 0.001/2.648(0.003) -- Acc 1.000/0.530(0.999)
[1 1 1 0 1 1 0 0 1 1 1 1 1 0 1 1 1 0 1 0 1 0 1 1 0 1 1 1 1 1 0 1 0 1 1 1 0
 1 1 0 1 0 0 0 1 1 1 1 0 1 1 1 1 0 1 0 0 1 1 0 0 1 0 1 1 1 1 1 1 1 0 1 0 1
 1 1 1 1 1 1 1 0 1 1 0 0 0 1 0 1 0 1 0 0 1 1 0 1 0 1]
At  3401/30000: COST 0.127/1.637(0.048) -- Acc 0.970/0.530(0.987)
[1 0 1 0 1 0 0 1 1 0 1 1 1 0 1 0 0 1 1 1 1 1 0 0 1 1 1 1 1 1 1 1 1 0 1 1 0
 0 0 1 0 0 1 1 1 1 0 0 1 0 1 0 0 0 1 1 1 0 1 1 1 1 1 1 1 1 1 1 0 1 0 1 1 1
 1 1 0 0 1 0 0 1 1 0 1 1 0 1 1 1 1 0 0 1 0 1 0 1 1 1]
At  3501/30000: COST 0.005/1.969(0.042) -- Acc 1.000/0.500(0.988)
[0 1 1 1 1 0 1 1 0 1 0 1 0 1 0 1 0 1 1 0 0 0 1 0 1 0 0 0 0 1 1 1 1 0 1 1 0
 1 1 0 1 0 0 0 1 1 1 1 0 1 1 0 0 1 0 0 1 1 1 0 1 1 0 1 1 1 1 1 0 0 1 0 1 1
 1 0 1 1 1 0 1 0 1 1 0 1 1 0 1 1 1 1 1 1 1 0 0 1 1 0]
At  3601/30000: COST 0.032/2.239(0.020) -- Acc 0.990/0.480(0.995)
[0 1 1 0 1 1 1 0 1 1 1 1 1 1 1 1 0 1 1 0 0 0 1 1 1 1 0 1 0 0 0 0 1 1 0 1 1
 0 1 1 0 1 1 0 1 0 1 1 0 1 0 1 0 1 0 0 0 0 0 0 1 1 0 1 1 1 1 0 1 1 0 1 0 0
 1 1 1 1 1 1 0 1 1 1 0 1 0 1 1 0 1 0 1 1 1 1 1 0 1 1]
At  3701/30000: COST 0.014/1.996(0.016) -- Acc 1.000/0.540(0.996)
[0 1 0 1 0 1 1 1 0 1 1 1 1 1 1 0 0 0 1 1 1 1 1 1 1 1 0 0 1 1 1 0 0 1 0 1 1
 1 1 0 1 1 1 1 0 0 0 1 0 0 1 1 1 1 1 0 1 1 0 1 1 0 1 1 1 1 1 1 1 0 1 1 1 1
 0 1 1 1 0 1 1 0 1 1 1 1 1 1 1 1 0 0 0 1 1 1 1 0 1 1]
At  3801/30000: COST 0.005/2.494(0.010) -- Acc 1.000/0.520(0.998)
[1 1 0 0 1 0 1 0 1 1 0 1 1 0 1 0 1 0 1 1 0 1 0 1 1 1 1 1 0 1 0 1 1 1 1 1 1
 0 0 0 0 1 1 1 0 1 0 1 0 1 1 0 0 0 1 0 1 1 1 1 1 0 1 0 1 1 1 1 1 1 1 1 1 1
 1 1 1 0 0 1 0 1 0 1 0 1 1 1 1 1 1 1 0 1 0 1 1 1 1 1]
At  3901/30000: COST 0.000/2.740(0.005) -- Acc 1.000/0.490(0.999)
[1 1 1 1 0 1 1 1 1 1 1 1 1 0 0 0 1 0 0 1 1 1 1 1 0 1 1 0 1 0 0 1 1 0 1 1 1
 1 1 0 1 0 1 1 0 1 1 1 0 1 1 1 1 1 0 1 1 0 1 0 0 1 0 1 1 1 1 0 1 0 1 1 0 1
 1 1 1 1 1 0 1 0 1 1 0 1 0 0 1 0 1 1 1 1 1 0 0 1 0 0]
At  4001/30000: COST 0.038/2.846(0.004) -- Acc 0.990/0.500(0.999)
[1 0 1 1 1 0 1 1 0 1 0 0 0 0 0 1 0 0 0 1 1 1 1 1 1 0 1 1 1 1 1 1 1 1 1 1 1
 1 1 1 1 1 1 1 1 1 0 0 1 0 0 0 1 1 1 1 1 1 0 0 1 1 1 1 0 1 0 1 1 1 1 1 0 1
 0 1 1 1 0 1 0 1 0 1 0 0 1 1 0 1 1 0 1 1 1 0 1 1 1 0]
At  4101/30000: COST 0.000/2.863(0.004) -- Acc 1.000/0.490(0.999)
[0 0 1 1 0 1 1 1 1 1 1 1 1 1 1 0 0 1 1 1 1 1 0 0 1 0 1 0 1 0 1 0 1 1 0 1 1
 1 1 1 0 1 0 1 0 1 1 1 0 1 0 1 0 1 1 1 1 1 0 1 1 0 1 1 1 0 1 1 0 0 1 1 1 1
 1 1 1 1 0 0 0 0 1 1 1 1 1 1 1 1 1 1 0 1 1 0 0 1 0 0]
At  4201/30000: COST 0.050/2.170(0.014) -- Acc 0.980/0.550(0.996)
[0 0 0 0 1 1 1 0 1 1 1 1 0 0 1 1 1 1 1 0 1 1 1 1 0 1 1 0 1 0 0 1 0 1 0 1 1
 1 1 1 0 0 0 1 1 1 1 0 1 0 1 1 1 0 0 0 1 0 1 1 0 1 1 0 0 0 1 0 1 0 0 1 1 0
 1 0 1 1 1 1 1 0 1 1 1 1 1 0 1 1 1 0 0 1 0 1 0 1 1 1]
At  4301/30000: COST 0.023/2.281(0.033) -- Acc 0.990/0.530(0.990)
[1 0 1 0 0 1 0 1 1 0 1 1 1 1 1 1 1 0 1 0 0 1 1 1 1 0 1 0 1 0 1 1 0 0 1 0 1
 0 1 1 1 0 1 1 0 1 1 1 1 0 0 1 0 1 1 1 0 1 1 0 0 1 1 1 1 1 0 0 1 1 1 1 0 1
 0 1 1 1 1 0 0 0 0 1 1 0 1 0 1 0 1 0 1 1 1 1 0 1 0 1]
At  4401/30000: COST 0.008/2.470(0.024) -- Acc 1.000/0.500(0.993)
[0 1 1 0 1 1 0 0 1 0 1 0 0 1 1 1 1 0 0 1 0 0 0 1 1 0 0 1 1 1 1 1 0 1 1 1 1
 1 1 0 1 0 1 0 1 1 1 0 1 1 1 1 0 1 1 0 1 1 1 0 0 0 1 1 1 1 1 0 1 1 0 0 1 0
 0 1 0 1 1 1 1 1 1 1 1 1 1 0 1 1 1 1 1 1 1 1 0 0 1 1]
At  4501/30000: COST 0.005/2.874(0.014) -- Acc 1.000/0.480(0.996)
[0 0 1 1 1 0 1 1 1 0 1 1 0 1 1 1 0 1 1 1 1 0 0 1 1 1 1 0 0 0 1 1 1 0 1 0 1
 1 1 0 0 1 0 1 1 0 0 0 0 0 0 0 0 1 0 0 0 1 1 1 0 0 0 1 1 1 1 1 1 0 1 0 0 1
 1 0 1 1 1 1 1 1 0 1 0 1 0 1 1 1 1 1 1 0 1 1 1 1 1 0]
At  4601/30000: COST 0.010/1.967(0.026) -- Acc 1.000/0.520(0.993)
[0 1 0 1 0 1 1 1 1 1 0 0 1 1 1 1 1 1 0 1 0 1 1 1 1 1 1 1 0 0 0 1 1 0 1 1 1
 0 0 0 1 1 1 0 1 1 1 1 1 0 1 1 1 1 1 0 1 1 1 1 0 1 0 0 1 1 1 0 1 1 1 1 1 1
 0 1 0 1 1 0 0 1 1 1 1 1 0 1 1 1 0 1 1 1 1 1 0 0 1 0]
At  4701/30000: COST 0.101/2.172(0.026) -- Acc 0.960/0.550(0.992)
[1 0 1 0 0 0 1 0 0 1 1 0 0 1 0 0 1 0 1 1 0 0 1 1 1 1 1 1 1 1 0 0 1 1 1 1 0
 1 1 0 0 1 0 0 1 0 1 1 0 0 1 1 0 1 1 1 1 1 1 0 1 1 1 1 1 1 1 0 0 1 1 1 1 1
 1 0 1 1 1 1 0 0 1 0 0 1 1 1 0 0 1 0 1 1 1 1 1 1 0 0]
At  4801/30000: COST 0.081/2.538(0.025) -- Acc 0.990/0.500(0.992)
[1 1 1 1 1 1 0 1 1 0 0 0 1 1 1 0 1 0 0 0 0 1 1 0 1 0 1 0 0 1 1 1 1 1 0 1 1
 0 1 1 1 1 1 1 1 1 0 0 0 1 1 1 0 1 1 0 1 1 0 1 1 0 1 1 1 0 0 1 1 1 0 0 0 1
 0 1 1 1 1 1 1 0 0 0 1 1 1 1 0 0 0 1 1 0 0 1 0 1 0 1]
At  4901/30000: COST 0.025/2.280(0.019) -- Acc 0.980/0.550(0.994)
[0 1 0 1 1 0 0 1 1 0 0 0 1 1 1 1 0 1 0 1 1 0 1 1 1 1 1 0 1 1 1 0 1 1 0 1 0
 1 0 0 0 1 0 1 1 1 1 0 1 0 1 1 1 1 1 1 1 1 1 1 1 1 1 0 0 1 0 1 0 1 1 0 1 1
 1 0 1 0 1 1 0 1 1 1 1 0 1 1 1 1 1 0 1 1 1 0 1 0 0 0]
At  5001/30000: COST 0.005/2.652(0.011) -- Acc 1.000/0.510(0.997)
[0 1 0 1 1 0 0 0 0 1 1 0 1 0 0 1 1 0 1 1 1 1 1 1 1 1 0 1 1 1 0 0 1 0 1 0 0
 1 1 1 1 1 1 0 0 1 1 1 1 1 1 1 1 0 1 1 1 0 1 0 1 0 1 0 0 1 1 0 1 1 1 0 0 1
 1 1 1 1 1 0 1 1 1 0 1 0 1 0 0 0 0 0 1 1 1 1 1 0 1 1]
At  5101/30000: COST 0.001/2.458(0.010) -- Acc 1.000/0.530(0.997)
[1 0 0 0 1 1 1 1 0 1 0 1 0 0 1 1 1 1 1 0 1 0 1 1 0 1 1 0 1 1 0 1 1 1 1 1 0
 1 1 1 1 1 0 0 1 0 1 0 0 1 1 1 0 0 1 1 1 0 0 0 1 1 1 1 1 0 1 1 0 0 1 0 1 1
 0 0 1 1 1 1 1 1 1 1 1 1 0 0 0 1 1 1 0 1 0 1 1 1 1 1]
At  5201/30000: COST 0.002/2.447(0.006) -- Acc 1.000/0.550(0.998)
[1 1 0 1 1 0 1 1 0 0 0 1 1 0 1 1 1 1 0 1 1 1 0 1 1 1 1 0 0 1 0 1 0 1 1 1 1
 0 1 1 1 1 1 1 1 1 1 1 1 0 1 1 1 0 0 0 0 1 1 0 0 1 1 0 1 0 0 0 1 0 1 1 1 1
 1 0 1 1 0 1 0 0 1 1 1 1 1 1 1 0 1 1 0 0 1 1 1 0 1 1]
At  5301/30000: COST 0.028/2.477(0.010) -- Acc 0.990/0.480(0.997)
[1 1 1 0 1 1 1 1 0 1 1 1 0 0 1 1 0 1 1 1 1 1 1 1 1 0 1 1 0 1 1 1 1 1 1 0 1
 1 1 0 1 1 1 0 1 1 0 1 0 1 1 1 1 1 1 1 1 1 1 1 0 1 0 0 1 0 1 0 1 1 1 1 0 1
 1 1 1 1 0 1 1 0 0 1 0 1 0 0 0 1 1 1 0 0 0 1 1 1 1 1]
At  5401/30000: COST 0.007/1.663(0.025) -- Acc 1.000/0.570(0.993)
[0 0 1 1 1 1 1 1 1 0 1 1 1 1 1 0 1 0 1 1 0 1 1 1 1 1 1 1 1 1 1 1 0 1 1 0 1
 0 1 1 1 0 0 1 0 1 1 1 1 1 1 1 1 0 1 0 1 1 1 1 1 1 1 1 1 1 1 1 1 1 1 1 1 1
 0 1 1 0 1 1 1 0 0 1 0 1 1 0 1 1 0 1 1 0 0 1 1 1 0 0]
At  5501/30000: COST 0.007/2.324(0.015) -- Acc 1.000/0.460(0.996)
[0 1 1 0 1 0 1 1 1 1 1 1 1 0 1 1 1 1 1 0 1 1 0 1 0 1 1 0 1 1 1 1 1 0 1 1 1
 1 1 1 1 1 1 1 1 1 0 1 0 1 0 1 0 1 1 1 1 1 1 0 1 0 1 1 0 1 1 1 0 0 1 1 1 1
 1 1 1 1 1 1 0 1 0 1 1 1 1 1 1 0 1 0 1 0 1 1 0 1 1 1]
At  5601/30000: COST 0.002/2.458(0.014) -- Acc 1.000/0.510(0.996)
[1 0 1 1 1 0 1 1 1 1 1 1 1 1 1 1 0 0 1 1 0 1 0 1 1 0 1 0 1 1 0 0 1 0 1 0 0
 0 0 1 0 1 1 1 1 0 1 0 0 0 1 1 0 1 1 1 1 0 1 1 1 1 0 1 1 1 1 1 0 0 1 1 1 1
 0 1 1 1 1 0 1 1 0 1 1 0 1 1 1 1 1 1 1 0 0 0 1 1 0 1]
At  5701/30000: COST 0.005/2.502(0.016) -- Acc 1.000/0.480(0.995)
[0 1 1 1 0 1 0 0 0 1 0 0 1 0 0 0 1 0 1 1 0 0 0 1 1 0 1 1 0 1 0 1 1 1 0 1 1
 1 1 1 1 0 0 1 1 0 0 1 0 1 1 1 1 1 1 0 0 0 1 1 1 1 0 0 0 1 1 1 0 1 0 0 1 1
 1 1 1 1 0 0 1 1 1 1 0 1 0 0 0 0 1 1 0 1 1 1 1 1 1 0]
At  5801/30000: COST 0.005/2.236(0.033) -- Acc 1.000/0.460(0.991)
[0 0 1 1 0 0 1 0 1 1 1 0 0 1 1 1 1 1 1 1 1 1 1 1 1 1 1 0 1 0 0 1 1 1 1 0 1
 1 1 1 1 1 1 0 0 1 1 0 1 0 0 0 0 0 0 0 1 1 0 1 1 1 1 1 0 1 0 1 1 0 1 0 1 0
 0 1 0 1 1 1 0 1 0 0 1 0 1 0 0 1 0 1 1 0 0 0 1 1 1 1]
At  5901/30000: COST 0.003/2.376(0.023) -- Acc 1.000/0.540(0.993)
[1 1 1 1 1 0 1 1 1 0 0 1 0 1 1 1 0 1 1 1 1 1 1 1 1 0 1 1 1 0 1 1 1 1 0 1 0
 1 0 0 0 1 1 1 1 0 1 0 0 0 1 0 0 1 0 1 0 0 1 0 1 1 0 1 1 0 0 1 0 1 1 1 1 1
 0 1 1 0 1 1 0 1 1 0 0 1 1 1 0 1 1 0 0 0 1 1 1 1 1 1]
At  6001/30000: COST 0.006/3.075(0.017) -- Acc 1.000/0.500(0.995)
[1 1 1 1 0 1 1 1 0 1 1 0 1 0 1 0 1 0 1 0 0 1 1 1 1 0 1 0 0 1 1 0 1 0 1 0 1
 0 0 1 1 0 0 0 1 1 0 0 1 1 1 1 1 1 1 0 1 0 1 1 1 1 0 1 1 0 0 1 1 1 1 0 1 1
 1 0 1 1 1 1 0 0 0 0 0 1 1 0 1 1 1 1 0 1 0 1 0 1 0 1]
At  6101/30000: COST 0.010/3.089(0.021) -- Acc 1.000/0.510(0.995)
[1 1 0 1 1 1 1 1 1 1 1 1 0 1 1 1 0 1 1 1 1 1 1 1 0 1 1 1 1 1 1 1 1 1 0 1 0
 1 1 1 1 1 1 0 1 0 1 1 0 0 1 1 1 0 0 0 1 0 1 0 1 0 1 1 1 0 1 0 1 1 0 1 1 1
 1 1 1 1 0 1 0 0 1 1 1 1 1 1 1 0 1 1 1 0 0 0 0 0 0 1]
At  6201/30000: COST 0.003/2.063(0.018) -- Acc 1.000/0.520(0.995)
[1 0 1 0 1 0 1 1 1 1 1 0 0 0 1 1 1 1 1 1 1 1 1 1 1 0 1 0 1 0 1 1 1 0 1 1 0
 0 1 1 1 0 0 1 1 1 1 1 0 0 0 1 0 1 0 0 0 0 0 1 1 0 0 1 1 1 1 1 0 1 1 1 0 0
 0 1 1 1 1 0 1 1 1 1 1 1 1 1 0 1 1 1 1 1 0 1 0 1 1 1]
At  6301/30000: COST 0.002/2.682(0.011) -- Acc 1.000/0.500(0.997)
[1 0 1 1 1 1 1 0 1 1 1 1 1 1 1 0 1 0 1 1 1 0 0 1 0 1 0 1 1 1 1 1 0 1 1 0 1
 0 1 1 0 0 1 1 1 1 1 1 1 1 0 1 1 1 1 1 1 0 1 1 1 1 1 1 0 1 1 1 1 1 1 1 1 1
 1 1 1 0 1 1 0 0 1 0 1 0 1 0 1 1 1 1 1 0 1 0 1 0 1 0]
At  6401/30000: COST 0.006/2.400(0.016) -- Acc 1.000/0.510(0.996)
[1 1 1 0 1 0 1 0 1 1 0 0 1 1 0 0 1 1 0 1 1 1 1 1 0 1 1 1 1 1 1 1 0 1 0 0 1
 1 0 1 0 1 1 0 1 0 0 0 1 1 1 1 1 1 1 1 1 1 1 0 1 1 0 1 1 0 1 0 1 0 1 1 0 1
 1 1 1 1 0 0 1 1 0 1 0 1 1 1 0 1 1 1 1 1 1 0 0 0 0 0]
At  6501/30000: COST 0.001/2.750(0.010) -- Acc 1.000/0.510(0.997)
[1 1 0 1 1 1 0 1 1 1 0 1 0 1 1 1 1 1 1 1 1 1 0 1 1 1 0 1 1 0 1 1 0 1 1 1 1
 0 1 0 1 1 0 1 1 1 1 0 1 0 0 1 1 1 1 1 0 0 1 1 0 1 1 1 0 1 0 1 0 0 0 0 1 1
 1 0 1 1 0 0 1 1 1 1 1 1 1 0 1 1 0 0 1 1 0 1 1 1 1 0]
At  6601/30000: COST 0.001/2.704(0.005) -- Acc 1.000/0.480(0.999)
[1 1 1 0 0 1 1 1 0 0 1 1 1 1 1 1 0 1 0 1 1 0 1 1 1 1 0 1 0 0 0 0 0 1 1 1 1
 0 1 0 1 1 1 0 1 1 1 1 0 0 1 0 1 1 1 1 1 1 1 1 1 1 1 1 1 1 0 0 1 1 0 0 1 1
 1 1 1 0 1 1 0 0 1 1 1 1 0 1 1 0 0 0 1 0 1 1 1 0 1 1]
At  6701/30000: COST 0.001/2.649(0.005) -- Acc 1.000/0.510(0.999)
[0 1 0 1 1 1 1 1 1 1 0 0 1 0 0 1 1 1 1 1 1 0 1 1 0 1 1 0 1 1 0 0 0 0 1 1 1
 0 1 1 0 1 1 1 1 1 0 0 1 0 0 1 1 1 1 1 1 1 1 1 1 0 0 1 1 1 1 1 1 1 1 1 1 1
 1 1 1 1 1 1 1 0 0 0 1 0 0 1 1 1 1 0 1 1 1 0 0 0 1 1]
At  6801/30000: COST 0.003/2.735(0.011) -- Acc 1.000/0.530(0.997)
[1 0 1 1 1 1 1 1 1 1 1 1 1 0 1 1 0 0 0 0 1 0 0 1 1 1 1 1 1 1 0 0 0 1 1 1 1
 0 1 0 1 0 1 1 1 1 0 1 1 0 0 1 1 1 0 0 1 1 0 0 1 1 1 1 1 0 1 0 0 1 1 1 1 1
 0 0 0 1 1 0 1 0 1 1 1 0 1 0 1 1 1 1 1 0 1 1 0 0 0 0]
At  6901/30000: COST 0.001/3.276(0.009) -- Acc 1.000/0.470(0.997)
[1 0 1 0 1 1 1 1 0 1 1 1 0 0 0 0 1 0 0 1 1 1 1 0 1 1 1 0 0 0 0 0 1 0 1 1 1
 1 1 1 1 0 1 0 1 0 1 1 1 1 1 0 0 0 1 1 1 1 0 1 1 1 1 1 1 1 1 1 1 1 0 1 1 1
 0 0 1 1 1 1 1 1 1 1 1 1 1 0 1 1 1 1 1 1 1 0 1 0 1 1]
At  7001/30000: COST 0.002/2.570(0.012) -- Acc 1.000/0.480(0.997)
[1 1 1 1 0 0 1 1 1 1 0 1 1 0 0 1 1 0 1 1 1 1 0 0 0 0 0 0 1 1 0 1 1 1 1 0 1
 1 1 1 1 1 1 0 1 1 0 0 0 0 0 1 1 1 1 1 0 1 0 0 0 1 1 0 1 1 1 1 1 1 1 0 0 1
 1 0 0 1 0 0 1 1 1 1 1 1 1 1 1 1 0 0 0 1 0 1 1 1 1 1]
At  7101/30000: COST 0.005/2.588(0.029) -- Acc 1.000/0.520(0.992)
[1 1 1 1 1 1 0 0 1 1 0 0 1 0 0 1 1 1 1 1 0 0 0 0 1 1 1 0 1 1 0 1 1 1 1 0 0
 1 1 1 1 1 1 1 0 1 1 1 1 1 1 0 1 1 1 1 0 0 1 1 0 0 1 0 1 0 0 1 1 0 0 0 1 0
 1 1 1 1 1 1 1 1 1 1 1 1 1 1 1 0 1 0 1 1 0 1 1 0 1 0]
At  7201/30000: COST 0.003/2.857(0.017) -- Acc 1.000/0.530(0.995)
[1 1 0 1 1 0 0 0 1 1 1 0 0 0 0 1 1 1 1 0 1 1 1 0 1 1 0 1 0 0 0 1 0 1 1 0 0
 1 1 1 1 0 0 1 1 1 1 0 1 1 0 1 1 1 1 0 0 1 1 1 1 1 1 0 1 1 1 0 1 1 1 0 0 0
 0 1 1 0 1 1 0 1 0 1 0 0 1 0 0 0 1 0 0 1 0 1 1 1 0 1]
At  7301/30000: COST 0.017/2.400(0.020) -- Acc 1.000/0.560(0.994)
[0 0 1 1 1 1 1 1 1 1 0 0 1 0 1 1 1 0 1 0 0 1 1 1 0 1 0 1 1 0 1 0 0 1 0 1 1
 1 0 1 1 0 1 1 1 1 0 1 1 1 0 0 1 1 0 0 1 1 1 1 1 0 1 0 1 0 1 1 1 1 0 1 0 1
 1 0 0 1 1 0 1 0 1 0 1 0 1 1 1 1 1 1 1 0 1 0 1 0 1 1]
At  7401/30000: COST 0.002/2.572(0.012) -- Acc 1.000/0.560(0.996)
[1 0 1 0 1 0 0 1 0 0 0 0 0 1 0 1 1 0 1 0 0 1 1 0 1 1 1 1 0 0 1 0 1 1 1 0 1
 1 1 0 0 1 1 1 1 1 1 1 1 1 1 0 1 1 0 1 0 1 0 1 1 0 0 1 0 0 1 1 1 1 1 1 0 0
 1 1 0 1 1 1 1 1 1 0 1 1 0 1 0 1 1 1 1 1 0 1 1 1 1 1]
At  7501/30000: COST 0.017/2.719(0.009) -- Acc 0.990/0.520(0.997)
[1 1 0 0 0 1 0 1 1 1 0 1 1 1 1 1 1 0 1 0 1 1 0 0 1 0 1 0 0 1 1 1 0 1 0 1 1
 1 1 0 0 0 1 1 1 1 0 1 0 1 1 1 1 1 1 1 1 1 0 1 0 1 1 1 1 0 0 1 1 0 1 0 0 0
 1 0 1 1 1 1 1 1 0 1 1 0 0 0 0 1 1 1 1 1 1 1 1 0 1 1]
At  7601/30000: COST 0.006/2.823(0.006) -- Acc 1.000/0.490(0.998)
[1 1 1 1 1 1 0 1 0 0 1 1 1 1 1 1 1 1 1 0 0 1 0 1 1 0 1 1 1 1 1 0 1 0 1 1 1
 0 1 1 1 0 1 0 0 0 0 1 1 0 0 0 1 1 0 1 0 1 1 1 1 1 1 0 1 1 0 1 0 1 1 0 1 1
 1 1 1 1 0 1 0 0 1 1 1 1 1 1 0 0 1 0 1 1 1 1 0 0 1 1]
At  7701/30000: COST 0.081/2.931(0.010) -- Acc 0.980/0.530(0.997)
[0 1 1 1 0 1 1 1 1 0 0 0 1 1 1 1 1 0 1 1 1 0 0 1 0 1 0 1 1 1 1 0 1 0 1 1 0
 1 0 1 0 1 1 1 1 1 0 1 1 1 1 1 1 1 0 0 1 1 0 1 1 0 1 1 1 1 1 1 0 0 1 1 1 1
 0 0 1 1 1 1 1 1 0 1 0 0 0 1 1 0 1 1 1 0 1 0 1 1 0 0]
At  7801/30000: COST 0.007/2.980(0.013) -- Acc 1.000/0.500(0.997)
[1 1 1 1 1 1 0 1 0 0 1 0 0 1 1 0 1 1 1 0 1 1 0 0 1 1 1 1 1 0 0 0 0 1 1 1 0
 1 0 1 1 1 1 1 1 1 0 1 1 1 1 0 1 1 1 1 0 1 1 1 1 0 1 1 0 0 0 1 1 1 1 1 0 1
 1 0 1 1 1 1 1 1 1 0 0 1 0 0 1 1 1 0 0 0 1 0 1 1 0 1]
At  7901/30000: COST 0.002/2.725(0.009) -- Acc 1.000/0.580(0.997)
[0 0 0 0 1 1 1 1 1 1 1 1 1 1 1 0 0 1 1 1 1 1 1 1 1 0 0 1 1 1 0 1 1 0 1 1 1
 1 1 0 1 1 1 1 1 1 1 1 1 1 1 1 0 1 1 0 1 1 0 1 0 1 1 1 1 1 1 1 1 1 1 0 0 1
 1 1 1 1 0 1 0 0 1 1 1 0 1 1 0 1 0 0 1 1 0 0 0 0 0 1]
At  8001/30000: COST 0.001/2.632(0.007) -- Acc 1.000/0.500(0.998)
[1 1 0 1 1 1 1 1 1 1 1 1 1 0 1 1 0 0 0 1 0 1 0 1 1 1 1 1 1 0 1 1 1 1 1 1 0
 1 1 1 1 1 1 1 0 1 1 1 1 0 1 0 0 1 1 1 1 1 0 1 0 1 0 1 0 0 1 1 1 1 1 1 0 1
 1 1 1 0 0 0 0 1 1 1 1 1 1 0 0 1 0 1 1 1 0 1 1 0 1 0]
At  8101/30000: COST 0.001/2.639(0.005) -- Acc 1.000/0.460(0.999)
[1 0 1 0 1 0 1 1 1 1 1 0 0 1 1 1 0 1 1 0 1 1 0 0 0 1 0 0 0 0 0 1 1 1 1 1 0
 0 1 1 1 1 0 1 0 0 1 1 1 0 1 1 1 1 1 1 0 1 1 1 1 1 1 1 0 0 1 0 0 1 1 1 1 1
 1 1 0 1 1 1 1 0 1 1 1 1 1 0 1 0 1 1 1 1 1 1 1 1 1 1]
At  8201/30000: COST 0.074/2.335(0.023) -- Acc 0.970/0.510(0.994)
[1 1 1 1 1 1 0 1 1 0 1 1 1 1 1 1 1 1 1 1 0 1 0 0 1 1 0 0 1 1 1 0 1 1 1 0 0
 1 1 0 0 0 0 0 1 1 1 1 1 1 1 1 1 1 1 0 0 1 1 0 1 0 1 1 1 1 1 0 1 0 1 0 1 0
 0 0 1 1 1 1 0 1 1 1 1 1 1 1 1 1 0 1 0 0 0 1 1 1 1 1]
At  8301/30000: COST 0.012/2.262(0.019) -- Acc 0.990/0.510(0.994)
[0 0 1 0 0 1 0 1 1 1 0 0 0 1 0 0 1 1 1 0 1 1 0 1 1 0 1 0 1 0 1 0 1 1 0 0 0
 1 1 1 1 1 0 1 0 1 0 1 1 1 0 1 0 1 0 1 0 1 1 1 1 0 1 1 1 0 0 1 1 1 0 1 1 1
 1 1 1 1 0 0 1 1 1 1 1 0 1 1 0 1 0 1 0 1 1 1 0 1 1 1]
At  8401/30000: COST 0.001/2.654(0.009) -- Acc 1.000/0.520(0.997)
[0 0 1 0 1 1 1 1 1 1 1 0 1 1 1 1 1 1 0 1 0 0 1 1 1 0 1 0 0 1 0 1 1 1 1 0 1
 0 1 1 1 1 1 1 0 1 1 1 1 1 0 1 1 1 0 0 0 0 0 1 0 1 0 1 0 1 0 1 1 1 1 1 1 0
 1 0 0 1 0 1 1 1 1 0 0 1 1 0 1 1 1 1 1 0 1 0 1 1 1 0]
At  8501/30000: COST 0.003/2.584(0.008) -- Acc 1.000/0.510(0.998)
[0 1 1 1 1 1 1 0 1 1 1 1 1 1 1 1 0 1 1 1 0 1 1 1 1 1 1 1 1 0 0 1 0 1 0 1 1
 1 1 0 0 0 1 0 0 0 0 1 0 1 1 0 1 1 1 1 0 1 1 1 1 0 1 1 1 1 0 1 1 1 1 0 1 0
 1 0 1 0 1 1 1 1 0 1 1 1 0 1 1 0 1 1 1 1 0 1 0 1 1 0]
At  8601/30000: COST 0.036/2.679(0.011) -- Acc 0.990/0.530(0.997)
[0 1 1 1 1 0 1 0 1 0 0 0 0 1 1 1 0 1 0 0 0 1 1 1 1 0 1 0 1 1 0 0 1 1 1 1 1
 1 0 1 0 1 1 1 1 1 1 0 1 1 1 0 1 1 1 0 1 1 0 0 1 1 0 1 1 1 1 1 1 1 0 1 1 1
 1 1 1 1 1 1 0 1 1 1 0 1 1 1 1 1 0 1 0 0 1 0 1 1 0 1]
At  8701/30000: COST 0.007/2.520(0.015) -- Acc 1.000/0.480(0.996)
[1 1 0 1 1 0 1 1 1 1 1 0 1 0 1 1 0 1 0 1 1 1 1 1 1 1 1 0 1 0 1 1 0 0 1 0 0
 1 0 0 1 1 0 1 1 1 1 1 1 1 0 1 1 1 1 1 1 1 1 1 1 1 1 0 1 1 0 1 1 1 0 1 1 0
 1 1 1 1 0 1 0 1 1 0 0 1 0 1 0 1 1 1 0 1 0 1 1 1 0 1]
At  8801/30000: COST 0.001/2.817(0.007) -- Acc 1.000/0.520(0.998)
[1 1 1 1 1 0 0 1 0 1 1 1 1 1 0 1 1 1 1 1 1 0 0 0 0 0 1 1 1 1 1 0 0 0 1 1 1
 1 0 1 0 1 1 1 1 0 1 1 1 1 1 1 0 1 1 1 1 1 1 1 1 1 1 1 0 0 1 0 1 0 1 0 1 0
 1 0 1 0 1 1 1 0 0 1 1 1 0 1 0 0 1 0 1 1 1 1 1 1 1 1]
At  8901/30000: COST 0.032/2.219(0.024) -- Acc 0.980/0.510(0.994)
[0 1 1 1 1 1 0 0 0 0 1 0 1 1 1 0 0 1 1 0 1 0 1 1 1 0 1 0 1 1 0 1 1 0 0 1 1
 0 1 1 1 1 1 0 1 0 1 0 1 0 1 0 1 1 1 0 0 1 1 0 1 0 0 1 0 1 1 1 1 1 1 1 0 1
 1 0 1 0 1 0 1 1 1 1 1 1 1 1 1 0 1 1 0 0 1 1 1 1 1 1]
At  9001/30000: COST 0.003/2.721(0.017) -- Acc 1.000/0.510(0.995)
[1 1 1 1 0 1 0 0 1 1 1 1 1 1 1 1 0 0 1 1 0 1 0 0 1 0 1 0 0 0 1 0 1 0 1 0 1
 1 1 0 0 1 1 1 1 0 0 0 1 0 0 1 1 0 1 1 1 0 0 0 1 0 0 1 1 0 1 1 1 1 1 1 1 1
 1 1 0 1 1 1 0 0 1 1 1 0 0 1 0 1 1 1 0 0 0 1 1 1 0 1]
At  9101/30000: COST 0.021/2.879(0.012) -- Acc 0.990/0.520(0.997)
[1 0 1 0 1 1 1 1 1 1 1 1 1 1 1 0 1 1 0 1 1 1 0 0 0 1 1 1 1 0 1 0 1 1 1 1 0
 0 1 1 0 1 0 0 0 0 0 0 1 1 1 0 0 1 1 1 1 1 1 0 1 0 1 1 1 0 1 1 1 1 0 0 1 0
 1 1 1 1 1 1 0 1 1 1 0 1 0 1 1 0 1 0 0 1 1 1 0 1 0 0]
At  9201/30000: COST 0.001/2.922(0.007) -- Acc 1.000/0.480(0.998)
[1 1 0 1 1 0 1 0 0 1 0 0 1 1 1 0 0 0 1 1 1 1 0 0 1 1 0 1 1 1 1 1 0 1 1 1 1
 1 1 1 1 1 1 1 1 0 1 1 0 1 1 0 1 0 1 1 1 1 0 1 1 0 1 1 1 1 1 1 1 1 1 1 1 1
 1 1 0 1 1 0 1 1 0 0 1 1 1 1 1 1 1 0 1 1 1 1 0 1 1 0]
At  9301/30000: COST 0.001/2.667(0.012) -- Acc 1.000/0.470(0.997)
[1 0 0 1 1 1 1 1 1 1 1 0 1 0 1 1 1 1 1 1 1 1 1 1 1 0 1 0 0 1 1 1 0 1 0 1 1
 0 1 0 1 1 1 0 0 1 0 0 0 1 1 1 1 1 1 1 1 1 1 1 1 1 0 1 1 0 1 1 1 1 1 1 1 1
 0 1 1 1 0 1 1 0 0 1 1 1 0 1 1 0 1 1 1 1 1 0 1 1 1 1]
At  9401/30000: COST 0.001/2.951(0.010) -- Acc 1.000/0.500(0.997)
[1 0 1 1 1 1 1 0 1 1 1 1 1 0 0 1 0 1 0 1 0 0 1 0 1 0 0 0 0 1 0 1 0 0 1 0 1
 0 1 1 1 1 1 0 1 0 0 0 1 0 1 1 1 1 1 1 0 0 1 1 1 1 1 1 1 1 1 1 1 0 0 1 1 1
 1 0 0 1 1 0 1 1 1 1 1 0 1 1 1 1 1 1 1 1 1 1 1 1 1 1]
At  9501/30000: COST 0.001/2.892(0.009) -- Acc 1.000/0.420(0.997)
[1 0 1 1 1 1 1 1 0 0 1 1 1 1 1 1 0 1 1 1 1 1 0 0 1 1 1 1 0 1 1 0 1 1 1 0 1
 1 1 1 0 1 1 1 0 0 1 0 1 0 0 1 0 1 1 1 1 1 0 1 1 1 1 0 1 1 1 0 1 1 1 1 1 1
 1 1 1 0 1 0 1 1 1 0 1 1 0 0 1 0 1 1 1 1 1 0 0 1 1 1]
At  9601/30000: COST 0.001/3.040(0.010) -- Acc 1.000/0.480(0.997)
[1 1 1 0 1 1 1 1 0 1 0 0 0 1 0 1 1 0 1 0 1 1 0 0 1 1 1 0 1 1 0 1 1 1 1 1 0
 0 0 1 0 1 0 1 1 1 1 0 1 1 1 1 1 1 1 0 1 1 1 0 0 1 1 0 0 1 1 1 1 0 1 1 1 1
 1 1 1 1 0 1 1 1 1 1 1 1 1 1 0 0 1 0 0 1 0 0 0 0 1 1]
At  9701/30000: COST 0.001/2.543(0.007) -- Acc 1.000/0.520(0.998)
[0 0 1 1 1 1 1 0 0 1 1 1 0 0 1 1 1 1 1 0 1 1 1 1 1 0 0 0 1 1 1 1 1 1 0 1 0
 1 1 1 1 1 1 1 1 1 0 1 1 1 1 0 0 0 1 1 0 1 1 1 0 1 1 0 0 0 1 0 1 0 1 1 0 1
 0 1 0 0 1 1 1 0 0 0 1 1 1 1 1 1 0 0 0 1 0 1 1 1 1 1]
At  9801/30000: COST 0.000/2.865(0.005) -- Acc 1.000/0.530(0.999)
[1 1 0 1 0 1 1 1 0 1 0 1 1 1 1 1 1 0 1 1 1 1 1 1 0 0 0 1 0 0 1 1 0 1 1 1 1
 0 1 1 1 1 1 0 1 1 1 1 0 1 0 1 0 1 1 0 1 1 1 1 0 1 0 1 1 1 1 1 1 1 1 0 1 1
 1 1 1 1 1 1 1 1 0 1 1 1 1 1 0 1 0 1 1 1 0 0 1 1 0 0]
At  9901/30000: COST 0.000/3.310(0.003) -- Acc 1.000/0.520(0.999)
[0 0 1 0 1 1 1 1 1 1 1 1 1 0 1 0 1 1 0 1 1 1 1 0 1 1 1 1 1 1 1 0 1 0 1 1 1
 1 1 0 1 1 1 1 1 0 1 1 1 0 1 1 0 1 1 1 1 1 0 0 1 1 1 1 1 1 0 1 1 0 1 1 1 1
 1 1 1 0 1 1 0 0 1 0 1 1 0 0 0 0 1 1 1 1 1 1 0 1 1 1]
At 10001/30000: COST 0.000/3.391(0.002) -- Acc 1.000/0.510(0.999)
[1 1 1 1 0 0 0 0 0 0 1 1 1 0 0 0 1 1 1 1 1 1 1 1 1 1 1 1 0 1 1 1 1 1 1 1 0
 1 0 0 1 1 1 1 0 1 1 1 1 1 0 1 0 0 0 1 0 0 1 1 0 1 1 0 0 1 0 1 1 1 1 1 1 0
 1 0 1 0 1 1 1 1 1 0 1 1 1 0 1 1 1 1 1 1 1 1 1 1 1 1]
At 10101/30000: COST 0.000/3.558(0.002) -- Acc 1.000/0.500(0.999)
[1 1 1 1 0 1 1 1 0 0 1 0 1 0 1 1 1 1 1 1 0 1 0 1 0 1 1 1 1 1 1 0 1 1 1 0 1
 1 1 1 1 1 0 0 1 0 1 0 1 0 0 1 0 0 1 1 1 1 1 0 1 1 0 1 1 0 1 0 1 1 0 1 1 0
 1 1 0 0 1 1 1 1 1 1 1 1 1 1 1 0 1 1 1 1 1 1 0 1 1 0]
At 10201/30000: COST 0.000/3.781(0.001) -- Acc 1.000/0.480(1.000)
[1 1 1 1 0 0 0 1 1 1 0 1 1 1 0 1 1 1 1 1 1 1 1 1 1 0 0 0 1 1 1 0 1 1 1 1 0
 1 1 1 1 0 1 0 0 1 1 1 1 0 1 1 1 1 1 0 1 1 1 0 0 1 0 1 1 1 0 1 1 0 0 1 1 1
 0 1 1 1 1 1 0 1 1 1 1 1 1 1 1 0 0 0 0 1 1 1 1 0 1 1]
At 10301/30000: COST 0.010/3.243(0.003) -- Acc 1.000/0.510(0.999)
[1 1 0 1 0 1 1 1 0 1 0 0 1 1 0 1 1 1 1 1 1 0 0 1 1 1 0 0 1 1 0 0 0 1 1 0 1
 1 1 0 1 1 1 1 1 1 1 1 0 0 1 1 0 1 0 0 0 1 1 1 1 0 1 0 0 1 1 1 1 1 1 1 1 1
 0 0 0 0 1 0 1 0 1 1 0 0 1 0 0 0 1 1 1 1 1 0 1 1 1 1]
At 10401/30000: COST 0.113/2.226(0.022) -- Acc 0.980/0.590(0.993)
[1 0 1 1 1 0 0 1 1 0 1 1 1 1 1 1 1 1 0 0 1 1 1 0 1 0 1 0 1 0 0 1 1 0 0 1 1
 1 0 0 1 0 1 0 1 1 0 1 1 1 1 1 0 0 1 1 1 1 1 1 0 1 1 1 0 1 1 1 0 1 1 1 1 1
 1 1 0 1 1 1 1 0 1 0 1 0 1 1 0 0 1 1 1 0 1 0 0 1 1 1]
At 10501/30000: COST 0.019/1.847(0.045) -- Acc 1.000/0.550(0.989)
[0 1 0 1 0 1 1 1 1 1 1 1 1 1 1 1 0 1 0 1 1 1 1 0 1 1 0 0 1 0 0 0 1 0 0 0 0
 0 1 1 1 1 1 0 1 1 1 0 0 1 1 0 1 1 1 1 1 1 0 1 1 1 1 1 0 1 0 1 0 1 1 1 1 1
 1 0 1 1 1 0 0 1 1 1 1 1 1 1 1 0 1 1 0 1 0 1 0 1 1 1]
At 10601/30000: COST 0.040/2.050(0.030) -- Acc 0.980/0.540(0.992)
[1 1 1 1 0 1 1 1 1 1 0 0 0 0 1 1 0 0 1 1 1 1 1 0 1 1 1 1 0 1 1 0 1 1 0 1 1
 1 1 0 1 1 1 0 0 1 1 0 1 0 0 1 1 1 1 1 1 0 1 1 0 0 1 1 1 1 1 0 0 1 1 0 1 0
 0 0 0 0 0 0 1 1 0 1 0 1 0 0 0 1 1 1 1 1 1 0 1 1 0 1]
At 10701/30000: COST 0.003/2.060(0.015) -- Acc 1.000/0.580(0.996)
[1 1 1 1 0 0 1 1 1 1 1 0 1 0 1 0 0 1 1 1 0 1 0 1 0 0 1 1 0 0 1 1 1 1 1 0 1
 0 0 1 1 0 1 1 1 1 0 1 1 1 0 1 1 0 1 0 1 1 0 1 1 0 0 1 0 1 0 1 0 0 0 1 1 1
 1 0 0 1 1 1 1 1 1 1 1 0 1 1 1 1 0 0 0 0 1 0 1 0 1 1]
At 10801/30000: COST 0.001/2.343(0.008) -- Acc 1.000/0.600(0.998)
[1 1 1 1 0 0 1 1 1 1 1 1 1 1 0 1 1 1 1 0 0 1 0 0 1 0 0 0 1 1 1 1 1 0 1 1 0
 1 1 1 0 0 1 1 1 1 1 1 0 1 1 1 1 1 0 1 1 0 1 1 1 1 1 0 1 1 1 1 1 0 1 1 1 1
 1 0 0 1 1 1 0 1 0 1 1 1 0 0 1 1 0 1 1 0 1 0 0 1 0 0]
At 10901/30000: COST 0.004/2.196(0.006) -- Acc 1.000/0.600(0.998)
[0 0 1 0 1 1 1 1 1 1 1 1 1 0 1 1 0 1 1 0 1 0 1 1 1 1 0 1 1 1 1 1 0 1 1 0 1
 0 0 1 1 1 0 0 1 1 0 0 1 0 0 1 0 1 1 1 1 1 1 0 1 1 1 1 1 1 0 1 1 1 1 1 1 1
 1 1 0 1 1 1 1 1 0 0 0 0 0 0 0 1 1 1 0 1 1 0 0 1 1 1]
At 11001/30000: COST 0.001/2.378(0.006) -- Acc 1.000/0.550(0.999)
[1 0 1 0 1 0 1 1 1 1 1 0 1 1 0 1 0 1 1 1 1 0 1 1 1 0 0 1 1 1 1 1 1 0 1 1 0
 1 1 1 0 0 0 1 1 0 1 1 0 1 1 1 0 1 1 1 1 1 0 0 1 1 0 1 0 1 1 0 1 1 0 1 1 1
 1 1 1 0 1 1 0 1 1 1 1 1 1 0 1 0 1 0 0 1 1 1 1 1 0 1]
At 11101/30000: COST 0.000/2.363(0.003) -- Acc 1.000/0.510(0.999)
[0 1 0 1 1 1 1 1 1 0 0 1 1 1 1 0 0 0 1 1 1 1 1 1 1 1 1 0 1 0 1 1 1 0 0 1 1
 0 1 1 1 0 1 0 1 1 1 1 1 1 1 1 1 1 1 0 1 0 1 1 1 1 0 1 1 1 1 1 0 0 0 1 0 0
 0 0 1 0 0 1 0 1 1 0 1 1 1 1 1 1 1 1 0 0 0 1 1 1 1 0]
At 11201/30000: COST 0.003/2.410(0.002) -- Acc 1.000/0.550(0.999)
[1 1 0 1 0 1 1 1 0 1 0 0 0 1 0 1 1 1 1 0 1 0 0 1 1 1 1 1 1 1 0 1 1 0 0 1 0
 1 1 1 1 1 1 1 0 1 0 1 1 0 0 0 1 1 1 1 1 0 1 1 1 1 1 0 0 1 1 1 0 1 0 0 1 1
 1 0 1 1 1 0 1 1 1 1 1 1 1 0 0 0 1 1 0 1 1 1 1 1 0 1]
At 11301/30000: COST 0.001/2.405(0.002) -- Acc 1.000/0.590(1.000)
[1 1 0 1 1 0 1 0 1 1 0 1 1 1 0 0 0 0 0 1 0 0 1 0 1 1 1 1 1 1 1 1 1 1 0 0 1
 1 1 1 1 0 1 1 1 1 1 1 1 1 1 1 1 1 1 1 1 1 1 1 1 1 0 1 1 0 1 1 1 0 1 0 1 0
 0 1 0 1 1 1 0 1 1 0 1 0 1 1 0 0 1 1 0 0 1 1 0 1 0 0]
At 11401/30000: COST 0.001/2.420(0.001) -- Acc 1.000/0.570(1.000)
[1 1 0 1 0 1 0 1 0 0 1 1 0 1 1 1 1 0 1 1 1 0 1 0 1 0 0 1 0 1 1 1 0 0 1 1 1
 0 1 1 1 0 1 0 1 1 1 1 0 0 1 0 1 0 1 1 0 1 1 1 1 1 0 1 1 1 0 0 1 0 0 0 0 1
 1 0 1 1 1 0 0 0 0 1 0 1 1 1 1 1 1 1 0 1 1 1 1 1 1 1]
At 11501/30000: COST 0.000/2.751(0.001) -- Acc 1.000/0.550(1.000)
[0 1 1 0 1 1 0 0 1 0 0 0 0 1 1 1 1 0 1 1 1 0 1 0 0 1 0 0 1 1 1 1 1 1 1 0 1
 1 1 1 1 1 1 0 1 1 1 1 1 1 0 1 0 0 1 1 1 1 0 1 1 1 1 1 0 1 0 0 0 0 0 0 0 1
 1 1 1 1 1 1 1 1 1 0 1 0 1 1 0 1 1 0 0 1 1 0 0 1 1 1]
At 11601/30000: COST 0.000/2.662(0.001) -- Acc 1.000/0.560(1.000)
[1 0 1 1 1 1 0 0 1 1 1 1 1 1 1 0 0 1 1 1 0 1 0 1 1 1 0 1 0 1 1 0 1 1 1 0 1
 1 0 1 0 1 1 1 1 0 0 1 1 1 1 1 0 1 0 1 1 1 0 0 1 1 1 0 0 1 0 0 0 1 1 0 1 1
 1 0 1 0 1 1 0 1 1 1 0 1 0 1 1 1 1 0 1 0 0 1 1 1 1 0]
At 11701/30000: COST 0.000/2.702(0.001) -- Acc 1.000/0.530(1.000)
[1 1 0 1 1 1 1 0 0 0 0 1 1 1 1 1 1 0 1 1 1 1 0 1 1 0 1 1 0 0 1 0 1 1 0 0 1
 0 0 1 1 1 1 1 0 0 1 1 1 0 1 1 1 1 0 0 0 1 1 1 1 1 1 1 0 1 1 1 1 1 0 0 0 1
 1 1 1 1 1 1 0 0 1 1 0 1 1 1 1 1 1 0 0 0 0 0 1 1 0 1]
At 11801/30000: COST 0.000/2.535(0.001) -- Acc 1.000/0.570(1.000)
[0 1 1 0 1 1 1 1 1 1 1 0 1 0 0 1 1 0 1 1 0 0 0 0 1 1 1 1 0 1 0 0 1 1 1 1 1
 1 0 0 1 1 0 1 1 0 0 1 1 0 1 1 1 1 0 1 0 1 1 1 1 1 0 0 1 1 1 1 0 1 0 0 1 1
 1 0 1 0 1 1 1 1 0 1 1 1 1 1 0 0 1 1 0 1 1 0 0 0 1 1]
At 11901/30000: COST 0.000/2.787(0.001) -- Acc 1.000/0.540(1.000)
[0 0 0 1 1 1 1 1 1 1 0 1 0 1 0 0 0 1 0 1 1 1 0 1 1 0 1 0 0 0 1 1 1 1 1 1 1
 1 0 0 0 1 1 1 1 0 1 1 0 1 1 1 1 1 0 1 1 0 1 1 1 1 0 1 1 1 0 1 1 1 0 0 1 1
 1 1 0 0 0 0 0 0 1 1 1 0 1 1 1 1 1 1 0 0 1 1 1 0 1 1]
At 12001/30000: COST 0.000/2.833(0.001) -- Acc 1.000/0.540(1.000)
[1 1 1 0 1 1 1 0 1 1 0 1 1 0 0 0 1 1 1 0 1 1 0 1 1 1 0 0 1 1 1 1 0 0 1 1 1
 1 0 0 0 0 1 1 1 1 0 1 1 1 1 0 1 1 1 1 0 1 0 0 1 1 1 1 0 1 1 0 1 0 1 0 1 1
 0 1 1 1 0 0 1 0 0 1 0 1 0 1 1 1 0 1 1 0 1 1 1 0 1 1]
At 12101/30000: COST 0.000/2.823(0.001) -- Acc 1.000/0.540(1.000)
[1 0 1 0 1 0 1 1 0 1 1 1 1 1 1 1 1 0 0 0 0 1 1 0 0 1 0 0 0 0 1 0 1 1 1 0 1
 1 1 0 1 1 1 0 1 1 1 0 0 1 1 1 1 1 1 1 0 0 0 1 0 1 1 1 1 1 0 0 0 1 1 1 1 1
 1 1 1 0 1 1 0 0 1 1 1 0 1 1 1 1 0 1 0 1 1 0 0 1 0 1]
At 12201/30000: COST 0.000/2.788(0.000) -- Acc 1.000/0.570(1.000)
[0 1 1 1 1 1 1 1 1 1 1 0 1 1 0 1 1 0 1 0 1 1 1 1 1 1 0 1 0 1 1 1 1 1 1 1 0
 1 0 1 1 1 0 1 1 0 1 1 1 1 1 1 1 1 0 0 1 0 1 1 1 1 1 1 1 1 1 1 1 1 1 1 1 1
 1 1 1 0 0 0 1 1 1 1 0 1 0 1 1 0 1 0 1 1 0 1 1 1 0 1]
At 12301/30000: COST 0.016/2.159(0.041) -- Acc 1.000/0.540(0.990)
[1 1 1 1 0 0 1 0 1 1 0 1 1 0 1 1 0 1 0 0 1 0 0 1 1 1 0 0 1 1 0 1 1 0 1 1 1
 1 1 1 1 0 1 1 1 0 0 1 1 1 1 1 1 1 0 1 1 1 0 0 1 1 1 0 0 1 1 1 1 0 0 1 0 0
 0 1 1 0 1 0 1 0 0 1 1 1 1 1 0 0 1 1 1 1 1 1 1 0 1 1]
At 12401/30000: COST 0.005/2.162(0.030) -- Acc 1.000/0.530(0.992)
[1 1 1 0 1 1 1 0 1 1 0 1 1 1 1 1 1 1 0 1 1 0 0 1 1 1 0 0 0 0 0 0 1 1 1 0 0
 0 1 1 0 1 1 1 0 1 1 0 1 1 1 1 1 1 1 0 0 0 1 1 1 1 0 0 1 0 1 1 0 1 1 0 1 1
 1 1 1 1 1 1 1 1 0 1 1 1 1 1 1 0 1 1 0 1 1 1 0 1 0 1]
At 12501/30000: COST 0.002/2.737(0.013) -- Acc 1.000/0.480(0.997)
[1 0 1 0 1 1 1 0 1 0 1 1 1 1 1 0 1 0 0 0 0 1 1 1 1 1 1 1 1 1 0 1 0 1 1 0 0
 1 1 1 0 1 0 1 1 0 0 1 1 1 0 1 1 1 1 0 0 1 0 1 1 1 1 1 1 1 1 0 1 1 1 0 0 0
 1 1 0 1 0 1 1 0 1 0 1 1 1 1 0 1 1 1 1 0 1 1 1 1 1 0]
At 12601/30000: COST 0.003/2.961(0.007) -- Acc 1.000/0.510(0.998)
[1 1 0 1 1 1 1 0 1 1 1 0 0 1 1 0 0 1 0 1 1 1 0 1 0 0 1 1 1 1 0 1 1 1 0 0 1
 0 1 0 1 1 0 1 1 1 1 1 1 0 1 1 0 0 0 1 0 1 0 1 0 1 1 1 1 1 1 1 1 1 1 1 0 1
 1 1 1 0 1 0 0 1 0 1 1 0 0 0 0 1 1 0 1 1 0 1 1 1 1 0]
At 12701/30000: COST 0.002/2.672(0.006) -- Acc 1.000/0.540(0.999)
[0 1 1 1 1 0 1 1 1 0 1 1 1 1 1 1 1 1 0 0 1 0 1 0 1 0 1 1 0 1 0 0 0 1 0 1 1
 1 1 0 1 1 0 1 1 0 1 0 1 1 0 0 1 1 1 1 1 1 1 1 1 1 1 1 0 1 1 1 0 0 1 0 0 1
 0 1 1 1 0 0 1 1 1 1 1 0 0 1 0 1 1 1 0 0 1 1 1 1 1 0]
At 12801/30000: COST 0.005/2.319(0.012) -- Acc 1.000/0.520(0.996)
[1 1 0 1 1 1 1 1 1 1 1 1 1 1 1 1 1 0 1 1 1 1 1 1 0 0 1 1 1 0 1 1 1 1 1 1 1
 0 1 1 1 0 1 0 1 0 1 1 0 0 1 0 1 0 1 0 1 1 1 0 0 1 1 1 1 0 0 0 1 0 1 0 1 1
 1 0 0 1 0 0 1 1 1 0 1 0 1 0 0 1 1 1 0 1 1 0 0 1 1 0]
At 12901/30000: COST 0.004/2.574(0.017) -- Acc 1.000/0.500(0.995)
[0 0 0 1 0 1 0 0 1 1 1 0 1 1 0 0 1 1 1 0 1 0 1 1 1 0 0 1 1 1 1 0 1 1 1 1 1
 1 1 1 1 1 1 1 0 1 1 1 1 1 1 1 1 1 1 0 1 0 1 1 0 1 1 1 1 1 1 1 0 1 1 1 1 1
 1 1 1 1 0 0 1 1 1 1 1 0 1 1 1 1 0 0 1 0 1 1 1 1 0 1]
At 13001/30000: COST 0.082/1.760(0.061) -- Acc 0.970/0.510(0.982)
[1 0 1 0 1 0 1 1 1 0 1 1 0 1 1 1 1 1 1 0 1 1 1 1 1 0 0 1 0 1 0 0 1 1 1 0 1
 1 1 1 0 1 0 1 1 1 0 1 0 1 1 0 1 1 1 1 1 1 0 1 1 1 1 1 1 1 1 1 1 1 1 0 1 1
 0 0 1 1 1 1 1 0 1 1 1 1 1 1 1 1 0 1 1 0 0 1 1 0 0 1]
At 13101/30000: COST 0.012/2.065(0.027) -- Acc 1.000/0.540(0.992)
[1 1 1 1 1 0 1 0 0 1 1 0 1 1 1 1 1 1 1 1 1 1 1 1 1 0 1 0 0 0 1 1 1 1 1 0 0
 1 1 1 0 1 1 0 1 0 1 0 1 1 1 0 1 1 1 1 1 0 1 1 1 1 0 1 0 0 1 1 0 0 1 1 1 1
 1 1 1 0 1 0 1 0 1 1 1 1 1 0 0 1 0 0 1 0 1 1 1 1 1 1]
At 13201/30000: COST 0.000/2.245(0.011) -- Acc 1.000/0.540(0.997)
[1 1 0 0 1 1 1 1 0 1 0 1 0 1 1 1 1 1 1 0 0 1 1 0 1 1 0 0 0 1 0 1 1 1 0 1 1
 0 1 1 1 1 0 1 0 1 1 1 1 1 0 1 0 0 0 0 1 0 1 1 1 1 1 1 0 1 1 1 1 1 0 1 0 1
 1 1 1 0 0 1 1 1 1 1 1 1 1 1 1 1 0 1 1 1 1 0 1 1 0 1]
At 13301/30000: COST 0.001/2.303(0.006) -- Acc 1.000/0.550(0.999)
[1 0 1 0 0 0 0 1 1 1 0 1 1 0 1 1 0 0 1 1 0 1 0 1 0 0 1 1 1 1 0 1 1 0 1 1 0
 1 1 1 1 1 1 0 1 1 1 1 1 0 1 1 1 1 1 1 1 0 1 0 0 0 0 0 1 0 1 0 1 1 1 0 0 1
 0 1 1 1 1 1 0 1 1 0 1 1 0 0 1 1 0 1 1 0 1 0 1 1 1 1]
At 13401/30000: COST 0.005/2.345(0.009) -- Acc 1.000/0.490(0.998)
[1 1 1 0 1 1 1 1 1 1 0 1 1 0 1 1 1 0 1 0 0 0 1 1 1 1 1 1 1 1 0 1 1 0 1 1 0
 0 1 0 1 0 1 0 1 1 1 1 1 1 1 1 1 1 0 1 0 0 1 1 1 1 0 1 0 0 1 0 1 1 1 1 1 0
 0 0 1 0 1 0 0 0 1 1 1 1 0 1 1 1 1 1 1 1 0 0 1 1 0 1]
At 13501/30000: COST 0.002/2.608(0.006) -- Acc 1.000/0.510(0.999)
[1 0 1 0 0 0 1 1 0 1 1 0 1 0 0 0 0 1 0 1 1 1 0 1 1 1 1 1 0 1 1 0 1 1 1 0 1
 1 1 0 1 0 1 1 1 1 0 0 0 0 1 1 0 0 1 0 1 1 1 1 0 1 1 0 1 1 0 1 1 1 1 1 1 0
 1 0 0 1 1 0 1 1 1 0 1 0 0 1 1 1 1 0 1 1 1 1 1 1 1 0]
At 13601/30000: COST 0.000/2.702(0.004) -- Acc 1.000/0.530(0.999)
[0 1 1 1 1 0 1 1 1 1 1 1 1 0 0 1 1 1 1 0 0 0 1 1 0 1 1 1 1 0 0 0 1 0 1 0 0
 1 1 0 1 1 1 1 0 1 1 1 1 0 1 1 1 1 1 0 1 0 1 0 0 1 0 1 1 0 0 1 1 0 1 1 1 1
 1 1 1 1 1 0 1 1 0 1 1 1 1 0 1 1 0 1 0 0 1 1 1 1 1 1]
At 13701/30000: COST 0.000/2.767(0.003) -- Acc 1.000/0.560(0.999)
[1 1 0 1 0 1 1 1 1 1 1 0 1 1 1 1 0 1 1 1 1 1 1 1 0 1 1 1 1 1 0 1 1 1 0 1 0
 1 0 0 1 0 1 1 1 1 0 0 1 1 0 1 1 1 1 0 0 1 1 1 1 1 1 1 0 1 1 0 0 1 1 1 0 1
 1 1 1 0 0 1 0 1 1 1 1 1 0 1 1 1 1 0 0 0 1 1 0 1 1 1]
At 13801/30000: COST 0.001/2.758(0.009) -- Acc 1.000/0.530(0.997)
[0 1 1 1 1 0 1 1 1 1 0 1 1 1 0 0 1 1 1 0 1 1 1 0 1 1 1 1 1 1 0 1 1 1 1 0 1
 1 1 1 1 1 0 1 1 1 1 1 1 1 1 1 1 1 1 0 1 1 1 1 1 1 0 1 1 0 1 1 0 1 0 1 1 0
 0 0 1 1 0 1 1 0 1 0 1 1 0 1 0 1 0 0 1 0 0 1 1 0 0 1]
At 13901/30000: COST 0.000/2.774(0.006) -- Acc 1.000/0.540(0.998)
[0 1 0 0 0 0 0 0 1 1 1 1 1 1 0 1 1 0 0 1 1 1 0 0 1 1 1 1 1 1 0 0 1 1 0 1 1
 1 1 0 1 1 1 1 1 1 1 1 1 0 1 1 0 0 1 1 1 1 1 1 1 1 1 1 1 0 1 0 1 1 1 0 0 1
 0 0 1 1 1 0 1 1 0 0 1 1 1 1 1 0 1 1 0 1 1 0 1 1 1 0]
At 14001/30000: COST 0.004/2.934(0.004) -- Acc 1.000/0.550(0.999)
[1 1 1 0 0 1 1 1 1 0 1 0 1 0 0 0 1 0 1 0 1 1 1 1 1 1 0 0 0 1 0 0 0 1 0 1 0
 0 1 0 1 1 1 1 1 0 1 1 0 1 1 1 1 1 0 1 1 1 1 1 1 1 1 1 1 1 0 0 1 0 1 1 1 0
 1 1 1 1 1 1 1 1 0 1 1 1 0 0 1 1 1 1 1 1 1 1 1 0 1 1]
At 14101/30000: COST 0.001/2.916(0.007) -- Acc 1.000/0.530(0.998)
[1 1 1 1 0 0 0 1 0 1 1 1 1 1 1 0 1 1 1 1 1 1 1 1 0 1 0 1 1 1 0 1 1 1 1 0 0
 0 1 0 1 1 1 1 1 1 1 0 0 0 1 0 1 1 1 1 1 1 1 1 0 1 1 0 1 0 1 1 1 1 0 0 1 1
 1 1 1 0 1 1 0 0 1 1 1 0 1 0 1 1 0 1 1 1 0 0 1 1 0 1]
At 14201/30000: COST 0.002/3.003(0.010) -- Acc 1.000/0.550(0.997)
[1 1 1 1 0 0 0 1 1 1 0 1 0 0 1 0 1 1 1 0 1 1 1 1 1 0 1 0 1 1 0 1 1 0 1 1 1
 1 1 0 1 1 1 1 0 1 0 0 1 1 0 1 1 0 1 1 1 0 1 1 0 1 1 1 1 1 1 1 0 1 1 0 0 1
 0 1 1 1 0 1 0 0 1 1 1 1 0 1 1 1 1 0 1 1 1 0 0 1 1 1]
At 14301/30000: COST 0.000/2.889(0.006) -- Acc 1.000/0.520(0.998)
[1 0 1 1 0 1 1 1 1 1 1 0 0 1 1 1 0 1 1 1 1 1 1 1 0 1 1 1 1 1 0 0 1 0 1 1 1
 1 0 1 1 1 1 0 0 0 1 1 1 1 1 0 1 1 0 0 1 0 0 0 1 1 0 1 1 1 0 1 1 0 1 1 1 0
 1 1 1 0 1 1 1 0 1 0 1 0 0 1 1 1 1 0 0 0 1 1 1 1 1 1]
At 14401/30000: COST 0.002/2.908(0.003) -- Acc 1.000/0.520(0.999)
[1 0 0 1 1 1 0 0 1 1 1 0 1 1 1 1 1 1 1 0 1 0 1 0 1 1 1 1 1 1 0 1 1 0 0 1 0
 0 1 1 1 1 0 0 1 0 1 0 1 1 1 0 1 0 0 0 1 1 1 1 1 0 1 0 1 1 1 1 0 1 0 0 1 1
 1 1 1 1 1 1 0 1 0 1 0 1 1 1 1 1 1 1 0 0 1 1 0 0 1 1]
At 14501/30000: COST 0.000/3.095(0.002) -- Acc 1.000/0.540(1.000)
[1 0 0 1 1 1 1 1 1 1 0 0 1 1 0 0 0 1 1 1 0 0 1 1 1 0 1 1 1 1 0 1 1 0 1 1 0
 1 0 1 1 0 1 0 0 1 1 0 1 1 1 0 0 0 1 1 0 1 0 0 1 1 1 1 1 1 1 1 1 0 1 1 1 0
 0 0 0 1 1 0 1 1 1 1 0 1 1 1 1 1 0 1 1 1 1 1 1 1 1 1]
At 14601/30000: COST 0.001/3.024(0.001) -- Acc 1.000/0.550(1.000)
[1 0 0 1 1 1 1 1 1 1 1 1 0 1 1 1 1 1 1 1 1 1 0 0 1 1 1 1 1 1 0 1 0 1 1 1 1
 0 1 0 0 1 1 1 0 1 1 1 1 0 0 1 1 0 1 0 1 1 1 0 1 1 1 0 1 0 0 1 1 1 1 1 1 1
 1 0 1 0 0 1 1 0 1 1 0 0 0 1 1 1 0 1 1 1 1 1 1 0 0 1]
At 14701/30000: COST 0.000/3.169(0.001) -- Acc 1.000/0.560(1.000)
[1 1 0 1 0 0 1 0 1 1 1 1 0 1 1 0 1 0 1 1 1 1 1 0 1 1 1 1 1 1 1 0 1 1 1 1 0
 1 0 1 1 1 1 0 0 0 1 0 1 0 0 0 1 1 0 1 1 1 1 1 1 1 0 1 1 1 0 1 0 1 0 0 1 1
 1 0 0 1 1 1 1 1 0 0 1 1 1 1 0 1 0 1 1 0 0 0 1 0 1 0]
At 14801/30000: COST 0.007/3.110(0.003) -- Acc 1.000/0.540(0.999)
[1 1 0 0 0 0 1 0 1 1 1 0 1 1 0 1 1 1 1 0 0 1 1 0 0 1 1 1 1 0 0 1 0 0 0 0 1
 1 1 0 0 1 0 1 1 1 0 0 0 1 1 1 1 1 0 1 1 0 1 1 1 1 1 1 0 1 1 0 1 0 1 1 1 1
 1 1 0 1 1 1 1 0 1 1 0 1 1 0 1 1 1 0 1 0 0 0 1 0 1 1]
At 14901/30000: COST 0.081/2.840(0.025) -- Acc 0.980/0.420(0.992)
[0 1 1 1 1 1 1 1 1 0 0 1 1 1 1 0 1 0 1 1 0 1 0 1 0 1 1 1 1 1 0 1 1 1 1 0 0
 1 1 0 0 0 1 1 1 0 1 1 1 1 0 1 0 1 1 1 0 1 1 1 0 1 1 1 1 1 1 0 1 0 1 0 0 1
 1 1 0 0 1 1 1 1 1 1 1 1 1 0 1 0 0 1 0 0 0 0 1 1 0 1]
At 15001/30000: COST 0.008/2.463(0.032) -- Acc 1.000/0.500(0.991)
[1 1 1 0 0 1 1 1 0 1 1 1 1 1 0 1 1 1 0 0 1 1 1 0 1 1 1 1 1 0 1 1 0 0 0 1 1
 1 1 1 0 1 1 1 1 1 1 0 1 1 0 0 1 0 1 1 1 0 1 1 1 1 0 1 0 1 1 1 1 1 1 0 0 0
 1 0 1 1 0 0 1 1 1 0 0 0 0 0 1 1 1 1 0 1 1 1 1 0 1 0]
At 15101/30000: COST 0.002/2.852(0.017) -- Acc 1.000/0.520(0.995)
[1 0 0 1 1 1 1 0 0 1 1 0 1 1 1 0 0 1 0 1 0 1 1 1 0 0 0 1 0 1 1 1 1 0 1 1 1
 0 0 1 1 0 1 1 1 0 1 1 1 1 0 1 1 1 0 1 0 1 1 1 0 1 1 1 1 1 1 1 1 0 1 0 1 1
 0 1 1 1 1 1 0 1 0 0 1 0 1 0 0 1 0 1 1 0 1 0 1 0 1 0]
At 15201/30000: COST 0.000/3.043(0.008) -- Acc 1.000/0.510(0.998)
[1 1 1 0 0 1 0 1 0 0 0 1 1 1 0 0 1 1 1 0 0 1 1 0 1 1 1 0 0 1 1 1 0 1 0 1 0
 1 0 1 0 1 0 1 1 0 1 1 1 1 1 0 1 0 1 0 1 1 1 1 1 1 0 1 1 1 1 1 0 1 0 0 1 1
 1 1 0 1 1 1 0 0 1 1 0 0 0 1 0 1 1 0 1 1 1 1 1 1 1 1]
At 15301/30000: COST 0.000/3.085(0.004) -- Acc 1.000/0.520(0.999)
[1 1 0 0 1 0 1 0 0 1 1 0 1 1 1 1 1 1 1 1 1 1 1 1 1 1 1 1 1 1 1 0 1 1 0 1 1
 1 0 1 1 1 0 1 1 0 1 1 1 0 1 1 0 0 1 0 1 0 1 1 1 1 1 0 1 1 0 1 0 0 1 1 1 1
 0 1 0 0 1 0 1 1 1 1 0 1 1 0 1 0 1 1 0 1 0 0 1 0 1 1]
At 15401/30000: COST 0.001/3.118(0.002) -- Acc 1.000/0.560(0.999)
[0 1 1 1 1 1 1 1 1 0 1 1 0 0 1 1 1 0 1 1 1 1 1 1 1 1 1 0 0 0 0 1 1 1 1 0 1
 1 1 1 1 0 1 0 0 1 1 1 1 1 1 1 1 1 1 1 0 0 1 0 0 0 0 0 1 0 0 1 1 0 0 0 1 1
 1 1 0 1 1 1 0 1 0 0 0 1 0 1 0 1 1 1 1 1 1 1 1 1 0 1]
At 15501/30000: COST 0.001/3.298(0.002) -- Acc 1.000/0.560(1.000)
[1 1 1 1 1 1 1 1 1 0 1 0 1 1 0 1 0 0 1 1 0 1 1 1 0 0 1 1 1 1 0 0 1 1 0 0 1
 1 1 1 1 0 0 0 0 0 1 1 1 1 0 1 1 1 1 0 0 0 0 0 1 1 0 1 1 0 1 1 0 1 1 1 0 1
 1 1 1 1 1 0 1 0 1 1 1 0 1 1 1 0 1 0 1 0 1 0 0 1 1 1]
At 15601/30000: COST 0.000/3.346(0.004) -- Acc 1.000/0.520(0.999)
[1 1 1 1 1 0 0 0 1 1 0 0 1 1 1 0 1 1 1 1 0 1 1 0 1 0 1 1 1 1 0 1 1 0 1 1 1
 1 1 1 0 1 0 1 1 0 0 0 1 0 1 0 1 1 1 1 1 0 0 1 0 0 0 1 0 1 1 1 1 1 1 1 0 0
 1 1 0 1 0 1 0 1 1 0 0 1 1 1 1 1 0 0 1 0 0 0 0 1 0 1]
At 15701/30000: COST 0.001/3.326(0.002) -- Acc 1.000/0.510(1.000)
[1 0 0 1 0 1 1 1 0 0 1 0 1 1 1 0 1 0 0 1 1 1 1 1 0 1 1 1 1 1 0 1 1 0 1 1 1
 0 1 1 0 0 0 0 1 1 0 1 1 1 0 1 1 0 1 1 1 1 1 0 1 1 1 1 1 0 0 1 0 1 0 1 0 1
 0 1 1 1 0 1 1 1 1 0 1 1 1 0 0 1 1 0 0 1 1 0 1 0 1 1]
At 15801/30000: COST 0.001/3.354(0.003) -- Acc 1.000/0.480(0.999)
[1 1 1 1 0 0 0 0 0 0 0 0 0 1 1 0 1 1 1 0 1 1 0 1 0 1 1 0 1 1 1 1 0 1 1 1 1
 1 1 1 1 1 1 0 1 1 1 0 0 1 1 0 1 1 0 1 0 1 0 1 1 1 1 0 1 1 1 0 1 0 1 1 1 0
 1 1 1 0 1 0 0 1 1 1 0 0 1 1 1 0 0 1 1 1 1 0 0 1 1 1]
At 15901/30000: COST 0.001/3.304(0.003) -- Acc 1.000/0.460(0.999)
[1 1 1 1 1 0 1 0 0 1 1 1 0 1 1 0 0 1 1 1 1 0 1 0 1 1 0 1 1 0 0 1 1 0 1 0 1
 0 0 0 1 1 1 1 1 0 0 1 0 0 0 1 1 1 0 1 1 1 1 0 0 1 1 1 0 0 0 1 0 1 1 1 1 1
 1 1 1 1 1 0 1 0 1 1 1 1 0 1 1 1 1 1 0 1 0 0 0 1 1 0]
At 16001/30000: COST 0.000/3.569(0.002) -- Acc 1.000/0.470(1.000)
[1 1 1 1 1 0 0 0 1 0 0 0 1 0 1 1 1 0 1 0 1 0 1 0 0 0 1 1 1 1 0 0 0 1 1 1 1
 0 0 1 1 1 0 1 1 1 1 1 1 1 1 0 1 1 1 1 1 1 1 1 0 1 1 0 0 1 1 1 1 0 1 0 1 1
 1 1 1 1 0 0 1 1 1 0 1 1 0 1 1 1 1 1 1 0 1 1 1 0 0 1]
At 16101/30000: COST 0.001/3.633(0.003) -- Acc 1.000/0.510(0.999)
[1 1 1 1 0 0 1 1 1 0 1 0 0 1 0 1 1 1 1 1 0 1 1 0 1 0 0 1 1 1 1 1 1 1 0 0 0
 0 1 1 0 1 0 1 1 1 0 0 1 0 0 1 0 0 1 1 0 1 0 1 1 1 1 1 1 1 1 1 1 1 1 1 1 0
 0 1 1 1 1 1 1 1 1 1 0 0 1 1 1 0 1 1 1 1 1 1 1 1 1 1]
At 16201/30000: COST 0.034/2.538(0.020) -- Acc 0.980/0.540(0.994)
[0 1 1 1 0 1 1 0 1 1 1 1 1 1 0 0 0 1 0 0 1 0 1 0 1 0 1 0 0 0 0 1 1 1 1 1 1
 1 1 1 0 0 1 0 1 1 1 1 0 0 1 1 1 0 1 1 1 1 1 1 0 1 1 0 1 0 0 0 0 1 1 1 1 0
 1 1 1 0 1 0 1 1 0 1 1 1 1 1 1 1 1 1 0 0 1 0 0 1 0 1]
At 16301/30000: COST 0.008/2.301(0.011) -- Acc 1.000/0.510(0.997)
[1 1 1 1 1 0 1 0 1 1 1 0 0 0 1 0 1 1 0 1 1 0 1 0 1 1 1 1 0 1 0 1 1 0 1 0 1
 0 1 1 0 0 0 1 1 0 1 0 0 1 0 0 0 1 0 1 0 0 1 1 1 1 0 1 1 1 0 0 1 0 1 1 1 1
 0 0 1 1 1 1 1 1 1 1 1 1 0 1 1 0 1 1 0 1 1 1 0 1 1 0]
At 16401/30000: COST 0.002/2.756(0.011) -- Acc 1.000/0.480(0.997)
[1 1 0 1 0 1 1 1 1 0 1 1 0 0 0 1 1 1 0 1 1 1 1 0 1 0 1 1 0 1 0 1 1 0 1 1 0
 1 1 1 0 0 0 0 1 0 1 1 1 0 1 1 0 1 1 0 1 1 0 1 1 0 0 1 1 1 1 1 0 1 1 1 1 1
 0 1 1 0 0 0 0 0 1 0 0 1 1 1 1 1 1 1 1 1 1 0 1 0 0 0]
At 16501/30000: COST 0.005/2.403(0.010) -- Acc 1.000/0.500(0.997)
[1 1 0 1 1 1 1 1 0 1 1 1 1 0 0 1 0 1 0 1 0 1 1 0 0 0 0 0 1 1 0 1 1 1 1 0 1
 1 1 0 0 0 1 1 1 1 0 1 1 1 0 1 0 1 0 1 1 1 0 1 0 1 1 1 0 1 1 0 0 1 1 0 1 1
 1 1 1 1 1 1 1 0 1 1 0 1 0 1 1 1 1 0 1 1 1 1 1 1 1 1]
At 16601/30000: COST 0.011/2.714(0.010) -- Acc 0.990/0.520(0.997)
[1 1 0 1 1 1 1 0 0 1 0 1 0 1 1 0 1 0 1 1 1 1 1 1 0 1 1 0 1 0 0 1 1 0 0 0 1
 0 0 0 0 1 1 1 1 0 1 1 1 1 1 1 1 0 1 1 1 1 0 0 0 0 1 1 0 1 1 1 1 1 0 0 0 1
 1 1 0 1 1 0 0 1 0 1 1 1 1 1 1 0 1 1 0 1 0 1 1 1 1 1]
At 16701/30000: COST 0.000/2.914(0.005) -- Acc 1.000/0.500(0.999)
[1 1 1 1 0 0 1 0 1 1 0 0 1 0 1 1 1 1 1 1 1 1 1 1 1 1 1 0 0 1 1 0 1 1 1 1 0
 0 0 0 0 0 0 0 0 1 0 1 1 1 1 1 1 0 0 1 0 1 0 1 1 1 0 1 1 1 0 1 0 1 0 1 1 0
 1 1 0 1 1 1 1 0 1 0 1 1 0 0 1 0 0 0 0 0 0 1 0 1 1 1]
At 16801/30000: COST 0.003/2.553(0.008) -- Acc 1.000/0.490(0.998)
[1 1 0 1 1 1 1 0 1 0 1 1 0 1 1 0 0 1 1 0 1 1 1 1 0 0 1 1 1 0 1 1 1 0 1 1 1
 1 0 1 1 0 1 0 1 0 1 0 0 0 0 0 0 1 1 1 0 0 1 1 1 0 0 1 0 0 1 1 1 1 1 0 0 1
 1 1 0 0 1 1 1 1 1 1 0 1 1 0 1 1 0 1 0 0 1 1 1 0 1 1]
At 16901/30000: COST 0.000/2.950(0.008) -- Acc 1.000/0.480(0.998)
[1 1 1 1 1 1 1 1 0 1 1 1 1 0 0 1 1 0 1 0 1 1 0 1 1 1 0 0 1 0 1 1 0 0 1 0 0
 1 0 0 1 0 0 1 0 1 1 1 1 1 0 0 0 1 1 1 1 1 0 1 1 1 1 1 0 0 0 1 0 1 0 0 0 1
 0 1 1 1 1 1 1 1 1 1 1 1 1 1 0 1 0 1 1 0 0 0 1 1 0 1]
At 17001/30000: COST 0.000/3.076(0.004) -- Acc 1.000/0.490(0.999)
[1 0 0 1 0 1 0 0 1 0 1 1 1 0 1 0 1 1 1 1 0 1 0 0 1 1 1 0 1 0 1 1 1 1 0 1 0
 1 0 1 1 1 1 1 0 1 1 1 1 0 1 1 0 1 1 0 0 0 1 1 1 1 1 1 1 1 1 1 0 1 1 1 0 1
 1 1 1 1 1 1 1 0 0 1 0 1 1 0 1 1 0 1 0 1 0 0 1 1 1 0]
At 17101/30000: COST 0.000/3.163(0.003) -- Acc 1.000/0.520(0.999)
[1 0 1 1 0 0 0 0 0 1 1 1 1 0 0 0 0 1 1 1 0 1 0 1 1 0 0 1 0 0 1 1 1 1 0 1 1
 1 1 1 1 1 1 1 0 1 0 1 0 1 1 1 1 1 0 1 1 0 1 0 1 1 1 0 1 0 0 1 1 1 0 1 1 1
 1 1 1 1 0 0 1 1 0 1 1 0 0 1 1 1 1 1 0 1 1 1 1 1 0 1]
At 17201/30000: COST 0.002/2.947(0.002) -- Acc 1.000/0.530(0.999)
[1 1 1 0 1 1 0 1 0 1 0 0 1 1 0 1 1 1 1 1 1 1 1 0 1 1 1 0 1 1 1 1 1 0 1 0 0
 0 0 0 1 0 1 1 0 1 1 1 1 1 0 0 0 0 1 1 1 0 1 1 1 1 1 1 1 0 1 0 1 0 1 0 1 1
 0 0 1 0 0 1 0 0 0 1 0 1 0 1 1 1 1 1 1 1 1 1 1 1 1 1]
At 17301/30000: COST 0.000/2.958(0.002) -- Acc 1.000/0.490(0.999)
[1 1 1 1 0 0 1 1 0 0 1 0 0 0 1 1 0 0 1 0 1 1 1 1 1 0 0 0 1 1 0 1 0 0 1 0 0
 1 1 0 0 1 1 0 1 0 1 1 1 0 1 1 0 1 1 0 1 1 0 1 1 0 1 1 0 1 1 1 0 1 1 1 1 1
 1 0 1 1 0 0 0 0 0 1 1 1 1 0 1 1 1 1 1 1 1 1 1 1 1 0]
At 17401/30000: COST 0.001/2.835(0.001) -- Acc 1.000/0.560(1.000)
[1 1 1 0 0 1 1 1 0 1 1 0 0 1 1 1 1 1 0 1 0 0 1 1 1 1 1 1 0 0 1 0 1 1 1 1 0
 1 1 0 1 1 1 0 1 1 1 1 1 0 0 0 1 0 0 1 0 1 1 1 0 1 1 1 0 0 0 1 1 1 0 1 1 1
 1 1 1 1 1 0 1 0 1 1 1 1 1 1 0 1 0 0 1 0 1 1 1 0 1 0]
At 17501/30000: COST 0.000/3.246(0.001) -- Acc 1.000/0.520(1.000)
[1 1 1 1 0 0 1 0 1 1 0 1 0 0 0 1 0 1 1 1 1 0 0 0 1 0 0 0 1 1 1 0 0 0 1 0 1
 1 0 1 1 1 0 1 1 0 1 1 0 1 1 1 1 0 1 1 1 0 0 0 1 1 1 1 1 0 1 0 0 0 1 1 0 1
 1 1 1 1 1 1 1 1 0 1 1 1 1 0 1 0 0 1 1 1 1 1 1 1 1 1]
At 17601/30000: COST 0.000/3.135(0.001) -- Acc 1.000/0.560(1.000)
[1 1 1 1 1 1 1 0 1 0 1 1 1 1 1 0 1 1 1 1 1 0 1 0 1 1 1 1 1 1 1 0 1 1 0 0 0
 0 1 0 0 1 1 0 1 1 0 0 1 1 0 1 1 0 1 1 1 1 0 0 0 1 1 1 1 1 1 1 0 0 1 1 0 0
 1 1 0 0 0 0 1 1 1 0 1 1 0 1 0 1 1 1 0 0 1 0 1 0 0 0]
At 17701/30000: COST 0.000/3.132(0.001) -- Acc 1.000/0.580(1.000)
[0 0 1 1 0 1 1 1 0 1 1 0 1 1 0 0 0 0 1 1 1 0 1 1 0 0 1 1 0 1 1 1 1 0 0 0 0
 1 1 1 1 1 0 1 1 1 1 0 1 1 1 1 0 1 1 1 1 1 1 0 1 0 0 1 0 0 1 0 0 1 1 1 1 1
 0 0 1 1 1 0 1 0 1 0 1 0 1 1 1 0 1 1 1 1 1 0 1 0 1 1]
At 17801/30000: COST 0.006/3.450(0.004) -- Acc 1.000/0.470(0.999)
[1 1 0 1 0 1 1 0 0 1 1 1 0 1 1 0 1 1 0 1 1 1 1 0 0 1 1 1 1 1 1 1 0 0 1 0 1
 1 1 1 0 0 1 0 1 1 1 1 0 1 0 1 1 0 1 1 1 1 0 0 0 0 0 1 0 1 0 1 0 1 0 1 0 1
 1 1 0 1 1 0 1 1 0 1 1 1 0 0 0 0 1 1 1 1 1 0 0 1 0 1]
At 17901/30000: COST 0.013/2.409(0.031) -- Acc 0.990/0.530(0.991)
[0 1 1 0 0 1 0 1 1 0 0 1 1 1 1 1 1 1 1 1 1 1 1 1 0 0 0 0 0 1 0 0 1 0 0 0 0
 0 1 0 1 0 1 1 0 0 1 1 1 1 1 1 1 1 1 1 1 1 1 1 1 1 1 1 1 1 1 1 1 0 1 1 1 0
 0 0 1 1 1 0 1 1 1 1 0 1 1 1 0 1 1 1 1 0 0 0 1 1 1 1]
At 18001/30000: COST 0.002/1.910(0.024) -- Acc 1.000/0.510(0.993)
[1 1 0 0 0 1 1 1 0 0 0 0 1 1 1 1 1 1 1 0 1 1 0 0 1 1 1 0 1 0 1 1 1 0 0 1 1
 0 1 1 1 1 0 1 1 1 1 1 0 1 1 0 1 1 1 1 0 0 1 1 0 0 0 1 0 1 1 1 1 0 1 1 0 1
 1 0 1 0 1 1 0 1 1 1 1 1 1 1 1 0 1 1 1 1 1 1 1 1 1 1]
At 18101/30000: COST 0.013/2.520(0.013) -- Acc 1.000/0.450(0.996)
[1 1 0 1 1 1 1 0 0 1 0 1 1 1 1 1 1 1 1 0 1 1 1 1 1 1 0 1 0 0 0 0 0 1 1 1 1
 1 0 0 1 1 1 1 0 0 1 1 1 1 1 1 1 1 1 1 1 1 1 1 1 1 0 1 1 1 1 0 1 0 0 0 0 1
 0 0 0 0 0 1 1 0 0 1 1 1 1 0 0 1 0 1 1 1 0 1 0 0 1 0]
At 18201/30000: COST 0.013/2.813(0.007) -- Acc 0.990/0.500(0.998)
[1 1 1 0 1 1 1 1 1 1 1 0 1 1 1 0 0 0 0 1 1 0 1 1 0 1 0 1 1 1 0 1 1 1 0 1 0
 0 1 1 1 1 1 1 0 0 0 1 0 0 0 1 1 0 1 1 1 1 1 1 1 1 0 1 1 1 0 1 1 0 0 1 1 1
 1 0 1 1 1 1 1 1 1 0 1 0 0 1 1 1 1 1 0 0 0 1 0 1 0 0]
At 18301/30000: COST 0.000/2.260(0.013) -- Acc 1.000/0.570(0.997)
[0 1 0 1 0 0 0 1 1 1 1 0 1 1 0 0 1 1 1 1 0 1 0 1 1 1 1 0 1 1 1 0 0 0 0 1 1
 0 1 0 1 1 1 1 1 0 1 1 1 1 0 1 1 0 0 0 1 1 1 0 0 0 0 1 1 1 1 1 1 0 1 1 1 0
 0 0 1 1 1 0 1 0 0 0 1 0 1 1 1 0 1 1 1 0 1 1 1 1 0 1]
At 18401/30000: COST 0.007/2.584(0.013) -- Acc 1.000/0.490(0.996)
[1 1 0 0 0 1 1 1 0 1 1 0 1 0 1 1 1 1 0 0 1 1 1 0 1 0 1 1 0 1 1 0 0 1 0 0 0
 1 1 1 0 1 0 1 0 1 1 1 1 0 1 0 1 0 1 0 1 0 1 1 1 1 0 1 1 1 1 1 1 0 1 1 1 0
 1 0 0 1 1 1 1 1 0 0 1 1 0 0 0 1 1 1 1 1 1 1 1 1 0 1]
At 18501/30000: COST 0.002/2.667(0.008) -- Acc 1.000/0.520(0.997)
[0 1 0 1 1 1 1 1 1 1 1 1 0 1 0 1 1 1 1 0 1 0 0 0 0 0 0 1 1 1 1 1 1 1 0 1 1
 0 0 1 0 0 1 1 1 1 1 1 0 1 0 0 0 1 1 0 1 1 0 0 1 1 1 0 1 1 1 0 1 0 1 0 0 0
 0 1 1 1 1 1 1 1 1 1 0 0 1 1 1 0 1 1 0 1 0 1 1 0 1 0]
At 18601/30000: COST 0.000/2.704(0.005) -- Acc 1.000/0.560(0.999)
[1 1 0 0 0 1 1 0 0 0 1 0 1 0 1 0 1 0 0 1 1 0 1 1 1 0 1 1 1 1 1 1 0 1 0 0 1
 1 1 1 1 0 1 1 0 1 1 0 1 1 0 0 0 0 1 1 1 1 1 1 1 1 1 0 0 1 1 0 0 0 0 1 1 1
 1 0 1 1 0 0 1 1 0 1 1 1 1 1 0 0 1 1 0 1 1 1 0 1 1 0]
At 18701/30000: COST 0.000/3.206(0.004) -- Acc 1.000/0.510(0.999)
[1 1 0 0 1 0 1 1 1 1 0 1 1 0 1 1 1 1 0 1 1 1 0 1 0 1 1 0 1 0 1 1 1 1 0 0 1
 1 0 1 1 1 0 1 1 0 0 0 0 0 1 0 0 0 1 0 1 1 1 1 0 0 1 1 0 1 1 0 1 1 0 1 0 0
 1 0 0 0 1 0 1 1 1 1 1 1 1 0 1 0 0 0 0 1 0 1 0 1 1 0]
At 18801/30000: COST 0.000/3.493(0.003) -- Acc 1.000/0.490(0.999)
[0 1 0 0 1 1 1 0 0 0 1 0 1 1 1 1 1 1 0 1 1 1 0 1 1 0 1 0 1 1 1 1 1 0 0 1 0
 0 1 0 0 0 0 1 0 1 1 0 1 1 1 1 0 1 0 1 1 1 1 0 1 1 0 1 1 1 0 1 1 0 0 0 0 1
 1 0 1 1 1 0 1 0 1 1 0 1 0 1 0 0 1 1 0 0 0 0 1 0 0 0]
At 18901/30000: COST 0.001/2.919(0.002) -- Acc 1.000/0.570(0.999)
[1 0 1 1 1 0 1 1 1 1 0 1 1 1 1 1 0 1 1 1 1 1 1 0 0 1 1 0 1 0 0 0 0 0 0 0 1
 0 1 1 1 1 1 1 1 1 1 1 0 1 0 0 1 1 1 1 0 1 1 0 1 1 0 0 1 1 1 1 0 1 1 1 0 0
 1 1 1 0 1 1 0 0 0 0 1 0 1 0 1 1 1 1 1 0 0 1 0 1 1 1]
At 19001/30000: COST 0.003/2.774(0.001) -- Acc 1.000/0.560(1.000)
[1 1 1 1 1 1 1 0 0 0 1 0 1 0 0 0 1 1 1 1 1 0 1 1 0 0 1 1 1 1 1 0 1 1 0 0 0
 1 0 1 0 1 1 1 1 0 0 1 1 1 1 1 1 1 1 0 1 0 1 1 0 0 0 1 1 0 1 0 1 0 0 1 1 1
 1 1 0 1 1 1 1 1 0 1 0 1 1 1 1 1 0 1 1 1 1 1 0 1 0 1]
At 19101/30000: COST 0.014/2.163(0.012) -- Acc 0.990/0.580(0.997)
[1 1 1 1 1 1 1 0 1 0 1 0 0 1 1 0 1 0 0 1 1 1 0 1 1 1 1 1 0 1 0 0 0 0 0 1 1
 0 0 1 1 1 1 1 0 0 0 1 0 1 1 1 1 0 0 1 1 0 1 1 1 1 0 1 0 0 1 0 1 1 1 1 1 0
 1 1 1 1 1 0 1 0 0 1 1 0 1 1 1 0 1 1 1 0 1 1 1 0 0 1]
At 19201/30000: COST 0.003/2.894(0.020) -- Acc 1.000/0.430(0.995)
[1 1 0 0 1 1 1 0 0 1 1 0 0 0 0 0 0 1 0 0 1 1 1 1 0 0 0 1 1 1 0 1 0 0 1 1 1
 1 0 1 1 1 1 1 0 1 0 0 1 0 1 1 1 1 0 1 1 1 0 1 1 1 1 1 0 1 0 0 0 1 1 1 0 1
 0 1 1 1 1 0 1 1 1 0 0 1 0 0 1 1 0 1 0 0 0 1 1 1 1 1]
At 19301/30000: COST 0.004/2.525(0.016) -- Acc 1.000/0.490(0.995)
[1 1 0 1 1 0 1 1 0 1 0 0 1 1 0 0 1 1 1 0 0 0 1 1 1 0 1 1 0 0 0 1 1 0 1 1 0
 1 1 1 0 1 0 1 0 0 0 1 1 1 0 1 1 1 1 0 1 1 1 0 1 1 1 0 1 1 1 1 1 1 1 1 0 1
 0 1 1 1 1 1 1 0 0 1 1 0 0 1 1 1 0 1 1 1 1 1 1 1 1 1]
At 19401/30000: COST 0.021/2.502(0.014) -- Acc 0.990/0.530(0.996)
[1 0 1 1 0 1 1 1 1 1 1 0 1 1 1 1 0 0 1 0 1 1 1 1 1 1 1 1 0 0 0 1 0 1 1 1 0
 0 1 1 0 1 1 1 0 1 1 1 1 1 0 1 0 1 0 1 1 0 1 0 1 1 1 0 0 1 0 1 0 0 1 1 0 1
 0 0 1 1 1 1 1 1 1 1 1 1 0 1 0 0 1 1 1 0 1 0 1 1 0 0]
At 19501/30000: COST 0.001/2.560(0.018) -- Acc 1.000/0.490(0.995)
[1 1 1 1 1 1 0 1 0 1 0 0 1 1 0 1 0 0 1 1 1 1 1 0 0 1 1 1 1 1 1 1 0 1 1 1 0
 1 1 1 1 1 0 0 1 1 0 1 0 0 1 0 1 0 1 1 0 0 1 0 1 1 0 1 0 0 1 1 0 1 0 1 0 1
 1 0 1 1 1 1 0 1 0 1 0 0 1 1 1 0 1 0 1 0 1 0 0 1 0 1]
At 19601/30000: COST 0.001/2.356(0.009) -- Acc 1.000/0.570(0.998)
[1 1 1 1 0 0 0 1 1 1 1 1 1 1 1 1 0 1 0 0 0 1 1 0 1 0 1 0 1 1 1 1 0 1 0 0 0
 1 1 0 1 0 1 1 1 0 0 1 1 0 1 0 0 1 1 1 1 0 1 1 1 1 0 0 1 0 1 0 0 1 1 1 1 1
 1 1 1 0 1 0 1 1 1 1 0 0 1 0 0 1 1 1 1 0 0 1 1 0 1 1]
At 19701/30000: COST 0.000/2.587(0.007) -- Acc 1.000/0.550(0.998)
[1 0 0 1 1 1 1 0 1 1 1 0 0 0 1 1 1 0 1 0 1 1 0 1 0 0 1 1 1 0 0 0 0 1 1 0 1
 1 1 1 1 0 0 1 1 1 1 1 1 1 1 1 0 0 1 0 0 1 1 0 0 0 1 1 1 1 1 0 1 1 1 0 0 1
 0 1 0 0 1 1 1 0 1 1 1 0 1 1 0 1 1 0 0 1 1 1 1 1 0 1]
At 19801/30000: COST 0.025/2.423(0.006) -- Acc 0.990/0.560(0.998)
[1 0 1 0 0 1 1 1 1 1 0 0 0 0 1 0 1 1 1 0 0 1 1 0 1 1 0 1 1 1 1 0 1 0 1 1 1
 1 1 1 1 1 1 0 1 1 1 0 0 0 1 1 0 0 1 1 1 1 0 1 1 0 1 1 1 1 1 1 1 0 1 1 1 1
 1 1 1 0 1 1 0 1 0 1 0 1 1 1 0 1 0 0 0 1 1 1 1 1 1 1]
At 19901/30000: COST 0.010/2.363(0.012) -- Acc 0.990/0.520(0.997)
[1 1 0 0 1 0 1 1 0 0 1 1 1 1 1 1 1 0 1 0 1 1 0 1 0 1 1 1 1 1 1 1 1 1 0 0 1
 0 0 1 1 1 1 1 0 1 1 0 0 0 0 0 0 1 1 0 0 0 0 1 1 1 1 0 0 0 1 1 0 1 0 0 1 1
 0 1 0 1 1 1 1 1 1 1 1 1 0 0 1 1 0 1 1 1 1 1 1 0 0 1]
At 20001/30000: COST 0.001/2.553(0.007) -- Acc 1.000/0.520(0.998)
[1 1 1 1 0 1 0 1 0 1 1 1 1 0 1 1 1 1 1 1 1 0 1 0 1 0 1 0 1 0 0 1 1 0 1 0 1
 0 1 1 0 1 1 1 1 1 1 0 0 1 0 0 0 1 0 1 1 1 0 1 0 0 0 0 1 1 1 1 0 1 1 1 0 1
 1 1 1 1 1 1 1 1 1 1 0 1 0 0 0 0 0 1 1 1 1 0 1 0 1 1]
At 20101/30000: COST 0.001/2.707(0.004) -- Acc 1.000/0.500(0.999)
[0 1 1 1 1 1 0 1 0 1 1 0 1 0 1 1 1 1 1 1 0 0 1 1 0 1 0 1 1 1 0 0 1 1 1 1 0
 1 0 0 1 1 1 0 0 0 1 1 1 0 1 1 0 0 1 1 1 1 1 0 0 0 1 0 1 0 1 1 1 0 1 1 1 1
 1 0 1 1 0 1 1 1 1 1 1 0 0 0 1 1 0 1 1 1 1 0 1 0 1 0]
At 20201/30000: COST 0.000/2.532(0.003) -- Acc 1.000/0.540(0.999)
[1 0 1 1 0 0 1 1 1 1 0 1 1 0 1 1 1 0 1 1 1 1 0 1 0 0 1 0 0 1 0 1 0 1 1 0 1
 1 1 0 0 1 1 1 0 1 0 1 1 1 1 0 0 1 0 1 1 0 0 0 1 1 1 0 0 1 0 1 1 1 0 0 1 1
 1 1 1 1 1 1 1 0 0 1 1 0 0 1 0 0 1 0 0 1 1 0 0 1 1 1]
At 20301/30000: COST 0.000/2.647(0.002) -- Acc 1.000/0.480(1.000)
[1 1 0 1 1 1 1 1 0 1 0 0 1 0 1 1 1 1 0 0 0 0 1 1 1 1 0 1 0 1 1 1 0 0 1 1 1
 0 0 0 1 1 1 0 1 1 1 1 0 1 1 1 1 0 1 0 0 1 1 1 0 1 1 1 1 0 0 1 1 1 0 0 1 1
 1 0 1 1 1 0 1 1 1 1 0 0 1 1 1 0 0 1 0 1 1 1 0 1 0 1]
At 20401/30000: COST 0.000/2.657(0.002) -- Acc 1.000/0.520(1.000)
[0 1 0 1 1 1 1 1 0 0 1 1 1 1 0 1 1 1 1 1 1 0 1 1 1 0 0 0 0 1 0 0 1 1 1 1 0
 1 1 1 0 1 1 0 0 1 1 0 1 0 0 1 0 0 0 1 1 0 1 0 1 1 1 0 1 0 1 0 0 0 1 1 1 0
 1 0 1 1 1 0 1 1 1 1 1 0 1 1 0 1 1 0 1 1 1 1 1 1 1 1]
At 20501/30000: COST 0.000/2.690(0.001) -- Acc 1.000/0.520(1.000)
[1 1 1 1 0 1 1 1 1 1 1 1 1 1 1 0 0 1 0 0 1 1 1 1 1 1 1 1 0 1 1 1 0 1 0 0 1
 1 1 1 1 0 1 1 0 1 1 0 1 0 0 1 1 0 1 1 0 1 1 1 0 0 1 0 1 0 1 1 0 0 0 1 0 1
 1 1 1 1 0 0 0 1 0 1 0 1 1 1 0 0 0 1 0 1 0 1 0 1 0 0]
At 20601/30000: COST 0.007/2.819(0.009) -- Acc 1.000/0.440(0.997)
[1 1 1 1 1 1 0 0 0 1 1 1 1 1 0 0 1 0 0 1 1 1 0 1 1 0 1 0 1 1 0 1 0 1 1 1 1
 1 1 0 1 1 1 1 1 0 1 1 1 1 1 1 1 1 1 1 1 1 1 0 1 1 0 0 0 1 0 0 1 1 0 1 0 1
 1 1 0 0 1 1 1 1 0 1 0 1 1 0 1 1 1 1 0 1 1 1 1 0 0 1]
At 20701/30000: COST 0.003/2.512(0.005) -- Acc 1.000/0.550(0.998)
[1 0 1 1 1 1 0 1 1 1 1 1 0 1 1 1 1 1 1 0 1 1 0 0 1 1 0 0 1 1 0 1 1 1 1 1 1
 1 1 0 1 0 1 0 1 1 0 1 1 0 1 1 1 1 1 1 1 0 0 0 1 0 1 0 1 0 1 1 0 0 1 1 0 1
 1 1 1 0 0 1 1 1 0 1 0 0 1 1 1 0 0 1 0 1 1 1 1 0 1 1]
At 20801/30000: COST 0.001/2.853(0.003) -- Acc 1.000/0.490(0.999)
[0 1 1 1 0 1 1 1 0 0 1 1 0 1 1 1 1 1 1 0 1 1 0 0 1 1 0 1 1 1 0 0 0 0 1 0 0
 1 0 1 0 0 1 1 0 1 0 1 0 1 0 1 0 1 1 1 0 1 1 1 0 1 0 1 0 0 1 1 0 1 0 1 0 1
 1 1 0 1 1 1 0 0 1 1 1 1 0 0 1 0 0 1 0 0 1 1 0 1 1 0]
At 20901/30000: COST 0.059/3.094(0.006) -- Acc 0.970/0.490(0.998)
[1 1 1 1 1 1 1 1 1 0 1 0 1 1 0 0 1 1 1 0 1 1 1 1 0 1 0 1 1 1 0 1 1 1 0 0 0
 1 0 0 1 1 1 0 0 1 0 1 0 0 1 1 0 1 1 0 1 0 1 1 1 1 0 0 0 1 0 1 1 0 0 1 1 0
 0 0 1 0 0 0 1 0 1 1 0 0 1 1 1 0 0 0 1 1 1 1 1 1 1 1]
At 21001/30000: COST 0.008/2.811(0.016) -- Acc 1.000/0.440(0.995)
[1 0 1 1 0 0 1 1 1 0 1 0 0 1 0 1 1 1 1 1 1 0 1 1 0 0 1 1 0 1 1 0 1 0 0 1 1
 1 1 1 0 1 0 1 1 0 0 0 1 0 1 1 0 1 1 1 1 1 0 1 1 1 1 0 0 1 0 1 1 1 1 1 0 0
 1 1 0 1 0 0 1 1 0 0 1 1 1 0 1 1 0 1 1 0 1 0 1 0 0 0]
At 21101/30000: COST 0.001/2.388(0.010) -- Acc 1.000/0.500(0.997)
[1 1 1 0 1 1 1 1 1 0 1 0 0 1 1 1 1 1 0 1 1 0 0 0 1 0 1 0 1 1 1 1 1 1 0 0 0
 0 1 0 1 1 1 0 1 0 0 1 1 1 0 0 1 1 1 0 0 1 0 1 0 1 1 1 0 1 1 1 1 1 1 0 0 1
 1 1 0 1 1 1 0 1 1 1 1 1 0 0 0 1 1 1 1 0 1 0 1 0 1 1]
At 21201/30000: COST 0.004/2.451(0.015) -- Acc 1.000/0.480(0.996)
[1 1 1 1 0 1 1 0 1 0 1 1 1 1 1 1 1 0 1 1 1 1 0 0 0 1 1 0 1 1 1 0 0 1 1 0 0
 1 1 1 0 1 0 0 0 1 0 1 0 1 1 1 0 1 0 1 1 1 1 1 1 1 0 1 1 1 1 1 0 1 1 1 0 1
 1 1 0 1 1 1 1 0 0 1 1 1 0 0 0 1 1 1 1 0 0 1 0 1 0 0]
At 21301/30000: COST 0.002/2.772(0.010) -- Acc 1.000/0.450(0.997)
[1 1 1 1 1 0 0 0 0 0 1 0 1 1 1 1 1 1 1 1 1 1 1 0 0 0 0 1 1 1 1 0 1 1 0 1 0
 0 0 1 1 1 1 1 1 1 0 1 0 0 0 1 0 1 1 0 0 0 1 1 0 1 1 0 0 1 1 0 0 0 0 1 0 1
 0 1 1 1 0 1 1 1 1 1 1 1 0 1 1 0 1 1 1 0 1 0 0 0 1 1]
At 21401/30000: COST 0.000/2.891(0.006) -- Acc 1.000/0.400(0.998)
[1 1 0 0 0 0 1 1 1 0 0 1 1 1 1 0 1 0 1 0 1 0 1 1 1 1 1 0 1 1 1 1 1 1 0 1 1
 1 1 0 1 1 1 1 1 1 1 1 1 1 0 0 0 1 0 1 1 0 0 1 0 1 1 1 0 0 1 0 1 0 1 1 0 1
 0 1 0 1 0 1 1 1 1 0 1 1 0 1 1 1 0 1 1 0 0 0 0 0 0 1]
At 21501/30000: COST 0.000/3.036(0.003) -- Acc 1.000/0.380(0.999)
[0 1 1 0 0 1 0 1 1 1 1 1 0 0 1 1 1 1 1 1 1 1 0 1 0 0 0 0 1 0 1 0 1 0 1 1 0
 1 0 0 1 1 1 1 1 1 1 1 1 1 1 0 1 1 1 1 0 1 0 1 1 0 1 1 1 1 1 0 1 1 0 0 1 1
 1 1 1 1 1 1 1 1 1 1 1 1 1 1 0 1 1 1 1 1 0 0 0 1 0 1]
At 21601/30000: COST 0.000/2.568(0.006) -- Acc 1.000/0.480(0.998)
[1 1 1 0 1 1 1 1 0 1 1 1 1 0 0 1 1 0 0 0 1 1 0 1 1 1 1 1 0 1 0 1 1 0 0 0 1
 0 1 1 1 1 1 0 0 1 1 0 0 0 0 0 0 1 0 1 1 1 1 1 1 1 1 1 0 1 1 1 0 0 0 1 1 1
 1 1 1 1 1 1 1 0 1 0 1 1 1 1 0 0 0 1 1 1 0 1 0 1 0 0]
At 21701/30000: COST 0.001/2.617(0.003) -- Acc 1.000/0.490(0.999)
[1 1 1 0 0 1 0 0 1 1 0 1 1 0 0 1 1 0 1 1 0 1 0 1 1 1 0 0 1 0 0 1 0 0 0 1 1
 1 1 1 1 1 1 1 1 1 1 1 1 0 1 1 1 0 1 1 1 0 0 1 1 0 0 1 1 1 0 1 0 1 0 1 1 0
 0 1 0 1 1 1 0 0 1 1 1 0 1 1 0 1 1 1 1 0 1 0 0 1 1 1]
At 21801/30000: COST 0.003/2.637(0.002) -- Acc 1.000/0.490(1.000)
[0 1 1 1 1 1 1 0 1 1 1 1 1 1 0 1 1 0 1 1 1 1 0 1 0 0 1 1 0 1 1 1 1 1 0 0 0
 0 1 1 0 0 1 0 1 1 1 0 0 1 0 1 1 0 1 1 1 0 1 1 1 1 0 1 0 1 1 1 1 0 0 0 0 1
 1 1 1 1 1 1 1 1 1 1 0 1 0 0 1 0 0 1 0 1 1 1 0 1 1 1]
At 21901/30000: COST 0.000/2.788(0.002) -- Acc 1.000/0.460(1.000)
[0 0 1 1 0 1 1 1 1 1 1 1 0 0 1 1 0 1 1 0 1 1 1 0 1 1 0 0 0 1 1 1 1 1 1 1 1
 0 0 0 0 1 0 0 1 0 1 1 0 1 1 1 0 0 1 0 1 1 1 1 0 1 1 1 1 1 1 0 1 1 1 0 0 1
 1 1 0 1 1 0 1 0 1 0 1 0 0 1 1 0 0 1 1 1 1 1 1 0 0 0]
At 22001/30000: COST 0.001/2.880(0.003) -- Acc 1.000/0.520(0.999)
[1 0 0 1 1 1 1 1 1 0 1 1 1 0 1 0 0 1 0 1 1 0 1 1 1 0 1 1 0 0 1 1 0 1 1 0 1
 0 1 1 1 0 1 1 1 0 0 1 0 1 1 1 0 1 0 1 1 1 0 0 0 1 0 0 0 0 1 1 0 1 1 1 1 1
 1 0 1 0 0 1 1 0 1 1 0 0 1 0 1 1 0 0 1 1 0 0 1 1 0 0]
At 22101/30000: COST 0.083/1.801(0.040) -- Acc 0.990/0.500(0.989)
[0 0 0 1 0 1 0 1 1 1 0 0 1 0 0 0 1 1 1 0 0 0 1 0 1 1 1 1 1 1 0 1 1 1 0 1 0
 0 1 0 0 1 1 1 1 1 1 1 1 1 1 1 0 0 0 1 1 0 0 0 1 1 1 1 0 1 1 1 0 1 0 1 0 1
 1 1 1 0 1 0 0 1 1 1 0 0 1 0 0 1 1 1 1 0 0 1 1 1 1 0]
At 22201/30000: COST 0.001/2.509(0.018) -- Acc 1.000/0.490(0.995)
[0 0 1 1 1 1 1 0 1 1 1 1 0 0 1 1 0 0 0 0 1 0 1 1 0 0 1 0 0 0 1 1 1 1 1 1 1
 1 0 1 0 1 0 1 1 1 0 0 1 1 1 0 0 0 0 1 1 1 1 1 1 0 1 1 1 1 0 1 0 1 0 1 1 0
 1 1 1 1 1 1 1 1 1 1 0 1 1 0 1 1 1 1 1 1 1 0 1 0 0 0]
At 22301/30000: COST 0.008/2.740(0.009) -- Acc 1.000/0.460(0.997)
[1 1 1 1 0 0 1 1 1 0 1 1 0 1 0 1 0 1 1 0 1 0 0 1 1 0 1 1 1 1 1 1 1 0 1 1 1
 1 1 1 1 0 1 1 1 1 1 0 0 1 1 1 1 1 0 1 0 1 1 0 0 0 1 0 0 0 1 0 1 1 1 1 1 0
 1 0 1 1 1 1 1 1 1 1 1 1 1 1 1 1 0 0 1 1 1 1 0 0 1 0]
At 22401/30000: COST 0.004/2.683(0.006) -- Acc 1.000/0.530(0.999)
[1 1 1 0 1 0 1 1 1 0 0 0 0 1 1 1 0 0 1 1 1 0 1 0 0 1 1 1 1 1 1 1 1 1 0 1 1
 1 1 1 1 0 0 1 0 0 0 0 1 1 1 0 1 1 1 1 1 1 1 1 0 1 1 0 0 0 0 0 0 1 1 1 1 1
 1 1 1 1 0 1 1 1 1 0 0 1 0 1 1 1 1 1 1 1 1 1 1 0 1 1]
At 22501/30000: COST 0.001/2.686(0.003) -- Acc 1.000/0.560(0.999)
[1 1 1 1 1 0 1 1 1 1 1 0 1 1 1 1 0 0 1 1 1 1 1 1 1 1 1 0 0 0 1 1 0 1 1 1 0
 1 1 1 1 0 0 1 1 0 1 1 0 1 1 0 1 0 1 1 0 1 1 1 0 1 0 1 0 0 0 1 1 1 0 0 1 1
 1 1 1 1 1 1 0 0 0 1 1 1 1 1 0 1 0 1 1 0 1 1 0 1 1 1]
At 22601/30000: COST 0.002/2.765(0.002) -- Acc 1.000/0.550(1.000)
[0 0 1 0 0 1 0 0 0 0 0 1 1 0 1 1 1 1 1 1 0 0 0 0 1 1 1 1 0 1 1 0 1 1 1 1 1
 1 1 1 1 1 1 1 0 1 1 0 0 0 1 1 0 1 0 1 1 1 0 0 0 1 1 1 1 0 0 1 0 0 1 1 0 1
 1 1 1 0 0 1 0 1 1 1 0 1 1 1 0 1 0 1 1 1 1 0 1 1 1 0]
At 22701/30000: COST 0.022/3.112(0.003) -- Acc 0.990/0.510(0.999)
[0 1 0 0 1 1 1 1 0 1 1 1 1 1 1 0 1 0 1 1 0 0 1 1 1 0 1 1 1 1 1 0 0 0 1 1 1
 1 1 0 1 0 1 1 1 0 1 0 1 0 0 1 1 1 1 1 1 1 0 0 1 1 1 0 0 0 1 1 0 0 1 1 1 1
 0 1 1 1 0 1 0 1 0 1 0 1 1 0 0 1 1 1 1 1 0 1 1 0 0 0]
At 22801/30000: COST 0.002/3.142(0.002) -- Acc 1.000/0.510(0.999)
[1 1 1 0 1 1 1 1 0 1 1 1 0 0 1 0 1 0 1 0 1 1 1 1 1 1 0 1 1 0 1 0 1 1 1 1 1
 1 1 0 0 0 0 0 0 0 0 1 1 1 1 0 1 1 0 1 1 1 1 1 1 1 0 1 1 1 1 1 0 1 0 1 0 0
 1 1 1 0 1 1 0 1 1 1 0 1 0 0 1 1 1 1 1 1 0 1 1 1 1 0]
At 22901/30000: COST 0.000/2.993(0.003) -- Acc 1.000/0.510(0.999)
[1 1 0 0 1 1 1 0 0 1 1 1 1 1 1 1 0 1 1 0 1 0 0 1 0 1 1 1 1 1 0 0 1 1 0 1 1
 0 0 1 1 1 1 1 1 1 1 1 0 1 1 1 1 1 0 1 1 1 0 0 1 0 1 0 1 1 1 1 1 1 1 1 1 1
 0 1 1 1 0 1 1 1 1 0 1 1 0 1 1 0 0 1 0 0 0 0 0 0 0 0]
At 23001/30000: COST 0.000/3.002(0.002) -- Acc 1.000/0.490(1.000)
[1 1 1 0 1 1 1 0 1 1 0 1 1 1 0 0 0 1 1 1 0 1 1 0 1 1 0 0 1 0 1 1 0 0 1 1 1
 0 1 1 1 1 1 1 1 1 1 0 1 1 0 1 1 1 0 0 1 0 0 1 1 1 1 1 0 0 1 0 0 0 0 1 1 1
 1 1 1 0 1 1 1 1 1 0 1 1 1 1 1 0 1 1 0 0 1 1 1 1 0 0]
At 23101/30000: COST 0.000/3.058(0.002) -- Acc 1.000/0.540(1.000)
[1 0 1 1 0 1 1 0 0 1 1 0 1 1 0 0 1 0 1 0 1 0 0 1 1 1 0 1 0 1 1 0 1 1 1 1 1
 1 1 0 1 1 0 0 0 1 1 0 0 1 0 1 1 1 1 1 1 1 1 0 0 1 1 1 1 1 1 1 0 0 0 0 1 1
 1 1 1 1 1 1 0 1 1 0 1 0 0 1 0 1 1 1 1 0 0 0 0 0 0 1]
At 23201/30000: COST 0.001/2.991(0.005) -- Acc 1.000/0.550(0.999)
[1 0 1 1 0 1 1 1 1 1 0 1 0 1 1 0 1 0 1 0 1 1 1 1 1 1 1 1 1 1 1 1 1 0 1 0 1
 1 1 0 0 1 1 0 1 0 0 1 1 1 0 1 1 1 0 1 0 0 1 0 1 1 0 0 0 1 0 0 0 0 0 1 1 1
 1 1 0 1 1 0 1 0 0 1 0 1 0 0 1 1 0 1 0 0 1 1 0 1 1 1]
At 23301/30000: COST 0.001/2.819(0.010) -- Acc 1.000/0.450(0.997)
[0 0 0 1 1 1 1 0 1 1 0 1 1 0 0 1 1 1 1 1 0 1 0 1 0 1 1 0 0 1 1 0 0 0 1 1 0
 1 1 1 1 0 1 1 0 0 1 1 1 1 0 1 1 1 1 0 1 1 0 1 1 1 1 1 0 0 0 1 1 0 1 0 0 1
 0 1 0 1 0 0 0 0 1 1 1 0 1 1 1 0 1 1 0 1 1 1 1 1 0 1]
At 23401/30000: COST 0.002/3.001(0.005) -- Acc 1.000/0.450(0.999)
[1 1 0 1 1 0 0 0 1 1 1 1 0 0 1 0 1 1 0 1 1 1 0 0 1 1 0 0 1 0 0 0 0 1 1 1 1
 1 0 0 1 1 1 1 1 0 1 1 1 0 1 0 1 1 0 0 1 1 1 1 0 1 0 1 1 1 1 1 0 1 0 1 0 1
 1 1 1 1 1 1 1 1 1 1 1 1 0 1 1 1 0 1 0 1 1 1 0 0 1 0]
At 23501/30000: COST 0.002/2.961(0.006) -- Acc 1.000/0.450(0.999)
[0 0 0 1 1 1 1 0 1 0 1 1 1 1 0 0 1 1 1 1 1 0 1 1 0 0 0 1 1 1 1 1 0 1 0 1 0
 1 1 0 0 1 1 0 1 0 1 1 1 0 1 1 0 0 1 1 0 1 1 0 1 1 1 1 1 1 0 0 1 0 1 1 1 1
 1 0 1 0 1 1 1 0 1 0 1 1 1 1 0 0 1 1 0 1 1 0 1 0 1 1]
At 23601/30000: COST 0.000/2.976(0.003) -- Acc 1.000/0.460(0.999)
[1 0 1 1 0 1 1 1 1 0 0 1 1 0 0 0 0 1 0 0 1 1 1 1 1 1 0 1 0 1 1 1 1 0 1 1 1
 1 1 1 1 0 0 0 1 0 1 0 0 1 1 0 1 1 0 1 0 0 1 1 1 1 0 1 0 0 0 0 1 1 1 1 1 1
 1 1 1 1 0 1 1 0 1 0 0 0 1 1 1 1 1 1 1 1 1 0 1 1 0 1]
At 23701/30000: COST 0.000/3.299(0.003) -- Acc 1.000/0.400(0.999)
[0 0 0 1 1 0 0 0 0 1 1 0 1 1 1 0 1 1 1 0 1 0 0 1 0 0 1 0 1 1 1 1 0 0 1 1 1
 1 1 0 1 1 1 1 0 1 0 1 0 1 0 0 0 0 0 1 1 1 1 1 1 1 1 1 1 1 0 1 0 0 1 1 1 0
 1 1 1 0 1 1 0 1 1 1 0 0 0 1 1 0 1 1 1 1 0 1 0 0 1 0]
At 23801/30000: COST 0.001/2.712(0.008) -- Acc 1.000/0.510(0.998)
[0 0 0 1 0 1 1 0 0 0 0 0 0 1 1 0 0 1 1 0 0 1 0 1 1 1 1 1 0 0 1 1 1 1 1 1 0
 0 0 1 1 1 0 0 1 1 1 1 1 1 1 1 1 1 1 0 0 1 0 1 0 1 1 1 1 0 0 1 0 1 1 1 0 0
 1 1 1 1 0 1 1 0 1 0 0 1 1 1 1 1 0 0 1 0 1 1 1 0 1 0]
At 23901/30000: COST 0.008/3.042(0.010) -- Acc 1.000/0.490(0.998)
[0 1 1 0 1 0 1 1 1 1 1 0 0 1 0 0 0 0 1 1 1 0 1 0 1 0 1 1 0 1 1 1 1 0 1 1 1
 0 0 0 0 0 1 0 0 0 1 1 1 1 1 0 1 0 0 1 1 1 0 1 0 1 1 1 0 0 1 1 0 1 1 0 0 1
 1 1 1 1 1 1 1 1 1 1 0 1 1 1 0 1 1 1 1 1 0 1 1 1 1 0]
At 24001/30000: COST 0.002/2.847(0.012) -- Acc 1.000/0.510(0.997)
[1 1 0 0 1 0 0 0 1 0 1 1 1 0 0 0 0 1 0 1 1 1 1 0 1 0 0 1 1 1 1 1 0 1 0 1 1
 1 1 1 1 1 0 1 0 0 1 1 1 1 1 1 1 0 1 0 0 1 0 1 1 0 0 1 1 0 1 0 0 1 1 1 1 0
 1 1 1 1 1 1 1 1 0 1 1 1 1 0 1 1 1 1 1 1 0 1 0 1 1 1]
At 24101/30000: COST 0.002/2.940(0.012) -- Acc 1.000/0.480(0.996)
[1 1 1 1 1 0 0 0 1 1 1 0 1 1 0 1 1 1 1 1 1 0 1 1 0 1 0 0 1 0 0 1 0 1 1 0 1
 0 1 1 1 0 1 1 1 1 1 0 1 0 1 0 0 0 0 1 1 1 1 1 0 1 0 1 1 1 1 1 0 0 1 1 0 1
 0 1 1 1 1 0 0 0 0 1 1 1 0 0 0 1 0 1 1 0 1 1 0 1 1 0]
At 24201/30000: COST 0.012/2.586(0.010) -- Acc 0.990/0.550(0.997)
[1 0 0 0 1 1 1 1 0 1 0 1 0 0 1 1 0 0 1 0 1 1 1 1 1 1 1 0 1 1 1 1 1 1 1 1 1
 1 1 0 0 1 1 1 0 1 1 1 1 0 0 1 1 1 1 1 1 0 0 0 0 0 1 0 1 0 1 1 1 1 1 0 1 0
 0 1 0 1 1 0 1 1 1 1 1 1 0 1 0 1 1 1 0 0 0 1 1 0 1 1]
At 24301/30000: COST 0.007/2.594(0.007) -- Acc 1.000/0.550(0.998)
[1 1 0 1 1 0 1 0 0 1 1 0 1 0 0 1 1 0 0 1 1 0 1 0 0 1 1 1 0 1 1 0 1 0 1 0 0
 1 1 0 1 0 0 1 1 1 1 0 1 0 1 1 1 1 1 0 0 0 0 1 0 1 1 0 1 0 1 1 0 1 1 1 1 1
 1 0 0 1 1 1 0 0 1 1 0 1 1 1 1 1 0 0 0 0 1 0 1 0 1 1]
At 24401/30000: COST 0.001/2.300(0.007) -- Acc 1.000/0.540(0.999)
[1 1 0 0 0 0 0 0 1 1 1 1 0 0 0 0 1 1 1 1 1 1 0 1 1 0 0 1 1 1 1 1 1 1 0 1 1
 0 0 1 0 1 1 1 1 0 1 1 1 0 1 1 0 0 1 1 0 1 1 0 1 1 1 0 1 1 0 1 1 1 1 0 0 0
 1 1 1 1 0 1 0 0 0 0 0 0 1 0 1 1 1 0 1 1 1 1 0 1 1 1]
At 24501/30000: COST 0.002/2.692(0.005) -- Acc 1.000/0.510(0.999)
[1 1 1 1 1 0 0 1 1 1 0 1 1 0 1 1 1 1 0 1 1 1 0 1 0 0 0 0 1 1 1 1 0 0 1 1 1
 0 1 1 0 1 0 0 0 0 1 1 0 0 1 0 1 1 0 1 1 0 0 0 0 1 1 0 1 1 1 1 1 1 0 1 1 1
 0 0 1 1 1 0 1 0 0 0 0 0 0 1 1 0 1 0 1 0 0 1 0 1 1 1]
At 24601/30000: COST 0.001/2.594(0.004) -- Acc 1.000/0.530(0.999)
[1 1 0 0 1 1 0 0 1 0 1 1 1 1 0 1 1 1 1 1 1 1 1 1 1 0 0 0 1 1 0 0 1 0 1 1 1
 1 0 0 1 0 0 1 1 1 1 1 0 1 1 0 1 1 0 0 0 0 1 1 1 1 1 1 1 0 0 0 1 1 1 1 0 1
 1 0 1 0 1 1 0 1 1 1 0 1 0 0 1 0 1 1 0 1 1 0 1 0 1 1]
At 24701/30000: COST 0.004/3.008(0.005) -- Acc 1.000/0.510(0.999)
[1 0 0 0 1 1 0 1 0 1 1 0 0 0 0 0 1 1 1 0 1 1 1 1 1 1 0 0 1 0 0 1 1 1 1 1 0
 1 0 1 1 0 1 0 1 1 1 1 0 0 1 1 1 1 0 1 1 1 1 0 1 1 0 0 0 1 1 1 0 1 1 1 1 0
 0 0 1 1 0 1 1 0 1 1 1 1 1 1 1 1 0 1 1 1 0 1 0 1 1 1]
At 24801/30000: COST 0.001/3.128(0.009) -- Acc 1.000/0.480(0.998)
[1 1 0 0 1 1 0 0 1 1 1 1 1 0 1 0 1 1 1 1 1 0 0 1 0 1 1 0 0 0 0 0 1 1 0 1 0
 0 1 0 1 0 1 1 1 0 0 1 1 1 1 0 0 1 1 1 1 1 0 1 0 1 0 0 1 1 1 1 0 0 0 0 1 1
 1 1 0 1 0 1 1 0 1 1 1 1 0 1 1 0 0 0 1 1 1 1 1 1 1 1]
At 24901/30000: COST 0.000/3.449(0.008) -- Acc 1.000/0.510(0.998)
[0 1 1 0 1 0 1 1 1 1 1 0 0 1 1 1 0 1 1 1 1 0 1 1 0 0 1 0 1 0 1 1 0 1 1 1 0
 1 1 1 0 0 0 0 1 1 0 1 0 0 1 1 0 1 0 1 1 0 1 1 1 1 1 0 1 1 1 0 0 1 1 1 1 0
 0 0 1 1 1 1 1 1 1 1 1 1 1 1 1 1 1 0 0 1 1 1 0 0 1 0]
At 25001/30000: COST 0.000/3.118(0.005) -- Acc 1.000/0.550(0.999)
[0 0 0 0 1 0 0 0 1 1 1 1 1 1 0 1 1 0 1 0 1 1 1 1 1 1 1 1 1 0 1 1 0 0 1 0 1
 0 1 1 0 1 1 1 1 1 1 1 1 1 1 1 1 1 1 1 1 1 1 1 1 1 0 1 1 1 1 1 1 0 1 0 0 1
 1 1 1 0 0 0 0 1 0 1 1 1 0 1 0 0 0 0 0 1 1 1 1 0 1 1]
At 25101/30000: COST 0.000/3.165(0.004) -- Acc 1.000/0.530(0.999)
[0 1 0 1 0 1 0 0 1 1 1 1 1 0 0 1 1 1 0 1 1 1 1 0 0 1 1 0 0 0 0 1 1 0 1 1 0
 1 1 1 0 1 0 0 1 0 0 0 1 1 1 1 0 1 1 1 1 1 1 1 1 1 1 1 1 0 1 1 0 1 1 0 0 1
 1 0 1 1 1 1 0 1 1 1 1 0 1 1 1 1 1 1 1 1 1 0 1 1 1 0]
At 25201/30000: COST 0.000/3.033(0.003) -- Acc 1.000/0.550(0.999)
[1 1 1 1 1 1 0 1 1 1 1 1 1 0 1 0 1 1 0 0 1 1 1 1 1 1 1 1 1 1 1 0 0 0 1 1 0
 1 0 1 0 0 1 1 0 1 1 1 1 1 0 1 1 1 1 0 1 1 0 1 1 1 0 1 1 1 1 1 0 1 0 0 1 1
 1 1 1 1 0 1 0 1 1 1 0 1 1 1 1 0 1 1 1 1 0 0 0 0 0 1]
At 25301/30000: COST 0.014/3.436(0.003) -- Acc 1.000/0.480(0.999)
[1 0 0 1 1 1 1 0 0 0 1 1 0 1 1 1 0 1 1 1 0 1 1 1 1 1 0 0 1 0 1 0 1 0 1 0 1
 0 0 1 0 1 1 0 1 1 1 0 1 1 1 0 0 1 1 0 1 0 1 1 1 0 1 1 1 1 0 0 1 0 1 1 0 1
 1 0 1 1 1 1 1 1 1 1 0 1 1 0 0 1 0 0 1 1 1 0 1 1 1 1]
At 25401/30000: COST 0.001/3.247(0.010) -- Acc 1.000/0.520(0.997)
[1 0 1 1 0 1 0 1 0 1 1 0 1 0 1 1 0 1 1 0 0 1 0 0 1 1 1 1 1 0 1 1 1 0 1 1 1
 1 1 1 1 1 1 0 0 1 1 1 1 1 0 1 0 0 0 1 1 0 1 0 0 1 0 0 0 1 0 0 0 1 0 1 0 0
 1 1 1 1 1 1 0 1 0 1 1 1 0 0 1 1 1 1 1 0 1 1 1 1 0 1]
At 25501/30000: COST 0.001/3.225(0.006) -- Acc 1.000/0.500(0.998)
[1 1 1 0 1 1 1 1 1 1 0 1 0 1 0 1 1 0 0 1 1 1 1 1 1 1 1 1 1 1 1 1 1 1 1 0 1
 0 0 1 1 0 1 1 0 1 1 0 0 1 1 0 1 1 0 0 1 0 1 0 1 1 0 1 0 1 0 1 0 0 0 1 1 1
 0 0 0 0 1 0 1 1 0 1 0 1 1 1 1 1 1 1 1 1 0 1 1 1 1 0]
At 25601/30000: COST 0.001/3.411(0.005) -- Acc 1.000/0.500(0.998)
[1 0 0 1 0 1 1 0 0 0 0 0 1 0 1 1 0 0 0 0 1 1 1 0 0 1 0 0 0 1 1 0 1 1 0 1 0
 1 1 1 0 1 0 0 0 0 1 1 1 1 1 1 0 0 0 1 1 0 0 1 0 1 0 0 1 0 1 1 1 0 1 0 1 1
 1 0 1 1 1 1 0 1 1 1 1 1 0 1 1 0 0 0 1 1 0 1 1 1 1 1]
At 25701/30000: COST 0.005/2.515(0.029) -- Acc 1.000/0.490(0.993)
[1 1 0 1 1 1 1 1 0 1 0 1 1 0 1 1 0 0 0 0 0 0 0 0 1 0 1 1 1 1 1 1 0 0 0 1 1
 0 1 1 0 1 0 1 1 1 0 1 1 1 0 1 1 0 0 1 1 0 1 1 1 1 1 1 1 1 0 1 1 1 1 0 1 1
 1 1 0 0 0 1 0 0 0 1 1 0 0 0 1 0 1 0 1 0 1 1 1 1 1 1]
At 25801/30000: COST 0.029/2.966(0.016) -- Acc 0.990/0.490(0.996)
[0 0 0 0 1 1 1 1 1 1 1 0 0 0 1 0 0 1 1 1 0 1 1 1 1 1 1 0 1 1 1 0 0 1 1 0 0
 1 1 1 1 1 0 1 1 0 0 0 0 0 1 1 0 0 0 0 1 1 1 1 0 1 0 1 1 1 0 1 0 0 0 1 0 0
 1 1 1 1 1 1 0 0 1 0 1 1 1 0 0 1 1 1 0 0 1 1 0 1 0 1]
At 25901/30000: COST 0.000/2.881(0.009) -- Acc 1.000/0.490(0.998)
[0 1 1 0 0 1 1 1 0 0 1 0 1 1 0 1 0 1 0 0 0 1 1 1 1 1 1 1 1 0 0 1 1 1 0 1 0
 1 1 1 0 1 1 1 1 1 0 1 0 1 1 1 1 1 1 1 0 1 0 1 1 1 0 1 0 1 0 0 0 1 1 1 1 1
 1 1 1 1 1 1 1 1 0 0 0 1 0 0 0 1 0 1 0 1 0 1 1 1 0 0]
At 26001/30000: COST 0.001/2.790(0.005) -- Acc 1.000/0.550(0.999)
[1 1 0 1 1 1 1 0 1 0 1 0 1 1 1 1 1 1 0 1 0 1 1 1 0 1 1 0 0 0 0 1 0 1 0 0 1
 1 0 0 1 1 1 1 0 0 0 0 0 1 1 1 1 1 0 1 0 1 1 1 1 1 1 0 1 1 0 1 1 1 1 1 1 1
 0 1 1 1 1 1 1 0 1 1 1 0 1 0 1 0 0 1 0 0 1 0 0 0 1 1]
At 26101/30000: COST 0.001/2.939(0.003) -- Acc 1.000/0.530(0.999)
[1 0 0 1 1 1 1 1 0 0 1 1 1 0 1 1 1 0 1 1 1 0 0 1 0 1 1 1 1 0 1 0 1 0 0 0 0
 1 1 0 0 0 1 0 0 0 0 1 0 1 1 1 1 1 0 1 0 0 1 1 0 1 1 1 0 1 1 1 0 0 1 1 1 1
 1 1 0 1 0 1 0 1 0 1 0 0 0 0 0 1 0 1 1 1 1 1 1 1 1 1]
At 26201/30000: COST 0.000/3.094(0.002) -- Acc 1.000/0.550(0.999)
[0 0 0 1 0 1 0 0 1 1 1 0 0 1 0 1 1 1 1 0 1 1 1 1 1 0 0 0 0 0 0 1 1 1 1 1 1
 0 1 1 1 1 1 0 1 0 0 1 1 1 1 1 1 1 0 1 1 1 1 0 1 0 0 0 1 1 1 1 1 0 1 0 1 1
 0 0 1 0 1 1 1 0 1 1 1 0 1 1 1 1 0 1 1 1 1 1 1 0 0 1]
At 26301/30000: COST 0.000/3.001(0.002) -- Acc 1.000/0.560(0.999)
[0 0 0 0 1 1 0 1 1 1 0 1 1 0 0 1 1 0 0 1 1 0 0 1 1 1 0 1 1 1 1 1 1 1 1 1 1
 0 0 0 0 1 1 1 1 0 1 0 0 1 1 0 1 1 0 1 1 1 1 1 1 1 1 1 0 0 1 1 1 1 1 1 1 1
 1 1 0 1 1 1 1 1 1 1 0 0 0 0 0 1 0 1 1 1 0 1 1 0 0 1]
At 26401/30000: COST 0.000/3.076(0.001) -- Acc 1.000/0.550(1.000)
[1 1 0 1 1 1 1 1 1 1 1 1 0 0 1 0 1 1 1 1 0 1 0 1 0 1 1 1 1 1 1 1 0 1 0 1 0
 0 1 0 0 1 1 0 0 1 1 1 0 0 1 1 0 1 1 1 1 0 1 1 1 1 0 1 1 0 0 1 0 0 1 1 0 0
 1 1 1 1 0 1 1 1 1 1 0 0 1 1 0 1 1 0 0 0 0 1 1 1 0 1]
At 26501/30000: COST 0.000/3.125(0.001) -- Acc 1.000/0.540(1.000)
[1 1 1 1 1 1 1 1 0 1 1 1 1 0 0 1 0 1 1 1 1 0 1 1 0 0 1 1 1 1 1 0 0 1 1 0 0
 1 0 0 1 1 1 1 1 1 1 1 0 0 1 1 0 0 0 0 1 0 1 1 1 0 0 1 1 0 0 1 1 1 1 1 1 1
 1 0 0 0 1 0 1 0 1 0 1 1 0 1 1 1 1 1 0 0 1 0 1 1 1 1]
At 26601/30000: COST 0.000/3.467(0.001) -- Acc 1.000/0.490(1.000)
[0 0 0 0 0 1 0 0 0 1 1 0 0 1 0 1 0 1 1 1 0 1 0 1 1 0 1 1 1 1 1 1 0 1 1 1 1
 0 0 1 0 1 1 1 1 1 1 0 1 1 0 1 1 1 1 0 0 1 1 1 1 0 1 0 0 0 1 1 1 0 1 1 0 1
 1 1 1 1 1 0 1 1 1 1 1 0 0 1 1 1 0 1 1 1 0 1 1 1 0 1]
At 26701/30000: COST 0.000/3.314(0.002) -- Acc 1.000/0.480(0.999)
[1 0 1 1 1 1 1 1 1 0 0 1 1 0 0 1 1 0 1 1 1 1 1 1 0 1 0 1 0 1 0 1 1 1 1 0 0
 0 1 0 1 1 1 0 1 1 1 1 0 1 1 0 1 1 1 1 1 1 1 1 1 1 1 1 1 0 0 1 0 1 1 1 1 0
 0 0 0 1 1 1 0 1 1 1 1 0 0 1 0 1 1 1 0 1 0 0 1 0 0 1]
At 26801/30000: COST 0.002/2.780(0.010) -- Acc 1.000/0.500(0.997)
[0 1 1 1 1 0 1 1 1 0 0 1 1 0 0 1 1 1 1 1 1 1 1 1 1 1 1 1 1 1 0 1 1 0 1 1 0
 0 0 0 0 0 1 1 0 1 0 1 0 0 1 1 0 0 1 0 1 1 0 1 1 0 1 1 1 1 0 0 0 1 0 0 0 0
 1 1 1 1 0 1 1 0 1 0 0 0 1 0 0 1 1 1 0 1 1 1 1 0 1 1]
At 26901/30000: COST 0.000/3.014(0.005) -- Acc 1.000/0.520(0.999)
[1 0 1 1 0 1 0 0 1 1 1 0 1 1 1 1 0 0 1 0 1 1 1 0 1 0 1 0 0 0 0 1 1 1 1 1 1
 0 1 0 1 1 0 1 1 1 0 1 1 1 1 0 1 1 1 0 1 1 0 0 1 1 1 1 1 0 0 1 1 1 0 0 1 1
 1 1 1 0 1 1 1 1 1 1 1 0 1 1 1 1 1 1 1 1 1 1 0 1 1 0]
At 27001/30000: COST 0.001/2.813(0.005) -- Acc 1.000/0.490(0.999)
[1 1 0 1 1 1 0 0 1 0 1 0 1 1 1 1 1 1 1 1 1 0 0 0 1 1 1 1 0 0 1 1 0 1 0 0 1
 1 1 1 1 1 0 0 0 0 1 1 1 1 1 1 0 0 0 1 1 0 1 0 0 0 0 0 0 1 1 1 1 1 1 1 0 1
 0 0 1 1 0 1 1 1 0 0 1 1 1 0 0 1 1 1 0 0 1 0 0 1 0 1]
At 27101/30000: COST 0.001/3.308(0.003) -- Acc 1.000/0.430(0.999)
[1 0 0 0 0 1 0 1 0 1 0 1 1 0 1 0 1 0 1 1 0 0 0 1 1 1 1 1 0 1 1 0 0 1 0 1 1
 0 1 1 0 1 1 1 1 0 1 1 1 0 0 1 0 0 1 1 0 1 0 0 1 1 1 0 0 1 1 1 0 0 0 1 1 1
 0 1 0 0 1 0 1 1 1 1 1 1 1 1 1 1 0 0 1 0 1 1 1 1 1 1]
At 27201/30000: COST 0.083/3.125(0.009) -- Acc 0.990/0.540(0.998)
[1 1 1 1 0 1 1 0 0 0 0 1 1 1 1 1 1 0 0 1 0 1 1 1 1 1 1 0 0 0 1 0 0 1 0 1 1
 1 0 0 1 1 1 0 1 0 1 1 0 1 1 0 1 1 0 1 1 1 1 0 1 1 0 1 0 1 0 1 0 1 1 0 1 1
 1 1 0 1 1 1 0 1 0 0 0 1 1 0 0 1 1 0 0 1 1 1 0 0 0 0]
At 27301/30000: COST 0.001/3.118(0.004) -- Acc 1.000/0.490(0.999)
[1 1 1 1 0 1 1 1 1 1 0 1 0 1 1 0 1 0 0 1 1 1 1 1 1 0 1 1 1 0 0 1 0 0 1 0 0
 1 0 1 1 1 1 1 0 0 0 1 0 1 1 1 0 0 1 1 1 0 0 1 0 0 0 1 0 0 0 0 0 1 1 1 0 0
 1 1 0 1 1 1 1 1 0 1 1 1 0 1 0 1 1 0 0 0 0 1 0 0 1 1]
At 27401/30000: COST 0.001/3.105(0.003) -- Acc 1.000/0.510(0.999)
[1 1 1 1 1 1 1 0 1 0 0 1 1 0 0 1 1 1 0 1 1 1 1 0 0 1 1 1 0 1 0 0 1 0 0 1 1
 0 1 1 1 1 0 0 1 1 1 1 1 1 0 0 1 0 0 0 1 1 1 1 1 0 1 1 1 0 0 1 0 1 1 0 0 1
 0 0 0 1 1 1 1 0 0 0 1 0 1 1 0 1 1 1 1 1 1 1 0 1 1 0]
At 27501/30000: COST 0.040/3.189(0.002) -- Acc 0.990/0.520(0.999)
[1 1 1 1 0 1 0 1 1 1 1 0 1 0 1 0 1 0 0 0 1 1 1 0 0 1 1 1 0 0 0 1 0 0 1 1 0
 1 0 1 1 1 1 0 1 0 0 0 0 0 1 0 1 1 1 0 1 0 0 0 0 1 1 0 0 0 0 0 1 1 1 1 1 0
 0 0 1 1 0 1 1 1 1 0 0 0 0 1 1 1 1 1 1 1 0 1 1 0 0 1]
At 27601/30000: COST 0.000/3.020(0.003) -- Acc 1.000/0.500(0.999)
[1 1 1 1 0 1 0 1 1 0 1 0 1 1 1 1 1 1 1 0 1 1 0 1 0 1 1 1 0 1 1 1 1 1 1 0 1
 0 0 0 1 0 0 0 0 1 1 1 0 1 0 1 1 1 0 0 1 1 1 1 0 1 1 1 0 0 0 1 0 1 0 0 1 0
 0 1 0 1 1 0 0 0 0 1 0 1 1 1 1 1 1 1 1 1 1 1 1 0 1 0]
At 27701/30000: COST 0.000/2.981(0.003) -- Acc 1.000/0.500(0.999)
[1 0 1 1 0 1 1 0 1 0 1 1 1 0 1 0 0 1 1 1 1 1 1 1 1 1 1 0 0 0 1 0 0 0 1 0 1
 1 0 0 0 0 0 0 1 1 0 1 1 0 1 1 1 1 1 1 0 0 1 1 0 0 1 1 0 0 1 1 1 0 1 1 0 1
 1 1 1 0 1 1 1 1 0 1 1 0 0 0 0 0 1 1 1 1 1 0 1 0 0 0]
At 27801/30000: COST 0.000/3.175(0.002) -- Acc 1.000/0.480(1.000)
[1 1 0 1 1 0 1 1 1 1 1 0 1 1 1 1 0 0 1 0 1 1 0 1 1 1 1 0 1 0 1 1 1 1 1 1 0
 1 0 0 1 1 1 0 0 0 1 1 1 1 0 0 1 0 1 0 1 1 1 1 1 1 0 1 0 1 0 1 0 0 1 0 1 0
 1 0 1 1 0 0 1 0 1 1 0 0 0 1 1 0 0 1 1 0 0 1 0 1 1 0]
At 27901/30000: COST 0.002/3.325(0.001) -- Acc 1.000/0.480(1.000)
[1 1 1 0 0 0 1 1 0 1 1 1 0 1 0 1 0 0 1 0 0 1 0 0 1 0 0 1 1 1 0 1 0 0 1 1 1
 1 1 0 1 1 0 1 1 0 0 0 0 1 1 1 0 1 1 1 1 1 0 1 1 0 1 1 1 0 1 1 0 0 1 1 1 0
 1 1 0 1 0 1 1 1 0 1 1 0 1 1 1 0 1 1 1 0 1 0 0 1 1 1]
At 28001/30000: COST 0.000/3.254(0.001) -- Acc 1.000/0.510(1.000)
[0 1 1 1 1 1 1 1 0 0 0 0 0 1 1 1 1 1 0 1 0 1 1 1 1 1 0 1 1 1 1 1 0 1 0 1 0
 1 0 0 1 1 1 1 1 1 0 1 1 1 1 0 0 1 0 1 1 0 0 0 0 1 0 0 0 0 0 0 0 1 0 0 1 1
 0 1 1 0 0 0 0 1 1 0 1 1 0 0 0 0 0 1 0 1 1 1 1 1 1 0]
At 28101/30000: COST 0.000/3.464(0.001) -- Acc 1.000/0.490(1.000)
[1 1 1 1 0 0 0 0 0 1 0 0 1 0 1 1 1 0 1 1 0 1 0 1 0 0 1 1 1 0 1 1 0 1 1 0 0
 0 1 1 0 0 1 1 1 1 1 1 0 1 0 0 1 0 1 1 1 0 0 1 0 1 0 0 1 0 1 0 0 1 0 1 1 1
 0 0 1 1 1 1 0 0 0 1 1 1 0 0 0 1 1 1 0 1 1 0 0 1 0 0]
At 28201/30000: COST 0.000/3.434(0.001) -- Acc 1.000/0.510(1.000)
[0 1 1 1 0 1 1 0 0 0 1 0 1 1 1 1 0 0 1 1 1 0 1 1 0 1 0 1 1 1 1 1 1 1 0 0 1
 1 1 1 0 1 1 1 1 0 1 1 1 1 1 1 1 1 0 1 0 0 1 1 1 1 0 1 1 0 1 1 0 0 0 1 0 0
 0 1 0 0 1 1 1 0 0 0 1 0 0 1 1 1 1 0 0 1 0 1 1 1 1 0]
At 28301/30000: COST 0.000/3.378(0.002) -- Acc 1.000/0.540(1.000)
[1 1 0 1 1 1 1 0 1 0 1 1 0 0 0 1 1 0 1 1 1 0 1 0 0 0 1 0 1 1 1 1 0 1 0 1 1
 1 0 1 0 1 1 0 0 1 1 0 1 1 1 0 1 1 1 1 1 1 1 0 0 1 1 1 0 0 0 1 1 0 0 1 1 1
 1 1 1 0 1 1 1 1 1 1 1 1 0 0 0 1 1 0 1 0 0 0 1 1 1 0]
At 28401/30000: COST 0.004/3.394(0.020) -- Acc 1.000/0.490(0.995)
[0 1 0 1 1 1 1 0 1 1 1 1 1 1 1 1 1 0 1 1 1 1 1 1 1 0 0 1 0 1 1 0 1 1 0 1 1
 1 0 1 1 0 1 1 0 1 1 0 1 1 0 1 1 1 0 0 1 1 1 1 0 0 0 0 1 1 0 1 1 1 0 1 0 1
 0 0 0 0 1 0 1 0 1 1 0 1 1 0 0 1 1 1 1 1 1 1 0 1 1 1]
At 28501/30000: COST 0.002/2.345(0.026) -- Acc 1.000/0.560(0.992)
[0 0 1 1 0 1 1 1 1 0 1 1 0 0 1 1 0 1 0 1 1 1 0 1 1 0 1 1 0 1 0 1 0 0 0 1 0
 1 1 1 0 0 1 1 1 1 1 0 1 1 0 1 1 1 1 1 1 0 0 0 0 0 0 1 1 1 1 1 0 1 1 1 0 0
 1 0 1 1 0 1 0 1 1 1 0 1 1 1 1 0 1 1 1 1 1 1 1 1 0 0]
At 28601/30000: COST 0.018/2.606(0.014) -- Acc 0.990/0.550(0.996)
[0 1 1 0 0 0 1 1 0 1 0 0 1 1 0 0 0 0 0 1 1 0 1 0 1 1 1 1 1 0 1 1 1 1 0 0 0
 0 1 0 0 1 1 1 1 0 1 1 1 1 1 1 1 1 1 1 1 1 1 0 1 1 0 0 0 1 1 1 1 1 0 1 1 1
 1 1 0 0 1 0 1 0 0 0 0 1 1 1 1 0 1 1 1 1 1 0 0 1 0 1]
At 28701/30000: COST 0.031/2.617(0.011) -- Acc 0.990/0.490(0.997)
[1 1 0 1 1 1 1 0 0 0 1 1 0 1 1 0 1 1 0 1 1 1 0 1 1 1 0 1 1 0 0 1 1 1 1 0 1
 1 0 0 1 1 1 0 1 1 0 1 1 0 0 0 1 1 0 1 1 1 1 0 0 1 1 0 1 0 1 0 0 1 1 1 1 0
 1 1 1 0 1 1 1 1 0 1 1 1 1 1 0 1 1 0 0 1 1 1 0 1 0 0]
At 28801/30000: COST 0.004/2.715(0.007) -- Acc 1.000/0.540(0.998)
[0 0 1 0 1 1 0 1 0 1 1 0 1 0 1 1 0 0 0 1 0 0 1 1 1 0 0 0 1 1 0 0 0 1 1 0 1
 0 1 0 1 0 1 1 1 0 1 1 1 1 1 1 0 1 1 1 1 1 1 1 1 0 1 0 1 0 1 1 1 1 1 0 1 1
 1 0 1 1 1 1 0 0 1 1 1 0 0 1 1 1 1 1 1 1 0 1 1 0 0 1]
At 28901/30000: COST 0.001/2.700(0.004) -- Acc 1.000/0.470(0.999)
[1 0 1 1 1 1 1 0 1 1 1 0 1 1 1 1 0 0 0 1 1 1 1 0 1 0 1 1 0 1 0 1 1 0 0 1 0
 0 1 1 1 0 1 0 0 1 1 1 1 1 1 1 1 1 1 1 1 1 0 1 0 1 1 1 1 0 1 1 0 0 1 0 0 1
 0 1 0 1 1 1 1 0 1 0 0 0 0 1 1 1 1 1 1 0 1 1 0 1 0 1]
At 29001/30000: COST 0.002/2.822(0.003) -- Acc 1.000/0.550(0.999)
[0 1 0 1 1 1 0 1 1 0 1 1 1 1 0 1 0 0 1 1 1 1 1 1 1 1 0 1 1 0 0 0 1 1 1 1 0
 1 0 1 0 0 1 1 0 1 0 0 1 1 1 0 1 0 1 1 1 1 1 1 1 0 1 0 0 1 0 1 1 0 1 1 1 1
 1 0 0 1 0 1 1 1 0 0 1 0 0 1 1 0 1 0 1 1 1 1 1 1 1 0]
At 29101/30000: COST 0.001/3.059(0.002) -- Acc 1.000/0.500(1.000)
[0 0 1 1 1 1 1 0 1 1 0 1 1 1 1 1 1 1 0 0 1 0 0 0 0 1 0 1 1 0 1 1 1 0 1 0 1
 1 0 1 1 1 0 1 1 0 1 1 1 1 1 1 0 0 1 1 1 0 0 0 1 0 0 0 0 1 0 1 0 1 1 0 0 1
 1 0 0 1 1 1 1 0 0 1 1 1 1 1 0 1 1 1 1 0 0 0 1 0 1 1]
At 29201/30000: COST 0.000/3.050(0.002) -- Acc 1.000/0.520(1.000)
[1 1 1 1 1 0 1 1 1 1 0 0 0 1 1 1 1 1 1 0 0 1 1 0 1 1 0 0 1 0 0 1 1 0 1 1 1
 0 1 0 0 1 0 0 0 1 1 1 0 0 1 1 1 0 1 0 0 0 1 0 1 1 1 0 0 1 1 1 1 0 1 0 0 1
 1 1 1 0 1 1 1 1 1 1 0 1 1 1 0 1 0 0 1 1 0 0 1 1 0 0]
At 29301/30000: COST 0.000/3.122(0.001) -- Acc 1.000/0.540(1.000)
[1 0 0 1 1 1 1 0 0 1 1 1 0 1 0 0 0 1 0 0 0 1 1 0 0 1 1 1 0 1 1 0 0 1 1 0 1
 1 0 1 1 0 1 1 1 1 0 1 1 0 1 1 1 1 1 0 0 1 1 1 1 1 1 1 1 0 1 1 1 0 0 1 1 0
 0 0 1 0 1 0 0 0 1 1 1 0 1 1 1 0 0 1 1 0 1 1 0 1 1 0]
At 29401/30000: COST 0.002/3.015(0.002) -- Acc 1.000/0.560(0.999)
[1 0 0 1 0 0 1 1 1 1 1 0 1 1 1 0 1 1 1 0 1 1 1 0 0 1 0 1 1 1 0 0 1 1 1 1 1
 1 0 1 1 1 1 1 0 1 1 0 1 1 1 0 1 1 1 0 0 1 1 0 1 1 1 0 1 0 0 0 1 1 0 1 0 1
 0 1 0 1 1 1 0 1 0 1 1 0 1 0 1 1 1 0 1 1 0 1 0 1 1 1]
At 29501/30000: COST 0.000/2.996(0.001) -- Acc 1.000/0.530(1.000)
[1 1 1 1 0 1 0 1 1 1 1 1 1 1 1 1 1 1 1 0 1 0 1 1 0 1 0 1 1 1 1 1 1 1 1 1 1
 1 1 0 0 0 0 0 1 1 1 1 1 1 1 1 1 1 1 1 1 1 1 0 1 1 1 1 0 0 0 1 1 1 1 1 1 0
 0 1 1 0 0 0 0 1 1 1 1 1 0 0 0 0 1 1 0 0 0 1 0 1 0 1]
At 29601/30000: COST 0.000/2.999(0.002) -- Acc 1.000/0.550(0.999)
[0 1 0 1 1 0 1 0 1 1 0 0 0 0 1 1 1 0 1 1 0 1 1 1 0 1 1 1 1 0 0 1 1 1 1 0 1
 1 1 1 0 1 0 1 0 1 1 1 1 1 1 0 0 0 1 1 1 1 1 1 0 1 1 1 1 0 1 1 0 1 1 0 1 1
 0 1 1 1 0 1 1 1 1 0 0 0 0 1 0 1 0 0 1 0 1 1 0 0 0 1]
At 29701/30000: COST 0.000/3.405(0.001) -- Acc 1.000/0.540(1.000)
[1 0 1 0 0 0 1 1 1 0 0 0 1 1 0 1 0 1 1 0 1 0 1 1 0 1 0 1 1 1 0 1 0 1 0 1 0
 1 0 1 1 1 1 1 1 1 0 0 1 0 1 0 1 1 1 0 1 1 0 1 1 1 1 0 0 0 1 1 0 1 0 1 0 1
 1 1 1 0 1 1 1 1 0 1 1 0 0 0 0 1 1 1 0 1 0 1 0 1 1 1]
At 29801/30000: COST 0.000/3.269(0.001) -- Acc 1.000/0.500(1.000)
[1 1 1 0 0 1 0 1 0 1 1 1 1 1 0 1 0 0 0 0 1 0 1 0 0 1 1 1 0 1 1 1 1 0 1 1 0
 1 1 1 1 1 1 0 0 1 1 0 1 1 0 1 1 1 1 1 0 0 0 1 1 1 0 0 1 0 0 1 0 1 0 1 0 1
 0 1 1 0 1 1 0 1 1 0 1 1 0 1 0 1 1 1 1 0 0 0 0 1 0 1]
At 29901/30000: COST 0.000/3.330(0.001) -- Acc 1.000/0.510(1.000)
