time:0
[1 1 1 1 0 1 0 0 0 0 0 1 1 1 0 1 1 0 0 1 1 1 1 0 1 1 0 0 1 1 1 1 1 1 0 1 0
 1 1 1 1 1 0 1 1 1 0 0 1 0 0 1 0 1 0 0 0 1 0 0 1 1 1 0 0 1 1 1 1 1 1 0 0 1
 1 1 1 1 1 1 0 1 0 0 1 0 1 1 0 0 0 1 1 1 1 0 0 1 0 0]
time:1
[0 1 1 0 0 1 1 0 0 1 0 0 1 1 0 0 0 0 0 0 1 1 1 0 1 1 0 0 0 1 1 1 1 1 0 1 0
 0 1 1 1 1 0 0 1 1 0 1 1 0 1 1 1 1 1 1 1 0 0 1 1 1 1 0 0 1 1 1 1 0 1 1 1 0
 1 1 0 1 0 1 0 1 1 0 1 0 1 1 0 0 0 1 1 0 1 0 1 1 0 0]
time:2
[0 1 1 1 1 1 1 0 1 1 1 1 1 1 0 0 0 0 0 1 1 1 1 1 1 1 0 0 0 1 1 0 1 1 0 0 0
 0 0 1 1 1 0 1 1 1 0 0 1 0 0 1 1 1 1 0 0 1 0 0 0 0 1 0 1 1 1 0 0 1 1 0 1 1
 0 1 1 1 1 1 0 1 0 1 1 0 1 1 0 0 1 1 0 1 1 0 1 1 1 0]
time:3
[1 1 1 1 0 0 1 0 0 1 0 0 1 1 0 0 0 0 0 1 1 1 1 1 0 1 0 0 0 1 1 0 1 1 0 0 0
 1 1 1 1 0 0 0 1 0 0 0 1 0 0 1 1 1 1 1 1 1 0 1 1 1 1 0 1 1 1 1 1 0 0 0 1 1
 1 1 1 1 1 1 0 1 1 1 1 0 1 1 1 0 0 1 0 0 1 0 1 1 0 1]
time:4
[0 1 0 0 1 1 1 0 0 1 1 1 0 1 0 0 1 0 1 0 1 1 1 1 0 1 0 1 0 1 1 0 1 1 1 0 0
 0 1 1 1 1 0 0 1 1 0 0 1 0 0 1 1 1 0 0 1 1 0 0 0 0 1 1 0 1 1 1 0 0 1 0 0 1
 0 1 1 1 1 1 0 1 1 0 1 0 1 1 0 0 0 1 0 0 1 0 0 1 1 0]
time:5
[1 1 1 0 0 0 0 0 0 1 0 1 1 1 0 0 0 0 0 1 1 1 0 0 1 1 0 0 0 1 1 1 0 1 1 1 0
 0 1 1 0 1 0 0 1 1 0 0 1 1 0 1 1 1 1 0 0 1 0 0 1 0 1 0 0 0 1 1 0 1 1 1 1 1
 1 1 1 1 0 1 1 1 1 1 1 1 1 0 0 0 0 1 0 0 1 0 0 1 0 0]
time:6
[0 1 1 0 1 1 1 0 0 1 1 0 1 1 0 0 0 0 0 1 1 0 1 0 1 1 0 0 0 1 1 0 1 1 0 0 0
 0 1 0 1 1 0 0 1 1 0 0 1 0 1 1 1 1 0 1 0 1 0 1 1 1 1 0 0 1 1 1 0 0 1 1 1 1
 1 0 0 1 0 1 0 1 0 0 1 0 1 1 0 0 0 1 1 1 1 0 0 1 0 0]
time:7
[1 1 1 1 1 1 1 0 0 1 0 0 1 1 0 0 0 0 0 1 1 1 0 1 1 1 0 0 1 1 1 1 0 1 0 1 0
 1 1 1 1 1 0 0 1 1 0 0 1 0 0 1 1 1 1 0 1 1 0 1 1 0 1 1 1 1 1 1 0 1 0 1 1 1
 1 1 0 1 1 1 0 1 1 0 1 0 1 1 0 0 1 1 1 0 0 0 0 1 0 1]
time:8
[1 1 1 1 1 0 1 0 0 1 1 1 1 1 1 0 0 0 0 1 1 1 1 0 1 1 0 1 1 1 1 1 1 1 0 1 0
 0 1 1 1 0 0 0 1 0 0 1 1 1 0 1 1 1 0 0 1 1 0 0 1 1 0 1 0 1 1 1 0 0 0 1 0 1
 1 1 0 1 1 1 0 1 0 1 1 0 1 1 1 1 0 1 1 1 1 0 1 1 0 1]
time:9
[0 1 1 0 0 0 1 0 0 0 0 1 1 1 0 0 1 0 0 1 1 1 0 0 1 1 0 0 0 1 1 1 1 1 1 0 0
 1 1 1 1 1 0 0 1 1 0 1 0 1 0 1 0 1 1 0 0 1 0 0 1 1 1 1 1 1 1 1 0 1 1 0 0 0
 1 1 1 1 0 1 1 1 1 0 1 0 1 1 0 0 0 0 0 0 1 0 1 1 0 0]
time:10
[1 1 1 0 0 1 0 0 0 0 0 1 0 1 0 0 0 0 0 0 1 1 1 0 1 1 0 0 0 1 1 0 1 1 1 1 0
 1 1 1 1 1 0 0 1 1 0 0 1 0 0 1 1 1 1 0 0 1 0 1 1 0 1 1 1 1 1 1 0 1 1 0 0 1
 1 1 1 1 1 1 0 1 1 1 1 0 1 1 0 0 0 1 1 0 1 0 0 1 0 0]
time:11
[0 1 1 1 0 1 1 0 0 0 1 0 1 0 0 0 0 0 0 1 1 1 0 1 1 1 0 0 0 0 1 1 1 1 0 0 0
 0 1 1 1 1 0 1 1 1 0 1 1 0 0 1 1 1 0 0 1 1 0 0 1 1 0 0 0 1 1 1 0 0 1 0 0 1
 0 1 1 1 1 1 0 1 0 1 1 0 1 0 0 0 0 1 0 1 1 0 1 1 0 1]
time:12
[1 1 1 1 0 1 1 0 0 1 0 0 1 1 0 0 1 0 0 1 1 1 0 0 1 1 0 0 0 1 1 1 0 1 0 0 0
 0 1 1 1 0 0 0 1 1 0 0 0 0 1 1 0 1 1 0 1 1 0 1 0 1 1 1 1 1 1 1 1 1 0 1 1 1
 1 1 0 1 1 1 0 1 1 0 1 1 1 1 0 0 0 1 0 1 1 0 1 1 0 0]
time:13
[0 1 1 0 0 1 1 0 0 0 0 0 1 1 0 0 1 0 0 1 1 1 0 0 1 1 0 0 0 1 1 0 1 1 0 0 0
 0 1 1 1 0 0 1 1 0 1 1 1 1 0 0 1 1 1 0 0 1 0 0 0 1 1 0 1 1 1 1 1 1 1 0 1 1
 1 1 0 1 0 1 0 0 0 1 1 0 1 1 0 0 0 1 0 1 1 0 0 1 0 0]
time:14
[1 1 0 1 1 0 1 0 0 0 1 0 1 1 0 0 0 0 0 1 1 0 1 1 0 1 0 0 0 1 1 1 1 1 0 0 0
 1 1 1 1 1 0 0 0 1 0 1 1 1 0 1 1 1 1 0 0 0 0 1 0 0 1 1 1 0 1 1 0 1 0 0 1 1
 1 1 1 0 1 1 0 1 1 1 1 0 1 1 0 0 0 1 1 0 1 0 0 1 0 0]
time:15
[0 1 1 1 0 1 1 0 0 1 0 1 1 1 1 0 0 0 0 0 1 1 0 0 1 1 0 0 1 1 1 1 1 1 0 0 0
 0 1 1 0 1 0 0 1 1 0 1 0 0 1 1 0 1 1 0 1 1 1 0 1 0 1 1 0 1 1 1 0 0 1 0 0 1
 0 1 1 1 0 1 0 1 0 1 1 0 1 0 0 0 0 1 1 1 1 0 1 1 0 0]
time:16
[0 1 0 1 0 1 1 0 0 1 1 0 1 1 0 0 0 0 0 0 1 1 1 0 1 0 0 0 0 1 1 1 0 1 1 0 0
 0 1 1 1 1 0 0 1 1 0 0 0 0 0 1 1 1 0 0 1 1 0 0 1 0 1 0 0 1 1 1 0 1 1 0 0 0
 1 1 0 1 0 1 0 1 1 0 1 0 1 1 1 0 0 1 0 1 1 0 0 1 0 0]
time:17
[1 1 1 1 0 1 1 0 0 0 1 0 1 1 0 1 0 1 0 1 1 0 0 1 1 0 0 1 0 1 1 1 1 1 0 1 0
 1 1 1 1 1 0 0 1 1 0 0 1 0 0 1 1 1 0 0 0 0 0 1 1 0 1 1 0 0 1 1 1 1 1 0 1 1
 0 1 0 1 1 1 0 0 0 1 1 0 1 1 1 0 0 0 0 0 1 0 0 1 0 0]
time:18
[0 1 1 0 1 1 1 0 0 1 1 1 1 1 0 0 0 0 0 0 1 1 0 1 1 1 0 0 0 1 1 1 1 1 1 1 0
 1 1 0 1 1 0 1 1 1 0 0 1 0 0 1 0 1 1 0 0 1 0 0 0 1 1 0 0 1 1 1 0 0 0 0 1 1
 1 1 1 1 1 1 0 1 1 0 1 0 1 0 0 0 0 1 0 0 1 0 0 1 0 0]
time:19
[1 1 1 1 0 1 1 0 0 1 1 0 1 1 0 0 0 0 0 1 1 1 0 0 1 1 0 0 0 1 1 1 1 1 0 0 0
 1 1 1 1 0 0 0 1 1 0 0 1 0 0 1 1 1 1 0 1 1 0 1 0 0 1 1 1 0 1 1 0 0 0 1 1 1
 0 1 1 1 1 1 0 1 0 1 1 0 1 1 0 0 0 1 0 1 1 0 0 1 0 0]
time:20
[0 1 0 1 0 1 1 0 0 1 1 0 0 0 0 0 0 0 0 0 1 1 0 1 1 1 0 0 0 1 1 0 1 1 0 1 0
 0 0 1 0 0 0 0 1 1 0 1 1 0 0 1 0 1 0 0 0 1 0 1 0 0 1 1 0 1 1 1 0 1 1 1 1 1
 0 1 1 1 1 1 0 1 0 0 1 0 1 1 1 1 0 1 0 0 1 0 0 1 0 0]
time:21
[0 1 0 0 0 1 1 0 0 0 1 0 0 1 0 0 1 1 0 1 1 1 0 0 1 1 0 1 0 1 1 0 1 1 1 0 0
 0 1 1 1 0 0 0 1 1 1 0 1 0 0 1 1 1 1 0 1 1 0 0 0 1 1 0 0 1 1 1 0 0 1 0 1 1
 1 1 1 1 1 1 0 1 1 0 1 0 1 1 0 0 1 1 1 1 1 0 0 1 0 0]
time:22
[1 1 1 0 1 1 1 0 0 0 0 1 1 1 0 0 0 0 0 1 1 1 0 0 1 1 1 0 0 1 1 1 1 1 0 0 0
 1 1 1 1 1 0 1 1 1 0 1 0 0 0 1 0 1 1 1 0 1 0 1 1 1 1 1 1 1 1 1 0 1 1 0 1 1
 1 1 0 1 0 1 0 1 0 1 1 1 1 1 0 0 0 1 1 1 1 0 0 1 0 0]
time:23
[1 1 0 1 0 1 1 0 0 1 0 0 1 1 0 0 0 1 0 0 1 0 0 0 1 1 0 0 0 1 1 0 1 1 0 0 0
 0 1 1 0 1 0 0 1 0 0 0 1 0 0 0 1 1 0 1 1 1 1 1 0 1 1 1 0 0 1 1 0 1 1 1 1 1
 1 1 0 1 0 1 1 0 1 0 1 0 1 1 1 0 0 0 0 1 0 0 0 1 0 0]
time:24
[1 1 1 0 0 0 1 0 0 1 0 0 1 1 0 0 0 0 0 1 1 1 1 0 1 1 0 0 0 1 1 1 1 1 0 0 0
 0 1 1 0 1 0 0 1 1 0 1 1 0 0 0 1 1 1 1 1 0 0 1 1 1 1 1 0 0 1 1 1 1 1 0 1 1
 0 1 0 1 0 1 0 0 0 0 1 0 1 0 0 0 0 1 0 1 1 0 1 0 0 0]
time:25
[0 1 1 0 0 1 1 0 0 1 0 0 0 1 0 0 0 0 0 1 1 0 0 0 1 1 0 0 0 1 1 0 1 1 0 1 0
 0 1 0 1 0 0 1 1 0 0 1 1 0 0 1 0 1 1 1 0 1 0 1 0 1 0 0 0 0 1 1 0 0 0 0 1 0
 1 1 1 1 0 1 0 1 1 0 1 0 1 1 0 0 0 1 1 1 1 0 1 1 0 0]
time:26
[0 1 1 1 0 1 1 0 0 1 0 1 1 1 0 0 1 0 0 1 1 0 1 0 1 1 0 1 0 1 1 1 1 1 1 0 0
 0 1 1 1 1 0 0 1 1 0 0 1 1 0 1 1 1 0 0 1 1 0 0 1 0 0 1 1 0 1 1 0 0 0 0 0 1
 1 1 1 1 0 1 0 1 0 0 1 1 1 1 1 0 0 1 1 0 1 0 1 1 0 0]
time:27
[1 1 1 0 1 0 1 0 0 0 0 0 1 1 0 0 0 1 0 0 1 1 0 0 1 1 0 0 0 1 1 1 1 1 1 0 0
 0 1 1 1 1 0 1 1 0 0 0 1 0 0 1 1 1 0 1 0 0 0 1 0 1 1 0 1 1 1 1 1 1 1 1 0 0
 1 1 0 1 0 1 0 1 0 1 1 0 1 1 0 0 0 1 0 1 1 0 0 1 0 0]
time:28
[1 1 1 0 0 1 1 0 0 1 1 0 1 1 0 0 1 0 0 1 1 1 1 1 1 1 0 0 0 1 1 0 1 1 0 0 0
 0 1 1 1 0 0 0 1 1 0 0 0 0 0 1 0 1 0 0 0 1 0 1 1 0 1 1 0 0 1 1 0 1 1 1 0 1
 1 1 0 1 0 1 0 1 0 0 1 0 1 1 0 0 1 1 1 1 1 0 0 1 0 0]
time:29
[0 1 1 0 0 1 1 0 0 0 0 0 1 1 0 0 0 1 0 0 1 1 0 0 1 1 0 0 0 1 1 1 0 1 1 0 0
 0 1 1 1 0 0 0 1 1 0 0 1 0 0 1 1 1 0 0 0 1 0 1 1 0 1 0 0 0 1 1 0 0 0 0 0 0
 0 1 1 1 0 1 0 1 0 0 1 0 1 1 0 0 0 0 0 1 1 0 0 1 0 0]
time:30
[0 1 1 0 0 1 1 0 0 1 1 0 1 1 0 0 0 1 0 0 1 1 0 0 1 1 0 0 0 1 1 0 1 1 0 0 0
 0 1 1 1 1 0 0 1 0 0 0 1 0 0 1 0 1 1 0 1 0 0 0 0 1 1 1 0 0 1 1 0 0 0 0 1 1
 1 1 0 1 1 1 0 1 1 1 1 0 1 0 0 0 0 1 0 1 1 0 0 1 0 0]
time:31
[0 1 1 0 1 0 1 0 0 1 0 1 1 1 0 0 0 0 0 1 1 1 0 1 1 1 0 1 0 1 1 1 0 1 0 0 0
 1 1 1 1 1 0 0 1 1 0 0 1 0 0 1 1 1 1 1 0 1 0 0 1 0 1 0 1 1 1 1 0 1 0 0 0 1
 1 1 1 1 0 1 0 1 0 0 1 0 1 1 0 0 0 1 0 1 1 0 0 1 0 0]
time:32
[1 1 1 0 0 1 1 0 0 1 1 1 1 1 1 0 0 0 0 0 1 1 1 0 1 1 0 0 0 1 1 1 1 1 0 0 0
 1 1 1 1 0 0 0 1 1 0 0 1 0 0 1 1 1 0 1 1 1 0 1 1 1 1 0 1 0 1 1 0 0 1 0 0 0
 1 1 1 1 0 1 0 1 0 1 1 0 1 1 0 0 0 1 0 1 1 0 0 1 0 0]
time:33
[0 1 1 0 0 1 1 0 0 1 0 1 1 1 0 0 0 0 0 1 1 1 0 0 1 1 0 1 0 1 1 0 1 1 0 0 0
 1 1 1 1 1 0 1 1 1 0 0 1 0 0 1 1 1 1 1 0 1 0 1 1 1 1 0 1 1 1 1 0 0 1 1 0 1
 1 1 1 1 0 1 0 1 1 1 1 0 1 1 1 0 0 0 0 0 1 0 1 1 0 0]
time:34
[1 1 1 1 0 1 1 0 0 0 1 1 1 1 0 0 0 1 0 0 1 1 0 0 1 1 0 0 0 1 1 1 1 1 0 1 0
 0 1 1 0 0 0 0 1 1 0 1 1 0 0 1 1 1 1 1 0 0 0 1 1 0 1 1 0 0 1 1 0 1 1 0 0 1
 1 1 1 0 0 1 0 1 1 0 1 0 1 1 0 1 1 1 0 1 1 0 0 1 0 0]
time:35
[1 1 0 1 1 1 1 0 0 1 0 0 1 1 0 0 0 0 0 1 1 1 1 0 1 1 0 0 1 1 1 1 1 1 0 0 0
 1 1 1 1 0 0 0 1 1 1 0 1 0 0 1 1 1 0 1 0 0 0 1 0 1 1 0 0 1 1 1 1 1 1 0 1 1
 1 1 0 1 0 1 0 1 0 1 1 1 1 1 0 0 0 1 1 1 1 0 0 1 0 0]
time:36
[0 1 1 1 0 1 1 0 0 1 0 1 1 1 0 0 0 1 0 1 1 1 0 1 1 1 0 1 0 1 1 1 1 1 0 0 0
 0 1 1 1 0 0 0 1 1 0 0 0 0 0 1 1 1 0 0 0 1 0 0 1 1 1 1 1 1 1 1 0 0 0 0 0 1
 1 1 0 1 0 1 0 1 0 1 1 0 1 1 1 0 0 1 0 1 0 0 0 1 0 0]
time:37
[1 1 1 1 1 1 0 0 1 0 0 1 1 1 0 0 1 1 0 1 1 1 0 0 1 1 0 0 1 1 1 1 0 1 0 1 0
 1 1 1 0 1 0 0 1 1 0 1 1 0 0 0 0 1 1 0 1 1 0 1 1 1 1 1 0 1 1 1 0 0 0 0 1 1
 1 1 0 1 1 1 0 1 1 1 1 0 1 1 0 1 0 1 1 1 1 0 0 1 0 0]
time:38
[0 1 1 1 0 1 1 0 0 1 0 1 1 1 1 0 0 0 0 1 1 1 0 0 0 1 0 0 0 1 1 1 1 1 0 0 0
 0 1 1 1 1 0 0 1 1 0 0 1 0 1 1 0 1 1 1 0 1 0 0 1 1 1 1 1 1 1 1 0 1 0 0 1 1
 1 1 1 1 0 1 0 1 1 0 1 0 1 0 0 0 0 1 1 0 1 0 1 1 0 0]
time:39
[1 1 1 1 0 1 1 0 0 0 0 0 1 1 0 0 1 0 0 1 1 1 1 0 1 1 1 1 0 1 1 1 0 1 1 0 0
 0 0 1 0 1 0 0 1 1 0 1 1 0 0 1 1 1 1 1 0 0 0 1 0 1 1 1 0 1 1 1 1 1 0 0 1 0
 1 1 1 1 0 1 0 1 0 0 1 0 1 1 0 0 1 1 0 1 1 0 1 1 0 0]
time:40
[0 1 1 1 0 1 1 0 0 1 0 1 0 1 0 0 1 0 0 1 1 1 1 0 1 1 1 0 0 1 1 1 1 1 0 0 1
 1 1 1 0 1 0 0 1 1 0 0 0 0 0 1 1 1 1 0 1 0 0 1 1 1 1 1 1 1 1 0 0 1 1 0 0 1
 1 1 0 1 1 1 0 1 0 1 1 0 1 1 0 0 0 1 0 0 1 0 0 1 0 0]
time:41
[0 1 1 1 1 1 1 0 0 0 0 0 1 1 0 0 1 0 1 1 1 1 0 0 1 1 0 0 0 1 1 1 1 1 0 0 0
 0 1 1 1 0 0 0 1 1 0 0 1 0 0 1 1 1 1 1 1 1 0 0 1 0 1 0 1 1 1 1 0 0 0 0 1 1
 1 1 1 1 1 1 0 1 1 0 1 0 1 1 0 0 0 0 0 1 1 0 1 1 0 0]
time:42
[1 1 0 0 0 1 1 0 1 0 1 0 1 1 0 1 1 1 0 1 1 1 0 1 1 1 1 1 0 1 1 1 1 1 0 1 0
 0 1 1 0 1 0 0 1 1 0 1 1 0 0 1 1 1 1 1 0 0 1 1 1 1 1 1 0 0 1 1 0 0 0 0 1 1
 0 1 1 1 1 1 1 1 1 0 1 1 1 1 0 0 0 1 0 1 1 0 0 1 0 0]
time:43
[0 1 1 1 1 1 1 0 0 1 1 0 1 1 1 1 0 0 1 1 1 1 0 0 1 1 0 1 0 1 1 1 1 1 1 1 0
 0 1 1 0 0 0 0 1 1 0 1 1 0 0 1 0 1 1 0 0 1 0 0 1 1 1 1 0 1 1 1 0 1 0 0 0 1
 1 1 1 1 1 1 0 1 1 0 1 0 1 1 0 0 0 1 0 1 1 0 0 1 0 0]
time:44
[1 1 1 0 1 1 1 0 0 0 0 1 1 1 0 0 0 1 0 0 1 1 1 1 1 1 0 0 0 1 1 0 1 1 0 1 0
 1 1 1 1 1 1 0 1 1 0 1 1 0 1 1 0 1 1 0 0 1 0 1 0 1 1 0 0 1 1 1 1 0 0 0 1 1
 1 1 0 1 1 1 0 0 1 1 1 0 1 1 0 0 0 1 1 0 1 0 1 1 0 0]
time:45
[0 1 1 0 0 1 1 0 0 1 1 0 1 1 0 0 1 0 0 1 1 0 1 0 1 1 0 1 0 1 1 0 1 1 0 0 0
 0 1 1 1 1 0 0 1 1 0 1 0 1 1 1 1 1 0 0 1 1 0 0 1 0 1 0 1 1 1 1 0 1 0 0 0 0
 1 1 1 1 1 1 0 1 0 1 1 0 1 1 0 0 0 1 1 1 1 0 1 1 0 0]
time:46
[1 1 1 0 0 1 1 0 0 1 1 0 0 1 1 0 0 0 0 0 1 1 1 0 1 1 0 0 1 1 1 1 1 1 0 1 0
 1 1 1 0 1 1 1 1 0 0 1 1 1 1 0 0 1 1 1 0 0 0 1 1 0 1 1 0 1 1 0 0 0 1 0 1 1
 1 1 1 1 0 1 0 1 1 0 1 0 1 1 0 0 0 1 1 0 1 0 0 1 0 0]
time:47
[1 1 1 0 0 1 1 0 0 1 0 0 1 1 0 0 0 0 0 0 1 1 0 1 1 1 0 1 0 1 1 1 1 1 0 1 0
 1 1 1 1 0 0 0 1 1 0 0 1 0 0 1 1 1 0 1 0 0 0 0 1 0 1 0 1 1 1 1 0 1 0 1 1 0
 1 1 0 1 0 1 0 1 1 0 1 0 1 1 0 0 0 1 1 1 1 0 0 1 0 0]
time:48
[0 1 1 1 0 1 1 0 0 1 1 1 1 1 0 0 1 0 0 1 1 0 1 1 1 1 0 0 0 1 1 1 0 1 0 0 0
 1 1 1 1 1 0 0 1 1 0 0 1 0 0 0 1 1 0 0 0 1 0 0 0 0 1 1 1 1 1 1 0 1 0 0 1 1
 1 1 1 1 0 1 0 1 0 1 1 0 1 1 0 0 1 1 0 0 1 0 0 1 0 0]
time:49
[0 1 1 1 1 1 1 0 0 1 1 0 1 1 0 0 0 0 0 0 1 1 1 0 1 1 0 0 0 1 1 1 0 1 0 0 0
 1 1 0 1 1 0 0 1 0 0 1 1 0 0 1 1 1 1 1 0 0 0 0 1 1 1 0 1 1 1 1 1 1 1 0 0 1
 1 1 0 1 0 1 0 0 1 1 1 0 0 1 0 0 0 1 0 0 1 0 1 1 0 0]
46:3
47:2
49:1
50:9
51:2
52:9
54:7
55:2
56:6
57:5
58:2
60:1
63:1
0.5362
0.00134756
Traceback (most recent call last):
  File "cnn_classifier_Rtime.py", line 322, in <module>
    sess.run(train_step,feed_dict={x:X_train[batch_ind], y_: y_train[batch_ind], keep_prob: dropout, bn_train : True})
  File "/opt/anaconda3/lib/python3.5/site-packages/tensorflow/python/client/session.py", line 895, in run
    run_metadata_ptr)
  File "/opt/anaconda3/lib/python3.5/site-packages/tensorflow/python/client/session.py", line 1124, in _run
    feed_dict_tensor, options, run_metadata)
  File "/opt/anaconda3/lib/python3.5/site-packages/tensorflow/python/client/session.py", line 1321, in _do_run
    options, run_metadata)
  File "/opt/anaconda3/lib/python3.5/site-packages/tensorflow/python/client/session.py", line 1327, in _do_call
    return fn(*args)
  File "/opt/anaconda3/lib/python3.5/site-packages/tensorflow/python/client/session.py", line 1306, in _run_fn
    status, run_metadata)
KeyboardInterrupt
time:0
[1 1 1 0 1 1 1 0 0 0 1 1 1 0 0 0 1 0 0 0 1 1 1 0 1 1 0 0 0 1 1 1 1 1 1 0 0
 0 1 1 1 0 0 0 1 1 0 0 0 0 0 1 1 0 0 0 1 1 0 0 0 1 1 0 0 1 1 1 0 0 0 0 0 1
 1 1 0 1 0 1 1 1 0 0 1 0 1 1 0 0 0 1 0 0 1 0 0 1 0 0]
52:1
0.53
0.0
