[0 0 0 1 1 0 0 1 0 0 0 0 0 1 1 0 0 1 1 1 0 0 0 0 1 0 1 1 1 0 0 1 1 1 0 1 0
 0 1 1 0 1 1 0 1 1 0 0 0 1 1 0 0 1 1 0 0 0 0 1 1 0 1 0 0 0 1 0 0 1 0 1 0 0
 1 0 0 0 1 0 1 1 1 0 0 0 0 1 1 1 0 0 0 1 0 1 1 0 1 0]
 Training accuracy at 0 out of 20000 is 0.516(0.470),cost is 5.026(0.726)
[0 0 0 1 1 0 1 1 0 0 0 0 0 1 1 0 0 1 1 1 0 0 0 0 1 0 1 1 1 0 0 1 1 1 0 1 0
 0 1 1 0 1 1 0 1 1 0 0 0 1 1 0 0 1 1 0 1 0 0 1 1 0 1 1 0 0 1 0 0 1 0 1 0 0
 1 0 0 0 1 0 1 1 1 0 0 0 1 1 1 1 0 0 0 1 0 1 1 0 1 0]
 Training accuracy at 100 out of 20000 is 0.524(0.490),cost is 4.938(0.723)
[0 0 0 1 1 0 1 1 0 0 0 0 0 1 1 1 0 1 1 1 0 0 0 0 1 0 1 1 1 0 0 1 1 1 0 1 1
 0 1 1 0 1 1 0 1 1 1 1 0 1 1 0 1 1 1 1 1 0 0 1 1 0 1 1 0 0 1 0 1 1 1 1 0 0
 1 0 0 0 1 0 1 1 1 0 0 0 1 1 1 1 0 0 0 1 0 1 1 0 1 0]
 Training accuracy at 200 out of 20000 is 0.540(0.450),cost is 4.872(0.722)
[0 0 0 1 1 0 1 1 0 0 0 0 1 1 1 1 0 1 1 1 0 0 0 0 1 0 1 1 1 0 0 1 1 1 0 1 1
 0 1 1 0 1 1 0 1 1 1 1 0 1 1 0 1 1 1 1 1 0 0 1 1 0 1 1 0 0 1 0 1 1 1 1 0 0
 1 1 0 0 1 1 1 1 1 0 0 0 1 1 1 1 0 0 0 1 0 1 1 0 1 0]
 Training accuracy at 300 out of 20000 is 0.550(0.440),cost is 4.813(0.720)
[0 0 0 1 1 0 1 1 0 0 0 0 1 1 1 1 0 1 1 1 0 0 0 0 1 0 1 1 1 0 0 1 1 1 0 1 1
 0 1 1 0 1 1 0 1 1 1 1 0 1 1 0 1 1 1 1 1 1 0 1 1 0 1 1 0 0 1 0 1 1 1 1 0 0
 1 1 0 1 1 1 1 1 1 0 0 0 1 1 1 1 0 0 0 1 0 1 1 0 1 0]
 Training accuracy at 400 out of 20000 is 0.568(0.460),cost is 4.762(0.718)
[0 0 0 1 1 0 1 1 0 0 0 0 1 1 1 1 0 1 1 1 0 0 0 0 1 0 1 1 1 0 0 1 1 1 0 1 1
 0 1 1 0 1 1 0 1 1 1 1 0 1 1 0 1 1 1 1 1 1 0 1 1 0 1 1 0 0 1 0 1 1 1 1 0 0
 1 1 0 1 1 1 1 1 1 0 0 0 1 1 1 1 0 0 0 1 0 1 1 0 1 0]
 Training accuracy at 500 out of 20000 is 0.582(0.460),cost is 4.719(0.717)
[0 0 0 1 1 0 1 1 0 0 0 0 1 1 1 1 0 1 1 1 0 0 0 0 1 0 1 1 1 0 0 1 1 1 0 1 1
 1 1 1 0 1 1 0 1 1 1 1 0 1 1 0 1 1 1 1 1 1 1 1 1 0 1 1 0 0 1 0 1 1 1 1 0 0
 1 1 0 1 1 1 1 1 0 0 0 0 1 1 1 1 0 0 0 1 0 1 1 0 1 0]
 Training accuracy at 600 out of 20000 is 0.586(0.470),cost is 4.681(0.716)
[1 0 0 1 1 0 1 1 0 0 1 0 1 1 1 1 0 1 1 1 0 0 1 0 1 0 1 1 1 0 0 1 1 1 0 1 1
 1 1 1 0 1 1 0 1 1 1 1 0 1 1 0 1 1 1 1 1 1 1 1 1 0 1 1 0 0 1 0 1 1 1 1 0 0
 1 1 0 1 1 1 1 1 0 0 0 0 1 1 1 1 0 0 0 1 0 1 1 0 1 0]
 Training accuracy at 700 out of 20000 is 0.588(0.460),cost is 4.643(0.717)
[1 0 1 1 1 0 1 1 0 0 1 0 1 1 1 1 0 1 1 1 0 0 1 0 1 0 1 1 1 0 0 1 1 1 0 1 1
 1 1 1 0 1 1 0 1 1 1 1 0 1 1 0 1 1 1 1 1 1 1 1 1 0 1 1 1 0 1 0 1 1 1 1 0 0
 1 1 0 1 1 1 1 1 0 0 0 0 1 1 1 1 0 0 0 1 0 1 1 0 1 0]
 Training accuracy at 800 out of 20000 is 0.612(0.460),cost is 4.609(0.717)
[1 0 1 1 1 0 1 1 0 0 1 0 1 1 1 1 0 1 1 1 0 0 1 0 1 0 1 1 1 0 0 1 1 1 0 1 1
 1 1 1 0 1 1 0 1 1 1 1 0 1 1 0 1 1 1 1 1 1 1 1 1 0 1 1 1 0 1 0 1 1 1 1 0 0
 1 1 0 1 1 1 1 1 0 0 0 0 1 1 1 1 0 0 0 1 0 1 1 0 1 0]
 Training accuracy at 900 out of 20000 is 0.615(0.460),cost is 4.578(0.717)
[1 0 1 1 1 0 1 1 0 0 1 0 1 1 1 1 0 1 1 1 0 0 1 0 1 0 1 1 1 0 0 1 1 1 0 1 1
 1 1 1 0 1 1 0 1 1 1 1 0 1 1 0 1 1 1 1 1 1 1 1 1 0 1 1 1 0 1 0 1 1 1 1 0 0
 1 1 0 1 1 1 1 1 0 0 0 0 1 1 1 1 0 0 0 1 0 1 1 0 1 0]
 Training accuracy at 1000 out of 20000 is 0.638(0.460),cost is 4.550(0.716)
[1 0 1 1 1 0 1 1 0 0 1 0 1 1 1 1 0 1 1 1 0 0 1 0 1 1 1 1 1 0 0 1 1 1 0 1 1
 1 1 1 0 1 1 0 1 1 1 1 0 1 1 0 1 1 1 1 1 1 1 1 1 0 1 1 1 0 1 0 1 1 1 1 0 0
 1 1 0 1 1 1 1 1 0 0 1 0 1 1 1 1 0 1 0 1 0 1 1 0 1 0]
 Training accuracy at 1100 out of 20000 is 0.637(0.470),cost is 4.523(0.716)
[1 0 1 1 1 0 1 1 0 0 1 0 1 1 1 1 0 1 1 1 0 0 1 0 1 1 1 1 1 0 0 1 1 1 0 1 1
 1 1 1 0 1 1 0 1 1 1 1 1 1 1 0 1 1 1 1 1 1 1 1 1 1 1 1 1 0 1 0 1 1 1 1 0 0
 1 1 0 1 1 1 1 1 0 0 1 0 1 1 1 1 0 1 0 1 0 1 1 0 1 0]
 Training accuracy at 1200 out of 20000 is 0.640(0.450),cost is 4.498(0.717)
[1 0 1 1 1 0 1 1 0 0 1 0 1 1 1 1 1 1 1 1 0 0 1 0 1 1 1 1 1 0 0 1 1 1 0 1 1
 1 1 1 0 1 1 0 1 1 1 1 1 1 1 0 1 1 1 1 1 1 1 1 1 1 1 1 1 0 1 0 1 1 1 1 0 0
 1 1 0 1 1 1 1 1 0 0 1 0 1 1 1 1 0 1 0 1 0 1 1 0 1 0]
 Training accuracy at 1300 out of 20000 is 0.647(0.440),cost is 4.472(0.717)
[1 0 1 1 1 0 1 1 0 0 1 0 1 1 1 1 1 1 1 1 0 0 1 0 1 1 1 1 1 0 0 1 1 1 0 1 1
 1 1 1 0 1 1 0 1 1 1 1 1 1 1 0 1 1 1 1 1 1 1 1 1 1 1 1 1 0 1 0 1 1 1 1 0 0
 1 1 0 1 1 1 1 1 0 0 1 0 1 1 1 1 0 1 0 1 0 1 1 0 1 0]
 Training accuracy at 1400 out of 20000 is 0.656(0.440),cost is 4.447(0.717)
[1 0 1 1 1 0 1 1 1 0 1 0 1 1 1 1 1 1 1 1 0 0 1 0 1 1 1 1 1 0 0 1 1 1 0 1 1
 1 1 1 0 1 1 0 1 1 1 1 1 1 1 0 1 1 1 1 1 1 1 1 1 1 1 1 1 0 1 0 1 1 1 1 0 0
 1 1 0 1 1 1 1 1 0 0 1 0 1 1 1 1 0 1 0 1 0 1 1 0 1 0]
 Training accuracy at 1500 out of 20000 is 0.661(0.450),cost is 4.421(0.717)
[1 0 1 1 1 0 1 1 1 0 1 0 1 1 1 1 1 1 1 1 0 0 1 0 1 1 1 1 1 0 0 1 1 1 0 1 1
 1 1 1 0 1 1 1 1 1 1 1 1 1 1 0 1 1 1 1 1 1 1 1 1 1 1 1 1 0 1 0 1 1 1 1 0 0
 1 1 0 1 1 1 1 1 0 0 1 0 1 1 1 1 0 1 0 1 0 1 1 0 1 0]
 Training accuracy at 1600 out of 20000 is 0.673(0.440),cost is 4.397(0.717)
[1 1 1 1 1 0 1 1 1 0 1 0 1 1 1 1 1 1 1 1 0 0 0 0 1 1 1 1 1 0 0 1 1 1 0 1 1
 1 1 1 0 1 1 0 1 1 1 1 1 1 1 0 1 1 1 1 1 1 1 1 1 1 1 1 0 0 1 0 1 1 1 1 0 0
 1 1 0 1 1 1 1 1 0 0 1 0 1 1 1 1 0 1 0 1 0 1 1 0 1 0]
 Training accuracy at 1700 out of 20000 is 0.690(0.460),cost is 4.371(0.717)
[1 1 1 1 1 0 1 1 1 0 1 0 1 1 1 1 1 1 1 1 0 0 0 0 1 1 1 1 1 0 0 1 1 1 0 1 1
 1 1 1 0 1 1 1 1 1 1 1 1 1 1 0 1 1 1 1 1 1 1 1 1 1 1 1 0 0 1 0 1 1 1 1 0 0
 1 1 0 1 1 1 1 1 0 0 1 0 1 1 1 1 0 1 0 1 0 1 1 0 1 0]
 Training accuracy at 1800 out of 20000 is 0.696(0.450),cost is 4.346(0.717)
[1 1 1 1 1 0 1 1 1 0 1 0 1 1 1 1 1 1 1 1 0 0 1 0 1 1 1 1 1 0 0 1 1 1 0 1 1
 1 1 1 0 1 1 1 1 1 1 1 1 1 1 0 1 1 1 1 1 1 1 1 1 1 1 1 0 0 1 0 1 1 1 1 0 0
 1 1 0 1 1 1 1 1 0 0 1 0 1 1 1 1 0 1 0 1 0 1 1 0 1 0]
 Training accuracy at 1900 out of 20000 is 0.690(0.460),cost is 4.321(0.717)
[1 1 1 1 1 0 1 1 1 0 1 0 1 1 1 1 1 1 1 1 0 0 1 0 1 1 1 1 1 0 0 1 1 1 0 1 1
 1 1 1 0 1 1 1 1 1 1 1 1 1 1 0 1 1 1 1 1 1 1 1 1 1 1 1 0 0 1 0 1 1 1 1 0 0
 1 1 0 1 1 1 1 1 0 0 1 0 1 1 1 1 0 1 0 1 0 1 1 0 1 0]
 Training accuracy at 2000 out of 20000 is 0.700(0.460),cost is 4.295(0.716)
[1 1 1 1 1 0 1 1 1 0 1 0 1 1 1 1 1 1 1 1 0 0 0 0 1 1 1 1 1 0 0 1 1 1 0 1 1
 1 1 1 0 1 1 1 1 1 1 1 1 1 1 0 1 1 1 1 1 1 1 1 1 1 1 1 0 0 1 0 1 1 1 1 0 0
 1 1 0 1 1 1 1 1 0 0 1 0 1 1 1 1 0 1 0 1 0 1 1 1 1 0]
 Training accuracy at 2100 out of 20000 is 0.710(0.460),cost is 4.270(0.716)
[1 1 1 1 1 0 1 1 1 0 1 0 1 1 1 1 1 1 1 1 0 0 1 0 1 1 1 1 1 0 0 1 1 1 0 1 1
 1 1 1 0 1 1 1 1 1 1 1 1 1 1 0 1 1 1 1 1 1 1 1 1 1 1 1 0 0 1 0 1 1 1 1 0 0
 1 1 0 1 1 1 0 1 0 0 1 0 1 1 1 1 0 1 0 1 0 1 1 1 1 0]
 Training accuracy at 2200 out of 20000 is 0.713(0.480),cost is 4.245(0.716)
[1 1 1 1 1 0 1 1 1 0 1 0 1 1 1 1 1 1 1 1 0 0 0 0 1 1 1 1 1 0 0 1 1 1 0 1 1
 1 1 1 0 1 1 1 1 1 1 1 1 1 1 0 1 1 1 1 1 1 1 1 1 1 1 1 0 0 1 0 1 1 1 1 0 0
 1 1 0 1 1 1 0 1 0 0 1 0 1 1 1 1 0 1 0 1 0 1 1 1 1 0]
 Training accuracy at 2300 out of 20000 is 0.720(0.470),cost is 4.220(0.716)
[1 1 1 1 1 0 1 1 1 0 1 0 1 1 1 1 1 1 1 1 0 0 0 0 1 1 1 1 1 0 0 1 1 1 0 1 1
 1 1 1 0 1 1 1 1 1 1 1 1 1 1 0 1 1 1 1 1 1 1 1 1 1 1 1 0 0 1 0 1 1 1 1 0 0
 1 1 0 1 1 1 0 1 0 0 1 0 1 1 1 1 0 1 0 1 0 1 1 1 1 0]
 Training accuracy at 2400 out of 20000 is 0.722(0.470),cost is 4.195(0.717)
[1 1 1 1 1 0 1 1 1 0 1 0 1 1 1 1 1 1 1 1 0 0 0 0 1 1 1 1 1 0 0 1 1 1 0 1 1
 1 1 1 0 1 1 1 1 1 1 1 1 1 1 0 1 1 1 1 1 1 1 1 1 1 1 1 0 0 1 0 1 1 1 1 0 0
 1 1 0 1 1 1 0 1 0 0 1 0 1 1 1 1 0 1 0 1 0 1 1 1 1 0]
 Training accuracy at 2500 out of 20000 is 0.731(0.470),cost is 4.171(0.717)
[1 1 1 1 1 0 1 1 1 0 1 0 1 1 1 1 1 1 1 1 0 0 0 0 1 1 1 1 1 0 0 1 1 1 0 1 1
 1 1 1 0 1 1 1 1 1 1 1 1 1 1 0 1 1 1 1 1 1 1 1 1 1 1 1 0 0 1 0 1 1 1 1 0 0
 1 1 0 1 1 1 0 1 0 0 1 0 1 1 1 1 0 1 0 1 0 1 1 1 1 0]
 Training accuracy at 2600 out of 20000 is 0.738(0.470),cost is 4.146(0.717)
[1 1 1 1 1 0 1 1 1 0 1 0 1 1 1 1 1 1 1 1 0 0 0 0 1 1 1 1 1 0 0 1 1 1 0 1 1
 1 1 1 0 1 1 1 1 1 1 1 1 1 1 0 1 1 1 1 1 1 1 1 1 1 1 1 0 0 1 0 1 1 1 1 0 0
 1 1 0 1 1 1 0 1 0 0 1 0 1 1 1 1 0 1 0 1 0 1 1 1 1 0]
 Training accuracy at 2700 out of 20000 is 0.745(0.470),cost is 4.121(0.717)
[1 1 1 1 1 0 1 1 1 0 1 0 1 1 1 1 1 1 1 1 0 0 0 0 1 1 1 1 1 0 0 1 1 1 0 1 1
 1 1 1 0 1 1 1 1 1 1 1 1 1 1 0 1 1 1 1 1 1 1 1 1 1 1 1 0 0 1 0 1 1 1 1 0 0
 1 1 0 1 1 1 0 1 0 0 1 0 1 1 1 1 0 1 0 1 0 1 1 1 1 0]
 Training accuracy at 2800 out of 20000 is 0.748(0.470),cost is 4.094(0.717)
[1 1 1 1 1 0 1 1 1 0 1 0 1 1 1 1 1 1 1 1 0 0 0 0 1 1 1 1 1 0 0 1 1 1 0 1 1
 1 1 1 0 1 1 1 1 1 1 1 1 1 1 0 1 1 1 1 1 1 1 1 1 1 1 1 0 0 1 0 1 1 1 1 0 0
 1 1 0 1 1 1 0 1 0 0 1 0 1 1 1 1 0 1 0 1 0 1 1 1 1 0]
 Training accuracy at 2900 out of 20000 is 0.751(0.470),cost is 4.070(0.718)
[1 1 1 1 1 0 1 1 1 0 1 0 1 1 1 1 1 1 1 1 0 0 0 0 1 1 1 1 1 0 0 1 1 1 0 1 1
 1 1 1 0 1 0 1 1 1 1 1 1 1 1 0 1 1 1 1 1 1 1 1 1 1 1 1 0 0 1 0 1 1 1 1 0 0
 1 1 0 1 1 1 0 1 0 0 1 0 1 1 1 1 0 1 0 1 0 1 1 1 1 0]
 Training accuracy at 3000 out of 20000 is 0.762(0.480),cost is 4.043(0.719)
[1 1 1 1 1 0 1 1 1 0 1 0 1 1 1 1 1 1 1 1 0 0 0 0 1 1 1 1 1 0 0 1 1 1 0 1 1
 1 1 1 0 1 0 1 1 1 1 1 1 1 1 0 1 1 1 1 1 1 1 1 1 1 1 1 0 0 1 0 1 1 1 1 0 0
 1 1 0 0 1 1 0 1 0 0 1 0 1 1 1 1 0 1 0 1 0 1 1 1 1 0]
 Training accuracy at 3100 out of 20000 is 0.761(0.470),cost is 4.017(0.718)
[1 1 1 1 1 0 1 0 1 0 1 0 1 1 0 1 1 1 1 1 0 0 0 0 1 1 1 1 1 0 0 1 1 1 0 1 1
 1 1 1 0 1 0 1 1 1 1 1 1 1 1 0 1 0 1 1 1 1 1 1 1 1 1 1 0 0 1 0 1 1 1 1 0 0
 1 1 0 0 1 1 0 1 0 0 1 0 1 1 1 1 0 1 0 1 0 1 1 1 1 0]
 Training accuracy at 3200 out of 20000 is 0.762(0.480),cost is 3.991(0.719)
[1 1 1 1 1 0 1 0 1 0 1 0 1 1 0 1 1 1 1 1 0 0 0 0 1 1 1 1 1 0 0 1 1 1 0 1 1
 1 0 1 0 1 0 1 1 1 1 1 1 1 1 0 1 0 1 1 1 1 1 1 1 1 1 1 0 0 1 0 1 1 1 1 0 0
 1 1 0 0 1 1 0 1 0 0 1 0 1 1 1 1 0 1 0 1 0 1 1 1 1 0]
 Training accuracy at 3300 out of 20000 is 0.765(0.490),cost is 3.964(0.719)
[1 1 1 1 1 0 1 0 1 0 1 0 1 1 0 1 1 1 1 1 0 0 0 0 1 1 1 1 1 0 0 1 1 1 0 1 1
 1 0 1 0 1 0 1 1 1 1 1 1 1 1 0 1 0 1 1 1 1 1 1 1 1 1 1 0 0 1 0 1 1 1 1 0 0
 1 1 0 0 1 1 0 1 0 0 1 0 1 1 1 1 0 1 0 1 0 1 1 1 1 1]
 Training accuracy at 3400 out of 20000 is 0.765(0.500),cost is 3.938(0.720)
[1 1 1 1 1 0 1 0 1 0 1 0 1 1 0 1 1 1 1 1 0 0 0 0 1 1 1 1 1 0 0 1 1 1 0 1 1
 1 0 1 0 1 0 1 1 1 1 1 1 1 1 0 1 0 1 1 1 1 1 1 1 1 1 1 0 0 1 0 1 1 1 1 0 0
 1 1 0 0 1 1 0 1 0 0 1 0 1 1 1 1 0 1 0 1 0 1 1 1 1 0]
 Training accuracy at 3500 out of 20000 is 0.778(0.490),cost is 3.910(0.720)
[1 1 1 1 1 0 1 0 1 0 1 0 1 1 0 1 1 1 1 1 0 0 0 0 1 1 1 1 1 0 0 1 1 1 0 1 1
 1 0 1 0 1 0 1 1 1 1 1 1 1 1 0 1 0 1 1 1 1 1 1 1 1 1 1 0 0 1 0 1 1 1 1 0 0
 1 1 0 0 1 1 0 1 0 0 1 0 1 1 1 1 0 1 0 1 0 1 1 1 1 1]
 Training accuracy at 3600 out of 20000 is 0.772(0.500),cost is 3.883(0.721)
[1 1 1 1 1 0 1 0 1 0 1 0 1 1 0 1 1 1 1 1 0 0 0 0 1 1 1 1 1 0 0 1 1 1 0 1 1
 1 0 1 0 1 0 1 1 1 1 1 1 1 1 0 1 0 1 1 1 1 1 1 1 1 1 1 0 0 1 0 1 1 1 1 0 0
 1 1 0 0 1 1 0 1 0 0 1 0 1 1 1 1 0 1 0 1 0 1 1 1 1 1]
 Training accuracy at 3700 out of 20000 is 0.784(0.500),cost is 3.855(0.721)
[1 1 1 1 1 0 1 0 1 0 1 0 1 1 0 1 1 1 1 1 0 0 0 0 1 1 1 1 1 0 0 1 1 1 0 1 1
 1 0 1 0 1 0 1 1 1 1 1 1 1 1 0 1 0 1 1 1 1 1 1 1 1 1 1 0 0 1 0 1 1 1 1 0 0
 1 1 0 0 1 1 0 1 0 0 1 0 1 1 1 1 0 1 0 1 0 1 1 1 1 1]
 Training accuracy at 3800 out of 20000 is 0.784(0.500),cost is 3.828(0.722)
[1 1 1 1 1 0 1 0 0 0 1 0 1 1 0 1 1 1 1 1 0 0 0 0 1 1 1 1 1 0 0 1 1 1 0 1 1
 1 0 1 0 1 0 1 1 1 1 1 1 1 1 0 1 0 1 1 1 1 1 1 1 1 1 1 0 0 1 0 1 1 1 1 0 0
 1 1 0 0 1 1 0 1 0 0 1 0 1 1 1 1 0 1 0 1 0 1 1 1 1 1]
 Training accuracy at 3900 out of 20000 is 0.795(0.490),cost is 3.799(0.721)
[1 0 1 1 1 0 1 0 0 0 1 0 1 1 0 1 1 1 1 1 0 0 0 0 1 1 1 1 1 0 0 1 1 1 0 1 1
 1 0 1 0 1 0 1 1 1 1 1 1 1 1 0 1 0 1 1 1 1 1 1 1 1 1 1 0 0 1 0 1 1 1 1 0 0
 1 1 0 0 1 1 0 1 0 0 1 0 1 1 1 1 0 1 0 1 0 1 1 1 1 1]
 Training accuracy at 4000 out of 20000 is 0.805(0.480),cost is 3.770(0.723)
[1 0 1 1 1 0 1 0 0 0 1 0 1 1 0 1 1 1 1 1 0 0 0 0 1 1 1 1 1 0 0 1 0 1 0 1 1
 1 0 1 0 1 0 1 1 1 1 1 1 1 1 0 1 0 1 1 1 1 1 1 1 1 1 1 0 0 1 0 1 1 1 1 0 0
 1 1 0 0 1 1 0 1 0 0 1 0 1 1 1 1 0 1 0 1 0 1 1 1 1 1]
 Training accuracy at 4100 out of 20000 is 0.807(0.490),cost is 3.741(0.723)
[1 0 1 1 1 0 1 0 0 0 1 0 1 1 0 1 1 1 1 1 0 0 0 0 1 1 1 1 1 0 0 1 0 1 0 1 1
 1 0 1 0 1 0 1 1 1 1 1 1 1 1 0 1 0 1 1 1 1 1 1 1 1 1 1 0 0 1 0 1 1 1 1 0 0
 1 1 0 0 1 1 0 1 0 0 1 0 1 1 1 1 0 1 0 1 0 1 1 1 1 1]
 Training accuracy at 4200 out of 20000 is 0.816(0.490),cost is 3.713(0.724)
[1 0 1 1 1 0 1 0 0 0 1 0 1 1 0 1 1 1 1 1 0 0 0 0 1 1 1 1 1 0 0 1 0 1 0 1 1
 1 0 1 0 1 0 1 1 1 1 1 1 1 1 0 1 0 1 1 1 1 1 1 1 1 1 1 0 0 1 0 1 1 1 1 0 0
 1 1 0 0 1 1 0 1 0 0 1 0 1 1 1 1 0 1 0 1 0 1 1 1 1 1]
 Training accuracy at 4300 out of 20000 is 0.817(0.490),cost is 3.682(0.725)
[1 0 1 1 1 0 1 0 0 0 1 0 1 1 0 1 1 1 1 1 0 0 0 0 1 1 1 1 1 0 0 1 0 1 0 1 1
 1 0 1 0 1 0 1 1 1 1 1 1 1 1 0 1 0 1 1 1 1 1 1 1 1 1 1 0 0 1 0 1 1 1 1 0 0
 1 1 0 0 1 1 0 1 0 0 1 0 1 1 1 1 0 1 0 1 0 1 1 1 1 1]
 Training accuracy at 4400 out of 20000 is 0.816(0.490),cost is 3.650(0.726)
[1 1 1 1 1 0 1 0 0 0 1 0 1 1 0 1 1 1 1 1 0 0 0 0 1 1 1 1 1 0 0 1 0 1 0 1 1
 1 0 1 0 1 0 1 1 1 1 1 1 1 1 0 1 0 1 1 1 1 1 1 1 1 1 1 0 0 1 0 1 1 1 1 0 0
 1 1 0 0 1 1 0 1 0 0 1 0 1 1 1 1 0 1 0 1 0 1 1 1 1 1]
 Training accuracy at 4500 out of 20000 is 0.818(0.500),cost is 3.621(0.727)
[1 0 1 1 1 0 1 0 0 0 1 0 1 1 0 1 1 1 1 1 0 0 0 0 1 1 1 1 1 0 0 1 0 1 0 1 1
 1 0 1 0 1 0 1 1 1 1 1 1 1 1 0 1 0 1 1 1 1 1 1 1 1 1 1 0 0 1 0 1 1 1 1 0 0
 1 1 0 0 1 1 0 1 0 0 1 0 1 1 1 1 0 1 0 1 0 1 1 1 1 1]
 Training accuracy at 4600 out of 20000 is 0.829(0.490),cost is 3.591(0.727)
[1 0 1 1 1 0 1 0 0 0 1 0 1 1 0 1 0 1 0 1 0 0 0 0 1 1 1 1 1 0 0 1 0 1 0 1 1
 1 0 1 0 1 0 1 1 1 1 1 1 1 1 0 1 0 1 1 1 1 1 1 1 1 0 1 0 0 1 0 1 1 1 1 0 0
 1 1 0 0 1 1 0 1 0 0 1 0 1 1 1 1 0 1 0 1 0 1 1 1 1 1]
 Training accuracy at 4700 out of 20000 is 0.830(0.520),cost is 3.561(0.729)
[1 0 1 1 1 0 1 0 0 0 1 0 1 1 0 1 1 1 0 1 0 0 0 0 1 1 1 1 1 0 0 1 0 1 0 1 1
 1 0 1 0 1 0 1 1 1 1 1 0 1 1 0 1 0 1 1 1 1 1 1 1 1 0 1 0 0 1 0 1 1 1 1 0 0
 1 1 0 0 1 1 0 1 0 0 1 0 1 1 1 1 0 1 0 1 0 1 1 1 1 1]
 Training accuracy at 4800 out of 20000 is 0.836(0.520),cost is 3.531(0.729)
[1 0 1 1 1 1 1 0 0 0 1 0 1 1 0 1 0 1 0 1 0 0 0 0 1 1 1 1 1 0 0 1 0 1 0 1 1
 1 0 1 0 1 0 1 1 1 1 1 0 1 1 0 1 0 1 1 1 1 1 1 1 1 0 1 0 0 1 0 1 1 1 1 0 0
 1 1 0 0 1 1 0 1 0 0 1 0 1 1 1 1 0 1 0 1 0 1 1 1 1 1]
 Training accuracy at 4900 out of 20000 is 0.840(0.540),cost is 3.500(0.731)
[1 0 1 1 1 1 1 0 0 0 1 0 1 1 0 1 0 1 0 1 0 0 0 0 1 1 1 1 1 0 0 1 0 1 0 1 1
 1 0 1 0 1 0 1 1 1 1 1 0 1 1 0 1 0 1 1 1 1 1 1 1 1 0 1 0 0 1 0 1 1 1 1 0 0
 1 1 0 0 1 1 0 1 0 0 1 0 1 1 1 1 0 1 0 1 0 1 1 1 1 1]
 Training accuracy at 5000 out of 20000 is 0.841(0.540),cost is 3.469(0.731)
[1 0 1 1 1 1 1 0 0 0 1 0 1 1 0 1 0 1 0 1 0 0 0 0 1 1 1 1 1 0 0 1 0 1 0 1 1
 1 0 1 0 1 0 1 1 1 1 1 0 1 1 0 1 0 1 1 1 1 1 1 1 1 0 1 0 0 1 0 1 1 1 1 0 0
 1 1 0 0 1 1 0 1 0 0 1 0 1 1 1 1 0 1 0 1 0 1 1 1 1 1]
 Training accuracy at 5100 out of 20000 is 0.849(0.540),cost is 3.442(0.731)
[1 0 1 1 1 1 1 0 0 0 1 0 1 1 0 1 0 1 0 1 0 0 0 0 1 1 1 1 1 0 0 1 0 1 0 1 1
 1 0 1 0 1 0 1 1 1 1 1 0 1 1 0 1 0 1 1 1 1 1 1 1 1 0 1 0 0 1 0 1 1 1 1 0 0
 1 1 0 0 1 1 0 1 0 0 1 0 1 1 1 1 0 1 0 1 0 1 1 1 1 1]
 Training accuracy at 5200 out of 20000 is 0.852(0.540),cost is 3.413(0.732)
[1 0 1 1 1 1 1 0 0 0 1 0 1 1 0 1 0 1 0 1 0 0 0 0 1 1 1 1 1 1 0 1 0 1 0 1 1
 1 0 1 0 1 0 1 1 1 1 1 0 1 1 0 1 0 1 1 1 1 1 1 1 0 0 1 0 0 1 0 1 1 1 1 0 0
 1 1 0 0 1 1 0 1 0 0 1 0 1 1 1 1 0 1 0 1 0 1 1 1 1 1]
 Training accuracy at 5300 out of 20000 is 0.850(0.540),cost is 3.382(0.733)
[1 0 1 1 1 1 1 0 0 0 1 0 1 1 0 1 0 1 0 1 0 0 0 0 1 1 1 1 1 1 0 1 0 1 0 1 1
 1 0 1 0 1 0 1 1 1 1 1 0 1 1 0 1 0 1 1 1 1 1 1 1 1 0 1 0 0 1 0 1 1 1 1 0 0
 1 1 0 0 1 1 0 1 0 0 1 0 1 1 1 1 0 1 0 1 0 1 1 1 1 1]
 Training accuracy at 5400 out of 20000 is 0.847(0.530),cost is 3.351(0.734)
[1 0 1 1 1 1 1 0 0 0 1 0 1 1 0 1 0 1 0 1 0 0 0 0 1 1 1 1 1 1 0 1 0 1 0 1 1
 1 0 1 0 1 0 1 1 1 1 1 0 1 1 0 1 0 1 1 1 1 1 1 1 0 0 1 0 0 1 0 1 1 1 1 0 0
 1 1 0 0 1 1 0 1 0 0 1 0 1 1 1 0 1 1 0 1 0 1 1 1 1 1]
 Training accuracy at 5500 out of 20000 is 0.852(0.520),cost is 3.320(0.735)
[1 0 1 1 1 1 1 0 0 0 1 0 1 1 0 1 0 1 0 1 0 0 0 0 1 1 1 1 1 1 0 1 0 1 0 1 1
 1 0 1 0 1 0 1 1 1 1 1 0 1 1 0 1 0 1 1 1 1 0 1 1 0 0 1 0 0 1 0 1 1 1 1 0 0
 1 1 0 0 1 1 0 1 0 0 1 0 1 1 1 0 1 1 0 1 0 1 1 1 1 1]
 Training accuracy at 5600 out of 20000 is 0.857(0.510),cost is 3.290(0.736)
[1 0 1 1 1 1 1 0 0 0 1 0 1 1 0 1 0 1 0 1 0 0 0 0 1 1 1 1 1 1 0 1 0 1 0 1 1
 1 0 1 0 1 0 1 1 1 1 1 0 1 1 0 1 0 1 1 1 1 0 1 1 0 0 1 0 0 1 0 1 1 1 1 0 0
 1 1 0 0 1 1 0 1 0 0 1 0 1 1 1 0 0 1 0 1 0 1 1 1 1 1]
 Training accuracy at 5700 out of 20000 is 0.865(0.520),cost is 3.261(0.737)
[1 0 1 1 1 1 1 0 0 0 1 0 1 1 0 1 0 1 0 1 0 0 0 0 1 1 1 1 1 1 0 1 0 1 0 1 1
 1 0 1 0 1 0 1 1 1 1 1 0 1 1 0 1 0 1 1 1 1 0 1 1 0 0 1 0 0 1 0 1 1 1 1 0 0
 1 1 0 0 1 1 0 1 0 0 1 0 1 1 1 0 1 1 0 1 0 1 1 1 1 1]
 Training accuracy at 5800 out of 20000 is 0.863(0.510),cost is 3.230(0.738)
[1 0 1 1 1 1 1 0 0 0 1 0 1 1 0 1 0 1 0 1 0 0 0 0 1 1 1 1 1 1 0 1 0 1 0 1 1
 1 0 1 0 1 0 1 1 1 1 1 0 1 1 0 1 0 1 1 1 1 0 1 1 0 0 1 0 0 1 0 1 1 1 1 0 0
 1 1 0 0 1 1 0 1 0 0 1 0 1 1 1 0 1 1 0 1 0 1 1 1 1 1]
 Training accuracy at 5900 out of 20000 is 0.866(0.510),cost is 3.199(0.739)
[1 0 1 1 1 1 1 0 0 0 1 0 1 1 0 1 0 1 0 1 0 0 0 0 1 1 1 1 1 1 0 1 0 1 0 1 1
 1 0 1 0 1 0 1 1 1 1 1 0 1 1 0 1 0 1 1 1 1 0 1 1 0 0 1 0 0 1 0 1 1 1 1 0 0
 1 1 0 0 1 1 0 1 0 0 1 0 1 1 1 0 1 1 0 1 0 1 1 1 1 1]
 Training accuracy at 6000 out of 20000 is 0.866(0.510),cost is 3.169(0.740)
[1 0 1 1 1 1 1 0 0 0 1 0 1 1 0 1 0 1 0 1 0 0 0 0 1 1 1 1 1 1 0 1 0 1 0 1 1
 1 0 1 0 1 0 1 1 1 1 1 0 1 1 0 1 0 1 1 1 1 0 1 1 0 0 1 0 0 1 0 1 1 1 1 0 0
 1 1 0 0 1 1 0 1 0 0 1 0 1 1 1 0 1 1 0 1 0 1 1 1 1 1]
 Training accuracy at 6100 out of 20000 is 0.862(0.510),cost is 3.139(0.742)
[1 0 1 1 1 1 1 0 0 0 1 0 1 1 0 1 0 1 0 1 0 0 0 0 1 1 1 1 1 1 0 1 0 1 0 1 1
 1 0 1 0 1 0 1 1 1 1 1 0 1 1 0 1 0 1 1 1 1 0 1 1 0 0 1 0 0 1 0 1 1 1 1 0 0
 1 1 0 0 1 1 0 1 0 0 1 0 1 1 1 0 1 1 0 1 0 1 1 1 1 1]
 Training accuracy at 6200 out of 20000 is 0.866(0.510),cost is 3.107(0.743)
[1 0 1 1 1 1 1 0 0 0 1 0 1 1 0 1 0 1 0 1 0 0 0 0 1 1 1 1 1 1 0 1 0 1 0 1 1
 1 0 1 0 1 0 1 1 1 1 1 0 1 1 0 1 0 1 1 1 1 0 1 1 0 0 1 0 0 1 0 1 1 1 1 0 0
 1 1 0 0 1 1 0 1 0 0 1 0 1 1 1 0 1 1 0 1 0 1 1 1 1 1]
 Training accuracy at 6300 out of 20000 is 0.866(0.510),cost is 3.077(0.744)
[1 0 1 1 1 1 1 0 0 0 1 0 1 1 0 1 0 1 0 1 0 0 0 0 1 1 1 1 1 1 0 1 0 1 0 1 1
 1 0 1 0 1 0 1 1 1 1 1 0 1 1 0 1 0 1 1 1 1 0 1 1 0 0 1 0 0 1 0 1 1 1 1 0 0
 1 1 0 0 1 1 0 1 0 0 1 0 1 1 1 0 1 1 0 1 0 1 1 1 1 1]
 Training accuracy at 6400 out of 20000 is 0.870(0.510),cost is 3.047(0.743)
[1 0 1 1 1 1 1 0 0 0 1 0 1 1 0 1 0 1 0 1 0 0 0 0 1 1 1 1 0 1 0 1 0 1 0 1 1
 1 0 1 0 1 0 1 1 1 1 1 0 1 1 0 1 0 1 1 1 1 0 1 1 0 0 1 0 0 1 0 1 1 1 1 0 0
 1 1 0 0 1 1 0 1 0 0 1 0 1 1 1 0 0 1 0 1 0 1 1 1 1 0]
 Training accuracy at 6500 out of 20000 is 0.876(0.500),cost is 3.016(0.744)
[1 0 1 1 1 1 1 0 0 0 1 0 1 1 0 1 0 1 0 1 0 0 0 0 1 1 1 1 0 1 0 1 0 1 0 1 1
 1 0 1 0 1 0 1 1 1 1 1 0 1 1 0 1 0 1 1 1 1 0 1 1 0 0 1 0 0 1 0 1 1 1 1 0 0
 1 1 0 0 1 1 0 1 0 0 1 0 1 1 1 0 1 1 0 1 1 1 1 1 1 1]
 Training accuracy at 6600 out of 20000 is 0.879(0.510),cost is 2.988(0.745)
[1 0 1 1 1 1 1 0 0 0 1 0 1 1 0 1 0 1 0 1 0 0 0 0 1 1 1 1 0 1 0 1 0 1 0 1 1
 1 0 1 0 1 0 1 1 1 1 1 0 1 1 0 1 0 1 1 1 1 0 1 1 0 0 1 0 0 1 0 1 1 1 1 0 0
 1 1 0 0 1 1 0 1 0 0 1 0 1 1 1 0 1 1 0 1 1 1 1 1 1 0]
 Training accuracy at 6700 out of 20000 is 0.880(0.500),cost is 2.956(0.747)
[1 0 1 1 1 1 1 0 0 0 1 0 1 1 0 1 0 1 0 1 0 0 0 0 1 1 1 1 0 1 0 1 0 1 0 1 1
 1 0 1 0 1 0 1 1 1 1 1 0 1 1 0 1 0 1 1 1 1 0 1 1 0 0 1 0 0 1 0 1 1 1 1 0 0
 1 1 0 0 1 1 0 1 0 0 1 0 1 1 1 0 1 1 0 1 1 1 1 1 1 0]
 Training accuracy at 6800 out of 20000 is 0.889(0.500),cost is 2.927(0.748)
[1 0 1 1 1 1 1 0 0 0 1 0 1 1 0 1 0 1 0 1 0 0 0 0 1 1 1 1 0 1 0 1 0 1 0 1 1
 1 0 1 0 1 0 1 1 1 1 1 0 1 1 0 1 0 1 1 1 1 0 1 1 0 0 1 0 0 1 0 1 1 1 1 0 0
 1 1 0 0 1 1 0 1 0 0 1 0 1 1 1 0 0 1 0 1 0 1 1 1 1 0]
 Training accuracy at 6900 out of 20000 is 0.888(0.500),cost is 2.901(0.749)
[1 0 1 1 1 1 1 0 0 0 1 0 1 1 0 1 0 1 0 1 0 0 0 0 1 1 1 1 0 1 0 1 0 1 0 1 1
 1 0 1 0 1 0 1 1 1 1 1 0 1 1 0 1 0 1 1 1 1 0 1 1 0 0 1 0 0 1 0 1 1 1 1 0 0
 1 1 0 0 1 1 0 1 0 0 1 0 1 1 1 0 1 1 0 1 1 1 1 1 1 0]
 Training accuracy at 7000 out of 20000 is 0.888(0.500),cost is 2.869(0.753)
[1 0 1 1 1 1 1 0 0 0 1 0 1 1 0 1 0 1 0 1 0 0 0 0 1 1 1 1 0 1 0 1 0 1 0 1 1
 1 0 1 0 1 0 1 1 1 1 1 0 1 1 0 1 0 1 1 1 1 0 1 1 0 0 1 0 0 1 0 1 1 1 1 0 0
 1 1 0 0 1 1 0 1 0 0 1 0 1 1 1 0 1 1 0 1 1 1 1 1 1 0]
 Training accuracy at 7100 out of 20000 is 0.882(0.500),cost is 2.840(0.753)
[1 0 1 1 1 1 1 0 0 0 1 0 1 1 0 1 0 1 0 1 0 0 0 0 1 1 1 1 0 1 0 1 0 1 0 1 1
 1 0 1 0 1 0 1 1 1 1 1 0 1 1 0 1 0 1 1 1 1 0 1 1 0 0 1 0 0 1 0 1 1 1 1 0 0
 1 1 0 0 1 1 0 1 0 0 1 0 1 1 1 0 1 1 0 1 1 1 1 1 1 0]
 Training accuracy at 7200 out of 20000 is 0.886(0.500),cost is 2.811(0.756)
[1 0 1 1 1 1 1 0 0 0 1 0 1 1 0 1 0 1 0 1 0 0 0 0 1 1 1 1 0 1 0 1 0 1 0 1 1
 1 0 1 0 1 0 1 1 1 1 1 0 1 1 0 1 0 1 1 1 1 0 1 1 0 0 1 0 0 1 0 1 1 1 1 0 0
 1 1 0 0 1 1 0 1 0 0 1 0 1 1 1 0 1 1 0 1 1 1 1 1 1 0]
 Training accuracy at 7300 out of 20000 is 0.888(0.500),cost is 2.781(0.758)
[1 0 1 1 1 1 1 0 0 0 1 0 1 1 0 1 0 1 0 1 0 0 0 0 1 1 1 1 0 1 0 1 0 1 0 1 1
 1 0 1 0 1 0 1 1 1 1 1 0 1 1 0 1 0 1 1 1 1 0 1 1 0 0 1 0 0 1 0 1 1 1 1 0 0
 1 1 0 0 1 1 0 1 0 0 1 0 1 1 1 0 1 1 0 1 1 1 1 1 1 0]
 Training accuracy at 7400 out of 20000 is 0.892(0.500),cost is 2.753(0.759)
[1 0 1 1 1 1 1 0 0 0 1 0 1 1 0 1 0 1 0 1 0 0 0 0 1 1 1 1 0 1 0 1 0 1 0 1 1
 1 0 1 0 1 0 1 1 1 1 1 0 1 1 0 1 0 1 1 1 1 0 1 1 0 0 1 0 0 1 0 1 1 1 1 0 0
 1 1 0 0 1 1 0 1 0 0 1 0 1 1 1 0 1 1 0 1 1 1 1 1 1 0]
 Training accuracy at 7500 out of 20000 is 0.890(0.500),cost is 2.724(0.757)
[1 0 1 1 1 1 1 0 0 0 1 0 1 1 0 1 0 1 0 1 0 0 0 0 1 1 1 1 0 1 0 1 0 1 0 1 1
 1 0 1 0 1 0 1 1 1 1 1 0 1 1 0 1 0 1 1 1 1 0 1 1 0 0 1 0 0 1 0 1 1 1 1 0 0
 1 1 0 0 1 1 0 1 0 0 1 0 1 1 1 0 1 1 0 1 1 1 1 1 1 0]
 Training accuracy at 7600 out of 20000 is 0.892(0.500),cost is 2.694(0.759)
[1 0 1 1 1 1 1 0 0 0 1 0 1 1 0 1 0 1 0 1 0 0 0 0 1 1 1 1 0 1 0 1 0 1 0 1 1
 1 0 1 0 1 0 1 1 1 1 1 0 1 1 0 1 0 1 1 1 1 0 1 1 0 0 1 0 0 1 0 1 1 1 1 0 0
 1 1 0 0 1 1 0 1 0 0 1 0 1 1 1 0 1 1 0 1 1 1 1 1 1 0]
 Training accuracy at 7700 out of 20000 is 0.892(0.500),cost is 2.668(0.759)
[1 0 1 1 1 1 1 0 0 0 1 0 1 1 0 1 0 1 0 1 0 0 0 0 1 1 1 1 0 1 0 1 0 1 0 1 1
 1 0 1 0 1 0 1 1 1 1 1 0 1 1 0 1 0 1 1 1 1 0 1 1 0 0 1 0 0 1 0 1 1 1 1 0 0
 1 1 0 0 1 1 0 1 0 0 1 0 1 1 1 0 1 1 0 1 1 1 1 1 1 0]
 Training accuracy at 7800 out of 20000 is 0.893(0.500),cost is 2.639(0.762)
[1 0 1 1 1 1 1 0 0 0 1 0 1 1 0 1 0 1 0 1 0 0 0 0 1 1 1 1 0 1 0 1 1 1 0 1 1
 1 0 1 0 1 0 1 1 1 1 1 0 1 1 0 1 0 1 1 1 1 0 1 1 0 0 1 0 0 1 0 1 1 1 1 0 0
 1 1 0 0 1 1 0 1 0 0 1 0 1 1 1 0 1 1 0 1 1 1 1 1 1 0]
 Training accuracy at 7900 out of 20000 is 0.899(0.490),cost is 2.609(0.763)
[1 0 1 1 1 1 1 0 0 0 1 0 1 1 0 1 0 1 0 1 0 0 0 0 1 1 1 1 0 1 0 1 0 1 0 1 1
 1 0 1 0 1 0 1 1 1 1 1 0 1 1 0 1 0 1 1 1 1 0 1 1 0 0 1 0 0 1 0 1 1 1 1 0 0
 1 1 0 0 1 1 0 1 0 0 1 0 1 1 1 0 1 1 0 1 1 1 1 1 1 0]
 Training accuracy at 8000 out of 20000 is 0.905(0.500),cost is 2.583(0.763)
[1 0 1 1 1 1 1 0 0 0 1 0 1 1 0 1 0 1 0 1 0 0 0 0 1 1 1 1 0 1 0 1 0 1 0 1 1
 1 0 1 0 1 0 1 1 1 1 1 0 1 1 0 1 0 1 1 1 1 0 1 1 0 0 1 0 0 1 0 1 1 1 1 0 0
 1 1 0 0 1 1 0 1 0 0 1 0 1 1 1 0 1 1 0 1 1 1 1 1 1 0]
 Training accuracy at 8100 out of 20000 is 0.901(0.500),cost is 2.554(0.766)
[1 0 1 1 1 1 1 0 0 0 1 0 1 1 0 1 0 1 0 1 0 0 0 0 1 1 1 1 0 1 0 1 0 1 0 1 1
 1 0 1 0 1 0 1 1 1 1 1 0 1 1 0 1 0 1 1 1 1 0 1 1 0 0 1 0 0 1 0 1 1 1 1 0 0
 1 1 0 0 1 1 0 1 0 0 1 0 1 1 1 0 1 1 0 1 1 1 1 1 1 0]
 Training accuracy at 8200 out of 20000 is 0.903(0.500),cost is 2.526(0.767)
[1 0 1 1 1 1 1 0 0 0 1 0 1 1 0 1 0 1 0 1 0 0 0 0 1 1 1 1 0 1 0 1 0 1 0 1 1
 1 0 1 0 1 0 1 1 1 1 1 0 1 1 0 1 0 1 1 1 1 0 1 1 0 0 1 0 0 1 0 1 1 1 1 0 0
 1 1 0 0 1 1 0 1 0 0 1 0 1 1 1 0 1 1 0 1 1 1 1 1 1 0]
 Training accuracy at 8300 out of 20000 is 0.908(0.500),cost is 2.499(0.766)
[1 0 1 1 1 1 1 0 0 0 1 0 1 1 0 1 0 1 0 1 0 0 0 0 1 1 1 1 0 1 0 1 0 1 0 1 1
 1 0 1 0 1 0 1 1 1 1 1 0 1 1 0 1 0 1 1 1 1 0 1 1 0 0 1 0 0 1 0 1 1 1 1 0 0
 1 1 0 0 1 1 0 1 0 0 1 0 1 1 1 0 1 1 0 1 1 1 1 1 1 0]
 Training accuracy at 8400 out of 20000 is 0.909(0.500),cost is 2.468(0.768)
[1 0 1 1 1 1 1 0 0 0 1 0 1 1 0 1 0 1 0 1 0 0 0 0 1 1 1 1 0 1 0 1 0 1 0 1 1
 1 0 1 0 1 0 1 1 1 1 1 0 1 1 0 1 0 1 1 1 1 0 1 1 0 0 1 0 0 1 0 1 1 1 1 0 0
 1 1 0 0 1 1 0 1 0 0 1 0 1 1 1 0 1 1 0 1 1 1 1 1 1 0]
 Training accuracy at 8500 out of 20000 is 0.914(0.500),cost is 2.439(0.773)
[1 0 1 1 1 1 1 0 1 0 1 0 1 1 0 1 0 1 0 1 0 0 0 0 1 1 1 1 0 1 0 1 1 1 0 1 1
 1 0 1 0 1 0 1 1 1 1 1 0 1 1 0 1 0 1 1 1 1 0 1 1 0 0 1 0 0 1 0 1 1 1 1 0 0
 1 1 0 0 1 1 0 1 0 0 1 0 1 1 1 0 1 1 0 1 1 1 1 1 1 0]
 Training accuracy at 8600 out of 20000 is 0.915(0.500),cost is 2.414(0.776)
[1 0 1 1 1 1 1 0 0 0 1 0 1 1 0 1 0 1 0 1 0 0 0 0 1 1 1 1 0 1 0 1 1 1 0 1 1
 1 0 1 0 1 0 1 1 1 1 1 0 1 1 0 1 0 1 1 1 1 0 1 1 0 0 1 0 0 1 0 1 1 1 1 0 0
 1 1 0 0 1 1 0 1 0 0 1 0 1 1 1 0 1 1 0 1 1 1 1 1 1 0]
 Training accuracy at 8700 out of 20000 is 0.915(0.490),cost is 2.388(0.777)
[1 0 1 1 1 1 1 0 0 0 1 0 1 1 0 1 0 1 0 1 0 0 0 0 1 1 1 1 0 1 0 1 1 1 0 1 1
 1 0 1 0 1 0 1 1 1 1 1 0 1 1 0 1 0 1 1 1 1 0 1 1 0 0 1 0 0 1 0 1 1 0 1 0 0
 1 1 0 0 1 1 0 1 0 0 1 0 1 1 1 0 0 1 0 1 1 1 1 1 1 0]
 Training accuracy at 8800 out of 20000 is 0.916(0.510),cost is 2.360(0.782)
[1 0 1 1 1 1 1 0 0 0 1 0 1 1 0 1 0 1 0 1 0 0 0 0 1 1 1 1 0 1 0 1 1 1 0 1 1
 1 0 1 0 1 0 1 1 1 1 1 0 1 1 0 1 0 1 1 1 1 0 1 1 0 0 1 0 0 1 0 1 1 1 1 0 0
 1 1 0 0 1 1 0 1 0 0 1 0 1 1 1 0 1 1 0 1 1 1 1 1 1 0]
 Training accuracy at 8900 out of 20000 is 0.919(0.490),cost is 2.334(0.782)
[1 0 1 1 1 1 1 0 0 0 1 0 1 1 0 1 0 1 0 1 0 0 0 0 1 1 1 1 0 1 0 1 1 1 0 1 1
 1 0 1 0 1 0 1 1 1 1 1 0 1 1 0 1 0 1 1 1 1 0 1 1 0 0 1 0 0 1 0 1 1 0 1 0 0
 1 1 0 0 1 1 0 1 0 0 1 0 1 1 1 0 1 1 0 1 1 1 1 1 1 0]
 Training accuracy at 9000 out of 20000 is 0.915(0.500),cost is 2.306(0.783)
[1 0 1 1 1 1 1 0 1 0 1 0 1 1 0 1 0 1 0 1 0 0 0 0 1 1 1 1 0 1 0 1 0 1 0 1 1
 1 0 1 0 1 0 1 1 1 1 1 0 1 1 0 1 0 1 1 1 1 0 1 1 0 0 1 0 0 1 0 1 1 0 1 0 0
 1 1 0 0 1 1 0 1 0 0 1 0 1 1 1 0 1 1 0 1 1 1 1 1 1 0]
 Training accuracy at 9100 out of 20000 is 0.921(0.520),cost is 2.281(0.784)
[1 0 1 1 1 1 1 0 1 0 1 0 1 1 0 1 0 1 0 1 0 0 0 0 1 1 1 1 0 1 0 1 0 1 0 1 1
 1 0 1 0 1 0 1 1 1 1 1 0 1 1 0 1 0 1 1 1 1 0 1 1 0 0 1 0 0 1 0 1 1 0 1 0 0
 1 1 0 0 1 1 0 1 0 0 1 0 1 1 1 0 0 1 0 1 1 1 1 1 1 0]
 Training accuracy at 9200 out of 20000 is 0.924(0.530),cost is 2.257(0.785)
[1 0 1 1 1 1 1 0 1 0 1 0 1 1 0 1 0 1 0 1 0 0 0 0 1 1 1 1 0 1 0 1 1 1 0 1 1
 1 0 1 0 1 0 1 1 1 1 1 0 1 1 0 1 0 1 1 1 1 0 1 1 0 0 1 0 0 1 0 1 1 0 1 0 0
 1 1 0 0 1 1 0 1 0 0 1 0 1 1 1 0 1 1 0 1 1 1 1 1 1 0]
 Training accuracy at 9300 out of 20000 is 0.924(0.510),cost is 2.229(0.786)
[1 0 1 1 1 1 1 0 1 0 1 0 1 1 0 1 0 1 0 1 0 0 0 0 1 1 1 1 0 1 0 0 0 1 0 1 1
 1 0 1 0 1 0 1 1 1 1 1 0 1 1 0 1 0 1 1 1 1 0 1 1 0 0 1 0 0 1 0 1 1 0 1 0 0
 1 1 0 0 1 1 0 1 0 0 1 0 1 1 1 0 1 1 0 1 1 1 1 1 1 0]
 Training accuracy at 9400 out of 20000 is 0.925(0.530),cost is 2.205(0.788)
[1 0 1 1 1 1 1 0 1 0 1 0 1 1 0 1 0 1 0 1 0 0 0 0 1 1 1 1 0 1 0 0 1 1 0 1 1
 1 0 1 0 1 0 1 1 1 1 1 0 1 1 0 1 0 1 1 1 1 0 1 1 0 0 1 0 0 1 0 1 1 0 1 0 0
 1 1 0 0 1 1 0 1 0 0 1 0 1 1 1 0 1 1 0 1 1 1 1 1 1 0]
 Training accuracy at 9500 out of 20000 is 0.925(0.520),cost is 2.177(0.790)
[1 0 1 1 1 1 1 0 1 0 1 0 1 1 0 1 0 1 0 1 0 0 0 0 1 1 1 1 0 1 0 0 1 1 0 1 1
 1 0 1 0 1 0 1 1 1 1 1 0 1 1 0 1 0 1 1 1 1 0 1 1 0 0 1 0 0 1 0 1 1 0 1 0 0
 1 1 0 0 1 1 0 1 0 0 1 0 1 1 1 0 1 1 0 1 1 1 1 1 1 0]
 Training accuracy at 9600 out of 20000 is 0.931(0.520),cost is 2.152(0.794)
[1 0 1 1 1 1 1 0 1 0 1 0 1 1 0 1 0 1 0 1 0 0 0 0 1 1 1 1 0 1 0 0 1 1 0 1 1
 1 0 1 0 1 0 1 1 1 1 1 0 1 1 0 1 0 1 1 1 1 0 1 1 0 0 1 0 0 1 0 1 1 0 1 0 0
 1 1 0 0 1 1 0 1 0 0 1 0 1 1 0 0 1 1 0 1 1 1 1 1 1 0]
 Training accuracy at 9700 out of 20000 is 0.928(0.530),cost is 2.126(0.795)
[1 0 1 1 1 1 1 0 1 0 1 0 1 1 0 1 0 1 0 1 0 0 0 0 1 1 1 1 0 1 0 0 1 1 0 1 1
 1 0 1 0 1 0 1 1 1 1 1 0 1 1 0 1 0 1 1 1 1 0 1 1 0 0 1 0 0 1 0 1 1 0 1 0 0
 1 1 0 0 1 1 0 1 0 0 1 0 1 1 1 0 1 1 0 1 1 1 1 1 1 0]
 Training accuracy at 9800 out of 20000 is 0.929(0.520),cost is 2.100(0.793)
[1 0 1 1 1 1 1 0 1 0 1 0 1 1 0 1 0 1 0 1 0 0 0 0 1 1 1 1 0 1 0 0 1 1 0 1 1
 1 0 1 0 1 0 1 1 1 1 1 0 1 1 0 1 0 1 1 1 1 0 1 1 0 0 1 0 0 1 0 1 1 0 1 0 0
 1 1 0 0 1 1 0 1 0 0 1 0 1 1 1 0 1 1 0 1 1 1 1 1 1 0]
 Training accuracy at 9900 out of 20000 is 0.932(0.520),cost is 2.078(0.798)
[1 0 1 1 1 1 1 0 1 0 1 0 1 1 0 1 0 1 0 1 0 0 0 0 1 0 1 1 0 1 0 0 1 1 0 1 1
 1 0 1 0 1 0 1 1 1 1 1 0 1 1 0 1 0 1 1 1 1 0 1 1 0 0 1 0 0 1 0 1 1 0 1 0 0
 1 1 0 0 1 1 0 1 0 0 1 0 1 1 1 0 1 1 0 1 1 1 1 1 1 0]
 Training accuracy at 10000 out of 20000 is 0.934(0.530),cost is 2.054(0.799)
[1 0 1 1 1 1 1 0 1 0 1 0 1 1 0 1 0 1 0 1 0 0 0 0 1 0 1 1 0 1 0 0 1 1 0 1 1
 1 0 1 0 1 0 1 1 1 1 1 0 1 1 0 1 0 1 1 1 1 0 1 1 0 0 1 0 0 1 0 1 1 0 1 0 0
 1 1 0 0 1 1 0 1 0 0 1 0 1 1 1 0 1 1 0 1 1 1 1 1 1 0]
 Training accuracy at 10100 out of 20000 is 0.934(0.530),cost is 2.028(0.801)
[1 0 1 1 1 1 1 0 1 0 1 0 1 1 0 1 0 1 0 0 0 0 0 0 1 0 1 1 0 1 0 0 0 1 0 1 1
 1 0 1 0 1 0 1 1 1 1 1 0 1 0 0 1 0 1 1 1 1 0 1 1 0 0 1 0 0 1 0 1 1 0 1 0 0
 1 1 0 0 1 1 0 1 0 0 1 0 1 1 0 0 1 1 0 1 1 1 1 1 1 0]
 Training accuracy at 10200 out of 20000 is 0.935(0.550),cost is 2.003(0.802)
[1 0 0 1 1 1 1 0 1 0 1 0 1 1 0 0 0 1 0 0 0 0 0 0 1 0 1 1 0 1 0 0 0 1 0 1 1
 1 0 1 0 1 0 1 1 1 1 1 0 1 0 0 1 0 1 1 1 1 0 1 0 1 0 1 0 0 1 0 1 1 0 1 0 0
 1 1 0 0 1 1 0 1 0 0 1 0 1 1 1 0 1 1 0 1 1 1 1 1 1 0]
 Training accuracy at 10300 out of 20000 is 0.937(0.540),cost is 1.983(0.805)
[1 0 1 1 1 1 1 0 1 0 1 0 1 1 0 1 0 1 0 0 0 0 0 0 1 0 1 1 0 1 0 0 1 1 0 1 1
 1 0 1 0 1 0 1 1 1 1 1 0 1 0 0 1 0 1 1 1 1 0 1 0 0 0 1 0 0 1 0 1 1 0 1 0 0
 1 1 0 0 1 1 0 1 0 0 1 0 1 1 0 0 1 1 0 1 1 1 1 1 1 0]
 Training accuracy at 10400 out of 20000 is 0.938(0.550),cost is 1.956(0.808)
[1 0 0 1 1 1 1 0 1 0 1 0 1 1 0 1 0 1 0 0 0 0 0 0 1 0 1 1 0 1 0 0 1 1 0 1 1
 1 0 1 0 1 0 1 1 1 1 1 0 1 0 0 1 0 1 1 1 1 0 1 1 0 0 1 0 0 1 0 1 1 0 1 0 0
 1 1 0 0 1 1 0 1 0 0 1 0 1 1 0 0 1 1 0 1 1 1 1 1 1 0]
 Training accuracy at 10500 out of 20000 is 0.939(0.530),cost is 1.932(0.814)
[1 0 0 1 1 1 1 0 1 0 1 0 1 1 0 1 0 1 0 0 0 0 0 0 1 0 1 1 0 1 0 0 1 1 0 1 1
 1 0 1 0 1 0 1 1 1 1 1 0 1 0 0 1 0 1 1 1 1 0 1 1 0 0 1 0 0 1 0 1 1 0 1 0 0
 1 1 0 0 1 1 0 1 0 0 1 0 1 1 0 0 1 1 0 1 1 1 1 1 1 0]
 Training accuracy at 10600 out of 20000 is 0.939(0.530),cost is 1.909(0.818)
[1 0 0 1 1 1 1 0 1 0 1 0 1 1 0 1 0 1 0 0 0 0 0 0 1 0 1 1 0 1 0 0 1 1 0 1 1
 1 1 1 0 1 0 1 1 1 1 1 0 1 0 0 1 0 1 1 1 1 0 1 1 0 0 1 0 0 1 0 1 1 0 1 0 0
 1 1 0 0 1 1 0 1 0 0 1 0 1 1 0 0 1 1 0 1 1 1 1 1 1 0]
 Training accuracy at 10700 out of 20000 is 0.942(0.520),cost is 1.886(0.822)
[1 0 0 1 1 1 1 0 1 0 1 0 1 1 0 1 0 1 0 0 0 0 0 0 1 0 1 1 0 1 0 0 1 1 0 1 1
 1 1 1 0 1 0 1 1 1 1 1 0 1 0 0 1 0 1 1 1 1 0 1 1 0 0 1 0 0 1 0 1 1 0 1 0 0
 1 1 0 0 1 1 0 1 0 0 1 0 1 1 0 0 1 1 0 1 1 1 1 1 1 0]
 Training accuracy at 10800 out of 20000 is 0.944(0.520),cost is 1.862(0.821)
[1 0 0 1 1 1 1 0 1 0 1 0 1 1 0 1 0 1 0 0 0 0 0 0 1 0 1 1 0 1 0 0 1 1 0 1 1
 1 1 1 0 1 0 1 1 1 1 1 0 1 0 0 1 0 1 1 1 1 0 1 1 0 0 1 0 0 1 0 1 1 0 1 0 0
 1 1 0 0 1 1 0 1 0 0 1 0 1 1 0 0 1 1 0 1 1 1 1 1 1 0]
 Training accuracy at 10900 out of 20000 is 0.941(0.520),cost is 1.839(0.823)
[1 0 0 1 1 1 1 0 1 0 1 0 1 1 0 1 0 1 0 0 0 0 0 0 1 0 1 1 0 1 0 0 1 1 0 1 1
 1 1 1 0 1 0 1 1 1 1 1 0 1 0 0 1 0 1 1 1 1 0 1 1 0 0 1 0 0 1 0 1 1 0 1 0 0
 1 1 0 0 1 1 0 1 0 0 1 0 1 1 0 0 1 1 0 1 1 1 1 1 1 0]
 Training accuracy at 11000 out of 20000 is 0.941(0.520),cost is 1.816(0.825)
[1 0 0 1 1 1 1 0 1 0 1 0 1 1 0 1 0 1 0 0 0 0 0 0 1 0 1 1 0 1 0 0 1 1 0 1 1
 1 1 1 0 1 0 1 1 1 1 1 0 1 0 0 1 0 1 1 1 1 0 1 1 1 0 1 0 0 1 0 1 1 0 1 0 0
 1 1 0 0 1 1 0 1 0 0 1 0 1 1 0 0 1 1 0 1 1 1 1 1 1 0]
 Training accuracy at 11100 out of 20000 is 0.944(0.510),cost is 1.795(0.825)
[1 0 0 1 1 1 1 0 1 0 1 0 1 1 0 1 0 1 0 0 0 0 0 0 1 0 1 1 0 1 0 0 1 1 0 1 1
 1 1 1 0 1 0 1 1 1 1 1 0 1 0 0 1 0 1 1 1 1 0 1 1 1 0 1 0 0 1 0 1 1 0 1 0 0
 1 1 0 0 1 1 0 1 0 0 1 0 1 1 0 0 1 1 0 1 1 1 1 1 1 0]
 Training accuracy at 11200 out of 20000 is 0.942(0.510),cost is 1.774(0.829)
[1 0 0 1 1 1 1 0 1 0 1 0 1 1 0 1 0 1 0 0 1 0 0 0 1 0 1 1 0 1 0 0 1 1 0 1 1
 1 1 1 0 1 0 1 1 1 1 1 0 1 0 0 1 0 1 1 1 1 0 1 1 1 0 1 0 0 1 0 1 1 0 1 0 0
 1 1 0 0 1 1 0 1 0 0 1 0 1 1 0 0 1 1 0 1 1 1 1 1 1 0]
 Training accuracy at 11300 out of 20000 is 0.948(0.520),cost is 1.753(0.831)
[1 1 0 1 1 1 1 0 1 0 1 0 1 1 0 1 0 1 0 0 1 0 0 0 1 0 1 1 0 1 0 0 1 1 0 1 1
 1 1 1 0 1 0 1 1 1 1 1 0 1 0 0 1 0 1 1 1 1 0 1 1 1 0 1 0 0 1 0 1 1 0 1 0 0
 1 1 0 0 1 1 0 1 0 0 1 0 1 1 0 0 1 1 0 1 1 1 1 1 1 0]
 Training accuracy at 11400 out of 20000 is 0.948(0.530),cost is 1.730(0.834)
[1 0 0 1 1 1 1 0 1 0 1 0 1 1 0 1 0 1 0 0 1 0 0 0 1 0 1 1 0 1 0 0 1 1 0 1 1
 1 1 1 0 1 0 1 1 1 1 1 0 1 0 0 1 0 1 1 1 1 0 1 1 1 0 1 0 0 1 0 1 1 0 1 0 0
 1 1 0 0 1 1 0 1 0 0 1 0 1 1 0 0 1 1 0 1 1 1 1 1 1 0]
 Training accuracy at 11500 out of 20000 is 0.948(0.520),cost is 1.707(0.839)
[1 0 0 1 1 1 1 0 1 0 1 0 1 1 0 1 0 1 0 0 0 0 0 0 1 0 1 1 0 1 0 0 1 1 0 1 1
 1 1 1 0 1 0 1 1 1 1 1 0 1 0 0 1 0 1 1 1 1 0 1 1 0 0 1 0 0 1 0 1 1 0 1 0 0
 1 1 0 0 1 1 0 1 0 0 1 0 1 1 0 0 1 1 0 1 1 1 1 1 1 0]
 Training accuracy at 11600 out of 20000 is 0.952(0.520),cost is 1.685(0.842)
[1 0 0 1 1 1 1 0 1 0 1 0 1 1 0 1 0 1 0 0 0 0 0 0 1 0 1 1 0 1 0 0 1 1 0 1 1
 1 1 1 0 1 0 1 1 1 1 1 0 1 0 0 1 0 1 1 1 1 0 1 1 1 0 1 0 0 1 0 1 1 0 1 0 0
 1 1 0 0 1 1 0 1 0 0 1 0 1 1 0 0 1 1 0 1 1 1 1 1 1 0]
 Training accuracy at 11700 out of 20000 is 0.952(0.510),cost is 1.665(0.842)
[1 0 0 1 1 1 1 0 1 0 1 0 1 1 0 1 0 1 0 0 0 0 0 0 1 0 1 1 0 1 0 0 1 1 0 1 1
 1 1 1 0 1 0 1 1 1 1 1 0 1 0 0 1 0 1 1 1 1 0 1 1 1 0 1 0 0 1 0 1 1 0 1 0 0
 1 1 0 0 1 1 0 1 0 0 1 0 1 1 0 0 1 1 0 1 1 1 1 1 1 0]
 Training accuracy at 11800 out of 20000 is 0.952(0.510),cost is 1.642(0.847)
[1 0 0 1 1 1 1 0 1 0 1 0 1 1 0 1 0 1 0 0 0 0 0 0 1 0 1 1 0 1 0 0 1 1 0 1 1
 1 1 1 0 1 0 1 1 1 1 1 0 1 0 0 1 0 1 1 1 1 0 1 1 0 0 1 0 0 1 0 1 1 0 1 0 0
 1 1 0 0 1 1 0 1 0 0 1 0 1 1 0 0 1 1 0 1 1 1 1 1 1 0]
 Training accuracy at 11900 out of 20000 is 0.952(0.520),cost is 1.621(0.850)
[1 0 0 1 1 1 1 0 1 0 1 0 1 1 0 1 0 1 0 0 0 0 0 0 1 0 1 1 0 1 0 0 1 1 0 1 1
 1 1 1 0 1 0 1 1 1 1 1 0 1 0 0 1 0 1 1 1 1 0 1 1 1 0 1 0 0 1 0 1 1 0 1 0 0
 1 1 0 0 1 1 0 1 0 0 1 0 1 1 0 0 1 1 0 1 1 1 1 1 1 0]
 Training accuracy at 12000 out of 20000 is 0.952(0.510),cost is 1.599(0.852)
[1 0 0 1 1 1 1 0 1 0 1 0 1 1 0 1 0 1 0 0 0 0 0 0 1 0 1 1 0 1 0 0 1 1 0 1 1
 1 1 1 0 1 0 1 1 1 1 1 0 1 0 0 1 0 1 1 1 1 0 1 1 1 0 1 0 0 1 0 1 1 0 1 0 0
 1 1 0 0 1 1 0 1 0 0 1 0 1 1 0 0 1 1 0 1 1 1 1 1 1 0]
 Training accuracy at 12100 out of 20000 is 0.954(0.510),cost is 1.580(0.856)
[1 0 0 1 1 1 1 0 1 0 1 0 1 1 0 1 0 1 0 0 0 0 0 0 1 0 1 1 0 1 0 0 1 1 0 1 1
 1 1 1 0 1 0 1 1 1 1 1 0 1 0 0 1 0 1 1 1 1 0 1 1 1 0 1 0 0 1 0 1 1 0 1 0 0
 1 1 0 0 1 1 0 1 0 0 1 0 1 1 0 0 1 1 0 1 1 1 1 1 1 0]
 Training accuracy at 12200 out of 20000 is 0.952(0.510),cost is 1.560(0.860)
[1 0 0 1 1 1 1 0 1 0 1 0 1 1 0 1 0 1 0 0 0 0 0 0 1 0 1 1 0 1 0 0 1 1 0 1 1
 1 1 1 0 1 0 1 1 1 1 1 0 1 0 0 1 0 1 1 1 1 0 1 1 0 0 1 0 0 1 0 1 1 0 1 0 0
 1 1 0 0 1 1 0 1 0 0 1 0 1 1 0 0 1 1 0 1 1 1 1 1 1 0]
 Training accuracy at 12300 out of 20000 is 0.955(0.520),cost is 1.538(0.863)
[1 0 0 1 1 1 1 0 1 0 1 0 1 1 0 1 0 1 0 0 0 0 0 0 1 0 1 1 0 1 0 0 1 1 0 1 1
 1 1 1 0 1 0 1 1 1 1 1 0 1 0 0 1 0 1 1 1 1 0 1 1 0 0 1 0 0 1 0 1 1 0 1 0 0
 1 1 0 0 1 1 0 1 0 0 1 0 1 1 0 0 1 1 0 1 1 1 1 1 1 0]
 Training accuracy at 12400 out of 20000 is 0.957(0.520),cost is 1.519(0.865)
[1 0 0 1 1 1 1 0 1 0 1 0 1 1 0 1 0 1 0 0 0 0 0 0 1 0 1 1 0 1 0 0 1 1 0 1 1
 1 1 1 0 1 0 1 1 1 1 1 0 1 0 0 1 0 1 1 1 1 0 1 1 0 0 1 0 0 1 0 1 1 0 1 0 0
 1 1 0 0 1 1 0 1 0 0 1 0 1 1 0 0 1 1 0 1 1 1 1 1 1 0]
 Training accuracy at 12500 out of 20000 is 0.958(0.520),cost is 1.502(0.868)
[1 0 0 1 1 1 1 0 1 0 1 0 1 1 0 1 0 1 0 0 0 0 0 0 1 0 1 1 0 1 0 0 1 1 0 1 1
 1 1 1 0 1 0 1 1 1 1 1 0 1 0 0 1 0 1 1 1 1 0 1 1 1 0 1 0 0 1 0 1 1 0 1 0 0
 1 1 0 0 1 1 0 1 0 0 1 0 1 1 0 0 1 1 0 1 1 1 1 1 1 0]
 Training accuracy at 12600 out of 20000 is 0.963(0.510),cost is 1.482(0.874)
[1 0 0 1 1 1 1 0 1 0 1 0 1 1 0 0 0 1 0 0 0 0 0 0 1 0 1 1 0 1 0 0 1 1 0 1 1
 1 1 1 0 1 0 1 1 1 1 1 0 1 0 0 1 0 1 1 1 1 0 1 1 0 0 1 0 0 1 0 1 1 0 1 0 0
 1 1 0 0 1 1 0 1 0 0 1 0 1 1 0 0 1 1 0 1 1 1 1 1 1 0]
 Training accuracy at 12700 out of 20000 is 0.963(0.530),cost is 1.461(0.877)
[1 0 0 1 1 1 1 0 1 0 1 0 1 1 0 1 0 1 0 0 0 0 0 0 1 0 1 1 0 1 0 0 1 1 0 1 1
 1 1 1 0 1 0 1 1 1 1 1 0 1 0 0 1 0 1 1 1 1 0 1 1 1 0 1 0 0 1 0 1 1 0 1 0 0
 1 1 0 0 1 1 0 1 0 0 1 0 1 1 0 0 1 1 0 1 1 1 1 1 1 0]
 Training accuracy at 12800 out of 20000 is 0.963(0.510),cost is 1.444(0.876)
[1 0 0 1 1 1 1 0 1 0 1 0 1 1 0 1 0 1 0 0 0 0 0 0 1 0 1 1 0 1 0 0 1 1 0 1 1
 1 1 1 0 1 0 1 1 1 1 1 0 1 0 0 1 0 1 1 1 1 0 1 1 1 0 1 0 0 1 0 1 1 0 1 0 0
 1 1 0 0 1 1 0 1 0 0 1 0 1 1 0 0 1 1 0 1 1 1 1 1 1 0]
 Training accuracy at 12900 out of 20000 is 0.964(0.510),cost is 1.424(0.879)
[1 0 0 1 1 1 1 0 1 0 1 0 1 1 0 1 0 1 0 0 0 0 0 0 1 0 1 1 0 1 0 0 1 1 0 1 1
 1 1 1 0 1 0 1 1 1 1 1 0 1 0 0 1 0 1 1 1 1 0 1 1 1 0 1 0 0 1 0 1 1 0 1 0 0
 1 1 0 0 1 1 0 1 0 0 1 0 1 1 0 0 1 1 0 1 1 1 1 1 1 0]
 Training accuracy at 13000 out of 20000 is 0.963(0.510),cost is 1.402(0.884)
[1 0 0 1 1 1 1 0 0 0 1 0 1 1 0 1 0 1 0 0 0 0 0 0 1 0 1 1 0 1 0 0 1 1 0 1 1
 1 1 1 0 1 0 1 1 1 1 1 0 1 0 0 1 0 1 1 1 1 0 1 1 1 0 1 0 0 1 0 1 1 0 1 0 0
 1 1 0 0 1 1 0 1 0 0 1 0 1 1 0 0 1 1 0 1 1 1 1 1 1 0]
 Training accuracy at 13100 out of 20000 is 0.965(0.500),cost is 1.384(0.887)
[1 0 0 1 1 1 1 0 0 0 1 0 1 1 0 0 0 1 0 0 0 0 0 0 1 0 1 1 0 1 0 0 1 1 0 1 1
 1 1 1 0 1 0 1 1 1 1 1 0 1 0 0 1 0 1 1 1 1 0 1 1 1 0 1 0 0 1 0 1 1 0 1 0 0
 1 1 0 0 1 1 0 1 0 0 1 0 1 1 0 0 1 1 0 1 1 1 1 1 1 0]
 Training accuracy at 13200 out of 20000 is 0.967(0.510),cost is 1.363(0.890)
[1 0 0 1 1 1 1 0 0 0 1 0 1 1 0 1 0 1 0 0 0 0 0 0 1 0 1 1 0 1 0 0 1 1 0 1 1
 1 1 1 0 1 0 1 1 1 1 1 0 1 0 0 1 0 1 1 1 1 0 1 1 1 0 1 0 0 1 0 1 1 0 1 0 0
 1 1 0 0 1 1 0 1 0 0 1 0 1 1 0 0 1 1 0 1 1 1 1 1 1 0]
 Training accuracy at 13300 out of 20000 is 0.965(0.500),cost is 1.344(0.894)
[1 0 0 1 1 1 1 0 0 0 1 0 1 1 0 1 0 1 0 0 0 0 0 0 1 0 1 1 0 1 0 0 1 1 0 1 1
 1 1 1 0 1 0 1 1 1 1 1 0 1 0 0 1 0 1 1 1 1 0 1 1 1 0 1 0 0 1 0 1 1 0 1 0 0
 1 1 0 0 1 1 0 1 0 0 1 0 1 1 0 0 1 1 0 1 1 1 1 1 1 0]
 Training accuracy at 13400 out of 20000 is 0.967(0.500),cost is 1.326(0.903)
[1 0 0 1 1 1 1 0 0 0 1 0 1 1 0 0 0 1 0 0 0 0 0 0 1 0 1 1 0 1 0 0 1 1 0 1 1
 1 1 1 0 1 0 1 1 1 1 1 0 1 0 0 1 0 1 1 1 1 0 1 1 1 0 1 0 0 1 0 1 1 0 1 0 0
 1 1 0 0 1 1 0 1 0 0 1 0 1 1 0 0 1 1 0 1 1 1 1 1 1 0]
 Training accuracy at 13500 out of 20000 is 0.971(0.510),cost is 1.309(0.903)
[1 0 0 1 1 1 1 0 0 0 1 0 1 1 0 1 0 1 0 0 0 0 0 0 1 0 1 1 0 1 0 0 1 1 0 1 1
 1 1 1 0 1 0 1 1 1 1 1 0 1 0 0 1 0 1 1 1 1 0 0 1 1 0 1 0 0 1 0 1 1 0 1 0 0
 1 1 0 0 1 1 0 1 0 0 1 0 1 1 0 0 1 1 0 1 1 1 1 1 0 0]
 Training accuracy at 13600 out of 20000 is 0.973(0.500),cost is 1.291(0.905)
[1 0 0 1 1 1 1 0 0 0 1 0 1 1 0 0 0 1 0 0 0 0 0 0 1 0 1 1 0 1 0 0 1 1 0 1 1
 1 1 1 0 1 0 1 1 1 1 1 0 1 0 0 1 0 1 1 1 1 0 1 1 1 0 1 0 0 1 0 1 1 0 1 0 1
 1 1 0 0 1 1 0 1 0 0 1 0 1 1 0 0 1 1 0 1 1 1 1 1 0 0]
 Training accuracy at 13700 out of 20000 is 0.971(0.530),cost is 1.274(0.907)
[1 0 0 1 1 1 1 0 0 0 1 0 1 1 0 0 0 1 0 0 0 0 0 0 1 0 1 1 0 1 0 0 1 1 0 1 1
 1 1 1 0 1 0 1 1 1 1 1 0 1 0 0 1 0 1 1 1 1 0 0 1 1 0 1 0 0 1 0 1 1 0 1 0 1
 1 1 0 0 1 1 0 1 0 0 1 0 1 1 0 0 1 1 0 1 1 1 1 1 0 0]
 Training accuracy at 13800 out of 20000 is 0.973(0.520),cost is 1.257(0.909)
[1 0 0 1 1 1 1 0 0 0 1 0 1 1 0 0 0 1 0 0 0 0 0 0 1 0 1 1 0 1 0 0 1 1 0 1 1
 1 1 1 0 1 0 1 1 1 1 1 0 1 0 0 1 0 1 1 1 1 0 0 1 1 0 1 0 0 1 0 1 1 0 1 0 0
 1 1 0 0 1 1 0 1 0 0 1 0 1 1 0 0 1 1 0 1 1 1 1 1 0 0]
 Training accuracy at 13900 out of 20000 is 0.974(0.510),cost is 1.240(0.913)
[1 0 0 1 1 1 1 0 0 0 1 0 1 1 0 0 0 1 0 0 0 0 0 0 1 0 1 1 0 1 0 0 1 1 0 1 1
 1 1 1 0 1 0 1 1 1 1 1 0 1 0 0 1 0 1 1 1 1 0 0 1 1 0 1 0 0 1 0 0 1 0 1 0 0
 1 1 0 0 1 1 0 1 0 0 1 0 1 1 0 0 1 1 0 1 1 1 1 1 0 0]
 Training accuracy at 14000 out of 20000 is 0.976(0.500),cost is 1.220(0.918)
[1 0 0 1 1 1 1 0 0 0 1 0 1 1 0 1 0 1 0 0 0 0 0 0 1 0 1 1 0 1 0 0 1 1 0 1 1
 1 1 1 0 1 0 1 1 1 1 1 0 1 0 0 1 0 1 1 1 1 0 0 1 1 0 1 0 0 1 0 0 1 0 1 0 0
 1 1 0 0 1 1 0 1 0 0 1 0 1 1 0 0 1 1 0 1 1 1 1 1 1 0]
 Training accuracy at 14100 out of 20000 is 0.973(0.480),cost is 1.203(0.924)
[1 0 0 1 1 1 1 0 0 0 1 0 1 1 0 1 0 1 0 0 0 0 0 0 1 0 1 1 0 1 0 0 1 1 0 1 1
 1 1 1 0 1 0 1 1 1 1 1 0 1 0 0 1 0 1 1 1 1 0 0 1 1 0 1 0 0 1 0 0 1 0 1 0 0
 1 1 0 0 1 1 0 1 0 0 1 0 1 1 0 0 1 1 0 1 1 1 1 1 0 0]
 Training accuracy at 14200 out of 20000 is 0.973(0.490),cost is 1.188(0.926)
[1 0 0 1 1 1 1 0 0 0 1 0 1 1 0 1 0 1 0 0 0 0 0 0 1 0 1 1 0 1 0 0 1 1 0 1 1
 1 1 1 0 1 0 1 1 1 1 1 0 1 0 0 1 0 1 1 1 1 0 0 1 1 0 1 0 0 1 0 0 1 0 1 0 0
 1 1 0 0 1 1 0 1 0 0 1 0 1 1 0 0 1 1 0 1 1 1 1 1 0 0]
 Training accuracy at 14300 out of 20000 is 0.973(0.490),cost is 1.171(0.933)
[1 0 0 1 1 1 1 0 0 0 1 0 1 1 0 0 0 1 0 0 0 0 0 0 1 0 1 1 0 1 0 0 1 1 0 1 1
 1 1 1 0 1 0 1 1 1 1 1 0 1 0 0 1 0 1 1 1 1 0 0 1 1 0 1 0 0 1 0 0 1 0 1 0 0
 1 1 0 0 1 1 0 1 0 0 1 0 1 1 0 0 1 1 0 1 1 1 1 1 0 0]
 Training accuracy at 14400 out of 20000 is 0.974(0.500),cost is 1.152(0.936)
[1 0 0 1 1 1 1 0 1 0 1 0 1 1 0 0 0 1 0 0 0 0 0 0 1 0 1 1 0 1 0 0 1 1 0 1 1
 1 1 1 0 1 0 1 1 1 1 1 0 1 0 0 1 0 1 1 1 1 0 0 1 1 0 1 0 0 1 0 0 1 0 1 0 1
 1 1 0 0 1 1 0 1 0 0 1 0 1 1 0 0 1 1 0 1 1 1 1 1 0 0]
 Training accuracy at 14500 out of 20000 is 0.976(0.520),cost is 1.137(0.941)
[1 0 0 1 1 1 1 0 0 0 1 0 1 1 0 0 0 1 0 0 0 0 0 0 1 0 1 1 0 1 0 0 1 1 0 1 1
 1 1 1 0 1 0 1 1 1 1 1 0 1 0 0 1 0 1 1 1 1 0 0 1 1 0 1 0 0 1 0 0 1 0 1 0 1
 1 1 0 0 1 1 0 1 0 0 1 0 1 1 0 0 1 1 0 1 1 1 1 1 0 0]
 Training accuracy at 14600 out of 20000 is 0.978(0.510),cost is 1.125(0.945)
[1 0 0 1 1 1 1 0 1 0 1 0 1 1 0 0 0 1 0 0 0 0 0 0 1 0 1 1 0 1 0 0 1 1 0 1 1
 1 1 1 0 1 0 1 1 1 1 1 0 1 0 0 1 0 1 1 1 1 0 0 1 1 0 1 0 0 1 0 0 1 0 1 0 1
 1 1 0 0 1 1 0 1 0 0 1 0 1 1 0 0 1 1 0 1 1 1 1 1 0 0]
 Training accuracy at 14700 out of 20000 is 0.976(0.520),cost is 1.108(0.952)
[1 0 0 1 1 1 1 0 0 0 1 0 1 1 0 0 0 1 0 0 0 0 0 0 1 0 1 1 0 1 0 0 1 1 0 1 1
 1 1 1 0 0 0 1 1 1 1 1 0 0 0 0 1 0 1 1 1 1 0 0 1 1 0 1 0 0 1 0 0 1 0 1 0 1
 1 1 0 0 1 1 0 1 0 0 1 0 1 1 0 0 1 1 0 1 1 1 1 1 0 0]
 Training accuracy at 14800 out of 20000 is 0.977(0.510),cost is 1.088(0.955)
[1 0 0 1 1 1 1 0 0 0 1 0 1 1 0 1 0 1 0 0 1 0 0 0 1 0 1 1 0 1 0 0 1 1 0 1 1
 1 1 1 0 0 0 1 1 1 1 1 0 1 0 0 1 0 1 1 1 1 0 0 1 1 0 1 0 0 1 0 0 1 0 1 0 1
 1 1 0 0 1 1 0 1 0 0 1 0 1 1 0 0 1 1 0 1 1 1 1 1 0 0]
 Training accuracy at 14900 out of 20000 is 0.976(0.500),cost is 1.077(0.959)
[1 0 0 1 1 1 1 0 0 0 1 0 1 1 0 0 0 1 0 0 0 0 0 0 1 0 1 1 0 1 0 0 1 1 0 1 1
 1 1 1 0 0 0 1 1 1 1 1 0 1 0 0 1 0 1 1 1 1 0 0 1 1 0 1 0 0 1 0 0 1 0 1 0 0
 1 1 0 0 1 1 0 1 0 0 1 0 1 1 0 0 1 1 0 1 1 1 1 1 0 0]
 Training accuracy at 15000 out of 20000 is 0.980(0.490),cost is 1.060(0.960)
[1 0 0 1 1 1 1 0 0 0 1 0 1 1 0 0 0 1 0 0 0 0 0 0 1 0 1 1 0 1 0 0 1 1 0 1 1
 1 1 1 0 0 0 1 1 1 1 1 0 1 0 0 1 0 1 1 1 1 0 0 1 1 0 1 0 0 1 0 0 1 0 1 0 1
 1 1 0 0 1 1 0 1 0 0 1 0 1 1 0 0 1 1 0 1 1 1 1 1 0 0]
 Training accuracy at 15100 out of 20000 is 0.980(0.500),cost is 1.044(0.968)
[1 0 0 1 1 1 1 0 0 0 1 0 1 1 0 0 0 1 0 0 0 0 0 0 1 0 1 1 0 1 0 0 1 1 0 1 1
 1 1 1 0 0 0 1 1 1 1 1 0 1 0 0 1 0 1 1 1 1 0 0 1 1 0 1 0 0 1 0 0 1 0 1 0 0
 1 1 0 0 1 1 0 1 0 0 1 0 1 1 0 0 1 1 0 1 1 1 1 1 0 0]
 Training accuracy at 15200 out of 20000 is 0.981(0.490),cost is 1.029(0.972)
[1 0 0 1 1 1 1 0 0 0 1 0 1 1 0 0 0 1 0 0 0 0 0 0 1 0 1 1 0 1 0 0 1 1 0 1 1
 1 1 1 0 0 0 1 1 1 1 1 0 1 0 0 1 0 1 1 1 1 0 0 1 1 0 1 0 0 1 0 0 1 0 1 0 0
 1 1 0 0 1 1 0 1 0 0 1 0 1 1 0 0 1 1 0 1 1 1 1 1 0 0]
 Training accuracy at 15300 out of 20000 is 0.983(0.490),cost is 1.014(0.973)
[1 0 0 1 1 1 1 0 0 0 1 0 1 1 0 0 0 1 0 0 0 0 0 0 1 0 1 1 0 1 0 0 1 1 0 1 1
 1 1 1 0 1 0 1 1 1 1 1 0 1 0 0 1 0 1 1 1 1 0 0 1 1 0 1 0 0 1 0 0 1 0 1 0 0
 1 1 0 0 1 1 0 1 0 0 1 0 1 1 0 0 1 1 0 1 1 1 1 1 0 0]
 Training accuracy at 15400 out of 20000 is 0.983(0.500),cost is 0.999(0.977)
[1 0 0 1 1 1 1 0 0 0 1 0 1 1 0 0 0 1 0 0 0 0 0 0 1 0 1 1 0 1 0 0 1 1 0 1 1
 1 1 1 0 0 0 1 1 1 1 1 0 1 0 0 1 0 1 1 1 1 0 0 1 1 0 1 0 0 1 0 0 1 0 1 0 0
 1 1 0 0 1 1 0 1 0 0 1 0 1 1 0 0 1 1 0 1 1 1 1 1 0 0]
 Training accuracy at 15500 out of 20000 is 0.983(0.490),cost is 0.986(0.980)
[1 0 0 1 1 1 1 0 0 0 1 0 1 1 0 0 0 1 0 0 0 0 0 0 1 0 1 1 0 1 0 0 1 1 0 1 1
 1 1 1 0 0 0 1 1 1 1 1 0 1 0 0 1 0 1 1 1 1 0 0 1 1 0 1 0 0 1 0 0 1 0 1 0 1
 1 1 0 0 1 1 0 1 0 0 1 0 1 1 0 0 1 1 0 1 1 1 1 1 0 0]
 Training accuracy at 15600 out of 20000 is 0.983(0.500),cost is 0.972(0.988)
[1 0 0 1 1 1 1 0 0 0 1 0 1 1 0 0 0 1 0 0 0 0 0 0 1 0 1 1 0 1 0 0 1 1 0 1 1
 1 1 1 0 0 0 1 1 1 1 1 0 1 0 0 1 0 1 1 1 1 0 0 1 1 0 1 0 0 1 0 0 1 0 1 0 0
 1 1 0 0 1 1 0 1 0 0 1 0 1 1 0 0 1 1 0 1 1 1 1 1 0 0]
 Training accuracy at 15700 out of 20000 is 0.983(0.490),cost is 0.956(0.992)
[1 0 0 1 1 1 1 0 0 0 1 0 1 1 0 0 0 1 0 0 0 0 0 0 1 0 1 1 0 1 0 0 1 1 0 1 1
 1 1 1 0 0 0 1 1 1 1 1 0 1 0 0 1 0 1 1 1 1 0 0 1 1 0 1 0 0 1 0 0 1 0 1 0 0
 1 1 0 0 1 1 0 1 0 0 1 0 1 1 0 0 1 1 0 1 1 1 1 1 0 0]
 Training accuracy at 15800 out of 20000 is 0.983(0.490),cost is 0.942(0.997)
[1 0 0 1 1 1 1 0 0 0 1 0 1 1 0 0 0 1 0 0 0 0 0 0 1 0 1 1 0 1 0 0 1 1 0 1 1
 1 1 1 0 0 0 1 1 1 1 1 0 1 0 0 1 0 1 1 1 1 0 0 1 1 0 1 0 0 1 0 0 1 0 1 0 1
 1 1 0 0 1 1 0 1 0 0 1 0 1 1 0 0 1 1 0 1 1 1 1 1 0 0]
 Training accuracy at 15900 out of 20000 is 0.983(0.500),cost is 0.930(0.995)
[1 0 0 1 1 1 1 0 0 0 1 0 1 1 0 0 0 1 0 0 0 0 0 0 1 0 1 1 0 1 0 0 1 1 0 1 1
 1 1 1 0 0 0 1 1 1 1 1 0 1 0 0 1 0 1 1 1 1 0 0 1 1 0 1 0 0 1 0 0 1 0 1 0 0
 1 1 0 0 1 1 0 1 0 0 1 0 1 1 0 0 1 1 0 1 1 1 1 1 0 0]
 Training accuracy at 16000 out of 20000 is 0.983(0.490),cost is 0.915(1.001)
[1 0 0 1 1 1 1 0 0 0 1 0 1 1 0 0 0 1 0 0 0 0 0 0 1 0 1 1 0 1 0 0 1 1 0 1 1
 1 1 1 0 0 0 1 1 1 1 1 0 1 0 0 1 0 1 1 1 1 0 0 1 1 0 1 0 0 1 0 0 1 0 1 0 0
 1 1 0 0 1 1 0 1 0 0 1 0 1 1 0 0 1 1 0 1 1 1 1 1 0 0]
 Training accuracy at 16100 out of 20000 is 0.984(0.490),cost is 0.899(1.008)
[1 0 0 1 1 1 1 0 0 0 1 0 1 1 0 0 0 1 0 0 0 0 0 0 1 0 1 1 0 1 0 0 1 1 0 1 1
 1 1 1 0 0 0 1 1 1 1 1 0 0 0 0 1 0 1 1 1 1 0 0 1 1 0 1 0 0 1 0 0 1 0 1 1 0
 1 1 0 0 1 1 0 1 0 0 1 0 1 1 0 0 1 1 0 1 1 1 1 1 0 0]
 Training accuracy at 16200 out of 20000 is 0.986(0.490),cost is 0.887(1.019)
[1 0 0 1 1 1 1 0 0 0 1 0 1 1 0 0 0 1 0 0 0 0 0 0 1 0 1 1 0 1 0 0 1 1 0 1 1
 1 1 1 0 0 0 1 1 1 1 1 0 1 0 0 1 0 1 1 1 1 0 0 1 1 0 1 0 0 1 0 0 1 0 1 0 0
 1 1 0 0 1 1 0 1 0 0 1 0 1 1 0 0 1 1 0 1 1 1 1 1 0 0]
 Training accuracy at 16300 out of 20000 is 0.986(0.490),cost is 0.872(1.021)
[1 0 0 1 1 1 1 0 0 0 1 0 1 1 0 0 0 1 0 0 0 0 0 0 1 0 1 1 0 1 0 0 1 1 0 1 1
 1 1 1 0 0 0 1 1 1 1 1 0 1 0 0 1 0 1 1 1 1 0 0 1 1 0 1 0 0 1 0 0 1 0 1 0 0
 1 1 0 0 1 1 0 1 0 0 1 0 1 1 0 0 1 1 0 1 1 1 1 1 0 0]
 Training accuracy at 16400 out of 20000 is 0.986(0.490),cost is 0.862(1.023)
[1 0 0 1 1 1 1 0 0 0 1 0 1 1 0 0 0 1 0 0 0 0 0 0 1 0 1 1 0 1 0 0 1 1 0 1 1
 1 1 1 0 0 0 1 1 1 1 1 0 1 0 0 1 0 1 1 1 1 0 0 1 1 0 1 0 0 1 0 0 1 0 1 0 0
 1 1 0 0 1 1 0 1 0 0 1 0 1 1 0 0 1 1 0 1 1 1 1 1 0 0]
 Training accuracy at 16500 out of 20000 is 0.986(0.490),cost is 0.847(1.022)
[1 0 0 1 1 1 1 0 0 0 1 0 1 1 0 0 0 1 0 0 0 0 0 0 1 0 1 1 0 1 0 0 1 1 0 1 1
 1 1 1 0 0 0 1 1 1 1 1 0 0 0 0 1 0 1 1 1 1 0 0 1 1 0 1 0 0 1 0 0 1 0 1 0 1
 1 1 0 0 1 1 0 1 0 0 1 0 1 1 0 0 1 1 0 1 1 1 1 1 0 0]
 Training accuracy at 16600 out of 20000 is 0.986(0.510),cost is 0.834(1.031)
[1 0 0 1 1 1 1 0 0 0 1 0 1 1 0 0 0 1 0 0 0 0 0 0 1 0 1 1 0 1 0 0 1 1 0 1 1
 1 1 1 0 0 0 1 1 1 1 1 0 0 0 0 1 0 1 1 1 1 0 0 1 1 0 1 0 0 1 0 0 1 0 1 0 1
 1 1 0 0 1 1 0 1 0 0 1 0 1 1 0 0 1 1 0 1 1 1 1 1 0 0]
 Training accuracy at 16700 out of 20000 is 0.987(0.510),cost is 0.821(1.037)
[1 0 0 1 1 1 1 0 0 0 1 0 1 1 0 0 0 1 0 0 0 0 0 0 1 0 1 1 0 1 0 0 1 1 0 1 1
 1 1 1 0 0 0 1 1 1 1 1 0 1 0 0 1 0 1 1 1 1 0 0 1 1 0 1 0 0 1 0 0 1 0 1 0 1
 1 1 0 0 1 1 0 1 0 0 1 0 1 1 0 0 1 1 0 1 1 1 1 1 0 0]
 Training accuracy at 16800 out of 20000 is 0.987(0.500),cost is 0.809(1.045)
[1 0 0 1 1 1 1 0 0 0 1 0 1 1 0 0 0 1 0 0 0 0 0 0 1 0 1 1 0 1 0 0 1 1 0 1 1
 1 1 1 0 0 0 1 1 1 1 1 0 1 0 0 1 0 1 1 1 1 0 0 1 1 0 1 0 0 1 0 0 1 0 1 0 0
 1 1 0 0 1 1 0 1 0 0 1 0 1 1 0 0 1 1 0 1 1 1 1 1 0 0]
 Training accuracy at 16900 out of 20000 is 0.987(0.490),cost is 0.797(1.046)
[1 0 0 1 1 1 1 0 0 0 1 0 1 1 0 0 0 1 0 0 0 0 0 0 1 0 1 1 0 1 0 0 0 1 0 1 1
 1 1 1 0 0 0 1 1 1 1 1 0 1 0 0 1 0 1 1 1 1 0 0 1 1 0 1 0 0 1 0 0 1 0 1 0 0
 1 1 0 0 1 1 0 1 0 0 1 0 1 1 0 0 1 1 0 1 1 1 1 1 0 0]
 Training accuracy at 17000 out of 20000 is 0.987(0.500),cost is 0.784(1.048)
[1 0 0 1 1 1 1 0 0 0 1 0 1 1 0 0 0 1 0 0 0 0 0 0 1 0 1 1 0 1 0 0 1 1 0 1 1
 1 1 1 0 0 0 1 1 1 1 1 0 1 0 0 1 0 1 1 1 1 0 0 1 1 0 1 0 0 1 0 0 1 0 1 0 0
 1 1 0 0 1 1 0 1 0 0 1 0 1 1 0 0 1 1 0 1 1 1 1 1 0 0]
 Training accuracy at 17100 out of 20000 is 0.987(0.490),cost is 0.774(1.057)
[1 0 0 1 1 1 1 0 0 0 1 0 1 1 0 0 0 1 0 0 0 0 0 0 1 0 1 1 0 1 0 0 1 1 0 1 1
 1 1 1 0 0 0 1 1 1 1 1 0 1 0 0 1 0 1 1 1 1 0 0 1 1 0 1 0 0 1 0 0 1 0 1 0 1
 1 1 0 0 1 1 0 1 0 0 1 0 1 1 0 0 1 1 0 1 1 1 1 1 0 0]
 Training accuracy at 17200 out of 20000 is 0.988(0.500),cost is 0.760(1.063)
[1 0 0 1 1 1 1 0 0 0 1 0 1 1 0 1 0 1 0 0 0 0 0 0 1 0 1 1 0 1 0 0 1 1 0 1 1
 1 1 1 0 0 0 1 1 1 1 1 0 1 0 0 1 0 1 1 1 1 0 0 1 1 0 1 0 0 1 0 0 1 0 1 0 1
 1 1 0 0 1 1 0 1 0 0 1 0 1 1 0 0 1 1 0 1 1 1 1 1 0 0]
 Training accuracy at 17300 out of 20000 is 0.988(0.490),cost is 0.749(1.065)
[1 0 0 1 1 1 1 0 0 0 1 0 1 1 0 0 0 1 0 0 0 0 0 0 1 0 1 1 0 1 0 0 1 1 0 1 1
 1 1 1 0 0 0 1 1 1 1 1 0 0 0 0 1 0 1 1 1 1 0 0 1 1 0 1 0 0 1 0 0 1 0 1 0 0
 1 1 0 0 1 1 0 1 0 0 1 0 1 1 0 0 1 1 0 1 1 1 1 1 0 0]
 Training accuracy at 17400 out of 20000 is 0.988(0.500),cost is 0.737(1.070)
[1 0 0 1 1 1 1 0 0 0 1 0 1 1 0 0 0 1 0 0 0 0 0 0 1 0 1 1 0 1 0 0 0 1 0 1 1
 1 1 1 0 0 0 1 1 1 1 1 0 0 0 0 1 0 1 1 1 1 0 0 1 1 0 1 0 0 1 0 0 1 0 1 0 0
 1 1 0 0 1 1 0 1 0 0 1 0 1 1 0 0 1 1 0 1 1 1 1 1 0 0]
 Training accuracy at 17500 out of 20000 is 0.988(0.510),cost is 0.723(1.074)
[1 0 0 1 1 1 1 0 0 0 1 0 1 1 0 0 0 1 0 0 0 0 0 0 1 0 1 1 0 1 0 0 1 1 0 1 1
 1 1 1 0 0 0 1 1 1 1 1 0 0 0 0 1 0 1 1 1 1 0 0 1 1 0 1 0 0 1 0 0 1 0 1 0 0
 1 1 0 0 1 1 0 1 0 0 1 0 1 1 0 0 1 1 0 1 1 1 1 1 0 0]
 Training accuracy at 17600 out of 20000 is 0.993(0.500),cost is 0.713(1.080)
[1 0 0 1 1 1 1 0 0 0 1 0 1 1 0 0 0 1 0 0 0 0 0 0 1 0 1 1 0 1 0 0 1 1 0 1 1
 1 1 1 0 0 0 1 1 1 1 1 0 0 0 0 1 0 1 1 1 1 0 0 1 1 0 1 0 0 1 0 0 1 0 1 0 0
 1 1 0 0 1 1 0 1 0 0 1 0 1 1 0 0 1 1 0 1 1 1 1 1 0 0]
 Training accuracy at 17700 out of 20000 is 0.991(0.500),cost is 0.703(1.086)
[1 0 0 1 1 1 1 0 0 0 1 0 1 1 0 0 0 1 0 0 0 0 0 0 1 0 1 1 0 1 0 0 0 1 0 1 1
 1 1 1 0 0 0 1 1 1 1 1 0 0 0 0 1 0 1 1 1 1 0 0 1 1 0 1 0 0 1 0 0 1 0 1 1 0
 1 1 0 0 1 1 0 1 1 0 1 0 1 1 0 0 1 1 0 1 1 1 1 1 0 0]
 Training accuracy at 17800 out of 20000 is 0.994(0.490),cost is 0.691(1.094)
[1 0 0 1 1 1 1 0 0 0 1 0 1 1 0 0 0 1 0 0 0 0 0 0 1 0 1 1 0 1 0 0 0 1 0 1 1
 1 1 1 0 0 0 1 1 1 1 1 0 0 0 0 1 0 1 1 1 1 0 0 1 1 0 1 0 0 1 0 0 1 0 1 0 1
 1 1 0 0 1 1 0 1 1 0 1 0 1 1 0 0 1 1 0 1 1 1 1 1 0 0]
 Training accuracy at 17900 out of 20000 is 0.994(0.510),cost is 0.680(1.096)
[1 0 0 1 1 1 1 0 0 0 1 0 1 1 0 0 0 1 0 0 0 0 0 0 1 0 1 1 0 1 0 0 0 1 0 1 1
 1 1 1 0 0 0 1 1 1 1 1 0 0 0 0 1 0 1 1 1 1 0 0 1 1 0 1 0 0 1 0 0 1 0 1 1 1
 1 1 0 0 1 1 0 1 1 0 1 0 1 1 0 0 1 1 0 1 1 1 1 1 0 0]
 Training accuracy at 18000 out of 20000 is 0.996(0.500),cost is 0.670(1.103)
[1 0 0 1 1 1 1 0 0 0 1 0 1 1 0 0 0 1 0 0 0 0 0 0 1 0 1 1 0 1 0 0 0 1 0 1 1
 1 1 1 0 0 0 1 1 1 1 1 0 0 0 0 1 0 1 1 1 1 0 0 1 1 0 1 0 0 1 0 0 1 0 1 1 0
 1 1 0 0 1 1 0 1 1 0 1 0 1 1 0 0 1 1 0 1 1 1 1 1 0 0]
 Training accuracy at 18100 out of 20000 is 0.996(0.490),cost is 0.657(1.107)
[1 0 0 1 1 1 1 0 0 0 1 0 1 1 0 0 0 1 0 0 0 0 0 0 1 0 1 1 0 1 0 0 0 1 0 1 1
 1 1 1 0 0 0 1 1 1 1 1 0 0 0 0 1 0 1 1 1 1 0 0 1 1 0 1 0 0 1 0 0 1 0 1 1 0
 1 1 0 0 1 1 0 1 1 0 1 0 1 1 0 0 1 1 0 1 1 1 1 1 0 0]
 Training accuracy at 18200 out of 20000 is 0.996(0.490),cost is 0.648(1.113)
[1 0 0 1 1 1 1 0 0 0 1 0 1 1 0 0 0 1 0 0 0 0 0 0 1 0 1 1 0 1 0 0 0 1 0 1 1
 1 1 1 0 0 0 1 1 1 1 1 0 0 0 0 1 0 1 1 1 1 0 0 1 1 0 1 0 0 1 0 0 1 0 1 1 0
 1 1 0 0 1 1 0 1 1 0 1 0 1 1 0 0 1 1 0 1 1 1 1 1 0 0]
 Training accuracy at 18300 out of 20000 is 0.996(0.490),cost is 0.640(1.121)
[1 0 0 1 1 1 1 0 0 0 1 0 1 1 0 0 0 1 0 0 0 0 0 0 1 0 1 1 0 1 0 0 0 1 0 1 1
 1 1 1 0 0 0 1 1 1 1 1 0 0 0 0 1 0 1 1 1 1 0 0 1 1 0 1 0 0 1 0 0 1 0 1 1 0
 1 1 0 0 1 1 0 1 1 0 1 0 1 1 0 0 1 1 0 1 1 1 1 1 0 0]
 Training accuracy at 18400 out of 20000 is 0.997(0.490),cost is 0.629(1.115)
[1 0 0 1 1 1 1 0 0 0 1 0 1 1 0 0 0 1 0 0 0 0 0 0 1 0 1 1 0 1 0 0 0 1 0 1 1
 1 1 1 0 0 0 1 1 1 1 1 0 0 0 0 1 0 1 1 1 1 0 0 1 1 0 1 0 0 1 0 0 1 0 1 1 0
 1 1 0 0 1 1 0 1 1 0 1 0 1 1 0 0 1 1 0 1 1 1 1 1 0 0]
 Training accuracy at 18500 out of 20000 is 0.997(0.490),cost is 0.619(1.131)
[1 0 0 1 1 1 1 0 0 0 1 0 1 1 0 0 0 1 0 0 0 0 0 0 1 0 1 1 0 1 0 0 0 1 0 1 1
 1 1 1 0 0 0 1 1 1 1 1 0 0 0 0 1 0 1 1 1 1 0 0 1 1 0 1 0 0 1 0 0 1 0 1 1 0
 1 1 0 0 1 1 0 1 1 0 1 0 1 1 0 0 1 1 0 1 1 1 1 1 0 0]
 Training accuracy at 18600 out of 20000 is 0.997(0.490),cost is 0.610(1.136)
[1 0 0 1 1 1 1 0 0 0 1 0 1 1 0 0 0 1 0 0 0 0 0 0 1 0 1 1 0 1 0 0 0 1 0 1 1
 1 1 1 0 0 0 1 1 1 1 1 0 0 0 0 1 0 1 1 1 1 0 0 1 1 0 1 0 0 1 0 0 1 0 1 1 0
 1 1 0 0 1 1 0 1 1 0 1 0 1 1 0 0 1 1 0 1 1 1 1 1 0 0]
 Training accuracy at 18700 out of 20000 is 0.997(0.490),cost is 0.598(1.143)
[1 0 0 1 0 1 1 0 0 0 1 0 1 1 0 0 0 1 0 0 0 0 0 0 1 0 1 1 0 1 0 0 0 1 0 1 1
 1 1 1 0 0 0 1 1 1 1 1 0 0 0 0 1 0 1 1 1 1 0 0 1 1 0 1 0 0 1 0 0 1 0 1 1 0
 1 1 0 0 1 1 0 1 1 0 1 0 1 1 0 0 1 1 0 1 1 1 1 1 0 0]
 Training accuracy at 18800 out of 20000 is 0.999(0.500),cost is 0.589(1.147)
[1 0 0 1 0 1 1 0 0 0 1 0 1 1 0 0 0 1 0 0 0 0 0 0 1 0 1 1 0 1 0 0 0 1 0 1 1
 1 1 1 0 0 0 1 1 1 1 1 0 0 0 0 1 0 1 1 1 1 0 0 1 1 0 1 0 0 1 0 0 1 0 1 1 0
 1 1 0 0 1 1 0 1 1 0 1 0 1 1 0 0 1 1 0 1 1 1 1 1 0 0]
 Training accuracy at 18900 out of 20000 is 0.997(0.500),cost is 0.581(1.153)
[1 0 0 1 1 1 1 0 1 0 1 0 1 1 0 1 0 1 0 0 0 0 0 0 1 0 1 1 0 1 0 0 0 1 0 1 1
 1 1 1 0 0 0 1 1 1 1 1 0 0 0 0 1 0 1 1 1 1 0 0 1 1 0 1 0 0 1 0 0 1 0 1 1 0
 1 1 0 0 1 1 0 1 1 0 1 0 1 1 0 0 1 1 0 1 1 1 1 1 0 0]
 Training accuracy at 19000 out of 20000 is 0.999(0.490),cost is 0.573(1.157)
[1 0 0 1 0 1 1 0 0 0 1 0 1 1 0 1 0 1 0 0 0 0 0 0 1 0 1 1 0 1 0 0 0 1 0 1 1
 1 1 1 0 0 0 1 1 1 1 1 0 0 0 0 1 0 1 1 1 1 0 0 1 1 0 1 0 0 1 0 0 1 0 1 1 0
 1 1 0 0 1 1 0 1 1 0 1 0 1 1 0 0 1 1 0 1 1 1 1 1 0 0]
 Training accuracy at 19100 out of 20000 is 0.999(0.490),cost is 0.562(1.159)
[1 0 0 1 0 1 1 0 0 0 1 0 1 1 0 0 0 1 0 0 0 0 0 0 1 0 1 1 0 1 0 0 0 1 0 1 1
 1 1 1 0 0 0 1 1 1 1 1 0 0 0 0 1 0 1 1 1 1 0 0 1 1 0 1 0 0 1 0 0 1 0 1 1 0
 1 1 0 0 1 1 0 1 1 0 1 0 1 1 0 0 1 1 0 1 1 1 1 1 0 0]
 Training accuracy at 19200 out of 20000 is 0.999(0.500),cost is 0.551(1.169)
[1 0 0 1 0 1 1 0 0 0 1 0 1 1 0 0 0 1 0 0 0 0 0 0 1 0 1 1 0 1 0 0 0 1 0 1 1
 1 1 1 0 0 0 1 1 1 1 1 0 0 0 0 1 0 1 1 1 1 0 0 1 1 0 1 0 0 1 0 0 1 0 1 1 0
 1 1 0 0 1 1 0 1 1 0 1 0 1 1 0 0 1 1 0 1 1 1 1 1 0 0]
 Training accuracy at 19300 out of 20000 is 0.999(0.500),cost is 0.542(1.171)
[1 0 0 1 0 1 1 0 0 0 1 0 1 1 0 0 0 1 0 0 0 0 0 0 1 0 1 1 0 1 0 0 0 1 0 1 1
 1 1 1 0 0 0 1 1 1 1 1 0 0 0 0 1 0 1 1 1 1 0 0 1 1 0 1 0 0 1 0 0 1 0 1 1 0
 1 1 0 0 1 1 0 1 1 0 1 0 1 1 0 0 1 1 0 1 1 1 1 1 0 0]
 Training accuracy at 19400 out of 20000 is 1.000(0.500),cost is 0.536(1.174)
[1 0 0 1 0 1 1 0 0 0 1 0 1 1 0 0 0 1 0 0 0 0 0 0 1 0 1 1 0 1 0 0 0 1 0 1 1
 1 1 1 0 0 0 1 1 1 1 1 0 0 0 0 1 0 1 1 1 1 0 0 1 1 0 1 0 0 1 0 0 1 0 1 1 0
 1 1 0 0 1 1 0 1 1 0 1 0 1 1 0 0 1 1 0 1 1 1 1 1 0 0]
 Training accuracy at 19500 out of 20000 is 0.999(0.500),cost is 0.526(1.181)
[1 0 0 1 0 1 1 0 0 0 1 0 1 1 0 0 0 1 0 0 0 0 0 0 1 0 1 1 0 1 0 0 0 1 0 1 1
 1 1 1 0 0 0 1 1 1 1 1 0 0 0 0 1 0 1 1 1 1 0 0 1 1 0 1 0 0 1 0 0 1 0 1 1 0
 1 1 0 0 1 1 0 1 1 0 1 0 1 1 0 0 1 1 0 1 1 1 1 1 0 0]
 Training accuracy at 19600 out of 20000 is 0.999(0.500),cost is 0.519(1.189)
[1 0 0 1 0 1 1 0 0 0 1 0 1 1 0 0 0 1 0 0 0 0 0 0 1 0 1 1 0 1 0 0 0 1 0 1 1
 1 1 1 0 0 0 1 1 1 1 1 0 0 0 0 1 0 1 1 1 1 0 0 1 1 0 1 0 0 1 0 0 1 0 1 1 0
 1 1 0 0 1 1 0 1 1 0 1 0 1 1 0 0 1 1 0 1 1 1 1 1 0 0]
 Training accuracy at 19700 out of 20000 is 0.999(0.500),cost is 0.510(1.189)
[1 0 0 1 0 1 1 0 0 0 1 0 1 1 0 0 0 1 0 0 0 0 0 0 1 0 1 1 0 1 0 0 0 1 0 1 1
 1 1 1 0 0 0 1 1 1 1 1 0 0 0 0 1 0 1 1 1 1 0 0 1 1 0 1 0 0 1 0 0 1 0 1 1 0
 1 1 0 0 1 1 0 1 1 0 1 0 1 1 0 0 1 1 0 1 1 1 1 1 0 0]
 Training accuracy at 19800 out of 20000 is 0.999(0.500),cost is 0.502(1.201)
[1 0 0 1 0 1 1 0 0 0 1 0 1 1 0 1 0 1 0 0 0 0 0 0 1 0 1 1 0 1 0 0 0 1 0 1 1
 1 1 1 0 0 0 1 1 1 1 1 0 0 0 0 1 0 1 1 1 1 0 0 1 1 0 1 0 0 1 0 0 1 0 1 1 0
 1 1 0 0 1 1 0 1 1 0 1 0 1 1 0 0 1 1 0 1 1 1 1 1 0 0]
 Training accuracy at 19900 out of 20000 is 1.000(0.490),cost is 0.494(1.201)
pred real
2    1
1    2
1    2
2    2
1    1
2    2
2    2
1    1
1    2
1    2
2    1
1    1
2    1
2    2
1    2
1    1
1    1
2    2
1    1
1    1
1    2
1    2
1    2
1    2
2    1
1    1
2    1
2    1
1    2
2    1
1    1
1    1
1    1
2    1
1    2
2    2
2    1
2    1
2    1
2    1
1    1
1    2
1    1
2    1
2    2
2    2
2    1
2    2
1    1
1    1
1    2
1    1
2    1
1    1
2    1
2    1
2    2
2    2
1    2
1    2
2    1
2    1
1    1
2    1
1    1
1    1
2    2
1    2
1    2
2    2
1    1
2    1
2    1
1    2
2    2
2    2
1    1
1    2
2    1
2    1
1    1
2    2
2    1
1    2
2    2
1    2
2    2
2    2
1    1
1    2
2    1
2    2
1    2
2    2
2    2
2    2
2    2
2    2
1    1
1    2
time:0 The accuracy on the test data is 0.500, before training was 0.470
0.5
