Train 5911 samples in approximately 507 epochs
Finished computation graph
[0 0 0 0 0 0 0 0 0 0 0 0 0 0 0 0 0 0 0 0 0 0 0 0 0 0 0 0 0 0 0 0 0 0 0 0 0
 0 0 0 0 0 0 0 0 0 0 0 0 0 0 0 0 0 0 0 0 0 0 0 0 0 0 0 0 0 0 0 0 0 0 0 0 0
 0 0 0 0 0 0 0 0 0 0 0 0 0 0 0 0 0 0 0 0 0 0 0 0 0 0]
At     1/30000: COST 0.806/0.746(0.697) -- Acc 0.540/0.510(0.010)
[0 0 0 0 0 0 0 0 0 0 0 0 0 0 0 0 0 0 0 0 0 0 0 0 0 0 0 0 0 0 0 0 0 0 0 0 0
 0 0 0 0 0 0 0 0 0 0 0 0 0 0 0 0 0 0 0 0 0 0 0 0 0 0 0 0 0 0 0 0 0 0 0 0 0
 0 0 0 0 0 0 0 0 0 0 0 0 0 0 0 0 0 0 0 0 0 0 0 0 0 0]
At   101/30000: COST 0.712/0.692(0.700) -- Acc 0.510/0.510(0.335)
[0 0 0 0 0 0 0 0 0 0 0 0 0 0 0 0 0 0 0 0 0 0 0 0 0 0 0 0 0 0 0 0 0 0 0 0 0
 0 0 0 0 0 0 0 0 0 0 0 0 0 0 0 0 0 0 0 0 0 0 0 0 0 0 0 0 0 0 0 0 0 0 0 0 0
 0 0 0 0 0 0 0 0 0 0 0 0 0 0 0 0 0 0 0 0 0 0 0 0 0 0]
At   201/30000: COST 0.684/0.704(0.698) -- Acc 0.600/0.510(0.447)
[0 0 0 0 0 0 0 0 0 0 0 0 0 0 0 0 0 0 0 0 0 0 0 0 0 0 0 0 0 0 0 0 0 0 0 0 0
 0 0 0 0 0 0 0 0 0 0 0 0 0 0 0 0 0 0 0 0 0 0 0 0 0 0 0 0 0 0 0 0 0 0 0 0 0
 0 0 0 0 0 0 0 0 0 0 0 0 0 0 0 0 0 0 0 0 0 0 0 0 0 0]
At   301/30000: COST 0.707/0.694(0.697) -- Acc 0.510/0.510(0.490)
[0 0 0 0 0 0 0 0 0 0 0 0 0 0 0 0 0 0 0 0 0 0 0 0 0 0 0 0 0 0 0 0 0 0 0 0 0
 0 0 0 0 0 0 0 0 0 0 0 0 0 0 0 0 0 0 0 0 0 0 0 0 0 0 0 0 0 0 0 0 0 0 0 0 0
 0 0 0 0 0 0 0 0 0 0 0 0 0 0 0 0 0 0 0 0 0 0 0 0 0 0]
At   401/30000: COST 0.699/0.693(0.696) -- Acc 0.470/0.510(0.500)
[0 0 0 0 0 0 0 0 0 0 0 0 0 0 0 0 0 0 0 0 0 0 0 0 0 0 0 0 0 0 0 0 0 0 0 0 0
 0 0 0 0 0 0 0 0 0 0 0 0 0 0 0 0 0 0 0 0 0 0 0 0 0 0 0 0 0 0 0 0 0 0 0 0 0
 0 0 0 0 0 0 0 0 0 0 0 0 0 0 0 0 0 0 0 0 0 0 0 0 0 0]
At   501/30000: COST 0.686/0.689(0.695) -- Acc 0.550/0.510(0.511)
[0 0 0 0 0 0 0 0 0 0 0 0 0 0 0 0 0 0 0 0 0 0 0 0 0 0 0 0 0 0 0 0 0 0 0 0 0
 0 0 0 0 0 0 0 0 0 0 0 0 0 0 0 0 0 0 0 0 0 0 0 0 0 0 0 0 0 0 0 0 0 0 0 0 0
 0 0 0 0 0 0 0 0 0 0 0 0 0 0 0 0 0 0 0 0 0 0 0 0 0 0]
At   601/30000: COST 0.695/0.691(0.695) -- Acc 0.490/0.510(0.510)
[0 0 0 0 0 0 0 0 0 0 0 0 0 0 0 0 0 0 0 0 0 0 0 0 0 0 0 0 0 0 0 0 0 0 0 0 0
 0 0 0 0 0 0 0 0 0 0 0 0 0 0 0 0 0 0 0 0 0 0 0 0 0 0 0 0 0 0 0 0 0 0 0 0 0
 0 0 0 0 0 0 0 0 0 0 0 0 0 0 0 0 0 0 0 0 0 0 0 0 0 0]
At   701/30000: COST 0.695/0.690(0.693) -- Acc 0.540/0.510(0.522)
[0 1 0 0 1 0 1 1 0 1 1 1 1 0 1 0 0 0 0 1 0 1 1 0 1 0 1 0 1 0 1 0 1 0 1 0 1
 1 1 0 1 1 1 0 1 1 1 1 1 0 1 1 0 1 1 0 0 0 0 1 0 1 1 1 1 1 0 1 1 1 1 0 1 1
 0 1 0 1 0 1 0 1 0 1 1 1 0 0 1 0 1 1 1 0 0 1 1 1 1 0]
At   801/30000: COST 0.681/0.683(0.692) -- Acc 0.540/0.590(0.525)
[1 1 1 1 1 1 1 1 1 1 1 1 1 1 1 1 1 1 1 1 1 1 1 1 1 1 1 1 1 1 1 1 1 1 1 1 1
 1 1 1 1 1 1 1 1 1 1 1 1 1 1 1 1 1 1 1 1 1 1 1 1 1 1 1 1 1 1 1 1 1 1 1 1 1
 1 1 1 1 1 1 1 1 1 1 1 1 1 1 1 1 1 1 1 1 1 1 1 1 1 1]
At   901/30000: COST 0.713/0.693(0.694) -- Acc 0.460/0.490(0.514)
[1 0 0 0 0 0 0 0 0 0 0 0 0 0 1 0 0 1 1 0 1 0 1 0 0 0 0 1 1 0 1 1 0 0 1 0 1
 1 1 0 1 0 0 0 0 0 0 0 0 0 0 1 0 0 0 0 0 0 1 1 1 0 0 0 0 0 0 0 0 0 0 0 0 0
 1 1 0 0 0 0 0 1 1 0 0 0 0 0 0 0 0 0 1 0 1 0 0 0 0 0]
At  1001/30000: COST 0.694/0.682(0.695) -- Acc 0.490/0.600(0.516)
[0 0 0 0 0 0 0 0 0 0 0 0 0 0 0 0 0 0 0 0 0 0 0 0 0 0 0 0 0 0 0 0 0 0 0 0 0
 0 0 0 0 0 0 0 0 0 0 0 0 0 0 0 0 0 0 0 0 0 0 0 0 0 0 0 0 0 0 0 0 0 0 0 0 0
 0 0 0 0 0 0 0 0 0 0 0 0 0 0 0 0 0 0 0 0 0 0 0 0 0 0]
At  1101/30000: COST 0.707/0.695(0.693) -- Acc 0.430/0.510(0.520)
[0 0 0 0 0 0 0 0 0 0 0 0 0 0 0 0 0 0 0 0 0 0 0 0 0 0 0 0 0 0 0 0 0 0 0 0 0
 0 0 0 0 0 0 0 0 0 0 0 0 0 0 0 0 0 0 0 0 0 0 0 0 0 0 0 0 0 0 0 0 0 0 0 0 0
 0 0 0 0 0 0 0 0 0 0 0 0 0 0 0 0 0 0 0 1 0 0 0 0 0 0]
At  1201/30000: COST 0.683/0.692(0.693) -- Acc 0.620/0.520(0.512)
[0 0 0 0 1 0 1 0 0 0 0 0 0 0 0 0 0 0 1 0 0 0 1 0 0 0 1 1 0 0 0 0 0 0 0 0 0
 1 0 1 0 0 1 0 0 0 0 0 1 1 0 1 0 1 0 0 0 0 0 0 0 1 0 1 0 0 0 0 0 1 1 0 0 1
 1 0 1 1 0 0 0 0 0 0 1 0 0 0 0 0 1 0 0 1 0 1 0 0 0 1]
At  1301/30000: COST 0.692/0.688(0.693) -- Acc 0.520/0.590(0.519)
[1 1 1 1 0 1 1 0 1 0 0 1 1 0 1 1 1 1 0 0 1 0 1 0 1 0 0 1 1 0 1 1 1 0 1 1 0
 1 1 0 1 1 0 1 1 0 0 0 1 0 1 0 1 0 1 1 1 0 1 1 0 0 1 0 0 0 1 1 1 1 0 1 1 0
 1 0 0 0 0 1 1 0 1 1 0 0 1 0 1 0 0 1 1 0 1 1 1 0 1 0]
At  1401/30000: COST 0.678/0.689(0.692) -- Acc 0.620/0.620(0.523)
[0 0 0 0 0 0 0 0 0 0 0 0 0 0 0 0 0 0 0 0 0 0 0 0 0 0 0 0 0 1 0 0 0 0 0 0 0
 0 0 0 0 0 0 0 0 0 0 0 0 0 0 0 0 0 0 0 0 0 0 0 0 0 0 0 0 0 0 0 0 0 0 0 0 0
 0 0 0 0 0 0 0 0 0 0 0 0 0 0 0 0 0 0 0 0 0 0 0 0 0 0]
At  1501/30000: COST 0.687/0.692(0.691) -- Acc 0.530/0.500(0.528)
[0 0 0 0 0 0 0 0 0 0 0 0 0 0 0 0 0 0 0 0 0 0 0 0 0 0 0 0 0 0 0 0 0 0 0 0 0
 0 0 0 0 0 0 0 0 0 0 0 0 0 0 0 0 0 0 0 0 0 0 0 0 0 0 0 0 0 0 0 0 0 0 0 0 0
 0 0 0 0 0 0 0 0 0 0 0 0 0 0 0 0 0 0 0 0 0 0 0 0 0 0]
At  1601/30000: COST 0.695/0.694(0.691) -- Acc 0.460/0.510(0.529)
[0 0 0 0 0 0 0 0 0 0 0 0 0 0 0 0 0 0 0 0 0 0 0 0 0 0 0 1 0 0 0 0 0 0 0 0 0
 0 0 0 0 0 0 0 0 0 0 0 0 0 0 0 0 0 0 0 0 0 0 0 0 0 0 0 0 0 0 0 0 0 0 0 0 0
 0 0 0 0 0 0 0 0 0 0 0 0 0 0 0 0 0 0 0 0 0 0 0 0 0 0]
At  1701/30000: COST 0.680/0.696(0.691) -- Acc 0.580/0.500(0.529)
[0 0 0 0 0 0 0 1 0 0 0 0 0 0 0 0 0 0 0 0 0 0 0 0 0 0 0 0 0 0 0 0 1 0 0 0 0
 0 0 0 0 0 0 0 0 0 0 0 0 0 0 0 0 0 0 0 0 0 0 0 0 0 1 0 0 0 0 0 0 0 0 0 0 0
 0 0 0 0 0 0 0 0 0 0 0 0 0 0 0 0 0 0 0 0 0 0 0 0 0 0]
At  1801/30000: COST 0.675/0.692(0.691) -- Acc 0.540/0.520(0.528)
[0 0 0 0 0 0 0 0 0 0 0 0 0 0 0 0 1 0 0 0 0 0 0 0 0 0 0 0 0 0 0 0 1 1 0 0 0
 0 1 0 0 0 0 0 0 0 0 0 0 1 0 0 0 0 0 0 0 0 0 0 0 0 0 0 0 0 0 0 0 0 0 0 0 0
 0 0 0 0 0 0 0 0 0 0 0 0 0 0 0 0 0 0 0 0 0 1 0 0 0 0]
At  1901/30000: COST 0.694/0.688(0.690) -- Acc 0.460/0.530(0.529)
[1 1 0 0 1 1 1 0 1 1 1 1 0 1 1 1 1 1 0 1 1 0 0 1 1 1 0 1 1 1 1 0 1 0 1 0 1
 1 1 0 0 1 1 0 1 1 0 1 1 1 0 1 1 1 1 1 1 1 1 1 1 1 0 1 1 1 0 1 1 0 1 1 1 1
 1 0 1 1 1 1 0 1 1 1 1 1 1 1 1 1 0 1 0 1 0 1 1 1 1 1]
At  2001/30000: COST 0.690/0.692(0.691) -- Acc 0.530/0.510(0.530)
[0 0 0 0 0 0 0 0 0 0 0 0 0 0 0 0 0 0 1 0 0 0 0 0 0 0 0 0 0 0 0 0 0 0 0 0 0
 0 0 1 1 0 0 0 0 0 0 1 0 0 0 0 0 0 0 0 0 0 0 0 0 0 0 0 0 0 0 0 0 0 0 0 0 0
 0 0 0 0 0 0 0 0 0 0 0 0 0 0 1 0 0 0 0 0 0 0 0 0 0 0]
At  2101/30000: COST 0.693/0.688(0.690) -- Acc 0.490/0.520(0.533)
[1 0 0 0 0 0 0 0 0 0 0 0 0 0 0 0 0 0 0 0 0 0 0 0 0 0 0 0 1 0 0 0 0 0 0 0 0
 0 0 0 0 0 0 1 0 0 0 0 0 0 0 0 0 0 0 0 0 0 0 0 0 0 0 0 0 0 0 0 0 0 0 1 0 0
 0 0 0 0 0 0 0 0 0 0 1 0 0 0 0 0 0 0 0 0 0 0 0 0 0 0]
At  2201/30000: COST 0.702/0.691(0.688) -- Acc 0.470/0.520(0.539)
[0 0 0 0 0 0 0 0 0 0 0 0 0 0 0 0 0 0 0 0 0 0 0 0 0 0 0 0 0 0 0 0 0 0 0 0 0
 0 0 0 0 0 0 0 0 0 1 0 0 0 0 0 0 0 0 0 0 0 0 0 0 0 0 0 0 0 0 0 0 0 0 0 0 0
 0 0 0 0 0 0 0 0 0 0 0 0 0 0 0 0 0 0 0 1 0 0 0 0 0 0]
At  2301/30000: COST 0.688/0.687(0.687) -- Acc 0.560/0.510(0.543)
[0 0 1 0 0 0 0 0 0 0 1 0 0 0 0 0 0 0 0 1 0 0 1 0 1 0 1 1 0 0 0 0 1 0 0 0 1
 0 0 0 0 0 0 0 0 1 0 0 0 0 0 1 0 0 0 0 0 0 0 0 0 1 1 1 1 0 0 0 1 0 0 0 0 0
 1 0 1 0 0 1 0 0 0 0 0 0 0 0 0 0 0 0 1 1 1 0 0 0 1 0]
At  2401/30000: COST 0.690/0.690(0.687) -- Acc 0.510/0.480(0.545)
[0 0 1 0 0 0 0 1 0 0 0 0 0 0 0 0 1 1 0 0 0 0 0 0 0 0 0 0 0 0 1 0 0 1 1 0 0
 0 0 0 0 0 0 0 0 0 0 0 0 0 0 0 0 0 0 0 1 0 0 1 0 0 0 1 1 1 0 0 0 0 0 0 0 0
 0 0 0 0 1 0 0 0 0 0 0 0 0 0 0 0 0 0 1 0 0 0 0 0 0 0]
At  2501/30000: COST 0.711/0.693(0.686) -- Acc 0.520/0.490(0.550)
[0 0 0 0 1 0 0 1 0 0 0 0 0 0 0 0 0 1 1 1 1 1 0 0 0 0 0 0 1 0 1 1 1 0 1 0 1
 0 0 0 0 1 0 1 1 1 1 0 0 0 0 0 0 1 0 0 0 1 0 0 0 0 0 1 0 1 0 1 0 0 0 0 0 0
 0 0 0 0 1 1 0 0 0 0 1 1 0 0 1 1 1 0 0 1 0 0 0 0 1 0]
At  2601/30000: COST 0.695/0.678(0.686) -- Acc 0.460/0.530(0.546)
[0 0 0 0 0 0 0 0 0 0 0 1 0 0 0 0 0 0 0 0 1 0 0 0 0 0 1 0 0 0 0 0 0 0 0 0 0
 0 0 1 0 0 0 0 0 0 0 0 0 0 0 0 0 1 0 0 0 0 0 0 0 0 0 0 0 0 0 1 1 0 0 0 0 0
 0 0 0 0 0 0 0 0 0 0 0 0 0 0 0 0 0 0 0 0 0 0 0 0 0 0]
At  2701/30000: COST 0.662/0.683(0.685) -- Acc 0.640/0.520(0.548)
[0 0 0 0 0 0 0 0 0 0 0 0 1 0 0 0 0 0 1 0 0 0 0 0 0 1 0 0 0 0 0 0 0 0 0 1 0
 0 0 0 0 0 0 0 0 0 0 0 0 0 0 0 0 0 0 0 0 0 0 0 0 0 0 0 0 1 0 0 0 0 1 0 0 0
 0 0 0 0 1 0 0 0 0 0 0 0 0 0 0 0 0 0 0 0 1 0 0 0 0 0]
At  2801/30000: COST 0.698/0.691(0.684) -- Acc 0.520/0.510(0.549)
[0 0 0 0 0 0 0 0 0 0 0 0 0 0 0 0 1 0 0 0 0 0 1 0 0 0 0 0 0 0 0 0 0 0 0 0 0
 0 0 0 0 0 0 1 1 0 0 0 0 0 0 0 0 1 0 0 0 0 0 0 0 0 0 1 0 0 0 0 0 0 0 0 0 0
 0 0 0 1 0 0 0 1 0 0 0 0 0 0 0 0 0 0 0 0 0 0 0 0 0 1]
At  2901/30000: COST 0.686/0.686(0.687) -- Acc 0.590/0.560(0.541)
[0 0 0 0 0 0 0 0 0 0 0 0 0 0 0 0 0 0 0 0 1 0 0 0 0 1 0 0 0 0 0 0 0 0 0 0 0
 1 0 1 0 0 0 0 0 0 0 0 0 0 0 0 0 0 1 0 0 0 1 0 0 0 0 0 0 0 0 0 0 0 0 0 0 0
 0 0 0 0 1 0 0 0 0 0 0 0 1 0 1 0 0 0 1 0 0 0 0 0 0 0]
At  3001/30000: COST 0.711/0.683(0.682) -- Acc 0.570/0.530(0.551)
[0 0 0 0 0 0 0 0 0 0 0 0 0 0 0 0 0 0 0 0 0 0 0 0 0 0 0 0 0 0 0 0 0 0 0 0 0
 0 0 0 0 0 0 0 0 0 0 1 1 0 0 0 0 0 0 0 0 1 0 0 0 0 0 0 0 0 0 0 0 0 0 0 0 0
 0 0 0 0 0 0 0 0 0 0 0 0 0 0 0 0 0 0 0 0 0 0 0 0 0 0]
At  3101/30000: COST 0.678/0.688(0.681) -- Acc 0.540/0.500(0.556)
[0 0 0 0 0 0 0 0 0 0 0 0 0 0 0 0 0 0 0 0 0 0 0 1 0 0 0 0 0 0 0 0 0 0 0 0 0
 0 1 0 0 0 0 0 0 0 0 0 0 0 0 0 0 0 0 0 0 0 0 0 0 0 0 0 0 0 0 0 0 0 0 0 0 0
 0 0 0 0 0 0 0 0 0 0 0 0 0 0 0 0 0 0 0 0 0 0 0 0 0 0]
At  3201/30000: COST 0.666/0.692(0.677) -- Acc 0.510/0.510(0.566)
[0 1 0 1 0 1 1 1 1 1 1 1 1 0 0 1 1 0 0 0 0 0 1 0 1 0 1 1 0 1 1 1 0 1 1 0 0
 1 1 0 1 0 1 1 1 1 0 1 1 0 1 1 0 0 1 0 1 1 0 1 0 1 0 0 1 0 1 0 0 1 1 1 1 0
 0 1 1 1 1 1 1 0 1 0 1 1 1 0 1 0 0 1 0 1 0 0 1 0 0 1]
At  3301/30000: COST 0.720/0.687(0.682) -- Acc 0.500/0.550(0.554)
[0 0 0 0 0 0 0 0 0 0 0 0 0 0 0 0 0 0 0 0 1 0 1 0 0 0 0 0 0 0 0 0 0 0 0 0 0
 0 0 0 0 0 0 0 0 0 0 0 0 0 0 0 0 0 0 0 0 0 0 0 1 0 0 0 0 0 0 0 0 0 0 0 0 0
 0 0 0 0 0 0 0 0 0 1 0 0 0 0 0 0 1 0 0 0 0 0 0 0 0 0]
At  3401/30000: COST 0.706/0.701(0.680) -- Acc 0.520/0.500(0.565)
[1 0 1 1 1 1 1 0 1 0 0 1 1 1 0 1 1 1 1 1 0 0 1 0 1 1 1 1 0 1 1 0 0 1 1 0 0
 1 1 1 1 0 1 1 0 1 1 0 1 1 1 1 0 1 0 0 1 1 0 0 1 1 0 1 1 1 0 1 1 1 0 0 1 1
 1 1 1 1 0 1 1 1 0 0 1 0 0 1 1 0 1 1 1 0 1 0 1 0 0 1]
At  3501/30000: COST 0.678/0.683(0.678) -- Acc 0.510/0.540(0.569)
[0 0 0 1 0 0 0 0 0 0 0 0 0 0 0 0 0 0 0 0 0 0 0 0 0 0 0 0 1 0 1 1 0 0 0 0 0
 0 1 1 0 0 0 0 1 1 0 1 0 0 0 0 0 0 0 0 0 0 0 0 1 0 0 0 0 0 0 0 0 0 0 1 0 0
 0 0 0 0 0 0 0 0 0 0 0 0 0 0 0 0 0 0 0 0 0 0 1 0 0 0]
At  3601/30000: COST 0.655/0.685(0.675) -- Acc 0.540/0.510(0.570)
[0 0 0 0 1 1 0 0 0 0 0 0 0 0 1 0 0 0 0 1 0 0 0 0 0 0 0 0 0 0 0 0 0 0 0 0 1
 0 0 1 0 0 0 0 0 0 0 0 1 0 0 0 1 1 0 0 0 0 0 0 0 0 0 0 1 0 0 0 0 0 0 0 0 0
 1 0 0 0 0 0 0 1 1 0 0 0 0 0 0 0 0 0 0 0 1 0 1 0 0 1]
At  3701/30000: COST 0.656/0.688(0.675) -- Acc 0.580/0.490(0.572)
[0 0 0 0 0 0 0 0 0 0 1 0 0 0 0 0 1 0 0 0 0 0 0 0 0 0 0 0 0 1 1 0 1 0 0 0 0
 1 0 0 0 1 0 1 0 1 1 0 1 1 1 1 0 0 0 1 0 0 0 0 0 0 0 0 0 0 0 0 0 0 0 0 1 0
 0 0 0 0 1 1 1 1 0 0 0 0 0 0 0 1 0 0 0 1 0 1 0 0 0 0]
At  3801/30000: COST 0.694/0.685(0.669) -- Acc 0.520/0.500(0.584)
[0 0 0 0 0 0 0 0 0 0 0 0 0 0 0 0 0 0 0 0 0 1 0 0 1 0 0 0 0 1 0 0 0 0 0 0 0
 0 0 0 0 0 0 0 0 0 0 1 0 0 0 0 0 0 0 0 0 0 0 0 0 0 0 0 0 0 0 0 0 0 0 1 0 0
 0 0 0 0 0 0 0 0 0 0 0 0 0 0 0 0 0 0 0 0 0 0 1 1 0 0]
At  3901/30000: COST 0.684/0.693(0.669) -- Acc 0.570/0.480(0.581)
[1 0 0 1 0 0 0 0 1 0 0 0 0 0 1 0 0 1 1 0 0 0 1 0 0 0 1 0 0 0 0 0 0 0 0 1 0
 0 1 0 0 0 1 1 0 0 0 1 1 1 1 0 0 0 0 0 0 1 0 1 0 1 0 0 0 1 0 0 1 1 0 0 0 0
 1 1 1 1 1 1 0 0 0 0 0 1 1 1 1 0 0 0 0 0 0 0 1 0 1 0]
At  4001/30000: COST 0.668/0.680(0.667) -- Acc 0.590/0.550(0.585)
[0 0 1 0 0 0 0 0 0 1 0 1 1 1 1 0 1 0 0 1 0 0 0 1 0 0 0 0 1 1 1 1 1 1 1 0 0
 0 1 0 0 0 0 1 0 1 0 0 1 1 1 0 1 1 0 0 1 1 0 0 0 0 1 1 0 0 1 1 1 0 0 1 1 0
 0 0 1 0 1 0 1 0 1 0 1 1 0 1 1 1 1 1 0 1 0 0 1 0 1 0]
At  4101/30000: COST 0.638/0.689(0.661) -- Acc 0.650/0.520(0.596)
[0 0 0 0 0 0 1 0 0 0 0 0 0 0 0 0 0 0 1 0 0 0 0 0 0 0 0 0 1 0 0 0 0 1 0 0 0
 0 0 0 0 0 0 0 0 0 0 0 0 0 1 0 0 0 0 0 0 0 0 0 0 1 0 0 1 0 0 0 0 0 0 0 0 0
 0 0 0 0 0 0 0 1 0 0 0 0 0 0 0 0 0 1 0 0 0 0 0 0 0 0]
At  4201/30000: COST 0.659/0.682(0.662) -- Acc 0.610/0.540(0.592)
[1 1 1 0 0 0 1 0 0 0 0 1 0 1 0 0 0 0 0 0 0 0 0 1 0 1 1 0 0 0 0 0 0 1 0 1 0
 0 1 1 0 0 1 0 1 0 0 0 1 0 0 1 0 0 0 1 0 0 1 0 1 1 1 1 1 0 1 0 0 0 1 1 0 1
 1 0 1 1 0 0 1 0 0 0 0 0 0 0 1 0 1 0 0 0 0 0 0 0 0 0]
At  4301/30000: COST 0.620/0.691(0.660) -- Acc 0.710/0.530(0.592)
[1 0 1 0 0 0 1 0 1 0 0 1 0 1 1 1 1 1 1 1 1 0 1 0 1 1 1 1 1 0 1 1 1 1 1 0 0
 0 1 0 1 1 1 0 1 0 1 1 1 0 0 1 0 0 1 1 0 1 0 1 0 1 0 1 1 1 1 0 0 0 0 1 1 0
 1 1 0 1 1 1 1 1 1 1 1 0 1 1 1 1 1 1 1 0 1 0 1 1 1 1]
At  4401/30000: COST 0.662/0.699(0.658) -- Acc 0.620/0.470(0.594)
[0 0 1 1 0 0 1 1 1 0 1 0 0 0 0 1 0 0 0 0 1 0 1 1 1 0 0 0 1 0 0 0 0 0 0 0 1
 0 0 1 0 0 0 0 0 0 0 1 0 0 0 0 0 0 0 0 0 0 0 0 1 0 0 0 0 0 1 0 0 0 0 0 0 1
 0 0 0 1 0 1 1 1 0 0 0 1 1 0 1 1 1 0 0 0 0 0 1 0 1 0]
At  4501/30000: COST 0.662/0.686(0.655) -- Acc 0.610/0.540(0.600)
[0 0 0 1 0 0 0 1 0 1 0 1 0 0 0 0 0 0 0 0 1 1 0 0 0 0 1 0 1 1 0 0 0 0 0 0 0
 0 0 1 0 0 0 1 1 1 0 0 0 0 1 1 1 0 0 0 0 0 1 0 0 0 1 1 1 0 1 0 0 0 0 0 0 1
 1 1 0 0 0 0 0 1 1 1 0 0 1 1 1 1 0 0 0 0 1 0 0 1 0 0]
At  4601/30000: COST 0.682/0.692(0.655) -- Acc 0.540/0.520(0.601)
[1 0 0 1 1 0 1 1 0 0 0 0 0 1 1 1 1 0 0 0 1 0 1 0 0 0 0 0 1 1 1 0 0 0 0 0 1
 1 0 1 0 0 1 0 1 1 0 1 0 1 0 0 0 0 0 0 0 0 0 0 0 0 1 0 0 0 1 1 0 0 0 0 0 1
 0 1 1 1 1 0 1 0 0 1 1 0 0 1 0 0 0 1 0 0 1 1 0 0 0 1]
At  4701/30000: COST 0.623/0.695(0.649) -- Acc 0.670/0.530(0.608)
[1 1 1 1 0 1 1 0 1 1 1 0 1 1 1 0 0 1 1 1 1 1 1 1 1 0 1 0 1 1 1 0 1 1 1 0 0
 1 1 1 1 1 0 1 0 0 1 1 1 0 1 1 0 1 0 0 0 1 1 1 0 1 1 1 0 1 1 0 1 1 1 1 0 1
 1 0 0 1 1 0 1 0 0 1 1 1 1 1 1 0 1 1 0 1 1 0 1 1 1 1]
At  4801/30000: COST 0.602/0.687(0.642) -- Acc 0.730/0.490(0.616)
[0 0 1 1 0 1 1 0 1 0 0 1 0 1 0 1 0 1 1 1 0 0 0 0 0 1 0 0 0 0 0 0 0 0 0 0 0
 0 1 1 0 0 0 0 1 0 0 0 1 0 1 0 0 0 0 0 0 0 0 1 1 0 1 0 1 0 0 1 0 1 0 0 0 0
 0 1 1 1 0 0 0 0 1 1 0 0 0 1 0 0 0 0 0 0 0 1 0 1 1 0]
At  4901/30000: COST 0.623/0.680(0.644) -- Acc 0.650/0.570(0.619)
[0 1 0 0 0 0 0 1 0 1 1 0 0 1 1 0 0 0 0 0 0 0 1 0 0 0 0 0 0 0 0 1 0 0 1 0 1
 1 1 0 0 0 1 0 0 0 1 0 1 0 0 0 0 0 0 0 0 0 0 0 0 1 0 0 0 0 1 0 0 1 0 0 0 1
 0 1 0 1 0 0 0 0 0 1 0 0 0 1 1 0 0 1 0 1 0 0 1 0 0 0]
At  5001/30000: COST 0.642/0.684(0.635) -- Acc 0.620/0.520(0.625)
[0 0 0 1 0 1 0 0 0 1 0 0 1 0 1 0 0 1 0 0 1 0 0 1 0 0 0 0 0 1 0 0 0 1 0 0 1
 1 1 1 1 1 1 1 1 1 0 0 0 1 1 0 1 1 1 1 1 0 0 0 1 0 1 1 0 1 1 0 0 1 0 1 0 1
 1 0 1 0 1 0 1 0 0 0 0 1 0 1 0 1 1 1 1 0 1 0 0 0 0 0]
At  5101/30000: COST 0.625/0.683(0.637) -- Acc 0.650/0.530(0.615)
[1 0 0 0 0 0 0 0 0 0 0 0 0 0 0 0 0 0 0 0 0 0 0 0 0 0 1 0 0 0 0 1 0 0 0 0 0
 1 0 0 0 0 0 0 0 0 0 0 0 0 0 0 0 1 0 0 0 0 0 0 0 0 0 0 0 0 0 0 0 0 0 0 0 0
 0 0 0 0 0 0 1 0 0 0 0 0 0 0 0 1 0 0 0 1 0 1 1 0 0 0]
At  5201/30000: COST 0.715/0.688(0.631) -- Acc 0.520/0.530(0.625)
[0 0 0 0 1 1 1 1 1 1 0 1 0 1 0 0 0 1 1 0 0 0 1 1 1 0 0 0 1 0 1 0 1 0 0 0 0
 1 1 1 0 1 1 1 1 0 1 1 1 1 1 1 0 0 1 0 1 1 1 1 1 0 1 0 0 1 0 1 1 0 1 0 0 1
 0 1 1 0 0 0 1 1 1 0 0 1 0 0 1 1 0 1 1 1 0 0 1 1 0 0]
At  5301/30000: COST 0.651/0.704(0.630) -- Acc 0.610/0.490(0.633)
[1 0 0 0 1 1 0 0 0 1 1 0 0 1 0 0 0 1 0 0 1 1 1 0 0 0 1 0 0 0 0 0 0 0 0 0 0
 0 0 1 1 0 0 0 0 1 0 0 1 1 0 0 0 1 1 0 0 0 0 1 1 0 0 0 0 1 0 1 0 1 0 0 1 0
 0 0 0 0 1 0 1 0 1 0 0 0 1 0 1 1 0 1 1 0 1 1 0 0 1 1]
At  5401/30000: COST 0.623/0.691(0.631) -- Acc 0.650/0.530(0.626)
[0 0 0 1 0 1 0 0 0 0 0 0 0 1 1 0 0 0 0 0 0 1 0 0 1 1 0 0 0 0 1 0 0 1 1 0 0
 0 0 1 0 1 0 1 0 0 0 0 1 0 0 0 0 0 0 0 0 0 1 0 1 0 0 0 1 1 0 0 1 0 0 0 0 1
 0 1 0 0 0 0 0 0 0 0 0 1 0 0 1 0 0 0 1 1 1 0 1 0 1 0]
At  5501/30000: COST 0.583/0.694(0.621) -- Acc 0.650/0.510(0.641)
[1 0 1 0 1 0 0 0 1 0 0 0 0 1 1 1 1 0 1 0 0 1 1 1 1 0 0 1 1 1 1 0 1 1 1 0 0
 1 0 0 1 1 0 1 1 0 1 1 1 1 1 1 0 0 1 1 0 1 1 1 0 1 1 0 1 1 0 1 1 0 0 1 0 1
 1 1 0 0 0 1 0 1 1 0 1 1 1 1 0 1 0 1 1 1 1 1 1 1 1 1]
At  5601/30000: COST 0.579/0.691(0.614) -- Acc 0.690/0.540(0.649)
[1 1 1 0 0 1 0 0 0 0 0 0 1 0 0 0 0 0 0 1 0 1 0 0 0 0 0 1 1 0 1 0 0 1 1 0 0
 0 0 1 1 1 0 0 0 0 0 1 0 0 0 1 1 0 0 1 0 1 0 0 1 0 1 1 1 0 1 0 0 0 0 0 1 0
 0 1 1 0 0 1 0 1 1 1 0 1 1 0 1 1 1 1 0 0 0 0 1 0 0 0]
At  5701/30000: COST 0.636/0.697(0.607) -- Acc 0.600/0.480(0.654)
[0 0 0 0 0 1 0 1 0 1 1 0 0 0 0 1 1 0 0 0 1 1 1 0 0 1 0 0 1 0 1 1 0 1 0 0 1
 0 0 1 1 0 1 0 0 0 1 0 0 1 1 0 1 1 0 1 1 1 0 1 0 0 1 1 1 1 0 0 0 0 1 1 0 1
 0 0 0 0 0 0 1 0 1 0 0 1 0 1 0 0 0 1 0 0 0 1 1 1 1 0]
At  5801/30000: COST 0.624/0.694(0.598) -- Acc 0.630/0.520(0.659)
[1 1 0 0 1 1 0 0 0 0 0 0 0 0 1 0 0 1 0 0 1 0 0 0 0 0 0 0 0 1 1 0 0 1 1 1 0
 0 1 0 0 0 0 0 0 1 0 1 1 0 0 1 0 0 0 0 1 0 1 0 0 0 0 1 0 0 0 0 0 0 1 1 1 0
 0 0 0 1 0 0 1 0 0 0 0 0 0 0 1 0 0 1 0 0 0 1 1 0 0 0]
At  5901/30000: COST 0.559/0.704(0.601) -- Acc 0.730/0.480(0.655)
[0 0 0 0 1 0 0 1 1 0 1 0 1 0 0 0 0 0 0 1 1 1 0 0 0 1 1 0 1 1 0 0 0 0 0 1 0
 1 1 0 0 0 1 0 0 1 0 0 0 0 0 0 0 1 1 0 0 1 1 0 0 0 1 0 0 1 1 1 1 0 1 0 0 0
 0 0 1 0 0 0 0 0 0 0 1 1 0 0 0 0 0 0 0 0 1 0 0 1 0 0]
At  6001/30000: COST 0.612/0.703(0.598) -- Acc 0.650/0.510(0.660)
[0 1 1 1 0 0 1 0 1 0 0 0 1 1 0 0 0 1 0 0 0 1 1 1 1 0 0 1 0 1 1 0 1 0 0 1 0
 0 0 1 1 0 1 1 0 0 0 0 1 0 0 1 0 1 0 1 0 1 0 0 0 0 0 0 0 0 0 0 1 0 0 0 1 1
 0 1 0 1 0 0 0 0 0 0 1 1 0 1 1 1 0 1 0 1 1 1 0 0 1 0]
At  6101/30000: COST 0.588/0.699(0.597) -- Acc 0.610/0.540(0.660)
[1 0 0 1 0 1 1 0 0 0 0 0 0 1 1 1 0 0 1 0 1 1 1 0 0 0 1 1 1 1 1 0 0 0 0 0 1
 0 1 1 0 1 1 0 0 1 0 1 0 0 0 0 0 1 0 1 0 1 1 1 1 0 0 1 0 1 1 0 1 0 0 0 0 1
 1 0 0 0 0 0 1 1 1 0 0 1 1 1 1 1 0 1 1 0 1 1 0 0 0 1]
At  6201/30000: COST 0.631/0.696(0.591) -- Acc 0.640/0.530(0.666)
[0 1 1 1 1 0 0 1 1 0 0 1 0 0 0 1 1 0 1 0 1 0 1 0 1 1 0 1 0 0 0 1 0 0 0 0 0
 1 0 1 0 0 0 1 0 0 0 1 1 0 0 0 1 0 0 0 1 0 0 1 1 0 1 0 1 0 1 0 0 1 0 0 0 0
 0 1 0 0 0 1 0 1 0 1 1 1 1 1 0 0 1 1 0 1 1 1 1 0 0 0]
At  6301/30000: COST 0.593/0.723(0.583) -- Acc 0.670/0.480(0.677)
[0 0 0 1 0 1 1 0 1 0 1 0 0 0 0 0 1 0 1 1 1 0 1 0 0 0 1 1 1 1 1 0 0 0 0 0 1
 0 0 1 1 0 0 1 0 0 0 1 1 0 1 1 1 1 1 1 1 0 1 1 1 1 0 1 0 0 1 1 0 1 0 0 1 0
 0 1 0 1 0 0 0 1 0 0 0 0 0 0 0 0 0 0 0 0 0 0 1 0 1 0]
At  6401/30000: COST 0.610/0.692(0.580) -- Acc 0.710/0.490(0.674)
[0 0 0 0 0 0 0 1 1 1 0 0 0 0 0 0 0 1 0 1 0 0 0 0 0 0 0 0 0 1 0 1 0 0 1 0 1
 0 1 0 0 1 0 1 0 0 1 0 0 0 1 0 0 0 1 0 0 0 0 1 0 1 0 0 1 0 0 0 0 0 0 0 0 0
 0 0 0 0 0 1 1 0 0 0 0 0 0 0 0 0 1 0 0 1 0 1 0 1 0 0]
At  6501/30000: COST 0.506/0.699(0.568) -- Acc 0.750/0.490(0.687)
[1 1 1 0 0 0 1 1 1 0 0 1 1 0 1 1 0 0 1 1 1 1 0 1 1 0 0 1 1 0 1 1 0 0 1 0 0
 0 1 1 0 1 0 1 1 1 1 0 0 0 0 1 1 0 1 0 0 0 0 1 1 1 0 0 0 1 0 0 1 1 0 1 1 0
 0 0 0 0 0 0 0 1 0 1 0 0 1 1 0 1 0 0 1 0 0 0 0 0 1 1]
At  6601/30000: COST 0.662/0.683(0.568) -- Acc 0.650/0.560(0.689)
[1 1 0 0 0 0 0 1 1 0 0 0 0 0 0 0 1 1 0 0 1 1 0 1 1 0 1 0 0 0 0 0 0 0 1 0 1
 0 1 0 0 1 1 0 0 1 1 0 1 0 1 1 0 1 0 1 1 1 0 1 1 1 0 0 0 1 1 0 1 0 0 1 0 0
 0 0 1 1 1 0 0 0 0 1 0 0 0 0 0 0 0 1 0 0 0 0 0 1 1 0]
At  6701/30000: COST 0.623/0.690(0.563) -- Acc 0.670/0.540(0.696)
[1 1 1 0 0 0 1 0 1 0 1 1 1 0 0 0 1 0 0 1 1 1 0 0 1 0 1 1 1 0 1 1 0 1 0 0 0
 1 0 1 1 1 0 1 0 1 0 1 0 1 1 1 1 0 0 0 0 1 0 1 0 1 0 0 1 0 1 0 0 1 1 1 0 1
 0 0 1 1 1 0 0 1 0 1 1 0 0 1 0 1 0 0 1 0 1 1 0 1 0 0]
At  6801/30000: COST 0.585/0.703(0.554) -- Acc 0.630/0.500(0.696)
[1 0 1 1 0 0 0 1 1 1 1 1 0 0 1 0 0 0 1 0 1 0 1 0 1 0 0 0 0 1 1 0 0 1 1 1 0
 0 0 0 0 0 1 1 1 1 1 1 1 0 0 1 1 1 0 0 0 1 0 0 0 1 0 0 1 1 0 0 1 0 1 1 1 0
 1 1 1 0 1 1 1 0 0 1 0 0 0 0 0 0 1 0 1 0 0 1 1 1 0 0]
At  6901/30000: COST 0.541/0.703(0.549) -- Acc 0.690/0.510(0.702)
[1 0 0 0 1 0 0 0 1 0 1 0 1 1 0 1 0 1 1 1 0 1 0 0 1 0 0 1 0 0 0 1 1 0 1 1 0
 1 1 0 1 0 1 0 0 0 1 0 0 0 1 0 0 0 1 1 0 1 1 0 0 0 0 0 0 0 0 0 0 0 0 1 1 1
 0 0 0 1 0 0 0 1 1 0 0 1 1 0 1 0 1 1 1 1 1 0 0 1 1 0]
At  7001/30000: COST 0.550/0.732(0.543) -- Acc 0.740/0.500(0.711)
[1 1 1 1 1 0 0 1 1 1 1 1 1 1 0 0 1 0 0 0 0 1 1 1 0 1 1 0 1 0 1 1 1 0 1 1 1
 0 1 0 1 1 0 1 0 1 0 0 1 1 0 1 1 0 0 1 1 1 0 1 1 1 0 1 1 1 0 0 0 0 1 1 1 0
 1 0 0 1 0 0 0 1 1 1 0 1 0 1 1 0 1 0 1 0 0 0 1 1 1 1]
At  7101/30000: COST 0.560/0.734(0.545) -- Acc 0.730/0.450(0.707)
[1 1 1 1 1 1 0 0 1 1 1 0 1 0 1 0 1 1 1 0 0 1 1 1 1 1 1 1 1 1 1 1 1 0 0 1 0
 0 0 1 1 1 0 1 1 0 1 1 0 1 1 1 1 0 1 0 1 0 0 1 1 1 1 0 1 1 1 0 0 1 1 1 1 0
 1 0 1 1 1 0 0 1 0 0 0 0 0 1 0 1 1 1 0 0 0 1 1 1 1 0]
At  7201/30000: COST 0.532/0.753(0.534) -- Acc 0.710/0.530(0.717)
[1 1 0 1 1 0 1 1 1 0 0 0 0 0 1 1 1 0 0 1 1 0 0 1 0 1 1 1 0 1 1 0 1 1 1 0 0
 0 0 0 0 0 1 0 0 0 1 1 1 1 0 1 1 1 0 0 1 0 0 0 0 1 1 1 0 1 1 1 0 0 0 1 0 1
 1 0 1 1 0 1 0 1 1 0 1 1 0 1 1 0 1 1 1 0 0 0 1 0 1 1]
At  7301/30000: COST 0.602/0.734(0.525) -- Acc 0.760/0.530(0.724)
[0 0 1 1 0 1 1 1 0 0 0 1 0 1 0 1 0 1 1 0 1 0 0 1 0 1 0 0 1 0 1 1 0 1 0 1 1
 1 1 0 0 1 1 1 0 0 1 0 1 1 1 0 1 1 0 0 1 1 1 1 0 1 0 1 1 1 0 1 1 1 0 1 0 1
 0 1 0 0 0 0 1 0 1 1 0 0 0 0 1 1 1 1 0 0 0 1 1 1 1 1]
At  7401/30000: COST 0.534/0.729(0.521) -- Acc 0.700/0.530(0.721)
[1 1 1 1 0 1 1 1 0 1 0 0 0 1 0 1 0 0 0 0 1 0 1 1 0 0 1 0 0 0 1 1 1 0 1 0 1
 1 1 0 0 0 0 1 1 1 1 0 0 0 1 1 1 0 1 1 0 1 0 0 0 1 1 0 1 1 1 1 1 1 1 0 1 1
 1 1 1 0 1 0 1 1 1 0 1 1 0 1 0 1 0 0 1 1 1 0 0 1 1 0]
At  7501/30000: COST 0.438/0.726(0.512) -- Acc 0.780/0.530(0.732)
[1 0 1 1 1 0 0 1 1 0 1 1 1 0 0 1 0 1 0 0 1 1 1 1 1 0 0 0 0 0 1 1 1 0 0 0 1
 1 1 1 1 1 1 0 0 1 0 1 0 0 1 0 1 0 1 1 1 1 1 1 0 0 0 0 1 1 1 0 0 0 1 0 1 0
 0 0 0 0 0 0 1 0 1 0 1 1 1 0 1 0 1 0 0 0 0 0 0 1 0 1]
At  7601/30000: COST 0.435/0.736(0.522) -- Acc 0.800/0.470(0.728)
[1 1 0 1 1 1 1 0 0 0 0 1 1 1 0 0 1 1 0 0 0 1 1 1 1 0 0 1 0 0 1 1 1 1 0 1 0
 0 1 0 0 0 0 0 1 1 1 1 0 1 0 0 0 0 0 1 0 1 1 1 0 1 1 1 1 1 0 0 1 1 0 0 1 1
 1 1 0 1 0 1 1 1 1 0 1 0 0 1 0 0 0 1 1 0 0 1 0 0 0 1]
At  7701/30000: COST 0.512/0.751(0.511) -- Acc 0.720/0.440(0.732)
[0 1 1 1 0 0 1 0 1 0 1 1 1 1 0 1 0 1 1 0 1 0 0 1 0 0 0 1 0 0 0 0 0 0 1 1 1
 1 1 1 1 1 1 0 0 1 1 1 0 0 1 1 1 0 0 1 1 1 1 1 0 1 0 1 1 1 0 1 0 1 0 0 1 0
 1 0 1 1 0 0 0 0 1 1 0 0 0 0 1 1 1 1 0 0 0 1 1 0 1 0]
At  7801/30000: COST 0.531/0.746(0.506) -- Acc 0.760/0.510(0.742)
[0 0 1 1 1 1 1 1 1 0 0 1 1 1 0 0 0 1 1 1 0 1 1 1 0 1 1 0 1 1 1 1 1 0 0 1 1
 0 0 1 0 1 1 0 1 1 0 0 1 1 0 1 0 0 1 1 1 1 1 1 0 0 0 1 1 1 0 1 1 0 0 0 1 1
 1 0 0 1 0 0 1 1 1 1 0 1 1 0 1 1 0 1 1 1 0 0 1 0 1 0]
At  7901/30000: COST 0.433/0.743(0.507) -- Acc 0.810/0.480(0.742)
[1 1 1 1 1 0 1 1 1 0 1 0 1 0 0 0 0 1 1 1 0 1 0 0 1 1 0 1 1 0 0 0 1 1 0 1 1
 1 0 1 1 0 1 0 0 1 0 0 1 0 0 1 1 0 1 0 1 0 1 0 1 1 1 0 1 1 1 0 1 0 1 1 1 0
 1 1 1 0 1 0 0 1 1 1 0 1 0 1 1 1 1 1 1 1 1 0 1 1 1 1]
At  8001/30000: COST 0.392/0.745(0.507) -- Acc 0.830/0.480(0.740)
[0 1 1 1 0 0 0 1 0 1 1 0 0 1 0 1 1 0 1 1 0 0 1 1 0 1 1 1 0 1 1 1 0 1 0 1 1
 0 1 0 1 0 1 1 1 0 0 0 1 0 1 0 1 1 1 0 1 1 1 1 0 0 0 0 1 1 1 1 0 0 1 0 0 0
 0 1 1 0 1 0 1 1 1 0 1 1 1 0 1 1 1 1 1 1 1 0 1 0 0 0]
At  8101/30000: COST 0.476/0.716(0.500) -- Acc 0.780/0.470(0.743)
[0 0 0 1 1 1 0 1 1 1 0 0 1 1 0 0 1 0 1 0 1 1 0 0 0 0 1 0 0 1 1 0 1 0 1 0 0
 0 1 0 0 0 1 1 1 0 0 1 0 0 0 1 1 0 0 1 0 0 1 0 1 1 0 1 1 0 0 0 1 0 1 0 0 1
 0 0 0 0 0 0 0 0 0 1 1 0 0 0 1 1 1 1 1 0 0 0 1 0 0 1]
At  8201/30000: COST 0.461/0.729(0.495) -- Acc 0.760/0.470(0.749)
[0 1 1 1 1 1 0 1 1 0 0 0 0 0 1 1 0 0 1 1 1 0 0 0 1 1 1 1 1 0 0 1 1 1 0 1 0
 0 1 1 0 0 0 0 1 0 1 0 1 1 1 1 1 1 1 1 1 1 0 0 1 0 0 0 0 0 0 0 1 1 1 0 1 0
 0 1 1 0 0 0 0 1 1 1 0 0 1 0 1 1 1 1 0 1 1 0 1 1 1 1]
At  8301/30000: COST 0.410/0.755(0.481) -- Acc 0.800/0.510(0.756)
[1 1 1 1 1 1 0 0 0 1 1 1 1 0 0 0 1 1 0 0 0 1 0 1 0 1 0 0 0 0 1 1 1 0 0 1 0
 1 0 1 0 0 0 0 1 0 0 0 0 1 1 0 1 0 0 1 0 1 0 0 0 0 1 0 0 1 0 0 0 1 1 0 1 1
 1 0 1 0 1 0 1 0 1 1 0 0 0 1 1 1 1 0 1 0 1 0 1 0 1 0]
At  8401/30000: COST 0.419/0.772(0.469) -- Acc 0.820/0.480(0.768)
[0 0 1 0 0 1 0 1 0 1 0 0 1 1 1 0 0 1 1 1 1 1 0 1 1 1 1 1 0 1 1 1 1 0 1 1 0
 0 0 1 0 1 0 1 0 1 1 1 0 0 0 1 0 1 1 0 1 0 0 0 1 0 1 0 0 0 0 1 0 0 0 0 1 1
 0 1 0 0 0 1 1 0 1 0 0 0 0 1 1 0 1 0 0 1 1 1 1 0 1 0]
At  8501/30000: COST 0.455/0.766(0.470) -- Acc 0.750/0.450(0.769)
[0 0 1 0 0 1 0 1 0 1 0 1 1 0 0 1 1 0 0 0 0 0 1 1 0 0 1 1 0 0 0 1 0 0 1 1 0
 1 1 1 1 0 1 1 1 0 0 0 0 1 1 1 1 0 0 0 0 0 0 1 0 0 0 0 1 0 1 1 1 0 0 0 0 1
 0 0 0 1 1 0 1 1 0 1 0 1 1 0 1 0 0 1 0 1 0 0 1 0 0 1]
At  8601/30000: COST 0.499/0.751(0.483) -- Acc 0.690/0.510(0.756)
[1 1 0 1 0 1 0 1 1 1 1 0 1 0 1 1 1 1 0 1 1 1 0 0 0 0 1 0 1 1 0 0 1 1 1 1 1
 0 0 0 1 1 1 1 1 1 1 1 1 0 1 1 0 0 1 0 1 0 1 1 1 0 1 1 1 0 1 1 1 1 1 1 1 1
 1 0 1 0 0 0 0 0 1 1 1 0 1 1 1 1 0 1 1 1 1 1 0 1 0 1]
At  8701/30000: COST 0.405/0.751(0.476) -- Acc 0.800/0.480(0.762)
[1 0 1 0 0 1 0 1 0 0 0 1 1 1 0 1 0 0 0 1 1 1 0 0 1 0 0 0 0 0 1 1 1 0 1 1 0
 0 1 1 0 0 1 1 0 0 0 0 1 1 0 0 1 1 1 0 0 0 1 0 1 1 1 0 0 0 1 0 1 0 0 0 1 0
 1 0 0 1 0 1 0 0 1 1 0 1 1 0 0 1 0 1 0 1 0 0 1 0 0 1]
At  8801/30000: COST 0.432/0.741(0.471) -- Acc 0.770/0.480(0.765)
[1 0 0 1 0 0 0 0 0 1 0 1 0 0 0 1 1 1 0 1 1 1 1 1 1 1 1 0 1 1 1 0 1 0 0 1 0
 1 1 0 0 1 0 1 1 1 0 1 1 1 1 0 1 0 0 0 1 0 0 1 1 0 1 1 0 1 1 0 1 1 1 0 1 1
 1 0 1 1 1 1 1 1 0 1 1 1 1 1 1 0 1 1 1 1 1 0 1 1 0 1]
At  8901/30000: COST 0.452/0.766(0.474) -- Acc 0.730/0.470(0.767)
[1 1 1 1 0 1 1 0 0 1 1 1 1 1 1 1 1 1 0 0 1 1 1 0 1 0 0 1 0 1 0 1 1 1 0 1 1
 1 1 1 1 0 1 1 1 1 1 0 1 1 0 1 0 0 0 1 0 1 0 1 0 1 1 1 0 1 1 0 0 0 0 0 0 1
 1 1 0 1 1 1 1 1 1 0 0 0 1 0 1 1 0 0 1 0 1 0 1 0 1 1]
At  9001/30000: COST 0.430/0.854(0.460) -- Acc 0.780/0.480(0.777)
[1 0 1 1 0 1 0 1 0 1 1 0 1 0 1 0 0 0 0 1 0 0 0 1 1 1 1 0 0 0 0 1 1 0 1 0 1
 1 1 0 1 1 1 1 1 1 1 0 1 1 0 0 1 1 0 1 1 1 0 0 1 0 1 0 1 0 1 1 0 0 0 0 1 1
 1 0 0 0 1 1 1 0 1 1 1 0 0 1 0 0 0 0 0 1 0 0 1 0 1 1]
At  9101/30000: COST 0.515/0.748(0.468) -- Acc 0.750/0.480(0.770)
[0 1 1 1 1 1 0 1 0 1 1 0 1 1 1 1 1 1 0 1 1 0 0 1 1 1 0 1 1 1 1 1 0 0 0 0 0
 1 0 1 0 1 1 1 1 1 1 1 1 0 0 0 0 1 0 1 0 1 0 1 0 1 0 1 0 1 1 0 1 1 0 1 1 0
 1 0 1 0 0 1 0 1 0 1 1 0 1 1 1 1 1 1 1 0 0 0 1 0 1 0]
At  9201/30000: COST 0.469/0.742(0.452) -- Acc 0.760/0.540(0.776)
[1 1 1 1 1 0 0 0 0 1 1 0 0 0 0 1 0 0 0 1 1 1 1 0 1 0 1 0 0 1 1 0 1 1 0 0 1
 1 1 0 1 0 0 0 1 0 1 1 1 1 1 0 0 0 0 0 1 0 0 1 0 0 0 0 1 1 0 1 0 0 0 1 0 1
 0 0 1 0 0 0 0 1 1 1 1 0 1 0 0 0 1 1 1 0 0 0 1 0 1 0]
At  9301/30000: COST 0.424/0.819(0.447) -- Acc 0.780/0.510(0.783)
[0 0 1 1 0 1 1 1 0 0 0 1 1 0 1 0 0 1 0 0 0 0 0 1 0 0 1 0 0 1 1 0 1 1 0 1 0
 0 1 0 1 0 0 1 1 1 0 1 0 1 0 1 0 0 1 1 0 1 0 0 1 1 0 0 0 1 0 1 1 0 0 0 1 1
 1 1 0 0 1 1 0 1 0 1 0 0 1 1 0 0 0 1 1 1 1 1 0 0 1 1]
At  9401/30000: COST 0.432/0.802(0.440) -- Acc 0.800/0.500(0.785)
[1 0 1 1 1 0 1 1 1 0 1 1 1 0 0 1 1 1 1 1 1 0 1 1 0 0 1 0 0 1 1 1 0 0 1 1 1
 0 1 0 1 0 1 1 1 1 1 1 1 0 0 0 1 0 1 0 1 1 0 0 1 1 1 1 0 1 1 1 1 0 1 1 0 0
 0 0 1 0 1 0 0 1 1 1 0 0 1 1 0 1 0 1 1 1 1 1 0 1 1 0]
At  9501/30000: COST 0.447/0.829(0.440) -- Acc 0.780/0.460(0.785)
[1 1 1 1 0 0 1 0 1 0 1 0 1 0 0 0 1 1 0 1 0 1 0 0 1 1 1 0 0 1 1 0 1 0 0 0 1
 0 1 1 1 1 1 1 0 0 1 0 1 0 1 1 0 1 1 1 1 0 1 1 1 1 1 1 1 1 0 1 0 0 1 0 0 0
 1 0 1 1 1 1 1 1 0 1 1 0 0 1 1 1 0 0 0 1 0 0 1 1 1 0]
At  9601/30000: COST 0.519/0.910(0.425) -- Acc 0.720/0.460(0.795)
[1 0 1 1 1 0 1 1 1 1 1 1 1 1 0 1 1 1 1 1 1 0 0 1 1 1 0 0 1 0 1 0 0 1 1 1 1
 1 0 0 1 0 0 0 0 1 1 0 1 1 1 1 0 1 1 1 1 1 0 0 1 0 1 0 1 0 0 1 1 1 1 1 1 1
 0 0 1 0 0 0 1 0 1 1 1 0 1 0 1 0 0 1 0 1 0 1 1 1 0 1]
At  9701/30000: COST 0.386/0.829(0.416) -- Acc 0.860/0.500(0.802)
[0 0 1 1 1 0 1 0 0 1 1 1 0 1 1 1 0 0 0 1 0 0 1 0 1 1 1 0 1 0 1 1 1 1 0 0 0
 0 0 0 0 1 0 0 0 1 1 0 0 0 1 1 0 1 0 1 1 0 1 1 0 1 0 0 1 1 0 0 0 1 0 1 1 0
 1 0 1 0 1 1 0 0 1 1 0 1 1 0 0 1 0 0 1 0 1 0 1 0 0 0]
At  9801/30000: COST 0.431/0.831(0.416) -- Acc 0.800/0.510(0.802)
[0 1 0 0 1 0 0 1 1 1 0 1 1 0 0 1 1 0 0 0 0 0 0 1 0 1 0 0 1 1 1 0 0 0 1 1 1
 1 0 1 1 1 1 1 0 1 0 1 0 0 0 1 1 0 1 1 1 1 1 1 1 1 0 0 0 0 0 1 1 0 0 1 0 0
 0 1 0 1 0 1 1 0 1 0 0 1 1 1 1 0 1 0 1 1 1 0 1 0 0 1]
At  9901/30000: COST 0.366/0.823(0.420) -- Acc 0.790/0.500(0.798)
[1 1 1 1 1 1 1 0 0 0 1 1 0 1 1 0 0 1 1 1 1 0 0 1 1 1 1 0 1 1 0 0 1 0 0 1 0
 1 0 0 0 0 1 1 0 0 0 1 0 0 1 0 0 1 0 1 0 1 0 0 0 0 1 0 0 1 0 1 0 1 1 1 1 1
 1 0 0 1 1 1 1 0 1 0 1 1 0 0 1 1 0 1 1 1 1 0 0 0 1 1]
At 10001/30000: COST 0.323/0.945(0.408) -- Acc 0.850/0.480(0.809)
[1 0 0 1 0 0 0 0 0 1 1 0 1 1 0 1 0 0 0 0 0 1 1 0 1 0 0 1 1 0 0 0 1 0 0 0 0
 1 1 0 0 1 1 1 0 1 0 1 0 0 1 1 0 0 0 0 0 1 0 1 0 1 0 1 0 1 0 0 1 0 1 0 1 0
 0 0 1 0 1 0 0 0 1 0 0 0 1 1 0 0 0 1 1 1 1 1 0 0 0 1]
At 10101/30000: COST 0.382/0.818(0.404) -- Acc 0.840/0.520(0.810)
[0 1 0 0 1 0 1 0 1 1 1 1 0 1 0 0 1 0 0 1 1 1 1 0 1 0 1 0 0 1 1 0 0 0 0 1 0
 0 0 0 0 0 0 0 1 1 0 0 0 0 1 0 1 0 0 0 1 1 1 0 1 0 1 0 0 1 0 1 0 1 1 0 1 0
 1 1 0 1 0 1 0 0 0 0 1 1 1 0 1 0 1 1 1 0 1 0 0 0 0 1]
At 10201/30000: COST 0.430/0.811(0.401) -- Acc 0.780/0.460(0.810)
[1 1 1 1 0 1 0 1 1 0 1 1 0 1 1 1 1 1 0 1 1 1 1 1 1 1 0 1 1 1 0 0 1 1 1 0 1
 0 1 0 1 1 1 1 1 1 0 1 0 1 0 1 0 0 1 1 1 1 0 1 0 1 0 1 1 1 1 1 1 1 0 0 1 1
 0 0 1 1 0 1 0 0 1 0 1 0 0 1 1 1 1 0 1 1 0 0 1 1 1 1]
At 10301/30000: COST 0.295/0.934(0.390) -- Acc 0.880/0.470(0.816)
[1 1 1 1 1 0 1 1 1 0 1 0 0 1 1 1 0 1 1 1 1 1 0 1 0 1 0 0 1 0 0 1 0 0 1 1 0
 1 1 1 1 1 1 1 1 0 0 0 1 1 0 0 1 0 0 1 0 1 1 1 1 0 1 1 1 0 1 1 1 1 1 1 0 1
 0 0 0 1 0 0 1 0 1 1 0 1 0 0 1 1 0 1 0 1 0 1 0 1 1 1]
At 10401/30000: COST 0.403/0.872(0.390) -- Acc 0.830/0.490(0.819)
[0 1 1 0 1 1 1 0 1 1 0 0 1 0 1 1 0 1 1 0 0 0 1 1 0 1 1 0 1 0 0 0 1 0 1 0 1
 1 1 0 1 0 0 1 0 0 0 1 1 1 1 0 1 0 0 1 1 1 0 0 0 0 1 1 0 0 0 1 1 0 0 0 1 0
 1 1 0 1 0 1 0 1 0 1 0 0 0 1 0 1 1 0 0 1 1 1 0 1 1 0]
At 10501/30000: COST 0.475/0.829(0.401) -- Acc 0.780/0.520(0.813)
[0 0 0 1 0 1 0 0 1 1 0 0 1 0 1 1 1 1 0 1 0 1 1 0 1 1 0 1 1 0 1 0 1 1 1 1 1
 0 0 1 0 0 1 1 1 0 0 1 0 0 1 1 0 1 1 1 0 0 0 0 0 0 0 1 1 1 0 1 0 1 1 0 0 1
 0 1 1 0 1 0 1 1 1 1 1 1 1 0 1 1 1 1 1 0 0 1 1 0 1 1]
At 10601/30000: COST 0.390/0.881(0.389) -- Acc 0.780/0.470(0.817)
[1 0 1 0 0 0 1 0 1 1 0 1 1 0 0 1 0 0 1 0 0 0 1 0 0 1 0 1 1 1 1 0 1 0 0 0 0
 0 1 1 0 1 1 1 1 1 1 1 1 1 1 0 0 1 1 0 1 1 0 1 1 0 0 0 0 0 1 1 1 1 0 1 0 0
 1 1 0 0 0 1 1 0 0 1 1 1 1 0 1 1 0 1 0 1 1 1 0 1 1 1]
At 10701/30000: COST 0.322/0.956(0.389) -- Acc 0.860/0.490(0.817)
[1 1 0 0 1 1 0 1 0 0 1 1 0 1 1 0 1 0 0 1 1 1 1 0 0 1 1 1 1 1 0 0 1 1 0 1 0
 0 0 1 1 1 0 0 1 1 0 1 1 0 0 1 1 1 0 0 1 0 1 1 0 1 1 0 0 0 1 1 0 1 0 1 1 1
 1 1 1 1 1 0 0 1 1 0 0 1 0 1 0 0 1 0 1 0 1 0 0 0 1 0]
At 10801/30000: COST 0.343/0.962(0.382) -- Acc 0.840/0.470(0.822)
[1 1 1 0 0 1 1 0 0 0 0 0 1 0 0 1 1 1 1 0 1 0 1 0 1 0 1 1 0 1 0 1 0 0 0 1 1
 0 1 1 1 1 1 0 0 0 1 1 0 0 0 1 1 1 0 1 1 1 1 1 1 1 1 0 1 1 0 0 1 1 1 0 1 0
 0 0 1 1 0 1 0 1 0 1 0 1 0 0 0 0 1 0 0 1 1 0 1 0 1 0]
At 10901/30000: COST 0.344/0.918(0.374) -- Acc 0.880/0.530(0.828)
[1 0 1 0 1 0 1 0 0 1 1 1 0 1 1 0 1 1 1 1 0 1 1 0 1 1 1 0 0 1 0 1 1 0 0 0 0
 1 0 1 1 0 1 0 0 0 1 1 1 0 1 1 0 0 1 1 1 1 1 0 0 0 0 0 0 1 1 0 1 0 1 1 0 0
 1 1 1 1 0 0 1 0 1 0 1 0 0 0 0 1 1 0 1 0 0 1 0 1 0 0]
At 11001/30000: COST 0.288/1.019(0.363) -- Acc 0.860/0.450(0.833)
[0 1 0 0 0 0 0 0 1 0 1 1 0 0 1 0 1 0 1 1 0 0 0 1 1 0 1 0 1 1 1 0 0 1 1 0 0
 0 0 1 0 1 0 0 1 1 0 1 0 1 1 1 1 0 1 1 0 1 0 0 1 0 1 0 0 0 1 1 0 1 0 1 1 1
 0 1 0 1 0 1 0 0 0 0 1 0 1 1 1 0 0 0 0 0 1 1 1 0 0 0]
At 11101/30000: COST 0.415/0.922(0.362) -- Acc 0.860/0.450(0.835)
[1 1 1 1 1 0 0 0 1 1 0 0 1 1 0 0 1 1 0 0 1 0 1 1 1 0 1 1 1 1 0 0 0 0 0 1 0
 1 1 0 0 0 0 0 0 0 1 0 1 0 0 0 0 0 1 1 0 1 1 1 1 0 0 0 1 1 0 0 1 1 1 1 0 0
 0 1 0 1 0 0 0 1 0 0 0 0 1 0 0 1 0 1 1 0 1 1 1 0 0 0]
At 11201/30000: COST 0.341/0.913(0.365) -- Acc 0.870/0.470(0.831)
[1 1 0 0 0 1 0 0 1 1 1 1 0 0 1 0 1 1 0 1 0 0 1 0 0 1 1 1 0 1 0 1 0 1 1 0 1
 0 1 1 1 0 0 0 1 0 1 0 1 0 1 1 1 1 0 0 1 0 1 1 1 0 1 0 0 1 1 0 0 0 0 0 0 1
 1 1 1 0 0 0 0 0 1 0 1 0 1 0 0 0 1 1 1 1 1 0 0 1 1 0]
At 11301/30000: COST 0.348/0.937(0.363) -- Acc 0.820/0.460(0.832)
[0 0 0 0 0 1 0 1 0 1 0 0 1 0 1 0 1 0 0 0 0 0 1 1 1 0 1 0 1 0 1 1 0 1 0 1 0
 1 1 1 0 1 1 0 0 1 0 0 0 0 1 1 1 1 1 1 0 0 1 1 0 1 1 0 1 1 0 1 1 1 1 1 0 1
 1 1 0 1 0 0 1 0 0 1 1 0 1 1 1 1 1 1 0 1 1 1 0 0 0 1]
At 11401/30000: COST 0.360/0.866(0.358) -- Acc 0.810/0.460(0.836)
[1 0 1 0 0 1 1 1 0 0 0 0 1 0 0 1 0 0 0 0 0 1 1 0 0 0 0 1 0 1 0 1 0 1 1 1 0
 1 1 1 0 1 0 1 1 1 0 0 0 1 1 0 0 1 1 1 1 0 1 1 0 1 0 1 1 0 0 1 0 1 0 1 1 0
 1 1 1 0 1 1 0 1 1 1 1 0 1 1 1 0 1 1 0 1 1 1 0 0 0 1]
At 11501/30000: COST 0.287/0.910(0.350) -- Acc 0.900/0.480(0.841)
[0 1 1 1 0 1 0 0 0 0 1 0 1 0 0 0 0 1 1 1 1 1 0 0 1 0 0 1 1 1 0 1 0 0 0 0 0
 0 0 1 0 1 1 0 1 1 1 0 1 1 1 1 1 0 0 0 1 0 0 0 0 0 0 0 0 0 1 0 0 0 0 0 0 1
 1 0 1 1 0 0 1 1 1 0 1 0 0 0 1 0 0 1 1 0 1 0 1 0 0 1]
At 11601/30000: COST 0.362/0.794(0.365) -- Acc 0.860/0.500(0.835)
[0 0 0 0 0 1 0 0 1 0 0 0 0 0 1 0 0 1 0 1 1 0 0 1 1 0 0 1 1 0 0 0 0 1 1 1 0
 1 1 1 0 1 0 0 0 1 0 0 1 1 1 0 0 1 1 1 1 0 0 1 1 0 1 1 0 0 0 0 0 1 1 0 1 1
 0 0 0 1 0 0 1 0 1 1 1 0 1 0 0 0 1 0 0 0 1 0 0 0 0 1]
At 11701/30000: COST 0.371/0.797(0.360) -- Acc 0.830/0.530(0.836)
[0 0 0 0 0 1 1 0 0 1 0 1 1 1 1 0 0 1 1 1 0 0 0 0 0 1 0 1 1 0 1 0 0 1 0 1 1
 0 1 0 0 1 1 1 0 1 0 0 0 0 1 1 1 1 0 1 0 0 1 0 1 0 0 1 0 0 0 1 0 0 0 0 0 1
 1 0 0 1 1 1 0 1 1 0 0 1 0 0 0 1 0 0 1 1 1 0 1 0 0 1]
At 11801/30000: COST 0.373/0.862(0.348) -- Acc 0.810/0.540(0.846)
[0 0 1 0 1 1 1 1 1 1 1 0 1 0 0 0 0 0 0 0 0 0 1 0 1 1 0 1 1 0 1 1 0 0 0 0 1
 1 1 0 0 0 0 1 0 1 0 1 1 0 0 1 1 1 1 1 1 0 0 0 1 1 1 1 1 1 0 0 0 0 0 1 1 0
 0 1 1 0 1 1 0 0 0 0 1 1 0 1 0 1 1 0 0 1 1 1 0 0 1 0]
At 11901/30000: COST 0.335/0.877(0.342) -- Acc 0.860/0.470(0.849)
[1 0 0 1 1 1 0 1 1 1 1 1 0 1 0 1 0 1 1 1 1 1 1 1 1 0 1 0 1 1 0 1 0 0 1 0 1
 1 1 1 0 1 0 0 1 0 0 0 1 0 0 0 1 0 0 0 0 0 1 0 1 0 1 0 0 1 1 1 1 1 0 1 0 1
 1 0 0 1 1 1 0 0 0 1 0 0 1 0 0 1 1 1 1 0 1 0 1 1 1 0]
At 12001/30000: COST 0.320/0.943(0.339) -- Acc 0.870/0.470(0.851)
[0 0 1 0 0 0 0 0 0 0 0 1 0 1 0 0 0 0 0 1 1 1 1 1 1 0 1 0 0 0 0 1 1 0 0 1 1
 1 0 0 1 0 0 1 1 1 1 1 1 1 0 1 1 1 0 0 0 0 0 1 1 1 1 1 0 0 1 0 0 0 0 0 0 0
 1 0 0 0 1 1 0 1 0 1 0 1 0 0 1 1 0 0 0 1 1 1 0 1 1 0]
At 12101/30000: COST 0.435/0.898(0.327) -- Acc 0.850/0.500(0.858)
[1 1 0 1 1 0 0 0 0 0 1 1 1 1 0 0 0 1 1 0 1 1 0 0 1 0 1 0 0 1 1 0 0 0 1 0 1
 0 1 1 0 1 0 0 0 1 1 1 1 1 1 0 0 0 0 1 1 0 1 1 1 1 1 1 0 0 1 0 1 0 0 0 1 1
 0 1 1 1 0 0 0 0 1 0 0 0 1 0 0 0 1 0 1 0 1 1 1 1 0 0]
At 12201/30000: COST 0.302/0.863(0.329) -- Acc 0.810/0.550(0.853)
[1 1 0 0 1 1 0 1 1 1 0 1 1 1 1 0 1 1 0 1 1 0 0 1 0 1 0 0 1 1 0 1 0 1 1 1 0
 0 0 1 0 0 1 0 0 1 0 1 1 0 1 1 1 0 1 1 0 1 1 1 1 1 0 1 1 1 1 1 0 0 0 0 0 0
 1 0 1 0 0 1 0 0 0 1 0 1 1 0 1 1 1 0 0 1 1 1 1 0 0 0]
At 12301/30000: COST 0.343/0.798(0.328) -- Acc 0.830/0.530(0.850)
[1 1 1 0 0 0 0 1 0 1 0 1 1 1 1 0 1 0 0 1 0 1 1 1 1 0 0 1 1 1 0 1 1 0 1 0 1
 1 1 0 1 1 1 0 0 1 1 1 0 0 1 1 1 0 1 0 0 0 1 0 0 0 1 0 1 0 0 0 1 1 0 0 1 1
 1 1 1 1 1 0 1 0 0 1 1 0 0 1 0 0 1 1 1 0 1 0 1 1 1 1]
At 12401/30000: COST 0.241/0.929(0.320) -- Acc 0.900/0.550(0.858)
[0 1 1 1 1 0 0 1 1 1 0 0 1 1 1 1 1 1 0 0 1 1 1 0 1 0 1 1 1 1 0 0 1 1 1 1 1
 1 1 1 0 1 0 1 1 0 1 1 1 1 1 1 1 0 1 0 0 1 1 0 1 0 0 1 1 0 0 1 1 0 0 1 1 0
 1 0 1 0 0 0 0 0 0 1 1 1 0 1 1 1 1 1 1 0 0 1 1 0 1 0]
At 12501/30000: COST 0.335/0.939(0.316) -- Acc 0.880/0.520(0.861)
[1 0 0 0 1 1 0 1 1 1 1 0 1 1 1 1 0 1 1 0 0 1 1 0 1 0 0 1 1 1 1 1 0 1 1 0 0
 1 0 0 1 0 0 0 1 1 0 0 0 0 0 0 0 1 1 1 0 1 0 0 0 0 0 1 0 0 1 1 0 1 0 1 0 0
 0 0 1 1 1 0 0 0 1 0 1 0 1 1 0 1 1 1 0 1 0 0 1 1 1 1]
At 12601/30000: COST 0.334/0.887(0.328) -- Acc 0.840/0.480(0.854)
[0 0 0 1 1 1 0 0 0 0 1 1 0 0 1 0 0 1 0 0 1 0 1 0 1 1 0 1 1 1 0 1 1 1 0 0 1
 0 1 1 1 1 1 1 0 1 1 1 0 1 1 0 0 1 1 1 1 0 0 1 1 0 0 0 1 1 0 1 0 1 0 0 0 1
 0 1 0 1 0 0 0 0 1 1 1 1 0 1 0 1 0 1 0 0 0 1 1 1 1 0]
At 12701/30000: COST 0.266/0.998(0.335) -- Acc 0.880/0.500(0.851)
[1 1 1 0 1 0 0 0 0 1 1 0 0 1 1 1 1 1 0 1 0 0 0 0 0 0 0 1 0 0 0 0 0 1 0 1 1
 1 1 1 1 1 0 1 1 0 1 1 1 0 1 1 1 1 1 1 0 1 1 0 1 0 1 1 1 0 0 0 0 0 1 1 0 0
 1 1 0 0 0 1 0 1 0 1 0 1 1 1 0 0 0 1 0 0 1 1 1 0 0 0]
At 12801/30000: COST 0.257/0.900(0.329) -- Acc 0.890/0.490(0.855)
[0 0 0 0 1 1 0 1 1 1 1 0 1 1 1 1 1 1 0 1 1 0 1 0 0 0 0 0 1 1 0 1 1 1 1 1 1
 0 0 1 0 1 1 1 0 0 0 1 1 1 1 1 1 1 0 1 0 1 0 0 1 0 0 1 1 0 0 1 1 1 1 1 0 0
 0 1 1 1 0 1 0 0 1 1 1 0 1 0 0 1 1 1 1 0 0 1 1 0 0 0]
At 12901/30000: COST 0.365/0.991(0.320) -- Acc 0.830/0.510(0.858)
[1 1 0 0 0 0 0 0 1 0 1 1 1 1 0 1 1 1 0 1 1 1 1 1 1 1 1 1 1 1 1 0 0 1 0 0 0
 1 0 0 0 1 0 1 0 0 1 0 1 1 1 0 1 1 0 1 1 1 1 0 0 1 1 0 0 0 0 0 0 0 0 1 0 1
 1 1 0 0 0 0 1 1 0 0 1 0 1 0 1 0 0 0 0 1 0 1 1 1 0 1]
At 13001/30000: COST 0.252/0.828(0.312) -- Acc 0.880/0.570(0.863)
[0 1 0 1 0 1 1 0 1 1 0 1 0 1 0 0 0 1 1 1 1 1 0 1 1 0 0 0 1 0 0 0 0 0 1 0 1
 1 0 1 0 1 0 1 0 0 1 1 0 0 1 1 0 0 1 1 0 1 1 1 0 1 1 0 1 1 1 1 0 1 0 0 1 1
 1 0 1 0 1 0 1 0 0 0 0 0 0 1 1 0 1 0 1 0 0 0 0 1 0 0]
At 13101/30000: COST 0.271/0.981(0.309) -- Acc 0.900/0.500(0.864)
[1 1 0 1 0 0 0 0 0 0 1 1 1 0 1 1 0 1 0 0 0 0 1 0 0 1 1 0 1 0 0 0 1 0 1 1 0
 0 1 1 1 0 0 0 1 0 1 0 0 0 1 0 1 0 1 1 1 0 0 0 0 1 0 1 0 0 0 1 0 1 0 1 0 0
 0 0 0 0 0 1 0 1 0 0 0 1 1 1 0 0 1 1 1 1 1 0 1 0 0 1]
At 13201/30000: COST 0.386/0.894(0.311) -- Acc 0.830/0.480(0.864)
[0 1 1 1 1 0 0 1 1 1 0 1 1 0 1 0 0 1 1 1 1 0 1 1 1 0 0 0 1 0 0 0 1 0 1 1 0
 1 1 1 0 1 1 1 0 1 1 0 0 0 0 1 1 1 0 1 0 0 0 1 0 1 1 1 1 1 0 0 0 0 0 0 0 0
 1 1 1 0 0 0 1 0 0 1 0 1 0 1 1 0 0 0 0 0 0 0 0 1 1 0]
At 13301/30000: COST 0.288/1.061(0.321) -- Acc 0.890/0.460(0.859)
[1 0 1 0 0 1 1 0 0 1 0 1 1 1 1 1 1 0 1 0 1 0 1 0 1 0 1 1 1 1 1 1 1 1 0 0 0
 0 1 0 1 1 1 1 0 0 0 1 1 1 1 0 0 1 1 1 1 1 1 0 0 0 1 0 0 1 0 1 0 1 0 1 1 0
 1 0 0 1 0 0 1 0 1 0 1 1 1 0 0 1 0 1 1 0 0 0 0 1 0 1]
At 13401/30000: COST 0.236/0.959(0.308) -- Acc 0.890/0.490(0.866)
[1 1 0 0 1 0 1 1 0 0 0 1 1 0 1 1 0 0 1 1 1 1 1 1 0 1 1 0 1 0 1 1 1 0 0 1 1
 1 0 1 0 1 0 0 1 0 0 1 1 1 1 1 1 0 1 0 0 0 1 1 1 0 1 0 0 0 1 0 0 1 0 1 0 1
 1 0 1 0 1 1 1 1 0 0 1 0 0 1 0 1 0 0 1 0 1 1 0 0 1 1]
At 13501/30000: COST 0.208/1.138(0.298) -- Acc 0.910/0.550(0.871)
[0 1 1 0 1 0 1 0 1 1 1 1 0 0 0 0 1 0 1 0 0 1 1 0 0 0 0 1 0 1 1 1 0 0 0 0 0
 0 0 0 1 1 1 1 0 0 1 1 0 0 0 1 1 0 0 1 0 1 0 1 0 0 1 1 0 0 1 0 0 1 1 0 1 1
 1 1 0 1 0 0 1 1 0 1 1 0 1 1 1 0 0 0 0 1 1 1 0 1 1 1]
At 13601/30000: COST 0.293/1.099(0.287) -- Acc 0.840/0.510(0.876)
[0 1 0 1 1 1 1 1 1 0 0 1 0 1 1 1 0 0 1 1 1 1 0 0 0 1 1 0 0 1 1 0 0 1 1 1 1
 1 1 0 1 0 0 1 0 0 0 1 0 1 1 1 0 1 0 0 0 1 0 0 0 1 1 1 0 1 0 0 0 1 0 1 1 0
 0 1 1 1 0 0 1 0 0 0 0 1 0 0 0 1 0 0 1 0 0 1 1 1 0 1]
At 13701/30000: COST 0.212/1.151(0.276) -- Acc 0.920/0.480(0.881)
[0 0 1 1 1 0 0 0 0 1 1 0 0 1 0 0 1 1 1 1 0 0 1 0 0 0 0 1 1 1 0 0 0 1 0 1 0
 1 1 0 1 0 1 0 0 0 1 0 1 1 1 1 1 1 0 0 0 0 1 0 0 0 0 1 0 1 1 1 0 1 0 1 0 1
 0 0 1 1 0 0 0 0 1 1 1 1 1 0 1 1 0 0 1 1 0 1 0 1 1 0]
At 13801/30000: COST 0.361/1.092(0.286) -- Acc 0.850/0.460(0.879)
[1 0 1 0 1 0 1 1 1 1 1 0 1 1 0 0 1 0 1 1 0 1 1 0 0 1 1 0 1 0 0 1 1 0 1 0 0
 1 0 0 0 1 1 1 0 0 1 0 0 1 1 1 0 1 0 1 0 0 0 1 1 0 1 1 0 0 0 0 1 0 0 0 0 1
 0 1 0 1 1 1 0 1 0 0 0 0 1 0 0 0 1 0 0 1 1 1 0 0 0 1]
At 13901/30000: COST 0.258/1.020(0.298) -- Acc 0.890/0.490(0.872)
[0 0 1 0 0 1 1 1 1 0 1 1 0 1 0 1 1 1 1 1 1 1 0 1 1 1 0 1 0 0 0 0 0 0 0 0 0
 1 0 0 1 0 0 1 0 1 1 0 1 0 0 1 0 0 1 1 1 0 1 1 1 1 1 0 1 0 1 1 0 1 0 0 0 0
 0 0 1 1 1 1 0 0 0 0 1 1 1 1 0 1 0 0 0 1 0 1 1 0 1 0]
At 14001/30000: COST 0.370/1.098(0.290) -- Acc 0.840/0.460(0.876)
[1 1 0 1 0 1 1 0 1 1 0 0 0 0 0 1 1 1 0 1 0 1 1 0 1 1 1 0 1 0 0 0 0 1 0 0 0
 0 0 0 0 1 0 0 0 0 1 0 1 0 1 1 0 0 0 1 0 0 1 1 0 0 1 0 1 0 0 0 1 0 1 0 1 1
 0 1 1 1 1 0 1 1 0 1 0 0 0 1 1 0 0 1 0 1 1 1 1 1 1 1]
At 14101/30000: COST 0.308/1.169(0.294) -- Acc 0.850/0.460(0.877)
[0 1 1 1 0 0 0 1 1 0 1 1 1 1 1 1 0 1 1 1 0 0 1 0 0 1 1 1 0 1 0 0 0 0 1 0 0
 1 1 0 0 0 1 1 1 1 1 1 1 0 0 1 1 0 1 0 0 1 0 1 0 0 0 1 1 1 0 1 0 0 0 0 1 1
 0 0 1 1 0 0 1 1 0 0 0 1 0 0 0 1 0 0 0 1 0 1 1 0 0 0]
At 14201/30000: COST 0.403/1.090(0.290) -- Acc 0.820/0.520(0.876)
[1 1 1 1 0 1 0 1 0 0 1 0 1 0 1 0 0 0 0 1 1 1 1 1 1 1 0 1 0 0 0 0 1 1 1 0 1
 1 0 0 0 1 0 0 1 0 0 0 1 1 1 1 1 0 1 1 1 1 1 0 1 1 0 1 0 1 1 0 0 0 1 0 1 1
 0 0 0 0 0 1 1 0 0 0 1 0 0 0 0 1 0 0 1 0 1 0 1 0 0 1]
At 14301/30000: COST 0.270/1.175(0.279) -- Acc 0.900/0.530(0.880)
[1 0 1 1 1 0 1 1 0 0 1 1 0 1 0 1 0 0 1 0 0 1 0 0 1 0 0 0 0 0 0 0 1 0 0 1 1
 1 1 1 1 0 1 0 0 0 0 1 0 0 1 1 0 1 1 0 0 1 0 0 1 1 0 1 1 0 1 1 0 0 1 1 0 0
 1 0 0 0 0 1 1 1 1 0 0 1 1 0 1 0 0 1 0 0 1 1 1 0 0 1]
At 14401/30000: COST 0.288/1.075(0.278) -- Acc 0.870/0.490(0.883)
[0 0 1 1 1 0 1 1 0 1 0 0 0 0 0 0 1 1 0 1 1 0 0 0 1 0 0 0 0 0 1 0 1 1 0 1 1
 1 0 0 0 1 0 1 1 1 1 0 0 1 0 1 1 0 0 0 1 1 1 0 1 0 0 0 1 0 0 1 1 0 1 0 1 0
 0 1 1 1 0 0 0 1 0 1 0 1 1 1 1 1 0 0 0 1 1 1 0 0 0 1]
At 14501/30000: COST 0.141/1.084(0.267) -- Acc 0.970/0.550(0.889)
[1 1 1 1 0 1 1 1 1 1 0 0 1 0 1 1 1 0 0 1 0 1 1 0 0 0 0 1 1 1 0 1 1 0 0 0 1
 1 1 1 1 0 1 0 1 1 0 1 1 0 1 0 1 0 1 1 1 0 0 1 1 1 0 1 1 0 1 0 1 1 0 1 0 0
 0 1 0 0 1 1 1 1 1 0 1 0 0 0 0 1 0 0 0 1 0 0 1 1 1 1]
At 14601/30000: COST 0.313/1.037(0.274) -- Acc 0.890/0.490(0.886)
[1 0 0 0 0 0 1 1 0 1 0 1 0 0 1 0 1 1 1 0 0 1 1 0 1 1 0 1 0 1 1 0 0 1 0 1 1
 0 0 0 0 0 0 1 1 1 1 0 0 1 0 0 1 1 0 1 1 1 0 0 1 1 0 1 0 0 0 1 0 1 0 0 1 0
 1 1 1 1 1 1 0 0 0 0 1 0 1 1 1 0 0 1 1 1 0 1 1 0 0 0]
At 14701/30000: COST 0.302/1.208(0.267) -- Acc 0.890/0.530(0.888)
[0 0 0 0 0 0 0 1 1 0 1 1 0 0 0 0 0 1 1 0 0 1 1 1 1 1 1 1 1 0 0 1 0 1 0 0 1
 0 0 1 1 0 1 0 1 1 0 0 0 0 1 1 0 1 1 0 0 1 1 1 1 1 0 0 0 1 1 1 0 1 1 0 1 1
 0 0 0 1 0 1 1 0 1 0 0 1 1 1 1 1 1 1 1 1 0 0 1 0 0 0]
At 14801/30000: COST 0.389/1.187(0.262) -- Acc 0.880/0.530(0.891)
[1 1 0 0 0 1 1 0 1 0 1 0 1 0 1 1 1 0 1 1 1 1 1 0 0 0 0 1 1 1 1 1 0 1 0 1 0
 0 0 0 0 1 1 0 1 0 0 1 1 1 1 1 1 1 0 1 0 1 0 1 0 0 0 1 0 0 1 0 1 1 0 1 0 0
 1 0 0 1 1 0 1 0 1 1 0 1 1 1 0 1 1 1 0 1 0 1 1 0 0 1]
At 14901/30000: COST 0.221/1.128(0.258) -- Acc 0.920/0.530(0.892)
[1 0 0 1 0 1 1 1 0 0 1 1 1 0 1 0 1 0 0 0 1 0 1 0 1 0 1 1 1 1 0 1 0 0 1 1 1
 1 0 1 1 0 1 1 0 1 1 0 1 1 0 0 1 0 0 0 1 1 1 1 0 1 1 1 0 1 0 1 1 1 1 1 1 0
 1 1 1 0 0 1 1 1 0 0 1 0 1 0 0 0 1 0 1 1 1 0 1 0 1 1]
At 15001/30000: COST 0.244/1.317(0.256) -- Acc 0.910/0.550(0.894)
[0 1 1 1 1 0 1 1 1 0 1 1 1 0 1 1 0 1 1 1 1 0 1 0 1 0 1 0 0 0 0 1 1 1 0 0 0
 1 0 1 0 1 1 1 0 1 0 0 1 0 1 0 1 0 0 1 1 1 1 0 0 1 0 1 0 1 0 0 1 0 0 0 0 1
 1 0 1 0 1 0 1 1 0 0 1 1 0 0 0 0 0 0 0 1 0 0 1 0 0 1]
At 15101/30000: COST 0.355/1.006(0.266) -- Acc 0.890/0.550(0.891)
[0 1 0 0 0 0 0 1 0 0 0 1 0 1 1 1 0 0 1 0 1 1 1 1 0 1 1 0 0 0 0 1 0 1 0 1 1
 1 0 1 0 1 1 0 0 0 0 0 1 1 0 1 0 1 1 1 0 1 0 0 1 0 0 1 1 0 0 1 1 0 0 0 1 1
 0 0 1 1 0 0 0 0 1 0 1 0 0 0 0 1 1 0 1 0 1 0 0 0 0 0]
At 15201/30000: COST 0.354/0.962(0.258) -- Acc 0.850/0.640(0.892)
[0 0 1 0 0 0 1 1 1 1 0 0 0 1 1 1 1 1 0 1 1 0 0 1 0 1 1 1 1 0 0 0 0 0 0 1 0
 0 1 0 1 0 0 0 1 0 1 1 0 0 0 1 0 1 0 1 1 1 1 0 1 0 1 0 1 1 1 1 1 1 1 1 1 1
 1 1 1 1 0 0 0 1 1 1 0 0 1 0 0 1 1 0 0 1 1 1 0 1 1 0]
At 15301/30000: COST 0.224/1.069(0.257) -- Acc 0.930/0.570(0.895)
[1 0 1 1 1 0 0 1 1 0 0 0 0 0 0 1 1 0 0 0 1 1 0 1 1 0 0 1 1 0 1 1 1 0 1 0 1
 0 0 1 1 1 1 0 0 1 0 0 1 0 0 0 1 0 1 0 1 1 1 0 0 0 0 0 1 0 1 1 1 0 1 0 0 1
 0 0 1 0 1 1 0 1 0 1 1 1 1 1 0 0 1 1 1 0 0 0 1 1 1 1]
At 15401/30000: COST 0.319/1.167(0.251) -- Acc 0.890/0.550(0.897)
[1 1 1 1 1 1 0 0 1 1 0 1 0 0 0 1 0 1 0 1 0 0 0 0 0 1 0 1 0 1 1 1 0 1 1 0 1
 1 0 1 1 1 0 1 0 0 0 0 0 1 1 0 1 1 1 1 0 1 0 0 0 0 0 0 0 0 1 0 1 1 1 0 1 1
 1 1 1 0 0 0 1 1 1 0 1 0 1 1 0 1 1 1 0 0 1 0 0 1 0 1]
At 15501/30000: COST 0.261/1.126(0.259) -- Acc 0.910/0.480(0.893)
[0 0 0 1 0 1 0 1 0 1 0 1 0 1 1 0 1 1 1 1 0 1 1 0 1 1 1 0 0 1 0 0 0 0 1 1 1
 1 0 1 1 0 1 1 0 1 0 1 1 1 0 1 1 0 0 0 0 1 0 0 0 0 0 1 0 1 1 1 1 1 1 1 0 0
 1 0 1 1 0 1 1 1 1 1 1 0 1 1 0 0 0 1 0 1 1 0 1 1 1 0]
At 15601/30000: COST 0.360/1.106(0.255) -- Acc 0.860/0.540(0.896)
[0 0 1 1 1 1 0 0 1 1 1 1 1 0 0 1 1 1 0 0 1 1 0 0 0 0 0 1 0 1 0 1 0 1 0 1 1
 1 1 1 0 0 1 1 0 1 1 1 0 1 1 0 0 1 0 0 1 1 0 1 1 0 0 0 1 0 0 1 1 1 0 1 1 0
 1 1 0 0 1 1 1 0 1 0 0 0 1 1 1 0 1 0 1 0 1 1 1 0 0 0]
At 15701/30000: COST 0.266/1.104(0.253) -- Acc 0.890/0.560(0.896)
[1 1 1 0 0 0 1 1 1 0 1 1 1 1 1 1 1 0 1 0 1 1 0 0 1 1 0 1 1 1 0 1 0 0 0 0 0
 1 0 0 1 0 0 1 1 0 1 1 0 0 0 0 0 1 1 1 0 0 0 0 0 1 0 1 0 1 0 1 0 1 1 0 1 0
 1 1 1 1 1 1 1 0 0 1 0 0 1 1 1 0 1 1 1 0 1 1 0 1 1 1]
At 15801/30000: COST 0.224/1.269(0.249) -- Acc 0.890/0.500(0.898)
[1 0 1 0 1 0 0 0 0 0 0 0 0 0 0 1 0 1 1 0 1 1 0 0 1 1 1 1 0 0 1 0 1 0 1 0 0
 1 1 0 1 1 0 0 0 1 0 0 0 0 0 1 0 1 0 1 0 0 0 1 0 1 1 1 0 0 0 0 0 0 0 1 1 1
 0 0 1 0 1 1 1 1 0 1 0 0 0 0 1 0 0 0 1 1 1 0 1 0 0 1]
At 15901/30000: COST 0.321/1.102(0.255) -- Acc 0.850/0.570(0.896)
[1 1 0 0 0 1 1 1 0 1 1 0 1 0 1 1 0 1 0 1 0 1 1 1 1 1 1 1 0 1 0 1 1 0 0 0 0
 1 1 0 1 1 0 0 1 1 1 0 1 1 1 1 1 0 1 0 1 1 0 1 0 1 1 1 0 0 1 1 0 0 1 1 1 1
 1 1 1 0 0 1 0 1 0 1 1 1 0 0 0 1 1 0 0 0 1 0 1 1 0 1]
At 16001/30000: COST 0.148/1.171(0.251) -- Acc 0.940/0.520(0.898)
[1 0 1 1 0 0 1 0 0 0 0 0 1 1 1 1 0 1 1 0 1 1 1 1 0 1 1 0 1 1 0 0 1 1 0 0 0
 1 0 1 0 0 0 1 0 1 0 0 0 1 1 1 1 0 0 0 1 0 0 0 0 1 1 1 0 1 0 0 0 0 1 0 1 0
 0 0 1 0 0 1 1 0 0 1 1 1 1 0 0 1 1 0 1 0 0 1 0 0 1 0]
At 16101/30000: COST 0.168/1.151(0.239) -- Acc 0.920/0.580(0.902)
[1 1 0 0 1 1 1 0 1 1 0 0 0 0 0 1 1 0 1 0 1 1 0 0 1 0 0 0 1 0 1 0 0 1 0 0 1
 1 1 1 1 1 0 0 1 0 1 1 1 0 0 1 1 1 0 0 1 1 0 1 0 1 1 1 1 1 0 0 1 0 1 0 0 0
 0 1 0 0 1 1 0 1 0 1 1 1 1 0 0 1 1 1 0 1 1 0 0 1 1 1]
At 16201/30000: COST 0.268/1.115(0.238) -- Acc 0.890/0.500(0.902)
[1 0 0 1 1 0 0 1 1 1 1 1 1 0 0 1 0 0 1 1 1 1 0 1 1 1 0 1 0 0 1 1 0 0 0 0 0
 1 1 0 0 1 1 0 1 0 1 1 0 1 1 1 1 1 0 1 0 1 1 1 1 1 0 1 1 1 1 1 1 0 1 1 0 1
 1 1 1 1 1 1 0 1 0 0 1 0 0 0 0 0 0 1 0 1 0 1 1 1 1 1]
At 16301/30000: COST 0.303/1.041(0.246) -- Acc 0.860/0.550(0.901)
[0 0 1 1 1 1 1 0 0 0 0 0 1 1 1 1 1 0 0 0 1 1 1 0 1 1 0 0 1 0 0 1 1 0 1 0 0
 0 0 0 1 1 1 1 1 0 1 1 1 0 1 1 0 1 0 1 1 1 0 1 1 1 0 1 1 1 0 0 1 0 0 1 1 1
 0 0 1 1 0 1 1 0 1 1 0 1 0 1 1 1 1 0 1 0 0 0 0 0 0 0]
At 16401/30000: COST 0.199/0.992(0.252) -- Acc 0.940/0.580(0.897)
[1 0 0 1 1 1 0 1 1 1 1 0 0 1 0 1 1 0 0 1 0 0 0 0 0 0 0 0 0 1 1 0 1 0 1 1 0
 1 0 1 0 1 1 1 1 0 1 1 0 1 0 1 1 0 1 0 0 1 0 0 1 1 1 1 1 1 1 1 1 1 0 0 1 1
 1 1 0 0 1 1 1 1 1 1 0 1 1 1 1 1 1 1 1 1 1 1 1 1 1 0]
At 16501/30000: COST 0.210/1.173(0.241) -- Acc 0.900/0.550(0.901)
[1 0 0 0 0 0 0 1 1 0 0 1 0 1 0 0 1 1 1 1 1 1 1 1 0 1 1 0 0 0 1 0 1 1 1 0 0
 0 1 0 1 0 1 1 1 0 1 1 0 1 0 0 1 1 0 0 1 1 0 0 1 0 0 1 1 0 1 1 0 0 1 1 1 0
 1 0 0 1 1 0 0 0 1 1 1 0 1 1 1 1 1 1 0 1 1 0 1 1 0 1]
At 16601/30000: COST 0.217/1.047(0.235) -- Acc 0.930/0.570(0.903)
[1 1 1 1 1 0 0 0 0 1 1 1 1 0 0 1 0 0 1 1 1 0 0 0 1 0 0 0 0 0 1 0 0 0 0 1 0
 1 0 1 1 1 1 1 0 1 1 0 0 0 1 1 1 0 1 1 1 1 1 0 1 1 1 1 0 1 1 0 1 1 1 0 1 0
 1 1 0 0 1 1 1 1 0 0 1 1 0 1 1 0 1 1 1 1 0 1 1 0 0 1]
At 16701/30000: COST 0.211/1.199(0.228) -- Acc 0.900/0.520(0.906)
[1 1 0 0 0 1 0 1 1 0 0 0 0 0 0 0 1 1 0 0 0 0 0 0 1 1 0 1 0 1 1 1 0 0 0 0 0
 0 1 0 0 0 1 1 0 1 1 1 1 0 1 0 1 1 1 0 1 1 0 1 1 1 0 1 0 1 0 0 1 1 1 1 0 0
 0 0 0 0 1 0 1 0 0 0 0 0 1 0 1 1 1 0 0 0 1 1 0 1 0 1]
At 16801/30000: COST 0.155/1.037(0.229) -- Acc 0.940/0.560(0.907)
[1 1 0 1 1 0 0 1 1 0 0 0 1 1 1 1 1 1 1 1 1 0 0 1 1 1 1 1 0 1 1 1 1 1 0 1 0
 0 1 1 1 1 1 0 1 0 0 0 0 1 1 1 0 1 1 1 1 1 1 1 1 0 0 0 0 1 1 1 1 0 1 1 0 0
 0 0 1 1 1 0 0 1 1 1 1 1 0 0 1 0 1 0 1 0 1 1 1 1 0 1]
At 16901/30000: COST 0.266/1.204(0.223) -- Acc 0.870/0.580(0.909)
[1 1 0 0 0 1 1 0 1 1 0 1 0 1 1 1 1 0 0 1 1 1 0 0 1 1 1 1 0 0 0 0 0 1 1 1 1
 1 1 1 0 1 0 1 0 0 0 1 1 1 0 0 0 0 0 0 0 1 1 1 0 1 0 0 1 0 0 1 0 0 1 0 0 0
 1 1 1 1 1 0 1 1 1 0 0 0 1 0 0 1 1 0 0 0 1 0 1 0 1 1]
At 17001/30000: COST 0.165/1.212(0.219) -- Acc 0.940/0.550(0.910)
[1 1 1 1 0 0 0 0 1 0 1 0 0 0 0 1 1 0 1 1 0 0 1 1 1 0 1 0 1 1 1 0 1 1 1 0 0
 0 0 1 1 1 1 1 0 0 0 1 1 1 1 1 0 0 1 1 0 0 1 0 0 1 1 0 0 1 0 1 0 1 1 1 1 0
 0 1 1 0 1 1 1 0 1 1 1 0 1 1 0 1 1 1 0 0 1 0 1 1 1 1]
At 17101/30000: COST 0.221/1.316(0.218) -- Acc 0.930/0.520(0.911)
[1 1 0 0 1 0 0 0 0 0 0 1 1 1 1 1 0 0 1 0 1 1 1 0 1 1 1 0 1 0 1 1 0 0 1 0 0
 0 1 1 0 1 0 0 1 0 0 1 1 1 1 1 1 1 1 0 1 0 1 0 1 0 0 1 1 1 0 1 0 0 1 0 1 0
 1 0 1 0 0 0 0 1 0 0 0 1 1 1 0 1 0 0 1 1 0 1 1 1 1 1]
At 17201/30000: COST 0.236/1.192(0.223) -- Acc 0.900/0.550(0.910)
[1 0 1 0 1 0 1 1 1 0 0 1 1 0 1 0 1 1 1 1 0 0 0 0 1 0 0 1 1 1 0 1 1 0 1 0 1
 1 1 1 1 1 1 1 0 0 1 1 0 0 0 1 0 1 0 1 1 1 0 0 1 0 1 1 1 1 1 1 0 1 1 1 0 0
 1 0 1 1 0 1 0 0 0 1 1 1 0 1 0 1 0 1 1 1 1 0 1 0 0 1]
At 17301/30000: COST 0.155/1.164(0.225) -- Acc 0.930/0.550(0.910)
[0 1 1 0 1 1 0 1 0 1 1 0 1 1 1 1 0 0 0 1 0 1 1 0 1 1 1 0 1 1 1 0 1 1 1 0 1
 1 1 0 1 0 0 1 1 1 1 0 1 1 0 1 1 0 1 1 1 1 0 1 1 0 1 1 1 1 1 1 1 1 0 1 0 0
 1 0 1 0 1 1 1 1 1 1 0 1 0 1 0 0 0 1 0 1 0 1 1 1 1 1]
At 17401/30000: COST 0.212/1.319(0.216) -- Acc 0.930/0.560(0.914)
[1 1 0 1 0 1 1 0 1 0 0 0 0 1 1 1 0 1 0 0 0 1 1 0 0 0 1 0 0 0 1 1 0 1 1 1 0
 0 0 0 0 1 0 0 1 1 1 1 1 0 1 0 0 1 0 1 1 1 1 1 1 1 1 1 1 1 0 0 1 0 0 0 1 0
 1 1 1 0 1 1 0 0 1 0 0 1 1 1 0 1 0 0 0 1 1 0 1 1 1 1]
At 17501/30000: COST 0.238/1.282(0.211) -- Acc 0.910/0.560(0.916)
[1 0 0 1 1 0 0 0 0 0 1 1 1 1 1 0 1 0 0 0 0 0 0 1 0 0 1 1 1 0 1 1 1 1 1 0 1
 0 0 1 1 0 0 0 0 0 1 0 0 0 1 0 1 0 1 0 0 0 1 0 0 1 1 0 0 1 0 0 0 0 0 0 0 1
 0 1 1 1 1 1 1 0 1 0 1 1 1 1 0 0 0 1 1 0 1 0 1 0 0 0]
At 17601/30000: COST 0.208/1.205(0.214) -- Acc 0.900/0.500(0.914)
[0 1 1 1 1 0 0 1 1 1 1 1 1 1 1 0 1 0 0 1 0 1 1 1 1 0 0 1 1 0 1 0 0 0 1 1 0
 1 0 0 1 0 0 0 1 0 1 1 0 1 0 1 0 0 0 0 1 1 1 1 1 1 0 1 1 0 0 1 1 0 1 1 1 1
 1 0 1 1 0 0 1 0 1 1 0 0 0 1 0 1 1 1 1 0 0 0 1 0 0 1]
At 17701/30000: COST 0.288/1.421(0.203) -- Acc 0.870/0.540(0.921)
[1 1 0 0 1 0 1 0 1 1 1 1 0 1 0 1 1 0 1 1 0 1 1 0 1 0 1 0 0 0 0 1 0 1 0 1 1
 0 1 0 1 1 1 1 1 0 0 0 0 0 0 1 0 0 1 1 0 0 1 1 0 1 0 1 1 0 1 0 1 0 1 0 1 0
 0 0 1 1 1 1 0 1 0 0 0 1 0 0 0 1 0 1 1 1 1 1 0 1 1 0]
At 17801/30000: COST 0.161/1.391(0.206) -- Acc 0.920/0.500(0.918)
[0 1 0 1 0 1 1 1 1 0 1 1 1 0 0 0 1 1 1 0 1 1 1 0 0 0 0 1 1 1 1 0 0 1 0 0 1
 0 1 0 0 1 0 1 1 1 0 1 0 1 0 0 0 0 1 1 1 1 0 0 0 0 0 1 0 1 0 1 1 0 0 0 0 0
 0 0 1 1 1 0 0 0 0 1 0 1 1 1 1 0 1 0 0 0 1 1 0 1 1 0]
At 17901/30000: COST 0.127/1.290(0.200) -- Acc 0.970/0.520(0.922)
[0 0 0 1 1 1 1 0 0 1 0 1 1 0 1 0 1 1 1 0 1 0 1 0 0 1 0 0 1 0 0 1 1 1 0 1 1
 0 0 0 0 1 1 1 1 1 0 0 1 1 0 0 0 0 1 0 1 0 1 0 1 1 0 1 0 1 0 0 1 0 0 0 1 1
 1 0 0 0 1 1 1 0 0 0 0 1 1 0 0 1 1 0 0 1 0 1 1 0 1 1]
At 18001/30000: COST 0.169/1.180(0.207) -- Acc 0.920/0.570(0.920)
[1 1 1 1 0 1 0 1 1 0 0 0 0 1 1 1 0 1 1 1 0 1 1 1 1 0 1 0 0 1 1 1 1 0 1 1 0
 1 1 1 0 1 1 1 1 0 1 1 0 1 1 1 1 0 0 0 1 0 0 1 1 1 1 0 0 0 1 0 0 1 1 0 1 1
 1 1 0 1 1 0 0 1 1 0 0 0 0 1 1 1 1 1 1 1 0 1 0 0 0 1]
At 18101/30000: COST 0.119/1.071(0.204) -- Acc 0.960/0.590(0.923)
[1 0 1 1 1 0 0 0 0 0 0 0 0 1 0 0 1 1 0 0 0 1 0 1 0 1 0 0 0 1 0 0 1 1 0 1 1
 1 1 0 0 1 0 0 0 1 0 0 1 1 1 1 1 1 0 0 1 0 0 0 1 0 0 1 0 0 1 1 1 0 1 0 1 1
 1 0 0 1 1 0 1 1 0 0 1 1 1 1 0 0 0 0 1 0 0 0 1 1 1 1]
At 18201/30000: COST 0.144/1.417(0.190) -- Acc 0.950/0.490(0.926)
[1 1 1 1 1 0 1 0 1 1 0 1 0 0 0 0 0 1 1 0 1 1 0 1 0 0 1 0 1 0 1 1 0 0 1 1 1
 0 1 1 1 1 1 1 1 1 1 1 0 0 1 1 0 1 1 1 1 0 0 1 0 1 1 0 1 0 1 0 0 1 1 1 1 1
 1 1 1 1 1 0 1 0 1 1 1 1 1 0 0 1 0 1 1 1 1 0 0 0 0 1]
At 18301/30000: COST 0.143/1.329(0.189) -- Acc 0.970/0.590(0.928)
[0 1 1 1 1 0 0 0 1 1 1 0 1 1 0 1 1 1 1 1 1 1 0 0 1 0 1 0 0 0 1 1 0 1 1 0 0
 0 1 1 1 0 1 0 0 0 1 1 1 1 0 0 1 0 0 1 0 0 1 1 1 1 1 0 0 0 1 0 1 1 1 1 1 0
 1 0 1 1 0 0 0 0 1 0 0 1 0 0 1 1 0 1 0 1 1 0 1 0 1 0]
At 18401/30000: COST 0.152/1.187(0.206) -- Acc 0.940/0.540(0.919)
[0 0 1 0 1 1 1 1 1 0 0 0 0 1 0 0 1 0 1 1 0 1 0 0 1 0 0 0 0 0 1 0 1 0 1 0 0
 0 0 1 1 1 0 0 0 1 1 0 0 1 1 1 0 0 1 0 1 0 1 1 0 1 1 0 0 0 0 1 1 1 1 0 1 1
 0 1 0 0 1 0 1 0 1 0 1 0 0 0 1 1 1 1 0 1 1 0 0 1 1 0]
At 18501/30000: COST 0.141/1.192(0.200) -- Acc 0.960/0.550(0.922)
[0 1 1 1 0 0 1 0 1 0 1 0 1 1 0 1 0 1 0 0 1 1 0 1 0 0 1 0 1 1 1 1 1 0 1 1 1
 1 1 1 1 1 0 1 1 0 0 1 0 0 0 0 1 1 0 1 1 1 0 1 1 1 1 1 0 1 0 0 1 0 0 1 0 1
 1 0 1 1 1 1 1 0 1 1 1 0 1 1 1 1 0 1 0 1 1 0 0 1 0 1]
At 18601/30000: COST 0.184/1.267(0.198) -- Acc 0.920/0.570(0.923)
[0 0 0 1 0 0 0 1 0 1 0 0 0 0 1 1 1 0 1 1 1 0 0 0 0 0 0 1 0 1 0 1 1 1 0 1 0
 1 1 1 0 0 1 1 0 1 0 0 1 0 1 1 1 0 0 0 0 0 1 0 0 0 0 0 1 0 0 0 1 0 0 1 1 1
 0 1 0 0 1 0 0 0 0 1 1 0 0 1 0 0 0 1 0 1 1 1 1 1 1 1]
At 18701/30000: COST 0.200/1.323(0.192) -- Acc 0.950/0.510(0.925)
[1 1 0 1 1 1 1 0 0 0 1 1 0 0 0 0 0 1 0 0 0 0 1 1 1 1 1 1 1 1 1 1 0 1 1 0 1
 0 1 1 1 0 1 1 0 1 1 0 0 1 1 0 0 1 1 1 1 1 1 1 0 1 0 1 0 1 1 1 0 0 1 1 1 0
 1 1 0 1 0 1 0 0 1 0 1 0 0 1 1 0 0 1 1 0 0 0 0 0 0 1]
At 18801/30000: COST 0.170/1.289(0.195) -- Acc 0.910/0.520(0.922)
[0 1 1 1 1 1 1 1 0 1 0 1 0 1 1 0 1 1 1 1 1 1 0 1 0 0 0 1 0 0 1 0 0 0 1 1 1
 1 0 0 1 1 1 1 0 1 0 1 0 0 0 1 1 1 0 1 1 0 0 1 1 1 0 0 1 0 0 0 0 0 1 0 1 1
 1 1 1 1 0 1 1 0 1 1 0 1 1 1 1 1 1 1 0 1 1 0 0 1 1 1]
At 18901/30000: COST 0.183/1.163(0.195) -- Acc 0.930/0.530(0.924)
[1 1 0 1 1 1 1 0 0 1 1 1 1 1 0 0 1 0 1 0 0 1 0 1 0 0 0 1 1 1 1 1 1 0 0 0 1
 0 0 0 1 1 1 1 0 1 1 0 0 0 1 0 1 1 1 0 0 0 0 0 1 0 0 1 1 0 0 0 1 0 1 1 0 0
 0 0 0 0 0 0 0 1 0 0 1 0 1 1 1 0 0 1 1 1 1 0 0 1 0 0]
At 19001/30000: COST 0.138/1.207(0.187) -- Acc 0.960/0.570(0.927)
[0 0 1 1 0 0 1 1 0 0 0 1 1 1 0 1 0 1 0 1 1 1 0 1 1 0 0 0 1 0 1 1 0 0 1 1 1
 0 1 1 1 0 1 0 0 0 0 1 1 1 0 0 0 1 0 1 0 1 1 0 0 1 0 1 0 1 0 1 0 0 1 0 1 0
 0 0 1 0 0 1 1 0 0 1 0 0 0 1 1 1 1 1 0 1 0 1 0 1 1 0]
At 19101/30000: COST 0.235/1.372(0.187) -- Acc 0.890/0.490(0.928)
[1 1 1 1 0 1 0 0 0 1 1 1 0 1 0 1 0 0 1 0 1 1 1 1 1 0 1 1 1 1 0 0 1 1 0 0 1
 1 0 0 1 1 0 1 0 0 0 1 1 0 1 0 0 0 0 1 0 0 1 0 1 0 0 1 0 0 0 0 1 0 1 1 0 0
 1 1 0 1 1 1 1 1 1 0 1 1 1 0 0 1 0 0 1 1 1 1 0 0 0 1]
At 19201/30000: COST 0.235/1.325(0.187) -- Acc 0.910/0.550(0.927)
[0 1 1 1 1 1 0 0 1 0 1 1 1 1 0 1 0 1 1 0 1 0 1 0 1 1 0 0 1 0 0 0 1 0 1 0 1
 1 1 0 1 0 1 0 0 1 1 1 1 1 1 1 1 1 0 0 0 1 1 1 0 1 1 0 0 0 1 1 0 0 1 0 1 1
 0 0 0 0 0 0 1 0 1 0 1 0 0 0 0 0 1 1 1 1 1 1 0 1 1 1]
At 19301/30000: COST 0.235/1.215(0.194) -- Acc 0.920/0.510(0.925)
[0 1 0 1 0 1 0 1 0 1 1 0 1 1 0 0 1 0 0 0 0 1 1 1 1 0 1 0 0 1 1 0 0 1 1 1 0
 0 1 1 1 1 1 1 1 1 0 1 0 1 1 1 0 0 1 0 0 1 1 0 0 0 0 1 1 1 1 1 1 0 1 0 1 1
 0 1 0 0 1 0 1 1 1 0 1 1 0 0 1 0 1 0 0 0 1 1 1 1 0 0]
At 19401/30000: COST 0.187/1.311(0.181) -- Acc 0.940/0.550(0.930)
[1 1 0 0 1 0 0 0 1 1 0 1 1 0 0 0 1 0 1 0 1 0 1 1 0 1 1 0 0 1 1 0 0 0 0 1 1
 1 0 0 0 1 1 1 1 1 0 1 1 0 1 0 0 1 1 1 0 1 1 0 0 1 1 0 1 1 1 1 0 0 0 1 1 0
 1 1 0 1 0 1 1 0 0 1 1 0 0 0 0 1 1 1 1 1 0 1 0 0 1 1]
At 19501/30000: COST 0.160/1.250(0.183) -- Acc 0.930/0.540(0.932)
[0 1 1 0 0 1 0 0 1 0 0 1 1 1 1 1 1 0 1 0 1 0 1 1 1 1 1 1 1 0 0 1 1 1 1 0 0
 1 1 0 0 1 0 0 0 1 1 0 1 1 0 1 1 1 1 0 0 0 0 0 1 1 0 1 1 1 0 0 1 0 1 0 1 1
 0 0 1 0 0 0 1 1 0 1 0 0 1 1 1 1 0 1 1 0 0 1 1 1 1 1]
At 19601/30000: COST 0.277/1.267(0.180) -- Acc 0.880/0.490(0.933)
[0 0 1 0 1 1 0 1 0 1 0 1 1 0 0 0 0 0 0 0 0 1 0 0 0 1 0 1 0 1 1 0 1 0 1 0 1
 0 0 0 0 1 1 0 0 1 0 0 0 1 1 0 0 0 0 0 1 1 0 0 0 1 0 1 1 1 1 0 1 0 0 1 1 1
 0 0 1 0 0 0 1 1 1 0 0 0 0 0 0 1 0 0 1 1 0 1 0 1 1 1]
At 19701/30000: COST 0.256/0.998(0.201) -- Acc 0.890/0.610(0.922)
[0 1 1 1 1 0 1 1 1 0 1 0 0 1 0 0 0 0 0 0 0 0 0 1 1 1 0 0 0 1 1 0 1 1 1 1 0
 0 0 0 0 0 0 0 1 1 0 0 1 0 0 1 0 1 0 0 1 0 1 1 0 0 1 1 1 1 0 0 0 1 0 1 0 0
 0 0 1 0 0 0 1 1 0 1 1 0 1 0 1 0 0 1 0 1 0 0 1 1 0 0]
At 19801/30000: COST 0.242/1.033(0.197) -- Acc 0.920/0.640(0.924)
[1 0 0 1 0 1 1 0 1 1 1 1 0 1 1 1 0 0 0 0 1 1 0 1 1 1 0 1 0 0 0 0 1 1 0 0 1
 0 0 1 1 1 1 1 0 1 0 1 1 1 0 0 0 1 1 0 0 0 1 0 1 0 0 1 0 0 0 0 1 1 1 1 0 0
 1 1 1 0 1 0 1 0 0 1 0 1 0 1 1 1 1 0 1 0 1 0 0 1 1 1]
At 19901/30000: COST 0.329/1.335(0.192) -- Acc 0.860/0.530(0.927)
[1 1 0 1 0 0 1 0 1 1 1 0 1 0 0 1 1 1 1 0 1 1 0 0 0 1 1 1 1 0 0 1 1 1 1 0 1
 0 0 0 1 1 1 0 0 1 0 0 1 1 1 1 1 1 0 0 1 0 1 0 1 1 0 0 0 1 1 0 0 1 0 0 0 1
 0 0 0 1 1 1 0 1 1 1 1 1 1 0 1 0 0 0 0 1 0 0 1 0 0 1]
At 20001/30000: COST 0.246/1.212(0.204) -- Acc 0.920/0.530(0.921)
[0 0 0 1 0 0 1 0 1 1 1 1 1 0 1 0 0 0 1 1 0 1 1 0 1 0 0 1 1 1 0 0 0 1 1 1 1
 1 1 1 1 1 0 0 1 1 1 0 1 0 0 1 1 0 1 1 0 1 1 1 1 0 0 0 0 0 1 0 1 0 0 1 0 1
 1 0 1 1 1 0 1 0 0 0 1 1 0 1 1 1 1 1 1 1 1 1 1 1 1 1]
At 20101/30000: COST 0.214/1.365(0.194) -- Acc 0.900/0.560(0.926)
[0 1 1 0 0 0 0 1 1 1 0 0 1 0 0 0 0 0 1 0 1 0 0 1 1 1 0 0 1 0 1 1 0 1 0 0 0
 1 1 1 0 0 0 0 1 0 1 0 1 1 1 0 0 1 0 0 0 1 0 1 1 0 0 1 0 1 0 0 1 1 0 0 1 1
 0 0 1 1 0 0 0 1 0 1 0 1 1 1 0 0 1 1 0 1 1 0 0 0 1 1]
At 20201/30000: COST 0.238/1.246(0.207) -- Acc 0.920/0.530(0.924)
[1 1 0 0 0 1 0 0 1 0 1 0 1 0 0 1 0 1 0 1 0 1 0 0 1 1 1 0 0 1 1 0 0 1 1 0 1
 0 0 1 1 1 0 1 0 1 0 1 1 1 1 0 1 0 0 0 0 1 1 0 0 0 1 0 1 1 1 0 0 1 0 1 0 0
 0 0 1 0 1 0 1 0 1 1 0 0 0 1 0 0 0 0 0 1 1 0 0 1 0 1]
At 20301/30000: COST 0.223/1.306(0.189) -- Acc 0.930/0.510(0.932)
[0 1 0 0 0 1 1 0 1 1 1 1 1 1 1 1 0 0 1 0 0 0 1 0 0 1 1 0 1 0 1 0 1 1 1 1 1
 0 1 1 0 0 0 1 1 0 1 1 0 1 0 0 0 1 0 1 1 1 0 1 1 1 0 1 0 0 0 1 1 1 0 0 0 0
 1 0 0 1 1 1 1 1 1 1 0 1 0 1 1 1 1 0 1 1 0 1 1 0 0 1]
At 20401/30000: COST 0.180/1.211(0.187) -- Acc 0.950/0.550(0.930)
[1 0 1 0 0 1 0 1 0 1 1 0 1 1 0 0 1 0 1 0 1 1 0 1 0 1 1 1 0 0 1 1 0 1 0 1 0
 1 1 0 0 0 0 0 0 0 1 1 1 1 1 0 1 1 0 0 1 1 1 0 0 1 1 0 1 1 1 1 1 1 0 0 0 0
 0 0 0 0 0 1 1 1 1 1 0 0 1 1 0 1 0 1 1 1 1 1 1 1 1 1]
At 20501/30000: COST 0.109/1.433(0.164) -- Acc 0.960/0.520(0.938)
[1 1 0 0 0 1 1 1 1 0 1 0 1 0 0 0 1 1 1 0 0 0 1 1 1 0 1 1 1 1 1 0 1 0 1 0 1
 1 1 1 1 1 0 0 0 1 1 0 0 1 1 1 0 1 0 1 0 0 1 0 1 1 0 0 1 0 0 1 1 1 0 0 1 0
 1 1 1 0 1 0 0 1 1 1 1 0 1 1 0 0 1 1 0 1 0 0 0 1 1 1]
At 20601/30000: COST 0.168/1.406(0.164) -- Acc 0.910/0.550(0.938)
[0 1 0 0 1 1 0 1 0 0 1 1 0 0 1 0 0 0 1 1 1 0 1 0 0 1 0 1 0 1 1 1 0 1 1 0 1
 0 1 0 0 0 1 0 0 1 0 0 1 0 1 0 1 1 1 0 0 1 1 1 0 1 1 0 1 0 0 1 1 1 1 1 0 0
 0 1 0 0 0 0 1 0 0 1 0 0 1 1 1 1 0 0 0 1 0 1 1 1 1 1]
At 20701/30000: COST 0.158/1.528(0.165) -- Acc 0.960/0.520(0.937)
[0 1 1 0 0 0 1 1 1 0 1 1 1 1 1 1 0 1 0 0 1 0 0 0 1 0 1 0 0 0 0 0 1 0 1 1 1
 0 0 0 1 0 1 1 1 0 1 1 1 1 0 0 0 1 1 1 1 0 1 1 1 1 1 0 1 0 0 0 1 1 0 1 1 1
 0 1 1 1 1 1 1 1 1 1 1 1 1 1 0 0 1 0 0 1 1 1 0 0 0 1]
At 20801/30000: COST 0.263/1.311(0.164) -- Acc 0.910/0.570(0.939)
[1 0 1 0 0 0 0 1 0 0 1 0 1 1 0 0 1 0 1 0 1 0 0 1 0 1 1 0 0 1 0 0 1 1 0 1 1
 0 0 1 1 1 0 1 0 1 0 1 1 1 1 1 1 1 0 0 0 0 1 0 0 0 1 1 1 1 1 0 1 0 1 0 1 0
 1 1 1 0 0 1 0 0 1 1 1 0 1 0 0 1 1 0 1 1 1 1 1 0 1 0]
At 20901/30000: COST 0.120/1.329(0.167) -- Acc 0.970/0.570(0.937)
[1 1 0 1 1 1 1 1 0 0 0 1 0 0 0 1 1 1 1 1 1 0 1 1 0 0 0 1 1 0 0 0 1 1 0 1 1
 1 1 1 1 1 1 0 1 1 1 0 0 0 1 1 1 1 0 1 1 1 1 1 1 0 1 1 1 1 1 0 0 1 1 0 1 0
 0 0 0 0 0 0 1 0 1 1 0 1 0 0 0 1 0 0 0 1 1 0 1 1 0 0]
At 21001/30000: COST 0.138/1.347(0.171) -- Acc 0.970/0.570(0.936)
[0 1 1 1 1 0 0 0 1 0 1 0 1 1 1 1 1 1 0 1 0 1 0 0 1 1 1 1 1 0 0 1 1 1 1 1 0
 1 1 0 0 0 1 1 0 0 0 1 1 1 0 0 1 1 1 1 1 0 1 0 1 0 1 0 0 0 1 0 1 0 0 1 1 0
 0 0 1 0 1 1 1 1 1 1 0 0 1 1 1 1 1 1 1 0 1 0 0 0 0 1]
At 21101/30000: COST 0.284/1.425(0.167) -- Acc 0.920/0.520(0.937)
[1 0 1 0 1 1 1 1 0 0 1 1 1 1 1 1 1 0 1 0 1 1 1 0 1 0 0 1 1 1 1 0 0 0 0 0 0
 1 0 1 0 0 1 1 1 1 0 1 1 1 1 0 0 1 1 1 1 0 0 1 1 1 1 0 1 0 0 0 1 1 0 1 1 1
 0 0 0 0 1 1 0 1 1 0 0 1 1 0 1 1 1 0 0 1 0 1 0 1 0 0]
At 21201/30000: COST 0.117/1.333(0.166) -- Acc 0.940/0.570(0.938)
[1 1 1 1 1 1 0 0 0 1 1 1 1 0 1 0 1 0 1 0 1 1 1 0 0 1 0 1 1 1 1 1 0 0 0 1 1
 1 0 1 1 0 1 1 1 0 1 1 0 1 0 0 1 0 1 0 1 0 1 1 1 1 1 1 1 0 1 0 1 0 0 1 1 0
 1 0 1 1 1 1 1 0 1 1 1 1 0 0 1 0 0 0 0 0 1 0 0 0 1 0]
At 21301/30000: COST 0.215/1.577(0.165) -- Acc 0.900/0.510(0.937)
[1 0 1 0 0 1 0 1 1 1 0 1 0 1 0 0 1 0 0 1 0 1 0 1 0 0 0 1 0 1 0 1 1 0 1 1 1
 1 0 1 0 0 1 0 0 1 0 1 0 1 1 1 1 1 1 0 0 1 1 1 0 0 1 0 0 0 0 0 1 1 0 0 1 1
 0 1 0 1 1 1 1 0 1 0 1 0 0 0 1 0 0 1 0 0 1 0 1 0 0 1]
At 21401/30000: COST 0.167/1.175(0.171) -- Acc 0.950/0.570(0.936)
[0 1 1 1 1 0 1 0 1 0 0 1 1 0 1 0 1 0 1 1 0 1 1 0 0 0 0 1 0 1 0 1 1 1 0 1 1
 1 1 1 1 0 0 1 0 0 1 1 1 1 0 1 0 0 1 0 0 0 1 1 1 1 1 1 1 1 0 0 0 1 1 1 0 1
 1 1 0 0 0 0 1 1 0 0 0 0 1 0 1 0 1 1 0 0 1 0 1 0 0 1]
At 21501/30000: COST 0.166/1.335(0.177) -- Acc 0.940/0.520(0.933)
[1 1 1 1 1 0 0 1 0 0 1 0 1 0 0 1 1 0 0 1 1 0 1 0 0 0 1 1 1 1 0 1 1 1 0 0 1
 1 0 1 0 1 0 0 1 0 1 1 0 0 1 0 1 1 0 0 1 0 1 1 0 0 1 0 1 1 1 1 1 1 1 0 1 1
 0 0 1 0 1 0 1 1 0 0 0 0 1 0 1 1 0 1 1 0 1 1 0 0 1 0]
At 21601/30000: COST 0.144/1.504(0.165) -- Acc 0.940/0.460(0.936)
[1 1 0 1 0 0 1 0 1 1 1 1 0 0 1 0 0 0 1 1 1 0 1 0 1 1 1 0 0 0 1 0 1 1 1 0 1
 0 0 0 0 1 0 1 1 0 0 1 1 0 1 0 1 0 1 1 1 1 0 1 1 1 0 1 1 1 1 0 0 0 0 0 1 1
 0 1 0 0 0 1 0 1 1 1 0 1 1 0 1 1 0 1 0 0 0 1 1 1 1 1]
At 21701/30000: COST 0.138/1.448(0.167) -- Acc 0.930/0.550(0.934)
[0 0 1 1 1 1 1 1 0 0 0 1 0 0 0 0 0 0 0 0 1 0 1 0 1 1 0 0 1 1 0 1 0 1 0 0 1
 1 1 0 0 0 1 0 1 1 1 0 1 0 1 1 0 0 1 1 0 0 1 0 1 1 0 1 0 0 0 0 1 0 0 0 0 0
 1 1 0 1 1 1 0 1 0 1 1 0 0 1 0 0 1 0 0 0 1 1 1 0 1 1]
At 21801/30000: COST 0.241/1.175(0.173) -- Acc 0.910/0.560(0.934)
[0 0 0 0 0 0 0 1 0 1 0 1 0 1 1 1 1 0 1 1 0 0 0 0 1 1 1 1 1 1 0 1 1 1 0 0 0
 1 0 1 1 0 0 1 1 1 1 1 1 1 1 1 1 0 0 0 1 0 0 0 1 1 0 0 1 1 1 1 1 0 1 0 0 1
 1 0 1 1 1 1 0 1 0 1 1 1 1 0 0 1 1 1 1 0 0 0 1 0 0 0]
At 21901/30000: COST 0.103/1.130(0.173) -- Acc 0.970/0.610(0.935)
[0 0 1 1 1 1 1 1 1 0 0 0 0 1 0 1 0 0 1 0 0 1 0 0 0 1 1 0 1 0 1 0 1 0 1 1 1
 1 1 0 1 1 0 0 1 1 1 1 1 0 0 0 0 1 0 0 1 0 0 0 0 0 0 1 1 1 0 0 0 0 0 1 1 1
 1 0 1 0 1 0 1 1 1 0 0 1 1 0 1 0 0 1 0 1 1 1 1 1 1 0]
At 22001/30000: COST 0.100/1.288(0.167) -- Acc 0.960/0.530(0.937)
[1 1 1 1 1 0 1 0 0 0 1 1 0 1 0 1 0 0 1 0 1 1 0 0 0 1 1 1 0 1 1 1 1 0 1 1 0
 1 0 0 0 0 1 0 1 1 0 1 1 1 0 1 0 1 1 1 1 1 0 1 1 0 0 1 0 1 1 0 0 1 1 0 0 0
 1 1 1 0 1 0 1 1 1 1 0 1 0 0 1 1 1 1 1 0 0 0 0 0 1 1]
At 22101/30000: COST 0.116/1.352(0.160) -- Acc 0.960/0.530(0.941)
[0 0 0 0 1 1 0 0 1 1 0 1 0 0 1 0 0 0 1 0 1 0 1 1 1 0 1 1 0 1 0 0 1 0 0 0 1
 1 1 1 0 1 0 0 1 0 1 1 0 1 1 1 0 1 1 0 1 1 1 1 0 1 0 1 1 1 0 1 1 0 1 1 1 1
 1 0 1 1 1 0 0 0 1 1 1 1 1 0 1 1 1 1 0 0 0 1 0 0 1 1]
At 22201/30000: COST 0.117/1.477(0.155) -- Acc 0.950/0.530(0.943)
[1 1 1 0 0 0 0 0 1 1 1 1 0 0 0 1 0 0 0 0 1 1 0 0 1 0 1 0 0 1 0 1 0 1 1 0 0
 1 1 1 0 1 0 1 0 1 1 1 0 1 1 0 0 0 0 1 1 1 0 0 0 0 1 1 1 1 1 0 1 1 1 0 1 1
 1 0 1 0 1 1 0 0 1 1 0 0 1 1 1 1 0 0 1 0 0 0 1 0 1 0]
At 22301/30000: COST 0.148/1.286(0.169) -- Acc 0.940/0.570(0.939)
[0 0 0 1 0 1 0 0 0 0 1 1 1 1 1 1 1 0 0 0 1 0 0 0 1 0 0 1 1 0 1 1 0 1 0 0 1
 0 0 0 1 1 1 1 0 0 1 1 1 1 1 1 1 0 1 0 1 0 1 1 1 0 1 0 1 0 1 0 0 1 0 1 0 1
 1 0 0 1 0 0 1 1 0 0 1 0 1 0 0 0 0 0 0 0 1 1 0 1 0 1]
At 22401/30000: COST 0.174/1.314(0.170) -- Acc 0.930/0.520(0.936)
[0 1 0 1 0 1 0 1 1 0 0 1 1 0 0 1 1 1 1 1 1 1 0 1 0 1 0 0 1 0 0 1 0 1 0 0 0
 1 1 0 0 1 1 1 1 1 1 0 1 0 0 0 0 0 1 1 1 0 1 1 1 1 0 0 0 1 0 1 0 1 0 1 0 1
 0 0 0 1 1 0 1 0 0 1 0 1 1 1 0 0 0 0 1 0 0 0 1 1 1 0]
At 22501/30000: COST 0.230/1.237(0.166) -- Acc 0.890/0.560(0.939)
[0 0 1 0 0 0 0 0 1 0 0 1 0 1 0 0 1 0 0 0 0 1 1 1 1 0 0 1 1 0 1 1 0 1 0 1 1
 1 0 1 0 1 1 0 1 0 1 1 0 1 1 1 1 0 0 0 0 1 1 1 0 1 1 0 1 1 0 0 0 0 0 1 1 1
 0 1 0 0 0 1 0 0 0 0 0 0 1 1 0 0 1 0 1 0 0 0 1 1 1 1]
At 22601/30000: COST 0.151/1.427(0.159) -- Acc 0.940/0.500(0.943)
[0 0 1 1 0 1 0 1 1 1 0 1 0 0 1 1 1 1 0 0 1 0 0 0 1 1 1 1 1 1 1 1 0 1 1 1 1
 1 1 0 0 1 1 0 0 1 0 1 0 0 0 1 1 0 1 1 1 0 1 0 1 0 1 1 1 0 1 0 0 1 1 1 1 1
 0 0 1 0 1 0 1 0 1 1 0 0 1 1 1 1 1 0 0 1 0 1 0 1 0 0]
At 22701/30000: COST 0.141/1.414(0.154) -- Acc 0.930/0.580(0.943)
[0 0 1 1 0 0 1 1 1 0 1 1 1 0 1 1 0 1 0 1 0 1 1 0 1 0 1 0 1 1 1 1 1 1 1 1 0
 0 0 0 0 0 1 0 1 0 1 0 1 1 1 1 0 0 1 1 1 0 0 0 1 1 0 1 0 0 1 0 1 1 1 0 0 1
 0 1 0 0 1 1 1 0 1 1 0 1 0 1 0 1 1 1 0 1 0 1 0 1 1 1]
At 22801/30000: COST 0.127/1.209(0.158) -- Acc 0.950/0.590(0.942)
[1 1 1 1 0 1 1 1 1 1 0 0 1 1 1 0 1 1 0 1 0 1 0 0 1 1 1 1 0 1 1 0 0 0 0 1 1
 0 0 0 1 1 1 0 1 0 0 0 1 1 1 0 0 1 0 0 1 0 1 0 1 1 0 1 1 1 0 1 1 1 1 0 1 0
 1 1 1 0 1 1 0 0 0 1 1 0 1 0 0 0 0 1 1 1 1 0 1 0 0 1]
At 22901/30000: COST 0.123/1.519(0.150) -- Acc 0.950/0.510(0.946)
[0 0 1 1 0 1 0 1 0 0 0 0 0 1 1 1 0 1 1 0 0 1 1 1 1 0 0 1 1 1 1 0 1 0 1 1 1
 1 1 0 0 1 0 1 0 0 1 1 1 1 0 0 0 1 1 1 0 1 0 0 1 0 0 0 1 0 1 0 1 0 0 0 1 0
 0 0 0 1 1 1 0 1 0 0 1 0 1 0 1 1 0 1 1 1 1 0 1 0 1 1]
At 23001/30000: COST 0.255/1.312(0.148) -- Acc 0.930/0.580(0.948)
[0 1 1 1 0 1 0 1 0 0 0 0 0 1 1 1 1 0 1 0 0 0 1 0 1 0 0 1 1 1 0 0 1 0 0 1 0
 1 0 1 1 0 1 0 0 0 0 0 0 0 1 1 1 1 1 1 1 1 0 0 0 1 1 1 1 1 0 0 0 1 0 1 0 1
 0 0 0 0 1 0 1 1 0 1 1 0 1 1 0 1 0 1 0 1 0 0 1 1 1 0]
At 23101/30000: COST 0.182/1.397(0.152) -- Acc 0.920/0.530(0.947)
[1 0 1 1 0 1 1 1 0 0 0 1 0 1 0 1 0 0 0 0 1 1 1 1 1 1 1 0 0 1 0 1 1 1 1 0 0
 0 0 0 1 0 1 1 1 0 1 0 1 1 0 1 0 1 0 0 1 1 1 1 0 1 1 1 1 0 0 1 0 1 1 0 0 0
 1 0 1 1 0 0 0 0 1 0 1 1 0 0 1 0 1 0 0 1 1 0 1 0 0 0]
At 23201/30000: COST 0.228/1.665(0.147) -- Acc 0.950/0.510(0.949)
[1 1 0 1 0 1 0 1 0 1 0 1 0 0 1 1 0 0 0 0 1 0 0 1 1 1 1 1 0 0 1 1 0 0 1 0 1
 1 1 0 0 0 1 1 1 1 1 0 0 1 1 0 1 1 0 1 0 0 0 1 0 0 1 1 0 0 1 1 1 1 1 0 1 1
 0 1 1 0 0 0 1 0 0 0 0 1 1 0 1 1 1 1 1 1 0 0 1 1 0 1]
At 23301/30000: COST 0.104/1.408(0.145) -- Acc 0.950/0.560(0.950)
[0 1 0 1 1 1 0 1 0 1 1 1 1 1 1 0 1 1 1 1 1 1 0 1 0 1 1 1 1 1 0 1 1 0 0 1 1
 0 0 1 1 1 1 1 1 1 0 1 1 1 0 1 1 0 0 1 0 1 1 1 1 1 0 1 1 0 1 1 1 1 0 0 1 1
 0 1 1 0 1 1 1 1 1 1 0 1 0 1 1 1 0 1 0 1 1 0 0 0 0 1]
At 23401/30000: COST 0.218/1.356(0.152) -- Acc 0.940/0.560(0.948)
[0 0 1 1 1 1 1 1 0 1 1 1 0 0 1 1 0 0 1 0 1 0 0 1 1 0 0 0 1 0 0 1 1 1 1 1 0
 0 0 1 1 1 1 0 0 1 0 0 0 0 0 1 1 0 1 1 0 0 0 1 1 1 0 1 0 0 0 1 1 0 1 0 0 1
 1 0 1 1 0 0 1 1 1 1 0 1 1 0 0 1 1 1 1 1 1 0 1 1 0 0]
At 23501/30000: COST 0.215/1.295(0.156) -- Acc 0.890/0.500(0.943)
[0 1 0 0 0 0 1 1 0 1 0 1 0 0 0 0 1 0 1 0 1 0 0 1 1 0 1 1 0 0 1 0 1 0 0 0 0
 1 0 0 1 0 0 0 0 1 1 0 0 1 1 1 0 0 0 1 1 0 1 1 1 0 0 1 1 0 1 1 0 1 1 1 0 1
 0 1 0 1 0 1 1 1 0 0 0 0 1 0 0 0 1 1 1 0 0 1 1 1 0 1]
At 23601/30000: COST 0.131/1.341(0.145) -- Acc 0.960/0.560(0.948)
[1 1 1 0 1 1 1 1 1 1 0 1 1 0 1 1 0 1 1 0 1 1 1 0 0 0 1 1 0 1 0 0 1 1 1 0 0
 0 1 0 1 0 0 0 1 0 1 0 0 0 0 0 0 0 0 0 0 0 0 0 1 0 1 1 1 1 0 1 1 1 0 0 0 1
 1 1 0 1 1 1 0 0 1 1 1 1 0 1 1 1 1 0 1 1 1 1 1 1 0 0]
At 23701/30000: COST 0.093/1.261(0.141) -- Acc 0.960/0.570(0.948)
[1 0 1 1 1 0 0 1 1 0 1 0 0 1 0 0 0 1 1 1 0 0 1 0 1 0 0 0 1 1 1 1 1 0 1 1 1
 0 0 0 0 0 1 1 1 1 1 0 1 1 0 1 0 0 0 1 0 0 1 1 1 1 0 1 1 1 0 1 0 1 0 1 0 1
 1 1 1 1 1 0 0 1 1 1 0 1 1 1 0 0 1 1 1 1 0 0 0 1 0 1]
At 23801/30000: COST 0.146/1.352(0.150) -- Acc 0.950/0.530(0.946)
[1 0 0 0 1 1 1 0 0 0 0 0 1 1 0 0 0 1 1 1 1 1 1 0 0 1 0 1 0 0 1 1 1 1 1 1 1
 1 0 0 1 1 0 0 0 0 0 0 0 1 0 0 1 1 1 1 0 1 1 1 1 1 0 1 0 1 0 0 1 1 0 0 0 1
 1 1 0 0 1 1 0 1 0 0 1 0 1 0 1 0 1 1 1 1 0 0 0 1 1 1]
At 23901/30000: COST 0.161/1.369(0.149) -- Acc 0.920/0.550(0.947)
[0 1 0 1 0 0 0 0 1 0 1 0 1 1 0 1 1 0 1 0 0 1 0 1 0 1 0 1 1 0 0 0 1 0 1 1 1
 0 1 1 0 1 0 0 1 1 0 1 1 0 0 0 0 1 0 0 0 0 1 0 0 0 1 0 1 0 1 1 0 0 0 1 0 0
 0 1 0 1 0 1 0 1 0 1 1 1 0 0 0 0 1 0 1 0 1 1 1 1 0 1]
At 24001/30000: COST 0.103/1.443(0.148) -- Acc 0.960/0.590(0.947)
[0 0 1 1 1 1 1 0 1 0 0 1 1 1 1 1 1 1 1 1 1 1 0 1 0 0 0 1 1 1 0 1 1 1 1 0 1
 1 0 1 1 1 0 1 0 0 0 1 0 0 1 0 1 1 1 0 0 1 0 0 0 1 1 0 1 0 0 1 1 0 0 1 1 1
 1 0 1 1 1 1 0 1 0 0 0 1 1 0 0 1 0 1 1 0 0 1 1 0 1 1]
At 24101/30000: COST 0.173/1.351(0.145) -- Acc 0.920/0.550(0.948)
[1 1 1 1 1 0 1 1 0 1 0 0 1 1 1 1 0 0 1 0 0 1 0 0 0 1 1 1 1 1 1 1 1 1 1 1 0
 0 1 1 0 0 0 1 1 0 0 0 1 0 1 1 0 1 1 0 1 0 0 0 1 1 1 0 0 0 0 0 0 0 1 1 0 1
 1 1 0 1 0 1 1 0 0 0 1 0 1 0 1 1 0 0 1 0 1 0 0 0 1 0]
At 24201/30000: COST 0.116/1.417(0.137) -- Acc 0.960/0.600(0.951)
[1 1 0 1 1 0 0 0 1 0 1 1 0 1 0 0 0 1 1 1 0 0 1 1 0 1 0 1 1 0 1 0 0 1 1 1 1
 1 1 1 1 0 0 0 1 1 0 1 1 1 1 1 1 0 1 1 0 0 0 0 1 0 1 1 1 0 0 1 0 1 0 1 1 1
 0 0 0 0 0 0 0 1 1 0 0 1 0 1 0 1 0 1 1 0 0 1 1 0 1 0]
At 24301/30000: COST 0.092/1.513(0.134) -- Acc 0.960/0.590(0.951)
[1 0 0 1 1 1 1 0 0 1 0 1 1 0 0 0 1 1 0 0 0 1 1 0 1 1 0 1 0 1 1 0 1 1 1 1 1
 1 0 0 0 0 1 1 1 1 1 0 0 1 1 0 1 0 0 1 1 1 1 1 1 0 0 1 1 0 1 0 0 1 0 1 1 0
 1 0 0 1 1 1 1 1 1 0 0 0 1 1 0 1 1 0 0 0 0 0 0 1 1 1]
At 24401/30000: COST 0.064/1.568(0.134) -- Acc 0.980/0.500(0.951)
[1 1 0 0 1 1 0 1 0 1 0 0 1 0 0 0 0 0 0 1 1 1 0 0 0 1 1 1 1 0 0 0 0 0 1 0 0
 1 0 0 0 0 1 1 0 1 1 0 1 0 0 1 1 1 1 0 1 1 0 1 0 1 1 1 0 1 0 1 0 1 0 1 0 1
 1 0 1 0 1 1 1 0 1 0 0 1 1 1 1 1 0 0 0 1 1 1 0 1 1 0]
At 24501/30000: COST 0.246/1.444(0.127) -- Acc 0.930/0.570(0.954)
[1 1 0 1 1 0 0 1 0 1 0 1 0 1 1 0 0 1 1 1 0 1 0 1 1 0 0 1 1 1 1 1 1 0 0 0 0
 1 0 1 1 1 0 1 1 0 0 1 1 1 0 1 0 0 0 1 1 1 1 0 1 1 0 1 1 0 0 1 1 1 1 1 1 0
 0 1 0 0 0 0 1 1 1 0 1 0 1 0 1 1 1 0 1 0 1 1 0 1 1 0]
At 24601/30000: COST 0.140/1.486(0.140) -- Acc 0.970/0.560(0.949)
[1 1 1 0 1 1 0 1 0 1 0 0 1 1 1 1 1 1 1 1 1 1 1 1 0 1 0 1 1 0 1 1 1 0 1 0 1
 1 1 1 1 1 1 0 0 0 1 1 0 0 1 1 0 1 1 1 1 1 1 0 1 1 1 0 0 1 1 0 0 1 0 1 1 1
 0 0 1 1 1 0 1 1 1 1 1 0 1 0 1 0 1 1 1 0 0 1 0 1 0 0]
At 24701/30000: COST 0.064/1.503(0.133) -- Acc 0.990/0.540(0.952)
[0 1 1 1 1 1 1 0 0 0 1 1 1 1 1 1 0 0 1 1 1 1 0 0 1 0 1 1 0 0 1 1 1 1 1 0 1
 0 1 0 1 0 0 1 0 1 1 1 1 0 1 1 1 0 0 0 1 0 1 1 1 1 1 0 0 0 1 1 0 0 1 1 1 1
 1 1 0 0 0 1 1 0 1 1 1 1 0 1 0 1 0 0 0 1 1 0 1 1 0 1]
At 24801/30000: COST 0.059/1.474(0.138) -- Acc 0.990/0.590(0.952)
[1 0 1 1 0 0 1 1 1 1 1 0 0 0 1 1 0 1 0 1 0 1 0 1 1 1 1 1 0 1 0 0 0 1 0 1 1
 1 0 1 1 1 1 0 0 1 1 1 1 0 1 0 0 1 1 1 1 0 1 1 1 0 1 1 1 1 0 0 1 0 0 0 0 1
 0 1 1 0 0 0 0 1 0 1 0 0 1 1 0 1 0 1 0 0 1 1 0 1 0 0]
At 24901/30000: COST 0.141/1.642(0.131) -- Acc 0.940/0.550(0.954)
[1 0 0 1 1 0 0 0 1 0 1 0 0 1 1 1 0 0 0 1 0 1 1 1 0 1 1 0 1 1 0 1 0 1 1 0 1
 0 1 0 1 1 0 1 1 1 0 0 0 1 1 0 1 0 0 1 1 0 0 0 0 1 0 1 1 1 1 1 1 1 1 0 1 1
 0 0 0 1 0 0 1 0 0 1 0 0 1 1 0 0 1 1 1 1 0 1 1 0 1 1]
At 25001/30000: COST 0.089/1.445(0.145) -- Acc 0.980/0.520(0.949)
[0 1 0 1 1 1 0 1 0 0 0 0 1 0 1 0 1 1 0 1 0 1 1 0 0 1 1 0 0 1 0 1 0 1 0 1 1
 1 1 1 1 0 1 1 1 0 0 0 1 1 1 0 0 1 1 1 1 1 0 0 0 0 1 1 1 0 1 1 1 1 1 1 1 1
 1 1 1 0 1 1 0 0 0 1 0 0 0 1 1 1 1 0 1 1 0 0 1 0 0 1]
At 25101/30000: COST 0.219/1.610(0.151) -- Acc 0.920/0.500(0.947)
[1 0 1 0 1 0 0 1 1 1 1 1 1 0 0 1 0 0 0 0 1 1 0 1 0 0 0 1 1 1 0 0 0 1 1 1 1
 0 1 1 1 1 1 0 0 0 0 1 1 1 0 0 0 0 1 0 1 1 1 1 0 0 1 0 0 0 1 1 0 1 1 0 0 0
 1 0 1 0 1 1 0 1 0 0 0 0 1 0 0 1 1 0 1 0 0 0 1 1 0 0]
At 25201/30000: COST 0.228/1.590(0.151) -- Acc 0.900/0.520(0.947)
[1 1 0 0 0 0 1 1 1 0 1 1 1 1 0 0 0 1 1 1 0 0 0 1 0 0 1 1 1 0 0 1 0 0 1 1 1
 0 1 1 1 1 1 1 1 1 1 0 1 1 0 1 0 0 0 1 1 0 1 1 1 1 0 0 0 1 0 1 0 1 1 0 0 1
 1 0 0 0 1 1 1 0 0 1 1 1 1 1 0 0 0 0 0 0 1 0 1 0 1 1]
At 25301/30000: COST 0.098/1.434(0.146) -- Acc 0.970/0.550(0.949)
[0 0 0 0 1 1 0 1 0 0 1 1 0 0 0 1 0 1 0 0 1 0 0 1 1 0 1 0 1 0 0 1 0 0 1 0 1
 0 0 1 0 1 0 0 1 1 1 1 1 0 1 1 0 0 1 1 1 0 0 1 1 0 0 1 0 1 0 1 0 1 1 0 1 1
 1 1 1 1 0 1 1 1 1 0 1 0 0 0 1 0 0 0 1 1 1 0 1 1 1 0]
At 25401/30000: COST 0.147/1.337(0.150) -- Acc 0.950/0.550(0.947)
[1 0 1 1 0 1 1 0 1 0 1 0 0 0 1 1 1 1 0 1 0 1 1 1 1 1 0 0 1 1 1 1 1 1 1 1 0
 0 1 0 1 1 1 0 1 1 1 1 1 1 0 1 0 1 1 0 0 1 0 1 0 1 0 1 1 0 0 0 0 1 1 0 1 1
 1 1 1 0 1 0 1 0 1 1 1 0 0 0 0 0 1 1 1 0 1 0 0 1 1 1]
At 25501/30000: COST 0.088/1.608(0.141) -- Acc 0.970/0.530(0.950)
[1 1 1 0 1 1 1 0 0 0 1 1 1 1 0 0 1 0 1 1 1 1 0 1 0 0 1 0 1 1 0 1 1 1 1 0 1
 0 1 1 1 0 0 1 0 1 1 0 1 0 1 0 1 1 1 1 0 0 1 1 0 0 0 1 1 0 1 1 0 0 0 1 0 0
 1 0 1 0 0 1 0 0 0 1 1 1 1 1 0 1 0 1 1 0 1 0 0 0 0 1]
At 25601/30000: COST 0.146/1.698(0.149) -- Acc 0.950/0.490(0.947)
[1 1 0 0 1 0 1 1 1 1 0 0 0 1 0 1 1 1 1 1 1 0 0 1 1 1 0 1 1 0 0 0 1 0 1 0 0
 0 1 1 0 1 0 1 0 1 1 1 1 1 0 0 1 0 0 1 1 1 1 0 0 0 0 1 1 1 0 0 1 0 0 1 1 1
 1 0 0 0 0 1 0 0 0 1 1 1 1 0 1 1 0 1 1 1 1 0 1 0 1 1]
At 25701/30000: COST 0.186/1.605(0.143) -- Acc 0.960/0.520(0.949)
[0 0 1 0 0 1 0 1 1 0 1 1 1 1 1 1 0 0 0 0 0 1 1 0 0 0 1 1 1 1 1 0 1 1 1 0 1
 1 1 1 0 1 1 1 1 0 1 0 0 0 1 1 0 1 1 1 0 0 0 1 1 0 0 0 1 1 0 1 0 0 0 0 1 1
 0 1 0 1 1 0 1 0 1 0 1 1 1 1 1 1 1 1 0 0 1 1 0 0 1 0]
At 25801/30000: COST 0.277/1.607(0.142) -- Acc 0.930/0.560(0.949)
[1 1 1 1 0 0 1 1 1 1 1 0 0 1 0 1 1 0 0 1 0 1 0 0 1 0 0 0 1 1 1 1 1 0 0 1 0
 0 1 1 1 0 0 1 0 1 1 0 1 0 0 1 1 1 1 0 0 0 0 0 0 1 0 0 1 1 1 0 0 0 0 0 0 1
 0 1 1 0 1 1 0 1 0 0 1 1 1 1 0 0 0 1 1 1 0 0 0 1 1 0]
At 25901/30000: COST 0.084/1.803(0.139) -- Acc 0.940/0.500(0.950)
[1 0 1 1 1 1 1 1 1 0 0 1 1 0 1 1 1 1 0 1 1 0 1 0 1 0 1 0 0 0 1 1 1 1 0 1 0
 1 0 1 0 1 1 1 0 1 0 0 1 1 0 0 1 0 1 0 0 0 0 0 1 0 0 1 1 1 0 1 1 1 1 1 1 1
 1 1 0 1 0 1 0 1 1 0 1 0 1 0 0 1 0 0 1 1 0 0 1 0 0 0]
At 26001/30000: COST 0.095/1.727(0.130) -- Acc 0.960/0.540(0.954)
[0 0 1 0 1 0 1 0 0 1 0 0 0 0 0 0 0 0 1 1 0 1 0 1 1 1 1 0 1 0 1 1 1 0 1 0 1
 0 1 1 1 1 0 1 1 0 1 0 1 0 0 1 0 1 0 1 0 1 0 0 0 1 1 0 1 0 0 1 0 1 0 1 1 0
 0 0 0 1 0 0 0 0 0 1 0 0 1 1 0 0 0 0 1 0 1 0 1 1 0 1]
At 26101/30000: COST 0.159/1.801(0.127) -- Acc 0.910/0.480(0.954)
[0 1 1 1 0 0 0 1 1 1 1 0 1 0 1 0 1 0 1 1 1 0 1 1 0 0 1 1 1 0 0 0 1 0 1 0 0
 0 1 1 0 0 1 0 1 0 1 0 0 0 0 0 0 0 0 1 0 1 1 1 0 1 0 1 0 0 0 0 0 0 1 0 1 0
 1 1 1 0 0 1 1 1 1 0 1 1 1 0 1 1 1 1 1 0 0 1 0 0 1 0]
At 26201/30000: COST 0.078/1.586(0.139) -- Acc 0.970/0.570(0.950)
[0 1 1 1 1 0 1 0 1 1 1 0 1 0 0 0 1 0 0 1 0 1 0 0 1 0 1 0 0 1 1 1 1 1 0 0 1
 1 0 1 0 1 0 1 0 0 0 1 1 0 0 0 1 1 0 0 0 1 1 0 1 0 1 0 0 1 0 0 1 1 0 0 1 1
 0 1 0 1 1 1 0 0 1 0 1 1 1 1 1 1 0 0 0 1 1 1 1 1 0 0]
At 26301/30000: COST 0.066/1.507(0.134) -- Acc 0.990/0.520(0.952)
[1 0 1 1 0 1 1 0 1 0 0 0 1 0 1 0 0 0 1 1 1 0 0 1 1 0 1 0 0 1 1 1 0 0 1 0 1
 0 1 1 0 0 1 0 0 1 0 1 0 0 0 1 0 1 1 0 0 1 1 1 1 1 0 1 1 1 1 1 1 0 1 1 0 0
 1 1 1 0 0 0 0 0 1 1 0 1 1 1 1 1 0 1 1 1 1 0 0 1 1 0]
At 26401/30000: COST 0.108/1.474(0.136) -- Acc 0.940/0.550(0.952)
[1 0 1 1 1 0 0 1 1 1 1 0 0 0 1 0 1 0 0 1 1 0 1 1 0 1 0 1 1 1 1 0 0 0 0 1 1
 1 1 0 1 0 1 1 0 1 0 0 1 1 1 1 1 0 1 0 1 0 1 0 0 1 1 1 1 0 0 1 1 0 0 1 1 0
 0 1 0 1 0 0 1 0 1 1 0 1 0 1 1 1 0 1 1 0 1 1 0 1 0 0]
At 26501/30000: COST 0.094/1.561(0.137) -- Acc 0.970/0.520(0.950)
[0 0 1 0 1 1 1 0 1 0 0 1 0 1 1 1 1 0 0 0 1 1 1 1 0 0 1 0 0 1 1 1 1 0 1 0 0
 1 1 1 1 1 0 1 0 1 0 0 0 0 1 0 0 1 0 1 0 0 1 0 0 1 0 0 1 0 1 1 1 1 1 1 1 1
 0 1 0 0 0 1 0 0 1 0 1 0 0 0 1 1 0 1 0 1 0 1 0 0 0 0]
At 26601/30000: COST 0.072/1.365(0.138) -- Acc 0.980/0.530(0.950)
[1 1 0 1 1 1 1 1 1 1 0 0 1 0 1 0 0 1 1 1 0 0 0 0 0 1 0 1 1 1 1 0 1 1 1 1 0
 1 0 1 1 1 0 0 1 1 1 1 1 1 1 1 0 1 0 1 1 1 1 0 0 1 1 0 0 0 0 1 0 0 1 0 1 0
 1 0 1 0 1 1 1 1 0 0 0 0 1 0 0 0 1 0 0 0 1 1 0 1 0 0]
At 26701/30000: COST 0.053/1.602(0.143) -- Acc 0.990/0.510(0.949)
[0 1 0 1 1 0 1 1 1 0 0 0 1 0 0 1 0 0 0 1 0 0 1 0 0 0 1 0 0 1 0 1 1 1 0 1 0
 0 1 1 1 0 1 1 1 1 0 1 1 0 1 0 1 0 1 1 0 0 1 1 1 0 1 0 0 1 0 0 1 1 1 1 0 1
 1 0 1 0 0 1 1 0 0 0 1 1 1 1 0 1 1 0 1 0 1 1 0 0 0 1]
At 26801/30000: COST 0.047/1.685(0.132) -- Acc 1.000/0.560(0.953)
[1 0 0 1 1 1 0 1 1 1 1 1 1 1 0 0 1 1 1 1 1 0 1 0 1 0 0 1 1 0 1 1 1 1 1 1 1
 0 0 1 0 1 1 1 0 0 1 1 1 1 0 1 1 1 1 0 0 1 1 1 0 0 0 0 0 1 1 1 1 1 1 0 0 1
 0 1 1 0 1 0 1 1 0 0 1 0 0 0 1 0 0 1 1 1 0 0 1 1 0 1]
At 26901/30000: COST 0.096/1.470(0.134) -- Acc 0.950/0.530(0.953)
[0 1 1 1 0 0 0 0 1 1 1 1 0 1 1 1 0 1 0 0 0 1 1 1 0 0 0 1 0 1 1 1 1 1 1 1 0
 0 0 0 1 1 1 1 0 1 1 1 0 1 1 0 1 1 1 0 1 1 0 1 0 0 0 1 1 1 1 1 1 0 1 0 1 1
 1 1 1 0 0 0 1 0 1 1 1 1 0 0 0 1 0 1 1 0 0 1 0 1 1 0]
At 27001/30000: COST 0.089/1.551(0.128) -- Acc 0.960/0.530(0.954)
[1 1 0 0 1 1 1 1 0 1 0 0 0 1 1 1 1 1 1 0 1 0 1 1 1 0 1 0 0 0 1 0 1 0 1 0 1
 1 1 1 0 1 1 1 1 0 1 1 0 1 1 0 1 0 1 1 1 0 1 1 0 0 0 1 0 0 0 0 1 1 0 0 1 1
 1 0 0 1 1 0 1 0 1 1 1 1 0 1 0 0 0 0 1 0 1 0 0 0 1 0]
At 27101/30000: COST 0.152/1.777(0.122) -- Acc 0.970/0.510(0.957)
[1 1 1 1 1 0 1 1 0 1 0 1 0 0 0 1 1 1 0 0 0 1 1 1 1 0 1 0 0 0 0 0 1 0 0 0 1
 1 0 1 0 0 0 1 0 0 1 0 0 0 1 1 1 1 1 0 0 0 1 0 0 0 0 1 0 1 0 1 1 1 0 1 1 1
 0 0 1 1 1 1 1 0 0 0 1 1 0 1 1 0 0 1 1 1 0 1 0 1 1 0]
At 27201/30000: COST 0.165/1.511(0.123) -- Acc 0.930/0.550(0.956)
[1 1 1 1 1 0 1 0 1 1 1 0 1 0 0 1 1 0 0 0 1 1 1 1 1 0 1 0 1 1 1 1 0 0 1 0 1
 0 1 0 1 1 1 1 0 0 1 0 1 0 1 0 1 0 1 1 1 0 1 1 1 1 1 0 1 1 1 1 1 1 0 0 1 1
 1 1 1 0 1 1 1 1 0 0 0 0 0 1 1 0 0 0 1 1 1 1 1 1 1 1]
At 27301/30000: COST 0.057/2.006(0.111) -- Acc 0.970/0.510(0.961)
[0 0 1 0 0 1 1 1 0 0 1 1 0 0 0 1 1 0 0 0 1 0 0 1 0 1 1 1 0 1 1 0 1 1 1 1 1
 1 0 0 1 1 0 1 0 1 0 1 0 0 0 1 1 1 0 0 0 0 0 0 1 0 0 1 1 1 1 0 0 1 0 1 0 0
 0 0 0 1 1 1 0 1 1 1 0 1 1 1 1 1 0 1 1 0 1 1 0 0 0 1]
At 27401/30000: COST 0.127/1.393(0.131) -- Acc 0.940/0.570(0.952)
[1 1 1 0 1 1 0 0 1 0 1 1 1 1 0 1 0 1 1 0 0 1 0 0 1 1 0 0 0 0 0 1 0 0 0 0 1
 0 0 1 0 1 0 0 0 1 0 0 0 0 1 1 0 0 0 1 0 0 1 1 1 1 1 0 0 1 0 0 1 1 0 1 1 0
 0 1 1 1 1 1 1 0 0 0 0 0 0 0 0 1 0 1 1 1 0 0 0 0 1 0]
At 27501/30000: COST 0.131/1.970(0.122) -- Acc 0.960/0.460(0.956)
[0 1 0 0 1 0 1 1 0 0 1 1 1 1 1 1 1 0 0 1 1 0 0 1 1 1 1 1 1 1 0 0 1 1 1 1 1
 1 0 0 1 0 0 1 0 1 1 0 1 0 1 1 0 1 0 0 1 1 0 0 1 0 1 0 0 0 1 1 0 1 0 0 0 1
 1 1 1 1 1 1 1 1 0 1 0 1 0 1 0 1 0 1 1 1 1 1 0 0 1 0]
At 27601/30000: COST 0.081/1.738(0.118) -- Acc 0.970/0.550(0.958)
[1 1 1 1 1 1 0 1 1 1 1 0 1 0 1 1 0 1 1 1 0 1 0 1 1 0 0 1 1 1 1 1 0 1 0 1 1
 1 0 1 0 1 0 1 0 1 0 0 1 0 0 1 0 1 0 1 0 1 0 0 0 1 1 0 0 0 1 0 1 0 0 1 0 0
 0 1 0 1 0 1 0 0 1 0 1 1 1 0 1 1 0 1 1 1 1 1 0 1 1 0]
At 27701/30000: COST 0.243/1.525(0.123) -- Acc 0.920/0.570(0.956)
[0 0 0 1 1 0 0 1 1 1 1 1 1 1 0 0 1 0 0 1 1 0 1 0 1 1 0 0 0 1 1 1 1 1 0 1 1
 1 0 0 0 0 0 1 0 1 1 0 1 0 1 0 1 0 0 0 1 1 0 1 1 0 1 0 1 1 1 1 1 0 1 1 1 1
 1 0 0 1 1 1 0 0 0 1 0 1 1 1 0 0 1 0 1 0 0 1 1 1 1 0]
At 27801/30000: COST 0.134/1.576(0.134) -- Acc 0.950/0.560(0.954)
[1 1 1 1 1 1 0 1 1 1 0 0 1 1 1 0 1 0 1 0 1 1 0 1 0 0 1 0 0 1 1 0 1 0 1 0 1
 1 0 0 1 1 1 1 1 1 0 0 1 1 0 1 1 0 0 0 0 1 0 0 0 1 1 0 1 1 1 1 1 0 0 0 1 0
 1 0 0 0 1 0 0 1 1 0 0 1 0 1 1 1 1 0 0 1 0 0 0 1 1 0]
At 27901/30000: COST 0.112/1.592(0.123) -- Acc 0.940/0.560(0.957)
[0 0 1 1 1 0 0 0 0 1 1 1 1 0 1 1 1 0 1 1 0 1 0 0 1 0 1 0 1 1 0 1 1 1 1 1 1
 1 0 1 1 0 1 0 1 0 0 1 1 1 1 1 1 0 1 1 1 0 0 1 1 1 0 0 1 0 1 0 0 1 0 1 1 1
 1 0 1 1 0 0 0 0 0 0 1 1 1 0 0 0 0 0 1 1 1 1 1 1 1 0]
At 28001/30000: COST 0.127/1.792(0.125) -- Acc 0.970/0.480(0.957)
[1 0 0 0 1 1 1 1 0 0 0 1 1 0 1 1 0 1 0 1 0 1 1 0 0 1 0 1 0 0 1 1 1 1 0 1 1
 1 1 1 1 0 0 1 1 0 0 1 1 1 0 1 1 0 1 0 1 1 0 1 1 1 1 1 1 0 1 1 0 1 1 1 0 0
 1 0 0 1 0 0 1 1 1 1 1 0 1 0 0 0 0 0 0 0 1 0 1 1 1 1]
At 28101/30000: COST 0.123/2.001(0.120) -- Acc 0.960/0.500(0.960)
[0 1 1 1 0 1 0 0 1 1 0 1 1 0 1 1 0 1 1 1 0 1 1 0 1 1 0 1 1 1 1 1 1 1 0 1 1
 1 0 0 0 0 1 0 1 0 1 0 1 0 0 0 1 0 1 0 1 0 0 1 0 1 1 0 1 1 1 0 1 1 1 0 1 0
 0 0 0 1 1 0 0 1 0 1 0 1 0 1 0 0 1 0 1 0 1 0 1 1 1 1]
At 28201/30000: COST 0.065/1.598(0.121) -- Acc 0.970/0.560(0.959)
[1 0 0 1 0 0 1 0 0 1 1 0 0 0 0 1 1 0 1 0 0 0 0 0 1 1 1 0 1 0 0 1 0 0 1 1 1
 0 1 0 0 1 0 0 1 1 0 1 1 0 0 0 1 0 0 1 0 0 0 0 0 0 0 1 0 0 1 0 1 1 1 0 0 1
 0 0 0 1 0 1 0 1 0 0 1 0 0 1 1 0 0 0 0 1 1 1 1 1 0 1]
At 28301/30000: COST 0.057/1.801(0.121) -- Acc 0.970/0.510(0.958)
[0 0 0 1 0 1 0 1 1 1 0 1 0 0 1 1 0 1 1 1 1 1 1 1 1 1 1 1 0 1 0 1 1 0 0 1 1
 1 1 1 1 1 1 1 0 0 1 1 0 1 1 0 0 1 0 0 0 1 1 0 1 0 0 0 0 0 1 1 0 0 1 1 0 1
 0 0 1 0 0 1 0 0 1 0 0 1 1 0 0 1 1 0 0 1 1 1 1 1 1 1]
At 28401/30000: COST 0.026/1.524(0.110) -- Acc 0.990/0.590(0.962)
[0 0 1 0 1 0 0 1 1 0 0 1 0 0 1 1 1 0 1 1 0 0 1 0 0 1 1 0 0 0 0 0 0 0 0 1 1
 0 1 1 1 0 1 1 1 1 1 0 1 0 0 1 0 1 1 1 1 0 1 1 1 0 1 1 1 1 1 0 0 0 1 0 0 0
 1 0 1 1 1 1 1 0 1 1 1 0 0 1 1 0 1 1 1 1 1 1 1 0 1 1]
At 28501/30000: COST 0.182/2.008(0.102) -- Acc 0.940/0.510(0.964)
[1 0 1 0 0 0 0 0 1 1 1 1 0 1 0 1 0 1 0 0 0 0 1 0 1 1 0 1 0 0 1 1 1 0 1 0 1
 1 1 1 1 1 0 0 1 1 0 1 1 0 1 0 1 0 0 1 1 0 1 1 0 0 0 0 1 0 0 1 0 0 1 1 1 1
 0 0 0 1 1 0 0 1 1 1 0 1 1 0 0 1 1 0 0 0 1 1 0 1 1 0]
At 28601/30000: COST 0.076/1.786(0.112) -- Acc 0.970/0.510(0.961)
[0 1 1 1 1 0 0 0 1 1 0 1 1 1 1 1 1 1 0 0 0 1 1 1 1 1 1 1 1 0 1 1 1 0 0 0 0
 0 1 0 1 0 1 1 1 1 1 0 0 1 0 1 0 1 1 0 0 1 1 1 0 1 0 1 0 0 0 1 0 1 0 0 1 0
 0 0 0 1 0 1 1 0 1 1 0 0 1 0 0 0 1 0 1 1 0 1 0 0 1 0]
At 28701/30000: COST 0.074/1.704(0.116) -- Acc 0.960/0.510(0.960)
[1 1 1 1 0 0 1 1 0 1 0 0 1 1 0 1 1 1 0 1 0 1 1 1 0 0 1 0 1 0 1 1 0 0 1 1 1
 0 1 1 1 1 1 1 0 1 1 0 1 0 0 0 1 1 0 1 1 1 0 0 0 0 0 1 0 0 1 0 0 0 1 1 1 1
 1 0 1 1 0 0 1 0 0 0 1 0 0 1 1 1 0 1 0 1 1 1 0 0 0 1]
At 28801/30000: COST 0.162/1.471(0.125) -- Acc 0.940/0.530(0.957)
[1 0 0 1 1 1 0 1 1 1 1 0 1 1 1 1 0 0 0 0 1 0 1 0 1 1 0 1 0 0 1 0 0 0 0 1 1
 1 1 0 1 1 0 1 0 0 1 0 0 1 0 0 0 1 0 1 1 0 0 0 1 0 0 1 0 1 1 0 1 0 1 1 0 1
 0 0 0 0 0 0 1 1 1 0 1 1 0 1 1 0 1 1 0 0 1 1 1 1 0 0]
At 28901/30000: COST 0.024/1.588(0.113) -- Acc 1.000/0.540(0.961)
[1 0 0 0 0 1 1 1 1 0 1 0 1 0 0 1 0 1 0 1 1 0 1 0 0 0 1 1 1 1 1 1 1 0 1 1 0
 0 1 1 1 0 0 0 1 1 0 0 0 0 0 0 1 1 1 1 1 1 1 1 1 0 1 1 1 1 0 1 0 0 0 0 0 1
 1 1 1 1 1 0 0 1 0 1 0 0 0 0 0 0 0 1 0 0 0 1 0 1 0 1]
At 29001/30000: COST 0.114/1.417(0.108) -- Acc 0.960/0.590(0.963)
[1 0 1 1 0 1 0 1 0 0 1 1 0 1 0 0 0 0 0 0 1 1 1 0 0 1 0 1 1 1 0 1 1 0 0 1 0
 0 1 0 1 1 0 0 1 0 0 1 0 0 1 0 1 1 1 0 0 1 1 1 0 1 1 1 0 0 1 1 0 1 1 1 1 0
 0 0 1 1 0 1 1 0 1 1 1 0 0 1 1 0 0 1 0 0 1 0 0 0 1 0]
At 29101/30000: COST 0.094/1.549(0.111) -- Acc 0.980/0.520(0.962)
[0 1 1 1 0 0 0 0 1 1 1 0 1 1 1 0 1 1 0 1 1 1 0 1 0 1 1 1 0 0 0 1 1 0 0 1 0
 0 1 1 1 0 0 1 1 0 0 1 0 1 1 1 1 1 0 0 0 0 0 0 1 0 1 1 1 0 0 1 0 1 1 0 1 0
 0 0 1 1 0 0 0 1 1 0 0 0 1 0 1 0 1 1 0 0 1 1 1 1 1 1]
At 29201/30000: COST 0.174/1.404(0.123) -- Acc 0.910/0.550(0.957)
[0 1 0 0 0 0 1 1 0 1 1 1 1 0 1 1 0 0 0 1 1 0 0 1 1 1 0 1 0 0 0 1 1 0 1 1 0
 0 0 1 1 1 1 1 1 0 1 1 0 1 1 1 0 0 1 1 0 1 1 1 1 1 0 0 0 1 1 1 0 1 0 1 1 0
 1 1 0 0 0 1 1 1 1 1 1 0 1 0 0 1 0 0 0 0 0 0 1 1 1 1]
At 29301/30000: COST 0.142/1.567(0.113) -- Acc 0.960/0.540(0.961)
[1 1 0 1 0 0 1 0 1 1 0 1 1 1 0 0 1 0 1 1 1 0 1 1 1 1 1 1 1 0 0 0 0 0 0 1 0
 0 1 0 1 0 0 0 0 1 1 1 0 0 1 0 0 0 1 1 1 0 1 0 1 0 1 1 0 1 0 1 0 1 1 1 0 0
 1 1 1 1 0 0 1 0 0 0 1 0 1 1 1 0 1 1 0 0 0 1 1 1 1 0]
At 29401/30000: COST 0.226/1.678(0.110) -- Acc 0.910/0.590(0.961)
[0 0 1 1 1 1 0 0 1 1 1 0 0 0 1 0 0 1 1 0 1 1 0 1 1 1 0 1 1 1 0 0 1 0 0 0 0
 0 0 0 1 0 1 0 1 1 1 0 1 0 1 0 0 1 1 0 0 1 1 1 0 1 0 0 0 0 1 1 1 0 1 0 0 0
 1 1 0 1 0 0 1 0 0 1 1 0 0 1 0 1 1 0 1 1 1 0 0 1 0 0]
At 29501/30000: COST 0.051/1.668(0.111) -- Acc 0.980/0.480(0.960)
[1 0 0 1 0 1 1 1 0 1 1 1 0 1 0 1 1 1 1 1 0 1 0 0 1 1 1 1 0 0 0 1 1 0 0 1 0
 1 0 1 1 0 0 0 1 0 0 1 1 0 0 1 0 1 1 1 0 1 0 0 0 0 1 0 0 1 1 1 0 1 0 1 1 1
 0 0 0 1 0 0 0 0 0 0 1 0 1 0 0 1 1 1 0 0 1 1 0 0 0 0]
At 29601/30000: COST 0.040/1.691(0.109) -- Acc 0.990/0.540(0.961)
[0 1 0 0 1 0 1 0 0 1 1 1 0 1 0 1 1 1 1 0 1 0 0 0 1 0 1 1 1 1 1 1 1 1 1 1 0
 0 1 1 0 1 1 0 1 1 1 1 0 0 0 1 0 0 0 1 1 0 1 1 0 1 1 0 1 1 0 0 1 0 1 0 1 0
 1 1 1 1 1 1 0 1 0 1 1 0 1 1 1 1 0 1 1 1 1 1 0 1 0 0]
At 29701/30000: COST 0.156/1.626(0.112) -- Acc 0.940/0.550(0.960)
[1 0 1 1 1 1 1 1 1 1 1 0 0 0 0 0 1 0 1 0 0 1 1 1 0 1 1 0 1 0 1 1 1 1 0 0 0
 0 1 1 1 1 1 1 0 0 0 0 0 1 0 1 0 0 0 1 0 0 1 1 0 0 1 1 0 0 1 1 0 0 1 1 1 1
 0 0 0 0 0 0 1 1 1 1 1 0 1 0 1 1 0 0 1 1 0 1 1 0 1 0]
At 29801/30000: COST 0.176/1.724(0.114) -- Acc 0.940/0.530(0.961)
[0 0 0 0 1 1 1 1 1 0 0 0 1 1 0 1 0 1 1 0 0 0 1 0 1 0 0 1 0 1 0 0 0 1 0 1 1
 0 0 1 1 0 0 1 1 1 0 1 1 0 0 1 0 1 1 1 0 0 1 1 0 1 1 0 1 1 0 1 0 0 0 0 1 1
 0 0 1 1 0 1 1 0 1 1 1 1 1 1 0 1 0 1 1 0 1 1 1 0 1 1]
At 29901/30000: COST 0.157/1.706(0.123) -- Acc 0.960/0.560(0.958)
