[0 0 0 0 1 0 0 0 0 0 0 0 0 0 0 0 0 0 0 0 0 0 0 0 0 0 0 0 0 0 0 0 0 0 0 0 0
 0 0 0 0 0 0 0 0 0 0 0 0 0 0 0 0 0 0 0 0 0 0 0 0 0 0 0 0 0 0 0 0 0 0 0 0 0
 0 0 0 0 0 0 0 0 0 0 0 0 0 0 0 0 0 0 0 0 0 0 0 0 0 0]
 Training accuracy at 0 out of 20000 is 0.458(0.500),cost is 5.609(0.764)
[1 1 1 1 1 1 1 0 0 0 1 0 1 1 0 1 1 0 1 0 0 1 1 0 1 1 1 0 0 1 1 0 1 1 1 1 0
 1 1 1 0 1 0 0 1 1 1 0 1 0 1 1 1 1 1 1 1 1 0 1 0 0 1 1 0 1 1 1 1 1 1 0 1 0
 1 1 1 1 1 1 1 1 0 0 1 1 1 1 0 0 0 1 1 1 1 0 1 1 0 0]
 Training accuracy at 100 out of 20000 is 0.814(0.530),cost is 3.343(0.760)
[1 1 1 1 1 1 1 0 0 0 0 1 1 1 0 1 0 0 0 1 1 1 1 0 1 1 0 0 0 1 1 0 1 1 1 1 0
 1 1 1 1 1 0 0 1 1 1 0 1 0 0 1 1 1 1 1 1 1 0 1 0 0 0 1 0 1 1 1 1 1 1 0 0 0
 1 1 1 1 0 1 0 1 1 1 1 1 1 1 0 0 0 1 1 1 1 0 1 1 0 0]
 Training accuracy at 200 out of 20000 is 0.954(0.580),cost is 1.605(0.902)
[1 1 1 1 1 1 1 0 0 1 0 1 1 1 0 0 0 0 0 1 1 1 1 0 1 1 0 0 0 1 1 0 1 1 0 1 0
 0 1 1 1 0 0 0 1 1 1 0 1 0 0 1 1 1 1 1 0 0 0 1 0 1 1 1 0 1 1 1 1 0 1 0 0 1
 1 1 0 1 0 1 0 1 0 1 1 0 1 0 0 1 1 1 1 0 1 0 0 1 0 0]
 Training accuracy at 300 out of 20000 is 0.990(0.530),cost is 0.685(1.156)
[1 1 1 1 1 1 1 0 0 1 0 1 1 1 0 0 0 0 0 1 1 1 1 0 1 1 0 0 0 1 1 0 1 1 1 1 0
 0 1 1 1 1 0 0 1 1 1 0 1 0 0 1 1 1 0 1 0 0 0 1 0 0 1 1 0 1 1 1 1 0 1 0 0 1
 1 1 1 1 0 1 0 1 0 1 1 0 1 0 0 0 1 1 1 0 1 0 0 1 0 0]
 Training accuracy at 400 out of 20000 is 1.000(0.550),cost is 0.291(1.299)
[1 1 1 1 1 1 1 0 0 1 0 1 1 1 0 0 0 0 0 1 1 1 1 1 1 1 0 0 0 1 1 1 1 1 1 1 0
 0 1 1 1 1 0 0 1 1 1 0 1 0 0 1 1 1 1 1 0 0 0 1 0 1 1 1 1 1 1 1 1 0 1 0 0 1
 1 1 1 1 0 1 0 1 0 1 1 0 1 0 0 1 1 1 1 0 1 0 1 1 0 0]
 Training accuracy at 500 out of 20000 is 1.000(0.540),cost is 0.191(1.622)
[1 1 1 1 1 1 1 0 0 1 0 1 1 1 0 0 0 0 0 1 1 1 1 1 1 1 0 0 0 1 1 0 1 1 1 1 0
 0 1 1 1 0 0 0 1 1 1 0 1 0 0 1 1 1 0 1 0 0 0 1 0 1 0 0 0 1 1 1 1 0 1 0 0 1
 1 1 1 1 0 1 0 1 0 1 1 0 1 0 0 0 0 1 1 0 1 0 1 1 0 0]
 Training accuracy at 600 out of 20000 is 1.000(0.580),cost is 0.087(1.935)
[1 1 1 1 1 1 1 0 0 1 0 1 1 1 0 0 0 0 0 0 1 1 1 0 1 1 0 0 0 1 1 0 1 1 1 1 0
 0 1 1 1 1 0 0 1 1 1 0 1 0 0 1 1 1 0 1 0 0 0 1 0 0 1 0 0 1 1 1 1 0 1 0 0 1
 1 1 1 1 0 1 0 1 0 0 1 0 1 0 0 0 0 1 1 0 1 0 0 1 0 0]
 Training accuracy at 700 out of 20000 is 1.000(0.570),cost is 0.075(1.888)
[1 1 1 1 1 1 1 0 0 1 0 1 1 1 0 1 0 0 0 1 1 1 1 0 1 1 0 0 0 1 1 0 1 1 1 1 0
 0 1 1 1 1 0 0 1 1 1 0 1 0 0 1 1 1 0 1 0 0 0 1 0 1 1 0 0 1 1 1 1 0 1 0 0 1
 1 1 1 1 0 1 0 1 0 1 1 1 1 0 0 0 1 1 1 1 1 0 1 1 0 0]
 Training accuracy at 800 out of 20000 is 1.000(0.570),cost is 0.062(2.115)
[1 1 1 1 1 1 1 0 0 1 0 1 1 1 0 0 0 0 0 1 1 0 1 0 1 1 0 0 0 1 1 0 1 1 1 1 0
 0 1 1 1 1 0 0 1 1 1 0 1 0 0 1 1 1 0 1 0 0 0 1 0 1 1 0 0 1 1 1 1 0 1 0 0 1
 1 1 1 1 0 1 0 1 0 0 1 0 1 0 0 1 1 1 1 1 1 0 1 1 0 0]
 Training accuracy at 900 out of 20000 is 1.000(0.560),cost is 0.042(2.331)
[1 1 1 1 1 1 1 0 0 1 0 1 1 1 0 0 0 0 0 1 1 0 1 0 1 1 0 0 0 1 1 0 1 1 1 1 0
 0 1 1 1 1 0 0 1 1 1 0 1 0 0 1 1 1 0 1 0 0 0 1 0 1 1 0 0 1 1 1 1 0 1 0 0 1
 1 1 1 1 0 1 0 1 0 1 1 0 1 0 0 0 0 1 1 1 1 0 0 1 0 0]
 Training accuracy at 1000 out of 20000 is 1.000(0.560),cost is 0.042(2.577)
[1 1 1 1 1 1 1 0 0 1 0 1 1 1 0 0 0 0 0 1 1 0 1 0 1 1 0 0 0 1 1 0 1 1 1 1 0
 0 1 1 1 1 0 0 1 1 1 0 1 0 0 1 1 1 0 1 0 0 0 1 0 1 1 0 0 1 1 1 1 0 1 0 0 1
 1 1 1 1 0 1 0 1 0 0 1 0 1 0 0 0 0 1 1 0 1 0 0 1 0 0]
 Training accuracy at 1100 out of 20000 is 0.999(0.540),cost is 0.047(2.642)
[1 1 1 1 1 0 1 0 0 1 0 1 1 1 0 0 0 0 0 1 1 0 1 0 1 1 0 0 0 1 1 0 1 1 1 1 0
 0 1 1 1 1 0 0 1 1 1 0 1 0 0 1 1 1 0 1 0 0 0 1 0 1 1 0 1 1 1 1 1 0 1 0 0 1
 1 1 1 1 0 1 0 1 0 1 1 0 1 1 0 0 1 1 0 1 1 0 0 1 0 0]
 Training accuracy at 1200 out of 20000 is 1.000(0.530),cost is 0.027(3.011)
[1 1 1 1 1 1 1 0 0 1 0 1 1 1 0 0 0 0 0 1 1 0 1 0 1 1 0 0 0 1 1 0 1 1 1 1 0
 0 1 1 1 1 0 0 1 1 1 0 1 0 0 1 1 1 0 1 0 0 0 1 0 0 1 0 0 1 1 1 1 0 1 0 0 1
 1 1 1 1 0 1 0 1 0 1 1 0 1 1 0 0 1 1 0 1 1 0 0 1 0 0]
 Training accuracy at 1300 out of 20000 is 1.000(0.560),cost is 0.023(2.918)
[1 1 1 0 1 1 1 0 0 1 0 1 1 1 0 0 0 0 0 0 1 0 0 0 1 1 0 0 0 1 1 0 1 1 1 0 0
 0 1 1 1 0 0 0 1 1 1 0 1 0 0 1 1 1 0 1 0 0 0 0 0 1 1 0 0 1 1 1 1 0 1 0 0 1
 1 1 1 1 0 1 0 1 0 1 1 0 1 0 0 0 0 1 0 0 1 0 0 0 0 0]
 Training accuracy at 1400 out of 20000 is 1.000(0.490),cost is 0.029(3.066)
[1 1 1 1 1 0 1 0 0 0 0 1 1 1 0 0 0 0 0 1 1 0 1 0 1 1 0 0 0 1 1 0 1 1 1 1 0
 0 1 1 1 0 0 0 1 1 1 0 1 0 0 1 1 1 0 1 0 0 0 1 0 1 0 0 1 1 1 1 1 0 1 0 0 1
 1 1 0 1 0 1 0 1 0 0 1 0 1 1 0 0 0 1 0 0 1 0 1 0 0 0]
 Training accuracy at 1500 out of 20000 is 1.000(0.520),cost is 0.024(3.386)
[1 1 1 1 1 1 1 0 0 1 0 1 1 1 0 0 0 0 0 0 1 0 0 1 1 1 0 1 0 1 1 0 1 1 1 0 0
 0 1 1 1 0 0 0 1 1 1 0 1 0 0 1 1 1 0 1 0 0 0 1 0 1 1 0 1 1 1 1 1 0 1 0 0 1
 1 1 0 1 0 1 0 1 0 1 1 0 1 1 0 0 0 1 1 0 1 0 0 0 0 0]
 Training accuracy at 1600 out of 20000 is 1.000(0.530),cost is 0.028(3.090)
[1 1 1 1 1 1 1 0 0 1 0 0 1 1 0 0 0 0 0 1 1 1 0 1 1 1 0 0 1 1 1 0 1 1 1 1 0
 0 1 1 1 0 0 0 1 1 1 0 1 0 0 1 1 1 0 1 0 0 0 1 0 1 0 0 0 1 1 1 1 0 1 0 0 1
 1 1 0 1 0 1 0 1 0 0 1 0 1 0 0 1 0 1 1 0 1 0 0 1 0 0]
 Training accuracy at 1700 out of 20000 is 1.000(0.590),cost is 0.025(2.967)
[1 1 1 1 1 1 1 0 0 1 0 1 1 1 0 0 0 0 0 1 1 0 1 0 1 1 0 0 0 1 1 0 1 1 1 1 0
 1 1 1 1 1 0 0 1 1 1 0 1 0 0 1 1 1 0 1 0 0 0 1 0 1 0 0 1 1 1 1 1 0 1 0 0 1
 1 1 1 1 0 1 0 1 1 1 1 0 1 1 0 0 0 1 1 0 1 0 0 0 0 0]
 Training accuracy at 1800 out of 20000 is 1.000(0.530),cost is 0.018(3.822)
[1 1 0 0 1 1 1 0 0 1 0 1 1 1 0 0 0 0 0 1 1 1 0 0 1 1 0 0 0 1 1 0 1 1 1 1 0
 0 1 1 1 0 0 0 1 0 1 0 1 0 0 1 1 1 0 1 0 0 0 1 0 0 0 0 0 1 1 1 1 0 1 0 0 1
 1 1 0 1 0 1 0 1 0 1 1 0 1 1 0 0 0 1 0 1 1 0 0 0 0 0]
 Training accuracy at 1900 out of 20000 is 1.000(0.540),cost is 0.025(3.417)
[1 1 1 1 1 0 1 0 0 1 0 1 1 1 0 0 0 0 0 1 1 0 0 0 1 1 0 0 0 1 1 0 1 1 1 1 0
 0 1 1 1 1 0 0 1 0 1 0 1 0 0 1 1 1 0 1 0 0 0 1 0 0 1 0 0 1 1 1 1 0 1 0 0 1
 1 1 1 1 0 1 0 1 0 0 1 0 1 1 0 0 0 1 0 1 1 0 0 0 0 0]
 Training accuracy at 2000 out of 20000 is 1.000(0.520),cost is 0.024(3.452)
[1 1 1 0 1 1 1 0 0 1 0 1 1 1 0 0 0 0 0 1 1 0 0 0 1 1 0 0 0 1 1 0 1 1 1 0 0
 0 1 1 1 1 0 0 1 0 1 0 1 0 0 1 1 1 0 1 0 0 0 1 0 0 0 0 0 1 1 1 1 0 1 0 0 1
 1 1 1 1 0 1 0 1 0 0 1 0 1 1 0 0 0 1 0 0 1 0 0 1 0 0]
 Training accuracy at 2100 out of 20000 is 1.000(0.520),cost is 0.022(3.459)
[1 1 1 1 1 1 1 0 0 1 0 1 1 1 0 0 0 0 0 1 1 0 0 0 1 1 0 0 1 1 1 0 1 1 1 1 0
 0 1 1 1 1 0 0 1 1 1 0 1 0 0 1 1 1 0 1 0 0 0 0 0 0 0 0 0 1 1 1 1 0 1 0 0 1
 1 1 1 1 0 1 0 1 0 0 1 0 1 1 0 0 0 1 0 1 1 0 0 1 0 0]
 Training accuracy at 2200 out of 20000 is 1.000(0.560),cost is 0.021(3.472)
[1 1 1 0 1 1 1 0 0 1 0 1 1 1 0 0 0 0 0 0 1 0 1 0 1 1 0 0 0 1 1 0 1 1 1 1 0
 0 1 1 1 1 0 0 1 1 1 0 1 0 0 1 1 1 0 0 0 0 0 1 0 1 0 0 0 1 1 1 1 0 1 0 0 1
 1 1 1 1 0 1 0 1 0 0 1 0 1 1 0 0 1 1 0 1 1 0 1 0 0 0]
 Training accuracy at 2300 out of 20000 is 1.000(0.560),cost is 0.027(3.271)
[1 1 1 0 1 1 1 0 0 1 0 1 1 1 0 0 0 0 0 0 1 0 1 0 1 1 0 0 0 1 1 0 1 1 1 1 0
 0 1 1 1 1 0 0 1 0 1 0 1 0 0 1 1 1 0 1 0 0 0 1 0 0 0 0 0 1 1 1 1 0 1 0 0 1
 1 1 0 1 0 1 0 1 0 0 1 0 1 1 0 0 1 0 1 0 1 0 0 0 0 0]
 Training accuracy at 2400 out of 20000 is 1.000(0.540),cost is 0.023(3.474)
[1 1 1 0 1 1 1 0 0 1 0 1 1 1 0 0 0 0 0 1 1 0 0 0 1 1 0 0 0 1 1 0 1 1 1 1 0
 0 1 1 1 1 0 0 1 1 1 0 1 0 0 1 1 1 0 1 0 0 0 0 0 0 1 0 0 1 1 1 1 0 1 0 0 1
 1 1 0 1 0 1 0 1 0 0 1 1 1 1 0 0 0 1 0 0 1 0 0 1 0 0]
 Training accuracy at 2500 out of 20000 is 1.000(0.540),cost is 0.019(3.733)
[1 1 1 1 1 1 1 0 0 1 0 1 1 1 0 0 0 0 0 1 1 0 0 0 1 1 0 0 0 1 1 1 1 1 1 0 0
 0 1 1 1 0 0 0 1 1 1 0 1 0 0 1 1 1 0 1 0 0 0 1 0 0 1 0 0 1 1 1 1 0 1 0 0 1
 1 1 0 1 0 1 0 1 0 0 1 0 1 1 0 0 0 1 0 0 1 0 0 0 0 0]
 Training accuracy at 2600 out of 20000 is 1.000(0.510),cost is 0.016(3.862)
[1 1 1 1 1 1 1 0 0 1 0 1 1 1 0 0 0 0 0 1 1 0 0 0 1 1 0 0 0 1 1 1 0 1 1 1 0
 0 1 1 1 1 0 0 1 1 1 0 1 0 0 1 1 1 0 1 0 0 0 1 0 1 1 0 0 1 1 1 1 0 1 0 0 1
 1 1 1 1 0 1 0 1 0 0 1 0 1 1 0 0 0 1 0 1 1 0 0 0 0 0]
 Training accuracy at 2700 out of 20000 is 1.000(0.530),cost is 0.018(3.819)
[1 1 1 0 1 1 1 0 0 1 0 1 1 1 0 0 0 0 0 1 1 0 1 0 1 1 0 0 0 1 1 0 1 1 1 0 0
 0 1 1 1 0 0 0 1 0 1 0 1 0 0 1 1 1 0 1 0 0 0 1 0 1 0 0 0 1 1 1 1 0 1 0 0 1
 1 1 0 1 0 1 0 1 1 1 1 0 1 1 0 0 0 1 0 1 0 0 0 0 0 0]
 Training accuracy at 2800 out of 20000 is 1.000(0.510),cost is 0.017(4.399)
[1 1 1 1 1 1 1 0 0 1 0 1 1 1 0 0 0 0 0 1 1 0 0 0 1 1 0 0 0 1 1 0 1 1 1 1 0
 0 1 1 1 1 0 0 1 1 1 0 1 0 0 1 1 1 0 1 0 0 0 1 0 1 1 0 0 1 1 1 1 0 1 0 0 1
 1 1 0 1 0 1 0 1 0 0 1 0 1 1 0 0 0 1 0 0 0 0 0 1 0 0]
 Training accuracy at 2900 out of 20000 is 1.000(0.530),cost is 0.017(4.121)
[1 1 1 0 1 0 1 0 0 1 0 1 1 1 0 0 0 0 0 1 1 1 1 0 1 1 0 0 0 1 1 0 1 1 1 1 0
 0 1 1 1 1 0 0 1 1 1 0 1 0 0 1 1 1 0 1 0 0 0 1 0 1 0 0 1 1 1 1 1 0 1 0 0 1
 1 1 0 1 0 1 0 1 0 0 1 1 1 1 0 0 0 1 0 0 1 0 0 1 0 0]
 Training accuracy at 3000 out of 20000 is 1.000(0.550),cost is 0.021(4.025)
[1 1 1 0 1 0 1 0 0 1 0 1 1 1 0 0 0 0 0 1 1 1 1 0 1 1 0 0 0 1 1 0 1 1 1 0 0
 0 1 1 1 0 0 0 1 1 1 0 1 0 0 1 1 1 0 1 0 0 0 1 0 1 0 0 0 1 1 1 1 0 1 0 0 1
 1 1 0 1 0 1 0 1 0 0 1 0 1 1 0 0 0 1 0 1 1 0 0 0 0 0]
 Training accuracy at 3100 out of 20000 is 1.000(0.530),cost is 0.018(4.199)
[1 1 1 1 1 1 1 0 0 1 0 1 1 1 0 0 0 0 0 1 1 1 1 0 1 1 0 0 0 1 1 1 1 1 1 1 0
 0 1 1 1 0 0 0 1 1 1 0 1 0 0 1 1 1 0 1 0 0 0 1 0 1 0 0 0 1 1 1 1 1 1 0 0 1
 1 1 0 1 0 1 0 1 0 0 1 0 1 1 1 0 0 1 1 1 1 0 0 1 0 0]
 Training accuracy at 3200 out of 20000 is 1.000(0.570),cost is 0.017(4.067)
[1 1 1 1 1 0 1 0 0 1 0 1 1 1 0 0 0 0 0 1 1 0 1 0 1 1 0 0 0 1 1 0 1 1 1 1 0
 0 1 1 1 0 0 0 1 0 1 0 1 0 0 1 0 1 0 1 0 0 0 1 0 1 0 1 0 1 1 1 1 1 1 0 0 1
 1 1 1 1 0 1 0 1 0 0 1 0 1 1 0 0 0 1 1 0 1 0 0 0 0 0]
 Training accuracy at 3300 out of 20000 is 1.000(0.530),cost is 0.020(3.606)
[1 1 1 0 1 0 1 0 0 1 0 1 1 1 0 0 0 0 0 0 1 1 0 0 1 1 0 0 0 1 1 0 1 1 0 1 0
 1 1 1 1 0 0 0 1 0 0 0 1 0 0 1 1 1 0 1 0 0 0 0 0 1 0 0 0 1 1 1 1 0 1 0 0 1
 1 1 1 1 0 1 0 1 0 0 1 0 1 1 0 0 0 1 1 1 1 0 0 0 0 0]
 Training accuracy at 3400 out of 20000 is 1.000(0.510),cost is 0.021(4.182)
[1 1 1 0 1 1 1 0 0 1 0 1 1 1 0 0 0 0 0 0 1 0 1 0 1 1 0 0 0 1 1 0 1 1 1 1 0
 0 1 1 1 1 0 0 1 0 1 0 1 0 0 1 0 1 0 1 0 0 0 1 0 1 0 0 0 1 1 1 1 0 1 0 0 1
 1 1 1 1 0 1 0 1 0 0 1 0 1 1 0 0 0 1 0 1 0 0 0 1 0 0]
 Training accuracy at 3500 out of 20000 is 1.000(0.550),cost is 0.017(4.398)
[1 1 1 0 1 0 1 0 0 1 0 1 1 1 0 1 0 0 0 1 1 0 1 0 1 1 0 0 1 1 1 1 1 1 1 1 0
 0 1 1 1 1 0 0 1 0 1 0 1 0 0 1 1 1 0 1 0 0 0 1 0 1 0 0 0 1 1 1 1 0 1 0 0 0
 1 1 1 1 0 1 0 1 0 0 1 0 1 1 0 0 0 1 0 0 1 0 0 1 0 0]
 Training accuracy at 3600 out of 20000 is 1.000(0.500),cost is 0.019(4.248)
[1 1 1 1 1 0 1 0 0 1 0 0 1 1 0 1 0 0 0 1 1 1 0 0 1 1 0 0 0 1 1 0 1 1 0 1 0
 0 1 1 1 1 0 0 1 1 0 0 1 0 0 1 0 1 0 1 0 0 0 0 0 1 0 0 0 1 1 1 1 0 1 0 0 0
 1 1 1 1 0 1 0 1 0 0 1 0 1 1 0 0 0 1 0 1 0 0 0 1 0 0]
 Training accuracy at 3700 out of 20000 is 1.000(0.530),cost is 0.017(4.491)
[1 1 1 0 1 1 1 0 0 1 0 1 1 1 0 0 0 0 0 1 1 0 1 0 1 1 0 0 0 1 1 0 1 1 1 1 0
 1 1 1 1 1 0 0 1 0 1 0 1 0 0 1 0 1 0 1 0 0 0 1 0 1 0 0 0 1 1 1 1 0 1 0 0 1
 1 1 1 1 0 1 0 1 0 0 1 0 1 1 0 0 0 1 0 1 1 0 0 1 0 0]
 Training accuracy at 3800 out of 20000 is 1.000(0.540),cost is 0.020(3.943)
[1 1 1 1 1 0 1 0 0 1 0 1 1 1 0 0 0 0 0 1 1 0 0 0 1 1 0 0 0 1 1 1 1 1 1 1 0
 0 1 1 1 1 0 0 1 1 1 0 1 0 0 1 1 1 0 1 0 0 0 1 0 1 0 0 0 1 1 1 1 0 1 0 0 1
 1 1 1 1 0 1 0 1 1 0 1 0 1 0 0 0 0 1 0 1 1 0 0 0 0 0]
 Training accuracy at 3900 out of 20000 is 1.000(0.500),cost is 0.016(4.705)
[1 1 1 0 1 0 1 0 0 1 0 1 1 1 0 0 0 0 0 1 1 0 1 0 1 1 0 0 0 1 1 1 1 1 1 1 0
 0 1 1 1 1 0 0 1 1 1 0 1 0 0 1 1 1 0 1 0 0 0 0 0 1 0 0 0 1 1 1 1 1 1 0 0 1
 1 1 0 1 0 1 0 1 0 0 1 0 1 1 0 1 0 1 0 0 1 0 1 0 0 0]
 Training accuracy at 4000 out of 20000 is 1.000(0.540),cost is 0.017(4.227)
[1 1 1 0 1 1 1 0 0 1 0 1 1 1 0 0 0 0 0 1 1 0 0 0 1 1 0 0 0 1 1 1 1 1 1 0 0
 0 1 1 1 1 0 0 1 0 1 0 1 0 0 1 1 1 0 1 0 0 0 0 0 1 0 0 0 1 1 1 1 1 1 0 0 1
 1 1 0 1 0 1 0 1 0 0 1 0 1 1 0 0 0 1 0 0 1 0 0 1 0 0]
 Training accuracy at 4100 out of 20000 is 1.000(0.510),cost is 0.018(4.612)
[1 1 1 0 1 1 1 0 0 1 0 1 1 1 0 0 0 0 0 1 1 0 1 0 1 1 0 1 1 1 1 0 1 1 0 1 0
 0 1 1 1 1 0 0 1 0 1 0 1 0 0 1 0 1 0 1 0 0 0 1 0 1 0 0 1 1 1 1 1 0 1 0 0 1
 1 1 1 1 0 1 0 1 1 0 1 1 1 1 0 0 0 1 0 1 1 0 0 0 0 0]
 Training accuracy at 4200 out of 20000 is 1.000(0.520),cost is 0.019(4.154)
[1 1 1 1 1 0 1 0 0 1 0 1 1 1 0 0 0 0 0 1 1 0 1 0 1 1 0 0 1 1 1 1 1 1 1 1 0
 0 1 1 1 0 0 0 1 1 1 0 1 0 0 1 0 1 0 1 0 0 0 0 0 1 0 0 0 1 1 1 1 0 1 0 0 1
 1 1 1 1 0 1 0 1 0 0 1 1 1 1 0 0 0 1 0 1 1 0 0 0 0 0]
 Training accuracy at 4300 out of 20000 is 1.000(0.540),cost is 0.019(4.237)
[1 1 1 0 1 1 1 0 0 1 0 1 1 1 0 0 0 0 0 1 1 0 0 0 1 1 0 0 0 1 1 0 1 1 1 1 0
 0 1 1 1 1 0 0 1 0 1 0 1 0 0 1 0 1 0 1 0 0 0 0 1 1 0 0 0 1 1 1 1 0 1 0 0 1
 1 1 1 1 0 1 0 1 0 0 1 0 1 1 0 1 1 1 1 0 1 0 0 0 0 0]
 Training accuracy at 4400 out of 20000 is 1.000(0.510),cost is 0.018(4.175)
[1 1 1 0 1 1 1 0 0 1 0 1 1 1 0 0 0 0 0 1 1 0 0 0 1 1 0 0 1 1 1 0 1 1 1 1 0
 0 1 1 1 0 0 0 1 1 0 0 1 0 0 1 0 1 1 1 0 0 0 1 1 1 0 0 0 1 1 1 1 1 1 0 0 1
 1 1 1 1 0 1 0 1 0 0 1 1 1 1 0 0 1 0 1 1 1 0 0 1 0 0]
 Training accuracy at 4500 out of 20000 is 1.000(0.550),cost is 0.017(4.387)
[1 1 1 0 1 1 1 0 0 1 0 1 1 1 0 0 0 0 0 1 1 0 0 0 1 1 0 0 1 1 1 0 1 1 1 1 0
 0 1 1 1 1 0 0 1 1 0 0 1 0 0 1 0 1 1 1 0 0 0 1 0 1 0 0 0 1 1 1 1 1 1 0 0 1
 1 1 0 1 0 1 0 1 0 0 1 0 1 1 0 0 0 1 0 1 1 0 0 1 0 0]
 Training accuracy at 4600 out of 20000 is 1.000(0.580),cost is 0.019(4.398)
[1 1 1 0 1 1 1 0 0 1 0 1 1 1 0 0 0 0 0 1 1 0 1 1 1 1 0 0 1 1 1 0 1 1 1 0 0
 0 1 1 1 0 0 0 1 0 1 0 1 0 0 1 1 1 0 1 0 0 0 1 1 1 0 0 0 1 1 1 1 0 1 0 0 1
 1 1 1 1 0 1 0 0 1 0 1 0 1 1 0 1 0 1 0 1 1 0 0 0 0 0]
 Training accuracy at 4700 out of 20000 is 1.000(0.510),cost is 0.019(4.306)
[1 1 1 0 1 1 1 0 0 1 0 1 1 0 0 0 0 0 0 1 1 0 0 0 1 1 0 0 0 1 1 0 1 1 1 1 0
 0 1 1 1 0 0 0 1 0 1 0 1 0 0 1 1 1 0 1 0 0 0 1 1 1 0 0 0 1 1 1 1 1 1 0 0 1
 1 1 1 1 0 1 0 1 0 0 1 0 1 1 0 1 0 1 0 1 1 0 0 0 0 0]
 Training accuracy at 4800 out of 20000 is 1.000(0.510),cost is 0.017(4.524)
[1 1 1 0 1 1 1 0 0 1 0 1 1 1 0 0 0 0 0 1 1 0 0 0 1 1 0 0 0 1 1 1 1 1 1 0 0
 0 1 1 1 0 0 0 1 1 0 0 1 0 0 1 0 1 0 1 0 0 0 1 1 1 0 0 0 1 1 1 1 0 1 0 0 1
 0 1 1 1 0 1 0 1 0 0 1 0 1 1 0 1 0 1 0 0 1 0 0 1 0 0]
 Training accuracy at 4900 out of 20000 is 1.000(0.510),cost is 0.022(4.510)
[1 1 1 1 1 1 1 0 0 1 0 1 1 1 0 1 0 0 0 1 1 1 0 0 1 1 0 1 1 1 1 1 1 1 1 0 0
 0 1 1 1 0 0 0 1 1 1 0 1 0 0 1 1 1 0 1 0 0 0 0 0 1 0 0 0 1 1 1 1 0 1 0 0 1
 1 1 1 1 0 1 0 1 0 0 1 0 1 1 0 0 0 1 1 1 1 0 0 1 0 0]
 Training accuracy at 5000 out of 20000 is 1.000(0.520),cost is 0.017(4.917)
[1 1 1 1 1 1 1 0 0 1 0 1 1 1 0 0 0 0 0 1 1 0 0 0 1 1 0 1 0 1 1 0 0 1 1 0 0
 0 1 1 1 0 0 0 1 0 1 0 1 0 0 1 0 1 0 1 0 0 0 0 0 1 0 0 0 1 1 1 1 0 1 0 0 1
 1 1 0 1 0 1 0 1 0 0 1 0 1 1 0 0 0 1 0 1 1 0 0 1 0 0]
 Training accuracy at 5100 out of 20000 is 1.000(0.530),cost is 0.018(4.853)
[1 1 1 1 1 1 1 0 0 1 0 1 1 1 0 1 0 0 0 1 1 0 0 0 1 1 0 1 1 1 1 0 1 1 1 0 0
 0 1 1 1 0 0 0 1 0 1 0 1 0 0 1 0 1 0 1 0 0 0 1 0 1 0 0 0 1 1 1 1 0 1 0 0 1
 1 1 0 1 0 1 0 1 0 0 1 0 1 1 0 1 0 1 0 1 1 0 0 1 0 0]
 Training accuracy at 5200 out of 20000 is 1.000(0.540),cost is 0.017(4.770)
[1 1 1 0 1 1 1 0 0 1 0 1 1 1 0 0 0 0 0 0 1 1 0 0 1 1 0 1 1 1 1 0 0 1 0 0 0
 0 1 1 1 0 0 0 1 0 1 0 1 0 0 1 0 1 0 1 0 0 0 0 0 1 0 0 0 1 1 1 1 0 1 0 0 1
 1 1 0 1 0 1 0 1 0 0 1 0 1 1 0 1 0 1 0 1 1 0 0 0 0 0]
 Training accuracy at 5300 out of 20000 is 1.000(0.540),cost is 0.017(5.019)
[1 1 1 0 1 1 1 0 0 1 0 1 1 1 0 0 0 0 0 1 1 0 0 0 1 1 0 1 1 1 1 0 1 1 0 0 0
 0 1 1 1 0 0 0 1 0 1 0 1 0 0 1 0 1 0 1 0 0 0 1 0 1 0 0 0 1 1 1 1 1 1 0 0 1
 1 1 1 1 0 1 0 1 0 0 1 0 1 1 0 0 1 1 0 1 1 0 0 1 0 0]
 Training accuracy at 5400 out of 20000 is 1.000(0.510),cost is 0.020(4.711)
[1 1 1 0 1 0 1 0 0 1 0 1 1 1 0 0 0 0 0 1 1 0 0 0 1 1 0 1 1 1 1 1 1 1 0 0 0
 0 1 1 1 0 0 0 1 0 0 0 1 0 0 1 0 1 0 1 0 0 0 0 0 1 0 0 0 1 1 1 1 1 1 0 0 1
 1 1 0 1 0 1 0 1 0 0 1 0 1 1 0 0 0 1 0 1 1 0 0 1 0 0]
 Training accuracy at 5500 out of 20000 is 1.000(0.510),cost is 0.018(5.330)
[1 1 1 0 1 1 1 0 0 1 0 1 1 1 0 0 0 0 0 1 1 0 1 0 1 1 0 1 1 1 1 0 0 1 1 0 0
 0 1 1 1 0 0 0 1 1 1 0 1 0 0 1 0 1 0 0 0 0 0 1 0 1 0 0 0 1 1 1 1 1 1 0 0 1
 1 1 1 1 0 1 0 1 0 0 1 0 1 1 0 1 1 1 1 1 1 0 0 1 0 0]
 Training accuracy at 5600 out of 20000 is 1.000(0.580),cost is 0.018(5.479)
[1 1 1 0 1 1 1 0 0 1 0 1 1 1 0 0 0 0 0 1 1 0 0 0 1 1 0 1 0 1 1 0 1 1 1 0 0
 0 1 1 1 0 0 0 1 1 1 0 1 0 0 1 0 1 0 1 0 0 0 1 1 1 0 0 0 1 1 1 1 1 1 0 0 1
 1 1 0 1 0 1 0 1 0 0 1 0 1 1 0 0 1 1 1 1 1 0 0 1 0 0]
 Training accuracy at 5700 out of 20000 is 1.000(0.530),cost is 0.018(5.028)
[1 1 1 0 1 1 1 0 0 1 0 1 1 1 0 0 0 0 0 0 1 0 0 0 1 1 0 1 0 1 1 1 1 1 1 0 0
 0 1 1 1 0 0 0 1 0 0 0 1 0 0 1 0 1 0 1 0 0 0 0 1 1 0 0 0 1 1 1 1 0 1 0 0 1
 1 1 1 1 0 1 0 1 0 0 1 0 1 1 0 0 0 1 0 1 1 0 0 1 0 0]
 Training accuracy at 5800 out of 20000 is 1.000(0.500),cost is 0.019(5.546)
[1 1 1 0 1 1 1 0 0 1 0 1 1 1 0 0 0 0 0 0 1 1 0 0 1 1 0 0 0 1 1 1 0 1 0 0 0
 0 1 1 1 0 0 0 1 0 1 0 1 0 0 1 0 1 0 1 0 0 0 0 1 1 0 0 1 1 1 1 1 0 1 0 0 1
 1 1 1 1 0 1 0 0 0 0 1 0 1 1 0 0 0 1 1 1 1 0 0 1 0 0]
 Training accuracy at 5900 out of 20000 is 1.000(0.500),cost is 0.019(5.514)
[1 1 1 0 1 1 1 0 0 1 0 1 1 1 0 0 0 0 0 1 1 1 0 0 1 1 0 1 0 1 1 1 0 1 1 0 0
 0 1 1 1 0 0 0 1 0 1 0 1 0 0 1 1 1 0 1 0 0 0 1 0 1 0 0 1 1 1 1 1 1 1 0 0 1
 1 1 1 1 0 1 0 1 0 0 1 0 1 1 0 0 0 1 0 1 1 0 0 0 0 0]
 Training accuracy at 6000 out of 20000 is 1.000(0.500),cost is 0.018(5.080)
[1 1 1 1 1 1 1 0 0 1 0 1 1 1 0 0 0 0 0 1 1 1 1 0 1 1 0 1 1 1 1 1 1 1 0 0 0
 0 1 1 1 1 0 0 1 0 1 0 1 0 0 1 0 1 0 1 0 0 0 1 0 1 0 0 0 1 1 1 1 1 1 0 0 1
 1 1 1 1 0 1 0 1 0 0 1 0 1 1 0 0 1 1 1 1 1 0 0 1 0 0]
 Training accuracy at 6100 out of 20000 is 1.000(0.550),cost is 0.017(5.413)
[1 1 1 0 1 1 1 0 0 1 0 1 1 1 0 0 0 0 0 1 1 0 0 0 1 1 0 1 0 1 1 1 1 1 1 0 0
 0 1 1 1 0 0 0 1 1 1 0 1 0 0 1 0 1 0 1 0 0 0 1 0 1 0 0 0 1 1 1 1 0 1 0 0 1
 1 1 0 1 0 1 0 1 0 0 1 0 1 1 0 0 1 1 0 1 1 0 0 0 0 0]
 Training accuracy at 6200 out of 20000 is 1.000(0.500),cost is 0.018(5.611)
[1 1 1 0 1 0 1 0 0 1 0 1 1 1 0 0 0 0 0 1 1 0 0 0 1 1 0 0 1 1 1 1 0 1 0 0 0
 0 1 1 1 0 0 0 1 0 1 0 1 0 0 1 1 1 0 1 0 0 0 0 0 1 0 0 0 1 1 1 1 0 1 0 0 1
 1 1 0 1 0 1 0 1 0 0 1 0 1 1 0 0 1 1 0 1 1 0 0 1 0 0]
 Training accuracy at 6300 out of 20000 is 1.000(0.490),cost is 0.023(5.421)
[1 1 1 0 1 0 1 0 0 1 0 0 1 1 0 0 0 0 0 1 1 0 0 0 1 1 0 1 0 1 1 1 1 1 1 0 0
 0 1 1 1 0 0 0 1 0 0 0 1 0 0 1 0 1 0 1 0 0 0 0 0 1 0 0 0 1 1 1 1 1 1 0 0 1
 1 1 0 1 0 1 0 1 0 0 1 0 1 1 0 0 0 1 0 1 1 0 1 0 0 0]
 Training accuracy at 6400 out of 20000 is 1.000(0.520),cost is 0.018(4.713)
[1 1 1 0 1 0 1 0 0 1 0 0 1 1 0 0 0 0 0 0 1 0 0 0 1 1 0 0 0 1 1 1 1 1 1 0 0
 0 1 1 1 0 0 0 1 0 0 0 1 0 0 1 1 1 0 1 0 0 0 1 0 1 0 0 0 1 1 1 1 0 0 0 0 1
 1 1 0 1 0 1 0 1 1 0 1 0 1 1 0 0 0 1 0 1 1 0 0 0 0 0]
 Training accuracy at 6500 out of 20000 is 1.000(0.520),cost is 0.019(5.493)
[1 1 1 0 1 1 1 0 0 1 0 1 1 1 0 0 0 0 0 1 1 0 0 1 1 1 0 1 0 1 1 0 1 1 1 1 0
 0 1 1 1 0 0 0 1 0 1 0 1 0 0 1 1 1 0 1 0 0 0 1 0 1 0 0 0 1 1 1 1 0 1 0 0 1
 1 1 0 1 0 1 0 1 0 1 1 0 1 1 0 1 0 1 0 1 1 0 0 0 0 0]
 Training accuracy at 6600 out of 20000 is 1.000(0.540),cost is 0.018(5.199)
[1 1 1 0 1 1 1 0 0 1 0 1 1 1 0 0 0 0 0 1 1 0 1 0 1 1 0 0 1 1 1 0 1 1 1 0 0
 0 1 1 1 0 0 0 1 1 1 0 1 0 0 1 0 1 0 1 0 0 0 1 0 1 0 0 0 1 1 1 1 0 1 0 0 0
 1 1 0 1 0 1 0 1 1 1 1 0 1 1 0 1 0 1 1 1 1 0 1 0 0 0]
 Training accuracy at 6700 out of 20000 is 1.000(0.570),cost is 0.019(5.138)
[1 1 1 1 1 1 1 0 0 1 0 1 1 1 0 0 0 0 0 1 1 0 0 0 1 1 0 1 0 1 1 1 0 1 1 0 0
 0 1 1 1 0 0 0 1 1 1 0 1 0 0 1 1 1 0 1 0 0 0 1 1 1 0 0 0 1 1 1 1 1 1 0 0 1
 1 1 0 1 0 1 0 1 0 1 1 0 1 1 0 0 1 1 0 1 1 0 1 1 0 0]
 Training accuracy at 6800 out of 20000 is 1.000(0.540),cost is 0.018(5.471)
[1 1 1 1 1 1 1 0 0 1 0 1 1 1 0 0 0 0 0 1 1 0 0 1 1 1 0 1 0 1 1 1 0 1 1 0 0
 0 1 1 1 0 0 0 1 1 0 0 1 0 0 1 1 1 0 1 0 0 0 1 1 1 0 0 0 1 1 1 1 0 1 0 0 1
 1 1 1 1 0 1 0 1 0 0 1 0 1 1 0 0 0 1 1 1 1 0 0 0 0 0]
 Training accuracy at 6900 out of 20000 is 1.000(0.530),cost is 0.019(5.141)
[1 1 1 1 1 0 1 0 0 1 0 1 1 1 0 0 0 0 0 1 1 0 0 0 1 1 0 1 0 1 1 1 0 1 1 0 0
 0 1 1 1 0 0 0 1 1 1 0 1 0 0 1 0 1 0 1 0 0 0 1 0 1 0 0 0 1 1 1 1 1 1 0 0 1
 1 1 0 1 0 1 0 1 0 1 1 0 1 1 0 0 0 1 0 1 1 0 0 0 0 0]
 Training accuracy at 7000 out of 20000 is 1.000(0.540),cost is 0.018(6.050)
[1 1 1 1 1 1 1 0 0 1 0 0 1 1 0 0 0 0 0 1 1 1 0 0 1 1 0 1 1 1 1 1 0 1 1 0 0
 0 1 1 1 0 0 0 1 0 0 0 1 0 0 1 0 1 0 1 0 0 0 1 0 1 0 0 0 1 1 1 1 1 1 0 0 1
 1 1 0 1 0 1 0 1 0 0 1 0 1 1 0 0 0 1 0 1 1 0 0 1 0 0]
 Training accuracy at 7100 out of 20000 is 1.000(0.580),cost is 0.018(5.177)
[1 1 1 1 1 0 1 0 0 1 0 0 1 1 0 0 0 0 0 1 1 0 0 0 1 1 0 0 0 1 1 1 0 1 1 0 0
 0 1 1 1 0 0 0 1 0 1 0 1 0 0 1 0 1 0 1 0 0 0 1 1 1 0 0 0 1 1 1 1 1 1 0 0 0
 1 1 0 1 0 1 0 1 0 0 1 0 1 1 0 1 0 1 0 1 1 0 0 1 0 0]
 Training accuracy at 7200 out of 20000 is 1.000(0.540),cost is 0.018(5.127)
[1 1 1 0 1 1 1 0 0 1 0 1 1 1 0 0 0 0 0 1 1 0 0 0 1 1 0 0 0 1 1 1 0 1 1 0 0
 0 1 1 1 0 0 0 1 0 0 0 1 0 0 1 0 1 0 1 0 0 0 1 1 0 0 0 0 1 1 1 1 1 1 0 0 1
 1 1 1 1 0 1 0 1 0 1 1 0 1 1 0 0 1 1 0 1 0 0 0 1 0 0]
 Training accuracy at 7300 out of 20000 is 1.000(0.530),cost is 0.018(5.468)
[1 1 1 0 1 1 1 0 0 1 0 1 1 1 0 0 0 0 0 1 1 0 0 0 1 1 0 0 0 1 1 1 1 1 1 0 0
 0 1 1 1 0 0 0 1 0 0 0 1 0 0 1 0 1 0 1 0 0 0 0 1 1 0 0 0 1 1 1 1 0 1 0 0 1
 1 1 0 1 0 1 0 0 0 1 1 0 1 1 0 0 1 0 0 0 1 0 0 0 0 0]
 Training accuracy at 7400 out of 20000 is 1.000(0.470),cost is 0.019(5.736)
[1 1 1 0 1 1 1 0 0 1 0 1 1 1 0 0 0 0 0 1 1 0 0 0 1 1 0 1 1 1 1 1 0 1 1 0 0
 0 1 1 1 0 0 0 1 0 1 0 1 0 0 1 1 1 0 1 0 0 0 1 0 1 0 0 0 1 1 1 1 1 1 0 0 1
 1 1 0 1 0 1 0 1 0 0 1 0 1 1 0 0 1 1 1 1 1 0 0 0 0 0]
 Training accuracy at 7500 out of 20000 is 1.000(0.520),cost is 0.019(5.444)
[1 1 1 0 1 0 1 0 0 1 0 1 1 1 0 0 0 0 0 1 1 0 0 0 1 1 0 1 0 1 1 1 1 1 1 0 0
 0 1 1 1 0 0 0 1 0 1 0 1 0 0 1 0 1 0 1 0 0 0 1 0 1 0 0 0 1 1 1 1 0 1 0 0 1
 1 1 0 1 0 1 0 1 1 0 1 0 1 1 0 0 0 0 1 1 1 0 0 0 0 0]
 Training accuracy at 7600 out of 20000 is 1.000(0.480),cost is 0.018(6.178)
[1 1 1 0 1 1 1 0 0 1 0 0 1 1 0 0 0 0 0 1 1 0 0 0 1 1 0 1 0 1 1 1 1 1 1 0 0
 0 1 1 1 1 0 0 1 0 1 0 1 0 0 1 0 1 0 1 0 0 0 1 1 1 0 0 0 1 1 1 1 1 1 0 0 1
 1 1 0 1 0 1 0 1 0 0 1 0 1 1 0 0 1 1 0 1 1 0 0 0 0 0]
 Training accuracy at 7700 out of 20000 is 1.000(0.510),cost is 0.018(6.086)
[1 1 1 0 1 1 1 0 0 1 0 0 1 1 0 0 0 0 0 1 1 0 0 0 1 1 0 1 0 1 1 1 0 1 1 0 0
 0 1 1 1 0 0 0 1 0 1 0 1 0 0 1 0 1 0 1 0 0 0 1 1 1 0 0 0 1 1 1 1 0 1 0 0 1
 1 1 0 1 0 1 0 1 0 0 1 0 1 1 0 0 1 1 1 1 1 0 0 0 0 0]
 Training accuracy at 7800 out of 20000 is 1.000(0.510),cost is 0.019(4.740)
[1 1 1 0 1 1 1 0 0 1 0 0 1 1 0 0 0 0 0 1 1 0 0 0 1 1 0 1 0 1 1 1 0 1 1 0 0
 0 1 1 1 1 0 0 1 1 1 0 1 0 0 1 0 1 0 1 0 0 0 1 1 1 0 0 0 1 1 1 1 0 1 0 0 1
 1 1 0 1 0 1 0 1 0 0 1 0 1 1 0 0 1 1 1 1 1 0 0 0 0 0]
 Training accuracy at 7900 out of 20000 is 1.000(0.530),cost is 0.018(5.510)
[1 1 1 0 1 1 1 0 0 1 0 1 1 1 0 0 0 0 0 1 1 0 1 0 1 1 0 1 0 1 1 0 0 1 1 0 0
 0 1 1 1 0 0 0 1 0 1 0 1 0 0 1 0 1 0 1 0 0 0 0 0 1 0 0 0 1 1 1 1 1 1 0 0 1
 1 1 0 1 0 1 0 1 0 0 1 0 1 1 0 0 1 1 0 1 0 0 0 0 0 0]
 Training accuracy at 8000 out of 20000 is 1.000(0.510),cost is 0.018(5.474)
[1 1 1 1 1 1 1 0 0 1 0 1 1 1 0 0 0 0 0 1 1 0 0 0 1 1 0 1 0 1 1 1 0 1 1 0 0
 0 1 1 1 1 0 0 1 0 0 0 1 0 0 1 0 1 0 1 0 0 0 1 0 1 0 0 0 1 1 1 1 1 1 0 0 1
 1 1 1 1 0 1 0 1 0 0 1 0 1 1 0 0 0 1 1 1 1 0 0 1 0 0]
 Training accuracy at 8100 out of 20000 is 1.000(0.560),cost is 0.021(5.080)
[1 1 1 0 1 0 1 0 0 1 0 0 1 1 0 0 0 0 0 1 1 0 0 0 1 1 0 0 0 1 1 1 0 1 1 0 0
 0 1 1 1 1 0 0 1 0 0 0 1 0 0 1 0 1 0 1 0 0 0 1 0 1 1 0 0 1 1 1 1 1 1 0 0 1
 1 1 1 1 0 1 0 1 0 0 1 0 1 1 0 0 1 1 0 0 1 0 1 0 0 0]
 Training accuracy at 8200 out of 20000 is 1.000(0.520),cost is 0.019(5.056)
[1 1 1 0 1 1 1 0 0 1 0 1 1 1 0 0 0 0 0 1 1 0 0 0 1 1 0 0 0 1 1 0 0 1 1 0 0
 0 1 1 1 1 0 0 1 0 1 0 1 0 0 1 0 1 0 1 0 0 0 1 1 1 1 0 0 1 1 1 1 0 1 0 0 1
 1 1 0 1 0 1 0 1 0 0 1 0 1 1 0 0 1 1 0 1 0 0 0 0 0 0]
 Training accuracy at 8300 out of 20000 is 1.000(0.500),cost is 0.019(5.920)
[1 1 1 1 1 1 1 0 0 1 0 1 1 1 0 0 0 0 0 1 1 0 0 0 1 1 0 1 0 1 1 1 0 1 1 0 0
 0 1 1 1 1 0 0 1 0 0 0 1 0 0 1 0 1 0 1 0 0 0 1 1 1 1 0 0 1 1 1 1 1 1 0 0 1
 1 1 0 1 0 1 0 1 0 0 1 0 1 1 0 1 0 1 0 1 1 0 0 0 0 0]
 Training accuracy at 8400 out of 20000 is 1.000(0.540),cost is 0.019(5.505)
[1 1 1 0 1 1 1 0 0 1 0 1 1 1 0 0 0 0 0 0 1 0 0 0 1 1 0 0 0 1 1 0 0 1 1 0 0
 0 1 1 1 1 0 0 1 0 1 0 1 0 0 1 0 1 0 1 0 0 0 1 0 1 0 0 0 1 1 1 1 1 1 0 0 0
 1 1 0 1 0 1 0 1 0 0 1 0 1 1 0 0 1 0 1 1 1 0 0 1 0 0]
 Training accuracy at 8500 out of 20000 is 1.000(0.550),cost is 0.019(5.342)
[1 1 1 0 1 1 1 0 0 1 0 1 1 1 0 0 0 0 0 1 1 0 0 0 1 1 0 0 0 1 1 0 0 1 1 0 0
 0 1 1 1 1 0 0 1 0 0 0 1 0 0 1 0 1 0 1 0 0 0 1 0 1 0 0 0 1 1 1 1 0 1 0 0 1
 1 1 0 1 0 1 0 1 0 0 1 0 1 1 0 0 0 1 1 1 0 0 0 0 0 0]
 Training accuracy at 8600 out of 20000 is 1.000(0.550),cost is 0.018(5.477)
[1 1 1 0 1 1 1 0 0 1 0 1 1 1 0 0 0 0 0 1 1 0 0 0 1 1 0 0 0 1 1 1 0 1 1 0 0
 0 1 1 1 1 0 0 1 0 1 0 1 0 0 1 0 1 0 1 0 0 0 1 0 1 0 0 0 1 1 1 0 1 1 0 0 1
 1 1 1 1 0 1 0 1 0 0 1 0 1 1 0 0 0 0 1 1 1 0 0 0 0 0]
 Training accuracy at 8700 out of 20000 is 1.000(0.520),cost is 0.018(5.806)
[1 1 1 0 1 1 1 0 0 1 0 1 1 1 0 0 0 0 0 1 1 1 0 0 1 1 0 1 0 1 1 1 0 1 0 1 0
 0 1 1 1 0 0 0 1 0 1 0 1 0 0 1 0 1 0 1 0 0 0 1 0 1 0 0 0 1 1 1 1 1 1 0 0 1
 1 1 0 1 0 1 0 1 0 1 1 0 1 1 0 0 0 1 1 1 1 0 0 0 0 0]
 Training accuracy at 8800 out of 20000 is 1.000(0.550),cost is 0.019(6.147)
[1 1 1 1 1 1 1 0 0 1 0 1 1 1 0 0 0 0 0 1 1 0 0 0 1 1 0 0 0 1 1 1 0 1 1 0 0
 0 1 1 1 0 0 0 1 0 1 0 1 0 0 1 0 1 0 1 0 0 0 1 0 1 0 0 0 1 1 1 1 1 1 0 0 1
 1 1 0 1 0 1 0 1 0 1 1 0 1 1 0 0 1 1 1 1 0 0 0 0 0 0]
 Training accuracy at 8900 out of 20000 is 1.000(0.540),cost is 0.020(5.087)
[1 1 1 1 1 1 1 0 0 1 0 1 1 1 0 0 0 0 0 1 1 1 0 0 1 1 0 0 0 1 1 1 0 1 1 0 0
 0 1 1 1 1 0 0 1 1 1 0 1 0 0 1 0 1 0 1 0 0 0 1 0 1 1 0 0 1 1 1 1 1 1 0 0 1
 1 1 0 1 0 1 0 1 0 1 1 0 1 1 0 1 1 1 0 1 0 0 0 1 0 0]
 Training accuracy at 9000 out of 20000 is 1.000(0.570),cost is 0.018(5.352)
[1 1 1 0 1 1 1 0 0 1 0 1 1 1 0 0 0 0 0 1 1 0 0 0 1 1 0 1 1 1 1 0 0 1 1 0 0
 0 1 1 1 1 0 0 1 0 1 0 1 0 0 1 0 1 0 1 0 0 0 1 1 1 1 0 1 1 1 1 1 1 1 0 0 1
 1 1 0 1 0 1 0 1 0 1 1 0 1 1 0 1 1 1 1 1 1 0 0 1 0 0]
 Training accuracy at 9100 out of 20000 is 1.000(0.550),cost is 0.018(5.344)
[1 1 1 0 1 1 1 0 0 1 0 1 1 1 0 0 0 0 0 1 1 1 0 0 1 1 0 0 0 1 1 1 0 1 1 0 0
 0 1 1 1 1 0 0 1 0 1 0 1 0 0 1 0 1 0 1 0 0 0 1 0 1 0 0 0 1 1 1 1 1 1 0 0 1
 1 1 0 1 0 1 0 1 1 1 1 0 1 1 0 0 1 1 1 1 1 0 0 1 0 0]
 Training accuracy at 9200 out of 20000 is 1.000(0.560),cost is 0.017(5.574)
[1 1 1 0 0 1 1 0 0 1 0 1 1 1 0 0 0 0 0 1 1 0 0 0 1 1 0 1 1 1 1 1 1 1 1 0 0
 0 1 1 1 1 0 0 1 0 1 0 1 0 0 1 1 1 0 1 0 0 0 1 0 1 0 1 1 1 1 1 1 1 1 0 0 1
 1 1 0 1 0 1 0 1 0 1 1 0 1 1 0 1 1 0 1 1 0 0 0 1 0 0]
 Training accuracy at 9300 out of 20000 is 1.000(0.520),cost is 0.017(5.906)
[1 1 1 0 1 1 1 0 0 1 0 1 1 1 0 0 0 0 0 1 1 0 0 0 1 1 0 1 0 1 1 1 0 1 1 0 0
 0 1 1 1 1 0 0 1 0 0 0 1 0 0 1 0 1 0 1 0 0 0 0 0 1 0 0 1 1 1 1 1 1 1 0 0 1
 1 1 0 1 0 1 0 1 0 0 1 0 1 1 0 0 0 1 0 1 1 0 0 0 0 0]
 Training accuracy at 9400 out of 20000 is 1.000(0.520),cost is 0.017(5.602)
[1 1 1 0 1 1 1 0 0 1 0 1 1 1 0 0 0 0 0 1 1 0 0 0 1 1 0 1 0 1 1 1 0 1 1 0 0
 0 1 1 1 1 0 0 1 0 1 0 1 0 0 1 0 1 0 0 0 0 0 0 0 1 0 0 1 1 1 1 1 1 1 0 0 1
 1 1 1 1 0 1 0 1 0 0 1 0 1 1 0 0 0 1 0 1 1 0 0 0 0 0]
 Training accuracy at 9500 out of 20000 is 1.000(0.510),cost is 0.017(5.414)
[1 1 1 1 1 1 1 0 0 1 0 1 1 1 0 0 0 0 0 1 1 0 0 0 1 1 0 1 0 1 1 1 1 1 1 0 0
 0 1 1 1 1 0 0 1 0 1 0 1 0 0 1 0 1 0 1 0 0 0 0 0 1 1 0 1 1 1 1 1 1 1 0 0 1
 1 1 1 1 0 1 0 1 1 1 1 0 1 1 0 1 1 1 1 1 1 0 0 1 0 0]
 Training accuracy at 9600 out of 20000 is 1.000(0.510),cost is 0.016(5.706)
[1 1 1 1 1 1 1 0 0 1 0 1 1 1 0 0 0 0 0 1 1 0 0 0 1 1 0 1 0 1 1 0 0 1 1 0 0
 0 1 1 1 1 0 0 1 0 1 0 1 0 0 1 0 1 0 1 0 0 0 0 0 1 0 0 1 1 1 1 1 0 1 0 0 1
 1 1 1 1 0 1 0 1 0 0 1 0 1 1 0 0 1 0 1 1 1 0 0 0 0 0]
 Training accuracy at 9700 out of 20000 is 1.000(0.500),cost is 0.020(5.553)
[1 1 1 0 1 1 1 0 0 1 0 1 1 1 0 0 0 0 0 1 1 0 0 0 1 1 0 1 1 1 1 1 1 1 1 0 0
 0 1 1 1 0 0 0 1 0 1 0 1 0 0 1 0 1 0 1 0 0 0 0 1 1 1 0 0 1 1 1 1 0 1 0 0 1
 1 1 1 1 0 1 0 1 0 1 1 0 1 1 0 0 1 1 1 1 1 0 0 0 0 0]
 Training accuracy at 9800 out of 20000 is 1.000(0.480),cost is 0.017(5.942)
[1 1 1 1 1 1 1 0 0 1 0 1 1 1 0 0 0 0 0 1 1 0 0 0 1 1 0 0 0 1 1 1 1 1 1 0 0
 0 1 1 1 1 0 0 1 0 0 0 1 0 0 1 0 1 0 0 0 0 0 0 0 1 1 0 1 1 1 1 1 1 0 0 0 1
 1 1 0 1 0 1 0 1 0 0 1 0 1 1 0 0 1 1 0 1 1 0 0 1 0 0]
 Training accuracy at 9900 out of 20000 is 1.000(0.540),cost is 0.017(5.520)
[1 1 1 0 1 1 1 0 0 1 0 1 1 1 0 0 0 0 0 1 1 0 0 0 1 1 0 1 0 1 1 1 0 1 1 0 0
 0 1 1 1 1 0 0 1 0 1 0 1 0 0 1 0 1 0 1 0 0 0 0 1 1 0 0 0 1 1 1 1 0 1 0 0 1
 1 1 0 1 0 1 0 1 0 0 1 0 1 1 0 0 1 1 0 1 0 0 0 0 0 0]
 Training accuracy at 10000 out of 20000 is 1.000(0.480),cost is 0.018(5.730)
[1 1 1 0 1 0 1 0 0 1 0 1 1 1 0 0 0 0 0 1 1 0 0 0 1 1 0 1 1 1 1 1 1 1 1 1 0
 0 1 1 1 0 0 0 1 0 1 0 1 0 0 1 0 1 0 1 0 0 0 0 0 1 0 0 0 1 1 1 1 1 1 0 0 1
 1 1 0 1 0 1 0 1 0 0 1 0 1 1 0 0 0 1 1 1 0 0 0 0 0 0]
 Training accuracy at 10100 out of 20000 is 1.000(0.510),cost is 0.017(5.982)
[1 1 1 1 1 1 1 0 0 1 0 1 1 1 0 0 0 0 0 1 1 0 0 0 1 1 0 1 0 1 1 0 1 1 1 0 0
 1 1 1 1 1 0 0 1 0 1 0 1 0 0 1 0 1 0 1 0 0 0 1 0 1 0 0 1 1 1 1 1 1 1 0 0 1
 1 1 0 1 0 1 0 1 0 0 1 0 1 1 0 0 1 1 0 1 0 0 0 1 0 0]
 Training accuracy at 10200 out of 20000 is 1.000(0.510),cost is 0.017(5.754)
[1 1 1 0 1 1 1 0 0 1 0 1 1 1 0 0 0 0 0 1 1 0 0 0 1 1 0 1 1 1 1 1 1 1 1 0 0
 0 1 1 1 1 0 0 1 0 1 0 1 0 0 1 0 1 1 1 0 0 0 1 1 1 0 0 1 1 1 1 1 1 1 0 0 1
 1 1 0 1 0 1 0 1 0 0 1 0 1 1 0 0 1 1 1 1 0 0 0 1 0 0]
 Training accuracy at 10300 out of 20000 is 1.000(0.500),cost is 0.017(6.107)
[1 1 1 0 1 1 1 0 0 1 0 1 1 1 0 0 0 0 0 1 1 0 1 0 1 1 0 0 0 1 1 0 0 1 1 0 0
 0 1 1 1 1 0 0 1 0 1 0 1 0 0 1 0 1 0 1 0 0 0 1 1 1 0 0 0 1 1 1 1 0 0 0 0 1
 1 1 0 1 0 1 0 1 0 1 1 0 1 1 0 0 1 1 0 1 1 0 0 1 0 0]
 Training accuracy at 10400 out of 20000 is 1.000(0.560),cost is 0.021(5.116)
[1 1 1 1 1 1 1 0 0 1 0 1 1 1 0 1 0 0 0 1 1 1 1 0 1 1 0 1 0 1 1 1 1 1 1 0 0
 0 1 1 1 1 0 0 1 1 1 0 1 0 0 1 0 1 1 1 0 0 0 1 1 1 0 0 1 1 1 1 1 1 1 0 0 1
 1 1 0 1 0 1 0 1 0 1 1 0 1 1 0 0 1 1 0 1 1 0 0 1 0 1]
 Training accuracy at 10500 out of 20000 is 1.000(0.540),cost is 0.018(4.946)
[1 1 1 1 1 1 1 0 0 1 0 1 1 1 0 0 0 0 0 1 1 0 1 0 1 1 0 1 0 1 1 1 1 1 1 0 0
 0 1 1 1 0 0 0 1 0 1 0 1 0 0 1 1 1 0 1 0 0 0 1 1 1 0 0 1 1 1 1 1 1 1 0 0 1
 1 1 0 1 0 1 0 1 0 1 1 0 1 1 0 0 1 1 0 1 1 0 0 0 0 0]
 Training accuracy at 10600 out of 20000 is 1.000(0.500),cost is 0.017(6.037)
[1 1 1 0 1 1 1 0 0 1 0 1 1 1 0 0 0 0 0 1 1 0 1 0 1 1 0 1 0 1 1 1 0 1 1 0 0
 0 1 1 1 1 0 0 1 0 1 0 1 0 0 1 0 1 0 1 0 0 0 0 0 1 0 0 0 1 1 1 1 1 1 0 0 1
 1 1 0 1 0 1 0 1 0 1 1 0 1 1 0 0 0 0 0 1 1 0 0 0 0 0]
 Training accuracy at 10700 out of 20000 is 1.000(0.530),cost is 0.017(5.584)
[1 1 1 1 1 1 1 0 0 1 0 1 1 1 0 0 0 0 0 1 1 0 0 0 1 1 0 1 0 1 1 1 1 1 1 0 0
 0 1 1 1 1 0 0 1 0 1 0 1 0 0 1 1 1 0 1 0 0 0 1 1 1 0 0 1 1 1 1 1 1 1 0 0 1
 1 1 1 1 0 1 0 1 0 1 1 0 1 1 0 0 1 1 1 1 1 0 0 1 0 0]
 Training accuracy at 10800 out of 20000 is 1.000(0.510),cost is 0.017(5.973)
[1 1 1 0 0 1 1 0 0 1 0 1 1 1 0 0 0 0 0 1 1 0 0 0 1 0 0 1 0 1 1 1 0 1 1 0 0
 0 1 1 1 1 0 0 1 0 1 0 1 0 0 1 0 1 0 1 0 0 0 1 1 1 0 0 0 1 1 1 1 1 1 0 0 1
 1 1 1 1 0 1 0 1 0 0 1 0 1 1 0 0 1 1 1 1 1 0 0 0 0 0]
 Training accuracy at 10900 out of 20000 is 1.000(0.530),cost is 0.017(5.659)
[1 1 1 0 1 1 1 0 0 1 0 1 1 1 0 0 0 0 0 1 1 0 0 0 1 1 0 1 0 1 1 0 0 1 1 0 0
 0 1 1 1 0 0 0 1 0 1 0 1 0 0 1 1 1 0 1 0 0 0 1 1 1 0 0 1 1 1 1 1 1 1 0 0 1
 1 1 1 1 0 1 0 1 0 0 1 0 1 1 0 0 1 1 1 1 1 0 0 1 0 0]
 Training accuracy at 11000 out of 20000 is 1.000(0.500),cost is 0.017(5.586)
[1 1 1 0 1 1 1 0 0 1 0 1 1 1 0 0 0 0 0 1 1 0 0 0 1 1 0 1 0 1 1 0 0 1 1 0 0
 0 1 1 1 1 0 0 1 0 1 0 1 0 0 1 0 1 0 0 0 0 0 1 1 0 0 0 0 1 1 1 1 1 1 0 0 1
 1 1 0 1 0 1 0 1 0 0 1 0 1 1 0 0 1 1 0 1 1 0 0 0 0 0]
 Training accuracy at 11100 out of 20000 is 1.000(0.540),cost is 0.018(4.885)
[1 1 1 0 1 1 1 0 0 1 0 1 1 1 0 0 0 0 0 1 1 0 1 0 1 1 0 1 1 1 1 1 0 1 1 0 0
 0 1 1 1 1 0 0 1 0 1 0 1 0 0 1 1 1 1 1 0 0 0 1 0 1 1 1 1 1 1 1 1 1 1 0 0 1
 1 1 1 1 0 1 0 1 0 1 1 0 1 1 0 0 1 1 1 1 1 0 0 1 0 0]
 Training accuracy at 11200 out of 20000 is 1.000(0.510),cost is 0.017(5.932)
[1 1 1 1 1 1 1 0 0 1 0 1 1 1 0 0 0 0 0 1 1 0 0 0 1 1 0 1 0 1 1 1 0 1 1 0 0
 0 1 1 1 1 0 0 1 0 1 0 1 0 0 1 1 1 0 1 0 0 0 1 0 0 0 0 0 1 1 1 1 1 1 0 0 1
 1 1 0 1 0 1 0 1 0 1 1 0 1 1 0 0 0 1 0 1 1 0 0 0 0 0]
 Training accuracy at 11300 out of 20000 is 1.000(0.550),cost is 0.018(4.931)
[1 1 1 1 1 1 1 0 0 1 0 1 1 1 0 0 0 0 0 1 1 0 1 0 1 1 0 1 1 1 1 1 0 1 1 0 0
 0 1 1 1 1 0 1 1 1 1 0 1 0 0 1 1 1 0 1 0 0 0 1 1 1 1 0 1 1 1 1 1 1 1 0 0 1
 1 1 1 1 0 1 0 1 0 0 1 0 1 1 0 0 1 1 1 1 1 0 0 1 0 0]
 Training accuracy at 11400 out of 20000 is 1.000(0.520),cost is 0.017(5.645)
[1 1 1 1 1 1 1 0 1 1 0 0 1 1 0 0 0 0 0 1 1 0 0 0 1 1 0 1 0 1 1 1 0 1 1 0 0
 1 1 1 1 1 0 0 1 0 1 0 1 0 0 1 0 1 0 1 0 0 0 1 1 1 0 0 0 1 1 1 1 1 1 0 0 1
 1 1 0 1 0 1 0 1 0 0 1 0 1 1 0 0 1 1 0 1 1 0 0 1 0 0]
 Training accuracy at 11500 out of 20000 is 1.000(0.540),cost is 0.017(5.257)
[1 1 1 1 1 1 1 0 0 1 0 1 1 1 0 0 0 0 0 1 1 0 0 0 1 1 0 1 1 1 1 1 0 1 1 0 0
 0 1 1 1 0 0 0 1 0 1 0 1 0 0 1 1 1 0 1 0 0 0 0 1 1 0 0 0 1 1 1 1 1 1 0 0 1
 1 1 0 1 0 1 0 1 0 1 1 0 1 1 0 0 1 1 0 1 0 0 0 0 0 0]
 Training accuracy at 11600 out of 20000 is 1.000(0.500),cost is 0.018(5.705)
[1 1 1 0 1 1 1 0 0 1 0 1 1 1 0 0 0 0 0 1 1 0 0 0 1 1 0 1 0 1 1 1 0 1 1 0 0
 0 1 1 1 1 0 0 1 0 1 0 1 0 0 1 1 1 0 1 0 0 0 1 1 1 0 0 0 1 1 1 1 1 1 0 0 1
 1 1 1 1 0 1 0 1 0 0 1 0 1 1 0 0 1 1 0 1 1 0 0 0 0 0]
 Training accuracy at 11700 out of 20000 is 1.000(0.490),cost is 0.017(5.835)
[1 1 1 1 1 1 1 0 0 1 0 1 1 1 0 1 0 0 0 1 1 0 0 0 1 1 0 1 0 1 1 1 1 1 1 0 0
 1 1 1 1 1 0 0 1 0 0 0 1 0 0 1 0 1 0 1 0 0 0 1 1 1 1 0 0 1 1 1 1 1 1 0 0 1
 1 1 0 1 0 1 0 1 0 1 1 0 1 1 0 1 1 1 1 1 1 0 0 1 0 0]
 Training accuracy at 11800 out of 20000 is 1.000(0.530),cost is 0.017(5.385)
[1 1 1 1 1 1 1 0 0 1 0 1 1 1 0 0 0 0 0 1 1 0 0 0 1 1 0 1 0 1 1 1 0 1 1 0 0
 0 1 1 1 0 0 0 1 0 1 0 1 0 0 1 1 1 0 1 0 0 0 0 1 1 1 0 0 1 1 1 1 1 1 0 0 1
 1 1 1 1 0 1 0 0 0 1 1 0 1 1 0 0 1 1 1 1 1 0 0 1 0 0]
 Training accuracy at 11900 out of 20000 is 1.000(0.490),cost is 0.017(5.412)
[1 1 1 0 1 1 1 0 0 1 0 1 1 1 0 0 0 0 0 1 1 0 1 0 1 1 0 1 0 1 1 1 0 1 1 0 0
 0 1 1 1 0 0 0 1 0 1 0 1 0 0 1 1 1 0 1 0 0 0 1 1 0 0 0 0 1 1 1 1 1 1 0 0 1
 1 1 0 1 0 1 0 1 0 0 1 0 1 1 0 0 1 0 1 1 1 0 0 0 0 0]
 Training accuracy at 12000 out of 20000 is 1.000(0.510),cost is 0.019(5.415)
[1 1 1 0 1 1 1 0 0 1 0 1 1 1 0 0 0 0 0 1 1 0 0 0 1 1 0 1 0 1 1 1 0 1 1 0 0
 0 1 1 1 1 0 0 1 0 1 0 1 0 0 1 0 1 0 1 0 0 0 1 0 1 0 0 0 1 1 1 1 1 1 0 0 1
 1 1 0 1 0 1 0 1 0 0 1 0 1 1 0 0 1 1 0 1 0 0 0 1 0 0]
 Training accuracy at 12100 out of 20000 is 1.000(0.520),cost is 0.017(5.457)
[1 1 1 1 0 1 1 0 0 1 0 0 1 1 0 0 0 0 0 1 1 0 0 0 1 1 0 1 0 1 1 1 0 1 1 0 0
 0 1 1 1 0 0 1 1 0 0 0 1 0 0 1 0 1 0 1 0 0 0 1 0 1 0 0 0 1 1 1 0 1 1 0 0 1
 1 1 0 1 0 1 0 1 0 0 1 0 1 1 0 0 1 1 1 1 0 0 0 0 0 0]
 Training accuracy at 12200 out of 20000 is 1.000(0.530),cost is 0.020(5.337)
[1 1 1 0 1 1 1 0 0 1 0 1 1 1 0 1 0 0 0 1 1 0 0 1 1 1 0 1 0 1 1 1 0 1 1 0 0
 0 1 1 1 0 0 0 1 0 1 0 1 0 0 1 1 1 0 1 0 0 0 0 0 1 0 0 0 1 1 1 1 1 1 0 0 1
 1 1 0 1 0 1 0 0 1 0 1 0 1 1 0 0 1 1 1 1 0 0 0 0 0 0]
 Training accuracy at 12300 out of 20000 is 1.000(0.470),cost is 0.018(5.484)
[1 1 1 0 1 1 1 0 0 1 0 1 1 1 0 0 0 0 0 1 1 0 0 0 1 1 0 1 0 1 1 1 1 1 1 0 0
 0 1 1 1 1 0 0 1 0 1 0 1 0 0 1 0 1 0 1 0 0 0 1 1 1 1 0 0 1 1 1 1 1 1 0 0 1
 1 1 0 1 0 1 0 1 0 0 1 0 1 1 0 0 1 1 1 0 1 0 0 1 0 0]
 Training accuracy at 12400 out of 20000 is 1.000(0.500),cost is 0.017(5.519)
[1 1 1 1 1 1 1 0 0 1 0 1 1 1 0 0 0 0 0 1 1 0 0 0 1 1 0 1 1 1 1 1 1 1 1 0 0
 0 1 1 1 0 0 0 1 0 1 0 1 0 0 1 0 1 0 1 0 0 0 1 1 1 0 0 0 1 1 1 1 1 1 0 0 1
 1 1 0 1 0 1 0 1 0 0 1 0 1 1 0 0 1 1 1 1 0 0 0 0 0 0]
 Training accuracy at 12500 out of 20000 is 1.000(0.510),cost is 0.018(6.047)
[1 1 1 0 0 1 1 0 0 1 0 1 1 1 0 0 0 0 0 1 1 0 0 0 1 1 0 1 0 1 1 1 0 1 1 0 0
 0 1 1 1 0 0 0 1 0 1 0 1 0 0 1 0 1 0 1 0 0 0 1 1 1 1 0 0 1 1 1 1 0 1 0 0 1
 1 1 0 1 0 1 0 1 0 0 1 0 1 1 0 0 1 1 1 1 1 0 0 1 0 0]
 Training accuracy at 12600 out of 20000 is 1.000(0.510),cost is 0.018(6.243)
[1 1 1 0 1 1 1 0 0 1 0 1 1 1 0 0 0 0 0 1 1 0 0 0 1 1 0 1 0 1 1 1 0 1 1 0 0
 1 1 1 1 0 0 0 1 0 1 0 1 0 0 1 1 1 0 1 0 0 0 1 0 1 0 0 0 1 1 1 1 1 1 0 0 1
 1 1 0 1 0 1 0 1 0 1 1 0 1 1 0 0 1 1 1 1 1 0 0 0 0 0]
 Training accuracy at 12700 out of 20000 is 1.000(0.510),cost is 0.018(6.184)
[1 1 1 1 1 1 1 0 0 1 0 1 1 1 0 0 0 0 0 1 1 0 0 0 1 1 0 0 0 1 1 1 0 1 1 0 0
 0 1 1 1 0 0 0 1 0 1 0 1 0 0 1 1 1 0 1 0 0 0 1 1 1 0 0 0 1 1 1 1 1 1 0 0 1
 1 1 0 1 0 1 0 1 1 0 1 0 1 1 0 0 1 1 1 1 1 0 0 0 0 0]
 Training accuracy at 12800 out of 20000 is 1.000(0.510),cost is 0.018(5.311)
[1 1 1 1 1 0 1 0 0 1 0 0 1 1 0 0 0 0 0 1 1 0 0 0 1 1 0 1 0 1 1 1 1 1 1 0 0
 0 1 1 1 0 0 0 1 1 1 0 1 0 0 1 0 1 0 1 0 0 0 0 1 1 0 0 0 1 1 1 1 1 1 0 0 1
 1 1 0 1 0 1 0 0 0 1 1 0 1 1 0 0 1 1 0 1 1 0 0 1 0 0]
 Training accuracy at 12900 out of 20000 is 1.000(0.510),cost is 0.018(5.828)
[1 1 1 0 1 1 1 0 0 1 0 1 1 1 0 1 0 0 0 1 1 0 1 0 1 1 0 1 0 1 1 1 1 1 1 1 0
 0 1 1 1 0 0 0 1 0 1 0 1 0 1 1 0 1 0 1 0 0 0 1 1 1 1 0 0 1 1 1 1 1 1 0 0 1
 1 1 1 1 0 1 0 1 0 1 1 0 1 1 0 0 1 1 1 1 1 0 0 1 0 1]
 Training accuracy at 13000 out of 20000 is 1.000(0.530),cost is 0.017(6.716)
[1 1 1 0 1 1 1 0 0 1 0 0 1 0 0 0 0 0 0 1 1 0 0 0 1 1 0 1 0 1 1 1 1 1 1 0 0
 0 1 1 1 1 0 0 1 0 1 0 1 0 0 1 0 1 0 1 0 0 0 0 1 1 1 0 1 1 1 1 1 1 1 0 0 1
 1 1 0 1 0 1 0 1 0 0 1 0 1 1 0 0 1 1 0 1 1 0 0 0 0 0]
 Training accuracy at 13100 out of 20000 is 1.000(0.470),cost is 0.018(6.103)
[1 1 1 0 1 1 1 0 0 1 0 0 1 1 0 0 0 0 0 1 1 0 0 0 1 1 0 1 0 1 1 0 0 1 1 0 0
 0 1 1 1 1 0 0 1 0 1 0 1 0 0 1 0 1 0 1 0 0 0 1 0 1 0 0 0 1 1 1 1 1 1 0 0 1
 1 1 0 1 0 1 0 1 0 1 1 0 1 1 0 0 1 1 1 0 0 0 0 0 0 0]
 Training accuracy at 13200 out of 20000 is 1.000(0.540),cost is 0.019(6.100)
[1 1 1 0 0 1 1 0 0 1 0 1 1 1 0 0 0 0 0 1 1 0 0 0 1 1 1 1 0 1 1 0 1 1 1 0 0
 0 1 1 1 1 0 0 1 0 1 0 1 0 0 1 0 1 0 1 0 0 0 0 1 1 1 0 0 1 1 1 1 1 1 0 0 1
 1 1 0 1 0 1 1 0 0 0 1 0 1 1 0 0 1 1 1 1 1 0 0 0 0 0]
 Training accuracy at 13300 out of 20000 is 1.000(0.480),cost is 0.017(6.789)
[1 1 1 0 1 1 1 0 0 1 0 0 1 1 0 0 0 0 0 1 1 0 0 1 1 1 0 1 0 1 1 1 0 1 1 0 0
 0 1 1 1 0 0 0 1 0 1 0 1 0 0 1 0 1 0 1 0 0 0 1 1 1 0 0 0 1 1 1 1 1 1 0 0 1
 1 1 0 1 0 1 0 0 0 0 1 0 1 1 0 0 1 1 0 1 0 0 0 0 0 0]
 Training accuracy at 13400 out of 20000 is 1.000(0.500),cost is 0.018(6.332)
[1 1 1 0 1 1 1 0 0 1 0 1 1 1 0 1 0 0 0 1 1 0 1 1 1 0 1 1 0 1 1 0 0 1 1 1 0
 0 1 1 1 1 0 0 1 0 1 0 1 0 0 1 0 1 0 1 1 0 0 1 1 1 0 0 0 1 1 1 1 1 1 0 0 1
 1 1 0 1 0 1 0 1 0 0 1 0 1 1 0 0 1 1 0 1 1 0 0 0 0 1]
 Training accuracy at 13500 out of 20000 is 1.000(0.560),cost is 0.017(5.769)
[1 1 1 1 1 0 1 0 1 1 0 1 1 1 0 1 0 0 0 1 1 0 1 1 1 1 0 1 1 1 1 1 1 1 1 0 0
 0 1 1 1 1 0 1 1 0 1 0 1 0 0 1 1 1 0 1 0 0 0 1 0 1 0 1 0 1 1 1 1 1 1 0 0 1
 1 1 1 1 0 1 0 1 0 1 1 0 1 1 0 0 0 1 1 1 0 0 0 0 0 0]
 Training accuracy at 13600 out of 20000 is 1.000(0.520),cost is 0.017(6.335)
[1 1 1 0 1 1 1 0 0 1 0 1 1 1 0 0 0 0 0 1 1 0 0 0 1 1 0 0 0 1 1 1 1 1 1 0 0
 0 1 1 1 0 0 0 1 0 1 0 1 0 0 1 0 1 0 1 0 0 0 1 1 1 0 0 0 1 1 1 0 1 1 0 0 1
 1 1 0 1 0 1 0 1 0 0 1 0 1 1 0 0 0 1 0 1 1 0 0 0 0 0]
 Training accuracy at 13700 out of 20000 is 1.000(0.500),cost is 0.019(6.019)
[1 1 1 0 1 1 1 0 0 1 0 1 1 1 0 0 0 0 0 1 1 0 0 1 1 1 0 1 1 1 1 1 0 1 1 1 0
 0 1 1 1 1 0 0 1 0 1 0 1 0 0 1 0 1 1 1 0 0 0 0 1 1 0 0 1 1 1 1 1 1 1 0 0 1
 1 1 1 1 0 1 0 1 1 0 1 0 1 1 0 0 1 1 1 1 1 0 0 0 0 1]
 Training accuracy at 13800 out of 20000 is 1.000(0.510),cost is 0.017(5.768)
[1 1 1 0 1 1 1 0 0 1 0 1 1 1 0 0 0 0 0 1 1 0 0 0 1 1 0 1 0 1 1 1 1 1 1 0 0
 0 1 1 1 1 0 0 1 0 1 0 1 0 0 1 0 1 0 1 0 0 0 1 1 1 0 0 0 1 1 1 0 1 1 0 0 1
 1 1 0 1 0 1 0 1 0 0 1 0 1 1 0 0 1 1 1 1 1 0 0 0 0 0]
 Training accuracy at 13900 out of 20000 is 1.000(0.500),cost is 0.018(5.951)
[1 1 1 0 1 1 1 0 0 1 0 1 1 1 0 0 0 0 0 1 1 0 0 0 1 1 0 1 0 1 1 1 1 1 1 0 0
 0 1 1 1 1 0 0 1 0 1 0 1 0 0 1 0 1 0 1 0 0 0 1 1 1 1 0 1 1 1 1 1 1 1 0 0 1
 1 1 0 1 0 1 0 1 0 0 1 0 1 1 0 0 0 1 1 1 1 0 0 0 0 0]
 Training accuracy at 14000 out of 20000 is 1.000(0.500),cost is 0.018(6.085)
[1 1 1 0 0 1 1 0 0 1 0 0 1 1 0 0 0 0 0 1 1 0 0 0 1 1 0 1 0 1 1 1 1 1 0 0 0
 0 1 1 1 1 0 0 1 0 1 0 1 0 0 1 0 1 0 1 0 0 0 1 1 1 1 0 0 1 1 1 1 1 1 0 0 0
 1 1 1 1 0 1 0 1 0 0 1 0 1 1 0 0 1 1 0 1 1 0 0 0 1 0]
 Training accuracy at 14100 out of 20000 is 1.000(0.470),cost is 0.017(5.882)
[1 1 1 0 1 0 1 0 0 1 0 0 1 0 0 0 0 0 0 1 1 0 0 0 1 1 0 1 0 1 1 1 0 1 1 0 0
 0 1 1 1 0 0 0 1 0 1 0 1 0 0 1 0 1 0 1 0 0 0 1 1 0 0 0 0 1 1 1 1 1 1 0 0 1
 1 1 0 1 0 1 0 0 0 1 1 0 1 1 0 0 0 1 1 1 0 0 0 0 0 0]
 Training accuracy at 14200 out of 20000 is 1.000(0.510),cost is 0.018(6.092)
[1 1 1 0 1 0 1 0 0 1 0 0 1 1 0 0 0 0 0 1 1 0 0 0 1 1 0 1 0 1 1 1 0 1 1 0 0
 1 1 1 1 1 0 0 1 0 1 0 1 0 0 1 0 1 0 1 0 0 0 1 1 1 1 0 0 1 1 1 1 1 1 0 0 1
 1 1 0 1 0 1 1 0 0 0 1 0 1 1 0 0 1 1 1 1 1 0 0 0 0 0]
 Training accuracy at 14300 out of 20000 is 1.000(0.480),cost is 0.017(6.191)
[1 1 1 0 1 0 1 0 0 1 0 0 1 0 0 0 0 0 0 1 1 0 0 0 1 1 0 0 0 1 1 0 0 1 1 0 0
 0 1 1 1 1 0 0 1 0 0 0 1 0 0 1 0 1 0 1 0 0 0 1 1 1 0 0 0 1 1 1 1 0 1 0 0 1
 1 1 1 1 0 1 0 1 0 1 1 0 1 1 0 0 1 1 0 1 0 0 0 0 0 0]
 Training accuracy at 14400 out of 20000 is 1.000(0.510),cost is 0.017(5.995)
[1 1 1 0 1 1 1 0 0 1 0 0 1 1 0 1 0 0 0 1 1 0 0 0 1 1 0 1 0 1 1 1 1 1 1 0 0
 0 1 1 1 1 0 0 1 0 0 0 1 0 0 1 0 1 1 1 0 0 0 1 1 1 0 0 0 1 1 1 1 1 1 0 0 1
 1 1 1 1 0 1 1 1 0 0 1 0 1 1 0 0 1 1 0 1 0 0 0 0 0 0]
 Training accuracy at 14500 out of 20000 is 1.000(0.470),cost is 0.017(5.817)
[1 1 1 0 1 1 1 0 0 1 0 0 1 1 0 0 0 0 0 1 1 0 0 0 1 0 0 1 0 1 1 0 0 1 1 0 0
 1 1 1 1 1 0 0 1 0 1 0 1 0 0 1 0 1 1 1 0 0 0 1 0 1 0 1 1 1 1 1 1 0 1 0 0 1
 1 1 1 1 0 1 1 1 0 0 1 0 1 1 0 0 1 1 0 1 1 0 0 0 0 0]
 Training accuracy at 14600 out of 20000 is 1.000(0.480),cost is 0.017(6.272)
[1 1 1 0 1 1 1 0 0 1 0 1 1 1 0 0 0 0 0 1 1 0 0 0 1 0 0 1 0 1 1 1 0 1 1 0 0
 0 1 1 1 0 0 0 1 0 1 0 1 0 0 1 0 1 0 1 0 0 0 1 0 0 0 1 0 1 1 1 1 0 1 0 0 1
 1 1 1 1 0 1 1 1 0 0 1 0 1 1 0 0 0 1 0 1 0 0 0 0 0 0]
 Training accuracy at 14700 out of 20000 is 1.000(0.490),cost is 0.019(5.504)
[1 1 1 0 1 1 1 0 0 1 0 0 1 0 0 0 0 0 0 1 1 0 1 0 1 0 0 1 0 1 1 1 0 1 1 0 0
 0 1 1 1 0 0 0 1 0 1 0 1 0 0 1 0 1 0 1 0 0 0 1 0 1 0 1 0 1 1 1 1 1 1 0 0 1
 1 1 1 1 0 1 1 0 0 0 1 0 1 1 0 0 0 1 0 1 0 0 0 0 0 0]
 Training accuracy at 14800 out of 20000 is 1.000(0.490),cost is 0.017(5.856)
[1 1 1 1 1 1 1 0 0 1 0 1 1 0 0 0 0 0 0 1 1 0 1 0 1 1 0 1 0 1 1 0 0 1 1 0 0
 0 1 1 1 1 0 0 1 0 1 0 1 0 0 1 0 1 0 1 0 0 0 0 0 1 0 0 1 1 1 1 1 1 1 0 0 1
 1 1 1 1 0 1 0 0 0 0 1 0 1 1 0 0 0 1 0 1 1 0 0 0 0 0]
 Training accuracy at 14900 out of 20000 is 1.000(0.510),cost is 0.018(6.058)
[1 1 1 1 0 1 1 0 0 1 0 1 1 1 0 0 0 0 0 1 1 0 1 0 1 1 0 1 1 1 1 1 1 1 1 0 0
 0 1 1 1 0 0 0 1 0 0 0 1 0 0 1 0 1 1 1 1 0 0 1 1 1 0 0 0 1 1 1 1 1 1 0 0 1
 1 1 1 1 0 1 1 1 0 1 1 0 1 1 0 0 1 1 0 1 1 0 0 1 0 0]
 Training accuracy at 15000 out of 20000 is 1.000(0.540),cost is 0.017(5.531)
[1 1 1 0 0 1 1 0 0 1 0 0 1 0 0 0 0 0 0 1 1 0 0 0 1 1 0 1 1 1 1 0 1 1 0 0 0
 0 1 1 1 0 0 0 1 0 1 0 1 0 0 1 0 1 0 1 0 0 0 1 0 1 0 0 0 1 1 1 1 1 1 0 0 1
 1 1 0 1 0 1 0 1 0 0 1 0 1 1 0 0 0 1 0 1 0 0 0 1 0 0]
 Training accuracy at 15100 out of 20000 is 1.000(0.530),cost is 0.018(5.942)
[1 1 1 0 1 1 1 0 0 1 0 0 1 1 0 0 0 0 0 1 1 0 0 0 1 1 0 1 1 1 1 0 0 1 1 0 0
 0 1 1 1 0 0 0 1 0 0 0 1 0 0 1 0 1 0 1 0 0 0 1 0 1 0 0 0 1 1 1 1 1 1 0 0 0
 1 1 1 1 0 1 0 0 0 0 1 0 1 1 0 0 1 1 1 1 0 0 0 0 0 1]
 Training accuracy at 15200 out of 20000 is 1.000(0.530),cost is 0.018(5.456)
[1 1 1 0 1 0 1 0 0 1 0 1 1 1 0 0 0 0 0 1 1 0 1 0 1 1 0 1 0 1 1 1 0 1 1 0 0
 0 1 1 1 0 0 0 1 0 1 0 1 0 0 1 1 1 1 1 0 0 0 1 0 1 0 0 0 1 1 1 1 1 1 0 0 1
 1 1 1 1 0 1 1 1 0 0 1 0 1 1 0 0 1 1 1 1 0 0 0 1 0 0]
 Training accuracy at 15300 out of 20000 is 1.000(0.480),cost is 0.018(5.696)
[1 1 1 0 1 1 1 0 0 1 0 0 1 0 0 0 0 0 0 1 1 0 0 0 1 1 0 1 0 1 1 1 0 1 1 0 0
 0 1 1 1 1 0 0 1 0 0 0 1 0 0 1 0 1 0 1 0 0 0 1 0 1 0 0 0 1 1 1 1 1 1 0 0 1
 1 1 1 1 0 1 1 0 0 0 1 0 1 1 0 0 1 1 1 1 0 0 0 1 0 1]
 Training accuracy at 15400 out of 20000 is 1.000(0.520),cost is 0.017(6.205)
[1 1 1 0 1 1 1 0 0 1 0 0 1 0 0 0 0 0 0 1 1 0 0 0 1 1 0 1 1 1 1 1 0 1 0 0 0
 0 1 1 1 1 0 0 1 0 0 0 1 0 0 1 1 1 0 1 0 0 0 1 0 1 0 0 0 1 1 1 1 1 1 0 0 1
 1 1 0 1 0 1 0 0 0 0 1 0 1 1 0 0 1 1 0 1 0 0 0 1 0 0]
 Training accuracy at 15500 out of 20000 is 1.000(0.510),cost is 0.017(6.026)
[1 1 1 0 0 1 1 0 0 1 0 0 1 0 0 0 0 0 0 1 1 0 1 0 1 1 0 1 0 1 1 0 0 1 1 0 0
 0 1 1 1 0 0 0 1 0 1 0 1 0 0 1 0 1 0 1 0 0 0 1 0 1 0 0 0 1 1 1 0 1 1 0 0 0
 1 1 1 1 0 1 1 0 0 0 1 0 1 1 0 0 0 1 0 1 0 0 0 1 0 1]
 Training accuracy at 15600 out of 20000 is 1.000(0.510),cost is 0.017(6.293)
[1 1 1 0 1 1 1 0 0 1 0 0 1 0 0 0 0 0 0 1 1 0 0 0 1 1 0 1 0 1 1 0 0 1 1 0 0
 0 1 1 1 0 0 0 1 0 0 0 1 0 0 1 0 1 0 1 0 0 0 1 0 1 0 0 0 1 1 1 0 0 1 0 0 1
 1 1 0 1 0 1 1 0 0 0 1 0 1 1 0 0 1 1 0 1 0 0 0 1 0 0]
 Training accuracy at 15700 out of 20000 is 1.000(0.490),cost is 0.017(6.745)
[1 1 1 0 1 1 1 0 0 1 0 0 1 0 0 1 0 0 0 1 1 0 1 0 1 1 1 1 0 1 1 0 0 1 1 0 0
 0 1 1 1 0 0 0 1 0 0 0 1 0 0 1 0 1 0 1 0 0 0 0 0 1 0 1 0 1 1 1 1 0 1 0 0 1
 1 1 0 1 0 1 1 1 0 0 1 0 1 1 0 0 1 1 1 0 1 0 0 0 0 1]
 Training accuracy at 15800 out of 20000 is 1.000(0.490),cost is 0.017(6.277)
[1 1 1 0 1 1 1 0 0 1 0 0 1 0 0 0 0 0 0 1 1 0 0 0 1 1 0 1 0 1 1 1 0 1 1 0 0
 0 1 1 1 1 0 1 1 0 0 0 1 0 0 1 1 1 0 1 0 0 0 1 0 1 1 0 0 1 1 1 1 0 1 0 0 1
 1 1 0 1 0 1 0 1 0 0 1 0 1 1 0 0 1 1 0 0 0 0 0 1 0 1]
 Training accuracy at 15900 out of 20000 is 1.000(0.490),cost is 0.017(5.858)
[1 1 1 0 0 1 1 0 0 1 0 0 1 1 0 0 0 0 0 1 1 0 0 0 1 1 0 1 1 1 1 0 0 1 1 0 0
 0 1 1 1 0 0 0 1 0 1 0 1 0 0 1 0 1 1 1 1 0 0 1 0 1 0 0 0 1 1 1 1 0 1 0 0 1
 1 1 1 1 0 1 0 1 0 0 1 0 1 1 0 0 1 1 0 1 0 0 0 0 0 1]
 Training accuracy at 16000 out of 20000 is 1.000(0.530),cost is 0.018(5.533)
[1 1 1 0 1 1 1 0 0 1 0 0 1 0 0 1 0 0 0 1 1 0 0 0 1 1 0 1 0 1 1 0 0 1 1 0 0
 1 1 1 1 0 0 1 1 0 0 0 1 0 0 1 0 1 1 1 1 0 0 1 0 1 1 0 0 1 1 1 1 1 1 0 0 1
 1 1 1 1 0 1 0 1 0 1 1 1 1 1 0 0 1 1 0 1 0 0 0 1 0 1]
 Training accuracy at 16100 out of 20000 is 1.000(0.510),cost is 0.017(5.665)
[1 1 1 0 1 0 1 0 0 1 0 0 1 1 0 1 0 0 0 1 1 0 0 0 1 1 0 1 0 1 1 0 0 1 1 0 0
 0 1 1 1 0 0 0 1 0 0 0 1 0 0 1 0 1 1 1 0 0 0 1 1 1 0 0 0 1 1 1 0 1 1 0 0 1
 1 1 0 1 0 1 0 1 0 0 1 1 1 1 0 0 1 1 1 1 0 0 0 1 0 1]
 Training accuracy at 16200 out of 20000 is 1.000(0.520),cost is 0.017(5.680)
[1 1 1 0 1 1 1 0 0 1 0 0 1 1 0 1 0 0 0 1 1 0 0 0 1 1 1 1 0 1 1 0 0 1 1 0 0
 0 1 1 1 0 0 0 1 0 1 0 1 0 0 1 0 1 0 1 0 0 0 1 1 1 0 0 0 1 1 1 0 1 1 0 0 1
 1 1 0 1 0 1 0 1 0 0 1 0 1 1 0 0 1 1 1 1 0 0 0 1 0 1]
 Training accuracy at 16300 out of 20000 is 1.000(0.510),cost is 0.017(6.481)
[1 1 1 0 1 1 1 0 0 1 0 0 1 1 0 0 0 0 0 1 1 0 1 0 1 1 0 1 0 1 1 0 0 1 1 0 0
 0 1 1 1 1 0 1 1 0 1 0 1 0 0 1 1 1 0 1 0 0 0 1 0 1 1 0 1 1 1 1 1 1 1 0 0 1
 1 1 1 1 0 1 1 1 0 0 1 0 1 1 0 0 1 1 1 1 1 0 0 1 0 0]
 Training accuracy at 16400 out of 20000 is 1.000(0.510),cost is 0.017(6.601)
[1 1 1 1 1 1 1 0 0 1 0 0 1 0 0 1 0 0 0 1 1 0 0 0 1 1 0 1 0 1 1 0 0 1 1 0 0
 0 1 1 1 1 0 0 1 0 1 0 1 0 0 1 0 1 0 1 0 0 0 1 1 1 1 0 0 1 1 1 1 1 1 0 0 0
 1 1 1 1 0 1 0 1 0 0 1 0 1 1 0 0 1 1 0 1 1 0 0 1 0 0]
 Training accuracy at 16500 out of 20000 is 1.000(0.500),cost is 0.017(5.733)
[1 1 1 1 1 1 1 0 0 1 0 0 1 1 0 0 0 0 0 1 1 0 1 0 1 1 0 1 0 1 1 0 0 1 1 0 0
 0 1 1 1 0 0 0 1 0 1 0 1 0 0 1 0 1 0 1 0 0 0 1 1 1 0 0 0 1 1 1 0 1 1 0 0 0
 1 1 1 1 0 1 0 1 0 0 1 0 1 1 0 0 1 1 1 0 1 0 0 0 0 0]
 Training accuracy at 16600 out of 20000 is 1.000(0.510),cost is 0.017(6.335)
[1 1 1 0 1 0 1 0 0 1 0 0 1 1 0 1 0 0 0 1 1 0 0 0 1 1 0 1 0 1 1 0 0 1 1 0 0
 0 1 1 1 0 0 0 1 0 1 0 1 0 0 1 0 1 0 1 0 0 0 1 0 1 0 0 0 1 1 1 0 1 1 0 0 1
 1 1 1 1 0 1 0 0 0 1 1 0 1 1 0 0 1 1 0 1 0 0 0 0 0 0]
 Training accuracy at 16700 out of 20000 is 1.000(0.480),cost is 0.017(6.353)
[1 1 1 0 1 0 1 0 0 1 0 0 1 1 0 0 0 0 0 1 1 0 1 0 1 1 0 1 0 1 1 0 0 1 1 0 0
 0 1 1 1 0 0 0 1 0 0 0 1 0 0 1 0 1 0 1 1 0 0 1 0 1 0 0 1 1 1 1 0 1 1 0 0 1
 1 1 1 1 0 1 0 1 0 0 1 0 1 1 0 0 1 1 1 1 0 0 0 0 0 0]
 Training accuracy at 16800 out of 20000 is 1.000(0.520),cost is 0.017(6.353)
[1 1 1 0 1 1 1 0 0 1 0 1 1 1 0 0 0 0 0 1 1 0 1 0 1 1 0 1 0 1 1 0 0 1 1 0 0
 0 1 1 1 0 0 0 1 0 0 0 1 0 0 1 0 1 0 1 0 0 0 1 0 1 1 0 1 1 1 1 1 1 1 0 0 1
 1 1 1 1 0 1 0 1 0 0 1 0 1 1 0 0 0 1 0 1 1 0 0 1 0 0]
 Training accuracy at 16900 out of 20000 is 1.000(0.530),cost is 0.017(6.044)
[1 1 1 0 1 1 1 0 0 1 0 0 1 1 0 1 0 0 0 1 1 0 0 0 1 1 0 1 0 1 1 0 0 1 1 0 0
 0 1 1 1 1 0 0 1 0 0 0 1 0 0 1 0 1 0 1 0 0 0 1 0 1 0 0 0 1 1 1 1 1 1 0 0 1
 1 1 1 1 0 1 0 1 0 0 1 0 1 1 0 0 0 1 0 0 1 0 0 0 0 0]
 Training accuracy at 17000 out of 20000 is 1.000(0.530),cost is 0.018(5.507)
[1 1 1 1 1 1 1 0 0 1 0 1 1 1 0 1 0 0 0 1 1 0 0 0 1 1 0 1 1 1 1 0 0 1 1 0 0
 0 1 1 1 1 0 0 1 0 0 0 1 0 0 1 0 1 1 1 0 0 0 1 0 1 0 0 0 1 1 1 1 1 1 0 0 1
 1 1 1 1 0 1 0 1 0 1 1 0 1 1 0 0 0 1 1 1 0 0 0 0 0 1]
 Training accuracy at 17100 out of 20000 is 1.000(0.560),cost is 0.017(5.902)
[1 1 1 1 1 1 1 0 0 1 0 1 1 1 0 1 0 0 0 1 1 0 0 0 1 1 0 1 1 1 1 0 0 1 1 0 0
 0 1 1 1 0 0 0 1 0 0 0 1 0 0 1 1 1 0 1 0 0 0 1 0 1 0 0 0 1 1 1 1 1 1 0 0 1
 1 1 1 1 0 1 0 1 0 0 1 0 1 1 0 0 0 1 1 0 1 0 0 0 0 0]
 Training accuracy at 17200 out of 20000 is 1.000(0.530),cost is 0.017(5.862)
[1 1 1 0 1 1 1 0 0 1 0 1 1 0 0 0 0 0 0 1 1 0 0 0 1 1 0 1 1 1 1 0 0 1 1 0 0
 0 1 1 1 0 0 0 1 0 0 0 1 0 0 1 0 1 1 1 0 0 0 1 0 1 0 0 1 1 1 1 1 1 1 0 0 1
 1 1 1 1 0 1 0 1 0 1 1 0 1 1 0 0 0 1 1 1 1 0 0 0 0 1]
 Training accuracy at 17300 out of 20000 is 1.000(0.540),cost is 0.017(5.921)
[1 1 1 0 0 1 1 0 0 1 0 1 1 0 0 0 0 0 0 1 1 0 0 0 1 1 0 1 0 1 1 1 0 1 1 0 0
 0 1 1 1 0 0 0 1 0 1 0 1 0 0 1 0 1 1 1 0 0 0 0 0 1 1 0 1 1 1 1 1 1 1 0 0 0
 1 1 1 1 0 1 0 0 0 1 1 0 1 1 0 0 0 1 1 0 0 0 0 0 0 1]
 Training accuracy at 17400 out of 20000 is 1.000(0.460),cost is 0.017(5.959)
[1 1 1 0 1 1 1 0 0 1 0 1 1 0 0 0 0 0 0 1 1 0 0 0 1 1 0 1 1 1 1 1 0 1 1 0 0
 0 1 1 1 0 0 0 1 0 1 0 1 0 0 1 0 1 1 1 0 0 0 1 0 1 1 0 1 1 1 1 1 1 1 0 0 0
 1 1 1 1 0 1 0 0 0 1 1 0 1 1 0 0 1 1 1 0 0 0 0 0 0 0]
 Training accuracy at 17500 out of 20000 is 1.000(0.450),cost is 0.017(6.252)
[1 1 1 0 0 1 1 0 0 1 0 1 1 0 0 0 0 0 0 1 1 0 0 0 1 1 0 1 0 1 1 1 0 1 0 0 0
 0 1 1 1 1 0 0 1 0 1 0 1 0 0 1 0 1 0 1 0 0 0 1 0 1 0 0 0 1 1 1 1 1 1 0 0 1
 1 1 0 1 0 1 1 1 0 1 1 0 1 1 0 0 1 1 1 1 0 0 0 0 0 0]
 Training accuracy at 17600 out of 20000 is 1.000(0.510),cost is 0.018(6.105)
[1 1 1 1 1 1 1 0 0 1 0 1 1 0 0 0 0 0 0 1 1 0 0 0 1 1 0 0 1 1 1 1 0 1 1 0 0
 0 1 1 1 0 0 0 1 0 0 0 1 0 0 1 0 1 0 1 1 0 0 1 0 1 1 0 1 1 1 1 1 1 1 0 0 0
 1 1 0 1 0 1 0 1 0 1 1 0 1 1 0 0 1 1 1 0 0 0 0 0 0 0]
 Training accuracy at 17700 out of 20000 is 1.000(0.520),cost is 0.017(6.070)
[1 1 1 0 1 1 1 0 0 1 0 1 1 1 0 0 0 0 0 1 1 0 0 0 1 1 0 1 0 1 1 1 0 1 0 0 0
 0 1 1 1 1 0 0 1 0 1 0 1 0 0 1 0 1 1 1 0 0 0 1 0 1 0 0 0 1 1 1 1 1 1 0 0 1
 1 1 1 1 0 1 1 1 0 1 1 0 1 1 0 0 1 1 1 0 1 0 0 1 0 1]
 Training accuracy at 17800 out of 20000 is 1.000(0.510),cost is 0.017(6.014)
[1 1 1 0 1 1 1 0 0 1 0 0 1 1 0 0 0 0 0 1 1 0 0 0 1 1 0 1 0 1 1 1 0 1 1 0 0
 0 1 1 1 1 0 0 1 0 1 0 1 0 0 1 0 1 0 1 0 0 0 1 0 1 0 0 0 1 1 1 1 1 1 0 0 1
 1 1 1 1 0 1 0 0 0 0 1 0 1 1 0 0 0 1 1 1 0 0 0 0 0 0]
 Training accuracy at 17900 out of 20000 is 1.000(0.520),cost is 0.017(6.288)
[1 1 1 1 1 1 1 0 0 1 0 1 1 1 0 0 0 0 0 1 1 0 0 0 1 1 0 1 0 1 1 1 0 1 1 0 0
 0 1 1 1 0 0 0 1 0 1 0 1 0 0 1 0 1 0 1 0 0 0 1 0 1 0 0 0 1 1 1 1 1 1 0 0 0
 1 1 0 1 0 1 0 1 0 1 1 0 1 1 0 0 0 1 1 0 1 0 0 0 0 1]
 Training accuracy at 18000 out of 20000 is 1.000(0.540),cost is 0.017(6.059)
[1 1 1 0 1 1 1 0 0 1 0 1 1 1 0 1 0 0 0 1 1 0 0 0 1 0 0 1 1 1 1 1 0 1 1 0 0
 0 1 1 1 0 0 0 1 0 1 0 1 0 0 1 0 1 1 1 0 0 0 1 1 1 0 0 0 1 1 1 0 1 1 0 0 0
 1 1 1 1 0 1 0 0 0 0 1 0 1 0 0 0 1 1 1 0 1 0 0 0 0 1]
 Training accuracy at 18100 out of 20000 is 1.000(0.460),cost is 0.017(5.778)
[1 1 1 1 0 1 1 0 0 1 0 0 1 1 0 0 0 0 0 1 1 0 0 0 1 1 0 1 0 1 1 1 0 1 0 0 0
 0 1 1 1 0 0 0 1 0 1 0 1 0 0 1 0 1 0 1 0 0 0 1 1 1 1 0 0 1 1 1 1 1 1 0 0 0
 1 1 0 1 0 1 0 1 0 0 1 0 1 1 0 0 0 1 1 0 1 0 0 1 0 0]
 Training accuracy at 18200 out of 20000 is 1.000(0.520),cost is 0.021(5.698)
[1 1 1 0 1 1 1 0 1 1 0 1 1 1 0 1 0 0 0 1 1 0 0 0 1 1 0 1 0 1 1 1 0 1 1 0 0
 0 1 1 1 0 0 0 1 0 0 0 1 0 0 1 0 1 0 1 0 0 0 1 1 1 1 0 0 1 1 1 1 1 1 0 0 1
 1 1 1 1 0 1 0 0 0 1 1 0 1 1 0 0 1 1 1 1 1 0 0 0 0 0]
 Training accuracy at 18300 out of 20000 is 1.000(0.500),cost is 0.017(6.375)
[1 1 1 0 0 1 1 0 0 1 0 0 1 1 0 0 0 0 0 1 1 0 0 0 1 1 0 1 0 1 1 0 0 1 0 0 0
 0 1 1 1 0 0 0 1 0 0 0 1 0 0 1 0 1 0 1 1 0 0 1 1 1 1 0 0 1 1 1 1 1 1 0 0 1
 1 1 0 1 0 1 0 1 0 1 1 1 1 1 0 0 0 1 1 1 0 0 0 0 0 0]
 Training accuracy at 18400 out of 20000 is 1.000(0.560),cost is 0.018(6.377)
[1 1 1 1 0 1 1 0 0 1 0 0 1 1 0 0 0 0 0 1 1 0 0 0 1 1 0 1 0 1 1 1 0 1 0 0 0
 0 1 1 1 0 0 0 1 0 1 0 1 0 0 1 0 1 0 1 0 0 0 1 1 1 1 0 0 1 1 1 1 1 1 0 0 1
 1 1 1 1 0 1 0 0 1 1 1 0 1 1 0 0 0 0 1 1 1 0 0 0 0 0]
 Training accuracy at 18500 out of 20000 is 1.000(0.500),cost is 0.017(5.810)
[1 1 1 1 0 1 1 0 0 1 0 0 1 0 0 0 0 0 0 1 1 0 0 0 1 1 0 1 0 1 1 1 0 1 0 0 0
 0 1 1 1 0 0 0 1 0 1 0 1 0 0 1 0 1 0 1 0 0 0 1 1 1 0 0 0 1 1 1 1 1 1 0 0 1
 1 1 1 1 0 1 0 0 0 0 1 0 1 1 0 0 1 1 1 0 0 0 0 0 0 0]
 Training accuracy at 18600 out of 20000 is 1.000(0.480),cost is 0.017(6.331)
[1 1 1 0 1 1 1 0 0 1 0 1 1 1 0 0 0 0 0 1 1 0 0 0 1 1 0 1 0 1 1 1 0 1 0 0 0
 0 1 1 1 1 0 0 1 0 1 0 1 0 0 1 0 1 0 1 1 0 0 1 1 1 1 0 0 1 1 1 1 1 1 0 0 1
 1 1 0 1 0 1 1 0 0 1 1 0 1 1 0 0 0 1 1 1 1 0 0 0 0 0]
 Training accuracy at 18700 out of 20000 is 1.000(0.510),cost is 0.017(5.846)
[1 1 1 0 0 1 1 0 0 1 0 0 1 1 0 0 0 0 0 1 1 0 0 0 1 1 0 1 0 1 1 1 0 1 0 0 0
 0 1 1 1 0 0 0 1 0 0 0 1 0 0 1 1 1 0 1 1 0 0 0 0 1 1 0 0 1 1 1 1 0 1 0 0 1
 1 1 0 1 0 1 0 0 0 1 1 1 1 1 0 0 1 1 0 0 0 0 1 0 0 1]
 Training accuracy at 18800 out of 20000 is 1.000(0.510),cost is 0.017(6.482)
[1 1 1 0 0 1 1 0 0 1 0 0 1 0 0 0 0 0 0 1 1 0 0 0 1 1 0 1 0 1 1 0 0 1 0 0 0
 0 1 1 1 1 0 0 1 0 1 0 1 0 0 1 0 1 0 1 1 0 0 1 1 1 0 0 0 1 1 1 1 0 1 0 0 1
 1 1 0 1 0 1 0 1 0 1 1 0 1 1 0 0 1 1 1 0 0 0 0 0 0 0]
 Training accuracy at 18900 out of 20000 is 1.000(0.520),cost is 0.017(6.260)
[0 1 1 0 0 1 1 0 0 1 0 0 1 1 0 0 0 0 0 1 1 0 0 0 1 1 0 1 0 1 1 1 0 1 0 0 0
 0 1 1 1 1 0 0 1 0 0 0 1 0 0 1 0 1 0 1 1 0 0 1 0 1 0 0 0 1 1 1 1 1 1 0 0 0
 1 1 0 1 0 1 0 0 0 0 1 0 1 1 0 0 1 1 1 1 0 0 0 1 0 0]
 Training accuracy at 19000 out of 20000 is 1.000(0.550),cost is 0.017(6.591)
[1 1 1 0 0 1 1 0 0 1 0 0 1 1 0 0 0 0 0 1 1 0 0 0 1 1 0 0 0 1 1 1 0 1 1 0 0
 0 1 1 1 1 0 0 1 0 0 0 1 0 0 1 0 1 0 1 0 0 0 1 1 1 0 0 0 1 1 1 1 1 0 0 0 0
 1 1 1 1 0 1 0 0 0 1 1 0 1 1 0 0 1 1 1 0 0 0 0 0 0 0]
 Training accuracy at 19100 out of 20000 is 1.000(0.530),cost is 0.017(5.792)
[0 1 1 0 0 1 1 0 0 1 0 0 1 0 0 0 0 0 0 1 1 0 0 1 1 1 0 1 0 1 1 1 0 1 0 0 0
 0 1 1 1 0 0 0 1 0 1 0 1 0 0 1 0 1 0 1 0 0 0 1 0 1 1 0 0 1 1 1 1 1 1 0 0 0
 1 1 0 1 0 1 0 0 0 1 1 0 1 1 0 0 0 1 1 0 0 0 0 0 0 0]
 Training accuracy at 19200 out of 20000 is 1.000(0.510),cost is 0.017(6.266)
[1 1 1 0 1 1 1 0 0 1 0 0 1 0 0 1 0 0 0 1 1 0 0 0 1 1 0 1 0 1 1 0 1 1 0 0 0
 0 1 1 1 0 0 0 1 0 1 0 1 0 0 1 0 1 0 0 0 0 0 1 0 1 1 0 1 1 1 1 1 1 0 0 0 1
 1 1 0 1 0 1 1 1 0 1 1 0 1 1 0 0 1 1 1 1 0 0 0 1 0 0]
 Training accuracy at 19300 out of 20000 is 1.000(0.500),cost is 0.017(6.055)
[1 1 1 0 1 1 1 0 0 1 0 1 1 1 0 0 0 0 0 1 1 0 0 0 1 1 0 1 0 1 1 1 1 1 0 0 0
 1 1 1 1 1 0 0 1 0 1 0 1 0 0 1 1 1 0 1 1 0 0 1 1 1 1 0 1 1 1 1 1 0 1 0 0 0
 1 1 0 1 0 1 0 1 0 1 1 0 1 1 0 0 1 1 0 0 0 0 0 0 0 0]
 Training accuracy at 19400 out of 20000 is 1.000(0.430),cost is 0.017(7.007)
[1 1 1 1 1 1 1 0 0 1 0 0 1 1 0 0 0 0 0 1 1 0 0 0 1 1 0 1 0 1 1 0 1 1 1 0 0
 0 1 1 1 0 0 0 1 0 0 0 1 0 0 1 1 1 0 1 1 0 0 1 1 1 1 0 1 1 1 1 1 1 1 0 0 0
 1 1 0 1 0 1 0 1 0 1 1 0 1 1 0 0 1 1 0 0 1 0 0 1 0 0]
 Training accuracy at 19500 out of 20000 is 1.000(0.510),cost is 0.017(5.752)
[1 1 1 0 1 1 1 0 0 1 0 1 1 1 0 0 0 0 0 1 1 0 0 1 1 1 0 1 0 1 1 0 0 1 0 0 0
 0 1 1 1 0 0 0 1 0 1 0 1 0 0 1 0 1 0 0 0 0 0 1 0 1 1 0 0 1 1 1 1 1 1 0 0 1
 1 1 1 1 0 1 0 1 0 1 1 0 1 1 0 0 1 1 1 0 0 0 0 1 0 1]
 Training accuracy at 19600 out of 20000 is 1.000(0.530),cost is 0.017(6.148)
[1 1 1 0 1 1 1 0 0 1 0 1 1 0 0 0 0 0 0 1 1 0 0 0 1 1 0 1 0 1 1 1 1 1 0 0 0
 0 1 1 1 0 0 0 1 0 1 0 1 0 0 1 0 1 0 0 0 0 0 1 1 1 1 0 0 1 1 1 1 1 1 0 0 0
 1 1 0 1 0 1 0 1 0 1 1 0 1 1 0 0 1 1 1 0 0 0 0 0 0 0]
 Training accuracy at 19700 out of 20000 is 1.000(0.460),cost is 0.017(5.815)
[1 1 1 0 1 1 1 0 0 1 0 0 1 0 0 0 0 0 0 1 1 0 0 0 1 1 0 1 0 1 1 0 1 1 0 0 0
 0 1 1 1 0 0 0 1 0 0 0 1 0 0 1 1 1 0 1 1 0 0 1 0 1 1 0 0 1 1 1 1 1 1 0 0 1
 1 1 1 1 0 1 0 1 0 1 1 0 1 1 0 0 0 1 1 0 1 0 0 1 0 0]
 Training accuracy at 19800 out of 20000 is 1.000(0.520),cost is 0.017(5.796)
[1 1 1 0 1 1 1 0 0 1 0 0 1 0 0 0 0 0 0 1 1 0 0 0 1 1 0 1 0 1 1 0 0 1 0 0 0
 0 1 1 1 0 0 0 1 0 1 0 1 0 0 1 1 1 0 1 0 0 0 0 0 1 0 0 0 1 1 1 1 1 0 0 0 0
 1 1 0 1 0 1 0 0 0 0 1 0 1 1 0 0 1 1 0 0 0 0 0 0 0 0]
 Training accuracy at 19900 out of 20000 is 1.000(0.460),cost is 0.017(6.254)
pred real
2    1
2    2
2    2
1    2
2    1
2    2
2    2
1    1
1    2
2    2
1    1
1    1
2    1
1    2
1    2
1    1
1    1
1    2
1    1
2    1
2    2
1    2
1    2
1    2
2    1
2    1
1    1
2    1
1    2
2    1
2    1
1    1
1    1
2    1
1    2
1    2
1    1
1    1
2    1
2    1
2    1
1    2
1    1
1    1
2    2
1    2
2    1
1    2
2    1
1    1
1    2
2    1
1    1
2    1
1    1
1    1
1    2
1    2
1    2
1    2
1    1
2    1
1    1
1    1
1    1
2    1
2    2
2    2
2    2
1    2
2    1
1    1
1    1
1    2
2    2
2    2
2    1
2    2
1    1
2    1
1    1
1    2
1    1
1    2
2    2
1    2
2    2
2    2
1    1
1    2
2    1
2    2
2    2
1    2
1    2
1    2
1    2
1    2
1    1
1    2
time:0 The accuracy on the test data is 0.460, before training was 0.500
0.46
