Train 1155 samples in approximately 2597 epochs
Finished computation graph
[1 1 1 1 1 1 1 1 1 1 1 1 1 1 1 1 1 1 1 1 1 1 1 1 1 1 1 1 1 1 1 1 1 1 1 1 1
 1 1 1 1 1 1 1 1 1 1 1 1 1 1 1 1 1 1 1 1 1 1 1 1 1 1 1 1 1 1 1 1 1 1 1 1 1
 1 1 1 1 1 1 1 1 1 1 1 1 1 1 1 1 1 1 1 1 1 1 1 1 1 1]
At     1/30000: COST 0.705/0.706(0.693) -- Acc 0.560/0.490(0.011)
[1 1 1 1 1 1 1 0 1 1 1 0 1 1 0 0 0 0 1 1 0 1 0 1 0 1 1 1 1 0 0 0 1 1 0 1 1
 0 1 0 1 1 0 1 1 1 1 1 0 0 1 1 0 1 1 0 1 1 1 1 0 0 1 1 0 0 1 1 0 1 1 1 0 1
 1 0 0 1 1 1 0 1 1 0 1 1 0 0 1 1 0 1 1 1 1 1 1 0 1 1]
At   101/30000: COST 0.700/0.692(0.694) -- Acc 0.460/0.530(0.330)
[1 0 0 0 0 1 0 0 0 1 1 0 0 1 1 0 0 0 0 0 0 1 1 0 0 0 1 0 1 0 1 1 0 0 0 0 0
 0 0 1 0 0 0 0 0 0 1 0 1 0 0 0 0 0 0 0 1 1 1 1 0 0 1 0 1 0 0 0 1 0 1 1 0 1
 0 0 0 0 0 0 0 1 0 1 0 0 1 0 0 0 1 1 0 0 1 1 0 0 0 1]
At   201/30000: COST 0.683/0.694(0.692) -- Acc 0.530/0.480(0.454)
[1 0 0 1 1 0 0 0 0 1 0 0 0 0 0 0 1 0 0 1 0 0 0 1 1 1 1 0 0 0 1 1 0 0 0 1 0
 0 0 0 0 0 1 0 0 0 1 1 0 1 0 0 0 0 0 0 0 0 1 0 1 0 1 0 0 0 1 0 0 0 1 0 0 0
 1 0 0 1 0 0 0 0 1 0 1 0 0 1 0 0 0 0 0 1 0 0 1 1 0 0]
At   301/30000: COST 0.698/0.693(0.691) -- Acc 0.480/0.490(0.504)
[0 0 1 0 0 0 0 0 1 0 0 0 0 1 0 0 0 1 0 0 1 0 0 0 1 0 0 0 0 1 0 0 0 1 0 0 0
 0 0 0 1 0 0 0 0 0 0 0 0 0 0 0 1 0 0 1 0 1 1 0 0 1 1 0 0 1 1 0 0 0 0 0 0 0
 0 0 1 0 0 0 0 0 1 1 0 0 0 0 1 1 0 0 0 1 0 0 0 0 0 0]
At   401/30000: COST 0.705/0.698(0.689) -- Acc 0.560/0.500(0.530)
[1 0 1 0 0 0 0 1 0 0 0 0 0 1 0 0 0 0 1 0 1 0 1 0 1 0 0 0 0 0 0 0 1 0 0 0 1
 0 0 0 0 0 0 0 0 1 0 1 0 1 1 0 0 1 1 0 0 0 1 0 1 0 0 0 0 0 1 1 1 0 0 0 0 0
 1 0 1 0 0 1 0 1 0 1 1 0 1 1 0 1 0 0 1 1 1 0 0 0 0 1]
At   501/30000: COST 0.683/0.696(0.684) -- Acc 0.590/0.530(0.552)
[1 1 1 1 1 1 0 1 0 1 0 1 0 0 1 1 1 1 1 1 1 1 1 1 0 0 0 1 1 1 0 0 1 0 1 0 1
 1 1 0 0 1 1 1 1 0 1 1 1 1 1 1 1 1 1 0 0 0 1 0 1 1 1 1 1 1 1 1 1 1 0 1 0 1
 1 0 0 1 1 0 1 0 1 1 1 0 1 0 1 0 0 1 0 1 1 1 0 0 1 1]
At   601/30000: COST 0.672/0.744(0.680) -- Acc 0.560/0.450(0.565)
[1 1 1 1 1 0 0 1 1 1 1 1 0 1 0 1 1 1 1 1 0 1 1 1 1 1 1 1 0 0 0 0 1 0 0 0 1
 1 1 0 1 1 1 1 0 0 1 1 0 0 1 0 1 1 1 0 1 1 1 1 0 1 1 1 1 1 0 0 0 1 0 0 1 1
 0 1 1 0 1 0 1 1 1 0 0 0 0 1 1 1 0 1 0 1 0 0 0 1 0 1]
At   701/30000: COST 0.679/0.729(0.679) -- Acc 0.610/0.510(0.568)
[0 1 1 1 0 1 1 0 0 1 1 1 0 0 0 1 1 0 0 1 0 0 0 1 0 1 0 1 1 1 1 0 0 1 1 0 0
 0 1 0 0 1 0 1 0 0 1 0 0 0 1 1 1 0 0 1 1 1 1 0 0 0 0 0 0 1 1 0 0 0 0 1 0 0
 0 1 1 0 0 0 0 1 1 0 0 0 1 1 0 1 1 1 1 0 0 0 0 1 1 0]
At   801/30000: COST 0.666/0.735(0.671) -- Acc 0.600/0.460(0.584)
[0 1 0 1 1 0 0 0 0 1 1 1 1 1 0 1 1 0 0 0 0 0 0 1 1 1 1 1 1 1 0 0 0 0 1 1 1
 1 0 0 1 0 0 0 0 1 1 0 1 0 0 0 0 0 1 0 1 0 0 1 0 0 0 1 0 1 1 0 1 0 1 0 1 1
 1 1 0 0 0 1 1 1 1 0 1 1 0 1 1 1 1 1 1 0 1 0 0 0 0 0]
At   901/30000: COST 0.653/0.702(0.666) -- Acc 0.630/0.550(0.598)
[1 0 1 1 0 1 0 1 1 0 1 1 1 1 1 0 1 0 0 1 1 1 0 0 1 1 1 0 0 0 1 1 0 1 0 0 1
 0 0 0 0 1 1 0 1 0 0 0 0 1 1 1 1 1 1 1 1 0 1 1 1 1 0 0 0 1 1 1 0 1 0 0 0 0
 0 1 1 1 1 0 1 0 1 0 1 0 1 0 1 0 0 1 1 1 1 1 0 1 0 0]
At  1001/30000: COST 0.667/0.748(0.650) -- Acc 0.670/0.550(0.619)
[1 1 1 1 0 0 0 1 0 0 1 0 0 1 1 0 1 1 0 0 0 0 1 0 1 0 1 0 0 0 1 0 1 1 1 0 0
 0 0 1 1 0 0 1 1 1 1 1 0 0 1 0 0 0 0 0 0 1 1 1 1 0 0 0 0 1 0 0 1 0 0 1 0 0
 0 1 0 1 1 0 1 1 1 0 1 0 0 0 1 1 1 1 0 0 1 1 0 1 1 0]
At  1101/30000: COST 0.637/0.792(0.625) -- Acc 0.650/0.540(0.649)
[0 0 1 1 1 0 1 1 1 0 1 1 1 1 0 0 1 1 0 0 0 1 0 1 1 0 0 1 1 1 1 0 0 0 1 1 1
 1 1 1 0 1 0 1 0 1 1 0 1 0 1 0 0 1 0 1 1 0 0 1 1 1 1 1 1 1 1 1 0 1 1 1 0 1
 1 0 0 1 1 1 1 1 1 0 1 1 1 0 0 0 1 0 1 1 1 0 1 1 0 0]
At  1201/30000: COST 0.584/0.809(0.605) -- Acc 0.710/0.540(0.668)
[0 0 1 0 1 0 1 1 1 0 1 1 1 0 1 1 0 0 0 1 1 1 1 1 0 1 1 1 0 0 0 0 1 1 1 0 0
 0 0 1 1 1 0 0 0 0 0 1 1 1 0 1 1 1 1 1 1 1 0 1 1 0 1 1 1 1 0 1 0 0 0 1 0 1
 1 0 0 0 0 0 1 0 1 1 0 1 1 1 0 1 0 1 1 1 0 1 1 0 1 0]
At  1301/30000: COST 0.544/0.968(0.566) -- Acc 0.680/0.540(0.701)
[0 1 1 0 0 0 0 0 1 0 1 0 1 0 1 1 0 1 0 1 1 0 0 0 0 0 0 0 0 0 0 0 1 1 0 1 0
 0 0 0 0 1 0 1 1 1 1 0 0 0 0 0 1 1 0 1 0 1 1 1 1 1 1 0 1 0 0 1 1 1 0 1 0 0
 1 0 0 0 0 0 0 1 0 0 1 1 1 0 1 0 1 1 1 1 1 1 1 0 1 1]
At  1401/30000: COST 0.373/1.028(0.518) -- Acc 0.820/0.580(0.739)
[0 0 0 0 1 1 0 0 0 0 1 1 1 0 1 0 0 0 0 1 1 0 1 0 0 1 1 0 0 0 1 0 0 0 0 0 1
 0 1 0 0 0 0 0 1 0 1 0 1 1 0 1 1 0 1 0 0 1 0 1 1 1 1 1 1 1 1 0 0 1 0 1 1 1
 1 1 0 0 0 0 0 0 0 1 0 1 0 0 1 1 0 0 0 1 0 1 1 1 1 1]
At  1501/30000: COST 0.301/1.230(0.433) -- Acc 0.890/0.530(0.794)
[1 1 0 1 1 1 1 0 1 1 0 0 0 0 1 1 1 1 1 1 0 1 1 1 1 0 1 0 0 1 1 0 1 0 0 1 0
 1 1 1 0 0 1 0 1 0 0 0 0 0 0 1 0 1 1 1 0 0 1 0 0 0 1 1 1 1 1 1 1 0 1 0 1 0
 0 1 0 0 1 1 1 1 1 1 0 0 0 0 0 1 0 0 1 1 0 0 0 1 0 0]
At  1601/30000: COST 0.345/1.512(0.345) -- Acc 0.820/0.480(0.845)
[0 1 1 0 0 0 1 1 1 0 1 0 0 0 0 1 1 1 1 1 1 1 1 0 1 0 1 1 0 1 1 0 1 1 1 0 1
 1 0 0 1 0 0 1 1 1 1 0 1 0 0 1 0 0 0 0 0 1 1 1 1 0 0 1 1 1 1 0 1 1 1 0 0 1
 0 1 1 0 0 0 1 0 0 1 0 0 1 0 1 0 0 0 1 0 0 1 1 0 0 0]
At  1701/30000: COST 0.309/1.563(0.291) -- Acc 0.840/0.490(0.879)
[1 0 0 1 1 0 1 0 1 1 0 1 1 0 0 1 0 1 1 0 1 1 1 0 0 1 1 0 0 0 1 1 1 0 1 1 0
 0 0 1 0 0 0 1 1 0 0 0 1 1 1 1 1 0 0 1 0 0 0 0 1 1 0 1 1 0 1 1 0 1 1 0 0 0
 1 1 1 0 1 1 0 0 1 1 0 1 1 0 1 1 0 0 0 0 0 0 0 1 1 0]
At  1801/30000: COST 0.154/1.807(0.216) -- Acc 0.940/0.540(0.914)
[0 0 0 1 1 1 0 0 1 1 0 1 1 0 1 0 0 1 0 0 0 0 1 0 1 1 1 0 0 1 1 0 0 0 1 0 0
 1 1 0 1 1 0 1 1 1 0 1 0 0 1 0 1 0 1 0 1 1 1 1 1 1 0 0 0 1 0 0 1 1 0 0 1 1
 1 1 1 0 0 1 1 0 0 0 1 1 1 1 1 1 0 0 0 1 1 1 1 0 1 1]
At  1901/30000: COST 0.110/1.938(0.169) -- Acc 0.960/0.500(0.936)
[0 0 0 0 0 0 0 0 0 1 0 1 0 1 0 0 1 0 0 0 0 1 0 0 1 0 0 0 1 0 1 1 1 0 0 1 1
 0 1 1 0 0 1 1 0 1 0 0 1 1 0 1 1 1 0 1 1 1 0 1 0 1 0 1 0 0 1 1 1 1 0 0 0 0
 0 1 0 1 1 0 1 0 1 0 0 1 0 0 1 1 0 1 0 1 0 0 1 1 1 1]
At  2001/30000: COST 0.125/2.067(0.135) -- Acc 0.950/0.530(0.950)
[1 0 1 1 0 0 1 0 1 1 0 1 1 0 0 1 0 0 1 0 0 0 1 0 1 0 1 1 1 1 0 0 1 1 1 1 1
 1 1 1 1 0 1 1 1 0 1 0 1 1 1 0 0 1 1 0 0 0 0 1 0 0 1 1 0 0 0 1 1 0 0 1 1 1
 0 1 1 1 0 0 0 1 0 0 1 0 1 1 1 0 1 0 1 1 0 1 1 1 0 1]
At  2101/30000: COST 0.061/2.372(0.105) -- Acc 0.970/0.500(0.962)
[1 0 0 1 1 1 1 1 0 0 1 0 1 1 1 0 1 1 1 1 0 0 1 1 1 1 0 1 1 1 0 1 0 0 0 1 0
 1 0 1 0 1 0 1 1 0 0 0 1 0 0 1 0 0 0 0 1 1 0 1 1 1 1 0 1 0 0 0 0 0 1 1 1 0
 1 1 0 0 1 1 1 1 0 0 0 1 0 1 1 1 1 1 0 0 0 0 1 1 0 1]
At  2201/30000: COST 0.022/2.285(0.096) -- Acc 0.990/0.480(0.967)
[0 1 0 1 0 1 0 1 1 1 1 0 1 0 1 1 1 1 0 0 0 0 0 0 0 1 1 0 0 1 1 0 0 1 1 0 0
 0 1 0 0 0 0 1 0 0 1 1 0 1 1 1 1 0 0 0 1 1 0 0 1 1 0 1 0 1 1 1 0 1 1 0 1 0
 1 0 1 1 0 1 0 0 1 1 1 1 0 1 0 1 1 1 1 0 0 1 1 1 0 1]
At  2301/30000: COST 0.067/2.384(0.069) -- Acc 0.960/0.530(0.977)
[1 0 0 1 0 1 1 1 0 0 0 0 1 0 1 1 1 0 1 0 1 1 0 1 1 0 0 1 0 0 0 1 1 0 0 1 0
 0 1 1 0 0 1 1 1 0 1 0 1 1 0 1 1 0 0 1 0 1 1 1 1 1 1 0 0 1 1 1 0 0 0 1 1 1
 0 1 1 0 0 1 1 0 1 1 1 0 1 0 1 1 1 0 0 0 1 0 1 1 1 1]
At  2401/30000: COST 0.025/2.605(0.043) -- Acc 0.990/0.540(0.987)
[0 0 1 0 1 0 1 0 0 1 1 0 1 0 1 1 1 1 1 0 1 0 0 0 0 0 1 0 1 1 1 0 1 0 1 1 0
 0 0 1 1 0 1 1 0 0 0 1 0 1 0 1 1 0 1 0 1 0 0 1 0 1 0 1 0 1 1 0 1 1 1 0 1 0
 0 0 1 0 0 0 1 0 1 0 0 1 1 0 0 1 0 1 1 0 1 1 1 0 0 1]
At  2501/30000: COST 0.114/2.463(0.059) -- Acc 0.950/0.570(0.981)
[0 1 1 1 1 1 1 0 1 0 0 1 0 1 0 1 0 1 0 0 1 1 1 1 0 1 0 0 0 0 0 1 0 1 1 0 0
 0 1 1 0 0 1 1 0 1 0 1 1 1 1 1 1 1 0 1 0 1 1 1 0 0 0 1 0 0 1 1 0 1 0 0 0 0
 0 0 1 0 1 1 1 0 0 1 0 1 1 0 0 0 1 0 1 0 1 1 1 1 0 0]
At  2601/30000: COST 0.085/2.459(0.053) -- Acc 0.960/0.530(0.983)
[1 0 0 1 0 0 0 0 0 1 0 1 1 0 1 1 0 0 0 0 0 1 0 0 1 1 0 1 0 1 1 1 0 1 1 0 1
 0 1 1 1 1 0 0 0 1 1 0 0 1 1 1 1 1 0 1 1 0 1 0 1 1 0 0 1 1 1 0 1 1 0 1 0 1
 1 1 0 0 0 0 1 1 1 0 0 1 1 1 1 1 1 1 0 1 1 0 1 1 0 1]
At  2701/30000: COST 0.023/2.513(0.044) -- Acc 0.990/0.460(0.985)
[0 0 1 1 1 0 0 1 1 0 1 1 1 0 0 0 1 0 1 1 1 0 1 1 1 1 1 1 0 0 0 1 0 0 1 0 0
 1 0 1 0 0 1 1 1 0 0 1 1 0 0 1 0 0 1 1 0 0 0 0 1 1 1 1 0 0 1 1 1 0 0 0 0 1
 1 1 0 0 1 1 0 0 0 0 0 0 0 0 1 1 0 1 1 0 0 0 0 0 1 0]
At  2801/30000: COST 0.035/2.817(0.051) -- Acc 0.980/0.480(0.981)
[1 1 1 0 0 1 1 1 0 0 1 1 0 0 0 0 0 0 1 1 1 0 1 1 0 0 1 0 0 0 0 0 0 0 1 1 0
 0 1 1 0 1 1 0 1 1 0 1 1 0 1 1 1 0 1 1 0 1 1 0 0 0 1 1 0 0 0 0 0 0 1 0 1 0
 1 1 0 0 1 1 1 0 1 1 1 1 1 1 0 1 0 1 0 0 0 0 1 0 0 1]
At  2901/30000: COST 0.030/3.066(0.037) -- Acc 0.990/0.510(0.987)
[1 1 1 1 1 1 0 1 0 0 1 1 1 0 0 0 1 0 1 1 1 1 1 0 0 1 0 0 1 0 1 1 1 1 1 1 0
 0 1 0 0 0 1 1 0 1 1 0 1 0 0 1 1 0 1 1 0 0 1 1 0 0 0 0 0 0 0 0 0 0 0 1 1 0
 0 0 0 0 0 1 0 0 0 1 1 0 1 0 1 1 0 1 1 1 0 1 1 0 1 1]
At  3001/30000: COST 0.019/2.608(0.039) -- Acc 1.000/0.560(0.988)
[0 0 0 1 1 1 1 0 1 0 1 1 1 1 0 0 0 0 1 1 1 0 1 0 0 1 1 0 1 1 1 0 0 1 1 1 1
 1 0 0 1 1 1 0 1 1 0 0 1 0 0 0 0 1 1 0 0 0 0 0 1 1 0 1 0 0 0 1 1 0 1 1 1 0
 1 0 0 1 0 1 0 1 1 0 0 0 1 1 0 1 1 1 1 0 1 1 0 0 1 1]
At  3101/30000: COST 0.039/2.946(0.039) -- Acc 0.970/0.530(0.987)
[1 0 1 1 1 0 0 0 1 1 1 1 0 1 1 0 1 1 1 0 0 1 1 1 0 0 1 0 0 1 0 1 0 0 0 0 1
 0 1 1 1 1 0 1 0 1 1 1 1 1 0 1 0 0 0 1 0 1 0 0 0 1 1 0 1 1 1 0 1 1 0 0 0 1
 1 1 0 1 1 0 0 0 0 1 0 1 1 0 1 1 1 0 1 0 0 1 1 0 0 1]
At  3201/30000: COST 0.045/2.754(0.039) -- Acc 0.970/0.480(0.987)
[1 0 0 1 1 1 0 1 0 0 1 0 1 0 1 1 0 0 1 1 1 0 0 0 1 1 0 1 1 0 1 0 0 0 1 1 0
 1 1 1 0 1 1 0 1 0 0 1 1 0 1 0 0 0 0 1 1 0 1 0 0 0 0 1 0 0 1 0 0 0 1 1 0 1
 1 0 0 1 0 1 0 1 1 1 0 0 1 1 1 0 1 1 0 0 1 1 1 0 0 1]
At  3301/30000: COST 0.083/2.606(0.040) -- Acc 0.990/0.560(0.986)
[1 0 1 0 0 0 1 1 0 0 1 1 0 1 1 0 0 1 0 1 0 1 0 0 1 0 0 1 0 0 0 1 1 0 0 1 1
 1 0 0 0 0 1 0 0 0 1 0 1 1 0 1 0 0 1 1 0 0 0 1 1 0 0 1 0 1 1 1 1 1 0 0 0 0
 1 0 1 0 1 0 1 0 0 0 1 0 1 1 0 0 0 0 1 1 1 1 1 0 1 0]
At  3401/30000: COST 0.049/2.936(0.035) -- Acc 0.980/0.590(0.989)
[0 1 1 0 0 1 1 0 0 1 1 1 0 0 1 1 1 1 1 1 0 0 1 0 0 1 0 0 1 1 1 1 0 1 1 1 0
 0 1 0 0 1 1 1 1 1 0 0 1 1 1 0 1 1 0 1 0 1 0 0 0 0 1 0 1 1 1 1 0 1 0 1 1 0
 0 0 0 0 0 0 0 1 0 0 1 0 1 0 1 0 1 1 0 0 0 1 1 1 0 1]
At  3501/30000: COST 0.012/2.981(0.039) -- Acc 1.000/0.520(0.988)
[1 0 1 1 0 0 1 0 0 0 0 1 1 0 1 0 1 0 0 0 0 0 0 1 1 0 1 1 0 1 1 1 1 1 1 0 1
 0 1 0 1 1 1 0 1 0 0 0 0 0 1 1 1 0 1 1 0 0 0 1 0 0 1 1 1 1 1 0 0 0 1 0 0 1
 1 0 1 1 0 0 0 1 0 0 1 0 1 0 1 0 0 1 0 0 1 0 1 0 1 0]
At  3601/30000: COST 0.039/3.331(0.031) -- Acc 0.990/0.490(0.991)
[0 0 1 1 1 1 1 0 1 0 0 1 0 1 1 1 0 0 1 0 1 0 0 0 1 0 1 1 1 1 1 1 0 1 1 0 1
 1 0 1 0 0 1 1 0 1 1 0 0 1 0 0 1 0 1 0 1 1 1 0 0 1 0 0 0 0 0 1 0 1 1 1 0 0
 1 1 0 1 0 0 1 0 0 1 0 0 1 1 0 0 0 1 0 1 0 0 0 0 1 1]
At  3701/30000: COST 0.026/3.414(0.022) -- Acc 0.990/0.530(0.994)
[1 1 0 0 0 0 1 0 0 1 1 0 1 1 1 0 1 1 1 1 0 1 0 0 1 0 0 0 1 1 0 1 1 1 0 0 1
 1 0 1 0 0 0 0 0 0 1 1 1 0 1 0 0 0 1 1 0 1 1 1 1 1 0 0 0 1 1 1 1 1 1 0 0 1
 1 1 1 0 1 0 0 0 0 0 1 0 0 1 1 0 1 1 1 0 0 1 0 0 0 1]
At  3801/30000: COST 0.023/3.001(0.024) -- Acc 0.990/0.530(0.993)
[1 0 1 0 0 1 1 1 1 1 0 0 0 1 1 1 1 0 1 1 0 1 0 0 0 1 0 0 1 0 1 0 1 0 0 1 1
 0 1 1 0 0 1 1 1 1 0 0 0 0 0 1 1 0 1 1 1 0 0 1 0 1 0 0 0 0 0 0 0 1 0 0 1 0
 1 0 0 1 0 1 0 1 1 0 1 1 0 1 0 0 1 0 1 0 1 0 0 1 0 0]
At  3901/30000: COST 0.004/3.399(0.016) -- Acc 1.000/0.480(0.995)
[0 0 0 0 1 1 1 1 0 1 0 0 0 0 0 0 1 1 1 1 1 0 1 1 0 1 1 1 1 0 1 0 1 1 1 1 0
 0 0 1 1 0 1 1 0 1 0 1 1 1 0 0 0 0 1 0 0 0 0 1 0 0 1 0 0 1 0 0 1 1 0 1 1 1
 1 1 0 0 1 1 1 1 1 0 0 0 0 1 1 1 1 0 1 1 0 0 0 1 1 0]
At  4001/30000: COST 0.025/3.185(0.023) -- Acc 0.990/0.500(0.993)
[0 0 0 1 0 0 1 1 0 0 1 1 1 0 1 1 1 0 0 0 0 1 1 0 0 1 1 0 0 0 0 1 1 1 1 0 0
 1 1 1 0 1 1 1 1 1 1 0 1 0 1 1 1 0 1 1 1 1 1 1 0 1 1 1 0 1 0 0 1 0 0 1 1 1
 0 1 1 0 0 1 1 1 0 1 0 1 0 0 1 1 1 1 1 1 0 1 1 1 1 0]
At  4101/30000: COST 0.009/3.404(0.016) -- Acc 1.000/0.520(0.996)
[0 1 0 1 1 0 0 0 0 1 1 0 1 0 1 0 0 1 0 0 0 0 0 1 0 0 1 1 0 1 0 0 0 1 1 1 1
 0 0 0 0 1 1 1 1 0 1 0 1 0 0 1 1 0 1 0 1 1 0 0 0 1 1 1 1 0 1 0 0 1 0 1 0 1
 0 0 0 1 1 1 1 1 1 1 1 0 0 1 0 1 1 0 1 0 0 1 1 1 1 1]
At  4201/30000: COST 0.013/3.566(0.012) -- Acc 0.990/0.510(0.997)
[1 1 1 0 1 1 1 0 0 0 0 0 1 0 1 0 0 1 0 0 0 1 0 1 1 1 1 0 0 0 1 1 1 1 0 1 1
 1 1 1 1 0 1 1 1 1 0 0 0 1 1 0 1 0 1 0 1 1 1 0 1 1 0 0 1 1 1 0 0 1 1 1 0 1
 1 1 0 1 0 1 0 0 0 1 0 0 1 0 0 0 1 0 1 0 1 1 0 1 0 0]
At  4301/30000: COST 0.002/3.755(0.008) -- Acc 1.000/0.480(0.998)
[0 1 1 1 1 0 1 0 0 0 1 0 0 0 1 1 1 1 0 0 1 0 1 0 1 1 1 0 1 0 1 1 0 1 1 1 0
 0 0 1 1 0 0 1 0 1 0 1 1 0 1 0 1 1 0 1 1 0 1 0 0 1 1 0 0 1 1 1 1 1 0 0 0 1
 0 0 0 1 1 0 1 0 1 1 1 0 1 1 0 1 1 0 1 1 0 0 0 0 1 0]
At  4401/30000: COST 0.000/3.634(0.005) -- Acc 1.000/0.550(0.999)
[0 0 1 0 1 0 1 0 1 1 0 0 0 0 1 0 0 1 1 0 1 1 0 0 1 1 1 0 0 0 1 1 0 1 1 0 1
 0 0 1 0 1 1 1 0 1 1 1 0 0 1 1 1 1 0 1 0 0 1 0 1 0 1 0 1 0 1 1 0 1 0 0 0 0
 1 1 0 1 1 0 1 1 1 1 0 1 0 1 1 0 1 0 1 1 0 0 1 1 1 0]
At  4501/30000: COST 0.002/4.211(0.005) -- Acc 1.000/0.510(0.999)
[1 1 1 0 0 0 1 1 0 1 1 1 1 1 1 0 0 1 0 0 0 1 0 0 1 1 0 0 1 0 1 1 1 1 1 1 1
 1 0 0 1 0 1 0 0 1 1 0 0 1 1 0 0 1 0 0 1 1 1 0 0 1 1 1 0 1 0 1 0 1 1 1 1 0
 0 0 0 1 0 1 1 0 0 1 0 1 1 0 0 1 0 0 1 1 1 1 1 0 1 0]
At  4601/30000: COST 0.083/2.820(0.038) -- Acc 0.970/0.550(0.987)
[1 1 1 0 0 1 0 0 0 0 1 1 1 0 1 1 0 1 1 1 1 1 0 0 0 1 1 1 0 0 0 1 0 1 1 0 1
 1 1 1 1 0 1 0 0 0 0 0 0 1 0 0 1 0 0 0 0 0 0 0 0 1 0 1 0 1 1 1 1 1 0 0 0 1
 1 0 0 0 0 0 0 1 1 0 0 1 1 1 0 0 1 1 0 1 1 0 1 0 1 0]
At  4701/30000: COST 0.026/2.887(0.069) -- Acc 0.990/0.510(0.978)
[0 1 0 1 0 1 0 1 0 0 1 0 1 1 1 1 0 1 0 1 1 0 0 0 1 0 0 0 0 1 0 0 0 1 1 1 1
 0 1 0 1 0 1 0 1 1 1 1 0 0 0 0 1 0 1 1 0 1 0 0 1 1 1 1 0 0 1 0 1 1 0 0 0 1
 1 0 0 1 0 0 1 1 1 1 1 1 1 0 0 1 1 1 0 0 0 0 0 0 0 0]
At  4801/30000: COST 0.003/3.003(0.038) -- Acc 1.000/0.540(0.988)
[1 1 0 1 1 1 0 0 1 0 0 0 1 0 1 1 1 0 1 1 1 0 1 1 1 0 1 0 1 0 0 1 1 0 0 0 1
 0 1 1 1 0 0 1 1 0 0 1 0 1 1 1 0 1 1 0 1 0 1 0 0 1 0 1 0 1 0 1 1 1 0 0 0 1
 1 0 0 0 0 1 1 1 1 0 0 0 1 0 1 1 1 1 0 1 1 1 0 1 0 0]
At  4901/30000: COST 0.006/2.939(0.031) -- Acc 1.000/0.520(0.990)
[1 1 1 1 1 1 0 0 1 1 0 1 0 1 1 0 0 1 0 1 1 0 0 0 0 0 0 0 0 0 1 0 0 1 0 1 0
 0 1 0 0 0 0 0 0 1 1 1 0 1 1 1 1 1 1 1 1 0 1 0 1 1 1 1 1 1 1 1 0 0 0 1 1 0
 0 1 0 0 1 1 1 0 0 1 0 0 0 0 0 1 1 1 1 0 1 0 1 1 1 1]
At  5001/30000: COST 0.033/2.942(0.042) -- Acc 0.990/0.510(0.988)
[0 0 1 0 0 0 1 1 1 1 0 0 0 0 1 0 0 1 1 1 1 0 0 1 1 1 1 1 1 1 0 1 0 1 1 1 0
 1 0 1 1 0 1 1 1 1 1 0 1 0 0 0 0 0 0 0 1 0 0 0 0 1 0 1 1 0 1 1 1 0 0 0 1 0
 1 0 1 0 1 1 0 0 0 1 1 1 1 0 1 1 0 0 0 1 0 1 0 0 0 1]
At  5101/30000: COST 0.014/3.297(0.027) -- Acc 0.990/0.520(0.992)
[1 0 1 0 0 0 0 1 1 1 0 1 0 0 1 1 1 0 1 0 0 0 1 1 0 1 0 0 0 1 1 0 1 0 1 0 0
 0 0 0 0 0 0 0 1 0 1 0 0 1 0 0 0 1 1 0 0 1 0 0 0 1 1 0 1 1 0 1 0 0 1 0 0 0
 1 1 1 0 1 0 0 0 1 0 1 0 1 0 0 1 1 1 1 0 0 1 1 1 0 0]
At  5201/30000: COST 0.043/3.532(0.020) -- Acc 0.980/0.480(0.993)
[0 1 1 1 1 1 1 1 1 0 0 1 0 1 1 1 0 1 1 1 0 0 0 1 0 0 1 0 1 0 0 1 0 1 1 0 1
 0 1 1 1 1 0 0 1 1 0 0 0 0 1 1 1 0 1 1 1 0 0 1 1 1 1 1 1 0 0 1 0 1 0 1 1 0
 0 0 0 1 1 1 0 0 0 1 1 0 0 1 0 1 1 0 1 1 0 0 0 0 0 1]
At  5301/30000: COST 0.004/3.240(0.015) -- Acc 1.000/0.500(0.995)
[1 0 0 1 1 1 0 0 0 1 0 0 1 1 1 1 0 1 0 0 0 0 1 0 1 0 0 0 0 0 1 1 1 0 0 1 0
 0 0 1 0 1 0 0 1 0 1 1 0 0 1 1 1 1 1 0 0 0 1 1 0 1 1 1 1 0 1 1 1 1 0 0 0 0
 1 0 1 0 1 0 0 1 1 1 1 1 1 0 0 0 0 1 1 1 1 0 1 0 1 0]
At  5401/30000: COST 0.001/2.972(0.010) -- Acc 1.000/0.540(0.997)
[1 0 1 1 0 0 0 1 0 0 0 1 0 0 0 1 0 1 1 1 1 1 0 1 1 0 1 0 1 1 0 1 0 1 1 0 0
 0 0 1 1 1 0 1 1 1 1 1 0 0 1 1 1 1 1 0 1 0 1 1 1 0 0 0 1 0 1 1 0 0 1 1 1 0
 0 0 0 1 0 1 1 1 0 0 1 1 1 1 1 1 0 1 1 0 1 1 1 0 0 1]
At  5501/30000: COST 0.028/3.071(0.026) -- Acc 0.990/0.470(0.992)
[1 0 0 0 1 0 0 1 1 0 1 1 0 0 1 1 0 1 1 1 0 0 1 1 0 0 0 1 0 0 1 1 1 1 1 1 1
 1 1 0 1 0 1 1 1 0 0 1 0 0 0 0 1 0 1 0 1 0 1 0 1 0 1 1 1 1 0 1 1 1 1 0 0 0
 0 0 1 1 1 1 0 1 1 0 0 0 0 0 0 1 1 0 0 1 1 1 1 1 1 1]
At  5601/30000: COST 0.003/3.752(0.022) -- Acc 1.000/0.490(0.994)
[1 0 1 1 1 0 0 0 0 0 0 1 0 1 1 1 0 0 0 0 0 0 0 1 1 1 1 1 1 1 1 1 0 1 1 1 0
 0 1 1 1 0 1 0 1 1 1 1 1 1 1 1 1 0 1 0 0 0 1 1 1 0 0 0 1 1 0 0 0 0 1 0 1 1
 1 1 1 0 0 0 1 0 1 0 1 0 1 0 1 0 1 1 0 0 1 1 1 1 1 1]
At  5701/30000: COST 0.002/3.231(0.024) -- Acc 1.000/0.490(0.993)
[1 0 0 1 0 1 0 0 1 0 0 1 0 1 0 1 1 1 1 1 1 1 0 0 0 1 0 1 0 0 1 0 1 0 1 0 1
 1 0 1 0 1 1 1 0 0 1 1 0 0 1 1 0 0 1 0 0 1 0 1 0 1 1 1 1 1 0 0 1 1 1 1 1 0
 0 1 1 0 1 1 0 1 0 1 0 1 0 0 0 1 0 1 0 0 1 1 0 0 1 1]
At  5801/30000: COST 0.004/3.346(0.025) -- Acc 1.000/0.530(0.992)
[1 1 0 1 0 1 0 0 1 1 0 0 1 0 1 1 0 1 1 1 1 1 1 1 0 0 0 0 1 0 1 1 0 1 0 0 0
 0 1 0 1 0 1 1 0 1 0 0 1 1 1 0 1 0 1 1 1 0 0 1 1 0 1 0 0 0 1 1 0 1 0 1 1 0
 0 0 0 1 1 0 1 0 1 0 1 1 0 0 1 1 0 1 1 0 1 0 1 1 1 1]
At  5901/30000: COST 0.007/3.863(0.015) -- Acc 1.000/0.500(0.996)
[1 0 0 1 0 0 0 1 1 1 0 1 0 1 1 1 1 1 0 1 1 0 0 0 0 0 0 1 1 0 0 1 1 1 0 0 0
 1 0 1 0 1 1 1 0 0 1 1 1 0 1 0 0 1 0 0 1 0 0 0 1 1 0 1 0 1 0 1 1 1 1 0 1 0
 1 1 1 1 1 1 1 0 0 1 0 0 1 0 1 0 0 1 1 1 1 1 1 0 0 0]
At  6001/30000: COST 0.001/3.696(0.010) -- Acc 1.000/0.470(0.997)
[1 0 0 1 0 1 0 1 1 1 1 1 1 1 1 1 1 0 1 0 1 1 0 0 1 1 1 0 1 0 0 1 1 1 0 1 0
 1 0 0 0 1 1 0 1 1 0 0 1 1 0 0 0 0 0 0 0 0 1 0 1 0 0 1 1 0 0 1 0 0 0 1 1 0
 0 0 1 0 1 0 0 1 1 1 1 1 1 0 1 0 0 1 0 1 0 0 0 0 0 1]
At  6101/30000: COST 0.000/3.944(0.006) -- Acc 1.000/0.490(0.999)
[1 1 0 0 1 0 1 0 0 1 1 1 0 1 0 1 0 1 1 1 0 1 1 1 0 0 0 1 1 0 1 1 0 0 1 0 1
 0 1 0 0 1 0 1 0 0 1 1 0 1 0 0 1 0 0 0 0 1 0 1 1 0 1 1 1 1 1 0 0 0 1 1 1 1
 0 0 0 1 1 0 0 1 0 0 0 0 1 1 0 1 1 0 0 0 0 0 0 1 1 1]
At  6201/30000: COST 0.003/4.080(0.004) -- Acc 1.000/0.490(0.999)
[1 1 0 1 1 1 1 0 0 1 1 1 0 0 0 1 1 1 0 0 0 0 1 0 1 1 0 0 1 1 1 1 1 1 0 0 1
 1 1 0 1 1 0 0 1 0 1 1 1 1 1 0 0 1 1 0 0 1 0 0 0 0 0 0 1 1 1 1 0 1 1 0 0 0
 1 0 0 0 0 1 0 1 0 1 0 1 0 0 1 1 0 1 1 1 0 0 0 1 0 1]
At  6301/30000: COST 0.201/3.479(0.030) -- Acc 0.950/0.460(0.993)
[1 1 0 1 1 0 0 0 1 0 0 0 1 0 1 1 0 1 0 1 1 1 0 0 0 0 0 1 1 1 0 0 0 0 1 1 0
 0 1 1 0 0 1 0 0 0 0 1 0 1 0 1 1 1 1 1 0 1 1 1 0 1 1 1 1 1 1 0 0 1 1 0 0 1
 0 1 0 1 1 0 0 1 0 0 0 1 1 0 1 0 1 0 1 1 1 0 1 0 0 0]
At  6401/30000: COST 0.024/2.521(0.068) -- Acc 0.990/0.480(0.979)
[0 0 1 1 0 1 0 1 0 1 1 0 1 1 0 0 0 1 0 1 0 1 1 0 0 1 1 1 1 1 0 0 0 0 1 0 0
 0 1 1 0 1 1 1 0 1 1 1 0 1 1 0 0 1 1 0 1 0 1 0 0 1 0 0 0 1 0 0 1 1 0 1 1 1
 1 1 1 0 0 1 1 1 1 1 0 0 0 1 1 1 0 1 1 0 1 1 0 1 0 1]
At  6501/30000: COST 0.026/2.933(0.034) -- Acc 0.990/0.490(0.990)
[0 0 0 1 0 1 0 1 1 1 0 1 1 1 1 0 1 1 0 0 0 0 0 0 1 0 1 0 0 1 1 0 0 0 1 1 1
 1 0 0 0 1 0 0 1 1 1 1 1 0 1 1 1 0 1 0 1 1 1 1 0 1 0 0 0 0 0 0 1 1 0 1 1 1
 1 1 0 0 1 0 1 0 1 0 1 0 0 1 0 0 1 0 0 1 1 0 1 0 0 1]
At  6601/30000: COST 0.005/3.110(0.020) -- Acc 1.000/0.540(0.995)
[0 1 1 0 1 0 0 0 1 0 0 1 0 0 0 0 1 0 1 0 0 0 0 1 1 0 0 0 1 1 1 1 0 1 0 1 0
 0 0 0 0 1 0 1 0 1 1 0 1 1 1 0 0 1 0 1 1 0 0 1 0 1 0 1 0 1 1 0 1 1 1 0 1 1
 1 0 1 1 1 1 1 0 0 0 0 1 1 0 1 0 1 1 1 1 1 1 1 0 1 0]
At  6701/30000: COST 0.008/3.216(0.013) -- Acc 1.000/0.470(0.996)
[1 0 1 1 0 1 1 1 0 0 1 0 1 1 0 1 0 0 1 0 1 1 0 0 1 0 1 1 1 1 0 1 0 1 1 0 1
 1 0 1 1 0 0 1 1 1 0 1 0 1 1 0 0 0 0 1 0 0 1 0 0 0 1 0 1 0 1 0 0 0 1 1 1 1
 1 1 0 0 1 1 1 0 0 0 1 1 1 1 1 1 1 1 1 1 1 1 0 0 1 0]
At  6801/30000: COST 0.014/3.483(0.022) -- Acc 1.000/0.470(0.994)
[1 0 0 1 1 0 0 1 0 1 1 0 0 1 1 0 1 1 0 0 1 1 0 0 1 1 1 0 1 1 1 0 0 1 0 0 0
 0 0 0 0 1 1 0 1 0 1 1 0 1 1 1 0 1 1 0 1 0 1 1 0 1 1 1 0 0 0 1 1 0 1 0 1 1
 0 1 0 1 0 0 1 1 0 0 0 1 1 0 1 0 0 0 1 0 0 0 0 1 1 1]
At  6901/30000: COST 0.017/3.418(0.029) -- Acc 0.990/0.460(0.991)
[0 1 0 0 1 0 1 1 0 0 0 0 0 1 0 0 0 0 1 0 0 1 1 1 1 0 1 1 0 1 1 0 0 1 1 1 0
 0 1 0 0 1 0 0 1 1 1 1 1 1 1 1 1 0 1 1 0 1 0 1 0 1 0 0 0 0 0 0 0 0 0 1 0 0
 1 1 1 0 0 0 0 1 1 1 0 1 1 1 0 0 0 1 1 1 1 0 1 1 1 1]
At  7001/30000: COST 0.003/3.463(0.017) -- Acc 1.000/0.480(0.995)
[1 0 0 1 1 0 0 0 1 1 0 1 0 0 1 1 1 0 0 0 1 1 0 1 0 0 0 1 1 0 0 1 1 0 1 1 0
 1 1 0 0 0 0 1 1 0 0 1 0 0 0 0 0 1 1 1 1 1 1 0 1 0 0 1 1 0 1 0 1 0 0 0 1 1
 0 0 1 0 0 1 0 1 0 1 1 0 1 1 1 1 1 0 0 1 1 0 0 1 1 0]
At  7101/30000: COST 0.014/3.531(0.011) -- Acc 0.990/0.470(0.997)
[0 0 0 0 1 1 0 1 1 1 1 1 1 0 0 1 0 1 1 1 1 0 0 0 1 0 1 1 0 1 0 1 1 1 0 1 1
 1 0 0 1 0 1 0 1 0 0 1 0 0 1 1 0 0 1 1 1 1 0 1 0 1 1 0 0 0 1 1 1 1 0 1 0 1
 1 0 1 1 1 1 0 0 1 1 1 0 1 0 1 1 0 1 0 1 0 1 0 1 0 1]
At  7201/30000: COST 0.019/3.588(0.016) -- Acc 0.990/0.530(0.996)
[0 1 0 0 0 1 0 1 1 1 0 1 0 1 1 1 0 1 0 0 1 0 1 0 1 1 1 1 1 1 1 0 1 1 1 0 1
 1 0 1 1 0 0 0 0 0 0 0 1 1 1 1 1 1 1 0 0 1 1 0 0 0 1 1 0 1 1 1 0 0 0 1 1 0
 0 1 1 0 0 1 0 0 1 1 1 0 0 0 0 1 0 0 1 0 1 1 1 0 1 0]
At  7301/30000: COST 0.006/3.574(0.013) -- Acc 1.000/0.490(0.997)
[1 1 1 1 1 0 1 0 1 0 0 1 1 1 1 1 1 1 0 0 1 0 1 0 0 0 0 1 0 0 1 1 0 1 1 0 0
 0 1 1 1 0 1 1 1 0 0 0 0 1 0 0 0 0 0 1 1 0 1 0 0 1 0 1 0 1 1 0 1 1 1 1 0 0
 0 1 0 1 0 1 1 0 1 1 1 0 1 0 1 1 0 1 1 1 1 1 1 1 1 1]
At  7401/30000: COST 0.002/3.719(0.012) -- Acc 1.000/0.470(0.997)
[1 1 0 1 0 1 0 0 0 1 0 0 0 1 1 0 0 0 1 1 0 1 1 1 1 0 1 0 1 0 1 0 0 1 1 0 1
 0 1 0 0 1 0 1 1 1 1 0 0 1 0 1 0 1 1 1 1 0 1 1 1 0 1 1 1 0 1 0 1 0 1 0 1 1
 0 0 1 0 0 0 1 1 0 0 1 1 1 1 0 1 1 1 1 1 0 0 1 1 1 1]
At  7501/30000: COST 0.043/3.872(0.020) -- Acc 0.970/0.470(0.994)
[0 0 1 0 0 1 1 0 1 1 1 1 1 1 1 1 1 0 0 0 0 1 0 0 0 0 1 0 1 1 0 0 1 1 1 1 0
 0 1 1 0 1 0 1 0 0 1 1 1 0 0 1 0 0 0 1 1 1 1 0 1 1 1 1 0 1 0 1 0 1 0 1 0 0
 1 1 1 0 0 0 1 1 0 0 0 0 1 1 0 0 0 0 0 1 1 0 0 0 1 1]
At  7601/30000: COST 0.012/3.229(0.047) -- Acc 1.000/0.520(0.986)
[0 0 1 0 0 1 0 0 0 1 1 1 1 0 1 1 0 1 1 1 1 1 0 1 1 1 1 1 0 1 0 1 0 0 0 0 0
 1 0 1 1 1 0 0 0 1 0 0 0 1 0 0 1 0 0 1 1 1 0 1 0 0 0 0 0 0 0 1 1 1 1 1 0 1
 1 0 0 1 0 0 0 1 1 1 1 0 1 1 1 1 0 1 1 1 1 0 0 1 0 1]
At  7701/30000: COST 0.006/3.510(0.034) -- Acc 1.000/0.480(0.989)
[0 0 1 0 0 1 1 0 1 1 0 1 1 0 0 0 1 0 0 0 1 0 1 1 1 1 0 0 1 1 1 0 0 1 1 0 0
 1 1 1 0 1 0 1 1 1 0 1 1 1 1 1 1 0 0 0 0 1 0 0 1 0 0 1 0 0 0 0 0 1 0 0 0 0
 0 0 0 0 0 1 1 1 1 0 1 1 1 1 1 0 0 0 1 1 1 0 0 1 1 0]
At  7801/30000: COST 0.009/3.816(0.016) -- Acc 1.000/0.480(0.996)
[0 1 1 1 0 1 1 1 1 1 0 0 1 0 1 1 1 0 1 0 1 1 0 0 0 0 1 1 1 0 1 1 0 0 0 1 0
 1 1 1 1 0 1 0 1 1 1 1 0 1 0 0 1 0 1 0 1 1 0 1 0 0 0 1 0 0 1 0 0 0 1 1 0 0
 0 1 0 1 1 1 0 1 0 1 1 1 1 1 1 0 0 0 1 0 0 0 1 0 0 0]
At  7901/30000: COST 0.002/3.752(0.008) -- Acc 1.000/0.540(0.998)
[1 0 1 0 1 1 0 1 0 0 1 1 1 0 0 1 1 0 1 1 0 1 1 0 0 0 1 1 1 0 0 0 0 0 1 0 1
 0 1 1 1 1 0 0 1 1 1 0 1 1 1 1 1 1 1 0 0 1 0 1 0 0 0 0 1 0 1 0 0 1 0 1 0 1
 1 0 1 0 1 0 0 0 1 0 0 0 0 1 0 1 0 0 1 0 1 0 0 1 0 0]
At  8001/30000: COST 0.030/3.881(0.011) -- Acc 0.980/0.480(0.996)
[0 0 0 0 0 0 0 0 1 1 1 0 1 0 0 1 1 1 1 1 1 1 0 0 0 0 0 0 0 1 0 1 0 0 0 0 1
 1 1 1 1 1 1 1 0 1 1 0 1 0 0 0 0 1 0 1 0 1 0 0 0 1 0 1 1 0 0 1 1 1 1 0 0 1
 1 1 0 1 1 0 1 1 0 0 1 1 1 1 0 0 0 0 1 0 1 1 0 0 1 1]
At  8101/30000: COST 0.040/3.118(0.036) -- Acc 0.980/0.530(0.989)
[0 0 1 0 0 0 0 1 0 1 0 0 1 1 0 0 1 1 1 0 0 0 0 0 0 0 1 0 0 0 1 0 1 1 1 0 1
 0 0 0 1 1 1 0 0 0 0 0 1 0 1 1 0 0 1 1 1 1 1 0 1 1 1 0 0 1 0 1 1 1 0 0 1 1
 1 1 0 0 1 1 1 1 0 0 0 1 0 1 0 0 0 1 0 0 1 1 0 0 1 0]
At  8201/30000: COST 0.009/3.460(0.024) -- Acc 1.000/0.470(0.993)
[0 0 1 1 0 0 0 1 1 0 0 1 0 1 0 1 0 0 0 0 1 1 1 1 0 0 1 0 1 1 0 1 1 1 0 1 0
 1 1 1 0 0 1 0 1 1 1 0 1 0 0 0 1 0 0 1 0 0 0 0 1 1 0 1 1 0 0 1 0 1 1 1 1 1
 1 0 1 1 1 1 1 0 0 1 0 1 0 1 0 1 1 0 0 1 1 1 0 1 1 1]
At  8301/30000: COST 0.011/3.773(0.014) -- Acc 0.990/0.500(0.996)
[0 0 1 0 0 0 1 0 1 1 0 0 1 1 0 1 0 0 0 1 0 0 1 1 1 1 0 1 0 1 1 1 1 1 1 0 0
 0 1 0 1 1 1 1 0 0 0 1 1 0 0 1 1 1 0 1 0 1 1 0 1 1 1 1 1 0 1 1 0 1 1 1 1 0
 1 1 0 1 0 0 1 0 0 1 1 1 1 0 1 1 0 0 0 0 1 1 1 1 1 0]
At  8401/30000: COST 0.001/3.886(0.008) -- Acc 1.000/0.530(0.998)
[0 0 1 0 1 1 1 0 1 1 1 0 1 1 1 1 1 0 1 1 1 0 0 1 0 0 0 0 0 1 1 0 1 0 0 0 1
 0 1 0 0 0 1 0 1 1 1 1 1 0 1 0 1 0 0 1 0 1 1 1 1 1 0 1 0 0 1 1 1 1 0 1 0 0
 0 0 1 1 0 0 1 1 1 1 0 1 0 0 1 1 1 1 1 0 1 1 1 1 0 0]
At  8501/30000: COST 0.001/3.902(0.004) -- Acc 1.000/0.520(0.999)
[0 0 0 0 1 1 1 1 1 0 0 1 1 1 1 0 1 1 0 1 1 1 0 1 1 0 1 1 0 1 1 1 1 1 1 0 0
 0 1 0 1 0 1 0 1 0 0 0 1 0 1 1 0 1 0 0 1 1 0 0 0 1 0 0 1 1 0 1 0 1 1 0 1 1
 1 0 0 0 1 0 0 0 1 0 0 0 1 1 0 1 1 0 1 0 0 1 1 0 1 0]
At  8601/30000: COST 0.002/3.871(0.004) -- Acc 1.000/0.500(0.999)
[0 1 1 1 0 1 0 0 0 0 1 1 1 1 0 0 0 0 0 1 0 1 0 1 1 1 1 1 0 0 0 0 0 0 1 0 1
 1 0 1 1 0 0 1 1 1 0 0 1 1 0 1 0 0 1 0 1 1 1 1 0 1 0 0 1 1 1 0 0 0 1 1 0 1
 1 1 1 1 1 1 0 1 1 1 0 0 1 1 1 0 1 1 0 0 1 1 0 0 1 0]
At  8701/30000: COST 0.013/3.571(0.016) -- Acc 0.990/0.460(0.995)
[1 1 1 1 1 0 1 0 1 1 0 0 0 0 1 1 1 0 1 1 1 1 1 0 1 1 0 1 0 0 1 0 1 0 0 1 1
 1 0 1 0 0 1 0 0 0 1 1 1 1 0 1 0 0 1 0 0 0 1 0 1 0 0 1 0 1 1 0 0 1 1 1 1 1
 0 1 0 0 0 0 0 1 1 0 1 1 1 1 1 1 0 1 1 1 1 0 1 0 1 0]
At  8801/30000: COST 0.090/3.346(0.020) -- Acc 0.980/0.440(0.995)
[0 0 0 1 0 0 1 0 0 1 0 1 1 0 1 0 0 1 1 0 0 1 0 1 0 0 1 1 1 1 0 0 1 1 0 0 1
 0 0 0 1 0 1 1 1 0 1 1 1 1 0 1 0 0 1 0 1 0 1 0 1 1 1 0 1 1 1 1 1 1 1 0 1 1
 1 1 1 0 0 0 1 1 1 1 1 1 1 1 1 0 0 1 1 1 1 1 1 0 0 0]
At  8901/30000: COST 0.025/2.949(0.037) -- Acc 0.990/0.540(0.990)
[1 1 1 1 0 1 0 0 1 1 1 1 0 0 0 1 1 0 0 0 1 0 0 1 1 1 1 0 0 1 0 1 1 1 0 1 0
 1 0 1 1 0 1 1 0 1 0 0 0 0 1 1 0 1 1 0 1 0 0 1 1 0 1 1 0 1 0 1 0 0 1 0 1 1
 1 1 1 0 0 1 1 0 1 1 1 1 1 0 0 0 0 0 1 0 0 1 0 1 0 0]
At  9001/30000: COST 0.003/3.148(0.027) -- Acc 1.000/0.550(0.992)
[0 1 1 0 1 1 1 0 0 0 1 1 1 1 1 1 0 0 1 0 1 0 0 1 0 0 1 0 0 1 1 1 0 0 0 0 0
 1 0 1 0 1 1 0 0 0 1 1 0 0 1 1 1 1 1 1 1 0 1 0 0 0 0 0 1 0 0 0 1 1 0 0 1 1
 1 0 1 1 1 1 1 0 0 1 1 0 0 1 0 1 1 0 0 1 0 1 0 0 1 1]
At  9101/30000: COST 0.001/3.194(0.020) -- Acc 1.000/0.510(0.994)
[0 0 0 1 1 1 1 1 1 1 1 1 1 1 1 1 1 1 1 1 0 1 1 1 0 0 0 0 1 0 0 1 1 1 0 1 0
 1 1 1 1 0 1 1 1 1 0 0 1 0 0 0 1 1 0 1 0 1 0 0 1 1 0 0 0 1 0 1 0 0 0 1 0 0
 0 0 0 0 0 1 0 0 1 0 0 1 0 1 0 1 1 0 1 1 0 0 1 0 1 1]
At  9201/30000: COST 0.060/3.404(0.014) -- Acc 0.980/0.510(0.996)
[0 0 1 0 1 0 0 1 1 1 1 0 0 0 0 0 1 0 0 0 0 1 0 1 1 1 0 1 1 0 1 1 1 1 1 0 0
 0 0 0 1 0 1 1 1 1 1 0 1 0 0 0 1 1 0 0 1 1 1 0 1 1 0 0 1 1 0 1 1 0 0 1 1 1
 0 0 0 1 1 1 1 1 1 0 0 1 0 1 1 0 0 1 0 1 0 0 0 0 1 0]
At  9301/30000: COST 0.003/3.081(0.019) -- Acc 1.000/0.540(0.995)
[1 0 1 0 0 0 0 0 1 0 0 0 0 1 1 1 0 0 0 1 1 1 1 1 1 0 1 0 0 1 0 0 1 0 1 0 0
 0 0 1 0 1 1 1 0 1 0 0 1 0 0 0 0 0 0 0 1 0 0 1 0 1 1 1 1 0 0 1 0 1 1 1 1 1
 0 0 0 0 1 0 0 1 1 1 1 0 0 0 1 1 1 0 0 1 0 1 0 1 0 0]
At  9401/30000: COST 0.005/2.931(0.028) -- Acc 1.000/0.580(0.991)
[1 0 1 1 0 0 0 1 0 0 1 0 0 1 0 1 0 0 1 1 0 1 1 1 1 0 0 1 1 1 1 1 0 1 1 0 0
 0 1 0 1 0 0 1 0 1 0 1 1 1 1 0 0 1 1 0 0 1 1 0 0 1 1 1 1 0 0 0 0 0 0 0 0 1
 0 1 1 0 0 1 1 1 0 1 0 1 1 1 0 1 0 1 0 0 1 0 1 0 1 0]
At  9501/30000: COST 0.004/3.004(0.016) -- Acc 1.000/0.520(0.995)
[0 1 0 0 0 1 0 1 0 0 0 0 1 1 0 1 0 0 1 1 1 0 1 1 1 1 0 1 0 0 0 0 0 1 0 1 1
 1 1 1 1 1 0 0 1 0 1 1 0 1 1 0 0 1 0 0 0 1 1 1 1 1 0 1 0 0 0 0 0 0 1 0 1 1
 1 1 1 0 1 0 1 1 1 1 0 1 1 1 0 1 1 1 1 0 1 0 0 1 1 0]
At  9601/30000: COST 0.007/3.427(0.014) -- Acc 1.000/0.440(0.996)
[0 0 0 0 1 1 0 1 0 1 1 0 0 1 1 0 1 1 0 0 1 0 1 1 0 1 0 1 0 1 1 1 0 1 0 1 1
 0 0 0 0 1 1 0 0 1 0 0 1 0 1 0 0 1 1 0 1 0 1 0 1 0 0 1 0 1 1 0 1 1 0 1 1 1
 0 1 1 1 1 0 1 1 1 0 1 1 0 1 1 1 0 0 1 0 1 0 1 0 1 1]
At  9701/30000: COST 0.029/2.955(0.028) -- Acc 0.980/0.480(0.992)
[1 0 1 1 0 0 1 1 1 0 1 1 0 0 1 1 1 0 1 1 1 0 1 0 0 1 1 1 1 1 1 0 1 1 1 0 0
 0 0 0 1 0 1 0 1 0 0 0 1 0 0 1 1 0 0 0 0 1 1 0 0 0 0 0 1 1 1 1 0 1 1 0 0 1
 1 0 1 0 1 0 1 0 0 1 0 0 1 0 1 1 1 0 0 0 0 1 1 1 0 1]
At  9801/30000: COST 0.006/2.986(0.023) -- Acc 1.000/0.570(0.993)
[0 1 0 1 0 0 1 0 1 0 0 1 1 0 0 1 0 1 1 1 0 1 0 1 1 0 0 1 1 0 0 1 1 0 1 0 1
 1 0 0 1 0 0 0 1 0 1 0 1 0 1 0 0 1 0 1 1 0 0 1 1 0 0 1 1 1 1 1 1 0 0 1 1 1
 0 1 1 0 0 0 0 1 0 0 0 0 1 1 0 1 1 1 0 0 1 0 1 0 1 0]
At  9901/30000: COST 0.005/3.577(0.011) -- Acc 1.000/0.490(0.997)
[1 1 0 1 1 1 1 0 0 1 1 1 1 1 1 0 0 1 0 1 1 0 0 1 1 0 1 1 0 0 0 0 0 0 1 0 0
 0 1 0 0 0 1 0 1 1 0 0 0 0 0 1 1 1 0 0 1 0 0 1 0 0 0 1 0 0 1 1 1 1 1 0 1 1
 0 0 0 1 1 0 0 0 1 1 1 0 1 1 0 1 0 1 0 0 0 1 0 0 1 0]
At 10001/30000: COST 0.002/3.709(0.006) -- Acc 1.000/0.510(0.998)
[1 0 1 1 1 1 1 0 0 0 1 0 0 1 1 1 0 1 0 0 0 1 1 1 1 1 1 1 1 1 1 1 0 0 1 1 1
 1 0 0 0 1 0 1 1 0 1 1 1 1 0 0 1 0 0 0 0 0 0 1 1 0 0 0 1 0 1 1 1 1 0 1 0 1
 0 1 0 0 0 0 0 1 1 0 0 0 0 0 0 1 1 0 0 0 0 0 0 1 1 1]
At 10101/30000: COST 0.001/3.417(0.005) -- Acc 1.000/0.500(0.998)
[1 0 0 0 0 1 0 1 1 1 1 1 1 0 1 1 0 1 1 0 1 1 1 1 1 0 0 1 1 0 1 0 0 1 0 0 1
 1 0 1 0 1 0 0 0 0 1 0 0 1 1 0 0 1 0 0 1 0 1 0 1 0 1 0 1 1 0 1 0 0 0 1 0 0
 0 0 1 0 1 0 0 1 1 0 1 1 0 1 1 1 1 1 0 0 1 1 0 0 0 0]
At 10201/30000: COST 0.012/3.040(0.039) -- Acc 1.000/0.530(0.988)
[1 1 1 0 0 1 1 1 1 1 1 0 0 0 0 0 1 0 0 1 1 0 1 0 1 1 1 0 0 1 1 0 1 1 1 1 1
 1 1 1 0 0 1 0 0 0 0 0 1 0 0 0 0 1 1 0 1 1 0 0 1 1 0 0 1 1 1 1 0 1 1 1 0 1
 0 0 0 0 1 1 1 1 0 1 1 0 0 0 1 1 1 1 1 1 1 1 1 1 0 1]
At 10301/30000: COST 0.010/2.611(0.026) -- Acc 1.000/0.540(0.992)
[1 1 0 0 1 0 0 0 1 0 1 1 1 1 0 1 1 1 0 1 0 0 0 0 0 1 1 1 1 1 1 1 1 1 0 0 1
 0 1 0 1 1 1 0 0 0 1 1 1 0 1 1 0 1 0 0 1 1 1 0 1 1 0 0 0 1 1 1 1 0 1 0 1 0
 1 1 1 0 0 0 0 1 1 1 0 0 1 1 0 0 0 1 1 1 1 1 0 0 0 0]
At 10401/30000: COST 0.002/2.917(0.014) -- Acc 1.000/0.510(0.996)
[0 0 1 0 0 0 0 0 0 1 1 1 0 0 0 0 0 1 1 1 0 1 0 0 0 1 1 0 1 1 1 1 1 1 1 0 0
 0 0 1 0 1 1 1 1 1 0 1 0 0 1 0 0 0 1 0 1 1 0 1 1 1 1 0 0 0 1 1 1 1 1 1 1 0
 0 1 0 1 0 0 0 1 0 0 1 1 1 0 1 1 0 1 1 0 1 0 0 0 1 0]
At 10501/30000: COST 0.002/3.372(0.010) -- Acc 1.000/0.480(0.998)
[1 0 1 1 0 1 1 1 0 1 0 0 1 1 0 0 0 0 0 1 0 1 1 0 1 1 1 1 1 1 0 1 1 0 0 1 0
 0 1 0 1 1 0 1 1 1 0 0 0 1 1 0 1 1 0 0 0 0 0 0 1 1 1 1 1 0 1 0 0 0 1 1 0 0
 1 0 1 1 1 1 0 0 1 1 0 0 1 0 1 1 1 0 1 1 1 1 0 1 0 0]
At 10601/30000: COST 0.003/3.203(0.005) -- Acc 1.000/0.520(0.999)
[1 1 1 0 1 0 1 0 1 0 1 1 1 1 0 0 0 0 1 0 1 1 1 1 0 0 1 0 1 1 1 1 0 0 1 1 0
 1 1 0 1 1 1 1 1 1 1 0 0 0 1 0 1 1 1 1 1 1 1 1 0 0 0 1 0 0 1 1 1 0 1 1 1 0
 0 1 1 1 0 0 1 1 1 1 0 0 0 0 0 1 0 1 0 1 1 1 1 1 1 1]
At 10701/30000: COST 0.016/3.611(0.007) -- Acc 0.990/0.480(0.998)
[1 1 0 1 1 0 1 1 0 1 0 0 1 0 0 1 0 1 0 1 0 0 0 1 0 0 0 0 1 1 1 0 0 1 0 0 0
 0 0 1 0 1 0 1 0 1 0 0 1 1 0 1 0 1 0 1 0 1 0 1 1 0 0 1 1 1 1 1 1 0 1 0 0 1
 1 0 1 1 1 1 1 0 0 1 0 1 0 1 1 1 1 1 1 0 0 1 1 0 1 0]
At 10801/30000: COST 0.180/3.003(0.021) -- Acc 0.990/0.520(0.994)
[1 1 1 1 0 1 0 0 1 1 0 1 1 1 0 1 1 1 0 0 1 1 0 0 1 0 0 0 0 1 1 1 1 0 0 1 0
 1 0 1 1 1 0 0 0 1 0 1 1 1 1 0 1 0 1 0 0 1 1 0 1 1 1 1 1 0 1 0 1 0 1 0 0 1
 1 1 1 0 1 0 1 1 1 1 0 0 1 0 0 0 0 1 1 0 0 0 1 1 0 0]
At 10901/30000: COST 0.004/3.360(0.019) -- Acc 1.000/0.530(0.995)
[0 0 1 0 1 1 0 1 1 0 1 1 0 1 1 0 1 0 0 1 1 1 1 1 1 0 0 0 1 0 0 1 0 0 0 1 1
 0 1 0 1 0 1 1 1 1 0 1 0 1 1 0 0 0 1 1 1 0 0 1 0 0 0 1 0 1 0 1 1 0 1 0 0 0
 1 1 1 1 0 1 0 1 0 1 0 1 1 0 1 0 1 0 0 1 0 1 0 1 1 1]
At 11001/30000: COST 0.024/3.115(0.021) -- Acc 0.990/0.550(0.994)
[0 0 0 0 1 0 1 1 1 1 0 1 0 0 0 0 1 1 1 0 0 1 0 1 0 1 0 1 1 1 1 0 0 0 1 0 0
 1 0 1 0 1 1 1 0 1 1 1 1 1 1 1 1 0 1 0 0 0 1 1 0 1 0 1 1 1 0 0 1 0 1 1 1 0
 1 1 0 1 0 1 0 1 1 1 1 1 0 0 1 0 0 1 0 0 0 0 1 1 1 1]
At 11101/30000: COST 0.000/3.512(0.012) -- Acc 1.000/0.510(0.997)
[1 0 0 1 1 1 0 1 0 0 1 1 0 1 1 0 0 0 1 0 1 0 1 1 0 0 0 1 0 1 1 1 1 0 0 1 0
 1 1 1 1 0 0 1 0 1 0 0 1 0 1 0 0 1 1 0 1 0 1 0 1 1 0 1 0 0 0 1 1 0 0 1 0 0
 0 0 1 0 1 1 0 1 1 1 0 1 0 0 0 1 1 0 1 0 0 0 1 1 1 1]
At 11201/30000: COST 0.008/3.348(0.007) -- Acc 1.000/0.480(0.998)
[1 1 0 0 1 0 0 1 0 1 1 0 1 1 0 1 1 1 1 1 0 1 0 0 1 0 1 0 1 0 0 1 1 0 1 0 0
 0 1 1 0 0 0 1 1 1 0 0 1 1 0 1 0 1 0 1 0 1 0 0 0 1 0 1 0 1 1 0 1 1 1 1 1 0
 1 1 1 1 0 0 0 1 1 0 1 0 1 1 1 1 0 0 1 1 0 0 1 1 0 0]
At 11301/30000: COST 0.002/3.508(0.004) -- Acc 1.000/0.500(0.999)
[0 1 1 0 0 1 0 0 1 1 0 1 1 1 0 0 1 0 1 1 0 1 1 0 0 1 0 1 1 0 0 0 0 0 0 1 1
 1 0 1 0 0 1 1 1 1 0 0 0 1 1 1 1 1 1 0 0 0 0 0 1 1 1 0 1 0 1 0 1 1 0 0 1 1
 1 0 0 1 0 1 1 1 1 1 1 0 0 0 1 1 1 1 0 0 0 1 0 0 1 1]
At 11401/30000: COST 0.000/3.529(0.002) -- Acc 1.000/0.530(1.000)
[1 1 0 0 0 1 1 0 0 1 1 0 1 1 0 0 1 0 0 0 1 0 0 1 1 0 1 0 0 0 1 1 0 0 1 0 0
 1 0 1 1 0 0 0 1 0 1 1 0 1 1 0 0 0 1 0 1 1 1 1 1 0 1 1 1 1 0 0 0 1 1 1 0 1
 0 0 1 0 0 1 0 0 1 1 1 1 0 0 0 1 1 1 0 1 1 0 1 1 1 0]
At 11501/30000: COST 0.001/3.891(0.002) -- Acc 1.000/0.510(1.000)
[1 0 0 0 0 1 1 0 0 1 1 0 1 1 0 1 0 1 1 0 0 0 0 1 0 1 1 0 0 0 1 1 0 1 0 0 0
 0 0 1 0 1 0 1 0 0 1 1 0 1 0 0 1 0 1 1 0 0 1 0 0 0 0 1 1 0 1 1 1 1 1 1 1 1
 1 1 1 0 0 1 1 0 1 1 1 0 1 0 0 1 1 1 1 0 0 1 0 1 1 0]
At 11601/30000: COST 0.000/3.928(0.001) -- Acc 1.000/0.450(1.000)
[1 0 1 1 1 0 0 0 0 0 1 0 1 1 1 1 0 1 0 1 1 1 0 0 0 1 1 0 1 1 1 1 0 1 1 0 1
 1 0 0 0 1 0 1 0 1 1 1 0 0 0 0 0 0 1 1 1 1 1 0 1 0 1 0 0 0 1 1 0 1 1 0 1 0
 1 0 1 1 0 1 1 1 1 0 0 1 0 0 0 1 0 0 1 1 0 1 0 1 1 0]
At 11701/30000: COST 0.142/2.054(0.077) -- Acc 0.970/0.530(0.979)
[1 0 1 0 0 0 1 1 0 0 1 0 1 0 1 1 0 1 0 0 1 0 1 0 0 1 0 1 1 1 1 0 0 0 1 0 1
 1 1 0 0 0 0 0 1 0 1 0 1 0 1 1 1 1 1 1 0 0 0 1 0 0 1 1 1 0 0 1 0 0 0 0 0 1
 1 1 1 1 0 0 1 1 0 0 1 0 0 1 0 0 0 1 0 1 1 0 0 1 0 0]
At 11801/30000: COST 0.035/2.529(0.049) -- Acc 0.990/0.480(0.985)
[1 1 1 1 0 1 0 1 1 1 1 1 0 1 0 1 1 1 1 0 0 0 0 0 0 1 0 0 0 0 1 1 0 1 0 1 1
 1 1 0 0 1 1 0 1 1 0 0 0 1 0 1 1 0 0 0 1 0 0 1 0 0 0 0 1 1 0 1 1 1 1 0 1 1
 0 1 1 0 1 0 1 0 1 1 0 1 1 1 0 0 0 1 1 0 0 1 1 0 1 1]
At 11901/30000: COST 0.005/2.616(0.024) -- Acc 1.000/0.500(0.993)
[1 1 1 0 0 1 0 0 0 1 0 1 1 1 1 1 1 0 0 0 0 1 1 1 1 0 0 0 1 0 0 1 1 1 0 0 1
 1 0 0 0 0 0 1 0 0 0 1 0 1 0 1 0 1 0 0 0 0 1 1 1 1 0 1 1 1 1 0 0 1 1 0 1 1
 1 0 0 1 0 1 0 1 0 0 1 1 1 0 1 0 0 1 1 1 1 0 0 0 0 0]
At 12001/30000: COST 0.001/2.839(0.013) -- Acc 1.000/0.470(0.997)
[1 0 1 1 1 0 1 1 1 1 0 1 0 1 1 0 0 1 1 0 0 1 0 1 1 1 0 1 1 0 1 1 0 1 0 0 0
 0 1 1 1 1 1 0 1 1 0 1 1 0 0 1 0 1 0 1 0 0 1 1 1 0 1 0 0 1 1 0 0 0 0 1 0 1
 1 1 0 1 1 1 0 1 1 1 1 0 0 0 1 1 1 1 1 1 0 1 0 1 0 1]
At 12101/30000: COST 0.018/2.970(0.007) -- Acc 0.990/0.550(0.998)
[1 1 1 1 0 0 0 1 0 1 1 0 1 1 0 0 1 0 1 1 0 0 0 1 0 0 0 1 1 1 1 1 0 1 1 0 0
 1 0 1 1 0 1 0 1 1 1 1 0 0 0 1 0 1 0 0 0 1 1 0 1 1 0 0 0 1 1 1 1 0 1 0 1 1
 0 1 0 1 0 0 0 0 0 0 1 1 1 0 1 0 1 1 1 1 1 1 0 1 0 1]
At 12201/30000: COST 0.009/2.735(0.024) -- Acc 1.000/0.500(0.994)
[1 1 1 0 0 0 0 0 1 0 1 0 0 0 0 0 0 1 0 0 0 1 1 0 1 1 1 0 1 0 1 1 0 1 1 1 1
 1 0 0 1 1 1 1 0 1 0 1 0 0 1 0 0 1 0 1 1 1 0 1 1 1 0 1 1 1 0 0 0 1 0 0 1 1
 0 1 0 1 1 0 1 1 0 1 0 1 1 1 1 0 0 0 1 1 1 0 0 0 1 0]
At 12301/30000: COST 0.038/2.849(0.017) -- Acc 0.990/0.520(0.996)
[0 0 1 0 0 0 1 0 1 0 0 1 1 1 1 1 1 0 0 1 1 1 1 1 0 0 1 1 1 0 1 0 0 1 1 1 0
 0 0 1 1 0 1 0 1 0 0 1 1 1 0 1 1 0 0 1 1 0 0 0 0 1 1 0 1 1 0 1 0 1 1 1 1 1
 1 0 0 0 0 0 0 0 0 1 0 0 0 0 1 0 0 1 1 1 0 1 1 1 1 1]
At 12401/30000: COST 0.002/2.915(0.009) -- Acc 1.000/0.520(0.997)
[0 1 1 0 1 0 1 1 1 1 1 1 1 1 1 0 1 1 1 0 1 0 1 1 1 1 0 0 0 1 0 0 1 0 1 1 0
 0 1 1 0 0 1 1 1 1 0 1 0 1 1 0 1 1 0 1 0 1 1 1 0 0 0 0 1 0 0 1 1 0 0 0 0 0
 0 1 1 0 1 1 0 1 0 0 0 0 1 1 0 1 1 0 0 0 0 0 1 1 1 1]
At 12501/30000: COST 0.001/3.151(0.009) -- Acc 1.000/0.560(0.998)
[0 0 0 1 1 1 1 1 1 0 0 1 0 0 1 0 0 0 0 1 0 1 1 1 1 1 1 0 1 1 0 1 1 1 1 1 1
 0 0 1 0 0 1 1 1 1 0 1 0 0 1 1 1 0 1 0 1 0 1 1 1 0 1 1 0 0 1 1 1 0 0 0 0 0
 1 1 1 0 0 0 0 0 1 1 0 0 1 0 1 0 0 0 0 0 0 1 1 1 1 1]
At 12601/30000: COST 0.007/3.225(0.007) -- Acc 1.000/0.490(0.998)
[0 1 1 1 1 1 1 0 0 1 1 0 1 0 0 0 0 0 1 1 0 0 1 1 1 0 1 1 1 1 0 1 0 1 0 0 0
 0 0 1 0 1 0 1 0 0 0 1 0 1 0 1 0 0 1 1 0 0 0 1 0 0 1 1 0 1 1 1 1 0 0 1 0 0
 1 1 1 0 1 0 1 1 0 0 0 0 0 1 1 1 0 0 1 0 0 0 1 1 1 1]
At 12701/30000: COST 0.001/3.657(0.005) -- Acc 1.000/0.510(0.999)
[0 1 0 0 1 0 1 0 1 1 1 0 0 1 1 0 1 0 1 0 0 1 0 0 0 0 1 1 0 1 0 0 1 1 0 1 1
 1 1 1 1 0 1 0 1 0 0 1 0 1 0 1 1 1 0 0 1 0 1 1 0 0 1 1 1 0 1 0 0 0 1 1 0 1
 1 1 1 0 0 0 1 0 0 0 1 1 1 0 0 1 0 1 0 0 1 1 0 0 0 1]
At 12801/30000: COST 0.000/3.571(0.003) -- Acc 1.000/0.520(0.999)
[1 0 0 0 0 1 1 0 1 1 1 1 1 1 1 1 0 0 0 1 1 0 1 1 1 0 0 1 0 1 1 0 0 0 0 1 1
 0 0 1 1 1 1 1 0 0 1 1 1 0 1 0 0 1 0 0 1 0 1 1 1 0 1 0 1 1 1 0 0 0 1 1 0 1
 0 0 0 0 0 1 0 0 1 0 0 0 1 1 1 0 1 1 1 0 0 0 0 1 1 1]
At 12901/30000: COST 0.050/3.285(0.013) -- Acc 0.980/0.540(0.996)
[1 1 1 1 1 0 0 0 0 0 0 0 1 0 0 0 0 0 0 1 0 1 0 0 1 0 1 0 1 0 0 0 1 0 1 1 0
 0 0 1 0 1 1 1 1 0 0 0 1 1 1 0 1 1 1 0 1 0 1 0 1 0 0 0 1 0 0 0 1 0 0 0 0 0
 1 1 0 1 0 1 0 1 0 0 1 0 0 1 0 1 1 1 0 1 1 0 0 0 1 1]
At 13001/30000: COST 0.032/2.771(0.026) -- Acc 0.990/0.550(0.992)
[0 0 0 1 1 0 0 1 1 1 1 0 0 1 1 0 0 0 1 0 0 1 0 0 0 0 0 0 1 0 0 1 0 1 1 0 0
 0 0 1 1 1 1 1 0 0 1 1 1 1 1 1 0 1 0 1 0 1 1 1 1 0 0 0 0 0 0 0 0 0 1 0 0 0
 1 1 1 1 1 0 0 1 1 0 1 0 1 0 1 0 1 1 0 0 0 0 0 1 0 1]
At 13101/30000: COST 0.027/3.127(0.019) -- Acc 0.980/0.510(0.994)
[0 0 0 0 0 0 1 1 0 1 1 1 1 1 1 0 1 0 0 0 0 0 1 0 0 1 1 1 0 0 1 0 0 1 0 1 1
 1 1 0 1 1 1 0 1 0 0 1 1 0 0 0 1 0 0 1 0 1 0 1 1 1 0 0 0 0 1 1 1 1 1 0 0 1
 1 1 0 1 1 1 1 1 0 1 0 0 1 1 0 1 0 0 0 0 1 1 0 0 0 1]
At 13201/30000: COST 0.001/3.603(0.010) -- Acc 1.000/0.500(0.997)
[1 1 0 0 1 1 1 1 0 1 0 1 1 0 1 0 1 0 0 0 1 0 1 0 1 1 0 0 0 1 1 0 0 0 0 1 1
 0 0 1 1 1 1 0 1 1 0 0 0 1 0 0 1 1 0 1 0 0 0 1 0 1 1 0 0 1 1 0 0 0 1 0 0 1
 1 0 1 1 1 0 0 0 0 1 1 0 1 0 1 0 1 0 0 0 0 0 1 1 0 0]
At 13301/30000: COST 0.007/3.372(0.015) -- Acc 1.000/0.480(0.996)
[1 0 0 0 0 0 0 0 0 0 1 1 1 1 1 0 0 0 1 1 0 0 1 0 1 0 0 1 1 0 0 0 1 1 1 1 1
 1 0 1 1 0 1 0 0 1 1 1 0 1 1 0 0 1 1 1 0 1 0 1 1 0 1 0 0 1 0 0 1 1 0 1 0 0
 1 1 0 1 1 1 0 0 1 1 0 0 0 0 1 0 0 1 1 1 1 0 1 0 0 0]
At 13401/30000: COST 0.008/2.938(0.018) -- Acc 1.000/0.450(0.995)
[0 0 0 1 1 1 0 0 1 0 1 0 1 0 0 0 1 1 0 0 1 0 0 1 1 1 0 0 0 0 0 1 1 1 0 1 0
 1 0 1 1 0 1 1 1 1 0 0 1 1 0 0 1 1 1 0 1 1 1 0 1 0 0 1 1 1 1 1 0 1 1 0 1 0
 0 0 1 1 1 1 1 0 1 1 1 1 1 0 1 0 0 0 1 0 0 0 1 0 0 0]
At 13501/30000: COST 0.006/2.810(0.029) -- Acc 1.000/0.520(0.992)
[1 1 1 0 0 1 1 0 1 1 1 1 0 0 1 1 0 1 0 1 1 0 1 1 0 0 0 1 0 1 0 1 0 0 1 0 0
 1 1 0 1 0 1 1 0 0 0 0 1 1 1 0 1 0 0 0 0 1 1 0 1 0 0 1 1 0 1 0 1 0 1 1 1 1
 1 0 1 0 0 1 1 0 1 0 0 0 0 1 0 0 1 0 1 1 1 0 0 0 1 1]
At 13601/30000: COST 0.024/2.607(0.025) -- Acc 0.980/0.570(0.993)
[0 1 0 0 1 1 0 1 1 0 1 1 0 0 0 1 1 1 1 1 0 0 0 0 1 1 0 1 1 1 1 1 1 1 0 0 1
 1 0 1 1 0 0 0 0 1 0 1 1 1 0 0 0 0 1 0 0 1 1 1 0 0 0 0 1 1 0 0 0 1 1 1 0 1
 0 0 1 0 0 1 1 1 1 1 1 0 1 0 1 0 0 1 1 1 0 0 1 1 1 1]
At 13701/30000: COST 0.003/3.169(0.015) -- Acc 1.000/0.560(0.996)
[1 0 1 0 0 1 0 1 0 0 1 1 0 1 0 0 1 1 0 1 1 0 0 1 1 1 0 0 1 0 0 0 1 0 0 1 0
 0 0 0 0 1 0 0 0 0 0 1 0 1 0 1 0 1 1 0 1 1 0 1 0 1 0 1 0 1 0 1 1 1 1 0 1 0
 0 1 1 1 1 1 0 0 1 0 0 0 1 1 0 0 0 0 1 1 1 1 1 0 0 1]
At 13801/30000: COST 0.003/2.971(0.009) -- Acc 1.000/0.510(0.997)
[0 1 0 0 1 0 1 1 0 1 0 0 1 0 1 1 1 1 1 1 0 1 0 1 0 0 0 1 0 0 0 0 1 1 0 1 1
 0 1 1 0 1 1 1 1 0 0 0 1 1 0 1 0 0 0 1 1 0 0 0 1 1 1 0 0 0 0 0 1 0 1 0 1 1
 1 0 0 1 1 0 1 0 0 0 0 0 0 0 1 1 1 1 0 0 1 1 0 1 1 0]
At 13901/30000: COST 0.000/3.047(0.005) -- Acc 1.000/0.600(0.999)
[0 0 1 0 0 1 0 1 1 1 1 1 0 0 0 1 0 1 0 1 1 1 1 1 0 1 0 0 0 1 0 0 1 0 0 1 0
 1 1 1 0 0 0 0 1 0 0 0 0 0 1 1 1 1 1 1 0 1 0 1 0 0 1 1 1 1 0 1 0 1 1 1 0 0
 1 0 0 0 1 1 1 0 0 1 1 0 1 1 1 0 0 0 1 1 1 0 0 1 0 0]
At 14001/30000: COST 0.001/3.187(0.004) -- Acc 1.000/0.580(0.999)
[0 0 1 1 0 1 1 0 1 0 1 0 0 1 1 1 0 1 0 1 0 1 0 1 1 1 0 1 0 0 0 1 0 1 1 0 1
 0 1 1 0 1 1 1 0 0 1 0 1 1 0 1 0 1 0 1 1 0 0 0 0 1 0 0 1 0 1 0 0 1 0 1 1 1
 0 1 0 0 0 0 0 0 1 1 1 1 1 1 0 1 0 1 1 0 0 1 0 0 1 0]
At 14101/30000: COST 0.001/2.755(0.003) -- Acc 1.000/0.560(0.999)
[1 1 0 1 1 0 0 1 1 1 0 1 1 1 1 0 0 0 0 1 0 1 0 0 0 0 0 1 0 1 1 0 0 0 0 1 1
 1 0 1 1 1 0 0 0 0 0 0 0 0 1 1 1 1 0 0 1 0 1 1 1 1 1 0 0 0 0 1 1 0 0 1 0 1
 1 1 1 1 1 0 1 0 0 1 1 0 1 1 1 0 0 1 0 0 0 0 1 1 1 1]
At 14201/30000: COST 0.007/3.176(0.011) -- Acc 1.000/0.510(0.997)
[1 0 1 0 0 1 0 1 0 1 0 1 0 1 0 0 1 0 1 1 1 1 1 0 0 1 0 0 1 1 1 1 1 1 1 1 1
 0 1 0 1 0 1 0 1 1 1 1 1 0 1 1 0 0 1 1 0 0 0 0 0 1 1 0 0 0 0 1 0 1 1 0 1 0
 1 0 1 0 0 1 0 1 1 1 1 0 1 0 1 0 0 1 0 0 0 1 0 1 0 0]
At 14301/30000: COST 0.013/3.904(0.013) -- Acc 1.000/0.520(0.996)
[1 1 1 1 0 0 1 1 0 1 1 0 1 1 0 1 1 0 1 0 1 0 1 1 1 0 1 1 0 1 1 1 0 1 1 0 0
 0 1 1 1 1 1 0 0 1 0 0 1 0 0 1 0 0 1 1 0 1 1 0 0 0 1 1 1 0 1 1 0 0 1 0 0 1
 1 1 0 1 0 1 1 1 1 0 1 1 0 1 0 1 1 1 0 1 1 1 1 0 0 1]
At 14401/30000: COST 0.057/2.635(0.033) -- Acc 0.990/0.540(0.991)
[1 0 1 0 1 1 0 1 1 1 1 1 1 1 1 1 1 1 0 1 0 1 0 1 1 0 0 1 0 1 1 1 0 0 0 0 1
 1 1 0 1 0 0 0 0 0 1 1 0 0 0 0 1 0 0 0 1 1 1 0 1 1 1 0 0 1 0 1 0 0 0 0 1 0
 0 1 1 0 1 1 0 1 1 1 1 1 1 0 1 0 0 0 0 0 0 1 0 1 1 0]
At 14501/30000: COST 0.003/2.892(0.025) -- Acc 1.000/0.520(0.993)
[0 1 0 0 0 1 0 1 1 0 1 0 1 1 1 1 0 1 0 0 1 0 0 0 1 0 1 0 1 1 1 0 0 0 1 1 1
 0 0 1 1 1 1 1 0 0 1 1 1 1 0 0 0 0 0 0 0 1 0 1 1 1 0 0 0 0 0 1 1 0 0 1 0 1
 1 1 0 0 1 1 0 0 1 0 0 0 0 1 0 1 0 1 1 0 1 1 1 1 0 1]
At 14601/30000: COST 0.003/2.672(0.017) -- Acc 1.000/0.530(0.995)
[0 1 1 1 0 0 0 1 0 1 0 1 1 0 1 0 0 1 1 1 1 0 1 0 0 1 0 0 0 1 1 1 0 0 0 1 0
 1 0 1 0 1 1 0 1 0 1 0 1 1 1 1 0 0 1 1 0 1 1 1 1 1 0 1 1 1 0 0 0 0 1 0 1 0
 1 1 1 1 0 0 1 0 0 0 0 1 0 0 1 1 1 1 0 0 1 1 1 0 0 0]
At 14701/30000: COST 0.001/2.965(0.012) -- Acc 1.000/0.500(0.997)
[0 1 1 1 1 0 0 1 0 0 1 1 1 0 1 1 0 0 0 1 0 0 1 1 0 0 1 1 1 1 0 1 1 1 1 1 1
 1 1 1 0 1 1 0 0 1 0 1 0 1 1 1 0 1 0 0 0 1 0 1 1 0 0 1 1 0 1 0 1 0 0 1 1 0
 1 1 1 0 0 1 0 0 1 0 1 1 0 0 1 1 1 0 1 0 1 0 0 1 0 1]
At 14801/30000: COST 0.008/3.019(0.007) -- Acc 1.000/0.520(0.998)
[0 1 1 0 0 0 1 1 1 1 1 1 0 1 0 0 0 0 1 1 0 1 1 1 1 1 1 1 1 1 1 1 1 1 1 1 1
 1 1 0 0 0 0 0 1 1 0 0 0 1 1 1 1 0 0 1 0 1 1 1 0 1 1 0 0 1 0 1 0 1 1 0 1 0
 0 0 1 0 0 0 0 1 1 0 1 1 1 0 0 0 1 0 1 1 0 1 1 1 0 0]
At 14901/30000: COST 0.003/3.440(0.005) -- Acc 1.000/0.490(0.999)
[0 1 0 0 1 0 0 1 1 0 1 1 0 1 1 0 0 0 1 0 0 1 0 1 0 1 0 0 1 1 1 1 0 0 0 1 0
 0 0 1 1 0 1 0 0 1 1 1 0 1 1 1 1 0 0 1 0 0 1 1 1 0 0 1 0 0 0 1 1 1 1 1 1 1
 1 1 1 1 1 0 1 1 1 1 0 1 1 1 1 1 0 0 1 1 1 0 0 1 1 1]
At 15001/30000: COST 0.002/3.041(0.008) -- Acc 1.000/0.520(0.998)
[0 0 1 0 0 0 1 0 0 1 0 1 0 1 0 1 0 0 0 0 1 1 1 0 0 1 1 1 1 0 1 1 0 1 0 1 1
 0 1 0 1 1 1 1 1 1 1 0 1 1 0 1 0 0 0 0 0 0 1 1 0 0 1 1 1 1 1 0 1 0 1 0 1 0
 0 0 1 1 1 1 1 0 0 1 0 1 0 1 0 0 0 0 1 0 1 0 0 0 1 1]
At 15101/30000: COST 0.001/3.163(0.009) -- Acc 1.000/0.540(0.997)
[1 1 0 0 0 0 1 1 1 0 1 0 1 0 0 1 1 1 1 0 0 1 0 0 0 0 0 0 1 1 0 1 1 0 0 1 0
 1 1 0 1 1 0 0 0 1 1 1 1 0 1 1 1 0 0 1 1 0 0 0 1 1 0 1 1 0 0 0 1 1 0 1 1 1
 1 1 1 1 1 1 0 1 1 1 1 1 1 1 0 0 1 1 0 1 1 1 1 0 1 0]
At 15201/30000: COST 0.025/2.477(0.030) -- Acc 0.990/0.580(0.991)
[1 0 0 0 1 1 0 1 0 0 1 1 0 1 0 0 1 1 0 1 0 1 1 1 0 0 1 1 1 0 1 1 0 1 1 0 1
 1 0 1 0 1 1 1 0 1 1 1 0 1 1 1 0 1 0 0 1 1 0 0 0 1 0 0 1 1 1 0 0 0 1 0 1 1
 0 0 0 0 1 0 0 1 0 0 1 1 0 1 0 0 0 1 0 0 1 1 0 1 1 1]
At 15301/30000: COST 0.004/2.928(0.026) -- Acc 1.000/0.540(0.993)
[0 1 1 1 1 0 0 1 1 1 1 1 0 0 1 1 0 0 0 1 1 1 1 0 0 1 1 0 0 1 1 0 0 0 0 1 1
 0 1 0 0 0 1 0 0 0 1 0 1 0 0 0 0 0 0 1 1 1 1 0 0 0 0 1 0 1 1 1 1 1 1 1 1 0
 1 1 0 0 1 0 0 1 0 1 0 1 0 0 1 0 1 1 1 0 0 0 0 1 1 1]
At 15401/30000: COST 0.002/2.934(0.016) -- Acc 1.000/0.520(0.996)
[1 0 1 0 1 0 1 0 1 0 0 0 1 1 1 0 1 0 1 1 0 0 0 0 0 1 1 0 0 1 0 0 1 0 1 1 0
 0 1 0 0 0 1 1 0 0 1 1 0 1 1 1 0 1 1 0 1 0 1 1 1 1 0 1 0 0 1 1 0 1 1 1 1 0
 0 1 1 1 1 0 0 1 0 1 1 1 0 1 1 0 1 0 1 0 1 0 0 0 0 1]
At 15501/30000: COST 0.076/2.575(0.013) -- Acc 0.990/0.560(0.997)
[1 1 1 0 1 0 0 0 0 0 0 1 1 0 0 1 1 1 1 0 1 0 1 1 0 0 1 0 0 1 1 1 1 1 1 0 1
 0 0 0 0 0 1 0 1 0 1 0 1 0 1 1 1 0 1 0 0 1 0 0 0 1 1 1 1 1 1 0 0 1 0 0 0 0
 0 1 1 1 0 1 0 1 1 1 0 1 0 0 0 0 0 1 1 0 1 1 1 0 1 0]
At 15601/30000: COST 0.008/3.015(0.014) -- Acc 1.000/0.540(0.996)
[0 0 1 1 0 0 1 1 0 1 0 1 1 0 1 0 0 1 0 0 0 1 1 0 1 1 0 1 1 1 0 0 1 0 1 0 1
 0 0 1 1 1 0 1 1 1 1 1 0 1 1 0 0 1 1 1 0 1 0 0 0 1 0 1 1 0 1 0 1 0 0 1 1 0
 1 0 0 1 0 0 0 0 0 0 1 1 1 0 0 1 0 0 0 0 1 0 0 0 1 1]
At 15701/30000: COST 0.001/3.390(0.007) -- Acc 1.000/0.520(0.999)
[0 0 1 1 1 0 0 0 0 1 0 1 0 0 1 0 0 0 0 1 1 1 1 1 0 0 1 0 1 0 0 0 1 1 0 0 0
 0 1 1 1 0 0 0 0 0 1 0 0 1 1 1 0 1 1 1 0 0 1 1 0 0 1 0 1 0 0 0 0 1 0 0 1 0
 0 0 0 1 0 1 1 1 1 0 0 1 1 0 1 1 1 0 1 1 1 0 1 0 1 1]
At 15801/30000: COST 0.001/3.516(0.003) -- Acc 1.000/0.520(0.999)
[1 0 1 0 0 1 1 1 1 0 1 1 1 0 0 1 0 1 0 1 1 1 0 1 1 1 1 0 0 0 1 1 0 0 1 1 1
 0 1 0 0 0 1 1 1 0 0 0 0 1 1 0 1 0 1 0 0 1 0 1 0 0 0 1 1 1 0 0 1 1 1 0 1 0
 0 0 0 0 0 1 0 0 0 0 1 1 1 0 1 0 1 0 0 1 0 0 0 0 0 1]
At 15901/30000: COST 0.002/3.373(0.002) -- Acc 1.000/0.510(1.000)
[0 1 0 1 1 0 1 0 0 0 1 0 1 1 1 1 1 0 1 1 1 0 1 1 1 0 0 0 1 1 1 0 0 0 0 0 0
 1 1 0 0 1 0 0 1 1 0 0 1 0 1 0 1 0 1 0 1 0 1 1 1 1 0 1 0 0 1 1 0 0 1 0 1 1
 1 0 1 1 1 1 0 1 0 0 0 1 1 0 0 1 1 1 0 0 0 0 0 0 1 1]
At 16001/30000: COST 0.010/3.078(0.005) -- Acc 0.990/0.570(0.999)
[0 1 0 1 1 1 1 0 1 0 1 0 0 1 1 0 1 1 0 1 0 1 1 0 0 0 0 1 1 0 1 1 1 1 1 0 0
 1 1 0 0 0 1 0 1 1 1 1 1 0 1 1 1 1 1 1 1 1 0 0 0 0 1 1 0 1 0 1 1 0 1 0 1 1
 1 1 0 1 0 1 1 0 0 1 0 1 0 1 1 0 0 0 1 0 1 1 1 0 0 1]
At 16101/30000: COST 0.004/3.088(0.014) -- Acc 1.000/0.540(0.996)
[0 0 0 0 0 1 1 0 0 1 0 0 1 1 1 1 1 1 0 0 1 1 1 0 1 0 1 0 0 0 0 1 1 1 1 0 1
 1 1 1 0 0 1 1 1 1 1 1 0 0 0 1 0 0 0 1 1 1 1 1 0 0 0 1 0 1 1 0 0 1 0 1 0 1
 0 1 0 0 0 0 1 1 0 1 0 1 1 1 1 1 1 0 1 0 1 1 1 1 1 0]
At 16201/30000: COST 0.003/3.510(0.012) -- Acc 1.000/0.550(0.996)
[1 0 1 1 0 0 1 0 0 1 1 0 1 0 0 1 1 0 1 0 0 1 1 0 0 1 1 0 0 0 0 0 0 0 0 1 0
 1 1 1 0 1 0 1 1 0 1 0 1 0 1 0 1 1 1 0 1 1 1 1 0 1 0 1 1 1 1 0 0 1 1 1 1 1
 0 0 0 1 1 0 1 0 1 1 1 1 1 1 1 0 0 1 0 0 0 1 1 1 0 0]
At 16301/30000: COST 0.001/3.324(0.008) -- Acc 1.000/0.580(0.997)
[1 1 0 1 1 0 1 1 0 1 1 1 1 1 0 1 1 0 0 0 1 0 0 1 0 1 1 1 1 0 0 1 0 1 1 0 1
 0 1 0 1 0 1 1 1 1 1 1 1 1 1 1 0 0 0 0 1 1 0 1 0 1 0 1 0 0 0 0 0 1 1 1 0 1
 1 1 1 1 0 1 1 0 0 1 0 1 1 0 0 0 0 1 0 1 0 1 1 1 1 0]
At 16401/30000: COST 0.001/3.319(0.009) -- Acc 1.000/0.580(0.997)
[1 0 1 1 0 1 1 1 0 1 0 0 1 1 0 1 1 1 1 1 1 0 0 1 1 1 0 0 0 1 0 0 1 1 1 1 0
 1 1 1 0 0 1 0 0 0 1 0 1 0 1 0 0 0 1 1 1 0 0 0 0 1 0 0 1 1 0 0 0 0 1 1 0 1
 0 1 1 0 0 0 0 0 0 0 1 0 0 1 1 1 0 1 1 0 1 1 1 1 0 1]
At 16501/30000: COST 0.001/3.215(0.012) -- Acc 1.000/0.550(0.997)
[1 1 0 1 1 1 1 0 1 1 1 0 1 0 1 1 0 0 1 1 1 0 1 1 1 1 0 0 0 0 0 1 1 1 1 1 1
 0 0 0 1 0 1 0 1 0 1 1 1 0 1 0 1 1 0 1 1 1 0 0 1 1 0 1 1 1 1 0 0 1 1 0 1 0
 0 0 0 0 1 1 0 0 0 0 0 1 1 1 1 1 0 0 0 1 0 0 1 0 0 0]
At 16601/30000: COST 0.004/3.426(0.011) -- Acc 1.000/0.480(0.997)
[0 1 1 1 0 0 0 1 0 0 1 1 0 1 0 0 1 0 1 0 0 1 1 0 0 1 0 0 0 1 1 0 1 1 0 0 0
 0 0 0 0 1 0 0 1 1 1 1 1 1 1 1 1 0 0 0 1 1 1 1 0 1 0 1 1 1 0 0 1 1 1 0 0 1
 0 1 1 1 0 0 0 1 0 0 1 0 1 0 1 1 0 1 1 1 1 0 1 0 0 1]
At 16701/30000: COST 0.003/2.959(0.013) -- Acc 1.000/0.530(0.997)
[1 0 0 1 0 0 1 0 1 1 0 0 1 0 1 1 1 0 1 1 0 0 1 1 1 0 1 0 0 1 1 1 0 1 0 1 0
 0 1 0 0 1 1 1 0 1 1 0 1 0 0 1 1 1 1 1 0 1 0 0 0 0 1 1 1 0 1 0 1 0 0 0 0 0
 1 0 0 0 1 1 0 1 1 1 0 0 0 1 0 1 1 0 0 0 0 1 1 1 0 1]
At 16801/30000: COST 0.002/3.241(0.006) -- Acc 1.000/0.540(0.999)
[0 1 1 0 0 1 1 0 0 1 0 1 0 0 0 0 1 0 1 1 1 1 1 0 1 1 1 0 1 1 0 0 1 0 1 1 0
 0 1 0 1 0 0 1 1 0 1 0 1 0 0 1 1 1 0 0 0 1 1 1 0 1 0 0 0 1 0 0 1 0 1 1 1 1
 0 0 0 1 0 0 1 1 0 1 1 1 1 1 1 1 0 1 0 1 1 1 0 0 0 1]
At 16901/30000: COST 0.004/3.223(0.003) -- Acc 1.000/0.530(0.999)
[1 1 1 1 0 0 1 1 0 0 1 1 0 0 0 1 0 0 0 1 1 1 0 0 0 1 1 0 1 1 1 0 0 1 0 0 1
 1 0 0 0 1 0 0 1 1 1 1 0 1 1 0 1 1 1 1 1 1 1 1 0 0 1 1 1 0 0 0 0 1 1 0 0 1
 0 1 1 0 1 1 1 0 0 0 1 1 1 0 0 0 0 0 0 1 0 1 0 1 0 1]
At 17001/30000: COST 0.000/3.380(0.002) -- Acc 1.000/0.540(1.000)
[0 1 0 0 1 0 1 1 0 0 1 1 0 0 1 1 1 0 1 0 0 0 0 1 1 1 1 1 0 0 0 1 1 0 1 1 0
 1 0 1 1 0 1 1 1 1 1 0 0 1 0 1 1 0 0 0 1 1 0 1 0 0 0 0 0 1 1 1 0 1 1 1 1 1
 0 0 1 1 1 1 1 0 1 0 0 0 0 0 0 1 1 0 1 0 0 1 0 0 0 0]
At 17101/30000: COST 0.007/3.302(0.008) -- Acc 1.000/0.540(0.998)
[1 0 0 0 1 1 1 1 0 0 0 0 1 0 1 1 1 1 0 0 1 1 1 0 0 0 0 0 1 0 1 0 0 1 0 0 0
 0 0 1 1 1 1 1 0 1 1 1 1 0 0 1 1 1 0 0 1 0 1 1 0 0 0 1 1 1 1 1 0 0 0 0 1 1
 1 1 1 1 1 1 1 1 1 1 0 1 1 0 0 1 1 1 0 1 0 0 1 1 1 1]
At 17201/30000: COST 0.009/2.484(0.041) -- Acc 1.000/0.590(0.989)
[1 1 1 0 1 0 1 1 0 0 1 0 0 0 1 1 0 1 0 1 1 1 1 0 1 1 1 1 0 0 0 1 1 1 1 0 0
 0 1 1 0 0 0 1 0 0 1 1 1 0 0 0 0 1 1 0 0 1 0 0 0 0 0 0 0 1 0 0 0 1 1 1 1 1
 1 0 0 0 1 1 0 1 0 0 1 1 1 1 1 0 1 1 1 1 1 0 0 0 0 1]
At 17301/30000: COST 0.005/2.831(0.022) -- Acc 1.000/0.570(0.994)
[1 1 0 1 1 0 1 0 1 0 1 0 0 0 0 1 0 0 1 1 0 1 0 0 1 1 0 1 0 1 1 0 0 1 0 0 0
 1 1 0 0 1 1 1 1 0 1 0 1 1 0 0 0 1 1 1 0 0 0 0 0 1 0 0 1 1 0 1 0 0 1 1 1 0
 1 1 1 1 1 0 0 1 0 0 0 1 1 1 0 0 1 1 1 0 0 0 1 0 0 1]
At 17401/30000: COST 0.001/2.974(0.011) -- Acc 1.000/0.530(0.997)
[0 0 1 1 1 1 1 1 1 0 0 0 0 0 0 0 0 0 0 1 0 1 1 1 1 0 0 1 1 0 1 0 1 1 1 0 1
 1 1 1 0 1 1 0 1 0 0 1 1 0 1 0 0 0 1 0 1 1 0 0 0 0 0 1 0 0 1 1 0 1 0 1 1 1
 0 1 0 0 1 1 1 0 1 0 0 0 1 0 0 1 0 0 1 0 0 1 0 1 1 0]
At 17501/30000: COST 0.000/3.127(0.005) -- Acc 1.000/0.580(0.999)
[0 0 1 1 1 1 1 1 0 0 1 1 1 1 1 1 0 1 0 0 0 1 0 0 1 0 1 1 1 0 0 1 0 1 1 0 0
 1 0 0 0 0 0 1 1 0 1 1 1 0 0 0 0 0 1 0 1 0 1 0 0 1 0 1 1 0 0 1 0 1 1 1 0 0
 1 1 0 1 1 1 0 0 1 1 0 0 1 1 1 0 1 1 1 1 0 0 1 1 1 1]
At 17601/30000: COST 0.000/3.011(0.005) -- Acc 1.000/0.560(0.998)
[1 0 1 0 0 0 0 1 1 0 0 1 1 0 1 0 0 0 0 0 1 1 1 1 0 0 1 0 1 1 1 1 0 0 1 0 0
 0 0 1 0 0 1 1 0 0 1 0 1 1 1 0 0 1 0 0 1 1 1 1 1 1 0 1 1 1 1 1 0 0 0 0 0 0
 0 1 1 1 1 0 1 0 0 0 1 0 0 1 1 0 0 0 1 1 1 0 1 1 1 0]
At 17701/30000: COST 0.000/3.320(0.004) -- Acc 1.000/0.550(0.999)
[0 1 1 0 1 0 0 0 1 0 0 0 1 1 1 1 1 1 0 0 1 1 0 1 1 0 1 1 1 0 1 0 0 1 0 0 0
 0 1 1 0 0 1 1 0 1 1 1 1 1 0 1 1 1 0 0 0 0 1 1 1 1 1 1 0 1 1 1 1 1 1 0 1 1
 0 0 0 0 0 0 0 0 1 1 0 0 1 0 1 1 0 0 1 0 0 0 0 1 1 1]
At 17801/30000: COST 0.000/3.185(0.002) -- Acc 1.000/0.610(0.999)
[1 1 0 0 1 0 1 1 1 0 1 0 1 0 0 0 0 0 1 0 0 1 1 0 0 0 1 0 1 1 1 0 0 1 0 1 1
 1 0 1 1 0 0 0 1 1 0 0 0 1 1 0 1 1 1 0 0 1 1 0 1 0 1 1 0 1 1 0 1 1 1 1 1 0
 1 0 1 0 0 1 0 0 0 0 1 0 0 1 0 1 0 0 1 1 0 1 1 1 0 1]
At 17901/30000: COST 0.000/3.266(0.001) -- Acc 1.000/0.570(1.000)
[1 0 0 0 1 1 1 0 0 1 1 0 1 1 1 1 1 1 0 1 1 1 0 1 0 1 1 0 1 0 0 1 1 0 0 0 0
 0 1 0 0 0 1 1 1 0 0 1 1 0 0 1 1 0 1 0 1 1 0 0 0 0 1 0 0 1 1 0 0 1 0 0 1 0
 1 1 0 0 0 1 0 1 0 0 1 1 1 1 1 1 0 1 0 0 0 1 1 0 1 0]
At 18001/30000: COST 0.022/3.733(0.004) -- Acc 0.990/0.560(0.999)
[1 0 0 0 0 0 0 0 1 1 0 0 1 1 0 0 0 0 1 1 0 1 0 1 1 0 0 1 0 0 0 0 1 0 0 1 1
 0 0 0 0 1 1 1 0 1 1 0 0 1 1 1 0 0 1 1 1 1 0 0 1 1 1 0 0 1 0 1 1 1 0 1 0 0
 1 0 0 0 0 1 1 0 0 1 1 1 0 1 1 0 0 0 1 0 1 1 1 1 1 0]
At 18101/30000: COST 0.019/2.870(0.032) -- Acc 1.000/0.550(0.991)
[1 1 0 1 1 0 1 0 0 0 1 1 1 0 1 1 0 1 1 0 1 0 0 1 0 1 0 0 1 1 0 0 1 1 0 0 1
 0 1 0 1 1 1 1 1 1 0 0 0 0 1 0 0 0 1 0 0 0 0 0 1 1 0 1 1 0 1 0 1 0 0 0 1 0
 1 1 1 0 1 0 0 1 0 0 0 0 1 0 0 1 1 0 1 0 0 0 0 0 0 1]
At 18201/30000: COST 0.008/3.011(0.024) -- Acc 1.000/0.550(0.993)
[1 1 1 1 1 1 0 0 1 1 0 1 1 0 0 1 1 1 1 0 0 1 0 0 0 1 1 1 0 0 1 1 0 0 1 1 0
 1 0 1 1 0 1 1 0 1 1 1 0 1 0 0 1 0 1 1 1 1 0 1 1 0 1 0 1 1 1 0 0 1 1 1 0 0
 0 1 0 0 1 1 0 0 0 1 0 0 0 0 0 0 0 1 0 0 0 0 0 1 1 0]
At 18301/30000: COST 0.074/2.937(0.029) -- Acc 0.980/0.510(0.992)
[1 1 0 0 0 1 0 1 0 0 0 1 0 1 1 0 0 1 1 1 1 0 0 0 1 1 0 0 1 0 1 0 1 1 1 0 1
 0 0 1 1 0 0 0 0 1 1 0 1 1 1 1 0 0 1 1 0 1 0 0 1 0 0 1 1 1 1 1 0 1 1 0 0 0
 1 0 1 1 0 0 0 1 0 0 0 1 0 0 0 0 1 0 0 1 1 1 1 1 1 1]
At 18401/30000: COST 0.003/3.138(0.020) -- Acc 1.000/0.520(0.995)
[1 0 0 0 1 1 1 1 0 1 0 1 1 1 0 0 1 1 1 0 0 0 0 1 1 1 1 0 0 1 1 1 0 0 1 0 1
 0 0 0 1 1 1 1 1 0 0 0 1 0 1 0 0 0 0 0 1 1 1 0 0 0 1 0 1 0 1 1 1 0 0 1 1 0
 0 1 1 1 0 1 1 0 0 0 1 0 1 0 1 1 0 0 1 1 1 1 0 0 1 0]
At 18501/30000: COST 0.000/3.228(0.010) -- Acc 1.000/0.530(0.998)
[0 0 0 1 0 0 0 1 0 0 1 1 1 0 0 1 1 1 0 1 1 1 0 1 1 1 0 0 1 1 1 0 0 0 1 1 0
 0 0 0 1 1 1 0 1 0 1 1 1 0 0 1 0 1 0 1 0 1 1 1 1 0 0 1 1 0 0 1 0 1 0 0 1 1
 0 1 0 1 1 1 0 0 0 1 0 0 0 0 1 0 0 0 0 1 0 1 1 1 1 1]
At 18601/30000: COST 0.002/3.262(0.006) -- Acc 1.000/0.500(0.999)
[1 0 1 1 1 1 1 1 1 1 1 1 0 0 0 1 0 1 0 1 1 0 0 0 0 1 1 0 1 0 0 0 1 0 0 0 1
 0 0 0 0 0 0 0 1 1 0 0 1 1 0 0 1 1 1 0 1 0 0 1 1 1 0 1 1 1 1 0 0 0 0 0 0 1
 1 1 0 0 0 0 1 1 1 1 1 1 1 1 0 0 1 0 0 0 1 1 0 0 1 1]
At 18701/30000: COST 0.004/3.336(0.003) -- Acc 1.000/0.540(0.999)
[0 0 0 1 0 0 0 1 1 1 1 0 0 1 1 0 0 1 0 0 0 0 1 1 0 1 0 1 0 1 1 0 0 1 0 0 0
 1 1 0 1 1 0 1 1 0 0 0 0 1 1 0 1 0 0 0 0 0 1 1 1 1 1 1 1 1 0 1 1 1 1 0 0 0
 1 1 1 0 1 1 0 0 0 0 1 1 0 1 1 1 1 1 0 0 1 1 1 1 0 0]
At 18801/30000: COST 0.006/3.592(0.002) -- Acc 1.000/0.530(1.000)
[1 1 0 0 0 1 1 1 1 1 1 1 1 0 1 1 0 1 1 0 1 0 1 1 0 1 1 1 0 0 1 1 0 0 0 0 1
 0 0 1 1 0 1 1 1 0 0 0 0 1 0 0 0 1 0 1 0 1 0 1 0 0 0 1 0 0 1 1 1 1 1 0 1 1
 1 0 1 0 1 0 1 0 0 0 1 1 1 1 0 1 1 0 0 1 1 0 0 1 1 0]
At 18901/30000: COST 0.002/3.594(0.002) -- Acc 1.000/0.520(1.000)
[0 1 0 0 0 1 0 0 0 0 1 1 0 1 0 0 1 1 1 1 0 1 0 0 1 0 1 1 1 0 0 0 1 0 1 1 1
 0 1 1 1 0 1 0 1 0 0 0 1 1 0 1 0 1 0 0 0 1 1 1 0 0 1 1 0 1 0 1 0 1 1 1 0 0
 1 0 0 0 1 1 1 1 1 1 0 1 0 1 0 1 0 0 1 1 0 1 0 1 0 0]
At 19001/30000: COST 0.000/3.644(0.001) -- Acc 1.000/0.540(1.000)
[0 0 0 1 0 0 0 0 0 1 0 1 0 1 0 1 0 1 0 0 1 1 1 1 1 0 0 1 0 1 0 0 0 1 0 0 1
 1 1 1 1 1 0 1 0 0 1 1 1 0 1 0 0 0 1 0 0 1 0 1 0 1 1 0 0 1 1 0 0 0 1 1 0 1
 1 1 1 0 1 1 0 1 1 0 1 1 0 1 1 0 1 0 1 1 1 1 0 0 0 0]
At 19101/30000: COST 0.000/3.802(0.001) -- Acc 1.000/0.520(1.000)
[1 0 0 0 0 0 0 1 0 1 0 1 0 1 0 1 1 1 0 1 0 1 0 1 0 1 0 1 1 0 0 0 0 1 0 1 1
 1 1 1 1 0 1 1 0 1 1 0 1 0 1 1 1 1 1 1 1 0 1 1 1 1 0 0 0 0 1 0 1 0 1 1 1 0
 0 1 1 1 0 0 0 0 1 0 1 0 0 1 1 1 0 1 1 1 1 0 0 0 0 0]
At 19201/30000: COST 0.000/3.887(0.001) -- Acc 1.000/0.510(1.000)
[0 0 1 1 0 1 1 1 0 1 0 0 0 1 0 0 1 0 0 1 1 0 1 0 0 1 1 1 1 0 0 1 1 1 0 1 0
 0 0 0 0 1 0 0 1 1 1 1 1 0 0 1 0 1 0 0 0 0 1 0 1 0 0 1 1 1 0 1 1 1 1 1 1 1
 0 1 1 1 1 0 1 1 1 1 0 0 0 0 1 0 0 0 1 0 0 0 1 0 1 0]
At 19301/30000: COST 0.000/4.094(0.001) -- Acc 1.000/0.500(1.000)
[1 0 0 0 0 0 1 0 1 1 0 1 0 0 0 0 0 1 0 1 0 1 0 1 0 1 1 1 1 0 0 1 1 1 1 0 0
 1 1 0 1 0 1 1 0 0 0 0 1 0 0 1 0 0 0 0 1 1 1 1 0 1 1 1 0 0 1 1 0 0 1 0 0 0
 0 0 1 1 0 0 0 1 1 1 1 1 0 0 0 0 1 0 0 1 1 0 1 1 1 0]
At 19401/30000: COST 0.000/4.012(0.001) -- Acc 1.000/0.540(1.000)
[0 0 1 0 1 1 1 0 0 1 1 0 0 0 1 1 1 0 1 1 0 1 1 1 0 0 0 1 1 1 0 1 1 1 0 0 1
 0 1 1 0 0 1 0 0 1 1 1 1 1 0 0 1 0 0 0 0 1 0 0 0 0 1 0 1 0 0 1 0 0 1 1 0 0
 0 0 1 1 0 0 0 0 1 0 0 1 0 1 1 1 0 0 0 0 1 0 0 1 0 0]
At 19501/30000: COST 0.023/2.979(0.026) -- Acc 0.990/0.520(0.993)
[1 0 1 0 0 0 0 1 0 0 0 1 1 0 0 0 1 0 0 0 1 0 1 1 1 1 0 0 1 0 1 1 1 1 0 1 1
 0 1 0 1 0 0 1 0 1 1 0 0 1 1 1 1 1 0 1 1 0 0 0 1 0 0 1 1 1 1 0 0 0 0 1 0 0
 0 1 0 1 1 1 0 0 1 0 0 1 0 0 1 1 1 1 1 1 0 0 0 1 0 1]
At 19601/30000: COST 0.020/3.431(0.022) -- Acc 0.990/0.530(0.994)
[0 1 0 0 1 1 0 0 0 1 0 1 1 1 0 0 0 0 1 0 0 1 1 0 1 0 0 0 0 0 0 0 0 1 0 0 1
 1 0 1 1 1 0 0 0 0 1 0 0 1 0 0 1 1 1 0 1 1 1 0 1 1 0 0 0 1 0 0 0 0 1 1 1 1
 1 1 0 1 1 1 1 1 1 0 1 0 1 0 1 0 0 0 0 1 0 1 1 0 1 1]
At 19701/30000: COST 0.015/3.676(0.015) -- Acc 1.000/0.430(0.996)
[1 0 1 1 1 0 0 0 0 1 0 0 0 0 1 0 1 0 0 1 0 1 0 1 1 1 0 1 1 0 1 0 1 0 0 1 1
 0 1 0 0 1 0 0 0 1 0 1 0 0 0 0 0 0 1 1 0 1 0 0 1 1 0 1 0 1 0 0 0 1 0 0 0 0
 1 1 1 1 1 0 1 1 0 0 0 0 1 1 1 1 0 0 0 0 0 1 1 0 0 1]
At 19801/30000: COST 0.038/2.929(0.011) -- Acc 0.990/0.530(0.997)
[1 1 1 1 0 1 1 1 1 1 1 0 1 1 1 0 0 0 0 1 0 0 0 0 1 1 0 1 1 1 0 0 0 0 0 1 1
 0 1 0 0 0 1 0 1 1 0 1 0 1 1 1 0 1 0 0 1 0 0 1 0 0 1 1 0 0 1 1 1 0 0 0 0 0
 0 0 0 0 1 0 0 1 1 1 0 0 1 1 0 1 1 1 0 0 1 0 0 1 0 1]
At 19901/30000: COST 0.016/3.351(0.012) -- Acc 0.990/0.540(0.996)
[1 0 1 1 0 0 0 0 1 0 0 0 0 1 1 1 1 1 0 0 0 1 0 1 0 0 1 0 0 1 0 1 0 1 0 1 1
 0 1 0 0 0 1 0 0 0 0 1 1 0 0 0 1 1 0 1 1 1 0 1 0 0 0 1 1 0 0 0 1 1 1 0 0 1
 0 1 1 1 0 0 0 1 0 0 1 1 1 0 1 0 0 0 0 1 1 1 1 1 0 0]
At 20001/30000: COST 0.000/3.548(0.008) -- Acc 1.000/0.550(0.998)
[1 0 0 1 0 0 0 0 1 0 1 0 1 1 1 1 0 1 0 0 0 1 0 0 1 1 1 1 0 1 0 1 0 1 1 1 1
 1 0 0 0 1 0 1 0 0 0 1 0 0 0 1 0 0 0 0 1 0 1 0 1 1 0 0 0 0 0 0 1 0 1 1 1 0
 0 1 1 1 1 1 0 1 1 1 0 0 0 1 0 1 0 1 1 0 0 0 0 1 0 0]
At 20101/30000: COST 0.003/3.415(0.008) -- Acc 1.000/0.490(0.998)
[0 1 0 0 1 0 1 0 0 0 1 0 1 1 0 0 0 0 1 0 1 1 1 1 0 0 0 1 1 0 0 0 0 0 0 1 1
 1 1 1 1 0 0 1 1 1 0 1 0 0 0 0 1 0 1 0 0 0 0 1 0 1 1 1 0 1 0 0 1 1 0 0 0 1
 0 0 1 1 1 1 0 0 1 0 1 0 1 1 0 1 1 0 1 1 1 1 0 0 1 1]
At 20201/30000: COST 0.000/3.381(0.005) -- Acc 1.000/0.500(0.999)
[1 0 0 1 1 0 1 0 1 0 0 0 0 0 1 0 0 1 0 0 1 0 0 1 0 0 1 1 0 0 0 0 0 0 1 0 0
 0 1 1 1 1 1 0 0 1 0 0 0 1 0 1 1 1 0 1 0 1 1 0 1 0 0 1 0 1 1 1 1 0 1 1 0 1
 1 0 0 1 1 1 1 0 1 0 1 1 1 0 1 0 1 1 1 0 1 0 0 1 1 1]
At 20301/30000: COST 0.009/3.188(0.029) -- Acc 1.000/0.520(0.993)
[0 0 0 0 1 0 1 1 0 0 1 0 0 1 0 1 0 0 0 1 0 0 1 0 1 0 1 0 1 0 1 0 1 0 1 0 0
 0 1 1 1 1 0 0 0 1 0 0 0 0 1 1 0 0 1 1 0 1 0 0 0 1 0 1 1 1 1 0 1 1 0 1 0 0
 0 1 0 1 1 0 0 0 1 0 1 1 0 0 0 1 1 0 0 1 1 0 1 0 1 1]
At 20401/30000: COST 0.044/3.327(0.023) -- Acc 0.990/0.500(0.993)
[0 0 1 1 0 0 1 1 1 1 1 1 0 1 1 1 0 0 0 0 0 1 0 0 1 0 1 0 1 0 1 0 1 0 1 1 1
 0 0 1 0 1 0 1 0 0 1 1 1 1 0 1 0 0 1 1 0 1 0 0 0 0 1 0 0 0 1 0 0 0 0 1 1 0
 1 0 1 0 0 0 1 0 1 1 0 1 0 1 0 1 0 1 1 0 0 0 1 0 0 0]
At 20501/30000: COST 0.002/3.143(0.017) -- Acc 1.000/0.550(0.995)
[0 0 0 1 1 1 1 0 1 0 1 1 0 1 0 1 1 0 1 0 1 1 1 1 1 1 0 0 1 1 0 0 0 1 0 0 1
 1 0 0 0 0 0 0 0 1 0 0 1 1 0 1 1 0 1 0 0 0 0 0 1 0 1 0 1 0 0 0 0 0 1 0 0 0
 1 1 0 0 1 1 1 1 1 0 1 1 1 0 1 1 0 1 1 0 0 1 0 1 0 1]
At 20601/30000: COST 0.005/2.732(0.019) -- Acc 1.000/0.560(0.994)
[0 0 0 1 0 1 1 1 1 1 1 1 1 0 1 0 1 1 0 0 0 0 0 0 1 1 0 1 1 0 0 1 0 0 1 1 0
 1 0 0 1 0 0 1 0 1 1 1 0 0 0 0 0 1 1 0 0 1 0 0 1 0 1 0 1 1 0 0 1 1 0 0 0 0
 1 0 0 0 1 1 0 1 0 1 1 1 1 0 0 0 0 1 0 0 1 1 1 1 1 1]
At 20701/30000: COST 0.001/3.045(0.015) -- Acc 1.000/0.540(0.996)
[1 1 1 0 0 1 0 0 1 0 1 1 1 0 0 1 0 0 1 1 0 0 1 1 0 1 0 1 1 0 0 1 0 1 0 0 1
 1 1 1 1 0 0 1 1 0 0 1 0 1 0 0 0 0 1 0 1 0 0 0 1 1 0 0 0 0 0 1 1 0 1 1 0 1
 1 1 1 0 0 1 1 0 0 0 0 1 1 0 0 1 0 0 1 0 1 0 1 0 1 0]
At 20801/30000: COST 0.004/3.748(0.008) -- Acc 1.000/0.510(0.998)
[1 1 1 0 1 0 0 1 1 0 0 0 1 0 0 0 1 0 0 0 1 1 0 1 1 0 0 1 1 1 1 1 1 1 1 1 1
 0 0 0 1 1 1 0 1 0 1 0 0 0 0 1 1 1 0 1 0 1 1 1 1 1 0 1 1 0 1 0 1 1 0 0 0 0
 0 0 0 0 0 0 0 0 0 0 0 1 0 1 1 1 1 1 1 1 1 0 0 0 1 0]
At 20901/30000: COST 0.000/3.585(0.004) -- Acc 1.000/0.540(0.999)
[0 0 1 0 0 1 1 1 1 0 0 1 0 1 0 1 1 1 1 1 0 0 0 1 0 0 1 0 0 0 0 1 1 0 1 0 1
 0 0 0 0 0 0 0 0 0 0 1 0 0 1 0 1 1 1 1 1 0 1 0 0 1 1 1 0 0 1 1 1 0 1 1 1 0
 1 1 0 1 0 1 0 1 0 0 0 1 1 0 0 1 1 1 0 0 1 1 1 0 0 0]
At 21001/30000: COST 0.002/3.756(0.003) -- Acc 1.000/0.530(0.999)
[0 1 1 0 0 0 1 1 0 1 1 1 1 1 1 1 1 0 0 1 0 0 1 0 1 1 1 0 0 1 0 1 1 0 1 0 0
 1 1 1 0 0 1 1 0 0 1 1 0 0 0 0 0 1 0 0 0 0 1 0 0 0 0 0 1 0 1 1 0 1 1 0 0 0
 0 0 1 0 0 0 0 1 0 1 1 1 1 1 0 0 0 0 0 0 1 0 0 1 1 1]
At 21101/30000: COST 0.002/3.576(0.006) -- Acc 1.000/0.550(0.999)
[1 1 0 0 0 1 0 0 1 0 0 0 0 0 0 0 0 0 1 1 0 0 1 1 1 0 0 1 1 1 0 0 0 0 1 0 0
 0 1 1 0 0 1 0 0 0 1 0 0 0 1 1 0 0 0 1 1 1 1 1 0 0 1 0 1 0 1 1 0 1 1 1 0 1
 0 0 0 1 0 1 0 1 1 0 0 1 0 1 1 0 0 0 1 1 1 0 0 1 1 1]
At 21201/30000: COST 0.001/3.490(0.005) -- Acc 1.000/0.540(0.999)
[1 1 1 0 0 1 0 1 1 0 0 1 1 1 1 0 1 0 0 1 1 1 1 1 0 1 0 1 1 0 1 0 0 0 1 0 0
 0 0 0 1 1 0 0 1 1 0 0 1 0 0 0 1 0 1 1 0 1 0 1 1 1 1 1 1 1 0 0 1 0 1 1 0 0
 1 0 0 1 0 0 0 0 0 1 1 1 0 1 0 1 1 1 0 0 0 0 0 1 0 0]
At 21301/30000: COST 0.001/3.544(0.003) -- Acc 1.000/0.590(0.999)
[0 0 1 0 1 1 1 0 0 0 1 1 1 1 1 1 1 0 0 0 0 1 0 1 0 0 0 1 0 0 1 0 1 0 0 1 0
 1 1 1 1 1 1 0 1 0 0 1 0 1 1 0 1 1 1 0 0 1 0 0 1 1 0 0 1 0 0 0 1 1 1 1 0 0
 1 1 0 0 1 1 1 0 1 0 0 0 1 1 1 0 0 1 0 0 1 0 1 1 0 1]
At 21401/30000: COST 0.000/3.575(0.002) -- Acc 1.000/0.590(1.000)
[1 1 1 0 1 0 0 0 1 1 0 1 0 0 0 0 1 1 0 1 0 1 0 1 1 0 1 0 0 1 0 0 1 1 0 0 1
 1 0 1 1 0 0 1 1 0 1 1 1 1 0 1 0 0 0 1 1 0 0 1 1 0 0 0 1 1 1 1 0 0 1 0 0 1
 1 0 1 0 0 1 1 0 0 0 0 1 1 1 0 0 0 1 0 1 0 0 0 1 1 1]
At 21501/30000: COST 0.000/3.673(0.002) -- Acc 1.000/0.550(1.000)
[1 0 0 0 0 1 0 1 1 1 0 0 0 0 0 0 1 0 0 1 0 0 1 1 1 0 1 0 1 0 0 0 0 0 1 1 0
 1 1 0 1 0 0 0 0 0 1 1 1 1 1 1 0 0 1 1 1 0 1 0 0 1 1 0 1 1 0 0 0 0 1 1 0 0
 1 1 0 1 1 1 1 0 1 1 1 1 1 1 0 0 1 1 1 0 0 1 0 1 1 1]
At 21601/30000: COST 0.000/3.957(0.001) -- Acc 1.000/0.550(1.000)
[1 1 0 0 1 0 0 1 0 0 1 1 0 1 1 0 0 1 1 0 0 1 1 0 0 1 0 1 1 0 1 0 0 0 1 0 0
 0 1 1 1 1 1 0 1 1 1 1 1 0 0 1 0 1 1 1 1 0 1 0 1 0 1 1 0 1 0 1 1 0 0 1 1 0
 0 1 0 0 0 0 0 1 1 0 0 1 1 1 0 1 0 1 0 0 1 0 0 1 1 0]
At 21701/30000: COST 0.011/3.619(0.001) -- Acc 0.990/0.570(1.000)
[1 1 0 1 0 1 0 0 1 0 1 0 0 1 1 1 0 0 0 1 0 1 1 1 0 0 0 0 1 1 0 0 1 0 0 1 1
 0 1 1 0 1 1 0 0 1 0 0 1 1 0 0 1 0 1 0 0 1 0 1 1 0 1 0 1 0 0 1 1 1 1 0 0 0
 0 1 0 0 0 0 1 0 1 0 1 1 0 0 1 1 1 0 1 1 1 1 0 0 1 0]
At 21801/30000: COST 0.000/3.862(0.001) -- Acc 1.000/0.560(1.000)
[0 1 0 0 1 0 1 0 0 0 0 0 0 1 0 0 0 1 0 1 0 0 1 0 1 1 0 1 0 0 0 1 1 0 1 0 0
 0 0 1 1 0 1 0 0 1 0 0 1 1 0 0 0 0 0 1 0 0 1 1 1 1 1 0 1 0 0 0 0 1 0 0 0 1
 1 1 1 1 1 1 1 0 1 0 1 1 0 1 1 0 1 1 1 0 1 0 0 0 1 1]
At 21901/30000: COST 0.002/3.335(0.016) -- Acc 1.000/0.550(0.996)
[1 0 1 1 0 0 1 0 0 1 0 1 1 0 0 0 1 0 1 1 1 1 0 1 1 1 1 1 1 0 1 1 1 1 1 0 1
 0 0 1 0 0 0 0 1 1 1 0 0 1 0 1 0 1 0 0 1 0 0 0 1 0 0 0 0 0 1 0 0 0 0 1 0 1
 0 0 1 1 0 0 1 1 0 1 0 0 0 1 1 0 0 1 0 1 0 0 1 0 1 1]
At 22001/30000: COST 0.015/3.198(0.026) -- Acc 0.990/0.550(0.992)
[0 0 0 0 0 1 1 0 1 0 0 0 1 0 0 0 1 1 0 1 1 1 1 0 1 1 0 1 1 1 0 0 1 1 1 0 0
 0 0 0 1 0 1 0 1 1 1 0 0 0 1 0 1 1 0 1 1 0 0 0 1 1 1 1 1 0 1 1 0 0 0 0 1 1
 1 1 1 0 0 0 0 0 0 1 1 0 0 0 0 0 1 1 0 0 0 0 0 0 1 1]
At 22101/30000: COST 0.001/3.409(0.013) -- Acc 1.000/0.550(0.996)
[1 1 1 0 1 0 1 1 1 1 0 1 1 1 1 0 0 0 0 0 1 0 0 1 0 0 0 0 1 1 1 0 0 1 0 0 0
 1 1 1 1 1 0 1 0 0 0 1 1 1 1 0 1 0 0 0 0 0 1 0 1 0 0 1 0 1 0 1 0 0 1 0 0 0
 1 0 0 0 0 0 1 0 1 1 0 0 0 1 1 0 0 0 1 0 1 1 1 0 1 0]
At 22201/30000: COST 0.001/3.395(0.007) -- Acc 1.000/0.530(0.998)
[1 0 0 1 1 1 1 0 0 0 1 1 1 1 1 0 1 0 1 0 0 0 0 1 1 0 1 1 1 1 0 1 1 1 0 0 1
 1 0 0 1 1 0 0 0 0 0 1 0 0 0 0 1 0 1 1 1 1 0 1 0 0 0 1 0 1 0 1 0 0 1 0 1 1
 1 1 0 1 1 1 1 0 1 0 0 0 1 0 1 0 0 1 0 0 1 0 1 1 0 0]
At 22301/30000: COST 0.000/3.412(0.003) -- Acc 1.000/0.560(0.999)
[0 1 1 1 0 1 1 0 0 0 1 1 0 0 1 0 0 1 1 1 0 1 0 1 1 1 1 1 0 0 1 1 1 1 0 0 0
 0 0 1 1 1 1 0 0 0 1 0 0 1 1 0 0 1 1 1 1 0 0 1 0 0 0 1 0 0 1 0 0 1 0 0 0 1
 1 0 0 1 1 0 0 0 1 0 0 0 1 1 0 1 1 0 1 1 0 1 1 1 1 0]
At 22401/30000: COST 0.001/3.529(0.002) -- Acc 1.000/0.560(1.000)
[0 1 0 0 1 0 0 0 1 0 1 1 0 1 1 1 0 1 0 1 0 1 1 0 1 1 0 0 0 1 0 0 0 0 1 1 1
 0 0 1 0 0 0 1 1 0 0 1 1 1 1 0 1 1 0 1 1 0 0 1 1 0 1 0 1 0 0 0 1 0 0 1 0 0
 0 0 1 0 1 1 0 1 0 1 1 1 0 0 0 1 1 0 0 0 0 1 1 1 1 0]
At 22501/30000: COST 0.000/3.573(0.001) -- Acc 1.000/0.590(1.000)
[1 0 0 1 1 1 1 1 1 0 1 0 1 0 1 0 1 1 0 0 1 1 0 0 1 1 0 0 0 0 0 1 0 1 1 0 0
 0 1 1 1 0 1 1 0 0 0 0 1 0 1 1 0 0 1 0 0 1 1 1 1 1 0 1 0 0 1 0 1 0 0 0 0 1
 1 1 1 0 0 0 1 1 0 0 0 1 0 1 0 0 0 0 1 0 0 1 1 0 1 0]
At 22601/30000: COST 0.001/3.946(0.002) -- Acc 1.000/0.510(0.999)
[0 1 1 0 0 1 0 0 1 1 0 0 1 1 1 0 1 1 1 1 1 0 0 1 1 1 0 1 1 0 1 0 0 1 0 0 0
 0 1 0 1 0 0 0 1 0 1 1 1 0 1 0 0 1 0 1 1 1 1 0 1 0 0 0 1 1 0 0 1 0 0 1 1 1
 0 0 0 1 0 1 0 1 1 0 1 0 0 1 0 1 1 0 1 0 0 1 1 1 1 0]
At 22701/30000: COST 0.004/3.405(0.015) -- Acc 1.000/0.550(0.996)
[0 0 1 1 1 0 1 0 0 0 1 1 1 1 1 0 0 1 0 1 1 1 0 1 0 0 1 1 1 1 0 0 1 0 0 0 1
 0 1 0 1 1 0 1 1 1 0 0 1 1 1 0 0 0 1 0 1 0 1 1 1 1 1 0 1 0 0 1 0 0 0 0 1 0
 0 0 1 1 1 0 1 0 0 0 1 1 1 1 0 1 0 0 0 0 1 1 1 0 0 1]
At 22801/30000: COST 0.037/3.158(0.013) -- Acc 0.990/0.530(0.996)
[1 1 1 1 1 0 0 1 0 0 0 1 0 0 1 0 0 1 0 1 1 0 0 0 1 1 0 1 0 0 0 0 0 1 0 1 0
 0 1 1 1 1 1 1 1 1 1 1 0 1 0 1 0 1 0 1 1 1 0 1 1 0 0 0 1 1 0 0 0 0 0 1 0 1
 0 0 0 0 0 1 1 0 0 1 0 0 1 0 0 0 0 1 0 0 1 0 0 0 0 1]
At 22901/30000: COST 0.001/3.359(0.014) -- Acc 1.000/0.520(0.996)
[1 0 0 0 1 0 1 1 0 0 1 0 1 1 1 0 1 1 0 0 1 0 1 1 0 1 0 0 1 0 0 0 0 1 1 1 0
 0 0 1 0 1 1 1 1 1 1 1 0 0 0 1 0 0 0 0 1 0 0 0 0 1 0 1 0 1 0 0 0 1 0 0 0 1
 1 1 0 1 0 1 0 1 1 0 1 0 1 1 0 0 0 0 0 1 1 0 0 0 0 0]
At 23001/30000: COST 0.021/3.355(0.014) -- Acc 0.990/0.550(0.996)
[0 1 1 1 0 0 1 0 0 1 0 0 0 0 0 1 1 1 1 0 0 0 0 0 0 1 0 1 1 1 0 0 1 1 1 1 0
 0 0 0 0 1 1 1 0 0 1 1 0 0 0 0 1 1 1 1 1 1 1 1 0 0 1 1 0 1 1 1 0 0 0 0 1 1
 0 1 1 1 0 1 1 1 1 0 0 0 1 1 0 0 0 0 1 0 1 0 1 0 0 0]
At 23101/30000: COST 0.001/3.230(0.011) -- Acc 1.000/0.560(0.997)
[0 1 0 1 1 1 0 0 0 0 0 1 0 1 0 0 1 0 1 0 0 1 0 1 1 0 0 1 1 1 1 0 0 0 0 0 0
 0 1 0 0 0 1 1 1 1 0 1 1 1 0 0 1 0 1 1 1 0 0 1 1 1 0 0 1 0 1 0 0 1 1 1 0 1
 1 0 0 0 0 1 0 0 0 0 1 1 1 1 1 0 0 0 0 0 0 0 0 0 0 1]
At 23201/30000: COST 0.002/3.098(0.006) -- Acc 1.000/0.550(0.998)
[0 1 0 0 1 0 0 1 1 1 1 0 1 0 1 0 1 0 0 0 1 0 1 1 0 1 1 0 0 1 1 1 0 0 1 0 1
 1 0 1 1 1 0 0 0 0 0 1 1 0 1 1 0 1 0 0 1 1 1 1 0 1 1 1 0 1 0 1 0 1 0 0 1 1
 1 1 1 0 0 1 1 0 0 1 0 1 1 0 0 0 0 0 0 1 0 0 0 1 0 0]
At 23301/30000: COST 0.001/3.414(0.004) -- Acc 1.000/0.550(0.999)
[1 1 1 0 0 0 1 0 0 0 1 1 1 0 0 1 1 1 1 0 1 0 0 1 1 0 0 1 0 1 1 0 0 0 1 1 1
 0 0 1 1 1 0 1 1 1 1 0 0 1 1 0 1 0 1 0 0 0 0 0 0 0 0 0 0 0 1 1 0 1 0 0 0 1
 0 1 1 0 1 1 0 1 0 0 1 1 1 0 0 1 0 0 1 1 1 0 1 1 1 1]
At 23401/30000: COST 0.001/3.298(0.004) -- Acc 1.000/0.580(0.999)
[1 1 0 0 0 0 0 1 0 0 1 0 1 0 0 0 1 1 1 0 0 0 1 0 1 0 0 1 1 1 0 1 1 1 1 1 1
 1 0 1 1 0 1 0 0 1 1 0 1 0 1 1 1 1 0 1 1 0 0 1 1 1 0 0 0 1 0 1 0 1 0 0 0 1
 1 0 0 1 1 0 1 0 0 0 0 0 1 0 0 0 0 0 0 0 0 0 1 1 0 0]
At 23501/30000: COST 0.053/3.218(0.015) -- Acc 0.990/0.510(0.996)
[0 0 1 0 1 1 1 0 0 1 1 0 0 0 1 0 1 1 0 1 1 0 1 1 1 1 0 0 1 0 0 0 1 0 1 0 0
 0 0 0 1 0 1 0 1 0 0 0 0 1 1 1 0 0 1 1 1 0 1 1 0 1 0 0 1 1 0 0 0 0 0 0 1 1
 0 1 1 0 1 1 0 1 1 0 1 1 0 0 0 0 0 0 1 1 1 1 1 1 1 0]
At 23601/30000: COST 0.008/3.289(0.011) -- Acc 1.000/0.580(0.996)
[1 0 1 0 0 0 0 1 0 1 0 0 1 1 0 0 0 0 0 1 0 1 1 0 1 0 1 0 1 1 1 0 1 0 1 0 1
 0 0 0 1 1 1 1 0 1 0 0 0 1 0 0 1 1 0 1 0 1 1 1 0 0 0 0 1 0 0 0 0 0 1 0 0 1
 0 0 0 1 1 0 1 1 1 0 0 1 1 1 1 1 1 0 1 0 0 1 1 1 0 0]
At 23701/30000: COST 0.000/3.606(0.005) -- Acc 1.000/0.520(0.998)
[1 1 0 0 0 1 0 1 1 1 0 1 1 1 1 1 1 1 0 0 0 0 1 1 1 0 1 0 0 0 0 0 0 1 0 0 1
 1 0 0 1 1 0 1 0 1 0 0 0 0 0 1 0 0 1 0 1 1 0 0 0 0 0 1 1 1 1 0 0 1 1 1 1 0
 0 0 0 1 1 0 0 1 0 0 0 1 0 0 1 0 1 1 0 0 1 0 0 1 0 1]
At 23801/30000: COST 0.001/3.751(0.003) -- Acc 1.000/0.530(0.999)
[0 0 0 1 0 0 1 1 1 0 0 0 1 0 1 0 1 0 0 1 1 1 0 1 1 0 0 0 0 0 0 1 1 1 0 0 1
 1 0 0 1 0 1 0 0 1 0 0 1 1 0 0 0 0 1 1 1 0 1 0 0 1 0 1 1 1 0 1 1 1 0 1 1 0
 1 0 0 0 1 0 1 0 0 1 0 0 1 0 1 0 0 1 1 1 0 1 1 0 1 0]
At 23901/30000: COST 0.000/3.937(0.002) -- Acc 1.000/0.560(1.000)
[0 1 0 0 1 0 1 0 1 0 0 0 1 0 1 0 1 1 0 1 0 1 1 1 0 0 0 0 1 1 0 1 1 0 0 1 0
 1 1 0 1 1 0 1 0 1 0 0 1 0 1 1 0 1 1 0 1 1 1 0 0 0 1 0 1 1 0 1 1 0 1 0 0 0
 0 0 1 0 1 1 1 1 0 0 1 0 1 1 1 0 0 1 0 1 0 0 1 1 0 0]
At 24001/30000: COST 0.005/3.980(0.001) -- Acc 1.000/0.570(1.000)
[0 0 1 1 1 1 0 0 0 1 0 1 1 0 1 0 0 1 0 1 0 0 0 0 1 0 0 1 1 0 0 1 1 0 0 1 1
 0 1 0 0 0 1 1 1 0 1 0 0 1 1 0 0 0 0 1 0 0 1 1 1 1 1 1 1 0 1 1 0 0 1 1 1 0
 0 1 0 0 0 0 1 0 1 1 0 0 0 0 1 0 1 1 0 1 1 1 0 0 0 1]
At 24101/30000: COST 0.001/3.846(0.002) -- Acc 1.000/0.570(1.000)
[0 0 1 0 0 1 0 0 0 1 0 1 0 0 0 0 0 1 1 0 0 0 0 1 0 1 0 1 0 1 1 0 1 0 1 1 0
 1 0 1 1 1 0 0 1 0 1 1 0 0 1 0 0 0 0 1 0 1 0 0 0 0 1 1 1 1 1 1 1 0 1 1 1 1
 0 0 1 1 1 0 0 1 0 0 0 0 0 1 0 1 0 0 0 0 0 0 0 1 1 1]
At 24201/30000: COST 0.001/3.501(0.025) -- Acc 1.000/0.510(0.993)
[0 1 1 1 0 1 1 1 0 0 0 0 0 1 0 0 0 1 0 0 0 1 0 0 0 1 1 1 1 1 0 0 1 1 1 1 1
 0 1 0 0 0 1 1 1 1 0 0 0 1 0 0 1 0 0 0 0 1 0 1 1 0 0 1 1 1 0 0 0 1 1 0 1 1
 1 0 0 0 1 1 0 0 1 0 0 1 1 0 1 0 0 1 1 0 1 0 0 1 1 1]
At 24301/30000: COST 0.011/3.406(0.024) -- Acc 1.000/0.480(0.993)
[1 1 0 1 0 0 0 0 1 1 1 1 1 0 1 1 0 0 1 0 0 1 1 0 1 0 1 0 0 0 1 0 1 0 1 1 1
 0 1 0 1 1 0 1 0 0 1 0 0 0 0 0 1 1 1 1 0 1 0 1 0 1 1 1 0 0 1 1 0 1 0 1 1 0
 1 0 1 0 1 1 1 0 0 1 1 1 0 0 1 1 1 0 0 0 0 0 1 0 0 0]
At 24401/30000: COST 0.004/3.258(0.013) -- Acc 1.000/0.520(0.996)
[1 1 1 1 1 1 0 1 1 1 0 1 0 1 1 1 1 0 1 1 0 0 1 0 1 0 0 1 1 1 0 0 1 1 1 1 0
 0 0 1 0 1 0 0 0 0 1 0 0 0 1 1 0 0 1 1 0 0 1 1 1 0 1 1 0 0 0 0 0 0 0 0 1 1
 1 1 1 0 1 0 0 1 1 0 1 0 0 1 1 0 1 1 0 1 0 0 1 1 0 0]
At 24501/30000: COST 0.001/3.487(0.008) -- Acc 1.000/0.540(0.998)
[1 0 0 1 1 0 0 1 1 0 1 0 1 1 1 0 0 1 1 0 0 0 1 1 0 0 1 0 1 1 0 0 0 1 0 0 1
 0 1 1 0 0 1 1 1 1 0 1 1 0 0 0 1 0 0 0 1 0 1 1 0 0 1 1 1 1 1 0 0 1 0 1 0 1
 0 0 1 0 1 0 0 1 1 0 0 1 0 0 1 1 0 1 1 0 0 0 0 1 1 0]
At 24601/30000: COST 0.001/3.553(0.004) -- Acc 1.000/0.520(0.999)
[0 0 0 1 0 1 0 0 0 0 0 1 0 1 1 0 0 1 0 1 0 1 1 0 1 1 1 0 0 1 1 0 0 1 0 0 1
 0 1 0 0 0 0 1 0 0 0 0 1 1 0 0 0 1 0 0 0 0 0 1 0 1 1 0 1 1 1 0 1 0 1 1 1 0
 0 1 1 1 1 0 0 1 0 1 1 1 0 1 0 1 1 1 1 1 1 0 1 0 1 1]
At 24701/30000: COST 0.000/3.708(0.002) -- Acc 1.000/0.520(0.999)
[1 1 0 1 0 1 1 0 1 1 0 0 0 1 1 0 1 0 1 1 1 0 1 0 1 0 1 0 0 1 0 1 1 0 0 0 0
 1 1 1 1 1 0 0 1 1 0 1 1 1 0 1 1 1 1 1 0 0 0 0 1 0 0 1 0 1 1 1 0 0 1 0 1 1
 1 1 1 1 0 0 0 1 0 0 1 0 1 0 0 1 0 0 0 1 0 0 1 0 0 0]
At 24801/30000: COST 0.000/3.675(0.002) -- Acc 1.000/0.550(1.000)
[1 1 0 1 1 1 0 0 0 1 1 0 0 1 1 0 1 0 1 1 1 0 1 0 1 1 0 1 0 1 1 0 0 0 0 0 1
 1 0 1 0 1 1 1 0 0 0 1 0 0 1 0 0 1 1 0 0 1 1 1 1 0 0 1 0 0 1 0 1 0 0 0 1 0
 1 1 0 0 1 0 0 0 0 1 0 0 1 0 1 1 1 0 0 0 1 1 1 0 1 0]
At 24901/30000: COST 0.000/3.905(0.001) -- Acc 1.000/0.540(1.000)
[0 1 0 1 0 0 1 1 1 0 1 0 0 0 1 0 0 1 1 0 0 1 1 0 0 1 0 0 1 0 1 0 1 1 1 0 1
 1 1 0 0 0 0 1 0 0 0 0 0 0 1 0 1 1 0 1 1 1 1 1 1 0 1 0 1 0 1 1 1 1 0 1 1 0
 0 0 1 1 0 1 1 0 0 0 1 0 0 1 0 0 1 1 1 0 1 1 1 1 0 0]
At 25001/30000: COST 0.015/3.351(0.018) -- Acc 0.990/0.500(0.996)
[1 0 0 1 1 1 0 0 0 0 0 1 1 1 1 1 1 1 0 0 0 0 0 0 1 1 0 0 0 0 0 0 0 1 1 0 1
 0 0 1 0 0 1 1 0 0 0 1 0 0 0 1 1 1 1 0 0 1 0 1 0 0 0 1 1 0 1 1 1 1 0 1 0 1
 1 1 1 0 0 1 1 0 1 0 1 1 0 0 0 1 1 0 1 0 1 1 0 1 0 1]
At 25101/30000: COST 0.024/3.448(0.025) -- Acc 0.990/0.480(0.993)
[0 1 1 1 0 0 0 0 1 0 0 1 1 1 1 0 1 1 0 1 0 0 0 1 1 1 1 0 0 1 0 1 1 0 0 1 1
 1 0 0 1 1 0 0 0 0 1 0 0 1 1 0 0 0 1 1 1 0 0 1 0 0 1 1 0 1 0 1 0 0 0 0 1 0
 0 1 0 0 1 0 1 1 0 0 0 0 0 1 1 1 1 1 1 0 1 0 0 0 1 0]
At 25201/30000: COST 0.002/3.225(0.016) -- Acc 1.000/0.500(0.995)
[0 0 1 1 1 0 0 1 0 0 0 0 1 0 1 0 1 0 0 1 1 0 0 0 1 1 0 1 0 0 0 1 0 1 1 0 0
 1 1 1 1 0 0 1 1 1 1 0 0 1 1 1 1 0 1 1 0 0 0 0 0 1 1 1 0 1 1 1 1 0 1 0 0 0
 0 1 0 1 1 1 0 0 1 1 0 0 0 1 1 1 0 0 1 0 0 0 0 0 0 0]
At 25301/30000: COST 0.000/3.340(0.008) -- Acc 1.000/0.480(0.998)
[0 1 1 1 1 0 1 0 0 0 0 0 0 0 0 1 1 1 1 1 0 1 1 0 1 1 0 1 0 1 1 0 0 0 1 0 0
 1 0 0 1 1 0 0 0 0 0 1 1 0 0 0 1 1 0 0 1 0 1 0 1 0 0 0 0 0 1 0 0 1 1 0 0 1
 1 1 0 0 0 1 1 1 1 1 0 1 0 1 1 0 0 0 0 1 1 1 1 1 0 0]
At 25401/30000: COST 0.001/3.387(0.004) -- Acc 1.000/0.540(0.999)
[1 0 0 0 0 0 1 1 1 0 1 0 1 1 1 1 0 0 1 1 1 1 0 1 1 0 0 0 0 1 0 0 1 0 1 1 0
 0 0 1 0 1 0 0 1 1 0 0 0 0 0 1 1 1 1 0 0 0 1 1 1 0 0 1 0 1 1 0 0 1 1 0 0 0
 1 0 0 0 0 0 0 1 1 0 1 1 0 1 1 1 1 0 1 1 0 1 1 0 1 0]
At 25501/30000: COST 0.041/3.225(0.005) -- Acc 0.980/0.540(0.999)
[1 1 1 1 1 1 0 1 0 0 0 1 0 0 0 0 0 1 1 0 0 1 0 0 1 1 1 0 1 0 1 1 1 0 1 1 1
 1 1 1 0 1 0 1 0 1 0 1 1 0 1 0 0 1 0 0 0 0 0 1 1 0 0 1 0 1 0 1 1 0 0 0 1 0
 0 0 0 0 0 1 1 1 0 1 0 0 0 0 1 0 0 1 1 0 1 1 1 1 1 1]
At 25601/30000: COST 0.000/3.555(0.004) -- Acc 1.000/0.500(0.999)
[1 0 1 0 0 0 1 1 1 0 0 0 1 0 0 0 1 1 0 1 1 0 1 0 1 1 1 0 0 1 1 1 0 0 1 1 1
 0 0 0 0 0 1 0 0 1 0 0 0 0 0 1 1 0 0 1 1 0 1 1 0 0 0 0 1 0 1 1 1 0 1 0 0 1
 1 1 1 1 1 1 1 0 1 0 1 1 0 0 0 0 0 0 1 1 1 1 1 0 0 0]
At 25701/30000: COST 0.003/3.500(0.008) -- Acc 1.000/0.480(0.997)
[1 1 0 1 0 0 1 0 1 1 1 1 0 1 1 1 1 1 0 0 0 1 1 1 1 0 1 1 1 0 0 1 0 0 0 0 0
 1 1 1 0 1 0 1 0 0 0 1 0 0 0 1 1 0 1 1 0 0 1 0 0 0 0 0 1 0 1 0 1 0 1 1 1 0
 0 1 1 0 0 0 0 0 0 1 1 1 0 1 0 0 0 0 1 0 1 1 1 1 1 0]
At 25801/30000: COST 0.001/3.673(0.008) -- Acc 1.000/0.510(0.997)
[0 0 0 0 1 0 1 1 1 1 1 0 0 1 1 0 1 1 0 0 0 0 1 1 1 1 0 1 0 1 0 1 1 1 1 1 1
 0 0 1 0 1 1 1 1 0 0 0 0 0 1 1 1 0 0 0 0 1 1 1 0 0 0 0 1 0 0 0 1 1 0 1 1 0
 0 1 0 1 0 1 1 0 1 0 0 0 0 0 0 0 0 1 1 1 1 1 0 1 1 0]
At 25901/30000: COST 0.002/3.862(0.005) -- Acc 1.000/0.550(0.999)
[1 1 0 1 0 1 0 1 1 0 1 0 1 1 0 1 1 1 1 1 0 1 0 0 0 0 0 0 0 0 0 0 0 1 0 0 0
 0 0 0 1 0 1 1 1 0 1 1 0 1 0 0 1 1 1 0 1 0 0 1 1 1 1 0 1 0 1 1 1 1 0 0 1 0
 0 1 0 1 1 1 0 0 1 0 1 1 0 1 1 1 1 1 1 1 1 1 1 0 1 1]
At 26001/30000: COST 0.001/3.927(0.003) -- Acc 1.000/0.530(0.999)
[1 0 0 1 1 1 1 1 1 0 0 1 1 0 0 1 1 1 0 0 1 0 0 0 1 1 1 0 1 0 1 0 0 1 1 1 1
 1 0 1 0 1 1 1 1 0 1 1 0 1 1 0 0 0 0 1 1 1 1 1 0 0 0 1 1 1 1 0 1 1 0 1 1 1
 0 0 0 0 0 0 1 0 0 0 1 0 0 1 0 0 0 0 1 0 1 0 0 0 1 0]
At 26101/30000: COST 0.005/3.749(0.002) -- Acc 1.000/0.510(0.999)
[1 0 1 0 0 1 0 0 1 0 1 0 1 1 0 1 0 1 1 1 1 1 0 1 0 0 0 1 1 1 1 1 1 0 0 0 0
 1 1 1 0 1 0 1 1 1 1 1 0 0 0 1 0 1 0 1 0 1 0 0 0 0 0 1 0 1 0 0 1 1 1 1 1 0
 0 0 1 1 0 1 1 0 1 1 1 0 0 0 0 0 0 0 1 1 1 1 0 0 1 1]
At 26201/30000: COST 0.019/3.979(0.003) -- Acc 0.990/0.540(0.999)
[1 0 0 0 1 1 0 1 1 1 0 0 1 0 0 1 1 1 1 0 1 1 1 0 0 0 1 1 0 1 1 1 1 1 0 0 0
 1 0 1 0 1 1 0 0 1 0 1 1 0 1 1 1 1 0 0 0 0 0 1 1 1 1 1 1 0 0 1 0 1 0 1 0 1
 0 1 0 0 0 1 1 0 0 1 0 0 1 1 0 1 0 0 1 1 1 0 1 1 1 1]
At 26301/30000: COST 0.001/3.656(0.010) -- Acc 1.000/0.510(0.997)
[0 0 1 1 0 0 0 0 0 1 1 1 1 0 0 1 1 1 0 1 1 1 1 0 0 0 0 0 1 1 0 1 0 1 1 1 1
 0 1 0 0 1 0 0 1 0 0 1 0 0 0 1 0 1 1 0 1 1 1 1 0 0 0 1 1 1 1 0 0 1 1 1 0 1
 1 1 1 0 1 0 0 0 1 0 0 1 0 1 0 0 1 1 1 1 0 0 1 1 1 1]
At 26401/30000: COST 0.002/3.747(0.006) -- Acc 1.000/0.550(0.998)
[1 0 0 1 1 0 0 0 1 1 0 0 1 1 1 1 0 1 0 1 1 1 0 0 1 0 1 0 1 0 1 0 0 1 1 1 0
 0 1 1 1 1 1 0 0 0 1 0 0 0 1 0 0 0 0 0 1 0 0 0 0 1 0 0 0 1 1 0 1 1 1 0 0 1
 1 0 0 0 0 1 0 1 0 1 1 0 0 0 0 1 1 1 1 1 1 0 0 0 1 1]
At 26501/30000: COST 0.001/3.679(0.005) -- Acc 1.000/0.510(0.999)
[0 0 1 0 0 0 1 1 1 1 1 1 0 1 1 0 1 0 1 0 1 0 1 1 0 1 0 1 0 0 1 0 1 1 0 0 1
 0 0 1 0 0 1 1 0 0 0 1 0 1 0 0 0 1 0 1 1 0 0 1 1 1 0 1 0 1 1 1 1 1 1 1 0 0
 0 1 0 0 1 1 1 1 0 0 1 0 0 1 0 0 0 1 1 1 1 0 0 0 1 0]
At 26601/30000: COST 0.000/3.924(0.003) -- Acc 1.000/0.500(0.999)
[1 0 0 1 1 0 1 0 0 1 1 1 1 1 0 0 1 1 0 0 0 1 1 0 0 0 0 1 1 1 1 1 0 0 0 1 1
 0 0 1 1 0 0 1 0 0 1 1 0 0 0 1 0 1 1 1 0 1 1 0 1 1 0 0 0 1 0 0 1 1 1 1 0 0
 1 0 0 0 1 0 0 1 0 1 1 1 0 0 0 0 1 1 1 1 0 1 0 0 0 1]
At 26701/30000: COST 0.003/3.974(0.002) -- Acc 1.000/0.530(1.000)
[1 0 1 1 0 0 0 1 1 1 1 0 1 1 0 0 1 0 1 1 1 1 1 1 1 1 1 1 0 1 1 0 0 1 1 0 1
 0 1 0 1 0 0 0 1 1 1 0 0 1 1 0 0 1 0 0 0 1 0 0 1 0 1 1 1 0 1 0 1 1 0 0 0 0
 1 1 1 1 0 0 1 0 1 1 1 0 0 0 1 1 0 0 1 0 1 1 0 0 0 1]
At 26801/30000: COST 0.000/3.772(0.001) -- Acc 1.000/0.540(1.000)
[1 0 0 1 1 0 0 1 1 1 1 0 0 0 0 1 0 1 1 0 0 1 0 1 1 0 0 0 1 0 0 0 0 0 1 0 0
 0 0 0 0 1 0 1 0 1 0 1 1 0 1 1 1 1 1 1 0 0 1 0 0 0 1 1 1 1 1 0 1 0 1 1 0 1
 0 0 1 0 1 1 0 0 1 1 1 1 1 0 0 1 0 0 0 1 0 1 1 0 0 1]
At 26901/30000: COST 0.000/4.334(0.004) -- Acc 1.000/0.460(0.999)
[1 0 0 0 0 0 1 1 1 0 1 0 1 0 0 0 1 1 1 0 0 1 1 0 0 0 0 1 0 0 1 0 0 0 0 0 1
 1 0 1 0 0 1 1 0 1 0 1 0 0 1 1 1 1 1 1 1 0 0 0 0 0 1 0 1 1 1 0 1 1 1 0 1 1
 1 1 1 0 1 0 1 1 1 1 1 0 1 1 1 1 1 1 0 0 0 1 1 0 0 0]
At 27001/30000: COST 0.001/4.146(0.007) -- Acc 1.000/0.500(0.998)
[1 0 1 1 0 1 1 0 1 1 0 1 1 1 0 0 0 0 1 0 0 0 0 0 0 0 0 1 0 1 1 0 0 0 0 0 0
 1 1 1 1 0 1 1 1 1 1 0 0 1 0 1 0 1 0 0 0 1 0 0 1 1 0 0 1 1 1 1 0 0 1 0 0 1
 0 1 1 1 1 1 0 0 0 0 1 1 1 0 0 0 0 1 0 1 0 1 0 1 0 0]
At 27101/30000: COST 0.007/3.869(0.013) -- Acc 1.000/0.460(0.996)
[0 1 0 1 0 0 0 1 0 0 1 1 0 0 0 1 0 0 1 1 1 0 0 0 0 1 0 0 0 1 1 1 0 0 0 0 1
 0 1 1 1 1 1 0 1 1 1 0 1 0 0 0 0 1 0 0 1 1 0 0 1 1 1 0 0 1 1 0 0 0 0 1 1 0
 1 0 0 1 1 1 1 0 0 1 1 0 0 0 1 1 1 0 1 0 0 0 0 1 1 1]
At 27201/30000: COST 0.009/3.447(0.026) -- Acc 1.000/0.520(0.993)
[1 0 1 0 0 0 1 1 1 0 0 1 1 0 1 0 1 0 1 0 1 1 1 1 1 1 1 0 1 0 0 0 0 1 1 1 1
 0 0 0 1 1 0 1 1 0 1 1 1 0 1 1 1 1 1 1 0 1 1 1 0 1 0 0 0 1 0 1 0 1 0 1 1 1
 0 1 1 1 0 1 1 1 1 0 0 0 0 1 1 1 0 0 1 0 1 1 1 0 0 0]
At 27301/30000: COST 0.000/3.701(0.016) -- Acc 1.000/0.540(0.995)
[1 0 0 0 1 1 0 0 1 1 1 0 0 1 0 1 0 1 1 1 0 1 0 0 0 1 1 1 0 1 0 0 1 1 1 0 1
 1 1 1 1 0 1 1 1 0 1 0 1 1 0 0 0 1 0 1 1 1 0 0 0 1 1 1 0 0 1 0 0 1 0 0 0 0
 1 0 0 0 1 1 1 1 1 0 1 0 0 1 1 0 0 0 0 0 1 0 1 1 1 1]
At 27401/30000: COST 0.002/3.896(0.010) -- Acc 1.000/0.480(0.997)
[1 1 0 0 1 0 1 1 0 0 0 0 1 1 0 1 1 1 1 0 1 0 0 0 0 1 1 1 1 1 0 1 0 1 1 0 1
 0 0 0 0 1 0 1 0 1 1 1 1 1 0 1 0 1 0 0 1 1 0 0 0 1 0 1 1 0 0 1 0 1 0 0 1 0
 0 0 1 0 1 1 0 0 1 0 1 1 0 0 0 1 0 1 0 0 1 1 1 1 1 1]
At 27501/30000: COST 0.000/4.170(0.007) -- Acc 1.000/0.430(0.998)
[0 1 1 1 0 0 1 0 1 1 1 0 0 1 1 1 1 1 0 0 0 0 1 1 0 1 1 0 0 0 0 1 1 0 0 1 1
 1 0 0 0 0 1 1 1 0 1 1 0 0 0 0 0 1 1 0 0 1 1 1 0 0 1 0 0 1 1 1 1 0 0 1 1 0
 1 0 0 0 1 1 1 0 0 1 0 1 0 0 1 0 1 0 1 0 0 0 1 0 1 1]
At 27601/30000: COST 0.001/4.460(0.005) -- Acc 1.000/0.450(0.999)
[1 1 0 1 0 1 1 1 1 0 0 1 1 0 0 1 0 0 0 1 0 0 0 0 0 0 0 1 0 1 0 0 1 0 1 0 1
 1 1 1 1 1 1 0 1 1 0 1 0 0 1 1 0 1 1 0 0 0 1 0 1 0 1 0 0 0 0 1 0 1 0 0 0 1
 0 0 1 0 0 1 1 1 1 1 1 1 1 0 1 1 0 0 0 1 1 0 1 1 1 0]
At 27701/30000: COST 0.001/4.258(0.007) -- Acc 1.000/0.480(0.999)
[1 1 1 0 0 1 1 0 1 1 0 1 1 0 0 1 1 0 1 1 1 0 1 1 0 1 0 1 1 0 0 1 1 1 1 1 0
 1 0 0 0 1 1 0 0 0 1 1 0 1 0 1 0 1 1 0 0 1 0 0 0 0 1 0 0 0 1 1 1 0 1 1 0 1
 1 1 0 0 0 0 0 0 1 0 0 1 0 0 1 0 0 1 0 1 1 1 0 0 1 1]
At 27801/30000: COST 0.009/3.712(0.020) -- Acc 1.000/0.530(0.995)
[0 0 0 1 1 0 1 0 1 0 0 1 0 0 1 0 0 0 1 0 0 0 1 1 0 0 1 0 1 1 1 0 1 1 1 0 0
 0 1 0 1 1 1 0 1 0 0 1 0 1 0 1 0 0 1 0 1 1 0 1 1 1 0 1 1 0 1 1 1 1 0 1 1 0
 1 0 1 1 1 1 0 1 0 1 0 1 1 0 1 1 0 0 0 1 0 0 1 1 0 0]
At 27901/30000: COST 0.005/4.081(0.009) -- Acc 1.000/0.510(0.998)
[0 1 1 0 1 1 0 1 0 1 1 1 1 1 1 0 0 1 1 0 1 0 0 1 1 1 1 1 1 0 0 0 0 0 0 0 1
 0 0 1 1 0 1 1 1 1 1 0 1 1 1 0 0 0 0 0 0 1 0 0 0 1 0 1 1 0 1 1 0 1 0 0 0 0
 1 1 1 0 0 1 0 0 0 1 1 0 0 0 0 0 1 0 0 1 1 1 1 0 1 1]
At 28001/30000: COST 0.000/3.933(0.007) -- Acc 1.000/0.540(0.998)
[0 1 0 1 0 0 0 0 0 1 1 0 1 1 1 1 1 0 1 0 1 0 1 1 1 1 0 1 1 0 1 1 0 0 1 1 0
 0 1 0 0 1 0 0 1 1 0 1 1 0 0 1 0 1 0 1 1 1 0 1 1 1 1 0 0 0 1 0 1 1 1 0 0 0
 1 1 0 0 1 1 0 1 0 0 0 1 1 0 1 1 0 0 0 1 0 1 0 0 1 1]
At 28101/30000: COST 0.002/3.974(0.005) -- Acc 1.000/0.520(0.998)
[0 0 1 1 1 0 0 1 0 0 0 1 1 1 1 1 0 0 0 0 0 1 0 0 0 0 1 1 0 0 0 1 1 1 1 0 0
 0 0 1 1 1 1 1 0 1 0 0 1 0 1 1 0 1 0 0 0 0 1 1 0 1 1 0 1 1 1 1 1 1 1 0 0 1
 1 1 0 0 1 1 0 0 1 0 1 1 1 0 0 0 1 0 1 1 1 0 1 1 0 0]
At 28201/30000: COST 0.000/3.956(0.003) -- Acc 1.000/0.550(0.999)
[0 1 1 1 0 1 1 0 0 0 1 0 0 1 0 1 0 0 1 0 0 1 0 0 1 1 0 1 1 0 1 1 1 0 0 1 1
 0 1 1 0 1 0 0 0 1 0 0 1 0 0 1 0 1 0 1 0 0 1 0 1 0 1 0 1 1 0 0 0 1 1 0 0 1
 0 1 0 0 1 1 1 1 0 1 0 0 0 1 1 1 0 1 0 1 1 1 1 1 1 0]
At 28301/30000: COST 0.000/3.929(0.002) -- Acc 1.000/0.540(1.000)
[0 0 0 0 1 0 0 0 0 0 0 1 0 1 0 1 1 0 0 0 1 1 1 1 1 0 1 1 1 0 0 1 0 1 0 0 0
 1 0 1 1 1 0 0 1 1 1 1 1 1 1 1 0 1 0 0 0 1 0 0 1 0 0 1 1 0 0 0 1 1 0 0 0 1
 0 1 0 0 0 0 0 0 0 0 1 0 0 1 0 1 1 0 1 0 1 1 0 1 1 1]
At 28401/30000: COST 0.000/4.128(0.001) -- Acc 1.000/0.550(1.000)
[0 0 1 0 0 1 0 1 0 1 0 0 1 0 0 1 0 0 1 1 1 1 1 1 1 1 0 0 0 0 0 0 0 0 1 0 0
 1 1 0 1 1 1 1 1 0 1 0 1 0 0 0 0 1 1 1 0 0 1 0 1 1 1 0 1 0 1 1 1 0 1 1 1 0
 0 0 1 1 1 0 0 1 0 0 0 0 0 1 1 1 0 1 1 0 0 0 0 1 1 0]
At 28501/30000: COST 0.000/4.103(0.001) -- Acc 1.000/0.540(1.000)
[1 1 0 0 0 0 1 0 1 1 0 0 0 1 1 1 1 1 0 0 1 0 1 0 0 1 0 0 1 0 0 1 0 1 1 0 1
 1 1 0 0 1 0 1 0 0 1 0 0 1 1 1 1 1 0 1 1 0 0 1 0 1 1 1 1 0 0 0 1 1 0 0 0 1
 1 0 1 1 1 1 1 0 0 1 0 1 1 1 0 1 0 0 0 0 0 1 1 1 0 0]
At 28601/30000: COST 0.000/4.232(0.001) -- Acc 1.000/0.530(1.000)
[1 0 1 0 0 1 1 1 0 1 1 0 0 0 0 0 0 1 1 1 0 0 0 1 0 1 1 1 1 1 0 1 1 0 1 0 1
 1 1 0 1 1 1 0 0 1 0 0 1 0 0 0 0 0 0 0 1 0 1 0 1 0 0 1 1 1 0 1 1 1 0 0 0 0
 0 1 0 1 1 1 1 0 1 1 1 0 0 1 0 0 1 1 0 1 1 1 1 1 0 0]
At 28701/30000: COST 0.016/4.320(0.007) -- Acc 0.990/0.470(0.998)
[0 0 1 1 1 0 0 0 0 0 0 1 0 0 1 1 0 1 1 1 0 1 1 0 0 1 0 1 0 1 0 0 0 0 1 1 1
 1 1 1 1 0 0 1 0 1 0 1 1 1 0 0 0 1 0 0 0 1 1 1 0 0 0 1 1 0 0 0 0 1 1 0 0 1
 0 0 1 0 1 1 1 1 0 0 0 1 0 1 0 1 1 1 1 0 1 1 1 1 1 1]
At 28801/30000: COST 0.007/3.530(0.030) -- Acc 1.000/0.530(0.992)
[1 1 0 0 0 1 0 1 0 1 1 0 1 1 1 1 1 0 1 0 0 1 1 1 1 1 1 1 1 0 0 0 0 1 0 0 0
 1 1 1 1 0 1 1 0 1 0 1 1 1 1 1 0 0 0 0 1 1 0 1 1 1 0 1 0 1 1 0 0 1 0 1 0 1
 0 0 0 1 1 0 0 1 0 1 1 0 0 1 0 1 0 1 0 1 0 1 0 0 0 0]
At 28901/30000: COST 0.001/3.833(0.015) -- Acc 1.000/0.550(0.996)
[0 0 1 0 0 1 0 1 0 1 1 1 1 0 0 1 0 1 1 0 0 1 0 1 1 1 0 0 0 0 1 0 1 1 1 1 1
 1 1 1 0 1 0 1 1 0 1 1 1 0 1 1 0 1 1 0 0 1 0 0 1 0 0 1 0 0 1 1 0 0 0 0 0 0
 1 1 1 1 1 1 0 1 0 1 1 0 0 0 1 0 0 1 1 0 0 1 1 1 0 1]
At 29001/30000: COST 0.001/3.860(0.008) -- Acc 1.000/0.530(0.998)
[0 1 1 1 1 0 1 0 1 0 0 0 0 0 1 0 1 1 1 1 0 1 0 1 0 1 0 0 0 0 1 1 0 0 1 0 1
 0 1 1 0 0 1 0 1 1 1 1 0 0 1 1 0 0 0 0 1 1 1 1 1 1 1 1 0 1 1 0 0 0 0 0 1 0
 0 1 1 0 0 0 0 1 1 0 1 0 0 1 0 1 1 1 1 0 1 0 1 0 1 1]
At 29101/30000: COST 0.000/3.927(0.004) -- Acc 1.000/0.550(0.999)
[1 1 1 0 0 1 1 1 1 0 1 0 1 1 1 1 1 1 0 0 0 0 1 0 1 0 0 1 0 0 1 0 1 0 1 1 1
 0 1 1 0 1 0 0 1 0 1 0 1 0 0 0 0 1 0 0 0 1 0 0 0 1 0 0 1 1 1 0 1 0 1 1 1 0
 1 1 1 0 0 0 1 1 1 0 1 0 1 0 1 0 1 0 0 1 0 0 1 1 0 0]
At 29201/30000: COST 0.001/4.085(0.003) -- Acc 1.000/0.520(0.999)
[1 1 0 1 1 0 0 1 1 1 1 1 0 1 1 1 0 1 1 0 1 0 1 1 1 1 0 0 0 0 1 1 0 0 0 1 0
 0 1 1 1 0 0 0 1 0 1 1 0 0 0 0 0 0 0 1 0 0 0 1 1 1 0 1 1 0 1 0 1 1 1 1 1 0
 1 1 0 1 0 1 0 1 0 0 0 1 1 1 1 0 1 0 1 0 0 0 1 0 1 1]
At 29301/30000: COST 0.002/4.268(0.002) -- Acc 1.000/0.530(0.999)
[0 0 1 0 1 0 1 1 1 1 1 1 1 0 0 1 0 1 1 1 0 0 0 1 0 0 1 0 1 1 1 0 0 1 1 1 0
 0 1 0 0 1 0 0 1 1 1 0 1 1 1 0 1 0 0 0 1 0 0 0 1 0 1 1 0 1 0 1 1 1 0 0 1 0
 1 0 1 0 1 0 0 1 1 1 0 1 0 0 1 0 0 1 0 1 1 1 1 1 1 1]
At 29401/30000: COST 0.001/4.010(0.002) -- Acc 1.000/0.540(1.000)
[0 1 0 1 0 1 1 0 0 0 1 1 1 0 0 0 1 0 0 1 1 1 0 0 1 0 0 0 1 0 0 1 1 0 1 0 1
 0 1 1 1 0 1 1 0 0 1 0 1 1 0 1 0 1 1 1 1 1 0 1 0 0 1 1 1 0 0 1 0 0 1 1 1 0
 0 1 1 1 1 0 0 1 0 0 1 0 0 1 1 1 0 1 1 1 1 1 0 1 1 0]
At 29501/30000: COST 0.002/4.044(0.002) -- Acc 1.000/0.540(1.000)
[1 0 0 1 0 0 0 1 0 1 0 1 1 0 1 1 1 1 1 0 1 0 0 1 1 0 1 1 0 1 0 0 0 0 1 1 0
 0 1 0 0 0 1 1 1 1 0 0 0 0 0 0 0 1 1 0 0 1 0 1 0 1 0 0 0 0 1 1 1 0 1 1 1 1
 0 1 0 1 1 1 1 1 1 0 1 1 1 0 0 0 0 1 1 0 0 1 0 1 1 0]
At 29601/30000: COST 0.072/3.412(0.010) -- Acc 0.990/0.480(0.998)
[1 1 1 0 0 1 0 1 1 0 0 1 1 1 1 0 0 1 1 0 0 0 1 0 0 1 1 0 1 0 0 1 0 1 0 0 0
 1 0 1 1 1 1 0 0 1 1 1 0 0 1 1 1 0 0 0 0 0 1 1 1 0 0 0 1 0 0 1 1 0 1 0 1 1
 0 0 1 1 0 0 0 0 1 1 1 1 0 1 1 1 0 0 0 0 0 0 1 1 0 0]
At 29701/30000: COST 0.004/3.773(0.011) -- Acc 1.000/0.480(0.997)
[0 0 1 0 0 0 0 0 0 0 1 0 1 1 1 1 0 1 0 1 1 1 1 0 1 0 1 1 1 1 1 0 0 1 1 0 1
 0 0 1 0 1 1 0 1 0 0 0 0 0 1 1 0 1 0 1 0 0 0 1 1 1 1 0 0 1 1 1 0 1 1 0 0 1
 1 1 1 0 0 0 0 1 0 1 1 0 0 1 0 1 1 1 0 0 1 0 1 0 1 1]
At 29801/30000: COST 0.001/3.856(0.010) -- Acc 1.000/0.490(0.998)
[0 1 1 1 1 1 1 1 0 0 1 1 0 0 0 0 1 0 1 0 1 1 0 0 0 0 1 0 1 1 0 1 1 1 0 0 0
 0 1 0 1 0 1 0 0 1 0 1 1 1 1 0 0 1 0 0 1 0 0 1 1 0 1 0 0 0 1 0 0 0 0 1 1 0
 1 0 1 1 0 1 0 0 0 0 1 1 0 0 1 0 0 1 0 1 1 0 1 1 0 0]
At 29901/30000: COST 0.003/3.839(0.008) -- Acc 1.000/0.480(0.998)
