Train 1155 samples in approximately 2597 epochs
Finished computation graph
[0 0 0 0 0 0 0 0 0 0 0 0 0 0 0 0 0 0 0 0 0 0 0 0 0 0 0 0 0 0 0 0 0 0 0 0 0
 0 0 0 0 0 0 0 0 0 0 0 0 0 0 0 0 0 0 0 0 0 0 0 0 0 0 0 0 0 0 0 0 0 0 0 0 0
 0 0 0 0 0 0 0 0 0 0 0 0 0 0 0 0 0 0 0 0 0 0 0 0 0 0]
At     1/30000: COST 0.847/0.709(0.695) -- Acc 0.400/0.510(0.008)
[0 0 0 0 0 0 0 0 0 0 1 1 0 0 0 0 0 1 0 0 0 0 0 1 0 0 0 0 0 1 0 0 0 0 0 1 1
 0 0 0 1 0 0 0 0 0 1 0 0 0 0 1 0 0 0 0 1 1 0 1 0 1 0 0 0 0 0 0 0 1 0 1 1 0
 0 0 1 0 1 0 0 1 1 1 0 0 0 0 0 1 0 1 0 1 0 1 1 1 0 0]
At   101/30000: COST 0.685/0.691(0.694) -- Acc 0.550/0.570(0.333)
[1 0 0 0 1 1 1 0 1 1 0 1 1 1 1 1 1 0 1 1 1 1 1 1 0 1 1 0 1 0 1 1 1 1 1 1 1
 1 0 0 1 1 1 0 1 0 1 0 1 1 1 1 1 1 1 1 1 1 0 1 0 1 0 1 1 1 1 1 1 0 0 0 0 1
 0 0 1 1 1 0 1 0 1 1 1 1 1 1 0 1 1 0 1 1 1 0 0 1 1 0]
At   201/30000: COST 0.692/0.686(0.693) -- Acc 0.530/0.530(0.453)
[0 0 0 0 0 1 0 1 0 0 1 0 0 0 0 1 1 1 0 0 0 0 0 1 0 0 0 0 1 0 1 1 0 0 0 0 1
 0 0 0 0 0 0 0 0 0 1 1 0 0 0 0 0 1 1 0 0 1 0 0 0 0 1 0 0 1 1 1 0 0 0 0 0 0
 0 0 0 0 0 0 0 0 0 0 0 0 0 0 1 0 0 0 0 0 0 1 0 0 1 0]
At   301/30000: COST 0.714/0.690(0.692) -- Acc 0.480/0.540(0.505)
[1 1 1 1 1 1 1 1 1 1 1 1 1 1 1 0 1 1 1 1 1 1 1 1 1 1 1 1 1 1 1 1 1 1 1 1 1
 1 1 1 1 0 1 1 1 1 1 0 1 1 1 1 1 1 1 1 1 1 1 1 1 1 1 1 1 1 1 1 1 1 1 1 1 1
 1 1 1 1 1 1 1 1 1 1 1 1 1 1 1 1 1 1 1 1 1 1 1 1 1 1]
At   401/30000: COST 0.693/0.693(0.691) -- Acc 0.560/0.500(0.526)
[1 1 1 0 0 1 1 1 1 1 1 1 1 1 0 1 1 1 1 1 0 1 1 1 1 0 0 1 0 1 0 1 1 0 0 1 1
 0 0 1 1 1 1 1 1 1 1 0 0 0 1 1 1 1 1 1 1 1 1 1 1 1 1 1 0 1 1 1 1 1 0 1 1 1
 1 1 0 1 1 1 0 0 1 1 0 1 0 1 1 0 1 1 1 1 1 1 0 1 1 0]
At   501/30000: COST 0.692/0.691(0.690) -- Acc 0.550/0.580(0.534)
[0 0 0 0 0 0 1 0 1 0 0 0 0 1 0 0 0 0 0 0 0 0 1 0 1 0 0 0 0 1 0 1 0 1 0 1 0
 1 1 0 1 1 0 0 0 0 0 1 1 1 0 0 0 1 0 1 0 0 1 0 0 1 1 0 0 1 1 1 0 1 1 1 0 0
 1 1 0 0 1 1 0 1 0 1 0 1 1 1 1 1 0 0 1 1 1 1 1 0 0 0]
At   601/30000: COST 0.664/0.681(0.688) -- Acc 0.650/0.520(0.542)
[0 0 0 0 1 0 0 1 1 0 0 1 0 1 1 1 0 0 1 1 0 1 1 1 1 1 0 1 0 1 1 0 1 1 1 0 1
 1 1 1 1 0 0 1 1 1 1 1 0 0 1 1 1 1 1 1 1 0 1 0 0 1 1 0 1 1 1 0 0 1 1 1 0 1
 1 1 1 1 0 1 1 1 0 1 0 1 1 1 1 1 1 0 0 0 1 1 0 0 0 1]
At   701/30000: COST 0.667/0.698(0.685) -- Acc 0.660/0.510(0.551)
[0 0 1 1 1 1 0 0 1 1 1 0 0 1 1 1 0 0 1 1 0 1 0 0 0 1 0 0 0 0 1 1 1 0 1 0 1
 1 0 0 1 1 0 0 1 1 0 1 0 0 1 1 1 0 1 0 0 1 0 0 0 0 0 0 1 1 0 1 0 0 1 0 1 1
 1 0 0 0 0 1 1 0 0 0 1 1 1 0 0 0 0 1 0 1 0 1 1 1 0 1]
At   801/30000: COST 0.673/0.708(0.681) -- Acc 0.510/0.430(0.562)
[0 0 0 0 0 0 0 1 0 0 1 0 1 0 0 0 1 0 0 0 1 0 0 0 0 0 1 0 0 0 0 0 1 0 0 1 1
 0 1 0 1 1 0 0 1 1 0 0 1 0 1 1 0 1 1 0 0 0 1 1 0 1 1 1 0 0 0 0 0 1 0 0 0 0
 0 1 1 0 1 1 0 1 1 0 1 1 0 0 0 0 1 1 0 0 1 1 0 1 1 0]
At   901/30000: COST 0.623/0.765(0.674) -- Acc 0.640/0.440(0.578)
[0 0 0 0 1 1 0 0 0 0 1 0 1 1 1 1 1 1 0 1 0 1 1 1 1 0 1 0 1 1 0 1 0 1 0 0 1
 1 1 1 1 1 0 0 0 1 1 1 1 0 1 0 1 1 0 0 0 1 1 0 0 1 0 1 0 0 0 0 1 0 0 1 0 0
 0 0 1 1 0 0 1 0 1 1 1 1 0 0 1 0 0 0 0 1 1 0 0 1 1 1]
At  1001/30000: COST 0.678/0.711(0.670) -- Acc 0.570/0.480(0.590)
[1 1 1 1 1 0 1 0 0 0 0 1 1 1 0 0 0 0 1 0 0 1 1 0 1 0 0 1 1 1 0 0 1 0 0 0 0
 0 0 1 1 0 0 0 0 1 1 1 0 0 1 1 0 1 1 1 0 1 1 1 0 1 0 1 0 1 0 1 1 0 0 1 0 0
 0 1 0 0 1 0 1 0 1 0 1 0 1 1 0 1 0 0 0 1 1 1 1 0 0 0]
At  1101/30000: COST 0.679/0.684(0.660) -- Acc 0.590/0.530(0.608)
[1 1 1 0 1 1 1 0 1 1 0 0 1 1 0 0 1 0 0 0 0 1 1 1 1 0 0 1 1 1 1 0 0 0 0 0 1
 1 0 1 0 1 1 0 0 0 1 1 1 0 1 1 1 1 1 1 0 0 1 0 1 1 0 1 1 1 0 1 0 0 0 1 1 1
 0 1 1 1 1 1 0 1 0 1 1 1 1 1 0 1 0 0 0 1 1 0 1 1 1 0]
At  1201/30000: COST 0.639/0.750(0.654) -- Acc 0.680/0.490(0.618)
[0 1 1 1 0 0 0 1 1 1 0 1 0 1 1 0 1 1 0 1 0 1 1 0 0 0 1 1 1 1 0 0 1 1 1 1 1
 1 1 0 1 0 1 1 0 1 1 1 1 1 1 0 0 0 0 0 0 1 1 0 0 1 0 0 0 1 0 1 1 1 1 0 0 1
 1 0 0 0 0 0 1 0 0 1 0 0 1 0 1 1 1 1 1 1 1 0 0 0 1 1]
At  1301/30000: COST 0.548/0.820(0.633) -- Acc 0.720/0.530(0.641)
[0 1 1 0 0 1 0 1 1 0 0 0 1 0 1 0 1 0 0 1 1 1 1 0 1 1 1 0 1 0 1 0 0 1 0 0 0
 0 0 0 1 1 0 1 0 0 0 1 0 1 0 0 0 1 1 0 1 1 1 0 0 1 1 0 1 1 0 0 0 1 1 1 1 0
 0 0 1 1 0 0 0 1 0 1 1 1 1 1 1 1 0 1 1 0 1 1 0 1 1 1]
At  1401/30000: COST 0.564/0.829(0.608) -- Acc 0.660/0.500(0.666)
[1 0 0 0 0 0 1 0 0 1 1 0 1 1 1 0 1 0 1 1 1 1 1 1 0 1 0 1 1 1 1 0 1 1 0 1 0
 1 1 1 0 1 1 1 1 1 0 0 0 1 1 1 0 1 0 0 1 0 0 0 0 1 1 1 1 1 1 0 1 0 0 0 1 1
 1 0 0 0 0 0 1 1 1 0 0 0 1 1 0 1 0 1 0 0 0 0 1 1 1 1]
At  1501/30000: COST 0.450/0.793(0.584) -- Acc 0.790/0.530(0.683)
[0 1 1 1 1 1 1 1 1 1 1 1 1 1 0 0 1 1 1 0 0 0 0 1 0 1 0 0 0 1 0 1 0 0 1 1 0
 1 0 0 0 0 1 1 0 1 0 0 0 0 0 1 0 1 1 1 0 1 1 1 1 0 1 0 0 1 1 0 0 1 1 0 1 1
 1 1 0 1 1 1 0 0 1 1 1 0 0 0 0 0 0 1 1 0 1 1 0 0 0 0]
At  1601/30000: COST 0.474/0.874(0.535) -- Acc 0.780/0.580(0.724)
[1 0 1 1 1 0 1 1 1 1 0 0 0 1 0 0 0 1 1 0 1 1 0 0 0 0 1 0 0 1 1 1 1 0 0 1 1
 1 1 1 1 1 0 1 0 0 1 0 1 0 0 0 1 0 1 1 1 1 0 0 0 1 1 0 0 0 0 0 0 0 0 1 0 0
 0 0 1 0 1 0 1 1 0 1 0 0 0 0 0 0 0 1 1 1 1 1 0 0 1 0]
At  1701/30000: COST 0.415/0.982(0.483) -- Acc 0.800/0.540(0.761)
[1 1 0 0 0 0 1 0 1 0 1 0 1 1 0 0 0 0 1 0 1 1 0 0 0 0 1 1 1 0 1 1 1 1 1 1 1
 0 0 1 0 0 1 0 0 1 0 1 0 1 0 0 1 0 1 0 0 1 0 1 0 1 0 0 0 1 0 0 1 0 0 0 0 1
 1 0 1 0 1 0 0 1 1 1 1 1 1 1 1 1 1 1 1 1 0 1 0 1 0 0]
At  1801/30000: COST 0.279/1.192(0.423) -- Acc 0.890/0.600(0.802)
[1 1 0 0 1 1 0 0 1 1 0 1 1 1 1 0 0 1 0 1 0 0 0 1 1 0 0 1 0 1 0 0 0 0 0 1 0
 0 1 1 1 1 1 1 1 1 1 1 0 0 0 0 0 1 0 1 1 1 1 1 0 1 0 1 0 1 0 1 0 1 0 0 1 1
 1 1 0 1 1 1 1 1 1 1 1 1 1 0 1 1 0 0 0 0 1 0 0 0 0 1]
At  1901/30000: COST 0.255/1.312(0.370) -- Acc 0.910/0.470(0.831)
[1 1 0 0 0 1 1 0 1 0 0 0 0 0 0 1 1 1 1 1 1 0 1 1 1 0 1 0 0 0 0 0 0 1 1 0 0
 1 1 0 1 0 0 1 0 0 0 1 0 0 1 0 1 1 1 1 0 0 0 0 0 1 0 0 1 1 1 0 0 1 1 0 1 1
 0 0 1 0 0 0 1 0 1 0 0 1 0 1 0 1 0 1 1 1 0 1 0 0 1 1]
At  2001/30000: COST 0.304/1.437(0.312) -- Acc 0.880/0.500(0.862)
[1 1 1 1 1 0 1 1 1 1 0 1 0 1 0 0 1 0 0 0 0 0 1 0 1 0 1 1 1 0 1 0 0 0 1 0 1
 1 1 1 1 1 1 1 1 0 0 0 1 0 0 0 0 1 0 0 0 0 1 0 1 0 1 1 1 0 0 1 0 1 0 1 0 0
 1 1 0 1 1 1 1 1 0 1 1 1 1 0 1 0 0 0 0 1 1 0 0 1 0 0]
At  2101/30000: COST 0.233/1.939(0.258) -- Acc 0.910/0.440(0.891)
[0 0 1 1 1 0 0 0 0 0 1 0 1 0 0 1 1 0 0 1 1 0 0 0 1 1 1 0 0 1 1 0 0 0 0 1 0
 0 1 1 1 0 0 1 1 0 0 0 0 0 1 0 1 1 0 1 1 1 0 0 1 1 1 1 1 0 1 0 1 0 0 1 0 0
 1 0 0 1 1 1 0 1 1 0 1 1 1 1 0 1 0 0 1 1 0 1 1 1 1 0]
At  2201/30000: COST 0.269/2.175(0.221) -- Acc 0.880/0.480(0.909)
[0 0 1 1 0 0 1 0 1 1 1 0 0 1 0 1 1 0 0 0 0 1 0 0 1 1 0 0 0 1 1 0 0 1 0 1 1
 1 0 1 0 0 1 1 0 0 1 1 1 0 1 1 0 1 0 1 0 0 1 0 1 0 1 0 0 0 1 1 1 1 1 1 1 1
 0 0 1 0 1 1 1 1 1 1 1 1 1 0 1 0 1 0 1 1 0 1 0 1 1 0]
At  2301/30000: COST 0.101/1.967(0.180) -- Acc 0.960/0.530(0.929)
[1 0 1 1 0 0 0 1 1 1 0 1 1 0 1 1 1 0 1 1 0 0 1 1 1 1 1 1 1 0 1 0 1 1 1 0 1
 0 1 1 1 1 1 0 0 0 0 1 1 1 1 0 1 1 0 0 1 1 0 1 1 0 0 1 0 1 1 0 0 1 1 1 1 0
 0 1 0 1 0 1 0 0 1 0 0 1 1 0 1 1 1 1 0 0 0 1 0 1 1 0]
At  2401/30000: COST 0.169/1.995(0.162) -- Acc 0.920/0.470(0.939)
[1 1 0 1 1 0 0 0 0 1 1 0 0 0 0 0 1 0 1 1 1 1 1 0 1 0 0 1 0 0 0 1 0 0 1 1 0
 1 0 1 0 1 1 0 1 0 1 1 0 0 1 1 0 1 0 0 0 0 1 1 0 1 0 0 1 0 0 0 0 0 0 1 0 0
 1 1 1 1 1 1 0 0 0 0 0 1 1 1 1 0 0 1 0 0 1 1 0 0 1 1]
At  2501/30000: COST 0.108/2.667(0.123) -- Acc 0.960/0.480(0.953)
[0 0 1 0 1 1 1 1 1 1 0 0 0 0 1 1 0 1 1 0 1 1 0 1 0 0 1 1 1 0 0 0 1 0 0 1 1
 1 0 0 1 0 0 0 0 0 0 0 1 1 1 1 0 0 0 1 0 0 0 1 0 1 0 0 1 1 1 0 0 0 0 1 1 0
 1 0 0 1 1 1 1 1 0 1 1 0 0 0 1 0 0 1 0 1 0 1 1 0 1 1]
At  2601/30000: COST 0.208/2.236(0.131) -- Acc 0.910/0.460(0.953)
[0 1 0 0 1 0 1 0 0 1 1 0 1 0 1 0 1 0 0 0 0 1 1 0 0 0 0 0 1 1 0 1 1 1 0 1 0
 1 1 0 0 0 0 0 1 0 0 0 1 1 0 0 0 1 1 0 1 1 1 0 0 1 0 1 0 0 1 1 1 0 0 1 0 1
 0 0 0 1 0 0 1 1 0 0 1 1 1 0 0 1 0 0 0 0 0 1 1 0 1 1]
At  2701/30000: COST 0.042/2.561(0.099) -- Acc 0.980/0.510(0.965)
[0 1 1 1 0 0 0 0 0 0 1 0 1 1 1 0 0 1 1 0 1 1 0 0 0 0 1 1 1 0 1 1 1 0 1 1 1
 0 1 1 1 1 0 0 0 0 0 1 0 0 0 0 0 1 1 1 1 1 0 1 1 0 0 0 0 0 1 1 1 1 1 1 0 1
 0 0 0 0 0 0 1 0 0 0 1 0 1 1 0 1 0 1 1 0 0 0 1 1 1 0]
At  2801/30000: COST 0.052/2.984(0.073) -- Acc 0.980/0.500(0.975)
[0 1 1 0 0 1 1 1 1 1 1 1 0 0 1 0 1 1 1 1 0 1 0 0 0 0 1 0 0 1 0 0 0 1 1 1 1
 1 1 1 1 1 1 0 0 0 0 1 1 0 1 1 1 0 0 1 1 1 0 1 0 0 0 1 1 1 0 0 1 1 1 0 0 0
 0 1 1 0 0 1 1 1 0 1 1 1 0 1 0 0 0 1 1 0 0 1 0 0 1 0]
At  2901/30000: COST 0.122/3.295(0.063) -- Acc 0.960/0.520(0.979)
[1 0 0 1 1 1 0 0 1 0 1 0 0 1 0 0 1 0 1 0 0 1 0 0 0 1 0 1 0 0 0 1 1 0 0 0 1
 1 0 0 1 1 1 1 0 0 0 1 0 0 1 0 0 0 0 1 0 1 1 0 1 0 1 0 0 0 1 0 1 1 0 1 1 0
 0 0 1 1 1 0 0 0 1 0 0 1 1 0 1 1 1 1 1 0 1 0 0 1 1 0]
At  3001/30000: COST 0.051/2.546(0.084) -- Acc 0.980/0.510(0.973)
[1 1 0 1 0 0 0 1 1 1 0 0 0 0 0 0 1 0 0 0 0 1 0 1 1 1 1 0 0 1 0 0 0 0 1 1 1
 0 1 1 0 0 0 0 1 1 0 1 0 0 0 0 1 1 0 1 0 1 1 1 1 0 0 1 0 0 0 1 1 0 0 1 1 0
 0 0 1 0 0 0 0 1 1 0 0 1 1 1 1 1 1 0 1 0 0 0 1 1 1 0]
At  3101/30000: COST 0.074/2.522(0.069) -- Acc 0.990/0.530(0.977)
[0 0 0 1 1 0 0 0 1 1 0 0 0 0 1 0 0 1 0 1 1 1 1 1 1 0 0 0 1 1 1 0 0 0 0 0 0
 1 1 0 0 1 0 0 1 1 0 1 0 1 1 0 1 1 1 1 0 1 1 0 0 1 0 0 1 0 0 0 0 0 0 1 1 0
 0 1 1 1 1 0 0 1 1 1 0 1 0 0 0 1 0 1 0 1 0 0 0 1 0 0]
At  3201/30000: COST 0.080/2.742(0.061) -- Acc 0.970/0.500(0.980)
[1 1 1 0 0 0 1 0 0 1 0 1 1 1 1 0 1 0 1 0 0 1 1 1 1 0 0 0 1 0 1 0 0 0 0 0 1
 1 0 0 0 0 1 1 1 1 1 0 0 1 1 1 1 1 0 1 0 0 1 1 0 0 1 1 1 0 0 0 0 0 1 0 0 1
 1 1 1 0 0 1 0 1 0 1 1 0 1 1 0 1 1 1 0 0 1 1 1 1 0 0]
At  3301/30000: COST 0.044/2.892(0.058) -- Acc 0.980/0.480(0.981)
[1 0 1 0 1 1 0 0 0 0 0 1 0 1 1 1 1 0 1 0 0 0 0 0 1 1 0 0 0 1 0 1 0 0 0 1 1
 0 0 0 0 1 0 0 1 0 1 1 1 0 0 0 1 1 1 0 1 1 0 1 0 0 0 0 0 1 1 0 0 1 1 0 1 0
 1 1 1 1 0 1 0 0 1 1 0 1 0 0 1 1 0 1 1 1 0 0 1 1 1 1]
At  3401/30000: COST 0.034/2.598(0.057) -- Acc 0.990/0.460(0.981)
[0 0 1 0 0 0 0 0 1 1 0 0 0 0 1 1 1 1 0 1 1 1 0 1 1 1 0 0 1 0 0 1 1 0 0 0 1
 1 1 0 0 1 0 1 1 1 1 0 0 1 1 1 1 1 1 1 1 1 0 1 0 0 0 0 1 0 1 0 0 0 0 0 0 0
 1 0 0 1 0 1 0 0 0 1 0 1 1 1 0 1 0 0 1 0 1 1 1 1 0 0]
At  3501/30000: COST 0.043/3.189(0.045) -- Acc 0.980/0.460(0.985)
[0 0 1 0 1 0 0 0 1 1 1 0 0 1 0 1 0 0 0 1 1 0 0 1 0 1 0 0 1 0 1 1 1 0 1 0 0
 1 1 0 1 1 1 1 0 1 1 0 0 1 0 1 0 1 0 1 1 1 0 1 0 0 1 0 1 1 0 0 0 1 0 1 1 0
 1 0 0 0 1 0 1 0 0 0 0 1 1 0 1 1 1 0 0 0 0 0 1 1 0 1]
At  3601/30000: COST 0.144/2.852(0.057) -- Acc 0.950/0.510(0.981)
[0 1 0 1 0 1 0 0 0 1 1 1 0 1 1 1 0 0 1 0 0 0 0 0 1 0 0 1 1 1 0 0 1 0 1 0 1
 0 0 0 0 1 0 0 1 1 0 0 1 1 0 1 0 1 1 0 0 0 1 1 1 0 0 1 1 0 1 1 1 1 1 0 0 0
 1 0 1 0 1 1 1 0 0 0 1 1 1 1 0 1 0 1 1 1 1 0 1 0 0 0]
At  3701/30000: COST 0.021/2.798(0.045) -- Acc 0.990/0.510(0.985)
[0 1 0 1 1 1 1 0 1 0 0 0 1 1 1 0 1 1 0 0 0 0 0 1 1 0 1 1 0 1 1 0 1 1 0 1 0
 0 1 1 1 1 1 1 1 0 0 1 0 1 0 0 0 0 1 1 0 0 1 1 1 1 1 0 1 0 0 1 1 1 1 1 1 1
 1 0 1 0 0 1 1 1 1 0 1 0 1 0 0 1 0 0 0 0 1 1 0 1 0 1]
At  3801/30000: COST 0.016/3.007(0.035) -- Acc 1.000/0.500(0.989)
[0 0 0 1 0 0 0 0 0 0 1 0 1 0 0 1 0 1 1 0 1 1 1 0 0 1 0 0 1 0 1 1 0 0 0 0 1
 0 0 1 0 1 1 1 0 1 1 1 1 1 1 0 1 0 0 1 0 1 0 0 0 0 0 0 1 1 0 1 1 1 1 0 1 0
 0 0 0 1 1 0 0 0 1 0 0 0 1 1 1 0 0 0 0 1 1 1 0 0 1 1]
At  3901/30000: COST 0.156/2.798(0.052) -- Acc 0.950/0.500(0.984)
[1 1 0 1 0 1 1 1 1 0 0 0 0 0 0 1 1 0 0 0 0 1 1 1 1 1 1 1 1 1 1 1 1 0 0 1 0
 1 1 1 0 0 1 0 0 1 0 0 0 0 1 0 0 0 0 1 1 0 0 0 1 1 1 0 0 0 0 1 1 1 1 1 0 0
 1 0 1 0 0 0 1 0 1 1 1 0 1 0 1 1 0 0 0 1 1 0 1 0 0 0]
At  4001/30000: COST 0.024/2.699(0.056) -- Acc 0.990/0.490(0.981)
[1 1 0 0 1 0 1 0 1 0 1 1 1 0 0 1 0 0 1 0 0 0 1 0 0 0 0 1 0 1 0 0 0 1 1 0 1
 0 0 0 1 1 0 0 1 0 1 1 0 0 1 0 0 1 1 0 0 0 0 1 1 0 0 0 1 0 0 1 1 1 0 1 0 1
 0 0 0 1 1 0 1 1 0 1 1 0 1 1 1 1 1 1 0 0 0 0 0 0 1 1]
At  4101/30000: COST 0.050/2.929(0.045) -- Acc 0.980/0.490(0.985)
[0 0 1 0 1 0 1 0 0 1 1 0 1 1 0 1 0 0 1 0 0 0 0 0 1 1 0 1 1 1 0 0 0 1 1 1 0
 1 0 0 0 0 0 0 1 1 1 0 0 1 1 0 1 1 0 1 0 1 0 0 0 0 1 1 0 0 0 1 1 0 1 1 1 1
 1 0 1 1 1 0 0 1 1 0 1 1 1 0 1 1 0 1 0 1 1 0 0 0 0 0]
At  4201/30000: COST 0.024/3.047(0.029) -- Acc 0.990/0.500(0.990)
[1 0 0 1 1 0 0 1 0 1 1 0 0 1 0 0 0 1 1 0 1 1 1 0 1 0 0 1 1 0 0 0 1 1 1 0 1
 0 1 0 0 1 0 0 0 1 0 0 1 1 0 0 0 1 1 0 0 0 1 1 1 0 1 0 1 0 1 0 0 1 1 0 0 0
 0 0 0 0 1 0 1 1 0 0 1 1 1 0 0 1 1 1 0 1 1 1 1 0 1 1]
At  4301/30000: COST 0.001/2.989(0.022) -- Acc 1.000/0.540(0.993)
[0 0 1 0 1 1 1 0 1 0 1 1 1 1 0 0 1 0 0 1 1 1 0 1 1 0 1 1 0 0 1 1 0 1 1 0 0
 0 0 1 0 1 0 0 1 0 1 0 1 0 0 1 0 1 1 1 0 0 0 0 0 0 1 0 1 1 0 1 0 1 0 0 1 0
 0 0 1 0 1 0 1 0 1 0 0 1 1 0 1 0 1 1 0 1 0 1 0 0 0 0]
At  4401/30000: COST 0.064/2.498(0.089) -- Acc 0.980/0.440(0.972)
[0 1 1 0 0 0 0 0 1 1 1 1 0 0 1 0 0 1 0 1 1 0 0 0 0 0 1 0 1 1 0 0 1 0 1 1 1
 1 1 0 0 1 1 1 1 1 1 0 1 0 1 1 0 0 0 0 0 1 1 1 0 0 1 1 0 1 0 1 1 0 1 1 0 0
 0 1 0 0 1 1 1 1 0 0 1 1 1 1 1 0 0 0 1 0 1 0 0 0 0 1]
At  4501/30000: COST 0.011/2.753(0.057) -- Acc 1.000/0.520(0.983)
[1 0 0 1 1 0 0 0 1 1 0 1 0 1 0 1 1 1 1 1 1 0 0 0 1 1 0 1 0 1 1 1 1 1 1 1 1
 0 0 0 1 0 1 0 1 1 0 0 1 0 0 1 0 1 1 0 1 1 0 0 1 1 1 0 0 0 1 1 0 1 0 0 1 1
 1 1 0 0 0 0 1 0 1 1 1 0 0 1 0 0 0 0 1 0 0 0 1 0 0 1]
At  4601/30000: COST 0.023/3.159(0.030) -- Acc 0.990/0.490(0.991)
[0 1 0 0 1 1 1 1 1 0 0 1 0 1 1 0 0 0 0 1 0 1 0 0 0 1 1 0 0 0 1 0 1 0 1 0 0
 1 0 0 1 0 1 0 1 1 1 0 0 1 1 1 1 0 1 1 1 0 0 0 0 0 0 1 1 1 0 1 0 0 0 0 1 1
 0 0 0 1 1 1 0 1 0 1 0 0 0 0 1 1 1 0 1 0 1 1 1 0 0 1]
At  4701/30000: COST 0.006/3.342(0.023) -- Acc 1.000/0.450(0.993)
[1 0 1 0 1 1 0 0 1 0 1 1 0 1 1 0 1 0 1 1 1 0 0 1 1 0 0 1 1 0 1 0 1 1 0 1 0
 0 1 0 1 0 0 1 0 1 1 0 1 1 0 0 0 0 1 1 1 1 1 0 0 0 0 1 0 1 0 1 0 0 1 1 0 0
 0 0 1 0 1 1 0 0 0 1 0 1 0 0 0 0 0 0 1 0 1 0 1 1 1 0]
At  4801/30000: COST 0.030/3.180(0.033) -- Acc 0.990/0.530(0.991)
[0 1 0 1 0 1 0 1 1 1 1 0 0 0 0 1 0 1 1 1 1 1 1 0 0 0 1 1 0 0 0 1 0 0 0 0 0
 1 0 1 1 1 1 0 0 0 1 1 1 0 1 0 1 1 0 1 0 0 0 1 0 1 1 1 0 0 0 1 1 0 0 1 1 1
 0 0 1 0 0 1 1 1 1 1 1 0 1 1 0 1 0 1 1 1 1 1 0 0 1 0]
At  4901/30000: COST 0.008/3.278(0.025) -- Acc 1.000/0.550(0.992)
[0 0 1 0 1 1 0 0 0 1 1 0 1 1 1 0 0 1 0 1 0 1 1 0 0 1 1 1 0 1 0 1 1 0 0 1 0
 0 0 1 1 1 1 0 1 0 0 1 0 0 0 1 1 1 0 0 0 0 1 1 1 1 0 0 1 1 0 0 0 1 1 1 0 1
 1 1 0 0 0 0 0 0 0 1 0 1 0 1 0 0 0 1 0 0 1 1 1 1 0 1]
At  5001/30000: COST 0.045/2.946(0.041) -- Acc 0.970/0.500(0.988)
[1 1 1 1 0 0 1 0 0 1 1 0 0 0 1 1 1 1 0 1 0 0 1 1 1 1 0 0 0 0 1 0 0 0 1 0 1
 1 0 1 0 0 1 0 0 0 1 0 1 1 0 1 0 1 0 0 0 1 1 0 1 0 1 1 0 0 1 1 1 1 0 0 0 1
 1 1 0 0 1 0 0 0 1 0 0 1 1 0 0 0 0 1 1 0 1 1 0 0 1 1]
At  5101/30000: COST 0.018/3.420(0.031) -- Acc 0.990/0.500(0.991)
[0 0 0 0 0 1 0 1 1 1 0 1 0 0 1 1 1 1 0 1 0 1 1 0 1 1 1 1 0 1 1 1 1 0 0 1 0
 0 0 0 1 1 1 0 1 1 1 0 0 1 0 1 1 1 1 1 1 0 0 0 1 0 0 1 1 0 1 0 0 0 1 1 0 1
 1 0 0 0 1 0 1 0 0 0 0 0 1 0 0 0 0 1 0 0 0 1 0 1 0 0]
At  5201/30000: COST 0.028/3.456(0.035) -- Acc 0.990/0.490(0.989)
[1 0 0 1 0 0 0 1 0 0 0 0 1 1 0 0 1 0 1 1 1 1 1 1 0 1 1 0 1 1 1 1 1 0 0 0 1
 1 1 0 0 0 0 1 0 1 1 0 0 1 1 0 1 0 0 1 0 0 1 0 0 1 0 1 0 0 1 0 1 1 0 1 0 1
 0 0 1 0 0 1 0 0 1 1 0 1 1 1 0 0 0 0 1 0 0 1 1 0 1 0]
At  5301/30000: COST 0.003/3.533(0.026) -- Acc 1.000/0.490(0.992)
[1 0 1 1 0 0 1 0 1 1 1 0 0 0 1 0 0 0 1 1 1 0 0 0 0 1 0 0 1 1 0 1 0 1 1 0 1
 0 0 1 1 0 0 1 0 1 1 1 0 1 0 1 0 0 1 1 0 0 0 0 1 1 1 0 1 1 1 0 0 0 0 1 1 0
 1 1 0 1 0 1 1 0 1 0 1 0 0 1 0 0 0 0 0 1 1 1 0 0 0 0]
At  5401/30000: COST 0.002/3.613(0.017) -- Acc 1.000/0.480(0.995)
[0 0 1 1 1 0 0 0 0 1 1 0 1 1 1 1 0 0 0 0 0 1 1 0 0 0 1 1 0 0 1 0 1 0 1 1 0
 0 1 0 0 0 0 1 0 0 1 1 0 0 0 0 1 0 1 1 1 0 0 1 1 0 1 0 0 1 1 0 1 1 1 1 0 1
 0 1 1 0 1 1 0 1 0 0 0 1 0 1 1 0 0 0 1 1 0 1 1 1 0 1]
At  5501/30000: COST 0.031/3.047(0.022) -- Acc 0.990/0.520(0.993)
[0 0 0 0 1 0 1 0 0 0 0 1 0 0 0 0 1 1 1 0 0 0 1 1 1 1 0 0 1 0 0 1 1 0 1 1 1
 1 1 1 0 1 0 0 0 1 0 1 1 1 1 0 1 0 0 1 0 0 1 1 0 0 1 1 1 0 1 1 1 0 0 0 1 1
 0 1 0 0 0 1 0 1 1 0 0 1 1 1 1 1 0 1 1 0 0 1 0 0 1 1]
At  5601/30000: COST 0.007/3.811(0.027) -- Acc 1.000/0.480(0.991)
[1 0 0 0 1 1 0 0 0 0 1 0 1 1 1 0 0 0 1 0 0 0 0 1 0 1 0 0 0 1 1 1 0 0 0 0 0
 0 0 0 0 1 1 1 0 0 1 1 1 1 1 0 0 0 0 1 0 0 1 0 0 0 0 1 0 1 0 0 0 1 1 1 1 0
 1 0 0 1 1 1 1 0 1 0 0 1 0 0 0 1 1 0 1 1 0 0 1 1 1 0]
At  5701/30000: COST 0.045/3.034(0.049) -- Acc 0.990/0.460(0.985)
[1 1 0 0 0 1 0 1 0 1 0 0 1 1 1 0 0 1 1 0 1 0 0 0 0 0 0 1 0 1 0 1 0 1 0 0 0
 0 1 1 0 0 0 0 0 0 1 1 1 1 0 1 1 1 0 1 1 0 1 0 0 1 0 0 0 0 1 0 1 1 1 0 1 0
 0 0 0 0 1 1 0 0 1 0 0 0 1 1 1 0 1 1 0 0 1 0 0 1 1 0]
At  5801/30000: COST 0.007/3.020(0.048) -- Acc 1.000/0.530(0.986)
[0 0 1 0 0 0 0 1 0 0 1 1 1 1 1 1 1 1 0 0 1 0 0 0 1 1 1 1 1 1 1 1 0 0 1 0 1
 0 1 0 0 1 0 0 0 1 1 1 1 1 1 0 0 0 0 0 1 1 0 1 1 0 1 0 0 0 0 1 0 1 1 0 0 1
 1 0 1 0 1 0 1 0 0 1 1 1 1 0 1 0 0 0 0 1 1 0 0 1 1 0]
At  5901/30000: COST 0.003/2.986(0.040) -- Acc 1.000/0.500(0.988)
[1 1 0 1 1 1 0 0 0 0 0 0 1 0 0 1 0 0 1 0 1 1 1 1 1 1 1 1 0 1 0 1 0 1 1 0 1
 1 1 0 0 0 1 1 0 0 0 1 0 0 0 1 1 1 1 1 0 0 1 0 0 0 0 0 0 1 1 0 1 0 0 1 1 0
 0 0 1 0 1 0 0 0 0 1 1 1 0 0 1 0 0 1 1 0 1 0 0 0 1 1]
At  6001/30000: COST 0.028/3.418(0.024) -- Acc 0.980/0.490(0.992)
[0 1 1 0 1 1 0 0 1 0 0 0 1 0 0 0 1 1 1 1 1 0 1 0 1 1 1 0 1 0 0 1 1 0 1 0 0
 1 0 0 1 0 0 0 0 1 0 0 0 0 0 0 1 1 1 1 0 1 1 0 0 0 0 0 0 1 1 1 0 0 1 0 1 1
 1 0 0 1 1 0 1 1 1 1 0 0 1 0 1 0 1 1 1 1 1 1 1 1 1 1]
At  6101/30000: COST 0.119/3.406(0.035) -- Acc 0.960/0.480(0.990)
[1 1 1 0 0 0 0 0 0 0 1 0 0 1 1 1 1 1 0 0 0 0 1 0 0 0 0 1 1 0 1 1 0 1 1 1 0
 1 1 1 1 1 0 1 0 0 1 0 1 1 1 1 0 0 1 0 0 0 1 1 1 0 0 1 1 0 1 0 0 0 1 0 0 0
 1 1 1 0 0 1 0 1 1 1 1 0 0 1 0 0 1 0 0 0 0 1 1 1 1 0]
At  6201/30000: COST 0.024/3.159(0.034) -- Acc 0.990/0.450(0.990)
[1 0 1 0 1 1 0 1 0 1 1 0 1 1 0 0 1 0 0 0 0 0 0 0 0 1 1 0 1 1 0 1 1 0 0 0 1
 0 1 1 0 1 1 0 0 0 0 1 1 0 0 1 0 0 1 0 0 1 0 1 0 0 0 1 0 1 0 0 1 0 1 0 1 0
 1 0 1 1 1 0 0 1 1 0 1 0 0 1 0 1 1 1 1 0 1 0 1 0 1 0]
At  6301/30000: COST 0.039/2.839(0.026) -- Acc 0.980/0.500(0.992)
[1 0 1 1 1 1 0 1 0 0 0 0 1 1 1 1 0 0 1 0 0 1 0 0 1 1 1 0 1 0 0 0 1 1 1 0 1
 0 1 1 1 0 1 0 1 1 1 0 1 0 1 1 0 0 0 1 1 0 0 0 1 1 1 0 1 0 0 1 1 1 0 1 1 0
 1 0 0 0 0 0 1 0 0 1 1 1 0 0 1 0 0 0 0 1 0 1 1 0 1 1]
At  6401/30000: COST 0.006/3.263(0.025) -- Acc 1.000/0.530(0.992)
[1 1 0 0 0 0 1 0 1 1 1 1 0 1 0 1 1 0 1 1 0 0 0 0 1 0 0 0 0 1 0 0 0 0 1 0 1
 0 0 1 1 1 0 0 0 0 1 0 0 1 0 0 1 1 0 1 1 1 0 1 1 1 1 0 0 0 1 1 1 1 1 0 1 0
 0 0 1 0 0 1 1 1 1 0 1 1 1 1 0 0 0 0 1 1 1 0 0 1 1 0]
At  6501/30000: COST 0.007/3.268(0.035) -- Acc 1.000/0.510(0.990)
[0 1 0 0 1 1 1 0 0 0 0 0 0 0 1 1 0 1 1 1 1 0 0 1 1 1 0 1 0 0 0 1 1 1 1 0 1
 0 1 0 1 0 1 0 1 1 1 1 1 1 0 0 0 1 0 1 1 0 0 0 0 0 1 0 0 1 0 1 1 0 1 0 0 0
 0 0 0 1 0 1 1 0 0 1 0 0 1 0 0 1 1 0 1 1 1 0 0 0 0 1]
At  6601/30000: COST 0.008/3.497(0.023) -- Acc 1.000/0.500(0.993)
[1 0 0 1 1 1 0 1 0 0 1 1 0 1 1 1 1 0 0 0 0 0 1 1 0 1 0 0 1 1 1 1 0 0 0 0 0
 0 0 0 1 0 1 1 1 0 0 0 0 0 1 1 0 1 1 1 1 0 0 0 0 0 1 1 0 1 1 1 0 0 0 1 1 0
 1 0 1 1 1 0 0 1 1 1 1 0 0 0 0 0 0 1 0 1 0 1 1 0 1 1]
At  6701/30000: COST 0.009/3.603(0.016) -- Acc 1.000/0.460(0.995)
[1 0 0 1 1 0 1 0 1 0 0 0 1 0 0 1 1 0 1 0 0 0 0 1 1 0 1 1 1 0 1 1 1 1 0 0 0
 1 0 1 0 1 1 1 0 1 0 0 0 0 0 0 1 0 0 1 0 0 1 1 0 1 0 0 0 1 1 0 0 0 0 0 0 1
 1 1 0 1 1 0 1 0 1 0 1 1 1 1 1 1 1 1 1 1 0 0 0 0 0 1]
At  6801/30000: COST 0.043/3.954(0.016) -- Acc 0.990/0.500(0.995)
[1 1 1 1 1 1 1 1 0 1 0 1 1 1 1 0 0 0 0 0 0 1 1 1 1 0 0 0 1 0 1 1 0 0 0 1 1
 0 0 0 0 1 1 1 1 0 0 0 0 0 0 0 0 0 0 0 0 0 0 0 0 1 0 0 0 0 1 1 1 0 1 1 1 1
 1 1 0 1 0 0 1 1 0 0 0 0 1 1 1 0 1 0 1 1 1 1 1 0 0 0]
At  6901/30000: COST 0.004/3.544(0.024) -- Acc 1.000/0.470(0.992)
[0 1 0 1 0 0 1 0 1 0 1 0 0 1 1 0 1 0 1 1 0 0 1 1 0 1 0 1 0 0 1 1 1 1 0 0 0
 1 0 1 1 0 1 1 0 0 0 1 1 0 0 1 0 0 0 1 0 1 1 0 0 0 0 0 0 0 0 0 0 0 0 0 1 1
 1 0 1 0 0 0 1 0 0 1 1 0 0 1 0 0 0 1 0 1 0 0 0 0 0 1]
At  7001/30000: COST 0.009/3.698(0.020) -- Acc 0.990/0.450(0.994)
[0 1 0 0 0 1 0 0 1 1 0 0 1 1 0 1 0 0 1 0 1 1 0 1 0 1 0 0 0 0 1 1 0 1 1 1 1
 0 1 1 1 0 1 0 1 0 0 0 0 0 1 0 0 0 1 0 0 0 1 1 1 0 0 1 1 1 0 0 1 1 0 0 0 1
 0 1 1 0 1 1 1 1 0 0 0 0 0 1 0 1 1 1 0 1 0 1 0 0 0 1]
At  7101/30000: COST 0.003/3.711(0.016) -- Acc 1.000/0.480(0.994)
[0 0 1 0 0 1 0 0 1 0 1 1 1 0 1 1 1 1 1 0 1 1 0 0 0 0 0 0 1 0 0 1 0 1 0 0 1
 0 1 0 1 0 0 0 0 0 1 0 0 1 1 1 1 1 0 1 0 0 1 0 0 0 0 1 1 1 0 1 0 0 0 0 0 0
 0 0 0 1 1 1 1 0 0 1 0 1 0 0 0 0 0 0 1 0 1 1 0 0 0 1]
At  7201/30000: COST 0.007/3.479(0.038) -- Acc 1.000/0.440(0.989)
[0 1 1 0 1 1 0 0 0 0 0 1 1 1 0 0 0 1 1 1 0 0 0 0 0 0 0 0 0 0 0 1 1 0 1 1 0
 0 0 1 0 1 1 1 0 1 1 1 0 1 0 0 0 1 1 1 0 0 1 1 1 0 0 1 1 1 0 1 1 0 1 1 1 0
 1 0 0 1 1 0 1 1 0 0 1 0 1 1 1 0 1 1 0 0 0 1 0 0 1 0]
At  7301/30000: COST 0.035/3.147(0.065) -- Acc 0.990/0.420(0.980)
[0 0 1 0 1 1 0 1 1 1 0 0 1 0 0 0 0 0 0 0 0 0 0 0 1 0 1 1 1 0 0 1 1 1 0 0 1
 1 0 0 1 1 1 0 0 1 0 1 1 1 1 1 1 0 0 0 1 0 0 0 0 0 1 0 1 0 0 0 0 0 1 1 1 1
 0 1 1 0 1 1 1 1 1 1 1 1 0 1 0 0 0 0 1 0 1 1 1 0 0 1]
At  7401/30000: COST 0.023/3.065(0.040) -- Acc 0.990/0.480(0.988)
[1 0 1 1 0 0 1 0 0 1 0 0 1 0 0 1 0 0 0 0 1 1 0 0 1 0 1 0 0 1 1 0 0 0 1 0 0
 1 1 1 0 1 1 1 0 1 1 1 1 1 0 1 1 0 0 1 0 0 0 0 1 0 1 1 1 0 0 0 1 0 1 0 1 1
 0 1 1 0 1 0 0 0 0 0 1 1 1 1 1 1 1 0 0 1 1 0 1 0 0 1]
At  7501/30000: COST 0.086/2.946(0.031) -- Acc 0.980/0.490(0.991)
[0 0 0 0 0 1 0 1 0 1 1 0 0 1 0 0 0 0 0 0 1 0 1 0 0 0 0 1 0 1 1 0 1 1 0 0 1
 0 1 1 0 1 0 0 1 1 0 1 1 0 0 0 0 0 1 1 1 0 1 1 0 1 0 1 1 0 0 1 1 0 1 0 1 1
 0 1 0 1 1 0 0 0 1 1 1 0 0 0 0 1 0 1 0 1 0 0 0 1 0 0]
At  7601/30000: COST 0.007/3.040(0.023) -- Acc 1.000/0.480(0.993)
[1 1 0 1 0 1 0 0 1 0 0 1 0 1 1 1 1 1 1 0 0 1 0 1 0 0 1 0 1 0 1 1 0 0 0 0 0
 0 1 1 0 1 0 1 0 1 0 0 0 1 0 0 1 0 1 0 1 1 1 1 0 1 0 0 0 0 0 1 0 0 0 1 0 1
 0 1 0 1 1 0 1 0 1 1 0 1 0 0 0 0 0 1 1 1 1 1 0 1 0 0]
At  7701/30000: COST 0.021/3.197(0.022) -- Acc 0.990/0.500(0.993)
[1 1 0 0 0 1 1 0 0 1 0 1 0 0 0 0 1 1 1 1 1 0 0 1 0 1 1 1 0 0 1 1 1 0 1 1 0
 1 1 1 0 0 0 0 1 0 0 1 0 1 1 0 0 0 0 1 0 0 0 0 1 1 1 0 0 1 1 0 1 1 0 1 1 1
 1 0 0 0 1 0 0 1 0 0 0 1 0 0 0 1 1 1 1 1 1 0 1 0 0 0]
At  7801/30000: COST 0.022/3.297(0.018) -- Acc 0.990/0.460(0.995)
[1 1 1 0 1 0 0 1 1 1 0 1 1 0 0 0 0 0 1 1 1 1 1 0 1 0 0 0 1 1 1 0 0 0 0 1 1
 0 1 1 0 0 0 0 1 0 0 1 0 0 0 1 1 1 0 0 1 1 0 1 1 0 0 0 0 1 0 0 0 0 1 0 1 1
 1 1 1 0 0 1 0 1 0 1 0 0 0 0 1 0 0 1 1 0 1 1 1 1 0 1]
At  7901/30000: COST 0.001/3.901(0.010) -- Acc 1.000/0.440(0.997)
[0 1 1 1 0 0 1 0 1 0 0 1 1 1 0 0 0 1 1 1 1 1 0 0 1 1 1 0 0 0 1 0 1 0 1 1 0
 1 0 0 1 0 0 1 0 1 0 0 1 0 1 1 0 1 0 1 0 0 0 1 1 1 0 0 0 0 0 0 0 1 1 0 1 1
 1 0 0 0 0 0 1 1 1 0 0 1 1 1 1 0 0 1 1 1 1 0 1 1 0 1]
At  8001/30000: COST 0.084/3.218(0.048) -- Acc 0.980/0.480(0.989)
[0 0 0 1 1 0 0 0 1 0 0 0 0 0 0 1 0 1 0 0 1 1 0 0 0 1 1 1 1 1 0 0 1 1 0 0 1
 1 1 0 0 1 1 1 1 0 1 0 0 0 1 1 0 1 0 1 1 0 0 1 0 0 1 0 0 1 1 1 1 0 0 1 1 0
 0 1 0 1 1 0 1 1 1 0 1 1 1 1 0 1 1 0 0 1 1 0 1 0 0 1]
At  8101/30000: COST 0.022/3.550(0.045) -- Acc 0.990/0.440(0.988)
[1 0 1 1 0 1 0 1 1 1 1 1 0 0 0 0 0 0 1 1 1 0 1 1 0 1 0 0 0 1 0 1 1 1 0 1 1
 1 0 1 0 0 0 1 0 0 1 0 0 0 0 1 1 1 1 1 0 1 0 1 1 1 1 0 1 0 1 1 0 0 0 0 0 1
 0 1 0 0 1 0 0 0 1 0 0 1 1 1 1 1 0 0 0 0 0 1 0 1 0 0]
At  8201/30000: COST 0.013/3.546(0.025) -- Acc 1.000/0.380(0.993)
[0 1 0 0 1 1 0 1 0 1 1 1 0 1 0 1 1 0 1 1 0 1 1 0 1 1 0 0 1 1 0 1 0 0 1 0 1
 0 0 0 0 0 0 0 0 0 1 0 1 0 0 1 1 0 0 1 1 1 0 0 1 1 1 0 1 1 1 1 0 1 1 1 1 1
 0 0 0 1 1 1 0 0 0 0 0 0 1 1 0 1 0 1 0 1 1 0 1 1 0 1]
At  8301/30000: COST 0.017/3.672(0.035) -- Acc 0.990/0.430(0.990)
[0 1 0 1 1 0 1 0 0 0 0 0 1 0 1 1 1 1 0 0 1 0 1 1 1 0 1 1 0 0 1 1 0 0 0 1 1
 1 0 0 0 1 0 1 0 0 0 0 1 1 1 1 0 0 1 1 0 1 0 1 0 0 1 0 0 1 0 0 1 1 1 1 1 0
 0 0 1 1 0 1 1 0 0 0 0 0 0 0 0 1 1 1 1 0 0 0 1 0 1 0]
At  8401/30000: COST 0.004/3.612(0.030) -- Acc 1.000/0.400(0.991)
[0 0 1 1 1 0 0 0 1 1 0 1 0 0 1 0 0 0 0 1 1 0 1 1 1 1 1 0 0 0 0 0 1 1 0 1 0
 1 1 1 0 1 0 0 0 1 0 1 0 1 1 0 1 0 1 0 0 1 0 0 1 0 0 0 0 1 0 0 1 1 1 0 1 1
 1 0 0 0 0 0 1 1 0 0 0 0 1 1 1 0 0 0 0 1 0 1 0 1 0 1]
At  8501/30000: COST 0.011/3.271(0.020) -- Acc 1.000/0.480(0.994)
[0 0 0 1 0 0 0 1 0 1 1 0 0 1 0 0 1 0 0 1 1 0 1 0 1 0 0 1 0 0 1 1 1 0 0 1 1
 1 0 0 0 0 0 1 0 1 1 1 0 1 0 0 1 0 0 0 0 1 1 0 1 1 0 1 1 0 0 0 1 0 0 0 0 0
 1 0 1 1 1 1 1 0 1 0 0 1 0 0 0 1 1 0 1 1 1 0 0 0 1 0]
At  8601/30000: COST 0.067/3.733(0.022) -- Acc 0.990/0.450(0.993)
[0 0 0 1 1 0 1 1 0 1 1 1 0 0 1 0 1 1 1 1 1 0 0 0 1 0 0 0 0 1 1 0 0 1 1 1 0
 0 0 0 1 1 0 0 0 0 0 0 1 1 0 1 0 0 1 0 1 0 0 1 1 1 0 0 1 0 0 0 0 1 1 0 1 1
 0 0 0 0 1 1 0 0 1 0 0 0 0 1 0 0 1 1 0 0 1 0 0 1 1 0]
At  8701/30000: COST 0.003/3.469(0.016) -- Acc 1.000/0.460(0.995)
[0 0 1 0 1 1 1 1 0 0 1 1 0 1 0 0 0 0 1 0 1 1 1 1 0 0 1 1 0 1 1 0 0 0 0 0 1
 0 1 1 1 1 0 1 0 0 0 0 0 1 1 1 1 0 1 0 0 0 0 0 0 1 0 0 1 1 0 1 0 0 1 0 0 0
 0 0 0 0 1 1 0 0 1 0 1 1 1 0 1 0 0 0 1 0 1 1 0 1 0 1]
At  8801/30000: COST 0.027/3.972(0.017) -- Acc 0.990/0.460(0.995)
[1 0 0 1 0 0 1 0 0 1 1 1 0 0 1 0 0 0 1 0 1 0 1 1 0 1 1 1 1 0 0 0 0 1 0 1 0
 0 1 0 0 0 0 0 0 1 1 0 0 0 1 1 1 1 0 1 0 0 0 0 1 0 0 0 1 1 1 0 1 1 1 0 1 1
 1 0 0 1 0 0 0 0 1 1 1 0 1 1 0 0 0 0 0 0 0 1 1 1 0 0]
At  8901/30000: COST 0.024/4.048(0.012) -- Acc 0.990/0.430(0.996)
[1 1 1 0 0 0 0 0 0 0 0 1 0 0 0 0 0 0 0 1 0 1 1 1 0 1 0 0 0 1 0 0 0 0 0 1 1
 0 1 0 1 0 1 1 1 0 0 0 0 1 1 1 0 0 1 0 0 1 0 0 0 1 0 0 0 1 0 0 0 0 0 1 0 1
 0 1 1 1 0 1 0 0 0 0 0 1 1 1 0 0 0 0 0 1 0 0 0 0 1 0]
At  9001/30000: COST 0.014/4.118(0.010) -- Acc 0.990/0.420(0.997)
[0 0 1 0 0 0 0 0 0 1 1 0 1 0 0 0 1 1 0 0 1 1 0 0 0 1 1 0 0 1 0 0 0 1 1 1 0
 1 1 0 1 1 0 1 0 1 0 0 0 0 1 0 0 0 0 0 0 1 1 0 0 1 0 0 0 1 1 1 1 1 0 1 1 1
 1 0 1 0 1 1 0 0 1 1 1 0 0 0 1 1 0 0 1 1 0 1 1 1 0 0]
At  9101/30000: COST 0.179/4.021(0.033) -- Acc 0.970/0.470(0.991)
[1 0 1 1 0 1 1 0 1 1 0 1 0 0 0 0 0 0 0 1 0 0 0 0 0 1 0 1 0 0 0 0 1 1 1 0 0
 1 1 0 1 1 0 0 0 0 0 0 0 0 0 1 1 1 0 0 0 0 0 1 0 1 1 1 0 1 1 1 0 1 0 1 1 0
 1 1 1 1 1 0 0 0 0 1 0 0 1 0 1 0 0 0 0 0 1 1 1 1 0 1]
At  9201/30000: COST 0.033/3.640(0.035) -- Acc 0.970/0.450(0.989)
[0 1 0 0 1 0 0 0 1 1 0 1 1 1 1 0 1 1 0 0 0 1 0 1 0 0 1 0 1 0 0 0 0 0 1 1 1
 1 0 0 0 1 0 0 0 0 1 0 1 0 0 1 0 1 0 0 1 0 0 0 0 1 1 1 0 0 1 1 0 0 0 1 0 1
 0 0 1 1 1 1 0 1 1 0 1 1 1 1 0 1 0 0 0 1 0 1 0 0 0 0]
At  9301/30000: COST 0.004/3.633(0.026) -- Acc 1.000/0.510(0.992)
[1 0 1 1 0 0 1 0 1 0 1 1 0 1 0 0 0 1 1 0 1 1 1 0 1 0 0 0 0 1 0 0 1 1 0 1 0
 1 0 1 0 1 0 1 1 1 1 1 0 1 0 0 1 1 1 1 0 0 1 1 1 1 1 0 0 0 1 0 1 1 1 1 1 1
 0 0 0 0 0 0 0 0 0 0 0 0 1 1 1 1 1 0 1 1 1 1 1 0 0 1]
At  9401/30000: COST 0.013/4.015(0.020) -- Acc 1.000/0.410(0.994)
[0 0 0 0 1 1 0 1 0 1 0 0 1 0 0 0 1 1 0 0 1 1 0 0 1 0 1 1 1 1 0 0 1 0 0 1 1
 0 0 1 0 1 1 1 0 1 0 0 1 0 1 1 0 1 0 1 0 0 1 1 0 0 0 1 0 1 1 0 1 1 0 1 0 0
 0 1 1 0 0 0 0 0 1 1 1 0 1 0 0 0 1 0 1 0 0 0 1 1 1 0]
At  9501/30000: COST 0.002/3.308(0.025) -- Acc 1.000/0.490(0.993)
[1 0 1 0 1 1 1 1 0 1 1 0 0 1 0 1 1 1 0 0 0 0 1 0 0 1 1 0 0 1 0 1 1 0 0 1 1
 0 0 0 0 1 1 0 0 0 1 1 0 1 0 0 0 1 1 0 1 0 1 1 1 0 0 1 0 1 1 1 1 1 0 1 0 0
 1 1 1 1 1 0 1 1 0 0 1 0 1 1 0 1 1 0 1 1 0 0 1 1 1 1]
At  9601/30000: COST 0.006/3.830(0.022) -- Acc 1.000/0.490(0.993)
[0 0 1 0 0 0 0 0 1 0 1 1 0 0 0 0 1 0 1 0 1 1 1 1 1 1 0 0 1 1 1 0 1 1 1 0 1
 0 0 1 1 0 0 0 1 1 1 1 0 0 1 1 0 0 1 1 0 0 0 0 0 0 1 0 0 0 1 0 1 1 0 0 1 1
 0 1 0 1 0 1 1 1 0 1 0 1 0 0 1 1 1 1 1 1 1 0 0 1 0 0]
At  9701/30000: COST 0.010/3.927(0.015) -- Acc 1.000/0.450(0.996)
[0 0 1 1 0 0 1 1 1 1 0 1 0 0 0 0 0 1 1 1 0 0 1 0 0 0 1 0 0 0 1 0 1 0 1 1 1
 1 1 0 1 0 1 1 1 0 1 1 1 0 1 0 0 0 0 1 1 0 0 1 0 1 0 1 0 0 1 1 1 0 0 1 1 0
 1 0 0 1 1 1 1 0 1 0 0 1 1 0 1 0 1 1 1 1 1 1 0 0 1 1]
At  9801/30000: COST 0.039/3.968(0.012) -- Acc 0.990/0.490(0.997)
[1 0 1 1 1 1 1 1 1 1 1 0 1 0 0 0 0 0 0 1 0 1 1 0 0 0 0 0 1 1 0 1 1 1 0 0 0
 0 1 0 1 0 1 0 1 1 0 0 0 0 1 1 1 1 0 0 0 1 0 1 1 1 0 0 1 0 0 0 1 1 0 1 1 0
 0 0 1 1 1 1 0 1 0 0 0 0 0 1 0 1 1 1 1 1 0 1 0 0 0 0]
At  9901/30000: COST 0.018/3.836(0.015) -- Acc 0.990/0.440(0.995)
[1 0 0 0 1 1 0 0 1 1 1 0 0 0 0 0 1 1 0 1 0 1 1 0 1 0 1 1 0 1 1 1 1 0 1 0 0
 1 1 0 0 0 1 0 1 0 0 0 1 1 0 0 1 0 1 0 0 0 0 1 1 1 0 1 1 1 1 0 1 1 1 1 1 1
 1 0 1 0 1 1 0 1 0 1 1 0 0 0 0 1 0 0 0 1 1 0 0 0 0 0]
At 10001/30000: COST 0.085/3.585(0.022) -- Acc 0.970/0.490(0.994)
[0 0 0 0 1 0 0 1 1 0 0 1 1 0 1 0 1 1 1 0 0 0 0 0 0 0 1 1 0 1 0 1 1 0 1 1 1
 0 0 1 0 0 0 0 1 1 1 0 0 1 0 0 1 1 1 1 0 1 1 0 0 0 1 1 0 1 1 0 1 1 0 1 0 0
 1 1 1 1 1 0 1 0 1 1 0 0 1 0 0 1 0 0 1 1 1 0 1 0 1 1]
At 10101/30000: COST 0.014/3.655(0.027) -- Acc 0.990/0.500(0.992)
[0 0 0 0 0 0 0 0 1 1 0 0 1 0 1 0 0 1 0 0 0 0 0 1 1 1 0 0 1 1 1 1 1 0 1 1 0
 1 1 0 0 1 1 0 0 1 0 0 0 1 0 1 1 0 1 1 0 0 0 1 1 0 1 1 1 0 1 0 1 0 1 0 0 0
 1 1 0 0 1 1 0 1 0 0 1 1 1 1 0 0 1 1 1 1 0 1 0 0 0 1]
At 10201/30000: COST 0.011/3.994(0.020) -- Acc 1.000/0.390(0.994)
[1 1 0 1 1 1 1 0 1 0 1 1 1 0 0 1 1 1 1 0 1 1 1 1 1 1 1 0 1 1 0 1 1 0 0 1 0
 0 1 1 1 1 0 0 0 0 1 0 0 1 1 1 0 1 1 0 1 0 1 1 0 0 1 1 0 0 1 1 1 0 0 1 1 1
 0 0 1 1 0 1 1 0 1 0 1 1 1 1 1 0 0 1 1 1 1 0 0 1 1 1]
At 10301/30000: COST 0.027/3.944(0.025) -- Acc 0.990/0.450(0.992)
[1 0 0 1 0 0 0 1 1 0 0 1 0 1 0 1 1 0 0 1 1 0 1 1 0 1 1 1 1 1 1 1 1 1 1 0 1
 0 1 1 1 0 1 0 0 0 1 1 1 1 0 1 1 1 0 0 1 0 1 1 0 0 0 1 0 1 1 1 0 1 0 0 1 0
 0 1 1 0 0 0 1 0 1 1 0 1 0 1 1 0 0 1 1 0 1 0 1 0 1 1]
At 10401/30000: COST 0.086/3.767(0.045) -- Acc 0.980/0.380(0.989)
[1 1 0 1 1 0 0 1 1 0 0 0 0 1 1 0 0 0 0 1 0 1 1 0 1 0 1 1 0 0 1 1 1 1 0 1 0
 1 0 0 1 0 0 1 1 1 0 0 1 1 1 0 1 1 1 1 1 0 0 1 1 0 1 0 0 0 0 0 0 0 1 1 0 0
 1 0 0 0 0 1 1 0 0 1 1 0 0 1 0 1 0 1 1 1 1 0 1 1 0 1]
At 10501/30000: COST 0.005/3.463(0.034) -- Acc 1.000/0.420(0.990)
[0 0 0 0 0 1 1 1 1 1 1 1 1 0 1 0 0 0 1 1 0 0 0 0 0 0 1 0 1 1 1 0 0 1 0 0 1
 1 0 1 1 0 0 1 0 1 0 1 1 0 1 1 0 0 1 0 1 0 1 0 1 1 0 0 1 0 1 1 1 0 1 1 0 0
 1 0 1 0 0 0 1 0 1 0 0 0 1 0 1 0 1 0 1 1 1 1 0 0 1 1]
At 10601/30000: COST 0.002/3.730(0.019) -- Acc 1.000/0.430(0.994)
[1 1 1 0 0 0 1 0 0 0 0 1 0 0 0 1 1 1 0 0 0 1 1 1 0 1 1 0 0 0 1 1 1 0 1 0 0
 0 1 1 0 1 0 0 0 0 0 0 0 1 1 0 0 1 1 1 0 0 1 1 1 1 0 0 0 1 0 0 0 0 0 0 0 1
 0 1 0 1 1 1 0 1 1 1 1 0 1 1 0 1 1 0 1 1 1 0 1 0 0 1]
At 10701/30000: COST 0.003/3.757(0.015) -- Acc 1.000/0.470(0.996)
[0 1 1 0 1 0 0 1 1 0 0 1 1 0 0 1 1 1 1 1 0 0 1 0 1 0 0 1 1 1 1 1 0 0 0 0 1
 0 0 1 0 0 1 0 1 1 0 0 0 0 1 1 0 0 1 0 0 0 1 0 0 1 0 0 0 0 1 0 1 1 1 0 0 0
 1 1 0 0 1 1 1 0 1 1 1 0 1 0 0 0 0 1 0 1 0 1 0 1 0 0]
At 10801/30000: COST 0.002/4.156(0.010) -- Acc 1.000/0.430(0.997)
[0 1 1 0 1 1 1 0 0 1 1 1 1 1 0 0 0 0 0 0 1 1 1 1 0 1 1 1 1 0 1 0 1 0 1 0 1
 0 0 1 0 1 1 1 0 1 0 1 1 1 0 0 1 1 0 1 0 0 0 0 0 1 1 1 1 0 1 0 0 0 1 0 1 1
 0 0 1 1 0 0 0 0 0 0 0 0 1 1 0 0 1 0 1 0 0 0 1 0 0 0]
At 10901/30000: COST 0.007/4.615(0.007) -- Acc 1.000/0.410(0.998)
[1 0 1 1 0 0 0 0 0 0 0 1 1 0 0 1 1 1 1 1 0 1 0 0 1 1 0 0 0 0 1 0 0 0 1 0 0
 1 1 0 0 1 1 1 1 1 1 1 0 1 0 1 0 1 0 1 0 1 0 1 1 1 0 1 1 0 0 0 0 1 1 1 0 0
 1 0 1 0 1 1 1 0 0 1 1 0 0 0 1 1 0 1 0 0 0 0 0 1 0 1]
At 11001/30000: COST 0.004/4.103(0.012) -- Acc 1.000/0.440(0.997)
[0 1 1 0 0 1 0 0 0 0 1 0 0 0 0 0 0 1 0 0 1 0 1 1 1 1 1 0 0 0 1 1 1 1 1 0 0
 0 1 1 1 0 1 0 0 0 1 1 1 0 0 0 1 1 1 1 1 0 0 0 1 1 1 1 0 1 1 0 1 0 1 0 1 1
 1 0 1 0 0 1 1 0 0 1 0 1 1 0 0 0 0 1 1 1 0 1 0 0 0 1]
At 11101/30000: COST 0.007/3.947(0.014) -- Acc 1.000/0.430(0.996)
[0 1 0 1 0 1 1 1 0 0 0 0 1 1 0 1 1 1 0 1 1 0 0 1 0 1 0 1 1 0 1 0 0 0 0 0 0
 1 1 1 1 1 0 0 1 1 1 1 1 1 0 1 0 0 1 1 1 0 0 1 0 0 1 0 1 1 0 1 1 0 1 0 1 0
 1 0 1 1 1 0 0 1 0 0 1 1 1 1 1 0 1 1 1 1 1 0 0 1 0 0]
At 11201/30000: COST 0.001/3.950(0.014) -- Acc 1.000/0.470(0.996)
[1 0 1 0 0 0 0 1 0 1 0 1 0 1 0 0 0 1 0 0 1 1 1 0 0 1 1 1 0 1 0 1 0 1 0 0 1
 0 0 1 1 0 1 0 0 0 0 1 0 0 1 1 0 1 0 1 1 0 1 1 0 0 1 0 0 1 1 0 0 1 0 0 0 1
 1 0 0 1 1 1 1 1 0 0 1 1 1 1 0 1 1 0 1 0 1 0 1 1 1 1]
At 11301/30000: COST 0.001/3.900(0.014) -- Acc 1.000/0.460(0.996)
[0 0 0 1 1 0 1 1 0 1 1 1 1 0 1 0 0 0 0 0 0 1 0 0 1 0 0 0 0 1 1 0 1 1 1 1 1
 1 1 0 0 0 1 1 0 0 0 1 0 1 1 0 1 1 1 1 1 0 0 0 0 1 1 1 0 0 1 0 1 0 1 0 0 0
 0 1 1 0 0 1 1 1 0 0 0 0 0 1 1 0 1 1 0 1 0 0 0 1 0 0]
At 11401/30000: COST 0.011/3.522(0.025) -- Acc 0.990/0.500(0.992)
[0 1 0 0 0 0 0 1 1 1 0 0 0 0 1 0 0 1 1 0 1 0 1 1 0 1 1 1 1 1 1 1 1 1 1 1 0
 1 0 0 0 0 0 1 0 0 0 0 1 0 1 1 1 0 0 1 1 1 0 1 1 0 1 0 0 0 0 1 0 1 0 0 0 1
 0 1 0 0 1 1 0 1 0 1 1 0 0 0 0 1 1 1 1 0 1 0 0 1 1 1]
At 11501/30000: COST 0.004/3.841(0.020) -- Acc 1.000/0.490(0.994)
[0 0 0 0 1 1 1 0 0 0 1 0 0 1 1 1 1 1 0 1 0 1 1 0 0 0 1 1 0 0 1 0 0 1 1 0 0
 0 1 1 1 1 1 0 1 0 1 0 1 1 1 1 0 1 1 0 0 0 0 1 0 0 0 0 0 1 0 1 0 0 1 0 1 1
 1 0 0 1 1 1 1 0 0 1 0 0 1 0 1 0 1 0 1 0 0 0 1 1 0 0]
At 11601/30000: COST 0.009/3.770(0.023) -- Acc 1.000/0.490(0.993)
[1 0 1 1 1 1 0 0 0 0 0 0 0 1 1 1 1 1 1 1 0 0 0 0 1 0 1 0 0 0 1 1 1 1 1 0 0
 1 0 0 0 1 1 1 1 0 1 0 1 1 0 0 1 1 1 0 1 1 1 0 1 1 0 1 0 0 1 1 0 1 0 0 1 0
 0 1 1 1 0 1 0 0 0 0 1 0 1 1 1 1 1 0 0 0 0 1 0 0 0 1]
At 11701/30000: COST 0.001/4.249(0.016) -- Acc 1.000/0.470(0.995)
[0 1 0 0 0 0 0 1 0 0 0 1 0 0 1 0 1 1 1 1 0 0 1 0 1 1 1 1 0 0 0 0 0 1 1 1 0
 0 1 0 0 1 0 0 0 0 1 0 1 1 1 1 1 1 0 1 1 0 0 1 1 0 0 0 0 0 1 1 0 1 0 1 1 1
 1 1 1 0 0 1 1 1 0 1 1 1 1 1 1 1 1 0 1 0 1 1 0 0 0 0]
At 11801/30000: COST 0.004/4.053(0.024) -- Acc 1.000/0.430(0.993)
[1 0 0 1 0 0 0 1 0 0 0 1 1 1 0 0 1 0 1 1 1 1 1 1 1 1 0 0 0 0 1 0 0 1 1 0 1
 1 1 0 1 0 1 0 0 0 0 1 1 0 0 0 0 0 0 0 0 0 0 1 1 0 1 0 0 0 0 0 1 1 1 1 1 1
 1 0 1 0 1 0 1 1 1 0 1 0 1 1 0 1 1 0 1 1 0 1 0 0 0 1]
At 11901/30000: COST 0.033/2.925(0.058) -- Acc 1.000/0.520(0.982)
[0 0 1 1 0 1 0 1 0 1 0 1 1 0 1 1 0 1 0 0 0 1 0 1 0 1 0 0 1 0 0 0 1 1 1 0 1
 1 1 0 0 1 1 0 0 1 0 0 1 0 0 1 0 1 0 1 0 1 1 0 0 1 0 0 0 1 0 0 1 0 0 0 0 0
 1 0 1 1 1 0 1 1 0 1 1 0 0 0 1 0 1 1 0 1 1 1 1 0 0 0]
At 12001/30000: COST 0.016/3.046(0.039) -- Acc 1.000/0.480(0.987)
[0 1 1 0 0 0 1 1 0 1 0 0 0 1 0 1 0 1 1 0 1 1 1 0 0 1 0 1 0 1 0 1 0 0 0 1 1
 1 0 1 1 0 1 1 0 0 0 0 1 1 1 0 0 0 0 0 0 0 0 0 1 0 1 1 1 0 0 0 0 0 1 0 1 0
 0 1 0 1 1 0 1 1 1 0 0 0 0 1 1 0 0 1 1 0 1 1 0 1 1 1]
At 12101/30000: COST 0.033/3.449(0.025) -- Acc 0.980/0.500(0.992)
[1 1 1 1 0 1 0 1 1 1 0 1 0 0 1 0 1 1 0 0 0 0 1 1 0 0 1 1 1 1 0 0 0 0 0 1 1
 1 0 1 0 0 1 1 0 0 0 1 0 1 0 1 0 0 1 1 1 1 0 0 1 1 1 1 0 0 0 0 0 1 0 0 1 0
 0 1 1 0 1 1 0 0 0 0 0 0 0 0 1 0 1 1 0 0 1 0 1 1 1 1]
At 12201/30000: COST 0.020/3.174(0.027) -- Acc 0.990/0.480(0.992)
[0 0 0 0 0 1 1 1 1 0 0 0 0 1 1 0 1 1 1 0 1 0 0 0 0 1 0 0 1 0 1 1 0 1 0 0 0
 0 1 0 0 1 0 0 1 1 1 1 0 1 1 1 0 1 1 1 1 0 0 1 0 0 1 0 1 1 0 0 1 1 0 1 0 1
 0 1 0 1 1 1 0 1 0 1 0 1 0 1 1 1 1 1 0 1 0 0 0 1 0 1]
At 12301/30000: COST 0.003/3.489(0.017) -- Acc 1.000/0.460(0.995)
[0 1 1 1 1 0 0 0 0 1 0 1 1 1 0 0 1 1 1 0 0 0 1 0 0 0 0 1 0 1 0 0 1 0 1 0 0
 0 0 0 1 0 0 0 0 1 1 1 1 1 0 0 1 1 0 0 1 1 0 1 1 1 1 0 1 0 1 1 0 0 1 0 1 0
 0 0 1 1 1 1 0 0 1 0 0 1 0 0 1 0 1 1 1 1 0 0 1 0 1 0]
At 12401/30000: COST 0.007/3.688(0.015) -- Acc 1.000/0.470(0.996)
[0 0 1 0 0 0 1 1 1 0 0 0 1 0 1 1 1 0 0 1 0 0 0 1 1 0 1 0 0 0 0 1 0 1 1 0 1
 0 0 1 0 1 1 1 1 1 0 0 1 1 0 0 0 0 0 1 1 0 1 0 0 1 1 0 0 1 0 0 1 0 0 0 0 0
 1 1 0 0 1 1 0 1 0 1 1 1 1 0 0 1 1 0 1 0 1 1 0 0 0 1]
At 12501/30000: COST 0.024/3.566(0.014) -- Acc 0.990/0.470(0.996)
[0 0 1 1 0 0 1 1 1 0 0 1 1 1 0 1 0 1 0 0 1 0 1 1 1 1 0 1 1 0 1 1 1 0 0 0 0
 1 1 1 0 1 1 1 1 1 0 0 0 0 0 0 1 1 1 0 0 0 0 0 1 1 0 0 1 1 0 0 0 1 1 1 0 0
 0 1 0 1 1 1 1 0 1 0 0 0 1 0 0 0 1 0 1 1 0 0 0 1 1 0]
At 12601/30000: COST 0.003/3.793(0.011) -- Acc 1.000/0.470(0.996)
[1 1 1 1 1 0 1 1 1 1 0 0 1 0 0 1 0 1 0 0 1 0 1 1 1 0 0 1 1 0 1 0 1 0 1 0 1
 0 0 1 1 1 0 1 0 1 1 0 0 0 1 0 1 1 0 0 0 0 0 0 1 1 1 1 0 0 0 1 0 0 1 1 1 1
 0 0 0 0 0 1 1 0 0 1 1 0 1 1 0 0 0 0 1 1 0 1 0 1 0 1]
At 12701/30000: COST 0.041/3.881(0.009) -- Acc 0.990/0.460(0.997)
[1 0 0 0 0 1 1 0 1 1 1 1 1 0 0 0 0 1 0 0 0 1 0 1 0 0 1 1 1 1 1 1 0 1 0 0 1
 0 0 0 0 1 0 0 0 0 0 1 1 1 0 1 1 0 1 0 1 1 1 0 1 0 1 0 1 0 0 1 0 1 1 1 0 1
 0 1 1 1 0 1 1 0 0 1 0 1 0 0 1 0 1 0 1 1 1 0 0 0 0 0]
At 12801/30000: COST 0.012/3.670(0.008) -- Acc 0.990/0.480(0.998)
[1 1 1 1 1 1 0 1 1 1 0 0 0 1 0 0 0 1 0 1 1 1 0 0 1 1 0 1 1 1 1 0 1 0 0 0 1
 0 0 0 1 0 1 1 0 0 0 0 1 0 1 0 1 1 1 1 0 0 1 1 0 1 0 0 0 1 1 1 0 0 1 0 0 1
 0 1 1 1 1 1 0 1 0 0 0 1 0 1 1 1 1 1 1 1 1 0 0 0 0 0]
At 12901/30000: COST 0.004/4.529(0.013) -- Acc 1.000/0.450(0.996)
[1 1 1 1 1 0 0 0 1 1 1 0 0 1 0 1 0 0 0 1 1 0 0 0 0 0 0 0 0 0 0 0 1 0 0 1 0
 0 0 1 1 1 1 1 1 0 0 1 1 1 0 1 1 0 0 1 0 1 0 0 0 0 1 1 0 1 0 1 0 0 1 0 1 0
 1 1 0 1 0 0 0 1 0 1 1 1 1 1 0 1 0 0 0 1 1 0 1 0 1 0]
At 13001/30000: COST 0.004/3.591(0.018) -- Acc 1.000/0.500(0.995)
[1 0 1 1 1 0 0 0 0 0 0 0 0 0 1 1 0 1 1 0 0 0 1 1 0 0 1 0 0 0 1 0 1 0 0 1 1
 1 1 0 0 1 0 1 1 0 0 1 1 1 1 1 0 0 0 1 1 1 1 0 0 0 1 0 1 0 1 0 1 1 1 1 0 1
 1 1 0 1 1 0 1 1 1 0 1 1 1 1 0 0 1 0 0 0 1 0 0 1 0 0]
At 13101/30000: COST 0.136/2.376(0.065) -- Acc 0.970/0.500(0.981)
[1 0 1 1 0 1 0 0 0 1 1 0 0 0 0 0 0 0 1 0 1 1 0 1 1 0 1 1 0 1 0 0 0 1 0 1 0
 0 0 0 1 0 1 1 0 0 0 1 1 1 0 0 1 0 0 0 1 1 1 0 1 0 0 1 0 1 1 0 1 1 1 1 0 0
 1 0 0 0 0 0 0 1 0 1 1 1 1 0 1 1 1 1 1 1 1 1 0 0 1 1]
At 13201/30000: COST 0.027/2.668(0.053) -- Acc 0.990/0.490(0.984)
[0 1 1 1 1 1 0 1 0 1 0 1 1 0 1 0 1 1 0 1 1 1 1 1 1 0 0 0 0 1 1 1 0 0 1 1 1
 1 0 0 1 1 0 0 0 0 0 1 0 0 0 0 1 1 0 0 1 0 0 0 0 0 0 1 1 1 0 1 0 0 0 1 1 1
 1 1 1 0 1 0 0 1 0 1 0 0 0 1 0 0 0 1 1 1 0 0 0 1 0 0]
At 13301/30000: COST 0.011/2.772(0.037) -- Acc 1.000/0.460(0.989)
[1 0 1 1 1 0 1 0 1 0 0 1 1 1 1 1 0 1 1 1 0 1 1 1 0 0 1 0 1 1 1 0 1 0 0 0 0
 0 0 0 1 0 1 1 0 0 0 1 0 1 1 0 1 1 1 1 1 1 1 1 1 1 0 0 0 0 1 1 1 0 1 0 1 1
 0 1 0 0 1 0 1 0 0 0 1 0 1 1 1 0 0 0 1 1 0 0 1 1 1 0]
At 13401/30000: COST 0.016/3.430(0.023) -- Acc 0.990/0.470(0.993)
[0 1 1 1 0 1 0 1 1 0 1 0 0 0 1 0 0 0 1 0 1 1 0 1 0 0 0 0 1 0 1 1 0 1 0 1 1
 0 1 0 1 1 0 1 0 0 1 0 1 0 0 1 1 1 1 1 1 1 1 0 1 0 0 1 1 0 1 0 0 0 0 0 1 1
 0 1 1 1 1 0 0 1 0 1 1 1 0 1 1 1 0 0 1 1 1 1 1 0 0 0]
At 13501/30000: COST 0.046/3.275(0.018) -- Acc 0.980/0.510(0.994)
[0 0 0 0 1 1 1 1 1 1 1 0 0 0 1 0 1 1 1 0 1 0 1 1 1 1 1 0 1 0 1 0 1 0 1 1 1
 1 0 0 1 0 0 1 0 0 0 1 1 0 0 1 1 0 0 0 0 1 1 1 1 0 1 1 0 0 0 0 1 0 0 0 1 0
 1 1 1 0 1 1 0 1 1 1 1 1 1 1 0 1 1 1 1 1 0 1 1 0 0 0]
At 13601/30000: COST 0.001/3.311(0.013) -- Acc 1.000/0.520(0.996)
[0 1 1 1 0 1 1 1 1 0 0 1 0 0 1 0 0 1 0 0 1 1 1 1 1 1 1 0 0 0 0 0 1 0 0 1 1
 0 1 1 0 1 0 1 0 0 0 0 0 0 0 0 1 0 1 1 0 1 1 1 1 0 0 1 1 1 0 1 1 1 0 1 0 1
 1 1 0 0 1 1 1 0 0 0 1 1 1 1 1 0 0 1 1 1 1 0 1 0 1 0]
At 13701/30000: COST 0.035/3.406(0.014) -- Acc 0.990/0.520(0.996)
[0 1 1 0 0 1 1 0 0 0 0 1 1 0 0 0 1 0 0 0 1 1 1 0 0 1 0 1 0 0 0 0 1 0 0 1 1
 1 1 1 1 0 0 0 1 1 0 0 0 0 0 0 0 0 1 0 0 1 0 1 1 1 1 1 0 1 0 0 0 1 0 0 0 1
 1 1 1 1 1 1 0 1 0 0 1 1 1 1 1 0 0 1 0 1 1 1 1 0 0 0]
At 13801/30000: COST 0.015/3.272(0.024) -- Acc 1.000/0.450(0.993)
[1 1 0 0 1 1 1 0 1 1 0 1 0 1 1 0 0 1 1 0 0 0 0 0 0 1 0 1 0 0 0 0 1 1 1 1 1
 0 0 1 1 0 1 1 1 0 0 0 0 0 0 1 0 1 1 0 1 1 0 1 1 1 0 0 0 0 0 0 1 0 0 0 1 0
 0 1 1 0 0 1 0 0 1 1 0 0 0 1 0 0 0 0 1 1 0 1 1 0 1 0]
At 13901/30000: COST 0.009/3.294(0.017) -- Acc 1.000/0.500(0.995)
[0 1 1 0 0 0 1 0 1 0 0 0 1 1 1 1 0 0 1 0 0 0 1 0 1 1 0 1 1 1 1 1 0 0 0 1 1
 1 0 1 1 0 1 1 1 0 0 1 0 0 0 0 1 1 0 1 0 0 1 0 0 1 0 0 1 0 0 0 1 1 1 1 1 0
 0 0 0 0 0 1 1 0 0 0 0 0 1 0 1 0 0 0 1 0 0 1 0 1 1 1]
At 14001/30000: COST 0.007/3.017(0.018) -- Acc 1.000/0.550(0.995)
[1 1 1 0 0 1 0 0 1 0 1 1 1 1 1 0 0 1 1 0 1 1 0 1 0 1 1 0 1 0 0 0 1 1 1 1 0
 0 0 1 1 1 1 1 0 0 0 1 1 1 0 0 1 0 1 1 1 0 0 1 0 0 0 0 1 1 0 0 0 1 0 0 1 1
 1 0 1 0 0 0 0 1 1 1 1 1 0 0 0 0 1 0 0 0 0 0 0 1 1 0]
At 14101/30000: COST 0.007/3.517(0.019) -- Acc 1.000/0.450(0.994)
[0 1 1 0 0 0 1 1 1 0 0 1 0 0 1 1 0 0 0 0 0 1 0 1 1 0 0 1 1 0 1 0 0 1 1 0 0
 1 1 1 1 0 1 1 1 0 1 1 0 0 1 1 0 1 1 1 0 0 0 1 1 0 0 0 1 0 1 1 1 0 1 1 1 0
 0 1 0 0 1 1 1 0 0 1 0 0 0 0 1 1 0 1 1 0 0 1 0 0 1 1]
At 14201/30000: COST 0.001/3.794(0.014) -- Acc 1.000/0.440(0.996)
[0 1 0 1 1 0 0 0 1 0 0 1 1 0 0 0 0 0 0 1 1 1 1 1 1 0 1 1 1 0 1 0 0 1 0 0 1
 1 1 0 1 0 1 0 1 1 0 1 1 1 0 0 1 0 1 1 0 0 0 1 1 1 0 1 0 1 1 0 0 1 1 0 1 1
 0 0 0 1 1 1 1 1 1 1 1 0 1 1 1 0 1 0 0 1 1 0 0 0 1 0]
At 14301/30000: COST 0.003/4.010(0.014) -- Acc 1.000/0.420(0.996)
[1 0 0 1 1 1 0 1 0 0 0 0 0 1 0 0 1 1 0 0 1 0 0 1 0 0 0 0 1 0 0 1 0 0 0 1 0
 1 0 0 1 1 0 1 1 0 1 0 1 0 0 0 1 0 1 0 0 1 1 0 0 1 0 1 1 0 1 0 1 1 0 0 1 1
 1 1 1 1 1 1 0 0 1 1 0 1 0 1 0 0 0 1 0 0 0 0 1 0 0 0]
At 14401/30000: COST 0.008/3.706(0.014) -- Acc 1.000/0.490(0.996)
[0 1 0 1 0 0 0 1 0 0 0 1 0 1 0 1 1 1 1 1 0 1 1 0 0 0 1 1 1 0 1 1 1 0 1 1 0
 1 1 0 1 0 1 1 1 0 1 1 0 1 0 0 1 1 1 1 0 0 0 0 0 1 0 1 1 1 0 1 0 1 1 0 1 1
 0 1 1 0 0 0 0 1 1 1 1 0 1 0 0 0 1 1 1 1 0 1 1 1 1 0]
At 14501/30000: COST 0.017/3.770(0.020) -- Acc 0.990/0.460(0.994)
[1 1 1 1 1 1 0 0 0 1 1 0 1 1 1 0 1 1 1 1 0 0 1 0 1 1 0 0 1 0 0 0 1 0 0 0 0
 0 0 0 0 1 1 0 1 0 0 1 0 1 1 0 1 1 0 0 0 1 1 1 1 1 0 0 0 1 0 1 0 0 1 1 0 1
 1 1 0 1 1 0 0 1 0 0 1 1 1 1 1 0 1 0 1 1 0 1 0 1 0 1]
At 14601/30000: COST 0.055/3.176(0.036) -- Acc 0.980/0.510(0.989)
[0 1 0 0 1 0 0 1 0 0 0 0 1 1 0 1 0 0 1 1 1 0 1 0 0 1 1 1 0 0 1 0 1 0 0 0 0
 1 1 0 0 1 1 1 1 0 0 0 1 0 1 0 1 1 1 0 1 1 1 1 0 1 0 1 1 0 1 1 1 0 0 1 0 1
 0 1 0 0 0 1 0 1 1 0 1 0 0 0 0 0 1 1 1 1 0 1 0 1 1 0]
At 14701/30000: COST 0.005/3.548(0.022) -- Acc 1.000/0.510(0.993)
[0 1 0 0 1 1 0 0 0 1 0 1 0 1 0 0 1 1 0 0 0 0 0 0 1 0 1 0 1 1 1 0 0 1 0 0 1
 1 1 0 0 1 1 0 0 1 1 1 0 1 1 1 0 0 0 1 0 0 0 1 1 0 1 1 1 1 1 0 0 0 1 0 0 1
 1 0 0 1 1 0 0 0 0 0 1 0 1 1 0 0 0 0 1 0 0 1 0 0 1 1]
At 14801/30000: COST 0.004/4.080(0.014) -- Acc 1.000/0.460(0.996)
[1 1 1 1 1 1 0 0 0 0 0 1 1 0 0 0 0 1 1 1 0 0 1 0 1 1 1 0 0 0 0 0 0 1 1 0 0
 1 0 1 0 1 0 1 1 0 0 0 1 0 1 0 1 0 1 0 0 1 1 0 0 0 1 0 0 1 0 1 0 1 0 1 0 0
 1 0 1 0 0 0 0 0 1 1 0 1 0 1 1 1 1 1 0 1 0 0 0 1 1 0]
At 14901/30000: COST 0.009/3.978(0.016) -- Acc 1.000/0.450(0.996)
[0 0 0 0 0 0 0 0 0 0 1 1 1 0 0 1 1 0 0 0 1 0 0 1 1 1 1 0 1 0 0 1 0 0 1 0 0
 1 1 0 1 1 1 1 1 0 1 1 1 0 1 1 1 0 0 0 1 0 0 1 0 0 1 0 0 1 1 0 1 0 1 0 0 1
 0 0 1 1 1 1 1 1 1 0 0 0 1 0 0 1 0 1 0 0 0 0 1 1 1 1]
At 15001/30000: COST 0.001/4.039(0.014) -- Acc 1.000/0.490(0.996)
[0 1 0 0 0 1 0 1 0 1 1 0 0 0 1 0 0 0 0 0 1 0 0 0 0 0 1 1 0 1 1 0 1 0 0 1 1
 0 0 1 1 0 1 1 0 1 1 1 0 0 1 1 1 1 1 1 1 0 1 0 0 1 1 1 0 1 0 0 1 0 0 0 1 1
 0 1 0 0 1 1 0 1 0 0 1 0 1 1 1 0 0 1 1 0 0 0 0 0 1 1]
At 15101/30000: COST 0.002/4.058(0.012) -- Acc 1.000/0.410(0.997)
[0 1 1 0 0 1 1 1 0 1 0 1 1 1 1 1 0 0 0 0 1 1 1 1 0 0 0 1 1 0 1 0 0 0 0 1 0
 1 1 1 0 0 1 0 0 0 0 1 1 0 0 1 1 0 0 0 1 1 0 0 1 0 1 0 0 1 1 0 0 1 0 1 0 0
 0 1 0 0 1 1 1 1 0 1 0 1 0 0 1 0 1 1 0 0 1 0 0 0 0 1]
At 15201/30000: COST 0.009/4.031(0.015) -- Acc 1.000/0.440(0.995)
[0 1 1 1 0 0 1 1 0 1 0 1 0 1 0 1 1 1 0 1 0 0 0 1 1 0 1 0 1 0 0 0 0 1 0 0 1
 0 1 1 1 0 1 0 1 0 1 0 1 1 0 1 1 1 1 1 0 1 0 0 0 0 1 1 1 1 1 0 0 1 0 1 0 0
 1 0 0 0 1 0 0 0 0 0 0 0 0 1 1 0 1 1 1 0 1 1 0 0 0 1]
At 15301/30000: COST 0.030/3.708(0.017) -- Acc 0.990/0.440(0.995)
[1 1 0 0 0 0 0 0 1 0 0 0 0 1 0 1 0 0 0 1 1 1 0 0 0 0 1 0 1 1 1 1 0 1 1 0 1
 1 1 0 0 1 1 1 0 1 0 0 1 0 0 1 0 1 1 1 1 1 0 1 0 0 0 0 1 1 0 0 0 0 1 0 0 0
 1 0 1 0 1 1 1 1 0 1 1 0 0 1 1 1 1 0 0 1 0 1 1 1 0 1]
At 15401/30000: COST 0.007/3.836(0.022) -- Acc 1.000/0.450(0.993)
[1 0 0 1 1 1 0 0 1 0 1 1 1 1 0 0 1 1 0 0 0 0 0 0 1 0 0 0 1 1 1 1 0 0 0 0 0
 1 0 1 0 0 0 0 0 0 0 1 0 1 0 1 1 0 0 1 1 0 0 0 1 1 1 1 1 1 0 1 1 1 1 0 0 0
 0 1 1 1 0 1 1 1 0 1 0 0 0 1 1 1 1 0 0 0 0 1 1 1 0 1]
At 15501/30000: COST 0.001/3.629(0.019) -- Acc 1.000/0.500(0.994)
[0 0 0 1 0 1 1 0 1 0 1 0 0 0 0 1 0 0 0 1 1 1 1 0 1 1 1 0 1 1 0 0 0 0 1 0 0
 0 1 0 0 1 0 1 0 0 1 1 1 1 0 0 0 0 0 0 1 1 1 0 1 1 1 1 1 1 1 1 1 1 0 1 1 1
 0 0 1 0 0 0 1 1 1 0 1 0 1 0 0 0 1 1 1 1 1 1 0 0 1 1]
At 15601/30000: COST 0.003/3.624(0.015) -- Acc 1.000/0.500(0.996)
[0 0 0 0 0 1 0 0 0 0 1 1 0 0 0 1 0 0 0 1 1 0 1 1 0 0 1 1 1 1 1 0 0 0 1 1 0
 1 1 0 1 0 1 0 0 1 1 1 0 0 0 1 0 0 0 0 0 1 1 1 0 1 0 1 1 1 1 0 0 1 0 1 1 1
 0 0 0 1 1 1 1 0 1 0 0 0 1 0 0 0 1 1 0 1 0 0 1 0 1 0]
At 15701/30000: COST 0.005/3.851(0.014) -- Acc 1.000/0.490(0.996)
[0 0 0 0 0 0 0 0 1 1 1 1 0 1 1 0 0 1 1 0 1 1 1 0 0 1 0 1 0 0 0 1 0 0 0 1 0
 1 0 1 0 0 0 0 0 1 0 1 0 1 0 0 0 0 1 1 1 0 1 0 0 1 1 0 0 0 1 1 1 0 0 1 1 1
 1 1 1 0 1 0 0 0 1 0 0 1 1 1 1 1 0 0 1 1 1 0 0 1 1 1]
At 15801/30000: COST 0.000/3.739(0.010) -- Acc 1.000/0.490(0.997)
[0 0 1 1 1 0 1 0 1 1 0 0 1 0 0 0 0 1 0 1 0 1 1 1 0 1 1 1 0 1 0 1 0 0 1 1 0
 0 0 0 0 1 0 1 0 0 0 0 1 0 0 0 0 0 1 0 0 0 1 0 0 0 1 0 1 1 1 1 1 1 1 0 0 0
 1 1 1 0 0 1 0 1 0 1 1 1 0 0 0 1 1 1 0 1 1 1 1 1 1 1]
At 15901/30000: COST 0.002/3.429(0.011) -- Acc 1.000/0.550(0.996)
[0 1 0 1 1 1 0 1 1 1 1 1 0 0 0 0 1 1 1 0 0 0 0 0 0 1 1 0 0 0 0 0 1 1 0 1 1
 0 0 0 1 0 1 1 1 0 0 0 1 1 1 0 0 1 0 0 0 0 1 0 0 0 0 1 0 0 0 0 1 1 1 1 0 0
 0 1 1 1 1 1 1 0 0 0 1 1 1 1 1 0 0 0 0 0 1 0 0 0 0 0]
At 16001/30000: COST 0.004/3.485(0.013) -- Acc 1.000/0.510(0.996)
[1 0 1 0 0 0 1 1 0 0 1 0 0 1 1 0 0 0 1 1 0 1 0 0 1 1 0 0 0 0 1 0 1 1 1 1 0
 1 1 1 0 1 1 1 1 0 1 0 1 0 1 1 1 0 1 1 0 0 1 0 0 1 0 1 0 0 1 0 0 1 0 1 1 1
 0 1 0 0 0 0 0 1 1 1 0 1 1 1 0 0 1 1 1 0 1 0 1 1 1 0]
At 16101/30000: COST 0.010/3.881(0.011) -- Acc 1.000/0.440(0.997)
[0 0 0 0 0 1 1 1 1 1 1 1 0 0 0 1 1 0 1 0 0 0 1 1 0 0 0 1 0 1 1 0 1 0 0 0 0
 1 1 0 1 1 0 1 0 1 0 1 1 0 1 1 1 0 0 0 0 1 1 1 0 1 0 1 0 0 0 1 0 0 0 1 1 1
 0 0 1 1 1 1 1 1 0 0 1 1 0 0 1 0 0 0 1 0 1 1 0 1 1 1]
At 16201/30000: COST 0.019/4.120(0.013) -- Acc 0.990/0.460(0.996)
[1 0 1 0 1 1 1 0 0 0 0 0 1 1 0 1 1 1 0 1 0 0 1 1 1 1 1 1 0 0 1 1 1 0 0 0 0
 0 0 1 0 1 1 1 1 0 1 0 0 0 0 0 1 0 0 0 1 0 0 1 1 1 1 1 0 1 0 0 1 1 0 1 0 0
 0 0 1 0 0 0 1 0 1 1 0 1 0 1 1 0 0 0 0 0 0 1 1 1 0 1]
At 16301/30000: COST 0.002/4.267(0.012) -- Acc 1.000/0.390(0.996)
[1 0 1 1 1 0 1 1 0 0 0 0 0 0 1 1 0 1 0 0 0 0 0 1 0 1 1 1 0 0 0 0 1 1 0 1 0
 1 0 1 1 1 1 1 1 1 1 0 1 0 1 0 1 1 0 0 1 0 0 1 0 0 0 1 0 0 0 1 1 0 0 1 1 1
 1 1 1 0 0 0 1 1 1 0 1 1 0 1 1 0 1 0 0 0 0 0 1 1 1 1]
At 16401/30000: COST 0.132/4.170(0.027) -- Acc 0.970/0.430(0.993)
[0 1 1 1 0 0 0 0 1 1 0 0 1 0 1 1 1 0 0 1 0 0 0 1 1 1 1 1 0 1 0 0 0 1 1 0 1
 0 0 0 1 0 1 0 1 0 0 1 1 0 0 1 0 1 0 0 1 0 0 1 1 1 1 1 1 0 1 0 0 0 1 1 0 1
 0 1 1 0 0 1 0 0 1 1 1 0 1 1 0 1 0 0 1 1 1 1 1 0 1 0]
At 16501/30000: COST 0.061/2.745(0.056) -- Acc 0.980/0.490(0.984)
[1 0 0 1 0 0 1 0 1 1 1 1 1 1 1 1 1 0 1 0 1 1 0 0 0 0 0 0 1 1 1 0 0 0 0 0 0
 1 0 0 0 1 0 0 0 1 0 1 0 1 1 1 0 0 1 0 0 0 1 1 1 1 0 0 1 0 1 0 1 1 1 1 0 1
 0 1 1 1 1 0 1 0 0 0 0 1 0 1 0 0 0 1 0 0 0 1 1 0 0 0]
At 16601/30000: COST 0.002/3.015(0.032) -- Acc 1.000/0.520(0.991)
[1 1 0 1 1 0 1 0 0 0 1 0 0 0 0 1 0 1 1 1 1 1 0 0 0 1 1 0 0 1 0 0 1 0 1 1 0
 1 1 1 0 0 1 0 0 1 1 1 1 0 1 0 0 1 0 0 0 1 0 1 1 1 1 0 0 1 0 0 1 0 1 0 0 1
 0 0 0 1 1 0 1 0 1 0 1 0 0 0 1 0 1 1 1 1 1 0 1 0 1 1]
At 16701/30000: COST 0.001/3.392(0.021) -- Acc 1.000/0.460(0.994)
[1 0 0 0 0 1 0 1 0 1 1 1 0 1 1 1 1 0 0 0 1 1 0 0 0 1 1 0 0 0 0 0 0 1 1 0 0
 0 1 0 1 0 0 0 1 1 1 0 0 0 0 1 0 1 0 1 1 0 1 0 0 0 1 1 0 0 0 1 0 1 1 0 1 1
 0 1 1 0 0 1 0 1 0 1 1 1 1 1 0 1 0 0 1 1 1 0 0 1 0 1]
At 16801/30000: COST 0.009/3.478(0.020) -- Acc 0.990/0.490(0.993)
[1 1 0 0 0 0 1 0 0 0 1 0 1 1 0 1 0 1 1 0 0 1 0 0 0 1 1 0 0 0 1 1 1 1 1 0 1
 1 0 0 1 0 1 0 0 0 0 0 0 0 0 1 1 1 0 0 0 0 1 1 0 1 1 1 0 0 1 1 0 0 1 1 0 1
 0 0 0 1 1 1 0 1 0 0 0 1 0 1 0 1 0 0 1 0 1 0 0 1 0 0]
At 16901/30000: COST 0.009/3.013(0.017) -- Acc 0.990/0.510(0.995)
[1 0 0 1 0 1 0 0 0 0 1 0 0 1 0 1 0 1 1 0 0 1 1 0 0 1 0 1 1 1 0 0 1 1 1 0 0
 0 0 0 1 1 0 0 1 0 1 1 1 1 1 1 0 1 0 0 0 1 1 1 1 0 1 0 1 1 1 1 0 1 0 0 0 0
 0 1 0 0 0 0 1 0 0 0 1 0 0 0 0 1 1 1 0 1 1 0 0 0 1 0]
At 17001/30000: COST 0.013/3.447(0.017) -- Acc 1.000/0.470(0.995)
[0 1 0 0 1 0 1 0 1 0 0 1 0 0 0 1 0 0 0 0 0 0 0 1 0 0 1 1 0 1 0 1 0 1 0 1 0
 0 1 0 1 1 0 0 1 1 0 1 0 1 1 1 0 1 0 0 1 0 1 0 0 1 0 1 0 0 0 1 0 1 0 1 0 0
 1 1 1 1 0 1 1 0 1 1 0 1 0 1 1 1 0 1 0 1 1 1 0 0 1 0]
At 17101/30000: COST 0.013/3.715(0.019) -- Acc 0.990/0.460(0.994)
[1 1 1 1 0 0 1 0 1 0 0 0 0 0 1 0 0 0 1 1 1 1 0 0 1 1 1 1 1 0 1 0 0 0 0 0 0
 0 0 1 0 1 0 1 0 1 0 1 1 0 1 1 0 1 1 0 0 0 0 0 0 1 0 1 0 1 1 1 1 1 1 1 1 0
 1 0 1 0 0 1 1 0 0 0 0 1 0 0 0 1 0 0 1 1 0 0 1 1 0 0]
At 17201/30000: COST 0.014/3.594(0.013) -- Acc 1.000/0.460(0.996)
[0 0 0 0 0 0 0 1 0 1 0 0 1 1 1 0 1 0 0 1 0 0 1 0 1 0 0 0 0 1 1 0 1 1 0 0 0
 0 1 1 1 1 1 0 1 1 0 0 0 1 0 0 0 0 0 1 0 1 0 0 0 1 1 1 1 0 1 0 1 0 0 1 0 0
 0 0 1 1 0 1 0 0 1 1 1 0 1 1 1 0 1 0 0 0 0 1 1 1 1 1]
At 17301/30000: COST 0.002/3.950(0.011) -- Acc 1.000/0.440(0.997)
[1 1 0 0 0 0 0 0 1 0 1 1 0 1 0 1 0 0 0 1 0 0 0 0 1 0 0 0 1 1 1 1 0 1 0 0 1
 1 0 1 1 0 1 0 0 0 0 1 1 0 1 1 0 1 1 1 0 0 0 1 1 1 0 0 0 0 1 0 1 1 0 1 0 0
 0 0 0 1 1 0 0 0 0 0 0 0 1 0 1 1 0 0 1 0 1 0 1 0 1 1]
At 17401/30000: COST 0.037/3.765(0.016) -- Acc 0.980/0.480(0.995)
[1 0 1 0 1 1 1 0 0 0 1 1 0 1 1 1 1 1 1 0 1 0 0 1 0 0 1 1 1 0 1 0 1 0 0 0 0
 0 1 0 1 0 1 1 1 0 0 0 0 1 1 1 1 1 1 0 0 0 1 1 0 0 0 0 0 0 0 0 0 0 1 0 0 0
 1 0 1 1 0 0 0 0 0 1 1 1 0 0 0 1 1 1 1 0 1 1 1 0 1 0]
At 17501/30000: COST 0.009/4.124(0.016) -- Acc 1.000/0.430(0.995)
[1 0 0 0 1 1 0 0 1 1 1 0 0 0 0 0 0 1 0 1 0 0 1 1 0 0 1 0 0 1 0 1 0 0 0 1 0
 0 1 0 0 0 0 0 0 1 0 1 1 1 0 1 1 1 0 0 1 0 1 1 0 1 0 0 0 1 1 0 1 0 1 0 1 0
 1 0 1 1 0 1 0 0 0 0 0 1 1 0 0 1 1 1 0 0 0 0 0 0 1 1]
At 17601/30000: COST 0.012/3.784(0.016) -- Acc 0.990/0.450(0.995)
[0 0 0 1 0 1 0 0 0 1 0 0 0 1 0 1 0 0 1 0 1 1 0 0 0 0 1 0 1 0 1 1 1 1 0 1 1
 0 0 1 0 0 1 1 0 1 0 1 0 0 1 0 0 1 1 1 1 0 1 1 0 0 1 0 1 1 0 1 1 0 1 1 0 0
 1 0 0 1 0 0 0 0 1 0 0 1 1 1 0 0 1 1 1 1 0 0 0 0 0 1]
At 17701/30000: COST 0.002/4.061(0.011) -- Acc 1.000/0.370(0.997)
[0 1 0 1 0 1 0 0 1 0 0 1 0 1 1 0 1 1 0 1 0 1 1 1 0 1 1 0 1 1 0 1 1 0 0 0 0
 0 0 0 0 1 0 0 0 1 0 1 1 1 1 0 0 1 1 1 1 0 0 1 0 1 1 0 0 0 0 0 1 0 1 0 1 0
 0 1 1 1 0 0 0 1 1 1 0 1 0 0 0 0 0 0 1 0 0 1 0 1 0 1]
At 17801/30000: COST 0.021/3.990(0.011) -- Acc 0.990/0.450(0.997)
[1 1 1 0 0 0 0 0 1 0 1 0 0 0 1 0 1 0 0 0 1 1 1 0 1 0 1 0 1 0 1 1 1 0 1 0 1
 1 0 0 1 1 1 1 1 1 0 1 1 1 0 1 1 1 0 0 0 1 0 0 0 0 0 0 0 0 1 1 0 0 0 1 0 1
 1 0 0 0 1 1 1 1 0 0 0 0 1 1 0 1 0 0 0 1 1 1 1 0 0 0]
At 17901/30000: COST 0.001/3.967(0.008) -- Acc 1.000/0.450(0.998)
[0 0 0 0 1 0 0 0 0 0 1 1 1 1 1 1 0 1 1 0 0 0 1 0 0 1 1 1 1 1 1 0 1 1 1 1 1
 0 1 1 1 0 1 1 1 0 0 0 0 1 0 1 1 1 0 0 1 1 0 1 1 1 1 0 0 0 1 0 0 0 0 1 1 1
 1 0 1 0 1 0 0 1 0 0 0 0 1 0 0 1 1 0 0 1 0 1 1 0 1 0]
At 18001/30000: COST 0.003/4.090(0.007) -- Acc 1.000/0.430(0.998)
[0 1 1 1 0 0 1 0 0 1 1 0 1 1 0 0 1 1 0 0 0 1 0 1 1 0 1 1 0 0 1 1 0 0 0 0 1
 0 0 0 1 0 1 0 0 0 0 0 1 1 0 0 0 0 0 1 1 1 0 1 0 0 0 1 1 0 0 0 1 0 1 0 1 0
 1 0 0 1 1 1 1 0 1 0 1 1 0 0 1 1 1 1 0 0 1 0 0 1 0 0]
At 18101/30000: COST 0.003/4.145(0.009) -- Acc 1.000/0.460(0.997)
[0 0 0 0 0 1 1 0 0 0 0 1 0 1 0 0 1 0 0 0 1 1 1 1 1 1 1 1 0 0 1 1 1 0 1 1 0
 1 1 1 0 1 1 0 1 1 1 0 1 0 0 1 1 1 0 0 1 0 1 0 1 0 1 1 1 0 1 1 0 1 1 1 0 0
 0 1 1 0 1 1 1 1 0 1 0 0 1 0 0 1 0 0 0 1 1 0 0 1 0 1]
At 18201/30000: COST 0.089/4.278(0.019) -- Acc 0.990/0.450(0.995)
[1 0 1 1 1 0 0 0 1 1 0 1 1 1 1 1 1 1 0 1 1 0 1 1 1 0 0 0 0 0 1 0 0 0 1 1 1
 1 1 0 0 0 0 1 0 1 0 0 0 1 1 0 0 0 1 1 0 1 1 1 0 0 1 1 1 1 1 1 1 0 1 0 1 0
 0 0 0 1 0 0 0 0 0 1 1 0 1 0 1 0 0 1 0 0 0 0 0 0 1 1]
At 18301/30000: COST 0.011/3.920(0.021) -- Acc 0.990/0.450(0.994)
[1 0 1 0 0 0 1 0 1 0 1 1 1 1 0 1 1 1 1 0 1 0 0 1 0 0 1 1 0 0 1 1 0 1 0 0 0
 1 0 0 1 0 0 0 0 1 0 1 1 1 0 1 0 1 1 0 0 1 1 1 0 0 0 0 1 0 0 0 1 1 1 1 0 1
 0 1 1 0 0 0 1 1 1 1 0 1 1 1 1 1 0 0 0 1 1 1 0 1 0 1]
At 18401/30000: COST 0.060/3.960(0.023) -- Acc 0.980/0.440(0.993)
[0 1 1 1 0 0 1 1 1 1 0 0 0 0 1 1 0 0 0 0 1 0 1 1 0 1 1 0 0 1 1 1 1 1 0 1 1
 0 0 1 0 0 1 0 1 0 0 0 1 1 1 0 0 1 1 0 0 1 0 1 1 0 0 0 1 1 1 1 0 0 0 0 0 0
 0 1 0 0 1 0 1 0 0 1 0 1 0 0 0 1 0 0 1 1 0 1 0 1 0 1]
At 18501/30000: COST 0.010/3.895(0.019) -- Acc 0.990/0.480(0.994)
[0 0 0 0 0 0 1 0 0 0 0 1 0 1 1 0 0 0 1 1 0 0 1 1 1 0 1 0 0 1 0 0 0 0 1 0 0
 1 1 1 0 1 1 0 0 1 0 1 1 0 1 1 1 1 0 1 1 1 1 1 1 0 1 1 0 0 1 1 0 1 1 0 1 1
 1 1 0 0 0 1 1 0 0 0 0 1 0 0 0 1 1 0 0 1 1 1 0 1 1 0]
At 18601/30000: COST 0.019/3.532(0.018) -- Acc 0.990/0.490(0.994)
[0 0 0 0 0 0 1 0 0 0 1 1 0 1 0 0 1 0 1 0 1 1 1 1 1 0 0 0 0 1 0 0 1 0 1 1 0
 1 0 0 1 0 0 0 1 0 1 1 1 1 1 0 0 0 1 1 0 0 0 1 0 0 1 0 1 0 0 0 0 1 1 0 1 1
 0 0 1 1 1 0 1 1 0 0 0 0 1 0 1 1 0 0 1 1 0 0 0 0 1 1]
At 18701/30000: COST 0.003/4.258(0.013) -- Acc 1.000/0.450(0.996)
[1 0 1 0 0 0 0 0 1 1 1 0 0 1 0 1 0 1 0 1 1 0 0 1 1 1 1 1 1 0 1 0 0 0 0 1 1
 0 1 1 1 1 0 1 0 1 0 0 0 0 0 1 0 1 0 0 1 1 0 0 0 0 1 0 1 0 1 1 0 0 1 1 1 1
 0 1 0 0 1 0 1 1 1 1 0 0 0 0 0 1 0 0 1 0 0 1 1 0 1 0]
At 18801/30000: COST 0.029/3.738(0.014) -- Acc 0.990/0.490(0.996)
[1 1 1 1 1 1 1 1 1 1 0 0 1 0 1 1 0 1 1 0 0 1 0 0 0 0 1 0 1 1 1 0 0 0 0 0 1
 0 0 0 1 0 1 1 1 1 0 1 0 1 0 1 0 0 0 0 0 1 0 0 1 0 0 0 0 1 0 1 1 1 0 1 0 1
 0 1 0 0 1 0 0 1 1 1 1 0 0 0 0 0 1 1 1 0 1 1 0 1 0 0]
At 18901/30000: COST 0.020/3.494(0.019) -- Acc 1.000/0.520(0.994)
[0 0 0 0 1 0 1 1 1 0 0 0 0 1 1 0 1 1 1 1 1 0 0 1 0 0 1 0 1 1 0 0 0 0 0 1 0
 0 0 1 0 1 1 0 0 1 1 1 1 1 0 1 1 0 1 0 1 0 0 1 1 0 1 1 0 1 1 0 1 0 0 1 1 0
 0 1 0 1 1 0 1 1 0 0 1 0 0 0 0 0 0 1 0 1 0 0 0 1 0 1]
At 19001/30000: COST 0.042/3.568(0.017) -- Acc 0.990/0.460(0.995)
[1 0 0 1 1 0 1 0 0 1 1 1 1 0 1 0 0 1 0 1 0 0 1 1 0 0 1 0 1 1 0 1 1 1 0 1 0
 1 1 0 0 0 0 1 0 1 1 0 0 1 0 1 0 0 1 0 1 0 1 0 0 0 1 0 0 0 1 0 1 1 0 1 0 1
 0 0 0 0 0 1 0 0 1 1 1 0 0 0 0 1 1 1 0 1 1 1 0 1 1 0]
At 19101/30000: COST 0.011/3.736(0.015) -- Acc 0.990/0.510(0.996)
[0 0 0 1 1 0 1 0 1 0 1 1 1 0 0 1 0 0 1 1 0 0 0 1 1 0 1 1 1 0 0 0 1 0 1 0 1
 1 0 1 1 0 1 0 0 0 1 1 0 1 1 1 0 0 1 0 0 1 0 1 0 1 1 0 1 1 0 1 0 0 0 0 0 0
 0 1 0 0 0 0 0 0 0 1 1 1 1 1 0 0 1 0 0 0 1 0 0 1 0 0]
At 19201/30000: COST 0.001/4.010(0.013) -- Acc 1.000/0.470(0.996)
[0 1 1 0 0 1 1 1 1 1 0 1 1 0 0 0 0 1 0 0 0 1 1 0 0 1 1 1 0 1 0 0 0 1 1 0 0
 0 1 1 1 1 1 1 1 0 0 0 1 1 1 0 1 1 1 1 0 0 1 0 0 1 1 1 1 1 0 1 0 1 1 0 0 0
 1 0 1 0 0 1 0 1 0 1 0 0 0 1 0 1 0 1 1 1 1 0 1 0 0 1]
At 19301/30000: COST 0.052/3.681(0.017) -- Acc 0.980/0.510(0.994)
[1 0 0 0 0 1 1 0 1 1 1 0 0 0 0 1 1 0 0 1 1 1 1 1 1 1 1 1 1 0 1 1 1 1 1 0 0
 1 0 0 1 1 0 1 0 0 1 1 0 0 0 0 0 1 0 1 1 0 1 0 0 0 1 0 1 0 1 1 1 0 1 1 1 0
 1 0 1 0 0 1 0 0 0 0 0 0 1 0 1 0 0 0 0 1 1 1 0 1 0 0]
At 19401/30000: COST 0.002/3.534(0.017) -- Acc 1.000/0.530(0.995)
[0 1 0 0 1 0 0 1 0 0 1 0 0 1 0 0 0 0 0 1 0 0 1 1 1 1 1 1 1 0 0 0 0 1 1 0 1
 0 1 0 0 0 1 0 0 1 1 0 0 1 1 1 1 0 0 1 1 1 0 0 1 1 1 0 0 0 1 0 0 1 0 0 0 0
 1 1 0 0 1 0 0 0 1 1 0 1 1 0 1 0 0 1 1 0 0 0 1 1 1 0]
At 19501/30000: COST 0.010/3.848(0.017) -- Acc 1.000/0.460(0.995)
[0 0 0 1 0 1 1 0 0 1 1 1 0 1 0 1 1 1 1 1 1 1 1 1 0 1 1 0 0 0 1 1 0 1 0 0 1
 1 1 0 1 0 0 0 0 1 0 0 1 0 0 1 0 0 0 0 0 0 1 0 1 1 0 1 1 0 0 0 0 1 0 0 1 1
 1 1 0 1 1 0 0 0 0 1 0 0 1 0 1 1 0 0 0 0 0 0 0 1 0 0]
At 19601/30000: COST 0.001/4.019(0.013) -- Acc 1.000/0.500(0.997)
[1 0 0 0 1 1 0 1 1 0 0 1 1 1 1 0 1 1 1 1 0 1 0 1 0 0 0 1 1 0 1 1 1 0 0 1 1
 1 0 0 0 0 0 0 1 0 0 0 0 0 1 0 1 0 1 0 1 1 1 0 0 1 1 1 0 0 1 1 0 0 1 1 0 0
 1 0 0 1 0 1 0 0 1 0 1 1 0 1 0 0 0 0 0 0 1 0 0 0 0 1]
At 19701/30000: COST 0.003/3.938(0.012) -- Acc 1.000/0.470(0.996)
[1 1 0 0 0 1 1 0 0 1 1 1 0 1 0 1 1 0 1 0 1 0 0 0 0 1 1 0 1 1 0 0 1 0 1 0 0
 1 1 0 1 1 0 0 0 1 0 1 0 1 0 0 1 1 1 0 1 0 0 0 0 0 1 1 0 0 0 1 0 0 1 1 1 0
 0 1 0 0 0 0 1 1 1 1 0 1 1 1 1 1 0 0 0 0 1 0 0 1 0 0]
At 19801/30000: COST 0.002/4.494(0.010) -- Acc 1.000/0.420(0.998)
[0 0 0 1 0 1 0 0 0 1 0 0 0 0 1 0 1 1 1 1 1 1 0 1 0 0 1 1 0 0 1 0 0 0 0 0 1
 0 0 0 1 0 1 1 0 1 1 0 0 1 1 0 0 0 1 0 1 0 1 0 1 1 0 1 0 0 1 0 1 0 1 1 1 1
 1 1 0 0 0 1 0 1 0 1 0 1 0 1 0 1 1 0 1 0 0 1 0 0 1 0]
At 19901/30000: COST 0.002/3.954(0.009) -- Acc 1.000/0.450(0.998)
[0 1 1 1 0 0 0 1 1 0 0 1 1 0 1 1 0 1 1 0 0 0 1 0 1 0 0 0 0 0 0 1 0 0 0 1 1
 0 1 1 0 1 0 0 1 0 1 1 1 0 0 0 1 1 0 0 0 0 0 0 1 1 0 0 1 1 0 0 1 0 1 0 1 1
 1 0 1 0 0 1 0 1 1 1 0 0 1 1 0 1 1 0 1 0 0 0 1 0 1 1]
At 20001/30000: COST 0.002/4.536(0.008) -- Acc 1.000/0.420(0.998)
[0 0 1 0 0 0 1 0 0 1 0 0 0 0 0 0 1 1 0 0 0 0 1 1 1 1 0 1 0 0 0 0 0 0 1 1 1
 1 0 0 1 0 1 1 0 1 0 0 0 0 1 0 1 0 0 0 0 0 0 1 0 1 1 1 1 1 0 1 0 1 1 1 0 0
 1 0 0 1 0 0 1 1 1 1 1 0 1 0 1 1 0 0 0 0 0 0 0 0 0 0]
At 20101/30000: COST 0.005/4.267(0.010) -- Acc 1.000/0.410(0.997)
[0 1 0 0 0 0 0 0 1 0 0 0 0 0 0 0 1 1 0 0 0 1 1 1 0 0 0 1 0 1 0 1 0 0 1 1 1
 0 0 1 1 1 1 1 0 0 1 1 1 0 0 0 1 0 0 0 0 0 1 0 0 0 1 0 0 0 0 1 0 1 0 0 1 0
 0 1 0 0 0 1 1 0 1 1 0 0 1 1 1 1 1 1 1 0 1 0 1 1 0 1]
At 20201/30000: COST 0.006/4.170(0.015) -- Acc 1.000/0.440(0.996)
[0 0 1 0 0 1 1 1 0 0 1 0 1 1 0 0 0 1 1 0 0 1 1 0 0 0 0 0 1 1 0 1 0 0 0 0 0
 0 1 1 0 1 1 1 0 0 1 1 1 1 0 1 1 1 1 1 1 0 1 1 1 0 1 1 0 0 0 1 0 1 0 0 0 0
 0 1 0 0 0 1 1 0 0 0 0 0 0 1 1 0 1 0 0 1 1 0 1 0 0 1]
At 20301/30000: COST 0.069/3.796(0.022) -- Acc 0.990/0.470(0.994)
[0 1 0 1 1 1 0 0 1 0 1 1 0 1 1 0 0 0 0 1 1 0 0 0 0 0 0 1 1 0 0 0 1 1 0 0 0
 1 0 0 1 1 0 0 1 1 1 0 0 1 1 0 1 1 0 0 0 0 0 0 1 0 0 0 1 1 1 0 1 0 0 1 0 1
 1 0 1 1 0 0 0 0 0 1 0 1 0 0 0 1 0 1 1 0 1 1 0 1 1 0]
At 20401/30000: COST 0.003/3.949(0.018) -- Acc 1.000/0.450(0.995)
[1 1 1 1 0 0 1 0 1 0 1 0 1 1 1 1 1 1 0 1 1 1 0 0 0 0 1 0 1 1 0 1 1 0 0 0 1
 1 1 0 0 1 1 0 1 1 0 0 1 1 1 0 1 0 0 0 0 0 0 0 0 0 0 1 1 1 0 0 1 1 0 1 0 1
 1 0 1 1 0 0 1 0 0 1 1 0 0 0 0 0 1 1 0 0 1 0 0 1 0 0]
At 20501/30000: COST 0.009/3.606(0.028) -- Acc 1.000/0.480(0.993)
[0 1 1 1 1 1 1 0 0 1 0 0 0 1 1 0 0 0 0 0 1 1 1 0 1 1 1 1 0 0 0 0 0 0 1 0 0
 1 1 1 0 1 1 0 1 1 1 0 0 0 1 0 0 0 0 0 1 1 1 0 1 0 0 0 0 1 1 1 0 1 1 0 0 1
 0 0 0 0 1 1 1 0 1 1 1 1 0 1 0 0 0 0 1 1 0 1 0 1 0 0]
At 20601/30000: COST 0.021/3.132(0.023) -- Acc 0.990/0.510(0.994)
[0 0 1 1 0 0 1 1 1 0 1 1 0 0 1 1 1 0 0 1 1 0 1 0 1 1 1 0 0 1 1 0 0 1 0 0 1
 1 0 0 0 0 0 0 1 0 0 1 0 1 1 0 0 1 0 1 0 1 1 0 1 0 0 0 1 0 1 0 0 0 1 0 0 1
 1 0 1 1 0 0 0 1 0 0 0 0 0 0 0 0 0 1 0 1 0 0 1 0 1 0]
At 20701/30000: COST 0.003/3.547(0.014) -- Acc 1.000/0.510(0.996)
[0 1 0 0 1 0 1 1 0 1 1 1 1 1 0 1 0 1 1 1 0 1 1 1 0 0 1 0 1 1 1 0 0 0 0 0 0
 1 0 0 1 1 0 0 0 1 0 1 0 0 0 0 1 1 0 1 1 1 0 0 1 0 0 1 0 1 1 0 0 1 1 1 0 0
 0 0 0 1 0 0 0 1 0 0 0 0 1 0 1 1 0 0 1 0 1 1 1 0 0 0]
At 20801/30000: COST 0.161/3.747(0.019) -- Acc 0.990/0.470(0.995)
[1 0 1 1 1 0 1 0 0 0 1 1 0 1 1 0 1 0 1 0 1 0 1 1 0 0 0 1 1 0 0 1 1 0 0 0 0
 1 0 0 1 1 0 0 1 1 1 0 0 1 0 0 0 0 0 0 1 1 1 1 0 0 1 0 1 0 1 1 1 0 0 0 0 0
 0 0 0 0 1 1 0 0 1 1 0 1 0 0 0 1 0 0 0 1 0 0 0 0 0 1]
At 20901/30000: COST 0.001/3.807(0.024) -- Acc 1.000/0.490(0.994)
[0 1 1 1 0 0 1 0 1 0 0 0 0 1 0 1 1 1 0 0 0 0 1 0 0 1 1 0 0 0 0 0 0 0 0 0 1
 0 0 0 1 1 1 0 1 1 0 1 0 1 0 0 1 0 0 0 0 1 1 1 0 0 1 1 1 0 1 0 1 1 1 1 0 1
 0 0 1 0 0 1 0 0 0 0 1 1 1 0 1 0 0 1 1 0 1 0 0 1 0 1]
At 21001/30000: COST 0.002/3.825(0.014) -- Acc 1.000/0.490(0.996)
[0 1 0 1 1 0 0 1 1 0 0 1 1 0 0 0 0 0 1 0 0 1 1 1 0 0 0 0 0 1 0 0 0 0 0 1 1
 0 0 0 1 1 1 0 1 1 0 1 0 1 1 0 1 1 0 0 0 0 1 1 0 1 0 1 1 0 0 1 0 0 0 0 0 1
 1 0 0 1 0 0 1 1 1 1 0 0 0 0 1 1 1 0 1 0 1 1 1 1 0 0]
At 21101/30000: COST 0.022/3.908(0.011) -- Acc 0.990/0.460(0.997)
[1 0 1 0 1 1 1 1 0 1 0 0 0 1 0 0 0 1 0 0 1 0 1 1 0 0 1 1 1 0 0 1 0 0 0 0 1
 1 1 0 0 1 1 0 1 1 0 1 0 0 1 1 1 0 1 0 1 1 1 0 0 0 0 0 1 0 0 1 0 0 0 0 1 0
 0 1 1 1 1 1 0 1 1 0 1 1 0 0 0 1 0 0 1 1 1 1 0 0 1 1]
At 21201/30000: COST 0.003/3.667(0.018) -- Acc 1.000/0.470(0.995)
[1 1 0 1 1 0 0 1 0 1 0 0 0 0 0 0 0 0 0 0 1 0 1 1 1 1 0 0 0 0 1 0 1 0 1 1 0
 0 0 0 1 0 0 1 1 1 1 1 0 1 1 0 1 1 0 0 0 1 0 1 0 0 0 1 1 1 1 1 0 1 0 1 0 0
 0 1 0 0 0 0 1 1 1 0 1 1 1 1 1 1 1 1 0 1 1 1 0 1 0 1]
At 21301/30000: COST 0.119/3.828(0.023) -- Acc 0.970/0.440(0.994)
[1 0 1 0 1 0 0 0 1 1 0 0 0 1 1 0 0 1 0 0 1 0 0 0 1 1 1 1 1 0 0 1 0 0 0 0 1
 1 0 0 0 0 0 1 1 1 0 1 0 1 1 1 0 1 0 1 0 1 0 0 1 1 1 0 0 1 0 0 0 0 0 1 1 1
 1 0 1 0 1 1 0 0 0 0 1 0 0 1 0 1 1 0 0 0 1 1 0 1 1 1]
At 21401/30000: COST 0.004/3.490(0.025) -- Acc 1.000/0.500(0.993)
[1 0 0 0 1 0 1 0 0 0 1 0 1 0 1 0 1 0 1 1 1 1 0 0 1 1 0 1 0 0 1 0 0 1 1 0 1
 1 1 0 0 1 1 1 1 1 0 1 0 1 1 0 0 0 0 1 1 1 0 0 0 0 1 0 1 0 0 0 1 1 0 0 0 1
 0 0 0 1 0 0 0 1 0 1 0 0 0 1 0 1 0 0 1 0 1 1 1 0 1 0]
At 21501/30000: COST 0.002/3.710(0.016) -- Acc 1.000/0.410(0.995)
[0 0 0 1 0 1 1 1 0 0 0 0 0 0 1 1 1 0 0 0 0 1 0 1 0 0 1 0 0 1 1 0 1 1 1 1 1
 0 0 1 1 1 0 1 0 0 0 0 1 0 1 1 1 1 1 1 1 0 1 1 1 0 1 1 0 0 0 1 0 1 0 0 1 1
 0 0 1 0 0 1 0 0 0 0 0 1 0 0 0 0 1 1 1 0 0 0 0 1 0 0]
At 21601/30000: COST 0.002/3.591(0.010) -- Acc 1.000/0.460(0.997)
[0 1 0 0 0 1 0 1 1 1 1 1 1 0 1 1 0 0 0 0 0 1 0 0 0 0 1 1 0 0 1 0 1 0 1 1 1
 0 1 0 0 0 0 0 0 1 1 0 0 0 1 1 0 0 1 1 1 1 0 0 0 0 1 0 0 0 1 1 1 0 0 0 1 1
 1 1 1 0 1 0 0 0 0 1 0 0 0 0 1 1 1 0 1 1 1 0 0 1 1 1]
At 21701/30000: COST 0.002/3.861(0.009) -- Acc 1.000/0.460(0.997)
[1 0 0 1 0 0 1 0 1 0 0 1 0 1 1 0 0 1 0 0 0 1 0 0 0 1 1 1 0 0 1 0 0 0 1 1 0
 1 0 1 1 0 0 1 1 1 0 1 1 1 1 0 0 1 0 0 0 0 1 0 1 0 1 1 0 0 0 0 0 0 1 1 0 0
 0 1 0 1 0 0 0 1 1 0 1 0 1 1 1 0 0 0 1 0 1 0 1 0 0 0]
At 21801/30000: COST 0.004/3.613(0.008) -- Acc 1.000/0.520(0.998)
[0 0 0 0 1 0 0 0 1 1 0 0 0 0 0 0 1 1 1 0 1 0 1 1 0 0 1 0 1 0 1 1 1 1 0 0 0
 1 1 0 0 1 1 0 0 0 0 0 1 1 1 0 0 0 0 1 0 0 0 1 0 0 1 1 1 1 1 0 0 1 0 1 1 1
 1 0 0 0 1 1 1 1 0 1 0 1 0 0 1 0 1 0 1 0 1 1 0 0 1 0]
At 21901/30000: COST 0.001/3.930(0.011) -- Acc 1.000/0.450(0.997)
[1 0 0 0 0 0 0 1 0 1 0 0 0 1 1 0 0 0 1 0 0 1 1 0 1 0 0 1 0 0 0 1 0 1 0 1 1
 0 1 0 1 1 1 0 0 1 1 0 1 1 1 1 1 0 1 1 1 1 0 0 1 0 0 0 1 1 0 1 1 1 1 0 1 0
 0 0 0 1 0 0 1 1 1 1 0 1 1 0 1 0 1 0 0 0 0 0 0 0 1 0]
At 22001/30000: COST 0.001/3.767(0.012) -- Acc 1.000/0.500(0.996)
[1 0 1 0 0 1 1 1 0 1 0 0 0 0 0 1 0 0 0 1 0 0 0 1 0 1 1 0 0 0 0 1 1 0 0 0 0
 1 0 0 0 1 1 1 0 0 0 0 0 1 1 1 1 0 0 0 1 1 1 0 1 0 1 0 0 1 0 1 0 0 0 1 1 1
 0 1 1 0 1 1 0 1 0 1 1 0 1 1 1 0 0 1 0 1 1 0 0 1 0 0]
At 22101/30000: COST 0.011/3.457(0.014) -- Acc 0.990/0.600(0.996)
[1 0 0 0 0 0 1 0 0 0 0 1 0 0 0 0 1 1 0 1 0 0 0 1 0 1 0 1 0 1 0 1 0 0 0 1 0
 0 0 0 0 1 0 1 0 1 1 0 0 1 1 0 1 0 1 0 1 1 1 0 0 0 1 0 1 1 0 0 0 1 0 0 0 0
 0 1 0 0 0 0 1 0 0 1 0 1 0 1 1 0 1 0 1 0 1 0 1 1 1 1]
At 22201/30000: COST 0.010/2.681(0.042) -- Acc 1.000/0.510(0.989)
[0 1 0 0 0 1 0 0 1 1 0 0 0 0 0 1 0 0 1 0 1 1 1 0 0 1 0 0 0 0 0 0 0 1 1 1 0
 0 1 0 0 1 0 0 1 1 0 0 1 0 0 1 0 1 1 0 0 1 0 1 0 1 0 1 1 0 0 1 1 0 0 0 0 1
 0 0 1 1 1 0 0 0 1 1 1 1 0 1 1 1 0 1 0 0 1 0 0 1 1 0]
At 22301/30000: COST 0.005/2.507(0.030) -- Acc 1.000/0.540(0.992)
[0 1 0 0 1 1 0 0 0 1 0 0 1 0 1 1 1 0 0 1 0 0 0 1 1 1 1 0 1 1 1 0 1 1 1 1 0
 0 0 1 1 0 1 1 1 1 0 0 1 1 0 1 1 1 0 0 1 1 0 0 1 0 0 0 1 0 1 0 1 1 1 0 1 0
 1 0 0 1 1 0 0 0 1 1 1 1 1 1 0 0 1 1 0 1 1 0 0 1 0 0]
At 22401/30000: COST 0.002/2.842(0.021) -- Acc 1.000/0.550(0.994)
[1 0 1 1 1 1 1 0 0 1 1 0 0 0 0 0 1 1 0 0 1 0 0 1 1 1 0 0 1 0 0 1 1 0 0 1 1
 1 0 0 1 1 1 1 1 1 0 1 0 1 1 1 0 0 1 0 0 1 0 0 0 1 0 0 1 1 1 0 1 0 0 0 1 1
 0 1 1 0 0 1 0 0 1 1 0 1 1 1 0 1 0 0 0 0 1 0 1 1 1 1]
At 22501/30000: COST 0.010/2.914(0.015) -- Acc 1.000/0.520(0.996)
[0 1 1 1 1 0 1 1 0 1 1 1 0 0 0 1 0 0 1 1 0 1 0 1 1 0 1 1 1 1 1 0 0 0 1 0 0
 0 1 1 1 0 1 0 1 0 1 1 0 0 0 1 1 1 0 1 0 1 0 1 0 0 1 0 0 1 1 1 0 0 0 1 0 1
 0 0 0 0 0 0 0 1 0 1 1 1 0 1 0 0 1 1 0 0 1 0 1 0 1 1]
At 22601/30000: COST 0.062/3.058(0.018) -- Acc 0.990/0.500(0.995)
[0 0 1 0 1 0 0 1 0 0 1 0 0 1 0 1 0 1 1 1 0 1 0 1 1 1 1 0 1 0 0 0 0 0 1 1 0
 1 0 1 1 1 1 1 1 0 1 0 0 0 1 1 0 0 1 0 1 1 0 0 1 0 0 1 1 0 0 1 0 1 0 1 1 0
 1 0 1 1 1 0 0 0 0 0 0 1 1 0 1 0 0 1 1 0 0 1 0 1 0 0]
At 22701/30000: COST 0.002/3.041(0.013) -- Acc 1.000/0.490(0.996)
[0 0 1 1 0 0 0 0 0 0 0 0 1 0 0 1 0 1 1 1 0 1 1 0 1 1 1 1 1 0 0 1 1 1 0 1 1
 0 1 0 0 0 0 1 1 1 1 1 1 1 1 0 0 1 1 0 0 1 1 1 1 0 1 0 0 0 1 0 0 1 0 1 0 1
 1 1 0 0 1 0 0 0 1 1 1 0 1 1 1 1 1 1 0 0 0 0 1 0 0 1]
At 22801/30000: COST 0.007/3.201(0.008) -- Acc 1.000/0.500(0.997)
[1 0 1 1 0 0 0 1 1 1 0 1 0 0 1 0 1 1 1 1 1 0 1 0 0 1 0 1 0 1 1 0 1 1 0 1 0
 0 0 0 1 0 1 1 1 1 1 1 0 0 0 0 1 0 1 0 1 1 0 0 0 1 0 0 0 1 1 1 0 0 0 0 0 0
 1 0 0 1 1 1 0 1 1 0 0 0 1 0 1 1 0 1 0 1 1 0 0 0 1 0]
At 22901/30000: COST 0.003/3.275(0.007) -- Acc 1.000/0.480(0.998)
[1 1 0 0 1 1 1 1 0 0 0 1 1 1 1 1 1 0 0 1 1 1 1 0 0 1 0 1 1 0 0 1 0 1 1 1 1
 1 1 1 0 1 0 0 1 1 1 0 1 0 0 0 0 1 1 0 0 1 1 1 0 0 1 0 1 0 1 0 0 1 1 1 1 0
 0 0 0 1 1 0 1 0 1 1 0 0 1 0 0 0 0 1 0 0 1 0 0 0 0 0]
At 23001/30000: COST 0.000/3.526(0.006) -- Acc 1.000/0.530(0.998)
[0 0 1 1 1 0 0 0 1 1 0 0 1 0 1 1 0 0 1 0 0 0 0 0 0 1 0 0 1 1 1 0 0 1 1 1 1
 0 0 0 0 1 1 0 0 0 1 1 1 1 1 1 1 0 1 0 1 0 1 1 1 1 1 1 1 0 0 1 0 1 1 0 1 1
 0 0 1 0 0 1 1 1 0 0 0 0 1 1 0 1 1 0 1 0 1 1 1 1 1 1]
At 23101/30000: COST 0.002/4.000(0.004) -- Acc 1.000/0.480(0.999)
[1 1 0 0 0 1 1 1 0 1 1 0 1 0 0 0 1 0 1 0 1 0 1 0 1 1 1 0 0 0 0 0 1 1 1 1 0
 0 0 1 1 1 0 1 0 1 1 0 1 0 0 0 0 1 0 1 0 0 0 0 0 1 0 0 0 0 1 0 0 1 1 0 0 0
 1 0 1 0 0 1 1 1 1 1 1 1 0 0 1 1 1 1 0 1 1 0 1 0 1 1]
At 23201/30000: COST 0.039/3.735(0.006) -- Acc 0.990/0.530(0.998)
[0 0 0 0 0 1 1 0 1 0 1 0 1 0 1 0 1 0 0 1 0 0 0 0 1 1 0 1 0 1 0 1 1 0 1 1 1
 1 0 1 1 1 1 1 1 0 1 0 0 0 1 1 0 0 1 1 1 0 1 1 1 1 1 0 1 1 1 1 0 0 0 0 0 1
 1 1 0 1 1 1 1 0 0 0 0 1 1 0 0 1 0 0 1 1 1 0 0 0 1 1]
At 23301/30000: COST 0.002/3.648(0.006) -- Acc 1.000/0.530(0.998)
[1 0 1 0 0 1 0 1 0 1 0 1 0 1 0 0 1 0 1 1 0 1 1 1 0 0 0 1 1 1 1 1 0 0 0 1 0
 0 1 0 1 1 1 1 1 0 0 1 0 0 1 0 1 0 0 1 0 0 0 1 1 1 0 1 1 0 1 0 1 1 1 0 1 0
 0 0 1 0 1 1 1 0 0 1 0 0 0 1 1 1 0 0 0 0 0 1 0 0 1 0]
At 23401/30000: COST 0.006/3.781(0.008) -- Acc 1.000/0.520(0.998)
[0 1 1 0 1 1 0 0 0 1 0 1 1 0 1 1 0 0 1 0 0 0 0 0 0 1 0 1 1 1 0 1 1 1 0 0 0
 0 1 1 1 0 0 1 1 0 0 0 0 1 1 1 0 1 1 0 1 0 0 1 1 0 1 1 1 0 1 1 0 0 1 0 1 0
 0 1 1 1 1 1 1 0 0 1 1 0 1 0 1 1 1 0 0 0 1 0 1 1 0 1]
At 23501/30000: COST 0.020/3.964(0.009) -- Acc 0.990/0.500(0.997)
[1 0 1 0 1 0 1 0 1 0 1 0 0 1 0 0 0 1 1 1 0 0 1 1 1 0 0 0 1 1 0 1 1 1 0 1 0
 0 0 0 0 0 1 0 0 1 0 0 1 1 1 0 1 0 1 1 1 1 0 1 1 1 0 1 0 1 0 1 0 1 1 1 1 0
 1 0 1 1 0 1 0 0 0 1 0 1 1 1 1 1 0 0 0 1 1 1 1 1 0 0]
At 23601/30000: COST 0.048/2.832(0.047) -- Acc 0.980/0.550(0.988)
[0 1 1 1 0 1 1 0 0 1 1 1 1 0 0 0 1 0 0 0 0 0 0 0 1 0 0 1 1 1 1 0 0 0 0 1 1
 0 1 1 0 1 0 0 1 0 0 1 0 0 0 1 1 1 0 1 0 0 0 0 0 0 0 0 0 0 1 1 0 0 1 0 1 1
 0 0 1 0 0 1 1 0 1 1 0 1 0 1 1 0 1 0 1 1 0 1 0 0 0 1]
At 23701/30000: COST 0.004/3.144(0.037) -- Acc 1.000/0.490(0.990)
[0 0 1 0 1 0 1 0 1 1 0 1 1 1 1 0 0 0 0 0 0 0 1 0 1 0 0 1 0 0 1 1 0 1 0 0 1
 1 0 1 0 0 0 1 0 0 1 1 0 0 0 0 0 1 1 1 0 1 0 0 1 0 0 0 1 1 0 0 0 0 0 0 1 0
 1 0 1 1 1 1 0 1 0 1 0 1 1 1 1 1 0 0 1 1 1 0 1 0 0 0]
At 23801/30000: COST 0.007/3.171(0.026) -- Acc 1.000/0.520(0.993)
[0 1 1 1 0 1 0 1 1 1 1 0 1 0 0 0 1 1 0 1 0 0 1 0 0 0 1 0 1 1 0 1 0 0 0 0 1
 1 0 0 0 1 0 0 0 1 1 1 0 0 0 1 1 0 0 1 1 1 0 0 0 0 0 0 1 1 1 1 0 1 1 1 1 1
 0 0 0 0 0 0 1 0 1 0 0 0 1 1 1 0 0 0 0 0 0 0 1 1 0 1]
At 23901/30000: COST 0.026/3.161(0.022) -- Acc 0.990/0.500(0.993)
[0 1 1 1 1 1 0 1 0 1 1 0 1 0 0 1 0 0 0 0 1 0 1 1 0 0 0 0 0 1 1 1 0 0 1 0 1
 0 1 0 0 0 1 0 1 0 1 0 1 0 0 0 1 0 1 0 0 0 1 1 1 0 1 1 0 1 1 1 0 0 0 0 0 1
 0 0 1 0 0 0 1 1 1 1 1 1 0 0 0 1 1 1 0 0 1 0 0 0 1 0]
At 24001/30000: COST 0.005/3.512(0.023) -- Acc 1.000/0.490(0.993)
[0 0 0 1 1 0 1 1 0 1 1 0 1 1 0 1 1 1 0 1 0 1 1 1 0 1 1 1 1 0 0 1 1 1 0 0 1
 1 1 0 0 1 0 1 0 1 0 1 0 1 1 0 0 0 1 0 0 0 0 0 0 0 1 1 0 1 1 1 1 0 0 1 1 0
 1 0 1 1 1 0 0 1 0 0 1 0 0 0 1 0 0 0 1 1 0 1 1 0 0 0]
At 24101/30000: COST 0.008/3.145(0.023) -- Acc 1.000/0.460(0.994)
[0 1 0 0 1 1 0 0 1 0 1 0 1 0 1 1 0 0 0 0 0 1 0 0 0 0 0 1 1 1 1 0 0 1 0 1 1
 1 0 0 0 1 1 1 1 0 0 1 1 1 0 0 0 0 0 0 1 1 1 0 0 1 0 0 1 0 0 1 1 0 1 0 0 1
 0 0 0 0 0 1 0 1 1 1 1 1 1 0 1 1 0 1 0 1 0 0 0 0 1 1]
At 24201/30000: COST 0.005/3.507(0.016) -- Acc 1.000/0.510(0.996)
[0 0 1 1 1 0 1 0 0 1 1 0 1 0 1 1 1 0 0 0 1 1 1 1 0 1 0 1 0 1 0 0 0 1 1 1 1
 0 0 0 0 1 1 1 1 0 0 0 1 0 0 0 0 0 1 0 0 1 1 1 0 1 0 1 1 1 1 0 1 1 0 0 0 0
 1 1 1 0 1 0 1 1 0 1 1 1 0 0 0 0 1 0 1 1 1 0 0 0 0 1]
At 24301/30000: COST 0.002/3.706(0.009) -- Acc 1.000/0.480(0.998)
[1 1 1 1 1 0 0 0 1 1 0 0 1 1 0 1 1 0 1 1 1 0 0 0 0 1 1 0 0 1 1 0 1 1 0 0 1
 1 1 1 1 0 0 0 0 0 1 0 0 1 1 1 1 0 1 1 0 0 0 0 1 1 1 0 1 0 0 0 1 0 1 0 1 0
 0 0 0 1 1 1 1 0 0 1 0 0 0 0 0 0 1 0 1 1 1 0 0 0 1 1]
At 24401/30000: COST 0.004/3.765(0.006) -- Acc 1.000/0.490(0.998)
[1 1 1 0 0 1 0 0 1 1 1 0 1 0 1 1 1 0 0 0 0 1 1 1 0 1 1 1 0 1 1 0 1 0 1 1 0
 0 1 1 0 0 1 1 1 1 1 1 0 1 1 1 0 1 0 0 0 0 1 0 0 0 1 0 0 0 1 1 0 1 0 0 0 0
 1 1 0 0 1 0 0 0 0 1 1 0 1 1 1 0 0 0 0 0 0 1 0 1 1 0]
At 24501/30000: COST 0.003/3.828(0.008) -- Acc 1.000/0.490(0.998)
[1 1 1 1 0 1 1 0 1 0 1 1 0 0 1 0 1 0 1 1 1 0 0 0 0 0 0 1 0 0 0 1 1 0 0 0 0
 1 0 1 1 1 0 1 0 1 1 1 0 1 0 1 0 1 1 0 1 1 0 1 1 0 1 0 1 0 1 0 0 0 1 0 0 0
 1 1 1 0 0 0 0 1 0 1 1 1 1 0 1 1 1 1 1 0 1 1 0 1 1 0]
At 24601/30000: COST 0.007/3.586(0.010) -- Acc 1.000/0.490(0.997)
[1 0 0 0 0 1 1 0 0 1 0 1 1 1 0 0 1 0 0 0 0 0 0 0 1 1 0 1 1 0 0 1 1 0 0 1 1
 1 1 1 1 0 0 1 1 1 0 0 1 0 1 1 0 0 0 1 1 1 1 1 1 1 1 0 0 0 1 1 1 1 0 1 0 1
 0 1 0 1 0 1 0 0 0 1 1 1 1 0 0 0 1 1 1 0 0 1 0 1 1 0]
At 24701/30000: COST 0.002/3.664(0.014) -- Acc 1.000/0.520(0.996)
[1 1 1 0 0 0 1 0 0 0 1 1 0 1 0 0 0 0 0 0 1 1 0 0 1 0 1 1 0 0 1 1 0 1 1 1 0
 0 0 1 0 0 0 0 0 0 1 0 0 0 1 0 0 1 1 0 0 0 1 0 0 0 1 1 1 1 0 0 0 1 0 0 0 1
 1 0 1 0 0 1 1 1 1 0 1 1 1 1 1 1 1 1 0 0 0 0 0 0 1 0]
At 24801/30000: COST 0.035/3.361(0.014) -- Acc 0.990/0.510(0.996)
[0 0 0 0 1 1 1 0 0 0 0 1 1 0 0 1 1 1 0 1 0 0 0 1 1 1 0 0 1 1 1 0 1 1 1 1 0
 0 1 0 1 1 0 1 1 0 0 1 0 1 1 0 0 0 1 0 0 0 0 0 1 0 1 1 0 0 1 1 1 0 0 1 1 0
 0 0 1 1 0 1 0 0 1 0 0 0 0 0 0 0 0 0 0 1 0 1 0 1 0 1]
At 24901/30000: COST 0.065/3.460(0.016) -- Acc 0.990/0.490(0.995)
[1 1 1 1 0 0 1 1 1 0 1 0 1 1 1 0 1 0 1 1 1 0 1 1 0 0 0 1 0 1 1 0 0 0 0 1 1
 0 0 1 1 0 0 0 0 1 0 1 1 0 0 1 1 1 0 0 1 1 0 0 0 1 1 1 0 0 0 1 0 0 0 1 0 1
 1 0 1 0 0 0 1 1 1 0 1 0 1 1 0 0 0 0 0 1 0 0 0 0 1 1]
At 25001/30000: COST 0.003/3.624(0.011) -- Acc 1.000/0.480(0.997)
[0 1 0 1 0 0 0 1 1 1 1 0 0 0 1 0 1 0 0 0 0 0 0 1 1 1 0 1 0 1 0 1 0 1 1 0 0
 1 1 0 0 0 1 0 0 1 0 1 1 0 0 1 0 1 1 1 1 0 0 0 1 0 0 0 0 0 1 1 0 0 1 0 0 0
 0 0 1 1 0 1 0 1 1 1 0 0 1 1 0 0 0 1 0 0 1 1 0 1 0 1]
At 25101/30000: COST 0.001/3.888(0.010) -- Acc 1.000/0.470(0.997)
[0 0 0 0 1 1 1 0 0 0 1 1 1 0 0 0 1 0 1 0 0 0 1 1 0 1 1 0 0 1 0 1 1 1 1 0 1
 0 0 1 0 1 1 1 0 1 1 0 0 0 0 1 0 1 0 1 1 0 0 0 0 1 0 0 1 1 0 0 0 1 1 0 1 0
 0 1 0 0 1 0 1 1 1 0 0 1 1 1 0 0 1 1 0 1 0 0 1 1 0 1]
At 25201/30000: COST 0.024/4.004(0.009) -- Acc 0.990/0.370(0.997)
[0 1 1 1 0 1 0 1 1 0 1 1 0 1 1 1 0 0 1 1 1 1 1 1 0 0 0 1 1 0 0 1 0 0 1 0 1
 1 1 1 1 0 0 0 0 0 1 0 1 0 0 1 0 0 1 0 0 0 0 0 1 0 0 1 0 0 0 0 0 1 0 1 1 1
 1 1 1 1 1 1 1 1 0 1 0 1 1 1 0 1 1 1 0 1 0 1 0 1 0 0]
At 25301/30000: COST 0.052/3.651(0.026) -- Acc 0.980/0.450(0.993)
[0 1 0 1 0 1 0 0 1 1 1 0 1 1 0 1 1 1 1 0 0 1 1 1 0 0 0 0 1 1 0 1 1 0 0 1 1
 1 0 0 1 1 0 1 1 1 1 0 0 0 1 0 1 0 1 1 1 1 0 1 0 0 1 1 1 1 0 1 0 1 1 0 0 0
 0 0 1 0 1 0 1 1 1 1 0 0 0 1 0 0 1 0 0 1 0 0 1 1 1 0]
At 25401/30000: COST 0.002/3.938(0.018) -- Acc 1.000/0.410(0.995)
[1 0 1 1 1 0 0 1 1 1 1 0 1 1 0 1 0 1 1 1 0 1 1 1 1 1 0 1 1 0 0 1 0 0 1 0 1
 0 1 0 1 0 1 0 0 1 0 1 1 1 1 0 1 1 0 1 1 0 1 0 1 1 0 0 1 0 1 0 1 0 0 0 1 1
 0 0 1 1 0 1 0 1 1 1 1 0 0 1 0 0 0 0 0 1 0 0 0 1 0 0]
At 25501/30000: COST 0.009/4.073(0.013) -- Acc 1.000/0.470(0.996)
[1 0 1 1 1 0 1 0 1 0 1 1 1 0 1 0 1 1 1 0 1 0 1 1 1 1 0 0 1 0 1 1 0 0 1 1 0
 1 0 0 0 0 1 1 1 0 1 1 0 1 0 1 1 1 1 0 1 1 0 0 1 0 1 1 0 0 0 0 0 1 0 0 0 1
 0 0 0 0 1 0 0 0 0 0 1 0 0 0 1 0 1 1 0 1 1 1 1 1 0 1]
At 25601/30000: COST 0.044/3.757(0.008) -- Acc 0.980/0.470(0.997)
[1 1 1 0 1 1 1 1 1 0 1 1 0 0 1 1 1 0 0 0 0 0 1 0 0 0 0 1 0 1 1 0 1 0 1 0 0
 0 0 1 0 1 1 0 1 0 1 1 1 1 1 1 1 0 0 0 1 0 0 0 1 1 0 0 1 0 1 0 1 1 0 1 0 0
 1 0 0 1 0 0 1 0 0 0 0 1 0 0 1 0 0 0 1 0 1 1 0 1 0 1]
At 25701/30000: COST 0.034/3.198(0.022) -- Acc 0.990/0.490(0.994)
[0 1 0 1 0 0 1 1 1 1 1 1 1 0 1 0 0 1 1 1 1 0 1 0 0 1 0 1 0 0 1 0 0 0 0 1 1
 0 0 0 0 1 0 1 1 0 1 1 0 0 0 0 0 0 1 0 1 0 0 0 0 1 1 1 1 1 0 1 0 0 0 0 1 1
 1 1 1 1 0 0 0 1 1 0 0 0 0 1 0 1 1 0 0 0 1 1 0 1 1 0]
At 25801/30000: COST 0.002/3.160(0.025) -- Acc 1.000/0.470(0.993)
[0 1 1 0 0 0 0 1 0 0 0 0 0 1 0 0 1 1 0 0 1 0 1 1 0 0 1 1 1 0 1 0 1 1 0 1 1
 1 0 0 1 0 0 0 1 0 1 1 0 0 0 1 0 1 0 1 1 1 0 0 0 0 1 1 1 1 1 1 0 0 1 1 0 1
 0 1 0 0 0 1 0 0 1 1 0 0 0 0 0 0 0 0 0 0 1 0 1 0 1 0]
At 25901/30000: COST 0.003/3.603(0.019) -- Acc 1.000/0.420(0.995)
[0 1 0 1 1 0 0 1 0 1 1 0 1 1 1 1 1 1 1 1 0 0 0 1 0 1 0 0 1 1 1 0 0 1 0 0 0
 1 0 0 1 1 0 1 0 0 1 0 0 1 0 1 1 0 0 1 0 1 0 0 1 0 1 1 0 0 0 1 0 0 0 0 1 0
 0 1 0 0 0 1 0 0 0 1 1 1 1 1 0 1 0 1 1 0 1 1 0 1 1 1]
At 26001/30000: COST 0.019/3.295(0.014) -- Acc 0.980/0.470(0.997)
[0 0 0 0 0 0 0 0 1 1 1 0 1 1 1 0 0 0 1 0 1 0 1 0 0 1 0 0 1 0 0 1 1 0 1 0 1
 1 0 1 0 1 0 1 1 0 1 0 1 0 1 1 1 1 0 0 1 1 1 0 0 1 0 0 1 0 1 1 0 0 0 0 1 0
 0 1 0 1 1 0 1 0 1 1 0 1 1 1 0 1 1 1 0 1 0 1 0 0 0 0]
At 26101/30000: COST 0.006/3.870(0.009) -- Acc 1.000/0.450(0.998)
[1 0 0 1 0 1 0 0 0 0 1 0 0 1 0 0 1 1 0 0 0 1 1 0 0 0 0 1 0 0 1 1 0 1 0 1 0
 0 0 1 0 0 1 1 1 0 0 0 1 1 0 1 0 1 1 1 1 1 0 1 1 0 0 1 1 1 0 1 1 0 0 0 1 1
 0 1 0 0 1 0 1 1 0 0 0 0 0 0 1 1 0 1 1 1 0 1 1 1 1 1]
At 26201/30000: COST 0.002/3.757(0.010) -- Acc 1.000/0.420(0.998)
[0 0 0 1 0 1 1 1 1 0 0 0 1 1 0 0 0 0 0 0 0 0 1 1 1 1 0 0 1 0 0 1 1 0 0 0 1
 1 1 1 0 1 1 1 0 1 1 0 1 1 0 1 0 1 1 1 0 1 0 1 1 0 1 0 0 1 1 0 0 1 0 0 1 0
 0 0 1 0 1 1 1 0 0 0 1 1 0 0 0 0 0 1 1 1 0 0 1 1 1 1]
At 26301/30000: COST 0.022/3.757(0.009) -- Acc 0.990/0.450(0.997)
[0 1 0 1 0 1 0 0 0 0 1 0 1 1 0 0 1 0 1 1 1 1 0 0 0 0 1 0 1 0 1 1 0 0 0 1 1
 1 1 0 0 0 0 0 0 1 0 1 0 1 0 1 1 0 1 0 0 0 1 0 0 0 1 0 1 0 0 0 0 1 0 1 0 1
 1 1 1 0 1 1 1 0 0 0 1 1 1 1 1 1 0 1 0 1 0 0 1 0 1 0]
At 26401/30000: COST 0.001/3.543(0.009) -- Acc 1.000/0.480(0.998)
[1 1 0 1 0 1 1 0 1 1 1 1 0 0 1 1 0 1 0 0 0 1 0 0 0 0 1 0 0 1 0 1 0 0 0 0 1
 0 0 1 1 1 0 0 1 1 0 0 0 0 1 1 1 1 0 0 1 1 1 1 0 0 1 0 1 1 0 1 0 1 0 0 0 1
 0 0 0 1 0 1 1 0 0 1 1 0 1 0 0 1 0 0 0 0 1 0 0 1 0 0]
At 26501/30000: COST 0.008/3.651(0.009) -- Acc 0.990/0.460(0.997)
[0 1 1 0 1 0 0 0 1 0 0 0 0 0 0 0 1 0 0 0 1 1 0 0 0 0 1 0 1 1 1 1 1 1 0 0 0
 1 0 1 0 0 0 0 0 1 1 0 1 1 0 1 0 0 0 0 0 0 1 0 0 1 1 1 1 1 1 1 1 1 1 1 1 0
 0 0 0 1 1 1 0 0 0 1 0 1 1 1 0 1 1 1 0 0 1 1 0 0 0 1]
At 26601/30000: COST 0.001/3.569(0.015) -- Acc 1.000/0.460(0.995)
[1 1 0 1 1 1 1 0 0 1 1 0 0 1 1 1 0 0 0 0 1 0 1 0 0 1 0 0 0 1 1 0 0 1 1 1 1
 1 1 1 0 1 0 0 0 1 0 1 1 0 1 0 0 1 0 1 1 0 0 0 0 1 0 1 0 0 1 0 0 1 0 0 0 1
 0 1 1 1 0 0 0 0 1 0 0 1 0 0 1 1 1 1 1 0 1 1 0 1 1 0]
At 26701/30000: COST 0.006/3.436(0.017) -- Acc 1.000/0.430(0.995)
[0 1 0 0 1 0 1 0 0 0 1 0 1 1 0 0 1 1 1 0 0 0 0 1 1 1 0 0 1 1 1 1 1 1 1 0 0
 1 0 1 0 1 1 0 0 1 1 1 0 1 0 1 1 1 0 1 1 0 1 1 1 0 0 1 0 0 0 1 0 0 1 0 1 0
 0 1 0 1 1 1 0 1 0 0 0 0 0 1 1 0 1 1 1 0 0 0 0 0 0 0]
At 26801/30000: COST 0.022/3.829(0.014) -- Acc 0.990/0.440(0.996)
[0 0 0 1 1 0 1 0 0 1 1 0 1 1 1 1 0 0 1 1 1 1 0 1 1 0 0 0 0 1 1 1 1 1 0 1 1
 0 1 0 1 0 1 0 0 1 1 1 1 0 0 0 0 0 1 1 1 0 0 0 0 0 0 1 1 1 1 0 0 0 1 0 1 0
 0 0 0 1 0 0 1 0 1 1 1 0 1 0 1 0 0 1 1 0 0 1 0 1 1 1]
At 26901/30000: COST 0.053/3.636(0.018) -- Acc 0.980/0.460(0.995)
[1 1 0 1 1 0 1 0 1 0 1 1 0 0 0 1 1 0 0 1 1 0 1 0 0 1 0 0 0 1 0 1 0 0 0 1 1
 1 1 0 0 1 0 0 1 0 0 0 0 1 1 0 0 1 0 1 1 1 0 0 0 0 1 0 1 0 0 1 0 0 0 1 0 0
 1 0 1 1 0 1 1 1 0 0 0 1 1 0 0 1 0 0 0 1 0 1 1 0 1 0]
At 27001/30000: COST 0.041/2.817(0.041) -- Acc 0.990/0.480(0.990)
[1 0 0 1 0 1 0 1 0 0 0 0 0 1 1 0 1 1 0 0 0 1 0 0 1 0 1 0 0 1 1 0 0 1 1 1 0
 0 1 0 0 1 0 1 0 0 0 0 1 0 0 1 1 1 0 0 0 0 1 0 1 0 1 1 0 1 0 0 1 0 0 1 1 1
 0 1 0 1 0 1 0 0 1 0 0 1 1 1 0 1 0 0 1 1 0 1 0 1 1 0]
At 27101/30000: COST 0.001/3.144(0.026) -- Acc 1.000/0.420(0.993)
[1 1 1 1 0 0 1 0 0 0 1 0 1 1 1 1 1 1 1 0 0 0 0 0 1 0 1 1 1 0 0 1 1 0 0 1 0
 0 1 0 1 1 0 0 1 1 0 0 1 1 0 1 0 0 1 1 1 0 0 1 1 0 1 1 0 1 0 0 0 0 1 1 0 0
 0 1 0 0 0 1 0 1 0 0 0 0 1 0 1 0 0 1 0 0 1 1 0 0 0 0]
At 27201/30000: COST 0.004/3.120(0.015) -- Acc 1.000/0.430(0.996)
[0 0 0 1 0 1 0 0 1 0 1 0 1 1 1 1 1 0 0 0 0 1 1 1 0 0 0 0 0 1 1 1 1 0 1 0 1
 0 0 0 0 1 1 0 1 1 1 0 0 0 1 0 0 0 0 1 1 0 1 1 1 0 1 0 1 1 0 0 1 1 0 0 1 0
 0 0 0 1 0 1 0 1 1 1 0 0 1 1 1 1 0 1 0 0 1 0 0 0 1 1]
At 27301/30000: COST 0.036/3.597(0.010) -- Acc 0.990/0.430(0.997)
[0 1 1 0 0 1 0 1 0 1 0 0 0 1 0 0 1 1 1 1 1 0 0 1 0 1 0 1 1 0 0 1 1 0 0 1 1
 1 0 1 1 1 1 1 1 0 0 0 0 0 1 0 1 0 1 0 1 1 0 0 1 1 0 1 0 0 0 0 0 1 0 0 0 1
 1 0 0 1 0 0 1 1 0 0 0 0 0 1 1 1 1 0 1 1 1 0 0 1 1 0]
At 27401/30000: COST 0.001/3.605(0.007) -- Acc 1.000/0.420(0.998)
[0 1 0 1 0 1 1 0 0 1 1 1 1 1 0 0 0 1 0 0 0 1 0 0 1 0 0 0 0 0 0 0 1 1 1 1 0
 1 0 0 0 1 1 1 0 1 0 1 0 0 1 1 0 0 1 1 1 0 1 1 1 0 1 0 0 1 0 0 1 1 1 1 0 0
 1 1 0 1 1 1 1 1 0 0 0 0 0 0 0 0 0 0 1 1 1 1 0 0 1 1]
At 27501/30000: COST 0.003/3.380(0.007) -- Acc 1.000/0.460(0.998)
[0 0 0 1 0 0 1 0 1 0 0 1 0 1 1 1 0 0 0 1 0 0 1 0 1 0 1 1 0 1 1 1 1 0 0 1 0
 1 0 0 0 0 1 0 0 1 0 0 1 0 0 1 0 0 0 0 1 1 0 1 1 1 0 1 0 1 1 0 1 1 0 1 1 1
 1 0 0 0 0 1 0 0 0 1 0 1 1 1 1 0 1 1 0 0 1 0 1 0 0 0]
At 27601/30000: COST 0.004/3.424(0.008) -- Acc 1.000/0.450(0.998)
[1 0 0 0 0 0 0 0 0 1 1 0 0 1 0 0 0 1 1 1 1 0 1 1 1 1 1 0 1 0 0 0 0 1 1 0 0
 0 1 0 0 0 0 1 0 0 1 0 1 1 0 0 0 1 1 1 0 0 0 1 0 1 1 0 0 0 0 1 0 0 0 0 1 1
 0 1 1 0 0 1 0 0 1 1 1 1 1 1 0 0 0 0 0 1 1 1 0 1 1 0]
At 27701/30000: COST 0.002/3.541(0.011) -- Acc 1.000/0.470(0.997)
[0 0 0 0 1 0 0 0 1 1 1 1 1 0 0 0 1 0 1 0 1 1 0 0 0 1 0 0 0 1 0 1 1 0 1 0 0
 0 0 1 0 0 0 1 0 1 1 1 0 1 0 1 1 0 1 0 1 1 0 1 0 1 0 0 0 0 1 0 1 0 0 0 1 0
 1 0 1 1 0 0 0 1 0 1 0 0 1 0 1 1 0 0 1 0 0 1 1 1 0 1]
At 27801/30000: COST 0.256/3.747(0.020) -- Acc 0.960/0.390(0.995)
[0 0 1 0 0 1 1 1 0 0 0 1 0 0 0 0 1 1 1 1 0 1 1 1 1 1 0 0 0 0 1 0 0 1 0 1 0
 1 0 1 1 0 0 1 0 1 1 0 0 1 0 1 1 0 1 1 1 1 0 0 0 1 1 0 1 1 0 1 0 1 0 0 1 0
 1 1 1 0 0 1 0 1 0 1 1 1 0 0 1 1 1 1 1 1 0 1 0 1 1 0]
At 27901/30000: COST 0.005/3.571(0.020) -- Acc 1.000/0.450(0.994)
[1 0 0 1 0 1 0 0 1 1 0 0 0 0 0 1 1 0 1 0 0 0 0 0 1 0 0 1 1 1 1 1 0 0 0 0 1
 1 1 1 0 1 0 1 1 0 1 0 1 0 0 0 1 1 1 0 0 1 0 0 1 0 0 1 1 0 0 1 1 0 1 0 1 0
 0 1 0 1 0 0 0 0 0 0 1 0 0 1 1 1 1 1 1 0 0 0 1 1 1 0]
At 28001/30000: COST 0.031/3.434(0.023) -- Acc 0.990/0.470(0.994)
[1 0 1 0 0 0 1 0 0 0 1 0 0 1 1 1 1 1 1 0 0 0 0 1 1 0 1 1 1 0 0 1 1 0 1 0 1
 1 0 1 1 1 1 0 0 0 0 1 0 1 0 1 1 1 1 1 1 0 0 0 1 0 1 1 0 0 0 1 1 1 0 0 0 1
 1 1 1 0 1 0 1 1 0 0 1 0 1 1 1 1 0 1 0 0 0 0 1 0 1 0]
At 28101/30000: COST 0.007/2.882(0.021) -- Acc 1.000/0.520(0.994)
[0 1 1 0 1 0 1 0 0 0 1 1 0 0 0 0 0 0 1 0 1 0 1 1 1 1 0 0 0 0 0 1 1 1 0 0 0
 1 1 0 0 0 0 1 1 0 1 1 0 1 1 0 0 1 0 0 1 1 0 1 0 1 0 0 0 1 1 1 1 1 1 1 1 1
 0 1 1 1 0 1 1 0 0 0 0 1 1 0 1 1 1 1 1 0 1 1 0 0 1 0]
At 28201/30000: COST 0.059/3.535(0.015) -- Acc 0.990/0.450(0.995)
[0 1 0 1 1 0 1 0 0 1 0 1 0 0 0 1 0 1 1 0 1 1 0 0 1 1 1 0 0 1 0 0 0 1 0 1 0
 1 0 1 1 0 0 1 1 1 1 1 1 1 0 0 0 1 0 0 1 0 1 0 1 0 1 0 0 0 1 1 1 0 1 0 0 0
 0 1 0 0 1 1 0 0 1 0 1 0 1 0 1 1 1 0 1 0 1 1 0 1 0 1]
At 28301/30000: COST 0.002/3.541(0.023) -- Acc 1.000/0.430(0.993)
[1 0 1 0 1 0 1 0 1 0 1 0 1 0 1 1 1 0 1 1 1 0 1 1 1 1 1 1 1 0 1 0 1 0 0 1 1
 1 0 0 1 1 1 0 0 1 0 0 0 0 1 0 0 0 0 0 1 0 0 1 1 0 0 1 0 1 0 1 1 0 0 0 0 1
 0 1 0 0 0 0 0 0 0 0 0 1 1 1 1 0 0 1 0 0 1 0 0 1 0 1]
At 28401/30000: COST 0.004/3.830(0.015) -- Acc 1.000/0.380(0.995)
[1 1 1 0 0 1 1 0 0 1 0 0 0 0 0 1 1 0 0 1 1 1 1 0 0 1 1 0 0 0 0 1 0 0 0 0 1
 1 0 1 1 0 0 0 1 1 1 0 1 1 1 0 1 1 1 0 1 1 0 1 0 1 0 1 1 1 1 0 1 1 1 1 0 1
 1 0 0 0 0 1 0 1 0 0 1 0 0 0 1 0 1 0 1 1 1 0 0 1 0 1]
At 28501/30000: COST 0.002/4.116(0.010) -- Acc 1.000/0.430(0.997)
[0 0 1 1 0 1 0 0 1 0 1 0 1 0 0 0 0 1 1 1 0 1 1 0 1 1 0 0 0 0 0 0 1 1 1 0 1
 1 1 0 1 0 0 0 1 1 0 1 1 0 1 0 0 0 0 0 1 1 1 1 1 0 1 1 0 0 0 0 0 1 0 1 0 0
 0 0 0 1 1 1 0 1 0 0 1 1 1 0 0 1 1 1 1 0 1 0 1 0 1 1]
At 28601/30000: COST 0.001/4.095(0.007) -- Acc 1.000/0.420(0.998)
[0 1 0 1 0 0 0 1 0 0 1 1 0 0 1 1 0 0 1 1 0 0 1 1 1 0 1 1 0 0 1 1 0 0 1 0 1
 1 0 1 1 0 1 0 1 0 0 1 1 1 0 1 0 0 1 0 0 0 0 1 0 0 1 1 1 0 0 0 1 0 0 1 0 0
 1 1 0 1 0 1 1 1 1 0 1 0 0 1 1 0 0 1 0 1 1 0 1 0 0 0]
At 28701/30000: COST 0.000/4.183(0.005) -- Acc 1.000/0.410(0.999)
[0 0 0 1 0 1 0 0 0 1 0 1 0 0 0 1 0 0 0 1 0 0 0 1 1 1 0 0 0 0 1 1 1 1 1 1 1
 1 1 0 1 0 0 0 0 0 1 0 0 0 0 0 0 0 1 0 1 0 0 0 1 0 0 1 1 0 1 0 0 1 1 0 1 0
 1 1 0 1 1 1 1 0 0 1 0 0 1 1 0 1 1 1 1 0 1 0 0 1 1 1]
At 28801/30000: COST 0.004/4.162(0.007) -- Acc 1.000/0.470(0.998)
[1 0 1 0 0 0 1 0 0 0 0 1 1 1 0 0 1 1 1 0 0 1 1 0 0 1 1 1 1 0 1 1 1 0 1 1 0
 1 0 1 0 1 0 1 1 1 0 0 0 1 0 1 0 1 0 1 0 0 1 0 0 1 0 1 1 0 1 0 0 1 1 1 0 1
 0 1 1 0 0 0 0 1 1 0 1 1 1 0 1 1 1 0 0 1 0 1 0 1 1 0]
At 28901/30000: COST 0.011/4.100(0.008) -- Acc 0.990/0.480(0.997)
[0 0 0 0 0 0 1 0 1 0 0 0 1 1 0 1 1 0 0 1 1 1 1 0 0 1 1 1 1 1 0 0 0 0 1 0 0
 1 1 1 1 1 0 0 1 0 1 0 0 1 1 0 1 0 0 1 0 1 0 0 0 1 1 0 1 0 1 0 1 0 0 0 1 0
 1 0 0 1 0 0 1 0 0 0 1 1 1 1 0 0 0 1 1 1 0 0 1 0 1 0]
At 29001/30000: COST 0.018/3.207(0.025) -- Acc 0.990/0.450(0.993)
[0 0 1 0 1 1 0 1 0 1 1 1 0 0 1 0 0 0 0 0 1 0 1 0 1 0 0 0 0 0 0 0 1 1 0 0 0
 1 0 0 1 1 0 1 1 0 1 0 1 0 0 0 1 0 1 0 0 0 0 1 1 1 0 0 0 0 0 0 1 1 1 1 0 1
 0 1 0 0 0 1 1 1 1 1 1 0 0 1 0 0 1 1 0 1 1 0 1 1 0 1]
At 29101/30000: COST 0.004/3.383(0.019) -- Acc 1.000/0.440(0.994)
[1 1 1 1 1 0 1 1 1 0 0 1 1 0 0 0 0 1 0 0 1 1 0 1 1 0 0 0 0 0 1 1 1 0 1 0 0
 0 1 0 1 1 1 0 1 1 0 1 0 0 0 1 1 0 0 1 1 0 1 0 1 0 0 1 0 0 1 1 1 0 1 0 1 0
 1 0 1 0 1 0 0 1 1 1 1 0 0 1 1 0 1 1 0 1 0 0 1 0 0 1]
At 29201/30000: COST 0.026/3.102(0.016) -- Acc 0.990/0.450(0.995)
[0 1 0 1 1 0 0 1 1 1 1 1 0 0 0 0 1 0 0 0 0 0 0 1 1 0 1 1 1 0 0 0 1 1 0 0 1
 1 1 1 1 1 1 0 0 0 1 1 1 1 0 0 1 1 1 0 1 0 1 1 1 0 1 1 0 1 1 0 0 0 1 0 0 0
 0 0 1 1 1 0 1 1 1 0 1 1 0 0 0 0 1 1 0 0 1 0 1 1 0 1]
At 29301/30000: COST 0.001/3.421(0.013) -- Acc 1.000/0.440(0.996)
[0 1 0 1 0 0 1 1 1 0 0 1 0 0 1 0 1 1 1 1 0 1 1 0 0 1 1 1 0 0 1 1 0 0 0 0 1
 1 1 0 1 0 0 1 1 1 0 0 0 1 1 0 0 1 1 1 1 0 1 1 0 0 0 0 1 1 1 0 1 0 0 1 0 1
 0 1 0 0 0 0 1 0 1 1 1 1 0 0 0 0 0 0 1 1 0 0 1 0 0 0]
At 29401/30000: COST 0.006/3.285(0.013) -- Acc 1.000/0.510(0.996)
[1 0 1 1 0 0 1 0 0 1 0 0 1 1 0 0 1 1 0 1 1 1 0 1 1 1 0 1 0 1 1 0 0 1 0 0 0
 1 1 0 1 1 0 0 0 0 0 1 0 1 1 1 1 1 1 1 0 0 1 0 1 0 0 0 0 1 1 1 1 0 1 0 1 1
 0 1 0 0 1 1 0 0 0 0 0 1 0 1 0 1 0 0 1 0 1 0 0 1 0 0]
At 29501/30000: COST 0.001/3.074(0.011) -- Acc 1.000/0.500(0.997)
[1 1 1 1 1 1 0 0 0 1 0 1 1 1 1 1 1 1 1 0 1 0 1 1 0 1 0 0 1 0 0 0 0 0 0 1 1
 1 1 1 0 0 0 0 0 0 0 0 1 1 1 0 1 1 1 1 1 0 1 0 1 1 1 1 0 1 0 0 0 0 0 1 1 1
 0 0 1 1 0 0 1 1 1 1 1 1 0 0 1 1 1 0 0 1 0 1 0 0 0 0]
At 29601/30000: COST 0.031/3.103(0.023) -- Acc 0.990/0.440(0.994)
[0 1 0 0 1 1 0 1 0 1 0 1 0 1 1 1 1 0 1 1 1 1 0 0 1 0 1 0 1 1 1 1 1 1 1 1 1
 1 0 0 0 0 0 1 1 1 1 0 0 1 0 0 1 0 1 1 1 0 1 0 1 1 1 0 0 1 0 0 1 1 1 0 1 1
 1 1 1 0 1 0 1 0 1 0 1 1 0 1 0 0 1 0 1 0 0 0 1 1 1 1]
At 29701/30000: COST 0.005/3.321(0.015) -- Acc 1.000/0.430(0.996)
[1 0 1 1 0 0 1 0 1 1 1 1 1 0 0 1 0 1 0 0 0 1 0 0 0 0 1 0 1 1 1 0 0 1 0 1 1
 1 0 1 1 0 1 0 1 1 0 1 1 0 0 1 1 0 0 0 0 1 1 1 0 0 0 0 1 1 1 1 1 0 1 1 0 1
 0 0 1 1 1 1 0 0 1 0 1 0 1 1 1 0 1 0 0 0 0 1 1 1 1 1]
At 29801/30000: COST 0.005/3.121(0.013) -- Acc 1.000/0.500(0.996)
[1 0 0 1 0 0 0 1 1 1 1 1 0 0 1 1 1 1 0 1 0 1 0 0 1 0 1 1 0 0 1 0 0 1 0 1 0
 1 1 1 1 0 0 0 0 0 0 1 1 0 0 1 1 1 0 1 0 0 1 0 0 1 0 0 1 1 0 1 0 1 0 1 0 1
 0 0 1 0 0 1 0 1 1 1 1 1 1 1 1 1 0 1 1 1 0 1 0 1 0 1]
At 29901/30000: COST 0.001/3.808(0.010) -- Acc 1.000/0.430(0.997)
