time:0
[0 1 1 0 0 1 1 0 0 1 1 0 1 1 0 0 0 1 0 1 1 1 0 0 1 1 0 1 0 1 1 1 0 1 0 1 0
 1 1 1 1 0 0 0 1 0 0 0 0 0 0 0 1 1 1 1 1 0 0 0 1 0 1 1 1 1 1 0 0 1 1 0 0 0
 0 1 0 1 0 1 0 0 0 0 1 0 1 1 0 0 0 1 0 1 1 0 0 1 0 0]
time:1
[0 1 0 0 1 1 1 0 0 1 0 0 1 0 0 0 1 0 1 0 1 1 0 1 0 1 1 0 0 1 1 0 1 1 0 0 0
 1 1 0 0 0 0 0 1 0 0 1 1 0 1 1 1 1 1 1 1 0 0 1 1 0 1 1 0 1 1 0 0 1 0 0 1 1
 0 0 0 0 0 1 0 0 0 1 1 0 1 0 0 0 1 1 1 1 1 0 0 1 0 0]
time:2
[1 1 1 0 0 1 1 0 0 0 0 0 0 1 0 0 0 0 1 1 1 1 0 0 0 1 0 1 0 1 1 1 0 1 1 1 0
 1 1 1 1 0 1 0 1 1 0 1 1 0 0 0 0 1 1 1 1 0 1 1 1 0 1 1 1 1 1 1 0 1 1 0 1 0
 1 1 0 1 1 1 1 0 0 0 1 1 1 0 0 0 0 1 1 0 1 0 0 1 0 0]
time:3
[0 0 0 0 1 1 1 0 0 1 1 1 1 1 0 0 0 1 0 1 1 1 0 0 1 0 1 1 1 1 1 1 0 1 1 0 0
 1 1 0 1 0 0 0 1 0 0 1 1 0 0 1 1 1 1 1 1 0 0 1 0 0 0 0 1 1 1 1 0 1 0 0 0 0
 0 1 0 1 0 1 1 0 0 1 1 0 1 1 0 0 0 1 0 0 0 0 1 1 0 0]
time:4
[1 1 1 1 1 1 1 0 0 1 0 0 1 1 1 0 1 0 1 1 1 0 0 0 0 1 0 1 0 1 1 1 1 1 1 0 0
 0 1 1 1 0 0 0 0 1 0 0 1 0 0 1 1 1 1 1 1 0 0 0 1 0 0 1 0 1 1 1 0 1 1 0 0 1
 1 1 0 1 0 1 0 0 0 1 1 1 1 1 0 1 0 1 1 0 0 0 0 1 0 0]
time:5
[1 1 1 0 1 1 1 0 0 0 1 0 1 1 0 0 1 1 0 1 1 1 0 1 0 1 0 0 0 1 1 1 1 1 1 0 0
 1 1 1 1 1 0 0 1 1 0 1 0 0 1 0 0 1 1 1 1 1 0 1 0 0 1 1 1 0 1 0 0 1 0 0 0 1
 1 1 0 1 0 1 0 1 0 1 1 1 1 0 0 0 1 0 0 1 1 0 1 1 0 0]
time:6
[1 0 0 0 0 1 1 0 0 1 1 1 1 1 0 0 0 0 0 1 1 1 0 0 1 0 0 0 1 1 1 1 0 1 1 0 0
 1 0 1 1 1 0 0 1 0 0 1 1 0 0 0 1 1 1 0 1 1 0 0 1 1 0 0 1 1 1 1 0 1 1 0 0 1
 1 1 1 1 0 1 1 0 0 1 1 1 1 1 1 0 0 1 1 1 0 0 0 1 0 0]
time:7
[0 1 1 0 0 1 1 0 0 1 1 1 1 1 0 0 0 1 0 1 1 0 1 0 0 1 1 1 1 1 1 1 1 1 1 0 0
 1 1 1 1 1 0 0 1 0 0 1 1 0 1 0 1 1 1 0 0 1 0 0 1 1 1 0 1 1 1 0 0 1 1 0 0 1
 0 1 1 1 0 1 1 1 0 1 1 0 1 1 0 0 1 1 1 1 1 0 0 0 0 0]
time:8
[1 1 1 0 0 1 1 0 1 1 1 1 1 1 0 0 1 0 0 1 1 1 0 0 1 1 1 0 1 1 1 1 1 1 1 0 0
 0 0 1 1 0 0 0 1 1 0 0 0 0 0 0 1 1 1 0 1 0 0 1 1 0 1 1 1 1 1 1 0 1 1 0 0 1
 0 1 0 1 0 1 1 0 0 0 1 0 1 1 0 0 1 1 1 0 1 0 0 1 0 0]
time:9
[0 1 1 0 0 1 1 0 0 0 1 0 1 1 0 0 1 0 0 1 1 1 0 0 1 0 0 0 0 1 1 1 1 1 0 0 0
 1 1 0 1 0 0 0 1 1 0 1 1 0 0 0 1 1 0 0 1 1 0 0 1 0 1 1 1 0 0 1 0 0 1 0 0 1
 0 1 1 0 0 1 0 1 0 1 1 1 0 1 0 0 0 1 0 0 1 0 0 1 0 0]
time:10
[1 1 1 0 0 1 1 0 0 1 1 1 1 0 0 0 0 0 0 1 0 1 1 1 1 1 1 1 0 1 1 1 1 1 1 0 0
 1 1 0 1 0 0 0 1 1 0 1 1 0 1 0 1 1 0 0 1 1 0 1 1 0 0 0 1 1 1 0 0 1 1 0 0 1
 1 1 0 1 0 1 0 0 0 1 1 1 1 0 0 0 0 1 0 0 1 0 0 1 0 1]
time:11
[1 1 1 0 0 1 1 0 0 1 0 1 1 1 0 0 0 1 0 0 1 0 0 0 1 1 0 1 0 1 1 1 0 1 1 0 0
 0 1 1 1 0 0 0 1 1 0 0 1 0 1 0 1 1 0 1 1 1 0 1 1 0 1 1 1 1 1 1 0 1 0 0 0 1
 1 1 0 1 0 1 1 0 0 1 1 1 1 1 0 0 0 1 1 1 0 0 0 0 0 0]
time:12
[0 0 0 1 0 1 1 0 0 0 1 0 1 1 0 0 0 0 0 0 1 1 0 1 1 1 1 0 0 1 1 1 1 1 1 0 0
 0 1 0 1 0 0 0 1 1 0 0 1 0 1 0 0 1 0 1 0 0 0 0 1 0 1 1 1 0 1 0 0 1 1 0 0 0
 0 1 1 1 0 1 1 0 0 1 1 0 1 0 0 0 0 1 0 0 1 0 0 1 1 0]
time:13
[0 1 1 0 0 1 1 0 0 1 1 0 1 1 0 0 0 0 0 1 1 0 1 0 1 1 0 1 0 1 1 1 0 1 1 0 0
 0 1 1 1 0 0 0 1 1 0 1 0 0 0 0 1 1 1 0 0 0 0 1 1 1 1 1 1 0 0 1 0 1 0 0 1 0
 1 1 0 1 0 1 0 0 1 1 1 1 1 1 0 0 0 1 0 0 1 0 0 1 0 0]
time:14
[0 0 1 0 1 1 0 0 0 1 1 0 1 1 0 0 1 0 1 0 1 0 0 1 0 1 0 0 0 1 1 1 1 1 1 0 0
 0 1 0 0 0 0 0 0 0 0 1 1 0 1 0 1 1 0 1 1 0 0 0 0 0 1 0 0 1 0 1 0 1 1 0 0 1
 0 1 1 1 1 1 0 0 1 1 1 1 1 1 0 0 0 1 1 0 0 0 0 1 0 0]
time:15
[0 1 1 0 0 1 1 0 0 1 0 0 1 1 0 0 1 0 0 0 1 0 0 0 1 1 1 1 0 1 1 1 1 1 1 0 0
 0 1 0 1 0 0 0 1 1 0 1 1 0 0 1 1 1 0 1 0 1 0 0 1 1 1 0 1 1 1 1 0 1 1 0 1 0
 0 1 0 1 0 1 1 0 0 1 1 1 1 0 0 0 1 1 1 0 1 0 1 1 0 0]
time:16
[0 1 0 1 0 1 1 0 0 1 1 0 1 1 0 0 0 0 0 1 1 0 0 0 1 0 0 0 0 1 1 1 1 1 1 0 0
 1 1 1 1 0 0 0 1 0 0 1 1 1 1 0 0 1 0 1 1 1 0 1 1 0 0 0 0 1 1 0 0 1 1 0 0 0
 0 1 0 1 0 1 1 0 0 0 1 0 1 1 0 0 1 0 0 1 1 0 0 1 0 0]
time:17
[1 1 1 0 0 1 1 0 0 0 1 1 1 1 0 0 0 1 1 1 1 1 0 1 1 1 0 0 1 1 1 1 1 1 1 0 0
 0 0 1 1 0 0 0 1 0 0 0 1 0 0 1 0 1 0 1 1 0 0 0 1 0 1 1 1 1 0 0 0 1 0 0 0 0
 0 1 0 1 0 1 0 0 1 1 1 1 1 1 0 0 0 0 1 0 1 0 1 1 0 0]
time:18
[1 1 0 1 0 1 1 0 0 1 1 0 1 1 0 0 1 1 0 0 1 0 0 0 1 1 1 0 0 1 1 1 0 1 0 0 0
 0 1 1 0 0 0 0 0 1 0 1 0 1 0 1 0 1 0 0 0 1 0 1 1 1 1 1 1 0 1 0 0 1 0 0 0 1
 1 1 0 1 0 0 0 0 0 1 1 1 1 1 0 0 0 1 1 1 1 0 0 1 0 0]
time:19
[0 1 1 0 1 1 1 0 0 0 0 0 1 0 0 0 1 0 0 0 1 1 0 0 1 1 0 1 0 1 1 1 1 1 1 0 0
 1 1 1 1 0 0 1 1 0 0 1 0 0 0 0 1 1 0 1 0 1 0 1 1 1 0 1 1 0 0 0 0 1 1 0 0 1
 1 1 1 1 0 1 0 0 0 0 1 0 1 0 1 0 0 1 0 1 0 0 0 1 0 0]
time:20
[1 1 1 0 0 1 1 0 0 0 1 0 1 1 0 0 1 0 0 1 0 0 0 0 0 1 0 1 1 1 1 1 1 1 0 0 0
 0 1 1 0 0 0 0 1 0 0 1 0 1 0 0 1 1 1 0 1 1 0 1 1 0 1 1 1 1 1 0 0 1 0 0 0 0
 1 1 0 1 0 1 0 1 0 1 1 0 1 1 0 0 0 1 1 0 0 0 0 1 0 0]
time:21
[1 1 1 0 0 1 0 0 0 1 1 0 1 1 0 0 1 0 0 0 1 1 0 0 1 1 1 1 1 1 1 1 0 1 1 0 0
 1 0 1 1 1 0 1 1 1 0 1 0 0 1 0 0 1 1 1 1 0 0 0 0 1 0 1 1 1 1 1 0 1 1 0 0 1
 1 1 1 1 0 1 0 0 1 1 1 1 1 1 0 0 1 1 0 1 0 0 0 0 0 0]
time:22
[0 1 1 0 0 1 1 0 0 1 1 1 1 1 1 0 0 0 0 1 1 1 0 0 1 1 0 1 0 1 1 0 0 1 1 0 0
 0 1 1 1 1 0 1 1 1 0 0 0 1 0 0 1 0 0 1 0 1 0 1 1 0 1 0 1 1 1 0 0 1 1 0 0 1
 1 1 1 1 0 1 0 0 0 1 1 1 1 1 0 0 0 1 1 0 1 0 0 1 0 0]
time:23
[0 1 0 1 0 1 1 0 0 1 1 0 1 1 0 0 0 0 0 1 1 1 0 0 1 1 1 0 1 1 1 1 0 1 1 0 0
 0 1 0 1 0 0 0 1 0 0 1 0 0 1 0 1 1 1 1 1 0 0 0 0 0 1 1 1 1 1 0 0 1 0 0 0 0
 1 1 0 1 0 1 1 0 0 0 1 1 1 1 0 0 1 1 0 1 0 0 1 0 0 0]
time:24
[0 0 1 1 1 0 1 0 0 1 0 1 1 0 0 0 0 0 0 1 1 1 0 0 1 1 0 0 1 1 1 1 0 1 1 1 0
 0 1 0 1 1 0 0 1 0 0 0 0 0 1 0 1 1 1 1 0 1 0 1 1 1 1 1 1 1 1 1 0 1 1 0 0 0
 1 1 1 1 0 1 0 1 0 1 1 0 1 1 0 0 0 1 0 1 0 0 0 1 0 0]
time:25
[0 1 1 1 0 1 1 0 0 0 0 0 1 1 0 0 1 0 0 1 1 0 0 0 1 1 1 0 0 1 1 0 0 1 1 0 0
 1 1 1 1 0 0 0 1 0 0 1 0 1 0 0 1 0 0 0 0 1 0 1 1 0 1 1 1 1 1 1 0 1 0 0 0 1
 1 1 0 1 0 1 1 0 0 1 1 1 1 1 0 0 0 1 0 1 1 0 0 1 0 0]
time:26
[0 1 1 0 0 1 1 0 0 0 0 0 1 1 0 0 1 0 0 1 1 0 1 0 1 0 0 0 1 1 1 1 0 1 1 0 0
 0 1 1 0 0 0 0 1 0 0 1 0 1 0 0 1 1 1 1 1 0 0 1 0 0 0 1 0 1 1 0 0 1 1 0 0 1
 1 0 0 1 0 1 1 0 0 1 1 1 1 1 0 0 1 1 0 1 0 0 0 1 0 0]
time:27
[0 1 0 1 0 1 1 0 0 0 1 1 0 0 0 0 1 0 0 1 1 1 0 0 1 1 0 0 0 1 1 0 0 1 1 0 0
 0 1 1 0 0 0 1 1 1 0 0 0 0 0 0 1 1 0 0 1 1 0 1 1 0 1 1 0 1 1 0 0 1 1 0 1 1
 1 1 0 1 0 1 0 0 0 0 1 1 1 1 0 0 0 0 0 1 1 0 0 1 0 0]
time:28
[0 0 0 1 0 1 1 0 0 1 1 1 1 1 0 0 0 0 0 1 1 1 0 0 1 1 0 0 1 1 1 1 1 1 1 0 0
 1 1 0 1 0 0 1 1 0 0 1 1 0 0 0 1 1 0 0 1 1 0 0 0 0 1 1 1 1 0 1 0 1 1 0 1 1
 0 1 0 1 1 1 1 0 0 0 1 1 1 1 1 0 1 1 0 1 1 0 1 1 0 0]
time:29
[0 1 1 1 1 1 1 0 0 1 1 0 1 0 0 0 1 0 0 1 1 0 0 0 1 1 1 0 0 1 1 1 0 1 1 0 0
 1 1 1 1 0 0 0 1 1 0 0 0 0 1 0 1 1 1 0 0 1 0 1 1 1 1 0 1 1 1 1 0 1 1 0 1 1
 0 1 0 1 0 1 0 0 0 0 1 0 1 0 0 0 0 1 0 0 1 0 1 1 0 0]
time:30
[1 1 1 0 1 1 1 0 0 1 1 1 1 1 0 0 0 0 0 1 1 1 0 0 1 1 0 1 0 1 1 1 0 1 1 0 0
 1 1 1 1 0 0 1 1 1 0 1 0 0 1 0 1 1 1 1 1 0 0 0 1 1 1 1 1 1 1 1 0 1 0 0 0 0
 0 1 0 1 0 1 1 0 0 0 1 0 1 1 0 0 1 1 0 1 0 0 0 1 0 0]
time:31
[1 1 1 0 0 1 1 0 0 1 1 0 1 1 0 0 1 0 0 0 1 0 0 0 1 1 0 1 0 1 1 1 0 1 1 0 0
 0 1 1 0 0 0 0 1 1 0 1 1 1 1 0 0 1 1 0 1 0 0 1 1 0 1 1 0 1 1 1 0 1 1 0 0 0
 1 1 0 0 0 1 0 1 0 1 1 1 1 0 0 0 1 1 1 1 1 0 0 1 0 1]
time:32
[1 1 0 1 0 0 1 0 0 1 0 1 1 1 0 0 1 0 0 1 1 0 0 0 0 1 1 0 1 1 1 1 0 1 1 0 0
 1 0 1 1 1 0 1 1 1 0 1 0 0 0 0 1 1 1 1 0 1 0 1 1 1 1 1 1 1 0 0 0 1 0 0 0 1
 1 1 0 1 0 1 0 1 0 1 1 1 1 1 0 0 1 1 1 1 1 0 0 1 0 0]
time:33
[0 1 0 1 0 1 1 0 0 0 1 1 1 1 0 0 1 0 1 1 1 1 0 1 1 1 0 0 1 1 1 1 0 1 0 0 0
 0 1 1 0 0 1 0 1 0 0 1 1 0 0 0 1 1 1 1 1 1 0 1 1 0 1 0 1 1 1 1 0 1 1 0 0 1
 0 1 0 1 0 1 0 0 0 1 1 0 1 0 0 0 1 1 1 1 1 0 0 1 0 0]
time:34
[0 1 0 0 0 1 1 0 0 1 1 0 1 1 0 0 1 0 0 0 1 0 1 0 1 1 0 0 1 1 1 1 1 1 1 0 0
 0 0 1 1 0 0 0 1 1 0 1 1 0 0 0 1 1 1 1 1 0 0 0 0 1 1 1 1 1 1 0 0 1 1 0 0 1
 0 1 0 1 0 1 0 0 0 0 1 0 1 1 0 0 0 0 1 1 1 0 0 1 0 1]
time:35
[1 1 1 0 0 1 1 0 0 1 1 1 1 1 0 0 0 0 0 1 1 0 0 0 1 1 0 0 1 1 1 0 0 1 0 0 0
 0 0 0 1 1 0 0 1 1 0 1 1 1 0 0 0 1 1 1 1 1 0 0 0 1 1 1 1 1 1 1 0 1 0 0 0 1
 1 1 0 1 0 0 1 0 0 1 1 1 1 0 0 0 1 1 1 1 1 0 0 1 0 0]
time:36
[0 1 1 0 0 0 1 0 0 1 1 0 1 1 0 0 0 0 0 0 1 0 0 1 1 1 1 0 0 1 1 1 1 1 1 0 0
 1 1 1 1 1 0 0 1 1 0 1 0 0 1 0 1 1 1 1 1 1 0 1 1 1 1 1 0 1 1 0 0 1 1 0 0 1
 0 1 1 0 0 1 0 0 0 1 1 1 1 0 0 0 0 1 0 1 1 0 0 1 0 0]
time:37
[1 1 1 0 0 1 1 0 0 1 1 1 1 1 0 0 0 0 0 1 1 1 0 0 1 1 0 0 0 1 1 1 1 1 1 0 0
 1 1 0 0 0 0 0 1 0 0 1 1 0 1 0 1 1 1 1 0 1 0 1 1 0 0 1 1 1 1 1 0 1 1 0 0 0
 1 1 1 1 0 0 0 0 0 1 1 0 1 1 0 0 0 1 0 1 1 0 0 0 0 0]
time:38
[0 0 1 0 0 1 1 0 0 1 1 0 1 1 0 0 0 0 0 0 1 1 0 0 1 1 0 0 0 1 1 1 0 1 1 0 0
 1 1 0 1 0 0 0 1 1 0 1 0 0 1 1 1 1 0 0 0 0 0 1 0 0 1 1 1 1 1 0 0 1 0 1 1 1
 1 1 1 1 0 1 1 0 0 1 1 1 0 0 0 0 0 1 0 1 0 0 0 1 0 0]
time:39
[1 0 1 1 0 1 1 0 0 0 1 1 1 1 0 0 1 0 0 1 1 1 0 0 1 1 0 0 1 1 1 0 0 1 1 0 0
 1 1 0 1 0 0 0 1 1 0 1 1 0 0 0 1 1 0 1 1 1 0 1 0 0 0 1 0 1 1 1 0 1 1 0 0 1
 0 1 0 1 0 0 0 0 1 0 1 0 1 1 0 0 0 0 0 1 1 0 0 1 0 0]
time:40
[0 1 1 0 1 1 1 0 0 1 1 0 1 0 0 0 1 0 0 1 1 0 0 1 1 0 0 0 0 1 1 1 0 1 1 0 0
 0 1 1 1 0 0 1 1 0 0 1 1 0 0 0 1 1 0 0 0 1 0 1 0 0 1 1 1 1 1 0 0 1 1 0 0 1
 1 1 1 1 0 1 0 0 0 1 1 1 1 1 0 0 0 1 0 1 1 0 0 1 0 0]
time:41
[0 0 1 1 0 1 0 0 0 1 1 0 1 1 0 0 0 0 1 0 1 0 1 1 1 1 1 1 0 1 1 0 1 1 1 0 0
 1 1 1 1 0 0 0 1 0 0 0 1 0 0 0 1 1 1 1 0 1 0 1 1 1 1 1 1 0 0 0 0 1 1 0 1 1
 0 1 0 1 0 1 0 0 1 0 1 0 1 0 0 0 0 1 1 1 1 0 0 1 0 1]
time:42
[1 0 1 0 0 1 1 0 0 1 1 1 1 1 0 0 1 1 0 0 1 1 1 0 1 1 0 0 1 1 1 1 0 1 1 0 0
 0 1 1 1 0 0 0 1 1 0 1 1 0 0 0 1 1 0 1 0 1 0 1 0 0 1 1 1 0 1 1 0 1 0 0 0 0
 0 1 0 1 1 1 0 0 0 0 1 0 1 0 0 0 0 1 0 1 1 0 0 1 0 0]
time:43
[0 1 0 0 1 1 1 0 0 1 1 1 1 0 0 0 1 1 0 1 1 1 0 1 1 1 0 0 0 1 1 1 1 1 1 0 0
 1 0 1 1 0 0 1 1 0 0 0 1 0 0 0 1 1 0 0 1 1 0 0 0 0 1 1 0 1 1 1 0 1 0 0 0 1
 0 1 0 0 0 1 0 0 0 1 1 1 1 0 0 0 0 1 0 1 0 0 1 1 0 0]
time:44
[1 1 0 0 0 1 0 0 0 1 1 0 1 1 0 0 1 0 0 1 1 1 1 1 1 1 0 0 1 1 0 1 1 1 1 1 0
 0 1 1 1 0 0 1 1 1 0 1 1 1 0 0 1 1 0 1 1 0 0 0 1 0 1 1 1 1 1 1 0 1 1 0 0 0
 0 1 0 1 0 1 1 0 0 1 1 0 1 0 0 0 1 0 1 0 1 0 0 1 0 1]
time:45
[1 1 1 0 0 1 1 0 0 0 1 1 1 1 0 0 1 0 0 0 1 0 1 0 1 1 0 0 0 1 1 1 0 1 1 1 0
 0 1 1 1 0 0 0 1 1 0 1 0 0 0 0 1 1 0 0 1 1 0 1 1 0 1 1 1 1 1 1 0 1 1 0 0 0
 0 1 1 1 0 1 0 0 0 0 1 0 1 1 1 1 0 1 1 0 1 0 0 1 0 0]
time:46
[1 1 1 0 0 1 1 0 0 0 0 1 1 1 0 0 1 0 0 1 1 0 0 1 1 0 1 1 1 1 1 1 1 1 1 0 0
 0 0 0 0 1 0 0 1 1 0 1 0 0 0 0 0 1 1 0 0 1 1 0 0 0 1 0 1 1 1 1 0 1 1 0 0 0
 0 0 0 1 0 1 1 0 1 1 1 0 1 1 0 0 0 1 1 0 1 0 0 1 0 0]
time:47
[1 1 0 0 1 1 0 0 0 1 0 1 1 1 0 0 1 1 0 0 1 1 0 0 1 0 0 0 0 1 1 1 1 1 1 1 0
 0 1 1 1 0 0 0 1 0 0 0 1 0 0 1 1 1 0 0 1 0 0 0 0 1 1 1 1 0 0 0 0 1 1 0 0 0
 1 1 0 1 0 1 0 0 1 1 1 1 1 1 0 0 0 1 1 1 0 0 0 1 0 0]
time:48
[0 1 0 0 0 1 1 0 0 1 1 1 1 1 0 0 0 1 0 1 1 1 0 0 1 0 0 1 1 1 1 1 1 1 1 0 0
 0 1 1 1 0 0 0 1 1 0 1 1 0 1 1 1 1 1 1 0 1 0 1 1 0 1 1 1 0 0 1 0 1 0 0 0 0
 1 1 0 1 0 1 0 0 0 0 1 0 1 1 0 0 0 1 0 0 1 0 0 1 0 0]
time:49
[1 1 1 0 0 1 1 0 0 1 1 1 1 1 1 0 0 0 0 1 1 1 0 0 1 1 0 0 1 1 1 1 0 1 0 0 0
 0 1 0 1 0 0 0 1 1 0 1 0 0 0 1 0 1 1 1 1 1 0 1 1 0 1 1 1 1 1 0 0 1 0 0 0 0
 0 1 0 1 0 1 0 1 0 1 1 0 0 1 0 0 0 1 0 1 0 0 0 1 0 0]
44:2
46:1
47:1
49:6
50:9
51:5
52:6
54:6
55:3
56:8
57:2
60:1
0.526
0.001116
