[1 1 0 1 1 0 1 0 1 1 1 0 1 0 1 1 1 1 1 1 1 1 1 1 1 0 1 1 1 1 0 1 0 0 1 1 0
 0 1 0 0 0 0 1 0 1 0 1 1 0 1 0 0 0 0 1 1 1 1 0 0 0 0 0 0 1 0 1 1 0 1 0 1 0
 0 1 0 1 0 1 0 0 0 0 1 0 0 0 0 0 1 0 1 0 1 1 1 0 0 0]
 Training accuracy at 0 out of 20000 is 0.514(0.580),cost is 4.900(0.683)
[1 1 1 1 1 1 1 1 1 1 1 0 1 0 1 1 1 1 1 1 1 1 1 1 1 0 1 1 1 1 0 1 1 0 1 1 1
 0 1 0 0 1 1 1 1 1 1 1 1 0 1 0 0 1 1 1 1 1 1 0 1 0 0 0 0 1 0 1 1 1 1 0 1 0
 1 1 0 1 0 1 0 1 0 0 1 0 1 0 0 0 1 1 1 1 1 1 1 0 0 0]
 Training accuracy at 100 out of 20000 is 0.545(0.600),cost is 4.790(0.681)
[1 1 1 1 1 1 1 1 1 1 1 0 1 0 1 1 1 1 1 1 1 1 1 1 1 0 1 1 1 1 0 1 1 0 1 1 1
 0 1 0 0 1 1 1 1 1 1 1 1 0 1 0 0 1 1 1 1 1 1 0 1 0 0 0 0 1 0 1 1 1 1 0 1 0
 1 1 0 1 0 1 0 1 0 0 1 0 1 0 0 1 1 1 1 1 1 1 1 0 0 0]
 Training accuracy at 200 out of 20000 is 0.568(0.610),cost is 4.722(0.681)
[1 1 1 1 1 1 1 1 1 1 1 0 1 0 1 1 1 1 1 1 1 1 1 1 1 0 1 1 1 1 0 1 1 0 1 1 1
 0 1 0 0 1 1 1 1 1 1 1 1 0 1 0 0 1 1 1 1 1 1 0 1 0 0 0 0 1 0 1 1 1 1 0 1 0
 1 1 0 1 0 1 0 1 0 0 1 0 1 0 0 1 1 1 1 1 1 1 1 0 1 1]
 Training accuracy at 300 out of 20000 is 0.578(0.610),cost is 4.665(0.682)
[1 1 1 1 1 1 1 1 1 1 1 0 1 0 1 1 1 1 1 1 1 1 1 1 1 0 1 1 1 1 0 1 1 0 1 1 1
 0 1 0 0 1 1 1 1 1 1 1 1 0 1 0 0 1 1 1 1 1 1 0 1 0 0 0 0 1 0 1 1 1 1 0 1 0
 1 1 0 1 0 1 0 1 0 0 1 0 1 0 0 1 1 1 1 1 1 1 1 0 1 1]
 Training accuracy at 400 out of 20000 is 0.598(0.610),cost is 4.613(0.680)
[1 1 1 1 1 1 1 1 1 1 1 0 1 0 1 1 1 1 1 1 1 1 1 1 1 0 1 1 1 1 0 1 1 0 1 1 1
 0 1 0 0 1 1 1 1 1 1 1 1 0 1 0 0 1 1 1 1 1 1 0 1 0 0 0 0 1 0 1 1 1 1 0 1 0
 1 1 0 1 0 1 0 1 0 0 1 0 1 0 0 1 1 1 1 1 1 1 1 1 1 1]
 Training accuracy at 500 out of 20000 is 0.602(0.620),cost is 4.564(0.680)
[1 1 1 1 1 1 1 0 1 1 1 0 1 0 1 1 0 1 1 1 1 1 1 1 1 0 1 1 1 1 0 1 1 0 0 1 1
 0 1 0 0 1 1 1 1 1 1 1 1 0 1 0 0 1 1 1 1 1 1 0 1 0 0 0 0 1 0 1 1 1 1 0 1 0
 0 1 0 1 0 1 0 1 0 0 1 0 1 0 0 1 1 1 1 1 1 1 1 1 1 1]
 Training accuracy at 600 out of 20000 is 0.617(0.620),cost is 4.516(0.680)
[1 1 1 1 1 1 1 0 1 1 1 0 1 0 1 1 0 1 1 1 1 1 1 1 1 0 1 1 1 1 0 0 1 0 0 1 1
 0 1 0 0 1 1 1 1 1 1 1 1 0 1 0 0 1 1 1 1 1 1 0 1 0 0 0 0 1 0 1 1 1 1 0 1 0
 1 1 0 1 0 1 0 1 0 0 1 0 1 0 0 1 1 1 1 1 1 1 1 1 1 1]
 Training accuracy at 700 out of 20000 is 0.633(0.640),cost is 4.470(0.680)
[1 1 1 1 1 1 1 0 1 1 1 0 1 0 1 1 0 1 1 1 1 1 1 1 1 0 1 1 1 1 0 0 1 0 0 1 1
 0 1 0 0 1 1 1 1 1 1 1 1 0 1 0 0 1 1 1 1 1 1 0 1 0 0 0 0 1 0 1 1 1 1 0 1 0
 1 1 0 1 0 1 0 1 0 0 1 0 1 0 0 1 1 1 1 1 1 1 1 1 1 1]
 Training accuracy at 800 out of 20000 is 0.643(0.640),cost is 4.426(0.681)
[1 1 1 1 1 0 1 0 1 1 1 0 1 0 1 1 0 1 1 1 1 1 1 1 1 0 1 1 1 1 0 0 1 0 0 1 1
 0 1 0 0 1 1 1 1 1 1 1 1 0 1 0 0 1 1 0 1 1 1 0 1 0 0 0 0 1 0 1 1 1 1 0 1 0
 0 1 0 1 0 1 0 1 0 0 1 0 1 0 0 1 1 1 1 1 1 1 1 1 1 1]
 Training accuracy at 900 out of 20000 is 0.651(0.630),cost is 4.384(0.680)
[1 1 1 1 1 0 1 0 1 1 1 0 1 0 1 1 0 1 1 1 1 1 1 1 1 0 1 1 1 1 1 0 1 0 0 1 1
 0 1 0 0 1 1 1 1 1 1 1 1 0 1 0 0 1 1 0 1 1 1 0 1 0 0 0 0 1 0 1 1 1 1 0 1 0
 0 1 0 1 0 1 0 1 0 0 1 0 1 0 0 1 0 1 1 1 1 1 1 1 1 1]
 Training accuracy at 1000 out of 20000 is 0.664(0.630),cost is 4.343(0.681)
[1 1 1 1 1 0 1 0 1 1 1 0 1 0 1 1 0 1 1 1 1 1 1 1 1 0 1 1 1 1 1 0 1 0 0 1 1
 0 1 0 0 1 1 1 1 1 1 1 1 0 1 0 0 1 1 0 1 1 1 0 1 0 0 0 0 1 0 1 1 1 1 0 1 0
 0 1 0 1 0 1 0 1 0 0 1 0 1 0 0 1 0 1 1 1 1 1 1 1 1 1]
 Training accuracy at 1100 out of 20000 is 0.664(0.630),cost is 4.303(0.682)
[1 1 1 1 1 0 1 0 1 1 1 0 1 0 1 1 0 1 1 1 1 1 0 0 1 0 1 1 1 1 1 0 1 0 0 1 1
 0 1 0 0 1 0 1 1 1 1 1 1 0 1 0 0 1 1 0 1 1 1 0 1 0 0 0 0 1 0 1 1 1 1 0 1 0
 0 1 0 1 0 1 0 1 0 0 1 0 1 0 0 1 0 1 1 1 1 1 1 1 1 1]
 Training accuracy at 1200 out of 20000 is 0.673(0.620),cost is 4.263(0.681)
[1 1 1 1 1 0 1 0 1 1 1 0 1 1 1 1 0 1 1 1 1 1 0 0 1 1 1 1 1 1 1 0 1 0 0 1 1
 0 1 0 0 1 0 1 1 1 1 1 1 0 1 0 0 1 1 0 1 1 1 0 1 0 0 0 0 1 0 1 1 1 1 0 1 0
 0 1 0 1 0 1 0 1 0 0 1 0 1 0 0 1 0 1 1 1 1 1 1 1 1 1]
 Training accuracy at 1300 out of 20000 is 0.676(0.620),cost is 4.224(0.682)
[1 1 1 1 1 0 1 0 1 1 1 0 1 1 1 1 0 1 1 1 1 1 0 0 1 1 1 1 1 1 1 0 1 0 0 1 1
 0 1 0 0 1 0 1 1 1 1 1 1 0 1 0 1 1 1 0 1 1 1 0 1 0 0 0 0 1 0 1 1 1 1 0 1 0
 0 1 0 1 0 1 0 1 0 0 1 0 1 0 0 1 0 1 1 1 1 1 1 1 1 1]
 Training accuracy at 1400 out of 20000 is 0.679(0.610),cost is 4.184(0.682)
[1 1 1 1 1 0 1 0 1 1 1 0 1 1 1 1 0 1 1 1 1 1 0 0 1 1 1 1 1 1 1 0 1 0 0 1 1
 0 1 0 0 1 0 1 1 1 1 1 1 0 1 0 1 1 1 0 1 1 1 0 1 0 0 0 0 1 0 1 1 1 1 0 1 0
 0 1 0 1 0 1 0 1 0 0 1 0 1 0 0 1 0 1 1 1 1 1 1 1 1 1]
 Training accuracy at 1500 out of 20000 is 0.689(0.610),cost is 4.143(0.683)
[1 1 1 1 1 0 1 0 1 1 1 0 1 1 0 1 0 1 1 1 1 1 0 0 1 1 1 1 1 1 1 0 1 1 0 1 1
 0 1 0 0 1 0 1 1 1 1 1 1 0 1 0 1 1 1 0 1 1 1 0 1 0 0 0 0 1 0 1 1 1 1 0 1 0
 0 1 0 1 0 1 0 1 0 0 1 0 1 0 0 1 0 1 1 1 1 1 1 1 1 1]
 Training accuracy at 1600 out of 20000 is 0.695(0.590),cost is 4.104(0.683)
[1 1 1 1 1 0 1 0 1 1 1 0 1 1 0 1 0 1 1 1 1 1 0 0 1 1 1 1 1 1 1 0 1 1 0 1 1
 0 1 0 0 1 0 1 1 1 1 1 1 0 1 0 1 1 1 0 1 1 1 0 1 0 0 0 0 1 0 1 1 1 1 0 1 0
 0 1 0 1 0 1 0 1 0 0 1 0 1 0 0 1 0 0 1 1 1 1 1 1 1 1]
 Training accuracy at 1700 out of 20000 is 0.705(0.580),cost is 4.064(0.683)
[1 1 1 1 1 0 1 0 1 1 1 0 1 1 0 1 0 1 1 1 1 1 0 0 1 1 1 1 1 1 1 0 1 1 0 1 1
 0 1 0 0 1 0 1 1 1 1 1 1 0 1 0 1 1 1 0 1 1 1 0 1 0 0 0 0 1 0 1 1 1 1 0 1 0
 0 1 0 1 0 1 0 1 0 0 1 0 1 0 0 1 0 1 1 1 1 1 1 1 1 1]
 Training accuracy at 1800 out of 20000 is 0.709(0.590),cost is 4.023(0.686)
[1 1 1 1 1 0 1 0 1 1 1 0 1 1 0 1 0 1 1 1 1 1 0 0 1 1 1 1 1 1 1 0 1 1 0 1 1
 0 1 0 0 1 0 1 1 1 1 1 1 0 1 0 1 1 1 0 1 1 1 0 1 0 0 0 0 1 0 1 1 1 1 0 1 0
 0 1 0 1 0 1 0 1 0 0 1 0 1 0 0 1 0 1 1 1 1 1 1 1 1 1]
 Training accuracy at 1900 out of 20000 is 0.716(0.590),cost is 3.982(0.687)
[1 1 0 1 1 0 1 0 1 1 1 0 1 1 0 1 0 1 1 1 1 1 0 0 1 1 1 1 1 1 1 0 1 1 0 1 1
 0 1 0 0 1 0 1 1 1 1 1 1 0 1 0 1 1 1 0 1 1 1 0 1 0 0 0 0 1 0 1 1 1 1 0 1 0
 0 1 0 1 0 1 0 1 0 0 1 0 1 0 0 1 0 0 1 1 1 1 1 1 1 1]
 Training accuracy at 2000 out of 20000 is 0.723(0.570),cost is 3.942(0.688)
[1 1 0 1 1 0 1 0 1 1 1 0 1 1 0 1 0 1 1 1 1 1 0 0 1 1 1 1 1 1 1 0 1 1 0 1 1
 0 1 0 0 1 0 1 1 1 1 1 1 0 1 0 1 1 1 0 1 1 1 0 1 0 0 0 0 1 0 1 1 1 1 0 1 0
 0 1 0 1 0 1 0 1 0 0 1 0 1 0 0 1 0 1 1 1 1 1 1 1 1 1]
 Training accuracy at 2100 out of 20000 is 0.733(0.580),cost is 3.901(0.692)
[1 1 0 1 1 0 1 0 1 1 1 0 1 1 0 1 0 1 1 1 1 1 0 0 1 1 1 1 1 1 1 0 1 1 0 1 1
 0 1 0 0 1 0 1 1 1 1 1 1 0 1 0 1 1 1 0 1 1 1 0 1 0 0 0 0 1 0 1 1 1 1 0 1 0
 0 1 0 1 0 1 0 1 0 0 1 0 1 0 0 1 0 1 1 1 1 1 1 1 1 1]
 Training accuracy at 2200 out of 20000 is 0.732(0.580),cost is 3.859(0.696)
[1 1 0 1 1 0 1 0 1 1 1 0 1 1 0 1 0 1 1 1 1 1 0 0 1 1 1 1 1 1 1 0 1 1 0 1 1
 0 1 0 0 1 0 1 1 1 1 1 1 0 1 0 1 1 1 0 1 1 1 0 1 0 0 0 0 1 0 1 1 1 1 0 1 0
 0 1 0 1 0 1 0 1 0 0 1 0 1 0 0 1 0 1 1 1 1 1 1 1 1 1]
 Training accuracy at 2300 out of 20000 is 0.742(0.580),cost is 3.817(0.698)
[1 1 0 1 1 0 1 0 1 1 1 0 1 1 0 1 0 1 1 1 1 1 0 0 1 1 1 1 1 1 1 0 1 1 0 1 1
 0 1 0 0 1 0 1 1 1 1 1 1 0 1 0 1 1 1 0 1 1 1 0 1 0 0 0 0 1 0 1 0 1 1 0 1 0
 0 1 0 1 0 1 0 1 0 0 1 0 1 0 0 1 0 1 1 1 1 1 1 1 1 1]
 Training accuracy at 2400 out of 20000 is 0.748(0.570),cost is 3.775(0.704)
[1 1 0 1 1 0 1 0 1 1 1 0 1 1 0 1 0 1 0 1 1 1 0 0 1 1 1 1 1 1 1 0 1 1 0 1 1
 0 1 0 0 1 0 1 1 1 1 1 1 0 1 0 1 1 1 0 1 1 1 0 0 0 0 0 0 1 0 1 0 1 1 0 1 0
 0 1 0 1 0 1 0 1 0 0 1 0 1 0 0 1 0 1 1 1 1 1 1 1 1 1]
 Training accuracy at 2500 out of 20000 is 0.754(0.590),cost is 3.733(0.709)
[1 1 0 1 1 0 1 0 1 1 1 0 1 1 0 1 0 1 1 1 1 1 0 0 1 1 1 1 1 1 1 0 1 1 0 1 1
 0 1 1 0 1 0 1 1 1 1 1 1 0 1 0 1 1 1 0 1 1 1 0 0 0 0 0 0 1 0 1 0 1 1 0 1 0
 0 1 0 1 0 1 0 1 0 0 1 0 1 1 0 1 0 1 1 1 1 1 1 1 1 1]
 Training accuracy at 2600 out of 20000 is 0.752(0.580),cost is 3.694(0.713)
[1 1 0 1 1 0 1 0 1 1 0 0 1 1 0 1 0 1 0 1 1 1 0 0 1 1 1 1 1 1 1 0 1 1 0 1 1
 0 1 0 0 1 0 1 1 1 1 1 1 0 1 0 1 1 1 0 1 1 1 0 0 0 0 0 0 1 0 1 0 1 1 0 1 0
 0 1 0 1 0 1 0 1 0 0 1 0 1 0 0 1 0 1 1 1 1 1 1 1 1 1]
 Training accuracy at 2700 out of 20000 is 0.764(0.600),cost is 3.649(0.713)
[1 1 0 1 0 0 1 0 1 1 0 0 1 1 0 1 0 1 0 1 1 1 0 0 1 1 1 1 1 1 1 0 1 0 0 1 1
 0 1 0 0 1 0 1 1 1 1 1 1 0 1 0 1 1 1 0 1 1 1 0 0 0 0 0 0 1 0 1 0 1 1 0 1 0
 0 1 0 1 0 1 0 1 0 0 1 0 1 1 0 1 0 1 1 1 1 1 1 1 1 1]
 Training accuracy at 2800 out of 20000 is 0.764(0.630),cost is 3.607(0.716)
[1 1 0 1 1 0 1 0 1 1 0 0 1 1 0 1 0 1 0 1 1 1 0 0 1 1 1 1 1 1 1 0 1 0 0 1 1
 0 1 1 0 1 0 1 1 1 1 1 1 0 1 0 1 1 1 0 1 1 1 0 0 0 0 0 0 1 0 1 0 1 1 0 1 0
 0 1 0 1 0 1 0 1 0 0 1 0 1 1 0 1 0 1 1 1 1 1 1 1 1 1]
 Training accuracy at 2900 out of 20000 is 0.769(0.610),cost is 3.565(0.721)
[1 1 0 1 0 0 1 0 1 1 0 0 1 1 0 1 0 1 0 1 1 1 0 0 1 1 1 1 1 1 1 0 1 0 0 1 0
 0 1 1 0 1 0 1 1 1 1 1 1 0 1 0 1 1 1 0 1 1 1 0 0 0 0 0 0 1 0 1 0 1 1 0 1 0
 0 1 0 1 0 1 0 1 0 0 1 0 1 1 0 1 0 1 1 1 1 1 1 1 1 1]
 Training accuracy at 3000 out of 20000 is 0.781(0.630),cost is 3.524(0.723)
[1 1 0 1 0 0 1 0 1 1 0 0 1 1 0 1 0 1 0 1 0 1 0 0 1 1 1 1 1 1 1 0 1 0 0 1 0
 0 1 1 0 1 0 1 1 1 1 1 1 0 1 0 1 1 1 0 1 1 1 0 0 0 0 0 0 1 0 1 0 1 0 0 1 0
 0 1 0 1 0 1 0 1 0 0 1 0 1 1 0 1 0 1 1 1 1 1 1 1 1 1]
 Training accuracy at 3100 out of 20000 is 0.797(0.630),cost is 3.481(0.727)
[1 1 0 1 0 0 1 0 1 1 0 0 1 1 0 1 0 1 0 1 0 1 0 0 1 1 1 1 1 1 1 0 1 0 0 1 0
 0 1 1 0 1 0 1 1 1 1 1 1 0 1 0 1 1 1 0 1 1 1 0 0 0 0 0 0 1 0 1 0 1 1 1 1 0
 0 1 0 1 0 1 0 1 0 0 1 0 1 1 0 1 0 1 1 1 1 1 1 1 1 1]
 Training accuracy at 3200 out of 20000 is 0.797(0.610),cost is 3.438(0.733)
[1 1 0 1 0 0 1 0 1 1 0 0 1 1 0 1 0 1 0 1 0 1 0 0 1 1 1 1 1 1 1 0 1 0 0 1 0
 0 1 1 0 1 0 1 1 1 1 1 1 0 1 0 1 1 1 0 1 1 1 0 0 0 0 0 0 1 0 1 0 1 0 1 1 0
 0 1 0 1 0 1 0 1 0 0 1 0 1 1 0 1 0 1 1 1 1 1 1 1 1 1]
 Training accuracy at 3300 out of 20000 is 0.801(0.620),cost is 3.395(0.736)
[1 1 0 1 0 0 1 0 1 0 0 0 1 1 0 1 0 1 0 1 0 1 0 0 1 1 1 1 1 1 1 0 1 0 0 1 0
 0 1 1 0 1 0 1 1 1 1 1 1 0 1 0 1 1 1 0 1 1 1 0 0 0 0 0 0 1 0 1 0 1 0 1 1 0
 0 1 0 1 0 1 0 1 0 0 1 0 1 1 0 1 0 1 0 1 1 1 1 1 1 1]
 Training accuracy at 3400 out of 20000 is 0.807(0.600),cost is 3.353(0.743)
[1 1 0 1 0 0 1 0 1 0 0 0 1 1 0 1 0 1 0 1 0 1 0 0 1 1 1 1 1 1 1 0 1 0 0 1 0
 0 1 1 0 1 0 1 1 1 1 1 1 0 1 0 1 1 1 1 1 1 1 0 0 0 0 0 0 1 0 1 0 1 0 1 1 0
 0 1 0 1 0 1 0 1 0 0 1 0 1 1 0 1 0 1 1 1 1 1 1 1 1 1]
 Training accuracy at 3500 out of 20000 is 0.810(0.600),cost is 3.310(0.747)
[1 1 0 1 0 0 1 0 1 0 0 0 1 1 0 1 0 1 0 1 0 1 0 1 1 1 1 1 1 1 1 0 1 0 0 1 0
 1 1 1 0 1 0 1 1 1 1 1 1 0 1 0 1 1 1 1 1 1 1 0 0 0 0 0 0 1 0 0 0 1 0 1 1 0
 0 1 0 1 0 1 0 1 0 0 1 0 1 1 0 1 0 1 0 1 1 1 1 1 1 1]
 Training accuracy at 3600 out of 20000 is 0.810(0.580),cost is 3.268(0.752)
[1 1 0 1 0 0 1 0 1 0 0 0 1 1 0 1 0 1 0 1 0 1 0 1 1 1 1 1 1 1 1 0 1 0 0 1 0
 0 1 1 0 1 0 1 1 1 1 1 1 0 1 0 1 1 1 1 1 1 1 0 0 0 0 0 0 1 0 0 0 1 0 1 1 0
 0 1 0 1 0 1 0 1 0 0 1 0 1 1 0 1 0 1 1 1 1 1 1 1 1 1]
 Training accuracy at 3700 out of 20000 is 0.816(0.600),cost is 3.226(0.758)
[1 1 0 1 0 0 1 0 1 0 0 1 1 1 0 1 0 1 0 1 0 1 0 1 1 1 1 1 1 1 1 0 1 0 0 1 0
 1 1 1 0 1 0 1 1 1 1 1 1 0 1 0 1 1 1 1 1 1 1 0 0 0 0 0 0 1 0 0 0 1 0 1 1 0
 0 1 0 1 0 1 0 1 0 0 1 0 1 1 0 1 0 1 0 1 1 1 1 1 1 1]
 Training accuracy at 3800 out of 20000 is 0.820(0.570),cost is 3.183(0.763)
[1 1 0 1 0 0 1 0 1 0 0 1 1 1 0 1 0 1 0 1 0 1 0 1 1 1 1 1 1 1 1 0 1 0 0 1 0
 1 1 1 0 1 0 1 1 1 1 1 1 0 1 0 1 1 1 1 1 1 1 0 0 0 0 0 0 1 0 0 0 1 0 1 1 0
 0 1 0 1 0 1 0 1 0 0 1 0 1 1 0 1 0 1 1 1 1 1 1 1 1 1]
 Training accuracy at 3900 out of 20000 is 0.823(0.580),cost is 3.140(0.769)
[1 1 0 1 0 0 1 0 1 0 0 0 1 1 0 1 0 1 0 1 0 1 0 1 1 1 1 1 1 1 1 0 1 0 0 1 0
 1 1 1 0 1 0 1 1 1 1 1 1 0 1 0 1 1 1 1 1 1 1 0 0 0 0 0 0 1 0 0 0 1 0 1 1 0
 0 1 0 1 0 1 0 1 0 0 1 0 1 1 0 1 0 1 0 1 1 1 1 1 1 1]
 Training accuracy at 4000 out of 20000 is 0.830(0.580),cost is 3.099(0.772)
[1 1 0 1 0 0 1 0 1 0 0 1 1 1 0 1 0 1 0 1 0 1 0 1 1 1 1 1 1 1 1 0 1 0 0 1 0
 1 1 1 0 1 0 1 1 1 1 1 1 0 1 0 1 1 1 1 1 1 1 0 0 0 0 0 0 1 0 0 0 1 0 1 1 0
 0 1 0 1 0 1 0 1 0 0 1 0 1 1 0 1 0 1 1 1 1 1 1 1 1 1]
 Training accuracy at 4100 out of 20000 is 0.831(0.580),cost is 3.056(0.779)
[1 1 0 1 0 0 1 0 1 0 0 1 1 1 0 1 0 1 0 1 0 1 0 1 1 1 1 1 1 1 1 0 1 0 0 1 0
 1 1 1 0 1 0 1 1 1 1 1 1 0 1 0 1 1 1 1 1 1 1 0 0 0 0 0 0 1 0 0 0 1 0 1 1 0
 0 1 0 1 0 1 0 1 0 0 1 0 1 1 0 1 0 1 1 1 1 1 1 1 1 1]
 Training accuracy at 4200 out of 20000 is 0.833(0.580),cost is 3.014(0.784)
[1 1 0 0 0 0 1 0 1 0 0 1 1 1 0 1 0 1 0 1 0 1 0 1 1 1 1 1 1 1 1 0 1 0 0 1 0
 1 1 1 0 1 0 1 1 1 1 1 1 0 1 0 1 1 1 1 1 1 1 0 0 0 0 0 0 1 0 0 0 1 0 1 1 0
 0 0 0 1 0 1 0 1 0 0 1 0 1 1 0 1 0 1 1 1 1 1 1 1 1 1]
 Training accuracy at 4300 out of 20000 is 0.843(0.560),cost is 2.972(0.791)
[1 1 0 1 0 0 1 0 1 0 0 1 1 1 0 1 0 1 0 1 0 1 0 1 1 1 1 1 1 1 1 0 1 1 0 1 0
 1 1 1 0 1 0 1 1 1 1 1 1 0 1 0 1 1 1 1 1 1 1 0 0 0 0 0 0 1 0 0 0 1 0 1 1 0
 0 0 0 1 0 1 0 1 0 0 1 0 1 1 0 1 0 1 1 1 1 1 1 1 1 1]
 Training accuracy at 4400 out of 20000 is 0.839(0.560),cost is 2.931(0.795)
[1 1 0 0 0 0 1 0 1 0 0 1 1 1 0 1 0 1 0 1 0 1 0 1 1 1 1 1 1 1 1 0 1 0 0 1 0
 1 1 1 0 1 0 1 1 1 1 1 1 0 1 0 1 1 1 1 1 1 1 0 0 0 0 0 0 1 0 0 0 1 0 1 1 0
 0 0 0 1 0 1 0 1 0 0 1 0 1 1 0 1 0 1 0 1 0 1 1 1 1 1]
 Training accuracy at 4500 out of 20000 is 0.846(0.540),cost is 2.889(0.801)
[1 1 0 0 0 0 1 0 1 0 0 1 1 1 0 1 0 1 0 1 0 1 0 1 1 1 1 1 1 1 1 0 1 0 0 1 0
 1 1 1 0 1 0 1 1 1 1 1 1 0 1 0 1 1 1 1 1 1 1 0 0 0 1 0 0 1 0 0 0 1 0 1 1 0
 0 0 0 1 0 1 0 1 0 0 1 0 1 1 0 1 0 1 0 1 0 1 1 1 1 1]
 Training accuracy at 4600 out of 20000 is 0.843(0.530),cost is 2.848(0.807)
[1 1 0 0 0 0 1 0 1 0 0 0 1 1 0 1 0 1 0 1 0 1 0 1 1 1 1 1 1 1 1 0 1 0 0 1 0
 1 1 1 0 1 0 1 1 1 1 1 1 0 1 0 1 1 1 1 1 1 1 0 0 0 1 0 0 1 0 0 0 1 0 1 1 0
 0 0 0 1 0 1 0 1 0 0 1 0 1 1 0 1 0 1 0 1 0 1 1 1 1 1]
 Training accuracy at 4700 out of 20000 is 0.853(0.540),cost is 2.807(0.812)
[1 1 0 0 0 0 1 0 1 0 0 0 1 1 0 1 0 1 0 1 0 1 0 1 1 1 1 1 1 1 1 0 1 0 0 1 0
 1 1 1 0 1 0 1 1 1 1 1 1 0 1 0 1 1 1 1 1 1 1 0 0 0 1 0 0 1 0 0 0 1 0 1 1 0
 0 0 0 1 0 1 0 1 0 0 1 0 1 1 0 1 0 1 0 1 0 0 1 1 1 1]
 Training accuracy at 4800 out of 20000 is 0.865(0.530),cost is 2.766(0.818)
[1 1 0 0 0 0 1 0 1 0 0 0 1 1 0 1 0 1 0 1 0 1 0 1 1 1 1 1 1 1 1 0 1 0 0 1 0
 1 1 1 0 1 0 1 1 1 1 1 1 0 1 0 1 1 1 1 1 1 1 0 0 0 1 0 0 1 0 0 0 1 0 1 1 0
 0 0 0 1 0 1 0 1 0 0 1 0 1 1 0 1 0 1 0 1 0 1 1 1 1 1]
 Training accuracy at 4900 out of 20000 is 0.860(0.540),cost is 2.724(0.822)
[1 1 0 0 0 0 1 0 1 0 0 0 1 1 0 1 0 1 0 1 0 1 0 1 1 1 1 1 1 1 1 0 1 0 0 1 0
 1 1 1 0 1 0 1 1 1 1 1 1 0 1 0 1 1 1 1 1 1 1 0 0 0 1 0 0 1 0 0 0 1 0 1 1 0
 0 0 0 1 0 1 0 1 0 0 1 0 1 1 0 1 0 1 0 1 0 1 1 1 1 1]
 Training accuracy at 5000 out of 20000 is 0.865(0.540),cost is 2.683(0.825)
[1 1 0 0 0 0 1 0 1 0 0 0 1 1 0 1 0 1 0 1 0 1 0 1 1 1 1 1 1 1 1 0 1 0 0 1 0
 1 1 1 0 1 0 1 1 1 1 1 1 0 1 0 1 1 1 1 1 1 1 0 0 0 1 0 0 1 0 0 0 1 0 1 1 0
 0 0 0 1 0 1 0 1 0 0 1 0 1 1 0 1 0 1 0 1 0 1 1 1 1 1]
 Training accuracy at 5100 out of 20000 is 0.873(0.540),cost is 2.643(0.829)
[1 1 0 0 0 0 1 0 1 0 0 0 1 1 0 1 0 1 0 1 0 1 0 1 1 1 1 1 1 1 1 0 1 1 0 1 0
 1 1 1 0 1 0 1 1 1 1 1 1 0 1 0 1 1 1 1 1 1 1 0 0 0 1 0 0 1 0 0 0 1 0 1 1 0
 0 0 0 1 0 1 0 1 0 0 1 0 1 1 0 1 0 1 0 1 0 1 1 1 1 1]
 Training accuracy at 5200 out of 20000 is 0.870(0.530),cost is 2.604(0.834)
[1 1 0 0 0 0 1 0 1 0 0 0 1 1 0 1 0 1 0 1 0 1 0 1 1 1 1 1 1 1 1 0 1 1 0 1 0
 1 1 1 0 1 0 1 1 1 1 1 1 0 1 0 1 1 1 1 1 1 1 0 0 0 1 0 0 1 0 0 0 1 0 1 1 0
 0 0 0 1 0 1 0 1 0 0 1 0 1 1 0 1 0 1 0 1 0 1 1 1 1 1]
 Training accuracy at 5300 out of 20000 is 0.872(0.530),cost is 2.563(0.843)
[1 1 0 0 0 0 1 0 1 0 0 0 1 1 0 1 0 1 0 1 0 1 0 1 1 1 1 1 1 1 1 0 1 1 0 1 0
 1 1 1 0 1 0 1 1 1 1 1 1 0 1 0 1 1 1 1 1 1 1 0 0 0 1 0 0 1 0 0 0 1 0 1 1 0
 0 0 0 1 0 1 0 1 0 0 1 0 1 1 0 1 0 1 0 1 0 1 1 1 1 1]
 Training accuracy at 5400 out of 20000 is 0.878(0.530),cost is 2.523(0.848)
[1 1 0 0 0 0 1 0 1 0 0 0 1 1 0 1 0 1 0 1 0 1 0 1 1 1 1 1 1 1 1 0 1 1 0 1 0
 1 1 1 0 1 0 1 1 1 1 1 1 0 1 0 1 1 1 1 1 1 1 0 0 0 1 0 0 1 0 0 0 1 0 1 1 0
 0 0 0 1 0 1 0 1 0 0 1 0 1 1 0 1 0 1 0 1 0 1 1 1 1 1]
 Training accuracy at 5500 out of 20000 is 0.875(0.530),cost is 2.484(0.851)
[1 1 0 0 0 0 1 0 1 0 0 0 1 1 0 1 0 1 0 1 0 1 0 1 1 1 1 1 1 1 1 0 1 0 0 1 0
 1 1 1 0 1 0 1 1 1 1 1 1 0 1 0 1 1 1 1 1 1 1 0 0 0 1 0 0 1 0 0 0 1 0 1 1 0
 0 0 0 1 0 1 0 1 0 0 1 0 1 1 0 1 0 1 0 1 0 1 1 1 1 1]
 Training accuracy at 5600 out of 20000 is 0.882(0.540),cost is 2.445(0.857)
[1 1 0 0 0 0 1 0 1 0 0 0 1 1 0 1 0 1 0 1 0 1 0 1 1 1 1 1 1 1 1 0 1 1 0 1 0
 1 1 1 0 1 0 1 1 1 1 1 1 0 1 0 1 1 1 1 1 1 1 0 0 0 1 0 0 1 0 0 0 1 0 1 1 0
 0 0 0 1 0 1 0 1 0 0 1 0 1 1 0 1 0 1 0 1 0 1 1 1 1 1]
 Training accuracy at 5700 out of 20000 is 0.889(0.530),cost is 2.406(0.865)
[1 1 0 0 0 0 1 0 1 0 0 0 1 1 0 1 0 1 0 1 0 1 0 1 1 1 1 1 1 0 1 0 1 1 0 1 0
 1 1 1 0 1 0 1 1 1 1 1 1 0 1 0 1 1 1 1 1 1 1 0 0 0 1 0 0 1 0 0 0 1 0 1 1 0
 0 0 0 1 0 1 0 1 0 0 1 0 1 1 0 1 0 1 0 1 0 0 1 1 1 1]
 Training accuracy at 5800 out of 20000 is 0.899(0.530),cost is 2.368(0.869)
[1 1 0 0 0 0 1 0 1 0 0 0 1 1 0 1 0 1 0 1 0 1 0 1 1 1 1 1 1 1 1 0 1 1 0 1 0
 1 1 1 0 1 0 1 1 1 1 1 1 0 1 0 1 1 1 1 1 1 1 0 0 0 1 0 0 1 0 0 0 1 0 1 1 0
 0 0 0 1 0 1 0 1 0 0 1 0 1 1 0 1 0 1 0 1 0 0 1 1 1 1]
 Training accuracy at 5900 out of 20000 is 0.902(0.520),cost is 2.330(0.875)
[1 1 0 0 0 0 1 0 1 0 0 0 1 1 0 1 0 1 0 1 0 1 0 1 1 1 1 1 1 1 1 0 1 1 0 1 0
 1 1 1 0 1 0 1 1 1 1 1 1 0 1 0 1 1 1 1 1 1 1 0 0 0 1 0 0 1 0 0 0 1 0 1 1 0
 0 0 0 1 0 1 0 1 0 0 1 0 1 1 0 1 0 1 0 1 0 1 1 1 1 1]
 Training accuracy at 6000 out of 20000 is 0.902(0.530),cost is 2.292(0.881)
[1 1 0 0 0 0 1 0 1 0 0 0 1 1 0 1 0 1 0 1 0 1 0 1 1 1 1 1 1 1 1 0 1 0 0 1 0
 1 1 1 0 1 0 1 1 1 1 1 1 0 1 0 1 1 1 1 1 1 1 0 0 0 1 0 0 1 0 0 0 1 0 1 1 0
 0 0 0 1 0 1 0 1 0 0 1 0 1 1 0 1 0 1 0 1 0 0 1 1 1 1]
 Training accuracy at 6100 out of 20000 is 0.906(0.530),cost is 2.255(0.889)
[1 1 0 0 0 0 1 0 1 0 0 0 1 1 0 1 0 1 0 1 0 1 0 1 1 1 1 1 1 1 1 0 1 1 0 1 0
 1 1 1 0 1 0 1 1 1 1 1 1 0 1 0 1 1 1 1 1 1 1 0 0 0 1 0 0 1 0 0 0 1 0 1 1 0
 0 0 0 1 0 1 0 1 0 0 1 0 1 1 0 1 0 1 0 1 0 1 1 1 1 1]
 Training accuracy at 6200 out of 20000 is 0.902(0.530),cost is 2.217(0.898)
[1 1 0 0 0 0 1 0 1 0 0 0 1 1 0 1 0 1 0 1 0 1 0 1 1 1 1 1 1 1 1 0 1 1 0 1 0
 1 1 1 0 1 0 1 1 1 1 1 1 0 1 0 1 1 1 1 1 1 1 0 0 0 1 0 0 1 0 0 0 1 0 1 1 0
 0 0 0 1 0 1 0 1 0 0 1 0 1 1 0 1 0 1 0 1 0 0 1 1 1 1]
 Training accuracy at 6300 out of 20000 is 0.903(0.520),cost is 2.179(0.910)
[1 1 0 0 0 0 1 0 1 0 0 0 1 1 0 1 0 1 0 1 0 1 0 1 1 1 1 1 1 1 1 0 1 1 0 1 0
 1 1 1 0 1 0 1 1 1 1 1 1 0 1 0 1 1 1 1 1 1 1 0 0 0 1 0 0 1 0 0 0 1 0 1 1 0
 0 0 0 1 0 1 0 1 0 0 1 0 1 1 0 1 0 1 0 1 0 0 1 1 1 1]
 Training accuracy at 6400 out of 20000 is 0.903(0.520),cost is 2.142(0.915)
[1 1 0 0 0 0 1 0 1 0 0 0 1 1 0 1 0 1 0 1 0 1 0 1 1 1 1 1 1 1 1 0 1 1 0 1 0
 1 1 1 0 1 0 1 1 1 1 1 1 0 1 0 1 1 1 1 1 1 1 0 0 0 1 0 0 1 0 0 0 1 0 1 1 0
 0 0 0 1 0 1 0 1 0 0 1 0 1 1 0 1 0 1 0 1 0 0 1 1 1 1]
 Training accuracy at 6500 out of 20000 is 0.908(0.520),cost is 2.107(0.923)
[1 1 0 0 0 0 1 0 1 0 0 0 1 1 0 1 0 1 0 1 0 1 0 1 1 1 1 1 1 1 1 0 1 1 0 1 0
 1 1 1 0 1 0 1 1 1 1 1 1 0 1 0 1 1 1 1 1 1 1 0 0 0 1 0 0 1 0 0 0 1 0 1 1 0
 0 0 0 1 0 1 0 1 0 0 1 0 1 1 0 1 0 1 0 1 0 0 1 1 1 1]
 Training accuracy at 6600 out of 20000 is 0.912(0.520),cost is 2.071(0.930)
[1 1 0 0 0 0 1 0 1 0 0 0 1 1 0 1 0 1 0 1 0 1 0 1 1 1 1 1 1 1 1 0 1 1 0 1 0
 1 1 1 0 1 0 1 1 1 1 1 1 0 1 0 1 1 1 1 1 1 1 0 0 0 1 0 0 1 0 0 0 1 0 1 1 0
 0 0 0 1 0 1 0 1 0 0 1 0 1 1 0 1 0 1 0 1 0 0 1 1 1 1]
 Training accuracy at 6700 out of 20000 is 0.915(0.520),cost is 2.033(0.939)
[1 1 0 0 0 0 1 0 1 0 0 0 1 1 0 1 0 1 0 1 0 1 0 1 1 1 1 1 1 1 1 0 1 1 0 1 0
 1 1 1 0 1 0 0 1 1 1 1 1 0 1 0 1 1 1 1 1 1 1 0 0 0 1 0 0 1 0 0 0 1 0 1 1 0
 0 0 0 1 0 1 0 1 0 0 1 0 1 1 0 1 0 1 0 1 0 0 1 1 1 1]
 Training accuracy at 6800 out of 20000 is 0.919(0.530),cost is 1.998(0.944)
[1 1 0 0 0 0 1 0 1 0 0 0 1 1 0 1 0 1 0 1 0 1 0 1 1 1 1 1 1 1 1 0 1 1 0 1 0
 1 1 1 0 1 0 0 1 1 1 1 1 0 1 0 1 1 1 1 1 1 1 0 0 0 1 0 0 1 0 0 0 1 0 1 1 0
 1 0 0 1 0 1 0 1 0 0 1 0 1 1 0 1 0 1 0 1 0 0 1 1 1 1]
 Training accuracy at 6900 out of 20000 is 0.919(0.540),cost is 1.960(0.953)
[1 1 0 0 0 0 1 0 1 0 0 0 1 1 0 1 0 1 0 1 0 1 0 1 1 1 1 1 1 1 1 0 1 1 0 1 0
 1 1 1 0 1 0 0 1 1 1 1 1 0 1 0 1 1 1 1 1 1 1 0 0 0 1 0 0 1 0 0 0 1 0 1 1 0
 1 0 0 1 0 1 0 1 0 0 1 0 1 1 0 1 0 1 0 1 0 0 1 1 1 1]
 Training accuracy at 7000 out of 20000 is 0.918(0.540),cost is 1.926(0.969)
[1 1 0 0 0 0 1 0 1 0 0 0 1 1 0 1 0 1 0 1 0 1 0 1 1 1 1 1 1 1 1 0 1 1 0 1 0
 1 1 1 0 1 0 0 1 1 1 1 1 0 1 0 1 1 1 1 1 1 1 0 0 0 1 0 0 1 0 0 0 1 0 1 1 0
 1 0 0 1 0 1 0 1 0 0 1 0 1 1 0 1 0 1 0 1 0 0 1 1 1 1]
 Training accuracy at 7100 out of 20000 is 0.929(0.540),cost is 1.888(0.977)
[1 1 0 0 0 0 1 0 1 0 0 0 1 1 0 1 0 1 0 1 0 1 0 1 1 1 1 1 1 1 1 0 1 1 0 1 0
 1 1 1 0 1 0 0 1 1 1 1 1 0 1 0 1 1 1 1 1 1 1 0 0 0 1 0 0 1 0 0 0 1 0 1 1 0
 1 0 0 1 0 1 0 1 0 0 1 0 1 1 0 1 0 1 0 1 0 0 1 1 1 1]
 Training accuracy at 7200 out of 20000 is 0.928(0.540),cost is 1.852(0.990)
[1 1 0 0 0 0 1 0 1 0 0 0 1 1 0 1 0 1 0 1 0 1 0 1 1 1 1 1 1 1 1 0 1 1 0 1 0
 1 1 1 0 1 0 0 1 1 1 1 1 0 1 0 1 1 1 1 1 1 1 0 0 0 1 0 0 1 0 0 0 1 0 1 1 0
 1 0 0 1 0 1 0 1 0 0 1 0 1 1 0 1 0 1 0 1 0 0 1 1 1 1]
 Training accuracy at 7300 out of 20000 is 0.929(0.540),cost is 1.817(0.996)
[1 1 0 0 0 0 1 0 1 0 0 0 1 1 0 1 0 1 0 1 0 1 0 1 1 1 1 1 1 1 1 0 1 1 0 1 0
 1 1 1 0 1 0 0 1 1 1 1 1 0 1 0 1 1 1 1 1 1 1 0 0 0 1 0 0 1 0 0 0 1 0 1 1 0
 1 0 0 1 0 1 0 1 0 0 1 0 1 1 0 1 0 1 0 1 0 0 1 1 1 1]
 Training accuracy at 7400 out of 20000 is 0.935(0.540),cost is 1.782(1.006)
[1 1 0 0 0 0 1 0 1 0 0 0 1 1 0 1 0 1 0 1 0 1 0 1 1 1 1 1 1 1 1 0 1 1 0 1 0
 1 1 1 0 1 0 0 1 1 1 1 1 0 1 0 1 1 1 1 1 1 1 0 0 0 1 0 0 1 0 0 0 1 0 1 1 0
 1 0 0 1 0 1 0 1 0 0 1 0 1 1 0 1 0 1 0 1 0 0 1 1 1 1]
 Training accuracy at 7500 out of 20000 is 0.937(0.540),cost is 1.746(1.015)
[1 1 0 0 0 0 1 0 1 0 0 0 1 1 0 1 0 1 0 1 0 1 0 1 1 1 1 1 1 1 1 0 1 1 0 1 0
 1 1 1 0 1 0 0 1 1 1 1 1 0 1 0 1 1 1 1 1 1 1 0 0 0 1 0 0 1 0 0 0 1 0 1 1 0
 1 0 0 1 0 1 0 1 0 0 1 0 1 1 0 1 0 1 0 1 0 0 1 1 1 1]
 Training accuracy at 7600 out of 20000 is 0.942(0.540),cost is 1.712(1.032)
[1 1 0 0 0 0 1 0 1 0 0 0 1 1 0 1 0 1 0 1 0 0 0 1 1 1 1 1 1 1 1 0 1 1 0 1 0
 1 1 1 0 1 0 0 1 1 1 1 1 0 1 0 1 1 1 1 1 1 1 0 0 0 1 0 0 1 0 0 0 1 0 1 1 0
 1 0 0 1 0 1 0 1 0 0 1 0 1 1 0 1 0 1 0 1 0 0 1 1 1 1]
 Training accuracy at 7700 out of 20000 is 0.942(0.530),cost is 1.677(1.040)
[1 1 0 0 0 0 1 0 1 0 0 0 1 1 0 1 0 1 0 1 0 0 0 1 1 1 1 1 1 1 1 0 1 1 0 1 0
 1 1 1 0 1 0 0 1 1 1 1 1 0 1 0 1 1 1 1 1 1 1 0 0 0 1 0 0 1 0 0 0 1 0 1 1 0
 1 0 0 1 0 1 0 1 0 0 1 0 1 1 0 1 0 1 0 1 0 0 1 1 1 1]
 Training accuracy at 7800 out of 20000 is 0.942(0.530),cost is 1.643(1.055)
[1 1 0 0 0 0 1 0 1 0 0 0 1 1 0 1 0 1 0 1 0 0 0 1 1 1 1 1 1 1 1 0 1 1 0 1 0
 1 1 1 0 1 0 0 1 1 1 1 1 0 1 0 1 1 1 1 1 1 1 0 0 0 1 0 0 1 0 0 0 1 0 1 1 0
 1 0 0 1 0 1 0 1 0 0 1 0 1 1 0 1 0 1 0 1 0 0 1 1 1 1]
 Training accuracy at 7900 out of 20000 is 0.941(0.530),cost is 1.610(1.063)
[1 1 0 0 0 0 1 0 1 0 0 0 1 1 0 1 0 1 0 1 0 0 0 1 1 1 1 1 1 1 1 0 1 1 0 1 0
 1 1 1 0 1 0 0 1 1 1 1 1 0 1 0 1 1 1 1 1 1 1 0 0 0 1 0 0 1 0 0 0 1 0 1 1 0
 1 0 0 1 0 1 0 1 0 0 1 0 1 1 0 1 0 1 0 1 0 0 1 1 1 1]
 Training accuracy at 8000 out of 20000 is 0.942(0.530),cost is 1.577(1.073)
[1 1 0 0 0 0 1 0 1 0 0 0 1 1 0 1 0 1 0 1 0 0 0 1 1 1 1 1 1 1 1 0 1 1 0 1 0
 1 1 1 0 1 0 0 1 1 1 1 1 0 1 0 1 1 1 1 1 1 1 0 0 0 1 0 0 1 0 0 0 1 0 1 1 0
 1 0 0 1 0 1 0 1 0 0 1 0 1 1 0 1 0 1 0 1 0 0 1 1 1 1]
 Training accuracy at 8100 out of 20000 is 0.945(0.530),cost is 1.543(1.078)
[1 1 0 0 0 0 1 0 1 0 0 0 1 1 0 1 0 1 0 1 0 0 0 1 1 1 1 1 1 1 1 0 1 1 0 1 0
 1 1 1 0 1 0 0 1 1 1 1 1 0 1 0 1 1 1 1 1 1 1 0 0 0 1 0 0 1 0 0 0 1 0 1 1 0
 1 0 0 1 0 1 0 1 0 0 1 0 1 1 0 1 0 1 0 1 0 0 1 1 1 1]
 Training accuracy at 8200 out of 20000 is 0.947(0.530),cost is 1.513(1.093)
[1 1 0 0 0 0 1 0 1 0 0 0 1 1 0 1 0 1 0 1 0 0 0 1 1 1 1 1 1 0 1 0 1 1 0 1 0
 1 1 1 0 1 0 0 1 1 1 1 1 0 1 0 1 1 1 1 1 1 1 0 0 0 1 0 0 1 0 0 1 1 0 1 1 0
 1 0 0 1 0 1 0 1 0 0 1 0 1 1 0 1 0 1 0 1 0 0 1 1 1 1]
 Training accuracy at 8300 out of 20000 is 0.950(0.550),cost is 1.481(1.100)
[1 1 0 0 0 0 1 0 1 0 0 0 1 1 0 1 0 1 0 1 0 0 0 1 1 1 1 1 1 0 1 0 1 1 0 1 0
 1 1 1 0 1 0 0 1 1 0 1 1 0 1 0 1 1 1 1 1 1 1 0 0 0 1 0 0 1 0 0 1 1 0 1 1 0
 1 0 0 1 0 1 0 1 0 0 1 0 1 1 0 1 0 1 0 1 0 0 1 1 1 1]
 Training accuracy at 8400 out of 20000 is 0.951(0.560),cost is 1.449(1.114)
[1 1 0 0 0 0 1 0 1 0 0 0 1 1 0 1 0 1 0 1 0 0 0 1 1 1 1 1 1 0 1 0 1 1 0 1 0
 1 1 1 0 1 0 0 1 1 0 1 1 0 1 0 1 1 1 1 1 1 1 0 0 0 1 0 0 1 0 0 1 1 0 1 1 0
 1 0 0 1 0 1 0 1 0 0 1 0 1 1 0 1 0 1 0 1 0 0 1 1 1 1]
 Training accuracy at 8500 out of 20000 is 0.955(0.560),cost is 1.420(1.125)
[1 1 0 0 0 0 1 0 1 0 0 0 1 1 0 1 0 1 0 1 0 0 0 1 1 1 1 1 1 0 1 0 1 1 0 1 0
 1 1 1 0 1 0 0 1 1 0 1 1 0 1 0 1 1 1 1 1 1 0 0 0 0 1 0 0 1 0 0 1 1 0 1 1 0
 1 0 0 1 0 1 0 1 0 0 1 0 1 1 0 1 0 1 0 1 0 0 1 1 1 1]
 Training accuracy at 8600 out of 20000 is 0.960(0.550),cost is 1.389(1.133)
[1 1 0 0 0 0 1 0 1 0 0 0 1 1 0 1 0 1 0 1 0 0 0 1 1 1 1 1 1 0 1 0 1 1 0 1 0
 1 1 1 0 1 0 0 1 1 0 1 1 0 1 0 1 1 1 1 1 1 0 0 0 0 1 0 0 1 0 0 1 1 0 1 1 0
 1 0 0 1 0 1 0 1 0 0 1 0 1 1 0 1 0 1 0 1 0 0 1 1 1 1]
 Training accuracy at 8700 out of 20000 is 0.963(0.550),cost is 1.359(1.148)
[1 1 0 0 0 0 1 0 1 0 0 0 1 1 0 1 0 1 0 1 0 0 0 1 1 1 1 1 1 0 1 0 1 1 0 1 0
 1 1 1 0 1 0 0 1 1 0 1 1 0 1 0 1 1 1 1 1 1 0 0 0 0 1 0 0 1 0 0 1 1 0 1 1 0
 1 0 0 1 0 1 0 1 0 0 1 0 1 1 0 1 0 0 0 1 0 0 1 1 1 1]
 Training accuracy at 8800 out of 20000 is 0.964(0.540),cost is 1.329(1.160)
[1 1 0 0 0 0 1 0 1 0 0 0 1 1 0 1 0 1 0 1 0 0 0 1 1 1 1 1 1 1 1 0 1 1 0 1 0
 1 1 1 0 1 0 0 1 1 1 1 1 0 1 0 1 1 1 1 1 1 0 0 0 0 1 0 0 1 0 0 1 1 0 1 1 0
 1 0 0 1 0 1 0 1 0 0 1 0 1 1 0 1 0 1 0 1 0 0 1 1 1 1]
 Training accuracy at 8900 out of 20000 is 0.963(0.530),cost is 1.299(1.168)
[1 1 0 0 0 0 1 0 1 0 0 0 1 1 0 1 0 1 0 1 0 0 0 1 1 1 1 1 1 0 1 0 1 1 0 1 0
 1 1 1 0 1 0 0 1 1 1 1 1 0 1 0 1 1 1 1 1 1 0 0 0 0 1 0 0 1 0 0 1 1 0 1 0 0
 1 0 0 1 0 1 0 1 0 0 1 0 1 1 0 1 0 1 0 1 0 0 1 1 1 1]
 Training accuracy at 9000 out of 20000 is 0.968(0.550),cost is 1.269(1.175)
[1 1 0 0 0 0 1 0 1 0 0 0 1 1 0 1 0 1 0 1 0 0 0 1 1 1 1 1 1 1 1 0 1 1 0 1 0
 1 1 1 0 1 0 0 1 1 0 1 1 0 1 0 1 1 1 1 1 1 0 0 0 0 1 0 0 1 0 0 1 1 0 1 0 0
 1 0 0 1 0 1 0 1 0 0 1 0 1 1 0 1 0 1 0 1 0 0 1 1 1 1]
 Training accuracy at 9100 out of 20000 is 0.970(0.550),cost is 1.240(1.188)
[1 1 0 0 0 0 1 0 1 0 0 0 1 1 0 1 0 1 0 1 0 0 0 1 1 1 1 1 1 1 1 0 1 1 0 1 0
 1 1 1 0 1 0 0 1 1 0 1 1 0 1 0 1 1 1 1 1 1 0 0 0 0 1 0 0 1 0 0 1 1 0 1 0 0
 1 0 0 1 0 1 0 1 0 0 1 0 1 1 0 1 0 1 0 1 0 0 1 1 1 1]
 Training accuracy at 9200 out of 20000 is 0.971(0.550),cost is 1.212(1.204)
[1 1 0 0 0 0 1 0 1 0 0 0 1 1 0 1 0 1 0 1 0 0 0 1 1 1 1 1 1 1 1 0 1 1 0 1 0
 1 1 1 0 1 0 0 1 1 0 1 1 0 1 0 1 1 1 1 1 1 0 0 0 0 1 0 0 1 0 0 1 1 0 1 0 0
 1 0 0 1 0 1 0 1 0 0 1 0 1 1 0 1 0 0 0 1 0 0 1 1 1 1]
 Training accuracy at 9300 out of 20000 is 0.974(0.540),cost is 1.184(1.218)
[1 1 0 0 0 0 1 0 1 0 0 0 1 1 0 1 0 1 0 1 0 0 0 1 1 1 1 1 1 1 1 0 1 1 0 1 0
 1 1 1 0 1 0 0 1 1 0 1 1 0 1 0 1 1 1 1 1 1 0 0 0 0 1 0 0 1 0 0 1 1 0 1 0 0
 1 0 0 1 0 1 0 1 0 0 1 0 1 1 0 1 0 1 0 1 1 0 1 1 1 1]
 Training accuracy at 9400 out of 20000 is 0.973(0.560),cost is 1.156(1.225)
[1 1 0 0 0 0 1 0 1 0 0 0 1 1 0 1 0 1 0 1 0 0 0 1 1 1 1 1 1 0 1 0 1 1 0 1 0
 1 1 1 0 1 0 0 1 1 0 1 1 0 1 0 1 1 1 1 1 1 0 0 0 0 1 0 0 1 0 0 1 1 0 1 0 0
 1 0 0 1 0 1 0 1 0 0 1 0 1 1 0 1 0 1 0 1 1 0 1 1 1 1]
 Training accuracy at 9500 out of 20000 is 0.977(0.570),cost is 1.128(1.242)
[1 1 0 0 0 0 1 0 1 0 0 0 1 1 0 1 0 1 0 1 0 0 0 1 1 1 1 1 1 1 1 0 1 1 0 1 0
 1 1 1 0 1 0 0 1 1 0 1 1 0 1 0 1 1 1 1 1 1 0 0 0 0 1 0 0 1 0 0 1 1 0 1 0 0
 1 0 0 1 0 1 0 1 0 0 1 0 1 1 0 1 0 0 0 1 1 0 1 1 1 1]
 Training accuracy at 9600 out of 20000 is 0.978(0.550),cost is 1.101(1.253)
[1 1 0 0 0 0 1 0 1 0 0 0 1 1 0 1 0 1 0 1 0 0 0 1 1 1 1 1 1 1 1 0 1 1 0 1 0
 1 1 1 0 1 0 0 1 1 0 1 1 0 1 0 1 1 1 1 1 1 0 0 0 0 1 0 0 1 0 0 1 1 0 1 0 0
 1 0 0 1 0 1 0 1 0 0 1 0 1 1 0 1 0 1 0 1 1 0 1 1 1 1]
 Training accuracy at 9700 out of 20000 is 0.978(0.560),cost is 1.075(1.263)
[1 1 0 0 0 0 1 0 1 0 0 0 1 1 0 1 0 1 0 1 0 0 0 1 1 1 1 1 1 1 1 0 1 1 0 1 0
 1 1 1 0 1 0 0 1 1 0 1 1 0 1 0 1 1 1 1 1 1 0 0 0 0 1 0 0 1 0 0 1 1 0 1 0 0
 1 0 0 1 0 1 0 1 0 0 1 0 1 1 0 1 0 0 0 1 1 0 1 1 1 1]
 Training accuracy at 9800 out of 20000 is 0.983(0.550),cost is 1.049(1.275)
[1 1 0 0 0 0 1 0 1 0 0 0 1 1 0 1 0 1 0 1 0 0 0 1 1 1 1 1 1 1 1 0 1 1 0 1 0
 1 1 1 0 1 0 0 1 1 0 1 1 0 1 0 1 1 1 1 1 1 0 0 0 0 1 0 0 1 0 0 1 1 0 1 0 0
 1 0 0 1 0 1 0 1 0 0 1 0 1 1 0 1 0 0 0 1 1 0 1 1 1 1]
 Training accuracy at 9900 out of 20000 is 0.984(0.550),cost is 1.024(1.291)
[1 1 0 0 0 0 1 0 1 0 0 0 1 1 0 1 0 1 0 1 0 0 0 1 1 1 1 1 1 0 1 0 1 1 0 1 0
 1 1 1 0 1 0 0 1 1 0 1 1 0 1 0 1 1 1 1 1 1 0 0 0 0 1 0 0 1 0 0 1 1 0 1 0 0
 1 0 0 1 0 1 0 1 0 0 1 0 1 1 0 1 0 1 0 1 1 0 1 1 1 1]
 Training accuracy at 10000 out of 20000 is 0.980(0.570),cost is 0.999(1.296)
[1 1 0 0 0 0 1 0 1 0 0 0 1 1 0 1 0 1 0 1 0 0 0 1 1 1 1 1 1 1 1 0 1 1 0 1 0
 1 1 1 0 1 0 0 1 1 0 1 1 0 1 0 1 1 1 1 1 1 0 0 0 0 1 0 0 1 1 0 1 1 0 1 0 0
 1 0 0 1 0 1 0 1 0 0 1 0 1 1 0 1 0 1 0 1 1 0 1 1 1 1]
 Training accuracy at 10100 out of 20000 is 0.981(0.570),cost is 0.974(1.308)
[1 1 0 0 0 0 1 0 1 0 0 0 1 1 0 0 0 1 0 1 0 0 0 1 1 1 1 1 1 1 1 0 1 1 0 1 0
 1 1 1 0 1 0 0 1 1 0 1 1 0 1 0 1 1 1 1 1 1 0 0 0 0 1 0 0 1 0 0 1 1 0 1 0 0
 1 0 0 1 0 1 0 1 0 0 1 0 1 1 0 1 0 0 0 1 1 0 1 1 1 1]
 Training accuracy at 10200 out of 20000 is 0.984(0.560),cost is 0.950(1.323)
[1 1 0 0 0 0 1 0 1 0 0 0 1 1 0 1 0 1 0 1 0 0 0 1 1 1 1 1 1 1 1 0 1 1 0 1 0
 1 1 1 0 1 0 0 1 1 0 1 1 0 1 0 1 1 1 1 1 1 0 0 0 0 1 0 0 1 1 0 1 1 0 1 0 0
 1 0 0 1 0 1 0 1 0 0 1 0 1 1 0 1 0 0 0 1 1 0 1 1 1 1]
 Training accuracy at 10300 out of 20000 is 0.988(0.560),cost is 0.925(1.338)
[1 1 0 0 0 0 1 0 1 0 0 0 1 1 0 0 0 1 0 1 0 0 0 1 1 1 1 1 1 1 1 0 1 1 0 1 0
 1 1 1 0 1 0 0 1 1 0 1 1 0 1 0 1 1 1 1 1 1 0 0 0 0 1 0 0 1 0 0 1 1 0 1 0 0
 1 0 0 1 0 1 0 1 0 0 1 0 1 1 0 1 0 0 0 1 1 0 1 1 1 1]
 Training accuracy at 10400 out of 20000 is 0.988(0.560),cost is 0.902(1.341)
[1 1 0 0 0 0 1 0 1 0 0 0 1 1 0 0 0 1 0 1 0 0 0 1 1 1 1 1 1 0 1 0 1 1 0 1 0
 1 1 1 0 1 0 0 1 1 0 1 1 0 1 0 1 1 1 1 1 1 0 0 0 0 1 0 0 1 0 0 1 1 0 1 0 0
 1 0 0 1 0 1 0 1 0 0 1 0 1 1 0 1 0 0 0 1 1 0 1 1 1 1]
 Training accuracy at 10500 out of 20000 is 0.987(0.570),cost is 0.879(1.358)
[1 1 1 0 0 0 1 0 1 0 0 0 1 1 0 0 0 1 0 1 0 0 0 1 1 1 1 1 1 1 1 0 1 1 0 1 0
 1 1 1 0 1 0 0 1 1 0 1 1 0 1 0 1 1 1 1 1 1 0 0 0 0 1 0 0 1 1 0 1 1 0 1 0 0
 1 0 0 1 0 1 0 1 0 0 1 0 1 1 0 1 0 0 0 1 1 0 1 1 1 1]
 Training accuracy at 10600 out of 20000 is 0.991(0.580),cost is 0.855(1.375)
[1 1 0 0 0 0 1 0 1 0 0 0 1 1 0 0 0 1 0 1 0 0 0 1 1 1 1 1 1 1 1 0 1 1 0 1 0
 1 1 1 0 1 0 0 1 1 0 1 1 0 1 0 0 1 1 1 1 1 0 0 0 0 1 0 0 1 1 0 1 1 0 1 0 0
 1 0 0 1 0 1 0 1 0 0 1 0 1 1 0 1 0 0 0 1 1 0 1 1 1 1]
 Training accuracy at 10700 out of 20000 is 0.991(0.580),cost is 0.832(1.383)
[1 1 0 0 0 0 1 0 1 0 0 0 1 1 0 0 0 1 0 1 0 0 0 1 1 1 1 1 1 0 1 0 1 1 0 1 0
 1 1 1 0 1 0 0 1 1 0 1 1 0 1 0 0 1 1 1 1 1 0 0 0 0 1 0 0 1 1 0 1 1 0 1 0 0
 1 0 0 1 0 1 0 1 0 0 1 0 1 1 0 1 0 0 0 1 1 0 1 1 1 1]
 Training accuracy at 10800 out of 20000 is 0.993(0.590),cost is 0.810(1.403)
[1 1 0 0 0 0 1 0 1 0 0 0 1 1 0 0 0 1 0 1 0 0 0 1 1 1 1 1 1 1 1 0 1 1 0 1 0
 1 1 1 0 1 0 0 1 1 1 1 1 0 1 0 0 1 1 1 1 1 0 0 0 0 1 0 0 1 1 0 1 1 0 1 0 0
 1 0 0 1 0 1 0 1 0 0 1 0 1 1 0 1 0 0 0 1 1 0 1 1 1 1]
 Training accuracy at 10900 out of 20000 is 0.991(0.570),cost is 0.793(1.411)
[1 1 0 0 0 0 1 0 1 0 0 0 1 1 0 0 0 1 0 1 0 0 0 1 1 1 1 1 1 1 1 0 1 1 0 1 0
 1 1 1 0 1 0 0 1 1 0 1 1 0 1 0 0 1 1 1 1 1 0 0 0 0 1 0 0 1 1 0 1 1 0 1 0 0
 1 0 0 1 0 1 0 1 0 0 1 0 1 1 0 1 0 0 0 1 1 0 1 1 1 1]
 Training accuracy at 11000 out of 20000 is 0.993(0.580),cost is 0.767(1.432)
[1 1 0 0 0 0 1 0 1 0 0 0 1 1 0 0 0 1 0 1 0 0 0 1 1 1 1 1 1 1 1 0 1 1 0 1 0
 1 1 1 0 1 0 0 1 1 0 1 1 0 1 0 0 1 1 1 1 1 0 0 0 0 1 0 0 1 1 0 1 1 0 1 0 0
 1 0 0 1 0 1 0 1 0 0 1 0 1 1 0 1 0 0 0 1 1 0 1 1 1 1]
 Training accuracy at 11100 out of 20000 is 0.993(0.580),cost is 0.745(1.443)
[1 1 0 0 0 0 1 0 1 0 0 0 1 1 0 0 0 1 0 1 0 0 0 1 1 1 1 1 1 1 1 0 1 1 0 1 0
 1 1 1 0 1 0 0 1 1 1 1 1 0 1 0 0 1 1 1 1 1 0 0 0 0 1 0 0 1 1 0 1 1 0 1 0 0
 1 0 0 1 0 1 0 1 0 0 1 0 1 1 0 1 0 0 0 1 1 0 1 1 1 1]
 Training accuracy at 11200 out of 20000 is 0.993(0.570),cost is 0.725(1.466)
[1 1 0 0 0 0 1 0 1 0 0 0 1 1 0 0 0 1 0 1 0 0 0 1 1 1 1 1 1 1 1 0 1 1 0 1 0
 1 1 1 0 1 0 0 1 1 1 1 1 0 1 0 0 1 1 1 1 1 0 0 0 0 1 0 0 1 1 0 1 1 0 1 0 0
 1 0 0 1 0 1 0 1 0 0 1 0 1 1 0 1 0 0 0 1 1 0 1 1 1 1]
 Training accuracy at 11300 out of 20000 is 0.994(0.570),cost is 0.704(1.478)
[1 1 0 0 0 0 1 0 1 0 0 0 1 1 0 0 0 1 0 1 0 0 0 0 1 1 1 1 1 1 1 0 1 1 0 1 0
 1 1 1 0 1 0 0 1 1 0 1 1 0 1 0 0 1 1 1 1 1 0 0 0 0 1 0 0 1 1 0 1 1 0 1 0 0
 1 0 0 1 0 1 0 1 0 0 1 0 1 1 0 1 0 0 0 1 1 0 1 1 1 1]
 Training accuracy at 11400 out of 20000 is 0.994(0.570),cost is 0.684(1.493)
[1 1 0 0 0 0 1 0 1 0 0 0 1 1 0 0 0 1 0 1 0 0 0 0 1 1 1 1 1 1 1 0 1 1 0 1 0
 1 1 1 0 1 0 0 1 1 1 1 1 0 1 0 0 1 1 1 1 1 0 0 0 0 1 0 0 1 1 0 1 1 0 1 0 0
 1 0 0 1 0 1 0 1 0 0 1 0 1 1 0 1 0 0 0 1 1 0 1 1 1 1]
 Training accuracy at 11500 out of 20000 is 0.994(0.560),cost is 0.665(1.511)
[1 1 0 0 0 0 1 0 1 0 0 0 1 1 0 0 0 1 0 1 0 0 0 0 1 1 1 1 1 1 1 0 1 1 0 1 0
 1 1 1 0 1 0 0 1 1 1 1 1 0 1 0 0 1 1 1 1 1 0 0 0 0 1 0 0 1 1 0 1 1 0 1 0 0
 1 0 0 1 0 1 0 1 0 0 1 0 1 1 0 1 0 0 0 1 1 0 1 1 1 1]
 Training accuracy at 11600 out of 20000 is 0.994(0.560),cost is 0.646(1.518)
[1 1 0 0 0 0 1 0 1 0 0 0 1 1 0 0 0 1 0 1 0 0 0 1 1 1 1 1 1 1 1 0 1 1 0 1 0
 1 1 1 0 1 0 0 1 1 1 1 1 0 1 0 0 1 1 1 1 1 0 0 0 0 1 0 0 1 1 0 1 1 0 1 0 0
 1 0 0 1 0 1 0 1 0 0 1 0 1 1 0 1 0 0 0 1 1 0 1 1 1 1]
 Training accuracy at 11700 out of 20000 is 0.996(0.570),cost is 0.629(1.529)
[1 1 0 0 0 0 1 0 1 0 0 0 1 1 0 0 0 1 0 1 0 0 0 1 1 1 1 1 1 1 1 0 1 1 0 1 0
 1 1 1 0 1 0 0 1 1 1 1 1 0 1 0 0 1 1 1 1 1 0 0 0 0 1 0 0 1 1 0 1 1 0 1 0 0
 1 0 0 1 0 1 0 1 0 0 1 0 1 1 0 1 0 0 0 1 1 0 1 1 1 1]
 Training accuracy at 11800 out of 20000 is 0.994(0.570),cost is 0.610(1.539)
[1 1 0 0 0 0 1 0 1 0 0 0 1 1 0 0 0 1 0 1 0 0 0 0 1 1 1 1 1 1 1 0 1 1 0 1 0
 1 1 1 0 1 0 0 1 1 1 1 1 0 1 0 0 1 1 1 1 1 0 0 0 0 1 0 0 1 1 0 1 1 0 1 0 0
 1 0 0 1 0 1 0 1 0 0 1 0 1 1 0 1 0 0 0 1 1 0 1 1 1 1]
 Training accuracy at 11900 out of 20000 is 0.996(0.560),cost is 0.590(1.564)
[1 1 0 0 0 0 1 0 1 0 0 0 1 1 0 0 0 1 0 1 0 0 0 0 1 1 1 1 1 1 1 0 1 1 0 1 0
 1 1 1 0 1 0 0 1 1 1 1 1 0 1 0 0 1 1 1 1 1 0 0 0 0 1 0 0 1 1 0 1 1 0 1 0 0
 1 0 0 1 0 1 0 1 0 0 1 0 1 1 0 1 0 0 1 1 1 0 1 1 1 1]
 Training accuracy at 12000 out of 20000 is 0.996(0.570),cost is 0.573(1.573)
[1 1 0 0 0 0 1 0 1 0 0 0 1 1 0 0 0 1 0 1 0 0 0 0 1 1 1 1 1 0 1 0 1 1 0 1 0
 1 1 1 0 1 0 0 1 1 1 1 1 0 1 0 0 1 1 1 1 1 0 0 0 0 1 0 0 1 1 0 1 1 0 1 0 0
 1 0 0 1 0 1 0 1 0 0 1 0 1 1 0 1 0 0 0 1 1 0 1 1 1 1]
 Training accuracy at 12100 out of 20000 is 0.996(0.570),cost is 0.557(1.593)
[1 1 0 0 0 0 1 0 1 0 0 0 1 1 0 0 0 1 0 1 0 0 0 0 1 1 1 1 1 1 1 0 1 1 0 1 0
 1 1 1 0 1 0 0 1 1 1 1 1 0 1 0 0 1 1 1 1 1 0 0 0 0 1 0 0 1 1 0 1 1 0 1 0 0
 1 0 0 1 0 1 0 1 0 0 1 0 1 1 0 1 0 0 0 1 1 0 1 1 1 1]
 Training accuracy at 12200 out of 20000 is 0.996(0.560),cost is 0.540(1.608)
[1 1 0 0 0 0 1 0 1 0 0 0 1 1 0 0 0 1 0 1 0 0 0 0 1 1 1 1 1 1 1 0 1 1 0 1 0
 1 1 1 0 1 0 0 1 1 1 1 1 0 1 0 0 1 1 1 1 1 0 0 0 0 1 0 0 1 1 0 1 1 0 1 0 0
 1 0 0 1 0 1 0 1 0 0 1 0 1 1 0 1 0 0 0 1 1 0 1 1 1 1]
 Training accuracy at 12300 out of 20000 is 0.996(0.560),cost is 0.523(1.620)
[1 1 0 0 0 0 1 0 1 0 0 0 1 1 0 0 0 1 0 1 0 0 0 0 1 1 1 1 1 1 1 0 1 1 0 1 0
 1 1 1 0 1 0 0 1 1 1 1 1 0 1 0 0 1 1 1 1 1 0 0 0 0 1 0 0 1 1 0 1 1 0 1 0 0
 1 0 0 1 0 1 0 1 0 0 1 0 1 1 0 1 0 0 1 1 1 0 1 1 1 1]
 Training accuracy at 12400 out of 20000 is 0.996(0.570),cost is 0.508(1.632)
[1 1 0 0 0 0 1 0 1 0 0 0 1 1 0 0 0 1 0 1 0 0 0 0 1 1 1 1 1 1 1 0 1 1 0 1 0
 1 1 1 0 1 0 0 1 1 1 1 1 0 1 0 0 1 1 1 1 1 0 0 0 0 1 0 0 1 1 0 1 1 0 1 0 0
 1 0 0 1 0 1 0 1 0 0 1 0 1 1 0 1 0 0 0 1 1 0 1 1 1 1]
 Training accuracy at 12500 out of 20000 is 0.996(0.560),cost is 0.492(1.646)
[1 1 0 0 0 0 1 0 1 0 0 0 1 1 0 0 0 1 0 1 0 0 0 0 1 1 1 1 1 1 1 0 1 1 0 1 0
 1 1 1 0 1 0 0 1 1 1 1 1 0 1 0 0 1 1 1 1 1 0 0 0 0 1 0 0 1 1 0 1 1 0 1 0 0
 1 0 0 1 0 1 0 1 0 0 1 0 1 1 0 1 0 0 0 1 1 0 1 1 1 1]
 Training accuracy at 12600 out of 20000 is 0.996(0.560),cost is 0.477(1.673)
[1 1 0 0 0 0 1 0 1 0 0 0 1 1 0 0 0 1 0 1 0 0 0 0 1 1 1 1 1 1 1 0 1 1 0 1 0
 1 1 1 0 1 0 0 1 1 1 1 1 0 1 0 0 1 1 1 1 1 0 0 0 0 1 0 0 1 1 0 1 1 0 1 0 0
 1 0 0 1 0 1 0 1 0 0 1 0 1 1 0 1 0 0 0 1 1 0 1 1 1 1]
 Training accuracy at 12700 out of 20000 is 0.996(0.560),cost is 0.462(1.695)
[1 1 0 0 0 0 1 0 1 0 0 0 1 1 0 0 0 1 0 1 0 0 0 0 1 1 1 1 1 1 1 0 1 1 0 1 0
 1 1 1 0 1 0 0 1 1 1 1 1 0 1 0 0 1 1 1 1 1 0 0 0 0 1 0 0 1 1 0 1 1 0 1 0 0
 1 0 0 1 0 1 0 1 0 0 1 0 1 1 0 1 0 0 0 1 1 0 1 1 1 1]
 Training accuracy at 12800 out of 20000 is 0.997(0.560),cost is 0.448(1.708)
[1 1 0 0 0 0 1 0 1 0 0 0 1 1 0 0 0 1 0 1 0 0 0 0 1 1 1 1 1 1 1 0 1 1 0 1 0
 1 1 1 0 1 0 0 1 1 1 1 1 0 1 0 0 1 1 1 1 1 0 0 0 0 1 0 0 1 1 0 1 1 0 1 0 0
 1 0 0 1 0 1 0 1 0 0 1 0 1 1 0 1 0 0 0 1 1 0 1 1 1 1]
 Training accuracy at 12900 out of 20000 is 0.997(0.560),cost is 0.434(1.720)
[1 1 0 0 0 0 1 0 1 0 0 0 1 1 0 0 0 1 0 1 0 0 0 0 1 1 1 1 1 1 1 0 1 1 0 1 0
 1 1 1 0 1 0 0 1 1 1 1 1 0 1 0 0 1 1 1 1 1 0 0 0 0 1 0 0 1 1 0 1 1 0 1 0 0
 1 0 0 1 0 1 0 1 0 0 1 0 1 1 0 1 0 0 0 1 1 0 1 1 1 1]
 Training accuracy at 13000 out of 20000 is 0.999(0.560),cost is 0.422(1.732)
[1 1 0 0 0 0 1 0 1 0 0 0 1 1 0 0 0 1 0 1 0 0 0 0 1 1 1 1 1 1 1 0 1 1 0 1 0
 1 1 1 0 1 0 0 1 1 1 1 1 0 1 0 0 1 1 1 1 1 0 0 0 0 1 0 0 1 1 0 1 1 0 1 0 0
 1 0 0 1 0 1 0 1 0 0 1 0 1 1 0 1 0 0 0 1 1 0 1 1 1 1]
 Training accuracy at 13100 out of 20000 is 0.999(0.560),cost is 0.408(1.752)
[1 1 0 0 0 0 1 0 1 0 0 0 1 1 0 0 0 1 0 1 0 0 0 0 1 1 1 1 1 1 1 0 1 1 0 1 0
 1 1 1 0 1 0 0 1 1 1 1 1 0 1 0 0 1 1 1 1 1 0 0 0 0 1 0 0 1 1 0 1 1 0 1 0 0
 1 0 0 1 0 1 0 1 0 0 1 0 1 1 0 1 0 0 0 1 1 0 1 1 1 1]
 Training accuracy at 13200 out of 20000 is 1.000(0.560),cost is 0.394(1.773)
[1 1 0 0 0 0 1 0 1 0 0 0 1 1 0 0 0 1 0 1 0 0 0 0 1 1 1 1 1 1 1 0 1 1 0 1 0
 1 1 1 0 1 0 0 1 1 1 1 1 0 1 0 0 1 1 1 1 1 0 0 0 0 1 0 0 1 1 0 1 1 0 1 0 0
 1 0 0 1 0 1 0 1 0 0 1 0 1 1 0 1 0 0 0 1 1 0 1 1 1 1]
 Training accuracy at 13300 out of 20000 is 1.000(0.560),cost is 0.382(1.789)
[1 1 0 0 0 0 1 0 1 0 0 0 1 1 0 0 0 1 0 1 0 0 0 0 1 1 1 1 1 1 1 0 1 1 0 1 0
 1 1 1 0 1 0 0 1 1 1 1 1 0 1 0 0 1 1 1 1 1 0 0 0 0 1 0 0 1 1 0 1 1 0 1 0 0
 1 0 0 1 0 1 0 1 0 0 1 0 1 1 0 1 0 0 0 1 1 0 1 1 1 1]
 Training accuracy at 13400 out of 20000 is 1.000(0.560),cost is 0.370(1.807)
[1 1 0 0 0 0 1 0 1 0 0 0 1 1 0 0 0 1 0 1 0 0 0 0 1 1 1 1 1 1 1 0 1 1 0 1 0
 1 1 1 0 1 0 0 1 1 1 1 1 0 1 0 0 1 1 1 1 1 0 0 0 0 1 0 0 1 1 0 1 1 0 1 0 0
 1 0 0 1 0 1 0 1 0 0 1 0 1 1 0 1 0 0 0 1 1 0 1 1 1 1]
 Training accuracy at 13500 out of 20000 is 1.000(0.560),cost is 0.358(1.822)
[1 1 0 0 0 0 1 0 1 0 0 0 1 1 0 0 0 1 0 1 0 0 0 0 1 1 1 1 1 1 1 0 1 1 0 1 0
 1 1 1 0 1 0 0 1 1 1 1 1 0 1 0 0 1 1 1 1 1 0 0 0 0 1 0 0 1 1 0 1 1 0 1 0 1
 1 0 0 1 0 1 0 1 0 0 1 0 1 1 0 1 0 0 0 1 1 0 1 1 1 1]
 Training accuracy at 13600 out of 20000 is 1.000(0.570),cost is 0.346(1.841)
[1 1 0 0 0 0 1 0 1 0 0 0 1 1 0 0 0 1 0 1 0 0 0 0 1 1 1 1 1 1 1 0 1 1 0 1 0
 1 1 1 0 1 0 0 1 1 1 1 1 0 1 0 0 1 1 1 1 1 0 0 0 0 1 0 0 1 1 0 1 1 0 1 0 1
 1 0 0 1 0 1 0 1 0 0 1 0 1 1 0 1 0 0 1 1 1 0 1 1 1 1]
 Training accuracy at 13700 out of 20000 is 1.000(0.580),cost is 0.335(1.862)
[1 1 0 0 0 0 1 0 1 0 0 0 1 1 0 0 0 1 0 1 0 0 0 0 1 1 1 1 1 1 1 0 1 1 0 1 0
 1 1 1 0 1 0 0 1 1 1 1 1 0 1 0 0 1 1 1 1 1 0 0 0 0 1 0 0 1 1 0 1 1 0 1 0 1
 1 0 0 1 0 1 0 1 0 0 1 0 1 1 0 1 0 0 1 1 1 0 1 1 1 1]
 Training accuracy at 13800 out of 20000 is 1.000(0.580),cost is 0.325(1.873)
[1 1 0 0 0 0 1 0 1 0 0 0 1 1 0 0 0 1 0 1 0 0 0 0 1 1 1 1 1 1 1 0 1 1 0 1 0
 1 1 1 0 1 0 0 1 1 1 1 1 0 1 0 0 1 1 1 1 1 0 0 0 0 1 0 0 1 1 0 1 1 0 1 0 1
 1 0 0 1 0 1 0 1 0 0 1 0 1 1 0 1 0 0 0 1 1 0 1 1 1 1]
 Training accuracy at 13900 out of 20000 is 1.000(0.570),cost is 0.312(1.898)
[1 1 0 0 0 0 1 0 1 0 0 0 1 1 0 0 0 1 0 1 0 0 0 0 1 1 1 1 1 1 1 0 1 1 0 1 0
 1 1 1 0 1 0 0 1 1 1 1 1 0 1 0 0 1 1 1 1 1 0 0 0 0 1 0 0 1 1 0 1 1 0 1 0 1
 1 0 0 1 0 1 0 1 0 0 1 0 1 1 0 1 0 0 0 1 1 0 1 1 1 1]
 Training accuracy at 14000 out of 20000 is 1.000(0.570),cost is 0.303(1.911)
[1 1 0 0 0 0 1 0 1 0 0 0 1 1 0 0 0 1 0 1 0 0 0 0 1 1 1 1 1 1 1 0 1 1 0 1 0
 1 1 1 0 1 0 0 1 1 1 1 1 0 1 0 0 1 1 1 1 1 0 0 0 0 1 0 0 1 1 0 1 1 0 1 0 1
 1 0 0 1 0 1 0 1 0 0 1 0 1 1 0 1 0 0 0 1 1 0 1 1 1 1]
 Training accuracy at 14100 out of 20000 is 1.000(0.570),cost is 0.293(1.929)
[1 1 0 0 0 0 1 0 1 0 0 0 1 1 0 0 0 1 0 1 0 0 0 0 1 1 1 1 1 1 1 0 1 1 0 1 0
 1 1 1 0 1 0 0 1 1 1 1 1 0 1 0 0 1 1 1 1 1 0 0 0 0 1 0 0 1 1 0 1 1 0 1 0 1
 1 0 0 1 0 1 0 1 0 0 1 0 1 1 0 1 0 0 1 1 1 0 1 1 1 1]
 Training accuracy at 14200 out of 20000 is 1.000(0.580),cost is 0.283(1.946)
[1 1 0 0 0 0 1 0 1 0 0 0 1 1 0 0 0 1 0 1 0 0 0 0 1 1 1 1 1 1 1 0 1 1 0 1 0
 1 1 1 0 1 0 0 1 1 1 1 1 0 1 0 0 1 1 1 1 1 0 0 0 0 1 0 0 1 1 0 1 1 0 1 0 1
 1 0 0 1 0 1 0 1 0 0 1 0 1 1 0 1 0 0 1 1 1 0 1 1 1 1]
 Training accuracy at 14300 out of 20000 is 1.000(0.580),cost is 0.273(1.969)
[1 1 0 0 0 0 1 0 1 0 0 0 1 1 0 0 0 1 0 1 0 0 0 0 1 1 1 1 1 1 1 0 1 1 0 1 0
 1 1 1 0 1 0 0 1 1 1 1 1 0 1 0 0 1 1 1 1 1 0 0 0 0 1 0 0 1 1 0 1 1 0 1 0 1
 1 0 0 1 0 1 0 1 0 0 1 0 1 1 0 1 0 0 1 1 1 0 1 1 1 1]
 Training accuracy at 14400 out of 20000 is 1.000(0.580),cost is 0.265(1.989)
[1 1 0 0 0 0 1 0 1 0 0 0 1 1 0 0 0 1 0 1 0 0 0 0 1 1 1 1 1 1 1 0 1 1 0 1 0
 1 1 1 0 1 0 0 1 1 1 1 1 0 1 0 0 1 1 1 1 1 0 0 0 0 1 0 0 1 1 0 1 1 0 1 0 1
 1 0 0 1 0 1 0 1 0 0 1 0 1 1 0 1 0 0 1 1 1 0 1 1 1 1]
 Training accuracy at 14500 out of 20000 is 1.000(0.580),cost is 0.256(1.992)
[1 1 0 0 0 0 1 0 1 0 0 0 1 1 0 0 0 1 0 1 0 0 0 0 1 1 1 1 1 1 1 0 1 1 0 1 0
 1 1 1 0 1 0 0 1 1 1 1 1 0 1 0 0 1 1 1 1 1 0 0 0 0 1 0 0 1 1 0 1 1 0 1 0 1
 1 0 0 1 0 1 0 1 0 0 1 0 1 1 0 1 0 0 1 1 1 0 1 1 1 1]
 Training accuracy at 14600 out of 20000 is 1.000(0.580),cost is 0.248(2.018)
[1 0 0 0 0 0 1 0 1 0 0 0 1 1 0 0 0 1 0 1 0 0 0 0 1 1 1 1 1 1 1 0 1 1 0 1 0
 1 1 1 0 1 0 0 1 1 1 1 1 0 1 0 0 1 1 1 1 1 0 0 0 0 1 0 0 1 1 0 1 1 0 1 0 1
 1 0 0 1 0 1 0 1 0 0 1 0 1 1 0 1 0 0 1 1 1 0 1 1 1 1]
 Training accuracy at 14700 out of 20000 is 1.000(0.570),cost is 0.239(2.031)
[1 0 0 0 0 0 1 0 1 0 0 0 1 1 0 0 0 1 0 1 0 0 0 0 1 1 1 1 1 1 1 0 1 0 0 1 0
 1 1 1 0 1 0 0 1 1 1 1 1 0 1 0 0 1 1 1 1 1 0 0 0 0 1 0 0 1 1 0 1 1 0 1 0 1
 1 0 0 1 0 1 0 1 0 0 1 0 1 1 0 1 0 0 1 1 1 0 1 1 1 1]
 Training accuracy at 14800 out of 20000 is 1.000(0.580),cost is 0.230(2.057)
[1 0 0 0 0 0 1 0 1 0 0 0 1 1 0 0 0 1 0 1 0 0 0 0 1 1 1 1 1 1 1 0 1 0 0 1 0
 1 1 1 0 1 0 0 1 1 1 1 1 0 1 0 0 1 1 1 1 1 0 0 0 0 1 0 0 1 1 0 1 1 0 1 0 1
 1 0 0 1 0 1 0 1 0 0 1 0 1 1 0 1 0 0 1 1 1 0 1 1 1 1]
 Training accuracy at 14900 out of 20000 is 1.000(0.580),cost is 0.222(2.076)
[1 1 0 0 0 0 1 0 1 0 0 0 1 1 0 0 0 1 0 1 0 0 0 0 1 1 1 1 1 1 1 0 1 0 0 1 0
 1 1 1 0 1 0 0 1 1 1 1 1 0 1 0 0 1 1 1 1 1 0 0 0 0 1 0 0 1 1 0 1 1 0 1 0 1
 1 0 0 1 0 1 0 1 0 0 1 0 1 1 0 1 0 0 1 1 1 0 1 1 1 1]
 Training accuracy at 15000 out of 20000 is 1.000(0.590),cost is 0.215(2.102)
[1 1 0 0 0 0 1 0 1 0 0 0 1 1 0 0 0 1 0 1 0 0 0 0 1 1 1 1 1 1 1 0 1 0 0 1 0
 1 1 1 0 1 0 0 1 1 1 1 1 0 1 0 0 1 1 1 1 1 0 0 0 0 1 0 0 1 1 0 1 1 0 1 0 1
 1 0 0 1 0 1 0 1 0 0 1 0 1 1 0 1 0 0 1 1 1 0 1 1 1 1]
 Training accuracy at 15100 out of 20000 is 1.000(0.590),cost is 0.208(2.112)
[1 0 0 0 0 0 1 0 1 0 0 0 1 1 0 0 0 1 0 1 0 0 0 0 1 1 1 1 1 1 1 0 1 0 0 1 0
 1 1 1 0 1 0 0 1 1 1 1 1 0 1 0 0 1 1 1 1 1 0 0 0 0 1 0 0 1 1 0 1 1 0 1 0 1
 1 0 0 1 0 1 0 1 0 0 1 0 1 1 0 1 0 0 1 1 1 0 1 1 1 1]
 Training accuracy at 15200 out of 20000 is 1.000(0.580),cost is 0.200(2.132)
[1 0 0 0 0 0 1 0 1 0 0 0 1 1 0 0 0 1 0 1 0 0 0 0 1 0 1 1 1 1 1 0 1 0 0 1 0
 1 1 1 0 1 0 0 1 1 1 1 1 0 1 0 0 1 1 1 1 1 0 0 0 0 1 0 0 1 1 0 1 1 0 1 0 1
 1 0 0 1 0 1 0 1 0 0 1 0 1 1 0 1 0 0 1 1 1 0 1 1 1 1]
 Training accuracy at 15300 out of 20000 is 1.000(0.590),cost is 0.194(2.152)
[1 0 0 0 0 0 1 0 1 0 0 0 1 1 0 0 0 1 0 1 0 0 0 0 1 0 1 1 1 1 1 0 1 0 0 1 0
 1 1 1 0 1 0 0 1 1 1 1 1 0 1 0 0 1 1 1 1 1 0 0 0 0 1 0 0 1 1 0 1 1 0 1 0 1
 1 0 0 1 0 1 0 1 0 0 1 0 1 1 0 1 0 0 1 1 1 0 1 1 1 1]
 Training accuracy at 15400 out of 20000 is 1.000(0.590),cost is 0.187(2.176)
[1 0 0 0 0 0 1 0 1 0 0 0 1 1 0 0 0 1 0 1 0 0 0 0 1 0 1 1 1 1 1 0 1 0 0 1 0
 1 1 1 0 1 0 0 1 1 1 1 1 0 1 0 0 1 1 1 1 1 0 0 0 0 1 0 0 1 1 0 1 1 0 1 0 1
 1 0 0 1 0 1 0 1 0 0 1 0 1 1 0 1 0 0 1 1 1 0 1 1 1 1]
 Training accuracy at 15500 out of 20000 is 1.000(0.590),cost is 0.180(2.194)
[1 0 0 0 0 0 1 0 1 0 0 0 1 1 0 0 0 1 0 1 0 0 0 0 1 1 1 1 1 1 1 0 1 0 0 1 0
 1 1 1 0 1 0 0 1 1 1 1 1 0 1 0 0 1 1 1 1 1 0 0 0 0 1 0 0 1 1 0 1 1 0 1 0 1
 1 0 0 1 0 1 0 1 0 0 1 0 1 1 0 1 0 0 1 1 1 0 1 1 1 1]
 Training accuracy at 15600 out of 20000 is 1.000(0.580),cost is 0.174(2.217)
[1 0 0 0 0 0 1 0 1 0 0 0 1 1 0 0 0 1 0 1 0 0 0 0 1 0 1 1 1 1 1 0 1 0 0 1 0
 1 1 1 0 1 0 0 1 1 1 1 1 0 1 0 0 1 1 1 1 1 0 0 0 0 1 0 0 1 1 0 1 1 0 1 0 1
 1 0 0 1 0 1 0 1 0 0 1 0 1 1 0 1 0 0 1 1 1 0 1 1 1 1]
 Training accuracy at 15700 out of 20000 is 1.000(0.590),cost is 0.168(2.235)
[1 0 0 0 0 0 1 0 1 0 0 0 1 1 0 0 0 1 0 1 0 0 0 0 1 0 1 1 1 1 1 0 1 0 0 1 0
 1 1 1 0 1 0 0 1 1 1 1 1 0 1 0 0 1 1 1 1 1 0 0 0 0 1 0 0 1 1 0 1 1 0 1 0 1
 1 0 0 1 0 1 0 1 0 0 1 0 1 1 0 1 0 0 1 1 1 0 1 1 1 1]
 Training accuracy at 15800 out of 20000 is 1.000(0.590),cost is 0.162(2.259)
[1 0 0 0 0 0 1 0 1 0 0 0 1 1 0 0 0 1 0 1 0 0 0 0 1 0 1 1 1 1 1 0 1 0 0 1 0
 1 1 1 0 1 0 0 1 1 1 1 1 0 1 0 0 1 1 1 1 1 0 0 0 0 1 0 0 1 1 0 1 1 0 1 0 1
 1 0 0 1 0 1 0 1 0 0 1 0 1 1 0 1 0 0 1 1 1 0 1 1 1 1]
 Training accuracy at 15900 out of 20000 is 1.000(0.590),cost is 0.156(2.271)
[1 0 0 0 0 0 1 0 1 0 0 0 1 1 0 0 0 1 0 1 0 0 0 0 1 0 1 1 1 1 1 0 1 0 0 1 0
 1 1 1 0 1 0 0 1 1 1 1 1 0 1 0 0 1 1 1 1 1 0 0 0 0 1 0 0 1 1 0 1 1 0 1 0 1
 1 0 0 1 0 1 0 1 0 0 1 0 1 1 0 1 0 0 1 1 1 0 1 1 1 1]
 Training accuracy at 16000 out of 20000 is 1.000(0.590),cost is 0.151(2.293)
[1 0 0 0 0 0 1 0 1 0 0 0 1 1 0 0 0 1 0 1 0 0 0 0 1 1 1 1 1 1 1 0 1 0 0 1 0
 1 1 1 0 1 0 0 1 1 1 1 1 0 1 0 0 1 1 1 1 1 0 0 0 0 1 0 0 1 1 0 1 1 0 1 0 1
 1 0 0 1 0 1 0 1 0 0 1 0 1 1 0 1 0 0 1 1 1 0 1 1 1 1]
 Training accuracy at 16100 out of 20000 is 1.000(0.580),cost is 0.146(2.323)
[1 0 0 0 0 0 1 0 1 0 0 0 1 1 0 0 0 1 0 1 0 0 0 0 1 0 1 1 1 1 1 0 1 0 0 1 0
 1 1 1 0 1 0 0 1 1 1 1 1 0 1 0 0 1 1 1 1 1 0 0 0 0 1 0 0 1 1 0 1 1 0 1 0 1
 1 0 0 1 0 1 0 1 0 0 1 0 1 1 0 1 0 0 1 1 1 0 1 1 1 1]
 Training accuracy at 16200 out of 20000 is 1.000(0.590),cost is 0.140(2.345)
[1 0 0 0 0 0 1 0 1 0 0 0 1 1 0 0 0 1 0 1 0 0 0 0 1 0 1 1 1 1 1 0 1 0 0 1 0
 1 1 1 0 1 0 0 1 1 1 1 1 0 1 0 0 1 1 1 1 1 0 0 0 0 1 0 0 1 1 0 1 1 0 1 0 1
 1 0 0 1 0 1 0 1 0 0 1 0 1 1 0 1 0 0 1 1 1 0 1 1 1 1]
 Training accuracy at 16300 out of 20000 is 1.000(0.590),cost is 0.135(2.364)
[1 0 0 0 0 0 1 0 1 0 0 0 1 1 0 0 0 1 0 1 0 0 0 0 1 0 1 1 1 1 1 0 1 0 0 1 0
 1 1 1 0 1 0 0 1 1 1 1 1 0 1 0 0 1 1 1 1 1 0 0 0 0 1 0 0 1 1 0 1 1 0 1 0 1
 1 0 0 1 0 1 0 1 0 0 1 0 1 1 0 1 0 0 1 1 1 0 1 1 1 1]
 Training accuracy at 16400 out of 20000 is 1.000(0.590),cost is 0.131(2.379)
[1 0 0 0 0 0 1 0 1 0 0 0 1 1 0 0 0 1 0 1 0 0 0 0 1 0 1 1 1 1 1 0 1 0 0 1 0
 1 1 1 0 1 0 0 1 1 1 1 1 0 1 0 0 1 1 1 1 1 0 0 0 0 1 0 0 1 1 0 1 1 0 1 0 1
 1 0 0 1 0 1 0 1 0 0 1 0 1 1 0 1 0 0 1 1 1 0 1 1 1 1]
 Training accuracy at 16500 out of 20000 is 1.000(0.590),cost is 0.126(2.409)
[1 0 0 0 0 0 1 0 1 0 0 0 1 1 0 0 0 1 0 1 0 0 0 0 1 0 1 1 1 1 1 0 1 0 0 1 0
 1 1 1 0 1 0 0 1 1 1 1 1 0 1 0 0 1 1 1 1 1 0 0 0 0 1 0 0 1 1 0 1 1 0 1 0 1
 1 0 0 1 0 1 0 1 0 0 1 0 1 1 0 1 0 0 1 1 1 0 1 1 1 1]
 Training accuracy at 16600 out of 20000 is 1.000(0.590),cost is 0.121(2.423)
[1 0 0 0 0 0 1 0 1 0 0 0 1 1 0 0 0 1 0 1 0 0 0 0 1 0 1 1 1 1 1 0 1 0 0 1 0
 1 1 1 0 1 0 0 1 1 1 1 1 0 1 0 0 1 1 1 1 1 0 0 0 0 1 0 0 1 1 0 1 1 0 1 0 1
 1 0 0 1 0 1 0 1 0 0 1 0 1 1 0 1 0 0 1 1 1 0 1 1 1 1]
 Training accuracy at 16700 out of 20000 is 1.000(0.590),cost is 0.117(2.448)
[1 0 0 0 0 0 1 0 1 0 0 0 1 1 0 0 0 1 0 1 0 0 0 0 1 0 1 1 1 1 1 0 1 0 0 1 0
 1 1 1 0 1 0 0 1 1 1 1 1 0 1 0 0 1 1 1 1 1 0 0 0 0 1 0 0 1 1 0 1 1 0 1 0 1
 1 0 0 1 0 1 0 1 0 0 1 0 1 1 0 1 0 0 1 1 1 0 1 1 1 1]
 Training accuracy at 16800 out of 20000 is 1.000(0.590),cost is 0.113(2.470)
[1 0 0 0 0 0 1 0 1 0 0 0 1 1 0 0 0 1 0 1 0 0 0 0 1 0 1 1 1 1 1 0 1 0 0 1 0
 1 1 1 0 1 0 0 1 1 1 1 1 0 1 0 0 1 1 1 1 1 0 0 0 0 1 0 0 1 1 0 1 1 0 1 0 1
 1 0 0 1 0 1 0 1 0 0 1 0 1 1 0 1 0 0 1 1 1 0 1 1 1 1]
 Training accuracy at 16900 out of 20000 is 1.000(0.590),cost is 0.110(2.486)
[1 0 0 0 0 0 1 0 1 0 0 0 1 1 0 0 0 1 0 1 0 0 0 0 1 0 1 1 1 1 1 0 1 0 0 1 0
 1 1 1 0 1 0 0 1 1 1 1 1 0 1 0 0 1 1 1 1 1 0 0 0 0 1 0 0 1 1 0 1 1 0 1 0 1
 1 0 0 1 0 1 0 1 0 0 1 0 0 1 0 1 0 0 1 1 1 0 1 1 1 1]
 Training accuracy at 17000 out of 20000 is 1.000(0.580),cost is 0.105(2.510)
[1 0 0 0 0 0 1 0 1 0 0 0 1 1 0 0 0 1 0 1 0 0 0 0 1 0 1 1 1 1 1 0 1 0 0 1 0
 1 1 1 0 1 0 0 1 1 1 1 1 0 1 0 0 1 1 1 1 1 0 0 0 0 1 0 0 1 1 0 1 1 0 1 0 1
 1 0 0 1 0 1 0 1 0 0 1 0 0 1 0 1 0 0 1 1 1 0 1 1 1 1]
 Training accuracy at 17100 out of 20000 is 1.000(0.580),cost is 0.102(2.530)
[1 0 0 0 0 0 1 0 1 0 0 0 1 1 0 0 0 1 0 1 0 0 0 0 1 0 1 1 1 1 1 0 1 0 0 1 0
 1 1 1 0 1 0 0 1 1 1 1 1 0 1 0 0 1 1 1 1 1 0 0 0 0 1 0 0 1 1 0 1 1 0 1 0 1
 1 0 0 1 0 1 0 1 0 0 1 0 0 1 0 1 0 0 1 1 1 0 1 1 1 1]
 Training accuracy at 17200 out of 20000 is 1.000(0.580),cost is 0.098(2.546)
[1 0 0 0 0 0 1 0 1 0 0 0 1 1 0 0 0 1 0 1 0 0 0 0 1 0 1 1 1 1 1 0 1 0 0 1 0
 1 1 1 0 1 0 0 1 1 1 1 1 0 1 0 0 1 1 1 1 1 0 0 0 0 1 0 0 1 1 0 1 1 0 1 0 1
 1 0 0 1 0 1 0 1 0 0 1 0 0 1 0 1 0 0 1 1 1 0 1 1 1 1]
 Training accuracy at 17300 out of 20000 is 1.000(0.580),cost is 0.095(2.577)
[1 0 0 0 0 0 1 0 1 0 0 0 1 1 0 0 0 1 0 1 0 0 0 0 1 0 1 1 1 1 1 0 1 0 0 1 0
 1 1 1 0 1 0 0 1 1 1 1 1 0 1 0 0 1 1 1 1 1 0 0 0 0 1 0 0 1 1 0 1 1 0 1 0 1
 1 0 0 1 0 1 0 1 0 0 1 0 0 1 0 1 0 0 1 1 1 0 1 1 1 1]
 Training accuracy at 17400 out of 20000 is 1.000(0.580),cost is 0.092(2.592)
[1 0 0 0 0 0 1 0 1 0 0 0 1 1 0 0 0 1 0 1 0 0 0 0 1 0 1 1 1 1 1 0 1 0 0 1 0
 1 1 1 0 1 0 0 1 1 1 1 1 0 1 0 0 1 1 1 1 1 0 0 0 0 1 0 0 1 1 0 1 1 0 1 0 1
 1 0 0 1 0 1 0 1 0 0 1 0 0 1 0 1 0 0 1 1 1 0 1 1 1 1]
 Training accuracy at 17500 out of 20000 is 1.000(0.580),cost is 0.089(2.619)
[1 0 0 0 0 0 1 0 1 0 0 0 1 1 0 0 0 1 0 1 0 0 0 0 1 0 1 1 1 1 1 0 1 0 0 1 0
 1 1 1 0 1 0 0 1 1 1 1 1 0 1 0 0 1 1 1 1 1 0 0 0 0 1 0 0 1 1 0 1 1 0 1 1 1
 1 0 0 1 0 1 0 1 0 0 1 0 0 1 0 1 0 0 1 1 1 0 1 1 1 1]
 Training accuracy at 17600 out of 20000 is 1.000(0.570),cost is 0.085(2.632)
[1 0 0 0 0 0 1 0 1 0 0 0 1 1 0 0 0 1 0 1 0 0 0 0 1 0 1 1 1 1 1 0 1 0 0 1 0
 1 1 1 0 1 0 0 1 1 1 1 1 0 1 0 0 1 1 1 1 1 0 0 0 0 1 0 0 1 1 0 1 1 0 1 1 1
 1 0 0 1 0 1 0 1 0 0 1 0 0 1 0 1 0 0 1 1 1 0 1 1 1 1]
 Training accuracy at 17700 out of 20000 is 1.000(0.570),cost is 0.082(2.657)
[1 0 0 1 0 0 1 0 1 0 0 0 1 1 0 0 0 1 0 1 1 0 0 0 1 0 1 1 1 1 1 0 1 0 0 1 0
 1 1 1 0 1 0 0 1 1 1 1 1 0 1 0 0 1 1 1 1 1 0 0 0 0 1 0 0 1 1 0 1 1 0 1 0 1
 1 0 0 1 0 1 0 1 0 0 1 0 0 1 0 1 0 0 1 1 1 0 1 1 1 1]
 Training accuracy at 17800 out of 20000 is 1.000(0.600),cost is 0.080(2.682)
[1 0 0 0 0 0 1 0 1 0 0 0 1 1 0 0 0 1 0 1 1 0 0 0 1 0 1 1 1 1 1 0 1 0 0 1 0
 1 1 1 0 1 0 0 1 1 1 1 1 0 1 0 0 1 1 1 1 1 0 0 0 0 1 0 0 1 1 0 1 1 0 1 1 1
 1 0 0 1 0 1 0 1 0 0 1 0 1 1 0 1 0 0 1 1 1 0 1 1 1 1]
 Training accuracy at 17900 out of 20000 is 1.000(0.590),cost is 0.077(2.707)
[1 0 0 0 0 0 1 0 1 0 0 0 1 1 0 0 0 1 0 1 1 0 0 0 1 0 1 1 1 1 1 0 1 0 0 1 0
 1 1 1 0 1 0 0 1 1 1 1 1 0 1 0 0 1 1 1 1 1 0 0 0 0 1 0 0 1 1 0 1 1 0 1 0 1
 1 0 0 1 0 1 0 1 0 0 1 0 0 1 0 1 0 0 0 1 1 0 1 1 1 1]
 Training accuracy at 18000 out of 20000 is 1.000(0.580),cost is 0.074(2.726)
[1 0 0 0 0 0 1 0 1 0 0 0 1 1 0 0 0 1 0 1 1 0 0 0 1 0 1 1 1 1 1 0 1 0 0 1 0
 1 1 1 0 1 0 0 1 1 1 1 1 0 1 0 0 1 1 1 1 1 0 0 0 0 1 0 0 1 1 0 1 1 0 1 1 1
 1 0 0 1 0 1 0 1 0 0 1 0 0 1 0 1 0 0 1 1 1 0 1 1 1 1]
 Training accuracy at 18100 out of 20000 is 1.000(0.580),cost is 0.071(2.754)
[1 0 0 0 0 0 0 0 1 0 0 0 1 1 0 0 0 1 0 1 1 0 0 0 1 0 1 1 1 1 1 0 1 0 0 1 0
 1 1 1 0 1 0 0 1 1 1 1 1 0 1 0 0 1 1 1 1 1 0 0 0 0 1 0 0 1 1 0 1 1 0 1 1 1
 1 0 0 1 0 1 0 1 0 0 1 0 0 1 0 1 0 0 0 1 1 0 1 1 1 1]
 Training accuracy at 18200 out of 20000 is 1.000(0.560),cost is 0.069(2.774)
[1 0 0 1 0 0 1 0 1 0 0 0 1 1 0 0 0 1 0 1 1 0 0 0 1 0 1 1 1 1 1 0 1 0 0 1 0
 1 1 1 0 1 0 0 1 1 1 1 1 0 1 0 0 1 1 1 1 1 0 0 0 0 1 0 0 1 1 0 1 1 0 1 1 1
 1 0 0 1 0 1 0 1 0 0 1 0 0 1 0 1 0 0 0 1 1 0 1 1 1 1]
 Training accuracy at 18300 out of 20000 is 1.000(0.580),cost is 0.067(2.794)
[1 0 0 0 0 0 1 0 1 0 0 0 1 1 0 0 0 1 0 1 1 0 0 0 1 0 1 1 1 1 1 0 1 0 0 1 0
 1 1 1 0 1 0 0 1 1 1 1 1 0 1 0 0 1 1 1 1 1 0 0 0 0 1 0 0 1 1 0 1 1 0 1 1 1
 1 0 0 1 0 1 0 1 0 0 1 0 0 1 0 1 0 0 0 1 1 0 1 1 1 1]
 Training accuracy at 18400 out of 20000 is 1.000(0.570),cost is 0.065(2.809)
[1 0 0 0 0 0 1 0 1 0 0 0 1 1 0 0 0 1 0 1 1 0 0 0 1 0 1 1 1 1 1 0 1 0 0 1 0
 1 1 1 0 1 0 0 1 1 1 1 1 0 1 0 0 1 1 1 1 1 0 0 0 0 1 0 0 1 1 0 1 1 0 1 1 1
 1 0 0 1 0 1 0 1 0 0 1 0 0 1 0 1 0 0 1 1 1 0 1 1 1 1]
 Training accuracy at 18500 out of 20000 is 1.000(0.580),cost is 0.062(2.829)
[1 0 0 0 0 0 1 0 1 0 0 0 1 1 0 0 0 1 0 1 1 0 0 0 1 0 1 1 1 1 1 0 1 0 0 1 0
 1 1 1 0 1 0 0 1 1 1 1 1 0 1 0 0 1 1 1 1 1 0 0 0 0 1 0 0 1 1 0 1 1 0 1 1 1
 1 0 0 1 0 1 0 1 0 0 1 0 0 1 0 1 0 0 0 1 1 0 1 1 1 1]
 Training accuracy at 18600 out of 20000 is 1.000(0.570),cost is 0.060(2.854)
[1 0 0 1 0 0 1 0 1 0 0 0 1 1 0 0 0 1 0 1 1 0 0 0 1 0 1 1 1 1 1 0 1 0 0 1 0
 1 1 1 0 1 0 0 1 1 1 1 1 0 1 0 0 1 1 1 1 1 0 0 0 0 1 0 0 1 1 0 1 1 0 1 1 1
 1 0 0 1 0 1 0 1 0 0 1 0 0 1 0 1 0 0 1 1 1 0 1 1 1 1]
 Training accuracy at 18700 out of 20000 is 1.000(0.590),cost is 0.058(2.865)
[1 0 0 1 0 0 1 0 1 0 0 0 1 1 0 0 0 1 0 1 1 0 0 0 1 0 1 1 1 1 1 0 1 0 0 1 0
 1 1 1 0 1 0 0 1 1 1 1 1 0 1 0 0 1 1 1 1 1 0 0 0 0 1 0 0 1 1 0 1 1 0 1 1 1
 1 0 0 1 0 1 0 1 0 0 1 0 0 1 0 1 0 0 1 1 1 0 1 1 1 1]
 Training accuracy at 18800 out of 20000 is 1.000(0.590),cost is 0.056(2.904)
[1 0 0 0 0 0 1 0 1 0 0 0 1 1 0 0 0 1 0 1 1 0 0 0 1 0 1 1 1 1 1 0 1 0 0 1 0
 1 1 1 0 1 0 0 1 1 1 1 1 0 1 0 0 1 1 1 1 1 0 0 0 0 1 0 0 1 1 0 1 1 0 1 1 1
 1 0 0 1 0 1 0 1 0 0 1 0 0 1 0 1 0 0 0 1 1 0 1 1 1 1]
 Training accuracy at 18900 out of 20000 is 1.000(0.570),cost is 0.054(2.922)
[1 0 0 0 0 0 1 0 1 0 0 0 1 1 0 0 0 1 0 1 1 0 0 0 1 0 1 1 1 1 1 0 1 0 0 1 0
 1 1 1 0 1 0 0 1 1 1 1 1 0 1 0 0 1 1 1 1 1 0 0 0 0 1 0 0 1 1 0 1 1 0 1 1 1
 1 0 0 1 0 1 0 1 0 0 1 0 0 1 0 1 0 0 0 1 1 0 1 1 1 1]
 Training accuracy at 19000 out of 20000 is 1.000(0.570),cost is 0.052(2.943)
[1 0 0 1 0 0 1 0 1 0 0 0 1 1 0 0 0 1 0 1 1 0 0 0 1 0 1 1 1 1 1 0 1 0 0 1 0
 1 1 1 0 1 0 0 1 1 1 1 1 0 1 0 0 1 1 1 1 1 0 0 0 0 1 0 0 1 1 0 1 1 0 1 1 1
 1 0 0 1 0 1 0 1 0 0 1 0 0 1 0 1 0 0 0 1 1 0 1 1 1 1]
 Training accuracy at 19100 out of 20000 is 1.000(0.580),cost is 0.051(2.957)
[1 0 0 1 0 0 1 0 1 0 0 0 1 1 0 0 0 1 0 1 1 0 0 0 1 0 1 1 1 1 1 0 1 0 0 1 0
 1 1 1 0 1 0 0 1 1 1 1 1 0 1 0 0 1 1 1 1 1 0 0 0 0 1 0 0 1 1 0 1 1 0 1 1 1
 1 0 0 1 0 1 1 1 0 0 1 0 0 1 0 1 0 0 0 1 1 0 1 1 1 1]
 Training accuracy at 19200 out of 20000 is 1.000(0.570),cost is 0.049(2.994)
[1 0 0 1 0 0 1 0 1 0 0 0 1 1 0 0 0 1 0 1 1 0 0 0 1 0 1 1 1 1 1 0 1 0 0 1 0
 1 1 1 0 1 0 0 1 1 1 1 1 0 1 0 0 1 1 1 1 1 0 0 0 0 1 0 0 1 1 0 1 1 0 1 1 1
 1 0 0 1 0 1 1 1 0 0 1 0 0 1 0 1 0 0 0 1 1 0 1 1 1 1]
 Training accuracy at 19300 out of 20000 is 1.000(0.570),cost is 0.047(3.012)
[1 0 0 1 0 0 1 0 1 0 0 0 1 1 0 0 0 1 0 1 1 0 0 0 1 0 1 1 1 1 1 0 1 0 0 1 0
 1 1 1 0 1 0 0 1 1 1 1 1 0 1 0 0 1 1 1 1 1 0 0 0 0 1 0 0 1 1 0 1 1 0 1 1 1
 1 0 0 1 0 1 1 1 0 0 1 0 0 1 0 1 0 0 0 1 1 0 1 1 1 1]
 Training accuracy at 19400 out of 20000 is 1.000(0.570),cost is 0.046(3.030)
[1 0 0 1 0 0 1 0 1 0 0 0 1 1 0 0 0 1 0 1 1 0 0 0 1 0 1 1 1 1 1 0 1 0 0 1 0
 1 1 1 0 1 0 0 1 1 1 1 1 0 1 0 0 1 1 1 1 1 0 0 0 0 1 0 0 1 1 0 1 1 0 1 1 1
 1 0 0 1 0 1 1 1 0 0 1 0 0 1 0 1 0 0 0 1 1 0 1 1 1 1]
 Training accuracy at 19500 out of 20000 is 1.000(0.570),cost is 0.044(3.060)
[1 0 0 1 0 0 1 0 1 0 0 0 1 1 0 0 0 1 0 1 1 0 0 0 1 0 1 1 1 1 1 0 1 0 0 1 0
 1 1 1 0 1 0 0 1 1 1 1 1 0 1 0 0 1 1 1 1 1 0 0 0 0 1 0 0 1 1 0 1 1 0 1 1 1
 1 0 0 1 0 1 1 1 0 0 1 0 0 1 0 1 0 0 0 1 1 0 1 1 1 1]
 Training accuracy at 19600 out of 20000 is 1.000(0.570),cost is 0.043(3.078)
[1 0 0 1 0 0 0 0 1 0 0 0 1 1 0 0 0 1 0 1 1 0 0 0 1 0 1 1 1 1 1 0 1 0 0 1 0
 1 1 1 0 1 0 0 1 1 1 1 1 0 1 0 0 1 1 1 1 1 0 0 0 0 1 0 0 1 1 0 1 1 0 1 1 1
 1 0 0 1 0 1 1 1 0 0 1 0 0 1 0 1 0 0 0 1 1 0 1 1 1 1]
 Training accuracy at 19700 out of 20000 is 1.000(0.560),cost is 0.041(3.102)
[1 0 0 0 0 0 0 0 1 0 0 0 1 1 0 0 0 1 0 1 1 0 0 0 1 0 1 1 1 1 1 0 1 0 0 1 0
 1 1 1 0 1 0 0 1 1 1 1 1 0 1 0 0 1 1 1 1 1 0 0 0 0 1 0 0 1 1 0 1 1 0 1 1 1
 1 0 0 1 0 1 1 1 0 0 1 0 0 1 0 1 0 0 0 1 1 0 1 1 1 1]
 Training accuracy at 19800 out of 20000 is 1.000(0.550),cost is 0.040(3.126)
[1 0 0 1 0 0 0 0 1 0 0 0 1 1 0 0 0 1 0 1 1 0 0 0 1 0 1 1 1 1 1 0 1 0 0 1 0
 1 1 1 0 1 0 0 1 1 1 1 1 0 1 0 0 1 1 1 1 1 0 0 0 0 1 0 0 1 1 0 1 1 0 1 1 1
 1 0 0 1 0 1 1 1 0 0 1 0 0 1 0 1 0 0 0 1 1 0 1 1 1 1]
 Training accuracy at 19900 out of 20000 is 1.000(0.560),cost is 0.039(3.143)
pred real
2    1
1    2
1    2
2    2
1    1
1    2
1    2
1    1
2    2
1    2
1    1
1    1
2    1
2    2
1    2
1    1
1    1
2    2
1    1
2    1
2    2
1    2
1    2
1    2
2    1
1    1
2    1
2    1
2    2
2    1
2    1
1    1
2    1
1    1
1    2
2    2
1    1
2    1
2    1
2    1
1    1
2    2
1    1
1    1
2    2
2    2
2    1
2    2
2    1
1    1
2    2
1    1
1    1
2    1
2    1
2    1
2    2
2    2
1    2
1    2
1    1
1    1
2    1
1    1
1    1
2    1
2    2
1    2
2    2
2    2
1    1
2    1
2    1
2    2
2    2
1    2
1    1
2    2
1    1
2    1
2    1
2    2
1    1
1    2
2    2
1    2
1    2
2    2
1    1
2    2
1    1
1    2
1    2
2    2
2    2
1    2
2    2
2    2
2    1
2    2
time:0 The accuracy on the test data is 0.560, before training was 0.580
0.56
