[0 0 0 1 0 0 0 0 0 0 0 0 0 0 1 0 0 0 0 0 0 0 0 0 1 0 0 0 1 0 0 0 1 0 0 0 0
 1 1 1 0 1 1 1 0 0 1 0 1 1 1 0 1 1 1 1 1 0 1 1 0 0 0 0 0 1 1 1 1 0 1 1 0 0
 0 0 1 1 0 0 0 0 0 0 1 1 0 0 0 0 0 0 0 0 0 0 1 1 0 0]
 Training accuracy at 0 out of 20000 is 0.496(0.490),cost is 42.199(0.714)
[0 0 0 1 0 0 0 0 0 0 0 0 0 0 1 0 0 0 0 0 1 0 0 1 1 0 0 0 1 0 0 0 1 0 1 0 0
 1 1 1 0 1 1 1 0 1 1 0 1 1 1 0 1 1 1 1 1 1 1 1 1 0 0 0 0 1 1 1 1 0 1 1 0 0
 0 0 1 1 1 0 0 0 0 0 1 1 0 0 0 0 0 0 0 0 0 0 1 1 1 0]
 Training accuracy at 100 out of 20000 is 0.499(0.510),cost is 41.866(0.709)
[0 0 0 1 0 0 0 0 0 0 0 0 0 0 1 0 0 0 0 0 1 0 0 1 1 0 0 0 1 0 0 0 1 0 1 0 0
 1 1 1 0 1 1 1 0 1 1 0 1 1 1 0 1 1 1 1 1 0 1 1 1 0 0 0 0 1 1 1 1 0 1 1 0 0
 0 0 1 1 1 0 0 0 0 0 1 1 0 0 0 0 0 0 0 0 0 0 1 1 1 1]
 Training accuracy at 200 out of 20000 is 0.503(0.510),cost is 41.636(0.706)
[0 0 0 1 0 0 0 0 0 0 0 0 0 0 1 0 0 0 0 0 0 0 0 1 1 0 0 0 1 0 0 0 1 0 1 0 0
 1 1 1 0 1 1 1 0 0 1 0 1 1 1 0 1 1 1 1 1 0 1 1 1 0 0 0 0 1 1 1 1 0 1 1 0 0
 0 0 1 1 1 0 1 0 0 0 1 1 0 0 0 0 0 0 0 0 0 0 1 1 1 1]
 Training accuracy at 300 out of 20000 is 0.508(0.480),cost is 41.444(0.703)
[0 0 0 1 0 0 0 1 0 1 1 0 0 0 1 0 0 0 0 0 1 1 0 1 1 0 0 0 1 0 0 0 1 0 1 0 0
 1 1 1 0 1 1 1 0 1 1 0 1 1 1 0 1 0 1 1 1 0 1 1 1 0 0 0 0 1 1 1 1 0 1 1 0 0
 0 0 1 1 1 0 1 0 0 0 1 1 0 0 0 0 0 0 0 0 0 0 1 1 1 1]
 Training accuracy at 400 out of 20000 is 0.511(0.510),cost is 41.292(0.702)
[0 0 0 1 0 0 0 1 0 1 1 0 0 0 1 0 0 0 0 0 0 1 0 1 1 0 0 0 1 0 0 0 1 0 1 0 0
 1 1 1 0 1 1 1 0 1 1 0 1 1 1 0 1 0 1 1 1 0 1 1 1 0 0 1 0 1 1 1 1 0 1 1 0 0
 0 0 1 1 1 0 1 0 0 0 1 1 0 0 1 0 0 0 1 0 0 0 1 1 1 1]
 Training accuracy at 500 out of 20000 is 0.518(0.490),cost is 41.165(0.700)
[0 0 0 1 0 0 0 1 0 1 1 0 1 0 1 0 0 0 0 0 0 1 0 1 1 0 0 0 1 0 0 0 1 0 1 0 0
 1 1 1 0 1 1 1 0 1 1 0 1 1 0 0 1 0 1 1 1 0 1 1 1 0 0 1 0 1 1 1 1 0 1 1 0 0
 0 0 1 1 1 0 1 0 0 0 1 1 0 0 1 0 0 0 1 0 0 0 1 1 1 1]
 Training accuracy at 600 out of 20000 is 0.524(0.470),cost is 41.050(0.698)
[0 0 0 1 0 0 0 1 0 1 1 0 1 0 1 0 0 0 0 0 0 1 0 1 1 0 0 0 1 0 0 0 1 0 1 0 0
 1 1 1 0 1 1 1 0 1 1 0 1 1 0 0 0 0 1 1 1 0 0 1 1 0 0 1 0 1 1 1 1 0 1 1 0 0
 0 0 1 1 1 0 1 0 0 0 1 1 0 0 1 0 0 0 1 0 0 0 1 1 1 1]
 Training accuracy at 700 out of 20000 is 0.529(0.470),cost is 40.957(0.697)
[0 0 0 1 0 0 0 1 0 1 1 0 1 0 1 0 0 0 0 0 0 1 0 1 1 0 0 0 1 0 0 0 1 0 1 0 0
 1 1 1 0 1 1 1 0 1 1 0 1 1 0 0 0 0 1 1 1 0 0 1 1 0 0 1 0 1 1 1 1 0 1 1 0 0
 0 0 1 1 1 0 1 0 0 0 1 1 1 0 1 0 0 0 1 0 0 0 1 1 1 1]
 Training accuracy at 800 out of 20000 is 0.534(0.480),cost is 40.873(0.697)
[0 0 0 1 0 0 0 1 0 1 1 0 1 0 1 0 0 0 0 0 0 1 0 1 1 0 0 0 1 0 0 0 1 0 1 0 0
 1 1 1 0 1 0 0 0 1 1 0 1 1 0 0 0 0 1 0 1 0 0 1 1 0 0 1 0 1 0 1 1 0 1 1 0 0
 0 0 1 1 1 0 1 0 0 0 1 1 0 0 1 0 0 0 1 0 0 0 1 1 1 1]
 Training accuracy at 900 out of 20000 is 0.538(0.490),cost is 40.797(0.696)
[0 0 0 1 0 0 0 1 0 1 1 0 1 0 1 0 0 0 0 0 0 1 0 1 1 0 0 0 1 0 0 0 1 0 1 0 0
 0 1 1 0 1 0 0 0 1 1 0 1 1 0 0 0 0 1 0 1 0 0 1 1 0 0 1 0 1 0 1 1 0 1 1 0 0
 0 0 1 1 1 1 1 0 1 0 1 1 1 0 1 0 0 0 1 0 0 0 1 1 1 1]
 Training accuracy at 1000 out of 20000 is 0.541(0.490),cost is 40.733(0.696)
[0 0 0 1 0 0 0 1 0 1 1 0 1 0 1 0 0 0 0 0 0 1 0 0 1 0 0 0 1 0 0 0 1 0 1 0 0
 0 1 1 0 1 0 0 0 1 1 0 1 1 0 0 0 0 1 0 1 0 0 1 1 0 0 1 0 1 0 1 1 0 1 1 0 0
 0 0 1 1 1 1 1 0 1 0 1 1 0 0 1 0 0 0 1 0 0 0 1 1 1 1]
 Training accuracy at 1100 out of 20000 is 0.543(0.470),cost is 40.669(0.695)
[0 0 0 1 0 0 0 1 0 1 1 0 1 0 1 0 0 0 0 0 0 1 0 0 1 0 0 0 1 0 0 0 1 0 1 0 0
 0 1 1 0 1 0 0 0 1 1 0 1 1 0 0 0 0 1 0 1 0 0 1 1 0 0 1 0 1 0 1 1 0 1 1 0 0
 0 0 1 1 1 1 1 0 1 0 1 1 1 0 1 0 0 0 1 0 0 0 1 1 1 1]
 Training accuracy at 1200 out of 20000 is 0.544(0.480),cost is 40.617(0.695)
[0 0 0 1 0 0 0 1 0 1 1 0 1 0 1 0 0 0 0 0 0 1 0 0 1 0 0 0 1 0 0 0 1 0 1 0 0
 0 1 1 0 1 0 0 0 1 1 0 1 1 0 0 0 0 1 0 1 0 0 1 1 0 0 1 0 1 0 1 1 0 1 1 0 0
 0 0 1 1 1 1 1 0 1 0 1 1 1 0 1 0 0 0 1 0 0 0 1 1 1 1]
 Training accuracy at 1300 out of 20000 is 0.547(0.480),cost is 40.563(0.694)
[0 0 0 1 0 0 0 1 0 1 1 0 1 0 1 0 0 0 0 0 0 1 0 0 1 0 0 0 1 0 0 0 1 0 1 0 0
 0 1 1 0 1 0 0 0 1 1 0 1 1 0 0 0 0 1 0 1 0 0 1 1 0 0 1 0 1 0 1 1 0 1 1 0 0
 0 0 1 1 1 1 1 0 1 0 1 1 1 0 1 0 0 0 1 0 0 0 1 1 1 1]
 Training accuracy at 1400 out of 20000 is 0.549(0.480),cost is 40.518(0.694)
[0 0 0 1 0 0 0 1 0 1 1 0 1 0 1 0 0 0 0 0 0 1 0 0 1 0 0 0 1 0 0 0 1 0 1 0 0
 0 1 1 0 1 0 0 0 1 1 0 0 1 0 0 0 0 1 0 1 0 0 1 1 0 0 1 0 1 0 1 1 0 1 1 0 0
 0 0 1 1 1 1 1 0 1 0 1 1 1 0 1 0 0 0 1 0 0 0 1 1 1 1]
 Training accuracy at 1500 out of 20000 is 0.551(0.490),cost is 40.471(0.693)
[0 0 0 1 0 0 0 1 0 1 1 0 1 0 1 0 0 0 0 0 0 1 0 0 1 0 0 0 1 0 0 0 1 0 1 0 0
 0 1 1 0 0 0 0 0 1 1 0 0 1 0 0 0 0 1 0 1 0 0 1 1 0 0 1 0 1 0 1 1 0 1 1 0 0
 0 0 1 1 1 1 1 0 1 0 1 1 1 0 1 0 0 0 1 0 0 0 1 1 1 1]
 Training accuracy at 1600 out of 20000 is 0.552(0.480),cost is 40.432(0.693)
[0 0 0 1 0 0 0 1 0 1 1 0 1 0 1 0 0 0 0 0 0 1 0 0 1 0 0 0 1 0 0 0 1 0 1 0 0
 0 1 1 0 0 0 0 0 1 1 0 0 1 0 0 0 0 1 0 1 0 0 1 1 0 0 1 0 1 0 1 1 0 1 1 0 0
 0 0 1 1 0 1 1 0 1 0 1 0 1 0 1 0 0 0 1 0 0 0 1 1 1 1]
 Training accuracy at 1700 out of 20000 is 0.556(0.480),cost is 40.389(0.693)
[0 0 0 1 0 0 0 1 0 1 1 0 1 0 1 0 0 0 0 0 0 1 0 0 1 0 0 0 1 0 0 0 1 0 1 0 0
 0 1 1 0 0 0 0 0 1 1 0 0 1 0 0 0 0 1 0 1 0 0 1 1 0 0 1 0 1 0 1 1 0 1 1 0 0
 0 0 1 1 0 1 1 0 1 0 1 0 1 0 1 0 0 0 1 0 0 0 1 1 1 1]
 Training accuracy at 1800 out of 20000 is 0.559(0.480),cost is 40.349(0.693)
[0 0 0 1 0 0 0 1 0 1 1 0 1 0 1 0 0 0 0 0 0 1 0 0 1 0 0 0 1 0 0 0 1 0 1 0 0
 0 1 1 0 0 0 0 0 1 1 0 0 1 0 0 0 0 1 0 1 0 0 1 1 0 0 1 0 1 0 1 1 0 1 1 0 0
 0 0 1 1 0 1 1 0 1 0 1 0 1 0 1 0 0 0 1 0 0 1 1 1 1 1]
 Training accuracy at 1900 out of 20000 is 0.562(0.490),cost is 40.308(0.693)
[0 0 0 1 0 0 0 1 0 1 1 0 1 0 1 0 0 0 0 0 0 1 0 0 1 0 0 0 1 0 0 0 1 0 1 0 0
 0 1 1 0 0 0 0 0 1 1 0 0 1 0 0 0 0 1 0 1 0 0 1 1 0 0 1 0 1 0 1 1 0 1 1 0 0
 0 0 1 1 0 1 1 0 1 0 1 0 0 0 1 0 0 0 1 0 0 1 1 1 1 1]
 Training accuracy at 2000 out of 20000 is 0.566(0.480),cost is 40.271(0.693)
[0 0 0 1 0 0 0 1 0 1 1 0 1 0 1 0 0 0 0 0 0 1 0 0 1 0 0 0 1 0 0 0 1 0 1 0 0
 0 1 1 0 0 0 0 0 1 1 0 0 1 0 0 0 0 1 0 1 0 0 1 1 0 0 1 0 1 0 1 1 0 1 1 0 1
 0 0 1 1 0 1 1 0 1 0 1 0 0 0 1 0 0 0 1 0 0 1 1 1 1 1]
 Training accuracy at 2100 out of 20000 is 0.567(0.490),cost is 40.234(0.692)
[0 0 0 1 0 0 0 1 0 1 1 0 1 0 1 0 0 0 0 0 0 1 0 0 1 0 0 0 1 0 0 1 1 0 1 0 0
 0 1 1 0 0 0 0 0 1 1 0 0 1 0 0 0 0 1 0 1 0 0 1 1 0 0 1 0 1 0 1 1 0 1 1 0 1
 0 0 1 1 0 1 1 0 1 0 1 0 0 0 1 0 0 0 1 0 0 1 1 1 1 1]
 Training accuracy at 2200 out of 20000 is 0.566(0.480),cost is 40.200(0.692)
[0 0 0 1 0 0 0 1 0 1 1 0 1 0 1 0 0 1 0 0 0 1 0 0 1 0 0 0 1 0 1 1 1 0 1 0 0
 0 1 1 0 0 0 0 0 1 1 0 0 1 0 0 0 0 1 0 1 0 0 1 1 0 0 1 0 1 0 1 1 0 1 1 1 1
 0 0 1 1 0 1 1 0 1 0 1 0 1 0 1 0 0 0 1 1 0 1 1 1 1 1]
 Training accuracy at 2300 out of 20000 is 0.566(0.490),cost is 40.172(0.692)
[0 0 0 1 0 0 0 1 0 1 1 0 1 0 1 0 0 0 0 0 0 1 0 0 1 0 0 0 1 0 1 1 1 0 1 0 0
 0 1 1 0 0 0 0 0 1 1 0 0 1 0 0 0 0 1 0 1 0 0 1 1 0 0 1 0 1 0 1 1 0 1 1 0 1
 0 0 1 1 0 1 1 0 1 0 1 0 0 0 1 0 0 0 1 1 0 1 1 1 1 1]
 Training accuracy at 2400 out of 20000 is 0.569(0.480),cost is 40.135(0.692)
[0 1 0 1 0 0 0 1 0 1 1 0 1 0 1 0 0 1 0 0 0 1 0 0 1 0 0 0 1 0 1 1 1 0 1 0 0
 0 1 1 0 0 0 0 0 1 1 0 0 1 0 0 0 0 1 0 1 0 0 1 1 0 0 1 0 1 0 1 1 0 1 1 0 1
 0 0 1 1 0 1 1 0 1 0 1 0 1 0 1 0 1 0 1 1 0 1 1 1 1 1]
 Training accuracy at 2500 out of 20000 is 0.567(0.500),cost is 40.105(0.691)
[0 1 0 1 0 0 0 1 0 1 1 0 1 0 1 0 0 0 0 0 0 1 0 0 1 0 0 0 1 0 1 1 1 0 1 0 0
 0 1 1 0 0 0 0 0 1 1 0 0 1 0 0 0 0 1 0 1 0 0 1 1 0 0 1 0 1 0 1 1 0 1 1 0 1
 0 0 1 1 0 1 1 0 1 0 1 0 1 0 1 0 1 0 1 1 0 1 1 1 1 1]
 Training accuracy at 2600 out of 20000 is 0.570(0.490),cost is 40.072(0.691)
[0 1 0 1 0 0 0 1 0 1 1 0 1 0 1 0 0 0 0 0 0 1 0 0 1 0 0 0 1 0 1 1 1 0 1 0 0
 0 1 1 0 0 0 0 0 1 1 0 0 1 0 0 0 0 1 0 1 0 0 1 1 0 0 1 0 1 0 1 1 0 1 1 0 0
 0 0 1 1 0 1 1 0 1 0 1 0 0 0 1 0 1 0 1 1 0 1 1 1 1 1]
 Training accuracy at 2700 out of 20000 is 0.570(0.470),cost is 40.044(0.692)
[0 1 0 1 0 0 0 1 0 1 1 0 1 0 1 0 0 0 0 0 0 1 0 0 1 0 0 0 1 0 1 1 1 0 1 0 0
 0 1 1 0 0 0 0 0 1 1 0 0 1 0 0 0 0 1 0 1 0 0 1 1 0 0 1 0 1 0 1 1 0 1 1 0 0
 0 0 1 1 0 1 1 0 1 0 1 0 0 0 1 0 1 0 1 1 0 1 1 1 1 1]
 Training accuracy at 2800 out of 20000 is 0.572(0.470),cost is 40.013(0.692)
[0 1 0 1 0 0 0 1 0 1 1 0 1 0 1 0 0 0 0 0 0 1 0 0 1 0 0 0 1 0 1 1 1 0 1 0 0
 0 1 1 0 0 0 0 0 1 1 0 0 1 0 0 0 0 1 0 1 0 0 1 1 0 0 1 0 1 0 1 1 0 1 1 0 0
 0 0 1 1 0 1 1 0 1 0 1 0 0 0 1 0 1 0 1 1 0 1 1 1 1 1]