Train 5911 samples in approximately 507 epochs
Finished computation graph
[0 0 0 0 0 0 0 0 0 0 0 0 0 0 0 0 0 0 0 0 0 0 0 0 0 0 0 0 0 0 0 0 0 0 0 0 0
 0 0 0 0 0 0 0 0 0 0 0 0 0 0 0 0 0 0 0 0 0 0 0 0 0 0 0 0 0 0 0 0 0 0 0 0 0
 0 0 0 0 0 0 0 0 0 0 0 0 0 0 0 0 0 0 0 0 0 0 0 0 0 0]
At     1/30000: COST 0.729/0.713(0.694) -- Acc 0.560/0.510(0.011)
[0 0 0 0 0 0 0 0 0 0 0 0 0 0 0 0 0 0 0 0 0 0 0 0 0 0 0 0 0 0 0 0 0 0 0 0 0
 0 0 0 0 0 0 0 0 0 0 0 0 0 0 0 0 0 0 0 0 0 0 0 0 0 0 0 0 0 0 0 0 0 0 0 0 0
 0 0 0 0 0 0 0 0 0 0 0 0 0 0 0 0 0 0 0 0 0 0 0 0 0 0]
At   101/30000: COST 0.670/0.699(0.700) -- Acc 0.640/0.510(0.326)
[0 0 0 0 0 0 0 0 0 0 0 0 0 0 0 0 0 0 0 0 0 0 0 0 0 0 0 0 0 0 0 0 0 0 0 0 0
 0 0 0 0 0 0 0 0 0 0 0 0 0 0 0 0 0 0 0 0 0 0 0 0 0 0 0 0 0 0 0 0 0 0 0 0 0
 0 0 0 0 0 0 0 0 0 0 0 0 0 0 0 0 0 0 0 0 0 0 0 0 0 0]
At   201/30000: COST 0.685/0.695(0.697) -- Acc 0.540/0.510(0.442)
[0 0 0 0 0 0 0 0 0 0 0 0 0 0 0 0 0 0 1 0 0 1 0 0 0 0 0 0 0 0 0 0 0 0 0 0 1
 0 0 0 0 0 0 0 0 0 0 0 0 0 0 0 0 0 1 0 0 0 0 0 0 0 0 0 0 0 0 0 1 0 0 0 0 0
 0 0 0 0 0 0 0 1 0 0 0 0 0 0 0 0 0 0 0 0 0 0 0 0 0 0]
At   301/30000: COST 0.686/0.692(0.695) -- Acc 0.580/0.530(0.485)
[0 0 0 0 0 0 0 0 0 0 0 0 0 0 0 0 0 0 0 0 0 0 0 0 0 0 0 0 0 0 0 0 0 0 0 0 0
 0 0 0 0 0 0 0 0 0 0 0 0 0 0 0 0 0 0 0 0 0 0 0 0 0 0 0 0 0 0 0 0 0 0 0 0 0
 0 0 0 0 0 0 0 0 0 0 0 0 0 0 0 0 0 0 0 0 0 0 0 0 0 0]
At   401/30000: COST 0.694/0.692(0.694) -- Acc 0.460/0.510(0.503)
[0 0 0 0 0 0 0 0 0 0 0 0 1 0 0 0 0 0 0 0 0 0 1 0 0 0 0 0 0 0 0 0 0 0 0 0 0
 0 0 0 0 0 0 0 0 0 0 0 0 0 0 0 0 0 0 0 0 0 0 0 0 0 0 0 0 0 0 0 0 0 0 0 0 0
 0 0 0 0 0 0 0 0 0 0 0 0 0 0 0 0 0 0 0 0 0 0 0 0 0 0]
At   501/30000: COST 0.685/0.691(0.693) -- Acc 0.530/0.510(0.514)
[0 0 0 0 0 0 0 0 0 0 0 0 0 0 0 0 0 0 0 0 0 0 0 0 0 0 0 0 0 0 0 0 0 0 0 0 0
 0 0 0 0 0 0 0 0 0 0 0 0 0 0 0 0 0 0 0 0 0 0 0 0 0 0 0 0 0 0 0 0 0 0 0 0 0
 0 0 0 0 0 0 0 0 0 0 0 0 0 0 0 0 0 0 0 0 0 0 0 0 0 0]
At   601/30000: COST 0.698/0.693(0.693) -- Acc 0.560/0.510(0.521)
[0 0 0 0 0 0 0 0 0 0 0 0 0 0 0 0 0 0 0 0 0 0 0 0 0 0 0 0 0 0 0 0 0 0 0 0 0
 0 0 0 0 0 0 0 0 0 0 0 0 0 0 0 0 0 0 0 0 0 0 0 0 0 0 0 0 0 0 0 0 0 0 0 0 0
 0 0 0 0 0 0 0 0 0 0 0 0 0 0 0 0 0 0 0 0 0 0 0 0 0 0]
At   701/30000: COST 0.662/0.698(0.691) -- Acc 0.690/0.510(0.531)
[0 0 0 0 0 0 0 0 0 0 0 0 0 0 0 0 0 0 0 0 0 0 0 0 0 0 0 0 0 0 0 0 0 0 0 0 0
 0 0 0 0 0 0 0 0 0 0 0 0 0 0 0 0 0 0 0 0 0 0 0 0 0 0 0 0 0 0 0 0 0 0 0 0 0
 0 0 0 0 0 0 0 0 0 0 0 0 0 0 0 0 0 0 0 0 0 0 0 0 0 0]
At   801/30000: COST 0.697/0.694(0.691) -- Acc 0.500/0.510(0.531)
[0 0 0 0 0 0 0 0 0 0 0 0 0 0 0 0 0 0 0 0 0 0 0 0 0 0 0 0 0 0 0 0 0 0 0 0 0
 0 0 0 0 0 0 0 0 0 0 0 0 0 0 0 0 0 0 0 0 0 0 0 0 0 0 0 0 0 0 0 0 0 0 0 0 0
 0 0 0 0 0 0 0 0 0 0 0 0 0 0 0 0 0 0 0 0 0 0 0 0 0 0]
At   901/30000: COST 0.686/0.695(0.690) -- Acc 0.530/0.510(0.535)
[0 1 0 0 0 0 0 0 0 0 0 0 0 0 0 0 0 0 0 0 0 0 0 0 0 0 0 0 0 0 1 0 0 0 0 0 0
 0 0 0 0 0 0 1 0 0 0 0 0 0 0 0 0 0 0 0 0 0 0 0 0 0 0 0 0 0 0 0 0 0 0 0 0 0
 0 0 0 0 0 0 0 0 0 0 0 0 0 0 0 0 0 0 0 0 0 1 0 0 0 0]
At  1001/30000: COST 0.699/0.693(0.691) -- Acc 0.520/0.530(0.522)
[0 0 0 0 0 0 0 0 0 0 0 0 0 0 0 0 0 0 0 0 0 0 0 0 0 0 0 0 0 0 0 0 0 0 0 0 0
 0 0 0 0 0 0 0 0 0 0 0 0 0 0 0 0 0 0 0 0 0 0 0 0 0 0 0 0 0 0 0 0 0 0 0 0 0
 0 0 0 0 0 0 0 0 0 0 0 0 0 0 0 0 0 0 0 0 0 0 0 0 0 0]
At  1101/30000: COST 0.685/0.695(0.691) -- Acc 0.530/0.510(0.529)
[0 0 0 0 0 0 0 0 0 0 0 0 0 0 0 0 0 0 0 0 0 0 0 0 0 0 0 0 0 0 0 0 0 0 0 0 0
 0 0 0 0 0 0 0 0 0 1 0 0 0 0 0 0 0 0 0 0 0 0 0 0 0 0 0 0 0 0 0 0 0 0 0 0 0
 0 0 0 0 0 0 0 0 0 0 0 0 0 0 0 0 0 0 0 0 0 0 0 0 0 0]
At  1201/30000: COST 0.694/0.692(0.691) -- Acc 0.440/0.520(0.529)
[0 0 0 0 0 0 0 0 0 0 0 0 0 0 0 0 0 0 0 1 0 0 0 0 0 0 0 0 0 1 0 0 0 0 0 0 1
 0 0 0 0 0 0 0 0 0 0 0 0 0 0 0 0 0 0 0 0 0 0 0 0 0 0 0 0 0 0 0 0 0 0 0 0 0
 0 0 0 0 0 0 0 0 0 0 0 0 0 0 0 0 0 0 0 0 0 0 0 0 0 0]
At  1301/30000: COST 0.686/0.696(0.689) -- Acc 0.530/0.520(0.536)
[0 0 0 0 0 0 0 0 0 0 0 0 0 0 0 0 0 0 0 0 0 0 0 0 0 0 0 0 0 0 0 0 0 0 0 0 0
 0 0 0 0 0 0 0 0 0 0 0 0 0 0 0 0 0 0 0 0 0 0 0 0 0 0 0 0 0 0 0 0 0 0 0 0 0
 0 0 0 0 0 0 0 0 0 0 0 0 0 0 0 0 0 0 0 0 0 0 0 0 0 0]
At  1401/30000: COST 0.672/0.692(0.690) -- Acc 0.530/0.510(0.531)
[0 0 0 0 0 0 0 0 0 0 0 0 0 0 0 0 0 0 0 0 0 1 0 0 0 0 0 0 0 0 0 0 0 0 0 0 0
 0 0 0 0 1 0 0 0 0 0 0 0 0 0 0 0 0 0 0 0 0 0 0 0 0 0 0 0 0 0 0 0 0 0 0 0 0
 1 0 0 0 0 0 0 0 0 0 0 0 0 0 0 1 0 0 0 0 0 0 0 0 0 0]
At  1501/30000: COST 0.698/0.694(0.689) -- Acc 0.450/0.530(0.530)
[0 0 0 0 0 0 0 0 0 1 0 0 0 0 0 1 0 0 1 0 0 0 0 1 0 0 0 0 0 0 0 0 0 0 0 0 0
 0 0 0 1 0 0 0 0 1 0 0 0 0 0 0 0 0 0 1 0 1 0 0 0 0 1 1 0 0 0 0 0 0 0 0 0 0
 0 0 0 0 0 0 1 0 1 0 0 0 1 1 0 0 0 0 1 0 1 0 0 0 0 0]
At  1601/30000: COST 0.699/0.689(0.689) -- Acc 0.530/0.530(0.533)
[0 0 1 0 0 0 0 0 0 0 0 0 0 0 0 0 0 0 0 0 0 0 0 0 0 1 0 0 0 0 0 0 0 0 0 0 0
 0 1 0 0 0 0 0 0 0 0 0 0 0 0 0 0 0 0 0 0 0 0 0 0 0 0 0 0 0 0 0 0 0 0 0 0 0
 0 0 0 0 0 0 0 0 0 1 0 0 0 0 0 0 0 0 0 0 0 0 0 0 0 0]
At  1701/30000: COST 0.669/0.688(0.689) -- Acc 0.590/0.530(0.533)
[0 0 0 0 0 0 0 0 0 0 0 0 0 0 0 0 0 0 0 0 0 0 0 0 0 0 0 0 0 0 0 0 0 0 0 0 0
 0 0 0 0 0 0 0 0 0 0 0 0 0 0 0 0 0 0 0 0 0 0 0 0 0 0 0 0 0 0 0 0 0 0 0 0 0
 0 0 0 0 0 0 0 0 0 0 0 0 0 0 0 0 0 0 0 0 0 0 0 0 0 0]
At  1801/30000: COST 0.683/0.697(0.689) -- Acc 0.560/0.510(0.530)
[0 0 0 0 0 0 0 0 0 0 0 0 0 0 0 0 0 0 0 0 0 0 0 0 0 0 0 0 0 0 0 0 0 0 0 0 1
 0 0 0 0 0 0 0 0 0 0 0 0 0 0 0 0 0 0 0 0 0 0 0 0 0 0 0 1 0 0 0 0 0 0 0 0 0
 0 0 0 0 0 0 0 0 0 0 0 0 0 0 0 0 0 0 0 0 0 0 0 0 0 0]
At  1901/30000: COST 0.709/0.693(0.689) -- Acc 0.410/0.510(0.540)
[0 0 0 0 0 0 0 0 1 0 1 0 0 0 0 0 0 0 0 0 0 0 0 1 0 0 0 0 0 0 0 1 0 0 0 1 0
 0 0 0 0 0 0 0 0 0 0 0 0 0 0 0 0 0 0 0 0 0 0 0 0 0 0 0 0 0 1 0 0 0 0 0 0 0
 0 0 0 0 0 0 0 0 0 0 0 1 0 1 0 0 1 1 0 0 0 0 0 0 0 0]
At  2001/30000: COST 0.681/0.683(0.688) -- Acc 0.550/0.550(0.541)
[0 0 0 0 0 0 0 0 0 0 0 0 1 0 0 0 0 0 0 0 0 0 1 0 0 0 0 0 0 0 0 0 0 0 0 0 0
 0 0 0 0 0 0 0 0 0 0 1 0 0 0 0 0 0 0 0 0 0 0 0 0 1 0 0 0 0 0 0 0 0 1 0 0 0
 0 0 0 0 0 1 0 0 1 0 0 0 0 0 0 0 0 0 0 0 0 0 0 0 0 0]
At  2101/30000: COST 0.672/0.688(0.687) -- Acc 0.640/0.540(0.540)
[0 0 0 0 0 0 0 0 0 0 0 1 0 0 0 0 0 0 0 0 0 0 0 0 0 0 0 1 0 0 0 0 1 0 0 0 0
 0 1 0 0 0 0 1 0 0 0 0 0 0 0 0 0 0 0 0 0 0 0 0 1 1 0 0 0 0 0 0 1 0 0 0 0 0
 0 0 0 0 0 0 0 0 0 0 0 0 0 0 0 0 1 0 0 0 0 1 0 0 0 0]
At  2201/30000: COST 0.684/0.701(0.686) -- Acc 0.580/0.490(0.546)
[0 0 0 0 0 0 0 0 0 0 0 0 0 0 1 0 0 0 0 0 1 0 1 0 0 0 0 0 0 0 0 0 0 0 0 0 0
 0 0 0 0 0 0 0 0 0 0 0 0 0 0 0 0 0 0 0 0 0 0 0 0 0 0 0 0 0 0 0 0 0 1 0 0 0
 1 0 0 0 0 0 0 0 0 0 0 0 0 0 0 0 0 0 0 0 0 0 0 0 0 0]
At  2301/30000: COST 0.675/0.692(0.686) -- Acc 0.550/0.520(0.545)
[0 0 0 0 1 1 0 0 1 0 0 0 0 0 0 0 0 0 0 0 0 1 1 0 0 0 1 0 0 0 1 0 0 0 0 1 0
 0 0 0 0 0 0 0 1 0 0 0 0 1 0 0 0 0 0 0 0 1 0 0 0 1 0 0 0 0 1 0 0 0 0 0 0 0
 0 0 0 0 0 0 0 1 0 1 0 0 0 0 0 0 0 0 0 0 0 1 0 0 0 1]
At  2401/30000: COST 0.679/0.688(0.684) -- Acc 0.560/0.520(0.553)
[0 0 0 1 1 1 1 0 0 0 0 1 1 1 0 0 1 1 0 0 0 1 0 0 0 0 0 0 0 1 0 1 1 1 0 1 0
 0 0 1 0 0 0 0 1 0 1 0 0 0 1 0 0 1 0 1 0 0 0 0 0 1 0 0 0 1 0 0 0 1 1 0 0 0
 1 1 0 0 0 1 1 0 0 0 1 1 1 1 0 0 0 0 1 0 0 1 0 0 0 1]
At  2501/30000: COST 0.695/0.687(0.683) -- Acc 0.470/0.530(0.548)
[0 1 0 0 0 0 0 0 0 0 0 0 0 0 0 0 0 0 0 0 0 1 0 0 0 1 0 0 0 0 0 1 0 0 0 0 0
 0 0 0 0 1 0 0 0 0 0 0 0 0 0 0 0 0 0 0 0 0 1 0 0 1 0 0 0 0 0 0 0 0 0 0 0 1
 0 0 0 0 0 0 1 0 0 0 1 0 0 0 1 0 0 0 0 0 0 0 0 0 0 0]
At  2601/30000: COST 0.673/0.697(0.682) -- Acc 0.570/0.520(0.557)
[1 0 0 0 1 0 0 0 0 0 0 0 0 0 1 1 0 0 0 0 0 0 0 1 0 1 0 0 0 0 0 0 1 0 0 0 1
 0 0 0 0 0 0 0 0 0 1 0 0 0 0 0 0 0 0 0 0 1 1 0 1 0 0 0 0 0 0 0 0 0 0 0 0 0
 0 0 0 0 0 0 0 0 0 0 0 0 0 0 0 0 0 1 0 0 0 0 1 0 0 0]
At  2701/30000: COST 0.709/0.693(0.682) -- Acc 0.480/0.510(0.557)
[0 1 0 0 0 0 0 0 0 0 1 0 1 0 0 0 0 0 0 0 1 0 0 1 0 0 1 0 0 0 0 0 0 1 1 0 0
 0 1 0 0 0 0 1 0 0 0 1 1 0 0 1 0 0 0 0 0 0 0 0 0 0 0 0 0 1 0 1 0 0 0 0 0 0
 0 0 0 0 0 0 0 0 0 0 0 0 0 0 0 0 0 1 1 0 0 0 0 1 0 0]
At  2801/30000: COST 0.740/0.699(0.679) -- Acc 0.420/0.490(0.562)
[0 1 0 0 0 0 0 0 0 0 1 0 0 0 0 0 0 0 0 0 0 1 0 0 0 0 0 0 1 0 0 0 1 0 0 0 0
 0 1 0 0 0 0 0 0 0 1 1 0 0 0 0 0 1 0 0 0 0 0 0 0 0 0 0 1 0 0 0 1 0 0 1 0 0
 0 1 0 0 1 0 0 0 0 0 0 0 1 0 1 0 0 0 1 0 0 0 0 0 0 0]
At  2901/30000: COST 0.671/0.701(0.678) -- Acc 0.530/0.460(0.562)
[0 0 0 0 0 0 0 0 0 0 0 0 0 0 0 0 0 0 0 1 0 1 0 0 0 0 0 1 0 0 0 1 0 0 1 0 0
 0 0 0 0 0 0 0 0 0 0 0 0 0 0 0 0 0 0 0 0 0 0 0 0 0 0 1 0 0 0 0 0 0 0 0 0 0
 0 0 0 0 0 0 0 0 0 0 0 1 0 0 0 0 0 0 0 0 0 0 0 1 1 0]
At  3001/30000: COST 0.690/0.695(0.679) -- Acc 0.550/0.500(0.558)
[1 0 1 0 1 0 0 0 0 0 0 0 0 0 1 1 0 1 0 0 0 0 1 1 0 0 0 0 0 1 0 0 0 0 0 1 0
 0 0 0 0 0 0 1 0 0 0 0 1 0 1 0 0 0 0 0 0 0 0 0 0 0 1 0 0 0 1 0 0 0 0 0 0 0
 0 0 0 1 0 1 0 1 0 0 1 0 0 0 0 1 0 1 0 0 0 0 0 0 1 0]
At  3101/30000: COST 0.656/0.691(0.676) -- Acc 0.560/0.530(0.562)
[1 1 1 1 0 1 0 0 1 0 1 0 0 1 0 1 1 0 0 0 0 0 1 0 0 1 0 0 1 0 0 1 0 0 1 0 1
 1 1 0 0 0 1 1 0 1 0 0 0 0 0 0 0 1 0 1 1 1 1 0 1 1 1 1 0 1 1 0 0 0 0 0 0 1
 0 0 0 0 0 1 1 0 1 0 1 0 1 1 0 0 0 1 0 1 1 0 0 1 1 1]
At  3201/30000: COST 0.654/0.685(0.675) -- Acc 0.560/0.560(0.566)
[0 1 0 0 0 0 0 0 0 0 0 1 0 0 0 0 0 0 0 0 0 0 1 0 1 0 0 0 0 0 0 0 0 0 0 0 0
 0 0 0 0 0 0 0 1 0 0 1 0 0 0 0 0 1 0 0 1 0 0 0 0 0 0 0 0 0 0 0 0 0 1 0 0 0
 0 1 0 0 0 0 1 0 0 0 0 0 0 0 1 0 0 1 0 0 1 0 0 0 0 0]
At  3301/30000: COST 0.662/0.693(0.676) -- Acc 0.620/0.510(0.563)
[0 1 0 0 0 1 0 0 1 0 0 1 0 0 0 0 0 0 0 0 0 0 0 0 0 0 0 0 0 0 0 1 0 0 0 0 0
 0 0 0 0 0 0 0 0 0 1 1 0 0 0 0 1 0 0 0 0 0 0 1 0 0 1 0 0 0 0 0 0 0 0 1 0 0
 0 1 0 0 0 0 0 0 1 1 0 0 0 0 0 0 1 0 0 0 0 0 0 0 0 0]
At  3401/30000: COST 0.683/0.693(0.675) -- Acc 0.470/0.520(0.566)
[0 0 1 0 0 1 0 0 0 0 1 0 1 1 0 0 0 0 0 0 0 0 0 1 0 0 0 0 0 0 0 0 1 0 0 0 0
 0 0 1 0 0 1 0 0 0 1 1 0 0 0 0 0 0 1 0 0 0 1 0 1 0 0 1 0 0 0 0 1 0 0 0 0 0
 0 0 0 1 0 0 0 0 1 0 0 0 1 0 0 0 0 0 0 0 0 0 0 0 0 0]
At  3501/30000: COST 0.662/0.691(0.669) -- Acc 0.580/0.520(0.575)
[1 1 0 0 0 0 1 1 0 0 0 1 1 0 1 1 0 0 0 0 0 0 1 0 0 1 0 0 0 0 0 1 0 1 0 0 1
 0 0 1 0 0 0 1 1 1 1 0 0 1 1 0 0 0 0 0 0 1 1 0 1 1 0 0 0 0 1 0 1 0 0 0 1 1
 0 0 1 1 1 1 0 1 0 1 0 0 0 1 1 1 0 1 1 1 0 0 1 0 0 0]
At  3601/30000: COST 0.669/0.698(0.671) -- Acc 0.550/0.480(0.572)
[0 0 1 0 0 0 0 0 0 1 1 0 0 0 0 1 1 0 0 0 1 0 1 0 0 1 1 0 0 0 0 0 0 0 0 0 0
 0 0 0 0 0 0 0 0 1 0 0 0 0 0 0 0 0 0 1 0 0 0 0 0 0 0 0 0 0 0 0 1 1 0 0 0 0
 0 0 0 0 0 1 1 0 1 0 0 0 0 0 0 1 0 0 0 0 0 0 0 0 1 0]
At  3701/30000: COST 0.648/0.690(0.666) -- Acc 0.600/0.510(0.584)
[0 0 1 0 0 0 0 0 0 0 0 0 0 0 0 0 0 0 0 0 1 0 0 0 0 1 0 0 0 1 0 1 0 0 0 0 1
 0 0 0 0 1 0 0 0 0 0 1 0 0 0 1 1 0 0 0 0 0 0 1 0 0 0 0 0 1 0 0 0 0 0 0 0 0
 0 0 1 0 0 0 1 0 1 1 0 0 0 1 0 0 0 0 0 0 0 0 0 0 1 0]
At  3801/30000: COST 0.644/0.690(0.663) -- Acc 0.620/0.510(0.588)
[0 1 0 0 1 0 0 0 0 0 0 0 0 0 0 0 0 0 0 1 0 0 1 1 0 0 0 0 0 0 1 0 0 0 0 0 0
 0 0 0 0 0 0 0 0 0 0 1 0 0 1 1 1 1 1 0 0 1 0 1 1 0 0 0 0 0 0 0 0 0 0 0 1 0
 0 0 0 0 1 0 0 0 0 0 1 0 1 0 0 0 1 0 0 1 0 0 0 1 0 1]
At  3901/30000: COST 0.655/0.687(0.655) -- Acc 0.620/0.520(0.595)
[1 0 1 0 0 0 0 0 0 1 0 0 1 0 0 0 1 0 1 0 0 1 1 0 1 1 1 0 0 0 0 1 1 0 0 0 0
 0 0 0 0 1 0 0 0 1 0 0 0 0 0 0 1 0 0 0 0 0 0 0 1 0 0 0 1 0 0 0 1 0 0 0 0 0
 0 1 0 0 0 1 0 0 1 0 0 0 0 0 1 0 1 0 0 1 0 0 1 0 0 0]
At  4001/30000: COST 0.647/0.688(0.654) -- Acc 0.620/0.510(0.600)
[1 0 0 0 1 0 0 0 1 0 0 0 1 0 0 0 1 0 0 1 1 0 1 1 0 0 0 0 0 1 0 1 0 0 0 0 1
 1 0 0 0 0 0 1 0 0 0 0 0 0 1 1 0 0 1 1 1 1 0 0 0 1 0 1 1 0 0 0 0 0 0 0 1 0
 1 1 1 0 1 1 1 0 1 1 0 0 1 0 0 0 0 0 0 0 0 1 0 0 0 0]
At  4101/30000: COST 0.646/0.693(0.650) -- Acc 0.580/0.550(0.602)
[0 0 0 0 0 0 0 0 0 0 0 0 1 0 0 0 1 0 0 0 1 0 0 0 0 0 0 0 0 1 0 0 1 0 0 0 1
 1 0 0 0 0 0 0 0 0 0 0 1 0 0 0 0 0 0 0 1 1 1 0 0 1 1 1 0 0 0 0 0 0 0 0 0 0
 0 0 0 1 0 1 0 0 0 0 0 0 0 0 1 1 1 1 1 0 0 0 0 0 0 1]
At  4201/30000: COST 0.638/0.692(0.648) -- Acc 0.610/0.550(0.605)
[0 0 0 0 0 0 0 0 0 0 0 0 0 0 0 0 0 0 0 0 0 1 0 0 0 0 0 0 0 0 0 0 0 0 0 0 1
 0 0 0 0 0 0 0 0 0 0 0 0 0 0 1 0 0 0 0 0 0 0 0 0 1 1 0 0 1 0 1 0 0 0 0 1 0
 1 0 0 0 0 0 0 0 0 1 1 0 0 0 0 1 0 0 0 0 0 0 0 0 0 0]
At  4301/30000: COST 0.584/0.689(0.642) -- Acc 0.680/0.530(0.610)
[0 1 1 1 1 0 0 1 0 0 0 1 0 1 0 1 1 1 0 1 0 1 1 1 0 1 1 0 0 1 0 0 0 1 0 1 1
 1 1 1 0 0 0 1 0 1 1 0 1 0 1 1 1 0 1 0 0 0 1 0 1 0 1 1 1 1 1 0 0 0 0 0 0 0
 0 0 1 0 0 0 0 0 0 0 1 0 0 1 1 0 0 0 0 1 1 1 0 0 1 0]
At  4401/30000: COST 0.657/0.659(0.635) -- Acc 0.550/0.610(0.618)
[1 0 0 0 1 0 0 0 0 0 0 1 0 0 0 0 1 1 0 0 0 0 0 0 0 1 0 0 1 0 0 0 1 1 0 1 0
 0 0 0 0 0 0 0 0 0 0 1 1 0 0 0 1 0 0 0 0 0 1 1 0 0 0 1 0 1 0 1 1 0 0 0 0 0
 0 0 1 1 0 0 1 0 0 1 0 0 1 0 0 0 0 1 0 1 0 0 1 0 0 0]
At  4501/30000: COST 0.638/0.687(0.630) -- Acc 0.660/0.540(0.623)
[1 1 0 1 0 0 0 1 0 0 0 0 1 1 0 0 0 0 0 0 0 1 0 0 0 0 0 0 1 0 1 1 0 1 0 1 1
 0 1 0 1 0 0 0 0 1 0 0 0 1 0 0 0 1 0 0 1 0 1 0 0 1 1 0 0 0 0 0 1 0 1 1 1 0
 0 1 0 0 0 0 0 0 0 0 1 0 1 1 0 0 0 0 0 0 0 0 0 0 0 0]
At  4601/30000: COST 0.580/0.667(0.622) -- Acc 0.720/0.550(0.638)
[0 0 0 0 0 0 1 0 0 0 0 0 0 0 0 0 0 1 0 1 1 0 0 0 0 1 0 0 1 1 0 1 0 1 0 0 1
 1 0 0 0 0 1 1 0 1 0 1 0 0 0 1 0 1 0 0 0 0 1 0 0 0 0 0 0 1 0 0 0 1 0 0 0 0
 0 1 0 0 1 0 1 1 0 0 1 0 0 0 0 0 0 0 0 0 0 1 0 0 0 0]
At  4701/30000: COST 0.651/0.683(0.612) -- Acc 0.600/0.570(0.644)
[0 0 0 0 0 1 0 0 0 0 0 0 0 1 0 0 0 1 0 0 0 0 0 1 0 1 0 0 0 0 0 0 0 1 0 1 0
 0 0 0 0 0 0 0 0 0 0 0 0 0 0 0 0 0 1 0 0 0 0 1 0 0 0 0 1 1 0 1 0 0 0 0 0 0
 0 0 1 0 0 0 0 1 0 0 0 0 0 1 0 0 0 0 1 0 1 1 0 1 0 0]
At  4801/30000: COST 0.626/0.687(0.605) -- Acc 0.580/0.560(0.653)
[0 0 0 0 0 0 0 0 0 0 0 1 1 0 1 1 0 0 0 1 1 0 0 0 0 0 0 1 0 0 0 0 0 0 0 1 1
 1 0 0 1 0 1 0 0 0 0 0 1 0 0 0 0 1 1 0 0 0 1 0 0 0 0 0 0 0 0 1 1 0 0 0 1 0
 1 0 1 1 0 1 0 1 1 0 1 0 0 0 1 1 0 1 1 0 1 1 1 0 0 0]
At  4901/30000: COST 0.540/0.667(0.594) -- Acc 0.670/0.580(0.659)
[0 0 0 1 0 1 0 1 0 0 1 0 0 1 1 1 1 0 0 0 0 0 0 1 1 0 1 0 1 0 0 0 0 1 1 1 0
 1 1 0 0 0 1 0 0 1 0 0 0 0 1 0 0 0 0 1 1 0 1 0 0 0 0 1 1 0 0 0 1 1 1 1 1 1
 1 0 0 0 1 0 1 1 1 0 0 1 0 1 1 0 1 0 0 0 1 0 1 0 0 0]
At  5001/30000: COST 0.548/0.668(0.584) -- Acc 0.670/0.630(0.671)
[0 0 0 0 0 0 0 0 0 1 0 1 0 0 0 0 0 0 0 1 0 0 0 0 1 0 0 0 0 0 1 1 0 0 0 0 0
 1 0 0 1 1 0 0 0 0 0 0 0 0 1 0 0 0 0 0 0 1 1 1 1 0 0 0 0 0 1 0 0 0 1 0 1 0
 0 1 1 0 0 0 0 1 0 0 0 0 0 0 0 0 0 1 1 0 0 0 0 0 0 0]
At  5101/30000: COST 0.580/0.675(0.584) -- Acc 0.730/0.590(0.670)
[0 0 0 0 1 1 1 0 1 1 0 1 0 1 0 1 0 1 1 1 1 1 1 1 1 0 0 1 0 1 1 1 1 1 1 0 0
 1 1 1 1 1 1 0 1 1 1 1 0 1 0 0 1 0 1 0 0 0 0 1 1 1 1 0 1 0 1 1 0 1 0 0 1 1
 0 0 1 0 1 1 0 1 0 0 1 1 1 1 1 1 0 1 0 0 1 0 1 1 0 0]
At  5201/30000: COST 0.584/0.671(0.572) -- Acc 0.720/0.530(0.684)
[1 1 1 1 1 1 1 1 1 1 1 0 0 0 0 1 0 1 1 0 1 1 1 1 1 1 1 1 1 1 1 1 1 1 1 1 1
 0 1 0 1 1 1 1 0 1 1 1 1 1 1 1 1 1 1 1 1 1 1 1 1 1 1 1 1 1 1 1 1 1 1 1 1 1
 1 1 1 0 1 1 1 1 1 0 1 1 1 1 1 1 1 1 1 1 1 1 1 0 1 1]
At  5301/30000: COST 0.523/0.728(0.559) -- Acc 0.730/0.510(0.690)
[1 0 0 0 0 0 0 0 0 0 0 1 0 1 0 1 1 1 0 0 0 0 0 1 0 0 0 0 0 1 0 1 0 0 0 0 1
 0 0 1 0 0 0 1 1 0 0 1 0 0 0 1 0 0 1 0 0 1 0 1 1 0 1 1 1 0 0 1 0 1 0 0 1 0
 1 0 0 0 0 1 0 1 0 0 1 1 0 0 0 1 1 0 1 1 1 0 1 1 0 0]
At  5401/30000: COST 0.564/0.658(0.553) -- Acc 0.630/0.640(0.698)
[0 1 0 1 0 0 1 0 0 1 0 0 1 0 0 0 0 1 0 0 0 0 1 1 1 1 0 1 1 0 0 0 0 0 0 1 1
 1 0 1 1 1 0 0 0 0 1 0 0 0 0 0 0 0 1 0 0 1 0 1 1 0 1 0 0 1 0 0 0 1 0 0 1 1
 0 1 0 1 0 0 0 0 1 1 1 0 0 1 1 0 1 0 0 1 0 1 1 0 1 0]
At  5501/30000: COST 0.524/0.686(0.548) -- Acc 0.700/0.590(0.700)
[1 0 1 1 1 0 0 0 1 1 0 1 0 0 1 0 1 0 1 1 0 0 0 0 0 1 1 1 1 1 1 1 0 1 1 1 1
 1 0 1 1 1 1 1 1 1 1 0 1 0 0 1 1 1 0 1 1 0 0 1 0 0 1 1 0 1 0 1 1 1 0 1 1 1
 1 0 1 0 0 0 1 0 1 1 1 0 0 1 0 0 0 1 1 0 0 1 1 1 0 1]
At  5601/30000: COST 0.507/0.697(0.541) -- Acc 0.720/0.510(0.706)
[0 1 1 0 0 0 1 0 0 1 1 1 0 1 1 0 0 1 0 1 0 1 1 0 1 0 0 1 0 0 0 0 1 1 0 0 1
 1 1 0 1 1 0 1 0 0 0 0 1 0 1 1 0 0 1 0 0 1 0 0 0 1 1 1 1 1 1 0 0 1 1 1 0 0
 1 1 1 1 0 1 0 0 1 0 1 1 1 1 1 1 1 0 1 0 0 1 1 1 1 0]
At  5701/30000: COST 0.376/0.703(0.520) -- Acc 0.810/0.530(0.722)
[0 0 1 1 0 0 1 1 1 1 0 0 1 0 0 1 1 1 0 1 0 1 1 1 0 1 0 1 0 1 0 0 0 1 1 1 0
 1 1 1 1 0 1 0 1 0 0 0 1 1 0 1 1 0 0 1 0 1 0 0 1 0 1 1 0 0 1 1 1 0 0 1 1 0
 1 0 1 1 1 1 0 0 1 1 1 0 1 0 1 0 0 1 1 0 1 1 0 1 0 1]
At  5801/30000: COST 0.470/0.711(0.509) -- Acc 0.820/0.550(0.730)
[1 1 0 0 0 1 1 1 0 1 0 0 1 0 0 1 0 1 1 1 1 1 1 0 1 1 1 1 1 1 0 0 0 1 0 0 1
 0 1 1 0 0 0 1 1 1 1 1 1 0 1 1 1 0 1 0 1 1 0 0 1 1 1 1 1 0 1 1 0 1 0 0 1 1
 0 0 0 0 0 0 1 1 0 0 1 0 0 0 1 1 0 0 1 0 1 1 1 1 0 0]
At  5901/30000: COST 0.511/0.740(0.497) -- Acc 0.690/0.530(0.739)
[0 1 0 1 1 1 1 0 0 0 0 0 1 0 0 1 0 0 0 1 1 0 0 1 1 1 0 0 0 0 1 0 0 0 1 0 0
 1 0 0 0 1 1 1 0 1 0 1 1 1 0 0 1 1 0 0 0 1 0 0 1 1 1 1 1 0 0 0 1 1 1 0 0 0
 0 0 0 0 1 0 0 1 1 1 0 1 1 1 1 0 1 1 1 1 1 1 1 0 1 1]
At  6001/30000: COST 0.468/0.749(0.483) -- Acc 0.750/0.550(0.751)
[1 1 1 0 0 0 0 1 1 1 0 1 1 1 0 0 0 0 0 1 1 0 0 0 1 1 0 0 1 1 0 0 1 0 1 1 1
 1 1 0 1 0 0 1 1 1 1 1 0 1 1 0 1 1 1 1 1 1 0 0 1 0 1 0 1 0 1 1 1 1 0 1 1 1
 1 1 0 0 1 0 1 1 1 1 1 0 1 0 0 1 0 1 0 0 1 1 0 0 1 1]
At  6101/30000: COST 0.516/0.752(0.470) -- Acc 0.700/0.510(0.763)
[1 1 0 0 1 1 0 0 0 1 1 1 0 1 1 1 1 1 1 1 1 1 1 0 0 1 1 1 0 1 1 1 0 1 1 0 1
 1 1 0 1 1 0 1 1 1 1 1 1 0 1 0 1 0 0 1 1 0 0 0 0 1 1 0 1 0 0 0 0 0 1 1 0 1
 1 1 1 1 0 1 1 1 0 1 1 1 1 1 1 1 1 1 0 1 0 0 0 1 1 1]
At  6201/30000: COST 0.462/0.734(0.467) -- Acc 0.770/0.510(0.765)
[1 0 1 1 1 0 1 1 1 1 1 1 1 1 0 1 0 0 1 0 1 1 1 1 0 1 0 0 0 0 1 1 1 1 1 1 0
 0 0 1 0 0 0 1 1 1 1 0 0 1 0 1 1 0 0 1 1 1 0 1 0 0 0 1 0 0 0 0 0 1 1 0 0 0
 0 0 1 0 0 1 0 1 1 1 0 0 0 1 0 1 0 1 1 0 0 1 0 1 0 1]
At  6301/30000: COST 0.394/0.714(0.452) -- Acc 0.810/0.550(0.776)
[1 1 1 1 0 0 0 1 1 0 1 1 0 0 1 0 1 0 1 0 0 0 0 1 0 0 1 0 1 1 1 1 1 1 1 1 0
 1 0 1 1 1 1 1 0 0 1 0 1 1 0 0 1 1 1 0 0 1 1 0 1 0 0 0 1 1 1 0 0 0 1 0 1 0
 0 1 0 1 0 1 0 1 1 1 0 1 0 1 0 1 1 0 1 1 1 1 0 1 1 0]
At  6401/30000: COST 0.359/0.803(0.436) -- Acc 0.830/0.500(0.788)
[0 0 1 1 1 1 0 0 0 1 1 0 0 0 0 0 1 0 0 0 1 0 1 1 0 0 1 0 1 0 0 1 0 1 0 1 1
 1 1 0 0 1 1 1 1 1 1 1 0 1 1 0 0 0 0 0 1 1 0 0 0 1 0 0 0 0 0 1 0 0 0 1 0 0
 0 0 0 1 0 0 1 1 0 0 1 1 0 0 0 1 0 1 1 1 0 0 0 0 0 0]
At  6501/30000: COST 0.367/0.724(0.420) -- Acc 0.840/0.520(0.797)
[0 0 0 0 1 1 0 0 0 1 0 0 1 1 0 1 1 0 0 0 1 1 0 0 1 0 0 1 0 1 0 0 1 0 1 0 1
 1 1 1 1 0 0 1 1 1 1 1 1 1 0 0 1 1 0 1 0 1 1 1 1 1 1 0 0 1 0 1 1 1 1 1 1 1
 0 1 0 1 1 1 1 1 1 1 0 1 1 1 1 1 0 1 0 1 1 0 0 1 0 1]
At  6601/30000: COST 0.354/1.102(0.404) -- Acc 0.820/0.460(0.809)
[1 0 0 0 0 0 1 1 1 0 0 1 0 1 0 0 1 1 0 0 0 1 0 1 1 1 0 1 0 0 1 0 1 0 1 1 1
 0 1 1 0 1 1 0 1 0 0 1 0 1 0 0 1 1 1 1 1 0 0 1 0 1 1 0 0 1 0 0 1 1 1 1 1 0
 1 0 1 1 1 1 0 1 0 0 1 1 0 1 1 1 0 0 0 1 1 1 1 0 0 1]
At  6701/30000: COST 0.434/0.779(0.390) -- Acc 0.780/0.560(0.815)
[0 0 0 0 0 1 0 0 1 1 1 0 1 0 1 0 0 1 1 0 0 0 1 0 1 1 1 0 1 0 0 1 0 1 1 0 1
 0 0 0 1 0 0 1 1 0 0 0 0 0 1 0 0 1 0 1 1 0 0 0 0 1 0 0 0 0 1 1 1 1 0 1 0 0
 1 1 1 0 0 1 0 1 1 1 0 0 0 1 0 0 0 0 1 1 1 0 1 1 1 0]
At  6801/30000: COST 0.306/0.755(0.382) -- Acc 0.870/0.590(0.821)
[1 1 0 1 0 1 1 0 0 0 1 0 0 0 0 1 0 0 0 1 0 1 0 1 0 1 1 1 1 0 0 0 1 0 1 1 1
 1 0 0 1 1 0 0 0 1 1 0 1 0 1 1 1 0 0 0 1 1 1 0 0 1 1 1 0 0 1 0 0 0 1 0 1 0
 0 1 1 1 0 0 0 0 0 1 1 0 0 1 1 1 0 0 1 1 1 1 1 0 1 1]
At  6901/30000: COST 0.389/0.777(0.373) -- Acc 0.810/0.560(0.826)
[1 1 1 0 1 1 1 0 1 1 0 1 1 0 0 0 1 0 1 1 0 0 1 1 0 0 0 0 1 1 1 1 0 0 0 1 1
 1 0 1 0 0 1 0 1 1 1 0 1 0 1 0 0 1 1 1 1 0 0 0 1 0 1 1 1 1 0 0 0 0 1 1 1 1
 1 1 1 1 0 0 1 0 0 1 1 1 0 0 1 1 1 0 1 1 0 1 0 1 1 1]
At  7001/30000: COST 0.369/0.863(0.371) -- Acc 0.800/0.520(0.829)
[1 0 1 0 0 0 1 1 1 1 0 1 1 1 1 1 1 1 1 0 1 0 0 1 1 0 0 1 1 0 1 0 0 1 1 1 0
 0 1 1 1 0 0 0 0 1 1 1 0 1 1 1 1 1 0 0 1 0 0 0 0 0 1 1 0 1 0 1 1 1 1 1 1 1
 1 0 0 1 1 1 1 0 1 1 1 0 0 1 1 0 1 0 1 0 1 0 1 0 1 1]
At  7101/30000: COST 0.318/0.886(0.348) -- Acc 0.900/0.580(0.842)
[1 1 1 1 0 0 0 1 0 0 1 0 1 0 1 0 0 0 0 1 1 0 0 1 0 0 1 1 1 1 1 1 1 1 1 1 0
 0 0 1 0 0 1 1 1 1 1 1 1 1 0 1 1 1 1 1 1 1 1 1 1 0 0 0 0 1 1 0 1 0 0 1 1 0
 0 0 1 1 1 1 0 1 1 0 0 0 1 0 1 1 1 1 1 1 0 0 1 1 0 0]
At  7201/30000: COST 0.273/0.964(0.336) -- Acc 0.880/0.530(0.846)
[0 1 0 0 0 1 0 0 1 0 0 1 0 0 0 0 0 0 1 1 0 0 1 0 1 0 0 0 1 1 1 0 0 1 0 0 0
 0 1 1 0 1 0 0 1 1 0 1 1 0 0 1 0 1 1 0 0 0 0 0 0 1 1 0 1 0 0 0 0 0 0 0 1 0
 1 1 0 0 0 0 1 1 1 1 0 1 1 1 0 1 1 1 1 0 1 1 0 1 0 0]
At  7301/30000: COST 0.517/0.927(0.335) -- Acc 0.770/0.590(0.852)
[1 1 1 0 0 0 0 0 1 0 1 1 1 1 0 1 0 0 1 0 1 0 0 0 1 1 1 1 0 1 0 1 1 1 1 1 0
 0 0 0 1 0 1 0 1 0 0 1 1 0 1 0 0 0 1 1 1 0 1 1 0 1 1 0 0 1 0 0 1 0 0 1 0 0
 0 1 0 0 0 1 1 1 1 0 1 0 1 1 1 0 1 1 1 1 1 1 1 0 1 1]
At  7401/30000: COST 0.365/0.858(0.337) -- Acc 0.850/0.540(0.849)
[1 0 0 1 1 1 0 1 1 0 1 1 0 1 1 1 1 1 1 0 0 1 0 1 1 0 1 1 0 1 1 1 1 0 0 0 0
 1 0 1 0 0 1 1 1 0 1 1 1 0 1 1 1 0 0 1 1 1 0 1 0 1 1 0 1 1 0 1 1 1 0 0 0 1
 1 1 0 0 0 1 0 1 1 1 1 0 0 0 1 1 1 1 1 1 0 1 0 1 0 1]
At  7501/30000: COST 0.430/0.985(0.324) -- Acc 0.790/0.530(0.854)
[1 0 1 1 0 0 0 0 0 1 1 1 0 1 0 0 1 1 1 1 1 1 0 1 1 1 1 1 1 0 0 1 1 1 0 0 0
 0 1 1 1 0 1 1 1 0 0 1 0 1 0 1 1 0 0 0 1 1 0 1 0 1 1 0 1 1 1 1 0 0 0 1 0 1
 1 0 1 0 1 0 1 0 1 1 0 0 1 1 1 1 1 1 1 0 0 1 0 0 0 0]
At  7601/30000: COST 0.251/0.965(0.299) -- Acc 0.890/0.560(0.868)
[0 1 0 1 1 0 0 0 1 0 1 1 0 1 0 1 1 1 0 1 1 1 1 1 0 1 0 0 0 0 1 1 0 1 1 1 0
 1 1 0 1 1 1 1 0 1 0 1 1 1 1 1 1 1 0 1 1 0 0 1 1 0 0 1 1 0 0 0 1 0 0 0 0 1
 0 1 1 1 1 1 0 0 1 1 0 0 0 1 1 0 0 0 1 0 1 0 1 1 0 1]
At  7701/30000: COST 0.335/1.039(0.273) -- Acc 0.870/0.540(0.882)
[1 0 1 0 0 1 0 1 0 1 1 1 1 0 0 1 1 1 0 1 1 1 1 0 0 1 0 0 1 1 1 1 0 0 0 0 0
 0 1 0 0 1 0 1 0 1 1 1 0 0 0 1 0 0 0 0 1 1 0 1 0 0 1 0 0 0 0 0 1 1 1 0 0 1
 1 0 0 0 0 1 0 1 0 1 1 0 1 0 0 0 0 1 1 0 0 1 1 0 1 1]
At  7801/30000: COST 0.245/1.008(0.276) -- Acc 0.910/0.540(0.882)
[1 1 1 1 1 0 0 0 1 1 1 1 1 1 0 1 0 0 0 0 0 0 0 0 1 0 0 0 1 1 1 1 1 1 1 0 0
 1 0 0 1 1 0 0 1 1 0 1 1 0 1 0 1 1 1 1 1 0 1 1 0 0 0 0 1 0 1 0 1 0 1 0 0 1
 0 0 1 0 0 1 1 1 1 0 0 1 0 0 1 0 0 1 1 0 0 0 0 0 1 1]
At  7901/30000: COST 0.211/1.059(0.247) -- Acc 0.920/0.560(0.896)
[1 1 1 0 1 1 0 0 0 0 0 1 0 1 0 0 0 1 1 1 0 0 1 0 0 1 0 1 0 0 0 0 0 0 1 0 0
 0 1 0 1 1 0 1 1 0 0 1 0 1 0 0 0 1 0 1 1 1 0 1 0 0 0 1 1 1 0 1 1 0 0 1 0 0
 1 0 1 1 1 1 0 1 1 1 0 1 1 1 0 1 0 1 0 0 1 1 1 0 0 0]
At  8001/30000: COST 0.242/1.030(0.223) -- Acc 0.910/0.610(0.907)
[1 1 1 0 0 1 0 0 1 1 1 0 1 0 1 0 0 0 1 0 1 0 1 1 0 0 0 1 1 0 0 0 0 1 1 0 1
 1 1 0 0 0 1 1 1 1 1 1 0 0 0 0 1 1 0 1 1 0 1 1 0 0 1 1 1 1 0 0 1 1 1 1 0 0
 0 1 1 0 0 0 0 1 0 1 0 1 1 0 0 0 0 1 0 1 1 0 1 0 1 1]
At  8101/30000: COST 0.292/1.024(0.229) -- Acc 0.840/0.530(0.903)
[1 1 1 0 1 0 0 0 0 0 1 1 1 0 1 0 1 1 1 0 1 0 1 0 1 0 0 1 0 0 1 1 0 1 1 1 1
 1 1 1 0 0 1 1 1 0 1 0 0 0 1 0 1 1 1 0 0 1 1 1 1 1 0 1 1 1 1 1 1 0 0 1 1 0
 0 1 0 1 0 1 1 0 0 1 0 1 1 1 1 1 1 1 1 1 0 1 0 1 1 0]
At  8201/30000: COST 0.275/1.006(0.239) -- Acc 0.890/0.550(0.899)
[1 0 1 1 1 0 1 0 0 1 1 0 0 1 1 1 0 0 0 1 0 1 0 1 1 1 1 1 1 1 0 1 1 1 1 0 1
 1 1 1 1 1 1 1 1 0 0 1 0 0 1 0 1 0 1 1 1 1 1 1 0 0 1 1 1 0 1 1 1 1 0 1 1 1
 0 1 1 1 0 0 1 1 1 0 0 1 1 1 0 1 1 0 0 1 1 1 0 1 0 1]
At  8301/30000: COST 0.165/1.327(0.228) -- Acc 0.930/0.480(0.906)
[0 1 1 1 0 1 1 1 0 1 1 1 0 1 1 0 1 0 1 1 1 1 0 1 1 1 0 0 0 1 0 1 0 1 1 1 1
 1 1 0 0 0 1 1 1 0 1 1 0 0 0 0 1 0 1 1 0 0 0 1 1 1 0 1 0 1 1 0 0 0 1 1 1 0
 1 1 1 1 0 1 1 0 1 0 0 0 1 0 1 1 0 0 1 1 0 1 1 1 1 1]
At  8401/30000: COST 0.152/1.386(0.200) -- Acc 0.950/0.480(0.919)
[0 1 1 0 0 0 1 0 0 1 0 0 1 1 1 1 1 1 0 1 0 1 1 1 0 0 1 1 1 1 0 1 1 1 1 0 1
 1 0 0 1 0 1 1 0 1 0 1 1 0 1 1 1 1 0 1 1 1 1 1 1 1 1 1 0 0 0 0 0 0 0 1 1 1
 1 0 1 0 1 1 1 0 0 0 1 1 0 0 0 1 0 0 1 1 0 1 0 0 1 0]
At  8501/30000: COST 0.212/1.092(0.210) -- Acc 0.910/0.550(0.916)
[0 0 0 0 0 1 1 0 0 0 0 0 1 1 1 1 0 1 1 1 1 0 1 1 1 1 0 0 1 0 1 0 1 1 0 0 0
 1 1 1 0 0 1 1 0 1 1 1 0 1 1 0 0 1 1 0 1 1 1 1 1 0 0 1 1 1 1 1 1 1 0 1 0 1
 1 1 0 0 0 0 0 1 0 0 1 1 1 1 0 1 1 0 0 0 0 0 0 1 1 1]
At  8601/30000: COST 0.148/1.516(0.188) -- Acc 0.920/0.490(0.924)
[0 1 0 1 0 0 1 0 1 1 0 1 1 0 1 1 1 1 0 1 0 0 1 1 1 1 1 1 1 1 0 0 1 0 1 0 0
 1 0 1 1 0 0 1 1 1 1 0 1 1 0 1 0 0 1 0 1 0 1 0 1 0 0 1 1 1 1 1 0 1 0 0 1 1
 0 1 1 0 0 1 0 1 1 0 1 0 0 0 1 0 1 0 1 1 1 1 0 1 0 0]
At  8701/30000: COST 0.167/1.476(0.197) -- Acc 0.940/0.500(0.921)
[0 1 0 1 1 0 0 1 1 0 1 1 1 1 1 0 1 1 0 1 1 1 0 1 0 1 1 0 1 0 1 1 1 0 1 1 0
 1 1 0 0 0 0 0 0 0 0 0 1 1 1 0 0 0 0 0 1 1 0 1 1 0 1 1 1 0 1 1 1 1 1 0 0 1
 1 1 0 1 0 1 0 1 0 0 0 1 1 0 1 0 0 1 1 1 1 1 1 0 1 0]
At  8801/30000: COST 0.127/1.393(0.179) -- Acc 0.960/0.500(0.930)
[1 0 0 1 1 1 0 1 0 1 0 0 0 1 0 1 1 1 1 1 1 1 1 0 0 1 0 0 0 1 0 1 1 1 0 1 0
 1 1 0 0 1 1 1 1 1 0 1 1 0 0 1 1 0 1 0 0 1 1 0 0 1 0 1 0 0 1 0 1 0 0 1 1 0
 1 0 0 1 1 0 0 1 0 1 1 1 0 1 1 1 0 1 1 1 1 1 1 1 0 1]
At  8901/30000: COST 0.154/1.593(0.162) -- Acc 0.970/0.520(0.938)
[1 1 1 0 0 1 1 1 1 1 0 1 1 0 0 0 1 0 0 0 0 1 1 0 1 0 0 0 1 0 1 1 1 1 1 0 1
 1 0 1 1 0 0 0 0 1 0 0 1 1 1 0 1 0 0 1 1 0 1 1 0 0 0 0 1 0 0 0 0 1 0 0 0 0
 1 0 1 1 1 1 1 1 1 1 1 0 1 1 0 0 0 1 0 1 0 0 1 0 1 0]
At  9001/30000: COST 0.165/1.500(0.161) -- Acc 0.940/0.460(0.937)
[0 1 1 0 0 0 0 0 0 1 1 0 0 1 1 1 1 1 1 0 0 1 0 0 1 0 1 0 1 1 0 0 0 1 1 1 0
 1 1 0 1 1 0 1 0 1 1 1 1 1 1 1 0 1 1 1 0 1 1 1 0 1 1 0 1 1 1 1 0 1 1 0 1 0
 1 1 0 1 0 1 0 0 1 0 0 0 1 0 0 1 1 1 0 1 0 0 1 1 0 1]
At  9101/30000: COST 0.209/1.843(0.155) -- Acc 0.920/0.490(0.942)
[0 1 1 1 1 1 1 1 0 1 1 1 1 1 1 1 1 1 0 1 1 1 0 0 1 0 0 1 1 1 1 1 1 0 0 0 1
 1 0 1 1 1 0 0 1 1 1 1 1 0 1 0 0 0 1 0 1 0 0 1 0 0 1 1 0 1 0 0 0 1 1 1 1 0
 1 1 0 1 0 1 0 1 1 1 1 1 0 1 1 1 0 1 1 1 1 1 1 1 1 0]
At  9201/30000: COST 0.144/1.515(0.159) -- Acc 0.950/0.520(0.941)
[0 0 1 1 1 1 0 1 1 1 0 0 0 1 0 0 0 0 1 0 1 1 1 1 1 0 0 1 1 1 0 0 0 1 1 1 0
 1 1 0 1 1 0 0 0 1 0 0 0 0 1 1 1 1 0 0 1 1 0 0 1 0 0 0 1 1 1 0 1 0 1 1 0 1
 0 1 1 0 1 1 0 1 0 1 1 0 1 0 1 1 0 0 1 1 1 0 0 1 0 1]
At  9301/30000: COST 0.235/1.675(0.150) -- Acc 0.940/0.530(0.943)
[1 1 0 1 0 0 1 0 1 1 0 1 1 1 1 1 0 1 1 0 0 0 0 1 0 0 0 1 0 0 1 0 0 1 1 0 1
 0 0 0 1 0 1 1 0 0 0 0 1 1 1 0 1 0 1 1 0 1 1 0 0 1 1 1 0 0 1 1 0 0 1 1 1 1
 0 0 0 1 0 1 1 1 0 1 1 1 1 1 0 0 1 1 1 0 1 0 1 0 1 0]
At  9401/30000: COST 0.145/1.720(0.137) -- Acc 0.930/0.510(0.949)
[0 1 1 1 1 1 1 0 1 1 0 0 1 0 1 0 0 0 0 0 1 0 1 1 1 0 0 1 1 0 0 1 0 1 1 0 0
 1 0 1 0 1 0 1 1 1 1 0 1 1 0 0 1 0 1 1 0 0 1 1 0 1 1 1 1 0 1 0 0 1 1 0 1 1
 1 0 0 0 0 1 1 1 0 0 1 1 0 0 1 1 0 0 0 0 0 0 1 0 0 1]
At  9501/30000: COST 0.061/1.554(0.131) -- Acc 0.990/0.510(0.950)
[1 0 1 0 1 0 0 1 1 1 1 0 0 0 0 1 1 0 1 1 0 0 1 1 0 0 0 0 1 0 1 1 0 0 1 0 0
 1 0 1 0 0 0 0 1 0 0 0 1 1 1 0 0 1 0 0 0 0 1 1 1 1 1 1 0 1 1 0 1 1 0 1 1 0
 1 1 0 0 1 1 1 0 0 0 1 0 0 1 1 1 1 0 1 1 0 0 1 1 1 1]
At  9601/30000: COST 0.114/1.694(0.133) -- Acc 0.940/0.490(0.950)
[0 0 0 1 0 1 1 0 1 0 1 1 0 1 1 0 1 0 0 1 0 1 0 0 1 0 0 1 1 0 0 1 1 0 0 1 1
 1 1 1 1 1 1 0 1 0 0 1 1 1 0 0 1 0 1 0 1 1 0 0 1 0 1 1 1 0 0 0 1 0 1 1 0 0
 0 0 0 1 1 1 1 0 1 1 1 0 1 0 0 0 1 1 1 0 0 1 0 0 1 0]
At  9701/30000: COST 0.089/1.577(0.130) -- Acc 0.970/0.530(0.952)
[0 1 0 0 0 1 1 0 1 1 0 1 0 1 0 1 1 0 0 1 0 0 0 0 1 0 0 0 1 0 1 1 1 0 1 1 0
 0 0 1 1 0 1 1 0 0 0 0 1 0 1 0 1 0 1 0 1 1 1 1 1 0 1 1 0 1 1 0 1 1 0 0 1 1
 1 1 0 1 1 0 1 1 0 1 1 0 1 0 1 0 0 0 1 0 1 0 1 1 1 1]
At  9801/30000: COST 0.110/1.540(0.128) -- Acc 0.960/0.470(0.953)
[1 1 1 0 1 1 0 1 1 1 0 1 1 0 0 1 0 0 1 1 0 0 1 0 1 0 1 0 1 0 0 1 0 1 1 1 1
 1 0 0 1 0 1 0 0 1 1 0 0 1 1 0 1 0 0 1 1 0 1 1 0 0 1 0 1 0 0 0 0 1 0 0 0 0
 0 1 0 1 1 1 1 1 1 0 0 1 1 1 0 1 1 1 1 1 0 0 1 1 0 0]
At  9901/30000: COST 0.065/1.918(0.135) -- Acc 0.980/0.470(0.951)
[1 0 0 0 0 1 1 0 0 0 0 0 1 1 0 0 1 1 0 0 0 0 0 0 1 1 1 0 1 1 1 1 1 1 0 1 1
 0 1 1 0 1 1 1 1 1 0 1 1 0 1 1 1 0 1 1 0 0 0 0 0 0 1 1 1 0 0 1 0 1 1 0 0 1
 1 0 0 1 1 1 1 0 0 1 0 1 0 1 0 0 1 1 0 1 0 1 0 0 0 1]
At 10001/30000: COST 0.169/1.584(0.144) -- Acc 0.950/0.490(0.948)
[1 1 0 0 1 1 1 0 1 1 1 1 1 0 0 1 0 1 0 1 0 1 0 0 1 1 0 1 1 0 0 1 1 1 0 1 1
 1 1 1 0 1 1 0 1 0 0 0 0 1 0 1 1 0 1 1 0 0 0 0 0 1 0 1 1 1 1 0 1 1 0 1 0 1
 1 0 1 0 0 0 1 1 1 1 1 0 0 0 0 0 1 1 1 1 0 1 0 1 0 0]
At 10101/30000: COST 0.077/2.050(0.126) -- Acc 0.980/0.490(0.955)
[0 1 1 0 0 1 1 0 1 1 0 0 1 1 1 1 1 0 0 0 0 0 0 1 1 1 1 1 1 1 1 0 1 1 0 0 1
 0 1 1 0 0 0 0 0 1 0 0 0 0 1 1 1 0 1 1 1 1 0 1 0 0 0 0 1 1 0 1 0 1 1 0 1 0
 1 0 1 1 1 1 0 0 1 1 1 0 0 0 0 1 1 1 1 1 1 1 1 1 1 0]
At 10201/30000: COST 0.123/2.171(0.102) -- Acc 0.960/0.500(0.965)
[1 1 1 1 1 0 1 1 0 1 1 1 1 0 1 0 0 1 0 0 1 0 1 1 1 1 0 0 1 0 0 1 0 0 0 1 0
 0 1 1 1 0 1 1 1 0 1 1 1 0 1 1 1 0 1 0 0 1 0 1 0 1 1 1 0 0 1 0 1 0 0 1 1 0
 0 0 0 1 0 0 1 1 1 0 1 0 1 1 0 1 1 1 1 1 1 0 0 1 0 1]
At 10301/30000: COST 0.103/2.223(0.114) -- Acc 0.950/0.490(0.959)
[1 1 1 0 1 1 0 0 0 1 0 1 0 1 0 1 1 1 1 0 1 1 0 1 1 0 1 0 0 1 1 1 0 1 0 1 0
 1 0 0 1 1 1 1 1 0 1 1 1 0 1 1 0 1 0 0 0 0 0 1 0 0 0 0 1 1 1 1 1 0 1 1 1 0
 1 0 1 1 1 1 1 0 0 1 1 1 0 1 0 1 0 1 0 0 0 1 1 1 0 1]
At 10401/30000: COST 0.083/2.396(0.108) -- Acc 0.960/0.460(0.961)
[0 0 1 1 1 0 1 0 1 1 0 0 1 0 1 0 1 1 0 0 1 1 0 1 0 1 0 1 1 1 1 0 0 1 0 0 0
 0 1 1 1 1 1 1 1 1 1 0 1 1 1 0 0 1 1 1 1 1 0 0 1 1 1 1 1 1 1 0 0 0 0 1 0 1
 1 0 1 0 1 0 0 1 0 1 0 1 1 1 1 1 0 1 0 0 1 1 1 0 0 1]
At 10501/30000: COST 0.087/2.160(0.103) -- Acc 0.980/0.490(0.963)
[0 0 0 1 1 1 1 0 1 0 1 0 1 1 0 1 1 1 1 1 0 1 0 1 0 0 1 0 0 0 0 1 0 1 1 1 1
 0 0 1 0 1 1 0 0 0 1 1 1 1 0 1 1 1 0 1 1 1 1 0 1 0 1 0 1 1 1 0 1 0 0 0 1 0
 1 1 1 1 1 0 0 1 0 1 0 0 1 1 0 0 1 1 0 0 0 1 1 1 0 0]
At 10601/30000: COST 0.074/2.286(0.096) -- Acc 0.970/0.510(0.967)
[0 1 0 1 0 1 0 1 0 0 1 1 1 1 1 0 1 1 1 1 0 1 1 1 0 1 0 1 0 1 1 0 0 0 1 1 1
 1 0 0 1 1 1 0 1 0 0 1 0 0 1 0 1 0 1 1 0 1 1 1 0 1 0 1 0 1 0 1 1 0 1 1 1 1
 1 1 0 0 1 1 1 0 1 1 0 1 0 1 1 1 1 1 1 1 1 0 0 1 1 1]
At 10701/30000: COST 0.109/2.317(0.091) -- Acc 0.960/0.510(0.969)
[0 0 0 0 0 0 1 1 1 1 0 1 1 1 1 0 1 0 1 0 0 1 1 0 1 0 1 0 0 1 0 1 1 0 1 1 1
 1 1 1 1 1 0 1 0 1 0 0 1 1 0 1 1 1 1 1 1 0 1 0 0 1 0 0 0 1 0 1 0 1 1 0 0 1
 1 1 1 1 0 1 0 1 1 0 0 1 0 0 0 1 1 1 1 1 0 1 0 1 1 1]
At 10801/30000: COST 0.066/2.582(0.074) -- Acc 0.970/0.500(0.976)
[1 1 1 1 1 1 1 0 1 1 1 1 1 1 0 0 1 1 1 1 1 0 1 0 1 0 1 0 0 1 0 1 1 0 1 1 1
 1 0 0 0 1 1 1 0 1 1 0 0 1 1 0 1 1 0 0 1 1 1 1 1 0 1 0 1 1 0 0 0 1 1 0 1 1
 1 1 0 0 1 1 0 0 0 1 0 1 1 1 0 0 1 1 0 1 0 0 0 1 0 1]
At 10901/30000: COST 0.029/2.516(0.074) -- Acc 0.990/0.490(0.975)
[0 1 1 1 1 1 0 1 1 1 1 1 0 1 0 1 0 0 1 1 1 1 1 1 0 0 1 1 0 1 1 1 1 1 1 0 1
 1 1 1 1 0 1 1 0 1 1 1 1 1 0 0 0 1 0 1 1 1 0 1 1 1 0 1 0 0 1 1 0 1 0 1 1 0
 0 1 1 1 0 0 0 1 0 1 1 0 1 1 1 1 0 0 0 0 1 1 1 1 1 0]
At 11001/30000: COST 0.112/2.183(0.075) -- Acc 0.950/0.550(0.974)
[1 0 1 0 0 0 0 1 1 1 1 0 1 1 1 1 1 1 1 0 0 1 0 1 1 1 0 1 0 1 1 1 0 1 0 0 1
 0 1 0 1 0 1 1 0 1 1 0 0 1 0 1 1 0 1 1 1 1 0 0 0 1 0 1 0 1 0 1 1 0 1 0 1 0
 1 0 0 1 0 0 0 1 1 0 0 1 1 0 1 1 0 1 0 1 1 0 1 0 1 1]
At 11101/30000: COST 0.115/1.875(0.107) -- Acc 0.970/0.500(0.962)
[0 1 1 1 1 1 1 0 0 1 0 1 1 1 1 1 0 0 1 1 1 0 0 1 0 1 0 1 1 0 0 1 1 1 0 0 1
 0 1 1 0 1 0 1 1 1 1 1 1 0 0 0 0 1 1 0 1 1 1 0 1 0 0 0 0 1 1 0 1 1 0 1 0 1
 1 0 1 1 0 0 1 0 0 0 1 1 1 0 1 0 1 1 1 0 0 1 1 0 0 0]
At 11201/30000: COST 0.078/2.389(0.111) -- Acc 0.950/0.480(0.959)
[1 0 0 0 0 1 1 1 1 1 0 1 0 0 1 0 1 0 0 1 1 0 0 1 1 1 0 0 0 0 0 1 0 0 1 1 0
 0 0 1 0 1 0 1 1 1 0 1 1 1 1 1 1 1 1 0 0 0 1 1 0 0 1 1 0 0 1 1 0 0 1 1 1 0
 0 1 1 1 1 1 1 1 1 0 1 0 0 0 0 1 1 0 0 0 1 0 0 1 1 0]
At 11301/30000: COST 0.043/2.141(0.084) -- Acc 0.990/0.480(0.971)
[1 1 0 0 1 1 1 1 1 1 1 1 1 0 1 1 0 1 1 0 1 1 0 0 1 1 0 0 0 1 1 0 0 1 1 1 1
 1 1 0 1 0 1 1 0 1 0 1 1 1 1 0 0 0 0 1 1 1 1 0 0 1 1 1 0 0 1 1 1 1 0 1 0 0
 1 1 0 1 1 0 0 1 1 1 1 0 0 1 1 1 1 0 0 1 0 0 1 0 1 0]
At 11401/30000: COST 0.033/2.421(0.060) -- Acc 0.990/0.490(0.980)
[0 1 1 0 1 0 1 0 1 0 1 0 0 1 0 1 0 0 1 1 1 0 1 0 1 1 0 1 0 1 1 1 0 0 0 1 1
 0 1 0 1 1 1 0 0 0 0 0 0 0 0 0 1 1 1 0 1 0 1 1 1 0 0 1 0 0 0 1 0 1 1 1 0 1
 1 1 1 0 0 1 1 0 0 1 1 1 1 0 1 1 0 1 0 0 1 1 1 1 0 1]
At 11501/30000: COST 0.282/2.114(0.065) -- Acc 0.890/0.490(0.979)
[1 0 1 1 1 1 1 1 1 0 0 1 1 1 0 0 1 0 1 1 0 1 0 0 1 1 0 0 0 0 1 0 1 0 1 1 0
 1 1 0 1 1 1 1 0 0 1 0 1 1 1 0 1 0 1 0 1 0 1 1 0 1 1 0 1 1 1 1 1 0 0 0 0 1
 1 1 1 1 0 1 1 1 1 0 0 1 0 0 1 1 1 1 0 1 0 1 0 1 1 0]
At 11601/30000: COST 0.148/1.826(0.112) -- Acc 0.950/0.480(0.962)
[1 1 0 1 0 0 1 1 1 0 0 1 1 0 1 0 0 0 1 1 1 0 1 1 1 1 1 1 0 1 0 1 1 1 0 1 0
 1 1 0 1 0 1 1 0 0 1 0 0 1 0 0 0 1 1 1 0 0 0 0 0 1 0 0 1 1 1 1 1 1 0 1 1 0
 1 1 1 1 0 1 1 0 1 1 0 1 0 0 1 0 1 0 0 0 1 1 0 1 1 1]
At 11701/30000: COST 0.085/2.074(0.094) -- Acc 0.970/0.510(0.968)
[0 0 0 1 1 0 1 0 1 0 1 1 1 0 0 1 1 0 0 1 1 1 0 1 0 0 1 1 0 0 0 1 0 1 0 1 1
 1 1 1 0 1 1 1 0 0 0 0 1 0 1 0 0 1 1 1 0 0 1 1 1 0 1 0 1 0 0 1 1 0 0 0 0 0
 1 0 1 1 1 1 0 1 0 1 0 1 1 0 0 0 0 0 0 0 1 1 1 0 1 0]
At 11801/30000: COST 0.092/2.054(0.085) -- Acc 0.970/0.470(0.972)
[1 0 1 1 0 1 1 1 1 0 1 1 1 0 1 0 1 0 0 0 0 0 1 0 1 1 1 1 1 1 0 1 1 1 0 1 0
 0 1 1 1 0 1 1 1 0 1 1 1 0 1 1 1 0 1 1 1 0 1 1 0 1 0 1 1 0 1 0 0 1 1 1 0 0
 1 1 1 1 0 1 1 1 0 1 0 1 1 0 0 1 0 0 1 0 0 0 1 0 1 0]
At 11901/30000: COST 0.089/2.253(0.118) -- Acc 0.980/0.480(0.963)
[1 1 0 1 0 1 1 0 0 1 1 1 1 0 1 1 1 0 0 1 1 1 1 0 0 0 0 1 1 1 0 1 1 0 0 1 0
 1 0 1 1 1 1 0 0 0 0 1 1 0 1 0 0 0 1 0 0 0 1 0 1 0 0 0 0 0 1 0 1 1 0 1 1 0
 0 0 0 0 0 1 1 1 0 0 1 0 1 1 1 0 1 1 1 0 0 1 1 1 0 0]
At 12001/30000: COST 0.099/2.292(0.115) -- Acc 0.970/0.400(0.963)
[1 0 0 1 0 1 1 1 1 1 1 0 1 1 0 1 0 1 1 1 0 0 1 0 0 0 1 0 1 1 1 0 1 0 1 1 0
 1 0 0 0 0 1 0 1 0 1 1 1 1 1 1 0 0 0 1 0 0 1 0 0 1 1 0 1 1 1 0 1 1 1 1 1 1
 1 1 0 0 1 1 1 1 0 1 1 1 0 1 1 1 0 1 1 1 1 0 0 1 1 0]
At 12101/30000: COST 0.194/2.739(0.095) -- Acc 0.950/0.450(0.971)
[0 1 0 1 1 1 1 1 1 1 0 0 1 1 0 1 0 0 0 1 0 1 1 1 1 1 1 1 1 1 1 0 1 0 1 0 0
 0 1 1 1 0 1 0 0 0 0 0 0 0 1 1 1 1 1 1 0 0 1 0 1 1 1 1 1 1 1 0 1 0 0 1 1 1
 1 1 1 0 0 1 1 0 1 1 1 1 1 1 1 1 1 0 0 0 0 0 1 0 1 1]
At 12201/30000: COST 0.171/2.181(0.096) -- Acc 0.950/0.540(0.969)
[0 0 1 0 0 1 1 1 1 0 0 1 1 0 0 0 1 0 0 1 1 1 1 1 0 1 1 0 0 1 1 1 1 0 0 0 0
 1 1 1 1 1 0 0 1 1 1 0 0 0 0 0 0 0 0 0 1 0 0 0 1 1 0 1 0 1 1 0 0 0 1 1 0 1
 0 0 0 0 1 1 0 1 1 0 0 1 0 1 0 1 0 1 0 1 1 1 1 1 1 1]
At 12301/30000: COST 0.038/2.561(0.089) -- Acc 0.990/0.480(0.973)
[1 0 0 1 0 1 1 0 1 0 0 0 1 1 1 1 1 0 0 1 1 1 0 1 1 1 1 1 0 1 1 1 0 0 1 1 1
 1 0 1 1 0 0 0 1 0 1 1 0 0 0 1 1 0 0 0 0 1 1 0 0 1 1 1 1 0 0 1 0 1 0 1 1 1
 0 0 1 0 0 0 0 0 1 1 1 1 1 0 0 0 1 0 0 1 0 1 1 0 1 1]
At 12401/30000: COST 0.043/3.054(0.080) -- Acc 0.990/0.460(0.976)
[1 1 0 1 1 1 1 1 0 1 1 1 0 1 0 1 1 0 1 1 1 1 1 1 0 0 0 1 1 1 0 0 1 1 1 0 1
 1 1 1 1 0 0 1 1 0 0 0 1 1 1 1 0 1 1 0 1 1 0 0 1 0 1 1 1 1 0 1 0 1 1 0 1 1
 0 0 1 0 1 0 0 1 0 1 1 1 1 1 1 0 0 1 1 1 0 1 1 1 1 1]
At 12501/30000: COST 0.033/2.858(0.061) -- Acc 0.990/0.460(0.982)
[0 1 1 1 1 1 0 0 0 0 1 1 1 1 1 1 0 1 1 1 1 1 0 1 0 1 1 0 1 1 1 1 1 0 0 0 1
 0 0 0 0 0 1 1 0 1 1 1 0 1 0 1 0 0 1 0 1 0 1 1 1 1 1 0 0 1 0 1 0 1 0 0 0 0
 0 1 0 0 0 1 0 0 1 1 1 0 0 1 0 0 1 1 0 0 1 1 0 1 0 1]
At 12601/30000: COST 0.045/2.614(0.057) -- Acc 0.980/0.490(0.983)
[1 1 0 0 1 0 0 1 0 0 1 1 1 1 0 1 0 1 0 1 1 1 0 0 1 0 1 0 0 1 1 1 0 0 0 1 1
 0 0 0 1 0 0 1 0 0 0 1 1 0 1 1 1 0 0 1 1 1 0 0 0 1 1 1 0 0 1 0 1 0 1 0 0 0
 0 0 1 1 0 1 1 1 0 1 1 0 1 1 1 0 0 1 0 1 1 1 0 0 1 1]
At 12701/30000: COST 0.076/2.409(0.089) -- Acc 0.970/0.450(0.971)
[1 1 0 0 1 0 1 1 1 1 0 1 0 1 1 1 1 1 1 1 1 1 0 1 0 1 0 1 1 0 0 0 1 1 1 1 1
 0 0 1 1 0 0 0 0 1 0 1 1 1 0 1 0 1 0 1 0 0 1 1 1 1 0 1 1 1 1 1 1 1 0 0 0 1
 0 1 1 1 1 1 0 1 1 1 0 1 1 0 0 1 0 1 1 1 1 1 0 1 0 0]
At 12801/30000: COST 0.194/2.427(0.105) -- Acc 0.950/0.510(0.965)
[1 1 1 1 0 0 1 0 1 1 1 0 1 0 1 1 1 1 1 0 1 1 0 1 0 0 0 1 0 0 1 0 1 1 1 0 0
 0 0 0 1 1 1 0 1 1 1 0 0 1 1 0 0 0 1 0 0 1 0 0 0 0 1 1 0 1 1 1 1 1 0 1 1 0
 1 1 1 1 1 1 1 0 1 0 1 0 1 0 0 0 0 1 1 1 1 1 0 1 0 0]
At 12901/30000: COST 0.034/2.793(0.093) -- Acc 0.990/0.460(0.969)
[0 0 1 0 0 1 1 0 1 1 1 1 0 0 0 1 1 0 1 0 1 1 1 1 1 1 1 1 1 1 0 1 1 1 1 1 0
 1 1 0 1 1 0 1 0 1 0 1 1 0 1 0 0 0 1 1 0 1 1 0 1 0 1 1 0 0 0 1 1 1 0 1 1 1
 1 0 0 1 1 1 0 1 0 0 1 0 1 1 0 1 0 1 1 0 0 1 0 0 1 1]
At 13001/30000: COST 0.048/2.602(0.086) -- Acc 0.980/0.480(0.973)
[1 0 0 1 1 0 1 0 0 0 1 1 1 0 1 0 1 1 1 1 0 1 1 0 0 0 0 0 0 0 0 0 0 1 0 1 1
 1 1 0 1 1 0 0 0 1 0 1 0 1 0 1 1 1 0 1 0 0 0 1 1 1 0 1 1 0 1 1 1 1 1 0 1 0
 1 1 0 1 1 0 1 1 1 1 1 1 1 0 1 1 0 0 1 0 1 1 0 0 0 1]
At 13101/30000: COST 0.022/2.656(0.062) -- Acc 0.990/0.510(0.980)
[1 0 1 1 1 1 0 1 1 0 0 1 1 0 0 1 1 0 1 0 0 1 0 0 1 0 1 0 1 0 0 1 1 0 1 0 0
 0 1 1 1 1 0 1 0 1 1 1 1 0 0 1 0 0 1 1 0 1 1 1 0 0 1 0 1 0 0 1 0 0 1 1 0 0
 1 0 1 1 1 1 1 1 1 0 1 1 1 1 1 0 0 1 0 0 1 0 0 1 1 1]
At 13201/30000: COST 0.143/3.127(0.087) -- Acc 0.950/0.500(0.973)
[0 0 1 1 1 1 0 1 1 0 0 1 1 0 1 0 0 1 0 1 0 0 1 1 0 1 1 1 1 1 0 0 1 0 1 0 1
 1 1 1 0 1 0 1 1 1 1 0 1 0 1 0 0 1 1 1 1 1 1 1 1 1 1 0 1 0 0 0 1 0 1 1 1 0
 0 0 1 1 0 1 1 0 1 1 1 1 0 1 0 1 0 0 0 1 0 1 0 0 0 0]
At 13301/30000: COST 0.078/2.376(0.115) -- Acc 0.970/0.490(0.962)
[0 1 1 1 0 0 1 1 1 1 1 1 1 1 1 1 0 1 0 0 0 1 0 1 0 1 0 1 1 0 0 0 1 0 0 0 1
 1 1 0 0 0 1 0 0 1 1 0 1 0 0 0 1 1 1 1 1 1 0 1 0 0 1 1 1 0 0 1 1 0 1 1 1 1
 0 0 0 0 0 1 0 1 1 1 0 0 1 1 1 1 0 0 0 1 0 0 0 0 1 1]
At 13401/30000: COST 0.043/2.823(0.093) -- Acc 0.980/0.470(0.970)
[1 0 1 1 0 0 1 1 0 0 0 1 0 0 0 0 1 1 1 0 1 0 1 0 1 1 1 0 1 0 0 1 1 1 1 1 0
 1 0 1 1 0 0 0 1 1 0 1 1 1 1 1 0 0 0 1 1 0 0 0 0 0 0 0 1 1 0 0 1 1 0 1 0 1
 0 0 1 0 1 1 0 1 0 1 1 1 1 1 1 1 1 1 0 1 1 1 1 1 1 1]
At 13501/30000: COST 0.036/2.927(0.074) -- Acc 0.990/0.450(0.977)
[1 0 1 1 0 1 0 0 1 1 0 0 0 0 0 0 0 0 1 0 1 0 0 1 0 1 0 0 1 0 0 1 1 0 1 1 1
 1 0 1 1 0 1 0 1 0 1 0 1 0 0 0 1 1 0 1 1 1 0 0 1 1 0 1 1 1 0 1 1 1 1 1 0 1
 0 1 1 0 1 1 1 0 1 0 1 0 1 0 0 1 0 1 0 1 1 0 0 1 1 1]
At 13601/30000: COST 0.082/2.426(0.072) -- Acc 0.970/0.470(0.978)
[0 0 0 1 0 1 1 0 0 1 1 1 0 0 1 1 1 1 0 1 0 1 1 1 1 1 0 0 1 1 1 0 1 0 0 0 1
 0 0 0 1 0 1 1 0 0 0 0 1 0 1 1 1 1 0 0 0 0 0 0 1 0 1 0 0 1 1 1 1 0 0 1 0 0
 0 0 0 0 1 0 0 1 1 1 0 1 1 1 1 1 1 1 0 0 1 1 1 0 1 1]
At 13701/30000: COST 0.066/2.249(0.072) -- Acc 0.990/0.530(0.978)
[0 1 1 0 0 0 0 1 0 0 1 0 1 1 0 0 1 1 0 0 1 1 1 0 1 0 1 1 1 1 0 0 1 0 0 0 1
 1 0 1 1 0 0 1 1 0 0 0 0 1 1 1 1 1 0 1 1 1 1 1 0 1 1 0 0 1 0 1 0 0 1 0 1 0
 1 0 0 1 0 1 1 1 0 0 1 1 0 1 0 0 0 1 1 1 0 1 1 1 1 1]
At 13801/30000: COST 0.045/2.768(0.056) -- Acc 0.980/0.500(0.983)
[1 1 0 1 0 1 1 0 1 1 1 1 0 1 0 1 1 0 1 0 0 0 1 0 1 1 1 1 1 1 1 1 1 0 0 0 0
 1 0 1 1 1 0 1 1 1 1 1 1 0 1 0 0 1 0 0 0 1 1 1 1 0 0 1 1 1 1 1 1 1 0 1 1 0
 1 0 0 1 0 1 1 0 0 0 1 1 0 1 0 0 1 0 1 0 0 0 0 1 1 0]
At 13901/30000: COST 0.025/2.658(0.039) -- Acc 0.990/0.520(0.988)
[1 1 0 1 1 1 1 0 1 1 1 1 0 0 1 1 1 0 0 0 0 1 0 1 0 0 1 1 0 1 0 0 0 0 0 0 0
 0 0 0 0 1 1 0 1 1 1 1 0 1 1 0 1 1 1 1 1 0 1 1 0 0 0 0 0 1 0 0 1 1 1 1 1 1
 1 0 1 1 1 0 1 1 1 1 1 1 0 0 1 0 1 1 1 0 1 0 1 0 1 0]
At 14001/30000: COST 0.018/2.824(0.044) -- Acc 0.990/0.500(0.987)
[1 1 0 0 0 0 0 0 1 0 0 1 1 0 1 1 1 1 0 1 1 1 1 1 0 0 1 0 0 1 0 1 1 1 1 0 0
 1 1 0 1 0 1 0 1 0 1 1 0 1 0 0 0 1 0 0 1 0 0 0 0 0 1 0 1 1 1 0 0 1 1 1 1 1
 1 0 1 1 1 1 1 1 1 1 1 0 0 1 0 0 0 1 1 1 0 1 1 0 1 0]
At 14101/30000: COST 0.131/2.401(0.083) -- Acc 0.970/0.530(0.974)
[1 1 0 1 0 1 1 1 1 0 1 1 1 1 0 0 0 0 1 1 0 1 0 0 0 1 1 0 1 1 0 1 0 1 1 1 1
 0 1 1 0 1 0 0 1 1 1 1 1 0 1 1 0 0 1 1 1 0 1 1 1 1 0 0 1 1 0 1 0 1 0 1 1 0
 1 1 0 0 1 1 1 1 1 1 1 1 1 1 1 1 0 1 1 0 1 0 1 0 1 1]
At 14201/30000: COST 0.060/2.561(0.070) -- Acc 0.980/0.510(0.978)
[1 0 1 1 0 0 0 1 1 0 1 1 1 0 1 0 1 1 0 1 1 0 0 0 1 0 1 1 1 1 1 0 1 0 1 1 1
 0 1 0 0 1 1 1 1 1 0 1 0 0 0 1 0 1 1 0 1 1 0 1 0 1 1 1 1 0 1 0 1 1 0 0 1 1
 1 0 1 1 0 1 1 0 1 0 0 0 1 0 1 1 1 0 1 1 1 1 1 0 1 0]
At 14301/30000: COST 0.058/2.536(0.059) -- Acc 0.990/0.520(0.982)
[0 1 1 0 0 0 0 0 0 0 1 1 0 0 1 1 1 1 1 1 0 1 1 0 0 0 1 0 1 0 1 0 0 1 1 0 1
 0 1 1 1 0 0 0 1 0 1 0 0 0 0 1 0 1 1 0 1 0 1 0 1 1 1 1 0 0 0 0 0 1 0 1 0 1
 1 1 1 1 1 1 1 0 1 1 0 1 1 1 0 1 1 1 0 0 1 1 1 1 1 0]
At 14401/30000: COST 0.029/2.866(0.060) -- Acc 0.980/0.500(0.980)
[0 1 1 0 0 1 1 1 1 1 1 0 1 1 0 1 0 1 1 1 1 0 1 1 0 1 1 1 1 1 0 0 1 1 1 0 0
 1 1 1 0 1 0 0 1 0 1 1 1 1 0 1 1 0 0 0 1 1 1 0 0 1 0 1 1 0 0 0 1 1 0 1 1 0
 1 0 1 0 0 1 0 1 1 1 1 0 1 0 1 0 1 1 1 1 1 1 1 1 1 0]
At 14501/30000: COST 0.113/2.694(0.071) -- Acc 0.970/0.530(0.978)
[0 1 0 1 0 1 0 1 1 1 0 1 1 1 0 0 1 0 1 0 1 1 1 0 1 0 1 0 1 1 1 1 1 1 1 1 0
 1 0 0 1 0 1 1 0 0 0 0 0 0 0 1 0 1 0 1 0 0 1 1 0 1 1 0 1 0 1 1 1 0 0 0 1 1
 1 1 0 1 1 1 1 1 1 0 1 1 1 1 0 1 1 0 0 1 0 1 1 1 0 1]
At 14601/30000: COST 0.106/3.102(0.059) -- Acc 0.970/0.490(0.982)
[0 0 1 1 0 0 0 1 1 1 1 1 1 1 1 1 1 0 0 1 0 1 1 0 0 0 1 1 1 1 0 0 1 1 0 0 0
 1 1 1 1 1 0 1 1 1 0 0 0 1 1 1 0 1 0 0 1 1 1 1 1 0 1 0 0 0 1 1 0 1 1 1 1 0
 1 1 1 1 1 0 1 0 0 1 0 0 1 1 1 0 1 1 0 0 0 1 1 1 1 1]
At 14701/30000: COST 0.041/2.599(0.064) -- Acc 0.990/0.450(0.981)
[0 1 1 0 0 1 0 1 1 0 0 0 1 1 1 1 1 0 0 1 1 0 0 0 1 1 1 0 1 1 1 1 0 0 0 1 0
 1 0 0 1 1 1 1 0 1 1 1 1 0 1 1 1 1 0 1 0 1 0 0 1 1 1 0 1 0 0 0 1 1 1 0 1 0
 0 0 1 0 0 1 1 0 1 1 1 0 0 1 0 1 1 1 0 1 0 0 1 0 0 1]
At 14801/30000: COST 0.020/2.533(0.060) -- Acc 0.990/0.550(0.982)
[1 1 1 0 1 1 1 0 1 1 1 1 0 1 0 0 1 0 0 1 1 0 1 0 1 0 1 1 1 1 1 0 0 1 1 1 0
 1 1 1 1 1 1 0 1 1 1 1 1 1 0 1 1 1 0 1 1 0 1 0 1 0 1 1 1 0 1 1 0 1 1 1 0 1
 1 1 1 0 0 1 0 0 1 0 1 0 1 1 0 1 0 0 1 1 1 1 1 1 1 1]
At 14901/30000: COST 0.103/2.513(0.063) -- Acc 0.940/0.540(0.980)
[1 0 1 1 1 1 0 1 0 1 1 1 0 0 0 0 1 1 1 0 1 1 1 0 1 0 0 1 1 1 1 0 1 0 0 1 0
 1 0 1 1 0 1 0 0 1 1 1 0 1 0 1 0 0 1 1 0 1 0 0 1 1 1 0 1 0 1 1 1 0 0 0 1 1
 0 1 1 0 1 1 0 1 0 1 1 1 0 1 0 1 1 1 0 0 1 0 0 0 0 0]
At 15001/30000: COST 0.018/2.809(0.058) -- Acc 1.000/0.530(0.982)
[0 1 0 1 1 1 1 1 1 0 1 1 0 1 1 1 1 0 0 0 0 0 1 0 1 0 0 0 0 0 1 1 1 1 0 1 0
 0 0 1 1 1 1 1 1 1 1 1 1 0 1 1 1 1 1 1 1 0 1 1 0 0 0 0 1 1 1 1 0 0 1 1 1 1
 1 1 1 0 0 1 0 1 1 1 0 1 0 0 1 1 1 1 1 0 1 1 1 1 0 1]
At 15101/30000: COST 0.245/2.864(0.070) -- Acc 0.940/0.520(0.978)
[0 0 0 0 1 1 0 0 0 0 0 0 1 1 0 0 1 0 1 0 1 0 1 0 1 1 1 1 0 1 0 1 1 0 1 1 1
 0 0 1 1 1 0 0 0 1 0 1 0 1 0 1 1 0 1 1 0 0 1 0 1 1 1 1 0 1 1 1 1 1 0 1 0 1
 1 0 1 0 1 1 0 1 1 1 0 1 1 1 1 1 1 0 1 1 1 1 1 0 1 1]
At 15201/30000: COST 0.059/2.399(0.078) -- Acc 0.990/0.530(0.976)
[1 1 0 1 0 1 1 1 1 0 0 1 1 0 0 1 1 0 0 1 1 1 1 1 1 1 1 1 0 0 1 1 1 1 1 0 1
 1 1 1 1 1 1 1 1 0 0 1 1 1 0 0 1 1 1 0 0 0 1 1 1 1 0 0 1 1 0 1 1 1 0 1 0 0
 1 1 1 1 0 1 1 1 1 1 0 0 1 0 0 1 1 1 0 0 1 0 1 1 1 1]
At 15301/30000: COST 0.140/2.758(0.076) -- Acc 0.980/0.490(0.977)
[1 1 1 1 1 0 0 1 1 0 0 1 1 0 0 1 1 1 1 1 1 1 1 1 1 1 1 1 1 0 0 1 0 1 1 1 0
 1 0 1 1 0 1 1 1 0 1 0 0 1 1 1 1 1 1 0 1 0 0 0 0 1 1 0 1 0 0 0 1 0 0 1 0 0
 1 1 1 1 1 1 1 0 1 0 0 1 1 0 1 1 1 1 1 1 1 1 1 1 0 1]
At 15401/30000: COST 0.058/2.466(0.068) -- Acc 0.980/0.520(0.978)
[1 0 1 1 0 0 0 1 1 1 1 1 0 1 1 1 1 1 1 1 0 0 0 0 1 0 1 1 1 1 1 0 0 1 0 1 0
 0 1 0 0 1 1 1 0 0 1 0 0 0 1 1 0 0 0 0 0 1 0 1 1 0 1 1 1 1 1 1 0 1 0 1 0 0
 0 1 1 1 1 0 0 0 1 0 0 1 1 1 1 1 0 1 0 0 1 1 1 1 1 1]
At 15501/30000: COST 0.015/2.811(0.076) -- Acc 1.000/0.450(0.976)
[1 1 0 1 0 0 1 1 1 0 0 1 1 0 0 1 1 1 1 1 1 1 1 1 1 1 1 0 1 1 0 0 1 1 1 1 1
 0 0 1 0 1 0 0 1 1 1 1 0 0 0 0 1 1 1 0 1 1 0 0 1 0 1 1 1 1 0 1 1 1 0 1 1 1
 1 1 1 1 0 1 1 1 1 0 1 0 1 0 1 0 1 0 1 0 1 0 1 0 0 0]
At 15601/30000: COST 0.062/2.649(0.069) -- Acc 0.970/0.510(0.978)
[1 0 1 0 1 0 1 1 1 1 1 1 0 1 0 0 1 0 1 1 1 1 1 1 0 1 0 1 1 1 0 0 0 1 1 1 1
 1 0 1 0 0 1 1 0 0 1 1 1 1 0 1 1 1 1 0 0 0 0 1 1 1 1 1 0 1 0 0 0 1 1 1 1 1
 1 1 1 1 1 0 1 0 0 1 0 1 0 0 1 0 1 1 0 1 1 0 0 1 0 1]
At 15701/30000: COST 0.033/3.581(0.058) -- Acc 0.980/0.520(0.983)
[0 0 1 1 0 1 1 1 1 1 0 1 0 1 1 1 0 1 0 0 0 0 1 1 1 0 1 1 1 0 0 1 1 1 1 1 1
 1 1 1 1 1 0 1 0 0 0 1 0 0 1 1 1 0 0 1 1 0 0 1 0 0 0 1 1 0 1 1 0 1 1 1 1 0
 0 0 1 1 0 1 1 0 0 1 0 1 1 0 0 0 1 1 1 1 0 1 1 0 1 1]
At 15801/30000: COST 0.079/3.338(0.044) -- Acc 0.980/0.510(0.987)
[0 1 1 0 1 0 0 0 1 0 1 0 1 0 0 1 1 1 0 1 1 0 1 1 1 1 1 0 1 1 1 0 0 1 0 1 1
 0 0 1 1 1 0 0 0 1 0 0 1 0 0 0 1 0 1 1 0 0 0 0 1 1 0 0 0 1 1 0 1 1 1 0 0 1
 1 1 0 1 1 1 0 1 1 1 0 0 1 0 0 1 1 1 1 0 1 1 0 1 0 0]
At 15901/30000: COST 0.010/3.340(0.050) -- Acc 1.000/0.470(0.985)
[1 0 1 0 1 1 1 0 1 1 1 1 0 1 1 1 0 1 0 0 1 1 1 1 1 1 0 1 1 0 0 1 1 1 0 0 1
 0 1 1 1 1 0 0 0 0 1 0 1 0 0 0 0 0 0 1 0 1 1 1 1 0 1 0 1 1 0 1 1 1 1 1 1 1
 1 0 1 1 1 1 0 1 0 1 0 0 1 0 0 0 0 0 1 1 1 1 0 1 1 1]
At 16001/30000: COST 0.126/3.178(0.077) -- Acc 0.990/0.440(0.976)
[1 0 0 1 1 0 1 1 0 1 1 0 0 0 1 1 1 1 1 0 0 0 1 0 0 1 0 1 0 1 1 0 1 1 1 1 1
 1 0 1 1 1 1 1 0 0 0 0 1 1 0 0 0 0 1 1 1 0 1 0 1 1 1 1 0 1 1 1 1 0 1 1 1 0
 0 1 0 1 0 0 1 0 1 1 1 0 0 0 0 0 1 0 1 0 0 1 1 1 1 1]
At 16101/30000: COST 0.047/2.757(0.085) -- Acc 0.980/0.550(0.973)
[1 1 0 1 1 1 0 1 0 1 1 1 1 1 1 1 1 0 1 0 1 0 0 1 1 1 1 1 0 1 1 1 0 0 1 1 0
 0 1 0 1 1 1 1 0 1 1 0 0 1 0 1 0 0 1 0 0 0 0 0 1 1 1 1 1 0 1 0 1 1 0 1 1 1
 1 0 0 0 0 1 1 0 1 1 0 1 1 1 0 1 0 1 1 1 1 0 1 0 0 0]
At 16201/30000: COST 0.011/2.605(0.059) -- Acc 1.000/0.500(0.981)
[1 1 1 1 0 1 0 1 0 0 0 1 1 0 1 1 1 1 0 0 1 0 0 0 0 1 0 0 0 1 0 1 0 1 0 0 1
 1 1 1 1 1 1 0 0 0 1 1 1 1 0 1 1 1 1 0 0 0 0 1 1 0 1 1 1 1 1 0 1 0 1 1 1 1
 0 1 0 1 0 0 1 1 0 0 1 1 0 1 0 1 0 1 1 1 1 1 0 1 1 1]
At 16301/30000: COST 0.122/3.002(0.042) -- Acc 0.980/0.490(0.988)
[1 1 0 1 0 1 1 1 1 0 1 1 1 0 0 1 0 0 0 1 1 1 0 1 0 1 0 0 0 1 0 0 1 0 1 1 1
 0 1 1 1 1 1 0 1 0 0 1 1 1 0 0 1 1 1 1 0 1 1 1 1 0 1 1 1 0 1 1 0 1 1 1 1 0
 1 1 0 1 1 1 1 1 1 0 0 1 1 1 1 1 1 0 0 1 0 1 1 0 1 1]
At 16401/30000: COST 0.014/2.977(0.042) -- Acc 1.000/0.510(0.987)
[0 0 0 0 0 0 0 1 0 1 1 0 0 1 1 1 1 0 1 1 0 1 1 1 0 0 0 1 1 0 1 1 1 0 1 1 0
 0 1 1 1 1 1 0 1 1 1 1 1 0 1 0 1 0 1 1 0 1 1 1 1 1 0 1 0 1 0 0 1 0 1 1 1 0
 1 1 0 1 1 1 1 1 0 1 1 1 1 1 1 1 1 0 1 0 0 0 1 1 0 0]
At 16501/30000: COST 0.355/2.856(0.061) -- Acc 0.940/0.550(0.983)
[0 0 0 1 1 1 1 0 0 1 1 1 0 0 1 0 0 1 1 0 1 1 0 0 0 0 1 1 0 0 1 0 0 1 0 0 0
 0 0 0 1 0 0 0 1 1 1 1 1 0 0 0 1 0 0 0 1 0 1 0 1 1 1 0 1 0 0 1 1 1 0 1 0 0
 1 0 0 0 0 0 1 0 1 1 1 1 0 1 1 1 1 1 1 0 1 0 0 1 1 1]
At 16601/30000: COST 0.237/2.688(0.072) -- Acc 0.980/0.500(0.981)
[1 1 0 0 0 1 0 0 1 0 1 1 0 1 1 1 1 1 1 1 0 1 0 0 1 1 1 0 0 1 0 0 1 1 0 0 1
 0 1 1 0 1 0 1 0 0 0 1 0 0 1 1 0 1 1 1 0 0 0 0 0 0 0 1 0 0 1 1 1 0 0 1 1 1
 1 0 0 0 1 1 0 1 1 0 0 0 1 1 1 0 1 1 1 0 0 0 1 0 0 0]
At 16701/30000: COST 0.032/2.755(0.074) -- Acc 0.980/0.550(0.979)
[0 1 0 1 0 0 1 1 1 1 0 0 0 1 0 1 1 0 1 1 1 1 1 1 1 1 1 1 1 0 0 0 1 0 0 1 1
 1 0 1 0 0 1 1 1 1 1 1 0 0 1 0 0 0 1 0 1 0 1 0 0 0 1 0 1 1 0 1 0 0 1 1 1 0
 1 1 1 1 1 1 0 0 1 1 0 1 1 1 1 0 1 1 1 1 0 1 1 0 0 0]
At 16801/30000: COST 0.029/3.207(0.049) -- Acc 0.990/0.490(0.986)
[1 1 0 0 1 0 1 1 1 0 0 0 0 1 0 1 0 0 0 1 1 0 1 0 1 1 1 0 1 1 0 1 0 1 0 0 1
 1 0 0 0 1 0 0 1 1 1 0 0 0 0 1 1 1 1 0 0 0 1 1 0 1 0 1 1 1 0 1 0 1 0 1 1 0
 0 1 1 1 1 1 1 1 1 0 1 1 1 1 1 1 0 0 1 0 1 0 1 0 1 0]
At 16901/30000: COST 0.027/2.982(0.051) -- Acc 1.000/0.470(0.985)
[0 1 1 1 0 1 0 0 1 1 1 1 0 0 0 0 0 1 0 0 1 1 0 0 0 1 1 1 1 1 1 0 0 1 1 0 1
 0 1 0 1 1 1 0 0 0 0 0 0 1 0 0 1 0 0 1 1 0 1 0 0 0 1 0 0 1 0 0 0 0 1 0 1 1
 1 0 1 0 1 1 0 1 0 1 1 1 0 1 1 0 0 0 0 1 0 0 0 1 1 0]
At 17001/30000: COST 0.174/2.100(0.059) -- Acc 0.930/0.500(0.981)
[0 1 0 1 1 0 0 0 1 1 1 1 0 1 0 0 0 0 1 0 1 0 1 1 1 1 1 1 0 1 1 1 0 0 0 1 1
 1 1 1 1 0 1 0 1 0 1 0 1 1 1 1 0 1 1 0 0 1 0 0 1 1 0 0 1 1 1 1 1 1 1 0 0 0
 1 1 1 1 1 0 1 1 1 1 0 0 1 1 1 1 1 1 1 0 1 1 0 1 0 1]
At 17101/30000: COST 0.028/2.596(0.067) -- Acc 0.980/0.530(0.978)
[0 1 0 0 1 1 0 0 0 1 0 0 1 1 1 0 1 1 1 0 0 1 0 1 1 0 1 1 0 1 0 0 0 0 0 1 1
 1 1 1 1 1 0 1 1 0 0 1 0 0 1 1 1 1 1 1 1 1 1 0 1 0 0 1 1 1 1 1 0 0 0 0 1 1
 0 1 1 1 1 0 1 0 1 0 1 1 0 1 1 0 1 1 0 1 1 0 0 0 1 1]
At 17201/30000: COST 0.007/3.014(0.040) -- Acc 1.000/0.480(0.988)
[0 0 1 0 1 1 1 1 0 1 1 0 1 0 1 1 1 1 0 0 0 0 1 1 1 0 0 1 0 0 0 0 1 0 0 0 0
 1 1 0 1 1 1 1 1 1 1 0 1 0 1 0 1 1 1 1 1 1 1 0 0 1 1 1 0 1 0 0 1 0 1 1 1 0
 0 1 1 0 1 0 0 1 1 1 1 1 1 1 1 1 0 1 0 1 0 1 1 0 0 0]
At 17301/30000: COST 0.039/3.117(0.028) -- Acc 0.990/0.480(0.992)
[1 1 1 1 1 0 0 0 0 1 1 1 1 1 1 0 1 0 1 1 1 1 0 1 1 0 1 1 0 0 1 1 1 0 1 1 1
 1 0 1 1 1 0 0 0 0 1 1 0 0 0 1 0 1 0 0 1 1 0 0 0 1 1 0 1 0 1 0 1 0 1 0 1 1
 1 0 1 0 1 1 0 1 0 1 0 1 0 1 1 1 1 1 0 1 1 1 0 0 1 1]
At 17401/30000: COST 0.033/3.054(0.028) -- Acc 0.990/0.460(0.992)
[0 1 0 1 0 1 1 1 1 1 1 1 0 0 1 1 1 0 1 1 1 1 0 0 0 0 0 1 0 1 1 1 0 1 0 0 1
 1 0 1 1 0 0 1 0 1 1 1 1 1 0 0 0 0 0 0 0 1 0 0 0 1 0 1 0 0 0 1 1 1 0 1 0 0
 0 0 0 1 0 0 1 0 0 1 0 1 0 1 0 0 1 1 1 1 0 1 0 1 0 1]
At 17501/30000: COST 0.131/2.110(0.066) -- Acc 0.940/0.570(0.980)
[1 0 0 0 1 0 0 1 1 0 1 0 0 0 1 1 1 0 1 1 0 0 0 1 1 1 0 1 1 0 0 1 1 0 1 1 1
 0 1 0 0 1 0 0 1 1 1 0 0 1 1 1 1 1 0 0 0 0 1 0 0 1 1 0 0 0 1 0 0 1 1 0 1 0
 1 1 1 1 1 1 0 1 1 0 1 0 0 0 1 1 1 1 1 0 1 1 1 1 1 1]
At 17601/30000: COST 0.067/2.656(0.079) -- Acc 0.970/0.480(0.973)
[0 1 1 0 1 1 1 0 0 1 0 1 0 1 1 0 1 0 1 0 1 1 0 1 0 1 1 0 0 0 0 0 0 1 1 0 0
 1 1 1 1 0 1 1 0 1 0 1 1 1 1 0 1 1 0 1 0 0 1 1 1 1 1 1 1 1 1 1 1 0 1 0 0 0
 1 1 1 0 1 0 0 1 1 1 0 1 1 1 1 1 1 0 1 0 1 1 1 1 1 0]
At 17701/30000: COST 0.015/3.165(0.051) -- Acc 1.000/0.500(0.985)
[0 1 1 1 1 0 0 1 1 0 0 1 1 1 1 1 1 0 1 0 1 1 0 1 1 1 1 1 1 0 1 1 0 1 0 1 1
 0 0 1 0 0 0 0 1 1 1 1 1 0 0 1 1 1 1 0 1 0 1 1 0 1 1 1 1 0 0 1 1 0 1 0 0 0
 0 0 1 1 1 0 0 1 1 0 1 1 0 0 1 0 0 1 0 0 0 1 0 0 1 0]
At 17801/30000: COST 0.013/3.297(0.034) -- Acc 1.000/0.500(0.991)
[0 1 1 0 1 1 0 1 1 0 1 0 0 1 1 1 0 1 1 1 0 1 1 0 1 1 0 0 0 1 1 1 0 0 0 0 0
 1 1 1 1 1 0 1 1 0 1 1 0 0 1 0 1 1 1 0 0 1 1 0 1 1 0 0 0 0 0 1 1 0 1 1 0 1
 1 1 0 0 1 0 0 1 0 1 1 1 1 0 0 1 1 0 1 1 1 0 1 0 0 0]
At 17901/30000: COST 0.029/3.645(0.026) -- Acc 0.980/0.510(0.993)
[1 1 1 1 1 0 1 0 0 1 1 1 1 1 1 1 1 0 0 0 0 1 1 0 0 0 0 0 0 1 1 1 0 0 0 1 1
 0 1 1 0 1 0 0 0 1 1 1 0 1 1 0 1 1 1 1 0 1 1 1 1 1 1 1 0 1 0 1 1 0 1 1 0 1
 1 1 1 0 0 1 1 0 0 0 1 1 1 1 1 1 1 1 1 1 0 1 1 0 1 1]
At 18001/30000: COST 0.052/2.835(0.053) -- Acc 0.980/0.520(0.984)
[0 1 0 1 0 1 0 1 0 1 1 1 1 0 1 1 0 1 1 1 0 1 0 1 1 0 0 1 1 1 0 0 0 1 1 0 1
 1 0 1 0 0 0 1 0 1 0 1 1 0 1 1 0 0 1 0 1 0 0 1 1 0 1 1 0 1 1 1 0 1 1 0 1 0
 0 1 1 1 0 0 0 1 1 1 0 0 1 0 0 1 1 1 1 0 0 0 1 0 0 1]
At 18101/30000: COST 0.035/2.750(0.065) -- Acc 1.000/0.520(0.979)
[0 1 0 1 0 0 1 0 1 1 1 0 1 1 1 1 1 0 1 1 0 0 1 0 1 1 1 1 1 0 1 1 1 0 0 0 0
 1 1 0 1 0 1 1 1 1 1 1 1 1 1 0 1 0 1 0 0 1 0 0 1 0 1 1 0 0 1 1 0 1 1 0 0 1
 0 1 0 1 1 0 0 1 1 1 1 1 1 1 1 0 1 0 1 1 1 0 0 0 0 0]
At 18201/30000: COST 0.046/2.991(0.061) -- Acc 0.970/0.510(0.981)
[1 1 0 1 0 1 0 1 1 1 1 1 1 0 1 1 1 0 1 1 1 1 0 0 1 1 0 1 1 0 0 1 1 1 0 1 1
 0 0 0 1 0 1 0 0 1 0 1 1 0 0 0 1 0 0 0 1 0 0 0 0 1 0 1 1 1 0 0 0 1 1 0 0 1
 1 1 1 1 0 0 1 1 0 1 1 0 1 0 1 1 1 1 0 1 0 0 0 1 1 1]
At 18301/30000: COST 0.168/2.748(0.065) -- Acc 0.940/0.480(0.980)
[1 1 0 1 1 0 0 1 1 1 0 1 0 1 1 1 1 0 1 1 0 1 0 1 0 1 0 0 1 0 1 1 1 1 1 0 0
 1 1 0 0 0 0 0 1 0 0 1 0 0 0 0 1 1 1 0 1 1 0 0 1 0 0 0 1 0 1 0 0 1 1 0 0 0
 0 1 0 0 1 0 0 0 1 1 0 0 1 1 0 0 1 1 1 0 1 1 1 0 1 1]
At 18401/30000: COST 0.017/1.920(0.078) -- Acc 0.990/0.540(0.977)
[1 0 0 1 1 1 0 1 1 1 0 1 0 1 1 1 1 0 0 0 1 0 1 0 1 0 0 1 1 0 1 1 0 1 0 0 0
 0 1 0 1 1 1 0 1 0 1 1 1 1 1 0 1 0 1 0 1 0 0 1 1 0 0 0 0 0 1 0 1 0 1 0 0 0
 1 1 1 1 0 1 1 1 0 1 0 0 1 1 1 1 0 0 0 0 1 1 1 1 0 0]
At 18501/30000: COST 0.019/2.422(0.061) -- Acc 1.000/0.550(0.981)
[0 0 0 1 1 0 1 1 1 0 0 0 1 0 0 1 1 1 0 0 1 1 1 1 0 1 1 1 1 1 0 1 0 1 0 1 1
 1 1 0 1 0 1 0 0 0 1 1 1 1 1 1 1 1 1 1 0 1 1 0 0 0 1 0 1 1 1 0 1 1 0 0 1 1
 0 1 1 1 1 1 1 1 1 0 1 1 0 1 0 1 1 0 1 1 0 0 1 0 1 0]
At 18601/30000: COST 0.019/2.470(0.061) -- Acc 1.000/0.500(0.981)
[1 0 0 1 0 1 1 0 0 1 1 1 1 0 1 1 1 1 1 0 1 1 1 0 1 0 0 0 0 0 1 0 1 1 0 1 1
 1 1 0 1 0 0 0 0 1 0 1 0 1 1 0 0 1 1 0 0 1 1 1 1 0 1 1 1 1 1 1 1 1 1 1 0 0
 1 1 1 1 0 1 0 0 1 0 0 0 1 0 0 0 0 1 1 0 0 1 0 0 0 1]
At 18701/30000: COST 0.031/2.703(0.040) -- Acc 0.990/0.490(0.988)
[1 0 1 1 0 1 0 1 1 0 1 0 1 0 0 1 1 1 0 0 1 0 1 0 1 1 1 1 0 1 1 1 1 1 1 1 0
 0 1 1 1 0 0 1 1 0 1 0 1 0 1 0 1 0 0 0 0 0 1 1 0 0 0 0 1 0 1 1 1 1 0 0 1 1
 1 1 0 0 1 1 1 1 0 0 0 1 1 1 1 1 0 0 1 1 0 1 0 1 0 0]
At 18801/30000: COST 0.074/3.087(0.027) -- Acc 0.980/0.500(0.993)
[0 1 1 0 0 0 1 1 1 0 0 0 0 0 1 1 1 1 0 1 1 1 1 1 1 0 1 0 0 0 0 0 1 0 0 0 1
 0 0 1 1 0 1 1 1 0 0 0 1 1 0 0 1 1 1 1 1 1 1 1 0 1 0 1 1 0 1 1 0 1 1 1 1 1
 1 1 0 0 0 1 1 1 0 0 1 1 1 1 1 0 0 0 0 0 0 0 0 1 0 0]
At 18901/30000: COST 0.017/2.758(0.024) -- Acc 1.000/0.530(0.993)
[0 1 1 0 0 1 1 1 1 0 1 0 0 0 0 0 1 1 0 0 1 0 1 1 1 1 1 0 1 0 1 1 0 0 1 1 0
 0 0 1 1 1 1 0 1 1 0 1 1 0 1 1 0 1 1 1 1 0 1 0 0 1 1 0 1 0 0 0 1 0 1 1 0 1
 0 1 0 1 0 1 0 1 1 0 0 1 1 1 0 1 0 1 0 1 0 1 1 1 1 0]
At 19001/30000: COST 0.115/2.381(0.036) -- Acc 0.950/0.500(0.989)
[1 1 0 0 0 1 0 1 0 1 1 1 0 1 0 1 0 1 1 0 1 1 1 1 1 1 1 1 0 1 1 0 1 0 1 1 1
 1 1 1 0 1 1 1 1 0 1 1 1 0 0 1 1 1 1 1 0 1 0 1 0 0 0 0 0 1 0 1 0 0 1 1 0 1
 1 0 1 0 1 1 1 1 1 1 1 0 0 1 0 1 1 0 0 1 1 1 0 0 0 0]
At 19101/30000: COST 0.071/2.701(0.081) -- Acc 0.980/0.510(0.973)
[1 0 1 0 1 1 0 1 0 1 1 1 1 1 1 0 1 0 1 1 0 1 1 0 0 1 0 1 0 1 1 1 1 1 0 1 0
 1 0 1 0 1 1 1 1 1 0 0 0 1 1 1 1 0 1 0 0 0 1 1 1 1 0 1 0 0 1 1 0 0 0 1 1 1
 1 1 1 1 0 1 1 1 0 0 1 0 1 1 1 1 1 0 1 1 0 1 1 1 0 1]
At 19201/30000: COST 0.028/2.543(0.068) -- Acc 0.990/0.540(0.978)
[1 0 1 0 1 0 0 0 0 0 1 0 1 0 0 0 1 0 1 1 0 1 1 0 1 1 1 0 1 1 1 0 0 1 1 0 1
 1 0 1 1 0 1 1 0 0 0 1 1 1 0 0 0 0 1 0 1 1 0 1 0 0 0 1 0 1 1 0 0 0 1 1 0 0
 1 1 1 1 1 0 1 1 1 1 1 0 0 1 1 1 0 1 0 0 0 1 1 1 0 0]
At 19301/30000: COST 0.085/2.911(0.042) -- Acc 0.960/0.500(0.988)
[1 1 1 1 1 1 0 1 0 0 0 0 0 1 1 0 0 0 0 0 0 1 1 0 0 1 1 1 1 0 0 1 0 1 1 0 1
 1 1 0 1 1 1 0 0 0 0 1 1 0 0 1 1 1 1 0 0 0 0 1 1 0 1 0 1 1 1 1 0 1 1 0 1 1
 0 0 1 0 1 0 1 1 0 0 1 1 1 0 0 0 0 0 1 1 1 1 0 1 1 1]
At 19401/30000: COST 0.010/2.867(0.030) -- Acc 1.000/0.520(0.992)
[1 1 1 1 0 1 1 0 1 1 1 0 1 0 0 0 0 0 1 0 1 0 0 1 1 1 0 1 0 1 0 0 1 0 1 1 1
 0 1 0 1 1 1 0 0 0 0 0 1 1 1 1 1 0 1 1 1 1 1 0 0 1 0 1 0 1 0 1 1 0 0 0 0 1
 0 1 1 0 1 1 1 1 1 1 1 1 1 1 1 0 1 1 1 1 1 1 1 0 1 0]
At 19501/30000: COST 0.070/2.775(0.024) -- Acc 0.980/0.530(0.994)
[1 0 1 0 0 0 0 1 0 1 1 0 1 0 1 0 1 0 1 1 1 1 1 1 1 1 1 1 1 1 0 1 1 1 0 1 1
 1 1 1 1 0 0 0 1 1 0 1 1 1 0 1 0 1 1 0 0 1 1 1 0 0 1 1 1 1 1 1 1 0 1 1 1 1
 1 0 0 1 0 1 1 1 0 0 1 1 1 0 1 0 1 0 0 0 1 1 0 0 0 0]
At 19601/30000: COST 0.043/2.590(0.042) -- Acc 0.980/0.500(0.987)
[0 0 0 1 0 0 0 1 1 1 0 1 0 1 0 1 0 0 1 0 0 1 1 0 1 1 1 0 1 1 1 0 1 1 0 0 1
 1 1 1 0 0 0 0 1 1 1 0 0 1 1 0 1 1 0 1 0 1 1 1 1 1 1 1 0 1 0 1 1 0 1 0 1 1
 1 1 1 1 0 0 1 1 1 1 1 1 0 1 0 1 0 1 0 1 1 0 0 1 1 1]
At 19701/30000: COST 0.115/2.477(0.064) -- Acc 0.950/0.560(0.980)
[0 0 0 1 1 1 1 0 1 1 1 0 0 0 1 1 0 1 1 1 1 1 1 1 0 1 1 1 0 0 0 0 1 1 1 1 0
 1 1 1 0 1 1 0 0 1 1 1 0 0 1 1 1 0 1 0 1 1 1 1 1 0 1 1 1 1 0 1 0 1 1 1 1 1
 1 0 0 1 1 1 1 1 0 0 0 0 1 1 1 1 1 0 0 1 0 0 0 0 0 1]
At 19801/30000: COST 0.028/2.380(0.080) -- Acc 0.990/0.540(0.975)
[0 1 0 1 1 1 1 0 1 1 1 0 1 0 0 1 1 0 0 0 1 1 1 0 1 1 0 0 1 0 1 0 1 0 1 0 1
 0 0 0 0 1 1 1 1 1 0 1 1 1 0 0 1 0 0 1 0 0 1 1 0 1 1 1 1 0 1 0 1 1 0 1 0 0
 1 1 1 1 1 1 0 0 0 1 1 0 0 0 1 1 1 1 1 0 1 1 1 1 1 1]
At 19901/30000: COST 0.069/3.103(0.058) -- Acc 0.980/0.530(0.984)
[1 1 1 0 1 0 0 0 0 1 0 0 1 1 1 1 0 1 1 1 0 1 1 1 0 0 1 1 1 1 1 0 0 1 0 1 1
 0 1 1 1 1 0 0 0 1 1 1 0 0 1 0 1 1 1 1 0 1 1 0 1 0 0 0 1 1 0 1 1 1 0 1 0 1
 1 1 1 1 0 1 0 0 1 1 1 1 1 1 1 0 1 1 1 1 0 0 1 0 0 0]
At 20001/30000: COST 0.035/2.977(0.050) -- Acc 0.990/0.530(0.986)
[1 0 1 0 0 0 1 1 0 1 1 1 1 1 1 1 1 0 0 1 1 1 1 0 0 1 0 1 1 1 1 1 1 1 0 1 1
 0 1 1 0 0 0 0 1 0 0 1 0 1 1 1 0 1 1 0 1 1 0 1 0 1 0 1 1 0 0 1 1 0 0 1 1 1
 1 0 1 0 1 1 1 1 0 0 0 1 1 1 0 0 1 0 1 1 1 1 1 0 1 1]
At 20101/30000: COST 0.137/2.318(0.058) -- Acc 0.970/0.540(0.983)
[0 1 1 1 0 1 1 0 1 1 1 0 1 1 1 1 1 0 0 1 1 1 0 0 1 1 1 1 0 1 1 1 1 1 1 0 0
 1 0 1 1 0 0 1 1 1 1 1 0 0 1 0 0 1 1 1 0 1 1 0 1 1 1 1 0 1 0 1 1 1 0 1 0 0
 0 0 0 0 1 1 0 0 1 1 1 1 1 0 0 1 0 0 1 1 0 1 0 0 1 0]
At 20201/30000: COST 0.021/2.587(0.050) -- Acc 1.000/0.540(0.985)
[1 1 1 1 1 0 1 1 0 1 0 0 0 1 1 0 1 1 1 0 1 1 1 1 1 1 1 1 1 1 0 0 1 1 0 1 1
 0 1 1 1 1 1 1 0 0 1 0 1 1 1 1 0 1 0 1 1 0 0 1 1 1 0 0 1 1 1 1 1 1 0 1 0 1
 1 0 0 0 0 1 1 1 0 0 1 0 0 0 1 0 1 1 1 1 1 0 1 1 0 0]
At 20301/30000: COST 0.013/2.999(0.045) -- Acc 1.000/0.500(0.985)
[0 1 1 1 0 1 0 0 0 1 0 0 1 0 0 1 1 0 0 1 1 0 0 0 0 0 1 1 1 0 1 1 1 1 0 0 0
 1 1 0 1 1 1 0 0 1 0 1 0 0 0 0 1 1 0 1 1 0 1 0 1 1 1 0 1 1 1 1 0 0 1 1 0 1
 0 0 1 1 1 1 1 0 1 1 1 0 1 1 1 0 1 1 0 0 1 0 1 0 1 1]
At 20401/30000: COST 0.015/3.266(0.033) -- Acc 1.000/0.450(0.990)
[1 1 0 0 1 0 1 0 1 1 1 0 0 1 0 1 1 0 1 0 0 1 0 1 0 1 0 1 0 1 1 0 0 0 0 1 1
 0 0 0 1 1 1 0 1 0 0 1 1 0 1 1 0 0 1 0 1 1 1 1 0 1 1 1 0 1 0 1 1 0 1 1 0 1
 1 0 1 0 1 1 1 1 1 1 0 1 0 1 1 1 0 0 0 0 1 1 0 1 1 1]
At 20501/30000: COST 0.005/3.545(0.023) -- Acc 1.000/0.470(0.994)
[1 0 1 1 1 0 1 1 1 1 0 1 0 1 1 1 1 0 1 0 0 0 0 1 1 1 1 0 1 0 1 1 1 0 1 0 1
 1 1 1 1 1 1 0 1 1 1 1 0 1 0 0 1 0 0 0 0 0 1 1 1 1 1 1 0 1 1 1 1 1 1 1 0 0
 0 0 1 1 1 1 1 1 0 1 1 1 0 1 0 1 1 1 1 1 0 1 0 1 1 0]
At 20601/30000: COST 0.013/4.520(0.020) -- Acc 1.000/0.500(0.994)
[1 0 1 1 0 0 1 1 1 1 1 1 1 0 1 0 1 0 0 1 0 0 0 0 1 1 0 0 0 0 0 1 1 1 1 0 0
 1 1 1 1 0 1 0 1 0 1 1 1 1 0 0 1 1 1 0 0 1 1 0 1 1 1 0 1 1 0 1 0 0 0 1 1 0
 1 1 0 0 0 1 0 0 1 1 0 1 1 0 0 0 0 0 0 1 1 1 1 0 1 0]
At 20701/30000: COST 0.011/3.801(0.015) -- Acc 1.000/0.470(0.996)
[1 0 1 0 0 0 1 1 0 0 1 1 0 1 1 0 1 1 0 1 1 0 0 1 0 1 0 1 0 0 0 0 1 1 1 0 1
 1 1 0 1 0 1 1 0 1 1 0 1 1 0 1 1 0 1 1 1 1 0 1 0 0 0 1 1 0 0 1 0 1 1 0 0 1
 0 0 1 0 1 1 0 0 0 0 1 1 0 1 0 0 0 1 0 0 0 0 0 1 1 0]
At 20801/30000: COST 0.238/2.458(0.061) -- Acc 0.960/0.510(0.983)
[1 0 0 0 1 1 0 1 1 1 1 0 0 1 0 1 1 1 0 1 1 1 1 1 0 1 0 0 1 0 0 1 0 1 1 1 1
 1 1 1 1 0 1 0 1 1 1 0 1 1 0 1 1 1 0 0 0 1 0 0 0 1 1 1 0 1 1 0 1 1 1 1 1 1
 1 0 0 0 1 1 0 0 0 1 0 1 0 0 0 1 0 1 1 0 1 1 1 1 1 1]
At 20901/30000: COST 0.031/2.532(0.090) -- Acc 0.980/0.530(0.973)
[1 1 0 0 1 0 0 1 1 1 0 1 1 1 1 0 0 1 1 0 1 0 1 1 1 1 1 1 0 0 1 0 1 0 1 1 0
 1 1 1 0 0 1 1 0 1 0 1 0 1 1 0 1 1 0 0 1 1 1 1 0 1 1 1 1 1 0 0 0 1 1 0 1 1
 1 0 1 0 0 0 0 0 1 1 1 1 1 1 1 1 0 1 0 1 0 1 1 0 0 0]
At 21001/30000: COST 0.010/2.975(0.063) -- Acc 1.000/0.520(0.982)
[0 1 1 1 0 0 0 1 1 0 0 1 0 1 0 1 0 0 1 1 1 1 0 1 0 0 0 1 1 1 1 0 1 1 1 0 0
 1 0 1 1 1 1 0 1 1 1 0 1 0 0 0 0 0 1 1 1 0 0 1 1 0 1 1 1 1 0 1 1 1 1 1 0 0
 1 0 0 0 1 0 0 1 1 0 0 1 1 1 1 1 0 0 1 1 0 1 0 1 1 1]
At 21101/30000: COST 0.028/3.271(0.043) -- Acc 0.990/0.550(0.988)
[0 0 1 0 0 1 1 1 1 1 1 1 0 0 1 0 0 0 0 1 1 1 1 0 0 1 1 0 0 1 1 0 1 1 1 1 1
 1 1 0 0 1 1 1 1 1 1 0 0 1 1 1 1 0 1 1 0 0 0 1 1 1 0 0 0 0 1 1 1 1 1 1 0 1
 1 1 0 1 1 1 0 1 1 1 1 0 1 0 0 1 0 0 1 1 1 0 0 1 1 1]
At 21201/30000: COST 0.037/3.763(0.034) -- Acc 0.990/0.520(0.991)
[1 0 1 1 0 1 1 1 1 1 0 1 0 0 1 1 1 1 0 1 1 1 0 1 1 0 1 1 1 0 1 1 1 1 0 1 0
 0 1 1 1 1 0 1 0 0 1 1 1 0 1 1 1 1 1 1 1 1 1 1 0 1 0 0 1 0 0 0 0 0 0 1 0 0
 1 0 1 0 1 1 1 0 1 0 0 0 1 1 0 1 1 1 0 0 0 0 0 1 1 0]
At 21301/30000: COST 0.041/3.346(0.023) -- Acc 0.980/0.510(0.994)
[1 0 1 0 1 0 1 1 1 1 1 1 1 0 1 0 0 1 1 0 1 0 1 1 1 1 1 1 0 1 0 0 0 1 0 1 1
 1 1 0 1 0 0 0 1 1 0 1 0 1 0 1 0 1 0 1 0 0 0 0 1 1 1 1 0 1 1 1 0 1 0 1 1 1
 1 0 0 0 0 1 1 1 1 1 1 1 0 0 1 0 1 1 1 0 1 1 0 0 0 0]
At 21401/30000: COST 0.117/2.983(0.019) -- Acc 0.980/0.500(0.996)
[1 1 1 0 1 1 1 1 1 1 0 1 1 1 1 1 0 0 0 1 1 0 1 1 1 1 1 0 1 1 0 1 1 1 1 1 1
 0 1 1 0 1 1 0 1 1 1 1 1 0 1 0 1 1 0 1 0 0 1 1 1 1 0 1 1 1 0 1 0 0 0 1 0 1
 1 0 1 0 1 1 0 1 0 1 0 1 1 0 0 1 1 1 0 0 1 0 1 1 1 1]
At 21501/30000: COST 0.042/3.466(0.046) -- Acc 0.980/0.530(0.987)
[1 0 0 0 0 1 0 0 0 0 0 0 0 1 1 1 0 1 1 1 0 0 0 0 0 1 1 1 1 1 1 0 1 1 1 1 1
 1 0 0 1 0 0 1 0 0 0 1 1 1 1 1 0 1 1 1 1 0 0 1 1 0 1 1 0 0 0 1 1 1 0 1 1 1
 0 0 1 1 1 1 0 1 1 1 0 1 1 0 0 0 0 0 1 1 1 1 0 1 0 1]
At 21601/30000: COST 0.091/3.127(0.048) -- Acc 0.980/0.510(0.987)
[0 1 1 1 0 1 1 1 1 1 1 1 0 1 1 0 0 1 1 1 1 0 0 1 0 1 1 1 1 1 1 0 0 1 0 1 1
 0 0 0 1 0 0 0 1 0 0 1 1 1 1 1 1 1 1 0 0 1 0 1 0 0 0 1 1 0 1 1 0 1 1 1 1 1
 0 1 1 1 1 1 0 0 0 1 1 0 0 0 1 0 1 0 1 0 0 1 1 0 1 1]
At 21701/30000: COST 0.018/3.341(0.049) -- Acc 1.000/0.500(0.987)
[1 1 1 0 1 1 1 1 0 1 0 0 1 0 1 0 1 1 1 1 0 1 0 1 1 1 1 0 1 1 1 1 0 1 0 0 0
 1 1 1 0 0 0 1 0 1 1 1 0 1 1 0 0 0 1 0 1 1 1 0 0 1 1 0 0 1 1 0 0 1 1 1 1 1
 0 1 0 1 1 1 0 1 0 1 1 1 0 0 0 0 0 0 0 1 1 1 1 1 1 0]
At 21801/30000: COST 0.048/2.862(0.063) -- Acc 0.980/0.490(0.981)
[1 1 0 0 1 1 0 1 1 1 1 1 0 1 1 0 1 0 1 1 1 0 1 1 1 0 1 0 1 1 1 1 1 0 0 0 0
 0 1 1 1 0 1 1 0 1 0 1 1 1 1 1 1 1 1 1 1 0 0 0 1 0 1 1 1 1 1 0 1 0 0 1 1 0
 1 0 0 0 1 1 0 0 1 0 1 1 0 1 0 0 0 0 1 0 0 1 1 0 1 0]
At 21901/30000: COST 0.018/2.950(0.053) -- Acc 0.990/0.490(0.984)
[0 0 0 0 1 1 1 1 1 0 1 1 0 0 1 0 0 1 1 0 0 1 1 1 1 0 1 0 1 0 1 0 1 1 0 0 1
 0 0 1 0 1 1 1 1 0 0 1 1 0 0 0 1 1 0 1 0 0 1 0 1 0 1 1 1 1 0 1 0 1 0 1 1 0
 1 1 0 1 1 0 0 0 0 1 0 1 1 1 1 0 1 0 1 1 1 1 1 1 1 1]
At 22001/30000: COST 0.016/3.200(0.044) -- Acc 0.990/0.510(0.987)
[1 1 1 1 0 0 1 1 0 1 1 1 1 0 0 0 1 1 1 1 1 0 0 0 0 1 0 1 0 1 0 1 1 0 1 1 1
 1 0 1 1 1 1 1 0 1 0 0 0 0 0 1 1 0 0 0 1 1 1 1 0 1 1 0 1 0 1 1 1 1 0 0 1 0
 0 1 0 1 0 1 1 0 1 1 1 0 1 0 1 0 1 1 1 1 0 1 1 0 1 1]
At 22101/30000: COST 0.004/2.978(0.034) -- Acc 1.000/0.560(0.990)
[0 0 1 0 0 0 1 1 1 1 1 1 1 1 1 1 1 0 1 1 1 1 1 0 0 1 1 1 0 1 0 0 1 1 0 1 0
 1 1 0 1 1 0 1 0 1 1 1 0 0 0 0 0 0 1 1 1 1 0 1 0 1 0 0 1 1 1 1 1 1 1 1 1 0
 1 1 1 1 0 1 1 0 0 0 1 1 1 0 0 1 1 1 0 0 0 1 1 1 1 1]
At 22201/30000: COST 0.112/3.485(0.033) -- Acc 0.950/0.490(0.991)
[0 0 1 0 0 0 0 1 1 1 0 1 0 1 1 1 1 1 0 1 0 0 1 1 1 1 0 1 0 1 1 1 1 1 1 1 1
 1 1 1 1 0 0 1 0 1 0 0 0 1 1 1 1 1 1 1 1 0 1 1 1 1 0 0 1 1 1 1 1 1 1 0 1 0
 1 0 0 1 0 0 0 0 1 1 1 1 1 1 1 1 1 1 1 1 0 1 1 1 0 0]
At 22301/30000: COST 0.105/3.400(0.045) -- Acc 0.980/0.520(0.986)
[1 0 1 1 1 0 0 1 0 0 1 0 0 1 1 0 1 0 1 0 0 1 1 1 0 1 1 1 1 0 0 1 0 1 1 0 0
 1 1 1 0 0 1 1 0 1 1 0 0 1 1 1 1 1 0 1 0 1 1 1 1 1 1 1 0 1 1 0 1 0 1 1 0 1
 0 1 0 1 1 0 0 0 0 1 1 0 0 1 1 1 1 1 1 0 1 0 0 0 1 0]
At 22401/30000: COST 0.010/3.110(0.051) -- Acc 1.000/0.480(0.985)
[0 0 1 1 1 0 1 1 0 0 0 0 1 0 1 0 1 0 1 1 1 1 1 1 1 1 0 0 1 1 0 1 0 1 1 0 1
 1 0 1 0 0 0 0 1 1 1 1 0 1 1 1 0 1 1 1 1 0 1 1 1 0 1 1 1 1 1 0 0 1 1 0 0 1
 0 0 0 0 1 1 0 1 0 1 1 0 1 1 1 1 1 1 0 1 1 1 1 0 1 1]
At 22501/30000: COST 0.153/2.882(0.046) -- Acc 0.980/0.500(0.986)
[1 0 1 0 1 0 1 0 1 1 0 1 1 1 1 0 1 0 1 1 0 0 1 1 1 0 0 1 0 1 1 0 1 0 1 0 1
 0 1 1 0 1 1 1 1 0 1 0 1 1 1 1 0 0 0 1 0 1 1 1 1 1 1 1 1 0 1 1 1 1 1 1 1 1
 1 1 1 1 0 1 0 1 0 1 1 1 0 0 1 1 0 0 0 1 1 1 0 1 1 1]
At 22601/30000: COST 0.026/2.948(0.051) -- Acc 0.990/0.480(0.984)
[0 1 1 1 0 1 1 1 1 1 1 0 0 0 0 0 1 0 1 1 0 1 1 1 0 1 1 0 0 1 1 0 0 0 0 0 1
 1 1 1 0 0 1 0 1 1 0 0 0 0 0 1 1 1 0 1 0 1 0 1 1 0 0 1 1 1 1 1 1 0 1 0 1 1
 0 0 1 1 1 0 1 0 1 1 0 1 0 1 1 1 1 1 0 1 1 0 0 0 1 1]
At 22701/30000: COST 0.074/3.101(0.037) -- Acc 0.970/0.470(0.989)
[1 1 0 0 1 1 1 1 0 1 1 0 1 1 0 1 1 0 1 1 1 0 1 1 1 1 1 0 0 1 1 1 1 1 1 0 0
 1 1 1 1 0 1 1 1 1 1 0 1 1 0 1 1 1 0 0 0 1 1 1 0 0 1 1 0 0 1 0 1 0 1 0 1 0
 0 1 1 1 1 0 1 0 0 0 1 0 1 0 0 1 1 0 1 1 1 1 0 1 0 1]
At 22801/30000: COST 0.008/3.128(0.027) -- Acc 1.000/0.510(0.993)
[0 0 1 1 1 1 0 1 0 0 1 1 1 0 1 1 1 1 0 1 0 1 1 1 1 1 1 1 1 0 1 0 1 1 1 0 0
 1 0 1 0 1 1 0 1 0 1 0 1 0 0 1 0 0 1 0 0 0 0 0 1 0 0 0 1 1 1 1 1 1 1 1 0 1
 1 1 0 1 1 1 1 0 1 1 0 0 0 1 1 1 1 0 1 1 1 0 1 0 0 1]
At 22901/30000: COST 0.022/3.447(0.015) -- Acc 0.990/0.520(0.997)
[1 1 1 1 1 0 0 1 0 0 0 1 1 0 1 0 1 1 0 0 1 1 0 1 1 1 1 1 0 1 1 0 0 1 0 0 1
 1 1 0 0 0 0 1 1 0 0 1 1 1 1 0 0 0 1 0 1 0 0 1 0 0 1 1 0 1 1 1 1 0 1 1 1 1
 0 0 1 0 1 0 0 0 1 1 0 1 0 1 1 1 0 1 1 1 1 0 1 0 0 1]
At 23001/30000: COST 0.009/3.470(0.012) -- Acc 1.000/0.500(0.997)
[1 1 1 1 0 1 0 1 0 1 1 1 1 1 0 1 1 1 0 0 1 1 1 1 0 1 0 0 0 0 0 0 1 1 1 0 1
 1 0 0 1 1 1 1 1 0 1 1 1 1 0 1 1 1 1 1 1 0 0 0 0 1 1 0 1 0 1 0 1 0 1 1 1 1
 1 1 1 0 1 0 0 0 0 1 1 1 1 1 0 0 0 0 0 1 1 1 1 1 1 0]
At 23101/30000: COST 0.019/3.257(0.018) -- Acc 1.000/0.520(0.995)
[1 0 0 0 0 1 1 0 1 1 0 1 1 0 0 1 1 1 1 0 1 0 1 1 0 1 1 0 1 1 0 1 0 1 1 1 1
 1 1 1 0 0 0 0 1 0 1 1 1 1 1 0 0 1 0 1 0 0 1 1 0 1 0 0 1 0 1 1 0 0 0 1 1 1
 0 1 1 0 1 1 1 0 1 1 0 0 1 1 0 1 0 0 1 0 1 1 1 1 1 1]
At 23201/30000: COST 0.099/3.107(0.075) -- Acc 0.980/0.490(0.977)
[0 1 0 0 1 1 0 1 0 1 1 1 0 0 1 1 0 0 0 0 0 1 1 0 1 0 1 1 1 1 1 0 1 1 1 1 1
 1 0 0 1 0 0 0 0 1 1 1 0 1 0 1 1 0 1 1 0 1 1 1 1 1 0 1 0 0 1 0 0 1 1 1 1 1
 1 1 1 0 1 1 0 1 1 1 0 1 1 0 1 1 1 0 0 0 1 0 1 1 1 1]
At 23301/30000: COST 0.146/2.928(0.065) -- Acc 0.970/0.510(0.981)
[1 1 0 0 0 0 1 1 1 1 0 0 1 0 0 1 0 1 0 0 1 0 1 1 0 0 1 0 1 0 0 1 1 0 0 1 1
 1 1 0 1 0 1 1 1 1 0 1 0 0 0 0 0 1 1 1 1 1 0 1 1 1 0 1 1 1 0 0 1 1 0 0 1 0
 0 1 1 0 1 1 0 0 0 1 1 0 0 0 0 0 0 1 0 1 0 0 0 0 1 1]
At 23401/30000: COST 0.033/2.865(0.046) -- Acc 0.990/0.490(0.986)
[1 0 1 1 0 0 1 1 0 1 1 1 1 0 0 0 1 0 1 1 0 0 1 1 1 1 0 0 0 0 0 1 0 0 1 1 1
 0 1 0 0 1 0 0 1 1 0 1 1 1 0 1 1 0 1 1 0 1 0 0 0 1 1 1 1 1 0 1 1 0 1 1 1 1
 1 1 0 0 1 0 1 1 1 1 1 0 1 0 1 1 0 1 1 1 1 0 1 1 1 1]
At 23501/30000: COST 0.004/3.040(0.032) -- Acc 1.000/0.510(0.991)
[1 1 1 0 1 1 1 0 1 0 1 1 1 1 0 0 1 1 0 1 1 0 0 1 1 0 1 1 1 0 0 1 0 1 0 1 0
 0 1 1 0 1 1 1 0 1 1 1 1 0 0 1 1 1 0 1 1 1 1 0 1 0 1 1 1 0 0 1 0 0 1 0 0 1
 1 1 0 1 1 0 1 0 1 0 1 1 1 0 1 1 0 1 0 1 1 0 0 0 0 0]
At 23601/30000: COST 0.017/3.551(0.022) -- Acc 0.990/0.490(0.994)
[0 1 0 1 0 0 1 0 1 1 0 0 1 1 1 1 1 0 0 0 0 0 1 0 0 0 1 1 0 1 1 1 0 0 1 1 1
 1 1 1 0 1 1 1 1 1 0 1 0 1 1 1 1 0 1 1 1 1 0 1 0 0 0 0 0 1 0 0 1 1 0 1 1 1
 0 1 1 1 0 1 1 1 1 1 0 0 1 1 0 1 0 0 1 0 1 1 1 1 1 1]
At 23701/30000: COST 0.014/3.237(0.019) -- Acc 1.000/0.500(0.995)
[1 0 1 1 0 1 0 1 0 1 0 1 1 1 0 0 1 0 0 0 1 1 0 1 1 1 1 1 1 0 0 0 1 1 1 0 0
 1 0 1 1 1 0 0 1 0 0 1 1 1 1 1 0 1 1 1 0 0 1 0 1 1 1 1 1 1 1 0 1 0 0 1 0 1
 0 1 0 0 0 0 0 1 1 1 1 1 0 1 0 1 0 0 1 0 1 1 1 0 1 1]
At 23801/30000: COST 0.006/3.230(0.032) -- Acc 1.000/0.500(0.991)
[0 0 1 1 0 1 0 1 1 1 0 0 0 1 1 1 0 1 1 0 1 0 1 1 0 1 0 0 0 1 1 0 1 0 1 0 1
 0 1 0 1 1 1 0 1 0 0 0 1 0 0 1 0 0 1 0 1 1 1 1 0 1 0 1 1 0 0 0 1 0 0 0 0 0
 1 1 0 1 0 1 1 0 1 1 0 0 1 1 1 1 0 1 1 1 0 1 0 1 0 0]
At 23901/30000: COST 0.037/2.503(0.045) -- Acc 0.980/0.510(0.986)
[1 1 0 1 1 1 1 0 1 0 0 1 1 1 1 1 0 1 1 1 1 0 0 0 0 0 0 0 1 0 0 1 0 0 1 0 0
 1 1 0 0 1 1 1 1 1 1 0 1 0 1 1 0 1 1 1 1 0 1 0 1 0 1 1 1 1 0 1 1 1 1 1 1 1
 1 1 1 1 0 0 1 1 1 1 1 0 1 1 1 1 0 1 1 1 1 0 1 0 0 1]
At 24001/30000: COST 0.095/2.137(0.110) -- Acc 0.980/0.550(0.966)
[0 1 0 1 1 1 1 0 1 1 1 1 1 0 1 1 0 1 1 1 1 0 1 1 0 0 0 0 0 1 1 1 1 1 1 1 0
 0 1 1 0 0 1 1 1 0 1 1 0 1 1 1 0 1 1 1 0 1 1 0 1 1 1 0 1 0 1 1 1 0 0 0 0 1
 0 1 1 1 1 1 1 1 1 0 0 1 0 0 1 1 0 0 1 1 1 1 0 0 0 0]
At 24101/30000: COST 0.105/2.286(0.094) -- Acc 0.980/0.560(0.972)
[1 0 0 0 0 1 1 1 0 0 1 1 1 1 1 0 1 0 1 0 1 0 1 0 1 1 0 1 1 1 1 1 0 1 0 1 1
 0 0 1 1 1 0 1 0 0 0 1 1 0 1 1 0 0 1 0 1 0 1 1 0 1 1 0 1 0 1 1 1 1 1 1 1 1
 0 0 0 0 1 0 0 1 1 1 1 1 0 1 1 0 1 1 0 0 1 1 1 0 1 0]
At 24201/30000: COST 0.069/2.895(0.065) -- Acc 0.970/0.550(0.980)
[0 0 1 1 1 0 1 0 0 0 0 1 1 1 0 1 1 1 0 1 1 0 1 1 1 1 0 0 0 1 0 0 1 1 0 0 0
 1 1 0 1 0 0 1 1 1 1 0 1 0 1 1 1 1 0 0 1 1 1 1 1 0 0 1 1 1 1 0 0 0 1 1 1 1
 1 1 1 1 1 0 1 0 0 0 0 0 1 0 1 1 1 1 1 1 1 1 1 1 1 0]
At 24301/30000: COST 0.032/2.791(0.049) -- Acc 0.990/0.530(0.986)
[1 1 0 1 1 1 1 1 0 0 0 1 1 1 0 0 0 0 0 0 0 0 1 0 1 1 0 1 0 0 1 0 1 0 0 1 0
 1 0 0 1 0 0 1 1 0 0 1 1 1 1 0 1 1 1 1 1 0 1 1 1 1 1 1 0 0 1 0 1 0 1 1 1 1
 0 0 0 0 1 1 1 1 1 1 0 0 1 1 1 1 1 0 0 1 1 1 1 0 1 1]
At 24401/30000: COST 0.006/3.225(0.033) -- Acc 1.000/0.480(0.991)
[1 0 1 1 0 1 0 0 1 1 1 0 1 0 0 0 0 0 0 0 1 1 0 1 0 0 0 1 1 1 1 1 1 1 1 1 0
 0 1 1 1 1 1 1 1 1 1 1 0 0 0 1 1 1 1 1 0 1 1 0 1 1 0 0 1 1 1 1 1 1 1 1 1 1
 1 1 0 1 0 0 0 0 1 0 1 1 1 0 1 1 0 1 0 1 1 1 0 0 1 1]
At 24501/30000: COST 0.012/3.441(0.020) -- Acc 1.000/0.510(0.995)
[0 1 1 1 0 0 0 1 1 1 0 0 1 0 1 0 1 0 1 1 1 1 0 1 0 1 1 1 0 0 1 1 0 1 0 0 1
 1 0 0 1 0 1 1 0 1 0 0 0 1 1 0 0 1 1 0 0 0 0 1 0 1 1 1 0 1 1 1 0 1 1 1 1 1
 0 1 1 0 1 1 0 1 1 1 1 0 1 1 1 1 0 0 1 0 1 1 1 1 0 0]
At 24601/30000: COST 0.025/3.158(0.020) -- Acc 1.000/0.500(0.995)
[0 0 1 1 1 0 1 1 1 1 1 1 0 1 0 0 1 0 1 1 1 0 0 0 0 1 0 0 1 0 0 0 0 1 1 1 0
 0 0 1 1 1 1 1 1 1 0 1 0 1 1 1 1 1 0 0 0 1 0 0 1 1 0 1 0 1 1 0 0 1 1 1 0 1
 1 0 1 0 1 1 1 0 0 0 1 1 1 0 0 1 0 1 1 1 0 1 0 0 1 1]
At 24701/30000: COST 0.074/3.351(0.034) -- Acc 0.990/0.520(0.991)
[1 0 0 1 1 1 0 0 1 1 0 0 0 1 1 1 1 0 0 1 1 1 1 0 0 0 1 1 1 0 0 0 0 1 1 0 1
 1 1 0 1 1 1 0 0 0 0 1 1 1 0 1 0 0 0 0 1 1 1 1 0 0 0 1 0 1 1 1 1 0 1 1 0 1
 0 1 1 1 1 1 0 0 1 1 1 1 1 1 1 0 1 0 0 1 0 0 1 1 1 0]
At 24801/30000: COST 0.042/3.053(0.031) -- Acc 0.970/0.510(0.991)
[1 1 0 0 0 1 0 1 1 0 1 1 0 1 0 0 1 1 1 1 0 0 1 0 0 0 0 1 1 1 1 1 1 0 1 1 1
 0 1 0 1 1 1 1 1 0 1 1 0 0 1 1 1 1 1 1 0 0 1 1 1 0 1 1 0 1 0 0 1 1 1 1 0 0
 0 1 0 1 1 1 0 1 1 0 0 1 0 0 0 0 1 1 0 1 1 1 0 1 0 1]
At 24901/30000: COST 0.013/2.804(0.032) -- Acc 1.000/0.530(0.991)
[0 0 1 0 1 0 0 1 1 1 1 1 0 0 0 0 1 1 0 1 1 1 1 1 0 0 1 0 1 0 1 0 1 1 1 1 1
 0 1 0 1 1 0 1 0 0 0 1 1 1 1 0 1 0 1 0 0 1 1 0 0 1 1 0 0 1 1 1 1 1 1 1 0 1
 1 0 1 1 0 1 0 1 1 0 0 1 1 0 1 0 1 0 1 1 1 1 1 1 1 1]
At 25001/30000: COST 0.023/3.226(0.029) -- Acc 0.990/0.470(0.992)
[1 0 0 0 1 0 0 1 1 0 0 1 1 1 0 1 1 1 1 1 1 0 1 0 1 1 0 0 0 1 0 1 1 1 1 1 1
 1 0 1 1 1 1 1 0 1 0 1 0 1 0 0 0 1 0 1 1 0 1 1 1 0 0 1 0 1 1 1 1 1 1 1 0 0
 1 1 0 1 1 1 0 0 1 1 1 0 0 1 0 1 1 1 1 1 1 0 1 0 1 1]
At 25101/30000: COST 0.006/3.419(0.026) -- Acc 1.000/0.490(0.994)
[0 1 0 0 0 0 0 1 1 0 0 1 1 1 0 0 1 1 1 1 1 0 1 1 1 1 1 1 1 0 0 1 1 1 0 0 1
 1 0 0 1 0 1 1 1 1 0 1 1 0 1 1 0 0 0 0 1 1 1 0 1 1 1 0 1 0 0 0 1 0 0 0 0 0
 1 0 1 1 1 1 1 0 0 1 1 0 1 1 0 0 0 0 0 1 1 0 0 0 1 0]
At 25201/30000: COST 0.048/3.159(0.024) -- Acc 0.980/0.520(0.994)
[0 1 0 1 0 0 1 1 1 0 1 0 1 1 1 0 1 1 0 1 1 1 1 0 0 1 1 1 1 1 1 0 1 1 1 1 0
 1 0 0 1 1 0 1 1 0 1 0 1 1 1 1 0 0 1 0 1 0 1 1 1 1 1 1 1 0 1 0 1 0 1 0 1 1
 1 1 1 1 1 0 0 0 0 1 1 1 1 0 1 0 1 0 1 0 1 1 0 0 1 1]
At 25301/30000: COST 0.085/2.491(0.067) -- Acc 0.990/0.540(0.980)
[1 0 0 1 1 0 1 1 0 0 1 0 1 1 0 0 0 0 0 0 1 1 1 1 0 1 0 0 0 1 0 1 1 0 1 1 0
 1 1 0 1 1 0 1 1 0 1 1 1 1 0 1 0 1 1 0 0 1 0 0 0 1 1 0 1 1 0 0 1 0 1 1 1 1
 1 0 1 0 0 1 0 1 0 1 1 1 1 0 0 1 0 1 0 1 0 1 1 1 1 1]
At 25401/30000: COST 0.035/2.536(0.058) -- Acc 0.980/0.480(0.983)
[0 1 1 1 0 0 1 1 0 1 1 0 1 0 0 0 1 1 1 1 1 1 1 1 1 0 1 1 1 1 0 1 0 1 1 1 0
 1 0 0 0 0 1 1 0 0 1 0 1 1 1 0 1 1 1 1 0 0 1 1 1 0 1 0 1 0 1 1 1 1 1 0 1 1
 0 0 0 0 1 1 1 0 1 1 1 1 1 1 0 0 0 0 0 1 0 0 0 1 1 1]
At 25501/30000: COST 0.057/2.676(0.051) -- Acc 0.990/0.540(0.984)
[1 1 1 1 1 1 0 0 0 0 0 0 1 1 0 1 0 1 1 0 1 1 0 1 1 1 1 0 1 1 0 0 1 1 1 0 1
 1 1 1 1 1 0 1 0 0 1 1 0 1 0 0 1 0 1 0 0 0 1 1 1 1 0 1 1 0 1 1 0 1 1 1 1 1
 0 0 0 0 1 1 1 1 0 1 1 1 0 0 1 1 0 1 1 1 1 1 1 0 1 1]
At 25601/30000: COST 0.130/2.264(0.077) -- Acc 0.960/0.510(0.976)
[1 1 1 1 1 1 0 1 0 0 0 0 1 1 0 1 1 0 0 0 1 0 1 1 1 1 1 0 1 0 1 1 0 1 1 1 1
 1 0 1 1 1 1 0 1 0 1 1 1 1 1 1 0 0 1 1 0 1 0 0 1 1 1 1 0 1 0 0 1 1 1 1 1 0
 1 1 0 1 1 0 0 0 0 1 0 0 1 1 1 1 1 0 0 1 1 0 0 0 1 1]
At 25701/30000: COST 0.018/2.837(0.062) -- Acc 1.000/0.480(0.980)
[1 0 1 1 1 1 1 1 1 1 1 1 0 0 1 1 0 0 1 0 1 0 1 0 0 1 1 1 1 0 1 1 0 1 1 1 1
 1 1 1 1 0 0 1 1 1 0 1 1 0 1 1 0 1 0 1 1 0 0 1 0 0 1 1 0 0 1 0 0 1 0 0 1 0
 1 1 0 0 1 1 1 0 1 1 1 1 1 1 0 0 0 0 1 0 0 1 1 1 0 0]
At 25801/30000: COST 0.022/2.884(0.044) -- Acc 0.990/0.520(0.987)
[0 1 0 0 0 0 0 0 1 1 1 0 1 1 1 1 1 0 0 1 1 1 1 0 0 0 0 0 0 0 1 1 0 0 1 1 0
 1 0 1 0 0 0 0 1 1 1 1 1 1 0 0 1 0 1 1 1 1 0 0 1 1 1 1 0 1 0 1 1 0 1 0 1 1
 1 1 1 1 1 0 1 1 1 1 1 1 0 1 1 1 1 1 0 1 0 1 1 1 1 0]
At 25901/30000: COST 0.006/3.563(0.023) -- Acc 1.000/0.480(0.994)
[0 1 0 1 1 0 1 0 0 0 1 0 1 1 1 0 0 0 1 1 1 1 1 1 0 1 1 1 1 1 0 1 1 0 1 0 1
 1 1 1 1 1 1 1 1 0 0 0 0 1 1 1 0 0 1 1 1 1 1 0 1 0 1 1 1 0 1 1 1 0 0 1 1 1
 1 0 1 0 0 0 1 1 1 0 0 1 1 1 0 0 1 1 0 1 1 1 0 0 1 0]
At 26001/30000: COST 0.014/3.511(0.018) -- Acc 1.000/0.520(0.996)
[1 1 1 1 1 0 1 1 1 1 1 1 1 0 0 1 1 0 1 0 1 1 0 0 1 0 1 1 1 0 1 0 1 0 1 0 0
 0 0 0 0 0 1 0 0 0 1 1 1 1 1 1 1 1 1 1 1 0 1 0 1 0 1 1 1 0 1 1 1 0 0 1 0 1
 1 0 1 1 1 1 1 0 0 1 0 1 0 0 1 1 1 0 1 1 1 1 0 1 1 0]
At 26101/30000: COST 0.002/3.902(0.017) -- Acc 1.000/0.520(0.996)
[1 1 1 0 0 1 1 1 1 1 0 1 1 0 1 0 1 0 1 1 1 1 1 1 0 1 1 1 1 1 1 0 0 1 0 1 0
 0 0 0 0 0 1 1 0 1 0 1 1 0 1 0 1 1 1 0 0 0 0 1 1 1 1 0 0 1 1 0 1 1 0 1 1 1
 1 0 1 1 1 0 1 1 0 1 1 0 1 1 0 1 1 1 0 0 0 0 1 1 1 1]
At 26201/30000: COST 0.037/3.408(0.025) -- Acc 0.980/0.520(0.994)
[0 1 0 1 1 1 0 0 0 1 0 0 1 1 1 1 1 0 0 0 0 0 1 1 1 1 0 1 1 0 0 0 0 1 0 1 0
 1 0 1 1 1 0 0 0 0 1 1 1 1 1 0 1 1 1 0 1 0 1 1 0 0 1 0 0 1 1 1 0 1 1 1 1 1
 0 1 1 0 0 1 1 1 0 1 0 0 1 1 1 1 1 1 0 1 0 1 0 0 0 0]
At 26301/30000: COST 0.155/3.110(0.040) -- Acc 0.950/0.470(0.988)
[1 0 0 0 1 0 1 1 0 1 1 1 1 1 1 1 0 0 1 1 1 1 1 1 1 1 1 1 1 0 0 0 1 1 1 1 0
 1 1 1 0 1 0 1 0 0 0 0 0 1 1 1 0 1 1 1 0 1 0 0 0 1 1 0 1 0 1 1 0 1 1 0 1 0
 0 0 0 1 1 1 1 1 1 1 0 0 0 1 1 1 1 1 0 0 1 0 1 1 0 0]
At 26401/30000: COST 0.080/2.477(0.071) -- Acc 0.970/0.540(0.979)
[0 0 1 0 1 1 1 1 1 1 0 1 1 0 0 1 1 1 0 1 1 0 1 1 0 0 1 1 1 1 1 0 0 0 0 0 1
 1 1 0 1 0 1 0 1 0 1 1 0 1 0 0 1 1 1 0 0 0 0 0 0 1 1 1 1 1 1 1 1 0 1 0 0 0
 1 1 1 0 1 1 1 1 1 0 1 0 1 1 0 1 1 1 0 1 0 0 1 1 0 0]
At 26501/30000: COST 0.088/2.547(0.071) -- Acc 0.950/0.500(0.979)
[1 1 0 0 0 0 0 1 0 1 0 1 1 1 0 1 1 1 1 1 0 1 0 0 0 0 0 1 1 0 1 1 0 1 1 1 1
 0 1 0 1 0 1 1 1 1 1 0 1 1 1 1 1 0 0 1 0 1 0 0 0 0 1 0 0 0 0 1 1 1 0 1 1 1
 0 0 1 0 1 0 1 1 0 0 0 1 0 1 0 0 1 1 1 1 0 0 1 0 1 0]
At 26601/30000: COST 0.022/2.801(0.055) -- Acc 0.990/0.470(0.984)
[1 0 0 0 0 1 1 1 1 0 1 0 0 0 0 1 1 1 0 1 1 1 0 0 0 0 1 1 1 1 1 1 1 1 1 1 0
 0 0 1 0 0 1 0 1 1 0 0 1 1 0 0 1 1 0 0 0 1 1 1 1 1 0 0 1 1 0 1 1 1 1 1 1 1
 0 1 1 0 1 1 1 0 0 1 0 0 0 1 1 0 1 1 1 1 1 0 0 0 0 1]
At 26701/30000: COST 0.025/2.517(0.040) -- Acc 1.000/0.510(0.989)
[1 1 1 1 1 1 1 0 1 0 0 1 1 0 0 0 1 1 0 0 1 0 1 0 1 1 0 1 0 1 0 1 0 1 1 0 1
 0 1 1 1 1 1 1 1 1 1 0 1 1 1 0 1 1 1 1 1 1 0 0 1 0 1 1 1 1 1 0 0 0 1 1 0 1
 0 1 1 1 1 0 1 0 0 1 0 0 1 1 1 0 1 1 0 1 0 1 1 0 1 0]
At 26801/30000: COST 0.013/3.293(0.032) -- Acc 1.000/0.510(0.991)
[1 1 1 1 0 1 1 0 0 0 1 1 1 1 1 0 1 1 1 1 0 1 0 1 0 1 0 1 1 0 1 1 1 1 0 0 1
 1 1 1 0 1 0 1 1 1 1 0 0 0 0 0 0 1 1 1 1 0 1 1 1 1 1 0 0 1 0 0 0 0 1 1 1 0
 1 1 1 0 1 1 1 1 1 1 1 1 1 0 1 0 0 0 1 1 0 1 1 1 1 0]
At 26901/30000: COST 0.009/3.332(0.028) -- Acc 1.000/0.540(0.993)
[0 1 1 1 1 1 1 1 1 0 0 0 0 0 1 0 1 1 0 1 1 0 1 1 1 1 1 0 0 0 1 1 1 1 1 1 0
 1 0 1 1 1 1 0 1 0 1 1 1 0 1 0 1 0 1 1 0 1 0 1 1 0 1 1 1 0 1 0 1 1 1 0 0 0
 1 0 0 1 1 1 1 0 0 1 0 1 1 1 0 1 1 0 0 0 1 1 0 1 1 0]
At 27001/30000: COST 0.033/2.980(0.033) -- Acc 0.980/0.550(0.990)
[1 1 1 0 0 1 1 1 1 1 0 1 1 1 0 1 0 0 0 1 0 1 1 0 0 1 0 0 1 1 1 1 1 0 1 1 0
 1 1 0 1 0 0 1 0 0 1 0 0 0 0 0 0 0 1 1 1 1 1 1 0 1 0 1 1 0 0 1 0 1 1 1 1 1
 0 1 0 1 0 0 1 1 1 0 1 1 0 0 0 0 0 1 1 1 1 1 1 1 0 1]
At 27101/30000: COST 0.021/2.613(0.034) -- Acc 0.990/0.550(0.990)
[1 0 1 0 1 1 0 1 1 0 1 0 0 0 0 0 1 1 0 1 1 1 1 0 1 0 1 0 1 1 1 1 1 0 1 0 1
 1 0 0 0 1 1 1 0 0 1 1 1 1 0 1 1 0 1 1 1 1 1 1 0 0 0 0 1 1 1 0 1 1 1 1 1 1
 1 0 1 1 0 1 0 1 0 1 1 1 1 1 0 1 0 1 1 0 1 1 0 1 1 0]
At 27201/30000: COST 0.016/2.940(0.025) -- Acc 1.000/0.530(0.993)
[1 0 1 1 0 1 0 0 0 0 0 1 1 0 0 1 1 0 0 0 1 0 1 1 1 1 1 0 1 1 0 1 1 1 1 1 1
 1 1 0 0 0 1 0 0 0 1 1 0 0 1 1 1 0 1 1 0 1 1 1 0 0 1 0 1 1 1 0 1 1 0 0 0 0
 1 0 1 0 0 1 1 1 0 1 1 0 0 0 1 1 0 1 1 1 0 1 0 0 0 1]
At 27301/30000: COST 0.052/3.466(0.021) -- Acc 0.990/0.500(0.994)
[0 1 1 0 0 1 1 1 0 0 0 1 1 1 0 1 0 1 1 1 0 0 1 1 1 0 1 1 0 1 0 0 0 1 0 1 1
 0 0 0 1 1 1 1 0 0 0 1 1 1 1 1 1 1 0 1 0 0 0 1 0 1 1 0 1 0 0 0 0 0 0 1 1 1
 1 0 0 1 0 1 1 1 1 1 0 0 1 1 1 0 0 1 0 1 1 0 0 0 0 1]
At 27401/30000: COST 0.034/3.153(0.037) -- Acc 0.990/0.430(0.990)
[1 0 0 0 0 0 0 0 1 0 0 0 1 0 0 0 1 0 1 1 0 1 1 0 1 1 1 1 0 0 1 1 1 1 0 1 0
 0 1 0 0 1 1 1 0 1 0 1 0 1 0 1 0 0 1 1 1 1 1 0 0 0 0 0 1 0 0 0 0 0 0 1 1 1
 1 0 1 1 0 0 1 0 1 1 1 1 1 1 1 1 0 1 0 1 1 1 1 0 0 0]
At 27501/30000: COST 0.012/2.771(0.041) -- Acc 1.000/0.480(0.988)
[0 0 0 0 1 0 1 1 0 1 1 0 1 1 0 0 0 1 0 0 0 1 0 0 1 1 0 0 1 1 0 0 0 1 1 0 0
 0 1 1 0 1 1 1 1 1 0 0 1 1 0 1 0 1 1 0 1 0 1 0 1 0 1 0 0 0 0 1 1 1 1 0 1 0
 1 0 1 1 1 0 1 0 1 1 1 1 0 0 1 1 1 0 1 0 1 1 0 1 1 1]
At 27601/30000: COST 0.014/3.267(0.032) -- Acc 1.000/0.510(0.991)
[0 0 1 1 1 1 1 0 1 0 1 0 0 0 0 1 1 0 0 1 0 1 0 1 1 1 1 0 0 1 0 1 1 1 0 1 1
 0 0 0 1 1 1 1 1 0 1 1 1 1 0 0 1 1 1 0 0 0 1 1 1 1 0 0 1 0 0 0 1 0 1 0 0 0
 1 1 1 0 1 1 0 1 0 1 1 0 1 1 0 0 1 1 1 1 1 1 1 1 0 1]
At 27701/30000: COST 0.003/3.011(0.024) -- Acc 1.000/0.540(0.994)
[1 1 1 1 0 0 0 1 1 1 0 0 0 0 1 0 1 1 1 1 1 1 0 1 0 1 1 1 0 1 1 1 0 1 1 1 1
 0 0 0 0 1 0 1 1 1 0 1 0 1 0 0 0 1 0 1 1 1 1 1 1 0 1 1 1 1 1 0 1 1 1 1 1 1
 1 0 0 1 0 0 0 1 0 0 1 0 0 0 0 0 0 1 0 1 1 0 0 0 1 1]
At 27801/30000: COST 0.060/3.374(0.022) -- Acc 0.980/0.510(0.994)
[0 0 1 1 1 1 0 1 1 0 0 1 1 1 1 1 0 1 1 0 0 0 0 1 1 1 1 1 1 0 0 0 1 1 0 1 0
 0 1 1 1 1 0 1 1 0 1 1 1 0 1 0 1 0 1 1 1 0 1 1 1 1 1 0 1 1 1 0 0 0 1 1 1 0
 1 1 1 1 1 1 1 1 1 0 0 0 0 0 0 1 1 0 1 1 0 0 1 1 1 1]
At 27901/30000: COST 0.008/3.145(0.027) -- Acc 1.000/0.490(0.992)
[0 0 1 1 1 1 0 0 1 0 1 1 1 1 1 0 1 0 1 1 0 1 1 0 0 0 0 1 1 0 0 1 0 0 1 0 1
 1 1 1 0 1 1 1 0 0 1 1 1 1 0 1 0 0 1 1 1 0 0 0 0 1 1 1 1 1 1 1 0 0 1 1 0 0
 0 1 0 0 1 1 1 0 0 0 1 0 1 1 1 0 1 0 0 1 0 1 0 1 0 1]
At 28001/30000: COST 0.003/3.384(0.019) -- Acc 1.000/0.510(0.995)
[0 0 0 0 1 1 1 1 0 1 1 0 1 1 1 1 0 0 0 1 1 1 1 0 1 1 0 1 0 1 0 0 0 1 0 1 1
 1 1 1 1 0 0 0 0 0 0 1 1 1 1 1 1 1 1 0 0 0 1 1 1 0 1 1 1 0 0 0 0 1 1 1 0 0
 0 0 0 1 0 0 0 1 0 1 1 1 0 1 1 1 1 0 0 1 0 0 0 0 0 0]
At 28101/30000: COST 0.014/3.458(0.037) -- Acc 1.000/0.490(0.990)
[1 1 0 1 0 1 0 1 0 0 0 0 0 1 0 1 0 1 0 1 1 1 0 0 1 1 1 1 1 1 0 1 1 0 1 1 1
 1 0 1 1 1 1 1 1 1 0 1 1 1 1 1 0 1 0 1 1 0 1 1 1 0 0 0 0 1 1 0 0 0 0 0 1 0
 0 0 0 0 1 0 0 1 1 1 0 0 1 0 1 1 1 1 1 1 1 0 1 1 1 1]
At 28201/30000: COST 0.055/3.359(0.048) -- Acc 0.990/0.550(0.986)
[1 1 0 1 0 0 0 1 0 1 0 1 0 1 1 0 0 1 0 0 1 0 1 1 0 1 1 1 1 0 1 0 0 1 1 0 1
 0 0 0 1 1 0 1 1 0 1 1 0 1 1 1 1 1 1 1 0 1 0 1 0 0 1 1 1 0 1 1 1 1 1 1 0 1
 1 1 1 0 0 1 0 0 1 0 0 1 1 1 0 1 0 1 1 0 1 0 1 1 0 1]
At 28301/30000: COST 0.016/2.951(0.054) -- Acc 0.990/0.490(0.984)
[1 0 1 0 1 1 0 1 1 0 1 0 1 1 1 1 0 1 0 1 1 0 1 1 0 0 1 0 1 1 0 1 1 1 0 1 1
 1 0 0 0 1 1 1 0 0 0 0 0 1 0 1 1 0 1 0 0 1 0 0 1 0 0 1 0 0 1 0 1 0 1 1 1 1
 0 0 1 0 1 1 0 0 1 1 1 0 1 0 1 0 1 1 1 0 1 0 1 0 0 1]
At 28401/30000: COST 0.052/3.012(0.046) -- Acc 0.980/0.480(0.987)
[1 0 0 1 1 0 0 1 1 0 0 1 0 1 0 1 1 0 0 1 1 1 0 0 1 0 0 1 1 1 1 1 1 1 0 1 1
 1 0 1 1 1 0 1 1 1 1 1 1 0 0 1 0 1 1 0 1 0 0 1 0 0 0 1 1 1 1 0 0 1 1 0 1 1
 1 0 1 0 1 1 0 1 1 1 1 1 1 0 0 1 1 0 1 0 0 1 0 1 1 1]
At 28501/30000: COST 0.004/3.087(0.024) -- Acc 1.000/0.530(0.994)
[1 0 0 0 0 0 1 0 1 0 1 0 1 1 1 1 1 0 1 1 1 0 1 0 0 1 0 1 0 1 1 0 0 1 1 1 1
 0 0 1 0 1 1 0 1 0 1 0 1 1 1 1 1 1 1 1 1 1 0 0 1 0 0 1 1 0 1 1 1 1 0 0 1 1
 0 0 0 1 0 1 0 1 1 1 1 0 0 0 1 1 1 0 1 1 1 0 1 1 0 0]
At 28601/30000: COST 0.033/3.055(0.025) -- Acc 0.990/0.540(0.993)
[1 1 0 1 0 1 0 1 1 1 1 0 1 0 1 0 0 1 0 1 0 1 0 1 1 0 0 0 0 1 0 0 1 1 0 1 1
 0 0 0 0 0 0 1 1 1 0 0 1 0 0 1 0 1 1 0 1 0 1 1 1 0 1 1 0 1 1 1 1 0 1 1 1 1
 0 1 0 1 1 1 1 0 1 1 1 0 1 0 1 1 1 1 1 1 0 1 0 1 1 1]
At 28701/30000: COST 0.008/3.447(0.019) -- Acc 1.000/0.530(0.995)
[0 1 1 1 1 0 1 1 1 1 0 1 1 1 0 0 1 1 1 1 1 1 1 1 1 1 1 1 1 0 1 1 0 1 0 0 0
 1 0 1 0 1 1 1 1 1 1 0 1 1 1 1 1 0 0 1 1 0 0 1 0 0 0 1 0 0 1 1 1 0 1 1 0 1
 1 1 0 1 0 0 1 0 0 1 1 1 1 0 0 0 1 1 0 1 1 1 1 1 0 0]
At 28801/30000: COST 0.017/3.509(0.025) -- Acc 0.990/0.560(0.993)
[1 1 0 1 0 1 0 0 0 1 1 1 1 1 1 1 0 0 0 1 0 1 1 0 1 0 1 0 0 1 0 0 1 0 0 0 0
 0 1 1 0 0 1 1 1 1 1 0 1 0 1 0 0 0 0 1 1 1 0 1 1 1 1 1 0 0 1 1 0 0 1 1 1 1
 1 1 1 1 0 0 1 1 1 1 0 1 1 0 1 1 1 1 1 0 1 1 1 0 1 1]
At 28901/30000: COST 0.192/2.798(0.045) -- Acc 0.960/0.540(0.987)
[0 0 1 0 1 0 0 0 1 1 0 0 1 0 1 0 1 1 1 1 1 1 1 1 0 0 1 0 1 1 0 1 1 1 0 1 0
 0 1 1 0 0 1 1 0 1 1 1 1 1 0 1 0 1 0 1 0 1 0 0 0 1 1 0 1 0 1 1 0 1 1 0 1 1
 1 1 0 1 1 1 1 1 1 0 1 0 1 1 1 1 0 1 1 0 1 1 0 1 1 0]
At 29001/30000: COST 0.124/2.834(0.062) -- Acc 0.950/0.530(0.981)
[1 1 0 1 0 1 1 0 0 1 1 1 0 1 1 1 0 1 0 0 0 0 1 1 1 0 0 0 1 1 1 1 0 0 0 1 0
 0 1 1 0 1 0 0 0 1 1 1 1 1 1 1 1 0 1 0 1 1 0 0 0 1 1 1 1 1 1 1 0 0 1 1 0 1
 0 0 0 0 0 1 1 1 0 1 1 1 1 0 0 1 1 1 1 1 1 1 0 1 0 1]
At 29101/30000: COST 0.025/2.799(0.077) -- Acc 1.000/0.490(0.978)
[1 1 1 0 0 1 1 1 1 0 1 1 0 0 1 1 1 1 0 0 1 1 1 1 0 1 0 1 0 1 1 0 1 1 0 0 1
 0 1 1 1 1 0 1 1 0 0 1 0 1 0 1 1 0 1 0 1 1 1 0 0 0 1 1 0 1 0 1 0 1 0 0 0 1
 1 0 0 0 0 1 0 0 1 1 0 1 1 1 0 0 1 1 0 1 1 0 1 1 0 0]
At 29201/30000: COST 0.011/3.217(0.047) -- Acc 1.000/0.480(0.986)
[1 0 1 0 1 0 1 0 0 1 0 1 1 1 1 0 0 1 1 0 0 1 0 1 1 1 1 0 0 1 1 1 0 0 1 0 1
 1 1 0 1 0 1 0 1 1 1 0 0 0 0 0 1 1 1 0 0 0 0 1 0 0 0 1 0 1 1 0 1 1 1 0 0 0
 1 1 1 0 1 0 0 0 1 0 0 1 1 1 1 1 1 1 0 0 1 0 1 1 0 0]
At 29301/30000: COST 0.098/2.611(0.032) -- Acc 0.980/0.480(0.990)
[1 1 1 1 1 1 1 1 1 1 1 0 1 0 1 0 1 0 1 1 0 0 1 1 1 1 0 0 1 0 1 1 1 1 0 0 1
 0 1 1 1 0 1 1 1 0 0 0 1 1 0 1 1 0 1 1 1 1 0 1 0 1 0 0 1 0 1 1 0 1 0 0 0 0
 1 1 1 1 0 1 1 0 0 1 1 0 1 1 1 1 0 1 0 1 1 0 0 1 0 1]
At 29401/30000: COST 0.008/3.562(0.026) -- Acc 1.000/0.500(0.992)
[0 0 1 0 1 1 0 0 1 0 1 1 1 0 1 1 1 1 0 1 1 0 1 1 0 1 1 1 1 0 1 1 1 0 1 1 1
 1 0 1 0 0 1 1 1 0 1 1 0 1 1 1 1 0 1 0 0 0 0 1 1 1 1 0 0 1 0 0 1 0 1 0 0 1
 1 0 0 1 1 1 0 0 1 1 1 0 0 1 1 0 0 1 0 1 1 1 1 0 1 0]
At 29501/30000: COST 0.002/3.747(0.023) -- Acc 1.000/0.470(0.994)
[1 1 1 0 1 1 0 1 1 1 0 1 0 0 0 0 0 0 1 1 1 0 0 0 0 0 0 1 1 1 0 1 1 1 0 0 0
 0 0 1 0 1 0 1 0 1 1 1 1 1 1 0 1 1 0 0 1 0 1 1 1 1 1 1 1 1 0 0 1 0 0 0 1 0
 1 1 1 1 1 1 1 1 0 1 1 0 0 0 1 1 1 1 1 1 0 1 1 0 1 1]
At 29601/30000: COST 0.008/3.326(0.021) -- Acc 1.000/0.510(0.995)
[0 1 1 1 1 1 1 1 1 0 1 0 1 0 1 0 1 1 1 0 1 1 1 0 0 0 1 0 0 0 1 0 1 1 1 1 0
 0 1 1 1 0 1 1 0 0 0 1 0 0 1 0 1 0 1 1 0 1 1 0 1 1 0 1 1 1 0 0 1 1 1 1 1 1
 1 1 1 1 1 0 1 0 1 1 1 1 1 0 1 1 0 0 0 1 1 0 1 1 0 0]
At 29701/30000: COST 0.038/3.389(0.025) -- Acc 0.990/0.460(0.993)
[1 1 1 1 1 1 0 1 0 0 1 1 1 1 0 0 1 0 0 0 1 1 1 0 0 1 1 0 0 0 0 1 1 1 1 1 0
 1 1 0 1 0 1 0 1 1 0 0 0 0 0 0 0 0 0 0 0 1 1 1 0 0 1 1 1 1 1 1 1 0 1 1 0 0
 0 0 0 1 0 1 1 0 1 1 1 0 1 1 0 1 1 1 0 0 1 0 1 1 1 1]
At 29801/30000: COST 0.028/3.108(0.027) -- Acc 0.990/0.510(0.992)
[1 1 1 1 0 1 1 1 0 1 0 0 1 0 1 0 0 0 0 1 1 0 0 0 0 1 1 1 0 0 1 1 1 1 0 1 1
 1 0 0 0 1 1 1 1 0 0 1 1 0 1 1 1 1 0 0 0 1 0 1 1 1 0 1 0 0 1 0 1 1 1 1 0 1
 1 1 1 1 1 1 0 0 1 1 0 0 1 0 1 0 1 0 0 1 1 1 0 1 0 1]
At 29901/30000: COST 0.026/3.013(0.028) -- Acc 0.990/0.560(0.992)
