[0 0 0 1 1 0 1 0 1 1 0 1 1 0 1 0 0 0 0 1 0 0 1 0 0 0 0 0 0 0 0 0 0 0 0 0 0
 1 1 1 1 0 1 1 0 0 0 1 1 0 0 1 0 0 1 0 1 0 0 0 0 1 1 0 0 0 0 0 0 0 0 0 0 0
 0 0 0 0 0 0 1 0 1 0 1 1 1 0 1 0 0 0 0 0 1 0 1 0 1 0]
 Training accuracy at 0 out of 20000 is 0.518(0.450),cost is 8.187(0.719)
[0 0 0 1 1 1 1 0 1 1 1 1 1 0 1 0 0 0 0 1 0 0 1 0 0 0 0 0 0 0 0 0 1 0 0 0 0
 1 1 1 1 0 1 1 0 0 0 1 1 0 0 1 1 1 1 1 1 0 0 0 1 1 1 0 0 0 0 0 1 0 0 0 0 0
 0 0 0 0 0 0 1 0 1 0 1 1 1 0 1 0 0 0 0 0 1 0 1 0 1 0]
 Training accuracy at 100 out of 20000 is 0.531(0.410),cost is 8.091(0.717)
[0 0 0 1 1 1 1 0 1 1 1 1 1 0 1 0 0 0 0 1 1 0 1 0 0 0 0 1 0 0 0 0 1 1 0 0 0
 1 1 1 1 0 1 1 1 0 0 1 1 0 0 1 1 1 1 1 1 0 1 0 1 1 1 0 0 0 0 1 1 0 0 1 0 0
 0 0 0 0 0 0 1 0 1 0 1 1 1 0 1 0 0 1 0 0 1 0 1 0 1 0]
 Training accuracy at 200 out of 20000 is 0.531(0.430),cost is 8.028(0.717)
[0 0 0 1 1 1 1 0 1 1 1 1 1 0 1 0 0 0 0 1 1 0 1 0 0 0 0 1 0 0 0 0 1 1 0 0 0
 1 1 1 1 0 1 1 1 0 0 1 1 0 1 1 1 1 1 1 1 0 1 0 1 1 1 0 0 0 0 1 1 1 0 1 0 0
 0 0 1 0 0 0 1 0 1 0 1 1 1 0 1 0 0 1 0 0 1 0 1 0 1 0]
 Training accuracy at 300 out of 20000 is 0.540(0.440),cost is 7.978(0.717)
[0 0 0 1 1 1 1 0 1 1 1 1 1 0 1 0 0 0 0 1 1 0 1 0 0 0 0 1 0 0 0 0 1 1 0 0 0
 1 1 1 1 0 1 1 1 0 0 1 1 0 1 1 1 1 1 1 1 0 1 0 1 1 1 1 0 0 0 1 1 1 1 1 0 0
 0 0 1 0 0 0 1 0 1 1 1 1 1 1 1 0 0 1 0 0 1 0 1 0 1 0]
 Training accuracy at 400 out of 20000 is 0.541(0.440),cost is 7.936(0.716)
[0 0 0 1 1 1 1 0 1 1 1 1 1 0 1 0 0 0 0 1 1 0 1 0 0 0 0 1 0 0 0 0 1 1 0 0 0
 1 1 1 1 0 1 1 1 0 0 1 1 0 1 1 1 1 1 1 1 0 1 0 1 1 1 1 0 0 0 1 1 1 0 1 0 0
 0 0 1 0 0 0 1 0 1 1 1 1 1 0 1 0 0 1 0 0 1 0 1 0 1 0]
 Training accuracy at 500 out of 20000 is 0.549(0.440),cost is 7.901(0.715)
[0 0 0 1 1 1 1 0 1 1 1 1 1 0 1 0 0 0 0 1 1 0 1 0 0 0 0 1 0 0 0 0 1 1 0 0 0
 1 1 1 1 0 1 1 1 0 0 1 1 0 1 1 1 1 1 1 1 0 1 0 1 1 1 1 0 0 0 1 1 1 1 1 0 0
 0 0 1 0 0 0 1 0 1 1 1 1 1 0 1 0 0 1 0 0 1 0 1 0 1 0]
 Training accuracy at 600 out of 20000 is 0.549(0.430),cost is 7.868(0.714)
[0 0 0 1 1 1 1 0 1 1 1 1 1 0 1 0 0 0 0 1 1 0 1 0 0 0 0 1 0 0 0 0 1 1 0 0 0
 1 1 1 1 0 1 1 1 0 0 1 1 0 1 1 1 1 1 1 1 0 1 0 1 1 1 1 0 0 0 1 1 1 0 1 0 0
 0 0 1 0 0 0 1 0 1 1 1 1 1 0 1 0 0 1 0 0 1 0 1 0 1 0]
 Training accuracy at 700 out of 20000 is 0.555(0.440),cost is 7.840(0.712)
[0 0 0 1 1 1 1 0 1 1 1 0 1 0 1 0 0 0 0 1 1 0 1 0 0 0 0 1 0 0 0 0 1 1 0 0 0
 1 1 1 1 0 1 1 1 0 0 1 1 0 1 1 1 1 1 1 1 0 1 0 1 1 1 1 0 0 0 1 1 1 1 1 0 0
 0 0 1 0 0 0 1 0 1 1 1 1 1 0 1 0 0 1 0 0 1 0 1 0 1 0]
 Training accuracy at 800 out of 20000 is 0.565(0.440),cost is 7.812(0.712)
[0 0 0 1 1 1 1 0 1 1 1 0 1 0 1 0 0 0 0 1 1 0 1 0 0 0 0 1 0 0 0 0 1 1 0 0 0
 1 1 1 1 0 1 1 1 0 0 1 1 0 1 1 1 1 1 1 1 0 1 0 1 1 1 1 0 0 0 1 1 1 0 1 1 0
 0 0 1 0 0 0 1 0 1 1 1 1 1 0 1 0 0 1 0 0 1 0 1 0 1 0]
 Training accuracy at 900 out of 20000 is 0.575(0.440),cost is 7.786(0.711)
[0 0 0 1 1 1 1 0 1 1 1 0 1 0 1 0 0 0 0 1 1 0 1 0 1 0 0 1 0 0 0 0 1 1 0 0 0
 1 1 1 1 0 1 1 1 0 0 1 1 0 1 1 1 1 1 1 1 0 1 0 1 1 1 1 0 0 0 1 1 1 0 1 1 0
 0 0 1 0 0 0 1 0 1 1 1 1 1 0 1 0 0 1 0 0 1 0 1 0 1 0]
 Training accuracy at 1000 out of 20000 is 0.582(0.430),cost is 7.763(0.710)
[0 0 0 1 1 1 1 0 1 1 1 0 1 0 1 0 0 0 0 1 1 0 1 0 1 0 0 1 0 0 0 0 1 1 0 0 0
 1 1 1 1 0 1 1 1 0 0 1 1 0 1 1 1 1 1 1 1 0 1 0 1 1 1 1 0 0 0 1 1 1 1 1 1 0
 0 0 1 0 0 0 1 0 1 1 1 1 1 0 1 0 0 1 0 0 1 0 1 0 1 0]
 Training accuracy at 1100 out of 20000 is 0.589(0.420),cost is 7.741(0.709)
[0 0 0 1 1 1 1 0 1 1 1 0 1 0 1 0 0 0 0 1 1 0 1 0 1 0 0 1 0 0 0 0 1 1 0 0 0
 1 1 1 1 0 1 1 1 0 0 1 1 0 1 1 1 1 1 1 1 0 1 0 1 1 1 1 0 0 0 1 1 1 0 0 1 0
 0 0 0 0 0 0 1 0 1 1 1 1 1 0 1 0 0 1 0 1 1 0 1 0 1 0]
 Training accuracy at 1200 out of 20000 is 0.598(0.460),cost is 7.719(0.708)
[0 0 0 1 1 1 1 0 1 1 1 0 1 0 1 0 0 0 0 1 1 0 1 0 1 0 0 1 0 0 0 0 1 1 0 0 0
 1 1 1 1 0 1 1 1 0 0 1 1 0 1 1 1 1 1 1 1 0 1 0 1 1 1 1 0 0 1 1 1 1 0 0 1 0
 0 0 0 0 0 0 1 0 1 1 1 1 1 0 1 0 0 1 0 1 1 0 1 0 1 0]
 Training accuracy at 1300 out of 20000 is 0.606(0.470),cost is 7.699(0.708)
[0 0 0 1 1 1 1 0 1 1 1 0 1 0 1 0 0 0 0 1 1 0 1 0 1 0 0 1 0 0 0 0 1 1 0 0 0
 1 1 1 1 0 1 1 1 0 0 1 1 0 1 1 1 1 1 1 1 0 1 0 1 1 1 1 0 0 1 1 1 1 0 1 1 0
 0 0 0 0 0 0 1 0 1 1 1 1 1 0 1 0 0 1 0 1 1 0 1 0 1 0]
 Training accuracy at 1400 out of 20000 is 0.614(0.460),cost is 7.676(0.708)
[0 0 0 1 1 1 1 0 1 1 1 0 1 0 1 0 0 0 0 1 1 0 1 0 1 1 0 1 0 0 0 0 1 1 0 0 0
 1 1 1 1 0 1 1 1 0 0 1 1 0 1 1 1 1 1 1 1 1 1 0 1 1 1 1 0 0 1 1 1 1 1 1 1 0
 0 0 0 0 0 0 1 0 1 1 1 1 1 0 1 0 0 1 0 1 1 0 1 0 1 0]
 Training accuracy at 1500 out of 20000 is 0.611(0.450),cost is 7.656(0.707)
[0 0 0 1 1 1 1 0 1 1 1 0 1 0 1 0 0 0 0 1 1 0 1 0 1 1 0 1 0 0 1 0 1 1 0 0 0
 1 1 1 1 0 1 1 1 0 0 1 1 0 1 1 1 1 1 1 1 1 1 0 1 1 1 1 0 0 1 1 1 1 1 1 1 0
 0 0 0 0 0 0 1 0 1 1 1 1 1 0 1 0 0 1 0 1 1 0 1 0 1 0]
 Training accuracy at 1600 out of 20000 is 0.610(0.440),cost is 7.636(0.707)
[0 0 0 1 1 1 1 0 1 1 1 0 1 0 1 0 0 0 0 1 1 0 1 0 1 1 0 1 0 0 1 0 1 1 0 0 0
 1 1 1 1 0 1 1 1 0 0 1 1 0 1 1 1 1 1 1 1 1 1 0 1 1 1 1 0 0 1 1 1 1 1 1 1 0
 0 0 0 0 0 0 1 0 1 1 1 1 1 0 1 0 0 1 0 1 1 0 1 0 1 0]
 Training accuracy at 1700 out of 20000 is 0.619(0.440),cost is 7.617(0.708)
[0 0 0 1 1 1 1 0 1 1 1 0 1 0 1 0 0 0 0 1 1 0 1 0 1 1 0 1 0 0 1 0 1 1 0 0 0
 1 1 1 1 0 1 1 1 0 0 1 1 0 1 1 1 1 1 1 1 1 1 0 1 1 1 1 0 0 1 1 1 1 1 1 1 0
 0 0 0 0 0 0 1 0 1 1 1 1 1 0 1 0 0 1 0 1 1 0 1 0 1 0]
 Training accuracy at 1800 out of 20000 is 0.627(0.440),cost is 7.597(0.708)
[0 0 0 1 1 1 1 0 1 1 1 0 1 0 1 0 0 0 0 1 1 0 1 0 1 1 0 1 0 0 1 0 1 1 0 0 0
 1 1 1 1 0 1 1 1 0 0 1 1 0 1 1 1 1 1 1 1 1 1 0 1 1 1 1 0 0 1 1 1 1 1 1 1 0
 0 0 0 0 0 0 1 1 1 1 1 1 1 0 1 0 0 1 0 1 1 1 1 0 1 0]
 Training accuracy at 1900 out of 20000 is 0.635(0.460),cost is 7.578(0.707)
[0 0 0 1 1 1 1 0 1 1 1 0 1 0 1 0 0 0 0 1 0 0 1 0 1 1 0 1 0 0 1 0 1 1 0 0 0
 1 1 1 0 0 1 1 1 0 0 1 1 0 0 1 1 1 1 1 1 1 1 0 1 1 1 1 0 0 1 1 1 1 1 0 1 0
 0 0 0 0 0 0 1 1 1 1 1 1 1 0 1 0 0 1 0 1 1 1 1 0 1 0]
 Training accuracy at 2000 out of 20000 is 0.641(0.460),cost is 7.560(0.707)
[0 0 0 1 1 1 1 0 1 1 1 0 1 0 1 0 0 0 0 1 0 0 1 0 1 1 0 1 0 0 1 0 1 1 0 0 0
 1 1 1 0 0 1 1 1 0 0 1 1 0 0 1 1 1 1 1 1 1 1 0 1 1 1 1 0 0 1 1 1 1 1 0 1 0
 0 0 0 0 0 0 0 0 1 1 1 1 1 0 1 0 0 1 0 1 1 1 1 0 1 0]
 Training accuracy at 2100 out of 20000 is 0.640(0.460),cost is 7.541(0.707)
[0 0 0 1 1 1 1 0 1 1 1 0 1 0 1 0 0 0 0 1 0 0 1 0 1 1 0 1 0 0 1 0 1 1 0 0 0
 1 1 1 0 0 1 1 1 1 0 1 1 0 0 1 1 1 1 1 1 1 1 1 1 1 1 1 0 0 1 1 1 1 1 1 1 0
 0 0 0 0 0 1 1 1 1 1 1 1 1 0 1 0 0 1 0 1 1 1 1 0 1 1]
 Training accuracy at 2200 out of 20000 is 0.655(0.470),cost is 7.520(0.707)
[0 0 0 1 1 1 1 0 1 1 1 0 1 0 1 0 0 0 0 1 0 0 1 0 1 1 0 1 0 0 1 0 1 1 0 0 0
 1 1 1 0 0 1 1 1 1 0 1 1 0 0 1 1 1 1 1 1 1 1 0 1 1 1 1 0 0 1 1 1 1 0 0 1 0
 0 0 0 0 0 1 0 0 1 1 1 0 1 0 1 0 0 1 0 1 1 1 1 0 1 0]
 Training accuracy at 2300 out of 20000 is 0.658(0.460),cost is 7.501(0.707)
[0 0 0 1 1 1 1 0 1 1 1 0 1 0 1 0 0 0 0 1 0 0 1 0 1 1 0 1 0 0 1 0 1 1 0 0 0
 1 1 1 0 0 1 1 1 1 0 1 1 0 0 1 1 1 1 1 1 1 1 0 1 1 1 1 0 0 1 1 1 1 1 0 1 0
 0 0 0 0 0 1 0 0 1 1 1 0 1 0 1 0 0 1 0 1 1 1 1 0 1 1]
 Training accuracy at 2400 out of 20000 is 0.658(0.460),cost is 7.481(0.707)
[0 0 0 1 1 1 1 0 1 1 1 0 1 0 1 0 0 0 0 1 0 0 0 0 1 1 0 1 0 0 1 0 1 1 0 0 0
 1 1 1 0 0 1 1 1 1 0 1 1 0 0 1 1 1 1 1 1 1 1 0 1 1 1 1 0 0 1 1 1 1 1 0 1 0
 0 0 0 0 0 1 0 1 1 1 1 0 1 0 1 0 0 1 0 1 1 1 1 0 1 1]
 Training accuracy at 2500 out of 20000 is 0.662(0.460),cost is 7.462(0.707)
[0 0 0 1 1 1 1 0 1 1 1 0 1 0 1 0 0 0 0 1 0 0 1 0 1 1 0 1 0 0 1 0 1 1 0 0 0
 1 1 1 0 0 1 1 1 1 0 1 1 0 0 1 1 1 1 1 1 1 1 1 1 1 1 1 0 0 1 1 1 1 1 1 1 0
 0 0 0 0 0 1 0 1 1 1 1 1 1 0 1 0 0 1 0 1 1 1 1 0 1 1]
 Training accuracy at 2600 out of 20000 is 0.669(0.480),cost is 7.442(0.706)
[0 0 0 1 1 1 1 0 1 1 1 0 1 0 1 0 0 0 0 1 0 0 1 0 1 1 0 1 0 0 1 0 1 1 0 0 0
 1 1 1 0 0 1 1 1 1 0 1 1 0 0 1 1 1 1 1 1 1 1 1 1 1 1 1 0 0 1 1 1 1 1 1 1 0
 0 0 1 0 0 1 0 1 1 1 1 1 1 0 1 0 0 1 0 1 1 1 1 0 1 1]
 Training accuracy at 2700 out of 20000 is 0.667(0.470),cost is 7.421(0.707)
[0 0 0 1 1 1 1 0 1 1 1 0 1 0 1 0 0 0 0 1 0 0 0 0 1 1 0 1 0 0 1 0 1 1 0 0 0
 1 1 1 0 0 1 1 1 1 0 1 1 0 0 1 1 1 1 1 1 1 1 1 1 1 1 1 0 0 1 1 1 1 1 0 1 0
 0 0 1 0 0 1 0 1 1 1 1 0 1 0 1 0 0 1 0 1 1 1 1 0 1 1]
 Training accuracy at 2800 out of 20000 is 0.672(0.460),cost is 7.400(0.707)
[0 0 0 1 1 1 1 0 1 1 1 0 1 0 1 0 0 0 0 1 0 0 0 0 1 1 0 1 0 0 1 0 1 1 0 0 0
 1 1 1 0 0 1 1 1 1 0 1 1 0 0 1 1 1 1 1 1 1 1 1 1 1 0 1 0 0 1 1 1 1 1 0 1 0
 0 0 1 0 0 1 0 1 0 1 1 1 1 0 1 0 0 1 0 1 1 1 1 0 1 1]
 Training accuracy at 2900 out of 20000 is 0.677(0.490),cost is 7.378(0.707)
[0 0 0 1 1 1 1 0 1 1 1 0 1 0 1 0 0 0 0 1 0 0 0 0 1 1 0 1 0 0 1 0 1 1 0 0 0
 1 1 1 0 0 1 1 1 1 0 1 1 0 0 1 1 1 1 1 1 1 1 1 1 1 0 1 0 0 1 1 1 1 1 0 1 0
 0 0 1 0 0 1 0 1 0 1 1 0 1 0 1 0 0 1 0 1 1 1 1 0 1 1]
 Training accuracy at 3000 out of 20000 is 0.677(0.480),cost is 7.356(0.706)
[0 0 0 1 1 1 1 0 1 1 1 0 1 0 1 0 0 0 0 1 0 0 0 0 1 1 0 1 0 0 1 0 1 1 0 0 0
 1 1 1 0 0 1 1 1 1 0 1 1 0 0 1 1 1 1 1 1 1 1 1 1 1 0 1 0 0 1 1 1 1 1 0 1 0
 0 0 1 0 0 1 0 1 0 1 1 0 1 0 1 0 0 1 0 1 1 1 1 0 1 1]
 Training accuracy at 3100 out of 20000 is 0.677(0.480),cost is 7.334(0.707)
[0 0 0 1 1 1 1 0 1 1 1 0 1 0 1 0 0 0 0 1 0 0 0 0 1 1 0 1 0 0 1 0 1 1 0 0 0
 1 1 1 0 0 1 1 1 1 0 1 1 0 0 1 1 1 1 1 1 1 1 1 1 1 0 1 0 0 1 1 1 1 1 0 1 0
 0 0 1 0 0 1 0 1 0 1 1 0 1 0 1 0 0 1 0 1 1 1 1 0 1 1]
 Training accuracy at 3200 out of 20000 is 0.681(0.480),cost is 7.313(0.707)
[0 0 0 1 1 1 1 0 1 1 1 0 1 0 1 0 0 0 0 1 0 0 0 0 1 1 0 1 0 0 1 0 1 1 0 0 0
 1 1 1 0 0 1 1 1 1 0 1 1 0 0 1 1 1 1 1 1 1 1 1 1 1 0 1 0 0 1 1 1 1 1 0 1 0
 0 0 1 0 0 1 0 1 0 1 1 0 1 0 1 0 0 1 0 1 1 1 1 0 1 1]
 Training accuracy at 3300 out of 20000 is 0.689(0.480),cost is 7.291(0.707)
[0 0 0 1 1 1 1 0 1 1 1 0 1 0 1 0 0 0 0 1 0 0 0 0 1 1 0 1 0 0 1 0 1 1 0 0 0
 1 1 1 0 0 1 1 1 1 0 1 1 0 0 1 1 1 1 1 1 1 1 1 1 1 0 1 0 0 1 1 1 1 1 0 1 0
 0 0 1 0 0 1 0 1 0 1 1 0 1 0 1 0 0 1 0 1 1 1 1 0 1 1]
 Training accuracy at 3400 out of 20000 is 0.697(0.480),cost is 7.267(0.708)
[0 0 0 1 1 1 1 0 1 1 1 0 1 0 1 0 0 0 0 1 0 0 0 0 1 1 0 1 0 0 1 0 1 1 0 0 0
 1 1 1 0 0 1 1 1 1 0 1 1 0 0 1 1 1 1 1 1 1 1 1 1 1 0 1 0 0 1 1 1 1 1 0 1 0
 0 0 1 0 0 1 0 1 0 1 1 0 1 0 1 0 0 1 0 1 1 1 1 0 1 1]
 Training accuracy at 3500 out of 20000 is 0.698(0.480),cost is 7.245(0.708)
[0 0 0 1 1 1 1 0 1 1 1 0 1 0 1 0 0 0 0 1 0 0 0 0 1 1 0 1 0 0 1 0 0 1 0 0 0
 1 1 1 0 0 1 1 1 1 0 1 1 0 0 1 1 1 1 1 1 1 1 1 1 1 0 1 0 0 1 1 1 1 0 0 1 0
 0 0 1 0 0 1 0 0 0 1 1 0 1 0 1 0 0 1 0 1 1 1 1 0 1 1]
 Training accuracy at 3600 out of 20000 is 0.698(0.490),cost is 7.222(0.709)
[1 0 0 1 1 0 1 0 1 1 1 0 1 0 1 0 0 0 0 1 0 0 0 0 1 1 1 1 0 0 1 0 0 1 0 0 0
 1 1 1 0 0 1 1 1 1 0 1 1 0 0 1 1 1 1 1 1 1 1 1 1 1 0 1 0 0 1 1 1 1 1 0 1 0
 0 0 1 0 0 1 0 1 0 1 1 1 1 0 1 0 0 1 0 1 1 1 1 0 1 1]
 Training accuracy at 3700 out of 20000 is 0.708(0.470),cost is 7.199(0.709)
[1 0 0 1 1 0 1 0 1 1 1 0 1 0 1 0 0 0 0 1 0 0 0 0 1 1 1 1 0 0 1 0 1 1 0 0 0
 1 1 1 0 0 1 1 1 1 0 1 1 0 0 1 1 1 1 1 1 1 1 1 1 1 0 1 0 0 1 1 1 1 1 0 1 0
 0 0 1 0 0 1 0 1 0 1 1 1 1 0 1 0 0 1 0 1 1 1 1 0 1 1]
 Training accuracy at 3800 out of 20000 is 0.706(0.460),cost is 7.176(0.710)
[1 0 0 1 1 0 1 0 1 1 1 0 1 0 0 0 0 0 0 1 0 0 0 0 1 1 1 1 0 0 1 0 0 1 0 0 0
 1 1 1 0 0 1 1 1 1 0 1 1 0 0 1 1 1 1 1 1 1 1 1 1 1 0 1 0 0 1 1 1 1 0 0 1 0
 0 0 1 0 0 1 0 1 0 1 1 0 1 0 1 0 0 1 0 1 1 1 1 0 1 1]
 Training accuracy at 3900 out of 20000 is 0.714(0.460),cost is 7.155(0.709)
[1 0 0 1 1 0 1 0 1 1 1 0 1 0 0 0 0 0 0 1 0 0 0 0 1 1 1 1 0 0 1 0 0 1 0 0 0
 1 1 1 0 0 1 1 1 1 0 1 1 0 0 1 1 1 1 1 1 1 1 1 1 1 0 1 0 0 1 1 1 1 0 0 1 0
 0 0 1 0 0 1 0 1 0 1 1 0 1 0 1 0 0 1 0 1 1 1 1 0 1 1]
 Training accuracy at 4000 out of 20000 is 0.714(0.460),cost is 7.132(0.711)
[1 0 0 1 1 0 1 0 1 1 1 0 1 0 0 0 0 0 0 1 0 0 0 0 1 1 1 1 0 0 1 0 0 1 0 0 0
 1 1 1 0 0 1 1 1 1 0 1 1 0 0 1 1 1 1 1 1 1 1 1 1 1 0 1 0 0 1 1 1 1 0 0 1 0
 0 0 1 0 0 1 0 1 0 1 1 1 1 0 1 0 0 1 0 1 1 1 1 0 1 1]
 Training accuracy at 4100 out of 20000 is 0.718(0.470),cost is 7.110(0.711)
[1 0 0 1 1 0 1 0 1 1 1 0 1 0 0 0 0 0 0 1 0 0 0 0 1 1 1 1 0 0 1 0 1 1 0 0 0
 1 1 1 0 0 1 1 1 1 0 1 1 0 0 1 1 1 1 1 1 1 1 1 1 1 0 1 0 0 1 1 1 1 0 0 1 0
 0 0 1 0 0 1 0 1 0 1 1 1 1 0 1 0 0 1 0 1 1 1 1 0 1 1]
 Training accuracy at 4200 out of 20000 is 0.718(0.460),cost is 7.085(0.712)
[1 0 0 1 1 0 1 0 1 1 1 0 1 0 0 0 0 0 0 1 0 0 0 0 1 1 1 1 0 0 1 0 0 1 0 0 0
 1 1 1 0 0 1 1 1 1 0 1 1 0 0 1 1 1 1 1 1 1 1 1 1 1 0 1 0 0 1 1 1 1 0 0 1 0
 0 0 1 0 0 1 0 1 0 1 1 1 1 0 1 0 0 1 0 1 1 1 1 0 1 1]
 Training accuracy at 4300 out of 20000 is 0.718(0.470),cost is 7.062(0.713)
[1 0 0 1 1 0 1 0 1 1 1 0 1 0 0 0 0 0 0 1 0 0 0 0 1 1 1 1 0 0 1 0 0 1 0 0 0
 1 1 1 0 0 1 1 1 1 0 1 1 0 0 1 1 1 1 1 1 1 1 1 1 1 0 1 0 0 1 1 1 1 0 0 1 0
 0 0 1 0 0 1 0 1 0 1 1 1 1 0 1 0 0 1 0 1 1 1 1 0 1 1]
 Training accuracy at 4400 out of 20000 is 0.728(0.470),cost is 7.036(0.713)
[1 0 0 1 1 0 1 0 1 1 1 0 1 0 0 0 0 0 0 1 0 0 0 0 1 1 1 1 0 0 1 0 0 1 0 0 0
 1 1 1 0 0 1 1 1 1 0 1 1 0 0 1 1 1 1 1 1 1 1 1 1 1 0 1 0 0 1 1 1 1 0 0 1 0
 0 0 1 0 0 1 0 1 0 1 1 1 1 0 1 0 0 1 0 1 1 1 1 0 1 1]
 Training accuracy at 4500 out of 20000 is 0.717(0.470),cost is 7.012(0.715)
[1 0 0 1 1 0 1 0 1 1 1 0 1 0 0 0 0 0 0 1 0 0 0 0 1 1 1 1 0 0 1 0 0 1 0 0 0
 1 1 1 0 0 1 1 1 1 0 1 1 0 0 1 1 1 1 1 1 1 1 1 1 1 0 1 0 0 1 1 1 1 0 0 1 0
 0 0 1 0 0 1 0 1 0 1 1 1 1 0 1 0 0 1 0 1 1 1 1 0 1 1]
 Training accuracy at 4600 out of 20000 is 0.723(0.470),cost is 6.988(0.715)
[1 0 0 1 1 0 1 0 1 1 1 0 1 0 0 0 0 0 0 1 0 0 0 0 1 1 1 1 0 0 1 0 0 1 0 0 0
 1 1 1 0 0 1 1 1 1 0 1 1 0 0 1 1 1 1 1 1 1 1 1 1 1 0 1 0 0 1 1 1 1 0 0 1 0
 0 0 1 0 0 1 0 1 0 1 1 1 1 0 1 0 0 1 0 1 1 1 1 0 1 1]
 Training accuracy at 4700 out of 20000 is 0.729(0.470),cost is 6.963(0.716)
[1 0 0 1 1 0 1 0 1 1 1 0 1 0 0 0 0 0 0 1 0 0 0 0 1 1 1 1 0 0 1 0 0 1 0 0 0
 1 1 1 0 0 1 1 1 1 0 1 1 0 0 1 1 1 1 1 1 1 1 1 1 1 0 1 1 0 1 1 1 1 0 0 1 0
 0 0 1 0 0 1 0 1 0 1 1 1 1 0 1 0 0 1 0 1 1 1 1 0 1 1]
 Training accuracy at 4800 out of 20000 is 0.730(0.460),cost is 6.939(0.717)
[1 0 0 1 1 0 1 0 1 1 1 0 1 0 0 0 0 0 0 1 0 0 1 0 1 1 1 1 0 0 1 0 0 1 0 0 0
 1 1 1 0 0 1 1 1 1 0 1 1 0 0 1 1 1 1 1 1 1 1 1 1 1 0 1 1 0 1 1 1 1 0 0 1 0
 0 0 1 0 0 1 0 1 0 1 1 1 1 0 1 0 0 1 0 1 1 1 1 0 1 1]
 Training accuracy at 4900 out of 20000 is 0.728(0.470),cost is 6.913(0.718)
[1 0 0 1 1 0 1 0 1 1 1 0 1 0 0 0 0 0 0 1 0 0 1 0 1 1 1 1 0 0 1 0 0 1 0 0 0
 1 1 1 0 0 1 1 1 1 0 1 1 0 0 0 1 1 1 1 1 1 1 1 1 1 0 1 1 0 1 1 1 1 0 0 1 0
 0 0 1 0 0 1 0 1 0 1 1 1 1 0 1 0 0 1 0 1 1 1 1 0 1 1]
 Training accuracy at 5000 out of 20000 is 0.729(0.480),cost is 6.888(0.718)
[1 0 0 1 1 0 1 0 1 1 1 0 1 0 0 0 0 0 0 1 0 0 0 0 1 1 1 1 0 0 1 0 0 1 0 0 0
 1 1 1 0 0 1 1 1 1 0 1 1 0 0 0 1 1 1 1 1 1 1 1 1 1 0 1 1 0 1 1 1 1 0 0 1 0
 0 0 1 0 0 1 0 1 0 1 1 1 1 0 1 0 0 1 0 1 1 1 1 0 1 1]
 Training accuracy at 5100 out of 20000 is 0.736(0.470),cost is 6.860(0.719)
[1 0 0 1 1 0 1 0 1 1 1 0 1 0 0 0 0 0 0 1 0 0 0 0 1 1 1 1 0 0 1 0 0 1 0 0 0
 1 1 1 0 0 1 1 1 1 0 1 1 0 0 0 1 1 1 1 1 1 1 1 1 1 0 1 1 0 1 1 1 1 0 0 1 0
 0 0 1 0 0 1 0 1 0 1 1 1 1 0 1 0 0 1 0 1 1 1 1 0 1 1]
 Training accuracy at 5200 out of 20000 is 0.733(0.470),cost is 6.837(0.719)
[1 0 0 1 1 0 1 0 1 1 1 0 1 0 0 0 0 0 0 1 0 0 1 0 1 1 1 1 0 0 1 0 0 1 0 0 0
 1 1 1 0 0 1 1 1 1 0 1 1 0 0 0 1 1 1 1 1 1 1 1 1 1 0 1 1 0 1 1 1 1 0 0 1 0
 0 0 1 0 0 1 0 1 0 1 1 1 1 0 1 0 0 1 0 1 1 1 1 0 1 1]
 Training accuracy at 5300 out of 20000 is 0.737(0.480),cost is 6.812(0.720)
[1 0 0 1 1 0 1 0 0 1 1 0 1 0 0 0 0 0 0 1 0 0 0 0 1 1 1 1 0 0 1 0 0 1 0 0 0
 1 1 1 0 0 1 1 1 1 0 1 1 0 0 0 1 1 1 1 1 1 1 1 1 1 0 1 1 0 1 1 1 1 0 0 1 0
 0 0 1 0 0 1 0 1 0 1 1 1 1 0 1 0 0 1 0 1 1 1 1 0 1 1]
 Training accuracy at 5400 out of 20000 is 0.743(0.460),cost is 6.786(0.718)
[1 0 0 1 1 0 1 0 0 1 1 0 1 0 0 0 0 0 0 1 0 0 0 0 1 1 1 1 0 0 1 0 0 1 0 0 0
 1 1 1 0 0 1 1 1 1 0 1 1 0 0 0 1 1 1 1 1 1 1 1 1 1 0 1 1 0 1 1 1 1 0 0 1 0
 0 0 1 0 0 1 0 1 0 1 1 1 1 0 1 0 0 1 0 1 1 1 1 0 1 1]
 Training accuracy at 5500 out of 20000 is 0.746(0.460),cost is 6.758(0.721)
[1 0 0 1 1 0 1 0 1 1 1 0 1 0 0 0 0 0 0 1 0 0 1 0 1 1 1 1 0 0 1 0 0 1 0 0 0
 1 1 1 0 0 1 1 1 1 0 1 1 0 0 0 1 1 1 1 1 1 1 1 1 1 0 1 1 0 1 1 1 1 0 0 1 0
 0 0 1 0 0 1 0 1 0 1 1 1 1 0 1 0 0 1 0 1 1 1 1 0 1 1]
 Training accuracy at 5600 out of 20000 is 0.739(0.480),cost is 6.734(0.722)
[1 0 0 1 1 0 1 0 0 1 1 0 1 0 0 0 0 0 0 1 0 0 1 0 1 1 1 1 0 0 1 0 0 1 0 0 0
 1 1 1 0 0 1 1 1 1 0 1 1 0 0 0 1 1 1 1 1 1 1 1 1 1 0 1 1 0 1 1 1 1 0 0 1 0
 0 0 1 0 0 1 0 1 0 1 1 1 1 0 1 0 0 1 0 1 1 1 1 0 1 1]
 Training accuracy at 5700 out of 20000 is 0.739(0.470),cost is 6.709(0.722)
[1 0 0 1 1 0 1 0 0 1 1 0 1 0 0 0 0 0 0 1 0 0 1 0 1 1 1 1 0 0 1 0 0 1 0 0 0
 1 1 1 0 0 1 1 1 1 0 1 1 0 0 0 1 1 1 1 1 1 1 1 1 1 0 1 1 0 1 1 1 1 0 0 1 0
 0 0 1 0 0 1 0 1 0 1 1 1 1 0 1 0 0 1 0 1 1 1 1 0 1 1]
 Training accuracy at 5800 out of 20000 is 0.741(0.470),cost is 6.682(0.723)
[1 0 0 1 1 0 1 0 0 1 1 0 1 0 0 0 0 0 0 1 0 0 1 0 1 1 1 1 0 0 1 0 0 1 0 0 0
 1 1 1 0 0 1 1 1 1 0 1 1 0 0 0 1 1 1 1 1 1 1 1 1 1 0 1 1 0 1 1 1 1 0 0 1 0
 0 0 1 0 0 1 0 1 0 1 1 1 1 0 1 0 0 1 0 1 1 1 1 0 1 1]
 Training accuracy at 5900 out of 20000 is 0.745(0.470),cost is 6.654(0.723)
[1 0 0 1 1 0 1 0 0 1 1 0 1 0 0 0 0 0 0 1 0 0 1 0 1 1 1 1 0 0 1 0 0 1 0 0 0
 1 1 1 0 0 1 1 1 1 0 1 1 0 0 0 1 1 1 1 1 1 1 1 1 1 0 1 1 0 1 1 1 1 0 0 1 0
 0 0 1 0 0 1 0 1 0 1 1 1 1 0 1 0 0 1 0 1 1 1 1 0 1 1]
 Training accuracy at 6000 out of 20000 is 0.747(0.470),cost is 6.625(0.724)
[1 0 0 1 1 0 1 0 0 1 1 0 1 0 0 0 0 0 0 1 0 0 1 0 1 1 1 1 0 0 1 0 0 1 0 0 0
 1 1 1 0 0 1 1 1 1 0 1 1 0 0 0 1 1 1 1 1 1 1 1 1 1 0 0 1 0 1 1 1 1 0 0 1 0
 0 0 1 0 0 1 0 1 0 1 1 1 1 0 1 0 0 1 0 1 1 1 1 0 1 1]
 Training accuracy at 6100 out of 20000 is 0.756(0.480),cost is 6.599(0.724)
[1 0 0 1 1 0 1 0 0 1 1 0 1 0 0 0 0 0 0 1 0 0 1 0 1 1 1 1 0 0 1 0 0 1 0 0 0
 1 1 1 0 0 1 1 1 1 0 1 1 0 0 0 1 1 1 1 1 1 1 1 1 1 0 0 1 0 1 1 1 1 0 0 1 0
 0 0 1 0 0 1 0 1 0 1 1 1 1 0 1 0 0 1 0 1 1 1 1 0 1 1]
 Training accuracy at 6200 out of 20000 is 0.758(0.480),cost is 6.573(0.725)
[1 0 0 1 1 0 1 0 0 1 1 0 1 0 0 0 0 0 0 1 0 0 1 0 1 1 1 1 0 0 1 0 0 1 0 0 0
 1 1 1 0 0 1 1 1 1 0 1 1 0 0 0 1 1 1 1 1 1 1 1 1 1 0 0 1 0 1 1 1 1 0 0 1 0
 0 0 1 0 0 1 0 1 0 1 1 1 1 0 1 0 0 1 0 1 1 1 1 0 1 1]
 Training accuracy at 6300 out of 20000 is 0.758(0.480),cost is 6.545(0.726)
[1 0 0 1 1 0 1 0 0 1 1 0 1 0 0 0 0 0 0 1 0 0 1 0 1 1 1 1 0 0 1 0 0 1 0 0 0
 1 1 1 0 0 1 1 1 1 0 1 1 0 0 0 1 1 1 1 1 1 1 1 1 1 0 0 1 0 1 0 1 1 0 0 1 0
 0 0 1 0 0 1 0 1 0 1 1 1 1 0 1 0 0 1 0 1 1 1 1 0 1 1]
 Training accuracy at 6400 out of 20000 is 0.758(0.470),cost is 6.517(0.727)
[1 0 0 1 1 0 1 0 0 1 1 0 1 0 0 0 0 0 0 1 0 0 1 0 1 1 1 1 0 0 1 0 0 1 0 0 0
 1 1 1 0 0 1 1 1 1 0 1 1 0 0 0 1 1 1 1 1 1 1 1 1 1 0 0 1 0 1 0 1 1 0 0 1 0
 0 0 1 0 0 1 0 1 0 1 1 1 1 0 1 0 0 1 0 1 1 1 1 0 1 1]
 Training accuracy at 6500 out of 20000 is 0.762(0.470),cost is 6.488(0.729)
[1 0 0 1 1 0 1 0 0 1 1 0 1 0 0 0 0 0 0 1 0 0 1 0 1 1 1 1 0 0 1 0 0 1 0 0 0
 1 1 1 0 0 1 1 1 1 0 1 1 0 0 0 1 1 1 1 1 1 1 1 1 1 0 0 1 0 1 0 1 1 0 0 1 0
 0 0 1 0 0 1 0 1 0 1 1 1 1 0 1 0 0 1 0 1 1 1 1 0 1 1]
 Training accuracy at 6600 out of 20000 is 0.760(0.470),cost is 6.460(0.731)
[1 0 0 1 1 0 1 0 0 1 1 0 1 0 0 0 0 0 0 1 0 0 1 0 1 1 1 1 0 0 1 0 0 1 0 0 0
 1 1 1 0 0 1 1 1 1 0 1 1 0 0 0 1 1 1 1 1 0 1 1 1 1 0 0 1 0 1 0 1 1 0 0 1 0
 0 0 1 0 0 1 0 1 0 1 1 1 1 0 1 0 0 1 0 1 1 1 1 0 1 1]
 Training accuracy at 6700 out of 20000 is 0.761(0.460),cost is 6.434(0.730)
[1 0 0 1 1 0 1 0 0 1 1 0 1 0 0 0 0 0 0 1 0 0 1 0 1 1 1 1 0 0 1 0 0 1 0 0 0
 1 1 1 0 0 1 1 1 1 0 1 1 0 0 0 1 1 1 1 1 0 1 1 1 1 0 0 1 0 1 0 1 1 0 0 1 0
 0 0 1 0 0 1 0 1 0 1 1 1 1 0 1 0 0 1 0 1 1 1 1 0 1 1]
 Training accuracy at 6800 out of 20000 is 0.767(0.460),cost is 6.405(0.731)
[1 0 0 1 1 0 1 0 0 1 1 0 1 0 0 0 0 0 0 1 0 0 1 0 1 1 1 1 0 0 1 0 0 1 0 0 0
 1 1 1 0 0 1 1 1 1 0 1 1 0 0 0 1 1 1 1 1 0 1 1 1 1 0 0 1 0 1 0 1 1 0 0 1 0
 0 0 1 0 0 1 0 1 0 1 1 1 1 0 1 0 0 1 0 1 1 1 1 0 1 1]
 Training accuracy at 6900 out of 20000 is 0.762(0.460),cost is 6.378(0.734)
[1 0 0 1 1 0 1 0 0 1 1 0 0 0 0 0 0 0 0 1 0 0 1 0 1 1 1 1 0 0 1 0 0 1 0 0 0
 1 1 1 0 0 1 1 1 1 0 1 1 0 0 0 1 1 1 1 1 0 1 1 1 1 0 0 1 0 1 0 1 1 0 0 1 0
 0 0 1 0 0 1 0 1 0 1 1 1 1 0 1 0 0 1 0 1 1 1 1 0 1 1]
 Training accuracy at 7000 out of 20000 is 0.765(0.470),cost is 6.349(0.734)
[1 0 0 1 1 0 1 0 0 1 1 0 1 0 0 0 0 0 0 1 0 0 1 0 1 1 1 1 0 0 1 0 0 1 0 0 0
 1 1 1 0 0 1 1 1 1 0 1 1 0 0 0 1 1 1 1 1 0 1 1 1 1 0 0 1 0 1 0 1 1 0 0 1 0
 0 0 1 0 0 1 0 1 0 1 1 1 1 0 1 0 0 1 0 1 1 1 1 0 1 1]
 Training accuracy at 7100 out of 20000 is 0.766(0.460),cost is 6.321(0.736)
[1 0 0 1 1 0 1 0 0 1 1 0 0 0 0 0 0 0 0 1 0 0 1 0 1 1 1 1 0 0 1 0 0 1 0 0 0
 1 1 1 0 0 1 1 1 1 0 1 1 0 0 0 1 1 1 1 1 0 1 1 1 1 0 0 1 0 1 0 1 1 0 0 1 0
 0 0 1 0 0 1 0 1 0 1 1 1 1 0 1 0 0 1 0 1 1 1 1 0 1 1]
 Training accuracy at 7200 out of 20000 is 0.771(0.470),cost is 6.295(0.738)
[1 0 0 1 1 0 1 0 0 1 1 0 0 0 0 0 0 0 0 1 0 0 1 0 1 1 1 1 0 0 1 0 0 1 0 0 0
 1 1 1 0 0 1 1 1 1 0 1 1 0 0 0 1 1 1 1 1 0 1 1 1 1 0 0 1 0 1 0 1 1 0 0 1 0
 0 0 1 0 0 1 0 1 0 1 1 1 1 0 1 0 0 1 0 1 1 1 1 0 1 1]
 Training accuracy at 7300 out of 20000 is 0.772(0.470),cost is 6.264(0.738)
[1 0 0 1 1 0 1 0 0 1 1 0 0 0 0 0 0 0 0 1 0 0 1 0 1 1 1 1 0 0 1 0 0 1 0 0 0
 1 1 1 0 0 1 1 1 1 0 1 1 0 0 0 1 1 1 1 1 0 1 1 1 1 0 0 1 0 1 0 1 1 0 0 1 0
 0 0 1 0 0 1 0 1 0 1 1 1 1 0 1 0 0 1 0 1 1 1 1 0 1 1]
 Training accuracy at 7400 out of 20000 is 0.769(0.470),cost is 6.235(0.740)
[1 0 0 1 1 0 1 0 0 1 1 0 0 0 0 0 0 0 0 1 0 0 1 0 1 1 1 1 0 0 1 0 0 1 0 0 0
 1 1 1 0 0 1 1 1 1 0 1 0 0 0 0 1 1 1 1 1 0 1 1 1 1 0 0 1 0 1 0 1 1 0 0 1 0
 0 0 1 0 0 1 0 1 0 1 1 1 1 0 1 0 0 1 0 1 1 1 1 0 1 1]
 Training accuracy at 7500 out of 20000 is 0.775(0.480),cost is 6.205(0.740)
[1 0 0 1 1 0 1 0 0 1 1 0 0 0 0 0 0 0 0 1 0 0 1 0 1 1 1 1 0 0 1 0 0 1 0 0 0
 1 1 1 0 0 1 1 1 1 0 1 0 0 0 0 1 1 1 1 1 0 1 1 1 1 0 0 1 0 1 0 1 1 0 0 1 0
 0 0 1 0 0 1 0 1 0 1 1 1 1 0 1 0 0 1 0 1 1 1 1 0 1 1]
 Training accuracy at 7600 out of 20000 is 0.779(0.480),cost is 6.177(0.742)
[1 0 0 1 1 0 1 0 0 1 1 0 0 0 0 0 0 0 0 1 0 0 1 0 1 1 1 1 0 0 1 0 0 1 0 0 0
 1 1 1 0 0 1 1 1 1 0 1 0 0 0 0 1 1 1 1 1 0 1 1 1 1 0 0 1 0 1 0 1 1 0 0 1 0
 0 0 1 0 0 1 0 1 0 1 1 1 1 0 1 0 0 1 0 1 1 1 1 0 1 1]
 Training accuracy at 7700 out of 20000 is 0.779(0.480),cost is 6.151(0.744)
[1 0 0 1 1 0 1 0 0 1 1 0 0 0 0 0 0 0 0 1 0 0 1 0 1 1 1 1 0 0 1 0 0 1 0 0 0
 1 1 1 0 0 1 1 1 1 0 1 0 0 0 0 1 1 1 1 1 0 1 1 1 1 0 0 1 0 1 0 1 1 0 0 1 0
 0 0 1 0 0 1 0 1 0 1 1 1 1 0 1 0 0 1 0 1 1 1 1 0 1 1]
 Training accuracy at 7800 out of 20000 is 0.778(0.480),cost is 6.121(0.746)
[1 0 0 1 1 0 1 0 0 1 1 0 0 0 0 0 0 0 0 1 0 0 1 0 1 1 1 1 0 0 1 0 0 1 0 0 0
 1 1 1 0 0 1 1 1 1 0 1 0 0 0 0 1 1 1 1 1 0 1 1 1 1 0 0 1 0 1 0 1 1 0 0 1 0
 0 0 1 0 0 1 0 1 0 1 1 1 1 0 1 0 0 1 0 1 1 1 1 0 1 1]
 Training accuracy at 7900 out of 20000 is 0.784(0.480),cost is 6.093(0.747)
[1 0 0 1 1 0 1 0 0 1 1 0 0 0 0 0 0 0 0 1 0 0 1 0 1 1 1 1 0 0 1 0 0 1 0 0 0
 1 1 1 0 0 1 1 1 1 0 1 0 0 0 0 1 1 1 1 1 0 1 1 1 1 0 0 1 0 1 0 1 1 0 0 1 0
 0 0 1 0 0 1 0 1 0 1 1 1 1 0 1 0 0 1 0 1 1 1 1 0 1 1]
 Training accuracy at 8000 out of 20000 is 0.786(0.480),cost is 6.063(0.747)
[1 0 0 1 1 0 1 0 0 1 1 0 0 0 0 0 0 0 0 1 0 0 1 0 1 1 1 1 0 0 1 0 0 1 0 0 0
 1 1 1 0 0 1 1 1 1 0 1 0 0 0 0 1 1 1 1 1 0 1 1 1 1 0 0 1 0 1 0 1 1 0 0 1 0
 0 0 1 0 0 1 0 1 0 1 1 1 1 0 1 0 0 1 0 1 1 1 1 0 1 1]
 Training accuracy at 8100 out of 20000 is 0.789(0.480),cost is 6.037(0.749)
[1 0 0 1 1 0 1 0 0 1 1 0 0 0 0 0 0 0 0 1 0 0 1 0 1 1 1 1 0 0 1 0 0 1 0 0 0
 1 1 1 0 0 1 1 1 1 0 1 0 0 0 0 1 1 1 1 1 0 1 1 1 1 0 0 1 0 1 0 1 1 0 0 1 0
 0 0 1 0 0 1 0 1 0 1 1 1 1 0 1 0 0 1 0 1 1 1 1 0 1 1]
 Training accuracy at 8200 out of 20000 is 0.788(0.480),cost is 6.009(0.751)
[1 0 0 1 1 0 1 0 0 1 1 0 0 0 0 0 0 0 0 1 0 0 1 0 1 1 1 1 0 0 1 0 0 1 0 0 0
 1 1 1 0 0 1 1 1 1 0 1 0 0 0 0 1 1 1 1 1 0 1 1 1 1 0 0 1 0 1 0 1 1 0 0 1 0
 0 0 1 0 0 1 0 1 0 1 1 1 1 0 1 0 0 1 0 1 1 1 1 0 1 1]
 Training accuracy at 8300 out of 20000 is 0.790(0.480),cost is 5.981(0.752)
[1 0 0 1 1 0 1 0 0 1 1 0 0 0 0 0 0 0 0 1 0 0 1 0 1 1 1 1 0 0 1 0 0 1 0 0 0
 1 1 1 0 0 1 1 1 1 0 1 0 0 0 0 1 1 1 1 1 0 1 1 1 1 0 0 1 0 1 0 1 1 0 0 1 0
 0 0 1 0 0 1 0 1 0 1 1 1 1 0 1 0 0 1 0 1 1 1 1 0 1 1]
 Training accuracy at 8400 out of 20000 is 0.794(0.480),cost is 5.955(0.753)
[1 0 0 1 1 0 1 0 0 1 1 0 0 0 0 0 0 0 0 1 0 0 1 0 1 1 1 1 0 0 1 0 0 1 0 0 0
 1 1 1 0 0 1 1 1 1 0 1 0 0 0 0 1 1 1 1 1 0 1 1 1 1 0 0 1 0 1 0 1 1 0 0 1 0
 0 0 1 0 0 1 0 1 0 1 1 1 1 0 1 0 0 1 0 1 1 1 1 0 1 1]
 Training accuracy at 8500 out of 20000 is 0.794(0.480),cost is 5.926(0.755)
[1 0 0 1 1 0 1 0 0 1 1 0 0 0 0 0 0 0 0 1 0 0 1 0 1 1 1 1 0 0 1 0 0 1 0 0 0
 1 1 1 0 0 1 1 1 1 0 1 0 0 0 0 1 1 1 1 1 0 1 1 1 1 0 0 1 0 1 0 1 1 0 0 1 0
 0 0 1 0 0 1 0 1 0 1 1 1 1 0 1 0 0 1 0 1 1 1 1 0 1 1]
 Training accuracy at 8600 out of 20000 is 0.799(0.480),cost is 5.899(0.756)
[1 0 0 1 1 0 1 0 0 1 1 0 0 0 0 0 0 0 0 1 0 0 1 0 1 1 1 1 0 0 1 0 0 1 0 0 0
 1 1 1 0 0 1 1 1 1 0 1 0 0 0 0 1 1 1 1 1 0 1 1 1 1 0 0 1 0 1 0 1 1 0 0 1 0
 0 0 1 0 0 1 0 1 0 1 1 1 1 0 1 0 0 1 0 1 1 1 1 0 1 1]
 Training accuracy at 8700 out of 20000 is 0.798(0.480),cost is 5.874(0.758)
[1 0 0 1 1 0 1 0 0 1 1 0 0 0 0 0 0 0 0 1 0 0 1 0 1 1 1 1 0 0 1 0 0 1 0 0 0
 1 1 1 0 0 1 1 1 1 0 1 0 0 0 0 1 1 1 1 1 0 1 1 1 1 0 0 1 0 1 0 1 1 0 0 1 0
 0 0 1 0 0 1 0 1 0 1 1 1 1 0 1 0 0 1 0 1 1 1 1 0 1 1]
 Training accuracy at 8800 out of 20000 is 0.799(0.480),cost is 5.846(0.759)
[1 0 0 1 1 0 1 0 0 1 1 0 0 0 0 0 0 0 0 1 0 0 1 0 1 1 1 1 0 0 1 0 0 1 0 0 1
 1 1 1 1 0 1 1 1 1 0 1 0 0 0 0 1 1 1 1 1 0 1 1 1 1 0 0 1 0 1 0 1 1 0 0 1 0
 0 0 1 0 0 1 0 1 0 1 1 1 1 0 1 0 0 1 0 1 1 1 1 0 1 1]
 Training accuracy at 8900 out of 20000 is 0.800(0.460),cost is 5.819(0.762)
[1 0 0 1 1 0 1 0 0 1 1 0 0 0 0 0 0 0 0 1 0 0 1 0 1 1 1 1 0 0 1 0 0 0 0 0 0
 1 1 1 1 0 1 1 1 1 0 1 0 0 0 0 1 1 1 1 1 0 1 1 1 1 0 0 1 0 1 0 1 1 0 0 1 0
 0 0 1 0 0 1 0 1 0 1 1 1 1 0 1 0 0 1 0 1 1 1 1 0 1 1]
 Training accuracy at 9000 out of 20000 is 0.803(0.480),cost is 5.791(0.762)
[1 0 0 1 1 0 1 0 0 1 1 0 0 0 0 0 0 0 0 1 0 0 1 0 1 1 1 1 0 0 1 0 0 1 0 0 1
 1 1 1 1 0 1 1 1 1 0 1 0 0 0 0 1 1 1 1 1 0 1 1 1 1 0 0 1 0 1 0 1 1 0 0 1 0
 0 0 1 0 0 1 0 1 0 1 1 1 1 0 0 0 0 1 0 1 1 1 1 0 1 1]
 Training accuracy at 9100 out of 20000 is 0.803(0.470),cost is 5.761(0.763)
[1 0 0 1 1 0 1 0 0 1 1 0 0 0 0 0 0 0 0 1 0 0 1 0 1 1 1 1 0 0 1 0 0 0 0 0 1
 1 1 1 1 0 1 1 1 1 0 1 0 0 0 0 1 1 1 1 1 0 1 1 0 1 0 0 1 0 1 0 1 1 0 0 1 0
 0 0 1 0 0 1 0 1 0 1 1 1 1 0 0 0 0 1 0 1 1 1 1 0 1 1]
 Training accuracy at 9200 out of 20000 is 0.803(0.490),cost is 5.737(0.765)
[1 0 0 1 1 0 1 0 0 1 1 0 0 0 0 0 0 0 0 1 0 0 1 0 1 1 1 1 0 0 1 0 0 0 0 0 1
 1 1 1 1 0 1 1 1 1 0 1 0 0 0 0 1 1 1 1 1 0 1 1 1 1 0 0 1 0 1 0 1 1 0 0 1 0
 0 0 1 0 0 1 0 1 0 1 1 1 1 0 0 0 0 1 0 1 1 1 1 0 1 1]
 Training accuracy at 9300 out of 20000 is 0.808(0.480),cost is 5.711(0.765)
[1 0 0 1 1 0 1 0 0 1 1 0 0 0 0 0 0 0 0 1 0 0 1 0 1 1 1 1 0 0 1 0 0 1 0 0 1
 1 1 1 1 0 1 1 1 1 0 1 0 0 0 0 1 1 1 1 1 0 1 1 1 1 0 0 1 0 1 0 1 1 0 0 1 0
 0 0 1 0 0 1 0 1 0 1 1 1 1 0 0 0 0 1 0 1 1 1 1 0 1 1]
 Training accuracy at 9400 out of 20000 is 0.801(0.470),cost is 5.680(0.769)
[1 0 0 1 1 0 1 0 0 1 1 0 0 0 0 0 0 0 0 1 0 0 1 0 1 1 1 1 0 0 1 0 0 0 0 0 1
 1 1 1 1 0 1 1 1 1 0 1 0 0 0 0 1 1 1 1 1 0 1 1 0 1 0 0 1 0 1 0 1 1 0 0 1 0
 0 0 0 0 0 1 0 1 0 1 1 1 1 0 0 0 0 1 0 1 1 1 1 0 1 1]
 Training accuracy at 9500 out of 20000 is 0.808(0.500),cost is 5.651(0.769)
[1 0 0 1 1 0 1 0 0 1 1 0 0 0 0 0 0 0 0 1 0 0 1 0 1 1 1 1 0 0 1 0 0 0 0 0 1
 1 1 1 1 0 1 1 1 1 0 1 0 0 0 0 1 1 1 1 1 0 1 1 1 1 0 0 1 0 1 0 1 1 0 0 1 0
 0 0 1 0 0 1 0 1 0 1 1 1 1 0 0 0 0 1 0 1 1 1 1 0 1 1]
 Training accuracy at 9600 out of 20000 is 0.810(0.480),cost is 5.622(0.773)
[1 0 0 1 1 0 1 0 0 1 1 0 0 0 0 0 0 0 0 1 0 0 1 0 1 1 1 1 0 0 1 0 0 0 0 0 1
 1 1 1 1 0 1 1 1 1 0 1 0 0 0 0 1 1 1 1 1 0 1 1 1 1 0 0 1 0 1 0 1 1 0 0 1 0
 0 0 1 0 0 1 0 1 0 1 1 1 1 0 0 0 0 1 0 1 1 1 1 0 1 1]
 Training accuracy at 9700 out of 20000 is 0.811(0.480),cost is 5.595(0.774)
[1 0 0 1 1 0 1 0 0 1 1 0 0 0 0 0 0 0 0 1 0 0 1 0 1 1 1 1 0 0 1 0 0 0 0 0 1
 1 1 1 1 0 1 1 1 1 0 1 0 0 0 0 1 1 1 1 1 0 1 1 1 1 0 0 1 0 1 0 1 1 0 0 1 0
 0 0 1 0 0 1 0 1 0 1 1 1 1 0 0 0 0 1 0 1 1 1 1 0 1 1]
 Training accuracy at 9800 out of 20000 is 0.819(0.480),cost is 5.571(0.776)
[1 0 0 1 1 0 1 0 0 1 1 0 0 0 0 0 0 0 0 1 0 0 1 0 1 1 1 1 0 0 1 0 0 0 0 0 1
 1 1 1 1 0 1 1 1 1 0 1 0 0 0 0 1 1 1 1 1 0 1 1 1 1 0 0 1 0 1 0 1 1 0 0 1 0
 0 0 1 0 0 1 0 1 0 1 1 1 1 0 0 0 0 1 0 1 1 1 1 0 1 1]
 Training accuracy at 9900 out of 20000 is 0.813(0.480),cost is 5.544(0.777)
[1 0 0 1 1 0 1 0 0 1 1 0 0 0 0 0 0 0 0 1 0 0 1 0 1 1 1 1 0 0 1 0 0 0 0 0 1
 1 1 1 1 0 1 1 1 1 0 1 0 0 0 0 1 1 1 1 1 0 1 1 0 1 0 0 1 0 1 0 1 1 0 0 1 0
 0 0 0 0 0 1 0 1 0 1 1 1 1 0 0 0 0 1 0 1 1 1 1 0 1 1]
 Training accuracy at 10000 out of 20000 is 0.816(0.500),cost is 5.517(0.777)
[1 0 0 1 0 0 0 0 0 1 1 0 0 0 0 0 0 0 0 1 0 0 1 0 1 1 1 1 0 0 1 0 0 0 0 0 1
 1 1 1 1 0 0 1 1 1 0 1 0 0 0 0 1 1 1 1 1 0 1 1 0 1 0 0 1 0 1 0 1 1 0 0 1 0
 0 0 0 0 0 1 0 1 0 1 1 1 1 0 0 0 0 1 0 1 1 1 1 0 1 1]
 Training accuracy at 10100 out of 20000 is 0.821(0.510),cost is 5.494(0.777)
[1 0 0 1 0 0 1 0 0 1 1 0 0 0 0 0 0 0 0 1 0 0 1 0 1 1 1 1 0 0 1 0 0 0 0 0 1
 1 1 1 1 0 1 1 1 1 0 1 0 0 0 0 1 1 1 1 1 0 1 1 0 1 0 0 1 0 1 0 1 1 0 0 1 0
 0 0 0 0 0 1 0 1 0 1 1 1 1 0 0 0 0 1 0 1 1 1 1 0 1 1]
 Training accuracy at 10200 out of 20000 is 0.825(0.510),cost is 5.467(0.780)
[1 0 0 1 0 0 0 0 0 1 1 0 0 0 0 0 0 0 0 1 0 0 1 0 1 1 1 1 0 0 1 0 0 0 0 0 1
 1 1 1 1 0 0 1 1 0 0 1 0 0 0 0 1 1 1 1 1 0 1 1 0 1 0 0 1 0 1 0 1 1 0 0 1 0
 0 0 1 0 0 1 0 1 0 1 1 1 1 0 0 0 0 1 0 1 1 1 1 0 1 1]
 Training accuracy at 10300 out of 20000 is 0.826(0.490),cost is 5.441(0.782)
[1 0 0 1 1 0 1 0 0 1 1 0 0 0 0 0 0 0 0 1 0 0 1 0 1 1 1 1 0 0 1 0 0 0 0 0 1
 1 1 1 1 0 1 1 1 1 0 1 0 0 0 0 1 1 1 1 1 0 1 1 0 1 0 0 1 0 1 0 1 1 0 0 1 0
 0 0 1 0 0 1 0 1 0 1 1 1 1 0 0 0 0 1 0 1 1 1 1 0 1 1]
 Training accuracy at 10400 out of 20000 is 0.823(0.490),cost is 5.412(0.784)
[1 0 0 1 1 0 1 0 0 1 1 0 0 0 0 0 0 0 0 1 0 0 1 0 1 1 1 1 0 0 1 0 0 0 0 0 1
 1 1 1 1 0 1 1 1 1 0 1 0 0 0 0 1 1 1 1 1 0 1 1 1 1 0 0 1 0 1 0 1 1 0 0 1 0
 0 0 1 0 0 1 0 1 0 1 1 1 1 0 0 0 0 1 0 1 1 1 1 0 1 1]
 Training accuracy at 10500 out of 20000 is 0.820(0.480),cost is 5.384(0.789)
[1 0 0 1 1 0 0 0 0 1 1 0 0 0 0 0 0 0 0 1 0 0 1 0 1 1 1 1 0 0 1 0 0 0 0 0 1
 1 1 1 1 0 1 1 1 1 0 1 0 0 0 0 1 1 1 1 1 0 1 1 0 1 0 0 1 0 1 0 1 1 0 0 1 0
 0 0 0 0 0 1 0 1 0 1 1 1 1 0 0 0 0 1 0 1 1 1 1 0 1 1]
 Training accuracy at 10600 out of 20000 is 0.826(0.490),cost is 5.356(0.786)
[1 0 0 1 1 0 1 0 0 1 1 0 0 0 0 0 0 0 0 1 0 0 1 0 1 1 1 1 0 0 1 0 0 0 0 0 1
 1 1 1 1 0 1 1 1 1 0 1 0 0 0 0 1 1 1 1 1 0 1 1 0 1 0 0 1 0 1 0 1 1 0 0 1 0
 0 0 0 0 0 1 0 1 0 1 1 1 1 0 0 0 0 1 0 1 1 1 1 0 1 1]
 Training accuracy at 10700 out of 20000 is 0.829(0.500),cost is 5.333(0.789)
[1 0 0 1 1 0 1 0 0 1 1 0 0 0 0 0 0 0 0 1 0 0 1 0 1 1 1 1 0 0 1 0 0 0 0 0 1
 1 1 1 1 0 0 1 1 1 0 1 0 0 0 0 1 1 1 1 1 0 1 1 0 1 0 0 1 0 1 0 1 1 0 0 1 0
 0 0 0 0 0 1 0 1 0 1 1 1 1 0 0 0 0 1 0 1 1 1 1 0 1 1]
 Training accuracy at 10800 out of 20000 is 0.832(0.510),cost is 5.307(0.790)
[1 0 0 1 1 0 1 0 0 1 1 0 0 0 0 0 0 0 0 1 0 0 1 0 1 1 1 1 0 0 1 0 0 0 0 0 1
 1 1 1 1 0 0 1 1 1 0 1 0 0 0 0 1 1 1 1 1 0 1 1 1 1 0 0 1 0 1 0 1 1 0 0 1 0
 0 0 0 0 0 1 0 1 0 1 1 1 1 0 0 0 0 1 0 1 1 1 1 0 1 1]
 Training accuracy at 10900 out of 20000 is 0.832(0.500),cost is 5.277(0.795)
[1 0 0 1 1 0 1 0 0 1 1 0 0 1 0 0 0 0 0 1 0 0 1 0 1 1 1 1 0 0 1 0 0 0 0 0 1
 1 1 1 1 0 0 1 1 1 0 1 0 0 0 0 1 1 1 1 1 0 1 1 0 1 0 0 1 0 1 0 1 1 0 0 1 0
 0 0 0 0 0 1 0 1 0 1 1 1 1 0 0 0 0 1 0 1 1 1 1 0 1 1]
 Training accuracy at 11000 out of 20000 is 0.828(0.520),cost is 5.251(0.794)
[1 0 0 1 0 0 1 0 0 1 1 0 0 0 0 0 0 0 0 1 0 0 1 0 1 1 1 1 0 0 1 0 0 0 0 0 1
 1 1 1 1 0 0 1 1 1 0 1 0 0 0 0 1 1 1 1 1 0 1 1 1 1 0 0 1 0 1 0 1 1 0 0 1 0
 0 0 0 0 0 1 0 1 0 1 1 1 1 0 0 0 0 1 0 1 1 1 1 0 1 1]
 Training accuracy at 11100 out of 20000 is 0.835(0.510),cost is 5.220(0.797)
[1 0 0 1 0 0 1 0 0 1 1 0 0 0 0 0 0 0 0 1 0 0 1 0 1 1 1 1 0 0 1 0 0 0 0 0 1
 1 1 1 1 0 0 1 1 1 0 1 0 0 0 0 1 1 1 1 1 0 1 1 1 1 0 0 1 0 1 0 1 1 0 0 1 0
 0 0 0 0 0 1 0 1 0 1 1 1 1 0 0 0 0 1 0 1 1 1 1 0 1 1]
 Training accuracy at 11200 out of 20000 is 0.836(0.510),cost is 5.195(0.800)
[1 0 0 1 0 0 1 0 0 1 1 0 0 1 0 0 0 0 0 1 0 0 1 0 1 1 1 1 0 0 1 0 0 0 0 0 1
 1 1 1 1 0 0 1 1 1 0 1 0 0 0 0 1 1 1 1 1 0 1 1 0 1 0 0 1 0 1 0 1 1 0 0 1 0
 0 0 0 0 0 1 0 1 0 1 1 1 1 0 0 0 0 1 0 1 1 1 1 0 1 1]
 Training accuracy at 11300 out of 20000 is 0.835(0.530),cost is 5.169(0.801)
[1 0 0 1 1 0 1 0 0 1 1 0 0 1 0 0 0 0 0 1 0 0 1 0 1 1 1 1 0 0 1 0 0 0 0 0 1
 1 1 1 1 0 1 1 1 1 0 1 0 0 0 0 1 1 1 1 1 0 1 1 1 1 0 0 1 0 1 0 1 1 0 0 1 0
 0 0 0 0 0 1 0 1 0 1 1 1 1 0 0 0 0 1 0 1 1 1 1 0 1 1]
 Training accuracy at 11400 out of 20000 is 0.835(0.500),cost is 5.142(0.805)
[1 0 0 1 1 0 1 0 0 1 1 0 0 1 0 0 0 0 0 1 0 0 1 0 1 1 1 1 0 0 1 0 0 0 0 0 1
 1 1 1 1 0 1 1 1 1 0 1 0 0 0 0 1 1 1 1 1 0 1 1 1 1 0 0 1 0 1 0 1 1 0 0 1 0
 0 0 0 0 0 1 0 1 0 1 1 1 1 0 0 0 0 1 0 1 1 1 1 0 1 1]
 Training accuracy at 11500 out of 20000 is 0.834(0.500),cost is 5.115(0.808)
[1 0 0 1 1 0 1 0 0 1 1 0 0 1 0 0 0 0 0 1 0 0 1 0 1 1 1 1 0 0 1 0 0 0 0 0 1
 1 1 1 1 0 1 1 1 1 0 1 0 0 0 0 1 1 1 1 1 0 1 1 0 1 0 0 1 0 1 0 1 1 0 0 1 0
 0 0 0 0 0 1 0 1 0 1 1 1 1 0 0 0 0 1 0 1 1 1 1 0 1 1]
 Training accuracy at 11600 out of 20000 is 0.835(0.510),cost is 5.089(0.806)
[1 0 0 1 0 0 1 0 0 1 1 0 0 1 0 0 0 0 0 1 0 0 1 0 1 1 1 1 0 0 1 0 0 0 0 0 1
 1 1 1 1 0 1 1 1 1 0 1 0 0 0 0 1 1 1 1 1 0 1 1 0 1 0 0 1 0 1 0 1 1 0 0 1 0
 0 0 0 0 0 1 0 1 0 1 1 1 1 0 0 0 0 1 0 1 1 1 1 0 1 1]
 Training accuracy at 11700 out of 20000 is 0.840(0.520),cost is 5.066(0.808)
[1 0 0 1 0 0 1 0 0 1 1 0 0 0 0 0 0 0 0 1 0 0 1 0 1 1 1 1 0 0 1 0 0 0 0 0 1
 1 1 1 1 0 0 1 1 1 0 1 0 0 0 0 1 1 1 1 1 0 1 1 0 1 0 0 1 0 1 0 1 1 0 0 1 0
 0 0 0 0 0 1 0 1 0 1 1 1 1 0 0 0 0 1 0 1 1 1 1 0 1 1]
 Training accuracy at 11800 out of 20000 is 0.844(0.520),cost is 5.042(0.811)
[1 0 0 1 0 0 1 0 0 1 1 0 0 0 0 0 0 0 0 1 0 0 1 0 1 1 1 1 0 0 1 0 0 0 0 0 1
 1 1 1 1 0 0 1 1 1 0 1 0 0 0 0 1 1 1 1 1 0 1 1 0 1 0 0 1 0 1 0 1 1 0 0 1 0
 0 0 0 0 0 1 0 1 0 1 1 1 1 0 0 0 0 1 0 1 1 1 1 0 1 1]
 Training accuracy at 11900 out of 20000 is 0.842(0.520),cost is 5.020(0.813)
[1 0 0 1 0 0 1 0 0 1 1 0 0 0 0 0 0 0 0 1 0 0 1 0 1 1 1 1 0 0 1 0 0 0 0 0 1
 1 1 1 1 0 1 1 1 1 0 1 0 0 0 0 1 1 1 1 1 0 1 1 0 1 0 0 1 0 1 0 1 1 0 0 1 0
 0 0 0 0 0 1 0 1 0 1 1 1 1 0 0 0 0 1 0 1 1 1 1 0 1 1]
 Training accuracy at 12000 out of 20000 is 0.842(0.510),cost is 4.993(0.813)
[1 0 0 1 1 0 1 0 0 1 1 0 0 1 0 0 0 0 0 1 0 0 1 0 1 1 1 1 0 0 1 0 0 0 0 0 1
 1 1 1 1 0 1 1 1 1 0 1 0 0 0 0 1 1 1 1 1 0 1 1 0 1 0 0 1 0 1 0 1 1 0 0 1 0
 0 0 0 0 0 1 0 1 0 1 1 1 1 0 0 0 0 1 0 1 1 1 1 0 1 1]
 Training accuracy at 12100 out of 20000 is 0.847(0.510),cost is 4.964(0.817)
[1 0 0 1 0 0 1 0 0 1 1 0 0 0 0 0 0 0 0 1 0 0 1 0 1 1 1 1 0 0 1 0 0 0 0 0 1
 1 1 1 1 0 0 1 1 1 0 1 0 0 0 0 1 1 1 1 1 0 1 1 0 1 0 0 1 0 1 0 1 1 0 0 1 0
 0 0 0 0 0 1 0 1 0 1 1 1 1 0 0 0 0 1 0 1 1 1 1 0 1 1]
 Training accuracy at 12200 out of 20000 is 0.848(0.520),cost is 4.939(0.820)
[1 0 0 1 0 0 1 0 0 1 1 0 0 0 0 0 0 0 0 1 0 0 1 0 1 1 1 1 0 0 1 0 0 0 0 0 1
 1 1 1 1 0 0 1 1 1 0 1 0 0 0 0 1 1 1 1 1 0 1 1 0 1 0 0 1 0 1 0 1 1 0 0 1 0
 0 0 0 0 0 1 0 1 0 1 1 1 1 0 0 0 0 1 0 1 1 1 1 0 1 1]
 Training accuracy at 12300 out of 20000 is 0.845(0.520),cost is 4.915(0.819)
[1 0 0 1 0 0 1 0 0 1 1 0 0 1 0 0 0 0 0 1 0 0 1 0 1 1 1 1 0 0 1 0 0 0 0 0 1
 1 1 1 1 0 0 1 1 1 0 1 0 0 0 0 1 1 1 1 1 0 1 0 0 1 0 0 1 0 1 0 1 1 0 0 1 0
 0 0 0 0 0 1 0 1 0 1 1 1 1 0 0 0 0 1 0 1 1 1 1 0 1 1]
 Training accuracy at 12400 out of 20000 is 0.847(0.520),cost is 4.887(0.823)
[1 0 0 1 0 0 1 0 0 1 1 0 0 0 0 0 0 0 0 1 0 0 1 0 1 1 1 1 0 0 1 0 0 0 0 0 1
 1 1 1 1 0 0 1 1 1 0 1 0 0 0 0 1 1 1 1 1 0 1 0 0 1 0 0 1 0 1 0 1 1 0 0 1 0
 0 0 0 0 0 1 0 1 0 1 1 1 1 0 0 0 0 1 0 1 1 1 1 0 1 1]
 Training accuracy at 12500 out of 20000 is 0.849(0.510),cost is 4.864(0.822)
[1 0 0 1 0 0 1 0 0 1 1 0 0 1 0 0 0 0 0 1 0 0 1 0 1 1 1 1 0 0 1 0 0 0 0 0 1
 1 1 1 1 0 0 1 1 1 0 1 0 0 0 0 1 1 1 1 1 0 1 0 0 1 0 0 1 0 1 0 1 1 0 0 1 0
 0 0 0 0 0 1 0 1 0 1 1 1 1 0 0 0 0 1 0 1 1 1 1 0 1 1]
 Training accuracy at 12600 out of 20000 is 0.853(0.520),cost is 4.841(0.827)
[1 0 0 1 0 0 1 0 0 1 1 0 0 1 0 0 0 0 0 1 0 0 1 0 1 1 1 1 0 0 1 0 0 0 0 0 1
 1 1 1 1 0 0 1 1 1 0 1 0 0 0 0 1 1 1 1 1 0 1 0 0 1 0 0 1 0 1 0 1 1 0 0 1 0
 0 0 0 0 0 1 0 1 0 1 0 1 1 0 0 0 0 1 0 1 1 1 1 0 1 1]
 Training accuracy at 12700 out of 20000 is 0.854(0.510),cost is 4.816(0.828)
[1 0 0 1 0 0 1 0 0 1 1 0 0 1 0 0 0 0 0 1 0 0 1 0 1 1 1 1 0 0 1 0 0 0 0 0 1
 1 1 1 1 0 0 1 1 1 0 1 0 0 0 0 1 1 1 1 1 0 1 0 0 1 0 0 1 0 1 0 1 1 0 0 1 0
 0 0 0 0 0 1 0 1 0 1 0 1 1 0 0 0 0 1 0 1 1 1 1 0 1 1]
 Training accuracy at 12800 out of 20000 is 0.852(0.510),cost is 4.792(0.829)
[1 0 0 1 0 0 1 0 0 1 1 0 0 0 0 0 0 0 0 1 0 0 1 0 1 1 1 1 0 0 1 0 0 0 0 0 1
 1 1 1 1 0 0 1 1 1 0 1 0 0 0 0 1 1 1 1 1 0 1 0 0 1 0 0 1 0 1 0 1 1 0 0 1 0
 0 0 0 0 0 1 0 1 0 1 1 1 1 0 0 0 0 1 0 1 1 1 1 0 1 0]
 Training accuracy at 12900 out of 20000 is 0.854(0.500),cost is 4.769(0.832)
[1 0 0 1 0 0 1 0 0 1 1 0 0 0 0 0 0 0 0 1 0 0 1 0 1 1 1 1 0 0 1 0 0 0 0 0 1
 1 1 1 1 0 0 1 1 1 0 1 0 0 0 0 1 1 1 1 1 0 1 0 0 1 0 0 1 0 1 0 1 1 0 0 1 0
 0 0 0 0 0 1 0 1 0 1 0 1 1 0 0 0 0 1 0 1 1 1 1 0 1 1]
 Training accuracy at 13000 out of 20000 is 0.853(0.500),cost is 4.740(0.834)
[1 0 0 1 0 0 1 0 0 1 1 0 0 1 0 0 0 0 0 1 0 0 1 0 1 1 1 1 0 0 1 0 0 0 0 0 1
 1 1 1 1 0 0 1 1 1 0 1 0 0 0 0 1 1 1 1 1 0 1 0 0 1 0 0 1 0 1 0 1 1 0 0 1 0
 0 0 0 0 0 1 0 1 0 1 0 1 1 0 0 0 0 1 0 1 1 1 1 0 1 1]
 Training accuracy at 13100 out of 20000 is 0.853(0.510),cost is 4.716(0.837)
[1 0 0 1 0 0 1 0 0 1 1 0 0 1 0 0 0 0 0 1 0 0 1 0 1 1 1 1 0 0 1 0 0 0 0 0 1
 1 1 1 1 0 0 1 1 1 0 1 0 0 0 0 1 1 1 1 1 0 1 0 0 1 0 0 1 0 1 0 1 1 0 0 1 0
 0 0 0 0 0 1 0 1 0 1 1 1 1 0 0 0 0 1 0 1 1 1 1 0 1 1]
 Training accuracy at 13200 out of 20000 is 0.855(0.520),cost is 4.696(0.836)
[1 0 0 1 0 0 1 0 0 1 1 0 0 1 0 0 0 0 0 1 0 0 1 0 1 1 1 1 0 0 1 0 0 0 0 0 1
 1 1 1 1 0 0 1 1 1 0 1 0 0 0 0 1 1 1 1 1 0 1 0 0 0 0 0 1 0 1 0 1 1 0 0 1 0
 0 0 0 0 0 1 0 1 0 1 1 1 1 0 0 0 0 1 0 1 1 1 1 0 1 1]
 Training accuracy at 13300 out of 20000 is 0.855(0.530),cost is 4.669(0.838)
[1 0 0 1 0 0 1 0 0 1 1 0 0 1 0 0 0 0 0 1 0 0 1 0 1 1 1 1 0 0 1 0 0 0 0 0 1
 1 1 1 1 0 0 1 1 1 0 1 0 0 0 0 1 1 1 1 1 0 1 0 0 1 0 0 1 0 1 0 1 1 0 0 1 0
 0 0 0 0 0 1 0 1 0 1 1 1 1 0 0 0 0 1 0 1 1 1 1 0 1 1]
 Training accuracy at 13400 out of 20000 is 0.859(0.520),cost is 4.646(0.839)
[1 0 0 1 0 0 1 0 0 1 1 0 0 1 0 0 0 0 0 1 0 0 1 0 1 1 1 1 0 0 1 0 0 0 0 0 1
 1 1 1 1 0 0 1 1 1 0 1 0 0 0 0 1 1 1 1 1 0 1 1 0 1 0 0 1 0 1 0 1 1 0 0 1 0
 0 0 0 0 0 1 0 1 0 1 1 1 1 0 0 0 0 1 0 1 1 1 1 0 1 1]
 Training accuracy at 13500 out of 20000 is 0.857(0.530),cost is 4.624(0.840)
[1 0 0 1 0 0 1 0 0 1 1 0 0 1 0 0 0 0 0 1 0 0 1 0 1 1 1 1 0 0 1 0 0 0 0 0 1
 1 1 1 1 0 0 1 1 1 0 1 0 0 0 0 1 1 1 1 1 0 1 1 0 1 0 0 1 0 1 0 1 1 0 0 1 0
 0 0 0 0 0 1 0 1 0 1 1 1 1 0 0 0 0 1 0 1 1 1 1 0 1 1]
 Training accuracy at 13600 out of 20000 is 0.860(0.530),cost is 4.600(0.840)
[1 0 0 1 0 0 1 0 0 1 1 0 0 1 0 0 0 0 0 1 0 0 1 0 1 1 1 1 0 0 1 0 0 0 0 0 1
 1 1 1 1 0 0 1 1 1 0 1 0 0 0 0 1 1 1 1 1 0 1 0 0 1 0 0 1 0 1 0 1 1 0 0 1 0
 0 0 0 0 0 1 0 1 0 1 0 0 1 0 0 0 0 1 0 1 1 1 1 0 1 1]
 Training accuracy at 13700 out of 20000 is 0.858(0.500),cost is 4.576(0.846)
[1 0 0 1 0 0 1 0 0 1 1 0 0 1 0 0 0 0 0 1 0 0 1 0 1 1 1 1 0 0 1 0 0 0 0 0 1
 1 1 1 1 0 0 1 1 1 0 1 0 0 0 0 1 1 1 1 1 0 1 1 0 1 0 0 1 0 1 0 1 1 0 0 1 0
 0 0 0 0 0 1 0 1 0 1 0 0 1 0 0 0 0 1 0 1 1 1 1 0 1 1]
 Training accuracy at 13800 out of 20000 is 0.860(0.510),cost is 4.551(0.848)
[1 0 0 1 0 0 1 0 0 1 1 0 0 1 0 0 0 0 0 1 0 0 1 0 1 1 1 1 0 0 1 0 0 0 0 0 1
 1 1 1 1 0 0 1 1 1 0 1 0 0 0 0 1 1 1 1 1 0 1 0 0 1 0 0 1 0 1 0 1 1 0 0 1 0
 0 0 0 0 0 1 0 1 0 1 1 0 1 0 0 0 0 1 0 1 1 1 1 0 1 1]
 Training accuracy at 13900 out of 20000 is 0.859(0.510),cost is 4.524(0.848)
[1 0 0 1 0 0 1 0 0 1 1 0 0 1 0 0 0 0 0 1 0 0 1 0 1 1 1 1 0 0 1 0 0 0 0 0 1
 1 1 1 1 0 0 1 1 1 0 1 0 0 0 0 1 1 1 1 1 0 1 1 0 0 0 0 1 0 1 0 1 1 0 0 1 0
 0 0 0 0 0 1 0 1 0 1 1 0 1 0 0 0 0 1 0 1 1 1 1 0 1 1]
 Training accuracy at 14000 out of 20000 is 0.861(0.530),cost is 4.503(0.849)
[1 0 0 1 0 0 1 0 0 1 1 0 0 1 0 0 0 0 0 1 0 0 1 0 1 1 1 1 0 0 1 0 0 0 0 0 1
 1 1 1 1 0 0 1 1 1 0 1 0 0 0 0 1 1 1 1 1 0 1 1 0 0 0 0 1 0 1 0 1 1 0 0 1 0
 0 0 0 0 0 1 0 1 0 1 1 0 1 0 0 0 0 1 0 1 1 1 1 0 1 1]
 Training accuracy at 14100 out of 20000 is 0.859(0.530),cost is 4.480(0.855)
[1 0 0 1 0 0 1 0 0 1 1 0 0 1 0 0 0 0 0 1 0 0 1 0 1 1 1 1 0 0 1 0 0 0 0 0 1
 1 1 1 1 0 0 1 1 1 0 1 0 0 0 0 1 1 1 1 1 0 1 1 0 0 0 0 1 0 1 0 1 1 0 0 1 0
 0 0 0 0 0 1 0 1 0 1 1 1 1 0 0 0 0 1 0 1 1 1 1 0 1 1]
 Training accuracy at 14200 out of 20000 is 0.861(0.540),cost is 4.463(0.852)
[1 0 0 1 0 0 1 0 0 1 1 0 0 1 0 0 0 0 0 1 0 0 1 0 1 1 1 1 0 0 1 0 0 0 0 0 1
 1 1 1 1 0 0 1 1 1 0 1 0 0 0 0 1 1 1 1 1 0 1 0 0 0 0 0 1 0 1 0 1 1 0 0 1 0
 0 0 0 0 0 1 0 1 0 1 1 0 1 0 0 0 0 1 0 1 1 1 1 0 1 1]
 Training accuracy at 14300 out of 20000 is 0.863(0.520),cost is 4.440(0.855)
[1 0 0 1 0 0 1 0 0 1 1 0 0 1 0 0 0 0 0 1 0 0 1 0 1 1 1 1 0 0 1 0 0 0 0 0 1
 1 1 1 1 0 0 1 1 1 0 1 0 0 0 0 1 1 1 1 1 0 1 1 0 0 0 0 1 0 1 0 1 1 0 0 1 0
 0 0 0 0 0 1 0 1 0 1 1 0 1 0 0 0 0 1 0 1 1 1 1 0 1 1]
 Training accuracy at 14400 out of 20000 is 0.862(0.530),cost is 4.415(0.861)
[1 0 0 1 0 0 1 0 0 1 1 0 0 1 0 0 0 0 0 1 0 0 1 0 1 1 1 1 0 0 1 0 0 0 0 0 1
 1 1 1 1 0 0 1 1 1 0 1 0 0 0 0 1 1 1 1 1 0 1 0 0 0 0 0 1 0 1 0 1 1 0 0 1 0
 0 0 0 0 0 1 0 1 0 1 1 0 1 0 0 0 0 1 0 1 1 1 1 0 1 0]
 Training accuracy at 14500 out of 20000 is 0.865(0.510),cost is 4.390(0.862)
[1 0 0 1 0 0 1 0 0 1 1 0 0 1 0 0 0 0 0 1 0 0 1 0 1 1 1 1 0 0 1 0 0 0 0 0 1
 1 1 1 1 0 0 1 1 1 0 1 0 0 0 0 1 1 1 1 1 0 1 0 0 1 0 0 1 0 1 0 1 1 0 0 1 0
 0 0 0 0 0 1 0 1 0 1 1 0 1 0 0 0 0 1 0 1 1 1 1 0 1 1]
 Training accuracy at 14600 out of 20000 is 0.861(0.510),cost is 4.365(0.866)
[1 0 0 1 0 0 1 0 0 1 1 0 0 1 0 0 0 0 0 1 0 0 1 0 1 1 1 1 0 0 1 0 0 0 0 0 1
 1 1 1 1 0 0 1 1 1 0 1 0 0 0 0 1 1 1 1 1 0 1 0 0 0 0 0 1 0 1 0 1 1 0 0 1 0
 0 0 0 0 0 1 0 1 0 1 1 0 1 0 0 0 0 1 0 1 1 1 1 0 1 1]
 Training accuracy at 14700 out of 20000 is 0.867(0.520),cost is 4.344(0.867)
[1 0 0 1 0 0 1 0 0 1 1 0 0 1 0 0 0 0 0 1 0 0 1 0 1 1 1 1 0 0 1 0 0 0 0 0 1
 1 1 1 1 0 0 1 1 1 0 1 0 0 0 0 1 1 1 1 1 0 1 0 0 1 0 0 1 0 1 0 1 1 0 0 1 0
 0 0 0 0 0 1 0 1 0 1 1 0 1 0 0 0 0 1 0 1 1 1 1 0 1 1]
 Training accuracy at 14800 out of 20000 is 0.870(0.510),cost is 4.323(0.866)
[1 0 0 1 0 0 1 0 0 1 1 0 0 1 0 0 0 0 0 1 0 0 1 0 1 1 1 1 0 0 1 0 0 0 0 0 1
 1 1 1 1 0 0 1 1 1 0 1 0 0 0 0 1 1 1 1 1 0 1 0 0 1 0 0 1 0 1 0 1 1 0 0 1 0
 0 0 0 0 0 1 0 1 0 1 1 0 1 0 0 0 0 1 0 1 1 1 1 0 1 1]
 Training accuracy at 14900 out of 20000 is 0.869(0.510),cost is 4.301(0.870)
[1 0 0 1 0 0 1 0 0 1 1 0 0 1 0 0 0 0 0 1 0 0 1 0 1 1 1 1 0 0 1 0 0 0 0 0 1
 1 1 1 1 0 0 1 1 1 0 1 0 0 0 0 1 1 1 1 1 0 1 0 0 1 0 0 1 0 1 0 1 1 0 0 1 0
 0 0 0 0 0 1 0 1 0 1 1 0 1 0 0 0 0 1 0 1 1 1 1 0 1 1]
 Training accuracy at 15000 out of 20000 is 0.872(0.510),cost is 4.277(0.872)
[1 0 0 1 0 0 1 0 0 1 1 0 0 1 0 0 0 0 0 1 0 0 1 0 1 1 1 1 0 0 1 0 0 0 0 0 1
 1 1 1 1 0 0 1 1 1 0 1 0 0 0 0 1 1 1 1 1 0 1 0 0 0 0 0 1 0 1 0 1 1 0 0 1 0
 0 0 0 0 0 1 0 1 0 1 1 0 1 0 0 0 0 1 0 1 1 1 1 0 1 1]
 Training accuracy at 15100 out of 20000 is 0.872(0.520),cost is 4.259(0.875)
[1 0 0 1 0 0 1 0 0 1 1 0 0 1 0 0 0 0 0 1 0 0 1 0 1 1 1 1 0 0 1 0 0 0 0 0 1
 1 1 1 1 0 0 1 1 1 0 1 0 0 0 0 1 1 1 1 1 0 1 0 0 1 0 0 1 0 1 0 1 1 0 0 1 0
 0 0 0 0 0 1 0 1 0 1 1 0 1 0 0 0 0 1 0 1 1 1 1 0 1 1]
 Training accuracy at 15200 out of 20000 is 0.869(0.510),cost is 4.237(0.875)
[1 0 0 1 0 0 1 0 0 1 1 0 0 1 0 0 0 0 0 1 0 0 1 0 1 1 1 1 0 0 1 0 0 0 0 0 1
 1 1 1 1 0 0 1 1 1 0 1 0 0 0 0 1 1 1 1 1 0 1 0 0 0 0 0 1 0 1 0 1 1 0 0 1 0
 0 0 0 0 0 1 0 1 0 1 1 0 1 0 0 0 0 1 0 1 1 1 1 0 1 1]
 Training accuracy at 15300 out of 20000 is 0.869(0.520),cost is 4.211(0.881)
[1 0 0 1 0 0 1 0 0 1 1 0 0 1 0 0 0 0 0 1 0 0 1 0 1 1 1 1 0 0 1 0 0 0 0 0 1
 1 1 1 1 0 0 1 1 1 0 1 0 0 0 0 1 1 1 1 1 0 1 0 0 0 0 0 1 0 1 0 1 1 0 0 1 0
 0 0 0 0 0 1 0 1 0 1 1 0 1 0 0 0 0 1 0 1 1 1 1 0 1 0]
 Training accuracy at 15400 out of 20000 is 0.877(0.510),cost is 4.193(0.884)
[1 0 0 1 0 0 1 0 0 1 1 0 0 1 0 0 0 0 0 1 0 0 1 0 1 1 1 1 0 0 1 0 0 0 0 0 1
 1 1 1 1 0 0 1 1 1 0 1 0 0 0 0 1 1 1 1 1 0 1 0 0 0 0 0 1 0 1 0 1 1 0 0 1 0
 0 0 0 0 0 1 0 1 0 1 1 0 1 0 0 0 0 1 0 1 1 1 1 0 1 0]
 Training accuracy at 15500 out of 20000 is 0.873(0.510),cost is 4.167(0.888)
[1 0 0 1 0 0 1 0 0 1 1 0 0 1 0 0 0 0 0 1 0 0 1 0 1 1 1 1 0 0 1 0 0 0 0 0 1
 1 1 1 1 0 0 1 1 1 0 1 0 0 0 0 1 1 1 1 1 0 1 0 0 0 0 0 1 0 1 0 1 1 0 0 1 0
 0 0 0 0 0 1 0 1 0 1 1 0 1 0 0 0 0 1 0 1 1 1 1 0 1 0]
 Training accuracy at 15600 out of 20000 is 0.874(0.510),cost is 4.144(0.891)
[1 0 0 1 0 0 1 0 0 1 1 0 0 1 0 0 0 0 0 1 0 0 1 0 1 1 1 1 0 0 1 0 0 0 0 0 1
 1 1 1 1 0 0 1 1 1 0 1 0 0 0 0 1 1 1 1 1 0 1 0 0 0 0 0 1 0 1 0 1 1 0 0 1 0
 0 0 0 0 0 1 0 1 0 1 1 0 1 0 0 0 0 1 0 1 1 1 1 0 1 0]
 Training accuracy at 15700 out of 20000 is 0.875(0.510),cost is 4.121(0.894)
[1 0 0 1 0 0 1 0 0 1 1 0 0 1 0 0 0 0 0 1 0 0 1 0 1 1 1 1 0 0 1 0 0 0 0 0 1
 1 1 1 1 0 0 1 1 1 0 1 0 0 0 0 1 1 1 1 1 0 1 0 0 1 0 0 1 0 1 0 1 1 0 0 1 0
 0 0 0 0 0 1 0 1 0 1 1 0 1 0 0 0 0 1 0 1 1 1 1 0 1 0]
 Training accuracy at 15800 out of 20000 is 0.874(0.500),cost is 4.098(0.894)
[1 0 0 1 0 0 1 0 0 1 1 0 0 1 0 0 0 0 0 1 0 0 1 0 1 1 1 1 0 0 1 0 1 0 0 0 1
 1 1 1 1 0 0 1 1 1 0 1 0 0 0 0 1 1 1 1 1 0 1 0 0 1 0 0 1 0 1 0 1 1 0 1 1 0
 0 0 0 0 0 1 0 1 0 1 1 0 1 0 0 0 0 1 0 1 1 1 1 0 1 0]
 Training accuracy at 15900 out of 20000 is 0.877(0.480),cost is 4.079(0.896)
[1 0 0 1 0 0 1 0 0 1 1 0 0 1 0 0 0 0 0 1 0 0 1 0 1 1 1 1 0 0 1 0 0 0 0 0 1
 1 1 1 1 0 0 1 1 1 0 1 0 0 0 0 1 1 1 1 1 0 1 0 0 0 0 0 1 0 1 0 1 1 0 1 1 0
 0 0 0 0 0 1 0 1 0 1 1 0 1 0 0 0 0 1 0 1 1 1 1 0 1 0]
 Training accuracy at 16000 out of 20000 is 0.884(0.500),cost is 4.057(0.896)
[1 0 0 1 0 0 1 0 0 1 1 0 0 1 0 0 0 0 0 1 0 0 1 0 1 1 1 1 0 0 1 0 0 0 0 0 1
 1 1 1 1 0 0 1 1 1 0 1 0 0 0 0 1 1 1 1 1 0 1 0 0 0 0 0 1 0 1 0 1 1 0 1 1 0
 0 0 0 0 0 1 0 1 0 1 1 0 1 0 0 0 0 1 0 1 1 1 1 0 1 0]
 Training accuracy at 16100 out of 20000 is 0.881(0.500),cost is 4.034(0.902)
[1 0 0 1 0 0 1 0 0 1 1 0 0 1 0 0 0 0 0 1 0 0 1 0 1 1 1 1 0 0 1 0 0 0 0 0 1
 1 1 1 1 0 0 1 1 1 0 1 0 0 0 0 1 1 1 1 1 0 1 0 0 0 0 0 1 0 1 0 1 1 0 0 1 0
 0 0 0 0 0 1 0 1 0 1 1 0 1 0 0 0 0 1 0 1 1 1 1 0 1 0]
 Training accuracy at 16200 out of 20000 is 0.882(0.510),cost is 4.015(0.904)
[1 0 0 1 0 0 1 0 0 1 1 0 0 1 0 0 0 0 0 1 0 0 1 0 1 1 1 1 0 0 1 0 0 0 0 0 1
 1 1 1 1 0 0 1 1 1 0 1 0 0 0 0 1 1 1 1 1 0 1 0 0 0 0 0 1 0 1 0 1 1 0 1 1 0
 0 0 0 0 0 1 0 1 0 1 1 0 1 0 0 0 0 1 0 1 1 1 1 0 1 0]
 Training accuracy at 16300 out of 20000 is 0.887(0.500),cost is 3.991(0.908)
[1 0 0 1 0 0 1 0 0 1 1 0 0 1 0 0 0 0 0 1 0 0 1 0 1 1 1 1 0 0 1 0 1 0 0 0 1
 1 1 1 1 0 0 1 1 1 0 1 0 0 0 0 1 1 1 1 1 0 1 0 0 0 0 0 1 0 1 0 1 1 0 0 1 0
 0 0 0 0 0 1 0 1 0 1 1 0 1 0 0 0 0 1 0 1 1 1 1 0 1 0]
 Training accuracy at 16400 out of 20000 is 0.887(0.500),cost is 3.970(0.906)
[1 0 0 1 0 0 1 0 0 1 1 0 0 1 0 0 0 0 0 1 0 0 1 0 1 1 1 1 0 0 1 0 1 0 0 0 1
 1 1 1 1 0 0 1 1 1 0 1 0 0 0 0 1 1 1 1 1 0 1 0 0 0 0 0 1 0 1 0 1 1 0 1 1 0
 0 0 0 0 0 1 0 1 0 1 1 0 1 0 0 0 0 1 0 1 1 1 1 0 1 0]
 Training accuracy at 16500 out of 20000 is 0.890(0.490),cost is 3.946(0.909)
[1 0 0 1 0 0 1 0 0 1 1 0 0 1 0 0 0 0 0 1 0 0 1 0 1 1 1 1 0 0 1 0 1 0 0 0 1
 1 1 1 1 0 0 1 1 1 0 1 0 0 0 0 1 1 1 1 1 0 1 0 0 0 0 0 1 0 1 0 1 1 0 0 1 0
 0 0 0 0 0 1 0 1 0 1 1 0 1 0 0 0 0 1 0 1 1 1 1 0 1 0]
 Training accuracy at 16600 out of 20000 is 0.891(0.500),cost is 3.926(0.914)
[1 0 0 1 0 0 1 0 0 1 1 0 0 1 0 0 0 0 0 1 0 0 1 0 1 1 1 1 0 0 1 0 1 0 0 0 1
 1 1 1 1 0 0 1 1 1 0 1 0 0 0 0 1 1 1 1 1 0 1 0 0 0 0 0 1 0 1 0 1 1 0 0 1 0
 0 0 0 0 0 1 0 1 0 1 1 0 1 0 0 0 0 1 0 1 1 1 1 0 1 0]
 Training accuracy at 16700 out of 20000 is 0.887(0.500),cost is 3.903(0.916)
[1 0 0 1 0 0 1 0 0 1 1 0 0 1 0 0 0 0 0 1 0 0 1 0 1 1 1 1 0 0 1 0 1 0 0 0 1
 1 1 1 1 0 0 1 1 1 0 1 0 0 0 0 1 1 1 1 1 0 1 0 0 0 0 0 1 0 1 0 1 1 0 0 1 0
 0 0 0 0 0 1 0 1 0 1 1 0 1 0 0 0 0 1 0 1 1 1 1 0 1 0]
 Training accuracy at 16800 out of 20000 is 0.890(0.500),cost is 3.888(0.918)
[1 0 0 1 0 0 1 0 0 1 1 0 0 1 0 0 0 0 0 1 0 0 1 0 1 1 1 1 0 0 1 0 1 0 0 0 1
 1 1 1 1 0 0 1 1 1 0 1 0 0 0 0 1 1 1 1 1 0 1 0 0 1 0 0 1 0 1 0 1 1 0 0 1 0
 0 0 0 0 0 1 0 1 0 1 1 0 1 0 0 0 0 1 0 1 1 1 1 0 1 0]
 Training accuracy at 16900 out of 20000 is 0.891(0.490),cost is 3.864(0.920)
[1 0 0 1 0 0 1 0 0 1 1 0 0 1 0 0 0 0 0 1 0 0 1 0 1 1 1 1 0 0 1 0 1 0 0 0 1
 1 1 1 1 0 0 1 1 1 0 1 0 0 0 0 1 1 1 1 1 0 1 0 0 0 0 0 1 0 1 0 1 1 0 0 1 0
 0 0 0 0 0 1 0 1 0 1 1 0 1 0 0 0 0 1 0 1 1 1 1 0 1 0]
 Training accuracy at 17000 out of 20000 is 0.887(0.500),cost is 3.842(0.921)
[1 0 0 1 0 0 1 0 0 1 1 0 0 1 0 0 0 0 0 1 0 0 1 0 1 1 1 1 0 0 1 0 1 0 0 0 1
 1 1 1 1 0 0 1 1 1 0 1 0 0 0 0 1 1 1 1 1 0 1 0 0 1 0 0 1 0 1 0 1 1 0 0 1 0
 0 0 0 0 0 1 0 1 0 1 1 0 1 0 0 0 0 1 0 1 1 1 1 0 1 0]
 Training accuracy at 17100 out of 20000 is 0.894(0.490),cost is 3.819(0.928)
[1 0 0 1 0 0 1 0 0 1 1 0 0 1 0 0 0 0 0 1 0 0 1 0 1 1 1 1 0 0 1 0 1 0 0 0 1
 1 1 1 1 0 0 1 1 1 0 1 0 0 0 0 1 1 1 1 1 0 1 0 0 1 0 0 1 0 1 0 1 1 0 0 1 0
 0 0 0 0 0 1 0 1 0 1 1 0 1 0 0 0 0 1 0 1 1 1 1 0 1 0]
 Training accuracy at 17200 out of 20000 is 0.894(0.490),cost is 3.798(0.930)
[1 0 0 1 0 0 1 0 0 1 1 0 0 1 0 0 0 0 0 1 0 0 1 0 1 1 1 1 0 0 1 0 1 0 0 0 1
 1 1 1 1 0 0 1 1 1 0 1 0 0 0 0 1 1 1 1 1 0 1 0 0 1 0 0 1 0 1 0 1 1 0 0 1 0
 0 0 0 0 0 1 0 1 0 1 1 0 1 0 0 0 0 1 0 1 1 1 1 0 1 0]
 Training accuracy at 17300 out of 20000 is 0.894(0.490),cost is 3.774(0.936)
[1 0 0 1 0 0 1 0 0 1 1 0 0 1 0 0 0 0 0 1 0 0 1 0 1 1 1 1 0 0 1 0 1 0 0 0 1
 1 1 1 1 0 0 0 1 1 0 1 0 0 0 0 1 1 1 1 1 0 1 0 0 1 0 0 1 0 1 0 1 1 0 0 1 0
 0 0 0 0 0 1 0 1 0 1 1 0 1 0 0 0 0 1 0 1 1 1 1 0 1 0]
 Training accuracy at 17400 out of 20000 is 0.898(0.500),cost is 3.753(0.937)
[1 0 0 1 0 0 1 0 0 1 1 0 0 1 0 0 0 0 0 1 0 0 1 0 1 1 1 1 0 0 1 0 1 0 0 0 1
 1 1 1 1 0 0 1 1 1 0 1 0 0 0 0 1 1 1 1 1 0 1 0 0 0 0 0 1 0 1 0 1 1 0 1 1 0
 0 0 0 0 0 1 0 1 0 1 1 0 1 0 0 0 0 1 0 1 1 1 1 0 1 0]
 Training accuracy at 17500 out of 20000 is 0.895(0.490),cost is 3.733(0.939)
[1 0 0 1 0 0 1 0 0 1 1 0 0 1 0 0 0 0 0 1 0 0 1 0 1 1 1 1 0 0 1 0 1 0 0 0 1
 1 1 1 1 0 0 0 1 1 0 1 0 0 0 0 1 1 1 1 1 0 1 0 0 0 0 0 1 0 1 0 1 1 0 1 1 0
 0 0 0 0 0 1 0 1 0 1 1 0 1 0 0 0 0 1 0 1 1 1 1 0 1 0]
 Training accuracy at 17600 out of 20000 is 0.900(0.500),cost is 3.713(0.944)
[1 0 0 1 0 0 1 0 0 1 1 0 0 1 0 0 0 0 0 1 0 0 1 0 1 1 1 1 0 0 1 0 1 0 0 0 1
 1 1 1 1 0 0 0 1 1 0 1 0 0 0 0 1 1 1 1 1 0 1 0 0 0 0 0 1 0 1 0 1 1 0 1 1 0
 0 0 0 0 0 1 0 1 0 1 1 0 1 0 0 0 0 1 0 1 1 1 1 0 1 0]
 Training accuracy at 17700 out of 20000 is 0.900(0.500),cost is 3.693(0.949)
[1 0 0 1 0 0 1 0 0 1 1 0 0 1 0 0 0 0 0 1 0 0 1 0 1 1 1 1 0 0 1 0 1 0 0 0 1
 1 1 1 1 0 0 0 1 1 0 1 0 0 0 0 1 1 1 1 1 0 1 0 0 1 0 0 1 0 1 0 1 1 0 1 1 0
 0 0 0 0 0 1 0 1 0 1 1 0 1 0 0 0 0 1 0 1 1 1 1 0 1 0]
 Training accuracy at 17800 out of 20000 is 0.900(0.490),cost is 3.674(0.949)
[1 0 0 1 0 0 1 0 0 1 1 0 0 1 0 0 0 0 0 1 0 0 1 0 1 1 1 1 0 0 1 0 1 0 0 0 1
 1 1 1 1 0 0 0 1 1 0 1 0 0 0 0 1 1 1 1 1 0 1 0 0 0 0 0 1 0 1 0 1 1 0 1 1 0
 0 0 0 0 0 1 0 1 0 1 1 0 1 0 0 0 0 1 0 1 1 1 1 0 1 0]
 Training accuracy at 17900 out of 20000 is 0.900(0.500),cost is 3.653(0.953)
[1 0 0 1 0 0 1 0 0 1 1 0 0 1 0 0 0 0 0 1 0 0 1 0 1 1 1 1 0 0 1 0 1 0 0 0 1
 1 1 1 1 0 0 0 1 1 0 1 0 0 0 0 1 1 1 1 1 0 1 0 0 0 0 0 1 0 1 0 1 1 0 1 1 0
 0 0 0 0 0 1 0 1 0 1 1 0 1 0 0 0 0 1 0 1 1 1 1 0 1 0]
 Training accuracy at 18000 out of 20000 is 0.905(0.500),cost is 3.634(0.955)
[1 0 0 1 0 0 1 0 0 1 1 0 0 1 0 0 0 0 0 1 0 0 1 0 1 1 1 1 0 0 1 0 1 0 0 0 1
 1 1 1 1 0 0 0 1 1 0 1 0 0 0 0 1 1 1 1 1 0 1 0 0 0 0 0 1 0 1 0 1 1 0 1 1 0
 0 0 0 0 0 1 0 1 0 1 1 0 1 0 0 0 0 1 0 1 1 1 1 0 1 0]
 Training accuracy at 18100 out of 20000 is 0.903(0.500),cost is 3.613(0.957)
[1 0 0 1 0 0 1 0 0 1 1 0 0 1 0 0 0 0 0 1 0 0 1 0 1 1 1 1 0 0 1 0 1 0 0 0 1
 1 1 1 1 0 0 0 1 1 0 1 0 0 0 0 1 1 1 1 1 0 1 0 0 0 0 0 1 0 1 0 1 1 0 1 1 0
 0 0 0 0 0 1 0 1 0 1 1 0 1 0 0 0 0 1 0 1 1 1 1 0 1 0]
 Training accuracy at 18200 out of 20000 is 0.905(0.500),cost is 3.594(0.961)
[1 0 0 1 0 0 1 0 0 1 1 0 0 1 0 0 0 0 0 1 0 0 1 0 1 1 1 1 0 0 1 0 1 0 0 0 1
 1 1 1 1 0 0 0 1 1 0 1 0 0 0 0 1 1 1 1 1 0 1 0 0 0 0 0 1 0 1 0 1 1 0 1 1 0
 0 0 0 0 0 1 0 1 0 1 1 0 1 0 0 0 0 1 0 1 1 1 1 0 1 0]
 Training accuracy at 18300 out of 20000 is 0.910(0.500),cost is 3.571(0.963)
[1 0 0 1 0 0 1 0 0 1 1 0 0 1 0 0 0 0 0 1 0 0 1 0 1 1 1 1 0 0 1 0 1 0 0 0 1
 1 1 1 1 0 0 0 1 1 0 1 0 0 0 0 1 1 1 1 1 0 1 0 0 0 0 0 1 0 1 0 1 1 0 1 1 0
 0 0 0 0 0 1 0 1 0 1 1 0 1 0 0 0 0 1 0 1 1 1 1 0 1 0]
 Training accuracy at 18400 out of 20000 is 0.906(0.500),cost is 3.556(0.966)
[1 0 0 1 0 0 1 0 0 1 1 0 0 1 0 0 0 0 0 1 0 0 1 0 1 1 1 1 0 0 1 0 1 0 0 0 1
 1 1 1 1 0 0 0 1 1 0 1 0 0 0 0 1 1 1 1 1 0 1 0 0 0 0 0 1 0 1 0 1 1 0 1 1 0
 0 0 0 0 0 1 0 1 0 1 1 0 1 0 0 0 0 1 0 1 1 1 1 0 1 0]
 Training accuracy at 18500 out of 20000 is 0.906(0.500),cost is 3.533(0.973)
[1 0 0 1 0 0 1 0 0 1 1 0 0 1 0 0 0 0 0 1 0 0 1 0 1 1 1 1 0 0 1 0 1 0 0 0 1
 1 1 1 1 0 0 0 1 1 0 1 0 0 0 0 1 1 1 1 1 0 1 0 0 0 0 0 1 0 1 0 1 1 0 1 1 0
 0 0 0 0 0 1 0 1 0 1 1 0 1 0 0 0 0 1 0 1 1 1 1 0 1 0]
 Training accuracy at 18600 out of 20000 is 0.909(0.500),cost is 3.515(0.974)
[1 0 0 1 0 0 1 0 0 1 1 0 0 1 0 0 0 0 0 1 0 0 1 0 1 1 1 1 0 0 1 0 1 0 0 0 1
 1 1 1 1 0 0 0 1 1 0 1 0 0 0 0 1 1 1 1 1 0 1 0 0 0 0 0 1 0 1 0 1 1 0 1 1 0
 0 0 0 0 0 1 0 1 0 1 1 0 1 0 0 0 0 1 0 1 1 1 1 0 1 0]
 Training accuracy at 18700 out of 20000 is 0.908(0.500),cost is 3.496(0.978)
[1 0 0 1 0 0 1 0 0 1 1 0 0 1 0 0 0 0 0 1 0 0 1 0 1 1 1 1 0 0 1 0 1 0 0 0 1
 1 1 1 1 0 0 0 1 1 0 1 0 0 0 0 1 1 1 1 1 0 1 0 0 0 0 0 1 0 1 0 1 1 0 1 1 0
 0 0 0 0 0 1 0 1 0 1 1 0 1 0 0 0 0 1 0 1 1 1 1 0 1 0]
 Training accuracy at 18800 out of 20000 is 0.911(0.500),cost is 3.473(0.984)
[1 0 0 1 0 0 1 0 0 1 1 0 0 1 0 0 0 0 0 1 0 0 1 0 1 1 1 1 0 0 1 0 1 0 0 0 1
 1 1 1 1 0 0 0 1 1 0 1 0 0 0 0 1 1 1 1 1 0 1 0 0 0 0 0 1 0 1 0 1 1 0 1 1 0
 0 0 0 0 0 1 0 1 0 1 1 0 1 0 0 0 0 1 0 1 1 1 1 0 1 0]
 Training accuracy at 18900 out of 20000 is 0.913(0.500),cost is 3.455(0.984)
[1 0 0 1 0 0 1 0 0 1 1 0 0 1 0 0 0 0 0 1 0 0 1 0 1 1 1 1 0 0 1 0 1 0 0 0 1
 1 1 1 1 0 0 0 1 1 0 1 0 0 0 0 1 1 1 1 1 0 1 0 0 0 0 0 1 0 1 0 1 1 0 1 1 0
 0 0 0 0 0 1 0 1 0 1 1 0 1 0 0 0 0 1 0 1 1 1 1 0 1 0]
 Training accuracy at 19000 out of 20000 is 0.914(0.500),cost is 3.434(0.986)
[1 0 0 1 0 0 1 0 0 1 1 0 0 1 0 0 0 0 0 1 0 0 1 0 1 1 1 1 0 0 1 0 1 0 0 0 1
 1 1 1 1 0 0 0 1 1 0 1 0 0 0 0 1 1 1 1 1 0 1 0 0 0 0 0 1 0 1 0 1 1 0 1 1 0
 0 0 0 0 0 1 0 1 0 1 1 0 1 0 0 0 0 1 0 1 1 1 1 0 1 0]
 Training accuracy at 19100 out of 20000 is 0.913(0.500),cost is 3.412(0.991)
[1 0 0 1 0 0 1 0 0 1 1 0 0 1 0 0 0 0 0 1 0 0 1 0 1 1 1 1 0 0 1 0 1 0 0 0 1
 1 1 1 1 0 0 0 1 1 0 1 0 0 0 0 1 1 1 1 1 0 1 0 0 0 0 0 1 0 1 0 1 1 0 1 1 0
 0 0 0 0 0 1 0 1 0 1 1 0 1 0 0 0 0 1 0 1 1 1 1 0 1 0]
 Training accuracy at 19200 out of 20000 is 0.918(0.500),cost is 3.397(0.992)
[1 0 0 1 0 0 1 0 0 1 1 0 0 1 0 0 0 0 0 1 0 0 1 0 1 1 1 1 0 0 1 0 1 0 0 0 1
 1 1 1 1 0 0 0 1 1 0 1 0 0 0 0 1 1 1 1 1 0 1 0 0 0 0 0 1 0 1 0 1 1 0 1 1 0
 0 0 0 0 0 1 0 1 0 1 1 0 1 0 0 0 0 1 0 1 1 1 1 0 1 0]
 Training accuracy at 19300 out of 20000 is 0.918(0.500),cost is 3.376(0.996)
[1 0 0 1 0 0 1 0 0 1 1 0 0 1 0 0 0 0 0 1 0 0 1 0 1 1 1 1 0 0 1 0 1 0 0 0 1
 1 1 1 1 0 0 0 1 1 0 1 0 0 0 0 1 1 1 1 1 0 1 0 0 0 0 0 1 0 1 0 1 1 0 1 1 0
 0 0 0 0 0 1 0 1 0 1 1 0 1 0 0 0 0 1 0 1 1 1 1 0 1 0]
 Training accuracy at 19400 out of 20000 is 0.920(0.500),cost is 3.350(0.999)
[1 0 0 1 0 0 1 0 0 1 1 0 0 1 0 0 0 0 0 1 0 0 1 0 1 1 1 1 0 0 1 0 1 0 0 0 1
 1 1 1 1 0 0 0 1 1 0 1 0 0 0 0 1 1 1 1 1 0 1 0 0 0 0 0 1 0 1 0 1 1 0 1 1 0
 0 0 0 0 0 1 0 1 0 1 1 0 1 0 0 0 0 1 0 1 1 1 1 0 1 0]
 Training accuracy at 19500 out of 20000 is 0.918(0.500),cost is 3.335(1.001)
[1 0 0 1 0 0 1 0 0 1 1 0 0 1 0 0 0 0 0 1 0 0 1 0 1 1 1 1 0 0 1 0 1 0 0 0 1
 1 1 1 1 0 0 0 1 1 0 1 0 0 0 0 1 1 1 1 1 0 1 0 0 0 0 0 1 0 1 0 1 1 0 1 1 0
 0 0 0 0 0 1 0 1 0 1 1 0 1 0 0 0 0 1 0 1 1 1 1 0 1 0]
 Training accuracy at 19600 out of 20000 is 0.921(0.500),cost is 3.316(1.002)
[1 0 0 1 0 0 1 0 0 1 1 0 0 1 0 0 0 0 0 1 0 0 1 0 1 1 1 1 0 0 1 0 1 0 0 0 1
 1 1 1 1 0 0 0 1 1 0 1 0 0 0 0 1 1 1 1 1 0 1 0 0 0 0 0 1 0 1 0 1 1 0 1 1 0
 0 0 0 0 0 1 0 1 0 1 1 0 1 0 0 0 0 1 0 1 1 1 1 0 1 0]
 Training accuracy at 19700 out of 20000 is 0.919(0.500),cost is 3.297(1.004)
[1 0 0 1 0 0 1 0 0 1 1 0 0 1 0 0 0 0 0 1 0 0 1 0 1 1 1 1 0 0 1 0 1 0 0 0 1
 1 1 1 1 0 0 0 1 1 0 1 0 0 0 0 1 1 1 1 1 0 1 0 0 0 0 0 1 0 1 0 1 1 0 1 1 0
 0 0 0 0 0 1 0 1 0 1 1 0 1 0 0 0 0 1 0 1 1 1 1 0 1 0]
 Training accuracy at 19800 out of 20000 is 0.916(0.500),cost is 3.281(1.011)
[1 0 0 1 0 0 1 0 0 1 1 0 0 1 0 0 0 0 0 1 0 0 1 0 1 1 1 1 0 0 1 0 1 0 0 0 1
 1 1 1 1 0 0 0 1 1 0 1 0 0 0 0 1 1 1 1 1 0 1 0 0 0 0 0 1 0 1 0 1 1 0 1 1 0
 0 0 0 0 0 1 0 1 0 1 1 0 1 0 0 0 0 1 0 1 1 1 1 0 1 0]
 Training accuracy at 19900 out of 20000 is 0.923(0.500),cost is 3.261(1.008)
pred real
2    1
1    2
1    2
2    2
1    1
1    2
2    2
1    1
1    2
2    2
2    1
1    1
1    1
2    2
1    2
1    1
1    1
1    2
1    1
2    1
1    2
1    2
2    2
1    2
2    1
2    1
2    1
2    1
1    2
1    1
2    1
1    1
2    1
1    1
1    2
1    2
2    1
2    1
2    1
2    1
2    1
1    2
1    1
1    1
2    2
2    2
1    1
2    2
1    1
1    1
1    2
1    1
2    1
2    1
2    1
2    1
2    2
1    2
2    2
1    2
1    1
1    1
1    1
1    1
2    1
1    1
2    2
1    2
2    2
2    2
1    1
2    1
2    1
1    2
1    2
1    2
1    1
1    2
1    1
2    1
1    1
2    2
1    1
2    2
2    2
1    2
2    2
1    2
1    1
1    2
1    1
2    2
1    2
2    2
2    2
2    2
2    2
1    2
2    1
1    2
time:0 The accuracy on the test data is 0.500, before training was 0.450
0.5
