Train 694 samples in approximately 4322 epochs
Finished computation graph
[0 1 0 0 1 0 0 1 1 0 0 0 0 1 0 0 0 1 0 0 0 0 0 0 1 0 0 0 1 1 0 1 0 1 0 0 0
 0 0 1 0 0 0 0 0 0 1 0 1 0 1 1 0 0 0 0 0 0 0 1 1 0 0 0 1 0 0 0 0 1 0 0 1 1
 0 0 0 1 1 0 0 0 0 0 0 0 0 0 0 0 1 0 1 0 0 0 0 1 0 0]
At     1/30000: COST 0.752/0.680(0.694) -- Acc 0.580/0.520(0.010)
[1 0 1 1 1 1 1 1 1 0 0 1 1 1 1 1 1 1 0 1 0 1 1 0 1 1 1 1 0 1 1 0 1 1 1 1 1
 1 1 1 1 1 0 1 1 1 0 0 1 1 1 1 1 1 1 1 1 0 1 1 0 0 0 1 1 0 1 1 1 0 1 1 1 0
 1 1 0 1 1 1 1 0 1 1 1 0 1 1 1 1 1 1 1 1 1 0 0 1 1 0]
At   101/30000: COST 0.675/0.695(0.689) -- Acc 0.590/0.510(0.352)
[0 1 1 1 1 1 1 1 0 0 1 1 1 1 1 1 1 0 1 1 1 1 1 1 0 1 1 1 1 0 1 1 1 1 1 0 1
 1 1 1 0 1 1 1 1 0 0 0 0 1 0 0 1 1 1 1 1 1 1 1 1 1 1 1 0 1 1 1 1 0 1 0 1 1
 1 0 1 1 1 1 1 1 1 1 1 1 1 1 1 0 1 1 1 0 1 1 1 1 0 1]
At   201/30000: COST 0.646/0.737(0.668) -- Acc 0.660/0.560(0.524)
[1 1 0 1 0 1 1 0 1 1 0 0 1 1 0 1 1 0 1 1 0 1 1 1 0 0 1 0 0 1 0 0 1 1 1 1 1
 1 1 1 1 0 0 0 1 1 1 0 1 1 1 1 0 0 0 1 1 1 1 0 0 1 0 0 1 0 0 1 1 1 0 0 0 1
 1 1 1 1 0 1 1 1 1 1 0 1 1 0 1 0 1 0 1 1 1 1 1 1 1 0]
At   301/30000: COST 0.497/0.989(0.614) -- Acc 0.730/0.490(0.637)
[1 1 1 1 1 1 1 1 1 1 1 1 1 1 1 0 0 1 0 1 1 1 0 1 1 1 1 1 0 1 1 1 0 1 1 1 1
 1 1 1 0 1 0 0 1 1 0 1 0 1 1 1 1 1 0 0 1 0 1 1 1 1 1 1 1 1 1 1 1 0 0 1 0 1
 0 1 0 1 1 1 0 1 1 1 1 1 1 1 1 1 0 1 1 1 1 1 1 0 1 1]
At   401/30000: COST 0.505/1.067(0.539) -- Acc 0.750/0.510(0.715)
[1 1 1 1 1 0 1 0 1 1 1 1 0 1 1 0 0 1 0 1 1 0 1 1 1 1 0 1 1 1 1 1 0 1 1 1 1
 1 0 0 0 1 0 0 1 0 1 0 1 1 1 0 1 1 0 1 0 1 1 0 0 1 1 1 0 1 1 1 0 1 0 1 0 1
 1 1 1 0 0 0 1 1 1 1 0 1 0 0 1 1 0 1 0 1 1 1 0 1 1 0]
At   501/30000: COST 0.362/1.433(0.442) -- Acc 0.810/0.500(0.787)
[0 1 0 0 0 1 0 0 1 1 1 1 1 0 1 1 0 1 1 0 0 1 0 1 1 1 1 0 1 0 1 0 1 1 0 1 1
 0 1 1 0 1 1 0 1 1 0 0 1 1 0 1 1 1 1 0 1 1 1 1 1 0 0 1 1 0 1 0 1 1 1 1 1 1
 1 0 0 1 0 1 0 1 0 1 1 1 1 1 1 1 0 1 0 0 1 1 0 1 0 1]
At   601/30000: COST 0.215/1.776(0.367) -- Acc 0.950/0.490(0.835)
[1 1 0 1 0 1 1 1 0 1 1 1 0 1 0 1 1 1 1 1 1 1 1 0 1 1 0 1 1 1 1 0 1 0 1 1 1
 1 0 1 1 1 1 1 1 1 1 0 1 1 0 0 0 1 0 1 1 1 0 1 1 0 1 1 1 1 1 1 0 1 0 1 1 1
 1 1 0 1 1 1 1 1 1 1 1 1 1 1 0 0 0 0 1 0 1 1 1 1 1 1]
At   701/30000: COST 0.291/2.115(0.286) -- Acc 0.890/0.500(0.880)
[1 1 1 1 1 1 1 1 1 0 1 0 0 1 1 1 1 1 1 1 1 1 0 1 1 1 1 1 1 1 1 0 0 0 1 0 1
 0 1 1 1 0 0 1 0 1 1 1 0 1 1 0 1 1 1 1 1 1 1 1 0 1 1 0 1 1 1 1 1 0 0 1 0 1
 1 1 0 1 0 1 1 0 1 0 0 0 1 0 0 1 0 0 1 0 0 1 1 1 0 0]
At   801/30000: COST 0.173/2.602(0.217) -- Acc 0.940/0.460(0.912)
[0 0 0 1 1 1 1 1 0 1 1 0 0 1 1 1 1 1 1 1 1 1 1 1 1 1 1 1 1 1 1 0 0 1 1 1 0
 0 1 0 1 1 1 1 1 1 1 0 1 1 1 0 0 1 0 1 1 1 1 0 1 1 1 0 1 0 1 1 1 1 1 1 1 1
 1 1 1 1 1 1 1 0 1 0 1 0 0 1 0 1 0 0 0 0 1 1 0 0 0 1]
At   901/30000: COST 0.143/2.567(0.167) -- Acc 0.940/0.530(0.933)
[1 1 0 1 1 1 0 0 1 1 1 1 0 1 1 0 1 1 0 0 1 0 1 0 1 1 0 1 1 1 1 1 1 1 1 0 1
 1 0 1 1 1 1 0 1 1 1 1 1 1 0 1 0 0 1 0 0 1 1 0 1 1 1 1 1 1 1 1 1 0 0 1 0 1
 1 1 1 0 0 1 1 0 1 0 1 1 1 1 1 0 1 0 0 1 0 1 1 1 0 1]
At  1001/30000: COST 0.144/2.486(0.143) -- Acc 0.950/0.520(0.946)
[1 1 1 1 1 0 1 1 1 0 1 0 0 1 0 1 1 0 0 0 1 1 0 1 1 1 1 0 1 1 1 0 1 1 1 1 1
 1 1 1 1 1 1 1 0 0 1 0 1 1 1 0 1 1 1 1 1 0 1 1 1 1 1 0 1 0 1 1 1 1 0 1 1 1
 1 0 0 1 1 1 0 1 1 1 1 1 0 0 1 0 1 1 1 1 0 1 1 0 1 1]
At  1101/30000: COST 0.206/2.630(0.120) -- Acc 0.930/0.500(0.957)
[1 0 1 1 1 0 1 1 1 1 1 0 0 1 1 0 1 0 0 0 0 1 0 1 1 0 1 1 1 1 0 1 0 0 1 1 0
 0 1 0 1 1 1 1 0 0 0 1 0 1 0 1 1 1 1 0 1 1 0 1 0 1 1 1 1 1 1 1 0 0 1 0 1 1
 1 0 0 1 0 1 1 1 1 0 1 1 1 1 0 1 1 1 1 1 1 0 0 1 1 1]
At  1201/30000: COST 0.113/2.760(0.101) -- Acc 0.970/0.500(0.965)
[1 1 0 0 1 0 1 1 1 0 1 1 1 0 0 0 1 0 1 1 1 1 1 1 0 1 1 1 1 1 1 0 1 1 1 0 1
 1 0 0 0 1 1 1 1 1 1 1 1 0 0 1 1 1 1 0 1 1 1 1 0 0 0 1 0 0 1 0 1 1 1 1 0 1
 1 0 1 1 1 0 0 0 0 1 1 1 0 0 0 1 0 1 0 1 1 1 0 0 1 1]
At  1301/30000: COST 0.099/2.644(0.089) -- Acc 0.960/0.510(0.969)
[1 1 1 1 0 1 0 1 1 0 0 1 1 0 0 0 1 1 1 1 1 0 0 1 0 1 1 1 1 0 1 0 1 0 1 1 1
 0 0 1 1 1 1 1 0 1 1 0 1 1 1 0 1 0 1 1 0 1 0 1 1 1 1 1 1 1 0 0 1 0 1 1 0 0
 1 0 0 1 1 0 1 1 1 1 1 1 1 0 1 1 1 0 1 1 1 1 1 0 1 1]
At  1401/30000: COST 0.017/3.036(0.071) -- Acc 1.000/0.490(0.976)
[1 0 1 1 1 1 1 1 1 1 1 0 1 1 1 0 1 0 0 1 1 0 1 1 0 1 0 1 1 1 0 1 1 1 1 0 1
 1 0 1 1 0 0 1 1 1 0 1 0 1 1 0 0 1 1 0 1 0 1 1 1 1 1 1 1 1 1 1 1 0 0 0 1 0
 1 1 0 0 1 1 1 1 1 1 1 0 1 0 1 1 1 1 0 1 1 1 1 0 1 1]
At  1501/30000: COST 0.071/2.983(0.069) -- Acc 0.970/0.500(0.976)
[1 1 1 1 0 1 0 1 1 1 1 0 0 1 1 1 1 1 0 1 1 0 1 1 1 1 1 0 0 1 1 1 1 1 1 0 1
 1 1 1 1 0 0 1 0 0 1 1 1 1 0 1 0 1 0 1 1 1 0 1 0 0 1 1 0 1 1 1 0 0 1 1 0 0
 0 1 1 0 1 0 1 1 0 1 0 1 0 1 1 1 0 1 1 1 1 0 1 1 0 1]
At  1601/30000: COST 0.066/3.155(0.061) -- Acc 0.990/0.520(0.980)
[1 0 0 0 0 1 0 0 0 1 1 0 0 1 0 0 0 1 1 1 1 0 1 1 0 0 1 1 1 1 0 1 1 1 1 1 0
 0 1 1 1 1 1 1 0 1 0 0 1 1 0 1 1 1 1 0 1 1 0 1 1 1 0 1 1 1 1 1 0 1 0 0 1 0
 1 1 0 1 1 0 1 0 1 1 1 0 0 0 1 1 1 1 1 0 1 1 1 1 0 0]
At  1701/30000: COST 0.037/2.598(0.065) -- Acc 0.980/0.550(0.978)
[1 1 0 1 1 1 1 1 1 1 0 1 1 1 0 1 0 1 1 0 1 0 1 0 0 1 1 1 0 1 1 1 1 1 1 1 0
 1 0 0 0 0 1 1 1 1 1 1 1 1 0 1 0 1 1 1 1 1 1 1 0 1 1 1 1 1 1 1 1 0 1 0 1 0
 1 1 1 1 1 1 0 1 1 0 1 1 1 0 1 1 1 1 1 0 1 0 1 0 0 1]
At  1801/30000: COST 0.067/2.734(0.061) -- Acc 0.970/0.520(0.980)
[1 1 1 1 0 0 1 0 1 1 1 1 1 0 0 0 1 1 0 1 1 0 1 0 1 0 0 0 1 1 0 1 0 0 1 1 1
 1 1 0 1 1 1 1 1 1 1 0 1 0 1 1 0 0 0 1 0 1 1 1 1 1 0 1 0 0 1 1 0 1 1 1 1 1
 1 1 1 1 1 1 0 1 1 0 1 1 0 1 1 0 1 0 1 1 1 1 1 1 1 0]
At  1901/30000: COST 0.032/2.225(0.074) -- Acc 1.000/0.570(0.977)
[1 1 0 1 1 1 0 0 0 1 0 0 1 1 0 1 1 1 1 1 0 1 1 0 0 0 1 0 1 1 1 1 1 1 0 0 1
 0 1 1 1 1 0 1 1 1 0 1 0 0 1 1 1 1 1 1 0 1 1 0 0 1 1 1 1 0 1 0 1 0 0 1 1 0
 1 1 1 1 0 0 0 1 1 0 1 1 0 0 1 1 1 0 1 1 1 1 1 0 0 0]
At  2001/30000: COST 0.059/2.629(0.076) -- Acc 0.980/0.500(0.976)
[0 0 1 1 1 1 0 1 1 1 1 1 1 0 1 1 1 1 1 1 1 0 0 1 0 1 0 1 1 1 1 1 1 1 1 1 1
 1 1 1 0 0 1 1 0 1 0 1 1 1 0 1 1 0 1 1 0 1 1 1 1 1 1 1 0 1 0 1 1 0 1 1 1 0
 0 1 1 1 1 0 1 1 1 0 1 0 0 1 1 0 1 0 1 1 1 1 1 1 0 1]
At  2101/30000: COST 0.105/3.136(0.064) -- Acc 0.960/0.540(0.980)
[1 0 1 1 1 0 1 1 0 1 0 1 1 1 0 1 1 0 1 1 0 1 0 0 0 1 1 1 0 1 0 0 0 1 1 1 1
 1 1 1 1 1 1 1 0 1 0 0 0 1 1 0 1 0 1 1 1 0 1 0 1 1 1 1 1 1 1 1 1 0 0 1 1 1
 1 1 0 1 1 0 1 1 1 1 1 1 1 0 1 1 1 1 1 0 0 1 0 1 1 1]
At  2201/30000: COST 0.006/3.321(0.058) -- Acc 1.000/0.510(0.983)
[1 1 1 0 1 1 1 1 0 1 0 1 1 1 1 1 0 0 0 0 0 1 0 1 1 0 0 0 1 1 0 1 0 1 1 1 0
 1 1 1 1 1 1 1 0 1 1 0 1 1 1 1 0 1 1 1 0 0 1 1 1 1 0 1 1 1 0 1 1 0 1 1 1 1
 1 1 0 1 1 1 0 1 0 1 1 0 1 1 0 1 0 1 1 1 1 1 0 0 1 1]
At  2301/30000: COST 0.011/3.315(0.053) -- Acc 1.000/0.520(0.984)
[1 1 0 1 0 1 1 1 1 0 0 1 1 1 1 1 1 1 1 1 1 1 1 0 1 1 0 1 0 1 1 0 1 1 1 0 1
 1 1 1 1 0 1 1 1 0 1 0 1 1 1 1 1 1 1 1 1 1 0 1 1 1 0 0 1 1 1 0 0 0 1 1 1 1
 0 0 0 0 1 1 0 1 1 1 1 1 1 1 1 0 1 1 0 1 1 1 1 1 1 1]
At  2401/30000: COST 0.017/3.426(0.051) -- Acc 1.000/0.480(0.984)
[1 0 1 1 1 1 0 1 1 0 1 0 1 1 1 1 1 1 1 1 1 0 0 1 0 1 0 1 1 1 0 1 0 0 1 0 0
 1 1 0 0 0 0 1 1 0 1 1 1 1 1 0 0 1 1 1 1 1 1 1 0 1 1 1 1 1 0 1 0 1 1 0 1 1
 1 0 1 1 0 0 1 0 0 1 0 1 1 1 1 1 1 1 1 1 1 1 0 0 1 1]
At  2501/30000: COST 0.009/2.843(0.046) -- Acc 1.000/0.510(0.986)
[1 1 1 1 1 1 1 0 1 1 1 0 1 1 0 0 1 0 1 1 1 1 1 1 1 1 1 0 0 1 1 1 0 0 1 0 0
 1 0 1 1 1 1 0 0 1 1 0 0 1 1 1 1 0 1 1 1 0 0 1 0 1 1 1 1 0 0 1 1 0 0 0 0 0
 1 1 1 1 1 1 1 1 1 1 1 1 1 1 1 1 1 1 0 0 1 1 1 1 0 1]
At  2601/30000: COST 0.010/3.061(0.043) -- Acc 1.000/0.530(0.986)
[1 1 0 1 1 1 1 1 1 1 0 1 1 1 1 1 1 1 1 0 1 0 1 0 1 1 1 1 1 1 1 1 1 0 0 0 0
 1 1 0 1 0 1 1 1 1 1 0 0 0 1 1 1 1 0 1 1 1 1 1 1 0 1 0 1 1 1 1 1 1 1 1 0 0
 1 0 0 1 1 1 0 1 1 0 1 1 1 0 0 1 1 0 0 1 1 1 0 0 1 1]
At  2701/30000: COST 0.023/3.068(0.049) -- Acc 0.990/0.500(0.985)
[1 0 1 1 1 1 0 1 0 1 0 1 1 1 1 1 1 0 0 1 1 1 1 1 0 0 1 1 0 1 1 0 0 1 1 1 1
 0 1 1 0 0 0 1 1 1 1 1 1 0 0 0 1 1 1 1 1 1 1 1 0 0 1 1 1 1 0 1 0 1 1 1 1 1
 1 0 0 0 0 1 1 1 1 1 1 1 1 1 1 1 0 1 0 0 1 1 0 1 1 1]
At  2801/30000: COST 0.019/3.124(0.038) -- Acc 0.990/0.490(0.988)
[0 1 1 1 0 1 0 1 1 1 1 0 1 1 0 0 0 1 0 0 0 1 1 0 1 1 0 0 1 1 0 0 1 0 1 0 0
 1 0 1 1 1 1 0 1 1 1 0 1 1 1 1 1 1 1 0 1 0 1 1 1 1 0 0 1 1 1 1 1 1 0 1 1 1
 1 1 0 1 0 1 1 1 1 1 0 1 1 0 0 1 0 1 1 0 0 1 1 1 1 1]
At  2901/30000: COST 0.072/2.814(0.050) -- Acc 0.980/0.530(0.985)
[1 1 1 0 1 1 1 0 1 1 0 1 1 0 0 1 1 1 1 0 1 0 1 1 0 1 1 0 1 1 1 1 1 1 1 1 1
 1 1 0 1 1 1 1 1 1 0 1 1 0 1 1 0 1 0 0 0 1 1 0 1 1 1 1 1 1 1 0 1 1 1 1 1 0
 0 0 0 0 1 0 1 1 1 1 1 1 0 1 1 1 1 1 1 1 1 1 0 1 0 0]
At  3001/30000: COST 0.092/2.378(0.056) -- Acc 0.970/0.570(0.983)
[1 1 1 0 0 1 1 1 0 0 1 1 1 1 0 1 0 1 1 1 1 0 1 1 1 1 1 1 0 1 0 0 1 0 1 1 1
 1 1 1 0 0 0 1 1 1 1 0 1 1 1 1 1 1 1 1 1 0 0 1 1 0 1 0 1 1 0 0 1 1 1 1 1 1
 1 0 1 1 0 1 1 1 1 1 0 1 1 1 0 1 0 1 1 1 1 0 1 1 0 0]
At  3101/30000: COST 0.023/3.100(0.050) -- Acc 0.990/0.520(0.985)
[0 0 1 0 1 1 1 1 0 0 1 1 0 1 1 1 1 1 0 1 1 1 0 1 0 1 1 1 0 1 0 1 1 1 1 1 1
 0 1 0 1 1 1 1 1 1 1 1 1 0 1 0 1 0 1 1 1 1 0 1 1 1 0 0 1 1 1 1 1 1 0 0 1 1
 1 1 1 1 1 1 0 1 1 1 1 0 1 0 1 0 0 1 1 1 0 1 1 1 1 1]
At  3201/30000: COST 0.012/2.844(0.044) -- Acc 1.000/0.500(0.988)
[1 0 1 1 1 0 1 1 1 0 1 0 1 0 1 0 1 1 1 1 1 1 0 0 1 1 1 1 1 1 1 1 1 1 0 1 1
 1 1 1 1 1 1 1 1 0 1 1 0 1 1 1 1 0 0 1 0 1 0 0 0 1 1 1 1 1 1 1 1 0 1 1 0 1
 1 1 0 1 0 0 1 0 1 0 1 1 1 1 1 1 0 0 1 0 1 0 1 1 0 1]
At  3301/30000: COST 0.060/3.018(0.041) -- Acc 0.980/0.500(0.987)
[0 1 0 1 1 1 1 1 1 1 0 1 1 1 1 1 1 1 1 1 1 1 1 1 1 1 1 0 1 0 0 1 1 1 1 1 1
 1 1 0 0 1 0 1 0 0 1 1 1 1 1 1 1 0 1 1 0 1 0 0 0 0 1 1 1 1 0 0 1 1 1 1 0 1
 1 1 1 1 1 0 1 1 1 0 0 1 1 0 1 1 1 1 0 0 0 0 0 1 1 1]
At  3401/30000: COST 0.107/2.664(0.050) -- Acc 0.970/0.480(0.985)
[1 1 1 1 1 0 1 0 1 1 1 1 1 1 0 1 1 1 1 1 0 1 1 1 1 0 1 1 0 1 1 1 0 1 1 0 0
 0 1 1 1 1 0 1 0 1 1 0 1 0 1 1 1 0 1 0 1 1 0 1 1 1 1 1 1 1 0 0 1 0 1 0 1 0
 1 1 1 0 1 1 1 1 0 1 0 0 0 1 1 1 0 1 0 0 1 1 1 1 0 1]
At  3501/30000: COST 0.029/2.968(0.041) -- Acc 0.990/0.520(0.988)
[1 0 1 1 1 1 1 1 1 0 1 1 0 1 1 1 0 0 0 0 1 1 1 0 0 1 1 0 1 1 0 0 0 1 1 1 0
 1 1 1 1 0 1 1 1 1 0 0 0 1 1 0 1 1 1 0 1 0 1 0 1 0 1 1 1 1 1 0 1 1 1 1 1 1
 0 0 1 0 0 1 0 1 1 1 1 1 1 1 1 1 1 1 1 1 0 0 1 1 0 1]
At  3601/30000: COST 0.017/2.730(0.040) -- Acc 1.000/0.530(0.988)
[1 1 1 0 1 1 1 1 1 0 1 1 0 1 1 1 1 0 1 1 1 0 1 1 0 0 1 1 0 1 0 1 0 1 1 0 0
 0 1 0 1 0 1 1 1 1 0 1 0 0 1 1 0 1 1 1 1 0 0 1 0 1 0 1 0 1 1 1 1 0 1 0 0 1
 1 1 0 1 1 1 0 0 1 1 0 0 1 0 1 0 1 1 0 0 1 1 1 1 1 1]
At  3701/30000: COST 0.045/2.266(0.048) -- Acc 0.990/0.530(0.986)
[1 0 0 1 1 0 1 1 1 0 1 1 0 0 1 1 0 1 1 1 1 1 0 1 1 1 0 0 1 1 1 1 1 0 1 1 0
 1 1 1 1 0 1 1 1 1 0 1 1 1 1 1 0 0 1 0 0 1 1 0 0 1 1 1 1 1 0 0 0 1 1 0 0 0
 0 1 0 1 1 1 0 0 1 1 0 1 1 1 1 0 0 1 1 1 1 0 0 1 0 1]
At  3801/30000: COST 0.046/2.640(0.045) -- Acc 0.980/0.530(0.988)
[1 1 1 1 1 1 1 0 1 1 1 1 1 1 0 1 0 0 0 1 1 0 1 0 1 1 1 0 1 1 1 1 1 1 0 0 0
 1 1 1 1 0 1 0 1 0 1 1 1 1 1 1 0 1 1 0 1 0 1 1 1 0 1 1 0 1 1 0 1 1 1 1 1 1
 1 0 1 1 0 1 1 0 1 0 1 1 1 1 1 1 0 1 1 1 1 1 1 1 0 1]
At  3901/30000: COST 0.154/1.956(0.075) -- Acc 0.940/0.490(0.979)
[1 0 1 1 1 1 0 0 0 1 1 0 1 0 1 1 1 1 0 1 1 1 0 0 1 0 1 1 1 1 1 1 1 1 0 0 1
 1 0 0 1 1 0 1 1 1 0 1 1 1 1 1 1 1 1 0 0 1 1 1 0 1 0 1 1 1 1 1 1 1 1 1 1 1
 1 1 0 1 1 0 1 1 1 1 1 0 1 0 1 1 1 0 1 1 1 1 1 1 1 1]
At  4001/30000: COST 0.074/2.418(0.075) -- Acc 0.970/0.460(0.976)
[1 1 0 1 1 0 0 1 0 0 0 0 1 1 0 0 1 1 1 1 0 1 1 1 1 1 1 0 1 1 1 1 0 1 1 1 1
 1 1 1 1 1 1 1 1 0 1 1 1 1 1 1 0 0 1 0 1 1 1 1 1 1 0 0 0 1 1 0 0 1 1 1 1 1
 1 1 1 1 1 1 1 0 0 1 1 0 1 1 1 1 0 0 1 1 1 1 1 1 1 0]
At  4101/30000: COST 0.083/2.514(0.073) -- Acc 0.980/0.500(0.977)
[1 1 1 0 0 0 0 1 1 1 1 1 1 0 0 1 1 1 1 1 1 1 0 1 0 1 1 1 1 1 0 0 0 1 1 1 1
 1 1 0 0 1 1 1 1 1 1 1 0 1 0 1 1 1 1 0 1 1 1 1 1 1 0 0 1 1 1 1 1 0 1 1 1 1
 1 1 1 1 1 1 1 1 1 1 0 1 1 1 1 1 1 1 0 1 1 1 0 1 1 1]
At  4201/30000: COST 0.102/2.791(0.063) -- Acc 0.970/0.510(0.980)
[0 1 1 1 1 1 1 1 1 1 0 1 1 1 1 0 0 1 0 0 1 1 1 1 0 1 1 1 0 1 1 1 0 1 1 1 1
 0 0 1 0 1 1 1 1 1 0 0 1 1 0 1 1 0 1 1 0 1 1 1 1 1 1 1 0 1 1 1 1 0 1 1 1 0
 0 1 0 1 1 0 0 0 1 1 1 0 1 1 0 1 0 1 1 1 0 1 1 1 1 0]
At  4301/30000: COST 0.049/2.520(0.063) -- Acc 0.980/0.490(0.980)
[1 1 0 0 1 1 1 1 1 1 0 1 1 1 1 0 0 1 1 1 1 0 1 0 0 1 1 1 0 1 1 1 0 1 0 0 1
 0 1 1 1 1 1 1 0 0 0 1 1 1 1 0 0 1 1 1 0 1 1 0 1 1 1 1 1 1 1 1 0 1 0 0 1 1
 0 1 1 0 0 1 0 1 1 1 1 1 0 0 0 1 1 1 1 1 0 1 1 1 1 0]
At  4401/30000: COST 0.056/3.133(0.051) -- Acc 0.980/0.470(0.984)
[0 1 1 1 0 1 1 1 1 1 1 1 1 0 1 0 1 1 1 1 1 0 1 0 1 0 1 1 1 1 1 1 0 1 0 0 0
 1 1 1 1 1 0 1 1 1 1 0 1 1 1 0 1 1 1 1 1 1 0 1 1 1 1 0 0 0 0 0 1 1 0 0 1 1
 1 1 0 0 0 1 1 1 0 1 1 0 1 1 1 1 1 1 0 1 0 1 0 1 0 1]
At  4501/30000: COST 0.010/3.111(0.040) -- Acc 0.990/0.460(0.987)
[1 1 0 0 0 0 0 1 0 0 1 0 0 1 1 1 1 1 1 0 1 1 1 1 1 0 1 1 1 1 1 1 1 1 1 1 1
 1 1 0 0 1 1 1 0 0 1 1 1 1 0 1 0 1 1 1 1 1 1 0 1 1 0 1 0 0 0 1 0 0 0 1 0 1
 0 0 1 1 0 1 0 1 1 0 1 0 1 1 0 1 0 0 0 1 1 1 1 0 1 0]
At  4601/30000: COST 0.006/2.990(0.037) -- Acc 1.000/0.510(0.988)
[1 0 1 1 1 1 1 1 1 0 1 0 0 1 0 1 1 1 0 1 1 1 0 1 1 0 1 1 1 0 0 0 1 0 1 0 1
 0 0 0 1 0 0 1 1 1 1 1 1 0 1 1 0 1 0 1 1 0 1 0 1 1 0 1 1 1 1 1 0 1 1 0 0 1
 1 1 1 1 0 1 1 1 1 1 0 1 0 0 1 1 1 1 1 0 1 1 1 0 1 1]
At  4701/30000: COST 0.125/2.891(0.039) -- Acc 0.980/0.480(0.988)
[1 0 1 0 1 1 1 1 1 1 1 1 1 0 1 1 1 1 0 0 1 1 1 1 0 1 0 1 1 0 0 1 0 1 1 1 1
 0 0 0 1 1 1 1 0 1 1 1 1 1 1 0 1 0 1 1 1 0 1 1 1 0 0 0 1 1 1 1 1 1 0 0 1 1
 0 1 1 1 0 0 1 0 0 1 1 1 0 1 0 1 1 0 1 1 0 1 0 1 1 1]
At  4801/30000: COST 0.040/3.339(0.040) -- Acc 0.990/0.490(0.988)
[0 1 0 1 0 1 1 1 1 0 0 1 0 0 1 1 1 1 1 1 1 0 1 0 1 0 0 1 0 0 0 1 1 1 1 1 1
 1 1 1 0 1 0 0 1 0 1 1 1 1 1 1 1 0 1 0 1 1 1 1 1 1 0 1 1 1 0 1 1 1 1 1 1 1
 1 1 0 0 1 1 1 1 1 1 1 0 0 1 1 1 1 1 0 1 0 0 1 1 1 0]
At  4901/30000: COST 0.018/3.128(0.039) -- Acc 1.000/0.470(0.988)
[1 1 0 1 1 1 1 1 1 0 1 1 1 0 1 1 1 1 1 1 1 1 1 1 1 1 1 0 0 0 1 1 1 0 1 1 0
 0 1 1 1 1 1 1 1 1 1 1 0 1 1 0 1 1 1 1 1 1 0 1 1 0 1 0 1 0 1 1 1 1 1 1 1 1
 1 1 1 0 1 1 1 1 1 1 1 1 0 1 1 1 1 0 1 1 1 1 0 1 1 1]
At  5001/30000: COST 0.027/3.383(0.039) -- Acc 0.990/0.500(0.988)
[1 1 0 1 1 1 0 1 0 1 0 0 1 0 1 1 0 0 1 1 1 1 1 1 1 0 1 1 1 0 0 1 1 1 1 1 0
 1 1 1 1 1 1 1 1 1 0 1 1 1 0 0 1 0 1 0 1 0 1 1 1 1 1 1 1 0 1 1 0 1 1 1 1 0
 1 1 1 0 1 0 1 1 1 1 0 1 1 1 1 0 0 1 1 1 1 1 0 1 1 1]
At  5101/30000: COST 0.044/3.213(0.042) -- Acc 0.990/0.480(0.988)
[1 1 1 1 1 1 0 1 1 1 1 1 0 1 1 1 1 1 1 1 1 0 1 0 1 1 1 0 1 1 1 1 1 1 1 1 1
 0 1 0 1 1 1 1 0 0 1 0 0 0 1 1 1 1 1 0 1 1 0 1 1 1 1 1 1 1 0 1 1 1 1 0 0 1
 1 1 1 1 0 1 1 1 0 1 1 0 1 1 1 0 0 1 1 1 1 0 1 1 1 1]
At  5201/30000: COST 0.033/3.292(0.044) -- Acc 0.980/0.460(0.987)
[0 1 1 1 1 1 1 1 1 0 1 1 1 0 1 1 1 1 1 0 1 1 0 1 0 1 0 1 1 1 1 1 0 1 1 1 1
 0 1 1 1 0 1 1 1 1 1 0 1 1 1 0 0 1 0 0 1 1 1 1 1 0 0 1 1 1 0 1 1 1 1 1 1 1
 1 0 1 1 1 1 0 1 0 1 1 1 0 1 1 1 0 1 1 1 0 1 0 1 0 1]
At  5301/30000: COST 0.006/3.479(0.036) -- Acc 1.000/0.470(0.990)
[1 0 0 0 1 0 1 1 1 0 1 1 0 1 1 1 1 1 1 1 1 1 1 1 1 0 1 1 1 1 1 1 1 0 1 1 1
 0 1 0 1 1 0 1 1 1 1 1 1 1 0 0 1 1 1 1 1 1 1 1 0 0 1 0 1 1 1 1 1 1 1 1 0 1
 0 1 1 1 1 1 0 1 1 1 1 1 1 1 0 1 1 0 1 1 0 1 0 1 0 1]
At  5401/30000: COST 0.005/3.572(0.027) -- Acc 1.000/0.490(0.992)
[0 1 1 1 1 1 1 1 0 1 1 0 1 1 1 1 0 1 1 0 1 1 1 1 1 1 1 0 1 1 0 0 1 0 1 1 1
 1 1 1 0 1 0 1 0 1 1 1 0 1 1 1 1 0 1 1 1 0 0 1 1 1 0 1 1 1 1 0 1 0 0 0 1 0
 1 1 1 1 1 0 1 1 1 1 1 0 1 1 1 1 0 1 0 1 1 1 1 1 0 1]
At  5501/30000: COST 0.056/3.198(0.035) -- Acc 0.990/0.480(0.989)
[1 1 1 1 0 1 1 1 0 1 0 1 0 1 1 1 0 1 0 1 1 1 0 1 1 1 1 1 1 1 1 1 1 0 1 0 0
 0 0 0 1 1 0 1 1 1 1 0 1 1 1 1 1 0 1 1 1 0 1 0 1 0 1 1 1 0 0 1 0 0 1 0 1 0
 1 1 1 1 1 1 0 1 1 0 0 1 1 1 0 1 1 1 0 1 1 1 1 1 0 0]
At  5601/30000: COST 0.031/2.470(0.052) -- Acc 0.990/0.550(0.985)
[1 1 1 1 1 0 1 1 1 1 1 0 1 0 0 1 1 1 1 1 1 1 1 1 0 1 1 1 1 1 1 1 1 1 1 1 0
 1 0 0 1 1 0 1 1 1 0 0 0 0 1 0 1 0 1 1 1 1 1 1 1 1 1 1 0 0 1 0 0 1 1 1 0 1
 0 0 0 1 0 0 1 1 1 0 0 1 0 1 1 1 0 1 1 0 0 1 0 1 1 1]
At  5701/30000: COST 0.017/2.665(0.049) -- Acc 0.990/0.570(0.986)
[1 0 1 1 0 1 1 1 1 1 1 0 0 0 1 1 1 1 1 1 0 1 1 0 0 1 1 1 1 0 0 1 1 1 0 1 1
 0 0 1 0 1 0 1 1 1 1 1 1 1 0 0 1 1 0 1 0 1 0 1 0 1 0 1 0 1 1 0 1 1 1 0 0 1
 1 1 0 1 1 0 1 0 1 1 1 0 1 0 1 1 1 0 0 1 0 1 1 0 0 1]
At  5801/30000: COST 0.045/2.457(0.055) -- Acc 0.990/0.530(0.985)
[0 0 1 1 1 1 1 1 1 1 1 1 1 1 0 1 1 0 0 0 0 0 1 0 1 1 0 0 0 1 1 1 1 1 1 1 1
 1 0 0 0 0 0 0 0 0 0 0 1 0 0 0 1 0 1 1 0 1 1 0 0 1 1 1 1 0 0 1 1 1 1 0 1 1
 1 0 1 0 1 0 0 1 0 0 1 0 1 1 1 1 1 1 1 1 1 1 0 1 1 1]
At  5901/30000: COST 0.009/2.837(0.041) -- Acc 1.000/0.530(0.988)
[1 0 1 1 1 0 1 0 1 1 0 0 0 1 0 0 1 0 1 1 1 0 1 1 1 0 0 1 0 1 0 1 1 0 0 1 0
 0 1 1 1 1 0 0 1 1 1 1 0 0 0 0 1 0 0 0 1 1 1 1 1 0 1 1 1 1 1 1 1 1 1 0 1 0
 1 1 0 1 1 0 1 0 1 1 1 1 0 1 1 0 1 1 1 0 0 0 1 1 0 1]
At  6001/30000: COST 0.134/3.219(0.033) -- Acc 0.970/0.540(0.990)
[1 0 1 0 1 1 1 1 0 1 0 0 0 0 1 1 1 1 1 1 1 0 0 1 0 1 1 1 0 1 0 1 1 1 0 0 0
 0 1 1 0 1 1 1 0 1 1 1 1 1 1 0 1 0 1 0 1 1 1 1 1 0 0 1 1 1 1 1 0 1 1 1 1 0
 0 1 1 1 1 1 1 1 1 0 0 1 1 0 0 1 1 1 1 1 1 1 0 0 1 0]
At  6101/30000: COST 0.011/3.289(0.042) -- Acc 1.000/0.440(0.989)
[1 0 0 0 1 1 1 1 0 1 0 0 1 0 1 1 1 0 0 1 0 1 1 0 0 1 1 1 1 1 1 1 0 1 1 1 1
 1 0 0 1 1 0 1 1 0 1 0 1 0 1 1 0 1 1 0 1 1 1 1 0 1 1 0 1 1 1 1 1 1 1 0 0 1
 1 1 0 0 1 1 0 1 0 1 1 1 1 0 0 0 0 0 0 1 1 0 1 1 0 0]
At  6201/30000: COST 0.011/3.150(0.035) -- Acc 1.000/0.550(0.991)
[1 1 0 1 1 0 1 0 0 0 1 1 0 0 1 1 0 1 0 0 0 1 1 0 1 0 1 1 1 1 1 0 0 1 0 1 1
 0 1 0 0 1 0 1 1 1 0 0 0 1 1 1 1 1 1 1 1 0 1 0 1 0 1 0 1 1 1 0 1 1 1 1 1 0
 1 1 1 1 1 0 0 0 0 1 1 0 0 0 0 0 1 0 1 0 0 1 0 1 1 1]
At  6301/30000: COST 0.101/2.321(0.057) -- Acc 0.950/0.510(0.984)
[1 1 1 1 0 0 1 1 0 0 0 1 1 1 0 1 1 1 1 1 1 1 0 1 1 1 1 0 1 1 1 1 1 0 1 1 1
 0 0 1 1 0 1 1 0 0 0 1 1 0 0 1 1 0 1 0 1 1 1 1 1 0 0 0 0 1 0 0 1 1 1 1 0 0
 1 1 0 0 1 1 1 1 1 0 0 1 1 0 1 0 1 1 1 0 0 1 1 0 0 1]
At  6401/30000: COST 0.154/2.531(0.071) -- Acc 0.960/0.500(0.979)
[0 1 0 1 1 0 1 1 1 0 0 0 1 0 0 1 1 0 0 1 0 1 1 0 1 1 1 1 1 0 0 1 1 0 0 1 0
 0 0 1 1 1 1 1 1 1 1 0 1 1 0 1 1 1 1 1 0 1 0 1 0 1 1 1 1 0 0 0 0 0 1 1 0 1
 1 0 0 1 0 0 1 1 0 0 0 1 1 1 1 0 1 1 1 1 1 1 1 0 1 0]
At  6501/30000: COST 0.028/2.506(0.067) -- Acc 1.000/0.510(0.980)
[1 1 1 0 1 1 1 1 1 0 1 1 1 0 1 0 1 1 1 1 1 1 1 0 1 0 0 1 0 1 1 1 0 1 0 1 1
 1 1 0 0 1 0 0 0 1 1 0 1 1 1 0 1 1 0 0 1 1 1 1 1 1 1 0 0 1 0 0 0 0 1 0 1 1
 1 0 1 1 0 1 1 0 0 0 0 0 1 1 1 1 0 0 1 0 1 0 1 0 0 1]
At  6601/30000: COST 0.041/2.415(0.061) -- Acc 0.990/0.580(0.981)
[0 1 1 0 0 1 0 1 1 1 1 1 0 0 1 0 1 0 0 0 1 0 0 1 1 1 1 0 1 0 0 0 1 1 0 1 0
 1 1 1 0 0 1 0 1 1 1 0 1 1 1 0 0 0 0 1 0 1 0 0 1 1 0 1 1 1 1 1 0 1 1 1 0 0
 1 1 1 0 0 1 1 0 1 1 1 0 1 1 1 0 1 1 0 1 1 1 1 1 0 0]
At  6701/30000: COST 0.125/2.546(0.058) -- Acc 0.970/0.500(0.982)
[0 1 1 0 0 1 0 1 0 1 1 0 1 1 1 0 0 1 0 0 0 1 0 0 1 0 0 1 0 1 1 1 1 1 1 0 1
 1 1 1 0 0 1 0 1 1 1 0 1 0 1 1 1 1 1 1 1 1 0 1 0 0 1 1 1 0 1 0 0 1 0 1 1 0
 0 1 1 0 1 1 0 0 0 1 1 0 1 1 0 0 1 1 1 0 1 0 1 1 1 0]
At  6801/30000: COST 0.014/2.999(0.051) -- Acc 1.000/0.500(0.984)
[1 0 0 1 1 1 1 0 1 0 1 0 1 0 0 1 1 1 0 0 0 0 1 1 1 1 1 0 0 0 1 1 1 0 1 1 1
 1 0 0 0 0 0 0 1 1 1 1 0 0 0 1 1 1 1 1 1 1 1 0 1 1 1 1 1 1 0 1 1 0 1 0 1 1
 1 0 1 1 1 1 1 1 1 1 0 1 1 1 1 1 1 1 1 1 1 1 1 1 0 0]
At  6901/30000: COST 0.074/3.293(0.046) -- Acc 0.980/0.450(0.986)
[1 1 1 1 1 1 0 1 0 0 1 1 0 1 1 0 0 0 1 0 1 1 0 1 1 1 0 1 1 0 1 0 1 1 1 0 1
 0 0 1 0 1 1 0 0 1 1 1 0 1 1 0 1 0 0 0 0 0 1 0 1 0 1 1 1 1 0 1 0 1 1 0 0 0
 1 0 0 1 1 1 1 0 0 0 1 1 0 0 1 0 1 0 1 1 0 1 1 1 0 1]
At  7001/30000: COST 0.104/2.531(0.062) -- Acc 0.980/0.480(0.981)
[1 0 0 1 0 1 1 0 1 0 1 1 1 1 1 1 0 0 1 0 0 1 1 1 1 0 1 0 1 1 1 0 0 1 1 1 0
 1 1 0 0 0 1 1 0 0 1 0 1 0 1 1 1 0 0 1 1 1 1 1 1 1 0 1 1 1 1 1 1 1 1 1 1 1
 0 0 1 1 0 1 1 1 1 0 1 0 1 1 1 1 1 1 0 1 1 1 1 0 0 0]
At  7101/30000: COST 0.064/2.623(0.056) -- Acc 0.990/0.500(0.983)
[0 1 1 1 0 0 0 0 0 1 1 0 0 1 0 1 1 1 1 1 1 0 1 0 0 1 1 1 1 1 1 1 1 0 1 1 1
 1 0 1 1 0 0 1 1 1 1 0 0 1 0 1 0 1 1 0 0 0 1 0 1 1 1 0 0 0 1 1 0 1 1 1 0 1
 1 0 0 0 0 0 1 1 0 0 0 1 0 1 1 1 1 0 1 1 1 1 0 1 1 1]
At  7201/30000: COST 0.044/3.010(0.045) -- Acc 0.990/0.510(0.986)
[0 0 0 1 0 1 1 1 1 1 1 0 1 1 1 1 1 0 1 1 0 1 1 0 0 1 1 1 0 1 1 0 1 1 1 1 0
 1 1 1 0 0 0 0 1 0 0 1 0 1 0 0 1 0 0 0 1 1 1 0 1 1 0 1 0 1 1 0 1 1 1 1 0 1
 1 0 0 1 0 1 1 1 0 0 1 1 0 0 1 1 1 1 1 1 1 1 1 1 1 0]
At  7301/30000: COST 0.023/2.799(0.046) -- Acc 0.990/0.500(0.985)
[0 0 1 1 1 0 1 0 0 1 1 1 1 1 1 0 1 0 0 0 1 1 1 0 1 0 1 1 1 1 1 0 1 0 1 1 0
 0 1 0 1 1 1 0 1 1 0 1 0 0 1 1 1 1 1 1 1 1 1 1 1 1 0 1 1 0 0 1 1 1 1 1 1 1
 0 1 1 1 1 1 0 0 1 1 0 0 0 1 1 1 1 0 0 0 1 1 0 1 1 1]
At  7401/30000: COST 0.045/2.584(0.063) -- Acc 0.980/0.480(0.981)
[1 0 1 1 1 0 1 1 0 0 1 1 0 1 0 1 1 1 1 1 1 0 1 1 1 1 1 1 1 1 0 1 1 1 0 1 1
 1 1 1 0 0 0 1 1 0 1 1 0 1 0 1 1 1 1 0 1 1 0 1 1 1 1 1 0 1 1 1 1 1 0 1 0 0
 1 1 0 1 1 0 0 0 0 1 0 1 0 1 1 1 0 1 1 1 1 1 1 0 1 1]
At  7501/30000: COST 0.099/2.370(0.072) -- Acc 0.980/0.450(0.980)
[1 1 0 0 1 1 1 1 0 1 0 1 1 1 1 0 0 1 0 0 1 1 1 0 1 1 1 1 0 0 1 1 1 0 1 1 1
 1 0 0 1 0 1 1 0 1 1 1 0 0 1 1 1 1 0 0 0 1 1 0 1 0 0 0 1 0 0 1 1 1 0 1 1 1
 0 1 0 1 0 0 1 1 0 1 0 1 1 1 1 1 1 0 1 0 1 1 1 1 1 0]
At  7601/30000: COST 0.017/2.894(0.069) -- Acc 1.000/0.420(0.980)
[1 1 1 1 1 1 0 1 1 1 1 1 0 1 1 1 0 0 0 1 1 1 1 1 1 0 0 1 0 1 0 0 1 0 1 0 1
 1 0 0 1 1 1 0 1 0 0 1 1 1 0 0 1 1 0 1 0 0 1 1 0 1 0 1 1 1 0 0 1 1 1 1 1 1
 1 0 0 1 1 1 1 1 1 1 1 0 1 1 0 0 1 1 0 1 0 0 0 1 0 1]
At  7701/30000: COST 0.101/2.639(0.061) -- Acc 0.970/0.490(0.981)
[0 1 1 0 1 1 1 0 1 1 0 1 1 1 1 0 1 0 0 1 1 1 0 1 1 1 1 0 1 0 0 0 1 1 1 1 1
 1 0 0 1 0 1 0 1 1 1 1 1 0 0 0 0 1 1 1 1 1 1 1 1 0 0 0 1 1 1 1 0 1 0 1 0 0
 0 0 1 1 0 1 1 1 0 1 1 0 1 0 1 1 1 1 1 0 1 1 0 1 1 1]
At  7801/30000: COST 0.015/2.879(0.048) -- Acc 1.000/0.480(0.986)
[0 1 0 1 0 0 1 1 1 0 1 0 1 1 1 0 1 1 1 0 1 0 1 0 0 0 1 1 0 1 1 1 1 1 1 1 1
 1 1 0 1 0 0 1 0 0 0 0 0 1 0 1 1 1 1 1 1 1 1 1 0 0 1 1 1 1 1 1 1 1 0 1 1 1
 1 0 1 1 1 1 0 1 1 0 1 0 0 0 1 1 1 1 0 1 0 1 1 1 0 1]
At  7901/30000: COST 0.021/2.836(0.041) -- Acc 0.990/0.510(0.988)
[1 0 1 0 1 1 0 0 1 1 1 1 1 1 1 0 1 1 0 1 1 1 1 1 0 1 1 1 1 0 1 1 1 0 0 1 0
 1 1 1 1 0 0 1 0 1 1 1 1 1 1 1 1 1 1 1 1 1 1 1 1 1 0 1 1 1 1 1 0 1 1 0 0 1
 1 0 0 1 1 1 0 1 1 0 0 1 0 0 0 1 1 1 0 1 1 0 1 1 1 1]
At  8001/30000: COST 0.076/2.471(0.053) -- Acc 0.980/0.470(0.984)
[0 0 0 0 1 0 1 1 1 0 1 1 0 1 1 1 1 1 1 1 1 1 1 0 1 1 1 1 1 1 1 1 0 0 1 1 1
 1 1 1 0 1 1 1 0 1 0 1 1 1 0 0 1 0 0 0 0 0 1 1 0 1 1 1 1 1 0 1 0 0 1 1 0 0
 1 0 1 1 1 1 0 0 1 1 0 1 0 0 1 0 1 0 1 1 1 0 1 1 1 1]
At  8101/30000: COST 0.065/2.424(0.049) -- Acc 0.980/0.520(0.985)
[0 1 1 1 1 1 1 1 0 1 0 0 0 1 1 1 1 1 1 1 0 1 1 1 0 0 1 1 1 1 0 0 0 0 1 0 0
 1 1 1 1 1 1 1 0 1 1 1 0 1 1 1 1 1 1 0 1 1 1 0 0 0 1 1 1 0 0 1 0 0 1 1 1 1
 1 1 1 1 0 1 0 0 1 1 0 1 0 0 0 0 1 1 0 1 1 1 1 1 1 1]
At  8201/30000: COST 0.067/2.629(0.048) -- Acc 0.980/0.500(0.986)
[1 1 1 1 1 1 0 1 1 0 1 0 0 0 0 0 0 1 0 1 1 0 0 1 1 0 1 0 0 1 1 0 0 1 0 1 1
 1 1 1 0 0 0 1 1 0 1 0 1 0 1 0 1 1 1 1 1 0 1 0 0 0 1 1 0 1 1 1 0 1 1 1 1 1
 1 1 0 1 0 1 1 1 1 1 1 0 1 1 0 0 1 1 0 1 1 1 0 1 0 1]
At  8301/30000: COST 0.064/2.451(0.053) -- Acc 0.980/0.490(0.984)
[0 1 1 1 1 0 0 1 1 0 1 1 1 1 1 0 1 1 1 0 0 1 1 0 0 1 1 0 0 1 0 1 0 1 1 1 1
 1 1 1 1 1 0 1 0 1 1 1 1 0 1 0 1 0 1 0 0 0 0 1 1 0 1 1 0 1 0 1 1 1 1 0 0 0
 1 1 1 0 0 1 1 1 1 0 0 1 0 1 1 0 1 1 1 1 1 1 1 0 1 0]
At  8401/30000: COST 0.030/2.146(0.055) -- Acc 0.990/0.530(0.984)
[1 0 1 1 0 1 0 0 1 1 0 1 1 0 1 1 0 0 0 0 1 1 1 0 0 1 1 1 1 0 1 1 1 0 0 0 0
 1 1 1 0 1 1 0 1 1 0 1 0 1 0 1 0 0 1 1 1 1 0 1 1 1 1 1 1 0 1 1 1 1 0 1 0 1
 1 1 1 1 1 1 1 1 0 1 1 1 0 1 0 1 0 0 1 0 0 1 1 0 0 0]
At  8501/30000: COST 0.044/2.349(0.051) -- Acc 0.980/0.550(0.986)
[1 0 1 0 0 1 0 1 0 1 0 1 1 0 1 0 1 0 1 0 1 0 1 0 1 1 1 0 1 1 1 0 0 0 1 1 1
 1 0 0 1 1 1 1 1 1 1 1 1 0 0 1 0 1 1 1 1 1 1 0 0 1 1 0 1 0 0 0 0 1 1 1 1 1
 1 0 1 0 1 0 0 0 1 1 0 0 1 0 1 1 1 0 0 1 1 0 1 1 1 1]
At  8601/30000: COST 0.063/2.622(0.044) -- Acc 0.980/0.520(0.987)
[1 1 0 0 1 0 0 1 1 1 1 1 1 1 1 0 0 1 1 0 1 0 1 1 0 0 0 1 0 1 0 1 1 0 0 0 1
 0 0 1 1 0 0 1 1 1 0 0 1 1 1 1 1 0 1 1 1 1 1 0 1 1 0 0 1 1 0 0 0 0 1 1 1 1
 0 1 1 1 1 1 0 1 1 1 1 0 0 1 0 0 1 0 0 0 1 1 1 0 1 1]
At  8701/30000: COST 0.007/2.877(0.035) -- Acc 1.000/0.490(0.989)
[0 1 1 1 1 0 1 0 0 0 0 0 1 0 1 1 0 0 1 1 1 0 1 1 0 0 0 0 0 1 0 1 0 1 0 1 1
 1 1 0 1 0 1 0 0 1 0 1 1 1 1 1 0 0 1 1 1 1 1 0 0 1 0 0 0 0 0 0 0 1 1 1 1 1
 1 0 0 0 1 1 1 0 0 0 1 0 1 1 1 0 1 1 1 1 1 0 0 1 1 1]
At  8801/30000: COST 0.013/3.188(0.031) -- Acc 0.990/0.460(0.991)
[0 1 1 1 0 0 0 1 0 0 0 1 1 1 1 1 1 0 1 1 1 1 0 1 1 0 1 0 1 1 1 0 1 1 1 1 1
 0 0 0 1 1 1 1 1 0 1 1 0 0 1 1 1 1 1 1 0 1 1 1 1 0 0 0 1 0 0 1 0 1 1 0 0 1
 0 1 0 1 1 0 0 1 1 0 1 0 1 1 0 0 1 1 0 1 1 0 0 0 1 1]
At  8901/30000: COST 0.006/2.827(0.041) -- Acc 1.000/0.440(0.989)
[1 1 0 0 1 0 0 0 1 0 1 0 1 1 1 0 1 1 1 1 1 1 0 1 1 1 1 1 1 1 0 1 1 0 1 1 1
 1 0 1 1 0 1 1 1 0 0 0 1 0 1 1 0 1 0 0 1 1 1 1 1 1 1 1 0 1 1 0 1 1 1 0 0 1
 1 0 1 1 1 1 0 1 1 1 0 0 1 1 1 1 0 1 0 1 0 1 1 0 1 1]
At  9001/30000: COST 0.007/2.862(0.040) -- Acc 1.000/0.490(0.987)
[0 0 1 0 1 1 1 1 0 1 0 0 0 1 0 1 0 0 0 1 1 1 0 1 0 1 0 0 1 0 1 1 1 0 1 1 0
 1 1 1 1 1 1 1 1 1 0 0 1 1 0 1 1 1 0 1 1 0 0 1 0 1 1 1 1 1 1 0 0 1 0 1 0 1
 1 0 1 1 1 0 0 1 0 0 1 0 1 0 1 1 0 1 0 1 1 1 1 1 1 1]
At  9101/30000: COST 0.035/2.729(0.041) -- Acc 0.990/0.490(0.988)
[1 1 1 0 1 1 0 0 0 1 1 0 0 1 1 1 0 0 1 0 1 1 1 0 1 0 1 1 1 0 1 1 1 1 1 1 1
 1 1 1 1 0 0 1 0 1 0 0 1 1 0 1 1 0 1 1 1 1 1 0 0 1 0 1 0 1 1 1 1 1 0 0 1 0
 1 0 1 0 1 0 1 1 1 1 1 1 1 0 1 0 1 0 0 1 1 1 0 1 0 1]
At  9201/30000: COST 0.087/2.412(0.056) -- Acc 0.980/0.500(0.984)
[1 0 1 1 1 1 1 1 0 1 1 0 1 1 1 1 1 1 0 1 1 0 1 0 0 1 1 0 0 1 0 1 0 1 0 0 1
 0 1 0 0 1 1 1 1 1 1 1 0 1 1 1 1 1 1 1 0 1 0 1 1 1 1 1 0 1 1 1 0 0 1 1 0 1
 0 0 0 0 1 1 0 1 0 0 1 1 0 0 1 1 0 0 0 0 0 1 1 0 0 1]
At  9301/30000: COST 0.093/2.392(0.060) -- Acc 0.960/0.500(0.983)
[1 1 0 1 1 1 1 1 1 0 1 1 1 1 1 0 1 1 1 1 1 0 0 1 1 1 0 1 1 1 1 0 1 1 1 0 0
 0 0 1 0 1 1 1 0 0 1 1 0 1 0 1 1 1 1 1 1 0 1 1 0 0 0 1 1 1 0 0 1 0 1 1 1 1
 0 1 1 1 0 1 1 1 0 1 0 0 1 0 1 1 1 1 0 1 0 1 0 0 1 0]
At  9401/30000: COST 0.054/2.525(0.062) -- Acc 0.980/0.490(0.983)
[1 0 1 1 1 1 1 0 0 0 1 1 1 1 0 1 1 1 1 1 1 1 1 1 1 0 1 1 0 1 0 0 1 0 1 1 0
 0 1 1 1 0 1 1 1 1 1 1 1 1 0 1 1 1 1 1 1 0 1 0 1 1 1 1 1 1 0 1 0 0 0 0 1 0
 1 1 1 0 0 0 1 1 1 1 1 1 0 1 1 0 0 1 0 0 1 0 0 1 1 1]
At  9501/30000: COST 0.100/2.582(0.059) -- Acc 0.980/0.470(0.984)
[0 1 0 1 1 1 1 1 1 1 1 1 0 1 1 0 0 1 1 1 1 0 1 1 1 1 1 1 1 0 1 1 0 0 0 1 1
 1 0 0 1 1 1 0 1 0 0 0 1 0 1 0 0 1 1 0 0 0 1 0 0 0 0 1 1 1 1 0 1 1 1 1 1 0
 1 1 0 0 1 0 1 1 1 1 0 0 1 0 1 1 0 1 0 0 0 1 1 1 0 1]
At  9601/30000: COST 0.042/2.869(0.045) -- Acc 0.990/0.500(0.988)
[0 1 0 1 1 1 0 1 0 1 1 1 0 0 0 1 1 0 1 1 1 1 0 1 1 1 1 1 1 1 1 1 1 0 0 0 0
 1 1 1 0 1 1 1 0 0 1 1 1 1 1 1 1 1 1 1 0 1 0 0 1 1 0 0 1 1 1 1 0 1 1 1 1 1
 1 1 0 0 1 1 1 1 0 1 0 0 1 0 0 1 1 0 1 0 1 1 1 1 1 0]
At  9701/30000: COST 0.017/3.388(0.043) -- Acc 1.000/0.490(0.988)
[0 1 1 1 0 0 1 0 1 1 1 1 1 1 1 1 1 0 1 1 1 1 1 1 1 1 0 1 1 1 1 1 1 0 0 1 0
 1 1 1 1 1 1 1 1 1 1 1 1 1 0 1 1 0 1 0 1 0 0 1 0 1 1 1 1 0 1 0 1 0 1 1 1 0
 1 1 1 0 0 1 0 1 0 0 1 1 1 1 1 1 1 1 1 0 1 1 1 1 1 1]
At  9801/30000: COST 0.095/2.873(0.052) -- Acc 0.980/0.440(0.985)
[1 0 1 1 1 0 0 1 1 1 1 0 0 0 0 0 0 0 1 0 0 1 0 1 1 1 0 0 1 1 1 1 1 0 1 0 1
 1 1 0 1 1 1 0 0 1 0 1 1 1 1 0 0 1 1 0 0 0 1 1 0 1 0 1 0 1 1 1 1 0 0 1 1 0
 1 1 0 1 0 1 1 0 1 1 0 1 0 0 1 1 0 1 1 1 1 1 1 1 0 1]
At  9901/30000: COST 0.080/1.890(0.094) -- Acc 0.980/0.410(0.972)
[1 1 0 0 1 1 1 1 1 1 0 1 1 0 1 0 1 0 1 1 0 1 0 1 1 1 0 0 1 1 1 1 1 1 1 1 1
 1 1 1 1 1 0 0 1 1 1 1 1 1 0 1 1 1 1 0 1 0 1 0 1 1 0 0 1 0 1 1 0 1 0 1 1 0
 1 1 1 1 1 0 1 0 1 1 1 1 1 0 1 1 1 0 0 1 0 1 0 1 1 0]
At 10001/30000: COST 0.075/2.289(0.077) -- Acc 0.970/0.490(0.977)
[1 0 1 1 0 1 1 1 0 1 0 0 1 1 1 1 1 1 1 0 1 1 0 0 1 1 1 1 0 0 1 0 1 1 0 1 1
 1 1 1 1 1 0 1 1 1 1 0 1 0 1 0 1 1 0 0 1 1 0 1 1 0 1 0 1 1 0 1 1 1 0 1 1 0
 1 1 1 0 1 0 0 1 1 1 1 1 1 1 1 1 0 1 0 1 1 1 1 1 0 1]
At 10101/30000: COST 0.031/2.511(0.069) -- Acc 0.980/0.510(0.979)
[0 1 0 1 1 0 0 1 1 1 1 1 1 0 0 0 1 1 1 1 1 1 1 1 0 0 0 1 1 0 1 1 0 1 1 0 0
 1 1 1 1 1 1 1 1 1 1 1 1 1 1 0 0 1 1 1 1 0 1 1 1 1 1 1 1 0 0 0 0 1 0 1 1 0
 1 0 0 1 1 1 1 0 1 1 1 1 1 1 0 0 1 0 1 0 1 0 1 1 1 0]
At 10201/30000: COST 0.126/2.719(0.059) -- Acc 0.970/0.450(0.982)
[1 0 1 0 1 1 0 1 1 1 0 0 1 1 0 0 1 1 1 0 1 1 0 0 0 1 1 0 1 1 1 1 0 1 1 1 1
 1 0 1 1 1 0 0 0 1 0 0 0 1 1 1 1 1 1 0 1 1 1 1 0 1 1 0 1 1 0 1 1 1 1 0 1 1
 1 0 1 1 0 0 0 0 0 0 0 0 0 0 0 0 1 0 1 1 1 0 0 1 1 0]
At 10301/30000: COST 0.062/2.377(0.055) -- Acc 0.990/0.490(0.984)
[1 0 0 1 1 1 0 0 0 0 1 0 0 1 1 1 1 1 1 1 0 1 1 1 1 1 1 0 1 1 0 0 0 1 0 0 1
 1 0 1 0 0 0 0 1 0 0 0 0 0 1 1 1 1 0 1 1 1 1 1 1 1 1 1 0 1 1 1 1 1 1 0 1 1
 1 1 1 1 0 0 1 1 0 1 1 1 0 1 0 1 1 0 1 0 1 1 0 1 1 0]
At 10401/30000: COST 0.095/2.782(0.049) -- Acc 0.970/0.460(0.985)
[1 1 0 1 1 1 1 1 1 0 0 1 1 1 0 0 0 1 1 1 1 1 1 1 1 1 1 1 1 1 1 1 1 0 1 1 1
 0 1 1 0 0 1 1 0 0 0 1 1 1 1 1 1 1 0 1 0 1 1 0 1 1 0 1 1 0 1 1 1 1 0 1 1 1
 0 1 1 1 1 1 0 0 0 1 1 1 1 0 1 1 0 0 0 0 1 1 1 1 0 1]
At 10501/30000: COST 0.035/2.496(0.053) -- Acc 0.980/0.480(0.984)
[1 1 1 0 0 1 1 0 1 1 1 1 0 1 1 0 0 1 0 0 1 1 1 1 0 0 1 1 1 0 1 0 1 1 1 1 1
 0 0 0 1 0 1 1 1 1 0 1 1 1 1 1 1 1 1 0 1 1 1 0 0 1 0 0 0 0 0 1 0 1 0 1 1 0
 1 1 1 1 1 1 0 1 1 1 1 1 0 1 1 1 1 1 1 1 1 1 1 0 1 1]
At 10601/30000: COST 0.007/2.409(0.056) -- Acc 1.000/0.500(0.983)
[1 0 1 1 1 1 1 1 1 0 1 0 1 1 1 1 1 1 1 1 1 1 1 1 1 1 0 0 0 1 0 0 0 0 1 1 1
 1 1 1 1 1 1 1 0 1 1 0 1 0 1 1 1 1 0 1 0 1 1 1 0 1 1 1 1 1 0 1 0 1 1 1 0 1
 1 1 0 0 0 1 0 1 1 1 1 1 0 1 1 1 1 1 0 1 1 1 1 0 0 1]
At 10701/30000: COST 0.074/2.243(0.059) -- Acc 0.970/0.500(0.983)
[0 1 1 1 1 1 0 1 0 0 1 1 1 0 0 1 0 1 1 0 1 1 1 0 1 1 1 0 0 0 1 0 1 0 0 1 1
 0 1 1 1 0 1 1 1 1 0 0 0 1 0 1 0 1 0 1 0 0 1 0 1 1 1 1 1 0 1 0 1 0 1 1 0 1
 1 1 0 1 0 0 0 0 1 0 1 0 0 1 1 1 0 1 0 1 1 1 1 0 1 1]
At 10801/30000: COST 0.116/2.346(0.058) -- Acc 0.960/0.440(0.983)
[1 0 1 1 1 0 1 0 0 1 1 1 1 1 0 1 1 0 1 1 1 1 0 1 1 0 1 1 1 1 1 0 1 0 1 0 0
 1 1 1 0 1 0 1 1 1 0 0 0 1 1 0 1 1 0 0 1 0 0 0 1 0 0 1 1 1 1 1 0 0 1 1 1 0
 0 1 0 1 1 1 1 0 0 1 1 1 0 1 0 0 1 1 0 0 1 1 0 0 1 1]
At 10901/30000: COST 0.146/2.302(0.059) -- Acc 0.960/0.500(0.984)
[1 1 1 1 0 1 1 1 1 0 1 1 0 1 1 0 1 1 0 0 1 0 0 0 1 1 1 0 0 1 1 1 0 1 0 1 1
 1 0 0 1 0 0 0 0 1 1 1 0 0 0 0 1 0 1 1 1 1 0 0 1 0 0 1 1 0 0 1 1 1 1 1 0 1
 1 1 0 1 1 0 0 1 0 1 0 1 1 0 1 1 1 0 0 0 1 1 1 0 0 1]
At 11001/30000: COST 0.114/2.626(0.062) -- Acc 0.980/0.470(0.984)
[0 0 0 1 1 1 1 0 0 0 0 1 1 1 1 0 1 0 1 1 1 1 1 0 1 1 0 0 0 1 1 1 0 0 0 0 1
 0 1 0 0 0 1 0 1 1 0 1 0 1 0 0 0 0 0 1 1 0 1 0 1 0 0 0 1 0 0 1 0 1 1 1 0 1
 1 0 1 1 0 1 1 1 0 0 1 1 1 1 0 1 1 0 0 1 0 0 0 1 1 1]
At 11101/30000: COST 0.065/1.786(0.093) -- Acc 0.970/0.570(0.974)
[1 1 1 1 0 1 0 1 0 1 1 1 0 0 0 1 0 1 0 1 1 1 0 1 1 1 1 0 1 1 0 1 0 1 1 0 0
 0 1 1 0 1 0 1 1 1 0 1 0 1 0 1 0 1 1 0 1 0 1 1 1 1 0 0 1 0 1 1 1 0 1 0 1 1
 1 1 0 1 1 1 1 0 1 1 0 1 0 1 1 1 1 1 0 1 1 1 1 0 1 0]
At 11201/30000: COST 0.057/2.203(0.089) -- Acc 0.980/0.540(0.973)
[0 0 0 1 0 1 1 1 0 1 0 1 1 1 1 0 1 0 1 1 0 1 0 1 1 0 1 0 1 0 1 1 1 0 1 1 1
 1 1 0 1 1 1 0 0 0 1 1 1 0 1 1 0 1 1 0 0 0 1 1 1 1 1 1 0 0 1 1 1 1 0 1 0 1
 1 1 0 0 0 1 1 1 1 0 0 0 1 1 1 1 1 1 1 1 1 1 1 0 1 1]
At 11301/30000: COST 0.034/2.257(0.083) -- Acc 0.990/0.470(0.975)
[1 1 1 0 1 1 0 1 0 1 1 0 0 1 0 1 1 1 1 1 0 1 1 1 1 1 1 1 1 1 1 1 0 0 0 0 1
 0 1 0 1 1 0 1 1 1 0 1 0 1 1 0 1 0 1 0 1 0 0 1 1 1 1 1 1 1 0 0 1 1 1 0 0 1
 0 1 1 0 1 1 0 1 1 0 1 1 1 1 1 1 1 1 0 0 0 0 0 0 1 0]
At 11401/30000: COST 0.095/2.062(0.090) -- Acc 0.980/0.450(0.974)
[0 1 1 0 1 0 1 0 0 1 1 0 1 1 1 0 1 1 1 0 1 1 0 0 1 1 0 0 1 0 1 0 0 0 0 1 0
 0 0 0 1 1 1 0 1 1 0 1 1 0 0 0 1 0 1 0 0 1 0 1 1 1 0 1 1 1 1 0 1 0 0 1 1 1
 1 1 0 0 0 0 1 1 1 0 0 1 1 1 1 1 1 1 1 0 1 1 0 1 0 1]
At 11501/30000: COST 0.085/2.414(0.078) -- Acc 0.960/0.420(0.978)
[0 1 0 0 1 1 1 0 1 1 0 0 1 0 1 0 0 1 1 1 1 1 1 1 0 1 1 0 1 0 1 0 1 1 0 1 0
 1 1 1 0 0 0 0 1 1 1 0 1 1 1 0 0 0 1 1 0 0 0 1 0 1 1 1 1 1 0 0 0 1 1 1 1 0
 0 0 1 1 0 1 1 1 1 1 1 1 1 0 1 1 0 1 1 0 0 1 0 1 1 0]
At 11601/30000: COST 0.032/2.341(0.075) -- Acc 0.990/0.470(0.979)
[1 0 0 0 0 1 1 0 0 0 1 1 0 1 0 1 1 1 0 1 0 1 1 0 1 0 1 1 1 1 1 1 1 1 1 0 0
 1 1 1 0 0 1 0 0 1 1 1 0 0 1 1 1 0 0 0 1 1 1 1 1 0 1 0 1 1 1 1 0 0 0 0 0 0
 1 1 1 0 0 0 0 0 1 0 1 0 1 1 1 1 1 1 0 1 1 0 0 0 0 1]
At 11701/30000: COST 0.115/2.383(0.063) -- Acc 0.980/0.510(0.981)
[0 0 1 1 0 1 0 0 1 0 1 1 0 1 0 1 0 1 0 0 1 0 0 1 1 1 1 1 1 1 0 1 0 0 0 1 1
 1 1 0 1 1 1 1 1 0 1 1 1 0 1 1 1 1 0 1 0 1 1 0 1 1 1 1 1 1 0 0 1 1 1 1 1 0
 1 0 1 0 0 1 0 0 1 1 1 1 1 0 0 1 0 0 0 1 1 1 1 0 1 1]
At 11801/30000: COST 0.049/2.391(0.059) -- Acc 0.980/0.500(0.982)
[0 1 1 1 1 1 0 1 0 1 1 0 0 1 1 0 1 1 1 1 0 1 1 1 0 0 1 1 1 1 0 1 1 0 1 0 0
 1 1 1 0 1 0 1 1 0 0 0 0 0 1 1 0 0 1 0 0 1 1 1 1 0 0 0 1 1 1 0 0 1 0 1 0 0
 0 0 1 1 1 1 1 0 1 0 0 0 1 1 1 0 1 1 1 1 0 0 0 1 1 0]
At 11901/30000: COST 0.120/1.878(0.078) -- Acc 0.950/0.520(0.976)
[0 0 0 0 0 1 1 1 1 1 0 0 1 1 0 0 1 1 0 0 1 0 0 1 1 1 1 1 1 0 1 1 1 1 0 1 0
 1 1 1 0 1 1 0 1 1 1 0 0 0 0 1 1 0 1 1 1 1 0 1 1 0 0 1 0 1 1 1 0 1 1 0 0 1
 1 1 1 1 1 1 1 1 0 0 0 1 1 0 1 1 1 1 0 0 1 1 1 1 0 0]
At 12001/30000: COST 0.066/1.960(0.086) -- Acc 0.980/0.510(0.974)
[1 0 0 0 1 1 1 0 1 1 1 1 0 0 0 1 0 1 1 1 1 1 1 1 0 1 1 0 1 1 0 1 1 1 0 1 1
 1 0 1 0 0 0 1 1 1 1 1 1 1 0 1 0 1 1 1 1 1 1 0 1 1 0 1 0 0 1 1 1 1 1 1 0 1
 1 1 1 1 1 0 1 1 1 1 1 1 1 1 0 1 1 1 1 1 1 1 1 0 0 1]
At 12101/30000: COST 0.160/2.033(0.102) -- Acc 0.970/0.480(0.968)
[1 1 1 1 1 1 1 1 1 1 1 0 1 1 1 1 1 1 0 1 1 0 0 0 0 0 1 1 1 0 1 1 1 1 0 1 0
 0 0 0 0 1 1 1 1 0 1 1 0 0 1 1 0 1 0 1 1 1 1 1 1 1 1 1 0 0 0 1 1 1 1 1 0 0
 0 1 1 1 1 1 1 1 0 1 1 0 1 1 1 1 1 0 1 0 1 1 0 1 0 0]
At 12201/30000: COST 0.069/1.616(0.116) -- Acc 0.980/0.530(0.965)
[0 1 1 1 0 0 1 0 1 1 0 0 1 1 0 1 1 0 1 1 1 1 0 1 1 1 0 0 1 1 1 1 1 1 1 1 1
 0 1 1 1 1 1 1 0 1 1 1 1 0 1 1 1 0 1 1 0 1 0 1 1 1 1 0 1 1 1 1 0 1 1 1 1 1
 0 1 1 0 0 0 0 1 0 1 1 1 1 0 1 1 1 1 1 0 1 1 1 1 0 1]
At 12301/30000: COST 0.087/1.861(0.103) -- Acc 0.970/0.550(0.968)
[1 1 1 1 0 1 1 0 0 1 0 1 0 0 0 0 1 1 0 1 1 0 0 1 1 0 1 1 1 1 1 1 0 1 1 1 1
 0 1 0 1 1 0 1 1 0 0 1 1 1 1 0 1 1 1 1 1 0 1 1 0 1 0 0 0 1 1 1 1 1 0 0 0 0
 0 1 0 1 1 1 1 1 1 1 1 1 0 1 1 0 1 1 1 1 0 0 1 0 1 1]
At 12401/30000: COST 0.131/1.945(0.100) -- Acc 0.940/0.500(0.969)
[1 0 0 1 1 0 0 1 1 1 1 1 1 1 1 1 1 1 1 0 1 1 1 1 1 1 1 1 1 1 0 0 0 0 0 1 1
 0 1 1 1 0 0 0 1 1 0 1 1 0 1 1 1 1 1 1 1 0 1 1 1 1 0 1 1 1 0 0 1 1 1 1 0 1
 1 1 1 1 1 1 0 1 1 1 0 1 1 1 1 1 0 1 0 1 0 1 1 0 0 0]
At 12501/30000: COST 0.145/1.921(0.105) -- Acc 0.980/0.520(0.966)
[0 0 1 1 1 0 0 1 0 0 1 1 1 0 1 1 0 1 1 1 1 1 1 1 0 1 1 1 0 0 1 0 0 1 1 1 1
 0 1 1 1 1 1 1 1 0 0 1 0 1 1 1 0 1 1 0 1 1 1 0 1 1 1 1 0 0 1 0 1 1 0 0 1 1
 0 1 1 0 0 0 0 0 1 1 1 1 0 1 1 1 1 1 0 0 1 0 1 1 1 1]
At 12601/30000: COST 0.094/1.979(0.104) -- Acc 0.960/0.500(0.968)
[0 1 0 1 1 0 0 1 1 1 1 0 1 1 1 1 1 0 1 1 1 1 1 1 1 1 1 0 0 0 1 0 1 1 0 1 1
 1 1 0 0 1 0 0 1 1 0 1 1 1 0 1 1 1 0 0 1 0 1 0 1 1 1 1 0 0 1 1 0 1 0 1 1 1
 0 0 1 1 1 1 0 1 1 1 1 1 1 1 0 0 1 0 1 0 0 1 1 0 1 1]
At 12701/30000: COST 0.128/2.114(0.094) -- Acc 0.950/0.490(0.969)
[0 1 1 1 1 1 0 1 1 0 1 1 0 1 1 1 0 1 0 0 1 1 0 1 1 1 1 1 1 1 0 0 0 0 1 1 0
 0 1 1 1 1 0 1 1 1 1 1 1 1 1 1 1 0 1 0 1 0 1 1 1 1 1 1 1 0 0 1 1 1 1 1 0 0
 1 1 1 1 1 1 1 1 1 0 1 1 1 1 0 0 1 0 1 0 1 1 1 1 1 1]
At 12801/30000: COST 0.118/2.192(0.098) -- Acc 0.970/0.520(0.970)
[1 0 1 0 1 0 1 1 1 1 0 1 1 1 0 1 1 0 1 1 1 0 1 0 0 1 1 1 1 1 1 1 1 1 0 1 1
 0 1 0 1 1 1 1 1 1 1 1 1 0 1 1 0 0 1 1 1 0 0 1 1 1 1 0 1 1 1 1 1 0 1 0 1 1
 0 1 1 0 0 1 1 0 0 0 1 1 0 0 1 1 1 1 1 1 0 1 1 0 0 1]
At 12901/30000: COST 0.011/2.426(0.082) -- Acc 1.000/0.520(0.973)
[0 1 0 1 0 0 1 1 1 1 1 1 1 1 1 1 1 0 1 1 1 1 1 1 1 0 1 0 0 1 1 0 1 0 1 1 1
 0 1 1 1 1 0 0 1 1 0 0 1 1 1 1 0 0 1 0 1 1 0 1 1 0 1 0 1 1 1 1 1 0 1 1 1 0
 1 1 1 1 1 1 1 0 1 0 0 1 1 1 1 0 1 1 1 1 0 1 1 1 1 0]
At 13001/30000: COST 0.058/2.545(0.077) -- Acc 0.970/0.500(0.975)
[1 1 1 1 1 1 1 1 0 1 1 1 1 0 0 0 0 1 1 1 0 1 1 1 0 1 1 1 1 0 1 1 1 1 1 1 1
 0 1 0 1 1 1 1 1 1 1 0 1 1 1 1 1 0 1 1 1 1 1 1 1 1 1 1 1 1 0 1 1 1 0 1 0 1
 1 0 1 1 0 0 0 1 1 1 1 0 1 1 0 1 1 0 0 1 1 1 1 1 1 0]
At 13101/30000: COST 0.099/2.685(0.073) -- Acc 0.950/0.490(0.977)
[0 1 0 1 0 1 0 0 0 1 1 1 0 1 0 0 1 1 0 1 0 1 1 1 1 1 1 1 1 0 0 1 1 1 0 1 1
 1 0 1 1 1 1 0 1 1 1 0 1 1 1 1 1 0 1 1 1 1 1 1 1 0 0 1 1 1 1 0 1 0 0 1 1 1
 1 0 1 1 0 1 1 1 1 1 1 1 1 0 1 1 1 1 1 1 0 0 1 1 1 1]
At 13201/30000: COST 0.221/2.237(0.092) -- Acc 0.940/0.470(0.972)
[0 1 1 1 1 1 0 1 0 1 0 0 1 1 1 1 1 0 1 0 1 1 0 0 1 1 0 1 0 1 1 1 1 1 1 1 1
 0 0 1 1 0 1 0 0 0 0 1 1 1 0 0 1 1 1 0 1 1 1 1 1 1 0 1 0 1 1 1 0 1 0 1 0 1
 1 1 0 0 1 1 1 1 1 0 1 0 0 1 1 0 1 1 1 1 1 1 0 0 0 0]
At 13301/30000: COST 0.049/2.387(0.084) -- Acc 0.980/0.430(0.973)
[0 0 1 0 1 1 1 1 0 1 1 1 1 1 1 1 1 1 1 1 1 0 1 0 0 1 0 0 1 1 1 0 1 0 1 1 0
 1 1 1 1 1 1 1 0 1 1 1 1 1 1 0 1 1 0 1 1 0 1 1 0 0 1 0 0 1 0 1 1 1 0 1 1 0
 1 1 0 0 1 1 1 1 1 1 1 0 1 0 0 0 0 0 1 0 1 1 0 1 1 1]
At 13401/30000: COST 0.055/2.441(0.084) -- Acc 0.980/0.500(0.972)
[1 1 0 0 1 1 1 0 1 1 0 1 1 0 0 0 1 1 0 0 1 1 1 0 1 1 1 1 0 0 0 1 1 0 0 1 1
 1 0 1 0 0 1 1 0 1 1 1 1 0 1 1 1 0 1 1 1 1 1 1 1 1 1 1 1 1 1 1 0 1 0 0 1 1
 1 1 0 1 0 0 0 1 0 1 0 1 0 1 1 1 1 1 1 1 1 1 0 1 0 1]
At 13501/30000: COST 0.137/2.554(0.081) -- Acc 0.950/0.500(0.974)
[1 0 0 1 1 0 1 1 1 0 1 0 1 0 1 1 1 0 0 1 0 0 0 1 1 1 0 1 1 1 1 0 0 1 1 1 1
 0 1 1 0 1 1 0 1 1 1 1 1 1 0 1 0 1 1 0 1 0 1 1 1 0 1 0 0 1 1 1 0 1 1 0 1 1
 1 1 1 1 1 1 1 1 1 1 1 1 1 1 0 1 0 0 1 1 1 0 1 1 0 1]
At 13601/30000: COST 0.067/2.117(0.084) -- Acc 0.980/0.520(0.973)
[0 1 1 1 0 0 0 0 0 1 1 1 1 1 0 0 0 0 1 1 1 1 1 1 1 1 1 0 0 1 1 0 1 0 0 1 0
 1 0 0 1 1 1 0 1 0 1 1 1 0 1 0 1 0 1 1 0 0 0 1 1 1 0 1 1 1 0 0 1 1 0 1 1 1
 1 0 0 1 0 0 0 1 1 0 1 1 1 1 1 0 1 1 1 1 1 1 1 1 0 1]
At 13701/30000: COST 0.031/2.049(0.092) -- Acc 1.000/0.470(0.972)
[1 0 1 0 0 1 0 1 1 1 1 1 1 1 1 1 0 1 1 1 1 1 0 1 1 0 1 1 1 0 0 0 1 1 0 1 0
 1 0 1 0 1 1 1 1 0 1 1 1 1 0 1 0 1 1 0 1 1 1 1 0 1 1 1 1 0 0 0 1 0 0 1 0 0
 0 0 0 1 0 0 1 1 1 1 0 1 0 1 0 0 0 1 1 1 1 0 1 1 1 0]
At 13801/30000: COST 0.041/2.168(0.083) -- Acc 0.990/0.530(0.975)
[0 1 0 1 0 0 1 1 1 1 1 1 1 0 1 1 1 0 1 0 1 0 1 1 1 1 1 1 1 0 1 0 1 1 1 1 1
 0 1 1 0 0 0 1 1 1 1 1 0 1 1 0 1 0 0 0 1 1 1 1 1 0 0 1 1 0 0 1 1 0 0 1 1 1
 1 1 1 0 0 0 1 1 0 1 0 0 1 1 1 0 1 0 0 1 0 0 1 0 1 0]
At 13901/30000: COST 0.032/2.372(0.072) -- Acc 0.990/0.550(0.978)
[1 0 1 0 1 1 1 1 1 0 1 0 1 0 0 1 1 0 0 1 0 1 1 1 1 0 1 0 1 1 1 1 0 1 1 1 1
 0 0 0 1 0 1 1 1 1 0 0 1 1 0 0 1 1 0 1 1 1 0 0 1 1 1 1 0 1 1 1 1 1 0 1 1 0
 1 1 1 1 0 0 1 1 1 0 1 1 0 0 1 0 1 1 1 1 1 0 0 0 1 0]
At 14001/30000: COST 0.079/2.568(0.068) -- Acc 0.980/0.510(0.979)
[1 0 1 1 0 1 1 1 0 1 0 0 1 1 1 1 0 0 0 1 1 1 1 1 1 0 1 0 1 1 1 1 0 1 1 1 1
 0 0 0 1 0 1 0 0 0 1 0 0 1 1 0 1 0 1 1 1 0 1 0 0 1 0 1 0 0 1 1 0 0 1 1 0 0
 0 0 1 1 0 1 1 1 1 0 1 0 1 0 0 1 1 1 0 1 0 1 0 1 1 0]
At 14101/30000: COST 0.276/1.786(0.106) -- Acc 0.920/0.460(0.968)
[1 1 0 1 1 1 0 1 0 1 0 1 1 0 1 1 1 0 0 1 1 1 1 1 1 1 1 0 0 1 1 0 1 1 1 1 0
 1 1 0 1 0 1 1 1 1 1 1 1 0 1 1 0 1 1 1 0 1 1 1 1 1 1 1 1 1 1 1 1 1 1 1 1 0
 0 1 1 1 1 1 0 0 1 1 0 0 1 1 0 0 0 0 0 1 0 1 1 0 0 0]
At 14201/30000: COST 0.125/1.917(0.117) -- Acc 0.960/0.460(0.963)
[1 0 1 1 1 1 0 1 1 1 0 1 0 1 1 1 1 1 1 0 0 1 1 1 0 1 0 1 1 0 0 1 1 1 0 1 1
 1 1 0 1 1 1 1 0 1 0 0 1 1 1 1 0 1 0 1 0 0 1 0 1 1 1 1 1 0 1 1 1 1 1 1 1 0
 1 1 0 0 0 1 1 0 1 0 0 0 0 0 0 0 1 0 1 0 1 1 1 1 0 1]
At 14301/30000: COST 0.042/2.383(0.093) -- Acc 0.980/0.450(0.971)
[0 1 1 1 0 1 1 0 1 0 1 0 1 0 1 1 1 1 1 1 1 0 1 0 1 1 1 0 1 1 1 0 1 1 1 0 1
 1 0 1 0 0 1 1 0 0 0 0 0 0 0 1 1 0 1 1 0 0 1 1 0 1 1 1 0 1 1 0 1 0 1 1 1 0
 1 0 1 0 1 1 1 0 0 1 0 0 0 1 1 1 1 0 1 1 1 0 1 1 1 1]
At 14401/30000: COST 0.161/2.462(0.078) -- Acc 0.950/0.470(0.975)
[1 1 0 1 1 0 0 0 1 1 0 0 1 0 0 1 1 1 1 1 1 1 1 1 1 1 1 1 1 0 0 0 1 0 1 0 1
 1 1 1 0 1 1 1 1 1 0 1 1 0 0 1 1 1 1 0 0 1 1 1 1 1 1 0 1 1 1 1 1 0 1 1 1 0
 0 0 1 1 1 1 1 0 0 1 1 1 0 1 1 0 0 0 0 0 1 0 1 0 1 0]
At 14501/30000: COST 0.051/2.028(0.087) -- Acc 0.990/0.500(0.972)
[1 1 1 1 0 1 1 1 0 1 1 1 0 0 0 1 1 0 0 0 1 0 1 1 1 0 1 1 1 1 1 0 0 1 1 1 1
 1 1 0 1 1 1 0 0 1 0 1 1 0 1 1 1 0 1 1 1 1 0 1 1 1 0 1 1 0 1 1 1 1 1 1 1 0
 1 1 0 0 0 1 0 1 0 0 1 1 0 1 1 0 1 1 1 0 0 1 1 1 0 1]
At 14601/30000: COST 0.054/2.329(0.085) -- Acc 0.990/0.480(0.972)
[0 1 0 1 1 1 1 0 0 1 1 0 1 1 1 1 1 1 1 0 0 1 1 1 1 0 0 0 1 1 0 1 0 0 1 0 1
 1 0 1 1 0 0 1 0 1 1 0 1 0 0 1 1 0 0 0 0 1 0 1 1 1 1 1 0 1 1 0 1 0 0 0 1 0
 1 0 1 1 1 0 1 1 1 1 0 1 1 1 1 0 0 1 0 1 1 1 1 0 1 1]
At 14701/30000: COST 0.117/2.054(0.095) -- Acc 0.940/0.520(0.969)
[1 1 1 1 0 1 1 0 0 0 1 1 1 1 0 1 0 0 1 0 0 0 0 0 1 1 0 1 0 0 0 1 1 1 1 0 0
 1 1 1 1 0 1 1 1 1 0 1 1 1 1 0 1 1 1 1 1 1 1 1 1 1 1 1 1 1 1 1 0 0 0 1 0 1
 1 1 0 1 1 0 1 0 1 1 0 1 1 1 0 1 1 0 0 1 1 1 1 0 1 1]
At 14801/30000: COST 0.129/1.880(0.129) -- Acc 0.960/0.500(0.956)
[1 0 1 0 0 0 0 1 0 0 1 0 1 1 1 1 0 1 1 1 1 1 0 0 0 1 0 1 1 1 0 1 1 1 1 0 1
 0 1 1 1 1 0 1 0 1 0 0 0 1 0 1 1 1 1 1 0 1 0 0 0 1 0 1 1 1 1 1 1 1 0 1 1 1
 1 1 1 1 1 1 0 1 1 0 1 0 1 1 1 1 1 1 1 0 1 0 0 0 0 1]
At 14901/30000: COST 0.224/1.745(0.126) -- Acc 0.940/0.510(0.959)
[0 1 1 0 0 1 0 1 1 1 1 0 0 1 0 1 0 0 0 1 1 1 0 0 0 0 0 0 1 1 1 1 1 1 0 1 0
 1 1 1 1 0 0 1 0 0 0 0 1 1 0 0 1 1 1 0 0 1 0 0 1 1 1 1 1 0 1 1 1 1 0 1 1 1
 0 1 1 1 1 1 0 1 1 1 1 1 0 1 1 0 0 1 0 1 1 1 1 1 1 0]
At 15001/30000: COST 0.099/2.288(0.108) -- Acc 0.970/0.480(0.963)
[1 1 1 1 0 1 1 1 1 1 1 1 1 1 1 0 1 0 1 1 0 1 1 1 1 1 1 1 1 1 1 0 0 1 1 1 0
 1 1 0 0 1 1 1 1 1 1 1 0 1 1 0 1 1 1 1 0 1 0 0 0 1 1 1 1 0 0 0 1 0 0 1 0 1
 1 1 1 1 1 1 1 0 1 0 1 0 1 0 1 1 1 1 1 0 1 1 0 1 0 1]
At 15101/30000: COST 0.039/2.250(0.087) -- Acc 0.980/0.510(0.971)
[0 1 1 1 0 0 0 0 1 1 1 1 1 0 1 1 1 0 0 1 0 1 1 0 1 1 0 1 1 1 1 1 1 1 1 1 1
 1 0 0 1 1 0 1 1 1 1 1 1 1 1 0 1 1 1 1 1 1 1 1 1 1 1 1 1 1 0 1 1 0 0 1 1 1
 0 1 1 1 1 0 0 0 0 1 1 1 0 1 1 1 1 1 1 0 0 0 0 0 1 0]
At 15201/30000: COST 0.016/2.534(0.073) -- Acc 0.990/0.490(0.977)
[1 0 0 1 1 1 0 0 1 1 1 1 1 1 0 1 1 0 1 1 0 0 1 0 1 1 1 1 1 1 1 0 0 1 1 1 1
 1 0 0 1 1 1 1 0 1 1 1 1 1 0 1 1 0 1 1 1 1 1 1 1 1 1 0 1 0 1 1 0 1 1 1 1 1
 1 0 1 0 0 0 1 0 1 0 1 1 1 1 1 1 1 1 1 1 0 0 1 0 1 1]
At 15301/30000: COST 0.098/2.294(0.073) -- Acc 0.980/0.510(0.977)
[1 1 1 1 0 0 1 0 0 1 0 1 0 0 0 1 1 1 1 0 1 0 1 0 1 1 1 1 0 1 1 1 1 1 1 0 0
 1 1 0 0 0 1 1 0 0 1 1 1 1 1 1 1 1 1 1 1 1 0 1 0 1 1 0 1 1 1 0 1 1 0 0 1 1
 1 1 0 1 1 1 0 0 1 1 1 0 0 1 1 0 1 0 1 0 1 1 1 1 0 0]
At 15401/30000: COST 0.172/1.990(0.088) -- Acc 0.950/0.460(0.971)
[1 0 1 1 0 0 1 1 1 1 1 0 0 1 1 1 1 0 1 1 1 0 1 1 0 0 0 1 0 1 0 1 1 1 0 1 0
 0 0 0 0 0 1 1 1 1 0 1 1 0 1 0 1 0 1 0 1 0 1 0 1 1 0 1 0 0 0 1 0 1 1 0 1 1
 1 1 1 0 1 1 1 1 1 1 1 1 1 1 1 1 1 1 1 1 0 1 0 0 1 0]
At 15501/30000: COST 0.136/1.720(0.104) -- Acc 0.970/0.480(0.965)
[1 0 1 0 0 1 0 1 0 1 1 1 1 1 0 0 1 1 0 0 0 1 0 1 1 1 0 1 0 1 0 0 0 1 1 1 1
 1 1 1 1 1 0 0 1 1 1 0 1 1 0 1 0 1 1 1 0 0 1 1 0 1 0 1 0 1 1 0 0 0 1 1 1 1
 1 0 1 0 0 0 0 1 0 1 1 0 1 1 1 1 0 0 0 1 0 0 1 1 0 0]
At 15601/30000: COST 0.217/1.804(0.142) -- Acc 0.940/0.460(0.950)
[1 1 0 0 1 1 1 1 1 1 1 1 1 1 0 1 1 1 0 1 1 0 1 1 1 1 0 0 1 0 1 0 0 0 1 0 1
 1 0 0 0 0 1 0 1 1 1 1 0 0 1 0 1 1 0 1 1 1 0 1 1 1 1 1 1 0 1 1 1 1 1 1 1 0
 1 1 1 1 1 0 1 0 0 0 1 1 0 1 0 1 0 0 1 0 1 0 1 1 1 1]
At 15701/30000: COST 0.129/1.733(0.129) -- Acc 0.960/0.550(0.956)
[1 0 0 0 1 1 0 1 1 1 1 1 0 1 1 1 0 0 1 1 0 1 1 1 0 1 0 1 0 1 1 1 0 1 1 0 0
 1 1 1 1 0 1 1 0 1 0 1 1 1 0 1 1 1 1 1 0 0 0 1 1 0 1 1 0 1 1 0 0 0 0 0 1 1
 1 1 1 0 1 1 1 1 1 0 1 1 1 0 0 0 1 1 0 1 0 1 1 1 0 0]
At 15801/30000: COST 0.114/2.234(0.115) -- Acc 0.950/0.500(0.961)
[0 1 1 1 1 0 1 1 1 0 1 1 0 1 0 0 1 1 1 1 0 0 1 0 1 1 0 1 1 1 1 1 1 1 1 1 0
 1 1 1 1 0 1 1 1 1 0 1 0 0 1 1 1 1 1 1 0 1 0 0 1 1 1 0 1 0 1 0 0 1 1 1 1 1
 1 1 1 0 1 1 1 0 1 0 0 1 1 1 0 0 0 1 1 1 0 0 1 1 1 0]
At 15901/30000: COST 0.049/2.008(0.102) -- Acc 0.990/0.490(0.968)
[1 0 1 0 1 1 1 1 0 0 1 1 0 1 0 1 0 0 1 1 1 0 0 0 1 0 1 1 1 1 1 0 1 0 1 1 1
 1 0 1 1 0 0 0 1 1 0 1 1 0 0 1 1 1 1 0 1 1 0 1 1 1 1 0 0 0 1 1 1 0 1 0 1 0
 0 0 0 1 1 0 1 0 1 1 1 1 0 1 0 1 1 1 1 1 1 1 0 1 1 0]
At 16001/30000: COST 0.238/2.094(0.108) -- Acc 0.940/0.490(0.965)
[0 1 0 1 1 1 1 0 1 1 0 0 1 1 1 1 1 0 1 1 1 1 1 1 1 1 1 1 1 1 1 1 0 0 1 1 0
 1 1 0 0 0 1 1 0 1 1 0 1 0 1 1 0 1 0 1 1 1 1 1 1 1 0 1 1 1 1 1 1 1 1 0 0 1
 1 1 1 0 1 1 0 1 0 1 1 1 0 1 1 1 1 0 0 1 0 1 1 1 1 1]
At 16101/30000: COST 0.146/1.930(0.122) -- Acc 0.940/0.500(0.959)
[1 1 1 0 1 1 1 1 0 1 1 0 0 0 0 0 1 1 0 1 0 1 1 1 1 1 1 1 1 1 1 0 0 1 1 1 1
 0 1 0 0 1 0 0 1 1 0 1 1 1 1 0 1 1 1 0 1 1 1 0 1 0 0 1 0 0 0 1 1 1 1 1 0 1
 1 0 0 0 1 1 1 0 0 0 1 1 1 1 0 0 0 0 0 0 1 1 1 1 1 0]
At 16201/30000: COST 0.041/1.850(0.105) -- Acc 0.980/0.540(0.965)
[1 0 1 1 1 1 0 0 0 1 1 1 1 1 1 1 1 1 1 1 0 1 1 1 1 1 0 1 1 1 0 0 0 0 0 0 0
 0 0 0 1 1 1 1 1 1 1 0 1 1 1 0 1 1 0 1 1 1 1 1 1 1 0 1 1 0 1 1 1 0 1 1 1 1
 1 0 0 1 0 1 1 1 0 1 1 1 0 0 1 0 1 1 0 1 0 1 1 1 1 0]
At 16301/30000: COST 0.117/1.771(0.102) -- Acc 0.980/0.530(0.968)
[1 1 1 1 1 1 1 0 1 1 1 1 0 1 0 1 1 1 1 0 1 1 0 1 0 1 1 1 1 1 1 1 0 0 0 1 1
 0 0 1 1 0 0 0 1 1 1 1 1 1 1 1 0 1 0 1 0 0 1 1 0 1 1 1 1 1 1 0 1 1 1 1 1 0
 0 1 1 0 1 1 0 1 0 0 1 1 1 1 1 0 1 0 1 1 0 1 1 1 1 1]
At 16401/30000: COST 0.039/2.040(0.095) -- Acc 0.990/0.520(0.970)
[1 1 0 1 0 1 1 0 1 0 0 1 0 1 0 1 1 1 1 1 1 0 1 1 1 1 1 0 1 0 0 1 0 1 1 1 0
 1 1 1 1 1 0 1 1 0 1 1 0 1 1 1 1 1 1 1 1 0 1 1 1 0 1 1 1 0 1 1 0 1 0 1 0 1
 0 1 1 1 1 0 1 1 0 1 1 0 1 0 1 1 1 1 0 1 1 0 1 1 1 0]
At 16501/30000: COST 0.059/2.058(0.088) -- Acc 0.980/0.530(0.972)
[0 1 0 0 1 1 0 1 0 0 0 0 1 0 1 0 0 1 1 1 0 0 1 0 0 0 1 0 1 1 1 1 1 0 1 1 1
 1 1 0 1 0 0 0 1 1 1 0 1 1 0 0 1 0 1 1 1 0 0 1 1 1 1 1 1 1 1 1 1 0 0 0 0 1
 0 1 1 1 1 1 0 0 1 1 1 1 1 0 1 0 0 0 0 0 1 0 1 0 0 1]
At 16601/30000: COST 0.186/1.612(0.107) -- Acc 0.950/0.550(0.966)
[0 0 1 1 0 0 0 1 1 0 0 0 1 0 1 1 1 1 0 0 0 1 1 1 1 0 1 1 1 1 1 1 0 1 0 1 1
 0 1 1 1 0 1 0 1 0 1 1 1 1 0 0 0 0 0 1 0 0 1 1 1 1 1 0 1 0 0 1 1 1 1 1 1 0
 0 0 1 0 0 1 0 0 1 1 1 0 0 1 0 0 1 1 1 1 1 1 0 1 1 1]
At 16701/30000: COST 0.130/1.536(0.155) -- Acc 0.940/0.520(0.947)
[1 1 1 0 0 1 0 0 1 1 1 0 0 1 0 1 1 0 1 1 1 1 1 0 1 1 1 0 1 0 0 1 0 1 0 1 1
 0 0 1 1 0 0 1 0 0 1 1 1 1 1 1 1 1 1 0 1 1 1 1 1 1 1 1 0 1 1 1 0 1 0 1 0 0
 1 1 1 0 1 0 1 0 1 1 0 1 1 0 1 1 0 0 0 1 0 1 1 0 1 0]
At 16801/30000: COST 0.107/1.599(0.158) -- Acc 0.960/0.520(0.947)
[0 1 1 0 1 1 1 1 1 0 0 1 0 0 0 1 0 0 0 0 1 1 1 0 1 1 1 1 1 0 1 1 1 0 1 0 1
 1 1 0 0 1 0 1 0 1 0 0 1 0 1 0 1 1 1 1 0 1 1 1 0 1 1 0 1 1 1 1 0 1 1 0 1 0
 0 1 0 0 1 0 0 0 0 1 1 1 1 0 1 1 1 1 0 0 0 0 1 0 1 1]
At 16901/30000: COST 0.184/1.536(0.158) -- Acc 0.930/0.530(0.946)
[0 1 1 0 1 0 1 1 1 1 1 1 1 0 1 1 1 0 1 1 1 0 1 0 0 1 0 1 1 0 0 1 1 1 1 1 0
 1 0 1 1 1 1 1 1 1 1 1 1 1 1 0 1 1 1 0 1 1 0 0 0 0 1 1 0 1 0 1 1 0 0 1 0 1
 1 1 0 0 1 0 1 1 0 1 1 1 1 1 1 1 0 1 1 0 1 1 1 0 0 0]
At 17001/30000: COST 0.136/1.891(0.127) -- Acc 0.940/0.460(0.958)
[1 0 1 0 1 1 0 1 1 0 1 0 1 1 1 1 1 0 0 1 1 1 1 1 1 0 1 1 0 0 1 1 1 1 1 1 1
 1 1 1 0 1 0 1 1 1 0 1 1 1 1 1 1 1 1 0 1 1 1 1 1 1 0 0 1 0 1 1 1 1 1 1 1 1
 0 1 1 1 0 1 1 1 1 0 0 1 1 1 1 1 0 1 1 0 1 0 0 0 1 1]
At 17101/30000: COST 0.140/1.987(0.111) -- Acc 0.950/0.450(0.964)
[1 0 1 1 1 0 1 0 1 1 0 1 1 1 1 1 1 0 1 0 1 1 1 1 0 1 0 1 1 0 1 1 1 0 1 1 1
 1 1 1 0 1 0 0 1 1 0 0 0 1 0 1 1 0 1 1 1 1 1 1 1 1 1 1 1 1 0 1 0 0 0 0 1 0
 1 0 1 0 0 1 1 1 1 1 1 0 1 1 0 1 1 1 1 0 0 1 1 1 1 0]
At 17201/30000: COST 0.167/1.518(0.122) -- Acc 0.970/0.510(0.960)
[0 0 0 0 1 1 1 1 1 0 0 1 1 0 1 0 1 1 0 0 0 1 0 1 0 1 1 0 1 0 1 1 0 0 1 1 1
 0 0 1 1 0 1 1 1 1 0 0 1 0 1 1 1 1 1 1 1 0 1 1 1 1 1 0 1 0 0 1 1 0 1 0 1 0
 1 1 0 1 1 1 0 1 1 0 1 1 0 1 0 1 1 1 1 1 1 1 1 0 0 1]
At 17301/30000: COST 0.115/1.786(0.133) -- Acc 0.960/0.460(0.957)
[0 1 0 1 1 1 1 1 1 0 1 1 1 0 1 1 0 0 0 1 1 1 1 1 1 1 0 0 1 1 1 0 1 1 1 0 0
 1 1 1 0 0 1 1 0 0 1 0 0 0 1 0 1 1 1 1 0 0 0 1 0 1 1 0 1 0 0 0 1 1 1 0 1 1
 1 1 1 0 1 0 0 0 0 1 1 1 1 0 1 1 1 1 1 0 0 1 0 0 1 0]
At 17401/30000: COST 0.045/2.009(0.129) -- Acc 0.990/0.450(0.959)
[1 0 0 1 1 0 0 0 1 1 1 1 1 1 1 1 1 0 1 1 0 1 1 1 1 1 0 1 1 0 1 1 1 0 0 1 1
 0 1 1 1 1 0 1 0 1 1 0 1 1 1 1 1 1 1 0 1 0 0 0 1 1 1 1 1 0 1 1 1 1 1 1 1 0
 1 1 1 0 0 1 1 0 0 0 1 1 0 0 0 0 1 1 1 1 1 1 1 1 0 1]
At 17501/30000: COST 0.069/1.753(0.138) -- Acc 0.980/0.480(0.955)
[1 1 0 0 1 0 0 0 1 1 1 1 1 1 0 1 0 0 0 1 0 1 0 1 1 0 1 0 0 0 1 1 1 1 1 1 1
 1 1 0 1 1 0 1 1 1 0 0 1 1 1 1 1 0 0 1 1 1 0 1 1 1 0 1 1 1 0 1 0 0 1 1 0 1
 0 1 0 1 0 1 0 1 1 1 0 1 0 1 1 0 1 1 1 1 0 1 1 1 1 1]
At 17601/30000: COST 0.082/1.814(0.136) -- Acc 0.950/0.500(0.955)
[0 0 1 0 1 1 0 1 1 0 1 0 1 1 0 0 1 0 1 0 0 1 0 1 0 1 1 0 1 0 1 0 0 1 0 0 0
 1 1 0 1 1 1 0 1 0 1 1 1 0 1 1 1 0 0 1 0 0 0 1 1 1 1 1 1 1 1 1 1 0 0 0 0 1
 1 1 0 1 1 1 0 1 0 0 1 1 1 0 0 0 1 1 1 1 1 0 1 1 0 1]
At 17701/30000: COST 0.046/1.874(0.138) -- Acc 0.990/0.470(0.954)
[1 1 1 1 1 1 0 1 1 1 0 1 0 1 1 0 1 1 0 0 0 1 1 1 1 0 1 0 1 1 1 1 1 0 1 1 1
 1 1 1 1 0 1 1 1 1 1 1 0 0 1 1 0 1 0 1 1 1 1 0 1 1 1 1 0 0 0 1 1 0 1 0 1 0
 1 1 0 0 1 0 1 1 0 1 1 0 0 1 1 1 1 0 1 1 1 1 1 1 1 0]
At 17801/30000: COST 0.177/1.899(0.130) -- Acc 0.950/0.510(0.957)
[1 0 1 1 0 1 1 1 1 1 1 0 1 0 1 1 1 1 1 1 0 0 1 0 1 1 0 0 0 1 0 1 1 0 1 1 1
 1 0 1 0 1 1 1 1 1 1 0 1 1 0 1 1 0 0 1 1 0 1 1 0 1 1 1 1 1 0 1 1 1 1 1 1 1
 1 1 1 0 1 0 0 1 0 0 1 0 1 1 1 1 1 1 1 1 0 1 0 1 1 1]
At 17901/30000: COST 0.064/2.021(0.126) -- Acc 0.980/0.500(0.957)
[1 0 0 1 1 0 0 1 1 1 1 1 1 1 0 1 1 1 1 1 1 1 0 0 1 1 1 1 0 1 1 1 1 1 1 0 0
 0 0 1 0 0 1 1 1 1 1 1 1 1 1 1 1 1 1 1 0 0 1 1 0 1 0 1 1 1 1 0 0 0 1 0 0 1
 0 1 1 0 0 0 1 1 1 1 1 1 1 1 0 1 1 1 1 0 0 1 0 1 0 1]
At 18001/30000: COST 0.048/1.791(0.134) -- Acc 0.990/0.490(0.957)
[1 1 0 1 1 1 1 1 1 1 1 1 0 1 1 1 0 0 0 1 1 1 1 0 1 1 1 1 1 0 1 1 1 0 1 1 0
 1 1 1 0 1 1 1 1 1 1 1 1 1 0 1 0 1 1 0 0 1 1 1 1 1 0 0 1 1 0 1 0 1 1 1 1 0
 1 0 1 1 1 1 1 1 1 1 1 1 1 0 1 1 1 1 0 0 1 1 1 0 0 1]
At 18101/30000: COST 0.127/2.131(0.125) -- Acc 0.950/0.420(0.960)
[0 1 1 1 1 1 1 0 0 1 1 1 1 0 0 1 1 0 1 0 0 1 0 1 1 0 1 0 0 0 0 1 1 0 0 1 0
 1 1 1 1 0 1 1 0 1 1 1 1 0 1 0 0 0 1 1 1 1 1 1 1 1 1 1 1 1 0 1 1 0 1 1 0 1
 0 1 1 1 1 1 1 1 1 1 1 1 0 1 1 1 0 0 1 1 1 1 1 1 1 0]
At 18201/30000: COST 0.099/2.050(0.128) -- Acc 0.980/0.440(0.959)
[1 1 1 1 1 1 1 0 1 1 1 0 0 1 0 1 0 1 1 1 1 0 1 1 1 0 1 1 1 1 1 0 1 1 1 1 1
 0 1 1 0 1 0 1 0 1 0 1 0 1 1 1 1 1 0 1 1 1 1 1 0 1 1 1 1 0 1 1 1 1 1 1 0 1
 1 1 1 1 1 0 1 1 0 1 1 0 1 0 0 0 0 1 1 0 1 1 1 0 1 1]
At 18301/30000: COST 0.214/2.187(0.132) -- Acc 0.940/0.440(0.957)
[1 0 1 0 1 1 0 1 1 0 1 1 1 1 1 1 1 1 0 0 1 1 1 1 1 1 1 1 0 0 0 1 0 1 1 0 0
 0 0 1 1 1 1 1 0 1 0 0 1 0 1 0 1 0 1 1 1 0 0 0 1 1 1 0 1 0 1 0 1 0 1 1 1 0
 1 1 1 1 1 0 1 1 1 0 1 1 0 1 1 1 1 1 1 0 0 1 1 0 1 1]
At 18401/30000: COST 0.101/1.765(0.141) -- Acc 0.950/0.490(0.954)
[1 1 0 1 0 0 1 1 1 0 1 1 1 0 0 1 1 1 1 0 1 0 1 1 1 1 1 0 1 1 1 0 1 1 1 1 1
 0 1 1 1 1 1 0 0 0 1 1 0 1 0 0 0 1 0 1 0 0 0 1 0 0 0 1 1 1 1 1 1 1 0 1 1 1
 1 1 1 0 1 1 0 1 1 1 1 1 1 1 1 1 0 1 1 0 1 0 1 1 1 1]
At 18501/30000: COST 0.091/1.924(0.133) -- Acc 0.980/0.460(0.957)
[1 1 1 0 1 1 1 1 1 1 1 1 1 0 1 1 0 1 0 1 0 1 1 0 1 0 0 1 1 1 1 1 1 1 0 0 1
 1 0 1 1 1 1 1 1 1 0 1 1 1 1 1 0 1 1 1 1 1 0 1 0 1 1 0 0 0 0 1 1 0 1 1 0 1
 1 1 1 0 1 1 0 1 1 1 1 1 1 0 1 0 0 1 1 1 1 1 1 1 1 1]
At 18601/30000: COST 0.147/1.632(0.134) -- Acc 0.950/0.510(0.956)
[1 1 0 0 0 1 1 1 1 1 0 1 1 1 1 1 0 1 1 0 1 1 0 1 1 1 1 0 1 1 0 1 0 1 1 1 1
 0 1 1 1 1 0 0 0 1 1 1 1 1 1 0 1 1 1 0 1 0 1 1 1 1 1 0 1 1 1 1 1 1 1 0 1 0
 0 1 1 1 1 0 1 1 1 0 1 1 1 0 1 1 1 1 1 1 1 0 0 1 1 1]
At 18701/30000: COST 0.112/1.725(0.145) -- Acc 0.970/0.510(0.952)
[0 1 1 1 0 1 1 0 1 1 0 0 1 1 1 1 0 1 0 1 1 0 0 1 1 0 1 1 1 1 1 0 0 1 1 1 0
 0 1 1 0 1 1 1 1 1 1 1 1 0 1 1 0 0 0 1 1 1 0 0 1 1 0 0 0 0 1 1 1 1 1 0 1 0
 1 0 1 1 1 1 1 0 0 1 0 1 0 0 1 1 0 0 0 1 1 0 1 1 1 1]
At 18801/30000: COST 0.116/2.156(0.139) -- Acc 0.970/0.440(0.954)
[1 1 0 0 0 0 0 1 0 1 0 1 1 1 1 0 1 1 1 1 1 1 1 1 1 1 1 1 0 0 0 1 0 1 1 1 0
 0 1 1 0 0 1 1 0 0 1 1 1 1 1 1 1 1 0 0 0 1 0 0 1 1 1 1 1 1 0 0 0 1 1 1 1 1
 1 0 1 1 1 1 0 0 1 0 1 1 1 1 0 1 1 1 1 1 0 1 0 1 0 1]
At 18901/30000: COST 0.108/1.649(0.150) -- Acc 0.970/0.470(0.951)
[1 0 0 0 0 0 1 0 1 0 1 1 1 1 1 1 0 1 1 1 0 1 1 0 1 1 1 1 0 1 1 1 1 0 0 0 0
 1 1 1 1 0 1 1 0 1 1 0 0 1 1 0 1 0 1 0 0 1 1 0 0 1 0 1 1 1 1 1 1 0 1 1 1 0
 1 0 1 1 1 1 1 1 1 1 1 1 1 1 1 0 1 1 1 1 0 0 1 0 0 1]
At 19001/30000: COST 0.196/1.919(0.142) -- Acc 0.940/0.450(0.953)
[0 0 0 1 1 1 1 1 1 1 0 1 1 0 1 1 1 0 1 0 0 0 1 1 1 0 0 1 1 1 1 1 0 1 1 1 0
 0 1 0 1 0 0 0 0 0 0 1 0 1 1 0 0 0 1 0 0 1 1 1 1 0 1 0 0 0 0 1 1 1 0 0 0 1
 0 1 1 0 0 1 1 1 0 1 1 1 1 1 1 1 1 1 1 1 0 0 1 0 1 1]
At 19101/30000: COST 0.126/1.926(0.135) -- Acc 0.960/0.450(0.956)
[0 0 1 1 1 1 1 1 0 0 1 1 0 1 0 1 0 1 1 1 1 0 1 0 0 1 1 1 1 1 1 1 1 1 1 0 1
 1 1 1 1 0 1 1 1 1 1 1 1 1 0 1 1 0 1 0 0 1 0 1 1 1 1 1 1 1 1 1 1 0 1 1 1 0
 1 1 0 0 1 0 0 1 1 1 0 1 1 1 0 1 1 1 0 0 0 1 0 1 1 0]
At 19201/30000: COST 0.195/1.987(0.130) -- Acc 0.930/0.510(0.957)
[1 1 0 1 1 1 1 1 1 1 0 1 0 0 0 0 1 1 0 1 1 0 1 1 0 0 1 1 0 1 1 0 0 1 1 1 1
 0 1 1 1 1 1 0 1 1 1 1 0 0 0 1 1 1 1 1 1 1 0 0 0 1 0 0 0 1 0 1 0 1 1 0 0 1
 1 1 1 1 0 0 1 0 1 1 0 1 0 0 0 1 1 1 1 0 0 0 0 1 0 1]
At 19301/30000: COST 0.083/1.886(0.133) -- Acc 0.970/0.550(0.956)
[0 1 1 1 1 1 0 0 1 1 1 0 1 0 1 1 1 0 1 1 0 0 0 0 1 0 1 0 0 0 1 1 0 0 1 0 1
 1 0 0 1 0 1 1 1 1 1 1 0 1 1 1 0 1 1 1 1 0 1 1 1 0 1 0 1 1 1 1 1 1 0 0 1 0
 1 1 1 0 0 0 0 0 1 1 1 1 1 1 1 1 0 1 1 0 0 0 1 1 1 1]
At 19401/30000: COST 0.100/1.949(0.129) -- Acc 0.960/0.500(0.957)
[1 1 0 1 0 1 1 0 1 1 1 1 1 1 1 0 1 1 0 1 0 1 0 1 0 1 0 0 1 0 1 0 1 1 1 1 1
 0 1 0 0 1 1 1 1 1 1 1 0 1 1 0 0 1 1 0 0 1 0 0 0 1 1 1 1 1 0 0 1 0 1 1 0 1
 1 0 1 1 1 1 0 1 1 1 0 1 1 0 1 1 1 1 0 1 0 1 0 1 1 0]
At 19501/30000: COST 0.238/1.702(0.144) -- Acc 0.930/0.500(0.952)
[1 1 1 1 1 1 1 1 0 1 1 0 1 1 0 1 1 1 1 0 1 1 0 0 1 1 1 0 1 0 0 1 1 0 0 1 0
 1 0 1 1 0 0 1 1 1 0 1 1 1 0 1 1 1 0 0 1 1 0 0 0 0 1 0 1 1 1 0 1 0 1 0 1 1
 1 1 1 1 0 1 0 0 1 0 1 0 1 0 0 0 1 1 1 0 0 0 0 1 0 0]
At 19601/30000: COST 0.169/1.542(0.164) -- Acc 0.960/0.480(0.944)
[0 1 1 0 0 0 0 0 0 1 1 0 0 1 1 0 0 0 1 0 1 0 1 0 1 1 1 1 1 1 0 0 1 1 0 1 0
 1 1 1 0 1 0 1 0 0 1 1 1 0 1 1 1 1 1 1 0 1 0 1 0 0 0 0 0 0 0 0 1 1 1 1 0 0
 1 1 0 0 0 1 1 1 1 0 1 1 1 1 1 1 0 0 1 1 1 1 0 1 0 0]
At 19701/30000: COST 0.184/1.511(0.171) -- Acc 0.940/0.560(0.940)
[0 1 1 1 1 1 0 0 1 0 0 1 1 0 0 0 0 1 1 0 1 1 1 1 1 1 1 0 1 0 1 0 1 1 1 1 1
 1 0 0 1 1 0 0 1 0 0 1 1 1 0 1 1 1 1 1 1 0 0 1 1 1 1 0 0 0 1 0 0 1 0 1 1 1
 1 1 1 1 1 1 1 1 1 0 0 1 1 1 1 0 1 1 1 0 0 1 0 1 0 1]
At 19801/30000: COST 0.116/1.793(0.165) -- Acc 0.960/0.500(0.942)
[1 0 0 1 1 1 1 0 0 0 0 1 0 1 1 1 1 1 1 1 1 1 1 1 1 1 1 1 0 1 0 0 1 1 1 1 0
 1 1 0 1 1 1 0 1 1 1 0 1 0 0 1 1 1 0 0 0 1 1 0 0 1 0 0 1 1 1 1 1 1 1 0 0 1
 1 1 0 0 1 0 1 1 1 0 0 1 1 1 1 1 0 0 0 1 0 0 1 1 0 1]
At 19901/30000: COST 0.150/1.849(0.155) -- Acc 0.940/0.470(0.946)
[1 1 1 0 1 1 1 1 1 0 1 1 1 0 1 1 1 1 1 1 1 0 1 1 1 1 1 1 1 0 1 1 1 0 1 1 1
 1 0 0 1 0 0 0 1 0 1 1 1 1 1 1 1 1 1 0 1 1 0 1 0 1 0 1 1 1 0 0 1 0 1 1 0 1
 0 1 1 1 0 1 1 1 1 0 0 0 0 1 1 0 0 1 1 1 1 0 0 1 1 1]
At 20001/30000: COST 0.177/1.963(0.143) -- Acc 0.950/0.450(0.951)
[1 1 1 1 1 0 0 1 1 0 1 1 1 0 1 1 1 1 0 1 1 1 1 1 0 1 0 1 1 0 0 0 1 1 1 1 1
 1 0 1 1 1 0 0 1 1 0 1 1 0 0 1 1 1 1 1 1 1 1 1 1 0 1 0 1 1 0 1 0 1 1 1 0 1
 1 0 1 1 1 1 1 1 1 0 0 1 1 1 1 1 1 1 0 1 1 1 0 1 1 0]
At 20101/30000: COST 0.115/2.044(0.137) -- Acc 0.960/0.460(0.954)
[0 1 0 1 1 1 1 0 1 1 1 1 1 1 0 1 1 1 1 1 1 1 0 1 0 0 1 1 1 1 1 1 1 1 1 0 1
 1 1 1 0 1 0 1 1 1 0 1 0 1 1 1 0 1 1 0 1 0 0 0 1 1 1 1 0 1 1 1 1 1 1 0 1 0
 1 0 1 0 1 1 1 1 0 1 1 1 1 1 1 1 1 0 1 1 1 0 1 1 1 1]
At 20201/30000: COST 0.225/1.674(0.159) -- Acc 0.950/0.460(0.944)
[0 1 1 0 0 0 1 0 1 1 0 1 1 0 1 0 1 1 1 0 1 1 1 1 0 1 1 1 1 1 1 1 0 1 1 0 1
 1 1 1 1 0 1 1 1 1 0 1 0 1 1 0 1 0 1 0 1 1 1 1 0 1 1 0 1 1 1 1 1 1 1 1 1 1
 1 0 0 1 0 1 1 0 1 1 1 1 1 1 1 1 1 1 0 0 0 0 1 1 1 1]
At 20301/30000: COST 0.145/1.741(0.153) -- Acc 0.940/0.470(0.948)
[1 1 1 1 1 0 1 1 1 1 1 0 1 1 0 0 1 1 1 1 1 1 1 1 1 1 0 1 1 1 0 0 1 1 1 1 1
 1 1 1 0 1 1 1 1 1 0 1 0 0 1 1 0 1 0 1 0 1 1 1 1 1 1 1 1 1 0 1 1 1 1 1 1 1
 1 1 1 1 1 0 1 1 1 1 1 1 1 0 1 0 1 1 0 1 0 1 1 1 1 1]
At 20401/30000: COST 0.152/1.973(0.146) -- Acc 0.940/0.470(0.949)
[1 1 1 1 0 1 0 1 0 1 0 1 0 1 1 1 1 1 1 1 0 1 0 1 0 0 1 1 1 1 1 1 0 1 1 1 1
 1 1 1 1 1 1 0 1 0 1 1 1 0 0 1 0 0 0 1 1 0 1 1 0 1 0 0 1 1 1 1 1 1 1 1 1 1
 1 1 1 1 0 0 0 1 1 1 0 1 0 1 1 1 1 1 1 1 1 1 1 1 1 1]
At 20501/30000: COST 0.071/1.937(0.139) -- Acc 0.980/0.470(0.954)
[0 0 1 1 0 0 0 1 1 0 1 0 1 0 1 1 1 0 1 1 1 1 1 0 1 1 1 1 0 1 1 1 1 1 1 1 1
 1 1 1 1 1 0 1 1 1 0 1 1 1 0 1 1 1 0 1 0 1 1 1 1 1 1 1 0 0 1 1 1 1 1 1 1 1
 1 1 0 1 1 1 0 0 1 1 1 0 1 1 0 1 0 1 1 1 1 1 1 1 1 0]
At 20601/30000: COST 0.148/1.831(0.133) -- Acc 0.940/0.480(0.955)
[1 1 1 0 1 1 1 1 1 0 1 1 1 0 0 1 1 1 1 1 0 1 1 0 1 1 1 1 0 1 0 0 1 1 0 0 1
 1 0 1 1 0 1 0 1 1 0 1 1 1 0 0 1 0 1 0 1 1 1 1 1 1 1 1 1 0 0 1 1 1 1 1 1 0
 0 1 0 0 0 1 1 0 0 0 1 1 1 1 0 1 1 1 0 1 1 0 0 1 1 0]
At 20701/30000: COST 0.121/1.722(0.132) -- Acc 0.960/0.530(0.955)
[0 0 1 1 1 1 0 0 0 0 1 1 1 0 0 1 0 1 1 1 0 0 0 1 1 1 1 1 1 1 0 1 1 1 1 1 1
 1 1 1 0 1 1 1 1 1 0 0 0 1 1 1 1 1 1 1 1 0 0 1 1 1 1 1 0 0 0 1 1 1 1 1 0 0
 1 1 1 1 1 0 1 1 1 0 0 0 0 0 1 0 1 1 1 0 0 1 1 0 0 1]
At 20801/30000: COST 0.101/1.662(0.157) -- Acc 0.970/0.500(0.945)
[1 0 0 1 0 1 1 1 1 1 1 0 0 1 0 1 1 1 0 1 1 0 1 1 1 0 1 0 1 1 0 0 1 1 1 1 1
 0 1 1 1 1 1 1 0 1 0 1 1 1 1 0 1 0 0 0 0 0 1 1 1 0 1 0 0 1 1 0 0 1 1 0 1 1
 1 1 0 1 0 0 1 1 1 0 1 1 1 1 0 0 1 0 1 1 1 1 1 1 1 1]
At 20901/30000: COST 0.106/2.017(0.140) -- Acc 0.970/0.450(0.951)
[1 1 1 0 1 1 1 1 0 1 1 0 1 0 0 1 0 1 1 1 1 1 1 1 0 1 1 0 1 0 1 1 1 1 0 0 1
 0 0 1 1 1 1 1 1 1 1 1 1 1 1 1 0 1 1 0 1 0 0 1 1 1 0 0 1 0 1 1 1 1 1 1 1 0
 0 1 1 1 1 1 1 0 1 0 1 1 1 0 0 1 1 0 1 0 0 1 0 0 1 1]
At 21001/30000: COST 0.184/1.690(0.154) -- Acc 0.930/0.540(0.946)
[1 1 1 1 1 0 1 1 1 0 0 1 1 1 1 1 0 1 1 0 1 1 1 1 0 0 1 1 0 1 0 0 0 1 1 1 1
 1 1 0 0 1 1 1 0 1 1 0 1 1 0 1 0 1 0 0 0 0 1 1 1 0 0 0 1 1 1 1 0 1 0 1 1 1
 0 0 1 1 0 0 1 1 1 0 1 1 0 0 1 1 1 0 0 1 1 1 1 0 0 0]
At 21101/30000: COST 0.181/1.507(0.167) -- Acc 0.950/0.530(0.943)
[0 0 1 0 1 0 1 1 1 1 1 1 1 1 1 1 0 0 0 1 1 0 0 1 0 1 0 0 1 0 0 0 0 1 0 1 1
 1 0 0 0 1 1 0 1 1 1 1 1 1 0 1 1 1 1 1 1 1 0 1 1 1 1 1 1 1 0 1 0 1 0 1 1 1
 0 1 1 1 1 0 1 0 1 0 1 1 1 1 1 1 1 1 1 0 0 1 1 1 1 1]
At 21201/30000: COST 0.281/1.649(0.212) -- Acc 0.890/0.470(0.925)
[1 0 1 0 1 1 1 1 0 1 1 1 1 1 0 1 0 0 1 0 1 1 0 0 1 1 0 1 0 1 1 1 0 0 0 1 1
 1 1 1 0 0 1 1 1 0 1 1 1 0 1 1 0 0 1 0 1 1 1 1 0 1 1 1 0 1 1 1 1 1 1 0 0 1
 1 1 0 1 1 1 1 1 1 0 1 1 0 1 1 1 0 1 1 1 1 1 1 0 0 1]
At 21301/30000: COST 0.257/1.407(0.248) -- Acc 0.920/0.500(0.908)
[0 1 1 1 1 1 1 0 0 1 0 1 1 0 0 1 1 1 1 1 1 1 1 0 1 0 1 0 0 0 1 0 1 1 1 1 1
 1 1 1 1 1 1 1 1 0 1 1 1 0 1 1 0 0 1 1 1 1 0 1 1 1 1 1 1 0 0 1 1 1 1 1 1 1
 1 1 1 1 0 1 1 0 0 1 1 1 0 0 1 0 0 1 0 1 0 0 0 0 1 1]
At 21401/30000: COST 0.149/1.385(0.251) -- Acc 0.960/0.480(0.913)
[1 0 1 1 1 1 0 1 1 1 1 0 0 1 1 1 0 0 1 1 1 1 1 1 1 0 0 1 1 0 1 1 1 0 0 1 1
 0 0 0 1 1 1 1 1 1 0 0 1 1 1 1 1 1 1 0 0 0 1 1 1 0 1 1 1 1 1 1 1 1 0 0 1 1
 1 1 0 1 1 1 1 1 1 0 1 1 1 0 1 1 1 1 1 0 1 0 1 0 0 1]
At 21501/30000: COST 0.171/1.549(0.233) -- Acc 0.930/0.500(0.917)
[1 1 1 0 1 0 1 0 0 1 1 1 1 1 1 0 1 1 1 0 1 1 1 1 0 1 0 0 1 1 1 1 1 1 0 0 0
 1 1 1 0 1 1 1 1 0 0 0 0 1 1 1 1 1 1 1 0 1 1 1 1 1 0 1 1 0 0 0 1 0 1 1 1 1
 1 1 0 0 1 1 1 1 1 1 1 1 1 1 1 0 0 1 1 1 0 1 0 1 1 1]
At 21601/30000: COST 0.383/1.262(0.250) -- Acc 0.890/0.520(0.911)
[1 1 1 1 1 1 1 1 1 0 0 1 0 1 1 1 0 1 1 1 1 1 1 1 1 1 0 0 1 0 1 0 1 0 1 1 0
 1 1 1 1 0 0 1 1 1 0 1 1 1 1 1 0 1 0 0 1 1 1 1 1 1 1 0 1 0 1 0 1 1 1 1 1 1
 0 1 0 1 1 0 0 0 1 1 0 1 0 1 1 1 0 1 1 1 1 1 1 0 0 1]
At 21701/30000: COST 0.265/1.455(0.254) -- Acc 0.880/0.420(0.909)
[1 1 1 1 1 1 1 0 1 0 1 1 0 1 1 1 1 1 1 1 1 1 0 1 0 1 1 1 1 1 1 0 1 1 1 0 1
 0 1 0 0 1 1 1 1 1 1 1 0 0 0 1 1 1 1 0 1 1 1 1 0 1 1 0 1 1 1 1 1 0 1 0 1 1
 1 1 0 0 1 0 1 1 0 1 0 0 1 1 0 1 1 1 1 1 1 0 1 1 1 0]
At 21801/30000: COST 0.147/1.596(0.246) -- Acc 0.960/0.500(0.911)
[1 1 1 1 0 1 0 0 1 0 0 1 1 1 0 1 1 1 0 1 1 1 1 1 1 1 1 1 0 0 1 1 1 1 0 0 1
 1 0 0 1 0 1 1 1 1 0 1 1 1 1 1 0 1 0 1 0 0 1 1 1 1 1 1 1 1 1 1 1 0 0 0 0 1
 1 1 0 0 1 1 0 1 0 0 1 1 1 1 1 0 1 1 0 1 1 0 1 1 1 0]
At 21901/30000: COST 0.174/1.539(0.244) -- Acc 0.940/0.470(0.910)
[1 1 0 1 1 1 0 0 0 0 1 1 0 1 1 1 0 0 1 1 1 1 1 1 1 1 1 0 1 0 0 0 1 0 1 0 1
 1 1 1 1 1 0 1 0 1 1 1 1 1 1 1 1 1 1 1 1 1 1 1 1 1 0 1 1 1 1 1 1 0 1 0 1 1
 1 1 1 1 1 1 0 1 1 0 1 1 1 1 0 0 1 1 1 0 1 1 1 1 1 0]
At 22001/30000: COST 0.386/1.518(0.286) -- Acc 0.840/0.460(0.892)
[1 1 1 1 0 1 0 0 1 1 1 1 1 1 1 1 1 1 1 1 0 0 1 1 1 1 1 1 1 1 1 1 1 0 1 1 1
 0 0 1 1 0 1 1 1 1 1 1 1 1 1 1 1 1 0 1 0 1 0 1 1 1 1 1 0 1 0 0 1 1 1 1 1 0
 1 1 1 1 0 1 1 0 1 1 1 1 1 1 1 1 0 1 0 1 1 1 0 1 1 1]
At 22101/30000: COST 0.412/1.225(0.312) -- Acc 0.840/0.520(0.880)
[1 1 0 1 0 1 0 0 0 0 1 1 0 1 1 0 1 1 1 0 1 0 0 0 0 1 0 1 1 0 1 1 1 1 0 1 1
 0 1 1 1 1 1 1 0 0 1 1 1 1 0 0 1 0 1 0 0 0 1 1 1 1 1 1 1 1 1 1 1 1 0 1 1 1
 1 1 0 1 0 1 0 1 1 0 0 0 1 1 1 1 1 0 1 1 1 1 1 0 1 0]
At 22201/30000: COST 0.313/1.375(0.318) -- Acc 0.880/0.440(0.878)
[1 1 1 1 1 1 1 1 1 1 1 1 0 0 1 1 1 0 1 1 1 1 0 0 1 1 1 1 1 1 1 0 0 1 1 1 1
 1 1 0 1 1 0 0 1 0 1 1 0 0 1 1 1 1 0 1 1 1 1 1 1 0 1 1 1 0 1 1 1 1 1 1 0 1
 1 0 1 1 1 1 1 0 1 1 1 1 1 1 1 0 1 1 0 1 1 0 0 1 0 1]
At 22301/30000: COST 0.340/1.326(0.325) -- Acc 0.840/0.450(0.874)
[1 0 1 1 1 1 0 1 1 1 1 0 0 1 1 1 0 1 1 0 1 1 1 0 0 1 1 1 1 1 1 0 0 1 0 0 1
 1 1 1 1 1 1 1 0 0 1 1 0 0 1 1 0 1 1 1 0 1 1 1 1 1 1 1 0 1 1 0 1 1 1 1 0 1
 1 0 1 1 1 1 1 0 0 1 1 1 0 1 1 1 0 0 1 0 0 1 1 1 1 0]
At 22401/30000: COST 0.269/1.375(0.317) -- Acc 0.900/0.470(0.878)
[0 1 0 0 1 0 0 1 1 1 0 0 0 1 1 1 1 0 1 1 1 0 1 1 0 0 0 0 1 0 1 1 0 1 1 0 1
 1 1 0 0 1 1 1 1 1 0 1 0 0 1 1 1 1 1 1 1 1 1 1 1 0 1 1 0 1 1 1 1 1 1 1 0 0
 1 1 1 1 1 1 0 0 1 0 0 1 1 0 1 1 1 1 0 1 1 1 1 1 1 1]
At 22501/30000: COST 0.287/1.406(0.292) -- Acc 0.870/0.490(0.889)
[1 0 1 0 1 1 1 1 0 0 1 0 1 1 1 1 0 1 0 0 0 0 0 1 1 0 1 0 0 1 1 1 1 1 1 0 0
 1 1 1 1 0 1 1 1 1 0 0 0 1 0 0 1 0 1 1 1 1 1 0 0 1 1 1 1 1 0 1 1 0 1 0 0 0
 0 1 1 1 1 1 1 0 1 1 0 1 1 1 1 1 0 0 1 1 0 1 1 1 0 1]
At 22601/30000: COST 0.264/1.433(0.299) -- Acc 0.940/0.520(0.888)
[1 0 0 1 1 1 1 1 1 1 1 0 1 0 1 1 0 1 0 0 1 0 0 1 0 1 0 0 0 1 1 0 0 0 1 0 0
 0 1 1 1 1 1 0 1 0 1 1 1 0 1 0 1 0 1 1 1 0 1 0 1 1 1 0 0 1 0 1 1 1 1 1 1 1
 1 0 1 1 0 1 1 1 1 0 1 1 0 1 1 0 1 1 0 1 0 1 1 1 1 0]
At 22701/30000: COST 0.372/1.282(0.290) -- Acc 0.840/0.520(0.892)
[1 0 0 1 1 1 1 0 1 1 1 0 1 1 0 0 1 0 1 0 1 0 1 1 1 1 1 1 1 1 1 1 1 0 1 0 1
 1 1 1 0 0 0 0 1 0 0 1 1 0 0 1 0 1 1 0 1 1 0 1 1 0 1 1 1 1 0 1 0 1 0 1 1 0
 0 1 1 1 0 1 1 0 0 1 1 0 1 1 1 1 1 1 1 1 0 0 1 1 0 0]
At 22801/30000: COST 0.212/1.394(0.271) -- Acc 0.900/0.510(0.898)
[0 0 1 0 0 1 1 0 1 1 0 0 1 0 0 1 0 1 1 1 1 0 1 1 1 0 1 1 1 0 1 1 1 0 0 1 1
 1 1 1 0 1 0 1 0 1 0 0 1 1 1 1 1 1 0 1 0 0 0 1 1 0 1 1 0 0 1 0 0 1 1 1 1 1
 1 1 1 1 1 1 1 1 1 1 1 1 0 1 0 0 1 0 0 1 1 0 1 0 1 1]
At 22901/30000: COST 0.274/1.684(0.259) -- Acc 0.900/0.430(0.903)
[1 0 1 1 0 1 1 1 0 1 1 1 1 1 1 0 1 1 1 0 0 1 1 1 1 1 0 1 0 1 1 1 0 1 1 0 1
 1 1 0 0 0 0 1 1 1 1 0 1 0 1 0 0 1 1 0 1 1 1 1 1 0 0 1 1 1 0 0 0 1 1 0 0 0
 0 1 1 1 1 1 1 1 1 1 1 1 0 1 1 1 1 0 1 1 0 1 1 1 0 1]
At 23001/30000: COST 0.220/1.618(0.251) -- Acc 0.920/0.470(0.904)
[1 0 1 1 0 1 0 1 1 1 0 0 0 0 0 1 1 1 1 1 1 1 1 1 1 1 0 1 1 1 1 0 1 1 1 1 1
 1 1 1 1 0 0 1 1 1 1 1 1 1 1 1 1 1 1 1 0 0 1 1 1 0 0 0 0 0 1 1 1 0 0 1 1 1
 0 1 0 0 1 1 1 1 1 0 1 1 0 1 1 1 1 1 1 1 1 1 0 0 1 0]
At 23101/30000: COST 0.226/1.631(0.249) -- Acc 0.910/0.420(0.906)
[1 1 1 1 1 1 1 1 1 0 0 1 1 1 0 1 1 0 1 0 1 1 1 1 1 1 0 1 0 0 1 1 1 0 0 1 1
 0 1 1 1 0 1 1 1 1 1 1 0 1 0 1 1 1 1 1 1 1 1 1 1 0 1 0 0 1 0 1 1 1 1 1 1 0
 1 1 1 1 1 1 0 1 1 1 1 1 1 1 1 1 0 1 1 1 1 1 0 1 1 0]
At 23201/30000: COST 0.303/1.712(0.244) -- Acc 0.870/0.480(0.909)
[1 0 0 0 1 0 1 1 1 0 1 0 1 1 1 1 0 1 1 1 1 1 1 1 1 1 0 1 0 1 1 1 1 1 1 1 1
 1 0 1 1 0 1 1 1 1 1 1 0 1 1 1 1 1 1 0 1 1 1 1 1 1 0 1 0 1 1 0 1 1 1 0 1 0
 1 1 0 1 0 1 0 0 1 1 1 1 1 1 1 1 0 0 0 0 1 1 0 0 1 1]
At 23301/30000: COST 0.381/1.491(0.253) -- Acc 0.850/0.470(0.905)
[0 1 1 1 1 0 0 1 0 0 0 0 1 0 1 1 1 1 0 1 0 1 1 1 1 1 1 0 1 1 1 1 1 1 0 0 1
 1 0 1 0 0 1 1 1 1 1 1 1 1 1 1 1 0 0 1 1 1 0 1 1 1 0 1 1 1 1 1 1 1 0 0 1 1
 1 1 1 0 1 1 1 0 1 1 1 1 1 0 1 0 1 1 1 1 0 1 1 0 1 1]
At 23401/30000: COST 0.254/1.300(0.274) -- Acc 0.920/0.570(0.897)
[1 0 1 1 1 1 0 1 1 0 1 1 0 0 0 1 1 0 1 1 1 1 1 1 1 1 0 1 0 1 1 0 1 0 1 0 1
 1 1 1 0 0 0 1 0 1 1 1 0 1 1 0 1 1 0 0 1 1 0 0 0 1 1 1 1 1 0 1 1 1 0 1 1 0
 1 1 1 0 1 1 0 1 0 1 1 1 1 1 1 1 1 1 1 1 0 0 1 1 0 1]
At 23501/30000: COST 0.408/1.297(0.313) -- Acc 0.850/0.490(0.880)
[1 1 1 0 1 1 1 0 0 1 1 1 0 1 1 1 1 1 0 1 0 0 0 1 1 1 1 1 1 1 1 1 1 1 1 1 1
 1 1 1 0 0 1 0 1 1 1 1 0 0 1 1 1 1 1 0 1 0 0 0 0 1 1 1 0 0 0 0 0 1 1 1 0 1
 0 1 1 1 1 1 1 1 1 0 0 1 1 0 0 1 1 1 1 1 0 1 1 0 1 1]
At 23601/30000: COST 0.326/1.532(0.304) -- Acc 0.890/0.460(0.882)
[1 1 1 0 1 1 0 1 0 1 1 1 0 1 1 1 1 1 1 1 0 1 0 0 1 1 1 1 0 0 1 1 1 1 0 1 1
 1 1 1 0 0 1 1 1 1 1 1 1 0 1 1 0 0 1 1 1 1 0 1 1 1 1 0 1 1 1 1 0 1 1 1 1 0
 0 1 1 1 1 0 0 0 1 1 1 0 0 0 0 1 1 0 0 1 0 1 1 1 1 1]
At 23701/30000: COST 0.319/1.191(0.309) -- Acc 0.890/0.470(0.881)
[1 0 1 1 0 0 1 1 1 1 1 0 1 1 1 1 1 1 1 1 0 0 1 1 0 1 1 1 1 1 1 0 1 1 0 1 1
 0 0 1 0 1 1 1 1 1 1 0 0 0 0 0 1 1 0 0 1 0 1 1 0 1 0 1 1 1 0 1 1 1 1 0 0 1
 1 0 1 1 1 1 0 0 1 1 0 1 0 1 1 1 1 1 1 1 1 1 0 0 1 0]
At 23801/30000: COST 0.232/1.132(0.343) -- Acc 0.930/0.520(0.862)
[1 1 1 1 1 0 1 1 1 1 1 1 1 1 1 1 1 1 1 0 1 1 1 1 1 1 1 1 1 1 1 1 1 1 1 1 0
 1 0 0 1 1 1 1 1 1 0 1 0 1 1 1 1 0 1 1 1 0 1 0 1 0 1 1 1 1 1 0 0 1 1 1 1 1
 1 1 0 1 1 1 1 1 0 0 1 0 1 1 1 0 1 0 0 0 0 0 0 1 0 1]
At 23901/30000: COST 0.377/1.029(0.398) -- Acc 0.880/0.500(0.835)
[1 1 1 1 1 1 0 1 1 1 1 1 0 1 0 1 1 1 0 1 1 1 1 0 1 1 1 1 1 1 0 1 1 1 1 0 1
 1 0 0 1 0 0 0 0 1 1 0 0 1 1 1 0 1 1 1 0 1 1 1 1 1 0 1 1 0 1 1 0 1 0 1 0 1
 1 1 0 1 1 1 1 1 1 1 1 1 0 0 0 1 0 1 1 1 0 0 1 0 0 1]
At 24001/30000: COST 0.417/1.029(0.409) -- Acc 0.810/0.540(0.828)
[1 1 1 1 1 1 0 1 1 0 1 0 1 0 1 1 1 1 1 1 1 1 0 1 1 1 1 1 1 1 1 1 1 1 1 0 1
 0 1 1 0 1 1 0 0 1 1 1 1 1 1 0 1 0 1 0 1 1 0 1 0 0 1 1 1 1 1 0 0 0 1 1 1 1
 1 0 0 1 1 1 1 0 0 0 1 1 0 1 0 1 0 0 0 0 1 1 0 0 1 1]
At 24101/30000: COST 0.424/0.973(0.414) -- Acc 0.810/0.510(0.824)
[1 1 1 0 0 0 1 1 0 0 1 1 1 1 1 0 1 1 1 1 1 1 1 1 1 1 1 1 1 1 1 0 1 1 1 1 1
 1 1 0 0 1 1 0 0 1 0 1 0 1 1 0 1 1 0 1 1 1 0 1 0 0 0 0 0 1 0 1 1 1 0 1 1 0
 0 0 1 1 0 1 1 1 0 0 0 1 1 1 0 1 0 1 0 1 0 0 0 1 0 0]
At 24201/30000: COST 0.369/0.856(0.422) -- Acc 0.840/0.530(0.819)
[0 1 0 1 1 1 1 0 1 1 1 1 1 1 1 1 1 1 1 0 1 1 1 0 1 1 1 1 1 0 0 1 0 0 0 1 1
 1 1 1 0 1 1 1 1 0 0 1 1 1 1 1 1 1 0 1 1 1 0 1 0 1 1 0 0 0 0 1 1 0 0 1 1 1
 0 1 1 1 0 1 0 1 1 0 0 1 0 0 1 0 1 1 1 1 0 1 0 0 1 1]
At 24301/30000: COST 0.500/0.922(0.443) -- Acc 0.770/0.520(0.805)
[1 0 0 1 1 1 1 0 1 1 1 1 1 1 0 0 0 1 1 1 1 0 1 0 1 1 1 0 1 0 1 1 0 1 1 1 0
 1 1 0 1 1 1 1 0 1 1 1 1 1 0 0 1 1 1 0 0 0 1 1 0 0 1 1 1 0 1 0 1 0 1 1 0 1
 0 0 0 1 0 1 1 1 0 1 0 0 1 0 0 0 1 0 1 1 1 1 1 1 1 1]
At 24401/30000: COST 0.350/0.999(0.442) -- Acc 0.870/0.570(0.805)
[0 1 0 1 1 1 1 1 0 0 1 1 1 1 0 1 1 1 1 0 1 1 1 0 0 1 1 0 1 1 1 1 1 1 1 0 1
 1 1 1 1 1 0 1 1 0 1 1 1 0 0 0 1 0 0 1 1 1 0 1 0 1 0 1 1 1 1 1 1 1 1 0 1 1
 1 1 0 1 1 1 1 1 1 0 1 0 0 1 1 1 1 0 1 1 0 1 1 1 1 0]
At 24501/30000: COST 0.374/0.864(0.463) -- Acc 0.860/0.550(0.791)
[0 1 1 1 1 0 1 1 1 0 0 1 1 1 0 0 1 1 1 0 1 0 0 1 1 1 1 0 1 1 1 1 1 0 1 0 1
 0 1 1 1 1 1 1 0 1 1 0 1 0 1 0 1 1 1 1 1 1 1 1 0 1 1 1 1 1 1 0 1 1 1 0 1 1
 1 1 1 1 1 1 1 1 1 1 1 1 0 0 1 0 1 1 1 1 1 1 0 0 1 1]
At 24601/30000: COST 0.423/0.884(0.466) -- Acc 0.830/0.540(0.789)
[0 0 1 0 1 1 1 1 0 0 0 1 1 0 1 1 1 1 1 1 0 1 1 1 1 0 1 0 0 1 0 1 1 1 1 1 0
 1 0 1 1 1 0 1 1 1 1 1 0 0 0 1 1 1 1 1 1 0 0 1 1 0 0 0 0 1 0 1 1 0 1 1 1 1
 0 0 1 0 1 0 1 1 0 1 1 1 1 1 1 1 0 1 0 1 1 1 1 0 1 1]
At 24701/30000: COST 0.528/0.833(0.485) -- Acc 0.780/0.570(0.782)
[1 1 1 1 1 1 0 1 1 0 1 0 1 0 1 0 0 1 0 1 0 0 0 0 0 0 0 1 1 1 1 1 1 0 0 1 1
 1 1 1 1 1 1 1 1 0 1 1 1 1 1 1 1 1 1 1 0 1 0 1 1 1 0 1 1 0 1 1 1 1 0 0 1 1
 1 1 1 1 1 0 1 1 1 1 1 1 1 1 1 0 0 1 0 1 1 1 1 1 1 0]
At 24801/30000: COST 0.596/0.993(0.491) -- Acc 0.780/0.510(0.777)
[1 0 1 1 0 1 0 0 1 1 0 1 1 1 1 0 1 1 0 0 1 1 1 1 1 0 1 1 1 1 0 1 1 1 1 1 1
 1 1 1 0 1 0 1 1 1 1 1 1 0 1 1 0 1 0 0 0 1 1 1 1 0 1 1 0 1 1 1 1 1 1 1 1 1
 1 0 1 1 0 1 1 0 0 1 0 1 1 1 0 1 1 0 1 1 1 1 1 0 1 1]
At 24901/30000: COST 0.639/0.986(0.524) -- Acc 0.670/0.440(0.753)
[1 0 1 1 0 1 0 0 1 1 1 1 1 1 0 1 0 0 1 0 1 1 1 1 0 1 1 1 1 1 1 1 1 1 1 1 0
 1 0 1 1 1 1 1 1 1 0 0 1 1 0 1 0 1 1 1 1 1 1 1 0 1 1 1 1 1 0 1 1 1 0 1 1 0
 1 1 1 0 0 1 0 1 1 1 0 0 0 0 1 1 1 0 1 0 1 1 1 0 1 0]
At 25001/30000: COST 0.441/0.969(0.534) -- Acc 0.810/0.490(0.746)
[1 1 1 1 0 1 0 1 1 1 1 0 1 1 1 0 1 1 1 1 1 1 1 0 0 1 1 0 1 1 1 1 1 1 1 1 1
 1 1 1 1 0 0 1 1 1 0 0 0 1 1 1 1 1 1 0 0 0 1 1 0 0 1 1 0 1 1 0 0 1 1 0 0 0
 1 1 0 1 1 1 0 0 0 1 1 1 1 1 1 0 1 0 0 1 1 0 1 0 1 1]
At 25101/30000: COST 0.538/0.909(0.543) -- Acc 0.710/0.490(0.740)
[1 0 1 1 1 1 1 1 0 1 0 1 1 1 1 1 1 1 1 0 1 1 1 1 0 0 1 0 0 1 1 1 1 0 1 1 1
 0 1 1 1 1 0 0 1 1 1 0 1 1 1 1 1 0 1 1 0 1 1 0 0 1 1 0 0 0 1 1 0 0 1 1 0 0
 1 1 1 0 1 1 1 0 1 1 0 0 1 0 1 1 1 1 1 1 1 0 1 1 0 1]
At 25201/30000: COST 0.444/0.953(0.533) -- Acc 0.830/0.460(0.747)
[0 0 1 0 1 1 1 0 1 0 0 1 1 1 1 1 0 1 1 1 1 1 1 0 1 0 0 1 1 0 0 1 0 1 0 1 1
 1 1 0 1 0 1 0 0 1 0 1 1 1 0 0 0 1 1 1 1 1 0 0 1 1 1 1 0 1 1 1 1 1 1 1 1 0
 1 1 0 0 1 1 1 1 0 1 1 0 0 1 1 1 0 1 1 1 1 0 1 1 0 1]
At 25301/30000: COST 0.542/0.856(0.535) -- Acc 0.730/0.510(0.744)
[1 1 1 1 0 1 1 1 1 1 1 0 1 1 0 1 0 1 1 0 1 0 0 1 1 0 1 1 1 0 0 1 1 0 1 1 1
 1 0 1 1 0 0 1 1 1 1 1 1 0 0 1 0 1 1 1 1 1 1 1 1 1 0 1 1 1 1 1 1 1 0 1 0 0
 1 0 1 1 0 0 0 0 1 1 1 1 1 0 1 1 0 1 1 0 1 1 0 1 0 1]
At 25401/30000: COST 0.461/0.888(0.537) -- Acc 0.800/0.560(0.744)
[1 0 0 0 0 1 0 1 1 1 0 0 0 1 1 1 0 1 1 1 1 1 0 1 1 1 1 1 1 1 0 1 1 1 1 0 1
 1 0 1 1 1 1 1 1 0 0 1 0 0 0 1 1 1 1 0 1 0 1 1 1 1 1 1 1 1 0 1 1 0 1 0 0 1
 1 1 0 1 1 0 1 1 1 1 1 0 1 1 1 1 1 0 0 1 1 1 1 0 1 0]
At 25501/30000: COST 0.498/0.855(0.533) -- Acc 0.770/0.560(0.743)
[1 0 1 1 1 0 1 1 1 1 1 1 0 0 1 1 1 0 0 0 1 1 1 0 0 0 1 0 1 1 1 0 1 1 1 1 0
 0 0 0 1 1 1 1 0 0 1 1 0 1 0 1 1 1 1 0 1 0 1 0 0 1 1 0 1 1 0 0 0 1 1 0 1 1
 1 1 0 0 0 1 1 1 1 0 1 1 1 1 1 0 1 1 0 0 1 1 1 1 1 0]
At 25601/30000: COST 0.573/0.827(0.542) -- Acc 0.670/0.540(0.737)
[1 1 1 1 1 1 0 1 1 0 0 1 0 0 0 1 1 1 1 0 1 0 1 0 1 1 1 1 1 0 0 1 1 1 1 0 1
 1 1 1 1 1 0 0 0 0 1 1 0 0 0 1 0 1 1 1 0 0 1 1 1 1 1 1 1 1 1 1 0 0 0 1 1 0
 0 1 1 1 1 0 0 1 1 1 1 1 1 1 0 1 1 1 1 0 0 1 1 1 1 1]
At 25701/30000: COST 0.533/0.955(0.542) -- Acc 0.730/0.490(0.739)
[1 1 1 1 1 0 1 1 1 0 1 0 1 1 1 1 1 0 1 1 1 1 1 0 1 1 1 1 1 1 0 1 1 0 1 1 1
 0 1 1 1 1 0 0 1 0 0 1 1 1 0 1 0 1 0 0 1 0 0 1 1 0 0 1 0 1 0 1 1 0 1 1 1 1
 1 1 1 1 0 1 1 1 0 1 0 1 0 1 0 0 1 1 0 0 0 0 1 0 0 1]
At 25801/30000: COST 0.531/0.920(0.549) -- Acc 0.710/0.480(0.733)
[1 1 1 1 1 1 1 0 0 1 1 0 1 1 1 1 1 1 0 0 1 0 1 1 1 1 0 1 0 1 1 0 0 1 1 0 1
 1 0 0 1 0 1 0 1 0 1 0 1 1 0 1 0 0 1 1 1 1 1 0 1 0 1 1 1 0 1 1 1 0 1 1 1 1
 0 1 0 0 0 1 0 1 0 1 0 1 1 1 1 1 1 1 1 1 1 1 1 1 0 1]
At 25901/30000: COST 0.545/0.937(0.550) -- Acc 0.730/0.450(0.734)
[0 1 1 1 1 1 0 1 0 1 1 1 1 0 1 1 0 0 1 1 0 1 0 0 1 1 0 0 1 1 1 0 1 0 1 0 0
 1 0 1 1 1 1 0 1 1 1 1 1 0 0 1 1 1 1 0 0 1 0 1 1 1 1 0 0 1 1 1 0 1 1 1 1 1
 1 1 0 1 0 1 1 0 1 0 0 1 0 0 1 1 0 1 1 1 1 1 1 1 1 1]
At 26001/30000: COST 0.465/0.960(0.529) -- Acc 0.810/0.460(0.751)
[0 0 0 0 1 1 1 1 1 0 1 1 1 1 0 0 0 1 1 0 1 0 1 0 1 1 1 1 1 0 1 1 1 0 1 1 1
 1 0 1 1 1 0 1 1 0 1 1 0 0 1 0 1 0 1 1 0 1 1 1 1 0 1 1 0 0 1 0 1 1 1 1 1 0
 1 1 1 1 1 1 1 1 0 0 0 0 0 0 1 0 1 1 1 1 0 1 0 0 1 1]
At 26101/30000: COST 0.499/0.918(0.531) -- Acc 0.770/0.490(0.748)
[0 1 1 0 1 1 0 1 1 1 1 1 0 1 0 0 1 1 0 0 1 1 0 0 1 0 0 1 1 1 0 1 1 1 1 0 1
 1 0 1 0 1 0 1 0 0 1 0 0 1 1 1 1 1 1 1 0 0 1 1 1 1 1 1 1 1 1 0 1 0 1 1 1 1
 0 1 1 1 1 0 1 0 1 0 0 1 0 1 0 1 0 0 1 1 1 1 0 1 1 0]
At 26201/30000: COST 0.543/0.928(0.530) -- Acc 0.750/0.510(0.748)
[1 1 0 0 1 0 1 0 1 1 1 0 0 1 1 1 1 1 0 0 1 1 0 1 1 0 0 0 1 1 0 1 1 1 0 0 1
 1 0 1 1 1 1 0 0 1 1 1 1 0 1 0 0 0 0 0 0 1 0 0 0 1 1 0 1 1 0 0 1 0 1 0 1 0
 1 1 0 1 0 1 0 1 1 0 1 1 1 1 0 1 1 1 1 0 0 0 1 1 1 1]
At 26301/30000: COST 0.617/0.787(0.551) -- Acc 0.670/0.550(0.731)
[0 0 1 1 0 0 1 0 0 1 1 0 0 1 0 1 0 1 1 1 1 0 1 0 1 1 0 1 1 0 0 1 0 0 1 1 0
 1 1 1 0 1 1 1 1 0 1 1 0 0 0 1 1 1 0 0 0 1 1 1 1 0 1 1 1 1 0 0 0 1 1 1 0 1
 0 0 1 1 1 1 1 1 0 1 1 1 1 1 0 0 1 1 1 1 0 1 1 0 1 0]
At 26401/30000: COST 0.600/0.845(0.582) -- Acc 0.690/0.440(0.700)
[1 0 1 1 1 0 1 1 1 1 1 1 1 0 1 0 0 1 1 1 1 1 1 1 0 0 1 1 1 1 0 1 1 1 1 1 1
 1 1 0 1 0 0 0 1 1 1 1 1 0 0 0 0 0 1 1 1 0 0 1 0 1 0 0 1 1 0 1 1 1 1 1 1 1
 1 0 1 0 1 0 0 0 0 1 1 0 1 0 1 0 0 1 0 0 1 1 0 1 0 1]
At 26501/30000: COST 0.601/0.891(0.582) -- Acc 0.680/0.440(0.703)
[0 1 1 0 1 0 0 1 0 1 0 1 0 1 0 0 0 1 1 1 1 1 1 0 1 1 1 1 1 1 1 1 1 0 0 1 1
 0 1 0 0 1 1 1 1 1 1 1 1 1 0 1 1 1 1 1 1 1 1 1 1 1 1 1 0 1 1 0 1 0 0 1 1 1
 0 0 1 1 0 1 1 0 0 1 1 1 0 1 0 1 1 1 1 1 1 0 1 1 0 1]
At 26601/30000: COST 0.641/0.846(0.601) -- Acc 0.640/0.490(0.683)
[1 1 1 1 1 0 1 1 1 1 0 1 1 0 0 1 0 1 0 0 0 1 0 1 1 0 1 1 1 1 1 1 0 1 0 1 1
 1 1 1 0 1 0 1 0 1 1 1 0 1 1 0 1 1 0 1 0 0 0 1 1 0 0 0 1 1 0 1 1 1 1 0 1 1
 1 1 1 0 1 1 1 1 0 1 1 1 1 1 1 1 0 1 1 1 1 1 1 0 1 1]
At 26701/30000: COST 0.702/0.848(0.616) -- Acc 0.570/0.390(0.666)
[1 1 1 1 1 1 1 1 0 1 1 1 1 1 1 1 1 1 1 1 1 0 1 1 0 1 1 1 1 0 1 0 1 1 1 0 0
 0 0 1 1 1 1 1 1 1 1 1 1 1 0 1 1 1 1 1 1 1 1 1 1 0 0 1 0 1 1 1 1 0 1 0 1 0
 0 1 0 1 1 1 0 1 1 1 1 1 1 1 1 1 0 1 0 1 1 1 1 0 1 1]
At 26801/30000: COST 0.696/0.862(0.625) -- Acc 0.550/0.430(0.658)
[1 0 1 1 1 1 0 1 1 1 1 1 1 1 1 1 1 1 1 1 1 0 1 1 1 1 1 1 1 1 1 0 1 1 1 1 1
 0 1 0 1 1 0 0 1 1 1 1 1 1 1 0 1 1 1 1 1 1 1 0 1 1 1 1 1 0 1 1 1 1 0 0 0 1
 1 1 1 0 1 1 1 1 1 0 0 1 0 1 1 1 1 0 1 1 1 0 1 0 1 1]
At 26901/30000: COST 0.681/0.864(0.626) -- Acc 0.590/0.440(0.656)
[1 0 1 1 1 1 0 1 1 1 0 1 1 0 1 1 1 1 1 1 1 1 1 0 1 1 1 0 0 1 0 1 1 1 1 1 1
 1 1 0 1 1 1 1 1 0 1 1 1 1 1 0 1 1 1 0 1 1 1 1 0 1 1 1 0 1 1 1 1 1 1 1 0 1
 1 0 1 1 0 1 0 0 0 1 1 1 1 1 1 1 0 1 0 0 1 1 1 1 1 1]
At 27001/30000: COST 0.688/0.874(0.624) -- Acc 0.590/0.440(0.655)
[1 1 1 0 1 1 1 1 0 0 1 1 0 1 1 0 1 1 1 1 1 1 1 1 1 1 1 1 0 1 1 1 1 1 1 1 1
 0 1 1 1 0 1 1 1 1 1 1 1 1 1 0 1 1 1 1 1 1 0 1 0 1 1 1 1 0 0 1 1 0 1 1 1 1
 0 1 1 1 0 1 1 1 1 1 0 1 1 1 1 1 0 1 0 0 1 1 0 0 1 1]
At 27101/30000: COST 0.679/0.888(0.615) -- Acc 0.590/0.450(0.668)
[0 0 1 1 1 0 0 1 1 1 1 0 1 1 1 1 1 0 1 1 1 0 1 1 0 1 1 1 1 1 1 1 1 1 1 1 1
 1 1 1 1 0 1 0 1 1 1 1 0 1 1 1 1 1 1 1 0 1 1 1 1 1 1 0 0 1 1 1 1 0 1 1 0 0
 1 0 1 1 1 0 1 1 1 1 1 0 0 0 1 0 1 1 1 1 0 1 1 1 1 1]
At 27201/30000: COST 0.662/0.831(0.611) -- Acc 0.650/0.530(0.674)
[1 1 1 1 1 1 0 0 1 1 1 1 1 0 0 0 1 0 1 1 1 1 1 1 0 1 1 1 1 1 1 1 1 1 0 1 1
 1 1 0 1 0 1 1 0 0 1 1 1 0 0 0 1 0 1 1 1 1 0 1 1 1 1 1 1 1 0 1 1 1 1 1 1 0
 1 0 0 1 1 0 1 1 0 1 1 1 1 1 1 1 0 0 1 1 0 1 0 0 1 0]
At 27301/30000: COST 0.616/0.821(0.617) -- Acc 0.690/0.480(0.668)
[1 1 1 1 1 1 1 1 1 1 1 1 1 1 1 1 0 1 1 1 1 1 1 1 1 1 1 1 1 1 1 1 0 1 0 0 1
 1 1 1 1 1 1 1 1 1 1 1 0 1 1 0 1 1 1 1 1 1 0 0 0 0 1 1 0 0 1 1 1 1 1 1 1 0
 1 1 1 1 1 1 0 1 1 1 1 1 1 1 0 0 1 0 1 0 0 1 0 1 1 1]
At 27401/30000: COST 0.598/0.844(0.618) -- Acc 0.630/0.450(0.667)
[1 1 1 1 1 1 0 1 0 1 1 1 1 0 0 0 0 1 1 1 1 0 1 1 1 1 1 1 1 1 0 1 0 1 1 1 1
 0 1 1 0 1 1 1 1 1 1 1 0 1 1 1 1 1 1 0 0 1 1 1 1 1 1 1 0 1 1 1 1 1 1 0 1 1
 1 1 1 1 0 1 0 1 1 0 1 0 1 1 1 1 1 0 0 0 1 0 1 1 1 0]
At 27501/30000: COST 0.594/0.766(0.617) -- Acc 0.680/0.520(0.669)
[1 1 1 1 1 1 1 1 1 0 1 1 1 0 1 1 0 0 1 0 1 1 1 1 0 1 1 1 1 1 1 1 1 1 1 1 1
 0 1 1 1 1 1 1 1 1 1 1 1 1 1 1 1 1 0 1 1 1 1 1 0 1 1 0 1 1 1 0 1 0 1 0 1 1
 0 1 1 0 1 1 1 1 1 1 1 1 1 1 1 1 1 1 1 1 1 1 1 1 1 1]
At 27601/30000: COST 0.597/0.849(0.621) -- Acc 0.710/0.480(0.665)
[0 1 1 1 1 1 0 1 1 1 1 1 1 1 0 0 1 1 0 1 1 1 1 1 0 1 1 1 0 0 0 1 0 1 0 1 1
 1 1 1 1 1 0 1 0 0 0 1 1 1 1 0 1 1 1 0 1 1 1 1 1 1 1 1 1 1 1 1 1 1 1 1 1 1
 1 0 1 1 1 0 1 1 0 1 1 1 1 1 1 1 1 0 1 1 1 1 0 1 1 1]
At 27701/30000: COST 0.608/0.773(0.627) -- Acc 0.650/0.470(0.658)
[1 1 1 1 1 1 1 1 0 1 1 0 1 1 1 1 1 1 0 1 1 0 1 1 0 1 1 1 1 1 1 1 1 1 1 1 1
 1 1 1 1 1 1 1 1 1 1 1 1 1 1 0 1 1 1 1 1 1 1 1 1 0 1 0 1 1 1 1 1 1 1 1 1 1
 1 1 1 1 1 1 1 1 1 0 1 1 0 1 1 1 1 1 1 1 1 1 0 1 0 1]
At 27801/30000: COST 0.634/0.737(0.639) -- Acc 0.640/0.470(0.644)
[1 1 1 0 1 1 1 1 1 1 1 1 1 1 1 1 1 0 1 1 1 1 1 1 1 1 1 1 1 0 0 1 1 1 1 1 1
 0 1 0 1 1 1 1 1 1 1 1 0 1 1 1 0 1 1 1 1 1 1 1 1 1 0 1 0 1 1 1 1 1 1 1 1 1
 1 1 1 0 1 0 1 1 1 1 1 1 1 0 1 1 1 1 0 1 1 0 1 1 1 1]
At 27901/30000: COST 0.656/0.786(0.643) -- Acc 0.620/0.460(0.638)
[1 1 1 0 0 1 1 1 1 1 1 1 1 1 0 1 1 1 1 0 0 0 1 1 1 1 1 1 1 0 1 1 1 1 1 1 1
 1 1 1 1 1 1 1 1 1 1 1 1 1 1 1 1 0 1 1 1 1 1 1 0 1 1 1 1 1 1 1 1 1 1 1 1 1
 0 1 1 1 1 1 1 1 1 0 1 1 1 1 0 1 1 1 1 1 1 1 1 1 1 1]
At 28001/30000: COST 0.681/0.775(0.653) -- Acc 0.550/0.430(0.623)
[1 1 1 1 1 1 1 1 1 1 1 1 1 1 1 0 1 0 1 1 1 1 1 0 1 1 1 1 1 1 0 0 0 1 1 1 1
 0 1 1 1 0 1 1 1 1 1 1 1 0 1 1 1 1 1 0 1 0 1 1 1 1 1 0 1 1 1 1 1 1 1 1 1 1
 0 1 1 1 1 1 1 0 1 1 1 1 1 1 0 1 1 1 1 1 1 1 1 0 0 0]
At 28101/30000: COST 0.651/0.754(0.652) -- Acc 0.600/0.490(0.625)
[1 1 1 1 1 1 1 0 0 1 1 1 1 1 1 1 0 1 1 1 0 1 1 1 1 1 1 1 1 1 1 1 0 1 0 1 1
 1 1 0 0 1 0 1 1 1 1 0 0 1 1 0 1 1 1 0 0 0 1 1 1 1 1 1 0 1 1 1 0 1 1 1 0 1
 1 0 1 1 1 1 1 1 1 1 1 1 1 1 1 1 1 1 1 1 1 0 1 1 1 1]
At 28201/30000: COST 0.661/0.743(0.658) -- Acc 0.610/0.470(0.620)
[1 0 1 1 1 1 1 1 1 1 1 1 1 1 0 1 1 1 0 1 1 1 0 0 1 1 1 1 1 1 0 0 1 1 1 1 1
 1 1 0 1 1 0 1 1 1 1 1 1 1 1 1 1 1 1 1 1 1 1 1 1 1 1 1 1 1 1 1 1 1 1 1 1 0
 1 1 0 1 0 0 1 1 0 1 1 0 1 1 1 1 0 1 1 1 1 1 1 1 1 1]
At 28301/30000: COST 0.628/0.751(0.659) -- Acc 0.670/0.490(0.618)
[0 1 1 1 0 1 1 1 1 1 1 1 1 0 1 1 1 1 1 1 1 1 0 0 1 1 1 1 1 1 0 1 1 1 0 1 1
 1 1 1 1 0 1 1 0 1 1 1 1 1 1 0 1 0 1 1 1 0 1 1 1 1 1 1 1 0 1 1 1 1 0 1 1 1
 1 0 1 1 0 1 1 1 1 0 1 1 1 1 1 0 0 1 1 1 0 0 1 1 1 1]
At 28401/30000: COST 0.632/0.755(0.654) -- Acc 0.660/0.500(0.620)
[1 0 1 1 1 1 1 1 1 1 1 1 1 1 1 1 1 0 1 1 0 1 0 1 0 1 0 1 0 0 0 1 1 1 1 1 0
 1 1 1 1 1 1 0 1 1 1 0 1 1 1 1 1 1 1 1 1 1 1 1 1 1 1 1 1 1 1 1 0 1 1 1 1 1
 1 1 1 1 1 1 0 1 1 1 1 1 1 1 1 1 1 1 1 1 1 1 1 1 0 1]
At 28501/30000: COST 0.649/0.835(0.651) -- Acc 0.650/0.420(0.624)
[0 1 1 1 0 1 1 1 0 1 1 1 0 1 1 1 1 0 1 1 1 1 1 0 1 0 1 1 1 1 1 1 0 1 0 1 1
 0 1 0 1 1 1 1 1 1 1 1 1 1 1 1 1 1 1 0 0 1 1 0 1 1 1 1 1 1 1 1 1 1 1 0 1 1
 1 1 1 1 1 0 1 1 0 1 1 1 1 1 1 0 1 0 1 1 1 0 1 0 1 1]
At 28601/30000: COST 0.647/0.814(0.646) -- Acc 0.570/0.420(0.631)
[1 1 1 1 1 1 1 1 1 1 1 0 1 1 1 1 0 1 0 1 1 1 1 1 1 1 1 1 0 1 1 1 0 1 1 1 1
 0 0 0 0 1 1 1 0 1 1 1 1 0 0 1 1 1 1 1 1 1 1 1 0 1 1 1 1 1 1 1 1 1 1 1 1 1
 1 0 1 1 1 1 0 1 1 1 0 0 1 1 1 0 1 1 1 0 1 1 1 1 1 1]
At 28701/30000: COST 0.615/0.901(0.643) -- Acc 0.670/0.420(0.635)
[0 0 1 0 1 1 1 1 1 1 1 1 1 0 0 1 1 1 0 1 1 1 1 1 1 1 1 1 1 0 1 1 1 1 1 1 1
 0 1 0 1 1 1 1 1 1 1 0 1 1 1 1 0 1 0 1 1 1 1 1 0 1 1 1 0 0 1 1 1 1 1 1 0 0
 1 1 0 0 1 1 1 1 1 1 1 1 1 1 1 1 1 1 1 0 1 1 1 1 1 1]
At 28801/30000: COST 0.589/0.793(0.647) -- Acc 0.720/0.510(0.628)
[0 0 1 1 0 1 1 1 0 1 1 1 0 1 1 0 1 1 1 1 1 1 0 1 0 1 1 1 1 1 1 0 1 1 1 1 1
 1 1 1 1 1 0 0 0 1 1 0 1 1 1 0 0 1 1 1 0 1 1 1 1 1 1 0 1 1 1 0 1 1 0 1 0 1
 1 1 1 1 0 1 1 1 0 1 1 0 1 1 1 1 1 1 1 1 1 1 1 0 1 1]
At 28901/30000: COST 0.645/0.782(0.641) -- Acc 0.580/0.490(0.636)
[1 1 1 0 1 1 1 1 1 1 1 1 1 1 1 1 1 1 0 1 1 0 1 0 1 1 0 1 0 1 1 1 0 1 0 1 0
 1 1 1 1 1 1 0 1 0 0 0 1 0 1 0 1 1 1 1 1 1 1 0 1 1 1 0 1 1 1 1 1 1 1 1 1 1
 1 0 1 0 1 1 1 1 1 1 1 1 1 1 1 1 1 1 1 1 0 0 1 0 1 1]
At 29001/30000: COST 0.625/0.831(0.644) -- Acc 0.680/0.410(0.631)
[1 1 1 1 1 1 0 1 1 1 1 1 1 1 0 1 1 1 1 1 1 0 1 1 0 1 1 1 1 0 1 1 1 0 0 1 1
 1 1 0 1 1 1 1 1 0 0 1 1 0 1 1 1 0 1 1 1 1 0 1 0 1 0 1 0 1 1 1 1 1 1 1 1 1
 1 1 1 1 0 1 1 1 1 1 1 1 1 1 1 0 1 0 1 1 1 1 1 0 1 1]
At 29101/30000: COST 0.614/0.752(0.651) -- Acc 0.630/0.490(0.626)
[1 1 1 1 1 0 1 1 1 1 0 1 0 1 1 1 1 1 1 1 0 1 1 1 1 1 1 0 1 1 1 1 1 0 1 1 1
 1 0 1 1 1 1 0 1 1 1 1 0 0 1 1 1 1 1 1 1 0 1 0 0 1 1 0 1 1 1 1 0 0 0 1 1 0
 1 1 1 0 1 0 1 1 1 1 0 1 1 0 1 1 0 1 0 1 1 1 1 1 1 0]
At 29201/30000: COST 0.633/0.810(0.654) -- Acc 0.720/0.380(0.624)
[1 1 1 1 1 1 1 1 0 1 0 1 1 1 1 1 1 1 1 0 1 1 1 1 1 0 1 0 0 1 1 1 1 1 1 0 1
 1 1 1 1 1 0 0 1 1 1 1 1 1 1 1 1 1 1 1 1 1 0 0 1 1 0 1 1 0 1 1 1 0 1 1 1 1
 1 1 1 0 0 0 0 1 1 1 1 1 1 0 1 1 0 1 0 1 1 1 1 1 1 1]
At 29301/30000: COST 0.665/0.762(0.659) -- Acc 0.600/0.460(0.612)
[1 1 1 0 1 1 1 1 1 1 1 0 1 1 1 1 1 1 1 1 0 1 1 0 1 1 0 1 1 0 1 1 0 0 1 1 1
 1 1 1 0 1 1 0 1 1 1 1 1 1 1 1 0 1 0 1 1 0 1 1 0 1 1 1 1 0 1 1 1 0 1 0 1 1
 1 0 1 0 1 1 1 1 1 1 1 1 0 0 0 0 0 1 1 1 1 1 1 0 0 1]
At 29401/30000: COST 0.682/0.733(0.671) -- Acc 0.540/0.430(0.588)
[1 1 1 0 1 1 1 1 1 1 1 0 1 1 1 0 1 1 0 0 1 1 0 1 0 1 0 0 1 0 1 1 0 1 1 1 1
 0 1 1 1 1 1 1 1 0 1 1 1 1 1 1 1 0 1 1 1 1 0 1 1 1 1 1 0 0 1 0 1 0 0 1 0 1
 0 1 0 1 1 1 0 0 0 1 1 1 1 0 1 0 1 1 0 1 1 1 1 0 0 0]
At 29501/30000: COST 0.682/0.766(0.675) -- Acc 0.620/0.450(0.580)
[1 0 1 1 1 1 1 1 1 0 1 0 1 1 1 1 1 1 0 1 1 1 1 0 1 1 1 1 1 1 1 0 0 1 1 0 1
 0 1 1 0 1 1 1 1 1 1 1 1 1 0 0 0 1 0 1 0 1 1 1 0 0 0 1 1 1 0 1 0 1 0 1 1 1
 1 1 0 0 1 1 1 1 1 0 1 1 1 0 1 1 0 1 1 1 0 1 1 1 0 0]
At 29601/30000: COST 0.662/0.759(0.673) -- Acc 0.610/0.440(0.585)
[0 1 1 1 0 1 1 1 1 1 0 0 0 1 1 1 1 1 1 0 1 0 1 1 0 0 1 1 1 1 1 1 0 0 0 1 1
 1 1 0 1 1 1 1 1 1 1 1 0 0 1 1 0 1 1 1 0 0 1 1 0 0 1 1 1 0 1 1 0 1 1 1 0 1
 0 1 1 1 1 1 1 0 1 1 1 0 1 1 1 1 1 1 1 0 1 0 1 0 0 1]
At 29701/30000: COST 0.642/0.751(0.670) -- Acc 0.620/0.470(0.589)
[0 1 1 0 0 1 1 0 1 1 1 1 0 1 1 0 1 1 0 0 1 1 1 1 1 1 1 1 0 0 1 0 0 0 1 0 1
 0 1 1 1 0 0 1 1 1 0 1 1 1 1 0 1 1 1 1 0 0 1 1 1 1 0 1 1 1 1 1 1 0 1 0 1 0
 1 0 1 0 1 0 0 1 1 1 1 1 1 1 1 1 1 0 0 1 1 1 0 1 1 0]
At 29801/30000: COST 0.601/0.771(0.662) -- Acc 0.700/0.500(0.606)
[1 1 1 1 0 1 0 1 1 1 1 1 1 1 1 0 1 0 1 0 1 1 1 0 1 1 1 0 1 1 1 1 1 1 1 1 1
 1 1 1 1 1 1 0 0 1 1 1 0 1 1 1 1 1 1 1 1 0 0 0 0 1 1 0 0 1 1 1 1 1 1 1 1 1
 1 0 1 0 0 1 0 1 1 1 1 0 1 0 0 1 0 0 1 0 0 1 1 1 0 1]
At 29901/30000: COST 0.671/0.768(0.664) -- Acc 0.560/0.530(0.600)
