time:0
[1 0 1 0 0 1 1 0 1 0 0 0 1 1 0 0 0 0 0 0 1 1 0 0 0 1 0 1 0 1 1 0 0 1 0 1 0
 0 1 1 0 1 0 0 1 1 1 1 1 1 0 0 0 1 1 0 1 1 0 1 1 1 1 1 1 0 1 1 0 1 1 1 1 1
 1 1 1 1 1 0 0 1 1 0 1 0 1 1 1 0 0 1 1 0 1 0 1 0 0 0]
time:1
[1 1 1 1 0 1 1 0 0 0 0 1 0 1 0 0 1 0 0 1 1 0 0 0 1 1 0 0 0 1 1 1 1 1 0 1 0
 0 1 1 1 0 0 0 1 1 0 1 1 0 0 1 1 1 1 0 0 1 0 1 1 0 0 1 0 0 1 1 0 1 1 0 1 1
 1 0 1 1 0 1 0 0 1 0 1 0 1 1 0 0 0 0 0 1 1 0 1 1 0 0]
time:2
[1 0 1 0 1 1 1 0 0 1 1 0 1 1 1 0 0 0 0 0 1 1 1 0 1 1 0 0 0 1 1 1 1 1 0 0 0
 1 1 1 0 1 0 1 1 1 0 1 1 0 0 0 1 1 1 0 1 1 0 0 0 1 0 1 0 1 1 1 1 1 0 1 1 0
 1 1 1 1 1 1 1 1 0 0 1 0 1 1 0 1 0 1 0 0 1 0 1 1 0 0]
time:3
[0 1 1 0 0 1 1 0 0 1 0 0 0 1 0 0 1 0 0 1 1 1 0 0 1 1 0 1 0 1 1 0 1 1 0 0 0
 0 1 1 1 0 0 0 1 1 0 0 1 0 0 0 1 1 1 1 1 0 0 1 0 1 0 0 0 1 1 1 0 1 1 0 0 1
 1 1 1 1 0 1 0 1 1 0 1 0 1 1 0 0 0 1 0 1 1 0 1 1 0 0]
time:4
[1 1 0 0 0 0 1 0 0 0 0 1 1 1 0 1 0 0 0 0 1 1 0 0 1 1 0 1 0 1 1 0 1 1 0 1 0
 1 1 1 1 0 0 0 1 1 0 1 1 0 1 0 1 1 1 1 1 1 0 0 1 1 1 1 0 1 1 1 0 0 0 1 1 1
 1 1 0 1 1 1 0 1 1 1 1 0 1 1 0 0 0 1 0 1 1 0 1 1 0 0]
time:5
[0 1 1 0 0 1 0 0 0 1 1 0 0 1 0 0 0 0 0 0 1 1 1 0 1 1 0 0 1 1 1 1 1 1 1 0 0
 1 1 1 0 1 0 0 1 1 0 0 1 0 0 0 1 1 1 1 0 1 0 0 0 1 1 1 0 1 1 1 0 0 1 1 1 1
 0 1 1 1 0 1 0 1 0 1 1 0 1 0 1 0 0 1 0 1 1 0 0 1 0 0]
time:6
[0 1 1 0 1 1 1 0 0 1 0 1 1 0 0 0 0 0 0 1 1 1 0 0 1 1 1 0 0 1 1 0 1 1 0 0 0
 0 1 1 1 1 0 1 1 1 0 0 1 0 0 1 0 1 1 0 0 0 0 0 0 0 1 0 0 0 1 1 0 1 0 0 0 0
 1 1 0 1 0 1 0 1 0 0 1 0 1 1 1 0 0 1 0 1 1 0 1 1 0 0]
time:7
[0 1 1 1 0 1 1 0 1 1 0 0 0 1 0 0 1 0 0 1 1 0 1 1 1 1 0 0 0 1 1 1 1 1 0 1 0
 1 1 1 0 1 0 0 1 1 1 0 1 1 0 0 1 1 0 1 0 1 0 1 1 0 1 1 0 0 1 1 0 1 1 0 1 1
 1 1 0 1 1 1 0 1 0 0 1 0 1 1 1 0 0 1 0 1 1 0 0 1 0 0]
time:8
[1 1 0 0 1 1 1 0 0 1 0 0 1 1 0 0 0 0 0 1 1 0 1 1 1 1 1 0 0 1 1 1 0 1 0 0 0
 0 1 1 1 0 0 0 1 1 0 0 1 0 1 1 1 1 1 0 1 1 0 1 1 1 1 0 1 1 1 1 0 0 0 0 1 1
 1 1 1 1 0 1 0 1 1 0 1 0 1 1 0 0 1 1 1 1 1 0 0 1 0 0]
time:9
[0 0 1 0 0 1 0 0 0 0 0 1 1 1 0 0 0 0 0 1 1 1 0 0 1 1 0 1 0 1 1 1 1 1 0 0 0
 1 1 1 1 1 0 0 1 1 1 1 1 0 0 1 1 1 1 1 0 1 0 0 0 1 1 1 1 1 1 1 0 1 0 0 0 1
 1 1 1 1 1 1 0 1 0 0 1 1 1 1 0 0 0 1 0 1 0 0 1 1 0 0]
time:10
[1 0 1 1 0 1 1 0 0 1 1 1 1 1 0 0 0 1 0 1 1 1 1 1 1 1 0 0 0 1 1 0 1 1 0 1 0
 0 1 1 1 0 0 0 1 1 0 0 0 0 0 1 1 1 1 0 0 1 0 1 1 1 1 1 0 1 1 1 0 0 1 1 0 0
 1 1 1 1 0 1 0 1 1 0 1 0 1 1 0 0 0 1 0 1 1 0 1 1 0 0]
time:11
[1 1 1 0 0 1 1 0 0 0 1 0 0 1 0 1 0 0 0 0 1 1 1 0 1 1 0 1 1 1 1 0 1 1 0 1 0
 1 1 1 1 1 0 0 1 1 0 0 1 0 1 1 1 1 0 0 1 0 1 1 1 1 0 0 1 1 1 1 0 0 0 0 0 1
 1 1 1 1 0 1 0 1 0 0 1 0 1 1 0 0 0 1 1 0 1 0 1 1 0 0]
time:12
[0 1 1 0 1 1 1 0 0 0 1 0 1 1 1 0 0 1 0 1 1 1 0 0 1 1 0 0 1 1 1 1 0 1 0 1 0
 1 1 1 1 0 0 0 1 1 0 1 1 0 0 1 1 1 1 1 0 1 0 0 1 1 1 1 0 0 1 1 0 1 1 0 0 0
 1 1 1 1 0 1 0 1 1 0 1 0 1 1 0 0 1 1 0 1 1 0 1 1 0 0]
time:13
[1 1 0 0 0 1 1 0 0 0 0 0 1 1 0 0 0 1 0 1 1 1 1 0 1 1 0 1 1 1 1 1 0 1 0 0 0
 0 1 1 1 1 0 0 1 1 0 0 1 0 0 1 1 1 1 0 0 0 0 1 1 1 0 1 1 1 1 1 0 0 0 1 1 1
 1 1 0 1 0 1 0 1 0 1 1 0 1 1 0 0 0 1 0 0 1 0 0 1 0 0]
time:14
[1 0 1 0 0 1 1 0 0 1 1 0 1 1 0 0 0 0 0 0 1 1 0 0 1 1 0 0 0 1 1 1 1 1 0 0 0
 0 1 1 1 1 0 0 1 1 0 1 0 0 0 0 1 1 0 0 0 1 0 1 1 0 1 0 0 1 1 1 0 1 1 0 1 1
 1 1 0 1 1 1 0 1 0 1 1 0 1 1 0 0 0 1 0 1 1 0 0 1 0 0]
time:15
[1 1 1 1 0 0 1 0 0 1 0 0 1 1 0 0 1 0 0 1 1 1 0 0 1 1 0 1 0 1 1 1 0 1 0 0 0
 0 1 1 1 1 0 0 1 1 0 1 1 0 0 1 1 1 1 1 1 0 0 0 1 0 1 1 0 1 1 0 0 1 0 1 1 1
 1 1 1 1 1 1 0 1 1 0 1 0 1 1 0 0 0 0 0 1 1 0 0 1 0 0]
time:16
[1 1 0 0 0 0 1 0 0 0 1 1 1 1 0 0 0 0 0 0 1 1 0 0 1 1 0 0 0 1 0 0 1 1 0 0 0
 0 1 1 0 1 0 0 1 1 0 0 1 0 0 1 1 1 0 0 0 0 0 1 1 0 1 1 0 1 1 0 0 1 1 1 1 1
 1 1 0 1 0 1 0 1 1 1 1 0 1 1 0 0 0 1 1 0 1 0 0 1 0 0]
time:17
[0 0 1 0 1 1 0 0 0 1 0 1 1 1 0 1 0 0 0 1 1 1 0 1 1 1 0 1 0 1 1 0 1 1 0 1 0
 1 1 1 1 1 0 0 1 1 0 0 1 0 0 1 1 1 0 1 1 1 0 1 0 1 1 1 0 0 1 1 1 1 1 0 0 0
 1 1 1 1 0 1 0 1 0 0 1 1 1 1 0 0 0 1 0 0 1 0 1 1 0 0]
time:18
[1 0 1 0 0 1 1 0 0 1 0 0 1 1 0 1 1 1 0 1 1 1 0 1 1 1 0 0 0 1 1 0 1 1 0 1 0
 0 1 1 1 1 0 0 1 1 0 0 1 0 0 1 1 1 0 0 0 1 0 0 1 1 1 0 1 0 1 1 0 0 1 1 0 1
 1 1 1 1 0 1 0 1 0 1 1 1 1 1 0 0 0 1 1 0 1 0 0 0 0 0]
time:19
[0 1 1 0 0 1 1 0 0 0 0 1 1 1 0 0 0 0 0 1 1 1 0 1 1 1 0 0 0 1 1 1 1 1 0 1 0
 0 1 1 1 1 0 0 1 1 0 0 1 0 0 0 1 1 1 0 1 1 0 0 1 1 1 1 0 0 0 1 1 0 0 0 0 1
 0 1 1 1 1 1 0 1 0 0 1 0 1 1 1 0 0 0 1 0 1 0 0 1 0 0]
time:20
[0 1 1 1 0 1 1 0 0 0 0 0 0 1 0 0 0 0 0 1 1 1 0 0 1 1 0 0 1 1 1 1 1 1 1 1 0
 0 1 1 1 0 0 1 1 1 0 0 1 0 0 1 1 1 1 0 1 1 1 1 1 0 0 1 1 1 1 1 1 1 0 0 0 1
 1 1 1 1 1 1 0 1 0 1 1 0 1 1 1 0 0 1 0 1 1 0 0 1 0 0]
time:21
[1 1 1 1 0 1 1 0 0 1 1 1 1 1 1 0 0 0 0 1 1 1 0 1 1 1 0 0 0 1 0 0 1 1 1 0 0
 0 1 1 1 0 0 0 1 1 0 1 1 0 0 1 1 1 0 1 1 0 0 1 1 1 1 1 1 1 1 1 0 1 0 0 1 1
 1 1 1 1 0 1 0 1 0 1 1 0 1 1 0 0 0 1 0 1 0 0 0 1 0 0]
time:22
[1 1 1 0 0 1 1 0 0 1 1 1 1 1 0 0 0 0 0 1 1 1 0 0 1 1 0 0 0 1 1 1 1 1 1 0 0
 1 1 1 1 0 0 0 1 1 1 0 0 0 0 1 1 1 0 0 0 1 0 0 1 1 1 1 0 0 1 1 0 1 1 1 1 1
 1 0 0 1 1 1 0 0 0 0 1 1 1 1 1 0 1 1 0 0 1 0 0 1 0 0]
time:23
[0 0 1 1 1 1 1 0 0 0 1 0 1 1 0 1 0 0 0 1 1 1 1 1 0 1 0 0 0 1 1 0 1 1 0 0 0
 1 1 1 0 0 0 0 1 1 0 0 0 0 1 1 1 1 0 1 1 1 0 1 1 1 0 1 1 1 1 1 0 1 1 0 1 1
 1 1 1 1 0 1 0 1 1 1 1 0 1 1 0 0 0 1 1 0 1 0 1 1 0 1]
time:24
[1 1 1 1 1 1 1 0 0 1 0 0 1 1 1 0 0 0 0 1 1 1 0 1 1 1 0 0 0 1 1 1 0 1 0 1 0
 0 1 1 1 0 0 0 1 1 0 1 1 0 0 0 1 1 1 0 0 0 0 0 0 1 1 0 0 0 1 1 0 1 1 0 0 1
 1 0 0 1 1 1 0 0 0 0 1 0 1 1 0 0 1 1 1 0 1 0 0 1 0 0]
time:25
[1 1 1 0 0 1 1 0 0 0 0 1 0 1 0 0 0 0 0 1 0 1 0 0 1 1 0 0 0 1 1 1 1 1 0 0 0
 0 1 0 1 1 0 0 1 1 0 1 1 0 0 1 1 1 1 1 0 0 0 1 1 1 1 0 0 0 1 1 0 1 0 1 0 1
 1 1 1 1 0 0 1 1 0 1 1 1 1 1 0 0 0 1 1 1 1 0 0 1 0 0]
time:26
[1 1 1 1 0 1 1 0 0 1 1 1 1 0 0 0 1 0 0 0 1 0 0 1 1 1 0 0 1 1 1 0 1 1 0 0 0
 0 1 1 1 1 0 0 1 1 0 0 0 0 0 0 1 1 0 0 0 0 0 1 0 1 1 0 0 1 1 1 0 1 0 1 0 1
 1 1 0 1 0 1 0 1 0 1 1 0 1 0 0 0 0 1 0 1 1 0 0 0 0 0]
time:27
[1 1 0 1 0 1 1 0 0 1 0 1 1 1 0 0 1 0 0 0 1 0 0 0 1 1 0 0 1 1 1 1 1 1 0 1 0
 0 0 1 1 0 0 0 0 1 0 1 1 0 0 0 1 1 0 1 1 1 0 1 0 1 1 0 1 0 1 1 0 1 0 0 1 1
 1 1 1 1 1 1 0 1 0 1 1 0 1 1 0 0 0 1 1 0 1 0 0 1 0 0]
time:28
[1 0 1 1 0 1 1 0 0 0 0 1 1 1 1 0 0 0 0 1 1 0 0 0 1 1 0 0 1 1 1 1 1 1 1 0 0
 1 1 1 1 0 1 0 1 1 0 1 0 0 0 1 1 1 1 0 0 1 0 0 0 1 1 0 0 1 1 1 0 0 0 0 1 1
 1 1 1 1 0 1 0 1 0 1 1 1 1 1 1 0 0 1 0 0 1 0 0 1 0 0]
time:29
[0 1 1 0 0 0 1 0 0 1 0 0 1 1 1 0 0 0 0 1 1 1 0 1 1 1 0 1 0 1 1 1 0 1 1 0 0
 0 1 1 1 0 0 0 1 1 1 0 1 1 0 1 1 1 1 1 0 1 0 0 0 1 1 1 0 0 1 1 0 0 1 1 0 1
 1 1 0 1 0 1 0 1 0 0 1 0 1 1 0 0 1 1 0 1 1 0 0 0 0 0]
time:30
[1 1 0 1 0 1 1 0 0 0 0 1 0 1 0 0 0 1 0 1 0 0 1 0 0 1 0 0 1 1 1 0 1 1 0 1 0
 0 1 1 0 0 0 0 1 1 0 1 0 0 0 1 0 1 0 0 1 0 1 1 1 0 1 1 1 1 1 1 0 1 0 0 1 1
 0 1 1 1 1 1 0 1 1 0 1 0 1 1 1 0 1 1 1 1 1 0 0 1 0 0]
time:31
[1 1 1 1 1 1 1 0 0 1 1 1 1 1 0 0 0 0 0 1 1 0 0 0 1 1 0 0 0 1 1 0 1 1 0 1 0
 1 1 1 0 1 0 0 1 1 0 1 1 0 0 0 0 0 1 0 1 1 0 1 1 0 1 0 1 1 1 1 0 1 0 1 1 1
 1 1 0 1 1 1 0 1 0 0 1 0 1 1 0 0 0 0 1 1 1 0 0 1 0 0]
time:32
[0 1 0 1 0 1 1 0 0 1 0 0 1 1 0 0 1 1 0 0 1 1 0 1 0 1 0 1 0 0 1 1 1 1 0 0 0
 0 1 1 1 0 0 0 1 1 0 1 1 1 0 1 1 1 0 1 1 0 0 1 0 0 1 1 1 0 1 1 0 0 0 0 1 1
 1 1 1 1 1 0 0 0 1 1 1 0 1 1 1 0 1 1 0 0 1 0 0 1 0 0]
time:33
[1 1 1 0 0 1 1 0 0 1 0 1 0 1 0 0 0 1 0 0 1 0 0 0 1 1 1 0 0 1 1 1 0 1 0 1 0
 1 0 1 0 1 0 0 1 1 1 0 1 0 0 0 1 1 1 1 0 1 0 1 1 1 1 1 1 1 1 1 1 1 1 0 1 1
 0 1 1 1 0 1 0 1 1 1 1 0 1 1 0 0 1 1 1 0 1 0 0 1 0 0]
time:34
[0 1 1 1 0 1 1 0 0 1 1 0 1 1 0 0 0 0 1 1 1 1 0 0 1 1 0 0 0 1 1 1 0 1 0 0 0
 1 1 1 1 1 0 0 1 0 0 0 1 0 0 1 0 1 1 0 1 1 0 0 0 1 1 1 1 0 1 0 0 1 0 1 1 0
 1 0 0 1 1 1 0 1 1 0 1 0 1 1 0 0 0 1 0 0 1 0 1 1 0 0]
time:35
[1 0 1 1 0 1 1 0 0 0 1 1 1 1 0 0 0 0 0 1 0 1 1 1 1 1 0 1 0 1 0 1 1 1 0 1 0
 1 1 1 1 0 0 0 1 1 0 1 1 0 0 1 1 1 0 1 0 1 0 1 1 0 1 0 1 1 1 1 1 0 1 0 0 1
 1 0 0 1 1 1 0 1 1 1 1 0 1 1 1 0 1 1 1 0 1 0 0 1 0 0]
time:36
[1 1 1 1 0 0 1 0 0 0 0 0 1 1 0 0 0 0 0 1 1 1 1 1 1 1 0 1 0 1 1 1 1 1 0 1 0
 0 1 1 1 0 0 1 1 0 1 1 0 0 0 1 1 1 1 0 1 1 0 1 1 1 1 0 0 1 1 0 1 0 1 1 0 1
 1 1 1 1 1 1 0 0 1 1 1 0 1 1 1 0 0 1 0 1 0 0 0 1 0 0]
time:37
[0 1 1 0 0 1 1 0 0 1 1 1 1 1 0 0 1 1 0 1 1 1 0 1 1 1 0 0 0 1 1 1 1 1 0 0 0
 0 1 1 1 0 0 0 1 1 1 1 0 0 0 1 1 1 0 1 0 1 0 1 1 1 1 0 0 1 1 1 0 1 1 0 0 1
 1 1 1 1 0 1 0 1 0 0 1 1 1 1 0 0 0 1 0 1 1 1 0 0 0 0]
time:38
[0 1 1 0 0 1 1 0 1 0 0 1 1 1 0 0 0 0 0 1 1 1 1 0 1 1 0 0 0 1 1 1 1 1 1 1 0
 1 1 1 1 0 0 0 1 1 0 1 1 1 0 1 0 1 1 1 0 1 0 0 1 1 1 0 1 1 1 1 0 0 1 1 1 1
 1 0 1 1 0 1 0 1 0 1 1 0 1 1 0 0 0 1 0 1 1 0 0 1 0 0]
time:39
[1 1 1 0 1 1 1 0 0 1 1 0 1 1 0 0 1 0 0 1 1 0 1 0 1 1 0 0 0 1 1 0 1 1 0 0 0
 0 1 1 1 0 0 0 1 1 0 0 1 0 0 1 1 1 0 1 0 1 0 1 1 1 1 1 0 0 1 1 1 0 1 0 0 1
 1 1 1 1 1 1 0 1 0 0 1 0 1 1 0 0 0 1 1 0 1 0 0 1 0 0]
time:40
[0 1 1 1 0 1 1 0 0 1 1 0 1 1 0 0 0 0 0 1 1 1 1 1 1 1 0 0 0 1 1 0 1 1 0 0 0
 0 1 1 1 0 0 0 1 1 0 0 1 0 0 1 1 1 0 1 1 1 0 0 1 0 1 1 1 0 1 1 0 0 0 0 0 0
 1 1 0 1 0 1 0 1 0 1 1 0 1 1 0 0 0 1 0 1 1 0 0 1 0 0]
time:41
[1 0 1 0 0 1 1 0 0 0 1 1 1 1 0 0 1 1 0 0 1 1 0 0 1 1 0 0 0 1 0 1 1 1 0 0 0
 0 1 1 0 1 0 0 1 1 0 1 0 0 0 0 1 1 1 1 1 0 0 1 0 0 1 1 1 0 1 1 0 0 0 0 0 1
 1 1 1 1 0 1 0 1 1 0 1 0 1 1 0 0 0 0 0 0 1 0 1 1 0 0]
time:42
[1 0 1 0 0 1 1 0 0 1 0 1 1 1 0 0 0 0 0 1 1 1 0 0 1 0 0 0 1 1 1 0 1 1 0 1 0
 0 1 1 1 0 0 0 1 1 0 0 1 0 0 1 0 1 0 0 0 1 0 1 0 0 1 1 0 1 1 1 0 1 0 0 1 1
 1 1 1 1 1 1 0 1 0 0 1 0 1 1 0 0 0 1 0 0 1 0 0 1 0 0]
time:43
[0 1 1 0 0 1 1 0 0 1 0 0 1 1 0 0 0 0 0 0 1 0 1 0 1 1 0 0 1 1 1 1 1 1 0 1 0
 0 1 1 1 1 0 0 1 1 1 0 1 0 0 1 1 1 1 0 0 1 0 1 1 1 1 0 0 1 1 1 1 1 1 0 0 1
 0 1 1 1 1 1 0 1 0 0 1 0 1 1 0 0 0 1 1 1 1 0 0 1 0 0]
time:44
[1 1 1 1 0 1 1 0 0 0 0 1 1 1 0 0 1 1 0 1 1 0 0 0 1 1 0 0 0 1 1 0 1 1 1 1 1
 1 1 1 0 0 0 1 1 1 0 0 1 0 0 1 1 1 1 1 1 0 0 1 0 1 1 0 0 1 1 1 1 1 1 1 1 0
 1 1 0 1 1 1 0 1 0 0 1 0 1 1 0 0 0 1 1 1 1 0 0 1 0 0]
time:45
[1 1 1 0 0 0 1 0 0 0 1 0 0 1 0 0 0 0 0 1 1 1 1 0 0 1 0 0 0 1 1 1 1 1 0 1 0
 1 1 1 1 1 0 0 1 1 0 0 0 0 0 1 1 1 1 1 0 0 0 1 1 0 1 0 1 1 1 1 0 1 0 0 0 1
 1 1 0 1 1 1 0 1 0 1 1 0 1 1 1 0 1 1 1 0 1 0 0 1 0 0]
time:46
[1 1 0 0 0 0 1 0 0 1 1 0 1 0 0 0 0 1 0 0 1 0 1 1 1 1 0 0 0 1 1 0 1 1 0 0 0
 0 1 1 1 0 0 0 1 1 0 0 1 0 0 0 1 1 0 0 0 1 0 1 1 1 1 1 0 1 1 1 0 0 0 0 0 1
 1 1 0 1 1 1 0 1 0 0 1 0 1 1 0 0 1 1 0 1 0 0 1 1 0 1]
time:47
[0 1 1 1 0 1 1 0 0 0 1 0 1 1 0 0 1 0 0 1 1 1 1 0 1 1 0 0 1 1 1 0 0 1 0 0 0
 1 1 1 1 1 0 0 1 1 0 1 0 0 0 1 1 1 0 1 0 0 0 1 1 0 1 1 0 1 1 1 0 0 1 0 0 1
 1 1 0 1 1 1 0 1 0 1 1 0 1 1 0 0 0 1 0 1 1 0 1 1 0 0]
time:48
[0 1 1 0 0 1 1 0 0 1 1 1 1 1 0 0 0 0 0 0 0 1 1 0 1 1 0 0 0 1 1 1 1 1 0 0 0
 1 1 1 1 1 0 0 1 1 1 0 0 0 0 0 0 0 1 0 0 0 0 0 0 1 1 0 0 1 1 1 0 1 0 0 1 1
 1 0 1 1 1 1 0 1 0 0 1 0 1 0 1 0 0 1 0 0 1 0 1 1 0 0]
time:49
[0 1 1 0 0 1 1 0 0 1 1 1 1 1 0 0 0 1 0 1 1 1 0 0 1 1 0 0 1 1 1 0 1 1 0 0 0
 1 1 0 1 1 0 0 1 1 0 1 1 0 0 1 1 1 1 0 1 0 0 0 1 0 1 1 0 1 1 1 0 1 1 1 1 0
 1 1 1 1 1 1 0 1 0 0 1 0 1 1 0 0 0 1 1 0 0 0 1 1 0 0]
44:1
46:2
47:1
49:3
50:8
51:7
52:3
54:6
55:2
56:12
57:3
58:1
60:1
0.5336
0.00117504
