Train 694 samples in approximately 4322 epochs
Finished computation graph
[0 1 0 0 0 0 0 1 0 0 0 1 1 0 0 1 1 1 1 0 0 0 0 1 0 1 1 0 0 0 1 1 0 0 1 0 1
 1 1 0 0 1 0 0 0 0 1 1 0 0 1 0 0 0 0 0 0 0 0 0 0 0 0 0 0 0 0 0 1 1 0 0 0 1
 0 1 0 1 0 0 0 1 1 0 1 0 0 1 0 0 0 1 0 0 1 0 0 0 0 1]
At     1/30000: COST 0.813/0.716(0.700) -- Acc 0.430/0.460(0.008)
[1 1 1 1 0 0 1 1 0 1 0 1 1 1 1 0 0 1 0 1 1 1 1 1 1 1 1 0 1 1 1 1 1 1 0 1 1
 0 1 1 1 1 0 1 1 1 1 1 0 1 1 0 1 1 1 1 1 1 1 0 1 0 1 1 1 1 0 0 1 1 1 0 1 1
 1 1 0 1 0 1 1 0 1 1 1 1 0 1 0 1 1 1 1 1 0 1 0 1 0 1]
At   101/30000: COST 0.667/0.720(0.685) -- Acc 0.610/0.510(0.371)
[0 1 0 1 0 0 1 1 0 0 1 1 1 1 0 1 0 0 1 0 1 0 1 0 0 1 1 0 0 1 1 0 0 0 0 1 0
 0 1 1 0 0 1 0 1 1 1 1 1 1 0 1 1 1 0 1 1 1 0 1 1 1 1 1 1 0 1 1 1 1 1 1 1 1
 1 0 0 1 0 1 1 1 1 0 1 1 0 1 0 1 1 1 0 0 1 0 0 1 1 0]
At   201/30000: COST 0.485/1.100(0.599) -- Acc 0.780/0.460(0.591)
[0 0 1 1 1 1 0 1 1 0 0 0 1 1 1 0 1 1 1 0 1 1 1 1 0 1 1 1 0 1 1 0 1 0 1 0 0
 1 1 1 1 1 1 1 0 0 0 1 0 1 1 1 0 0 0 1 1 0 1 1 0 0 1 1 0 1 1 1 1 0 1 1 0 1
 0 1 1 1 0 0 1 0 0 1 0 0 1 1 1 1 1 1 1 1 1 0 0 1 0 1]
At   301/30000: COST 0.215/1.572(0.409) -- Acc 0.910/0.480(0.770)
[0 0 0 1 1 1 0 1 1 0 0 0 1 1 0 0 1 1 1 1 0 1 1 1 1 1 0 1 0 0 1 0 1 1 1 1 1
 1 1 0 1 1 1 1 1 0 1 1 1 1 1 1 0 1 0 1 0 0 0 1 0 1 1 0 0 0 0 1 0 0 1 0 1 1
 0 0 0 1 1 1 1 1 0 1 0 1 0 0 0 1 1 1 1 1 0 1 0 0 0 1]
At   401/30000: COST 0.103/2.376(0.221) -- Acc 0.970/0.460(0.893)
[1 1 1 0 0 1 0 1 0 0 1 1 0 0 0 0 1 0 1 0 1 0 1 1 1 1 0 1 1 0 1 0 1 0 1 1 1
 0 1 1 1 1 1 1 0 0 0 0 1 1 1 0 1 0 0 0 0 0 1 0 1 0 0 1 0 1 1 1 0 1 1 0 0 0
 1 1 1 0 1 0 1 0 1 1 1 1 1 0 1 1 0 1 0 1 0 1 0 1 1 1]
At   501/30000: COST 0.043/2.516(0.128) -- Acc 0.990/0.480(0.944)
[1 1 0 0 0 0 1 0 1 0 1 0 0 0 1 1 1 1 0 1 1 1 1 1 0 0 1 1 1 1 0 1 0 1 1 1 0
 0 0 0 0 0 1 1 1 1 1 1 1 0 1 1 1 1 1 0 0 1 0 1 0 1 0 0 1 0 1 1 1 1 0 0 1 1
 0 0 1 1 1 0 0 0 0 0 1 1 0 1 1 0 1 1 0 1 1 1 1 0 0 0]
At   601/30000: COST 0.019/3.101(0.070) -- Acc 1.000/0.420(0.974)
[0 1 0 1 0 1 0 1 1 1 0 0 0 1 1 1 0 1 1 0 0 0 1 1 1 1 0 1 1 0 0 1 1 1 1 1 1
 1 0 0 1 1 1 1 1 0 0 1 1 1 1 0 0 1 0 1 1 1 1 0 0 0 0 1 0 0 0 0 1 1 0 0 0 0
 1 1 0 0 0 0 1 0 1 1 0 0 0 0 0 1 1 1 1 1 0 0 1 1 1 1]
At   701/30000: COST 0.013/3.383(0.038) -- Acc 1.000/0.440(0.987)
[1 0 1 1 0 1 0 0 1 1 1 0 0 1 1 1 1 0 0 1 0 0 0 1 1 1 1 1 1 1 1 0 1 1 1 0 1
 1 0 1 1 1 1 0 0 1 1 0 0 0 1 1 1 0 1 0 0 1 0 1 1 0 1 0 0 0 1 0 1 1 1 1 0 0
 1 0 0 0 1 0 0 0 1 0 0 0 1 1 0 1 1 1 1 1 0 0 0 1 0 0]
At   801/30000: COST 0.007/3.743(0.019) -- Acc 1.000/0.420(0.994)
[1 1 1 1 1 1 1 0 1 0 1 0 0 1 0 1 1 1 0 1 1 1 1 1 1 0 1 1 1 0 1 1 1 0 0 1 1
 1 1 1 1 1 1 0 1 0 0 1 1 1 1 1 0 0 1 0 1 0 1 0 1 1 1 1 0 0 1 1 0 1 1 0 0 0
 0 1 0 1 0 0 0 0 0 1 1 0 0 0 1 0 1 0 0 0 0 1 1 1 1 1]
At   901/30000: COST 0.040/2.497(0.043) -- Acc 0.990/0.520(0.986)
[1 1 1 1 1 1 1 0 0 1 0 1 0 1 1 0 1 1 0 1 1 1 0 1 0 1 0 0 0 0 1 0 0 1 1 1 1
 1 0 1 0 0 0 1 0 0 0 1 0 0 0 1 1 1 1 1 0 0 0 1 1 1 1 0 0 0 0 0 1 1 1 1 0 1
 0 1 1 0 0 1 0 1 1 0 1 1 1 1 1 1 0 0 1 1 1 0 1 0 0 1]
At  1001/30000: COST 0.006/3.210(0.039) -- Acc 1.000/0.460(0.987)
[1 1 1 1 1 1 1 0 0 0 0 0 0 1 1 0 1 1 1 1 0 1 0 1 0 1 0 0 1 1 1 0 0 1 0 1 1
 1 0 0 0 0 0 0 0 1 1 0 1 1 1 1 1 1 1 0 1 1 0 0 0 1 1 0 1 1 1 0 0 0 0 1 0 0
 1 0 1 1 0 1 0 0 0 0 1 0 0 0 0 1 1 0 0 0 0 0 1 0 0 1]
At  1101/30000: COST 0.007/3.455(0.019) -- Acc 1.000/0.480(0.994)
[1 0 0 0 1 1 0 0 1 1 0 1 1 1 1 1 0 0 0 1 1 1 1 1 0 0 1 1 1 1 0 0 1 1 1 1 0
 1 1 0 0 1 0 1 0 1 1 0 1 0 1 1 0 0 1 0 0 1 0 1 0 1 1 0 0 0 0 0 0 0 1 1 0 0
 1 1 0 0 1 0 0 1 1 1 1 1 1 1 0 0 0 0 0 1 1 0 0 0 1 1]
At  1201/30000: COST 0.002/3.918(0.011) -- Acc 1.000/0.480(0.997)
[1 1 1 0 1 0 0 1 1 1 0 0 0 0 0 0 1 0 1 1 0 1 0 1 1 1 0 1 1 0 1 1 0 0 1 0 0
 1 1 1 1 0 1 1 1 1 0 0 1 0 1 1 0 1 0 1 0 0 1 0 0 0 1 1 1 1 1 0 0 0 0 0 1 1
 1 1 1 1 1 1 1 1 0 1 0 1 0 1 0 0 0 1 0 1 0 0 0 1 0 0]
At  1301/30000: COST 0.006/3.973(0.006) -- Acc 1.000/0.450(0.998)
[0 1 0 1 1 1 0 1 0 1 0 1 1 1 1 0 1 0 0 1 0 1 0 1 0 1 0 0 1 0 1 1 0 1 0 1 0
 0 0 0 0 0 1 1 1 0 1 1 1 1 0 1 1 1 0 0 0 0 1 1 0 1 0 1 1 1 1 1 0 0 0 1 1 1
 1 1 1 1 0 1 1 1 0 0 1 1 1 0 1 1 1 1 0 0 0 0 1 0 1 1]
At  1401/30000: COST 0.005/3.894(0.004) -- Acc 1.000/0.470(0.999)
[0 1 0 0 0 1 1 0 1 0 1 0 1 1 0 1 1 0 1 1 0 1 0 1 1 0 0 1 1 1 1 1 1 0 1 0 1
 1 0 1 1 0 1 1 0 0 0 1 1 1 0 1 0 0 0 1 1 1 0 0 1 1 1 1 1 1 0 1 1 1 1 0 0 0
 1 1 0 1 1 0 0 1 0 0 0 1 0 0 0 0 1 0 1 1 1 0 1 1 0 1]
At  1501/30000: COST 0.021/3.970(0.008) -- Acc 0.990/0.460(0.998)
[0 0 0 0 0 1 1 1 0 1 1 1 0 0 1 1 1 1 0 0 1 1 1 0 1 0 1 1 0 0 0 0 0 1 0 1 0
 0 0 1 1 0 1 0 1 1 0 1 1 0 1 0 1 1 0 0 1 1 0 0 0 1 1 1 1 1 1 1 1 1 0 0 1 0
 1 1 1 1 1 1 1 1 0 0 1 1 0 1 1 0 1 1 1 0 0 0 1 1 1 1]
At  1601/30000: COST 0.057/2.896(0.048) -- Acc 0.980/0.500(0.984)
[0 0 1 1 0 1 0 1 0 1 1 0 1 1 0 1 1 0 1 1 1 0 0 0 1 1 1 0 1 0 0 1 1 1 0 0 1
 0 0 1 0 1 0 1 1 1 1 1 1 0 0 1 1 0 1 1 1 1 1 1 1 1 1 1 1 0 1 1 1 1 0 1 1 1
 0 1 1 1 1 1 1 1 0 1 1 1 0 1 1 0 0 1 1 0 1 1 1 0 1 0]
At  1701/30000: COST 0.007/3.581(0.027) -- Acc 1.000/0.480(0.992)
[0 0 0 1 0 1 0 1 1 1 0 1 0 1 0 1 1 1 1 0 0 1 1 1 1 0 1 1 0 1 1 0 1 1 0 1 1
 1 1 1 1 1 0 1 1 1 1 1 1 1 0 0 0 1 1 1 1 1 1 1 1 1 1 1 1 0 1 0 1 0 1 0 1 0
 1 0 1 1 1 1 0 0 0 1 1 0 1 1 1 0 1 1 1 0 0 0 0 1 0 1]
At  1801/30000: COST 0.002/3.675(0.013) -- Acc 1.000/0.450(0.996)
[0 1 1 1 1 1 1 1 1 0 1 1 0 0 1 1 0 1 1 0 0 1 1 0 1 1 1 1 1 1 1 0 1 0 1 0 1
 0 1 0 1 1 1 0 1 1 0 0 1 1 1 1 1 0 0 1 1 1 1 0 1 0 0 1 1 0 0 1 1 0 0 1 1 1
 0 1 1 1 1 1 1 1 1 0 1 0 0 1 1 0 0 1 1 0 0 1 1 1 1 0]
At  1901/30000: COST 0.000/3.837(0.007) -- Acc 1.000/0.450(0.998)
[0 1 0 1 0 0 1 1 1 1 1 1 0 1 1 1 1 1 1 1 1 1 1 1 1 1 1 1 0 1 1 1 0 1 0 1 1
 1 1 1 0 0 0 0 1 1 1 1 1 0 0 1 0 1 0 0 1 0 1 1 1 1 1 0 1 1 0 0 1 0 1 0 1 1
 1 1 0 1 1 1 1 1 1 1 1 1 0 0 0 1 0 0 0 0 1 1 0 0 0 1]
At  2001/30000: COST 0.001/4.041(0.004) -- Acc 1.000/0.450(0.999)
[0 0 1 1 1 1 1 1 0 1 1 1 1 1 1 1 0 1 0 0 0 0 1 1 1 1 0 1 0 1 1 1 1 1 1 1 1
 0 0 0 1 0 1 0 1 0 0 0 1 1 1 0 1 0 0 0 1 1 0 0 1 0 1 1 1 1 1 1 0 1 0 1 1 1
 1 1 0 0 1 0 1 1 1 0 1 1 1 0 0 1 1 0 1 0 0 1 1 1 1 1]
At  2101/30000: COST 0.000/4.105(0.003) -- Acc 1.000/0.470(1.000)
[1 1 0 0 0 1 0 0 0 0 1 1 1 1 1 0 1 0 0 1 1 1 1 1 1 0 1 1 1 0 1 1 1 1 0 1 1
 1 0 1 1 1 1 1 1 0 0 1 1 1 0 0 0 0 0 1 1 1 1 0 1 1 0 1 0 0 1 1 1 1 1 1 1 1
 1 0 1 1 0 1 1 0 1 0 1 1 1 1 1 0 1 1 0 0 0 1 1 1 0 1]
At  2201/30000: COST 0.000/4.244(0.002) -- Acc 1.000/0.450(1.000)
[0 1 0 1 1 0 0 0 1 1 1 1 1 0 0 1 1 1 1 0 1 0 1 0 0 1 1 1 1 0 1 1 1 0 1 0 0
 1 0 1 1 0 1 1 1 1 1 0 1 1 1 1 1 1 1 0 0 0 1 0 0 0 1 0 1 1 1 1 1 1 1 1 0 0
 0 1 1 1 1 1 1 0 1 1 1 1 1 1 1 0 0 1 1 0 1 1 0 1 0 1]
At  2301/30000: COST 0.000/4.311(0.001) -- Acc 1.000/0.470(1.000)
[1 1 0 1 1 0 1 1 0 1 1 1 1 1 1 0 1 1 1 1 1 1 1 1 1 1 1 1 1 1 1 1 0 0 1 1 1
 1 1 1 1 0 0 0 1 1 0 0 0 1 0 1 1 1 1 1 0 1 1 0 1 1 1 1 1 0 1 1 0 0 1 1 1 0
 0 0 1 1 0 0 1 1 0 1 0 0 1 0 1 1 1 1 1 1 0 1 0 0 0 1]
At  2401/30000: COST 0.000/4.431(0.001) -- Acc 1.000/0.480(1.000)
[1 1 1 1 1 0 1 0 1 0 1 1 1 0 1 0 1 1 1 0 1 0 0 1 0 0 0 1 1 1 1 1 0 1 1 1 0
 1 1 1 1 1 1 1 1 0 1 1 1 1 1 0 1 1 1 1 1 0 0 1 1 1 1 0 1 0 0 0 0 1 1 1 1 1
 0 1 0 1 1 1 1 1 1 0 0 0 0 1 0 1 1 1 1 1 0 0 1 1 1 1]
At  2501/30000: COST 0.000/4.496(0.001) -- Acc 1.000/0.440(1.000)
[1 0 0 1 0 1 0 1 0 0 1 0 0 0 1 0 1 0 1 0 1 0 1 1 1 1 0 1 1 0 0 1 1 1 1 1 1
 0 1 1 0 0 1 0 0 0 0 1 0 1 0 0 1 1 1 1 1 0 1 0 0 1 1 1 0 1 0 1 1 1 1 1 1 1
 0 1 1 1 1 1 0 1 0 0 1 0 0 1 0 0 1 1 0 0 1 1 1 0 1 1]
At  2601/30000: COST 0.040/3.551(0.027) -- Acc 0.990/0.510(0.994)
[1 0 0 1 1 1 1 0 1 1 0 1 0 0 1 1 0 1 1 0 1 1 0 0 0 1 1 0 1 0 0 0 1 0 1 1 1
 0 1 1 0 1 1 1 1 1 1 1 1 1 1 1 1 1 1 1 0 1 1 1 1 1 0 1 0 0 0 1 1 0 1 1 0 1
 1 0 1 1 0 0 1 0 1 1 1 1 1 1 1 1 1 1 1 1 0 0 0 1 0 0]
At  2701/30000: COST 0.029/1.956(0.130) -- Acc 1.000/0.430(0.955)
[1 1 1 0 1 1 1 1 0 1 0 1 0 1 1 1 1 1 0 1 0 0 1 1 0 1 1 1 0 0 1 0 1 0 1 1 1
 1 0 0 0 0 1 0 1 0 0 1 1 0 1 0 1 0 1 0 1 0 0 0 1 1 1 0 1 0 0 1 0 1 1 0 1 0
 1 0 1 0 0 1 0 1 1 1 1 1 1 0 1 0 1 0 1 0 0 0 1 1 1 0]
At  2801/30000: COST 0.042/2.241(0.090) -- Acc 0.980/0.520(0.969)
[1 1 1 0 1 1 1 1 0 1 0 0 1 1 0 1 0 1 0 1 1 1 0 1 0 1 0 0 1 1 0 0 1 1 1 0 0
 1 0 0 1 1 1 1 1 1 0 0 1 1 1 1 1 0 1 0 1 1 0 1 0 1 1 0 1 0 0 0 1 0 1 1 1 1
 0 0 1 1 0 0 1 1 1 1 1 0 1 1 0 1 1 1 1 1 1 0 1 1 1 1]
At  2901/30000: COST 0.016/2.797(0.047) -- Acc 1.000/0.460(0.985)
[0 0 0 1 1 1 1 1 1 1 0 1 0 0 0 1 0 1 1 1 1 1 0 1 0 0 1 1 1 0 0 0 1 1 0 0 1
 0 1 1 1 1 1 1 1 1 1 0 0 1 1 1 0 1 0 1 0 1 1 1 1 0 1 0 1 0 1 1 1 1 0 0 1 1
 0 0 0 1 1 0 1 1 1 0 1 0 1 1 1 0 1 0 0 0 1 1 1 1 0 0]
At  3001/30000: COST 0.003/2.995(0.023) -- Acc 1.000/0.520(0.993)
[1 1 1 0 1 1 1 0 1 0 1 1 1 1 1 1 1 1 1 0 1 0 0 1 1 0 0 1 1 0 1 0 1 1 0 0 1
 1 0 1 0 1 1 0 0 0 0 1 1 0 0 0 1 1 1 1 0 1 1 0 0 1 0 0 0 0 0 1 1 0 0 0 0 0
 1 1 1 1 1 1 1 1 1 1 1 0 0 1 1 1 1 1 0 1 1 1 1 0 0 1]
At  3101/30000: COST 0.023/3.219(0.012) -- Acc 0.980/0.500(0.997)
[1 0 0 0 0 1 0 1 1 1 1 1 0 0 0 1 1 0 1 1 0 1 0 1 1 1 0 0 1 1 1 1 0 0 1 0 1
 1 1 0 1 0 1 0 1 0 0 0 1 1 1 1 0 0 1 1 0 1 1 1 1 0 1 0 1 1 0 0 1 0 0 1 1 1
 1 0 0 1 1 0 1 1 1 0 1 0 1 1 1 0 1 1 0 1 0 0 0 0 1 1]
At  3201/30000: COST 0.001/3.355(0.006) -- Acc 1.000/0.490(0.999)
[1 1 1 0 0 1 0 1 0 1 1 1 0 1 1 0 0 0 0 0 0 1 0 0 1 1 0 1 0 0 1 0 1 0 0 1 0
 0 1 1 1 0 1 1 1 1 0 1 1 1 1 1 1 1 1 1 1 1 1 1 0 1 1 1 0 1 0 0 0 0 1 1 1 0
 0 1 1 1 1 1 1 0 1 0 1 0 1 1 0 0 0 0 1 1 0 0 0 1 1 1]
At  3301/30000: COST 0.001/3.447(0.004) -- Acc 1.000/0.480(0.999)
[1 1 0 1 1 1 0 1 0 0 0 0 1 1 1 1 1 0 1 0 1 1 1 1 0 0 1 1 1 1 1 0 1 0 0 1 0
 1 1 0 0 1 1 1 0 1 1 1 0 1 0 0 1 1 1 0 1 0 0 0 0 1 1 0 1 1 1 0 0 0 1 1 0 1
 0 1 1 1 1 1 1 0 1 0 1 0 0 1 0 0 1 1 1 0 0 0 1 1 0 1]
At  3401/30000: COST 0.000/3.674(0.003) -- Acc 1.000/0.480(0.999)
[1 0 0 0 1 0 1 0 1 0 0 1 1 0 0 0 1 1 1 0 0 1 0 0 0 0 0 1 0 0 0 1 1 1 0 1 0
 1 0 0 0 0 0 1 1 0 0 0 1 1 1 1 1 0 1 1 1 1 1 1 1 1 0 1 1 1 1 1 1 0 0 1 1 1
 1 1 0 1 1 1 1 1 0 1 1 1 0 1 1 1 0 1 0 0 1 0 0 1 0 1]
At  3501/30000: COST 0.001/3.581(0.002) -- Acc 1.000/0.500(1.000)
[0 1 0 1 1 1 1 1 1 1 1 0 1 1 0 0 0 0 1 1 1 1 1 0 0 1 1 0 1 1 0 1 1 0 1 1 0
 1 1 1 0 0 0 1 1 0 1 1 1 0 0 1 1 0 0 1 0 1 0 1 0 1 0 0 0 0 1 1 1 0 1 1 0 1
 1 1 1 1 1 1 0 1 1 0 1 1 1 0 0 1 0 1 0 0 1 0 0 1 1 0]
At  3601/30000: COST 0.001/3.769(0.002) -- Acc 1.000/0.490(1.000)
[0 0 1 1 0 0 1 1 0 1 1 0 1 1 0 1 1 1 0 0 0 1 0 0 1 1 0 1 1 1 1 0 0 1 0 1 0
 0 1 1 1 0 1 0 1 0 1 1 0 0 0 1 1 1 0 0 1 1 1 1 1 1 0 0 0 0 1 1 0 1 0 1 0 1
 1 0 1 1 1 0 1 1 1 1 1 0 1 1 1 1 1 0 1 1 0 0 1 1 1 0]
At  3701/30000: COST 0.001/3.983(0.002) -- Acc 1.000/0.510(1.000)
[1 1 1 1 1 1 1 1 1 1 0 1 0 0 0 1 0 1 0 1 1 0 0 0 1 0 0 1 1 1 0 1 1 1 1 1 1
 1 1 1 0 1 0 1 0 1 1 1 1 1 1 0 0 0 1 1 0 0 1 1 1 0 0 0 1 0 1 1 1 1 1 1 1 1
 1 1 0 0 1 1 0 1 1 0 1 1 1 0 0 1 0 0 1 0 0 1 1 0 0 1]
At  3801/30000: COST 0.022/3.911(0.003) -- Acc 0.990/0.470(0.999)
[0 1 1 1 1 1 0 1 1 0 1 0 1 1 0 0 1 0 0 1 1 1 1 0 1 1 1 1 1 0 0 1 1 1 1 1 0
 1 0 1 0 1 1 1 1 1 0 0 0 1 1 1 0 1 0 0 0 1 0 1 1 0 1 0 0 0 1 1 1 0 1 1 0 1
 1 1 1 0 0 0 1 0 1 0 1 0 0 1 1 1 0 1 1 1 0 0 0 1 1 0]
At  3901/30000: COST 0.086/2.434(0.072) -- Acc 0.970/0.490(0.975)
[0 1 1 1 1 0 1 0 1 1 0 1 0 0 0 1 1 1 1 0 0 1 0 0 0 1 1 0 0 1 1 1 0 0 0 1 1
 1 1 1 0 1 1 1 1 0 1 1 1 1 1 1 1 1 1 0 1 0 1 1 0 0 1 0 1 0 0 1 0 1 0 1 0 1
 1 1 1 0 1 0 1 1 1 1 0 0 1 0 1 1 0 1 0 0 1 1 0 1 1 1]
At  4001/30000: COST 0.008/3.220(0.047) -- Acc 1.000/0.490(0.983)
[1 1 0 0 0 1 1 1 0 0 1 1 1 1 0 1 1 1 1 0 1 0 1 1 1 1 0 1 1 0 1 1 0 1 0 0 1
 1 0 1 1 1 1 0 0 1 1 0 1 1 0 0 1 0 1 0 1 1 0 0 1 0 1 0 0 1 0 1 1 0 0 1 0 1
 1 1 1 0 0 0 1 0 0 1 1 0 1 0 1 0 1 0 0 0 1 0 1 0 1 0]
At  4101/30000: COST 0.018/2.884(0.042) -- Acc 0.990/0.490(0.986)
[1 1 1 0 1 1 0 0 0 1 1 0 0 1 1 1 1 1 0 0 1 0 0 0 0 0 0 1 1 1 1 1 0 1 1 0 0
 1 1 0 1 1 1 1 0 0 1 0 1 0 1 0 1 0 0 1 1 1 0 1 1 1 1 0 1 1 1 1 1 0 1 1 1 1
 1 0 1 1 1 1 1 0 1 0 1 1 1 0 1 0 1 1 0 1 0 0 1 1 1 1]
At  4201/30000: COST 0.003/3.234(0.023) -- Acc 1.000/0.530(0.993)
[0 1 0 1 1 0 0 0 1 1 0 1 1 1 1 1 0 1 1 1 0 0 0 0 1 0 0 0 1 0 0 1 1 0 1 0 0
 0 1 1 1 1 0 1 1 0 1 1 1 1 0 1 1 1 1 1 0 1 0 1 1 0 0 0 1 1 1 0 1 0 0 0 1 1
 0 1 1 0 0 1 1 0 1 1 1 1 1 1 1 0 1 0 0 1 1 1 1 1 0 0]
At  4301/30000: COST 0.008/3.371(0.012) -- Acc 1.000/0.480(0.997)
[1 1 1 1 1 0 0 1 1 1 1 0 1 0 0 1 1 1 0 0 0 1 0 0 0 1 0 1 1 1 1 1 0 1 1 0 0
 1 1 1 0 0 0 1 1 1 0 0 0 0 0 0 1 0 0 1 0 1 1 1 0 1 1 1 0 1 1 1 1 0 1 0 1 1
 1 1 1 1 0 1 1 0 0 1 1 1 1 0 1 0 1 1 0 0 1 1 1 1 1 0]
At  4401/30000: COST 0.002/3.611(0.007) -- Acc 1.000/0.500(0.998)
[1 1 1 1 0 0 1 0 0 0 1 1 1 1 0 1 1 1 1 0 1 0 1 0 0 0 1 0 1 0 0 1 1 0 1 1 0
 1 0 1 0 0 0 1 1 1 0 1 1 0 1 0 1 1 0 1 1 1 1 0 0 1 0 1 1 1 0 0 1 1 0 1 1 0
 1 1 1 0 1 1 1 1 1 0 1 1 1 1 1 1 0 1 0 1 1 0 1 1 1 0]
At  4501/30000: COST 0.001/3.779(0.004) -- Acc 1.000/0.520(0.999)
[0 1 1 1 1 0 1 0 1 1 1 1 0 1 1 1 0 1 0 0 0 1 1 1 1 1 0 1 1 1 0 0 0 1 0 1 0
 1 1 1 1 1 0 1 1 1 1 0 1 0 1 1 1 0 1 0 1 1 1 1 1 0 0 1 1 0 1 1 0 0 0 1 0 0
 1 1 1 0 1 1 1 1 1 0 1 1 1 1 1 1 1 1 1 0 1 0 0 1 1 0]
At  4601/30000: COST 0.016/3.829(0.003) -- Acc 0.990/0.500(0.999)
[1 1 1 1 0 1 0 0 0 1 1 0 0 0 0 1 1 1 1 1 0 0 1 1 1 1 1 0 1 0 0 1 0 1 1 1 1
 0 1 0 1 1 1 1 0 1 1 1 1 1 1 1 0 0 1 1 1 1 1 1 0 1 1 1 1 0 1 0 0 1 0 1 1 1
 0 1 1 0 1 1 1 1 1 0 1 1 1 0 1 1 0 1 0 0 0 1 1 1 1 0]
At  4701/30000: COST 0.005/3.949(0.002) -- Acc 1.000/0.520(1.000)
[1 1 0 1 1 0 0 0 1 1 1 1 0 1 1 0 0 0 1 1 0 0 0 1 1 1 1 1 1 0 1 1 0 1 0 0 0
 1 1 1 0 1 1 0 0 0 1 1 1 0 1 1 1 1 0 1 0 1 1 0 1 1 1 1 0 1 1 1 0 0 1 1 1 1
 1 0 1 1 1 1 1 0 1 1 1 1 1 0 1 1 0 1 1 1 1 1 1 0 1 1]
At  4801/30000: COST 0.001/4.043(0.001) -- Acc 1.000/0.490(1.000)
[0 0 1 0 0 0 1 1 1 0 1 1 1 1 1 1 1 0 1 0 0 1 0 1 0 0 1 0 1 0 1 0 1 0 0 1 1
 0 1 1 0 1 1 1 1 1 1 1 1 0 1 1 0 0 1 0 1 1 1 1 1 1 1 1 0 1 1 1 1 1 0 1 0 1
 1 0 1 1 1 1 1 0 0 1 1 0 0 1 0 1 1 1 1 1 0 0 0 0 1 0]
At  4901/30000: COST 0.001/4.141(0.001) -- Acc 1.000/0.440(1.000)
[0 1 0 0 0 1 0 0 1 1 1 1 0 1 0 1 1 1 1 1 0 0 1 0 0 0 0 1 1 1 1 1 1 1 1 1 1
 0 1 1 1 1 1 1 1 1 0 1 1 1 1 0 1 1 0 1 0 1 1 1 0 1 0 1 0 0 1 1 1 1 1 1 1 1
 0 1 1 0 0 0 1 0 1 1 1 0 1 1 1 1 0 0 0 0 1 0 1 1 1 0]
At  5001/30000: COST 0.000/4.260(0.001) -- Acc 1.000/0.460(1.000)
[1 0 1 1 1 0 1 0 1 0 0 0 0 0 1 0 1 0 0 0 1 1 1 0 1 1 1 1 1 1 1 1 0 1 1 1 0
 1 0 0 1 0 1 0 1 1 1 0 1 1 1 1 1 0 1 0 1 0 1 1 0 1 0 1 0 0 1 0 1 1 0 1 1 1
 0 1 0 1 0 1 1 0 1 1 1 0 1 1 1 1 1 0 1 1 1 0 1 1 1 1]
At  5101/30000: COST 0.000/4.303(0.001) -- Acc 1.000/0.490(1.000)
[1 1 0 0 0 1 0 1 1 1 1 0 1 1 1 1 0 1 1 1 1 1 1 1 1 0 0 1 0 1 0 0 1 1 1 1 1
 0 1 1 0 0 1 1 1 0 1 1 0 0 1 0 1 0 0 0 1 1 1 0 0 1 1 0 0 0 1 1 1 0 1 1 1 1
 1 0 1 0 1 1 0 1 1 1 1 1 1 1 1 1 1 1 0 0 0 1 1 1 0 1]
At  5201/30000: COST 0.000/4.366(0.001) -- Acc 1.000/0.470(1.000)
[1 1 1 0 1 0 1 1 0 1 1 1 1 1 0 0 0 0 0 0 1 0 0 1 0 0 0 1 1 0 0 1 1 1 1 1 1
 1 1 0 0 1 1 1 1 0 1 1 1 0 1 1 1 1 0 1 1 1 0 1 0 1 1 0 1 1 1 1 1 0 1 0 0 1
 1 0 0 0 0 0 1 1 1 0 0 1 0 1 1 1 1 1 0 0 1 1 1 1 0 1]
At  5301/30000: COST 0.001/4.240(0.001) -- Acc 1.000/0.470(1.000)
[1 0 0 1 1 1 1 1 0 0 1 0 1 1 1 1 1 0 1 1 0 1 1 1 0 1 1 0 1 0 0 1 1 1 0 1 0
 0 1 1 0 1 1 0 1 1 0 1 1 1 1 1 0 1 1 0 1 1 1 1 1 1 1 0 0 1 0 1 0 0 0 1 0 1
 0 0 0 1 1 1 0 0 0 1 0 1 0 0 0 1 0 1 0 1 1 1 1 0 1 1]
At  5401/30000: COST 0.000/4.230(0.002) -- Acc 1.000/0.480(1.000)
[1 1 1 1 1 1 1 0 0 1 0 1 0 0 1 1 0 1 1 0 1 1 1 1 1 1 0 0 0 1 0 1 1 0 0 1 1
 1 1 1 1 0 1 0 0 1 0 0 0 1 0 0 1 1 1 1 1 0 0 0 0 1 1 0 1 1 0 1 1 0 0 1 1 1
 0 0 1 1 0 1 1 0 0 0 1 1 0 1 1 1 1 0 0 0 0 0 0 1 1 1]
At  5501/30000: COST 0.001/4.137(0.002) -- Acc 1.000/0.470(0.999)
[0 1 0 1 1 1 1 1 1 1 0 1 1 0 1 1 1 0 0 1 1 0 1 1 0 0 0 1 0 1 1 0 1 1 1 1 0
 1 1 0 1 1 1 1 1 1 0 0 1 1 1 1 1 1 1 1 1 1 1 1 1 1 1 1 0 1 1 1 1 0 0 0 0 1
 0 1 1 0 1 1 1 1 1 0 0 0 1 0 1 1 1 1 1 0 1 0 0 0 1 1]
At  5601/30000: COST 0.426/3.634(0.059) -- Acc 0.900/0.460(0.983)
[0 1 0 0 0 0 0 1 0 0 0 0 0 1 1 1 1 1 0 1 0 0 0 0 1 0 1 0 1 1 1 0 0 0 1 0 0
 1 1 0 1 0 0 1 1 1 0 1 0 1 1 0 1 0 1 0 1 0 0 1 1 0 0 0 0 1 0 1 0 0 1 1 0 0
 1 1 1 0 1 0 1 1 0 0 0 0 1 0 1 0 1 0 0 0 0 1 0 1 1 1]
At  5701/30000: COST 0.097/2.525(0.149) -- Acc 0.970/0.460(0.949)
[1 1 0 0 1 1 0 0 1 1 0 0 0 0 0 0 0 0 0 1 1 0 0 0 1 1 1 1 0 1 1 1 0 1 0 0 0
 1 1 0 0 1 1 1 1 0 1 0 0 1 1 1 1 0 1 1 0 0 0 1 1 1 1 0 1 0 0 1 1 0 1 0 1 1
 1 0 0 1 1 1 1 0 1 1 1 0 0 0 0 1 1 1 1 1 1 1 1 1 1 1]
At  5801/30000: COST 0.039/2.693(0.086) -- Acc 0.980/0.450(0.972)
[1 1 1 1 0 0 0 1 1 0 0 0 0 0 1 1 0 0 1 1 1 0 0 0 1 0 0 1 1 1 0 0 1 0 0 0 0
 1 1 1 0 1 0 1 1 1 1 1 1 1 0 0 1 0 0 0 1 0 1 1 0 1 0 1 1 1 1 1 0 0 1 1 1 1
 0 1 0 0 0 0 1 0 1 1 0 1 0 1 1 0 1 1 0 0 0 1 0 0 0 0]
At  5901/30000: COST 0.019/2.500(0.055) -- Acc 1.000/0.500(0.983)
[0 1 1 1 1 0 1 1 1 0 0 0 0 0 0 1 1 0 1 1 0 1 1 1 0 0 1 1 1 1 0 1 0 0 0 0 0
 0 0 1 1 1 0 1 1 1 1 1 1 0 1 0 1 1 0 0 0 1 1 0 0 0 1 1 0 1 0 0 1 1 0 0 0 1
 1 0 0 1 0 1 1 1 1 0 1 0 1 0 0 0 0 1 1 1 1 1 0 0 0 1]
At  6001/30000: COST 0.049/3.208(0.044) -- Acc 0.980/0.460(0.986)
[1 1 0 1 0 1 1 0 1 0 0 1 0 0 1 1 0 0 1 0 0 0 1 1 1 1 1 0 1 1 1 0 0 1 1 0 0
 1 1 1 1 1 1 1 1 1 1 0 0 0 1 1 0 1 1 0 0 1 0 1 1 0 1 0 0 0 1 0 1 1 0 1 0 0
 1 1 0 1 0 0 1 0 0 1 0 0 1 1 0 1 0 1 0 1 0 0 0 1 0 0]
At  6101/30000: COST 0.002/3.505(0.023) -- Acc 1.000/0.460(0.993)
[0 0 1 1 0 0 0 0 0 0 1 1 0 0 0 1 1 1 0 0 0 1 0 1 0 0 0 1 1 0 1 1 1 1 1 0 0
 1 1 1 1 1 1 0 0 0 0 1 1 0 1 0 1 1 1 0 1 0 1 0 1 0 1 0 1 0 1 1 1 1 0 1 0 1
 1 1 0 1 1 0 0 0 1 0 0 1 1 0 0 1 1 1 0 1 1 0 1 0 0 1]
At  6201/30000: COST 0.005/3.828(0.012) -- Acc 1.000/0.440(0.996)
[1 0 1 1 0 1 1 0 1 0 1 0 0 0 1 1 0 0 1 1 1 1 1 0 0 1 1 0 0 1 0 1 1 0 0 1 0
 1 0 1 0 0 0 1 1 0 1 1 1 0 0 1 0 1 1 0 0 0 0 0 0 1 1 1 0 1 1 0 0 0 1 1 1 1
 1 0 0 0 0 0 1 0 1 1 0 1 1 0 1 1 0 0 1 0 1 0 1 1 1 0]
At  6301/30000: COST 0.015/3.858(0.007) -- Acc 0.990/0.450(0.998)
[0 1 0 1 0 1 0 1 1 1 0 1 0 1 0 1 1 0 1 1 1 0 0 0 1 0 0 1 1 1 1 0 0 1 1 0 0
 1 1 0 0 1 1 0 1 1 1 1 0 1 0 1 0 1 0 1 0 0 0 0 1 0 1 0 0 1 1 1 0 0 0 1 1 0
 0 1 0 1 1 0 1 1 1 0 1 1 0 0 1 1 0 1 0 0 0 1 1 0 0 0]
At  6401/30000: COST 0.001/4.253(0.006) -- Acc 1.000/0.370(0.998)
[0 1 0 0 0 1 0 0 0 0 1 1 0 0 1 0 1 1 1 0 1 0 0 1 0 0 1 1 0 1 1 0 1 0 1 1 0
 1 1 1 1 1 0 1 1 0 1 0 0 1 1 0 0 0 0 0 1 1 1 1 0 0 1 0 1 0 1 1 0 0 0 1 1 0
 1 0 1 1 1 1 0 0 0 1 0 1 0 0 1 1 0 1 1 0 0 1 1 1 1 1]
At  6501/30000: COST 0.001/4.353(0.005) -- Acc 1.000/0.380(0.999)
[0 1 0 0 0 1 1 0 1 0 1 1 1 1 1 0 1 0 0 1 1 1 0 1 0 0 0 0 1 1 1 0 1 0 0 0 0
 0 0 1 1 1 1 1 0 0 1 0 0 1 0 0 0 1 0 1 1 1 0 0 1 0 0 1 0 1 0 0 0 0 0 1 0 1
 1 1 1 1 0 0 1 1 1 0 1 1 1 1 1 1 1 1 0 1 0 1 1 1 1 1]
At  6601/30000: COST 0.001/4.487(0.004) -- Acc 1.000/0.400(0.999)
[1 1 1 1 1 1 1 0 0 0 1 1 0 0 0 1 0 0 0 1 0 0 1 0 0 0 1 0 1 1 1 1 1 1 1 0 0
 1 0 1 0 1 0 1 1 0 0 1 1 0 1 0 0 1 1 0 1 0 1 1 0 0 1 1 0 1 0 1 0 0 1 0 1 1
 0 0 0 0 0 1 1 1 0 0 0 0 1 1 0 1 1 1 0 1 1 1 0 1 0 1]
At  6701/30000: COST 0.004/4.546(0.004) -- Acc 1.000/0.400(0.999)
[1 1 1 1 0 1 1 1 0 0 1 1 0 1 1 1 1 1 0 0 1 1 0 0 0 0 1 1 0 0 1 1 1 1 0 1 1
 1 0 1 0 0 1 0 0 0 0 0 1 1 1 1 1 0 0 1 0 0 0 0 1 1 0 0 1 0 0 0 0 1 1 1 1 1
 0 0 1 1 1 1 0 1 1 0 0 1 0 1 1 1 1 1 1 0 1 1 0 0 0 0]
At  6801/30000: COST 0.000/4.607(0.003) -- Acc 1.000/0.410(0.999)
[0 1 1 1 0 0 1 1 0 1 1 1 1 1 0 1 0 1 0 0 0 1 1 0 1 1 0 1 1 1 1 0 0 1 0 0 1
 1 0 0 0 0 1 0 0 1 0 1 1 1 1 0 1 0 1 1 1 1 1 0 0 0 1 1 1 0 1 1 1 1 1 1 0 0
 1 0 1 0 1 0 1 0 1 1 1 1 1 0 1 0 1 1 0 1 0 0 1 1 0 1]
At  6901/30000: COST 0.014/4.430(0.005) -- Acc 1.000/0.410(0.999)
[1 0 0 1 1 0 1 0 0 1 0 1 0 0 0 0 0 1 0 0 1 1 0 0 1 1 0 1 1 0 1 0 0 1 0 1 0
 0 1 0 1 1 1 1 0 1 0 0 1 1 1 0 1 1 1 1 1 0 0 1 0 1 1 1 1 1 0 1 0 1 1 1 1 0
 1 0 1 1 1 1 1 1 0 0 1 1 0 1 1 1 0 0 0 1 0 1 0 0 0 0]
At  7001/30000: COST 0.157/3.061(0.073) -- Acc 0.940/0.440(0.979)
[1 1 1 1 1 1 0 0 0 0 0 1 1 1 0 1 0 0 1 0 0 1 0 1 1 0 1 0 0 0 1 0 1 1 1 1 0
 0 0 0 0 1 0 1 1 1 0 1 1 1 0 0 1 0 0 1 0 1 0 1 1 1 0 0 1 1 1 1 1 1 0 0 1 1
 1 1 1 1 0 1 0 0 1 1 0 1 1 1 1 1 1 1 0 0 0 0 0 1 1 0]
At  7101/30000: COST 0.041/3.273(0.086) -- Acc 0.980/0.420(0.971)
[0 1 1 0 1 1 1 1 0 0 1 0 0 0 1 1 1 0 1 0 1 1 0 0 0 1 0 1 1 0 1 0 1 0 1 1 1
 0 0 0 1 0 1 0 1 1 1 0 1 0 0 0 1 0 1 1 0 0 1 0 1 1 1 1 1 1 0 1 1 1 1 1 1 1
 0 0 1 0 0 1 1 1 0 1 0 1 0 0 0 1 0 0 1 1 1 1 1 1 0 1]
At  7201/30000: COST 0.060/3.873(0.055) -- Acc 0.980/0.470(0.982)
[1 1 1 0 1 1 0 1 1 0 1 1 1 1 1 1 1 1 1 1 1 1 0 1 1 0 0 0 1 0 1 1 1 1 0 1 1
 1 0 1 1 0 1 0 1 1 0 0 1 1 1 0 0 1 1 0 0 0 1 0 1 0 0 1 0 0 1 1 1 0 1 1 1 0
 1 1 1 0 0 0 0 0 1 0 0 1 0 1 1 1 0 0 1 0 0 0 1 0 1 0]
At  7301/30000: COST 0.031/4.062(0.036) -- Acc 0.980/0.420(0.988)
[1 1 1 1 0 0 1 0 1 1 1 1 1 1 1 1 0 1 0 0 1 0 1 0 1 0 1 0 0 0 1 0 0 1 0 0 1
 0 1 0 0 1 1 1 1 0 0 1 1 1 1 0 0 1 1 0 0 1 0 1 0 0 1 1 0 1 1 1 1 1 1 1 0 1
 0 0 1 1 0 1 1 0 1 0 1 0 1 0 0 1 1 0 1 1 1 1 1 1 0 1]
At  7401/30000: COST 0.033/4.182(0.027) -- Acc 0.980/0.450(0.991)
[0 0 1 1 1 0 0 0 0 0 0 0 0 0 1 1 0 1 1 1 1 0 0 0 1 1 1 0 1 1 1 1 0 1 1 1 1
 1 0 0 0 1 0 1 1 0 0 0 1 1 0 1 0 0 1 1 0 1 1 1 0 1 1 1 0 0 1 1 1 1 1 0 1 1
 1 1 1 0 0 1 1 1 1 1 0 0 1 0 1 1 1 0 1 0 1 1 1 0 1 1]
At  7501/30000: COST 0.019/4.476(0.015) -- Acc 0.990/0.450(0.996)
[1 1 1 0 1 1 0 0 1 1 1 0 0 1 1 1 0 1 1 1 1 0 0 0 1 1 0 1 0 0 0 1 1 1 0 1 0
 0 1 1 0 0 0 0 0 0 1 0 1 0 1 0 0 0 0 0 1 1 0 1 1 1 1 1 1 0 1 1 1 1 0 0 1 1
 1 1 0 1 0 1 1 0 1 0 0 0 1 1 1 1 1 1 1 1 1 1 0 0 0 1]
At  7601/30000: COST 0.003/4.352(0.008) -- Acc 1.000/0.450(0.998)
[0 0 1 0 1 1 0 1 0 1 1 1 0 1 1 1 0 1 1 1 1 0 1 1 1 0 0 0 0 1 0 1 0 1 1 0 0
 0 1 1 1 0 0 1 1 1 1 1 1 1 1 1 1 0 1 0 0 1 0 0 1 0 1 1 1 1 1 0 1 0 0 1 0 0
 1 0 1 1 0 0 1 0 0 1 0 1 0 1 0 0 1 0 0 1 0 1 0 0 1 0]
At  7701/30000: COST 0.001/4.300(0.006) -- Acc 1.000/0.480(0.999)
[1 1 1 1 1 1 1 1 0 1 0 1 1 0 0 1 1 0 0 1 0 1 0 1 1 1 1 0 1 0 1 0 0 0 1 1 0
 1 1 1 1 0 1 1 0 1 1 0 1 0 1 1 1 0 1 1 1 0 0 0 0 1 0 0 1 0 1 1 1 1 1 1 0 1
 1 0 0 1 0 0 0 0 1 1 0 1 1 0 1 0 1 1 1 1 0 0 0 1 1 0]
At  7801/30000: COST 0.003/4.831(0.016) -- Acc 1.000/0.390(0.996)
[1 0 0 1 1 1 0 1 0 1 0 1 1 1 0 0 1 1 1 1 1 0 0 1 0 0 1 0 1 0 0 0 0 1 1 1 0
 1 1 1 1 1 0 0 1 0 0 1 0 0 1 1 1 1 0 1 1 0 1 1 1 1 1 1 1 0 1 0 0 1 0 0 1 1
 0 1 1 1 1 1 1 1 0 1 1 0 1 0 0 0 1 1 0 1 1 0 1 1 1 1]
At  7901/30000: COST 0.011/3.872(0.032) -- Acc 0.990/0.490(0.991)
[1 1 0 1 1 1 1 1 1 1 1 0 0 0 1 0 0 1 0 0 0 0 1 1 1 1 0 1 1 0 1 1 0 0 1 1 1
 1 0 0 1 1 1 0 1 1 1 0 0 0 1 0 1 1 0 1 1 1 0 1 0 1 0 0 1 0 1 1 1 0 1 1 1 1
 0 0 1 0 0 1 1 0 0 1 0 1 0 0 0 1 0 1 0 0 0 1 0 0 1 1]
At  8001/30000: COST 0.006/3.439(0.023) -- Acc 1.000/0.530(0.993)
[0 1 0 1 1 1 1 0 0 1 0 1 1 1 1 0 1 1 0 0 1 1 0 0 1 1 1 0 1 0 1 0 0 1 1 0 1
 1 1 0 0 0 1 0 0 0 1 1 0 0 1 0 1 1 1 0 1 1 0 0 0 0 0 1 1 0 1 1 0 0 1 1 0 1
 0 1 0 0 0 1 1 0 0 0 0 0 0 1 1 1 1 1 1 1 1 1 1 1 1 1]
At  8101/30000: COST 0.003/3.901(0.012) -- Acc 1.000/0.510(0.996)
[1 1 0 1 1 0 0 0 0 1 0 1 1 0 1 1 1 1 1 1 0 1 1 1 1 1 1 0 0 0 1 1 0 1 0 0 1
 1 0 0 0 1 0 0 1 1 0 1 1 0 1 0 1 0 1 1 0 1 1 0 1 1 1 1 0 1 0 0 1 1 0 0 0 1
 0 0 0 1 1 1 1 0 1 0 1 0 1 0 1 1 0 0 0 1 0 1 0 0 1 0]
At  8201/30000: COST 0.007/4.254(0.008) -- Acc 1.000/0.540(0.998)
[0 0 0 0 0 0 1 1 1 1 0 1 0 0 0 1 0 0 1 1 1 1 1 0 1 0 1 0 1 0 1 1 1 0 1 0 0
 1 1 0 1 0 0 0 0 1 1 0 0 1 1 1 0 0 1 0 0 1 1 0 1 1 1 0 1 0 0 1 0 1 1 1 1 0
 1 0 1 1 0 0 1 1 0 0 1 1 0 1 1 1 1 0 1 0 0 1 1 0 1 1]
At  8301/30000: COST 0.021/4.597(0.007) -- Acc 0.990/0.510(0.998)
[0 0 1 1 0 0 1 1 1 0 0 1 1 1 1 1 0 0 1 0 0 1 0 1 1 0 0 1 0 1 1 1 0 1 1 1 1
 1 0 1 1 0 1 1 0 1 1 1 0 1 1 1 1 1 0 0 0 1 0 0 1 0 1 1 0 0 0 1 1 1 0 0 1 1
 0 1 1 1 1 1 0 0 0 1 1 1 0 1 0 1 0 1 1 0 0 1 1 1 1 1]
At  8401/30000: COST 0.072/3.712(0.016) -- Acc 0.980/0.480(0.996)
[1 1 1 0 0 1 0 1 1 0 1 0 1 1 1 0 0 0 1 1 0 1 1 1 0 0 0 1 1 1 1 0 0 0 1 1 0
 1 1 1 1 0 0 1 0 1 0 1 0 0 1 0 1 1 1 1 1 1 0 0 1 1 1 0 1 0 1 1 1 1 1 1 0 1
 1 0 1 0 1 0 1 0 0 1 0 1 1 1 1 1 1 0 0 1 0 1 0 1 1 1]
At  8501/30000: COST 0.029/3.993(0.044) -- Acc 0.990/0.410(0.986)
[1 1 0 0 0 1 1 0 0 0 1 0 0 0 1 0 1 1 1 1 1 1 0 0 0 1 1 0 1 0 1 1 1 1 1 1 1
 1 0 0 0 0 1 1 1 0 0 1 0 1 1 0 0 1 0 1 0 1 1 1 1 1 1 0 1 0 1 1 1 0 1 1 0 0
 1 1 0 1 1 0 1 1 1 1 0 1 1 1 0 1 1 1 0 1 1 1 1 0 1 1]
At  8601/30000: COST 0.019/3.553(0.053) -- Acc 0.990/0.420(0.984)
[1 1 1 1 1 1 1 1 0 1 0 1 1 0 1 1 0 1 1 0 1 0 0 1 1 1 0 1 1 0 0 1 0 1 0 1 0
 0 0 0 0 1 1 1 1 1 1 0 0 0 1 0 0 1 1 1 0 1 1 1 1 1 1 0 1 1 0 1 0 1 1 1 1 0
 0 1 1 0 1 1 1 1 1 1 1 1 0 1 1 0 1 0 1 0 0 1 0 0 1 0]
At  8701/30000: COST 0.062/3.370(0.042) -- Acc 0.970/0.460(0.986)
[0 1 1 1 1 0 0 1 1 1 1 0 1 0 1 1 0 1 0 1 1 1 0 0 1 1 1 0 1 1 1 0 0 1 1 1 1
 0 0 1 1 1 1 1 1 0 0 0 1 0 1 1 1 0 1 1 1 1 0 0 1 0 0 1 0 0 0 1 0 1 0 0 0 0
 1 1 1 0 1 1 0 1 1 1 1 1 1 1 1 0 1 0 0 0 1 0 0 1 0 0]
At  8801/30000: COST 0.001/3.709(0.026) -- Acc 1.000/0.420(0.992)
[1 1 1 0 0 1 1 0 0 0 1 1 0 1 1 0 0 1 1 1 1 0 0 1 0 1 1 1 1 0 0 1 0 0 0 0 0
 0 0 1 0 1 1 0 1 1 1 0 1 0 1 0 1 1 1 1 1 0 1 1 0 1 1 0 1 0 0 1 0 1 1 1 1 0
 1 1 1 1 1 0 0 0 0 1 1 1 1 0 1 0 0 1 1 1 0 0 1 0 0 1]
At  8901/30000: COST 0.103/3.975(0.047) -- Acc 0.970/0.460(0.987)
[1 1 1 1 0 1 0 1 1 1 0 0 0 0 0 0 1 0 0 0 1 1 1 0 1 1 1 0 0 1 1 1 0 0 0 1 0
 1 1 1 0 1 0 1 0 1 1 1 0 0 1 1 0 1 1 0 1 1 0 0 1 0 1 0 1 0 0 1 1 0 1 0 0 1
 0 1 0 0 1 0 0 1 0 0 1 1 1 1 1 0 1 1 1 1 0 1 1 0 0 0]
At  9001/30000: COST 0.031/2.858(0.064) -- Acc 0.990/0.510(0.980)
[1 1 0 1 0 0 1 1 1 1 0 0 1 0 0 1 0 1 0 0 1 1 1 0 1 0 1 0 1 0 0 0 0 0 1 1 1
 0 1 1 1 1 1 1 1 0 1 1 0 1 1 1 0 0 1 1 0 1 1 1 0 0 1 1 1 1 1 1 0 0 0 1 0 1
 0 0 1 1 0 0 1 1 1 1 0 1 0 0 1 0 1 0 1 1 1 1 1 0 0 0]
At  9101/30000: COST 0.011/3.901(0.042) -- Acc 1.000/0.450(0.986)
[0 1 1 1 1 1 0 1 0 0 0 1 1 0 0 0 1 0 1 1 1 0 0 1 1 0 1 1 1 0 1 0 1 1 1 0 0
 1 1 0 1 1 1 0 1 1 1 0 1 1 0 1 0 1 1 0 0 0 1 1 0 1 1 1 1 1 1 1 1 0 1 1 1 1
 1 1 1 1 0 1 0 1 1 1 1 0 0 1 0 1 1 1 1 0 1 1 1 0 0 0]
At  9201/30000: COST 0.149/3.091(0.054) -- Acc 0.960/0.460(0.983)
[1 1 0 1 0 0 1 0 1 1 0 0 1 0 1 0 1 0 1 1 0 1 0 1 1 1 1 0 0 1 0 1 1 0 0 0 0
 0 0 1 1 1 1 0 0 1 0 1 1 1 1 1 1 0 0 0 0 0 0 1 0 1 1 0 1 1 1 1 1 0 1 0 1 1
 0 0 1 1 1 1 1 1 0 0 1 1 1 0 1 1 0 0 0 1 1 1 1 0 1 1]
At  9301/30000: COST 0.048/2.760(0.051) -- Acc 0.990/0.550(0.982)
[0 0 1 1 1 0 1 1 1 0 0 1 0 1 1 0 0 1 1 1 0 0 0 1 1 1 1 1 1 1 1 1 0 1 1 0 0
 1 1 1 0 1 1 0 1 1 0 1 1 1 1 1 0 0 0 0 1 1 0 1 0 0 1 1 1 1 0 1 1 1 1 1 1 0
 1 0 0 1 1 0 0 1 0 1 1 0 1 0 0 1 1 1 0 0 1 1 1 1 0 1]
At  9401/30000: COST 0.041/2.651(0.045) -- Acc 0.990/0.440(0.984)
[1 1 1 1 1 1 0 1 1 0 0 1 1 1 1 1 1 1 1 0 1 0 0 0 1 1 1 1 1 1 0 1 1 0 0 1 0
 1 0 1 1 0 0 1 0 0 0 1 0 1 1 0 1 0 1 1 0 0 0 1 1 0 1 0 1 1 0 0 1 1 1 1 1 0
 0 1 0 1 1 1 1 1 1 1 1 1 0 1 1 0 1 1 1 0 0 1 1 0 1 0]
At  9501/30000: COST 0.008/2.776(0.031) -- Acc 1.000/0.470(0.989)
[1 0 1 0 1 1 1 1 1 1 0 0 1 0 1 1 1 1 1 0 1 1 1 0 0 1 1 0 0 0 1 1 1 1 1 0 1
 1 1 0 1 1 1 0 1 1 1 1 1 0 1 1 0 0 1 0 1 0 1 0 0 1 0 0 1 1 0 1 0 1 0 1 0 1
 1 1 1 0 1 1 0 1 1 1 1 1 1 0 0 1 1 0 1 0 0 1 1 1 1 1]
At  9601/30000: COST 0.021/2.920(0.027) -- Acc 0.990/0.550(0.992)
[1 1 0 1 1 1 1 1 1 1 1 0 0 1 0 0 1 1 0 1 0 0 1 0 1 1 1 0 1 1 0 0 1 0 1 1 1
 0 0 1 0 1 1 1 0 1 0 1 1 1 1 0 1 1 0 0 1 1 0 1 0 1 1 0 1 0 1 1 0 0 1 0 0 1
 1 0 0 1 1 1 0 1 1 1 1 0 1 1 0 0 1 1 1 0 1 1 1 1 1 0]
At  9701/30000: COST 0.004/3.036(0.023) -- Acc 1.000/0.480(0.993)
[0 0 1 0 1 1 1 1 1 0 1 1 0 1 1 0 0 1 0 0 0 1 1 0 0 0 0 1 1 1 1 1 1 1 1 0 0
 0 1 0 1 1 1 1 1 1 1 1 0 0 0 1 0 1 1 0 1 1 0 1 0 1 1 0 1 1 1 0 1 0 1 1 1 1
 1 1 1 1 0 0 1 0 0 0 0 0 0 0 1 0 1 1 1 1 1 0 0 1 1 0]
At  9801/30000: COST 0.015/3.182(0.026) -- Acc 1.000/0.460(0.991)
[0 1 1 1 0 0 0 1 0 1 1 1 1 0 1 1 0 1 0 0 0 0 1 1 1 1 0 0 1 1 0 1 0 1 1 1 0
 0 1 0 1 1 0 1 1 1 1 1 0 0 1 1 1 1 1 0 0 1 1 0 1 0 1 0 0 0 1 1 1 1 1 1 1 1
 0 1 1 1 1 1 0 0 1 1 1 1 0 1 1 1 1 1 0 0 1 0 0 0 1 0]
At  9901/30000: COST 0.004/3.227(0.024) -- Acc 1.000/0.450(0.992)
[0 0 1 1 1 1 1 0 1 1 1 1 0 0 1 1 1 0 1 1 0 1 1 1 1 0 0 0 0 1 1 1 1 1 1 1 0
 1 0 1 1 0 1 0 0 1 0 0 0 1 0 1 1 1 1 0 1 1 0 1 0 1 0 1 1 1 0 1 1 1 1 0 1 0
 1 1 1 1 1 1 0 1 1 1 1 1 0 0 0 1 0 1 1 0 1 0 1 1 0 0]
At 10001/30000: COST 0.004/3.046(0.016) -- Acc 1.000/0.470(0.995)
[1 0 0 0 1 1 0 0 1 1 0 0 1 1 1 1 1 1 1 1 1 0 1 1 0 0 1 0 1 1 0 0 0 0 0 0 1
 0 0 1 1 1 0 1 1 1 0 1 0 0 0 1 0 0 0 1 1 1 1 0 1 0 1 0 0 1 0 1 1 1 0 0 1 0
 0 0 1 1 1 1 0 0 0 0 1 1 1 0 0 1 1 0 1 1 1 0 1 1 0 1]
At 10101/30000: COST 0.031/3.374(0.019) -- Acc 0.990/0.510(0.994)
[0 1 0 1 1 1 0 1 1 1 1 1 0 1 1 0 0 0 0 0 0 1 1 0 0 1 0 1 0 0 1 1 1 1 0 0 1
 0 0 0 1 0 1 0 1 1 0 0 0 1 1 0 0 1 0 1 0 1 1 1 1 1 1 0 1 0 0 0 1 0 0 1 1 0
 1 1 0 0 0 1 1 1 1 0 0 1 1 0 0 0 0 1 1 1 1 0 0 1 0 1]
At 10201/30000: COST 0.023/3.336(0.023) -- Acc 0.990/0.510(0.992)
[0 0 1 0 0 0 1 1 1 1 1 0 1 0 1 1 1 1 1 0 1 0 0 1 0 0 0 0 0 0 0 0 1 1 1 0 0
 0 0 1 0 1 1 0 1 1 1 1 0 0 1 1 1 1 0 1 0 1 1 0 1 1 0 0 1 0 1 1 0 0 0 1 1 1
 0 1 0 0 0 1 0 0 1 1 1 1 1 1 1 0 0 0 0 1 0 1 0 1 0 1]
At 10301/30000: COST 0.025/3.453(0.031) -- Acc 0.990/0.510(0.990)
[0 1 0 1 1 1 1 0 1 0 1 0 1 0 0 0 1 1 1 0 1 1 1 1 1 1 0 0 1 1 0 0 1 0 0 0 1
 1 0 1 1 0 1 0 0 0 1 0 0 0 0 1 0 1 1 0 1 1 0 1 1 0 1 0 0 1 0 1 1 0 0 1 0 0
 1 1 1 1 0 1 0 0 1 1 1 0 1 1 1 1 0 1 1 0 1 1 1 1 0 1]
At 10401/30000: COST 0.054/2.917(0.077) -- Acc 0.970/0.460(0.975)
[1 0 1 1 1 0 0 1 1 1 0 0 0 0 0 0 1 1 0 0 0 0 1 0 0 0 0 0 1 1 1 0 0 1 1 0 1
 1 0 1 0 1 1 0 1 0 0 0 1 0 1 1 1 1 1 1 1 0 0 0 1 1 1 0 1 0 1 1 1 1 1 0 1 1
 1 0 0 1 1 0 0 1 1 0 0 1 0 1 0 1 1 1 1 1 1 0 1 1 1 1]
At 10501/30000: COST 0.013/3.203(0.080) -- Acc 1.000/0.440(0.972)
[0 0 1 1 1 0 0 1 0 1 0 1 1 0 0 1 1 0 0 1 1 1 0 0 1 1 0 1 0 0 0 1 1 0 1 1 0
 0 1 0 0 0 1 1 1 0 1 1 1 0 1 1 1 1 1 0 1 1 0 0 0 0 1 1 0 1 1 1 0 1 1 1 0 1
 0 1 0 1 1 0 0 0 1 0 0 0 0 0 0 1 1 0 1 1 0 0 1 0 0 1]
At 10601/30000: COST 0.034/3.679(0.060) -- Acc 0.980/0.430(0.981)
[0 1 0 0 0 1 1 1 1 0 0 0 1 1 0 1 0 0 0 1 0 1 0 1 0 0 1 1 1 0 0 0 1 0 0 1 0
 0 1 1 1 0 1 0 0 1 0 1 1 1 1 0 1 0 1 1 0 1 0 1 1 0 1 1 0 1 1 1 1 1 1 0 1 1
 0 0 1 0 1 0 1 1 1 1 1 0 1 1 0 1 1 1 0 1 0 0 1 0 1 1]
At 10701/30000: COST 0.054/3.433(0.050) -- Acc 0.980/0.460(0.982)
[0 1 1 1 1 1 0 1 0 1 1 0 1 1 0 0 1 1 1 0 1 0 0 0 0 1 0 1 0 0 1 0 0 1 1 1 0
 0 1 0 0 1 1 0 1 1 0 0 0 1 1 1 0 0 0 1 1 0 0 1 1 0 0 0 0 1 1 1 1 1 0 1 0 0
 1 1 1 0 1 1 0 1 0 0 1 1 1 0 1 1 1 1 0 0 1 1 0 1 0 0]
At 10801/30000: COST 0.019/3.254(0.042) -- Acc 0.990/0.510(0.985)
[1 0 1 1 0 0 1 1 1 1 1 1 1 0 1 0 1 1 1 0 1 0 0 1 0 0 0 1 0 0 0 1 1 1 0 0 0
 1 0 0 1 0 0 1 1 0 0 1 1 1 0 0 1 1 1 1 1 1 0 1 1 1 0 1 0 1 0 1 1 1 0 0 1 1
 1 0 0 1 0 1 1 1 1 1 1 0 0 1 0 0 0 0 0 0 0 0 1 1 0 1]
At 10901/30000: COST 0.008/3.020(0.035) -- Acc 1.000/0.520(0.987)
[1 1 1 0 1 0 0 0 0 1 1 1 1 1 1 1 0 0 1 0 1 1 1 1 0 0 1 0 0 0 1 1 0 1 1 0 1
 1 1 0 0 0 0 0 1 1 1 0 1 1 1 1 1 1 1 1 1 1 0 0 0 1 0 0 1 1 1 1 0 1 1 1 0 1
 0 0 1 1 0 1 0 1 0 1 0 0 1 1 0 0 1 0 0 1 0 0 0 1 1 1]
At 11001/30000: COST 0.027/3.431(0.021) -- Acc 0.980/0.490(0.993)
[1 0 0 1 1 1 1 1 1 0 0 1 0 1 0 0 1 0 0 1 1 0 0 0 1 0 0 0 1 1 1 1 0 0 1 0 1
 1 0 1 1 0 1 0 1 1 1 1 0 0 1 1 0 1 1 0 1 1 1 0 1 0 1 0 0 1 0 1 0 0 1 1 1 1
 0 1 1 0 1 1 0 1 1 0 1 1 0 1 1 1 0 1 0 1 1 0 1 1 1 0]
At 11101/30000: COST 0.004/3.484(0.013) -- Acc 1.000/0.460(0.996)
[1 1 1 1 1 1 1 1 0 1 1 0 1 1 1 1 1 0 1 0 1 1 1 1 0 1 0 1 1 1 0 0 1 0 0 1 0
 1 0 0 1 0 1 1 0 1 1 1 0 1 0 1 1 1 1 1 1 1 1 1 1 1 1 0 1 1 1 0 1 1 0 1 1 1
 0 0 0 0 1 1 1 0 0 1 0 0 1 0 0 1 1 0 0 0 0 0 1 0 0 1]
At 11201/30000: COST 0.040/3.599(0.011) -- Acc 0.990/0.440(0.996)
[0 1 1 0 1 1 1 1 1 0 1 1 0 0 0 1 1 1 1 1 1 1 1 0 0 1 1 1 1 1 0 1 0 0 1 1 1
 1 1 1 1 1 1 1 0 1 0 0 1 0 0 0 1 1 0 1 1 0 0 1 0 1 1 0 0 0 1 0 0 0 0 1 1 1
 0 0 1 1 0 1 0 0 1 0 1 0 1 1 0 0 1 0 1 0 1 1 1 0 0 0]
At 11301/30000: COST 0.008/3.521(0.017) -- Acc 1.000/0.450(0.995)
[1 0 0 0 1 1 0 1 0 0 1 1 0 0 1 0 1 1 1 1 1 1 1 0 0 1 1 1 0 1 1 1 1 1 0 0 0
 0 1 1 1 0 1 0 1 1 0 1 0 1 0 0 1 1 0 0 0 1 1 0 0 1 1 0 1 0 0 1 1 0 1 0 1 1
 1 1 0 0 1 0 1 0 1 1 0 0 1 1 1 1 0 0 1 0 0 1 0 0 1 1]
At 11401/30000: COST 0.045/3.690(0.022) -- Acc 0.990/0.450(0.993)
[0 1 0 0 1 1 0 0 1 1 0 0 1 1 1 1 0 1 0 1 0 0 1 1 1 1 1 0 1 0 0 0 0 1 0 1 1
 0 0 0 1 0 1 1 1 0 1 1 0 0 1 1 1 1 0 1 1 1 0 0 1 0 0 1 0 1 0 1 1 1 1 0 1 1
 0 0 1 0 1 1 1 1 0 1 1 1 1 0 1 0 1 1 1 1 1 0 1 1 1 0]
At 11501/30000: COST 0.007/3.324(0.017) -- Acc 1.000/0.530(0.994)
[1 1 0 0 0 1 0 0 1 1 1 0 1 1 0 1 1 0 0 1 0 1 0 1 0 0 1 0 0 0 1 0 1 1 1 1 1
 1 0 1 1 0 1 0 0 1 1 1 1 0 1 1 1 1 1 0 0 1 0 1 1 1 1 1 0 0 1 1 1 1 1 0 0 1
 0 0 0 1 1 0 0 1 1 1 1 0 1 0 1 0 0 0 1 1 1 1 0 1 1 0]
At 11601/30000: COST 0.001/3.841(0.015) -- Acc 1.000/0.480(0.995)
[0 0 1 1 1 0 1 1 0 1 0 1 1 1 1 1 0 1 1 0 1 1 1 0 1 1 1 1 1 0 0 1 1 1 1 0 1
 1 0 0 0 1 1 1 1 0 0 0 1 0 0 1 1 1 0 0 0 0 1 0 1 0 0 0 0 0 0 1 1 1 1 1 1 0
 0 0 1 1 0 0 0 0 1 0 1 0 1 1 1 1 1 1 0 1 1 0 1 1 1 1]
At 11701/30000: COST 0.009/3.766(0.015) -- Acc 1.000/0.520(0.995)
[0 0 0 0 1 0 1 1 1 1 1 1 1 1 0 1 1 1 1 1 0 0 1 1 1 0 1 1 0 0 0 0 1 1 1 0 1
 1 1 0 0 0 1 0 1 1 0 0 0 1 0 1 1 1 0 0 1 1 1 1 1 0 0 0 1 0 0 1 1 1 1 0 1 0
 1 1 1 1 0 0 1 1 1 1 1 1 0 0 1 1 0 0 0 1 0 1 0 0 0 1]
At 11801/30000: COST 0.017/3.337(0.034) -- Acc 0.990/0.450(0.988)
[1 1 0 1 1 0 0 1 1 0 1 1 1 1 1 1 0 0 1 1 1 1 1 1 0 1 0 1 1 1 1 1 1 0 1 0 0
 0 1 1 0 1 0 0 0 0 1 1 1 1 0 0 1 1 1 0 0 0 0 1 1 0 1 0 1 0 1 1 0 1 1 0 0 1
 1 1 1 0 1 1 0 1 0 0 0 0 1 0 0 0 0 0 1 0 1 1 1 1 1 1]
At 11901/30000: COST 0.046/3.530(0.033) -- Acc 0.980/0.440(0.989)
[1 0 1 1 1 1 0 1 0 0 1 1 0 0 1 0 1 1 0 1 1 1 1 1 0 0 1 0 0 0 1 0 0 1 0 1 1
 1 1 1 1 1 0 0 1 1 0 0 1 1 0 0 1 0 0 0 1 1 0 1 0 1 0 0 1 1 1 1 1 1 0 0 0 0
 0 1 0 1 1 1 0 0 0 1 1 0 1 0 0 1 1 0 1 1 0 0 0 1 1 1]
At 12001/30000: COST 0.014/3.545(0.056) -- Acc 1.000/0.460(0.982)
[1 1 0 0 1 0 0 1 0 0 0 1 1 1 0 1 1 1 1 1 1 1 1 1 1 1 1 1 1 0 1 0 1 1 1 1 0
 0 0 1 0 0 0 1 0 1 0 1 1 1 0 0 1 1 1 0 1 1 1 1 0 0 1 1 0 1 0 1 0 1 0 0 0 1
 1 1 0 1 1 0 1 1 0 0 1 0 0 0 0 1 1 0 1 1 1 1 1 1 0 0]
At 12101/30000: COST 0.024/3.200(0.054) -- Acc 1.000/0.530(0.983)
[1 1 1 1 0 0 1 1 0 0 1 1 1 0 0 1 1 0 1 1 1 1 0 1 1 0 1 1 0 1 1 0 1 0 1 0 1
 1 0 1 0 0 1 1 1 1 0 0 0 0 0 1 1 1 0 0 0 1 1 1 0 1 1 0 0 1 0 1 0 0 1 1 0 1
 1 1 1 1 1 1 1 1 1 1 1 1 1 1 1 1 0 1 0 1 1 0 0 0 1 1]
At 12201/30000: COST 0.017/3.735(0.050) -- Acc 0.990/0.510(0.984)
[0 1 0 1 1 1 0 0 1 1 1 1 1 1 1 0 0 0 0 1 0 1 1 0 0 1 0 0 1 1 1 1 1 0 0 1 0
 0 1 1 1 1 1 0 1 0 0 0 1 1 0 0 1 0 1 1 0 1 0 1 1 1 0 0 0 0 0 0 1 1 1 0 1 1
 1 0 1 1 0 1 0 0 0 0 1 1 1 0 1 0 0 0 1 1 1 1 1 1 1 1]
At 12301/30000: COST 0.021/3.756(0.035) -- Acc 0.990/0.480(0.988)
[1 0 1 1 1 0 1 0 1 0 0 0 1 0 1 1 1 0 1 1 1 1 0 1 0 1 1 1 1 0 0 1 1 0 0 1 0
 0 0 1 0 1 1 0 1 1 1 0 0 0 1 1 0 0 1 1 0 1 0 1 1 1 1 0 0 0 0 1 1 0 1 0 0 1
 1 1 1 1 1 1 0 1 0 1 0 1 0 0 0 0 0 0 0 0 1 1 1 0 1 0]
At 12401/30000: COST 0.033/3.763(0.025) -- Acc 0.980/0.490(0.991)
[0 1 1 1 1 0 1 0 1 1 1 1 1 1 1 1 1 1 1 0 1 0 0 1 0 0 1 0 1 1 0 0 1 1 1 0 0
 1 1 0 0 0 1 1 1 0 1 1 0 0 1 0 1 1 1 1 1 0 1 1 0 0 0 1 1 0 0 1 1 1 0 1 1 1
 1 0 0 0 0 0 1 0 0 0 0 0 1 0 0 1 0 1 1 1 0 1 0 0 0 1]
At 12501/30000: COST 0.022/4.219(0.021) -- Acc 0.990/0.450(0.993)
[0 1 0 1 1 1 0 1 0 0 0 0 1 0 0 1 1 1 1 1 0 1 1 0 0 1 0 1 1 0 1 1 1 1 0 0 1
 1 1 0 1 1 1 1 1 1 1 1 0 1 1 1 0 0 1 0 0 1 1 0 0 1 1 1 0 0 1 0 1 1 0 0 1 0
 1 0 0 0 0 1 1 0 0 1 0 0 1 0 0 1 0 1 1 0 1 1 0 1 1 0]
At 12601/30000: COST 0.015/4.378(0.021) -- Acc 0.990/0.450(0.993)
[1 0 1 1 0 1 1 1 0 1 1 0 1 1 1 1 0 1 1 1 1 1 1 1 0 1 1 1 0 0 0 1 0 0 0 1 0
 1 1 1 1 0 0 1 1 1 0 1 0 0 1 1 1 1 1 1 1 0 0 1 0 1 1 0 1 0 0 1 0 0 0 1 0 1
 1 1 1 0 1 0 1 0 1 0 1 0 1 0 0 1 0 1 1 0 0 0 0 1 0 1]
At 12701/30000: COST 0.072/3.445(0.033) -- Acc 0.970/0.520(0.989)
[0 1 1 1 0 0 1 1 1 1 0 1 0 1 0 0 1 0 0 0 0 1 1 1 1 0 0 0 1 1 1 1 0 0 0 1 1
 0 1 1 1 0 1 0 0 1 1 1 0 0 0 0 1 1 0 0 1 1 0 1 0 1 1 1 0 1 1 0 1 1 1 0 1 1
 0 1 0 0 1 1 0 0 1 1 1 1 1 0 0 1 1 1 1 0 0 0 1 0 1 0]
At 12801/30000: COST 0.071/3.850(0.034) -- Acc 0.980/0.450(0.989)
[1 0 1 1 1 1 0 0 1 1 1 1 0 0 1 1 0 0 1 1 1 0 1 1 0 0 1 0 1 1 1 1 1 0 0 1 0
 0 0 0 0 0 1 0 1 1 1 0 0 1 0 0 1 0 0 0 0 0 0 1 1 0 1 0 0 1 1 0 1 0 1 0 0 1
 0 1 0 0 1 0 1 1 1 1 0 0 0 0 0 0 1 0 1 0 0 0 1 1 0 0]
At 12901/30000: COST 0.182/3.693(0.037) -- Acc 0.970/0.440(0.988)
[1 1 1 1 1 1 0 0 0 0 1 0 1 0 0 1 0 1 1 1 0 1 1 1 1 0 0 0 0 1 0 1 0 1 1 0 0
 0 0 0 1 1 0 0 1 0 1 0 0 0 0 1 1 0 1 1 0 1 0 0 0 0 0 1 0 0 0 0 1 0 0 0 1 1
 1 0 1 0 1 1 0 1 1 1 1 1 0 0 1 0 0 0 0 0 1 1 0 1 1 1]
At 13001/30000: COST 0.036/3.563(0.058) -- Acc 0.990/0.470(0.982)
[1 1 0 1 1 0 0 1 1 0 1 0 1 0 0 1 0 0 1 1 0 1 1 1 1 0 1 0 0 1 1 0 1 0 1 0 0
 1 0 1 0 0 0 0 1 0 1 0 1 1 0 0 1 1 0 0 0 1 0 0 0 0 1 1 1 1 0 1 1 0 0 0 1 0
 0 1 1 1 0 1 0 1 0 0 1 0 0 1 1 1 1 0 0 1 1 0 1 1 1 1]
At 13101/30000: COST 0.009/2.856(0.057) -- Acc 1.000/0.510(0.981)
[0 1 1 1 0 0 1 1 1 0 0 0 1 0 0 0 1 1 1 1 1 1 0 0 0 1 0 1 1 0 1 1 1 0 0 1 0
 0 0 1 1 1 1 0 1 1 0 1 1 1 0 0 0 1 1 1 1 0 1 1 0 0 0 1 1 1 1 1 1 1 1 1 1 1
 1 0 1 1 0 1 0 0 0 1 0 1 0 1 0 1 0 1 1 0 0 0 0 0 1 1]
At 13201/30000: COST 0.030/3.259(0.042) -- Acc 0.990/0.510(0.985)
[0 1 0 0 0 1 1 0 1 0 1 1 0 1 1 1 1 1 1 1 1 0 0 1 1 0 1 0 1 0 1 0 1 0 0 1 1
 1 1 0 1 0 0 0 0 1 1 0 1 0 1 0 0 1 1 0 0 0 0 1 0 0 0 0 1 0 1 1 0 1 1 1 1 0
 1 1 1 0 0 0 0 1 0 1 0 1 1 0 1 1 0 1 0 1 1 0 1 1 1 0]
At 13301/30000: COST 0.004/3.458(0.028) -- Acc 1.000/0.470(0.991)
[1 1 1 0 1 1 1 0 0 0 1 1 0 0 1 1 0 0 0 1 1 1 1 0 1 0 1 1 0 0 1 0 0 0 0 1 1
 0 0 0 1 0 0 1 0 0 1 1 0 0 1 0 1 1 1 1 0 1 1 0 1 0 1 1 1 1 1 0 1 0 1 0 0 0
 1 1 0 0 0 1 1 0 0 1 1 0 1 1 1 1 1 1 0 0 1 1 1 0 1 0]
At 13401/30000: COST 0.015/3.382(0.048) -- Acc 1.000/0.480(0.985)
[0 1 1 1 1 0 0 1 0 0 1 1 0 1 0 0 1 1 0 1 1 1 0 1 1 0 0 0 1 1 0 1 0 0 0 1 0
 0 0 0 0 0 0 0 1 1 0 0 1 0 1 0 1 0 0 0 1 1 1 1 0 1 1 1 0 1 1 0 1 0 0 1 0 0
 0 1 1 0 0 0 1 0 0 0 0 1 1 0 0 0 1 1 1 0 1 0 0 0 0 1]
At 13501/30000: COST 0.169/3.850(0.051) -- Acc 0.960/0.500(0.983)
[1 1 1 1 0 1 0 0 0 0 1 1 0 1 0 0 0 0 0 1 1 0 0 1 0 1 1 1 1 1 0 0 1 1 1 1 1
 1 1 1 1 1 1 1 0 0 0 1 0 0 0 0 1 0 0 0 0 1 0 0 0 0 0 1 1 0 1 1 1 1 1 0 0 0
 1 1 1 0 1 1 1 0 0 1 0 0 1 1 0 0 0 0 0 1 1 0 0 0 1 1]
At 13601/30000: COST 0.157/3.816(0.072) -- Acc 0.950/0.420(0.976)
[1 1 0 0 1 0 1 0 0 1 0 1 0 0 0 1 0 0 1 0 1 0 1 1 1 1 0 0 0 0 1 0 1 1 0 1 1
 0 1 1 1 1 1 1 0 0 0 1 0 1 1 1 1 0 0 1 0 1 1 0 0 0 1 0 0 0 1 0 0 1 1 0 0 1
 0 0 0 0 0 1 1 0 0 1 0 1 1 1 1 1 1 0 1 1 1 0 0 1 0 0]
At 13701/30000: COST 0.067/3.076(0.090) -- Acc 0.960/0.530(0.970)
[0 1 1 1 1 0 0 1 1 0 0 0 0 0 0 1 1 0 1 1 1 0 1 0 0 0 0 0 1 0 1 0 0 0 1 0 1
 0 1 0 0 1 1 0 0 1 1 1 0 1 0 1 0 0 1 1 1 1 0 1 1 0 0 0 1 1 0 0 1 0 0 0 1 0
 1 1 0 1 0 0 1 1 1 1 1 0 1 0 1 1 0 1 0 1 0 0 1 0 0 0]
At 13801/30000: COST 0.064/3.135(0.084) -- Acc 0.960/0.490(0.971)
[1 1 0 0 1 0 1 0 0 0 0 0 1 0 1 0 1 0 1 0 0 1 0 0 0 1 1 1 0 0 0 1 1 1 0 1 0
 0 0 0 0 0 1 0 0 0 0 0 1 1 1 1 0 1 1 1 1 0 1 1 1 1 1 0 0 1 1 1 1 0 1 1 1 1
 0 0 1 0 0 1 0 0 0 1 1 1 0 0 1 0 0 0 0 1 0 0 0 1 0 0]
At 13901/30000: COST 0.141/3.254(0.084) -- Acc 0.970/0.490(0.970)
[0 0 1 1 0 0 0 1 1 1 1 0 0 0 1 1 0 0 1 0 0 0 1 1 1 1 0 1 0 0 0 0 1 1 0 1 1
 1 1 0 0 1 0 0 0 0 1 1 1 1 0 1 0 0 0 1 0 0 1 0 1 0 0 0 0 0 1 0 0 1 1 1 0 0
 1 0 0 1 1 0 1 0 1 1 1 1 0 1 1 1 1 0 0 1 1 1 0 0 1 0]
At 14001/30000: COST 0.069/2.779(0.079) -- Acc 0.980/0.560(0.972)
[1 1 1 0 0 1 1 0 1 0 1 1 0 0 0 0 1 1 1 0 1 1 1 0 1 1 0 0 0 1 0 1 1 1 1 1 0
 0 1 0 1 0 1 1 1 1 0 1 0 0 1 0 1 1 1 1 1 1 0 0 1 0 0 0 0 0 0 1 1 1 0 1 1 1
 1 0 0 0 1 0 0 1 0 1 1 1 0 0 0 1 0 1 0 1 0 1 1 1 1 1]
At 14101/30000: COST 0.180/3.145(0.095) -- Acc 0.970/0.460(0.968)
[1 0 0 1 0 1 0 0 0 1 0 0 0 0 1 0 1 1 0 1 0 0 0 0 1 1 1 0 0 0 0 1 0 1 1 1 0
 1 1 1 0 0 1 1 0 1 0 1 1 0 0 1 0 1 1 1 1 0 0 1 0 0 1 1 1 1 1 1 1 0 0 1 0 0
 0 0 1 1 1 1 1 1 0 1 0 1 1 0 1 1 1 0 0 0 1 1 1 0 1 1]
At 14201/30000: COST 0.109/2.811(0.089) -- Acc 0.950/0.530(0.968)
[0 1 0 1 0 1 0 1 1 1 1 0 1 0 1 1 1 0 1 1 1 1 0 0 0 1 1 1 0 0 0 1 1 1 1 1 0
 1 1 1 1 1 0 1 0 0 0 0 1 0 1 1 1 1 1 0 0 0 0 0 1 0 0 1 1 0 0 0 1 1 1 0 0 0
 0 0 1 1 1 1 0 1 1 1 1 1 0 1 1 1 0 0 0 0 1 1 0 0 0 0]
At 14301/30000: COST 0.088/3.317(0.082) -- Acc 0.990/0.380(0.972)
[0 1 0 1 1 1 0 1 0 1 1 0 1 1 1 1 1 0 0 0 0 1 1 0 0 0 1 0 0 1 1 1 1 1 0 1 0
 0 0 1 1 1 0 0 1 1 0 1 1 1 1 0 0 1 1 0 1 0 1 1 1 0 1 0 0 0 1 1 1 0 0 1 1 0
 1 1 0 0 0 1 0 0 1 0 0 0 1 1 0 1 0 0 1 1 1 1 1 1 1 0]
At 14401/30000: COST 0.116/2.702(0.099) -- Acc 0.980/0.490(0.968)
[1 1 1 0 1 1 1 0 1 0 0 1 0 1 0 1 0 1 0 0 0 1 1 0 1 1 0 0 1 0 0 0 1 1 1 1 0
 0 0 1 1 0 1 0 0 0 0 1 1 0 1 1 1 0 0 0 0 0 1 1 0 1 0 1 1 1 1 1 0 1 1 1 1 1
 0 1 0 0 1 1 1 1 0 1 1 1 1 1 0 0 0 0 0 0 1 1 0 1 1 0]
At 14501/30000: COST 0.085/2.903(0.094) -- Acc 0.960/0.520(0.968)
[1 1 1 1 0 0 0 0 1 1 1 0 0 1 1 1 1 1 1 1 1 0 1 0 0 1 1 1 1 0 1 1 1 1 0 1 1
 0 0 0 1 0 0 1 1 0 0 0 1 1 1 1 1 1 0 0 0 0 1 0 0 0 0 1 0 0 1 1 0 1 0 1 1 0
 1 1 1 1 1 1 1 0 0 0 1 1 1 1 0 1 1 0 1 1 1 1 0 1 1 0]
At 14601/30000: COST 0.075/2.805(0.098) -- Acc 0.970/0.480(0.964)
[1 1 1 1 1 0 0 0 0 1 1 0 1 0 1 1 1 1 0 1 1 1 0 0 1 1 0 1 0 0 0 1 1 0 0 0 1
 1 1 0 0 0 1 1 0 0 0 0 1 0 0 1 1 0 0 0 1 1 0 0 1 1 1 1 1 1 0 0 1 1 1 0 0 1
 1 0 1 1 0 0 0 0 0 1 1 1 1 0 1 0 0 1 1 1 0 1 0 1 1 0]
At 14701/30000: COST 0.120/2.732(0.081) -- Acc 0.960/0.490(0.971)
[1 0 1 0 0 1 0 1 1 1 1 1 0 0 0 1 0 0 0 1 0 1 1 0 1 0 0 1 1 0 1 0 1 0 1 0 0
 1 1 0 1 0 1 1 1 0 1 1 1 0 0 1 1 1 1 1 0 0 1 0 1 0 0 0 0 1 0 0 0 1 1 1 1 1
 1 1 0 1 0 0 1 0 0 1 0 0 1 1 0 0 1 0 0 1 1 1 1 0 1 0]
At 14801/30000: COST 0.042/2.823(0.079) -- Acc 0.980/0.460(0.971)
[0 0 0 0 0 0 1 0 0 1 1 0 1 0 1 0 1 1 1 1 0 0 1 1 1 1 1 0 0 0 0 1 0 1 0 1 0
 1 1 1 0 0 0 1 0 1 0 0 0 0 1 1 0 1 0 1 0 1 0 0 1 1 1 0 0 1 1 1 0 1 0 1 0 1
 0 1 1 0 0 0 1 1 0 0 0 0 1 1 1 1 1 0 1 1 1 1 0 1 0 1]
At 14901/30000: COST 0.087/2.961(0.081) -- Acc 0.960/0.420(0.971)
[1 1 0 0 0 0 0 1 1 0 1 1 1 1 1 0 0 0 0 0 1 0 1 1 1 0 1 1 0 1 0 0 1 1 1 1 1
 1 1 1 0 1 1 0 1 1 1 1 1 1 0 1 1 0 1 1 1 0 0 0 0 0 1 0 1 1 1 0 1 0 0 1 0 0
 1 1 1 0 1 0 1 0 1 1 0 1 0 0 1 1 0 1 1 1 0 1 1 0 1 1]
At 15001/30000: COST 0.042/2.567(0.069) -- Acc 0.990/0.510(0.976)
[1 1 0 0 1 0 1 0 0 1 1 0 0 0 1 1 1 0 0 1 0 1 1 0 1 0 1 1 0 0 0 1 0 0 1 0 0
 0 0 1 1 1 1 1 1 0 0 1 0 1 1 1 1 1 1 0 1 0 0 0 0 0 1 1 1 0 0 1 1 0 0 1 1 1
 0 1 1 1 1 1 1 1 1 0 1 1 1 1 0 1 0 0 0 0 0 1 0 0 0 0]
At 15101/30000: COST 0.172/3.103(0.076) -- Acc 0.960/0.500(0.975)
[0 1 0 1 1 0 1 1 1 1 1 1 1 1 0 1 1 0 1 1 1 1 1 1 0 0 0 1 1 0 0 1 1 1 1 0 1
 0 0 0 0 0 0 0 1 1 0 1 0 0 0 1 1 1 1 1 1 0 0 1 0 0 1 0 1 1 1 0 1 1 0 0 0 1
 1 1 1 1 1 0 1 0 1 0 0 0 1 0 1 1 0 1 1 1 1 1 0 0 0 1]
At 15201/30000: COST 0.013/3.049(0.082) -- Acc 1.000/0.520(0.970)
[0 0 1 0 1 1 0 1 1 1 0 0 0 1 1 0 1 0 1 1 0 1 1 0 0 1 1 0 1 1 0 0 0 0 1 0 1
 1 0 0 0 0 0 1 1 1 0 1 0 0 0 0 0 0 1 0 1 1 0 1 0 1 1 0 1 0 1 0 0 1 1 0 0 1
 1 1 1 0 1 1 1 0 1 0 0 1 1 1 0 1 0 0 1 0 1 1 1 0 1 1]
At 15301/30000: COST 0.101/3.083(0.077) -- Acc 0.970/0.430(0.973)
[0 0 0 0 0 1 1 0 0 0 0 1 1 0 1 1 0 0 0 1 0 0 0 0 1 1 1 1 0 0 1 1 1 1 1 1 0
 0 1 1 0 1 1 1 1 1 1 0 1 1 1 1 0 0 0 0 1 1 1 0 0 1 1 0 1 1 0 1 0 1 1 1 1 1
 0 1 0 1 1 1 1 1 1 1 1 1 1 0 1 1 1 1 1 0 0 1 1 0 1 0]
At 15401/30000: COST 0.096/2.767(0.078) -- Acc 0.950/0.480(0.972)
[1 0 1 1 1 1 0 1 0 1 0 0 0 0 1 1 0 1 1 1 1 1 0 1 1 0 0 0 1 0 0 1 1 1 0 1 0
 0 1 1 1 1 0 0 0 1 1 0 1 1 1 1 0 1 1 1 0 1 0 0 1 1 1 1 1 1 1 1 0 1 1 1 0 1
 1 0 1 1 0 0 0 0 1 0 0 0 1 1 0 1 0 0 0 0 0 0 1 1 1 0]
At 15501/30000: COST 0.144/2.979(0.081) -- Acc 0.960/0.400(0.970)
[0 1 1 1 0 1 1 1 0 1 1 1 0 1 0 0 0 1 1 1 1 0 1 1 1 1 0 1 1 0 0 0 1 0 0 1 0
 0 1 1 0 1 0 1 0 0 1 0 0 1 1 1 0 0 0 1 0 0 1 1 1 1 1 1 0 1 0 1 0 1 0 0 0 0
 0 1 1 0 1 0 1 0 0 1 0 1 0 0 1 1 0 0 1 0 1 1 1 1 1 0]
At 15601/30000: COST 0.214/2.700(0.108) -- Acc 0.960/0.450(0.966)
[1 1 0 0 1 1 0 1 0 1 1 1 0 1 1 1 1 0 1 0 0 0 0 0 1 1 0 1 1 0 0 1 1 0 1 0 0
 0 1 1 1 0 1 1 0 0 1 0 0 1 0 0 1 1 1 1 0 0 1 1 1 0 1 1 1 1 1 0 1 0 0 0 0 0
 1 1 1 1 0 0 1 1 0 1 1 1 0 1 1 0 1 0 1 0 0 1 1 1 1 1]
At 15701/30000: COST 0.044/2.967(0.099) -- Acc 0.980/0.450(0.967)
[1 1 1 0 1 0 0 1 1 1 1 1 0 1 0 1 0 1 0 0 1 1 0 0 1 1 0 1 0 1 0 1 1 1 0 0 0
 0 1 1 1 0 0 0 1 1 0 1 1 0 0 1 1 1 0 0 1 1 0 0 0 0 0 1 1 0 0 1 0 1 0 1 0 1
 1 1 1 1 1 1 0 1 0 1 0 1 1 1 1 0 1 0 1 0 1 0 1 1 1 1]
At 15801/30000: COST 0.047/2.848(0.087) -- Acc 0.980/0.490(0.969)
[1 1 0 1 1 1 1 1 1 1 1 0 0 1 0 1 1 0 1 1 0 0 0 0 1 0 1 1 0 0 1 0 0 1 1 1 1
 1 1 1 0 0 1 0 1 0 0 0 0 0 1 1 1 0 1 0 1 1 0 1 1 0 1 0 1 1 0 0 0 0 0 0 0 0
 0 1 1 1 1 1 1 1 1 0 1 0 1 1 1 0 1 0 0 1 1 0 1 1 0 1]
At 15901/30000: COST 0.093/3.311(0.076) -- Acc 0.990/0.460(0.973)
[0 1 0 0 1 1 1 0 1 0 1 1 0 1 1 0 1 1 1 0 0 1 1 1 0 1 1 0 0 1 1 0 0 1 0 0 1
 0 1 0 1 1 1 1 1 1 0 1 1 1 0 1 1 1 1 0 1 1 0 0 1 0 0 0 0 1 0 0 1 0 1 1 1 1
 1 0 1 0 0 0 0 1 1 1 0 1 1 0 0 1 1 1 1 0 1 1 1 1 1 0]
At 16001/30000: COST 0.132/2.854(0.096) -- Acc 0.960/0.450(0.967)
[1 1 0 0 1 1 1 1 1 1 0 1 0 0 0 1 1 0 1 0 1 0 0 1 0 0 0 1 1 0 1 1 1 1 1 0 1
 1 1 1 0 0 1 1 1 1 1 1 0 1 0 1 1 1 0 0 1 1 1 1 1 1 1 0 0 0 1 1 0 1 0 1 0 1
 0 1 1 0 0 1 1 1 1 0 1 1 1 1 1 1 0 1 0 0 0 1 0 1 0 1]
At 16101/30000: COST 0.105/3.039(0.092) -- Acc 0.960/0.420(0.967)
[1 1 0 0 1 1 1 0 0 0 0 1 0 0 1 1 1 1 1 0 0 0 0 1 1 1 1 1 1 0 1 1 1 0 1 0 1
 0 0 0 1 0 1 1 0 1 1 1 1 1 1 1 1 0 1 0 0 1 1 1 0 1 0 1 0 1 1 1 0 1 0 1 0 0
 0 0 1 0 0 1 1 0 0 1 1 0 1 0 0 0 1 1 1 0 0 0 1 0 1 1]
At 16201/30000: COST 0.067/2.824(0.095) -- Acc 0.970/0.490(0.966)
[0 0 1 1 0 1 1 0 1 0 0 0 0 1 1 0 0 1 1 0 0 1 1 1 0 0 0 1 1 1 1 1 0 0 1 0 0
 0 0 1 0 0 1 0 0 1 0 1 0 1 1 1 0 1 1 0 0 0 1 1 0 1 1 0 0 0 0 1 1 0 0 0 1 1
 0 0 0 1 1 0 1 0 1 1 1 0 1 1 1 0 0 1 0 0 1 1 0 0 0 0]
At 16301/30000: COST 0.260/2.895(0.121) -- Acc 0.910/0.540(0.957)
[0 1 1 0 0 1 0 0 1 1 1 0 0 0 1 1 0 1 1 0 1 1 1 1 1 1 1 0 0 1 1 1 0 0 1 1 0
 1 0 0 0 1 0 1 0 1 0 1 1 1 1 1 1 0 0 1 1 0 0 1 1 0 1 1 1 1 1 0 1 1 1 0 0 0
 0 0 0 1 1 0 1 0 0 0 0 0 0 1 0 0 1 0 1 1 1 0 0 1 1 1]
At 16401/30000: COST 0.211/2.409(0.194) -- Acc 0.920/0.500(0.934)
[1 1 0 0 1 0 1 1 1 1 0 1 1 1 0 1 1 1 0 1 1 1 0 1 0 0 0 0 1 0 1 0 0 1 1 0 1
 0 0 0 0 0 0 1 1 0 0 1 0 0 1 1 0 1 0 0 1 1 1 0 0 0 0 1 0 1 0 0 1 1 0 0 1 0
 0 1 0 0 0 1 1 0 0 1 1 0 1 0 1 0 1 1 1 0 1 0 1 0 1 0]
At 16501/30000: COST 0.291/1.772(0.200) -- Acc 0.910/0.520(0.927)
[1 1 0 1 1 0 0 1 0 1 0 0 0 0 1 0 1 1 1 1 1 1 0 0 1 1 1 1 1 0 1 1 0 0 0 1 1
 1 1 0 1 0 1 0 0 1 0 1 0 0 0 1 1 0 0 0 0 0 0 1 1 1 1 0 1 1 0 0 0 0 0 1 0 0
 1 0 0 1 0 0 1 1 1 0 0 0 1 1 1 1 1 0 0 0 1 0 1 1 1 0]
At 16601/30000: COST 0.236/2.064(0.232) -- Acc 0.900/0.520(0.917)
[0 0 1 1 0 0 1 0 0 0 1 0 0 1 0 1 0 1 1 0 1 1 0 0 1 0 1 1 0 1 1 1 1 1 1 0 0
 1 1 0 1 1 1 1 1 0 1 1 0 0 1 1 0 1 1 0 0 0 0 1 1 0 0 0 1 0 0 1 1 1 1 0 1 0
 0 0 0 1 1 1 0 0 0 1 1 1 1 1 0 1 1 1 1 0 1 1 0 0 0 1]
At 16701/30000: COST 0.244/1.613(0.278) -- Acc 0.920/0.500(0.899)
[0 1 1 0 0 1 1 0 1 0 1 0 0 1 0 1 1 1 0 0 1 1 1 1 1 1 1 1 1 1 0 1 1 0 0 1 0
 0 1 1 0 0 0 0 0 1 1 1 1 0 0 1 1 0 0 0 1 1 1 1 1 0 0 1 1 0 0 1 0 1 1 0 0 0
 1 1 0 1 0 1 1 0 1 0 0 0 0 0 1 1 0 0 0 1 0 0 0 1 1 0]
At 16801/30000: COST 0.356/1.420(0.291) -- Acc 0.860/0.530(0.887)
[0 1 0 0 1 1 1 0 0 1 1 0 1 1 1 0 1 0 1 1 1 1 1 1 1 0 1 0 1 1 0 0 0 0 0 1 0
 0 1 1 0 1 1 1 1 0 1 0 0 0 1 1 0 0 0 1 1 1 1 0 0 0 1 1 0 0 1 0 0 0 0 1 1 1
 1 0 1 1 1 0 1 0 1 0 0 0 0 0 1 1 1 1 1 0 1 1 1 0 0 0]
At 16901/30000: COST 0.535/1.363(0.346) -- Acc 0.790/0.490(0.859)
[0 1 1 0 0 1 1 1 1 0 0 0 1 0 1 0 1 0 1 1 0 1 0 0 1 0 1 0 1 0 0 0 1 0 1 1 1
 0 0 0 0 0 0 0 1 1 1 1 0 0 0 1 0 0 0 1 0 1 0 1 1 1 1 1 0 0 0 1 1 0 0 1 1 1
 0 0 0 0 0 0 1 0 0 1 1 1 0 0 1 0 1 1 0 1 1 0 1 0 1 0]
At 17001/30000: COST 0.408/1.191(0.424) -- Acc 0.820/0.500(0.822)
[0 1 1 0 0 1 0 1 0 0 0 1 1 0 0 0 1 1 1 1 0 0 1 0 0 0 0 1 0 0 0 0 0 0 1 1 0
 1 0 1 1 0 1 1 1 0 1 1 1 1 0 0 1 0 0 1 1 1 0 1 1 0 0 1 1 1 1 1 0 0 0 0 0 0
 0 0 1 1 1 0 1 0 0 0 1 1 0 1 1 1 1 0 0 0 1 0 1 1 0 1]
At 17101/30000: COST 0.539/0.912(0.455) -- Acc 0.750/0.500(0.797)
[0 0 0 0 1 1 1 0 1 0 1 0 1 1 1 1 1 1 1 0 0 0 1 1 1 1 0 1 1 0 0 1 0 1 0 0 0
 1 1 1 0 1 0 0 1 1 1 0 1 0 1 0 0 1 1 0 0 1 1 1 0 1 1 0 1 0 0 0 0 1 1 1 0 1
 0 1 1 0 0 0 0 1 0 0 0 1 1 1 1 1 0 0 0 0 0 1 0 1 1 0]
At 17201/30000: COST 0.429/1.097(0.440) -- Acc 0.810/0.490(0.800)
[0 0 1 1 1 0 1 0 1 0 0 1 1 0 0 1 0 0 0 1 0 0 0 0 1 0 0 1 1 1 1 0 1 1 1 0 1
 1 1 1 0 0 1 1 0 0 1 0 0 1 0 1 1 0 1 1 0 1 1 0 0 1 1 0 1 1 0 1 0 0 0 0 0 0
 0 1 0 0 0 1 0 0 0 0 1 0 1 1 1 0 0 0 0 0 1 1 1 1 1 1]
At 17301/30000: COST 0.520/1.110(0.444) -- Acc 0.730/0.490(0.797)
[0 1 0 0 1 1 1 1 0 0 0 1 0 0 1 1 1 0 1 1 0 0 1 0 1 0 1 1 1 1 0 0 0 0 1 1 0
 1 0 0 0 0 0 0 1 0 0 0 1 0 0 1 1 0 0 0 1 1 1 1 1 1 1 1 1 1 0 0 1 1 0 1 0 1
 0 0 1 0 1 0 1 1 1 0 0 0 1 0 0 1 0 1 0 1 0 1 1 0 0 0]
At 17401/30000: COST 0.616/0.867(0.513) -- Acc 0.690/0.440(0.754)
[0 1 0 1 1 0 0 1 0 0 0 0 0 1 1 0 0 0 1 0 0 1 1 1 1 1 1 0 1 1 1 0 1 1 1 0 1
 0 0 0 1 0 1 1 0 1 1 1 1 1 0 1 0 0 1 0 1 0 0 0 0 0 0 0 1 1 1 0 0 0 0 1 0 0
 1 0 0 1 0 1 0 1 1 0 1 1 0 1 0 0 1 0 1 1 1 1 0 0 0 1]
At 17501/30000: COST 0.427/0.945(0.516) -- Acc 0.800/0.500(0.751)
[1 0 0 1 1 1 0 1 0 1 0 0 0 1 0 0 1 1 0 0 1 0 1 1 0 1 1 0 1 1 1 1 0 0 1 1 0
 1 1 0 0 1 1 0 0 1 0 0 1 0 0 1 0 1 1 1 1 0 0 1 0 0 1 1 1 1 1 1 0 1 0 0 1 1
 1 1 1 1 1 1 1 1 1 1 1 0 1 0 0 1 0 1 1 0 1 1 1 0 0 1]
At 17601/30000: COST 0.517/0.985(0.500) -- Acc 0.770/0.450(0.762)
[1 1 1 0 0 0 1 1 1 1 0 0 1 0 0 1 0 0 1 0 1 1 1 1 0 1 0 0 0 1 1 1 0 1 1 0 1
 0 1 1 0 0 0 0 1 1 1 1 1 1 1 0 1 1 1 0 1 1 1 1 0 0 1 1 0 0 1 1 0 0 1 1 1 0
 0 1 0 1 1 1 1 0 0 0 1 0 0 0 1 1 1 1 1 0 0 1 0 1 1 1]
At 17701/30000: COST 0.464/1.073(0.469) -- Acc 0.790/0.420(0.782)
[0 0 1 0 1 1 0 1 1 1 1 0 1 1 1 0 0 0 1 1 0 1 0 1 1 1 0 0 0 1 0 0 0 0 1 0 1
 1 1 0 0 0 0 1 1 0 0 1 0 1 1 0 1 0 0 1 1 0 1 0 0 1 1 1 0 1 0 1 1 0 1 1 0 0
 0 0 0 1 1 0 0 1 1 1 1 0 1 1 1 1 0 0 0 0 1 1 0 1 0 1]
At 17801/30000: COST 0.511/1.047(0.458) -- Acc 0.770/0.490(0.789)
[0 1 0 1 1 1 1 1 1 1 0 1 1 0 1 1 1 0 0 1 1 1 0 0 1 1 1 1 1 0 1 1 0 0 0 0 1
 1 0 0 0 1 1 1 1 1 0 1 1 0 1 1 0 0 0 0 1 1 1 1 1 1 0 1 0 1 0 0 1 0 1 1 1 1
 1 1 1 1 1 1 0 0 1 1 0 1 1 0 1 0 1 1 1 0 0 0 0 0 1 0]
At 17901/30000: COST 0.459/1.081(0.458) -- Acc 0.800/0.470(0.787)
[1 1 0 1 1 0 1 1 0 0 1 1 0 0 1 0 0 1 0 1 1 1 1 1 1 1 1 1 0 1 1 1 1 1 1 1 1
 0 1 1 0 1 1 0 1 0 0 1 0 0 1 1 1 1 0 1 1 0 1 0 0 0 1 1 0 1 1 1 0 1 0 0 0 1
 0 0 1 0 1 1 1 0 0 0 1 1 0 0 1 1 1 1 1 1 1 0 0 1 0 1]
At 18001/30000: COST 0.526/1.014(0.456) -- Acc 0.770/0.510(0.785)
[0 0 1 0 0 1 0 0 1 1 0 0 1 1 0 0 1 1 1 1 1 1 1 1 0 0 1 0 0 0 1 0 1 1 1 1 1
 0 1 1 0 1 1 0 1 1 1 1 0 1 1 1 1 1 1 0 1 0 0 0 0 0 1 1 1 1 0 1 1 0 1 0 0 1
 1 1 0 1 0 0 0 0 1 0 1 0 1 0 1 1 0 1 0 1 1 1 1 1 0 0]
At 18101/30000: COST 0.338/1.164(0.440) -- Acc 0.810/0.430(0.795)
[0 1 1 0 1 0 0 1 0 0 1 1 1 0 0 0 1 0 0 0 0 0 1 1 0 0 1 1 0 0 0 1 1 1 1 0 0
 0 1 0 0 0 1 1 1 1 1 1 0 1 1 1 1 1 1 1 0 1 0 0 1 1 0 0 1 0 1 1 1 0 0 0 0 1
 1 1 0 0 0 1 1 1 1 1 1 1 0 1 1 1 0 1 1 0 0 1 1 1 0 0]
At 18201/30000: COST 0.462/1.063(0.448) -- Acc 0.760/0.440(0.789)
[1 1 0 0 0 1 0 1 1 0 1 1 1 0 1 0 1 1 1 1 1 0 0 1 1 1 1 1 1 1 0 0 1 0 1 0 0
 0 1 1 0 1 0 1 0 0 1 0 1 1 0 1 1 0 0 1 0 1 1 1 0 1 0 0 0 1 0 0 0 0 0 1 0 0
 1 1 1 1 0 0 0 1 1 0 1 1 1 1 1 1 1 0 1 1 0 0 0 0 0 1]
At 18301/30000: COST 0.387/1.059(0.441) -- Acc 0.800/0.500(0.799)
[1 0 1 1 1 0 1 1 0 1 1 1 0 1 1 1 0 1 1 1 1 1 0 1 0 1 1 1 0 0 1 0 1 1 1 0 1
 1 0 1 0 1 1 0 0 0 1 1 0 1 1 1 1 1 1 0 1 1 1 1 1 1 1 1 1 1 1 1 0 0 1 1 1 1
 1 0 0 1 0 1 1 1 0 0 1 0 1 0 1 1 1 1 1 1 1 0 1 1 1 1]
At 18401/30000: COST 0.338/1.152(0.419) -- Acc 0.850/0.490(0.807)
[1 1 0 1 1 0 1 0 0 0 1 0 1 1 0 1 1 1 0 1 1 1 1 0 0 0 0 0 0 1 1 0 0 1 0 1 0
 0 1 1 1 1 0 0 0 0 0 0 1 1 1 1 0 0 1 0 0 1 1 1 1 1 0 0 0 0 1 1 1 1 0 1 1 1
 1 1 0 1 1 0 1 0 1 1 1 1 1 0 0 1 1 1 1 0 1 0 1 1 0 1]
At 18501/30000: COST 0.476/1.264(0.404) -- Acc 0.780/0.470(0.816)
[0 1 1 0 1 1 1 0 1 1 0 0 1 1 1 1 0 0 1 0 0 1 0 1 1 1 0 0 0 0 0 1 0 0 1 0 1
 1 1 1 1 0 0 1 1 1 1 1 0 1 0 0 1 1 1 0 0 1 0 0 0 0 1 1 1 0 0 0 0 1 0 1 0 1
 1 1 1 1 1 0 0 1 1 0 1 1 0 0 1 1 1 0 0 0 1 0 1 1 1 0]
At 18601/30000: COST 0.492/1.324(0.424) -- Acc 0.780/0.440(0.805)
[1 0 1 0 1 1 1 1 0 1 0 0 1 0 0 1 1 1 1 1 0 1 0 1 1 1 0 1 1 1 1 0 0 1 1 1 1
 1 1 1 1 1 1 1 1 0 0 1 0 1 1 0 0 1 1 0 0 1 1 0 0 1 0 0 1 1 0 1 1 1 1 0 1 0
 0 1 1 0 1 0 1 1 0 1 0 0 1 1 1 1 1 0 0 1 1 1 1 0 1 1]
At 18701/30000: COST 0.397/1.283(0.413) -- Acc 0.800/0.460(0.810)
[0 1 0 1 0 1 0 1 1 1 1 0 0 0 1 1 0 1 0 0 1 1 1 1 1 1 0 1 0 0 0 1 0 0 0 1 1
 1 1 0 1 1 1 1 1 1 1 1 1 0 0 1 1 0 1 1 1 1 0 0 0 1 1 0 0 1 0 0 1 1 1 1 1 1
 0 0 0 1 0 1 1 1 1 0 0 0 0 1 1 1 0 0 0 0 0 0 0 0 1 1]
At 18801/30000: COST 0.286/1.236(0.410) -- Acc 0.880/0.450(0.812)
[1 1 1 1 0 1 1 0 1 0 1 1 1 0 1 1 0 1 0 0 0 1 1 0 1 0 0 1 1 0 1 1 1 0 1 1 1
 1 0 1 1 1 0 0 0 0 1 0 1 0 1 1 0 1 1 0 1 0 0 0 0 0 1 0 1 1 0 0 0 0 1 1 1 0
 0 0 1 0 0 0 1 0 1 0 0 0 1 0 0 1 1 0 1 1 0 1 1 1 0 1]
At 18901/30000: COST 0.465/1.180(0.437) -- Acc 0.770/0.440(0.799)
[0 0 0 1 1 0 1 1 1 1 1 0 1 0 1 0 1 0 0 0 1 0 0 1 1 0 1 0 1 1 0 0 1 0 0 0 0
 1 0 1 0 1 1 0 0 0 1 0 0 1 0 1 1 0 0 0 0 1 1 0 1 1 1 0 0 1 0 1 1 1 1 1 0 1
 1 0 0 1 0 1 1 1 1 1 1 0 1 1 0 0 1 0 1 0 0 1 1 0 1 1]
At 19001/30000: COST 0.467/1.001(0.483) -- Acc 0.720/0.440(0.771)
[1 1 0 0 1 0 0 1 1 0 1 1 0 1 0 0 0 0 1 0 0 0 0 1 1 1 0 0 0 0 1 1 1 1 0 0 0
 1 1 1 1 1 1 0 1 1 1 0 1 1 0 0 0 0 0 0 1 1 0 0 0 0 1 0 0 0 1 1 0 0 1 1 1 1
 1 1 0 0 1 1 1 1 0 0 1 1 1 0 1 1 1 1 0 1 1 0 0 1 1 1]
At 19101/30000: COST 0.464/0.986(0.495) -- Acc 0.810/0.510(0.761)
[0 1 0 1 0 1 1 0 1 0 0 0 1 1 1 0 0 0 0 1 1 1 1 1 1 0 0 1 0 1 1 1 1 1 1 0 1
 0 0 1 0 0 0 1 0 0 1 0 1 0 1 0 1 0 0 1 0 0 0 1 1 0 0 1 1 1 0 1 0 1 1 1 1 0
 1 1 0 0 1 1 1 0 1 1 1 0 1 0 1 0 1 1 1 1 1 0 0 1 0 1]
At 19201/30000: COST 0.441/0.994(0.507) -- Acc 0.800/0.470(0.756)
[1 0 0 0 1 1 1 0 0 1 0 0 1 1 1 1 0 0 1 1 1 1 0 0 1 0 1 1 1 0 1 0 0 1 1 0 0
 0 1 0 1 0 1 1 1 0 1 0 0 1 1 0 0 1 0 1 0 0 0 1 1 1 1 1 1 0 0 0 1 1 0 1 1 1
 0 1 0 1 1 1 1 0 0 1 0 0 1 1 1 1 1 0 0 1 1 1 1 1 1 1]
At 19301/30000: COST 0.529/0.896(0.523) -- Acc 0.770/0.420(0.744)
[1 1 1 0 1 1 1 1 1 1 1 1 0 0 0 1 1 1 1 1 1 1 1 0 1 0 1 1 0 0 1 1 1 1 1 1 1
 0 1 0 1 1 1 1 1 1 1 0 0 0 0 0 1 1 1 1 1 1 0 1 1 1 0 1 0 0 0 1 1 0 0 0 1 1
 1 0 0 1 1 0 1 1 0 0 1 1 0 1 0 0 0 1 0 0 0 0 0 0 1 1]
At 19401/30000: COST 0.586/0.879(0.533) -- Acc 0.650/0.450(0.733)
[1 1 1 1 1 1 1 1 1 1 1 0 1 0 0 0 0 0 1 1 0 1 1 1 1 1 1 0 1 0 1 0 0 1 0 1 1
 1 0 0 1 1 1 0 1 1 0 0 1 0 0 0 0 1 1 1 0 1 1 0 1 0 1 1 0 1 0 0 0 1 1 0 1 0
 1 1 0 1 1 1 0 0 1 1 0 0 0 1 1 1 0 1 1 1 0 1 1 1 1 1]
At 19501/30000: COST 0.622/0.809(0.560) -- Acc 0.630/0.490(0.708)
[1 0 0 1 1 1 1 0 1 0 1 1 0 0 1 1 1 1 1 0 0 1 1 1 1 1 0 0 0 1 0 1 1 1 0 1 0
 1 1 1 1 0 1 0 0 0 1 1 1 0 1 1 0 0 0 0 1 0 0 1 1 0 1 0 1 0 1 1 1 1 0 0 0 1
 1 0 0 0 1 0 0 1 0 1 0 0 1 0 1 0 1 0 1 1 0 1 0 1 1 0]
At 19601/30000: COST 0.598/0.868(0.563) -- Acc 0.680/0.440(0.705)
[1 0 1 1 1 1 1 1 0 1 1 1 0 1 0 1 0 1 0 0 0 0 1 0 1 1 0 1 1 1 1 1 1 1 0 1 0
 0 1 1 1 0 0 0 1 1 1 1 1 1 1 0 1 1 0 0 1 0 1 1 0 0 0 1 0 0 0 0 0 0 0 1 0 1
 0 0 1 0 1 0 1 0 0 0 1 1 0 0 1 1 1 0 0 0 0 1 1 1 0 0]
At 19701/30000: COST 0.682/0.883(0.567) -- Acc 0.600/0.480(0.702)
[1 1 0 1 1 1 1 1 1 1 1 0 1 0 0 0 1 1 0 0 1 0 1 1 1 0 0 1 1 0 1 0 1 1 1 0 0
 0 0 1 0 0 1 0 1 1 1 0 0 1 0 0 0 1 1 1 1 0 0 1 1 1 0 1 1 1 1 1 1 0 1 0 1 1
 1 0 0 1 1 0 1 0 1 0 1 1 0 1 1 1 0 1 0 0 0 1 0 0 1 0]
At 19801/30000: COST 0.599/0.814(0.576) -- Acc 0.700/0.510(0.695)
[1 0 1 1 1 0 1 0 1 1 0 1 1 0 0 1 1 0 0 1 1 1 0 1 0 1 0 1 0 0 1 0 1 1 1 0 0
 0 0 1 0 1 0 1 0 1 1 1 0 0 1 0 1 0 0 0 1 0 0 0 0 0 0 1 0 1 1 0 1 1 1 1 0 0
 0 1 1 0 1 0 0 0 1 1 1 0 1 1 0 1 1 1 1 0 1 0 1 1 1 0]
At 19901/30000: COST 0.638/0.777(0.578) -- Acc 0.670/0.520(0.695)
[1 1 0 1 1 1 1 1 0 0 1 0 0 0 0 0 1 0 0 0 0 0 0 1 1 0 1 1 0 1 1 0 1 0 1 1 0
 1 0 0 0 1 1 1 1 0 1 1 0 0 1 1 0 1 1 0 0 0 0 1 1 1 1 1 1 1 0 1 0 1 1 0 0 1
 1 1 1 1 1 0 1 1 0 0 1 1 1 0 0 1 1 1 1 1 0 0 1 0 1 0]
At 20001/30000: COST 0.599/0.832(0.573) -- Acc 0.690/0.480(0.702)
[1 1 0 1 0 0 0 1 1 1 1 0 0 1 0 1 1 1 0 1 0 0 1 0 1 0 1 0 1 0 0 0 1 0 0 1 1
 1 1 0 0 1 1 0 1 1 0 1 1 1 1 0 0 1 1 1 1 0 0 1 0 0 1 1 1 0 1 1 0 1 0 0 1 1
 1 0 0 1 1 1 1 0 1 1 1 1 1 1 1 1 0 1 0 0 1 1 1 1 0 1]
At 20101/30000: COST 0.507/0.783(0.584) -- Acc 0.790/0.500(0.689)
[0 0 1 0 1 1 1 1 1 1 0 0 1 1 1 1 1 0 0 0 0 1 1 0 0 1 1 0 0 0 0 0 0 0 1 0 1
 1 1 1 0 0 1 0 1 1 1 0 1 0 1 1 1 0 1 0 1 0 1 0 0 1 0 0 1 1 0 0 0 1 1 1 0 0
 1 1 0 1 0 0 1 1 0 0 0 0 0 1 1 1 1 1 0 1 1 0 0 1 1 0]
At 20201/30000: COST 0.661/0.853(0.595) -- Acc 0.600/0.470(0.675)
[1 1 0 1 1 0 1 0 1 1 0 1 0 0 1 1 1 0 1 0 1 0 1 1 0 0 1 0 0 1 0 1 0 0 0 1 0
 0 0 1 1 0 1 0 0 0 1 1 1 1 1 1 1 1 0 0 1 1 1 0 1 1 0 1 0 1 0 1 1 0 0 0 1 1
 0 0 1 1 0 1 1 1 1 1 0 1 1 0 1 1 1 1 0 1 1 1 0 1 1 0]
At 20301/30000: COST 0.601/0.784(0.606) -- Acc 0.730/0.520(0.671)
[1 0 1 1 1 0 1 1 0 0 1 1 1 1 1 1 1 1 1 0 0 1 1 0 1 0 1 1 0 1 1 1 1 1 1 1 0
 1 0 1 0 1 1 1 1 0 1 1 0 0 1 1 1 1 1 1 0 0 0 1 1 0 0 1 1 0 1 1 0 1 1 1 0 1
 0 1 0 1 1 1 1 1 0 0 1 1 1 0 1 1 0 1 0 1 0 1 0 1 1 1]
At 20401/30000: COST 0.587/0.779(0.602) -- Acc 0.700/0.550(0.675)
[0 1 0 0 1 1 1 1 1 1 0 0 0 0 1 0 1 0 1 1 0 0 1 1 1 1 1 0 0 1 0 0 0 1 0 1 1
 1 0 1 0 1 1 0 1 0 1 1 0 0 1 1 1 0 1 1 1 0 0 1 1 1 0 0 1 1 1 0 0 0 0 0 0 0
 1 1 1 1 1 0 1 1 1 1 0 1 0 0 1 0 0 0 1 0 1 1 1 0 0 1]
At 20501/30000: COST 0.634/0.808(0.608) -- Acc 0.620/0.440(0.669)
[1 1 0 0 1 1 0 1 0 1 1 0 1 1 1 1 1 0 0 1 1 1 1 1 1 0 0 0 1 0 0 0 1 1 1 1 0
 0 1 1 0 1 0 0 1 1 1 1 0 0 1 0 0 0 0 1 1 1 1 1 0 1 0 1 1 1 0 0 1 1 0 0 1 1
 1 1 1 1 0 1 1 1 1 0 1 1 1 1 0 1 1 0 1 0 1 1 0 1 1 0]
At 20601/30000: COST 0.649/0.861(0.604) -- Acc 0.620/0.440(0.674)
[1 1 1 0 0 1 0 1 1 1 1 1 1 0 1 1 1 1 1 0 1 1 0 1 1 1 0 1 0 0 1 1 1 0 1 1 0
 1 1 1 0 0 1 0 0 0 0 1 0 0 1 1 1 0 0 1 0 1 1 1 1 1 1 1 1 0 0 1 1 0 1 0 1 1
 1 1 0 1 1 1 0 1 1 0 1 1 0 1 0 1 1 1 0 1 0 1 1 0 1 1]
At 20701/30000: COST 0.571/0.805(0.606) -- Acc 0.700/0.510(0.670)
[1 1 0 1 1 1 0 0 1 1 0 1 0 1 1 0 1 1 0 1 1 0 0 0 1 1 0 1 1 1 0 1 1 0 0 1 1
 1 1 0 1 1 1 1 0 1 1 1 0 1 1 1 1 1 1 1 1 1 0 0 1 0 1 0 0 1 1 1 0 1 1 1 1 1
 1 0 0 1 1 1 1 0 1 0 1 1 0 1 0 1 1 0 0 1 0 1 1 1 1 1]
At 20801/30000: COST 0.660/0.821(0.607) -- Acc 0.670/0.490(0.673)
[0 1 1 0 1 0 0 1 1 0 1 1 1 0 1 1 0 1 1 1 0 1 0 0 1 0 1 0 1 1 1 1 0 0 1 0 1
 1 1 1 1 0 0 0 1 0 1 1 0 1 1 1 0 0 1 0 0 1 1 0 1 0 1 0 1 0 0 1 0 0 0 1 1 0
 1 1 1 0 1 1 1 0 1 0 0 1 0 1 1 1 0 0 0 1 0 1 1 1 1 0]
At 20901/30000: COST 0.610/0.736(0.606) -- Acc 0.690/0.520(0.672)
[0 1 1 1 0 1 1 1 1 0 0 1 1 0 1 0 1 0 0 0 1 0 1 0 1 1 1 0 1 0 0 1 0 0 0 1 1
 1 1 1 0 1 0 0 0 1 0 0 1 1 1 1 0 1 1 0 1 1 1 0 0 1 1 1 0 0 1 1 1 1 1 1 0 1
 0 0 0 1 0 1 1 1 1 0 0 1 1 0 1 1 1 0 0 0 1 1 1 1 1 1]
At 21001/30000: COST 0.541/0.822(0.609) -- Acc 0.740/0.450(0.673)
[0 1 0 1 0 1 0 1 1 0 1 0 0 1 1 1 1 1 1 0 0 1 0 1 0 1 1 1 1 1 1 1 1 1 1 1 0
 0 0 0 1 1 1 0 0 1 0 1 0 1 1 1 1 1 0 1 1 0 1 0 1 0 0 1 1 1 0 1 1 1 1 1 0 1
 1 1 1 1 1 0 1 1 1 0 1 0 1 1 1 1 1 1 1 1 0 1 0 1 1 0]
At 21101/30000: COST 0.627/0.820(0.614) -- Acc 0.630/0.510(0.667)
[0 1 1 1 1 1 1 1 0 1 0 0 1 1 1 0 0 0 1 1 1 1 0 0 1 0 0 1 1 1 0 1 1 1 0 1 1
 0 1 1 0 1 0 0 1 1 1 1 0 0 1 0 1 1 1 1 0 1 1 1 1 1 1 1 0 0 1 0 1 1 1 1 1 1
 1 0 1 1 1 0 0 0 1 1 1 0 0 0 1 1 0 1 1 0 1 0 1 0 1 0]
At 21201/30000: COST 0.649/0.789(0.623) -- Acc 0.640/0.510(0.652)
[1 0 0 1 1 1 1 1 1 1 1 1 0 1 1 1 1 1 1 1 1 0 1 1 0 0 0 1 1 1 1 1 1 1 0 0 1
 0 1 1 1 0 0 0 1 1 1 1 0 0 1 0 1 0 1 1 1 1 1 0 0 1 1 1 1 1 1 0 1 0 1 0 1 1
 0 0 0 1 0 0 1 1 1 0 0 1 0 1 0 1 0 0 0 1 0 1 1 1 1 1]
At 21301/30000: COST 0.577/0.807(0.619) -- Acc 0.680/0.460(0.652)
[1 1 1 1 1 1 1 1 0 1 1 1 0 0 1 1 0 1 1 1 1 0 1 0 1 1 1 0 0 1 1 0 0 1 1 1 0
 1 1 0 1 0 1 1 1 1 1 0 0 0 1 1 0 1 1 1 1 1 1 1 1 0 0 0 1 1 0 0 1 1 1 1 1 1
 1 0 1 0 0 0 1 1 1 0 1 1 0 1 1 0 0 1 1 0 1 1 0 1 1 1]
At 21401/30000: COST 0.633/0.777(0.627) -- Acc 0.600/0.490(0.645)
[1 1 1 1 1 1 1 1 1 1 1 1 1 0 0 0 0 1 1 1 0 0 1 1 1 0 1 0 1 1 1 1 1 0 1 0 0
 1 1 1 0 1 0 1 1 1 1 1 1 1 0 0 1 1 0 1 1 0 1 1 1 1 1 1 1 1 0 1 1 1 0 1 1 1
 1 1 1 0 0 0 1 1 0 1 1 1 1 1 0 1 1 1 1 1 1 1 0 0 1 1]
At 21501/30000: COST 0.704/0.797(0.637) -- Acc 0.610/0.450(0.637)
[1 0 1 0 0 1 1 0 1 1 1 1 1 1 1 1 0 1 1 1 1 1 1 1 0 1 0 1 0 0 0 0 1 1 0 1 1
 1 0 1 0 1 1 0 1 1 1 1 1 1 1 0 1 0 0 0 1 1 1 0 1 1 1 1 1 1 1 1 0 1 0 1 1 0
 1 1 0 0 1 1 1 0 0 0 1 1 1 1 1 0 1 1 0 0 1 0 0 1 1 1]
At 21601/30000: COST 0.664/0.721(0.637) -- Acc 0.630/0.540(0.639)
[1 0 1 1 0 1 1 1 0 1 0 0 1 0 1 1 1 0 1 1 1 0 1 0 1 1 0 1 0 1 0 1 1 0 0 0 1
 1 0 1 0 1 1 0 1 0 1 0 0 0 0 1 1 1 0 0 1 0 1 0 1 0 1 1 1 1 1 1 0 0 1 1 0 0
 1 0 0 0 1 0 0 1 0 1 1 1 0 1 1 1 1 0 1 0 1 0 1 1 1 1]
At 21701/30000: COST 0.607/0.774(0.631) -- Acc 0.700/0.490(0.647)
[1 1 1 1 1 0 0 1 1 1 1 0 1 0 1 1 0 1 1 0 1 1 0 0 1 1 0 1 0 1 1 0 1 1 0 0 1
 1 1 1 1 1 1 1 1 1 1 1 0 1 1 1 1 0 0 1 1 0 0 1 0 1 1 0 0 1 0 0 1 0 0 0 1 1
 1 0 0 0 1 1 1 0 0 1 1 1 1 1 0 1 0 1 0 1 0 0 0 1 0 1]
At 21801/30000: COST 0.607/0.804(0.626) -- Acc 0.690/0.490(0.654)
[0 0 1 1 1 1 0 0 0 1 0 1 1 1 1 1 0 1 1 1 1 0 0 1 1 0 1 1 1 1 0 1 1 1 1 1 0
 0 1 1 1 1 1 1 1 1 1 1 1 1 0 1 1 1 1 0 1 0 1 1 0 0 1 1 1 0 0 0 1 1 1 0 0 1
 0 1 1 1 1 1 1 0 0 1 1 1 0 0 1 0 1 1 1 1 0 0 1 1 1 1]
At 21901/30000: COST 0.545/0.822(0.621) -- Acc 0.690/0.460(0.657)
[1 1 0 0 1 1 1 0 0 1 1 1 1 1 1 1 1 1 1 1 0 0 1 0 1 0 1 1 0 1 1 0 1 1 1 1 0
 0 1 1 1 1 0 1 1 1 0 1 1 1 0 1 1 1 0 0 0 1 1 0 0 1 1 1 1 0 1 1 1 0 1 0 1 1
 1 1 1 0 1 1 1 1 1 1 1 1 1 0 1 0 1 1 1 1 1 1 1 0 0 1]
At 22001/30000: COST 0.565/0.853(0.619) -- Acc 0.710/0.430(0.658)
[1 1 0 1 1 0 1 1 0 1 1 1 0 0 1 0 0 1 0 1 1 0 1 0 1 1 0 1 1 0 1 1 0 1 1 0 1
 1 1 1 0 1 0 1 1 0 0 0 0 0 1 0 1 1 1 1 1 1 0 1 1 1 0 1 1 1 1 1 1 0 1 1 0 1
 0 0 1 0 0 0 1 1 1 1 1 1 1 1 1 1 1 1 0 1 1 1 0 1 0 1]
At 22101/30000: COST 0.557/0.800(0.621) -- Acc 0.710/0.470(0.653)
[1 1 0 1 1 1 1 1 0 0 0 1 0 1 1 1 1 1 1 0 0 1 1 1 1 0 0 1 0 1 0 0 0 1 1 0 1
 1 0 0 0 1 1 1 0 1 1 1 1 0 1 1 0 1 1 1 0 1 1 1 0 0 1 1 1 1 1 1 0 1 1 1 1 0
 1 1 1 0 1 1 1 1 0 1 1 0 0 1 1 1 1 1 1 1 1 0 0 1 0 0]
At 22201/30000: COST 0.565/0.862(0.626) -- Acc 0.720/0.440(0.650)
[0 1 1 1 1 1 1 1 1 0 0 1 1 1 0 1 1 1 0 1 1 0 1 0 1 1 1 0 1 0 1 1 0 1 1 0 1
 1 1 1 0 0 1 1 1 1 1 0 1 1 0 0 0 1 1 1 1 1 0 0 1 1 0 1 1 0 1 1 1 1 0 1 1 1
 0 0 1 0 1 1 1 1 1 1 0 0 1 1 0 1 1 0 0 1 0 0 1 1 1 1]
At 22301/30000: COST 0.654/0.757(0.629) -- Acc 0.620/0.490(0.639)
[0 1 0 1 1 1 1 1 1 1 1 1 1 1 0 0 1 1 1 1 1 1 1 1 0 0 1 1 1 1 0 1 1 1 0 0 1
 1 1 1 1 1 1 1 0 1 0 0 0 1 1 1 1 1 0 1 1 1 1 0 1 1 1 1 1 0 1 0 1 1 0 0 1 1
 1 0 0 0 1 0 1 0 1 1 1 1 1 1 1 1 1 0 1 1 1 0 1 1 1 1]
At 22401/30000: COST 0.613/0.697(0.634) -- Acc 0.660/0.570(0.631)
[1 1 1 1 1 1 1 0 1 1 1 1 1 0 1 1 1 1 0 1 0 0 1 1 1 1 1 1 0 1 1 1 1 1 1 1 1
 1 1 1 1 1 1 1 1 1 1 1 1 1 1 1 1 0 1 1 0 1 1 0 1 0 1 1 1 1 1 0 1 1 0 1 1 1
 1 1 1 1 0 1 0 1 1 0 1 0 1 0 1 0 0 0 1 1 0 1 1 1 1 0]
At 22501/30000: COST 0.651/0.772(0.639) -- Acc 0.640/0.490(0.623)
[1 0 1 0 1 1 1 0 1 1 1 1 1 1 1 1 1 1 1 0 0 1 1 0 1 0 0 1 1 1 1 1 0 0 1 1 1
 1 0 1 1 1 1 0 1 1 1 1 1 1 0 0 1 1 0 0 0 1 1 1 1 0 0 1 1 1 1 1 1 1 0 1 1 1
 0 0 1 1 1 0 0 0 1 1 1 1 0 0 1 1 1 1 1 1 1 1 1 1 1 1]
At 22601/30000: COST 0.593/0.839(0.630) -- Acc 0.710/0.440(0.641)
[0 1 1 1 1 1 0 1 1 0 1 0 1 1 1 1 1 1 1 0 1 0 1 0 1 1 0 1 1 1 1 1 1 1 1 0 0
 1 1 1 1 1 1 0 1 1 1 1 1 1 1 1 0 1 1 0 1 1 0 1 0 1 1 1 0 0 1 0 0 0 0 0 1 1
 0 0 0 0 1 1 1 1 0 0 0 0 1 0 1 1 1 0 1 1 1 1 1 0 1 1]
At 22701/30000: COST 0.645/0.826(0.627) -- Acc 0.610/0.460(0.646)
[0 1 0 1 1 0 1 0 1 1 0 0 1 1 0 1 1 1 1 1 1 1 0 1 1 1 1 1 1 1 0 1 0 1 0 1 1
 1 0 0 0 1 1 1 1 0 0 0 1 0 1 1 1 0 1 1 1 1 1 0 1 1 0 1 1 1 1 1 0 1 0 1 1 1
 1 0 0 1 1 1 0 1 0 1 1 0 1 1 1 0 1 1 1 0 1 0 1 1 1 0]
At 22801/30000: COST 0.585/0.760(0.633) -- Acc 0.650/0.490(0.639)
[1 1 0 1 1 1 0 1 1 0 1 0 1 0 0 1 0 0 0 0 1 1 0 0 1 1 0 1 1 0 1 0 1 1 1 1 0
 0 0 0 1 1 1 0 1 1 1 0 1 1 0 0 1 1 1 0 1 1 0 1 1 1 1 0 1 1 1 1 1 0 1 1 1 1
 1 1 1 0 1 1 1 1 1 1 1 0 1 1 0 0 1 0 0 1 1 1 0 1 1 1]
At 22901/30000: COST 0.586/0.824(0.629) -- Acc 0.690/0.430(0.637)
[0 1 1 1 1 0 0 1 1 1 0 1 1 1 0 0 0 0 0 1 1 0 1 0 1 0 0 0 1 0 0 1 1 1 0 1 0
 0 0 0 0 1 0 1 0 1 1 1 1 1 0 1 1 0 1 0 0 0 1 0 1 0 1 1 0 1 1 1 1 0 1 1 0 0
 0 1 1 1 0 0 1 1 0 0 1 1 1 0 1 0 0 0 1 1 0 1 1 1 1 0]
At 23001/30000: COST 0.644/0.777(0.624) -- Acc 0.560/0.550(0.645)
[1 1 1 0 0 1 1 0 0 1 0 1 1 1 1 0 0 0 0 1 0 1 0 0 1 0 0 0 1 1 1 1 1 0 1 0 1
 0 0 1 0 1 0 1 1 0 0 0 1 1 0 1 0 1 0 0 0 1 1 1 1 0 0 1 0 0 1 1 1 0 0 1 1 1
 1 1 1 1 1 1 0 1 1 0 1 0 1 0 1 1 0 1 1 1 1 0 0 0 1 1]
At 23101/30000: COST 0.626/0.778(0.622) -- Acc 0.600/0.540(0.648)
[1 1 1 1 1 1 0 1 1 1 1 1 1 1 1 1 1 1 1 1 0 1 1 1 1 0 1 1 1 0 1 1 1 1 0 1 1
 0 1 1 1 1 1 1 1 1 1 1 1 1 1 1 1 1 1 1 0 1 1 1 1 1 1 1 1 1 1 1 1 1 1 1 1 1
 1 1 0 1 1 0 1 1 0 0 1 1 1 1 1 1 1 1 1 0 1 1 1 1 1 1]
At 23201/30000: COST 0.621/0.881(0.612) -- Acc 0.670/0.490(0.661)
[1 1 1 1 1 1 0 1 1 1 1 1 1 1 1 1 0 1 1 1 1 0 1 0 1 1 1 1 1 1 1 1 1 0 0 1 0
 1 1 1 1 1 1 1 1 1 1 1 1 1 0 1 1 1 1 1 1 0 1 1 1 1 0 1 1 1 0 0 0 0 0 1 0 1
 0 1 1 1 1 1 1 1 1 1 1 1 1 1 0 0 1 1 0 1 1 1 1 1 0 1]
At 23301/30000: COST 0.592/0.823(0.613) -- Acc 0.670/0.460(0.664)
[0 1 0 0 0 0 1 0 1 1 1 0 0 1 0 1 1 1 1 0 1 1 1 1 0 1 1 0 0 0 1 1 1 0 0 0 1
 0 1 1 0 0 1 1 1 1 1 1 1 0 1 0 1 1 0 0 1 1 1 1 0 1 0 1 1 1 0 1 1 1 0 1 1 1
 1 1 1 1 1 1 0 0 0 0 1 1 0 0 1 1 1 0 1 0 1 1 1 0 0 0]
At 23401/30000: COST 0.568/0.837(0.611) -- Acc 0.740/0.440(0.669)
[1 1 0 0 1 1 1 1 0 0 1 1 0 1 1 1 1 1 1 1 0 1 0 1 1 1 0 1 0 0 1 1 1 1 1 1 1
 1 1 1 1 1 1 1 1 1 0 0 1 1 1 1 0 1 1 0 1 1 1 0 1 1 1 1 0 1 1 0 0 1 1 0 1 1
 1 1 0 1 0 1 1 1 1 1 1 1 1 1 0 1 0 1 1 1 1 1 0 0 1 0]
At 23501/30000: COST 0.700/0.813(0.619) -- Acc 0.580/0.450(0.657)
[1 1 0 1 0 1 0 0 0 1 1 0 1 1 1 0 1 0 0 0 1 1 0 0 1 1 1 0 0 1 1 1 0 1 1 0 0
 1 1 1 1 0 1 1 1 0 1 0 1 1 1 1 0 1 1 0 1 1 1 0 0 0 0 1 1 1 1 0 1 1 0 0 1 1
 1 0 1 1 1 1 1 1 1 1 0 0 1 1 1 1 0 0 1 1 0 1 0 1 1 0]
At 23601/30000: COST 0.573/0.828(0.620) -- Acc 0.720/0.480(0.653)
[1 0 1 0 1 1 1 1 0 1 1 1 1 1 1 0 0 1 1 1 0 1 1 1 1 0 1 1 0 1 1 1 1 1 0 0 0
 0 1 0 1 1 1 1 0 0 1 0 0 0 0 1 0 1 1 1 1 1 1 1 1 1 0 0 0 1 1 1 1 0 1 0 1 1
 1 0 1 1 0 1 0 0 1 1 0 1 0 1 0 1 1 1 1 1 0 1 1 1 0 1]
At 23701/30000: COST 0.583/0.776(0.622) -- Acc 0.630/0.450(0.651)
[1 1 1 0 1 1 1 0 1 1 1 0 1 0 0 1 1 1 1 1 0 0 1 1 0 1 0 1 1 1 0 1 0 1 1 0 0
 1 0 1 0 0 1 1 1 0 1 1 1 1 1 1 1 1 0 0 0 0 1 1 0 1 1 1 0 1 1 0 1 1 0 0 1 1
 1 1 1 1 1 0 0 1 1 1 1 1 0 1 0 0 0 1 1 0 1 1 0 0 1 1]
At 23801/30000: COST 0.637/0.805(0.627) -- Acc 0.580/0.420(0.642)
[0 1 0 1 1 1 0 1 1 1 1 1 1 1 1 1 1 1 1 0 1 1 1 1 1 1 0 1 1 0 0 0 1 1 1 1 1
 1 0 1 1 0 1 0 0 1 1 1 0 0 1 1 1 1 1 1 1 1 0 1 1 1 1 1 1 1 1 0 1 1 1 0 1 1
 1 0 1 1 1 1 0 1 0 1 0 0 0 1 0 1 1 1 1 0 1 1 1 1 0 0]
At 23901/30000: COST 0.553/0.776(0.628) -- Acc 0.750/0.540(0.645)
[1 1 1 1 1 1 1 0 1 1 0 1 1 1 1 1 1 1 1 1 1 1 1 1 1 1 0 0 0 1 1 1 1 1 0 0 1
 1 0 1 1 0 1 1 1 1 1 1 0 0 0 1 1 0 1 1 1 1 1 1 1 1 0 1 0 1 0 1 1 1 0 1 1 1
 1 0 1 1 1 1 1 1 1 0 1 1 1 1 1 0 1 1 1 1 0 1 1 0 1 1]
At 24001/30000: COST 0.598/0.771(0.629) -- Acc 0.650/0.490(0.643)
[1 1 1 1 1 1 1 1 1 1 0 1 1 1 1 1 1 1 0 0 1 1 1 0 1 1 1 1 1 1 1 1 0 1 1 1 1
 0 1 1 0 1 1 1 0 1 0 1 1 1 0 1 1 1 0 1 1 1 0 0 1 1 1 0 1 0 0 0 1 1 1 1 1 0
 1 0 1 0 1 1 1 1 1 1 1 1 1 0 1 1 1 1 1 0 0 0 1 1 1 1]
At 24101/30000: COST 0.630/0.787(0.628) -- Acc 0.690/0.490(0.645)
[1 0 1 1 1 1 1 0 1 0 0 1 1 1 0 1 1 1 1 1 1 0 1 1 1 0 0 1 1 0 0 0 0 0 0 1 0
 1 1 0 0 0 1 1 1 0 1 1 1 1 0 1 0 1 0 1 1 1 1 1 1 1 1 0 1 0 0 1 0 1 0 1 0 1
 0 1 0 1 1 1 1 1 0 0 1 0 1 1 0 1 0 1 1 1 1 1 1 1 0 1]
At 24201/30000: COST 0.624/0.758(0.628) -- Acc 0.650/0.470(0.643)
[1 1 0 1 1 1 1 0 1 1 1 1 1 1 1 1 0 1 0 1 1 1 1 0 1 1 1 1 0 1 1 1 1 1 1 1 0
 1 0 1 1 1 1 0 1 0 1 1 0 1 1 1 0 0 1 1 1 1 1 1 1 0 0 0 1 1 0 0 1 1 0 1 1 1
 0 1 1 1 1 0 1 1 1 1 1 1 1 1 1 1 0 0 1 0 1 1 0 0 0 0]
At 24301/30000: COST 0.617/0.728(0.628) -- Acc 0.660/0.530(0.646)
[1 1 1 1 1 1 1 1 0 1 1 0 1 1 0 1 1 0 1 1 1 0 0 0 1 1 1 1 1 1 0 1 1 0 0 0 1
 1 0 1 0 1 1 1 1 1 0 1 1 1 1 1 1 1 1 1 1 0 1 1 1 1 1 1 1 1 0 0 0 1 0 1 1 0
 1 0 1 1 1 1 1 0 1 1 1 1 1 1 0 0 1 1 0 1 1 1 1 1 1 1]
At 24401/30000: COST 0.647/0.743(0.629) -- Acc 0.650/0.500(0.644)
[1 1 0 1 1 1 0 1 1 0 0 0 1 1 0 1 0 1 1 0 0 1 0 0 1 1 1 1 0 0 1 1 1 0 1 1 1
 1 0 0 0 0 1 0 1 1 1 0 1 1 0 0 0 1 1 0 1 1 1 1 0 1 1 0 1 1 1 1 1 0 1 1 1 0
 1 1 1 0 0 0 1 1 1 1 1 1 1 0 0 0 1 0 1 0 1 1 1 1 1 1]
At 24501/30000: COST 0.657/0.822(0.633) -- Acc 0.600/0.450(0.636)
[0 1 1 1 1 1 0 0 1 0 1 0 1 1 1 1 1 1 0 1 1 1 1 1 1 1 1 1 0 1 1 1 0 1 0 1 1
 1 1 1 1 1 0 1 1 1 1 1 1 1 0 1 1 1 1 1 1 0 0 1 0 1 1 1 1 1 1 1 1 0 0 1 1 0
 1 0 1 0 0 0 0 1 0 0 1 1 1 1 0 1 1 0 0 1 1 1 0 1 1 1]
At 24601/30000: COST 0.609/0.737(0.634) -- Acc 0.670/0.490(0.636)
[1 1 1 1 0 1 1 1 1 0 1 1 0 1 1 0 1 1 1 0 0 1 1 1 1 0 1 1 0 1 1 0 1 1 0 0 1
 1 0 0 1 0 1 1 1 1 1 1 1 1 0 0 1 1 1 1 1 1 1 1 1 0 1 1 0 1 0 1 1 1 1 0 0 0
 1 1 1 0 1 0 1 1 0 0 1 1 1 1 1 1 0 1 1 1 0 1 0 1 0 1]
At 24701/30000: COST 0.643/0.769(0.632) -- Acc 0.620/0.510(0.638)
[1 1 1 1 1 1 1 1 1 1 1 1 1 1 0 0 1 0 1 1 1 1 1 1 1 1 1 1 1 1 1 1 1 0 0 0 1
 0 1 0 1 1 1 1 0 1 1 1 1 1 0 1 1 1 0 1 0 0 1 1 1 0 0 1 1 1 1 0 0 1 1 0 1 1
 0 0 1 1 1 0 1 1 0 0 1 1 0 1 1 1 0 0 1 0 0 1 1 1 1 1]
At 24801/30000: COST 0.649/0.747(0.638) -- Acc 0.590/0.530(0.631)
[1 1 1 1 1 1 1 1 1 1 1 1 1 1 0 1 1 1 1 0 1 0 1 0 1 1 1 1 1 0 1 1 0 1 1 1 1
 1 1 0 0 1 0 1 1 1 1 1 1 0 0 1 1 1 1 1 1 1 0 1 0 1 1 1 1 1 0 1 1 0 1 1 1 0
 1 0 1 1 1 1 1 1 1 0 1 0 1 1 1 1 1 1 1 0 1 1 1 1 0 1]
At 24901/30000: COST 0.636/0.773(0.644) -- Acc 0.640/0.520(0.622)
[0 1 1 0 0 1 0 0 0 1 0 0 1 1 1 1 1 1 1 0 1 1 1 1 0 1 0 1 1 1 1 0 1 1 0 0 1
 0 0 1 1 1 1 0 1 1 1 1 1 1 1 0 1 0 0 1 1 1 1 1 1 1 0 0 1 0 1 1 1 0 0 1 1 1
 1 1 1 1 0 1 1 0 1 1 0 1 1 1 1 1 0 0 0 1 0 1 1 1 1 1]
At 25001/30000: COST 0.652/0.755(0.642) -- Acc 0.630/0.510(0.627)
[1 1 1 0 0 0 1 0 1 1 1 1 1 1 1 1 1 0 0 1 1 1 1 1 1 0 1 0 1 1 1 1 1 1 1 1 1
 1 1 1 1 1 1 1 1 1 1 1 0 1 1 1 1 1 0 0 0 1 1 1 1 0 1 0 1 1 1 1 1 1 1 1 1 1
 0 1 1 0 1 1 0 1 1 1 1 1 1 1 1 1 1 1 0 0 1 0 1 1 1 1]
At 25101/30000: COST 0.651/0.762(0.647) -- Acc 0.620/0.470(0.620)
[1 1 1 1 1 1 0 1 1 1 1 1 1 0 1 0 1 1 1 1 1 1 1 1 0 0 1 1 1 1 0 1 0 1 1 0 1
 1 1 1 1 1 1 1 1 1 1 1 1 1 0 0 0 1 1 1 1 1 1 1 1 1 1 0 1 1 1 1 1 1 0 0 1 0
 1 0 1 1 1 1 1 1 0 1 0 0 1 1 1 1 1 0 1 1 1 1 1 1 1 1]
At 25201/30000: COST 0.652/0.829(0.642) -- Acc 0.650/0.470(0.627)
[1 1 0 0 1 1 0 1 1 1 0 0 1 1 1 1 1 1 1 1 1 0 1 1 1 1 1 0 1 1 1 0 0 1 1 1 1
 1 1 1 0 1 0 1 0 1 0 1 1 1 0 1 1 1 1 0 1 1 1 0 1 0 0 1 0 1 0 0 1 1 1 1 1 1
 1 1 0 1 1 1 0 1 1 1 1 0 0 1 0 1 1 0 1 0 1 1 1 1 0 0]
At 25301/30000: COST 0.698/0.791(0.640) -- Acc 0.550/0.390(0.628)
[0 0 1 1 1 1 0 1 1 1 1 0 1 1 1 0 1 1 0 0 1 0 1 1 1 1 1 0 1 1 1 1 1 0 1 1 1
 1 1 1 1 1 1 1 1 1 1 1 1 1 1 1 1 1 1 1 0 1 1 1 0 1 1 1 1 1 1 0 1 1 0 1 1 1
 0 0 0 1 1 0 1 1 1 1 1 1 1 1 1 1 0 0 1 1 0 1 0 1 1 1]
At 25401/30000: COST 0.707/0.752(0.653) -- Acc 0.540/0.550(0.619)
[1 1 0 1 0 1 0 1 1 0 1 1 1 0 1 0 1 1 1 1 1 1 1 0 1 0 0 1 1 0 0 1 1 0 1 1 1
 0 1 1 1 1 1 1 1 1 1 1 0 1 1 0 1 1 1 1 1 1 1 1 1 1 0 1 1 0 1 0 1 1 0 1 1 1
 1 0 1 1 0 1 1 1 1 1 1 0 1 1 1 1 1 0 0 0 1 1 1 1 1 0]
At 25501/30000: COST 0.642/0.781(0.655) -- Acc 0.660/0.390(0.613)
[1 1 1 0 1 1 0 1 1 0 0 0 1 1 1 1 1 1 1 1 1 1 0 0 0 1 0 0 1 1 1 0 0 1 1 0 1
 1 0 0 1 0 1 1 1 1 1 1 1 0 1 1 1 0 1 1 1 1 1 0 1 1 1 0 1 1 1 1 1 1 1 0 0 0
 0 1 1 1 1 1 0 1 1 1 1 1 1 1 1 1 0 1 0 1 1 0 1 1 0 1]
At 25601/30000: COST 0.629/0.749(0.656) -- Acc 0.680/0.440(0.608)
[1 1 1 0 1 1 1 1 0 1 1 1 1 1 1 1 1 1 1 0 1 1 1 1 1 1 1 1 1 1 1 1 1 1 1 1 1
 1 1 1 1 1 1 1 1 1 1 1 1 1 1 1 1 0 1 1 1 1 1 1 1 1 1 1 1 1 1 1 1 1 1 1 1 1
 1 1 0 1 1 1 0 1 1 1 1 0 1 1 1 1 1 1 1 1 1 1 1 1 1 1]
At 25701/30000: COST 0.607/0.765(0.659) -- Acc 0.670/0.460(0.604)
[1 1 1 1 0 0 1 0 1 1 1 1 1 1 1 1 1 0 1 1 1 1 0 0 1 1 1 1 0 1 1 1 1 1 1 1 1
 1 1 1 1 1 1 1 1 1 1 0 1 1 1 1 1 1 1 1 1 1 1 0 1 1 1 1 1 1 1 0 1 1 0 1 1 0
 1 1 1 1 1 1 1 1 0 0 0 1 1 1 1 0 1 1 1 0 1 0 0 1 1 0]
At 25801/30000: COST 0.606/0.755(0.660) -- Acc 0.750/0.450(0.604)
[1 1 1 0 0 1 1 1 0 1 1 1 1 1 1 1 0 1 0 1 0 1 0 0 1 0 0 1 1 1 0 1 1 1 1 1 0
 0 1 1 1 1 1 0 0 0 0 1 1 1 1 1 0 1 1 1 1 1 1 1 1 1 1 1 1 1 1 1 1 1 1 1 1 1
 1 1 0 1 1 1 1 1 0 1 1 1 1 1 0 1 1 0 1 1 1 0 1 0 1 1]
At 25901/30000: COST 0.637/0.748(0.661) -- Acc 0.590/0.510(0.602)
[1 0 0 1 1 0 1 1 1 1 0 1 0 0 0 1 1 1 1 0 1 1 1 0 0 1 1 1 0 1 1 1 1 1 1 1 1
 1 0 1 1 1 0 1 0 1 1 1 1 1 1 1 1 1 0 1 1 1 1 1 1 0 1 1 0 1 1 1 1 1 1 1 1 0
 1 0 0 1 1 1 1 1 1 1 1 0 1 0 1 0 1 1 1 0 1 1 1 1 1 1]
At 26001/30000: COST 0.684/0.754(0.660) -- Acc 0.580/0.470(0.604)
[1 1 1 1 1 1 1 1 1 1 1 1 1 0 0 1 1 1 1 1 0 1 1 1 1 0 1 1 0 1 1 0 0 1 0 1 1
 0 1 1 1 0 1 1 1 1 1 1 1 1 1 1 1 0 0 0 0 1 1 1 1 0 1 1 1 1 0 1 1 1 0 0 0 1
 0 0 1 1 1 1 0 1 0 1 1 1 1 1 1 1 1 1 1 1 1 0 1 1 1 0]
At 26101/30000: COST 0.684/0.768(0.662) -- Acc 0.570/0.480(0.604)
[1 1 1 0 0 0 1 1 1 1 1 0 1 1 1 0 1 1 1 0 1 0 1 1 0 1 1 1 1 0 1 1 1 1 1 1 1
 1 1 1 1 0 0 1 1 1 1 1 1 1 0 1 1 1 0 1 1 0 1 1 1 1 0 1 1 1 0 1 1 0 1 1 1 1
 1 1 1 0 1 1 1 0 1 1 1 1 1 1 1 1 1 1 1 1 1 1 1 1 1 1]
At 26201/30000: COST 0.725/0.731(0.664) -- Acc 0.500/0.540(0.602)
[1 1 1 0 1 0 1 0 1 0 0 1 1 0 1 1 1 1 1 1 1 1 1 1 0 1 1 1 1 0 1 1 1 1 1 1 1
 1 1 1 1 1 0 1 1 1 1 1 1 1 1 1 0 1 1 1 1 1 1 1 1 0 1 1 1 1 1 1 1 0 1 1 1 1
 1 1 1 1 0 0 1 1 1 1 1 1 1 0 1 0 1 1 1 1 1 0 1 1 1 0]
At 26301/30000: COST 0.669/0.796(0.664) -- Acc 0.590/0.430(0.601)
[0 0 1 1 1 1 1 1 1 1 0 1 1 1 1 1 1 0 1 1 0 1 1 0 1 0 1 0 1 1 1 0 1 1 1 1 1
 1 0 1 0 0 1 1 1 1 1 0 0 0 0 1 1 1 1 0 1 0 0 1 1 1 1 1 0 1 1 1 0 0 1 1 0 1
 1 1 1 0 1 1 0 0 1 0 1 1 1 1 0 1 1 0 1 1 1 0 0 1 1 1]
At 26401/30000: COST 0.705/0.766(0.663) -- Acc 0.520/0.520(0.602)
[1 1 1 1 1 0 0 1 1 1 1 1 1 1 1 1 1 1 1 1 1 1 1 1 1 0 1 1 1 0 1 0 0 0 1 1 1
 0 1 0 1 1 1 1 1 1 0 1 0 1 1 1 0 0 1 1 1 1 1 1 1 1 1 1 1 1 1 0 1 0 1 0 1 0
 1 1 1 0 0 1 1 1 1 1 1 1 0 0 1 0 1 1 0 1 1 1 1 0 1 0]
At 26501/30000: COST 0.663/0.777(0.667) -- Acc 0.570/0.440(0.594)
[1 1 0 1 0 1 1 1 0 1 0 1 0 1 1 1 1 1 1 1 1 1 0 1 1 1 1 1 1 1 1 1 1 1 1 1 1
 0 1 1 1 1 1 1 1 0 1 1 1 1 1 0 1 0 1 1 1 1 0 1 1 1 1 1 1 1 1 1 1 1 0 1 1 1
 1 1 1 0 1 1 0 1 1 1 0 1 1 1 1 1 1 1 1 1 1 0 1 0 1 1]
At 26601/30000: COST 0.715/0.719(0.673) -- Acc 0.520/0.520(0.586)
[1 1 1 1 1 1 1 1 0 1 1 1 1 1 1 1 1 1 1 1 1 1 1 1 1 1 1 0 1 1 1 1 1 1 0 1 0
 1 1 1 1 1 1 1 0 1 1 1 1 1 1 1 1 1 1 1 0 0 1 1 1 1 1 1 1 1 1 0 1 1 1 1 1 1
 1 1 1 1 1 1 1 0 1 1 1 1 1 1 1 1 1 1 1 1 1 1 1 1 0 1]
At 26701/30000: COST 0.652/0.733(0.671) -- Acc 0.660/0.550(0.587)
[1 0 1 1 0 1 1 0 0 1 1 0 0 0 1 1 1 1 0 0 1 0 1 1 1 1 1 0 1 1 1 1 1 1 1 1 0
 1 0 0 1 1 1 1 1 1 1 1 0 1 1 0 1 1 0 1 0 1 1 1 1 0 1 1 1 1 0 0 1 1 1 1 1 1
 1 1 1 0 1 1 1 1 1 1 0 0 0 1 1 0 1 1 1 1 1 1 1 1 1 1]
At 26801/30000: COST 0.641/0.740(0.673) -- Acc 0.610/0.430(0.581)
[1 0 1 0 1 1 1 1 1 1 1 1 1 1 1 1 1 1 1 0 1 1 1 1 0 1 1 1 1 1 1 1 1 0 1 1 1
 1 0 1 0 0 1 1 1 1 1 1 0 1 1 1 0 1 1 1 1 1 1 0 1 1 1 0 0 1 1 0 1 1 1 0 1 1
 1 1 1 1 1 1 1 1 1 1 1 1 1 1 0 0 0 1 0 1 1 0 0 1 1 1]
At 26901/30000: COST 0.648/0.750(0.674) -- Acc 0.640/0.460(0.583)
[1 1 1 1 0 0 1 0 1 1 1 1 1 1 1 0 1 1 1 1 1 1 1 1 1 1 1 1 1 1 1 1 1 1 1 1 0
 1 1 1 1 0 1 1 1 1 1 1 0 1 1 1 0 1 0 1 1 1 1 1 1 1 1 1 0 1 1 1 1 0 0 1 0 1
 1 1 1 1 1 1 1 1 1 1 0 1 1 1 1 1 1 0 1 1 1 1 1 1 1 1]
At 27001/30000: COST 0.684/0.738(0.679) -- Acc 0.550/0.460(0.573)
[0 1 1 0 1 1 1 1 1 1 1 1 0 1 1 1 1 1 1 1 1 1 1 0 1 1 1 1 1 1 0 1 1 1 1 1 1
 1 1 1 0 0 1 1 1 1 1 0 1 0 1 1 1 0 0 0 1 1 1 1 1 1 0 1 0 1 1 1 1 1 1 0 1 1
 0 1 1 1 1 1 1 1 1 1 1 1 1 1 0 1 1 1 1 1 1 1 0 1 1 0]
At 27101/30000: COST 0.641/0.740(0.683) -- Acc 0.660/0.440(0.569)
[1 1 1 1 1 1 1 1 1 1 1 1 1 1 1 1 1 1 1 1 1 1 1 1 1 1 1 1 1 1 1 1 1 1 1 1 0
 1 1 0 1 1 1 1 0 1 1 0 1 1 1 1 1 1 1 1 1 1 1 1 1 1 1 1 1 1 1 1 1 1 1 1 1 1
 1 1 1 1 1 1 1 1 1 1 0 1 1 1 1 0 1 1 1 1 1 1 1 1 1 0]
At 27201/30000: COST 0.648/0.766(0.685) -- Acc 0.600/0.460(0.571)
[1 0 1 1 1 1 1 1 1 1 1 1 1 1 1 1 1 1 0 1 1 1 1 1 1 1 1 0 1 1 1 1 1 1 1 1 0
 1 1 1 1 1 1 1 1 1 1 1 1 0 1 1 1 1 1 1 1 1 1 1 1 1 1 1 1 1 1 1 1 1 1 1 1 1
 1 0 1 1 1 1 0 1 1 1 1 1 1 0 0 1 1 0 1 1 0 1 1 1 0 1]
At 27301/30000: COST 0.684/0.786(0.680) -- Acc 0.540/0.430(0.577)
[0 1 1 1 0 1 1 1 1 1 0 1 1 1 1 1 1 1 1 1 1 1 0 1 1 0 0 1 1 1 1 0 1 1 1 1 1
 1 1 0 0 1 0 0 1 1 0 0 1 0 1 1 0 0 1 1 1 1 0 1 1 1 0 1 1 1 1 1 1 1 1 1 0 1
 1 1 0 1 1 1 0 0 1 0 1 0 0 1 0 1 1 1 1 0 1 1 1 0 0 1]
At 27401/30000: COST 0.678/0.781(0.673) -- Acc 0.590/0.460(0.584)
[1 1 1 1 1 1 1 1 0 1 1 1 1 1 0 1 1 1 1 1 1 1 1 1 1 1 1 0 1 0 1 1 1 1 0 1 1
 1 1 1 1 1 1 1 0 1 1 1 1 1 1 1 1 0 1 1 1 1 0 0 1 1 1 1 1 1 1 1 1 1 1 1 0 1
 1 1 1 0 0 1 1 1 1 1 1 1 1 1 1 1 1 1 1 0 1 1 1 1 1 1]
At 27501/30000: COST 0.645/0.790(0.670) -- Acc 0.620/0.460(0.591)
[1 1 1 1 1 1 1 1 1 1 1 1 1 1 1 0 1 1 1 0 0 0 0 1 1 1 1 1 1 1 1 1 1 1 1 0 1
 1 1 1 1 0 1 1 1 0 1 0 1 1 1 1 1 1 1 1 1 0 1 1 1 0 1 1 1 1 0 1 1 1 1 1 1 0
 1 1 1 0 1 0 1 0 1 1 1 1 1 1 1 1 1 1 1 1 1 1 1 1 1 0]
At 27601/30000: COST 0.654/0.755(0.666) -- Acc 0.630/0.460(0.598)
[1 1 1 1 1 1 1 1 1 0 0 0 1 1 1 1 1 1 0 1 1 1 1 1 1 1 1 0 1 1 1 1 1 1 1 1 1
 1 1 1 1 1 1 1 1 0 1 1 1 1 1 1 1 1 1 0 1 1 1 1 1 1 1 1 1 1 1 1 1 1 0 1 1 1
 0 1 1 1 1 1 1 1 0 1 0 1 1 1 0 1 1 1 1 1 1 1 1 0 1 1]
At 27701/30000: COST 0.666/0.738(0.671) -- Acc 0.620/0.440(0.590)
[0 1 1 1 0 1 1 1 0 1 1 1 1 1 1 0 1 0 1 0 0 0 1 1 1 1 1 1 0 1 1 1 1 0 1 1 1
 1 1 1 1 1 1 1 1 1 1 0 0 0 1 1 0 1 0 0 1 1 0 1 1 1 1 1 1 1 1 1 1 0 1 0 1 1
 1 1 1 0 1 1 1 0 1 1 1 0 1 1 1 1 1 1 0 0 1 1 0 0 0 1]
At 27801/30000: COST 0.651/0.722(0.675) -- Acc 0.640/0.480(0.584)
[0 0 1 1 1 1 1 0 1 1 1 1 1 1 0 1 1 1 0 0 1 1 1 0 1 0 1 1 0 1 1 1 1 1 1 1 1
 0 1 0 1 0 1 1 1 0 1 0 1 1 1 1 0 1 1 1 1 1 1 1 1 1 1 1 1 1 1 1 0 1 0 1 1 1
 0 1 1 1 0 1 1 1 0 1 0 1 0 1 1 1 1 1 1 1 0 1 1 0 1 0]
At 27901/30000: COST 0.637/0.721(0.671) -- Acc 0.650/0.500(0.590)
[1 1 0 0 0 1 1 1 1 1 1 1 1 1 1 1 1 1 0 1 0 1 1 1 0 1 1 1 1 0 1 1 1 1 1 1 1
 1 1 1 1 1 1 1 1 1 0 1 1 1 1 1 0 1 1 0 1 1 0 1 0 1 1 1 1 1 1 0 1 1 0 1 1 1
 1 1 0 0 0 1 1 0 1 1 1 1 0 1 1 0 1 1 1 1 0 1 1 0 1 1]
At 28001/30000: COST 0.655/0.745(0.673) -- Acc 0.650/0.490(0.585)
[1 1 1 1 0 1 1 1 0 0 0 1 1 1 1 1 1 0 0 1 1 1 1 0 1 1 1 1 1 1 1 1 0 1 0 1 0
 0 1 1 1 1 1 1 0 1 1 1 1 1 1 1 1 1 1 1 1 1 1 1 0 1 1 0 1 1 1 0 1 1 1 1 1 1
 1 1 1 1 0 1 0 1 1 1 1 1 1 1 1 1 0 0 1 1 1 0 1 1 1 1]
At 28101/30000: COST 0.702/0.723(0.671) -- Acc 0.530/0.510(0.588)
[1 1 1 1 1 1 1 1 0 0 1 1 0 1 1 1 1 1 1 1 1 1 1 1 1 1 1 1 1 1 1 0 1 1 1 1 1
 1 1 1 1 1 1 0 1 1 1 1 1 1 0 1 1 1 1 1 1 1 1 0 1 1 1 1 0 1 1 1 1 1 0 1 1 1
 1 1 1 1 1 1 0 1 1 0 0 1 1 1 1 1 0 1 1 1 1 1 1 1 1 1]
At 28201/30000: COST 0.706/0.751(0.671) -- Acc 0.590/0.500(0.590)
[1 0 1 1 0 1 1 1 0 1 1 0 1 0 1 1 1 1 1 1 1 1 0 1 1 1 1 0 1 1 0 1 1 1 1 1 1
 1 1 1 1 1 1 1 1 0 1 1 1 1 1 0 1 1 1 0 1 1 1 1 1 1 0 1 1 1 1 1 1 1 0 1 0 1
 1 1 0 1 1 1 1 1 1 1 1 1 1 0 1 1 1 1 0 1 1 1 1 1 1 1]
At 28301/30000: COST 0.690/0.760(0.669) -- Acc 0.570/0.460(0.592)
[1 1 1 0 1 1 1 0 1 0 0 1 1 1 1 1 1 1 1 1 1 1 1 0 1 0 1 1 1 1 1 1 1 1 1 1 1
 1 1 1 1 1 0 1 1 1 1 1 1 1 1 1 1 1 1 1 1 0 1 1 1 1 1 1 1 1 0 1 1 1 1 1 1 1
 1 1 1 1 1 1 1 1 1 1 1 1 1 0 1 1 1 0 1 0 1 1 1 1 1 1]
At 28401/30000: COST 0.670/0.747(0.670) -- Acc 0.600/0.450(0.589)
[1 1 1 1 1 1 1 1 1 0 1 1 1 0 1 1 0 0 1 1 1 1 1 1 1 1 1 1 1 1 1 1 1 0 1 0 1
 1 1 1 1 1 1 1 1 1 1 1 1 1 0 1 1 1 1 1 1 1 0 1 1 1 1 1 1 0 1 1 1 1 1 0 1 1
 1 0 1 1 1 1 1 1 1 1 1 1 1 1 1 1 1 1 1 1 1 1 1 1 1 1]
At 28501/30000: COST 0.688/0.741(0.675) -- Acc 0.600/0.520(0.582)
[1 0 1 1 0 0 0 1 1 0 1 1 0 1 1 1 1 1 1 1 0 1 1 1 1 1 1 1 1 1 1 1 0 1 0 1 0
 1 1 0 0 0 1 1 0 1 1 0 1 1 1 1 0 0 1 1 1 0 0 0 0 1 1 0 1 1 0 1 0 1 1 0 1 0
 0 0 1 0 1 0 1 1 0 1 0 1 1 1 0 1 1 1 1 1 1 1 1 1 1 0]
At 28601/30000: COST 0.692/0.791(0.678) -- Acc 0.520/0.410(0.576)
[1 1 1 1 1 0 1 1 1 1 1 1 1 1 1 1 1 1 1 0 1 1 0 1 1 1 0 1 1 0 1 0 1 1 0 0 1
 1 0 1 1 1 0 0 1 1 1 0 1 1 1 1 0 1 0 1 1 1 1 1 0 1 1 1 1 0 1 1 1 1 1 1 1 1
 1 0 1 0 1 1 0 1 1 1 1 1 1 1 0 0 1 1 0 1 1 1 1 1 1 1]
At 28701/30000: COST 0.653/0.747(0.676) -- Acc 0.620/0.490(0.584)
[0 0 1 1 1 0 0 1 1 1 1 1 0 0 1 1 1 1 1 1 1 1 1 0 1 0 1 1 1 1 1 1 1 0 1 1 1
 1 0 1 1 1 0 1 1 0 1 1 1 1 1 0 1 1 1 1 1 1 1 0 0 1 1 1 1 1 1 1 1 1 1 1 0 0
 1 1 1 0 1 1 1 1 1 1 0 0 0 1 1 0 1 1 1 1 1 1 1 0 0 0]
At 28801/30000: COST 0.716/0.768(0.674) -- Acc 0.540/0.420(0.586)
[0 1 1 1 1 1 1 1 0 1 0 1 1 1 0 1 1 1 1 1 1 1 1 1 1 1 1 1 0 0 1 1 0 1 1 1 1
 1 1 1 1 1 1 1 1 0 1 1 1 1 1 1 1 1 1 1 1 1 1 1 0 1 1 0 1 1 0 0 0 1 1 1 1 1
 1 1 1 0 0 1 0 1 1 1 0 1 0 1 1 1 1 1 1 1 1 0 1 1 1 1]
At 28901/30000: COST 0.717/0.767(0.675) -- Acc 0.510/0.460(0.579)
[1 0 0 0 1 1 1 0 1 0 0 1 1 1 0 1 1 1 0 1 1 1 1 0 1 1 0 1 1 0 1 1 1 1 1 1 1
 1 0 1 0 1 1 1 1 1 0 1 1 0 1 1 0 1 1 1 1 1 1 1 0 1 1 1 0 1 1 1 1 1 0 1 1 0
 0 1 1 0 0 1 0 1 0 1 1 1 1 0 1 1 0 1 1 1 1 0 1 1 0 1]
At 29001/30000: COST 0.661/0.789(0.673) -- Acc 0.640/0.400(0.581)
[1 1 0 1 1 1 1 1 1 1 1 0 0 1 0 0 1 1 1 1 1 1 1 1 1 1 1 0 1 1 1 0 1 1 0 1 1
 0 0 1 1 0 0 0 0 1 1 1 1 1 0 1 1 1 1 1 0 1 1 1 1 1 1 0 0 1 1 1 1 1 0 1 1 1
 0 0 1 1 0 1 1 1 1 0 1 1 1 1 1 1 0 1 1 1 1 0 1 1 1 1]
At 29101/30000: COST 0.664/0.763(0.673) -- Acc 0.580/0.440(0.581)
[1 0 0 0 1 1 1 1 1 1 1 1 1 1 1 0 1 1 0 1 0 1 1 1 1 1 1 0 1 0 1 1 1 1 0 1 1
 1 0 1 0 1 1 1 1 1 1 0 0 1 0 1 1 1 1 1 1 1 1 1 0 1 1 1 1 0 0 0 1 1 1 1 1 0
 1 1 0 1 0 1 1 1 0 1 1 1 1 0 1 1 1 1 1 1 1 1 1 1 1 1]
At 29201/30000: COST 0.635/0.760(0.675) -- Acc 0.640/0.420(0.578)
[1 1 1 1 1 1 1 1 1 1 1 0 1 1 0 0 1 1 1 1 1 1 1 1 1 1 0 1 1 0 1 1 1 1 1 0 1
 1 1 1 1 1 0 1 1 1 1 1 1 1 1 1 1 1 1 1 1 0 1 0 0 1 1 1 1 1 1 1 0 1 1 1 1 1
 1 0 1 1 1 1 1 1 1 1 1 1 1 1 1 1 1 1 1 1 0 1 0 1 1 1]
At 29301/30000: COST 0.647/0.744(0.674) -- Acc 0.620/0.470(0.581)
[1 0 0 1 1 0 1 0 0 1 1 1 1 1 1 1 0 0 1 0 1 1 1 1 1 1 0 0 1 0 0 1 1 1 0 1 1
 1 1 1 0 1 1 1 1 0 0 1 1 0 1 0 0 1 0 1 1 1 1 1 0 1 1 1 1 1 1 1 0 1 1 1 1 1
 1 0 0 1 1 1 1 1 1 0 0 1 0 1 1 1 0 1 1 0 1 1 1 1 1 1]
At 29401/30000: COST 0.708/0.758(0.674) -- Acc 0.520/0.440(0.580)
[0 0 0 1 1 1 1 1 1 0 1 0 0 1 1 1 1 1 1 1 1 0 1 0 1 1 1 1 1 1 1 1 1 1 1 1 0
 1 1 1 1 1 1 1 1 0 1 1 1 1 1 1 1 1 1 1 1 1 1 1 1 0 1 1 1 1 1 1 1 1 1 0 1 1
 0 1 1 1 1 0 0 1 0 1 0 1 1 1 0 1 1 0 1 1 1 1 0 0 1 0]
At 29501/30000: COST 0.658/0.764(0.678) -- Acc 0.570/0.470(0.575)
[1 0 0 1 0 1 1 1 1 0 1 1 1 1 1 1 1 0 1 1 1 1 1 1 1 0 0 1 1 1 1 1 1 0 0 1 0
 1 1 0 0 1 0 1 0 1 1 1 1 0 1 1 1 1 1 1 1 0 1 1 0 0 1 1 1 1 1 1 1 1 1 1 1 1
 0 1 1 0 1 0 1 1 0 1 1 0 1 0 1 1 0 1 1 1 1 0 1 1 1 1]
At 29601/30000: COST 0.669/0.755(0.673) -- Acc 0.650/0.450(0.582)
[1 1 0 1 1 1 1 0 1 1 0 1 1 0 1 1 1 1 1 1 0 0 1 1 1 0 1 0 1 1 1 1 1 1 0 1 1
 1 1 0 1 0 1 0 1 0 1 0 1 1 1 0 1 1 0 0 1 1 1 0 1 1 1 0 1 0 1 1 1 0 0 1 0 1
 1 1 0 1 1 0 1 0 1 1 1 1 1 1 1 0 1 0 0 1 1 1 0 0 0 0]
At 29701/30000: COST 0.699/0.724(0.677) -- Acc 0.570/0.460(0.576)
[1 0 1 1 1 0 1 1 1 1 1 1 1 1 1 1 0 1 1 1 1 0 1 0 1 1 1 0 1 0 0 0 0 1 0 0 1
 0 0 1 1 1 1 1 1 1 1 1 0 1 1 1 1 1 0 0 1 1 1 1 1 1 1 1 1 1 1 1 1 1 1 1 1 1
 1 1 1 1 1 1 1 1 1 0 1 1 1 1 1 0 0 1 0 1 0 1 1 1 1 1]
At 29801/30000: COST 0.663/0.728(0.678) -- Acc 0.620/0.490(0.575)
[0 1 1 1 1 1 1 1 1 1 1 0 0 0 1 1 1 1 0 1 0 1 0 1 1 1 1 1 1 1 0 1 1 1 0 0 1
 0 1 0 1 0 1 1 1 1 1 0 1 0 1 1 1 1 1 0 0 1 1 1 1 0 1 1 1 1 1 0 1 1 1 0 1 0
 0 1 1 1 1 1 0 0 0 1 1 1 1 1 0 1 1 1 1 0 1 1 0 0 1 0]
At 29901/30000: COST 0.645/0.771(0.676) -- Acc 0.600/0.470(0.580)
