[0 0 0 0 0 0 0 0 0 0 0 0 0 0 0 0 0 0 0 0 0 0 0 0 0 0 0 0 0 0 0 0 0 0 0 0 0
 0 0 0 0 0 0 0 0 0 0 0 0 0 0 0 0 0 0 0 0 0 0 0 0 0 0 0 0 0 0 0 0 0 0 0 1 0
 0 0 0 1 0 0 0 0 0 0 0 0 0 0 0 0 0 0 0 0 0 0 0 0 0 0]
 Training accuracy at 0 out of 20000 is 0.506(0.510),cost is 8.109(0.707)
[0 1 1 1 1 1 1 1 1 1 1 1 1 1 1 1 1 1 1 1 1 1 1 1 1 1 0 0 0 0 0 0 0 0 0 0 0
 0 0 0 0 0 0 0 0 0 0 0 0 0 0 0 0 0 0 0 0 0 0 0 0 0 0 0 0 0 0 0 0 0 0 0 0 0
 0 0 0 0 0 0 0 0 0 0 0 0 0 0 0 0 0 0 0 0 1 1 1 1 1 1]
 Training accuracy at 100 out of 20000 is 0.519(0.580),cost is 7.998(0.695)
[0 1 1 0 0 1 0 0 0 0 0 1 0 1 1 1 1 1 1 1 1 1 0 1 1 1 1 1 1 1 1 1 1 1 1 1 1
 1 1 0 1 1 1 1 1 1 1 1 1 1 1 0 0 0 0 0 0 0 0 0 0 0 0 0 0 0 0 0 0 0 0 0 0 0
 0 0 0 0 0 0 0 0 0 0 0 0 0 0 0 0 0 0 0 0 0 0 1 1 1 1]
 Training accuracy at 200 out of 20000 is 0.535(0.470),cost is 7.935(0.698)
[1 1 1 1 1 1 1 1 1 1 1 1 1 0 1 1 1 1 1 1 1 1 0 1 1 1 1 1 1 1 1 0 1 1 1 1 1
 1 1 1 1 1 1 1 1 1 1 1 1 1 1 1 0 0 0 0 1 1 0 0 1 1 0 0 0 0 0 0 0 0 0 0 0 0
 0 0 0 0 0 0 0 0 0 0 0 0 1 1 1 1 1 1 1 1 1 1 1 1 1 1]
 Training accuracy at 300 out of 20000 is 0.546(0.500),cost is 7.871(0.697)
[1 1 1 1 1 1 1 1 1 1 1 1 1 1 1 1 1 1 1 1 1 1 1 1 1 1 1 1 1 1 1 1 1 1 1 1 1
 1 1 1 1 1 1 1 1 1 1 1 1 1 1 1 1 1 1 1 1 1 1 1 1 1 0 1 0 0 1 1 1 1 1 0 0 0
 1 1 1 1 1 1 1 1 1 1 1 1 1 1 1 1 1 1 1 1 1 1 1 1 1 1]
 Training accuracy at 400 out of 20000 is 0.579(0.530),cost is 7.722(0.703)
[1 1 1 1 1 1 1 0 0 0 1 0 1 1 0 1 1 0 1 0 0 1 0 0 1 0 1 1 0 1 1 0 0 1 0 1 1
 0 1 1 0 1 1 1 1 1 1 1 1 0 0 1 0 0 1 0 1 1 0 0 1 0 1 0 0 0 1 1 0 1 1 0 0 0
 0 0 0 0 1 0 1 1 0 0 1 1 0 0 0 0 1 0 0 1 1 1 1 1 0 0]
 Training accuracy at 500 out of 20000 is 0.633(0.480),cost is 7.455(0.696)
[1 1 1 1 1 1 1 1 1 1 1 1 1 1 0 1 1 1 1 1 1 1 0 0 1 1 1 1 0 1 1 0 0 1 0 1 1
 0 1 1 0 1 1 0 1 1 1 1 1 1 1 1 1 1 1 1 1 1 1 1 1 1 0 1 0 0 1 1 0 1 0 0 0 0
 1 0 0 0 0 0 0 1 0 1 1 0 1 1 0 0 1 1 1 1 1 1 1 1 1 0]
 Training accuracy at 600 out of 20000 is 0.645(0.540),cost is 7.101(0.728)
[1 1 1 1 1 1 1 0 0 0 1 1 1 1 1 1 1 0 1 1 0 1 1 0 1 1 1 1 0 1 1 0 0 1 0 1 1
 0 1 1 0 1 1 0 1 1 1 1 1 0 0 1 0 1 1 0 1 1 1 1 1 1 1 1 0 0 1 1 1 1 1 0 0 0
 0 0 1 0 0 0 0 1 1 1 1 1 1 1 0 0 1 0 1 1 1 1 1 1 0 0]
 Training accuracy at 700 out of 20000 is 0.678(0.520),cost is 6.624(0.693)
[1 1 1 1 1 1 1 0 1 1 1 0 1 1 0 1 1 0 1 1 1 1 0 1 1 0 1 1 0 1 1 0 1 1 0 1 1
 0 1 1 0 1 0 0 1 1 0 1 1 0 0 1 0 0 1 1 1 1 0 0 1 1 0 1 0 0 1 1 0 0 0 0 1 0
 1 0 0 0 0 0 0 1 0 1 1 1 1 1 0 0 1 0 1 1 1 1 1 1 0 0]
 Training accuracy at 800 out of 20000 is 0.715(0.570),cost is 6.224(0.695)
[1 1 1 1 1 1 1 1 1 1 1 1 1 1 0 1 1 1 1 1 1 1 1 0 1 1 1 1 0 1 1 0 1 1 0 1 1
 0 1 1 0 1 1 1 1 1 1 1 1 1 0 1 1 0 1 1 1 1 1 0 1 0 0 1 0 1 1 1 1 1 0 0 1 0
 1 1 0 0 1 0 0 1 0 1 1 1 1 1 0 0 1 1 1 1 1 1 1 1 1 0]
 Training accuracy at 900 out of 20000 is 0.772(0.530),cost is 5.271(0.784)
[1 1 1 1 1 1 1 1 1 1 1 1 1 1 0 1 1 0 1 1 1 1 1 0 1 0 1 1 0 1 1 0 0 1 0 1 1
 0 1 1 0 1 0 1 1 1 0 1 1 1 0 1 1 0 1 1 1 1 0 0 0 0 0 1 0 1 1 1 1 0 0 0 1 1
 1 1 1 1 0 0 0 1 0 1 1 1 1 1 0 0 1 1 1 1 1 1 1 1 1 0]
 Training accuracy at 1000 out of 20000 is 0.823(0.570),cost is 4.478(0.828)
[0 1 1 1 1 1 1 1 1 0 1 1 1 1 0 1 1 0 1 1 1 1 1 0 1 0 0 1 0 1 1 0 1 1 0 1 1
 0 1 1 0 1 0 0 1 1 0 1 1 0 0 1 1 0 1 1 0 1 1 0 0 0 0 1 0 1 0 1 0 0 0 0 1 0
 1 1 1 0 0 0 0 1 0 1 1 1 1 1 0 0 1 1 1 1 1 1 1 1 0 0]
 Training accuracy at 1100 out of 20000 is 0.833(0.560),cost is 4.062(0.891)
[0 1 1 1 1 1 1 1 1 0 1 1 1 1 0 1 1 0 1 1 1 1 1 0 1 0 0 1 0 1 1 0 0 1 0 1 1
 0 1 1 0 1 0 1 1 1 0 1 1 0 0 1 0 0 1 1 0 1 0 0 0 0 0 1 0 0 0 0 0 0 0 0 1 0
 0 1 0 0 0 0 0 1 0 1 1 1 1 0 0 0 1 1 1 1 1 1 1 1 0 0]
 Training accuracy at 1200 out of 20000 is 0.864(0.550),cost is 3.461(0.995)
[1 1 1 1 1 1 1 1 1 1 1 1 1 1 0 1 1 0 1 1 1 1 1 0 1 0 0 1 0 1 1 0 0 1 0 1 1
 0 1 1 0 1 0 1 1 1 0 1 1 0 0 1 0 0 1 1 1 1 0 0 0 0 0 0 0 0 0 1 0 0 0 0 1 0
 1 1 0 0 0 0 0 1 0 1 1 1 1 1 0 0 1 1 1 1 1 1 1 1 0 0]
 Training accuracy at 1300 out of 20000 is 0.898(0.600),cost is 2.999(1.080)
[0 1 1 1 1 1 1 1 1 1 1 1 1 1 0 1 1 0 1 1 1 1 1 0 1 0 1 1 0 1 1 0 0 1 0 1 1
 0 1 1 0 1 0 0 1 1 0 1 1 0 0 1 0 1 1 1 0 1 0 0 0 0 0 1 0 1 1 1 0 0 0 0 1 0
 1 1 1 0 0 0 0 1 0 1 1 1 1 1 0 0 1 1 1 1 1 1 1 1 1 0]
 Training accuracy at 1400 out of 20000 is 0.909(0.560),cost is 2.666(1.208)
[1 1 1 1 1 1 1 1 1 1 1 1 1 1 0 1 1 1 1 1 1 1 1 0 1 0 1 1 0 1 1 0 0 1 0 1 1
 0 1 1 0 1 0 1 1 1 0 1 1 0 0 1 0 1 1 1 1 1 0 0 0 0 0 1 0 1 0 1 0 0 0 0 1 0
 1 1 1 0 0 0 0 1 0 1 1 1 1 1 0 0 1 0 1 1 1 1 1 1 1 0]
 Training accuracy at 1500 out of 20000 is 0.933(0.540),cost is 2.306(1.402)
[0 1 1 1 1 1 1 1 1 1 1 1 1 1 0 1 1 0 1 1 1 1 1 0 1 0 1 1 0 1 1 0 0 1 0 1 1
 0 1 1 0 1 0 1 1 1 0 1 1 1 0 1 0 0 1 1 0 0 0 0 0 0 0 1 0 0 0 1 0 0 0 0 1 0
 1 0 1 0 1 0 0 1 0 1 1 1 1 1 0 0 1 0 1 1 1 1 0 1 0 1]
 Training accuracy at 1600 out of 20000 is 0.928(0.520),cost is 2.153(1.367)
[1 1 1 1 1 1 1 1 1 1 1 1 1 1 0 1 1 0 1 1 1 1 1 0 1 1 1 1 0 1 1 0 0 1 0 1 1
 0 1 1 1 1 0 0 1 1 0 1 1 0 0 1 0 1 1 1 1 1 0 0 0 0 0 1 0 0 1 1 0 0 0 0 1 0
 1 1 1 0 0 0 0 1 0 1 1 1 1 1 0 0 1 0 1 1 1 1 1 1 1 0]
 Training accuracy at 1700 out of 20000 is 0.939(0.540),cost is 2.174(1.449)
[1 1 1 1 1 1 1 1 1 1 1 1 1 1 0 1 1 0 1 1 1 1 1 0 0 0 1 1 0 1 1 1 0 1 0 1 1
 0 1 0 0 1 0 1 1 1 1 1 1 0 0 1 1 1 1 1 1 1 0 0 0 0 0 1 0 0 0 1 0 0 0 0 1 0
 1 0 1 0 0 0 0 1 0 1 1 1 1 1 0 0 1 1 1 1 1 1 1 1 0 0]
 Training accuracy at 1800 out of 20000 is 0.954(0.540),cost is 1.665(1.460)
[1 1 1 1 1 1 1 1 0 1 1 1 1 1 0 1 1 0 1 1 1 1 1 0 0 0 1 0 0 1 1 1 0 1 0 1 1
 0 1 0 0 1 0 1 1 1 0 1 1 0 0 1 0 1 1 1 1 1 0 0 0 0 0 1 0 0 0 1 0 0 1 0 1 0
 1 0 0 0 0 0 0 1 0 1 1 1 1 1 0 0 1 0 1 1 1 1 1 1 1 1]
 Training accuracy at 1900 out of 20000 is 0.958(0.550),cost is 1.539(1.515)
[1 1 1 1 1 1 1 1 1 1 1 1 1 1 0 1 1 0 1 1 1 1 1 0 0 0 1 0 0 1 1 1 0 1 0 1 1
 0 1 0 1 1 0 1 1 1 0 1 1 0 0 1 0 1 1 1 1 1 0 1 0 0 1 1 0 0 0 1 0 0 1 0 1 0
 1 0 0 0 0 0 1 1 0 1 1 1 1 1 0 0 1 0 1 1 1 1 1 1 1 1]
 Training accuracy at 2000 out of 20000 is 0.966(0.540),cost is 1.353(1.444)
[0 1 1 1 1 1 1 1 0 1 1 1 1 1 0 1 0 0 1 1 1 1 0 0 0 0 1 0 0 1 1 1 0 1 0 1 1
 0 1 0 0 1 0 1 1 1 1 1 1 0 0 1 0 1 1 1 1 1 0 0 0 0 0 0 0 0 0 1 0 0 1 0 1 0
 1 0 0 0 0 0 0 1 0 1 1 1 1 1 0 0 1 0 1 1 1 1 1 1 0 1]
 Training accuracy at 2100 out of 20000 is 0.967(0.570),cost is 1.141(1.587)
[1 1 1 1 1 1 1 1 1 1 1 1 1 1 0 1 1 0 1 1 1 1 1 0 0 0 1 0 0 1 1 0 0 1 0 1 1
 0 1 1 0 1 0 1 1 0 0 1 1 0 0 1 0 1 1 1 1 0 0 0 0 0 0 1 0 0 0 1 0 0 1 0 1 0
 0 0 0 0 0 0 0 1 0 1 1 1 1 1 0 0 1 0 1 1 1 1 1 1 0 1]
 Training accuracy at 2200 out of 20000 is 0.977(0.540),cost is 1.068(1.722)
[1 1 1 1 1 1 1 1 1 1 1 1 1 1 0 1 1 0 1 1 1 1 1 0 1 0 1 1 0 1 1 0 0 1 0 1 1
 0 1 0 0 1 0 1 1 1 0 1 1 1 0 1 0 1 1 1 1 1 0 0 0 0 0 0 0 0 0 1 0 0 1 0 1 0
 1 0 0 0 1 0 0 1 0 1 1 1 1 1 0 0 1 0 1 1 1 1 1 1 0 1]
 Training accuracy at 2300 out of 20000 is 0.976(0.550),cost is 0.875(1.955)
[1 1 1 1 1 1 1 1 1 1 1 1 1 1 0 1 1 0 1 1 1 1 1 0 1 0 1 1 0 1 1 1 0 1 0 1 1
 0 1 1 0 1 0 1 1 1 1 1 1 1 0 1 0 1 1 1 1 1 0 0 0 0 0 1 1 0 1 1 0 0 1 0 1 0
 1 0 0 0 1 0 1 1 0 1 1 1 1 1 0 0 1 0 1 1 1 1 1 1 1 1]
 Training accuracy at 2400 out of 20000 is 0.985(0.490),cost is 0.856(2.163)
[1 0 1 1 1 1 1 1 1 1 1 1 1 1 0 1 1 0 0 1 1 1 1 0 0 0 1 0 0 1 1 0 0 1 0 1 0
 0 1 0 0 1 0 1 1 1 1 1 1 1 0 0 0 1 1 1 1 1 0 0 0 0 0 0 0 0 0 1 0 0 1 0 1 0
 1 0 0 0 1 0 1 1 0 1 1 1 1 1 0 0 1 0 1 1 1 1 1 1 0 1]
 Training accuracy at 2500 out of 20000 is 0.987(0.570),cost is 0.901(1.960)
[1 1 1 1 1 1 1 1 1 1 1 1 1 1 0 1 0 0 0 1 1 1 1 0 0 0 1 0 0 1 1 0 0 1 0 1 1
 0 1 0 0 1 0 1 1 1 1 1 1 0 0 1 0 1 1 1 0 1 0 0 0 0 0 0 0 0 0 1 0 0 1 0 1 0
 1 0 0 0 0 0 1 1 0 1 1 1 1 1 0 0 1 1 1 1 1 1 1 1 0 1]
 Training accuracy at 2600 out of 20000 is 0.991(0.590),cost is 0.688(2.104)
[1 1 1 1 1 1 1 1 1 1 1 1 1 1 0 1 0 0 0 1 1 1 1 0 0 0 1 0 0 1 1 0 0 1 0 1 0
 0 1 0 0 1 0 1 1 1 1 1 1 1 0 1 0 1 1 1 1 1 0 0 0 0 0 1 1 0 1 1 0 0 1 0 1 0
 1 0 0 0 1 0 0 1 0 1 1 1 1 1 0 0 1 1 1 1 1 1 1 1 0 0]
 Training accuracy at 2700 out of 20000 is 0.985(0.580),cost is 0.725(2.165)
[0 1 1 1 1 0 1 1 0 1 1 0 1 1 0 1 0 0 1 1 1 1 0 0 0 0 1 0 0 1 1 0 0 1 0 1 1
 0 1 0 0 1 0 1 1 1 1 1 1 0 0 1 0 1 1 1 1 1 0 0 0 0 0 0 1 0 0 1 0 0 1 0 1 0
 1 0 0 0 0 0 0 1 0 1 1 1 1 1 0 0 1 0 1 1 1 1 1 1 0 1]
 Training accuracy at 2800 out of 20000 is 0.992(0.570),cost is 0.549(2.344)
[0 1 1 0 1 1 1 0 1 1 1 1 1 1 0 1 0 0 0 1 1 1 1 0 0 0 1 1 0 1 1 0 0 1 0 1 1
 0 1 0 0 1 0 1 1 1 1 0 1 0 0 1 0 1 1 1 1 1 0 0 0 0 0 1 1 0 0 1 0 0 1 0 1 0
 1 0 1 0 0 0 0 1 0 1 1 1 1 0 0 0 1 0 1 1 1 1 1 1 0 0]
 Training accuracy at 2900 out of 20000 is 0.990(0.540),cost is 0.502(2.481)
[1 1 1 1 1 1 1 1 1 1 1 1 1 1 0 1 1 0 1 1 1 1 1 0 0 0 1 1 0 1 1 0 0 1 0 1 1
 0 1 0 0 1 0 1 1 0 1 1 1 1 0 1 0 1 1 1 1 1 0 0 0 0 0 1 1 0 1 1 0 0 1 0 1 0
 1 0 1 0 0 0 0 1 0 1 1 1 1 0 0 0 1 0 1 1 1 1 1 1 0 1]
 Training accuracy at 3000 out of 20000 is 0.993(0.520),cost is 0.510(2.461)
[1 1 1 1 1 1 1 1 1 1 1 1 1 1 0 1 1 1 1 1 1 1 1 0 1 0 1 1 0 1 1 0 0 1 0 1 1
 0 1 0 0 1 0 1 1 1 1 1 1 1 0 1 0 1 1 1 1 1 0 0 0 0 1 1 1 0 0 1 0 0 1 0 1 1
 1 1 1 0 0 0 0 1 1 1 1 1 1 1 0 0 1 1 1 1 1 1 1 1 0 1]
 Training accuracy at 3100 out of 20000 is 0.996(0.540),cost is 0.394(2.715)
[1 1 1 1 1 1 1 1 1 1 1 1 1 1 0 1 1 1 1 1 1 1 1 0 0 0 1 1 0 1 1 0 0 1 0 1 1
 0 1 0 0 1 0 1 1 1 1 1 1 1 0 1 0 1 1 1 1 1 0 0 0 0 1 1 1 0 0 1 0 1 1 0 1 0
 1 0 1 0 0 0 0 1 0 1 1 1 1 1 0 0 1 1 1 1 1 1 1 1 1 1]
 Training accuracy at 3200 out of 20000 is 0.998(0.540),cost is 0.350(3.073)
[1 1 1 1 1 1 1 0 1 1 1 1 1 1 0 1 0 1 0 1 1 1 0 0 0 0 1 0 0 1 1 0 0 1 0 1 0
 1 1 0 0 1 0 1 1 1 1 1 1 0 0 1 0 1 1 1 1 1 0 0 0 0 0 1 1 0 0 1 0 0 1 0 1 0
 1 0 1 0 1 0 1 1 0 1 1 1 1 1 0 0 1 1 1 1 1 1 1 1 0 0]
 Training accuracy at 3300 out of 20000 is 0.996(0.560),cost is 0.386(2.859)
[1 1 1 1 1 1 1 1 1 1 1 1 1 1 0 1 1 1 0 1 1 1 1 0 0 0 1 1 0 1 1 0 0 1 0 1 1
 0 1 0 0 1 0 1 1 1 1 1 1 1 0 0 0 1 1 1 1 1 0 0 0 0 0 0 1 0 0 1 0 0 1 0 1 0
 0 0 1 0 0 0 0 1 0 1 1 1 1 1 0 0 1 0 1 1 1 1 1 1 0 1]
 Training accuracy at 3400 out of 20000 is 0.999(0.560),cost is 0.264(2.668)
[1 1 1 1 1 1 1 1 1 1 1 1 1 1 0 1 1 1 1 1 1 1 1 0 0 0 1 1 0 1 1 1 0 1 0 1 1
 1 1 0 0 1 0 1 1 1 1 1 1 1 0 1 0 1 1 1 1 1 0 0 0 0 0 0 1 0 0 1 0 0 1 0 0 0
 0 0 0 0 0 0 1 1 1 1 1 1 1 1 0 0 1 1 1 1 1 1 1 1 0 1]
 Training accuracy at 3500 out of 20000 is 0.994(0.530),cost is 0.360(2.790)
[1 1 1 1 1 1 1 1 1 1 1 1 1 1 0 1 1 1 1 1 1 1 0 0 0 0 1 0 0 1 1 0 0 1 0 1 1
 1 1 0 0 1 0 1 1 1 1 1 1 1 0 1 0 1 1 1 1 1 0 0 0 0 1 0 1 0 1 1 0 0 1 0 1 0
 1 0 1 0 0 1 1 1 0 1 1 1 1 1 0 0 1 1 1 1 1 1 1 1 0 1]
 Training accuracy at 3600 out of 20000 is 0.993(0.530),cost is 0.377(2.730)
[1 1 1 1 1 1 1 1 1 1 1 1 1 1 0 1 0 1 1 1 1 1 1 0 0 0 1 1 0 1 1 0 0 1 0 1 1
 0 1 0 0 1 0 1 1 1 1 1 1 1 0 1 0 1 1 1 1 1 0 0 0 0 0 0 1 0 1 1 0 0 1 0 1 0
 1 0 0 0 1 0 1 1 1 1 1 1 1 1 0 0 1 1 1 1 1 1 1 1 0 1]
 Training accuracy at 3700 out of 20000 is 0.997(0.560),cost is 0.276(2.851)
[1 1 1 1 1 1 1 1 1 1 1 1 1 1 0 1 1 1 1 1 1 1 1 0 0 0 1 0 0 1 1 0 0 1 0 1 1
 0 1 0 0 1 0 1 1 1 1 1 1 0 0 1 0 1 1 1 1 1 0 0 0 0 1 1 1 0 1 1 0 0 1 0 1 0
 1 0 0 0 1 0 1 1 1 1 1 1 1 1 0 0 1 1 1 1 1 1 1 1 0 1]
 Training accuracy at 3800 out of 20000 is 0.998(0.550),cost is 0.185(3.075)
[1 1 1 1 1 1 1 0 1 0 1 1 1 1 0 1 0 0 0 1 1 1 0 0 0 0 1 0 0 1 1 0 0 1 0 1 1
 0 1 0 0 1 0 1 1 1 1 1 1 0 0 1 0 1 1 1 1 1 0 0 0 0 0 0 1 0 1 1 0 0 1 0 1 0
 1 0 1 1 0 0 1 1 0 1 1 1 1 1 0 0 1 0 1 1 1 1 1 1 0 0]
 Training accuracy at 3900 out of 20000 is 0.999(0.570),cost is 0.246(2.611)
[1 1 1 1 1 1 1 0 1 1 1 1 1 1 0 1 0 0 0 1 1 1 0 0 0 0 1 0 0 1 1 0 0 1 0 1 1
 0 1 0 0 1 0 1 1 1 1 0 1 1 0 1 0 1 1 1 1 1 0 0 0 0 1 0 1 0 1 1 0 0 1 0 0 1
 1 0 1 1 1 0 1 1 1 1 1 1 1 1 0 0 1 0 1 1 1 1 1 1 0 1]
 Training accuracy at 4000 out of 20000 is 0.999(0.560),cost is 0.180(2.779)
[1 1 1 1 1 1 1 1 1 1 1 1 1 1 0 1 1 1 0 1 1 1 0 0 0 0 1 0 0 1 1 0 0 1 0 1 1
 0 1 0 0 1 0 1 1 1 1 1 1 0 0 1 0 1 1 1 1 1 0 1 0 0 1 1 1 0 1 1 0 0 1 0 1 1
 1 0 0 0 1 1 1 1 1 1 1 1 1 1 0 0 1 0 1 1 1 1 1 1 0 1]
 Training accuracy at 4100 out of 20000 is 0.999(0.550),cost is 0.158(3.070)
[1 1 1 1 1 1 1 1 1 1 1 1 1 1 0 1 1 0 0 1 1 1 0 0 0 0 1 0 0 1 1 0 0 1 0 1 1
 0 1 0 0 1 0 1 1 1 1 1 1 0 0 1 0 1 1 1 1 1 0 0 0 0 0 1 1 0 1 1 0 0 1 0 1 0
 0 0 1 0 1 0 1 1 1 1 1 1 1 1 0 0 1 0 1 1 1 1 1 1 0 1]
 Training accuracy at 4200 out of 20000 is 0.998(0.520),cost is 0.158(3.083)
[1 1 1 1 1 1 1 1 1 1 1 1 1 1 0 1 1 1 1 1 1 1 1 0 0 0 1 1 0 1 1 0 0 1 0 1 1
 0 1 0 0 1 0 1 1 1 1 1 1 0 0 1 0 1 1 1 1 1 0 0 0 0 1 0 1 0 1 1 0 0 1 0 1 1
 1 0 0 0 1 0 1 1 0 1 1 1 1 1 0 0 1 1 1 1 1 1 1 1 0 1]
 Training accuracy at 4300 out of 20000 is 0.999(0.570),cost is 0.159(3.087)
[1 1 1 1 1 1 1 1 1 1 1 1 1 1 0 1 0 1 0 1 1 1 0 0 0 0 1 0 0 1 1 0 0 1 0 1 0
 0 1 0 0 1 0 1 1 1 1 1 1 0 0 1 0 1 1 1 1 1 0 0 0 0 0 0 1 0 0 1 0 0 1 0 1 0
 1 0 1 1 0 0 1 1 1 1 1 1 1 1 0 0 1 1 1 1 1 1 1 1 0 1]
 Training accuracy at 4400 out of 20000 is 0.998(0.590),cost is 0.222(2.993)
[1 1 1 1 1 1 1 1 1 1 1 1 1 1 0 1 1 1 1 1 1 1 0 0 0 1 1 1 0 1 1 0 0 1 0 1 1
 0 1 1 0 1 0 1 1 1 1 1 1 1 0 1 0 1 1 1 1 1 0 0 0 0 1 1 1 0 0 1 0 0 1 0 1 1
 1 0 1 1 0 1 1 1 1 1 1 1 1 1 0 0 1 1 1 1 1 1 1 1 1 0]
 Training accuracy at 4500 out of 20000 is 0.999(0.480),cost is 0.148(3.356)
[1 1 1 1 1 1 1 1 1 1 1 1 1 1 0 1 1 0 1 1 1 1 0 0 0 0 1 0 0 1 1 0 0 1 0 1 1
 0 1 1 0 1 0 1 1 1 1 1 1 0 0 1 0 1 1 1 1 1 0 0 0 0 1 1 1 0 1 1 0 0 1 0 1 1
 1 0 1 0 1 1 1 1 0 1 1 1 1 1 0 0 1 1 1 1 1 1 1 1 1 1]
 Training accuracy at 4600 out of 20000 is 0.997(0.510),cost is 0.200(2.862)
[0 1 1 1 1 1 1 0 1 1 1 1 1 1 0 1 0 0 0 1 1 1 0 0 0 0 1 0 0 1 1 0 0 1 0 1 0
 0 1 0 0 1 0 1 1 1 1 0 1 0 0 1 0 1 1 1 1 1 0 0 0 0 0 0 1 0 1 1 0 0 0 0 1 0
 0 0 0 0 0 0 0 1 0 1 1 1 1 0 0 0 1 1 1 1 1 1 1 1 0 0]
 Training accuracy at 4700 out of 20000 is 1.000(0.600),cost is 0.145(3.302)
[1 1 1 1 1 1 1 1 1 1 1 1 1 1 0 1 1 1 0 1 1 1 1 0 0 0 1 1 0 1 1 0 0 1 0 1 1
 0 1 0 0 1 0 1 1 1 1 0 1 0 0 1 0 1 1 1 1 1 0 0 0 0 0 0 1 0 0 1 0 0 1 0 1 1
 0 0 1 0 0 0 0 1 1 1 1 1 1 1 0 0 1 1 1 1 1 1 1 1 0 0]
 Training accuracy at 4800 out of 20000 is 1.000(0.550),cost is 0.166(3.213)
[1 1 1 1 1 1 1 0 1 1 1 1 1 1 0 1 1 1 0 1 1 1 0 0 0 0 1 0 0 1 1 0 0 1 0 1 1
 0 1 0 0 1 0 1 1 1 1 1 1 0 0 1 0 1 1 1 1 1 0 0 0 0 1 1 1 0 1 1 0 0 1 0 0 0
 1 0 1 0 1 0 0 1 0 1 1 1 1 0 0 0 1 1 1 1 1 1 1 1 0 1]
 Training accuracy at 4900 out of 20000 is 0.999(0.570),cost is 0.144(3.745)
[1 1 1 1 1 1 1 0 1 1 1 1 1 1 0 1 1 1 1 1 1 1 0 0 0 0 1 1 0 1 1 0 0 1 0 1 1
 0 1 0 0 1 0 1 1 1 1 1 1 0 0 1 0 1 1 1 1 1 0 0 0 0 1 0 1 0 1 1 0 0 1 0 1 1
 1 0 1 0 0 0 0 1 1 1 1 1 1 0 0 0 1 1 1 1 1 1 1 1 0 0]
 Training accuracy at 5000 out of 20000 is 1.000(0.550),cost is 0.105(3.562)
[1 1 1 1 1 1 1 1 1 1 1 1 1 1 0 1 1 1 1 1 1 1 1 0 0 0 1 1 0 1 1 0 1 1 0 1 1
 0 1 1 0 1 0 1 1 1 1 1 1 1 0 1 0 1 1 1 1 1 0 1 0 0 1 1 1 0 1 1 0 0 1 0 1 1
 1 0 0 0 1 0 1 1 1 1 1 1 1 1 0 0 1 1 1 1 1 1 1 1 0 0]
 Training accuracy at 5100 out of 20000 is 0.999(0.520),cost is 0.145(3.692)
[1 1 1 1 1 1 1 1 1 1 1 1 1 1 0 1 1 1 1 1 1 1 0 0 0 0 1 1 0 1 1 0 0 1 0 1 1
 0 1 0 0 1 0 1 1 1 1 1 1 1 0 0 0 1 1 1 1 1 0 1 0 0 1 1 1 0 1 1 0 1 1 0 1 0
 1 0 1 0 1 0 1 1 0 1 1 1 1 1 0 0 1 1 1 1 1 1 1 1 0 0]
 Training accuracy at 5200 out of 20000 is 0.999(0.540),cost is 0.125(4.166)
[1 1 1 1 1 1 1 0 1 1 1 1 1 1 0 1 1 1 0 1 1 1 1 0 0 0 1 0 0 1 1 0 0 1 0 1 1
 0 1 1 0 1 0 1 1 1 1 1 1 0 0 1 0 1 1 1 1 1 0 0 0 0 1 1 1 0 1 1 0 0 1 0 1 0
 1 0 0 1 1 0 1 1 0 1 1 1 1 1 0 0 1 1 1 1 1 1 1 1 0 0]
 Training accuracy at 5300 out of 20000 is 1.000(0.570),cost is 0.184(3.675)
[1 1 1 1 1 1 1 1 1 1 1 1 1 1 0 1 1 1 0 1 1 1 1 0 0 0 1 0 0 1 1 0 0 1 0 1 1
 0 1 1 0 1 0 1 1 1 1 1 1 0 0 1 0 1 1 1 1 1 0 1 0 0 1 1 1 0 1 1 0 0 1 0 1 0
 1 0 0 0 0 0 0 1 0 1 1 1 1 1 0 0 1 0 1 1 1 1 1 1 0 1]
 Training accuracy at 5400 out of 20000 is 1.000(0.580),cost is 0.097(3.495)
[1 1 1 1 1 1 1 1 1 1 1 1 1 1 0 1 1 1 1 1 1 1 1 0 0 0 1 0 0 1 1 0 0 1 0 1 1
 0 1 1 0 1 0 1 1 1 1 1 1 0 0 1 0 1 1 1 1 1 0 1 0 0 1 1 1 0 1 1 0 0 1 0 1 0
 1 0 1 0 0 0 0 1 1 1 1 1 1 1 0 0 1 1 1 1 1 1 1 1 0 0]
 Training accuracy at 5500 out of 20000 is 1.000(0.550),cost is 0.107(3.606)
[1 1 1 1 1 1 1 1 1 1 1 1 1 1 0 1 1 0 1 1 1 1 0 0 0 0 1 0 0 1 1 0 0 1 0 1 1
 0 1 1 0 1 0 1 1 1 1 1 1 1 0 1 0 1 1 1 1 1 0 0 0 0 1 1 1 0 1 1 0 0 1 0 1 0
 1 0 0 0 1 0 0 1 1 1 1 1 1 1 0 0 1 1 1 1 1 1 1 1 0 0]
 Training accuracy at 5600 out of 20000 is 1.000(0.510),cost is 0.084(3.436)
[0 1 1 1 1 1 1 0 0 1 1 1 1 1 0 1 0 0 0 1 1 1 0 0 0 0 1 0 0 1 1 0 0 1 0 1 1
 0 1 0 0 1 0 1 1 1 1 1 1 0 0 0 0 1 1 1 1 1 0 0 0 0 0 0 1 0 1 1 0 0 1 0 1 0
 1 0 0 0 0 0 1 1 0 1 1 1 1 1 0 0 1 1 1 1 1 1 1 1 0 0]
 Training accuracy at 5700 out of 20000 is 1.000(0.600),cost is 0.121(3.178)
[1 1 1 1 1 1 1 1 1 1 1 1 1 1 0 1 1 1 1 1 1 1 1 0 1 0 1 0 0 1 1 0 1 1 0 1 1
 0 1 0 0 1 0 1 1 1 1 1 1 1 0 1 0 1 1 1 1 1 0 0 0 0 1 1 1 0 1 1 0 0 1 0 1 1
 1 0 0 0 1 0 0 1 1 1 1 1 1 1 0 0 1 1 1 1 1 1 1 1 0 1]
 Training accuracy at 5800 out of 20000 is 1.000(0.540),cost is 0.097(4.226)
[1 1 1 1 1 1 1 1 1 1 1 1 1 1 0 1 1 1 1 1 1 1 1 0 0 0 1 0 0 1 1 0 0 1 0 1 0
 0 1 0 0 1 0 1 1 1 1 1 1 1 0 0 0 1 1 1 1 1 0 0 0 0 1 0 1 0 1 1 0 0 1 0 0 0
 1 0 1 0 0 0 1 1 1 1 1 1 1 1 0 0 1 0 1 1 1 1 1 1 0 0]
 Training accuracy at 5900 out of 20000 is 0.998(0.560),cost is 0.157(3.762)
[0 1 1 1 1 1 1 0 0 1 1 1 1 1 0 1 0 0 1 1 1 1 0 0 0 0 1 0 0 1 1 0 0 1 0 1 1
 0 1 0 0 1 0 1 1 1 1 0 1 0 0 1 0 1 1 1 1 1 0 0 0 0 1 1 1 0 1 1 0 0 1 0 0 0
 0 0 1 0 0 0 0 1 1 1 1 1 1 1 0 0 1 1 1 1 1 1 1 1 0 1]
 Training accuracy at 6000 out of 20000 is 1.000(0.550),cost is 0.071(3.854)
[1 1 1 1 1 1 1 0 1 1 1 1 1 1 0 1 0 1 0 1 1 1 0 0 0 0 1 0 0 1 0 0 0 1 0 1 1
 0 1 0 0 1 0 1 1 1 1 0 1 0 0 0 0 1 1 1 1 1 0 0 0 0 0 1 1 0 1 1 0 0 1 0 1 0
 0 0 0 0 0 0 0 1 1 1 1 1 1 1 0 0 1 0 1 1 1 1 1 1 0 1]
 Training accuracy at 6100 out of 20000 is 1.000(0.590),cost is 0.102(3.357)
[1 1 1 1 1 1 1 1 1 1 1 1 1 1 0 1 0 1 1 1 1 1 0 0 0 0 1 0 0 1 1 0 0 1 0 1 1
 0 1 0 0 1 0 1 1 1 1 1 1 0 0 0 0 1 1 1 1 1 0 0 0 0 1 0 1 0 0 1 0 0 1 0 1 1
 1 0 0 0 0 0 0 1 1 1 1 1 1 1 0 0 1 0 1 1 1 1 1 1 0 1]
 Training accuracy at 6200 out of 20000 is 1.000(0.580),cost is 0.102(3.683)
[1 1 1 1 1 1 1 1 1 1 1 1 1 1 0 1 1 1 1 1 1 1 0 0 0 0 1 1 0 1 1 0 1 1 0 1 1
 0 1 0 0 1 0 1 1 1 1 1 1 0 0 1 0 1 1 1 1 1 0 0 0 0 1 1 1 0 1 1 0 0 0 0 1 1
 1 0 0 0 0 0 1 1 0 1 1 1 1 1 0 0 1 1 1 1 1 1 1 1 1 1]
 Training accuracy at 6300 out of 20000 is 1.000(0.550),cost is 0.059(4.143)
[1 1 1 1 1 1 1 1 1 1 1 1 1 1 0 1 0 1 1 1 1 1 0 0 0 0 1 1 0 1 1 0 0 1 0 1 1
 0 1 1 0 1 0 1 1 1 1 1 1 1 0 0 0 1 1 1 1 1 0 0 0 0 0 0 1 0 1 1 0 0 1 0 0 0
 1 0 1 0 0 0 0 1 1 1 1 1 1 0 0 0 1 0 1 1 1 1 1 1 0 1]
 Training accuracy at 6400 out of 20000 is 1.000(0.550),cost is 0.080(3.349)
[1 1 1 1 1 1 1 1 1 1 1 1 1 1 0 1 1 1 1 1 1 1 0 0 0 0 1 1 0 1 1 0 0 1 0 1 1
 0 1 1 0 1 0 1 1 1 1 1 1 1 0 1 0 1 1 1 1 1 0 1 0 0 0 1 1 0 1 1 0 0 1 0 1 0
 1 0 1 1 0 0 1 1 0 1 1 1 1 1 0 0 1 1 1 1 1 1 1 1 0 1]
 Training accuracy at 6500 out of 20000 is 1.000(0.550),cost is 0.105(4.411)
[1 1 1 1 1 1 1 1 1 1 1 1 1 1 0 1 1 1 1 1 1 1 0 0 0 0 1 1 0 1 1 0 0 1 0 1 1
 0 1 0 0 1 0 1 1 1 1 1 1 1 0 1 0 1 1 1 1 1 0 0 0 0 1 1 1 0 1 1 0 0 1 0 1 1
 0 0 1 0 0 0 0 1 1 1 1 1 1 1 0 0 1 1 1 1 1 1 1 1 0 0]
 Training accuracy at 6600 out of 20000 is 1.000(0.520),cost is 0.085(4.470)
[0 1 1 1 1 1 1 1 1 1 1 1 1 1 0 1 1 1 1 1 1 1 0 0 0 0 1 1 0 1 1 0 0 1 0 1 1
 0 1 0 0 1 0 1 1 1 1 1 1 0 0 1 0 1 1 1 1 1 0 0 0 0 0 0 1 0 1 1 0 0 1 0 1 0
 0 0 0 0 1 0 0 1 0 1 1 1 1 1 0 0 1 1 1 1 1 1 1 1 0 1]
 Training accuracy at 6700 out of 20000 is 0.999(0.570),cost is 0.131(4.426)
[1 1 1 1 1 1 1 1 1 1 1 1 1 1 0 1 1 0 1 1 1 1 0 0 0 1 1 1 0 1 1 0 1 1 0 1 1
 0 1 1 0 1 0 1 1 1 1 1 1 1 0 1 0 1 1 1 1 1 0 0 0 0 0 1 1 1 1 1 0 0 1 0 1 0
 1 0 1 0 1 0 0 1 0 1 1 1 1 1 0 0 1 1 1 1 1 1 1 1 0 0]
 Training accuracy at 6800 out of 20000 is 0.999(0.480),cost is 0.085(4.894)
[0 1 1 1 1 1 1 1 1 1 1 1 1 1 0 1 1 1 1 1 1 1 0 0 0 0 1 1 0 1 1 0 0 1 0 1 1
 0 1 0 0 1 0 1 1 1 1 1 1 0 0 1 0 1 1 1 1 1 0 0 0 0 0 0 1 0 1 1 0 0 1 0 0 1
 1 0 1 0 1 0 0 1 0 1 1 1 1 1 0 0 1 0 1 1 1 1 1 1 0 0]
 Training accuracy at 6900 out of 20000 is 1.000(0.570),cost is 0.074(4.159)
[1 1 1 1 1 1 1 1 1 1 1 1 1 1 0 1 1 0 1 1 1 1 1 0 0 0 1 0 0 1 1 0 0 1 0 1 1
 0 1 0 0 1 0 1 1 1 1 1 1 0 0 1 0 1 1 1 1 1 0 0 0 0 0 1 1 0 1 1 0 0 1 0 1 0
 1 0 1 0 0 0 0 1 0 1 1 1 1 1 0 0 1 0 1 1 0 1 1 1 0 0]
 Training accuracy at 7000 out of 20000 is 1.000(0.540),cost is 0.091(3.773)
[1 1 1 1 1 1 1 1 1 1 1 1 1 1 0 1 0 0 1 1 1 1 0 0 0 0 1 1 0 1 1 0 0 1 0 1 1
 0 1 0 0 1 0 1 1 1 1 1 1 0 0 1 0 1 1 1 1 1 0 0 0 0 0 1 1 0 0 1 0 0 1 0 1 1
 1 0 0 0 0 0 1 1 1 1 1 1 1 1 0 0 1 0 1 1 1 1 1 1 0 0]
 Training accuracy at 7100 out of 20000 is 1.000(0.530),cost is 0.067(4.513)
[0 1 1 1 1 1 1 1 1 1 1 1 1 1 0 1 0 0 1 1 1 1 0 0 0 0 1 1 0 1 1 0 0 1 0 1 1
 0 1 0 0 1 0 1 0 1 0 0 1 0 0 1 0 1 1 1 1 1 0 0 0 0 0 0 1 0 0 1 0 0 1 0 1 0
 0 0 0 0 0 0 0 1 0 1 1 1 1 1 0 0 1 0 1 1 1 1 1 1 0 1]
 Training accuracy at 7200 out of 20000 is 1.000(0.550),cost is 0.075(4.327)
[1 1 1 1 1 1 1 1 1 1 1 1 1 1 0 1 1 1 1 1 1 1 1 0 0 0 1 1 0 1 1 0 0 1 0 1 1
 0 1 1 0 1 0 1 1 1 1 1 1 1 0 1 0 1 1 1 1 1 0 0 0 0 1 1 1 0 1 1 0 0 1 0 1 1
 1 0 0 0 1 0 0 1 1 1 1 1 1 1 0 0 1 1 1 1 1 1 1 1 0 1]
 Training accuracy at 7300 out of 20000 is 1.000(0.540),cost is 0.070(5.390)
[1 1 1 1 1 1 1 1 1 1 1 1 1 1 0 1 1 0 1 1 1 1 0 0 0 0 1 0 0 1 1 0 0 1 0 1 0
 0 1 0 0 1 0 1 1 1 1 1 1 1 0 0 0 1 1 1 1 1 0 0 0 0 0 0 1 0 0 1 0 0 1 0 1 0
 1 0 0 0 0 0 0 1 0 1 1 1 1 1 0 0 1 0 1 1 1 1 1 1 0 0]
 Training accuracy at 7400 out of 20000 is 0.999(0.560),cost is 0.069(3.897)
[1 1 1 1 1 1 1 1 1 1 1 1 1 1 0 1 1 1 1 1 1 1 0 0 0 0 1 1 0 1 1 0 0 1 0 1 0
 0 1 0 0 1 0 1 1 1 0 1 1 0 0 0 0 1 1 1 1 1 0 0 0 0 0 0 1 0 1 1 0 0 0 0 1 0
 0 0 0 0 0 0 0 1 0 1 1 1 1 1 0 0 1 1 1 1 1 1 1 1 0 0]
 Training accuracy at 7500 out of 20000 is 0.999(0.600),cost is 0.113(4.111)
[0 1 1 1 1 1 1 1 0 1 1 1 1 1 0 1 0 0 1 1 1 1 0 0 0 0 1 0 0 1 1 0 0 1 0 1 1
 0 1 0 0 1 0 1 1 1 1 1 1 0 0 1 0 1 1 1 0 1 0 0 0 0 0 0 1 0 1 1 0 0 0 0 0 0
 1 0 0 0 0 0 0 1 0 1 1 1 1 1 0 0 1 0 1 1 1 1 1 1 0 1]
 Training accuracy at 7600 out of 20000 is 1.000(0.590),cost is 0.066(3.875)
[1 1 1 1 1 1 1 1 1 1 1 1 1 1 0 1 1 1 1 1 1 1 0 0 0 0 1 0 0 1 1 0 0 1 0 1 1
 0 1 0 0 1 0 1 1 0 1 1 1 0 0 1 0 1 1 1 1 1 0 0 0 0 0 1 1 0 1 1 0 0 1 0 0 0
 1 0 1 0 0 0 0 1 0 1 1 1 1 1 0 0 1 0 1 1 1 1 1 1 0 1]
 Training accuracy at 7700 out of 20000 is 1.000(0.560),cost is 0.101(4.237)
[1 1 1 1 1 1 1 1 1 1 1 1 1 1 0 1 1 1 1 1 1 1 0 0 0 0 1 0 0 1 1 0 0 1 0 1 1
 0 1 1 0 1 0 1 1 1 1 1 1 1 0 1 0 1 1 1 1 1 0 0 0 0 0 1 1 0 1 1 0 0 1 0 0 0
 1 0 1 0 1 0 0 1 0 1 1 1 1 1 0 0 1 0 1 1 1 1 1 1 0 1]
 Training accuracy at 7800 out of 20000 is 1.000(0.540),cost is 0.054(4.499)
[0 1 1 1 1 1 1 0 1 1 1 1 1 1 0 1 0 0 0 1 1 1 0 0 0 0 1 0 0 1 1 0 0 1 0 1 0
 0 1 0 0 1 0 1 1 1 1 1 1 0 0 1 0 1 1 1 1 1 0 0 0 0 0 0 0 0 0 1 0 0 1 0 1 1
 0 0 0 0 0 0 0 1 0 1 1 0 1 1 0 0 1 0 1 1 1 1 1 1 0 1]
 Training accuracy at 7900 out of 20000 is 1.000(0.610),cost is 0.081(3.343)
[0 1 1 1 1 1 1 0 1 1 1 1 1 1 0 1 0 0 0 1 1 1 0 0 0 0 1 0 0 1 1 0 0 1 0 1 0
 0 1 0 0 1 0 1 0 0 1 1 1 0 0 1 0 1 1 1 1 1 0 0 0 0 0 0 1 0 0 1 0 0 1 0 0 1
 0 0 1 0 0 0 1 1 0 1 1 1 1 1 0 0 1 0 1 1 1 1 1 1 0 0]
 Training accuracy at 8000 out of 20000 is 1.000(0.570),cost is 0.058(3.398)
[0 1 1 1 1 1 1 0 0 1 1 1 1 1 0 1 0 0 1 1 1 1 0 0 0 0 1 0 0 1 1 0 0 1 0 1 0
 0 1 0 0 1 0 1 1 0 1 1 1 0 0 1 0 1 1 1 1 1 0 0 0 0 0 1 1 0 1 1 0 0 1 0 1 0
 1 0 0 0 0 0 0 1 0 1 1 1 1 1 0 0 1 0 1 1 1 1 1 1 0 0]
 Training accuracy at 8100 out of 20000 is 1.000(0.570),cost is 0.052(3.794)
[0 1 1 1 1 1 1 0 0 1 1 1 1 1 0 1 0 0 0 1 1 1 0 0 0 0 1 0 0 1 1 0 1 1 0 1 0
 0 1 0 0 1 0 1 1 0 0 1 1 0 0 1 0 1 1 1 1 1 0 0 0 0 0 0 1 0 0 1 0 0 1 0 1 0
 1 0 0 0 0 0 0 1 1 1 1 1 1 1 0 0 1 0 1 1 1 1 1 1 0 1]
 Training accuracy at 8200 out of 20000 is 1.000(0.580),cost is 0.056(3.587)
[1 1 1 1 1 1 1 1 1 1 1 1 1 1 0 1 1 0 1 1 1 1 0 0 0 0 1 0 0 1 1 0 0 1 0 1 0
 0 1 0 0 1 0 1 1 0 1 1 1 0 0 1 0 1 1 1 1 1 0 0 0 0 0 0 1 0 1 1 0 0 1 0 0 0
 1 0 1 0 1 0 1 1 0 1 1 1 1 1 0 0 1 0 1 1 1 1 1 1 0 1]
 Training accuracy at 8300 out of 20000 is 1.000(0.550),cost is 0.053(4.061)
[1 1 1 1 1 1 1 1 1 1 1 1 1 1 0 1 1 0 1 1 1 1 0 0 0 0 1 0 0 1 1 0 0 1 0 1 1
 0 1 1 0 1 0 1 1 1 0 1 1 0 0 1 0 1 1 1 1 1 0 0 0 0 0 1 1 0 1 1 0 0 1 0 0 0
 1 0 1 0 1 0 1 1 0 1 1 1 1 1 0 0 1 1 1 1 1 1 1 1 0 1]
 Training accuracy at 8400 out of 20000 is 1.000(0.550),cost is 0.055(3.618)
[1 1 1 1 1 1 1 1 1 1 1 1 1 1 0 1 1 1 1 1 1 1 0 0 0 0 1 0 0 1 1 0 0 1 0 1 0
 0 1 0 0 1 0 1 1 1 0 1 1 0 0 0 0 1 1 1 1 1 0 0 0 0 1 1 1 0 1 1 0 0 0 0 1 0
 1 0 1 0 0 0 1 1 0 1 1 1 1 0 0 0 1 0 1 1 1 1 1 1 0 0]
 Training accuracy at 8500 out of 20000 is 1.000(0.560),cost is 0.047(4.345)
[1 1 1 1 1 1 1 1 1 0 1 1 1 1 0 1 1 0 1 1 1 1 0 0 0 0 1 1 0 1 1 0 0 1 0 1 1
 0 1 0 0 1 0 1 1 1 0 1 1 1 0 0 1 1 1 1 1 1 0 0 0 0 1 1 1 0 1 1 0 0 0 0 1 0
 1 0 0 0 1 0 1 1 1 1 1 1 1 1 0 0 1 0 1 1 1 1 1 1 0 1]
 Training accuracy at 8600 out of 20000 is 1.000(0.510),cost is 0.062(4.101)
[0 1 1 1 1 1 0 1 0 0 1 1 1 1 0 1 1 0 1 1 1 1 0 0 0 0 1 0 0 1 1 0 0 1 0 1 0
 0 1 1 0 1 0 1 1 1 0 1 1 1 0 1 0 1 1 1 1 1 0 0 0 0 0 1 1 0 1 1 0 0 1 0 0 0
 1 0 0 0 1 0 0 1 0 1 1 1 1 1 0 0 1 0 1 1 1 1 1 1 0 0]
 Training accuracy at 8700 out of 20000 is 1.000(0.530),cost is 0.053(3.836)
[1 1 1 1 1 1 1 0 1 0 1 1 1 1 0 0 1 0 0 1 1 1 0 0 0 0 1 0 0 1 1 0 0 1 0 1 0
 0 1 0 0 1 0 1 1 1 1 1 1 0 0 1 0 1 1 1 1 1 0 0 0 0 0 0 1 0 1 1 0 0 1 0 0 0
 1 0 1 0 1 0 1 1 0 1 1 1 1 1 0 0 1 0 1 1 0 1 1 1 0 0]
 Training accuracy at 8800 out of 20000 is 1.000(0.560),cost is 0.070(3.377)
[1 1 1 1 1 1 1 1 1 1 1 1 1 1 0 1 1 0 1 1 1 1 0 0 0 0 1 0 0 1 1 0 0 1 0 1 0
 0 1 0 0 1 0 1 1 0 1 1 1 0 0 1 0 1 1 1 1 1 0 0 0 0 1 0 1 0 1 1 0 0 1 0 0 0
 1 0 0 0 1 0 0 1 1 1 1 1 1 1 0 0 1 0 1 1 1 1 1 1 0 1]
 Training accuracy at 8900 out of 20000 is 1.000(0.550),cost is 0.048(4.478)
[1 1 1 1 1 1 1 1 1 1 1 1 1 1 0 1 1 1 1 1 1 1 0 0 0 0 1 0 0 1 1 0 0 1 0 1 1
 0 1 0 0 1 0 1 1 1 1 1 1 1 0 1 0 1 1 1 1 1 0 0 0 0 0 0 1 0 1 1 0 0 1 0 0 0
 1 0 1 0 1 0 1 1 1 1 1 1 1 1 0 0 1 1 1 1 1 1 1 1 0 1]
 Training accuracy at 9000 out of 20000 is 1.000(0.550),cost is 0.058(4.683)
[0 1 1 1 1 1 1 1 0 1 1 1 1 1 0 1 1 0 1 1 1 1 0 0 0 0 1 1 0 1 1 0 0 1 0 1 0
 0 1 0 0 1 0 1 1 1 0 1 1 0 0 1 0 1 1 1 1 1 0 0 0 0 0 1 1 0 1 1 0 0 1 0 0 0
 1 0 0 0 1 0 0 1 0 1 1 1 1 1 0 0 1 0 1 1 1 1 1 1 0 1]
 Training accuracy at 9100 out of 20000 is 1.000(0.570),cost is 0.051(4.788)
[1 1 1 1 1 1 1 1 1 0 1 1 1 1 0 1 0 1 1 1 1 1 1 0 0 0 1 0 0 1 1 0 0 1 0 1 0
 0 1 0 0 1 0 1 1 1 0 0 1 0 0 1 0 1 1 1 1 1 0 0 0 0 0 0 1 0 0 1 0 0 1 0 1 0
 1 0 0 0 0 0 0 1 1 1 1 1 1 1 0 0 1 0 1 1 1 1 1 1 0 0]
 Training accuracy at 9200 out of 20000 is 1.000(0.570),cost is 0.048(3.921)
[1 1 1 1 1 1 1 1 1 1 1 1 1 1 0 1 1 1 1 1 1 1 1 0 0 0 1 1 0 1 1 0 0 1 0 1 1
 0 1 0 0 1 0 1 1 1 1 1 1 1 0 1 0 1 1 1 1 1 0 1 0 0 1 1 1 0 1 1 0 0 1 0 1 1
 1 0 0 0 1 0 1 1 1 1 1 1 1 1 0 0 1 1 1 1 1 1 1 1 0 1]
 Training accuracy at 9300 out of 20000 is 1.000(0.550),cost is 0.055(4.795)
[1 1 1 1 1 1 1 1 1 1 1 1 1 1 0 1 1 1 1 1 1 1 0 0 0 0 1 1 0 1 1 0 0 1 0 1 1
 0 1 0 0 1 0 1 1 1 0 1 1 1 0 1 0 1 1 1 1 1 0 0 0 0 1 0 1 0 0 1 0 0 0 0 0 0
 1 0 1 0 0 0 1 1 1 1 1 1 1 1 0 0 1 1 1 1 1 1 1 1 0 1]
 Training accuracy at 9400 out of 20000 is 1.000(0.550),cost is 0.062(4.278)
[0 1 1 1 1 1 0 0 0 1 1 1 1 1 0 1 0 0 1 1 1 1 0 0 0 0 1 1 0 1 1 0 0 1 0 1 1
 0 1 0 0 1 0 1 1 1 0 0 1 0 0 1 0 1 1 1 1 1 0 0 0 0 0 0 0 0 0 1 0 0 1 0 1 1
 1 0 0 0 0 0 0 1 1 1 1 1 1 0 0 0 1 0 1 1 1 1 1 1 0 0]
 Training accuracy at 9500 out of 20000 is 1.000(0.550),cost is 0.078(3.717)
[1 1 1 1 1 1 1 1 1 1 1 1 1 1 0 1 1 1 1 1 1 1 0 0 0 0 1 0 0 1 1 0 0 1 0 1 1
 0 1 0 0 1 0 1 1 1 1 1 1 1 0 1 0 1 1 1 1 1 0 0 0 0 0 1 1 0 1 1 0 0 1 0 0 1
 1 0 0 0 1 0 0 1 1 1 1 1 1 1 0 0 1 0 1 1 1 1 1 1 0 1]
 Training accuracy at 9600 out of 20000 is 1.000(0.560),cost is 0.046(4.200)
[1 1 1 1 1 1 1 1 1 1 1 1 1 1 0 1 1 1 1 1 1 1 0 0 0 0 1 1 0 1 1 0 0 1 0 1 1
 0 1 0 0 1 0 1 1 1 1 1 1 1 0 1 0 1 1 1 1 1 0 1 0 0 0 0 1 0 1 1 0 0 1 0 1 0
 1 0 0 0 1 0 0 1 1 1 1 1 1 1 0 0 1 1 1 1 1 1 1 1 0 1]
 Training accuracy at 9700 out of 20000 is 1.000(0.560),cost is 0.061(5.134)
[1 1 1 1 1 1 1 1 1 1 1 1 1 1 0 1 1 1 1 1 1 1 1 0 0 0 1 1 0 1 1 0 0 1 0 1 1
 0 1 1 0 1 0 1 1 1 1 0 1 1 0 1 0 1 1 1 1 1 0 0 0 0 0 1 1 0 1 1 0 0 1 0 1 0
 1 0 0 0 1 0 1 1 1 1 1 1 1 1 0 0 1 1 1 1 1 1 1 1 0 1]
 Training accuracy at 9800 out of 20000 is 1.000(0.520),cost is 0.054(5.077)
[1 1 1 1 1 1 1 1 1 1 1 1 1 1 0 1 1 0 1 1 1 1 0 0 0 0 1 1 0 1 1 0 0 1 0 1 1
 0 1 1 0 1 0 1 1 1 0 0 1 1 0 1 0 1 1 1 1 1 0 0 0 0 0 1 1 0 1 1 0 0 1 0 0 0
 1 0 1 0 1 0 1 1 1 1 1 1 1 1 0 0 1 1 1 1 1 1 1 1 0 1]
 Training accuracy at 9900 out of 20000 is 1.000(0.510),cost is 0.049(4.746)
[1 1 1 1 1 1 1 1 1 1 1 1 1 1 0 1 1 1 1 1 1 1 0 0 0 0 1 0 0 1 1 0 0 1 0 1 1
 0 1 0 0 1 0 1 1 1 1 1 1 1 0 1 0 1 1 1 1 1 0 0 0 0 0 1 1 0 1 1 0 0 1 0 0 0
 1 0 1 0 1 0 1 1 1 1 1 1 1 1 0 0 1 1 1 1 1 1 1 1 0 1]
 Training accuracy at 10000 out of 20000 is 1.000(0.540),cost is 0.051(5.011)
[1 1 1 1 1 1 1 1 1 1 1 1 1 1 0 1 1 0 1 1 1 1 0 0 0 0 1 0 0 1 1 0 0 1 0 1 1
 1 1 1 0 1 0 1 1 1 1 1 1 1 0 1 0 1 1 1 1 1 0 0 0 0 0 1 1 0 1 1 0 0 1 0 0 0
 1 0 0 0 1 0 0 1 1 1 1 1 1 1 0 0 1 0 1 1 0 1 1 1 0 1]
 Training accuracy at 10100 out of 20000 is 1.000(0.510),cost is 0.061(4.729)
[1 1 1 1 1 1 1 1 1 1 1 1 1 1 0 1 1 0 1 1 1 1 0 0 0 0 1 1 0 1 1 0 0 1 0 1 1
 0 1 0 0 1 0 1 1 1 1 1 1 1 0 1 0 1 1 1 1 1 0 0 0 0 0 0 1 0 1 1 0 0 1 0 0 1
 1 0 0 0 1 0 1 1 1 1 1 1 1 1 0 0 1 1 1 1 1 1 1 1 0 1]
 Training accuracy at 10200 out of 20000 is 1.000(0.550),cost is 0.064(4.868)
[1 1 1 1 1 1 1 1 1 1 1 1 1 1 0 1 1 1 1 1 1 1 0 0 0 0 1 1 0 1 1 0 0 1 0 1 0
 0 1 0 0 1 0 1 1 1 1 1 1 0 0 1 0 1 1 1 1 1 0 0 0 0 0 1 1 0 1 1 0 0 1 0 1 1
 1 0 0 0 0 0 0 1 1 1 1 1 1 1 0 0 1 0 1 1 1 1 1 1 0 1]
 Training accuracy at 10300 out of 20000 is 1.000(0.570),cost is 0.059(4.429)
[1 1 1 1 1 1 1 1 1 1 1 1 1 1 0 1 1 0 1 1 1 1 0 0 0 0 1 1 0 1 1 0 0 1 0 1 1
 0 1 1 0 1 0 1 1 1 1 0 1 1 0 1 0 1 1 1 1 1 0 0 0 0 1 1 1 0 1 1 0 0 1 0 1 1
 0 0 0 0 1 0 0 1 0 1 1 1 1 1 0 0 1 0 1 1 1 1 1 1 0 1]
 Training accuracy at 10400 out of 20000 is 1.000(0.500),cost is 0.051(4.408)
[1 1 1 1 1 1 1 1 1 1 1 1 1 1 0 1 1 1 1 1 1 1 0 0 0 0 1 1 0 1 1 0 0 1 0 1 1
 0 1 1 0 1 0 1 1 1 1 1 1 0 0 1 0 1 1 1 1 1 0 0 0 0 0 1 1 0 1 1 0 0 1 0 0 1
 0 0 1 0 1 0 1 1 1 1 1 1 1 1 0 0 1 1 1 1 1 1 1 1 0 1]
 Training accuracy at 10500 out of 20000 is 0.999(0.530),cost is 0.070(4.284)
[1 1 1 1 1 1 1 1 1 1 1 1 1 1 0 1 1 1 1 1 1 1 0 0 0 0 1 1 0 1 1 0 0 1 0 1 0
 0 1 1 0 1 0 1 1 1 1 1 1 1 0 1 0 1 1 1 1 1 0 0 0 0 1 1 1 0 1 1 0 0 0 0 0 1
 1 0 0 0 1 0 1 1 1 1 1 1 1 1 0 0 1 1 1 1 1 1 1 1 0 1]
 Training accuracy at 10600 out of 20000 is 1.000(0.550),cost is 0.056(4.803)
[1 1 1 1 1 1 1 1 1 1 1 1 1 1 0 1 1 1 1 1 1 1 0 0 0 1 1 1 0 1 1 0 0 1 0 1 1
 1 1 1 0 1 0 1 1 1 1 1 1 1 0 1 0 1 1 1 1 1 0 0 0 0 1 1 1 0 1 1 0 0 1 0 0 1
 1 0 0 1 1 0 1 1 0 1 1 1 1 1 0 0 1 0 1 1 1 1 1 1 0 1]
 Training accuracy at 10700 out of 20000 is 1.000(0.520),cost is 0.045(5.793)
[1 1 1 1 1 1 1 0 1 1 1 1 1 1 0 1 1 1 1 1 1 1 0 0 0 0 1 0 0 1 1 0 0 1 0 1 0
 1 1 0 0 1 0 1 1 1 1 1 1 1 0 0 0 1 1 1 1 1 0 0 0 0 1 0 1 0 1 1 0 0 1 0 1 1
 1 0 0 0 1 0 1 1 0 1 1 1 1 1 0 0 1 0 1 1 1 1 1 1 0 0]
 Training accuracy at 10800 out of 20000 is 1.000(0.560),cost is 0.047(4.502)
[1 1 1 1 1 1 1 1 1 1 1 1 1 1 0 1 1 1 1 1 1 1 0 0 0 0 1 1 0 1 1 0 0 1 0 1 1
 0 1 0 0 1 0 1 1 1 0 0 1 1 0 1 0 1 1 1 1 1 0 0 0 0 1 1 1 0 1 1 0 0 1 0 1 0
 1 0 0 0 1 0 1 1 0 1 1 1 1 1 0 0 1 0 1 1 1 1 1 1 0 1]
 Training accuracy at 10900 out of 20000 is 1.000(0.520),cost is 0.046(4.126)
[1 1 1 1 1 1 1 1 1 1 1 1 1 1 0 1 1 1 1 1 1 1 1 0 0 1 1 1 0 1 1 0 0 1 0 1 1
 1 1 1 0 1 0 1 1 1 1 1 1 1 0 0 0 1 1 1 1 1 0 1 0 0 1 0 1 0 1 1 0 0 1 0 1 1
 1 0 0 0 1 0 1 1 1 1 1 1 1 1 0 0 1 0 1 1 1 1 1 1 0 1]
 Training accuracy at 11000 out of 20000 is 1.000(0.530),cost is 0.065(4.992)
[1 1 1 1 1 1 1 1 1 1 1 1 1 1 0 1 1 1 1 1 1 1 1 0 0 0 1 1 0 1 1 0 0 1 0 1 1
 0 1 1 0 1 0 1 1 1 1 1 1 1 0 1 0 1 1 1 1 1 0 0 0 0 1 1 1 0 1 1 0 0 1 0 0 0
 1 0 0 0 1 0 1 1 0 1 1 1 1 0 0 0 1 0 1 1 1 1 1 1 0 1]
 Training accuracy at 11100 out of 20000 is 1.000(0.520),cost is 0.053(6.138)
[1 1 1 1 1 1 1 1 1 1 1 1 1 1 0 1 1 1 1 1 1 1 1 0 1 1 1 1 0 1 1 0 1 1 0 1 1
 0 1 1 0 1 0 1 1 1 1 1 1 1 0 1 0 1 1 1 1 1 0 0 0 0 1 1 1 1 1 1 0 0 1 0 1 1
 1 0 0 0 1 0 1 1 1 1 1 1 1 1 0 0 1 1 1 1 1 1 1 1 0 1]
 Training accuracy at 11200 out of 20000 is 0.997(0.490),cost is 0.140(6.578)
[1 1 1 1 1 1 1 1 1 1 1 1 1 1 0 1 1 1 1 1 1 1 0 0 0 0 1 1 0 1 1 0 0 1 0 1 0
 0 1 0 0 1 0 1 1 1 1 1 1 1 0 0 0 1 1 1 1 1 0 0 0 0 1 0 1 0 0 1 0 1 1 0 0 0
 1 0 0 0 1 0 1 1 1 1 1 1 1 1 0 0 1 0 1 1 1 1 1 1 0 1]
 Training accuracy at 11300 out of 20000 is 0.999(0.550),cost is 0.100(3.687)
[1 1 1 1 1 1 0 0 0 1 1 1 1 1 0 1 1 1 1 1 1 1 0 0 0 0 1 0 0 1 1 0 0 1 0 1 0
 1 1 0 0 1 0 1 1 1 1 1 1 1 0 1 0 1 1 1 1 1 0 0 0 0 0 0 1 0 0 1 0 0 1 0 0 0
 1 0 0 0 1 0 1 1 1 1 1 1 1 1 0 0 1 0 1 1 1 1 1 1 0 1]
 Training accuracy at 11400 out of 20000 is 1.000(0.530),cost is 0.053(3.515)
[1 1 1 1 1 1 1 1 1 1 1 1 1 1 0 1 1 1 1 1 1 1 1 0 0 1 1 1 0 1 1 0 0 1 0 1 1
 1 1 0 0 1 0 1 1 1 1 1 1 1 0 1 0 1 1 1 1 1 0 0 0 0 1 0 1 0 1 1 0 0 1 0 0 0
 1 0 0 0 1 0 1 1 0 1 1 1 1 1 0 0 1 0 1 1 1 1 1 1 0 1]
 Training accuracy at 11500 out of 20000 is 1.000(0.530),cost is 0.041(5.006)
[1 1 1 1 1 1 1 1 1 1 1 0 1 1 0 1 1 1 1 1 1 1 0 0 0 0 1 1 0 1 1 0 0 1 0 1 1
 0 1 0 0 1 0 1 1 1 1 1 1 1 0 0 0 1 1 1 1 1 0 0 0 0 1 0 0 0 0 1 0 0 1 0 0 1
 1 0 0 0 1 0 1 1 1 1 1 1 1 1 0 0 1 0 1 1 1 1 1 1 0 1]
 Training accuracy at 11600 out of 20000 is 1.000(0.560),cost is 0.103(3.702)
[1 1 1 1 1 1 1 0 1 1 1 1 1 1 0 1 1 1 1 1 1 1 1 0 0 0 1 1 0 1 1 0 0 1 0 1 1
 0 1 0 0 1 0 1 1 1 1 1 1 1 0 0 0 1 1 1 1 1 0 0 0 0 0 0 1 0 1 1 0 0 1 0 1 1
 1 0 0 0 1 0 1 1 0 1 1 1 1 1 0 0 1 0 1 1 1 1 1 1 0 1]
 Training accuracy at 11700 out of 20000 is 1.000(0.580),cost is 0.058(4.483)
[1 1 1 1 1 1 1 0 1 1 1 1 1 1 0 1 1 1 1 1 1 1 0 0 0 0 1 1 0 1 1 0 0 1 0 1 0
 0 1 1 0 1 0 1 1 1 1 1 1 1 0 0 0 1 1 1 1 1 0 0 0 0 0 0 1 0 0 1 0 0 1 0 0 1
 1 0 0 0 1 0 1 1 0 1 1 1 1 1 0 0 1 0 1 1 1 1 1 1 0 1]
 Training accuracy at 11800 out of 20000 is 1.000(0.570),cost is 0.047(4.013)
[1 1 1 1 1 1 1 0 1 1 1 1 1 1 0 1 1 1 1 1 1 1 1 0 0 0 1 1 0 1 1 0 0 1 0 1 1
 0 1 1 0 1 0 1 1 1 1 1 1 1 0 1 0 1 1 1 1 1 0 0 0 0 0 0 1 0 1 1 0 0 1 0 0 0
 1 0 0 0 1 0 1 1 1 1 1 1 1 1 0 0 1 0 1 1 1 1 1 1 0 1]
 Training accuracy at 11900 out of 20000 is 1.000(0.550),cost is 0.045(4.058)
[1 1 1 1 1 1 1 1 1 1 1 1 1 1 0 1 1 1 1 1 1 1 1 0 0 0 1 1 0 1 1 0 0 1 0 1 1
 0 1 1 0 1 0 1 1 1 1 1 1 1 0 1 0 1 1 1 1 1 0 0 0 0 1 0 1 0 0 1 0 0 1 0 0 1
 1 0 0 0 1 0 1 1 1 1 1 1 1 1 0 0 1 0 1 1 1 1 1 1 0 1]
 Training accuracy at 12000 out of 20000 is 0.999(0.530),cost is 0.087(4.197)
[1 1 1 1 1 1 1 0 1 1 1 1 1 1 0 0 1 1 1 1 1 1 0 0 0 0 1 1 0 1 1 0 0 1 0 1 1
 1 1 0 0 1 0 1 1 1 1 1 1 1 0 1 0 1 1 1 1 1 0 0 0 0 0 0 1 0 0 1 0 0 1 0 0 0
 1 0 1 0 1 0 1 1 0 1 1 1 1 1 0 0 1 0 1 1 1 1 1 1 0 1]
 Training accuracy at 12100 out of 20000 is 1.000(0.540),cost is 0.050(4.547)
[1 1 1 1 1 1 1 0 1 1 1 1 1 1 0 1 1 1 1 1 1 1 1 0 0 0 1 1 0 1 1 0 0 1 0 1 1
 0 1 1 0 1 0 1 1 1 1 1 1 0 0 1 0 1 1 1 1 1 0 0 0 0 0 0 1 0 0 1 0 0 1 0 1 1
 1 0 1 0 1 0 1 1 1 1 1 1 1 1 0 0 1 1 1 1 1 1 1 1 0 1]
 Training accuracy at 12200 out of 20000 is 1.000(0.550),cost is 0.049(4.330)
[1 1 0 1 1 1 1 0 1 1 1 1 1 1 0 1 0 1 1 1 1 1 0 0 0 0 1 1 0 1 1 0 0 1 0 1 0
 1 1 1 0 1 0 1 1 1 1 1 1 1 0 1 0 1 1 1 1 1 0 0 0 0 0 0 1 0 0 1 0 0 1 0 0 1
 1 0 1 1 1 0 1 1 1 1 1 1 1 1 0 0 1 0 1 1 1 1 1 1 0 1]
 Training accuracy at 12300 out of 20000 is 1.000(0.540),cost is 0.044(3.942)
[1 1 0 1 1 1 1 0 1 1 1 0 1 1 0 1 0 1 1 1 1 1 1 0 0 0 1 1 0 1 1 0 0 1 0 1 0
 0 1 1 0 1 0 1 1 1 1 0 1 0 0 1 0 1 1 1 1 1 0 0 0 0 0 0 1 0 1 1 0 0 1 0 1 1
 1 0 0 1 1 0 0 1 1 1 1 1 1 1 0 0 1 0 1 1 1 1 1 1 0 0]
 Training accuracy at 12400 out of 20000 is 1.000(0.580),cost is 0.047(4.517)
[0 1 0 1 1 1 1 0 1 1 1 1 1 1 0 1 0 1 1 1 1 1 0 0 0 0 1 1 0 1 1 0 0 1 0 1 0
 0 1 1 0 1 0 1 1 1 1 1 1 0 0 1 0 1 1 1 1 1 0 0 0 0 0 0 1 0 1 1 0 0 1 0 1 1
 1 0 0 0 1 0 0 1 1 1 1 1 1 1 0 0 1 0 1 1 1 1 1 1 0 0]
 Training accuracy at 12500 out of 20000 is 1.000(0.570),cost is 0.046(4.432)
[1 1 1 1 1 1 1 1 1 1 1 1 1 1 0 1 1 1 1 1 1 1 0 0 0 0 1 1 0 1 1 0 0 1 0 1 1
 1 1 1 0 1 0 1 1 1 1 1 1 1 0 1 0 1 1 1 1 1 0 0 0 0 0 0 1 0 1 1 0 0 1 0 1 1
 1 0 1 1 1 0 0 1 1 1 1 1 1 1 0 0 1 1 1 1 1 1 1 1 0 1]
 Training accuracy at 12600 out of 20000 is 1.000(0.540),cost is 0.043(4.509)
[1 1 1 1 1 1 1 0 1 1 1 1 1 1 0 1 1 0 1 1 1 1 0 0 0 0 1 0 0 1 1 0 0 1 0 1 0
 0 1 1 0 1 0 1 1 1 1 1 1 1 0 1 0 1 1 1 1 1 0 0 0 0 0 1 1 1 1 1 0 0 1 0 0 1
 1 0 1 0 1 0 0 1 1 1 1 1 1 1 0 0 1 1 1 1 1 1 1 1 0 0]
 Training accuracy at 12700 out of 20000 is 1.000(0.540),cost is 0.045(4.335)
[1 1 1 1 1 1 1 0 1 1 1 1 1 1 0 1 1 1 1 1 1 1 1 0 0 0 1 1 0 1 1 0 0 1 0 1 0
 0 1 0 0 1 0 1 1 1 0 1 1 0 0 1 0 1 1 1 1 1 0 0 0 0 0 0 1 0 0 1 0 0 1 0 1 1
 1 0 0 0 1 0 0 1 1 1 1 1 1 1 0 0 1 0 1 1 1 1 1 1 0 1]
 Training accuracy at 12800 out of 20000 is 1.000(0.590),cost is 0.046(4.134)
[1 1 1 1 1 1 1 0 1 1 1 1 1 1 0 1 0 1 1 1 1 1 1 0 0 0 1 1 0 1 1 0 0 1 0 1 0
 0 1 0 0 1 0 1 0 1 1 0 1 0 0 1 0 1 1 1 1 1 0 0 0 0 0 0 0 0 1 1 0 0 1 0 0 1
 1 0 1 1 1 0 0 1 0 1 1 1 1 1 0 0 1 0 1 1 1 1 1 1 0 1]
 Training accuracy at 12900 out of 20000 is 1.000(0.610),cost is 0.044(4.668)
[0 1 0 1 1 1 1 0 0 1 1 1 1 1 0 1 0 1 1 1 1 1 0 0 0 0 1 1 0 1 1 0 0 1 0 1 0
 0 1 1 0 1 0 1 1 1 1 1 1 0 0 1 0 1 1 1 1 1 0 0 0 0 0 0 1 0 1 1 0 0 1 0 1 1
 1 0 0 0 1 0 0 1 1 1 1 1 1 1 0 0 1 1 1 1 1 1 1 1 0 1]
 Training accuracy at 13000 out of 20000 is 0.998(0.580),cost is 0.144(3.816)
[1 1 1 1 1 1 0 0 1 1 1 1 1 1 0 1 0 0 1 1 1 1 1 0 0 0 1 0 0 1 1 0 0 1 0 1 0
 0 1 0 0 1 0 1 1 1 1 1 1 0 0 1 0 1 1 1 1 1 0 0 0 0 0 0 1 0 1 1 0 0 1 0 0 1
 0 0 0 0 1 0 1 1 0 1 1 1 1 1 0 0 1 1 1 1 1 1 1 1 0 1]
 Training accuracy at 13100 out of 20000 is 1.000(0.600),cost is 0.043(3.781)
[1 1 1 1 1 1 1 0 1 1 1 1 1 1 0 1 1 1 1 1 1 1 1 0 0 0 1 1 0 1 1 0 0 1 0 1 0
 0 1 0 0 1 0 1 1 1 1 1 1 0 0 1 0 1 1 1 1 1 0 0 0 0 0 0 1 0 1 1 0 0 1 0 0 1
 1 0 0 0 1 0 1 1 1 1 1 1 1 1 0 0 1 1 1 1 1 1 1 1 0 1]
 Training accuracy at 13200 out of 20000 is 1.000(0.600),cost is 0.041(4.298)
[1 1 1 1 1 1 1 0 1 1 1 1 1 1 0 1 1 0 1 1 1 1 1 0 0 0 1 0 0 1 1 0 0 1 0 1 0
 0 1 0 0 1 0 1 1 1 1 1 1 1 0 0 0 1 1 1 1 1 0 0 0 0 0 0 1 0 1 1 0 0 1 0 0 1
 1 0 0 0 1 0 0 1 1 1 1 1 1 0 0 0 1 0 1 1 1 1 1 1 0 1]
 Training accuracy at 13300 out of 20000 is 1.000(0.590),cost is 0.040(3.655)
[1 1 1 1 1 1 1 0 1 1 1 1 1 1 0 1 1 1 1 1 1 1 0 0 0 0 1 0 0 1 1 0 0 1 0 1 0
 1 1 0 0 1 0 1 1 1 1 1 1 1 0 0 0 1 1 1 1 1 0 0 0 0 0 0 1 0 1 1 0 0 1 0 1 1
 1 0 0 0 1 0 0 1 0 1 1 1 1 1 0 0 1 0 1 1 1 1 1 1 0 1]
 Training accuracy at 13400 out of 20000 is 1.000(0.590),cost is 0.038(4.281)
[1 1 1 1 1 1 0 0 1 1 1 1 1 1 0 1 1 1 1 1 1 1 0 0 0 0 1 1 0 1 1 0 0 1 0 1 0
 1 1 0 0 1 0 1 1 1 1 1 1 1 0 0 0 1 1 1 1 1 0 0 0 0 0 0 1 0 0 1 0 0 1 0 1 1
 1 0 0 0 1 0 0 1 1 1 1 1 1 1 0 0 1 0 1 1 1 1 1 1 0 1]
 Training accuracy at 13500 out of 20000 is 1.000(0.550),cost is 0.047(3.999)
[1 1 1 1 1 1 0 0 1 1 1 1 1 1 0 1 1 1 1 1 1 1 1 0 0 0 1 0 0 1 1 0 0 1 0 1 0
 1 1 0 0 1 0 1 1 1 1 1 1 1 0 0 0 1 1 1 1 1 0 0 0 0 1 1 1 1 1 1 0 0 1 0 1 1
 1 0 0 0 1 0 0 1 1 1 1 1 1 1 0 0 1 0 1 1 1 1 1 1 0 1]
 Training accuracy at 13600 out of 20000 is 1.000(0.550),cost is 0.051(4.111)
[1 1 1 1 1 1 0 1 1 1 1 1 1 1 0 1 1 1 1 1 1 1 1 0 0 0 1 1 0 1 1 0 0 1 0 1 1
 1 1 0 0 1 0 1 1 1 1 1 1 1 0 1 0 1 1 1 1 1 0 1 0 0 0 1 1 1 1 1 0 0 1 0 0 0
 1 0 0 0 1 0 1 1 1 1 1 1 1 1 0 0 1 0 1 1 1 1 1 1 0 1]
 Training accuracy at 13700 out of 20000 is 1.000(0.520),cost is 0.050(4.533)
[0 1 1 1 1 1 1 0 1 1 1 1 1 1 0 1 1 0 1 1 1 1 0 0 0 0 1 0 0 1 1 0 0 1 0 1 0
 1 1 0 0 1 0 1 1 1 1 1 1 1 0 1 0 1 1 1 1 1 0 0 0 0 0 1 1 1 1 1 0 0 1 0 0 0
 1 0 0 0 1 0 0 1 1 1 1 1 1 1 0 0 1 0 1 1 1 1 1 1 0 1]
 Training accuracy at 13800 out of 20000 is 1.000(0.550),cost is 0.045(4.275)
[0 1 0 1 0 1 0 0 0 1 1 1 1 1 0 1 0 0 1 1 1 1 1 0 0 0 0 1 0 1 1 0 0 1 0 1 0
 0 1 0 0 1 0 1 1 1 0 0 1 0 0 0 0 1 1 1 1 1 0 0 0 0 0 0 1 0 1 1 0 0 1 0 0 0
 1 0 0 0 1 0 1 1 1 1 1 1 1 1 0 0 1 0 1 1 1 1 1 1 0 1]
 Training accuracy at 13900 out of 20000 is 1.000(0.590),cost is 0.054(3.805)
[1 1 1 1 1 1 1 0 1 1 1 1 1 1 0 1 1 1 1 1 1 1 0 0 0 0 1 1 0 1 1 0 0 1 0 1 1
 1 1 0 0 1 0 1 1 1 1 1 1 1 0 1 0 1 1 1 1 1 0 0 0 0 0 0 1 1 1 1 0 0 0 0 0 0
 1 0 0 0 0 0 1 1 1 1 1 1 1 1 0 0 1 0 1 1 1 1 1 1 0 0]
 Training accuracy at 14000 out of 20000 is 1.000(0.540),cost is 0.043(4.566)
[1 1 1 1 1 1 0 1 1 1 1 1 1 1 0 1 1 1 1 1 1 1 1 0 0 0 1 1 0 1 1 0 0 1 0 1 1
 0 1 0 0 1 0 1 1 0 1 1 1 1 0 0 1 1 1 1 1 1 0 0 0 0 1 1 1 1 1 1 0 0 0 0 0 1
 1 0 0 0 1 0 0 1 0 1 1 1 1 1 0 0 1 0 1 1 1 1 1 1 0 1]
 Training accuracy at 14100 out of 20000 is 1.000(0.540),cost is 0.048(5.411)
[1 1 1 1 1 1 1 0 1 1 1 1 0 1 0 1 1 1 1 1 1 1 1 0 0 0 1 1 0 1 1 0 0 1 0 1 1
 1 1 1 0 1 0 1 1 1 1 1 1 1 0 0 0 1 1 1 1 1 0 1 0 0 0 1 1 0 1 1 0 0 1 0 0 0
 1 0 0 0 1 0 1 1 1 1 1 1 1 1 0 0 1 0 1 1 1 1 1 1 0 1]
 Training accuracy at 14200 out of 20000 is 1.000(0.560),cost is 0.045(4.249)
[1 1 0 1 1 1 0 0 0 0 1 0 0 1 0 1 0 0 1 1 1 1 1 0 0 0 1 1 0 1 1 0 0 1 0 1 0
 0 1 0 0 1 0 1 1 0 1 1 1 1 0 0 0 1 1 1 1 1 0 0 0 0 0 0 1 0 1 1 0 0 1 0 0 0
 1 0 0 0 0 0 0 1 0 1 1 1 1 1 0 0 1 0 1 1 1 1 1 1 0 1]
 Training accuracy at 14300 out of 20000 is 1.000(0.580),cost is 0.052(4.322)
[1 1 1 1 1 1 1 0 1 1 1 1 1 1 0 1 1 1 1 1 1 1 1 0 0 0 1 1 0 1 1 0 0 1 0 1 1
 0 1 1 0 1 0 1 0 1 1 0 1 0 0 0 0 1 1 1 1 1 0 0 0 0 0 0 1 0 1 1 0 0 1 0 0 0
 0 0 0 1 1 0 1 1 1 1 1 1 1 1 0 0 1 1 1 1 1 1 1 1 0 0]
 Training accuracy at 14400 out of 20000 is 1.000(0.550),cost is 0.060(5.357)
[1 1 0 1 1 1 0 1 0 1 1 1 1 1 0 1 1 0 1 1 1 1 0 0 0 0 1 1 0 1 1 0 0 1 0 1 1
 0 1 0 0 1 0 1 1 1 0 1 1 0 0 0 0 1 1 1 1 1 0 0 0 0 0 1 1 0 1 1 0 0 1 0 0 0
 0 0 0 0 1 0 0 1 0 1 1 1 1 1 0 0 1 0 1 1 1 1 1 1 0 1]
 Training accuracy at 14500 out of 20000 is 1.000(0.530),cost is 0.046(4.188)
[0 1 1 1 1 1 0 1 1 1 1 1 1 1 0 1 1 0 1 1 1 1 0 0 0 0 1 0 0 1 1 0 0 1 0 1 0
 0 1 0 0 1 0 1 1 1 1 1 1 1 0 0 0 1 1 1 1 1 0 0 0 0 0 0 1 0 1 1 0 0 1 0 0 0
 1 0 1 0 1 0 1 1 1 1 1 1 1 1 0 0 1 0 1 1 1 1 1 1 0 1]
 Training accuracy at 14600 out of 20000 is 1.000(0.550),cost is 0.044(4.133)
[1 1 1 1 1 1 0 1 0 1 1 1 1 1 0 1 1 0 1 1 1 1 0 0 0 0 1 1 0 1 1 0 0 1 0 1 0
 0 1 0 0 1 0 1 1 0 1 1 1 1 0 0 0 1 1 1 1 1 0 0 0 0 0 1 1 1 1 1 0 0 1 0 0 1
 0 0 1 0 0 0 0 1 0 1 1 1 1 1 0 0 1 1 1 1 1 1 1 1 0 1]
 Training accuracy at 14700 out of 20000 is 1.000(0.530),cost is 0.050(4.061)
[1 1 1 1 1 1 0 1 0 0 1 1 1 1 0 1 1 0 1 1 1 1 0 0 0 0 1 0 0 1 1 0 0 1 0 1 1
 0 1 1 0 1 0 1 1 1 1 1 1 1 0 1 0 1 1 1 1 1 0 0 0 0 0 1 1 1 1 1 0 0 1 0 0 1
 1 0 0 0 1 0 0 1 1 1 1 1 1 1 0 0 1 0 1 1 1 1 1 1 0 1]
 Training accuracy at 14800 out of 20000 is 1.000(0.500),cost is 0.038(3.867)
[1 1 1 1 1 1 0 1 0 1 1 1 0 1 0 0 1 0 1 1 1 1 0 0 0 0 1 0 0 1 1 0 0 0 0 1 0
 0 1 1 0 1 0 1 1 0 1 1 1 1 0 0 0 1 1 1 1 1 0 0 0 0 0 1 1 0 0 1 0 0 1 0 0 1
 1 0 0 0 1 0 0 1 1 1 1 1 1 1 0 0 1 0 1 1 1 1 1 1 0 0]
 Training accuracy at 14900 out of 20000 is 1.000(0.540),cost is 0.043(4.004)
[1 1 1 1 1 1 1 1 1 1 1 1 1 1 0 1 1 0 1 1 1 1 0 0 0 0 1 0 0 1 1 0 0 0 0 1 1
 0 1 1 0 1 0 1 1 0 1 1 1 1 0 1 0 1 1 1 1 1 0 0 0 0 0 1 1 1 1 1 0 0 1 0 0 0
 1 0 1 0 1 0 0 1 1 1 1 1 1 1 0 0 1 0 1 1 1 1 1 1 0 1]
 Training accuracy at 15000 out of 20000 is 1.000(0.510),cost is 0.042(4.216)
[1 1 1 1 1 1 1 1 1 1 1 1 1 1 0 1 1 0 1 1 1 1 0 0 0 0 1 0 0 1 1 0 0 0 0 1 1
 1 1 1 0 1 0 1 1 1 1 1 1 1 0 0 0 1 1 1 1 1 0 0 0 0 0 1 1 1 0 1 0 0 1 0 0 0
 1 0 0 0 1 0 0 1 0 1 1 1 1 1 0 0 1 0 1 1 1 1 1 1 0 1]
 Training accuracy at 15100 out of 20000 is 1.000(0.530),cost is 0.039(4.444)
[1 1 1 1 1 1 1 1 1 1 1 1 1 1 0 1 1 1 1 1 1 1 1 0 0 0 1 0 0 1 1 0 0 1 0 1 1
 1 1 0 0 1 0 1 1 1 1 1 1 1 0 0 0 1 1 1 1 1 0 0 0 0 0 1 1 0 1 1 0 0 1 0 0 1
 0 0 0 0 0 0 0 1 0 1 1 1 1 1 0 0 1 0 1 1 1 1 1 1 0 1]
 Training accuracy at 15200 out of 20000 is 1.000(0.580),cost is 0.050(3.855)
[1 1 1 1 1 1 1 1 1 1 1 1 1 1 0 1 1 1 1 1 1 1 0 0 0 0 1 0 0 1 1 0 0 0 0 1 1
 1 1 0 0 1 0 1 1 0 0 1 1 1 0 0 0 1 1 1 1 1 0 1 0 0 1 1 1 1 1 1 0 0 1 0 1 1
 1 0 0 0 1 0 1 1 0 1 1 1 1 1 0 1 1 0 1 1 1 1 1 1 0 1]
 Training accuracy at 15300 out of 20000 is 1.000(0.560),cost is 0.053(3.492)
[0 1 1 1 1 1 0 1 0 0 1 1 0 1 0 0 0 0 1 1 1 1 0 0 0 0 1 1 0 1 1 0 0 1 0 1 1
 1 1 0 0 1 0 1 1 0 0 1 1 1 0 1 0 1 1 1 1 1 0 0 0 0 0 0 1 0 1 1 0 0 1 0 0 1
 1 0 0 0 1 0 1 1 0 1 1 1 1 1 0 0 1 0 1 1 0 1 1 1 0 1]
 Training accuracy at 15400 out of 20000 is 1.000(0.540),cost is 0.050(3.821)
[0 1 1 1 1 1 0 0 0 0 1 1 0 1 0 1 1 0 1 1 1 1 0 0 0 0 1 1 0 1 1 0 0 0 0 1 1
 1 1 0 0 1 0 1 1 0 0 1 1 1 0 0 0 1 1 1 1 1 0 0 0 0 0 0 1 0 1 1 0 0 1 0 0 0
 1 0 0 0 1 0 0 1 0 1 1 1 0 1 0 0 1 0 1 1 0 1 1 1 0 1]
 Training accuracy at 15500 out of 20000 is 1.000(0.540),cost is 0.042(3.653)
[1 1 1 1 1 1 0 1 1 1 1 1 1 1 0 1 1 1 1 1 1 1 0 0 0 0 1 1 0 1 1 0 0 0 0 1 1
 1 1 0 0 1 0 1 1 0 1 1 1 1 0 0 0 1 1 1 1 1 0 0 0 0 0 0 1 0 0 1 0 0 1 0 0 1
 1 0 0 0 1 0 0 1 1 1 1 1 1 1 0 0 1 0 1 1 1 1 1 1 0 1]
 Training accuracy at 15600 out of 20000 is 1.000(0.540),cost is 0.050(3.421)
[0 1 1 1 1 1 1 1 0 1 1 1 1 1 0 1 1 1 1 1 1 1 0 0 0 0 1 0 0 1 1 0 0 1 0 1 1
 1 1 0 0 1 0 1 1 1 0 1 1 1 0 0 0 1 1 1 1 1 0 0 0 0 0 0 1 0 1 1 0 0 1 0 0 0
 1 0 0 0 1 0 0 1 0 1 1 1 1 1 0 0 1 0 1 1 1 1 1 1 0 1]
 Training accuracy at 15700 out of 20000 is 1.000(0.580),cost is 0.043(3.816)
[0 1 0 1 1 1 0 1 0 1 1 1 0 1 0 1 0 0 1 1 1 1 0 0 0 0 1 1 0 1 1 0 0 1 0 1 0
 1 1 0 0 1 0 1 1 0 1 1 1 1 0 1 0 1 1 1 1 1 0 0 0 0 0 0 1 1 0 1 0 0 1 0 0 1
 1 0 0 0 1 0 1 1 1 1 1 1 1 1 0 0 1 0 1 1 1 1 1 1 0 1]
 Training accuracy at 15800 out of 20000 is 1.000(0.510),cost is 0.046(4.181)
[0 1 0 1 1 1 0 1 0 1 1 1 1 1 0 1 1 0 1 1 1 1 0 0 0 0 1 1 0 1 1 0 0 1 0 1 1
 1 1 0 0 1 0 1 1 0 1 1 1 1 0 1 0 1 1 1 1 1 0 0 0 0 0 1 1 0 1 1 0 0 1 1 0 1
 1 0 0 0 1 0 1 1 1 1 1 1 1 1 0 0 1 0 1 1 1 1 1 1 0 1]
 Training accuracy at 15900 out of 20000 is 1.000(0.480),cost is 0.040(4.568)
[0 1 1 1 1 1 0 1 0 1 1 1 1 1 0 1 1 0 1 1 1 1 0 0 0 0 1 1 0 1 1 0 0 1 0 1 1
 1 1 1 0 1 0 1 1 1 1 1 1 1 0 0 0 1 1 1 1 1 0 0 0 0 0 1 1 0 0 1 0 0 1 0 0 1
 1 0 0 0 1 0 1 1 1 1 1 1 1 1 0 0 1 0 1 1 1 1 1 1 0 1]
 Training accuracy at 16000 out of 20000 is 1.000(0.500),cost is 0.039(4.283)
[0 1 1 1 1 1 0 0 0 1 1 1 1 1 0 1 1 0 0 1 1 1 0 0 0 0 1 0 0 1 1 0 0 1 0 1 1
 1 1 0 0 1 0 1 1 1 1 1 1 1 0 1 0 1 1 1 1 1 0 0 0 0 0 1 1 0 1 1 0 0 1 0 0 1
 1 0 0 0 1 0 0 1 1 1 1 1 1 1 0 0 1 0 1 1 1 1 1 1 0 1]
 Training accuracy at 16100 out of 20000 is 1.000(0.550),cost is 0.050(3.517)
[1 1 1 1 1 1 0 1 1 1 1 1 1 1 0 1 0 0 1 1 1 1 0 0 0 0 1 1 0 1 1 0 0 1 0 1 1
 1 1 0 0 1 0 1 1 1 1 0 1 1 0 0 0 1 1 1 1 1 0 0 0 0 0 1 1 0 0 1 0 0 1 0 0 1
 1 0 0 0 1 0 0 1 1 1 1 1 1 1 0 0 1 0 1 1 1 1 1 1 0 1]
 Training accuracy at 16200 out of 20000 is 1.000(0.520),cost is 0.045(3.956)
[1 1 1 1 1 1 1 1 1 1 1 1 1 1 0 1 0 0 1 1 1 1 0 0 0 0 1 0 0 1 1 0 0 1 0 1 1
 0 1 0 0 1 0 1 1 1 1 1 1 1 0 1 0 1 1 1 1 1 0 0 0 0 0 1 1 0 0 1 0 0 1 0 0 0
 1 0 0 0 1 0 1 1 1 1 1 1 1 1 0 0 1 0 1 1 1 1 1 1 0 1]
 Training accuracy at 16300 out of 20000 is 1.000(0.530),cost is 0.063(3.328)
[1 1 1 1 1 1 0 0 1 1 1 1 0 1 0 1 0 1 1 1 1 1 1 0 0 0 1 1 0 1 1 0 0 1 0 1 1
 1 1 1 0 1 0 1 1 0 1 0 1 1 0 0 0 1 1 1 1 1 0 0 0 0 0 1 1 1 0 1 0 0 1 0 0 0
 1 0 0 0 1 0 0 1 1 1 1 1 1 1 0 0 1 0 1 1 1 1 1 1 0 1]
 Training accuracy at 16400 out of 20000 is 1.000(0.520),cost is 0.039(4.290)
[1 1 1 1 1 1 1 1 1 1 1 1 1 1 0 1 1 1 1 1 1 1 0 0 0 0 1 1 0 1 1 0 0 1 0 1 1
 1 1 0 0 1 0 1 1 0 1 1 1 1 0 0 0 1 1 1 1 1 0 0 0 0 0 1 1 1 0 1 0 0 1 0 0 1
 1 0 1 0 1 0 1 1 1 1 1 1 1 1 0 0 1 0 1 1 1 1 1 1 0 1]
 Training accuracy at 16500 out of 20000 is 1.000(0.500),cost is 0.042(4.497)
[1 1 1 1 1 1 1 1 1 1 1 1 1 1 0 1 0 0 1 1 1 1 0 0 0 0 1 1 0 1 1 0 0 1 0 1 1
 1 1 1 0 1 0 1 1 1 1 0 1 1 0 0 0 1 1 1 1 1 0 0 0 0 0 1 1 1 0 1 0 0 1 0 0 1
 1 0 1 0 1 0 0 1 1 1 1 1 1 1 0 0 1 0 1 1 1 1 1 1 0 1]
 Training accuracy at 16600 out of 20000 is 1.000(0.500),cost is 0.039(4.389)
[1 1 1 1 1 1 1 1 1 1 1 1 1 1 0 1 1 1 1 1 1 1 0 0 0 0 1 1 0 1 1 0 0 1 0 1 1
 1 1 1 0 1 0 1 1 1 1 1 1 1 0 1 1 1 1 1 1 1 0 0 0 0 0 1 1 1 0 1 0 0 1 1 1 1
 1 0 0 0 1 1 1 1 1 1 1 1 1 1 0 0 1 0 1 1 1 1 1 1 0 1]
 Training accuracy at 16700 out of 20000 is 1.000(0.460),cost is 0.039(4.384)
[1 1 1 1 1 1 1 1 1 1 1 1 1 1 0 1 0 1 1 1 1 1 0 0 0 0 1 1 0 1 1 0 0 1 0 1 1
 1 1 0 0 1 0 1 1 1 1 1 1 1 0 0 0 1 1 1 1 1 0 0 0 0 0 1 1 1 1 1 0 0 1 0 0 1
 1 0 1 0 1 0 0 1 1 1 1 1 0 1 0 0 1 0 1 1 1 1 1 1 0 1]
 Training accuracy at 16800 out of 20000 is 1.000(0.530),cost is 0.040(4.002)
[1 1 1 1 1 1 1 0 1 1 1 1 1 1 0 1 1 1 1 1 1 1 0 0 0 0 1 1 0 1 1 0 0 1 0 1 1
 1 1 0 0 1 0 1 1 1 0 1 1 1 0 0 0 1 1 1 1 1 0 0 0 0 0 1 1 1 0 1 0 0 1 0 1 0
 1 0 0 0 1 0 0 1 1 1 1 1 1 1 0 0 1 0 1 1 1 1 1 1 0 1]
 Training accuracy at 16900 out of 20000 is 1.000(0.530),cost is 0.039(4.134)
[1 1 1 1 1 1 0 0 0 1 1 1 1 1 0 1 0 1 1 1 1 1 0 0 0 0 1 1 0 1 1 0 0 1 0 1 1
 1 1 0 0 1 0 1 1 1 1 1 1 1 0 0 0 1 1 1 1 1 0 0 0 0 0 1 1 1 0 1 0 0 1 0 1 1
 1 0 0 0 1 0 0 1 1 1 1 1 1 1 0 0 1 0 1 1 1 1 1 1 0 0]
 Training accuracy at 17000 out of 20000 is 1.000(0.510),cost is 0.042(3.979)
[1 1 1 1 1 1 0 0 1 1 1 1 1 1 0 1 0 0 1 1 1 1 0 0 0 0 1 1 0 1 1 0 0 1 0 1 1
 0 1 0 0 1 0 1 1 1 1 1 1 0 0 0 0 1 1 1 1 1 0 0 0 0 0 0 1 0 1 1 0 0 1 0 0 0
 1 0 0 0 1 0 0 1 1 1 1 1 1 1 0 0 1 0 1 1 1 1 1 1 0 1]
 Training accuracy at 17100 out of 20000 is 1.000(0.570),cost is 0.041(4.244)
[1 1 1 1 1 1 1 0 1 1 1 1 1 1 0 1 1 1 1 1 1 1 0 0 0 1 1 1 0 1 1 0 0 1 0 1 1
 1 1 0 0 1 0 1 1 1 0 1 1 1 0 0 0 1 1 1 1 1 0 0 0 0 0 0 1 0 0 1 0 0 1 0 0 0
 1 0 0 0 1 0 1 1 1 1 1 1 1 1 0 0 1 0 1 1 1 1 1 1 0 1]
 Training accuracy at 17200 out of 20000 is 1.000(0.540),cost is 0.049(4.476)
[1 1 1 1 1 1 1 1 1 1 1 1 1 1 0 1 1 1 1 1 1 1 0 0 0 0 1 1 0 1 1 0 0 1 0 1 1
 1 1 0 0 1 0 1 1 1 1 1 1 1 0 1 0 1 1 1 1 1 0 0 0 0 1 0 1 1 0 1 0 0 1 0 1 1
 1 0 1 0 1 0 0 1 1 1 1 1 1 1 0 0 1 0 1 1 1 1 1 1 0 1]
 Training accuracy at 17300 out of 20000 is 1.000(0.500),cost is 0.038(4.382)
[1 1 1 1 1 1 1 1 1 1 1 1 1 1 0 1 1 0 1 1 1 1 0 0 0 0 1 1 0 1 1 0 0 1 0 1 1
 1 1 0 0 1 0 1 1 1 1 1 1 1 0 1 1 1 1 1 1 1 0 0 0 0 0 0 1 1 0 1 0 0 1 0 0 1
 1 0 0 0 1 0 0 1 1 1 1 1 1 1 0 0 1 0 1 1 1 1 1 1 0 1]
 Training accuracy at 17400 out of 20000 is 1.000(0.510),cost is 0.038(4.284)
[1 1 1 1 1 1 1 1 1 1 1 1 1 1 0 1 1 1 1 1 1 1 1 0 0 1 1 1 0 1 1 0 0 1 0 1 1
 1 1 0 0 1 0 1 1 1 1 1 1 1 0 1 0 1 1 1 1 1 1 0 0 0 1 1 1 1 0 1 0 0 1 1 1 1
 1 0 0 0 1 0 0 1 1 1 1 1 1 1 0 0 1 0 1 1 1 1 1 1 0 1]
 Training accuracy at 17500 out of 20000 is 1.000(0.500),cost is 0.041(5.023)
[1 1 1 1 1 1 0 1 1 1 1 1 1 1 0 1 1 0 1 1 1 1 0 0 0 0 1 1 0 1 1 0 0 1 0 1 1
 1 1 1 0 1 0 1 1 0 1 1 1 1 0 1 0 1 1 1 1 1 0 0 0 0 1 1 1 0 0 1 0 0 1 0 1 1
 1 0 1 0 1 0 0 1 1 1 1 1 1 1 0 0 1 0 1 1 1 1 1 1 0 1]
 Training accuracy at 17600 out of 20000 is 1.000(0.460),cost is 0.044(3.912)
[1 1 1 1 1 1 1 1 1 1 1 1 1 1 0 1 1 1 1 1 1 1 0 0 0 0 1 1 0 1 1 0 0 1 0 1 1
 1 1 1 0 1 0 1 1 1 1 1 1 1 0 1 0 1 1 1 1 1 0 0 0 0 1 1 1 0 0 1 0 0 1 0 1 1
 1 0 0 0 1 0 0 1 1 1 1 1 1 1 0 0 1 0 1 1 1 1 1 1 0 1]
 Training accuracy at 17700 out of 20000 is 1.000(0.500),cost is 0.046(4.617)
[1 1 1 1 1 1 1 1 1 1 1 1 1 1 0 1 1 1 1 1 1 1 1 0 0 0 1 1 0 1 1 0 0 1 0 1 1
 0 1 1 0 1 0 1 1 1 1 1 1 1 0 1 0 1 1 1 1 1 0 0 0 0 1 0 1 0 1 1 0 0 1 0 1 1
 1 0 0 0 1 0 0 1 1 1 1 1 1 1 0 0 1 0 1 1 1 1 1 1 0 1]
 Training accuracy at 17800 out of 20000 is 0.998(0.540),cost is 0.075(4.890)
[1 1 1 1 1 1 1 1 1 1 1 1 1 1 0 1 1 1 1 1 1 1 0 0 0 0 1 1 0 1 1 0 0 1 0 1 1
 1 1 1 0 1 0 1 1 1 1 1 1 1 0 1 0 1 1 1 1 1 0 0 0 0 1 1 1 1 1 1 0 0 1 0 0 1
 1 0 0 0 1 0 0 1 0 1 1 1 1 1 0 0 1 0 1 1 1 1 1 1 0 1]
 Training accuracy at 17900 out of 20000 is 1.000(0.520),cost is 0.040(4.580)
[1 1 1 1 1 1 1 1 1 1 1 1 1 1 0 1 1 1 1 1 1 1 1 0 0 1 1 1 0 1 1 0 0 1 0 1 1
 1 1 1 0 1 0 1 1 1 1 1 1 1 0 1 0 1 1 1 1 1 0 0 0 0 1 1 1 0 0 1 0 0 1 0 1 1
 1 0 1 0 1 0 0 1 1 1 1 1 1 1 0 0 1 1 1 1 1 1 1 1 0 1]
 Training accuracy at 18000 out of 20000 is 1.000(0.500),cost is 0.043(4.574)
[1 1 1 1 1 1 0 0 1 1 1 1 1 1 0 1 1 0 1 1 1 1 1 0 0 1 1 1 0 1 1 0 0 1 0 1 1
 0 1 1 0 1 0 1 1 1 1 1 1 1 0 1 0 1 1 1 1 1 0 0 0 0 0 1 1 0 0 1 0 0 1 0 1 1
 1 0 0 0 1 0 0 1 1 1 1 1 1 1 0 0 1 0 1 1 1 1 1 1 0 0]
 Training accuracy at 18100 out of 20000 is 1.000(0.500),cost is 0.041(4.214)
[1 1 1 1 1 1 0 1 1 1 1 1 1 1 0 1 1 0 1 1 1 1 1 0 0 1 1 1 0 1 1 0 0 1 0 1 1
 0 1 1 0 1 0 1 1 1 1 1 1 1 0 1 0 1 1 1 1 1 0 0 0 0 0 1 1 0 1 1 0 0 1 0 1 1
 1 0 0 0 1 0 0 1 1 1 1 1 1 1 0 0 1 0 1 1 1 1 1 1 0 0]
 Training accuracy at 18200 out of 20000 is 1.000(0.500),cost is 0.037(3.941)
[1 1 1 1 1 1 1 1 1 1 1 1 1 1 0 1 1 1 1 1 1 1 1 0 0 0 1 1 0 1 1 0 0 1 0 1 1
 1 1 1 0 1 0 1 1 1 1 1 1 1 0 1 0 1 1 1 1 1 0 0 0 0 0 1 1 0 1 1 0 0 1 1 0 1
 1 0 0 0 1 0 1 1 1 1 1 1 1 1 0 0 1 0 1 1 1 1 1 1 0 1]
 Training accuracy at 18300 out of 20000 is 1.000(0.520),cost is 0.041(4.444)
[1 1 1 1 1 1 1 1 1 1 1 1 1 1 1 1 1 1 1 1 1 1 1 0 1 1 1 1 0 1 1 0 0 1 1 1 1
 1 1 1 0 1 0 1 1 1 1 1 1 1 0 1 1 1 1 1 1 1 0 0 0 0 1 1 1 1 1 1 0 0 1 0 1 1
 1 0 1 0 1 0 0 1 1 1 1 1 1 1 0 0 1 1 1 1 1 1 1 1 0 1]
 Training accuracy at 18400 out of 20000 is 1.000(0.500),cost is 0.040(6.441)
[1 1 1 1 1 1 0 0 1 1 1 1 1 1 0 1 1 1 1 1 1 1 1 0 0 0 1 1 0 1 1 0 0 1 0 1 1
 0 1 1 0 1 0 1 1 1 1 1 1 1 0 0 0 1 1 1 1 1 1 0 0 0 0 1 1 0 0 1 0 0 1 0 1 1
 0 0 0 0 1 0 0 1 1 1 1 1 1 1 0 0 1 0 1 1 1 1 1 1 0 0]
 Training accuracy at 18500 out of 20000 is 1.000(0.530),cost is 0.039(4.550)
[1 1 1 1 1 1 0 1 1 1 1 1 1 1 0 1 1 1 1 1 1 1 0 0 0 0 1 1 0 1 1 0 0 1 0 1 1
 1 1 1 0 1 0 1 1 1 1 1 1 1 0 0 0 1 1 1 1 1 0 0 0 0 0 1 1 0 1 1 0 0 1 0 0 1
 1 0 1 0 1 0 0 1 0 1 1 1 1 1 0 0 1 0 1 1 1 1 1 1 0 0]
 Training accuracy at 18600 out of 20000 is 1.000(0.520),cost is 0.039(4.145)
[1 1 1 1 1 1 1 1 1 1 1 1 1 1 0 1 1 1 1 1 1 1 1 0 0 0 1 1 0 1 1 0 0 1 0 1 1
 1 1 1 0 1 0 1 1 1 1 1 1 1 0 0 0 1 1 1 1 1 0 0 0 0 0 1 1 0 0 1 0 0 1 0 0 1
 1 0 0 0 1 0 0 1 1 1 1 1 1 1 0 0 1 0 1 1 1 1 1 1 0 0]
 Training accuracy at 18700 out of 20000 is 1.000(0.530),cost is 0.038(4.666)
[1 1 1 1 1 1 1 1 1 1 1 1 1 1 0 1 1 1 1 1 1 1 1 0 0 0 1 1 0 1 1 0 0 1 0 1 1
 0 1 1 0 1 0 1 1 1 1 1 1 1 0 1 0 1 1 1 1 1 0 0 0 0 0 1 1 0 1 1 0 0 1 0 0 1
 1 0 0 0 1 0 0 1 1 1 1 1 1 1 0 0 0 0 1 1 1 1 1 1 0 1]
 Training accuracy at 18800 out of 20000 is 1.000(0.560),cost is 0.044(3.967)
[0 1 1 1 1 1 0 0 0 1 1 0 1 1 0 1 0 1 1 1 1 1 1 0 0 0 1 1 0 1 1 0 0 1 0 1 0
 0 1 1 0 1 0 1 1 1 1 0 1 0 0 1 0 1 1 1 1 1 0 0 0 0 0 0 1 0 0 1 0 0 1 1 0 0
 0 0 0 0 0 0 0 1 1 1 1 1 1 1 0 0 1 0 1 1 1 1 1 1 0 1]
 Training accuracy at 18900 out of 20000 is 1.000(0.560),cost is 0.040(3.525)
[1 1 1 1 1 1 1 1 1 1 1 1 1 1 0 1 0 1 1 1 1 1 1 0 0 0 1 1 0 1 1 0 0 1 0 1 1
 1 1 1 0 1 0 1 1 0 1 1 1 0 0 0 0 1 1 1 1 1 0 1 0 0 0 1 1 0 1 1 0 0 1 0 0 0
 0 0 1 0 1 0 0 1 0 1 1 1 1 1 0 0 1 0 1 1 1 1 1 1 0 1]
 Training accuracy at 19000 out of 20000 is 1.000(0.550),cost is 0.044(3.525)
[1 1 1 1 1 1 1 1 1 1 1 1 1 1 0 1 1 0 1 1 1 1 0 0 0 0 1 1 0 1 1 0 0 1 0 1 1
 1 1 0 0 1 0 1 1 1 1 1 1 1 0 1 0 1 1 1 1 1 0 1 0 0 1 1 1 0 1 1 0 0 1 1 1 1
 0 0 1 0 1 0 0 1 1 1 1 1 1 1 0 0 1 0 1 1 1 1 1 1 0 1]
 Training accuracy at 19100 out of 20000 is 1.000(0.490),cost is 0.044(4.443)
[1 1 1 1 1 1 0 0 0 1 1 1 1 1 0 0 1 0 1 1 1 1 0 0 0 0 1 1 0 1 1 0 0 1 0 1 1
 0 1 0 0 1 0 1 1 1 1 1 1 1 0 1 0 1 1 1 1 1 0 0 0 0 0 1 1 0 0 1 0 0 1 0 0 1
 1 0 0 0 0 0 0 1 1 1 1 1 1 1 0 0 1 0 1 1 1 1 1 1 0 0]
 Training accuracy at 19200 out of 20000 is 1.000(0.530),cost is 0.046(4.018)
[1 1 1 1 1 1 1 1 1 1 1 1 1 1 0 1 1 1 1 1 1 1 1 0 0 1 1 1 0 1 1 1 0 1 0 1 1
 0 1 1 0 1 0 1 1 1 1 1 1 1 0 1 0 1 1 1 1 1 0 0 0 0 1 1 1 0 1 1 0 0 1 1 1 1
 1 0 1 0 1 0 0 1 1 1 1 1 1 1 0 0 1 1 1 1 1 1 1 1 0 0]
 Training accuracy at 19300 out of 20000 is 1.000(0.490),cost is 0.066(4.928)
[1 1 1 1 1 1 1 1 1 1 1 1 1 1 0 1 1 1 1 1 1 1 1 0 0 0 1 1 0 1 1 0 0 1 0 1 1
 1 1 1 0 1 0 1 1 1 1 1 1 1 0 1 0 1 1 1 1 1 0 0 0 0 1 1 1 0 1 1 0 0 1 1 0 1
 1 0 1 0 1 0 1 1 1 1 1 1 1 1 0 0 1 1 1 1 1 1 1 1 0 1]
 Training accuracy at 19400 out of 20000 is 1.000(0.510),cost is 0.048(4.907)
[1 1 0 1 1 1 0 1 1 1 1 1 1 1 0 0 1 1 1 1 1 1 0 0 0 0 1 1 0 1 1 0 0 1 0 1 1
 1 1 0 0 1 0 1 1 1 1 0 1 1 0 0 0 1 1 1 1 1 0 0 0 0 1 1 1 0 0 1 0 0 1 0 1 1
 1 0 1 0 1 0 0 1 1 1 1 1 1 1 0 0 1 0 1 1 1 1 1 1 0 0]
 Training accuracy at 19500 out of 20000 is 1.000(0.480),cost is 0.053(4.240)
[1 1 1 1 1 1 0 0 1 1 1 1 1 1 0 1 1 0 1 1 1 1 1 0 0 0 1 1 0 1 1 0 0 1 0 1 1
 1 1 0 0 1 0 1 1 1 1 1 1 1 0 0 0 1 1 1 1 1 0 1 0 0 1 1 1 0 1 1 0 0 1 1 1 0
 1 0 1 0 1 0 0 1 0 1 1 1 1 1 0 0 1 0 1 1 1 1 1 1 0 0]
 Training accuracy at 19600 out of 20000 is 1.000(0.510),cost is 0.038(4.580)
[1 1 1 1 1 1 1 1 1 1 1 1 1 1 0 1 1 1 1 1 1 1 1 0 0 1 1 1 0 1 1 0 0 1 0 1 1
 1 1 1 0 1 0 1 1 1 1 1 1 1 0 1 0 1 1 1 1 1 1 1 0 0 1 1 1 1 0 1 0 0 1 1 1 1
 1 1 1 0 1 0 1 1 1 1 1 1 1 1 0 0 1 0 1 1 1 1 1 1 0 0]
 Training accuracy at 19700 out of 20000 is 1.000(0.480),cost is 0.045(4.924)
[0 1 1 1 1 1 0 1 0 1 1 1 1 1 0 1 0 0 1 1 1 1 1 0 0 0 1 1 0 1 1 0 0 1 0 1 1
 1 1 1 0 1 0 1 1 1 1 1 1 1 0 1 0 1 1 1 1 1 0 0 0 0 1 1 1 0 1 1 0 0 1 1 0 0
 1 0 1 0 0 0 0 1 0 1 1 1 1 1 0 0 1 0 1 1 1 1 1 1 0 1]
 Training accuracy at 19800 out of 20000 is 1.000(0.510),cost is 0.043(3.951)
[1 1 1 1 1 1 0 0 1 1 1 1 1 1 0 1 1 1 1 1 1 1 0 0 0 0 1 1 0 1 1 0 0 1 0 1 1
 1 1 1 0 1 0 1 1 1 1 1 1 1 0 0 0 1 1 1 1 1 0 0 0 0 1 1 1 0 1 1 0 0 1 1 0 0
 1 0 1 1 1 0 0 1 1 1 1 1 1 1 0 0 1 1 1 1 1 1 1 1 0 1]
 Training accuracy at 19900 out of 20000 is 1.000(0.520),cost is 0.038(4.370)
pred real
2    1
2    2
2    2
2    2
2    1
2    2
2    2
1    1
2    2
2    2
2    1
2    1
2    1
2    2
1    2
2    1
1    1
2    2
2    1
2    1
2    2
2    2
2    2
1    2
1    1
1    1
2    1
2    1
1    2
2    1
2    1
1    1
1    1
2    1
1    2
2    2
2    1
1    1
2    1
2    1
1    1
2    2
1    1
2    1
2    2
1    2
1    1
1    2
2    1
2    1
1    2
1    1
1    1
2    1
2    1
2    1
2    2
2    2
1    2
1    2
1    1
1    1
1    1
2    1
2    1
1    1
2    2
2    2
1    2
1    2
2    1
1    1
1    1
2    2
2    2
1    2
2    1
1    2
2    1
1    1
1    1
2    2
2    1
2    2
2    2
2    2
2    2
2    2
1    1
1    2
2    1
2    2
2    2
2    2
2    2
2    2
2    2
2    2
1    1
2    2
time:0 The accuracy on the test data is 0.570, before training was 0.510
0.57
