[0 1 0 0 1 1 0 0 0 0 1 1 0 1 0 1 1 0 1 0 0 1 1 0 1 1 0 1 1 1 1 1 0 1 0 1 1
 0 1 1 1 1 1 1 1 1 1 1 1 0 1 1 1 1 0 1 1 1 1 1 1 1 1 0 0 1 1 1 1 1 1 1 1 1
 0 1 1 1 1 0 1 1 1 0 1 1 1 1 1 1 1 1 0 1 0 0 1 1 1 1]
 Training accuracy at 0 out of 20000 is 0.532(0.460),cost is 5.082(0.744)
[0 1 0 0 1 1 0 0 0 0 1 1 0 1 0 1 1 0 1 0 0 1 1 0 1 1 0 1 0 1 1 1 0 1 0 1 1
 0 1 1 1 1 1 1 1 1 1 1 0 0 1 1 1 0 0 1 1 1 1 1 1 1 1 0 0 1 1 1 1 1 1 1 1 1
 0 1 1 0 1 0 1 1 1 0 1 1 1 1 1 1 1 0 0 1 0 0 1 1 1 1]
 Training accuracy at 100 out of 20000 is 0.530(0.450),cost is 4.962(0.731)
[0 1 0 0 1 1 0 0 0 0 1 1 0 1 0 1 1 0 1 0 0 1 1 0 1 1 0 1 0 0 1 1 0 1 0 1 1
 0 1 0 1 1 1 1 1 1 1 1 0 0 0 1 1 0 0 1 1 1 1 1 1 1 1 0 0 1 1 1 1 1 1 1 1 1
 0 1 1 0 1 0 1 1 1 0 1 1 0 1 0 1 1 0 0 1 0 0 1 1 1 1]
 Training accuracy at 200 out of 20000 is 0.543(0.460),cost is 4.885(0.725)
[0 1 0 0 1 1 0 0 0 0 1 1 0 1 0 1 1 0 1 0 0 1 1 0 1 1 0 1 0 0 1 1 0 1 0 1 1
 0 1 0 1 1 1 1 1 1 1 1 0 0 0 0 1 0 0 1 1 1 1 1 1 1 1 0 0 1 1 1 1 1 1 1 1 0
 0 1 1 0 1 0 1 1 1 0 1 1 0 1 0 1 1 0 0 1 0 0 1 1 1 1]
 Training accuracy at 300 out of 20000 is 0.573(0.460),cost is 4.830(0.723)
[0 1 0 0 1 1 0 0 0 0 1 1 0 1 0 1 1 0 1 0 0 1 1 0 1 1 0 1 0 0 1 1 0 1 0 1 1
 0 1 0 1 1 1 1 1 1 1 1 0 0 0 0 1 0 0 1 1 1 1 1 1 1 0 0 0 1 1 1 1 1 1 1 1 0
 0 1 1 0 1 0 1 1 1 0 1 1 0 1 0 0 1 0 0 1 0 0 1 1 1 1]
 Training accuracy at 400 out of 20000 is 0.591(0.460),cost is 4.783(0.721)
[0 1 0 0 1 1 0 0 0 0 1 1 0 1 0 1 1 0 1 0 0 1 1 0 1 1 0 1 0 0 1 1 0 1 0 1 1
 0 1 0 1 1 1 1 1 1 1 1 0 0 0 0 1 1 0 1 1 1 1 1 1 1 0 0 0 1 1 1 1 1 1 1 1 0
 0 1 1 0 1 0 1 1 1 0 1 1 0 1 0 0 1 0 0 1 1 0 1 1 1 1]
 Training accuracy at 500 out of 20000 is 0.601(0.460),cost is 4.745(0.719)
[0 1 0 0 1 1 0 0 0 0 1 1 0 1 0 1 1 0 1 0 0 1 1 0 1 1 0 1 0 0 1 1 0 1 0 1 1
 0 1 0 1 1 1 1 1 1 1 1 0 0 0 0 1 1 0 1 1 1 1 1 1 0 0 0 0 1 1 1 1 1 1 1 1 0
 0 1 1 0 1 0 1 1 1 0 1 1 0 1 0 0 1 1 0 1 1 0 1 1 1 1]
 Training accuracy at 600 out of 20000 is 0.617(0.480),cost is 4.708(0.717)
[0 1 0 0 1 1 0 0 0 0 1 1 0 1 0 1 1 0 1 0 0 1 1 0 1 1 0 1 0 0 1 1 0 1 0 1 1
 0 1 0 1 1 1 1 1 1 1 1 0 0 0 0 1 1 0 1 1 1 1 1 1 0 0 0 0 1 1 1 1 1 1 1 1 0
 0 1 1 0 1 0 1 1 0 0 1 1 0 1 0 0 1 1 0 1 1 0 1 1 1 1]
 Training accuracy at 700 out of 20000 is 0.628(0.490),cost is 4.675(0.715)
[0 1 0 0 1 1 0 1 0 0 1 1 0 1 0 1 1 0 1 0 0 1 1 0 1 1 0 1 0 0 1 1 0 1 0 1 1
 0 1 0 1 1 1 1 1 1 1 1 0 0 0 0 1 1 0 1 1 1 1 1 1 0 0 0 0 1 1 1 1 1 1 1 1 0
 0 1 1 0 1 0 1 1 0 0 1 1 0 1 0 0 1 1 0 1 1 0 1 1 1 1]
 Training accuracy at 800 out of 20000 is 0.637(0.480),cost is 4.645(0.714)
[0 1 1 0 1 1 0 1 0 0 1 1 1 1 0 1 1 0 1 0 0 1 1 0 1 1 0 1 0 0 1 1 0 1 0 1 1
 1 1 0 1 1 1 1 1 1 1 1 0 0 0 0 1 1 0 1 1 1 1 1 1 1 0 0 0 1 1 1 1 1 1 1 1 0
 0 1 1 0 1 0 1 1 0 0 1 1 1 1 0 0 1 1 0 1 1 0 1 1 1 1]
 Training accuracy at 900 out of 20000 is 0.641(0.470),cost is 4.617(0.715)
[0 1 1 0 1 1 0 1 0 0 1 1 1 1 0 1 1 0 1 0 1 1 1 0 1 1 0 1 0 0 1 1 0 1 0 1 1
 1 1 0 1 1 1 1 1 1 1 1 0 0 0 0 1 1 0 1 1 1 1 1 1 1 1 0 0 1 1 1 1 1 1 1 1 0
 0 1 1 0 1 0 1 1 0 0 1 1 1 1 0 0 1 1 0 1 1 0 1 1 1 1]
 Training accuracy at 1000 out of 20000 is 0.647(0.470),cost is 4.591(0.715)
[0 1 1 0 1 1 0 1 0 0 1 1 1 1 0 1 1 0 1 0 1 1 0 0 1 1 0 1 0 0 1 1 0 1 0 1 1
 1 1 0 1 1 1 1 1 1 1 1 0 0 0 0 1 1 0 1 1 1 1 1 1 0 1 0 0 1 1 1 1 1 1 1 1 0
 0 1 1 0 1 0 1 1 0 0 1 1 1 1 0 0 1 1 0 1 1 0 1 1 1 1]
 Training accuracy at 1100 out of 20000 is 0.650(0.470),cost is 4.566(0.713)
[0 1 1 0 1 1 0 1 0 0 1 1 1 1 0 1 1 0 0 0 1 1 0 0 1 1 0 1 0 0 1 1 0 1 0 1 1
 1 1 0 1 1 1 1 1 1 1 1 0 0 0 0 1 1 0 1 1 1 1 1 1 0 1 0 0 1 1 1 1 1 1 1 1 0
 0 1 1 0 1 0 1 1 0 0 1 1 1 1 0 0 1 1 0 1 1 0 1 1 1 1]
 Training accuracy at 1200 out of 20000 is 0.651(0.480),cost is 4.540(0.712)
[0 1 1 0 1 1 0 1 0 0 1 1 1 1 0 1 1 0 0 0 1 1 0 0 1 1 0 1 0 0 1 1 0 1 0 1 1
 1 1 0 1 1 1 1 1 1 1 1 0 0 0 0 1 1 0 1 1 1 1 1 1 1 1 0 0 1 1 1 1 1 1 1 1 0
 0 1 1 0 1 0 1 1 0 0 1 1 1 1 0 0 1 1 0 1 1 0 1 1 1 1]
 Training accuracy at 1300 out of 20000 is 0.654(0.470),cost is 4.516(0.712)
[0 1 1 0 1 1 0 1 0 0 1 1 1 1 0 1 1 0 1 0 1 1 0 0 1 1 0 1 0 0 1 1 0 1 0 1 1
 1 1 0 1 1 1 1 1 1 1 1 0 0 0 0 1 1 0 1 1 1 1 1 1 1 1 0 0 1 1 1 1 1 1 1 1 0
 0 1 1 1 1 0 1 1 0 0 1 1 1 1 0 0 1 1 0 1 1 0 1 1 1 1]
 Training accuracy at 1400 out of 20000 is 0.654(0.470),cost is 4.491(0.714)
[0 1 1 0 1 1 0 1 0 0 1 1 1 1 0 1 1 0 0 0 1 1 0 0 1 1 0 1 0 0 1 1 0 1 0 1 1
 1 1 0 1 1 1 1 1 1 1 1 0 0 0 0 1 1 0 1 1 1 1 1 1 1 1 0 0 1 1 1 1 1 1 1 1 0
 0 1 1 1 1 0 0 1 0 0 1 1 1 1 0 0 1 1 0 1 1 0 1 1 1 1]
 Training accuracy at 1500 out of 20000 is 0.666(0.490),cost is 4.465(0.713)
[0 1 1 0 1 1 0 1 0 0 1 1 1 1 0 1 1 0 0 0 1 1 0 0 1 1 0 1 0 0 1 1 0 1 0 1 1
 1 1 0 1 1 1 1 1 1 1 1 0 0 0 0 1 1 1 1 1 1 1 1 1 1 1 0 0 1 1 1 1 1 1 1 1 0
 0 1 1 1 1 0 0 1 0 0 1 1 1 1 0 0 1 1 0 1 1 0 1 1 1 1]
 Training accuracy at 1600 out of 20000 is 0.671(0.480),cost is 4.440(0.713)
[0 1 1 0 1 1 0 1 0 0 1 1 1 1 0 1 1 0 0 0 1 1 0 0 1 1 0 1 0 0 1 1 0 1 0 1 1
 1 1 0 1 1 1 1 1 1 1 1 0 0 0 0 1 1 1 1 1 1 1 1 1 0 1 0 0 1 1 1 1 1 1 1 1 0
 0 1 1 1 1 0 0 1 0 0 1 1 1 1 0 0 1 1 0 1 1 0 1 1 1 1]
 Training accuracy at 1700 out of 20000 is 0.680(0.490),cost is 4.413(0.712)
[0 1 1 0 1 1 0 1 0 0 1 1 1 1 0 1 1 0 0 0 1 1 0 0 1 1 0 1 0 0 1 1 0 1 0 1 1
 1 1 0 1 1 1 1 1 1 1 1 0 0 0 0 1 1 1 1 1 1 1 1 1 1 1 0 0 1 1 1 1 1 1 1 1 0
 0 1 1 1 1 0 0 1 0 0 1 1 1 1 0 0 1 1 0 1 1 0 1 1 1 1]
 Training accuracy at 1800 out of 20000 is 0.674(0.480),cost is 4.388(0.714)
[0 1 1 0 1 1 0 1 0 0 1 1 1 1 0 1 1 0 0 0 1 1 0 0 1 1 0 1 0 1 1 1 0 1 0 1 1
 1 1 0 1 1 1 1 1 1 1 1 0 0 0 0 1 1 1 1 1 1 1 1 1 1 1 0 0 1 1 1 1 1 1 1 1 0
 0 1 1 1 1 0 0 1 0 0 1 1 1 1 0 0 1 1 0 1 1 0 1 1 1 1]
 Training accuracy at 1900 out of 20000 is 0.682(0.470),cost is 4.362(0.714)
[0 1 1 0 1 1 0 1 0 0 1 1 1 1 0 1 1 0 0 0 1 1 0 0 1 1 0 1 0 1 1 1 0 1 0 1 1
 1 1 0 1 1 1 1 1 1 1 1 0 0 0 0 1 1 1 1 1 1 1 1 1 1 1 0 0 1 1 1 1 1 1 1 1 0
 0 1 1 1 1 0 0 1 0 0 1 1 1 1 0 0 1 1 0 1 1 0 1 1 1 1]
 Training accuracy at 2000 out of 20000 is 0.686(0.470),cost is 4.336(0.715)
[0 1 1 0 1 1 0 1 0 0 1 1 1 1 0 1 1 0 0 0 1 1 0 0 1 1 0 1 0 1 1 1 0 1 0 1 1
 1 1 0 1 1 1 1 1 1 1 1 0 0 0 0 1 1 1 1 1 1 1 1 1 1 1 0 0 0 1 1 1 1 1 1 1 0
 0 1 1 1 1 0 0 1 0 0 1 1 1 1 0 0 1 1 0 1 1 0 1 1 1 1]
 Training accuracy at 2100 out of 20000 is 0.689(0.480),cost is 4.309(0.716)
[0 1 1 0 1 1 0 1 0 0 1 1 1 1 0 1 1 0 0 0 1 1 0 0 1 1 0 1 0 1 1 1 0 1 0 1 1
 1 1 0 1 1 1 1 1 1 1 1 0 0 0 0 1 1 1 1 1 1 1 1 1 1 1 0 0 0 1 1 1 1 1 1 1 0
 0 1 1 1 1 0 0 1 0 0 1 1 1 1 0 0 1 1 0 1 1 0 1 1 1 1]
 Training accuracy at 2200 out of 20000 is 0.695(0.480),cost is 4.282(0.716)
[0 1 0 0 1 1 0 1 0 0 1 1 1 1 0 1 1 0 0 0 1 1 0 0 1 1 0 1 0 1 1 1 0 1 0 1 1
 1 1 0 1 1 1 1 1 1 1 1 0 0 0 0 1 1 1 1 1 1 1 1 1 1 1 0 0 0 1 1 1 1 1 1 1 0
 0 1 1 1 1 0 0 1 0 0 1 1 1 1 0 0 0 1 0 1 1 0 1 1 1 1]
 Training accuracy at 2300 out of 20000 is 0.706(0.480),cost is 4.256(0.715)
[0 1 0 0 1 1 0 1 0 0 1 1 1 1 0 1 1 0 0 0 1 1 0 0 1 1 0 1 0 1 1 1 0 1 0 1 1
 1 1 0 1 1 1 1 1 1 1 1 0 0 0 0 1 1 1 1 1 1 1 1 1 1 1 0 0 0 1 1 1 1 1 1 1 0
 0 1 1 1 1 0 0 1 0 0 1 1 1 1 0 0 0 1 0 1 1 0 1 1 1 1]
 Training accuracy at 2400 out of 20000 is 0.703(0.480),cost is 4.229(0.716)
[0 1 0 0 1 1 0 1 0 0 1 1 1 1 0 1 1 0 0 0 1 1 0 0 1 1 0 1 0 1 1 1 0 1 0 1 1
 1 1 0 1 1 1 1 1 1 1 1 0 0 0 0 1 1 1 1 1 1 1 1 1 0 1 0 0 0 1 1 1 1 0 1 1 0
 0 1 1 1 1 0 0 1 0 0 1 1 1 1 0 0 0 1 0 1 1 0 1 1 1 1]
 Training accuracy at 2500 out of 20000 is 0.705(0.500),cost is 4.204(0.716)
[0 1 0 0 1 1 0 1 0 0 1 1 1 1 0 1 1 0 0 0 1 1 0 0 1 1 0 1 0 1 1 1 0 1 0 1 1
 1 1 0 1 1 1 1 1 1 1 1 0 0 0 0 1 1 1 1 1 1 1 1 1 0 1 0 0 0 1 1 1 1 0 1 1 0
 0 1 1 1 1 0 0 1 0 0 1 1 1 1 0 0 0 1 0 1 1 0 1 1 1 1]
 Training accuracy at 2600 out of 20000 is 0.710(0.500),cost is 4.177(0.716)
[0 1 0 0 1 1 0 1 0 0 1 1 1 1 0 1 1 0 0 0 1 1 0 0 1 1 0 1 0 1 1 1 0 1 0 1 1
 1 1 0 1 1 1 1 1 1 1 1 0 0 1 1 1 1 1 1 1 1 1 1 1 1 1 0 0 0 1 1 1 1 0 1 1 0
 0 1 1 1 1 0 0 1 0 0 1 1 1 1 0 0 0 1 0 1 1 0 1 1 1 1]
 Training accuracy at 2700 out of 20000 is 0.712(0.490),cost is 4.150(0.719)
[0 1 0 0 1 1 0 1 0 0 1 1 1 1 0 1 1 0 0 0 1 1 0 0 1 1 0 1 0 1 1 1 0 1 0 1 1
 1 1 0 1 1 1 1 1 1 1 1 0 0 1 1 1 1 1 1 1 1 1 1 1 0 1 0 0 0 1 1 1 1 0 1 1 0
 0 1 1 1 1 0 0 1 0 0 1 1 1 1 0 0 0 1 0 1 1 0 1 1 1 1]
 Training accuracy at 2800 out of 20000 is 0.713(0.500),cost is 4.122(0.719)
[0 1 0 0 1 1 0 1 0 0 1 1 1 1 0 1 1 0 0 0 1 1 0 0 1 1 0 1 0 1 1 1 0 1 0 1 1
 1 1 0 1 1 0 1 1 1 1 1 0 0 1 1 1 1 1 1 1 1 1 1 1 0 1 0 0 0 1 1 1 1 0 1 1 0
 0 1 1 1 1 0 0 0 0 0 1 1 1 1 0 0 0 1 0 1 1 0 1 1 1 1]
 Training accuracy at 2900 out of 20000 is 0.728(0.500),cost is 4.095(0.718)
[0 1 0 0 1 1 0 1 0 0 1 1 1 1 0 1 1 0 0 0 1 1 0 0 1 1 0 1 0 1 1 1 0 1 0 1 1
 1 1 0 1 1 0 1 1 1 1 1 0 0 1 1 1 1 1 1 1 1 1 1 1 0 1 0 0 0 1 1 1 1 0 1 1 0
 0 1 1 1 1 0 0 0 0 0 1 1 1 1 0 0 0 1 0 1 1 0 1 1 1 1]
 Training accuracy at 3000 out of 20000 is 0.732(0.500),cost is 4.068(0.719)
[0 1 0 0 1 1 0 1 0 0 1 1 1 1 0 1 1 0 0 0 1 1 0 0 1 1 0 1 0 1 1 1 0 1 0 1 1
 1 1 0 1 1 0 1 1 1 1 1 0 0 1 1 1 1 1 1 1 1 1 1 1 0 1 0 0 0 1 1 1 1 0 1 1 0
 0 1 1 1 1 0 0 0 0 0 1 1 1 1 0 0 0 1 0 1 1 0 1 1 1 1]
 Training accuracy at 3100 out of 20000 is 0.735(0.500),cost is 4.040(0.719)
[0 1 0 0 1 1 0 1 0 0 1 1 1 1 0 1 1 0 0 0 1 1 0 0 1 1 0 1 0 1 1 1 0 1 0 0 1
 1 1 0 1 1 0 1 1 1 1 1 0 0 1 1 1 1 1 1 1 1 1 1 1 0 1 0 0 0 1 1 1 1 0 1 1 0
 0 1 1 1 1 0 0 0 0 0 1 1 1 1 0 0 0 1 0 1 1 0 1 1 1 1]
 Training accuracy at 3200 out of 20000 is 0.736(0.490),cost is 4.012(0.719)
[0 1 0 0 1 1 0 1 0 0 1 1 1 1 0 1 1 0 0 0 1 1 0 0 1 1 0 1 0 1 1 1 0 1 0 0 1
 1 1 0 1 1 0 1 1 1 1 1 0 0 1 0 1 1 1 1 1 1 1 1 1 0 1 0 0 0 1 1 1 1 0 0 1 0
 0 1 1 1 1 0 0 0 0 0 1 1 1 1 0 0 0 1 0 1 1 0 1 1 1 1]
 Training accuracy at 3300 out of 20000 is 0.738(0.510),cost is 3.985(0.719)
[0 1 0 0 1 1 0 1 0 0 1 1 1 1 0 1 1 0 0 0 1 1 0 0 1 1 0 1 0 1 1 1 0 1 0 0 1
 1 1 0 1 1 0 1 1 1 1 1 0 0 1 1 1 1 1 1 1 1 1 1 1 0 1 0 0 0 1 1 1 1 0 0 1 0
 0 1 1 1 1 0 0 0 0 0 1 1 1 1 0 0 0 1 0 1 1 0 1 1 1 1]
 Training accuracy at 3400 out of 20000 is 0.748(0.500),cost is 3.954(0.720)
[0 1 0 0 1 1 0 1 0 0 1 1 1 1 0 1 1 0 0 0 1 1 0 0 1 1 0 1 0 1 1 1 0 1 0 1 1
 1 1 0 1 1 0 1 1 1 1 1 0 0 1 1 1 1 1 1 1 1 1 1 1 0 1 0 0 0 1 1 1 1 0 0 1 0
 0 1 1 1 1 0 0 0 0 0 1 1 1 1 0 0 0 1 0 1 1 0 1 1 1 1]
 Training accuracy at 3500 out of 20000 is 0.739(0.510),cost is 3.925(0.722)
[0 1 0 0 1 1 0 1 0 0 1 1 1 1 0 1 1 0 0 0 1 1 0 0 1 1 0 1 0 1 1 1 0 1 0 0 1
 1 1 0 1 1 0 1 1 1 1 1 0 0 1 1 1 1 1 1 1 1 1 1 1 0 1 0 0 0 1 1 1 1 0 0 1 0
 0 1 1 1 1 0 0 0 0 0 1 1 1 1 0 0 0 1 0 1 1 0 1 1 1 1]
 Training accuracy at 3600 out of 20000 is 0.746(0.500),cost is 3.896(0.721)
[0 1 0 0 1 1 0 1 0 0 1 1 1 1 0 1 1 0 0 0 1 1 0 0 1 1 0 1 0 1 1 1 0 1 0 0 1
 1 1 0 1 1 0 1 1 1 1 1 0 0 1 0 1 1 1 1 1 1 1 1 1 0 1 0 0 0 1 1 1 1 0 0 1 0
 0 1 1 1 1 0 0 0 0 0 1 1 1 1 0 0 0 1 0 1 1 0 1 1 1 1]
 Training accuracy at 3700 out of 20000 is 0.751(0.510),cost is 3.865(0.722)
[0 1 0 0 1 1 1 1 0 0 1 1 1 1 0 1 1 0 0 0 1 1 0 0 1 1 0 1 0 1 1 1 0 1 0 0 1
 1 1 0 1 1 0 1 1 1 1 1 0 0 1 1 1 1 1 1 1 1 1 1 1 0 1 0 0 0 1 1 1 1 0 0 1 0
 0 1 1 1 1 0 0 0 0 0 1 1 1 1 0 0 0 1 0 1 1 0 1 1 1 1]
 Training accuracy at 3800 out of 20000 is 0.754(0.510),cost is 3.835(0.725)
[0 1 0 0 1 1 0 1 0 0 1 1 1 1 0 1 1 0 0 0 1 1 0 0 1 1 0 1 0 1 1 1 0 1 0 0 1
 1 1 0 1 1 0 1 1 1 1 1 0 0 1 0 1 1 1 1 1 1 1 1 1 0 0 0 0 0 1 1 1 1 0 0 1 0
 0 1 1 1 1 0 0 0 0 0 1 1 1 1 0 0 0 1 0 1 1 0 1 1 1 1]
 Training accuracy at 3900 out of 20000 is 0.754(0.520),cost is 3.805(0.726)
[0 1 0 0 1 1 0 1 0 0 1 1 1 1 0 1 1 0 0 0 1 1 0 0 1 1 0 1 0 1 1 1 0 1 0 0 1
 1 1 0 1 1 0 1 1 1 1 1 0 0 1 1 1 1 1 1 1 1 1 1 1 0 0 0 0 0 1 1 1 1 0 0 1 0
 0 1 1 1 1 0 0 0 0 0 1 1 1 1 0 0 0 1 0 1 1 0 1 1 1 1]
 Training accuracy at 4000 out of 20000 is 0.764(0.510),cost is 3.774(0.726)
[0 1 0 0 1 1 1 1 0 0 1 1 1 1 0 1 1 0 0 0 1 1 0 0 1 1 0 1 0 1 1 1 0 1 0 0 1
 1 1 0 1 1 0 1 1 1 1 1 0 0 1 1 1 1 1 1 1 1 1 1 1 0 0 0 0 0 1 0 1 1 0 0 1 0
 0 1 1 1 1 0 0 0 0 0 1 1 1 1 0 0 0 1 0 1 1 0 1 1 1 1]
 Training accuracy at 4100 out of 20000 is 0.771(0.510),cost is 3.746(0.726)
[0 1 0 0 1 1 1 1 0 0 1 1 1 1 0 1 1 0 0 0 1 1 0 0 1 1 0 1 0 1 1 1 0 1 0 0 1
 1 1 0 1 1 0 1 1 1 1 1 0 0 1 0 1 1 1 1 1 1 1 1 1 0 0 0 0 0 1 0 1 1 0 0 1 0
 0 1 1 1 1 0 0 0 0 0 1 1 1 1 0 0 0 1 0 1 1 0 1 1 1 1]
 Training accuracy at 4200 out of 20000 is 0.772(0.520),cost is 3.717(0.727)
[0 1 0 0 1 1 1 1 0 0 1 1 1 1 0 1 1 0 0 0 1 1 0 0 1 1 0 1 0 1 1 1 0 1 0 0 1
 1 1 0 0 1 0 1 1 1 1 1 0 0 0 0 1 1 1 1 1 1 1 1 1 0 0 0 0 0 1 0 1 1 0 0 1 0
 0 1 1 1 1 0 0 0 0 0 1 1 1 1 0 0 0 1 0 1 1 0 1 1 1 1]
 Training accuracy at 4300 out of 20000 is 0.774(0.520),cost is 3.686(0.727)
[0 1 0 0 1 1 1 1 0 0 1 1 1 1 0 1 1 0 0 0 1 1 0 0 1 1 0 1 0 1 1 1 0 1 0 0 1
 1 1 0 0 1 0 1 1 1 1 1 0 0 1 0 1 1 1 1 1 1 1 1 1 0 0 0 0 0 1 0 1 1 0 0 1 0
 0 1 1 1 1 0 0 0 0 0 1 1 1 1 0 0 0 1 0 1 1 0 1 1 1 1]
 Training accuracy at 4400 out of 20000 is 0.772(0.530),cost is 3.655(0.728)
[0 1 0 0 1 1 1 1 0 0 1 1 1 1 0 1 1 0 0 0 1 1 0 0 1 1 0 1 0 1 1 1 0 1 0 0 1
 1 1 0 0 1 0 1 1 1 1 1 0 0 0 0 1 1 1 1 1 1 1 1 1 0 0 0 0 0 1 0 1 1 0 0 1 0
 0 1 0 1 1 0 0 0 0 0 1 1 1 1 0 0 0 1 0 1 1 0 1 1 1 1]
 Training accuracy at 4500 out of 20000 is 0.782(0.530),cost is 3.625(0.728)
[0 1 0 0 1 1 0 1 0 0 1 1 1 1 0 1 1 0 0 0 1 1 0 0 1 1 0 1 0 1 1 1 0 1 0 0 1
 1 1 0 0 1 0 1 1 1 1 1 0 0 0 0 1 1 1 1 1 1 1 1 1 0 0 0 0 0 1 0 1 1 0 0 1 0
 0 1 0 1 1 0 0 0 0 0 1 1 1 1 0 0 0 1 0 1 1 0 1 1 1 1]
 Training accuracy at 4600 out of 20000 is 0.787(0.520),cost is 3.596(0.728)
[0 1 0 0 1 1 1 1 0 0 1 1 1 1 0 1 1 0 0 0 1 1 0 0 1 1 0 1 0 1 1 1 0 1 0 0 1
 1 1 0 0 1 0 1 1 1 1 1 0 0 0 0 1 1 1 1 1 1 1 1 1 0 0 0 0 0 1 0 1 1 0 0 1 0
 0 1 0 1 1 0 0 0 0 0 1 1 1 1 0 0 0 1 0 1 1 0 1 1 1 1]
 Training accuracy at 4700 out of 20000 is 0.790(0.530),cost is 3.565(0.731)
[0 1 0 0 1 1 1 1 0 0 1 1 1 1 0 1 1 0 0 0 1 1 0 0 1 1 0 1 0 1 1 1 0 1 0 0 1
 1 1 0 0 1 0 1 1 1 1 1 0 0 1 0 1 1 1 1 1 1 1 1 1 0 0 0 0 0 1 0 1 1 0 0 1 0
 0 1 0 1 1 1 0 0 0 0 1 1 1 1 0 0 0 1 0 1 1 0 1 1 1 1]
 Training accuracy at 4800 out of 20000 is 0.793(0.530),cost is 3.535(0.732)
[0 1 0 0 1 1 1 1 0 0 1 0 1 1 0 1 1 0 0 0 1 1 0 0 1 1 0 1 0 1 1 1 0 1 0 0 1
 1 1 0 0 1 0 1 1 1 1 1 0 0 1 0 1 1 1 1 1 1 1 1 1 0 0 0 0 0 1 0 1 1 0 0 1 0
 0 1 0 1 1 1 0 0 0 0 1 1 1 1 0 0 0 1 0 1 1 0 1 1 1 1]
 Training accuracy at 4900 out of 20000 is 0.797(0.540),cost is 3.504(0.733)
[0 1 0 0 1 1 1 1 0 0 1 0 1 1 0 1 1 0 0 0 1 1 0 0 1 1 0 1 0 1 1 0 0 1 0 0 1
 1 1 0 0 1 0 1 1 1 1 1 0 0 1 0 1 1 1 1 1 1 1 1 1 0 0 0 0 0 1 0 1 1 0 0 1 0
 0 1 0 1 1 1 0 0 0 0 1 1 1 1 0 0 0 1 0 1 1 0 1 1 1 1]
 Training accuracy at 5000 out of 20000 is 0.810(0.550),cost is 3.474(0.733)
[0 1 0 0 1 1 1 1 0 0 1 0 1 1 0 1 1 0 0 0 1 1 0 0 1 1 0 1 0 1 1 0 0 1 0 0 1
 1 1 0 0 1 0 1 1 1 1 1 0 0 1 0 1 1 1 1 1 1 1 1 1 0 0 0 0 0 1 0 1 1 0 0 1 0
 0 1 0 1 1 1 0 0 0 0 1 1 1 1 0 0 0 1 0 1 1 0 1 1 1 1]
 Training accuracy at 5100 out of 20000 is 0.811(0.550),cost is 3.444(0.735)
[0 1 0 0 1 1 1 1 0 0 1 0 1 1 0 1 1 0 0 0 1 1 0 0 1 1 0 1 0 1 1 0 0 1 0 0 1
 1 1 0 0 1 0 1 1 1 1 1 0 0 1 0 1 1 1 1 1 1 1 1 1 0 0 0 0 0 1 0 1 1 0 0 1 0
 0 1 0 0 1 1 0 0 0 0 1 1 1 1 0 0 0 1 0 1 1 0 1 1 1 1]
 Training accuracy at 5200 out of 20000 is 0.811(0.540),cost is 3.416(0.736)
[0 1 0 0 1 1 1 1 0 0 1 0 1 1 0 1 1 0 0 0 1 1 0 0 1 1 0 1 0 1 1 0 0 1 0 0 1
 1 1 0 0 1 0 1 1 1 1 1 0 0 1 0 1 1 1 1 1 1 1 1 1 0 0 0 0 0 1 0 1 1 0 0 1 0
 0 1 0 0 1 1 0 0 0 0 1 1 1 1 0 0 0 1 0 1 1 0 1 1 1 1]
 Training accuracy at 5300 out of 20000 is 0.813(0.540),cost is 3.385(0.739)
[0 1 0 0 1 1 1 1 0 0 1 0 1 1 0 1 1 0 0 0 1 1 0 0 1 1 0 1 0 1 1 0 0 1 0 0 1
 1 1 0 0 1 0 1 1 1 1 1 0 0 1 0 1 1 1 1 1 1 1 1 1 0 0 0 0 0 1 0 1 1 0 0 1 0
 0 1 0 1 1 1 0 0 0 0 1 1 1 1 0 0 0 1 0 1 1 0 1 1 1 1]
 Training accuracy at 5400 out of 20000 is 0.816(0.550),cost is 3.354(0.740)
[0 1 0 0 1 1 1 1 0 0 1 0 1 1 0 1 1 0 0 0 1 1 0 0 1 1 0 1 0 1 1 0 0 1 0 0 1
 1 1 0 0 1 0 1 1 1 1 1 0 0 1 0 1 1 1 1 1 1 1 1 1 0 0 0 0 0 1 0 1 1 0 0 1 0
 0 1 0 0 1 1 0 0 0 0 1 1 1 1 0 0 0 1 0 1 1 0 1 1 1 1]
 Training accuracy at 5500 out of 20000 is 0.817(0.540),cost is 3.325(0.741)
[0 1 0 0 1 1 1 1 0 0 1 0 1 1 0 1 1 0 0 0 1 1 0 0 1 1 0 1 0 1 1 0 0 1 0 0 1
 1 1 0 0 1 0 1 1 1 1 1 0 0 1 0 1 1 1 1 1 1 1 1 1 0 0 0 0 0 1 0 1 1 0 0 1 0
 0 1 0 0 1 1 0 0 0 0 1 1 1 1 0 0 0 1 0 1 1 0 1 1 1 1]
 Training accuracy at 5600 out of 20000 is 0.821(0.540),cost is 3.296(0.741)
[0 1 0 0 1 0 1 1 0 0 1 0 1 1 0 1 0 0 0 0 1 1 0 0 1 1 0 1 0 1 1 0 0 1 0 0 1
 1 1 0 0 1 0 1 1 1 1 1 0 0 1 0 1 1 1 1 1 1 1 1 1 0 0 0 0 0 1 0 1 1 0 0 1 0
 0 1 0 0 1 1 0 0 0 0 1 1 1 1 0 0 0 1 0 1 1 0 1 1 1 1]
 Training accuracy at 5700 out of 20000 is 0.824(0.540),cost is 3.267(0.742)
[0 1 0 0 1 1 1 1 0 0 1 0 1 1 0 1 1 0 0 0 1 1 0 0 1 1 0 1 0 1 1 0 0 1 0 0 1
 1 1 0 0 1 0 1 1 1 1 1 0 0 1 0 1 1 1 1 1 1 1 1 1 0 0 0 0 0 1 0 1 1 0 0 1 0
 0 1 0 0 1 1 0 0 0 0 1 1 1 1 0 0 0 1 0 1 1 0 1 1 1 1]
 Training accuracy at 5800 out of 20000 is 0.826(0.540),cost is 3.237(0.745)
[0 1 0 0 1 1 1 1 0 0 1 0 1 1 0 1 1 0 0 0 1 1 0 0 1 1 0 1 0 1 1 0 0 1 0 0 1
 1 1 0 0 1 0 1 1 1 1 1 0 0 1 0 1 1 1 1 1 1 1 1 1 0 0 0 0 0 1 0 1 1 0 0 1 0
 0 1 0 0 1 1 0 0 0 0 1 1 1 1 0 0 0 1 0 1 1 0 1 1 1 1]
 Training accuracy at 5900 out of 20000 is 0.824(0.540),cost is 3.208(0.744)
[0 1 0 0 1 1 1 1 0 0 1 0 1 1 0 1 0 0 0 0 1 1 0 0 1 1 0 1 0 1 1 0 0 1 0 0 1
 1 1 0 0 1 0 1 1 1 1 1 0 0 1 0 1 1 1 1 1 1 1 1 1 0 0 0 0 0 1 0 1 1 0 0 1 0
 0 1 0 0 1 1 0 0 0 0 1 1 1 1 0 0 0 1 0 1 1 0 1 1 1 1]
 Training accuracy at 6000 out of 20000 is 0.826(0.550),cost is 3.179(0.745)
[0 1 0 0 1 1 1 1 0 1 1 0 1 1 0 1 0 0 0 0 1 1 0 0 1 1 0 1 0 1 1 0 0 1 0 0 1
 1 1 0 0 1 0 1 1 1 1 1 0 0 1 0 1 1 1 1 1 1 1 1 1 0 0 0 0 0 1 0 1 1 0 0 1 0
 0 1 0 0 1 1 0 0 0 0 1 1 1 1 0 0 0 1 0 1 1 0 1 1 1 1]
 Training accuracy at 6100 out of 20000 is 0.830(0.560),cost is 3.150(0.750)
[0 1 0 0 1 1 1 1 0 1 1 0 1 1 0 1 1 0 0 0 1 1 0 0 1 1 0 1 0 1 1 0 0 1 0 0 1
 1 1 0 0 1 0 1 1 1 1 1 0 0 1 0 1 1 1 1 1 1 1 1 1 0 0 0 0 0 1 0 1 1 0 0 1 0
 0 1 0 0 1 1 0 0 0 0 1 1 1 1 0 0 0 1 0 1 1 0 1 1 1 1]
 Training accuracy at 6200 out of 20000 is 0.831(0.550),cost is 3.120(0.753)
[0 1 0 0 1 1 1 1 0 0 1 0 1 1 0 1 0 0 0 0 1 1 0 0 1 1 0 1 0 1 1 0 0 1 0 0 1
 1 1 0 0 1 0 1 1 1 1 1 0 0 1 0 1 1 1 1 1 1 1 1 1 0 0 0 0 0 1 0 1 1 0 0 1 0
 0 1 0 0 1 1 0 0 0 0 1 1 1 1 0 0 0 1 0 1 1 0 1 1 1 1]
 Training accuracy at 6300 out of 20000 is 0.830(0.550),cost is 3.093(0.752)
[0 1 0 0 1 1 1 1 0 1 1 0 1 1 0 1 0 0 0 0 1 1 0 0 1 1 0 1 0 1 1 0 0 1 0 0 1
 1 1 0 0 1 0 1 1 1 1 1 0 0 1 0 1 1 1 1 1 1 1 1 1 0 0 0 0 0 1 0 1 1 0 0 1 0
 0 1 0 0 1 1 0 0 0 0 1 1 1 1 0 0 0 1 0 1 1 0 1 1 1 1]
 Training accuracy at 6400 out of 20000 is 0.836(0.560),cost is 3.065(0.753)
[0 1 0 0 1 1 1 1 0 1 1 0 1 1 0 1 0 0 0 0 1 1 0 0 1 1 0 1 0 1 1 0 0 1 0 0 1
 1 1 0 0 1 0 1 1 1 1 1 0 0 1 0 1 1 1 1 1 1 1 1 0 0 0 0 0 0 1 0 1 1 0 0 1 0
 0 1 0 0 1 1 0 0 0 0 1 1 1 1 0 0 0 1 0 1 1 0 1 1 1 1]
 Training accuracy at 6500 out of 20000 is 0.834(0.570),cost is 3.035(0.754)
[0 1 0 0 1 0 1 1 0 1 1 0 1 1 0 1 0 0 0 0 1 1 0 0 1 1 0 1 0 1 1 0 0 1 0 0 1
 1 1 0 0 1 0 1 1 1 1 1 0 0 1 0 1 1 1 1 1 1 1 1 0 0 0 0 0 0 1 0 1 1 0 0 1 0
 0 1 0 0 1 1 0 0 0 0 1 1 1 1 0 0 0 1 0 1 1 0 1 1 1 1]
 Training accuracy at 6600 out of 20000 is 0.840(0.560),cost is 3.007(0.754)
[0 1 0 0 1 0 1 1 0 1 1 0 1 1 0 1 0 0 0 0 1 1 0 0 1 1 0 1 0 1 1 0 0 1 0 0 1
 1 1 0 0 1 0 1 1 1 1 1 0 0 1 0 1 1 1 1 1 1 1 1 0 0 0 0 0 0 1 0 1 1 0 0 1 0
 0 1 0 0 1 1 0 0 0 0 1 1 1 1 0 0 0 1 0 1 1 0 1 1 1 1]
 Training accuracy at 6700 out of 20000 is 0.840(0.560),cost is 2.980(0.754)
[0 1 0 0 1 0 1 1 0 1 1 0 0 1 0 1 0 0 0 0 1 1 0 0 1 1 0 1 0 1 1 0 0 1 0 0 1
 1 1 0 0 1 0 1 1 1 1 1 0 0 1 0 1 1 1 1 1 1 1 1 0 0 0 0 0 0 1 0 1 1 0 0 1 0
 0 1 0 0 1 1 0 0 0 0 1 1 1 1 0 0 0 1 0 1 1 0 1 1 1 1]
 Training accuracy at 6800 out of 20000 is 0.837(0.570),cost is 2.952(0.758)
[0 1 0 0 1 0 1 1 0 1 1 0 0 1 0 1 0 0 0 0 1 1 0 0 1 1 0 1 0 1 1 0 0 1 0 0 1
 1 1 0 0 1 0 1 1 1 1 1 0 0 1 0 1 1 1 1 1 1 1 1 0 0 0 0 0 0 1 0 1 1 0 0 1 0
 0 1 0 0 1 1 0 0 0 0 1 1 1 1 0 0 0 1 0 1 1 0 1 1 1 1]
 Training accuracy at 6900 out of 20000 is 0.847(0.570),cost is 2.925(0.761)
[0 1 0 0 1 1 1 1 0 1 1 0 0 1 0 1 0 0 0 0 1 1 0 0 1 1 0 1 0 1 1 0 0 1 0 0 1
 1 1 0 0 1 0 1 1 1 1 1 0 0 1 0 1 1 1 1 1 1 1 1 0 0 0 0 0 0 1 0 1 1 0 0 1 0
 0 1 0 0 1 1 0 0 0 0 1 1 1 1 0 0 0 1 0 1 1 0 1 1 1 1]
 Training accuracy at 7000 out of 20000 is 0.846(0.580),cost is 2.899(0.765)
[0 1 0 0 1 0 1 1 0 1 1 0 0 1 0 1 0 0 0 0 1 1 0 0 1 1 0 1 0 1 1 0 0 1 0 0 1
 1 1 0 0 1 0 1 1 1 1 1 0 0 1 0 1 1 1 1 1 1 1 1 0 0 0 0 0 0 1 0 1 1 0 0 1 0
 0 1 0 0 1 1 0 0 0 0 1 1 1 1 0 0 0 1 0 1 1 0 1 1 1 1]
 Training accuracy at 7100 out of 20000 is 0.846(0.570),cost is 2.872(0.766)
[0 1 0 0 1 0 1 1 0 1 1 0 0 1 0 1 0 0 0 0 1 1 0 0 1 1 0 1 0 1 1 0 0 1 0 0 1
 1 1 0 0 1 0 1 1 1 1 1 0 0 1 0 1 1 1 1 1 1 1 1 0 0 0 0 0 0 1 0 1 1 0 0 0 0
 0 1 0 0 1 1 0 0 0 0 1 1 1 1 0 0 0 1 0 1 1 0 1 1 1 1]
 Training accuracy at 7200 out of 20000 is 0.840(0.580),cost is 2.845(0.767)
[0 1 0 0 1 0 1 1 0 1 1 0 0 1 0 1 0 0 0 0 1 1 0 0 1 1 0 1 1 1 1 0 0 1 0 0 1
 1 1 0 0 1 0 1 1 1 1 1 0 0 1 0 1 1 1 1 1 1 1 1 0 0 0 0 0 0 1 0 1 1 1 0 1 0
 0 1 0 0 1 1 0 0 0 0 1 1 1 1 0 0 0 1 0 1 1 0 1 1 1 1]
 Training accuracy at 7300 out of 20000 is 0.850(0.570),cost is 2.817(0.771)
[0 1 0 0 1 0 1 1 0 1 1 0 0 1 0 1 0 0 0 0 1 1 0 0 1 1 0 1 0 1 1 0 0 1 0 0 1
 1 1 0 0 1 0 1 1 1 1 1 0 0 1 0 1 1 1 1 1 1 1 1 0 0 0 0 0 0 1 0 1 1 0 0 1 0
 0 1 0 0 1 1 0 0 0 0 1 1 1 1 0 0 0 1 0 1 1 0 1 1 1 1]
 Training accuracy at 7400 out of 20000 is 0.850(0.570),cost is 2.792(0.772)
[0 1 0 0 1 0 1 1 0 1 1 0 0 1 0 1 0 0 0 0 1 1 0 0 1 1 0 1 0 1 1 0 0 1 0 0 1
 1 1 0 0 1 0 1 1 1 1 1 0 0 1 0 1 1 1 1 1 1 1 1 0 0 0 0 0 0 1 0 1 1 0 0 1 0
 0 1 0 0 1 1 0 0 0 0 1 1 1 1 0 0 0 1 0 1 1 0 1 1 1 1]
 Training accuracy at 7500 out of 20000 is 0.854(0.570),cost is 2.765(0.772)
[0 1 0 0 1 0 1 1 0 1 1 0 0 1 0 1 0 0 0 0 1 1 0 0 1 1 0 1 1 1 1 0 0 1 0 0 1
 1 1 0 0 1 0 1 1 1 1 1 0 0 1 0 1 1 1 1 1 1 1 1 0 0 0 0 0 0 1 0 1 1 1 0 1 0
 0 1 0 0 1 1 0 0 0 0 1 1 1 1 0 0 0 1 0 1 1 0 1 1 1 1]
 Training accuracy at 7600 out of 20000 is 0.854(0.570),cost is 2.738(0.777)
[0 1 0 0 1 0 1 1 0 1 1 0 0 1 0 1 0 0 0 0 1 1 0 0 1 1 0 1 1 1 1 0 0 1 0 0 1
 1 1 0 0 1 0 1 1 1 1 1 0 0 1 0 1 1 1 1 1 1 1 1 0 0 0 0 0 0 1 0 1 1 1 0 1 0
 0 1 0 0 1 1 0 0 0 0 1 1 1 1 0 0 0 1 0 1 1 0 1 1 1 1]
 Training accuracy at 7700 out of 20000 is 0.862(0.570),cost is 2.710(0.783)
[0 1 0 0 1 0 1 1 0 1 1 0 0 1 0 1 0 0 0 0 1 1 0 0 1 1 0 1 1 1 1 0 0 1 0 0 1
 1 1 0 0 1 0 1 1 1 1 1 0 0 1 0 1 1 1 1 1 1 1 1 0 0 0 0 0 0 1 0 1 1 1 0 1 0
 0 1 0 0 1 1 0 0 0 0 1 1 1 1 0 0 0 1 0 1 1 0 1 1 1 1]
 Training accuracy at 7800 out of 20000 is 0.865(0.570),cost is 2.684(0.786)
[0 1 0 0 1 0 1 1 0 1 1 0 0 1 0 1 0 0 0 0 1 1 0 0 1 1 0 1 1 1 1 0 0 1 0 0 1
 1 1 0 0 1 0 1 1 1 1 1 0 0 1 0 1 1 1 1 1 1 1 1 0 0 0 0 0 0 1 0 1 1 1 0 1 0
 0 1 0 0 1 1 0 0 0 0 1 1 1 1 0 0 0 1 0 1 1 0 1 1 1 1]
 Training accuracy at 7900 out of 20000 is 0.862(0.570),cost is 2.657(0.786)
[0 1 0 0 1 0 1 1 0 1 1 0 0 1 0 1 0 0 0 0 1 1 0 0 1 1 0 1 1 1 1 0 0 1 0 0 1
 1 1 0 0 1 0 1 1 1 1 1 0 0 1 0 1 1 1 1 1 1 1 1 0 0 0 0 0 0 1 0 1 1 1 0 1 0
 0 1 0 0 1 1 0 0 0 0 1 1 1 1 0 0 0 1 0 1 1 0 1 1 1 1]
 Training accuracy at 8000 out of 20000 is 0.863(0.570),cost is 2.634(0.791)
[0 1 0 0 1 0 1 1 0 1 1 0 0 1 0 1 0 0 0 0 1 1 0 0 1 1 0 1 1 1 1 0 0 1 0 0 1
 1 1 0 0 1 0 1 1 1 1 1 0 0 1 0 1 1 1 1 1 1 1 1 0 0 0 0 0 0 1 0 1 1 1 0 1 0
 0 1 0 0 1 1 0 0 0 0 1 1 1 1 0 0 0 1 0 1 1 0 1 1 1 1]
 Training accuracy at 8100 out of 20000 is 0.870(0.570),cost is 2.607(0.791)
[0 1 0 0 1 0 1 1 0 1 1 0 0 1 0 1 0 0 0 0 1 1 0 0 1 1 0 1 1 1 1 0 0 1 0 0 1
 1 1 0 0 1 0 1 1 1 1 1 0 0 1 0 1 1 1 1 1 1 1 1 0 0 0 0 0 0 1 0 1 1 1 0 1 0
 0 1 0 0 1 1 0 0 0 0 1 1 1 1 0 0 0 1 0 1 1 0 1 1 1 1]
 Training accuracy at 8200 out of 20000 is 0.878(0.570),cost is 2.583(0.794)
[0 1 0 0 1 0 1 1 0 1 1 0 0 1 0 1 0 0 0 0 1 1 0 0 1 1 0 1 1 1 1 0 0 1 0 0 1
 1 1 0 0 1 0 1 1 1 1 1 0 0 1 0 1 1 1 1 1 1 1 1 0 0 0 0 0 0 1 0 1 1 1 0 0 0
 0 1 0 0 1 1 0 0 0 0 1 1 1 1 0 0 0 1 0 1 1 0 1 1 1 1]
 Training accuracy at 8300 out of 20000 is 0.878(0.580),cost is 2.560(0.795)
[0 1 0 0 1 0 1 1 0 1 1 0 0 1 0 1 0 0 0 0 1 1 0 0 1 1 0 1 1 1 1 0 0 1 0 0 1
 1 1 0 0 1 0 1 1 1 1 1 0 0 1 0 1 1 1 1 1 1 1 1 0 0 0 0 0 0 1 0 1 1 1 0 0 0
 0 1 0 0 1 1 0 0 0 0 1 1 1 1 0 0 0 1 0 1 1 0 1 1 1 1]
 Training accuracy at 8400 out of 20000 is 0.879(0.580),cost is 2.534(0.800)
[0 1 0 0 1 0 1 1 0 1 1 0 0 1 0 1 0 0 0 0 1 1 0 0 1 1 0 1 1 1 1 0 0 1 0 0 1
 1 1 0 0 1 0 1 1 1 1 1 0 0 1 0 1 1 1 1 1 1 1 1 0 0 0 0 0 0 1 0 1 1 1 0 1 0
 0 1 0 0 1 1 0 0 0 0 1 1 1 1 0 0 0 1 0 1 1 0 1 1 1 1]
 Training accuracy at 8500 out of 20000 is 0.882(0.570),cost is 2.509(0.807)
[0 1 0 0 1 0 1 1 0 1 1 0 0 1 0 1 0 0 0 0 1 1 0 0 1 1 0 1 1 1 1 0 0 1 0 0 1
 1 1 0 0 1 0 1 1 1 1 1 0 0 1 0 1 1 1 1 1 1 1 1 0 0 0 0 0 0 1 0 1 1 1 0 1 0
 0 1 0 0 1 1 0 0 0 0 1 1 1 1 0 0 0 1 0 1 1 0 1 1 1 1]
 Training accuracy at 8600 out of 20000 is 0.880(0.570),cost is 2.483(0.809)
[0 1 0 0 0 0 0 1 0 1 1 0 0 1 0 1 0 0 0 0 1 1 0 0 1 1 0 1 1 1 1 0 0 1 0 0 1
 1 1 0 0 1 0 1 1 1 1 1 0 0 1 0 1 1 1 1 1 1 1 1 0 0 0 0 0 0 1 0 1 1 1 0 1 0
 0 1 0 0 1 1 0 0 0 0 1 1 1 1 0 0 0 1 0 1 1 0 1 1 1 1]
 Training accuracy at 8700 out of 20000 is 0.885(0.570),cost is 2.458(0.809)
[0 1 0 0 0 0 0 1 0 1 1 0 0 1 0 0 0 0 0 0 1 1 0 0 1 1 0 1 1 1 1 0 0 1 0 0 1
 1 1 0 0 1 0 1 1 1 1 1 0 0 1 0 1 1 1 1 1 1 1 1 0 0 0 0 0 0 1 0 1 1 1 0 1 0
 0 1 0 0 1 1 0 0 0 0 1 1 1 1 0 0 0 1 0 1 1 0 1 1 1 1]
 Training accuracy at 8800 out of 20000 is 0.889(0.580),cost is 2.434(0.814)
[0 1 0 0 1 0 1 1 0 1 1 0 0 1 0 1 0 0 0 0 1 1 0 0 1 1 0 1 1 1 1 0 0 1 0 0 1
 1 1 0 0 1 0 1 1 1 1 1 0 0 1 0 1 1 1 1 1 1 1 1 0 0 0 0 0 0 1 0 1 1 1 0 1 0
 1 1 0 0 1 1 0 0 0 0 1 1 1 1 0 0 0 1 0 1 1 0 1 1 1 1]
 Training accuracy at 8900 out of 20000 is 0.893(0.580),cost is 2.412(0.817)
[0 1 0 0 1 0 1 1 0 1 1 0 0 1 0 1 0 0 0 0 1 1 0 0 1 1 0 1 1 1 1 0 0 1 0 0 1
 1 1 0 0 1 0 1 1 1 1 1 0 0 1 0 1 1 1 1 1 1 1 1 0 0 0 0 0 0 1 0 1 1 1 0 1 0
 1 1 0 0 1 1 0 0 0 0 1 1 1 1 0 0 0 1 0 1 1 0 1 1 1 1]
 Training accuracy at 9000 out of 20000 is 0.892(0.580),cost is 2.386(0.818)
[0 1 0 0 0 0 0 1 0 1 1 0 0 1 0 0 0 0 0 0 1 1 0 0 1 1 0 1 1 1 0 0 0 1 0 0 1
 1 1 0 0 1 0 1 1 1 1 1 0 0 1 0 1 1 1 1 1 1 1 1 0 0 0 0 0 0 1 0 1 1 1 0 1 0
 0 1 0 0 1 1 0 0 0 0 1 1 1 1 0 0 0 1 0 1 1 0 1 1 1 1]
 Training accuracy at 9100 out of 20000 is 0.896(0.590),cost is 2.361(0.817)
[0 1 0 0 0 0 0 1 0 1 1 0 0 1 0 0 0 0 0 0 1 1 0 0 1 1 0 1 1 1 0 0 0 1 0 0 1
 1 1 0 0 1 0 1 1 1 1 1 0 0 1 0 1 1 1 1 1 1 1 1 0 0 0 0 0 0 1 0 1 1 1 0 1 0
 1 1 0 0 1 1 0 0 0 0 1 1 1 1 0 0 0 1 0 1 1 0 1 1 1 1]
 Training accuracy at 9200 out of 20000 is 0.896(0.600),cost is 2.337(0.822)
[0 1 0 0 0 0 0 1 0 1 1 0 0 1 0 0 0 0 0 0 1 1 0 0 1 1 0 1 1 1 0 0 0 1 0 0 1
 1 1 0 0 1 0 1 1 1 1 1 0 0 1 0 1 1 1 1 1 1 1 1 0 0 0 0 0 0 1 0 1 1 1 0 1 0
 1 1 0 0 1 1 0 0 0 0 1 1 1 1 0 0 0 1 0 1 1 0 1 1 1 1]
 Training accuracy at 9300 out of 20000 is 0.898(0.600),cost is 2.315(0.823)
[0 1 0 0 0 0 0 1 0 1 1 0 0 1 0 0 0 0 0 0 1 1 0 0 1 1 0 1 1 1 0 0 0 1 0 0 1
 1 1 0 0 1 0 1 1 1 1 1 0 0 1 0 1 1 1 1 1 1 1 1 0 0 0 0 0 0 1 0 1 1 1 0 1 0
 1 1 0 0 1 1 0 0 0 0 1 1 1 1 0 0 0 1 0 1 1 0 1 1 1 1]
 Training accuracy at 9400 out of 20000 is 0.902(0.600),cost is 2.289(0.827)
[0 1 0 0 0 0 0 1 0 1 1 0 0 1 0 0 0 0 0 0 1 1 0 0 1 1 0 1 1 1 0 0 0 1 0 0 1
 1 1 0 0 1 0 1 1 1 1 1 0 0 1 0 1 1 1 1 1 1 1 1 0 0 0 0 0 0 1 0 1 1 1 0 1 0
 1 1 0 0 1 1 0 0 0 0 1 1 1 1 0 0 0 1 0 1 1 0 1 1 1 1]
 Training accuracy at 9500 out of 20000 is 0.906(0.600),cost is 2.264(0.831)
[0 1 0 0 0 0 1 1 0 1 1 0 0 1 0 0 0 0 0 0 1 1 0 0 1 1 0 1 1 1 0 0 0 1 0 0 1
 1 1 0 0 1 0 1 1 1 1 1 0 0 1 0 1 1 1 1 1 1 1 1 0 0 0 0 0 0 1 0 1 1 1 0 1 0
 1 1 0 0 1 1 0 0 0 0 1 1 1 1 0 0 0 1 0 1 1 0 1 1 1 1]
 Training accuracy at 9600 out of 20000 is 0.899(0.610),cost is 2.243(0.837)
[0 1 0 0 0 0 1 1 0 1 1 0 0 1 0 0 0 0 0 0 1 1 0 0 1 1 0 1 1 1 0 0 0 1 0 0 1
 1 1 0 0 1 0 1 1 1 1 1 0 0 1 0 1 1 1 1 1 1 1 1 0 0 0 0 0 0 1 0 1 1 1 0 1 0
 1 1 0 0 0 1 0 0 0 0 1 1 1 1 0 0 0 1 0 1 1 0 1 1 1 1]
 Training accuracy at 9700 out of 20000 is 0.908(0.620),cost is 2.216(0.837)
[0 1 0 0 0 0 1 1 0 1 1 0 0 1 0 0 0 0 0 0 1 1 0 0 1 1 0 1 1 1 0 0 0 1 0 0 1
 1 1 0 0 1 0 1 1 1 1 1 0 0 1 0 1 1 1 1 1 1 1 1 0 0 0 0 0 0 1 0 1 1 1 0 1 0
 1 1 0 0 0 1 0 0 0 0 1 1 1 1 0 0 0 1 0 1 1 0 1 1 1 1]
 Training accuracy at 9800 out of 20000 is 0.908(0.620),cost is 2.194(0.844)
[0 1 0 0 0 0 0 1 0 1 1 0 0 1 0 0 0 0 0 0 1 1 0 0 1 1 0 1 1 1 0 0 0 1 0 0 1
 1 1 0 0 1 0 1 1 1 1 1 0 0 1 0 1 1 1 1 1 1 1 1 0 0 0 0 0 0 1 0 1 1 1 0 1 0
 1 1 0 0 0 1 0 0 0 0 1 1 1 1 0 0 0 1 0 1 1 0 1 1 1 1]
 Training accuracy at 9900 out of 20000 is 0.911(0.610),cost is 2.171(0.845)
[0 1 0 0 0 0 0 1 0 1 1 0 0 1 0 0 0 0 0 0 1 1 0 0 1 1 0 1 1 1 0 0 0 1 0 0 1
 1 1 0 0 1 0 1 1 1 1 1 0 0 1 0 1 1 1 1 1 1 1 1 0 0 0 0 0 0 1 0 1 1 1 0 1 0
 1 1 0 0 0 1 0 0 0 0 1 1 1 1 0 0 0 1 0 1 1 0 1 1 1 1]
 Training accuracy at 10000 out of 20000 is 0.903(0.610),cost is 2.150(0.849)
[0 1 0 0 0 0 0 1 0 1 1 0 0 1 0 0 0 0 0 0 1 1 0 0 1 1 0 1 1 1 0 0 0 1 0 0 1
 1 1 0 0 1 0 0 1 1 1 1 0 0 1 0 1 1 1 1 1 1 1 1 0 0 0 0 0 0 1 0 1 1 1 0 1 0
 1 1 0 0 0 1 0 0 0 0 1 1 1 1 0 0 0 1 0 1 1 0 1 1 1 1]
 Training accuracy at 10100 out of 20000 is 0.911(0.620),cost is 2.128(0.855)
[0 1 0 0 0 0 0 1 0 1 1 0 0 1 0 0 0 0 0 0 1 1 0 0 1 1 0 1 1 1 0 0 0 1 0 0 1
 1 1 0 0 1 0 0 1 1 1 1 0 0 1 0 1 1 1 1 1 1 1 1 0 0 0 0 0 0 1 0 1 1 1 0 1 0
 1 1 0 0 0 1 0 0 0 0 1 1 1 1 0 0 0 1 0 1 1 0 1 1 1 1]
 Training accuracy at 10200 out of 20000 is 0.912(0.620),cost is 2.105(0.855)
[0 1 0 0 0 0 0 1 0 1 1 0 0 1 0 0 0 0 0 0 1 1 0 0 1 1 0 1 1 1 0 0 0 1 0 0 1
 1 1 0 0 1 0 1 1 1 1 1 0 0 1 0 1 1 1 1 1 1 1 1 0 0 0 0 0 0 1 0 1 1 1 0 1 0
 1 1 0 0 0 1 0 0 0 0 1 1 1 1 0 0 0 1 0 1 1 0 1 1 1 1]
 Training accuracy at 10300 out of 20000 is 0.912(0.610),cost is 2.080(0.855)
[0 1 0 0 0 0 0 1 0 1 1 0 0 1 0 0 0 0 0 0 1 1 0 0 1 1 0 1 1 1 0 0 0 1 0 0 1
 1 1 0 0 1 0 1 1 1 1 1 0 0 1 0 1 1 1 1 1 1 1 1 0 0 0 0 0 0 1 0 1 1 1 0 1 0
 1 1 0 0 0 1 0 0 0 0 1 1 1 1 0 0 0 1 0 1 1 0 1 1 1 1]
 Training accuracy at 10400 out of 20000 is 0.915(0.610),cost is 2.058(0.858)
[0 1 0 0 0 0 0 1 0 1 1 0 0 1 0 0 0 0 0 0 1 1 0 0 1 1 0 1 1 1 0 0 0 1 0 0 1
 1 1 0 0 1 0 1 1 1 1 1 0 0 1 0 1 1 1 1 1 1 1 1 0 0 0 0 0 0 1 0 1 1 1 0 1 0
 1 1 0 0 0 1 0 0 0 0 1 1 1 1 0 0 0 1 0 1 1 0 1 1 1 1]
 Training accuracy at 10500 out of 20000 is 0.914(0.610),cost is 2.036(0.863)
[0 1 0 0 0 0 0 1 0 1 1 0 0 1 0 0 0 0 0 0 1 1 0 0 1 1 0 1 1 1 0 0 0 1 0 0 1
 1 1 0 0 1 0 1 1 1 1 1 0 0 1 0 1 1 1 1 1 1 1 1 0 0 0 0 0 0 1 0 1 1 1 0 1 1
 1 1 0 0 0 1 0 0 0 0 1 1 1 1 0 0 0 1 0 1 1 0 1 1 1 1]
 Training accuracy at 10600 out of 20000 is 0.916(0.620),cost is 2.013(0.867)
[0 1 0 0 0 0 0 1 0 1 1 0 0 1 0 0 0 0 0 0 1 1 0 0 1 1 0 1 1 1 0 0 0 1 0 0 1
 1 1 0 0 1 0 1 1 1 1 1 0 0 1 0 1 1 1 1 1 1 1 1 0 0 0 0 0 0 1 0 1 1 1 0 1 1
 1 1 0 0 0 1 0 0 0 0 1 1 1 1 0 0 0 1 0 1 1 0 1 1 1 1]
 Training accuracy at 10700 out of 20000 is 0.919(0.620),cost is 1.992(0.868)
[0 1 0 0 0 0 0 1 0 1 1 0 0 1 0 0 0 0 0 0 1 1 0 0 1 1 0 1 1 1 0 0 0 1 0 1 1
 1 1 0 0 1 0 1 1 1 1 1 0 0 1 0 1 1 1 1 1 1 1 1 0 0 0 0 0 0 1 0 1 1 1 0 1 1
 1 1 0 0 0 1 0 0 0 0 1 1 1 1 0 0 0 1 0 1 1 0 1 1 1 1]
 Training accuracy at 10800 out of 20000 is 0.919(0.630),cost is 1.972(0.873)
[0 1 0 0 0 0 0 1 0 1 1 0 0 1 0 0 0 0 0 0 1 1 0 0 1 1 0 1 1 1 0 0 0 1 0 1 1
 1 1 0 0 1 0 1 1 1 1 1 0 0 1 0 1 1 1 1 1 1 1 1 0 0 0 0 0 0 1 0 1 1 1 0 1 1
 1 1 0 0 0 1 0 0 0 0 1 1 1 1 0 0 0 1 0 1 1 0 1 1 1 1]
 Training accuracy at 10900 out of 20000 is 0.921(0.630),cost is 1.952(0.878)
[0 1 0 0 0 0 0 1 0 1 1 0 0 1 0 0 0 0 0 0 1 1 0 0 1 1 0 1 1 1 0 0 0 1 0 1 1
 1 1 0 0 1 0 1 1 1 1 1 0 0 1 0 1 1 1 1 1 1 1 1 0 0 0 0 0 0 1 0 1 1 1 0 1 1
 1 1 0 0 0 1 0 0 0 0 1 1 1 1 0 0 0 1 0 1 1 0 1 1 1 1]
 Training accuracy at 11000 out of 20000 is 0.921(0.630),cost is 1.930(0.882)
[0 1 0 0 0 0 0 1 0 1 1 0 0 1 0 0 0 0 0 0 1 1 0 0 1 1 0 1 1 1 0 0 0 1 0 1 1
 1 1 0 0 1 0 1 1 1 1 1 0 0 1 0 1 1 1 1 1 1 1 1 0 0 0 0 0 0 1 0 1 1 1 0 1 1
 1 1 0 0 0 1 0 0 0 0 1 1 1 1 0 0 0 1 0 1 1 0 1 1 1 1]
 Training accuracy at 11100 out of 20000 is 0.927(0.630),cost is 1.909(0.886)
[0 1 0 0 0 0 0 1 0 1 1 0 0 1 0 0 0 0 0 0 1 1 0 0 1 1 0 1 1 1 0 0 0 1 0 1 1
 1 1 0 0 1 0 0 1 1 1 1 0 0 1 0 1 1 1 1 1 1 1 1 0 0 0 1 0 0 1 0 1 1 1 0 1 1
 1 1 0 0 0 1 0 0 0 0 1 1 1 1 0 0 0 1 0 1 1 0 1 1 1 1]
 Training accuracy at 11200 out of 20000 is 0.928(0.630),cost is 1.887(0.890)
[0 1 0 0 0 0 0 1 0 1 1 0 0 1 0 0 0 0 0 0 1 1 0 0 1 1 0 1 1 1 0 0 0 1 0 1 1
 1 1 0 0 1 0 1 1 1 1 1 0 0 1 0 1 1 1 1 1 1 1 1 0 0 0 1 0 0 1 0 1 1 1 0 1 1
 1 1 0 0 0 1 0 0 0 0 1 1 1 1 0 0 0 1 0 1 1 0 1 1 1 1]
 Training accuracy at 11300 out of 20000 is 0.928(0.620),cost is 1.868(0.900)
[0 1 0 0 0 0 0 1 0 1 1 0 0 1 0 0 0 0 0 0 1 1 0 0 1 1 0 1 1 1 0 0 0 1 0 1 1
 1 1 0 0 1 0 0 1 1 1 1 0 0 1 0 1 1 1 1 1 1 1 1 0 0 0 1 0 0 1 0 1 1 1 0 1 1
 1 1 0 0 0 1 0 0 0 0 1 1 1 1 0 0 0 1 0 1 1 0 1 1 1 1]
 Training accuracy at 11400 out of 20000 is 0.934(0.630),cost is 1.848(0.905)
[0 1 0 0 0 0 0 1 0 1 1 0 0 1 0 0 0 0 0 0 1 1 0 0 1 1 0 1 1 1 0 0 0 1 0 1 1
 1 1 0 0 1 0 1 1 1 1 1 0 0 1 0 1 1 1 1 1 1 1 1 0 0 0 1 0 0 1 0 1 1 1 0 1 1
 1 1 0 0 0 1 0 0 0 0 1 1 1 1 0 0 0 1 0 1 1 0 1 1 1 1]
 Training accuracy at 11500 out of 20000 is 0.932(0.620),cost is 1.825(0.909)
[0 1 0 0 0 0 0 1 0 1 1 0 0 1 0 0 0 0 0 0 1 1 0 0 1 1 0 1 1 1 0 0 0 1 0 1 1
 1 1 0 0 1 0 0 1 1 1 1 0 0 1 0 1 1 1 1 1 1 1 1 0 0 0 0 0 0 1 0 1 1 1 0 1 1
 1 1 0 0 0 1 0 0 0 0 1 1 1 1 0 0 0 1 0 1 1 0 1 1 1 1]
 Training accuracy at 11600 out of 20000 is 0.935(0.640),cost is 1.804(0.906)
[0 1 0 0 0 0 0 1 0 1 1 0 0 1 0 0 0 0 0 0 1 1 0 0 1 1 0 1 1 1 0 0 0 1 0 1 1
 1 1 0 0 1 0 0 1 1 1 1 0 0 1 0 1 1 1 1 1 1 1 1 0 0 0 0 0 0 1 0 1 1 1 0 1 1
 1 1 0 0 0 1 0 0 0 0 1 1 1 1 0 0 0 1 0 1 1 0 1 1 1 1]
 Training accuracy at 11700 out of 20000 is 0.937(0.640),cost is 1.783(0.911)
[0 1 0 0 0 0 0 1 0 1 1 0 0 1 0 0 0 0 0 0 1 1 0 0 1 1 0 1 1 1 0 0 0 1 0 1 1
 1 1 0 0 1 0 0 1 1 1 1 0 0 1 0 1 1 1 1 1 1 1 1 0 0 0 0 0 0 1 0 1 1 1 0 1 1
 1 1 0 0 0 1 0 0 0 0 1 0 1 1 0 0 0 1 0 1 1 0 1 1 1 1]
 Training accuracy at 11800 out of 20000 is 0.937(0.630),cost is 1.764(0.916)
[0 1 0 0 0 0 0 1 0 1 1 0 0 1 0 0 0 0 0 0 1 1 0 0 1 1 0 1 1 1 0 0 0 1 0 0 1
 1 1 0 0 1 0 0 1 1 1 1 0 0 1 0 1 1 1 1 1 1 1 1 0 0 0 0 0 0 1 0 1 1 1 0 1 1
 1 1 0 0 0 1 0 0 0 0 1 0 1 1 0 0 0 1 0 1 1 0 1 1 1 1]
 Training accuracy at 11900 out of 20000 is 0.934(0.620),cost is 1.745(0.920)
[0 1 0 0 0 1 0 1 0 1 1 0 0 1 0 0 0 0 0 0 1 1 0 0 1 1 0 1 1 1 0 0 0 1 0 1 1
 1 1 0 0 1 0 0 1 1 1 1 0 0 1 0 1 1 1 1 1 1 1 1 0 0 0 0 0 0 1 0 1 1 1 0 1 1
 1 1 0 0 0 1 0 0 0 0 1 1 1 1 0 0 0 1 0 1 1 0 1 1 1 1]
 Training accuracy at 12000 out of 20000 is 0.934(0.650),cost is 1.724(0.924)
[0 1 0 0 0 1 0 1 0 1 1 0 0 1 0 0 0 0 0 0 1 1 0 0 1 1 0 1 1 1 0 0 0 1 0 1 1
 1 1 0 0 1 0 0 1 1 1 1 0 0 1 0 1 1 1 1 1 1 1 1 0 0 0 0 0 0 1 0 1 1 1 0 1 1
 1 1 0 0 0 1 0 0 0 0 1 0 1 1 0 0 0 1 0 1 1 0 1 1 1 1]
 Training accuracy at 12100 out of 20000 is 0.938(0.640),cost is 1.707(0.928)
[0 1 0 0 0 1 0 1 0 1 1 0 0 1 0 0 0 0 0 0 1 1 0 0 1 1 0 1 1 1 0 0 0 1 0 1 1
 1 1 0 0 1 0 0 1 1 1 1 0 0 1 0 1 1 1 1 1 1 1 1 0 0 0 0 0 0 1 0 1 1 1 0 1 1
 1 1 0 0 0 1 0 0 0 0 1 0 1 1 0 0 0 1 0 1 1 0 1 1 1 1]
 Training accuracy at 12200 out of 20000 is 0.938(0.640),cost is 1.687(0.929)
[0 1 0 0 0 0 0 1 0 1 1 0 0 1 0 0 0 0 0 0 1 1 0 0 1 1 0 1 1 1 0 0 0 1 0 1 1
 1 1 0 0 1 0 0 1 1 1 1 0 0 1 0 1 1 1 1 1 1 1 1 0 0 0 0 0 0 1 0 1 1 1 0 1 1
 1 1 0 0 0 1 0 0 0 0 1 0 1 1 0 0 0 1 0 1 1 0 1 1 1 1]
 Training accuracy at 12300 out of 20000 is 0.941(0.630),cost is 1.667(0.934)
[0 1 0 0 0 1 0 1 0 1 1 0 0 1 0 0 0 0 0 0 1 1 0 0 1 1 0 1 1 1 0 0 0 1 0 1 1
 1 1 0 0 1 0 0 1 1 1 1 0 0 1 0 1 1 1 1 1 1 1 1 0 0 0 0 0 0 1 0 1 1 1 0 1 1
 1 1 0 0 0 1 0 0 0 0 1 0 1 1 0 0 0 1 0 1 1 0 1 1 1 1]
 Training accuracy at 12400 out of 20000 is 0.945(0.640),cost is 1.650(0.940)
[0 1 0 0 0 1 0 1 0 1 1 0 0 1 0 0 0 0 0 0 1 1 0 0 1 1 0 1 1 1 0 0 0 1 0 1 1
 1 1 0 0 1 0 0 1 1 1 1 0 0 1 0 1 1 1 1 1 1 1 1 0 0 0 1 0 0 1 0 1 1 1 0 1 1
 1 1 0 0 0 1 0 0 0 0 1 0 1 1 0 0 0 1 0 1 1 0 1 1 1 1]
 Training accuracy at 12500 out of 20000 is 0.947(0.630),cost is 1.632(0.949)
[0 1 0 0 0 1 0 1 0 1 1 0 0 1 0 0 0 0 0 0 1 1 0 0 1 1 0 1 1 1 0 0 0 1 0 1 1
 1 1 0 0 1 0 0 1 1 1 1 0 0 1 0 1 1 1 1 1 1 1 0 0 0 0 0 0 0 1 0 1 1 1 0 1 1
 1 1 0 0 0 1 0 0 0 0 1 0 1 1 0 0 0 1 0 1 1 0 1 1 1 1]
 Training accuracy at 12600 out of 20000 is 0.948(0.630),cost is 1.614(0.949)
[0 1 0 0 0 1 0 1 0 1 1 0 0 1 0 0 0 0 0 0 1 1 0 0 1 1 0 1 1 1 0 0 0 1 0 1 1
 1 1 0 0 1 0 0 1 1 1 1 0 0 1 0 1 1 1 1 1 1 1 0 0 0 0 1 0 0 1 0 1 1 1 0 1 1
 1 1 0 0 0 1 0 0 0 0 1 0 1 1 0 0 0 1 0 1 1 0 1 1 1 1]
 Training accuracy at 12700 out of 20000 is 0.950(0.620),cost is 1.596(0.952)
[0 1 0 0 0 1 0 1 0 1 1 0 0 1 0 0 0 0 0 0 1 1 0 0 1 1 0 1 1 1 0 0 0 1 0 1 1
 1 1 0 0 1 0 0 1 1 1 1 0 0 1 0 1 1 1 1 1 1 1 0 0 0 0 0 0 0 1 0 1 1 1 0 1 1
 1 1 0 0 0 1 0 0 0 0 1 0 1 1 0 0 0 1 0 1 1 0 1 1 1 1]
 Training accuracy at 12800 out of 20000 is 0.948(0.630),cost is 1.578(0.957)
[0 1 0 0 0 1 0 1 0 1 1 0 0 1 0 0 0 0 0 0 1 1 0 0 1 1 0 1 1 1 0 0 0 1 0 1 1
 1 1 0 0 1 0 0 1 1 1 1 0 0 1 0 1 1 1 1 1 1 1 0 0 0 0 0 0 0 1 0 1 1 1 0 1 1
 1 1 0 0 0 1 0 0 0 0 1 0 1 1 0 0 0 1 0 1 1 0 1 1 1 1]
 Training accuracy at 12900 out of 20000 is 0.951(0.630),cost is 1.558(0.963)
[0 1 0 0 0 1 0 1 0 1 1 0 0 1 0 0 0 0 0 0 1 1 0 0 1 1 0 1 1 1 0 0 0 1 0 1 1
 1 1 0 0 1 0 0 1 1 1 1 0 0 1 0 1 1 1 1 1 1 1 0 0 0 0 0 0 0 1 0 1 1 1 0 1 1
 1 1 0 0 0 1 0 0 0 0 1 0 1 1 0 0 0 1 0 1 1 0 1 1 1 1]
 Training accuracy at 13000 out of 20000 is 0.951(0.630),cost is 1.539(0.964)
[0 1 0 0 0 1 0 1 0 1 1 0 0 1 0 0 0 0 0 0 1 1 0 0 1 1 0 1 1 1 0 0 1 1 0 1 1
 1 1 0 0 1 0 0 1 1 1 1 0 0 1 0 1 1 1 1 1 1 1 0 0 0 0 0 0 0 1 0 1 1 1 0 1 1
 1 1 0 0 0 1 0 0 0 0 1 0 1 1 0 0 0 1 0 1 1 0 1 1 1 1]
 Training accuracy at 13100 out of 20000 is 0.952(0.620),cost is 1.520(0.970)
[0 1 0 0 0 1 0 1 0 1 1 0 0 1 0 0 0 0 0 0 1 1 0 0 1 1 0 1 1 1 0 0 1 1 0 1 1
 1 1 0 0 1 0 1 1 1 1 1 0 0 1 0 1 1 1 1 1 1 1 0 0 0 0 1 0 0 1 0 1 1 1 0 1 1
 1 1 0 0 0 1 0 0 0 0 1 0 1 1 0 0 0 1 0 1 1 0 1 1 1 1]
 Training accuracy at 13200 out of 20000 is 0.954(0.600),cost is 1.504(0.976)
[0 1 0 0 0 1 0 1 0 1 1 0 0 1 0 0 0 0 0 0 1 1 0 0 1 1 0 1 1 1 0 0 1 1 0 1 1
 1 1 0 0 1 0 0 1 1 1 1 0 0 1 0 1 1 1 1 1 1 1 0 0 0 0 1 0 0 1 0 1 1 1 0 1 1
 1 1 0 0 0 1 0 0 0 0 1 0 1 1 0 0 0 1 0 1 1 0 1 1 1 1]
 Training accuracy at 13300 out of 20000 is 0.951(0.610),cost is 1.482(0.978)
[0 1 0 0 0 1 0 1 0 1 1 0 0 1 0 0 0 0 0 0 1 1 0 0 1 1 0 1 1 1 0 0 1 1 0 1 1
 1 1 0 0 1 0 0 1 1 1 1 0 0 1 0 1 1 1 1 1 1 1 0 0 0 0 0 0 0 1 0 1 1 1 0 1 1
 1 1 0 0 0 1 0 0 0 0 1 0 1 1 0 0 0 1 0 1 1 0 1 1 1 1]
 Training accuracy at 13400 out of 20000 is 0.952(0.620),cost is 1.466(0.984)
[0 1 0 0 0 1 0 1 0 1 1 0 0 1 0 0 0 0 0 0 1 1 0 0 1 1 0 1 1 1 0 0 1 1 0 1 1
 1 1 0 0 1 0 0 1 1 1 1 0 0 1 0 1 1 1 1 1 1 1 0 0 0 0 1 0 0 1 0 1 1 1 0 1 1
 1 1 0 0 0 1 0 0 0 0 1 0 1 1 0 0 0 1 0 1 1 0 1 1 1 1]
 Training accuracy at 13500 out of 20000 is 0.954(0.610),cost is 1.448(0.987)
[0 1 0 0 0 1 0 1 0 1 1 0 0 1 0 0 0 0 0 0 1 1 0 0 1 1 0 1 1 1 0 0 1 1 0 1 1
 1 1 0 0 1 0 0 1 1 1 1 0 0 1 0 1 1 1 1 1 1 1 0 0 0 0 1 0 0 1 0 1 1 1 0 1 1
 1 1 0 0 0 1 0 0 0 0 1 0 1 1 0 0 0 1 0 1 1 0 1 1 1 1]
 Training accuracy at 13600 out of 20000 is 0.955(0.610),cost is 1.430(0.989)
[0 1 0 0 0 1 0 1 0 1 1 0 0 1 0 0 0 0 0 0 1 1 0 0 1 1 0 1 1 1 0 0 1 1 0 1 1
 1 1 0 0 1 0 0 1 1 1 1 0 0 1 0 1 1 1 1 1 1 1 0 0 0 0 1 0 0 1 0 1 1 1 0 1 1
 1 1 0 0 0 1 0 0 0 0 1 0 1 1 0 0 0 1 0 1 1 0 1 1 1 1]
 Training accuracy at 13700 out of 20000 is 0.957(0.610),cost is 1.413(0.991)
[0 1 0 0 0 1 0 1 0 1 1 0 0 1 0 0 0 0 0 0 1 1 0 0 1 1 0 1 1 1 0 0 1 1 0 1 1
 1 1 0 0 1 0 0 1 1 1 1 0 0 1 0 1 1 1 1 1 1 1 0 0 1 0 1 0 0 1 0 1 1 1 0 1 1
 1 1 0 0 0 1 0 0 0 0 1 0 1 1 0 0 0 1 0 1 1 0 1 1 1 1]
 Training accuracy at 13800 out of 20000 is 0.955(0.600),cost is 1.396(1.003)
[0 1 0 0 0 1 0 1 0 1 1 0 0 1 0 0 0 0 0 0 1 1 0 0 1 1 0 1 1 1 0 0 1 1 0 1 1
 1 1 0 0 1 0 1 1 1 1 1 1 0 1 0 1 1 1 1 1 1 1 0 0 1 0 1 0 0 1 0 1 1 1 0 1 1
 1 1 0 0 0 1 0 0 0 0 1 0 1 1 0 0 0 1 0 1 1 0 1 1 1 1]
 Training accuracy at 13900 out of 20000 is 0.957(0.580),cost is 1.377(1.003)
[0 1 0 0 0 1 0 1 0 1 1 0 0 1 0 0 0 0 0 0 1 1 0 0 1 1 0 1 1 1 0 0 1 1 0 1 1
 1 1 0 0 1 0 1 1 1 1 1 1 0 1 0 1 1 1 1 1 1 1 0 0 1 0 1 0 0 1 0 1 1 1 0 1 1
 1 1 0 0 0 1 0 0 0 0 1 0 1 1 0 0 0 1 0 1 1 0 1 1 1 1]
 Training accuracy at 14000 out of 20000 is 0.955(0.580),cost is 1.362(1.011)
[0 1 0 0 0 1 0 1 0 1 1 0 0 1 0 0 0 0 0 0 1 1 0 0 1 1 0 1 1 1 0 0 1 1 0 1 1
 1 1 0 0 1 0 0 1 1 1 1 1 0 1 0 1 1 1 1 1 1 1 0 0 0 0 1 0 0 1 0 1 1 1 0 1 1
 1 1 0 0 0 1 0 0 0 0 1 0 1 1 0 0 0 1 0 1 1 0 1 1 1 1]
 Training accuracy at 14100 out of 20000 is 0.957(0.600),cost is 1.345(1.013)
[0 1 0 0 0 1 0 1 0 1 1 0 0 1 0 0 0 0 0 0 1 1 0 0 1 1 0 1 1 1 0 0 1 1 0 1 1
 1 1 0 0 1 0 1 1 1 1 1 1 0 1 0 1 1 1 1 1 1 1 0 0 1 0 1 0 0 1 0 1 1 1 0 1 1
 1 1 0 0 0 1 0 0 0 0 1 0 1 1 0 0 0 1 0 1 1 0 1 1 1 1]
 Training accuracy at 14200 out of 20000 is 0.957(0.580),cost is 1.327(1.015)
[0 1 0 0 0 1 0 1 0 1 1 0 0 1 0 0 0 0 0 0 1 1 0 0 1 1 0 1 1 1 0 0 1 1 0 1 1
 1 1 0 0 1 0 0 1 1 1 1 1 0 1 0 1 1 1 1 1 1 1 0 0 1 0 1 0 0 1 0 1 1 1 0 1 1
 1 1 0 0 0 1 0 0 0 0 1 0 1 1 0 0 0 1 0 1 1 0 1 1 1 1]
 Training accuracy at 14300 out of 20000 is 0.958(0.590),cost is 1.310(1.017)
[0 1 0 0 0 1 0 1 0 1 1 0 0 1 0 0 0 0 0 0 1 1 0 0 1 1 0 1 1 1 0 0 1 1 0 1 1
 1 1 0 0 1 0 0 1 1 1 1 1 0 1 0 1 1 1 1 1 1 1 0 0 1 0 1 0 0 1 0 1 1 1 0 1 1
 1 1 0 0 0 1 0 0 0 0 1 0 1 1 0 0 0 1 0 1 1 0 1 1 1 1]
 Training accuracy at 14400 out of 20000 is 0.960(0.590),cost is 1.296(1.020)
[0 1 0 0 0 1 0 1 0 1 1 0 0 1 0 0 0 0 0 0 1 1 0 0 1 0 0 1 1 1 0 0 1 1 0 1 1
 1 1 0 0 1 0 0 1 1 1 1 1 0 1 0 1 1 1 1 1 1 1 0 0 1 0 1 0 0 1 0 1 1 1 0 1 1
 1 1 0 0 0 1 0 0 0 0 1 0 1 1 0 0 0 1 0 1 1 0 1 1 1 1]
 Training accuracy at 14500 out of 20000 is 0.960(0.600),cost is 1.278(1.025)
[0 1 0 0 0 1 0 1 0 1 1 0 0 1 0 0 0 0 0 0 1 1 0 0 1 0 0 1 1 1 0 0 1 1 0 1 1
 1 1 0 0 1 0 0 1 1 1 1 1 0 1 0 1 1 1 1 1 1 1 0 0 1 0 1 0 0 1 0 1 1 1 0 1 1
 1 1 0 0 0 1 0 0 0 0 1 0 1 1 0 0 0 1 0 1 1 0 1 1 1 1]
 Training accuracy at 14600 out of 20000 is 0.960(0.600),cost is 1.262(1.028)
[0 1 0 0 0 1 0 1 0 1 1 0 0 1 0 0 0 0 0 0 1 1 0 0 1 0 0 1 1 1 0 0 1 1 0 1 1
 1 1 0 0 1 0 0 1 1 1 1 1 0 1 0 1 1 1 1 1 1 1 0 0 1 0 1 0 0 1 0 1 1 1 0 1 1
 1 1 0 0 0 1 0 0 0 0 1 0 1 1 0 0 0 1 0 1 1 0 1 1 1 1]
 Training accuracy at 14700 out of 20000 is 0.961(0.600),cost is 1.244(1.038)
[0 1 0 0 0 1 0 1 0 1 1 0 0 1 0 0 0 0 0 0 1 1 0 0 1 0 0 1 1 1 0 0 1 1 0 1 1
 1 1 0 0 1 0 0 1 1 1 1 1 0 1 0 1 1 1 1 1 1 1 0 0 1 0 1 0 0 1 0 1 1 1 0 1 1
 1 1 0 0 0 1 0 0 0 0 1 0 1 1 0 0 0 1 0 1 1 0 1 1 1 1]
 Training accuracy at 14800 out of 20000 is 0.963(0.600),cost is 1.230(1.041)
[0 1 0 0 0 1 0 1 0 1 1 0 0 1 0 0 0 0 0 0 1 1 0 0 1 0 0 1 1 1 0 0 1 1 0 1 1
 1 1 0 0 1 0 0 1 1 1 1 1 0 1 0 1 1 1 1 1 1 1 0 0 1 0 1 0 0 1 0 1 1 1 0 1 1
 1 1 0 0 0 1 0 0 0 0 1 0 1 1 0 0 0 1 0 1 1 0 1 1 1 1]
 Training accuracy at 14900 out of 20000 is 0.961(0.600),cost is 1.213(1.044)
[0 1 0 0 0 1 0 1 0 1 1 0 0 1 0 0 0 0 0 0 1 1 0 0 1 0 0 1 1 1 0 0 1 1 0 1 1
 1 1 0 0 1 0 0 1 1 1 1 1 0 1 0 1 1 1 1 1 1 1 0 0 1 0 1 0 0 1 0 1 1 1 0 1 1
 1 1 0 0 0 1 0 0 0 0 1 0 1 1 0 0 0 1 0 1 1 0 1 1 1 1]
 Training accuracy at 15000 out of 20000 is 0.961(0.600),cost is 1.195(1.053)
[0 1 0 0 0 1 0 1 0 1 1 0 0 1 0 0 0 0 0 0 1 1 0 0 1 0 0 1 1 1 0 0 1 1 0 1 1
 1 1 0 0 1 0 1 1 1 1 1 1 0 1 0 1 1 1 1 1 1 1 0 0 1 0 1 0 0 1 0 1 1 1 0 1 1
 1 1 0 0 0 1 0 0 0 0 1 0 1 1 0 0 0 1 0 1 1 0 1 1 1 1]
 Training accuracy at 15100 out of 20000 is 0.961(0.590),cost is 1.181(1.061)
[0 1 0 0 0 1 0 1 0 1 1 0 0 1 0 0 0 0 0 0 1 1 0 0 1 0 0 1 1 1 0 0 1 1 0 1 1
 1 1 0 0 1 0 1 1 1 1 1 1 0 1 0 1 1 1 1 1 1 1 0 0 1 0 1 0 0 1 0 1 1 1 0 1 1
 1 1 0 0 0 1 0 0 0 0 1 0 1 1 0 0 0 1 0 1 1 0 1 1 1 1]
 Training accuracy at 15200 out of 20000 is 0.963(0.590),cost is 1.166(1.057)
[0 1 0 0 0 1 0 1 0 1 1 0 0 1 0 0 0 0 0 0 1 1 0 0 1 0 0 1 1 1 0 0 1 1 0 1 1
 1 1 0 0 1 0 0 1 1 1 1 1 0 1 0 1 1 1 1 1 1 1 0 0 1 0 1 0 0 1 0 1 1 1 0 1 1
 1 1 0 0 0 1 0 0 0 0 1 0 1 1 0 0 0 1 0 1 1 0 1 1 1 1]
 Training accuracy at 15300 out of 20000 is 0.964(0.600),cost is 1.149(1.065)
[0 1 0 0 0 1 0 1 0 1 1 0 0 1 0 0 0 0 0 0 1 1 0 0 1 0 0 1 1 1 0 0 1 1 0 1 1
 1 1 0 0 1 0 0 1 1 1 1 1 0 1 0 1 1 1 1 1 1 1 0 0 1 0 1 0 0 1 0 1 1 1 0 1 1
 1 1 0 0 0 1 0 0 0 0 1 0 1 1 0 0 0 1 0 1 1 0 1 1 1 1]
 Training accuracy at 15400 out of 20000 is 0.965(0.600),cost is 1.136(1.073)
[0 1 0 0 0 1 0 1 0 1 1 0 0 1 0 0 0 0 0 0 1 1 0 0 1 0 0 1 1 1 0 0 1 1 0 1 1
 1 1 0 0 1 0 1 1 1 1 1 1 0 1 0 1 1 1 1 1 1 1 0 0 1 0 1 0 0 1 0 1 1 1 0 1 1
 1 1 0 0 0 1 0 0 0 0 1 0 1 1 0 0 0 1 0 1 1 0 1 1 1 1]
 Training accuracy at 15500 out of 20000 is 0.965(0.590),cost is 1.120(1.078)
[0 1 0 0 0 1 0 1 0 1 1 0 0 1 0 0 0 0 0 0 1 1 0 0 1 0 0 1 1 1 0 0 1 1 0 1 1
 1 1 0 0 1 0 1 1 1 1 1 1 0 1 0 1 1 1 0 1 1 1 0 0 1 0 1 0 0 1 0 1 1 1 0 1 1
 1 1 0 0 0 1 0 0 0 0 1 0 1 1 0 0 0 1 0 1 1 0 1 1 1 1]
 Training accuracy at 15600 out of 20000 is 0.965(0.600),cost is 1.105(1.077)
[0 1 0 0 0 1 0 1 0 1 1 0 0 1 0 0 0 0 0 0 1 1 0 0 1 0 0 1 1 1 0 0 1 1 0 1 1
 1 1 0 0 1 0 0 1 1 1 1 1 0 1 0 1 1 1 0 1 1 1 0 0 1 0 1 0 0 1 0 1 1 1 0 1 1
 1 1 0 0 0 1 0 0 0 0 1 0 1 1 0 0 0 1 0 1 1 0 1 1 1 1]
 Training accuracy at 15700 out of 20000 is 0.967(0.610),cost is 1.089(1.079)
[0 1 0 0 0 1 0 1 0 1 1 0 0 1 0 0 0 0 0 0 1 1 0 0 1 0 0 1 1 1 0 0 1 1 0 1 1
 1 1 0 0 1 0 0 1 1 1 1 1 0 1 0 1 1 1 1 1 1 1 0 0 1 0 1 0 0 1 0 1 1 1 0 1 1
 1 1 0 0 0 1 0 0 0 0 1 0 1 1 0 0 0 1 0 1 1 0 1 1 1 1]
 Training accuracy at 15800 out of 20000 is 0.968(0.600),cost is 1.076(1.081)
[0 1 0 0 0 1 0 1 0 1 1 0 0 1 0 0 0 0 0 0 1 1 0 0 1 0 0 1 1 1 0 0 1 1 0 1 1
 1 1 0 0 1 0 1 1 1 1 1 1 0 1 0 1 1 1 0 1 1 1 0 0 1 0 1 0 0 1 0 1 1 1 0 1 1
 1 1 0 0 0 1 0 0 0 0 1 0 1 1 0 0 0 1 0 1 1 0 1 1 1 1]
 Training accuracy at 15900 out of 20000 is 0.968(0.600),cost is 1.060(1.089)
[0 1 0 0 0 1 0 1 0 1 1 0 0 1 0 0 0 0 0 0 1 1 0 0 1 0 0 1 1 1 0 0 1 1 0 1 1
 1 1 0 0 1 0 1 1 1 1 1 1 0 1 0 1 1 1 0 1 1 1 0 0 1 0 1 0 0 1 0 1 1 1 0 1 1
 1 1 0 0 0 1 0 0 0 0 1 0 1 1 0 0 0 1 0 1 1 0 1 1 1 1]
 Training accuracy at 16000 out of 20000 is 0.971(0.600),cost is 1.046(1.089)
[0 1 0 0 0 1 0 1 0 1 1 0 0 1 0 0 0 0 0 0 1 1 0 0 1 0 0 1 1 1 0 0 1 1 0 1 1
 1 1 0 0 1 0 1 1 1 1 1 1 0 1 0 1 1 1 1 1 1 1 0 0 1 0 1 0 0 1 0 1 1 1 0 1 1
 1 1 0 0 0 1 0 0 0 0 1 0 1 1 0 0 0 1 0 1 1 0 1 1 1 1]
 Training accuracy at 16100 out of 20000 is 0.970(0.590),cost is 1.030(1.104)
[0 1 0 0 0 1 0 1 0 1 1 0 0 1 0 0 0 0 0 0 1 1 0 0 1 0 0 1 1 1 0 0 1 1 0 1 1
 1 1 0 0 1 0 1 1 1 1 1 1 0 1 0 1 1 1 0 1 1 1 0 0 1 0 1 0 0 1 0 1 1 1 0 1 1
 1 1 0 0 0 1 0 0 0 0 1 0 1 1 0 0 0 1 0 1 1 0 1 1 1 1]
 Training accuracy at 16200 out of 20000 is 0.973(0.600),cost is 1.017(1.105)
[0 1 0 0 0 1 0 1 0 1 1 0 0 1 0 0 0 0 0 0 1 1 0 0 1 0 0 1 1 1 0 0 1 1 0 1 1
 1 1 0 0 1 0 1 1 1 1 1 1 0 1 0 1 1 1 0 1 1 1 0 0 1 1 1 0 0 1 0 1 1 1 0 1 1
 1 1 0 0 0 1 0 0 0 0 1 0 1 1 0 0 0 1 0 1 1 0 1 1 1 1]
 Training accuracy at 16300 out of 20000 is 0.971(0.590),cost is 1.002(1.107)
[0 1 0 0 0 1 0 1 0 1 1 0 0 1 0 0 0 0 0 0 1 1 0 0 1 0 0 1 1 1 0 0 1 1 0 1 1
 1 1 0 0 1 0 1 1 1 1 1 1 0 1 0 1 1 1 0 1 1 1 0 0 1 1 1 0 0 1 0 1 1 1 0 1 1
 1 1 0 0 0 1 0 0 0 0 1 0 1 1 0 0 0 1 0 1 1 0 1 1 1 1]
 Training accuracy at 16400 out of 20000 is 0.971(0.590),cost is 0.988(1.114)
[0 1 0 0 0 1 0 1 0 1 1 0 0 1 0 0 0 0 0 0 1 1 0 0 1 0 0 1 1 1 0 0 1 1 0 1 1
 1 1 0 0 1 0 1 1 1 1 1 1 0 1 0 1 1 1 1 1 1 1 0 0 1 1 1 0 0 1 0 1 1 1 0 1 1
 1 1 0 0 0 1 0 0 0 0 1 0 1 1 0 0 0 1 0 1 1 0 1 1 1 1]
 Training accuracy at 16500 out of 20000 is 0.971(0.580),cost is 0.977(1.122)
[0 1 0 0 0 1 0 1 0 1 1 0 0 1 0 0 0 0 0 0 1 1 0 0 1 0 0 1 1 1 0 0 1 1 0 1 1
 1 1 0 0 1 0 1 1 1 1 1 1 0 1 0 1 1 1 1 1 1 1 0 0 1 1 1 0 0 1 0 1 1 1 0 1 1
 1 1 0 0 0 1 0 0 0 0 1 0 1 1 0 0 0 1 0 1 1 0 1 1 1 1]
 Training accuracy at 16600 out of 20000 is 0.973(0.580),cost is 0.964(1.127)
[0 1 0 0 0 1 0 1 0 1 1 0 0 1 0 0 0 0 0 0 1 1 0 0 1 0 0 1 1 1 0 0 1 1 0 1 1
 1 1 0 0 1 0 1 1 1 1 1 1 0 1 0 1 1 1 0 1 1 1 0 0 1 1 1 0 0 1 0 1 1 1 0 1 1
 1 1 0 0 0 1 0 0 0 0 1 0 1 1 0 0 0 1 0 1 1 0 1 1 1 1]
 Training accuracy at 16700 out of 20000 is 0.973(0.590),cost is 0.948(1.124)
[0 1 0 0 0 1 0 1 0 1 1 0 0 1 0 0 0 0 0 0 1 1 0 0 1 0 0 1 1 1 0 0 1 1 0 1 1
 1 1 0 0 1 0 1 1 1 1 1 1 0 1 0 1 1 1 0 1 1 1 0 0 1 1 1 0 0 1 0 1 1 1 0 1 1
 1 1 0 0 0 1 0 0 0 0 1 0 1 1 0 0 0 1 0 1 1 0 1 1 1 1]
 Training accuracy at 16800 out of 20000 is 0.974(0.590),cost is 0.934(1.129)
[0 1 0 0 0 1 0 1 0 1 1 0 0 1 0 0 0 0 0 0 1 1 0 0 1 0 0 1 1 1 0 0 1 1 0 1 1
 1 1 0 0 1 0 1 1 1 1 1 1 0 1 0 1 1 1 0 1 1 1 0 0 1 1 1 0 0 1 0 1 1 1 0 1 1
 1 1 0 0 0 1 0 0 0 0 1 0 1 1 0 0 0 1 0 1 1 0 1 1 1 1]
 Training accuracy at 16900 out of 20000 is 0.974(0.590),cost is 0.920(1.139)
[0 1 0 0 0 1 0 1 0 1 1 0 0 1 0 0 0 0 0 0 1 1 0 0 1 0 0 1 1 1 0 0 1 1 0 1 1
 1 1 0 0 1 0 1 1 1 1 1 1 0 1 0 1 1 1 0 1 1 1 0 0 1 1 1 0 0 1 0 1 1 1 0 1 1
 1 1 0 0 0 1 0 0 0 0 1 0 1 1 0 0 0 1 0 1 1 0 1 1 1 1]
 Training accuracy at 17000 out of 20000 is 0.973(0.590),cost is 0.905(1.137)
[0 1 0 0 0 1 0 1 0 1 1 0 0 1 0 0 0 0 0 0 1 1 0 0 1 0 0 1 1 1 0 0 1 1 0 1 1
 1 1 0 0 1 0 1 1 1 1 1 1 0 1 0 1 1 1 0 1 1 1 0 0 1 1 1 0 0 1 0 1 1 1 0 1 1
 1 1 0 0 0 1 0 0 0 0 1 0 1 1 0 0 0 1 0 1 1 0 1 1 1 1]
 Training accuracy at 17100 out of 20000 is 0.976(0.590),cost is 0.894(1.144)
[0 1 0 0 0 1 0 1 0 1 1 0 0 1 0 0 0 0 0 0 1 1 0 0 1 0 0 1 1 1 0 0 1 1 0 1 1
 1 1 0 0 1 0 1 1 1 1 1 1 0 1 0 1 1 1 0 1 1 1 0 0 1 1 1 0 0 1 0 1 1 1 0 1 1
 1 1 0 0 0 1 0 0 0 0 1 0 1 1 0 0 0 1 0 1 1 0 1 1 1 1]
 Training accuracy at 17200 out of 20000 is 0.974(0.590),cost is 0.879(1.150)
[0 1 0 0 0 1 0 1 0 1 1 0 0 1 0 0 0 0 0 0 1 1 0 0 1 0 0 1 1 1 0 0 1 1 0 1 1
 1 1 0 0 1 0 1 1 1 1 1 1 0 1 0 1 1 1 0 1 1 1 0 0 1 1 1 0 0 1 0 1 1 1 0 1 1
 1 1 0 0 0 1 0 0 0 0 1 0 1 1 0 0 0 1 0 1 1 0 1 1 1 1]
 Training accuracy at 17300 out of 20000 is 0.974(0.590),cost is 0.865(1.157)
[0 1 0 0 0 1 0 1 0 1 1 0 0 1 0 0 0 0 0 0 1 1 0 0 1 0 0 1 1 1 0 0 1 1 0 1 1
 1 1 0 0 1 0 1 1 1 1 1 1 0 1 0 1 1 1 0 1 1 1 0 0 1 1 1 0 0 1 0 1 1 1 0 1 1
 1 1 0 0 0 1 0 0 0 0 1 0 1 1 0 0 0 1 0 1 1 0 1 1 1 1]
 Training accuracy at 17400 out of 20000 is 0.977(0.590),cost is 0.852(1.165)
[0 1 0 0 0 1 0 1 0 1 1 0 0 1 0 0 0 0 0 0 1 1 0 0 1 0 0 1 1 1 0 0 1 1 0 1 1
 1 1 0 0 1 0 0 1 1 1 1 1 0 1 0 1 1 1 0 1 1 1 0 0 1 1 1 0 0 1 0 1 1 1 0 1 1
 1 1 0 0 0 1 0 0 0 0 1 0 1 1 0 0 0 1 0 1 1 0 1 1 1 1]
 Training accuracy at 17500 out of 20000 is 0.976(0.600),cost is 0.841(1.166)
[0 1 0 0 0 1 0 1 0 1 1 0 0 1 0 0 0 0 0 0 1 1 0 0 1 0 0 1 1 1 0 0 1 1 0 1 1
 1 1 0 0 1 0 1 1 1 1 1 1 0 1 0 1 1 1 0 1 1 1 0 0 1 1 1 0 0 1 0 1 1 1 0 1 1
 1 1 0 0 0 1 0 0 0 0 1 0 1 1 0 0 0 1 0 1 1 0 1 1 1 1]
 Training accuracy at 17600 out of 20000 is 0.978(0.590),cost is 0.830(1.177)
[0 1 0 0 0 1 0 1 0 1 1 0 0 1 0 0 0 0 0 0 1 1 0 0 1 0 0 1 1 1 0 0 1 1 0 1 1
 1 1 0 0 1 0 1 1 1 1 1 1 0 1 0 1 1 1 0 1 1 1 0 0 1 1 1 0 0 1 0 1 1 1 0 1 1
 1 1 0 0 0 1 0 0 0 0 1 0 1 1 0 0 0 1 0 1 1 0 1 1 1 1]
 Training accuracy at 17700 out of 20000 is 0.980(0.590),cost is 0.818(1.179)
[0 1 0 0 0 1 0 1 0 1 1 0 0 1 0 0 0 0 0 0 1 1 0 0 1 0 0 1 1 1 0 0 1 1 0 1 1
 1 1 0 0 1 0 1 1 1 1 1 1 0 1 0 1 1 1 1 1 1 1 0 0 1 1 1 0 0 1 0 1 1 1 0 1 1
 1 1 0 0 0 1 0 0 0 0 1 0 1 1 0 0 0 1 0 1 1 0 1 1 1 1]
 Training accuracy at 17800 out of 20000 is 0.978(0.580),cost is 0.809(1.183)
[0 1 0 0 0 1 0 1 0 1 1 0 0 1 0 0 0 0 0 0 1 1 0 0 1 0 0 1 1 1 0 0 1 1 0 1 1
 1 1 0 0 1 0 1 1 1 1 1 1 0 1 0 1 1 1 0 1 1 1 0 0 1 1 1 0 0 1 0 1 1 1 0 1 1
 1 1 0 0 0 1 0 0 0 0 1 0 1 1 0 0 0 1 0 1 1 0 1 1 1 1]
 Training accuracy at 17900 out of 20000 is 0.980(0.590),cost is 0.796(1.182)
[0 1 0 0 0 1 0 1 0 1 1 0 0 1 0 0 0 0 0 0 1 1 0 0 1 0 0 1 1 1 0 0 1 1 0 1 1
 1 1 0 0 1 0 1 1 1 1 1 1 0 1 0 1 1 1 1 1 1 1 0 0 1 1 1 0 0 1 0 1 1 1 0 1 1
 1 1 0 0 0 1 0 0 0 0 1 0 1 1 0 0 0 1 0 1 1 0 1 1 1 1]
 Training accuracy at 18000 out of 20000 is 0.980(0.580),cost is 0.783(1.193)
[0 1 0 0 0 1 0 1 0 1 1 0 0 1 0 0 0 0 0 0 1 1 0 0 1 0 0 1 1 1 0 0 1 1 0 1 1
 1 1 0 0 1 0 1 1 1 1 1 1 0 1 0 1 1 1 0 1 1 1 0 0 1 1 1 0 0 1 0 1 1 1 0 1 1
 1 1 0 0 0 1 0 0 0 0 1 0 1 1 0 0 0 1 0 1 1 0 1 1 1 1]
 Training accuracy at 18100 out of 20000 is 0.983(0.590),cost is 0.768(1.202)
[0 1 0 0 0 1 0 1 0 1 1 0 0 1 0 0 0 0 0 0 1 1 0 0 1 0 0 1 1 1 0 0 1 1 0 1 1
 1 1 0 0 1 0 1 1 1 1 1 1 0 1 0 1 1 1 0 1 1 1 0 0 1 1 1 0 0 1 0 1 1 1 0 1 1
 1 1 0 0 0 1 0 0 0 0 1 0 1 1 0 0 0 1 0 1 1 0 1 1 1 1]
 Training accuracy at 18200 out of 20000 is 0.981(0.590),cost is 0.757(1.209)
[0 1 0 0 0 1 0 1 0 1 1 0 0 1 0 0 0 0 0 0 1 1 0 0 1 0 0 1 1 1 0 0 1 1 0 1 1
 1 1 0 0 1 0 1 1 1 1 1 1 0 1 0 1 1 1 0 1 1 1 0 0 1 1 1 0 0 1 0 1 1 1 0 1 1
 1 1 0 0 0 1 0 0 0 0 1 0 1 1 0 0 0 1 0 1 1 0 1 1 1 1]
 Training accuracy at 18300 out of 20000 is 0.984(0.590),cost is 0.746(1.215)
[0 1 0 0 0 1 0 1 0 1 1 0 0 1 0 0 0 0 0 0 1 1 0 0 1 0 0 1 1 1 0 0 1 1 0 1 1
 1 1 0 0 1 0 1 1 1 1 1 1 0 1 0 1 1 1 0 1 1 1 0 0 1 1 1 0 0 1 0 1 1 1 0 1 1
 1 1 0 0 0 1 0 0 0 0 1 0 1 1 0 0 0 1 0 1 1 0 1 1 1 1]
 Training accuracy at 18400 out of 20000 is 0.983(0.590),cost is 0.734(1.215)
[0 1 0 0 0 1 0 1 0 1 1 0 0 1 0 0 0 0 0 0 1 1 0 0 1 0 0 1 1 1 0 0 1 1 0 1 1
 1 1 0 0 1 0 1 1 1 1 1 1 0 1 0 1 1 1 0 1 1 1 0 0 1 1 1 0 0 1 0 1 1 1 0 1 1
 1 1 0 0 0 1 0 0 0 0 1 0 1 1 0 0 0 1 0 1 1 0 1 1 1 1]
 Training accuracy at 18500 out of 20000 is 0.983(0.590),cost is 0.720(1.217)
[0 1 0 0 0 1 0 1 0 1 1 0 0 1 0 0 0 0 0 0 1 1 0 0 1 0 0 1 1 1 0 0 1 1 0 1 1
 1 1 0 0 1 0 1 1 1 1 1 1 0 1 0 1 1 1 0 1 1 1 0 0 1 1 1 0 0 1 0 1 1 1 0 1 1
 1 1 0 0 0 1 0 0 0 0 1 0 1 1 0 0 0 1 0 1 1 0 1 1 1 1]
 Training accuracy at 18600 out of 20000 is 0.984(0.590),cost is 0.711(1.219)
[0 1 0 0 0 1 0 1 0 1 1 0 0 1 0 0 0 0 0 0 1 1 0 0 1 0 0 1 1 1 0 0 1 1 0 1 1
 1 1 0 0 1 0 1 1 1 1 1 1 0 1 0 1 1 1 0 1 1 1 0 0 1 1 1 0 0 1 0 1 1 1 0 1 1
 1 1 0 0 0 1 0 0 0 0 1 0 1 1 0 0 0 1 0 1 1 0 1 1 1 1]
 Training accuracy at 18700 out of 20000 is 0.984(0.590),cost is 0.701(1.219)
[0 1 0 0 0 1 0 1 0 1 1 0 0 1 0 0 0 0 0 0 1 1 0 0 1 0 0 1 1 1 0 0 1 1 0 1 1
 1 1 0 0 1 0 1 1 1 1 1 1 0 1 0 1 1 1 0 1 1 1 0 0 1 1 1 0 0 1 0 1 1 1 0 1 1
 1 1 0 0 0 1 0 0 0 0 1 0 1 1 0 0 0 1 0 1 1 0 1 1 1 1]
 Training accuracy at 18800 out of 20000 is 0.984(0.590),cost is 0.689(1.230)
[0 1 0 0 0 1 0 1 0 1 1 0 0 1 0 0 0 0 0 0 1 1 0 0 1 0 0 1 1 1 0 0 1 1 0 1 1
 1 1 0 0 1 0 1 1 1 1 1 1 0 1 0 1 1 1 0 1 1 1 0 0 1 1 1 0 0 1 0 1 1 1 0 1 1
 1 1 0 0 0 1 0 0 0 0 1 0 1 1 0 0 0 1 0 1 1 0 1 1 1 1]
 Training accuracy at 18900 out of 20000 is 0.984(0.590),cost is 0.678(1.240)
[0 1 0 0 0 1 0 1 0 1 1 0 0 1 0 0 0 0 0 0 1 1 0 0 1 0 0 1 1 1 0 0 1 1 0 1 1
 1 1 0 0 1 0 1 1 1 1 1 1 0 1 0 1 1 1 0 1 1 1 0 0 1 1 1 0 0 1 0 1 1 1 0 1 1
 1 1 0 0 0 1 0 0 0 0 1 0 1 1 0 0 0 1 0 1 1 0 1 1 1 1]
 Training accuracy at 19000 out of 20000 is 0.987(0.590),cost is 0.666(1.254)
[0 1 0 0 0 1 0 1 0 1 1 0 0 1 0 0 0 0 0 0 1 1 0 0 1 0 0 1 1 1 0 0 1 1 0 1 1
 1 1 0 0 1 0 1 1 1 1 1 1 0 1 0 1 1 1 0 1 1 1 0 0 1 1 1 0 0 1 0 1 1 1 0 1 1
 1 1 0 0 0 1 0 0 0 0 1 0 1 1 0 0 0 1 0 1 1 0 1 1 1 1]
 Training accuracy at 19100 out of 20000 is 0.986(0.590),cost is 0.657(1.263)
[0 1 0 0 0 1 0 1 0 1 1 0 0 1 0 0 0 0 0 0 1 1 0 0 1 0 0 1 1 1 0 0 1 1 0 1 1
 1 1 0 0 1 0 1 1 1 1 1 1 0 1 0 1 1 1 0 1 1 1 0 0 1 1 1 0 0 1 0 1 1 1 0 1 1
 1 1 0 0 0 1 0 0 0 0 1 0 1 1 0 0 0 1 0 1 1 0 1 1 1 1]
 Training accuracy at 19200 out of 20000 is 0.987(0.590),cost is 0.644(1.269)
[0 1 0 0 0 1 0 1 0 1 1 0 0 1 0 0 0 0 0 0 1 1 0 0 1 0 0 1 1 1 0 0 1 1 0 1 1
 1 1 0 0 1 0 1 1 1 1 1 1 0 1 0 1 1 1 0 1 1 1 0 0 1 1 1 0 0 1 0 1 1 1 0 1 1
 1 1 0 0 0 1 0 0 0 0 1 0 1 1 0 0 0 1 0 1 1 0 1 1 1 1]
 Training accuracy at 19300 out of 20000 is 0.986(0.590),cost is 0.635(1.267)
[0 1 0 0 0 1 0 1 0 1 1 0 0 1 0 0 0 0 0 0 1 1 0 0 1 0 0 1 1 1 0 0 1 1 0 1 1
 1 1 0 0 1 0 1 1 1 1 1 1 0 1 0 1 1 1 0 1 1 1 0 0 1 1 1 0 0 1 0 1 1 1 0 1 1
 1 1 0 0 0 1 0 0 0 0 1 0 1 1 0 0 0 1 0 1 1 0 1 1 1 1]
 Training accuracy at 19400 out of 20000 is 0.987(0.590),cost is 0.625(1.266)
[0 1 0 0 0 1 0 1 0 1 1 0 0 1 0 0 0 0 0 0 1 1 0 0 1 0 0 1 1 1 0 0 1 1 0 1 1
 1 1 0 0 1 0 1 1 1 1 1 1 0 1 0 1 1 1 0 1 1 1 0 0 1 1 1 0 0 1 0 1 1 1 0 1 1
 1 1 0 0 0 1 0 0 0 0 1 0 1 1 0 0 0 1 0 1 1 0 1 1 1 1]
 Training accuracy at 19500 out of 20000 is 0.987(0.590),cost is 0.616(1.285)
[0 1 0 0 0 1 0 1 0 1 1 0 0 1 0 0 0 0 0 0 1 1 0 0 1 0 0 1 1 1 0 0 1 1 0 1 1
 1 1 0 0 1 0 1 1 1 1 1 1 0 1 0 1 1 1 0 1 1 1 0 0 1 1 1 0 0 1 0 1 1 1 0 1 1
 1 1 0 0 0 1 0 0 0 0 1 0 1 1 0 0 0 1 0 1 1 0 1 1 1 1]
 Training accuracy at 19600 out of 20000 is 0.990(0.590),cost is 0.606(1.272)
[0 1 0 0 0 1 0 1 0 1 1 0 0 1 0 0 0 0 0 0 1 1 0 0 1 0 0 1 1 1 0 0 1 1 0 1 1
 1 1 0 0 1 0 1 1 1 1 1 1 0 1 0 1 1 1 0 1 1 1 0 0 1 1 1 0 0 1 0 1 1 1 0 1 1
 1 1 0 0 0 1 0 0 0 0 1 0 1 1 0 0 0 1 0 1 1 0 1 1 1 1]
 Training accuracy at 19700 out of 20000 is 0.988(0.590),cost is 0.596(1.279)
[0 1 0 0 0 1 0 1 0 1 1 0 0 1 0 0 0 0 0 0 1 1 0 0 1 0 0 1 1 1 0 0 1 1 0 1 1
 1 1 0 0 1 0 1 1 1 1 1 1 0 1 0 1 1 1 0 1 1 1 0 0 1 1 1 0 0 1 0 1 1 1 0 1 1
 1 1 0 0 0 1 0 0 0 0 1 0 1 1 0 0 0 1 0 1 1 0 1 1 1 1]
 Training accuracy at 19800 out of 20000 is 0.990(0.590),cost is 0.585(1.284)
[0 1 0 0 0 1 0 1 0 1 1 0 0 1 0 0 0 0 0 0 1 1 0 0 1 0 0 1 1 1 0 0 1 1 0 1 1
 1 1 0 0 1 0 1 1 1 1 1 1 0 1 0 1 1 1 0 1 1 1 0 0 1 1 1 0 0 1 0 1 1 1 0 1 1
 1 1 0 0 0 1 0 0 0 0 1 0 1 1 0 0 0 1 0 1 1 0 1 1 1 1]
 Training accuracy at 19900 out of 20000 is 0.991(0.590),cost is 0.576(1.290)
pred real
1    1
2    2
1    2
1    2
1    1
2    2
1    2
2    1
1    2
2    2
2    1
1    1
1    1
2    2
1    2
1    1
1    1
1    2
1    1
1    1
2    2
2    2
1    2
1    2
2    1
1    1
1    1
2    1
2    2
2    1
1    1
1    1
2    1
2    1
1    2
2    2
2    1
2    1
2    1
1    1
1    1
2    2
1    1
1    1
2    2
2    2
2    1
2    2
2    1
1    1
2    2
1    1
2    1
2    1
2    1
1    1
2    2
2    2
2    2
1    2
1    1
2    1
2    1
2    1
1    1
1    1
2    2
1    2
2    2
2    2
2    1
1    1
2    1
2    2
2    2
2    2
1    1
1    2
1    1
2    1
1    1
1    2
1    1
1    2
2    2
1    2
2    2
2    2
1    1
1    2
1    1
2    2
1    2
2    2
2    2
1    2
2    2
2    2
2    1
2    2
time:0 The accuracy on the test data is 0.600, before training was 0.460
0.6
