[1 0 1 0 1 1 0 1 1 1 1 1 1 1 0 1 1 1 1 1 1 1 0 1 1 1 0 0 1 1 1 0 1 1 0 1 0
 1 1 1 0 1 1 1 1 0 1 1 0 0 1 1 1 1 1 0 0 1 1 0 0 1 0 1 1 1 1 0 1 1 1 1 1 0
 0 1 1 0 1 1 0 1 0 1 1 1 0 1 1 0 1 0 0 1 0 1 0 1 0 0]
 Training accuracy at 0 out of 20000 is 0.518(0.420),cost is 8.164(0.730)
[0 0 0 1 0 0 0 0 1 0 1 0 1 1 0 0 1 1 1 1 1 1 0 0 1 1 1 0 0 1 1 1 1 1 0 0 0
 0 1 1 0 1 0 1 1 1 1 1 0 1 0 0 0 0 1 1 1 1 1 0 1 0 0 1 1 1 1 0 1 1 0 0 0 0
 0 1 1 1 1 1 1 1 0 0 1 1 1 1 0 0 1 0 0 1 1 1 1 1 0 0]
 Training accuracy at 100 out of 20000 is 0.702(0.500),cost is 6.673(0.765)
[1 0 0 0 0 0 1 1 1 1 1 0 1 1 0 0 0 0 1 0 1 1 0 0 1 0 1 1 0 1 1 1 1 1 0 1 1
 0 1 1 0 1 0 0 1 1 1 1 0 0 0 0 1 0 1 1 1 1 1 0 1 0 0 1 1 0 1 0 0 1 1 1 1 1
 1 1 0 1 1 1 0 1 0 0 0 0 1 1 0 0 1 0 1 1 1 0 1 0 0 0]
 Training accuracy at 200 out of 20000 is 0.812(0.490),cost is 5.118(0.872)
[1 0 0 1 0 0 1 1 1 1 1 0 1 1 0 0 0 0 1 0 1 1 0 0 1 0 1 1 0 1 1 0 0 0 0 1 1
 0 1 1 0 0 0 0 1 0 1 1 0 0 0 0 1 0 1 1 1 0 0 0 1 0 0 0 1 0 1 0 1 1 1 0 1 1
 0 0 0 0 0 1 0 1 0 0 0 0 1 0 0 0 1 0 0 0 1 0 1 1 0 0]
 Training accuracy at 300 out of 20000 is 0.898(0.480),cost is 3.529(1.026)
[1 0 0 1 0 0 1 0 1 0 1 0 1 1 1 0 0 0 1 0 1 1 0 0 1 0 1 1 0 1 1 0 0 0 0 1 1
 0 1 1 0 0 0 1 1 0 1 1 0 0 0 0 1 0 1 1 1 1 1 0 1 0 1 0 1 0 1 0 1 1 1 0 1 1
 1 1 0 0 0 1 0 1 0 0 0 0 1 1 1 0 1 0 0 0 1 1 1 1 0 0]
 Training accuracy at 400 out of 20000 is 0.931(0.520),cost is 2.589(1.199)
[1 0 0 1 0 0 1 0 1 1 0 0 1 1 1 0 0 0 1 0 1 1 0 0 1 0 1 1 0 1 1 0 0 1 0 1 1
 0 1 1 0 1 0 0 0 0 1 1 0 0 0 0 1 0 1 1 1 1 0 0 1 0 0 0 1 0 1 1 0 1 1 0 1 1
 1 0 0 0 0 1 0 1 0 1 0 0 1 1 0 0 1 0 0 0 1 1 1 1 0 0]
 Training accuracy at 500 out of 20000 is 0.964(0.550),cost is 1.613(1.349)
[1 0 0 0 0 0 1 0 1 1 0 0 1 1 0 0 0 0 1 0 1 1 0 0 1 0 1 0 0 1 1 0 1 1 0 1 1
 0 1 1 0 1 0 0 0 0 1 1 0 0 0 0 1 0 1 1 0 1 0 0 1 0 1 0 1 0 1 0 1 0 1 1 1 1
 1 0 0 1 0 1 0 1 0 1 0 0 1 1 1 0 1 0 0 0 1 1 1 1 0 0]
 Training accuracy at 600 out of 20000 is 0.988(0.490),cost is 1.003(1.693)
[1 0 0 0 0 0 1 0 1 0 0 0 0 1 1 0 0 0 1 0 1 1 0 0 1 0 1 0 0 1 1 0 0 1 0 1 1
 0 1 1 0 1 0 0 0 0 1 0 0 0 0 0 1 0 1 1 0 1 1 0 1 0 0 0 1 0 1 0 0 1 1 0 1 1
 1 0 0 1 0 1 0 1 0 0 0 0 1 1 1 0 1 0 0 0 1 1 1 1 0 0]
 Training accuracy at 700 out of 20000 is 0.990(0.520),cost is 0.808(1.946)
[1 0 0 0 0 0 1 0 1 0 0 0 0 1 1 0 0 0 1 0 1 1 0 0 1 0 1 1 0 1 1 0 0 1 0 1 1
 0 1 1 1 1 0 0 0 0 1 1 0 0 0 0 1 0 1 1 1 1 1 0 1 0 1 0 1 0 1 0 0 1 1 0 1 0
 1 0 0 1 0 1 0 1 0 0 0 1 1 0 1 0 1 0 1 0 1 0 1 1 1 0]
 Training accuracy at 800 out of 20000 is 0.995(0.490),cost is 0.686(2.064)
[1 0 0 0 0 0 1 0 1 0 0 0 0 1 0 0 0 0 1 0 1 1 0 0 1 0 1 1 0 1 1 0 0 1 0 1 1
 0 1 1 1 1 0 0 0 0 1 1 0 0 0 0 1 0 1 1 1 1 0 0 1 0 1 0 0 0 1 0 1 1 1 0 1 0
 1 0 0 0 0 1 0 1 0 1 0 0 1 0 1 0 1 0 0 1 1 0 1 1 0 0]
 Training accuracy at 900 out of 20000 is 0.999(0.490),cost is 0.411(2.156)
[1 0 0 0 0 0 1 0 1 0 0 0 0 0 0 0 0 0 1 0 1 1 0 0 1 0 1 1 0 1 1 0 0 1 0 1 1
 0 1 1 1 1 0 0 0 0 1 0 0 0 0 0 1 0 1 1 0 0 0 0 1 0 1 0 0 0 1 1 1 1 1 0 1 0
 1 0 0 0 0 1 0 0 0 0 0 1 1 1 1 0 1 0 0 0 1 0 1 0 0 0]
 Training accuracy at 1000 out of 20000 is 0.996(0.440),cost is 0.406(2.489)
[1 0 0 0 0 0 1 0 1 0 0 0 0 1 0 0 0 0 1 0 1 1 0 0 1 0 1 1 0 1 1 0 0 1 0 1 1
 0 1 1 1 1 0 0 0 0 1 1 0 0 0 0 1 0 1 1 0 1 1 0 1 0 1 0 1 0 1 1 1 1 1 0 1 0
 1 0 0 1 0 1 0 1 0 0 0 1 1 0 1 0 1 0 0 0 1 0 1 1 1 0]
 Training accuracy at 1100 out of 20000 is 0.998(0.480),cost is 0.236(2.483)
[1 0 0 1 0 0 1 1 1 0 0 0 1 1 0 0 0 0 1 0 1 1 0 0 1 0 1 1 0 1 1 0 0 1 0 1 1
 0 1 1 0 1 0 0 0 0 1 1 0 0 0 0 1 0 1 1 1 1 1 0 1 0 0 0 1 0 1 0 1 1 1 0 1 0
 1 0 0 1 0 1 0 1 0 0 0 1 1 0 1 0 1 0 0 0 1 0 1 1 0 0]
 Training accuracy at 1200 out of 20000 is 1.000(0.500),cost is 0.259(2.672)
[1 0 0 0 0 0 1 1 1 0 0 0 0 1 0 0 0 0 1 0 1 1 0 0 1 0 1 0 0 1 1 0 0 1 0 1 1
 0 1 1 0 0 0 0 0 0 1 0 0 0 0 0 1 0 1 1 0 1 1 0 1 0 0 0 1 0 1 0 0 1 1 0 1 0
 1 0 0 1 0 1 0 1 0 0 0 0 1 0 1 0 1 0 0 1 1 0 0 0 0 0]
 Training accuracy at 1300 out of 20000 is 0.997(0.450),cost is 0.246(2.925)
[1 0 0 0 0 0 1 1 1 0 0 0 0 1 1 0 0 0 1 0 1 1 0 0 1 0 0 1 0 1 1 0 0 1 0 1 1
 0 1 1 1 1 0 0 0 0 1 1 0 0 0 0 1 1 1 1 0 1 1 0 1 0 0 0 1 0 1 1 1 1 1 0 1 0
 1 0 0 0 0 1 0 1 0 0 0 1 1 0 1 0 1 0 0 0 1 0 1 1 0 0]
 Training accuracy at 1400 out of 20000 is 1.000(0.490),cost is 0.161(2.879)
[1 0 0 0 0 0 1 0 1 0 0 0 0 1 1 0 0 0 1 0 1 1 0 0 1 0 1 1 0 1 1 0 0 1 0 1 1
 0 1 1 0 1 0 0 0 0 1 0 0 0 0 0 1 0 1 1 0 1 1 0 1 0 0 0 1 0 1 0 0 1 1 0 1 0
 1 0 0 1 0 1 0 1 0 0 0 1 1 0 1 0 1 0 0 1 0 1 1 1 1 0]
 Training accuracy at 1500 out of 20000 is 0.999(0.490),cost is 0.139(2.684)
[1 0 0 0 0 0 0 0 1 0 1 0 0 1 0 0 0 0 1 0 1 1 0 0 1 0 1 1 0 1 1 0 0 1 0 1 1
 0 1 1 0 1 0 0 0 0 1 1 0 0 0 0 1 0 1 1 0 1 1 0 1 0 1 0 0 0 1 0 1 1 1 0 1 0
 1 0 0 0 0 1 0 1 0 0 0 1 1 0 1 0 1 0 0 0 1 0 1 1 1 0]
 Training accuracy at 1600 out of 20000 is 1.000(0.460),cost is 0.115(3.403)
[1 0 0 0 0 0 1 1 1 0 0 0 0 1 1 0 0 0 1 0 1 1 0 0 1 0 1 0 0 1 1 0 0 1 0 1 1
 0 1 1 1 1 0 0 0 0 1 1 0 0 0 0 1 0 1 1 1 0 1 0 1 0 1 0 1 0 1 0 1 1 1 0 1 0
 1 0 0 0 0 1 0 1 0 0 0 1 1 0 1 0 1 0 0 0 1 1 1 0 0 0]
 Training accuracy at 1700 out of 20000 is 1.000(0.480),cost is 0.098(3.117)
[1 0 0 0 0 0 1 0 0 0 1 0 0 1 1 0 0 0 1 0 1 1 0 0 1 0 0 1 0 0 1 0 0 1 0 1 1
 0 1 1 0 1 0 0 0 0 1 1 0 0 0 0 1 1 1 1 0 1 1 0 1 0 1 0 0 0 1 0 0 1 1 0 1 0
 1 0 0 1 0 1 0 0 0 0 0 0 1 0 1 0 1 0 0 1 1 0 1 1 0 0]
 Training accuracy at 1800 out of 20000 is 1.000(0.480),cost is 0.116(3.329)
[1 0 0 0 0 0 0 1 1 0 1 0 1 1 0 0 0 0 1 0 1 1 0 0 1 0 1 0 0 1 1 0 1 0 0 1 1
 0 1 1 0 1 0 0 0 0 1 1 0 1 0 0 1 0 1 1 0 1 1 0 1 0 0 0 0 0 1 0 1 1 1 0 0 0
 1 0 0 0 0 1 0 0 0 1 0 1 1 0 1 0 0 0 0 0 1 1 1 1 0 0]
 Training accuracy at 1900 out of 20000 is 0.999(0.490),cost is 0.128(3.282)
[1 0 0 0 0 0 1 1 0 0 0 0 1 1 1 0 0 0 1 0 1 1 0 0 1 0 0 1 0 1 1 0 0 1 0 1 1
 0 0 1 0 1 0 0 1 0 1 1 0 1 0 0 1 0 1 1 1 1 1 0 1 0 1 0 0 0 1 0 1 1 1 0 1 0
 1 0 0 0 0 1 0 1 0 0 0 1 1 0 1 0 1 0 0 0 1 1 1 1 1 0]
 Training accuracy at 2000 out of 20000 is 1.000(0.500),cost is 0.074(3.394)
[1 0 0 0 0 0 1 1 1 0 0 0 0 1 1 0 0 0 1 0 1 1 0 0 1 0 1 1 0 1 1 0 1 1 0 1 1
 0 1 1 0 1 0 0 0 0 1 1 0 0 0 0 1 0 1 1 0 1 1 0 1 0 1 0 0 0 1 0 1 1 1 0 1 0
 1 0 0 0 0 1 0 1 0 0 0 1 1 0 1 0 1 0 0 0 1 1 1 0 1 0]
 Training accuracy at 2100 out of 20000 is 1.000(0.470),cost is 0.061(3.422)
[1 0 0 0 0 0 1 0 1 0 0 0 0 1 0 0 0 0 1 1 1 1 0 0 1 0 1 1 0 1 1 0 0 1 0 1 1
 0 1 1 0 1 0 0 0 0 1 1 0 0 0 0 1 0 1 1 0 1 1 0 1 0 1 0 0 0 1 0 1 1 1 0 0 0
 1 0 0 0 0 1 0 1 0 0 0 1 1 0 1 0 1 0 0 1 0 1 1 0 1 0]
 Training accuracy at 2200 out of 20000 is 1.000(0.480),cost is 0.054(3.687)
[1 0 0 1 0 0 1 0 1 0 0 0 0 1 1 0 0 0 1 0 1 1 0 0 1 0 1 1 0 0 1 0 0 1 0 1 1
 0 1 1 0 1 0 0 0 0 1 1 0 1 0 0 1 0 1 1 0 1 1 0 1 0 1 0 1 0 1 0 1 1 1 0 0 0
 1 0 0 0 0 1 0 1 0 0 0 1 1 0 1 0 1 0 0 1 1 1 1 1 1 0]
 Training accuracy at 2300 out of 20000 is 1.000(0.520),cost is 0.070(3.718)
[1 0 0 1 0 0 1 1 1 0 0 0 0 1 1 0 0 0 1 0 1 1 0 0 1 0 0 1 0 0 1 0 0 1 0 1 1
 0 1 1 1 1 0 0 1 0 1 1 0 0 0 0 1 0 1 1 1 1 0 0 1 0 1 0 0 0 1 0 1 1 0 0 1 0
 1 0 0 0 1 1 0 1 0 0 0 1 1 0 1 0 1 0 0 1 1 1 1 1 1 0]
 Training accuracy at 2400 out of 20000 is 1.000(0.530),cost is 0.073(3.398)
[1 0 0 1 0 0 1 0 0 0 0 0 0 1 0 0 0 0 1 0 1 1 0 0 1 0 0 1 0 1 1 0 0 0 0 1 1
 0 1 1 0 1 0 0 0 0 0 1 0 0 0 0 1 0 1 1 1 0 0 0 1 0 1 0 0 0 1 0 1 1 1 0 0 0
 1 0 0 0 0 1 0 1 0 0 0 1 1 0 1 0 0 0 0 1 1 1 1 0 1 0]
 Training accuracy at 2500 out of 20000 is 1.000(0.530),cost is 0.100(3.707)
[1 0 0 0 0 0 1 0 0 0 0 0 0 1 0 0 0 0 1 0 1 1 0 0 1 0 0 1 0 1 1 0 1 0 0 1 1
 0 1 1 0 1 0 0 0 0 0 1 0 0 0 0 1 0 1 1 1 1 0 0 1 0 1 0 1 0 1 0 1 1 1 0 0 0
 1 0 0 0 0 1 0 1 0 0 0 1 1 0 1 0 1 0 0 0 1 0 1 1 1 0]
 Training accuracy at 2600 out of 20000 is 1.000(0.490),cost is 0.096(3.741)
[1 0 0 0 0 0 1 0 1 0 1 0 0 1 1 0 0 0 1 0 1 1 0 0 1 0 1 0 0 1 1 0 0 1 0 1 1
 0 1 1 1 1 0 0 0 0 1 1 0 0 0 0 1 0 1 1 0 1 1 0 1 0 1 0 0 0 1 0 1 1 1 0 1 0
 1 0 0 0 0 1 0 1 0 0 0 1 1 0 1 0 1 0 0 0 1 1 1 0 1 0]
 Training accuracy at 2700 out of 20000 is 1.000(0.480),cost is 0.049(4.064)
[1 0 0 0 0 0 1 0 1 0 0 0 0 1 1 0 0 0 1 0 1 1 0 0 1 0 1 1 0 0 1 0 1 1 0 1 1
 0 1 1 0 1 0 0 0 0 1 1 0 0 0 0 1 0 1 1 1 0 0 0 1 0 1 0 1 0 1 0 1 1 1 0 1 0
 1 0 0 1 0 1 0 1 0 0 0 1 1 0 1 0 1 0 0 0 1 0 1 0 0 0]
 Training accuracy at 2800 out of 20000 is 1.000(0.480),cost is 0.035(4.304)
[1 0 0 0 0 0 1 0 1 0 1 0 0 1 1 0 0 0 1 0 1 1 0 0 1 0 0 0 0 0 1 0 0 1 0 1 1
 0 1 1 1 1 0 0 0 0 1 1 0 0 0 0 1 0 1 1 1 1 0 0 1 0 1 0 1 0 1 0 1 1 1 0 1 0
 1 0 0 0 0 1 0 1 0 0 0 1 1 0 1 0 1 0 0 1 1 0 1 1 1 0]
 Training accuracy at 2900 out of 20000 is 1.000(0.500),cost is 0.046(4.251)
[1 0 0 0 0 0 1 0 0 0 1 0 0 1 0 0 0 0 1 0 1 1 0 0 1 0 1 1 0 1 1 0 0 1 0 1 1
 0 1 1 0 1 0 0 0 0 1 1 0 0 0 0 1 0 1 1 0 1 1 0 1 0 1 0 0 0 1 0 1 1 1 0 1 0
 1 1 0 1 0 1 0 1 0 0 0 1 1 0 1 0 1 0 0 0 1 0 1 1 1 0]
 Training accuracy at 3000 out of 20000 is 1.000(0.480),cost is 0.037(4.619)
[1 0 0 0 0 0 1 0 1 0 1 0 0 1 0 0 0 0 1 0 1 1 0 0 1 0 1 0 0 1 1 0 0 1 0 1 1
 0 1 1 0 1 0 0 0 0 1 1 0 0 0 0 1 0 1 1 0 1 0 0 1 0 0 0 0 0 1 0 0 1 1 0 0 0
 1 0 0 1 0 1 0 1 0 0 0 1 1 0 1 0 1 0 0 0 1 0 1 1 1 0]
 Training accuracy at 3100 out of 20000 is 1.000(0.490),cost is 0.032(4.847)
[1 0 0 0 0 0 1 1 1 0 1 0 0 0 0 0 0 0 1 1 1 1 0 0 1 0 0 0 0 1 1 0 1 0 0 1 1
 0 1 1 0 1 0 0 0 0 1 1 0 0 0 0 1 0 1 1 0 1 1 0 1 0 1 0 0 0 1 0 1 1 1 0 1 0
 1 0 0 1 0 1 1 1 0 0 0 1 1 1 1 0 1 0 0 0 1 0 1 1 1 0]
 Training accuracy at 3200 out of 20000 is 1.000(0.470),cost is 0.045(4.289)
[1 0 0 0 0 0 1 0 1 0 1 0 0 1 0 0 0 0 1 0 1 1 0 0 1 0 0 0 0 1 1 0 0 1 0 1 1
 0 1 1 0 1 0 0 0 0 1 1 0 0 0 0 1 0 1 1 1 1 1 0 1 0 1 0 1 0 1 0 1 1 1 0 1 0
 1 0 0 1 1 1 1 1 0 0 0 1 1 0 1 0 1 0 0 1 1 0 1 1 0 0]
 Training accuracy at 3300 out of 20000 is 1.000(0.500),cost is 0.034(4.252)
[1 0 0 0 0 0 0 1 1 0 1 0 0 1 0 0 0 0 1 0 1 1 0 0 1 0 0 1 0 1 1 0 0 0 0 1 1
 0 1 1 0 1 0 0 0 0 1 1 0 1 0 0 1 0 1 1 1 1 1 0 1 0 1 0 1 0 1 0 1 1 1 0 1 0
 1 0 0 1 0 1 1 1 0 0 0 1 1 0 1 0 1 0 0 0 1 0 1 1 1 0]
 Training accuracy at 3400 out of 20000 is 1.000(0.460),cost is 0.029(4.818)
[1 0 0 0 0 0 1 0 1 0 1 0 0 1 1 0 0 0 1 0 1 1 0 0 1 0 0 0 0 0 1 0 0 1 0 1 1
 0 1 1 0 1 0 0 0 0 1 1 0 0 0 0 1 0 1 1 0 1 1 0 1 0 1 0 0 0 1 0 1 0 1 0 1 0
 1 0 0 1 0 1 1 0 0 0 0 1 1 0 1 0 1 0 0 1 1 0 1 1 1 0]
 Training accuracy at 3500 out of 20000 is 1.000(0.500),cost is 0.037(4.532)
[1 0 0 0 0 0 0 0 1 0 1 0 0 1 0 0 0 0 1 1 1 1 0 0 1 0 0 0 0 0 1 0 0 1 0 1 1
 0 1 1 1 1 0 0 0 0 1 1 0 0 0 0 1 0 1 1 0 1 1 0 1 0 1 0 0 0 1 0 1 0 1 0 1 0
 1 0 0 1 0 1 0 0 0 0 0 1 1 0 1 0 1 0 0 0 1 0 1 0 1 0]
 Training accuracy at 3600 out of 20000 is 0.999(0.450),cost is 0.074(4.668)
[1 0 0 0 0 0 1 0 0 0 1 0 0 1 0 0 0 0 1 0 1 1 0 0 1 0 0 0 0 0 1 0 0 0 0 1 1
 0 1 1 0 1 0 0 0 0 1 1 0 0 0 0 1 0 1 1 0 1 1 0 1 0 1 0 0 0 1 0 1 1 1 0 0 0
 0 0 0 1 0 1 0 1 0 0 0 1 1 1 1 0 1 0 0 1 0 0 1 1 1 0]
 Training accuracy at 3700 out of 20000 is 1.000(0.520),cost is 0.032(5.067)
[1 0 0 1 0 0 1 1 1 0 1 0 0 1 0 0 0 0 1 0 1 1 0 0 1 0 1 0 0 0 1 0 0 1 0 1 1
 0 1 1 1 1 0 0 0 0 1 1 0 0 0 0 1 0 1 1 0 0 1 0 1 0 1 0 0 0 1 0 1 1 1 0 0 0
 1 0 0 1 0 1 0 1 0 0 0 1 1 0 1 0 1 0 0 0 1 0 1 1 1 0]
 Training accuracy at 3800 out of 20000 is 1.000(0.490),cost is 0.028(4.971)
[1 0 0 0 0 0 1 0 0 0 1 0 0 1 0 0 0 0 1 0 1 1 0 0 1 0 0 0 0 0 1 0 0 1 0 1 1
 0 1 1 1 1 0 0 0 0 1 1 0 0 0 0 1 0 1 1 0 1 1 0 1 0 1 0 0 0 1 0 1 1 1 0 1 0
 1 0 0 0 0 1 0 1 0 0 0 1 1 0 1 0 1 0 0 0 1 0 1 1 0 0]
 Training accuracy at 3900 out of 20000 is 1.000(0.490),cost is 0.032(4.926)
[1 0 0 0 0 0 1 0 1 0 1 0 0 1 0 0 0 0 1 0 1 1 0 0 1 0 1 0 0 1 1 0 0 1 0 1 1
 0 1 1 0 1 0 0 0 0 1 1 0 0 0 0 1 0 1 1 0 0 0 0 1 0 0 0 1 0 1 0 1 1 1 0 0 0
 1 0 0 1 0 1 1 1 0 0 0 1 1 0 1 0 0 0 0 1 0 0 1 0 1 0]
 Training accuracy at 4000 out of 20000 is 1.000(0.470),cost is 0.039(4.711)
[1 0 0 0 0 0 1 0 0 0 1 0 0 1 1 0 0 0 1 0 1 1 0 0 1 0 0 1 0 0 1 0 0 1 0 1 1
 0 1 1 1 1 0 0 0 0 1 1 0 0 0 0 1 0 1 1 0 1 1 0 0 0 1 0 0 0 1 0 1 1 1 0 0 0
 1 0 0 1 0 1 1 1 0 0 0 1 1 0 1 0 1 0 0 1 0 0 1 0 0 0]
 Training accuracy at 4100 out of 20000 is 1.000(0.500),cost is 0.034(4.523)
[1 0 0 1 0 0 1 0 1 0 1 0 0 1 0 0 0 0 1 0 1 1 0 0 1 0 1 0 0 0 1 0 0 1 0 1 1
 0 1 1 1 1 0 0 0 0 1 1 0 0 0 0 1 0 1 1 0 1 0 0 1 0 0 0 1 0 1 0 1 1 0 0 1 0
 1 0 0 0 0 1 0 1 0 0 0 1 1 0 1 0 1 0 0 0 0 0 1 1 0 0]
 Training accuracy at 4200 out of 20000 is 1.000(0.490),cost is 0.026(4.530)
[1 1 0 0 0 0 1 0 1 0 0 0 0 1 0 0 0 0 1 0 1 1 0 0 1 0 0 1 0 1 1 0 0 1 0 1 1
 0 1 1 0 1 0 0 0 0 1 0 0 0 0 0 1 0 1 1 0 1 0 0 1 0 1 0 1 0 1 0 1 1 1 0 1 0
 1 0 0 0 0 1 0 1 0 0 0 1 1 1 1 0 1 0 0 0 1 0 1 1 1 0]
 Training accuracy at 4300 out of 20000 is 1.000(0.480),cost is 0.036(5.107)
[1 1 1 1 0 0 1 1 1 0 1 0 0 1 0 0 0 0 1 0 1 1 0 0 1 0 0 1 0 0 1 0 1 1 0 1 1
 0 1 1 0 1 0 0 0 0 0 1 0 1 0 0 1 1 1 1 0 1 0 0 1 0 1 0 1 0 1 0 1 0 1 0 1 0
 1 1 0 0 0 1 0 1 0 1 0 1 1 0 1 0 1 0 0 0 1 0 1 0 1 0]
 Training accuracy at 4400 out of 20000 is 0.999(0.470),cost is 0.062(4.500)
[1 0 0 0 0 0 0 1 0 0 1 0 1 1 1 0 0 0 1 0 1 1 0 0 1 0 0 0 0 1 1 0 0 1 0 1 1
 0 1 1 0 1 0 0 0 0 1 1 0 1 0 0 1 0 1 1 0 1 1 0 1 0 1 0 1 0 1 0 1 1 1 0 1 0
 1 0 0 1 0 1 1 1 0 1 0 1 1 0 1 0 1 0 0 0 1 0 1 0 1 0]
 Training accuracy at 4500 out of 20000 is 1.000(0.440),cost is 0.038(4.695)
[1 0 0 0 0 0 0 0 1 0 0 0 0 1 0 0 0 0 1 0 1 1 0 0 1 0 1 1 0 0 1 0 0 1 0 1 1
 0 1 1 1 1 0 0 0 0 1 1 0 1 0 0 1 0 1 1 1 0 0 0 1 0 1 0 1 0 1 0 1 1 0 0 1 0
 1 1 0 0 0 1 1 1 0 0 0 1 1 1 1 0 1 0 0 0 1 0 1 0 1 0]
 Training accuracy at 4600 out of 20000 is 1.000(0.450),cost is 0.041(5.149)
[1 0 0 0 0 0 0 1 1 0 1 0 0 0 0 0 0 0 1 1 1 1 0 0 1 0 0 0 0 0 1 0 0 1 0 1 1
 0 1 1 1 1 0 0 0 0 1 1 0 0 0 0 1 0 1 1 1 1 1 0 0 0 1 0 0 0 1 0 1 0 1 0 1 0
 1 1 0 0 0 1 1 1 0 0 0 1 1 0 1 0 1 0 0 0 0 0 1 1 1 0]
 Training accuracy at 4700 out of 20000 is 1.000(0.450),cost is 0.042(5.093)
[1 0 0 0 0 0 0 0 1 0 1 0 0 1 1 0 0 0 1 1 1 1 0 0 1 0 0 0 0 0 1 0 0 1 0 1 1
 0 1 1 0 1 0 0 1 0 1 1 0 0 0 0 1 0 1 1 0 0 1 0 1 0 1 0 1 0 1 0 1 1 1 0 0 0
 1 0 0 1 1 1 1 1 0 0 0 1 1 1 1 0 1 0 0 0 1 0 1 0 1 0]
 Training accuracy at 4800 out of 20000 is 1.000(0.480),cost is 0.041(5.151)
[1 0 0 0 0 0 0 0 1 0 1 0 0 1 0 0 0 0 1 0 1 1 0 0 1 0 0 1 0 0 1 0 0 1 0 1 1
 0 1 1 0 1 0 0 0 0 1 1 0 1 0 0 1 0 1 1 0 1 0 0 1 0 1 0 0 0 1 0 1 1 0 0 1 0
 1 0 0 0 0 1 1 1 0 0 0 1 1 1 1 0 1 0 0 0 1 0 1 0 1 0]
 Training accuracy at 4900 out of 20000 is 1.000(0.460),cost is 0.034(5.057)
[1 0 0 0 0 0 0 0 1 0 1 0 0 1 0 0 0 0 1 0 1 1 0 0 1 0 1 1 0 0 1 0 0 1 0 1 1
 0 1 1 0 1 0 0 1 0 1 1 0 0 0 0 1 0 1 1 0 0 0 0 0 0 1 0 0 0 1 0 1 1 0 0 1 0
 1 0 0 0 0 1 1 1 0 0 0 1 1 1 1 0 1 0 0 0 1 0 1 0 1 0]
 Training accuracy at 5000 out of 20000 is 1.000(0.470),cost is 0.028(5.790)
[1 0 0 0 0 0 1 0 0 0 1 0 0 1 1 0 0 0 1 0 1 1 0 0 1 0 1 0 0 0 1 0 1 1 0 1 1
 0 0 1 0 1 0 0 0 0 1 1 0 0 0 0 1 0 1 1 1 0 1 0 1 0 1 0 0 0 1 0 1 0 1 0 1 0
 1 0 0 0 0 1 0 1 0 0 0 0 1 0 1 0 1 0 0 1 1 0 1 0 1 0]
 Training accuracy at 5100 out of 20000 is 1.000(0.470),cost is 0.028(5.381)
[1 0 0 0 0 0 1 0 1 0 1 0 0 1 0 0 0 0 1 0 1 1 0 0 1 0 0 1 0 0 1 0 1 1 0 1 1
 0 1 1 0 1 0 0 0 0 0 1 0 0 0 0 1 0 1 1 1 1 1 0 1 0 1 0 1 0 1 0 1 0 0 0 1 0
 1 0 0 1 0 1 0 1 0 0 0 1 1 1 1 0 1 0 0 0 1 1 1 0 1 0]
 Training accuracy at 5200 out of 20000 is 1.000(0.510),cost is 0.026(5.046)
[1 0 0 0 0 0 1 0 1 0 1 0 0 1 0 0 0 0 1 0 1 1 0 0 1 0 1 0 0 0 1 0 0 1 0 1 1
 0 1 1 1 1 0 0 0 0 1 1 0 1 0 0 1 0 1 1 0 0 1 0 1 0 0 0 1 0 1 0 1 1 1 0 0 0
 1 0 0 0 0 1 0 1 0 0 0 1 1 0 1 0 1 0 0 0 0 0 1 0 1 0]
 Training accuracy at 5300 out of 20000 is 1.000(0.450),cost is 0.022(5.587)
[1 0 0 0 0 0 1 0 1 0 1 0 0 1 1 0 0 0 1 0 1 1 0 0 1 0 0 1 0 0 1 0 1 1 0 1 1
 0 1 1 1 1 0 0 0 0 1 1 0 0 0 0 1 0 1 1 1 0 1 0 1 0 0 0 1 0 1 0 1 0 1 0 0 0
 1 0 0 0 0 1 0 1 0 0 0 1 1 1 1 0 1 0 0 0 1 0 1 0 1 0]
 Training accuracy at 5400 out of 20000 is 1.000(0.480),cost is 0.026(5.431)
[1 0 0 1 0 0 1 0 0 0 1 0 0 1 0 0 0 0 1 0 1 1 0 0 1 0 0 0 0 0 1 0 0 1 0 1 1
 0 0 1 0 1 0 0 0 0 1 1 0 1 0 0 1 0 1 1 0 0 1 0 1 0 0 0 0 0 1 0 1 0 1 0 0 0
 1 0 0 0 0 1 0 1 0 0 0 1 1 0 1 0 1 0 0 0 1 0 1 0 1 0]
 Training accuracy at 5500 out of 20000 is 0.999(0.490),cost is 0.053(5.146)
[1 0 0 0 0 0 1 1 0 0 1 0 0 1 1 0 0 0 1 0 1 1 0 0 1 0 1 1 0 0 1 0 1 1 0 1 1
 0 1 1 0 1 0 0 0 0 0 1 0 0 0 0 1 0 1 1 0 0 1 0 1 0 0 0 1 0 1 0 1 0 1 0 0 0
 1 0 0 1 0 1 0 1 0 0 0 1 1 1 1 0 1 0 0 0 0 0 1 0 0 0]
 Training accuracy at 5600 out of 20000 is 0.999(0.470),cost is 0.071(5.542)
[1 0 0 0 0 0 1 1 1 0 1 0 0 1 0 0 0 0 1 0 1 1 0 0 1 0 0 1 0 0 1 0 0 1 0 1 1
 0 0 1 0 1 0 0 0 0 1 1 0 1 0 0 1 1 1 1 0 0 0 0 1 0 0 0 1 0 1 0 1 1 1 0 1 0
 1 0 0 0 0 1 1 1 0 1 0 1 1 1 1 0 1 0 0 0 1 0 1 0 1 0]
 Training accuracy at 5700 out of 20000 is 1.000(0.450),cost is 0.030(5.144)
[1 0 0 0 0 0 1 0 0 0 1 0 0 1 0 0 0 0 1 0 1 1 0 0 1 0 0 0 0 0 1 0 0 1 0 1 1
 0 1 1 0 1 0 0 0 0 1 1 0 1 0 0 1 0 1 1 0 0 0 0 1 0 1 0 0 0 1 0 1 0 1 0 1 0
 1 0 0 0 0 1 1 1 0 1 0 1 1 0 1 0 1 0 0 0 0 0 1 1 1 0]
 Training accuracy at 5800 out of 20000 is 1.000(0.440),cost is 0.028(5.266)
[1 0 0 0 0 0 1 0 0 0 1 0 0 1 0 0 0 0 1 0 1 1 0 0 1 0 0 1 0 1 1 0 0 0 0 1 1
 0 0 1 1 1 0 0 0 0 1 1 0 1 0 0 1 0 1 1 0 0 0 0 1 0 1 0 1 0 1 0 1 1 1 0 1 0
 1 0 0 1 0 1 0 1 0 0 0 1 1 0 1 0 1 0 0 1 0 0 1 0 1 0]
 Training accuracy at 5900 out of 20000 is 1.000(0.440),cost is 0.025(6.139)
[1 0 0 0 0 0 0 0 1 0 1 0 0 1 0 0 0 0 1 0 1 1 0 0 1 0 0 1 0 0 1 0 0 1 0 1 1
 0 1 1 0 1 0 0 0 0 1 1 0 1 0 0 1 0 1 1 0 0 0 0 1 0 1 0 0 0 1 0 1 0 1 0 1 0
 1 0 0 0 0 1 0 1 0 0 0 1 1 1 1 0 1 0 0 1 1 0 1 0 1 0]
 Training accuracy at 6000 out of 20000 is 1.000(0.450),cost is 0.031(5.357)
[1 0 0 0 0 0 0 0 0 0 1 0 0 1 0 0 0 0 1 0 1 1 0 0 1 0 0 1 0 0 1 0 0 0 0 1 1
 0 0 1 0 1 0 0 0 0 1 1 0 1 0 0 1 0 1 1 0 0 0 0 1 0 1 0 1 0 1 0 1 0 1 0 0 0
 1 0 0 0 0 1 0 1 0 0 0 1 1 1 1 0 1 0 0 0 1 0 1 0 1 0]
 Training accuracy at 6100 out of 20000 is 1.000(0.450),cost is 0.023(5.387)
[1 0 0 0 0 0 1 0 0 0 1 0 0 1 0 0 0 0 1 0 1 1 0 0 1 0 0 0 0 0 1 0 1 0 0 1 1
 0 1 1 0 1 0 0 0 0 1 1 0 1 0 0 1 0 1 1 0 0 1 0 1 0 1 0 1 0 1 0 1 0 1 0 1 0
 1 0 0 1 0 1 0 1 0 1 0 1 1 0 1 0 1 0 0 0 1 0 1 0 1 0]
 Training accuracy at 6200 out of 20000 is 1.000(0.460),cost is 0.025(5.473)
[1 0 0 0 0 0 1 0 1 0 1 0 0 1 0 0 0 0 1 0 1 1 0 0 1 0 0 0 0 0 1 0 0 0 0 1 1
 0 1 1 0 1 0 0 0 0 1 1 0 0 0 0 1 0 1 1 0 1 1 0 1 0 1 0 1 0 1 0 1 0 1 0 0 0
 1 0 0 1 1 1 0 1 0 0 0 1 1 0 1 0 1 0 0 0 1 1 1 0 1 0]
 Training accuracy at 6300 out of 20000 is 1.000(0.500),cost is 0.027(5.394)
[1 0 0 0 0 0 1 0 0 0 1 0 0 1 0 0 0 0 1 0 1 1 0 0 1 0 0 1 0 0 1 0 0 1 0 1 1
 0 1 1 0 1 0 0 0 0 1 1 0 0 0 0 1 0 1 1 0 0 0 0 1 0 1 0 1 0 1 0 1 0 1 0 1 0
 1 0 0 0 1 1 0 1 0 0 0 1 1 1 1 0 1 0 0 1 1 0 1 0 1 0]
 Training accuracy at 6400 out of 20000 is 1.000(0.440),cost is 0.025(5.296)
[1 0 0 1 0 0 1 0 0 0 1 0 1 1 1 0 0 0 1 0 1 1 0 0 1 0 0 1 0 1 1 0 1 1 0 1 1
 0 0 1 0 1 0 0 0 0 1 1 0 1 0 0 1 1 1 1 0 0 0 0 1 0 1 1 0 0 1 0 1 0 1 0 1 0
 1 1 0 1 0 1 1 1 0 1 1 1 1 0 1 0 1 0 0 1 1 1 1 1 1 1]
 Training accuracy at 6500 out of 20000 is 0.998(0.480),cost is 0.073(5.104)
[1 0 0 0 0 0 0 0 0 0 1 0 0 1 1 0 0 0 1 0 1 1 0 0 1 0 0 1 0 0 1 0 0 0 0 1 1
 0 1 1 1 1 0 0 0 0 1 1 0 1 0 0 1 0 1 1 0 0 0 0 1 0 1 0 1 0 1 0 1 0 1 0 0 0
 1 0 0 0 0 1 0 1 0 0 0 1 1 1 1 0 1 0 0 0 1 1 1 1 1 0]
 Training accuracy at 6600 out of 20000 is 1.000(0.460),cost is 0.031(5.527)
[1 0 0 0 0 0 0 0 0 0 1 0 0 1 1 0 0 0 1 1 1 1 0 0 1 0 1 1 0 1 1 0 0 0 0 1 1
 0 0 1 1 1 0 0 0 0 1 1 0 1 0 0 1 0 1 1 0 0 0 0 1 0 1 0 1 1 1 0 1 1 0 0 0 0
 1 0 0 0 0 1 0 1 0 1 1 1 1 0 1 0 1 0 0 0 1 1 1 0 1 0]
 Training accuracy at 6700 out of 20000 is 1.000(0.450),cost is 0.028(5.535)
[1 0 0 0 0 0 0 0 0 0 1 0 0 1 1 0 0 0 1 1 1 1 0 0 1 0 1 0 0 1 1 0 0 0 0 1 1
 0 0 1 0 1 0 0 0 0 0 1 0 1 0 0 1 0 1 1 0 1 0 0 1 0 0 0 1 0 1 0 1 0 1 0 0 0
 1 0 0 0 0 1 0 1 0 0 0 1 1 0 1 0 1 0 0 0 1 1 1 1 1 0]
 Training accuracy at 6800 out of 20000 is 1.000(0.480),cost is 0.024(6.141)
[1 0 0 0 0 0 1 0 1 0 1 0 0 1 1 0 0 0 1 0 1 1 0 0 1 0 1 1 0 0 1 0 0 1 0 1 1
 0 1 1 0 1 0 0 0 0 1 1 0 1 0 0 1 0 1 1 0 1 1 0 1 0 1 0 0 0 1 0 1 0 0 0 1 0
 1 0 0 0 0 1 0 1 0 1 0 1 1 0 1 0 1 0 0 0 1 1 1 0 1 0]
 Training accuracy at 6900 out of 20000 is 1.000(0.490),cost is 0.032(5.506)
[1 1 0 0 0 0 0 0 0 0 1 0 0 1 0 0 0 0 1 0 1 1 0 0 1 0 0 1 0 1 1 0 0 1 0 1 1
 0 1 1 0 1 0 0 1 0 1 1 0 1 0 0 1 1 1 1 0 0 1 0 1 0 1 0 1 0 1 0 1 1 1 0 1 0
 1 0 0 1 1 1 1 1 0 0 0 1 1 1 1 0 1 0 0 1 1 0 1 0 1 0]
 Training accuracy at 7000 out of 20000 is 1.000(0.440),cost is 0.029(5.752)
[1 0 0 0 0 0 1 0 0 0 1 0 0 1 0 0 0 0 1 0 1 1 0 0 1 0 1 0 0 0 1 0 0 1 0 1 1
 0 1 1 1 1 0 0 1 0 0 1 0 1 0 0 1 0 1 1 0 0 0 0 1 0 1 0 0 0 1 0 1 0 1 0 0 0
 1 0 0 1 0 1 0 1 0 1 0 1 1 1 1 0 1 0 0 0 1 0 1 0 1 0]
 Training accuracy at 7100 out of 20000 is 1.000(0.480),cost is 0.027(5.762)
[1 0 0 0 0 0 0 0 0 0 1 0 0 1 0 0 0 0 1 1 1 1 0 0 1 0 0 1 0 1 1 0 1 1 0 1 1
 0 1 1 1 1 0 0 0 0 1 1 0 1 0 0 1 0 1 1 1 1 1 0 1 0 1 0 1 0 1 0 1 0 0 0 1 0
 1 1 0 1 1 1 1 1 0 1 1 1 1 0 1 0 1 0 0 1 1 0 1 1 1 0]
 Training accuracy at 7200 out of 20000 is 1.000(0.450),cost is 0.034(5.290)
[1 0 0 0 0 0 1 0 0 0 1 0 0 1 0 0 0 0 1 1 1 1 0 0 1 0 0 0 0 0 1 0 0 1 0 1 1
 0 1 1 0 1 0 0 0 0 1 1 0 0 0 0 1 0 1 1 0 0 0 0 1 0 1 0 1 0 1 0 1 0 0 0 0 0
 1 0 0 1 0 1 0 1 0 0 1 1 1 1 1 0 1 0 0 0 1 0 1 0 1 0]
 Training accuracy at 7300 out of 20000 is 1.000(0.480),cost is 0.025(5.948)
[1 0 0 0 0 0 1 0 0 0 1 0 0 1 0 0 0 0 1 0 1 1 0 0 1 0 0 0 0 0 1 0 0 1 0 1 1
 0 1 1 0 1 0 0 0 0 1 1 0 1 0 0 1 0 1 1 0 1 0 0 1 0 1 0 1 0 1 0 1 0 1 0 0 0
 1 0 0 1 0 1 0 1 0 1 0 1 1 1 1 0 1 0 0 1 1 0 1 1 1 0]
 Training accuracy at 7400 out of 20000 is 1.000(0.500),cost is 0.027(6.138)
[1 0 0 0 0 0 0 0 0 0 1 0 0 1 0 0 0 0 1 1 1 1 0 0 1 0 0 0 0 0 1 0 0 1 0 1 1
 0 1 1 0 1 0 0 0 0 1 1 0 1 0 0 1 0 1 1 0 0 0 0 1 0 1 0 0 0 1 0 1 1 1 0 1 0
 1 0 0 0 0 1 0 1 0 0 0 1 1 1 1 0 1 0 0 1 1 1 1 1 1 0]
 Training accuracy at 7500 out of 20000 is 1.000(0.470),cost is 0.026(6.077)
[1 0 0 0 0 0 0 1 1 0 1 0 1 1 0 0 0 0 1 1 1 1 0 0 1 0 0 1 0 0 1 0 0 1 0 1 1
 0 1 1 0 1 0 0 0 0 1 1 0 1 0 0 1 0 1 1 0 1 1 0 1 0 0 0 1 0 1 0 1 0 1 0 1 0
 1 0 0 1 1 1 0 1 0 0 0 1 1 0 1 0 1 0 0 1 1 0 1 0 1 0]
 Training accuracy at 7600 out of 20000 is 1.000(0.430),cost is 0.025(6.139)
[1 0 0 0 0 0 1 0 0 0 1 0 0 1 0 0 0 0 1 0 1 1 0 0 1 0 0 0 0 1 1 0 0 1 0 1 1
 0 1 1 0 1 0 0 0 0 1 1 0 1 0 0 1 0 1 1 1 1 0 0 1 0 0 0 1 0 1 0 1 0 1 0 1 0
 1 0 0 0 0 1 0 1 0 1 0 1 1 0 1 0 1 0 0 1 1 0 1 1 1 0]
 Training accuracy at 7700 out of 20000 is 1.000(0.480),cost is 0.024(6.019)
[1 0 0 0 0 0 1 0 0 0 1 0 0 1 0 0 0 0 1 1 1 1 0 0 1 0 0 1 0 1 1 0 1 1 0 1 1
 0 1 1 0 1 0 0 1 0 1 1 0 1 0 0 1 0 1 1 0 0 1 0 1 0 1 0 1 0 1 0 1 1 1 0 0 0
 1 0 0 0 1 1 0 1 0 0 0 1 1 0 1 0 1 0 0 0 1 0 1 1 1 0]
 Training accuracy at 7800 out of 20000 is 1.000(0.430),cost is 0.024(5.914)
[1 0 0 0 0 0 1 0 0 0 1 0 0 1 0 0 0 0 1 0 1 1 0 0 1 0 1 0 0 0 1 0 0 1 0 1 1
 0 1 1 0 1 0 0 0 0 1 1 0 1 0 0 1 0 1 1 0 0 0 0 1 0 1 0 1 0 1 0 1 0 1 0 0 0
 1 0 0 1 0 1 0 1 0 1 0 1 1 0 1 0 0 0 0 0 1 0 1 1 1 0]
 Training accuracy at 7900 out of 20000 is 1.000(0.470),cost is 0.025(6.054)
[1 0 0 0 0 0 1 0 0 0 1 0 0 1 1 0 0 0 1 1 1 1 0 0 1 0 0 0 0 0 1 0 0 1 0 1 1
 0 1 1 0 1 0 0 0 0 0 1 0 1 0 0 1 0 1 1 0 0 0 0 1 0 1 0 1 0 1 0 1 1 1 0 0 1
 1 0 0 1 0 1 0 1 0 0 0 1 1 0 1 0 1 0 0 0 1 0 1 0 1 0]
 Training accuracy at 8000 out of 20000 is 1.000(0.480),cost is 0.022(6.575)
[1 1 0 0 0 0 0 0 0 0 1 0 0 1 0 0 0 0 1 1 1 1 0 0 1 0 0 0 0 0 1 0 0 1 0 1 1
 0 1 1 0 1 0 0 0 0 0 1 0 1 0 0 1 1 1 1 0 1 1 0 1 0 0 0 1 0 1 0 1 0 1 0 0 0
 1 0 0 0 0 1 0 1 0 1 0 1 1 0 1 0 1 0 0 0 1 0 1 0 1 0]
 Training accuracy at 8100 out of 20000 is 1.000(0.470),cost is 0.035(5.893)
[1 0 0 0 0 0 1 0 0 0 1 0 0 1 1 0 0 0 1 1 1 1 0 0 1 0 1 1 0 0 1 0 0 1 0 1 1
 0 1 1 0 1 0 0 0 0 1 1 0 1 0 0 1 0 1 1 0 0 0 0 1 0 1 0 0 0 1 0 1 1 1 0 1 0
 1 0 0 0 0 1 0 1 0 1 0 1 1 1 1 0 1 0 0 1 1 0 1 1 1 0]
 Training accuracy at 8200 out of 20000 is 1.000(0.470),cost is 0.026(6.154)
[1 0 0 0 0 0 1 0 0 0 1 0 0 1 1 0 0 0 1 1 1 1 0 0 1 0 0 1 0 0 1 0 0 1 0 0 1
 0 1 1 0 1 0 0 1 0 1 1 0 1 0 0 1 0 1 1 1 1 1 0 1 0 1 0 1 0 1 0 1 1 1 0 1 0
 1 1 0 0 1 1 0 1 0 0 0 1 1 0 1 0 1 0 0 0 1 0 1 1 1 0]
 Training accuracy at 8300 out of 20000 is 1.000(0.470),cost is 0.024(6.666)
[1 0 0 0 0 0 1 0 1 0 1 0 0 1 1 0 0 0 1 1 1 1 0 0 1 0 0 1 0 0 1 0 0 1 0 1 1
 0 1 1 0 1 0 0 0 0 1 1 0 1 0 0 1 0 1 1 0 0 0 0 1 0 1 0 1 0 1 0 1 1 1 0 1 0
 1 0 0 1 1 1 1 1 0 0 0 1 1 0 1 0 1 0 0 1 1 0 1 1 1 0]
 Training accuracy at 8400 out of 20000 is 1.000(0.450),cost is 0.023(6.577)
[1 0 0 0 0 0 1 0 0 0 1 0 0 1 1 0 0 0 1 1 1 1 0 0 1 0 0 1 0 0 1 0 0 0 0 1 1
 0 1 1 0 1 0 0 0 0 1 1 0 1 0 0 1 0 1 1 0 0 0 0 1 0 1 0 1 0 1 0 1 1 1 0 0 0
 1 0 0 1 0 1 0 1 0 1 0 1 1 0 1 0 1 0 0 0 1 0 1 0 1 0]
 Training accuracy at 8500 out of 20000 is 1.000(0.470),cost is 0.023(6.353)
[1 0 0 0 0 0 1 0 1 0 1 0 0 1 0 0 0 0 1 1 1 1 0 0 1 0 0 0 0 0 1 0 0 1 0 1 1
 0 1 1 0 1 0 0 1 0 1 1 0 1 0 0 1 0 1 1 0 1 1 0 1 0 0 0 0 0 1 0 1 0 1 0 0 1
 1 0 0 1 1 1 0 1 0 0 0 1 1 0 1 0 1 0 0 0 1 0 1 0 1 0]
 Training accuracy at 8600 out of 20000 is 1.000(0.500),cost is 0.032(6.074)
[1 0 0 0 0 0 1 0 0 0 1 0 0 1 0 0 0 0 1 0 1 1 0 0 1 0 0 0 0 0 1 0 0 1 0 1 1
 0 0 1 0 1 0 0 0 0 1 1 0 1 0 0 1 0 1 1 1 0 0 0 1 0 0 0 0 0 1 0 1 1 1 0 0 0
 1 1 0 0 1 1 0 1 0 0 0 1 1 0 1 0 1 0 0 0 1 0 1 1 1 0]
 Training accuracy at 8700 out of 20000 is 1.000(0.500),cost is 0.023(6.543)
[1 0 0 0 0 0 1 0 0 0 1 0 0 1 1 0 0 0 1 1 1 1 0 0 1 0 0 0 0 0 1 0 0 1 0 1 1
 0 1 1 0 1 0 0 0 0 1 1 0 0 0 0 1 0 1 1 1 1 0 0 1 0 1 0 0 0 1 0 1 1 1 0 0 0
 1 0 0 1 1 1 0 1 0 0 0 1 1 0 1 0 1 0 0 0 1 0 1 1 1 0]
 Training accuracy at 8800 out of 20000 is 1.000(0.500),cost is 0.023(6.354)
[1 0 0 0 0 0 1 0 0 0 1 0 0 1 1 0 0 0 1 0 1 1 0 0 1 0 1 0 0 0 1 0 0 1 0 1 0
 0 1 1 1 1 0 0 0 0 1 1 0 0 0 0 1 0 1 1 1 0 0 0 1 0 1 0 0 0 1 0 1 1 1 0 1 0
 1 0 0 1 0 1 0 1 0 0 0 1 1 0 1 0 1 0 0 0 1 0 1 1 1 0]
 Training accuracy at 8900 out of 20000 is 1.000(0.490),cost is 0.030(5.986)
[1 0 0 0 0 0 1 0 0 0 1 0 0 1 0 0 0 0 1 0 1 1 0 0 1 0 0 0 0 0 1 0 0 1 0 1 1
 0 1 1 1 1 0 0 0 0 1 1 0 1 0 0 1 0 1 1 1 0 0 0 1 0 1 0 0 0 1 0 1 1 1 0 1 0
 1 1 0 1 0 1 0 1 0 0 0 1 1 0 1 0 1 0 0 0 1 0 1 0 1 0]
 Training accuracy at 9000 out of 20000 is 1.000(0.470),cost is 0.030(6.159)
[1 1 0 0 0 0 1 0 0 0 1 0 0 1 0 0 0 0 1 0 1 1 0 0 1 0 0 1 0 0 1 0 0 1 0 1 0
 0 1 1 0 1 0 0 1 0 1 1 0 1 0 0 1 0 1 1 0 0 1 1 1 0 1 0 1 0 1 0 1 1 1 0 1 0
 1 1 0 0 1 1 0 1 0 1 0 1 1 0 1 0 1 0 0 0 1 0 1 0 1 0]
 Training accuracy at 9100 out of 20000 is 1.000(0.490),cost is 0.028(5.876)
[1 1 0 0 0 0 1 0 1 0 1 0 0 1 1 0 0 0 1 0 1 1 0 0 1 0 0 1 0 0 1 0 0 1 0 1 1
 0 1 1 0 1 0 0 0 0 1 1 0 1 0 0 1 0 1 1 1 0 1 0 1 0 1 0 0 0 1 0 1 1 1 0 1 0
 1 1 0 1 1 1 0 1 0 0 0 1 1 1 1 0 1 0 0 1 1 0 1 0 1 0]
 Training accuracy at 9200 out of 20000 is 1.000(0.520),cost is 0.028(5.618)
[1 0 0 0 0 0 1 0 0 0 1 0 0 1 1 0 0 0 1 0 1 1 0 0 1 0 1 1 0 1 1 0 0 1 0 1 1
 0 1 1 0 1 0 0 0 0 1 1 0 1 0 0 1 0 1 1 1 0 1 0 1 0 0 0 1 0 1 0 1 1 1 0 0 0
 1 0 0 1 0 1 0 1 0 0 0 1 1 0 1 0 1 0 0 0 1 0 1 0 1 0]
 Training accuracy at 9300 out of 20000 is 1.000(0.470),cost is 0.023(5.945)
[1 0 0 0 0 0 1 0 1 0 1 0 0 1 1 0 0 0 1 0 1 1 0 0 1 0 1 0 0 0 1 0 0 1 0 1 1
 0 1 1 0 1 0 0 0 0 1 1 0 0 0 0 1 1 1 1 0 0 0 0 1 0 0 0 1 0 1 0 1 1 1 0 1 0
 1 0 0 0 0 1 0 1 0 0 0 1 1 0 1 0 1 0 0 0 0 0 1 1 1 0]
 Training accuracy at 9400 out of 20000 is 1.000(0.460),cost is 0.027(5.711)
[1 0 0 0 0 0 1 0 1 0 1 0 0 1 1 0 0 0 1 1 1 1 0 0 1 0 1 0 0 0 1 0 0 1 0 1 1
 0 0 1 1 1 0 0 0 0 1 1 0 0 0 0 1 0 1 1 0 0 0 0 1 0 0 0 1 0 1 0 1 1 0 0 1 0
 1 0 0 1 0 1 0 1 0 1 0 1 1 1 1 0 1 0 0 1 1 0 1 1 1 0]
 Training accuracy at 9500 out of 20000 is 1.000(0.520),cost is 0.025(5.618)
[1 0 0 0 0 0 1 0 0 0 1 0 0 1 1 0 0 0 1 1 1 1 0 0 1 0 0 1 0 0 1 0 0 1 0 1 1
 0 0 1 1 1 0 0 1 0 1 1 0 1 0 0 1 0 1 1 0 1 0 0 1 0 1 0 1 0 1 0 1 0 1 0 1 0
 1 0 0 1 0 1 0 1 0 0 0 1 1 1 1 0 1 0 0 1 1 0 1 1 1 0]
 Training accuracy at 9600 out of 20000 is 1.000(0.480),cost is 0.023(6.385)
[1 0 0 0 0 0 1 0 0 0 1 0 0 1 0 0 0 0 1 0 1 1 0 0 1 0 0 1 0 0 1 0 0 1 0 1 0
 0 1 1 0 1 0 0 0 0 1 1 0 1 0 0 1 0 1 1 0 0 1 0 1 0 1 0 1 0 1 0 1 0 1 0 1 0
 1 0 0 0 1 1 0 0 0 0 0 1 1 1 1 0 1 0 0 1 0 0 1 0 1 0]
 Training accuracy at 9700 out of 20000 is 1.000(0.430),cost is 0.028(6.954)
[1 0 0 0 0 0 1 0 0 0 1 0 0 1 1 0 0 0 1 1 1 1 0 0 1 0 1 0 0 0 1 0 0 1 0 1 0
 0 1 1 0 1 0 0 0 0 1 1 0 1 0 0 1 1 1 1 0 0 0 0 0 0 0 0 1 0 1 0 1 1 1 0 0 0
 1 0 0 0 0 1 0 1 0 0 0 1 1 1 1 0 1 0 0 0 1 0 1 0 1 0]
 Training accuracy at 9800 out of 20000 is 1.000(0.470),cost is 0.025(6.244)
[1 1 0 0 0 0 1 1 0 0 1 0 0 1 0 0 0 0 1 0 1 1 0 0 1 0 1 1 0 0 1 0 0 1 0 1 1
 0 1 1 1 1 0 0 0 0 1 1 0 1 0 0 1 1 1 1 0 0 0 1 1 0 1 0 1 0 1 0 1 0 1 0 1 0
 1 0 0 0 0 1 0 1 0 0 0 1 0 1 1 0 1 0 0 1 1 0 1 0 1 0]
 Training accuracy at 9900 out of 20000 is 1.000(0.410),cost is 0.025(6.122)
[1 0 0 0 0 0 1 0 0 0 1 0 0 1 0 0 0 0 1 0 1 1 0 0 1 0 0 1 0 1 1 0 0 1 0 1 0
 0 1 1 0 1 0 0 0 0 1 1 0 1 0 0 1 1 1 1 0 1 0 0 1 0 1 0 1 0 1 0 1 0 1 0 0 0
 1 1 0 0 0 1 1 1 0 0 0 1 1 1 1 0 1 0 0 1 1 0 1 0 1 0]
 Training accuracy at 10000 out of 20000 is 1.000(0.450),cost is 0.034(6.025)
[1 0 0 0 0 0 1 0 0 0 0 0 0 1 0 0 0 0 1 0 1 1 0 0 1 0 0 1 0 1 1 0 0 1 0 1 1
 0 1 1 1 1 0 0 0 0 1 1 0 1 0 0 1 0 1 1 0 1 1 0 1 0 1 0 0 0 1 0 1 0 1 0 0 0
 1 1 0 0 0 1 1 1 0 1 0 1 1 1 1 0 1 0 0 1 1 1 1 0 1 0]
 Training accuracy at 10100 out of 20000 is 1.000(0.490),cost is 0.029(6.145)
[1 0 0 0 0 0 1 0 0 0 1 0 0 1 1 0 0 0 1 0 1 1 0 0 1 0 0 1 0 0 1 0 0 1 0 1 0
 0 1 1 1 1 0 0 0 0 1 1 0 0 0 0 1 0 1 1 0 0 0 0 1 0 0 0 1 0 1 0 1 1 1 0 0 0
 1 0 0 0 0 1 0 1 0 0 0 1 1 1 1 0 1 0 0 1 1 1 1 0 1 0]
 Training accuracy at 10200 out of 20000 is 1.000(0.500),cost is 0.028(5.586)
[1 1 0 0 0 0 1 0 1 0 1 0 0 1 0 0 0 0 1 0 1 1 0 0 1 0 1 1 0 1 1 0 0 1 0 1 1
 0 1 1 1 1 0 0 1 0 1 1 0 1 0 0 1 0 1 1 0 0 1 0 1 0 1 0 1 0 1 0 1 0 1 0 0 0
 1 0 0 0 0 1 1 1 0 1 0 1 1 1 1 0 1 0 0 1 1 1 1 1 1 0]
 Training accuracy at 10300 out of 20000 is 1.000(0.480),cost is 0.023(6.304)
[1 0 0 0 0 0 0 0 1 0 0 0 0 1 1 0 0 0 1 0 1 1 0 0 0 0 1 1 0 0 1 0 0 1 0 1 1
 0 1 1 1 1 0 0 0 0 1 1 0 0 0 0 1 0 1 1 1 0 0 0 1 0 1 0 1 0 1 0 1 1 1 0 0 0
 1 0 0 0 0 1 0 1 0 0 0 1 1 1 1 0 1 0 0 1 1 0 1 1 1 0]
 Training accuracy at 10400 out of 20000 is 1.000(0.500),cost is 0.028(6.678)
[1 0 0 0 0 0 1 0 0 0 1 0 0 1 1 0 0 0 1 0 1 1 0 0 1 0 0 0 0 0 1 0 0 1 0 1 1
 0 1 1 1 1 0 0 0 0 0 1 0 0 0 0 1 1 1 1 1 0 1 0 1 0 1 0 1 0 1 0 1 1 1 0 0 0
 1 0 0 0 1 1 1 1 0 1 0 1 1 1 1 0 1 0 0 1 1 0 1 1 1 0]
 Training accuracy at 10500 out of 20000 is 1.000(0.500),cost is 0.027(6.598)
[1 0 0 0 0 0 0 0 0 0 1 0 0 1 1 0 0 0 1 0 1 1 0 0 1 0 0 0 0 0 1 0 0 1 0 1 1
 0 1 1 0 1 0 0 0 0 1 1 0 0 0 0 1 0 1 1 1 0 0 0 1 0 0 0 1 0 1 0 1 0 1 0 0 0
 1 1 0 0 1 1 1 1 0 0 0 1 1 1 1 0 1 0 0 1 1 0 1 1 1 0]
 Training accuracy at 10600 out of 20000 is 1.000(0.490),cost is 0.028(6.678)
[1 0 0 0 0 0 0 0 1 0 0 0 0 1 1 0 0 0 1 0 1 1 0 0 1 0 0 0 0 0 1 0 0 1 0 1 1
 0 1 1 1 1 0 0 0 0 1 1 0 0 0 0 1 1 1 1 0 0 0 0 1 0 1 0 1 0 1 0 1 0 1 0 0 0
 1 1 0 0 1 1 1 1 0 1 0 1 1 1 1 0 1 0 0 1 1 0 1 1 1 0]
 Training accuracy at 10700 out of 20000 is 1.000(0.480),cost is 0.028(6.713)
[1 0 0 0 0 0 1 0 0 0 1 0 0 1 1 0 0 0 1 0 1 1 0 0 1 0 0 0 0 0 1 0 0 1 0 1 1
 0 1 1 1 1 0 0 0 0 1 1 0 1 0 0 1 1 1 1 0 0 1 0 1 0 1 0 1 0 1 0 1 1 1 0 0 0
 1 1 0 0 1 1 1 1 0 0 0 1 1 1 1 0 1 0 0 1 1 0 1 1 1 0]
 Training accuracy at 10800 out of 20000 is 1.000(0.470),cost is 0.024(6.522)
[1 1 0 0 0 0 1 0 1 0 1 0 0 1 0 0 0 0 1 0 1 1 0 0 1 0 0 1 0 0 1 0 0 1 0 1 1
 0 1 1 1 1 0 0 0 0 1 1 0 1 0 0 1 1 1 1 0 0 1 0 1 0 1 0 1 0 1 0 1 0 1 0 0 0
 1 0 0 0 1 1 1 1 0 0 0 1 1 1 1 0 1 0 0 0 1 0 1 1 1 0]
 Training accuracy at 10900 out of 20000 is 1.000(0.440),cost is 0.024(6.613)
[1 0 0 0 0 0 1 0 0 0 1 0 0 1 1 0 0 0 1 0 1 1 0 0 1 0 0 0 0 0 1 0 0 1 0 1 1
 0 1 1 0 1 0 0 0 0 1 1 0 1 0 0 1 0 1 1 1 0 0 0 1 0 1 0 1 0 1 0 1 1 1 0 0 0
 1 0 0 0 1 1 1 1 0 0 0 1 1 1 1 0 1 0 0 1 1 0 1 1 1 0]
 Training accuracy at 11000 out of 20000 is 1.000(0.480),cost is 0.027(6.227)
[1 0 0 0 0 0 1 0 0 0 1 0 0 1 0 0 0 0 1 0 1 1 0 0 1 0 0 0 0 0 1 0 0 1 0 1 0
 0 1 1 0 1 0 0 0 0 1 1 0 1 0 0 1 1 1 1 0 0 1 0 1 0 1 0 1 0 1 0 1 1 1 0 0 0
 1 0 0 1 0 1 1 1 0 0 0 1 1 1 1 0 1 0 0 1 1 0 1 1 1 0]
 Training accuracy at 11100 out of 20000 is 1.000(0.490),cost is 0.025(6.564)
[1 0 0 0 0 0 1 0 0 0 1 0 0 1 1 0 0 0 1 0 1 1 0 0 1 0 0 1 0 0 1 0 0 1 0 1 0
 0 1 1 1 1 0 0 0 0 1 1 0 0 0 0 1 1 1 1 0 0 0 0 1 0 1 0 1 0 1 0 1 1 1 0 0 0
 1 1 0 0 0 1 1 1 0 0 0 1 1 1 1 0 1 0 0 1 1 0 1 0 1 0]
 Training accuracy at 11200 out of 20000 is 1.000(0.470),cost is 0.024(6.313)
[1 0 0 0 0 0 1 0 0 0 1 0 0 1 1 0 0 0 1 0 1 1 0 0 1 0 0 1 0 0 1 0 0 1 0 1 0
 0 0 1 1 1 0 0 0 0 1 1 0 1 0 0 1 1 1 1 0 0 0 0 1 0 1 0 1 0 1 0 1 1 1 0 1 0
 1 1 0 0 1 1 0 1 0 0 0 1 1 0 1 0 1 0 0 0 1 0 1 0 1 0]
 Training accuracy at 11300 out of 20000 is 1.000(0.440),cost is 0.024(6.684)
[1 1 0 0 0 0 1 0 0 0 1 0 0 1 1 0 0 0 1 0 1 1 0 0 1 0 0 0 0 0 1 0 0 1 0 1 0
 0 1 1 0 1 0 0 0 0 1 1 0 1 0 0 1 1 1 1 0 0 0 0 1 0 1 0 1 0 1 0 1 1 1 0 1 0
 1 1 0 0 1 1 0 1 0 0 0 1 1 0 1 0 1 0 0 1 1 0 1 0 1 0]
 Training accuracy at 11400 out of 20000 is 1.000(0.470),cost is 0.026(6.704)
[1 0 0 0 0 0 1 0 1 0 1 0 0 1 1 0 0 0 1 0 1 1 0 0 1 0 0 0 0 1 1 0 0 1 0 1 0
 0 1 1 0 1 0 0 1 0 1 1 0 1 0 0 1 1 1 1 0 0 1 0 1 0 1 0 1 0 1 0 1 1 1 0 0 0
 1 0 0 0 1 1 1 1 0 0 0 1 1 1 1 0 1 0 0 1 1 0 1 0 1 0]
 Training accuracy at 11500 out of 20000 is 1.000(0.480),cost is 0.024(6.636)
[1 0 0 0 0 0 1 0 1 0 1 0 0 0 1 0 0 0 1 0 1 1 0 0 1 0 0 1 0 0 1 0 0 1 0 1 1
 0 1 1 0 1 0 0 0 0 1 1 0 1 0 0 1 0 1 1 0 0 0 0 1 0 1 0 1 0 1 0 1 1 0 0 1 0
 1 0 0 0 1 1 1 1 0 1 0 1 1 1 1 0 1 0 0 1 1 0 1 0 1 0]
 Training accuracy at 11600 out of 20000 is 1.000(0.460),cost is 0.024(6.450)
[1 0 0 0 0 0 1 0 1 0 1 0 0 1 1 0 0 0 1 0 1 1 0 0 1 0 0 1 0 0 1 0 0 1 0 1 0
 0 1 1 0 1 0 0 0 0 1 1 0 0 0 0 1 1 1 1 1 0 0 0 1 0 1 0 0 0 1 0 1 1 1 0 1 0
 1 0 0 0 0 1 1 1 0 0 0 1 1 1 1 0 1 0 0 1 1 0 1 0 1 0]
 Training accuracy at 11700 out of 20000 is 1.000(0.490),cost is 0.026(6.433)
[1 1 0 0 0 0 1 0 1 0 1 0 0 1 1 0 0 0 1 1 1 1 0 0 1 0 0 1 0 0 1 0 0 1 0 1 0
 0 1 1 1 1 0 0 1 0 1 1 0 1 0 0 1 1 1 1 0 0 0 0 1 0 1 0 1 0 1 0 1 1 1 0 0 0
 1 0 0 0 0 1 1 1 0 0 0 1 1 1 1 0 1 0 0 1 1 0 1 1 1 0]
 Training accuracy at 11800 out of 20000 is 1.000(0.480),cost is 0.026(6.467)
[1 0 0 0 0 0 1 0 1 0 1 0 0 1 1 0 0 0 1 0 1 1 0 0 1 0 1 0 0 0 1 0 0 1 0 1 1
 0 1 1 1 1 0 0 0 0 0 1 0 0 0 0 1 1 1 1 1 0 0 0 1 0 1 0 1 0 1 0 1 1 1 0 1 0
 1 0 0 1 0 1 0 1 0 0 1 1 1 1 1 0 1 0 0 0 1 0 1 0 1 0]
 Training accuracy at 11900 out of 20000 is 1.000(0.490),cost is 0.026(5.966)
[1 0 0 0 0 0 1 0 1 0 1 0 0 1 1 0 0 0 1 0 1 1 0 0 1 0 1 1 0 0 1 0 0 1 0 1 1
 0 1 1 1 1 0 0 1 0 1 1 0 0 0 0 1 1 1 1 1 0 0 0 1 0 1 0 0 0 1 0 1 1 1 0 1 0
 1 0 0 0 0 1 1 1 0 1 0 1 1 1 1 0 1 0 0 0 1 0 1 0 1 0]
 Training accuracy at 12000 out of 20000 is 1.000(0.470),cost is 0.030(6.422)
[1 0 0 0 0 0 1 0 0 0 1 0 0 1 1 0 0 0 1 0 1 1 0 0 1 0 0 1 0 0 1 0 0 1 0 1 1
 0 1 1 0 1 0 0 0 0 1 1 0 0 0 0 1 1 1 1 1 0 1 0 1 0 1 0 1 0 1 0 1 1 1 0 1 0
 1 0 0 0 1 1 1 1 0 0 0 1 1 1 1 0 1 0 0 1 1 0 1 0 1 0]
 Training accuracy at 12100 out of 20000 is 1.000(0.460),cost is 0.024(7.074)
[1 0 0 0 0 0 1 0 0 0 1 0 0 1 1 0 0 0 1 0 1 1 0 0 1 0 0 0 0 0 1 0 0 1 0 1 0
 0 1 1 0 1 0 0 0 0 1 1 0 1 0 0 1 0 1 1 1 0 1 0 1 0 1 0 1 0 1 0 1 0 1 0 0 0
 1 0 0 1 0 1 0 1 0 1 0 1 1 0 1 0 1 0 0 1 1 1 1 0 1 0]
 Training accuracy at 12200 out of 20000 is 1.000(0.520),cost is 0.024(6.350)
[1 1 0 0 0 0 1 0 1 0 1 0 0 1 1 0 0 0 1 1 1 1 0 0 1 0 0 0 0 0 1 0 0 0 0 1 0
 0 1 1 0 1 0 0 0 0 0 1 0 1 0 0 1 0 1 1 1 0 1 0 1 0 1 0 1 0 1 0 1 0 1 0 0 0
 1 0 0 0 1 1 1 0 0 1 0 1 1 1 1 0 1 0 0 1 1 0 1 1 1 0]
 Training accuracy at 12300 out of 20000 is 1.000(0.520),cost is 0.027(6.043)
[1 0 0 0 0 0 1 0 0 0 1 0 0 1 1 0 0 0 1 0 1 1 0 0 1 0 0 0 0 1 1 0 0 1 0 1 1
 0 1 1 1 1 0 0 0 0 0 1 0 0 0 0 1 0 1 1 1 0 1 0 1 0 1 0 1 0 1 0 1 0 1 0 0 0
 1 0 0 0 1 1 1 1 0 0 0 1 1 1 1 0 1 0 0 1 1 0 1 0 1 0]
 Training accuracy at 12400 out of 20000 is 1.000(0.470),cost is 0.026(6.654)
[1 0 0 0 0 0 1 0 0 0 1 0 0 1 1 0 0 0 1 1 1 1 0 0 1 0 0 0 0 0 1 0 0 1 0 1 1
 0 1 1 0 1 0 0 0 0 0 1 0 0 0 0 1 1 1 1 1 0 1 0 1 0 1 0 1 0 1 0 1 0 1 0 0 0
 1 0 0 0 1 1 0 1 0 0 0 1 1 0 1 0 1 0 0 1 1 0 1 1 1 0]
 Training accuracy at 12500 out of 20000 is 1.000(0.480),cost is 0.024(6.871)
[1 0 0 0 0 0 1 0 1 0 0 0 0 1 1 0 0 0 1 1 1 1 0 0 1 0 0 1 0 1 1 0 0 1 0 1 1
 0 1 1 1 1 0 0 0 0 1 1 0 1 0 0 1 1 1 1 0 0 0 0 1 0 1 0 1 0 1 0 1 0 1 0 1 0
 1 1 0 0 0 1 0 1 0 0 0 1 1 0 1 0 1 0 0 1 1 0 1 0 1 0]
 Training accuracy at 12600 out of 20000 is 1.000(0.430),cost is 0.024(6.415)
[1 1 0 0 0 0 1 0 1 0 1 0 0 1 1 0 0 0 1 1 1 1 0 0 1 0 1 1 0 0 1 0 0 1 0 1 1
 0 1 1 1 1 0 0 0 0 1 1 0 0 0 0 1 1 1 1 0 0 0 0 1 0 1 0 1 0 1 0 1 1 1 0 1 0
 1 0 0 0 0 1 0 1 0 1 0 1 1 1 1 0 1 0 0 1 1 1 1 0 1 0]
 Training accuracy at 12700 out of 20000 is 1.000(0.470),cost is 0.024(6.780)
[1 0 0 0 0 0 1 0 1 0 0 0 0 1 1 0 0 0 1 1 1 1 0 0 1 0 1 1 0 0 1 0 0 1 0 1 1
 0 1 1 0 1 0 0 0 0 1 1 0 0 0 0 1 1 1 1 0 0 0 0 1 0 1 0 1 0 1 0 1 0 1 0 1 0
 1 0 0 0 0 1 1 1 0 1 0 1 1 1 1 0 1 0 0 0 1 0 1 0 1 0]
 Training accuracy at 12800 out of 20000 is 1.000(0.440),cost is 0.024(6.858)
[1 0 0 0 0 0 1 0 1 0 0 0 0 1 1 0 0 0 1 1 1 1 0 0 1 0 0 0 0 0 1 0 0 1 0 1 1
 0 1 1 1 1 0 0 0 0 1 1 0 0 0 0 1 1 1 1 0 0 0 0 1 0 1 0 1 0 1 0 1 0 0 0 1 0
 1 0 0 0 0 1 0 1 0 0 0 1 1 1 1 0 1 0 0 1 1 0 1 0 1 0]
 Training accuracy at 12900 out of 20000 is 1.000(0.470),cost is 0.031(7.070)
[1 0 0 0 0 0 1 0 0 0 1 0 0 1 1 0 0 0 1 1 1 1 0 0 1 0 1 1 0 0 1 0 0 1 0 1 1
 0 1 1 1 1 0 0 0 0 1 1 0 0 0 0 1 1 1 1 1 0 0 0 1 0 1 0 1 0 1 0 1 1 1 0 1 0
 1 0 0 0 0 1 0 1 0 0 0 1 1 1 1 0 1 0 0 1 1 0 1 1 1 0]
 Training accuracy at 13000 out of 20000 is 1.000(0.450),cost is 0.024(6.889)
[1 0 0 0 0 0 1 0 0 0 1 0 0 1 1 0 0 0 1 1 1 1 0 0 1 0 1 1 0 1 1 0 0 1 0 1 1
 0 1 1 1 1 0 1 0 0 1 1 0 1 0 0 1 1 1 1 1 0 0 0 1 0 1 0 1 0 1 0 1 0 1 0 1 0
 1 1 0 0 0 1 0 1 0 0 0 1 1 1 1 0 1 0 0 1 1 1 1 1 1 0]
 Training accuracy at 13100 out of 20000 is 1.000(0.430),cost is 0.025(6.951)
[1 0 0 0 0 0 1 0 1 0 1 0 0 1 1 0 0 0 1 1 1 1 0 0 1 0 1 1 0 0 1 0 0 1 0 1 1
 0 1 1 0 1 0 0 0 0 1 1 0 0 0 0 1 1 1 1 0 1 0 0 1 0 1 0 1 0 1 0 1 1 1 0 1 0
 1 0 0 0 1 1 0 1 0 0 0 1 1 1 1 0 1 0 0 0 1 0 1 1 1 0]
 Training accuracy at 13200 out of 20000 is 1.000(0.450),cost is 0.030(6.757)
[1 0 0 0 0 0 1 0 1 0 1 0 0 1 1 0 0 0 1 1 1 1 0 0 1 0 1 1 0 1 1 0 0 1 0 1 1
 0 1 1 1 1 0 0 0 0 1 1 0 1 0 0 1 1 1 1 1 0 0 0 1 0 1 0 1 0 1 0 1 1 1 0 1 0
 1 0 0 0 1 1 0 1 0 1 0 1 1 0 1 0 1 0 1 1 1 1 1 1 1 0]
 Training accuracy at 13300 out of 20000 is 1.000(0.450),cost is 0.025(7.099)
[1 0 0 0 0 0 1 0 1 0 1 0 0 1 0 0 0 0 1 1 1 1 0 0 1 0 1 1 0 1 1 0 0 0 0 1 1
 0 1 1 1 1 0 0 1 0 1 1 0 0 0 0 1 1 1 1 1 1 0 0 1 0 1 0 0 0 1 0 1 1 0 0 0 0
 1 0 0 0 0 1 0 1 0 0 0 1 1 1 1 0 1 0 0 0 1 0 1 1 1 0]
 Training accuracy at 13400 out of 20000 is 1.000(0.490),cost is 0.025(6.798)
[1 0 0 1 0 0 1 0 1 0 1 0 0 1 1 0 0 0 1 1 1 1 0 0 1 0 1 1 0 1 1 0 0 1 0 1 1
 0 1 1 1 1 0 0 1 0 0 1 0 0 0 0 1 1 1 1 1 1 0 0 1 0 1 0 1 0 1 0 1 1 0 0 0 0
 1 1 0 0 0 1 0 1 0 0 0 1 1 0 1 0 1 0 0 1 1 0 1 1 1 0]
 Training accuracy at 13500 out of 20000 is 1.000(0.510),cost is 0.029(5.998)
[1 0 0 1 0 0 1 0 0 0 1 0 0 1 1 0 0 0 1 0 1 1 0 0 1 0 1 0 0 1 1 0 0 1 0 1 1
 0 1 1 0 1 0 0 0 0 1 1 0 1 0 0 1 1 1 1 1 1 0 0 1 0 1 0 1 0 1 0 1 1 0 0 0 0
 1 0 0 0 1 1 0 1 0 0 0 1 1 1 1 0 1 0 0 1 1 1 1 0 1 0]
 Training accuracy at 13600 out of 20000 is 1.000(0.490),cost is 0.025(6.809)
[1 0 0 0 0 0 1 0 0 0 1 0 0 1 0 0 0 0 1 0 1 1 0 0 1 0 0 1 0 0 1 0 0 1 0 1 1
 0 1 1 0 1 0 0 0 0 0 1 0 0 0 0 1 1 1 1 1 0 0 0 1 0 1 0 1 0 1 0 1 1 0 0 1 0
 1 0 0 0 0 1 0 1 0 1 0 1 1 0 1 0 1 0 0 1 1 0 1 1 1 0]
 Training accuracy at 13700 out of 20000 is 1.000(0.490),cost is 0.025(6.985)
[1 0 0 1 0 0 1 0 1 0 1 0 0 1 1 0 0 0 1 0 1 1 0 0 1 0 1 1 0 0 1 0 0 1 0 1 0
 0 1 1 1 1 0 0 0 0 1 1 0 1 0 0 1 1 1 1 1 0 0 0 1 0 1 0 1 0 1 0 1 1 0 0 1 0
 1 0 0 0 0 1 0 1 0 0 0 1 1 1 1 0 1 0 0 1 1 1 1 1 1 0]
 Training accuracy at 13800 out of 20000 is 1.000(0.500),cost is 0.027(6.336)
[1 0 0 1 0 0 1 0 0 0 1 0 0 1 1 0 0 0 1 0 1 1 0 0 1 0 1 0 0 0 1 0 0 1 0 1 1
 0 1 1 1 1 0 0 1 0 0 1 0 0 0 0 1 1 1 1 1 0 0 0 1 0 1 0 1 0 1 0 1 1 1 0 1 0
 1 0 0 0 0 1 0 1 0 0 0 1 1 0 1 0 1 0 0 1 1 1 1 1 1 0]
 Training accuracy at 13900 out of 20000 is 1.000(0.500),cost is 0.025(7.029)
[1 0 0 1 0 1 1 0 0 0 1 0 0 1 0 0 0 0 1 0 1 1 0 0 1 0 1 1 0 0 1 0 0 1 0 1 1
 0 1 1 1 1 0 0 0 0 1 1 0 1 0 0 1 0 1 1 1 1 1 0 1 0 1 0 1 0 0 0 1 1 0 0 1 0
 1 0 0 0 0 1 0 1 0 0 0 1 1 1 1 0 1 0 0 1 1 0 1 0 1 0]
 Training accuracy at 14000 out of 20000 is 1.000(0.480),cost is 0.047(6.544)
[1 0 0 0 0 0 1 0 0 0 1 0 0 1 0 0 0 0 1 0 1 1 0 0 1 0 0 1 0 0 1 0 0 1 0 1 0
 0 1 1 1 1 0 0 0 0 1 1 0 1 0 0 1 1 1 1 1 1 1 0 1 0 0 0 1 0 1 0 1 1 1 0 1 0
 1 0 0 0 0 1 0 1 0 1 0 1 1 1 1 0 1 0 0 1 1 0 1 1 1 0]
 Training accuracy at 14100 out of 20000 is 1.000(0.500),cost is 0.026(7.127)
[1 0 0 1 0 0 1 0 0 0 1 0 0 1 0 0 0 0 1 0 1 1 0 0 1 0 1 1 0 0 1 0 0 1 0 1 1
 0 1 1 1 1 0 0 0 1 1 1 0 1 0 0 1 0 1 1 1 1 0 0 1 0 1 0 1 0 1 0 1 1 1 0 1 0
 1 1 0 0 0 1 1 1 0 1 0 1 1 1 1 0 1 0 0 1 1 0 1 1 1 0]
 Training accuracy at 14200 out of 20000 is 1.000(0.490),cost is 0.027(6.244)
[1 0 0 1 0 0 1 0 0 0 1 0 0 1 1 0 0 0 1 1 1 1 0 0 1 0 1 1 1 0 1 0 0 0 0 1 1
 0 1 1 1 1 0 0 0 1 1 1 0 0 0 0 1 1 1 1 1 0 1 0 0 0 1 0 1 0 1 0 1 1 1 0 1 0
 1 0 0 0 0 1 0 1 0 1 0 1 1 0 1 0 1 0 0 1 1 0 1 1 1 0]
 Training accuracy at 14300 out of 20000 is 1.000(0.510),cost is 0.028(6.711)
[1 0 0 1 0 0 1 0 1 0 1 0 0 1 0 0 0 0 1 0 1 1 0 0 1 0 0 1 0 0 1 0 0 0 0 1 0
 0 1 1 0 1 0 0 0 0 0 1 0 1 0 0 1 1 1 1 0 0 0 0 1 0 1 0 1 0 1 0 1 1 0 0 1 0
 1 0 0 0 0 1 0 1 0 0 0 1 1 1 1 0 1 0 0 1 1 1 1 1 1 0]
 Training accuracy at 14400 out of 20000 is 1.000(0.520),cost is 0.028(7.141)
[1 0 0 0 0 0 1 0 1 0 1 0 0 1 0 0 0 0 1 0 1 1 0 0 1 0 0 1 0 0 1 0 0 1 0 1 0
 0 1 1 1 1 0 0 0 0 0 1 0 1 0 0 1 1 1 1 0 1 0 0 1 0 1 0 1 0 1 0 1 1 1 0 1 0
 1 0 0 0 0 1 1 1 0 0 0 1 1 1 1 0 1 0 0 1 1 0 1 1 1 0]
 Training accuracy at 14500 out of 20000 is 1.000(0.470),cost is 0.026(7.162)
[1 0 0 0 0 0 1 0 1 0 1 0 0 1 1 0 0 0 1 0 1 1 0 0 1 0 1 1 0 0 1 0 0 0 0 1 0
 0 1 1 1 1 0 0 0 0 1 1 0 1 0 0 1 1 1 1 1 0 0 0 1 0 1 0 1 0 1 0 1 1 1 0 1 0
 1 0 0 0 0 1 1 1 0 0 0 1 1 1 1 0 1 0 0 0 1 0 1 1 1 0]
 Training accuracy at 14600 out of 20000 is 1.000(0.460),cost is 0.025(7.381)
[1 0 0 0 0 0 1 0 1 0 1 0 0 1 1 0 0 0 1 0 1 1 0 0 1 0 1 1 1 0 1 0 0 1 0 1 0
 0 1 1 1 1 0 0 0 0 0 1 0 1 0 0 1 1 1 1 0 1 0 0 1 0 1 0 1 0 1 0 1 1 1 0 1 0
 1 0 0 0 1 1 0 1 0 0 0 1 1 1 1 0 1 0 0 1 1 0 1 1 1 0]
 Training accuracy at 14700 out of 20000 is 1.000(0.480),cost is 0.026(7.010)
[1 0 0 0 0 0 1 0 0 0 1 0 0 1 0 0 0 0 1 0 1 1 0 0 1 0 1 1 0 0 1 0 0 1 0 1 0
 0 1 1 0 1 0 0 0 0 0 1 0 1 0 0 1 1 1 1 0 1 0 0 1 0 0 0 1 0 1 0 1 1 1 0 0 0
 1 0 0 0 0 1 1 1 0 1 0 1 1 0 1 0 1 0 0 0 1 0 1 1 1 0]
 Training accuracy at 14800 out of 20000 is 1.000(0.470),cost is 0.025(7.716)
[1 0 0 0 0 0 1 0 1 0 1 0 0 1 0 0 0 0 1 0 1 1 0 0 1 0 0 1 0 0 1 0 0 1 0 1 1
 0 1 1 1 1 0 0 0 0 0 1 0 0 0 0 1 1 1 1 0 1 0 0 1 0 1 0 1 0 1 0 1 1 1 0 0 0
 1 0 0 0 0 1 1 1 0 1 0 1 1 1 1 0 1 0 0 0 1 0 1 1 1 0]
 Training accuracy at 14900 out of 20000 is 1.000(0.480),cost is 0.026(6.902)
[1 0 0 0 0 0 1 0 0 0 1 0 0 1 0 0 0 0 1 0 1 1 0 0 1 0 0 1 0 1 1 0 0 1 0 1 1
 0 1 1 1 1 0 0 0 0 1 1 0 1 0 0 1 1 1 1 0 1 1 0 1 0 0 0 1 0 1 0 1 1 1 0 1 0
 1 1 0 0 0 1 1 1 0 1 0 1 1 1 1 0 1 0 1 1 1 1 1 1 1 0]
 Training accuracy at 15000 out of 20000 is 1.000(0.490),cost is 0.029(6.789)
[1 0 0 0 0 0 1 0 0 0 1 0 0 1 1 0 0 0 1 0 1 1 0 0 1 0 1 1 0 0 1 0 0 1 0 1 1
 0 1 1 1 1 0 0 0 0 0 1 0 0 0 0 1 1 1 1 0 0 0 0 1 0 1 0 1 0 1 0 1 1 1 0 1 0
 1 0 0 0 0 1 1 1 0 1 0 1 1 1 1 0 1 0 0 0 1 1 1 1 1 0]
 Training accuracy at 15100 out of 20000 is 1.000(0.460),cost is 0.026(7.064)
[1 0 0 0 0 0 1 0 0 0 1 0 0 1 1 0 0 0 1 0 1 1 0 0 1 0 0 1 0 0 1 0 0 1 0 1 0
 0 1 1 0 1 0 0 0 0 0 1 0 0 0 0 1 1 1 1 0 0 0 0 1 0 1 0 1 0 1 0 1 0 1 0 0 0
 1 0 0 0 0 1 0 1 0 0 0 1 1 1 1 0 1 0 0 0 1 1 1 1 1 0]
 Training accuracy at 15200 out of 20000 is 1.000(0.490),cost is 0.026(7.078)
[1 0 0 0 0 0 1 0 0 0 1 0 0 1 1 0 0 0 1 0 1 1 0 0 1 0 1 1 0 0 1 0 0 0 0 1 1
 0 1 1 0 1 0 0 0 0 1 1 0 0 0 0 1 1 1 1 0 0 0 0 1 0 1 0 1 0 1 0 1 1 1 0 1 0
 1 0 0 0 0 1 0 1 0 1 0 1 1 1 1 0 1 0 0 0 1 1 1 1 1 0]
 Training accuracy at 15300 out of 20000 is 1.000(0.480),cost is 0.024(7.336)
[1 0 0 1 0 0 1 0 0 0 1 0 0 1 1 0 0 0 1 0 1 1 0 0 1 0 1 0 1 0 1 0 0 1 0 1 0
 0 1 1 1 1 0 0 0 0 0 1 0 0 0 0 1 1 1 1 0 0 0 0 1 0 1 0 1 0 1 0 1 1 1 0 1 0
 1 0 0 0 0 1 0 1 0 1 0 1 1 1 1 0 1 0 0 1 1 0 1 1 1 0]
 Training accuracy at 15400 out of 20000 is 1.000(0.510),cost is 0.027(6.454)
[1 0 0 1 0 0 1 0 0 0 1 0 0 1 1 0 0 0 1 0 1 1 0 0 1 0 0 1 0 1 1 0 0 0 0 1 1
 0 1 1 1 1 0 0 0 0 0 1 0 0 0 0 1 1 1 1 0 1 1 0 1 0 0 0 1 0 1 0 1 1 0 0 0 0
 1 1 0 0 0 1 0 1 0 0 0 1 1 1 1 0 1 0 0 1 1 1 1 1 1 0]
 Training accuracy at 15500 out of 20000 is 1.000(0.550),cost is 0.029(6.939)
[1 0 0 0 0 0 1 1 1 0 1 0 0 1 0 0 0 0 1 0 1 1 0 0 1 0 1 0 0 0 1 0 0 1 0 1 0
 0 1 1 0 1 0 0 0 0 0 1 0 0 0 0 1 1 1 1 0 0 1 0 1 0 1 0 1 0 1 0 1 1 1 0 1 0
 1 0 0 0 0 1 0 1 0 0 0 1 1 1 1 0 1 0 0 1 1 0 1 1 1 0]
 Training accuracy at 15600 out of 20000 is 1.000(0.490),cost is 0.026(6.967)
[1 0 0 0 0 0 1 0 0 0 1 0 0 1 1 0 0 0 1 0 1 1 0 0 1 0 1 0 0 0 1 0 0 1 0 1 0
 0 1 1 1 1 0 0 0 0 1 1 0 0 0 0 1 1 1 1 0 1 1 0 1 0 1 0 1 0 1 0 1 1 1 0 1 0
 1 0 0 0 0 1 1 1 0 1 0 1 1 1 1 0 1 0 0 1 1 0 1 1 1 0]
 Training accuracy at 15700 out of 20000 is 1.000(0.490),cost is 0.027(6.822)
[1 0 0 0 0 0 1 1 1 0 1 0 0 1 1 0 0 0 1 0 1 1 0 0 1 0 0 1 0 0 1 0 0 1 0 1 0
 0 1 1 1 1 0 0 0 0 0 1 0 0 0 0 1 1 1 1 0 0 1 0 1 0 1 0 1 0 1 0 1 1 1 0 0 0
 1 0 0 0 0 1 0 1 0 1 1 1 1 1 1 0 1 0 0 1 1 1 1 1 1 0]
 Training accuracy at 15800 out of 20000 is 1.000(0.530),cost is 0.027(7.360)
[1 0 0 0 0 1 1 1 1 0 1 0 1 1 0 0 0 0 1 0 1 1 0 0 1 0 0 1 0 0 1 0 0 1 0 1 0
 0 1 1 1 1 0 0 0 0 1 1 0 1 0 0 1 1 1 1 0 1 1 0 1 0 1 0 1 0 1 0 1 1 1 0 1 0
 1 0 0 0 0 1 0 1 0 0 0 1 1 1 1 0 1 0 0 1 1 1 1 1 1 0]
 Training accuracy at 15900 out of 20000 is 1.000(0.480),cost is 0.029(6.784)
[1 0 0 0 0 0 1 1 0 0 1 0 0 1 1 0 0 0 1 0 1 1 0 0 1 0 1 1 0 0 1 0 0 1 0 1 0
 0 1 1 0 1 0 0 0 0 0 1 0 1 0 0 1 1 1 1 0 0 0 0 1 0 1 0 1 0 1 0 1 1 1 0 0 0
 1 0 0 0 0 1 0 1 0 1 0 1 1 1 1 0 1 0 0 1 1 1 1 1 1 0]
 Training accuracy at 16000 out of 20000 is 1.000(0.490),cost is 0.024(7.091)
[1 0 0 0 0 0 1 1 0 0 1 0 0 1 1 0 0 0 1 0 1 1 0 0 1 0 1 1 0 0 1 0 0 1 0 1 0
 0 1 1 0 1 0 0 0 0 0 1 0 0 0 0 1 1 1 1 0 0 0 0 1 0 1 0 1 0 1 0 1 1 1 0 1 0
 1 0 0 0 0 1 0 1 0 0 0 1 1 1 1 0 1 0 0 1 1 1 1 1 1 0]
 Training accuracy at 16100 out of 20000 is 1.000(0.480),cost is 0.025(7.284)
[1 0 1 0 0 0 1 0 1 0 1 0 0 0 0 0 0 0 1 0 1 1 0 0 1 0 0 1 0 0 1 0 0 1 0 1 0
 0 1 1 0 1 0 0 0 0 0 1 0 0 0 0 1 1 1 1 0 0 0 0 1 0 1 0 0 0 1 0 1 1 1 0 1 0
 1 0 0 0 0 1 0 1 0 0 0 1 1 0 1 0 1 0 0 0 1 0 1 1 1 0]
 Training accuracy at 16200 out of 20000 is 1.000(0.480),cost is 0.029(7.262)
[1 1 1 0 0 0 1 1 0 0 1 0 0 1 1 0 0 0 1 0 1 1 0 0 1 0 1 1 0 0 1 0 0 1 0 1 0
 0 1 1 0 1 0 0 0 0 1 1 0 0 0 0 1 1 1 1 0 0 1 0 1 0 1 0 0 0 1 0 1 1 1 0 1 0
 1 1 0 0 0 1 1 1 0 1 0 1 1 1 1 0 1 0 0 1 1 1 1 1 1 0]
 Training accuracy at 16300 out of 20000 is 1.000(0.520),cost is 0.032(6.838)
[1 1 1 0 0 0 1 0 1 0 1 0 0 1 0 0 0 0 1 0 1 1 0 0 1 0 1 1 0 0 1 0 0 1 0 1 1
 0 1 1 0 1 0 0 1 0 1 1 0 0 0 0 1 1 1 1 1 1 0 0 1 0 1 0 1 0 1 0 1 1 1 0 1 0
 1 0 0 0 1 1 1 1 0 1 0 1 1 1 1 0 1 0 0 1 1 0 1 1 1 0]
 Training accuracy at 16400 out of 20000 is 1.000(0.500),cost is 0.029(7.099)
[1 0 0 0 0 0 1 0 0 0 1 0 0 1 0 0 0 0 1 0 1 1 0 0 1 0 0 0 0 0 1 0 0 1 0 1 0
 0 1 1 0 1 0 0 0 0 1 1 0 0 0 0 1 1 1 1 0 1 0 0 1 0 0 0 1 0 1 0 1 1 1 0 1 0
 1 0 0 0 0 1 0 1 0 0 0 1 1 1 1 0 1 0 0 1 1 0 1 1 1 0]
 Training accuracy at 16500 out of 20000 is 1.000(0.500),cost is 0.028(7.396)
[1 0 1 0 0 0 1 0 1 0 1 0 0 0 0 0 0 0 1 0 1 1 0 0 1 0 0 1 0 0 1 0 0 1 0 1 0
 0 1 1 0 1 0 0 0 0 1 1 0 0 0 0 1 1 1 1 0 0 1 0 1 0 1 0 1 0 1 0 1 1 1 0 1 0
 1 1 0 0 0 1 0 1 0 1 0 1 1 0 1 0 1 0 0 1 1 1 1 1 1 0]
 Training accuracy at 16600 out of 20000 is 1.000(0.510),cost is 0.025(6.528)
[1 0 0 0 0 0 1 0 1 0 1 0 0 0 0 0 0 0 1 0 1 1 0 0 1 0 0 1 0 1 1 0 0 1 0 1 0
 0 1 1 1 1 0 0 0 0 1 1 0 0 0 0 1 1 1 1 0 1 1 0 1 0 1 0 1 0 1 0 1 1 1 0 1 0
 1 0 0 0 0 1 0 1 0 0 0 1 0 1 1 0 1 0 0 1 1 1 1 1 1 0]
 Training accuracy at 16700 out of 20000 is 1.000(0.470),cost is 0.026(7.297)
[1 0 1 0 0 0 1 0 1 0 1 0 0 1 0 0 0 0 1 0 1 1 0 0 1 0 0 1 0 0 1 0 0 1 0 1 0
 0 1 1 0 1 0 0 0 0 1 1 0 1 0 0 1 1 1 1 0 1 1 0 1 0 1 0 1 0 1 0 1 1 1 0 1 0
 1 0 0 0 1 1 1 1 0 0 0 1 1 1 1 0 1 0 0 1 1 1 1 1 1 0]
 Training accuracy at 16800 out of 20000 is 1.000(0.490),cost is 0.025(7.357)
[1 0 0 0 0 0 1 0 1 0 1 0 0 1 1 0 0 0 1 0 1 1 0 0 1 0 0 1 0 0 1 0 0 1 0 1 1
 0 1 1 1 1 0 0 0 0 1 1 0 0 0 0 1 1 1 1 0 0 0 0 1 0 1 0 0 0 1 0 1 1 1 0 1 0
 1 0 0 0 0 1 1 1 0 0 0 1 1 1 1 0 1 0 0 0 1 1 1 1 1 0]
 Training accuracy at 16900 out of 20000 is 1.000(0.470),cost is 0.025(7.247)
[1 0 0 0 0 0 1 1 0 0 1 0 0 1 1 0 0 0 1 0 1 1 0 0 1 0 1 1 0 0 1 0 0 1 0 1 0
 0 1 1 0 1 0 0 0 0 1 1 0 1 0 0 1 1 1 1 0 1 0 0 1 0 0 0 1 0 1 0 1 1 1 0 1 0
 1 1 0 0 0 1 0 1 0 0 0 1 1 1 1 0 1 0 0 0 1 0 1 0 1 0]
 Training accuracy at 17000 out of 20000 is 1.000(0.460),cost is 0.025(7.272)
[1 0 0 0 0 0 1 0 0 0 1 0 0 1 1 0 0 0 1 0 1 1 0 0 1 0 0 1 0 0 1 0 0 1 0 1 1
 0 1 1 1 1 0 0 0 0 1 1 0 0 0 0 1 1 1 1 1 1 0 0 1 0 1 0 1 0 1 0 1 1 1 0 1 0
 1 0 0 0 0 1 0 1 0 0 0 1 1 1 1 0 1 0 0 0 1 1 1 1 1 0]
 Training accuracy at 17100 out of 20000 is 1.000(0.480),cost is 0.024(7.328)
[1 1 0 0 0 0 1 0 1 0 0 0 0 1 1 0 0 0 1 1 1 1 0 0 1 0 0 1 0 0 1 0 0 1 0 1 1
 0 1 1 1 1 0 0 0 0 1 1 0 0 0 0 1 1 1 1 0 0 1 0 0 0 1 0 1 0 1 0 1 1 1 0 1 0
 1 0 0 0 0 1 0 1 0 0 0 1 0 1 1 0 0 0 0 0 1 1 1 1 0 0]
 Training accuracy at 17200 out of 20000 is 1.000(0.510),cost is 0.030(6.506)
[1 1 0 0 0 0 1 0 1 0 1 0 0 0 1 0 0 0 1 0 1 1 0 0 1 0 0 1 0 0 1 0 0 1 0 1 1
 0 1 1 1 1 0 0 0 0 0 1 0 0 0 0 1 1 1 1 0 0 1 0 1 0 0 0 1 0 1 0 1 1 1 0 1 0
 1 0 0 0 0 1 1 1 0 1 0 1 0 0 1 0 1 0 0 1 1 1 1 1 1 0]
 Training accuracy at 17300 out of 20000 is 1.000(0.490),cost is 0.028(6.549)
[1 0 0 0 0 0 1 0 1 0 1 0 0 0 1 0 0 0 1 0 1 1 0 0 1 0 0 1 0 0 1 0 0 1 0 1 1
 0 1 1 0 1 0 0 0 0 0 1 0 0 0 0 1 1 1 1 1 1 0 0 1 0 1 0 1 0 1 0 1 1 1 0 1 0
 1 1 0 0 0 1 0 1 0 1 0 1 1 1 1 0 1 0 0 1 1 1 1 1 1 0]
 Training accuracy at 17400 out of 20000 is 1.000(0.530),cost is 0.025(7.455)
[1 0 0 0 0 0 1 0 0 0 1 0 0 1 0 0 0 0 1 0 1 1 0 0 1 0 0 0 0 0 1 0 0 1 0 1 1
 0 1 1 1 1 0 0 0 0 1 1 0 0 0 0 1 1 1 1 0 1 0 0 1 0 1 0 1 0 1 0 1 1 1 0 1 0
 1 0 0 0 0 1 0 1 0 1 0 1 1 1 1 0 1 0 0 1 1 1 1 1 1 0]
 Training accuracy at 17500 out of 20000 is 1.000(0.490),cost is 0.025(6.692)
[1 1 0 0 0 0 1 0 1 0 1 0 0 1 0 0 0 0 1 0 1 1 0 0 1 0 0 0 0 0 1 0 0 1 0 1 1
 0 1 1 1 1 0 0 0 0 1 1 0 0 0 0 1 1 1 1 0 0 0 0 1 0 0 0 1 0 1 0 1 1 1 0 1 0
 1 0 0 0 0 1 1 1 0 1 0 1 1 1 1 0 1 0 0 1 1 1 1 1 1 0]
 Training accuracy at 17600 out of 20000 is 1.000(0.500),cost is 0.025(7.080)
[1 0 0 0 0 0 1 0 0 0 1 0 0 1 0 0 0 0 1 0 1 1 0 0 1 0 0 0 0 0 1 0 0 1 0 1 1
 0 1 1 1 1 0 0 0 0 1 1 0 0 0 0 1 0 1 1 0 0 1 0 1 0 0 0 1 0 1 1 1 1 1 0 1 0
 1 0 0 0 0 1 1 1 0 1 0 1 1 1 1 0 0 0 0 0 1 1 1 1 1 0]
 Training accuracy at 17700 out of 20000 is 1.000(0.510),cost is 0.026(6.954)
[1 1 0 0 0 0 1 0 0 0 1 0 0 1 0 0 0 0 1 0 1 1 0 0 1 0 0 0 0 0 1 0 0 1 0 1 1
 0 1 1 1 1 0 0 0 0 1 1 0 0 0 0 1 1 1 1 0 1 0 0 1 0 1 0 1 0 1 1 1 1 1 0 1 0
 1 0 0 0 0 1 0 1 0 1 0 1 1 1 1 0 1 0 0 1 1 1 1 1 1 0]
 Training accuracy at 17800 out of 20000 is 1.000(0.510),cost is 0.025(7.040)
[1 0 0 0 0 0 1 0 1 0 1 0 0 1 0 0 0 0 1 0 1 1 0 0 1 0 0 1 0 1 1 0 0 1 0 1 1
 0 1 1 1 1 0 0 1 0 1 1 0 0 0 0 1 1 1 1 1 0 0 0 1 0 1 0 1 0 1 0 1 1 1 0 1 0
 1 0 0 0 0 1 0 1 0 1 0 1 1 1 1 0 1 0 0 1 1 1 1 1 1 0]
 Training accuracy at 17900 out of 20000 is 1.000(0.490),cost is 0.025(7.123)
[1 0 1 1 0 0 1 0 1 0 1 0 0 1 0 0 0 0 1 0 1 1 0 0 1 0 0 1 0 0 1 0 0 1 0 1 1
 0 1 1 1 1 0 0 0 0 1 1 0 1 0 0 1 1 1 1 0 0 0 0 1 0 1 0 1 0 1 0 1 1 1 0 1 0
 1 0 0 0 0 1 0 1 0 1 0 1 1 1 1 0 1 0 0 0 1 1 1 1 1 0]
 Training accuracy at 18000 out of 20000 is 1.000(0.480),cost is 0.025(7.477)
[1 0 0 0 0 0 1 0 0 0 1 0 0 1 1 0 0 0 1 0 1 1 0 0 1 0 1 1 0 0 1 0 0 1 0 1 1
 0 1 1 1 1 0 0 0 0 1 1 0 0 0 0 1 1 1 1 0 0 1 0 0 0 1 0 1 0 1 0 1 1 1 0 1 0
 1 0 0 0 0 1 1 1 0 1 0 1 1 1 1 0 1 0 0 0 1 1 1 1 1 0]
 Training accuracy at 18100 out of 20000 is 1.000(0.470),cost is 0.025(6.712)
[1 0 0 0 0 0 1 0 0 0 1 0 0 1 0 0 0 0 1 0 1 1 0 0 1 0 0 1 0 0 1 0 0 1 0 1 0
 0 1 1 1 1 0 0 0 0 1 1 0 0 0 0 1 1 1 1 0 0 0 0 1 0 0 0 1 0 1 0 1 1 1 0 1 0
 1 0 0 0 0 1 0 1 0 1 0 1 1 1 1 0 1 0 0 0 1 1 1 1 1 0]
 Training accuracy at 18200 out of 20000 is 1.000(0.480),cost is 0.025(8.082)
[1 0 0 0 0 0 1 0 0 0 1 0 0 1 0 0 0 0 1 0 1 1 0 0 1 0 1 0 0 0 1 0 0 1 0 1 1
 0 1 1 1 1 0 0 0 0 1 1 0 1 0 0 1 1 1 1 0 1 0 0 0 0 0 0 1 0 1 0 1 1 1 0 1 0
 1 0 0 0 0 1 0 1 0 1 0 1 1 1 1 0 1 0 0 0 1 1 1 1 1 0]
 Training accuracy at 18300 out of 20000 is 1.000(0.480),cost is 0.027(6.600)
[1 0 0 0 0 0 1 0 1 0 1 0 0 1 1 0 0 0 1 0 1 1 0 0 1 0 1 1 0 1 1 0 0 1 0 1 1
 0 1 1 1 1 0 0 0 0 1 1 0 0 0 0 1 1 1 1 1 1 0 0 1 0 0 0 1 0 1 0 1 1 1 0 0 0
 1 0 0 0 0 1 0 1 0 0 0 1 1 1 1 0 1 0 1 0 1 1 1 1 1 0]
 Training accuracy at 18400 out of 20000 is 1.000(0.500),cost is 0.025(7.673)
[1 0 0 0 0 0 1 0 1 0 1 0 1 1 1 0 0 0 1 0 1 1 0 0 1 0 0 0 0 0 1 0 0 0 0 1 0
 0 1 1 0 1 0 0 0 0 1 1 0 1 0 0 1 1 1 1 1 0 0 0 0 0 0 0 1 0 1 0 1 1 1 0 1 0
 1 0 0 0 0 1 1 1 0 1 0 1 1 1 1 0 1 0 0 0 1 1 1 1 1 0]
 Training accuracy at 18500 out of 20000 is 1.000(0.520),cost is 0.027(6.936)
[1 0 0 0 0 0 1 0 0 0 1 0 0 1 1 0 0 0 1 0 1 1 0 0 1 0 0 1 0 1 1 0 0 1 0 1 1
 0 1 1 1 1 0 0 0 0 1 1 0 1 0 0 1 1 1 1 1 1 1 0 1 0 1 0 1 0 1 0 1 1 1 0 1 0
 1 1 0 0 0 1 1 1 0 0 0 1 1 1 1 0 1 0 0 1 1 1 1 1 1 0]
 Training accuracy at 18600 out of 20000 is 1.000(0.480),cost is 0.025(7.218)
[1 0 0 1 0 0 1 0 0 0 1 0 0 1 1 0 0 0 1 0 1 1 0 0 1 0 1 1 0 1 1 0 0 1 0 1 1
 0 1 1 1 1 0 0 0 0 1 1 0 0 0 0 1 1 1 1 1 1 0 0 1 0 1 0 1 0 1 0 1 1 1 0 1 0
 1 0 0 0 1 1 1 1 0 0 0 1 1 1 1 0 1 0 0 0 1 1 1 1 1 0]
 Training accuracy at 18700 out of 20000 is 1.000(0.450),cost is 0.026(7.464)
[1 0 0 1 0 0 1 0 0 0 1 0 1 1 1 1 0 0 1 0 1 1 0 0 1 0 1 0 0 1 1 0 0 1 0 1 0
 0 1 1 1 1 0 0 0 0 1 1 0 0 0 0 1 1 1 1 1 1 0 0 1 0 1 0 1 0 1 0 1 1 1 0 1 0
 1 0 0 0 1 1 1 1 0 0 0 1 1 1 1 0 1 0 0 1 1 1 1 1 1 0]
 Training accuracy at 18800 out of 20000 is 1.000(0.460),cost is 0.028(7.187)
[1 0 0 0 0 0 1 0 0 0 1 0 0 1 1 0 0 0 1 0 1 1 0 0 1 0 1 0 0 1 1 0 0 1 0 1 0
 0 1 1 0 1 0 0 0 0 1 1 0 1 0 0 1 1 1 1 1 1 0 0 1 0 1 0 0 0 1 0 1 1 1 0 1 0
 1 0 0 0 0 1 0 1 0 1 0 1 1 1 1 0 1 0 0 1 1 1 1 1 1 0]
 Training accuracy at 18900 out of 20000 is 1.000(0.510),cost is 0.027(7.123)
[1 1 0 0 0 0 1 0 0 0 1 0 0 1 0 0 0 0 1 0 1 1 0 0 1 0 0 0 0 0 1 0 0 1 0 1 1
 0 1 1 1 1 0 0 0 0 1 1 0 0 0 0 1 1 1 1 0 0 0 0 1 0 1 0 1 0 1 0 1 1 1 0 1 0
 1 0 0 0 0 1 0 1 0 1 0 1 1 1 1 0 1 0 0 1 1 1 1 1 1 0]
 Training accuracy at 19000 out of 20000 is 1.000(0.490),cost is 0.025(7.395)
[1 0 0 0 0 0 1 0 0 0 1 0 0 1 1 0 0 0 1 0 1 1 0 0 1 0 0 1 0 0 1 0 0 1 0 1 1
 0 1 1 1 1 0 0 1 0 1 1 0 0 0 0 1 1 1 1 1 0 0 0 1 0 1 0 1 0 1 0 1 1 1 0 1 0
 1 0 0 0 0 1 1 1 0 0 0 1 1 1 1 0 1 0 0 1 1 1 1 1 1 0]
 Training accuracy at 19100 out of 20000 is 1.000(0.480),cost is 0.025(7.091)
[1 0 0 0 0 0 1 0 0 0 1 0 0 1 1 0 0 0 1 0 1 1 0 0 1 0 0 0 0 1 1 0 0 1 0 1 1
 0 1 1 1 1 0 0 0 0 1 1 0 0 0 0 1 1 1 1 0 0 0 0 1 0 1 0 0 0 1 0 1 1 1 0 1 0
 1 0 0 0 0 1 1 1 0 0 0 1 1 1 1 0 1 0 0 1 1 1 1 1 1 0]
 Training accuracy at 19200 out of 20000 is 0.999(0.470),cost is 0.056(7.608)
[1 0 0 0 0 0 1 0 0 0 1 0 0 1 1 0 0 0 1 0 1 1 0 0 1 0 1 0 0 0 1 0 0 1 0 1 1
 0 1 1 1 1 0 0 0 0 0 1 0 0 0 0 1 1 1 1 1 1 0 0 0 0 0 0 1 0 1 0 1 1 1 0 0 0
 1 0 0 0 0 1 0 1 0 0 0 1 1 1 1 0 1 0 0 1 1 1 1 1 1 0]
 Training accuracy at 19300 out of 20000 is 1.000(0.530),cost is 0.027(7.287)
[1 0 0 1 0 0 1 0 0 0 1 0 0 1 1 0 0 0 1 0 1 1 0 0 1 0 0 1 0 0 1 0 0 1 0 1 1
 0 1 1 1 1 0 0 0 0 1 1 0 1 0 0 1 1 1 1 1 1 0 0 1 0 1 0 1 0 1 0 1 1 1 0 1 0
 1 1 0 0 0 1 0 1 0 0 0 1 1 1 1 0 1 0 0 0 1 1 1 1 1 0]
 Training accuracy at 19400 out of 20000 is 1.000(0.490),cost is 0.025(7.126)
[1 0 1 0 0 0 1 0 1 0 1 0 0 1 1 0 0 0 1 0 1 1 0 0 1 0 1 1 1 0 1 0 0 1 0 1 1
 0 1 1 1 1 0 0 1 0 0 1 0 1 0 0 1 1 1 1 1 0 0 0 1 0 1 0 1 0 1 0 1 1 1 0 1 0
 1 0 0 0 0 1 1 1 0 0 0 1 1 1 1 0 1 0 0 0 1 0 1 1 1 0]
 Training accuracy at 19500 out of 20000 is 1.000(0.480),cost is 0.027(6.845)
[1 0 0 0 0 0 1 0 1 0 1 0 0 1 0 0 0 0 1 0 1 1 0 0 1 0 1 0 1 0 1 0 0 1 0 1 0
 0 1 1 1 1 0 0 1 0 0 1 0 0 0 0 1 1 1 1 1 1 0 0 1 0 0 0 1 0 1 0 1 1 1 0 1 0
 1 1 0 0 0 1 1 1 0 0 0 1 1 1 1 0 1 0 1 0 1 0 1 1 1 0]
 Training accuracy at 19600 out of 20000 is 1.000(0.530),cost is 0.026(6.352)
[1 0 0 0 0 0 1 0 0 0 1 0 0 1 0 0 0 0 1 1 1 1 0 0 1 0 0 0 0 0 1 0 0 1 0 1 0
 0 1 1 0 1 0 0 0 1 1 1 0 0 0 0 1 1 1 1 1 0 0 0 1 0 1 0 1 0 1 0 1 1 1 0 0 0
 1 0 0 0 0 1 0 1 0 0 0 1 1 1 1 0 1 0 0 1 1 1 1 1 1 0]
 Training accuracy at 19700 out of 20000 is 1.000(0.510),cost is 0.026(6.583)
[1 0 0 0 0 0 1 0 0 0 1 0 0 1 0 0 0 0 1 0 1 1 0 0 1 0 1 1 0 0 1 0 0 1 0 1 1
 0 1 1 1 1 0 0 0 1 0 1 0 0 0 0 1 1 1 1 1 0 0 0 1 0 0 0 1 0 1 0 1 1 1 0 1 0
 1 0 0 0 0 1 1 1 0 0 0 1 1 1 1 0 1 0 0 0 1 0 1 1 1 0]
 Training accuracy at 19800 out of 20000 is 1.000(0.460),cost is 0.025(6.785)
[1 0 0 0 0 0 1 0 1 0 1 0 0 1 0 0 0 0 1 1 1 1 0 0 1 0 1 0 0 0 1 0 0 1 0 1 0
 0 1 1 1 1 0 0 0 1 1 1 0 0 0 0 1 1 1 1 1 1 0 0 1 0 0 0 1 0 1 0 1 1 1 0 1 0
 1 0 0 0 1 1 1 1 0 0 0 1 1 1 1 0 1 0 0 1 1 1 1 1 1 0]
 Training accuracy at 19900 out of 20000 is 1.000(0.490),cost is 0.026(6.916)
pred real
2    1
1    2
1    2
1    2
1    1
1    2
2    2
1    1
1    2
1    2
2    1
1    1
1    1
2    2
1    2
1    1
1    1
1    2
2    1
1    1
2    2
2    2
1    2
1    2
2    1
1    1
2    1
2    1
1    2
1    1
2    1
1    1
1    1
2    1
1    2
2    2
1    1
1    1
2    1
2    1
2    1
2    2
1    1
1    1
1    2
2    2
2    1
2    2
1    1
1    1
1    2
1    1
2    1
2    1
2    1
2    1
2    2
2    2
1    2
1    2
1    1
1    1
1    1
1    1
2    1
1    1
2    2
1    2
2    2
2    2
2    1
1    1
1    1
1    2
2    2
1    2
1    1
1    2
1    1
2    1
2    1
2    2
1    1
2    2
1    2
2    2
2    2
2    2
2    1
1    2
2    1
1    2
1    2
2    2
2    2
1    2
2    2
2    2
2    1
1    2
time:0 The accuracy on the test data is 0.510, before training was 0.420
0.51
