[0 1 1 0 1 1 1 1 1 1 1 1 1 0 1 1 1 0 1 1 1 0 1 1 1 1 0 1 1 1 0 1 1 1 1 0 1
 0 0 0 1 0 1 1 1 1 1 1 1 0 1 1 1 0 1 1 0 0 0 1 0 1 0 1 0 0 0 0 1 0 1 1 1 0
 1 1 1 0 1 1 0 0 1 1 1 0 1 1 0 1 0 1 1 1 1 1 1 1 0 1]
 Training accuracy at 0 out of 20000 is 0.489(0.490),cost is 42.339(0.703)
[1 0 1 0 0 1 0 0 0 1 1 1 1 0 1 1 1 0 0 1 0 0 1 0 1 1 0 1 1 0 0 1 1 0 0 0 1
 1 1 1 1 1 0 0 1 1 0 1 1 0 0 0 1 0 1 1 1 1 1 1 0 1 0 0 0 0 0 1 1 1 1 0 1 0
 0 0 1 1 1 0 0 1 1 1 1 0 1 0 1 0 1 1 1 1 1 1 1 1 1 1]
 Training accuracy at 100 out of 20000 is 0.554(0.510),cost is 40.475(0.685)
[0 0 0 0 0 1 0 0 0 1 1 1 1 0 1 0 1 1 0 1 0 1 1 0 0 1 1 1 1 0 1 1 1 0 0 0 0
 1 1 1 1 1 1 0 0 1 0 0 1 0 0 0 0 0 1 1 1 1 1 1 1 1 0 0 0 0 0 1 1 1 1 1 0 0
 0 0 1 1 1 1 0 1 1 0 0 0 1 1 1 0 1 1 1 1 1 1 1 1 1 1]
 Training accuracy at 200 out of 20000 is 0.577(0.490),cost is 40.007(0.693)
[1 0 1 0 0 1 1 0 0 1 0 1 0 0 1 0 1 1 0 1 1 1 1 0 1 1 1 1 1 0 1 1 1 1 0 0 1
 0 0 1 1 0 0 1 1 1 0 0 1 0 0 1 0 0 1 1 1 0 0 1 0 0 0 0 0 0 0 1 0 1 1 0 0 0
 0 0 0 1 1 1 0 1 1 0 1 0 1 0 1 0 1 1 1 1 1 0 1 1 1 0]
 Training accuracy at 300 out of 20000 is 0.590(0.500),cost is 39.567(0.705)
[1 0 0 0 0 1 0 0 0 1 0 0 1 0 0 0 1 1 0 1 1 1 1 0 0 0 1 1 0 0 1 1 0 1 0 1 0
 0 0 0 1 0 0 1 0 1 0 0 1 0 0 0 0 0 1 1 1 0 0 1 1 0 0 0 0 0 0 1 1 1 1 0 1 0
 0 0 0 1 1 0 0 1 0 0 0 0 1 0 1 0 1 1 1 1 1 0 1 1 1 1]
 Training accuracy at 400 out of 20000 is 0.612(0.530),cost is 39.045(0.709)
[1 1 0 0 0 1 0 0 0 1 1 1 0 1 0 0 1 1 0 1 1 1 1 0 1 1 1 1 1 0 1 1 0 1 0 0 1
 1 0 1 1 0 0 1 0 1 0 0 1 0 0 0 1 0 1 1 1 1 1 1 0 0 0 0 0 0 0 1 1 1 1 1 0 0
 0 0 0 1 1 0 0 1 1 1 1 0 1 0 1 0 1 0 1 1 1 0 1 1 1 1]
 Training accuracy at 500 out of 20000 is 0.620(0.510),cost is 38.193(0.703)
[0 1 0 0 1 1 1 0 0 1 1 1 1 1 0 0 1 1 1 1 0 1 1 0 1 1 1 1 1 0 1 1 0 1 0 0 1
 1 1 0 0 0 0 0 0 1 0 0 1 0 0 0 0 0 0 1 1 1 0 1 1 0 0 0 0 0 0 1 0 0 1 0 1 0
 0 0 0 1 1 1 0 1 0 0 1 0 1 0 0 0 1 0 1 1 1 0 1 1 1 1]
 Training accuracy at 600 out of 20000 is 0.637(0.490),cost is 37.786(0.713)
[1 1 0 1 0 1 0 0 0 1 1 1 1 0 1 0 1 1 0 1 1 1 1 0 1 1 1 1 1 0 1 1 1 1 0 0 1
 0 1 1 0 0 0 0 0 1 0 0 1 0 0 0 1 0 0 1 1 1 0 1 0 0 0 0 0 0 0 1 1 0 1 1 1 0
 0 0 0 1 1 1 0 1 1 1 1 1 1 0 1 0 1 0 1 1 1 0 1 1 1 1]
 Training accuracy at 700 out of 20000 is 0.655(0.500),cost is 36.984(0.707)
[0 1 0 0 1 1 0 0 0 1 1 0 1 0 0 0 1 1 0 1 0 1 1 0 1 0 1 0 1 0 1 0 1 0 0 1 0
 0 1 1 0 0 0 0 0 1 0 0 1 0 0 0 0 0 0 1 1 0 0 1 0 0 0 0 0 0 0 0 1 1 1 0 0 0
 0 0 0 1 1 1 0 1 0 0 1 0 1 0 1 0 1 0 1 1 1 0 1 0 0 1]
 Training accuracy at 800 out of 20000 is 0.663(0.550),cost is 36.311(0.721)
[0 0 0 0 0 0 0 0 0 1 1 0 1 0 0 0 1 1 0 1 1 1 1 0 1 1 1 0 1 0 1 1 1 1 0 1 0
 0 1 1 0 0 0 1 0 1 0 0 0 0 0 1 1 1 1 0 0 0 0 1 0 0 1 0 0 1 0 1 1 0 1 0 0 0
 1 0 0 1 0 1 0 1 0 0 1 1 1 0 1 0 1 0 1 1 1 0 1 1 1 1]
 Training accuracy at 900 out of 20000 is 0.690(0.490),cost is 35.481(0.717)
[0 1 0 0 1 0 0 0 0 1 1 0 1 0 0 0 1 1 0 1 0 1 1 0 1 0 1 0 1 0 1 0 0 0 0 0 0
 0 1 0 0 1 0 0 0 1 0 0 1 0 0 0 1 1 0 0 1 1 0 1 0 0 0 0 0 0 0 1 0 0 1 0 0 0
 0 0 0 1 1 1 0 1 0 0 1 1 1 0 1 0 1 0 0 1 1 0 1 1 0 1]
 Training accuracy at 1000 out of 20000 is 0.696(0.560),cost is 34.402(0.725)
[1 1 0 0 1 0 0 0 0 1 1 0 1 0 0 0 1 1 1 1 0 1 1 0 1 1 1 0 1 0 1 0 1 0 0 0 1
 1 1 0 0 0 0 0 0 1 0 0 1 0 0 0 1 1 0 0 1 1 0 1 1 0 0 0 0 1 0 1 1 0 1 0 0 0
 0 0 0 1 1 0 0 1 1 0 1 1 1 0 1 0 1 0 1 1 1 0 1 1 0 1]
 Training accuracy at 1100 out of 20000 is 0.717(0.490),cost is 33.381(0.764)
[1 1 0 0 0 0 0 0 0 1 1 0 1 1 0 0 1 1 0 1 0 1 1 0 1 1 1 0 1 0 1 0 0 1 0 1 1
 1 1 0 0 0 0 1 0 1 0 0 1 0 0 1 1 1 1 0 1 0 0 0 0 0 0 0 0 1 0 1 1 1 1 0 0 0
 1 0 0 1 1 0 0 1 0 0 1 0 0 0 0 0 0 0 0 1 1 0 1 1 0 1]
 Training accuracy at 1200 out of 20000 is 0.727(0.510),cost is 32.770(0.774)
[1 1 0 0 0 1 0 1 0 1 1 1 1 1 0 0 1 1 1 1 1 1 1 0 1 1 1 1 1 0 1 1 1 1 0 0 1
 1 1 1 0 0 0 0 0 1 0 0 1 0 0 0 1 0 1 0 1 1 0 0 1 0 0 0 0 0 0 1 1 1 1 0 0 0
 0 0 0 1 1 0 0 1 1 0 1 1 0 0 1 0 1 0 1 1 1 0 1 1 1 1]
 Training accuracy at 1300 out of 20000 is 0.723(0.460),cost is 32.178(0.808)
[1 1 0 0 0 0 0 1 0 1 1 1 1 0 0 0 1 1 0 1 0 1 1 0 1 1 1 0 1 0 1 0 1 1 0 1 1
 1 1 1 0 1 0 0 0 1 0 0 1 0 1 0 1 1 1 0 1 0 0 1 0 0 0 0 0 1 0 1 1 1 1 0 0 0
 1 0 0 1 1 0 0 1 0 1 1 0 1 0 1 0 1 0 1 1 1 0 1 1 0 1]
 Training accuracy at 1400 out of 20000 is 0.745(0.520),cost is 31.249(0.778)
[1 1 0 0 1 0 0 0 0 0 1 1 1 0 0 0 1 1 0 1 0 1 1 0 0 0 1 0 1 0 1 0 0 0 0 1 1
 1 1 1 0 0 0 0 0 1 0 0 1 0 0 0 1 0 1 0 1 0 0 0 0 0 0 0 0 1 0 1 1 1 1 0 0 0
 1 1 0 1 1 0 0 1 1 0 1 0 1 0 1 0 1 0 0 1 1 0 1 1 1 0]
 Training accuracy at 1500 out of 20000 is 0.754(0.490),cost is 30.193(0.843)
[1 1 0 0 1 1 0 0 0 1 1 0 1 0 0 0 1 1 1 1 0 1 1 0 1 1 1 0 1 0 1 0 1 1 0 1 1
 1 1 1 0 1 0 0 0 1 0 1 1 0 1 0 0 1 1 0 1 1 0 0 1 0 0 0 0 1 0 1 0 1 1 0 0 0
 1 0 0 1 1 0 0 1 1 1 1 0 0 0 1 0 1 0 0 1 1 0 1 1 1 0]
 Training accuracy at 1600 out of 20000 is 0.764(0.480),cost is 29.461(0.909)
[1 1 0 0 1 1 0 1 1 0 1 0 1 0 0 0 1 1 0 1 0 1 1 0 0 1 1 0 1 0 1 0 1 0 0 0 1
 1 1 1 0 1 0 1 0 1 0 0 1 0 1 0 0 1 1 0 1 0 0 0 0 0 0 0 0 1 0 1 0 1 1 0 0 0
 1 0 0 1 1 0 0 1 0 0 1 0 1 0 1 0 1 0 0 1 1 0 1 1 1 1]
 Training accuracy at 1700 out of 20000 is 0.765(0.490),cost is 28.462(0.897)
[1 1 0 1 1 1 0 1 1 0 1 0 1 0 0 0 1 1 0 1 0 1 1 0 0 1 1 0 1 0 1 0 1 1 0 0 1
 1 1 1 0 1 0 1 0 1 0 1 1 1 1 0 1 1 1 0 1 0 0 0 1 1 0 0 0 1 0 1 0 1 1 0 0 0
 1 0 0 1 1 1 0 1 1 0 1 0 0 1 1 0 1 0 0 1 1 0 1 1 0 1]
 Training accuracy at 1800 out of 20000 is 0.780(0.450),cost is 27.455(0.951)
[1 1 0 0 1 1 0 0 0 1 1 0 1 0 0 0 1 1 0 0 1 1 1 0 0 0 1 0 1 0 1 0 1 0 0 1 0
 1 1 0 0 1 0 0 0 1 0 0 1 0 1 1 0 1 1 0 1 0 0 0 1 0 0 0 0 1 0 1 0 0 1 0 0 0
 1 0 0 1 1 1 0 1 1 0 1 1 0 0 1 0 0 0 0 1 1 0 1 1 0 1]
 Training accuracy at 1900 out of 20000 is 0.785(0.540),cost is 27.533(0.876)
[0 1 0 0 1 1 0 0 1 1 1 0 1 0 0 0 1 1 0 1 0 1 1 0 0 0 1 0 1 0 1 0 1 1 0 1 1
 1 1 1 0 1 0 1 0 1 0 0 1 0 0 0 0 1 0 0 1 0 0 0 1 0 0 0 0 1 0 1 1 0 1 0 0 0
 1 0 0 1 1 1 0 1 1 0 1 0 0 0 0 0 1 0 1 1 1 0 1 1 0 1]
 Training accuracy at 2000 out of 20000 is 0.809(0.520),cost is 26.560(0.905)
[1 1 0 0 1 1 0 0 0 1 1 1 1 0 0 0 1 1 0 1 0 1 1 0 0 1 1 0 1 0 1 0 1 1 0 1 1
 1 1 1 0 0 0 1 0 1 0 0 1 0 0 0 0 1 1 0 1 1 0 1 1 0 0 0 0 1 0 1 0 1 1 0 0 0
 1 0 0 1 1 0 0 1 0 0 0 0 0 0 1 0 1 0 0 1 1 0 1 1 1 1]
 Training accuracy at 2100 out of 20000 is 0.801(0.460),cost is 26.143(0.984)
[0 1 0 0 1 1 0 0 1 1 1 0 1 0 0 0 1 1 0 1 1 1 1 0 1 1 1 0 1 0 1 0 1 1 0 0 1
 1 1 1 0 0 0 1 0 1 0 0 1 0 1 0 0 1 1 0 1 0 0 1 1 0 0 1 0 1 0 1 0 1 1 0 0 0
 1 0 0 1 1 1 0 1 1 0 1 0 0 0 1 0 1 0 0 1 0 0 1 1 1 1]
 Training accuracy at 2200 out of 20000 is 0.817(0.450),cost is 25.100(1.005)
[0 1 0 0 1 0 0 0 1 1 1 0 1 0 0 0 1 1 0 0 0 1 1 0 1 0 1 0 1 0 1 0 1 1 0 1 1
 1 1 1 0 1 0 1 0 1 0 0 1 0 0 0 0 0 1 0 1 1 0 1 1 0 0 0 0 1 0 1 0 0 1 0 0 0
 1 1 0 1 1 0 0 1 0 0 1 0 0 0 0 0 1 1 0 1 0 0 1 1 0 1]
 Training accuracy at 2300 out of 20000 is 0.814(0.540),cost is 25.490(0.922)
[0 1 0 0 1 0 0 0 0 1 1 0 1 0 0 0 0 1 0 1 0 1 1 0 0 0 1 0 1 0 1 0 1 1 0 1 1
 1 1 1 0 0 0 1 0 1 0 1 1 0 0 0 0 1 1 0 1 0 0 1 1 1 0 0 0 1 0 1 0 1 1 0 0 0
 1 0 0 1 1 0 0 1 0 0 1 0 0 1 0 0 1 0 0 1 0 0 1 1 0 1]
 Training accuracy at 2400 out of 20000 is 0.813(0.510),cost is 24.524(0.953)
[1 1 0 0 1 1 0 0 1 1 1 0 1 0 0 0 1 1 0 1 1 1 1 0 0 1 1 0 1 0 1 0 1 0 0 1 1
 1 1 1 0 1 0 1 0 1 0 1 1 0 0 0 1 1 1 0 1 1 0 0 0 0 0 0 0 1 0 1 0 0 1 0 0 0
 1 0 0 1 1 0 1 1 1 0 1 0 0 0 0 0 1 0 0 1 1 0 1 1 0 1]
 Training accuracy at 2500 out of 20000 is 0.819(0.510),cost is 24.506(0.944)
[0 1 0 0 1 1 0 0 1 0 1 0 1 0 0 0 1 1 0 1 1 1 1 0 0 1 1 0 1 0 1 0 1 1 0 1 1
 1 1 1 0 1 0 1 0 1 0 1 1 0 0 0 0 1 1 0 1 0 0 1 1 1 0 0 0 1 0 1 0 0 1 0 0 0
 1 0 0 1 1 0 1 1 0 0 1 0 0 1 0 0 1 1 1 1 1 0 1 1 1 1]
 Training accuracy at 2600 out of 20000 is 0.836(0.520),cost is 23.134(1.010)
[0 1 0 0 1 0 0 0 0 0 1 1 1 0 0 0 1 1 0 1 1 1 1 0 0 1 1 0 1 0 1 0 1 0 0 1 1
 1 1 1 0 1 0 1 0 1 0 0 1 0 0 0 0 1 1 0 1 0 0 1 0 1 0 0 0 1 0 1 0 0 1 0 0 0
 1 0 0 1 1 1 1 1 0 0 1 1 0 0 0 0 1 0 0 1 1 0 1 1 0 1]
 Training accuracy at 2700 out of 20000 is 0.837(0.480),cost is 22.901(0.976)
[1 1 0 0 1 0 0 0 0 0 1 0 1 0 0 0 0 1 0 1 0 1 1 0 0 1 1 0 0 0 1 0 1 0 0 0 1
 1 1 1 0 1 0 1 0 1 0 0 1 0 0 0 0 0 1 0 1 0 0 0 1 1 0 0 0 1 0 1 0 0 1 0 0 0
 1 0 0 1 1 1 0 1 0 0 1 0 0 1 0 0 1 0 0 1 1 0 1 0 0 0]
 Training accuracy at 2800 out of 20000 is 0.840(0.440),cost is 21.667(1.101)
[1 1 0 0 1 1 0 0 0 0 1 0 1 0 0 0 0 1 0 1 1 1 1 0 0 1 1 0 1 0 1 0 1 1 0 0 1
 1 0 1 0 1 0 1 0 1 0 0 1 0 0 0 1 1 1 0 1 1 0 1 1 1 0 1 0 1 0 1 0 1 1 0 0 0
 1 1 0 1 1 1 1 1 1 0 1 1 0 0 0 0 1 1 0 1 1 0 1 1 1 1]
 Training accuracy at 2900 out of 20000 is 0.839(0.480),cost is 22.867(1.094)
[1 1 0 0 1 0 0 0 0 1 1 1 1 0 0 0 0 1 0 1 1 1 1 0 0 1 1 0 1 0 1 0 1 1 0 1 1
 1 0 1 0 1 0 1 0 1 0 0 1 0 0 0 0 1 1 0 1 1 0 0 1 0 0 0 0 1 0 1 0 0 1 0 0 0
 1 0 0 1 1 0 0 1 1 0 0 0 0 0 0 0 1 0 0 1 1 0 1 1 1 1]
 Training accuracy at 3000 out of 20000 is 0.848(0.470),cost is 22.183(1.050)
[0 1 0 1 1 1 0 1 1 0 1 0 1 0 1 0 1 1 0 1 1 1 1 0 0 1 1 0 1 0 1 0 1 0 0 1 1
 1 1 0 0 1 0 1 0 1 0 0 1 0 0 0 0 1 1 0 1 1 0 1 1 0 0 0 0 0 0 1 1 0 1 0 0 0
 1 0 0 1 1 1 0 1 1 0 1 0 0 0 0 0 1 1 0 1 0 0 1 1 1 0]
 Training accuracy at 3100 out of 20000 is 0.859(0.530),cost is 20.741(1.076)
[1 1 0 0 1 1 0 1 1 0 1 0 1 0 0 0 1 1 0 1 1 1 1 0 0 1 1 0 1 0 1 0 1 0 0 1 1
 1 1 1 0 1 0 1 0 1 0 1 1 0 1 0 0 1 1 0 1 1 0 1 1 1 0 0 0 1 0 1 0 1 1 0 0 0
 1 0 0 1 1 1 1 1 0 0 1 1 0 1 0 0 1 1 0 1 0 0 1 1 0 1]
 Training accuracy at 3200 out of 20000 is 0.865(0.530),cost is 20.188(1.077)
[1 1 0 0 1 1 0 0 1 0 1 0 1 0 0 0 1 1 0 1 1 1 1 0 0 1 1 0 1 0 1 0 1 0 0 1 1
 1 1 1 0 0 0 1 0 1 0 0 1 0 0 0 0 1 1 0 1 0 0 1 1 0 0 0 0 1 0 1 0 0 1 0 0 0
 1 0 0 1 1 1 0 1 0 0 1 1 0 0 0 0 1 0 0 1 1 0 1 1 0 1]
 Training accuracy at 3300 out of 20000 is 0.864(0.500),cost is 20.603(1.028)
[1 1 0 0 1 0 0 1 1 0 1 1 1 0 0 0 0 1 0 1 1 1 1 0 0 1 1 0 1 0 0 0 1 0 0 1 1
 1 1 1 0 1 0 0 0 1 0 1 1 0 0 0 0 1 1 0 1 1 0 1 1 1 0 0 0 1 0 1 0 0 1 0 0 0
 1 1 0 1 1 0 1 0 0 0 1 1 0 0 0 0 1 0 0 1 0 0 1 1 1 1]
 Training accuracy at 3400 out of 20000 is 0.871(0.500),cost is 20.149(1.090)
[1 1 0 0 1 1 0 1 1 0 1 0 1 0 0 0 1 1 0 1 1 1 1 0 0 1 1 0 1 0 1 0 1 0 0 1 1
 1 1 1 0 1 0 1 0 1 0 1 1 0 0 0 0 1 1 0 1 0 0 1 1 1 0 0 0 1 0 1 0 1 1 0 0 0
 1 0 0 1 1 1 1 1 0 0 1 0 0 1 0 0 1 0 0 1 0 0 1 1 0 1]
 Training accuracy at 3500 out of 20000 is 0.867(0.490),cost is 19.641(1.197)
[1 1 0 0 1 0 0 0 1 0 1 0 1 0 0 0 0 1 0 0 1 1 1 0 0 1 1 0 1 0 1 0 1 0 0 1 1
 1 1 1 0 1 0 1 0 1 0 0 1 0 0 0 0 0 1 0 1 1 0 1 1 1 0 0 0 1 0 1 0 0 1 0 0 0
 1 0 0 1 1 1 1 1 1 0 0 1 0 0 0 0 1 1 0 1 0 0 1 1 1 1]
 Training accuracy at 3600 out of 20000 is 0.876(0.490),cost is 19.660(1.202)
[1 1 0 0 1 0 0 0 0 0 1 0 1 0 0 0 1 1 0 1 1 1 1 0 1 1 1 0 1 0 1 0 1 0 0 1 1
 1 1 1 0 1 0 1 0 1 0 0 1 0 1 0 1 0 1 0 1 0 0 1 1 0 0 0 0 1 0 1 0 0 1 0 0 0
 1 0 0 1 1 1 0 1 0 0 0 1 1 0 1 0 1 1 0 1 0 0 1 1 1 0]
 Training accuracy at 3700 out of 20000 is 0.884(0.460),cost is 18.976(1.206)
[0 1 0 0 1 0 0 0 0 0 1 0 1 0 0 0 0 1 0 0 1 1 1 0 0 1 1 0 1 0 1 0 1 0 0 1 1
 1 1 1 0 1 0 1 0 1 0 0 1 0 0 1 0 0 1 0 1 0 0 1 1 0 0 0 0 1 0 1 0 0 1 0 0 0
 1 0 0 1 1 1 1 1 0 0 0 1 0 0 0 0 1 1 0 1 1 0 1 1 1 0]
 Training accuracy at 3800 out of 20000 is 0.882(0.490),cost is 18.253(1.247)
[1 1 0 0 1 0 0 1 1 0 1 1 1 1 1 0 1 1 0 1 1 1 1 0 1 1 1 0 1 0 1 0 1 0 0 1 1
 1 1 1 0 1 0 1 0 1 0 0 1 0 0 0 0 0 1 0 1 0 0 1 1 0 0 0 0 1 0 1 0 1 1 0 0 0
 1 1 0 1 1 1 0 1 0 0 0 1 0 0 1 0 1 0 0 1 0 0 1 1 1 0]
 Training accuracy at 3900 out of 20000 is 0.881(0.470),cost is 18.325(1.234)
[0 1 0 0 1 1 0 0 0 0 1 0 1 1 0 0 1 1 0 1 1 1 1 0 0 1 1 0 1 0 1 0 1 0 0 1 0
 1 1 1 1 1 0 1 0 1 0 0 1 0 0 0 0 1 1 0 1 1 0 1 1 0 0 0 0 1 0 1 0 0 1 0 0 0
 1 1 0 1 1 1 0 0 1 0 0 1 0 0 0 0 1 1 0 1 0 0 1 1 1 0]
 Training accuracy at 4000 out of 20000 is 0.876(0.490),cost is 18.649(1.140)
[0 1 0 0 1 1 0 0 0 0 1 0 1 1 0 0 1 1 0 1 1 1 1 0 1 1 1 0 1 0 1 0 1 1 0 1 1
 1 1 1 0 1 0 1 0 1 0 0 1 0 0 0 0 1 1 0 1 0 0 1 1 0 0 0 0 1 0 1 0 0 1 0 0 0
 1 1 0 1 1 1 0 1 1 0 1 1 0 0 1 0 1 0 0 1 0 0 1 1 1 1]
 Training accuracy at 4100 out of 20000 is 0.882(0.470),cost is 18.425(1.299)
[0 1 0 0 1 0 0 0 0 0 1 0 1 1 0 0 1 1 0 1 1 1 1 0 1 1 1 0 1 0 1 0 1 1 0 1 1
 1 1 1 0 1 0 1 0 1 0 0 1 0 0 0 1 0 1 0 1 0 0 1 1 0 0 0 0 1 0 1 0 0 1 0 0 0
 1 1 0 1 1 1 0 1 1 0 1 1 0 0 1 0 1 1 1 1 1 0 1 1 1 0]
 Training accuracy at 4200 out of 20000 is 0.884(0.480),cost is 17.821(1.279)
[0 1 1 0 0 0 0 0 0 0 1 0 1 0 0 0 1 1 0 0 1 1 1 0 0 0 1 0 1 0 1 0 1 1 0 1 1
 1 1 1 0 1 0 1 0 1 0 0 1 0 0 0 0 0 1 0 1 0 0 0 1 0 0 0 0 1 0 1 0 0 1 0 0 0
 1 0 0 1 1 1 0 0 0 0 0 0 0 0 1 0 1 0 0 1 0 0 1 1 1 1]
 Training accuracy at 4300 out of 20000 is 0.879(0.470),cost is 17.573(1.471)
[0 1 1 0 0 0 0 0 0 0 1 0 1 0 0 0 1 1 0 1 1 1 1 0 0 1 1 0 0 0 0 0 1 0 0 1 1
 1 1 1 0 0 0 1 0 1 0 1 1 0 0 0 0 1 1 0 1 0 0 0 1 0 0 0 0 1 0 1 0 0 1 0 0 0
 1 0 0 1 1 1 0 1 0 0 0 1 0 0 0 0 1 0 0 1 0 0 1 1 1 0]
 Training accuracy at 4400 out of 20000 is 0.887(0.470),cost is 17.564(1.255)
[1 1 0 0 1 1 0 0 1 0 1 0 1 0 0 0 1 1 0 1 1 1 1 0 0 1 1 0 1 0 0 0 1 0 0 1 1
 1 1 0 0 1 0 1 0 1 0 1 1 0 0 0 0 1 1 0 1 0 0 0 1 0 1 0 0 1 0 1 1 1 1 0 0 0
 1 1 0 1 1 1 0 1 1 0 0 0 0 0 0 0 1 0 0 1 0 0 1 1 1 0]
 Training accuracy at 4500 out of 20000 is 0.895(0.490),cost is 16.784(1.351)
[1 1 0 0 0 0 0 1 0 1 1 0 1 0 0 0 1 1 0 0 1 1 1 0 0 1 1 0 0 0 1 0 1 1 0 1 1
 1 1 1 0 1 0 1 0 1 0 0 1 0 0 0 0 1 1 0 1 1 0 0 1 0 1 0 0 1 0 1 0 0 1 0 0 0
 1 1 0 1 1 1 0 1 0 0 0 1 0 0 1 0 1 0 0 1 0 0 1 1 1 1]
 Training accuracy at 4600 out of 20000 is 0.897(0.450),cost is 16.626(1.332)
[0 1 0 0 1 0 0 0 1 1 1 0 1 0 1 0 0 1 0 1 1 1 1 0 0 0 1 0 1 0 0 0 1 0 0 1 1
 1 1 1 1 1 0 1 0 1 0 1 1 0 0 0 0 0 1 0 1 1 0 1 1 0 0 0 0 1 0 1 0 0 1 0 0 0
 1 0 0 1 1 1 1 1 1 0 0 1 0 0 0 0 1 1 0 1 0 0 1 1 1 1]
 Training accuracy at 4700 out of 20000 is 0.900(0.540),cost is 15.806(1.290)
[1 1 0 0 1 0 0 1 0 0 1 0 1 0 0 0 1 1 0 0 1 1 1 0 0 1 1 0 1 0 0 0 1 0 0 1 1
 1 1 0 0 1 0 1 0 1 0 0 1 0 0 0 0 1 1 0 1 0 0 1 1 0 0 0 0 1 0 1 0 0 1 0 0 0
 1 0 0 1 1 1 1 1 1 0 0 1 0 0 0 0 1 0 0 1 0 0 1 1 1 1]
 Training accuracy at 4800 out of 20000 is 0.901(0.460),cost is 15.822(1.445)
[1 1 0 0 1 0 0 0 0 1 1 0 1 0 0 0 0 1 0 0 1 1 1 0 0 1 1 0 1 0 0 0 1 0 0 1 1
 1 1 1 1 1 0 1 0 1 0 0 1 0 0 0 0 1 1 0 1 0 0 0 1 0 0 0 0 1 0 1 0 0 1 0 0 0
 1 0 0 1 1 1 0 1 1 0 0 1 0 0 0 0 1 0 0 1 0 0 1 1 1 1]
 Training accuracy at 4900 out of 20000 is 0.910(0.470),cost is 15.591(1.336)
[0 1 0 0 0 0 0 0 0 0 1 0 1 1 1 0 1 1 0 0 1 1 1 0 0 1 1 0 1 0 1 0 1 0 0 0 1
 1 1 1 1 1 0 1 0 1 0 0 1 0 0 0 1 1 1 0 1 0 0 1 1 0 0 0 0 0 0 1 0 0 1 0 0 0
 1 0 0 1 1 1 0 1 0 0 0 1 0 0 1 0 1 1 0 1 0 0 1 1 1 0]
 Training accuracy at 5000 out of 20000 is 0.901(0.480),cost is 15.317(1.397)
[1 1 0 0 0 0 1 0 0 0 1 1 1 0 0 0 0 1 0 0 1 1 1 0 0 1 1 0 1 0 1 0 1 0 0 1 1
 1 1 1 1 1 0 1 0 1 0 0 1 0 0 0 0 1 1 0 1 0 0 1 1 0 0 0 0 1 0 1 1 0 1 0 0 0
 1 0 0 1 1 1 0 1 1 0 0 1 1 0 0 0 1 1 0 1 0 0 1 1 1 1]
 Training accuracy at 5100 out of 20000 is 0.903(0.500),cost is 15.995(1.305)
[1 1 0 0 1 0 0 0 0 0 1 0 1 0 1 0 1 1 0 0 1 1 1 0 0 0 0 0 0 0 0 0 1 0 0 1 1
 1 1 1 1 0 0 1 0 1 0 0 1 0 0 0 0 1 1 0 1 0 0 1 1 0 0 0 0 1 0 1 0 0 1 0 0 0
 1 0 0 1 1 1 0 1 1 0 0 1 0 0 1 0 1 1 0 1 0 0 1 1 0 1]
 Training accuracy at 5200 out of 20000 is 0.907(0.480),cost is 15.607(1.384)
[0 1 0 0 1 0 0 0 0 0 1 0 1 0 0 0 0 1 0 0 1 1 1 0 0 0 0 0 0 0 1 0 1 0 0 1 1
 1 1 1 1 1 0 1 0 0 0 0 1 0 0 0 0 0 1 0 1 0 0 0 1 0 0 0 0 1 0 1 1 0 1 0 0 0
 1 0 0 1 1 1 0 1 0 0 0 1 0 0 1 0 1 1 0 1 0 0 1 1 1 1]
 Training accuracy at 5300 out of 20000 is 0.906(0.490),cost is 15.131(1.452)
[1 1 0 0 1 0 0 0 1 0 1 0 1 0 1 0 0 1 0 1 1 1 1 0 0 1 1 0 0 0 0 0 1 0 0 1 1
 1 1 1 1 0 0 1 0 1 0 1 1 0 0 0 0 1 1 0 1 0 0 0 1 0 0 0 0 1 0 1 0 0 1 0 0 0
 1 0 0 1 1 1 0 1 0 0 0 1 0 0 1 0 1 1 0 1 0 0 1 0 1 1]
 Training accuracy at 5400 out of 20000 is 0.904(0.460),cost is 15.068(1.414)
[0 1 0 0 1 0 0 0 1 0 1 0 1 0 1 0 0 1 0 1 1 1 1 0 0 0 1 0 0 0 1 0 1 0 0 1 1
 1 1 1 0 0 0 1 0 1 0 1 1 0 0 0 1 1 1 0 1 0 0 1 1 0 0 0 0 0 0 1 0 1 1 0 0 0
 1 0 0 1 1 1 0 1 1 0 0 1 0 0 0 0 1 1 0 1 0 0 1 1 0 0]
 Training accuracy at 5500 out of 20000 is 0.903(0.510),cost is 14.957(1.401)
[1 1 0 0 1 0 0 0 1 1 1 0 1 0 1 0 0 1 0 0 1 1 1 0 0 1 1 0 0 0 0 0 1 0 0 1 0
 1 1 1 0 0 0 1 0 1 0 1 1 0 0 0 0 1 1 0 1 0 0 0 1 0 0 0 0 0 0 1 0 0 1 0 0 0
 1 0 0 1 1 1 0 1 0 0 0 1 0 0 0 0 1 0 0 1 0 0 1 1 1 0]
 Training accuracy at 5600 out of 20000 is 0.910(0.510),cost is 14.703(1.418)
[1 1 0 0 1 0 0 0 0 0 1 0 1 0 0 0 1 1 0 0 1 1 1 0 0 0 1 0 0 0 1 0 1 0 0 1 0
 1 1 1 0 0 0 1 0 1 0 1 1 0 1 0 0 1 1 0 1 0 0 0 1 0 0 0 0 1 0 1 1 0 1 0 0 0
 1 0 0 1 1 1 0 1 0 0 0 1 0 0 0 0 1 1 0 1 0 0 1 1 1 0]
 Training accuracy at 5700 out of 20000 is 0.911(0.490),cost is 14.594(1.338)
[1 1 0 0 1 0 0 0 0 0 1 1 1 0 0 0 1 1 0 1 1 1 1 0 0 1 1 0 0 0 1 0 1 0 0 1 0
 1 1 1 1 1 0 1 0 1 0 0 1 0 0 0 1 0 1 0 1 0 0 0 1 0 1 0 0 1 0 1 1 0 1 0 0 0
 1 0 0 1 1 1 0 1 0 0 0 1 0 0 0 0 1 1 0 1 0 0 1 1 1 0]
 Training accuracy at 5800 out of 20000 is 0.911(0.430),cost is 14.527(1.484)
[0 1 0 1 0 0 0 0 1 0 1 0 1 1 1 0 0 1 0 0 1 1 1 0 0 0 1 0 0 0 0 0 1 0 0 1 0
 1 1 1 0 1 0 1 0 1 0 0 1 0 1 0 0 1 1 0 1 0 0 1 1 0 0 0 0 1 0 1 1 0 0 0 0 0
 1 0 0 1 1 1 0 1 0 0 0 1 0 0 0 0 1 1 0 1 0 0 1 0 0 0]
 Training accuracy at 5900 out of 20000 is 0.905(0.590),cost is 15.027(1.355)
[1 1 0 0 1 0 0 0 0 0 1 0 1 0 1 0 0 1 0 0 1 1 1 0 0 0 1 0 0 0 1 0 1 0 0 0 1
 1 1 1 1 1 0 1 0 1 0 0 1 0 0 0 0 0 1 0 1 0 0 0 1 0 1 0 0 1 0 1 0 1 1 1 0 0
 1 0 0 1 1 1 0 1 0 0 0 1 0 0 1 0 1 1 0 1 0 0 1 1 1 1]
 Training accuracy at 6000 out of 20000 is 0.919(0.460),cost is 14.327(1.469)
[1 1 0 0 0 0 0 0 1 0 1 0 1 0 1 0 1 1 0 1 1 1 1 0 0 0 1 0 0 0 0 0 1 0 0 1 1
 1 1 1 1 0 0 1 0 1 0 0 1 0 0 0 0 1 1 0 1 0 0 1 1 0 0 0 0 1 0 1 1 0 1 0 0 0
 1 0 0 1 1 1 0 1 0 0 0 1 0 0 0 0 1 1 0 1 0 0 1 1 1 1]
 Training accuracy at 6100 out of 20000 is 0.911(0.500),cost is 14.208(1.522)
[1 1 1 1 1 0 0 0 1 0 1 0 1 1 0 0 0 1 0 0 1 1 1 0 0 1 1 0 0 0 0 0 1 0 0 1 0
 1 1 0 0 1 0 1 0 1 0 0 1 0 0 0 0 1 1 0 1 0 0 1 1 0 0 0 0 1 0 1 1 0 0 0 0 0
 1 0 0 1 1 0 1 1 0 0 0 1 0 0 0 0 1 0 0 1 0 0 1 1 1 0]
 Training accuracy at 6200 out of 20000 is 0.914(0.550),cost is 13.817(1.497)
[1 1 1 0 0 0 0 0 0 0 1 0 1 0 1 0 0 1 0 1 1 1 1 0 0 1 0 0 0 0 0 0 1 0 0 1 0
 1 1 0 1 1 0 1 0 1 0 0 1 0 0 0 0 1 1 0 1 0 0 1 1 0 0 0 0 1 0 1 1 0 1 0 0 0
 1 0 0 1 1 1 0 1 0 0 0 1 0 0 0 0 1 1 0 1 0 0 1 1 1 1]
 Training accuracy at 6300 out of 20000 is 0.916(0.540),cost is 13.743(1.545)
[1 1 1 0 1 0 0 1 0 0 1 0 1 1 1 0 1 1 0 1 1 1 1 0 0 1 1 0 0 0 0 0 1 0 0 1 0
 1 1 0 0 1 0 1 0 1 0 1 1 0 0 0 1 1 1 0 1 0 0 1 1 0 1 0 0 1 0 1 1 0 1 0 0 0
 1 0 0 1 1 1 1 1 1 0 0 1 0 0 0 0 1 1 0 1 0 0 1 1 1 1]
 Training accuracy at 6400 out of 20000 is 0.921(0.490),cost is 13.745(1.631)
[1 1 0 1 0 0 0 0 0 0 1 0 1 0 1 0 0 1 0 1 1 1 1 0 0 0 0 0 0 0 0 0 1 0 0 1 0
 1 1 0 1 0 0 1 0 1 0 1 1 0 0 0 0 1 1 0 1 0 0 0 0 0 1 0 0 0 0 1 1 0 1 0 0 0
 1 0 0 1 1 1 1 1 0 0 0 1 1 0 1 0 1 1 0 1 0 0 1 1 1 0]
 Training accuracy at 6500 out of 20000 is 0.909(0.530),cost is 14.120(1.468)
[1 1 1 1 0 0 1 0 1 0 1 1 1 0 1 0 0 1 0 1 1 1 1 0 0 1 1 0 1 0 1 0 1 0 0 1 1
 1 1 1 0 1 0 0 0 1 0 0 1 0 0 0 1 1 1 0 1 0 0 0 1 0 0 0 0 1 0 1 1 1 1 0 0 0
 1 0 0 1 1 1 0 1 1 0 0 1 0 0 1 0 1 1 0 1 0 0 1 1 1 1]
 Training accuracy at 6600 out of 20000 is 0.924(0.520),cost is 13.728(1.595)
[1 1 1 1 0 0 0 0 0 0 1 0 1 1 0 0 1 1 0 1 1 1 1 0 0 1 1 0 0 0 0 0 1 0 0 1 0
 1 1 0 1 1 0 0 0 1 0 0 1 0 0 0 0 1 1 0 1 0 0 1 1 0 0 0 0 1 0 1 1 1 1 0 0 0
 1 0 0 1 1 1 0 0 0 0 0 1 0 0 0 0 1 1 0 1 0 0 1 1 1 1]
 Training accuracy at 6700 out of 20000 is 0.920(0.540),cost is 13.214(1.540)
[1 1 1 1 0 0 0 0 1 0 1 0 1 0 1 0 1 1 0 1 1 1 1 0 0 1 1 0 1 0 0 0 1 0 0 1 1
 1 1 0 1 1 0 1 0 1 0 0 1 0 0 0 0 1 1 0 1 0 0 1 1 0 1 0 0 1 0 1 1 0 1 0 0 0
 1 0 0 1 1 1 0 1 0 0 0 1 0 0 1 0 1 1 0 1 0 0 1 1 1 1]
 Training accuracy at 6800 out of 20000 is 0.923(0.520),cost is 13.417(1.654)
[1 1 1 1 0 0 0 0 1 0 1 1 1 0 1 0 1 1 0 1 1 1 1 0 0 1 0 0 1 0 0 0 1 0 0 1 1
 1 1 0 1 1 0 1 0 1 0 0 1 0 0 0 1 1 1 0 1 0 0 1 1 0 1 0 0 1 0 1 1 0 1 0 0 0
 1 0 0 1 1 1 0 1 0 0 0 1 0 0 1 0 1 1 0 1 0 0 1 1 0 0]
 Training accuracy at 6900 out of 20000 is 0.928(0.510),cost is 13.028(1.597)
[1 1 1 0 0 0 0 0 0 0 1 0 1 0 1 0 0 1 0 0 1 1 1 0 0 1 1 0 0 0 0 0 1 0 0 1 1
 1 1 1 1 1 0 1 0 1 0 0 1 0 0 0 1 1 1 0 1 0 0 0 1 0 1 0 0 1 0 1 1 1 1 0 0 0
 1 0 0 1 1 1 0 1 1 0 0 0 0 0 1 0 1 1 0 1 0 0 1 1 1 1]
 Training accuracy at 7000 out of 20000 is 0.930(0.470),cost is 12.907(1.572)
[1 1 1 1 0 0 0 0 0 0 1 0 1 1 1 0 1 1 0 0 1 1 1 0 0 0 1 0 0 0 0 0 1 0 0 1 0
 1 1 0 1 1 0 1 0 1 0 0 1 0 0 0 0 1 1 0 1 0 0 1 0 0 1 0 0 1 0 1 1 0 1 0 0 0
 1 0 0 1 1 1 0 1 1 0 0 1 0 0 1 0 1 1 0 1 0 0 1 1 0 1]
 Training accuracy at 7100 out of 20000 is 0.928(0.550),cost is 12.865(1.592)
[1 1 1 1 0 0 0 0 0 0 1 0 1 0 1 0 0 0 0 0 1 1 1 0 0 1 1 0 0 0 0 0 1 0 0 1 0
 1 1 0 1 1 0 0 0 1 0 0 1 0 0 0 0 1 1 0 1 0 0 0 0 0 1 0 0 1 0 1 1 1 1 0 0 0
 1 0 0 1 1 1 0 1 0 0 0 1 0 0 1 0 1 1 0 1 0 0 1 1 0 1]
 Training accuracy at 7200 out of 20000 is 0.928(0.550),cost is 12.649(1.674)
[1 1 1 1 0 0 0 0 1 0 1 1 1 1 1 0 1 1 0 0 1 1 1 0 0 1 0 0 0 0 1 0 1 0 0 1 1
 1 1 1 1 1 0 1 0 1 0 0 1 0 0 0 1 1 1 0 1 0 0 1 1 0 0 0 0 1 0 1 1 1 1 0 0 0
 1 0 0 1 1 1 0 1 1 0 0 1 0 0 0 0 1 1 0 1 0 0 1 1 0 1]
 Training accuracy at 7300 out of 20000 is 0.930(0.530),cost is 12.373(1.620)
[1 1 1 1 0 0 0 0 0 0 1 1 1 0 1 0 0 1 0 0 1 1 1 0 0 1 1 0 0 0 1 0 1 0 0 1 1
 1 1 1 0 1 0 1 0 1 0 0 1 0 0 0 1 1 1 0 1 0 0 0 1 0 0 0 0 1 0 1 1 0 1 0 0 0
 1 0 0 1 1 1 0 1 1 0 0 1 0 0 0 0 1 1 0 1 0 0 1 1 1 1]
 Training accuracy at 7400 out of 20000 is 0.931(0.490),cost is 12.271(1.658)
[1 1 1 1 0 0 0 0 1 0 1 0 1 1 1 0 1 1 0 0 1 1 1 0 0 1 1 0 0 0 1 0 1 0 0 1 1
 1 1 1 1 1 0 1 0 1 0 0 1 0 0 0 1 1 1 0 1 0 0 1 0 0 1 0 0 1 0 1 1 0 1 0 0 0
 1 0 0 1 1 1 0 1 0 0 0 1 0 0 0 0 1 1 0 1 0 0 1 1 0 0]
 Training accuracy at 7500 out of 20000 is 0.931(0.520),cost is 12.369(1.691)
[0 1 1 1 0 0 0 0 0 0 1 0 1 1 1 0 1 1 0 0 1 1 1 0 0 1 0 0 0 0 0 0 1 0 0 1 1
 1 1 1 1 1 0 1 0 1 0 0 1 0 0 0 0 1 1 0 1 0 0 1 0 0 0 0 0 1 0 1 1 0 1 0 0 0
 1 0 0 1 1 1 0 1 0 0 0 1 0 0 0 0 1 1 0 1 0 0 1 1 0 1]
 Training accuracy at 7600 out of 20000 is 0.919(0.570),cost is 12.594(1.584)
[1 1 1 1 0 0 0 0 0 0 1 1 1 0 1 0 1 1 0 0 1 1 1 0 0 1 0 0 0 0 1 0 1 0 0 0 1
 1 1 1 1 1 0 1 0 1 0 0 1 0 0 0 1 1 1 0 1 0 0 0 0 0 1 0 0 1 0 1 1 0 1 0 0 0
 1 0 0 1 1 1 0 0 1 0 0 1 0 0 0 0 1 1 0 1 0 0 1 1 1 1]
 Training accuracy at 7700 out of 20000 is 0.927(0.460),cost is 12.366(1.603)
[0 1 1 1 0 0 0 0 0 0 1 1 1 1 1 0 1 1 0 0 1 1 1 0 0 1 0 0 0 0 0 0 1 0 0 1 0
 1 1 0 1 1 0 1 0 1 0 0 1 0 0 0 1 1 1 0 1 0 0 1 0 0 1 0 0 1 0 1 1 0 1 0 0 0
 1 0 0 1 1 1 0 1 1 0 0 1 1 1 1 0 1 1 0 1 0 0 1 1 0 1]
 Training accuracy at 7800 out of 20000 is 0.927(0.560),cost is 12.070(1.603)
[0 1 1 0 0 0 0 0 0 0 1 1 1 1 1 0 1 1 0 0 1 1 1 0 0 0 0 0 0 0 1 0 1 0 0 1 0
 1 1 0 0 0 0 0 0 1 0 0 1 0 0 0 1 1 1 0 1 0 0 1 0 0 1 0 0 1 0 1 1 1 1 0 0 0
 1 0 0 1 1 1 0 0 1 0 0 1 1 0 1 0 1 0 0 1 0 0 1 1 0 0]
 Training accuracy at 7900 out of 20000 is 0.916(0.530),cost is 13.660(1.476)
[1 1 1 1 0 0 0 0 0 0 1 0 1 0 1 0 1 1 0 0 1 1 1 0 0 0 1 0 0 0 1 0 1 0 0 1 0
 1 1 1 1 1 0 1 0 1 0 0 1 0 0 0 0 1 1 0 1 0 0 1 0 0 1 0 0 1 0 1 1 0 1 0 0 0
 1 0 0 1 1 1 0 1 1 0 0 1 0 0 0 0 1 1 0 1 0 0 1 1 0 1]
 Training accuracy at 8000 out of 20000 is 0.919(0.530),cost is 12.694(1.645)
[0 1 1 1 0 0 0 0 0 0 1 0 1 0 1 0 1 1 0 0 1 1 1 0 0 1 1 0 0 0 1 0 1 0 0 1 0
 1 1 1 1 0 0 0 0 1 0 0 1 0 0 0 1 1 1 0 1 0 0 1 0 0 0 0 0 1 0 1 1 1 1 0 0 0
 1 0 0 1 1 1 0 1 1 0 0 1 0 1 0 0 1 0 0 0 0 0 1 0 0 0]
 Training accuracy at 8100 out of 20000 is 0.930(0.510),cost is 12.061(1.580)
[1 1 1 1 0 0 0 0 0 0 1 1 1 0 1 0 1 0 0 1 1 1 1 0 0 1 1 0 1 0 0 0 1 0 0 0 1
 1 1 1 1 1 0 0 0 1 0 0 1 0 0 0 0 1 1 0 1 0 0 1 0 0 1 0 0 1 0 1 1 0 1 0 0 0
 1 0 0 1 1 1 0 1 0 0 0 1 0 0 0 0 1 1 0 1 0 0 1 1 0 1]
 Training accuracy at 8200 out of 20000 is 0.931(0.510),cost is 11.560(1.916)
[1 1 1 1 0 0 0 1 1 0 1 0 1 0 1 0 1 1 0 1 1 1 1 0 0 1 0 0 1 0 1 0 1 0 0 0 0
 1 1 1 1 1 0 0 0 1 0 0 1 0 1 0 0 1 1 0 1 0 0 1 0 0 1 0 0 1 0 1 1 0 1 1 0 0
 1 0 0 1 1 1 0 1 1 0 0 1 0 0 0 0 1 0 0 1 0 0 1 1 0 0]
 Training accuracy at 8300 out of 20000 is 0.933(0.510),cost is 11.384(1.636)
[0 1 1 0 0 0 0 0 0 0 1 0 1 0 1 0 1 1 0 1 1 1 1 1 0 1 1 0 0 0 0 0 1 0 0 1 1
 1 1 1 0 1 0 0 0 1 0 0 1 0 0 0 0 0 0 0 1 0 0 1 0 0 0 0 0 1 0 1 1 0 1 0 0 0
 1 0 0 1 1 1 0 0 0 0 0 1 0 0 1 0 1 0 0 1 0 0 1 1 1 1]
 Training accuracy at 8400 out of 20000 is 0.936(0.540),cost is 11.463(1.887)
[0 1 1 1 0 0 0 0 1 0 1 0 1 0 1 0 0 1 0 1 1 1 1 0 0 1 1 0 0 0 0 0 1 0 0 0 1
 1 1 1 1 1 0 0 0 1 0 0 1 0 0 0 0 0 1 0 1 0 0 1 0 0 0 0 0 1 0 1 1 0 1 0 0 0
 1 0 0 1 1 1 0 0 1 0 0 1 0 0 0 0 1 1 0 1 0 0 1 0 0 0]
 Training accuracy at 8500 out of 20000 is 0.934(0.530),cost is 11.451(1.673)
[0 1 1 1 0 0 0 0 0 0 1 1 1 1 1 0 1 1 0 1 1 1 1 0 0 0 1 0 0 0 0 0 1 0 0 1 1
 1 1 1 0 1 0 0 0 1 0 0 1 0 0 0 1 1 1 0 1 0 0 1 0 0 0 0 0 1 0 1 1 0 1 0 0 0
 0 0 0 1 1 1 0 0 0 0 0 1 0 0 0 0 1 1 0 1 0 0 1 0 0 1]
 Training accuracy at 8600 out of 20000 is 0.931(0.530),cost is 11.828(1.669)
[0 1 1 1 0 0 0 0 1 0 1 1 1 0 1 0 1 1 0 1 1 1 1 0 0 1 0 0 0 0 1 0 1 0 0 1 0
 1 1 1 0 1 0 1 0 1 0 0 1 0 0 0 0 1 1 0 1 0 0 1 0 0 0 0 0 1 0 1 1 0 1 0 0 0
 1 0 0 1 1 1 0 0 0 0 0 1 0 0 0 0 1 1 0 1 0 0 1 1 0 0]
 Training accuracy at 8700 out of 20000 is 0.924(0.540),cost is 11.331(1.778)
[0 1 1 1 0 0 0 0 1 0 1 1 1 0 1 0 1 1 0 1 1 1 1 1 0 1 0 0 0 0 1 0 1 0 0 1 1
 1 1 1 0 1 0 1 0 1 0 0 1 0 0 0 0 1 1 0 1 0 0 1 0 0 0 0 0 1 0 1 1 0 1 0 0 0
 1 0 0 1 1 1 0 0 1 0 1 0 0 0 0 0 1 1 0 1 0 0 1 1 1 0]
 Training accuracy at 8800 out of 20000 is 0.935(0.520),cost is 11.248(1.739)
[1 1 1 1 0 0 0 0 0 0 1 0 1 1 1 0 1 1 0 0 1 1 1 0 0 1 0 0 0 0 0 0 1 0 0 1 1
 1 1 1 1 1 0 1 0 1 0 0 1 0 0 0 0 1 1 0 1 0 0 0 0 0 0 0 0 1 0 1 1 0 1 0 0 0
 1 0 0 1 1 1 0 1 0 0 0 1 0 1 0 0 1 1 0 1 0 0 1 1 0 0]
 Training accuracy at 8900 out of 20000 is 0.936(0.550),cost is 10.681(1.686)
[0 1 0 1 0 0 0 0 1 0 1 1 1 1 1 0 1 1 0 1 1 1 1 0 0 1 0 0 0 0 1 0 1 0 0 1 1
 1 1 0 0 1 0 1 0 1 0 0 1 0 1 0 0 1 1 0 1 0 0 0 0 0 0 0 0 1 0 1 1 0 1 0 0 0
 1 0 0 1 1 1 0 1 0 0 0 1 0 1 0 0 1 1 0 1 0 0 1 0 0 0]
 Training accuracy at 9000 out of 20000 is 0.933(0.550),cost is 10.945(1.888)
[0 1 1 0 0 0 0 0 1 0 1 1 1 1 1 0 1 1 0 0 1 1 1 0 0 0 1 0 0 0 0 0 1 0 0 1 1
 1 1 1 1 1 0 1 0 1 0 0 1 0 0 0 1 1 0 0 1 0 0 0 0 0 0 0 0 1 0 1 1 0 1 1 0 0
 1 0 0 1 1 1 0 1 0 0 0 1 1 0 1 0 1 1 0 1 0 0 1 1 1 0]
 Training accuracy at 9100 out of 20000 is 0.934(0.520),cost is 11.165(1.864)
[0 1 1 1 0 0 0 0 1 0 1 1 1 0 1 0 1 1 0 0 1 1 1 0 0 1 1 0 0 0 1 0 1 0 0 1 1
 1 1 1 1 1 0 1 0 1 0 0 1 0 1 0 0 1 1 0 1 0 0 1 0 0 0 0 0 1 0 1 1 0 1 0 0 0
 1 0 0 1 1 1 0 1 0 0 0 1 1 1 0 0 1 1 0 1 0 0 1 0 1 0]
 Training accuracy at 9200 out of 20000 is 0.937(0.540),cost is 10.854(1.800)
[0 1 1 1 0 0 0 0 1 0 1 1 1 1 1 0 1 1 0 0 1 1 1 0 0 1 1 0 0 0 1 0 1 0 0 1 0
 1 1 1 1 1 0 0 0 1 0 0 1 0 1 0 0 0 1 0 1 0 0 0 1 0 0 0 0 1 0 1 1 0 1 0 0 0
 1 0 0 1 1 1 0 0 1 0 0 1 0 0 0 0 1 1 0 0 0 0 1 1 1 0]
 Training accuracy at 9300 out of 20000 is 0.938(0.520),cost is 11.484(1.597)
[0 1 1 1 0 0 0 1 1 0 1 1 1 1 1 0 1 1 0 1 1 1 1 0 0 1 1 0 0 0 1 0 1 0 0 1 0
 1 1 1 0 1 0 1 0 1 0 0 1 0 0 0 0 1 1 0 1 0 0 1 1 0 1 0 0 1 0 1 1 1 1 1 0 0
 1 0 0 1 1 1 0 1 1 0 0 1 0 0 1 0 1 1 0 1 0 0 1 0 1 0]
 Training accuracy at 9400 out of 20000 is 0.932(0.480),cost is 11.653(1.765)
[0 1 1 1 0 0 0 0 1 0 1 1 1 0 1 0 0 1 0 0 1 1 1 0 0 1 1 0 0 0 1 0 1 0 0 1 0
 1 1 0 1 1 0 0 0 1 0 0 1 0 1 0 1 1 1 0 1 0 0 1 0 0 1 0 0 1 0 1 1 0 0 0 0 0
 1 0 0 1 1 1 0 1 1 0 0 1 0 0 0 0 1 1 0 1 0 0 1 0 1 1]
 Training accuracy at 9500 out of 20000 is 0.941(0.550),cost is 10.492(1.691)
[1 1 0 1 0 0 0 0 1 0 1 1 1 0 1 0 0 1 0 1 1 1 1 0 0 1 0 0 0 0 1 0 1 0 0 0 0
 1 1 1 0 1 0 0 0 1 0 0 1 0 0 0 0 1 0 0 1 0 0 1 0 0 0 0 0 1 0 1 1 0 1 0 0 0
 1 0 0 1 1 1 0 1 1 0 0 1 0 0 0 0 1 1 0 1 0 0 1 1 1 0]
 Training accuracy at 9600 out of 20000 is 0.941(0.530),cost is 10.288(1.801)
[0 1 1 1 0 0 0 0 1 0 1 1 1 1 0 0 0 1 0 0 1 1 1 1 0 1 0 0 0 0 1 0 1 0 0 1 0
 1 1 1 0 1 0 1 0 1 0 0 1 0 0 0 0 1 1 0 1 0 0 1 0 0 0 0 0 1 0 1 1 0 1 0 0 0
 1 0 0 1 1 1 0 1 1 0 1 1 0 0 0 0 1 1 0 1 1 0 1 0 1 0]
 Training accuracy at 9700 out of 20000 is 0.927(0.570),cost is 11.722(1.785)
[0 1 1 1 1 0 0 0 0 0 1 1 1 1 0 0 0 1 0 1 1 1 1 0 0 1 0 0 1 0 1 0 1 0 0 1 1
 1 1 1 0 1 0 1 0 1 0 0 1 0 0 0 1 1 1 0 1 0 0 1 0 0 0 0 0 1 0 1 1 0 1 0 0 0
 1 0 0 1 1 1 0 1 1 0 0 1 0 1 0 0 1 1 0 1 0 0 1 0 1 0]
 Training accuracy at 9800 out of 20000 is 0.932(0.510),cost is 11.197(2.008)
[0 1 1 1 0 0 0 0 1 0 1 1 1 1 1 0 1 1 0 1 1 1 1 0 0 1 0 0 0 0 1 0 1 0 0 1 1
 1 1 1 1 1 0 0 0 1 0 0 1 0 0 0 1 1 1 0 1 0 0 1 1 0 0 0 0 1 0 1 1 0 1 0 0 0
 1 0 0 1 1 1 0 1 0 0 1 1 0 1 0 0 1 1 0 1 0 0 1 0 1 0]
 Training accuracy at 9900 out of 20000 is 0.933(0.530),cost is 10.602(1.914)
[0 1 1 1 0 0 0 0 0 0 1 0 1 1 0 0 0 1 0 1 1 1 1 0 0 1 0 0 0 0 0 0 1 0 0 1 1
 1 1 1 1 1 0 0 0 1 0 0 1 0 0 0 0 1 1 0 1 0 0 1 1 0 0 0 0 1 0 1 1 0 1 0 0 0
 1 0 0 1 1 1 0 1 1 0 1 1 0 0 0 0 1 0 0 1 0 0 1 0 0 0]
 Training accuracy at 10000 out of 20000 is 0.938(0.530),cost is 10.431(1.774)
[0 1 1 1 0 0 0 1 1 0 1 0 1 1 0 0 0 1 0 0 1 1 1 0 0 1 0 0 0 0 1 0 1 0 0 1 1
 1 1 1 1 1 0 1 0 1 0 0 1 0 0 0 0 1 1 0 1 0 0 1 0 0 0 0 0 1 0 1 1 0 1 0 0 0
 1 0 0 1 1 1 0 1 1 0 1 1 1 0 0 0 1 1 0 1 0 0 1 1 1 0]
 Training accuracy at 10100 out of 20000 is 0.938(0.550),cost is 10.433(1.888)
[0 1 1 1 0 0 0 1 1 0 1 0 1 1 1 0 0 1 0 1 1 1 1 0 0 0 0 0 1 0 0 0 1 0 0 0 1
 1 1 1 1 1 0 1 0 1 0 0 1 0 1 0 1 1 1 0 1 0 0 1 0 0 0 0 0 1 0 1 1 0 1 0 0 0
 1 0 0 1 1 1 0 1 1 0 0 1 0 0 0 0 1 0 0 1 0 0 1 0 0 0]
 Training accuracy at 10200 out of 20000 is 0.939(0.540),cost is 10.372(1.773)
[0 1 1 1 0 0 0 1 1 0 1 0 1 1 1 0 1 1 0 0 1 1 1 0 0 0 0 0 0 0 1 0 1 1 0 0 0
 1 1 1 1 1 0 0 0 1 0 0 1 0 1 0 0 1 1 0 1 0 0 1 0 0 0 0 0 0 0 1 1 0 1 0 0 0
 1 0 0 1 1 1 0 1 1 0 0 1 1 0 0 0 1 1 0 1 0 0 1 0 0 0]
 Training accuracy at 10300 out of 20000 is 0.940(0.570),cost is 10.311(1.795)
[0 1 1 1 0 0 0 1 1 0 1 1 1 1 0 0 1 0 0 0 1 1 1 0 0 0 0 0 0 0 1 0 1 0 0 0 0
 1 1 1 1 1 0 0 0 1 0 0 1 0 0 0 0 1 1 0 1 0 0 1 0 0 0 0 0 1 0 1 1 0 1 0 0 0
 1 0 0 1 1 1 0 0 1 0 0 1 0 1 0 0 1 1 0 1 0 0 1 0 0 0]
 Training accuracy at 10400 out of 20000 is 0.938(0.520),cost is 10.680(1.705)
[1 1 1 1 0 0 0 1 1 0 1 1 1 1 0 0 1 1 0 0 1 1 1 0 0 0 0 0 0 0 1 0 1 0 0 0 1
 1 1 1 1 1 0 0 0 1 0 0 1 0 1 0 0 1 1 0 1 0 0 1 0 0 1 0 0 1 0 1 1 0 1 0 0 0
 1 0 0 1 1 1 0 1 1 0 0 1 0 0 0 0 1 1 0 1 0 0 1 0 0 0]
 Training accuracy at 10500 out of 20000 is 0.942(0.510),cost is 10.695(1.828)
[1 1 1 1 0 0 0 1 0 0 1 0 1 1 0 0 1 1 0 1 1 1 1 0 0 1 0 0 0 0 1 0 1 0 0 0 1
 1 1 1 1 1 0 0 0 1 0 0 1 0 0 0 0 1 0 0 1 0 0 1 0 0 0 0 0 1 0 1 1 0 1 0 0 0
 1 0 0 1 1 1 0 0 1 0 0 1 0 1 0 0 1 1 0 1 0 0 1 1 0 0]
 Training accuracy at 10600 out of 20000 is 0.938(0.510),cost is 10.171(1.879)
[0 1 1 1 0 0 0 1 1 0 1 0 1 1 0 0 1 1 0 0 1 1 1 0 0 1 0 0 0 0 1 0 1 0 0 1 1
 1 1 1 1 1 0 0 0 1 0 0 1 0 0 0 0 1 1 0 1 0 0 1 1 0 1 0 0 1 0 1 1 0 1 0 0 0
 1 0 0 1 1 1 0 0 0 0 0 1 0 1 0 0 1 1 0 1 0 0 1 0 0 0]
 Training accuracy at 10700 out of 20000 is 0.940(0.520),cost is 10.224(1.779)
[1 1 1 1 0 0 0 1 1 0 1 0 1 1 1 0 1 1 0 0 1 1 1 0 0 1 0 0 0 0 1 0 1 0 0 1 0
 1 1 1 1 1 0 1 0 1 0 0 1 0 0 0 0 1 1 0 1 0 0 1 0 0 0 0 0 1 0 1 1 1 1 0 0 0
 1 0 0 1 1 1 0 0 1 0 0 1 0 1 0 0 1 1 0 1 0 0 1 1 0 0]
 Training accuracy at 10800 out of 20000 is 0.945(0.550),cost is 9.740(1.819)
[1 1 1 1 0 0 0 1 0 0 1 1 1 1 1 0 1 1 0 0 1 1 1 0 0 0 0 0 0 0 1 0 1 0 0 0 0
 1 1 0 0 1 0 0 0 1 0 0 1 0 1 0 0 1 1 0 1 0 0 1 0 0 1 0 0 1 0 1 1 0 1 0 0 0
 1 0 0 1 1 1 0 1 0 0 0 1 0 0 0 0 1 1 0 0 0 0 1 1 1 0]
 Training accuracy at 10900 out of 20000 is 0.943(0.540),cost is 9.877(1.892)
[0 1 1 1 0 0 0 1 0 1 1 0 1 1 0 0 1 1 0 0 1 1 1 0 0 0 0 0 0 0 1 0 1 0 0 1 0
 1 1 0 1 1 0 0 0 1 0 0 1 0 0 0 0 1 0 0 1 0 0 1 1 0 1 0 0 1 0 1 1 0 1 1 0 0
 1 0 0 1 1 1 0 0 1 0 0 1 0 1 0 0 1 0 0 0 0 0 1 1 0 0]
 Training accuracy at 11000 out of 20000 is 0.940(0.530),cost is 10.273(1.827)
[0 1 1 1 0 0 0 1 1 1 1 0 1 1 1 0 1 1 0 0 1 1 1 0 0 1 0 0 1 0 1 0 1 0 0 1 1
 1 1 0 1 1 0 0 0 1 0 0 1 0 1 0 0 0 1 0 1 0 0 1 0 0 1 0 0 1 0 1 1 0 1 1 0 0
 1 0 0 1 1 1 0 0 1 0 0 1 0 1 0 0 1 1 0 1 0 0 1 1 0 0]
 Training accuracy at 11100 out of 20000 is 0.938(0.580),cost is 9.888(1.737)
[0 1 1 1 0 0 0 0 1 0 1 0 1 1 0 0 1 1 0 0 1 1 1 0 0 1 0 0 0 0 1 0 1 0 0 1 0
 1 1 0 1 1 0 0 0 1 0 0 1 0 1 0 1 1 0 0 1 0 0 1 0 0 1 0 0 1 0 1 1 0 1 0 0 0
 1 0 0 1 1 1 0 0 1 0 0 1 0 1 0 0 1 0 0 0 0 0 1 1 1 0]
 Training accuracy at 11200 out of 20000 is 0.942(0.540),cost is 10.244(1.845)
[0 1 1 1 0 0 0 1 1 1 1 1 1 1 0 0 1 1 0 0 1 1 1 0 0 1 0 0 0 0 1 0 1 0 0 1 1
 1 1 1 1 1 0 0 0 1 0 0 1 0 0 0 1 1 1 0 1 0 0 1 0 0 0 0 0 1 0 1 1 0 1 0 0 0
 1 0 0 1 1 1 0 1 1 0 0 1 0 1 0 0 1 1 0 1 0 0 1 1 1 0]
 Training accuracy at 11300 out of 20000 is 0.945(0.530),cost is 9.752(1.929)
[0 1 1 1 0 0 0 0 1 1 1 1 1 1 1 0 1 1 0 0 1 1 1 0 0 1 0 0 0 0 1 0 1 0 0 1 1
 1 1 1 1 1 0 0 0 1 0 0 1 0 0 0 0 1 1 0 1 0 0 1 0 0 1 0 0 1 0 1 1 0 1 0 0 0
 1 0 0 1 1 1 0 1 1 0 0 1 0 1 0 0 1 1 0 1 0 0 1 0 0 1]
 Training accuracy at 11400 out of 20000 is 0.945(0.560),cost is 10.057(1.863)
[0 1 1 1 0 0 0 0 1 0 1 1 1 1 1 0 1 1 0 0 1 1 1 0 0 1 0 0 0 0 1 0 1 0 0 1 1
 1 1 1 1 1 0 0 0 1 0 0 1 0 0 0 0 1 1 0 1 0 0 1 0 0 1 0 0 1 0 1 1 0 1 1 0 0
 1 0 0 1 1 1 0 0 0 0 0 1 0 1 0 0 1 1 0 1 0 0 1 1 0 1]
 Training accuracy at 11500 out of 20000 is 0.944(0.550),cost is 9.807(1.905)
[0 1 1 1 0 0 0 0 0 0 1 1 1 1 1 0 1 1 0 1 1 1 1 0 0 1 0 0 0 0 1 0 1 0 0 0 0
 1 1 1 0 1 0 0 0 1 0 0 1 0 0 0 0 1 1 0 1 0 0 1 0 0 1 0 0 1 0 1 1 0 1 0 0 0
 1 0 0 1 1 1 0 0 0 0 0 1 0 1 0 0 1 1 0 1 0 0 1 0 0 0]
 Training accuracy at 11600 out of 20000 is 0.944(0.530),cost is 10.443(1.941)
[0 1 1 1 1 0 0 0 1 1 1 1 1 1 1 0 1 1 0 0 1 1 1 0 0 1 0 0 0 0 1 0 1 0 0 0 1
 1 1 0 1 1 0 0 0 1 0 0 1 0 0 0 0 1 1 0 1 0 0 1 0 0 1 0 0 1 0 1 1 0 1 1 0 0
 1 0 0 1 1 1 0 0 1 0 0 1 0 1 0 0 1 1 0 1 0 0 1 0 0 1]
 Training accuracy at 11700 out of 20000 is 0.945(0.530),cost is 9.671(1.812)
[0 1 1 1 0 0 0 0 1 0 1 1 1 1 1 0 1 1 0 0 1 1 1 0 0 1 0 0 0 0 1 0 1 0 0 0 1
 1 1 1 1 1 0 1 0 1 0 0 1 0 0 0 0 1 1 0 1 0 0 1 0 0 1 0 0 1 0 1 1 0 1 0 0 0
 1 0 0 1 1 1 0 0 1 0 0 1 0 1 0 0 1 1 0 1 0 0 1 0 0 1]
 Training accuracy at 11800 out of 20000 is 0.945(0.520),cost is 10.152(1.734)
[0 1 0 1 0 0 0 1 1 0 1 1 1 1 1 0 1 1 0 0 1 1 1 0 0 1 0 0 0 0 1 0 1 0 0 0 1
 1 1 0 1 1 0 0 0 1 0 0 1 0 0 0 0 1 1 0 1 1 0 1 0 0 0 0 0 1 0 1 1 0 1 0 0 0
 1 0 0 1 1 1 0 1 1 0 0 1 0 1 0 0 1 1 0 1 0 0 1 1 0 0]
 Training accuracy at 11900 out of 20000 is 0.945(0.550),cost is 9.453(1.794)
[0 1 1 1 0 0 0 1 1 0 1 1 1 1 0 0 1 1 0 0 1 1 1 0 0 1 0 0 0 0 1 0 1 0 0 0 1
 1 1 0 1 1 0 0 0 1 0 0 1 0 0 0 0 1 1 0 1 1 0 0 0 0 1 0 0 1 0 1 1 0 1 1 0 0
 1 0 0 1 1 1 0 1 1 0 0 1 0 1 0 0 1 1 0 1 0 0 1 1 0 1]
 Training accuracy at 12000 out of 20000 is 0.947(0.530),cost is 9.430(1.849)
[0 1 1 1 0 0 0 0 0 0 1 1 1 1 0 0 1 1 0 1 1 1 1 0 0 0 0 0 0 0 0 0 1 0 0 0 1
 1 1 0 1 1 0 0 0 1 0 0 1 0 0 0 0 0 1 0 1 1 0 1 1 0 1 0 0 1 0 1 1 0 1 1 0 0
 1 0 0 1 1 1 0 1 0 0 0 1 0 1 0 0 1 1 0 1 0 0 1 1 0 0]
 Training accuracy at 12100 out of 20000 is 0.947(0.550),cost is 9.652(2.016)
[0 1 1 1 0 0 0 0 0 0 1 1 1 1 0 0 1 1 0 0 1 1 1 0 0 1 1 0 0 0 0 0 1 0 0 0 0
 1 1 0 1 1 0 0 0 1 0 0 1 0 0 0 0 1 1 0 1 0 0 1 1 0 1 0 0 1 0 1 1 0 1 1 0 0
 1 0 0 1 1 1 0 1 1 0 0 0 1 0 0 0 1 1 0 1 0 0 1 1 0 0]
 Training accuracy at 12200 out of 20000 is 0.943(0.510),cost is 9.799(1.800)
[0 1 0 1 0 0 0 1 0 0 1 1 1 0 0 0 1 1 0 0 1 1 1 0 0 1 1 0 0 0 0 0 1 0 0 1 0
 1 1 0 1 1 0 1 0 1 0 0 1 0 0 0 0 1 1 0 1 0 0 1 1 0 1 0 0 1 0 1 1 0 1 1 0 0
 1 0 0 1 1 1 0 1 0 0 0 1 1 1 0 0 1 1 0 1 0 0 1 1 0 0]
 Training accuracy at 12300 out of 20000 is 0.939(0.510),cost is 10.042(1.806)
[0 1 0 1 0 0 0 0 1 0 1 0 1 1 1 0 1 1 0 0 1 1 1 0 0 1 0 0 0 0 1 0 1 0 0 0 0
 1 1 0 1 1 0 0 0 1 0 0 1 0 0 0 0 1 1 0 1 1 0 1 1 0 1 0 0 1 0 1 1 0 1 1 0 0
 1 0 0 1 1 1 0 1 1 0 0 1 0 1 0 0 1 1 0 1 0 0 1 1 0 0]
 Training accuracy at 12400 out of 20000 is 0.945(0.550),cost is 9.320(2.005)
[0 1 1 1 0 0 0 0 0 1 1 0 1 1 0 0 1 1 0 0 1 1 1 0 0 0 1 0 0 0 1 0 1 0 0 0 0
 1 1 0 1 1 0 0 0 1 0 0 1 0 0 0 0 1 1 0 1 0 0 1 1 0 1 0 0 1 0 1 1 0 1 1 0 0
 1 0 0 1 1 1 1 1 0 0 0 1 1 1 0 0 1 1 0 1 0 0 1 0 0 0]
 Training accuracy at 12500 out of 20000 is 0.949(0.540),cost is 9.294(1.889)
[0 1 1 1 0 0 0 0 1 0 1 0 1 1 0 0 1 1 0 0 1 1 1 0 0 1 0 0 0 0 1 0 1 0 0 0 1
 1 1 1 1 1 0 1 0 1 0 0 1 0 0 0 0 1 1 0 1 0 0 1 0 0 1 0 0 1 0 1 1 0 1 0 0 0
 1 0 0 1 1 1 1 1 1 0 0 1 0 1 0 0 1 1 0 1 0 0 1 1 0 0]
 Training accuracy at 12600 out of 20000 is 0.948(0.520),cost is 9.451(1.986)
[0 1 0 1 0 0 0 1 0 1 1 1 1 0 1 0 1 1 0 0 1 1 1 0 0 1 0 0 0 0 1 0 1 0 0 1 1
 1 1 1 1 1 0 0 0 1 0 0 1 0 0 0 0 1 1 0 1 0 0 0 0 0 1 0 0 1 0 1 1 0 1 1 0 0
 1 0 0 1 1 1 0 1 1 0 0 1 1 0 0 0 1 1 0 1 0 0 1 1 0 0]
 Training accuracy at 12700 out of 20000 is 0.944(0.500),cost is 9.871(1.736)
[0 1 0 1 0 0 0 1 0 0 1 0 1 1 0 0 0 1 0 0 1 1 1 0 0 1 1 0 0 0 1 0 1 0 0 1 1
 1 1 1 1 1 0 0 0 1 0 0 1 0 0 0 0 1 1 0 1 0 0 1 1 0 1 0 0 1 0 1 1 0 1 1 0 0
 1 0 0 1 1 1 0 1 1 0 0 1 0 1 0 0 1 1 0 1 0 0 1 0 0 0]
 Training accuracy at 12800 out of 20000 is 0.949(0.490),cost is 9.550(1.808)
[0 1 0 1 0 0 0 1 0 1 1 0 1 1 1 0 1 1 0 0 1 1 1 0 0 1 1 0 0 0 1 0 1 0 0 0 1
 1 1 1 1 1 0 0 0 1 0 0 1 0 0 0 0 1 1 0 1 0 0 1 0 0 1 0 0 1 0 1 1 0 1 0 0 0
 1 0 0 1 1 1 0 1 1 0 0 0 0 1 0 0 1 1 0 1 1 0 1 0 0 0]
 Training accuracy at 12900 out of 20000 is 0.942(0.510),cost is 9.981(1.912)
[0 1 0 1 0 0 0 1 1 0 1 1 1 1 0 0 1 1 0 0 1 1 1 0 0 0 1 0 0 0 1 0 1 0 0 0 1
 1 1 0 1 1 0 0 0 1 0 0 1 0 0 0 0 1 1 0 1 0 0 1 0 0 1 0 0 1 0 1 1 0 1 1 0 0
 1 0 0 1 1 1 0 1 0 0 0 1 0 1 0 0 1 0 0 1 0 0 1 0 0 0]
 Training accuracy at 13000 out of 20000 is 0.947(0.500),cost is 9.137(1.901)
[0 1 1 1 0 0 0 1 0 0 1 0 1 1 0 0 1 1 0 0 1 1 1 0 0 0 1 0 0 0 1 0 1 1 0 0 1
 1 1 1 1 1 0 0 0 1 0 0 1 0 0 0 0 1 1 0 1 0 0 1 0 0 1 0 0 1 0 1 1 0 1 1 0 0
 1 0 0 1 1 1 0 1 0 0 0 1 1 1 0 0 1 1 0 1 0 0 1 0 0 0]
 Training accuracy at 13100 out of 20000 is 0.948(0.510),cost is 9.284(1.820)
[0 1 0 1 0 0 0 1 0 0 1 0 1 1 1 0 1 1 0 0 1 1 1 0 0 0 0 0 0 0 1 0 1 0 0 0 0
 1 1 1 1 1 0 0 0 1 0 0 1 0 0 0 0 1 1 0 1 0 0 1 0 0 1 0 0 1 1 1 1 0 1 0 0 0
 1 0 0 1 1 1 0 1 0 0 0 1 1 1 0 0 1 1 0 1 1 0 1 0 0 0]
 Training accuracy at 13200 out of 20000 is 0.946(0.570),cost is 9.076(1.884)
[0 1 1 1 0 0 0 1 1 0 1 0 1 1 0 0 1 1 0 0 1 1 1 0 0 1 1 0 0 0 1 0 1 0 0 1 1
 1 1 0 1 1 0 0 0 1 0 1 1 0 0 0 0 1 1 0 1 0 0 1 0 0 1 0 0 1 0 1 1 0 1 0 0 0
 1 0 0 1 1 1 0 1 1 0 0 1 0 0 1 0 1 1 0 1 0 0 1 0 0 0]
 Training accuracy at 13300 out of 20000 is 0.949(0.520),cost is 9.193(1.971)
[0 1 1 1 0 0 0 0 1 0 1 1 1 0 0 0 1 1 0 0 1 1 1 0 0 1 0 0 0 0 1 0 1 0 0 1 0
 1 1 0 1 1 0 0 0 1 0 0 1 0 0 0 0 1 1 0 1 0 0 1 0 0 1 0 0 1 0 1 1 0 1 0 0 0
 1 0 0 1 1 1 1 1 1 0 0 1 1 1 0 0 1 1 0 1 0 0 1 1 0 0]
 Training accuracy at 13400 out of 20000 is 0.944(0.550),cost is 8.999(1.986)
[1 1 0 1 0 0 0 1 1 0 1 1 1 1 1 0 1 1 0 0 1 1 1 0 0 0 1 0 0 0 1 0 1 0 0 1 1
 1 1 0 1 1 0 1 0 1 0 0 1 0 1 0 0 1 1 0 1 0 0 1 0 0 1 0 0 1 0 1 1 0 1 0 0 0
 1 0 0 1 1 1 0 1 1 0 0 1 0 1 0 0 1 0 0 1 0 0 1 1 0 0]
 Training accuracy at 13500 out of 20000 is 0.945(0.520),cost is 9.033(1.943)
[0 1 1 1 0 0 0 1 1 0 1 1 1 1 1 0 1 1 0 0 1 1 1 1 0 0 0 0 0 0 1 0 1 0 0 1 1
 1 1 0 1 1 0 1 0 1 0 0 1 0 0 0 0 1 1 0 1 1 0 1 0 0 1 0 0 1 1 1 1 0 1 1 0 0
 1 0 0 1 1 1 0 1 0 0 0 1 0 1 0 0 1 0 0 0 0 0 1 1 0 0]
 Training accuracy at 13600 out of 20000 is 0.943(0.560),cost is 10.001(1.770)
[0 1 1 1 0 0 0 1 1 0 1 1 1 1 1 0 1 1 0 0 1 1 1 0 0 1 0 0 0 0 0 0 1 0 0 1 1
 1 1 0 1 1 0 0 0 1 0 0 1 0 1 0 0 1 1 0 1 0 0 1 0 0 1 0 0 1 0 1 1 0 1 0 0 0
 0 0 0 1 1 1 0 1 0 0 0 1 0 0 0 0 1 0 0 1 0 0 1 0 0 0]
 Training accuracy at 13700 out of 20000 is 0.948(0.540),cost is 9.113(1.862)
[0 1 1 1 0 0 0 1 1 0 1 0 1 1 1 0 1 1 0 0 1 1 1 0 0 1 0 0 0 0 1 0 1 0 0 0 1
 1 1 0 1 1 0 0 0 1 0 0 1 0 1 0 0 1 1 0 1 0 0 1 0 0 1 0 0 1 0 1 1 0 1 0 0 0
 1 0 0 1 1 1 0 1 1 0 0 1 0 1 0 0 1 1 0 1 0 0 1 0 0 0]
 Training accuracy at 13800 out of 20000 is 0.945(0.550),cost is 9.181(2.080)
[0 1 1 1 0 0 0 1 0 0 1 0 1 1 0 0 0 1 0 1 1 1 1 0 0 1 1 0 0 0 1 0 1 0 0 0 1
 1 1 0 1 1 0 1 0 1 0 0 1 0 1 0 0 1 1 0 1 0 0 1 0 0 1 0 0 1 1 1 1 0 1 0 0 0
 1 0 0 1 1 1 0 1 1 0 0 1 0 1 0 0 1 1 0 1 0 0 1 1 0 0]
 Training accuracy at 13900 out of 20000 is 0.950(0.530),cost is 9.125(2.218)
[1 1 1 1 0 0 0 1 0 0 1 1 1 1 0 0 1 1 0 0 1 1 1 0 0 1 1 0 0 0 1 0 1 0 0 0 1
 1 1 0 1 1 0 0 0 1 0 0 1 0 1 0 0 1 1 0 1 0 0 1 0 0 1 0 0 1 0 1 1 0 1 1 0 0
 0 0 0 1 1 1 0 1 0 0 0 1 0 1 1 0 1 0 0 1 0 0 1 1 0 0]
 Training accuracy at 14000 out of 20000 is 0.947(0.480),cost is 9.383(2.334)
[0 1 1 1 0 0 0 1 0 0 1 1 1 0 0 0 0 1 0 0 1 1 1 1 0 1 1 0 0 0 1 0 1 0 0 1 1
 1 1 0 1 1 0 0 0 1 0 1 1 0 0 0 0 1 1 0 1 0 0 0 0 0 0 0 0 1 0 1 1 0 1 1 0 0
 1 0 0 1 1 1 1 1 1 0 0 1 0 1 0 0 1 1 0 1 0 0 1 1 0 1]
 Training accuracy at 14100 out of 20000 is 0.950(0.530),cost is 8.913(2.268)
[1 1 0 1 0 0 0 1 0 0 1 1 1 1 1 0 1 1 0 0 1 1 1 0 0 1 1 0 0 0 0 0 1 1 0 0 1
 1 1 1 0 1 0 1 0 1 0 0 1 0 0 0 0 1 1 0 1 0 0 1 0 0 1 0 0 1 1 1 1 0 1 0 0 0
 1 0 0 1 1 1 0 1 1 0 0 1 0 0 0 0 1 0 0 1 0 0 1 1 1 0]
 Training accuracy at 14200 out of 20000 is 0.946(0.470),cost is 9.230(2.186)
[1 1 1 1 0 0 0 1 1 0 1 1 1 1 0 0 1 1 0 1 1 1 1 0 0 1 0 0 0 0 1 0 1 0 0 1 1
 1 1 0 1 1 0 0 0 1 0 0 1 0 1 0 0 1 1 0 1 0 0 1 0 0 1 0 0 1 1 1 1 0 1 0 0 0
 0 0 0 1 1 1 0 1 0 0 0 0 0 0 0 0 1 1 0 1 0 0 1 0 0 0]
 Training accuracy at 14300 out of 20000 is 0.943(0.510),cost is 9.613(2.145)
[0 1 0 1 0 0 0 1 0 1 1 1 1 1 1 0 1 1 0 0 1 1 1 0 0 1 1 0 0 0 0 0 1 0 0 0 1
 1 1 0 1 1 0 1 0 1 0 1 1 0 0 0 0 1 1 0 1 1 0 1 0 0 1 0 0 1 0 1 1 0 1 0 0 0
 1 0 0 1 1 1 0 0 1 0 0 1 0 0 0 0 0 1 0 1 0 0 1 0 1 1]
 Training accuracy at 14400 out of 20000 is 0.954(0.520),cost is 8.743(2.100)
[1 1 1 1 0 0 0 1 0 0 1 1 1 1 1 0 1 1 0 1 1 1 1 0 0 1 1 0 0 0 1 0 1 0 0 0 0
 1 1 0 0 1 0 0 0 1 0 1 1 0 0 0 0 1 1 0 1 0 0 1 0 0 1 0 0 1 1 1 1 0 1 1 0 0
 1 0 0 1 1 1 0 0 1 0 0 1 0 0 0 0 1 1 0 1 0 0 1 1 1 1]
 Training accuracy at 14500 out of 20000 is 0.946(0.510),cost is 8.749(2.163)
[1 1 1 1 0 0 0 1 1 0 1 1 1 0 1 0 1 1 0 0 1 1 1 0 0 1 0 0 0 0 1 0 1 0 0 1 0
 1 1 1 1 1 0 0 0 1 0 0 1 0 0 0 0 1 1 0 1 0 0 1 0 0 1 0 0 1 0 1 1 0 1 0 0 0
 1 0 0 1 1 1 0 0 1 0 0 1 0 1 0 0 1 1 0 1 0 0 1 0 1 1]
 Training accuracy at 14600 out of 20000 is 0.951(0.510),cost is 9.119(2.055)
[1 1 1 1 0 0 0 1 0 0 1 1 1 1 0 0 1 1 0 0 1 1 1 0 0 1 0 0 0 0 1 0 1 0 0 1 0
 1 1 1 1 1 0 0 0 1 0 0 1 0 0 0 0 1 1 0 1 0 0 1 0 0 1 0 0 1 1 1 1 0 1 0 0 0
 1 0 0 1 1 1 0 0 1 0 0 1 0 1 0 0 1 1 0 1 0 0 1 0 0 0]
 Training accuracy at 14700 out of 20000 is 0.951(0.510),cost is 8.400(2.308)
[0 1 1 1 0 0 0 1 1 0 1 0 1 1 0 0 0 1 0 0 1 1 1 0 0 1 0 0 0 0 1 0 1 0 0 0 0
 1 1 0 1 1 0 0 0 1 0 0 1 0 0 0 0 1 1 0 1 0 0 1 0 0 1 0 0 1 0 1 1 0 1 1 0 0
 1 0 0 1 1 1 0 0 0 0 0 1 0 1 0 0 1 0 0 1 0 0 1 0 0 0]
 Training accuracy at 14800 out of 20000 is 0.948(0.530),cost is 9.124(2.206)
[1 1 1 1 0 0 0 1 0 0 1 1 1 1 0 0 1 1 0 0 1 1 1 0 0 1 0 0 0 0 1 0 1 0 0 0 0
 1 1 0 0 1 0 0 0 1 0 0 1 0 0 0 0 1 1 0 1 0 0 1 0 0 1 0 0 1 0 1 1 0 1 0 0 0
 1 0 0 1 1 1 0 0 1 0 0 1 0 1 0 0 1 1 0 1 0 0 1 0 0 0]
 Training accuracy at 14900 out of 20000 is 0.946(0.510),cost is 9.356(2.234)
[1 1 0 1 0 0 0 1 1 0 1 0 1 1 0 0 1 1 0 0 1 1 1 0 0 0 0 0 0 0 1 0 1 0 0 0 0
 1 1 0 0 1 0 0 0 1 0 0 1 0 0 0 0 1 1 0 1 0 0 1 0 0 1 0 0 1 0 1 1 0 1 0 0 0
 0 0 0 1 1 1 0 1 0 0 0 1 0 1 0 0 1 1 0 1 0 0 1 1 0 0]
 Training accuracy at 15000 out of 20000 is 0.947(0.550),cost is 9.171(1.945)
[1 1 1 1 0 0 0 1 1 0 1 1 1 1 0 0 1 1 0 0 1 1 1 0 0 0 1 0 0 0 1 0 1 0 0 0 0
 1 1 0 0 1 0 0 0 1 0 0 1 0 0 0 0 1 1 0 1 0 0 1 0 0 1 0 0 1 1 1 1 0 1 1 0 0
 1 0 0 1 1 1 1 0 0 0 0 1 0 1 0 0 1 0 0 1 0 0 1 1 1 0]
 Training accuracy at 15100 out of 20000 is 0.952(0.510),cost is 8.549(2.145)
[0 1 0 1 1 0 0 1 0 0 1 1 1 1 1 0 1 1 0 1 1 1 1 0 0 1 0 0 0 0 1 0 1 1 0 0 1
 1 1 0 1 1 0 0 0 1 0 0 1 0 0 0 0 1 1 0 1 0 0 1 0 0 1 0 0 1 0 1 1 1 1 1 0 0
 0 0 0 1 1 1 0 1 1 0 0 1 0 1 0 0 1 0 0 1 1 0 1 0 0 0]
 Training accuracy at 15200 out of 20000 is 0.951(0.470),cost is 8.546(2.435)
[1 1 1 1 0 0 0 1 0 0 1 1 1 1 0 0 1 1 0 0 1 1 1 0 0 1 0 0 0 0 0 0 1 0 0 0 1
 1 1 0 0 1 0 0 0 1 0 0 1 0 0 0 0 1 1 0 1 0 0 1 0 0 1 0 0 1 0 1 1 0 1 0 0 0
 0 0 0 1 1 1 1 0 1 0 0 1 0 1 0 0 1 1 0 1 0 0 1 1 0 0]
 Training accuracy at 15300 out of 20000 is 0.951(0.500),cost is 8.679(2.212)
[0 1 1 1 0 0 0 1 1 0 1 0 1 0 0 0 1 1 0 0 1 1 1 0 0 1 1 0 0 0 1 0 1 0 0 0 0
 1 1 0 0 1 0 0 0 1 0 0 1 0 0 0 0 1 0 0 1 0 0 1 0 0 0 0 0 1 0 1 1 0 1 0 0 0
 1 0 0 1 1 1 0 0 1 0 0 1 0 1 0 0 1 1 0 1 0 0 1 0 0 0]
 Training accuracy at 15400 out of 20000 is 0.948(0.540),cost is 9.236(2.075)
[1 1 1 1 0 0 0 1 1 0 1 1 1 1 0 0 1 1 0 0 1 1 1 0 0 1 1 0 0 0 1 0 1 0 0 0 1
 1 1 0 1 1 0 0 0 1 0 0 1 0 0 0 0 1 1 0 1 1 0 0 0 0 0 0 0 1 0 1 1 0 1 0 0 0
 1 0 0 1 1 1 0 0 1 0 0 1 0 1 0 0 1 1 0 1 0 0 1 0 0 0]
 Training accuracy at 15500 out of 20000 is 0.945(0.500),cost is 9.047(2.261)
[0 1 1 1 0 0 0 1 0 0 1 1 1 1 0 0 1 1 0 0 1 1 1 0 0 0 1 0 0 0 1 0 1 0 0 1 0
 1 1 0 0 1 0 1 0 1 0 0 1 0 1 0 0 1 1 0 1 0 0 1 0 0 1 0 0 1 0 1 1 0 1 0 0 0
 0 0 0 1 1 1 0 0 1 0 0 1 0 1 0 0 1 1 0 1 0 0 1 0 0 0]
 Training accuracy at 15600 out of 20000 is 0.954(0.520),cost is 8.535(2.380)
[1 1 1 1 0 0 0 1 0 0 1 1 1 1 0 0 1 1 0 0 1 1 1 0 0 0 1 0 0 0 1 0 1 0 0 0 1
 1 1 0 1 1 0 1 0 1 0 0 1 0 0 0 0 1 1 0 1 0 0 1 0 0 1 0 0 1 0 1 1 0 1 1 0 0
 1 0 0 1 1 1 0 0 1 0 0 1 0 1 0 0 1 1 0 1 0 0 1 1 0 1]
 Training accuracy at 15700 out of 20000 is 0.950(0.490),cost is 8.502(2.339)
[0 1 1 1 0 0 0 1 0 0 1 0 1 1 0 0 1 1 0 0 1 1 1 0 0 0 1 0 0 0 1 0 1 0 0 0 1
 1 1 0 1 1 0 1 0 1 0 0 1 0 0 0 0 1 1 0 1 1 0 1 0 0 1 0 0 1 0 1 1 0 1 0 0 0
 0 0 0 1 1 1 0 0 0 0 0 1 0 1 0 0 1 0 0 1 0 0 1 1 1 0]
 Training accuracy at 15800 out of 20000 is 0.952(0.500),cost is 8.770(2.069)
[0 1 1 1 0 0 0 0 0 0 1 0 1 1 1 0 0 1 0 0 1 1 1 0 0 0 0 0 0 0 1 0 1 0 0 1 1
 1 1 0 1 1 0 1 0 1 0 0 1 0 1 0 0 1 1 0 1 0 0 1 0 0 0 0 0 1 0 1 1 0 1 0 0 0
 0 0 0 1 1 1 0 0 1 0 0 1 0 1 0 0 1 1 0 1 0 0 1 1 0 0]
 Training accuracy at 15900 out of 20000 is 0.947(0.570),cost is 8.949(2.141)
[0 1 1 1 0 0 0 0 0 0 1 1 1 1 0 0 0 1 0 0 1 1 1 0 0 0 1 0 0 0 1 0 1 0 0 0 0
 1 1 0 1 1 0 1 0 1 0 0 1 0 0 0 0 1 1 0 1 0 0 1 0 0 1 0 0 1 0 1 1 0 1 0 0 0
 0 0 0 1 1 1 0 0 0 0 0 1 0 1 0 0 1 1 0 1 0 0 1 1 0 0]
 Training accuracy at 16000 out of 20000 is 0.950(0.530),cost is 8.712(2.256)
[1 1 1 1 1 0 0 1 0 1 1 1 1 1 0 0 0 1 0 0 1 1 1 0 0 1 1 0 0 0 1 0 1 0 0 0 0
 1 1 1 1 1 0 1 0 1 0 0 1 0 1 0 0 1 1 0 1 0 0 1 0 0 1 0 0 1 0 1 1 0 1 0 0 0
 0 0 0 1 1 1 0 0 0 0 0 1 0 1 0 0 1 1 0 0 0 0 1 0 0 0]
 Training accuracy at 16100 out of 20000 is 0.951(0.480),cost is 8.597(2.291)
[0 1 1 1 0 0 0 1 0 1 1 1 1 0 0 0 1 1 0 0 1 1 1 0 0 1 0 0 0 0 1 0 1 0 0 0 0
 1 1 0 1 1 0 1 0 1 0 0 1 0 1 0 0 1 1 0 1 1 0 1 0 0 1 0 0 1 0 1 1 0 1 0 0 0
 1 0 0 1 1 1 0 0 1 0 0 1 0 1 0 0 1 0 0 1 0 0 1 0 0 0]
 Training accuracy at 16200 out of 20000 is 0.951(0.510),cost is 8.606(2.025)
[0 1 0 1 0 0 0 0 0 0 1 1 1 1 1 0 0 1 0 0 1 1 1 0 0 1 1 0 0 0 1 0 1 1 0 0 1
 1 1 1 1 1 0 0 0 1 0 0 1 0 0 0 0 1 1 0 1 0 0 1 1 0 1 0 0 1 0 1 1 0 1 0 0 0
 0 0 0 1 1 1 0 1 0 0 0 1 0 0 0 0 1 0 0 1 1 0 1 1 0 1]
 Training accuracy at 16300 out of 20000 is 0.948(0.500),cost is 8.918(2.341)
[0 1 1 1 0 0 0 1 0 0 1 1 1 0 1 0 0 1 0 0 1 1 1 0 0 1 1 0 0 0 1 0 1 0 0 1 0
 1 1 0 1 1 0 1 0 1 0 0 1 0 1 0 0 1 1 0 1 0 0 1 0 0 0 0 0 1 1 1 1 0 1 0 0 0
 1 0 0 1 1 1 0 1 1 0 0 1 0 0 0 0 1 0 0 1 1 0 1 1 0 0]
 Training accuracy at 16400 out of 20000 is 0.952(0.550),cost is 8.676(2.067)
[0 1 1 1 0 0 0 1 0 0 1 0 1 1 0 0 1 1 0 0 1 1 1 0 0 0 0 0 0 0 1 0 1 0 0 1 1
 1 1 0 1 1 0 0 0 1 0 0 1 0 0 0 0 1 1 0 1 0 0 1 0 0 0 0 0 1 0 1 1 0 1 1 0 0
 1 0 0 1 1 1 0 1 1 0 0 1 0 1 0 0 1 0 0 0 0 0 1 0 0 0]
 Training accuracy at 16500 out of 20000 is 0.949(0.520),cost is 9.131(2.109)
[0 1 1 1 1 0 0 0 0 0 1 0 1 1 1 0 1 1 0 0 1 1 1 0 0 0 0 0 0 0 1 0 1 0 0 1 0
 1 1 0 1 1 0 1 0 1 0 1 1 0 0 0 0 1 0 0 1 0 0 1 0 0 0 0 0 1 0 1 1 0 1 0 0 0
 1 0 0 1 1 1 0 0 0 0 0 1 0 1 0 0 1 0 0 1 0 0 1 0 0 1]
 Training accuracy at 16600 out of 20000 is 0.951(0.580),cost is 8.493(2.001)
[0 1 1 1 0 0 0 0 0 0 1 1 1 1 0 0 1 1 0 0 1 1 1 0 0 1 1 0 0 0 1 0 1 0 0 1 0
 1 1 0 1 1 0 0 0 1 0 0 1 0 0 0 0 1 1 0 1 0 0 1 0 0 0 0 0 1 0 1 1 0 1 0 0 0
 1 0 0 1 1 1 0 1 1 0 0 1 0 0 0 0 1 0 0 1 0 0 1 1 0 1]
 Training accuracy at 16700 out of 20000 is 0.955(0.540),cost is 8.178(2.148)
[1 1 1 1 0 0 0 1 0 0 1 1 1 1 0 0 1 1 0 0 1 1 1 0 0 0 1 0 0 0 1 0 1 0 0 1 1
 1 1 1 1 1 0 0 0 1 0 1 1 0 0 0 0 1 1 0 1 0 0 1 0 0 0 0 0 1 0 1 1 0 1 1 0 0
 1 0 0 1 1 1 0 1 0 0 0 1 0 0 0 0 1 0 0 0 0 0 1 0 0 1]
 Training accuracy at 16800 out of 20000 is 0.953(0.500),cost is 8.306(2.054)
[0 1 1 1 0 0 0 0 0 0 1 1 1 0 1 0 0 1 0 0 1 1 1 0 0 0 1 0 0 0 1 0 1 0 0 1 1
 1 1 1 1 1 0 1 0 1 0 0 1 0 0 0 0 1 1 0 1 0 0 0 0 0 0 0 0 1 0 1 1 0 1 0 0 0
 0 0 0 1 1 1 1 0 0 0 0 1 0 1 0 0 1 0 0 0 0 0 1 1 1 0]
 Training accuracy at 16900 out of 20000 is 0.949(0.480),cost is 9.050(2.193)
[1 1 1 1 0 0 0 0 0 0 1 1 1 1 1 0 1 1 0 0 1 1 1 0 0 0 1 0 0 0 1 0 1 1 0 0 1
 1 1 0 1 1 0 0 0 1 0 0 1 0 1 0 0 1 1 0 1 0 0 1 0 0 0 0 0 1 0 1 1 0 1 0 0 0
 0 0 0 1 1 1 1 1 0 0 0 1 0 0 1 0 1 0 0 1 1 0 1 1 0 1]
 Training accuracy at 17000 out of 20000 is 0.951(0.520),cost is 8.164(2.229)
[0 1 0 1 0 0 0 0 0 0 1 0 1 1 1 0 1 1 0 0 1 1 1 0 0 1 0 0 0 0 1 0 1 0 0 0 0
 1 1 0 1 1 0 0 0 1 0 0 1 0 0 0 0 0 1 0 1 0 0 1 0 0 0 0 0 1 0 1 1 0 1 0 0 0
 0 0 0 1 1 1 1 0 1 0 0 1 0 1 0 0 1 0 0 0 1 0 1 0 0 0]
 Training accuracy at 17100 out of 20000 is 0.949(0.520),cost is 8.607(2.218)
[1 1 0 1 0 0 0 0 0 0 1 1 1 1 1 0 1 1 0 0 1 1 1 0 0 1 0 0 0 0 1 0 1 1 0 0 1
 1 1 0 1 1 0 0 0 1 0 0 1 1 1 0 0 1 1 0 1 0 0 1 0 0 0 0 0 1 1 1 1 1 1 0 0 0
 0 0 0 1 1 1 0 1 1 0 0 1 0 0 0 0 1 0 0 0 0 0 1 0 0 1]
 Training accuracy at 17200 out of 20000 is 0.955(0.500),cost is 8.092(2.193)
[0 1 0 1 0 0 0 1 0 0 1 0 1 1 1 0 1 1 0 1 1 1 1 0 0 1 1 0 0 0 1 0 1 0 0 0 0
 1 1 0 1 1 0 0 0 1 0 0 1 0 0 0 0 1 1 0 1 1 0 1 1 0 0 0 0 1 0 1 1 1 1 0 0 0
 0 0 0 1 1 1 0 1 1 0 0 1 0 1 0 0 1 1 0 1 0 0 1 0 0 1]
 Training accuracy at 17300 out of 20000 is 0.950(0.530),cost is 8.818(2.117)
[0 1 1 1 0 0 0 0 0 0 1 0 1 1 0 0 1 1 0 0 1 1 1 0 0 0 0 0 0 0 1 0 1 0 0 1 1
 1 1 1 0 1 0 1 0 1 0 1 1 0 0 0 0 1 1 0 1 1 0 0 0 0 0 0 0 1 0 1 1 1 1 0 0 0
 1 0 0 1 1 1 0 0 0 0 0 1 0 1 0 0 1 0 0 1 1 0 1 0 0 1]
 Training accuracy at 17400 out of 20000 is 0.952(0.580),cost is 8.055(2.068)
[1 1 0 1 0 0 0 0 0 0 1 0 1 1 0 0 1 1 0 0 1 1 1 0 0 1 0 0 0 0 1 0 1 0 0 1 1
 1 1 0 0 1 0 0 0 1 0 1 1 0 0 0 0 1 1 0 1 1 0 1 0 0 0 0 0 1 0 1 1 0 1 1 0 0
 1 0 0 1 1 0 1 0 0 0 0 1 0 1 0 0 1 0 0 1 1 0 1 0 0 1]
 Training accuracy at 17500 out of 20000 is 0.951(0.560),cost is 8.120(1.996)
[0 1 0 1 0 0 0 1 0 0 1 1 1 1 1 0 1 1 0 0 1 1 1 0 0 0 0 0 0 0 1 0 1 0 0 1 1
 1 1 1 0 1 0 1 0 1 0 0 1 0 0 0 0 1 1 0 1 1 0 1 1 0 0 0 0 1 0 1 1 0 1 0 0 0
 0 0 0 1 1 1 0 0 1 0 0 1 0 1 0 0 1 1 0 1 1 0 1 1 1 1]
 Training accuracy at 17600 out of 20000 is 0.955(0.530),cost is 8.306(2.215)
[0 1 1 1 0 0 0 0 0 0 1 0 1 1 1 0 1 1 0 0 1 1 1 1 0 1 0 0 0 0 1 0 1 0 0 0 0
 1 1 0 1 1 0 0 0 1 0 0 1 0 0 0 0 1 1 0 1 1 0 1 0 0 0 0 0 1 0 1 1 0 1 0 0 0
 1 0 0 1 1 1 0 0 1 0 0 1 0 1 0 0 1 1 0 0 0 0 1 0 0 1]
 Training accuracy at 17700 out of 20000 is 0.951(0.570),cost is 8.696(2.143)
[0 1 1 1 0 0 0 1 0 0 1 0 1 0 1 0 1 1 0 1 1 1 1 0 0 1 0 0 0 0 1 0 1 0 0 1 1
 1 1 0 1 1 0 0 0 1 0 0 1 0 1 0 0 0 1 0 1 1 0 1 0 0 0 0 0 1 0 1 1 0 1 0 0 0
 0 0 0 1 1 1 0 0 0 0 0 1 0 1 0 0 1 1 0 1 0 0 1 1 0 0]
 Training accuracy at 17800 out of 20000 is 0.954(0.560),cost is 7.976(2.187)
[0 1 1 1 0 0 0 1 0 0 1 1 1 1 1 0 1 1 0 0 1 1 1 0 0 1 0 0 0 0 1 0 1 0 0 1 0
 1 1 1 1 1 0 0 0 1 0 0 1 0 0 0 0 0 1 0 1 0 0 1 0 0 0 0 0 1 0 1 1 0 1 0 0 0
 1 0 0 1 1 1 0 1 1 0 0 1 0 1 0 0 1 0 0 1 0 0 1 0 0 0]
 Training accuracy at 17900 out of 20000 is 0.958(0.540),cost is 8.069(2.025)
[0 1 1 1 0 0 0 0 0 0 1 0 1 0 0 0 1 1 0 0 1 1 1 0 0 1 0 0 0 0 1 0 1 0 0 1 0
 1 1 1 1 1 0 0 0 1 0 0 1 0 1 0 0 0 1 0 1 1 0 1 0 0 0 0 0 1 0 1 1 0 1 1 0 0
 1 0 0 1 1 1 0 1 0 0 0 1 0 1 0 0 1 0 0 1 1 0 1 1 0 0]
 Training accuracy at 18000 out of 20000 is 0.951(0.580),cost is 8.178(2.029)
[0 1 1 1 0 0 0 1 0 0 1 0 1 1 0 0 1 1 0 0 1 1 1 0 0 1 0 0 0 0 1 0 1 0 0 1 0
 1 1 1 1 1 0 0 0 1 0 0 1 0 0 0 0 0 1 0 1 0 0 1 0 0 1 0 0 0 0 1 1 0 1 0 0 0
 0 0 0 1 1 1 1 0 1 0 0 1 0 1 0 0 0 1 0 1 1 0 1 0 0 0]
 Training accuracy at 18100 out of 20000 is 0.952(0.540),cost is 8.304(1.948)
[0 1 1 1 0 0 0 1 0 0 1 1 1 1 0 0 1 1 0 0 1 1 1 0 0 1 1 0 0 0 1 0 1 0 0 1 1
 1 1 0 1 1 0 0 0 1 0 0 1 0 0 0 0 0 1 0 1 1 0 1 0 0 1 0 0 1 0 1 1 1 1 1 0 0
 1 0 0 1 1 1 1 1 1 0 0 1 0 1 0 0 1 1 0 1 1 0 1 0 0 1]
 Training accuracy at 18200 out of 20000 is 0.953(0.540),cost is 8.609(2.346)
[0 1 1 1 0 0 0 0 0 0 1 1 1 1 1 0 1 1 0 0 1 1 1 0 0 1 0 0 0 0 1 0 1 0 0 0 0
 1 1 1 1 1 0 0 0 1 0 0 1 0 1 0 0 1 1 0 1 1 0 1 0 0 1 0 0 1 0 1 1 0 1 0 0 0
 0 0 0 1 1 1 0 0 0 0 0 1 0 1 0 0 1 0 0 1 1 0 1 0 0 0]
 Training accuracy at 18300 out of 20000 is 0.953(0.540),cost is 7.857(2.206)
[1 1 1 1 0 0 0 1 0 0 1 1 1 1 0 0 1 1 0 0 1 0 1 0 0 1 0 0 0 0 1 0 1 0 0 1 0
 1 1 1 1 1 0 0 0 1 0 0 1 0 1 0 0 0 1 0 1 0 0 1 0 0 1 0 0 1 0 1 1 0 1 0 0 0
 0 0 0 1 1 1 0 0 1 0 0 1 0 1 0 0 1 1 0 1 0 0 1 0 0 0]
 Training accuracy at 18400 out of 20000 is 0.949(0.500),cost is 9.133(2.344)
[1 1 0 1 0 0 0 1 1 0 1 1 1 0 1 0 1 1 0 0 1 1 1 0 0 1 0 0 0 0 1 0 1 0 0 0 0
 1 1 0 1 1 0 0 0 1 0 0 1 1 1 0 0 0 0 0 1 1 0 1 1 0 1 0 0 1 0 1 1 0 1 0 0 0
 1 0 0 1 1 1 0 0 1 0 0 1 0 1 0 0 1 0 0 1 1 0 1 0 0 0]
 Training accuracy at 18500 out of 20000 is 0.951(0.520),cost is 8.005(2.533)
[1 1 0 1 0 0 0 0 0 0 1 1 1 0 1 0 1 1 0 0 1 1 1 0 0 1 0 0 0 0 1 0 1 0 0 0 1
 1 1 0 0 1 0 0 0 1 0 0 1 1 1 0 0 0 0 0 1 1 0 1 0 0 0 0 0 1 0 1 1 0 1 0 0 0
 1 0 0 1 1 1 0 0 0 0 0 1 0 1 0 0 1 0 0 1 1 0 1 0 0 0]
 Training accuracy at 18600 out of 20000 is 0.955(0.550),cost is 8.021(2.208)
[1 1 0 1 1 0 0 1 0 0 1 1 1 1 1 0 1 1 0 0 1 1 1 0 0 1 0 0 0 0 1 0 1 0 0 1 1
 1 1 0 1 1 0 0 0 1 0 0 1 0 1 0 0 0 1 0 1 1 0 1 0 0 1 0 0 1 1 1 1 0 1 0 0 0
 1 0 0 1 1 1 0 0 0 0 0 1 0 1 0 0 1 1 0 1 1 0 1 1 1 0]
 Training accuracy at 18700 out of 20000 is 0.956(0.550),cost is 8.317(2.166)
[0 1 0 1 0 0 0 0 0 0 1 1 1 0 1 0 1 1 0 0 1 1 1 0 0 1 0 0 0 0 1 0 1 0 0 1 1
 1 1 1 0 1 0 0 0 1 0 0 1 0 0 0 0 0 1 0 1 1 0 1 0 0 0 0 0 1 0 1 1 0 1 0 0 0
 0 0 0 1 1 1 0 0 1 0 0 1 0 0 0 0 1 0 0 1 1 0 1 0 1 1]
 Training accuracy at 18800 out of 20000 is 0.952(0.520),cost is 8.047(2.354)
[0 1 0 1 0 0 0 0 0 0 1 1 1 1 0 0 1 0 0 0 1 1 1 0 0 1 0 0 0 0 1 0 1 1 0 1 1
 1 1 0 1 1 0 0 0 1 0 0 1 0 1 0 0 0 0 0 1 1 0 1 1 0 0 0 0 1 0 1 1 0 1 0 0 0
 1 0 0 1 1 1 0 0 1 0 0 1 0 1 0 0 1 0 0 1 0 0 1 1 0 1]
 Training accuracy at 18900 out of 20000 is 0.959(0.540),cost is 7.699(2.403)
[1 1 0 1 1 0 0 1 0 0 1 1 1 1 1 0 1 1 0 0 1 1 1 0 0 1 0 0 0 0 1 0 1 1 0 0 0
 1 1 0 1 1 0 0 0 1 0 0 1 0 0 0 0 1 1 0 1 0 0 1 0 0 0 0 0 1 1 1 1 0 1 0 0 0
 1 0 0 1 1 1 0 0 0 0 0 1 0 1 0 0 1 1 0 1 1 0 1 0 0 0]
 Training accuracy at 19000 out of 20000 is 0.955(0.520),cost is 8.319(2.125)
[0 1 0 1 0 0 0 0 0 0 1 1 1 1 1 0 1 1 0 0 1 1 1 0 0 1 1 0 0 0 1 0 1 1 0 0 0
 1 1 0 1 1 0 0 0 1 0 0 1 0 1 0 0 0 1 0 1 1 0 1 0 0 0 0 0 1 1 1 1 0 1 1 0 0
 1 0 0 1 1 1 1 1 1 0 0 1 0 1 0 0 1 1 0 1 1 0 1 1 1 1]
 Training accuracy at 19100 out of 20000 is 0.957(0.560),cost is 7.970(2.330)
[1 1 1 1 0 0 0 0 0 0 1 1 1 1 1 0 1 0 0 0 1 1 1 0 0 0 0 0 0 0 1 0 1 1 0 1 1
 1 1 0 1 1 0 0 0 1 0 0 1 0 0 0 0 0 1 0 1 1 0 1 0 0 0 0 0 1 0 1 1 1 1 0 0 0
 0 0 0 1 1 1 0 1 1 0 0 1 0 0 0 0 1 0 0 1 1 0 1 0 0 1]
 Training accuracy at 19200 out of 20000 is 0.953(0.550),cost is 8.101(2.343)
[0 1 0 1 0 0 0 1 0 0 1 1 1 1 1 0 1 1 0 0 1 1 1 0 0 1 0 0 0 0 1 0 1 0 0 1 1
 1 1 0 0 1 0 0 0 1 0 0 1 1 1 0 0 0 1 0 1 1 0 1 0 0 0 0 0 1 0 1 1 0 1 0 0 0
 0 0 0 1 1 1 0 1 1 0 0 1 0 1 0 0 1 1 0 1 1 0 1 0 0 0]
 Training accuracy at 19300 out of 20000 is 0.958(0.560),cost is 7.560(2.320)
[1 1 0 1 0 0 0 1 0 0 1 1 1 1 1 0 1 1 0 0 1 1 1 0 0 1 0 0 0 0 1 0 1 0 0 1 0
 1 1 0 0 1 0 1 0 1 0 0 1 0 0 0 0 1 1 0 1 1 0 1 0 0 1 0 0 1 0 1 1 0 1 0 0 0
 0 0 0 1 1 1 0 1 0 0 0 1 0 1 0 0 1 1 0 1 1 0 1 0 0 0]
 Training accuracy at 19400 out of 20000 is 0.961(0.540),cost is 7.576(2.199)
[0 1 1 1 0 0 0 1 0 0 1 1 1 1 1 0 1 1 0 0 1 1 1 0 0 1 0 0 0 0 1 0 1 0 0 1 1
 1 1 0 1 1 0 0 0 1 0 0 1 0 0 0 0 1 1 0 0 1 0 1 1 0 1 0 0 1 0 1 1 0 1 0 0 0
 0 0 0 1 1 1 0 1 0 0 0 1 0 1 0 0 1 1 0 1 1 0 1 1 0 1]
 Training accuracy at 19500 out of 20000 is 0.952(0.550),cost is 8.664(2.083)
[0 1 1 1 1 0 0 1 0 0 1 0 1 1 1 0 1 1 0 0 1 1 1 0 0 1 0 0 0 0 1 0 1 1 0 1 0
 1 1 0 1 1 0 0 0 1 0 0 1 0 1 0 0 1 1 0 0 1 0 1 0 0 0 0 0 1 0 1 1 0 1 1 0 0
 0 0 0 1 1 1 0 1 1 0 0 0 0 0 0 0 1 0 0 1 1 0 1 1 0 0]
 Training accuracy at 19600 out of 20000 is 0.953(0.520),cost is 8.160(2.275)
[0 1 0 1 0 0 0 0 0 0 1 1 1 0 1 0 1 1 0 0 1 1 1 0 0 0 0 0 0 0 1 0 1 0 0 1 0
 1 1 0 1 1 0 0 0 1 0 0 1 0 0 0 0 0 1 0 1 1 0 1 1 0 0 0 0 1 0 1 1 0 1 0 0 0
 1 0 1 1 1 1 0 1 1 0 0 1 0 1 0 0 1 0 0 1 1 0 1 0 0 0]
 Training accuracy at 19700 out of 20000 is 0.957(0.550),cost is 7.587(2.158)
[0 1 1 1 0 0 0 0 0 0 1 1 1 0 1 0 1 1 0 0 1 1 1 0 0 1 0 0 0 0 1 0 1 0 0 1 0
 1 1 0 0 1 0 0 0 1 0 0 1 0 0 0 0 0 1 0 0 0 0 0 0 0 0 0 0 1 0 1 1 0 1 0 0 0
 0 0 0 1 1 1 0 1 0 0 0 1 0 1 0 0 1 1 0 1 1 0 1 0 0 0]
 Training accuracy at 19800 out of 20000 is 0.957(0.560),cost is 7.675(2.308)
[0 1 1 1 0 0 0 0 0 0 1 1 1 0 1 0 0 1 0 0 1 1 1 0 0 0 0 0 0 0 1 0 1 1 0 0 0
 1 1 0 0 1 0 1 0 1 0 0 1 0 1 0 0 0 1 0 1 0 0 1 1 0 0 0 0 1 0 1 1 1 1 1 0 0
 0 0 0 1 1 1 0 1 1 0 0 1 0 1 0 0 1 1 0 1 1 0 1 1 0 0]
 Training accuracy at 19900 out of 20000 is 0.956(0.570),cost is 7.747(2.261)
pred real
1    1
2    2
2    2
2    2
2    1
1    2
1    2
1    1
1    2
1    2
2    1
2    1
2    1
2    2
1    2
1    1
1    1
2    2
1    1
1    1
2    2
2    2
2    2
1    2
1    1
1    1
1    1
1    1
1    2
1    1
2    1
1    1
2    1
1    1
1    2
2    2
1    1
2    1
2    1
1    1
2    1
2    2
1    1
1    1
1    2
2    2
1    1
1    2
2    1
1    1
2    2
1    1
1    1
1    1
2    1
1    1
1    2
2    2
1    2
2    2
2    1
1    1
1    1
1    1
1    1
2    1
1    2
2    2
2    2
1    2
2    1
2    1
1    1
1    2
1    2
1    2
1    1
2    2
2    1
2    1
1    1
2    2
2    1
1    2
1    2
2    2
1    2
2    2
1    1
1    2
1    1
2    2
1    2
2    2
2    2
1    2
2    2
2    2
1    1
2    2
time:0 The accuracy on the test data is 0.590, before training was 0.490
0.59
