Train 694 samples in approximately 4322 epochs
Finished computation graph
[0 0 0 0 0 0 0 0 0 0 0 0 0 0 0 0 0 0 0 0 0 0 0 0 0 0 0 0 0 0 0 0 0 0 0 0 0
 0 0 0 0 0 0 0 0 0 0 0 0 0 0 0 0 0 0 0 0 0 0 0 0 0 0 0 0 0 0 0 0 0 0 0 0 0
 0 0 0 0 0 0 0 0 0 0 0 0 0 0 0 0 0 0 0 0 0 0 0 0 0 0]
At     1/30000: COST 0.805/0.718(0.697) -- Acc 0.470/0.510(0.009)
[1 1 1 1 1 1 1 1 1 1 1 1 1 1 1 1 1 1 1 1 1 1 1 1 1 1 1 1 1 1 1 1 1 1 1 1 1
 1 1 1 1 1 1 1 1 1 1 1 1 1 1 1 1 1 1 1 1 1 1 1 1 1 1 1 1 1 1 1 1 1 1 1 1 1
 1 1 1 1 1 1 1 1 1 1 1 1 1 1 1 1 1 1 1 1 1 1 1 1 1 1]
At   101/30000: COST 0.671/0.698(0.698) -- Acc 0.590/0.490(0.334)
[1 1 1 1 1 1 1 1 1 1 1 1 1 1 1 1 1 1 1 1 1 1 1 1 1 1 1 1 1 1 1 1 1 1 1 0 1
 1 1 1 1 1 0 1 1 1 1 1 1 1 1 1 1 1 1 1 1 1 1 1 1 1 1 1 1 1 1 1 1 1 1 1 1 1
 1 1 1 1 0 1 1 0 1 1 1 1 1 1 1 1 1 1 1 1 1 1 1 0 1 1]
At   201/30000: COST 0.691/0.716(0.693) -- Acc 0.560/0.480(0.463)
[1 1 1 1 0 1 1 1 0 0 1 1 1 1 1 1 1 1 1 1 1 1 1 0 1 1 1 1 0 1 0 1 0 1 1 1 1
 1 0 1 1 0 1 1 1 1 1 1 1 1 1 1 1 1 1 1 0 0 1 1 1 0 1 1 0 1 0 0 1 1 1 0 1 1
 0 1 0 0 1 1 1 0 1 1 1 1 1 1 1 0 1 1 1 0 1 0 1 0 0 1]
At   301/30000: COST 0.699/0.713(0.689) -- Acc 0.480/0.460(0.514)
[0 1 0 1 1 1 0 1 1 1 1 0 1 1 1 0 0 1 1 0 0 1 1 1 1 1 1 1 1 1 1 0 1 1 1 1 1
 0 1 0 1 0 0 1 1 1 1 1 0 1 1 1 0 0 1 0 1 1 1 0 1 0 1 0 0 0 1 1 1 1 1 1 1 1
 1 1 1 1 1 1 1 1 0 1 1 1 1 1 1 1 1 0 0 1 1 1 1 1 1 1]
At   401/30000: COST 0.642/0.779(0.680) -- Acc 0.630/0.520(0.555)
[1 0 1 0 1 1 0 1 1 1 1 1 0 1 0 1 1 1 1 0 1 1 1 1 1 1 1 1 1 1 0 1 1 1 1 0 1
 1 1 1 1 1 1 1 1 1 0 0 1 1 1 1 1 1 1 1 1 1 1 1 1 1 1 0 1 1 1 1 1 1 1 0 1 1
 1 1 1 1 1 1 0 1 1 1 1 1 1 1 0 1 1 1 1 1 1 1 1 0 0 0]
At   501/30000: COST 0.658/0.778(0.672) -- Acc 0.570/0.520(0.580)
[1 1 0 1 1 1 1 1 1 1 1 1 1 1 1 0 1 0 0 1 1 0 1 0 1 1 0 1 1 0 1 1 1 1 0 1 1
 1 1 1 0 1 1 1 1 1 1 1 1 0 1 1 1 0 1 1 1 1 0 1 0 1 1 1 0 1 0 1 1 1 0 1 1 1
 1 1 0 0 1 1 0 1 0 0 1 1 0 1 0 1 1 1 0 0 1 1 0 0 1 0]
At   601/30000: COST 0.596/0.902(0.658) -- Acc 0.710/0.480(0.610)
[1 0 1 0 1 1 1 1 1 1 1 0 1 1 1 1 1 0 1 1 1 0 1 0 1 1 1 0 1 1 1 1 1 0 1 1 1
 0 1 1 1 1 1 1 1 0 1 1 1 0 0 1 0 0 1 1 0 0 1 1 1 0 0 1 1 0 1 1 1 0 1 1 1 1
 1 1 1 1 1 0 1 1 0 1 1 0 0 1 1 0 1 1 1 0 1 1 1 1 1 1]
At   701/30000: COST 0.623/0.939(0.644) -- Acc 0.630/0.490(0.628)
[1 1 1 1 1 1 1 1 1 0 0 1 0 0 1 1 1 1 1 0 1 1 1 0 0 0 0 1 1 1 0 1 0 0 0 1 1
 1 0 1 1 1 0 0 1 0 1 1 0 1 1 0 0 1 1 1 0 1 1 1 0 1 1 1 0 1 1 1 1 1 0 1 1 0
 1 1 0 1 0 1 0 0 1 1 1 1 0 1 1 0 1 1 1 1 1 1 1 1 1 1]
At   801/30000: COST 0.605/1.047(0.630) -- Acc 0.730/0.480(0.646)
[1 0 1 1 0 1 1 1 1 1 1 1 1 0 0 1 0 1 1 1 1 1 1 1 0 0 1 0 1 1 0 1 0 0 1 0 1
 1 1 1 0 0 1 1 0 1 1 1 1 1 1 0 0 1 0 0 0 1 1 1 0 1 1 1 1 1 1 1 0 1 1 1 1 0
 1 0 1 1 1 1 1 0 1 1 1 1 0 1 1 0 1 0 0 1 1 1 0 1 1 1]
At   901/30000: COST 0.607/1.185(0.615) -- Acc 0.660/0.450(0.660)
[1 1 1 1 1 0 0 1 1 1 1 1 1 1 0 0 1 1 0 1 1 0 1 1 0 0 1 1 0 1 1 1 0 0 0 1 1
 1 1 1 1 1 1 1 0 1 1 1 1 0 0 0 0 1 1 1 1 1 0 1 0 1 1 1 0 1 1 1 0 1 1 1 1 1
 1 0 1 0 1 0 0 1 0 1 1 1 0 1 1 0 0 0 1 1 1 1 1 1 0 0]
At  1001/30000: COST 0.588/1.170(0.596) -- Acc 0.690/0.470(0.679)
[1 1 1 1 1 0 1 1 0 1 1 1 0 0 1 1 0 0 1 1 1 1 1 0 1 1 0 1 1 1 1 1 1 0 0 1 1
 0 0 1 1 0 1 1 1 0 1 1 0 0 1 0 1 0 0 1 1 0 1 1 1 1 1 1 0 0 1 1 1 0 1 1 1 1
 1 0 0 1 0 0 1 1 1 1 1 0 1 1 1 0 1 0 1 0 1 1 1 1 0 0]
At  1101/30000: COST 0.610/1.578(0.577) -- Acc 0.630/0.440(0.693)
[1 0 1 1 1 0 0 0 1 0 1 0 1 0 1 0 1 0 1 1 0 1 1 1 1 1 1 1 1 1 1 0 1 0 1 1 0
 1 0 0 1 1 0 0 0 1 1 0 1 0 1 1 1 1 1 1 1 0 1 1 1 1 1 1 1 1 1 0 0 1 1 1 1 0
 1 0 0 1 1 1 1 1 1 1 0 1 1 0 1 1 1 0 0 1 0 0 0 0 0 1]
At  1201/30000: COST 0.531/1.252(0.557) -- Acc 0.750/0.460(0.714)
[1 1 0 1 1 1 1 1 0 1 1 1 1 1 1 0 1 1 1 1 0 1 0 1 1 1 1 1 1 1 1 1 1 1 0 0 0
 1 1 1 1 1 0 0 0 1 1 0 0 1 0 1 1 1 0 1 1 1 1 1 1 1 1 0 0 1 0 1 0 1 0 1 1 1
 1 0 0 1 1 1 1 1 1 1 1 0 0 1 0 0 1 1 0 1 1 1 1 1 1 1]
At  1301/30000: COST 0.525/1.422(0.545) -- Acc 0.740/0.440(0.727)
[1 0 0 0 1 1 0 1 1 1 0 1 1 1 0 1 1 1 1 1 0 0 1 1 1 0 1 1 0 1 0 0 1 1 1 1 1
 1 1 0 0 1 0 0 0 1 1 1 0 1 0 0 1 0 1 0 1 1 0 0 1 1 1 0 1 0 1 1 1 0 0 0 1 1
 0 1 0 1 1 1 1 1 1 0 1 1 1 1 1 1 0 1 1 1 1 1 0 1 1 1]
At  1401/30000: COST 0.444/1.780(0.528) -- Acc 0.810/0.450(0.737)
[1 1 0 1 1 1 1 0 1 1 1 0 1 1 1 1 1 1 1 0 1 1 1 0 1 1 1 0 0 1 1 0 0 0 1 1 1
 0 1 1 1 1 1 1 1 1 0 0 1 1 1 1 0 1 1 1 1 1 1 1 1 1 0 1 1 1 1 1 1 1 1 0 1 0
 1 1 1 1 1 1 0 1 1 0 0 1 1 0 1 0 0 1 0 1 0 1 1 0 1 1]
At  1501/30000: COST 0.520/1.569(0.523) -- Acc 0.780/0.430(0.741)
[0 1 1 1 1 1 1 0 1 0 1 1 0 1 1 1 1 0 0 1 1 0 1 1 1 1 0 0 1 1 1 1 1 1 1 0 0
 0 1 0 1 0 0 1 1 1 1 0 1 0 0 1 1 1 1 1 1 0 1 0 1 1 1 1 0 1 1 1 1 0 0 1 0 0
 1 1 0 0 1 1 1 1 1 1 1 0 0 0 1 1 0 1 1 1 1 1 1 1 1 1]
At  1601/30000: COST 0.420/1.842(0.495) -- Acc 0.820/0.460(0.758)
[1 0 1 1 1 1 1 1 1 1 1 0 0 1 1 0 1 0 1 1 1 0 1 1 1 1 1 1 1 1 1 1 1 0 1 1 0
 0 1 1 1 1 1 1 1 0 0 1 1 1 1 0 1 0 0 1 1 0 0 1 1 0 1 0 1 0 0 1 0 0 1 1 0 1
 0 0 1 0 1 1 1 0 1 1 1 1 1 1 1 0 0 1 0 0 1 0 1 1 0 1]
At  1701/30000: COST 0.478/1.938(0.485) -- Acc 0.760/0.480(0.766)
[1 0 0 1 1 1 1 1 1 1 1 1 1 0 1 1 1 0 0 1 0 1 1 1 0 1 1 1 1 1 1 0 1 1 0 1 1
 0 1 1 0 1 0 1 1 1 1 1 0 1 1 1 0 0 0 0 1 1 1 0 1 1 0 1 1 1 0 0 0 1 1 1 0 0
 1 1 1 0 1 1 1 0 1 0 1 1 1 1 0 1 1 1 1 0 1 1 0 0 0 1]
At  1801/30000: COST 0.425/1.925(0.475) -- Acc 0.810/0.450(0.774)
[1 1 0 0 1 0 1 1 0 0 0 1 0 1 1 1 1 1 0 1 0 1 1 0 1 1 0 0 1 1 1 1 0 0 1 1 1
 1 1 1 1 1 1 1 1 1 1 0 1 1 1 0 1 1 1 0 0 1 1 0 0 1 1 1 1 1 0 1 1 1 1 1 1 1
 1 1 1 1 1 1 1 1 0 1 1 0 1 0 1 1 1 0 0 0 0 1 1 0 0 1]
At  1901/30000: COST 0.391/2.106(0.465) -- Acc 0.810/0.430(0.779)
[0 0 1 1 1 0 1 0 1 1 0 1 1 1 0 1 1 0 1 1 1 1 1 0 1 1 1 0 0 1 1 1 0 0 1 0 1
 0 0 1 1 1 1 0 1 1 1 1 0 1 1 0 1 1 1 1 1 1 0 1 1 0 1 1 0 1 1 0 1 1 0 1 1 0
 1 1 1 1 1 1 0 1 1 1 1 1 0 1 1 1 1 1 1 0 0 1 1 1 1 1]
At  2001/30000: COST 0.489/1.941(0.465) -- Acc 0.790/0.470(0.776)
[1 1 1 1 1 1 0 1 0 1 1 1 1 1 1 0 1 1 1 1 1 0 1 1 0 1 1 1 1 1 1 0 1 0 0 1 1
 1 0 1 0 1 1 1 0 1 1 1 0 1 1 0 1 1 0 1 1 1 1 0 1 0 1 0 1 0 0 1 1 1 1 1 0 1
 1 1 1 0 1 1 0 0 0 1 0 1 0 1 0 0 1 1 0 1 0 1 1 1 0 1]
At  2101/30000: COST 0.394/2.058(0.443) -- Acc 0.830/0.460(0.792)
[1 1 1 0 1 1 1 1 1 0 1 0 1 1 1 1 1 1 0 1 0 1 0 0 1 0 1 0 1 1 1 0 1 0 1 1 1
 1 0 1 1 1 1 1 1 1 1 1 1 0 0 1 0 1 0 1 1 0 1 1 1 1 1 0 0 0 0 1 1 1 1 1 1 1
 0 1 1 0 1 0 1 1 1 1 1 1 1 0 0 1 1 1 1 1 0 1 1 0 1 0]
At  2201/30000: COST 0.412/2.160(0.431) -- Acc 0.900/0.440(0.801)
[1 0 0 0 1 1 1 1 1 1 0 0 0 1 1 1 1 1 1 1 1 1 1 1 0 1 0 1 1 0 0 1 1 1 1 0 1
 0 1 1 0 0 1 1 1 0 1 1 1 1 1 0 1 1 1 1 1 1 1 1 0 1 1 0 1 1 0 1 1 1 1 0 0 1
 1 1 0 0 0 0 1 0 0 1 0 1 0 1 1 1 0 1 1 1 1 1 1 1 1 1]
At  2301/30000: COST 0.486/2.066(0.422) -- Acc 0.780/0.450(0.804)
[1 1 0 0 0 1 1 1 1 1 1 1 0 1 1 1 1 0 0 1 1 1 1 1 1 1 0 0 1 0 1 1 0 1 1 1 1
 1 1 1 0 0 0 0 0 1 1 1 1 1 1 0 1 1 0 0 1 0 0 1 1 1 1 1 1 0 1 1 0 0 0 1 0 0
 1 0 1 1 0 1 1 0 1 0 1 1 1 1 1 1 1 1 1 0 1 1 1 0 1 1]
At  2401/30000: COST 0.436/2.008(0.415) -- Acc 0.730/0.490(0.807)
[1 1 0 1 0 0 1 1 0 1 1 1 1 1 1 1 1 1 0 1 0 0 1 0 1 1 0 1 1 1 1 0 1 1 1 1 1
 1 0 0 1 1 1 1 1 1 1 1 0 0 0 0 0 0 1 1 1 0 1 1 1 0 0 1 1 0 1 1 0 0 0 1 0 1
 1 1 1 1 1 0 1 1 1 1 0 1 1 1 1 0 1 1 1 1 0 0 1 1 1 1]
At  2501/30000: COST 0.314/2.415(0.403) -- Acc 0.860/0.460(0.815)
[1 1 1 0 1 1 1 1 1 0 0 1 1 0 0 1 1 1 1 0 1 0 0 1 0 0 1 1 0 1 1 1 1 0 1 1 1
 0 0 1 1 1 1 1 1 0 1 1 0 1 1 0 1 1 0 1 1 1 0 1 1 1 0 1 1 1 1 0 0 0 1 1 1 1
 0 1 1 1 1 0 1 0 1 1 1 1 1 1 1 1 0 0 1 0 1 1 0 0 1 0]
At  2601/30000: COST 0.386/2.412(0.396) -- Acc 0.820/0.450(0.819)
[0 1 1 1 1 1 1 1 1 0 0 1 1 1 0 1 0 1 1 0 0 0 1 1 1 1 1 0 1 1 1 1 1 1 0 1 1
 1 1 0 0 0 0 0 0 1 1 1 1 0 1 1 1 1 1 1 1 0 0 1 1 0 1 1 1 1 1 1 1 1 1 0 1 1
 1 1 0 0 0 1 1 1 0 0 1 1 1 1 1 0 1 1 1 1 1 1 1 1 1 0]
At  2701/30000: COST 0.542/2.240(0.388) -- Acc 0.800/0.470(0.823)
[1 1 1 1 1 1 1 0 1 1 1 1 1 1 0 1 0 1 1 1 1 0 1 0 0 0 1 1 0 1 0 0 1 1 1 1 0
 1 1 1 0 0 1 0 1 1 1 0 1 1 0 0 1 1 0 1 0 0 1 1 1 1 1 1 1 1 0 1 0 0 1 1 0 1
 1 1 1 1 1 1 1 1 1 0 1 0 1 1 1 1 0 0 1 0 1 0 0 1 0 1]
At  2801/30000: COST 0.511/2.510(0.393) -- Acc 0.760/0.470(0.816)
[1 1 0 0 1 1 0 1 1 1 1 1 1 1 1 0 1 0 1 0 0 1 1 1 1 1 1 1 1 1 1 1 0 1 1 1 0
 1 1 1 1 1 0 1 1 0 1 1 1 1 0 1 1 0 1 1 1 1 1 1 1 1 1 1 0 0 0 1 1 0 1 0 1 0
 1 1 1 1 1 1 0 0 0 0 1 1 1 0 1 1 0 0 1 1 0 1 1 1 0 0]
At  2901/30000: COST 0.287/2.345(0.387) -- Acc 0.870/0.500(0.824)
[1 0 1 1 0 1 1 1 1 0 0 0 1 1 1 0 1 1 1 1 1 1 0 1 1 1 0 1 1 1 1 1 1 1 1 1 1
 1 1 1 0 0 1 1 0 0 0 0 1 1 1 1 1 1 1 0 1 1 0 1 1 1 1 0 1 1 1 1 1 1 1 1 1 1
 1 0 1 0 0 0 1 0 0 1 1 1 0 1 1 1 0 1 0 1 1 1 0 1 1 1]
At  3001/30000: COST 0.418/2.758(0.375) -- Acc 0.810/0.460(0.831)
[1 0 1 1 0 1 1 0 1 0 1 1 0 1 1 1 0 1 1 1 1 0 1 1 1 0 0 1 1 1 1 1 1 1 1 1 0
 0 1 1 1 0 1 1 1 0 0 0 1 1 0 1 1 1 1 1 1 1 1 0 1 1 1 0 0 0 1 1 0 1 1 1 1 1
 0 0 1 1 1 1 0 1 1 1 1 0 1 0 0 1 0 1 1 1 1 1 0 0 1 0]
At  3101/30000: COST 0.415/2.925(0.364) -- Acc 0.790/0.440(0.835)
[1 1 1 0 1 1 0 0 0 0 1 1 1 1 0 1 1 1 1 1 1 1 1 0 0 0 1 1 0 0 1 1 1 1 0 1 1
 1 1 0 1 1 1 1 1 1 1 1 0 1 1 0 0 1 1 1 1 0 0 0 1 1 0 1 1 1 0 1 1 1 0 1 1 1
 1 1 1 1 1 1 1 1 1 0 0 1 1 0 1 0 0 1 1 1 1 1 1 1 1 1]
At  3201/30000: COST 0.323/3.002(0.357) -- Acc 0.860/0.460(0.841)
[1 1 1 1 0 1 0 1 1 0 1 0 1 0 1 1 1 1 1 0 1 1 1 1 1 1 0 1 1 1 1 1 0 1 0 1 1
 0 1 1 1 0 1 0 0 1 0 1 0 0 1 1 0 1 1 1 1 1 1 1 0 1 1 1 1 0 1 1 0 1 0 1 0 0
 0 0 1 1 1 1 0 0 1 1 1 1 1 1 1 1 0 1 0 1 1 1 1 1 1 0]
At  3301/30000: COST 0.442/2.529(0.355) -- Acc 0.760/0.450(0.840)
[1 1 1 0 1 0 1 1 1 1 0 1 1 1 1 0 1 1 0 0 0 1 1 1 1 1 1 0 1 0 1 1 1 1 1 1 1
 1 0 1 1 1 1 1 1 1 1 1 0 1 1 0 1 1 1 0 1 1 1 1 1 1 0 1 0 0 1 0 0 1 0 1 0 0
 1 1 1 0 0 1 0 0 1 1 0 1 0 1 0 1 1 1 1 0 1 1 1 1 1 0]
At  3401/30000: COST 0.486/2.966(0.343) -- Acc 0.810/0.470(0.846)
[1 0 1 1 1 0 1 0 1 1 1 1 1 0 0 0 1 1 0 1 1 0 0 0 1 1 0 1 0 1 0 1 0 1 1 1 1
 1 0 0 1 1 1 1 1 1 1 1 1 1 1 1 0 0 1 0 0 0 0 1 0 0 1 0 1 0 0 1 1 1 0 1 0 1
 1 1 1 1 1 1 1 0 1 0 0 1 1 0 0 1 1 1 1 1 1 1 1 0 1 0]
At  3501/30000: COST 0.252/2.991(0.339) -- Acc 0.870/0.450(0.851)
[1 0 1 1 1 0 1 1 1 1 1 1 1 1 1 0 1 1 0 1 1 0 1 1 1 1 1 1 0 0 1 1 1 1 1 1 1
 0 1 1 1 0 0 1 0 1 1 1 1 1 0 1 1 1 1 1 0 1 1 1 1 1 0 0 1 1 1 1 1 1 0 1 1 1
 0 1 1 1 1 1 1 1 1 1 0 1 1 1 0 1 1 0 0 1 1 1 0 0 1 1]
At  3601/30000: COST 0.309/2.696(0.330) -- Acc 0.850/0.480(0.856)
[1 1 1 0 1 0 1 1 0 1 1 1 1 1 0 1 1 0 0 0 0 1 1 0 1 1 1 0 1 1 0 1 0 0 1 1 0
 1 1 0 0 1 1 1 0 0 1 1 0 1 1 0 1 1 1 1 1 1 1 1 1 1 1 1 1 1 0 1 1 1 1 1 1 1
 1 1 0 1 0 1 1 0 0 1 0 1 0 1 0 1 1 1 1 1 1 0 1 0 1 1]
At  3701/30000: COST 0.329/2.867(0.325) -- Acc 0.890/0.470(0.856)
[1 1 1 0 0 1 1 0 1 1 1 0 0 0 1 1 1 1 0 0 0 1 1 1 1 1 0 1 1 0 0 1 1 1 0 1 1
 0 1 1 1 1 0 1 1 0 0 1 1 1 1 1 1 1 1 1 1 1 1 1 1 1 1 0 1 1 0 0 1 1 0 0 1 1
 1 1 0 1 1 1 1 1 1 1 1 0 0 1 1 1 1 0 1 0 0 1 1 1 0 0]
At  3801/30000: COST 0.253/3.401(0.308) -- Acc 0.900/0.430(0.866)
[1 0 0 1 0 0 0 0 1 1 1 1 0 1 1 1 1 1 0 1 1 1 1 1 0 1 0 1 1 1 0 1 1 1 0 1 0
 0 1 1 0 1 1 0 1 1 1 1 1 0 1 0 1 1 1 1 0 1 1 0 1 0 1 1 0 1 1 1 1 0 0 0 1 1
 0 1 1 1 1 1 1 1 1 1 0 1 1 1 1 0 1 1 1 1 0 0 0 1 1 1]
At  3901/30000: COST 0.293/3.323(0.318) -- Acc 0.830/0.420(0.861)
[1 0 1 0 0 1 0 1 1 1 1 0 1 1 0 1 0 1 1 1 0 1 0 1 1 1 0 1 1 1 1 1 0 1 1 1 1
 0 1 1 0 0 1 1 0 1 0 1 1 1 0 1 0 1 0 1 1 1 1 1 1 1 0 0 0 1 0 1 0 1 1 0 1 1
 1 1 1 0 1 0 1 0 1 1 1 1 0 0 1 1 1 1 1 1 1 1 1 1 0 0]
At  4001/30000: COST 0.385/3.229(0.315) -- Acc 0.810/0.410(0.864)
[1 0 1 1 1 0 1 0 0 1 1 0 1 1 0 0 1 1 1 1 1 1 0 1 1 1 0 1 1 1 1 1 1 0 1 0 1
 0 0 0 0 0 1 1 1 1 1 1 1 0 1 1 1 0 1 1 1 0 1 1 1 0 1 1 0 1 1 1 1 0 1 1 0 0
 1 0 1 0 1 1 1 1 1 1 0 1 1 1 1 1 1 1 0 1 1 1 0 0 0 1]
At  4101/30000: COST 0.372/2.715(0.313) -- Acc 0.820/0.480(0.867)
[0 0 1 1 1 1 1 1 1 1 0 1 1 1 0 1 1 1 1 1 1 1 1 1 1 1 1 1 1 1 1 1 1 0 0 1 1
 1 1 1 1 1 0 1 1 1 1 1 0 0 1 1 0 0 1 0 1 1 1 0 0 1 1 1 1 1 0 0 1 1 1 0 1 1
 1 1 0 1 0 0 0 1 1 1 1 1 0 1 0 1 0 0 1 1 1 0 1 0 1 1]
At  4201/30000: COST 0.437/2.965(0.305) -- Acc 0.770/0.480(0.870)
[1 1 1 1 1 1 1 1 1 1 1 1 0 1 0 1 0 1 0 1 0 1 0 1 1 0 1 1 1 0 1 0 1 1 0 1 1
 0 0 1 1 0 1 1 1 0 1 1 0 0 1 1 1 1 0 0 1 0 1 1 0 1 1 0 1 0 1 0 1 1 1 1 1 1
 1 1 0 1 1 0 1 1 0 1 1 1 1 1 1 0 1 0 1 1 0 1 0 1 0 1]
At  4301/30000: COST 0.350/2.869(0.299) -- Acc 0.840/0.460(0.872)
[1 1 1 0 1 1 1 1 1 1 0 0 1 1 1 1 0 1 0 1 1 0 1 0 1 0 1 0 1 1 1 0 1 1 1 1 1
 1 1 0 0 1 1 0 1 1 1 1 0 1 1 1 1 0 0 1 0 1 1 0 0 0 1 1 1 0 1 1 1 1 0 1 1 1
 1 1 1 1 0 0 1 0 0 1 1 1 1 1 1 1 1 0 1 1 0 1 1 1 1 0]
At  4401/30000: COST 0.258/3.212(0.300) -- Acc 0.920/0.420(0.873)
[0 1 1 1 0 0 0 1 1 1 1 1 1 1 1 0 1 1 1 1 1 1 1 1 1 1 0 0 1 1 1 1 1 1 1 0 1
 1 1 1 1 0 0 0 1 1 1 1 1 0 1 1 0 1 1 1 1 1 1 0 1 0 1 0 0 1 1 0 1 1 0 0 1 1
 0 1 1 1 0 1 1 1 1 1 0 0 1 1 1 0 1 1 0 1 1 1 0 0 1 1]
At  4501/30000: COST 0.202/3.385(0.293) -- Acc 0.930/0.450(0.878)
[1 1 1 0 1 1 1 1 1 0 1 0 1 1 1 1 1 1 1 1 0 1 0 1 1 1 1 1 1 1 0 1 1 1 1 1 1
 0 0 0 1 1 1 1 1 0 0 1 1 1 1 1 1 1 1 0 0 1 0 1 1 0 0 1 0 0 1 1 1 1 0 1 1 1
 0 1 1 1 1 1 1 0 0 1 0 1 0 1 1 0 1 1 1 1 0 1 0 1 1 0]
At  4601/30000: COST 0.257/3.460(0.283) -- Acc 0.890/0.450(0.880)
[1 1 1 1 1 1 0 1 1 1 1 1 1 1 0 1 1 1 1 1 0 1 0 1 1 1 0 1 1 0 1 1 1 1 1 1 0
 0 0 0 1 1 0 0 0 1 1 1 0 1 1 1 1 0 1 1 1 1 1 1 1 0 1 0 1 1 1 1 1 0 1 1 1 0
 0 1 1 0 0 1 1 1 0 0 0 0 0 1 1 1 1 0 1 1 1 1 1 1 0 1]
At  4701/30000: COST 0.221/3.675(0.290) -- Acc 0.910/0.440(0.877)
[1 0 1 1 0 1 1 1 0 1 0 1 1 1 1 1 1 1 1 1 1 1 1 0 0 1 0 1 1 0 1 0 1 1 1 1 1
 0 1 1 0 1 1 1 0 1 1 1 0 1 1 1 1 1 1 1 0 0 1 0 1 1 1 1 1 1 1 1 1 1 1 1 1 1
 0 1 0 0 0 1 1 1 0 1 0 1 0 1 0 1 1 1 1 1 0 1 1 1 1 0]
At  4801/30000: COST 0.323/3.255(0.278) -- Acc 0.860/0.430(0.883)
[1 1 1 1 0 1 1 1 1 1 0 0 0 0 1 1 1 1 1 1 0 1 1 0 1 0 1 0 0 1 0 0 1 1 0 1 1
 1 1 1 0 1 1 1 1 1 1 1 1 1 1 0 1 0 1 1 1 1 1 0 1 0 1 1 1 1 0 0 0 1 0 0 1 1
 0 1 1 1 1 0 1 1 1 1 0 1 1 1 0 1 1 1 0 1 1 1 0 1 1 1]
At  4901/30000: COST 0.426/3.715(0.264) -- Acc 0.840/0.420(0.890)
[1 1 1 1 1 0 1 0 0 1 1 1 0 0 1 1 0 1 1 1 1 1 1 1 1 1 1 1 1 0 1 1 0 1 0 1 1
 1 0 0 1 1 1 1 0 0 1 1 1 1 1 1 1 1 1 1 1 1 1 1 1 1 1 1 0 1 0 0 1 1 1 1 0 1
 1 0 0 0 1 1 0 0 1 1 1 0 1 1 1 0 0 0 1 0 0 1 0 1 1 1]
At  5001/30000: COST 0.182/3.830(0.269) -- Acc 0.920/0.420(0.885)
[1 0 1 1 1 1 1 1 0 1 1 1 0 1 1 1 0 1 1 0 1 1 0 0 1 1 1 1 1 1 1 1 1 0 1 1 0
 1 1 1 1 1 0 1 1 0 0 1 0 0 1 0 1 0 1 1 0 0 1 1 0 1 0 0 1 0 1 1 1 1 1 1 1 0
 1 0 1 1 1 1 1 1 1 1 1 1 0 1 0 1 1 1 1 0 1 0 0 1 0 1]
At  5101/30000: COST 0.280/3.751(0.263) -- Acc 0.870/0.430(0.890)
[0 1 1 1 1 1 1 1 0 0 1 0 0 0 0 1 1 1 1 1 1 1 1 0 1 1 1 0 0 1 0 1 1 1 0 1 1
 1 0 1 1 0 1 1 1 1 0 1 0 1 1 1 0 1 1 1 0 1 1 1 1 0 1 0 0 1 1 1 1 1 0 1 0 0
 1 0 1 1 1 1 0 1 1 1 0 0 1 1 0 1 1 1 0 1 1 1 0 0 1 0]
At  5201/30000: COST 0.357/3.871(0.265) -- Acc 0.860/0.440(0.890)
[1 1 1 0 0 1 0 1 1 1 0 1 1 1 1 1 1 1 1 1 1 1 1 1 1 1 1 1 0 1 1 1 0 1 0 0 1
 0 0 1 0 1 0 0 1 1 0 0 0 0 0 1 1 0 1 1 0 1 0 0 1 1 1 1 0 1 1 1 0 1 0 1 1 1
 1 1 1 1 0 1 1 1 1 1 1 0 1 1 1 1 1 1 1 1 1 1 1 0 0 1]
At  5301/30000: COST 0.236/3.813(0.269) -- Acc 0.890/0.420(0.888)
[0 1 1 1 1 1 0 1 0 0 1 0 1 0 1 1 1 0 1 0 1 1 1 0 1 0 1 0 1 1 1 0 1 0 1 1 1
 0 1 1 1 1 1 1 1 0 0 1 1 1 1 1 1 0 1 0 1 1 1 1 1 0 0 1 0 1 0 1 0 1 0 0 1 1
 1 1 1 0 0 1 1 1 0 1 1 1 0 1 0 1 1 1 1 1 1 0 1 1 1 0]
At  5401/30000: COST 0.268/3.799(0.260) -- Acc 0.890/0.450(0.894)
[1 1 1 1 1 1 1 0 1 0 1 1 0 0 1 0 1 0 0 1 1 0 1 0 1 0 1 0 0 0 1 1 1 1 1 1 1
 1 0 1 0 0 1 1 1 1 1 1 1 1 1 1 1 1 1 1 1 1 1 1 0 1 1 1 1 0 1 0 0 1 0 1 1 0
 1 0 1 1 0 1 1 1 0 1 0 1 1 0 1 0 1 0 0 1 1 0 1 1 1 1]
At  5501/30000: COST 0.213/4.164(0.246) -- Acc 0.900/0.440(0.895)
[0 1 1 1 1 1 0 0 1 1 0 0 1 1 1 1 0 1 0 1 1 0 1 0 1 1 0 1 0 0 0 1 1 1 1 1 0
 1 1 1 1 0 0 1 1 0 1 1 1 1 0 1 1 1 1 0 1 1 1 1 1 1 0 0 1 1 1 1 1 1 1 1 0 0
 1 0 0 1 0 1 1 1 1 1 1 1 1 0 1 0 0 0 0 1 1 1 1 1 1 0]
At  5601/30000: COST 0.335/4.125(0.247) -- Acc 0.850/0.430(0.895)
[1 1 1 1 0 1 1 1 1 0 1 0 0 0 0 1 0 0 1 0 0 0 0 1 1 1 0 1 1 1 0 1 1 1 1 0 1
 1 1 1 1 1 1 1 1 1 1 1 0 1 1 1 1 1 1 0 1 1 1 0 1 1 1 1 1 1 1 1 1 1 0 1 1 1
 0 1 0 0 1 1 1 0 1 1 1 0 0 0 1 1 1 1 1 1 1 0 0 0 1 1]
At  5701/30000: COST 0.201/3.558(0.262) -- Acc 0.930/0.420(0.890)
[0 0 0 1 1 1 1 1 1 0 1 0 1 0 1 1 1 1 0 0 0 1 1 1 1 0 1 0 1 0 1 0 1 0 0 0 1
 1 1 0 1 1 0 1 1 1 0 1 1 1 1 1 1 0 1 1 1 0 1 1 1 0 1 1 0 1 1 1 0 1 1 0 1 1
 1 1 1 1 1 0 1 1 1 0 1 1 0 0 1 0 0 1 1 1 1 0 1 1 0 1]
At  5801/30000: COST 0.215/3.135(0.262) -- Acc 0.910/0.460(0.892)
[0 1 0 1 1 1 0 1 0 0 0 1 1 0 1 1 1 1 1 0 0 1 0 1 0 1 1 1 0 1 1 1 1 1 1 1 1
 0 0 1 1 1 1 1 1 1 1 1 0 1 1 1 1 1 0 1 0 1 0 0 1 1 1 1 0 1 0 1 1 0 0 1 1 1
 1 1 0 1 1 0 0 1 0 1 1 1 1 1 1 1 0 1 1 0 1 0 1 1 1 1]
At  5901/30000: COST 0.320/3.573(0.251) -- Acc 0.890/0.430(0.898)
[1 1 1 1 1 0 1 1 1 1 0 1 1 1 1 0 0 1 0 1 1 1 1 1 0 0 1 0 0 1 1 0 0 0 1 1 1
 1 1 1 1 1 1 0 1 0 1 1 1 1 0 0 0 0 0 0 0 1 0 0 1 1 1 1 0 0 1 1 0 1 0 1 1 1
 1 1 1 1 1 1 1 0 1 1 0 0 1 1 1 0 1 1 1 1 1 1 1 1 1 0]
At  6001/30000: COST 0.269/3.802(0.249) -- Acc 0.900/0.450(0.897)
[1 1 1 1 1 1 1 1 1 0 1 1 1 1 0 0 0 0 0 0 1 1 0 1 1 0 1 1 0 1 0 1 0 1 1 1 0
 1 1 1 0 1 1 0 1 0 1 1 1 1 1 1 1 0 1 1 0 1 1 0 1 1 0 0 0 0 1 0 1 1 1 1 1 1
 1 1 1 1 1 1 1 0 1 0 1 0 1 1 0 1 0 1 1 0 1 1 1 1 0 1]
At  6101/30000: COST 0.275/3.710(0.250) -- Acc 0.900/0.460(0.899)
[0 0 1 0 1 1 1 1 0 1 0 1 1 0 0 0 1 0 1 1 1 1 1 1 1 1 0 1 1 0 0 1 0 1 1 0 1
 1 1 1 1 1 1 1 1 1 1 0 1 0 0 0 1 1 1 1 0 0 1 1 1 1 0 1 1 0 1 0 1 1 1 1 1 1
 0 0 1 1 1 1 0 1 1 0 1 1 0 1 1 1 1 0 1 1 0 1 1 1 1 1]
At  6201/30000: COST 0.169/3.513(0.245) -- Acc 0.930/0.450(0.901)
[1 1 0 1 1 1 1 1 1 0 1 1 1 0 1 1 0 0 1 0 1 1 0 1 1 0 1 1 1 1 1 1 1 1 1 1 1
 0 1 1 1 1 1 1 1 0 0 1 1 0 1 1 0 0 1 0 1 0 0 1 1 1 0 0 1 1 0 1 0 0 0 0 0 1
 1 1 1 1 0 1 1 0 0 1 0 1 1 0 1 1 0 1 1 0 0 1 1 1 0 1]
At  6301/30000: COST 0.203/3.081(0.256) -- Acc 0.900/0.450(0.896)
[1 1 0 0 1 1 1 1 1 1 1 1 0 1 0 1 0 1 1 0 1 1 0 1 0 0 1 0 1 1 0 1 1 1 1 1 1
 0 1 0 1 1 0 1 1 1 1 0 1 1 0 1 0 0 0 1 0 1 1 0 1 1 1 1 1 1 0 1 0 1 1 1 1 0
 1 1 0 1 0 1 1 1 0 0 1 0 0 0 1 1 0 1 1 1 1 1 0 1 1 1]
At  6401/30000: COST 0.178/3.552(0.250) -- Acc 0.920/0.420(0.899)
[1 0 0 1 1 1 1 0 1 1 0 0 1 1 1 1 1 0 1 0 0 1 0 1 1 1 1 0 0 0 1 1 1 0 0 1 1
 1 1 1 1 1 0 1 1 1 1 1 0 1 1 1 0 1 1 1 1 1 0 1 1 1 0 1 1 1 0 1 0 1 1 0 0 1
 0 1 0 1 1 1 1 0 0 0 0 1 0 1 1 1 1 1 1 0 1 0 1 1 1 0]
At  6501/30000: COST 0.337/3.792(0.234) -- Acc 0.830/0.460(0.905)
[0 0 1 1 1 1 1 0 1 1 1 1 0 1 0 0 1 1 1 1 1 0 1 1 0 1 1 0 0 1 1 0 0 0 1 1 0
 0 1 1 0 1 0 1 1 0 1 1 1 1 1 1 1 1 1 1 1 1 0 1 1 0 1 0 1 1 0 1 1 0 1 0 0 1
 1 1 1 0 1 1 1 1 0 1 0 1 1 1 1 1 0 1 0 0 0 1 1 0 1 1]
At  6601/30000: COST 0.220/3.934(0.231) -- Acc 0.920/0.440(0.905)
[1 1 0 0 1 0 1 0 1 0 0 1 1 1 0 0 1 1 1 1 1 1 1 1 1 1 1 1 1 1 1 1 0 0 1 1 1
 0 0 1 1 1 1 0 1 1 1 1 0 1 1 0 0 0 1 0 1 1 1 1 0 1 1 1 1 1 1 1 1 1 0 1 1 1
 0 1 1 0 1 0 1 1 0 1 0 0 1 1 1 1 0 1 1 0 1 1 1 1 1 0]
At  6701/30000: COST 0.175/3.416(0.229) -- Acc 0.920/0.480(0.906)
[1 1 1 0 0 0 0 0 1 1 1 1 1 0 1 0 0 1 1 1 1 1 1 1 1 1 0 1 1 0 1 1 0 0 1 1 0
 1 0 1 1 1 1 0 1 1 1 1 0 0 1 1 0 0 1 0 1 1 0 1 0 1 1 0 1 1 1 1 0 1 1 0 1 1
 1 1 1 1 1 0 0 0 1 1 1 1 0 1 0 1 1 1 1 1 1 0 1 0 1 0]
At  6801/30000: COST 0.255/3.349(0.226) -- Acc 0.870/0.460(0.909)
[0 1 0 1 1 1 1 1 0 1 1 1 1 1 0 0 1 1 1 1 1 1 0 1 1 1 1 1 1 1 1 1 1 1 1 1 1
 0 1 1 1 1 1 0 1 0 1 1 1 1 1 1 0 0 0 0 0 1 1 1 1 1 0 1 0 1 1 1 1 0 1 0 1 1
 0 1 0 1 0 0 0 1 1 0 0 1 1 1 1 1 1 0 1 0 0 1 1 0 1 1]
At  6901/30000: COST 0.175/3.601(0.234) -- Acc 0.940/0.420(0.907)
[0 1 1 1 1 0 1 1 1 1 1 1 0 1 0 0 1 1 0 1 1 1 1 1 0 1 1 0 1 1 1 1 1 1 1 1 1
 0 0 1 0 1 1 1 1 1 1 1 1 0 1 1 1 1 0 1 0 1 1 0 1 1 1 1 1 1 1 0 1 0 1 0 0 1
 1 1 1 1 1 1 0 0 0 1 1 0 1 1 0 1 1 1 0 1 1 1 0 0 1 0]
At  7001/30000: COST 0.284/4.022(0.218) -- Acc 0.870/0.450(0.911)
[0 0 1 1 1 0 1 1 1 1 0 1 0 1 0 1 0 0 0 1 1 0 0 1 1 0 0 1 0 0 1 0 0 0 1 1 1
 1 1 0 1 1 1 1 1 1 1 1 1 0 1 1 1 0 1 1 1 1 1 0 0 1 1 1 1 1 1 1 1 0 0 1 0 1
 1 0 1 1 1 1 1 0 1 1 0 1 0 1 0 1 1 0 1 1 0 1 1 0 1 1]
At  7101/30000: COST 0.235/3.534(0.217) -- Acc 0.900/0.470(0.914)
[1 0 0 1 1 1 1 1 1 0 0 1 1 0 0 0 1 1 1 0 1 0 1 1 0 1 0 1 1 1 1 0 0 1 1 0 0
 1 0 0 1 1 1 0 1 1 1 1 1 0 0 1 1 1 1 0 1 0 1 1 1 0 1 1 1 0 0 1 1 1 0 1 1 1
 0 0 1 0 1 1 0 1 0 0 1 0 1 0 1 1 1 0 1 1 1 1 1 1 0 0]
At  7201/30000: COST 0.203/3.044(0.241) -- Acc 0.930/0.460(0.906)
[1 1 0 1 1 1 0 0 1 1 1 0 1 1 1 0 1 1 1 0 1 1 1 0 1 1 1 1 1 0 1 1 1 1 1 1 1
 1 1 0 1 0 1 1 1 1 0 1 0 0 0 0 1 1 1 1 1 0 0 0 0 0 1 0 1 1 0 0 0 1 1 0 1 1
 1 1 1 1 0 1 1 0 0 1 0 1 1 1 1 1 1 0 0 1 1 0 1 0 1 0]
At  7301/30000: COST 0.194/3.371(0.228) -- Acc 0.920/0.430(0.910)
[1 0 0 0 0 1 0 1 1 1 1 0 1 1 1 1 1 1 1 1 1 1 1 1 1 1 1 1 1 1 1 1 1 1 1 1 0
 1 1 1 0 0 1 1 1 0 0 0 1 1 1 1 1 0 0 0 0 1 1 0 1 1 0 1 1 1 0 1 1 0 1 0 0 1
 1 1 1 1 1 1 1 1 0 0 1 1 1 1 0 1 0 0 1 0 0 0 1 0 1 0]
At  7401/30000: COST 0.169/3.713(0.215) -- Acc 0.910/0.470(0.914)
[1 1 1 0 1 0 1 1 0 1 1 1 1 1 1 1 0 0 0 1 1 1 0 1 1 1 0 1 1 0 1 0 1 1 1 0 0
 0 0 0 1 0 1 1 1 0 0 0 1 1 1 1 0 0 1 1 0 1 1 1 0 0 1 1 1 1 1 1 1 0 1 0 1 1
 0 1 0 1 0 1 1 0 1 1 1 0 0 1 1 0 1 1 1 0 0 0 1 1 1 1]
At  7501/30000: COST 0.205/3.314(0.221) -- Acc 0.910/0.490(0.914)
[1 0 1 1 0 1 0 0 0 1 1 1 1 1 1 1 1 1 1 1 1 0 0 1 1 0 1 0 1 1 1 1 1 1 1 1 1
 0 1 1 1 0 0 1 1 1 0 0 1 1 0 0 1 1 0 1 1 0 1 0 1 1 1 0 0 1 1 1 0 0 0 1 0 1
 1 0 1 0 1 1 0 1 1 1 1 1 1 1 1 1 0 1 1 1 1 0 1 1 1 1]
At  7601/30000: COST 0.234/3.366(0.221) -- Acc 0.890/0.430(0.912)
[0 1 1 1 1 1 1 0 0 1 1 0 1 1 0 1 1 1 1 1 1 1 1 0 1 1 1 1 1 1 1 1 1 1 1 1 0
 1 0 1 0 0 0 1 0 1 1 0 0 0 1 0 1 0 0 1 1 0 0 1 0 1 1 1 1 1 0 0 0 1 1 0 0 1
 1 0 1 1 0 1 1 1 0 1 0 0 1 1 1 1 1 0 1 0 1 0 1 1 0 1]
At  7701/30000: COST 0.284/3.364(0.218) -- Acc 0.860/0.480(0.911)
[1 0 1 0 0 1 1 1 1 1 1 0 0 0 1 1 0 1 0 1 1 1 0 0 0 0 0 0 0 0 1 1 1 1 1 1 0
 0 1 1 0 0 1 1 1 0 1 1 0 0 1 1 1 1 1 0 0 1 1 1 1 0 1 1 1 1 0 1 1 1 1 1 1 1
 1 0 1 1 1 1 1 1 1 0 0 0 1 0 1 1 1 0 1 0 1 0 0 1 1 1]
At  7801/30000: COST 0.320/3.815(0.211) -- Acc 0.870/0.430(0.915)
[1 1 0 1 0 1 1 0 0 1 1 1 1 0 0 1 1 1 1 1 0 1 1 1 1 1 1 1 0 0 1 0 1 0 1 1 1
 0 1 1 1 1 0 1 1 1 0 0 1 0 1 1 1 1 1 1 1 1 1 0 1 1 1 0 1 0 0 1 0 1 0 1 0 1
 0 0 0 1 1 0 1 0 1 0 1 1 1 1 0 0 0 0 1 0 1 1 1 1 1 1]
At  7901/30000: COST 0.237/3.832(0.208) -- Acc 0.920/0.450(0.919)
[1 1 0 1 0 1 1 0 1 1 0 1 0 1 1 1 1 1 0 0 1 0 0 1 1 1 1 1 1 0 1 1 1 1 1 1 0
 1 1 1 1 0 0 1 0 0 0 0 1 1 1 1 1 1 1 1 1 1 1 1 1 0 0 1 0 0 1 1 1 1 1 1 0 0
 0 1 0 0 1 0 1 0 0 0 1 1 0 1 1 1 1 0 0 1 0 1 1 1 0 1]
At  8001/30000: COST 0.201/3.252(0.222) -- Acc 0.930/0.440(0.915)
[1 0 1 0 0 1 1 1 1 1 0 0 1 1 1 1 0 1 0 1 1 1 1 1 1 1 0 1 0 1 0 1 1 1 0 0 0
 0 1 1 0 1 1 0 0 1 1 1 1 0 1 0 0 0 1 0 0 1 1 1 1 1 1 1 1 0 0 0 1 0 1 0 1 1
 1 1 1 0 1 0 1 0 1 0 1 1 1 1 0 0 1 1 1 0 0 1 1 1 1 0]
At  8101/30000: COST 0.301/3.401(0.220) -- Acc 0.890/0.480(0.914)
[1 1 1 1 0 1 0 1 0 1 0 1 1 0 1 1 0 1 1 0 1 0 1 0 0 0 0 1 1 1 0 0 1 1 0 1 1
 1 1 0 1 0 1 0 0 1 1 1 1 1 1 1 1 1 1 1 0 1 1 1 1 0 1 1 1 1 1 1 1 1 0 1 0 1
 1 1 1 0 0 1 0 1 1 0 0 0 0 0 1 1 1 1 1 1 1 0 1 1 1 1]
At  8201/30000: COST 0.345/3.470(0.227) -- Acc 0.920/0.450(0.912)
[1 1 0 1 0 0 1 1 0 1 0 0 1 1 0 1 1 0 1 1 1 1 1 1 0 1 1 1 1 1 1 1 1 1 1 0 1
 1 1 1 1 0 0 0 1 1 1 1 1 0 0 1 1 1 0 1 1 0 1 1 1 1 0 0 1 1 1 1 1 0 1 1 0 1
 0 1 0 1 1 0 1 0 1 1 1 1 1 0 0 0 0 0 1 1 0 0 0 1 1 1]
At  8301/30000: COST 0.169/3.789(0.215) -- Acc 0.960/0.440(0.918)
[1 1 0 1 1 1 1 1 0 1 1 0 1 0 1 0 1 1 1 0 1 1 0 1 0 1 1 1 0 0 0 1 1 1 1 0 1
 0 0 1 1 1 1 1 0 1 1 0 0 0 0 1 1 0 1 1 0 0 1 1 0 1 1 0 1 1 1 1 0 1 1 1 1 1
 1 1 0 1 0 0 1 0 1 0 1 0 1 1 1 1 1 1 1 1 0 0 1 1 1 1]
At  8401/30000: COST 0.226/3.507(0.220) -- Acc 0.900/0.440(0.915)
[1 1 1 0 1 0 1 1 0 1 1 1 1 1 0 1 1 1 1 0 1 1 0 1 0 1 1 1 1 0 1 1 1 1 1 1 1
 0 1 1 1 1 1 1 1 1 1 0 1 1 1 0 1 1 1 1 1 0 1 1 1 0 0 1 1 1 0 0 0 1 0 0 1 1
 1 1 1 0 1 1 1 1 1 0 1 0 0 1 1 1 1 0 1 1 1 0 1 1 1 1]
At  8501/30000: COST 0.154/3.250(0.220) -- Acc 0.950/0.500(0.915)
[1 0 1 1 1 1 1 1 0 1 0 0 1 1 1 1 1 0 1 1 1 1 0 0 0 1 0 0 1 1 0 1 1 1 1 0 1
 1 1 1 0 1 1 0 0 1 0 1 1 1 1 1 1 1 0 0 0 1 1 1 0 1 0 1 1 1 1 1 0 1 1 1 1 1
 1 1 1 1 1 0 1 0 1 1 1 1 1 1 1 1 1 0 1 0 1 1 1 1 0 0]
At  8601/30000: COST 0.180/3.480(0.207) -- Acc 0.900/0.470(0.919)
[1 1 1 1 1 1 1 1 1 0 1 1 1 0 0 0 0 1 1 0 1 0 1 1 1 1 1 1 0 1 0 1 0 0 1 1 1
 0 1 1 1 0 0 1 1 0 1 1 1 0 1 1 1 1 0 0 1 0 0 0 0 1 1 1 0 1 0 0 0 1 1 1 1 1
 1 0 1 1 1 1 0 0 1 1 1 0 1 0 0 0 1 0 1 1 1 1 0 1 1 1]
At  8701/30000: COST 0.162/3.436(0.200) -- Acc 0.920/0.420(0.923)
[1 1 0 0 1 1 1 0 1 1 1 1 1 1 1 0 1 1 0 0 0 1 1 1 0 0 1 1 1 0 0 1 1 0 0 1 1
 0 1 1 0 0 1 1 1 1 1 0 1 1 1 0 1 0 0 0 1 1 1 1 1 1 1 0 1 1 1 0 1 1 1 1 1 1
 1 1 1 1 1 1 0 0 0 1 0 0 1 1 0 1 1 0 1 1 1 1 1 0 1 1]
At  8801/30000: COST 0.156/3.794(0.188) -- Acc 0.950/0.460(0.926)
[1 1 1 1 1 1 1 0 1 0 0 1 1 1 1 1 1 0 0 1 0 0 0 0 1 1 0 0 0 0 1 0 0 1 1 1 0
 1 1 1 1 1 1 1 0 0 1 1 1 0 1 1 1 0 0 0 1 0 0 1 1 0 1 1 1 1 1 1 1 1 1 1 1 1
 1 1 1 1 0 0 0 1 0 1 1 1 1 0 1 1 0 1 1 1 1 1 1 1 1 1]
At  8901/30000: COST 0.155/3.288(0.199) -- Acc 0.940/0.460(0.922)
[1 1 1 0 1 1 1 1 1 1 1 0 1 1 0 0 0 1 1 0 1 1 0 1 1 0 1 0 1 1 0 0 0 1 1 1 1
 1 1 1 0 0 1 0 0 0 0 1 1 1 1 0 1 1 1 0 1 0 1 0 1 0 1 1 1 0 1 1 1 1 1 1 1 1
 1 0 1 1 1 1 1 1 0 1 0 1 1 1 0 1 1 1 1 0 1 0 0 1 1 1]
At  9001/30000: COST 0.144/3.449(0.199) -- Acc 0.960/0.440(0.925)
[0 1 1 1 1 0 1 1 0 1 1 1 1 1 1 0 1 1 1 1 1 1 1 0 0 0 0 1 0 1 0 0 0 1 1 0 1
 1 0 1 1 0 0 1 1 1 0 1 1 1 1 1 0 0 1 1 1 1 0 0 1 1 0 1 1 0 1 0 1 1 1 1 1 0
 1 1 1 1 1 1 1 1 0 0 0 1 1 0 1 1 1 0 1 0 1 0 1 1 1 1]
At  9101/30000: COST 0.196/3.453(0.197) -- Acc 0.930/0.490(0.924)
[0 1 0 0 0 1 1 0 1 1 1 0 1 0 1 1 1 0 0 0 1 1 1 0 1 1 1 0 0 1 0 0 1 1 1 1 1
 1 1 1 1 0 1 1 1 1 0 1 1 1 1 1 1 0 1 0 0 0 1 1 0 1 1 1 0 1 1 0 0 1 0 0 1 0
 0 1 1 1 1 1 1 0 0 1 1 1 1 1 1 1 1 0 0 1 1 1 1 1 1 1]
At  9201/30000: COST 0.172/3.500(0.195) -- Acc 0.950/0.400(0.925)
[1 1 1 1 1 0 1 1 1 1 1 1 1 1 1 0 1 1 1 0 0 0 1 1 0 1 0 1 1 0 1 0 1 1 0 1 1
 1 0 1 1 1 1 1 0 0 1 0 1 1 1 1 0 1 0 1 0 1 1 0 1 1 1 0 0 0 0 1 0 0 1 1 1 1
 1 1 1 1 0 1 1 0 1 1 0 1 1 0 1 1 0 0 0 1 0 1 1 1 0 1]
At  9301/30000: COST 0.292/3.284(0.197) -- Acc 0.900/0.440(0.926)
[0 0 0 0 0 1 0 1 1 1 1 1 1 0 0 0 1 1 1 1 1 0 0 1 0 1 1 0 1 0 1 1 0 1 1 1 1
 1 0 1 1 1 0 1 1 1 0 1 1 1 0 1 1 1 1 1 1 1 1 1 1 1 0 0 1 1 1 1 0 1 1 0 1 1
 0 1 0 0 0 1 1 0 1 1 1 0 0 0 1 0 0 1 1 1 1 1 0 0 0 0]
At  9401/30000: COST 0.184/2.870(0.211) -- Acc 0.920/0.460(0.918)
[1 1 0 1 1 1 0 0 1 1 0 1 1 0 0 1 1 0 1 1 0 1 1 1 0 0 1 1 0 0 0 1 1 1 1 1 0
 1 0 0 1 1 1 0 1 1 1 1 1 0 1 1 0 1 1 1 0 0 1 1 0 1 1 1 1 1 1 1 0 0 1 1 1 0
 1 1 1 0 0 0 1 1 1 1 0 1 1 1 0 1 0 0 0 1 1 1 1 1 1 1]
At  9501/30000: COST 0.146/3.417(0.202) -- Acc 0.930/0.440(0.924)
[0 1 0 1 1 1 0 0 0 1 0 1 1 1 0 1 0 1 1 0 1 0 0 1 1 0 1 1 0 1 1 1 1 1 0 1 1
 1 1 1 1 1 1 0 1 0 1 1 0 0 1 1 1 1 1 1 1 0 1 1 0 0 1 0 0 1 0 0 0 1 1 0 1 1
 1 1 0 1 0 1 1 1 0 1 0 1 1 0 1 0 1 1 0 0 1 1 1 0 0 1]
At  9601/30000: COST 0.458/3.468(0.193) -- Acc 0.830/0.480(0.928)
[1 1 1 0 1 0 1 1 1 1 1 1 1 1 1 0 0 0 0 0 1 1 1 1 1 0 0 1 0 0 0 1 1 1 1 1 1
 0 0 1 1 1 1 1 0 0 0 1 1 1 0 1 1 0 0 0 1 0 1 1 1 0 1 1 0 0 1 1 1 1 1 1 1 1
 0 0 1 1 0 1 1 1 1 0 0 0 1 1 1 1 1 1 1 1 1 1 0 1 1 0]
At  9701/30000: COST 0.198/3.018(0.207) -- Acc 0.930/0.460(0.925)
[0 0 1 1 0 1 0 1 1 1 1 0 1 0 1 0 1 1 1 0 0 1 0 1 1 0 1 1 1 0 1 1 1 0 1 1 0
 0 0 1 1 1 0 1 1 0 1 1 0 1 0 1 1 1 0 0 1 1 0 1 1 1 1 0 0 1 1 1 1 1 1 1 0 1
 1 1 1 1 0 1 1 1 1 0 0 1 0 1 1 1 1 1 1 1 1 1 0 1 1 1]
At  9801/30000: COST 0.213/3.462(0.207) -- Acc 0.890/0.420(0.925)
[1 1 1 1 1 0 1 0 1 1 1 1 1 1 1 1 0 1 0 1 1 0 1 0 1 1 0 0 1 0 1 0 0 1 1 0 1
 1 1 1 1 1 1 0 1 1 0 1 1 0 1 0 0 0 0 0 1 0 1 0 0 0 1 1 1 1 1 0 0 0 1 1 0 0
 1 0 1 0 0 0 1 1 1 0 1 0 1 0 1 0 0 1 1 1 1 1 0 0 1 1]
At  9901/30000: COST 0.226/3.040(0.204) -- Acc 0.930/0.470(0.924)
[1 1 1 0 1 1 1 1 1 1 0 1 0 0 1 1 1 1 0 0 0 1 0 0 1 1 0 1 1 0 1 1 0 0 0 1 0
 0 0 1 1 1 1 1 1 0 1 1 1 1 0 1 1 0 1 1 0 0 1 1 1 1 0 1 0 0 1 1 1 0 1 0 1 0
 1 0 1 0 1 0 0 0 1 1 1 0 1 1 0 1 1 1 1 1 0 1 1 0 0 1]
At 10001/30000: COST 0.204/3.050(0.206) -- Acc 0.920/0.410(0.921)
[1 1 1 1 1 0 0 0 1 1 1 0 0 0 1 1 1 0 0 0 0 1 1 1 1 0 1 1 0 1 1 1 0 0 1 1 1
 0 0 1 1 0 1 0 1 1 1 0 1 1 1 1 0 0 1 0 1 1 1 0 0 0 0 1 0 1 1 1 1 0 1 0 1 1
 1 1 1 0 1 1 0 0 0 1 1 1 1 0 0 1 1 1 1 1 1 1 0 0 1 1]
At 10101/30000: COST 0.124/3.071(0.203) -- Acc 0.960/0.440(0.924)
[1 1 0 1 1 1 0 0 0 1 1 0 0 0 1 1 1 1 0 1 0 1 1 1 1 1 0 1 1 0 0 1 1 0 1 1 0
 0 1 1 1 0 1 1 1 1 0 1 0 1 1 0 1 1 1 0 0 1 1 1 1 1 1 0 1 1 0 0 1 0 0 1 1 0
 1 0 1 1 1 1 0 1 0 1 1 0 1 0 0 1 1 0 1 0 1 0 1 1 1 0]
At 10201/30000: COST 0.118/2.576(0.211) -- Acc 0.960/0.420(0.922)
[1 1 1 0 1 1 1 1 0 1 1 1 0 1 1 0 1 1 1 1 1 1 0 1 1 0 0 0 1 1 0 1 1 1 1 1 1
 0 0 1 1 1 1 1 1 0 1 1 1 0 1 0 0 1 1 0 1 0 1 0 1 1 1 1 0 1 1 0 0 1 1 0 1 1
 1 1 0 1 1 1 0 0 1 1 0 1 0 1 1 1 1 1 1 0 1 0 0 0 1 0]
At 10301/30000: COST 0.138/3.009(0.217) -- Acc 0.940/0.430(0.922)
[0 1 1 1 1 1 0 1 0 1 1 1 1 1 0 0 0 1 0 0 0 1 1 1 1 1 1 1 1 1 1 0 1 1 1 0 1
 0 0 1 0 1 1 1 0 1 1 1 0 1 1 1 1 0 0 0 1 1 0 0 1 0 0 0 1 1 0 1 1 0 1 1 1 0
 0 1 1 1 0 1 1 0 1 1 1 0 1 0 0 1 1 1 0 1 1 1 1 1 1 1]
At 10401/30000: COST 0.135/3.348(0.202) -- Acc 0.970/0.450(0.925)
[1 1 1 0 1 1 1 1 1 1 1 1 1 1 1 1 1 1 1 1 0 1 1 1 0 1 1 1 1 1 1 1 1 1 0 0 1
 0 1 1 0 1 1 1 0 0 1 1 0 1 1 1 0 0 0 0 0 0 0 0 1 1 0 1 1 1 1 1 0 0 0 0 1 0
 1 1 0 1 0 1 1 1 0 1 0 1 1 1 1 1 1 1 1 1 0 0 0 1 0 1]
At 10501/30000: COST 0.126/3.456(0.199) -- Acc 0.970/0.430(0.924)
[0 1 1 1 0 0 1 1 1 1 1 1 1 1 1 0 1 0 0 1 1 1 1 1 1 1 0 0 0 1 1 0 1 0 0 0 1
 1 0 1 0 1 1 0 1 0 1 0 1 1 1 1 1 1 1 1 1 1 0 0 1 0 0 1 0 1 0 0 1 1 0 1 0 1
 1 0 1 1 0 0 0 1 0 1 1 1 1 0 0 1 1 1 1 1 1 0 0 1 0 0]
At 10601/30000: COST 0.196/3.245(0.207) -- Acc 0.940/0.450(0.922)
[1 1 1 1 1 1 1 1 1 0 0 0 1 1 1 1 1 1 1 1 0 0 0 0 1 1 0 0 1 1 1 1 1 0 1 1 1
 1 1 1 1 1 0 0 0 1 1 0 1 0 1 1 1 1 1 0 1 0 1 1 0 1 1 0 1 0 1 0 1 1 0 1 1 1
 1 0 0 0 0 0 1 0 0 1 1 1 1 1 1 0 1 1 0 1 1 0 1 1 0 1]
At 10701/30000: COST 0.125/3.026(0.201) -- Acc 0.940/0.480(0.926)
[1 0 0 0 1 1 0 1 0 1 0 1 0 1 0 1 1 1 0 1 1 1 1 1 0 0 0 1 0 0 1 0 0 1 0 1 1
 1 1 1 1 0 1 0 1 1 0 1 1 1 1 1 1 1 0 0 0 0 1 1 1 1 0 1 0 1 1 1 1 1 1 1 0 0
 1 1 0 1 1 0 1 0 1 1 1 0 1 1 1 0 0 1 0 1 1 1 1 0 0 1]
At 10801/30000: COST 0.122/3.523(0.187) -- Acc 0.940/0.440(0.931)
[1 0 1 0 1 1 1 1 1 1 0 1 1 1 1 0 0 1 0 1 1 1 1 0 1 1 1 1 0 1 1 0 0 1 1 1 1
 1 1 0 0 0 0 1 1 0 0 1 1 0 0 1 1 1 1 1 0 0 0 1 1 0 1 0 1 1 0 1 1 1 1 1 0 1
 1 0 0 0 0 1 0 0 1 1 1 0 0 1 0 1 1 1 0 1 1 1 0 1 1 1]
At 10901/30000: COST 0.253/3.252(0.189) -- Acc 0.920/0.430(0.931)
[1 1 1 0 1 1 1 1 0 0 1 0 0 1 0 1 0 1 1 1 1 0 1 1 1 1 0 0 1 1 0 1 1 1 1 0 0
 1 1 1 1 0 0 1 1 0 0 1 0 1 0 1 0 0 1 1 1 1 0 1 1 1 0 0 1 1 1 1 0 1 0 1 1 1
 0 0 1 1 1 1 1 0 1 0 1 0 1 1 0 1 1 1 1 0 0 0 0 0 0 1]
At 11001/30000: COST 0.094/3.516(0.179) -- Acc 0.980/0.470(0.933)
[0 0 0 0 0 1 1 1 1 0 0 1 1 1 1 0 0 0 1 0 0 0 1 1 0 1 0 0 1 1 1 1 1 1 1 1 1
 1 1 1 1 0 1 0 0 1 1 0 1 0 1 1 1 0 1 1 1 1 1 0 0 0 1 1 0 0 1 0 0 1 1 1 1 1
 1 0 0 0 1 1 1 1 1 1 0 1 1 0 1 1 1 1 0 1 0 1 1 1 1 1]
At 11101/30000: COST 0.253/3.073(0.186) -- Acc 0.880/0.430(0.932)
[1 1 0 1 0 1 0 1 1 1 1 1 1 1 1 1 0 0 1 1 1 0 1 1 1 1 1 1 0 1 0 0 1 1 1 1 1
 1 1 1 0 1 0 1 1 1 1 1 1 0 1 0 0 1 1 0 0 1 1 0 0 0 1 1 0 0 1 0 1 0 1 1 1 1
 1 1 0 1 1 0 1 0 1 0 0 1 0 0 1 0 1 1 1 0 1 0 1 1 1 0]
At 11201/30000: COST 0.282/3.267(0.192) -- Acc 0.900/0.390(0.929)
[1 1 1 0 0 1 1 1 0 1 1 1 1 1 1 0 1 0 0 1 1 0 1 0 0 0 1 0 1 1 1 1 0 0 0 0 0
 0 1 1 1 0 1 1 1 1 1 0 1 1 1 1 1 1 1 0 1 1 1 1 1 0 1 1 0 1 1 1 0 1 0 1 1 1
 1 1 1 0 0 0 0 1 1 1 1 0 0 1 0 1 1 0 1 1 0 1 1 1 1 1]
At 11301/30000: COST 0.200/3.026(0.193) -- Acc 0.890/0.460(0.930)
[1 0 0 0 1 1 1 0 1 0 1 1 1 1 1 0 1 1 0 0 0 0 1 1 1 1 0 1 1 1 1 1 0 0 1 1 0
 0 1 0 0 1 1 1 1 1 1 0 1 1 0 0 1 0 1 1 1 0 1 1 0 0 1 1 0 0 1 0 1 0 0 1 0 1
 1 0 1 0 0 1 1 0 1 1 1 0 0 1 0 1 1 1 1 0 1 1 1 0 0 1]
At 11401/30000: COST 0.177/3.035(0.185) -- Acc 0.950/0.490(0.932)
[0 1 0 1 1 1 0 1 1 0 0 0 0 1 1 1 0 1 1 1 1 1 1 1 1 1 1 1 0 0 1 0 1 0 1 1 1
 1 1 1 1 0 1 0 1 0 1 1 0 0 0 0 0 1 1 1 1 1 0 0 1 0 1 1 1 1 1 1 1 1 0 1 1 0
 0 1 1 1 1 1 1 0 1 0 1 1 1 1 1 0 1 1 1 1 0 1 1 1 1 1]
At 11501/30000: COST 0.184/3.521(0.180) -- Acc 0.930/0.430(0.934)
[0 0 1 1 0 1 0 0 1 1 1 1 0 1 1 0 1 1 1 1 1 0 1 0 1 1 1 0 1 0 1 0 1 1 1 0 1
 1 0 1 1 1 1 1 1 1 0 1 1 0 1 0 1 1 1 1 1 1 0 1 1 0 1 1 0 1 1 0 1 1 1 1 1 0
 1 1 0 1 1 0 1 1 1 1 0 0 1 1 0 1 1 1 0 1 1 1 0 1 1 0]
At 11601/30000: COST 0.252/3.446(0.174) -- Acc 0.910/0.490(0.935)
[0 1 1 1 0 1 1 1 1 0 0 1 0 1 0 1 1 1 1 1 1 1 1 1 1 1 1 1 0 1 1 1 1 1 0 0 1
 1 1 1 1 0 1 0 0 0 0 1 1 0 1 1 1 1 0 1 0 1 1 1 0 1 1 1 1 0 1 1 1 1 1 1 1 0
 1 0 0 1 0 1 1 0 1 1 0 1 0 1 1 0 1 1 1 0 1 0 0 1 0 1]
At 11701/30000: COST 0.186/2.977(0.184) -- Acc 0.920/0.500(0.933)
[1 1 0 1 0 1 0 1 1 1 1 1 1 1 0 1 0 1 1 1 0 0 1 1 1 1 1 1 1 0 1 0 0 1 1 0 0
 0 1 0 0 0 0 1 1 1 1 1 1 0 1 1 0 1 1 1 0 1 1 1 0 1 1 1 1 1 1 1 1 0 0 1 1 1
 0 0 1 0 0 0 1 0 1 1 1 1 1 1 0 1 1 0 1 1 1 1 1 0 1 1]
At 11801/30000: COST 0.154/3.539(0.176) -- Acc 0.960/0.470(0.935)
[1 1 1 1 1 1 0 1 1 1 0 1 1 1 1 1 0 1 0 1 1 1 0 1 1 0 1 1 1 0 1 1 1 1 1 1 1
 0 0 1 1 1 0 1 0 1 0 1 1 1 1 1 1 1 1 0 0 0 0 1 1 0 0 1 1 1 0 0 1 1 0 0 1 1
 1 0 1 1 1 0 0 1 1 1 1 1 1 0 1 0 1 0 0 1 1 1 1 1 1 0]
At 11901/30000: COST 0.217/3.349(0.179) -- Acc 0.900/0.450(0.935)
[0 1 0 1 1 1 0 0 1 0 1 1 1 1 1 1 0 1 0 1 0 1 1 1 1 1 0 1 1 1 1 1 0 1 1 1 1
 1 1 0 0 1 1 1 1 1 1 0 0 0 1 1 1 1 1 0 1 0 0 0 0 0 0 0 1 1 1 1 1 1 0 0 1 0
 1 1 1 1 1 1 1 1 0 1 1 1 1 1 0 1 1 1 0 1 1 1 1 1 1 1]
At 12001/30000: COST 0.164/3.543(0.172) -- Acc 0.940/0.480(0.938)
[1 1 1 1 1 1 1 1 1 0 1 1 1 1 0 1 1 1 1 1 1 1 0 1 1 0 1 1 1 1 1 0 1 1 0 0 1
 1 1 0 0 0 1 1 0 1 0 1 1 0 1 1 1 0 0 1 0 1 0 1 1 1 1 1 1 0 1 1 0 1 1 1 0 1
 0 1 1 1 0 0 1 0 1 1 0 0 1 0 0 0 0 0 0 1 1 1 1 1 0 1]
At 12101/30000: COST 0.190/3.353(0.174) -- Acc 0.930/0.480(0.937)
[1 0 1 1 0 0 0 1 1 1 0 1 0 1 0 1 1 0 0 0 1 0 1 0 0 1 1 1 0 0 1 0 0 1 0 1 1
 1 1 1 1 1 1 1 1 1 1 1 1 1 1 1 1 1 0 1 1 1 1 1 1 1 0 1 0 0 1 0 1 1 1 1 0 0
 0 1 0 1 1 0 1 1 1 1 1 1 1 1 0 1 0 1 1 0 0 1 1 1 1 1]
At 12201/30000: COST 0.382/3.372(0.184) -- Acc 0.860/0.430(0.934)
[0 0 1 0 1 1 1 1 0 1 1 0 1 1 1 1 0 1 1 1 0 0 0 1 1 1 1 0 1 0 1 1 1 1 1 1 1
 1 0 0 1 0 1 0 1 1 1 1 1 0 0 1 1 1 0 1 1 0 0 0 0 0 1 1 1 1 1 1 0 1 1 1 1 1
 1 0 1 1 1 1 1 0 1 1 1 0 1 0 0 1 1 1 1 1 1 1 0 1 1 1]
At 12301/30000: COST 0.204/3.511(0.180) -- Acc 0.920/0.430(0.935)
[1 0 1 0 1 1 1 1 0 0 0 0 1 0 0 1 1 1 1 1 1 1 0 1 1 1 1 1 0 1 1 1 1 1 1 0 0
 1 0 0 0 1 1 1 0 0 1 1 0 1 1 0 1 1 0 0 0 1 1 1 1 0 1 1 0 1 0 1 1 1 1 0 1 1
 1 1 1 0 0 1 1 0 1 1 1 0 1 0 1 1 1 1 1 1 0 1 1 0 1 1]
At 12401/30000: COST 0.201/2.994(0.183) -- Acc 0.910/0.500(0.932)
[1 1 1 1 1 1 1 1 1 1 0 1 1 1 1 1 1 0 0 1 1 1 1 1 0 0 0 1 0 0 1 0 1 0 1 1 1
 1 0 1 1 1 1 1 1 1 1 1 1 1 1 1 1 1 0 1 1 1 1 1 0 1 1 1 0 1 1 1 1 1 1 1 0 1
 1 1 0 1 1 1 1 0 1 0 1 1 1 1 0 1 1 1 0 1 1 0 1 1 1 0]
At 12501/30000: COST 0.193/3.416(0.177) -- Acc 0.910/0.510(0.933)
[0 0 0 0 0 1 1 1 1 1 0 0 1 1 1 1 1 1 1 1 1 1 1 0 1 1 1 1 1 1 1 1 1 1 0 1 1
 0 0 0 1 1 1 0 1 1 1 1 1 1 0 0 1 0 1 1 1 1 0 1 1 1 1 1 1 1 0 1 0 1 1 1 1 1
 1 1 0 0 1 1 1 1 1 1 1 1 0 1 1 0 1 1 0 1 1 1 1 0 1 1]
At 12601/30000: COST 0.205/3.329(0.171) -- Acc 0.940/0.500(0.937)
[1 1 1 1 1 0 1 0 1 1 1 0 1 1 0 0 1 0 0 0 1 1 0 0 1 1 0 1 1 1 1 1 1 0 1 0 1
 1 1 0 0 0 0 1 1 1 0 1 1 1 1 0 1 0 1 1 0 1 0 1 1 0 1 0 1 1 1 1 1 1 1 0 0 1
 1 1 1 1 0 1 0 0 1 1 1 1 0 0 1 0 1 0 1 1 1 1 1 1 1 1]
At 12701/30000: COST 0.189/3.458(0.170) -- Acc 0.930/0.440(0.937)
[0 1 1 1 1 0 1 0 1 1 1 1 1 1 1 1 1 0 1 1 1 1 1 1 1 1 0 1 0 0 1 1 1 1 1 0 1
 1 0 1 1 1 1 0 0 1 1 0 1 1 1 0 0 1 1 0 0 1 1 0 1 1 1 0 1 1 1 0 1 1 1 0 1 0
 0 1 1 0 1 0 0 0 1 1 0 0 1 0 1 1 1 1 0 1 1 1 0 1 1 0]
At 12801/30000: COST 0.147/3.660(0.157) -- Acc 0.930/0.470(0.943)
[1 1 0 1 1 0 1 1 1 0 0 1 1 0 1 1 0 1 1 0 1 0 1 1 1 0 0 1 1 1 0 1 1 1 0 1 1
 1 1 1 1 1 1 1 1 1 1 1 1 0 1 0 0 0 1 1 1 0 1 0 0 1 0 1 0 0 1 0 1 1 1 0 0 1
 0 0 1 1 1 1 1 0 1 1 1 1 1 1 1 0 1 1 1 1 1 1 1 0 1 1]
At 12901/30000: COST 0.089/3.840(0.156) -- Acc 0.980/0.450(0.943)
[1 1 0 1 0 0 1 1 0 1 1 1 1 0 0 1 0 0 1 1 1 1 1 1 0 0 1 1 1 0 1 1 1 1 0 1 1
 1 1 0 1 1 1 1 0 0 1 1 0 1 1 0 0 1 1 1 0 1 0 1 1 1 0 1 1 1 0 1 1 0 0 1 0 1
 0 1 1 1 1 0 1 1 0 0 0 0 1 1 1 1 1 0 1 1 0 1 1 1 1 1]
At 13001/30000: COST 0.326/3.316(0.176) -- Acc 0.910/0.420(0.939)
[1 0 1 0 0 1 1 0 1 1 1 1 0 0 1 0 0 1 1 1 1 0 1 0 1 1 1 1 1 1 1 0 1 0 1 1 1
 1 0 1 0 1 1 1 0 1 1 1 0 1 1 1 0 1 1 1 1 1 1 1 0 1 1 1 0 1 1 1 0 1 1 1 1 1
 1 0 1 0 0 1 1 1 0 1 1 1 0 0 1 0 1 1 0 0 1 1 1 1 1 1]
At 13101/30000: COST 0.206/3.216(0.172) -- Acc 0.930/0.440(0.938)
[1 1 0 1 1 1 1 1 1 1 1 0 1 1 1 1 1 1 1 1 0 0 0 1 1 1 0 0 1 1 0 1 1 1 0 1 1
 1 0 1 1 0 0 1 1 1 0 0 1 0 1 0 0 1 1 1 1 1 1 0 0 1 1 1 1 1 1 1 0 1 1 1 0 1
 0 1 1 0 1 1 0 0 0 0 1 1 0 1 1 1 1 0 0 1 1 1 1 1 1 1]
At 13201/30000: COST 0.224/3.145(0.168) -- Acc 0.940/0.470(0.940)
[0 0 1 0 1 0 1 1 1 1 0 1 0 1 1 0 1 0 1 0 1 1 1 1 1 1 1 1 0 0 0 0 0 0 1 0 1
 1 1 1 1 1 0 1 1 1 1 1 1 0 1 1 1 0 1 1 1 1 1 0 0 1 0 1 1 1 0 0 1 1 0 0 1 1
 1 1 0 0 1 1 1 1 1 1 1 0 1 1 1 1 1 1 1 0 1 1 0 0 1 0]
At 13301/30000: COST 0.206/3.870(0.155) -- Acc 0.930/0.420(0.944)
[0 1 0 1 1 0 0 1 1 0 0 1 0 0 1 1 0 0 0 0 0 1 1 1 1 1 1 0 1 0 1 1 1 0 0 1 1
 1 0 1 0 0 1 0 1 0 0 1 1 1 1 1 1 1 1 1 1 1 0 1 1 1 0 0 1 1 1 1 1 1 1 1 1 0
 1 0 1 1 1 1 1 0 1 0 0 1 1 0 0 1 0 1 1 0 1 1 0 1 1 1]
At 13401/30000: COST 0.186/3.035(0.177) -- Acc 0.950/0.430(0.938)
[1 0 1 1 0 0 1 0 1 0 1 0 1 0 0 0 1 1 1 0 1 1 0 0 0 0 1 1 1 0 1 1 0 1 0 1 1
 1 1 1 0 0 1 1 1 0 0 1 1 1 0 1 1 1 1 1 1 0 0 1 1 1 1 0 0 1 1 1 0 0 0 0 1 0
 1 1 1 1 1 0 1 0 0 1 0 1 1 0 1 1 0 1 0 1 1 1 1 1 1 1]
At 13501/30000: COST 0.131/3.535(0.177) -- Acc 0.950/0.430(0.937)
[0 0 0 1 0 0 1 0 1 1 1 1 1 1 0 1 0 1 1 0 0 0 1 1 1 1 1 0 1 1 1 1 1 1 1 0 1
 0 1 1 1 0 0 1 1 1 1 0 0 1 1 1 0 0 1 0 1 1 0 1 1 1 0 0 1 1 0 0 1 1 0 1 1 1
 1 1 0 1 0 1 1 1 0 0 1 1 1 1 1 1 1 0 0 1 1 1 1 1 0 0]
At 13601/30000: COST 0.107/3.846(0.165) -- Acc 0.960/0.440(0.940)
[1 1 1 1 1 0 0 0 1 1 1 1 0 1 0 1 0 1 1 1 0 0 0 0 1 0 0 1 1 0 0 0 1 0 1 0 1
 1 0 0 1 1 0 1 1 1 0 1 0 0 0 1 1 1 1 0 1 0 0 0 0 1 0 0 1 1 1 0 0 1 1 0 0 1
 1 1 0 1 0 0 1 1 0 0 1 1 1 1 1 1 1 1 1 1 1 1 1 1 1 1]
At 13701/30000: COST 0.145/3.296(0.168) -- Acc 0.950/0.470(0.937)
[1 0 1 0 1 0 1 0 1 0 1 1 1 1 1 0 1 0 1 1 0 1 1 1 1 0 1 1 1 1 0 0 1 1 1 0 0
 1 0 1 0 1 0 1 1 1 1 0 1 1 1 1 0 0 1 0 0 0 0 0 1 0 0 1 1 1 1 1 1 1 0 0 0 0
 0 1 1 0 1 1 1 1 1 1 1 1 1 0 1 0 1 1 1 1 1 0 1 0 0 1]
At 13801/30000: COST 0.181/3.306(0.163) -- Acc 0.930/0.520(0.941)
[1 0 0 1 1 0 1 1 1 0 1 1 1 1 1 0 0 1 1 1 1 1 0 1 1 1 1 1 1 1 1 0 1 1 1 1 1
 0 1 0 0 0 1 1 1 1 1 0 1 1 1 1 1 0 1 1 0 0 1 0 1 1 1 0 1 0 1 1 1 1 1 1 1 1
 0 1 1 1 1 1 0 0 0 0 1 1 0 1 1 1 0 0 1 0 1 1 0 1 1 1]
At 13901/30000: COST 0.148/3.742(0.158) -- Acc 0.930/0.460(0.942)
[1 1 1 1 1 0 1 1 0 0 1 1 1 0 1 1 1 1 1 0 1 1 1 0 1 0 0 1 1 1 1 0 1 1 0 1 1
 1 1 1 1 1 1 1 1 0 1 1 1 0 1 1 1 1 1 1 0 1 1 0 1 1 1 1 1 0 1 0 1 1 1 0 0 1
 1 1 1 1 1 0 1 0 1 1 1 0 1 1 1 0 1 0 1 1 0 0 1 1 1 1]
At 14001/30000: COST 0.134/3.660(0.163) -- Acc 0.960/0.440(0.942)
[1 1 1 1 1 1 1 0 1 0 0 1 0 1 1 1 1 1 0 0 1 1 1 1 1 0 1 1 1 1 1 1 1 0 0 1 1
 1 0 1 1 1 1 0 1 1 1 0 1 1 0 1 0 1 1 0 1 1 1 1 1 1 1 0 0 1 0 0 1 1 0 1 0 0
 1 0 0 0 0 1 0 1 1 1 0 0 1 0 1 0 0 0 1 1 0 1 1 1 1 0]
At 14101/30000: COST 0.146/3.675(0.167) -- Acc 0.930/0.440(0.940)
[0 0 1 0 1 0 1 1 1 1 1 1 1 0 1 1 1 1 1 0 1 0 1 1 1 1 1 1 1 0 0 1 0 0 1 1 1
 1 1 1 0 1 0 1 1 1 1 1 1 0 1 1 1 0 1 0 0 0 1 0 0 0 1 1 1 1 1 0 1 1 0 0 1 0
 1 1 1 1 1 1 1 1 1 1 1 1 1 0 0 1 0 1 1 1 1 0 1 1 0 1]
At 14201/30000: COST 0.215/4.307(0.157) -- Acc 0.950/0.430(0.944)
[1 1 1 1 1 1 1 1 1 1 1 1 1 1 1 1 1 1 1 0 0 0 1 1 1 1 1 1 1 1 1 1 0 0 1 1 1
 1 1 1 1 1 1 1 1 1 1 0 0 1 0 1 0 0 1 1 0 1 1 1 1 1 1 1 0 1 0 0 1 1 0 1 1 0
 0 1 0 0 1 1 1 1 0 0 1 0 0 1 1 1 1 0 0 1 1 0 1 0 0 1]
At 14301/30000: COST 0.142/3.734(0.159) -- Acc 0.940/0.470(0.943)
[1 1 0 1 1 1 1 1 1 0 1 1 1 1 0 0 1 0 1 0 0 1 1 1 0 0 1 0 0 1 0 1 1 1 1 1 0
 1 1 1 1 1 0 1 0 0 1 1 1 1 1 1 1 0 0 1 1 1 1 1 0 1 0 0 1 1 1 1 0 1 1 1 0 0
 1 1 1 1 1 0 0 1 1 0 1 1 0 1 1 1 1 1 1 1 1 0 1 0 1 1]
At 14401/30000: COST 0.145/2.788(0.186) -- Acc 0.970/0.450(0.939)
[0 1 0 1 0 1 0 1 1 0 1 0 0 0 1 1 0 1 1 1 1 1 0 0 1 0 1 1 1 1 1 1 1 1 1 1 0
 0 0 1 1 1 0 1 0 1 1 1 0 1 1 0 0 0 1 0 0 1 0 1 1 1 0 1 0 0 1 1 1 1 1 1 0 1
 0 1 1 1 1 0 1 1 1 0 1 0 1 1 1 0 1 0 0 0 1 0 0 1 1 1]
At 14501/30000: COST 0.203/3.315(0.165) -- Acc 0.930/0.510(0.942)
[1 1 1 1 1 0 1 1 1 1 1 1 1 0 1 1 1 1 1 1 1 1 1 1 1 1 1 0 1 1 1 1 0 0 0 1 0
 1 0 1 0 1 1 1 1 1 1 1 0 1 0 0 1 1 1 1 0 0 1 1 0 0 1 1 0 1 1 0 1 1 1 0 1 0
 0 1 0 1 0 0 1 1 0 1 0 1 1 1 0 0 1 1 1 0 0 1 0 0 1 1]
At 14601/30000: COST 0.070/3.711(0.147) -- Acc 0.980/0.470(0.949)
[0 0 1 1 1 1 1 1 1 1 0 0 1 1 1 0 1 1 1 0 1 1 1 1 1 0 0 1 1 1 1 0 0 1 1 1 1
 1 1 0 1 1 1 1 0 1 1 1 1 1 0 0 0 1 0 1 1 0 1 1 1 1 1 1 0 0 0 1 0 0 1 0 1 1
 1 0 1 1 1 1 1 1 0 1 1 1 1 1 1 1 1 1 0 0 0 1 0 1 1 1]
At 14701/30000: COST 0.195/3.256(0.167) -- Acc 0.940/0.480(0.943)
[0 1 1 1 1 1 1 1 1 1 1 1 1 0 1 1 0 1 0 1 1 1 1 1 1 1 0 1 0 0 1 1 1 1 0 1 0
 1 0 0 1 1 1 1 1 1 1 1 1 1 1 1 1 0 1 1 0 0 1 0 0 1 1 1 1 0 0 0 1 0 1 0 1 1
 1 0 0 0 0 1 1 1 1 1 1 1 1 1 1 1 0 1 0 1 1 0 1 1 1 0]
At 14801/30000: COST 0.165/3.292(0.158) -- Acc 0.940/0.480(0.946)
[1 1 0 1 1 1 1 1 0 1 0 1 1 1 0 0 1 1 0 0 0 1 1 1 1 1 1 0 1 0 0 1 1 0 1 0 1
 0 1 1 0 1 1 1 1 1 1 0 0 1 0 0 0 0 1 1 1 1 0 0 1 1 0 1 1 0 1 0 1 1 0 0 0 1
 1 1 0 0 1 1 1 1 1 1 1 1 1 1 1 0 0 0 1 1 1 1 0 1 0 1]
At 14901/30000: COST 0.123/3.911(0.152) -- Acc 0.960/0.430(0.945)
[1 0 0 1 0 1 1 1 0 0 1 1 1 0 0 1 0 1 0 0 1 0 1 1 1 1 0 0 1 1 1 1 1 1 1 0 1
 0 1 0 1 0 0 0 1 1 1 0 1 1 0 0 1 1 1 0 1 1 1 1 1 0 1 1 0 1 0 1 1 0 1 1 1 1
 0 1 1 1 1 0 1 0 1 1 1 1 1 1 1 1 0 1 1 0 0 1 1 0 1 0]
At 15001/30000: COST 0.108/3.039(0.157) -- Acc 0.960/0.460(0.944)
[1 1 0 1 0 0 1 1 0 0 0 1 1 0 0 0 0 1 0 1 0 1 1 1 1 0 1 1 1 1 1 0 1 0 0 0 1
 1 1 1 1 0 1 1 1 1 1 0 0 1 0 0 1 0 0 0 1 1 0 0 1 1 0 1 0 0 1 1 1 1 1 1 1 1
 1 0 1 1 1 0 1 1 0 1 1 1 1 1 1 1 1 1 1 0 0 0 1 1 1 1]
At 15101/30000: COST 0.142/3.777(0.147) -- Acc 0.970/0.410(0.948)
[0 1 1 0 1 1 0 1 1 0 1 1 1 1 0 1 0 1 0 1 0 0 0 1 0 1 0 1 1 0 1 1 0 1 0 1 1
 1 1 1 1 1 0 0 1 0 1 1 1 0 1 1 1 1 1 0 1 0 1 0 1 1 1 1 1 1 1 1 0 0 0 1 1 0
 1 1 1 1 0 0 1 1 1 1 0 0 0 1 1 0 1 1 0 1 1 1 0 1 1 0]
At 15201/30000: COST 0.144/3.766(0.150) -- Acc 0.950/0.440(0.946)
[1 1 0 1 0 1 1 0 1 1 0 1 0 1 0 0 0 1 1 1 0 0 0 1 0 1 1 1 0 0 0 0 0 1 1 0 0
 0 1 1 1 1 1 0 1 1 0 0 1 0 1 0 0 1 1 0 0 0 1 1 1 0 0 1 1 1 1 1 1 0 1 1 1 1
 0 0 1 1 1 0 0 1 1 1 0 0 0 1 0 1 1 1 1 1 1 1 0 1 1 0]
At 15301/30000: COST 0.232/2.859(0.177) -- Acc 0.890/0.450(0.938)
[0 1 1 1 1 0 1 0 1 0 0 1 0 1 1 1 1 1 0 1 1 1 1 1 1 1 1 0 1 1 1 0 0 0 0 1 0
 0 1 0 1 1 1 1 1 0 1 0 1 0 0 1 1 0 0 1 1 0 0 1 1 1 1 0 1 1 1 0 0 1 1 1 1 0
 0 0 1 1 0 1 1 0 1 1 0 1 0 1 1 1 0 1 1 1 1 1 1 0 1 0]
At 15401/30000: COST 0.162/3.339(0.176) -- Acc 0.940/0.390(0.939)
[1 1 0 0 0 0 0 1 1 1 1 1 1 0 1 1 1 1 0 1 1 0 0 0 0 1 1 1 1 0 0 0 1 1 0 0 0
 1 0 1 1 1 0 0 1 0 0 0 1 1 1 1 0 1 1 1 1 1 0 1 1 1 1 0 1 0 0 0 0 0 1 1 1 1
 1 1 1 0 0 1 1 1 0 0 1 1 1 1 1 1 1 1 0 1 1 0 1 0 1 1]
At 15501/30000: COST 0.091/3.233(0.155) -- Acc 0.970/0.470(0.946)
[1 1 1 1 0 0 1 1 1 0 0 0 1 1 0 0 0 1 1 1 0 1 0 0 1 1 0 1 1 1 1 1 1 1 1 0 1
 1 0 0 1 1 0 0 1 0 1 1 0 0 1 1 0 1 0 0 1 1 0 1 1 1 1 1 1 0 1 0 1 0 0 1 1 1
 1 1 1 1 0 1 1 1 0 0 1 1 1 1 1 0 1 1 1 1 0 0 0 1 1 1]
At 15601/30000: COST 0.099/3.200(0.161) -- Acc 0.970/0.460(0.943)
[1 1 1 1 1 1 0 0 0 1 1 0 0 1 1 0 0 0 1 0 1 1 0 0 1 0 0 0 0 1 1 1 1 1 1 1 0
 1 0 0 0 0 1 1 0 0 1 0 0 1 0 1 1 0 1 1 1 1 1 1 1 1 0 0 0 1 1 0 1 1 1 1 1 1
 1 1 1 1 1 1 1 1 1 1 0 1 0 1 1 1 1 0 0 1 0 1 1 0 1 1]
At 15701/30000: COST 0.115/2.622(0.166) -- Acc 0.960/0.490(0.943)
[1 1 0 0 1 1 0 0 0 1 0 1 0 0 1 0 1 0 0 0 1 0 0 1 0 0 0 1 0 0 1 0 0 1 1 0 0
 1 0 1 1 1 1 1 1 1 0 0 0 0 1 1 0 1 1 0 0 0 1 0 1 1 0 1 1 1 1 1 1 1 1 1 0 1
 1 1 1 1 0 1 1 1 1 1 1 1 1 1 0 1 0 1 1 0 0 1 0 1 1 1]
At 15801/30000: COST 0.195/3.105(0.167) -- Acc 0.920/0.440(0.940)
[0 0 1 1 1 1 1 0 0 1 0 1 0 1 0 1 1 0 0 0 1 1 0 1 1 0 0 1 0 1 1 1 0 1 0 1 1
 1 0 1 1 1 0 1 1 1 1 0 1 0 0 1 1 1 0 1 0 1 0 1 1 1 1 0 0 0 1 0 1 0 0 1 1 1
 1 0 1 0 1 0 1 1 0 1 0 1 0 1 0 1 1 1 0 0 1 1 1 1 0 1]
At 15901/30000: COST 0.253/3.622(0.149) -- Acc 0.910/0.470(0.945)
[1 0 0 0 0 0 1 1 1 1 1 1 0 1 1 1 1 1 1 0 1 0 0 1 1 1 1 1 1 0 0 1 1 1 0 0 1
 0 0 0 0 0 1 1 1 0 0 1 1 0 1 0 1 1 1 0 0 1 0 1 1 1 1 1 1 1 1 1 1 1 1 1 0 0
 0 1 0 0 1 0 1 1 0 1 0 0 1 0 1 1 1 0 1 1 1 0 1 1 0 1]
At 16001/30000: COST 0.149/3.509(0.150) -- Acc 0.960/0.430(0.946)
[1 1 0 0 1 1 0 1 0 0 0 1 1 1 1 0 1 1 0 1 1 0 1 1 1 1 1 1 0 0 1 0 1 1 0 0 1
 0 1 1 1 0 0 1 1 0 0 1 0 1 0 1 1 1 1 1 1 0 1 0 0 1 0 1 1 1 1 1 1 1 0 1 1 0
 0 1 1 1 0 0 1 0 0 1 0 1 1 1 1 1 0 0 0 0 1 1 0 1 1 0]
At 16101/30000: COST 0.176/3.226(0.158) -- Acc 0.910/0.440(0.946)
[0 1 0 1 0 1 1 0 1 1 0 1 0 0 0 1 1 1 1 1 0 1 1 1 1 0 0 1 0 1 1 1 0 1 1 1 1
 0 0 0 0 0 1 1 1 1 1 1 1 1 1 0 1 0 1 0 1 1 0 0 1 0 1 0 1 0 1 0 0 1 0 1 1 1
 0 0 0 0 0 1 1 0 1 1 0 0 1 0 1 1 1 0 0 0 0 1 0 1 0 0]
At 16201/30000: COST 0.143/3.754(0.150) -- Acc 0.960/0.420(0.947)
[0 1 1 1 1 1 1 1 1 1 1 1 1 0 1 1 1 1 0 1 1 1 1 0 0 0 0 0 1 1 0 0 1 1 0 1 1
 0 1 0 0 0 1 1 1 0 1 0 0 1 0 1 1 1 0 1 0 1 1 1 0 1 0 0 0 0 0 0 1 0 0 1 0 0
 1 0 1 0 0 0 1 0 0 0 0 0 1 0 0 1 0 1 1 0 0 1 1 0 0 1]
At 16301/30000: COST 0.248/3.392(0.156) -- Acc 0.940/0.450(0.945)
[0 0 0 0 0 0 1 1 1 0 1 1 1 1 0 0 1 1 1 0 1 0 0 0 0 1 1 0 0 1 1 1 1 1 0 1 1
 1 1 1 1 1 1 1 0 1 0 1 0 1 0 1 0 1 1 1 1 0 1 0 1 1 0 0 1 1 0 1 0 0 0 1 1 0
 0 0 1 1 1 1 1 0 1 1 1 0 0 1 1 1 1 1 1 0 1 1 1 1 1 1]
At 16401/30000: COST 0.211/3.625(0.153) -- Acc 0.920/0.440(0.946)
[1 1 1 1 1 1 1 1 1 0 1 0 1 0 1 0 0 0 1 0 0 0 1 0 1 0 0 0 1 1 0 1 0 0 0 1 0
 0 0 1 1 0 0 0 0 0 1 1 0 0 1 0 1 0 1 1 1 1 1 1 0 0 0 1 1 0 1 1 1 1 1 1 0 1
 0 0 1 1 1 1 0 1 0 1 1 1 1 0 1 0 0 1 0 0 0 1 1 1 0 1]
At 16501/30000: COST 0.154/3.808(0.139) -- Acc 0.960/0.460(0.950)
[0 1 1 0 1 0 0 0 1 1 0 1 1 1 1 1 0 0 1 1 1 0 0 1 1 0 1 1 0 1 1 1 1 0 1 0 1
 1 1 1 1 1 0 1 1 1 1 1 1 1 0 0 1 0 0 0 1 1 1 0 0 1 1 0 1 1 1 1 0 0 1 1 0 0
 0 0 1 1 1 1 0 1 0 1 0 0 1 0 1 1 0 1 1 1 0 1 1 0 0 0]
At 16601/30000: COST 0.151/4.116(0.131) -- Acc 0.950/0.420(0.953)
[0 1 0 1 1 1 1 0 1 0 1 0 1 1 1 0 0 1 0 1 0 1 1 0 0 1 1 1 1 1 1 1 1 0 1 1 0
 1 1 1 1 1 1 0 1 1 1 0 1 1 0 1 1 1 1 0 0 1 0 1 1 0 0 0 0 0 0 1 0 0 0 1 1 1
 1 0 1 1 1 1 0 1 1 1 1 1 1 1 0 0 0 0 0 0 1 0 0 1 1 1]
At 16701/30000: COST 0.130/3.738(0.143) -- Acc 0.960/0.430(0.951)
[1 0 1 0 1 1 1 1 1 1 1 0 1 1 1 1 0 0 1 1 1 0 1 1 0 1 0 1 1 0 0 0 1 1 1 1 0
 0 1 1 0 1 1 1 0 1 1 0 1 0 1 0 0 1 1 1 1 1 1 1 1 1 1 1 0 0 1 1 1 0 1 0 1 1
 1 0 1 1 0 1 0 1 0 0 1 1 1 1 0 1 1 1 1 0 0 1 1 1 1 0]
At 16801/30000: COST 0.154/3.736(0.152) -- Acc 0.930/0.390(0.948)
[1 1 1 0 0 1 1 1 0 0 1 0 0 1 0 1 1 1 1 1 1 0 1 1 1 0 0 1 1 1 0 1 0 1 1 1 1
 1 1 1 1 1 1 0 0 1 1 1 1 1 1 0 0 1 0 0 1 0 1 0 1 1 1 0 1 0 0 1 1 0 1 0 1 0
 1 1 0 0 1 0 1 1 0 1 1 1 1 1 1 0 1 1 1 1 0 1 1 0 0 1]
At 16901/30000: COST 0.152/4.007(0.141) -- Acc 0.940/0.410(0.952)
[0 1 1 1 0 1 0 0 1 1 1 1 1 1 0 1 1 1 1 1 0 1 1 1 1 1 1 1 0 0 0 1 1 0 1 0 1
 1 1 1 0 0 1 0 0 1 1 0 1 1 1 1 1 1 1 1 1 1 1 1 1 1 1 0 0 1 1 1 0 1 0 1 0 1
 0 1 0 1 0 0 1 1 1 1 1 1 0 0 0 1 1 0 0 0 1 1 1 1 1 1]
At 17001/30000: COST 0.179/3.149(0.171) -- Acc 0.960/0.400(0.943)
[0 1 1 1 1 1 1 1 0 1 1 0 0 1 0 1 1 0 1 0 0 0 1 0 1 0 1 1 1 0 1 1 1 1 0 1 1
 1 1 1 1 0 0 1 0 1 1 1 1 1 0 1 0 0 1 1 1 1 1 1 1 0 1 0 1 1 0 0 0 1 1 1 1 1
 1 1 0 0 1 1 1 0 0 1 1 1 1 0 1 1 1 1 1 0 1 0 1 1 0 1]
At 17101/30000: COST 0.124/3.305(0.167) -- Acc 0.960/0.430(0.943)
[1 1 0 0 1 0 0 1 1 1 0 1 1 1 0 0 1 1 1 0 0 1 0 1 1 1 1 1 0 1 1 0 0 1 1 1 1
 1 1 0 1 0 0 1 1 0 0 1 1 0 0 0 1 1 0 1 1 1 1 1 1 1 1 1 1 0 1 1 1 0 0 1 1 1
 1 1 1 1 1 0 1 0 1 1 1 0 1 1 1 0 1 0 0 0 1 1 1 0 1 1]
At 17201/30000: COST 0.194/3.087(0.167) -- Acc 0.940/0.440(0.943)
[1 0 1 1 0 1 0 1 0 1 0 0 0 0 0 1 0 0 0 1 0 0 1 0 0 1 1 0 1 1 1 1 1 0 1 1 1
 1 1 1 1 1 1 1 1 1 0 1 1 0 1 0 1 1 0 0 1 1 1 0 1 1 1 0 1 1 0 0 1 1 1 0 1 1
 1 1 1 0 0 1 1 0 0 1 1 0 1 0 0 1 1 0 1 0 1 1 1 1 0 0]
At 17301/30000: COST 0.106/3.120(0.171) -- Acc 0.980/0.440(0.941)
[1 1 0 0 1 0 0 1 0 1 1 1 1 1 0 1 1 1 0 0 0 1 1 1 1 0 1 0 0 1 1 1 1 1 0 0 1
 1 1 1 1 1 0 1 1 1 1 1 1 1 0 1 1 1 1 0 0 1 0 1 0 1 0 0 0 1 1 0 0 1 1 0 1 0
 1 1 1 1 1 0 0 1 1 1 0 0 1 1 0 1 0 1 1 1 0 1 1 1 0 1]
At 17401/30000: COST 0.208/3.177(0.160) -- Acc 0.940/0.460(0.945)
[1 1 1 1 1 0 1 1 1 0 0 1 0 1 1 1 1 1 1 1 0 1 1 1 1 0 1 0 1 1 1 1 1 1 1 0 1
 1 1 1 0 0 1 0 0 0 1 1 0 1 0 1 0 1 1 1 1 0 1 1 1 0 1 1 1 0 1 0 1 0 1 1 0 0
 1 0 0 0 1 0 1 0 0 1 0 1 0 1 1 1 0 0 0 1 0 1 1 1 1 1]
At 17501/30000: COST 0.155/3.129(0.153) -- Acc 0.940/0.420(0.946)
[0 0 0 0 1 0 1 1 0 0 1 0 1 0 1 1 1 0 0 1 0 1 1 1 1 1 1 0 0 1 0 1 0 1 0 1 1
 1 1 1 0 1 1 0 0 1 1 0 0 1 1 1 0 1 0 1 1 0 1 1 1 0 0 0 1 0 1 1 1 1 1 1 1 0
 1 1 1 1 1 1 1 0 1 1 0 1 1 0 0 1 1 0 0 1 1 1 1 0 0 1]
At 17601/30000: COST 0.209/3.265(0.152) -- Acc 0.910/0.450(0.947)
[1 1 1 0 1 0 0 0 1 1 0 1 0 1 1 0 0 1 0 1 1 1 1 1 0 1 0 1 1 1 0 0 1 1 1 0 0
 0 0 1 1 1 0 1 1 0 1 1 0 0 1 1 1 1 1 1 1 0 1 1 1 0 1 0 0 1 1 1 1 1 1 0 0 0
 1 0 0 1 1 0 1 1 1 1 1 1 0 0 0 1 1 1 1 1 1 0 1 0 1 1]
At 17701/30000: COST 0.096/3.608(0.151) -- Acc 0.950/0.390(0.948)
[0 0 1 0 1 1 1 1 1 0 0 1 0 1 1 1 1 0 0 1 1 1 0 1 1 1 0 1 0 0 1 1 1 1 0 1 1
 1 1 1 1 1 1 1 1 0 0 1 1 1 1 0 1 0 0 1 0 1 0 0 1 1 0 1 1 1 0 1 1 0 1 1 0 0
 0 0 0 1 0 1 1 1 0 0 1 0 0 1 1 0 0 1 1 0 1 0 0 0 1 1]
At 17801/30000: COST 0.131/3.728(0.141) -- Acc 0.940/0.410(0.950)
[0 0 1 1 1 0 1 1 1 1 1 1 1 0 1 0 1 1 1 1 0 0 1 1 1 1 1 1 1 1 1 1 1 0 1 1 0
 0 1 1 1 1 1 1 1 0 0 0 1 0 1 1 0 1 1 0 1 1 1 0 1 0 0 1 0 1 1 0 0 1 0 1 0 1
 1 0 0 1 0 0 1 1 0 0 1 1 0 1 0 1 0 0 1 1 1 0 1 0 0 1]
At 17901/30000: COST 0.263/3.182(0.151) -- Acc 0.940/0.460(0.949)
[1 1 0 1 1 0 0 1 1 0 0 1 1 1 1 1 1 1 0 0 1 1 0 0 1 1 1 0 1 1 0 0 0 1 1 1 0
 1 0 0 1 0 0 1 0 1 1 1 1 0 0 0 0 1 0 1 0 1 1 1 1 1 0 1 1 1 0 0 1 0 1 1 1 1
 1 1 1 0 0 0 1 1 0 1 0 0 0 1 1 0 1 0 1 1 1 1 1 1 1 1]
At 18001/30000: COST 0.109/3.584(0.151) -- Acc 0.960/0.410(0.950)
[0 1 1 1 0 1 0 0 0 0 1 0 1 1 1 1 0 1 1 1 1 1 0 1 0 1 0 1 1 1 1 1 0 1 1 1 1
 1 1 0 1 1 0 1 1 1 1 0 1 1 0 1 0 1 0 1 1 1 0 0 1 0 1 1 1 1 1 0 1 1 1 1 0 1
 0 1 1 1 0 1 1 0 1 0 1 0 1 0 1 0 1 1 0 0 1 0 1 1 1 1]
At 18101/30000: COST 0.081/3.282(0.147) -- Acc 0.980/0.440(0.951)
[1 0 0 1 1 0 1 1 1 1 1 0 1 1 1 0 0 0 1 0 1 1 0 1 1 0 1 1 1 1 0 1 0 1 0 1 1
 1 0 1 0 0 1 1 0 0 1 1 1 1 0 1 1 1 1 0 1 0 1 1 0 1 1 1 1 1 1 1 0 0 0 1 1 0
 1 1 0 1 0 0 0 1 1 1 1 0 1 1 1 1 1 1 0 1 1 0 1 0 1 1]
At 18201/30000: COST 0.091/3.289(0.143) -- Acc 0.980/0.450(0.953)
[0 1 0 1 1 0 1 1 0 0 1 1 0 1 1 1 1 1 1 1 0 1 1 1 1 0 1 1 1 1 1 0 0 1 0 0 1
 1 1 0 1 1 1 0 1 0 1 1 1 0 0 1 1 1 1 1 1 1 1 1 1 0 1 1 0 0 1 0 1 0 1 0 1 1
 1 1 1 1 1 1 0 0 1 1 1 0 1 1 1 1 1 1 0 0 1 0 1 0 1 1]
At 18301/30000: COST 0.183/3.177(0.141) -- Acc 0.920/0.470(0.952)
[1 1 0 1 1 1 0 1 0 1 1 1 1 0 1 1 0 1 1 1 1 1 1 1 0 1 1 0 0 1 1 1 0 1 0 1 1
 0 1 1 1 0 1 0 0 1 1 0 1 1 1 0 1 1 1 0 1 1 1 1 0 1 1 1 0 0 1 1 0 1 0 1 1 1
 1 1 1 1 1 1 0 1 1 1 0 1 1 1 1 0 1 0 1 1 0 1 1 1 1 0]
At 18401/30000: COST 0.099/3.246(0.142) -- Acc 0.980/0.450(0.952)
[1 1 0 0 0 1 1 0 1 1 1 1 0 1 1 0 0 1 1 0 1 1 0 1 1 0 0 1 1 1 1 1 1 1 1 0 1
 1 0 1 0 0 1 1 0 0 0 0 1 1 0 1 1 1 1 0 1 1 0 1 1 0 1 1 0 1 1 1 1 1 1 1 1 1
 0 1 1 1 0 1 1 0 1 1 1 1 0 1 1 1 0 0 0 1 0 0 1 0 1 1]
At 18501/30000: COST 0.130/3.440(0.140) -- Acc 0.960/0.410(0.953)
[0 0 1 0 1 0 1 1 1 1 1 0 1 1 1 0 1 1 0 0 0 0 1 0 1 1 1 1 1 1 1 1 0 0 1 0 1
 0 0 1 1 1 1 0 1 1 1 0 1 1 0 1 1 1 1 1 0 1 0 1 1 1 0 0 1 1 1 1 1 1 0 1 1 0
 1 0 1 1 1 0 1 0 1 1 0 1 1 1 0 1 1 1 1 1 1 1 1 1 0 0]
At 18601/30000: COST 0.143/3.648(0.131) -- Acc 0.960/0.490(0.955)
[1 1 1 0 1 0 0 1 0 0 0 1 1 0 1 0 1 0 0 1 1 0 1 1 1 1 1 0 1 1 1 0 1 1 1 1 1
 1 1 1 1 1 0 1 1 1 0 1 1 0 1 1 1 1 0 1 0 0 0 1 1 1 1 1 1 1 1 1 1 1 1 1 1 1
 1 1 0 1 0 1 0 0 0 1 0 0 1 0 0 0 1 1 1 1 1 0 1 1 1 1]
At 18701/30000: COST 0.227/3.375(0.140) -- Acc 0.940/0.460(0.951)
[1 1 1 1 0 0 0 1 1 0 0 1 0 0 1 0 0 1 0 1 0 0 0 0 0 0 1 1 1 1 0 1 1 1 1 1 0
 0 0 1 1 1 0 1 0 0 1 0 1 0 0 1 1 1 0 1 1 0 1 0 1 1 1 0 1 1 0 1 1 1 1 0 1 1
 1 1 1 0 1 0 1 0 1 0 0 1 1 0 0 1 1 1 0 1 1 1 1 1 1 1]
At 18801/30000: COST 0.231/2.949(0.155) -- Acc 0.920/0.510(0.948)
[0 0 0 0 1 1 1 0 1 0 1 0 1 1 0 1 1 0 1 1 1 1 0 0 1 1 0 1 0 1 1 1 1 0 1 1 1
 1 1 0 1 1 0 1 0 1 1 0 0 1 0 1 0 0 1 0 1 1 0 1 0 1 1 0 0 1 1 1 1 0 1 0 1 1
 1 0 1 0 1 0 0 1 1 1 0 1 1 1 1 0 0 1 1 0 0 0 1 0 0 1]
At 18901/30000: COST 0.164/3.418(0.157) -- Acc 0.950/0.440(0.946)
[1 0 1 1 1 1 1 0 1 1 1 0 1 1 1 1 1 1 0 1 1 1 1 0 1 1 0 0 0 1 1 1 1 1 0 0 1
 1 0 1 0 1 1 1 0 1 1 1 0 1 0 1 1 0 1 1 0 1 0 1 1 1 0 1 1 1 1 1 1 1 1 0 0 1
 1 0 1 1 0 0 1 1 1 1 1 1 1 1 1 0 0 0 1 0 1 1 1 1 1 0]
At 19001/30000: COST 0.179/3.431(0.149) -- Acc 0.940/0.460(0.948)
[1 1 1 1 1 1 1 0 1 1 1 1 1 1 1 1 1 1 1 1 0 0 0 1 1 1 1 0 0 1 1 1 1 0 1 0 0
 1 1 1 1 1 0 1 0 1 0 1 1 1 1 1 1 1 1 0 1 0 1 1 1 0 0 0 1 1 1 1 1 1 0 1 1 1
 1 0 0 0 1 1 1 1 1 1 0 1 1 1 0 1 1 0 1 1 1 1 0 1 1 0]
At 19101/30000: COST 0.128/3.817(0.126) -- Acc 0.970/0.470(0.958)
[0 0 0 1 0 1 0 0 0 1 1 1 0 1 1 0 1 1 0 1 1 1 1 1 1 1 1 0 0 1 1 1 1 0 0 1 1
 0 1 0 1 0 0 1 1 1 1 1 1 1 1 1 1 0 1 1 0 1 0 0 1 1 1 1 0 1 1 1 0 1 0 1 1 0
 1 0 1 1 0 0 1 1 1 0 1 1 1 1 1 1 1 1 0 1 1 1 1 1 1 1]
At 19201/30000: COST 0.174/3.267(0.141) -- Acc 0.930/0.460(0.952)
[1 0 1 1 0 0 0 0 0 1 1 1 1 1 0 0 0 1 1 1 1 0 1 1 0 0 1 1 1 1 1 1 1 1 1 0 0
 1 0 1 0 0 1 0 0 1 0 1 0 1 0 1 1 1 1 0 0 0 0 1 1 0 0 1 1 0 1 0 0 1 1 1 1 0
 1 1 1 1 1 1 1 1 1 0 1 0 1 1 1 1 1 0 0 0 1 1 1 1 1 0]
At 19301/30000: COST 0.087/3.044(0.147) -- Acc 0.980/0.470(0.951)
[1 1 1 0 1 1 1 0 1 1 0 1 0 1 0 0 1 1 1 1 1 0 1 0 1 1 1 0 1 1 0 1 1 0 1 1 0
 1 1 1 0 1 0 0 1 1 0 1 1 0 1 1 1 1 1 1 1 1 0 0 1 0 0 1 1 1 1 1 0 1 0 0 0 1
 1 1 1 1 1 0 0 1 1 1 0 0 1 1 1 1 1 1 1 0 1 1 1 1 1 0]
At 19401/30000: COST 0.130/3.548(0.150) -- Acc 0.950/0.420(0.950)
[1 1 1 1 0 1 0 1 1 1 0 1 1 0 1 1 1 1 0 1 0 0 1 0 1 0 1 0 1 1 1 0 1 0 1 1 0
 0 1 1 0 1 0 1 0 1 1 0 0 1 0 1 0 0 0 0 1 1 1 0 0 1 1 1 1 0 1 1 1 1 1 1 1 1
 1 1 1 0 0 1 0 1 1 1 1 1 1 1 1 1 0 1 1 1 1 1 1 0 1 1]
At 19501/30000: COST 0.169/2.857(0.168) -- Acc 0.970/0.470(0.945)
[1 0 1 0 1 1 1 1 1 0 1 0 1 1 1 0 1 1 0 1 1 1 1 1 0 1 1 1 1 0 1 1 1 1 1 0 1
 1 1 1 1 0 1 0 1 1 1 0 0 1 1 1 1 1 1 1 1 1 1 0 1 1 1 1 1 1 1 0 1 1 1 0 1 0
 0 0 1 1 1 0 0 1 1 0 1 1 1 1 0 0 1 1 0 1 1 1 1 1 1 1]
At 19601/30000: COST 0.168/3.255(0.150) -- Acc 0.930/0.440(0.949)
[0 0 0 0 1 0 1 1 0 1 1 1 0 1 1 1 1 1 1 0 1 1 1 1 0 1 1 0 0 0 0 1 1 1 1 1 0
 1 1 0 1 1 0 0 0 0 1 1 1 1 1 0 0 1 0 0 1 0 0 1 0 0 1 1 0 0 1 1 0 1 1 0 0 1
 1 1 1 1 0 0 1 1 1 1 0 1 1 1 1 1 1 1 0 1 1 1 1 1 1 0]
At 19701/30000: COST 0.240/3.251(0.145) -- Acc 0.910/0.480(0.949)
[0 1 1 1 1 1 1 1 1 1 0 1 1 1 0 1 0 1 1 1 0 1 1 1 1 1 0 1 1 1 1 1 1 1 1 1 0
 1 0 0 1 1 0 0 1 1 1 0 0 1 1 1 0 1 1 0 1 1 1 0 1 1 1 1 1 1 0 1 1 0 1 0 0 0
 0 1 1 0 0 1 0 1 1 0 1 0 1 1 0 1 0 1 0 1 0 1 1 1 1 1]
At 19801/30000: COST 0.094/2.955(0.150) -- Acc 0.980/0.440(0.950)
[0 1 0 0 1 0 1 1 1 0 1 1 1 0 1 0 1 0 1 0 0 0 1 1 0 1 1 1 1 1 0 1 0 0 1 0 0
 1 0 0 1 0 1 0 0 1 1 0 1 1 1 0 1 0 1 0 0 1 0 1 0 0 0 1 0 1 0 1 1 1 1 1 0 1
 1 1 0 1 0 0 1 1 1 0 1 1 0 1 0 0 1 1 1 1 1 1 1 0 0 1]
At 19901/30000: COST 0.086/3.203(0.135) -- Acc 0.980/0.480(0.956)
[0 0 0 1 1 0 1 1 1 1 0 1 1 1 0 1 1 1 1 1 1 1 0 1 1 1 1 1 1 1 0 0 0 1 1 0 0
 1 0 1 1 1 0 0 1 1 0 1 1 1 0 0 0 1 0 1 1 1 1 1 1 0 1 0 1 1 0 0 1 1 1 1 1 0
 0 1 1 1 1 1 1 1 1 1 1 1 1 0 1 1 1 1 1 1 1 1 0 0 0 1]
At 20001/30000: COST 0.273/2.525(0.172) -- Acc 0.910/0.410(0.946)
[1 1 1 1 0 1 1 0 0 0 0 1 0 0 1 1 1 1 0 1 1 0 1 1 0 1 1 1 0 0 1 1 0 1 1 0 1
 0 0 0 0 0 1 1 0 1 0 1 1 1 1 1 0 0 1 1 1 0 1 1 1 1 1 1 1 0 0 0 1 0 1 1 0 1
 1 0 1 0 1 1 0 1 1 1 1 0 1 1 1 0 1 1 1 1 1 1 0 1 1 1]
At 20101/30000: COST 0.147/3.000(0.167) -- Acc 0.970/0.440(0.946)
[1 0 1 0 1 0 0 0 1 1 0 1 0 1 0 1 1 0 1 1 0 1 1 1 0 0 1 1 0 1 1 1 1 0 1 1 1
 0 1 1 1 1 0 1 1 1 1 1 1 0 1 1 0 1 1 1 1 1 1 1 0 1 1 1 0 0 0 1 0 1 1 0 0 1
 1 1 1 1 0 1 0 1 1 1 0 1 1 1 1 1 1 1 0 0 1 0 1 0 0 0]
At 20201/30000: COST 0.274/2.755(0.179) -- Acc 0.940/0.450(0.941)
[0 0 1 1 1 0 0 0 1 1 0 0 1 1 1 0 0 0 1 1 1 1 0 1 0 1 0 0 1 1 0 0 1 1 1 0 1
 0 1 1 0 0 1 1 1 0 1 1 1 1 1 0 0 1 1 1 0 1 0 1 1 0 0 1 0 1 1 1 1 1 1 0 1 0
 1 1 0 1 0 1 1 0 0 1 0 0 1 1 1 1 1 1 1 1 1 1 1 0 1 1]
At 20301/30000: COST 0.069/2.623(0.180) -- Acc 0.970/0.460(0.942)
[1 1 1 1 1 0 0 0 1 0 0 1 0 1 0 0 0 0 1 0 1 0 1 1 1 1 0 1 1 1 1 1 0 1 0 0 1
 1 0 1 1 1 0 1 1 1 1 1 1 1 1 0 1 1 1 1 0 0 1 1 1 1 1 0 1 1 1 1 1 0 1 1 1 0
 0 1 1 1 1 0 0 1 1 1 1 0 0 1 1 0 0 1 0 0 1 1 0 0 1 1]
At 20401/30000: COST 0.088/3.142(0.164) -- Acc 0.960/0.420(0.947)
[0 0 1 0 1 1 1 1 0 0 1 1 1 1 0 1 0 1 1 0 1 0 1 0 0 1 0 1 0 1 1 1 1 0 1 1 1
 1 0 0 1 0 1 1 1 1 0 0 1 1 1 1 1 0 1 1 1 0 1 1 0 0 0 1 1 1 1 1 0 0 1 1 1 0
 1 1 0 0 1 0 1 1 1 0 0 1 1 1 1 0 1 1 1 1 0 1 0 0 1 0]
At 20501/30000: COST 0.062/3.036(0.148) -- Acc 0.990/0.440(0.951)
[0 1 1 1 1 0 1 0 1 1 1 0 1 0 1 0 0 0 1 1 1 1 0 1 1 0 1 0 1 0 0 1 0 1 1 1 1
 0 1 1 1 0 0 1 0 1 0 1 1 0 1 1 1 1 1 1 1 0 1 1 1 0 0 1 0 1 1 1 1 1 1 1 1 0
 1 0 1 1 1 1 1 1 1 0 0 1 0 1 1 1 0 0 0 0 0 1 0 1 0 1]
At 20601/30000: COST 0.140/3.226(0.156) -- Acc 0.960/0.410(0.948)
[0 0 1 1 1 0 0 0 0 1 1 0 1 0 1 0 1 0 1 1 1 0 1 1 1 0 0 1 1 0 1 1 1 1 1 0 0
 1 1 1 0 1 1 0 1 1 1 0 1 1 1 1 1 0 1 0 0 0 1 1 0 1 1 0 0 1 1 1 1 0 1 1 1 1
 1 0 1 1 1 0 0 1 1 0 1 1 1 0 0 1 0 1 1 1 1 1 1 1 1 1]
At 20701/30000: COST 0.182/3.360(0.150) -- Acc 0.950/0.410(0.949)
[0 1 0 0 1 0 1 1 1 1 0 1 1 1 1 1 0 1 1 0 1 0 0 0 0 0 0 1 1 1 1 0 0 0 1 0 1
 1 1 0 1 0 1 0 1 1 1 0 1 1 0 0 1 1 1 1 1 0 1 1 1 1 1 0 1 1 0 1 0 0 1 1 0 1
 1 1 1 1 1 1 0 0 0 1 0 1 1 0 1 1 1 0 1 1 0 0 1 1 0 1]
At 20801/30000: COST 0.218/3.078(0.150) -- Acc 0.900/0.470(0.950)
[0 1 1 1 1 0 0 1 1 0 0 0 0 1 0 0 0 1 1 1 1 1 1 0 0 1 1 1 0 0 1 1 1 1 0 1 0
 0 0 0 0 0 1 1 0 1 1 0 1 1 0 0 1 1 1 0 1 0 1 1 1 1 1 1 1 1 1 1 1 0 1 1 0 0
 1 0 1 1 1 1 1 0 1 0 1 0 0 0 0 1 0 1 0 0 0 1 1 1 0 1]
At 20901/30000: COST 0.051/2.997(0.146) -- Acc 0.990/0.450(0.952)
[0 1 1 1 1 0 0 0 1 1 0 0 0 1 1 1 0 0 1 0 1 1 1 1 1 0 0 1 1 0 0 1 0 1 1 1 0
 1 1 1 1 1 0 1 0 1 1 1 1 1 0 1 1 1 0 0 0 1 1 1 1 1 1 1 1 1 1 1 1 1 1 1 1 1
 0 0 0 0 0 1 0 0 1 0 1 0 1 1 1 0 1 0 1 1 0 1 0 0 1 0]
At 21001/30000: COST 0.138/3.289(0.145) -- Acc 0.960/0.400(0.953)
[1 1 1 1 1 1 1 0 1 1 0 1 1 1 1 1 0 1 1 1 1 0 1 1 1 1 1 0 0 1 1 0 1 0 1 0 0
 0 0 1 1 1 0 0 1 1 1 0 0 0 1 0 1 1 1 1 0 1 0 0 1 1 0 0 0 1 1 1 1 1 1 1 0 1
 1 0 0 1 1 1 0 1 1 1 1 1 0 1 1 1 0 1 1 0 0 1 1 1 1 1]
At 21101/30000: COST 0.194/2.862(0.156) -- Acc 0.950/0.470(0.951)
[1 0 0 1 1 1 1 0 1 0 0 0 0 1 1 0 1 0 0 1 1 0 0 1 1 0 0 1 1 1 0 1 1 0 1 1 1
 0 1 1 1 0 1 1 1 1 1 1 1 1 0 1 0 0 0 1 1 1 1 1 1 1 1 1 0 0 1 1 1 1 1 0 0 1
 1 0 0 1 1 1 1 1 0 1 1 1 1 0 1 1 0 0 1 1 1 0 0 0 1 1]
At 21201/30000: COST 0.241/3.162(0.147) -- Acc 0.900/0.440(0.954)
[0 1 1 0 0 0 1 1 1 1 0 1 1 0 1 1 1 1 0 1 1 0 0 1 0 0 1 1 0 0 1 0 1 1 1 0 0
 1 1 1 1 0 1 0 1 0 1 1 1 1 0 1 1 1 1 0 1 0 1 1 1 1 1 0 1 1 1 1 1 0 0 1 0 1
 0 1 1 1 1 0 1 1 1 0 0 1 0 1 1 0 1 0 0 0 1 1 0 0 0 1]
At 21301/30000: COST 0.166/2.908(0.144) -- Acc 0.930/0.490(0.955)
[1 0 1 1 1 0 1 1 1 1 1 0 0 1 0 1 1 0 1 0 1 0 1 0 1 1 1 0 0 1 1 0 1 0 1 1 0
 1 0 0 1 0 1 1 0 1 1 1 0 1 1 1 1 1 1 1 1 1 0 0 1 1 1 1 1 1 1 0 0 1 0 1 0 1
 0 0 1 0 0 1 1 0 0 0 1 0 0 0 0 1 0 0 0 0 0 1 1 0 1 1]
At 21401/30000: COST 0.065/3.447(0.122) -- Acc 0.980/0.470(0.959)
[0 1 0 0 1 0 1 1 1 1 1 1 0 1 1 1 1 0 0 1 0 1 0 0 0 1 0 0 1 1 1 1 1 0 0 0 1
 1 1 1 0 1 0 0 0 1 1 0 1 0 0 0 1 1 0 1 1 0 1 0 1 1 0 1 1 1 0 1 0 1 0 1 1 1
 0 1 1 1 1 0 0 1 1 1 0 1 0 0 1 0 0 1 1 0 1 1 1 0 1 0]
At 21501/30000: COST 0.210/3.187(0.144) -- Acc 0.950/0.410(0.952)
[0 1 0 0 0 1 1 1 0 1 1 1 0 1 1 1 1 1 0 1 0 1 0 0 0 0 1 0 0 1 1 0 1 1 1 1 1
 1 1 0 1 1 1 0 0 1 1 1 0 1 1 1 1 1 0 0 0 1 0 1 1 1 1 0 1 0 1 1 0 1 1 1 0 0
 1 1 0 1 1 1 0 0 1 1 1 0 1 1 1 1 1 1 1 1 0 0 0 1 0 0]
At 21601/30000: COST 0.095/3.276(0.133) -- Acc 0.980/0.440(0.956)
[0 1 0 0 1 1 1 0 0 1 1 0 1 1 1 1 1 1 1 1 0 1 0 0 1 0 0 0 0 0 1 1 1 1 0 1 1
 1 1 0 1 0 1 1 1 1 0 1 0 0 1 0 0 1 0 1 1 0 1 1 1 1 0 1 0 0 0 0 1 1 1 1 1 1
 0 1 1 0 1 0 1 0 1 0 1 1 0 1 1 0 0 1 1 0 1 1 1 0 0 0]
At 21701/30000: COST 0.182/3.346(0.125) -- Acc 0.940/0.480(0.958)
[0 1 1 0 1 1 0 1 1 1 0 1 0 1 1 1 0 0 0 1 1 1 1 0 1 1 0 1 0 1 1 0 1 1 0 1 1
 1 1 1 1 0 1 0 1 0 1 1 0 0 0 0 0 0 1 1 0 1 1 1 1 1 0 0 1 1 1 0 1 1 1 0 1 0
 0 0 1 0 1 0 1 1 0 1 1 1 1 1 0 1 1 0 1 0 0 1 0 0 1 1]
At 21801/30000: COST 0.137/2.981(0.138) -- Acc 0.950/0.480(0.955)
[1 1 0 1 0 1 1 1 1 1 0 1 1 1 1 0 1 0 1 0 1 1 1 0 0 1 0 1 1 1 1 1 1 0 1 0 1
 1 0 1 1 0 1 0 0 1 0 1 1 1 1 0 1 1 1 0 0 0 1 1 0 1 1 0 0 0 1 0 1 1 1 1 1 1
 1 1 1 0 1 0 0 1 0 1 1 1 1 0 1 0 1 1 1 0 1 1 1 0 0 1]
At 21901/30000: COST 0.078/3.175(0.130) -- Acc 0.980/0.490(0.957)
[1 1 1 0 1 1 0 1 1 0 1 0 0 1 1 1 1 0 1 1 1 0 1 1 0 1 0 0 1 1 1 1 0 1 0 1 1
 1 0 1 1 1 1 1 1 0 0 1 1 0 1 1 1 0 0 0 1 1 1 1 0 0 1 1 1 0 0 1 1 1 0 1 1 0
 1 1 1 0 0 0 0 1 1 1 1 1 0 0 0 1 1 0 1 1 1 1 1 0 1 0]
At 22001/30000: COST 0.199/2.863(0.143) -- Acc 0.940/0.460(0.954)
[0 1 0 0 1 0 1 1 1 0 1 1 0 1 0 1 0 1 0 1 0 1 1 0 1 1 0 1 0 1 1 1 1 1 1 1 0
 1 1 0 1 0 1 1 1 0 1 1 0 1 1 0 1 0 0 1 1 0 0 1 1 1 0 0 0 0 1 1 1 1 0 0 1 0
 1 0 1 1 0 0 0 0 1 1 0 1 1 1 0 1 1 0 1 0 1 1 1 1 1 1]
At 22101/30000: COST 0.199/3.079(0.145) -- Acc 0.900/0.500(0.954)
[0 1 1 0 1 1 1 1 1 1 1 1 1 0 1 1 1 1 1 0 1 0 1 0 1 1 1 1 1 0 1 1 1 0 0 0 0
 1 1 1 0 1 1 1 0 1 1 0 0 0 1 0 1 1 0 1 0 1 1 0 1 0 1 1 1 1 1 1 0 1 1 0 1 0
 0 0 1 1 0 1 0 1 0 1 1 1 0 0 1 1 1 0 1 1 0 0 1 0 0 0]
At 22201/30000: COST 0.111/3.333(0.140) -- Acc 0.950/0.440(0.952)
[1 0 0 1 1 1 0 0 1 1 1 1 0 1 1 0 0 0 1 1 1 0 1 1 0 1 1 0 1 1 0 1 1 0 1 1 1
 1 0 1 0 1 0 0 0 1 0 0 1 1 1 0 1 1 1 1 1 0 0 0 0 1 1 1 0 1 0 0 1 1 1 0 1 0
 0 0 0 1 0 1 1 0 1 0 1 0 0 1 0 1 1 1 1 1 0 1 1 0 0 1]
At 22301/30000: COST 0.163/3.444(0.131) -- Acc 0.950/0.470(0.955)
[0 1 1 1 0 1 1 0 0 0 1 0 1 1 1 0 1 1 0 1 0 0 1 0 1 0 1 1 0 0 1 1 1 0 0 1 1
 1 1 0 1 0 1 1 1 1 1 0 0 1 1 1 0 1 1 0 1 0 1 1 0 1 0 1 1 1 0 1 1 1 1 0 1 0
 0 1 1 1 1 1 1 0 1 0 0 1 1 0 0 0 1 1 0 1 0 1 0 1 1 1]
At 22401/30000: COST 0.177/3.586(0.138) -- Acc 0.930/0.470(0.954)
[1 0 1 1 0 1 0 1 0 1 1 1 0 1 0 1 0 0 1 0 1 0 1 0 1 0 0 0 1 1 1 0 1 0 1 1 0
 1 1 0 1 1 1 0 0 1 1 1 1 1 0 0 0 0 1 1 1 1 1 0 1 1 1 0 1 0 1 1 1 0 0 1 1 0
 0 0 1 1 1 0 1 1 0 1 1 0 1 1 1 0 1 1 0 0 1 1 1 1 1 1]
At 22501/30000: COST 0.211/2.536(0.176) -- Acc 0.950/0.470(0.945)
[1 1 1 1 1 1 1 0 0 0 1 1 0 0 1 0 1 1 1 0 1 1 1 1 1 1 0 0 1 1 1 1 0 1 1 1 1
 0 1 1 1 0 1 1 1 1 0 1 0 1 1 0 1 0 1 0 1 1 1 1 0 0 0 1 1 1 0 1 0 0 1 0 1 1
 0 1 0 0 1 1 0 1 0 0 0 1 1 0 1 1 0 1 1 1 1 0 1 1 1 1]
At 22601/30000: COST 0.167/3.053(0.179) -- Acc 0.940/0.410(0.941)
[1 1 1 0 1 0 1 1 1 1 1 1 1 1 1 1 1 1 1 0 1 0 1 1 1 1 1 0 1 1 1 1 0 1 0 0 1
 1 1 0 0 0 1 0 0 0 1 0 0 1 1 1 0 1 0 0 0 1 1 0 1 1 0 0 0 0 1 1 1 1 1 1 0 1
 1 1 0 1 0 0 1 1 0 1 1 0 0 0 0 0 1 1 1 1 0 1 0 0 0 0]
At 22701/30000: COST 0.114/2.990(0.156) -- Acc 0.960/0.470(0.949)
[0 1 0 0 0 1 1 1 1 0 0 0 1 1 0 0 0 0 0 1 0 1 1 1 1 0 1 1 0 1 0 1 1 1 0 0 0
 0 1 1 1 1 0 1 0 0 1 1 0 0 1 1 1 0 1 0 1 0 1 1 1 1 0 1 0 0 0 1 0 1 1 1 0 1
 1 1 1 0 1 0 0 1 0 1 1 1 1 1 1 0 1 0 1 0 1 1 1 0 1 1]
At 22801/30000: COST 0.133/3.005(0.149) -- Acc 0.960/0.430(0.952)
[1 1 0 1 1 0 1 1 1 0 1 0 1 0 1 1 1 1 1 1 0 1 0 0 1 0 0 0 1 1 0 0 0 0 1 1 1
 0 0 1 0 0 1 1 0 1 1 0 1 1 0 0 1 1 1 1 1 1 0 1 1 1 1 0 0 1 0 1 0 1 1 0 0 0
 1 0 1 1 0 1 0 1 0 1 1 1 1 0 1 1 1 0 1 1 1 1 1 0 1 1]
At 22901/30000: COST 0.147/3.410(0.134) -- Acc 0.950/0.430(0.956)
[1 0 0 0 1 1 1 1 1 0 1 1 1 1 0 0 1 0 1 0 1 0 0 1 0 1 1 1 1 1 0 1 0 1 1 0 1
 1 1 1 1 0 1 1 1 1 1 0 0 0 1 0 0 1 0 0 0 1 1 1 1 0 1 1 1 1 0 1 0 1 1 1 1 1
 0 1 1 1 1 1 1 1 1 1 0 1 1 0 0 0 1 0 1 1 0 0 1 0 1 1]
At 23001/30000: COST 0.128/3.056(0.141) -- Acc 0.980/0.420(0.958)
[0 0 1 1 1 0 0 0 1 1 1 1 1 1 1 1 0 1 1 0 0 1 0 1 0 1 0 1 0 0 1 1 1 1 1 0 1
 1 1 0 0 0 1 1 1 0 1 1 1 0 0 0 1 1 1 1 0 1 1 1 1 1 0 0 1 1 1 1 0 1 0 1 1 1
 1 1 0 1 0 1 0 0 1 0 0 1 0 1 0 0 0 1 1 0 0 1 1 0 1 0]
At 23101/30000: COST 0.217/2.265(0.184) -- Acc 0.960/0.430(0.943)
[1 0 1 0 1 1 0 0 1 0 1 1 0 1 1 1 0 1 0 0 1 1 1 0 0 1 1 1 0 1 1 1 1 0 1 1 1
 0 0 1 1 0 0 1 1 0 1 0 1 1 1 1 1 1 0 0 1 1 1 1 1 0 1 1 1 0 1 0 0 0 1 0 0 1
 0 1 1 1 1 0 0 0 1 0 1 1 1 1 1 1 1 0 1 1 1 1 1 0 1 1]
At 23201/30000: COST 0.085/2.782(0.168) -- Acc 0.970/0.480(0.946)
[0 1 0 1 1 1 1 1 0 0 1 1 1 1 1 1 0 1 1 1 1 0 1 1 1 1 1 1 0 1 0 1 0 0 1 1 1
 1 1 1 1 1 1 0 0 1 1 1 1 0 0 1 1 0 1 1 0 1 1 0 1 0 1 1 1 0 1 1 1 1 1 1 1 1
 1 0 0 0 0 0 1 1 0 1 0 1 1 1 1 0 1 1 0 1 0 1 1 1 1 1]
At 23301/30000: COST 0.149/3.052(0.154) -- Acc 0.980/0.460(0.950)
[0 0 1 1 0 1 0 1 1 1 0 0 1 0 1 1 1 1 0 0 1 0 1 1 1 1 0 1 1 1 1 1 1 1 0 1 1
 1 0 1 1 1 0 1 1 1 0 0 1 1 0 1 0 1 0 0 0 1 1 1 1 0 1 1 1 0 0 0 1 1 0 0 0 0
 1 1 1 1 1 1 1 0 1 1 0 1 1 0 0 1 1 0 0 1 1 1 0 0 1 1]
At 23401/30000: COST 0.096/3.092(0.147) -- Acc 0.960/0.440(0.952)
[1 0 1 0 1 0 1 0 0 1 1 0 0 1 0 1 0 1 0 0 0 1 0 0 1 1 1 1 1 0 1 1 1 1 0 0 0
 0 0 1 1 1 0 0 1 1 1 1 1 0 1 1 1 1 0 1 1 0 1 1 0 1 0 0 0 0 1 1 1 1 1 1 1 0
 1 1 1 1 0 1 0 0 1 1 0 1 1 1 1 0 0 1 0 1 1 1 1 1 0 1]
At 23501/30000: COST 0.059/3.630(0.130) -- Acc 0.980/0.420(0.957)
[1 1 1 0 1 1 0 0 0 1 0 1 0 1 1 1 1 0 1 1 0 1 1 1 0 1 1 0 1 1 0 1 1 0 1 1 0
 1 0 1 1 1 1 1 1 1 1 1 1 1 1 0 1 0 1 0 1 1 1 1 1 0 0 0 0 1 0 1 1 1 1 1 1 1
 0 1 1 1 0 0 0 1 1 0 1 0 1 1 1 1 1 0 1 1 1 1 1 1 0 1]
At 23601/30000: COST 0.093/2.836(0.160) -- Acc 0.960/0.430(0.949)
[1 0 1 0 1 0 1 0 1 1 1 1 1 1 0 1 1 0 1 0 0 1 1 1 0 1 1 1 1 0 1 0 0 1 1 1 0
 1 1 1 0 0 0 1 0 1 1 0 1 0 0 0 0 1 1 1 0 1 1 1 1 1 1 0 1 1 1 1 1 0 1 1 1 0
 0 1 1 1 1 0 0 0 1 1 1 1 1 0 0 1 1 0 0 1 1 0 0 1 1 1]
At 23701/30000: COST 0.145/2.622(0.159) -- Acc 0.940/0.470(0.951)
[0 1 1 1 0 1 1 1 0 1 1 0 1 0 0 1 0 1 1 0 1 1 0 1 1 0 1 0 1 1 1 1 1 1 1 1 1
 0 0 1 1 1 1 0 0 1 1 1 1 1 0 1 1 1 1 1 0 0 0 1 0 1 0 1 1 0 1 1 1 1 1 1 0 1
 1 1 0 1 0 0 0 1 1 1 1 0 1 1 1 1 1 1 1 0 1 1 1 1 0 1]
At 23801/30000: COST 0.121/2.905(0.151) -- Acc 0.980/0.430(0.955)
[1 1 0 1 1 0 0 0 1 0 0 0 0 1 1 0 1 1 1 1 0 1 1 0 1 0 1 1 1 1 1 0 1 0 1 0 0
 1 1 0 1 1 1 1 0 1 1 1 0 1 1 0 1 0 0 1 1 1 0 1 0 0 0 0 0 1 1 0 1 0 1 1 0 1
 1 1 1 0 1 1 1 1 0 1 0 1 1 1 0 1 1 1 1 0 1 0 0 1 1 1]
At 23901/30000: COST 0.091/2.761(0.153) -- Acc 0.970/0.450(0.954)
[0 1 1 0 1 1 0 1 1 0 1 1 1 1 0 1 0 1 1 0 1 1 1 0 1 1 1 1 1 1 1 1 0 0 1 1 0
 0 1 0 1 1 1 1 1 0 0 0 1 1 1 1 1 1 1 0 1 1 1 1 0 0 1 0 0 1 0 1 0 1 1 0 0 1
 1 0 1 1 0 1 1 1 1 0 1 0 1 1 1 1 1 1 1 1 0 0 0 1 1 0]
At 24001/30000: COST 0.203/2.313(0.185) -- Acc 0.950/0.400(0.942)
[0 1 1 1 1 0 1 1 0 1 1 0 1 1 1 1 1 0 0 0 0 1 1 1 1 1 1 0 0 1 1 0 0 1 0 1 1
 0 1 1 1 1 1 1 1 0 0 1 0 0 1 1 1 1 0 0 1 0 1 1 1 0 1 1 1 1 1 1 1 1 1 0 0 1
 0 1 1 1 1 1 1 1 1 0 1 0 1 1 0 0 0 0 0 0 0 0 1 0 0 1]
At 24101/30000: COST 0.191/2.507(0.175) -- Acc 0.940/0.460(0.946)
[1 1 1 0 0 1 0 1 0 1 0 0 0 0 1 0 1 1 1 0 0 1 1 1 1 1 1 1 1 0 1 0 0 1 0 1 1
 1 1 1 0 0 0 1 1 1 1 1 0 1 1 1 1 0 1 0 0 1 1 1 1 0 0 1 1 0 1 0 0 0 1 0 1 1
 1 0 0 1 1 1 0 0 0 1 1 0 0 1 1 1 0 0 1 1 1 0 1 0 1 0]
At 24201/30000: COST 0.114/2.814(0.163) -- Acc 0.970/0.420(0.948)
[0 1 1 1 0 1 0 1 1 0 1 1 0 1 1 1 1 0 0 0 0 1 0 1 1 0 1 0 1 1 0 1 1 0 1 0 1
 0 1 1 1 1 1 1 0 1 1 1 1 1 1 0 0 1 0 1 0 0 1 0 0 0 0 1 0 1 1 1 0 0 0 1 1 1
 0 1 1 1 0 0 1 1 1 0 1 1 0 1 0 1 0 0 1 1 1 1 1 1 1 1]
At 24301/30000: COST 0.304/2.051(0.195) -- Acc 0.900/0.450(0.937)
[1 1 1 0 0 0 1 1 1 0 1 0 1 1 1 1 1 0 1 1 1 1 1 1 0 0 0 1 1 1 1 0 1 0 0 1 0
 1 1 1 1 1 1 1 1 1 1 0 1 0 1 0 0 0 0 0 1 1 1 0 0 0 1 0 1 0 1 0 0 1 1 1 0 1
 1 1 1 1 1 0 1 1 0 1 1 1 1 1 0 0 0 1 1 1 1 1 1 0 0 0]
At 24401/30000: COST 0.161/2.235(0.207) -- Acc 0.960/0.430(0.933)
[1 1 0 1 1 0 1 1 1 1 0 0 1 0 1 1 0 0 1 0 1 1 1 1 0 0 1 1 1 1 1 1 1 0 0 1 1
 0 1 1 1 1 0 1 0 0 0 0 1 1 1 1 1 1 1 1 0 1 1 1 1 0 1 1 1 1 1 0 1 1 0 0 0 0
 1 0 1 1 0 1 1 0 1 1 1 0 1 0 1 0 1 0 1 1 1 0 0 1 0 0]
At 24501/30000: COST 0.187/2.372(0.188) -- Acc 0.940/0.430(0.941)
[1 0 1 1 1 0 1 1 1 0 1 1 0 1 0 1 1 0 0 1 0 1 0 1 0 0 1 1 1 1 1 1 1 0 1 0 0
 1 1 1 1 0 1 0 0 1 0 1 0 1 1 1 0 0 1 1 1 1 0 0 1 1 1 1 0 1 0 1 0 0 0 1 1 0
 1 1 1 0 0 1 0 1 1 1 1 1 1 1 1 1 1 1 1 1 0 1 1 0 1 1]
At 24601/30000: COST 0.108/2.068(0.192) -- Acc 0.960/0.450(0.941)
[1 1 0 1 1 0 0 1 1 1 0 1 1 0 1 1 0 1 1 0 1 1 1 1 1 1 1 1 1 1 1 1 1 1 0 1 1
 1 1 0 0 1 1 0 0 1 1 1 0 1 0 0 0 0 1 0 0 1 0 0 1 0 0 1 0 1 1 1 0 1 1 1 1 0
 1 1 0 0 0 0 0 0 1 1 1 1 1 0 1 1 1 1 0 0 1 0 0 1 1 1]
At 24701/30000: COST 0.166/2.394(0.196) -- Acc 0.950/0.440(0.937)
[1 1 1 1 0 1 1 0 1 0 1 0 1 0 1 1 1 0 1 0 1 1 0 0 0 1 0 1 1 1 0 0 1 0 1 1 0
 1 1 0 1 1 0 0 0 0 1 1 1 1 0 1 1 1 1 1 1 1 1 0 1 1 0 1 1 1 1 1 1 0 0 1 1 0
 1 0 1 1 1 1 0 1 0 1 0 1 0 1 1 0 0 0 1 1 1 1 0 1 0 1]
At 24801/30000: COST 0.157/2.375(0.168) -- Acc 0.920/0.490(0.947)
[0 1 0 1 1 0 1 0 0 1 1 1 1 0 0 0 0 0 0 1 1 1 0 1 0 0 0 1 1 1 0 0 0 1 1 0 1
 1 0 1 1 1 0 0 1 1 0 0 1 1 1 1 0 1 0 1 1 1 1 1 0 0 1 0 1 1 1 0 0 1 0 1 0 0
 0 1 1 0 1 1 1 1 1 1 1 1 1 1 1 1 1 0 1 1 1 1 1 0 1 1]
At 24901/30000: COST 0.171/2.385(0.173) -- Acc 0.920/0.490(0.946)
[0 0 0 0 0 1 1 1 0 0 0 1 1 1 1 1 1 1 1 1 0 1 1 1 0 0 1 1 1 1 1 1 0 1 0 1 1
 1 1 1 1 0 1 1 1 1 1 1 1 1 1 1 1 1 1 0 0 0 1 1 1 0 1 1 1 1 1 0 1 1 0 0 1 0
 0 0 1 1 1 1 0 1 0 0 0 1 1 1 1 1 0 1 0 0 1 1 1 0 1 1]
At 25001/30000: COST 0.078/2.629(0.160) -- Acc 0.990/0.470(0.948)
[0 1 1 0 1 1 0 1 0 0 1 1 0 0 1 0 1 1 1 1 1 1 1 1 1 0 0 1 1 1 1 1 1 1 1 0 1
 1 0 1 1 0 0 1 1 1 1 1 1 1 0 0 1 0 1 1 1 1 1 1 1 0 0 0 1 1 0 1 1 1 1 1 1 1
 0 0 1 1 1 1 1 1 1 1 0 1 1 1 1 1 0 1 0 0 1 0 0 1 1 0]
At 25101/30000: COST 0.087/3.001(0.165) -- Acc 0.980/0.390(0.946)
[1 0 1 1 0 1 0 1 0 0 1 0 1 0 1 1 1 1 0 1 1 0 1 1 1 0 1 1 0 1 0 1 1 0 1 0 1
 0 0 1 0 0 1 0 0 1 1 1 1 1 0 0 1 0 1 0 1 0 1 1 1 1 1 0 1 1 1 1 1 1 1 1 1 1
 1 1 1 0 1 0 0 0 1 0 1 0 1 1 1 1 0 1 1 1 1 1 1 0 1 1]
At 25201/30000: COST 0.187/2.712(0.149) -- Acc 0.920/0.470(0.952)
[1 1 0 1 0 1 0 1 1 1 0 1 0 1 1 1 1 1 0 0 1 0 1 1 1 0 1 1 0 1 1 0 1 1 1 1 1
 1 0 0 0 0 0 1 0 1 0 1 0 1 1 0 1 1 1 0 1 0 1 1 0 1 1 1 1 0 1 0 0 1 1 1 0 1
 1 0 1 1 1 0 1 1 1 1 0 0 1 1 1 1 1 1 1 0 1 1 1 0 1 1]
At 25301/30000: COST 0.181/2.640(0.151) -- Acc 0.960/0.480(0.952)
[1 0 1 1 1 0 1 1 0 1 1 0 1 1 0 1 1 1 0 1 0 1 0 0 1 0 0 1 1 0 1 1 0 1 0 1 0
 1 0 1 0 1 0 0 1 0 0 1 1 0 1 1 1 1 1 0 1 1 1 1 1 1 0 1 0 1 1 1 0 1 1 1 1 0
 1 0 1 1 1 1 1 1 1 1 1 1 1 1 1 1 0 0 0 1 0 0 1 1 0 0]
At 25401/30000: COST 0.195/2.287(0.159) -- Acc 0.910/0.540(0.948)
[1 1 0 0 1 1 1 1 0 1 1 1 1 0 1 1 1 1 0 1 1 0 0 1 0 1 1 1 1 1 0 1 1 1 1 1 0
 0 0 1 0 1 0 0 0 1 1 1 0 1 1 1 0 1 1 1 1 1 0 1 1 1 1 1 1 1 0 1 1 1 1 1 1 1
 1 1 0 1 1 1 1 0 1 0 1 1 0 0 1 1 1 1 1 1 1 0 0 1 1 0]
At 25501/30000: COST 0.251/2.364(0.166) -- Acc 0.930/0.510(0.947)
[0 0 1 0 1 0 1 1 1 1 0 1 1 0 1 1 0 1 1 0 0 1 1 1 1 1 1 0 1 0 1 0 0 0 1 1 1
 1 1 1 1 1 1 1 1 1 1 1 1 1 1 0 0 1 1 1 0 0 0 1 1 1 1 0 1 1 1 1 0 1 1 1 1 1
 0 0 1 1 1 1 0 1 0 1 0 1 1 0 1 1 1 1 0 1 0 1 0 1 1 0]
At 25601/30000: COST 0.081/2.601(0.161) -- Acc 0.970/0.440(0.948)
[1 1 0 1 1 0 0 1 1 1 1 1 0 1 1 0 0 1 1 0 1 1 1 0 0 1 0 0 0 0 1 1 1 1 0 1 1
 0 1 1 0 1 1 1 0 1 1 1 1 0 1 1 1 1 0 1 1 1 1 1 1 1 1 0 1 1 1 1 1 1 1 1 0 0
 1 1 1 1 0 0 0 0 1 0 1 0 1 1 1 0 0 1 1 1 1 0 1 1 1 1]
At 25701/30000: COST 0.244/2.406(0.182) -- Acc 0.920/0.420(0.941)
[0 1 1 1 0 0 0 1 1 1 1 0 0 1 0 1 1 1 0 1 1 1 1 0 1 0 1 1 1 0 1 0 1 1 1 1 0
 1 1 0 0 0 1 1 1 1 1 0 1 1 1 0 1 0 1 1 1 1 1 0 0 0 1 0 1 1 1 0 0 1 1 1 1 1
 1 1 1 1 1 1 1 0 1 1 1 1 1 1 1 1 1 1 1 1 0 0 1 1 1 0]
At 25801/30000: COST 0.165/2.471(0.182) -- Acc 0.950/0.460(0.941)
[1 1 0 0 0 0 1 0 1 0 0 1 1 1 1 1 0 0 1 1 1 1 1 1 1 1 1 1 0 0 0 1 0 1 1 1 0
 1 0 1 1 1 1 1 1 0 0 1 1 1 1 0 1 1 0 1 1 1 1 0 1 0 1 0 1 0 1 0 1 1 0 1 1 0
 1 1 1 1 1 1 1 0 0 0 1 1 1 1 1 1 1 1 1 1 0 1 0 1 1 1]
At 25901/30000: COST 0.133/3.104(0.150) -- Acc 0.940/0.400(0.950)
[1 1 1 1 1 1 1 1 1 1 1 1 0 1 0 0 1 1 0 1 0 1 0 1 1 0 1 0 1 1 0 1 0 1 1 1 0
 0 1 1 0 1 0 0 1 1 0 1 1 1 1 1 1 1 1 1 1 1 0 1 1 0 0 1 1 0 1 0 1 1 1 1 1 0
 1 1 1 1 1 0 0 1 0 1 1 1 0 1 1 1 1 1 1 1 1 0 1 1 1 1]
At 26001/30000: COST 0.051/3.173(0.135) -- Acc 0.990/0.440(0.958)
[0 0 0 1 0 1 0 1 1 1 1 1 0 1 0 1 1 1 0 1 1 0 1 0 1 0 1 1 0 1 1 0 1 1 1 0 0
 0 0 1 1 0 1 1 0 1 1 1 1 1 0 0 1 0 1 1 1 0 1 0 1 1 1 1 1 1 0 0 1 1 1 1 0 1
 0 0 0 0 1 1 1 1 1 1 1 0 1 1 1 0 1 1 1 1 1 1 0 1 1 1]
At 26101/30000: COST 0.159/3.017(0.147) -- Acc 0.960/0.430(0.954)
[1 0 1 0 1 0 1 1 0 1 0 1 1 1 0 1 0 1 1 1 1 1 1 1 1 1 1 1 1 1 0 1 1 1 0 0 1
 1 1 1 0 0 1 1 1 1 0 0 0 1 1 0 0 1 0 0 0 1 1 1 0 0 1 1 1 0 1 1 1 0 1 1 0 0
 1 1 1 1 1 1 1 0 1 0 0 1 1 1 1 1 1 1 1 0 1 0 1 0 0 1]
At 26201/30000: COST 0.147/2.943(0.147) -- Acc 0.940/0.420(0.953)
[1 1 0 1 1 0 0 1 1 1 1 1 1 1 0 0 0 0 1 0 1 1 1 1 1 1 1 1 1 0 1 1 1 1 1 0 1
 1 0 1 0 0 1 1 1 0 1 0 0 1 1 0 1 1 0 1 1 1 1 1 1 0 0 1 1 0 1 1 1 1 0 0 1 1
 1 0 1 0 0 0 1 0 1 0 1 1 0 1 0 0 0 1 1 0 1 1 1 1 1 1]
At 26301/30000: COST 0.070/3.311(0.141) -- Acc 0.970/0.390(0.954)
[1 0 0 1 1 1 0 1 0 1 1 1 1 0 1 0 1 1 1 1 0 0 1 1 1 0 1 1 0 0 1 0 1 1 1 0 1
 0 0 1 0 0 0 0 1 1 1 0 1 0 0 1 1 1 1 1 1 1 1 0 1 1 1 1 1 1 0 1 0 1 1 0 1 1
 1 1 0 0 1 1 1 0 0 1 0 0 1 1 0 0 1 1 0 0 1 0 0 0 1 1]
At 26401/30000: COST 0.137/3.230(0.129) -- Acc 0.970/0.480(0.956)
[1 1 1 0 0 0 0 0 1 1 1 1 0 1 0 1 1 1 1 1 1 0 1 0 1 1 1 1 1 1 1 0 0 1 1 0 1
 1 1 1 1 0 0 1 0 1 0 0 1 1 1 1 1 1 0 1 1 0 1 0 0 0 1 1 0 1 1 1 1 0 1 0 0 0
 1 1 0 0 1 1 1 1 1 0 1 0 0 0 1 1 0 1 1 1 1 1 1 0 1 1]
At 26501/30000: COST 0.092/3.653(0.120) -- Acc 0.970/0.420(0.959)
[1 1 0 1 1 1 1 1 0 1 0 1 1 0 0 1 1 0 0 0 1 1 0 1 1 1 1 1 0 1 0 0 1 1 0 1 1
 1 1 1 1 0 1 1 1 0 1 0 1 1 1 1 1 1 1 1 1 1 1 0 1 1 0 0 1 0 1 1 1 0 1 1 0 1
 1 1 0 0 0 1 1 1 0 0 0 0 1 1 1 0 1 1 0 1 1 1 1 0 0 1]
At 26601/30000: COST 0.138/2.993(0.137) -- Acc 0.950/0.460(0.955)
[0 0 0 1 1 1 1 1 1 1 1 1 0 0 1 1 1 1 0 1 1 0 1 1 1 0 1 1 1 1 1 1 1 1 0 1 1
 1 1 1 1 1 1 0 1 1 1 1 1 1 0 0 1 1 1 1 0 1 1 1 0 0 1 1 1 1 1 0 1 0 0 1 1 1
 1 0 1 0 0 0 0 1 1 0 1 0 1 1 1 1 1 0 1 1 0 1 1 0 1 1]
At 26701/30000: COST 0.140/3.234(0.141) -- Acc 0.950/0.410(0.954)
[1 1 1 1 0 1 1 0 0 1 0 1 0 0 1 0 0 1 0 1 0 0 1 0 1 1 0 0 1 1 1 0 0 1 1 1 0
 1 1 1 1 0 1 1 0 0 1 1 0 0 0 1 1 1 1 1 1 1 1 0 0 0 1 1 1 1 1 1 0 0 1 0 1 1
 1 1 1 1 0 0 1 1 1 1 1 1 0 1 1 0 0 1 0 1 1 1 1 1 1 1]
At 26801/30000: COST 0.056/3.115(0.143) -- Acc 0.990/0.420(0.954)
[0 1 1 1 0 1 1 1 1 1 0 1 1 0 1 1 1 1 1 1 1 1 0 1 1 1 0 1 0 0 1 0 1 1 0 0 1
 1 1 1 1 1 1 1 1 1 1 1 0 1 1 1 1 1 0 1 1 0 0 0 1 1 0 1 1 1 0 1 0 1 0 1 0 1
 0 1 1 0 0 1 1 1 1 1 1 1 1 0 1 0 0 1 0 0 1 1 0 1 0 0]
At 26901/30000: COST 0.150/2.591(0.166) -- Acc 0.960/0.430(0.949)
[1 1 1 1 0 0 1 1 1 1 1 0 1 1 1 1 0 0 1 1 1 1 1 1 1 1 1 1 1 0 0 0 0 0 0 0 0
 0 0 1 1 1 1 0 1 0 1 1 1 0 0 0 1 1 0 0 1 1 1 1 1 1 1 0 1 1 1 1 1 0 1 1 1 1
 1 1 1 1 0 1 1 1 1 1 1 1 1 1 1 1 1 1 0 0 0 0 0 1 1 1]
At 27001/30000: COST 0.140/3.266(0.148) -- Acc 0.960/0.430(0.954)
[1 1 0 1 0 0 0 0 0 1 1 0 1 1 1 1 1 1 1 1 0 1 1 1 0 1 1 1 1 1 1 1 1 0 0 0 0
 0 0 1 0 1 1 1 1 1 1 1 0 0 1 0 1 0 1 1 1 1 0 1 0 1 1 1 1 0 1 0 0 1 1 1 1 0
 0 0 1 1 1 1 1 0 0 1 1 0 0 0 0 0 1 1 1 1 1 1 0 1 1 1]
At 27101/30000: COST 0.094/3.026(0.140) -- Acc 0.970/0.490(0.955)
[1 1 1 1 0 1 0 1 1 1 1 1 0 1 1 1 1 1 0 1 1 0 0 1 1 0 0 1 1 0 1 1 0 0 1 1 1
 1 1 1 0 1 1 0 1 1 1 0 1 0 1 0 0 0 0 1 1 1 1 0 1 1 0 1 0 0 1 1 1 1 1 0 1 1
 0 1 1 1 1 1 0 1 0 1 1 1 1 0 1 1 1 0 1 1 0 1 0 0 1 1]
At 27201/30000: COST 0.140/3.070(0.131) -- Acc 0.940/0.430(0.958)
[0 1 1 0 1 1 1 1 1 1 1 1 1 0 1 1 1 1 1 1 0 1 1 1 1 1 0 1 0 1 1 1 1 1 0 0 1
 0 1 1 1 1 1 1 1 0 0 0 0 0 0 1 1 1 1 0 0 1 0 0 1 1 1 0 1 1 1 1 1 1 1 1 0 1
 1 0 1 0 1 1 0 1 0 0 1 0 0 1 0 1 1 1 1 0 1 1 1 1 1 0]
At 27301/30000: COST 0.061/3.449(0.119) -- Acc 0.980/0.400(0.960)
[1 1 1 1 0 1 1 0 1 0 1 1 1 1 1 1 1 1 0 1 0 1 1 0 1 0 1 1 1 1 0 1 1 1 1 1 1
 0 1 0 1 1 1 1 1 1 1 1 1 1 0 0 0 0 1 1 1 1 0 1 0 0 1 0 1 1 0 1 0 1 0 1 1 1
 0 0 1 1 1 1 0 1 1 0 1 1 1 1 0 0 1 1 0 1 1 0 0 1 0 1]
At 27401/30000: COST 0.093/3.851(0.114) -- Acc 0.960/0.400(0.962)
[1 1 0 0 1 1 1 1 1 1 0 1 1 0 0 0 1 1 0 0 0 1 0 1 1 1 1 1 1 1 1 1 0 1 1 1 1
 1 0 1 1 1 1 1 1 1 0 1 0 0 0 1 1 0 1 1 1 0 1 1 0 1 1 1 0 0 1 1 1 1 1 0 0 1
 1 0 1 1 0 1 1 1 1 1 1 0 0 1 0 1 0 0 1 1 1 0 1 1 1 1]
At 27501/30000: COST 0.092/3.429(0.122) -- Acc 0.980/0.420(0.961)
[1 0 1 1 0 1 1 1 0 0 1 1 1 0 1 1 1 0 1 0 1 1 1 1 1 0 1 0 0 1 0 1 1 0 0 1 1
 0 1 1 1 0 1 0 0 0 1 1 1 1 1 1 0 1 1 1 1 0 0 0 0 0 0 1 0 0 1 0 1 0 1 1 1 1
 1 1 1 1 1 1 1 1 1 1 1 1 1 1 1 0 1 0 1 1 1 1 1 1 0 1]
At 27601/30000: COST 0.110/3.484(0.125) -- Acc 0.940/0.410(0.959)
[1 1 1 1 1 1 1 1 1 0 1 0 1 1 1 0 1 1 1 1 0 0 1 1 1 1 1 1 0 1 1 1 1 1 0 1 1
 1 1 0 0 0 1 0 1 0 0 0 0 1 0 1 1 1 0 1 1 0 0 1 0 1 1 0 0 1 0 0 1 1 0 0 1 1
 1 1 1 0 1 1 1 1 0 1 0 0 1 1 1 0 0 0 1 1 1 1 1 1 1 1]
At 27701/30000: COST 0.118/3.491(0.122) -- Acc 0.950/0.460(0.960)
[1 1 0 1 1 1 1 0 0 1 0 0 0 1 1 0 1 1 1 1 1 1 0 1 1 1 0 0 1 1 1 0 1 0 1 1 0
 1 1 0 0 0 1 1 0 1 0 1 1 1 1 0 1 0 0 0 0 1 0 0 0 0 0 1 1 1 0 1 0 1 1 0 1 0
 1 0 1 1 0 1 1 0 1 1 1 1 0 1 1 0 0 1 1 1 0 1 1 1 0 1]
At 27801/30000: COST 0.100/3.214(0.133) -- Acc 0.970/0.450(0.955)
[1 1 0 0 1 0 1 1 1 0 0 1 0 1 1 0 1 1 1 1 1 1 0 0 1 1 1 0 1 1 0 0 1 1 1 1 0
 1 1 1 0 1 1 1 0 0 0 0 0 1 1 1 1 1 1 0 1 1 1 0 1 1 1 1 1 0 1 1 0 1 0 0 1 1
 1 0 0 0 0 0 0 1 1 1 1 1 1 1 1 1 1 0 0 1 1 1 1 1 1 0]
At 27901/30000: COST 0.132/3.042(0.136) -- Acc 0.970/0.490(0.956)
[1 0 1 1 0 0 0 0 1 1 0 1 1 1 1 0 0 1 1 1 0 1 1 1 1 1 1 1 1 1 1 0 1 1 0 1 1
 0 1 1 1 1 1 1 0 1 0 1 1 0 0 1 1 0 0 1 0 0 0 1 1 0 0 0 1 0 1 1 1 1 1 1 1 1
 1 1 1 1 0 0 1 0 0 0 1 1 0 0 1 1 1 1 0 1 1 1 1 1 1 0]
At 28001/30000: COST 0.098/3.296(0.135) -- Acc 0.960/0.450(0.956)
[1 0 1 1 1 0 0 1 1 1 1 1 1 0 1 1 0 1 1 1 1 1 1 0 1 1 1 1 1 1 1 1 1 1 1 1 1
 0 1 1 0 1 1 1 1 0 0 0 1 1 1 1 1 1 1 1 1 1 1 1 1 1 1 0 1 1 1 0 1 0 0 0 0 1
 1 1 0 1 1 1 0 1 0 1 1 1 0 1 0 0 1 1 1 0 1 1 1 1 0 1]
At 28101/30000: COST 0.125/3.317(0.143) -- Acc 0.950/0.420(0.955)
[0 1 1 0 1 1 1 1 1 1 1 0 1 1 1 1 1 0 1 1 1 1 1 1 1 1 1 1 0 1 1 1 1 1 0 1 1
 1 1 1 1 1 1 0 1 0 0 0 1 1 1 0 1 1 1 1 1 1 1 0 1 1 1 1 1 1 1 1 1 0 1 1 0 1
 1 1 1 0 1 1 0 0 1 1 0 0 1 1 1 1 0 1 1 1 1 0 0 0 1 0]
At 28201/30000: COST 0.168/2.926(0.148) -- Acc 0.980/0.430(0.953)
[0 1 1 0 1 1 0 1 1 1 1 0 1 0 1 1 0 1 1 1 1 0 0 1 1 1 1 1 0 1 1 1 1 1 1 1 0
 1 1 1 1 0 1 0 1 1 1 1 1 1 0 1 0 0 1 1 1 1 1 0 0 1 0 0 1 1 1 0 1 1 1 0 1 0
 1 1 1 0 1 1 0 1 1 0 0 1 1 0 1 0 1 1 1 1 1 1 1 0 0 1]
At 28301/30000: COST 0.122/2.893(0.145) -- Acc 0.950/0.470(0.954)
[0 1 1 1 0 1 0 0 1 0 1 1 1 0 1 0 1 1 1 1 1 1 1 1 1 0 1 1 1 1 0 0 1 0 0 0 1
 1 0 0 0 1 1 1 1 1 1 1 0 1 0 0 0 0 0 1 1 1 1 0 0 0 1 1 1 1 1 1 0 1 0 0 1 1
 1 1 1 1 1 1 1 1 1 0 1 0 0 1 1 1 1 1 1 1 1 1 1 0 1 1]
At 28401/30000: COST 0.080/2.808(0.147) -- Acc 0.960/0.450(0.954)
[1 1 1 1 1 1 0 0 1 1 1 1 1 1 1 1 1 0 1 1 0 1 1 1 0 0 1 0 1 1 1 1 0 0 0 1 0
 0 1 0 1 0 1 1 0 1 0 1 1 0 1 1 1 1 1 1 0 1 1 0 1 1 0 1 1 1 1 1 1 0 0 1 1 1
 1 0 0 1 0 1 1 1 1 0 1 0 1 1 1 1 1 1 1 1 1 1 0 1 1 1]
At 28501/30000: COST 0.057/3.160(0.134) -- Acc 0.990/0.450(0.957)
[0 0 0 1 0 1 0 1 0 1 1 1 1 1 0 1 1 1 1 1 1 0 1 0 1 0 1 1 1 1 1 0 1 0 0 1 0
 1 1 1 1 1 0 1 1 1 1 1 0 1 0 1 1 1 1 1 0 0 0 1 0 1 0 1 1 0 1 1 0 1 1 1 0 1
 1 0 0 1 0 0 0 1 0 1 1 0 0 0 0 1 1 0 1 1 0 0 0 1 1 1]
At 28601/30000: COST 0.076/3.153(0.126) -- Acc 0.970/0.500(0.958)
[1 0 0 0 0 0 1 0 1 1 1 1 1 1 1 0 1 0 1 1 0 1 0 1 0 1 1 1 1 1 1 1 0 1 1 0 1
 1 1 1 0 1 0 0 0 0 1 0 0 1 0 1 1 1 1 1 1 1 0 0 1 0 0 0 1 1 1 1 1 0 1 1 1 1
 1 0 0 1 1 1 1 1 1 0 1 0 0 1 0 1 1 1 0 1 1 0 1 1 1 1]
At 28701/30000: COST 0.079/3.354(0.136) -- Acc 0.980/0.460(0.958)
[1 1 1 1 1 1 0 1 1 1 1 1 0 0 1 1 1 1 0 1 0 0 1 1 0 0 1 0 1 1 0 1 1 1 1 1 1
 0 1 0 1 0 1 0 1 1 0 0 0 1 1 0 0 1 1 0 0 1 1 1 1 1 0 0 0 1 1 1 0 0 1 1 1 1
 1 0 1 1 1 0 1 0 0 0 1 1 0 0 1 0 1 0 1 1 1 1 0 1 1 0]
At 28801/30000: COST 0.083/3.112(0.133) -- Acc 0.970/0.440(0.958)
[1 1 1 1 0 1 1 1 0 1 1 0 1 0 1 0 1 1 1 1 1 1 0 1 1 1 0 0 1 0 1 0 0 1 0 0 1
 1 1 1 1 1 0 0 0 1 1 0 0 1 1 0 0 0 0 1 1 1 0 1 1 1 0 1 0 1 0 0 1 1 0 1 1 1
 1 1 1 1 1 1 1 1 1 1 1 0 1 1 1 0 0 0 0 1 1 1 1 0 1 1]
At 28901/30000: COST 0.165/3.614(0.132) -- Acc 0.940/0.450(0.958)
[1 1 1 0 1 1 0 0 1 1 0 0 0 1 1 1 0 1 1 1 1 0 0 1 1 1 1 1 1 0 0 1 1 1 1 0 0
 0 1 1 1 0 1 0 0 0 0 1 1 1 1 1 1 0 1 1 1 1 1 1 1 1 0 1 1 0 1 1 1 1 0 0 0 1
 1 1 1 0 1 1 1 1 0 0 1 1 1 1 1 0 1 1 0 0 1 1 1 1 1 0]
At 29001/30000: COST 0.097/2.980(0.144) -- Acc 0.970/0.450(0.955)
[1 1 1 1 1 1 1 0 1 0 0 1 1 1 1 1 1 1 0 1 1 1 1 1 0 1 1 1 1 1 1 1 1 1 1 1 1
 0 0 1 1 1 1 1 1 0 0 1 1 1 0 1 1 0 0 0 0 1 0 1 1 1 1 0 1 1 1 1 0 1 0 1 0 0
 1 1 1 1 0 1 0 1 1 0 1 1 0 0 1 1 0 0 1 0 0 1 1 1 1 1]
At 29101/30000: COST 0.065/3.314(0.135) -- Acc 0.990/0.440(0.956)
[0 1 0 0 0 1 1 1 1 1 0 0 1 0 1 1 1 1 1 1 0 1 1 0 1 1 1 0 0 1 1 1 0 1 0 1 0
 0 1 1 1 1 1 0 1 0 1 1 0 0 1 1 1 1 1 1 1 1 1 1 1 1 1 1 1 1 1 0 1 1 0 1 1 0
 0 1 0 1 1 0 1 1 1 1 0 1 1 0 0 1 1 0 1 1 1 1 0 0 1 1]
At 29201/30000: COST 0.118/3.978(0.120) -- Acc 0.960/0.420(0.960)
[1 1 1 1 0 1 1 0 1 0 0 1 1 1 1 0 1 0 1 1 0 0 1 1 1 1 1 0 0 1 1 0 1 1 1 1 1
 0 1 1 1 1 1 0 1 0 1 1 1 1 0 1 0 1 1 1 1 1 1 1 1 1 0 1 1 1 1 1 1 1 0 1 1 0
 1 0 0 1 1 0 0 1 1 1 0 1 0 1 0 0 1 1 1 0 1 1 1 1 0 0]
At 29301/30000: COST 0.077/3.334(0.125) -- Acc 0.980/0.430(0.959)
[1 1 0 1 0 0 0 0 1 1 1 0 0 1 1 0 1 1 1 1 1 1 1 1 1 1 1 1 1 0 1 1 1 1 0 1 1
 1 0 0 1 1 1 1 1 1 1 1 1 1 1 0 0 0 0 0 1 0 1 0 0 1 1 1 1 1 1 1 1 0 1 0 0 1
 1 0 0 1 0 0 1 1 0 0 1 1 1 1 1 1 1 1 1 1 1 1 1 1 0 1]
At 29401/30000: COST 0.155/3.922(0.112) -- Acc 0.950/0.450(0.962)
[0 1 0 1 1 0 1 1 0 1 1 1 0 1 0 1 1 0 0 1 1 1 1 1 1 1 1 0 0 1 1 1 1 1 1 1 1
 1 1 1 0 1 1 0 1 0 1 1 0 1 1 1 1 0 1 0 1 1 1 1 0 1 0 1 1 1 1 0 0 1 0 0 1 0
 1 1 0 0 1 1 1 0 1 1 1 0 0 0 1 0 0 1 1 1 1 1 1 1 0 1]
At 29501/30000: COST 0.316/3.185(0.134) -- Acc 0.910/0.430(0.957)
[0 1 0 1 1 1 1 1 1 1 0 1 1 1 1 0 1 0 1 1 1 0 0 1 1 1 1 0 1 1 1 1 1 1 1 1 1
 0 1 0 1 1 1 0 1 1 1 1 1 1 0 1 1 1 0 1 1 0 1 0 0 1 1 0 0 1 1 0 1 1 1 1 0 1
 1 1 1 1 1 1 1 1 1 1 1 1 1 0 1 0 0 1 0 1 0 1 1 1 0 1]
At 29601/30000: COST 0.090/2.866(0.159) -- Acc 0.970/0.390(0.949)
[1 1 1 0 0 1 1 1 1 1 0 1 1 0 1 1 1 0 1 1 1 1 1 0 0 1 0 1 0 1 1 1 0 0 1 1 1
 0 1 1 1 1 1 1 0 1 1 1 0 1 1 1 1 1 1 0 1 0 0 1 1 0 1 1 1 1 1 1 1 1 1 0 0 1
 1 1 0 0 0 0 1 1 1 0 1 1 0 1 0 1 1 1 1 1 0 1 0 0 1 1]
At 29701/30000: COST 0.267/2.843(0.174) -- Acc 0.900/0.410(0.943)
[1 1 1 0 1 1 0 1 1 0 1 1 1 0 0 1 0 0 1 1 1 1 1 1 1 1 0 0 1 1 0 1 1 1 1 1 1
 0 1 0 1 1 1 1 1 1 1 0 1 1 1 0 1 1 1 1 1 0 1 0 1 1 1 0 1 1 0 0 0 0 0 1 0 1
 0 0 0 1 0 1 1 1 0 1 1 1 1 0 1 0 1 1 1 0 1 0 1 1 0 0]
At 29801/30000: COST 0.147/2.671(0.155) -- Acc 0.950/0.490(0.951)
[1 0 1 1 1 1 1 0 1 0 1 1 1 1 0 0 1 0 0 1 0 0 1 0 0 1 0 0 1 0 1 0 1 1 1 1 1
 1 1 1 1 1 1 1 1 0 1 0 0 1 0 1 1 1 1 0 1 1 1 1 0 1 0 0 1 1 1 1 1 1 1 1 0 1
 1 1 1 1 1 0 0 0 1 1 1 1 0 0 0 1 1 0 1 0 1 1 1 1 1 0]
At 29901/30000: COST 0.349/2.767(0.154) -- Acc 0.910/0.460(0.952)
