Train 694 samples in approximately 4322 epochs
Finished computation graph
[0 1 1 0 1 0 0 1 1 0 0 0 0 0 0 0 0 0 0 0 0 0 0 0 0 0 0 0 1 0 0 1 0 0 0 1 0
 0 0 0 0 0 0 1 0 1 0 0 0 0 0 0 1 0 0 0 1 0 0 0 0 1 1 0 0 0 0 1 1 0 0 0 0 0
 0 1 0 1 0 0 0 0 0 0 1 0 0 0 1 0 1 0 0 0 0 0 1 0 0 0]
At     1/30000: COST 0.698/0.689(0.693) -- Acc 0.510/0.570(0.010)
[1 1 1 1 1 1 1 1 1 1 1 1 1 1 1 1 1 1 1 1 1 1 1 1 1 1 1 1 1 1 1 1 1 1 1 1 1
 1 1 1 1 1 1 1 1 1 1 1 1 1 1 1 1 1 1 0 1 1 0 1 1 1 1 1 1 1 1 1 0 1 1 1 1 1
 0 1 1 1 1 1 1 1 1 1 1 1 0 1 1 0 0 0 1 1 1 0 1 1 1 1]
At   101/30000: COST 0.684/0.702(0.693) -- Acc 0.550/0.500(0.338)
[1 1 1 0 1 0 1 1 1 1 1 1 1 1 0 0 1 0 1 1 1 0 1 0 1 1 1 1 1 1 1 0 1 1 1 1 1
 0 0 0 1 1 1 0 1 1 0 0 1 1 1 1 1 1 1 1 0 1 0 1 0 0 1 0 0 1 1 1 1 0 0 1 1 0
 0 0 1 1 0 1 1 0 1 0 0 1 1 1 1 1 1 1 1 0 1 1 1 1 1 1]
At   201/30000: COST 0.702/0.696(0.688) -- Acc 0.500/0.530(0.472)
[0 1 1 0 1 1 1 0 0 1 1 0 1 1 1 1 1 1 1 1 1 1 0 1 0 1 0 0 1 0 1 0 1 0 1 0 0
 1 1 1 1 1 1 1 0 1 1 0 1 1 0 1 0 1 1 1 1 0 1 1 1 1 1 0 1 1 1 1 0 1 1 1 1 1
 1 1 1 0 1 1 0 1 1 0 1 0 0 1 1 0 1 0 1 0 1 0 1 1 0 1]
At   301/30000: COST 0.672/0.701(0.686) -- Acc 0.570/0.560(0.524)
[1 1 0 1 0 1 1 0 1 1 0 0 1 0 0 1 1 1 0 1 1 1 1 1 0 1 1 0 0 0 0 1 0 1 0 0 0
 1 0 1 0 1 1 1 1 1 1 1 1 0 0 1 0 1 1 1 0 1 1 1 1 0 1 1 0 1 1 1 1 0 0 1 1 1
 1 1 0 0 1 1 1 1 0 1 0 1 0 1 1 0 1 0 1 1 1 0 0 0 1 1]
At   401/30000: COST 0.665/0.704(0.681) -- Acc 0.570/0.460(0.556)
[1 0 1 1 1 1 1 0 0 1 1 1 0 1 1 0 1 1 1 1 1 1 1 1 1 0 0 0 1 0 1 0 1 1 0 0 1
 0 1 1 1 0 1 1 0 1 1 0 0 0 1 0 0 1 1 1 0 1 1 1 1 1 0 1 0 0 1 0 1 0 1 1 1 0
 1 1 1 1 1 1 1 1 1 1 1 0 0 1 1 1 1 1 1 0 0 1 0 0 1 1]
At   501/30000: COST 0.694/0.709(0.679) -- Acc 0.550/0.520(0.559)
[1 0 1 1 1 1 1 0 0 1 1 1 0 0 1 0 0 1 0 0 1 1 0 1 1 0 1 1 0 1 1 1 1 1 1 1 0
 1 1 1 0 1 0 1 1 1 0 1 1 0 1 1 1 1 1 1 1 1 1 1 1 1 1 1 0 1 1 1 0 1 1 1 0 1
 0 0 1 1 0 1 1 1 0 0 1 1 0 1 1 0 1 1 1 0 1 1 1 1 0 0]
At   601/30000: COST 0.689/0.725(0.679) -- Acc 0.540/0.550(0.565)
[1 1 0 1 0 1 1 1 1 0 0 1 1 0 1 1 1 1 1 1 0 1 0 1 1 1 0 1 1 0 0 1 1 1 0 1 1
 1 1 0 1 1 1 1 1 1 1 1 0 1 1 1 1 0 0 0 0 1 1 1 0 1 0 0 0 1 0 1 1 0 1 0 0 0
 1 1 1 1 1 1 0 1 1 1 1 1 1 1 1 1 1 1 1 1 0 1 1 1 0 0]
At   701/30000: COST 0.657/0.693(0.677) -- Acc 0.580/0.530(0.575)
[1 1 0 1 0 1 1 0 0 1 1 1 1 1 0 0 1 0 0 0 0 1 0 1 1 1 0 1 1 1 1 0 1 0 0 0 0
 1 1 1 1 1 1 1 0 0 1 1 1 1 0 1 0 1 1 1 1 0 1 1 0 1 0 1 0 0 1 1 0 1 0 1 1 1
 1 1 0 1 0 0 1 1 1 0 1 0 1 1 1 0 1 1 1 0 1 1 1 1 0 1]
At   801/30000: COST 0.660/0.718(0.671) -- Acc 0.580/0.530(0.585)
[1 1 1 1 1 1 1 1 1 1 1 1 0 1 1 1 1 1 1 1 1 0 1 1 1 1 1 1 1 1 0 0 0 1 0 0 1
 0 0 0 0 1 0 1 0 0 1 1 1 0 1 1 0 1 1 0 1 0 1 1 1 1 0 1 0 1 1 1 1 0 1 0 0 1
 0 0 1 1 1 1 1 1 1 0 1 1 1 0 0 0 1 0 1 1 1 0 0 1 0 0]
At   901/30000: COST 0.595/0.720(0.659) -- Acc 0.720/0.510(0.604)
[1 0 0 1 1 1 1 1 1 0 1 1 0 1 1 1 0 1 1 0 1 1 0 1 1 1 1 1 0 1 0 1 1 1 1 1 0
 0 1 1 0 1 0 0 1 0 0 1 1 0 1 0 0 1 0 1 1 0 0 1 0 1 1 1 0 1 0 0 1 1 1 0 1 0
 1 0 1 0 0 1 1 1 0 1 1 1 0 0 1 1 1 0 0 0 1 0 1 1 1 0]
At  1001/30000: COST 0.616/0.749(0.642) -- Acc 0.680/0.540(0.628)
[0 1 1 0 0 1 0 1 1 1 1 1 1 1 1 1 1 1 1 1 0 0 0 1 1 1 1 1 0 0 0 0 1 1 0 1 0
 1 1 1 1 0 1 0 1 1 0 1 1 0 1 1 1 0 1 1 0 1 1 1 1 0 0 0 0 1 1 1 1 1 1 0 0 0
 1 0 1 1 1 1 1 0 0 1 0 1 1 0 1 0 1 0 0 0 1 1 0 1 0 1]
At  1101/30000: COST 0.625/0.782(0.620) -- Acc 0.630/0.600(0.651)
[1 1 1 1 0 0 1 1 1 1 1 1 1 0 0 1 1 1 1 1 1 1 1 0 1 1 1 1 0 1 1 0 0 0 0 0 0
 1 1 1 0 1 1 0 1 1 0 0 1 0 0 1 1 0 0 0 1 1 0 0 1 1 0 1 0 0 1 1 1 1 1 0 1 1
 0 1 0 0 0 1 0 0 1 1 1 0 1 1 1 0 0 0 0 0 1 0 1 0 0 1]
At  1201/30000: COST 0.569/0.722(0.601) -- Acc 0.660/0.630(0.669)
[0 1 1 1 0 1 1 1 0 1 0 1 0 0 0 1 0 1 0 1 0 0 0 1 1 1 0 0 1 0 1 0 0 1 1 0 0
 0 0 1 0 1 1 1 0 1 0 0 0 0 0 0 0 0 1 0 0 1 1 0 0 1 1 0 0 0 0 1 1 1 1 0 0 0
 1 1 0 0 1 0 0 0 1 0 0 1 1 1 1 1 1 1 0 0 0 0 0 1 1 0]
At  1301/30000: COST 0.482/0.880(0.575) -- Acc 0.790/0.540(0.693)
[1 0 0 1 0 1 0 1 1 0 1 0 1 1 1 0 1 1 0 0 1 0 1 0 1 0 1 1 1 1 1 1 1 1 0 0 0
 1 1 0 1 0 1 1 1 0 0 0 1 0 1 0 0 1 1 1 1 0 0 1 1 1 1 0 1 1 0 1 1 1 1 0 1 1
 1 0 0 0 1 0 1 0 1 0 1 1 0 0 1 0 0 0 1 1 0 0 0 0 0 0]
At  1401/30000: COST 0.471/0.984(0.537) -- Acc 0.820/0.540(0.722)
[0 1 0 1 1 1 0 0 0 1 1 1 1 0 1 1 0 1 1 1 0 1 0 0 1 0 1 0 1 1 1 1 1 1 0 0 1
 1 1 1 0 0 1 0 0 1 1 1 0 0 1 1 1 0 0 1 1 0 0 1 1 0 1 1 1 1 1 1 1 1 1 0 1 1
 1 1 1 0 1 0 1 0 1 0 0 1 1 1 0 0 0 1 1 0 1 1 0 1 0 1]
At  1501/30000: COST 0.439/1.193(0.498) -- Acc 0.810/0.560(0.750)
[1 1 1 0 0 1 1 1 0 1 1 0 1 0 1 0 0 1 0 1 1 1 0 0 0 0 0 0 1 0 0 1 0 1 1 1 1
 1 0 1 0 0 1 0 1 1 1 1 0 1 0 1 1 0 0 1 0 0 0 1 0 1 0 0 0 0 1 0 0 0 0 1 0 0
 0 0 1 0 1 1 1 1 0 1 1 0 1 1 1 1 0 1 0 1 0 1 1 1 1 0]
At  1601/30000: COST 0.349/1.360(0.445) -- Acc 0.830/0.550(0.784)
[1 1 0 0 0 0 0 1 0 0 0 1 1 1 1 0 1 0 0 0 0 1 0 0 1 1 1 1 0 0 0 0 1 0 0 0 1
 0 0 0 0 1 1 1 0 1 1 1 0 1 1 1 0 1 0 1 1 0 0 0 0 0 1 1 1 0 1 1 1 0 1 0 0 0
 1 1 1 1 0 1 1 0 0 0 1 1 1 0 0 1 0 1 1 1 1 1 1 0 0 0]
At  1701/30000: COST 0.348/1.377(0.394) -- Acc 0.820/0.490(0.816)
[1 0 1 0 1 0 1 1 0 1 0 0 1 0 0 0 0 1 0 1 0 0 1 0 0 0 1 0 1 1 1 0 1 1 0 1 0
 1 1 1 0 0 0 1 0 1 0 0 1 1 0 1 0 1 1 1 1 1 1 0 1 0 0 0 0 0 1 0 1 0 1 1 1 1
 1 1 1 1 0 0 0 0 0 0 0 1 1 1 0 1 1 1 1 0 1 1 1 0 0 0]
At  1801/30000: COST 0.269/1.516(0.338) -- Acc 0.930/0.490(0.849)
[1 1 1 0 1 0 1 1 0 0 1 1 1 1 1 1 0 1 0 0 1 0 1 1 1 1 0 0 0 0 0 0 1 0 1 0 1
 0 0 0 0 1 1 1 1 1 0 1 1 0 0 1 1 1 0 1 1 0 0 0 0 1 0 1 0 0 0 0 1 1 0 1 1 0
 0 1 1 0 0 1 1 1 1 0 1 1 1 1 0 0 1 1 0 1 0 1 1 0 0 1]
At  1901/30000: COST 0.149/1.679(0.259) -- Acc 0.950/0.500(0.893)
[1 1 0 1 0 1 0 1 0 1 1 0 1 0 1 1 0 0 1 0 1 0 1 0 0 0 1 1 0 1 1 0 1 1 1 1 1
 0 1 0 1 0 1 1 0 1 1 0 1 0 0 1 0 1 0 0 1 0 1 0 0 1 1 0 1 0 0 1 0 1 0 0 0 1
 1 0 1 1 1 1 0 1 1 0 0 1 1 1 0 0 0 0 1 1 1 0 1 1 1 0]
At  2001/30000: COST 0.125/1.989(0.202) -- Acc 0.970/0.500(0.920)
[0 0 1 0 1 1 0 0 0 0 0 1 0 0 0 0 1 1 0 0 1 1 1 1 0 1 0 0 1 1 0 1 0 0 0 0 1
 0 1 1 1 0 1 1 0 1 0 0 1 1 0 1 0 1 1 1 1 1 1 0 0 0 1 0 1 0 1 0 0 0 1 0 0 1
 1 1 1 0 1 1 1 1 1 1 0 1 0 1 0 1 1 1 0 1 1 1 0 0 1 1]
At  2101/30000: COST 0.162/2.325(0.187) -- Acc 0.910/0.510(0.927)
[0 0 1 0 1 1 1 1 1 1 0 1 0 0 0 0 0 0 1 0 0 1 0 1 0 1 1 1 0 0 1 1 0 0 1 1 0
 0 1 1 0 1 1 0 1 1 0 0 0 1 0 1 1 1 1 1 1 1 0 1 1 1 1 1 1 1 0 1 1 1 0 1 1 1
 0 1 1 1 1 0 0 1 0 0 0 1 0 1 0 0 0 1 0 0 1 1 0 1 1 0]
At  2201/30000: COST 0.073/2.388(0.141) -- Acc 0.980/0.500(0.949)
[1 0 0 1 0 1 0 1 0 1 0 0 1 1 1 1 0 0 1 0 0 1 1 1 0 0 1 0 0 0 0 0 1 1 1 1 0
 0 1 0 1 1 1 1 0 0 0 0 0 1 1 0 0 0 0 1 0 1 1 1 1 1 1 1 1 1 1 1 1 1 0 0 1 1
 0 1 0 0 0 0 1 1 0 0 0 0 1 1 1 1 0 1 1 1 0 1 1 1 0 1]
At  2301/30000: COST 0.055/2.798(0.108) -- Acc 0.990/0.520(0.964)
[1 1 0 1 0 1 0 1 0 1 0 0 1 0 0 1 0 1 1 0 0 0 1 0 1 0 1 0 0 0 1 1 1 1 1 0 1
 0 0 0 0 0 1 1 1 1 0 1 1 1 1 0 0 0 1 0 0 0 1 0 0 0 0 1 1 0 1 1 1 1 0 1 0 0
 0 0 1 1 1 1 1 1 0 1 0 1 1 0 0 1 1 1 0 1 1 1 0 1 0 0]
At  2401/30000: COST 0.097/2.101(0.110) -- Acc 0.980/0.510(0.965)
[0 0 1 0 0 0 0 0 0 1 1 1 1 0 1 1 0 1 1 0 0 1 0 0 1 1 1 1 1 1 1 1 1 0 1 0 1
 0 1 1 0 1 0 0 1 1 0 1 1 0 1 1 0 0 0 1 1 0 1 1 1 1 0 0 1 1 1 0 0 1 0 1 1 0
 0 1 0 1 0 0 0 1 1 0 0 1 1 0 1 1 1 1 1 0 1 1 1 1 1 0]
At  2501/30000: COST 0.043/3.167(0.074) -- Acc 1.000/0.550(0.978)
[1 1 0 1 0 0 0 0 0 1 0 0 0 0 0 0 0 0 1 1 1 0 0 1 1 1 1 1 0 1 1 0 0 1 0 0 0
 0 0 0 1 0 1 1 1 0 0 1 0 0 1 1 1 1 0 0 0 1 1 0 0 1 1 1 1 0 1 0 1 1 1 0 0 0
 1 1 0 1 0 0 0 1 0 1 1 0 0 0 1 1 1 1 0 1 0 0 1 1 1 0]
At  2601/30000: COST 0.135/2.240(0.090) -- Acc 0.960/0.530(0.971)
[0 1 1 0 1 1 0 0 0 1 1 0 1 0 0 0 1 0 1 0 0 0 1 0 0 1 1 0 1 1 0 1 0 1 0 1 1
 1 0 1 1 0 1 1 0 0 1 1 1 0 1 1 1 1 1 0 1 0 0 0 0 1 0 1 1 0 1 0 1 0 1 1 0 1
 1 1 0 0 1 0 1 0 0 1 1 0 0 1 0 0 0 1 1 0 0 0 1 0 0 0]
At  2701/30000: COST 0.012/2.579(0.057) -- Acc 1.000/0.550(0.983)
[0 1 0 0 0 0 1 0 0 0 0 1 1 0 0 1 0 0 1 1 1 1 1 0 1 1 0 1 0 1 0 1 1 1 1 0 0
 0 1 0 1 0 1 1 0 1 1 1 0 0 1 0 0 0 0 0 0 1 0 0 0 0 0 0 0 1 0 0 1 1 1 1 0 1
 1 1 1 1 0 1 1 1 1 1 1 1 0 1 1 0 0 1 0 0 0 0 1 0 0 0]
At  2801/30000: COST 0.066/3.471(0.032) -- Acc 0.990/0.490(0.991)
[0 0 1 1 1 0 0 0 1 0 1 1 0 1 1 1 1 0 0 1 0 0 1 0 1 1 0 1 0 1 0 0 0 1 1 0 0
 1 1 1 1 0 0 0 1 1 1 1 1 1 0 1 0 0 1 1 0 0 0 1 0 1 1 1 1 0 1 1 0 1 1 0 0 0
 0 0 1 1 1 0 1 1 1 1 0 0 0 1 1 1 1 0 1 1 0 1 1 0 0 1]
At  2901/30000: COST 0.132/3.053(0.069) -- Acc 0.990/0.470(0.980)
[1 1 0 1 1 1 0 1 1 1 0 0 1 1 1 1 0 1 1 1 1 0 0 1 1 1 0 1 0 0 1 0 0 1 0 1 1
 1 1 0 1 1 1 1 1 1 0 0 0 0 0 1 0 1 0 1 0 1 1 0 1 1 0 1 0 1 0 0 0 1 0 0 1 1
 1 0 0 0 1 1 0 0 0 1 0 1 1 1 0 1 1 1 1 1 0 1 1 0 0 0]
At  3001/30000: COST 0.004/3.274(0.044) -- Acc 1.000/0.530(0.988)
[0 0 0 0 0 1 1 0 1 0 1 0 1 0 0 1 1 1 1 0 0 0 1 1 1 0 0 1 0 1 1 0 1 0 1 0 1
 1 1 0 0 0 0 1 1 0 1 1 0 1 1 0 1 1 1 1 1 1 1 0 1 1 0 1 1 1 1 0 1 1 1 0 1 0
 1 0 1 1 1 0 1 0 1 1 1 1 0 0 0 0 1 0 0 1 0 0 0 0 1 0]
At  3101/30000: COST 0.010/3.735(0.021) -- Acc 1.000/0.500(0.995)
[0 1 0 0 0 0 0 1 1 0 0 0 0 1 1 1 1 1 0 0 0 1 0 1 1 1 0 0 0 0 0 1 0 0 0 0 1
 1 0 0 0 1 0 1 0 1 0 1 0 1 0 1 0 0 0 0 1 1 0 1 1 1 1 1 0 0 1 0 1 1 1 0 1 1
 1 1 0 1 1 1 1 1 1 1 0 1 1 0 1 0 1 1 1 1 1 0 0 1 1 0]
At  3201/30000: COST 0.219/3.709(0.042) -- Acc 0.930/0.520(0.990)
[0 1 0 0 0 0 0 1 0 1 0 1 1 0 0 1 1 0 1 1 1 1 0 1 0 0 0 0 1 1 0 1 1 0 1 0 1
 0 0 1 0 1 0 1 0 0 1 0 1 1 1 1 1 1 1 1 1 0 1 1 0 1 1 1 0 0 1 0 0 1 1 1 1 0
 1 0 0 0 1 0 1 1 0 0 1 0 1 1 0 0 1 0 1 0 1 1 0 1 0 0]
At  3301/30000: COST 0.023/3.448(0.059) -- Acc 1.000/0.500(0.983)
[0 1 0 0 0 1 0 0 0 1 0 0 1 1 1 1 0 1 0 1 0 1 1 1 1 0 1 1 0 1 0 1 1 0 1 0 0
 1 1 0 0 0 1 1 0 1 0 1 1 1 1 0 0 1 0 1 0 0 1 1 0 1 1 0 1 1 1 0 1 0 1 0 1 0
 1 0 1 0 1 0 1 1 0 0 1 1 0 1 0 0 1 1 1 0 0 1 1 1 1 1]
At  3401/30000: COST 0.008/3.573(0.028) -- Acc 1.000/0.510(0.993)
[0 0 0 1 1 0 1 1 0 1 1 1 0 1 0 0 1 0 0 1 0 0 1 0 1 1 0 1 0 1 1 0 0 1 1 0 0
 1 1 1 1 1 1 1 0 1 1 1 1 0 1 0 0 0 1 0 0 1 0 0 1 1 1 0 1 1 1 0 0 1 0 0 0 1
 0 0 0 0 0 0 1 1 1 0 1 0 1 1 0 1 1 1 1 0 0 1 1 1 0 1]
At  3501/30000: COST 0.002/3.688(0.014) -- Acc 1.000/0.410(0.997)
[1 1 1 0 0 1 1 1 0 1 0 1 1 0 0 0 0 0 1 0 0 0 0 1 0 0 0 1 0 1 1 0 1 1 0 0 1
 1 0 1 0 0 1 1 1 0 0 1 0 0 1 1 1 1 1 1 0 1 0 1 0 0 1 1 1 0 1 1 1 0 1 0 1 0
 0 0 1 1 1 1 0 1 0 1 1 1 1 0 1 1 1 0 0 1 1 0 0 1 0 1]
At  3601/30000: COST 0.002/4.124(0.008) -- Acc 1.000/0.440(0.999)
[1 1 0 0 0 0 1 1 0 1 1 1 0 0 0 0 1 0 1 1 1 0 1 0 1 0 1 1 1 1 1 0 0 1 0 1 1
 1 1 1 0 1 0 1 0 0 0 0 1 1 1 1 1 0 1 0 1 0 0 1 0 1 1 0 0 1 1 0 0 1 0 0 1 1
 1 1 0 1 1 1 0 1 0 0 0 0 0 0 1 1 1 1 0 1 1 0 1 0 1 0]
At  3701/30000: COST 0.005/4.238(0.005) -- Acc 1.000/0.420(0.999)
[0 1 0 1 1 1 1 1 1 1 1 1 1 0 0 0 0 1 1 0 0 1 0 0 0 1 1 1 1 0 1 0 0 0 0 1 1
 0 1 0 1 0 0 0 1 0 0 1 0 1 0 1 1 1 1 1 1 0 1 0 0 1 0 1 0 0 0 1 1 0 1 1 0 1
 1 0 0 1 0 0 0 1 0 1 1 1 0 1 0 1 0 0 1 1 1 1 1 1 0 0]
At  3801/30000: COST 0.003/4.482(0.004) -- Acc 1.000/0.430(1.000)
[0 1 0 1 1 1 1 0 1 0 1 1 1 0 1 0 0 0 1 1 0 1 0 1 0 0 0 1 1 1 0 0 0 1 1 1 1
 0 0 0 0 0 0 1 1 0 0 0 0 0 0 1 0 1 0 1 0 1 1 0 1 0 0 1 0 1 0 1 0 1 1 1 0 1
 1 0 1 0 0 0 1 1 0 0 1 1 1 0 0 0 1 1 1 1 0 1 1 0 1 0]
At  3901/30000: COST 0.266/2.976(0.065) -- Acc 0.900/0.530(0.981)
[0 0 1 1 1 0 0 0 0 0 1 0 1 0 0 1 1 1 0 0 1 0 1 1 0 0 0 1 1 1 1 0 0 0 1 1 1
 1 0 1 1 1 1 0 1 1 0 0 1 1 0 0 0 0 0 0 1 1 1 1 1 0 0 0 0 0 0 1 0 0 1 1 1 1
 0 1 1 0 1 0 0 0 1 1 1 0 1 1 0 1 1 0 1 1 0 1 1 1 0 1]
At  4001/30000: COST 0.012/3.298(0.068) -- Acc 1.000/0.520(0.980)
[1 1 1 1 1 1 0 0 1 0 0 1 1 1 1 0 1 1 0 0 0 1 1 1 1 1 0 1 0 0 0 1 0 0 1 0 1
 1 1 0 1 1 1 1 0 1 0 0 0 1 0 0 1 0 1 1 0 0 0 0 1 1 1 1 0 0 0 1 0 0 1 0 0 0
 0 0 0 1 0 0 1 1 0 1 1 0 1 1 1 1 1 0 0 1 0 1 0 0 0 0]
At  4101/30000: COST 0.007/3.725(0.032) -- Acc 1.000/0.480(0.991)
[1 0 0 1 0 1 1 0 1 0 1 1 1 0 0 0 1 0 1 0 0 0 1 0 1 1 0 1 1 1 0 0 0 0 0 1 1
 0 1 1 1 0 1 1 1 0 0 1 0 0 1 1 0 0 0 0 0 1 0 0 0 0 0 0 1 0 1 1 1 0 1 0 1 0
 1 0 0 0 0 1 0 1 1 1 0 1 0 0 0 1 1 1 0 1 0 1 1 0 1 1]
At  4201/30000: COST 0.011/4.053(0.015) -- Acc 1.000/0.490(0.997)
[0 1 1 0 1 0 0 1 0 1 0 0 0 1 1 1 0 1 1 0 1 1 0 0 0 0 0 0 0 0 0 1 0 1 1 0 0
 0 0 0 0 0 1 1 1 1 0 1 1 1 0 1 0 1 0 1 0 1 0 1 0 0 0 1 0 1 1 1 1 1 1 0 1 0
 1 0 0 1 0 0 1 0 0 0 1 0 1 1 0 1 1 1 0 1 0 0 1 0 1 0]
At  4301/30000: COST 0.005/4.075(0.008) -- Acc 1.000/0.480(0.999)
[0 0 0 0 1 1 0 1 1 0 1 1 1 0 1 1 0 1 1 1 1 1 1 0 1 0 0 1 0 1 0 1 1 0 0 1 0
 0 0 1 1 1 0 0 1 0 0 1 0 1 0 1 1 1 0 0 1 0 1 1 0 0 0 1 0 0 0 1 1 0 0 0 0 0
 1 1 0 1 1 1 1 1 1 0 1 1 1 1 1 1 1 0 1 0 1 0 0 0 1 0]
At  4401/30000: COST 0.001/4.043(0.004) -- Acc 1.000/0.470(0.999)
[0 1 1 0 0 1 1 0 1 1 1 1 0 0 1 1 0 1 1 1 1 0 1 0 0 0 1 1 0 1 1 1 0 1 1 0 1
 1 0 0 1 1 1 1 0 1 1 1 0 0 1 1 0 1 1 1 0 1 1 0 1 0 1 1 0 0 1 1 0 1 0 0 1 0
 1 0 1 1 0 1 1 1 1 0 0 1 1 1 1 1 0 0 1 1 1 0 1 0 0 0]
At  4501/30000: COST 0.056/4.111(0.032) -- Acc 0.980/0.440(0.991)
[1 0 1 1 0 1 1 1 0 1 0 1 1 0 0 0 0 0 1 1 1 0 1 0 1 1 0 0 0 0 1 0 0 0 1 0 1
 0 1 1 1 0 1 1 1 0 1 0 0 1 1 1 1 0 0 0 0 1 0 1 1 1 1 0 1 0 1 1 1 0 0 1 1 0
 1 0 0 0 1 1 0 1 1 1 1 1 1 0 1 0 1 1 0 0 1 0 1 1 0 1]
At  4601/30000: COST 0.078/3.132(0.095) -- Acc 0.970/0.470(0.971)
[1 1 0 0 1 1 1 1 0 1 1 0 1 1 1 0 1 1 0 0 0 1 1 0 0 1 0 0 0 1 0 1 1 0 1 0 1
 1 0 0 0 1 1 1 0 0 0 1 1 0 0 0 1 0 1 1 1 1 0 1 0 1 0 0 1 0 1 1 1 0 1 1 1 0
 0 1 0 0 0 1 0 1 1 0 0 1 1 0 1 1 1 1 0 0 1 1 0 1 0 1]
At  4701/30000: COST 0.009/3.598(0.060) -- Acc 1.000/0.440(0.983)
[0 1 0 0 1 0 1 1 0 1 1 0 1 1 0 1 0 1 0 1 0 1 1 0 1 0 1 1 1 1 1 1 1 0 0 1 1
 1 0 0 1 1 0 0 1 1 1 0 1 0 1 1 0 0 0 1 1 1 1 0 1 0 0 1 0 1 1 1 0 1 0 1 0 1
 0 1 1 0 1 0 1 1 1 1 1 1 1 1 1 0 0 1 0 1 0 1 0 1 0 0]
At  4801/30000: COST 0.003/4.319(0.026) -- Acc 1.000/0.490(0.993)
[1 0 1 0 0 1 0 0 1 1 0 1 1 1 1 1 0 0 0 1 0 0 1 1 0 1 1 1 0 1 0 0 0 0 0 1 0
 1 0 0 1 0 1 0 1 1 0 0 1 0 1 0 1 0 0 0 0 1 0 1 1 1 1 1 1 1 1 1 0 1 0 1 0 1
 0 1 1 0 0 0 1 1 0 1 0 0 1 1 1 1 1 1 1 1 1 1 0 1 1 0]
At  4901/30000: COST 0.006/4.454(0.012) -- Acc 1.000/0.490(0.997)
[0 0 0 0 1 0 0 0 0 0 1 1 1 0 0 0 1 1 0 0 1 1 0 1 0 0 1 1 1 1 1 1 1 1 1 1 1
 1 0 0 1 1 1 1 1 1 1 0 0 0 0 1 0 0 0 0 1 0 0 1 1 1 1 1 0 1 1 1 1 0 1 1 0 1
 0 1 1 0 1 0 1 1 1 0 1 1 0 1 1 0 0 1 1 1 1 1 0 0 0 0]
At  5001/30000: COST 0.001/4.823(0.007) -- Acc 1.000/0.520(0.999)
[1 1 0 1 1 1 0 1 0 1 1 0 1 1 1 1 0 1 0 1 1 0 0 0 1 1 0 1 1 1 0 1 1 1 0 1 0
 0 1 0 1 1 0 0 1 1 1 1 1 1 1 1 1 0 1 1 0 0 1 0 0 1 0 1 0 1 1 1 1 0 0 1 0 1
 0 1 1 1 1 1 0 0 0 0 0 0 1 1 0 0 0 0 1 1 0 0 0 0 1 1]
At  5101/30000: COST 0.001/4.784(0.004) -- Acc 1.000/0.510(0.999)
[1 1 1 1 1 1 1 0 1 0 1 1 0 1 1 0 1 0 0 0 1 1 0 0 0 1 0 0 0 1 1 0 1 0 0 1 0
 0 1 1 0 0 0 1 0 0 1 0 1 0 1 1 1 0 1 1 1 1 1 0 0 0 0 1 0 1 1 1 1 0 1 1 0 0
 1 0 1 1 0 1 1 0 1 0 1 0 1 1 1 1 1 1 0 0 1 0 1 1 0 0]
At  5201/30000: COST 0.003/4.781(0.003) -- Acc 1.000/0.530(1.000)
[1 0 1 0 1 0 1 0 0 0 1 0 1 1 1 0 1 0 0 1 0 0 1 0 0 0 0 1 1 0 1 1 1 0 1 0 1
 0 0 0 1 1 1 0 1 1 1 1 1 1 1 1 0 0 1 0 1 0 1 0 1 1 1 1 1 1 0 0 0 1 1 0 1 1
 1 0 1 0 1 0 1 1 0 0 0 1 0 0 1 0 0 1 0 0 0 0 0 1 1 1]
At  5301/30000: COST 0.062/3.077(0.086) -- Acc 0.970/0.500(0.977)
[1 1 1 1 0 1 1 1 1 1 0 1 0 0 1 1 0 0 0 1 0 1 1 0 1 0 0 0 0 0 1 1 1 0 0 1 1
 0 1 1 0 1 0 0 1 0 1 1 1 1 1 0 0 1 1 0 0 1 1 0 1 0 1 1 0 1 0 1 0 0 0 0 1 1
 1 1 0 0 1 0 0 0 1 0 1 0 0 0 1 1 0 0 1 0 1 0 1 1 0 0]
At  5401/30000: COST 0.015/3.958(0.051) -- Acc 1.000/0.470(0.987)
[1 0 0 1 0 0 1 1 1 1 1 0 1 1 0 1 0 1 1 0 1 0 0 1 0 0 0 1 0 0 1 1 1 0 0 0 1
 0 0 1 0 1 1 1 1 0 1 0 0 1 0 0 1 0 0 1 1 1 0 0 0 0 1 0 1 0 1 0 1 1 1 1 0 1
 0 1 1 0 1 0 1 1 1 1 1 0 0 0 0 0 1 0 1 1 1 1 0 1 0 1]
At  5501/30000: COST 0.003/4.334(0.023) -- Acc 1.000/0.460(0.995)
[0 0 1 1 1 0 0 0 0 0 1 0 0 0 0 1 0 1 1 0 0 1 1 0 1 1 1 1 1 1 0 0 1 1 0 1 1
 1 1 1 1 0 1 0 1 1 1 1 0 1 1 0 0 1 0 1 0 1 0 1 0 0 1 1 1 0 1 0 0 0 1 0 0 0
 1 0 1 1 1 0 0 1 1 1 1 0 1 0 1 1 0 1 1 1 0 1 0 1 0 0]
At  5601/30000: COST 0.004/4.677(0.011) -- Acc 1.000/0.480(0.998)
[0 0 1 0 1 0 1 0 1 0 1 1 0 1 1 0 0 0 0 0 0 0 0 1 0 0 1 0 0 0 1 1 0 1 0 1 1
 1 1 0 0 1 1 0 1 0 0 1 1 0 0 1 1 1 0 0 1 0 1 1 1 0 0 1 1 1 0 1 0 1 1 0 1 0
 1 1 0 0 0 1 1 1 1 1 0 1 0 1 0 1 1 0 1 0 1 1 0 1 1 1]
At  5701/30000: COST 0.079/4.019(0.022) -- Acc 0.960/0.500(0.995)
[0 0 1 1 1 1 1 0 1 0 1 1 0 1 1 1 0 0 1 1 1 1 1 0 0 1 1 1 1 0 1 1 0 0 1 1 0
 1 1 1 1 0 1 0 0 0 1 1 0 0 1 0 1 0 0 0 0 1 1 0 0 0 1 0 0 1 1 1 0 0 0 0 1 0
 0 0 0 0 0 0 1 0 1 0 0 0 0 1 0 0 1 0 1 0 1 0 0 0 1 1]
At  5801/30000: COST 0.016/3.529(0.023) -- Acc 0.990/0.570(0.994)
[1 0 0 1 0 0 0 1 1 0 1 0 1 1 0 0 0 1 0 0 1 0 0 1 1 1 0 0 1 0 0 0 1 0 0 0 1
 1 1 0 1 1 0 0 1 1 1 0 1 1 1 1 0 1 0 1 1 1 1 0 0 1 0 1 0 1 0 1 0 1 1 0 0 0
 0 0 1 0 1 1 1 0 0 0 0 0 1 1 1 0 1 1 0 0 0 1 1 1 0 0]
At  5901/30000: COST 0.003/3.421(0.017) -- Acc 1.000/0.580(0.995)
[1 1 0 1 1 0 0 1 1 0 1 0 0 0 1 1 0 0 0 1 1 0 1 0 0 1 1 1 1 0 1 1 1 0 0 1 1
 0 0 0 1 1 1 0 1 1 0 0 1 0 0 1 1 0 1 0 1 0 0 0 1 1 0 0 0 1 1 1 0 1 1 1 0 1
 0 0 1 0 0 0 1 0 1 1 0 0 1 0 0 0 0 1 0 1 1 0 0 1 0 1]
At  6001/30000: COST 0.003/4.009(0.008) -- Acc 1.000/0.570(0.998)
[0 1 0 1 1 1 1 0 0 1 1 1 1 0 1 0 1 1 0 0 0 1 0 0 0 1 1 0 1 1 1 1 0 1 0 1 0
 1 1 1 1 0 1 0 0 1 1 0 0 0 1 1 1 1 0 0 0 0 0 0 0 1 1 1 0 1 0 1 0 0 0 1 0 0
 0 0 1 1 0 1 0 0 1 1 0 0 1 1 1 0 1 0 1 0 0 1 0 1 0 0]
At  6101/30000: COST 0.003/4.277(0.005) -- Acc 1.000/0.550(0.999)
[0 0 0 0 1 1 0 1 1 1 1 1 1 1 0 1 1 1 1 0 1 0 0 0 0 0 0 0 1 0 0 0 1 1 1 1 0
 0 0 1 1 1 1 0 0 1 1 1 1 0 1 1 0 0 1 1 0 1 1 0 0 0 1 1 1 0 1 1 1 0 0 0 1 1
 0 1 1 1 1 0 0 0 0 1 1 0 0 0 1 0 0 0 1 0 0 1 0 0 0 1]
At  6201/30000: COST 0.004/4.381(0.003) -- Acc 1.000/0.560(1.000)
[1 0 1 1 1 1 0 0 0 1 1 1 1 1 1 0 0 1 1 0 0 1 0 0 1 0 0 0 1 0 1 1 1 0 0 0 0
 0 0 1 0 1 1 0 0 1 1 0 1 0 0 1 0 1 0 1 0 0 0 1 1 0 1 1 0 0 0 0 0 1 1 1 1 0
 0 1 1 0 1 1 1 1 0 0 0 0 1 1 0 0 1 0 0 1 0 1 0 0 1 1]
At  6301/30000: COST 0.001/4.838(0.002) -- Acc 1.000/0.520(1.000)
[0 0 0 0 1 1 0 0 1 1 1 0 0 0 0 0 0 1 0 0 0 1 0 0 1 1 0 0 0 1 1 1 1 1 0 0 1
 0 1 0 1 0 0 0 1 1 1 1 1 0 0 1 1 1 0 1 1 0 0 1 1 1 1 1 0 1 1 1 0 1 1 1 1 1
 1 0 1 0 0 1 1 0 1 1 0 1 0 1 1 0 0 0 1 0 0 0 0 1 0 1]
At  6401/30000: COST 0.001/4.728(0.002) -- Acc 1.000/0.530(1.000)
[1 1 1 1 1 1 0 1 1 1 0 0 1 0 1 1 1 0 1 0 1 0 0 0 1 0 1 1 0 0 1 0 1 1 0 1 1
 1 0 0 1 0 0 0 0 0 0 1 1 1 0 1 1 0 0 0 0 1 1 0 0 1 0 0 1 1 0 0 0 1 1 0 1 1
 1 1 1 0 0 1 0 1 1 0 1 1 0 0 1 1 1 1 0 1 0 1 1 1 0 0]
At  6501/30000: COST 0.135/3.126(0.054) -- Acc 0.970/0.540(0.984)
[1 0 0 0 1 1 1 0 1 1 0 1 0 1 1 0 1 1 1 1 0 0 1 1 0 0 1 0 0 1 1 1 1 0 0 0 1
 0 1 0 1 1 1 0 0 1 0 0 1 1 1 1 1 0 1 1 0 0 1 1 1 1 1 1 1 1 0 0 1 1 1 0 1 1
 0 1 1 1 1 1 1 0 0 0 1 0 0 1 0 0 0 1 0 1 1 0 0 1 1 0]
At  6601/30000: COST 0.007/3.635(0.058) -- Acc 1.000/0.500(0.983)
[1 1 0 1 0 0 0 1 0 1 1 0 0 1 1 0 1 0 0 0 1 1 1 0 1 1 1 1 1 1 0 1 1 1 1 1 0
 1 0 1 0 1 1 1 1 1 0 0 1 1 1 0 0 0 1 1 1 1 0 1 1 1 1 0 1 0 1 1 0 1 0 0 0 0
 0 0 1 1 0 1 0 1 1 0 1 0 0 1 1 0 1 1 0 0 0 1 1 1 0 0]
At  6701/30000: COST 0.003/4.133(0.035) -- Acc 1.000/0.510(0.990)
[1 1 1 1 1 1 1 1 0 1 1 1 0 0 1 1 0 0 0 1 1 0 0 0 1 1 1 1 1 0 1 1 1 1 0 1 0
 0 1 0 0 1 0 0 1 1 1 0 1 1 1 1 0 1 0 0 0 1 0 1 1 0 1 0 1 1 1 1 1 0 1 1 1 1
 0 1 0 0 0 1 0 1 0 0 0 1 0 0 0 0 1 1 0 0 1 0 0 0 1 1]
At  6801/30000: COST 0.001/4.700(0.016) -- Acc 1.000/0.500(0.996)
[1 1 0 1 0 0 0 1 0 1 1 1 1 1 0 0 1 1 0 0 1 1 0 0 0 0 0 1 0 1 0 0 0 0 1 1 1
 1 1 1 1 1 0 1 0 1 0 1 1 1 0 1 0 0 1 0 0 0 1 1 0 1 1 0 1 1 1 1 0 1 0 0 1 1
 0 0 1 0 0 1 1 0 1 0 1 1 1 1 0 1 1 1 1 0 1 1 0 1 1 1]
At  6901/30000: COST 0.003/5.049(0.007) -- Acc 1.000/0.490(0.998)
[0 1 1 1 0 1 1 0 1 1 1 0 1 0 1 1 1 0 0 1 0 0 1 0 0 0 0 1 0 1 1 0 1 1 0 0 0
 1 0 1 1 0 1 0 1 0 0 1 0 1 1 1 1 1 0 0 1 1 1 0 1 1 1 1 1 0 0 1 0 0 0 0 0 0
 1 0 0 1 0 1 1 1 0 1 0 0 1 1 0 0 0 0 0 0 0 1 0 1 1 1]
At  7001/30000: COST 0.031/4.651(0.015) -- Acc 0.990/0.460(0.997)
[1 1 1 1 1 0 0 1 0 1 1 0 0 1 1 0 1 0 1 1 0 0 0 0 0 1 1 1 0 1 0 1 1 1 0 1 1
 1 0 1 0 1 1 1 0 1 0 0 0 0 0 0 0 0 1 0 1 1 1 0 1 1 0 0 0 0 0 1 1 1 1 0 1 1
 0 1 1 1 1 0 0 1 1 0 1 1 1 1 0 1 0 1 1 0 0 0 1 1 1 0]
At  7101/30000: COST 0.011/3.849(0.041) -- Acc 1.000/0.510(0.988)
[0 1 1 0 0 1 1 0 1 1 0 0 1 1 1 0 1 0 1 1 0 0 1 1 0 0 1 1 0 0 0 1 1 1 0 1 1
 0 1 1 0 1 0 1 1 1 1 0 1 1 1 0 1 0 1 0 0 0 0 1 1 0 1 1 0 0 1 1 1 1 1 1 0 1
 1 0 1 0 0 1 0 0 0 0 1 0 0 0 1 1 1 1 1 1 1 0 1 0 1 1]
At  7201/30000: COST 0.008/4.559(0.022) -- Acc 1.000/0.490(0.994)
[1 1 0 0 0 0 0 1 1 1 1 0 0 1 0 1 0 1 1 1 1 0 1 0 0 1 0 1 1 0 1 1 0 1 0 1 0
 1 0 0 0 0 1 0 1 1 0 1 0 1 1 0 0 1 1 0 1 0 1 1 0 1 0 0 0 1 1 0 1 0 1 1 0 1
 0 1 1 1 1 1 1 1 0 0 1 0 1 0 0 1 1 1 1 1 0 1 0 0 1 1]
At  7301/30000: COST 0.002/4.828(0.010) -- Acc 1.000/0.510(0.998)
[0 0 0 1 1 0 0 1 0 0 0 0 1 1 0 1 1 0 0 0 1 0 0 1 0 1 0 0 1 1 0 1 0 1 0 0 0
 1 1 1 0 1 1 1 0 1 1 0 1 0 1 1 0 1 1 1 0 0 0 0 1 1 0 1 0 0 1 1 1 1 1 0 1 0
 1 1 0 1 1 1 1 1 1 0 0 0 1 1 1 1 1 1 1 0 1 1 1 0 1 0]
At  7401/30000: COST 0.001/4.828(0.005) -- Acc 1.000/0.470(0.999)
[1 0 1 0 1 1 0 0 1 0 1 1 0 0 1 0 1 1 1 0 1 0 0 1 1 1 1 1 1 1 1 0 0 0 0 1 1
 0 0 0 0 0 1 0 1 0 1 0 1 0 0 1 0 0 1 1 0 1 1 0 0 1 0 1 1 0 1 1 1 1 0 0 1 0
 1 0 1 0 1 1 1 0 1 1 1 0 1 1 1 1 0 0 1 1 1 1 0 1 0 0]
At  7501/30000: COST 0.001/5.027(0.003) -- Acc 1.000/0.470(1.000)
[1 0 1 0 0 1 1 0 0 1 1 1 0 1 0 1 0 1 1 1 1 0 1 1 0 1 1 0 1 1 1 0 1 1 1 0 0
 1 1 0 0 1 0 0 1 0 0 1 0 1 0 1 0 0 1 1 1 0 1 1 1 0 1 1 0 0 0 1 1 0 0 0 1 0
 0 0 1 0 1 0 0 0 1 1 0 1 1 1 1 0 0 1 1 0 1 1 1 0 1 0]
At  7601/30000: COST 0.002/5.217(0.002) -- Acc 1.000/0.480(1.000)
[0 1 1 0 1 0 1 0 1 0 1 1 0 1 1 0 1 0 1 0 1 0 1 1 1 0 0 0 0 1 0 1 0 0 1 1 0
 1 0 0 0 0 1 0 0 0 0 1 1 1 0 1 1 0 1 1 1 1 1 1 1 0 0 1 1 0 0 1 1 0 1 1 0 1
 1 1 0 1 0 0 0 0 0 0 1 1 1 1 1 0 1 1 1 1 1 0 0 1 1 1]
At  7701/30000: COST 0.000/5.346(0.001) -- Acc 1.000/0.490(1.000)
[1 1 0 1 0 1 0 0 1 0 1 0 1 1 0 0 0 1 1 1 0 1 0 1 1 1 1 1 1 1 1 1 0 1 0 1 1
 0 1 0 1 1 1 1 0 0 0 1 1 0 1 1 0 1 1 1 0 0 0 0 1 0 1 1 1 1 1 0 1 0 0 0 0 1
 1 0 0 1 1 1 1 0 1 0 0 0 0 1 1 1 1 0 1 1 1 0 0 0 1 1]
At  7801/30000: COST 0.063/3.849(0.054) -- Acc 0.970/0.520(0.985)
[0 0 1 0 0 1 0 0 1 0 1 0 1 0 1 1 1 0 0 0 0 1 0 1 1 1 0 1 1 1 1 0 0 1 1 1 0
 1 1 1 0 1 1 0 1 1 0 1 0 1 1 0 0 1 1 1 1 1 0 0 1 0 1 1 1 1 0 0 0 1 0 1 1 0
 1 0 0 1 0 1 1 1 1 1 0 0 1 0 0 0 1 0 0 1 0 0 1 0 0 1]
At  7901/30000: COST 0.019/3.658(0.053) -- Acc 0.990/0.510(0.985)
[0 0 1 1 0 0 1 0 0 1 0 1 0 1 1 1 0 1 1 1 0 0 1 1 0 1 1 1 0 1 0 0 0 1 1 1 1
 1 0 1 0 1 0 0 1 0 0 1 0 1 0 0 0 0 0 0 0 0 1 0 0 1 1 1 1 1 1 0 0 0 1 1 0 0
 0 1 1 0 1 0 0 0 0 0 0 1 0 1 1 1 1 0 0 1 0 0 1 1 1 0]
At  8001/30000: COST 0.002/3.672(0.023) -- Acc 1.000/0.550(0.994)
[0 0 1 0 1 0 0 1 0 0 1 0 0 0 1 1 1 1 1 1 0 0 1 1 0 1 0 1 1 1 0 0 0 1 0 1 1
 1 0 0 0 0 1 1 1 1 1 1 1 1 0 0 1 1 0 0 0 0 1 1 0 1 1 0 1 0 1 0 1 1 1 0 1 1
 1 0 1 0 0 0 0 0 0 0 0 0 0 0 0 1 0 1 1 0 0 1 1 1 0 0]
At  8101/30000: COST 0.011/4.072(0.011) -- Acc 0.990/0.540(0.998)
[1 1 1 0 1 0 1 0 1 0 1 0 0 0 0 1 0 0 0 0 1 0 0 0 1 0 0 1 1 1 1 1 0 1 0 0 1
 1 1 1 1 0 1 1 0 0 1 0 1 1 1 0 0 1 0 0 1 1 1 0 0 0 0 0 0 1 1 1 1 0 0 1 1 1
 1 1 1 1 1 0 1 1 0 1 1 1 0 0 0 1 1 1 1 0 1 0 0 1 0 1]
At  8201/30000: COST 0.003/4.029(0.006) -- Acc 1.000/0.540(0.999)
[0 1 1 0 0 0 1 1 1 1 1 1 1 1 0 0 0 1 0 1 1 0 1 1 0 0 1 0 1 0 0 1 1 1 1 1 1
 1 0 1 0 1 0 0 0 0 1 1 1 1 1 0 1 1 1 0 0 0 0 1 0 1 1 1 1 1 1 1 0 0 1 1 0 1
 0 0 0 1 0 0 0 0 1 1 0 0 0 0 1 1 1 0 1 0 1 0 0 0 0 1]
At  8301/30000: COST 0.001/4.293(0.003) -- Acc 1.000/0.570(1.000)
[0 1 1 0 0 1 1 1 1 0 1 1 0 1 1 0 0 0 0 1 1 0 0 0 1 0 1 1 1 1 0 1 1 0 1 1 1
 0 0 1 0 0 1 0 1 0 0 0 0 1 0 0 0 1 0 0 1 1 1 0 1 0 0 0 1 0 1 1 1 0 0 0 0 1
 1 1 0 0 0 0 0 1 1 0 1 0 1 1 0 1 1 1 0 1 1 1 1 1 0 0]
At  8401/30000: COST 0.000/4.287(0.002) -- Acc 1.000/0.560(1.000)
[1 1 1 1 0 1 0 1 1 1 1 0 1 1 1 0 0 0 1 0 1 0 0 1 0 1 1 0 1 1 1 0 1 0 0 1 1
 0 1 0 1 1 0 1 0 1 1 1 1 0 0 0 0 0 0 0 0 0 1 0 1 1 0 1 0 1 0 1 0 1 1 0 0 0
 0 0 1 0 0 1 1 0 1 0 1 1 1 1 1 1 1 1 0 0 1 1 0 0 1 0]
At  8501/30000: COST 0.001/4.250(0.002) -- Acc 1.000/0.570(1.000)
[1 1 0 0 1 0 0 0 1 1 1 1 0 0 0 0 0 0 0 1 0 1 1 0 0 1 1 0 0 0 1 1 0 0 0 1 0
 0 1 1 1 1 1 0 1 0 0 0 0 1 0 0 1 0 0 0 1 1 0 1 1 1 1 1 1 0 0 0 1 0 0 0 0 0
 1 1 1 1 0 0 1 1 1 1 0 0 0 1 1 0 1 0 1 1 1 0 1 1 0 1]
At  8601/30000: COST 0.000/4.610(0.001) -- Acc 1.000/0.600(1.000)
[1 0 1 1 0 1 1 1 0 1 0 1 0 0 0 1 0 1 0 0 0 0 0 1 0 0 1 0 0 0 0 1 0 0 0 0 0
 1 1 1 1 0 0 1 0 0 1 1 1 1 1 1 1 1 0 1 0 1 1 0 0 1 0 1 1 1 1 1 0 1 1 1 0 0
 0 1 0 1 1 1 1 0 0 1 1 0 1 1 1 1 1 1 1 1 0 0 0 0 1 0]
At  8701/30000: COST 0.000/4.808(0.001) -- Acc 1.000/0.550(1.000)
[1 1 0 1 1 0 0 1 0 0 0 1 0 0 0 0 1 1 1 0 0 1 1 0 1 0 0 1 0 1 0 1 1 0 0 0 1
 0 1 1 1 0 0 1 0 1 1 0 1 1 0 1 1 1 0 0 1 0 0 1 0 1 1 0 1 1 0 0 1 1 1 1 0 0
 1 1 0 1 1 0 0 0 1 0 1 0 0 1 0 0 1 0 0 0 1 1 1 1 0 1]
At  8801/30000: COST 0.679/2.887(0.093) -- Acc 0.840/0.520(0.980)
[1 0 1 1 1 0 1 0 1 1 1 0 1 1 1 0 1 0 1 0 0 0 1 0 1 1 0 1 1 0 0 0 1 1 1 0 0
 0 1 0 0 0 1 0 0 0 1 0 1 0 0 1 0 1 0 1 0 0 1 1 1 1 1 1 0 0 1 1 1 0 1 0 0 0
 1 1 1 0 0 1 1 0 0 0 1 0 0 0 0 1 0 1 1 0 0 0 1 0 1 0]
At  8901/30000: COST 0.063/3.318(0.125) -- Acc 0.970/0.480(0.964)
[1 1 1 0 1 0 1 1 1 0 0 0 0 0 1 1 1 0 0 0 0 0 1 1 0 1 1 1 0 0 0 0 0 1 1 0 0
 1 1 0 0 1 1 1 1 0 1 0 0 1 0 0 1 0 0 0 0 0 1 1 0 1 1 1 1 1 0 0 1 1 0 0 1 1
 1 1 1 0 1 0 1 1 0 0 1 1 1 0 0 1 0 0 0 1 1 0 1 1 1 1]
At  9001/30000: COST 0.024/3.416(0.076) -- Acc 0.990/0.500(0.978)
[0 1 0 0 1 1 0 1 0 0 0 1 1 0 0 1 1 0 0 0 1 1 0 1 1 1 0 0 1 0 1 1 1 1 1 1 0
 0 1 1 0 1 1 1 0 1 0 1 0 0 0 1 0 0 0 1 1 0 0 0 0 1 0 1 0 0 1 1 0 0 1 1 1 0
 0 0 1 0 0 0 0 0 1 1 1 1 1 0 0 1 1 0 1 1 0 0 0 1 0 0]
At  9101/30000: COST 0.006/4.298(0.034) -- Acc 1.000/0.490(0.991)
[0 0 0 1 1 1 0 1 1 1 0 0 1 1 1 0 0 0 0 1 1 1 1 0 0 1 1 1 0 1 1 1 0 1 0 1 0
 0 1 0 0 1 0 1 0 1 0 0 1 1 1 0 0 1 1 1 1 0 1 1 0 0 0 0 0 0 0 1 0 1 0 0 1 0
 0 0 0 0 0 1 1 1 1 0 1 0 0 0 0 1 0 0 0 1 1 0 1 0 0 0]
At  9201/30000: COST 0.003/4.441(0.015) -- Acc 1.000/0.470(0.997)
[1 0 1 1 1 0 0 0 0 0 0 0 1 1 1 1 1 0 1 0 1 0 1 1 0 0 0 1 0 1 0 0 1 1 1 0 1
 1 0 0 0 0 0 0 0 0 1 0 1 1 1 0 1 0 0 1 1 1 1 0 1 1 1 0 1 0 1 1 1 0 1 0 0 0
 0 1 0 1 1 0 0 0 0 0 1 1 1 0 1 1 0 1 0 1 0 0 0 1 0 1]
At  9301/30000: COST 0.001/4.733(0.007) -- Acc 1.000/0.440(0.999)
[1 1 0 1 0 0 0 1 0 1 0 0 1 0 1 1 0 1 0 0 1 1 1 0 1 1 1 0 1 1 1 1 1 1 0 0 0
 0 0 0 0 1 1 0 1 0 1 1 0 0 1 0 0 1 0 1 0 1 0 0 1 1 1 1 1 1 1 0 1 1 1 0 0 0
 0 0 1 0 1 0 1 0 1 0 0 1 0 1 1 0 0 0 0 0 0 0 0 1 0 0]
At  9401/30000: COST 0.001/5.146(0.004) -- Acc 1.000/0.430(0.999)
[0 1 1 0 1 0 1 0 0 1 1 0 1 1 1 1 0 0 1 0 1 0 0 1 0 1 0 0 1 1 0 1 0 1 0 0 1
 1 0 0 1 0 0 0 1 1 0 1 1 0 0 1 0 0 1 0 0 1 1 0 0 0 0 1 0 0 1 1 1 1 1 1 1 0
 0 1 0 0 0 1 0 1 0 1 0 1 0 1 0 1 0 1 0 0 0 1 1 1 0 0]
At  9501/30000: COST 0.001/5.153(0.003) -- Acc 1.000/0.430(1.000)
[0 1 1 0 1 0 0 0 0 1 1 0 1 1 1 1 0 1 0 1 1 0 0 0 1 0 1 1 0 1 0 0 1 0 0 1 0
 0 0 0 0 0 1 0 0 1 0 1 0 0 1 0 1 1 1 1 1 1 0 0 1 0 0 0 1 0 1 0 1 1 1 0 1 1
 1 1 1 0 1 1 0 1 1 1 0 1 0 0 1 0 1 0 0 0 1 0 0 1 0 1]
At  9601/30000: COST 0.001/5.530(0.002) -- Acc 1.000/0.410(1.000)
[0 1 0 0 1 1 0 0 0 0 0 1 1 0 0 1 1 0 0 0 0 0 1 0 1 0 1 1 1 0 0 1 0 1 0 1 0
 0 1 0 0 0 1 1 1 0 1 1 1 0 0 0 1 1 0 1 1 0 1 0 1 0 0 0 1 1 1 1 0 1 0 0 1 0
 1 0 1 0 0 1 0 0 0 0 1 0 1 0 0 0 1 0 1 1 1 1 1 1 0 1]
At  9701/30000: COST 0.001/5.357(0.002) -- Acc 1.000/0.460(1.000)
[1 1 0 1 1 0 0 1 0 1 1 0 1 1 1 0 0 0 0 1 1 1 0 0 1 0 0 0 0 1 1 0 0 0 1 1 1
 0 0 0 0 1 1 0 1 0 1 0 1 0 0 0 0 0 0 0 0 1 1 0 1 1 0 0 1 1 0 1 1 0 1 0 0 0
 1 0 0 1 1 1 1 0 0 1 0 1 0 1 1 1 1 1 1 1 0 0 1 1 1 0]
At  9801/30000: COST 0.001/5.944(0.002) -- Acc 1.000/0.490(1.000)
[1 1 1 0 0 0 0 1 0 0 0 1 0 0 1 0 0 1 1 1 1 1 1 0 1 1 0 0 0 1 0 1 0 1 1 1 0
 1 0 0 1 0 1 0 1 0 0 0 0 0 1 1 1 0 1 1 0 0 0 0 1 0 0 1 1 1 0 1 1 0 1 0 0 1
 0 0 0 0 1 0 1 1 1 0 1 1 1 1 1 1 1 1 0 1 0 1 1 1 0 1]
At  9901/30000: COST 0.008/3.813(0.042) -- Acc 1.000/0.460(0.989)
[0 1 0 1 1 1 1 0 0 0 0 1 0 1 1 0 0 1 0 0 1 0 1 1 1 1 1 0 0 0 0 0 0 0 1 0 0
 1 0 0 0 0 1 1 1 0 0 1 0 0 1 0 0 1 0 1 0 1 0 0 1 1 1 1 0 0 1 1 0 0 1 1 1 0
 0 1 1 1 1 0 0 1 1 1 0 1 0 0 1 0 1 1 1 1 0 0 1 0 1 1]
At 10001/30000: COST 0.004/4.225(0.024) -- Acc 1.000/0.490(0.994)
[0 0 1 1 0 0 1 0 0 1 0 1 1 0 0 0 0 0 0 0 1 0 1 0 0 1 1 1 1 1 0 1 1 0 1 1 1
 1 0 1 0 1 0 0 0 1 1 0 1 0 1 1 1 1 0 0 0 0 1 0 0 1 0 0 1 1 1 1 1 1 1 0 1 1
 1 0 1 1 1 1 0 0 1 1 1 0 0 0 0 0 0 1 0 0 1 1 1 1 1 1]
At 10101/30000: COST 0.021/4.284(0.021) -- Acc 0.990/0.490(0.995)
[0 1 1 1 0 1 1 1 0 0 1 0 0 1 1 1 1 0 1 1 0 1 1 0 1 0 0 1 1 1 1 1 1 0 0 0 1
 0 1 0 1 1 1 1 0 0 1 1 0 0 1 0 1 1 1 0 1 1 1 1 0 1 1 0 1 1 1 1 1 1 1 1 0 0
 1 1 0 0 1 1 1 1 0 0 0 0 0 1 1 1 0 1 0 0 0 1 0 0 0 0]
At 10201/30000: COST 0.094/4.209(0.049) -- Acc 0.950/0.500(0.986)
[0 1 1 0 0 1 1 0 0 1 0 0 1 1 0 1 0 1 1 1 0 1 0 0 0 1 1 1 0 1 1 1 0 1 1 0 1
 0 1 1 0 1 1 1 0 0 1 1 1 0 0 1 1 0 1 1 1 1 1 0 1 1 0 1 1 1 1 1 0 1 0 0 0 1
 0 1 0 1 1 0 1 0 1 0 1 0 0 1 0 0 1 1 0 1 1 1 0 0 0 0]
At 10301/30000: COST 0.008/3.555(0.049) -- Acc 1.000/0.460(0.987)
[1 1 1 0 1 0 0 0 0 0 1 1 1 0 1 0 1 1 0 1 1 0 1 0 1 1 1 1 1 1 1 0 1 1 1 0 1
 0 1 0 0 0 0 1 0 1 1 1 0 0 1 1 1 0 0 1 0 0 0 1 1 0 0 0 1 1 0 1 0 1 1 1 1 0
 0 1 1 0 0 1 1 1 1 0 1 0 0 0 0 1 1 1 0 1 0 0 0 1 1 0]
At 10401/30000: COST 0.003/4.280(0.023) -- Acc 1.000/0.500(0.994)
[0 0 0 1 1 1 0 1 1 0 0 1 1 1 1 1 0 1 1 0 0 0 0 0 1 0 0 0 1 1 0 0 1 1 1 0 0
 1 1 0 0 0 0 0 1 0 1 1 1 1 0 1 1 1 1 1 1 0 1 1 1 1 1 1 0 1 1 1 0 1 1 0 0 1
 1 1 1 0 1 1 0 0 0 1 1 1 0 0 1 0 1 1 0 0 0 0 1 1 0 0]
At 10501/30000: COST 0.004/4.437(0.011) -- Acc 1.000/0.510(0.998)
[1 0 0 1 0 1 0 1 1 1 1 1 1 0 0 1 0 0 1 1 0 1 1 1 0 0 0 0 1 0 1 0 1 1 1 1 0
 1 0 1 0 0 1 1 1 0 1 1 1 0 0 0 1 1 1 0 1 1 0 0 0 1 1 1 0 1 1 0 0 1 1 1 1 1
 1 0 0 1 1 1 1 0 0 0 1 0 1 1 0 1 1 1 0 1 1 0 1 0 0 1]
At 10601/30000: COST 0.006/4.899(0.005) -- Acc 1.000/0.460(0.999)
[1 1 0 1 1 0 1 1 0 0 0 0 0 0 1 1 0 1 1 1 0 1 1 0 0 0 1 0 1 1 1 1 1 1 0 0 1
 1 0 1 0 1 1 0 1 1 1 0 1 0 1 1 0 0 1 1 1 1 0 1 1 1 1 1 1 1 1 1 1 0 0 0 0 1
 1 1 0 0 0 1 1 1 1 1 1 0 0 0 1 1 0 1 0 0 1 1 1 0 0 0]
At 10701/30000: COST 0.001/4.773(0.004) -- Acc 1.000/0.530(0.999)
[0 1 0 1 1 0 0 0 0 1 0 1 1 0 1 1 1 0 1 0 1 1 1 0 1 1 0 0 1 1 0 0 1 1 0 1 1
 1 0 1 0 1 1 0 0 0 0 0 0 0 1 1 0 1 0 1 1 1 1 1 1 1 0 0 1 1 0 1 1 0 1 1 0 0
 0 1 0 0 0 0 0 1 1 0 1 1 1 0 0 0 1 1 0 1 1 1 1 1 1 1]
At 10801/30000: COST 0.000/5.353(0.003) -- Acc 1.000/0.510(1.000)
[1 1 1 0 1 0 1 0 1 1 1 1 1 0 0 1 0 1 1 0 0 1 1 0 0 1 0 1 0 0 0 0 1 1 1 1 1
 0 1 1 0 0 1 1 0 1 1 1 0 1 1 0 1 0 0 0 0 1 1 1 0 1 0 1 0 1 1 1 0 1 1 0 0 1
 0 1 1 0 1 0 1 0 1 0 1 1 0 1 0 0 1 0 0 1 1 1 1 1 0 1]
At 10901/30000: COST 0.001/5.916(0.002) -- Acc 1.000/0.490(1.000)
[1 1 0 1 1 1 0 1 1 1 0 0 1 1 0 1 0 1 0 1 1 1 1 1 0 1 1 1 0 0 0 0 1 0 0 0 0
 0 1 0 0 1 0 1 1 1 1 0 0 0 0 1 0 1 1 0 0 0 1 1 1 0 0 1 0 1 1 1 1 1 1 1 0 1
 0 1 1 1 0 1 1 0 1 0 0 0 1 0 0 0 0 0 1 0 1 1 1 1 0 0]
At 11001/30000: COST 0.000/5.813(0.002) -- Acc 1.000/0.510(1.000)
[1 0 1 1 0 1 1 0 0 0 1 1 1 0 0 1 0 0 0 1 1 1 0 1 1 1 1 1 0 1 0 1 1 1 0 0 0
 0 1 0 1 0 0 1 1 1 1 1 1 0 0 0 0 1 0 0 0 1 1 0 1 1 1 1 0 1 0 0 0 1 1 1 0 1
 0 0 0 0 0 1 1 1 1 1 1 1 0 1 0 1 1 1 1 0 0 0 1 0 0 0]
At 11101/30000: COST 0.000/5.915(0.001) -- Acc 1.000/0.510(1.000)
[0 0 1 0 0 1 1 1 0 1 0 1 0 1 0 1 0 1 0 1 1 1 0 1 1 1 0 1 0 0 1 1 0 1 1 1 1
 0 0 1 0 1 0 0 1 0 1 1 1 0 0 0 1 1 0 1 1 1 1 0 0 1 1 1 0 0 1 0 1 0 0 1 1 1
 1 1 0 1 0 1 1 1 0 1 0 0 1 0 1 0 1 1 0 1 0 0 1 0 0 0]
At 11201/30000: COST 0.001/6.110(0.001) -- Acc 1.000/0.500(1.000)
[0 0 0 1 1 1 1 1 1 0 1 1 1 1 1 0 0 0 1 1 0 1 0 1 0 0 0 0 1 0 1 0 1 1 1 0 1
 0 0 1 1 1 1 1 0 0 0 0 0 0 1 0 1 1 1 0 1 0 1 1 1 1 1 1 1 1 0 1 1 0 1 1 0 1
 0 1 1 0 0 1 1 1 1 0 1 0 0 1 1 0 1 1 1 0 1 1 1 1 0 1]
At 11301/30000: COST 0.145/3.732(0.070) -- Acc 0.960/0.500(0.980)
[1 0 1 1 0 1 0 1 1 1 0 0 0 0 1 0 0 1 0 0 0 0 0 0 1 0 1 0 0 0 1 0 0 0 1 1 1
 1 0 0 1 1 1 1 1 1 0 0 1 1 1 0 1 1 0 0 1 1 0 0 1 0 1 1 0 0 1 0 0 1 0 0 1 1
 1 0 1 1 1 0 0 1 0 1 1 1 1 1 1 0 0 1 1 0 0 0 0 1 1 1]
At 11401/30000: COST 0.004/5.017(0.038) -- Acc 1.000/0.490(0.989)
[0 1 0 0 0 0 1 1 0 1 1 0 0 0 1 1 0 1 1 1 1 0 0 0 1 0 0 0 0 0 1 1 1 1 1 0 1
 0 1 0 0 1 1 1 1 1 0 1 1 1 0 0 1 0 1 1 1 0 0 0 0 0 1 0 0 1 0 1 1 1 1 1 0 1
 0 0 1 0 1 0 1 0 0 1 0 1 1 0 0 1 0 1 1 1 1 0 0 1 0 1]
At 11501/30000: COST 0.002/5.250(0.016) -- Acc 1.000/0.490(0.996)
[0 0 0 0 1 1 1 0 0 0 1 0 0 0 0 1 0 1 1 0 0 1 1 0 1 0 0 0 0 1 0 1 0 1 0 1 0
 1 1 0 1 1 0 1 0 0 0 1 1 0 1 1 0 1 0 1 1 0 0 0 1 0 0 1 1 1 1 0 1 0 0 1 0 0
 1 0 1 1 1 1 1 1 0 1 0 1 0 0 1 0 1 0 1 1 0 1 1 1 1 1]
At 11601/30000: COST 0.004/5.207(0.008) -- Acc 1.000/0.540(0.998)
[0 1 0 1 0 1 0 1 1 0 0 0 0 1 0 0 1 1 1 0 0 0 1 0 1 0 0 1 1 0 0 1 1 1 1 0 0
 1 1 1 0 1 1 1 1 1 0 1 0 0 1 1 0 0 1 0 0 0 1 0 1 1 1 1 0 0 0 0 1 1 0 0 1 0
 0 0 0 0 1 0 0 0 1 1 1 1 0 1 0 0 1 1 0 1 1 1 1 0 0 0]
At 11701/30000: COST 0.002/5.293(0.004) -- Acc 1.000/0.500(0.999)
[1 0 0 0 0 1 0 1 0 0 1 0 1 0 1 0 0 0 0 1 1 0 1 1 1 0 0 1 0 1 1 1 0 0 1 0 1
 1 1 1 0 0 1 1 1 0 1 1 0 1 1 1 0 1 1 0 0 0 1 1 0 1 0 1 0 1 1 0 1 1 0 0 0 0
 0 1 0 1 0 1 0 0 0 0 1 0 0 1 0 0 1 1 1 1 0 0 1 1 1 0]
At 11801/30000: COST 0.001/5.347(0.003) -- Acc 1.000/0.510(0.999)
[1 0 1 0 1 0 0 0 0 0 0 1 1 1 0 1 0 0 0 0 1 1 1 1 0 0 1 1 0 0 1 1 1 1 0 1 1
 0 0 1 0 0 1 0 0 0 0 1 1 1 1 0 1 1 1 1 1 0 1 0 0 0 1 1 0 1 0 0 1 1 1 0 1 0
 1 0 1 1 0 0 0 1 0 1 1 0 0 1 1 0 1 1 1 0 0 0 1 0 1 0]
At 11901/30000: COST 0.010/5.917(0.002) -- Acc 0.990/0.500(1.000)
[1 1 1 0 0 0 0 0 1 1 1 1 1 0 1 1 0 0 1 0 1 0 0 0 0 0 1 1 1 1 0 1 0 0 1 0 1
 1 1 1 1 1 0 1 1 1 1 0 0 0 1 1 1 0 1 0 1 1 0 0 0 0 0 1 0 1 0 0 0 1 1 1 1 1
 0 0 1 0 1 0 1 1 1 1 1 1 0 0 1 1 1 1 0 0 0 0 0 1 1 0]
At 12001/30000: COST 0.007/5.710(0.002) -- Acc 1.000/0.520(1.000)
[1 0 1 0 0 0 0 1 1 0 1 0 1 0 1 1 1 0 0 0 1 0 0 1 0 1 1 1 1 0 1 1 0 1 0 1 1
 1 1 1 1 1 0 1 0 1 0 1 1 0 1 1 0 1 1 1 1 0 0 0 1 0 1 0 1 0 1 1 0 1 1 0 1 1
 1 0 0 0 0 0 0 0 1 1 0 0 1 1 1 0 0 0 0 0 1 0 1 0 1 0]
At 12101/30000: COST 0.000/5.704(0.001) -- Acc 1.000/0.540(1.000)
[1 1 0 0 0 1 0 1 1 0 0 1 1 1 1 1 1 1 0 1 1 1 0 1 0 0 0 0 1 0 0 1 1 1 1 0 1
 0 1 1 0 1 1 0 1 1 1 0 0 1 1 0 0 0 1 1 1 1 0 1 1 1 1 0 0 0 1 1 1 0 0 1 0 1
 0 0 0 0 0 0 0 1 1 0 0 0 1 0 0 1 1 0 0 0 1 0 0 1 1 0]
At 12201/30000: COST 0.000/5.945(0.001) -- Acc 1.000/0.470(1.000)
[0 0 0 1 1 0 1 1 1 1 0 0 1 0 1 0 0 0 1 0 0 0 0 1 1 1 1 1 1 0 1 0 1 0 0 1 1
 0 1 0 1 0 0 1 1 1 0 1 0 0 1 0 0 0 0 0 1 1 1 1 0 1 1 0 0 0 0 0 1 0 1 1 1 0
 1 1 0 1 1 1 0 1 0 1 0 1 1 1 1 0 0 1 1 1 1 1 0 0 0 0]
At 12301/30000: COST 0.001/5.988(0.001) -- Acc 1.000/0.510(1.000)
[0 1 1 0 0 1 0 0 0 0 0 1 1 1 0 1 0 0 0 1 1 0 0 0 0 1 1 1 1 1 1 1 1 1 0 1 0
 1 1 0 1 1 0 0 0 1 1 0 1 0 0 1 1 1 1 0 0 0 1 0 1 1 1 1 1 1 1 1 0 1 1 0 0 0
 1 0 0 1 0 0 1 1 0 0 0 0 0 0 0 1 0 1 0 1 1 0 1 1 1 1]
At 12401/30000: COST 0.009/6.033(0.001) -- Acc 0.990/0.520(1.000)
[1 1 0 0 1 0 1 1 0 0 1 1 0 0 1 1 1 0 1 0 1 1 1 1 1 1 1 0 1 1 0 0 0 1 1 0 1
 0 1 0 1 1 0 0 1 1 0 1 0 0 1 1 1 0 0 0 1 1 1 1 0 1 1 0 1 1 1 0 1 1 1 0 1 1
 0 0 1 0 1 0 0 0 0 0 1 1 1 1 1 1 1 0 1 1 0 1 0 1 0 0]
At 12501/30000: COST 0.208/3.029(0.074) -- Acc 0.940/0.520(0.980)
[1 0 1 1 0 0 1 0 0 0 0 1 0 0 1 1 1 0 1 0 1 0 0 1 1 1 0 1 0 1 1 0 0 0 1 1 1
 0 1 1 0 1 1 1 1 1 0 1 0 0 0 1 1 0 0 0 0 1 1 1 0 0 1 0 1 1 0 0 1 0 1 0 1 0
 0 1 0 0 1 1 0 1 0 1 0 1 0 1 0 1 0 0 1 0 1 0 0 1 1 0]
At 12601/30000: COST 0.030/3.194(0.101) -- Acc 0.990/0.550(0.970)
[0 0 0 1 0 1 0 1 1 0 1 0 0 0 1 0 0 0 0 0 0 1 1 0 0 0 0 1 0 0 1 0 1 0 1 0 1
 1 0 0 0 0 1 0 1 1 1 0 0 1 1 1 1 1 0 1 0 1 0 1 1 0 1 1 1 0 1 1 1 1 0 0 1 0
 1 1 1 1 0 0 0 1 1 0 0 0 0 1 1 1 0 0 0 1 0 1 0 1 1 1]
At 12701/30000: COST 0.005/3.985(0.043) -- Acc 1.000/0.520(0.988)
[0 0 1 1 1 0 1 1 0 0 1 0 0 0 1 1 0 1 1 0 1 0 0 1 0 1 0 0 0 1 1 1 0 0 1 1 0
 1 0 1 0 1 0 1 1 1 1 0 1 0 1 0 1 1 0 0 0 0 1 0 1 1 0 0 0 0 1 1 0 1 1 1 0 0
 0 0 0 1 1 1 1 1 0 1 1 1 1 1 0 0 0 0 0 0 1 0 1 0 0 1]
At 12801/30000: COST 0.006/4.113(0.019) -- Acc 1.000/0.510(0.995)
[0 0 0 1 0 0 1 0 0 0 1 1 1 1 0 0 0 1 1 0 0 1 0 1 0 0 0 0 0 1 0 0 1 0 0 0 0
 1 0 1 1 0 1 0 1 1 1 1 1 1 1 1 0 0 1 1 0 0 1 0 1 1 1 1 0 1 0 1 1 1 0 1 1 1
 1 0 1 1 0 0 1 1 0 0 1 0 1 0 1 1 1 1 1 0 1 1 0 1 0 0]
At 12901/30000: COST 0.007/4.372(0.009) -- Acc 1.000/0.600(0.998)
[1 1 0 1 0 0 1 0 0 0 1 0 1 0 0 1 1 1 0 1 0 0 1 0 0 0 1 1 0 0 1 1 0 0 0 1 1
 1 0 0 0 1 1 1 1 0 1 0 0 0 1 0 0 0 0 0 0 1 1 1 1 0 1 1 1 1 1 1 1 0 1 0 0 1
 0 0 0 1 1 1 0 0 0 1 0 1 1 1 1 1 0 0 0 0 0 1 1 1 1 1]
At 13001/30000: COST 0.004/4.629(0.005) -- Acc 1.000/0.560(0.999)
[0 0 1 1 0 1 1 0 0 0 1 1 0 0 1 0 1 1 0 0 0 0 1 0 0 0 1 1 0 1 1 0 0 1 1 1 1
 1 0 1 1 0 1 1 1 0 0 0 0 0 1 1 1 1 0 1 0 0 1 0 1 0 0 1 1 1 0 1 0 0 1 0 1 0
 0 1 0 1 1 0 1 0 1 1 0 0 1 0 0 1 1 0 0 1 1 1 1 0 0 0]
At 13101/30000: COST 0.001/4.894(0.003) -- Acc 1.000/0.570(1.000)
[0 1 0 0 1 1 0 1 0 0 1 0 0 1 1 1 0 0 1 1 0 1 1 1 0 0 1 0 1 1 0 0 0 1 0 0 0
 1 1 1 1 0 0 1 0 1 1 1 0 1 0 1 0 1 1 1 1 0 0 0 0 0 0 1 0 0 1 0 0 1 0 0 0 1
 0 1 1 1 1 0 1 0 1 1 1 1 1 0 1 1 1 0 1 1 1 0 0 1 1 0]
At 13201/30000: COST 0.001/4.879(0.002) -- Acc 1.000/0.580(1.000)
[1 0 0 0 0 0 0 0 1 0 1 1 1 0 0 1 0 0 1 0 1 0 0 1 1 1 1 0 0 0 0 0 0 0 1 0 0
 1 1 1 1 1 1 0 0 1 1 0 1 0 1 0 0 0 1 1 1 0 0 0 0 1 1 1 0 1 1 0 1 1 0 1 1 0
 1 1 0 1 0 0 1 1 0 0 1 0 0 0 1 1 1 1 0 0 0 1 1 1 1 0]
At 13301/30000: COST 0.001/5.181(0.002) -- Acc 1.000/0.500(1.000)
[0 0 0 0 1 0 1 0 1 1 0 0 1 0 1 0 1 0 1 0 1 0 1 0 0 1 1 1 1 0 1 0 0 1 0 1 0
 0 0 0 1 1 1 0 1 1 0 1 0 1 1 1 0 1 0 1 1 0 0 0 0 1 1 1 1 1 0 0 1 0 0 0 1 1
 0 1 0 1 1 1 0 1 0 0 1 0 1 0 1 0 0 0 1 0 0 1 1 1 0 0]
At 13401/30000: COST 0.001/5.190(0.002) -- Acc 1.000/0.520(1.000)
[1 1 0 0 1 1 0 0 0 0 1 1 0 0 1 0 1 0 1 1 0 1 0 1 0 0 1 0 0 1 1 0 1 0 0 0 1
 1 1 1 0 1 1 0 0 1 1 0 0 0 0 1 1 1 1 1 1 0 1 0 1 0 0 0 1 1 1 0 1 0 0 1 0 0
 1 1 0 1 1 1 0 0 0 1 0 0 0 0 0 1 0 1 0 1 0 1 1 1 0 0]
At 13501/30000: COST 0.000/5.111(0.002) -- Acc 1.000/0.580(1.000)
[0 0 0 0 1 1 1 0 1 1 1 1 0 1 1 1 1 0 0 1 1 0 1 0 1 1 1 1 0 0 1 0 1 1 1 0 0
 1 0 0 1 0 0 1 1 1 0 1 1 0 0 1 1 0 0 1 0 1 0 1 1 0 0 0 0 1 0 1 0 1 0 0 1 0
 0 1 0 1 0 1 1 0 1 0 1 0 0 0 0 0 1 1 0 0 0 1 0 1 0 0]
At 13601/30000: COST 0.001/5.196(0.002) -- Acc 1.000/0.580(1.000)
[0 0 0 1 1 1 1 1 1 0 1 0 0 1 1 0 0 0 0 0 1 0 1 1 0 0 1 0 0 1 0 0 1 0 0 0 0
 0 1 0 1 1 1 1 0 1 1 1 1 0 0 0 0 1 0 1 1 0 0 1 0 0 0 0 1 1 1 0 1 0 1 1 1 1
 0 1 1 0 1 0 0 0 1 1 0 1 1 1 0 0 1 1 1 0 1 1 0 0 1 0]
At 13701/30000: COST 0.000/5.511(0.001) -- Acc 1.000/0.570(1.000)
[0 1 0 1 1 1 0 0 0 1 1 1 0 1 1 1 1 1 0 0 0 0 0 0 1 1 1 0 1 1 1 0 0 1 1 0 1
 1 1 0 1 1 1 1 0 1 1 1 0 1 0 1 1 0 0 0 1 0 1 1 1 0 1 0 1 0 1 0 0 1 1 0 0 0
 1 1 0 0 0 1 1 0 0 0 0 0 1 1 0 0 1 0 0 1 0 1 1 0 1 0]
At 13801/30000: COST 0.000/5.382(0.001) -- Acc 1.000/0.560(1.000)
[1 1 0 0 0 1 0 0 0 0 1 1 1 0 1 1 1 1 0 0 1 1 1 0 1 1 1 1 0 0 0 1 1 1 1 0 1
 0 1 1 0 0 0 1 1 0 0 0 0 1 1 1 0 0 0 1 1 0 0 1 1 0 1 0 1 0 1 0 1 1 1 1 1 0
 0 0 1 1 1 0 0 1 0 0 0 0 0 1 0 0 0 1 0 1 1 0 0 1 0 1]
At 13901/30000: COST 0.123/2.534(0.088) -- Acc 0.960/0.500(0.978)
[1 1 1 1 0 1 1 1 1 0 0 1 0 0 1 0 0 1 1 1 0 1 0 1 0 1 1 1 0 1 1 0 1 1 0 0 1
 0 1 0 1 1 1 0 0 0 1 0 1 1 1 1 1 0 0 1 1 1 1 1 1 0 0 1 1 0 0 1 1 0 0 0 0 0
 1 0 0 0 0 0 0 1 1 1 1 0 1 0 1 1 0 1 1 0 0 0 0 0 1 1]
At 14001/30000: COST 0.009/4.169(0.052) -- Acc 1.000/0.500(0.987)
[1 1 1 0 0 0 0 1 1 1 1 1 1 1 0 0 1 1 1 0 1 1 1 1 1 0 1 1 1 0 0 1 1 1 1 1 0
 0 0 1 1 1 1 0 1 0 1 1 0 0 1 1 0 1 1 0 1 0 1 1 0 1 1 1 1 0 1 1 1 1 1 0 1 1
 1 0 0 1 0 0 1 0 0 0 1 1 1 1 1 0 0 0 0 0 0 1 1 0 1 0]
At 14101/30000: COST 0.004/4.780(0.029) -- Acc 1.000/0.490(0.993)
[1 1 1 1 1 0 0 1 1 0 1 1 1 0 1 1 1 1 0 1 1 1 1 0 0 1 0 1 1 1 0 0 0 0 1 0 1
 1 1 1 1 1 1 0 0 0 0 0 0 0 1 1 0 0 0 1 0 1 0 1 0 0 0 1 0 1 1 0 0 0 1 1 0 0
 0 0 0 1 0 1 1 0 1 1 0 1 1 0 1 1 1 1 0 0 1 1 1 0 1 0]
At 14201/30000: COST 0.002/5.420(0.016) -- Acc 1.000/0.500(0.997)
[1 0 1 0 0 1 1 1 0 0 1 0 1 0 0 1 1 1 0 1 1 0 1 1 1 1 1 0 1 0 0 1 1 1 0 0 1
 0 0 0 0 0 1 0 1 0 1 0 1 1 0 0 1 1 1 1 1 1 0 1 1 1 1 1 1 0 1 1 0 1 0 1 0 0
 1 0 0 0 1 1 1 0 0 1 0 0 1 1 1 0 1 0 0 0 1 0 1 1 0 1]
At 14301/30000: COST 0.150/3.553(0.017) -- Acc 0.970/0.570(0.996)
[1 1 1 1 0 1 0 1 1 0 1 1 1 0 0 1 0 1 0 1 0 0 1 0 0 1 1 1 1 1 0 1 0 1 0 0 1
 1 1 1 1 0 0 1 0 0 1 1 1 1 1 0 1 0 1 1 1 1 0 1 1 0 1 1 1 0 1 1 0 1 1 1 0 1
 0 1 1 1 1 1 1 0 1 1 0 0 1 0 1 1 0 1 1 0 0 0 0 1 0 0]
At 14401/30000: COST 0.008/4.928(0.030) -- Acc 1.000/0.490(0.992)
[0 1 0 0 1 0 0 1 0 0 1 0 1 0 1 0 0 1 1 1 0 1 1 1 0 0 1 0 1 1 0 1 0 1 1 1 1
 1 1 0 1 1 0 1 1 1 0 1 0 1 1 1 1 0 0 1 1 1 1 1 1 1 1 0 0 0 1 1 1 1 1 0 1 0
 1 1 1 1 1 0 1 0 0 1 1 0 1 0 1 0 0 0 0 1 1 1 0 0 1 0]
At 14501/30000: COST 0.008/5.359(0.014) -- Acc 1.000/0.510(0.997)
[0 1 1 0 0 0 1 1 1 1 0 0 1 1 0 1 1 1 1 1 1 0 1 1 1 1 0 1 1 0 0 1 0 0 1 0 1
 1 1 1 1 0 1 1 0 1 0 0 0 0 0 0 1 0 0 0 0 1 0 0 1 1 1 1 1 1 0 0 0 0 0 1 0 0
 1 1 1 0 1 0 1 1 1 1 1 0 1 0 1 0 0 0 1 1 1 0 1 0 0 0]
At 14601/30000: COST 0.002/4.052(0.014) -- Acc 1.000/0.550(0.997)
[0 0 0 1 1 1 1 1 1 0 1 0 1 1 0 0 0 0 1 0 1 1 0 0 0 0 1 0 0 0 1 0 1 1 1 0 1
 0 1 1 0 1 1 1 0 0 0 1 0 1 1 1 0 1 0 0 0 1 0 1 0 0 1 1 1 1 0 0 0 1 0 1 1 0
 0 0 0 1 0 1 1 0 1 0 1 0 0 1 1 1 1 0 1 1 0 1 1 1 0 1]
At 14701/30000: COST 0.003/4.546(0.007) -- Acc 1.000/0.490(0.999)
[1 1 1 1 1 0 0 1 0 0 0 1 0 1 1 1 0 1 0 0 1 0 1 0 0 0 0 1 0 0 1 0 0 1 1 0 0
 1 1 0 1 0 0 0 0 1 0 0 1 0 0 0 0 0 1 0 1 1 0 1 0 0 1 1 1 0 1 0 1 1 0 0 1 1
 0 1 1 1 0 0 1 0 1 0 1 1 1 1 0 1 1 0 1 1 0 1 1 1 1 0]
At 14801/30000: COST 0.001/4.852(0.004) -- Acc 1.000/0.520(0.999)
[1 0 0 1 0 1 0 0 0 0 1 0 1 0 1 1 0 1 0 1 0 1 1 0 1 1 0 0 0 1 0 1 1 1 0 0 0
 0 0 1 0 1 1 0 0 1 0 1 1 1 1 1 0 1 0 0 1 1 0 1 1 0 1 1 0 1 1 0 0 1 0 1 1 0
 1 1 1 1 1 0 0 1 0 0 0 0 1 1 1 0 1 1 0 1 1 0 0 1 0 1]
At 14901/30000: COST 0.000/5.157(0.002) -- Acc 1.000/0.480(1.000)
[1 1 1 1 1 0 1 0 0 0 0 0 1 1 1 0 1 0 0 0 1 0 1 0 1 0 0 0 1 1 0 0 0 0 0 0 1
 1 0 0 0 0 0 1 0 1 0 0 1 1 1 0 1 1 0 0 0 1 1 1 0 0 1 1 0 0 1 0 0 1 1 0 0 0
 1 1 0 1 0 1 1 1 1 1 1 1 0 0 1 1 0 1 1 1 1 1 1 1 0 1]
At 15001/30000: COST 0.010/5.321(0.002) -- Acc 0.990/0.470(1.000)
[0 1 1 1 1 1 1 1 1 1 0 1 1 1 1 0 1 1 0 1 0 1 1 0 1 0 1 1 1 1 1 1 1 0 0 0 0
 1 0 1 0 1 1 1 1 0 0 0 0 0 0 0 0 0 0 0 1 0 0 0 1 0 0 0 0 0 0 0 0 0 1 1 0 0
 1 0 0 1 1 0 1 1 0 1 0 1 0 1 0 1 1 0 0 1 0 0 1 0 1 0]
At 15101/30000: COST 0.001/5.540(0.001) -- Acc 1.000/0.500(1.000)
[0 1 0 1 1 0 0 0 1 0 0 0 1 1 0 0 1 1 1 1 1 0 1 1 0 1 0 1 0 1 1 0 1 1 1 1 0
 0 0 0 1 0 1 1 0 0 1 1 1 1 1 0 1 0 1 1 1 1 1 0 1 0 1 0 1 0 0 1 1 1 0 1 0 0
 0 0 0 1 0 0 1 1 1 0 0 1 0 0 0 0 0 0 1 1 0 1 1 1 1 1]
At 15201/30000: COST 0.000/5.749(0.001) -- Acc 1.000/0.510(1.000)
[1 1 1 1 1 0 1 0 1 1 1 1 0 1 0 1 0 0 0 1 0 1 1 1 0 0 1 1 1 1 1 1 1 0 0 0 0
 1 0 1 1 1 1 1 1 1 1 0 0 1 0 1 0 1 0 0 0 1 1 0 0 0 1 0 0 0 0 1 0 0 0 0 0 1
 1 1 0 0 0 0 0 0 0 0 1 1 1 0 1 1 1 0 0 1 1 0 1 0 0 1]
At 15301/30000: COST 0.000/5.698(0.001) -- Acc 1.000/0.510(1.000)
[1 0 1 0 1 1 1 0 1 0 0 1 1 0 0 0 0 1 1 1 1 1 1 0 1 1 0 1 0 0 1 0 1 1 1 0 1
 1 0 0 0 0 0 0 0 1 1 0 0 1 0 1 0 0 1 0 1 0 1 0 1 0 1 0 0 1 1 1 0 1 1 0 0 1
 1 1 1 1 1 1 1 0 0 1 1 1 1 1 0 0 0 0 1 1 0 0 1 0 1 1]
At 15401/30000: COST 0.000/6.234(0.001) -- Acc 1.000/0.480(1.000)
[1 0 1 0 1 1 0 0 1 0 0 1 1 0 0 0 1 0 1 1 1 1 0 1 1 1 1 0 0 0 0 0 1 1 0 1 0
 1 1 0 0 0 1 1 1 1 0 1 0 0 1 0 0 1 0 0 1 1 1 1 0 1 1 0 0 1 0 1 0 0 0 0 1 0
 0 1 0 1 0 1 0 0 1 1 1 1 1 0 0 0 1 1 1 0 1 1 1 1 0 1]
At 15501/30000: COST 0.000/6.477(0.001) -- Acc 1.000/0.460(1.000)
[1 1 1 1 1 1 1 0 0 0 0 1 0 1 1 1 0 1 1 0 1 0 1 0 1 1 0 0 1 0 0 1 0 0 0 0 1
 0 1 1 0 0 1 1 1 0 1 1 1 1 1 1 0 1 0 1 0 1 0 1 1 0 1 0 0 1 0 1 0 1 1 0 1 1
 0 0 0 1 1 1 0 1 0 1 1 1 0 0 0 1 1 0 0 0 1 1 1 0 0 0]
At 15601/30000: COST 0.001/6.546(0.001) -- Acc 1.000/0.460(1.000)
[1 1 1 0 0 0 0 1 1 1 0 1 1 1 0 1 1 1 0 1 1 1 1 0 0 1 1 1 1 0 1 0 0 0 0 1 1
 0 1 0 1 0 1 0 0 0 1 1 0 0 0 1 1 1 1 0 0 1 0 1 1 0 1 0 0 0 1 0 0 1 0 0 1 0
 0 1 1 0 1 0 0 1 1 1 1 0 1 0 1 0 0 0 1 1 1 1 1 1 1 0]
At 15701/30000: COST 0.018/6.594(0.001) -- Acc 0.990/0.480(1.000)
[1 0 0 0 0 0 1 1 0 1 1 1 1 0 0 0 1 0 1 0 0 0 1 1 1 1 1 0 1 1 0 0 0 1 0 0 0
 0 1 0 1 0 0 0 1 0 0 1 1 0 0 1 1 1 0 1 0 1 1 1 0 1 1 0 1 1 0 1 1 1 1 1 0 1
 0 0 1 0 0 0 1 1 0 1 1 1 1 1 1 0 1 1 0 1 0 0 1 1 0 1]
At 15801/30000: COST 0.007/6.587(0.001) -- Acc 1.000/0.430(1.000)
[0 0 1 1 0 1 0 0 1 0 0 1 0 0 0 1 1 1 1 0 1 1 0 1 0 0 0 1 1 0 0 1 0 1 0 0 1
 1 0 0 0 0 0 1 0 1 0 1 0 1 1 1 1 0 1 1 1 1 0 1 1 0 1 1 1 1 1 0 1 1 0 1 1 1
 1 0 1 1 0 1 0 0 1 1 1 1 1 0 1 0 1 1 1 1 1 1 1 1 1 1]
At 15901/30000: COST 0.000/6.119(0.003) -- Acc 1.000/0.500(1.000)
[1 1 1 1 1 0 1 0 1 1 1 1 0 0 0 0 1 0 0 1 0 1 0 1 0 1 1 1 0 0 1 1 1 1 0 0 0
 0 0 0 0 0 0 1 0 1 0 0 1 1 0 1 1 1 0 1 1 1 0 0 0 0 0 1 1 1 0 1 1 1 0 0 0 1
 0 1 1 1 0 0 0 0 0 1 1 1 0 0 1 0 1 1 0 1 0 1 1 0 1 0]
At 16001/30000: COST 0.010/3.246(0.092) -- Acc 1.000/0.480(0.975)
[1 1 1 0 0 0 1 0 1 0 0 1 1 0 1 1 0 1 0 1 0 1 1 1 0 0 1 0 0 1 0 1 0 0 1 1 1
 1 1 1 1 0 1 1 1 0 0 0 0 1 1 0 0 0 0 1 0 1 1 0 1 0 1 1 1 1 0 0 1 0 0 1 1 0
 0 1 1 0 1 1 0 0 1 0 1 1 0 0 0 1 1 0 1 0 0 0 1 0 0 0]
At 16101/30000: COST 0.009/3.973(0.039) -- Acc 1.000/0.500(0.990)
[0 1 1 1 1 0 0 1 1 1 0 0 1 1 1 1 1 0 1 0 1 1 0 0 1 1 0 0 0 0 0 1 0 0 0 1 0
 1 1 1 1 1 0 1 1 0 0 0 1 0 0 0 1 0 0 0 0 1 1 0 0 0 1 1 1 0 1 1 1 1 1 0 1 1
 1 1 0 1 0 1 0 0 1 0 0 0 1 0 1 0 0 1 1 1 1 0 0 0 0 1]
At 16201/30000: COST 0.003/4.306(0.016) -- Acc 1.000/0.490(0.996)
[1 0 1 1 0 0 0 0 1 0 0 1 1 1 0 1 0 0 0 0 0 1 1 1 0 0 0 0 0 1 0 0 1 0 1 0 1
 0 0 1 1 1 1 0 0 0 1 1 1 1 0 1 1 1 1 1 0 0 0 0 1 0 1 0 1 1 1 0 0 0 1 1 0 1
 1 1 1 1 1 1 1 1 1 1 1 1 0 0 1 0 0 0 0 1 0 1 0 0 1 0]
At 16301/30000: COST 0.003/4.618(0.007) -- Acc 1.000/0.510(0.999)
[1 0 0 0 0 1 0 0 0 1 1 1 1 1 1 0 0 1 1 0 0 0 1 1 1 0 0 0 0 1 1 1 0 1 0 1 1
 1 1 1 1 0 0 1 0 1 0 1 1 1 0 1 0 1 0 0 0 0 0 0 1 0 0 0 0 0 1 0 0 1 1 1 0 0
 0 1 1 0 0 1 0 0 1 1 0 1 1 0 1 0 1 1 0 0 1 1 1 1 0 1]
At 16401/30000: COST 0.001/4.656(0.004) -- Acc 1.000/0.490(0.999)
[1 0 1 1 0 1 0 1 1 0 0 0 1 1 0 1 0 1 1 0 1 1 1 0 0 1 1 1 1 0 1 0 0 0 0 0 1
 0 0 1 0 0 1 1 1 0 0 0 0 0 1 1 0 0 1 1 1 1 0 0 1 1 0 0 0 0 1 0 1 1 1 0 1 1
 0 0 1 0 0 1 0 0 1 0 1 1 1 1 0 1 0 1 0 1 1 1 0 0 1 1]
At 16501/30000: COST 0.001/4.791(0.002) -- Acc 1.000/0.490(1.000)
[0 0 0 1 0 1 1 0 1 0 1 0 1 1 0 0 1 0 1 1 0 1 0 1 1 0 0 1 0 0 0 1 0 1 1 1 0
 1 1 0 0 1 0 1 1 0 1 1 0 1 0 1 0 0 0 0 1 1 0 1 1 1 0 0 1 0 1 0 0 1 1 1 0 0
 1 0 0 0 1 1 0 0 0 1 0 1 1 1 1 0 1 0 1 0 0 1 1 0 0 1]
At 16601/30000: COST 0.000/4.953(0.002) -- Acc 1.000/0.510(1.000)
[0 1 1 1 1 0 1 1 0 0 1 0 0 1 0 0 0 0 0 1 0 0 1 0 1 0 1 0 1 1 0 1 1 1 1 0 1
 1 1 0 0 1 0 0 0 1 0 1 0 0 0 0 0 1 1 0 0 1 1 0 0 1 1 0 1 1 0 1 1 0 1 0 0 1
 0 1 1 0 0 0 1 0 0 1 0 1 0 1 1 0 0 0 0 1 1 1 1 1 1 0]
At 16701/30000: COST 0.001/5.122(0.001) -- Acc 1.000/0.500(1.000)
[1 0 0 1 1 1 1 1 0 0 1 1 0 0 0 0 1 0 0 0 1 0 1 1 0 0 0 1 0 1 0 0 0 1 0 1 1
 0 1 1 0 1 0 1 1 0 1 1 0 1 0 0 1 0 0 0 0 0 1 1 1 0 0 0 0 0 0 0 1 1 0 0 1 0
 0 1 0 1 0 1 1 0 0 0 1 1 0 0 1 1 1 0 0 1 1 1 1 1 1 0]
At 16801/30000: COST 0.001/5.087(0.001) -- Acc 1.000/0.500(1.000)
[1 0 1 0 1 0 1 1 0 0 1 1 0 1 0 0 0 0 0 0 0 0 1 1 0 0 1 0 0 1 1 0 1 1 1 0 0
 0 0 0 1 0 1 1 0 1 1 0 1 0 0 1 0 1 0 0 0 1 0 1 0 0 0 0 1 0 1 1 1 1 0 0 1 0
 0 0 1 0 0 0 0 1 1 1 1 1 1 1 1 1 0 1 0 1 0 1 1 0 1 0]
At 16901/30000: COST 0.002/5.135(0.001) -- Acc 1.000/0.480(1.000)
[0 0 1 0 1 0 1 1 1 1 0 1 1 1 0 1 1 0 1 0 0 0 1 0 0 1 0 0 0 1 0 0 1 0 0 0 1
 1 0 0 0 1 1 0 1 0 0 1 1 1 1 1 0 0 0 1 0 1 0 0 0 1 1 1 1 0 1 1 1 1 1 0 0 0
 0 0 1 1 0 1 1 1 1 0 0 0 1 1 1 1 0 0 1 0 0 0 0 1 0 1]
At 17001/30000: COST 0.000/5.312(0.001) -- Acc 1.000/0.490(1.000)
[1 1 1 1 1 1 0 0 1 0 1 1 0 0 1 1 1 1 0 1 0 0 0 0 1 0 1 1 1 1 1 1 0 1 0 0 0
 1 1 0 1 0 1 1 1 0 0 1 0 0 1 1 0 0 1 0 1 0 0 1 1 0 0 1 0 0 0 0 0 0 0 1 0 1
 1 0 0 0 0 0 1 1 0 0 1 0 1 1 0 0 1 0 0 0 0 1 1 1 1 1]
At 17101/30000: COST 0.001/5.433(0.001) -- Acc 1.000/0.490(1.000)
[1 0 1 1 0 0 0 0 0 1 1 1 0 1 0 1 1 1 1 1 0 1 0 0 1 1 1 0 1 1 0 1 0 1 0 0 0
 1 0 1 1 1 0 1 0 0 0 1 0 1 0 1 0 1 0 1 1 1 1 0 1 0 0 1 0 0 1 1 0 1 0 0 1 0
 0 1 1 1 1 1 0 0 1 1 0 0 0 0 0 0 1 0 0 0 0 0 0 0 1 1]
At 17201/30000: COST 0.002/5.606(0.001) -- Acc 1.000/0.500(1.000)
[1 1 0 1 1 0 0 1 1 1 1 0 0 0 0 0 0 1 1 1 0 0 1 0 1 1 1 0 1 1 0 0 0 0 1 1 0
 1 0 0 0 1 1 1 1 0 1 1 1 1 0 1 0 1 1 0 0 0 1 0 1 0 0 1 0 0 1 1 0 1 0 0 1 1
 1 0 0 0 0 1 1 1 1 1 1 1 0 1 0 1 0 0 1 1 0 0 1 1 0 0]
At 17301/30000: COST 0.042/3.750(0.059) -- Acc 0.990/0.540(0.983)
[1 1 1 0 0 0 0 1 1 1 1 1 0 1 0 1 1 0 0 0 0 0 0 1 1 0 0 0 0 1 1 1 0 1 1 1 0
 1 0 0 1 1 0 1 1 1 1 1 1 0 1 1 0 0 0 0 0 1 0 1 0 0 1 0 1 0 0 1 1 0 0 0 1 0
 1 1 1 1 0 1 1 1 1 1 0 1 1 1 0 0 1 1 1 1 1 0 1 1 1 0]
At 17401/30000: COST 0.006/4.999(0.027) -- Acc 1.000/0.500(0.993)
[1 0 1 0 0 0 0 0 1 1 0 1 1 0 0 0 0 0 1 1 0 1 0 0 1 1 0 1 1 0 1 0 1 1 1 0 0
 1 1 0 0 1 0 0 1 1 1 1 1 1 1 1 0 0 1 0 0 1 0 0 1 1 1 0 1 1 1 0 1 0 0 1 0 0
 0 1 1 0 1 1 1 1 1 1 1 0 0 1 0 1 0 1 1 0 0 1 0 1 1 1]
At 17501/30000: COST 0.003/5.161(0.011) -- Acc 1.000/0.500(0.997)
[0 1 0 1 1 1 0 1 0 1 0 0 0 0 0 0 0 0 1 0 1 1 1 0 0 0 1 1 0 1 0 0 1 1 0 1 1
 0 1 1 1 0 0 0 1 1 1 0 0 0 1 0 0 0 1 0 1 1 1 0 1 1 1 0 0 1 1 0 1 1 0 0 0 1
 0 1 1 0 0 0 1 0 1 1 1 1 1 1 1 0 1 1 0 1 1 1 0 0 0 1]
At 17601/30000: COST 0.000/5.623(0.005) -- Acc 1.000/0.490(0.999)
[1 1 0 0 1 1 0 1 1 1 0 0 1 0 1 1 1 1 1 0 1 0 1 1 1 1 0 1 1 1 1 0 1 1 0 0 1
 1 0 0 0 0 1 0 1 0 1 1 1 1 0 0 1 1 1 1 1 1 1 0 1 0 0 0 0 0 1 0 0 0 1 0 0 1
 1 1 0 0 0 1 0 0 0 0 1 1 0 0 0 1 1 1 0 1 0 0 0 1 0 1]
At 17701/30000: COST 0.001/5.935(0.003) -- Acc 1.000/0.470(1.000)
[0 1 0 1 1 1 1 1 0 1 1 0 0 1 1 0 1 1 0 1 0 1 1 0 0 0 1 0 0 1 0 1 0 0 1 1 1
 0 1 1 1 1 0 1 1 0 0 1 1 1 0 1 1 1 1 0 1 0 1 0 1 0 1 0 1 1 0 1 1 0 0 0 1 0
 1 0 0 0 1 0 0 1 0 1 0 1 0 0 1 0 1 1 0 0 1 0 1 0 0 0]
At 17801/30000: COST 0.031/4.917(0.009) -- Acc 0.990/0.500(0.998)
[1 0 1 0 1 0 0 0 0 1 1 0 0 0 0 0 1 0 0 1 0 0 1 0 1 0 0 0 1 0 0 1 1 1 0 1 0
 1 1 1 1 1 1 0 1 1 1 1 1 1 0 1 0 0 0 0 0 1 0 0 1 1 1 1 0 0 0 0 1 0 1 1 1 0
 1 0 0 1 1 1 0 1 1 0 0 1 1 0 0 0 0 1 0 1 1 0 0 1 1 1]
At 17901/30000: COST 0.005/5.481(0.011) -- Acc 1.000/0.490(0.997)
[0 1 0 0 0 0 1 0 0 1 0 1 1 0 1 1 1 1 1 0 0 1 1 1 1 0 1 1 0 0 0 1 1 0 1 1 1
 1 1 0 0 0 0 1 1 0 0 0 1 1 0 1 0 1 1 1 1 0 0 0 1 0 0 0 0 0 1 0 0 1 1 1 0 0
 0 1 0 1 0 0 0 0 1 0 0 0 0 0 1 1 0 1 1 0 0 0 0 0 1 1]
At 18001/30000: COST 0.013/4.753(0.011) -- Acc 1.000/0.510(0.997)
[0 1 0 1 0 1 1 0 1 0 0 0 0 1 1 0 0 0 0 0 1 1 1 1 1 1 1 1 1 1 1 0 1 0 1 0 0
 0 1 1 1 0 0 0 0 0 1 1 0 0 1 0 0 1 1 0 1 0 0 0 0 0 1 0 0 0 0 1 1 1 0 0 0 0
 1 0 0 1 0 1 1 1 1 1 1 1 0 0 1 1 1 1 1 0 1 0 0 0 1 1]
At 18101/30000: COST 0.009/5.475(0.039) -- Acc 1.000/0.490(0.990)
[1 1 1 1 1 0 1 1 0 1 1 1 0 0 0 1 1 1 0 0 1 1 1 1 0 0 0 1 1 1 0 0 0 0 0 0 0
 0 0 0 0 1 1 0 1 1 0 0 0 1 0 1 0 1 1 0 1 0 0 0 1 1 0 0 0 1 1 1 1 0 0 1 0 1
 1 1 1 1 0 0 0 1 0 0 1 0 0 1 0 0 0 1 0 0 0 1 0 0 0 0]
At 18201/30000: COST 0.002/5.043(0.025) -- Acc 1.000/0.530(0.994)
[0 0 1 0 0 1 0 1 0 1 1 0 0 0 0 1 0 1 1 0 1 0 1 0 0 1 1 1 1 1 0 1 1 1 0 1 1
 1 0 0 1 1 0 0 1 0 0 0 0 0 0 0 0 1 0 1 1 0 1 0 1 1 1 0 1 0 0 1 1 1 0 0 1 0
 0 0 0 0 0 0 0 0 1 0 0 0 1 1 1 1 1 1 1 0 1 0 0 0 1 1]
At 18301/30000: COST 0.001/5.785(0.011) -- Acc 1.000/0.500(0.998)
[0 0 1 0 1 0 0 1 1 1 0 1 1 1 1 1 0 0 0 1 1 1 0 0 1 0 1 1 0 0 0 0 0 1 1 0 0
 0 0 0 0 1 0 0 0 0 1 0 1 0 1 1 0 0 0 1 0 1 1 1 1 0 1 0 1 1 0 1 1 1 1 1 0 0
 0 1 0 1 1 0 1 0 0 0 1 0 0 1 1 0 0 0 0 1 1 0 1 0 1 0]
At 18401/30000: COST 0.007/5.978(0.005) -- Acc 1.000/0.480(0.999)
[1 1 1 1 1 0 1 1 0 1 1 0 0 1 1 0 1 1 1 0 0 0 0 1 0 0 0 0 0 0 0 0 1 0 1 0 1
 1 0 1 0 1 1 0 0 1 0 0 0 1 1 0 1 1 1 1 1 1 1 0 0 0 1 1 0 0 0 1 0 0 0 0 1 0
 1 0 0 1 1 1 1 0 0 0 1 0 0 1 1 1 0 1 0 1 0 0 1 0 0 1]
At 18501/30000: COST 0.001/5.854(0.004) -- Acc 1.000/0.520(0.999)
[1 0 0 0 0 0 0 1 1 0 0 0 0 1 0 1 1 0 0 0 0 1 0 0 0 0 0 1 1 1 0 1 1 1 0 1 1
 0 0 1 1 1 0 1 1 1 1 1 0 1 0 1 1 1 1 0 1 0 1 0 0 1 0 0 1 1 1 0 1 1 0 1 0 1
 1 0 0 1 1 0 0 0 1 0 0 0 1 1 0 0 0 1 1 1 0 1 0 0 1 0]
At 18601/30000: COST 0.001/6.183(0.002) -- Acc 1.000/0.540(1.000)
[1 0 1 1 1 0 0 0 0 1 1 0 1 1 0 0 0 1 1 1 1 1 1 0 1 0 0 0 0 1 0 1 0 0 0 1 0
 1 0 0 0 0 1 1 1 0 1 1 1 1 1 1 1 0 0 0 0 0 1 0 0 0 0 0 1 0 0 1 1 1 1 0 1 1
 0 1 0 0 1 1 0 1 1 0 1 0 0 0 1 0 1 0 0 1 0 1 1 0 1 1]
At 18701/30000: COST 0.001/6.376(0.001) -- Acc 1.000/0.510(1.000)
[0 1 1 1 0 1 0 1 0 1 1 0 1 0 1 1 0 1 0 1 0 0 1 1 0 1 1 0 1 1 0 0 0 0 0 0 0
 0 0 1 1 1 1 1 0 1 0 0 0 1 1 0 1 1 0 0 0 1 1 1 0 0 0 0 0 0 1 1 1 0 1 1 0 0
 1 1 0 0 0 1 0 1 1 0 1 1 1 1 0 1 1 0 1 0 1 0 1 0 1 1]
At 18801/30000: COST 0.000/6.575(0.001) -- Acc 1.000/0.530(1.000)
[0 0 0 0 1 0 1 0 1 0 1 0 1 1 0 0 1 0 0 0 0 1 1 1 0 1 0 1 1 1 0 0 1 0 1 1 0
 0 1 0 1 0 1 0 1 1 0 0 1 1 1 1 1 0 0 0 1 1 0 0 1 0 0 1 0 0 1 1 1 1 0 0 0 0
 1 0 1 0 0 1 1 0 1 0 1 0 1 0 0 0 1 1 0 0 1 1 1 1 1 0]
At 18901/30000: COST 0.000/6.705(0.001) -- Acc 1.000/0.500(1.000)
[1 1 1 0 1 0 1 0 1 0 1 1 0 1 0 1 0 0 0 0 0 1 0 0 1 0 0 1 0 0 0 0 1 1 0 1 0
 0 0 0 0 1 0 1 0 0 0 1 1 0 0 0 0 1 1 1 0 1 0 0 0 0 1 0 0 0 0 1 0 1 1 0 0 0
 1 1 0 1 1 1 0 1 1 0 0 1 0 0 0 1 0 0 1 1 1 1 1 0 1 1]
At 19001/30000: COST 0.094/4.792(0.013) -- Acc 0.980/0.550(0.998)
[1 1 1 1 1 1 1 1 1 1 1 1 0 0 0 0 1 1 0 0 1 1 0 1 1 1 0 0 0 0 1 1 1 0 1 0 1
 1 0 0 1 1 1 1 1 1 1 1 1 1 0 1 1 1 1 1 1 0 1 0 1 1 1 1 0 0 0 1 1 0 1 0 0 1
 0 0 0 1 0 0 1 1 1 1 1 1 0 0 0 0 0 0 1 1 0 1 0 0 0 0]
At 19101/30000: COST 0.006/4.292(0.029) -- Acc 1.000/0.490(0.993)
[0 1 0 0 0 1 1 1 0 1 1 1 1 0 0 0 1 1 0 0 1 1 1 1 1 0 1 1 1 1 0 0 1 0 0 0 1
 1 0 0 1 0 0 1 1 0 0 1 0 0 0 1 1 0 1 0 1 1 0 0 0 1 0 1 1 0 0 1 0 1 0 1 0 0
 1 1 1 1 0 1 0 1 0 1 1 1 1 0 1 0 1 1 0 0 0 0 1 0 1 0]
At 19201/30000: COST 0.006/4.793(0.015) -- Acc 1.000/0.450(0.996)
[1 1 1 1 1 0 1 1 1 1 0 1 1 1 1 0 0 1 1 0 0 1 1 0 1 1 0 1 1 1 0 1 1 1 0 0 0
 1 1 0 0 0 0 1 1 0 1 1 1 1 0 0 1 1 0 0 0 0 0 1 1 1 1 0 0 1 1 1 1 1 0 0 0 0
 1 0 1 1 1 1 0 0 0 1 0 0 1 0 0 0 1 1 0 1 1 0 1 1 0 0]
At 19301/30000: COST 0.001/5.883(0.008) -- Acc 1.000/0.460(0.998)
[1 0 0 0 1 1 0 0 0 1 1 1 1 0 1 1 0 1 1 1 1 0 0 0 0 1 0 0 1 1 0 1 1 1 1 1 1
 0 1 1 1 1 0 1 0 0 0 0 0 0 0 0 1 1 1 1 0 1 1 1 1 0 0 0 0 1 0 1 1 1 0 0 0 0
 0 1 1 1 1 1 0 1 1 1 1 1 0 1 1 0 1 0 1 0 1 1 0 1 0 0]
At 19401/30000: COST 0.001/6.219(0.004) -- Acc 1.000/0.430(0.999)
[1 0 0 0 1 0 0 1 1 0 1 1 1 1 0 1 0 0 1 1 1 1 0 0 1 1 1 0 1 1 0 1 1 0 1 1 1
 0 1 1 0 0 1 1 0 0 0 0 0 0 1 1 0 0 1 0 1 1 0 1 1 1 1 1 1 1 0 0 1 0 1 0 0 1
 1 1 1 1 1 1 1 1 0 1 0 0 0 0 1 1 1 1 0 1 1 0 1 0 0 1]
At 19501/30000: COST 0.000/6.411(0.002) -- Acc 1.000/0.460(1.000)
[1 0 0 1 1 1 0 0 0 1 1 1 0 1 0 1 0 0 1 0 1 1 0 0 1 1 0 0 1 1 1 0 0 0 0 1 0
 1 0 1 1 0 0 1 0 1 0 1 1 1 0 1 0 1 0 0 0 0 1 1 1 1 0 0 1 0 1 0 0 1 1 1 1 0
 1 1 1 0 0 1 0 1 0 1 0 1 1 1 1 1 0 1 1 1 0 1 1 1 1 1]
At 19601/30000: COST 0.000/6.441(0.001) -- Acc 1.000/0.440(1.000)
[1 1 1 0 1 1 0 0 1 0 0 1 1 1 1 1 1 1 1 1 1 0 1 0 0 0 0 0 1 1 0 1 1 1 1 1 1
 1 0 1 1 0 0 1 0 0 0 0 0 0 0 1 0 0 0 0 0 0 1 1 1 1 0 1 1 1 0 1 1 0 1 1 1 1
 1 1 1 0 0 0 1 0 1 0 1 1 1 0 0 0 0 1 1 0 0 1 1 0 1 0]
At 19701/30000: COST 0.000/6.827(0.001) -- Acc 1.000/0.450(1.000)
[1 1 0 1 1 1 1 1 0 1 1 1 0 0 0 1 1 0 1 1 0 0 1 1 1 0 1 1 1 0 0 1 1 1 1 1 0
 0 1 0 0 1 0 1 1 0 1 0 0 1 0 0 1 1 0 0 0 0 1 0 1 1 0 1 0 1 0 1 0 0 1 0 0 1
 0 1 1 0 1 0 0 0 1 0 0 0 1 1 1 0 1 1 1 0 1 1 1 0 0 0]
At 19801/30000: COST 0.000/6.709(0.001) -- Acc 1.000/0.450(1.000)
[1 1 0 1 0 1 0 0 0 1 0 1 0 0 1 0 0 0 0 0 0 1 1 1 1 0 0 1 1 0 0 1 1 1 1 1 0
 0 1 1 1 1 1 0 1 1 1 1 1 0 1 1 1 1 1 1 0 1 0 1 1 0 0 1 0 0 1 1 1 0 0 0 0 0
 1 0 1 0 1 1 0 1 0 1 0 0 1 1 1 0 1 1 0 1 1 1 1 0 0 0]
At 19901/30000: COST 0.001/6.832(0.001) -- Acc 1.000/0.430(1.000)
[1 0 1 1 0 0 1 1 0 1 1 1 1 0 1 0 1 1 1 0 0 1 1 1 0 0 0 0 1 0 0 1 0 0 1 0 1
 1 1 1 1 1 0 0 1 0 1 0 1 1 1 0 0 1 1 0 0 0 1 0 0 0 1 0 0 0 1 1 0 1 0 1 1 1
 1 0 1 1 1 1 1 1 1 1 1 0 0 0 1 0 1 0 1 1 0 1 0 1 1 0]
At 20001/30000: COST 0.000/6.983(0.001) -- Acc 1.000/0.420(1.000)
[0 1 1 0 0 1 0 1 0 1 1 0 1 1 1 0 1 1 0 1 1 1 1 1 0 1 1 1 1 1 0 0 1 0 0 0 0
 1 0 1 0 1 0 1 1 0 0 1 0 1 1 0 0 0 1 1 0 1 0 0 1 1 0 1 0 1 0 0 1 1 1 0 0 0
 1 0 1 0 1 1 1 1 0 0 0 1 1 1 0 1 1 1 1 1 0 1 0 0 0 0]
At 20101/30000: COST 0.001/6.842(0.001) -- Acc 1.000/0.440(1.000)
[1 1 0 1 1 0 0 0 1 1 0 0 1 1 1 0 0 0 0 1 1 1 0 0 1 1 0 0 1 1 0 1 0 1 1 0 0
 0 1 1 1 1 0 0 0 0 1 1 0 1 1 1 0 1 1 0 0 1 0 0 0 0 1 1 0 1 1 0 0 1 0 1 0 1
 1 1 1 0 0 0 1 1 1 0 1 1 0 0 1 0 1 0 0 1 1 1 1 1 0 1]
At 20201/30000: COST 0.004/7.135(0.000) -- Acc 1.000/0.430(1.000)
[1 1 1 0 0 1 0 0 0 1 1 0 0 1 1 1 0 0 0 1 1 0 0 1 0 0 0 0 0 0 1 1 0 1 0 1 1
 1 0 0 0 1 1 1 1 1 0 1 1 1 1 0 1 0 1 1 1 1 0 0 1 0 1 1 1 0 0 1 1 1 0 1 1 0
 0 0 1 1 1 0 0 1 1 1 0 0 1 1 1 0 0 1 0 1 0 0 0 1 1 0]
At 20301/30000: COST 0.000/7.157(0.000) -- Acc 1.000/0.430(1.000)
[0 1 1 0 1 0 1 0 1 0 0 1 1 0 0 0 1 0 0 1 1 1 1 1 0 1 1 1 0 0 0 0 0 1 1 1 0
 1 1 1 1 0 0 1 1 0 1 1 1 1 0 1 1 0 1 0 0 1 1 0 0 1 0 1 1 1 1 1 1 1 1 0 0 0
 0 1 1 1 0 1 1 0 0 0 0 0 0 1 1 0 1 0 0 0 1 0 0 1 0 0]
At 20401/30000: COST 0.000/7.510(0.000) -- Acc 1.000/0.440(1.000)
[1 1 0 0 0 0 1 1 1 0 1 1 0 1 1 1 0 0 1 1 1 1 0 0 1 1 1 1 0 1 1 0 0 1 1 0 0
 1 0 1 0 0 0 0 0 0 1 1 0 0 0 0 0 1 1 1 0 1 0 0 0 0 1 0 0 1 1 0 1 1 0 0 0 1
 0 0 1 1 0 1 1 1 0 1 1 0 1 0 0 0 0 1 1 0 1 1 1 1 0 0]
At 20501/30000: COST 0.000/7.983(0.000) -- Acc 1.000/0.450(1.000)
[0 0 0 0 0 0 1 0 0 0 0 1 1 1 1 0 1 0 1 0 1 1 1 1 1 0 1 1 0 0 1 0 1 1 1 0 0
 0 0 0 0 0 1 1 0 0 0 1 1 1 0 0 0 1 1 0 1 1 0 1 0 0 1 0 0 1 0 0 1 1 1 1 0 1
 0 1 0 0 0 1 1 0 1 1 1 0 1 1 1 1 0 1 0 0 1 0 1 0 0 1]
At 20601/30000: COST 0.002/8.072(0.000) -- Acc 1.000/0.440(1.000)
[1 0 1 0 0 1 1 0 1 1 1 1 1 1 1 1 1 1 1 1 0 0 1 1 1 1 0 0 0 0 1 1 1 1 0 1 0
 0 0 1 0 1 0 1 1 1 1 0 0 0 1 0 1 0 1 1 1 0 0 1 1 1 1 0 1 1 1 1 1 1 0 1 1 1
 0 0 0 0 1 0 1 1 1 1 1 1 0 1 1 0 1 0 1 0 1 1 1 1 1 1]
At 20701/30000: COST 0.322/2.773(0.141) -- Acc 0.900/0.550(0.968)
[1 0 1 0 0 1 1 0 0 1 1 0 0 0 0 1 0 0 0 0 0 1 1 0 1 1 1 0 0 0 1 1 1 0 1 0 1
 0 1 0 1 1 1 1 1 0 0 1 0 1 1 1 1 1 1 1 1 1 1 0 0 0 0 1 0 1 0 1 1 0 0 1 1 1
 0 1 0 1 0 1 1 1 0 1 0 0 0 1 0 1 1 1 1 1 1 1 1 0 0 1]
At 20801/30000: COST 0.012/3.347(0.088) -- Acc 1.000/0.520(0.978)
[0 0 1 1 1 0 1 0 0 0 1 0 0 0 0 1 1 1 0 0 1 1 1 0 1 1 0 0 0 1 0 1 1 0 1 1 1
 1 0 1 0 1 0 0 1 1 0 0 0 0 1 0 0 0 0 0 0 0 0 1 0 1 1 1 0 0 0 1 0 0 1 0 1 1
 1 1 1 1 1 0 1 1 1 1 1 0 1 1 1 1 0 1 0 0 0 0 1 1 1 0]
At 20901/30000: COST 0.006/2.922(0.054) -- Acc 1.000/0.540(0.986)
[0 1 1 0 0 1 1 1 1 1 0 0 0 0 0 0 0 0 1 0 0 0 1 0 0 0 0 1 0 0 1 0 0 0 0 1 0
 0 1 0 1 1 1 0 0 1 1 0 1 1 0 1 0 1 0 0 1 0 1 1 1 1 0 1 0 1 0 1 1 0 1 1 0 1
 1 1 0 1 1 0 1 1 0 0 1 0 0 0 1 1 0 1 1 1 1 0 0 0 1 1]
At 21001/30000: COST 0.005/3.622(0.024) -- Acc 1.000/0.520(0.995)
[0 1 0 0 1 1 1 1 1 1 0 0 0 1 1 0 1 0 0 1 0 1 1 1 0 0 0 0 0 0 0 0 0 1 0 1 0
 1 1 1 0 0 0 1 0 0 1 1 1 1 0 1 1 0 0 0 1 1 0 0 1 0 1 1 1 1 0 1 1 0 1 0 1 0
 0 1 1 1 1 1 0 1 1 0 1 1 0 1 0 0 1 1 0 1 0 0 1 0 1 0]
At 21101/30000: COST 0.002/4.088(0.011) -- Acc 1.000/0.550(0.998)
[1 1 1 0 1 1 0 1 0 1 0 1 0 1 0 0 0 1 1 0 1 1 0 1 1 0 1 0 1 0 0 0 0 1 0 0 1
 1 0 0 0 1 1 0 1 1 0 1 1 0 0 1 1 1 1 0 0 0 1 1 0 1 1 1 0 0 0 0 1 1 1 1 1 1
 0 0 0 0 1 1 0 1 0 1 1 1 1 0 0 0 1 1 0 0 0 0 0 0 1 1]
At 21201/30000: COST 0.001/4.583(0.006) -- Acc 1.000/0.530(0.999)
[0 1 0 0 0 1 1 1 0 1 1 1 0 1 1 1 0 1 1 0 1 1 0 1 1 0 1 1 1 1 1 0 1 0 0 1 0
 0 1 0 0 0 1 1 1 0 0 0 1 1 0 0 1 1 1 1 1 1 0 1 0 0 0 1 0 0 0 0 0 0 0 0 0 1
 1 0 1 0 0 1 0 0 0 1 1 1 1 0 0 1 1 0 0 1 1 1 1 0 1 0]
At 21301/30000: COST 0.002/4.835(0.003) -- Acc 1.000/0.550(1.000)
[0 1 0 0 1 1 1 0 1 1 1 1 0 1 1 0 1 1 0 0 0 0 1 0 0 0 1 0 0 0 1 0 1 1 0 0 1
 1 0 0 1 1 0 1 1 0 0 1 1 0 0 0 0 0 1 0 1 0 0 0 0 1 0 1 1 0 0 1 1 1 1 1 1 1
 1 1 0 1 1 1 0 1 1 1 0 0 0 0 0 0 0 0 1 1 1 1 0 1 0 1]
At 21401/30000: COST 0.000/4.847(0.002) -- Acc 1.000/0.540(1.000)
[0 1 1 0 1 1 1 1 1 0 0 1 1 0 1 0 1 0 0 0 0 0 0 1 0 0 0 1 1 1 1 0 0 0 1 0 1
 0 0 1 1 1 0 1 1 1 1 0 0 1 1 1 0 0 1 1 0 1 1 1 1 1 1 1 0 0 1 1 1 0 1 0 1 0
 1 0 0 1 0 0 0 1 0 1 1 1 0 0 1 1 0 0 0 0 0 1 1 0 0 0]
At 21501/30000: COST 0.000/5.066(0.001) -- Acc 1.000/0.530(1.000)
[1 1 0 1 0 0 1 0 0 1 0 1 0 1 0 1 1 1 1 1 1 0 1 0 0 0 0 0 0 0 1 1 1 0 0 0 0
 0 1 0 1 0 1 1 0 1 0 1 0 0 1 0 1 1 1 1 0 0 1 1 1 1 0 1 1 1 0 1 0 0 1 0 0 0
 0 1 1 0 0 1 0 0 0 1 1 1 1 0 1 0 0 1 0 1 1 1 0 1 0 1]
At 21601/30000: COST 0.000/5.319(0.001) -- Acc 1.000/0.520(1.000)
[1 0 0 1 0 1 0 1 1 1 0 1 0 1 0 0 1 1 1 1 1 1 0 1 0 1 0 0 0 1 1 0 1 0 1 1 1
 0 0 1 0 0 1 1 1 1 0 0 1 1 0 1 1 0 0 0 1 1 0 1 0 1 0 0 1 1 1 1 1 0 1 1 0 0
 0 0 1 1 0 1 0 0 0 0 0 1 1 1 1 0 0 1 0 1 0 1 1 1 1 0]
At 21701/30000: COST 0.000/5.430(0.001) -- Acc 1.000/0.520(1.000)
[0 1 1 1 0 1 1 1 0 1 0 0 0 0 1 1 1 1 1 1 1 0 1 1 1 0 0 1 0 0 0 1 1 0 0 0 0
 1 1 0 1 1 1 0 1 0 1 0 0 0 0 1 0 0 0 1 1 1 1 0 1 0 1 0 1 1 1 1 0 1 1 0 1 0
 0 0 0 0 1 1 0 1 1 0 1 1 0 1 0 1 0 0 1 1 1 1 0 0 1 0]
At 21801/30000: COST 0.000/5.374(0.001) -- Acc 1.000/0.510(1.000)
[1 0 0 0 1 1 0 0 0 0 1 0 1 1 1 0 0 0 1 1 1 1 1 1 0 1 1 1 1 1 0 0 0 1 1 0 1
 0 0 1 0 1 0 1 1 1 0 0 1 0 1 0 0 1 0 1 1 1 1 1 1 0 1 0 0 0 0 0 0 1 0 0 1 0
 0 1 1 0 1 0 1 1 0 1 1 0 1 0 0 1 1 1 1 0 1 1 1 1 0 1]
At 21901/30000: COST 0.000/5.765(0.001) -- Acc 1.000/0.520(1.000)
[0 1 0 1 0 1 0 0 0 0 1 1 1 1 1 1 0 1 0 1 1 1 0 1 1 0 0 1 1 1 0 0 0 0 0 1 1
 1 0 0 1 1 1 0 0 0 0 0 1 0 1 1 1 0 0 0 0 0 1 0 1 1 0 1 0 1 1 1 0 0 1 1 1 1
 0 0 1 1 0 1 1 1 1 0 0 1 0 0 1 0 1 1 1 0 0 1 1 0 0 1]
At 22001/30000: COST 0.000/5.601(0.001) -- Acc 1.000/0.520(1.000)
[0 0 0 0 1 0 1 1 0 1 1 1 1 1 0 1 0 1 1 0 0 1 1 1 1 1 1 0 1 0 0 1 1 1 1 0 1
 1 1 1 0 1 1 1 1 1 1 0 1 0 0 0 1 1 0 0 0 1 1 0 1 0 1 1 0 0 1 0 1 0 0 1 0 1
 0 0 0 1 0 1 1 0 0 1 1 0 1 0 0 0 0 1 1 1 0 0 0 1 1 1]
At 22101/30000: COST 0.000/5.266(0.001) -- Acc 1.000/0.550(1.000)
[1 0 0 1 1 1 1 0 0 0 0 0 0 0 1 1 0 1 1 1 0 0 0 1 0 0 1 1 1 1 1 1 1 0 1 1 0
 1 0 0 1 1 1 0 1 0 1 1 0 1 0 1 1 1 0 1 0 0 0 1 1 0 0 0 0 1 0 1 1 0 1 0 0 1
 1 0 0 1 1 1 1 1 1 0 0 1 0 0 1 0 1 1 1 1 1 1 1 1 1 1]
At 22201/30000: COST 0.000/5.481(0.001) -- Acc 1.000/0.530(1.000)
[0 0 1 0 0 0 1 1 0 1 1 1 1 1 0 0 0 0 1 0 1 1 1 1 0 0 0 0 0 1 1 0 1 0 1 0 0
 1 1 1 1 1 1 0 0 1 1 0 1 1 0 1 0 0 0 1 0 1 1 0 0 1 1 1 0 1 0 1 0 0 0 0 1 0
 0 1 1 1 1 1 0 1 0 1 1 1 0 1 0 1 1 0 0 1 1 0 1 0 0 1]
At 22301/30000: COST 0.004/5.251(0.001) -- Acc 1.000/0.560(1.000)
[1 0 1 1 1 1 0 0 1 1 0 1 0 1 0 1 0 0 1 1 0 0 0 1 1 1 1 1 1 0 1 0 0 1 0 1 0
 1 1 1 1 0 1 1 0 0 0 0 1 0 1 1 1 1 1 1 1 1 0 0 0 1 0 0 0 1 0 1 0 1 1 0 0 0
 1 1 1 1 0 0 0 1 0 0 1 1 1 1 1 0 0 0 0 0 1 1 0 1 0 1]
At 22401/30000: COST 0.000/5.733(0.001) -- Acc 1.000/0.580(1.000)
[0 0 1 0 0 1 0 1 0 0 1 1 0 0 1 1 0 0 0 1 1 1 1 1 1 0 1 0 1 1 1 0 0 1 0 0 1
 1 0 0 0 0 1 0 0 1 0 1 1 0 1 1 1 0 1 1 1 1 0 1 1 0 0 1 0 1 0 1 1 1 0 1 0 1
 1 1 1 0 0 1 1 0 1 1 0 0 1 1 0 0 1 0 0 0 1 1 0 0 1 0]
At 22501/30000: COST 0.000/5.961(0.001) -- Acc 1.000/0.560(1.000)
[1 1 1 1 0 0 1 1 0 0 0 0 1 0 1 1 0 1 1 0 0 1 1 1 0 0 1 0 0 1 1 1 0 0 0 0 1
 1 1 1 0 0 1 0 1 1 1 1 1 0 0 1 1 1 0 0 0 0 1 1 0 1 1 1 1 0 1 0 0 0 0 0 1 0
 1 1 1 0 0 0 1 1 0 1 1 0 1 0 1 1 1 0 0 1 0 1 0 0 1 1]
At 22601/30000: COST 0.002/5.938(0.000) -- Acc 1.000/0.550(1.000)
[1 1 0 0 0 0 0 1 1 0 1 0 0 1 1 1 1 0 1 0 1 1 1 1 0 0 1 0 1 1 1 0 1 0 0 0 1
 1 1 0 1 1 1 0 0 1 0 1 0 0 0 0 0 1 1 1 1 1 0 1 1 0 1 1 0 1 1 1 0 1 0 1 0 0
 1 1 0 1 1 1 0 0 0 1 0 0 1 0 1 0 0 0 0 1 1 0 1 0 1 0]
At 22701/30000: COST 0.000/6.231(0.000) -- Acc 1.000/0.500(1.000)
[1 1 0 0 0 1 1 1 0 0 1 1 0 1 1 1 0 0 0 0 0 0 1 1 1 1 0 1 0 0 0 0 1 0 0 1 1
 1 1 1 0 0 0 0 1 1 1 0 1 1 1 0 1 1 1 1 1 1 1 0 1 1 0 1 0 1 1 1 1 1 0 1 1 0
 1 0 1 1 1 0 0 0 0 1 0 0 0 0 0 0 1 1 1 0 1 1 0 0 1 1]
At 22801/30000: COST 0.000/6.157(0.000) -- Acc 1.000/0.530(1.000)
[0 0 0 0 1 0 0 1 0 1 1 1 1 1 1 0 1 1 1 1 1 1 1 1 1 1 1 0 0 0 1 0 1 1 0 1 1
 1 0 1 0 1 0 0 1 0 0 1 0 0 0 1 1 1 1 0 0 1 0 1 0 0 1 1 0 0 1 0 0 0 0 1 1 0
 1 1 1 0 1 0 0 1 1 1 1 1 0 1 0 1 0 1 0 1 1 0 1 0 0 0]
At 22901/30000: COST 0.000/6.114(0.000) -- Acc 1.000/0.560(1.000)
[1 1 1 0 1 0 1 0 1 1 0 1 0 1 1 1 0 0 1 0 0 1 1 1 1 0 0 1 1 1 0 1 0 0 1 0 0
 0 1 0 0 1 1 1 0 0 1 1 0 1 0 1 1 0 0 1 1 0 1 0 0 1 0 1 1 1 1 1 0 1 0 1 0 0
 1 0 0 0 0 1 0 1 1 1 0 0 0 0 1 1 0 1 1 0 0 1 1 0 1 1]
At 23001/30000: COST 0.000/6.068(0.000) -- Acc 1.000/0.550(1.000)
[1 1 1 0 0 0 1 1 1 0 0 0 1 0 0 1 1 1 1 1 1 1 0 1 1 0 0 1 1 0 1 1 1 0 1 0 1
 1 0 1 1 1 0 0 1 1 0 0 1 1 0 1 1 0 1 0 0 1 0 1 0 0 1 0 1 0 1 0 1 1 1 0 1 1
 0 0 0 1 0 0 0 1 0 1 1 0 0 0 1 0 0 0 0 0 1 1 1 1 1 1]
At 23101/30000: COST 0.000/6.256(0.001) -- Acc 1.000/0.540(1.000)
[1 1 1 0 0 0 1 1 0 1 1 1 0 1 1 0 1 0 0 0 0 1 1 1 1 1 0 0 1 0 0 1 0 1 0 0 1
 1 1 0 1 0 1 1 1 1 1 1 1 1 0 0 0 0 0 1 1 0 0 0 0 1 1 1 0 1 1 1 0 1 1 0 0 1
 1 1 0 0 1 0 1 0 1 0 1 1 1 0 0 1 0 0 0 0 1 1 1 0 1 0]
At 23201/30000: COST 0.000/6.338(0.000) -- Acc 1.000/0.560(1.000)
[1 0 1 1 1 0 1 0 0 1 0 0 1 0 0 1 1 1 1 0 1 0 1 0 1 1 0 1 1 1 0 1 1 0 1 1 1
 0 0 0 0 0 1 1 0 0 1 1 1 0 0 0 1 1 1 1 0 1 1 1 0 0 1 0 0 1 1 1 1 1 1 0 0 0
 1 1 1 0 0 1 0 0 1 0 0 0 1 1 1 0 0 0 0 1 0 0 1 1 1 1]
At 23301/30000: COST 0.000/6.354(0.000) -- Acc 1.000/0.540(1.000)
[0 0 1 1 1 0 0 1 1 0 0 1 1 0 1 1 1 1 1 1 1 1 0 0 1 1 1 1 0 0 1 0 1 1 0 0 1
 1 0 0 0 0 0 0 1 0 1 1 0 0 0 1 0 1 1 1 1 1 1 1 1 0 0 1 1 0 0 0 1 0 1 1 1 0
 1 0 1 1 1 1 0 0 1 1 0 1 1 0 0 0 1 0 0 1 1 0 0 0 1 1]
At 23401/30000: COST 0.080/2.926(0.114) -- Acc 0.980/0.570(0.968)
[0 1 0 1 0 1 1 0 1 1 1 0 0 1 0 1 0 0 0 0 0 1 1 1 1 0 0 1 1 0 1 0 0 1 1 0 0
 1 0 1 0 0 0 1 0 0 1 0 0 1 0 1 0 0 1 1 0 0 0 1 0 0 1 1 0 1 1 1 1 0 0 0 1 1
 0 1 0 0 0 0 1 0 0 0 1 0 1 1 0 1 1 1 0 0 1 1 1 0 0 1]
At 23501/30000: COST 0.007/3.223(0.061) -- Acc 1.000/0.560(0.984)
[0 1 0 0 1 1 0 1 1 0 0 1 0 1 0 0 0 0 0 1 0 0 1 0 1 1 0 0 0 0 0 0 1 0 0 0 0
 1 0 0 1 0 1 1 1 0 1 0 1 1 0 0 1 1 1 0 0 1 1 1 1 0 0 1 0 0 1 1 0 0 1 1 0 0
 0 1 0 1 0 0 0 0 0 0 1 1 1 1 0 1 1 0 1 1 0 0 0 0 1 1]
At 23601/30000: COST 0.001/3.374(0.025) -- Acc 1.000/0.570(0.994)
[1 1 1 1 1 0 0 1 1 1 1 0 0 0 1 0 1 1 0 0 1 0 0 1 0 1 1 1 0 1 1 0 0 0 0 1 0
 0 0 0 0 0 0 1 0 1 1 0 1 1 0 1 1 1 1 0 0 1 1 1 0 1 0 1 0 0 0 0 0 0 0 0 0 1
 1 0 0 0 0 0 0 0 0 0 0 1 0 0 1 0 1 0 1 0 0 1 1 1 0 0]
At 23701/30000: COST 0.005/3.589(0.011) -- Acc 1.000/0.580(0.998)
[0 0 1 1 0 1 1 1 0 1 1 0 0 0 1 1 1 1 0 0 1 1 1 0 1 0 1 0 0 0 0 0 1 1 1 1 1
 0 0 1 0 0 0 0 0 0 1 0 0 0 0 0 1 1 0 1 0 0 0 0 0 0 0 0 0 1 0 1 1 1 1 0 1 0
 1 0 0 0 0 1 0 0 0 0 1 1 1 0 1 0 1 1 0 1 1 0 1 0 1 1]
At 23801/30000: COST 0.008/3.605(0.006) -- Acc 1.000/0.620(0.999)
[0 0 1 1 0 1 0 1 0 0 0 0 1 1 0 1 0 1 1 1 1 1 0 0 1 1 0 0 1 0 0 0 0 1 0 0 0
 0 0 0 1 1 0 1 0 0 1 1 0 1 0 1 0 1 0 1 0 1 1 0 1 0 0 0 0 0 1 0 1 0 1 1 1 0
 1 1 0 1 0 0 1 0 0 1 1 0 0 1 1 0 0 1 1 1 0 0 1 0 0 0]
At 23901/30000: COST 0.006/3.640(0.003) -- Acc 1.000/0.600(1.000)
[1 0 0 1 0 0 1 0 1 1 0 0 1 1 1 1 0 0 1 0 0 1 0 0 0 1 0 1 0 0 0 0 0 1 1 1 1
 0 1 0 0 0 0 0 1 0 1 0 0 0 1 1 0 0 0 0 0 0 1 1 0 0 0 0 0 1 1 0 0 1 0 0 0 1
 1 0 1 1 1 0 0 0 1 1 1 0 1 1 0 0 0 1 0 0 1 1 0 0 1 0]
At 24001/30000: COST 0.338/4.202(0.013) -- Acc 0.930/0.520(0.997)
[1 1 1 1 0 0 0 0 0 1 0 0 0 1 1 1 1 0 0 0 1 1 1 0 0 1 1 0 1 0 1 1 1 1 0 1 1
 1 0 1 1 0 1 0 1 1 1 1 0 0 0 0 1 1 1 1 0 0 0 1 0 1 1 0 0 1 1 1 0 1 0 0 0 0
 0 0 0 1 1 1 1 1 1 0 0 0 1 1 0 1 0 0 1 0 0 1 0 1 0 1]
At 24101/30000: COST 0.010/2.927(0.062) -- Acc 1.000/0.560(0.983)
[0 0 1 0 0 0 0 1 0 1 0 1 0 1 0 1 0 1 0 1 1 1 1 0 0 0 0 1 1 0 0 0 0 0 1 1 1
 1 0 1 0 0 1 0 1 1 1 0 0 0 0 1 0 0 1 0 0 0 1 1 1 0 0 1 1 1 1 1 0 1 0 0 1 1
 0 1 0 1 1 1 0 0 1 0 1 1 1 1 0 0 1 1 1 0 0 0 0 0 1 0]
At 24201/30000: COST 0.006/3.161(0.026) -- Acc 1.000/0.610(0.994)
[0 1 1 1 0 0 1 1 1 0 0 0 1 0 1 1 1 0 0 0 0 1 0 0 0 1 0 0 1 1 1 1 1 1 1 1 0
 1 1 0 1 0 1 1 1 0 1 0 0 0 1 1 1 0 1 0 0 1 0 1 0 1 0 1 1 1 0 0 1 0 0 0 0 0
 0 1 0 1 0 0 0 0 0 1 0 1 0 1 0 0 1 1 0 0 0 0 1 1 1 0]
At 24301/30000: COST 0.003/3.447(0.011) -- Acc 1.000/0.610(0.998)
[1 0 0 1 0 1 0 0 0 0 1 0 1 0 1 0 0 0 0 1 0 1 0 0 1 1 1 0 1 1 1 0 1 1 1 0 1
 0 0 0 0 1 0 1 0 1 1 1 1 0 0 0 1 1 1 1 1 0 0 1 0 0 0 1 0 0 0 0 1 0 0 1 0 0
 1 0 1 0 0 1 0 0 1 1 1 0 0 1 1 1 1 1 0 0 1 1 1 0 1 1]
At 24401/30000: COST 0.003/3.669(0.006) -- Acc 1.000/0.600(0.999)
[1 0 0 1 1 0 0 0 1 0 0 0 0 0 1 1 0 1 0 0 1 0 0 0 1 1 1 0 0 0 1 1 0 0 1 1 1
 1 0 1 1 1 1 1 0 0 1 0 0 1 1 0 0 1 0 0 0 1 0 1 0 1 0 1 0 0 0 0 0 0 1 0 0 0
 1 1 0 0 1 1 1 1 0 1 0 0 1 1 0 0 0 1 1 1 0 0 1 0 1 1]
At 24501/30000: COST 0.004/3.918(0.003) -- Acc 1.000/0.610(1.000)
[1 1 1 1 1 1 0 0 1 0 1 1 0 0 0 1 1 1 0 0 1 1 1 0 1 0 0 0 0 0 1 0 0 1 1 1 1
 0 0 1 1 1 1 0 0 0 0 1 1 1 0 1 1 0 1 1 0 0 0 0 0 0 1 0 0 1 1 1 1 1 0 1 0 0
 0 0 0 1 1 1 0 1 0 1 0 1 0 1 1 0 0 1 0 1 0 0 1 1 0 0]
At 24601/30000: COST 0.001/4.251(0.002) -- Acc 1.000/0.600(1.000)
[0 0 1 1 1 0 1 0 0 1 1 0 1 1 0 0 1 1 0 1 0 0 1 1 1 1 0 0 1 1 0 0 0 1 1 0 1
 1 0 0 1 1 0 0 1 0 0 0 0 0 0 1 1 1 0 1 1 0 1 1 1 1 1 0 1 1 1 1 0 0 1 0 0 0
 1 0 1 1 0 1 0 1 0 1 0 1 1 1 0 0 1 0 0 0 0 0 1 1 0 0]
At 24701/30000: COST 0.000/4.198(0.002) -- Acc 1.000/0.600(1.000)
[0 0 1 1 0 1 1 0 0 0 1 0 1 1 1 1 1 1 1 0 0 0 0 1 1 0 1 0 0 1 0 1 0 0 1 1 0
 1 0 0 1 1 1 1 0 1 0 0 1 0 1 1 1 0 0 0 0 0 0 1 0 1 1 1 1 0 1 1 0 0 0 0 1 1
 0 1 0 1 1 0 0 0 1 1 0 0 1 0 0 1 0 1 0 1 0 1 1 1 1 0]
At 24801/30000: COST 0.000/4.215(0.001) -- Acc 1.000/0.600(1.000)
[1 1 1 0 0 1 1 1 1 0 0 1 1 1 0 1 0 1 1 0 0 1 1 0 0 1 1 0 1 0 1 1 1 1 1 1 0
 1 1 0 1 1 0 0 1 1 1 0 0 0 0 0 1 1 0 0 1 0 0 0 0 0 1 1 0 0 0 1 1 0 1 0 1 1
 1 0 1 0 0 0 0 0 0 0 0 1 1 1 0 1 1 1 0 0 1 0 1 0 1 0]
At 24901/30000: COST 0.000/4.463(0.001) -- Acc 1.000/0.590(1.000)
[1 0 0 0 1 1 0 0 0 0 0 1 1 1 1 0 0 0 0 1 1 1 0 0 0 1 1 1 0 1 1 0 1 1 0 1 1
 0 0 0 1 1 1 0 0 1 1 1 1 1 0 1 0 1 0 0 0 1 0 0 1 0 0 1 0 1 1 1 1 0 1 1 0 0
 1 0 1 1 0 1 1 1 0 0 1 0 1 0 0 0 0 1 1 0 0 1 0 1 1 1]
At 25001/30000: COST 0.000/4.667(0.001) -- Acc 1.000/0.570(1.000)
[1 0 1 1 1 1 1 1 1 1 0 1 1 1 1 0 0 0 1 0 1 0 0 1 0 1 0 0 0 0 0 1 1 1 0 0 0
 1 1 0 0 1 0 1 0 0 0 0 1 0 1 1 1 0 0 0 1 1 1 1 1 0 0 0 1 0 1 1 0 0 0 0 0 0
 1 0 1 0 0 0 0 0 1 1 0 1 1 0 0 0 0 1 1 1 1 0 1 1 1 1]
At 25101/30000: COST 0.001/4.780(0.001) -- Acc 1.000/0.590(1.000)
[1 0 0 1 1 1 1 0 0 1 1 0 1 1 0 0 0 0 0 0 1 1 0 0 0 1 1 0 1 1 1 0 0 1 1 0 1
 1 0 0 1 0 0 1 1 0 0 0 1 0 1 1 1 1 1 1 0 1 1 0 1 0 1 0 1 0 1 0 1 0 0 1 1 0
 1 0 0 0 1 0 1 1 0 1 0 0 0 1 0 1 1 1 0 1 1 0 1 0 0 0]
At 25201/30000: COST 0.000/4.796(0.001) -- Acc 1.000/0.600(1.000)
[0 1 0 0 0 0 1 0 1 1 0 0 1 0 0 0 1 0 0 1 1 0 1 1 0 0 0 0 1 1 0 1 0 1 1 1 1
 1 0 1 0 0 1 0 0 0 1 0 0 0 0 1 1 0 0 1 1 0 1 0 1 0 1 0 1 1 0 1 1 1 1 0 0 0
 1 1 1 1 0 0 1 0 1 0 1 1 0 0 0 1 0 0 1 0 0 1 1 0 1 1]
At 25301/30000: COST 0.000/4.837(0.001) -- Acc 1.000/0.570(1.000)
[0 0 0 1 0 0 1 1 0 1 1 1 0 0 1 1 0 1 1 1 1 0 0 1 0 1 1 1 0 0 1 1 0 1 0 0 0
 1 1 0 1 0 1 1 0 0 1 0 1 1 1 1 1 0 1 0 0 1 1 0 1 0 0 0 1 0 1 1 0 0 1 0 0 1
 0 1 0 1 1 1 0 0 1 1 0 1 0 0 1 0 1 0 1 1 0 1 0 1 1 0]
At 25401/30000: COST 0.000/4.956(0.001) -- Acc 1.000/0.580(1.000)
[1 1 0 1 0 1 0 0 1 0 0 1 0 0 1 1 0 1 0 0 1 1 1 0 1 0 0 0 0 1 0 1 1 0 0 0 0
 1 1 0 1 0 0 0 0 1 1 0 1 1 1 0 1 1 0 0 0 1 1 1 1 1 0 1 1 1 1 1 0 0 1 1 1 1
 1 0 0 0 0 1 0 1 1 1 0 0 1 1 1 1 0 0 1 1 1 1 0 0 0 0]
At 25501/30000: COST 0.000/5.171(0.001) -- Acc 1.000/0.560(1.000)
[1 1 0 0 1 1 1 1 0 0 0 1 0 0 1 0 0 0 0 1 1 0 0 1 1 0 0 0 1 1 0 0 1 0 0 1 1
 1 1 0 0 0 0 0 1 0 0 0 0 0 1 0 0 0 0 1 1 0 0 1 0 1 0 0 1 1 1 1 1 1 1 0 0 1
 1 0 0 1 1 0 0 0 1 1 0 1 1 1 1 1 1 1 0 1 0 1 0 1 0 1]
At 25601/30000: COST 0.079/2.119(0.089) -- Acc 0.970/0.560(0.976)
[1 1 1 0 1 1 1 1 0 1 0 0 0 0 1 1 1 0 1 0 1 0 1 1 1 1 1 1 0 1 0 1 1 1 0 0 1
 1 0 0 0 1 0 0 0 0 1 0 0 1 1 1 0 0 1 0 0 1 0 0 1 0 0 0 1 0 0 1 0 1 0 1 0 1
 0 1 1 0 1 0 1 1 0 1 1 0 0 1 1 0 0 0 1 1 1 0 0 1 0 0]
At 25701/30000: COST 0.011/3.285(0.046) -- Acc 1.000/0.520(0.988)
[0 0 0 0 1 1 1 0 1 0 0 1 1 0 1 1 0 0 0 1 0 1 1 1 0 1 1 1 1 1 0 0 0 0 0 0 1
 1 0 1 0 0 0 1 1 0 1 0 0 1 0 1 1 1 0 1 0 1 0 0 1 0 1 1 0 0 0 1 1 0 1 0 0 0
 0 1 1 0 0 0 0 1 1 1 0 0 0 0 1 0 1 1 1 0 1 0 0 1 1 1]
At 25801/30000: COST 0.021/3.022(0.036) -- Acc 1.000/0.590(0.990)
[0 0 0 1 1 1 0 1 1 0 1 0 1 0 0 1 1 0 0 0 0 0 1 0 1 1 0 1 1 1 0 1 1 1 0 0 0
 1 0 1 0 0 1 1 1 1 0 1 1 1 1 0 1 0 1 0 0 1 0 0 1 0 0 1 0 0 0 1 1 0 0 0 0 1
 0 0 1 0 1 0 1 0 0 1 0 1 1 1 0 1 1 1 1 0 1 0 0 0 1 0]
At 25901/30000: COST 0.006/3.333(0.020) -- Acc 1.000/0.580(0.995)
[0 1 0 0 1 0 1 1 0 0 1 0 1 1 0 0 0 1 1 1 0 0 0 0 0 0 1 1 0 0 1 1 1 0 1 1 0
 1 0 1 0 0 1 0 0 1 1 1 0 1 0 0 0 1 1 1 1 0 1 1 1 0 1 0 0 0 0 1 0 1 0 0 1 0
 0 1 1 1 0 1 0 0 0 0 1 0 1 1 0 0 1 1 0 1 0 1 1 1 0 0]
At 26001/30000: COST 0.002/3.899(0.011) -- Acc 1.000/0.570(0.998)
[1 1 0 0 0 0 1 1 1 0 0 1 0 0 1 0 1 1 0 0 1 1 1 0 1 1 0 0 0 0 0 1 1 0 1 0 1
 0 1 1 1 1 0 0 0 0 0 0 0 1 0 1 1 1 1 0 1 0 0 1 0 0 1 0 0 1 0 1 0 1 0 0 1 0
 1 1 0 1 1 1 0 1 0 1 0 0 1 1 0 0 0 0 0 0 1 0 1 1 1 1]
At 26101/30000: COST 0.004/4.014(0.005) -- Acc 1.000/0.550(0.999)
[1 1 0 0 0 1 0 0 1 1 1 1 0 1 0 0 1 0 0 0 0 1 0 1 0 1 1 0 0 0 1 1 1 1 1 1 0
 1 1 0 0 0 1 0 0 1 0 1 0 0 0 0 0 0 1 1 1 0 1 1 0 0 0 0 1 1 1 0 0 0 1 0 1 0
 1 0 0 1 0 1 0 0 0 1 1 0 0 1 0 1 1 1 0 0 1 1 1 1 1 0]
At 26201/30000: COST 0.001/4.459(0.003) -- Acc 1.000/0.550(1.000)
[1 1 1 1 1 1 1 0 0 0 1 1 1 0 1 0 1 0 1 1 1 0 1 0 1 0 1 0 0 0 0 0 1 1 1 0 1
 1 0 1 0 0 0 0 1 1 0 0 0 1 0 0 0 1 0 1 0 1 0 0 1 1 1 0 1 1 0 1 0 0 1 0 0 1
 1 0 1 1 0 1 1 0 0 0 0 0 0 1 1 0 0 1 1 1 0 0 0 1 0 0]
At 26301/30000: COST 0.000/4.556(0.002) -- Acc 1.000/0.560(1.000)
[0 1 1 1 1 1 1 0 1 1 0 0 0 1 1 1 0 1 0 1 0 0 1 1 0 0 1 0 0 0 0 0 0 0 1 0 1
 0 0 1 0 0 0 1 1 0 1 0 1 0 1 1 0 0 1 0 0 1 0 0 0 1 1 0 0 1 0 0 1 0 1 0 1 0
 1 0 0 1 1 1 1 1 0 0 1 1 1 1 1 1 0 0 0 1 0 0 1 0 1 0]
At 26401/30000: COST 0.001/4.584(0.001) -- Acc 1.000/0.550(1.000)
[0 0 0 1 1 1 0 0 1 1 0 0 0 0 0 1 1 1 1 1 0 0 1 0 0 1 1 0 0 1 1 1 0 1 1 1 0
 0 1 1 0 1 1 1 0 0 1 1 0 1 1 0 1 0 0 0 0 0 0 0 0 0 1 1 0 0 1 0 1 0 0 0 1 1
 1 1 0 1 0 1 1 0 0 0 1 0 0 0 0 0 0 0 0 1 1 1 1 0 1 1]
At 26501/30000: COST 0.000/4.681(0.001) -- Acc 1.000/0.540(1.000)
[1 0 0 0 1 0 1 0 0 1 1 0 1 0 1 1 0 0 1 0 1 0 1 0 0 0 1 0 1 0 0 0 0 1 1 0 0
 1 1 1 0 0 1 1 1 0 0 1 1 0 0 0 0 1 1 0 0 0 0 1 1 0 1 0 0 1 1 1 1 1 1 0 0 1
 1 1 1 0 1 1 0 0 1 0 0 1 0 0 0 1 0 1 0 0 0 1 0 1 1 0]
At 26601/30000: COST 0.000/4.686(0.001) -- Acc 1.000/0.560(1.000)
[0 1 1 0 1 0 1 0 0 1 1 1 1 1 0 1 1 0 0 0 0 1 1 0 1 0 0 0 0 0 0 0 0 0 0 1 1
 1 0 0 1 0 1 1 1 0 0 1 0 0 1 1 0 0 1 1 0 0 1 1 1 0 0 0 1 1 0 0 0 0 0 1 1 0
 0 1 0 0 1 1 0 1 1 1 1 1 1 0 1 0 0 1 0 1 0 0 1 1 0 1]
At 26701/30000: COST 0.000/4.918(0.001) -- Acc 1.000/0.550(1.000)
[0 1 0 0 1 0 0 0 0 1 0 0 1 1 1 1 1 0 0 1 0 0 0 1 0 1 0 0 1 1 1 0 0 1 1 1 1
 0 0 0 0 1 1 1 1 1 1 1 0 1 1 0 1 0 1 0 0 0 0 1 1 0 1 0 0 1 1 1 0 1 0 1 0 0
 0 0 1 1 0 0 0 1 0 1 0 0 1 0 1 1 1 0 0 0 1 1 1 0 1 1]
At 26801/30000: COST 0.000/5.260(0.001) -- Acc 1.000/0.550(1.000)
[0 1 0 1 0 0 0 1 1 1 0 0 1 0 0 0 1 0 1 0 1 1 1 0 1 1 0 0 1 0 1 0 0 1 0 1 1
 1 1 1 0 1 0 1 0 1 1 1 0 1 0 1 0 0 0 0 0 0 1 1 0 0 1 0 1 1 0 1 0 1 1 0 0 0
 1 1 1 1 0 0 0 1 1 0 0 0 0 0 0 0 1 0 0 1 0 1 1 1 1 1]
At 26901/30000: COST 0.000/5.278(0.001) -- Acc 1.000/0.540(1.000)
[1 1 1 1 1 0 0 0 0 0 0 1 0 1 1 1 1 0 0 1 1 0 1 0 1 0 1 0 0 1 0 1 1 0 1 1 1
 1 0 1 1 0 0 0 0 0 0 0 0 0 0 1 0 1 1 0 1 0 0 0 1 0 1 1 0 1 0 0 1 0 0 1 0 1
 0 1 1 0 1 0 0 1 0 0 1 1 0 1 1 0 1 0 1 1 1 0 0 1 0 1]
At 27001/30000: COST 0.000/5.459(0.001) -- Acc 1.000/0.520(1.000)
[0 1 1 0 0 1 0 0 1 1 1 0 1 0 0 0 1 1 0 1 1 0 1 0 0 0 0 1 0 0 0 1 1 1 1 0 0
 1 1 1 1 0 1 1 0 1 1 1 1 1 1 0 0 1 1 1 1 0 1 0 0 0 0 1 1 0 0 0 1 0 0 1 1 1
 0 0 0 0 0 0 1 0 0 1 1 1 0 0 0 1 0 0 0 0 0 1 1 0 0 1]
At 27101/30000: COST 0.000/5.152(0.001) -- Acc 1.000/0.550(1.000)
[1 0 0 1 1 1 0 1 0 1 0 0 0 0 1 0 0 0 0 1 1 0 0 1 0 0 1 1 1 0 0 1 0 0 1 1 0
 0 1 1 1 0 1 1 1 1 1 1 0 1 0 1 1 0 0 0 0 0 1 1 0 0 0 0 1 0 0 1 0 1 1 0 1 0
 0 0 1 0 1 0 0 1 1 1 0 1 1 0 0 1 1 0 1 1 0 0 0 0 1 0]
At 27201/30000: COST 0.000/5.314(0.000) -- Acc 1.000/0.520(1.000)
[1 1 1 0 1 0 1 0 0 0 0 0 1 1 1 0 1 0 1 1 1 0 0 0 0 0 1 0 0 0 0 1 0 0 1 0 1
 0 0 0 1 0 0 1 1 0 0 1 1 1 0 1 1 1 1 0 1 0 0 0 1 0 1 1 1 0 0 0 0 1 0 0 1 1
 1 1 1 0 1 0 1 0 1 1 1 0 0 0 1 0 0 0 0 1 1 0 1 0 1 1]
At 27301/30000: COST 0.000/5.434(0.001) -- Acc 1.000/0.530(1.000)
[1 1 0 1 1 1 0 1 0 0 0 0 0 1 1 0 0 0 0 1 1 1 0 0 1 1 1 1 1 1 1 0 1 0 1 1 0
 0 1 0 1 1 1 1 1 1 1 0 0 1 0 1 0 0 0 1 1 0 0 0 0 0 1 0 1 1 1 0 0 1 1 1 0 0
 1 1 0 1 0 0 0 1 1 0 0 1 1 1 0 1 1 1 0 1 1 0 0 0 0 1]
At 27401/30000: COST 0.346/3.235(0.035) -- Acc 0.930/0.530(0.991)
[0 1 1 1 0 0 1 1 0 0 0 0 1 0 1 0 1 0 0 1 1 1 0 1 1 0 1 1 0 0 0 0 0 0 1 1 0
 1 1 1 1 1 0 0 0 0 0 0 1 0 0 0 0 0 1 0 0 1 0 1 1 0 0 1 1 1 1 0 1 0 1 1 1 0
 1 1 1 0 1 1 1 1 0 1 0 1 1 0 1 0 0 0 0 0 0 0 1 1 1 1]
At 27501/30000: COST 0.064/3.376(0.066) -- Acc 0.970/0.490(0.981)
[0 1 1 1 1 1 1 1 1 0 0 1 0 1 0 0 0 0 0 1 0 1 0 0 1 1 0 0 1 0 0 1 0 0 0 0 0
 1 1 0 0 1 0 1 1 0 1 0 0 0 0 1 1 0 1 1 0 0 1 1 1 0 1 1 1 0 1 0 1 0 0 0 0 1
 0 1 0 1 0 0 0 0 0 1 1 1 0 0 1 1 0 0 1 0 1 0 0 1 1 1]
At 27601/30000: COST 0.011/4.386(0.035) -- Acc 0.990/0.480(0.990)
[1 0 0 0 0 0 0 0 0 0 0 1 0 0 1 1 1 0 1 0 1 1 0 0 1 0 1 0 1 1 0 0 1 0 0 1 0
 1 0 1 0 0 1 1 0 1 1 1 1 0 1 1 0 0 1 1 1 0 1 0 0 0 0 1 0 0 0 1 0 1 0 1 0 0
 1 0 1 0 1 0 1 1 1 0 1 0 1 0 0 0 1 0 1 1 1 0 1 0 0 0]
At 27701/30000: COST 0.001/4.873(0.015) -- Acc 1.000/0.480(0.996)
[0 1 0 0 0 0 0 1 0 1 0 1 0 1 1 1 0 1 1 0 0 0 1 0 0 1 0 1 0 0 1 1 0 0 1 0 1
 0 1 1 0 0 1 0 1 0 1 1 0 1 0 0 1 0 0 1 0 0 0 0 0 1 1 1 0 0 1 1 1 0 1 0 1 0
 1 0 1 1 0 0 1 1 0 0 1 1 0 1 0 0 1 1 0 1 0 1 0 0 0 0]
At 27801/30000: COST 0.001/5.138(0.007) -- Acc 1.000/0.500(0.998)
[1 1 1 0 1 0 1 1 0 0 0 0 1 1 1 1 0 0 0 0 0 0 1 1 0 1 0 0 0 0 1 1 0 0 0 0 0
 0 0 0 0 1 0 1 1 1 0 1 1 0 0 0 0 0 0 1 1 1 0 0 1 0 0 1 0 1 1 1 0 0 1 0 0 1
 1 0 1 0 1 0 1 1 0 1 0 1 1 1 0 0 0 0 0 0 0 1 0 1 1 1]
At 27901/30000: COST 0.001/5.354(0.004) -- Acc 1.000/0.510(0.999)
[0 0 0 0 0 1 1 1 1 1 0 1 1 0 1 1 0 0 1 1 1 0 0 1 0 1 1 1 1 1 0 1 1 1 1 1 1
 0 0 0 1 0 0 0 0 1 0 0 0 1 0 0 0 0 1 0 1 0 0 1 0 0 0 1 1 0 0 0 0 1 1 0 0 0
 0 0 0 0 1 0 1 1 0 1 1 0 1 1 1 0 1 1 1 0 0 0 0 0 0 0]
At 28001/30000: COST 0.002/5.568(0.002) -- Acc 1.000/0.480(1.000)
[1 1 1 0 0 1 1 1 0 1 1 0 0 1 0 0 0 1 1 0 0 0 0 1 1 1 1 1 0 0 1 0 0 1 1 0 0
 0 1 1 0 0 1 0 0 0 1 1 1 1 0 0 1 0 0 0 1 0 1 0 0 1 1 0 1 1 1 0 1 0 0 1 0 0
 0 0 0 1 1 0 0 0 1 0 1 0 1 0 0 1 0 1 0 0 0 1 0 0 1 0]
At 28101/30000: COST 0.001/5.890(0.001) -- Acc 1.000/0.480(1.000)
[0 0 0 0 0 0 0 1 0 1 1 1 0 0 0 1 1 0 0 0 1 0 1 1 0 1 1 0 0 0 1 0 1 0 1 0 0
 1 0 0 1 1 0 0 1 0 1 1 0 1 0 1 0 0 1 0 0 1 0 0 0 0 0 0 0 0 1 0 0 0 1 0 1 1
 0 1 1 1 1 1 0 1 0 1 1 0 0 1 0 1 1 0 0 1 1 0 1 1 0 1]
At 28201/30000: COST 0.000/6.094(0.001) -- Acc 1.000/0.490(1.000)
[0 0 0 1 1 1 0 0 1 0 1 0 0 0 1 0 0 1 0 1 0 0 0 0 0 0 0 1 1 0 0 1 0 1 1 0 1
 1 0 1 1 1 1 0 1 0 0 1 1 0 0 0 1 0 1 0 0 0 0 1 1 1 0 0 1 0 0 0 0 1 1 1 1 0
 0 1 0 0 1 0 1 0 0 1 1 1 0 0 0 1 1 1 1 0 0 0 0 0 1 1]
At 28301/30000: COST 0.001/6.181(0.001) -- Acc 1.000/0.490(1.000)
[1 1 0 0 1 0 0 1 1 0 0 0 1 0 1 1 0 0 1 1 1 1 0 1 1 0 0 0 0 0 0 0 1 0 0 1 0
 0 1 1 1 0 1 0 0 0 0 0 1 0 1 0 1 1 0 1 1 0 1 0 0 1 0 0 0 0 0 1 0 0 1 0 0 1
 1 1 0 1 0 0 0 1 0 1 1 1 0 1 1 0 1 1 1 0 0 1 1 1 1 0]
At 28401/30000: COST 0.001/6.355(0.001) -- Acc 1.000/0.480(1.000)
[1 0 0 1 1 0 0 1 1 1 0 1 1 0 1 0 1 0 1 1 0 0 1 0 0 0 1 0 0 1 1 1 0 0 0 0 1
 0 1 1 0 0 1 1 1 1 1 0 1 1 0 0 1 0 0 0 0 1 0 1 0 0 0 1 1 0 1 1 0 0 1 1 1 0
 1 0 0 0 1 1 0 1 0 1 1 0 0 0 0 1 1 1 0 0 0 0 1 0 0 0]
At 28501/30000: COST 0.001/6.423(0.001) -- Acc 1.000/0.480(1.000)
[0 0 1 1 0 1 1 0 1 0 0 1 1 0 1 1 0 1 0 1 1 0 1 0 0 0 1 0 0 0 0 0 1 1 0 1 1
 1 1 0 0 0 0 0 0 1 1 1 1 1 0 1 0 1 0 0 0 0 0 1 0 1 0 1 0 0 0 0 1 0 0 1 0 0
 1 0 1 0 0 1 1 0 0 0 0 1 1 1 1 1 0 1 0 1 0 1 1 0 0 1]
At 28601/30000: COST 0.006/6.618(0.001) -- Acc 1.000/0.490(1.000)
[0 1 1 0 0 1 1 0 1 1 1 0 0 0 1 1 0 1 1 0 0 1 0 0 0 1 0 0 1 0 1 0 0 0 0 1 1
 0 1 1 0 1 1 0 1 0 1 1 1 0 0 0 0 1 0 0 1 0 0 1 0 0 1 1 0 1 0 1 1 0 1 1 0 0
 1 0 0 0 1 0 0 1 0 1 0 1 0 1 1 0 0 0 0 0 1 1 0 0 0 0]
At 28701/30000: COST 0.000/6.625(0.001) -- Acc 1.000/0.490(1.000)
[0 1 0 1 0 0 1 1 0 1 1 1 0 0 0 1 1 0 0 0 0 0 1 0 0 0 0 1 1 0 1 1 1 1 0 0 1
 1 1 0 0 1 0 0 0 1 1 1 1 0 1 0 0 0 1 1 1 0 0 1 0 0 0 0 0 0 0 0 1 1 0 0 0 1
 0 1 1 1 0 0 0 1 1 1 0 0 1 1 1 1 1 1 0 1 0 1 0 0 0 0]
At 28801/30000: COST 0.000/6.782(0.001) -- Acc 1.000/0.510(1.000)
[0 1 0 1 0 1 0 0 0 1 1 1 0 1 1 0 1 1 1 1 0 0 0 0 0 1 1 0 1 1 1 1 0 0 0 0 1
 1 1 0 0 0 0 0 0 1 0 1 0 1 1 1 1 1 0 1 1 0 1 0 1 1 0 1 1 0 1 0 1 1 0 0 1 1
 0 0 0 0 0 1 1 1 0 0 1 0 1 1 0 0 0 0 0 1 1 0 1 0 1 1]
At 28901/30000: COST 0.045/2.559(0.069) -- Acc 0.980/0.540(0.983)
[1 0 0 0 1 1 1 0 0 1 0 0 0 1 1 1 1 0 1 0 1 0 1 1 0 0 1 0 0 0 0 0 1 1 0 0 1
 0 1 1 0 0 0 1 0 0 0 1 0 1 1 0 0 1 0 0 1 0 1 1 1 1 1 1 1 1 0 1 0 1 1 0 1 1
 1 0 1 0 1 0 1 0 0 1 0 1 1 1 0 1 0 0 1 1 0 1 0 0 1 1]
At 29001/30000: COST 0.014/3.176(0.041) -- Acc 1.000/0.570(0.990)
[0 1 1 1 0 1 0 0 1 1 0 0 1 0 1 0 0 0 0 0 0 1 1 1 0 0 1 0 1 1 1 0 0 1 1 0 0
 0 1 0 0 1 0 0 1 1 1 1 0 0 1 0 1 0 0 1 1 1 0 0 1 1 0 1 1 1 0 1 1 1 0 1 1 0
 0 1 1 1 1 0 0 0 1 0 1 0 0 1 1 1 1 0 1 1 0 0 1 0 0 1]
At 29101/30000: COST 0.006/3.711(0.019) -- Acc 1.000/0.470(0.996)
[0 1 1 1 0 0 0 1 1 0 0 0 1 1 0 1 1 1 0 1 1 1 0 0 0 0 0 0 0 1 0 1 1 0 0 0 1
 1 1 1 1 0 1 0 0 1 1 0 0 1 1 1 1 0 0 0 1 1 1 0 1 0 0 1 0 1 1 1 0 0 1 0 1 1
 0 1 1 1 0 1 0 1 0 0 1 1 1 0 0 0 1 0 0 0 0 1 1 0 0 1]
At 29201/30000: COST 0.008/4.074(0.008) -- Acc 1.000/0.500(0.998)
[0 1 1 0 1 0 0 0 0 1 0 1 0 1 0 0 0 1 0 1 1 1 1 1 1 1 1 1 0 0 0 0 0 0 0 0 0
 1 0 0 1 1 1 1 1 1 0 0 1 0 0 1 0 1 0 0 1 0 1 1 1 1 1 1 0 1 1 0 0 0 1 1 1 0
 0 1 1 0 1 0 1 1 1 1 0 1 1 0 1 0 0 0 0 0 0 0 1 1 1 0]
At 29301/30000: COST 0.002/4.597(0.004) -- Acc 1.000/0.500(0.999)
[0 1 1 1 1 0 1 1 0 1 0 0 1 0 0 0 0 0 0 0 0 0 1 0 0 0 0 1 0 0 0 0 0 1 1 0 1
 1 0 1 0 0 0 0 0 1 1 0 0 0 1 0 0 1 1 1 1 1 0 1 1 0 1 1 0 1 1 1 1 0 1 1 1 1
 1 0 0 1 0 0 1 1 1 0 0 1 0 1 0 0 0 1 0 1 0 1 0 1 0 1]
At 29401/30000: COST 0.001/4.681(0.002) -- Acc 1.000/0.500(1.000)
[0 0 1 0 1 0 1 1 1 1 0 1 1 1 1 0 0 0 0 0 0 1 0 1 0 1 1 0 1 1 1 0 0 0 0 0 1
 0 1 0 1 0 1 0 1 0 0 0 0 1 0 1 1 0 0 1 0 1 1 0 1 1 0 1 0 0 0 1 0 1 0 1 0 0
 0 0 1 1 1 1 0 0 1 0 0 1 1 1 0 1 0 1 1 1 0 1 1 1 0 1]
At 29501/30000: COST 0.002/4.852(0.002) -- Acc 1.000/0.490(1.000)
[1 1 0 1 0 0 1 0 1 0 0 1 0 1 0 0 0 1 0 0 0 1 0 1 1 0 0 0 0 0 1 0 1 1 1 1 1
 0 1 1 0 1 0 0 1 0 0 0 1 0 1 0 0 1 1 0 0 1 1 1 1 0 1 1 1 0 0 0 0 1 1 1 1 0
 1 0 1 0 0 1 1 1 1 0 0 1 1 1 0 0 0 0 0 0 0 0 1 1 1 0]
At 29601/30000: COST 0.000/4.973(0.001) -- Acc 1.000/0.510(1.000)
[0 1 1 1 1 1 1 0 0 1 1 0 0 1 1 0 0 1 1 0 1 0 1 1 0 0 0 0 0 0 0 1 1 1 1 1 0
 1 1 1 0 0 1 0 0 0 1 0 0 0 0 1 0 0 1 0 0 0 1 0 0 0 1 0 0 0 1 0 0 0 1 0 1 1
 0 1 0 1 0 0 0 1 1 1 1 1 0 1 0 1 1 0 1 0 1 0 1 1 1 1]
At 29701/30000: COST 0.001/5.172(0.001) -- Acc 1.000/0.480(1.000)
[1 1 1 1 1 0 0 1 0 1 1 0 0 1 0 0 0 1 1 0 1 1 1 0 1 0 0 0 0 0 1 0 0 1 1 1 0
 0 0 1 0 0 0 1 0 0 1 1 0 0 0 1 1 1 1 1 0 1 0 1 0 0 1 0 0 0 1 1 1 1 1 0 0 1
 0 1 0 0 0 1 0 0 0 1 0 1 0 1 0 0 1 1 0 1 0 1 0 0 1 1]
At 29801/30000: COST 0.000/5.335(0.001) -- Acc 1.000/0.510(1.000)
[1 1 1 0 1 0 0 0 1 1 0 1 0 1 1 1 1 0 1 0 0 1 0 0 1 0 0 1 0 1 1 1 0 1 0 0 0
 1 1 0 1 0 1 1 0 0 0 1 0 1 1 0 0 1 1 1 1 1 0 0 0 0 1 0 1 0 1 0 1 0 1 0 1 0
 1 0 0 1 1 1 0 0 0 0 1 1 0 0 1 1 0 0 0 1 0 1 0 0 0 0]
At 29901/30000: COST 0.001/5.628(0.001) -- Acc 1.000/0.490(1.000)
