[[ 0.         -0.24521405 -0.2179281  ...,  0.29157303 -0.19996004
  -0.13602668]
 [ 0.         -0.2179281  -0.03434207 ..., -0.19996004 -0.13602668
  -0.37930576]
 [ 1.         -0.03434207  0.11177545 ..., -0.13602668 -0.37930576
  -0.12538367]
 ..., 
 [ 1.          0.04219069  0.13656874 ...,  0.04356959  0.05425161
  -0.01081237]
 [ 0.          0.13656874 -0.15550192 ...,  0.05425161 -0.01081237
   0.07556234]
 [ 1.         -0.15550192 -0.08420418 ..., -0.01081237  0.07556234
  -0.07499565]]
[[ 0.         -0.08420418 -0.02117914 ...,  0.07556234 -0.07499565
   0.05401728]
 [ 1.         -0.02117914 -0.15963767 ..., -0.07499565  0.05401728
  -0.01076592]
 [ 1.         -0.15963767 -0.05397261 ...,  0.05401728 -0.01076592
   0.01077752]
 ..., 
 [ 1.          0.02269691  0.32917263 ...,  0.12670605  0.68821357
   0.08782141]
 [ 0.          0.32917263  0.10993391 ...,  0.68821357  0.08782141
   0.54154357]
 [ 1.          0.10993391 -0.0108946  ...,  0.08782141  0.54154357
  -0.08249698]]
Train 694 samples in approximately 4322 epochs
Finished computation graph
[1 1 1 1 1 1 1 1 1 1 1 1 1 1 1 1 1 1 1 1 1 1 1 1 1 1 1 1 1 1 1 1 1 1 1 1 1
 1 1 1 1 1 1 1 1 1 1 1 1 1 1 1 1 1 1 1 1 1 1 1 1 1 1 1 1 1 1 1 1 1 1 1 1 1
 1 1 1 1 1 1 1 1 1 1 1 1 1 1 1 1 1 1 1 1 1 1 1 1 1 1]
At     1/30000: COST 0.793/0.735(0.695) -- Acc 0.490/0.490(0.010)
[1 1 1 1 1 0 1 1 1 1 1 1 1 1 1 1 0 1 1 1 1 1 1 1 1 1 1 1 1 1 1 1 1 1 1 1 1
 1 1 1 1 1 1 1 1 1 1 1 1 1 1 1 1 1 1 1 1 1 1 1 1 1 1 1 1 1 1 1 1 1 1 1 1 1
 1 1 1 1 1 1 1 1 1 1 1 1 1 1 1 1 1 1 1 1 1 1 1 1 1 1]
At   101/30000: COST 0.688/0.703(0.697) -- Acc 0.520/0.490(0.338)
[1 1 1 1 1 1 1 1 1 1 1 1 1 1 1 1 1 1 1 1 0 1 1 1 1 1 0 1 0 1 1 1 1 1 1 1 1
 1 1 1 1 1 1 1 1 1 0 1 1 1 1 0 1 1 1 1 1 1 1 1 0 1 1 1 1 0 0 1 1 1 1 1 0 1
 1 1 1 1 1 1 1 1 1 1 1 1 1 1 1 1 1 1 1 1 1 1 1 1 1 0]
At   201/30000: COST 0.678/0.698(0.692) -- Acc 0.550/0.490(0.464)
[0 0 0 0 0 1 0 1 0 1 0 1 1 1 1 1 0 1 1 1 1 0 0 1 1 1 0 1 1 0 1 1 1 1 1 1 1
 0 0 1 0 0 0 1 1 1 0 0 1 1 0 1 0 1 0 0 1 1 0 1 1 0 1 1 1 1 0 1 1 1 1 0 0 0
 0 0 1 1 1 1 0 1 1 0 0 1 1 0 1 1 1 0 1 0 1 1 0 1 1 0]
At   301/30000: COST 0.696/0.694(0.690) -- Acc 0.530/0.550(0.506)
[1 1 1 1 1 1 1 1 1 1 1 1 1 1 1 1 1 1 1 1 1 1 1 1 1 1 1 1 1 1 1 1 1 1 1 1 1
 1 1 1 1 1 1 0 1 1 1 1 1 1 1 1 1 1 0 1 1 1 1 1 1 0 1 1 1 0 1 1 1 1 1 1 1 1
 1 1 1 1 1 1 1 1 1 1 1 1 1 1 1 1 1 1 1 1 1 1 1 1 1 1]
At   401/30000: COST 0.677/0.698(0.689) -- Acc 0.560/0.470(0.522)
[1 1 1 1 1 1 1 1 1 1 1 1 1 1 1 0 1 1 1 1 1 1 1 0 1 1 1 1 1 1 0 1 1 1 1 1 1
 1 1 1 0 1 1 0 1 1 0 1 1 1 1 1 1 1 1 1 1 1 1 1 1 1 1 1 1 1 1 1 1 1 1 1 1 1
 1 1 1 1 1 1 1 1 1 1 1 1 1 1 0 1 0 1 1 1 0 1 1 1 1 1]
At   501/30000: COST 0.670/0.696(0.683) -- Acc 0.640/0.500(0.546)
[1 1 1 1 1 1 1 1 0 1 1 1 1 1 1 0 0 1 1 1 0 1 1 1 1 1 1 1 0 1 1 1 1 1 1 1 1
 1 0 1 1 1 1 1 1 1 1 1 1 1 1 1 1 1 1 1 1 1 1 0 1 1 1 0 1 1 1 1 1 1 1 1 1 1
 1 0 0 0 1 1 1 1 1 1 1 1 1 0 1 1 1 1 1 1 1 1 1 1 1 1]
At   601/30000: COST 0.677/0.715(0.676) -- Acc 0.600/0.510(0.567)
[1 1 1 1 1 1 0 1 1 1 1 1 1 0 1 1 1 1 1 1 1 1 1 0 1 1 1 1 1 1 1 1 1 1 1 1 0
 1 0 1 1 1 0 1 1 1 1 1 1 1 1 1 1 1 1 1 1 1 0 1 1 1 0 1 1 0 1 1 1 1 1 0 1 1
 1 1 1 1 1 1 1 1 1 1 1 1 1 0 1 0 0 0 0 1 1 1 1 1 1 1]
At   701/30000: COST 0.658/0.713(0.661) -- Acc 0.620/0.520(0.595)
[1 1 1 1 0 0 1 1 0 1 1 1 1 0 1 1 1 1 1 0 1 0 0 1 0 1 1 0 0 0 1 0 0 1 0 1 1
 0 1 1 1 1 1 1 0 1 1 1 0 1 0 0 0 1 0 1 1 1 1 1 1 0 1 1 1 0 1 1 1 1 1 1 0 1
 1 1 1 1 0 1 1 1 1 1 1 0 1 1 1 0 0 1 1 1 0 1 0 1 1 0]
At   801/30000: COST 0.612/0.697(0.640) -- Acc 0.640/0.500(0.621)
[0 0 1 1 0 0 1 1 0 0 1 1 1 0 1 0 1 0 0 0 0 0 0 0 1 1 1 1 1 1 0 1 1 0 0 1 0
 1 1 1 1 0 1 1 0 1 1 1 1 1 0 1 1 0 0 1 1 1 1 1 0 1 1 1 0 1 0 1 0 1 0 1 1 0
 0 1 1 1 1 1 0 1 1 1 1 1 1 1 1 1 1 0 0 1 1 1 1 1 1 1]
At   901/30000: COST 0.606/0.699(0.619) -- Acc 0.620/0.550(0.642)
[1 0 1 0 0 0 1 0 1 1 1 1 0 0 1 0 0 1 0 0 0 0 0 0 1 1 1 1 1 1 1 0 1 0 0 1 1
 0 1 0 0 1 1 1 1 1 0 1 1 1 1 1 1 1 1 0 1 1 0 0 0 1 1 1 1 1 1 1 0 1 1 0 1 1
 1 1 1 1 0 1 1 1 1 0 0 1 1 0 0 0 1 1 1 0 1 1 0 1 0 1]
At  1001/30000: COST 0.531/0.712(0.580) -- Acc 0.710/0.560(0.680)
[1 1 1 1 1 0 1 1 0 0 1 1 1 0 1 1 1 1 1 1 1 1 1 1 1 0 1 1 0 1 0 1 0 1 1 1 1
 1 1 1 1 1 1 0 0 1 0 1 1 1 1 1 1 1 1 1 1 1 1 1 1 1 1 0 1 0 1 0 1 0 1 1 1 1
 1 1 0 1 1 1 1 1 1 1 1 1 0 1 1 1 1 1 1 1 0 0 1 1 0 1]
At  1101/30000: COST 0.497/0.765(0.533) -- Acc 0.770/0.470(0.717)
[1 1 1 1 1 1 1 0 1 1 1 1 0 1 0 0 0 1 1 0 1 1 0 1 1 0 1 0 0 0 1 0 1 1 0 1 1
 0 0 1 1 1 1 1 0 1 1 1 1 0 0 1 1 1 0 0 1 1 1 1 0 0 1 1 1 1 0 1 1 1 1 0 1 1
 0 0 0 1 0 1 1 1 1 0 1 1 0 1 0 0 0 0 1 1 1 1 0 0 1 0]
At  1201/30000: COST 0.476/0.713(0.493) -- Acc 0.780/0.580(0.743)
[1 1 0 1 1 1 1 1 1 0 1 1 0 0 0 0 1 1 1 1 1 1 0 1 1 1 0 0 1 1 1 0 0 1 0 1 1
 0 0 1 1 0 1 1 1 1 0 1 1 1 1 1 0 0 1 1 0 0 1 1 1 1 0 1 1 1 0 1 1 0 0 0 1 1
 0 1 1 1 1 0 0 1 0 1 1 0 1 0 0 0 1 0 1 0 1 1 0 1 0 1]
At  1301/30000: COST 0.473/0.815(0.433) -- Acc 0.760/0.480(0.783)
[1 1 1 0 0 1 0 1 1 0 0 0 0 1 1 0 0 0 0 1 0 0 1 0 1 1 1 0 1 1 0 1 0 0 1 1 1
 0 1 0 1 0 1 0 0 1 1 1 1 1 1 0 1 0 1 0 1 1 0 1 1 0 0 1 1 1 1 1 1 1 0 1 0 1
 1 1 1 0 0 1 1 1 1 0 0 0 1 0 0 0 0 1 1 1 1 1 0 1 1 1]
At  1401/30000: COST 0.211/0.978(0.377) -- Acc 0.920/0.460(0.819)
[0 0 0 1 1 1 0 0 0 0 1 0 1 0 0 1 1 0 1 0 1 1 1 1 0 0 0 0 1 1 1 0 1 0 1 1 0
 0 1 1 1 1 1 0 1 1 0 0 1 0 1 1 1 0 0 0 1 1 0 1 0 0 0 1 1 0 0 0 1 1 0 1 1 1
 1 1 0 1 0 0 0 1 1 0 1 0 1 1 1 1 1 0 1 1 0 0 1 0 1 1]
At  1501/30000: COST 0.283/1.071(0.318) -- Acc 0.870/0.520(0.855)
[0 0 0 1 1 0 1 1 1 0 0 0 1 0 1 0 1 1 1 1 0 1 1 0 0 1 1 1 1 1 1 0 0 0 1 1 1
 1 1 0 1 0 1 0 1 0 1 1 0 1 0 0 0 0 1 1 0 1 0 1 0 0 0 0 0 1 0 1 1 0 1 1 1 0
 1 0 0 1 1 1 1 0 0 1 0 1 0 1 0 1 0 0 1 1 0 0 1 1 1 1]
At  1601/30000: COST 0.184/0.848(0.274) -- Acc 0.910/0.580(0.880)
[1 0 1 0 1 1 0 1 1 1 1 0 1 1 1 1 1 1 0 0 1 0 1 1 1 1 0 1 1 0 1 0 0 0 1 1 0
 0 1 1 1 1 0 0 0 1 1 0 0 1 0 0 0 0 0 0 0 0 1 1 1 1 1 1 1 0 1 1 0 1 1 0 0 0
 0 0 1 1 0 0 1 1 1 0 1 1 0 1 0 1 1 1 1 1 0 0 1 0 1 1]
At  1701/30000: COST 0.190/1.193(0.231) -- Acc 0.940/0.510(0.901)
[0 1 0 1 1 0 1 1 0 0 1 1 1 0 0 0 0 1 0 1 0 1 1 1 0 0 1 0 1 1 0 1 1 1 0 1 1
 0 1 0 1 1 0 1 0 1 1 0 1 0 1 1 1 0 1 1 1 1 1 1 1 1 0 1 1 1 0 1 0 0 0 0 1 1
 0 0 0 1 0 1 0 1 0 0 1 1 0 0 0 1 0 1 0 0 0 1 1 1 0 1]
At  1801/30000: COST 0.100/1.336(0.196) -- Acc 0.980/0.490(0.919)
[0 1 1 1 1 0 0 0 1 1 0 1 0 1 0 0 0 1 1 1 1 1 1 0 0 0 0 0 0 1 0 1 0 0 0 1 1
 1 1 0 0 0 0 0 1 1 0 1 1 1 1 0 0 1 0 0 1 1 0 1 1 0 0 1 0 1 1 1 0 1 0 0 1 0
 1 0 0 0 1 0 0 1 1 0 1 1 0 1 1 0 0 0 0 0 1 1 1 1 1 1]
At  1901/30000: COST 0.110/1.676(0.151) -- Acc 0.950/0.480(0.940)
[1 1 0 1 0 1 0 0 0 1 0 1 0 0 1 1 0 1 1 1 1 0 1 0 1 1 1 0 1 1 1 0 1 1 1 1 1
 1 1 0 1 1 0 0 1 0 0 1 1 1 0 1 1 1 0 1 0 0 1 1 1 0 0 0 1 0 0 0 1 0 0 1 1 1
 1 0 0 1 1 0 1 0 0 1 0 0 1 1 1 1 0 1 1 0 0 1 0 1 0 0]
At  2001/30000: COST 0.128/1.439(0.117) -- Acc 0.920/0.500(0.954)
[0 0 0 1 1 1 0 1 1 0 1 1 1 1 0 1 0 1 1 1 1 1 0 0 1 0 0 0 1 1 1 1 0 1 0 1 1
 1 0 1 1 0 0 1 1 0 1 1 0 0 1 1 1 0 1 1 0 1 0 1 1 1 1 1 1 1 1 1 0 1 0 1 1 0
 1 1 1 1 1 0 0 0 0 1 1 1 0 1 0 1 1 0 1 0 1 1 1 0 0 0]
At  2101/30000: COST 0.019/2.162(0.089) -- Acc 1.000/0.460(0.968)
[1 1 1 1 0 0 0 1 1 1 1 1 1 0 0 0 0 1 0 1 0 0 0 1 1 1 1 1 0 1 1 0 1 1 0 0 1
 0 0 0 1 1 1 1 1 1 0 1 1 1 0 1 1 1 0 1 0 0 0 1 1 1 1 0 1 1 0 1 0 1 0 1 1 0
 1 0 1 0 1 1 1 0 1 1 1 0 1 1 0 0 1 1 0 1 0 1 0 0 1 0]
At  2201/30000: COST 0.117/2.272(0.082) -- Acc 0.970/0.450(0.970)
[0 1 0 0 0 1 1 0 1 1 0 1 1 1 1 1 1 0 1 1 1 0 1 0 1 0 1 1 1 1 1 1 1 1 1 1 0
 0 1 1 1 0 0 1 1 1 1 1 0 0 0 1 1 0 1 1 0 1 1 1 1 1 1 1 0 1 1 0 0 0 0 0 1 1
 1 0 0 0 1 0 1 1 1 1 1 1 1 1 0 0 1 1 0 1 0 0 1 1 1 0]
At  2301/30000: COST 0.009/2.243(0.061) -- Acc 1.000/0.480(0.979)
[1 0 1 1 1 1 1 1 1 0 1 1 0 0 0 1 1 1 1 1 0 0 1 0 1 1 0 0 1 1 1 1 1 0 1 1 1
 1 1 1 0 1 1 0 0 1 0 1 0 1 1 0 1 0 1 1 1 1 1 0 1 1 0 1 1 0 0 1 0 1 1 0 1 0
 0 0 1 0 1 1 1 1 1 1 1 0 0 0 0 0 1 0 1 0 1 0 1 1 1 0]
At  2401/30000: COST 0.043/2.228(0.034) -- Acc 0.990/0.520(0.989)
[1 0 1 1 0 0 0 1 0 1 1 0 1 1 1 0 0 1 1 0 1 0 0 0 1 0 1 0 1 1 1 1 1 0 1 0 0
 1 0 1 0 1 1 1 1 0 1 0 0 1 1 0 0 1 1 1 1 1 1 0 1 1 0 1 1 1 1 0 0 1 1 0 1 1
 1 0 1 0 0 1 0 0 0 1 1 1 0 0 1 0 1 0 1 1 1 1 1 0 1 0]
At  2501/30000: COST 0.056/2.427(0.059) -- Acc 0.970/0.460(0.981)
[1 1 0 1 1 0 0 1 1 0 1 0 0 1 1 1 0 1 1 1 1 1 0 1 0 1 0 0 1 1 0 1 1 1 0 1 1
 1 1 1 0 1 1 1 0 1 0 1 1 1 1 1 1 1 0 1 1 0 0 0 0 0 0 1 1 0 1 0 1 0 1 1 0 0
 1 1 1 1 0 0 1 1 1 1 1 1 1 1 1 1 0 1 1 1 0 1 0 1 1 0]
At  2601/30000: COST 0.006/2.410(0.037) -- Acc 1.000/0.470(0.989)
[1 1 0 1 1 0 1 1 0 1 1 1 1 0 1 1 1 1 1 1 0 1 1 1 1 0 0 1 1 0 1 0 1 1 0 0 0
 1 1 1 0 0 1 1 0 0 1 1 1 0 0 0 1 1 0 1 1 1 0 0 0 0 0 0 1 0 0 1 1 0 0 0 1 1
 1 1 1 0 0 1 0 0 0 1 0 0 0 0 1 0 1 1 0 1 1 1 1 1 1 1]
At  2701/30000: COST 0.201/2.150(0.053) -- Acc 0.920/0.510(0.982)
[1 0 1 1 0 1 0 0 1 0 0 0 1 0 0 0 0 1 1 1 0 1 0 0 1 1 0 0 0 1 1 1 0 0 1 1 0
 1 1 1 0 0 0 1 0 1 1 0 0 0 1 1 1 1 1 0 1 0 1 0 1 1 1 0 1 0 1 0 1 1 1 1 0 0
 0 0 1 0 0 1 0 1 0 1 1 0 0 0 0 0 1 0 0 1 0 0 1 1 1 1]
At  2801/30000: COST 0.030/2.206(0.069) -- Acc 0.990/0.470(0.977)
[1 0 1 1 1 0 1 0 1 1 0 1 1 1 1 1 1 0 0 1 0 1 0 1 1 1 1 1 1 1 1 0 1 0 1 1 1
 1 1 0 1 0 0 0 1 1 1 1 1 1 0 0 1 0 0 0 1 1 0 0 1 1 1 0 1 1 1 1 0 1 0 1 1 1
 1 0 1 0 1 0 0 0 0 1 1 0 1 0 0 1 1 1 0 0 1 1 1 0 1 1]
At  2901/30000: COST 0.024/2.831(0.046) -- Acc 0.990/0.490(0.986)
[1 1 1 1 0 0 1 1 1 0 0 1 1 0 1 0 0 1 1 0 1 0 0 1 1 0 0 0 1 0 1 1 1 1 1 0 1
 1 0 1 1 1 1 1 0 0 1 0 1 0 1 1 1 0 1 1 1 1 0 1 0 0 1 0 1 0 1 1 1 1 1 1 1 1
 1 1 1 1 0 0 1 1 0 0 0 1 0 1 0 1 1 1 0 1 0 0 1 1 0 1]
At  3001/30000: COST 0.028/2.072(0.036) -- Acc 0.990/0.480(0.989)
[1 1 1 0 1 0 0 1 1 1 0 1 1 0 0 1 0 0 0 0 1 0 0 0 1 1 1 1 1 0 1 1 1 0 1 1 0
 1 1 1 0 0 0 1 1 1 0 1 0 1 1 1 1 1 0 0 1 0 0 1 1 1 1 1 1 1 0 0 0 1 1 0 1 1
 1 0 0 1 0 0 1 0 0 1 1 1 1 0 1 1 0 1 0 1 1 1 1 0 0 1]
At  3101/30000: COST 0.006/2.941(0.025) -- Acc 1.000/0.490(0.993)
[1 1 0 1 0 0 0 1 0 1 1 1 1 1 0 1 0 1 1 1 1 1 1 1 1 0 0 0 1 0 1 1 1 1 1 1 0
 1 1 1 1 0 1 1 1 1 1 1 0 1 1 1 1 1 1 0 0 0 1 1 0 0 1 0 0 1 1 1 0 0 0 1 1 0
 1 0 1 1 1 0 1 1 1 0 1 1 1 0 1 0 1 1 0 1 1 1 1 0 1 1]
At  3201/30000: COST 0.078/2.366(0.039) -- Acc 0.960/0.530(0.988)
[0 1 0 0 1 0 1 1 1 1 1 1 1 0 1 1 0 0 1 0 1 0 0 1 1 0 0 1 0 1 1 1 1 1 1 1 1
 1 0 1 1 0 0 0 1 1 1 1 0 0 1 0 1 1 0 1 0 0 1 1 1 1 1 1 1 1 0 1 1 1 1 0 1 0
 1 1 1 1 1 1 0 1 0 1 1 0 0 0 1 1 1 1 0 1 1 1 1 1 1 1]
At  3301/30000: COST 0.007/2.931(0.031) -- Acc 1.000/0.450(0.990)
[1 0 1 1 1 1 1 0 1 0 1 1 0 0 0 1 0 1 0 0 0 1 0 0 1 0 0 1 0 1 1 0 1 1 1 1 1
 1 0 1 1 1 1 1 1 0 1 1 1 1 1 0 1 0 0 0 1 1 1 0 1 1 0 0 1 1 1 0 1 1 0 1 1 0
 1 0 1 1 1 0 1 1 0 0 0 1 1 1 1 1 1 0 0 0 0 1 1 1 1 1]
At  3401/30000: COST 0.001/3.687(0.014) -- Acc 1.000/0.420(0.996)
[1 0 0 0 1 0 0 0 1 1 1 1 0 0 0 1 1 0 1 1 1 1 1 0 1 1 1 0 0 1 1 1 1 0 1 1 0
 1 0 1 1 1 0 1 1 1 1 1 0 0 1 0 1 1 1 1 1 1 0 0 0 1 1 1 1 1 1 0 1 1 0 1 1 1
 0 1 1 1 1 0 1 1 0 1 1 1 0 0 1 1 1 1 0 1 0 1 0 0 0 0]
At  3501/30000: COST 0.002/3.977(0.006) -- Acc 1.000/0.430(0.998)
[0 0 0 1 1 0 1 0 1 0 1 0 1 1 1 1 0 0 1 1 1 1 0 0 1 1 1 0 1 1 0 1 1 1 1 1 1
 0 1 1 0 1 1 1 0 1 1 1 1 0 1 0 0 1 1 0 1 0 0 0 1 1 1 1 0 1 1 0 0 0 1 1 1 1
 1 0 0 1 1 0 1 1 0 0 1 0 0 1 1 1 1 1 1 1 1 1 1 0 1 0]
At  3601/30000: COST 0.001/4.279(0.003) -- Acc 1.000/0.410(0.999)
[1 0 0 1 0 0 1 1 0 1 1 1 1 1 1 0 1 1 1 1 1 1 0 0 1 1 0 1 0 0 0 1 0 1 1 1 0
 1 0 1 0 0 0 1 0 1 0 1 0 0 1 1 1 1 0 1 0 1 1 1 1 0 1 1 1 0 1 1 1 1 1 1 0 1
 0 1 1 1 0 1 0 1 0 1 1 1 0 0 1 0 1 1 1 1 1 1 1 0 0 1]
At  3701/30000: COST 0.000/4.343(0.002) -- Acc 1.000/0.430(1.000)
[1 1 1 0 1 1 1 1 0 0 1 0 1 0 0 1 0 1 0 1 1 0 1 1 1 1 1 0 1 1 0 0 1 1 1 0 0
 1 0 1 1 0 0 0 0 0 1 0 1 1 1 0 1 0 0 1 1 1 0 1 1 0 1 1 0 0 0 1 0 0 1 1 1 1
 0 1 1 1 1 1 1 0 1 1 1 1 1 1 1 0 1 0 1 1 1 0 1 1 0 1]
At  3801/30000: COST 0.001/4.409(0.001) -- Acc 1.000/0.420(1.000)
[1 0 1 1 0 1 0 1 0 0 0 1 0 0 1 1 0 1 1 0 0 1 0 1 1 0 1 1 1 1 1 1 1 1 1 0 1
 1 0 0 1 1 1 1 1 1 1 1 0 1 1 1 0 1 1 1 0 0 1 1 1 1 0 1 1 0 1 1 0 1 1 1 0 1
 0 1 0 1 1 1 1 1 0 0 0 1 1 0 1 1 0 1 0 0 1 1 0 1 0 1]
At  3901/30000: COST 0.000/4.549(0.001) -- Acc 1.000/0.420(1.000)
[0 1 0 0 0 1 0 0 1 1 1 1 1 1 1 1 1 1 1 0 1 1 0 1 0 1 1 1 0 1 0 1 0 0 1 1 1
 1 0 1 1 1 0 1 1 0 0 0 0 0 0 0 1 1 0 1 1 1 1 0 1 0 1 1 0 0 1 1 1 1 1 0 1 1
 0 0 1 1 1 1 1 1 1 1 1 1 1 0 1 1 1 0 1 0 1 0 0 1 1 0]
At  4001/30000: COST 0.000/4.692(0.000) -- Acc 1.000/0.410(1.000)
[1 1 0 0 1 0 1 1 0 1 1 1 1 1 1 0 1 0 1 0 0 1 0 1 1 0 0 1 0 1 1 1 0 1 1 1 0
 0 0 1 1 0 1 1 0 1 1 1 1 1 1 0 1 1 0 0 1 1 1 1 0 1 1 1 0 1 1 1 1 1 1 0 0 1
 1 1 1 1 0 0 0 1 1 1 1 0 1 0 1 1 0 0 1 0 1 0 1 1 1 1]
At  4101/30000: COST 0.000/4.776(0.001) -- Acc 1.000/0.410(1.000)
[1 1 1 0 1 1 0 1 1 1 0 1 1 1 1 1 1 1 1 1 1 0 1 0 1 0 0 0 0 1 1 0 1 1 0 1 1
 1 0 1 1 1 0 1 0 0 1 0 0 0 1 1 1 1 1 1 1 1 0 1 0 1 1 0 1 0 0 1 0 0 0 0 1 1
 0 0 0 0 1 0 0 0 0 1 1 1 1 1 0 1 1 1 0 1 0 1 1 1 1 1]
At  4201/30000: COST 0.001/4.960(0.000) -- Acc 1.000/0.430(1.000)
[0 0 0 0 1 1 1 1 0 1 1 1 1 0 1 0 1 0 1 0 0 1 1 0 1 0 0 1 1 1 0 1 0 0 0 0 1
 1 1 1 0 0 0 0 1 0 1 1 0 0 1 0 1 1 0 1 1 0 1 0 1 1 0 1 1 1 0 0 1 1 1 1 1 1
 1 1 1 1 1 1 1 1 1 1 1 1 1 1 1 0 1 0 0 0 1 1 1 1 1 1]
At  4301/30000: COST 0.000/5.030(0.000) -- Acc 1.000/0.410(1.000)
[1 0 1 0 1 1 1 0 0 1 1 1 1 1 1 0 1 0 1 1 0 1 1 1 1 0 1 1 0 0 0 1 0 1 1 0 1
 1 0 0 1 0 1 0 0 0 1 1 1 1 0 0 1 0 0 1 0 1 1 0 0 0 1 1 1 1 0 1 1 0 0 1 0 1
 1 1 1 1 1 1 0 0 1 1 1 1 1 1 1 0 1 0 1 1 1 1 1 1 1 0]
At  4401/30000: COST 0.000/5.307(0.000) -- Acc 1.000/0.430(1.000)
[1 0 0 0 1 1 0 1 1 1 1 0 0 1 0 1 0 1 1 0 0 1 1 0 1 1 1 0 1 1 1 1 1 0 1 1 0
 1 0 1 1 1 0 0 1 1 1 0 0 0 1 1 1 1 0 1 1 0 0 1 0 1 1 1 0 1 0 1 1 1 1 0 1 1
 0 1 1 0 0 1 1 1 0 1 1 0 1 1 1 1 0 1 1 1 0 1 0 0 0 1]
At  4501/30000: COST 0.065/1.872(0.016) -- Acc 0.980/0.580(0.995)
[0 0 0 0 0 0 0 0 0 1 0 0 0 0 0 0 0 1 1 0 0 1 1 1 0 1 0 0 0 0 1 1 0 1 0 0 0
 1 0 1 0 0 1 1 1 0 1 0 1 0 1 0 0 0 1 1 0 1 1 1 0 0 1 0 0 1 0 0 0 1 1 0 1 1
 1 1 1 0 1 1 0 0 1 1 1 0 1 0 1 1 1 0 1 0 0 0 1 1 0 1]
At  4601/30000: COST 0.090/1.515(0.059) -- Acc 0.960/0.480(0.980)
[1 1 1 0 0 0 1 0 1 0 1 0 0 1 0 0 0 0 0 1 1 0 1 0 1 1 0 0 0 0 0 0 1 0 0 0 0
 1 0 0 1 1 0 1 0 1 1 0 1 1 1 0 1 1 1 1 0 1 1 0 1 1 0 1 1 1 1 1 1 0 0 1 1 0
 0 1 1 1 1 0 1 1 1 1 1 0 1 1 0 1 1 0 0 1 1 0 1 1 0 1]
At  4701/30000: COST 0.028/2.198(0.056) -- Acc 0.990/0.510(0.980)
[1 1 0 1 1 0 1 1 1 0 0 1 1 1 0 1 1 1 0 0 1 1 0 1 0 1 1 1 0 1 1 1 0 0 1 0 1
 0 1 1 1 1 1 1 1 1 1 1 1 0 0 0 1 1 1 0 0 1 1 1 1 1 1 0 1 0 1 0 0 0 0 0 1 0
 1 0 0 0 1 1 1 1 1 1 1 1 1 1 1 1 1 1 1 1 1 1 1 0 0 0]
At  4801/30000: COST 0.004/2.561(0.028) -- Acc 1.000/0.500(0.991)
[1 0 0 1 0 0 1 1 1 1 0 0 0 1 0 1 0 1 1 1 1 1 0 1 1 1 0 1 0 0 0 1 1 1 1 1 1
 1 1 1 1 0 1 1 0 1 1 1 0 1 0 1 0 1 1 0 1 0 1 1 0 1 1 1 1 0 0 0 1 1 0 0 0 0
 1 1 1 1 1 0 0 0 1 1 0 0 1 1 1 1 1 0 1 1 1 1 1 1 1 1]
At  4901/30000: COST 0.000/3.268(0.011) -- Acc 1.000/0.520(0.996)
[0 1 0 0 0 1 1 0 0 1 0 1 1 1 0 1 1 0 1 1 1 0 0 1 1 0 1 1 1 0 1 1 1 0 1 1 0
 0 0 1 0 0 1 1 1 1 0 1 1 1 1 1 0 1 1 0 1 1 1 1 0 1 0 1 0 1 1 1 1 0 0 0 1 0
 0 1 1 0 1 1 1 1 0 0 1 1 0 1 0 1 1 0 0 0 0 1 1 1 1 0]
At  5001/30000: COST 0.062/1.706(0.032) -- Acc 0.990/0.570(0.991)
[0 0 1 1 0 1 1 0 0 0 1 1 0 1 0 0 0 1 1 0 1 1 1 0 1 0 0 1 1 1 1 1 1 1 1 0 1
 1 1 1 0 0 1 0 1 0 1 1 1 1 0 0 0 1 1 0 0 1 0 0 1 1 0 1 1 1 1 0 1 0 1 1 1 0
 1 1 0 1 0 1 1 1 1 0 1 0 1 0 1 1 1 1 1 1 0 1 0 0 1 1]
At  5101/30000: COST 0.002/2.686(0.020) -- Acc 1.000/0.510(0.995)
[1 0 1 1 0 1 1 0 0 1 0 0 0 0 0 1 1 1 1 1 0 0 0 0 0 1 1 1 0 1 0 1 1 0 1 1 0
 1 0 0 0 1 1 0 1 0 1 1 1 1 1 0 0 1 0 1 0 1 1 0 1 0 1 1 1 1 0 0 1 1 1 0 0 1
 0 1 1 0 1 1 1 0 1 1 1 1 1 1 0 1 1 0 1 0 1 1 1 0 0 1]
At  5201/30000: COST 0.003/3.062(0.008) -- Acc 1.000/0.540(0.998)
[1 0 1 1 1 0 1 1 1 0 0 1 1 1 0 1 1 1 1 0 1 1 0 0 0 1 1 0 1 1 0 0 0 1 0 0 1
 0 1 0 1 0 1 1 1 0 1 0 1 1 1 0 0 0 0 1 1 1 0 0 1 0 0 0 1 1 0 1 1 1 1 0 0 1
 1 1 0 1 1 1 1 1 0 1 1 1 0 1 0 1 1 1 1 1 0 0 1 0 0 0]
At  5301/30000: COST 0.000/3.323(0.004) -- Acc 1.000/0.560(0.999)
[1 0 1 1 1 1 1 1 0 1 0 1 0 1 0 1 1 0 1 0 1 1 1 1 0 0 0 0 0 0 0 1 1 0 1 1 1
 0 1 0 1 0 1 1 1 1 0 1 0 1 1 1 0 1 1 0 1 1 1 1 0 1 1 0 1 0 1 0 1 1 0 0 0 0
 1 0 1 0 1 1 1 0 1 0 1 0 0 1 0 1 1 0 1 0 1 0 1 0 0 0]
At  5401/30000: COST 0.240/2.095(0.018) -- Acc 0.910/0.500(0.996)
[1 1 1 1 0 0 0 1 1 1 1 0 0 1 1 1 1 0 0 0 1 0 1 1 0 1 1 1 0 1 0 1 0 1 0 1 1
 1 1 1 1 1 0 1 0 0 0 1 1 0 0 1 1 1 0 0 0 0 1 0 1 1 1 1 1 0 1 1 1 0 1 1 1 1
 0 1 1 1 1 0 1 1 1 1 0 1 1 0 0 1 0 0 0 1 1 1 1 0 0 1]
At  5501/30000: COST 0.041/2.233(0.034) -- Acc 0.980/0.520(0.989)
[1 0 1 1 0 0 1 1 0 1 0 0 0 1 1 0 0 0 1 0 1 0 0 1 1 0 0 1 1 1 1 0 1 1 1 1 0
 1 1 1 0 1 1 0 0 0 0 0 1 0 0 1 0 0 0 1 0 0 1 0 0 1 1 1 0 1 0 1 1 1 0 0 0 1
 0 1 1 1 0 1 0 1 1 0 1 1 1 0 1 1 0 0 0 1 1 0 0 1 1 1]
At  5601/30000: COST 0.001/3.173(0.016) -- Acc 1.000/0.520(0.995)
[1 0 1 0 1 1 1 0 1 0 0 1 1 1 1 0 1 1 1 0 0 1 1 1 0 0 1 1 1 1 0 1 0 0 0 1 0
 1 0 0 1 1 1 1 1 0 0 1 0 1 1 0 1 0 0 0 1 1 0 0 0 1 1 1 1 0 1 0 0 0 0 1 0 1
 0 0 1 1 1 1 1 1 0 1 1 1 0 1 0 0 0 0 0 1 1 1 0 0 0 1]
At  5701/30000: COST 0.000/3.437(0.006) -- Acc 1.000/0.500(0.998)
[1 1 1 1 1 1 0 0 0 0 1 0 1 1 0 1 1 0 1 0 1 1 1 1 1 1 1 1 0 1 1 1 1 0 1 0 0
 0 1 0 1 1 0 0 0 1 1 0 1 1 0 1 1 1 1 0 0 1 0 0 0 1 0 0 0 1 1 1 1 1 1 1 1 1
 0 1 1 1 0 0 1 1 0 0 1 1 1 0 1 0 0 1 0 1 1 0 1 0 0 1]
At  5801/30000: COST 0.008/2.385(0.029) -- Acc 1.000/0.580(0.991)
[0 1 1 0 1 1 0 1 0 0 0 0 0 1 0 1 0 1 1 1 0 1 0 0 1 0 1 1 1 1 1 1 0 0 1 1 1
 1 1 1 0 1 0 1 1 1 0 0 0 0 0 0 1 1 1 1 1 1 0 1 1 1 1 1 1 0 1 0 1 1 1 0 1 1
 0 1 0 0 1 0 1 1 1 0 1 1 0 0 0 1 1 1 1 1 0 1 0 0 1 0]
At  5901/30000: COST 0.013/1.824(0.027) -- Acc 1.000/0.570(0.991)
[0 1 1 1 0 1 1 0 1 0 1 1 0 0 1 1 1 0 1 1 1 0 0 1 1 1 1 1 0 1 1 1 0 1 0 1 0
 0 0 1 1 1 1 0 1 0 1 1 0 1 1 0 1 1 0 0 1 1 1 0 0 1 1 0 0 0 1 1 0 0 0 1 0 1
 1 1 0 0 1 0 1 1 0 1 1 1 0 1 0 0 1 1 0 0 1 1 1 1 1 0]
At  6001/30000: COST 0.000/2.904(0.013) -- Acc 1.000/0.510(0.996)
[1 0 1 0 1 1 1 1 1 1 0 1 1 0 1 1 0 1 1 1 1 1 1 1 1 1 1 1 0 0 1 0 0 0 1 1 0
 0 1 1 1 1 1 0 0 0 0 1 0 0 1 1 0 1 0 1 0 1 0 1 0 1 1 0 1 0 1 0 0 1 1 1 1 1
 0 1 1 0 1 0 0 0 1 1 1 0 0 1 1 1 1 0 0 1 1 1 0 0 1 0]
At  6101/30000: COST 0.000/3.041(0.005) -- Acc 1.000/0.540(0.999)
[1 0 1 0 0 0 1 1 0 1 1 1 0 1 1 1 1 0 1 1 1 0 1 0 1 1 1 1 0 1 1 0 0 0 1 1 1
 0 1 1 1 0 1 1 0 0 0 1 1 1 0 1 0 1 1 0 1 1 0 1 1 1 0 0 0 1 0 0 1 1 1 1 0 1
 1 0 1 0 1 1 0 1 0 1 0 1 1 1 1 1 1 0 0 1 1 1 1 0 1 0]
At  6201/30000: COST 0.000/3.136(0.002) -- Acc 1.000/0.520(0.999)
[0 1 0 0 0 1 0 0 0 0 0 1 0 0 0 0 1 1 1 1 1 0 0 1 1 1 1 1 1 0 1 0 0 1 1 0 0
 1 1 1 1 1 0 1 1 1 1 1 1 1 0 1 1 1 0 1 1 0 1 1 1 0 1 1 1 0 1 1 0 0 1 1 1 1
 0 1 0 1 1 1 1 1 1 1 1 0 1 0 0 0 1 1 0 1 0 0 1 1 1 1]
At  6301/30000: COST 0.000/3.420(0.001) -- Acc 1.000/0.540(1.000)
[1 1 0 1 1 0 0 0 0 0 1 0 1 1 0 0 1 1 1 0 0 1 1 0 1 0 0 0 1 0 0 0 0 0 1 1 1
 1 0 0 1 1 1 1 1 1 1 1 0 1 1 0 1 1 0 1 0 1 0 0 1 0 1 0 1 1 1 1 1 1 0 1 1 0
 1 1 1 1 1 1 1 1 0 1 1 1 1 1 1 0 0 1 1 0 1 1 1 1 0 1]
At  6401/30000: COST 0.000/3.579(0.001) -- Acc 1.000/0.520(1.000)
[1 0 1 1 0 1 0 1 1 1 1 1 0 1 0 1 1 0 1 0 0 0 1 1 1 1 1 1 1 0 1 0 0 0 1 1 0
 1 0 0 1 1 0 0 1 1 0 1 0 0 1 1 1 0 0 1 0 1 1 1 1 1 0 1 1 1 0 0 1 1 1 0 1 1
 0 1 0 0 1 1 0 1 1 0 1 1 1 0 1 1 0 0 1 1 0 0 0 1 1 1]
At  6501/30000: COST 0.000/3.569(0.000) -- Acc 1.000/0.520(1.000)
[0 1 1 0 0 1 1 1 1 1 0 1 1 1 1 1 0 1 0 1 0 1 0 0 1 1 0 0 1 1 0 0 0 1 1 0 0
 1 1 1 1 1 1 1 0 0 0 1 1 1 1 1 1 1 0 0 0 1 1 1 0 0 1 1 0 1 1 0 1 0 0 0 0 1
 1 1 1 1 0 0 1 1 1 1 0 1 1 1 1 0 0 0 1 1 1 1 0 1 0 0]
At  6601/30000: COST 0.000/3.609(0.000) -- Acc 1.000/0.540(1.000)
[0 1 0 1 1 0 1 1 1 1 1 0 0 0 1 1 0 0 0 0 1 0 1 0 0 1 1 1 1 0 1 1 0 1 1 1 1
 1 1 1 1 0 1 0 1 0 1 0 1 1 1 1 0 1 1 1 1 1 0 1 1 0 1 1 1 1 0 1 0 1 0 0 0 0
 1 1 1 1 0 0 1 0 0 1 1 1 1 0 1 0 1 0 1 0 1 0 1 1 1 0]
At  6701/30000: COST 0.000/3.765(0.000) -- Acc 1.000/0.490(1.000)
[0 0 0 1 1 1 1 0 1 1 0 1 0 1 0 1 1 1 0 0 1 0 1 0 1 1 1 1 1 1 1 1 1 0 0 0 1
 1 1 0 1 1 0 1 0 1 0 0 0 0 0 1 1 1 0 1 0 1 1 1 0 0 1 1 0 1 0 0 0 0 0 1 1 0
 1 0 1 1 0 1 1 0 1 1 0 1 0 1 0 1 0 0 1 0 0 0 0 1 1 0]
At  6801/30000: COST 0.041/1.891(0.046) -- Acc 0.980/0.510(0.985)
[1 0 0 0 0 0 0 1 0 0 1 0 1 1 0 1 1 1 1 1 1 1 0 0 0 0 0 0 0 0 1 1 1 1 0 1 0
 0 1 1 1 1 1 1 1 1 0 1 1 0 0 1 1 1 0 1 1 1 0 0 1 0 1 1 0 1 0 0 0 1 1 1 0 0
 1 0 0 0 1 1 1 1 0 0 1 0 0 1 0 0 0 0 1 1 0 1 0 0 0 0]
At  6901/30000: COST 0.011/2.279(0.045) -- Acc 1.000/0.490(0.985)
[1 1 0 1 1 0 1 1 0 0 1 0 0 0 1 1 1 1 0 0 1 1 0 0 1 1 1 1 0 0 1 1 1 1 1 1 0
 1 1 0 0 0 1 1 1 1 0 1 0 0 1 0 0 1 1 0 1 0 0 0 1 0 0 1 0 0 1 0 1 0 1 1 1 1
 0 0 1 1 1 1 0 0 1 1 1 0 1 0 1 1 0 1 1 1 1 1 0 0 1 1]
At  7001/30000: COST 0.000/2.673(0.023) -- Acc 1.000/0.500(0.993)
[1 0 1 1 1 0 1 1 1 1 1 1 1 0 1 1 1 1 1 1 0 1 1 1 0 1 1 1 0 1 1 1 0 0 1 0 1
 0 1 0 0 1 1 0 1 1 0 0 0 0 0 0 1 0 1 1 1 1 0 0 1 1 1 0 1 0 0 1 0 0 1 0 1 1
 0 0 0 0 0 0 1 1 1 0 1 1 0 1 1 1 0 1 1 0 1 0 1 1 1 0]
At  7101/30000: COST 0.001/3.083(0.009) -- Acc 1.000/0.510(0.998)
[0 0 1 0 0 0 1 0 1 0 1 1 0 0 0 1 1 0 0 1 1 0 1 1 1 1 1 1 0 0 0 1 0 1 1 1 0
 1 1 1 0 1 0 1 0 0 0 1 1 0 0 0 0 1 1 1 1 1 1 0 1 1 0 0 1 0 1 0 1 1 0 1 1 1
 1 1 0 1 1 1 1 0 0 1 1 1 1 0 1 1 1 1 1 1 1 1 1 1 1 1]
At  7201/30000: COST 0.001/3.264(0.004) -- Acc 1.000/0.500(0.999)
[0 0 1 1 1 1 0 1 0 1 1 0 1 1 1 1 1 0 0 1 0 0 1 1 1 0 1 1 0 1 1 1 1 0 1 0 1
 0 1 0 1 1 0 0 0 1 0 1 0 1 1 0 0 1 0 1 1 0 1 1 1 1 1 1 0 0 0 0 1 1 0 0 0 1
 1 1 1 1 1 1 1 1 1 0 1 0 1 0 1 0 1 1 0 1 1 1 1 0 1 1]
At  7301/30000: COST 0.000/3.468(0.002) -- Acc 1.000/0.460(1.000)
[1 1 1 0 1 0 1 0 1 1 0 1 1 0 0 1 1 1 1 1 0 0 1 0 1 0 1 0 0 1 0 1 0 0 0 1 1
 1 1 1 0 0 1 0 0 0 0 1 1 1 0 0 1 1 1 1 1 1 1 1 1 1 1 1 0 1 0 0 1 0 1 0 0 1
 1 1 1 1 0 1 1 0 1 1 1 0 1 1 1 1 1 0 1 1 0 0 0 1 1 1]
At  7401/30000: COST 0.000/3.588(0.001) -- Acc 1.000/0.460(1.000)
[0 1 0 0 1 1 1 1 1 1 1 1 1 1 0 1 1 0 0 0 0 1 0 0 1 1 1 1 1 1 0 1 0 1 1 0 1
 1 1 1 1 0 0 1 1 1 0 1 1 1 1 0 1 1 1 1 1 1 0 0 0 1 0 1 1 1 1 1 1 0 0 0 1 0
 1 0 0 1 0 0 0 0 0 1 1 1 1 0 0 1 1 1 1 0 1 1 0 1 1 1]
At  7501/30000: COST 0.000/3.743(0.001) -- Acc 1.000/0.490(1.000)
[1 0 0 0 0 1 0 1 0 0 1 0 0 1 1 1 1 1 1 1 1 1 1 1 1 0 1 1 0 1 1 1 0 1 1 1 0
 1 0 0 1 0 1 0 1 0 1 0 1 1 1 1 0 1 0 1 1 1 0 1 1 0 0 1 0 1 1 1 0 0 0 0 1 1
 0 0 1 0 1 1 1 0 1 0 0 1 1 1 0 1 1 1 1 1 0 0 0 1 0 1]
At  7601/30000: COST 0.043/1.928(0.043) -- Acc 0.980/0.530(0.985)
[0 0 1 1 0 1 0 1 0 0 1 1 1 1 0 0 1 1 1 0 1 0 1 1 0 1 1 1 1 0 0 1 1 1 0 1 1
 1 1 0 1 0 1 1 0 1 0 0 0 1 0 1 0 0 1 1 1 0 0 1 0 0 1 0 0 1 1 1 1 1 1 1 1 1
 1 0 1 0 1 1 0 0 1 0 0 1 1 0 0 1 1 0 1 1 0 1 1 0 1 1]
At  7701/30000: COST 0.088/1.814(0.061) -- Acc 0.970/0.570(0.981)
[1 1 1 1 1 1 1 0 0 0 1 0 0 0 1 0 0 1 1 1 0 1 0 0 0 0 0 1 0 0 0 1 0 1 0 0 1
 1 1 0 0 0 1 0 0 1 0 1 1 0 1 1 0 1 1 1 0 0 1 0 1 1 1 1 0 1 1 0 1 1 1 0 1 1
 0 1 1 1 0 0 1 1 1 0 1 1 0 0 0 1 1 1 1 0 0 1 1 0 0 1]
At  7801/30000: COST 0.001/2.568(0.029) -- Acc 1.000/0.500(0.992)
[0 1 0 1 0 0 0 0 1 1 1 0 0 0 0 1 1 1 1 1 0 0 1 0 1 0 1 1 1 0 1 1 0 0 0 1 0
 0 1 0 1 1 1 1 1 1 0 0 1 1 1 0 1 1 1 0 1 1 0 1 1 0 0 1 1 1 0 1 1 1 1 1 1 0
 1 1 0 1 1 0 0 0 0 0 1 0 0 0 1 1 1 0 1 1 1 1 0 0 1 0]
At  7901/30000: COST 0.000/2.891(0.012) -- Acc 1.000/0.480(0.997)
[1 1 0 1 1 1 0 0 1 0 1 1 0 1 0 0 1 1 0 1 1 1 0 0 1 1 0 0 1 1 1 0 0 1 1 0 0
 1 1 0 0 1 1 1 1 1 0 0 1 0 1 0 0 1 1 1 0 0 1 0 1 1 1 1 1 0 1 1 0 1 1 1 0 1
 1 0 1 0 1 1 1 0 0 0 1 1 0 1 0 1 0 0 1 1 0 1 1 1 1 1]
At  8001/30000: COST 0.000/3.594(0.006) -- Acc 1.000/0.480(0.999)
[0 1 1 1 1 1 1 1 0 1 1 0 1 1 0 1 0 0 1 0 0 1 0 0 1 1 1 1 1 0 1 1 1 1 0 1 1
 0 1 1 1 0 1 1 1 1 0 1 1 1 1 1 1 1 0 0 1 0 1 1 1 0 1 1 1 1 1 1 1 0 0 0 1 1
 0 0 1 1 0 1 1 0 1 0 1 1 0 0 1 0 0 1 1 0 0 1 1 0 1 1]
At  8101/30000: COST 0.000/3.700(0.003) -- Acc 1.000/0.530(0.999)
[0 1 1 0 0 1 1 0 1 0 0 1 1 0 1 1 0 1 1 0 0 1 1 1 0 1 1 1 1 1 1 1 0 1 0 1 0
 1 0 0 0 1 1 0 0 1 0 1 0 1 1 1 1 1 0 0 1 1 1 1 0 0 0 0 0 1 1 1 0 1 1 0 0 1
 0 0 1 1 1 1 1 0 1 1 1 1 0 1 0 1 1 1 0 1 1 1 0 0 1 1]
At  8201/30000: COST 0.001/4.103(0.001) -- Acc 1.000/0.480(1.000)
[1 0 1 0 0 1 1 1 1 0 1 1 0 1 1 1 1 0 0 0 1 0 0 0 1 1 1 1 0 0 0 0 1 0 1 0 1
 0 1 0 0 1 1 0 0 0 1 0 1 1 1 1 0 0 1 1 1 0 1 0 1 0 1 1 1 1 1 1 1 1 1 1 1 1
 1 0 1 1 0 0 1 0 0 1 1 1 1 1 0 0 0 1 1 1 1 1 0 0 1 0]
At  8301/30000: COST 0.000/4.259(0.001) -- Acc 1.000/0.490(1.000)
[0 1 0 1 1 1 1 1 1 1 1 1 0 0 0 1 0 1 0 1 0 0 1 1 1 0 0 1 1 1 1 1 1 1 0 0 0
 1 1 1 0 0 1 0 1 1 0 1 0 1 0 1 0 0 0 1 0 1 0 1 1 1 0 1 0 1 0 1 1 1 1 1 1 1
 1 1 1 1 0 1 0 1 0 0 1 1 0 0 1 0 1 0 1 0 0 1 1 1 0 0]
At  8401/30000: COST 0.000/4.219(0.000) -- Acc 1.000/0.490(1.000)
[1 0 1 0 0 1 0 1 1 1 1 1 1 1 1 1 1 0 1 0 1 1 1 1 1 1 1 0 1 1 1 0 0 1 1 0 0
 0 1 1 0 0 1 0 0 1 0 1 1 0 1 0 0 1 1 1 1 1 0 0 0 0 1 0 1 0 0 1 1 0 1 1 0 1
 1 1 0 1 0 0 1 1 0 1 1 0 1 1 1 0 1 0 1 0 0 1 1 1 0 1]
At  8501/30000: COST 0.000/4.501(0.000) -- Acc 1.000/0.480(1.000)
[0 1 1 1 1 1 1 1 1 0 1 0 1 1 0 0 0 1 1 0 1 1 1 0 0 0 1 0 0 1 0 1 1 0 1 0 1
 0 1 0 0 0 1 1 1 0 1 0 0 1 1 1 1 1 1 1 1 0 1 0 0 1 1 1 1 1 1 1 1 1 0 0 0 0
 1 0 1 0 0 1 0 1 1 1 1 1 0 1 1 0 0 1 1 0 0 0 0 0 1 1]
At  8601/30000: COST 0.001/5.039(0.001) -- Acc 1.000/0.500(1.000)
[1 0 0 0 1 0 1 1 0 1 0 1 1 1 1 1 1 1 0 0 1 1 0 0 0 1 1 0 1 0 0 0 1 1 0 1 1
 1 0 1 0 0 1 1 0 1 1 1 1 0 0 0 0 1 0 1 1 0 1 0 1 1 0 0 1 1 0 0 1 0 0 0 0 1
 0 0 1 1 1 1 1 1 1 1 0 0 1 0 1 1 1 0 1 1 1 0 1 1 1 1]
At  8701/30000: COST 0.006/2.607(0.025) -- Acc 1.000/0.550(0.991)
[0 1 1 0 0 1 0 1 1 1 1 0 1 1 0 0 0 1 0 1 0 1 0 1 0 1 1 1 1 1 1 0 0 1 0 0 1
 1 1 1 0 0 0 0 1 1 1 1 1 0 0 1 1 1 1 1 1 0 1 1 1 0 1 1 1 1 1 1 1 0 1 0 1 1
 0 1 1 1 1 1 1 0 1 0 1 1 1 0 1 1 0 1 1 0 1 1 1 1 1 1]
At  8801/30000: COST 0.207/2.062(0.027) -- Acc 0.950/0.490(0.992)
[1 0 0 1 0 0 0 1 1 1 1 0 1 1 1 0 1 0 0 0 0 0 0 1 0 0 1 1 1 0 1 0 1 1 0 1 1
 1 0 1 0 1 1 1 0 1 0 1 0 1 1 1 0 1 1 1 0 1 0 1 1 1 1 0 0 1 1 1 0 1 0 1 1 1
 1 0 0 1 1 1 0 1 1 1 0 0 1 1 1 1 0 0 1 0 1 1 1 1 0 0]
At  8901/30000: COST 0.001/2.946(0.017) -- Acc 1.000/0.530(0.995)
[0 1 1 0 1 1 0 1 0 0 0 1 0 0 1 1 1 0 1 0 1 1 0 0 0 1 1 1 1 1 0 0 1 1 1 1 1
 1 1 0 1 1 1 0 1 0 0 0 1 1 1 1 1 0 0 0 0 1 1 0 1 1 0 0 1 0 1 1 0 0 0 0 1 0
 0 1 0 1 0 1 0 1 1 1 1 1 0 1 1 1 0 1 0 1 1 0 1 1 0 1]
At  9001/30000: COST 0.016/3.459(0.014) -- Acc 0.990/0.530(0.996)
[1 1 0 0 0 1 1 1 1 0 1 0 1 1 1 0 0 0 0 1 1 1 1 1 1 0 1 1 1 0 1 1 0 1 0 0 1
 1 1 0 1 1 1 1 1 1 1 0 0 1 1 0 0 1 1 1 1 1 1 0 1 1 0 1 1 1 0 0 0 0 1 0 0 0
 0 0 1 1 1 1 1 1 1 0 1 0 1 0 1 1 0 0 1 0 1 0 1 1 0 0]
At  9101/30000: COST 0.002/3.615(0.007) -- Acc 1.000/0.500(0.998)
[1 1 0 1 1 1 0 1 1 1 1 0 1 1 1 1 1 1 0 1 1 1 1 1 1 0 0 0 0 0 1 1 1 1 1 1 0
 0 1 0 1 1 1 1 1 1 1 0 1 1 0 1 1 1 1 1 1 0 0 0 0 0 1 1 1 1 0 1 0 1 1 1 1 1
 0 1 1 1 0 1 1 1 0 0 1 1 1 0 0 1 1 0 0 1 0 1 0 1 0 0]
At  9201/30000: COST 0.006/2.632(0.015) -- Acc 1.000/0.460(0.996)
[1 0 0 1 0 1 1 1 1 0 1 1 1 1 1 1 1 0 0 1 0 1 0 0 1 1 1 1 1 1 1 1 0 1 1 0 0
 1 1 0 1 1 0 1 1 0 0 1 0 1 1 0 0 1 0 1 1 0 1 1 0 0 1 0 1 1 1 0 1 0 0 0 0 0
 0 0 1 1 0 1 0 1 1 0 1 0 1 0 1 0 1 1 0 0 1 1 0 1 1 1]
At  9301/30000: COST 0.032/2.618(0.012) -- Acc 0.990/0.500(0.996)
[1 0 1 1 1 0 0 1 1 1 0 1 1 1 0 1 0 1 1 0 1 0 1 1 1 0 1 0 0 1 0 1 1 1 0 1 0
 1 1 0 1 1 1 0 1 0 1 0 0 1 1 1 0 0 0 1 1 1 1 1 1 1 1 1 1 1 1 0 1 0 1 0 0 0
 1 0 0 0 1 1 0 1 0 0 0 1 1 0 1 1 1 1 0 1 1 0 1 1 1 1]
At  9401/30000: COST 0.079/2.314(0.041) -- Acc 0.970/0.580(0.988)
[1 0 1 0 1 0 1 1 1 1 1 1 1 1 0 0 0 0 1 1 1 1 1 0 0 1 1 0 0 1 0 0 0 0 0 1 1
 1 1 0 1 1 0 1 0 1 1 0 1 0 0 1 1 0 0 0 0 1 1 0 1 0 1 0 0 1 0 1 0 1 1 0 1 1
 1 0 1 1 0 1 1 1 1 1 0 0 0 0 1 1 1 0 1 1 1 1 0 1 0 0]
At  9501/30000: COST 0.003/2.820(0.021) -- Acc 1.000/0.560(0.994)
[1 1 0 0 0 0 1 1 1 0 0 1 1 1 0 1 1 0 0 0 1 1 0 1 0 1 1 1 0 1 0 1 1 1 1 0 0
 0 1 0 1 1 1 1 1 0 0 1 1 0 0 1 1 1 1 1 0 0 1 0 0 1 1 1 1 1 0 1 0 1 1 0 1 0
 0 1 1 0 1 0 1 1 1 1 1 0 1 0 0 1 0 0 0 0 0 1 0 0 1 1]
At  9601/30000: COST 0.000/3.322(0.009) -- Acc 1.000/0.520(0.998)
[0 0 1 1 1 1 1 1 1 0 0 1 0 0 0 1 1 0 1 1 1 0 0 1 0 1 0 0 1 0 1 1 1 0 0 0 1
 1 1 1 1 0 0 1 1 1 1 0 1 0 0 1 0 0 1 1 1 0 1 1 1 0 0 0 0 0 1 0 1 0 0 1 1 1
 1 0 0 1 1 1 1 0 1 0 0 1 1 1 0 1 1 1 1 1 1 1 0 0 0 1]
At  9701/30000: COST 0.001/3.567(0.004) -- Acc 1.000/0.510(0.999)
[1 1 1 1 0 1 0 1 0 1 1 0 1 1 1 0 0 1 0 1 0 1 1 0 1 1 1 1 1 0 1 1 0 1 0 0 0
 0 1 0 0 0 0 1 0 1 0 1 1 1 0 1 1 0 1 1 0 0 1 0 0 0 1 1 1 1 0 0 1 0 0 0 0 1
 1 1 1 1 1 0 1 1 0 0 1 1 1 0 1 1 1 1 1 0 0 0 1 1 1 0]
At  9801/30000: COST 0.001/3.626(0.002) -- Acc 1.000/0.510(1.000)
[1 1 1 1 1 0 0 0 0 0 0 0 0 0 1 0 1 1 0 1 1 0 0 1 0 1 0 0 1 0 1 1 1 1 1 1 0
 1 1 1 1 1 0 1 1 1 0 1 0 0 0 1 1 1 0 1 0 1 0 1 1 1 1 0 1 0 1 0 0 0 0 1 1 1
 1 0 0 0 1 1 1 1 1 1 0 0 0 1 0 0 1 1 0 1 0 1 0 1 1 1]
At  9901/30000: COST 0.000/3.855(0.001) -- Acc 1.000/0.520(1.000)
[0 1 0 1 1 1 0 1 0 1 0 0 0 1 1 1 1 1 1 1 1 1 1 0 0 1 0 1 1 0 0 0 0 0 0 1 0
 1 1 0 1 1 0 0 1 1 1 1 1 0 0 0 1 0 1 1 1 1 0 1 0 1 1 0 1 0 1 1 1 0 0 1 0 1
 1 1 1 0 0 0 0 1 1 0 1 1 1 1 1 0 1 0 0 1 0 1 1 0 0 0]
At 10001/30000: COST 0.000/3.950(0.001) -- Acc 1.000/0.500(1.000)
[0 1 0 1 1 0 1 0 0 0 0 1 0 0 1 1 1 1 0 0 1 1 1 1 0 1 0 0 0 1 0 0 1 1 0 1 1
 0 1 1 0 0 1 0 1 0 1 0 1 1 1 0 0 1 1 1 1 1 1 0 0 1 1 1 0 0 0 1 0 1 0 0 0 1
 0 1 0 1 0 1 0 0 1 1 1 1 1 1 1 1 1 1 1 1 1 0 0 1 1 1]
At 10101/30000: COST 0.000/4.214(0.001) -- Acc 1.000/0.490(1.000)
[0 0 0 1 0 1 1 0 1 1 0 1 0 1 1 0 0 1 0 0 0 0 1 0 1 1 0 0 1 1 1 1 1 0 1 0 0
 1 1 1 1 1 1 1 0 0 1 0 0 1 1 1 1 0 1 1 1 1 0 1 0 1 0 0 1 1 0 1 1 0 1 0 0 1
 0 1 1 1 0 1 0 1 0 1 0 0 1 1 1 1 1 0 0 1 0 1 1 0 1 1]
At 10201/30000: COST 0.000/4.290(0.000) -- Acc 1.000/0.510(1.000)
[0 1 1 0 1 1 1 1 0 1 1 0 1 0 1 1 1 1 0 0 1 1 1 1 1 1 0 1 1 0 1 0 1 1 1 0 0
 0 0 1 1 1 0 1 0 0 0 0 1 0 0 0 1 1 0 1 0 0 1 0 1 1 0 1 0 1 0 0 1 0 1 0 1 1
 1 1 0 1 1 0 1 1 1 1 0 0 0 1 1 0 0 1 0 1 1 1 1 0 0 1]
At 10301/30000: COST 0.000/4.419(0.000) -- Acc 1.000/0.490(1.000)
[1 0 1 0 1 0 0 0 1 1 1 1 0 1 0 1 1 1 1 0 1 1 0 0 1 0 0 1 1 1 1 1 0 1 1 0 0
 1 0 1 0 0 0 1 0 1 1 0 0 1 1 1 0 0 0 0 1 0 1 1 1 0 1 1 1 1 1 1 0 1 1 1 1 0
 1 0 0 0 0 1 0 1 1 1 0 1 1 1 1 1 1 1 1 0 1 0 0 1 0 0]
At 10401/30000: COST 0.000/4.478(0.000) -- Acc 1.000/0.500(1.000)
[1 1 0 1 0 0 1 1 1 1 1 1 1 1 1 1 0 0 1 0 0 1 1 0 1 1 0 1 1 1 0 0 0 1 0 0 1
 0 0 0 1 1 0 1 1 1 1 0 1 1 0 1 1 0 0 0 0 1 1 1 0 0 1 1 0 1 0 0 0 1 1 1 1 1
 0 1 0 0 1 0 1 1 0 1 1 1 1 1 1 1 1 0 1 0 0 1 1 0 0 0]
At 10501/30000: COST 0.000/4.643(0.000) -- Acc 1.000/0.500(1.000)
[0 0 0 1 0 0 0 1 1 1 0 1 1 1 1 1 1 0 1 0 1 1 1 1 0 0 0 1 1 0 0 0 1 0 0 0 0
 0 1 0 0 0 1 1 1 0 1 1 0 1 1 1 0 1 0 1 1 0 0 1 1 1 1 1 0 1 1 1 0 0 0 1 0 0
 1 0 0 1 0 0 1 1 1 0 1 1 1 1 0 0 1 1 0 0 1 1 1 0 1 1]
At 10601/30000: COST 0.000/4.441(0.000) -- Acc 1.000/0.500(1.000)
[1 1 1 1 1 0 1 1 1 0 1 1 0 0 0 0 1 1 1 1 0 1 0 1 0 1 1 1 0 1 0 0 1 0 1 0 0
 0 0 1 0 1 1 1 1 1 0 1 0 0 1 1 0 0 1 1 0 0 1 1 1 0 0 0 1 1 0 0 1 1 1 0 0 0
 1 0 1 0 1 0 1 1 0 0 1 1 1 1 0 0 1 0 0 1 1 0 1 1 0 1]
At 10701/30000: COST 0.000/4.620(0.000) -- Acc 1.000/0.510(1.000)
[1 1 1 1 0 1 1 1 0 1 1 1 1 1 0 0 1 1 0 1 1 1 0 1 0 0 1 0 1 0 0 1 0 0 1 0 1
 0 0 0 0 1 1 1 1 1 0 1 0 1 1 1 1 0 0 0 0 0 1 1 1 1 1 1 1 0 0 0 1 1 0 0 0 1
 0 0 1 1 0 0 1 1 1 1 0 1 1 0 0 1 1 0 0 0 0 0 1 0 1 1]
At 10801/30000: COST 0.000/4.744(0.000) -- Acc 1.000/0.510(1.000)
[1 1 1 0 1 1 1 0 1 1 0 1 0 1 0 0 1 1 1 0 0 0 0 1 1 1 0 1 0 0 1 1 0 0 0 1 1
 0 0 1 1 0 1 1 1 0 1 0 0 1 0 1 1 0 1 1 1 1 1 0 1 1 1 1 0 1 1 0 0 1 1 1 0 0
 0 1 1 0 1 0 1 0 1 1 0 0 1 0 1 1 0 0 0 1 0 1 0 1 0 0]
At 10901/30000: COST 0.000/4.876(0.000) -- Acc 1.000/0.510(1.000)
[1 1 1 1 0 1 1 1 0 0 0 0 1 0 1 1 1 0 0 1 1 1 0 0 0 0 0 1 1 0 0 0 0 1 0 1 0
 1 1 1 0 0 1 1 1 1 1 1 1 1 1 1 1 1 1 0 1 0 1 0 1 1 0 1 0 1 0 1 1 0 0 1 1 0
 0 0 1 0 1 0 0 0 1 1 0 1 0 0 1 1 1 1 0 1 1 0 0 0 1 1]
At 11001/30000: COST 0.000/4.934(0.000) -- Acc 1.000/0.500(1.000)
[0 0 0 1 1 1 1 0 1 1 1 0 0 0 1 1 0 0 1 1 1 1 1 0 0 1 0 1 1 1 0 1 1 0 1 0 0
 0 1 1 1 1 1 0 1 1 1 1 1 1 1 1 1 0 1 1 1 1 1 1 0 0 0 0 1 1 0 1 0 0 1 1 1 1
 0 0 1 1 1 0 0 0 0 0 1 1 0 1 1 0 0 0 0 0 1 0 0 1 0 1]
At 11101/30000: COST 0.000/4.784(0.000) -- Acc 1.000/0.490(1.000)
[1 0 0 0 1 1 0 1 0 1 0 0 0 1 1 1 0 0 0 1 0 1 1 1 0 0 1 0 1 1 0 1 0 0 1 0 1
 1 1 1 1 1 1 1 1 1 0 1 1 1 1 0 1 1 0 1 0 1 1 1 1 0 1 1 1 0 1 1 1 0 1 0 0 1
 1 0 1 0 1 0 0 0 0 1 1 1 1 0 1 0 0 1 0 1 1 1 0 0 1 0]
At 11201/30000: COST 0.000/4.980(0.000) -- Acc 1.000/0.500(1.000)
[1 0 1 0 0 1 0 0 0 1 0 1 1 1 1 1 1 0 1 1 0 1 1 1 0 1 0 1 1 1 0 1 0 0 0 1 0
 1 1 1 0 0 0 1 0 0 0 0 1 1 0 1 0 1 0 1 1 0 1 1 0 1 1 1 0 0 1 1 1 1 1 1 0 1
 1 1 1 0 0 0 1 1 0 1 0 1 1 1 0 1 0 0 1 0 0 1 1 0 0 1]
At 11301/30000: COST 0.001/4.860(0.000) -- Acc 1.000/0.480(1.000)
[0 1 1 0 1 0 0 1 1 1 1 1 1 0 1 1 1 1 0 1 0 1 0 1 0 1 1 1 0 1 0 1 1 0 0 1 0
 0 1 1 0 1 0 1 0 0 1 0 1 1 1 1 1 0 1 0 0 0 0 0 1 1 1 0 0 0 1 1 1 0 0 1 0 0
 1 1 0 0 1 1 1 0 0 0 1 1 1 0 0 1 1 1 0 1 0 1 1 0 1 1]
At 11401/30000: COST 0.000/4.947(0.000) -- Acc 1.000/0.480(1.000)
[0 1 1 1 0 1 0 0 0 0 0 1 1 1 0 1 1 1 1 1 1 0 1 1 0 1 1 1 0 1 0 1 1 1 1 0 0
 0 1 1 1 1 0 1 0 0 0 1 1 1 0 0 1 1 1 0 0 1 0 1 0 0 1 0 1 1 1 0 0 0 1 0 1 1
 1 0 0 1 0 1 0 0 1 0 0 1 0 1 1 1 1 0 1 1 1 0 1 1 0 1]
At 11501/30000: COST 0.000/5.084(0.000) -- Acc 1.000/0.490(1.000)
[1 1 0 1 1 1 1 1 1 1 1 1 1 1 1 1 1 0 1 1 0 0 0 0 1 0 1 1 1 0 1 1 1 0 1 0 1
 1 0 1 1 1 1 0 0 1 0 1 0 0 1 0 1 0 1 1 1 1 1 1 0 1 1 0 0 0 1 0 1 1 0 1 1 1
 1 0 0 1 1 0 1 1 0 1 1 1 0 0 0 0 0 1 0 1 0 1 0 1 0 0]
At 11601/30000: COST 0.012/4.185(0.001) -- Acc 0.990/0.470(1.000)
[0 1 1 1 1 0 1 1 1 0 1 0 1 0 1 1 0 1 1 1 0 1 1 1 0 0 0 1 1 1 1 0 1 1 1 1 1
 0 0 1 0 1 1 1 0 0 1 1 1 1 1 1 1 1 1 0 1 1 1 0 1 1 1 0 1 1 0 1 1 1 0 1 1 1
 0 1 0 0 1 1 1 0 0 1 1 1 0 0 0 1 1 1 1 0 1 1 0 1 1 1]
At 11701/30000: COST 0.072/1.566(0.080) -- Acc 0.970/0.500(0.973)
[1 1 1 0 1 0 1 1 1 1 0 1 1 0 0 0 1 1 0 1 0 1 0 1 0 1 0 0 1 0 1 0 0 0 1 1 1
 1 1 0 0 1 0 1 1 1 0 1 0 0 1 1 0 0 0 0 0 1 1 1 0 0 0 0 0 0 1 0 1 1 1 0 0 1
 0 1 1 1 0 0 0 1 1 1 1 1 1 1 1 1 1 1 0 0 0 0 1 1 1 1]
At 11801/30000: COST 0.030/1.462(0.045) -- Acc 0.980/0.530(0.985)
[0 0 1 0 1 0 1 1 1 0 0 1 1 1 1 1 1 1 0 0 1 1 0 1 0 1 1 0 1 1 1 0 1 1 1 0 0
 0 1 0 1 0 0 0 0 0 1 1 0 1 0 1 1 1 0 1 0 1 1 0 1 0 0 1 1 1 0 1 1 1 0 1 1 1
 1 0 0 0 0 1 0 1 1 1 0 1 1 1 0 0 0 0 1 0 0 0 0 1 0 1]
At 11901/30000: COST 0.001/2.234(0.032) -- Acc 1.000/0.480(0.990)
[1 0 0 1 1 0 1 0 1 1 1 1 0 1 0 0 0 1 0 1 1 1 0 1 1 0 1 0 0 1 0 1 1 0 0 0 0
 1 0 1 1 1 1 1 0 0 1 0 0 1 0 1 0 0 0 1 0 1 1 0 1 0 0 0 0 1 1 1 0 1 1 1 1 1
 1 0 0 0 0 0 0 0 1 0 1 0 1 1 1 1 1 0 1 1 1 1 1 1 0 0]
At 12001/30000: COST 0.000/2.346(0.016) -- Acc 1.000/0.510(0.996)
[0 1 1 0 1 1 0 1 0 1 0 1 0 0 1 0 0 1 1 1 1 1 1 1 0 1 1 1 0 1 1 0 0 1 0 0 1
 0 1 1 0 0 1 0 1 1 1 1 0 1 1 0 0 0 0 0 1 0 1 1 0 0 0 0 1 0 1 1 0 1 1 0 1 1
 0 0 0 0 1 0 0 1 1 1 1 1 0 0 1 1 1 1 0 1 0 1 0 0 1 0]
At 12101/30000: COST 0.000/2.648(0.006) -- Acc 1.000/0.530(0.998)
[1 0 1 0 1 0 0 0 0 1 0 0 1 0 0 1 1 0 0 0 0 0 1 0 1 1 1 0 0 1 0 1 0 0 1 0 1
 1 1 1 1 0 1 0 0 1 1 1 1 0 1 1 1 1 1 1 0 0 1 0 1 1 1 0 1 0 1 1 0 1 0 1 1 1
 1 1 1 1 1 1 1 1 1 1 0 1 1 1 1 1 0 0 1 0 1 0 0 0 1 1]
At 12201/30000: COST 0.000/3.072(0.003) -- Acc 1.000/0.530(0.999)
[1 1 1 0 0 0 0 0 0 1 1 1 0 1 0 1 0 1 1 1 0 0 0 1 0 1 1 1 0 0 0 0 1 1 0 1 0
 1 0 1 0 0 1 1 0 0 1 1 1 1 1 1 0 1 0 0 1 1 1 0 1 0 1 0 0 1 1 0 1 0 0 0 1 0
 0 1 1 1 1 1 1 0 1 0 1 0 1 1 1 1 0 1 0 0 0 1 1 1 1 1]
At 12301/30000: COST 0.000/3.353(0.001) -- Acc 1.000/0.510(1.000)
[0 1 1 0 0 0 0 0 0 1 1 0 0 1 0 0 0 0 1 1 0 1 1 1 1 0 1 0 0 0 1 1 0 0 1 0 1
 0 1 0 0 1 1 1 0 0 1 1 0 0 1 1 1 1 0 0 0 1 0 1 0 0 1 0 0 0 1 1 1 1 1 1 1 1
 1 1 1 1 1 0 1 1 1 1 1 1 0 0 1 1 0 0 0 1 1 1 0 1 0 1]
At 12401/30000: COST 0.000/3.453(0.001) -- Acc 1.000/0.500(1.000)
[1 1 0 1 0 0 0 1 0 0 1 0 1 0 1 0 1 1 1 1 1 1 1 1 1 1 1 1 0 0 0 1 1 1 0 0 1
 0 1 0 1 0 1 1 0 1 0 1 0 0 0 0 1 0 1 0 1 1 1 0 0 1 1 1 1 1 0 0 0 1 1 0 0 0
 1 1 0 1 1 0 0 0 1 0 1 1 1 0 0 1 1 0 1 0 1 1 0 1 1 0]
At 12501/30000: COST 0.000/3.686(0.000) -- Acc 1.000/0.510(1.000)
[0 1 0 1 1 1 0 1 1 0 1 0 1 1 1 1 1 1 1 1 0 1 1 1 0 1 0 1 1 1 0 0 1 0 1 0 1
 0 1 1 1 1 0 0 1 1 1 1 1 1 1 0 1 1 0 0 1 1 1 1 1 1 0 0 0 1 1 1 1 1 0 1 1 1
 1 1 1 1 1 1 1 1 0 0 0 0 1 0 1 0 1 1 0 0 0 1 1 1 0 0]
At 12601/30000: COST 0.063/1.833(0.032) -- Acc 0.990/0.560(0.991)
[0 1 1 0 1 1 1 1 0 0 0 1 1 1 1 0 1 0 0 1 1 1 0 1 1 1 1 1 1 1 1 1 0 1 1 0 1
 0 0 1 1 0 0 0 0 0 0 1 0 1 1 1 0 0 1 0 1 0 1 1 1 1 1 1 0 0 1 1 1 0 1 0 1 0
 1 1 1 1 1 0 1 1 1 1 0 0 1 1 1 1 0 0 1 0 1 1 1 1 1 0]
At 12701/30000: COST 0.003/2.114(0.022) -- Acc 1.000/0.530(0.994)
[0 0 1 0 1 1 0 1 1 1 0 0 0 0 0 0 1 1 1 0 0 1 0 1 1 0 1 1 1 0 0 1 0 0 0 0 0
 0 1 1 1 1 0 1 1 1 1 1 1 0 0 1 1 1 0 0 0 1 0 1 0 0 0 1 1 0 1 0 1 0 1 1 0 0
 1 1 0 1 1 1 1 1 0 1 1 1 1 1 1 1 1 1 1 1 1 0 0 1 0 1]
At 12801/30000: COST 0.001/3.089(0.012) -- Acc 1.000/0.570(0.997)
[1 0 1 1 0 1 1 0 0 0 0 1 1 0 1 1 1 0 0 1 0 1 1 1 0 1 0 1 1 1 0 1 1 0 0 0 0
 1 1 1 1 1 0 0 0 1 1 0 1 0 0 1 0 0 1 1 1 1 1 0 1 1 0 1 0 1 0 1 0 1 1 1 1 1
 1 0 1 1 1 0 1 0 0 1 1 1 1 1 1 0 1 0 0 0 0 1 0 1 0 0]
At 12901/30000: COST 0.003/3.315(0.006) -- Acc 1.000/0.550(0.999)
[1 1 0 0 0 1 1 0 1 0 1 1 1 0 0 0 0 1 1 0 0 1 1 1 1 1 1 1 0 1 1 0 0 1 1 1 1
 0 1 1 1 0 1 1 1 0 1 1 1 0 1 0 1 1 1 1 0 1 1 1 1 0 0 1 0 1 1 1 0 1 1 1 0 0
 0 1 1 1 1 1 1 0 1 1 0 0 0 0 0 1 1 1 1 0 0 1 0 0 0 0]
At 13001/30000: COST 0.000/3.525(0.002) -- Acc 1.000/0.560(0.999)
[1 1 1 0 1 0 0 0 0 0 1 0 1 1 1 0 0 1 1 0 1 1 1 0 1 1 0 1 1 1 1 1 1 1 0 0 0
 1 0 1 0 1 1 1 0 1 1 1 0 1 0 1 1 0 1 0 1 1 1 0 1 1 1 0 1 0 1 0 1 0 1 0 1 0
 1 0 0 1 1 0 1 1 0 1 1 1 0 1 1 1 0 0 0 1 0 1 1 1 0 0]
At 13101/30000: COST 0.000/3.667(0.001) -- Acc 1.000/0.550(1.000)
[0 1 0 0 0 0 0 1 1 0 0 1 1 0 1 1 0 0 1 1 1 0 0 1 1 1 1 1 1 1 0 1 1 1 0 1 1
 1 1 1 1 0 1 0 1 1 0 0 1 0 1 1 0 1 1 0 1 1 1 1 1 1 1 1 0 1 1 1 1 0 1 1 1 1
 1 0 1 1 1 0 0 1 0 0 0 0 0 0 1 0 1 0 1 1 1 0 0 1 1 0]
At 13201/30000: COST 0.000/3.789(0.001) -- Acc 1.000/0.530(1.000)
[1 1 1 1 0 1 0 0 1 1 0 1 0 0 1 1 0 1 1 1 1 1 0 0 0 0 0 1 1 1 0 1 1 1 1 0 1
 1 0 0 1 1 0 1 0 0 1 0 1 0 0 0 0 1 0 1 1 0 1 1 0 1 1 0 1 1 0 1 1 0 0 1 1 0
 1 0 0 1 1 1 1 1 1 1 0 0 0 0 1 1 0 0 1 0 1 0 1 1 1 1]
At 13301/30000: COST 0.000/3.854(0.001) -- Acc 1.000/0.530(1.000)
[1 1 1 0 0 0 0 1 1 0 0 1 0 0 0 0 0 1 1 1 1 0 1 1 1 1 1 1 1 1 1 1 1 0 1 1 0
 1 0 1 1 0 0 0 1 1 1 1 1 0 1 0 0 1 0 0 1 1 1 0 1 1 0 1 0 0 0 0 1 1 1 1 0 0
 0 1 0 1 1 1 0 1 1 0 1 1 0 1 0 1 1 1 1 1 1 1 0 0 0 0]
At 13401/30000: COST 0.000/3.884(0.001) -- Acc 1.000/0.520(1.000)
[1 1 1 0 1 1 1 0 1 1 0 1 0 0 1 0 0 1 1 1 1 1 0 1 1 0 1 0 1 1 1 0 0 0 1 1 1
 1 1 0 1 1 0 0 1 0 0 0 1 0 0 0 1 0 1 1 1 1 0 1 0 0 0 0 1 0 1 0 1 1 0 0 1 1
 1 1 1 0 1 1 0 0 1 1 0 1 1 1 1 1 1 1 1 1 1 1 0 0 0 1]
At 13501/30000: COST 0.000/3.913(0.000) -- Acc 1.000/0.520(1.000)
[0 0 0 1 1 0 1 0 0 1 1 1 1 1 1 0 0 1 1 1 0 0 0 1 1 1 1 1 1 0 1 0 1 0 1 0 1
 0 1 1 1 0 1 0 0 1 1 0 1 1 1 0 0 1 0 1 0 1 0 0 1 1 1 0 1 0 1 1 1 1 0 0 1 1
 0 1 0 1 0 1 1 1 1 0 1 1 1 1 0 0 0 1 0 0 1 0 1 0 1 1]
At 13601/30000: COST 0.000/4.010(0.000) -- Acc 1.000/0.520(1.000)
[0 1 1 1 0 0 1 1 0 1 1 1 1 1 0 0 1 0 0 0 1 1 1 0 1 1 0 1 1 1 0 0 1 1 1 1 1
 1 0 0 0 0 0 1 0 1 0 1 1 1 1 0 1 0 1 1 1 0 0 0 0 1 0 1 0 1 0 0 0 0 1 0 1 1
 1 0 0 1 0 1 1 1 0 1 1 1 1 1 0 1 0 1 1 1 1 1 0 1 0 1]
At 13701/30000: COST 0.000/3.489(0.001) -- Acc 1.000/0.580(1.000)
[1 1 1 0 0 0 0 1 0 0 1 1 1 0 1 1 1 0 1 1 1 1 0 1 1 1 1 0 0 0 0 0 1 0 1 0 1
 1 1 1 1 1 1 1 1 1 0 1 0 0 0 1 0 1 1 0 0 0 0 1 0 1 1 0 1 0 0 0 1 0 1 1 1 1
 1 0 1 0 0 1 0 0 1 0 1 0 1 0 1 1 1 1 1 1 1 0 1 1 0 1]
At 13801/30000: COST 0.000/3.794(0.001) -- Acc 1.000/0.540(1.000)
[1 1 1 1 1 0 1 1 1 0 0 1 1 0 0 0 1 1 1 0 1 1 0 0 1 1 0 0 1 0 1 1 0 0 1 1 1
 1 0 1 0 1 1 0 1 1 0 1 0 1 1 0 1 0 0 0 0 1 1 1 0 1 1 1 1 0 1 0 0 1 0 0 0 1
 1 1 0 1 1 1 1 0 0 1 0 0 1 1 1 0 1 1 0 1 1 1 1 0 1 0]
At 13901/30000: COST 0.000/3.936(0.000) -- Acc 1.000/0.530(1.000)
[1 1 1 1 1 1 1 1 0 1 0 1 1 1 0 0 1 1 1 1 1 1 0 0 1 0 1 1 1 1 1 1 0 1 1 0 1
 0 0 1 1 1 1 0 0 1 1 0 1 0 1 0 1 1 0 1 0 1 0 0 1 1 0 1 1 1 0 0 1 0 1 0 1 0
 0 1 0 1 1 0 0 0 1 0 1 1 0 1 1 1 1 0 1 1 1 1 1 1 1 1]
At 14001/30000: COST 0.000/4.122(0.000) -- Acc 1.000/0.550(1.000)
[1 1 1 0 0 1 1 1 1 1 1 1 0 0 0 0 1 1 1 1 1 0 1 0 1 0 0 1 1 1 1 1 1 0 1 1 1
 1 0 1 0 0 1 0 0 0 0 1 1 0 1 0 1 1 1 1 0 0 1 1 1 1 1 0 0 1 1 1 0 1 1 1 1 1
 1 0 0 1 1 1 0 1 0 1 1 0 0 1 1 1 1 0 1 1 1 1 0 1 1 0]
At 14101/30000: COST 0.000/4.125(0.000) -- Acc 1.000/0.510(1.000)
[0 0 0 0 1 1 1 0 0 1 1 1 0 1 1 1 0 1 1 1 1 0 1 1 1 1 0 1 1 1 0 1 1 0 1 0 0
 0 1 0 1 0 1 1 0 0 0 1 1 1 0 1 0 1 1 1 0 0 0 0 1 1 0 0 0 1 0 1 1 1 1 1 0 0
 1 0 1 1 1 0 1 1 1 1 0 1 0 1 1 1 1 1 1 1 0 1 1 0 1 0]
At 14201/30000: COST 0.000/4.230(0.000) -- Acc 1.000/0.540(1.000)
[0 1 0 0 1 1 1 0 1 1 0 1 1 0 0 1 1 1 1 1 1 1 1 1 1 0 1 1 0 1 0 1 1 0 0 1 1
 1 0 1 1 0 0 1 1 0 0 0 0 1 1 0 1 0 0 1 0 1 1 1 1 1 0 1 1 1 1 0 0 1 0 0 1 1
 1 1 0 1 0 1 0 1 1 1 0 1 1 1 0 0 0 0 1 0 1 0 1 1 0 1]
At 14301/30000: COST 0.000/4.324(0.000) -- Acc 1.000/0.540(1.000)
[1 1 0 0 1 1 1 1 0 1 1 0 1 0 0 0 1 0 1 0 1 1 1 0 1 1 1 1 1 1 1 1 1 1 1 1 1
 0 0 1 0 1 1 1 1 0 1 0 1 1 1 1 1 1 0 1 0 0 1 1 0 0 1 0 1 1 1 1 0 0 1 1 1 0
 1 1 0 1 0 0 0 1 1 0 1 0 1 1 1 0 1 0 0 0 1 0 1 1 0 1]
At 14401/30000: COST 0.000/4.230(0.000) -- Acc 1.000/0.530(1.000)
[0 0 1 0 1 0 0 0 0 0 1 1 1 1 0 0 0 1 0 1 1 1 1 1 1 0 1 1 1 1 1 0 0 1 0 0 0
 1 1 0 1 1 1 1 1 1 0 1 0 1 0 0 1 1 0 1 1 1 0 1 1 0 0 0 0 1 1 1 1 1 0 1 1 0
 1 1 0 1 0 1 0 1 1 0 0 0 1 1 1 1 1 1 1 1 1 1 1 1 1 1]
At 14501/30000: COST 0.000/4.445(0.000) -- Acc 1.000/0.520(1.000)
[1 1 0 1 1 1 1 0 1 0 1 1 1 0 1 1 1 0 1 1 0 1 1 0 1 1 0 1 1 0 1 0 1 1 0 1 1
 0 1 0 1 0 0 1 1 1 1 1 1 0 0 1 1 0 1 1 0 1 1 0 0 1 0 0 1 0 0 0 1 0 0 1 1 0
 1 0 0 1 1 1 0 1 1 1 1 0 1 1 1 0 1 1 1 0 1 0 0 1 0 1]
At 14601/30000: COST 0.000/4.482(0.000) -- Acc 1.000/0.530(1.000)
[1 1 1 1 0 0 0 1 1 1 1 0 1 0 1 1 1 1 1 0 1 0 0 1 1 0 0 1 0 0 1 1 0 1 0 1 1
 0 1 1 1 0 0 0 1 1 1 0 1 0 0 0 1 1 1 1 1 0 1 0 1 1 1 1 0 1 0 1 1 1 1 1 1 0
 0 0 1 1 0 0 1 0 0 1 1 0 0 0 1 1 0 0 1 1 0 0 1 1 1 0]
At 14701/30000: COST 0.000/4.401(0.000) -- Acc 1.000/0.520(1.000)
[0 0 1 0 1 0 0 0 0 1 0 1 0 0 1 1 1 1 1 1 1 1 1 1 1 1 0 1 0 1 1 1 0 0 1 1 1
 1 1 0 1 1 0 1 0 1 1 1 1 0 1 0 0 1 0 0 0 1 0 0 1 0 0 0 1 1 1 1 0 1 0 0 0 0
 1 1 1 1 0 0 0 0 1 1 1 1 1 1 0 0 1 0 0 0 0 0 1 1 0 0]
At 14801/30000: COST 0.097/1.892(0.094) -- Acc 0.990/0.530(0.967)
[1 1 0 0 0 1 1 1 1 0 0 0 1 0 1 0 0 1 1 0 1 0 0 0 0 1 1 1 1 1 1 0 1 1 0 0 1
 1 0 1 1 1 1 0 0 1 1 0 1 1 1 1 1 1 1 1 0 0 1 1 0 0 1 1 0 1 1 1 0 0 0 1 1 1
 1 1 0 1 1 1 1 1 1 1 1 0 1 1 1 0 0 1 1 1 0 0 0 1 0 1]
At 14901/30000: COST 0.009/2.023(0.052) -- Acc 1.000/0.540(0.983)
[1 1 1 1 0 1 0 1 1 1 0 1 1 1 0 1 0 1 1 1 0 0 0 0 0 0 0 1 0 0 1 0 1 0 1 1 0
 0 1 1 1 1 1 1 1 0 0 1 1 1 1 1 0 0 1 0 0 1 0 0 0 1 0 1 1 1 1 1 1 1 0 1 1 1
 1 1 0 1 1 0 0 1 1 1 1 1 1 1 0 1 1 1 0 0 0 1 0 1 0 1]
At 15001/30000: COST 0.001/3.055(0.022) -- Acc 1.000/0.550(0.993)
[1 1 1 1 1 0 1 1 1 0 1 1 0 0 0 1 1 1 1 1 1 0 1 1 1 0 0 1 1 1 0 0 1 0 1 0 1
 1 0 1 1 0 1 0 1 1 0 1 1 0 0 1 1 0 0 0 0 0 1 1 1 0 1 0 1 1 0 1 0 1 1 0 1 0
 1 1 0 1 1 1 1 1 1 0 1 1 1 0 1 0 1 0 1 1 1 0 0 1 1 1]
At 15101/30000: COST 0.000/3.503(0.009) -- Acc 1.000/0.530(0.998)
[0 0 1 1 0 1 0 0 0 1 1 1 1 1 0 0 0 1 1 0 1 0 1 1 1 0 1 1 0 0 1 0 1 1 0 0 1
 0 1 0 1 1 1 1 1 1 1 1 1 1 1 1 1 1 1 0 1 0 1 0 1 1 1 0 0 1 0 1 1 1 1 1 1 1
 1 0 1 1 0 1 1 1 1 0 1 0 1 1 0 0 1 0 0 1 0 0 1 0 1 0]
At 15201/30000: COST 0.001/3.631(0.003) -- Acc 1.000/0.520(0.999)
[1 1 0 0 0 1 1 1 1 0 1 0 1 1 1 1 0 1 1 1 0 1 1 1 0 0 0 1 1 1 0 0 0 1 1 0 0
 0 1 1 0 1 1 1 1 1 1 1 1 0 1 1 0 1 0 1 1 1 0 1 1 0 1 0 1 0 1 1 1 1 1 1 1 1
 1 0 1 1 1 1 1 1 1 0 1 1 0 0 0 1 0 0 1 0 1 0 0 0 1 0]
At 15301/30000: COST 0.000/3.749(0.002) -- Acc 1.000/0.570(1.000)
[1 0 0 0 1 0 1 1 1 1 1 0 1 1 1 1 1 1 1 1 1 1 1 0 0 1 1 0 0 0 1 1 0 0 1 1 1
 1 1 0 0 1 1 0 1 1 1 1 1 1 1 0 1 0 0 1 0 0 0 1 1 1 1 1 1 0 1 1 0 1 0 0 1 1
 0 1 0 0 1 1 0 0 0 1 1 1 1 0 0 1 1 1 1 1 1 0 0 1 1 0]
At 15401/30000: COST 0.000/3.480(0.001) -- Acc 1.000/0.550(1.000)
[1 1 0 1 0 1 0 0 1 1 1 0 0 0 1 1 1 1 1 1 1 1 1 1 1 0 1 1 0 1 1 1 1 0 1 0 1
 1 1 1 1 0 1 1 0 0 1 0 1 1 1 1 1 1 0 1 1 1 0 0 1 0 0 1 1 0 1 0 1 1 0 1 1 1
 0 0 0 1 0 1 0 0 1 1 0 1 0 0 1 1 1 1 1 1 1 1 0 1 1 1]
At 15501/30000: COST 0.001/3.758(0.001) -- Acc 1.000/0.540(1.000)
[1 1 1 0 1 1 0 1 1 0 0 1 0 1 0 0 0 0 1 1 1 1 1 1 0 0 0 1 0 1 1 1 1 0 0 1 1
 0 0 1 0 1 1 0 1 0 1 1 0 1 1 0 0 1 0 1 0 1 1 1 0 1 1 1 0 0 0 1 1 1 1 0 0 0
 1 1 0 1 1 0 1 1 0 1 1 1 1 1 1 1 1 0 0 1 1 1 1 1 1 1]
At 15601/30000: COST 0.000/3.761(0.001) -- Acc 1.000/0.540(1.000)
[1 0 1 1 1 0 1 0 1 1 1 1 1 0 1 0 1 0 0 1 1 1 1 1 1 0 1 0 0 1 1 1 1 0 1 1 1
 0 1 1 1 1 1 1 1 1 0 1 1 1 1 1 1 0 0 1 1 1 0 1 0 1 0 0 1 0 0 0 1 1 1 1 1 1
 0 1 1 0 0 0 0 1 0 0 1 1 0 0 0 1 0 1 0 1 0 0 0 0 1 0]
At 15701/30000: COST 0.000/4.111(0.000) -- Acc 1.000/0.540(1.000)
[1 1 1 0 0 1 1 1 1 1 0 0 0 1 0 1 1 0 0 1 1 0 1 1 1 0 0 1 0 0 1 1 0 1 1 0 1
 0 0 1 1 1 0 1 1 0 0 1 1 0 1 1 0 1 1 1 1 1 0 0 0 1 0 1 1 1 1 1 1 1 0 0 0 1
 1 1 0 1 1 1 0 1 0 1 1 1 1 1 0 0 1 1 1 1 0 0 0 0 0 1]
At 15801/30000: COST 0.001/4.308(0.000) -- Acc 1.000/0.520(1.000)
[0 0 1 0 1 1 1 0 0 1 0 1 0 1 0 1 1 1 1 0 1 1 1 0 1 0 0 1 1 0 1 1 1 1 0 1 1
 0 1 0 1 0 1 1 1 1 1 1 1 1 1 1 1 0 1 1 0 0 1 1 0 1 0 0 1 0 1 1 1 0 1 1 0 1
 1 1 0 0 0 0 1 1 1 1 1 0 1 0 0 1 0 1 1 0 1 0 1 0 1 1]
At 15901/30000: COST 0.000/4.384(0.000) -- Acc 1.000/0.520(1.000)
[1 1 1 1 0 1 1 0 1 1 0 0 0 0 1 0 0 0 0 1 1 0 0 1 1 1 1 0 1 0 0 1 1 0 0 1 1
 1 1 1 1 0 1 1 0 1 1 1 1 0 1 0 0 1 1 1 1 1 1 1 0 0 0 1 1 0 1 1 0 1 1 1 0 0
 1 0 0 1 1 1 0 1 0 0 1 1 1 1 1 1 0 1 0 1 0 0 1 1 1 1]
At 16001/30000: COST 0.000/4.456(0.000) -- Acc 1.000/0.530(1.000)
[1 0 1 0 0 0 0 1 0 1 1 1 1 1 1 1 0 1 0 1 1 1 1 1 1 1 1 1 1 0 1 0 0 1 1 0 0
 1 0 0 0 1 1 1 1 0 1 0 0 0 1 1 1 1 0 1 0 0 1 1 1 0 1 0 0 0 0 0 1 1 1 0 0 0
 1 1 1 1 1 1 1 1 1 1 1 0 1 1 0 0 1 1 1 0 1 1 1 0 1 1]
At 16101/30000: COST 0.000/4.602(0.000) -- Acc 1.000/0.520(1.000)
[1 1 1 0 1 0 1 1 1 0 1 1 0 1 1 0 0 0 1 1 0 0 0 1 0 1 1 1 0 1 1 0 1 1 1 1 1
 1 0 0 1 1 0 1 1 0 1 1 0 0 1 1 0 1 1 0 0 1 0 1 1 0 1 1 1 1 1 1 1 0 1 1 1 0
 1 1 1 1 0 0 0 1 1 1 0 0 1 1 1 1 1 1 1 0 0 1 1 1 0 0]
At 16201/30000: COST 0.000/4.723(0.000) -- Acc 1.000/0.500(1.000)
[1 1 0 0 0 1 1 0 0 1 0 0 0 1 1 1 0 1 1 1 1 1 1 1 1 1 1 0 0 1 0 1 0 1 1 0 1
 1 0 1 0 1 0 0 1 0 1 0 0 0 1 1 0 0 0 0 1 1 1 1 1 0 1 0 1 1 1 0 1 0 0 0 0 0
 1 1 0 0 1 1 1 1 1 1 1 0 0 0 1 1 1 1 1 1 0 0 1 1 1 1]
At 16301/30000: COST 0.000/4.774(0.000) -- Acc 1.000/0.520(1.000)
[1 1 1 0 0 1 1 1 1 1 0 1 0 1 1 1 1 1 0 1 0 1 0 1 1 1 0 1 1 1 0 1 0 0 0 1 1
 1 1 1 0 1 0 1 0 1 1 0 0 0 1 0 1 1 0 1 0 1 1 0 0 0 0 1 0 1 1 0 0 0 0 1 1 0
 1 1 0 0 1 1 1 1 0 0 1 0 0 1 1 1 0 1 0 0 1 1 1 0 1 1]
At 16401/30000: COST 0.000/4.814(0.000) -- Acc 1.000/0.500(1.000)
[0 0 1 0 1 0 0 1 1 1 0 0 0 1 1 1 0 1 1 1 1 0 1 1 1 0 1 0 1 0 1 0 1 1 1 0 0
 0 1 1 1 0 1 0 1 1 1 1 1 1 1 1 1 0 0 1 0 0 0 0 1 1 0 0 1 0 1 0 1 1 0 1 1 1
 1 1 0 0 1 0 1 1 0 1 1 1 0 1 0 0 1 1 1 0 0 1 1 0 1 1]
At 16501/30000: COST 0.000/4.916(0.000) -- Acc 1.000/0.510(1.000)
[1 1 0 1 1 0 1 1 0 1 0 0 0 1 1 1 1 1 1 0 1 0 0 0 0 0 1 0 1 0 1 0 1 1 0 0 1
 0 1 1 0 1 1 0 1 1 1 1 1 1 1 1 1 1 1 1 0 0 1 0 0 1 1 1 1 0 0 1 1 0 1 0 0 0
 1 0 1 0 1 0 0 1 1 0 1 1 1 1 1 1 1 0 0 0 1 0 1 1 1 1]
At 16601/30000: COST 0.000/5.116(0.000) -- Acc 1.000/0.480(1.000)
[0 1 0 1 1 1 0 1 0 1 0 0 1 0 1 1 0 1 0 0 1 1 1 1 1 1 0 1 1 0 0 1 1 1 1 1 1
 0 1 1 0 0 1 0 1 1 1 1 0 0 1 1 1 1 1 1 1 0 0 0 0 1 1 0 0 0 1 0 1 1 0 0 0 1
 1 0 1 0 1 1 1 1 0 1 1 0 1 1 0 1 0 0 1 1 1 1 0 0 1 1]
At 16701/30000: COST 0.000/5.315(0.000) -- Acc 1.000/0.500(1.000)
[1 1 1 1 0 1 1 1 1 1 0 1 1 1 1 1 0 0 0 1 0 1 1 1 1 1 1 0 0 1 0 0 1 1 1 1 0
 1 1 0 1 0 0 1 1 0 0 1 0 0 0 1 1 1 1 1 1 1 1 1 1 1 1 1 0 0 1 1 0 1 1 0 0 1
 1 1 1 1 0 1 1 1 0 0 0 1 1 0 1 1 1 0 1 0 1 1 0 1 0 1]
At 16801/30000: COST 0.140/1.376(0.060) -- Acc 0.950/0.520(0.979)
[1 0 1 0 1 1 0 0 0 0 1 0 0 1 1 1 1 1 0 0 0 0 1 1 1 1 1 1 1 1 1 0 1 0 0 1 1
 1 1 0 1 0 0 1 1 1 1 1 0 1 0 1 0 1 1 1 0 0 1 1 1 1 1 1 0 0 1 0 1 1 1 1 1 1
 1 1 1 0 0 1 1 1 1 1 1 1 1 1 1 0 1 1 1 1 1 1 0 0 0 1]
At 16901/30000: COST 0.015/2.022(0.062) -- Acc 1.000/0.510(0.981)
[1 1 1 1 0 1 1 1 1 1 1 1 0 1 0 1 1 1 0 1 1 1 0 0 0 1 1 1 1 0 1 0 0 1 0 1 1
 1 0 0 0 0 0 0 1 0 0 0 1 1 0 1 1 1 1 1 1 1 1 1 1 1 1 0 0 1 0 1 1 0 1 1 1 0
 0 1 0 0 0 1 0 1 0 1 0 1 1 0 1 1 1 1 1 1 0 0 1 0 1 1]
At 17001/30000: COST 0.001/3.088(0.026) -- Acc 1.000/0.420(0.993)
[1 1 0 1 0 0 1 0 0 1 1 1 1 0 0 0 0 0 1 1 1 1 0 1 0 1 1 0 1 1 0 1 1 1 1 1 1
 0 1 0 1 0 1 0 0 0 1 1 0 1 0 1 1 1 0 1 1 1 1 1 1 0 0 1 1 1 1 1 1 1 0 0 0 1
 1 1 1 1 1 0 1 0 1 1 1 1 1 1 0 1 1 1 1 0 1 1 1 1 0 0]
At 17101/30000: COST 0.001/3.480(0.011) -- Acc 1.000/0.470(0.997)
[0 1 0 1 1 1 1 0 1 1 0 0 1 1 1 1 1 1 1 0 1 0 1 0 0 0 1 1 1 0 1 0 1 1 1 0 1
 1 0 0 1 1 1 1 0 0 0 0 1 1 0 0 1 1 0 1 1 1 0 1 1 1 1 1 1 0 1 1 1 1 1 1 0 1
 0 1 0 1 1 0 1 0 1 1 1 1 0 1 1 0 0 0 0 1 1 1 1 0 1 0]
At 17201/30000: COST 0.001/3.803(0.004) -- Acc 1.000/0.450(0.999)
[1 1 1 1 0 0 0 1 1 1 0 1 1 1 1 1 1 0 1 0 1 0 1 1 1 0 1 1 1 0 0 1 1 1 0 1 1
 1 0 0 1 1 0 1 1 1 1 0 1 1 0 1 1 1 1 0 0 0 1 1 1 1 0 1 1 1 1 0 0 0 0 0 1 1
 1 1 0 0 1 1 1 1 0 1 1 0 1 1 1 0 1 0 0 0 1 1 1 0 0 0]
At 17301/30000: COST 0.000/4.008(0.002) -- Acc 1.000/0.450(1.000)
[0 1 1 1 1 1 0 1 1 0 1 0 1 1 1 1 0 0 1 0 1 1 0 1 1 1 1 0 0 0 0 1 0 1 0 1 1
 1 0 1 1 0 1 0 1 1 1 0 1 1 0 0 1 1 1 1 0 1 1 0 1 0 0 1 1 0 1 1 0 1 0 0 0 1
 1 1 1 1 1 0 1 0 1 1 1 1 1 1 0 0 1 1 1 1 1 1 0 0 1 0]
At 17401/30000: COST 0.003/4.085(0.001) -- Acc 1.000/0.450(1.000)
[1 0 1 1 1 1 0 1 0 1 0 1 1 0 0 1 1 1 1 1 1 0 0 1 0 1 0 1 1 0 0 1 1 0 1 0 0
 1 0 0 1 0 1 0 1 0 1 1 0 0 0 1 1 1 1 0 1 0 1 1 1 0 1 0 1 1 1 1 1 0 0 1 0 0
 0 1 1 1 0 1 1 1 1 1 1 1 1 0 1 1 1 0 1 1 1 1 1 0 0 1]
At 17501/30000: COST 0.000/4.294(0.001) -- Acc 1.000/0.460(1.000)
[0 1 1 1 1 0 1 1 1 1 0 1 1 1 0 1 1 1 1 1 1 0 1 1 0 0 1 1 1 1 1 0 1 0 0 0 0
 1 1 1 1 0 1 0 1 1 0 1 0 1 1 1 1 0 1 0 1 1 0 0 1 1 1 1 1 1 1 0 1 1 1 1 0 0
 1 1 1 1 0 0 1 0 1 0 1 0 1 1 0 1 1 1 1 0 0 1 1 1 0 1]
At 17601/30000: COST 0.054/2.316(0.017) -- Acc 0.970/0.530(0.995)
[1 0 1 0 1 0 0 0 1 1 1 1 1 1 0 0 1 1 1 0 1 0 1 1 1 1 1 0 1 0 0 1 1 1 0 1 0
 1 1 1 1 0 1 1 0 1 1 1 0 1 0 0 1 0 1 1 0 0 1 1 0 0 1 1 0 0 1 1 1 1 1 1 0 0
 1 0 0 0 1 0 1 1 0 0 1 1 0 0 0 1 0 1 1 1 1 0 0 0 1 1]
At 17701/30000: COST 0.043/2.317(0.024) -- Acc 0.980/0.540(0.993)
[1 1 0 0 1 1 1 0 0 0 0 0 0 0 1 1 1 0 0 0 1 0 1 1 0 0 1 1 0 1 0 0 1 1 1 1 1
 1 1 1 0 0 1 0 0 0 0 1 0 0 0 1 1 1 1 0 1 1 0 1 1 1 1 0 1 1 0 1 1 0 1 1 1 1
 0 0 0 1 1 1 1 1 0 1 1 0 1 0 0 1 0 0 0 1 1 1 1 0 0 1]
At 17801/30000: COST 0.000/2.991(0.011) -- Acc 1.000/0.530(0.997)
[0 1 0 0 1 1 1 0 0 0 1 1 0 0 0 0 0 0 0 1 0 1 1 1 1 0 0 0 1 1 1 1 1 0 0 0 1
 0 1 1 1 1 0 1 1 0 1 1 0 1 0 1 0 1 1 1 1 1 1 0 0 0 0 1 1 1 1 1 1 1 1 0 0 1
 1 0 0 1 0 0 1 1 1 1 1 1 1 0 0 0 1 1 0 0 0 0 1 0 1 0]
At 17901/30000: COST 0.000/3.300(0.005) -- Acc 1.000/0.500(0.999)
[0 1 1 1 1 0 0 0 0 0 1 1 0 0 0 1 0 1 1 1 1 1 0 0 0 1 1 0 0 0 1 0 1 1 0 1 1
 1 0 1 0 1 0 0 0 0 1 1 1 1 1 1 1 1 1 0 0 0 0 0 1 1 1 1 1 0 1 1 0 0 1 1 1 1
 1 0 1 1 0 1 1 1 0 0 1 1 1 1 0 0 0 1 1 1 1 1 1 0 0 0]
At 18001/30000: COST 0.000/3.459(0.002) -- Acc 1.000/0.510(1.000)
[0 1 1 1 0 1 1 1 0 1 1 1 0 1 1 0 0 1 1 1 1 1 0 1 1 1 0 0 1 0 0 0 1 0 1 1 0
 1 1 1 1 1 1 1 0 0 0 1 0 1 1 0 1 0 1 1 1 0 1 0 1 0 1 0 0 1 0 0 0 0 1 0 1 0
 0 1 0 1 0 0 1 1 1 1 1 1 0 1 1 0 1 0 0 1 1 1 1 1 0 1]
At 18101/30000: COST 0.000/3.589(0.001) -- Acc 1.000/0.470(1.000)
[1 1 1 1 0 0 0 1 0 0 1 1 1 1 0 1 0 1 1 1 1 1 1 1 1 0 1 0 0 0 1 0 1 1 1 1 0
 1 0 0 1 0 0 0 0 1 1 1 0 0 1 1 0 1 0 0 0 0 1 1 0 1 0 1 0 1 1 0 1 1 0 0 1 1
 1 0 1 0 0 1 1 0 1 1 0 0 0 1 1 0 0 0 1 1 1 1 0 1 1 0]
At 18201/30000: COST 0.000/4.152(0.001) -- Acc 1.000/0.490(1.000)
[1 0 0 1 1 0 0 1 1 1 0 0 0 1 1 1 1 1 0 0 0 0 0 0 1 0 1 1 0 0 1 0 0 0 1 1 1
 0 1 0 0 1 1 0 1 0 1 0 1 1 0 1 1 1 0 0 1 1 1 1 0 1 1 1 1 1 1 1 1 1 0 0 1 1
 0 0 0 1 1 1 1 0 0 1 1 1 1 1 0 1 1 0 1 1 0 1 0 1 0 1]
At 18301/30000: COST 0.001/3.962(0.000) -- Acc 1.000/0.480(1.000)
[1 1 0 0 1 1 1 1 1 1 0 0 1 0 1 1 0 1 0 0 0 0 1 0 1 0 1 1 1 0 0 1 1 0 0 0 1
 1 1 0 0 0 0 1 1 1 0 0 1 0 1 1 0 0 1 1 1 0 1 1 0 1 1 0 1 0 0 1 1 1 1 0 1 0
 1 1 0 1 0 1 0 1 0 1 0 1 1 0 1 0 1 1 1 1 1 1 1 1 0 1]
At 18401/30000: COST 0.000/4.029(0.000) -- Acc 1.000/0.480(1.000)
[0 1 0 1 0 1 0 1 0 0 0 1 1 1 1 0 1 0 0 1 0 0 0 1 1 1 0 1 0 1 1 0 1 0 0 1 1
 1 0 1 0 1 1 1 1 1 1 0 1 0 0 0 1 0 1 0 1 0 1 0 1 1 0 1 1 1 0 1 0 0 1 1 0 1
 1 1 1 0 1 1 1 0 1 1 1 1 1 0 1 1 1 1 0 0 1 0 1 1 0 0]
At 18501/30000: COST 0.000/4.099(0.000) -- Acc 1.000/0.480(1.000)
[0 0 1 1 0 1 0 1 1 1 0 1 0 1 1 1 0 0 1 1 1 0 0 1 1 1 1 0 0 0 1 1 1 1 0 1 1
 1 1 0 0 1 1 0 0 1 1 1 0 1 1 1 1 0 0 0 0 1 0 0 1 1 1 0 1 1 0 1 1 0 0 0 0 0
 1 1 0 1 1 0 0 1 0 1 1 0 0 0 0 1 1 0 1 1 1 1 1 1 1 1]
At 18601/30000: COST 0.000/4.047(0.000) -- Acc 1.000/0.480(1.000)
[1 1 0 1 1 1 1 1 0 1 1 0 1 1 0 1 1 1 1 0 1 1 0 1 1 0 0 1 0 0 1 0 0 1 1 0 0
 1 0 0 1 0 1 1 1 0 1 0 1 0 0 1 1 1 0 1 0 0 0 1 1 1 1 1 0 1 0 0 0 0 1 1 1 0
 1 0 0 1 1 0 1 1 1 0 1 1 0 1 0 0 1 1 1 1 1 0 1 1 0 0]
At 18701/30000: COST 0.000/4.143(0.000) -- Acc 1.000/0.480(1.000)
[0 0 1 0 0 0 1 1 0 1 1 1 1 0 1 0 1 0 0 1 1 1 1 0 1 0 1 1 0 1 1 0 1 0 0 1 0
 1 1 1 1 0 0 0 1 0 1 1 0 0 0 1 1 1 1 0 1 1 1 1 1 0 0 1 0 0 1 1 0 1 1 1 1 0
 0 1 0 1 1 1 1 1 0 0 0 1 1 1 1 1 1 1 1 1 1 1 1 0 1 1]
At 18801/30000: COST 0.031/1.496(0.016) -- Acc 0.990/0.580(0.996)
[0 1 1 1 1 1 1 1 0 0 1 1 1 1 0 0 1 1 1 1 0 0 0 1 1 0 0 1 0 1 1 1 1 1 1 1 1
 1 0 1 1 1 1 1 1 0 1 1 0 0 1 0 1 0 1 0 1 0 1 0 1 0 1 1 0 1 1 1 0 1 0 1 1 0
 1 1 1 1 0 0 1 1 0 0 0 1 0 1 1 1 1 1 1 0 0 0 0 0 1 1]
At 18901/30000: COST 0.001/2.657(0.032) -- Acc 1.000/0.510(0.991)
[1 1 1 0 1 1 1 1 0 0 1 1 0 1 0 0 0 1 0 0 1 1 1 0 1 1 0 1 1 1 1 0 1 1 1 0 0
 1 0 1 1 0 1 0 1 0 0 1 1 1 1 1 1 0 0 1 0 1 1 0 0 0 0 0 0 1 1 1 1 1 0 1 0 1
 0 1 1 1 0 1 1 0 0 0 0 1 0 1 0 1 0 0 0 1 1 1 0 1 1 0]
At 19001/30000: COST 0.004/2.657(0.014) -- Acc 1.000/0.560(0.996)
[1 1 0 1 0 1 1 0 0 0 0 1 1 1 1 1 0 1 1 0 1 0 1 0 1 0 0 0 1 1 0 1 0 1 1 0 1
 1 1 0 0 0 1 0 1 0 1 1 0 1 0 1 1 1 0 1 1 1 1 1 1 1 1 0 1 1 0 1 1 0 0 1 1 1
 0 1 1 1 1 1 0 1 1 1 0 0 0 0 0 0 1 0 1 0 0 1 1 0 0 1]
At 19101/30000: COST 0.001/2.704(0.006) -- Acc 1.000/0.560(0.998)
[1 0 0 0 1 1 1 1 1 0 1 0 1 1 1 0 0 1 0 0 0 1 1 0 1 1 1 0 1 0 0 1 0 1 1 1 1
 0 0 0 1 0 1 0 0 0 1 0 0 1 1 0 0 0 1 1 0 0 1 1 0 0 1 1 0 0 1 1 1 0 0 1 0 1
 1 1 1 1 1 1 1 0 1 1 1 1 1 1 0 1 1 1 0 0 1 1 0 1 0 1]
At 19201/30000: COST 0.000/3.129(0.003) -- Acc 1.000/0.570(0.999)
[0 0 1 1 0 1 1 0 0 1 1 1 0 1 1 1 1 1 1 1 1 1 0 0 1 1 0 1 1 1 0 1 0 0 1 0 1
 0 0 1 1 0 0 0 1 0 0 0 0 1 1 0 1 0 0 1 0 1 1 1 1 1 1 0 1 0 0 0 1 1 0 1 1 1
 1 0 1 1 0 0 1 1 1 0 0 0 0 1 0 0 1 1 0 1 0 0 1 1 1 0]
At 19301/30000: COST 0.000/3.176(0.001) -- Acc 1.000/0.550(1.000)
[0 1 1 1 0 1 1 1 1 0 0 1 0 1 0 1 0 1 0 1 0 1 1 0 0 0 0 0 1 0 1 1 1 1 1 1 1
 0 1 1 0 1 1 1 0 1 0 1 0 0 1 1 0 1 0 1 0 0 1 1 1 1 1 1 0 1 0 1 0 1 0 0 1 0
 1 0 0 1 0 1 0 1 0 0 1 1 0 0 0 1 1 1 1 1 1 0 1 1 1 1]
At 19401/30000: COST 0.000/3.192(0.001) -- Acc 1.000/0.520(1.000)
[1 1 1 1 0 1 0 0 1 0 1 1 1 0 1 1 1 0 0 0 1 0 1 1 1 0 1 0 1 0 1 1 1 0 0 1 0
 1 0 0 1 1 0 0 1 1 0 1 1 1 1 1 0 1 1 0 1 1 1 1 0 0 1 0 1 1 1 0 0 0 1 0 0 0
 0 0 1 1 1 1 0 0 0 0 1 1 0 0 0 1 1 0 0 1 0 0 1 1 0 1]
At 19501/30000: COST 0.000/3.452(0.001) -- Acc 1.000/0.540(1.000)
[0 0 0 1 0 1 0 0 0 1 0 0 1 1 1 0 0 0 1 1 0 1 0 1 1 1 0 0 1 1 1 1 0 1 1 0 1
 1 0 0 1 0 1 1 0 0 1 0 1 0 1 0 1 0 1 0 0 1 1 0 1 0 1 1 1 1 1 1 0 1 0 1 1 1
 1 1 0 0 0 1 0 1 0 0 1 0 1 1 1 1 1 1 0 1 1 1 0 0 0 0]
At 19601/30000: COST 0.000/3.565(0.000) -- Acc 1.000/0.520(1.000)
[1 1 0 1 1 1 0 1 1 1 1 1 1 1 1 1 1 0 0 1 0 0 1 0 1 1 0 0 0 0 1 0 1 1 0 0 0
 1 1 0 1 1 1 1 1 1 0 0 1 1 0 0 1 0 0 1 0 1 0 0 1 0 1 0 1 1 0 1 1 1 1 0 1 0
 1 0 0 0 1 0 1 1 0 1 0 1 0 0 1 0 0 1 1 0 1 0 0 1 0 0]
At 19701/30000: COST 0.000/3.662(0.000) -- Acc 1.000/0.520(1.000)
[0 1 1 1 1 1 1 1 1 0 1 0 0 1 1 1 0 0 0 1 1 0 1 0 1 1 1 0 0 0 1 1 1 1 1 1 1
 1 0 1 1 1 1 0 0 1 1 1 0 1 0 0 0 0 1 0 1 0 1 0 1 0 1 0 0 0 1 1 0 0 0 1 0 1
 1 0 0 0 0 1 0 1 0 1 1 1 0 1 1 1 1 1 0 1 0 0 0 0 0 0]
At 19801/30000: COST 0.000/3.788(0.000) -- Acc 1.000/0.540(1.000)
[1 1 1 0 1 1 0 1 1 0 0 0 1 1 0 1 1 0 0 1 1 1 0 1 1 1 0 1 1 1 1 1 0 1 1 1 1
 1 0 0 1 1 0 1 0 1 1 1 0 1 0 0 1 1 0 0 1 1 1 1 0 1 0 0 0 0 1 0 1 0 1 1 0 1
 1 0 0 0 1 1 0 0 0 0 1 1 0 1 1 1 0 1 0 0 0 1 0 0 0 1]
At 19901/30000: COST 0.000/3.813(0.001) -- Acc 1.000/0.500(1.000)
[0 0 0 1 1 0 1 1 1 1 0 0 1 1 1 0 1 0 0 1 1 1 1 0 0 0 1 1 0 0 0 1 1 0 1 0 1
 0 1 0 1 0 1 1 1 1 1 0 1 0 0 0 1 0 0 1 1 1 1 0 0 1 1 0 0 0 0 1 1 0 1 1 0 1
 0 1 0 0 0 0 1 0 1 1 0 1 1 1 1 1 1 0 1 1 1 1 1 1 1 1]
At 20001/30000: COST 0.000/3.805(0.000) -- Acc 1.000/0.530(1.000)
[1 1 1 1 0 0 1 1 0 1 0 1 0 1 1 1 1 1 0 1 1 0 0 0 0 0 1 0 1 1 1 0 1 0 1 1 1
 0 1 0 0 0 1 1 1 0 1 1 0 0 0 0 0 1 1 1 1 1 1 0 1 1 0 1 1 0 0 1 1 0 0 1 1 1
 0 0 1 1 1 0 0 1 1 1 1 0 0 0 0 0 0 1 0 1 0 1 1 0 1 1]
At 20101/30000: COST 0.000/3.932(0.000) -- Acc 1.000/0.520(1.000)
[0 0 1 1 0 1 1 1 0 0 0 0 0 1 1 1 1 1 0 1 0 0 1 0 0 1 0 1 1 0 1 1 0 0 1 0 1
 0 1 0 0 1 0 0 0 1 1 0 0 0 0 1 1 0 1 1 1 1 1 0 0 1 1 1 1 1 1 0 1 0 1 0 1 0
 1 1 0 0 0 1 1 0 1 1 0 1 1 1 1 0 1 0 0 0 1 0 0 1 1 1]
At 20201/30000: COST 0.000/4.113(0.000) -- Acc 1.000/0.550(1.000)
[0 1 0 0 0 1 0 1 1 1 1 0 0 0 1 0 1 1 1 1 1 1 0 1 0 1 1 1 1 1 1 1 0 1 1 0 0
 0 0 1 1 0 0 0 0 1 1 1 1 1 1 0 1 1 0 1 1 0 0 1 0 1 0 0 0 0 0 0 0 0 1 0 1 1
 1 1 1 1 1 1 0 0 1 1 0 1 1 1 1 1 0 0 0 1 1 1 0 1 0 1]
At 20301/30000: COST 0.000/4.108(0.000) -- Acc 1.000/0.550(1.000)
[0 1 0 0 1 0 0 0 0 0 1 1 0 1 0 0 1 1 1 0 0 1 1 1 0 0 1 1 0 1 1 0 0 1 1 0 0
 1 0 0 1 1 1 0 1 0 0 1 1 1 0 1 1 1 1 1 0 1 0 1 1 1 1 1 1 1 0 1 1 1 0 1 0 0
 1 1 1 0 0 1 1 0 1 0 0 0 1 1 1 1 0 0 1 1 0 1 0 0 1 0]
At 20401/30000: COST 0.000/4.190(0.000) -- Acc 1.000/0.550(1.000)
[1 1 0 1 1 0 1 1 0 1 1 1 1 1 1 1 0 1 1 0 0 1 0 1 0 0 1 0 1 1 1 1 1 0 0 0 0
 1 1 1 0 1 1 1 1 1 0 1 1 1 1 1 0 0 1 0 0 1 1 0 1 0 0 0 0 0 1 0 0 0 0 0 0 0
 1 1 1 1 1 0 0 1 0 1 0 1 1 0 1 1 0 1 0 1 1 1 0 1 0 1]
At 20501/30000: COST 0.000/4.483(0.000) -- Acc 1.000/0.530(1.000)
[1 0 0 0 0 0 0 1 1 1 1 1 1 0 0 1 0 1 0 1 1 1 1 0 1 1 0 0 0 1 1 0 1 1 1 1 1
 0 0 0 0 0 1 1 0 0 1 1 1 0 0 0 0 1 0 1 1 1 1 1 1 0 0 0 1 1 1 1 0 0 1 1 0 0
 1 1 1 0 1 0 1 1 1 1 1 0 1 1 1 0 0 1 1 1 1 1 0 0 1 1]
At 20601/30000: COST 0.000/4.650(0.000) -- Acc 1.000/0.520(1.000)
[1 0 1 1 1 1 1 0 0 0 0 1 1 1 0 1 1 1 1 1 1 1 1 0 1 0 1 0 0 0 0 1 1 1 1 1 1
 0 0 0 1 1 0 1 1 0 1 0 1 0 1 1 0 0 0 0 0 1 0 0 1 1 0 0 0 1 1 0 1 0 1 1 1 0
 0 0 1 1 0 0 1 1 1 1 0 1 0 1 1 0 0 1 1 1 0 1 0 0 1 0]
At 20701/30000: COST 0.000/4.835(0.000) -- Acc 1.000/0.550(1.000)
[1 1 0 0 0 0 1 0 0 0 0 0 1 1 0 0 0 1 1 1 1 1 0 1 1 0 1 0 1 1 1 1 1 1 0 0 1
 0 1 0 1 1 0 1 1 0 1 0 1 0 0 1 0 0 0 1 0 1 0 1 0 1 1 0 1 1 0 1 0 1 1 1 0 1
 0 1 1 0 1 0 0 1 1 1 0 0 0 1 0 0 1 1 0 1 1 1 1 1 1 1]
At 20801/30000: COST 0.002/4.865(0.000) -- Acc 1.000/0.550(1.000)
[0 0 0 1 1 0 1 1 0 1 0 1 1 1 1 1 0 0 0 1 0 1 0 0 0 0 1 0 0 0 1 0 1 1 0 0 1
 1 1 1 1 0 1 1 0 1 1 1 1 1 1 0 1 1 0 1 1 0 0 0 1 0 1 0 1 0 1 1 0 1 1 1 1 0
 1 1 1 0 0 0 0 1 0 1 1 0 1 1 0 1 0 1 0 1 1 1 1 1 1 0]
At 20901/30000: COST 0.000/4.838(0.000) -- Acc 1.000/0.530(1.000)
[1 0 1 0 1 0 1 1 0 1 0 0 1 0 1 1 1 1 1 0 0 1 0 0 1 0 0 0 0 0 1 1 1 1 1 0 1
 1 1 0 1 1 1 1 0 1 1 0 0 0 1 1 0 0 1 1 0 0 0 0 0 0 1 0 1 1 1 1 1 1 0 1 1 0
 0 1 1 1 1 0 1 1 0 0 0 1 0 0 0 1 1 1 0 1 0 0 1 1 1 1]
At 21001/30000: COST 0.000/4.829(0.000) -- Acc 1.000/0.550(1.000)
[0 0 1 0 1 1 0 1 0 1 0 1 1 1 1 1 0 1 1 1 1 1 0 0 0 1 0 1 1 1 0 1 1 1 0 1 1
 1 0 1 0 0 1 0 1 1 0 1 1 1 0 1 1 0 1 1 1 0 0 1 1 0 1 1 0 0 0 1 0 1 0 1 0 1
 0 1 1 1 0 0 1 0 0 0 0 0 0 1 1 1 0 1 1 0 1 0 1 0 0 1]
At 21101/30000: COST 0.000/4.696(0.000) -- Acc 1.000/0.560(1.000)
[1 0 1 1 0 1 1 0 1 1 1 1 0 0 1 0 1 0 0 1 1 0 1 1 0 1 1 0 1 1 0 0 0 1 1 0 0
 1 0 0 1 1 1 1 0 1 0 0 0 0 0 1 1 1 0 1 1 0 1 0 1 1 1 1 0 1 1 1 1 0 0 1 1 1
 0 0 1 1 1 1 1 1 1 1 1 1 1 0 0 1 0 1 0 0 0 0 1 0 1 0]
At 21201/30000: COST 0.000/4.875(0.000) -- Acc 1.000/0.540(1.000)
[0 0 1 1 0 1 1 0 1 1 1 1 0 1 1 0 0 0 1 1 0 0 0 1 1 1 1 1 1 1 0 1 1 1 1 1 1
 0 0 0 0 0 1 1 0 1 0 0 0 0 1 1 1 0 1 1 1 1 1 1 0 1 0 1 1 0 1 1 1 1 0 1 1 1
 0 0 0 0 1 0 1 0 1 1 0 0 1 1 1 1 0 1 0 1 1 0 0 0 1 1]
At 21301/30000: COST 0.000/4.910(0.000) -- Acc 1.000/0.490(1.000)
[1 0 0 0 1 1 1 1 1 1 1 1 1 0 1 1 1 1 0 1 0 1 1 1 0 1 1 0 0 0 1 0 0 1 0 1 0
 0 1 1 1 1 0 0 0 0 0 1 1 1 0 1 0 0 1 1 1 1 0 1 1 1 0 0 1 0 1 0 1 1 1 0 1 1
 1 1 1 1 1 1 0 0 1 1 0 1 1 1 1 1 0 1 1 0 0 1 1 0 1 1]
At 21401/30000: COST 0.186/1.294(0.056) -- Acc 0.960/0.550(0.982)
[1 0 0 1 1 1 0 0 1 1 1 0 1 0 1 0 1 1 0 0 1 1 0 0 0 1 1 1 1 0 1 1 0 1 1 1 1
 1 1 0 1 1 0 0 1 0 1 1 1 1 1 0 1 1 1 1 1 0 1 1 0 0 0 1 1 1 1 1 1 0 1 0 1 0
 1 0 1 0 1 0 0 1 1 1 1 0 1 1 0 1 0 0 0 1 1 0 1 1 1 1]
At 21501/30000: COST 0.009/1.836(0.060) -- Acc 1.000/0.570(0.981)
[1 0 0 0 0 0 0 1 1 1 1 0 0 1 1 1 1 1 0 0 1 1 0 0 1 0 0 1 1 0 1 1 0 0 1 1 1
 0 0 1 0 1 1 1 0 0 1 1 0 1 1 0 0 1 0 1 0 1 0 1 1 1 1 0 1 1 1 0 0 0 1 1 1 1
 0 1 1 0 1 1 1 1 1 1 1 1 1 1 1 0 0 1 1 0 0 1 1 0 1 0]
At 21601/30000: COST 0.001/2.328(0.025) -- Acc 1.000/0.510(0.993)
[1 1 1 0 1 1 0 1 1 1 0 0 0 1 0 1 0 0 1 1 1 1 1 0 0 0 1 0 0 1 0 1 1 1 1 1 1
 0 0 1 0 0 1 0 1 0 0 0 1 1 0 1 1 0 0 0 1 1 1 1 0 0 0 1 0 1 1 1 0 0 1 1 1 0
 1 1 1 1 0 0 1 1 0 1 1 1 1 1 1 1 0 1 1 1 1 0 1 0 1 1]
At 21701/30000: COST 0.001/2.572(0.010) -- Acc 1.000/0.520(0.997)
[0 1 1 1 1 0 1 0 1 1 0 1 1 1 1 1 0 1 1 0 1 0 1 1 1 0 1 0 0 0 0 0 1 1 0 0 1
 1 1 0 1 0 0 1 0 0 1 1 1 0 1 1 0 1 1 1 1 1 1 1 1 0 0 1 0 1 1 0 1 0 0 0 1 1
 1 1 1 1 1 1 0 1 1 0 0 1 1 0 1 1 1 1 1 0 0 0 0 0 1 1]
At 21801/30000: COST 0.001/2.776(0.004) -- Acc 1.000/0.510(0.999)
[0 1 0 1 1 1 1 0 1 0 1 1 1 1 0 1 0 0 1 0 1 0 1 0 0 1 0 0 0 1 1 0 1 1 1 0 1
 0 1 0 1 0 1 1 1 1 1 0 0 1 1 1 1 1 1 1 0 0 1 1 1 0 1 1 0 0 1 0 1 1 0 1 1 1
 1 1 1 1 0 1 0 0 1 0 0 1 0 0 0 0 1 0 1 1 1 0 1 0 1 1]
At 21901/30000: COST 0.000/3.041(0.003) -- Acc 1.000/0.510(0.999)
[0 1 0 1 1 0 1 0 0 1 0 0 1 0 0 1 1 1 0 1 0 1 0 0 1 0 1 1 1 1 1 1 0 0 1 1 0
 1 0 1 0 0 1 1 1 0 0 1 1 0 1 0 0 1 0 1 1 1 1 0 1 1 1 1 1 1 1 1 1 0 0 1 1 1
 0 0 1 1 1 0 1 1 1 1 1 1 0 1 0 0 0 0 0 0 0 1 0 1 1 1]
At 22001/30000: COST 0.001/3.199(0.003) -- Acc 1.000/0.480(0.999)
[0 0 1 1 0 0 1 1 1 0 0 1 0 0 1 1 1 1 0 1 0 1 1 1 1 1 0 0 1 1 1 0 1 1 1 1 1
 1 0 1 1 1 1 0 1 1 1 0 1 0 1 0 0 0 0 1 1 0 1 1 1 1 0 1 0 0 0 0 0 1 0 0 1 1
 1 0 1 0 0 0 1 0 1 0 1 1 1 1 1 1 1 0 1 0 0 1 1 0 1 1]
At 22101/30000: COST 0.001/3.375(0.002) -- Acc 1.000/0.470(1.000)
[0 0 0 0 1 0 0 1 1 1 0 1 1 1 1 1 1 0 1 1 0 1 1 0 1 1 1 0 1 0 1 1 0 1 0 0 1
 1 0 1 0 1 1 1 1 0 1 1 1 0 0 0 0 1 1 1 0 1 1 1 0 0 0 1 1 0 1 0 1 1 1 0 0 1
 0 1 0 1 1 1 1 1 1 1 1 1 1 1 1 0 0 0 1 1 0 0 1 0 0 0]
At 22201/30000: COST 0.001/3.600(0.001) -- Acc 1.000/0.470(1.000)
[0 0 1 1 0 0 1 1 1 0 1 1 1 0 1 1 0 1 1 1 1 1 1 0 1 0 1 1 1 0 0 0 1 0 1 1 0
 0 1 1 0 0 0 1 0 1 1 0 1 1 1 0 1 1 0 0 1 0 0 0 0 0 0 1 1 1 0 1 1 1 1 1 0 1
 0 0 1 0 0 1 1 1 1 0 1 1 1 1 0 0 1 1 0 1 0 1 1 1 0 1]
At 22301/30000: COST 0.000/3.827(0.001) -- Acc 1.000/0.480(1.000)
[1 1 0 0 1 1 1 1 1 1 1 0 0 1 0 0 0 1 0 1 1 0 1 0 1 1 1 0 0 1 0 1 1 1 1 0 1
 1 1 0 0 1 0 1 1 0 0 1 1 1 1 0 0 1 0 1 0 1 1 0 1 0 1 1 1 0 0 0 0 0 0 1 0 1
 0 1 1 1 1 1 1 1 1 1 1 0 0 1 1 1 0 0 0 1 0 1 1 0 0 0]
At 22401/30000: COST 0.000/4.020(0.000) -- Acc 1.000/0.470(1.000)
[0 0 1 1 1 1 1 0 1 1 1 0 0 1 1 1 0 1 1 1 1 1 1 0 0 1 1 1 1 0 1 1 0 0 0 0 0
 0 0 1 0 0 1 1 0 1 0 1 0 0 1 1 1 1 1 1 1 0 0 1 1 1 1 0 1 1 1 1 1 1 1 0 0 1
 0 0 1 1 0 1 1 1 1 1 0 1 1 0 0 0 0 0 1 1 0 0 1 0 0 0]
At 22501/30000: COST 0.000/4.055(0.000) -- Acc 1.000/0.460(1.000)
[1 1 0 1 1 1 0 0 0 0 1 0 1 1 1 1 1 0 0 0 1 1 1 0 0 1 0 1 1 1 1 0 0 0 1 0 1
 1 1 0 1 0 0 0 1 1 0 0 1 1 1 1 0 0 0 1 1 0 1 0 1 1 0 1 1 0 0 1 1 0 0 0 0 0
 0 1 1 1 1 1 1 0 1 0 0 1 1 0 1 0 1 1 1 1 1 1 1 1 1 1]
At 22601/30000: COST 0.002/4.023(0.000) -- Acc 1.000/0.500(1.000)
[0 0 1 0 1 1 0 0 0 1 0 1 0 1 0 1 1 1 1 0 1 1 0 1 0 1 0 1 1 0 1 1 0 1 0 0 0
 0 1 1 0 1 1 1 1 1 1 1 1 1 1 0 1 1 0 0 1 0 0 1 0 1 1 1 1 1 0 1 0 1 1 1 1 1
 1 0 0 0 1 1 0 1 1 1 1 0 0 0 0 1 0 1 0 1 0 0 1 0 0 1]
At 22701/30000: COST 0.000/4.141(0.000) -- Acc 1.000/0.470(1.000)
[1 1 1 0 0 1 1 1 1 1 0 1 1 1 0 0 0 1 1 0 1 0 1 1 1 1 0 0 1 1 0 0 0 0 0 0 0
 1 0 1 1 1 1 0 1 1 0 0 1 0 1 0 1 1 0 0 0 1 1 1 1 0 0 1 1 1 1 1 1 1 1 1 1 1
 1 0 1 0 1 1 1 0 1 1 1 1 0 1 1 1 1 0 1 0 1 0 1 1 0 1]
At 22801/30000: COST 0.003/2.779(0.017) -- Acc 1.000/0.450(0.995)
[1 1 1 0 1 0 0 0 0 1 1 0 1 1 0 1 1 1 1 0 0 0 1 1 0 1 1 1 0 1 0 1 0 1 1 0 1
 1 0 0 0 0 0 0 1 1 1 1 0 1 1 1 1 0 1 1 1 1 1 0 1 1 1 0 1 1 0 1 1 0 0 1 0 1
 0 0 0 1 0 1 0 0 1 1 0 1 1 1 1 1 1 1 1 0 0 0 0 1 1 1]
At 22901/30000: COST 0.000/3.327(0.007) -- Acc 1.000/0.450(0.998)
[1 1 1 0 0 1 1 1 0 1 0 1 1 1 1 0 1 1 1 1 1 1 1 0 1 0 1 1 0 1 0 1 1 0 1 1 1
 0 1 1 0 1 0 1 0 1 0 1 1 1 0 0 1 1 1 0 1 1 1 0 1 0 0 1 1 1 0 1 1 0 1 0 0 1
 0 0 1 0 1 1 0 0 1 1 0 0 1 0 1 1 1 1 1 0 0 1 1 0 0 1]
At 23001/30000: COST 0.000/3.439(0.003) -- Acc 1.000/0.460(0.999)
[0 0 0 0 1 1 1 1 1 0 0 1 1 1 0 1 0 1 1 0 1 1 0 0 0 0 1 0 0 1 0 1 1 1 0 0 0
 0 0 1 1 1 0 1 0 1 1 0 1 0 1 1 1 1 1 1 1 0 1 1 1 1 1 0 0 1 1 1 1 1 0 0 0 0
 1 0 0 0 1 1 0 1 1 1 1 1 1 1 1 1 0 1 1 0 0 1 1 1 0 1]
At 23101/30000: COST 0.001/3.729(0.002) -- Acc 1.000/0.470(1.000)
[1 0 0 0 1 1 1 0 1 1 1 0 1 0 0 0 0 1 1 1 1 1 0 1 0 1 0 1 1 1 1 1 1 1 1 0 1
 0 1 1 1 1 1 1 1 1 0 1 0 1 0 0 0 1 0 0 1 0 1 0 1 1 1 1 0 0 1 0 1 1 0 1 0 0
 0 0 1 1 0 1 1 1 1 0 1 1 1 0 0 0 1 1 0 1 1 0 1 1 1 0]
At 23201/30000: COST 0.000/3.759(0.001) -- Acc 1.000/0.460(1.000)
[1 0 1 1 0 1 1 0 0 0 1 0 1 1 0 1 1 0 1 1 1 1 0 1 1 1 1 1 1 0 1 1 0 1 0 1 1
 1 0 0 0 1 0 0 0 0 1 0 1 1 0 1 0 1 1 1 0 1 1 1 1 1 1 1 1 1 1 1 0 1 0 1 0 1
 1 1 1 1 0 1 0 1 1 1 1 0 0 1 0 1 0 0 1 1 1 0 1 1 1 1]
At 23301/30000: COST 0.005/2.052(0.038) -- Acc 1.000/0.550(0.987)
[1 1 1 0 1 0 1 1 0 0 0 1 0 0 0 1 0 1 1 0 0 1 1 1 1 0 1 1 0 1 1 1 1 1 1 1 0
 0 1 0 1 1 0 1 1 0 1 1 1 0 1 0 1 0 1 1 1 0 1 1 1 1 1 1 1 1 0 0 1 0 0 1 1 0
 0 1 1 1 1 1 1 1 1 0 1 1 0 0 1 1 0 1 1 1 1 1 1 1 1 1]
At 23401/30000: COST 0.001/2.711(0.017) -- Acc 1.000/0.550(0.995)
[1 0 0 1 1 1 1 1 1 1 1 0 0 0 0 0 1 1 1 1 1 1 0 1 1 0 1 0 1 1 1 1 1 0 1 1 1
 1 1 1 0 1 0 1 1 0 1 1 1 0 1 0 0 0 0 1 1 0 1 1 0 1 0 1 0 1 0 1 1 1 0 1 1 0
 1 1 0 1 0 1 1 0 1 1 1 1 1 0 1 1 1 1 1 0 1 1 1 1 1 1]
At 23501/30000: COST 0.000/3.096(0.007) -- Acc 1.000/0.540(0.998)
[1 1 0 0 1 1 1 1 0 1 1 1 0 1 0 1 1 1 1 1 1 0 0 1 0 1 1 1 0 1 0 0 0 0 1 1 0
 1 0 1 1 0 1 1 1 1 0 1 1 0 1 1 1 1 1 1 0 0 1 0 1 1 1 1 0 1 0 0 1 1 0 1 1 0
 0 1 1 1 1 1 1 0 0 1 1 0 1 1 1 0 1 1 1 1 1 1 1 0 0 1]
At 23601/30000: COST 0.000/3.193(0.003) -- Acc 1.000/0.560(0.999)
[1 1 0 1 0 1 1 0 0 1 1 1 0 1 0 1 0 1 0 1 1 1 1 0 1 1 1 1 0 1 1 0 1 1 1 0 1
 0 1 1 1 0 1 0 0 1 1 0 0 0 0 1 1 0 0 0 1 0 1 1 1 1 1 1 1 1 1 0 1 1 1 1 0 1
 1 1 1 0 0 1 1 1 0 1 1 0 1 1 1 0 1 0 1 0 1 1 1 0 1 1]
At 23701/30000: COST 0.000/3.254(0.001) -- Acc 1.000/0.550(1.000)
[0 0 1 0 1 0 1 0 1 0 1 1 1 1 1 0 1 1 1 1 0 1 1 1 0 1 1 1 1 1 0 1 0 1 0 0 0
 1 1 1 0 1 1 1 1 1 1 1 0 1 0 0 1 1 1 1 1 1 1 0 1 0 1 0 1 0 1 1 1 1 1 1 1 0
 1 0 1 1 1 0 1 0 0 1 1 0 0 1 1 0 1 0 0 0 0 1 1 1 1 1]
At 23801/30000: COST 0.000/3.245(0.001) -- Acc 1.000/0.510(1.000)
[1 1 1 1 0 0 1 0 1 1 0 1 0 0 1 1 1 1 0 1 1 1 0 1 1 0 1 1 1 0 1 1 0 0 1 1 1
 0 1 0 1 1 0 0 0 1 0 0 1 1 1 1 1 1 0 0 0 1 1 1 1 0 1 1 1 1 1 1 0 1 1 0 1 1
 0 0 0 1 0 1 1 1 0 1 0 1 0 1 0 0 1 1 1 1 1 1 1 0 1 1]
At 23901/30000: COST 0.000/3.377(0.001) -- Acc 1.000/0.520(1.000)
[0 0 1 0 1 1 0 1 1 1 0 0 1 0 1 0 1 0 0 0 1 1 0 1 1 1 1 1 1 0 1 0 0 0 1 1 1
 0 0 1 1 1 1 1 1 0 0 1 1 1 1 0 1 1 1 1 1 1 1 0 1 1 0 1 1 0 1 1 1 0 1 0 1 0
 1 1 1 0 0 1 1 1 0 1 1 1 0 1 0 0 1 0 1 1 1 1 1 0 1 1]
At 24001/30000: COST 0.000/3.578(0.000) -- Acc 1.000/0.540(1.000)
[1 1 0 1 1 1 1 1 0 1 1 0 0 1 1 1 1 0 0 1 0 1 0 1 1 1 1 1 0 1 0 1 0 1 0 0 1
 1 1 1 0 1 1 1 1 0 1 1 1 1 1 1 0 1 1 1 1 1 1 0 0 1 1 1 0 0 1 1 1 0 1 0 1 1
 1 1 1 0 1 1 1 1 0 1 1 0 1 0 0 1 1 0 1 1 0 1 0 1 1 1]
At 24101/30000: COST 0.005/3.326(0.001) -- Acc 1.000/0.510(1.000)
[1 1 1 1 1 1 1 0 1 1 1 1 0 1 1 1 0 1 1 1 1 0 0 1 1 1 1 0 1 0 0 1 0 1 1 0 1
 0 0 1 0 1 1 0 1 1 1 0 1 0 1 1 1 1 1 1 1 0 1 1 0 1 0 1 0 1 1 1 1 1 1 1 0 1
 1 1 1 0 0 1 0 1 1 1 0 1 1 1 1 1 1 1 1 0 1 1 0 1 1 1]
At 24201/30000: COST 0.004/2.509(0.017) -- Acc 1.000/0.460(0.996)
[1 1 1 1 1 0 1 1 0 0 1 0 0 1 0 1 0 0 1 1 1 0 1 1 1 1 0 1 0 1 1 1 1 1 1 0 0
 1 1 1 0 1 1 1 0 1 1 1 1 0 0 0 1 1 1 1 1 1 0 0 1 0 0 0 1 1 1 0 1 1 0 1 1 0
 1 1 1 1 1 1 0 0 0 0 1 1 1 1 1 1 1 1 0 0 0 1 0 1 1 0]
At 24301/30000: COST 0.003/2.360(0.018) -- Acc 1.000/0.480(0.995)
[1 1 1 1 0 0 0 1 1 1 0 0 1 0 1 1 1 1 1 0 1 0 1 0 1 1 1 0 1 1 1 1 1 1 0 1 1
 1 0 0 1 0 1 1 1 1 0 0 1 0 1 1 1 0 0 1 1 0 1 0 0 0 1 0 1 0 0 0 1 1 1 1 1 1
 1 0 0 0 1 0 0 1 1 1 0 1 0 1 1 0 1 1 0 0 1 1 1 1 1 0]
At 24401/30000: COST 0.004/2.189(0.024) -- Acc 1.000/0.490(0.993)
[0 0 0 0 1 0 1 1 0 1 1 0 1 1 0 1 1 1 1 0 1 1 1 0 0 0 1 1 0 0 0 1 1 0 0 0 0
 1 1 1 1 1 1 0 0 0 1 0 1 1 0 0 0 1 1 0 0 1 1 1 1 1 1 0 1 1 1 1 1 1 1 0 1 1
 1 1 1 0 0 0 0 0 1 1 1 0 0 0 1 1 0 1 0 0 1 0 0 0 0 1]
At 24501/30000: COST 0.005/2.320(0.024) -- Acc 1.000/0.520(0.993)
[0 1 1 0 1 0 1 1 0 1 1 0 1 0 1 1 1 0 1 1 0 1 0 1 1 1 1 0 0 0 1 1 1 0 0 0 0
 1 1 0 1 1 0 1 0 1 1 0 0 1 0 1 0 1 1 1 1 0 0 0 1 0 0 0 0 1 1 0 1 0 0 0 0 0
 1 0 1 0 1 1 0 0 0 0 1 1 1 1 1 1 1 1 1 1 0 1 1 1 1 1]
At 24601/30000: COST 0.001/2.569(0.010) -- Acc 1.000/0.540(0.997)
[0 1 1 1 1 0 0 1 1 0 1 1 0 1 1 0 1 0 1 1 0 1 0 1 0 0 1 1 1 1 0 0 1 1 0 1 0
 1 1 1 1 1 0 0 0 1 0 0 0 1 1 0 1 1 0 0 1 1 0 0 0 0 1 0 1 0 1 1 1 0 1 1 0 0
 1 1 1 0 1 1 0 1 0 1 1 1 0 1 0 1 1 1 1 0 0 0 0 1 1 1]
At 24701/30000: COST 0.007/2.696(0.005) -- Acc 1.000/0.490(0.999)
[1 1 0 1 1 0 1 1 0 1 0 0 0 1 1 1 1 1 0 1 1 0 1 0 1 1 0 1 0 0 0 1 1 1 1 1 1
 1 1 1 0 0 1 1 1 0 1 1 0 1 1 1 0 1 0 0 1 1 1 1 0 1 0 1 0 1 0 0 0 0 1 1 1 1
 1 1 1 0 1 1 1 1 0 1 0 0 1 0 1 0 0 1 1 1 1 0 1 0 0 0]
At 24801/30000: COST 0.000/2.814(0.002) -- Acc 1.000/0.490(1.000)
[0 1 1 0 1 1 1 1 0 0 0 0 1 1 0 1 1 1 1 1 1 1 1 1 0 1 1 1 1 1 1 0 0 1 0 1 1
 1 0 1 1 0 1 1 0 1 0 0 1 1 1 0 1 1 1 1 1 1 1 0 1 0 1 0 0 0 1 0 0 1 0 0 1 1
 1 0 0 0 0 1 0 0 1 1 0 0 1 1 1 0 1 1 1 0 1 1 0 1 0 0]
At 24901/30000: COST 0.000/3.002(0.001) -- Acc 1.000/0.520(1.000)
[1 0 1 0 0 1 1 1 1 1 0 0 0 1 1 0 1 0 0 1 1 1 0 1 0 1 0 1 1 1 0 1 0 0 0 1 0
 1 1 1 1 1 1 0 1 1 1 1 1 1 1 1 0 1 0 1 1 1 0 1 1 1 1 1 0 1 1 1 0 1 0 0 1 0
 0 1 0 0 0 1 1 1 0 1 0 0 0 1 0 0 1 1 1 0 1 0 1 0 1 0]
At 25001/30000: COST 0.000/3.097(0.001) -- Acc 1.000/0.530(1.000)
[1 0 1 1 1 0 1 0 1 1 1 1 1 0 0 1 0 1 1 0 1 1 1 1 1 1 1 1 1 1 0 1 1 0 1 1 0
 1 0 1 0 1 1 1 0 0 1 0 1 1 0 0 0 0 0 1 1 0 0 1 1 0 1 1 1 1 0 1 1 0 1 1 0 0
 0 1 0 0 1 1 1 0 1 0 0 0 1 1 1 0 0 0 0 1 1 0 1 1 1 0]
At 25101/30000: COST 0.000/3.241(0.000) -- Acc 1.000/0.570(1.000)
[1 0 0 0 1 1 1 1 1 1 1 1 1 1 0 1 0 0 1 0 0 0 0 0 1 1 1 0 1 1 0 0 1 1 0 0 0
 0 1 0 0 1 1 0 1 1 0 1 1 0 0 0 1 1 0 1 0 1 1 0 1 1 0 1 0 1 1 0 0 1 1 0 1 0
 0 1 1 1 0 1 1 0 1 0 1 1 1 1 1 1 0 1 0 1 1 0 0 1 1 1]
At 25201/30000: COST 0.000/3.313(0.000) -- Acc 1.000/0.490(1.000)
[1 1 1 1 0 1 0 1 1 1 1 1 1 1 0 1 1 0 1 1 1 1 0 1 0 1 1 1 1 1 1 1 1 0 1 1 0
 0 0 1 0 0 0 1 1 0 0 1 0 1 0 0 1 0 1 1 0 1 0 1 1 1 1 0 1 1 0 0 1 1 1 1 0 0
 1 0 1 1 1 0 0 1 0 1 1 0 0 0 1 0 1 1 1 0 0 0 1 0 0 0]
At 25301/30000: COST 0.000/3.315(0.000) -- Acc 1.000/0.530(1.000)
[1 1 1 1 1 0 1 1 1 1 1 0 0 1 0 0 0 1 1 1 0 1 1 1 0 1 1 1 1 0 1 0 1 0 0 1 1
 0 1 1 1 1 0 0 1 1 0 1 0 0 0 0 1 1 1 1 1 0 0 0 0 1 0 0 1 0 1 1 1 0 1 1 1 0
 1 1 0 1 1 1 0 0 0 1 1 1 0 0 1 1 1 1 0 1 1 0 1 0 0 1]
At 25401/30000: COST 0.000/3.397(0.000) -- Acc 1.000/0.540(1.000)
[1 0 1 1 1 1 0 1 1 0 1 0 0 1 0 0 0 1 0 1 0 0 0 1 1 0 0 1 0 1 0 0 1 1 0 0 1
 0 0 1 1 0 0 1 1 0 0 1 1 1 1 1 0 1 1 1 0 1 1 1 1 0 1 0 1 1 1 0 1 1 0 0 0 1
 1 0 1 1 1 1 1 0 1 1 1 1 1 1 1 0 1 1 1 0 1 1 0 0 1 1]
At 25501/30000: COST 0.000/3.489(0.000) -- Acc 1.000/0.540(1.000)
[1 0 1 1 0 1 1 0 1 1 1 1 1 1 1 0 1 1 0 1 0 1 1 0 1 0 0 1 1 0 1 1 0 1 1 0 0
 0 1 0 1 0 1 0 1 1 0 1 0 1 0 1 1 1 0 1 1 0 1 1 1 1 1 1 1 1 0 0 1 0 0 0 0 1
 1 1 0 0 1 1 0 0 0 1 1 1 1 1 0 0 1 1 1 0 1 0 0 1 1 0]
At 25601/30000: COST 0.000/3.459(0.000) -- Acc 1.000/0.500(1.000)
[1 1 1 1 0 1 1 0 0 0 1 1 1 0 0 1 1 1 1 0 1 1 1 1 1 0 1 1 0 0 1 0 0 1 1 1 1
 1 0 0 1 0 1 0 1 0 1 1 1 0 1 1 0 1 1 1 1 1 1 1 1 1 0 0 0 1 1 0 0 1 0 0 0 1
 0 1 0 0 0 0 1 1 1 1 0 0 0 1 1 1 1 0 1 1 1 1 1 0 0 0]
At 25701/30000: COST 0.000/3.524(0.000) -- Acc 1.000/0.500(1.000)
[1 1 0 0 0 0 1 0 1 0 1 0 1 1 1 1 1 1 1 1 1 0 1 0 1 1 1 0 0 1 1 1 1 0 0 1 1
 0 1 1 1 1 0 1 0 1 0 0 0 0 1 1 1 1 0 1 1 0 1 0 1 1 1 0 1 0 1 1 1 1 1 0 0 1
 1 0 0 1 0 0 1 1 1 0 0 0 1 0 0 1 1 1 1 1 0 1 1 1 0 0]
At 25801/30000: COST 0.000/3.635(0.000) -- Acc 1.000/0.520(1.000)
[0 1 0 1 1 1 1 1 1 1 1 0 1 0 1 0 0 0 0 1 0 0 1 0 1 1 1 1 1 1 1 1 1 1 0 1 1
 1 0 1 0 1 1 1 1 0 0 1 1 1 0 1 1 1 0 1 0 1 1 1 1 1 1 0 1 0 0 0 0 0 0 1 1 1
 1 1 0 0 0 0 1 1 0 1 1 0 1 1 0 1 0 0 1 0 0 1 1 1 0 1]
At 25901/30000: COST 0.000/3.702(0.000) -- Acc 1.000/0.510(1.000)
[0 1 0 0 1 1 0 0 1 1 1 0 0 1 1 1 0 1 1 0 1 0 1 1 0 0 1 1 0 0 1 1 1 1 0 1 1
 1 0 0 1 1 0 1 1 1 1 0 1 1 1 1 0 1 0 1 0 1 1 0 1 1 0 0 1 0 0 1 0 0 1 1 1 1
 0 1 1 1 1 0 0 0 0 1 0 1 1 0 1 1 0 1 1 0 1 1 1 1 0 1]
At 26001/30000: COST 0.000/3.790(0.000) -- Acc 1.000/0.520(1.000)
[1 0 1 1 1 1 1 1 0 1 1 0 0 1 1 1 1 0 0 1 0 1 1 0 0 1 0 1 0 1 0 0 0 1 0 0 1
 0 0 1 0 1 1 1 1 1 1 0 1 0 0 1 1 1 1 0 0 0 1 1 1 1 1 0 1 1 1 1 1 1 0 0 1 0
 1 1 1 1 1 0 1 1 0 1 0 1 1 1 0 1 1 1 1 1 1 0 0 0 0 0]
At 26101/30000: COST 0.000/3.834(0.000) -- Acc 1.000/0.530(1.000)
[0 1 1 1 1 1 1 1 0 1 0 0 1 1 1 1 0 1 0 1 1 1 0 1 1 1 0 0 0 1 1 1 1 1 0 0 1
 1 1 1 1 1 1 1 0 1 0 0 0 1 0 1 0 0 0 1 1 0 1 0 1 0 0 0 1 1 1 1 0 1 0 1 1 1
 0 1 0 0 0 0 1 0 0 1 1 0 0 1 1 1 1 1 1 0 1 1 0 0 1 0]
At 26201/30000: COST 0.000/3.751(0.000) -- Acc 1.000/0.530(1.000)
[1 0 0 0 0 0 0 1 0 0 1 1 1 0 1 1 0 0 1 1 1 0 1 1 1 0 1 0 0 1 0 1 0 1 1 1 0
 0 1 1 1 1 0 0 1 1 0 1 1 1 1 1 1 1 1 0 1 1 0 0 0 1 1 1 0 1 0 1 1 0 1 0 0 0
 0 1 1 1 1 1 1 1 0 0 0 1 1 0 1 1 1 1 1 1 1 1 1 0 1 0]
At 26301/30000: COST 0.001/3.796(0.000) -- Acc 1.000/0.520(1.000)
[1 1 1 1 0 1 0 1 1 1 1 1 1 0 1 1 0 1 1 1 1 1 1 0 1 1 0 1 0 0 1 1 0 1 0 1 1
 0 1 1 1 1 1 1 0 0 0 1 0 1 1 0 1 0 1 0 1 0 1 1 1 1 1 0 0 1 1 1 1 1 0 0 0 1
 1 1 1 1 0 0 1 0 1 1 0 0 1 0 0 1 0 0 0 1 1 0 1 1 0 0]
At 26401/30000: COST 0.000/3.859(0.000) -- Acc 1.000/0.540(1.000)
[0 1 1 1 1 1 1 0 1 0 1 1 0 1 0 0 1 1 1 1 1 1 0 1 0 1 0 0 0 0 1 0 1 1 1 0 0
 0 0 1 1 0 1 1 0 0 1 1 1 1 1 1 1 0 1 1 1 0 1 1 1 0 0 0 1 1 0 0 1 1 0 1 0 1
 0 1 0 1 0 1 0 1 0 1 0 1 0 1 0 0 1 0 1 1 1 1 1 1 1 1]
At 26501/30000: COST 0.000/3.958(0.000) -- Acc 1.000/0.540(1.000)
[1 0 0 1 1 0 0 0 0 1 1 1 1 1 0 1 1 0 1 0 0 0 0 0 0 1 1 1 1 0 0 0 1 1 1 1 1
 0 1 1 1 1 0 0 0 0 1 0 1 1 0 0 1 0 1 1 1 1 1 1 1 1 0 0 0 0 1 1 1 1 1 1 1 0
 1 1 1 1 0 1 0 1 1 0 1 1 0 1 1 0 1 1 0 1 0 1 0 1 1 0]
At 26601/30000: COST 0.000/4.054(0.000) -- Acc 1.000/0.530(1.000)
[1 1 1 0 1 1 1 0 0 0 0 0 1 0 1 1 1 1 1 1 0 1 0 1 0 1 0 0 0 0 0 1 1 1 0 1 1
 1 0 1 1 0 1 1 1 0 1 1 1 1 1 1 1 0 1 1 0 1 0 0 0 0 1 1 0 0 0 0 1 0 0 1 0 1
 0 0 1 1 1 1 1 1 1 1 1 1 1 0 0 0 1 1 1 1 0 1 0 0 1 1]
At 26701/30000: COST 0.000/4.072(0.000) -- Acc 1.000/0.530(1.000)
[1 1 1 0 1 0 1 1 0 1 0 0 1 1 1 1 1 1 0 0 1 0 1 1 0 0 1 0 0 1 1 1 0 0 0 0 1
 0 0 1 0 1 1 0 1 1 1 1 1 1 0 0 0 1 1 0 1 1 1 0 1 1 0 1 1 1 1 1 0 1 0 1 1 1
 1 0 0 1 0 1 0 1 1 0 0 0 1 1 1 1 0 0 0 1 0 1 0 1 1 1]
At 26801/30000: COST 0.000/4.117(0.000) -- Acc 1.000/0.530(1.000)
[0 1 0 0 0 1 0 1 0 0 0 0 0 0 1 1 1 0 1 1 1 1 1 1 1 1 1 1 1 1 1 1 1 1 1 1 1
 1 1 1 1 1 1 1 1 1 0 0 1 1 1 1 1 1 1 1 0 0 0 0 0 0 0 0 0 0 0 1 1 1 0 1 1 1
 1 0 1 1 1 1 0 1 0 1 1 1 0 1 0 0 0 0 0 0 1 1 0 1 0 0]
At 26901/30000: COST 0.000/4.187(0.000) -- Acc 1.000/0.540(1.000)
[1 1 1 0 1 1 1 0 0 1 0 1 0 0 0 1 1 1 1 0 1 1 1 0 1 1 0 1 0 1 1 1 1 0 0 1 1
 1 0 1 0 0 0 1 1 1 0 0 1 1 1 1 1 1 0 1 1 0 1 1 0 1 0 1 0 1 1 0 0 1 1 1 0 0
 1 1 1 0 0 1 0 0 0 1 1 1 0 0 1 0 0 1 0 1 0 1 0 1 1 1]
At 27001/30000: COST 0.000/4.126(0.000) -- Acc 1.000/0.530(1.000)
[1 1 1 0 0 1 0 1 1 0 0 0 0 0 1 1 1 0 0 1 1 0 1 0 1 0 1 0 1 1 0 1 1 0 0 1 1
 0 1 1 1 0 1 0 0 1 1 1 0 1 0 0 1 1 1 1 0 1 0 0 1 1 1 1 1 1 0 1 1 1 0 1 1 1
 1 1 0 1 1 1 1 1 0 0 1 0 1 1 0 1 0 1 0 0 0 0 0 1 1 1]
At 27101/30000: COST 0.000/4.097(0.000) -- Acc 1.000/0.510(1.000)
[1 0 1 1 1 1 1 1 0 1 0 1 1 1 1 0 0 1 0 0 1 1 0 0 0 0 0 1 1 0 1 1 1 1 1 1 1
 1 1 0 0 1 0 0 1 1 0 0 1 0 1 1 0 1 0 1 1 0 1 1 1 0 1 1 1 1 1 1 1 1 0 0 1 1
 1 0 1 0 0 0 0 1 1 0 1 0 0 0 0 1 1 1 1 0 1 1 1 0 1 1]
At 27201/30000: COST 0.000/4.177(0.000) -- Acc 1.000/0.490(1.000)
[1 1 1 1 0 0 0 0 1 1 0 0 0 0 0 0 1 0 0 1 0 0 1 1 0 0 1 1 1 1 1 1 1 1 1 0 0
 1 1 0 1 1 1 0 1 1 0 0 0 1 1 0 0 0 1 0 0 0 0 1 1 1 1 0 0 0 1 1 1 1 1 1 1 1
 0 1 0 0 1 1 1 1 0 1 1 1 1 1 1 1 1 0 1 1 1 1 1 0 1 1]
At 27301/30000: COST 0.001/4.269(0.000) -- Acc 1.000/0.500(1.000)
[0 1 1 0 1 1 1 0 0 1 0 1 0 0 1 1 1 1 0 1 1 0 1 1 1 1 1 1 1 1 1 0 0 1 1 0 0
 1 0 0 0 0 1 1 0 0 0 1 0 0 1 1 0 1 1 0 1 1 0 1 0 1 0 1 0 1 1 1 1 1 1 1 1 1
 1 1 1 1 1 0 0 0 1 0 1 0 1 0 1 0 1 1 1 0 0 1 1 0 1 1]
At 27401/30000: COST 0.000/4.355(0.000) -- Acc 1.000/0.490(1.000)
[1 1 1 1 1 1 1 1 1 1 0 0 1 0 0 1 1 0 0 0 0 0 1 0 0 1 1 1 1 1 0 1 0 1 1 0 1
 0 0 1 1 1 1 1 1 1 1 1 1 1 0 1 1 0 1 1 1 1 1 0 0 1 0 1 0 1 1 0 0 1 0 1 1 0
 0 1 0 1 0 0 1 1 0 0 1 1 1 0 1 0 1 1 0 0 1 1 0 1 1 0]
At 27501/30000: COST 0.000/4.365(0.000) -- Acc 1.000/0.490(1.000)
[0 0 1 1 0 1 0 1 1 1 0 0 1 1 1 1 1 1 1 1 1 1 1 0 1 1 1 0 1 0 1 1 0 1 0 0 1
 1 1 0 0 0 1 0 1 1 0 0 1 1 1 0 0 0 1 0 1 0 1 0 0 0 0 1 1 0 1 0 1 0 1 1 1 1
 1 0 0 1 1 0 1 1 1 0 0 0 1 1 1 1 1 1 1 1 1 1 0 0 1 1]
At 27601/30000: COST 0.000/4.437(0.000) -- Acc 1.000/0.490(1.000)
[0 1 1 1 1 1 0 1 0 1 0 1 1 1 0 1 0 1 0 1 0 1 1 1 1 0 1 1 1 1 1 1 1 0 0 0 1
 0 1 1 0 1 1 1 1 0 0 1 1 1 1 1 1 0 0 0 0 1 1 1 1 0 0 0 1 1 0 0 1 1 0 1 1 1
 1 1 1 1 1 0 0 0 1 1 0 0 0 1 0 1 0 0 0 1 1 0 1 1 1 0]
At 27701/30000: COST 0.014/1.954(0.064) -- Acc 1.000/0.530(0.979)
[1 1 0 1 0 1 0 1 1 0 0 1 0 1 0 1 0 1 1 1 0 1 0 0 0 0 1 1 0 0 0 0 0 1 1 0 1
 1 1 1 1 1 0 1 1 0 1 1 1 0 1 1 1 0 1 1 1 1 0 0 1 1 0 1 0 1 0 1 0 1 1 1 1 1
 1 1 0 1 1 1 1 1 0 0 1 0 0 0 0 1 1 0 0 0 1 0 0 1 1 0]
At 27801/30000: COST 0.004/2.806(0.028) -- Acc 1.000/0.510(0.992)
[0 0 0 1 1 1 1 0 0 1 1 0 1 1 0 0 1 1 0 0 1 0 1 0 1 1 0 1 1 1 0 1 1 1 1 1 1
 0 1 0 1 1 0 0 0 0 1 1 1 1 1 1 1 1 1 1 1 0 1 0 1 1 0 1 1 1 0 0 1 1 0 1 1 0
 0 1 1 1 0 1 1 1 1 1 1 0 0 0 1 1 1 1 1 1 1 1 1 1 1 1]
At 27901/30000: COST 0.003/3.080(0.014) -- Acc 1.000/0.470(0.996)
[1 0 1 1 1 1 1 1 1 0 1 1 1 1 0 0 1 1 0 1 1 1 1 0 0 0 1 1 1 0 1 1 1 1 1 1 0
 1 0 1 0 0 0 1 1 1 0 1 1 0 1 0 1 1 1 0 1 1 1 1 1 1 0 1 1 0 1 1 0 0 1 0 1 1
 1 0 0 1 1 1 1 1 0 1 0 1 0 1 1 0 1 0 1 0 1 0 1 0 0 0]
At 28001/30000: COST 0.002/3.033(0.007) -- Acc 1.000/0.520(0.998)
[1 1 1 1 0 0 1 1 0 1 0 1 1 1 0 1 0 1 1 1 1 1 1 1 1 1 0 0 0 0 0 1 0 1 0 0 1
 1 1 0 1 1 0 1 0 0 0 1 0 1 0 1 1 1 1 0 1 1 1 1 0 1 0 0 1 1 0 1 1 0 1 1 1 1
 1 1 1 1 1 1 1 1 1 1 1 1 0 1 1 1 0 0 1 1 1 1 1 1 0 1]
At 28101/30000: COST 0.067/2.569(0.014) -- Acc 0.980/0.480(0.996)
[0 0 1 0 1 1 1 1 0 1 1 1 1 0 1 0 0 1 1 1 1 1 0 1 0 1 0 1 1 0 0 1 1 0 0 1 1
 1 1 1 1 0 1 1 1 1 0 1 1 0 0 0 1 1 1 1 0 0 1 1 1 1 1 0 1 1 1 1 1 0 1 0 0 1
 1 1 1 1 1 1 1 0 0 1 0 0 1 0 1 0 1 1 0 0 0 1 1 0 0 0]
At 28201/30000: COST 0.002/3.069(0.023) -- Acc 1.000/0.440(0.993)
[0 1 0 0 0 0 1 0 1 1 1 1 1 1 1 0 0 1 1 1 1 1 1 1 1 1 1 1 1 0 0 1 0 1 1 0 1
 0 1 1 1 0 1 0 1 1 0 0 0 1 1 0 0 1 0 1 0 1 1 0 0 1 0 1 0 1 1 0 1 0 1 1 1 1
 0 1 0 1 0 1 1 0 1 1 1 0 1 1 1 1 1 0 0 1 1 1 1 1 1 1]
At 28301/30000: COST 0.001/3.542(0.010) -- Acc 1.000/0.420(0.997)
[1 1 0 1 1 1 0 1 0 1 1 0 0 0 0 1 1 1 1 1 1 1 0 1 0 1 0 1 0 1 1 1 1 1 1 0 1
 0 0 1 1 1 1 1 1 0 1 0 1 0 0 1 0 1 1 1 0 1 1 1 1 1 0 0 1 0 1 1 0 1 0 1 1 0
 1 1 1 0 1 0 1 1 0 1 1 1 1 0 1 1 0 1 1 1 1 1 0 0 0 1]
At 28401/30000: COST 0.001/3.924(0.004) -- Acc 1.000/0.430(0.999)
[0 0 1 0 1 1 1 0 1 1 1 0 1 1 1 0 1 0 1 1 0 1 1 1 0 1 0 1 1 1 1 1 1 0 0 1 1
 0 1 1 0 1 1 1 0 0 1 1 0 1 1 1 0 1 0 0 1 1 1 1 0 1 0 1 1 1 1 1 1 1 1 0 1 1
 0 1 0 1 0 0 1 0 1 1 0 1 1 1 1 0 1 0 0 0 1 1 1 1 0 0]
At 28501/30000: COST 0.001/4.196(0.002) -- Acc 1.000/0.420(1.000)
[1 1 1 0 1 1 0 0 1 1 1 0 1 0 1 1 1 1 1 1 1 1 1 0 0 0 1 1 1 1 0 1 0 1 1 1 0
 1 0 0 1 1 0 0 1 0 0 1 1 1 1 0 1 1 0 0 1 1 1 1 0 1 0 1 1 1 1 1 0 1 1 1 1 1
 1 1 1 0 0 0 0 1 1 1 0 0 1 1 0 0 1 0 1 1 0 0 0 0 1 0]
At 28601/30000: COST 0.000/4.463(0.001) -- Acc 1.000/0.420(1.000)
[1 0 1 1 0 1 0 1 1 1 1 1 0 0 1 0 1 0 1 0 1 1 1 0 1 0 0 0 0 1 1 1 1 1 1 0 1
 1 1 0 0 1 1 1 0 1 0 1 0 0 1 1 1 1 0 1 1 1 1 1 0 1 1 0 1 1 1 1 1 1 1 0 0 1
 1 0 1 0 1 1 1 1 1 0 1 0 0 1 1 0 1 1 0 0 1 1 0 1 0 0]
At 28701/30000: COST 0.000/4.810(0.001) -- Acc 1.000/0.410(1.000)
[1 0 1 1 1 1 0 0 1 0 1 1 1 0 0 0 0 0 1 1 1 1 1 0 1 0 1 1 0 1 0 1 1 0 1 1 1
 1 0 0 1 0 0 1 1 0 0 1 0 1 1 1 1 1 1 0 1 0 1 0 1 0 1 1 1 1 1 1 1 1 0 1 0 0
 1 1 0 0 0 0 0 1 1 1 1 1 1 1 1 1 1 0 0 1 1 0 0 1 1 1]
At 28801/30000: COST 0.000/4.884(0.000) -- Acc 1.000/0.400(1.000)
[1 0 1 1 0 1 0 0 1 0 1 0 1 1 0 0 1 1 1 1 1 1 0 1 0 1 1 1 1 1 0 0 1 1 1 0 1
 0 0 1 1 1 0 1 1 1 1 1 1 1 1 1 0 1 0 0 1 0 1 1 1 0 1 1 1 0 1 1 1 0 0 1 1 1
 1 1 0 1 1 0 1 1 1 0 0 1 0 0 1 0 0 1 1 1 0 0 1 0 1 0]
At 28901/30000: COST 0.000/4.959(0.000) -- Acc 1.000/0.410(1.000)
[0 1 1 1 0 0 1 0 1 1 1 0 1 1 1 1 0 1 1 1 0 0 1 0 1 1 0 1 0 0 1 1 1 1 1 0 1
 1 1 1 1 0 1 1 1 0 1 1 1 0 0 0 0 0 1 0 1 1 1 0 0 1 0 1 1 1 1 1 1 1 1 0 0 1
 0 1 0 0 0 1 1 1 0 1 1 1 1 0 1 0 1 1 0 1 1 1 1 0 0 1]
At 29001/30000: COST 0.000/5.126(0.000) -- Acc 1.000/0.390(1.000)
[1 1 1 1 1 1 1 1 0 1 1 1 0 1 1 0 0 0 0 1 0 1 1 1 1 1 1 1 1 1 1 0 1 0 0 0 1
 1 0 0 1 1 0 0 1 0 0 0 0 1 1 0 0 1 1 0 1 1 0 1 1 0 1 0 1 1 1 1 0 1 0 1 1 1
 0 1 0 1 1 0 1 0 0 1 0 1 1 1 1 1 1 1 0 1 1 1 0 1 0 1]
At 29101/30000: COST 0.000/5.313(0.000) -- Acc 1.000/0.390(1.000)
[1 1 1 0 0 1 1 1 1 1 1 1 1 1 1 1 1 0 0 0 1 1 1 1 1 1 1 1 1 0 0 1 1 1 1 0 1
 1 0 0 1 1 1 0 1 0 1 0 1 1 1 1 1 0 1 1 1 1 1 1 1 1 0 1 1 1 1 1 0 0 0 0 1 0
 1 0 0 1 1 0 1 1 1 0 1 0 1 1 1 1 1 0 1 1 0 1 1 1 1 1]
At 29201/30000: COST 0.016/2.740(0.016) -- Acc 0.990/0.480(0.995)
[1 1 1 1 0 1 0 1 1 1 1 1 1 1 0 0 1 0 1 1 1 0 1 1 1 1 0 1 1 0 0 0 0 1 1 1 0
 0 1 1 1 1 1 1 1 1 1 1 0 1 0 1 1 1 0 1 0 1 0 1 1 1 1 0 1 0 1 0 1 1 1 0 1 1
 1 0 0 0 1 1 0 1 0 0 1 1 1 1 0 0 0 1 1 1 1 1 0 1 1 1]
At 29301/30000: COST 0.006/2.601(0.023) -- Acc 1.000/0.490(0.994)
[1 1 0 1 1 1 1 1 0 0 1 1 1 0 1 1 1 1 1 1 1 0 1 0 0 1 1 1 1 0 0 1 1 1 1 1 1
 0 1 0 1 1 1 1 0 1 0 1 1 0 0 1 1 1 0 0 0 0 1 1 1 1 1 1 0 0 1 1 0 1 0 0 0 0
 0 0 1 0 0 1 1 1 1 1 0 1 1 1 0 0 0 1 1 0 0 1 1 1 0 1]
At 29401/30000: COST 0.001/3.311(0.010) -- Acc 1.000/0.500(0.997)
[1 0 0 1 1 0 1 1 0 0 1 1 1 1 1 1 1 1 1 0 1 1 1 1 0 1 1 1 0 1 0 0 0 0 1 0 0
 1 0 1 0 1 0 0 0 1 0 0 1 0 1 0 1 1 1 1 1 0 1 1 1 0 1 1 1 0 1 1 0 1 1 1 0 1
 1 1 1 1 1 0 1 1 1 0 1 0 0 0 1 1 1 1 1 0 0 1 0 1 1 0]
At 29501/30000: COST 0.000/3.689(0.004) -- Acc 1.000/0.480(0.999)
[1 1 0 1 1 1 0 1 0 1 1 0 1 1 0 1 0 0 1 1 1 1 1 0 0 1 0 1 0 1 1 0 1 1 0 1 1
 0 1 1 0 0 1 1 0 1 0 0 1 0 0 1 0 1 0 0 1 1 0 1 1 1 0 0 1 0 1 0 0 1 1 0 1 1
 1 0 1 1 1 0 1 1 1 0 1 1 1 0 1 0 1 0 1 1 1 1 1 1 1 1]
At 29601/30000: COST 0.001/3.981(0.002) -- Acc 1.000/0.460(1.000)
[1 1 0 1 1 1 1 1 0 1 1 0 1 0 0 1 1 1 0 1 0 1 1 0 1 0 1 1 1 0 1 0 0 0 1 1 1
 0 1 0 1 1 1 0 0 1 1 0 1 1 0 0 1 0 1 1 1 0 0 1 1 0 1 1 1 1 0 1 1 1 1 1 1 1
 1 1 1 1 1 1 1 0 0 0 1 1 1 0 0 1 0 0 0 0 1 1 0 1 1 0]
At 29701/30000: COST 0.000/3.958(0.001) -- Acc 1.000/0.450(1.000)
[1 1 1 1 0 0 0 1 1 1 1 1 0 1 1 1 0 1 0 0 1 1 1 1 1 1 0 1 0 1 0 0 1 0 1 1 0
 1 0 0 1 0 1 0 1 0 1 0 1 1 1 0 1 1 0 0 1 1 1 0 0 1 0 1 1 1 0 1 1 1 1 1 1 1
 1 1 1 1 1 0 1 1 0 1 0 1 0 1 0 0 1 1 1 1 0 1 1 0 0 1]
At 29801/30000: COST 0.000/4.237(0.000) -- Acc 1.000/0.460(1.000)
[0 0 1 0 1 0 0 1 1 0 0 1 1 0 1 0 0 0 0 0 1 0 1 1 1 1 0 1 1 1 0 0 1 1 0 1 1
 0 1 0 1 0 0 0 0 1 1 1 1 0 0 1 1 1 0 1 1 1 0 1 1 0 0 0 0 1 1 1 1 0 1 1 0 0
 1 1 1 1 1 1 0 1 1 1 1 0 1 1 1 1 1 1 0 1 1 1 1 1 1 1]
At 29901/30000: COST 0.000/4.568(0.000) -- Acc 1.000/0.450(1.000)
