Train 694 samples in approximately 4322 epochs
Finished computation graph
[1 1 1 1 1 1 1 1 1 1 1 1 1 1 1 1 1 1 1 1 1 1 1 1 1 1 1 1 1 1 1 1 1 1 1 1 1
 1 1 1 1 1 1 1 1 1 1 1 1 1 1 1 1 1 1 1 1 1 1 1 1 1 1 1 1 1 1 1 1 1 1 1 1 1
 1 1 1 1 1 1 1 1 1 1 1 1 1 1 1 1 1 1 1 1 1 1 1 1 1 1]
At     1/30000: COST 0.720/0.719(0.693) -- Acc 0.450/0.490(0.009)
[1 1 1 0 0 1 1 1 1 1 0 0 1 0 1 1 1 1 1 1 1 1 0 0 1 1 1 1 1 1 1 0 1 1 1 1 0
 1 0 1 1 1 0 1 1 0 1 1 1 1 0 1 0 1 1 1 1 0 1 0 1 1 1 1 1 0 1 1 1 0 0 1 1 1
 1 1 0 1 1 1 0 1 1 1 1 1 1 0 1 0 1 1 0 0 1 1 1 0 1 0]
At   101/30000: COST 0.700/0.697(0.685) -- Acc 0.600/0.560(0.363)
[0 1 1 1 1 0 1 1 0 0 1 0 1 1 1 1 1 0 1 1 0 1 1 0 1 1 0 1 1 1 0 1 1 1 1 1 1
 1 1 1 0 0 0 1 1 0 0 1 1 1 0 1 0 1 1 1 0 1 1 0 1 1 1 1 1 1 1 1 1 1 0 1 1 1
 1 1 1 1 1 0 0 1 1 1 0 0 1 1 1 1 1 1 0 1 1 1 1 1 1 1]
At   201/30000: COST 0.557/0.757(0.645) -- Acc 0.710/0.540(0.549)
[0 1 1 0 1 0 0 1 1 1 0 0 0 0 1 0 0 1 1 1 1 1 1 0 0 1 1 1 1 1 0 1 0 1 0 1 1
 1 1 1 1 1 1 1 0 1 1 1 1 1 0 1 1 1 1 0 1 1 0 0 1 0 1 1 1 1 1 1 1 1 1 1 1 0
 1 1 0 0 1 0 0 1 0 0 1 1 0 1 1 1 0 1 1 1 0 0 1 0 1 1]
At   301/30000: COST 0.411/1.279(0.559) -- Acc 0.800/0.500(0.673)
[1 0 1 0 1 1 1 0 1 1 0 1 1 1 0 0 0 1 0 1 0 1 1 0 1 1 1 1 1 1 0 1 0 1 1 1 1
 0 1 1 0 1 0 1 1 0 1 0 1 1 0 0 1 1 0 0 1 0 0 1 1 0 0 1 1 0 1 0 0 0 1 1 1 1
 1 1 1 1 1 1 1 1 1 0 1 0 1 0 1 0 1 1 1 1 1 1 1 1 0 0]
At   401/30000: COST 0.290/1.855(0.444) -- Acc 0.900/0.460(0.772)
[1 0 1 1 1 0 1 1 1 1 1 1 0 1 0 0 1 0 1 0 0 1 1 0 0 0 1 0 0 1 1 1 1 1 1 0 0
 0 0 0 0 0 1 1 1 0 1 0 1 0 1 0 0 1 0 1 1 1 0 1 1 1 0 0 1 0 0 0 1 1 1 1 1 1
 1 1 1 1 1 0 0 1 1 0 1 0 0 0 0 1 0 0 0 0 1 0 1 1 0 0]
At   501/30000: COST 0.231/2.303(0.335) -- Acc 0.890/0.510(0.843)
[0 1 1 1 1 0 0 0 1 1 1 0 1 1 1 1 0 0 0 1 0 1 1 1 1 1 1 0 1 0 0 1 1 1 1 0 1
 1 1 1 0 1 1 0 0 1 0 1 0 0 1 0 0 1 1 0 1 0 1 1 1 1 1 1 0 1 1 1 0 1 1 0 0 1
 1 1 1 1 0 0 1 1 0 1 0 1 1 0 1 1 1 1 1 1 1 0 0 1 0 1]
At   601/30000: COST 0.260/2.137(0.278) -- Acc 0.910/0.480(0.883)
[1 1 0 1 1 0 1 0 0 1 1 1 0 0 0 1 0 1 1 0 1 0 1 1 1 0 1 1 0 0 1 0 1 1 1 1 0
 1 0 0 1 1 0 0 1 1 0 1 1 0 1 0 1 1 0 1 1 1 1 1 1 0 1 0 0 1 1 1 1 1 1 0 0 0
 0 1 0 0 1 1 1 1 1 1 1 1 0 1 1 1 1 1 0 1 1 1 1 1 0 1]
At   701/30000: COST 0.129/2.460(0.201) -- Acc 0.950/0.520(0.919)
[1 1 0 0 1 1 1 1 1 0 1 1 0 1 1 0 1 1 0 1 1 1 1 1 0 0 1 1 1 0 1 0 0 0 1 1 1
 1 1 1 0 1 1 0 1 1 0 0 0 1 0 0 1 1 1 1 1 0 1 1 0 1 0 0 0 0 1 1 0 0 1 1 1 0
 1 0 1 1 1 1 0 1 1 1 1 0 0 1 1 0 0 0 1 1 0 1 0 0 1 0]
At   801/30000: COST 0.086/2.879(0.143) -- Acc 0.960/0.500(0.946)
[0 0 0 0 0 0 0 1 0 1 1 0 1 1 1 0 0 0 1 1 0 1 1 0 1 1 1 0 1 1 0 1 0 1 0 1 1
 0 1 1 1 1 1 1 1 0 1 0 0 1 0 1 1 1 1 1 1 0 0 0 0 1 1 0 0 1 1 1 0 1 1 1 1 0
 1 1 1 0 0 1 1 1 0 1 0 1 0 1 0 1 1 1 0 0 1 0 1 0 1 1]
At   901/30000: COST 0.090/3.274(0.121) -- Acc 0.960/0.460(0.957)
[1 1 0 1 0 0 1 0 1 0 1 1 1 1 1 0 0 1 1 0 0 0 1 0 1 1 1 0 0 1 0 0 0 1 1 1 0
 1 1 1 0 1 0 0 1 0 1 0 0 1 0 0 0 1 0 0 1 1 1 1 0 1 0 1 1 1 1 0 1 1 1 1 1 1
 1 1 1 1 0 0 1 1 1 1 0 1 0 1 1 1 1 1 1 0 1 0 1 1 1 0]
At  1001/30000: COST 0.013/4.069(0.076) -- Acc 1.000/0.470(0.973)
[1 1 1 1 0 0 1 1 1 0 1 0 1 1 0 0 0 0 1 1 0 0 1 0 1 1 1 1 0 1 1 0 1 1 1 1 1
 1 0 0 1 1 0 0 0 1 1 1 1 0 1 0 1 1 0 0 1 1 0 1 1 1 0 0 0 1 0 1 1 1 0 1 1 1
 1 0 0 0 1 1 0 0 0 1 0 1 0 1 1 0 1 0 1 1 0 1 1 1 0 1]
At  1101/30000: COST 0.173/3.275(0.065) -- Acc 0.980/0.570(0.977)
[1 1 1 1 0 1 1 1 0 1 1 0 1 1 1 1 1 1 1 1 1 0 1 1 1 0 0 1 0 1 1 0 1 1 1 0 1
 1 0 1 1 1 0 1 1 1 0 1 1 1 1 1 0 1 1 0 0 1 1 0 1 0 0 1 1 0 1 0 0 0 0 0 0 0
 1 1 0 1 1 0 0 0 1 0 1 1 1 0 1 0 0 1 0 1 1 0 1 0 1 1]
At  1201/30000: COST 0.087/3.181(0.081) -- Acc 0.980/0.520(0.974)
[1 1 1 1 1 0 1 0 1 1 0 1 0 0 1 1 1 1 0 0 0 0 0 0 0 1 0 0 0 1 0 0 0 1 1 1 0
 1 0 1 0 0 0 1 1 1 0 1 1 1 0 1 1 1 1 0 1 0 1 1 1 1 1 1 1 1 0 0 0 1 0 0 1 0
 1 1 1 1 1 0 1 1 1 0 1 1 1 1 1 0 1 1 0 1 1 1 0 0 1 1]
At  1301/30000: COST 0.052/3.579(0.062) -- Acc 0.980/0.480(0.980)
[1 0 1 1 0 1 1 1 1 1 0 0 1 1 1 1 0 1 0 1 1 0 0 1 0 1 1 1 1 1 0 0 1 0 1 1 1
 1 1 0 0 0 1 1 1 1 1 0 1 1 1 0 1 0 1 0 0 1 1 1 1 0 1 1 0 0 1 0 1 1 1 0 0 0
 1 0 1 1 1 1 1 1 0 1 0 0 1 0 0 1 0 1 0 0 0 1 1 0 0 0]
At  1401/30000: COST 0.048/3.670(0.050) -- Acc 0.990/0.550(0.984)
[0 0 0 0 0 0 0 0 0 1 1 1 1 0 1 0 1 0 1 1 1 1 0 1 1 1 1 1 1 0 0 1 0 1 1 1 1
 0 1 1 0 1 1 1 0 1 1 1 0 0 1 0 0 0 1 1 1 1 0 1 1 0 0 0 0 0 0 0 1 1 1 1 0 1
 1 1 0 1 1 0 0 1 0 1 1 1 1 1 1 1 1 1 0 0 1 1 1 1 1 1]
At  1501/30000: COST 0.050/3.613(0.044) -- Acc 0.990/0.540(0.986)
[0 0 0 0 1 0 1 1 0 0 0 0 0 1 1 1 1 1 0 1 1 0 1 1 1 0 1 1 1 1 0 1 0 1 1 0 1
 0 1 0 0 0 0 0 1 0 0 0 0 1 1 0 1 0 0 0 1 0 1 1 1 1 1 1 1 1 1 1 0 0 0 0 0 1
 0 1 0 1 1 1 0 1 1 1 1 0 1 1 1 1 1 0 1 1 1 1 1 1 0 1]
At  1601/30000: COST 0.060/3.574(0.062) -- Acc 0.970/0.450(0.981)
[1 0 1 0 0 0 0 1 1 1 1 1 1 1 1 0 0 1 1 0 1 1 1 0 0 0 1 0 1 0 1 0 1 0 1 0 0
 0 0 1 1 0 0 0 1 1 0 0 1 0 1 0 1 1 1 1 1 1 0 0 0 1 1 1 0 1 1 0 1 0 1 1 1 1
 0 0 1 1 1 1 1 0 1 0 1 1 0 0 0 1 1 1 1 1 0 1 0 0 0 1]
At  1701/30000: COST 0.036/3.744(0.039) -- Acc 0.980/0.520(0.988)
[0 1 0 1 1 1 1 0 1 1 0 1 1 0 0 0 1 1 1 1 1 0 1 1 1 1 1 0 1 1 0 0 0 0 0 1 0
 0 0 0 1 1 1 1 1 1 1 1 1 1 0 1 0 1 1 1 0 0 0 1 0 1 1 1 1 0 0 1 0 1 0 1 1 0
 0 0 0 1 1 0 1 1 1 0 0 0 0 0 1 1 1 0 1 0 1 1 1 0 1 1]
At  1801/30000: COST 0.061/3.940(0.046) -- Acc 0.980/0.500(0.985)
[1 0 1 0 1 0 1 1 1 0 0 1 1 0 0 1 1 1 1 0 1 1 1 0 1 1 1 0 1 1 1 0 0 1 1 0 0
 0 1 1 1 1 0 0 0 1 1 1 0 0 1 0 0 1 1 1 1 1 0 1 1 1 1 0 1 1 1 1 1 1 1 1 0 0
 0 1 1 1 1 0 0 1 0 1 0 1 1 0 1 1 1 1 1 1 1 0 0 1 1 1]
At  1901/30000: COST 0.015/3.738(0.048) -- Acc 0.990/0.490(0.984)
[1 0 0 1 0 1 0 1 0 0 1 0 0 1 1 1 1 1 0 0 1 1 1 1 1 0 0 0 0 0 0 1 1 1 1 1 0
 1 0 1 0 1 0 1 0 1 0 1 1 1 0 1 1 1 0 0 0 0 1 1 1 1 1 0 1 1 1 0 1 1 1 1 0 1
 1 1 0 0 1 1 1 0 0 0 1 1 0 0 0 1 1 1 0 0 0 0 0 0 1 0]
At  2001/30000: COST 0.026/3.199(0.048) -- Acc 0.990/0.540(0.985)
[0 0 1 0 1 0 1 0 0 0 0 1 1 1 1 1 1 0 0 0 0 1 1 0 1 1 0 1 1 1 1 1 0 1 1 1 1
 1 0 1 0 1 0 0 0 1 1 1 1 1 0 1 1 1 0 1 1 1 0 0 1 1 1 1 0 1 0 0 1 0 0 1 0 1
 0 1 1 1 1 1 1 1 1 0 0 0 1 0 1 1 1 1 1 1 1 0 1 1 1 0]
At  2101/30000: COST 0.017/3.533(0.038) -- Acc 1.000/0.520(0.988)
[1 0 1 1 0 1 1 1 0 0 1 1 1 0 0 0 1 0 1 1 1 1 0 1 0 0 1 1 1 0 1 0 0 1 1 1 0
 1 0 1 0 1 0 1 0 0 0 0 0 1 1 1 1 1 1 1 1 1 1 0 1 1 0 1 0 1 1 1 1 1 0 1 0 1
 0 0 0 1 0 0 0 1 1 1 1 1 1 1 1 1 1 1 1 0 1 1 0 1 0 0]
At  2201/30000: COST 0.004/3.920(0.022) -- Acc 1.000/0.510(0.993)
[1 0 1 1 1 1 1 1 0 1 1 0 1 1 0 0 0 1 0 1 1 0 1 0 1 1 1 1 1 1 1 1 1 1 1 1 0
 1 0 0 0 1 1 0 1 1 1 1 1 0 1 0 0 1 1 1 0 1 1 1 1 0 1 0 0 0 1 1 1 1 0 1 0 0
 1 0 1 1 1 1 0 0 1 1 1 0 0 0 1 1 1 1 0 1 1 1 0 0 0 1]
At  2301/30000: COST 0.001/3.998(0.020) -- Acc 1.000/0.500(0.994)
[0 1 0 1 0 0 1 0 0 1 1 0 0 0 0 1 1 1 0 1 1 1 1 1 1 1 1 0 1 0 0 1 1 1 1 1 1
 1 1 1 0 1 1 1 0 0 1 1 1 0 1 1 1 1 1 1 0 1 1 1 0 1 0 0 1 0 0 1 1 0 1 1 1 0
 1 1 0 1 0 1 1 0 1 1 0 1 1 0 0 0 1 1 1 1 1 1 0 1 1 1]
At  2401/30000: COST 0.142/3.902(0.045) -- Acc 0.970/0.450(0.988)
[0 1 0 0 1 1 0 1 1 0 1 1 1 1 1 1 1 1 0 1 1 0 1 1 0 1 1 0 1 0 0 1 0 0 1 1 1
 0 1 1 0 0 0 0 1 0 1 0 0 1 0 0 1 1 1 1 1 1 0 1 1 0 0 0 0 1 1 1 0 1 0 1 0 1
 0 1 0 1 0 0 1 1 1 0 0 0 0 0 1 0 0 1 1 1 0 0 0 0 0 0]
At  2501/30000: COST 0.107/3.125(0.056) -- Acc 0.970/0.550(0.984)
[1 1 1 0 0 0 1 1 1 1 0 0 1 1 1 1 0 0 0 0 0 0 1 1 0 1 0 1 0 0 0 0 1 1 1 0 1
 1 0 0 1 0 1 0 1 1 1 0 0 1 1 1 1 0 0 0 1 1 1 1 0 0 1 1 1 1 0 0 1 0 1 1 1 1
 0 1 0 1 0 1 0 1 1 1 1 1 0 1 0 1 1 1 1 1 1 0 1 1 1 0]
At  2601/30000: COST 0.022/3.361(0.049) -- Acc 0.990/0.510(0.985)
[1 0 1 1 0 1 1 1 1 1 1 1 1 0 0 0 0 0 1 0 0 1 1 1 0 1 1 0 1 1 1 0 0 0 1 0 0
 1 0 0 1 1 0 0 1 1 1 0 0 0 1 1 0 0 0 1 0 1 0 0 1 1 1 0 0 0 1 1 1 1 1 1 0 0
 1 1 1 1 1 1 1 1 1 1 1 1 1 0 1 0 1 1 1 1 1 1 1 1 1 1]
At  2701/30000: COST 0.007/3.836(0.032) -- Acc 1.000/0.510(0.990)
[0 1 1 0 1 0 0 1 1 1 1 1 1 1 1 0 1 0 1 1 1 1 1 1 1 0 0 0 0 1 0 1 1 0 0 1 1
 1 0 1 0 1 1 1 1 1 0 0 1 0 0 1 1 0 0 0 1 1 1 0 1 0 1 1 1 1 1 1 1 0 0 0 1 1
 0 0 0 1 0 1 1 1 0 1 0 0 0 1 1 1 1 1 1 1 0 0 1 1 0 1]
At  2801/30000: COST 0.008/4.232(0.024) -- Acc 1.000/0.510(0.992)
[1 1 1 0 1 0 0 1 0 1 1 1 1 0 1 1 1 0 1 0 1 0 0 0 0 0 1 0 1 1 1 0 1 1 1 1 1
 0 0 1 0 0 1 0 1 0 1 1 1 1 1 0 0 1 0 1 1 1 1 0 0 1 0 0 1 1 1 0 1 0 1 1 0 1
 1 0 0 1 0 0 1 0 1 0 0 0 0 1 1 0 0 1 1 1 1 0 0 1 0 0]
At  2901/30000: COST 0.031/3.482(0.028) -- Acc 0.990/0.560(0.991)
[1 1 0 0 1 0 1 1 0 1 1 1 1 0 1 1 0 1 1 1 1 0 1 1 0 1 1 0 1 1 0 0 0 0 0 1 1
 1 0 1 0 0 0 0 1 1 1 0 0 0 1 0 1 0 1 1 0 0 0 0 0 1 0 1 1 1 0 1 1 0 1 0 1 1
 0 1 1 0 1 1 0 1 0 1 1 0 0 1 1 0 1 0 1 1 0 1 1 0 1 1]
At  3001/30000: COST 0.012/3.823(0.028) -- Acc 1.000/0.500(0.991)
[0 0 0 0 1 0 0 0 0 1 1 0 1 1 1 1 1 0 1 0 0 1 0 0 1 1 1 0 1 1 0 1 1 1 0 1 0
 1 1 0 1 1 0 1 1 1 0 0 1 0 1 1 1 0 0 1 0 0 0 1 1 1 1 1 1 0 1 0 1 0 1 1 1 0
 1 1 0 0 1 1 1 0 1 1 1 0 0 0 0 1 1 0 0 0 1 0 0 1 1 0]
At  3101/30000: COST 0.004/4.110(0.020) -- Acc 1.000/0.520(0.994)
[1 1 1 1 1 0 1 0 0 1 1 0 1 1 1 1 0 0 0 0 1 1 1 1 1 1 1 0 0 0 0 1 0 1 0 0 0
 0 1 1 1 0 0 1 1 1 1 1 1 0 1 1 1 0 1 1 0 0 0 0 0 0 1 0 0 1 1 0 1 1 0 1 0 1
 1 1 1 1 0 1 1 1 1 0 0 0 1 0 1 0 1 0 0 1 1 0 1 1 1 0]
At  3201/30000: COST 0.016/3.841(0.024) -- Acc 1.000/0.550(0.993)
[0 1 1 0 1 1 0 1 0 0 0 1 1 1 0 1 1 0 0 0 0 1 1 0 0 0 1 0 1 1 0 0 1 0 0 0 1
 1 1 1 1 1 0 1 0 1 1 1 0 1 0 1 0 1 1 1 0 1 0 0 1 1 0 1 1 1 0 0 1 1 1 0 0 0
 0 1 1 1 1 0 0 0 0 1 1 1 0 1 0 1 0 1 1 1 1 1 0 0 1 0]
At  3301/30000: COST 0.039/3.267(0.030) -- Acc 0.990/0.520(0.992)
[1 1 1 1 0 1 0 1 0 0 1 1 1 1 1 1 1 1 1 1 1 0 1 1 1 0 1 1 1 1 0 0 0 0 0 1 1
 1 1 1 0 1 1 0 1 1 1 1 1 1 1 0 0 1 1 0 1 0 1 0 0 1 0 0 1 1 0 0 0 1 1 0 1 1
 1 0 0 0 0 0 0 1 1 1 1 0 1 1 0 0 1 1 0 1 1 0 1 1 1 1]
At  3401/30000: COST 0.037/3.084(0.039) -- Acc 0.990/0.510(0.989)
[0 1 0 1 0 1 1 1 1 0 1 1 0 1 1 0 1 0 1 0 1 0 0 1 0 1 1 1 0 0 1 0 0 0 1 1 1
 1 0 0 1 1 0 0 1 0 1 0 1 1 1 1 1 1 1 1 0 1 1 0 1 0 0 0 1 0 1 0 0 0 0 0 1 1
 1 0 0 0 1 0 1 1 1 1 1 0 0 1 1 1 1 0 1 1 0 0 1 1 1 0]
At  3501/30000: COST 0.002/3.569(0.030) -- Acc 1.000/0.520(0.991)
[1 0 1 0 1 0 1 0 1 1 1 0 1 1 0 1 1 1 1 1 0 0 1 0 0 1 0 1 0 1 1 0 1 1 1 1 0
 1 1 1 1 1 0 1 1 1 0 1 1 0 1 0 1 0 1 0 1 1 0 0 1 1 0 0 1 1 0 1 1 1 0 0 1 0
 1 0 1 0 0 1 1 1 1 0 1 1 0 0 0 1 0 0 1 0 1 1 1 0 1 1]
At  3601/30000: COST 0.010/3.213(0.034) -- Acc 1.000/0.560(0.989)
[0 1 0 1 0 0 1 0 1 0 1 1 1 1 0 0 1 1 1 0 0 0 1 1 0 1 1 0 1 1 1 1 0 0 1 1 1
 0 1 0 1 1 1 0 1 1 0 1 0 0 1 1 1 1 1 0 1 1 1 0 0 0 1 1 0 1 1 1 1 1 1 0 0 0
 1 1 1 1 0 1 1 0 1 0 1 1 1 0 0 1 0 0 0 0 1 0 0 0 1 1]
At  3701/30000: COST 0.014/3.417(0.032) -- Acc 0.990/0.540(0.990)
[1 1 1 1 1 0 1 1 0 1 0 1 1 0 1 0 0 1 0 1 1 1 0 0 1 0 1 0 1 1 1 0 0 1 1 0 1
 1 0 1 1 1 1 0 1 1 1 0 0 0 1 1 1 0 1 1 0 1 0 1 0 1 1 0 1 1 0 1 1 0 0 1 1 1
 1 0 0 0 1 0 1 1 1 0 1 0 1 1 1 0 1 1 0 1 0 0 1 0 1 1]
At  3801/30000: COST 0.011/3.725(0.024) -- Acc 1.000/0.510(0.993)
[1 0 1 0 0 1 0 1 1 1 1 1 0 1 1 0 1 1 0 0 1 0 1 0 1 1 1 0 1 0 1 1 0 1 0 1 1
 1 1 1 0 0 0 1 0 1 1 1 1 1 1 0 1 1 1 0 1 1 0 1 0 0 0 1 1 0 1 0 1 1 1 0 0 0
 1 1 0 0 0 0 1 1 1 1 1 1 0 0 0 0 1 1 0 0 1 1 1 1 1 1]
At  3901/30000: COST 0.012/3.426(0.024) -- Acc 0.990/0.520(0.993)
[0 1 1 0 0 1 1 0 1 0 0 1 0 1 1 1 0 1 1 1 0 1 0 0 1 1 1 1 1 1 0 1 1 1 1 0 1
 1 1 1 1 1 0 1 1 1 1 0 1 1 1 0 0 0 1 1 0 1 1 1 0 0 1 0 1 0 1 1 1 0 0 0 0 0
 1 1 0 1 1 0 0 0 0 0 0 1 0 0 0 1 0 0 1 0 1 1 1 0 0 1]
At  4001/30000: COST 0.042/3.194(0.039) -- Acc 0.990/0.500(0.989)
[0 0 1 1 1 1 1 1 0 1 1 0 1 0 1 0 1 0 0 1 1 1 1 0 0 1 1 0 1 0 1 0 0 0 1 1 0
 1 1 1 0 1 1 0 1 1 1 0 0 1 1 0 1 1 0 1 0 0 0 1 1 0 1 1 1 1 0 0 0 0 0 0 0 1
 1 1 1 0 1 0 1 1 1 1 1 0 1 1 0 1 1 0 1 0 1 1 1 0 0 1]
At  4101/30000: COST 0.050/3.014(0.045) -- Acc 0.990/0.540(0.986)
[0 0 1 1 0 0 1 1 1 1 0 1 1 0 0 0 1 1 1 1 0 0 0 1 1 1 0 1 1 0 1 1 1 0 0 0 0
 1 1 1 1 0 1 0 1 1 0 1 1 1 1 1 1 1 1 1 1 1 1 1 1 0 1 1 1 0 1 0 0 1 1 0 1 1
 0 0 1 1 1 0 1 1 0 1 1 0 0 0 1 0 0 0 1 1 1 1 1 0 0 1]
At  4201/30000: COST 0.002/2.922(0.032) -- Acc 1.000/0.540(0.991)
[1 0 1 1 1 0 1 1 1 0 1 1 1 1 1 1 1 0 1 1 0 1 1 0 1 0 0 1 0 1 1 1 1 1 1 1 0
 0 0 1 1 1 0 0 0 1 1 1 1 1 0 0 0 1 1 1 1 0 1 1 1 1 0 0 1 1 1 1 1 1 0 0 0 1
 1 1 1 0 1 1 1 0 0 1 0 1 1 0 0 0 1 1 0 0 0 1 0 1 1 0]
At  4301/30000: COST 0.017/3.638(0.023) -- Acc 0.990/0.510(0.993)
[1 1 1 1 1 1 1 0 0 1 1 1 1 1 1 0 0 1 0 1 1 0 1 1 1 1 0 1 1 0 0 1 0 0 1 1 0
 1 0 1 1 1 1 1 1 1 0 0 1 1 1 0 1 1 1 0 1 1 1 0 1 0 1 0 1 0 0 0 1 1 1 1 1 0
 0 1 0 0 0 0 1 1 0 0 0 1 1 1 1 1 0 1 1 0 1 1 1 0 1 1]
At  4401/30000: COST 0.080/3.374(0.027) -- Acc 0.990/0.520(0.993)
[0 1 0 0 1 0 0 0 1 0 1 1 0 1 1 1 0 1 1 0 0 1 1 1 1 1 0 1 1 0 1 0 1 1 0 1 1
 1 1 0 0 1 0 0 1 0 1 1 1 1 0 1 1 1 1 1 0 0 1 1 1 1 1 0 1 0 1 1 1 1 1 1 0 1
 0 0 0 0 1 0 1 1 0 1 1 0 0 0 1 1 1 0 1 0 1 1 0 0 1 1]
At  4501/30000: COST 0.023/3.008(0.034) -- Acc 0.990/0.560(0.990)
[1 1 1 1 1 0 1 1 1 0 1 1 0 0 1 1 1 0 1 0 1 0 1 0 1 0 1 0 1 1 0 0 1 1 1 0 0
 0 1 1 1 0 1 0 1 0 1 1 1 1 1 0 0 1 1 0 1 0 1 1 0 1 0 1 0 1 0 0 0 0 1 1 1 1
 1 1 1 1 0 1 1 0 1 0 0 0 1 0 1 0 0 1 0 1 0 1 1 1 1 0]
At  4601/30000: COST 0.014/2.950(0.030) -- Acc 0.990/0.550(0.991)
[0 1 1 1 1 1 1 1 1 0 1 1 0 1 0 0 1 1 0 1 1 0 1 0 1 1 1 1 1 1 0 0 1 1 1 0 0
 1 1 1 1 0 1 1 0 1 0 1 0 1 0 1 1 0 0 0 1 1 0 0 1 1 1 1 0 1 0 0 0 0 1 0 1 1
 0 1 0 1 1 1 1 1 1 0 0 1 0 0 0 0 0 0 1 1 1 1 1 1 1 1]
At  4701/30000: COST 0.029/3.039(0.023) -- Acc 0.990/0.550(0.993)
[0 0 0 1 1 1 1 1 0 1 1 0 1 1 1 0 1 1 0 0 1 0 0 0 0 0 1 1 0 1 1 1 0 1 0 1 0
 1 0 0 1 0 1 1 1 0 0 1 1 1 0 1 0 1 1 1 1 1 1 1 0 1 1 1 0 0 1 1 1 1 1 1 1 0
 1 1 1 1 1 1 0 1 1 0 0 0 1 0 0 1 1 0 0 0 0 1 1 1 0 0]
At  4801/30000: COST 0.003/3.336(0.017) -- Acc 1.000/0.530(0.995)
[1 1 1 1 1 0 1 1 0 1 1 1 0 1 0 0 0 1 1 1 1 1 0 0 1 0 1 0 0 0 1 1 1 1 1 1 0
 1 1 0 1 1 0 1 1 0 0 0 0 0 1 0 0 1 1 1 0 1 0 1 1 0 0 0 1 0 1 1 1 0 1 1 0 0
 1 1 0 1 0 1 1 0 1 0 0 1 1 0 0 0 0 0 1 0 0 0 1 1 0 1]
At  4901/30000: COST 0.005/3.430(0.019) -- Acc 1.000/0.520(0.994)
[1 0 0 1 0 0 1 1 1 0 1 1 1 0 0 0 1 1 0 1 1 1 1 1 1 1 0 0 0 0 1 1 0 1 1 1 1
 1 1 1 1 0 1 1 0 1 0 1 1 0 1 0 0 1 1 1 1 1 1 0 0 0 0 0 0 0 1 1 1 0 0 1 0 0
 1 1 0 1 1 1 0 1 1 0 1 1 1 1 1 0 0 0 0 1 0 1 1 1 1 1]
At  5001/30000: COST 0.006/3.565(0.036) -- Acc 1.000/0.480(0.990)
[1 0 0 1 0 1 1 1 1 1 1 0 1 1 1 1 1 1 1 0 0 1 0 1 0 1 0 1 0 1 1 0 0 1 1 1 1
 0 1 1 0 1 0 1 1 1 0 0 1 1 0 1 1 0 0 0 1 0 1 1 1 0 1 1 0 0 0 1 0 0 1 0 1 0
 0 1 1 0 1 0 0 1 1 1 1 0 1 0 0 1 1 0 0 0 1 1 1 1 1 0]
At  5101/30000: COST 0.025/3.263(0.029) -- Acc 0.990/0.520(0.991)
[1 1 0 1 1 1 1 1 0 0 1 0 1 1 1 0 1 1 1 1 0 0 1 1 1 1 1 1 0 0 1 0 1 1 0 0 1
 1 0 1 0 1 1 0 1 0 1 0 1 1 1 0 1 1 1 1 1 1 1 1 0 1 1 0 0 1 1 1 1 1 1 1 1 1
 0 1 0 0 0 1 1 1 0 1 0 1 0 0 0 1 1 1 0 0 1 0 0 0 0 1]
At  5201/30000: COST 0.084/3.415(0.028) -- Acc 0.970/0.470(0.992)
[0 1 1 0 1 1 1 1 1 1 0 1 0 0 1 0 1 0 0 0 1 0 0 1 0 1 0 0 1 0 1 0 0 1 1 1 1
 1 1 1 0 1 1 1 1 1 1 0 0 0 1 1 0 1 0 1 0 1 0 0 1 1 1 1 0 1 1 1 0 0 1 1 1 1
 1 0 0 1 1 0 0 1 1 0 1 0 1 1 0 1 0 0 0 0 1 1 1 0 0 0]
At  5301/30000: COST 0.054/2.992(0.053) -- Acc 0.980/0.440(0.986)
[1 0 0 0 0 1 1 1 0 1 1 1 1 1 0 0 0 0 1 1 0 1 0 0 1 0 1 0 1 1 0 1 1 1 1 0 1
 0 0 1 1 1 1 0 1 1 1 1 1 0 1 1 1 1 0 0 1 0 1 0 1 0 1 0 0 0 1 0 0 1 1 1 0 1
 1 1 1 0 0 1 1 1 1 0 0 1 1 1 0 0 1 1 1 0 0 1 1 1 0 0]
At  5401/30000: COST 0.015/2.603(0.055) -- Acc 1.000/0.480(0.985)
[1 1 1 1 1 0 1 1 1 1 0 1 0 1 0 1 1 0 1 1 0 0 1 1 1 0 1 1 1 1 1 1 0 1 0 0 1
 1 0 1 1 0 0 0 1 0 0 0 1 0 1 1 1 1 0 1 0 1 1 1 1 1 0 1 0 0 1 1 0 0 0 0 0 1
 0 0 0 0 0 0 1 1 0 0 1 1 1 0 0 0 0 1 1 1 1 1 0 1 0 0]
At  5501/30000: COST 0.004/2.816(0.039) -- Acc 1.000/0.450(0.989)
[1 1 1 0 1 1 0 0 1 1 1 0 1 1 1 1 0 0 1 1 1 0 1 1 0 1 0 0 1 0 1 1 1 1 0 1 0
 0 1 0 1 1 0 0 1 0 0 1 0 0 0 1 1 1 0 1 0 1 1 1 1 0 1 1 1 0 1 1 1 1 0 0 1 1
 0 1 0 1 1 1 1 0 1 0 1 1 1 1 1 0 1 0 1 1 1 1 1 1 1 0]
At  5601/30000: COST 0.006/3.068(0.036) -- Acc 1.000/0.480(0.989)
[0 1 0 1 0 1 1 1 1 0 0 1 0 0 0 0 1 1 1 1 1 0 0 0 0 1 1 1 1 1 0 1 0 1 0 0 1
 1 1 1 1 0 1 0 0 1 1 0 1 0 0 1 1 1 1 1 0 1 1 1 1 1 1 1 0 1 0 1 1 1 0 1 0 0
 1 1 1 0 1 1 0 0 1 0 1 1 1 1 1 1 1 1 0 0 0 1 1 1 0 0]
At  5701/30000: COST 0.055/3.005(0.037) -- Acc 0.990/0.470(0.990)
[1 0 1 0 0 1 1 0 0 1 1 1 1 0 0 0 0 0 0 1 1 1 0 0 1 1 1 1 0 0 1 1 0 1 0 0 0
 1 1 1 1 0 1 1 1 1 1 1 1 1 1 1 0 1 0 1 1 1 1 0 0 0 1 1 0 0 1 0 0 1 1 0 1 1
 0 1 1 0 1 0 1 1 0 1 1 1 0 1 1 1 1 1 1 1 1 1 1 1 1 1]
At  5801/30000: COST 0.007/3.101(0.041) -- Acc 1.000/0.460(0.988)
[1 1 1 0 1 1 1 1 0 1 0 0 1 1 1 1 0 1 1 0 0 0 1 1 1 1 0 0 1 0 0 0 0 0 0 0 1
 1 1 0 1 1 1 1 1 0 0 1 0 1 0 0 1 1 0 1 0 0 1 1 1 1 1 0 0 1 0 1 1 1 1 1 0 0
 0 1 1 1 0 1 0 1 0 1 0 0 1 1 1 1 0 1 1 0 0 1 0 1 1 0]
At  5901/30000: COST 0.005/2.805(0.029) -- Acc 1.000/0.470(0.991)
[1 0 0 1 1 1 0 0 0 0 1 0 1 0 1 1 0 0 1 0 0 1 0 0 0 1 1 0 0 0 1 1 1 1 1 1 0
 0 0 1 1 1 0 0 1 1 1 1 1 1 1 0 1 0 1 1 0 1 1 1 1 1 1 1 1 1 1 0 0 1 0 1 1 1
 1 1 1 1 0 0 1 1 1 1 1 1 0 0 0 0 0 1 0 1 1 1 1 0 0 1]
At  6001/30000: COST 0.013/3.438(0.020) -- Acc 0.990/0.480(0.995)
[0 1 1 0 0 0 0 1 0 1 0 1 1 1 1 0 0 1 1 1 0 1 1 1 0 1 1 1 0 1 1 0 0 1 1 1 0
 0 1 0 0 1 0 1 0 1 0 1 1 1 0 1 1 1 1 1 1 0 0 0 1 1 0 1 1 1 1 0 1 0 0 0 0 1
 1 0 1 1 1 1 1 0 0 1 1 1 0 0 0 0 1 1 0 0 0 1 0 1 1 1]
At  6101/30000: COST 0.016/3.434(0.025) -- Acc 0.990/0.490(0.993)
[1 1 0 0 0 1 1 0 1 1 1 1 0 1 0 0 0 1 1 1 0 0 1 0 1 1 1 0 1 0 0 1 1 1 0 0 1
 1 0 1 0 1 1 1 0 0 1 1 1 1 1 1 0 1 1 1 0 0 0 1 0 0 0 0 0 0 1 1 0 0 1 1 0 1
 1 1 0 0 0 0 1 0 0 1 0 0 1 1 1 0 0 1 0 1 1 1 1 1 0 1]
At  6201/30000: COST 0.011/3.562(0.024) -- Acc 0.990/0.480(0.993)
[0 1 0 1 1 0 1 0 1 1 1 1 1 1 0 1 1 1 0 0 1 1 0 0 0 1 1 0 0 0 1 1 1 1 1 0 1
 1 0 0 1 0 0 0 1 1 1 0 1 0 1 0 1 0 1 0 0 1 1 0 1 1 1 1 0 0 1 1 1 0 0 0 1 1
 0 1 0 0 1 0 1 0 1 1 1 1 0 0 0 1 1 0 1 1 0 0 1 0 0 1]
At  6301/30000: COST 0.006/4.011(0.017) -- Acc 1.000/0.450(0.995)
[1 0 0 1 0 1 0 1 0 0 1 1 1 0 1 1 1 0 0 1 1 1 1 0 0 0 1 1 0 1 0 1 1 1 1 0 0
 1 0 0 1 1 1 0 0 1 1 1 1 0 1 0 0 1 0 1 1 0 0 1 0 1 0 0 1 1 1 1 0 1 0 1 0 0
 1 1 1 0 1 0 0 1 0 1 1 0 0 1 1 0 1 1 1 1 0 0 1 1 1 0]
At  6401/30000: COST 0.107/4.104(0.019) -- Acc 0.980/0.460(0.994)
[0 1 1 0 0 0 1 0 1 1 1 1 0 1 0 1 1 0 0 1 0 0 1 1 1 0 1 1 0 1 1 0 0 1 0 1 1
 1 1 0 1 0 1 0 1 1 1 1 1 1 0 0 1 1 0 1 1 1 1 1 1 0 0 1 1 0 0 0 1 1 0 1 1 0
 1 1 1 0 0 1 1 0 0 1 1 0 0 1 1 0 0 1 0 1 0 1 1 0 1 1]
At  6501/30000: COST 0.053/3.164(0.038) -- Acc 0.980/0.510(0.989)
[0 1 0 1 0 0 0 0 1 1 0 1 0 1 0 1 0 0 1 0 0 0 0 1 0 1 1 1 1 0 1 0 1 1 0 1 0
 1 0 1 1 1 1 1 0 0 1 1 1 1 1 0 1 1 0 1 1 0 1 1 0 0 1 1 0 1 1 0 0 1 1 1 1 0
 0 0 1 1 1 1 1 1 0 1 1 1 0 0 1 1 1 1 1 0 0 0 0 0 1 0]
At  6601/30000: COST 0.104/3.070(0.036) -- Acc 0.980/0.560(0.989)
[0 0 1 1 1 0 0 0 0 0 1 1 1 0 1 1 1 1 1 1 1 0 1 0 1 0 0 1 0 0 0 0 0 1 1 0 1
 0 0 1 1 1 1 1 0 1 0 0 1 1 1 1 1 0 1 1 1 0 0 0 0 1 0 1 1 1 0 0 1 1 1 0 1 0
 0 1 0 0 1 1 1 1 1 0 1 1 0 1 1 1 0 1 0 0 0 1 1 0 1 0]
At  6701/30000: COST 0.004/3.086(0.031) -- Acc 1.000/0.510(0.991)
[0 1 1 1 1 0 1 0 1 0 1 0 1 1 1 1 1 1 1 0 0 0 1 1 0 1 0 0 0 0 1 0 0 1 1 1 1
 0 1 1 1 0 1 1 1 1 1 1 0 1 0 1 0 1 1 0 1 0 1 0 1 1 1 1 0 1 1 1 1 0 1 1 0 0
 1 1 1 1 1 1 0 0 0 1 1 1 0 0 0 0 0 1 0 1 0 1 0 1 1 1]
At  6801/30000: COST 0.012/3.335(0.023) -- Acc 1.000/0.470(0.993)
[1 0 1 1 1 1 1 0 1 1 0 1 1 1 1 0 1 1 0 1 1 1 0 0 0 1 1 1 0 1 1 1 0 1 1 1 1
 0 0 1 1 1 0 1 1 1 1 1 0 1 1 0 1 0 0 1 1 0 1 1 0 0 1 0 1 1 1 0 1 1 0 1 0 1
 0 1 1 1 1 1 1 0 1 1 0 0 0 0 1 0 1 1 0 0 1 1 1 0 1 0]
At  6901/30000: COST 0.038/2.936(0.034) -- Acc 0.980/0.540(0.990)
[1 1 0 1 1 1 1 1 1 1 1 0 1 1 1 1 0 1 1 0 0 1 1 0 0 0 1 1 0 1 1 1 0 0 1 0 1
 0 1 0 1 1 0 1 0 1 0 0 1 1 1 0 0 1 1 1 1 1 0 1 0 0 1 0 1 1 0 0 1 0 1 1 1 1
 1 1 1 0 1 1 0 0 0 0 0 1 1 1 0 1 0 1 0 1 1 0 1 1 0 1]
At  7001/30000: COST 0.003/2.991(0.026) -- Acc 1.000/0.570(0.992)
[1 1 1 0 1 1 0 1 1 1 1 1 1 1 1 1 0 0 0 0 0 1 0 0 0 0 0 0 1 1 1 1 0 1 1 1 0
 0 1 1 1 0 0 1 1 1 0 0 0 1 0 1 1 1 1 0 1 0 1 0 0 0 0 1 1 1 0 1 1 0 0 1 1 1
 0 0 1 1 0 1 0 1 1 1 1 1 1 0 1 1 1 1 1 1 1 1 1 1 0 1]
At  7101/30000: COST 0.006/2.918(0.023) -- Acc 1.000/0.580(0.993)
[1 1 0 0 1 0 1 0 1 1 1 1 1 0 1 1 0 1 0 1 1 1 1 1 0 0 0 0 1 1 0 1 1 0 0 0 0
 1 0 1 0 1 1 1 0 1 0 1 1 0 1 1 0 1 1 1 0 1 1 0 1 1 0 1 1 0 1 0 1 0 1 1 0 1
 0 1 1 1 1 0 0 0 0 1 1 1 1 0 0 1 1 1 1 1 0 1 1 1 1 1]
At  7201/30000: COST 0.009/3.558(0.021) -- Acc 1.000/0.540(0.994)
[0 1 1 0 0 0 1 1 1 1 0 1 1 1 1 1 1 0 0 1 0 1 1 1 1 1 1 0 1 0 0 1 1 0 1 1 0
 1 1 1 1 1 0 1 0 1 1 1 0 1 0 0 1 1 1 1 1 1 1 1 1 1 0 0 0 0 1 1 1 0 1 0 1 0
 0 0 1 0 0 1 1 1 0 1 0 1 1 1 0 1 1 1 0 0 0 1 1 0 1 1]
At  7301/30000: COST 0.017/3.041(0.033) -- Acc 0.990/0.530(0.990)
[0 1 1 1 1 0 0 1 1 1 1 1 0 1 1 0 1 0 0 1 1 0 1 0 0 1 1 0 1 1 1 0 0 1 1 0 1
 1 1 1 0 1 1 1 1 1 1 1 0 1 1 1 1 1 1 1 1 0 0 0 1 0 1 1 0 1 1 1 1 1 0 1 1 1
 1 1 1 0 0 0 0 1 1 1 1 0 0 0 1 0 1 0 1 0 1 1 1 1 1 1]
At  7401/30000: COST 0.126/3.156(0.043) -- Acc 0.980/0.510(0.988)
[0 1 1 1 1 0 0 1 0 1 1 1 1 1 0 1 1 1 1 1 1 1 0 0 0 0 1 1 0 0 1 1 1 1 0 0 0
 0 1 0 1 1 0 1 1 0 1 1 0 0 1 1 0 1 1 1 0 1 1 1 1 1 1 0 0 1 0 1 0 0 1 1 1 1
 1 0 1 1 0 1 0 1 0 1 1 1 1 1 1 0 1 1 0 1 0 1 1 0 0 1]
At  7501/30000: COST 0.015/2.832(0.046) -- Acc 0.990/0.570(0.986)
[1 1 0 1 1 1 1 0 1 1 0 0 1 0 0 0 1 1 1 0 1 1 1 1 0 0 0 1 1 1 1 1 0 0 0 1 1
 1 0 0 0 0 1 1 1 1 0 0 1 0 1 1 1 1 0 0 1 1 1 1 1 0 0 0 1 1 1 1 1 1 1 1 1 1
 1 0 0 0 1 1 1 0 0 0 1 0 1 0 1 0 0 1 1 1 1 0 1 1 1 0]
At  7601/30000: COST 0.021/3.226(0.031) -- Acc 0.990/0.550(0.991)
[1 1 1 1 1 1 1 0 1 1 0 1 1 1 1 0 1 1 1 1 1 1 0 1 1 0 1 1 0 1 1 1 0 1 0 0 1
 1 1 1 1 1 1 0 1 1 1 1 1 0 1 0 0 0 1 0 0 0 0 1 0 0 1 1 0 0 0 1 0 0 0 0 1 0
 0 1 0 1 1 1 0 0 0 1 1 0 1 1 0 0 0 1 1 0 0 1 1 1 1 0]
At  7701/30000: COST 0.059/2.943(0.038) -- Acc 0.970/0.490(0.990)
[1 0 1 1 0 1 0 1 1 1 1 1 1 1 1 0 1 1 0 1 1 1 1 1 1 1 0 1 0 1 0 0 1 0 0 1 1
 1 1 0 1 1 1 1 1 0 0 1 0 1 0 0 1 0 0 0 1 1 0 1 0 1 1 1 0 0 1 0 0 0 0 0 1 1
 1 1 0 1 1 1 0 1 1 1 1 1 1 1 1 1 1 1 0 0 1 0 0 1 0 1]
At  7801/30000: COST 0.005/2.923(0.030) -- Acc 1.000/0.530(0.991)
[1 1 1 0 0 1 1 1 1 1 1 1 1 0 1 1 1 0 1 1 1 0 1 1 0 1 0 0 1 1 1 0 1 1 1 1 0
 0 1 1 1 0 1 1 1 1 1 1 1 1 0 0 1 1 0 1 1 1 1 1 0 0 1 1 1 0 1 0 1 1 1 1 0 0
 1 0 1 1 1 1 1 1 0 0 0 0 1 0 1 1 1 0 1 1 1 0 1 1 1 0]
At  7901/30000: COST 0.059/3.226(0.036) -- Acc 0.980/0.510(0.989)
[1 1 1 1 0 1 1 1 0 0 0 1 1 1 0 0 1 1 1 0 1 1 0 1 1 0 1 1 1 1 1 0 0 1 1 0 1
 1 1 0 1 1 0 0 0 1 0 1 1 1 0 1 1 1 1 1 1 0 0 0 0 1 1 1 0 1 1 1 1 1 1 0 1 0
 1 1 1 1 1 1 0 0 1 1 1 1 1 0 1 1 1 1 1 1 1 0 1 1 1 0]
At  8001/30000: COST 0.004/3.461(0.030) -- Acc 1.000/0.470(0.991)
[1 0 1 0 1 1 1 1 1 1 1 1 1 0 1 0 0 1 1 1 0 1 1 1 1 0 0 1 1 1 1 0 1 1 0 0 1
 0 1 0 0 0 0 1 1 1 0 0 1 1 0 1 1 0 1 1 1 1 1 1 1 1 1 1 0 1 0 0 0 0 1 1 1 0
 1 1 1 1 1 1 0 1 1 1 1 1 1 0 1 0 1 1 0 1 1 1 1 0 1 0]
At  8101/30000: COST 0.028/3.059(0.035) -- Acc 0.980/0.570(0.990)
[1 1 0 1 0 1 0 1 0 0 1 1 0 1 0 1 0 1 1 0 1 1 1 1 1 1 1 1 1 1 0 1 1 1 1 1 0
 0 1 1 1 0 1 1 1 1 0 0 0 1 1 1 0 0 1 0 0 0 0 0 0 0 0 0 1 0 1 0 1 0 1 1 1 0
 1 0 1 1 1 1 1 1 1 0 1 0 1 1 0 1 0 1 0 1 1 0 1 1 0 1]
At  8201/30000: COST 0.010/3.052(0.030) -- Acc 1.000/0.560(0.991)
[0 1 1 0 1 0 1 0 1 1 1 0 0 1 1 0 1 0 1 0 0 0 1 1 0 1 1 1 1 1 0 1 1 1 1 0 1
 0 0 0 1 0 1 0 1 1 0 1 0 0 1 0 0 1 1 0 0 1 0 1 1 1 1 1 0 0 1 0 0 1 1 1 1 1
 1 1 1 0 1 1 1 1 1 0 1 1 1 0 1 1 1 1 0 0 1 1 1 1 1 0]
At  8301/30000: COST 0.008/3.499(0.024) -- Acc 1.000/0.480(0.993)
[1 1 1 1 1 0 1 0 0 1 1 1 0 1 0 1 1 0 1 1 0 1 0 1 0 1 0 0 1 1 1 1 0 0 1 0 1
 1 0 1 0 1 0 1 1 1 1 0 1 1 1 0 1 1 1 1 1 1 1 0 0 1 1 0 1 0 0 1 1 0 1 0 1 0
 1 1 0 1 0 1 0 1 1 0 1 1 1 1 1 0 1 1 0 1 0 0 1 1 1 0]
At  8401/30000: COST 0.031/3.501(0.024) -- Acc 0.980/0.510(0.993)
[1 1 1 1 1 0 1 1 0 1 1 1 1 0 0 1 1 1 0 0 0 1 0 1 0 1 1 0 1 1 0 1 1 1 1 0 1
 1 1 1 0 0 1 1 1 0 0 1 0 0 0 1 0 1 1 1 1 0 0 0 0 1 0 1 1 1 1 0 0 1 1 1 0 1
 0 1 1 1 1 1 1 0 1 0 1 1 1 0 0 1 0 0 1 1 1 1 0 0 0 0]
At  8501/30000: COST 0.031/3.053(0.051) -- Acc 0.980/0.520(0.983)
[1 0 1 0 1 0 1 1 0 0 0 0 1 1 0 1 1 0 1 0 0 1 1 0 1 0 1 0 1 1 0 1 1 1 0 1 0
 1 1 1 0 0 0 0 1 0 1 1 1 1 1 0 0 1 0 0 1 1 1 1 0 1 1 1 1 1 0 0 1 0 0 1 1 0
 0 1 1 1 0 1 1 0 1 0 1 1 1 1 1 1 0 1 1 0 1 1 0 1 0 1]
At  8601/30000: COST 0.154/2.593(0.059) -- Acc 0.960/0.510(0.982)
[1 0 1 1 0 1 1 0 1 0 0 1 1 1 1 1 1 1 0 1 1 1 1 0 1 1 1 1 1 1 0 1 0 1 1 0 1
 1 1 0 0 1 0 1 1 1 1 1 1 1 1 1 0 1 1 0 0 0 1 1 0 0 0 1 1 0 1 1 0 1 0 0 0 0
 0 0 1 1 1 0 0 1 0 0 1 0 1 0 1 0 0 1 1 1 1 1 1 1 1 0]
At  8701/30000: COST 0.012/2.466(0.046) -- Acc 1.000/0.580(0.986)
[0 0 0 0 0 1 1 0 0 0 1 1 1 1 0 0 1 1 1 0 1 1 0 1 0 1 1 1 0 0 1 1 1 1 1 1 0
 1 1 1 1 0 0 0 0 0 0 1 1 1 0 1 1 1 1 1 1 1 0 1 0 1 1 0 0 0 1 0 1 0 1 0 1 1
 0 1 1 1 1 1 1 1 0 1 1 0 0 1 0 0 0 1 0 0 1 0 0 0 1 1]
At  8801/30000: COST 0.011/2.783(0.037) -- Acc 1.000/0.600(0.989)
[0 0 1 0 1 0 1 1 0 1 0 1 0 1 1 1 1 0 0 0 1 0 0 1 0 1 1 1 0 0 0 0 1 1 1 0 0
 1 0 0 1 1 1 0 0 0 0 1 1 1 1 0 1 1 0 1 1 1 1 1 1 1 1 1 1 0 1 1 0 0 0 1 0 1
 1 0 1 0 0 1 1 0 1 1 0 1 0 1 1 0 0 1 0 0 1 1 1 1 0 1]
At  8901/30000: COST 0.026/3.092(0.038) -- Acc 0.990/0.560(0.989)
[0 0 1 0 0 0 1 0 0 0 1 1 0 0 1 0 0 1 1 1 0 1 0 0 0 1 0 1 1 1 0 1 1 1 1 1 0
 0 1 1 1 1 1 1 1 1 1 0 0 0 0 1 0 0 1 1 1 1 1 1 1 0 0 0 1 0 1 0 0 0 1 0 1 0
 0 0 1 1 0 0 1 0 0 1 1 1 0 1 0 1 1 1 1 0 0 1 0 0 0 0]
At  9001/30000: COST 0.037/3.499(0.041) -- Acc 0.990/0.440(0.989)
[1 0 1 1 0 0 1 1 0 1 0 0 1 0 1 1 0 0 0 1 0 1 0 0 1 0 0 0 1 0 0 1 1 0 0 1 0
 1 1 1 1 1 1 1 0 0 0 0 1 1 0 1 0 1 1 1 0 0 0 0 1 1 1 0 1 1 1 1 1 0 0 1 1 1
 1 1 1 0 1 1 1 1 0 0 1 1 0 1 1 1 0 1 0 0 0 0 1 1 0 1]
At  9101/30000: COST 0.032/2.936(0.034) -- Acc 0.990/0.510(0.990)
[1 0 1 1 0 1 1 1 1 1 0 0 0 0 1 1 1 0 1 0 0 1 0 1 0 0 1 1 1 1 1 1 1 0 1 0 0
 1 0 1 0 1 1 1 0 0 0 1 1 0 0 1 0 1 1 1 0 1 1 0 0 0 1 0 1 1 0 1 0 1 0 1 1 1
 0 1 0 1 1 0 0 1 1 1 1 1 0 0 0 1 1 1 1 0 0 1 1 0 1 1]
At  9201/30000: COST 0.008/3.126(0.034) -- Acc 1.000/0.520(0.990)
[1 1 0 0 1 1 1 1 0 1 1 1 1 0 1 1 0 1 0 1 1 0 0 0 1 1 1 1 1 0 1 1 1 1 0 1 1
 0 0 0 1 1 1 0 1 1 1 0 0 1 0 1 0 1 1 0 1 1 1 1 0 0 0 1 0 1 0 1 1 1 0 0 1 1
 1 0 1 1 0 1 0 1 1 1 0 0 0 0 1 1 0 1 0 0 1 1 1 0 0 0]
At  9301/30000: COST 0.011/2.955(0.049) -- Acc 1.000/0.470(0.988)
[0 0 1 0 0 0 0 0 1 0 0 1 1 0 0 0 0 1 0 0 1 1 1 1 0 0 1 0 0 1 1 1 0 1 0 0 1
 0 1 1 1 1 0 0 1 0 1 0 1 1 0 0 1 1 1 1 1 0 1 1 0 1 0 1 1 1 1 1 1 1 1 1 1 1
 1 1 0 1 0 1 0 0 1 1 1 0 1 0 1 1 0 1 0 1 0 1 1 0 0 0]
At  9401/30000: COST 0.023/3.419(0.033) -- Acc 0.980/0.490(0.991)
[1 1 1 0 1 1 1 1 0 0 0 1 1 1 1 0 1 0 1 1 0 1 0 0 1 0 1 1 0 1 1 1 1 1 0 1 1
 1 1 0 1 1 0 1 0 0 1 1 0 1 0 1 1 1 1 1 1 0 1 0 1 1 1 0 1 0 0 0 1 0 0 0 0 1
 0 1 0 1 0 1 1 0 1 0 0 0 0 1 0 0 1 1 1 1 1 1 1 1 1 1]
At  9501/30000: COST 0.003/3.626(0.024) -- Acc 1.000/0.490(0.993)
[0 0 1 0 1 1 1 1 1 1 0 1 0 0 1 0 0 1 0 1 0 0 1 0 1 0 1 0 0 0 1 1 1 0 0 0 0
 1 1 0 1 1 0 0 0 0 1 1 0 0 1 0 1 1 1 0 1 1 1 0 0 1 1 1 1 0 0 1 1 0 0 1 1 1
 1 0 1 1 1 1 1 0 1 1 1 1 1 1 1 1 0 1 0 0 1 1 0 0 0 0]
At  9601/30000: COST 0.003/4.001(0.018) -- Acc 1.000/0.470(0.995)
[0 1 1 1 1 1 1 1 1 1 0 1 1 0 0 1 0 0 0 1 1 0 1 0 1 1 0 1 0 1 0 1 0 1 1 1 0
 1 0 1 0 1 0 1 1 1 1 1 0 1 1 0 1 0 0 1 0 0 1 1 1 1 1 0 0 0 0 1 1 1 1 1 1 0
 1 1 1 1 0 0 1 0 1 1 0 0 1 1 1 1 0 1 1 1 1 0 1 1 0 1]
At  9701/30000: COST 0.002/3.564(0.016) -- Acc 1.000/0.570(0.996)
[0 1 1 0 1 1 1 1 1 0 1 0 1 0 1 0 0 1 1 1 0 1 1 0 1 0 1 0 1 1 1 1 1 0 0 1 1
 0 0 0 0 1 0 1 1 1 0 1 1 1 1 0 1 1 1 1 1 0 0 1 1 1 1 0 1 1 1 0 0 1 1 1 0 0
 1 1 1 1 1 1 0 1 0 0 1 1 0 0 1 1 0 1 0 0 1 1 1 1 1 1]
At  9801/30000: COST 0.007/4.019(0.016) -- Acc 1.000/0.500(0.995)
[0 1 0 1 1 0 1 0 0 0 1 1 0 1 1 1 1 1 1 1 1 1 1 1 1 0 1 0 0 1 1 0 0 1 1 1 1
 0 1 1 0 0 1 1 0 1 0 0 1 0 1 0 0 1 0 1 1 1 0 0 0 0 1 1 1 1 1 1 1 1 0 0 0 1
 1 0 1 1 1 1 1 1 1 1 0 1 1 0 0 0 1 1 1 0 0 1 0 0 1 1]
At  9901/30000: COST 0.098/4.171(0.022) -- Acc 0.980/0.470(0.993)
[1 1 1 1 0 0 1 1 1 0 0 1 1 0 0 1 1 1 0 1 1 1 1 1 0 1 1 0 1 0 1 1 0 1 0 1 0
 1 1 0 1 0 1 0 1 1 1 1 1 1 0 1 1 1 1 1 0 1 0 0 1 1 1 1 0 0 1 1 0 1 1 0 1 1
 0 1 1 1 1 1 0 0 1 1 1 0 1 1 0 1 0 1 1 0 1 0 1 0 1 1]
At 10001/30000: COST 0.096/3.174(0.037) -- Acc 0.980/0.560(0.989)
[1 0 1 0 0 1 0 1 1 1 0 0 1 1 0 1 0 0 1 1 1 1 1 1 1 0 1 1 1 1 1 1 1 0 0 0 1
 1 1 1 1 0 0 1 1 1 0 0 0 1 1 0 1 1 1 0 0 0 0 1 1 1 0 1 1 1 1 1 0 0 1 1 1 1
 0 1 1 1 1 1 0 1 0 1 1 1 0 1 1 1 0 1 1 1 1 1 0 0 1 1]
At 10101/30000: COST 0.008/2.993(0.039) -- Acc 1.000/0.520(0.989)
[0 1 0 1 0 1 0 0 1 1 0 1 1 0 1 1 1 1 1 1 1 1 1 0 0 0 1 0 0 1 1 1 0 1 1 1 1
 0 0 1 0 1 1 0 1 1 0 0 1 0 1 1 0 0 1 1 1 1 0 1 1 1 1 1 1 1 0 0 1 1 1 1 1 0
 1 0 1 1 0 0 1 1 1 0 1 1 1 0 0 1 1 1 1 1 1 0 0 1 1 1]
At 10201/30000: COST 0.004/3.296(0.028) -- Acc 1.000/0.510(0.992)
[1 1 0 0 1 1 0 1 1 1 1 1 0 1 1 0 1 0 1 1 0 0 1 1 0 1 1 1 1 0 1 0 0 0 0 1 0
 0 1 1 1 1 1 1 1 0 1 0 0 1 1 1 1 1 1 1 0 0 1 0 1 0 0 1 0 1 1 0 1 1 1 1 1 0
 0 0 1 1 1 0 1 0 1 1 1 1 0 1 1 0 1 0 1 0 0 0 1 0 1 0]
At 10301/30000: COST 0.022/3.397(0.021) -- Acc 0.990/0.520(0.994)
[1 0 1 1 0 1 0 0 0 1 0 1 1 1 0 1 0 0 1 1 0 0 1 1 0 1 0 0 1 1 1 0 0 0 0 1 1
 0 1 0 0 1 1 1 0 0 0 0 1 1 1 1 1 0 1 1 0 0 1 1 0 1 1 1 1 1 0 1 1 1 1 0 1 0
 1 0 1 1 0 1 1 1 1 0 0 0 1 1 1 1 0 1 1 0 0 1 0 1 1 1]
At 10401/30000: COST 0.008/3.773(0.016) -- Acc 1.000/0.500(0.995)
[0 1 1 1 0 0 1 0 1 1 0 1 1 1 0 1 1 1 0 1 0 1 1 1 1 1 0 0 0 0 1 0 0 1 1 0 1
 0 0 1 1 1 0 1 1 1 0 1 0 1 1 1 1 1 0 1 1 1 0 1 1 0 1 1 1 1 1 0 1 1 1 0 1 0
 1 1 0 0 1 1 0 0 1 0 1 0 0 1 0 0 0 1 0 1 0 1 0 0 0 1]
At 10501/30000: COST 0.044/3.564(0.032) -- Acc 0.980/0.520(0.991)
[1 1 1 0 0 1 1 1 1 1 0 1 1 0 0 1 0 0 0 1 1 1 1 0 1 1 0 1 0 1 0 1 0 1 1 1 1
 1 1 1 0 0 1 1 0 1 1 1 0 1 0 1 0 1 1 0 1 1 0 1 1 1 0 0 0 1 1 0 0 1 0 1 1 1
 1 0 1 1 1 1 0 1 0 0 0 0 0 0 1 0 1 1 0 0 1 1 0 1 1 1]
At 10601/30000: COST 0.030/3.299(0.047) -- Acc 0.980/0.500(0.985)
[0 1 0 0 1 0 0 0 1 0 0 1 1 0 1 1 0 1 1 1 1 1 1 0 0 0 1 0 1 1 1 1 0 1 1 1 0
 1 1 1 0 0 1 1 1 1 1 1 1 0 0 1 1 0 1 0 1 0 1 1 0 1 0 1 1 0 0 0 1 1 1 1 1 0
 0 0 0 1 1 1 0 1 1 1 1 0 1 1 1 0 1 1 1 1 0 0 1 1 1 1]
At 10701/30000: COST 0.093/2.633(0.068) -- Acc 0.980/0.480(0.980)
[1 1 1 1 1 1 1 0 1 1 0 0 1 1 0 0 0 1 1 0 0 1 0 1 1 0 1 1 1 1 1 1 1 0 1 0 1
 0 1 0 0 0 1 0 1 1 1 0 0 1 1 1 1 0 1 0 1 0 1 1 0 0 0 1 0 0 1 1 1 1 1 1 0 1
 0 0 1 1 1 1 1 0 0 1 1 0 0 1 0 1 1 1 0 1 1 1 1 0 1 0]
At 10801/30000: COST 0.017/3.109(0.050) -- Acc 0.990/0.470(0.985)
[1 1 0 1 0 1 0 0 0 1 1 0 1 0 0 0 1 1 1 0 0 1 1 1 0 1 0 1 1 1 0 0 1 0 0 0 1
 1 1 1 1 1 1 1 0 0 1 1 1 0 0 1 0 1 1 1 1 0 1 1 0 0 1 1 1 0 1 1 0 1 1 1 1 0
 1 1 0 0 1 1 0 1 1 0 1 1 0 0 1 1 1 1 1 0 1 1 1 1 0 0]
At 10901/30000: COST 0.019/3.160(0.050) -- Acc 1.000/0.450(0.985)
[0 1 0 0 1 1 1 0 1 0 0 1 1 1 1 1 1 1 1 1 1 0 1 0 1 1 0 0 1 0 1 1 1 1 0 0 1
 1 1 1 1 0 1 1 1 1 0 1 1 1 1 0 1 1 1 1 0 0 1 1 1 1 0 1 1 1 1 1 1 1 1 1 1 1
 0 1 0 1 1 1 1 1 0 0 1 1 0 1 1 0 1 1 1 1 1 1 1 1 0 1]
At 11001/30000: COST 0.028/2.429(0.061) -- Acc 0.990/0.510(0.982)
[1 1 1 0 1 0 1 1 0 1 1 1 1 0 1 1 0 0 1 1 0 0 0 1 0 1 0 1 1 1 1 1 1 1 0 1 1
 0 0 1 1 1 1 1 1 0 1 0 1 0 1 0 1 1 1 0 1 0 0 0 1 1 0 0 0 1 1 0 0 1 1 1 1 0
 1 1 1 1 1 1 0 1 1 1 0 0 1 1 1 1 1 0 1 0 1 1 1 1 1 0]
At 11101/30000: COST 0.089/2.978(0.042) -- Acc 0.970/0.470(0.988)
[0 0 0 1 0 1 1 1 1 1 0 0 1 1 1 1 0 0 1 1 1 1 0 0 0 1 0 0 1 0 0 0 1 1 1 1 1
 1 1 1 0 0 1 0 1 1 1 1 0 0 0 1 0 1 0 1 1 0 0 1 0 0 1 0 1 0 1 1 1 1 0 1 1 0
 1 1 1 0 1 1 0 1 1 1 0 1 1 0 1 1 1 1 1 1 1 0 1 1 0 1]
At 11201/30000: COST 0.082/2.728(0.040) -- Acc 0.980/0.530(0.988)
[1 0 1 1 1 0 1 1 0 1 1 1 1 1 1 0 1 1 0 1 1 1 1 1 0 1 0 1 1 1 0 1 1 1 1 0 0
 1 0 1 1 1 1 0 1 0 1 1 0 1 1 1 1 1 1 0 1 1 1 1 0 1 0 1 1 1 1 1 1 0 1 0 1 1
 1 0 1 0 0 1 1 1 0 0 1 0 0 1 1 0 1 1 1 1 0 1 0 0 1 1]
At 11301/30000: COST 0.008/3.144(0.029) -- Acc 1.000/0.470(0.992)
[1 1 1 0 0 1 1 0 0 0 1 1 0 1 1 1 1 0 1 0 0 1 1 1 1 0 1 1 1 1 1 1 1 1 1 1 1
 0 1 1 0 0 1 1 1 1 1 1 1 1 1 1 1 1 1 1 1 0 1 1 1 1 0 0 1 0 1 0 1 1 1 0 1 0
 1 1 0 1 1 1 0 1 1 1 0 0 0 1 0 0 0 1 1 1 1 0 1 0 1 1]
At 11401/30000: COST 0.009/3.239(0.028) -- Acc 1.000/0.490(0.992)
[1 1 1 1 0 1 1 0 1 0 0 1 1 1 1 1 1 1 1 1 1 1 0 0 1 0 0 0 0 1 0 1 1 1 1 1 1
 0 0 1 0 1 0 0 1 1 0 1 1 1 1 1 1 0 1 1 1 0 0 0 1 1 0 0 1 0 0 1 1 1 1 1 0 1
 1 1 1 0 0 1 1 1 1 1 1 1 0 1 1 0 1 1 0 1 1 0 0 1 0 1]
At 11501/30000: COST 0.030/3.357(0.036) -- Acc 0.990/0.450(0.990)
[0 1 1 1 0 1 0 1 1 0 1 1 1 1 0 1 1 0 1 1 1 0 0 0 1 1 0 1 1 1 1 1 1 0 0 1 1
 1 1 1 1 1 1 1 0 1 0 1 1 1 1 1 1 0 1 1 0 0 0 1 0 0 1 0 1 0 1 0 0 0 1 1 0 1
 0 1 1 1 1 0 0 1 1 1 0 0 1 0 1 0 1 1 0 1 0 1 1 1 1 0]
At 11601/30000: COST 0.077/2.576(0.048) -- Acc 0.990/0.510(0.988)
[1 1 0 1 1 1 0 1 1 0 0 1 1 0 0 1 1 1 1 0 0 1 1 0 0 1 1 1 1 0 1 1 1 1 1 0 0
 0 1 0 0 1 1 1 0 1 1 0 1 1 1 0 1 1 0 1 0 0 1 1 0 0 1 1 1 1 0 1 1 1 0 1 1 0
 1 1 0 0 0 0 1 0 1 0 0 1 1 1 1 0 0 1 1 1 0 1 0 1 1 0]
At 11701/30000: COST 0.120/2.226(0.072) -- Acc 0.960/0.500(0.981)
[1 1 1 1 0 0 1 0 1 1 0 1 0 1 0 1 1 0 1 1 1 0 1 0 1 0 1 1 1 0 1 1 1 1 1 0 0
 0 1 1 1 1 1 0 1 0 0 1 0 0 1 1 1 0 1 0 0 1 1 1 0 0 1 1 1 1 1 0 1 0 1 1 0 0
 0 1 0 1 0 0 1 1 1 1 1 0 0 0 0 1 1 0 1 1 0 0 1 1 1 1]
At 11801/30000: COST 0.019/2.122(0.067) -- Acc 1.000/0.560(0.982)
[1 1 1 1 1 0 1 1 1 0 1 0 1 1 0 0 0 0 0 0 1 0 1 0 0 0 1 1 1 1 1 1 1 1 1 1 1
 1 0 0 1 1 1 1 0 1 1 1 0 1 1 0 1 0 0 1 1 1 1 1 1 1 0 0 1 0 1 0 1 0 0 0 1 1
 1 0 1 1 1 0 0 1 0 0 0 0 0 1 1 1 1 0 1 1 0 1 1 0 1 1]
At 11901/30000: COST 0.012/2.201(0.050) -- Acc 1.000/0.550(0.986)
[1 1 1 1 1 0 0 0 1 1 0 1 1 0 1 0 1 1 0 0 1 1 1 1 1 1 0 0 1 0 0 1 1 0 0 0 1
 1 1 0 1 0 0 0 0 1 0 0 1 1 0 0 1 0 1 1 1 0 0 0 0 1 1 1 1 1 0 0 1 1 1 0 0 1
 0 0 1 1 1 1 1 1 1 0 0 0 1 1 1 0 1 1 0 0 1 0 1 1 1 1]
At 12001/30000: COST 0.022/2.662(0.039) -- Acc 0.990/0.510(0.989)
[0 0 1 0 0 0 0 1 1 1 0 1 1 1 1 0 1 1 0 1 1 1 1 1 1 1 0 1 0 0 1 1 0 1 1 0 1
 1 1 1 0 1 1 1 0 1 0 1 0 1 0 1 1 0 0 0 1 1 1 1 1 1 1 0 0 0 1 0 0 1 1 1 1 0
 1 1 1 1 0 0 1 1 0 0 1 1 0 0 0 1 0 1 0 1 1 0 1 1 1 1]
At 12101/30000: COST 0.108/2.302(0.040) -- Acc 0.970/0.550(0.989)
[1 1 1 0 0 1 0 0 1 1 1 0 0 0 0 1 1 1 0 1 1 1 1 1 1 1 1 0 1 1 0 1 0 1 1 1 1
 1 1 1 1 1 0 1 1 1 1 1 1 1 0 1 1 1 0 1 1 0 1 1 0 0 0 0 0 1 0 1 0 1 1 0 0 0
 1 0 1 1 1 1 1 1 0 1 0 1 1 1 0 0 1 0 1 1 1 0 0 1 0 1]
At 12201/30000: COST 0.012/2.838(0.032) -- Acc 0.990/0.480(0.991)
[0 0 1 0 0 1 1 1 1 0 0 0 1 1 0 1 0 0 0 0 0 0 1 1 1 0 1 0 1 1 1 0 1 1 1 0 1
 0 0 1 0 0 0 1 1 1 0 1 1 0 1 1 1 1 1 1 0 1 0 1 1 1 1 1 0 1 0 1 1 1 0 1 0 1
 1 0 0 0 1 1 0 1 0 1 0 1 1 0 1 1 1 1 1 0 0 1 1 0 1 1]
At 12301/30000: COST 0.022/2.827(0.033) -- Acc 0.990/0.540(0.991)
[0 1 0 0 0 1 1 1 1 0 0 1 1 0 0 0 0 0 0 0 1 1 1 1 1 0 1 0 1 0 0 1 1 1 1 1 0
 1 1 1 1 1 0 0 1 1 1 1 1 1 0 1 1 0 0 1 1 1 1 1 1 1 0 1 1 1 0 1 0 1 1 0 1 1
 0 0 1 1 1 0 1 1 1 0 0 1 0 0 1 1 0 1 1 0 1 1 1 1 0 1]
At 12401/30000: COST 0.027/3.077(0.034) -- Acc 0.990/0.500(0.991)
[1 1 0 1 1 0 1 1 0 0 1 0 0 1 0 0 1 0 1 1 1 1 1 1 1 0 0 1 0 1 1 0 1 1 0 1 1
 1 1 0 1 0 1 0 0 1 0 1 1 0 1 0 0 1 1 1 1 1 0 0 0 0 1 1 1 0 1 0 1 0 0 1 0 1
 0 1 1 1 1 1 1 0 0 1 1 0 0 1 1 0 1 1 1 1 1 1 0 0 1 1]
At 12501/30000: COST 0.059/3.308(0.034) -- Acc 0.970/0.500(0.991)
[1 1 1 0 0 1 1 1 0 1 0 1 1 1 0 1 0 0 1 1 1 1 1 0 1 0 0 1 1 1 1 0 1 1 0 0 0
 1 1 0 1 1 1 1 1 0 0 0 1 1 1 0 1 0 0 1 1 1 1 0 1 1 1 1 1 1 1 1 1 1 1 0 0 1
 1 1 1 0 1 1 0 1 1 1 1 1 1 1 0 0 0 0 0 0 1 1 0 0 0 1]
At 12601/30000: COST 0.104/2.959(0.045) -- Acc 0.970/0.500(0.987)
[1 1 1 1 1 1 0 0 0 1 1 1 1 1 1 1 1 1 1 1 0 1 0 1 1 0 1 0 0 1 1 1 0 0 0 0 0
 1 1 1 1 0 1 1 1 1 1 1 0 1 0 0 1 1 0 0 1 1 1 1 1 1 0 0 1 1 0 0 0 0 1 1 1 1
 1 1 1 1 1 1 0 0 1 0 1 1 1 1 0 1 1 1 1 0 1 1 1 1 0 1]
At 12701/30000: COST 0.012/3.092(0.043) -- Acc 1.000/0.520(0.988)
[1 0 1 0 1 1 0 1 1 0 0 1 1 0 1 1 0 1 1 1 0 1 0 1 0 1 1 1 0 0 0 1 0 0 1 1 0
 0 0 0 1 1 0 0 0 1 1 0 1 1 0 1 0 1 1 1 0 0 1 1 1 1 1 1 1 1 1 1 1 0 1 1 1 0
 1 1 0 0 0 1 1 1 1 0 1 0 1 0 1 1 1 1 1 0 1 1 1 0 1 1]
At 12801/30000: COST 0.078/2.416(0.045) -- Acc 0.980/0.600(0.986)
[1 1 1 1 1 0 1 1 1 0 1 0 1 1 0 0 1 0 0 0 1 1 0 1 1 1 0 1 1 1 1 0 1 1 1 1 0
 0 0 1 1 1 1 1 1 0 1 1 0 0 0 1 1 1 0 0 1 1 1 1 0 0 1 0 1 1 0 0 1 0 1 1 0 0
 1 0 0 1 0 0 1 1 0 0 1 1 1 1 1 1 0 1 0 0 1 1 1 1 0 1]
At 12901/30000: COST 0.034/2.244(0.042) -- Acc 0.990/0.530(0.988)
[1 0 1 1 0 1 1 0 1 1 0 1 1 1 1 0 1 1 0 1 1 0 1 1 0 1 1 0 1 0 1 0 1 1 1 1 1
 1 1 1 1 0 0 1 1 1 0 0 0 1 0 0 0 0 1 1 0 1 1 0 0 0 0 0 0 0 1 0 0 1 1 1 1 1
 1 1 0 1 0 1 1 1 1 1 0 0 0 1 0 0 1 1 1 1 1 1 1 1 0 1]
At 13001/30000: COST 0.036/2.591(0.040) -- Acc 0.980/0.550(0.988)
[1 1 0 1 0 1 1 1 0 0 1 1 1 1 0 0 0 0 0 1 1 0 1 0 1 1 0 1 1 1 1 0 1 1 1 1 0
 0 0 1 1 1 1 0 0 1 1 0 1 0 0 1 1 1 0 1 1 0 1 0 1 1 0 1 0 1 1 1 1 0 1 1 1 1
 1 1 1 0 0 1 0 1 0 1 1 1 1 1 0 1 1 1 1 1 1 0 1 1 1 0]
At 13101/30000: COST 0.026/2.384(0.050) -- Acc 1.000/0.570(0.985)
[0 0 0 1 1 1 0 1 1 0 0 1 1 0 1 0 0 1 1 1 1 0 1 1 0 1 1 0 0 1 0 0 1 0 1 1 1
 1 0 1 0 1 1 1 1 1 0 1 1 1 0 1 1 0 1 1 1 0 1 1 1 0 1 1 1 1 0 0 1 0 1 0 1 1
 1 0 0 1 1 1 0 1 1 0 1 1 0 1 0 0 0 0 0 1 0 1 1 1 0 0]
At 13201/30000: COST 0.044/2.334(0.057) -- Acc 0.980/0.550(0.983)
[0 0 0 1 1 0 1 1 1 1 0 1 0 1 1 1 1 1 0 0 0 0 1 0 0 1 1 1 1 0 1 1 0 0 1 1 1
 1 1 1 1 1 0 1 1 0 0 0 0 1 0 1 1 0 1 1 1 1 1 1 1 1 1 1 1 1 0 0 0 0 1 0 1 1
 0 1 1 1 1 1 1 0 1 0 1 0 0 1 1 1 1 1 1 1 1 1 0 1 1 0]
At 13301/30000: COST 0.047/2.554(0.066) -- Acc 0.980/0.450(0.980)
[1 1 1 1 1 1 1 1 0 0 0 1 1 1 1 1 0 0 0 1 1 1 1 1 1 1 1 1 1 1 0 1 1 0 1 1 0
 0 1 1 1 0 1 1 1 1 0 0 1 1 1 0 1 0 0 0 1 1 1 1 0 1 1 1 1 0 0 0 1 1 1 1 1 1
 1 1 0 1 0 1 0 1 1 0 1 1 1 0 0 1 1 1 1 1 1 0 0 0 1 1]
At 13401/30000: COST 0.014/2.929(0.048) -- Acc 1.000/0.510(0.986)
[1 1 1 0 1 0 1 1 1 1 1 1 1 1 1 1 1 1 1 1 1 1 0 1 1 0 0 0 0 0 1 0 1 1 0 1 0
 1 1 1 1 1 1 1 1 0 0 0 1 0 1 0 0 0 1 1 1 0 0 1 1 0 0 1 0 1 1 1 1 1 1 0 1 1
 1 0 1 0 0 1 1 0 1 1 1 0 0 1 0 0 0 1 0 1 0 0 1 1 1 1]
At 13501/30000: COST 0.004/2.990(0.034) -- Acc 1.000/0.530(0.990)
[1 1 1 0 0 0 1 1 1 0 1 1 1 0 1 0 0 0 0 1 1 1 0 1 1 1 0 0 1 1 0 1 0 1 1 0 1
 0 1 1 1 1 0 1 1 1 1 0 1 0 1 0 1 0 1 1 0 1 0 0 0 1 1 0 0 1 1 1 1 0 1 1 0 0
 0 1 1 1 1 1 1 0 1 0 1 0 1 1 1 1 0 0 0 1 1 0 1 1 1 1]
At 13601/30000: COST 0.091/3.417(0.034) -- Acc 0.980/0.490(0.989)
[0 1 1 1 1 1 1 1 0 0 0 1 1 1 1 0 0 1 1 0 1 1 1 0 1 1 0 1 1 0 0 1 1 1 0 1 0
 1 0 1 1 1 1 1 1 1 0 0 0 0 1 1 0 1 1 1 1 1 0 1 1 0 1 1 1 1 0 0 0 1 1 1 0 0
 1 1 0 0 1 1 0 1 1 1 1 1 0 1 1 1 1 1 1 1 0 0 1 1 1 0]
At 13701/30000: COST 0.134/2.751(0.048) -- Acc 0.960/0.460(0.986)
[1 1 1 1 1 0 1 1 0 1 1 1 0 1 1 0 1 1 1 1 0 0 0 0 0 1 1 1 1 0 0 1 1 1 1 0 1
 0 0 1 0 1 0 1 0 0 1 0 1 1 1 1 0 1 1 1 1 1 1 0 1 0 1 1 1 0 0 0 0 1 1 1 1 1
 1 1 0 0 1 1 0 0 0 1 0 1 1 1 1 1 1 1 1 1 1 0 0 1 1 1]
At 13801/30000: COST 0.055/2.819(0.037) -- Acc 0.980/0.530(0.990)
[0 1 1 0 0 0 1 0 1 1 0 1 1 0 0 1 1 0 1 0 0 0 0 1 0 0 1 0 0 1 0 1 1 0 1 1 1
 1 1 0 1 1 1 1 1 1 1 1 1 1 1 1 1 1 0 0 1 1 1 1 1 1 0 1 1 1 1 0 0 0 0 0 1 0
 0 1 1 0 0 0 1 1 1 0 1 1 1 1 0 1 0 1 1 1 1 0 1 1 1 0]
At 13901/30000: COST 0.019/2.450(0.048) -- Acc 0.990/0.510(0.987)
[0 1 1 0 1 0 1 1 1 1 1 0 1 0 1 1 1 0 1 0 0 1 0 1 1 1 0 1 1 1 1 0 1 1 0 0 0
 0 1 1 1 1 0 0 0 0 0 0 0 1 1 1 1 1 1 1 0 0 1 1 0 0 1 1 1 1 1 0 1 0 1 0 0 1
 0 1 0 0 1 0 1 1 1 1 1 1 1 1 0 1 1 0 0 1 1 1 1 1 0 1]
At 14001/30000: COST 0.063/3.047(0.039) -- Acc 0.980/0.510(0.989)
[1 0 0 0 1 0 1 0 1 0 1 0 1 0 1 1 1 1 1 1 1 1 0 0 1 1 1 1 1 0 0 0 1 1 1 1 0
 1 1 1 1 1 1 1 1 0 1 0 0 1 1 0 0 1 1 1 1 0 1 0 1 0 1 0 1 1 0 1 0 0 1 0 0 0
 0 0 0 1 1 0 1 0 1 1 1 1 1 1 1 0 0 1 1 1 1 0 0 1 0 1]
At 14101/30000: COST 0.005/3.101(0.030) -- Acc 1.000/0.520(0.992)
[0 1 1 1 1 1 1 0 0 1 0 1 1 1 0 1 0 0 0 0 0 1 1 1 0 0 1 1 1 1 1 1 0 1 1 1 0
 1 1 1 1 0 0 1 1 1 1 1 0 1 1 0 1 1 1 1 1 1 0 1 1 0 0 0 0 1 1 0 0 1 1 0 0 0
 1 1 1 0 1 1 1 1 1 0 0 1 0 1 0 0 1 1 1 1 0 0 1 1 1 1]
At 14201/30000: COST 0.014/3.347(0.023) -- Acc 1.000/0.530(0.993)
[1 1 1 0 1 1 1 1 0 1 1 0 0 1 1 0 1 0 1 1 0 0 1 1 1 0 1 1 1 1 0 1 0 1 1 1 0
 1 0 1 1 0 0 1 1 1 1 1 0 1 0 1 0 0 0 0 0 0 1 0 1 0 0 1 0 0 1 1 1 1 0 0 1 0
 1 0 0 1 1 1 0 1 0 1 1 1 1 0 0 0 0 1 0 1 1 1 1 0 1 1]
At 14301/30000: COST 0.014/3.401(0.021) -- Acc 0.990/0.520(0.994)
[1 1 0 0 1 0 1 0 1 1 1 1 1 1 1 0 0 0 0 0 1 1 1 1 1 1 1 1 0 1 1 0 1 1 0 1 1
 1 1 0 1 0 1 1 1 1 1 0 1 0 1 1 1 0 1 1 1 0 0 1 1 0 1 1 0 1 1 0 1 1 1 1 1 0
 1 1 1 0 0 1 1 1 1 1 1 1 0 1 0 0 0 0 1 0 1 1 1 1 0 1]
At 14401/30000: COST 0.006/2.917(0.025) -- Acc 1.000/0.530(0.992)
[0 1 1 1 0 1 1 0 1 1 0 1 1 0 1 0 1 1 1 1 1 1 1 1 0 1 0 1 1 1 0 0 1 1 1 0 0
 1 0 1 0 1 1 1 1 1 1 1 0 1 0 1 1 1 1 1 1 1 1 0 0 1 1 1 1 1 0 0 0 0 1 0 1 1
 1 1 0 1 1 1 1 1 1 0 0 1 1 0 1 1 1 1 1 1 1 0 0 1 1 1]
At 14501/30000: COST 0.220/2.800(0.049) -- Acc 0.940/0.520(0.986)
[1 1 1 1 1 1 0 1 1 0 1 1 1 1 1 1 1 1 1 0 1 1 0 1 1 1 0 1 0 0 1 1 1 1 1 1 0
 1 1 1 0 1 1 0 1 1 1 0 0 1 0 1 0 0 1 1 0 0 0 0 0 1 1 1 1 1 0 1 1 1 1 1 1 1
 1 1 1 1 1 1 0 1 1 0 0 1 0 0 1 1 1 0 1 1 0 0 1 1 1 0]
At 14601/30000: COST 0.138/2.102(0.077) -- Acc 0.950/0.490(0.978)
[1 1 0 1 1 1 0 0 0 0 1 0 1 1 1 1 0 1 1 1 0 0 1 1 1 1 0 0 1 1 0 0 1 1 1 0 1
 1 1 1 0 1 0 1 0 0 0 1 1 1 1 1 1 1 1 1 1 0 1 1 0 1 1 1 0 1 1 1 1 0 1 1 1 0
 0 0 0 1 1 0 0 1 1 0 1 0 1 0 0 1 0 0 1 1 1 1 0 1 1 1]
At 14701/30000: COST 0.126/2.176(0.082) -- Acc 0.970/0.510(0.976)
[1 0 0 0 0 1 0 1 1 1 1 1 1 1 0 1 1 1 1 1 0 1 1 1 0 0 1 0 0 0 1 0 1 0 1 1 1
 0 0 0 1 0 0 0 1 0 0 0 1 1 1 0 1 1 0 1 1 1 0 1 1 1 0 0 1 0 1 1 1 0 0 1 1 0
 0 0 1 0 0 1 1 0 1 1 1 0 0 1 1 1 1 0 1 1 1 1 0 1 1 1]
At 14801/30000: COST 0.137/2.278(0.068) -- Acc 0.970/0.480(0.980)
[1 1 0 1 1 1 0 1 1 1 1 0 1 1 1 1 1 0 1 0 1 1 0 1 0 1 0 0 0 0 1 1 1 1 0 0 1
 1 0 1 0 1 1 0 1 0 1 0 1 1 0 1 0 0 0 0 0 1 0 1 0 1 1 1 1 1 1 0 1 1 0 0 1 0
 1 1 0 0 1 1 1 1 1 1 1 1 1 1 1 1 1 1 1 1 1 1 0 1 1 1]
At 14901/30000: COST 0.146/2.012(0.066) -- Acc 0.970/0.520(0.980)
[1 1 0 1 0 1 1 1 0 1 1 0 1 0 0 1 1 1 0 0 0 1 1 1 0 1 1 1 0 0 0 1 1 1 1 0 0
 1 1 0 1 0 1 1 1 0 1 0 1 0 1 1 0 0 1 0 0 0 1 0 1 0 0 1 1 0 0 1 1 0 1 1 1 1
 1 0 1 0 1 1 1 0 1 1 1 1 1 0 1 0 1 1 0 1 1 1 1 1 0 0]
At 15001/30000: COST 0.058/2.089(0.080) -- Acc 0.980/0.540(0.975)
[0 1 0 1 1 1 0 1 1 1 1 1 0 0 0 1 0 0 0 1 1 1 1 0 1 1 1 0 1 0 0 0 1 1 1 0 0
 1 0 0 1 1 1 0 0 1 1 1 1 1 1 0 1 0 0 1 1 0 1 1 1 1 1 0 1 1 0 1 0 0 1 0 1 1
 1 1 1 1 0 1 1 1 1 1 0 1 1 0 1 0 1 0 1 0 1 0 0 1 1 1]
At 15101/30000: COST 0.043/1.764(0.101) -- Acc 0.990/0.500(0.967)
[1 1 1 0 1 1 0 1 0 1 1 1 0 1 0 0 1 1 1 1 0 1 0 0 1 0 0 1 1 0 1 1 1 1 1 0 0
 0 0 1 0 1 1 1 0 1 1 1 0 0 1 1 1 1 1 0 1 0 1 0 1 1 0 1 1 1 1 1 0 1 1 0 1 0
 1 1 0 1 1 1 1 1 1 0 0 1 1 0 1 1 1 1 0 1 1 1 1 0 1 0]
At 15201/30000: COST 0.126/1.959(0.113) -- Acc 0.950/0.490(0.963)
[1 1 1 0 1 1 0 0 0 0 1 0 1 0 1 1 1 0 1 1 0 1 0 0 1 0 0 0 1 1 1 1 1 1 1 1 1
 0 0 1 1 0 0 0 1 1 0 0 1 0 1 1 1 1 1 0 0 1 1 1 1 1 1 1 0 1 1 1 0 1 1 0 1 0
 1 0 0 1 1 1 1 1 0 1 1 1 1 1 1 1 1 1 0 0 0 0 1 0 0 1]
At 15301/30000: COST 0.072/1.998(0.103) -- Acc 0.970/0.480(0.968)
[1 0 1 1 0 0 1 1 1 0 0 1 1 0 1 1 0 1 0 1 1 0 0 1 1 1 1 1 1 0 1 0 0 0 0 1 0
 1 1 1 1 1 1 1 1 0 1 1 1 1 1 0 0 1 0 0 1 1 0 0 1 1 1 1 1 0 1 1 0 1 0 0 1 1
 1 1 1 0 0 1 1 1 0 1 1 1 1 1 0 1 1 0 0 0 1 0 1 0 0 1]
At 15401/30000: COST 0.064/2.216(0.097) -- Acc 0.970/0.480(0.970)
[0 1 0 0 0 1 1 0 0 1 0 1 0 0 0 0 1 0 0 0 1 0 0 0 1 1 1 0 0 0 1 1 0 1 1 1 0
 0 0 1 1 1 1 0 0 1 1 1 1 1 1 1 0 1 0 1 0 1 0 1 1 1 0 0 1 1 0 0 0 1 1 1 0 1
 1 1 0 1 1 0 1 0 1 0 1 1 1 1 1 0 1 1 1 1 0 1 0 1 0 1]
At 15501/30000: COST 0.098/1.955(0.099) -- Acc 0.980/0.510(0.969)
[1 1 0 1 0 1 0 1 0 0 1 1 0 0 0 0 0 1 0 0 1 1 1 1 1 0 1 1 0 1 0 1 1 1 1 1 1
 1 1 1 1 1 0 0 1 1 0 1 1 1 1 1 1 1 1 1 0 1 1 0 0 0 1 1 1 0 0 1 0 1 0 1 0 0
 1 1 0 1 0 1 1 1 1 1 1 0 0 1 1 1 0 0 1 0 1 1 1 1 1 0]
At 15601/30000: COST 0.057/2.245(0.094) -- Acc 0.980/0.470(0.972)
[1 0 0 1 0 1 1 1 1 1 0 0 1 1 0 1 1 1 1 0 0 1 1 0 1 0 1 1 1 0 1 0 1 0 1 1 1
 1 0 1 0 1 1 0 1 1 1 1 0 1 1 0 1 0 0 0 1 0 1 1 1 1 0 0 0 0 1 1 0 0 0 1 1 0
 0 1 1 0 1 0 0 1 1 0 0 1 1 0 1 0 1 1 0 1 1 1 1 1 1 1]
At 15701/30000: COST 0.042/2.280(0.080) -- Acc 0.990/0.500(0.976)
[1 1 1 0 1 1 0 1 1 0 0 0 0 0 1 0 1 0 0 0 0 0 1 1 0 1 1 1 0 0 0 0 1 1 0 1 1
 1 1 1 0 1 1 0 1 1 0 1 0 1 0 1 0 1 1 0 1 1 1 1 1 0 0 1 1 1 0 0 1 0 1 1 1 0
 0 0 0 1 0 0 1 1 1 1 1 1 0 0 1 1 0 0 0 0 1 1 1 1 1 1]
At 15801/30000: COST 0.104/2.281(0.074) -- Acc 0.970/0.480(0.978)
[1 1 1 1 1 0 0 1 0 1 0 0 1 1 1 1 0 0 0 0 1 0 0 1 0 1 1 1 0 1 1 1 1 1 0 1 0
 1 1 1 0 0 0 0 1 1 0 1 1 1 1 1 1 0 0 1 1 1 1 0 0 1 0 1 1 0 1 0 0 1 0 1 1 0
 1 0 0 0 1 1 1 0 1 1 1 1 0 0 1 0 1 0 0 0 0 1 1 1 1 1]
At 15901/30000: COST 0.142/1.822(0.083) -- Acc 0.950/0.580(0.975)
[1 0 1 0 1 1 1 1 0 0 1 1 1 1 1 1 0 1 1 1 1 1 0 1 0 0 0 1 1 1 0 0 1 1 1 0 1
 1 0 1 0 0 1 0 1 1 0 1 1 1 1 1 1 0 1 0 1 0 0 0 0 0 1 1 0 1 0 0 1 1 1 1 1 0
 0 0 1 1 0 0 1 0 1 1 1 1 1 1 1 0 1 1 0 1 0 0 0 1 0 0]
At 16001/30000: COST 0.073/2.324(0.078) -- Acc 0.980/0.510(0.976)
[1 1 1 0 1 1 1 1 1 1 0 1 1 0 0 1 1 1 1 1 1 0 1 0 1 1 1 0 1 1 1 0 1 0 0 1 0
 1 1 0 1 0 0 1 1 0 1 1 1 1 0 0 0 1 0 1 0 1 1 0 0 1 1 0 1 0 1 1 0 1 0 1 1 0
 1 1 1 0 1 1 1 1 1 0 0 1 0 0 0 1 1 0 0 0 1 0 1 1 1 1]
At 16101/30000: COST 0.020/2.309(0.068) -- Acc 0.990/0.540(0.978)
[1 1 0 1 0 1 0 1 1 0 0 1 0 1 1 0 1 1 1 0 0 0 1 1 1 1 0 0 0 1 0 1 1 1 0 1 1
 0 1 1 1 0 1 1 1 0 1 1 1 1 0 1 0 0 0 0 1 0 1 0 1 1 0 1 0 1 1 1 1 0 0 0 1 0
 1 1 0 1 1 1 0 1 0 1 0 1 1 0 1 1 1 1 0 1 0 1 0 0 1 1]
At 16201/30000: COST 0.047/2.576(0.060) -- Acc 0.980/0.530(0.980)
[1 0 0 1 0 1 1 1 1 0 1 1 0 1 1 1 0 1 0 0 0 1 0 0 0 0 0 0 0 0 1 0 1 1 1 0 1
 1 1 0 0 1 1 0 0 1 0 1 0 1 0 1 0 0 0 0 0 1 0 0 1 1 0 0 0 0 0 1 1 1 0 1 0 0
 1 1 1 0 0 1 0 1 0 1 0 1 1 0 1 1 1 1 1 1 1 1 1 1 1 1]
At 16301/30000: COST 0.116/2.305(0.069) -- Acc 0.980/0.540(0.979)
[1 1 0 0 1 1 1 1 1 1 1 0 0 1 0 1 1 0 0 0 0 1 0 0 0 1 0 1 1 1 0 1 1 1 0 1 0
 1 1 1 1 1 1 1 1 0 0 1 1 1 0 1 0 0 1 0 0 0 1 1 1 1 0 0 0 1 1 0 1 0 1 0 1 0
 1 1 1 1 1 1 1 0 0 0 1 1 1 1 0 0 1 0 0 1 0 0 0 0 0 0]
At 16401/30000: COST 0.077/2.415(0.082) -- Acc 0.980/0.530(0.975)
[1 0 1 1 1 0 1 1 0 1 1 1 1 1 0 0 0 1 1 0 0 1 1 0 1 1 0 0 0 1 0 1 0 0 0 1 0
 0 0 0 1 0 0 0 1 0 1 1 1 1 0 0 1 1 1 0 0 0 1 1 0 1 0 0 1 0 0 1 1 0 1 1 1 1
 1 1 0 0 0 0 1 0 0 0 1 1 0 0 1 1 0 1 1 1 0 1 1 1 1 1]
At 16501/30000: COST 0.029/2.323(0.075) -- Acc 0.990/0.550(0.977)
[1 0 1 0 0 1 1 1 0 1 0 1 1 1 1 1 1 1 0 1 1 1 1 0 0 0 1 1 1 0 1 0 1 1 1 1 0
 0 1 1 1 0 1 1 1 0 0 1 0 1 0 0 0 1 0 0 1 1 0 1 0 0 1 0 1 1 1 0 1 1 1 0 1 0
 0 1 1 1 1 0 0 0 1 1 0 1 1 0 1 0 1 0 0 0 1 1 0 1 1 1]
At 16601/30000: COST 0.052/2.061(0.078) -- Acc 0.970/0.570(0.977)
[1 0 1 0 1 0 1 0 1 0 1 1 1 0 1 0 1 0 1 1 0 1 1 0 1 1 0 1 0 0 0 1 0 1 1 1 0
 1 1 0 1 0 0 0 0 1 1 1 1 0 0 1 1 1 1 0 1 1 1 1 1 0 1 1 1 0 0 0 0 1 0 1 0 1
 1 1 0 1 0 0 1 0 0 1 1 1 1 1 1 0 1 0 0 1 0 0 0 0 1 1]
At 16701/30000: COST 0.040/2.491(0.071) -- Acc 0.970/0.480(0.978)
[1 1 0 1 1 0 1 1 1 0 0 1 1 1 0 1 1 0 1 0 0 1 1 1 0 0 0 1 0 1 0 1 1 1 0 1 1
 1 0 1 1 1 1 1 0 1 1 0 1 0 1 0 0 0 0 0 1 1 0 1 1 1 1 1 1 1 1 0 1 1 0 1 1 0
 0 1 0 1 0 1 0 1 1 0 1 1 0 1 1 1 1 0 1 0 0 1 0 1 1 0]
At 16801/30000: COST 0.044/2.225(0.060) -- Acc 0.980/0.550(0.980)
[1 1 0 0 0 1 0 0 1 1 0 1 0 1 1 1 1 1 1 1 0 0 1 1 1 1 1 1 1 1 1 0 1 1 0 0 0
 0 0 1 1 1 0 1 1 1 1 1 1 1 1 0 0 0 1 0 0 1 0 0 0 0 0 1 0 1 1 1 0 1 0 1 1 0
 1 1 1 0 1 1 0 1 0 0 0 1 0 1 0 1 1 1 0 1 1 1 1 0 0 1]
At 16901/30000: COST 0.044/2.502(0.071) -- Acc 0.990/0.490(0.978)
[1 1 1 0 0 0 0 1 1 0 0 0 1 0 0 1 1 1 1 1 1 1 1 1 1 1 0 0 0 0 1 1 1 0 1 0 1
 1 1 1 0 1 1 0 1 1 0 0 1 0 1 0 1 1 0 1 1 0 1 1 0 0 1 1 1 1 1 0 1 1 1 1 1 0
 1 0 1 0 1 1 1 1 1 1 0 0 0 1 1 0 1 1 1 0 1 0 0 1 0 1]
At 17001/30000: COST 0.053/2.050(0.085) -- Acc 0.990/0.500(0.972)
[0 1 0 1 0 0 1 1 1 1 1 0 1 0 1 1 1 0 1 0 0 1 1 1 0 1 0 1 0 0 0 0 0 0 1 1 1
 1 1 1 0 1 0 1 1 0 0 0 1 1 0 1 0 1 1 1 1 1 1 1 1 1 0 0 1 1 1 1 1 1 1 1 0 1
 1 1 1 1 1 0 1 1 1 0 1 0 0 1 1 0 0 1 1 1 1 1 1 1 0 1]
At 17101/30000: COST 0.121/2.069(0.091) -- Acc 0.950/0.470(0.970)
[1 1 1 1 0 1 1 0 1 0 1 0 1 1 0 0 1 1 1 1 0 0 0 1 1 1 1 1 1 1 0 0 1 0 1 1 0
 0 1 0 1 1 0 1 1 0 1 1 1 0 0 1 1 0 1 0 1 1 0 1 0 0 0 0 1 1 1 1 1 0 1 1 1 1
 0 0 0 1 1 1 1 1 1 1 0 1 1 1 0 1 0 0 0 1 1 0 0 1 1 1]
At 17201/30000: COST 0.064/2.225(0.073) -- Acc 0.980/0.500(0.976)
[0 1 0 0 1 1 1 0 1 1 1 1 1 0 0 1 0 1 0 1 0 0 1 0 0 1 1 1 1 1 0 1 1 1 1 0 1
 1 0 0 0 0 1 1 1 0 1 0 1 0 0 0 0 1 0 0 1 1 1 0 0 1 1 0 1 0 0 1 1 0 1 0 1 0
 1 0 1 0 1 1 1 1 1 1 1 1 0 1 1 1 1 0 1 1 1 0 1 1 0 0]
At 17301/30000: COST 0.037/2.540(0.064) -- Acc 0.980/0.480(0.980)
[1 0 0 0 0 0 1 0 0 0 0 1 0 0 1 1 0 0 1 0 1 0 1 1 1 1 1 0 0 0 0 1 1 1 1 1 1
 1 1 1 1 1 0 0 0 1 1 1 1 0 1 1 1 1 1 1 0 1 1 0 1 0 0 0 1 1 1 1 1 0 1 1 1 0
 1 1 1 1 1 1 1 0 1 0 0 1 0 1 0 0 1 1 0 1 0 1 1 1 1 0]
At 17401/30000: COST 0.016/2.421(0.059) -- Acc 1.000/0.520(0.982)
[1 0 1 1 0 1 0 1 0 0 0 0 0 0 0 0 0 0 1 1 0 1 0 0 1 1 1 0 1 0 1 1 1 1 1 1 0
 1 1 1 1 0 0 1 1 1 1 0 1 1 1 1 1 0 1 1 1 0 0 1 1 1 1 1 0 1 1 1 1 0 0 0 1 1
 0 1 1 0 0 1 1 1 1 1 1 1 1 1 1 0 1 1 1 1 1 0 0 1 1 0]
At 17501/30000: COST 0.063/2.797(0.056) -- Acc 0.980/0.450(0.982)
[1 0 0 0 1 1 1 1 1 1 1 0 1 1 1 0 0 1 1 1 1 1 0 1 1 1 1 1 1 1 0 1 1 1 0 0 1
 1 0 1 0 0 1 1 1 1 1 1 1 1 1 1 1 1 1 1 0 0 0 1 1 1 1 1 0 0 1 0 0 1 0 1 1 1
 0 1 1 0 1 1 1 0 1 1 0 1 1 0 0 0 0 1 0 1 0 0 1 1 1 1]
At 17601/30000: COST 0.037/2.523(0.060) -- Acc 0.990/0.510(0.982)
[1 1 0 0 0 1 1 1 0 0 0 0 1 1 0 1 1 0 1 1 1 0 1 0 1 0 0 0 0 0 1 1 0 1 1 0 1
 1 1 0 1 1 0 1 0 0 1 1 0 1 0 0 1 1 1 1 0 0 1 1 1 1 0 1 0 1 1 1 0 1 1 1 1 1
 1 1 1 0 1 1 1 0 0 0 0 1 0 0 1 1 0 1 1 1 1 0 0 1 0 1]
At 17701/30000: COST 0.027/2.370(0.056) -- Acc 1.000/0.560(0.984)
[1 1 1 0 1 1 1 0 0 0 1 1 1 1 1 1 0 0 1 1 0 0 1 1 1 0 0 0 1 1 1 1 0 0 1 1 1
 0 0 1 0 1 1 0 1 1 0 1 1 1 0 1 1 0 1 0 1 1 1 1 1 0 1 0 1 1 1 0 1 1 1 1 0 0
 1 0 1 1 1 1 0 1 0 1 1 0 1 1 0 0 1 0 1 1 0 0 1 0 0 1]
At 17801/30000: COST 0.088/2.740(0.061) -- Acc 0.950/0.520(0.982)
[0 1 0 1 1 1 0 1 1 0 0 1 1 1 0 1 1 0 1 0 1 1 1 0 1 1 1 1 1 1 0 1 1 1 1 1 1
 0 1 1 1 0 0 1 1 1 1 1 1 0 0 1 0 1 1 1 0 1 0 0 1 1 0 0 1 0 1 0 1 0 0 1 1 0
 1 1 1 1 0 0 0 0 1 0 0 1 0 0 1 1 1 0 1 1 1 0 0 1 0 1]
At 17901/30000: COST 0.031/2.474(0.064) -- Acc 0.990/0.530(0.980)
[1 1 1 1 1 0 0 1 1 1 0 1 0 1 1 1 1 1 0 1 0 0 1 0 0 1 0 0 0 0 1 0 0 0 0 0 0
 1 1 0 1 1 1 1 1 0 1 1 1 1 1 0 1 1 1 1 1 1 0 1 1 1 1 0 1 0 1 0 0 0 0 0 1 0
 1 1 1 1 1 1 1 1 0 1 0 0 1 1 1 1 1 1 1 0 1 1 0 1 1 0]
At 18001/30000: COST 0.018/2.225(0.057) -- Acc 0.990/0.600(0.982)
[1 0 0 1 1 0 1 1 0 0 1 0 1 1 1 1 0 0 1 1 0 1 1 1 1 1 0 1 1 1 1 0 1 1 0 1 0
 0 1 0 0 1 0 0 1 1 0 0 0 0 0 1 0 0 0 1 1 0 0 1 0 0 0 1 0 0 0 1 1 1 0 0 0 1
 1 1 1 0 1 1 1 0 1 1 1 1 0 0 0 1 1 0 1 0 1 1 1 1 1 0]
At 18101/30000: COST 0.016/2.543(0.051) -- Acc 1.000/0.520(0.985)
[0 1 0 0 0 0 1 1 1 0 0 1 1 1 1 1 0 1 1 1 0 1 1 1 0 1 1 0 1 1 1 1 0 1 1 0 0
 0 1 0 1 1 1 1 1 0 1 1 1 1 0 1 1 1 1 0 1 1 1 1 1 0 1 1 0 0 1 0 0 0 1 1 1 1
 0 1 1 0 0 0 0 0 1 0 1 0 0 0 1 0 1 1 1 1 0 0 1 1 1 0]
At 18201/30000: COST 0.063/2.468(0.050) -- Acc 0.990/0.520(0.984)
[1 1 1 1 0 1 1 1 1 0 0 1 0 1 1 1 1 1 1 1 1 1 0 1 0 1 1 0 1 0 1 0 1 1 1 1 1
 0 1 1 1 1 1 0 0 1 1 0 1 0 0 1 0 0 0 0 1 0 0 1 1 1 1 1 1 1 1 1 0 1 1 1 0 1
 0 1 0 1 1 0 1 1 1 1 1 0 1 1 0 1 1 1 1 1 1 0 0 1 1 1]
At 18301/30000: COST 0.013/1.992(0.064) -- Acc 1.000/0.570(0.979)
[1 1 1 1 0 0 0 1 1 0 0 1 1 1 0 0 1 1 1 1 1 0 1 0 1 1 1 1 1 1 1 0 0 1 1 1 0
 0 0 1 1 0 1 1 1 0 0 1 0 0 1 1 0 1 1 0 1 1 1 1 0 1 1 1 0 1 1 1 0 0 1 1 1 1
 1 1 0 1 1 1 1 0 0 0 1 1 1 1 0 1 1 0 0 1 1 1 1 1 1 1]
At 18401/30000: COST 0.040/2.489(0.076) -- Acc 1.000/0.490(0.977)
[1 0 0 1 0 1 0 1 1 1 1 1 1 0 0 1 0 1 1 0 1 1 0 1 1 0 1 0 1 1 1 0 1 1 1 0 0
 0 1 1 1 1 1 1 1 0 1 0 0 0 1 1 1 1 1 1 1 0 1 0 1 1 1 0 1 1 0 1 0 1 1 0 1 0
 1 0 1 1 0 0 0 1 1 1 1 1 1 0 1 0 0 1 1 1 0 0 1 1 0 0]
At 18501/30000: COST 0.061/2.510(0.077) -- Acc 0.990/0.480(0.978)
[1 1 1 1 1 0 0 0 0 0 1 0 1 1 0 0 0 1 0 1 1 1 0 0 1 1 0 0 1 1 1 0 1 1 0 0 1
 1 0 1 1 1 0 0 0 1 0 1 0 1 1 1 1 1 0 1 0 1 1 1 1 1 0 0 1 1 1 1 1 0 1 0 0 1
 1 1 1 0 1 0 1 1 0 1 0 1 1 1 1 0 1 1 0 1 1 1 0 1 1 1]
At 18601/30000: COST 0.090/2.243(0.103) -- Acc 0.970/0.500(0.969)
[1 0 0 1 0 1 1 0 0 1 1 1 0 0 0 1 1 0 0 1 1 1 1 1 0 1 1 1 1 1 1 0 1 0 0 1 0
 1 1 0 1 1 0 0 1 1 1 1 0 1 1 0 0 0 1 0 1 1 0 1 1 1 0 1 1 1 1 1 1 0 0 1 1 1
 1 1 0 1 1 1 0 0 1 0 1 0 0 1 1 1 1 1 0 0 1 1 1 0 1 0]
At 18701/30000: COST 0.034/1.799(0.133) -- Acc 1.000/0.520(0.959)
[1 0 1 1 0 0 1 1 0 1 1 1 1 1 1 0 1 1 1 0 1 1 1 1 1 1 1 0 1 1 1 1 0 1 0 0 1
 0 0 0 0 1 0 1 1 1 0 1 1 1 1 1 0 1 0 1 1 1 0 1 1 1 1 1 1 0 1 1 0 1 1 1 1 1
 1 0 1 1 1 1 1 0 1 0 1 0 1 0 0 1 0 0 1 1 0 0 1 1 1 1]
At 18801/30000: COST 0.117/2.142(0.122) -- Acc 0.950/0.540(0.961)
[0 1 1 0 1 1 0 1 0 0 0 0 0 0 1 1 0 1 1 1 0 0 1 0 1 1 1 1 1 1 1 1 1 1 0 1 1
 0 1 0 1 1 1 1 0 1 0 1 1 1 0 1 1 0 0 0 1 1 1 1 1 1 0 1 0 0 1 1 0 0 0 0 1 1
 1 1 1 1 0 0 0 1 1 0 1 0 0 1 1 1 1 1 0 1 1 0 1 1 0 1]
At 18901/30000: COST 0.106/2.304(0.111) -- Acc 0.960/0.490(0.964)
[1 0 1 0 1 0 0 1 1 1 0 1 0 1 0 1 1 0 1 1 1 0 0 0 1 1 0 0 0 1 1 1 1 1 1 1 0
 1 1 1 1 0 0 1 1 1 0 1 1 1 1 0 0 0 0 1 0 1 1 1 0 0 1 1 1 1 1 1 0 1 0 1 1 1
 0 1 0 1 1 0 1 1 1 1 1 0 1 1 1 1 1 1 1 0 1 0 1 1 0 1]
At 19001/30000: COST 0.060/2.020(0.101) -- Acc 0.980/0.530(0.968)
[1 0 1 1 0 0 1 0 1 1 0 0 1 1 0 1 1 1 1 0 1 0 1 1 0 1 1 1 1 1 0 1 1 1 1 1 1
 1 1 1 1 1 0 1 0 1 1 0 1 0 1 0 0 0 1 1 1 1 0 1 1 1 1 0 0 0 1 0 1 0 1 0 1 0
 1 1 1 0 1 1 1 1 1 0 1 1 1 1 0 1 1 1 0 1 0 1 1 0 1 1]
At 19101/30000: COST 0.133/2.451(0.095) -- Acc 0.950/0.430(0.971)
[1 0 1 0 1 1 0 1 1 1 0 1 1 1 1 1 1 1 1 0 1 1 1 0 1 0 1 1 1 0 1 1 0 1 1 1 0
 0 1 1 0 1 0 1 0 0 1 1 1 1 0 1 1 1 0 1 1 1 0 1 1 0 1 1 1 1 0 1 1 1 0 1 1 0
 1 1 1 1 1 1 1 0 0 1 1 0 1 1 1 0 0 0 0 1 1 1 0 0 1 1]
At 19201/30000: COST 0.158/1.864(0.103) -- Acc 0.950/0.540(0.968)
[0 0 0 1 1 0 1 1 1 1 1 1 0 1 1 1 1 1 0 1 1 1 1 1 1 0 1 1 0 1 0 1 0 1 1 1 1
 0 1 1 1 1 0 1 1 1 1 1 1 1 1 0 1 1 1 0 1 0 0 0 0 1 0 1 1 0 0 0 1 0 1 1 1 0
 0 1 0 0 1 1 1 1 1 1 1 1 0 0 1 0 1 0 0 0 1 1 1 1 0 1]
At 19301/30000: COST 0.143/2.066(0.101) -- Acc 0.940/0.490(0.968)
[0 0 1 1 1 0 0 1 1 1 0 1 0 1 1 0 0 1 0 0 1 1 1 1 1 1 1 1 0 1 1 0 0 1 1 1 0
 1 1 1 0 1 1 1 1 1 0 1 0 1 1 1 0 1 1 0 1 1 1 0 1 0 1 1 1 1 1 1 0 1 0 1 1 1
 1 1 1 0 1 1 1 1 1 1 0 1 1 1 1 1 0 1 0 1 0 1 1 0 0 1]
At 19401/30000: COST 0.149/1.966(0.096) -- Acc 0.930/0.530(0.969)
[1 0 1 1 0 1 1 0 1 0 1 1 0 1 1 1 1 0 0 0 1 0 0 1 1 1 0 1 1 0 1 1 0 1 1 1 1
 1 1 0 0 1 1 0 0 1 0 1 1 1 1 1 1 1 1 1 1 1 1 0 1 0 0 0 1 1 0 1 0 0 0 1 1 0
 1 0 1 0 1 1 0 0 1 1 0 1 0 1 0 1 0 1 1 1 0 1 1 0 1 1]
At 19501/30000: COST 0.115/1.949(0.122) -- Acc 0.950/0.480(0.958)
[1 1 0 1 1 1 1 1 0 1 1 1 1 1 1 1 1 1 0 1 0 1 1 1 0 1 0 0 1 0 0 1 1 1 0 0 1
 1 1 1 0 1 1 1 1 1 1 0 0 0 0 1 1 1 1 1 0 1 1 1 1 1 0 1 1 1 0 1 0 1 1 1 1 1
 1 0 0 1 1 1 1 0 1 0 1 1 1 0 1 1 1 1 0 0 1 1 1 0 1 1]
At 19601/30000: COST 0.069/1.847(0.119) -- Acc 0.970/0.490(0.962)
[0 1 1 1 0 1 1 1 0 1 1 0 1 0 1 0 0 1 0 1 1 1 0 0 0 1 1 1 1 1 1 1 1 0 1 1 0
 1 1 0 1 0 1 1 1 1 1 1 1 0 1 0 1 1 0 0 1 0 1 1 0 1 1 1 1 1 0 1 1 1 1 1 0 1
 1 0 1 0 0 1 0 0 1 0 1 1 0 0 0 1 0 1 0 0 1 1 1 0 1 0]
At 19701/30000: COST 0.134/1.700(0.108) -- Acc 0.950/0.520(0.964)
[1 1 1 1 1 1 1 0 0 0 1 0 1 1 1 0 1 0 0 1 1 1 0 0 0 1 1 1 1 0 1 1 1 1 1 0 0
 1 0 0 0 0 1 1 1 1 0 1 0 1 0 1 1 1 0 1 1 0 1 0 1 0 1 1 1 1 0 1 1 0 1 0 1 1
 1 1 1 1 0 1 1 1 1 1 1 1 1 0 1 1 1 1 0 1 0 0 1 0 1 0]
At 19801/30000: COST 0.104/2.112(0.100) -- Acc 0.970/0.490(0.968)
[1 0 1 1 1 0 1 1 1 1 1 0 0 0 1 1 1 1 1 1 1 0 1 0 0 1 1 0 0 1 0 1 1 1 0 1 0
 1 0 1 1 1 1 0 1 0 1 1 1 1 1 0 1 1 1 1 0 1 1 1 1 0 0 1 1 0 0 1 1 0 1 0 0 0
 1 1 1 0 1 1 1 0 1 0 1 0 1 1 1 1 1 1 1 0 1 1 0 1 0 0]
At 19901/30000: COST 0.066/2.143(0.093) -- Acc 0.980/0.530(0.970)
[1 0 0 0 0 0 1 1 1 1 1 1 1 1 0 0 1 0 1 0 0 1 0 1 1 1 0 1 0 1 1 0 1 0 1 1 1
 1 1 1 1 0 0 1 1 0 1 0 1 1 1 0 0 0 1 1 1 1 1 0 0 1 0 1 0 0 1 1 1 1 0 0 1 0
 1 0 0 1 1 0 0 0 1 1 0 1 1 0 1 0 0 0 1 1 1 1 0 1 0 0]
At 20001/30000: COST 0.047/1.758(0.102) -- Acc 0.990/0.560(0.966)
[0 0 1 1 1 1 1 0 0 0 1 1 0 1 0 1 0 0 1 1 1 1 1 1 0 1 1 0 1 1 0 0 0 1 1 1 1
 0 0 0 1 0 1 0 0 0 0 1 0 0 0 1 1 0 0 1 1 1 1 0 1 0 1 1 1 0 1 1 0 0 1 0 1 1
 0 0 0 1 1 0 1 1 1 1 1 1 0 1 1 0 1 1 1 1 0 1 1 1 1 0]
At 20101/30000: COST 0.088/1.945(0.099) -- Acc 0.980/0.580(0.968)
[1 0 1 1 0 0 1 1 1 1 0 0 1 0 0 1 0 0 1 1 1 1 0 0 0 1 1 0 1 1 0 1 1 0 1 1 0
 1 1 1 0 0 0 1 1 1 1 1 1 1 1 1 1 1 1 0 0 0 0 0 1 0 0 0 1 1 1 1 1 0 0 1 1 0
 1 1 1 0 0 1 1 1 1 1 1 1 1 0 1 1 1 1 0 0 0 1 0 1 0 1]
At 20201/30000: COST 0.097/2.512(0.079) -- Acc 0.970/0.470(0.973)
[0 1 1 1 1 0 0 1 1 1 1 0 0 0 0 1 1 1 0 1 0 1 1 1 1 0 1 1 1 1 1 1 1 1 0 0 1
 1 1 0 1 0 0 0 1 0 0 0 1 0 0 1 1 1 1 1 1 1 0 0 1 0 1 1 0 0 1 1 0 1 1 1 0 1
 0 0 0 1 1 0 1 1 1 0 0 1 1 1 1 1 1 1 1 0 1 0 0 0 1 0]
At 20301/30000: COST 0.136/2.143(0.091) -- Acc 0.950/0.500(0.970)
[0 0 0 1 0 1 1 1 0 0 1 1 1 0 1 0 0 1 0 1 1 1 1 1 1 1 0 1 0 1 1 0 1 1 1 1 1
 1 1 1 0 1 1 1 1 0 0 1 1 1 0 0 1 0 1 1 1 1 1 0 1 1 1 0 1 1 1 1 1 0 1 0 1 1
 1 1 1 0 1 1 1 0 1 0 1 1 1 1 1 0 0 0 1 1 0 1 0 0 1 0]
At 20401/30000: COST 0.107/1.994(0.107) -- Acc 0.950/0.460(0.966)
[1 1 1 0 1 1 1 1 0 0 1 1 1 0 1 0 1 1 0 0 1 1 1 0 0 1 1 0 1 1 1 0 1 1 1 1 0
 1 1 1 1 0 1 0 1 1 0 1 1 1 1 1 1 0 1 1 0 1 0 1 1 1 1 0 0 1 1 1 1 0 0 0 1 0
 1 1 0 1 1 1 1 1 1 1 1 0 1 0 0 1 1 1 1 1 1 1 1 1 0 1]
At 20501/30000: COST 0.040/2.120(0.103) -- Acc 0.980/0.520(0.967)
[0 1 1 0 0 1 1 0 1 1 1 0 1 0 1 1 1 1 1 1 1 1 0 0 1 0 1 1 1 1 1 1 1 1 0 1 0
 1 1 1 0 1 0 1 1 1 0 1 0 1 1 1 1 0 1 1 0 0 0 1 0 1 1 1 1 0 1 1 0 1 1 0 1 1
 1 0 1 1 1 0 1 1 1 0 1 0 1 0 1 1 0 1 1 0 1 1 0 1 0 0]
At 20601/30000: COST 0.135/2.357(0.096) -- Acc 0.960/0.460(0.970)
[0 1 0 0 1 1 0 1 1 0 0 1 1 1 1 1 1 0 0 1 1 0 1 0 0 0 1 0 1 1 0 1 1 1 0 0 1
 1 1 1 1 1 1 1 1 1 0 0 1 1 1 0 1 0 1 1 1 1 1 1 1 1 0 1 1 1 0 1 1 0 0 1 1 1
 1 1 0 1 1 1 0 1 1 1 1 1 1 1 1 1 1 1 1 0 0 1 0 1 1 1]
At 20701/30000: COST 0.060/2.272(0.083) -- Acc 0.980/0.460(0.974)
[1 1 1 0 1 0 0 0 1 0 0 0 1 1 0 1 1 1 0 0 1 1 0 0 1 1 1 0 1 0 1 1 1 1 1 1 1
 0 1 1 0 1 1 0 1 0 1 1 0 1 1 1 1 1 0 0 1 1 0 1 1 1 0 1 1 1 0 1 1 1 1 1 0 0
 0 0 1 1 1 0 0 0 0 1 0 1 0 0 1 1 1 0 1 1 0 1 1 1 1 1]
At 20801/30000: COST 0.115/2.669(0.083) -- Acc 0.970/0.400(0.973)
[0 0 1 1 1 1 1 1 0 0 1 1 0 0 1 0 0 0 0 1 1 1 1 0 0 1 1 1 1 1 0 1 1 0 1 1 1
 1 0 0 1 0 1 1 1 1 0 1 0 0 1 1 0 1 1 1 1 1 0 1 1 1 0 0 0 0 1 1 0 0 1 0 0 1
 0 1 0 1 1 1 1 1 0 1 1 1 1 1 0 1 1 1 1 1 0 1 1 0 1 1]
At 20901/30000: COST 0.097/2.763(0.085) -- Acc 0.960/0.470(0.972)
[0 1 1 1 1 1 1 0 1 1 1 1 0 1 1 0 0 0 0 1 0 0 0 0 1 1 1 1 0 1 1 1 0 0 1 1 0
 1 1 1 0 1 1 1 0 1 1 1 1 0 1 1 1 0 1 0 0 1 0 1 1 1 0 1 1 0 1 1 1 0 1 0 1 0
 1 1 0 1 1 1 1 1 0 1 1 1 0 1 0 1 1 0 0 1 0 0 0 0 0 1]
At 21001/30000: COST 0.094/2.498(0.075) -- Acc 0.980/0.490(0.975)
[1 0 0 0 0 0 1 1 1 0 0 1 1 0 1 1 0 0 1 1 1 1 1 0 0 0 0 1 1 0 1 0 1 1 0 0 1
 1 0 0 0 1 1 1 1 1 0 1 1 0 1 0 1 1 1 0 1 0 0 1 1 0 1 0 0 1 0 1 0 1 1 0 1 0
 1 1 0 1 0 0 0 1 1 0 0 1 1 1 1 1 1 1 0 0 0 1 1 0 0 0]
At 21101/30000: COST 0.047/3.013(0.067) -- Acc 0.980/0.390(0.979)
[1 1 0 1 0 0 0 1 1 0 0 1 0 0 1 0 1 1 1 0 1 1 1 0 1 1 1 0 1 1 1 1 0 0 1 1 0
 0 0 0 1 1 0 1 0 0 1 0 1 0 0 1 0 1 0 0 0 1 1 0 1 1 0 0 1 0 1 0 1 1 0 1 0 1
 1 0 1 0 1 1 1 0 1 1 1 1 1 1 0 0 0 1 1 1 1 1 0 1 1 1]
At 21201/30000: COST 0.035/2.944(0.065) -- Acc 0.990/0.410(0.979)
[0 0 1 1 1 1 0 1 0 1 1 1 1 1 1 1 1 1 1 1 0 0 1 0 0 0 1 0 1 1 0 0 0 0 1 0 0
 0 1 1 0 0 1 1 1 1 0 0 0 1 1 0 0 1 1 1 1 1 1 0 1 0 1 1 0 0 0 0 1 1 1 0 0 1
 1 1 0 1 0 0 0 0 1 0 1 0 1 1 1 0 0 0 0 1 1 0 0 1 0 0]
At 21301/30000: COST 0.052/2.995(0.061) -- Acc 0.980/0.440(0.980)
[1 1 1 0 0 0 0 0 1 1 0 0 0 1 0 0 0 1 0 0 1 1 0 1 0 0 0 0 1 0 1 1 1 1 0 1 0
 0 1 1 0 1 1 1 1 1 1 1 1 1 1 1 0 0 0 1 1 0 0 1 1 1 1 1 1 0 0 0 0 1 1 1 0 1
 1 1 1 0 0 1 1 0 0 1 1 1 1 1 0 1 0 1 1 1 1 1 1 1 1 0]
At 21401/30000: COST 0.109/3.084(0.059) -- Acc 0.950/0.430(0.980)
[1 0 0 0 0 1 0 1 1 0 1 1 1 0 0 0 0 0 1 0 0 1 1 1 0 0 1 0 0 1 1 0 1 1 1 1 1
 0 1 0 0 1 0 1 1 1 1 0 0 0 0 1 0 0 0 1 1 0 1 0 1 0 0 0 1 1 1 1 1 0 0 1 1 1
 0 1 1 1 1 1 1 1 1 0 0 1 0 0 1 0 0 1 0 1 1 0 0 0 1 1]
At 21501/30000: COST 0.078/2.750(0.079) -- Acc 0.960/0.460(0.975)
[0 0 1 0 0 1 1 1 0 0 1 0 1 1 0 1 0 0 1 0 1 0 0 1 1 1 1 1 1 1 0 1 0 1 1 0 0
 1 0 0 1 1 1 1 1 1 1 1 0 1 0 0 1 1 0 0 1 0 0 1 0 1 0 1 1 1 0 1 1 0 0 1 0 0
 1 0 1 0 0 1 1 1 0 1 0 0 0 1 0 1 0 0 0 0 1 0 1 0 0 1]
At 21601/30000: COST 0.144/2.415(0.116) -- Acc 0.970/0.430(0.965)
[1 1 1 0 1 0 0 1 1 1 0 1 1 0 1 1 0 1 0 1 1 1 1 1 0 1 0 1 1 1 0 1 1 1 1 1 0
 1 1 1 0 1 1 1 1 0 1 1 0 1 1 1 0 1 1 1 0 1 0 1 0 1 1 1 0 0 1 1 0 1 0 1 1 1
 1 1 1 1 1 1 1 0 1 1 0 1 1 1 1 0 1 0 1 1 0 0 1 1 1 1]
At 21701/30000: COST 0.142/2.121(0.131) -- Acc 0.950/0.430(0.958)
[0 0 1 1 1 1 1 0 1 1 1 1 0 1 0 0 0 0 1 0 1 1 0 1 1 1 1 1 0 1 1 1 1 1 0 1 0
 1 1 1 1 0 1 0 0 1 0 0 1 1 1 1 1 1 0 0 0 0 1 1 1 1 1 0 0 1 0 0 0 1 1 0 1 0
 1 0 0 0 1 1 1 1 0 0 0 1 1 1 0 1 0 1 1 0 1 0 1 1 1 1]
At 21801/30000: COST 0.091/2.362(0.124) -- Acc 0.970/0.480(0.959)
[1 1 1 1 1 0 1 0 1 1 1 1 0 1 1 1 1 1 1 0 0 1 1 1 1 0 1 0 1 0 1 0 0 0 0 1 0
 0 0 1 1 1 0 1 1 1 1 0 1 0 1 0 0 0 0 0 1 1 1 1 0 1 1 0 0 0 1 1 0 1 1 1 1 1
 0 1 1 0 0 1 0 0 0 0 1 1 1 1 0 1 1 1 1 1 1 0 1 0 1 0]
At 21901/30000: COST 0.103/2.078(0.121) -- Acc 0.970/0.540(0.961)
[0 0 1 1 1 1 1 1 1 1 0 0 1 1 0 1 1 0 1 1 0 1 1 1 0 1 1 1 1 0 0 1 1 1 1 0 1
 1 1 1 1 1 1 1 1 0 1 0 0 1 1 1 1 0 0 0 1 1 1 0 0 1 1 1 0 1 0 1 0 0 1 0 0 1
 0 1 0 1 1 0 0 1 0 1 1 0 1 1 0 0 1 1 1 0 0 1 1 0 1 0]
At 22001/30000: COST 0.082/2.418(0.117) -- Acc 0.960/0.500(0.960)
[1 1 0 1 0 1 0 1 1 0 0 1 1 1 0 1 1 1 0 1 1 1 1 1 1 1 0 0 1 1 0 1 1 1 0 1 1
 1 0 0 0 0 0 0 1 1 0 0 0 1 1 1 0 0 1 1 1 1 0 1 1 0 1 1 0 1 0 0 1 0 0 1 1 1
 1 1 0 1 1 0 1 0 1 0 0 0 0 1 1 0 1 1 1 1 0 1 1 1 1 1]
At 22101/30000: COST 0.131/2.100(0.127) -- Acc 0.940/0.490(0.957)
[1 0 1 0 1 1 1 1 1 1 1 0 1 1 1 1 0 1 0 1 0 0 1 1 1 0 0 0 0 1 1 1 1 0 0 1 1
 1 0 0 1 0 0 1 0 1 0 0 1 0 1 1 1 0 0 1 1 0 1 1 0 0 1 1 1 1 1 0 1 0 0 1 1 0
 0 1 0 0 1 1 0 0 1 0 1 1 1 0 1 0 0 1 0 0 0 1 0 1 1 1]
At 22201/30000: COST 0.229/2.066(0.133) -- Acc 0.950/0.500(0.955)
[0 1 1 0 1 1 0 0 1 1 1 1 0 1 0 0 0 1 1 1 1 0 0 1 0 1 1 0 1 1 1 0 0 0 1 1 1
 0 1 1 1 1 0 0 1 1 0 0 1 1 0 1 0 0 0 0 1 1 0 1 1 1 1 0 1 1 0 0 1 1 0 1 1 1
 1 1 1 0 1 0 1 0 1 1 1 1 1 1 0 1 0 1 1 0 0 1 1 0 1 1]
At 22301/30000: COST 0.075/2.036(0.145) -- Acc 0.990/0.510(0.952)
[1 0 1 1 0 0 1 0 0 1 0 1 1 1 1 1 0 0 1 1 0 0 0 1 0 1 1 1 1 1 1 0 0 1 1 1 0
 1 0 1 0 0 1 1 0 0 1 1 1 1 1 1 0 1 1 1 1 0 0 0 1 0 0 1 0 1 0 1 1 0 0 1 0 0
 1 1 0 1 1 1 1 0 0 0 1 1 0 0 0 0 1 1 1 0 0 1 0 0 0 1]
At 22401/30000: COST 0.081/2.200(0.142) -- Acc 0.960/0.500(0.955)
[0 1 1 1 1 1 1 0 1 1 1 0 1 1 0 1 1 1 1 1 0 1 0 0 1 1 1 1 1 1 1 1 1 1 0 1 1
 1 0 1 1 0 0 1 1 1 1 1 0 1 1 1 0 0 1 0 0 1 1 0 0 1 0 1 0 0 0 0 0 0 1 1 1 1
 1 0 1 1 1 1 0 1 1 0 1 0 1 0 1 1 0 0 1 0 1 0 0 1 0 1]
At 22501/30000: COST 0.092/1.846(0.150) -- Acc 0.970/0.470(0.950)
[0 1 1 1 0 0 1 0 1 0 0 1 0 0 1 0 0 1 0 1 1 1 1 1 0 0 1 1 0 1 1 1 1 0 1 1 1
 1 0 1 0 0 0 0 1 1 0 1 0 1 1 1 1 0 0 0 1 0 1 0 1 1 1 0 1 0 0 0 1 1 1 1 0 0
 1 1 0 1 1 1 0 1 0 0 0 0 0 1 0 1 1 1 0 1 1 1 0 0 1 1]
At 22601/30000: COST 0.188/2.071(0.134) -- Acc 0.940/0.470(0.955)
[1 0 0 1 1 1 1 1 1 1 0 1 0 0 0 0 1 0 1 0 1 0 0 0 1 1 1 0 1 1 0 0 1 0 1 1 1
 1 0 0 1 1 1 1 0 0 0 1 0 1 1 1 0 0 0 1 0 1 1 1 0 0 1 0 1 1 1 0 1 0 0 1 1 1
 1 0 0 0 1 0 1 1 0 0 1 1 1 1 1 1 1 0 1 0 1 1 0 1 1 0]
At 22701/30000: COST 0.110/1.976(0.155) -- Acc 0.970/0.470(0.949)
[0 1 1 0 1 1 0 0 0 1 0 0 0 1 0 1 0 0 0 0 0 0 1 1 1 1 1 1 0 0 1 1 0 0 1 0 0
 1 0 0 1 1 0 0 1 0 1 1 0 1 1 1 0 1 1 1 1 0 0 1 0 0 1 0 0 0 1 1 1 0 0 1 1 1
 0 0 1 0 1 1 0 1 0 0 1 0 1 0 0 0 1 0 1 0 1 1 0 1 1 0]
At 22801/30000: COST 0.047/2.070(0.143) -- Acc 0.990/0.520(0.953)
[0 1 0 1 1 0 1 0 1 1 0 1 1 0 0 1 1 1 1 0 1 1 0 1 0 1 1 0 1 1 0 1 0 1 0 1 0
 1 1 0 1 0 1 1 1 0 0 0 0 1 0 1 0 0 1 0 1 1 0 0 1 0 1 0 1 1 0 0 0 0 1 1 1 0
 1 1 0 0 1 0 0 1 0 1 1 1 1 0 0 0 0 1 0 0 1 1 1 0 0 0]
At 22901/30000: COST 0.235/1.790(0.163) -- Acc 0.920/0.470(0.947)
[0 0 0 1 1 1 1 1 1 1 0 1 0 0 0 0 0 0 0 1 0 0 0 0 0 1 0 0 0 1 0 1 1 0 0 0 0
 1 1 0 1 0 0 1 0 0 0 0 0 0 0 1 0 0 1 1 1 0 1 0 1 1 0 1 1 0 1 1 1 1 1 1 1 0
 0 1 1 1 0 0 0 1 1 1 1 0 1 1 1 0 0 1 1 0 1 0 1 1 1 0]
At 23001/30000: COST 0.223/2.027(0.158) -- Acc 0.930/0.400(0.947)
[1 1 0 0 0 1 0 1 0 0 1 0 0 0 1 0 1 1 0 0 0 0 1 0 1 0 0 0 1 1 1 1 1 1 0 1 0
 0 0 0 0 1 1 1 1 1 1 0 0 0 1 0 1 0 0 0 0 1 0 0 0 1 1 1 1 0 0 1 0 0 1 0 0 1
 1 1 1 1 1 1 1 1 0 1 1 1 1 0 1 0 0 1 1 1 1 1 1 1 0 0]
At 23101/30000: COST 0.034/2.269(0.134) -- Acc 0.990/0.420(0.954)
[1 0 0 1 1 1 1 0 1 0 0 0 0 1 1 1 1 0 0 1 1 1 0 1 0 1 1 0 0 1 0 0 0 1 1 0 1
 0 1 1 1 0 0 0 1 0 0 1 1 1 0 1 0 1 0 0 0 0 1 1 0 0 1 1 1 0 0 0 0 0 0 1 0 0
 1 0 0 1 1 0 0 1 1 0 0 1 1 1 1 0 1 0 1 1 0 1 1 1 0 1]
At 23201/30000: COST 0.106/2.575(0.118) -- Acc 0.980/0.420(0.961)
[0 1 1 1 0 1 0 0 1 1 1 0 0 0 0 1 0 1 1 1 1 0 1 1 1 1 0 0 1 1 1 1 0 1 0 0 0
 0 0 1 0 1 0 1 1 1 0 1 0 0 1 0 1 1 1 1 0 0 0 1 1 0 1 1 1 0 1 1 0 0 1 1 1 0
 1 1 0 1 0 0 0 0 1 0 1 1 0 1 1 1 1 0 1 1 1 1 1 1 0 1]
At 23301/30000: COST 0.199/2.464(0.144) -- Acc 0.930/0.440(0.952)
[1 0 0 1 0 1 1 0 1 0 0 0 1 0 0 0 1 1 1 0 0 0 1 1 0 1 0 1 1 1 1 1 0 0 1 0 0
 1 0 0 1 1 1 0 0 0 1 0 1 0 1 0 0 1 1 0 1 0 1 1 0 0 1 0 1 1 1 1 1 1 0 1 1 1
 1 1 1 1 0 0 1 0 1 0 1 1 0 0 0 1 1 0 0 1 1 1 0 0 0 1]
At 23401/30000: COST 0.233/1.994(0.145) -- Acc 0.920/0.470(0.952)
[0 0 1 0 1 0 1 0 0 1 0 0 1 1 0 0 1 0 1 1 0 1 1 1 1 1 1 0 1 1 0 0 1 0 1 0 1
 1 0 0 1 1 0 1 1 1 1 0 0 0 1 1 0 1 1 1 1 0 1 1 0 1 1 1 1 0 0 0 1 0 0 1 0 0
 0 1 1 0 1 0 0 0 1 0 1 1 1 1 1 1 0 0 0 0 1 1 1 0 1 1]
At 23501/30000: COST 0.329/1.942(0.165) -- Acc 0.900/0.470(0.943)
[1 0 1 1 0 1 1 1 1 1 1 0 1 1 0 1 0 1 1 0 1 0 0 1 1 0 0 1 1 1 1 1 1 1 1 1 1
 1 0 1 0 0 0 1 0 0 0 0 0 0 1 1 0 0 1 1 1 1 1 0 0 1 1 0 1 1 0 0 1 1 0 1 0 0
 0 0 0 1 1 1 1 1 1 1 0 1 1 0 1 0 1 1 1 0 0 0 0 0 1 1]
At 23601/30000: COST 0.158/1.871(0.157) -- Acc 0.940/0.420(0.947)
[0 1 0 1 1 0 1 0 0 0 1 0 1 0 1 1 1 1 0 1 0 1 1 1 0 1 1 1 1 0 0 1 1 1 1 1 0
 0 1 1 1 1 1 0 1 0 1 1 1 0 1 1 0 1 1 0 1 0 1 1 1 0 0 0 0 1 1 1 1 0 0 0 1 1
 1 1 1 1 0 1 1 1 0 0 1 0 1 0 1 1 1 1 1 0 1 1 1 0 1 0]
At 23701/30000: COST 0.164/2.082(0.155) -- Acc 0.970/0.430(0.947)
[0 0 0 1 1 1 1 1 1 0 0 1 0 0 0 0 1 0 0 0 1 0 0 0 0 1 1 1 0 1 0 1 1 0 1 1 1
 1 0 0 0 1 1 1 1 1 0 1 1 1 1 1 0 0 1 1 0 1 1 0 0 1 1 1 0 1 1 0 0 0 1 1 0 1
 0 1 1 0 1 0 0 1 1 1 0 0 1 1 1 1 1 1 1 0 1 1 0 0 0 0]
At 23801/30000: COST 0.150/1.475(0.175) -- Acc 0.930/0.490(0.939)
[1 1 1 0 0 0 1 1 0 1 1 0 1 0 0 1 1 1 0 1 1 1 1 1 0 1 1 0 1 0 1 0 0 1 0 1 1
 0 0 0 1 0 0 1 1 1 1 1 1 0 1 1 0 1 1 0 1 0 1 1 0 0 0 1 0 1 0 0 1 0 1 1 1 1
 1 1 0 1 1 0 1 0 0 1 0 1 1 1 1 1 0 1 1 0 0 0 0 0 1 1]
At 23901/30000: COST 0.150/1.521(0.221) -- Acc 0.950/0.480(0.921)
[0 0 1 1 0 1 0 1 1 1 1 0 1 1 1 0 0 0 0 1 1 0 1 1 0 0 1 1 0 0 1 0 0 1 1 1 0
 1 0 0 0 1 1 1 1 1 1 1 0 1 1 0 1 0 1 1 0 0 1 1 1 0 0 0 0 0 1 0 1 1 0 0 1 1
 1 1 1 1 1 1 1 1 1 1 1 1 0 0 1 0 1 1 1 0 1 0 1 1 1 1]
At 24001/30000: COST 0.214/1.541(0.212) -- Acc 0.910/0.430(0.923)
[1 0 1 0 1 1 0 0 1 0 1 0 1 0 0 0 1 1 1 1 1 1 1 1 1 1 1 0 0 1 1 1 0 0 1 1 1
 1 1 0 1 0 0 1 0 0 0 1 1 1 1 1 0 0 1 0 1 0 0 1 1 1 1 1 0 1 0 1 1 1 0 1 0 1
 1 0 1 1 0 0 0 1 1 0 1 0 0 1 1 0 0 1 0 0 0 1 1 0 1 0]
At 24101/30000: COST 0.123/1.632(0.211) -- Acc 0.950/0.430(0.925)
[0 1 0 1 1 1 1 0 1 0 0 0 0 1 1 0 1 0 1 1 0 1 1 0 1 1 1 1 0 0 1 0 1 1 1 0 1
 1 1 1 1 0 1 0 0 0 0 0 0 1 1 1 1 1 1 0 0 0 0 1 1 0 1 0 0 0 0 1 1 1 1 1 0 0
 1 0 0 1 0 0 1 1 1 1 0 1 1 0 0 1 1 0 1 1 1 0 0 1 1 1]
At 24201/30000: COST 0.158/1.669(0.203) -- Acc 0.940/0.420(0.928)
[1 1 1 0 0 0 1 0 1 0 0 1 1 1 1 0 0 0 1 1 0 1 0 0 1 0 1 1 0 1 1 1 1 0 1 1 1
 0 1 1 1 1 0 1 1 0 1 1 0 1 0 1 0 1 0 1 0 1 0 0 0 0 1 1 0 1 0 1 1 1 0 1 1 1
 1 0 0 0 1 1 0 1 1 1 0 1 1 0 1 1 1 1 1 0 1 0 0 0 1 1]
At 24301/30000: COST 0.304/1.567(0.232) -- Acc 0.890/0.430(0.916)
[0 1 0 1 1 0 1 0 1 0 1 0 1 1 0 0 0 0 1 1 0 1 1 1 0 1 1 0 1 1 0 1 1 0 1 0 1
 1 0 1 1 0 1 1 1 0 1 0 1 0 1 1 1 1 0 1 0 1 1 1 1 0 0 0 0 1 1 0 0 1 1 0 1 0
 1 1 1 1 0 0 0 1 1 1 0 1 0 1 1 1 1 1 0 0 1 0 1 0 0 0]
At 24401/30000: COST 0.211/1.501(0.234) -- Acc 0.910/0.430(0.915)
[1 1 1 0 1 1 1 1 0 1 1 1 1 0 1 0 1 0 1 1 1 1 0 0 1 1 0 1 1 0 0 0 0 1 1 1 1
 0 0 1 1 1 0 1 1 1 1 1 0 1 1 0 1 1 0 0 0 0 1 1 0 0 1 0 0 1 1 0 1 1 1 0 0 1
 0 1 0 0 1 1 1 1 0 0 0 0 0 1 1 1 0 1 1 1 1 1 1 1 1 1]
At 24501/30000: COST 0.252/1.355(0.237) -- Acc 0.910/0.460(0.914)
[1 0 1 1 0 1 0 1 1 1 1 1 1 1 1 1 1 1 1 1 1 0 1 1 0 0 1 1 0 0 1 1 1 1 0 1 0
 0 1 1 0 0 0 1 1 1 1 1 1 0 1 1 0 0 1 1 1 0 1 1 1 0 0 1 1 1 0 0 0 1 1 1 0 1
 1 1 0 0 1 1 0 0 0 1 0 0 0 1 0 0 1 1 1 1 1 0 1 1 0 1]
At 24601/30000: COST 0.289/1.255(0.240) -- Acc 0.890/0.510(0.912)
[1 1 1 0 1 1 1 1 1 1 1 1 0 1 1 0 1 1 1 0 1 0 1 0 1 1 1 0 1 0 1 1 0 1 1 0 1
 1 0 1 0 1 0 0 1 0 1 0 1 0 1 0 1 0 1 1 0 0 1 0 1 0 1 1 0 1 0 0 0 0 0 1 1 1
 1 1 0 1 1 1 1 0 1 0 1 1 1 0 0 1 1 0 0 1 1 1 1 0 0 1]
At 24701/30000: COST 0.227/1.498(0.240) -- Acc 0.910/0.410(0.911)
[1 1 0 1 0 1 1 1 1 0 0 1 1 1 0 1 1 1 1 1 1 1 1 1 0 0 1 0 0 1 1 1 1 0 0 1 1
 0 0 0 0 1 0 0 0 1 1 0 0 1 1 1 0 1 0 1 1 1 1 1 1 0 0 0 1 0 0 1 0 1 0 1 1 1
 0 0 1 0 0 0 0 1 1 1 1 0 1 0 0 0 1 1 0 1 0 0 1 1 0 1]
At 24801/30000: COST 0.328/1.479(0.234) -- Acc 0.870/0.460(0.913)
[1 1 1 0 1 1 1 1 0 0 1 1 1 1 1 1 1 0 0 1 0 1 0 1 1 0 1 0 0 1 1 0 1 1 1 1 1
 1 0 1 1 0 1 0 0 0 0 0 0 0 1 0 1 0 1 1 1 0 1 0 1 0 1 1 1 1 1 1 1 0 1 1 0 1
 1 0 1 1 0 1 1 1 1 0 0 1 1 1 0 0 1 0 1 1 0 0 1 1 0 1]
At 24901/30000: COST 0.296/1.371(0.254) -- Acc 0.860/0.460(0.905)
[1 0 1 0 1 0 1 1 1 1 0 1 0 0 0 1 1 0 0 1 1 1 0 0 1 1 1 0 1 0 1 1 0 1 0 1 1
 0 1 0 1 1 1 0 1 1 1 1 1 0 1 0 1 1 1 1 1 1 1 1 0 1 1 1 0 1 1 1 1 0 0 1 1 1
 1 1 1 1 0 0 1 1 1 0 1 0 1 1 0 0 0 0 1 1 0 1 0 1 0 1]
At 25001/30000: COST 0.429/1.629(0.254) -- Acc 0.850/0.440(0.903)
[1 0 0 1 1 1 1 0 0 1 0 0 0 0 0 1 1 0 1 1 1 0 0 1 1 1 0 1 0 0 1 1 0 1 1 0 1
 0 1 1 1 1 1 0 1 1 1 1 1 1 1 1 1 1 0 1 1 1 1 0 0 0 0 1 0 1 1 1 1 1 1 0 1 1
 0 1 1 1 0 0 1 1 1 1 1 0 1 1 1 0 1 0 0 1 1 1 0 1 0 0]
At 25101/30000: COST 0.390/1.422(0.264) -- Acc 0.850/0.470(0.899)
[0 1 0 1 1 0 0 0 1 1 1 1 0 1 1 1 0 1 1 0 0 1 1 1 1 1 0 0 1 0 0 1 1 0 1 1 1
 1 0 0 1 0 1 0 1 1 1 1 0 1 0 0 0 1 0 1 1 1 1 0 1 1 1 0 1 1 1 0 0 0 1 1 1 1
 1 1 1 0 1 0 1 0 1 0 1 1 0 1 0 0 1 0 1 1 1 1 0 1 1 1]
At 25201/30000: COST 0.231/1.612(0.282) -- Acc 0.920/0.400(0.892)
[0 0 0 1 1 0 1 0 0 1 1 1 0 1 1 1 1 1 0 1 0 0 0 1 1 1 1 1 0 1 1 1 1 0 1 1 1
 1 1 0 0 1 1 0 0 1 1 0 0 0 0 1 1 0 1 0 1 0 0 1 1 0 1 1 1 0 1 1 1 0 0 1 1 1
 1 0 0 1 1 1 1 1 1 1 1 1 0 0 1 1 1 0 1 1 0 0 1 1 0 1]
At 25301/30000: COST 0.417/1.289(0.323) -- Acc 0.820/0.480(0.872)
[1 1 1 1 0 1 1 1 1 0 1 1 1 1 1 1 0 1 1 1 0 1 0 1 0 1 1 1 1 0 1 1 0 1 0 0 1
 0 0 1 0 1 0 0 1 0 0 0 1 1 0 0 0 1 0 1 1 0 1 1 1 0 1 0 1 1 0 1 1 1 0 1 1 0
 1 1 1 1 1 1 0 0 1 1 0 1 0 1 1 0 1 0 1 1 1 0 0 1 1 1]
At 25401/30000: COST 0.349/1.228(0.346) -- Acc 0.850/0.430(0.860)
[0 0 1 1 1 1 1 0 1 1 0 0 0 0 1 0 0 1 0 1 0 0 1 1 1 1 1 0 0 0 1 0 1 1 1 1 1
 1 0 1 0 1 1 1 1 0 0 1 0 0 1 0 1 1 1 1 1 0 1 1 1 0 1 1 1 1 1 1 0 1 1 0 1 0
 0 1 0 1 0 1 1 1 0 0 1 1 0 0 1 1 1 1 0 1 1 0 1 0 0 1]
At 25501/30000: COST 0.388/1.354(0.321) -- Acc 0.860/0.460(0.872)
[0 1 0 1 1 1 0 0 1 1 0 1 1 1 1 1 1 0 0 0 1 1 1 1 1 1 1 1 1 1 0 1 1 1 1 1 0
 1 1 0 1 0 0 0 1 0 1 1 1 1 0 1 1 1 1 0 1 0 1 1 1 0 1 0 0 1 0 1 1 1 0 1 1 0
 1 0 1 1 1 0 1 1 1 1 1 1 0 0 1 0 0 0 0 0 1 0 1 1 1 0]
At 25601/30000: COST 0.248/1.416(0.285) -- Acc 0.900/0.460(0.891)
[0 0 0 0 0 0 1 1 0 1 0 0 1 0 0 1 1 1 0 1 1 0 1 0 0 0 0 0 1 0 0 0 1 1 1 1 1
 1 1 0 1 1 1 0 1 0 0 1 1 1 0 1 0 0 1 0 1 1 1 1 0 1 0 1 0 0 1 1 0 0 1 1 1 0
 1 0 0 1 1 0 0 0 1 1 1 0 1 0 0 1 1 0 0 0 1 1 0 1 1 1]
At 25701/30000: COST 0.217/1.553(0.273) -- Acc 0.930/0.450(0.898)
[1 0 0 0 1 1 0 0 1 0 0 0 1 1 1 0 1 0 0 1 1 0 0 1 1 0 1 1 1 0 0 1 1 0 1 1 0
 0 0 1 1 1 0 1 1 0 0 0 0 0 1 1 0 1 0 1 0 0 0 1 1 1 1 1 1 1 0 0 1 1 0 0 1 0
 0 0 1 1 0 1 0 0 1 1 1 0 0 1 1 0 1 0 1 0 1 0 1 0 1 1]
At 25801/30000: COST 0.250/1.598(0.266) -- Acc 0.910/0.470(0.901)
[1 0 1 0 1 1 1 0 0 1 1 0 0 1 1 1 0 0 0 1 1 0 0 1 0 1 1 0 1 0 0 0 1 1 0 1 0
 1 1 1 1 0 1 0 0 1 0 0 0 1 1 0 1 0 1 0 0 1 1 1 0 0 1 1 0 1 1 0 0 0 1 1 1 1
 1 0 0 0 0 0 1 0 0 1 1 0 1 1 0 0 0 0 1 1 0 0 1 0 1 1]
At 25901/30000: COST 0.265/1.514(0.266) -- Acc 0.900/0.480(0.900)
[0 1 1 0 0 0 1 1 0 1 1 0 0 1 0 1 1 1 1 0 0 1 0 1 1 1 1 0 0 0 1 1 0 0 1 1 1
 1 0 1 0 0 0 1 1 1 0 0 1 1 1 0 1 0 0 1 1 0 1 0 0 1 1 1 0 0 1 0 1 0 0 0 0 1
 1 1 0 1 0 1 0 1 0 1 1 1 0 0 1 0 1 0 1 0 1 1 1 1 0 1]
At 26001/30000: COST 0.317/1.388(0.277) -- Acc 0.900/0.480(0.896)
[0 1 0 0 1 0 1 1 1 0 1 1 0 1 1 0 0 1 1 1 0 0 1 1 1 1 1 1 1 0 0 1 0 1 1 1 0
 0 1 1 0 0 0 1 0 0 1 0 1 1 1 0 0 1 1 0 0 0 0 1 1 1 0 0 0 1 0 0 0 0 1 1 1 1
 1 1 1 1 0 1 0 1 1 1 0 1 0 0 0 0 0 0 1 0 1 1 0 0 1 1]
At 26101/30000: COST 0.342/1.440(0.292) -- Acc 0.860/0.490(0.886)
[1 0 0 0 1 0 0 0 1 1 1 1 1 0 1 0 1 0 1 1 1 0 1 0 1 0 0 0 1 1 0 0 0 1 0 1 1
 1 0 0 1 0 1 0 1 1 1 1 1 1 1 1 0 0 0 1 1 1 1 1 0 1 1 1 0 1 1 0 0 0 0 0 1 0
 1 0 0 0 0 1 0 1 1 1 0 1 1 1 1 1 1 0 1 1 0 1 1 0 1 0]
At 26201/30000: COST 0.346/1.405(0.300) -- Acc 0.840/0.500(0.882)
[1 0 0 1 0 0 1 0 1 0 1 1 1 1 1 1 1 0 1 0 1 1 1 1 0 1 1 0 1 1 0 1 1 0 0 1 1
 0 1 1 1 1 0 0 1 0 1 1 1 1 0 0 0 0 1 1 1 1 1 1 1 0 0 0 1 1 0 1 1 0 1 1 1 0
 0 1 0 0 0 0 1 0 1 1 1 1 1 1 0 0 0 1 1 1 1 0 0 1 1 0]
At 26301/30000: COST 0.337/1.396(0.311) -- Acc 0.850/0.480(0.877)
[0 1 0 0 1 0 0 1 1 0 0 0 0 0 1 1 1 1 1 0 0 0 1 1 1 0 1 1 0 0 1 1 1 1 0 1 0
 1 1 0 1 1 0 0 0 1 1 0 1 1 1 1 0 0 1 1 1 0 1 0 0 0 0 1 1 0 0 1 1 1 1 1 0 0
 0 0 0 1 1 0 1 0 1 1 0 0 1 0 1 1 1 1 0 1 1 0 1 0 1 1]
At 26401/30000: COST 0.296/1.458(0.310) -- Acc 0.890/0.460(0.877)
[1 1 1 1 0 0 1 1 1 0 0 1 1 0 0 1 0 1 1 0 1 1 0 1 0 0 0 0 0 1 0 1 1 1 1 1 1
 1 0 1 1 1 1 1 1 0 1 0 0 1 0 0 1 1 1 0 1 0 1 1 0 0 0 1 0 1 1 1 0 0 1 1 1 1
 1 0 1 0 1 0 0 1 1 0 0 0 1 0 0 0 1 1 1 0 0 1 1 0 0 0]
At 26501/30000: COST 0.291/1.397(0.318) -- Acc 0.910/0.470(0.873)
[0 0 0 0 1 0 0 1 0 1 0 1 1 1 0 0 0 1 0 0 0 0 1 0 1 0 0 0 1 1 1 0 0 0 1 1 1
 0 0 0 1 1 0 1 0 1 1 1 1 0 1 1 0 0 1 1 0 0 0 1 0 1 0 0 0 1 1 0 1 1 1 1 1 1
 1 1 1 1 1 0 0 0 0 1 1 0 1 0 1 1 0 1 1 1 1 1 1 1 0 0]
At 26601/30000: COST 0.225/1.438(0.317) -- Acc 0.930/0.460(0.872)
[0 1 1 0 1 1 0 1 0 1 1 1 0 1 1 1 1 1 1 0 0 0 0 1 1 1 0 0 1 1 1 1 1 0 1 0 1
 0 1 0 0 1 0 1 1 0 1 0 0 1 1 1 1 1 1 1 0 0 1 0 0 1 0 1 1 1 0 1 1 1 1 1 1 0
 0 1 1 0 1 1 0 0 1 0 1 1 1 0 0 1 1 0 0 1 1 0 0 1 1 0]
At 26701/30000: COST 0.327/1.353(0.330) -- Acc 0.880/0.480(0.868)
[0 1 1 1 0 0 1 1 1 1 0 0 0 0 1 1 0 0 1 0 1 1 1 1 0 0 1 1 0 1 0 1 0 1 1 0 1
 1 0 0 0 0 1 1 1 1 1 1 0 1 0 1 1 0 1 0 0 0 0 0 0 1 0 0 0 0 1 1 0 0 1 0 1 1
 1 0 1 1 1 1 0 0 0 0 0 1 1 1 0 1 1 0 1 0 1 0 1 0 1 1]
At 26801/30000: COST 0.465/1.484(0.341) -- Acc 0.840/0.420(0.865)
[1 0 0 0 1 1 1 0 1 1 1 1 1 0 1 1 1 0 0 0 1 1 0 0 1 1 0 1 1 1 1 1 0 1 1 0 0
 1 0 0 0 0 1 0 0 1 0 0 1 1 1 1 1 0 0 0 0 1 1 1 1 1 1 0 1 1 0 0 0 0 0 0 0 0
 0 0 0 1 0 1 1 0 1 1 0 0 1 0 1 1 0 0 0 0 0 0 0 0 0 0]
At 26901/30000: COST 0.425/1.353(0.351) -- Acc 0.840/0.500(0.860)
[0 1 1 1 0 0 0 1 1 1 0 0 1 1 1 0 0 0 0 0 1 1 1 0 1 1 1 1 0 0 1 0 0 1 0 0 0
 1 0 1 1 1 1 1 0 1 0 0 1 1 1 0 1 1 1 0 1 0 1 1 0 0 0 0 1 1 1 0 0 0 0 1 0 1
 0 1 1 1 1 0 0 1 0 1 0 1 1 1 1 0 1 1 1 1 1 0 0 0 1 0]
At 27001/30000: COST 0.368/1.516(0.344) -- Acc 0.890/0.440(0.864)
[1 1 1 1 0 0 0 0 1 1 1 0 1 1 0 0 1 0 0 0 0 0 1 1 1 1 1 0 1 0 1 0 0 1 0 0 1
 0 0 0 0 1 1 1 0 1 0 0 1 1 1 1 0 0 0 1 1 1 1 1 1 0 1 1 1 0 0 1 0 0 0 1 1 1
 1 1 0 0 0 0 1 1 0 1 0 1 1 0 0 0 1 1 1 1 0 0 0 0 0 1]
At 27101/30000: COST 0.425/1.292(0.349) -- Acc 0.800/0.470(0.859)
[0 1 0 0 1 0 0 0 1 1 0 0 1 1 0 1 0 0 0 0 1 1 0 0 0 1 1 0 1 0 1 0 1 1 1 0 0
 1 0 0 1 1 1 1 1 1 1 1 0 1 0 0 0 1 1 0 0 0 1 0 0 0 1 1 0 0 1 0 1 0 0 1 0 1
 0 1 1 0 1 1 0 1 1 1 0 0 0 0 1 1 1 0 0 1 0 1 0 1 1 1]
At 27201/30000: COST 0.459/1.186(0.377) -- Acc 0.810/0.450(0.846)
[1 1 0 1 1 1 0 1 1 1 1 0 0 0 1 1 1 0 1 1 0 1 1 1 0 0 1 0 0 1 0 1 1 0 1 0 0
 1 1 1 1 1 0 0 0 1 0 0 0 0 0 1 0 1 1 0 1 0 0 0 1 1 1 0 1 1 0 1 0 0 1 1 1 1
 0 0 1 0 1 1 1 0 0 0 1 1 1 0 0 0 1 1 0 1 0 1 0 1 0 0]
At 27301/30000: COST 0.403/1.211(0.413) -- Acc 0.880/0.410(0.823)
[1 1 0 1 0 0 0 0 1 1 0 1 1 1 1 0 1 0 0 1 0 1 1 0 0 1 1 1 0 1 1 1 0 0 1 0 0
 1 0 1 1 1 0 0 1 0 0 0 0 0 1 0 1 1 1 1 1 0 1 0 0 1 0 0 1 1 0 1 0 1 0 0 1 0
 1 1 1 0 1 1 0 0 0 0 1 0 1 0 1 0 0 1 0 1 1 1 1 1 1 1]
At 27401/30000: COST 0.320/1.305(0.425) -- Acc 0.870/0.450(0.818)
[0 1 0 1 0 0 1 1 0 1 1 0 1 1 0 1 1 1 1 1 0 0 1 0 1 0 0 1 0 1 1 0 1 1 1 1 0
 0 1 1 1 1 0 0 1 0 1 0 1 1 1 0 0 0 0 1 0 1 0 1 1 1 0 1 0 0 0 0 1 1 1 0 1 0
 1 0 0 1 0 0 1 1 1 1 1 1 0 1 0 1 1 0 0 1 1 1 1 0 0 0]
At 27501/30000: COST 0.356/1.164(0.431) -- Acc 0.880/0.470(0.816)
[0 1 1 1 0 1 0 0 1 1 0 0 0 0 0 1 0 1 0 0 0 0 0 0 0 1 0 0 1 0 1 1 1 1 1 0 0
 0 1 0 1 1 1 0 0 0 1 0 0 1 1 1 1 1 1 1 1 0 0 1 0 1 0 0 1 1 1 0 1 0 0 0 1 0
 0 0 1 1 0 1 1 1 0 0 1 0 1 1 0 0 0 0 0 0 1 0 1 1 0 1]
At 27601/30000: COST 0.382/1.113(0.436) -- Acc 0.840/0.500(0.809)
[1 0 1 0 0 0 1 0 0 0 1 1 0 1 1 1 1 1 0 0 0 0 1 0 1 0 0 1 0 1 1 1 0 0 0 1 0
 0 0 0 0 0 1 0 0 0 1 1 0 1 0 1 1 0 0 1 1 1 0 1 1 0 1 0 0 1 1 1 1 1 1 0 1 1
 1 1 0 0 1 0 1 0 1 1 1 0 1 1 1 1 1 0 0 1 0 1 0 0 0 1]
At 27701/30000: COST 0.532/1.039(0.467) -- Acc 0.760/0.470(0.791)
[0 1 0 1 0 0 0 1 0 1 0 0 1 0 0 0 0 0 1 1 0 0 0 1 1 1 1 1 1 0 0 1 0 0 0 0 1
 1 0 0 1 1 1 0 0 0 0 0 0 1 0 1 0 1 1 0 1 0 1 1 1 1 1 0 1 1 1 1 1 1 1 0 0 1
 1 0 0 1 0 1 1 1 0 1 1 0 0 1 0 1 1 0 0 1 1 1 1 0 1 1]
At 27801/30000: COST 0.536/0.972(0.491) -- Acc 0.760/0.520(0.776)
[1 1 1 1 1 1 0 1 0 1 1 0 0 0 1 1 1 1 0 1 0 1 1 1 0 1 1 1 1 0 1 0 1 0 1 1 0
 1 1 0 0 1 1 1 1 1 0 0 1 0 1 0 0 0 1 0 1 1 1 0 0 1 1 1 1 1 0 0 0 0 1 0 0 1
 0 0 0 0 1 0 1 1 0 1 1 1 0 1 0 0 0 0 1 0 1 1 1 0 1 1]
At 27901/30000: COST 0.455/1.151(0.487) -- Acc 0.780/0.430(0.776)
[0 1 0 1 1 0 1 1 0 0 1 1 0 1 1 1 1 0 0 1 0 1 1 1 1 1 0 0 0 0 1 0 0 1 0 0 0
 1 0 1 1 1 1 1 0 1 1 0 0 1 1 1 0 1 1 0 1 0 0 0 1 1 0 1 0 0 0 1 1 0 1 1 1 0
 1 0 0 0 0 0 0 1 1 1 0 0 0 1 1 0 1 0 1 0 1 0 0 1 0 0]
At 28001/30000: COST 0.482/1.079(0.483) -- Acc 0.770/0.480(0.778)
[0 0 1 1 1 1 1 0 0 0 0 1 1 1 0 1 0 1 0 0 1 1 1 1 1 1 1 1 0 1 1 0 1 0 1 0 0
 0 0 0 1 1 0 1 0 1 0 1 1 1 1 1 1 0 1 1 0 0 1 1 0 0 0 1 0 0 1 0 0 1 1 1 1 1
 0 1 0 1 1 1 1 1 1 0 1 1 1 0 1 0 1 0 1 1 0 0 1 0 1 1]
At 28101/30000: COST 0.504/0.928(0.484) -- Acc 0.770/0.510(0.778)
[1 1 1 1 0 1 0 1 0 0 1 0 0 1 0 1 0 0 1 1 0 1 0 0 0 1 0 1 0 1 1 0 0 1 1 1 1
 0 1 0 0 1 0 1 0 1 0 1 1 0 1 0 1 1 1 1 0 1 1 0 1 1 1 1 1 0 1 1 1 0 0 1 1 1
 0 0 1 1 1 0 0 0 1 0 1 0 0 0 1 1 1 1 0 1 1 0 1 0 1 0]
At 28201/30000: COST 0.523/1.087(0.501) -- Acc 0.750/0.440(0.766)
[1 1 0 1 1 1 1 0 0 0 0 1 1 0 1 0 0 1 1 1 1 0 1 1 0 0 0 1 0 0 0 1 0 1 0 1 1
 0 1 1 1 0 1 0 1 1 0 0 1 1 1 1 1 1 1 1 1 0 0 0 1 1 1 0 1 0 0 1 0 1 1 0 0 1
 0 1 0 1 1 1 1 0 1 0 1 0 1 0 0 0 0 1 1 0 0 0 1 1 1 0]
At 28301/30000: COST 0.598/0.985(0.519) -- Acc 0.670/0.450(0.757)
[1 1 0 0 1 1 1 1 1 1 1 1 1 0 1 1 1 0 0 1 0 0 1 1 0 1 1 1 1 1 1 1 1 1 0 0 0
 0 1 1 1 1 0 1 1 0 1 1 0 1 0 1 1 1 0 0 1 1 1 1 0 1 0 1 0 1 0 1 0 1 1 0 0 1
 1 0 1 0 0 1 1 1 1 1 1 0 1 1 1 1 1 0 0 0 0 0 1 1 1 0]
At 28401/30000: COST 0.569/0.949(0.551) -- Acc 0.740/0.380(0.732)
[0 1 1 1 0 0 1 1 0 0 0 1 0 1 1 0 1 0 1 1 1 0 1 1 0 1 1 1 1 1 1 1 0 1 0 0 0
 1 1 0 1 1 0 0 1 0 1 0 1 0 1 1 0 1 1 1 1 0 1 1 0 0 1 1 1 0 1 1 1 1 0 0 1 1
 0 1 1 0 1 0 1 1 1 0 0 1 1 1 1 1 1 1 1 1 0 0 1 1 1 1]
At 28501/30000: COST 0.542/0.999(0.552) -- Acc 0.750/0.380(0.731)
[1 1 1 0 0 1 1 1 0 1 0 1 1 0 0 1 1 1 1 0 1 1 0 1 1 1 0 1 0 0 1 0 1 0 1 1 1
 1 1 1 0 1 0 1 1 0 1 1 0 0 0 0 1 1 0 1 1 1 1 1 0 0 1 1 0 1 1 1 0 1 1 1 1 1
 1 0 1 0 1 1 0 1 1 0 1 1 1 1 1 0 1 0 0 1 0 0 1 1 1 1]
At 28601/30000: COST 0.573/0.885(0.562) -- Acc 0.740/0.510(0.728)
[0 1 0 1 1 0 1 1 0 1 0 1 0 1 0 1 0 0 0 0 1 1 1 0 0 1 1 1 0 1 1 1 1 0 1 0 0
 0 1 0 1 0 1 1 0 1 0 1 1 0 0 0 1 1 1 0 1 0 0 1 1 1 1 1 0 1 0 0 1 0 0 0 0 1
 1 1 0 1 0 1 0 0 1 1 1 0 1 1 1 1 1 1 1 0 1 1 1 1 1 0]
At 28701/30000: COST 0.672/0.968(0.569) -- Acc 0.590/0.450(0.718)
[1 1 1 1 1 1 1 1 1 1 0 1 0 0 0 0 0 1 1 0 1 1 0 0 0 1 0 1 1 0 1 1 0 0 1 1 0
 1 0 1 1 1 0 1 1 1 1 1 1 1 1 0 1 1 0 1 0 0 1 0 1 1 1 0 1 1 1 0 1 0 1 0 1 1
 1 1 0 1 0 0 1 0 0 1 1 1 1 1 0 0 1 1 0 0 1 1 1 1 0 1]
At 28801/30000: COST 0.532/0.885(0.576) -- Acc 0.780/0.450(0.710)
[0 0 1 0 1 1 1 1 1 1 1 1 1 1 1 1 1 1 1 1 0 0 0 0 1 0 0 1 0 1 1 1 0 1 1 1 1
 1 0 0 1 1 0 1 0 1 1 1 0 0 0 1 1 1 0 0 1 0 1 0 1 1 1 0 0 0 1 0 1 1 1 0 1 0
 1 0 1 0 1 0 1 1 0 1 0 1 1 0 1 1 0 0 1 0 1 1 1 0 1 1]
At 28901/30000: COST 0.572/0.925(0.577) -- Acc 0.700/0.450(0.705)
[1 1 1 0 1 1 0 0 0 0 1 1 0 0 1 1 1 0 0 0 0 1 1 1 0 1 1 1 1 0 0 0 1 1 1 1 1
 1 1 1 0 0 0 0 1 1 1 1 1 0 1 0 1 1 1 1 0 1 1 1 0 0 0 0 1 0 0 1 1 1 1 0 0 1
 1 1 1 1 0 0 1 0 0 1 0 0 1 0 0 0 1 1 0 1 0 1 0 1 1 1]
At 29001/30000: COST 0.535/0.850(0.586) -- Acc 0.740/0.510(0.701)
[1 1 1 1 1 1 0 0 1 0 0 1 0 1 1 1 1 1 1 1 1 1 0 0 1 0 0 1 1 1 1 1 1 1 1 0 1
 1 0 1 1 1 0 1 0 0 0 1 0 1 1 1 1 0 0 1 1 1 1 1 1 1 0 1 1 1 0 1 1 0 1 1 0 1
 1 1 1 0 1 0 0 1 1 1 0 0 1 1 1 0 1 0 1 1 0 1 1 0 1 0]
At 29101/30000: COST 0.623/0.803(0.600) -- Acc 0.660/0.450(0.686)
[1 1 0 0 0 1 1 1 1 1 1 1 1 0 0 1 1 1 0 1 1 1 1 0 1 1 1 1 0 0 1 1 1 1 0 1 1
 0 1 1 1 1 1 0 0 1 1 1 0 1 1 1 1 1 0 1 1 0 1 0 1 1 0 0 1 1 1 1 1 0 0 1 0 0
 1 0 1 1 1 1 1 1 1 1 1 1 1 1 1 1 1 0 1 1 1 1 1 1 1 0]
At 29201/30000: COST 0.600/0.821(0.610) -- Acc 0.710/0.490(0.675)
[1 0 1 1 1 1 1 1 1 0 1 0 0 1 1 0 1 1 1 1 1 0 1 0 1 1 0 0 1 1 1 0 0 0 1 1 1
 1 1 0 1 1 0 1 0 1 1 0 1 0 1 1 1 1 1 1 1 1 1 0 1 0 1 1 1 1 1 1 1 0 1 1 1 1
 1 1 1 0 1 0 0 0 1 1 1 1 0 1 1 1 0 0 0 0 0 1 1 1 1 1]
At 29301/30000: COST 0.610/0.799(0.616) -- Acc 0.700/0.550(0.669)
[0 1 1 1 1 1 1 1 1 1 1 1 1 1 0 0 1 1 1 1 1 1 1 1 0 1 0 1 1 1 0 1 0 1 1 1 1
 1 1 1 1 0 1 0 1 1 1 0 1 1 1 0 0 1 1 1 0 0 1 1 1 1 1 0 1 1 1 0 1 1 1 0 0 0
 0 0 1 1 1 0 0 1 1 1 0 1 1 1 1 0 1 1 1 1 1 0 0 0 0 0]
At 29401/30000: COST 0.602/0.768(0.619) -- Acc 0.680/0.550(0.663)
[1 1 1 1 0 1 1 0 1 0 1 0 0 1 1 1 1 1 1 0 1 0 1 1 1 0 1 0 1 0 1 1 1 1 1 1 0
 1 1 1 1 1 1 1 0 1 1 1 0 1 1 1 0 0 1 1 1 0 1 1 0 1 1 1 1 1 0 1 0 0 1 1 1 0
 1 0 1 1 1 1 1 1 1 0 1 1 1 0 1 0 1 1 1 1 0 1 0 1 1 1]
At 29501/30000: COST 0.646/0.790(0.634) -- Acc 0.650/0.500(0.643)
[0 1 1 0 0 0 1 0 1 1 0 1 1 1 0 0 1 0 1 1 1 0 1 0 1 0 1 1 1 0 1 1 1 1 0 0 1
 1 1 1 1 0 0 1 0 0 1 0 1 1 1 0 0 1 1 1 1 0 0 1 0 1 1 1 1 1 1 0 0 1 1 1 1 1
 1 1 1 1 1 0 0 1 1 1 1 1 1 0 0 1 1 1 1 0 1 1 1 1 1 1]
At 29601/30000: COST 0.656/0.828(0.639) -- Acc 0.630/0.470(0.632)
[0 1 1 1 1 1 0 0 0 0 1 0 1 1 0 1 1 1 1 0 1 1 1 1 1 1 1 1 0 0 1 0 0 1 0 1 1
 0 1 1 0 1 1 1 1 0 1 1 1 1 1 1 1 1 1 1 0 0 1 1 1 1 1 0 0 0 1 1 1 0 1 1 1 1
 1 1 1 0 0 1 0 1 1 1 1 1 1 0 1 1 1 1 1 1 1 1 1 1 0 1]
At 29701/30000: COST 0.669/0.728(0.644) -- Acc 0.620/0.560(0.626)
[1 0 1 1 0 1 1 0 1 1 1 0 1 0 1 1 1 1 0 1 0 0 0 1 1 1 1 1 1 1 1 1 1 1 1 1 0
 0 1 1 0 1 1 1 0 0 0 1 1 1 0 1 1 0 1 1 1 1 0 0 0 0 1 0 1 1 1 1 1 1 1 1 1 1
 1 1 1 1 1 1 1 1 1 1 1 1 1 1 1 0 1 1 0 1 1 1 1 1 1 1]
At 29801/30000: COST 0.660/0.745(0.645) -- Acc 0.570/0.530(0.623)
[1 1 1 1 1 0 1 0 1 0 1 0 1 1 1 1 0 1 1 1 1 1 1 1 1 1 1 0 0 1 1 1 1 1 0 0 0
 0 0 1 1 1 1 1 1 1 1 1 0 1 1 1 1 0 1 0 1 0 1 1 0 1 0 1 1 1 1 1 1 1 0 0 0 0
 1 0 1 0 0 1 1 1 1 1 1 1 1 1 0 1 1 1 1 1 1 1 0 1 1 1]
At 29901/30000: COST 0.640/0.773(0.648) -- Acc 0.650/0.440(0.618)
